<?xml version="1.0" encoding="UTF-8" ?>
<testsuite errors="0" failures="1" hostname="travis-job-cf3724b4-e98d-4c47-8523-0aee2fe58871" name="adm.installers.test.junit.JUnitTclTest" skipped="0" tests="5" time="295.916" timestamp="2020-08-06T15:02:47">
  <properties>
    <property name="npm.executable" value="npm" />
    <property name="env.TRAVIS_ROOT" value="/" />
    <property name="ptII.mk.exists" value="true" />
    <property name="env.TRAVIS_APP_HOST" value="build.travis-ci.org" />
    <property name="env.rvm_bin_path" value="/home/travis/.rvm/bin" />
    <property name="java.home" value="/usr/local/lib/jvm/openjdk11" />
    <property name="env.TRAVIS_JOB_NUMBER" value="1724.4" />
    <property name="env.TRAVIS_HOME" value="/home/travis" />
    <property name="env.DISPLAY" value=":99.0" />
    <property name="env.TRAVIS_INIT" value="systemd" />
    <property name="env.SSH_TTY" value="/dev/pts/0" />
    <property name="java.net.preferIPv4Stack" value="true" />
    <property name="env.RUN_TESTS" value="true" />
    <property name="timeout.short" value="1000000" />
    <property name="junit.formatter" value="xml" />
    <property name="env.TRAVIS_SUDO" value="true" />
    <property name="env.TRAVIS_JOB_NAME" value="" />
    <property name="env.TRAVIS_STACK_NODE_ATTRIBUTES" value="/.node-attributes.yml" />
    <property name="env.LOGNAME" value="travis" />
    <property name="jsdoc.home" value="node_modules/@terraswarm/jsdoc" />
    <property name="debuglevel" value="source,lines,vars" />
    <property name="checkstyle.formatter" value="xml" />
    <property name="bin.vergil.makeable" value="true" />
    <property name="sun.os.patch.level" value="unknown" />
    <property name="java.vendor.url" value="http://java.oracle.com/" />
    <property name="env.TRAVIS_BUILD_WEB_URL" value="https://travis-ci.org/icyphy/ptII/builds/715537076" />
    <property name="java.version" value="11.0.2" />
    <property name="env.TZ" value="UTC" />
    <property name="env.TRAVIS_PULL_REQUEST_SHA" value="" />
    <property name="env.PT_NO_NET" value="true" />
    <property name="env.TRAVIS_SECURE_ENV_VARS" value="true" />
    <property name="java.vendor.url.bug" value="http://bugreport.java.com/bugreport/" />
    <property name="npmjs-org-is-up" value="true" />
    <property name="env.LANGUAGE" value="en_US.UTF-8" />
    <property name="env.SSH_CLIENT" value="10.44.1.146 33434 22" />
    <property name="env.GEM_HOME" value="/home/travis/.rvm/gems/ruby-2.5.3" />
    <property name="env.HAS_ANTARES_THREE_LITTLE_FRONZIES_BADGE" value="true" />
    <property name="java.version.date" value="2019-01-15" />
    <property name="env.PS4" value="+" />
    <property name="ant.project.invoked-targets" value="build,test.installers" />
    <property name="env.TRAVIS_PULL_REQUEST_BRANCH" value="" />
    <property name="env.TRAVIS_REPO_SLUG" value="icyphy/ptII" />
    <property name="env.XDG_DATA_DIRS" value="/usr/local/share:/usr/share:/var/lib/snapd/desktop" />
    <property name="jdk.debug" value="release" />
    <property name="env.TRAVIS_APT_PROXY" value="http://build-cache.travisci.net" />
    <property name="env.TRAVIS_CPU_ARCH" value="amd64" />
    <property name="node.in.path" value="true" />
    <property name="user.name" value="travis" />
    <property name="java.maxmemory" value="1400m" />
    <property name="env.RUBY_VERSION" value="ruby-2.5.3" />
    <property name="env.LANG" value="en_US.UTF-8" />
    <property name="sun.io.unicode.encoding" value="UnicodeLittle" />
    <property name="sun.jnu.encoding" value="UTF-8" />
    <property name="java.runtime.name" value="OpenJDK Runtime Environment" />
    <property name="usefile" value="false" />
    <property name="return.code" value="0" />
    <property name="junit.single.formatter" value="plain" />
    <property name="env.DYLD_LIBRARY_PATH" value="/home/travis/pthla/certi-tools/lib:" />
    <property name="env.DEBIAN_FRONTEND" value="noninteractive" />
    <property name="env.SSH_CONNECTION" value="10.44.1.146 33434 10.20.0.30 22" />
    <property name="env.MYSQL_UNIX_PORT" value="/var/run/mysqld/mysqld.sock" />
    <property name="env.LC_ALL" value="en_US.UTF-8" />
    <property name="env.TRAVIS_ALLOW_FAILURE" value="" />
    <property name="env.TRAVIS_JOB_WEB_URL" value="https://travis-ci.org/icyphy/ptII/jobs/715537080" />
    <property name="java.specification.name" value="Java Platform API Specification" />
    <property name="node.works" value="true" />
    <property name="user.timezone" value="" />
    <property name="path.separator" value=":" />
    <property name="env.TRAVIS_ENABLE_INFRA_DETECTION" value="true" />
    <property name="env.PYTHON_CFLAGS" value="-g -fstack-protector --param=ssp-buffer-size=4 -Wformat -Werror=format-security" />
    <property name="timeout.long" value="4000000" />
    <property name="env.CERTI_HOME" value="/home/travis/pthla/certi-tools" />
    <property name="ant.file.ptII" value="/home/travis/build/icyphy/ptII/build.xml" />
    <property name="javadoc.packagenames" value="com.*,diva.*,lbnl.*,org.hlacerti.*,org.json.*,org.ptolemy.*,org.terraswarm.*,ptolemy.*,ptserver.*" />
    <property name="file.encoding" value="UTF-8" />
    <property name="env.TRAVIS_PULL_REQUEST_SLUG" value="" />
    <property name="ant.project.default-target" value="build" />
    <property name="env.GIT_ASKPASS" value="echo" />
    <property name="env.HOME" value="/home/travis" />
    <property name="sun.java.command" value="org.apache.tools.ant.taskdefs.optional.junit.JUnitTestRunner adm.installers.test.junit.JUnitTclTest skipNonTests=false filtertrace=true haltOnError=false haltOnFailure=false formatter=org.apache.tools.ant.taskdefs.optional.junit.OutErrSummaryJUnitResultFormatter showoutput=true outputtoformatters=true logfailedtests=true threadid=0 logtestlistenerevents=false formatter=org.apache.tools.ant.taskdefs.optional.junit.XMLJUnitResultFormatter,/home/travis/build/icyphy/ptII/reports/junit/TEST-adm.installers.test.junit.JUnitTclTest.xml crashfile=/home/travis/build/icyphy/ptII/junitvmwatcher13557078994980178607.properties propsfile=/home/travis/build/icyphy/ptII/junit848951836023102007.properties" />
    <property name="env.COMPOSER_NO_INTERACTION" value="1" />
    <property name="env.MANPATH" value="/home/travis/.nvm/versions/node/v7.10.1/share/man:/home/travis/.rvm/rubies/ruby-2.5.3/share/man:/usr/local/cmake-3.12.4/man:/usr/local/clang-7.0.0/share/man:/usr/local/man:/usr/local/share/man:/usr/share/man:/home/travis/.rvm/man" />
    <property name="env.TRAVIS_TIMER_ID" value="089d2ccc" />
    <property name="ant.file" value="/home/travis/build/icyphy/ptII/build.xml" />
    <property name="env.TRAVIS_COMMIT_RANGE" value="17979da7832bb1a899771395d4b6dec33713c3c1...3bb573e462e9b4151952318d01b7e361e9f419ad" />
    <property name="ptII.classpath.optional.property" value="/home/travis/build/icyphy/ptII/lib/bsh-2.0b4.jar:/home/travis/build/icyphy/ptII/lib/ptCal.jar:/home/travis/build/icyphy/ptII/lib/java_cup.jar:/home/travis/build/icyphy/ptII/lib/saxon8.jar:/home/travis/build/icyphy/ptII/lib/saxon8-dom.jar:/home/travis/build/icyphy/ptII/lib/chic.jar:/home/travis/build/icyphy/ptII/lib/ptcolt.jar:/home/travis/build/icyphy/ptII/vendors/misc/itext/iText.jar:/home/travis/build/icyphy/ptII/lib/g4ltl.jar:/home/travis/build/icyphy/ptII/lib/StructuralCoder.jar:/home/travis/build/icyphy/ptII/lib/jcerti.jar:/home/travis/build/icyphy/ptII/lib/javax.mail.jar:/home/travis/build/icyphy/ptII/vendors/JMF-2.1.1e/lib/jmf.jar:/home/travis/build/icyphy/ptII/lib/jna-4.0.0-variadic.jar:/home/travis/build/icyphy/ptII/vendors/misc/joystick/Joystick.jar:/home/travis/build/icyphy/ptII/lib/ptjacl.jar:/home/travis/build/icyphy/ptII/lib/jsoup-1.8.2.jar:/home/travis/build/icyphy/ptII/lib/junit-4.8.2.jar:/home/travis/build/icyphy/ptII/lib/JUnitParams-0.4.0.jar:/home/travis/build/icyphy/ptII/ptolemy/actor/lib/excel/jxl.jar:/home/travis/build/icyphy/ptII/lib/jython.jar:/home/travis/build/icyphy/ptII/lib/kieler.jar:/home/travis/build/icyphy/ptII/vendors/opencv/share/OpenCV/java/opencv-341.jar:/home/travis/build/icyphy/ptII/lib/oscP5.jar:/home/travis/build/icyphy/ptII/lib/nrjavaserial-3.11.0.devel.jar:/home/travis/build/icyphy/ptII/vendors/j3d/lib/Linux/j3dcore.jar:/home/travis/build/icyphy/ptII/vendors/j3d/lib/Linux/j3dutils.jar:/home/travis/build/icyphy/ptII/vendors/j3d/lib/Linux/vecmath.jar:/home/travis/build/icyphy/ptII/vendors/jogl/lib/Linux/gluegen-rt-natives-linux-amd64.jar:/home/travis/build/icyphy/ptII/vendors/jogl/lib/Linux/gluegen-rt.jar:/home/travis/build/icyphy/ptII/vendors/jogl/lib/Linux/jogl-all-natives-linux-amd64.jar:/home/travis/build/icyphy/ptII/vendors/jogl/lib/Linux/jogl-all.jar:/home/travis/build/icyphy/ptII/ptolemy/distributed/jini/jar/jini-core.jar:/home/travis/build/icyphy/ptII/ptolemy/distributed/jini/jar/jini-ext.jar:/home/travis/build/icyphy/ptII/ptolemy/distributed/jini/jar/sun-util.jar:/home/travis/build/icyphy/ptII/lib/protobuf-java-2.4.1.jar:/home/travis/build/icyphy/ptII/lib/org.eclipse.paho.client.mqttv3.jar:/home/travis/build/icyphy/ptII/lib/mapss.jar:/home/travis/build/icyphy/ptII/ptolemy/actor/ptalon/antlr/antlr.jar:/home/travis/build/icyphy/ptII/lib/JRI.jar:/home/travis/build/icyphy/ptII/lib/commons-lang-2.6.jar:/home/travis/build/icyphy/ptII/lib/commons-logging-1.1.1.jar:/home/travis/build/icyphy/ptII/lib/sootclasses.jar:/home/travis/build/icyphy/ptII/ptolemy/actor/lib/database/mysql-connector-java-5.1.6-bin.jar:/home/travis/build/icyphy/ptII/vendors/misc/sphinx4/sphinx4-data-5prealpha.jar:/home/travis/build/icyphy/ptII/vendors/misc/sphinx4/sphinx4-core-5prealpha.jar:/home/travis/build/icyphy/ptII/lib/PDFRenderer.jar:/home/travis/build/icyphy/ptII/lib/svgSalamander.jar:/home/travis/build/icyphy/ptII/lib/rsyntaxtextarea-2.6.0-SNAPSHOT.jar:/home/travis/build/icyphy/ptII/lib/hazelcast-3.8.2.jar:/home/travis/build/icyphy/ptII/lib/jackson-annotations-2.9.0.jar:/home/travis/build/icyphy/ptII/lib/jackson-core-2.9.3.jar:/home/travis/build/icyphy/ptII/lib/jackson-databind-2.9.3.jar:/home/travis/build/icyphy/ptII/lib/netty-buffer-4.1.19.Final.jar:/home/travis/build/icyphy/ptII/lib/netty-codec-4.1.19.Final.jar:/home/travis/build/icyphy/ptII/lib/netty-codec-dns-4.1.19.Final.jar:/home/travis/build/icyphy/ptII/lib/netty-codec-http-4.1.19.Final.jar:/home/travis/build/icyphy/ptII/lib/netty-codec-http2-4.1.19.Final.jar:/home/travis/build/icyphy/ptII/lib/netty-common-4.1.19.Final.jar:/home/travis/build/icyphy/ptII/lib/netty-handler-4.1.19.Final.jar:/home/travis/build/icyphy/ptII/lib/netty-resolver-4.1.19.Final.jar:/home/travis/build/icyphy/ptII/lib/netty-resolver-dns-4.1.19.Final.jar:/home/travis/build/icyphy/ptII/lib/netty-transport-4.1.19.Final.jar:/home/travis/build/icyphy/ptII/lib/vertx-codegen-3.5.1.jar:/home/travis/build/icyphy/ptII/lib/vertx-core-3.5.2-SNAPSHOT.jar:/home/travis/build/icyphy/ptII/lib/vertx-hazelcast-3.5.1.jar:/home/travis/build/icyphy/ptII/lib/vertx-lang-js-3.5.1.jar:/home/travis/build/icyphy/ptII/lib/vertx-service-proxy-3.5.1.jar:/home/travis/build/icyphy/ptII/lib/vertx-web-3.5.1.jar:/home/travis/build/icyphy/ptII/lib/slf4j-api-1.7.13.jar:/home/travis/build/icyphy/ptII/lib/slf4j-simple-1.7.13.jar:/home/travis/build/icyphy/ptII/lib/webcam-capture-0.3.12.jar:/home/travis/build/icyphy/ptII/lib/bridj-0.7.0.jar:/home/travis/build/icyphy/ptII/lib/xbjlib-1.1.0.nrjavaserial.jar" />
    <property name="timeout" value="2400000" />
    <property name="test.batch" value="**/junit/*.java" />
    <property name="env._" value="/usr/bin/timeout" />
    <property name="java.io.tmpdir" value="/tmp" />
    <property name="user.language" value="en" />
    <property name="env.TRAVIS_INTERNAL_RUBY_REGEX" value="^ruby-(2\.[0-4]\.[0-9]|1\.9\.3)" />
    <property name="env.HISTCONTROL" value="ignoredups:ignorespace" />
    <property name="env.GOROOT" value="/home/travis/.gimme/versions/go1.11.1.linux.amd64" />
    <property name="line.separator" value="&#xa;" />
    <property name="target" value="11" />
    <property name="env.TRAVIS_BUILD_DIR" value="/home/travis/build/icyphy/ptII" />
    <property name="env.ANT_OPTS" value="-Xmx2048m" />
    <property name="ant.file.type" value="file" />
    <property name="ptolemy.ptII.batchMode" value="true" />
    <property name="env.HISTSIZE" value="1000" />
    <property name="env.MERB_ENV" value="test" />
    <property name="java.vm.info" value="mixed mode" />
    <property name="source" value="11" />
    <property name="java.vm.specification.name" value="Java Virtual Machine Specification" />
    <property name="env.TRAVIS_TEST_RESULT" value="0" />
    <property name="jsdoc.command" value="node_modules/@terraswarm/jsdoc/jsdoc.js" />
    <property name="npm.works" value="true" />
    <property name="cobertura.dir" value="/home/travis/build/icyphy/ptII/vendors/cobertura-2.0.3" />
    <property name="jsdoc.command.exists" value="true" />
    <property name="env.rvm_path" value="/home/travis/.rvm" />
    <property name="env.GEM_PATH" value="/home/travis/.rvm/gems/ruby-2.5.3:/home/travis/.rvm/gems/ruby-2.5.3@global" />
    <property name="env.LC_CTYPE" value="en_US.UTF-8" />
    <property name="env.TRAVIS_CMD" value="$PTII/bin/ptIITravisBuild.sh $SECONDS" />
    <property name="java.awt.printerjob" value="sun.print.PSPrinterJob" />
    <property name="env.TRAVIS_STACK_NAME" value="sardonyx" />
    <property name="env.TRAVIS_TIMER_START_TIME" value="1596726049078799778" />
    <property name="ant.version" value="Apache Ant(TM) version 1.10.1 compiled on February 2 2017" />
    <property name="ptII.reports" value="/home/travis/build/icyphy/ptII/reports" />
    <property name="env.TRAVIS_STACK_TIMESTAMP" value="2020-06-24 13:13:18 UTC" />
    <property name="ant.file.type.ptII" value="file" />
    <property name="env.RBENV_SHELL" value="bash" />
    <property name="os.name" value="Linux" />
    <property name="java.specification.vendor" value="Oracle Corporation" />
    <property name="env.rvm_version" value="1.29.10 (latest)" />
    <property name="env.TRAVIS_INFRA" value="unknown" />
    <property name="env.TERM" value="xterm" />
    <property name="java.vm.name" value="OpenJDK 64-Bit Server VM" />
    <property name="env.TRAVIS_BUILD_NUMBER" value="1724" />
    <property name="env.CI" value="true" />
    <property name="java.library.path" value="/home/travis/pthla/certi-tools/lib:/usr/lib/jni:/usr/local/share/OpenCV/java/:/usr/share/OpenCV/java::/usr/java/packages/lib:/usr/lib64:/lib64:/lib:/usr/lib" />
    <property name="jdk.module.path" value="/home/travis/build/icyphy/ptII/vendors/javafx/javafx-sdk-11.0.2/lib:" />
    <property name="env.rvm_prefix" value="/home/travis" />
    <property name="env.PATH" value="/home/travis/pthla/certi-tools/share/scripts:/home/travis/.rvm/gems/ruby-2.5.3/bin:/home/travis/.rvm/gems/ruby-2.5.3@global/bin:/home/travis/.rvm/rubies/ruby-2.5.3/bin:/home/travis/.rvm/bin:/home/travis/.nvm/versions/node/v7.10.1/bin:./node_modules/.bin:/home/travis/build/icyphy/ptII/bin:/home/travis/pthla/certi-tools/bin:/home/travis/bin:/home/travis/.local/bin:/usr/local/lib/jvm/openjdk11/bin:/opt/pyenv/shims:/home/travis/.phpenv/shims:/home/travis/perl5/perlbrew/bin:/home/travis/gopath/bin:/home/travis/.gimme/versions/go1.11.1.linux.amd64/bin:/usr/local/maven-3.6.3/bin:/usr/local/cmake-3.12.4/bin:/usr/local/clang-7.0.0/bin:/usr/local/sbin:/usr/local/bin:/usr/sbin:/usr/bin:/sbin:/bin:/snap/bin:/home/travis/.phpenv/bin:/opt/pyenv/bin:/home/travis/.yarn/bin" />
    <property name="env.TRAVIS_OS_NAME" value="linux" />
    <property name="ant.java.version" value="9" />
    <property name="basedir" value="/home/travis/build/icyphy/ptII" />
    <property name="java.class.version" value="55.0" />
    <property name="env.SHLVL" value="3" />
    <property name="env.LD_LIBRARY_PATH" value="/home/travis/pthla/certi-tools/lib:/usr/lib/jni:/usr/local/share/OpenCV/java/:/usr/share/OpenCV/java:" />
    <property name="env.RACK_ENV" value="test" />
    <property name="ant.home" value="/home/travis/build/icyphy/ptII/ant" />
    <property name="env.NVM_DIR" value="/home/travis/.nvm" />
    <property name="env.CERTI_FOM_PATH" value="/home/travis/pthla/certi-tools/share/federations" />
    <property name="env.TRAVIS_BUILD_ID" value="715537076" />
    <property name="env.PYENV_ROOT" value="/opt/pyenv" />
    <property name="env.TRAVIS_UID" value="2000" />
    <property name="prism.verbose" value="true" />
    <property name="env.NVM_BIN" value="/home/travis/.nvm/versions/node/v7.10.1/bin" />
    <property name="env.TRAVIS_COMMIT" value="3bb573e462e9b4151952318d01b7e361e9f419ad" />
    <property name="node.executable" value="node" />
    <property name="sun.boot.library.path" value="/usr/local/lib/jvm/openjdk11/lib" />
    <property name="sun.management.compiler" value="HotSpot 64-Bit Tiered Compilers" />
    <property name="java.awt.graphicsenv" value="sun.awt.X11GraphicsEnvironment" />
    <property name="env.GOPATH" value="/home/travis/gopath" />
    <property name="ptolemy.ptII.dir" value="/home/travis/build/icyphy/ptII" />
    <property name="env.USER" value="travis" />
    <property name="env.HISTFILESIZE" value="2000" />
    <property name="env.NVM_INC" value="/home/travis/.nvm/versions/node/v7.10.1/include/node" />
    <property name="timeout.longest" value="19000000" />
    <property name="env.PERLBREW_SHELLRC_VERSION" value="0.88" />
    <property name="env.TRAVIS_STACK_FEATURES" value="basic couchdb disabled-ipv6 docker docker-compose elasticsearch firefox go-toolchain google-chrome jdk memcached mongodb mysql nodejs_interpreter perl_interpreter perlbrew phantomjs postgresql python_interpreter redis ruby_interpreter sqlite xserver" />
    <property name="env.TRAVIS_PULL_REQUEST" value="false" />
    <property name="env.PYENV_SHELL" value="bash" />
    <property name="bin.vergil.exists" value="true" />
    <property name="ant.project.name" value="ptII" />
    <property name="env.ANSI_RESET" value="\033[0m" />
    <property name="java.vm.specification.version" value="11" />
    <property name="env.TRAVIS_DIST" value="xenial" />
    <property name="env.CERTI_VERSION" value="4.0.0" />
    <property name="env.CERTI_HOST" value="localhost" />
    <property name="awt.toolkit" value="sun.awt.X11.XToolkit" />
    <property name="env.MY_RUBY_HOME" value="/home/travis/.rvm/rubies/ruby-2.5.3" />
    <property name="sun.cpu.isalist" value="" />
    <property name="env.TRAVIS_TMPDIR" value="/tmp/tmp.MO6DCLxTpK" />
    <property name="java.vm.compressedOopsMode" value="Zero based" />
    <property name="os.version" value="4.15.0-1077-gcp" />
    <property name="user.home" value="/home/travis" />
    <property name="java.vm.vendor" value="Oracle Corporation" />
    <property name="env.TRAVIS_TAG" value="nightly" />
    <property name="env.ANSI_YELLOW" value="\033[33;1m" />
    <property name="env.TRAVIS_FILTERED" value="redirect_io" />
    <property name="env.ANSI_GREEN" value="\033[32;1m" />
    <property name="env.JAVA_HOME" value="/usr/local/lib/jvm/openjdk11" />
    <property name="javadoc.excludepackagenames" value="adm.cvs2svn.*,build.*,config.*,doc.coding.templates.*,jni.test.jni.meaningOfLife.*,jni.test.jni.testDeux.*,jni.test.jni.testTrois.*,org.terraswarm.accessor.accessors.web.node_modules.*,org.terraswarm.accessor.accessors.web.hosts.cordova.demo.*,org.terraswarm.accessor.accessors.web.hosts.cordova.plugins.*,org.terraswarm.accessor.accessors-svn.*,pt-modules.*,ptolemy.apps.agilent.*,ptolemy.apps.anytimecontrol.*,ptolemy.apps.apes.*,ptolemy.apps.charon.*,ptolemy.apps.crazyboard.*,ptolemy.apps.eclipse.*,ptolemy.apps.etherealSting.*,ptolemy.apps.fullscreen.*,ptolemy.apps.giotto.*,ptolemy.apps.ia.*,ptolemy.apps.interfaces.*,ptolemy.apps.jmf.*,ptolemy.apps.kurt.*,ptolemy.apps.kvm.*,ptolemy.apps.lego.*,ptolemy.apps.lejos.*,ptolemy.apps.midp.*,ptolemy.apps.mobileCoding.*,ptolemy.apps.pendulum.*,ptolemy.apps.rijndael.*,ptolemy.apps.robot.*,ptolemy.apps.security.*,ptolemy.apps.sobel.*,ptolemy.apps.soot.*,ptolemy.apps.throttle.*,ptolemy.apps.tini.*,ptolemy.apps.transmission.*,ptolemy.apps.vergil.*,ptolemy.apps.waba.*,ptolemy.apps.websensor.*,ptolemy.apps.webstart.*,ptolemy.apps.xsl.*,ptolemy.apps.zaurus.*,ptolemy.codegen.c.actor.lib.oldJavaFiles.*,ptolemy.codegen.dsp.lib.*,ptolemy.codegen.kernel.newInterfaces.*,ptolemy.codegen.lib.*,ptolemy.copernicus.kernel.fragment.*,ptolemy.copernicus.shallow.cg.*,ptolemy.domains.giotto.demo.Hierarchy.Hierarchy.*,ptolemy.domains.giotto.demo.Multimode.Multimode.*,ptolemy.domains.giotto.demo.Simple.Simple.*,ptolemy.domains.gr.lib.experimental.*,ptolemy.domains.gro.*,ptolemy.domains.pdf.*,ptolemy.domains.ptinyos.demo.Surge.output.*,ptolemy.moml.test.NoPackageActor.java*,ptolemy.plot.adm.*,ptolemy.plot.servlet.*,reports.*,signed.*,src.*,target.*,vendors.*,ptolemy.copernicus.applet.*,ptolemy.media.viewer.*,ptolemy.actor.corba.*,doc.doclets.*,ptolemy.apps.eclipse.awt.*,ptolemy.backtrack.*,ptolemy.backtrack.ast.*,ptolemy.cg.adapter.generic.program.procedural.c.mbed*,ptolemy.homer.*,ptolemy.actor.lib.jai.*,org.ptolemy.scala.*,diva.util.java2d.svg.*,ptolemy.domains.ptinyos.*,ptolemy.actor.lib.fmi.fmipp.*,,org.terraswarm.accessor.accessors.web.node_modules.*,org.terraswarm.accessor.accessors-svn,ptolemy.apps.*,ptolemy.actor.ptalon.demo.ptinyos.SendAndReceiveCnt.output,ptolemy.actor.ptalon.demo.ptinyos.SenseToLeds.output,ptolemy.domains.ptinyos.demo.CntToLedsAndRfm.output,ptolemy.domains.ptinyos.demo.RfmToLeds.output,ptolemy.domains.ptinyos.demo.SendAndReceiveCnt.output,ptolemy.domains.ptinyos.demo.SenseToLeds.output,ptolemy.actor.lib.jjs.modules.udpSocket.*" />
    <property name="env.PTII" value="/home/travis/build/icyphy/ptII" />
    <property name="env.XDG_SESSION_ID" value="2" />
    <property name="keystore" value="ptKeystore" />
    <property name="env.TRAVIS_COMMIT_MESSAGE" value="Removed duplicate $CLASSPATH/ptolemy/domains/sdf/demo/MaximumEntropySpectrum/MaximumEntropySpectrum.xml" />
    <property name="junit.output.dir" value="/home/travis/build/icyphy/ptII/reports/junit" />
    <property name="npm.return.code" value="0" />
    <property name="user.dir" value="/home/travis/build/icyphy/ptII/adm/installers/test" />
    <property name="env.TRAVIS_NODE_VERSION" value="7" />
    <property name="env.TRAVIS_EVENT_TYPE" value="cron" />
    <property name="env.MAIL" value="/var/mail/travis" />
    <property name="env.PERLBREW_ROOT" value="/home/travis/perl5/perlbrew" />
    <property name="env.PWD" value="/home/travis/build/icyphy/ptII" />
    <property name="timeout.npm" value="45000" />
    <property name="env.TRAVIS_ARCH" value="amd64" />
    <property name="sun.cpu.endian" value="little" />
    <property name="env.PAGER" value="cat" />
    <property name="env.TRAVIS_BUILD_STAGE_NAME" value="test" />
    <property name="env.PERLBREW_HOME" value="/home/travis/.perlbrew" />
    <property name="java.vm.version" value="11.0.2+9" />
    <property name="env.RAILS_ENV" value="test" />
    <property name="java.class.path" value="/home/travis/build/icyphy/ptII:/home/travis/build/icyphy/ptII/lib/bsh-2.0b4.jar:/home/travis/build/icyphy/ptII/lib/ptCal.jar:/home/travis/build/icyphy/ptII/lib/java_cup.jar:/home/travis/build/icyphy/ptII/lib/saxon8.jar:/home/travis/build/icyphy/ptII/lib/saxon8-dom.jar:/home/travis/build/icyphy/ptII/lib/chic.jar:/home/travis/build/icyphy/ptII/lib/ptcolt.jar:/home/travis/build/icyphy/ptII/vendors/misc/itext/iText.jar:/home/travis/build/icyphy/ptII/lib/g4ltl.jar:/home/travis/build/icyphy/ptII/lib/StructuralCoder.jar:/home/travis/build/icyphy/ptII/lib/jcerti.jar:/home/travis/build/icyphy/ptII/lib/javax.mail.jar:/home/travis/build/icyphy/ptII/vendors/JMF-2.1.1e/lib/jmf.jar:/home/travis/build/icyphy/ptII/lib/jna-4.0.0-variadic.jar:/home/travis/build/icyphy/ptII/vendors/misc/joystick/Joystick.jar:/home/travis/build/icyphy/ptII/lib/ptjacl.jar:/home/travis/build/icyphy/ptII/lib/jsoup-1.8.2.jar:/home/travis/build/icyphy/ptII/lib/junit-4.8.2.jar:/home/travis/build/icyphy/ptII/lib/JUnitParams-0.4.0.jar:/home/travis/build/icyphy/ptII/ptolemy/actor/lib/excel/jxl.jar:/home/travis/build/icyphy/ptII/lib/jython.jar:/home/travis/build/icyphy/ptII/lib/kieler.jar:/home/travis/build/icyphy/ptII/vendors/opencv/share/OpenCV/java/opencv-341.jar:/home/travis/build/icyphy/ptII/lib/oscP5.jar:/home/travis/build/icyphy/ptII/lib/nrjavaserial-3.11.0.devel.jar:/home/travis/build/icyphy/ptII/vendors/j3d/lib/Linux/j3dcore.jar:/home/travis/build/icyphy/ptII/vendors/j3d/lib/Linux/j3dutils.jar:/home/travis/build/icyphy/ptII/vendors/j3d/lib/Linux/vecmath.jar:/home/travis/build/icyphy/ptII/vendors/jogl/lib/Linux/gluegen-rt-natives-linux-amd64.jar:/home/travis/build/icyphy/ptII/vendors/jogl/lib/Linux/gluegen-rt.jar:/home/travis/build/icyphy/ptII/vendors/jogl/lib/Linux/jogl-all-natives-linux-amd64.jar:/home/travis/build/icyphy/ptII/vendors/jogl/lib/Linux/jogl-all.jar:/home/travis/build/icyphy/ptII/ptolemy/distributed/jini/jar/jini-core.jar:/home/travis/build/icyphy/ptII/ptolemy/distributed/jini/jar/jini-ext.jar:/home/travis/build/icyphy/ptII/ptolemy/distributed/jini/jar/sun-util.jar:/home/travis/build/icyphy/ptII/lib/protobuf-java-2.4.1.jar:/home/travis/build/icyphy/ptII/lib/org.eclipse.paho.client.mqttv3.jar:/home/travis/build/icyphy/ptII/lib/mapss.jar:/home/travis/build/icyphy/ptII/ptolemy/actor/ptalon/antlr/antlr.jar:/home/travis/build/icyphy/ptII/lib/JRI.jar:/home/travis/build/icyphy/ptII/lib/commons-lang-2.6.jar:/home/travis/build/icyphy/ptII/lib/commons-logging-1.1.1.jar:/home/travis/build/icyphy/ptII/lib/sootclasses.jar:/home/travis/build/icyphy/ptII/ptolemy/actor/lib/database/mysql-connector-java-5.1.6-bin.jar:/home/travis/build/icyphy/ptII/vendors/misc/sphinx4/sphinx4-data-5prealpha.jar:/home/travis/build/icyphy/ptII/vendors/misc/sphinx4/sphinx4-core-5prealpha.jar:/home/travis/build/icyphy/ptII/lib/PDFRenderer.jar:/home/travis/build/icyphy/ptII/lib/svgSalamander.jar:/home/travis/build/icyphy/ptII/lib/rsyntaxtextarea-2.6.0-SNAPSHOT.jar:/home/travis/build/icyphy/ptII/lib/hazelcast-3.8.2.jar:/home/travis/build/icyphy/ptII/lib/jackson-annotations-2.9.0.jar:/home/travis/build/icyphy/ptII/lib/jackson-core-2.9.3.jar:/home/travis/build/icyphy/ptII/lib/jackson-databind-2.9.3.jar:/home/travis/build/icyphy/ptII/lib/netty-buffer-4.1.19.Final.jar:/home/travis/build/icyphy/ptII/lib/netty-codec-4.1.19.Final.jar:/home/travis/build/icyphy/ptII/lib/netty-codec-dns-4.1.19.Final.jar:/home/travis/build/icyphy/ptII/lib/netty-codec-http-4.1.19.Final.jar:/home/travis/build/icyphy/ptII/lib/netty-codec-http2-4.1.19.Final.jar:/home/travis/build/icyphy/ptII/lib/netty-common-4.1.19.Final.jar:/home/travis/build/icyphy/ptII/lib/netty-handler-4.1.19.Final.jar:/home/travis/build/icyphy/ptII/lib/netty-resolver-4.1.19.Final.jar:/home/travis/build/icyphy/ptII/lib/netty-resolver-dns-4.1.19.Final.jar:/home/travis/build/icyphy/ptII/lib/netty-transport-4.1.19.Final.jar:/home/travis/build/icyphy/ptII/lib/vertx-codegen-3.5.1.jar:/home/travis/build/icyphy/ptII/lib/vertx-core-3.5.2-SNAPSHOT.jar:/home/travis/build/icyphy/ptII/lib/vertx-hazelcast-3.5.1.jar:/home/travis/build/icyphy/ptII/lib/vertx-lang-js-3.5.1.jar:/home/travis/build/icyphy/ptII/lib/vertx-service-proxy-3.5.1.jar:/home/travis/build/icyphy/ptII/lib/vertx-web-3.5.1.jar:/home/travis/build/icyphy/ptII/lib/slf4j-api-1.7.13.jar:/home/travis/build/icyphy/ptII/lib/slf4j-simple-1.7.13.jar:/home/travis/build/icyphy/ptII/lib/webcam-capture-0.3.12.jar:/home/travis/build/icyphy/ptII/lib/bridj-0.7.0.jar:/home/travis/build/icyphy/ptII/lib/xbjlib-1.1.0.nrjavaserial.jar:/home/travis/build/icyphy/ptII/ptolemy/moml/test:/home/travis/build/icyphy/ptII/lib/JUnitParams-0.3.0.jar:/home/travis/build/icyphy/ptII/ant/lib/ant-launcher.jar:/home/travis/build/icyphy/ptII/ant/lib/ant.jar:/home/travis/build/icyphy/ptII/ant/lib/ant-junit.jar:/home/travis/build/icyphy/ptII/ant/lib/ant-junit4.jar" />
    <property name="ant.library.dir" value="/home/travis/build/icyphy/ptII/ant/lib" />
    <property name="os.arch" value="amd64" />
    <property name="env.CONTINUOUS_INTEGRATION" value="true" />
    <property name="env.TRAVIS_LANGUAGE" value="node_js" />
    <property name="env.TRAVIS_STACK_LANGUAGES" value="__sardonyx__ c c++ clojure cplusplus cpp default generic go groovy java node_js php pure_java python ruby scala" />
    <property name="test.name" value="ptolemy.actor.lib.test.junit.JUnitTclTest" />
    <property name="env.APT_KEY_DONT_WARN_ON_DANGEROUS_USAGE" value="1" />
    <property name="sun.java.launcher" value="SUN_STANDARD" />
    <property name="env.PYTHON_CONFIGURE_OPTS" value="--enable-unicode=ucs4 --with-wide-unicode --enable-shared --enable-ipv6 --enable-loadable-sqlite-extensions --with-computed-gotos" />
    <property name="ant.core.lib" value="/home/travis/build/icyphy/ptII/ant/lib/ant.jar" />
    <property name="java.vm.specification.vendor" value="Oracle Corporation" />
    <property name="env.BCVTB_HOME" value="/home/travis/build/icyphy/ptII/lbnl" />
    <property name="file.separator" value="/" />
    <property name="spotbugs.home" value="/home/travis/build/icyphy/ptII/vendors/spotbugs-3.1.1" />
    <property name="java.runtime.version" value="11.0.2+9" />
    <property name="env.ANSI_CLEAR" value="\033[0K" />
    <property name="javafx.verbose" value="true" />
    <property name="env.HAS_JOSH_K_SEAL_OF_APPROVAL" value="true" />
    <property name="env.XDG_RUNTIME_DIR" value="/run/user/2000" />
    <property name="env.TRAVIS_OSX_IMAGE" value="" />
    <property name="env.TRAVIS_JOB_ID" value="715537080" />
    <property name="env.TRAVIS_BRANCH" value="master" />
    <property name="user.country" value="US" />
    <property name="env.CERTI_HOME_TRAVIS" value="/home/travis/pthla/certi-tools" />
    <property name="env.SHELL" value="/bin/bash" />
    <property name="java.maxmemory.large" value="3200m" />
    <property name="model" value="" />
    <property name="env.PT_TRAVIS_TEST_INSTALLERS" value="true" />
    <property name="env.CASHER_DIR" value="/home/travis/.casher" />
    <property name="env.NVM_CD_FLAGS" value="" />
    <property name="java.vendor.version" value="18.9" />
    <property name="jshint.executable" value="/home/travis/node_modules/jshint/bin/jshint" />
    <property name="env.JRUBY_OPTS" value=" --client -J-XX:+TieredCompilation -J-XX:TieredStopAtLevel=1 -J-Xss2m -Xcompile.invokedynamic=false" />
    <property name="java.vendor" value="Oracle Corporation" />
    <property name="env.TRAVIS_PRE_CHEF_BOOTSTRAP_TIME" value="2020-06-24T13:13:03" />
    <property name="env.TRAVIS_STACK_JOB_BOARD_REGISTER" value="/.job-board-register.yml" />
    <property name="env.ANSI_RED" value="\033[31;1m" />
    <property name="java.specification.version" value="11" />
    <property name="env.IRBRC" value="/home/travis/.rvm/rubies/ruby-2.5.3/.irbrc" />
    <property name="env.TRAVIS" value="true" />
    <property name="sun.arch.data.model" value="64" />
  </properties>
  <testcase classname="ptolemy.util.test.junit.TclTests" name="[0] /home/travis/build/icyphy/ptII/adm/installers/test/NightlyUpdate.tcl (RunTclFile)" time="73.718" />
  <testcase classname="ptolemy.util.test.junit.TclTests" name="[1] /home/travis/build/icyphy/ptII/adm/installers/test/installers.tcl (RunTclFile)" time="221.733">
    <failure message="Number of failed tests is has increased. expected:&lt;0&gt; but was:&lt;1&gt;" type="junit.framework.AssertionFailedError">junit.framework.AssertionFailedError: Number of failed tests is has increased. expected:&lt;0&gt; but was:&lt;1&gt;
	at ptolemy.util.test.junit.TclTests.RunTclFile(TclTests.java:286)
	at java.base/jdk.internal.reflect.NativeMethodAccessorImpl.invoke0(Native Method)
	at java.base/jdk.internal.reflect.NativeMethodAccessorImpl.invoke(NativeMethodAccessorImpl.java:62)
	at java.base/jdk.internal.reflect.DelegatingMethodAccessorImpl.invoke(DelegatingMethodAccessorImpl.java:43)
	at junitparams.internal.InvokeParameterisedMethod.evaluate(InvokeParameterisedMethod.java:102)
	at junitparams.internal.ParameterisedTestMethodRunner.runMethodInvoker(ParameterisedTestMethodRunner.java:47)
	at junitparams.internal.ParameterisedTestMethodRunner.runTestMethod(ParameterisedTestMethodRunner.java:41)
	at junitparams.internal.ParameterisedTestClassRunner.runParameterisedTest(ParameterisedTestClassRunner.java:143)
	at junitparams.JUnitParamsRunner.runChild(JUnitParamsRunner.java:237)
	at junitparams.JUnitParamsRunner.runChild(JUnitParamsRunner.java:215)
</failure>
  </testcase>
  <testcase classname="ptolemy.util.test.junit.AutoKnownFailedTests" name="[0] ThereAreNoKnowFailedTests (RunModel)" time="0.001" />
  <testcase classname="ptolemy.util.test.junit.AutoNameArchTests" name="[0] ThereAreNoAutoArchTests (RunModel)" time="0.011" />
  <testcase classname="ptolemy.util.test.junit.AutoTests" name="[0] ThereAreNoAutoTests (RunModel)" time="0.006" />
  <system-out><![CDATA[/home/travis/build/icyphy/ptII/adm/installers/test/NightlyUpdate.tcl
testDefs.tcl: setting time out to 9000 seconds at Thu Aug 06 15:02:47 UTC 2020
This test (NightlyUpdate.tcl) should be run after NightlyTest.tcl
adm/test/nightlyMake.tcl: about to execute [make -C /home/travis/build/icyphy/ptII/adm/installers/test/../../../adm/gen-11.1 PTIIHOME=/home/travis/build/icyphy/ptII/adm/installers/test/../../.. PTIIADM=/home/travis/build/icyphy/ptII/adm/installers/test/../../../adm JAR=/usr/bin/jar TAR=/usr/local/bin/tar updateDOPCenterImage]
About to execute:
    make -C
/home/travis/build/icyphy/ptII/adm/installers/test/../../../adm/gen-11.1
PTIIHOME=/home/travis/build/icyphy/ptII/adm/installers/test/../../..
PTIIADM=/home/travis/build/icyphy/ptII/adm/installers/test/../../../adm
JAR=/usr/bin/jar TAR=/usr/local/bin/tar updateDOPCenterImage
make: Entering directory '/home/travis/build/icyphy/ptII/adm/gen-11.1'
/home/travis/build/icyphy/ptII/adm/installers/test/../../../adm/gen-11.1/updateDOPCenterImageX11
Be sure that everything is built
For more verbose output, run ./configure --enable-verbose
checking if your path has 'program files/java' instead of 'Program Files/Java' ... ok
checking if $PTII ('/home/travis/build/icyphy/ptII') has backslashes... ok
checking if $PTII ('/home/travis/build/icyphy/ptII') and the current directory are the same"... checking if $PTII ('/home/travis/build/icyphy/ptII') contains "cygdrive"... ok
checking for find... /usr/bin/find
checking for javac... /usr/local/lib/jvm/openjdk11/bin/javac
Unrecognized option: -d32
Error: Could not create the Java Virtual Machine.
Error: A fatal exception has occurred. Program will exit.
checking for java32... no
configure: WARNING: Running java -d32 -version failed,
    and ./bin/java does not exist.
    Perhaps you need to install a separate 32-bit JVM
    or rerun configure with --with-java32?
    The 32-bit JVM is only needed for certain 32-bit FMI tests.
    In general, under a 64-bit JVM, FMI will work fine without a 32-bit JVM.
checking for the java runtime in /usr/local/lib/jvm/openjdk11/bin... ok
checking for java... /usr/local/lib/jvm/openjdk11/bin/java
checking for the java compiler in /usr/local/lib/jvm/openjdk11/bin... ok
checking for javac... (cached) /usr/local/lib/jvm/openjdk11/bin/javac
checking the Java compiler with a simple compile... ok
checking the value of the java.version Property ... ok
checking for Java version for use with -target and by Ant in build.xml... ok
checking the JDK version... ok
checking for java.home property by compiling a test program ... ok
checking for java.home property by running a test program ... ok
checking for the jar command... ok
checking that /usr/local/lib/jvm/openjdk11/bin/jar can handle -i... ok
checking for the jarsigner command... ok
configure: WARNING: Cannot find '/usr/local/lib/jvm/openjdk11/bin/javaws'.
    or '/Commands/javaws', looking in the path.
    This is only a problem when testing the Java Webstart (JNLP) files.
configure: WARNING: The javaws command "" is not executable or not found.
    This is only a problem when testing the Java Webstart (JNLP) files.
checking for the javaws command... checking for javaws... no
checking for the keytool command... ok
checking for the proper CLASSPATH separator... ok
checking for /home/travis/build/icyphy/ptII/org/terraswarm/accessor/accessors/, used by CapeCode and Accessors... ok
checking Java 9 and later... ok
checking for the Apache ant binary... ok
checking for gawk... /usr/bin/gawk
checking for mvn... /usr/local/maven-3.6.3/bin/mvn
checking for maven ant task.  This could take a minute the first time configure is run.... ok
configure: WARNING: Failed to find /usr/local/include/boost/numeric/odeint.hpp
    This is only a problem if you want to rebuild the Functional
    Mock-up Interface ++ C files in actor/lib/fmi/fmipp.
    Most users can use the shared libraries in /home/travis/build/icyphy/ptII/lib or /home/travis/build/icyphy/ptII/bin.
checking for websensor in $PTII/ptolemy/apps/websensor... checking for Boost... checking for BSH, the Java Bean Shell... ok
checking for Cal, the actor language... ok
checking for saxon8.jar (used by caltrop)... ok
checking for saxon8-dom.jar (used by caltrop)... ok
checking for java_cup.jar (used by caltrop)... ok
configure: WARNING: Failed to find Checkstyle in /home/travis/build/icyphy/ptII/vendors/checkstyle-6.2
    Checkstyle is only necessary for code cleaning.
    Checkstyle is LGPL'd, so while it could be in the ptII repo, we don't add it.
    Checkstyle may be downloaded from http://checkstyle.sourceforge.net/
checking for Checkstyle, optionally used to check the style of Java files.... checking for Chic, the model checker... ok
checking for Ptolemy subset of Colt, the scientific computing lib... ok
configure: WARNING: Did not find /home/travis/build/icyphy/ptII/vendors/misc/colt/colt.jar,
    using /home/travis/build/icyphy/ptII/lib/ptcolt.jar
CORBATest.java:28: error: package org.omg.CORBA does not exist
import org.omg.CORBA.Object;
                    ^
CORBATest.java:46: error: package org.omg.CORBA does not exist
    public static org.omg.CORBA.Object corbaObject = null;
                               ^
2 errors
configure: WARNING: '"/usr/local/lib/jvm/openjdk11/bin/javac" CORBATest.java' failed.
    perhaps you are running an JDK 1.9?
    You will not be able to run the ptolemy.actor.corba actors,
    which is probably not a problem.
configure: WARNING: Failed to find Cobertura in /home/travis/build/icyphy/ptII/vendors/corbertura-2.0.3
    Cobertura is only necessary to for code coverage.
    Cobertura is GPL'd, so we don't check it in to the ptII repository.
    Cobertura may be downloaded from http://cobertura.github.io/cobertura/
configure: WARNING: Failed to find CUnit in /usr/local or
    /home/travis/build/icyphy/ptII/vendors/CUnit.
    CUnit is only necessary to test the C templates of the code generation facility
configure: WARNING: Could not find tools.jar, checking for classes.jar
configure: WARNING: Could not find tools.jar or classes.jar in
    PTJAVA_HOME = /usr/local/lib/jvm/openjdk11
    Usually, tools.jar is in PTJAVA_HOME/../lib/tools.jar
    or classes.jar is in PTJAVA_HOME/../Classes/classes.jar
    Since tools.jar and classes.jar cannot be found,
    we will not use doclets from ptII/doc/doclets, which
    means that the actor documentation index system will not work.
checking for Full version of Colt, the scientific computing lib... checking for CORBA... checking for Cobertura, optionally used for Java code coverage.... checking for CUnit to be used to test the C cg templates... checking for tools.jar for use with doclets... checking for classes.jar for use with doclets... checking for javadoc... /usr/local/lib/jvm/openjdk11/bin/javadoc
configure: WARNING: Failed to find /home/travis/build/icyphy/ptII/vendors/mbed/gcc-arm/bin/arm-none-eabi-gcc
    so the Mbed CG facility will not be run.
checking for arm-none-eabi-gcc... checking for the iText PDF jar... ok
checking G4LTL... ok
JAITest.java:32: error: package com.sun.image.codec.jpeg does not exist
import com.sun.image.codec.jpeg.JPEGCodec;
                               ^
JAITest.java:28: error: package javax.media.jai does not exist
import javax.media.jai.*;
^
2 errors
configure: WARNING: JAI not found in the default classpath
checking for Java Advanced Imaging (JAI) API... checking for JAI in /home/travis/build/icyphy/ptII/vendors... ok
JAITest.java:32: error: package com.sun.image.codec.jpeg does not exist
import com.sun.image.codec.jpeg.JPEGCodec;
                               ^
1 error
configure: WARNING: JAI not found in /home/travis/build/icyphy/ptII/vendors/jai-1_1_3
configure: WARNING: '"/usr/local/lib/jvm/openjdk11/bin/javac" JAITest.java' failed and JAI jars were not found
    in /home/travis/build/icyphy/ptII/vendors
    perhaps the Java Advanced Imaging API is not installed?

    Note that JAI does not work in Java 9 and later because Java 9 removed
    internal classes used by JAI.
    See https://wiki.eecs.berkeley.edu/ptexternal/Main/JAI

    You need not download Jai unless you plan on using the video
    actors in /home/travis/build/icyphy/ptII/ptolemy/actor/lib/jai
    The JAI API can be downloaded from
    http://www.oracle.com/technetwork/java/javasebusiness/downloads/java-archive-downloads-java-client-419417.html
checking for JAI using jars in /home/travis/build/icyphy/ptII/vendors/jai-1_1_3/lib... checking for Jcerti, used by hlacerti ... ok
checking for JavaMail directory... ok
configure: WARNING: Failed to find /usr/local/jmodelica/include/jmi.h
    which is part of JModelica.
    Ptolemy optionally includes one or more FMUs that use JModelica.
    To install JModelica, see https://svn.jmodelica.org/trunk/INSTALL
checking for JModelica... TMP_JAVAFX_DIR=/home/travis/build/icyphy/ptII/vendors/javafx/javafx-sdk-11.0.2
/home/travis/build/icyphy/ptII/vendors/javafx: total 4
drwxr-xr-x 4 travis travis 4096 Jan 16  2019 javafx-sdk-11.0.2
JavaFXTest.java:28: error: package javafx.embed.swing does not exist
import javafx.embed.swing.JFXPanel;
                         ^
JavaFXTest.java:29: error: package javafx.scene.media does not exist
import javafx.scene.media.Media;
                         ^
JavaFXTest.java:49: error: cannot find symbol
    public static JFXPanel fxPanel = null;
                  ^
  symbol:   class JFXPanel
  location: class JavaFXTest
3 errors
configure: WARNING: JavaFX not yet found
checking for JavaFX... checking checking for JavaFX in the default classpath... checking checking for JavaFX in a module... ok
JMFTest.java:28: error: package javax.media does not exist
import javax.media.CaptureDeviceInfo;
                  ^
1 error
configure: WARNING: JMF not found in the default classpath, will check elsewhere next.
checking for Java Media Framework (JMF) in the default classpath... checking for JMF in /home/travis/build/icyphy/ptII/vendors/JMF*... ok
checking for the JMF directory... ok
checking for Java Native Access (JNA) jar... ok
checking for joystick jar file... ok
checking for ptjacl.jar... ok
checking for how to run jacl with "/usr/local/lib/jvm/openjdk11/bin/java"... % ok
checking for JSoup, used when exporting html pages. ... ok
checking for the JUnit - the Java Unit Testing Framework... ok
checking for the JUnitParams, needed by our JUnit tests... ok
checking for the Java Excel API (JXL)... ok
checking for jython... no
checking for jython.bat... no
checking for Jython, the Java implementation of Python... ok
checking for kieler jar file used by layout ... ok
checking for node... checking for node... /home/travis/.nvm/versions/node/v7.10.1/bin/node
checking for npm... checking for npm... /home/travis/.nvm/versions/node/v7.10.1/bin/npm
checking for npm before 5.x... ok
checking for OpenCV Java API... ok
checking for OpenCV by compiling and running a small OpenCV program... About to load opencv_java320
Exception in thread "main" java.lang.RuntimeException: Could not load opencv_java320.
    java.library.path = /home/travis/pthla/certi-tools/lib:/usr/lib/jni:/usr/local/share/OpenCV/java/:/usr/share/OpenCV/java::/usr/java/packages/lib:/usr/lib64:/lib64:/lib:/usr/lib
	at OpenCVTest.main(OpenCVTest.java:79)
Caused by: java.lang.UnsatisfiedLinkError: no opencv_java320 in java.library.path: [/home/travis/pthla/certi-tools/lib, /usr/lib/jni, /usr/local/share/OpenCV/java/, /usr/share/OpenCV/java, ., /usr/java/packages/lib, /usr/lib64, /lib64, /lib, /usr/lib]
	at java.base/java.lang.ClassLoader.loadLibrary(ClassLoader.java:2660)
	at java.base/java.lang.Runtime.loadLibrary0(Runtime.java:829)
	at java.base/java.lang.System.loadLibrary(System.java:1867)
	at OpenCVTest.main(OpenCVTest.java:52)
configure: WARNING: Failed to run OpenCV test program in /home/travis/build/icyphy/ptII/config with
    /usr/local/lib/jvm/openjdk11/bin/java -classpath /home/travis/build/icyphy/ptII/lib/opencv-320.jar:. OpenCVTest
    so we will try other jars.
checking for opencv-*.jar in /home/travis/build/icyphy/ptII/vendors/opencv/share/OpenCV/java /home/travis/build/icyphy/ptII/lib /opt/local/share/OpenCV/java /usr/share/OpenCV/java /usr/local/share/OpenCV/java... ok
checking /home/travis/build/icyphy/ptII/vendors/opencv/share/OpenCV/java/opencv-341.jar... About to load opencv_java341
Imgproc.LINE_8: 8
Loaded opencv_java341
ok
checking if org/ptolemy/opencv will be compiled.... ok
checking for Open Sound Control/Processing.org interface (oscP5). ... ok
checking for rxtx serial port interface... ok
configure: WARNING: Could not find directory
    '/home/travis/build/icyphy/ptII/vendors/sun/javacc-5.0'
    so we search for the jjtree command.
checking for JavaCC... checking for jjtree... no
configure: WARNING: Failed to find jjtree
configure: WARNING: Failed to find javacc, perhaps JavaCC is not installed?
    You need not download JavaCC unless you plan on modifying .jjt files
    in ptolemy/data/expr.
    JavaCC is available from
    https://javacc.org

    Note that the zip file that gets downloaded is actually an installer
    that must be run to install the JavaCC.zip file that contains the classes.

    Note that JavaCC-4.1 and 4.2 will not work, there are problems with
    ReInit() being static or not static.

    JavaCC-6.0 seems to not include the jjtree and javacc scripts, so
    we recommend JavaCC-5.0.

    Try:
    cd /home/travis/build/icyphy/ptII/vendors/sun
    wget https://javacc.org/downloads/javacc-5.0.tar.gz
    tar -zxf javacc-5.0.tar.gz
    cd /home/travis/build/icyphy/ptII
    ./configure

    Configure looks for JavaCC in /home/travis/build/icyphy/ptII/vendors/sun/javacc-5.0
    so either install JavaCC in that location or use the --with-javacc= flag
    and then rerun configure.'
checking for Java3D... ok
checking for Jogl... ok
ok
ok
ok
ls: cannot access '/home/travis/build/icyphy/ptII/vendors/jogl/lib/natives/linux-amd64/*.jar': No such file or directory
checking for jini directory... ok
checking for jars used by jini... ...ok
checking for the proper JNI architecture... checking for gcc... /usr/bin/gcc
checking for cc... (cached) /usr/bin/gcc
checking for javah... /usr/bin/javah
configure: WARNING: /usr/local/lib/jvm/openjdk11/../include was not found.  As a result, compilation of JNI actors will fail.
checking for the cc for JNI... checking for that the pieces for JNI have been found... ok
checking for the proper JNI architecture include directory... checking for the proper JNI library architecture... ok
checking for if the -mno-cygwin flag is available... ok
checking for the proper shared library gcc flag... ok
checking for the proper shared library cc flag... ok
checking for the proper shared library link flag... ok
checking for the proper shared library prefix... ok
checking for the proper shared library suffix... ok
checking for JNI libraries needed to link JNI... ok
checking for jode directory... ok
checking for $JODE_DIR/jode.jar... ok
checking for json directory... ok
checking for matlab... no
configure: WARNING: Failed to find matlab executable in the path.
    Perhaps Matlab is not installed?
    If Matlab is not present, then the Ptolemy II/Matlab interface in
    $PTII/ptolemy/matlab will not be usable.
configure: WARNING: Matlab was not found, but compiling the .java files in ptolemy/matlab/ should be ok.
checking for Protocol Buffers (ProtoBuf)... ok
checking for the Paho MQTT jar... ok
checking for mapss.jar, used by the PSDF domain... ok
checking for anltr.jar, used by the Ptalon... ok
checking for scalac... no
configure: WARNING: Failed to find the scalac binary,
    so org/ptolemy/scala will be excluded
checking for soot directory... ok
checking for $SOOT_DIR/sootclasses.jar... ok
checking for rt.jar by compiling config/SystemJar.java... ok
checking the location or rt.jar... ok
checking for mysql jar, used by the database actors... ok
SystemJar.main(): java.io.FileNotFoundException: /usr/local/lib/jvm/openjdk11/lib/rt.jar and /usr/local/lib/jvm/openjdk11/lib/core.jar and /usr/local/lib/jvm/openjdk11/../Classes/classes.jar either do not exist or are not readableSystemJar.main(): java.io.FileNotFoundException: /usr/local/lib/jvm/openjdk11/lib/rt.jar and /usr/local/lib/jvm/openjdk11/lib/core.jar and /usr/local/lib/jvm/openjdk11/../Classes/classes.jar either do not exist or are not readableconfigure: WARNING: ojdbc6.jar not found,
    but only necessary to use database actors with Oracle.
    If the mysql jar file is present, then the Oracle Java Database Connector is not necessary
    To install ojdbc5.jar or ojdbc6.jar,
    download it from https://www.oracle.com/technetwork/database/features/jdbc/jdbc-drivers-12c-download-1958347.html
    copy it to ptolemy/actor/lib/database
    and rerun ./configure
checking for ojdbc6.jar... checking for Sphinx4 Speech recognition data jar API... ok
checking for Sphinx4 Speech recognition core jar API... ok
checking for PDFRenderer... ok
configure: WARNING: Failed to find Batik Jar file
    You need only have Batik if you are planning on rebuilding diva.jar
    for use with Kepler.
    Batik can be downloaded from http://xmlgraphics.apache.org/batik/,
    batike-1.9/lib/batik-all-1.9.jar copied to /home/travis/build/icyphy/ptII/lib
    and ./configure rerun.
checking for Batik SVG... checking for svgSalamander... ok
checking for RSyntaxEditor... ok
configure: WARNING: $TOSROOT is not set.  It must be set to use PtinyOS.
configure: WARNING: $TOSROOT is set to '',
     but there is no directory by that name, so we will not set up for PtinyOS.
     For details, see /home/travis/build/icyphy/ptII/ptolemy/domains/ptinyos/README.txt.
configure: WARNING: Failed to find giotto/gdk.jar
    perhaps Giotto is not installed?
    You need not download Giotto unless you plan on generating code for
    Giotto models.
    The Giotto SDK can be
    downloaded from https://embedded.eecs.berkeley.edu/giotto/
    Copy gdk.jar to /home/travis/build/icyphy/ptII/vendors/giotto, for example:
        mkdir -p /home/travis/build/icyphy/ptII/vendors/giotto
        cp C:/Program\ Files/Giotto*/gdk.jar /home/travis/build/icyphy/ptII/vendors/giotto/
checking the for TinyOS... checking for giotto directory... checking for the Vertx application platform interface. ... ok
checking for slf4-api... ok
checking for slf4-simple... ok
checking for webcam-capture... ok
checking for xbjlib directory... ok
checking for gcc... /usr/bin/gcc
checking for libexpat... ok
checking for expat.h... ok
configure: WARNING: Failed to find boost/numeric/odeint.hpp, so FMI ++
    will not be compiled. FMI++ is an extension of the
    Functional Mockup Interface, see
    http://sourceforge.net/p/fmipp/wiki/Home/
configure: creating ./config.status
config.status: creating mk/ptII.mk
config.status: creating bin/ptinvoke
config.status: creating build.xml
config.status: creating .classpath
config.status: creating bin/comm.policy
config.status: creating lib/ptII.properties
config.status: creating ptolemy/util/test/junit/javachdir
config.status: creating ptolemy/util/test/junit/javachdir32
config.status: executing default commands
/home/travis/build/icyphy/ptII/bin/ant: Running /home/travis/build/icyphy/ptII/ant/bin/ant 
Buildfile: /home/travis/build/icyphy/ptII/build.xml

build-message:
     [echo] Use ant -p to see other targets. JAVA_HOME=/usr/local/lib/jvm/openjdk11
     [echo] tools.jar is necessary for compilation of doc/doclets/.
     [echo] If compilation fails, try setting JAVA_HOME to the location of the JDK.
     [echo] For example:
     [echo]   [bldmastr@sisyphus ptII]$ which java
     [echo]   /usr/bin/java
     [echo]   [bldmastr@sisyphus ptII]$ ls -l /usr/bin/java
     [echo]   lrwxrwxrwx 1 root root 26 Jul 31 10:12 /usr/bin/java -> /usr/java/default/bin/java
     [echo]   [bldmastr@sisyphus ptII]$ export JAVA_HOME=/usr/java/default
     [echo]     

-build-subprojects-empty:

build-subprojects:

-check-node:

-check-node-works:
     [exec] v7.10.1

-check-npm:

-check-npm-works:
     [exec] 4.2.0

-check-if-npmjs-org-is-up:
     [echo] Check to see if https://www.npmjs.org is up.

-jsdoc-no-network-message:

-check-jsdoc:

jsdoc-install:

jsdoc-update:

-ptdoc-no-node:

-ptdoc-no-npm:

ptdoc:
     [echo] 
     [echo]       If the ptdoc target fails, then try running:
     [echo]           ant build-project build-bin
     [echo]     

-check-node:

-check-node-works:
     [exec] v7.10.1

-check-npm:

-check-npm-works:
     [exec] 4.2.0

-check-if-npmjs-org-is-up:
     [echo] Check to see if https://www.npmjs.org is up or $TRAVIS is set.

-jsdoc-no-network-message:

-check-jsdoc:
     [echo] To stop CapeCode from invoking jsdoc and svn, set the PT_NO_NET environment variable.  
     [echo]     Under BASH:
     [echo]         export PT_NO_NET=true
     [echo]     If ptdoc fails, and you are building from $PTII, try:
     [echo]         ant build-project build-bin
     [echo]     

jsdoc-install:

jsdoc-update:

-ptdoc-no-node-message:

-ptdoc-no-npm-message:

-check-jsdoc-again:

-jsdoc-command-message:

ptdoc:
     [echo] Invoke /home/travis/build/icyphy/ptII/org/terraswarm/accessor/accessors/web/../node_modules/@terraswarm/jsdoc/jsdoc.js to read *.js files and generate *PtDoc.xml files suitable for Ptolemy.
     [echo]     See https://chess.eecs.berkeley.edu/ptexternal/wiki/Main/JSDocSystems
     [echo]     See jsdoc/jsdoc.json
     [echo]     See jsdoc/plugins/accessorJSDocTags.js
     [echo]     See jsdoc/templates/ptdoc/publish.js
     [echo] 
     [echo]     If the ptdoc target fails, the there is likely a problem with node or npm.  It is possible
     [echo]     to use CapeCode even if the ptdoc target fails.
     [echo]     
     [echo]     If you are building from $PTII, try:
     [echo]         ant build-project build-bin
     [echo] 
     [echo]     
     [exec] Generating output files...
     [exec] Finished running in 14.48 seconds.

build-project:
     [echo] ptII: /home/travis/build/icyphy/ptII/build.xml
    [javac] Compiling 2 source files to /home/travis/build/icyphy/ptII

-check-ptII-mk-file:

-check-bin-vergil:

-check-make-bin-vergil:

build-bin-not:

build-not-bin-vergil:

build-bin:

build:

BUILD SUCCESSFUL
Total time: 21 seconds
Loading DOPCenter model, running it and exporting
+rm DOPCenter.png
rm: cannot remove 'DOPCenter.png': No such file or directory
+/home/travis/build/icyphy/ptII/bin/ptinvoke -Dptolemy.ptII.doNotExit= ptolemy.vergil.basic.export.ExportModel png -run -save /home/travis/build/icyphy/ptII/ptolemy/domains/space/demo/DOPCenter/DOPCenter.xml
Running .DOPCenter
2788 ms. Memory: 157696K Free: 116057K (74%)
Saving .DOPCenter
Exported /home/travis/build/icyphy/ptII/ptolemy/domains/space/demo/DOPCenter/DOPCenter.png
+/home/travis/build/icyphy/ptII/bin/ptinvoke -Dptolemy.ptII.doNotExit= ptolemy.vergil.basic.export.ExportModel png -run -save /home/travis/build/icyphy/ptII/ptolemy/domains/space/demo/DOPCenter/DOPCenter.xml
Running .DOPCenter
2776 ms. Memory: 163840K Free: 123241K (75%)
Saving .DOPCenter
Exported /home/travis/build/icyphy/ptII/ptolemy/domains/space/demo/DOPCenter/DOPCenter.png
+/home/travis/build/icyphy/ptII/bin/ptinvoke ptolemy.actor.gui.MoMLSimpleApplication Placard.xml
2828 ms. Memory: 129024K Free: 85885K (67%)
WARNING: An illegal reflective access operation has occurred
WARNING: Illegal reflective access by io.netty.util.internal.ReflectionUtil (file:/home/travis/build/icyphy/ptII/lib/netty-common-4.1.19.Final.jar) to constructor java.nio.DirectByteBuffer(long,int)
WARNING: Please consider reporting this to the maintainers of io.netty.util.internal.ReflectionUtil
WARNING: Use --illegal-access=warn to enable warnings of further illegal reflective access operations
WARNING: All illegal access operations will be denied in a future release
+[ -f Placard.tex ]
+pdflatex Placard.tex
This is pdfTeX, Version 3.14159265-2.6-1.40.16 (TeX Live 2015/Debian) (preloaded format=pdflatex)
 restricted \write18 enabled.
entering extended mode
(./Placard.tex
LaTeX2e <2016/02/01>
Babel <3.9q> and hyphenation patterns for 3 language(s) loaded.
(/usr/share/texlive/texmf-dist/tex/latex/base/article.cls
Document Class: article 2014/09/29 v1.4h Standard LaTeX document class
(/usr/share/texlive/texmf-dist/tex/latex/base/size10.clo))
No file Placard.aux.
[1{/var/lib/texmf/fonts/map/pdftex/updmap/pdftex.map}] [2] [3] [4] [5] [6]
[7] (./Placard.aux) )</usr/share/texlive/texmf-dist/fonts/type1/public/amsfonts
/cm/cmssbx10.pfb>
Output written on Placard.pdf (7 pages, 22862 bytes).
Transcript written on Placard.log.
+[ ! -f Placard.pdf ]
+rm Placard.aux Placard.log
+/home/travis/build/icyphy/ptII/bin/ptinvoke ptolemy.actor.gui.MoMLSimpleApplication DOPCSV.xml
2757 ms. Memory: 129024K Free: 112619K (87%)
WARNING: An illegal reflective access operation has occurred
WARNING: Illegal reflective access by io.netty.util.internal.ReflectionUtil (file:/home/travis/build/icyphy/ptII/lib/netty-common-4.1.19.Final.jar) to constructor java.nio.DirectByteBuffer(long,int)
WARNING: Please consider reporting this to the maintainers of io.netty.util.internal.ReflectionUtil
WARNING: Use --illegal-access=warn to enable warnings of further illegal reflective access operations
WARNING: All illegal access operations will be denied in a future release
+[ ! -f DOP.csv ]
-rw-rw-r-- 1 travis travis 163090 Aug  6 15:03 /home/travis/build/icyphy/ptII/ptolemy/domains/space/demo/DOPCenter/DOPCenter.png
make: Leaving directory '/home/travis/build/icyphy/ptII/adm/gen-11.1'
All Done
/home/travis/build/icyphy/ptII/adm/installers/test/installers.tcl
adm/test/Nightly.tcl: about to clean
adm/test/nightlyMake.tcl: about to execute [make -C /home/travis/build/icyphy/ptII/adm/installers/test/../../../adm/gen-11.1 PTIIHOME=/home/travis/build/icyphy/ptII/adm/installers/test/../../.. PTIIADM=/home/travis/build/icyphy/ptII/adm/installers/test/../../../adm JAR=/usr/bin/jar TAR=/usr/local/bin/tar clean]
About to execute:
    make -C
/home/travis/build/icyphy/ptII/adm/installers/test/../../../adm/gen-11.1
PTIIHOME=/home/travis/build/icyphy/ptII/adm/installers/test/../../..
PTIIADM=/home/travis/build/icyphy/ptII/adm/installers/test/../../../adm
JAR=/usr/bin/jar TAR=/usr/local/bin/tar clean
make: Entering directory '/home/travis/build/icyphy/ptII/adm/gen-11.1'
rm -f ptII11_1_devel_setup_windows.jar ptII11_1_devel_setup_windows.exe
rm -rf /home/travis/build/icyphy/ptII/adm/installers/test/../../../adm/dists/ptII11.1.devel/ptiny.exe /home/travis/build/icyphy/ptII/adm/installers/test/../../../adm/dists/ptII11.1.devel/ptbook.exe /home/travis/build/icyphy/ptII/adm/installers/test/../../../adm/dists/ptII11.1.devel/jar_dist /home/travis/build/icyphy/ptII/adm/installers/test/../../../adm/dists/ptII11.1.devel/ptolemy/matlab/ptmatlab.dll
#
# Now cleaning old tar files
#
clean Thu Aug  6 15:04:01 UTC 2020
 15:04:01 up 6 min,  1 user,  load average: 1.42, 1.27, 0.63
rm -f /home/travis/build/icyphy/ptII/adm/installers/test/../../../adm/gen-11.1/ptII11.1.devel.tar /home/travis/build/icyphy/ptII/adm/installers/test/../../../adm/gen-11.1/ptII11.1.devel.src.zip /home/travis/build/icyphy/ptII/adm/installers/test/../../../adm/gen-11.1/ptolemy.devel11.1.devel.src.tar /home/travis/build/icyphy/ptII/adm/installers/test/../../../adm/gen-11.1/ptII11.1.devel.src.tar
rm -f opencv_java320.dll
rm -rf /home/travis/build/icyphy/ptII/adm/installers/test/../../../adm/gen-11.1/ptII11.1.devel.src.jar src_jar
rm -rf /home/travis/build/icyphy/ptII/adm/installers/test/../../../adm/dists/ptII11.1.devel src installshield/*
rm -rf capecode0.3.devel.src.jar
rm -rf hyvisual11.1.devel.src.jar
rm -rf viptos1.1.devel.src.jar
rm -rf /home/travis/build/icyphy/ptII/adm/installers/test/../../../adm/gen-11.1/ptzip
rm -rf ptII11_1_devel_setup_windows_64.exe ptII11_1_devel_setup_windows_64.jar ptII11_1_devel_setup_windows_64.xml ptII11_1_devel_setup_windows.jar ptII11_1_devel_setup_windows.exe test/installerTest test/ptII11.1.devel
rm -rf capecode0.3.devel.src.jar capecode0.3.devel.tar.gz
rm -rf capecode0_3_devel_setup_windows_64.xml capecode0_3_devel_setup_windows.jar capecode0_3_devel_setup_windows_64.exe
rm -rf capecode0.3.devel.setup.mac.app capecode0.3.devel.setup.mac.app.tar.gz capecode0.3.devel.setup.mac.dmg capecode0.3.devel.setup.mac.jar capecode0.3.devel.setup.mac.xml
rm -rf capecode0.3.devel.setup.linux.tar.gz capecode0.3.devel.setup.linux.jar capecode0.3.devel.setup.linux.xml
rm -rf capecode0_3_devel_setup_windows.exe capecode0_3_devel_setup_windows.jar
rm -rf capecode0_3_devel_setup_windows_64.exe capecode0_3_devel_setup_windows_64.jar
rm -rf capeCodeNonGUI.tar.gz
rm -rf ptII11.1.devel.setup.mac.jar ptII11.1.devel.setup.mac.app ptII11.1.devel.setup.mac.app.tar.gz ptII11.1.devel.setup.mac.dmg ptII11.1.devel.setup.mac.jar ptII11.1.devel.setup.mac.xml
rm -rf ptII11.1.devel.setup.linux.jar ptII11.1.devel.setup.mac.xml
rm -rf /home/travis/build/icyphy/ptII/adm/installers/test/../../../adm/gen-11.1/ptII11.1.devel.tar /home/travis/build/icyphy/ptII/adm/installers/test/../../../adm/gen-11.1/ptII11.1.devel.src.zip /home/travis/build/icyphy/ptII/adm/installers/test/../../../adm/gen-11.1/ptII11.1.devel.src.tar /home/travis/build/icyphy/ptII/adm/installers/test/../../../adm/gen-11.1/ptII11.1.devel.src.jar
make: Leaving directory '/home/travis/build/icyphy/ptII/adm/gen-11.1'
All Done
adm/test/nightlyMake.tcl: about to execute [make -C /home/travis/build/icyphy/ptII/adm/installers/test/../../../adm/gen-11.1 PTIIHOME=/home/travis/build/icyphy/ptII/adm/installers/test/../../.. PTIIADM=/home/travis/build/icyphy/ptII/adm/installers/test/../../../adm JAR=/usr/bin/jar TAR=/usr/local/bin/tar all]
About to execute:
    make -C
/home/travis/build/icyphy/ptII/adm/installers/test/../../../adm/gen-11.1
PTIIHOME=/home/travis/build/icyphy/ptII/adm/installers/test/../../..
PTIIADM=/home/travis/build/icyphy/ptII/adm/installers/test/../../../adm
JAR=/usr/bin/jar TAR=/usr/local/bin/tar all
make: Entering directory '/home/travis/build/icyphy/ptII/adm/gen-11.1'
if [ ! -f /home/travis/build/icyphy/ptII/adm/installers/test/../../../vendors/installer/izpack-dist-5.1.3-SNAPSHOT.jar ]; then \
	echo "Downloading izpack: `date`"; \
	wget --quiet -O /home/travis/build/icyphy/ptII/adm/installers/test/../../../vendors/installer/izpack-dist-5.1.3-SNAPSHOT.jar \
		https://github.com/icyphy/ptII/releases/download/nightly/izpack-dist-5.1.3-SNAPSHOT.jar; \
fi
sed 's#@@PTII@@#/home/travis/build/icyphy/ptII/adm/installers/test/../../..#' izpackInstallDist.xml > izpackInstall.xml
(cd /home/travis/build/icyphy/ptII/adm/installers/test/../../../vendors; java -jar /home/travis/build/icyphy/ptII/adm/installers/test/../../../vendors/installer/izpack-dist-5.1.3-SNAPSHOT.jar /home/travis/build/icyphy/ptII/adm/installers/test/../../../adm/gen-11.1/izpackInstall.xml)
Command line arguments: /home/travis/build/icyphy/ptII/adm/installers/test/../../../adm/gen-11.1/izpackInstall.xml 
[ Starting automated installation ]
====================
Installation started
Framework: 5.1.3-SNAPSHOT-3e7e3 (IzPack)
Platform: ubuntu_linux,version=4.15.0-1077-gcp,arch=x64,symbolicName=null,javaVersion=11.0.2
[ Starting to unpack ]
[ Processing package: Required files (1/2) ]
Cleaning up the target folder ...
[ Processing package: Experimental tools (2/2) ]
[ Unpacking finished ]
Installation finished
[ Writing the uninstaller data ... ]
[ Automated installation done ]
#rm -f izpackInstall.xml

izpackFix:
Changing the Info.plist for the Mac installer app to require Java 1.8 or later.

if [ ! -f "/home/travis/build/icyphy/ptII/adm/installers/test/../../../vendors/izpack/utils/wrappers/izpack2app/Mac-App-Template/Contents/Info.plist.orig" ]; then \
	cp "/home/travis/build/icyphy/ptII/adm/installers/test/../../../vendors/izpack/utils/wrappers/izpack2app/Mac-App-Template/Contents/Info.plist" "/home/travis/build/icyphy/ptII/adm/installers/test/../../../vendors/izpack/utils/wrappers/izpack2app/Mac-App-Template/Contents/Info.plist.orig"; \
        fi
sed 's@<string>1.[*0-8+]*</string>@<string>1.8+</string>@' "/home/travis/build/icyphy/ptII/adm/installers/test/../../../vendors/izpack/utils/wrappers/izpack2app/Mac-App-Template/Contents/Info.plist" > "/home/travis/build/icyphy/ptII/adm/installers/test/../../../vendors/izpack/utils/wrappers/izpack2app/Mac-App-Template/Contents/Info.plist.tmp"
diff "/home/travis/build/icyphy/ptII/adm/installers/test/../../../vendors/izpack/utils/wrappers/izpack2app/Mac-App-Template/Contents/Info.plist.tmp" "/home/travis/build/icyphy/ptII/adm/installers/test/../../../vendors/izpack/utils/wrappers/izpack2app/Mac-App-Template/Contents/Info.plist"
28c28
<     <string>1.8+</string>
---
>     <string>1.4+</string>
makefile:2825: recipe for target 'izpackFix' failed
mv "/home/travis/build/icyphy/ptII/adm/installers/test/../../../vendors/izpack/utils/wrappers/izpack2app/Mac-App-Template/Contents/Info.plist.tmp" "/home/travis/build/icyphy/ptII/adm/installers/test/../../../vendors/izpack/utils/wrappers/izpack2app/Mac-App-Template/Contents/Info.plist"
make: [izpackFix] Error 1 (ignored)
if [ ! -f /home/travis/build/icyphy/ptII/adm/installers/test/../../../vendors/installer/launch4j-3.11.tgz ]; then \
    case `uname` in \
	Darwin) osfile=macosx-x86;; \
	Linux) osfile=linux-x64;; \
    esac; \
    echo "Downloading /home/travis/build/icyphy/ptII/adm/installers/test/../../../vendors/installer/launch4j-3.11.tgz for $osfile: `date`"; \
    wget --quiet "https://osdn.net/frs/g_redir.php?m=kent&f=launch4j%2Flaunch4j-3%2F3.11%2Flaunch4j-3.11-$osfile.tgz" -O /home/travis/build/icyphy/ptII/adm/installers/test/../../../vendors/installer/launch4j-3.11.tgz; \
        fi
Creating L4J_DIR: /home/travis/build/icyphy/ptII/adm/installers/test/../../../vendors/launch4j
if [ ! -d /home/travis/build/icyphy/ptII/adm/installers/test/../../../vendors/launch4j ]; then \
	cd /home/travis/build/icyphy/ptII/adm/installers/test/../../../vendors; \
	/usr/local/bin/tar -zxf /home/travis/build/icyphy/ptII/adm/installers/test/../../../vendors/installer/launch4j-3.11.tgz; \
	ls -l /home/travis/build/icyphy/ptII/adm/installers/test/../../../vendors/launch4j; \
fi
total 264
drwxr-xr-x 2 travis travis   4096 Jun 27  2017 bin
-rw-r--r-- 1 travis travis   2457 Jun 27  2017 build.xml
drwxr-xr-x 5 travis travis   4096 Jun 27  2017 demo
drwxr-xr-x 2 travis travis   4096 Jun 27  2017 head
drwxr-xr-x 2 travis travis   4096 Jun 27  2017 head_jni_BETA
drwxr-xr-x 6 travis travis   4096 Jun 27  2017 head_src
-rwxr-xr-x 1 travis travis    160 Jun 27  2017 launch4j
-rw-r--r-- 1 travis travis 197822 Jun 27  2017 launch4j.jar
-rw-r--r-- 1 travis travis    125 Jun 27  2017 launch4j.jfpr
drwxr-xr-x 2 travis travis   4096 Jun 27  2017 lib
-rw-r--r-- 1 travis travis   1630 Jun 27  2017 LICENSE.txt
drwxr-xr-x 2 travis travis   4096 Jun 27  2017 manifest
drwxr-xr-x 4 travis travis   4096 Jun 27  2017 maven
drwxr-xr-x 2 travis travis   4096 Jun 27  2017 sign4j
drwxr-xr-x 4 travis travis   4096 Jun 27  2017 src
drwxr-xr-x 2 travis travis   4096 Jun 27  2017 w32api
drwxr-xr-x 2 travis travis   4096 Jun 27  2017 w32api_jni
drwxr-xr-x 2 travis travis   4096 Jun 27  2017 web
cp /home/travis/build/icyphy/ptII/adm/installers/test/../../../vendors/installer/opencv_java320.dll opencv_java320.dll
if [ ! -f "node/node-v7.10.1-darwin-x64.tar.gz" ]; then \
	echo "Downloading node darwin node/node-v7.10.1-darwin-x64.tar.gz: `date`"; \
	(cd node; wget --quiet https://nodejs.org/dist/v7.10.1/node-v7.10.1-darwin-x64.tar.gz); \
fi
Downloading node darwin node/node-v7.10.1-darwin-x64.tar.gz: Thu Aug  6 15:04:03 UTC 2020
if [ ! -f "node/node-v7.10.1-linux-x64.tar.xz" ]; then \
	echo "Downloading node linux node/node-v7.10.1-linux-x64.tar.xz: `date`"; \
	(cd node; wget --quiet https://nodejs.org/dist/v7.10.1/node-v7.10.1-linux-x64.tar.xz); \
fi
Downloading node linux node/node-v7.10.1-linux-x64.tar.xz: Thu Aug  6 15:04:03 UTC 2020
if [ ! -f "node/node-v7.10.1-win-x64.zip" ]; then \
	echo "Downloading node win node/node-v7.10.1-win-x64.zip: `date`"; \
	(cd node; wget --quiet https://nodejs.org/dist/v7.10.1/node-v7.10.1-win-x64.zip); \
fi
Downloading node win node/node-v7.10.1-win-x64.zip: Thu Aug  6 15:04:04 UTC 2020
#
# Now creating PTIIDIST: /home/travis/build/icyphy/ptII/adm/installers/test/../../../adm/dists/ptII11.1.devel
#
/home/travis/build/icyphy/ptII/adm/installers/test/../../../adm/dists/ptII11.1.devel Thu Aug  6 15:04:04 UTC 2020
 15:04:04 up 6 min,  1 user,  load average: 1.42, 1.27, 0.63
OPENCV_DLL: opencv_java320.dll
NODE_DARWIN: node/node-v7.10.1-darwin-x64.tar.gz
NODE_LINUX: node/node-v7.10.1-linux-x64.tar.xz
NODE_WIN: node/node-v7.10.1-win-x64.zip
IZPACK_DIR: /home/travis/build/icyphy/ptII/adm/installers/test/../../../vendors/izpack
L4J_DIR: /home/travis/build/icyphy/ptII/adm/installers/test/../../../vendors/launch4j
mkdir -p /home/travis/build/icyphy/ptII/adm/installers/test/../../../adm/dists/ptII11.1.devel
git pull in /home/travis/build/icyphy/ptII/adm/installers/test/../../..
(cd /home/travis/build/icyphy/ptII/adm/installers/test/../../..; git pull)
warning: Pulling without specifying how to reconcile divergent branches is
discouraged. You can squelch this message by running one of the following
commands sometime before your next pull:

  git config pull.rebase false  # merge (the default strategy)
  git config pull.rebase true   # rebase
  git config pull.ff only       # fast-forward only

You can replace "git config" with "git config --global" to set a default
preference for all repositories. You can also pass --rebase, --no-rebase,
or --ff-only on the command line to override the configured default per
invocation.

Already up to date.
git pull in /home/travis/build/icyphy/ptII/adm/installers/test/../../../org/terraswarm/accessor/accessors/web
(cd /home/travis/build/icyphy/ptII/adm/installers/test/../../../org/terraswarm/accessor/accessors/web; git pull)
warning: Pulling without specifying how to reconcile divergent branches is
discouraged. You can squelch this message by running one of the following
commands sometime before your next pull:

  git config pull.rebase false  # merge (the default strategy)
  git config pull.rebase true   # rebase
  git config pull.ff only       # fast-forward only

You can replace "git config" with "git config --global" to set a default
preference for all repositories. You can also pass --rebase, --no-rebase,
or --ff-only on the command line to override the configured default per
invocation.

Already up to date.
#@echo "Be sure that ptolemy/media/javasound/javasound.jar exists"
#(cd /home/travis/build/icyphy/ptII/adm/installers/test/../../../ptolemy/media/javasound; make jars)
#@echo "Be sure that ptolemy/actor/lib/javasound/javasound.jar exists"
#(cd /home/travis/build/icyphy/ptII/adm/installers/test/../../../ptolemy/actor/lib/javasound; make jars)
(cd /home/travis/build/icyphy/ptII/adm/installers/test/../../..; \
	rm -f build.xml; \
	/usr/local/bin/tar -c --no-anchored \
		--exclude="CVS" \
		--exclude=",svn" \
		--exclude=".git" \
		-X /home/travis/build/icyphy/ptII/adm/installers/test/../../../adm/gen-11.1/src.ex \
		-X /home/travis/build/icyphy/ptII/adm/installers/test/../../../adm/gen-11.1/src1.ex \
	-f - .cshrc .classpath.in .classpath.default .eclipse.epf .project.default CONTRIBUTING.md README.md ant bin build.default.xml build.xml.in cluster.xml com/cureos com/jgoodies com/jhlabs com/makefile com/microstar config configure configure.in contrib copyright.htm copyright.txt diva doc edu jars.xml lib lbnl makefile mk net org plugin.xml pom.xml ptdb ptKeystore.properties ptolemy ptserver thales util vergil.jnlp.in vergilBCVTB.jnlp.in vergilCapeCode.jnlp.in vergilCyPhySim.jnlp.in vergilDSP.jnlp.in vergilHyVisual.jnlp.in vergilPtiny.jnlp.in vergilPtinyKepler.jnlp.in vergilPtinySandbox.jnlp.in vergilSpace.jnlp.in vergilVisualSense.jnlp.in )| \
	(cd /home/travis/build/icyphy/ptII/adm/installers/test/../../../adm/dists/ptII11.1.devel; /usr/local/bin/tar -xpf -)
/usr/local/bin/tar: ptdb: Cannot stat: No such file or directory
/usr/local/bin/tar: ptserver: Cannot stat: No such file or directory
/usr/local/bin/tar: Exiting with failure status due to previous errors
Removing other documentation
#@echo "  tar -X does not seem to work under Cygwin"
ls -l /home/travis/build/icyphy/ptII/adm/installers/test/../../../adm/dists/ptII11.1.devel/configure /home/travis/build/icyphy/ptII/adm/installers/test/../../../adm/dists/ptII11.1.devel/config
-rwxrwxr-x 1 travis travis 614394 Aug  6 15:01 /home/travis/build/icyphy/ptII/adm/installers/test/../../../adm/dists/ptII11.1.devel/configure

/home/travis/build/icyphy/ptII/adm/installers/test/../../../adm/dists/ptII11.1.devel/config:
total 84
-rw-rw-r-- 1 travis travis 1647 Aug  6 14:58 confTest.java
-rw-rw-r-- 1 travis travis 1660 Aug  6 14:58 CORBATest.java
-rw-rw-r-- 1 travis travis 1717 Aug  6 14:58 EclipseITreeSelection.java
-rw-rw-r-- 1 travis travis 5183 Aug  6 14:58 FindClass.java
-rw-rw-r-- 1 travis travis  289 Aug  6 14:58 gmpTest2.cc
-rw-rw-r-- 1 travis travis  163 Aug  6 14:58 gmpTest.c
-rwxrwxr-x 1 travis travis 2585 Aug  6 14:58 install-sh
-rw-rw-r-- 1 travis travis 1845 Aug  6 14:58 JAITest.java
-rw-rw-r-- 1 travis travis 1653 Aug  6 14:58 java3dTest.java
-rw-rw-r-- 1 travis travis 1842 Aug  6 14:58 JavaFXTest.java
-rw-rw-r-- 1 travis travis 1914 Aug  6 14:58 JavaHome.java
-rw-rw-r-- 1 travis travis 1522 Aug  6 14:58 javasoundTest.java
-rw-rw-r-- 1 travis travis 1739 Aug  6 14:58 JMFTest.java
-rw-rw-r-- 1 travis travis 1707 Aug  6 14:58 JXLTest.java
-rw-rw-r-- 1 travis travis 1727 Aug  6 14:58 MajorOSName.java
-rw-rw-r-- 1 travis travis 3507 Aug  6 14:58 OpenCVTest.java
-rw-rw-r-- 1 travis travis 1715 Aug  6 14:58 quickTimeTest.java
-rw-rw-r-- 1 travis travis 4967 Aug  6 14:58 RootDirectory.java
-rw-rw-r-- 1 travis travis 3730 Aug  6 14:58 SystemJar.java
rm -rf /home/travis/build/icyphy/ptII/adm/installers/test/../../../adm/dists/ptII11.1.devel/config/*.jar \
	/home/travis/build/icyphy/ptII/adm/installers/test/../../../adm/dists/ptII11.1.devel/config/*.class
ls -l /home/travis/build/icyphy/ptII/adm/installers/test/../../../adm/dists/ptII11.1.devel/configure /home/travis/build/icyphy/ptII/adm/installers/test/../../../adm/dists/ptII11.1.devel/config
-rwxrwxr-x 1 travis travis 614394 Aug  6 15:01 /home/travis/build/icyphy/ptII/adm/installers/test/../../../adm/dists/ptII11.1.devel/configure

/home/travis/build/icyphy/ptII/adm/installers/test/../../../adm/dists/ptII11.1.devel/config:
total 84
-rw-rw-r-- 1 travis travis 1647 Aug  6 14:58 confTest.java
-rw-rw-r-- 1 travis travis 1660 Aug  6 14:58 CORBATest.java
-rw-rw-r-- 1 travis travis 1717 Aug  6 14:58 EclipseITreeSelection.java
-rw-rw-r-- 1 travis travis 5183 Aug  6 14:58 FindClass.java
-rw-rw-r-- 1 travis travis  289 Aug  6 14:58 gmpTest2.cc
-rw-rw-r-- 1 travis travis  163 Aug  6 14:58 gmpTest.c
-rwxrwxr-x 1 travis travis 2585 Aug  6 14:58 install-sh
-rw-rw-r-- 1 travis travis 1845 Aug  6 14:58 JAITest.java
-rw-rw-r-- 1 travis travis 1653 Aug  6 14:58 java3dTest.java
-rw-rw-r-- 1 travis travis 1842 Aug  6 14:58 JavaFXTest.java
-rw-rw-r-- 1 travis travis 1914 Aug  6 14:58 JavaHome.java
-rw-rw-r-- 1 travis travis 1522 Aug  6 14:58 javasoundTest.java
-rw-rw-r-- 1 travis travis 1739 Aug  6 14:58 JMFTest.java
-rw-rw-r-- 1 travis travis 1707 Aug  6 14:58 JXLTest.java
-rw-rw-r-- 1 travis travis 1727 Aug  6 14:58 MajorOSName.java
-rw-rw-r-- 1 travis travis 3507 Aug  6 14:58 OpenCVTest.java
-rw-rw-r-- 1 travis travis 1715 Aug  6 14:58 quickTimeTest.java
-rw-rw-r-- 1 travis travis 4967 Aug  6 14:58 RootDirectory.java
-rw-rw-r-- 1 travis travis 3730 Aug  6 14:58 SystemJar.java
(cd /home/travis/build/icyphy/ptII/adm/installers/test/../../../adm/dists/ptII11.1.devel; /home/travis/build/icyphy/ptII/adm/installers/test/../../../adm/gen-11.1/findclean)
rm: cannot remove './org/terraswarm/accessor/accessors/web/hosts/node/node_modules/chai/lib/chai/core': Is a directory
(cd /home/travis/build/icyphy/ptII/adm/installers/test/../../../adm/dists/ptII11.1.devel; rm -rf `cat /home/travis/build/icyphy/ptII/adm/installers/test/../../../adm/gen-11.1/src.ex`)
# Copy 35Mb OpenCV dll into lib.
cp /home/travis/build/icyphy/ptII/adm/installers/test/../../../adm/gen-11.1/opencv_java320.dll /home/travis/build/icyphy/ptII/adm/installers/test/../../../adm/dists/ptII11.1.devel/lib
# Set up node directories
mkdir -p /home/travis/build/icyphy/ptII/adm/installers/test/../../../adm/dists/ptII11.1.devel/vendors/node
(cd /home/travis/build/icyphy/ptII/adm/installers/test/../../../adm/dists/ptII11.1.devel/vendors/node; tar -zxf /home/travis/build/icyphy/ptII/adm/installers/test/../../../adm/gen-11.1/node/node-v7.10.1-darwin-x64.tar.gz)
(cd /home/travis/build/icyphy/ptII/adm/installers/test/../../../adm/dists/ptII11.1.devel/vendors/node; tar -Jxf /home/travis/build/icyphy/ptII/adm/installers/test/../../../adm/gen-11.1/node/node-v7.10.1-linux-x64.tar.xz)
(cd /home/travis/build/icyphy/ptII/adm/installers/test/../../../adm/dists/ptII11.1.devel/vendors/node; unzip -q /home/travis/build/icyphy/ptII/adm/installers/test/../../../adm/gen-11.1/node/node-v7.10.1-win-x64.zip)
(cd /home/travis/build/icyphy/ptII/adm/installers/test/../../../adm/dists/ptII11.1.devel/vendors; ln -s /home/travis/build/icyphy/ptII/adm/installers/test/../../../vendors/installer .)
ls -l /home/travis/build/icyphy/ptII/adm/installers/test/../../../adm/dists/ptII11.1.devel/vendors/installer
lrwxrwxrwx 1 travis travis 77 Aug  6 15:04 /home/travis/build/icyphy/ptII/adm/installers/test/../../../adm/dists/ptII11.1.devel/vendors/installer -> /home/travis/build/icyphy/ptII/adm/installers/test/../../../vendors/installer
# Remove the duktape binaries.
(cd /home/travis/build/icyphy/ptII/adm/installers/test/../../../adm/dists/ptII11.1.devel/org/terraswarm/accessor/accessors/web; ant clean.duktape);
/home/travis/build/icyphy/ptII/bin/ant: Running /home/travis/build/icyphy/ptII/ant/bin/ant clean.duktape
Buildfile: /home/travis/build/icyphy/ptII/adm/dists/ptII11.1.devel/org/terraswarm/accessor/accessors/web/build.xml

-cargo-in-path:
     [echo] 
     [echo]       Checking to see if the cargo binary is present.
     [echo]       cargo is used for the rusteduk target.
     [echo]       Rusteduk is a Duktape-based JavaScript Interpreter
     [echo]       that can be called from rust.
     [echo]       If cargo is not found, then rusteduk won't compile.
     [echo]       Rusteduk is not required by Accessors.
     [echo]     

clean.rusteduk:

clean.duktape:

BUILD SUCCESSFUL
Total time: 0 seconds
#
# Set up vendors directory for making docs and jar_dist
#
# Java3D (for the Mac)
cp -r /home/travis/build/icyphy/ptII/adm/installers/test/../../../vendors/j3d /home/travis/build/icyphy/ptII/adm/installers/test/../../../adm/dists/ptII11.1.devel/vendors
#
# Jogl (for the Mac)
mkdir -p /home/travis/build/icyphy/ptII/adm/installers/test/../../../adm/dists/ptII11.1.devel/vendors/jogl
cp /home/travis/build/icyphy/ptII/adm/installers/test/../../../vendors/jogl/*.txt /home/travis/build/icyphy/ptII/adm/installers/test/../../../adm/dists/ptII11.1.devel/vendors/jogl
mkdir -p /home/travis/build/icyphy/ptII/adm/installers/test/../../../adm/dists/ptII11.1.devel/vendors/jogl/lib/Darwin
ls /home/travis/build/icyphy/ptII/vendors/jogl
lib
LICENSE-gluegen.txt
LICENSE-jogl.txt
ls /home/travis/build/icyphy/ptII/vendors/jogl/lib/Darwin
jogamp-fat.jar
cp /home/travis/build/icyphy/ptII/adm/installers/test/../../../vendors/jogl/lib/Darwin/*.jar /home/travis/build/icyphy/ptII/adm/installers/test/../../../adm/dists/ptII11.1.devel/vendors/jogl/lib/Darwin
cp -r /home/travis/build/icyphy/ptII/adm/installers/test/../../../vendors/jogl/lib/natives /home/travis/build/icyphy/ptII/adm/installers/test/../../../adm/dists/ptII11.1.devel/vendors/jogl/lib
# Vergil.app needs the shared libraries to appear in bin/natives.
cp -r /home/travis/build/icyphy/ptII/adm/installers/test/../../../vendors/jogl/lib/natives /home/travis/build/icyphy/ptII/adm/installers/test/../../../adm/dists/ptII11.1.devel/bin/
# Install jsdoc from the npm repo
(cd /home/travis/build/icyphy/ptII/adm/installers/test/../../../adm/dists/ptII11.1.devel; rm -rf node_modules; mkdir -p node_modules; if [ ! -d node_modules/@terraswarm/jsdoc ]; then npm install @terraswarm/jsdoc; fi)
/home/travis/build/icyphy/ptII/adm/dists/ptII11.1.devel
└─┬ @terraswarm/jsdoc@3.5.1-dev 
  ├── bluebird@3.4.7 
  ├─┬ catharsis@0.8.11 
  │ └── lodash@4.17.19 
  ├── escape-string-regexp@1.0.5 
  ├─┬ espree@3.1.7 
  │ ├── acorn@3.3.0 
  │ └── acorn-jsx@3.0.1 
  ├── js2xmlparser@1.0.0 
  ├─┬ klaw@1.3.1 
  │ └── graceful-fs@4.2.4 
  ├── marked@0.3.19 
  ├─┬ mkdirp@0.5.5 
  │ └── minimist@1.2.5 
  ├── requizzle@0.2.3 
  ├── strip-json-comments@2.0.1 
  ├── taffydb@2.6.2 
  └── underscore@1.8.3 

npm WARN enoent ENOENT: no such file or directory, open '/home/travis/build/icyphy/ptII/adm/dists/ptII11.1.devel/package.json'
npm WARN ptII11.1.devel No description
npm WARN ptII11.1.devel No repository field.
npm WARN ptII11.1.devel No README data
npm WARN ptII11.1.devel No license field.
(cd /home/travis/build/icyphy/ptII/adm/installers/test/../../../adm/dists/ptII11.1.devel/org/terraswarm/accessor/accessors/web; ant jsdoc-install)
/home/travis/build/icyphy/ptII/bin/ant: Running /home/travis/build/icyphy/ptII/ant/bin/ant jsdoc-install
Buildfile: /home/travis/build/icyphy/ptII/adm/dists/ptII11.1.devel/org/terraswarm/accessor/accessors/web/build.xml

-check-jsdoc:
     [echo] To stop CapeCode from invoking jsdoc and svn, set the PT_NO_NET environment variable.  
     [echo]     Under BASH:
     [echo]         export PT_NO_NET=true
     [echo]     If ptdoc fails, and you are building from $PTII, try:
     [echo]         ant build-project build-bin
     [echo]     

-check-node:

-check-node-works:
     [exec] v7.10.1

-check-npm:

-check-npm-works:
     [exec] 4.2.0

jsdoc-install:

BUILD SUCCESSFUL
Total time: 0 seconds
# Accessors node_modules
rm -rf /home/travis/build/icyphy/ptII/adm/installers/test/../../../adm/dists/ptII11.1.devel/org/terraswarm/accessor/accessors/node_modules
rm -rf /home/travis/build/icyphy/ptII/adm/installers/test/../../../adm/dists/ptII11.1.devel/org/terraswarm/accessor/accessors/web/node_modules
mkdir /home/travis/build/icyphy/ptII/adm/installers/test/../../../adm/dists/ptII11.1.devel/org/terraswarm/accessor/accessors/web/node_modules
(cd /home/travis/build/icyphy/ptII/adm/installers/test/../../../adm/dists/ptII11.1.devel/org/terraswarm/accessor/accessors/web/node_modules; ln -s ../hosts @accessors-hosts)
#
# Serial
mkdir -p /home/travis/build/icyphy/ptII/adm/installers/test/../../../adm/dists/ptII11.1.devel/vendors/misc/rxtx/
cp /home/travis/build/icyphy/ptII/adm/installers/test/../../../vendors/misc/rxtx/RXTXcomm.jar /home/travis/build/icyphy/ptII/adm/installers/test/../../../adm/dists/ptII11.1.devel/vendors/misc/rxtx/
#
# Joystick
mkdir -p /home/travis/build/icyphy/ptII/adm/installers/test/../../../adm/dists/ptII11.1.devel/vendors/misc/joystick/
cp /home/travis/build/icyphy/ptII/adm/installers/test/../../../vendors/misc/joystick/Joystick.jar /home/travis/build/icyphy/ptII/adm/installers/test/../../../adm/dists/ptII11.1.devel/vendors/misc/joystick/
ls -l /home/travis/build/icyphy/ptII/adm/installers/test/../../../vendors/misc/joystick/Joystick.jar /home/travis/build/icyphy/ptII/adm/installers/test/../../../adm/dists/ptII11.1.devel/vendors/misc/joystick/
-rw-rw-r-- 1 travis travis 5978 Aug  6 14:58 /home/travis/build/icyphy/ptII/adm/installers/test/../../../vendors/misc/joystick/Joystick.jar

/home/travis/build/icyphy/ptII/adm/installers/test/../../../adm/dists/ptII11.1.devel/vendors/misc/joystick/:
total 8
-rw-rw-r-- 1 travis travis 5978 Aug  6 15:04 Joystick.jar
# Tools used to build installers.
ln -s /home/travis/build/icyphy/ptII/adm/installers/test/../../../vendors/izpack /home/travis/build/icyphy/ptII/adm/installers/test/../../../adm/dists/ptII11.1.devel/vendors/izpack
ls -l /home/travis/build/icyphy/ptII/adm/installers/test/../../../vendors
total 96
drwxrwxr-x  3 travis travis 4096 Aug  6 14:58 adm
drwxrwxr-x  2 travis travis 4096 Aug  6 14:58 cm
drwxrwxr-x  2 travis travis 4096 Aug  6 14:58 fmucheck
drwxrwxr-x  6 travis travis 4096 Aug  6 14:58 fmusdk
drwxrwxr-x  2 travis travis 4096 Aug  6 14:58 gc
drwxrwxr-x  2 travis travis 4096 Jul 25 06:38 installer
drwxrwxr-x  9 travis travis 4096 Aug  6 15:04 izpack
drwxrwxr-x  3 travis travis 4096 Aug  6 14:58 j3d
drwxrwxr-x  2 travis travis 4096 Jul  4 14:36 jai-1_1_2_01
drwxrwxr-x  3 travis travis 4096 Sep 12  2006 jai-1_1_3
drwxrwxr-x  3 travis travis 4096 Jul  4 14:37 javafx
drwxrwxr-x  5 travis travis 4096 Jul  4 14:37 JMF-2.1.1e
drwxrwxr-x  5 travis travis 4096 Aug  6 14:58 jode
drwxrwxr-x  3 travis travis 4096 Aug  6 14:58 jogl
drwxr-xr-x 16 travis travis 4096 Jun 27  2017 launch4j
drwxrwxr-x  9 travis travis 4096 Aug  6 14:58 misc
drwxrwxr-x  4 travis travis 4096 Aug  6 14:58 ocp
drwxrwxr-x  5 travis travis 4096 Jul  4 14:56 opencv
drwxrwxr-x  2 travis travis 4096 Aug  6 14:58 oracle
drwxrwxr-x  2 travis travis 4096 Aug  6 14:58 oscP5
-rw-rw-r--  1 travis travis 1543 Aug  6 14:58 README.txt
drwxrwxr-x  2 travis travis 4096 Aug  6 14:58 soot
drwxrwxr-x  6 travis travis 4096 Aug  6 14:58 sun
drwxrwxr-x  7 travis travis 4096 Aug  6 15:01 universalJavaApplicationStub
ls -l /home/travis/build/icyphy/ptII/adm/installers/test/../../../adm/dists/ptII11.1.devel/vendors
total 24
lrwxrwxrwx 1 travis travis   77 Aug  6 15:04 installer -> /home/travis/build/icyphy/ptII/adm/installers/test/../../../vendors/installer
lrwxrwxrwx 1 travis travis   74 Aug  6 15:04 izpack -> /home/travis/build/icyphy/ptII/adm/installers/test/../../../vendors/izpack
drwxrwxr-x 3 travis travis 4096 Aug  6 15:04 j3d
drwxrwxr-x 3 travis travis 4096 Aug  6 15:04 jogl
drwxrwxr-x 4 travis travis 4096 Aug  6 15:04 misc
drwxrwxr-x 5 travis travis 4096 Aug  6 15:04 node
ls -l /home/travis/build/icyphy/ptII/adm/installers/test/../../../vendors/izpack /home/travis/build/icyphy/ptII/adm/installers/test/../../../adm/dists/ptII11.1.devel/vendors/izpack
lrwxrwxrwx 1 travis travis   74 Aug  6 15:04 /home/travis/build/icyphy/ptII/adm/installers/test/../../../adm/dists/ptII11.1.devel/vendors/izpack -> /home/travis/build/icyphy/ptII/adm/installers/test/../../../vendors/izpack

/home/travis/build/icyphy/ptII/adm/installers/test/../../../vendors/izpack:
total 28
drwxrwxr-x 2 travis travis 4096 Aug  6 15:04 bin
drwxrwxr-x 2 travis travis 4096 Aug  6 15:04 icons
drwxrwxr-x 2 travis travis 4096 Aug  6 15:04 legal
drwxrwxr-x 2 travis travis 4096 Aug  6 15:04 lib
drwxrwxr-x 3 travis travis 4096 Aug  6 15:04 schema
drwxrwxr-x 2 travis travis 4096 Aug  6 15:04 Uninstaller
drwxrwxr-x 3 travis travis 4096 Aug  6 15:04 utils
ln -s /home/travis/build/icyphy/ptII/adm/installers/test/../../../vendors/launch4j /home/travis/build/icyphy/ptII/adm/installers/test/../../../adm/dists/ptII11.1.devel/vendors/launch4j
ls -l /home/travis/build/icyphy/ptII/adm/installers/test/../../../vendors/launch4j /home/travis/build/icyphy/ptII/adm/installers/test/../../../adm/dists/ptII11.1.devel/vendors/launch4j
lrwxrwxrwx  1 travis travis   76 Aug  6 15:04 /home/travis/build/icyphy/ptII/adm/installers/test/../../../adm/dists/ptII11.1.devel/vendors/launch4j -> /home/travis/build/icyphy/ptII/adm/installers/test/../../../vendors/launch4j

/home/travis/build/icyphy/ptII/adm/installers/test/../../../vendors/launch4j:
total 264
drwxr-xr-x 2 travis travis   4096 Jun 27  2017 bin
-rw-r--r-- 1 travis travis   2457 Jun 27  2017 build.xml
drwxr-xr-x 5 travis travis   4096 Jun 27  2017 demo
drwxr-xr-x 2 travis travis   4096 Jun 27  2017 head
drwxr-xr-x 2 travis travis   4096 Jun 27  2017 head_jni_BETA
drwxr-xr-x 6 travis travis   4096 Jun 27  2017 head_src
-rwxr-xr-x 1 travis travis    160 Jun 27  2017 launch4j
-rw-r--r-- 1 travis travis 197822 Jun 27  2017 launch4j.jar
-rw-r--r-- 1 travis travis    125 Jun 27  2017 launch4j.jfpr
drwxr-xr-x 2 travis travis   4096 Jun 27  2017 lib
-rw-r--r-- 1 travis travis   1630 Jun 27  2017 LICENSE.txt
drwxr-xr-x 2 travis travis   4096 Jun 27  2017 manifest
drwxr-xr-x 4 travis travis   4096 Jun 27  2017 maven
drwxr-xr-x 2 travis travis   4096 Jun 27  2017 sign4j
drwxr-xr-x 4 travis travis   4096 Jun 27  2017 src
drwxr-xr-x 2 travis travis   4096 Jun 27  2017 w32api
drwxr-xr-x 2 travis travis   4096 Jun 27  2017 w32api_jni
drwxr-xr-x 2 travis travis   4096 Jun 27  2017 web
#
# Checking to be sure we can build
#(cd /home/travis/build/icyphy/ptII/adm/installers/test/../../../adm/dists/ptII11.1.devel; PTII=`pwd` ./configure; ant)
##(cd /home/travis/build/icyphy/ptII/adm/installers/test/../../../adm/dists/ptII11.1.devel/bin; make )
#@echo "Do make realclean to clean up any trash"
#cd /home/travis/build/icyphy/ptII/adm/installers/test/../../../adm/dists/ptII11.1.devel; make clean
#cd /home/travis/build/icyphy/ptII/adm/installers/test/../../../adm/dists/ptII11.1.devel; make
#cd /home/travis/build/icyphy/ptII/adm/installers/test/../../../adm/dists/ptII11.1.devel; make javadocs
rm -f /home/travis/build/icyphy/ptII/adm/installers/test/../../../adm/dists/ptII11.1.devel/.glimpse*
cp /home/travis/build/icyphy/ptII/adm/installers/test/../../../.glimpse_exclude /home/travis/build/icyphy/ptII/adm/installers/test/../../../adm/dists/ptII11.1.devel
ls -l /home/travis/build/icyphy/ptII/adm/installers/test/../../../adm/dists/ptII11.1.devel/configure /home/travis/build/icyphy/ptII/adm/installers/test/../../../adm/dists/ptII11.1.devel/config
-rwxrwxr-x 1 travis travis 614394 Aug  6 15:01 /home/travis/build/icyphy/ptII/adm/installers/test/../../../adm/dists/ptII11.1.devel/configure

/home/travis/build/icyphy/ptII/adm/installers/test/../../../adm/dists/ptII11.1.devel/config:
total 84
-rw-rw-r-- 1 travis travis 1647 Aug  6 14:58 confTest.java
-rw-rw-r-- 1 travis travis 1660 Aug  6 14:58 CORBATest.java
-rw-rw-r-- 1 travis travis 1717 Aug  6 14:58 EclipseITreeSelection.java
-rw-rw-r-- 1 travis travis 5183 Aug  6 14:58 FindClass.java
-rw-rw-r-- 1 travis travis  289 Aug  6 14:58 gmpTest2.cc
-rw-rw-r-- 1 travis travis  163 Aug  6 14:58 gmpTest.c
-rwxrwxr-x 1 travis travis 2585 Aug  6 14:58 install-sh
-rw-rw-r-- 1 travis travis 1845 Aug  6 14:58 JAITest.java
-rw-rw-r-- 1 travis travis 1653 Aug  6 14:58 java3dTest.java
-rw-rw-r-- 1 travis travis 1842 Aug  6 14:58 JavaFXTest.java
-rw-rw-r-- 1 travis travis 1914 Aug  6 14:58 JavaHome.java
-rw-rw-r-- 1 travis travis 1522 Aug  6 14:58 javasoundTest.java
-rw-rw-r-- 1 travis travis 1739 Aug  6 14:58 JMFTest.java
-rw-rw-r-- 1 travis travis 1707 Aug  6 14:58 JXLTest.java
-rw-rw-r-- 1 travis travis 1727 Aug  6 14:58 MajorOSName.java
-rw-rw-r-- 1 travis travis 3507 Aug  6 14:58 OpenCVTest.java
-rw-rw-r-- 1 travis travis 1715 Aug  6 14:58 quickTimeTest.java
-rw-rw-r-- 1 travis travis 4967 Aug  6 14:58 RootDirectory.java
-rw-rw-r-- 1 travis travis 3730 Aug  6 14:58 SystemJar.java
# Copy libjvm.dll.a because it was removed by src.ex
#cp /home/travis/build/icyphy/ptII/adm/installers/test/../../../ptolemy/codegen/c/lib/win/libjvm.dll.a /home/travis/build/icyphy/ptII/adm/installers/test/../../../adm/dists/ptII11.1.devel/ptolemy/codegen/c/lib/win
#ls -l  /home/travis/build/icyphy/ptII/adm/installers/test/../../../adm/dists/ptII11.1.devel/ptolemy/codegen/c/lib/win/libjvm.dll.a
#
# Copy *.so files because src.ex removes them.
cp /home/travis/build/icyphy/ptII/adm/installers/test/../../../lib/lib*.so /home/travis/build/icyphy/ptII/adm/installers/test/../../../adm/dists/ptII11.1.devel/lib/
#
touch /home/travis/build/icyphy/ptII/adm/installers/test/../../../adm/dists/ptII11.1.devel/configure
# Copy the vergil script for use in the full tar file
#(cd /home/travis/build/icyphy/ptII/adm/installers/test/../../../bin; make)
#rm -f /home/travis/build/icyphy/ptII/adm/installers/test/../../../adm/dists/ptII11.1.devel/bin/vergil
#cp /home/travis/build/icyphy/ptII/adm/installers/test/../../../bin/vergil /home/travis/build/icyphy/ptII/adm/installers/test/../../../adm/dists/ptII11.1.devel/bin
# Bump up the mod time of TII/mk/ptII.mk.in so that if
# the user runs make, then configure will run 
touch /home/travis/build/icyphy/ptII/adm/installers/test/../../../adm/dists/ptII11.1.devel/mk/ptII.mk.in
#
# doc
#
# Fix up doc/img/makefile
egrep -v "PtolemyIISplash.psd|banner.psd|ptIIbanner2.psd" \
	/home/travis/build/icyphy/ptII/adm/installers/test/../../../adm/dists/ptII11.1.devel/doc/img/makefile \
	> /home/travis/build/icyphy/ptII/adm/installers/test/../../../adm/dists/ptII11.1.devel/doc/img/makefile_tmp
mv /home/travis/build/icyphy/ptII/adm/installers/test/../../../adm/dists/ptII11.1.devel/doc/img/makefile_tmp \
	/home/travis/build/icyphy/ptII/adm/installers/test/../../../adm/dists/ptII11.1.devel/doc/img/makefile
# Fix up doc/makefile
egrep -v "coroutine|giotto.cgc|metroII|openmodelica" \
	< /home/travis/build/icyphy/ptII/adm/installers/test/../../../adm/dists/ptII11.1.devel/doc/makefile \
	> /home/travis/build/icyphy/ptII/adm/installers/test/../../../adm/dists/ptII11.1.devel/doc/makefile_tmp
mv /home/travis/build/icyphy/ptII/adm/installers/test/../../../adm/dists/ptII11.1.devel/doc/makefile_tmp \
	/home/travis/build/icyphy/ptII/adm/installers/test/../../../adm/dists/ptII11.1.devel/doc/makefile
#
# jars.xml
# 
# Remove metroII and openmodelica from jars.xml
egrep -v "^    <include name=.*(metroII|openmodelica|/src)" \
	< /home/travis/build/icyphy/ptII/adm/installers/test/../../../adm/dists/ptII11.1.devel/jars.xml \
	> /home/travis/build/icyphy/ptII/adm/installers/test/../../../adm/dists/ptII11.1.devel/jars.xml_tmp
mv /home/travis/build/icyphy/ptII/adm/installers/test/../../../adm/dists/ptII11.1.devel/jars.xml_tmp \
	/home/travis/build/icyphy/ptII/adm/installers/test/../../../adm/dists/ptII11.1.devel/jars.xml
#
# Fix up ptolemy/actor/gui/jnlp/makefile
# Need to be careful here and remove ViptosApplication.jar from OTHER_JARS, but not the from the rule.
# So, we use a trailing space.
egrep -v "ViptosApplication.jar " \
	/home/travis/build/icyphy/ptII/adm/installers/test/../../../adm/dists/ptII11.1.devel/ptolemy/actor/gui/jnlp/makefile \
	> /home/travis/build/icyphy/ptII/adm/installers/test/../../../adm/dists/ptII11.1.devel/ptolemy/actor/gui/jnlp/makefile.tmp
mv /home/travis/build/icyphy/ptII/adm/installers/test/../../../adm/dists/ptII11.1.devel/ptolemy/actor/gui/jnlp/makefile.tmp \
	/home/travis/build/icyphy/ptII/adm/installers/test/../../../adm/dists/ptII11.1.devel/ptolemy/actor/gui/jnlp/makefile
#
# ptolemy/configs
#
# Remove apps/hlacerti from cosimulation.xml
egrep -v "apps/hlacerti" \
	< /home/travis/build/icyphy/ptII/adm/installers/test/../../../adm/dists/ptII11.1.devel/ptolemy/configs/cosimulation.xml \
	> /home/travis/build/icyphy/ptII/adm/installers/test/../../../adm/dists/ptII11.1.devel/ptolemy/configs/cosimulation.xml_tmp
mv /home/travis/build/icyphy/ptII/adm/installers/test/../../../adm/dists/ptII11.1.devel/ptolemy/configs/cosimulation.xml_tmp \
	/home/travis/build/icyphy/ptII/adm/installers/test/../../../adm/dists/ptII11.1.devel/ptolemy/configs/cosimulation.xml
# Remove apps.xml, corba.xml from the configuration
egrep -v "apps.xml|corba.xml|mbed.xml|metroII.xml|openmodelica|scrEffigy|scrTableau|scr.xml" \
	< /home/travis/build/icyphy/ptII/adm/installers/test/../../../adm/dists/ptII11.1.devel/ptolemy/configs/defaultFullConfiguration.xml \
	> /home/travis/build/icyphy/ptII/adm/installers/test/../../../adm/dists/ptII11.1.devel/ptolemy/configs/defaultFullConfiguration.xml_tmp
sed 's/, &quot;ptolemy.vergil.basic.imprt.fmu.ImportFMUAsJavaFMUAction&quot;//' \
	/home/travis/build/icyphy/ptII/adm/installers/test/../../../adm/dists/ptII11.1.devel/ptolemy/configs/defaultFullConfiguration.xml_tmp \
	> /home/travis/build/icyphy/ptII/adm/installers/test/../../../adm/dists/ptII11.1.devel/ptolemy/configs/defaultFullConfiguration.xml
# Fix up experimentalDirector.xml
egrep -v "openmodelica" \
	< /home/travis/build/icyphy/ptII/adm/installers/test/../../../adm/dists/ptII11.1.devel/ptolemy/configs/experimentalDirectors.xml \
	> /home/travis/build/icyphy/ptII/adm/installers/test/../../../adm/dists/ptII11.1.devel/ptolemy/configs/experimentalDirectors.xml_tmp
mv /home/travis/build/icyphy/ptII/adm/installers/test/../../../adm/dists/ptII11.1.devel/ptolemy/configs/experimentalDirectors.xml_tmp \
	/home/travis/build/icyphy/ptII/adm/installers/test/../../../adm/dists/ptII11.1.devel/ptolemy/configs/experimentalDirectors.xml
# Remove things that should not be shipped from completeDemos.htm
awk -f /home/travis/build/icyphy/ptII/adm/installers/test/../../../adm/gen-11.1/dontship.awk /home/travis/build/icyphy/ptII/adm/installers/test/../../../adm/dists/ptII11.1.devel/ptolemy/configs/doc/completeDemos.htm \
	> /home/travis/build/icyphy/ptII/adm/installers/test/../../../adm/dists/ptII11.1.devel/ptolemy/configs/doc/completeDemos_tmp.htm
mv /home/travis/build/icyphy/ptII/adm/installers/test/../../../adm/dists/ptII11.1.devel/ptolemy/configs/doc/completeDemos_tmp.htm \
	/home/travis/build/icyphy/ptII/adm/installers/test/../../../adm/dists/ptII11.1.devel/ptolemy/configs/doc/completeDemos.htm
# Remove metroII and openmodelica from models.txt
egrep -v "metroII|openmodelica" \
	< /home/travis/build/icyphy/ptII/adm/installers/test/../../../adm/dists/ptII11.1.devel/ptolemy/configs/doc/models.txt \
	> /home/travis/build/icyphy/ptII/adm/installers/test/../../../adm/dists/ptII11.1.devel/ptolemy/configs/doc/models.txt_tmp
mv /home/travis/build/icyphy/ptII/adm/installers/test/../../../adm/dists/ptII11.1.devel/ptolemy/configs/doc/models.txt_tmp \
	/home/travis/build/icyphy/ptII/adm/installers/test/../../../adm/dists/ptII11.1.devel/ptolemy/configs/doc/models.txt
# Fix up data/expr/test/makefile
egrep -v Variable2.tcl \
	/home/travis/build/icyphy/ptII/adm/installers/test/../../../adm/dists/ptII11.1.devel/ptolemy/data/expr/test/makefile \
	> /home/travis/build/icyphy/ptII/adm/installers/test/../../../adm/dists/ptII11.1.devel/ptolemy/data/expr/test/makefile.tmp
mv /home/travis/build/icyphy/ptII/adm/installers/test/../../../adm/dists/ptII11.1.devel/ptolemy/data/expr/test/makefile.tmp \
	/home/travis/build/icyphy/ptII/adm/installers/test/../../../adm/dists/ptII11.1.devel/ptolemy/data/expr/test/makefile
#
# ptolemy/domains
#
# Remove coroutine, metroII and openmodelica from domains/makefile
egrep -v "coroutine|metroII|openmodelica" \
	< /home/travis/build/icyphy/ptII/adm/installers/test/../../../adm/dists/ptII11.1.devel/ptolemy/domains/makefile \
	> /home/travis/build/icyphy/ptII/adm/installers/test/../../../adm/dists/ptII11.1.devel/ptolemy/domains/makefile_tmp
mv /home/travis/build/icyphy/ptII/adm/installers/test/../../../adm/dists/ptII11.1.devel/ptolemy/domains/makefile_tmp \
	/home/travis/build/icyphy/ptII/adm/installers/test/../../../adm/dists/ptII11.1.devel/ptolemy/domains/makefile
# Fix up ptolemy/domains/csp/demo/DiningPhilosophers/makefile
egrep -v checkDeadlock \
	/home/travis/build/icyphy/ptII/adm/installers/test/../../../adm/dists/ptII11.1.devel/ptolemy/domains/csp/demo/DiningPhilosophers/makefile \
	> /home/travis/build/icyphy/ptII/adm/installers/test/../../../adm/dists/ptII11.1.devel/ptolemy/domains/csp/demo/DiningPhilosophers/makefile.tmp
mv /home/travis/build/icyphy/ptII/adm/installers/test/../../../adm/dists/ptII11.1.devel/ptolemy/domains/csp/demo/DiningPhilosophers/makefile.tmp \
	/home/travis/build/icyphy/ptII/adm/installers/test/../../../adm/dists/ptII11.1.devel/ptolemy/domains/csp/demo/DiningPhilosophers/makefile
# Fix up dde/kernel/test/makefile
egrep -v DDEDirector.tcl \
	/home/travis/build/icyphy/ptII/adm/installers/test/../../../adm/dists/ptII11.1.devel/ptolemy/domains/dde/kernel/test/makefile \
	> /home/travis/build/icyphy/ptII/adm/installers/test/../../../adm/dists/ptII11.1.devel/ptolemy/domains/dde/kernel/test/makefile.tmp
mv /home/travis/build/icyphy/ptII/adm/installers/test/../../../adm/dists/ptII11.1.devel/ptolemy/domains/dde/kernel/test/makefile.tmp \
	/home/travis/build/icyphy/ptII/adm/installers/test/../../../adm/dists/ptII11.1.devel/ptolemy/domains/dde/kernel/test/makefile
# Fix up giotto/makefile
egrep -v cgc \
	/home/travis/build/icyphy/ptII/adm/installers/test/../../../adm/dists/ptII11.1.devel/ptolemy/domains/giotto/makefile \
	> /home/travis/build/icyphy/ptII/adm/installers/test/../../../adm/dists/ptII11.1.devel/ptolemy/domains/giotto/makefile.tmp
mv /home/travis/build/icyphy/ptII/adm/installers/test/../../../adm/dists/ptII11.1.devel/ptolemy/domains/giotto/makefile.tmp \
	/home/travis/build/icyphy/ptII/adm/installers/test/../../../adm/dists/ptII11.1.devel/ptolemy/domains/giotto/makefile
# Fix up ptolemy/domains/giotto/demo
egrep -v Legiotto \
	/home/travis/build/icyphy/ptII/adm/installers/test/../../../adm/dists/ptII11.1.devel/ptolemy/domains/giotto/demo/makefile \
	> /home/travis/build/icyphy/ptII/adm/installers/test/../../../adm/dists/ptII11.1.devel/ptolemy/domains/giotto/demo/makefile.tmp
mv /home/travis/build/icyphy/ptII/adm/installers/test/../../../adm/dists/ptII11.1.devel/ptolemy/domains/giotto/demo/makefile.tmp \
	/home/travis/build/icyphy/ptII/adm/installers/test/../../../adm/dists/ptII11.1.devel/ptolemy/domains/giotto/demo/makefile
# Fix up tm/makefile
egrep -v runtime \
	/home/travis/build/icyphy/ptII/adm/installers/test/../../../adm/dists/ptII11.1.devel/ptolemy/domains/tm/makefile \
	> /home/travis/build/icyphy/ptII/adm/installers/test/../../../adm/dists/ptII11.1.devel/ptolemy/domains/tm/makefile.tmp
mv /home/travis/build/icyphy/ptII/adm/installers/test/../../../adm/dists/ptII11.1.devel/ptolemy/domains/tm/makefile.tmp \
	/home/travis/build/icyphy/ptII/adm/installers/test/../../../adm/dists/ptII11.1.devel/ptolemy/domains/tm/makefile
# Fix up ptolemy/domains/wireless/demo
egrep -v Network \
	/home/travis/build/icyphy/ptII/adm/installers/test/../../../adm/dists/ptII11.1.devel/ptolemy/domains/wireless/demo/makefile \
	> /home/travis/build/icyphy/ptII/adm/installers/test/../../../adm/dists/ptII11.1.devel/ptolemy/domains/wireless/demo/makefile.tmp
mv /home/travis/build/icyphy/ptII/adm/installers/test/../../../adm/dists/ptII11.1.devel/ptolemy/domains/wireless/demo/makefile.tmp \
	/home/travis/build/icyphy/ptII/adm/installers/test/../../../adm/dists/ptII11.1.devel/ptolemy/domains/wireless/demo/makefile
#
# ptolemy/vergil
#
# Remove ImportFMUAsJavaFMUAction.java from the makefile
egrep -v "ImportFMUAsJavaFMUAction.java" \
	< /home/travis/build/icyphy/ptII/adm/installers/test/../../../adm/dists/ptII11.1.devel/ptolemy/vergil/basic/imprt/fmu/makefile \
	> /home/travis/build/icyphy/ptII/adm/installers/test/../../../adm/dists/ptII11.1.devel/ptolemy/vergil/basic/imprt/fmu/makefile_tmp
mv /home/travis/build/icyphy/ptII/adm/installers/test/../../../adm/dists/ptII11.1.devel/ptolemy/vergil/basic/imprt/fmu/makefile_tmp \
	/home/travis/build/icyphy/ptII/adm/installers/test/../../../adm/dists/ptII11.1.devel/ptolemy/vergil/basic/imprt/fmu/makefile
# Remove the html generated files, the filenames are too long
(cd /home/travis/build/icyphy/ptII/adm/installers/test/../../../adm/dists/ptII11.1.devel; rm -rf `(cd /home/travis/build/icyphy/ptII/adm/installers/test/../../..; svn status | egrep '\?' | grep /demo/ | awk '{print $2}')` )
svn: warning: W155007: '/home/travis/build/icyphy/ptII' is not a working copy
# Rebuild jar files after removing unwanted code.
Rebuild jar_dist so that the Windows installer gets the new jars
rm -rf /home/travis/build/icyphy/ptII/adm/installers/test/../../../adm/dists/ptII11.1.devel/jar_dist
make /home/travis/build/icyphy/ptII/adm/installers/test/../../../adm/dists/ptII11.1.devel/jar_dist
make[1]: Entering directory '/home/travis/build/icyphy/ptII/adm/gen-11.1'
#
# Now creating PTIIDIST/jar_dist: /home/travis/build/icyphy/ptII/adm/installers/test/../../../adm/dists/ptII11.1.devel/jar_dist
#
/home/travis/build/icyphy/ptII/adm/installers/test/../../../adm/dists/ptII11.1.devel/jar_dist Thu Aug  6 15:04:19 UTC 2020
if [ ! -d "/home/travis/build/icyphy/ptII/adm/installers/test/../../../adm/dists/ptII11.1.devel/jar_dist" ] ; then \
    echo "Running make -k  jar_dist and other commands in /home/travis/build/icyphy/ptII/adm/installers/test/../../../adm/dists/ptII11.1.devel"; \
    (cd /home/travis/build/icyphy/ptII/adm/installers/test/../../../adm/dists/ptII11.1.devel; PTII=`/home/travis/build/icyphy/ptII/adm/installers/test/../../../adm/gen-11.1/ptcygpath /home/travis/build/icyphy/ptII/adm/installers/test/../../../adm/dists/ptII11.1.devel` JAVADOC=javadoc ./configure; rm -rf bin/*.app; \
	PTII=`/home/travis/build/icyphy/ptII/adm/installers/test/../../../adm/gen-11.1/ptcygpath /home/travis/build/icyphy/ptII/adm/installers/test/../../../adm/dists/ptII11.1.devel`; ant; \
	if [ -f "`find /home/travis/build/icyphy/ptII/doc -name "codeDoc*.jar" -mtime -10 | head -1`" ]; then \
		echo "Found /home/travis/build/icyphy/ptII/codeDoc*.jar files that are less than 10 days old.  Will use unjar them in `pwd` instead of rerunning javadoc."; \
		for jarfile in /home/travis/build/icyphy/ptII/doc/codeDoc*.jar; do \
			echo "Unjaring $jarfile in `pwd`"; \
			/usr/bin/jar -xvf $jarfile; \
		done; \
		ls -l /home/travis/build/icyphy/ptII/adm/installers/test/../../../adm/dists/ptII11.1.devel; \
		ls -l /home/travis/build/icyphy/ptII/adm/installers/test/../../../adm/dists/ptII11.1.devel/doc; \
		ls -l /home/travis/build/icyphy/ptII/adm/installers/test/../../../adm/dists/ptII11.1.devel/doc/codeDoc; \
	else \
		echo "About to rebuild javadocs: `date`"; \
		(cd /home/travis/build/icyphy/ptII/adm/installers/test/../../../adm/dists/ptII11.1.devel/doc; PTII=`/home/travis/build/icyphy/ptII/adm/installers/test/../../../adm/gen-11.1/ptcygpath /home/travis/build/icyphy/ptII/adm/installers/test/../../../adm/dists/ptII11.1.devel` make JAVADOC=javadoc clean all_packages install); \
	fi; \
	echo "About to run ant jars: `date`"; \
	ant jars; \
	echo "Rebuild ptiny.exe so that vergil_l4j.jar gets built so that /home/travis/build/icyphy/ptII/adm/installers/test/../../../adm/dists/ptII11.1.devel/jar_dist can use vergil_l4j.jar"; \
	rm -rf /home/travis/build/icyphy/ptII/adm/installers/test/../../../adm/dists/ptII11.1.devel/ptiny.exe; \
	make -C /home/travis/build/icyphy/ptII/adm/installers/test/../../../adm/dists/ptII11.1.devel PTII=`/home/travis/build/icyphy/ptII/adm/installers/test/../../../adm/gen-11.1/ptcygpath /home/travis/build/icyphy/ptII/adm/installers/test/../../../adm/dists/ptII11.1.devel` exes; \
	echo "About to make jar_dist, PTII=`/home/travis/build/icyphy/ptII/adm/installers/test/../../../adm/gen-11.1/ptcygpath /home/travis/build/icyphy/ptII/adm/installers/test/../../../adm/dists/ptII11.1.devel`"; \
	make PTII=`/home/travis/build/icyphy/ptII/adm/installers/test/../../../adm/gen-11.1/ptcygpath /home/travis/build/icyphy/ptII/adm/installers/test/../../../adm/dists/ptII11.1.devel` -k jar_dist); \
	echo "Done creating PTIIDIST/jar_dist: `date`"; \
fi
Running make -k  jar_dist and other commands in /home/travis/build/icyphy/ptII/adm/installers/test/../../../adm/dists/ptII11.1.devel
For more verbose output, run ./configure --enable-verbose
checking if your path has 'program files/java' instead of 'Program Files/Java' ... ok
checking if $PTII ('/home/travis/build/icyphy/ptII/adm/installers/test/../../../adm/dists/ptII11.1.devel') has backslashes... ok
checking if $PTII ('/home/travis/build/icyphy/ptII/adm/installers/test/../../../adm/dists/ptII11.1.devel') and the current directory are the same"... checking if $PTII ('/home/travis/build/icyphy/ptII/adm/installers/test/../../../adm/dists/ptII11.1.devel') contains "cygdrive"... ok
checking for find... /usr/bin/find
checking for javac... /usr/local/lib/jvm/openjdk11/bin/javac
Unrecognized option: -d32
Error: Could not create the Java Virtual Machine.
Error: A fatal exception has occurred. Program will exit.
checking for java32... no
configure: WARNING: Running java -d32 -version failed,
    and ./bin/java does not exist.
    Perhaps you need to install a separate 32-bit JVM
    or rerun configure with --with-java32?
    The 32-bit JVM is only needed for certain 32-bit FMI tests.
    In general, under a 64-bit JVM, FMI will work fine without a 32-bit JVM.
checking for the java runtime in /usr/local/lib/jvm/openjdk11/bin... ok
checking for java... /usr/local/lib/jvm/openjdk11/bin/java
checking for the java compiler in /usr/local/lib/jvm/openjdk11/bin... ok
checking for javac... (cached) /usr/local/lib/jvm/openjdk11/bin/javac
checking the Java compiler with a simple compile... ok
checking the value of the java.version Property ... ok
checking for Java version for use with -target and by Ant in build.xml... ok
checking the JDK version... ok
checking for java.home property by compiling a test program ... ok
checking for java.home property by running a test program ... ok
checking for the jar command... ok
checking that /usr/local/lib/jvm/openjdk11/bin/jar can handle -i... ok
checking for the jarsigner command... ok
configure: WARNING: Cannot find '/usr/local/lib/jvm/openjdk11/bin/javaws'.
    or '/Commands/javaws', looking in the path.
    This is only a problem when testing the Java Webstart (JNLP) files.
configure: WARNING: The javaws command "" is not executable or not found.
    This is only a problem when testing the Java Webstart (JNLP) files.
checking for the javaws command... checking for javaws... no
checking for the keytool command... ok
checking for the proper CLASSPATH separator... ok
checking for /home/travis/build/icyphy/ptII/adm/installers/test/../../../adm/dists/ptII11.1.devel/org/terraswarm/accessor/accessors/, used by CapeCode and Accessors... ok
checking Java 9 and later... ok
checking for the Apache ant binary... ok
checking for gawk... /usr/bin/gawk
checking for mvn... /usr/local/maven-3.6.3/bin/mvn
checking for maven ant task.  This could take a minute the first time configure is run.... ok
configure: WARNING: Failed to find /usr/local/include/boost/numeric/odeint.hpp
    This is only a problem if you want to rebuild the Functional
    Mock-up Interface ++ C files in actor/lib/fmi/fmipp.
    Most users can use the shared libraries in /home/travis/build/icyphy/ptII/adm/installers/test/../../../adm/dists/ptII11.1.devel/lib or /home/travis/build/icyphy/ptII/adm/installers/test/../../../adm/dists/ptII11.1.devel/bin.
checking for websensor in $PTII/ptolemy/apps/websensor... checking for Boost... checking for BSH, the Java Bean Shell... ok
checking for Cal, the actor language... ok
checking for saxon8.jar (used by caltrop)... ok
checking for saxon8-dom.jar (used by caltrop)... ok
checking for java_cup.jar (used by caltrop)... ok
configure: WARNING: Failed to find Checkstyle in /home/travis/build/icyphy/ptII/adm/installers/test/../../../adm/dists/ptII11.1.devel/vendors/checkstyle-6.2
    Checkstyle is only necessary for code cleaning.
    Checkstyle is LGPL'd, so while it could be in the ptII repo, we don't add it.
    Checkstyle may be downloaded from http://checkstyle.sourceforge.net/
checking for Checkstyle, optionally used to check the style of Java files.... checking for Ptolemy subset of Colt, the scientific computing lib... ok
configure: WARNING: Did not find /home/travis/build/icyphy/ptII/adm/installers/test/../../../adm/dists/ptII11.1.devel/vendors/misc/colt/colt.jar,
    using /home/travis/build/icyphy/ptII/adm/installers/test/../../../adm/dists/ptII11.1.devel/lib/ptcolt.jar
configure: WARNING: Failed to find Cobertura in /home/travis/build/icyphy/ptII/adm/installers/test/../../../adm/dists/ptII11.1.devel/vendors/corbertura-2.0.3
    Cobertura is only necessary to for code coverage.
    Cobertura is GPL'd, so we don't check it in to the ptII repository.
    Cobertura may be downloaded from http://cobertura.github.io/cobertura/
configure: WARNING: Failed to find CUnit in /usr/local or
    /home/travis/build/icyphy/ptII/adm/installers/test/../../../adm/dists/ptII11.1.devel/vendors/CUnit.
    CUnit is only necessary to test the C templates of the code generation facility
configure: WARNING: Could not find tools.jar, checking for classes.jar
configure: WARNING: Could not find tools.jar or classes.jar in
    PTJAVA_HOME = /usr/local/lib/jvm/openjdk11
    Usually, tools.jar is in PTJAVA_HOME/../lib/tools.jar
    or classes.jar is in PTJAVA_HOME/../Classes/classes.jar
    Since tools.jar and classes.jar cannot be found,
    we will not use doclets from ptII/doc/doclets, which
    means that the actor documentation index system will not work.
checking for Full version of Colt, the scientific computing lib... checking for Cobertura, optionally used for Java code coverage.... checking for CUnit to be used to test the C cg templates... checking for tools.jar for use with doclets... checking for classes.jar for use with doclets... checking for javadoc... /usr/local/lib/jvm/openjdk11/bin/javadoc
configure: WARNING: Failed to find /home/travis/build/icyphy/ptII/adm/installers/test/../../../adm/dists/ptII11.1.devel/vendors/mbed/gcc-arm/bin/arm-none-eabi-gcc
    so the Mbed CG facility will not be run.
configure: WARNING: Failed to find iText.jar
    as /home/travis/build/icyphy/ptII/adm/installers/test/../../../adm/dists/ptII11.1.devel/vendors/misc/itext/iText.jar.
    Perhaps the iText is not installed?
    You need not download the iText interface unless you
    would like to export PDF from Vergil.
    Note that the iText jar file has the Affero General Public License (AGPL),
    which is an extension of the GNU Public License.
    To use the iText interface, download iText from http://itextpdf.com
    place iText.jar in /home/travis/build/icyphy/ptII/adm/installers/test/../../../adm/dists/ptII11.1.devel/vendors/misc/itext/ and then rerun configure.
checking for arm-none-eabi-gcc... checking for the iText PDF jar... checking G4LTL... ok
JAITest.java:32: error: package com.sun.image.codec.jpeg does not exist
import com.sun.image.codec.jpeg.JPEGCodec;
                               ^
JAITest.java:28: error: package javax.media.jai does not exist
import javax.media.jai.*;
^
2 errors
configure: WARNING: JAI not found in the default classpath
configure: WARNING: '"/usr/local/lib/jvm/openjdk11/bin/javac" JAITest.java' failed and JAI jars were not found
    in /home/travis/build/icyphy/ptII/adm/installers/test/../../../adm/dists/ptII11.1.devel/vendors
    perhaps the Java Advanced Imaging API is not installed?

    Note that JAI does not work in Java 9 and later because Java 9 removed
    internal classes used by JAI.
    See https://wiki.eecs.berkeley.edu/ptexternal/Main/JAI

    You need not download Jai unless you plan on using the video
    actors in /home/travis/build/icyphy/ptII/adm/installers/test/../../../adm/dists/ptII11.1.devel/ptolemy/actor/lib/jai
    The JAI API can be downloaded from
    http://www.oracle.com/technetwork/java/javasebusiness/downloads/java-archive-downloads-java-client-419417.html
checking for Java Advanced Imaging (JAI) API... checking for JAI in /home/travis/build/icyphy/ptII/adm/installers/test/../../../adm/dists/ptII11.1.devel/vendors... checking for Jcerti, used by hlacerti ... ok
checking for JavaMail directory... ok
configure: WARNING: Failed to find /usr/local/jmodelica/include/jmi.h
    which is part of JModelica.
    Ptolemy optionally includes one or more FMUs that use JModelica.
    To install JModelica, see https://svn.jmodelica.org/trunk/INSTALL
ls: cannot access '/home/travis/build/icyphy/ptII/adm/installers/test/../../../adm/dists/ptII11.1.devel/vendors/javafx/*': No such file or directory
checking for JModelica... TMP_JAVAFX_DIR=
ls: cannot access '/home/travis/build/icyphy/ptII/adm/installers/test/../../../adm/dists/ptII11.1.devel/vendors/javafx': No such file or directory
/home/travis/build/icyphy/ptII/adm/installers/test/../../../adm/dists/ptII11.1.devel/vendors/javafx: 
JavaFXTest.java:28: error: package javafx.embed.swing does not exist
import javafx.embed.swing.JFXPanel;
                         ^
JavaFXTest.java:29: error: package javafx.scene.media does not exist
import javafx.scene.media.Media;
                         ^
JavaFXTest.java:49: error: cannot find symbol
    public static JFXPanel fxPanel = null;
                  ^
  symbol:   class JFXPanel
  location: class JavaFXTest
3 errors
configure: WARNING: Failed to find JavaFX.

    Perhaps you are running an OpenJDK JDK instead of an Oracle JDK?
    Or, perhaps you are using an Oracle JDK later than JDK 10 that
    no longer includes JavaFX.
    To download JavaFX, see https://openjfx.io/

    The ./configure script searches for 
    so please install OpenFX at one of those locations or use
    --with-javafx-jar=JARFILE

    If OpenFX is not present, then the audio accessors will not work under CapeCode.
    
JMFTest.java:28: error: package javax.media does not exist
import javax.media.CaptureDeviceInfo;
                  ^
1 error
configure: WARNING: JMF not found in the default classpath, will check elsewhere next.
configure: WARNING: '"/usr/local/lib/jvm/openjdk11/bin/javac" JMFTest.java' failed.
    perhaps the Java Media Framework (JMF) is not installed?
    You need not download the JMF unless you plan on using the video
    actors in /home/travis/build/icyphy/ptII/adm/installers/test/../../../adm/dists/ptII11.1.devel/ptolemy/actor/lib/jmf
    The JMF SDK can be downloaded from
    http://www.oracle.com/technetwork/java/javase/download-142937.html 
checking for JavaFX... checking checking for JavaFX in the default classpath... checking for Java Media Framework (JMF) in the default classpath... checking for JMF in /home/travis/build/icyphy/ptII/adm/installers/test/../../../adm/dists/ptII11.1.devel/vendors/JMF*... checking for Java Native Access (JNA) jar... ok
checking for joystick jar file... ok
checking for ptjacl.jar... ok
checking for how to run jacl with "/usr/local/lib/jvm/openjdk11/bin/java"... % ok
checking for JSoup, used when exporting html pages. ... ok
checking for the JUnit - the Java Unit Testing Framework... ok
checking for the JUnitParams, needed by our JUnit tests... ok
checking for the Java Excel API (JXL)... ok
checking for jython... no
checking for jython.bat... no
checking for Jython, the Java implementation of Python... ok
checking for kieler jar file used by layout ... ok
checking for node... checking for node... /home/travis/.nvm/versions/node/v7.10.1/bin/node
checking for npm... checking for npm... /home/travis/.nvm/versions/node/v7.10.1/bin/npm
checking for npm before 5.x... ok
checking for OpenCV Java API... ok
checking for OpenCV by compiling and running a small OpenCV program... About to load opencv_java320
Exception in thread "main" java.lang.RuntimeException: Could not load opencv_java320.
    java.library.path = /home/travis/pthla/certi-tools/lib:/usr/lib/jni:/usr/local/share/OpenCV/java/:/usr/share/OpenCV/java::/usr/java/packages/lib:/usr/lib64:/lib64:/lib:/usr/lib
	at OpenCVTest.main(OpenCVTest.java:79)
Caused by: java.lang.UnsatisfiedLinkError: no opencv_java320 in java.library.path: [/home/travis/pthla/certi-tools/lib, /usr/lib/jni, /usr/local/share/OpenCV/java/, /usr/share/OpenCV/java, ., /usr/java/packages/lib, /usr/lib64, /lib64, /lib, /usr/lib]
	at java.base/java.lang.ClassLoader.loadLibrary(ClassLoader.java:2660)
	at java.base/java.lang.Runtime.loadLibrary0(Runtime.java:829)
	at java.base/java.lang.System.loadLibrary(System.java:1867)
	at OpenCVTest.main(OpenCVTest.java:52)
configure: WARNING: Failed to run OpenCV test program in /home/travis/build/icyphy/ptII/adm/installers/test/../../../adm/dists/ptII11.1.devel/config with
    /usr/local/lib/jvm/openjdk11/bin/java -classpath /home/travis/build/icyphy/ptII/adm/installers/test/../../../adm/dists/ptII11.1.devel/lib/opencv-320.jar:. OpenCVTest
    so we will try other jars.
checking for opencv-*.jar in /home/travis/build/icyphy/ptII/adm/installers/test/../../../adm/dists/ptII11.1.devel/vendors/opencv/share/OpenCV/java /home/travis/build/icyphy/ptII/adm/installers/test/../../../adm/dists/ptII11.1.devel/lib /opt/local/share/OpenCV/java /usr/share/OpenCV/java /usr/local/share/OpenCV/java... ok
checking /home/travis/build/icyphy/ptII/adm/installers/test/../../../adm/dists/ptII11.1.devel/lib/opencv-341.jar... About to load opencv_java341
Imgproc.LINE_8: 8
Loaded opencv_java341
ok
checking if org/ptolemy/opencv will be compiled.... ok
checking for Open Sound Control/Processing.org interface (oscP5). ... ok
checking for rxtx serial port interface... ok
configure: WARNING: Could not find directory
    '/home/travis/build/icyphy/ptII/adm/installers/test/../../../adm/dists/ptII11.1.devel/vendors/sun/javacc-5.0'
    so we search for the jjtree command.
configure: WARNING: Failed to find jjtree
configure: WARNING: Failed to find javacc, perhaps JavaCC is not installed?
    You need not download JavaCC unless you plan on modifying .jjt files
    in ptolemy/data/expr.
    JavaCC is available from
    https://javacc.org

    Note that the zip file that gets downloaded is actually an installer
    that must be run to install the JavaCC.zip file that contains the classes.

    Note that JavaCC-4.1 and 4.2 will not work, there are problems with
    ReInit() being static or not static.

    JavaCC-6.0 seems to not include the jjtree and javacc scripts, so
    we recommend JavaCC-5.0.

    Try:
    cd /home/travis/build/icyphy/ptII/adm/installers/test/../../../adm/dists/ptII11.1.devel/vendors/sun
    wget https://javacc.org/downloads/javacc-5.0.tar.gz
    tar -zxf javacc-5.0.tar.gz
    cd /home/travis/build/icyphy/ptII/adm/installers/test/../../../adm/dists/ptII11.1.devel
    ./configure

    Configure looks for JavaCC in /home/travis/build/icyphy/ptII/adm/installers/test/../../../adm/dists/ptII11.1.devel/vendors/sun/javacc-5.0
    so either install JavaCC in that location or use the --with-javacc= flag
    and then rerun configure.'
checking for JavaCC... checking for jjtree... no
checking for Java3D... ok
ls: cannot access '/home/travis/build/icyphy/ptII/adm/installers/test/../../../adm/dists/ptII11.1.devel/vendors/jogl/lib/Linux/*.jar': No such file or directory
ls: cannot access '/home/travis/build/icyphy/ptII/adm/installers/test/../../../adm/dists/ptII11.1.devel/vendors/jogl/lib/natives/linux-amd64/*.jar': No such file or directory
checking for Jogl... checking for jini directory... ok
checking for jars used by jini... ...ok
checking for the proper JNI architecture... checking for gcc... /usr/bin/gcc
checking for cc... (cached) /usr/bin/gcc
checking for javah... /usr/bin/javah
checking for the cc for JNI... checking for that the pieces for JNI have been found... ok
configure: WARNING: /usr/local/lib/jvm/openjdk11/../include was not found.  As a result, compilation of JNI actors will fail.
checking for the proper JNI architecture include directory... checking for the proper JNI library architecture... ok
checking for if the -mno-cygwin flag is available... ok
checking for the proper shared library gcc flag... ok
checking for the proper shared library cc flag... ok
checking for the proper shared library link flag... ok
checking for the proper shared library prefix... ok
checking for the proper shared library suffix... ok
checking for JNI libraries needed to link JNI... ok
checking for json directory... ok
checking for matlab... no
configure: WARNING: Failed to find matlab executable in the path.
    Perhaps Matlab is not installed?
    If Matlab is not present, then the Ptolemy II/Matlab interface in
    $PTII/ptolemy/matlab will not be usable.
configure: WARNING: Matlab was not found, but compiling the .java files in ptolemy/matlab/ should be ok.
checking for Protocol Buffers (ProtoBuf)... ok
checking for the Paho MQTT jar... ok
checking for mapss.jar, used by the PSDF domain... ok
checking for anltr.jar, used by the Ptalon... ok
checking for scalac... no
configure: WARNING: Failed to find the scalac binary,
    so org/ptolemy/scala will be excluded
checking for soot directory... ok
checking for $SOOT_DIR/sootclasses.jar... ok
checking for rt.jar by compiling config/SystemJar.java... ok
checking the location or rt.jar... ok
checking for mysql jar, used by the database actors... ok
SystemJar.main(): java.io.FileNotFoundException: /usr/local/lib/jvm/openjdk11/lib/rt.jar and /usr/local/lib/jvm/openjdk11/lib/core.jar and /usr/local/lib/jvm/openjdk11/../Classes/classes.jar either do not exist or are not readableSystemJar.main(): java.io.FileNotFoundException: /usr/local/lib/jvm/openjdk11/lib/rt.jar and /usr/local/lib/jvm/openjdk11/lib/core.jar and /usr/local/lib/jvm/openjdk11/../Classes/classes.jar either do not exist or are not readableconfigure: WARNING: ojdbc6.jar not found,
    but only necessary to use database actors with Oracle.
    If the mysql jar file is present, then the Oracle Java Database Connector is not necessary
    To install ojdbc5.jar or ojdbc6.jar,
    download it from https://www.oracle.com/technetwork/database/features/jdbc/jdbc-drivers-12c-download-1958347.html
    copy it to ptolemy/actor/lib/database
    and rerun ./configure
configure: WARNING: Could not find the sphinx4 jar files.
    These files are only necessary for the accessor in
    ptolemy/actor/lib/jjs/modules/speechRecognition.
    To install Sphinx4:
    1. mkdir /home/travis/build/icyphy/ptII/adm/installers/test/../../../adm/dists/ptII11.1.devel/vendors/misc/sphinx4
    2. Download these .jar files and place in ptolemy/vendors/misc/sphinx:

      wget -O /home/travis/build/icyphy/ptII/adm/installers/test/../../../adm/dists/ptII11.1.devel/vendors/misc/sphinx4/sphinx4-core-5prealpha.jar 'https://oss.sonatype.org/service/local/artifact/maven/redirect?r=releases&g=net.sf.phat&a=sphinx4-core&v=5prealpha&e=jar'

      wget -O /home/travis/build/icyphy/ptII/adm/installers/test/../../../adm/dists/ptII11.1.devel/vendors/misc/sphinx4/sphinx4-data-5prealpha.jar 'https://oss.sonatype.org/service/local/artifact/maven/redirect?r=releases&g=net.sf.phat&a=sphinx4-data&v=5prealpha&e=jar'

    3. Rerun
      (cd /home/travis/build/icyphy/ptII/adm/installers/test/../../../adm/dists/ptII11.1.devel; ./configure)
checking for ojdbc6.jar... checking for Sphinx4 Speech recognition data jar API... checking for PDFRenderer... ok
configure: WARNING: Failed to find Batik Jar file
    You need only have Batik if you are planning on rebuilding diva.jar
    for use with Kepler.
    Batik can be downloaded from http://xmlgraphics.apache.org/batik/,
    batike-1.9/lib/batik-all-1.9.jar copied to /home/travis/build/icyphy/ptII/adm/installers/test/../../../adm/dists/ptII11.1.devel/lib
    and ./configure rerun.
checking for Batik SVG... checking for svgSalamander... ok
checking for RSyntaxEditor... ok
configure: WARNING: $TOSROOT is not set.  It must be set to use PtinyOS.
configure: WARNING: $TOSROOT is set to '',
     but there is no directory by that name, so we will not set up for PtinyOS.
     For details, see /home/travis/build/icyphy/ptII/adm/installers/test/../../../adm/dists/ptII11.1.devel/ptolemy/domains/ptinyos/README.txt.
configure: WARNING: Failed to find giotto/gdk.jar
    perhaps Giotto is not installed?
    You need not download Giotto unless you plan on generating code for
    Giotto models.
    The Giotto SDK can be
    downloaded from https://embedded.eecs.berkeley.edu/giotto/
    Copy gdk.jar to /home/travis/build/icyphy/ptII/adm/installers/test/../../../adm/dists/ptII11.1.devel/vendors/giotto, for example:
        mkdir -p /home/travis/build/icyphy/ptII/adm/installers/test/../../../adm/dists/ptII11.1.devel/vendors/giotto
        cp C:/Program\ Files/Giotto*/gdk.jar /home/travis/build/icyphy/ptII/adm/installers/test/../../../adm/dists/ptII11.1.devel/vendors/giotto/
checking the for TinyOS... checking for giotto directory... checking for the Vertx application platform interface. ... ok
checking for slf4-api... ok
checking for slf4-simple... ok
checking for webcam-capture... ok
checking for xbjlib directory... ok
checking for gcc... /usr/bin/gcc
checking for libexpat... ok
checking for expat.h... ok
configure: WARNING: Failed to find boost/numeric/odeint.hpp, so FMI ++
    will not be compiled. FMI++ is an extension of the
    Functional Mockup Interface, see
    http://sourceforge.net/p/fmipp/wiki/Home/
configure: creating ./config.status
config.status: creating mk/ptII.mk
config.status: creating bin/ptinvoke
config.status: creating build.xml
config.status: creating .classpath
config.status: creating bin/comm.policy
config.status: creating lib/ptII.properties
config.status: creating ptolemy/util/test/junit/javachdir
config.status: creating ptolemy/util/test/junit/javachdir32
config.status: executing default commands
/home/travis/build/icyphy/ptII/bin/ant: Running /home/travis/build/icyphy/ptII/adm/installers/test/../../../adm/dists/ptII11.1.devel/ant/bin/ant 
Buildfile: /home/travis/build/icyphy/ptII/adm/dists/ptII11.1.devel/build.xml

build-message:
     [echo] Use ant -p to see other targets. JAVA_HOME=/usr/local/lib/jvm/openjdk11
     [echo] tools.jar is necessary for compilation of doc/doclets/.
     [echo] If compilation fails, try setting JAVA_HOME to the location of the JDK.
     [echo] For example:
     [echo]   [bldmastr@sisyphus ptII]$ which java
     [echo]   /usr/bin/java
     [echo]   [bldmastr@sisyphus ptII]$ ls -l /usr/bin/java
     [echo]   lrwxrwxrwx 1 root root 26 Jul 31 10:12 /usr/bin/java -> /usr/java/default/bin/java
     [echo]   [bldmastr@sisyphus ptII]$ export JAVA_HOME=/usr/java/default
     [echo]     

-build-subprojects-empty:

build-subprojects:

-check-node:

-check-node-works:
     [exec] v7.10.1

-check-npm:

-check-npm-works:
     [exec] 4.2.0

-check-if-npmjs-org-is-up:
     [echo] Check to see if https://www.npmjs.org is up.

-jsdoc-no-network-message:

-check-jsdoc:

jsdoc-install:

jsdoc-update:

-ptdoc-no-node:

-ptdoc-no-npm:

ptdoc:
     [echo] 
     [echo]       If the ptdoc target fails, then try running:
     [echo]           ant build-project build-bin
     [echo]     

-check-node:

-check-node-works:
     [exec] v7.10.1

-check-npm:

-check-npm-works:
     [exec] 4.2.0

-check-if-npmjs-org-is-up:
     [echo] Check to see if https://www.npmjs.org is up or $TRAVIS is set.

-jsdoc-no-network-message:

-check-jsdoc:
     [echo] To stop CapeCode from invoking jsdoc and svn, set the PT_NO_NET environment variable.  
     [echo]     Under BASH:
     [echo]         export PT_NO_NET=true
     [echo]     If ptdoc fails, and you are building from $PTII, try:
     [echo]         ant build-project build-bin
     [echo]     

jsdoc-install:
     [echo] npm.executable: npm
    [mkdir] Created dir: /home/travis/build/icyphy/ptII/adm/dists/ptII11.1.devel/org/terraswarm/accessor/accessors/node_modules
     [exec] /home/travis/build/icyphy/ptII/adm/dists/ptII11.1.devel/org/terraswarm/accessor/accessors
     [exec] └─┬ @terraswarm/jsdoc@3.5.1-dev 
     [exec]   ├── bluebird@3.4.7 
     [exec]   ├─┬ catharsis@0.8.11 
     [exec]   │ └── lodash@4.17.19 
     [exec]   ├── escape-string-regexp@1.0.5 
     [exec]   ├─┬ espree@3.1.7 
     [exec]   │ ├── acorn@3.3.0 
     [exec]   │ └── acorn-jsx@3.0.1 
     [exec]   ├── js2xmlparser@1.0.0 
     [exec]   ├─┬ klaw@1.3.1 
     [exec]   │ └── graceful-fs@4.2.4 
     [exec]   ├── marked@0.3.19 
     [exec]   ├─┬ mkdirp@0.5.5 
     [exec]   │ └── minimist@1.2.5 
     [exec]   ├── requizzle@0.2.3 
     [exec]   ├── strip-json-comments@2.0.1 
     [exec]   ├── taffydb@2.6.2 
     [exec]   └── underscore@1.8.3 
     [exec] 
     [exec] npm WARN enoent ENOENT: no such file or directory, open '/home/travis/build/icyphy/ptII/adm/dists/ptII11.1.devel/org/terraswarm/accessor/accessors/package.json'
     [exec] npm WARN accessors No description
     [exec] npm WARN accessors No repository field.
     [exec] npm WARN accessors No README data
     [exec] npm WARN accessors No license field.

jsdoc-update:

-ptdoc-no-node-message:

-ptdoc-no-npm-message:

-check-jsdoc-again:

-jsdoc-command-message:

ptdoc:
     [echo] Invoke /home/travis/build/icyphy/ptII/adm/dists/ptII11.1.devel/org/terraswarm/accessor/accessors/web/../node_modules/@terraswarm/jsdoc/jsdoc.js to read *.js files and generate *PtDoc.xml files suitable for Ptolemy.
     [echo]     See https://chess.eecs.berkeley.edu/ptexternal/wiki/Main/JSDocSystems
     [echo]     See jsdoc/jsdoc.json
     [echo]     See jsdoc/plugins/accessorJSDocTags.js
     [echo]     See jsdoc/templates/ptdoc/publish.js
     [echo] 
     [echo]     If the ptdoc target fails, the there is likely a problem with node or npm.  It is possible
     [echo]     to use CapeCode even if the ptdoc target fails.
     [echo]     
     [echo]     If you are building from $PTII, try:
     [echo]         ant build-project build-bin
     [echo] 
     [echo]     
     [exec] Generating output files...
     [exec] Finished running in 14.26 seconds.

build-project:
     [echo] ptII: /home/travis/build/icyphy/ptII/adm/dists/ptII11.1.devel/build.xml
    [javac] Compiling 2 source files to /home/travis/build/icyphy/ptII/adm/dists/ptII11.1.devel

-check-ptII-mk-file:

-check-bin-vergil:

-check-make-bin-vergil:

build-bin-not:

build-not-bin-vergil:

build-bin:

build:

BUILD SUCCESSFUL
Total time: 23 seconds
Found /home/travis/build/icyphy/ptII/codeDoc*.jar files that are less than 10 days old.  Will use unjar them in /home/travis/build/icyphy/ptII/adm/dists/ptII11.1.devel instead of rerunning javadoc.
Unjaring /home/travis/build/icyphy/ptII/doc/codeDoc.jar in /home/travis/build/icyphy/ptII/adm/dists/ptII11.1.devel
  created: META-INF/
 inflated: META-INF/MANIFEST.MF
Unjaring /home/travis/build/icyphy/ptII/doc/codeDocBcvtb.jar in /home/travis/build/icyphy/ptII/adm/dists/ptII11.1.devel
  created: META-INF/
 inflated: META-INF/MANIFEST.MF
Unjaring /home/travis/build/icyphy/ptII/doc/codeDocCapeCode.jar in /home/travis/build/icyphy/ptII/adm/dists/ptII11.1.devel
  created: META-INF/
 inflated: META-INF/MANIFEST.MF
Unjaring /home/travis/build/icyphy/ptII/doc/codeDocHyVisual.jar in /home/travis/build/icyphy/ptII/adm/dists/ptII11.1.devel
  created: META-INF/
 inflated: META-INF/MANIFEST.MF
Unjaring /home/travis/build/icyphy/ptII/doc/codeDocViptos.jar in /home/travis/build/icyphy/ptII/adm/dists/ptII11.1.devel
  created: META-INF/
 inflated: META-INF/MANIFEST.MF
Unjaring /home/travis/build/icyphy/ptII/doc/codeDocVisualSense.jar in /home/travis/build/icyphy/ptII/adm/dists/ptII11.1.devel
  created: META-INF/
 inflated: META-INF/MANIFEST.MF
total 2376
drwxrwxr-x  4 travis travis   4096 Aug  6 15:02 ant
drwxrwxr-x  4 travis travis   4096 Aug  6 15:04 bin
-rw-rw-r--  1 travis travis  84712 Aug  6 14:58 build.default.xml
-rw-rw-r--  1 travis travis 134444 Aug  6 15:04 build.xml
-rw-rw-r--  1 travis travis 118819 Aug  6 14:58 build.xml.in
drwxrwxr-x  3 travis travis   4096 Aug  6 15:04 certi1516e
-rw-rw-r--  1 travis travis   6487 Aug  6 14:58 cluster.xml
drwxrwxr-x  6 travis travis   4096 Aug  6 15:04 com
drwxrwxr-x  2 travis travis   4096 Aug  6 15:04 config
-rw-rw-r--  1 travis travis  73308 Aug  6 15:04 config.log
-rwxrwxr-x  1 travis travis  73581 Aug  6 15:04 config.status
-rwxrwxr-x  1 travis travis 614394 Aug  6 15:04 configure
-rw-rw-r--  1 travis travis 295878 Aug  6 14:58 configure.in
drwxrwxr-x  3 travis travis   4096 Aug  6 15:02 contrib
-rw-rw-r--  1 travis travis   3706 Aug  6 14:58 CONTRIBUTING.md
-rw-rw-r--  1 travis travis 472740 Aug  6 14:58 copyright.htm
-rw-rw-r--  1 travis travis   1233 Aug  6 14:58 copyright.txt
drwxrwxr-x  8 travis travis   4096 Aug  6 14:58 diva
drwxrwxr-x 13 travis travis   4096 Aug  6 15:04 doc
drwxrwxr-x  3 travis travis   4096 Aug  6 14:58 edu
-rw-rw-r--  1 travis travis 339148 Aug  6 15:04 jars.xml
drwxrwxr-x  7 travis travis   4096 Aug  6 15:02 lbnl
drwxrwxr-x  3 travis travis   4096 Aug  6 15:04 lib
-rw-rw-r--  1 travis travis  10782 Aug  6 14:58 makefile
drwxrwxr-x  2 travis travis   4096 Aug  6 15:02 META-INF
drwxrwxr-x  2 travis travis   4096 Aug  6 15:04 mk
drwxrwxr-x  3 travis travis   4096 Aug  6 14:58 net
drwxrwxr-x 21 travis travis   4096 Aug  6 15:04 node_modules
drwxrwxr-x  7 travis travis   4096 Aug  6 14:58 org
-rw-rw-r--  1 travis travis  12897 Aug  6 14:58 plugin.xml
-rw-rw-r--  1 travis travis  32556 Aug  6 14:58 pom.xml
-rw-rw-r--  1 travis travis    294 Aug  6 14:58 ptKeystore.properties
drwxrwxr-x 24 travis travis   4096 Aug  6 15:02 ptolemy
-rw-rw-r--  1 travis travis    981 Aug  6 14:58 README.md
drwxrwxr-x  6 travis travis   4096 Aug  6 14:58 thales
drwxrwxr-x  4 travis travis   4096 Aug  6 14:58 util
drwxrwxr-x  6 travis travis   4096 Aug  6 15:04 vendors
-rw-rw-r--  1 travis travis   1179 Aug  6 14:58 vergilBCVTB.jnlp.in
-rw-rw-r--  1 travis travis   1784 Aug  6 14:58 vergilCapeCode.jnlp.in
-rw-rw-r--  1 travis travis   1155 Aug  6 14:58 vergilCyPhySim.jnlp.in
-rw-rw-r--  1 travis travis   1152 Aug  6 14:58 vergilDSP.jnlp.in
-rw-rw-r--  1 travis travis   1361 Aug  6 14:58 vergilHyVisual.jnlp.in
-rw-rw-r--  1 travis travis   2161 Aug  6 14:58 vergil.jnlp.in
-rw-rw-r--  1 travis travis   1205 Aug  6 14:58 vergilPtiny.jnlp.in
-rw-rw-r--  1 travis travis   1242 Aug  6 14:58 vergilPtinyKepler.jnlp.in
-rw-rw-r--  1 travis travis   1478 Aug  6 14:58 vergilPtinySandbox.jnlp.in
-rw-rw-r--  1 travis travis   1237 Aug  6 14:58 vergilSpace.jnlp.in
-rw-rw-r--  1 travis travis   1484 Aug  6 14:58 vergilVisualSense.jnlp.in
total 10800
-rw-rw-r-- 1 travis travis    7348 Aug  6 14:58 acks.htm
-rw-rw-r-- 1 travis travis    5175 Aug  6 14:58 authors.htm
-rw-rw-r-- 1 travis travis     593 Aug  6 14:58 banner.htm
-rw-rw-r-- 1 travis travis     518 Aug  6 14:58 body.htm
drwxrwxr-x 4 travis travis    4096 Aug  6 14:58 books
-rw-rw-r-- 1 travis travis     273 Aug  6 14:58 buttons.htm
-rw-rw-r-- 1 travis travis    7415 Aug  6 14:58 checkstyle-ptII.xml
-rw-rw-r-- 1 travis travis     327 Aug  6 15:02 codeDocBcvtb.jar
-rw-rw-r-- 1 travis travis     327 Aug  6 15:02 codeDocCapeCode.jar
-rw-rw-r-- 1 travis travis     327 Aug  6 15:02 codeDocHyVisual.jar
-rw-rw-r-- 1 travis travis     327 Aug  6 15:02 codeDoc.jar
-rw-rw-r-- 1 travis travis     327 Aug  6 15:02 codeDocViptos.jar
-rw-rw-r-- 1 travis travis     327 Aug  6 15:02 codeDocVisualSense.jar
drwxrwxr-x 4 travis travis    4096 Aug  6 14:58 coding
-rw-rw-r-- 1 travis travis     584 Aug  6 14:58 contents.css
-rw-rw-r-- 1 travis travis     306 Aug  6 14:58 contentsheader.htm
-rw-rw-r-- 1 travis travis   47590 Aug  6 14:58 copernicus.htm
-rw-rw-r-- 1 travis travis     597 Aug  6 14:58 default.css
-rw-rw-r-- 1 travis travis    2649 Aug  6 14:58 demoLink.js
-rw-rw-r-- 1 travis travis   48582 Aug  6 14:58 deployJavaJNLP.js
-rw-rw-r-- 1 travis travis   48722 Aug  6 14:58 deployJava.js
drwxrwxr-x 3 travis travis    4096 Aug  6 15:02 design
-rw-rw-r-- 1 travis travis     702 Aug  6 14:58 docbody.htm
-rw-rw-r-- 1 travis travis     295 Aug  6 14:58 docbuttons.htm
-rw-rw-r-- 1 travis travis 7732928 Aug  6 15:02 docConfig.jar
drwxrwxr-x 2 travis travis    4096 Aug  6 14:58 doclets
-rw-rw-r-- 1 travis travis     546 Aug  6 14:58 docs.htm
-rw-rw-r-- 1 travis travis     840 Aug  6 14:58 doctoc.htm
-rw-rw-r-- 1 travis travis   30684 Aug  6 14:58 domainCompatibility.htm
-rw-rw-r-- 1 travis travis   64600 Aug  6 14:58 domains.htm
drwxrwxr-x 4 travis travis    4096 Aug  6 14:58 eclipse
-rw-rw-r-- 1 travis travis     743 Aug  6 14:58 expressions.htm
-rw-rw-r-- 1 travis travis 2589714 Aug  6 14:58 expressions.pdf
-rw-rw-r-- 1 travis travis     619 Aug  6 14:58 footer.htm
-rw-rw-r-- 1 travis travis    1646 Aug  6 14:58 help.htm
-rw-rw-r-- 1 travis travis   28361 Aug  6 14:58 hudsonConfig.xml
-rwxrwxr-x 1 travis travis    2297 Aug  6 14:58 hyVisualHtml.awk
drwxrwxr-x 2 travis travis    4096 Aug  6 15:04 img
-rw-rw-r-- 1 travis travis     698 Aug  6 14:58 index.htm
-rw-rw-r-- 1 travis travis   31329 Aug  6 14:58 install.htm
-rw-rw-r-- 1 travis travis     827 Aug  6 14:58 install_index.htm
-rw-rw-r-- 1 travis travis    5816 Aug  6 14:58 installJNLP.htm
-rw-rw-r-- 1 travis travis    2256 Aug  6 14:58 javahtml.awk
drwxrwxr-x 3 travis travis    4096 Aug  6 14:58 jsdoc
-rw-rw-r-- 1 travis travis     364 Aug  6 14:58 limitations.htm
-rw-rw-r-- 1 travis travis     274 Aug  6 14:58 mainheader.htm
-rw-rw-r-- 1 travis travis   10761 Aug  6 14:58 main.htm
-rw-rw-r-- 1 travis travis   10265 Aug  6 14:58 mainVergil.htm
-rw-rw-r-- 1 travis travis    9185 Aug  6 14:58 mainVergilPtiny.htm
-rw-rw-r-- 1 travis travis    9214 Aug  6 14:58 mainVergilPtinyKepler.htm
-rw-rw-r-- 1 travis travis   51433 Aug  6 15:04 makefile
-rwxrwxr-x 1 travis travis    3807 Aug  6 14:58 mkDomains
-rw-rw-r-- 1 travis travis    1219 Aug  6 14:58 openInstanceHelp.htm
drwxrwxr-x 5 travis travis    4096 Aug  6 15:02 papers
-rw-rw-r-- 1 travis travis   79497 Aug  6 14:58 ptIIfaq.htm
-rwxrwxr-x 1 travis travis    2197 Aug  6 14:58 ptinyBcvtb.awk
-rwxrwxr-x 1 travis travis    2283 Aug  6 14:58 ptinyKepler.awk
-rw-rw-r-- 1 travis travis     354 Aug  6 14:58 README.txt
-rw-rw-r-- 1 travis travis     835 Aug  6 14:58 release.htm
-rwxrwxr-x 1 travis travis    1197 Aug  6 14:58 removeasd
-rw-rw-r-- 1 travis travis    3333 Aug  6 14:58 sandbox.htm
-rw-rw-r-- 1 travis travis    3253 Aug  6 14:58 spotbugs-exclude.xml
-rw-rw-r-- 1 travis travis     247 Aug  6 14:58 spotbugs-include.xml
drwxrwxr-x 3 travis travis    4096 Aug  6 14:58 test
-rw-rw-r-- 1 travis travis     584 Aug  6 14:58 toc.css
-rw-rw-r-- 1 travis travis    4986 Aug  6 14:58 toc.htm
drwxrwxr-x 5 travis travis    4096 Aug  6 15:01 tutorial
-rw-rw-r-- 1 travis travis    3981 Aug  6 14:58 types.htm
drwxrwxr-x 2 travis travis    4096 Aug  6 14:58 ui
ls: cannot access '/home/travis/build/icyphy/ptII/adm/installers/test/../../../adm/dists/ptII11.1.devel/doc/codeDoc': No such file or directory
About to run ant jars: Thu Aug  6 15:04:57 UTC 2020
/home/travis/build/icyphy/ptII/bin/ant: Running /home/travis/build/icyphy/ptII/adm/installers/test/../../../adm/dists/ptII11.1.devel/ant/bin/ant jars
Buildfile: /home/travis/build/icyphy/ptII/adm/dists/ptII11.1.devel/build.xml

jars:

jars:
      [jar] Building MANIFEST-only jar: /home/travis/build/icyphy/ptII/adm/dists/ptII11.1.devel/bin/Vergil.app/Contents/MacOS/universalJavaApplicationStub-license.jar
      [jar] Building jar: /home/travis/build/icyphy/ptII/adm/dists/ptII11.1.devel/ptolemy/ptsupport.jar
      [jar] Building jar: /home/travis/build/icyphy/ptII/adm/dists/ptII11.1.devel/ptolemy/domains/experimentalDomains.jar
      [jar] Building jar: /home/travis/build/icyphy/ptII/adm/dists/ptII11.1.devel/ptolemy/chic/chic.jar
      [jar] Building jar: /home/travis/build/icyphy/ptII/adm/dists/ptII11.1.devel/ptolemy/domains/space/space.jar
      [jar] Building jar: /home/travis/build/icyphy/ptII/adm/dists/ptII11.1.devel/org/terraswarm/accessor/accessors/accessors.jar
      [jar] Building jar: /home/travis/build/icyphy/ptII/adm/dists/ptII11.1.devel/ptolemy/domains/space/demo/DOPCenter/DOPCenter.jar

BUILD SUCCESSFUL
Total time: 5 seconds
Rebuild ptiny.exe so that vergil_l4j.jar gets built so that /home/travis/build/icyphy/ptII/adm/installers/test/../../../adm/dists/ptII11.1.devel/jar_dist can use vergil_l4j.jar
make[2]: Entering directory '/home/travis/build/icyphy/ptII/adm/dists/ptII11.1.devel'
./bin/mkl4j capecode ptolemy.vergil.VergilApplication \
	doc/img/capecode.ico \
	-capecode \
	`echo ptolemy/ptsupport.jar doc/docConfig.jar lib/diva.jar lib/ptliblicenses.jar ptolemy/domains/domains.jar  ant/apache-ant-license.jar com/cureos/cureos.jar doc/codeDocCapeCode.jar doc/design/usingVergil/usingVergil.jar edu/umich/eecs/april/april.jar lib/svgSalamander.jar com/jhlabs/jhlabs.jar org/json/json.jar org/terraswarm/accessor/accessor.jar org/terraswarm/accessor/accessors/accessors.jar org/terraswarm/accessor/demo/demo.jar org/terraswarm/ros/demo/demo.jar org/ptolemy/ssm/ssm.jar org/ptolemy/machineLearning/machineLearning.jar org/ptolemy/optimization/optimization.jar ptolemy/actor/lib/conversions/json/json.jar ptolemy/actor/lib/io/comm/comm.jar ptolemy/actor/lib/io/comm/demo/demo.jar ptolemy/actor/lib/jjs/jjs.jar ptolemy/actor/lib/jjs/demo/demo.jar ptolemy/actor/lib/jjs/modules/demo.jar ptolemy/actor/lib/jjs/modules/modules.jar ptolemy/actor/lib/jjs/node/node.jar ptolemy/actor/lib/mail/mail.jar ptolemy/demo/CapeCodeDemos.jar ptolemy/vergil/basic/imprt/accessor/accessor.jar ptolemy/cg/cgAccessor.jar ptolemy/actor/lib/database/database.jar ptolemy/domains/space/space.jar ptolemy/actor/lib/database/mysql-connector-java-5.1.6-bin.jar  /home/travis/build/icyphy/ptII/adm/installers/test/../../../adm/dists/ptII11.1.devel/lib/jna-4.0.0-variadic.jar /home/travis/build/icyphy/ptII/adm/installers/test/../../../adm/dists/ptII11.1.devel/lib/javax.mail.jar lib/nrjavaserial-3.11.0.devel.jar org/ptolemy/opencv/opencv.jar lib/opencv-320.jar lib/opencv-341.jar /home/travis/build/icyphy/ptII/adm/installers/test/../../../adm/dists/ptII11.1.devel/lib/org.eclipse.paho.client.mqttv3.jar /home/travis/build/icyphy/ptII/adm/installers/test/../../../adm/dists/ptII11.1.devel/lib/slf4j-api-1.7.13.jar /home/travis/build/icyphy/ptII/adm/installers/test/../../../adm/dists/ptII11.1.devel/lib/slf4j-simple-1.7.13.jar :/home/travis/build/icyphy/ptII/adm/installers/test/../../../adm/dists/ptII11.1.devel/lib/hazelcast-3.8.2.jar:/home/travis/build/icyphy/ptII/adm/installers/test/../../../adm/dists/ptII11.1.devel/lib/jackson-annotations-2.9.0.jar:/home/travis/build/icyphy/ptII/adm/installers/test/../../../adm/dists/ptII11.1.devel/lib/jackson-core-2.9.3.jar:/home/travis/build/icyphy/ptII/adm/installers/test/../../../adm/dists/ptII11.1.devel/lib/jackson-databind-2.9.3.jar:/home/travis/build/icyphy/ptII/adm/installers/test/../../../adm/dists/ptII11.1.devel/lib/netty-buffer-4.1.19.Final.jar:/home/travis/build/icyphy/ptII/adm/installers/test/../../../adm/dists/ptII11.1.devel/lib/netty-codec-4.1.19.Final.jar:/home/travis/build/icyphy/ptII/adm/installers/test/../../../adm/dists/ptII11.1.devel/lib/netty-codec-dns-4.1.19.Final.jar:/home/travis/build/icyphy/ptII/adm/installers/test/../../../adm/dists/ptII11.1.devel/lib/netty-codec-http-4.1.19.Final.jar:/home/travis/build/icyphy/ptII/adm/installers/test/../../../adm/dists/ptII11.1.devel/lib/netty-codec-http2-4.1.19.Final.jar:/home/travis/build/icyphy/ptII/adm/installers/test/../../../adm/dists/ptII11.1.devel/lib/netty-common-4.1.19.Final.jar:/home/travis/build/icyphy/ptII/adm/installers/test/../../../adm/dists/ptII11.1.devel/lib/netty-handler-4.1.19.Final.jar:/home/travis/build/icyphy/ptII/adm/installers/test/../../../adm/dists/ptII11.1.devel/lib/netty-resolver-4.1.19.Final.jar:/home/travis/build/icyphy/ptII/adm/installers/test/../../../adm/dists/ptII11.1.devel/lib/netty-resolver-dns-4.1.19.Final.jar:/home/travis/build/icyphy/ptII/adm/installers/test/../../../adm/dists/ptII11.1.devel/lib/netty-transport-4.1.19.Final.jar:/home/travis/build/icyphy/ptII/adm/installers/test/../../../adm/dists/ptII11.1.devel/lib/vertx-codegen-3.5.1.jar:/home/travis/build/icyphy/ptII/adm/installers/test/../../../adm/dists/ptII11.1.devel/lib/vertx-core-3.5.2-SNAPSHOT.jar:/home/travis/build/icyphy/ptII/adm/installers/test/../../../adm/dists/ptII11.1.devel/lib/vertx-hazelcast-3.5.1.jar:/home/travis/build/icyphy/ptII/adm/installers/test/../../../adm/dists/ptII11.1.devel/lib/vertx-lang-js-3.5.1.jar:/home/travis/build/icyphy/ptII/adm/installers/test/../../../adm/dists/ptII11.1.devel/lib/vertx-service-proxy-3.5.1.jar:/home/travis/build/icyphy/ptII/adm/installers/test/../../../adm/dists/ptII11.1.devel/lib/vertx-web-3.5.1.jar /home/travis/build/icyphy/ptII/adm/installers/test/../../../adm/dists/ptII11.1.devel/lib/webcam-capture-0.3.12.jar:/home/travis/build/icyphy/ptII/adm/installers/test/../../../adm/dists/ptII11.1.devel/lib/bridj-0.7.0.jar lib/xbjlib-1.1.0.nrjavaserial.jar lib/slf4j-simple-1.7.13.jar lib/slf4j-api-1.7.13.jar ptolemy/actor/lib/conversions/json/json.jar ptolemy/actor/lib/colt/colt.jar lib/ptcolt.jar /home/travis/build/icyphy/ptII/adm/installers/test/../../../adm/dists/ptII11.1.devel/lib/jsoup-1.8.2.jar ptolemy/vergil/basic/export/html/jsoup/jsoup.jar ptolemy/actor/gui/jnlp/CapeCodeApplication.jar lib/universalJavaApplicationStub-license.jar lib/kieler.jar ptolemy/vergil/basic/layout/layout.jar ptolemy/vergil/vergil.jar ptolemy/actor/parameters/demo/demo.jar doc/codeDoc.jar ptolemy/vergil/basic/export/html/html.jar ptolemy/vergil/basic/export/export.jar ptolemy/vergil/basic/export/web/web.jar  ptolemy/vergil/pdfrenderer/pdfrenderer.jar lib/PDFRenderer.jar ptolemy/actor/gui/syntax/syntax.jar ptolemy/data/ontologies/ontologies.jar ptolemy/vergil/ontologies/ontologies.jar /home/travis/build/icyphy/ptII/adm/installers/test/../../../adm/dists/ptII11.1.devel/lib/rsyntaxtextarea-2.6.0-SNAPSHOT.jar /home/travis/build/icyphy/ptII/adm/installers/test/../../../adm/dists/ptII11.1.devel/lib/jsoup-1.8.2.jar ptolemy/vergil/basic/export/html/jsoup/jsoup.jar | sed "s@/home/travis/build/icyphy/ptII/adm/installers/test/../../../adm/dists/ptII11.1.devel/@@g" | sed 's/:/ /g'` > capecode_l4j.xml
if [ ! -f /home/travis/build/icyphy/ptII/adm/installers/test/../../../adm/dists/ptII11.1.devel/vendors/installer/PtolemyII_DigitalV1_02.pdf ]; then \
	echo "Creating /home/travis/build/icyphy/ptII/adm/installers/test/../../../adm/dists/ptII11.1.devel/vendors/installer/PtolemyII_DigitalV1_02.pdf: `date`"; \
	wget --quiet -O /home/travis/build/icyphy/ptII/adm/installers/test/../../../adm/dists/ptII11.1.devel/vendors/installer/PtolemyII_DigitalV1_02.pdf https://ptolemy.berkeley.edu/books/Systems/PtolemyII_DigitalV1_02.pdf; \
        fi
./bin/mkl4j ptbook ptolemy.actor.gui.BrowserLauncher \
	 doc/img/pdf.ico \
	 doc/books/systems/ ptolemy/ptsupport.jar > ptbook_l4j.xml
chmod a+x doc/books/systems/
./bin/mkl4j hyvisual ptolemy.vergil.VergilApplication \
	doc/img/hyvisual.ico \
	-hyvisual \
	`echo ptolemy/actor/gui/jnlp/HyVisualApplication.jar doc/design/hyvisual.jar doc/codeDocHyVisual.jar ptolemy/domains/continuous/continuous.jar ptolemy/domains/de/de.jar ptolemy/domains/gr/gr.jar /home/travis/build/icyphy/ptII/adm/installers/test/../../../adm/dists/ptII11.1.devel/vendors/j3d/lib/Linux/j3dcore.jar:/home/travis/build/icyphy/ptII/adm/installers/test/../../../adm/dists/ptII11.1.devel/vendors/j3d/lib/Linux/j3dutils.jar:/home/travis/build/icyphy/ptII/adm/installers/test/../../../adm/dists/ptII11.1.devel/vendors/j3d/lib/Linux/vecmath.jar: ptolemy/domains/gr/demo/demo.jar ptolemy/domains/modal/modal.jar ptolemy/domains/sdf/lib/lib.jar ptolemy/domains/sdf/kernel/kernel.jar ptolemy/domains/sr/sr.jar lib/saxon8.jar lib/saxon8-dom.jar ptolemy/domains/continuous/demo/demo.jar ptolemy/domains/continuous/doc/doc.jar ptolemy/domains/modal/doc/doc.jar ptolemy/domains/modal/demo/demo.jar ptolemy/domains/sdf/demo/demo.jar ptolemy/domains/sdf/doc/doc.jar doc/docConfig.jar lib/diva.jar lib/kieler.jar ptolemy/vergil/basic/layout/layout.jar ptolemy/ptsupport.jar ptolemy/vergil/vergil.jar   | sed "s@/home/travis/build/icyphy/ptII/adm/installers/test/../../../adm/dists/ptII11.1.devel/@@g" | sed 's/:/ /g'` > hyvisual_l4j.xml
./bin/mkl4j ptiny ptolemy.vergil.VergilApplication \
	doc/img/ptiny.ico \
	-ptiny \
	`echo ptolemy/actor/gui/jnlp/PtinyApplication.jar ptolemy/ptsupport.jar doc/docConfig.jar lib/diva.jar lib/ptliblicenses.jar ptolemy/domains/domains.jar  lib/universalJavaApplicationStub-license.jar lib/kieler.jar ptolemy/vergil/basic/layout/layout.jar ptolemy/vergil/vergil.jar ptolemy/actor/parameters/demo/demo.jar doc/codeDoc.jar doc/design/usingVergil/usingVergil.jar  ptolemy/actor/lib/colt/demo/demo.jar ptolemy/actor/lib/security/demo/demo.jar ptolemy/actor/lib/comm/demo/demo.jar ptolemy/actor/lib/hoc/demo/demo.jar ptolemy/actor/lib/io/demo/demo.jar ptolemy/actor/lib/javasound/demo/demo.jar ptolemy/data/type/demo/demo.jar ptolemy/data/unit/demo/demo.jar ptolemy/moml/demo/demo.jar ptolemy/vergil/kernel/attributes/demo/demo.jar ptolemy/actor/ptalon/antlr/antlr.jar ptolemy/actor/ptalon/demo/demo.jar ptolemy/actor/ptalon/ptalon.jar ptolemy/actor/lib/jjs/jjs.jar ptolemy/actor/lib/jjs/demo/demo.jar ptolemy/actor/lib/jjs/modules/demo.jar ptolemy/actor/lib/jjs/modules/modules.jar ptolemy/actor/lib/jjs/node/node.jar lib/jython.jar ptolemy/actor/lib/python/python.jar ptolemy/actor/lib/python/demo/demo.jar ptolemy/domains/continuous/demo/demo.jar ptolemy/domains/continuous/doc/doc.jar ptolemy/domains/modal/doc/doc.jar ptolemy/domains/modal/demo/demo.jar ptolemy/domains/sdf/demo/demo.jar ptolemy/domains/sdf/doc/doc.jar ptolemy/domains/ddf/demo/demo.jar ptolemy/domains/ddf/doc/doc.jar ptolemy/domains/de/demo/demo.jar ptolemy/domains/de/doc/doc.jar ptolemy/domains/hdf/demo/demo.jar ptolemy/domains/hdf/doc/doc.jar ptolemy/domains/pn/demo/demo.jar ptolemy/domains/pn/doc/doc.jar ptolemy/domains/rendezvous/demo/demo.jar ptolemy/domains/rendezvous/doc/doc.jar ptolemy/domains/sr/demo/demo.jar ptolemy/domains/sr/doc/doc.jar ptolemy/actor/lib/conversions/json/json.jar ptolemy/actor/lib/colt/colt.jar lib/ptcolt.jar | sed "s@/home/travis/build/icyphy/ptII/adm/installers/test/../../../adm/dists/ptII11.1.devel/@@g" | sed 's/:/ /g'` > ptiny_l4j.xml
# Remove /home/travis/build/icyphy/ptII/adm/installers/test/../../../adm/dists/ptII11.1.devel/ for files like /var/lib/hudson/jobs/ptII/workspace/adm/dists/ptII11.0devel/vendors/oracle/javamail/javax.mail.jar and /home/hudson/jobs/ptII/workspace/adm/dists/ptII11.0.devel/lib/jsoup-1.7.3.jar
./bin/mkl4j vergil ptolemy.vergil.VergilApplication \
	doc/img/vergil.ico \
	"" \
	`echo ptolemy/actor/gui/jnlp/FullApplication.jar lbnl/lbnl.jar lbnl/demo/demo.jar ant/apache-ant-license.jar com/cureos/cureos.jar doc/codeDocCapeCode.jar doc/design/usingVergil/usingVergil.jar edu/umich/eecs/april/april.jar lib/svgSalamander.jar com/jhlabs/jhlabs.jar org/json/json.jar org/terraswarm/accessor/accessor.jar org/terraswarm/accessor/accessors/accessors.jar org/terraswarm/accessor/demo/demo.jar org/terraswarm/ros/demo/demo.jar org/ptolemy/ssm/ssm.jar org/ptolemy/machineLearning/machineLearning.jar org/ptolemy/optimization/optimization.jar ptolemy/actor/lib/conversions/json/json.jar ptolemy/actor/lib/io/comm/comm.jar ptolemy/actor/lib/io/comm/demo/demo.jar ptolemy/actor/lib/jjs/jjs.jar ptolemy/actor/lib/jjs/demo/demo.jar ptolemy/actor/lib/jjs/modules/demo.jar ptolemy/actor/lib/jjs/modules/modules.jar ptolemy/actor/lib/jjs/node/node.jar ptolemy/actor/lib/mail/mail.jar ptolemy/demo/CapeCodeDemos.jar ptolemy/vergil/basic/imprt/accessor/accessor.jar ptolemy/cg/cgAccessor.jar ptolemy/actor/lib/database/database.jar ptolemy/domains/space/space.jar ptolemy/actor/lib/database/mysql-connector-java-5.1.6-bin.jar  /home/travis/build/icyphy/ptII/adm/installers/test/../../../adm/dists/ptII11.1.devel/lib/jna-4.0.0-variadic.jar /home/travis/build/icyphy/ptII/adm/installers/test/../../../adm/dists/ptII11.1.devel/lib/javax.mail.jar lib/nrjavaserial-3.11.0.devel.jar org/ptolemy/opencv/opencv.jar lib/opencv-320.jar lib/opencv-341.jar /home/travis/build/icyphy/ptII/adm/installers/test/../../../adm/dists/ptII11.1.devel/lib/org.eclipse.paho.client.mqttv3.jar /home/travis/build/icyphy/ptII/adm/installers/test/../../../adm/dists/ptII11.1.devel/lib/slf4j-api-1.7.13.jar /home/travis/build/icyphy/ptII/adm/installers/test/../../../adm/dists/ptII11.1.devel/lib/slf4j-simple-1.7.13.jar :/home/travis/build/icyphy/ptII/adm/installers/test/../../../adm/dists/ptII11.1.devel/lib/hazelcast-3.8.2.jar:/home/travis/build/icyphy/ptII/adm/installers/test/../../../adm/dists/ptII11.1.devel/lib/jackson-annotations-2.9.0.jar:/home/travis/build/icyphy/ptII/adm/installers/test/../../../adm/dists/ptII11.1.devel/lib/jackson-core-2.9.3.jar:/home/travis/build/icyphy/ptII/adm/installers/test/../../../adm/dists/ptII11.1.devel/lib/jackson-databind-2.9.3.jar:/home/travis/build/icyphy/ptII/adm/installers/test/../../../adm/dists/ptII11.1.devel/lib/netty-buffer-4.1.19.Final.jar:/home/travis/build/icyphy/ptII/adm/installers/test/../../../adm/dists/ptII11.1.devel/lib/netty-codec-4.1.19.Final.jar:/home/travis/build/icyphy/ptII/adm/installers/test/../../../adm/dists/ptII11.1.devel/lib/netty-codec-dns-4.1.19.Final.jar:/home/travis/build/icyphy/ptII/adm/installers/test/../../../adm/dists/ptII11.1.devel/lib/netty-codec-http-4.1.19.Final.jar:/home/travis/build/icyphy/ptII/adm/installers/test/../../../adm/dists/ptII11.1.devel/lib/netty-codec-http2-4.1.19.Final.jar:/home/travis/build/icyphy/ptII/adm/installers/test/../../../adm/dists/ptII11.1.devel/lib/netty-common-4.1.19.Final.jar:/home/travis/build/icyphy/ptII/adm/installers/test/../../../adm/dists/ptII11.1.devel/lib/netty-handler-4.1.19.Final.jar:/home/travis/build/icyphy/ptII/adm/installers/test/../../../adm/dists/ptII11.1.devel/lib/netty-resolver-4.1.19.Final.jar:/home/travis/build/icyphy/ptII/adm/installers/test/../../../adm/dists/ptII11.1.devel/lib/netty-resolver-dns-4.1.19.Final.jar:/home/travis/build/icyphy/ptII/adm/installers/test/../../../adm/dists/ptII11.1.devel/lib/netty-transport-4.1.19.Final.jar:/home/travis/build/icyphy/ptII/adm/installers/test/../../../adm/dists/ptII11.1.devel/lib/vertx-codegen-3.5.1.jar:/home/travis/build/icyphy/ptII/adm/installers/test/../../../adm/dists/ptII11.1.devel/lib/vertx-core-3.5.2-SNAPSHOT.jar:/home/travis/build/icyphy/ptII/adm/installers/test/../../../adm/dists/ptII11.1.devel/lib/vertx-hazelcast-3.5.1.jar:/home/travis/build/icyphy/ptII/adm/installers/test/../../../adm/dists/ptII11.1.devel/lib/vertx-lang-js-3.5.1.jar:/home/travis/build/icyphy/ptII/adm/installers/test/../../../adm/dists/ptII11.1.devel/lib/vertx-service-proxy-3.5.1.jar:/home/travis/build/icyphy/ptII/adm/installers/test/../../../adm/dists/ptII11.1.devel/lib/vertx-web-3.5.1.jar /home/travis/build/icyphy/ptII/adm/installers/test/../../../adm/dists/ptII11.1.devel/lib/webcam-capture-0.3.12.jar:/home/travis/build/icyphy/ptII/adm/installers/test/../../../adm/dists/ptII11.1.devel/lib/bridj-0.7.0.jar lib/xbjlib-1.1.0.nrjavaserial.jar lib/slf4j-simple-1.7.13.jar lib/slf4j-api-1.7.13.jar ptolemy/ptsupport.jar doc/docConfig.jar lib/diva.jar lib/ptliblicenses.jar ptolemy/domains/domains.jar  lib/universalJavaApplicationStub-license.jar lib/kieler.jar ptolemy/vergil/basic/layout/layout.jar ptolemy/vergil/vergil.jar ptolemy/actor/parameters/demo/demo.jar doc/codeDoc.jar doc/design/usingVergil/usingVergil.jar  ptolemy/actor/lib/colt/demo/demo.jar ptolemy/actor/lib/security/demo/demo.jar ptolemy/actor/lib/comm/demo/demo.jar ptolemy/actor/lib/hoc/demo/demo.jar ptolemy/actor/lib/io/demo/demo.jar ptolemy/actor/lib/javasound/demo/demo.jar ptolemy/data/type/demo/demo.jar ptolemy/data/unit/demo/demo.jar ptolemy/moml/demo/demo.jar ptolemy/vergil/kernel/attributes/demo/demo.jar ptolemy/actor/ptalon/antlr/antlr.jar ptolemy/actor/ptalon/demo/demo.jar ptolemy/actor/ptalon/ptalon.jar ptolemy/actor/lib/jjs/jjs.jar ptolemy/actor/lib/jjs/demo/demo.jar ptolemy/actor/lib/jjs/modules/demo.jar ptolemy/actor/lib/jjs/modules/modules.jar ptolemy/actor/lib/jjs/node/node.jar lib/jython.jar ptolemy/actor/lib/python/python.jar ptolemy/actor/lib/python/demo/demo.jar ptolemy/domains/continuous/demo/demo.jar ptolemy/domains/continuous/doc/doc.jar ptolemy/domains/modal/doc/doc.jar ptolemy/domains/modal/demo/demo.jar ptolemy/domains/sdf/demo/demo.jar ptolemy/domains/sdf/doc/doc.jar ptolemy/domains/ddf/demo/demo.jar ptolemy/domains/ddf/doc/doc.jar ptolemy/domains/de/demo/demo.jar ptolemy/domains/de/doc/doc.jar ptolemy/domains/hdf/demo/demo.jar ptolemy/domains/hdf/doc/doc.jar ptolemy/domains/pn/demo/demo.jar ptolemy/domains/pn/doc/doc.jar ptolemy/domains/rendezvous/demo/demo.jar ptolemy/domains/rendezvous/doc/doc.jar ptolemy/domains/sr/demo/demo.jar ptolemy/domains/sr/doc/doc.jar lib/sootclasses.jar ptolemy/copernicus/copernicus.jar contrib/contrib.jar doc/books/systems/vergil/vergil.jar doc/design/design.jar doc/img/img.jar doc/papers/papers.jar ptolemy/vergil/basic/export/html/html.jar ptolemy/vergil/basic/export/export.jar ptolemy/vergil/basic/export/web/web.jar  lib/jcerti.jar org/hlacerti/hlacerti.jar org/ptolemy/qss/qss.jar org/ptolemy/qss/demo/demo.jar lib/jna.jar lib/jna-4.0.0-variadic.jar org/ptolemy/fmi/fmi.jar ptolemy/actor/lib/fmi/fmi.jar ptolemy/actor/lib/fmi/demo/demo.jar ptolemy/vergil/basic/imprt/fmu/fmu.jar  ptolemy/actor/gt/gt.jar ptolemy/actor/gt/demo/demo.jar ptolemy/actor/lib/aspect/aspect.jar ptolemy/actor/lib/aspect/demo/demo.jar ptolemy/actor/lib/colt/colt.jar lib/ptcolt.jar ptolemy/actor/lib/fmi/demo/demo.jar ptolemy/actor/lib/gem5/gem5.jar ptolemy/actor/lib/gem5/demo/demo.jar ptolemy/actor/lib/jai/jai.jar ptolemy/actor/lib/jai/demo/demo.jar ptolemy/actor/lib/jmf/jmf.jar ptolemy/actor/lib/jmf/demo/demo.jar ptolemy/actor/lib/joystick/joystick.jar vendors/misc/joystick/Joystick.jar ptolemy/actor/lib/mail/mail.jar ptolemy/actor/lib/mail/demo/demo.jar ptolemy/actor/ptalon/gt/gt.jar ptolemy/actor/ptalon/gt/demo/demo.jar lib/ptCal.jar lib/saxon8.jar lib/saxon8-dom.jar lib/java_cup.jar ptolemy/caltrop/caltrop.jar ptolemy/caltrop/demo/demo.jar ptolemy/distributed/distributed.jar ptolemy/distributed/domains/sdf/sdf.jar ptolemy/distributed/demo/demo.jar ptolemy/demo/demo.jar ptolemy/domains/experimentalDomains.jar ptolemy/domains/algebraic/demo/demo.jar ptolemy/domains/ca/demo/demo.jar ptolemy/domains/ci/demo/demo.jar ptolemy/domains/ci/doc/doc.jar ptolemy/domains/csp/demo/demo.jar ptolemy/domains/csp/doc/doc.jar ptolemy/domains/curriculum/curriculum.jar ptolemy/domains/dde/demo/demo.jar ptolemy/domains/dde/doc/doc.jar ptolemy/domains/dt/demo/demo.jar ptolemy/domains/dt/doc/doc.jar ptolemy/domains/giotto/demo/demo.jar ptolemy/domains/giotto/doc/doc.jar ptolemy/domains/gr/gr.jar /home/travis/build/icyphy/ptII/adm/installers/test/../../../adm/dists/ptII11.1.devel/vendors/j3d/lib/Linux/j3dcore.jar:/home/travis/build/icyphy/ptII/adm/installers/test/../../../adm/dists/ptII11.1.devel/vendors/j3d/lib/Linux/j3dutils.jar:/home/travis/build/icyphy/ptII/adm/installers/test/../../../adm/dists/ptII11.1.devel/vendors/j3d/lib/Linux/vecmath.jar: ptolemy/domains/gr/demo/demo.jar ptolemy/domains/gr/doc/doc.jar ptolemy/domains/petrinet/demo/demo.jar ptolemy/domains/psdf/psdf.jar ptolemy/domains/psdf/demo/demo.jar ptolemy/domains/psdf/demo/BlindCommunication/BlindCommunication.jar ptolemy/domains/psdf/doc/doc.jar lib/mapss.jar ptolemy/domains/ptides/ptides.jar ptolemy/domains/ptides/demo/demo.jar ptolemy/domains/scr/scr.jar ptolemy/domains/scr/demo/demo.jar ptolemy/domains/sdf/lib/vq/vq.jar ptolemy/domains/sdf/lib/vq/data/data.jar ptolemy/domains/sdf/optimize/optimize.jar ptolemy/domains/sdf/optimize/demo/demo.jar ptolemy/domains/taskpt/taskpt.jar ptolemy/domains/taskpt/demo/demo.jar ptolemy/domains/taskpt/doc/doc.jar ptolemy/domains/tcs/tcs.jar ptolemy/domains/tcs/demo/demo.jar ptolemy/domains/tdl/tdl.jar ptolemy/domains/tdl/demo/demo.jar ptolemy/domains/tester/tester.jar ptolemy/domains/tm/demo/demo.jar ptolemy/domains/tm/doc/doc.jar ptolemy/domains/tm/tm.jar ptolemy/verification/verification.jar ptolemy/verification/demo/demo.jar ptolemy/domains/ptera/ptera.jar ptolemy/domains/ptera/demo/demo.jar ptolemy/domains/ptera/doc/doc.jar ptolemy/vergil/ptera/ptera.jar ptolemy/vergil/pdfrenderer/pdfrenderer.jar lib/PDFRenderer.jar ptolemy/vergil/basic/export/exportFull.jar /home/travis/build/icyphy/ptII/adm/installers/test/../../../adm/dists/ptII11.1.devel/lib/jsoup-1.8.2.jar ptolemy/vergil/basic/export/html/jsoup/jsoup.jar ptolemy/vergil/modal/fmv/fmv.jar ptolemy/vergil/gt/gt.jar ptolemy/vergil/scr/scr.jar ptolemy/vergil/tdl/tdl.jar ptolemy/cg/cg.jar ptolemy/data/ontologies/ontologies.jar ptolemy/data/ontologies/demo/demo.jar ptolemy/vergil/ontologies/ontologies.jar ptolemy/domains/sequence/sequence.jar ptolemy/domains/sequence/demo/demo.jar ptolemy/domains/pthales/pthales.jar ptolemy/domains/pthales/demo/demo.jar org/ptolemy/faultModels/faultModels.jar org/ptolemy/machineImprovisation/machineImprovisation.jar org/ptolemy/machineImprovisation/demo/demo.jar org/ptolemy/osc/osc.jar /home/travis/build/icyphy/ptII/adm/installers/test/../../../adm/dists/ptII11.1.devel/lib/oscP5.jar lib/protobuf-java-2.4.1.jar ptolemy/domains/metroII/metroII.jar ptolemy/domains/metroII/demo/demo.jar ptolemy/domains/atc/atc.jar ptolemy/domains/atc/demo/demo.jar ptolemy/domains/fmima/fmima.jar ptolemy/domains/scr/scr.jar ptolemy/domains/scr/demo/demo.jar ptolemy/vergil/scr/scr.jar /home/travis/build/icyphy/ptII/adm/installers/test/../../../adm/dists/ptII11.1.devel/lib/g4ltl.jar ptolemy/vergil/basic/imprt/g4ltl/g4ltl.jar ptolemy/vergil/basic/imprt/g4ltl/demo/demo.jar org/ptolemy/classloading/classloading.jar org/ptolemy/commons/commons.jar org/ptolemy/qss/qss.jar org/ptolemy/qss/demo/demo.jar ptolemy/actor/gui/syntax/syntax.jar ptolemy/domains/qss/qss.jar ptolemy/domains/qss/demo/demo.jar /home/travis/build/icyphy/ptII/adm/installers/test/../../../adm/dists/ptII11.1.devel/lib/rsyntaxtextarea-2.6.0-SNAPSHOT.jar :/home/travis/build/icyphy/ptII/adm/installers/test/../../../adm/dists/ptII11.1.devel/lib/JRI.jar:/home/travis/build/icyphy/ptII/adm/installers/test/../../../adm/dists/ptII11.1.devel/lib/commons-lang-2.6.jar:/home/travis/build/icyphy/ptII/adm/installers/test/../../../adm/dists/ptII11.1.devel/lib/commons-logging-1.1.1.jar ptolemy/actor/lib/r/r.jar ptolemy/actor/lib/r/demo/demo.jar ptolemy/actor/lib/database/database.jar ptolemy/domains/space/space.jar ptolemy/actor/lib/database/mysql-connector-java-5.1.6-bin.jar com/jgoodies/jgoodies.jar lib/bsh-2.0b4.jar org/mlc/mlc.jar ptolemy/actor/gui/run/run.jar ptolemy/domains/wireless/wireless.jar ptolemy/domains/wireless/demo/demo.jar ptolemy/domains/wireless/doc/doc.jar com/jhlabs/jhlabs.jar | sed 's/:/ /g' | sed 's/C:/c:/g' | sed "s@/home/travis/build/icyphy/ptII/adm/installers/test/../../../adm/dists/ptII11.1.devel/@@g" ` > vergil_l4j.xml
./bin/mkl4j histogram ptolemy.plot.plotml.HistogramMLApplication \
	doc/img/histogram.ico \
	"" ptolemy/plot/plotapplication.jar > histogram_l4j.xml
./bin/mkl4j ptplot ptolemy.plot.plotml.EditablePlotMLApplication \
	doc/img/ptplot.ico \
	"" ptolemy/plot/plotapplication.jar > ptplot_l4j.xml
ls -l /home/travis/build/icyphy/ptII/adm/installers/test/../../../adm/dists/ptII11.1.devel/vendors/launch4j/launch4j
-rwxr-xr-x 1 travis travis 160 Jun 27  2017 /home/travis/build/icyphy/ptII/adm/installers/test/../../../adm/dists/ptII11.1.devel/vendors/launch4j/launch4j
ls -l `dirname /home/travis/build/icyphy/ptII/adm/installers/test/../../../adm/dists/ptII11.1.devel/vendors/launch4j/launch4j`
lrwxrwxrwx 1 travis travis 76 Aug  6 15:04 /home/travis/build/icyphy/ptII/adm/installers/test/../../../adm/dists/ptII11.1.devel/vendors/launch4j -> /home/travis/build/icyphy/ptII/adm/installers/test/../../../vendors/launch4j
ls -l /home/travis/build/icyphy/ptII/adm/installers/test/../../../adm/dists/ptII11.1.devel/vendors
total 28
lrwxrwxrwx 1 travis travis   77 Aug  6 15:04 installer -> /home/travis/build/icyphy/ptII/adm/installers/test/../../../vendors/installer
lrwxrwxrwx 1 travis travis   74 Aug  6 15:04 izpack -> /home/travis/build/icyphy/ptII/adm/installers/test/../../../vendors/izpack
drwxrwxr-x 3 travis travis 4096 Aug  6 15:04 j3d
drwxrwxr-x 3 travis travis 4096 Aug  6 15:04 jogl
lrwxrwxrwx 1 travis travis   76 Aug  6 15:04 launch4j -> /home/travis/build/icyphy/ptII/adm/installers/test/../../../vendors/launch4j
drwxrwxr-x 4 travis travis 4096 Aug  6 15:04 misc
drwxrwxr-x 5 travis travis 4096 Aug  6 15:04 node
"/home/travis/build/icyphy/ptII/adm/installers/test/../../../adm/dists/ptII11.1.devel/vendors/launch4j/launch4j" `./bin/ptcygpath capecode_l4j.xml`
WARNING: An illegal reflective access operation has occurred
WARNING: Illegal reflective access by com.thoughtworks.xstream.core.util.Fields (file:/home/travis/build/icyphy/ptII/vendors/launch4j/lib/xstream.jar) to field java.util.Properties.defaults
WARNING: Please consider reporting this to the maintainers of com.thoughtworks.xstream.core.util.Fields
WARNING: Use --illegal-access=warn to enable warnings of further illegal reflective access operations
WARNING: All illegal access operations will be denied in a future release
launch4j: Resource file:
launch4j: LANGUAGE 0, 1
1 VERSIONINFO
FILEVERSION 11, 0, 0, 1
PRODUCTVERSION 11, 0, 0, 1
FILEFLAGSMASK 0
FILEOS 0x40000
FILETYPE 1
{
 BLOCK "StringFileInfo"
 {
  BLOCK "040904E4"
  {
   VALUE "CompanyName", "Ptolemy Project, University of California, Berkeley"
   VALUE "FileDescription", "Ptolemy II Application"
   VALUE "FileVersion", "11.0-devel"
   VALUE "InternalName", "capecode"
   VALUE "LegalCopyright", "Copyright (c) 1995-2017 The Regents of the University of California. All rights reserved. http://ptolemy.eecs.berkeley.edu/copyright.htm"
   VALUE "LegalTrademarks", ""
   VALUE "OriginalFilename", "capecode.exe"
   VALUE "ProductName", "Ptolemy II"
   VALUE "ProductVersion", "11.0-devel"
  }
 }
BLOCK "VarFileInfo"
{
VALUE "Translation", 0x0409, 0x04E4
}
}1 RCDATA BEGIN "jre\0" END
2 RCDATA BEGIN "1.8.0\0" END
18 RCDATA BEGIN "1\0" END
30 RCDATA BEGIN "2\0" END
27 RCDATA BEGIN "7654\0" END
1 ICON DISCARDABLE "/home/travis/build/icyphy/ptII/adm/dists/ptII11.1.devel/doc/img/capecode.ico"
10 RCDATA BEGIN "capecode\0" END
21 RCDATA BEGIN "http://java.com/download\0" END
13 RCDATA BEGIN "-capecode\0" END
8 RCDATA BEGIN ".\0" END
20 RCDATA BEGIN "32\0" END
11 RCDATA BEGIN "true\0" END
101 RCDATA BEGIN "An error occurred while starting the application.\0" END
102 RCDATA BEGIN "This application was configured to use a bundled Java Runtime Environment but the runtime is missing or corrupted.\0" END
103 RCDATA BEGIN "This application requires a Java Runtime Environment\0" END
104 RCDATA BEGIN "The registry refers to a nonexistent Java Runtime Environment installation or the runtime is corrupted.\0" END
15 RCDATA BEGIN "ptolemy.vergil.VergilApplication\0" END
16 RCDATA BEGIN "%HOMEPATH%\\.ptolemyII;%HOMEPATH%\\.ptolemyII\\*;%HOME%\\.ptolemyII;%HOME%\\.ptolemyII\\*;contrib\\contrib.jar;.;ptolemy\\ptsupport.jar;doc\\docConfig.jar;lib\\diva.jar;lib\\ptliblicenses.jar;ptolemy\\domains\\domains.jar;ant\\apache-ant-license.jar;com\\cureos\\cureos.jar;doc\\codeDocCapeCode.jar;doc\\design\\usingVergil\\usingVergil.jar;edu\\umich\\eecs\\april\\april.jar;lib\\svgSalamander.jar;com\\jhlabs\\jhlabs.jar;org\\json\\json.jar;org\\terraswarm\\accessor\\accessor.jar;org\\terraswarm\\accessor\\accessors\\accessors.jar;org\\terraswarm\\accessor\\demo\\demo.jar;org\\terraswarm\\ros\\demo\\demo.jar;org\\ptolemy\\ssm\\ssm.jar;org\\ptolemy\\machineLearning\\machineLearning.jar;org\\ptolemy\\optimization\\optimization.jar;ptolemy\\actor\\lib\\conversions\\json\\json.jar;ptolemy\\actor\\lib\\io\\comm\\comm.jar;ptolemy\\actor\\lib\\io\\comm\\demo\\demo.jar;ptolemy\\actor\\lib\\jjs\\jjs.jar;ptolemy\\actor\\lib\\jjs\\demo\\demo.jar;ptolemy\\actor\\lib\\jjs\\modules\\demo.jar;ptolemy\\actor\\lib\\jjs\\modules\\modules.jar;ptolemy\\actor\\lib\\jjs\\node\\node.jar;ptolemy\\actor\\lib\\mail\\mail.jar;ptolemy\\demo\\CapeCodeDemos.jar;ptolemy\\vergil\\basic\\imprt\\accessor\\accessor.jar;ptolemy\\cg\\cgAccessor.jar;ptolemy\\actor\\lib\\database\\database.jar;ptolemy\\domains\\space\\space.jar;ptolemy\\actor\\lib\\database\\mysql-connector-java-5.1.6-bin.jar;lib\\jna-4.0.0-variadic.jar;lib\\javax.mail.jar;lib\\nrjavaserial-3.11.0.devel.jar;org\\ptolemy\\opencv\\opencv.jar;lib\\opencv-320.jar;lib\\opencv-341.jar;lib\\org.eclipse.paho.client.mqttv3.jar;lib\\slf4j-api-1.7.13.jar;lib\\slf4j-simple-1.7.13.jar;lib\\hazelcast-3.8.2.jar;lib\\jackson-annotations-2.9.0.jar;lib\\jackson-core-2.9.3.jar;lib\\jackson-databind-2.9.3.jar;lib\\netty-buffer-4.1.19.Final.jar;lib\\netty-codec-4.1.19.Final.jar;lib\\netty-codec-dns-4.1.19.Final.jar;lib\\netty-codec-http-4.1.19.Final.jar;lib\\netty-codec-http2-4.1.19.Final.jar;lib\\netty-common-4.1.19.Final.jar;lib\\netty-handler-4.1.19.Final.jar;lib\\netty-resolver-4.1.19.Final.jar;lib\\netty-resolver-dns-4.1.19.Final.jar;lib\\netty-transport-4.1.19.Final.jar;lib\\vertx-codegen-3.5.1.jar;lib\\vertx-core-3.5.2-SNAPSHOT.jar;lib\\vertx-hazelcast-3.5.1.jar;lib\\vertx-lang-js-3.5.1.jar;lib\\vertx-service-proxy-3.5.1.jar;lib\\vertx-web-3.5.1.jar;lib\\webcam-capture-0.3.12.jar;lib\\bridj-0.7.0.jar;lib\\xbjlib-1.1.0.nrjavaserial.jar;lib\\slf4j-simple-1.7.13.jar;lib\\slf4j-api-1.7.13.jar;ptolemy\\actor\\lib\\conversions\\json\\json.jar;ptolemy\\actor\\lib\\colt\\colt.jar;lib\\ptcolt.jar;lib\\jsoup-1.8.2.jar;ptolemy\\vergil\\basic\\export\\html\\jsoup\\jsoup.jar;ptolemy\\actor\\gui\\jnlp\\CapeCodeApplication.jar;lib\\universalJavaApplicationStub-license.jar;lib\\kieler.jar;ptolemy\\vergil\\basic\\layout\\layout.jar;ptolemy\\vergil\\vergil.jar;ptolemy\\actor\\parameters\\demo\\demo.jar;doc\\codeDoc.jar;ptolemy\\vergil\\basic\\export\\html\\html.jar;ptolemy\\vergil\\basic\\export\\export.jar;ptolemy\\vergil\\basic\\export\\web\\web.jar;ptolemy\\vergil\\pdfrenderer\\pdfrenderer.jar;lib\\PDFRenderer.jar;ptolemy\\actor\\gui\\syntax\\syntax.jar;ptolemy\\data\\ontologies\\ontologies.jar;ptolemy\\vergil\\ontologies\\ontologies.jar;lib\\rsyntaxtextarea-2.6.0-SNAPSHOT.jar;lib\\jsoup-1.8.2.jar;ptolemy\\vergil\\basic\\export\\html\\jsoup\\jsoup.jar\0" END

launch4j: Compiling resources
launch4j: Linking
launch4j: Successfully created /home/travis/build/icyphy/ptII/adm/dists/ptII11.1.devel/capecode.exe
"/home/travis/build/icyphy/ptII/adm/installers/test/../../../adm/dists/ptII11.1.devel/vendors/launch4j/launch4j" `./bin/ptcygpath ptbook_l4j.xml`
WARNING: An illegal reflective access operation has occurred
WARNING: Illegal reflective access by com.thoughtworks.xstream.core.util.Fields (file:/home/travis/build/icyphy/ptII/vendors/launch4j/lib/xstream.jar) to field java.util.Properties.defaults
WARNING: Please consider reporting this to the maintainers of com.thoughtworks.xstream.core.util.Fields
WARNING: Use --illegal-access=warn to enable warnings of further illegal reflective access operations
WARNING: All illegal access operations will be denied in a future release
launch4j: Resource file:
launch4j: LANGUAGE 0, 1
1 VERSIONINFO
FILEVERSION 11, 0, 0, 1
PRODUCTVERSION 11, 0, 0, 1
FILEFLAGSMASK 0
FILEOS 0x40000
FILETYPE 1
{
 BLOCK "StringFileInfo"
 {
  BLOCK "040904E4"
  {
   VALUE "CompanyName", "Ptolemy Project, University of California, Berkeley"
   VALUE "FileDescription", "Ptolemy II Application"
   VALUE "FileVersion", "11.0-devel"
   VALUE "InternalName", "ptbook"
   VALUE "LegalCopyright", "Copyright (c) 1995-2017 The Regents of the University of California. All rights reserved. http://ptolemy.eecs.berkeley.edu/copyright.htm"
   VALUE "LegalTrademarks", ""
   VALUE "OriginalFilename", "ptbook.exe"
   VALUE "ProductName", "Ptolemy II"
   VALUE "ProductVersion", "11.0-devel"
  }
 }
BLOCK "VarFileInfo"
{
VALUE "Translation", 0x0409, 0x04E4
}
}1 RCDATA BEGIN "jre\0" END
2 RCDATA BEGIN "1.8.0\0" END
18 RCDATA BEGIN "1\0" END
30 RCDATA BEGIN "2\0" END
27 RCDATA BEGIN "7654\0" END
1 ICON DISCARDABLE "/home/travis/build/icyphy/ptII/adm/dists/ptII11.1.devel/doc/img/pdf.ico"
10 RCDATA BEGIN "ptbook\0" END
21 RCDATA BEGIN "http://java.com/download\0" END
13 RCDATA BEGIN "doc/books/systems/\0" END
8 RCDATA BEGIN ".\0" END
20 RCDATA BEGIN "32\0" END
11 RCDATA BEGIN "true\0" END
101 RCDATA BEGIN "An error occurred while starting the application.\0" END
102 RCDATA BEGIN "This application was configured to use a bundled Java Runtime Environment but the runtime is missing or corrupted.\0" END
103 RCDATA BEGIN "This application requires a Java Runtime Environment\0" END
104 RCDATA BEGIN "The registry refers to a nonexistent Java Runtime Environment installation or the runtime is corrupted.\0" END
15 RCDATA BEGIN "ptolemy.actor.gui.BrowserLauncher\0" END
16 RCDATA BEGIN "%HOMEPATH%\\.ptolemyII;%HOMEPATH%\\.ptolemyII\\*;%HOME%\\.ptolemyII;%HOME%\\.ptolemyII\\*;contrib\\contrib.jar;.;ptolemy\\ptsupport.jar\0" END

launch4j: Compiling resources
launch4j: Linking
launch4j: Successfully created /home/travis/build/icyphy/ptII/adm/dists/ptII11.1.devel/ptbook.exe
"/home/travis/build/icyphy/ptII/adm/installers/test/../../../adm/dists/ptII11.1.devel/vendors/launch4j/launch4j" `./bin/ptcygpath hyvisual_l4j.xml /home/travis/build/icyphy/ptII/adm/installers/test/../../../adm/dists/ptII11.1.devel/vendors/launch4j/launch4j`
WARNING: An illegal reflective access operation has occurred
WARNING: Illegal reflective access by com.thoughtworks.xstream.core.util.Fields (file:/home/travis/build/icyphy/ptII/vendors/launch4j/lib/xstream.jar) to field java.util.Properties.defaults
WARNING: Please consider reporting this to the maintainers of com.thoughtworks.xstream.core.util.Fields
WARNING: Use --illegal-access=warn to enable warnings of further illegal reflective access operations
WARNING: All illegal access operations will be denied in a future release
launch4j: Resource file:
launch4j: LANGUAGE 0, 1
1 VERSIONINFO
FILEVERSION 11, 0, 0, 1
PRODUCTVERSION 11, 0, 0, 1
FILEFLAGSMASK 0
FILEOS 0x40000
FILETYPE 1
{
 BLOCK "StringFileInfo"
 {
  BLOCK "040904E4"
  {
   VALUE "CompanyName", "Ptolemy Project, University of California, Berkeley"
   VALUE "FileDescription", "Ptolemy II Application"
   VALUE "FileVersion", "11.0-devel"
   VALUE "InternalName", "hyvisual"
   VALUE "LegalCopyright", "Copyright (c) 1995-2017 The Regents of the University of California. All rights reserved. http://ptolemy.eecs.berkeley.edu/copyright.htm"
   VALUE "LegalTrademarks", ""
   VALUE "OriginalFilename", "hyvisual.exe"
   VALUE "ProductName", "Ptolemy II"
   VALUE "ProductVersion", "11.0-devel"
  }
 }
BLOCK "VarFileInfo"
{
VALUE "Translation", 0x0409, 0x04E4
}
}1 RCDATA BEGIN "jre\0" END
2 RCDATA BEGIN "1.8.0\0" END
18 RCDATA BEGIN "1\0" END
30 RCDATA BEGIN "2\0" END
27 RCDATA BEGIN "7654\0" END
1 ICON DISCARDABLE "/home/travis/build/icyphy/ptII/adm/dists/ptII11.1.devel/doc/img/hyvisual.ico"
10 RCDATA BEGIN "hyvisual\0" END
21 RCDATA BEGIN "http://java.com/download\0" END
13 RCDATA BEGIN "-hyvisual\0" END
8 RCDATA BEGIN ".\0" END
20 RCDATA BEGIN "32\0" END
11 RCDATA BEGIN "true\0" END
101 RCDATA BEGIN "An error occurred while starting the application.\0" END
102 RCDATA BEGIN "This application was configured to use a bundled Java Runtime Environment but the runtime is missing or corrupted.\0" END
103 RCDATA BEGIN "This application requires a Java Runtime Environment\0" END
104 RCDATA BEGIN "The registry refers to a nonexistent Java Runtime Environment installation or the runtime is corrupted.\0" END
15 RCDATA BEGIN "ptolemy.vergil.VergilApplication\0" END
16 RCDATA BEGIN "%HOMEPATH%\\.ptolemyII;%HOMEPATH%\\.ptolemyII\\*;%HOME%\\.ptolemyII;%HOME%\\.ptolemyII\\*;contrib\\contrib.jar;.;ptolemy\\actor\\gui\\jnlp\\HyVisualApplication.jar;doc\\design\\hyvisual.jar;doc\\codeDocHyVisual.jar;ptolemy\\domains\\continuous\\continuous.jar;ptolemy\\domains\\de\\de.jar;ptolemy\\domains\\gr\\gr.jar;vendors\\j3d\\lib\\Linux\\j3dcore.jar;vendors\\j3d\\lib\\Linux\\j3dutils.jar;vendors\\j3d\\lib\\Linux\\vecmath.jar;ptolemy\\domains\\gr\\demo\\demo.jar;ptolemy\\domains\\modal\\modal.jar;ptolemy\\domains\\sdf\\lib\\lib.jar;ptolemy\\domains\\sdf\\kernel\\kernel.jar;ptolemy\\domains\\sr\\sr.jar;lib\\saxon8.jar;lib\\saxon8-dom.jar;ptolemy\\domains\\continuous\\demo\\demo.jar;ptolemy\\domains\\continuous\\doc\\doc.jar;ptolemy\\domains\\modal\\doc\\doc.jar;ptolemy\\domains\\modal\\demo\\demo.jar;ptolemy\\domains\\sdf\\demo\\demo.jar;ptolemy\\domains\\sdf\\doc\\doc.jar;doc\\docConfig.jar;lib\\diva.jar;lib\\kieler.jar;ptolemy\\vergil\\basic\\layout\\layout.jar;ptolemy\\ptsupport.jar;ptolemy\\vergil\\vergil.jar\0" END

launch4j: Compiling resources
launch4j: Linking
launch4j: Successfully created /home/travis/build/icyphy/ptII/adm/dists/ptII11.1.devel/hyvisual.exe
"/home/travis/build/icyphy/ptII/adm/installers/test/../../../adm/dists/ptII11.1.devel/vendors/launch4j/launch4j" `./bin/ptcygpath ptiny_l4j.xml`
WARNING: An illegal reflective access operation has occurred
WARNING: Illegal reflective access by com.thoughtworks.xstream.core.util.Fields (file:/home/travis/build/icyphy/ptII/vendors/launch4j/lib/xstream.jar) to field java.util.Properties.defaults
WARNING: Please consider reporting this to the maintainers of com.thoughtworks.xstream.core.util.Fields
WARNING: Use --illegal-access=warn to enable warnings of further illegal reflective access operations
WARNING: All illegal access operations will be denied in a future release
launch4j: Resource file:
launch4j: LANGUAGE 0, 1
1 VERSIONINFO
FILEVERSION 11, 0, 0, 1
PRODUCTVERSION 11, 0, 0, 1
FILEFLAGSMASK 0
FILEOS 0x40000
FILETYPE 1
{
 BLOCK "StringFileInfo"
 {
  BLOCK "040904E4"
  {
   VALUE "CompanyName", "Ptolemy Project, University of California, Berkeley"
   VALUE "FileDescription", "Ptolemy II Application"
   VALUE "FileVersion", "11.0-devel"
   VALUE "InternalName", "ptiny"
   VALUE "LegalCopyright", "Copyright (c) 1995-2017 The Regents of the University of California. All rights reserved. http://ptolemy.eecs.berkeley.edu/copyright.htm"
   VALUE "LegalTrademarks", ""
   VALUE "OriginalFilename", "ptiny.exe"
   VALUE "ProductName", "Ptolemy II"
   VALUE "ProductVersion", "11.0-devel"
  }
 }
BLOCK "VarFileInfo"
{
VALUE "Translation", 0x0409, 0x04E4
}
}1 RCDATA BEGIN "jre\0" END
2 RCDATA BEGIN "1.8.0\0" END
18 RCDATA BEGIN "1\0" END
30 RCDATA BEGIN "2\0" END
27 RCDATA BEGIN "7654\0" END
1 ICON DISCARDABLE "/home/travis/build/icyphy/ptII/adm/dists/ptII11.1.devel/doc/img/ptiny.ico"
10 RCDATA BEGIN "ptiny\0" END
21 RCDATA BEGIN "http://java.com/download\0" END
13 RCDATA BEGIN "-ptiny\0" END
8 RCDATA BEGIN ".\0" END
20 RCDATA BEGIN "32\0" END
11 RCDATA BEGIN "true\0" END
101 RCDATA BEGIN "An error occurred while starting the application.\0" END
102 RCDATA BEGIN "This application was configured to use a bundled Java Runtime Environment but the runtime is missing or corrupted.\0" END
103 RCDATA BEGIN "This application requires a Java Runtime Environment\0" END
104 RCDATA BEGIN "The registry refers to a nonexistent Java Runtime Environment installation or the runtime is corrupted.\0" END
15 RCDATA BEGIN "ptolemy.vergil.VergilApplication\0" END
16 RCDATA BEGIN "%HOMEPATH%\\.ptolemyII;%HOMEPATH%\\.ptolemyII\\*;%HOME%\\.ptolemyII;%HOME%\\.ptolemyII\\*;contrib\\contrib.jar;.;ptolemy\\actor\\gui\\jnlp\\PtinyApplication.jar;ptolemy\\ptsupport.jar;doc\\docConfig.jar;lib\\diva.jar;lib\\ptliblicenses.jar;ptolemy\\domains\\domains.jar;lib\\universalJavaApplicationStub-license.jar;lib\\kieler.jar;ptolemy\\vergil\\basic\\layout\\layout.jar;ptolemy\\vergil\\vergil.jar;ptolemy\\actor\\parameters\\demo\\demo.jar;doc\\codeDoc.jar;doc\\design\\usingVergil\\usingVergil.jar;ptolemy\\actor\\lib\\colt\\demo\\demo.jar;ptolemy\\actor\\lib\\security\\demo\\demo.jar;ptolemy\\actor\\lib\\comm\\demo\\demo.jar;ptolemy\\actor\\lib\\hoc\\demo\\demo.jar;ptolemy\\actor\\lib\\io\\demo\\demo.jar;ptolemy\\actor\\lib\\javasound\\demo\\demo.jar;ptolemy\\data\\type\\demo\\demo.jar;ptolemy\\data\\unit\\demo\\demo.jar;ptolemy\\moml\\demo\\demo.jar;ptolemy\\vergil\\kernel\\attributes\\demo\\demo.jar;ptolemy\\actor\\ptalon\\antlr\\antlr.jar;ptolemy\\actor\\ptalon\\demo\\demo.jar;ptolemy\\actor\\ptalon\\ptalon.jar;ptolemy\\actor\\lib\\jjs\\jjs.jar;ptolemy\\actor\\lib\\jjs\\demo\\demo.jar;ptolemy\\actor\\lib\\jjs\\modules\\demo.jar;ptolemy\\actor\\lib\\jjs\\modules\\modules.jar;ptolemy\\actor\\lib\\jjs\\node\\node.jar;lib\\jython.jar;ptolemy\\actor\\lib\\python\\python.jar;ptolemy\\actor\\lib\\python\\demo\\demo.jar;ptolemy\\domains\\continuous\\demo\\demo.jar;ptolemy\\domains\\continuous\\doc\\doc.jar;ptolemy\\domains\\modal\\doc\\doc.jar;ptolemy\\domains\\modal\\demo\\demo.jar;ptolemy\\domains\\sdf\\demo\\demo.jar;ptolemy\\domains\\sdf\\doc\\doc.jar;ptolemy\\domains\\ddf\\demo\\demo.jar;ptolemy\\domains\\ddf\\doc\\doc.jar;ptolemy\\domains\\de\\demo\\demo.jar;ptolemy\\domains\\de\\doc\\doc.jar;ptolemy\\domains\\hdf\\demo\\demo.jar;ptolemy\\domains\\hdf\\doc\\doc.jar;ptolemy\\domains\\pn\\demo\\demo.jar;ptolemy\\domains\\pn\\doc\\doc.jar;ptolemy\\domains\\rendezvous\\demo\\demo.jar;ptolemy\\domains\\rendezvous\\doc\\doc.jar;ptolemy\\domains\\sr\\demo\\demo.jar;ptolemy\\domains\\sr\\doc\\doc.jar;ptolemy\\actor\\lib\\conversions\\json\\json.jar;ptolemy\\actor\\lib\\colt\\colt.jar;lib\\ptcolt.jar\0" END

launch4j: Compiling resources
launch4j: Linking
launch4j: Successfully created /home/travis/build/icyphy/ptII/adm/dists/ptII11.1.devel/ptiny.exe
"/home/travis/build/icyphy/ptII/adm/installers/test/../../../adm/dists/ptII11.1.devel/vendors/launch4j/launch4j" `./bin/ptcygpath vergil_l4j.xml`
WARNING: An illegal reflective access operation has occurred
WARNING: Illegal reflective access by com.thoughtworks.xstream.core.util.Fields (file:/home/travis/build/icyphy/ptII/vendors/launch4j/lib/xstream.jar) to field java.util.Properties.defaults
WARNING: Please consider reporting this to the maintainers of com.thoughtworks.xstream.core.util.Fields
WARNING: Use --illegal-access=warn to enable warnings of further illegal reflective access operations
WARNING: All illegal access operations will be denied in a future release
launch4j: Resource file:
launch4j: LANGUAGE 0, 1
1 VERSIONINFO
FILEVERSION 11, 0, 0, 1
PRODUCTVERSION 11, 0, 0, 1
FILEFLAGSMASK 0
FILEOS 0x40000
FILETYPE 1
{
 BLOCK "StringFileInfo"
 {
  BLOCK "040904E4"
  {
   VALUE "CompanyName", "Ptolemy Project, University of California, Berkeley"
   VALUE "FileDescription", "Ptolemy II Application"
   VALUE "FileVersion", "11.0-devel"
   VALUE "InternalName", "vergil"
   VALUE "LegalCopyright", "Copyright (c) 1995-2017 The Regents of the University of California. All rights reserved. http://ptolemy.eecs.berkeley.edu/copyright.htm"
   VALUE "LegalTrademarks", ""
   VALUE "OriginalFilename", "vergil.exe"
   VALUE "ProductName", "Ptolemy II"
   VALUE "ProductVersion", "11.0-devel"
  }
 }
BLOCK "VarFileInfo"
{
VALUE "Translation", 0x0409, 0x04E4
}
}1 RCDATA BEGIN "jre\0" END
2 RCDATA BEGIN "1.8.0\0" END
18 RCDATA BEGIN "1\0" END
30 RCDATA BEGIN "2\0" END
27 RCDATA BEGIN "7654\0" END
1 ICON DISCARDABLE "/home/travis/build/icyphy/ptII/adm/dists/ptII11.1.devel/doc/img/vergil.ico"
10 RCDATA BEGIN "vergil\0" END
21 RCDATA BEGIN "http://java.com/download\0" END
8 RCDATA BEGIN ".\0" END
20 RCDATA BEGIN "32\0" END
11 RCDATA BEGIN "true\0" END
101 RCDATA BEGIN "An error occurred while starting the application.\0" END
102 RCDATA BEGIN "This application was configured to use a bundled Java Runtime Environment but the runtime is missing or corrupted.\0" END
103 RCDATA BEGIN "This application requires a Java Runtime Environment\0" END
104 RCDATA BEGIN "The registry refers to a nonexistent Java Runtime Environment installation or the runtime is corrupted.\0" END
15 RCDATA BEGIN "ptolemy.vergil.VergilApplication\0" END
16 RCDATA BEGIN "%HOMEPATH%\\.ptolemyII;%HOMEPATH%\\.ptolemyII\\*;%HOME%\\.ptolemyII;%HOME%\\.ptolemyII\\*;contrib\\contrib.jar;.;vergil_l4j.jar\0" END

launch4j: Compiling resources
launch4j: Linking
launch4j: Successfully created /home/travis/build/icyphy/ptII/adm/dists/ptII11.1.devel/vergil.exe
"/home/travis/build/icyphy/ptII/adm/installers/test/../../../adm/dists/ptII11.1.devel/vendors/launch4j/launch4j" `./bin/ptcygpath histogram_l4j.xml`
WARNING: An illegal reflective access operation has occurred
WARNING: Illegal reflective access by com.thoughtworks.xstream.core.util.Fields (file:/home/travis/build/icyphy/ptII/vendors/launch4j/lib/xstream.jar) to field java.util.Properties.defaults
WARNING: Please consider reporting this to the maintainers of com.thoughtworks.xstream.core.util.Fields
WARNING: Use --illegal-access=warn to enable warnings of further illegal reflective access operations
WARNING: All illegal access operations will be denied in a future release
launch4j: Resource file:
launch4j: LANGUAGE 0, 1
1 VERSIONINFO
FILEVERSION 11, 0, 0, 1
PRODUCTVERSION 11, 0, 0, 1
FILEFLAGSMASK 0
FILEOS 0x40000
FILETYPE 1
{
 BLOCK "StringFileInfo"
 {
  BLOCK "040904E4"
  {
   VALUE "CompanyName", "Ptolemy Project, University of California, Berkeley"
   VALUE "FileDescription", "Ptolemy II Application"
   VALUE "FileVersion", "11.0-devel"
   VALUE "InternalName", "histogram"
   VALUE "LegalCopyright", "Copyright (c) 1995-2017 The Regents of the University of California. All rights reserved. http://ptolemy.eecs.berkeley.edu/copyright.htm"
   VALUE "LegalTrademarks", ""
   VALUE "OriginalFilename", "histogram.exe"
   VALUE "ProductName", "Ptolemy II"
   VALUE "ProductVersion", "11.0-devel"
  }
 }
BLOCK "VarFileInfo"
{
VALUE "Translation", 0x0409, 0x04E4
}
}1 RCDATA BEGIN "jre\0" END
2 RCDATA BEGIN "1.8.0\0" END
18 RCDATA BEGIN "1\0" END
30 RCDATA BEGIN "2\0" END
27 RCDATA BEGIN "7654\0" END
1 ICON DISCARDABLE "/home/travis/build/icyphy/ptII/adm/dists/ptII11.1.devel/doc/img/histogram.ico"
10 RCDATA BEGIN "histogram\0" END
21 RCDATA BEGIN "http://java.com/download\0" END
8 RCDATA BEGIN ".\0" END
20 RCDATA BEGIN "32\0" END
11 RCDATA BEGIN "true\0" END
101 RCDATA BEGIN "An error occurred while starting the application.\0" END
102 RCDATA BEGIN "This application was configured to use a bundled Java Runtime Environment but the runtime is missing or corrupted.\0" END
103 RCDATA BEGIN "This application requires a Java Runtime Environment\0" END
104 RCDATA BEGIN "The registry refers to a nonexistent Java Runtime Environment installation or the runtime is corrupted.\0" END
15 RCDATA BEGIN "ptolemy.plot.plotml.HistogramMLApplication\0" END
16 RCDATA BEGIN "%HOMEPATH%\\.ptolemyII;%HOMEPATH%\\.ptolemyII\\*;%HOME%\\.ptolemyII;%HOME%\\.ptolemyII\\*;contrib\\contrib.jar;.;ptolemy\\plot\\plotapplication.jar\0" END

launch4j: Compiling resources
launch4j: Linking
launch4j: Successfully created /home/travis/build/icyphy/ptII/adm/dists/ptII11.1.devel/histogram.exe
"/home/travis/build/icyphy/ptII/adm/installers/test/../../../adm/dists/ptII11.1.devel/vendors/launch4j/launch4j" `./bin/ptcygpath ptplot_l4j.xml`
WARNING: An illegal reflective access operation has occurred
WARNING: Illegal reflective access by com.thoughtworks.xstream.core.util.Fields (file:/home/travis/build/icyphy/ptII/vendors/launch4j/lib/xstream.jar) to field java.util.Properties.defaults
WARNING: Please consider reporting this to the maintainers of com.thoughtworks.xstream.core.util.Fields
WARNING: Use --illegal-access=warn to enable warnings of further illegal reflective access operations
WARNING: All illegal access operations will be denied in a future release
launch4j: Resource file:
launch4j: LANGUAGE 0, 1
1 VERSIONINFO
FILEVERSION 11, 0, 0, 1
PRODUCTVERSION 11, 0, 0, 1
FILEFLAGSMASK 0
FILEOS 0x40000
FILETYPE 1
{
 BLOCK "StringFileInfo"
 {
  BLOCK "040904E4"
  {
   VALUE "CompanyName", "Ptolemy Project, University of California, Berkeley"
   VALUE "FileDescription", "Ptolemy II Application"
   VALUE "FileVersion", "11.0-devel"
   VALUE "InternalName", "ptplot"
   VALUE "LegalCopyright", "Copyright (c) 1995-2017 The Regents of the University of California. All rights reserved. http://ptolemy.eecs.berkeley.edu/copyright.htm"
   VALUE "LegalTrademarks", ""
   VALUE "OriginalFilename", "ptplot.exe"
   VALUE "ProductName", "Ptolemy II"
   VALUE "ProductVersion", "11.0-devel"
  }
 }
BLOCK "VarFileInfo"
{
VALUE "Translation", 0x0409, 0x04E4
}
}1 RCDATA BEGIN "jre\0" END
2 RCDATA BEGIN "1.8.0\0" END
18 RCDATA BEGIN "1\0" END
30 RCDATA BEGIN "2\0" END
27 RCDATA BEGIN "7654\0" END
1 ICON DISCARDABLE "/home/travis/build/icyphy/ptII/adm/dists/ptII11.1.devel/doc/img/ptplot.ico"
10 RCDATA BEGIN "ptplot\0" END
21 RCDATA BEGIN "http://java.com/download\0" END
8 RCDATA BEGIN ".\0" END
20 RCDATA BEGIN "32\0" END
11 RCDATA BEGIN "true\0" END
101 RCDATA BEGIN "An error occurred while starting the application.\0" END
102 RCDATA BEGIN "This application was configured to use a bundled Java Runtime Environment but the runtime is missing or corrupted.\0" END
103 RCDATA BEGIN "This application requires a Java Runtime Environment\0" END
104 RCDATA BEGIN "The registry refers to a nonexistent Java Runtime Environment installation or the runtime is corrupted.\0" END
15 RCDATA BEGIN "ptolemy.plot.plotml.EditablePlotMLApplication\0" END
16 RCDATA BEGIN "%HOMEPATH%\\.ptolemyII;%HOMEPATH%\\.ptolemyII\\*;%HOME%\\.ptolemyII;%HOME%\\.ptolemyII\\*;contrib\\contrib.jar;.;ptolemy\\plot\\plotapplication.jar\0" END

launch4j: Compiling resources
launch4j: Linking
launch4j: Successfully created /home/travis/build/icyphy/ptII/adm/dists/ptII11.1.devel/ptplot.exe
make[2]: Leaving directory '/home/travis/build/icyphy/ptII/adm/dists/ptII11.1.devel'
About to make jar_dist, PTII=/home/travis/build/icyphy/ptII/adm/installers/test/../../../adm/dists/ptII11.1.devel
make[2]: Entering directory '/home/travis/build/icyphy/ptII/adm/dists/ptII11.1.devel'
if [ -f lib/libbcvtb.jnilib ]; then \
	(cd lib; \
 	"/usr/bin/jar" -cvf bcvtbMacOSX.jar libbcvtb.jnilib); \
else \
	echo "$PTII/libbcvtb.jnilib does not exist creating dummy jar"; \
	echo "$PTII/lib/libbcvtb.jnilib not found, see PTII/mk/jnlp.mk" \
		> lib/README_bcvtb.txt; \
	(cd lib; \
                "/usr/bin/jar" -cvf bcvtbMacOSX.jar \
		README_bcvtb.txt); \
	rm -f lib/README_bcvtb.txt; \
fi
/home/travis/build/icyphy/ptII/adm/installers/test/../../../adm/dists/ptII11.1.devel/libbcvtb.jnilib does not exist creating dummy jar
added manifest
adding: README_bcvtb.txt(in = 136) (out= 112)(deflated 17%)
if [ ! -d jar_dist ]; then \
	mkdir -p jar_dist; \
fi
# Remove /home/travis/build/icyphy/ptII/adm/installers/test/../../../adm/dists/ptII11.1.devel/ for files like /var/lib/hudson/jobs/ptII/workspace/vendors/oracle/javamail/mail.jar
# Replace the CLASSPATHSEPARATOR with a space.
#  Copying vergil_l4j.jar to jar_dist/
#  Copying lib/bcvtbMacOSX.jar to jar_dist/
#  Copying lib/joystickWindows.jar to jar_dist/
#  Copying lib/matlabMacOSX.jar to jar_dist/
#  Copying lib/matlabLinux.jar to jar_dist/
#  Copying lib/matlabSunOS.jar to jar_dist/
#  Copying lib/matlabWindows.jar to jar_dist/
#  Copying doc/codeDocBcvtb.jar to jar_dist/
#  Copying ant/apache-ant-license.jar to jar_dist/
#  Copying com/cureos/cureos.jar to jar_dist/
#  Copying doc/codeDocCapeCode.jar to jar_dist/
#  Copying doc/design/usingVergil/usingVergil.jar to jar_dist/
#  Copying edu/umich/eecs/april/april.jar to jar_dist/
#  Copying lib/svgSalamander.jar to jar_dist/
#  Copying com/jhlabs/jhlabs.jar to jar_dist/
#  Copying org/json/json.jar to jar_dist/
#  Copying org/terraswarm/accessor/accessor.jar to jar_dist/
#  Copying org/terraswarm/accessor/accessors/accessors.jar to jar_dist/
#  Copying org/terraswarm/accessor/demo/demo.jar to jar_dist/
#  Copying org/terraswarm/ros/demo/demo.jar to jar_dist/
#  Copying org/ptolemy/ssm/ssm.jar to jar_dist/
#  Copying org/ptolemy/machineLearning/machineLearning.jar to jar_dist/
#  Copying org/ptolemy/optimization/optimization.jar to jar_dist/
#  Copying ptolemy/actor/lib/conversions/json/json.jar to jar_dist/
#  Copying ptolemy/actor/lib/io/comm/comm.jar to jar_dist/
#  Copying ptolemy/actor/lib/io/comm/demo/demo.jar to jar_dist/
#  Copying ptolemy/actor/lib/jjs/jjs.jar to jar_dist/
#  Copying ptolemy/actor/lib/jjs/demo/demo.jar to jar_dist/
#  Copying ptolemy/actor/lib/jjs/modules/demo.jar to jar_dist/
#  Copying ptolemy/actor/lib/jjs/modules/modules.jar to jar_dist/
#  Copying ptolemy/actor/lib/jjs/node/node.jar to jar_dist/
#  Copying ptolemy/actor/lib/mail/mail.jar to jar_dist/
#  Copying ptolemy/demo/CapeCodeDemos.jar to jar_dist/
#  Copying ptolemy/vergil/basic/imprt/accessor/accessor.jar to jar_dist/
#  Copying ptolemy/cg/cgAccessor.jar to jar_dist/
#  Copying ptolemy/actor/lib/database/database.jar to jar_dist/
#  Copying ptolemy/domains/space/space.jar to jar_dist/
#  Copying ptolemy/actor/lib/database/mysql-connector-java-5.1.6-bin.jar to jar_dist/
#  Copying lib/jna-4.0.0-variadic.jar to jar_dist/
#  Copying lib/javax.mail.jar to jar_dist/
#  Copying lib/nrjavaserial-3.11.0.devel.jar to jar_dist/
#  Copying org/ptolemy/opencv/opencv.jar to jar_dist/
#  Copying lib/opencv-320.jar to jar_dist/
#  Copying lib/opencv-341.jar to jar_dist/
#  Copying lib/org.eclipse.paho.client.mqttv3.jar to jar_dist/
#  Copying lib/slf4j-api-1.7.13.jar to jar_dist/
#  Copying lib/slf4j-simple-1.7.13.jar to jar_dist/
#  Copying lib/hazelcast-3.8.2.jar to jar_dist/
#  Copying lib/jackson-annotations-2.9.0.jar to jar_dist/
#  Copying lib/jackson-core-2.9.3.jar to jar_dist/
#  Copying lib/jackson-databind-2.9.3.jar to jar_dist/
#  Copying lib/netty-buffer-4.1.19.Final.jar to jar_dist/
#  Copying lib/netty-codec-4.1.19.Final.jar to jar_dist/
#  Copying lib/netty-codec-dns-4.1.19.Final.jar to jar_dist/
#  Copying lib/netty-codec-http-4.1.19.Final.jar to jar_dist/
#  Copying lib/netty-codec-http2-4.1.19.Final.jar to jar_dist/
#  Copying lib/netty-common-4.1.19.Final.jar to jar_dist/
#  Copying lib/netty-handler-4.1.19.Final.jar to jar_dist/
#  Copying lib/netty-resolver-4.1.19.Final.jar to jar_dist/
#  Copying lib/netty-resolver-dns-4.1.19.Final.jar to jar_dist/
#  Copying lib/netty-transport-4.1.19.Final.jar to jar_dist/
#  Copying lib/vertx-codegen-3.5.1.jar to jar_dist/
#  Copying lib/vertx-core-3.5.2-SNAPSHOT.jar to jar_dist/
#  Copying lib/vertx-hazelcast-3.5.1.jar to jar_dist/
#  Copying lib/vertx-lang-js-3.5.1.jar to jar_dist/
#  Copying lib/vertx-service-proxy-3.5.1.jar to jar_dist/
#  Copying lib/vertx-web-3.5.1.jar to jar_dist/
#  Copying lib/webcam-capture-0.3.12.jar to jar_dist/
#  Copying lib/bridj-0.7.0.jar to jar_dist/
#  Copying lib/xbjlib-1.1.0.nrjavaserial.jar to jar_dist/
#  Copying ptolemy/ptsupport.jar to jar_dist/
#  Copying doc/docConfig.jar to jar_dist/
#  Copying lib/diva.jar to jar_dist/
#  Copying lib/ptliblicenses.jar to jar_dist/
#  Copying ptolemy/domains/domains.jar to jar_dist/
#  Copying lib/universalJavaApplicationStub-license.jar to jar_dist/
#  Copying lib/kieler.jar to jar_dist/
#  Copying ptolemy/vergil/basic/layout/layout.jar to jar_dist/
#  Copying ptolemy/vergil/vergil.jar to jar_dist/
#  Copying ptolemy/actor/parameters/demo/demo.jar to jar_dist/
#  Copying doc/codeDoc.jar to jar_dist/
#  Copying lib/sootclasses.jar to jar_dist/
#  Copying ptolemy/copernicus/copernicus.jar to jar_dist/
#  Copying contrib/contrib.jar to jar_dist/
#  Copying doc/books/systems/vergil/vergil.jar to jar_dist/
#  Copying doc/design/design.jar to jar_dist/
#  Copying doc/img/img.jar to jar_dist/
#  Copying doc/papers/papers.jar to jar_dist/
#  Copying ptolemy/vergil/basic/export/html/html.jar to jar_dist/
#  Copying ptolemy/vergil/basic/export/export.jar to jar_dist/
#  Copying ptolemy/vergil/basic/export/web/web.jar to jar_dist/
#  Copying lib/jcerti.jar to jar_dist/
#  Copying org/hlacerti/hlacerti.jar to jar_dist/
#  Copying org/ptolemy/qss/qss.jar to jar_dist/
#  Copying org/ptolemy/qss/demo/demo.jar to jar_dist/
#  Copying lib/jna.jar to jar_dist/
#  Copying org/ptolemy/fmi/fmi.jar to jar_dist/
#  Copying ptolemy/actor/lib/fmi/fmi.jar to jar_dist/
#  Copying ptolemy/actor/lib/fmi/demo/demo.jar to jar_dist/
#  Copying ptolemy/vergil/basic/imprt/fmu/fmu.jar to jar_dist/
#  Copying ptolemy/actor/gt/gt.jar to jar_dist/
#  Copying ptolemy/actor/gt/demo/demo.jar to jar_dist/
#  Copying ptolemy/actor/lib/aspect/aspect.jar to jar_dist/
#  Copying ptolemy/actor/lib/aspect/demo/demo.jar to jar_dist/
#  Copying ptolemy/actor/lib/colt/colt.jar to jar_dist/
#  Copying lib/ptcolt.jar to jar_dist/
#  Copying ptolemy/actor/lib/gem5/gem5.jar to jar_dist/
#  Copying ptolemy/actor/lib/gem5/demo/demo.jar to jar_dist/
#  Copying ptolemy/actor/lib/jai/jai.jar to jar_dist/
#  Copying ptolemy/actor/lib/jai/demo/demo.jar to jar_dist/
#  Copying ptolemy/actor/lib/jmf/jmf.jar to jar_dist/
#  Copying ptolemy/actor/lib/jmf/demo/demo.jar to jar_dist/
#  Copying ptolemy/actor/lib/joystick/joystick.jar to jar_dist/
#  Copying vendors/misc/joystick/Joystick.jar to jar_dist/
#  Copying ptolemy/actor/lib/mail/demo/demo.jar to jar_dist/
#  Copying ptolemy/actor/ptalon/gt/gt.jar to jar_dist/
#  Copying ptolemy/actor/ptalon/gt/demo/demo.jar to jar_dist/
#  Copying lib/ptCal.jar to jar_dist/
#  Copying lib/saxon8.jar to jar_dist/
#  Copying lib/saxon8-dom.jar to jar_dist/
#  Copying lib/java_cup.jar to jar_dist/
#  Copying ptolemy/caltrop/caltrop.jar to jar_dist/
#  Copying ptolemy/caltrop/demo/demo.jar to jar_dist/
#  Copying ptolemy/distributed/distributed.jar to jar_dist/
#  Copying ptolemy/distributed/domains/sdf/sdf.jar to jar_dist/
#  Copying ptolemy/distributed/demo/demo.jar to jar_dist/
#  Copying ptolemy/demo/demo.jar to jar_dist/
#  Copying ptolemy/domains/experimentalDomains.jar to jar_dist/
#  Copying ptolemy/domains/algebraic/demo/demo.jar to jar_dist/
#  Copying ptolemy/domains/ca/demo/demo.jar to jar_dist/
#  Copying ptolemy/domains/ci/demo/demo.jar to jar_dist/
#  Copying ptolemy/domains/ci/doc/doc.jar to jar_dist/
#  Copying ptolemy/domains/csp/demo/demo.jar to jar_dist/
#  Copying ptolemy/domains/csp/doc/doc.jar to jar_dist/
#  Copying ptolemy/domains/curriculum/curriculum.jar to jar_dist/
#  Copying ptolemy/domains/dde/demo/demo.jar to jar_dist/
#  Copying ptolemy/domains/dde/doc/doc.jar to jar_dist/
#  Copying ptolemy/domains/dt/demo/demo.jar to jar_dist/
#  Copying ptolemy/domains/dt/doc/doc.jar to jar_dist/
#  Copying ptolemy/domains/giotto/demo/demo.jar to jar_dist/
#  Copying ptolemy/domains/giotto/doc/doc.jar to jar_dist/
#  Copying ptolemy/domains/gr/gr.jar to jar_dist/
#  Copying vendors/j3d/lib/Linux/j3dcore.jar to jar_dist/
#  Copying vendors/j3d/lib/Linux/j3dutils.jar to jar_dist/
#  Copying vendors/j3d/lib/Linux/vecmath.jar to jar_dist/
#  Copying ptolemy/domains/gr/demo/demo.jar to jar_dist/
#  Copying ptolemy/domains/gr/doc/doc.jar to jar_dist/
#  Copying ptolemy/domains/petrinet/demo/demo.jar to jar_dist/
#  Copying ptolemy/domains/psdf/psdf.jar to jar_dist/
#  Copying ptolemy/domains/psdf/demo/demo.jar to jar_dist/
#  Copying ptolemy/domains/psdf/demo/BlindCommunication/BlindCommunication.jar to jar_dist/
#  Copying ptolemy/domains/psdf/doc/doc.jar to jar_dist/
#  Copying lib/mapss.jar to jar_dist/
#  Copying ptolemy/domains/ptides/ptides.jar to jar_dist/
#  Copying ptolemy/domains/ptides/demo/demo.jar to jar_dist/
#  Copying ptolemy/domains/scr/scr.jar to jar_dist/
#  Copying ptolemy/domains/scr/demo/demo.jar to jar_dist/
#  Copying ptolemy/domains/sdf/lib/vq/vq.jar to jar_dist/
#  Copying ptolemy/domains/sdf/lib/vq/data/data.jar to jar_dist/
#  Copying ptolemy/domains/sdf/optimize/optimize.jar to jar_dist/
#  Copying ptolemy/domains/sdf/optimize/demo/demo.jar to jar_dist/
#  Copying ptolemy/domains/taskpt/taskpt.jar to jar_dist/
#  Copying ptolemy/domains/taskpt/demo/demo.jar to jar_dist/
#  Copying ptolemy/domains/taskpt/doc/doc.jar to jar_dist/
#  Copying ptolemy/domains/tcs/tcs.jar to jar_dist/
#  Copying ptolemy/domains/tcs/demo/demo.jar to jar_dist/
#  Copying ptolemy/domains/tdl/tdl.jar to jar_dist/
#  Copying ptolemy/domains/tdl/demo/demo.jar to jar_dist/
#  Copying ptolemy/domains/tester/tester.jar to jar_dist/
#  Copying ptolemy/domains/tm/demo/demo.jar to jar_dist/
#  Copying ptolemy/domains/tm/doc/doc.jar to jar_dist/
#  Copying ptolemy/domains/tm/tm.jar to jar_dist/
#  Copying ptolemy/verification/verification.jar to jar_dist/
#  Copying ptolemy/verification/demo/demo.jar to jar_dist/
#  Copying ptolemy/domains/ptera/ptera.jar to jar_dist/
#  Copying ptolemy/domains/ptera/demo/demo.jar to jar_dist/
#  Copying ptolemy/domains/ptera/doc/doc.jar to jar_dist/
#  Copying ptolemy/vergil/ptera/ptera.jar to jar_dist/
#  Copying ptolemy/vergil/pdfrenderer/pdfrenderer.jar to jar_dist/
#  Copying lib/PDFRenderer.jar to jar_dist/
#  Copying ptolemy/vergil/basic/export/exportFull.jar to jar_dist/
#  Copying lib/jsoup-1.8.2.jar to jar_dist/
#  Copying ptolemy/vergil/basic/export/html/jsoup/jsoup.jar to jar_dist/
#  Copying ptolemy/vergil/modal/fmv/fmv.jar to jar_dist/
#  Copying ptolemy/vergil/gt/gt.jar to jar_dist/
#  Copying ptolemy/vergil/scr/scr.jar to jar_dist/
#  Copying ptolemy/vergil/tdl/tdl.jar to jar_dist/
#  Copying ptolemy/cg/cg.jar to jar_dist/
#  Copying ptolemy/data/ontologies/ontologies.jar to jar_dist/
#  Copying ptolemy/data/ontologies/demo/demo.jar to jar_dist/
#  Copying ptolemy/vergil/ontologies/ontologies.jar to jar_dist/
#  Copying ptolemy/domains/sequence/sequence.jar to jar_dist/
#  Copying ptolemy/domains/sequence/demo/demo.jar to jar_dist/
#  Copying ptolemy/domains/pthales/pthales.jar to jar_dist/
#  Copying ptolemy/domains/pthales/demo/demo.jar to jar_dist/
#  Copying org/ptolemy/faultModels/faultModels.jar to jar_dist/
#  Copying org/ptolemy/machineImprovisation/machineImprovisation.jar to jar_dist/
#  Copying org/ptolemy/machineImprovisation/demo/demo.jar to jar_dist/
#  Copying org/ptolemy/osc/osc.jar to jar_dist/
#  Copying lib/oscP5.jar to jar_dist/
#  Copying lib/protobuf-java-2.4.1.jar to jar_dist/
#  Copying ptolemy/domains/metroII/metroII.jar to jar_dist/
#  Copying ptolemy/domains/metroII/demo/demo.jar to jar_dist/
#  Copying ptolemy/domains/atc/atc.jar to jar_dist/
#  Copying ptolemy/domains/atc/demo/demo.jar to jar_dist/
#  Copying ptolemy/domains/fmima/fmima.jar to jar_dist/
#  Copying lib/g4ltl.jar to jar_dist/
#  Copying ptolemy/vergil/basic/imprt/g4ltl/g4ltl.jar to jar_dist/
#  Copying ptolemy/vergil/basic/imprt/g4ltl/demo/demo.jar to jar_dist/
#  Copying org/ptolemy/classloading/classloading.jar to jar_dist/
#  Copying org/ptolemy/commons/commons.jar to jar_dist/
#  Copying ptolemy/actor/gui/syntax/syntax.jar to jar_dist/
#  Copying ptolemy/domains/qss/qss.jar to jar_dist/
#  Copying ptolemy/domains/qss/demo/demo.jar to jar_dist/
#  Copying lib/rsyntaxtextarea-2.6.0-SNAPSHOT.jar to jar_dist/
#  Copying lib/JRI.jar to jar_dist/
#  Copying lib/commons-lang-2.6.jar to jar_dist/
#  Copying lib/commons-logging-1.1.1.jar to jar_dist/
#  Copying ptolemy/actor/lib/r/r.jar to jar_dist/
#  Copying ptolemy/actor/lib/r/demo/demo.jar to jar_dist/
#  Copying com/jgoodies/jgoodies.jar to jar_dist/
#  Copying lib/bsh-2.0b4.jar to jar_dist/
#  Copying org/mlc/mlc.jar to jar_dist/
#  Copying ptolemy/actor/gui/run/run.jar to jar_dist/
#  Copying ptolemy/domains/wireless/wireless.jar to jar_dist/
#  Copying ptolemy/domains/wireless/demo/demo.jar to jar_dist/
#  Copying ptolemy/domains/wireless/doc/doc.jar to jar_dist/
#  Copying doc/design/hyvisual.jar to jar_dist/
#  Copying doc/codeDocHyVisual.jar to jar_dist/
#  Copying ptolemy/domains/continuous/continuous.jar to jar_dist/
#  Copying ptolemy/domains/de/de.jar to jar_dist/
#  Copying ptolemy/domains/modal/modal.jar to jar_dist/
#  Copying ptolemy/domains/sdf/lib/lib.jar to jar_dist/
#  Copying ptolemy/domains/sdf/kernel/kernel.jar to jar_dist/
#  Copying ptolemy/domains/sr/sr.jar to jar_dist/
#  Copying ptolemy/domains/continuous/demo/demo.jar to jar_dist/
#  Copying ptolemy/domains/continuous/doc/doc.jar to jar_dist/
#  Copying ptolemy/domains/modal/doc/doc.jar to jar_dist/
#  Copying ptolemy/domains/modal/demo/demo.jar to jar_dist/
#  Copying ptolemy/domains/sdf/demo/demo.jar to jar_dist/
#  Copying ptolemy/domains/sdf/doc/doc.jar to jar_dist/
#  Copying ptolemy/actor/lib/comm/demo/demo.jar to jar_dist/
#  Copying ptolemy/actor/lib/hoc/demo/demo.jar to jar_dist/
#  Copying ptolemy/actor/lib/io/demo/demo.jar to jar_dist/
#  Copying ptolemy/actor/lib/javasound/demo/demo.jar to jar_dist/
#  Copying ptolemy/data/type/demo/demo.jar to jar_dist/
#  Copying ptolemy/data/unit/demo/demo.jar to jar_dist/
#  Copying ptolemy/moml/demo/demo.jar to jar_dist/
#  Copying ptolemy/vergil/kernel/attributes/demo/demo.jar to jar_dist/
#  Copying lbnl/lbnl.jar to jar_dist/
#  Copying lbnl/demo/demo.jar to jar_dist/
#  Copying doc/codeDocViptos.jar to jar_dist/
#  Copying ptolemy/domains/ptinyos/ptinyos.jar to jar_dist/
#  Copying ptolemy/domains/ptinyos/demo/demo.jar to jar_dist/
#  Copying ptolemy/domains/ptinyos/doc/doc.jar to jar_dist/
#  Copying doc/design/visualsense.jar to jar_dist/
#  Copying doc/codeDocVisualSense.jar to jar_dist/
#  Copying ptolemy/actor/lib/colt/demo/demo.jar to jar_dist/
#  Copying ptolemy/actor/lib/security/demo/demo.jar to jar_dist/
#  Copying ptolemy/actor/ptalon/antlr/antlr.jar to jar_dist/
#  Copying ptolemy/actor/ptalon/demo/demo.jar to jar_dist/
#  Copying ptolemy/actor/ptalon/ptalon.jar to jar_dist/
#  Copying lib/jython.jar to jar_dist/
#  Copying ptolemy/actor/lib/python/python.jar to jar_dist/
#  Copying ptolemy/actor/lib/python/demo/demo.jar to jar_dist/
#  Copying ptolemy/domains/ddf/demo/demo.jar to jar_dist/
#  Copying ptolemy/domains/ddf/doc/doc.jar to jar_dist/
#  Copying ptolemy/domains/de/demo/demo.jar to jar_dist/
#  Copying ptolemy/domains/de/doc/doc.jar to jar_dist/
#  Copying ptolemy/domains/hdf/demo/demo.jar to jar_dist/
#  Copying ptolemy/domains/hdf/doc/doc.jar to jar_dist/
#  Copying ptolemy/domains/pn/demo/demo.jar to jar_dist/
#  Copying ptolemy/domains/pn/doc/doc.jar to jar_dist/
#  Copying ptolemy/domains/rendezvous/demo/demo.jar to jar_dist/
#  Copying ptolemy/domains/rendezvous/doc/doc.jar to jar_dist/
#  Copying ptolemy/domains/sr/demo/demo.jar to jar_dist/
#  Copying ptolemy/domains/sr/doc/doc.jar to jar_dist/
#  Copying ptolemy/domains/algebraic/algebraic.jar to jar_dist/
#  Copying ptolemy/domains/ca/ca.jar to jar_dist/
#  Copying ptolemy/domains/ci/ci.jar to jar_dist/
#  Copying ptolemy/domains/csp/csp.jar to jar_dist/
#  Copying ptolemy/domains/dde/dde.jar to jar_dist/
#  Copying ptolemy/domains/ddf/ddf.jar to jar_dist/
#  Copying ptolemy/domains/dt/dt.jar to jar_dist/
#  Copying ptolemy/domains/giotto/giotto.jar to jar_dist/
#  Copying ptolemy/domains/hdf/hdf.jar to jar_dist/
#  Copying ptolemy/domains/pn/pn.jar to jar_dist/
#  Copying ptolemy/domains/petrinet/petrinet.jar to jar_dist/
#  Copying ptolemy/domains/rendezvous/rendezvous.jar to jar_dist/
#  Copying ptolemy/domains/sdf/sdf.jar to jar_dist/
#  Copying ptolemy/vergil/vergilApplet.jar to jar_dist/
#  Copying ptolemy/plot/plotapplication.jar to jar_dist/
#  Copying ptolemy/actor/gui/jnlp/BCVTBApplication.jar to jar_dist/
#  Copying ptolemy/actor/gui/jnlp/CapeCodeApplication.jar to jar_dist/
#  Copying ptolemy/actor/gui/jnlp/DSPApplication.jar to jar_dist/
#  Copying ptolemy/actor/gui/jnlp/HyVisualApplication.jar to jar_dist/
#  Copying ptolemy/actor/gui/jnlp/PtinyApplication.jar to jar_dist/
#  Copying ptolemy/actor/gui/jnlp/PtinyKeplerApplication.jar to jar_dist/
#  Copying ptolemy/actor/gui/jnlp/PtinySandboxApplication.jar to jar_dist/
#  Copying ptolemy/actor/gui/jnlp/FullApplication.jar to jar_dist/
#  Copying ptolemy/actor/gui/jnlp/SpaceApplication.jar to jar_dist/
#  Copying ptolemy/actor/gui/jnlp/ViptosApplication.jar to jar_dist/
make[2]: Leaving directory '/home/travis/build/icyphy/ptII/adm/dists/ptII11.1.devel'
Done creating PTIIDIST/jar_dist: Thu Aug  6 15:05:10 UTC 2020
make[1]: Leaving directory '/home/travis/build/icyphy/ptII/adm/gen-11.1'
# The /home/travis/build/icyphy/ptII/adm/installers/test/../../../adm/dists/ptII11.1.devel/jar_dist rule updates the docs, so we need not do it here.
#@echo "Regenerate the documentation with comm, gr, JAI, JMF etc."
#(cd /home/travis/build/icyphy/ptII/adm/installers/test/../../../adm/dists/ptII11.1.devel/doc; make JAVADOC=javadoc install)
# Regenerate TII/build.xml
(cd /home/travis/build/icyphy/ptII; ./configure)
For more verbose output, run ./configure --enable-verbose
checking if your path has 'program files/java' instead of 'Program Files/Java' ... ok
checking if $PTII ('/home/travis/build/icyphy/ptII') has backslashes... ok
checking if $PTII ('/home/travis/build/icyphy/ptII') and the current directory are the same"... checking if $PTII ('/home/travis/build/icyphy/ptII') contains "cygdrive"... ok
checking for find... /usr/bin/find
checking for javac... /usr/local/lib/jvm/openjdk11/bin/javac
Unrecognized option: -d32
Error: Could not create the Java Virtual Machine.
Error: A fatal exception has occurred. Program will exit.
checking for java32... no
configure: WARNING: Running java -d32 -version failed,
    and ./bin/java does not exist.
    Perhaps you need to install a separate 32-bit JVM
    or rerun configure with --with-java32?
    The 32-bit JVM is only needed for certain 32-bit FMI tests.
    In general, under a 64-bit JVM, FMI will work fine without a 32-bit JVM.
checking for the java runtime in /usr/local/lib/jvm/openjdk11/bin... ok
checking for java... /usr/local/lib/jvm/openjdk11/bin/java
checking for the java compiler in /usr/local/lib/jvm/openjdk11/bin... ok
checking for javac... (cached) /usr/local/lib/jvm/openjdk11/bin/javac
checking the Java compiler with a simple compile... ok
checking the value of the java.version Property ... ok
checking for Java version for use with -target and by Ant in build.xml... ok
checking the JDK version... ok
checking for java.home property by compiling a test program ... ok
checking for java.home property by running a test program ... ok
checking for the jar command... ok
checking that /usr/local/lib/jvm/openjdk11/bin/jar can handle -i... ok
checking for the jarsigner command... ok
configure: WARNING: Cannot find '/usr/local/lib/jvm/openjdk11/bin/javaws'.
    or '/Commands/javaws', looking in the path.
    This is only a problem when testing the Java Webstart (JNLP) files.
checking for the javaws command... checking for javaws... no
configure: WARNING: The javaws command "" is not executable or not found.
    This is only a problem when testing the Java Webstart (JNLP) files.
checking for the keytool command... ok
checking for the proper CLASSPATH separator... ok
checking for /home/travis/build/icyphy/ptII/org/terraswarm/accessor/accessors/, used by CapeCode and Accessors... ok
checking Java 9 and later... ok
checking for the Apache ant binary... ok
checking for gawk... /usr/bin/gawk
checking for mvn... /usr/local/maven-3.6.3/bin/mvn
checking for maven ant task.  This could take a minute the first time configure is run.... ok
configure: WARNING: Failed to find /usr/local/include/boost/numeric/odeint.hpp
    This is only a problem if you want to rebuild the Functional
    Mock-up Interface ++ C files in actor/lib/fmi/fmipp.
    Most users can use the shared libraries in /home/travis/build/icyphy/ptII/lib or /home/travis/build/icyphy/ptII/bin.
checking for websensor in $PTII/ptolemy/apps/websensor... checking for Boost... checking for BSH, the Java Bean Shell... ok
checking for Cal, the actor language... ok
checking for saxon8.jar (used by caltrop)... ok
checking for saxon8-dom.jar (used by caltrop)... ok
checking for java_cup.jar (used by caltrop)... ok
configure: WARNING: Failed to find Checkstyle in /home/travis/build/icyphy/ptII/vendors/checkstyle-6.2
    Checkstyle is only necessary for code cleaning.
    Checkstyle is LGPL'd, so while it could be in the ptII repo, we don't add it.
    Checkstyle may be downloaded from http://checkstyle.sourceforge.net/
checking for Checkstyle, optionally used to check the style of Java files.... checking for Chic, the model checker... ok
checking for Ptolemy subset of Colt, the scientific computing lib... ok
configure: WARNING: Did not find /home/travis/build/icyphy/ptII/vendors/misc/colt/colt.jar,
    using /home/travis/build/icyphy/ptII/lib/ptcolt.jar
CORBATest.java:28: error: package org.omg.CORBA does not exist
import org.omg.CORBA.Object;
                    ^
CORBATest.java:46: error: package org.omg.CORBA does not exist
    public static org.omg.CORBA.Object corbaObject = null;
                               ^
2 errors
configure: WARNING: '"/usr/local/lib/jvm/openjdk11/bin/javac" CORBATest.java' failed.
    perhaps you are running an JDK 1.9?
    You will not be able to run the ptolemy.actor.corba actors,
    which is probably not a problem.
configure: WARNING: Failed to find Cobertura in /home/travis/build/icyphy/ptII/vendors/corbertura-2.0.3
    Cobertura is only necessary to for code coverage.
    Cobertura is GPL'd, so we don't check it in to the ptII repository.
    Cobertura may be downloaded from http://cobertura.github.io/cobertura/
configure: WARNING: Failed to find CUnit in /usr/local or
    /home/travis/build/icyphy/ptII/vendors/CUnit.
    CUnit is only necessary to test the C templates of the code generation facility
configure: WARNING: Could not find tools.jar, checking for classes.jar
configure: WARNING: Could not find tools.jar or classes.jar in
    PTJAVA_HOME = /usr/local/lib/jvm/openjdk11
    Usually, tools.jar is in PTJAVA_HOME/../lib/tools.jar
    or classes.jar is in PTJAVA_HOME/../Classes/classes.jar
    Since tools.jar and classes.jar cannot be found,
    we will not use doclets from ptII/doc/doclets, which
    means that the actor documentation index system will not work.
checking for Full version of Colt, the scientific computing lib... checking for CORBA... checking for Cobertura, optionally used for Java code coverage.... checking for CUnit to be used to test the C cg templates... checking for tools.jar for use with doclets... checking for classes.jar for use with doclets... checking for javadoc... /usr/local/lib/jvm/openjdk11/bin/javadoc
configure: WARNING: Failed to find /home/travis/build/icyphy/ptII/vendors/mbed/gcc-arm/bin/arm-none-eabi-gcc
    so the Mbed CG facility will not be run.
checking for arm-none-eabi-gcc... checking for the iText PDF jar... ok
checking G4LTL... ok
JAITest.java:32: error: package com.sun.image.codec.jpeg does not exist
import com.sun.image.codec.jpeg.JPEGCodec;
                               ^
JAITest.java:28: error: package javax.media.jai does not exist
import javax.media.jai.*;
^
2 errors
configure: WARNING: JAI not found in the default classpath
checking for Java Advanced Imaging (JAI) API... checking for JAI in /home/travis/build/icyphy/ptII/vendors... ok
JAITest.java:32: error: package com.sun.image.codec.jpeg does not exist
import com.sun.image.codec.jpeg.JPEGCodec;
                               ^
1 error
configure: WARNING: JAI not found in /home/travis/build/icyphy/ptII/vendors/jai-1_1_3
configure: WARNING: '"/usr/local/lib/jvm/openjdk11/bin/javac" JAITest.java' failed and JAI jars were not found
    in /home/travis/build/icyphy/ptII/vendors
    perhaps the Java Advanced Imaging API is not installed?

    Note that JAI does not work in Java 9 and later because Java 9 removed
    internal classes used by JAI.
    See https://wiki.eecs.berkeley.edu/ptexternal/Main/JAI

    You need not download Jai unless you plan on using the video
    actors in /home/travis/build/icyphy/ptII/ptolemy/actor/lib/jai
    The JAI API can be downloaded from
    http://www.oracle.com/technetwork/java/javasebusiness/downloads/java-archive-downloads-java-client-419417.html
checking for JAI using jars in /home/travis/build/icyphy/ptII/vendors/jai-1_1_3/lib... checking for Jcerti, used by hlacerti ... ok
checking for JavaMail directory... ok
configure: WARNING: Failed to find /usr/local/jmodelica/include/jmi.h
    which is part of JModelica.
    Ptolemy optionally includes one or more FMUs that use JModelica.
    To install JModelica, see https://svn.jmodelica.org/trunk/INSTALL
checking for JModelica... TMP_JAVAFX_DIR=/home/travis/build/icyphy/ptII/vendors/javafx/javafx-sdk-11.0.2
/home/travis/build/icyphy/ptII/vendors/javafx: total 4
drwxr-xr-x 4 travis travis 4096 Jan 16  2019 javafx-sdk-11.0.2
JavaFXTest.java:28: error: package javafx.embed.swing does not exist
import javafx.embed.swing.JFXPanel;
                         ^
JavaFXTest.java:29: error: package javafx.scene.media does not exist
import javafx.scene.media.Media;
                         ^
JavaFXTest.java:49: error: cannot find symbol
    public static JFXPanel fxPanel = null;
                  ^
  symbol:   class JFXPanel
  location: class JavaFXTest
3 errors
configure: WARNING: JavaFX not yet found
checking for JavaFX... checking checking for JavaFX in the default classpath... checking checking for JavaFX in a module... ok
JMFTest.java:28: error: package javax.media does not exist
import javax.media.CaptureDeviceInfo;
                  ^
1 error
configure: WARNING: JMF not found in the default classpath, will check elsewhere next.
checking for Java Media Framework (JMF) in the default classpath... checking for JMF in /home/travis/build/icyphy/ptII/vendors/JMF*... ok
checking for the JMF directory... ok
checking for Java Native Access (JNA) jar... ok
checking for joystick jar file... ok
checking for ptjacl.jar... ok
checking for how to run jacl with "/usr/local/lib/jvm/openjdk11/bin/java"... % ok
checking for JSoup, used when exporting html pages. ... ok
checking for the JUnit - the Java Unit Testing Framework... ok
checking for the JUnitParams, needed by our JUnit tests... ok
checking for the Java Excel API (JXL)... ok
checking for jython... no
checking for jython.bat... no
checking for Jython, the Java implementation of Python... ok
checking for kieler jar file used by layout ... ok
checking for node... checking for node... /home/travis/.nvm/versions/node/v7.10.1/bin/node
checking for npm... checking for npm... /home/travis/.nvm/versions/node/v7.10.1/bin/npm
checking for npm before 5.x... ok
checking for OpenCV Java API... ok
checking for OpenCV by compiling and running a small OpenCV program... About to load opencv_java320
Exception in thread "main" java.lang.RuntimeException: Could not load opencv_java320.
    java.library.path = /home/travis/pthla/certi-tools/lib:/usr/lib/jni:/usr/local/share/OpenCV/java/:/usr/share/OpenCV/java::/usr/java/packages/lib:/usr/lib64:/lib64:/lib:/usr/lib
	at OpenCVTest.main(OpenCVTest.java:79)
Caused by: java.lang.UnsatisfiedLinkError: no opencv_java320 in java.library.path: [/home/travis/pthla/certi-tools/lib, /usr/lib/jni, /usr/local/share/OpenCV/java/, /usr/share/OpenCV/java, ., /usr/java/packages/lib, /usr/lib64, /lib64, /lib, /usr/lib]
	at java.base/java.lang.ClassLoader.loadLibrary(ClassLoader.java:2660)
	at java.base/java.lang.Runtime.loadLibrary0(Runtime.java:829)
	at java.base/java.lang.System.loadLibrary(System.java:1867)
	at OpenCVTest.main(OpenCVTest.java:52)
configure: WARNING: Failed to run OpenCV test program in /home/travis/build/icyphy/ptII/config with
    /usr/local/lib/jvm/openjdk11/bin/java -classpath /home/travis/build/icyphy/ptII/lib/opencv-320.jar:. OpenCVTest
    so we will try other jars.
checking for opencv-*.jar in /home/travis/build/icyphy/ptII/vendors/opencv/share/OpenCV/java /home/travis/build/icyphy/ptII/lib /opt/local/share/OpenCV/java /usr/share/OpenCV/java /usr/local/share/OpenCV/java... ok
checking /home/travis/build/icyphy/ptII/vendors/opencv/share/OpenCV/java/opencv-341.jar... About to load opencv_java341
Imgproc.LINE_8: 8
Loaded opencv_java341
ok
checking if org/ptolemy/opencv will be compiled.... ok
checking for Open Sound Control/Processing.org interface (oscP5). ... ok
checking for rxtx serial port interface... ok
configure: WARNING: Could not find directory
    '/home/travis/build/icyphy/ptII/vendors/sun/javacc-5.0'
    so we search for the jjtree command.
configure: WARNING: Failed to find jjtree
configure: WARNING: Failed to find javacc, perhaps JavaCC is not installed?
    You need not download JavaCC unless you plan on modifying .jjt files
    in ptolemy/data/expr.
    JavaCC is available from
    https://javacc.org

    Note that the zip file that gets downloaded is actually an installer
    that must be run to install the JavaCC.zip file that contains the classes.

    Note that JavaCC-4.1 and 4.2 will not work, there are problems with
    ReInit() being static or not static.

    JavaCC-6.0 seems to not include the jjtree and javacc scripts, so
    we recommend JavaCC-5.0.

    Try:
    cd /home/travis/build/icyphy/ptII/vendors/sun
    wget https://javacc.org/downloads/javacc-5.0.tar.gz
    tar -zxf javacc-5.0.tar.gz
    cd /home/travis/build/icyphy/ptII
    ./configure

    Configure looks for JavaCC in /home/travis/build/icyphy/ptII/vendors/sun/javacc-5.0
    so either install JavaCC in that location or use the --with-javacc= flag
    and then rerun configure.'
checking for JavaCC... checking for jjtree... no
checking for Java3D... ok
checking for Jogl... ok
ok
ok
ok
ls: cannot access '/home/travis/build/icyphy/ptII/vendors/jogl/lib/natives/linux-amd64/*.jar': No such file or directory
checking for jini directory... ok
checking for jars used by jini... ...ok
checking for the proper JNI architecture... checking for gcc... /usr/bin/gcc
checking for cc... (cached) /usr/bin/gcc
checking for javah... /usr/bin/javah
checking for the cc for JNI... checking for that the pieces for JNI have been found... ok
configure: WARNING: /usr/local/lib/jvm/openjdk11/../include was not found.  As a result, compilation of JNI actors will fail.
checking for the proper JNI architecture include directory... checking for the proper JNI library architecture... ok
checking for if the -mno-cygwin flag is available... ok
checking for the proper shared library gcc flag... ok
checking for the proper shared library cc flag... ok
checking for the proper shared library link flag... ok
checking for the proper shared library prefix... ok
checking for the proper shared library suffix... ok
checking for JNI libraries needed to link JNI... ok
checking for jode directory... ok
checking for $JODE_DIR/jode.jar... ok
checking for json directory... ok
checking for matlab... no
configure: WARNING: Failed to find matlab executable in the path.
    Perhaps Matlab is not installed?
    If Matlab is not present, then the Ptolemy II/Matlab interface in
    $PTII/ptolemy/matlab will not be usable.
configure: WARNING: Matlab was not found, but compiling the .java files in ptolemy/matlab/ should be ok.
checking for Protocol Buffers (ProtoBuf)... ok
checking for the Paho MQTT jar... ok
checking for mapss.jar, used by the PSDF domain... ok
checking for anltr.jar, used by the Ptalon... ok
checking for scalac... no
configure: WARNING: Failed to find the scalac binary,
    so org/ptolemy/scala will be excluded
checking for soot directory... ok
checking for $SOOT_DIR/sootclasses.jar... ok
checking for rt.jar by compiling config/SystemJar.java... ok
checking the location or rt.jar... ok
checking for mysql jar, used by the database actors... ok
SystemJar.main(): java.io.FileNotFoundException: /usr/local/lib/jvm/openjdk11/lib/rt.jar and /usr/local/lib/jvm/openjdk11/lib/core.jar and /usr/local/lib/jvm/openjdk11/../Classes/classes.jar either do not exist or are not readableSystemJar.main(): java.io.FileNotFoundException: /usr/local/lib/jvm/openjdk11/lib/rt.jar and /usr/local/lib/jvm/openjdk11/lib/core.jar and /usr/local/lib/jvm/openjdk11/../Classes/classes.jar either do not exist or are not readableconfigure: WARNING: ojdbc6.jar not found,
    but only necessary to use database actors with Oracle.
    If the mysql jar file is present, then the Oracle Java Database Connector is not necessary
    To install ojdbc5.jar or ojdbc6.jar,
    download it from https://www.oracle.com/technetwork/database/features/jdbc/jdbc-drivers-12c-download-1958347.html
    copy it to ptolemy/actor/lib/database
    and rerun ./configure
checking for ojdbc6.jar... checking for Sphinx4 Speech recognition data jar API... ok
checking for Sphinx4 Speech recognition core jar API... ok
checking for PDFRenderer... ok
configure: WARNING: Failed to find Batik Jar file
    You need only have Batik if you are planning on rebuilding diva.jar
    for use with Kepler.
    Batik can be downloaded from http://xmlgraphics.apache.org/batik/,
    batike-1.9/lib/batik-all-1.9.jar copied to /home/travis/build/icyphy/ptII/lib
    and ./configure rerun.
checking for Batik SVG... checking for svgSalamander... ok
checking for RSyntaxEditor... ok
configure: WARNING: $TOSROOT is not set.  It must be set to use PtinyOS.
configure: WARNING: $TOSROOT is set to '',
     but there is no directory by that name, so we will not set up for PtinyOS.
     For details, see /home/travis/build/icyphy/ptII/ptolemy/domains/ptinyos/README.txt.
configure: WARNING: Failed to find giotto/gdk.jar
    perhaps Giotto is not installed?
    You need not download Giotto unless you plan on generating code for
    Giotto models.
    The Giotto SDK can be
    downloaded from https://embedded.eecs.berkeley.edu/giotto/
    Copy gdk.jar to /home/travis/build/icyphy/ptII/vendors/giotto, for example:
        mkdir -p /home/travis/build/icyphy/ptII/vendors/giotto
        cp C:/Program\ Files/Giotto*/gdk.jar /home/travis/build/icyphy/ptII/vendors/giotto/
checking the for TinyOS... checking for giotto directory... checking for the Vertx application platform interface. ... ok
checking for slf4-api... ok
checking for slf4-simple... ok
checking for webcam-capture... ok
checking for xbjlib directory... ok
checking for gcc... /usr/bin/gcc
checking for libexpat... ok
checking for expat.h... ok
configure: WARNING: Failed to find boost/numeric/odeint.hpp, so FMI ++
    will not be compiled. FMI++ is an extension of the
    Functional Mockup Interface, see
    http://sourceforge.net/p/fmipp/wiki/Home/
configure: creating ./config.status
config.status: creating mk/ptII.mk
config.status: creating bin/ptinvoke
config.status: creating build.xml
config.status: creating .classpath
config.status: creating bin/comm.policy
config.status: creating lib/ptII.properties
config.status: creating ptolemy/util/test/junit/javachdir
config.status: creating ptolemy/util/test/junit/javachdir32
config.status: executing default commands
ls -l /home/travis/build/icyphy/ptII/adm/installers/test/../../../adm/dists/ptII11.1.devel/lib/lib*.so
-rwxrwxr-x 1 travis travis 19964 Aug  6 15:04 /home/travis/build/icyphy/ptII/adm/installers/test/../../../adm/dists/ptII11.1.devel/lib/libJNIFMU.so
-rwxrwxr-x 1 travis travis 31898 Aug  6 15:04 /home/travis/build/icyphy/ptII/adm/installers/test/../../../adm/dists/ptII11.1.devel/lib/libptmatlab.so
#
# Now creating PTII_FULL: /home/travis/build/icyphy/ptII/adm/installers/test/../../../adm/gen-11.1/ptII11.1.devel.tar
#
/home/travis/build/icyphy/ptII/adm/installers/test/../../../adm/gen-11.1/ptII11.1.devel.tar Thu Aug  6 15:05:28 UTC 2020
 15:05:28 up 8 min,  1 user,  load average: 1.70, 1.38, 0.73
chmod
(cd /home/travis/build/icyphy/ptII/adm/installers/test/../../../adm/dists/ptII11.1.devel; chmod -R a+rX .)
For some reason under Cygwin, we need to build the compressed
  tar file or we get errors
Don't use -v with tar and Jenkins, avoid '/bin/tar: write error'. See http://stackoverflow.com/questions/37540792/jenkins-script-tar-write-error
(cd /home/travis/build/icyphy/ptII/adm/installers/test/../../../adm/dists/ptII11.1.devel/..; \
	rm -f /home/travis/build/icyphy/ptII/adm/installers/test/../../../adm/dists/ptII11.1.devel/build.xml build.xml; \
	/usr/local/bin/tar -c --no-anchored -X /home/travis/build/icyphy/ptII/adm/installers/test/../../../adm/gen-11.1/src.ex \
	 -f /home/travis/build/icyphy/ptII/adm/installers/test/../../../adm/gen-11.1/ptII11.1.devel.tar \
	ptII11.1.devel)
#(cd /home/travis/build/icyphy/ptII/adm/installers/test/../../../adm/dists/ptII11.1.devel/..; \
#/usr/local/bin/tar -c -X /home/travis/build/icyphy/ptII/adm/installers/test/../../../adm/gen-11.1/src.ex \
# -f /home/travis/build/icyphy/ptII/adm/installers/test/../../../adm/gen-11.1/ptII11.1.devel \
#ptII11.1.devel)
#@echo "We will provide gzipped and non-gzipped tars"
#cp /home/travis/build/icyphy/ptII/adm/installers/test/../../../adm/gen-11.1/ptII11.1.devel /home/travis/build/icyphy/ptII/adm/installers/test/../../../adm/gen-11.1/ptII11.1.devel.bak
#gzip /home/travis/build/icyphy/ptII/adm/installers/test/../../../adm/gen-11.1/ptII11.1.devel
#mv /home/travis/build/icyphy/ptII/adm/installers/test/../../../adm/gen-11.1/ptII11.1.devel.bak /home/travis/build/icyphy/ptII/adm/installers/test/../../../adm/gen-11.1/ptII11.1.devel
#chmod g+w /home/travis/build/icyphy/ptII/adm/installers/test/../../../adm/gen-11.1/ptII11.1.devel.tar /home/travis/build/icyphy/ptII/adm/installers/test/../../../adm/gen-11.1/ptII11.1.devel
#-chgrp ptolemy /home/travis/build/icyphy/ptII/adm/installers/test/../../../adm/gen-11.1/ptII11.1.devel.tar /home/travis/build/icyphy/ptII/adm/installers/test/../../../adm/gen-11.1/ptII11.1.devel
#ls -l /home/travis/build/icyphy/ptII/adm/installers/test/../../../adm/gen-11.1/ptII11.1.devel.tar /home/travis/build/icyphy/ptII/adm/installers/test/../../../adm/gen-11.1/ptII11.1.devel
#
# Now creating PTII_SRC: /home/travis/build/icyphy/ptII/adm/installers/test/../../../adm/gen-11.1/ptII11.1.devel.src.tar
#
/home/travis/build/icyphy/ptII/adm/installers/test/../../../adm/gen-11.1/ptII11.1.devel.src.tar Thu Aug  6 15:05:37 UTC 2020
 15:05:37 up 8 min,  1 user,  load average: 1.67, 1.39, 0.74
rm -rf src/ptII11.1.devel
mkdir src
(cd src; \
	/usr/local/bin/tar -xf /home/travis/build/icyphy/ptII/adm/installers/test/../../../adm/gen-11.1/ptII11.1.devel.tar; \
	cd ptII11.1.devel; \
	echo "About to configure `pwd`"; \
	echo "PATH: /home/travis/pthla/certi-tools/share/scripts:/home/travis/.rvm/gems/ruby-2.5.3/bin:/home/travis/.rvm/gems/ruby-2.5.3@global/bin:/home/travis/.rvm/rubies/ruby-2.5.3/bin:/home/travis/.rvm/bin:/home/travis/.nvm/versions/node/v7.10.1/bin:./node_modules/.bin:/home/travis/build/icyphy/ptII/bin:/home/travis/pthla/certi-tools/bin:/home/travis/bin:/home/travis/.local/bin:/usr/local/lib/jvm/openjdk11/bin:/opt/pyenv/shims:/home/travis/.phpenv/shims:/home/travis/perl5/perlbrew/bin:/home/travis/gopath/bin:/home/travis/.gimme/versions/go1.11.1.linux.amd64/bin:/usr/local/maven-3.6.3/bin:/usr/local/cmake-3.12.4/bin:/usr/local/clang-7.0.0/bin:/usr/local/sbin:/usr/local/bin:/usr/sbin:/usr/bin:/sbin:/bin:/snap/bin:/home/travis/.phpenv/bin:/opt/pyenv/bin:/home/travis/.yarn/bin"; \
	PTII=`/home/travis/build/icyphy/ptII/adm/installers/test/../../../adm/gen-11.1/ptcygpwd`  ./configure --enable-verbose; make -k clean; \
	touch mk/ptII.mk.in; \
	echo "(0)About to remove class files in `pwd`"; \
	find . -name "*.class" -exec rm {} \; ;\
	cd ptolemy; \
	echo "(1)About to remove jars in `pwd`"; \
	find . \( -name ptinyos -o -name jini -o -name extractJarFileTest.jar -o -name antlr.jar -o -name "ojdbc5.jar" -o -name "ojdbc6.jar" -o -name "mysql-connector-java-5.1.6-bin.jar" -o -name PDFSample.jar \) -prune -o -name "*.jar" -ls -exec rm {} \; ;\
	cd ..; \
	cd ptolemy/domains/ptinyos; \
	echo "(2)About to remove jars in `pwd`"; \
	find . -name jdom.jar -prune -o -name nesc.jar -prune -o -name "*.jar" -ls -exec rm {} \; ;\
	cd ../../../doc; \
	echo "(3)About to remove jars in `pwd`"; \
	find . -name "*.jar" -ls -exec rm {} \; ;\
	cd ..; \
	echo "(4)About to remove files named core `pwd`"; \
	find . -type f -name core -ls -exec rm {} \; ;\
	rm -rf doc/codeDoc*; \
	rm -rf `cat /home/travis/build/icyphy/ptII/adm/installers/test/../../../adm/gen-11.1/src.ex`; \
	echo "About to remove unneeded sources from `pwd`"; \
	rm -rf META-INF bin/ptcg.bat bin/comm.policy bin/convertToLazy bin/convertToLazy.bat bin/copernicus.bat bin/decompile.bat bin/emachine.bat bin/giottoc.bat bin/histogram.bat bin/jode.bat bin/mescal.bat bin/moml.bat bin/obfuscate.bat bin/ptcg bin/ptexecute.bat bin/ptjacl.bat bin/ptjaclapp.bat bin/ptjg bin/ptjg.bat bin/ptolemy.bat bin/ptinvoke bin/ptplot.bat bin/ptstartjini.bat bin/pxgraph.bat bin/soot.bat bin/startjini.gui.bat bin/tinic.bat bin/tinicomm.bat bin/tiniconverter.bat bin/vergil.bat config/jarTest.jar diva/build.xml diva/canvas/test/alljsimpletests.tcl diva/canvas/tutorial/doc-files diva/graph/test/alljsimpletests.tcl diva/util/test/alljsimpletests.tcl doc/img/banner.psd doc/img/ptIIbanner2.psd doc/img/PtolemyIICD.ec3 doc/img/PtolemyIISplash.psd doc/design/hyvisual.jar doc/design/visualsense.jar jar_dist lib/cachedir lib/ptII.properties lib/ptvr.jar mk/ptII.mk ptolemy/actor/gui/style/test/alljsimpletests.tcl ptolemy/actor/gui/test/alljsimpletests.tcl ptolemy/actor/lib/security/demo/Signature/ptKeystore ptolemy/actor/lib/security/test/foo.keystore ptolemy/actor/lib/test/Const.txt ptolemy/actor/lib/test/ReadFile1Output.txt ptolemy/component ptolemy/domains/coroutine ptolemy/domains/fmi ptolemy/vergil/basic/imprt/fmu/ImportFMUAsJavaFMUAction.java ptolemy/domains/gr/demo/Demo1 ptolemy/domains/gr/lib/vr ptolemy/domains/hs ptolemy/domains/metroII ptolemy/domains/openmodelica ptolemy/matlab/ptmatlab.exp ptolemy/matlab/ptmatlab.lib ptolemy/matlab/ptmatlab.obj ptolemy/media/test/tmp2_7.au ptolemy/moml/jxta/demo/EPtolemyA/EPtolemy.properties ptolemy/moml/jxta/JXTAClassLoader.class ptolemy/moml/jxta/JXTALibrary.class ptolemy/plot/ptplotlocales ptolemy/util/test/FileUtilities-1.1.tmp ptolemy/vergil/toolbox/test/alljsimpletests.tcl signed; \
	ls META-INF bin/ptcg.bat bin/comm.policy bin/convertToLazy bin/convertToLazy.bat bin/copernicus.bat bin/decompile.bat bin/emachine.bat bin/giottoc.bat bin/histogram.bat bin/jode.bat bin/mescal.bat bin/moml.bat bin/obfuscate.bat bin/ptcg bin/ptexecute.bat bin/ptjacl.bat bin/ptjaclapp.bat bin/ptjg bin/ptjg.bat bin/ptolemy.bat bin/ptinvoke bin/ptplot.bat bin/ptstartjini.bat bin/pxgraph.bat bin/soot.bat bin/startjini.gui.bat bin/tinic.bat bin/tinicomm.bat bin/tiniconverter.bat bin/vergil.bat config/jarTest.jar diva/build.xml diva/canvas/test/alljsimpletests.tcl diva/canvas/tutorial/doc-files diva/graph/test/alljsimpletests.tcl diva/util/test/alljsimpletests.tcl doc/img/banner.psd doc/img/ptIIbanner2.psd doc/img/PtolemyIICD.ec3 doc/img/PtolemyIISplash.psd doc/design/hyvisual.jar doc/design/visualsense.jar jar_dist lib/cachedir lib/ptII.properties lib/ptvr.jar mk/ptII.mk ptolemy/actor/gui/style/test/alljsimpletests.tcl ptolemy/actor/gui/test/alljsimpletests.tcl ptolemy/actor/lib/security/demo/Signature/ptKeystore ptolemy/actor/lib/security/test/foo.keystore ptolemy/actor/lib/test/Const.txt ptolemy/actor/lib/test/ReadFile1Output.txt ptolemy/component ptolemy/domains/coroutine ptolemy/domains/fmi ptolemy/vergil/basic/imprt/fmu/ImportFMUAsJavaFMUAction.java ptolemy/domains/gr/demo/Demo1 ptolemy/domains/gr/lib/vr ptolemy/domains/hs ptolemy/domains/metroII ptolemy/domains/openmodelica ptolemy/matlab/ptmatlab.exp ptolemy/matlab/ptmatlab.lib ptolemy/matlab/ptmatlab.obj ptolemy/media/test/tmp2_7.au ptolemy/moml/jxta/demo/EPtolemyA/EPtolemy.properties ptolemy/moml/jxta/JXTAClassLoader.class ptolemy/moml/jxta/JXTALibrary.class ptolemy/plot/ptplotlocales ptolemy/util/test/FileUtilities-1.1.tmp ptolemy/vergil/toolbox/test/alljsimpletests.tcl signed; \
	/home/travis/build/icyphy/ptII/adm/installers/test/../../../adm/gen-11.1/findclean; \
	(cd org/terraswarm/accessor/accessors/web; ant clean.duktape); \
	cd ..;)
About to configure /home/travis/build/icyphy/ptII/adm/gen-11.1/src/ptII11.1.devel
PATH: /home/travis/pthla/certi-tools/share/scripts:/home/travis/.rvm/gems/ruby-2.5.3/bin:/home/travis/.rvm/gems/ruby-2.5.3@global/bin:/home/travis/.rvm/rubies/ruby-2.5.3/bin:/home/travis/.rvm/bin:/home/travis/.nvm/versions/node/v7.10.1/bin:./node_modules/.bin:/home/travis/build/icyphy/ptII/bin:/home/travis/pthla/certi-tools/bin:/home/travis/bin:/home/travis/.local/bin:/usr/local/lib/jvm/openjdk11/bin:/opt/pyenv/shims:/home/travis/.phpenv/shims:/home/travis/perl5/perlbrew/bin:/home/travis/gopath/bin:/home/travis/.gimme/versions/go1.11.1.linux.amd64/bin:/usr/local/maven-3.6.3/bin:/usr/local/cmake-3.12.4/bin:/usr/local/clang-7.0.0/bin:/usr/local/sbin:/usr/local/bin:/usr/sbin:/usr/bin:/sbin:/bin:/snap/bin:/home/travis/.phpenv/bin:/opt/pyenv/bin:/home/travis/.yarn/bin
checking if your path has 'program files/java' instead of 'Program Files/Java' ... ok
checking if $PTII ('/home/travis/build/icyphy/ptII/adm/gen-11.1/src/ptII11.1.devel') has backslashes... ok
    '/home/travis/build/icyphy/ptII/adm/gen-11.1/src/ptII11.1.devel' does not contain backslashes
checking if $PTII ('/home/travis/build/icyphy/ptII/adm/gen-11.1/src/ptII11.1.devel') and the current directory are the same"... checking if $PTII ('/home/travis/build/icyphy/ptII/adm/gen-11.1/src/ptII11.1.devel') contains "cygdrive"... ok
    '/home/travis/build/icyphy/ptII/adm/gen-11.1/src/ptII11.1.devel' does not contain cygdrive or cygwin, which is right.
checking for find... /usr/bin/find
PTJAVA_DIR environment variable was not set,
    so we search for the java compiler.
checking for javac... /usr/local/lib/jvm/openjdk11/bin/javac
PTJAVA32_DIR environment variable was not set,
    so we search for the java compiler.
Unrecognized option: -d32
Error: Could not create the Java Virtual Machine.
Error: A fatal exception has occurred. Program will exit.
checking for java32... no
configure: WARNING: Running java -d32 -version failed,
    and ./bin/java does not exist.
    Perhaps you need to install a separate 32-bit JVM
    or rerun configure with --with-java32?
    The 32-bit JVM is only needed for certain 32-bit FMI tests.
    In general, under a 64-bit JVM, FMI will work fine without a 32-bit JVM.
checking for the java runtime in /usr/local/lib/jvm/openjdk11/bin... /usr/local/lib/jvm/openjdk11/bin/java
checking for java... /usr/local/lib/jvm/openjdk11/bin/java
    You have the right java in your path,
    "/usr/local/lib/jvm/openjdk11/bin/java"
      = "/usr/local/lib/jvm/openjdk11/bin/java"
checking for the java compiler in /usr/local/lib/jvm/openjdk11/bin... /usr/local/lib/jvm/openjdk11/bin/javac
checking for javac... (cached) /usr/local/lib/jvm/openjdk11/bin/javac
    You have the right javac in your path,
    "/usr/local/lib/jvm/openjdk11/bin/javac"
      = "/usr/local/lib/jvm/openjdk11/bin/javac"
checking the Java compiler with a simple compile... confTest.java compiled
checking the value of the java.version Property ... 11.0.2
checking for Java version for use with -target and by Ant in build.xml... 11
checking the JDK version... ok, you are running 11.0.2
checking for java.home property by compiling a test program ... JavaHome.java compiled
checking for java.home property by running a test program ... /usr/local/lib/jvm/openjdk11
checking for the jar command... /usr/local/lib/jvm/openjdk11/bin/jar
checking that /usr/local/lib/jvm/openjdk11/bin/jar can handle -i... /usr/local/lib/jvm/openjdk11/bin/jar -i worked
checking for the jarsigner command... /usr/local/lib/jvm/openjdk11/bin/jarsigner
configure: WARNING: Cannot find '/usr/local/lib/jvm/openjdk11/bin/javaws'.
    or '/Commands/javaws', looking in the path.
    This is only a problem when testing the Java Webstart (JNLP) files.
checking for the javaws command... checking for javaws... no
configure: WARNING: The javaws command "" is not executable or not found.
    This is only a problem when testing the Java Webstart (JNLP) files.
checking for the keytool command... /usr/local/lib/jvm/openjdk11/bin/keytool
checking for the proper CLASSPATH separator... ':'
ptolemy/backtrack/eclipse/ is not present,
    no need to print message about Darwin.
checking for /home/travis/build/icyphy/ptII/adm/gen-11.1/src/ptII11.1.devel/org/terraswarm/accessor/accessors/, used by CapeCode and Accessors... ok
checking Java 9 and later... Java version is 11.0.2, Java 9 or later present, so certain internal sun.* packages are not accessible
checking for the Apache ant binary... /home/travis/build/icyphy/ptII/adm/gen-11.1/src/ptII11.1.devel/ant/bin/ant
checking for gawk... /usr/bin/gawk
checking for mvn... /usr/local/maven-3.6.3/bin/mvn
checking for maven ant task.  This could take a minute the first time configure is run.... ok
configure: WARNING: Failed to find /usr/local/include/boost/numeric/odeint.hpp
    This is only a problem if you want to rebuild the Functional
    Mock-up Interface ++ C files in actor/lib/fmi/fmipp.
    Most users can use the shared libraries in /home/travis/build/icyphy/ptII/adm/gen-11.1/src/ptII11.1.devel/lib or /home/travis/build/icyphy/ptII/adm/gen-11.1/src/ptII11.1.devel/bin.
checking for websensor in $PTII/ptolemy/apps/websensor... checking for Boost... checking for BSH, the Java Bean Shell... /home/travis/build/icyphy/ptII/adm/gen-11.1/src/ptII11.1.devel/lib/bsh-2.0b4.jar
/home/travis/build/icyphy/ptII/adm/gen-11.1/src/ptII11.1.devel/ptolemy/copernicus/c is not present,
    so we need not find the CaffeineMark Kit.
checking for Cal, the actor language... /home/travis/build/icyphy/ptII/adm/gen-11.1/src/ptII11.1.devel/lib
checking for saxon8.jar (used by caltrop)... /home/travis/build/icyphy/ptII/adm/gen-11.1/src/ptII11.1.devel/lib/saxon8.jar
checking for saxon8-dom.jar (used by caltrop)... /home/travis/build/icyphy/ptII/adm/gen-11.1/src/ptII11.1.devel/lib/saxon8-dom.jar
checking for java_cup.jar (used by caltrop)... /home/travis/build/icyphy/ptII/adm/gen-11.1/src/ptII11.1.devel/lib/java_cup.jar
configure: WARNING: Failed to find Checkstyle in /home/travis/build/icyphy/ptII/adm/gen-11.1/src/ptII11.1.devel/vendors/checkstyle-6.2
    Checkstyle is only necessary for code cleaning.
    Checkstyle is LGPL'd, so while it could be in the ptII repo, we don't add it.
    Checkstyle may be downloaded from http://checkstyle.sourceforge.net/
checking for Checkstyle, optionally used to check the style of Java files.... /home/travis/build/icyphy/ptII/adm/gen-11.1/src/ptII11.1.devel/ptolemy/chic is not present,
    so we need not find Chic, the modular verifier for
    behavioral compatibility checking of software and hardware components.
checking for Ptolemy subset of Colt, the scientific computing lib... /home/travis/build/icyphy/ptII/adm/gen-11.1/src/ptII11.1.devel/lib/colt.jar
configure: WARNING: Did not find /home/travis/build/icyphy/ptII/adm/gen-11.1/src/ptII11.1.devel/vendors/misc/colt/colt.jar,
    using /home/travis/build/icyphy/ptII/adm/gen-11.1/src/ptII11.1.devel/lib/ptcolt.jar
checking for Full version of Colt, the scientific computing lib... /home/travis/build/icyphy/ptII/adm/gen-11.1/src/ptII11.1.devel/ptolemy/actor/corba is not present,
    so we need not check for CORBA.
configure: WARNING: Failed to find Cobertura in /home/travis/build/icyphy/ptII/adm/gen-11.1/src/ptII11.1.devel/vendors/corbertura-2.0.3
    Cobertura is only necessary to for code coverage.
    Cobertura is GPL'd, so we don't check it in to the ptII repository.
    Cobertura may be downloaded from http://cobertura.github.io/cobertura/
configure: WARNING: Failed to find CUnit in /usr/local or
    /home/travis/build/icyphy/ptII/adm/gen-11.1/src/ptII11.1.devel/vendors/CUnit.
    CUnit is only necessary to test the C templates of the code generation facility
configure: WARNING: Could not find tools.jar, checking for classes.jar
configure: WARNING: Could not find tools.jar or classes.jar in
    PTJAVA_HOME = /usr/local/lib/jvm/openjdk11
    Usually, tools.jar is in PTJAVA_HOME/../lib/tools.jar
    or classes.jar is in PTJAVA_HOME/../Classes/classes.jar
    Since tools.jar and classes.jar cannot be found,
    we will not use doclets from ptII/doc/doclets, which
    means that the actor documentation index system will not work.
checking for Cobertura, optionally used for Java code coverage.... checking for CUnit to be used to test the C cg templates... checking for tools.jar for use with doclets... checking for classes.jar for use with doclets... checking for javadoc... /usr/local/lib/jvm/openjdk11/bin/javadoc
/home/travis/build/icyphy/ptII/adm/gen-11.1/src/ptII11.1.devel/ptolemy/backtrack/eclipse is not present,
	so we need not find Eclipse.
You are running under Mac OS X, and backtracking
    is not currently supported.  See
    http://chess.eecs.berkeley.edu/ptexternal/wiki/Main/Mac
/home/travis/build/icyphy/ptII/adm/gen-11.1/src/ptII11.1.devel/ptolemy/copernicus/c is not present,
    so we need not find the Boehm GC.
configure: WARNING: Failed to find /home/travis/build/icyphy/ptII/adm/gen-11.1/src/ptII11.1.devel/vendors/mbed/gcc-arm/bin/arm-none-eabi-gcc
    so the Mbed CG facility will not be run.
configure: WARNING: Failed to find iText.jar
    as /home/travis/build/icyphy/ptII/adm/gen-11.1/src/ptII11.1.devel/vendors/misc/itext/iText.jar.
    Perhaps the iText is not installed?
    You need not download the iText interface unless you
    would like to export PDF from Vergil.
    Note that the iText jar file has the Affero General Public License (AGPL),
    which is an extension of the GNU Public License.
    To use the iText interface, download iText from http://itextpdf.com
    place iText.jar in /home/travis/build/icyphy/ptII/adm/gen-11.1/src/ptII11.1.devel/vendors/misc/itext/ and then rerun configure.
checking for arm-none-eabi-gcc... checking for the iText PDF jar... checking G4LTL... /home/travis/build/icyphy/ptII/adm/gen-11.1/src/ptII11.1.devel/lib/g4ltl.jar
/home/travis/build/icyphy/ptII/adm/gen-11.1/src/ptII11.1.devel/mescal/relsat is not present,
    so we need not find GMP.
/home/travis/build/icyphy/ptII/adm/gen-11.1/src/ptII11.1.devel/ptolemy/homer is not present,
    so we need not find the Netbeans visual gui interface.
JAITest.java:32: error: package com.sun.image.codec.jpeg does not exist
import com.sun.image.codec.jpeg.JPEGCodec;
                               ^
JAITest.java:28: error: package javax.media.jai does not exist
import javax.media.jai.*;
^
2 errors
configure: WARNING: JAI not found in the default classpath
configure: WARNING: '"/usr/local/lib/jvm/openjdk11/bin/javac" JAITest.java' failed and JAI jars were not found
    in /home/travis/build/icyphy/ptII/adm/gen-11.1/src/ptII11.1.devel/vendors
    perhaps the Java Advanced Imaging API is not installed?

    Note that JAI does not work in Java 9 and later because Java 9 removed
    internal classes used by JAI.
    See https://wiki.eecs.berkeley.edu/ptexternal/Main/JAI

    You need not download Jai unless you plan on using the video
    actors in /home/travis/build/icyphy/ptII/adm/gen-11.1/src/ptII11.1.devel/ptolemy/actor/lib/jai
    The JAI API can be downloaded from
    http://www.oracle.com/technetwork/java/javasebusiness/downloads/java-archive-downloads-java-client-419417.html
checking for Java Advanced Imaging (JAI) API... checking for JAI in /home/travis/build/icyphy/ptII/adm/gen-11.1/src/ptII11.1.devel/vendors... checking for Jcerti, used by hlacerti ... /home/travis/build/icyphy/ptII/adm/gen-11.1/src/ptII11.1.devel/lib/jcerti.jar
checking for JavaMail directory... /home/travis/build/icyphy/ptII/adm/gen-11.1/src/ptII11.1.devel/lib
configure: WARNING: Failed to find /usr/local/jmodelica/include/jmi.h
    which is part of JModelica.
    Ptolemy optionally includes one or more FMUs that use JModelica.
    To install JModelica, see https://svn.jmodelica.org/trunk/INSTALL
ls: cannot access '/home/travis/build/icyphy/ptII/adm/gen-11.1/src/ptII11.1.devel/vendors/javafx/*': No such file or directory
checking for JModelica... TMP_JAVAFX_DIR=
ls: cannot access '/home/travis/build/icyphy/ptII/adm/gen-11.1/src/ptII11.1.devel/vendors/javafx': No such file or directory
/home/travis/build/icyphy/ptII/adm/gen-11.1/src/ptII11.1.devel/vendors/javafx: 
JavaFXTest.java:28: error: package javafx.embed.swing does not exist
import javafx.embed.swing.JFXPanel;
                         ^
JavaFXTest.java:29: error: package javafx.scene.media does not exist
import javafx.scene.media.Media;
                         ^
JavaFXTest.java:49: error: cannot find symbol
    public static JFXPanel fxPanel = null;
                  ^
  symbol:   class JFXPanel
  location: class JavaFXTest
3 errors
configure: WARNING: Failed to find JavaFX.

    Perhaps you are running an OpenJDK JDK instead of an Oracle JDK?
    Or, perhaps you are using an Oracle JDK later than JDK 10 that
    no longer includes JavaFX.
    To download JavaFX, see https://openjfx.io/

    The ./configure script searches for 
    so please install OpenFX at one of those locations or use
    --with-javafx-jar=JARFILE

    If OpenFX is not present, then the audio accessors will not work under CapeCode.
    
JMFTest.java:28: error: package javax.media does not exist
import javax.media.CaptureDeviceInfo;
                  ^
1 error
configure: WARNING: JMF not found in the default classpath, will check elsewhere next.
configure: WARNING: '"/usr/local/lib/jvm/openjdk11/bin/javac" JMFTest.java' failed.
    perhaps the Java Media Framework (JMF) is not installed?
    You need not download the JMF unless you plan on using the video
    actors in /home/travis/build/icyphy/ptII/adm/gen-11.1/src/ptII11.1.devel/ptolemy/actor/lib/jmf
    The JMF SDK can be downloaded from
    http://www.oracle.com/technetwork/java/javase/download-142937.html 
checking for JavaFX... checking checking for JavaFX in the default classpath... checking for Java Media Framework (JMF) in the default classpath... checking for JMF in /home/travis/build/icyphy/ptII/adm/gen-11.1/src/ptII11.1.devel/vendors/JMF*... checking for Java Native Access (JNA) jar... /home/travis/build/icyphy/ptII/adm/gen-11.1/src/ptII11.1.devel/lib/jna-4.0.0-variadic.jar
checking for joystick jar file... /home/travis/build/icyphy/ptII/adm/gen-11.1/src/ptII11.1.devel/vendors/misc/joystick/Joystick.jar
checking for ptjacl.jar... /home/travis/build/icyphy/ptII/adm/gen-11.1/src/ptII11.1.devel/lib/ptjacl.jar
checking for how to run jacl with "/usr/local/lib/jvm/openjdk11/bin/java"... % /home/travis/build/icyphy/ptII/adm/gen-11.1/src/ptII11.1.devel/lib/ptjacl.jar
checking for JSoup, used when exporting html pages. ... /home/travis/build/icyphy/ptII/adm/gen-11.1/src/ptII11.1.devel/lib/jsoup-1.8.2.jar
checking for the JUnit - the Java Unit Testing Framework... 
checking for the JUnitParams, needed by our JUnit tests... 
checking for the Java Excel API (JXL)... /home/travis/build/icyphy/ptII/adm/gen-11.1/src/ptII11.1.devel/ptolemy/actor/lib/excel/jxl.jar
checking for jython... no
checking for jython.bat... no
checking for Jython, the Java implementation of Python... /home/travis/build/icyphy/ptII/adm/gen-11.1/src/ptII11.1.devel/lib
checking for kieler jar file used by layout ... /home/travis/build/icyphy/ptII/adm/gen-11.1/src/ptII11.1.devel/lib/kieler.jar
checking for node... checking for node... /home/travis/.nvm/versions/node/v7.10.1/bin/node
checking for npm... checking for npm... /home/travis/.nvm/versions/node/v7.10.1/bin/npm
checking for npm before 5.x... ok, npm is version 4.2.0
checking for OpenCV Java API... OpenCV found at /home/travis/build/icyphy/ptII/adm/gen-11.1/src/ptII11.1.devel/lib/opencv-320.jar.
checking for OpenCV by compiling and running a small OpenCV program... About to load opencv_java320
Exception in thread "main" java.lang.RuntimeException: Could not load opencv_java320.
    java.library.path = /home/travis/pthla/certi-tools/lib:/usr/lib/jni:/usr/local/share/OpenCV/java/:/usr/share/OpenCV/java::/usr/java/packages/lib:/usr/lib64:/lib64:/lib:/usr/lib
	at OpenCVTest.main(OpenCVTest.java:79)
Caused by: java.lang.UnsatisfiedLinkError: no opencv_java320 in java.library.path: [/home/travis/pthla/certi-tools/lib, /usr/lib/jni, /usr/local/share/OpenCV/java/, /usr/share/OpenCV/java, ., /usr/java/packages/lib, /usr/lib64, /lib64, /lib, /usr/lib]
	at java.base/java.lang.ClassLoader.loadLibrary(ClassLoader.java:2660)
	at java.base/java.lang.Runtime.loadLibrary0(Runtime.java:829)
	at java.base/java.lang.System.loadLibrary(System.java:1867)
	at OpenCVTest.main(OpenCVTest.java:52)
configure: WARNING: Failed to run OpenCV test program in /home/travis/build/icyphy/ptII/adm/gen-11.1/src/ptII11.1.devel/config with
    /usr/local/lib/jvm/openjdk11/bin/java -classpath /home/travis/build/icyphy/ptII/adm/gen-11.1/src/ptII11.1.devel/lib/opencv-320.jar:. OpenCVTest
    so we will try other jars.
checking for opencv-*.jar in /home/travis/build/icyphy/ptII/adm/gen-11.1/src/ptII11.1.devel/vendors/opencv/share/OpenCV/java /home/travis/build/icyphy/ptII/adm/gen-11.1/src/ptII11.1.devel/lib /opt/local/share/OpenCV/java /usr/share/OpenCV/java /usr/local/share/OpenCV/java... OpenCV jars:    /home/travis/build/icyphy/ptII/adm/gen-11.1/src/ptII11.1.devel/lib/opencv-341.jar /usr/share/OpenCV/java/opencv-341.jar
checking /home/travis/build/icyphy/ptII/adm/gen-11.1/src/ptII11.1.devel/lib/opencv-341.jar... About to load opencv_java341
Imgproc.LINE_8: 8
Loaded opencv_java341
OpenCV found at /home/travis/build/icyphy/ptII/adm/gen-11.1/src/ptII11.1.devel/lib/opencv-341.jar.
checking if org/ptolemy/opencv will be compiled.... ok
checking for Open Sound Control/Processing.org interface (oscP5). ... /home/travis/build/icyphy/ptII/adm/gen-11.1/src/ptII11.1.devel/lib/oscP5.jar
checking for rxtx serial port interface... /home/travis/build/icyphy/ptII/adm/gen-11.1/src/ptII11.1.devel/lib/nrjavaserial-3.11.0.devel.jar
/home/travis/build/icyphy/ptII/adm/gen-11.1/src/ptII11.1.devel/ptolemy/apps/lejos is not present,
    so we need not find lejos.
configure: WARNING: Could not find directory
    '/home/travis/build/icyphy/ptII/adm/gen-11.1/src/ptII11.1.devel/vendors/sun/javacc-5.0'
    so we search for the jjtree command.
configure: WARNING: Failed to find jjtree
checking for JavaCC... checking for jjtree... no
configure: WARNING: Failed to find javacc, perhaps JavaCC is not installed?
    You need not download JavaCC unless you plan on modifying .jjt files
    in ptolemy/data/expr.
    JavaCC is available from
    https://javacc.org

    Note that the zip file that gets downloaded is actually an installer
    that must be run to install the JavaCC.zip file that contains the classes.

    Note that JavaCC-4.1 and 4.2 will not work, there are problems with
    ReInit() being static or not static.

    JavaCC-6.0 seems to not include the jjtree and javacc scripts, so
    we recommend JavaCC-5.0.

    Try:
    cd /home/travis/build/icyphy/ptII/adm/gen-11.1/src/ptII11.1.devel/vendors/sun
    wget https://javacc.org/downloads/javacc-5.0.tar.gz
    tar -zxf javacc-5.0.tar.gz
    cd /home/travis/build/icyphy/ptII/adm/gen-11.1/src/ptII11.1.devel
    ./configure

    Configure looks for JavaCC in /home/travis/build/icyphy/ptII/adm/gen-11.1/src/ptII11.1.devel/vendors/sun/javacc-5.0
    so either install JavaCC in that location or use the --with-javacc= flag
    and then rerun configure.'
checking for Java3D... /home/travis/build/icyphy/ptII/adm/gen-11.1/src/ptII11.1.devel/vendors/j3d/lib/Linux/j3dcore.jar:/home/travis/build/icyphy/ptII/adm/gen-11.1/src/ptII11.1.devel/vendors/j3d/lib/Linux/j3dutils.jar:/home/travis/build/icyphy/ptII/adm/gen-11.1/src/ptII11.1.devel/vendors/j3d/lib/Linux/vecmath.jar:
configure: WARNING: Could not find the Jogl directory.
   This could be a problem under Linux and JDK 9 or 10 and later

   To install,
       mkdir -p /home/travis/build/icyphy/ptII/adm/gen-11.1/src/ptII11.1.devel/vendors/jogl/lib/natives/linux-amd64
       cd /home/travis/build/icyphy/ptII/adm/gen-11.1/src/ptII11.1.devel/vendors/jogl/lib/natives/linux-amd64
       wget https://jogamp.org/deployment/v2.3.2/jar/jogl-all-natives-linux-amd64.jar
       wget https://jogamp.org/deployment/v2.3.2/jar/gluegen-rt-natives-linux-amd64.jar

       cd /home/travis/build/icyphy/ptII/adm/gen-11.1/src/ptII11.1.devel
       ./configure

       
checking for Jogl... checking for jini directory... /home/travis/build/icyphy/ptII/adm/gen-11.1/src/ptII11.1.devel/ptolemy/distributed/jini
checking for jars used by jini... jini-core.jar jini-ext.jar sun-util.jar ok
checking for the proper JNI architecture... checking for gcc... /usr/bin/gcc
checking for cc... (cached) /usr/bin/gcc
checking for javah... /usr/bin/javah
checking for the cc for JNI... checking for that the pieces for JNI have been found... 'linux'
configure: WARNING: /usr/local/lib/jvm/openjdk11/../include was not found.  As a result, compilation of JNI actors will fail.
checking for the proper JNI architecture include directory... checking for the proper JNI library architecture... 'amd64'
checking for if the -mno-cygwin flag is available... ''
checking for the proper shared library gcc flag... '-shared'
checking for the proper shared library cc flag... '-fPIC'
checking for the proper shared library link flag... '-fPIC'
checking for the proper shared library prefix... 'lib'
checking for the proper shared library suffix... 'so'
checking for JNI libraries needed to link JNI... ''
/home/travis/build/icyphy/ptII/adm/gen-11.1/src/ptII11.1.devel/vendors/jode is not present,
    so we need not find Jode, which is a java disassembler.
checking for json directory... /home/travis/build/icyphy/ptII/adm/gen-11.1/src/ptII11.1.devel/org/json
/home/travis/build/icyphy/ptII/adm/gen-11.1/src/ptII11.1.devel/ptolemy/apps/kvm is not present,
    so we need not find the PalmOS kvm.
checking for matlab... no
configure: WARNING: Failed to find matlab executable in the path.
    Perhaps Matlab is not installed?
    If Matlab is not present, then the Ptolemy II/Matlab interface in
    $PTII/ptolemy/matlab will not be usable.
configure: WARNING: Matlab was not found, but compiling the .java files in ptolemy/matlab/ should be ok.
checking for Protocol Buffers (ProtoBuf)... /home/travis/build/icyphy/ptII/adm/gen-11.1/src/ptII11.1.devel/lib/protobuf-java-2.4.1.jar
checking for the Paho MQTT jar... /home/travis/build/icyphy/ptII/adm/gen-11.1/src/ptII11.1.devel/lib/org.eclipse.paho.client.mqttv3.jar
checking for mapss.jar, used by the PSDF domain... /home/travis/build/icyphy/ptII/adm/gen-11.1/src/ptII11.1.devel/lib
checking for anltr.jar, used by the Ptalon... /home/travis/build/icyphy/ptII/adm/gen-11.1/src/ptII11.1.devel/ptolemy/actor/ptalon/antlr
checking for scalac... no
configure: WARNING: Failed to find the scalac binary,
    so org/ptolemy/scala will be excluded
checking for soot directory... /home/travis/build/icyphy/ptII/adm/gen-11.1/src/ptII11.1.devel/lib
checking for $SOOT_DIR/sootclasses.jar... ok
${SOOT_DIR}/sootclasses.jar${CLASSPATHSEPARATOR}${CLASSPATHSEPARATOR}${JAVA_SYSTEM_JAR}${CLASSPATHSEPARATOR}${JAVAX_CRYPTO_JAR}
checking for rt.jar by compiling config/SystemJar.java... SystemJar.java compiled
checking the location or rt.jar... ''
SystemJar.main(): java.io.FileNotFoundException: /usr/local/lib/jvm/openjdk11/lib/rt.jar and /usr/local/lib/jvm/openjdk11/lib/core.jar and /usr/local/lib/jvm/openjdk11/../Classes/classes.jar either do not exist or are not readableSystemJar.main(): java.io.FileNotFoundException: /usr/local/lib/jvm/openjdk11/lib/rt.jar and /usr/local/lib/jvm/openjdk11/lib/core.jar and /usr/local/lib/jvm/openjdk11/../Classes/classes.jar either do not exist or are not readableconfigure: WARNING: ojdbc6.jar not found,
    but only necessary to use database actors with Oracle.
    If the mysql jar file is present, then the Oracle Java Database Connector is not necessary
    To install ojdbc5.jar or ojdbc6.jar,
    download it from https://www.oracle.com/technetwork/database/features/jdbc/jdbc-drivers-12c-download-1958347.html
    copy it to ptolemy/actor/lib/database
    and rerun ./configure
checking for mysql jar, used by the database actors... /home/travis/build/icyphy/ptII/adm/gen-11.1/src/ptII11.1.devel/ptolemy/actor/lib/database/mysql-connector-java-5.1.6-bin.jar
configure: WARNING: Could not find the sphinx4 jar files.
    These files are only necessary for the accessor in
    ptolemy/actor/lib/jjs/modules/speechRecognition.
    To install Sphinx4:
    1. mkdir /home/travis/build/icyphy/ptII/adm/gen-11.1/src/ptII11.1.devel/vendors/misc/sphinx4
    2. Download these .jar files and place in ptolemy/vendors/misc/sphinx:

      wget -O /home/travis/build/icyphy/ptII/adm/gen-11.1/src/ptII11.1.devel/vendors/misc/sphinx4/sphinx4-core-5prealpha.jar 'https://oss.sonatype.org/service/local/artifact/maven/redirect?r=releases&g=net.sf.phat&a=sphinx4-core&v=5prealpha&e=jar'

      wget -O /home/travis/build/icyphy/ptII/adm/gen-11.1/src/ptII11.1.devel/vendors/misc/sphinx4/sphinx4-data-5prealpha.jar 'https://oss.sonatype.org/service/local/artifact/maven/redirect?r=releases&g=net.sf.phat&a=sphinx4-data&v=5prealpha&e=jar'

    3. Rerun
      (cd /home/travis/build/icyphy/ptII/adm/gen-11.1/src/ptII11.1.devel; ./configure)
checking for ojdbc6.jar... checking for Sphinx4 Speech recognition data jar API... checking for PDFRenderer... /home/travis/build/icyphy/ptII/adm/gen-11.1/src/ptII11.1.devel/lib/PDFRenderer.jar
configure: WARNING: Failed to find Batik Jar file
    You need only have Batik if you are planning on rebuilding diva.jar
    for use with Kepler.
    Batik can be downloaded from http://xmlgraphics.apache.org/batik/,
    batike-1.9/lib/batik-all-1.9.jar copied to /home/travis/build/icyphy/ptII/adm/gen-11.1/src/ptII11.1.devel/lib
    and ./configure rerun.
checking for Batik SVG... checking for svgSalamander... /home/travis/build/icyphy/ptII/adm/gen-11.1/src/ptII11.1.devel/lib/svgSalamander.jar
checking for RSyntaxEditor... /home/travis/build/icyphy/ptII/adm/gen-11.1/src/ptII11.1.devel/lib/rsyntaxtextarea-2.6.0-SNAPSHOT.jar
/home/travis/build/icyphy/ptII/adm/gen-11.1/src/ptII11.1.devel/ptolemy/apps/tini is not present,
    so we need not find the Dallas Semiconductor tini.
configure: WARNING: $TOSROOT is not set.  It must be set to use PtinyOS.
configure: WARNING: $TOSROOT is set to '',
     but there is no directory by that name, so we will not set up for PtinyOS.
     For details, see /home/travis/build/icyphy/ptII/adm/gen-11.1/src/ptII11.1.devel/ptolemy/domains/ptinyos/README.txt.
configure: WARNING: Failed to find giotto/gdk.jar
    perhaps Giotto is not installed?
    You need not download Giotto unless you plan on generating code for
    Giotto models.
    The Giotto SDK can be
    downloaded from https://embedded.eecs.berkeley.edu/giotto/
    Copy gdk.jar to /home/travis/build/icyphy/ptII/adm/gen-11.1/src/ptII11.1.devel/vendors/giotto, for example:
        mkdir -p /home/travis/build/icyphy/ptII/adm/gen-11.1/src/ptII11.1.devel/vendors/giotto
        cp C:/Program\ Files/Giotto*/gdk.jar /home/travis/build/icyphy/ptII/adm/gen-11.1/src/ptII11.1.devel/vendors/giotto/
checking the for TinyOS... checking for giotto directory... checking for the Vertx application platform interface. ... ${CLASSPATHSEPARATOR}/home/travis/build/icyphy/ptII/adm/gen-11.1/src/ptII11.1.devel/lib/hazelcast-3.8.2.jar${CLASSPATHSEPARATOR}/home/travis/build/icyphy/ptII/adm/gen-11.1/src/ptII11.1.devel/lib/jackson-annotations-2.9.0.jar${CLASSPATHSEPARATOR}/home/travis/build/icyphy/ptII/adm/gen-11.1/src/ptII11.1.devel/lib/jackson-core-2.9.3.jar${CLASSPATHSEPARATOR}/home/travis/build/icyphy/ptII/adm/gen-11.1/src/ptII11.1.devel/lib/jackson-databind-2.9.3.jar${CLASSPATHSEPARATOR}/home/travis/build/icyphy/ptII/adm/gen-11.1/src/ptII11.1.devel/lib/netty-buffer-4.1.19.Final.jar${CLASSPATHSEPARATOR}/home/travis/build/icyphy/ptII/adm/gen-11.1/src/ptII11.1.devel/lib/netty-codec-4.1.19.Final.jar${CLASSPATHSEPARATOR}/home/travis/build/icyphy/ptII/adm/gen-11.1/src/ptII11.1.devel/lib/netty-codec-dns-4.1.19.Final.jar${CLASSPATHSEPARATOR}/home/travis/build/icyphy/ptII/adm/gen-11.1/src/ptII11.1.devel/lib/netty-codec-http-4.1.19.Final.jar${CLASSPATHSEPARATOR}/home/travis/build/icyphy/ptII/adm/gen-11.1/src/ptII11.1.devel/lib/netty-codec-http2-4.1.19.Final.jar${CLASSPATHSEPARATOR}/home/travis/build/icyphy/ptII/adm/gen-11.1/src/ptII11.1.devel/lib/netty-common-4.1.19.Final.jar${CLASSPATHSEPARATOR}/home/travis/build/icyphy/ptII/adm/gen-11.1/src/ptII11.1.devel/lib/netty-handler-4.1.19.Final.jar${CLASSPATHSEPARATOR}/home/travis/build/icyphy/ptII/adm/gen-11.1/src/ptII11.1.devel/lib/netty-resolver-4.1.19.Final.jar${CLASSPATHSEPARATOR}/home/travis/build/icyphy/ptII/adm/gen-11.1/src/ptII11.1.devel/lib/netty-resolver-dns-4.1.19.Final.jar${CLASSPATHSEPARATOR}/home/travis/build/icyphy/ptII/adm/gen-11.1/src/ptII11.1.devel/lib/netty-transport-4.1.19.Final.jar${CLASSPATHSEPARATOR}/home/travis/build/icyphy/ptII/adm/gen-11.1/src/ptII11.1.devel/lib/vertx-codegen-3.5.1.jar${CLASSPATHSEPARATOR}/home/travis/build/icyphy/ptII/adm/gen-11.1/src/ptII11.1.devel/lib/vertx-core-3.5.2-SNAPSHOT.jar${CLASSPATHSEPARATOR}/home/travis/build/icyphy/ptII/adm/gen-11.1/src/ptII11.1.devel/lib/vertx-hazelcast-3.5.1.jar${CLASSPATHSEPARATOR}/home/travis/build/icyphy/ptII/adm/gen-11.1/src/ptII11.1.devel/lib/vertx-lang-js-3.5.1.jar${CLASSPATHSEPARATOR}/home/travis/build/icyphy/ptII/adm/gen-11.1/src/ptII11.1.devel/lib/vertx-service-proxy-3.5.1.jar${CLASSPATHSEPARATOR}/home/travis/build/icyphy/ptII/adm/gen-11.1/src/ptII11.1.devel/lib/vertx-web-3.5.1.jar
/home/travis/build/icyphy/ptII/adm/gen-11.1/src/ptII11.1.devel/ptolemy/apps/kvm is not present,
    so we need not find the PalmOS waba.
checking for slf4-api... /home/travis/build/icyphy/ptII/adm/gen-11.1/src/ptII11.1.devel/lib/slf4j-api-1.7.13.jar
checking for slf4-simple... /home/travis/build/icyphy/ptII/adm/gen-11.1/src/ptII11.1.devel/lib/slf4j-simple-1.7.13.jar
checking for webcam-capture... /home/travis/build/icyphy/ptII/adm/gen-11.1/src/ptII11.1.devel/lib/webcam-capture-0.3.12.jar
checking for xbjlib directory... /home/travis/build/icyphy/ptII/adm/gen-11.1/src/ptII11.1.devel/lib/xbjlib-1.1.0.nrjavaserial.jar
checking for gcc... /usr/bin/gcc
checking for libexpat... /usr/lib/x86_64-linux-gnu/libexpat.so}
checking for expat.h... /usr/include/expat.h
configure: WARNING: Failed to find boost/numeric/odeint.hpp, so FMI ++
    will not be compiled. FMI++ is an extension of the
    Functional Mockup Interface, see
    http://sourceforge.net/p/fmipp/wiki/Home/
configure: creating ./config.status
config.status: creating mk/ptII.mk
config.status: creating bin/ptinvoke
config.status: creating build.xml
config.status: creating .classpath
config.status: creating bin/comm.policy
config.status: creating lib/ptII.properties
config.status: creating ptolemy/util/test/junit/javachdir
config.status: creating ptolemy/util/test/junit/javachdir32
config.status: executing default commands
make[1]: Entering directory '/home/travis/build/icyphy/ptII/adm/gen-11.1/src/ptII11.1.devel'
rm -rf *.o *.so *~ *.bak ,* LOG* *.class *.jstmp config.cache config.log config.status manifest.tmp    ptII.jar    config/*.class vergil.jnlp vergilDSP.jnlp vergilHyVisual.jnlp vergilPtiny.jnlp vergilPtinySandbox.jnlp vergilVisualSense.jnlp ptKeystore capecode.exe ptbook.exe hyvisual.exe ptiny.exe vergil.exe histogram.exe ptplot.exe capecode_l4j.xml ptbook_l4j.xml hyvisual_l4j.xml ptiny_l4j.xml vergil_l4j.xml histogram_l4j.xml ptplot_l4j.xml
rm -f core
making clean in ./util
make[2]: Entering directory '/home/travis/build/icyphy/ptII/adm/gen-11.1/src/ptII11.1.devel/util'
rm -rf *.o *.so *~ *.bak ,* LOG* *.class *.jstmp config.cache config.log config.status manifest.tmp        
rm -f core
making clean in util/testsuite
make[3]: Entering directory '/home/travis/build/icyphy/ptII/adm/gen-11.1/src/ptII11.1.devel/util/testsuite'
rm -rf *.o *.so *~ *.bak ,* LOG* *.class *.jstmp config.cache config.log config.status manifest.tmp PrintThreads.class WatchDog.class       
rm -f core
making clean in util/testsuite/test
make[4]: Entering directory '/home/travis/build/icyphy/ptII/adm/gen-11.1/src/ptII11.1.devel/util/testsuite/test'
rm -rf *.o *.so *~ *.bak ,* LOG* *.class *.jstmp config.cache config.log config.status manifest.tmp        
rm -f core
make[4]: Leaving directory '/home/travis/build/icyphy/ptII/adm/gen-11.1/src/ptII11.1.devel/util/testsuite/test'
make[3]: Leaving directory '/home/travis/build/icyphy/ptII/adm/gen-11.1/src/ptII11.1.devel/util/testsuite'
make[2]: Leaving directory '/home/travis/build/icyphy/ptII/adm/gen-11.1/src/ptII11.1.devel/util'
making clean in ./com
make[2]: Entering directory '/home/travis/build/icyphy/ptII/adm/gen-11.1/src/ptII11.1.devel/com'
rm -rf *.o *.so *~ *.bak ,* LOG* *.class *.jstmp config.cache config.log config.status manifest.tmp        
rm -f core
making clean in com/cureos
make[3]: Entering directory '/home/travis/build/icyphy/ptII/adm/gen-11.1/src/ptII11.1.devel/com/cureos'
rm -rf *.o *.so *~ *.bak ,* LOG* *.class *.jstmp config.cache config.log config.status manifest.tmp    cureos.jar    
rm -f core
making clean in com/cureos/numerics
make[4]: Entering directory '/home/travis/build/icyphy/ptII/adm/gen-11.1/src/ptII11.1.devel/com/cureos/numerics'
rm -rf *.o *.so *~ *.bak ,* LOG* *.class *.jstmp config.cache config.log config.status manifest.tmp Calcfc.class Cobyla.class CobylaExitStatus.class numerics.jar     numerics.jar 
rm -f core
make[4]: Leaving directory '/home/travis/build/icyphy/ptII/adm/gen-11.1/src/ptII11.1.devel/com/cureos/numerics'
make[3]: Leaving directory '/home/travis/build/icyphy/ptII/adm/gen-11.1/src/ptII11.1.devel/com/cureos'
making clean in com/jhlabs
make[3]: Entering directory '/home/travis/build/icyphy/ptII/adm/gen-11.1/src/ptII11.1.devel/com/jhlabs'
rm -rf *.o *.so *~ *.bak ,* LOG* *.class *.jstmp config.cache config.log config.status manifest.tmp    jhlabs.jar    
rm -f core
making clean in com/jhlabs/composite
make[4]: Entering directory '/home/travis/build/icyphy/ptII/adm/gen-11.1/src/ptII11.1.devel/com/jhlabs/composite'
rm -rf *.o *.so *~ *.bak ,* LOG* *.class *.jstmp config.cache config.log config.status manifest.tmp AddComposite.class AverageComposite.class BurnComposite.class ColorBurnComposite.class ColorComposite.class ColorDodgeComposite.class ContourComposite.class DarkenComposite.class DifferenceComposite.class DodgeComposite.class ExclusionComposite.class HardLightComposite.class HueComposite.class LightenComposite.class MiscComposite.class MiscCompositeContext.class MultiplyComposite.class NegationComposite.class OverlayComposite.class PinLightComposite.class RGBComposite.class SaturationComposite.class ScreenComposite.class SoftLightComposite.class SubtractComposite.class ValueComposite.class composite.jar     composite.jar 
rm -f core
make[4]: Leaving directory '/home/travis/build/icyphy/ptII/adm/gen-11.1/src/ptII11.1.devel/com/jhlabs/composite'
making clean in com/jhlabs/image
make[4]: Entering directory '/home/travis/build/icyphy/ptII/adm/gen-11.1/src/ptII11.1.devel/com/jhlabs/image'
rm -rf *.o *.so *~ *.bak ,* LOG* *.class *.jstmp config.cache config.log config.status manifest.tmp AbstractBufferedImageOp.class ApplyMaskFilter.class ArrayColormap.class AverageFilter.class BicubicScaleFilter.class BinaryFilter.class BlockFilter.class BlurFilter.class BorderFilter.class BoxBlurFilter.class BrushedMetalFilter.class BumpFilter.class CausticsFilter.class CellularFilter.class ChannelMixFilter.class CheckFilter.class ChromaKeyFilter.class ChromeFilter.class CircleFilter.class ColorHalftoneFilter.class Colormap.class CompositeFilter.class CompoundFilter.class ContourFilter.class ContrastFilter.class ConvolveFilter.class CropFilter.class CrystallizeFilter.class CurlFilter.class Curve.class CurvesFilter.class DeinterlaceFilter.class DespeckleFilter.class DiffuseFilter.class DiffusionFilter.class DilateFilter.class DisplaceFilter.class DissolveFilter.class DitherFilter.class DoGFilter.class EdgeFilter.class EmbossFilter.class EqualizeFilter.class ErodeAlphaFilter.class ErodeFilter.class ExposureFilter.class FBMFilter.class FadeFilter.class FeedbackFilter.class FieldWarpFilter.class FillFilter.class FlareFilter.class FlipFilter.class Flush3DFilter.class FourColorFilter.class GainFilter.class GammaFilter.class GaussianFilter.class GlintFilter.class GlowFilter.class Gradient.class GradientFilter.class GradientWipeFilter.class GrayFilter.class GrayscaleColormap.class GrayscaleFilter.class HSBAdjustFilter.class HalftoneFilter.class HighPassFilter.class Histogram.class ImageCombiningFilter.class ImageMath.class ImageUtils.class InterpolateFilter.class InvertAlphaFilter.class InvertFilter.class IteratedFilter.class JavaLnFFilter.class KaleidoscopeFilter.class KeyFilter.class LaplaceFilter.class LensBlurFilter.class LevelsFilter.class LifeFilter.class LightFilter.class LinearColormap.class LookupFilter.class MapColorsFilter.class MapFilter.class MarbleFilter.class MarbleTexFilter.class MaskFilter.class MaximumFilter.class MedianFilter.class MinimumFilter.class MirrorFilter.class MotionBlurFilter.class MotionBlurOp.class MotionDetectorFilter.class MutatableFilter.class NoiseFilter.class OctTreeQuantizer.class OffsetFilter.class OilFilter.class OpacityFilter.class OutlineFilter.class PerspectiveFilter.class PinchFilter.class PixelUtils.class PlasmaFilter.class PointFilter.class PointillizeFilter.class PolarFilter.class PosterizeFilter.class PremultiplyFilter.class QuantizeFilter.class Quantizer.class QuiltFilter.class RGBAdjustFilter.class RaysFilter.class ReduceNoiseFilter.class RenderTextFilter.class RescaleFilter.class RippleFilter.class RotateFilter.class SaturationFilter.class ScaleFilter.class ScratchFilter.class ShadeFilter.class ShadowFilter.class ShapeFilter.class SharpenFilter.class ShatterFilter.class ShearFilter.class ShineFilter.class SkeletonFilter.class SkyFilter.class SmartBlurFilter.class SmearFilter.class SolarizeFilter.class SparkleFilter.class Spectrum.class SpectrumColormap.class SphereFilter.class SplineColormap.class StampFilter.class SwimFilter.class SwizzleFilter.class TextureFilter.class ThresholdFilter.class TileImageFilter.class TransferFilter.class TransformFilter.class TransitionFilter.class TritoneFilter.class TwirlFilter.class UnpremultiplyFilter.class UnsharpFilter.class VariableBlurFilter.class WarpFilter.class WarpGrid.class WaterFilter.class WeaveFilter.class WholeImageFilter.class WoodFilter.class   image.jar    
rm -f core
making clean in com/jhlabs/image/svg
make[5]: Entering directory '/home/travis/build/icyphy/ptII/adm/gen-11.1/src/ptII11.1.devel/com/jhlabs/image/svg'
rm -rf *.o *.so *~ *.bak ,* LOG* *.class *.jstmp config.cache config.log config.status manifest.tmp AnnotateFilter.class svg.jar     svg.jar 
rm -f core
make[5]: Leaving directory '/home/travis/build/icyphy/ptII/adm/gen-11.1/src/ptII11.1.devel/com/jhlabs/image/svg'
make[4]: Leaving directory '/home/travis/build/icyphy/ptII/adm/gen-11.1/src/ptII11.1.devel/com/jhlabs/image'
making clean in com/jhlabs/math
make[4]: Entering directory '/home/travis/build/icyphy/ptII/adm/gen-11.1/src/ptII11.1.devel/com/jhlabs/math'
rm -rf *.o *.so *~ *.bak ,* LOG* *.class *.jstmp config.cache config.log config.status manifest.tmp BinaryFunction.class BlackFunction.class CellularFunction2D.class CompositeFunction1D.class CompoundFunction2D.class FBM.class FFT.class FractalSumFunction.class Function1D.class Function2D.class Function3D.class ImageFunction2D.class MarbleFunction.class MathFunction1D.class Noise.class RidgedFBM.class SCNoise.class TurbulenceFunction.class VLNoise.class math.jar     math.jar 
rm -f core
make[4]: Leaving directory '/home/travis/build/icyphy/ptII/adm/gen-11.1/src/ptII11.1.devel/com/jhlabs/math'
making clean in com/jhlabs/vecmath
make[4]: Entering directory '/home/travis/build/icyphy/ptII/adm/gen-11.1/src/ptII11.1.devel/com/jhlabs/vecmath'
rm -rf *.o *.so *~ *.bak ,* LOG* *.class *.jstmp config.cache config.log config.status manifest.tmp AxisAngle4f.class Color4f.class Matrix4f.class Point3f.class Point4f.class Quat4f.class Tuple3f.class Tuple4f.class Vector3f.class Vector4f.class vecmath.jar     vecmath.jar 
rm -f core
make[4]: Leaving directory '/home/travis/build/icyphy/ptII/adm/gen-11.1/src/ptII11.1.devel/com/jhlabs/vecmath'
make[3]: Leaving directory '/home/travis/build/icyphy/ptII/adm/gen-11.1/src/ptII11.1.devel/com/jhlabs'
making clean in com/jgoodies
make[3]: Entering directory '/home/travis/build/icyphy/ptII/adm/gen-11.1/src/ptII11.1.devel/com/jgoodies'
rm -rf *.o *.so *~ *.bak ,* LOG* *.class *.jstmp config.cache config.log config.status manifest.tmp    jgoodies.jar    
rm -f core
making clean in com/jgoodies/forms
make[4]: Entering directory '/home/travis/build/icyphy/ptII/adm/gen-11.1/src/ptII11.1.devel/com/jgoodies/forms'
rm -rf *.o *.so *~ *.bak ,* LOG* *.class *.jstmp config.cache config.log config.status manifest.tmp    forms.jar    
rm -f core
making clean in com/jgoodies/forms/builder
make[5]: Entering directory '/home/travis/build/icyphy/ptII/adm/gen-11.1/src/ptII11.1.devel/com/jgoodies/forms/builder'
rm -rf *.o *.so *~ *.bak ,* LOG* *.class *.jstmp config.cache config.log config.status manifest.tmp AbstractFormBuilder.class ButtonBarBuilder.class ButtonStackBuilder.class DefaultFormBuilder.class I15dPanelBuilder.class PanelBuilder.class builder.jar     builder.jar 
rm -f core
make[5]: Leaving directory '/home/travis/build/icyphy/ptII/adm/gen-11.1/src/ptII11.1.devel/com/jgoodies/forms/builder'
making clean in com/jgoodies/forms/debug
make[5]: Entering directory '/home/travis/build/icyphy/ptII/adm/gen-11.1/src/ptII11.1.devel/com/jgoodies/forms/debug'
rm -rf *.o *.so *~ *.bak ,* LOG* *.class *.jstmp config.cache config.log config.status manifest.tmp FormDebugPanel.class FormDebugUtils.class debug.jar     debug.jar 
rm -f core
make[5]: Leaving directory '/home/travis/build/icyphy/ptII/adm/gen-11.1/src/ptII11.1.devel/com/jgoodies/forms/debug'
making clean in com/jgoodies/forms/factories
make[5]: Entering directory '/home/travis/build/icyphy/ptII/adm/gen-11.1/src/ptII11.1.devel/com/jgoodies/forms/factories'
rm -rf *.o *.so *~ *.bak ,* LOG* *.class *.jstmp config.cache config.log config.status manifest.tmp Borders.class ButtonBarFactory.class ComponentFactory.class DefaultComponentFactory.class FormFactory.class factories.jar     factories.jar 
rm -f core
make[5]: Leaving directory '/home/travis/build/icyphy/ptII/adm/gen-11.1/src/ptII11.1.devel/com/jgoodies/forms/factories'
making clean in com/jgoodies/forms/layout
make[5]: Entering directory '/home/travis/build/icyphy/ptII/adm/gen-11.1/src/ptII11.1.devel/com/jgoodies/forms/layout'
rm -rf *.o *.so *~ *.bak ,* LOG* *.class *.jstmp config.cache config.log config.status manifest.tmp BoundedSize.class CellConstraints.class ColumnSpec.class ConstantSize.class FormLayout.class FormSpec.class RowSpec.class Size.class Sizes.class layout.jar     layout.jar 
rm -f core
make[5]: Leaving directory '/home/travis/build/icyphy/ptII/adm/gen-11.1/src/ptII11.1.devel/com/jgoodies/forms/layout'
making clean in com/jgoodies/forms/util
make[5]: Entering directory '/home/travis/build/icyphy/ptII/adm/gen-11.1/src/ptII11.1.devel/com/jgoodies/forms/util'
rm -rf *.o *.so *~ *.bak ,* LOG* *.class *.jstmp config.cache config.log config.status manifest.tmp AbstractUnitConverter.class DefaultUnitConverter.class LayoutStyle.class MacLayoutStyle.class UnitConverter.class Utilities.class WindowsLayoutStyle.class util.jar     util.jar 
rm -f core
make[5]: Leaving directory '/home/travis/build/icyphy/ptII/adm/gen-11.1/src/ptII11.1.devel/com/jgoodies/forms/util'
make[4]: Leaving directory '/home/travis/build/icyphy/ptII/adm/gen-11.1/src/ptII11.1.devel/com/jgoodies/forms'
make[3]: Leaving directory '/home/travis/build/icyphy/ptII/adm/gen-11.1/src/ptII11.1.devel/com/jgoodies'
making clean in com/microstar
make[3]: Entering directory '/home/travis/build/icyphy/ptII/adm/gen-11.1/src/ptII11.1.devel/com/microstar'
rm -rf *.o *.so *~ *.bak ,* LOG* *.class *.jstmp config.cache config.log config.status manifest.tmp        
rm -f core
making clean in com/microstar/xml
make[4]: Entering directory '/home/travis/build/icyphy/ptII/adm/gen-11.1/src/ptII11.1.devel/com/microstar/xml'
rm -rf *.o *.so *~ *.bak ,* LOG* *.class *.jstmp config.cache config.log config.status manifest.tmp HandlerBase.class XmlException.class XmlHandler.class XmlParser.class xml.jar     xml.jar 
rm -f core
making clean in com/microstar/xml/demo
make[5]: Entering directory '/home/travis/build/icyphy/ptII/adm/gen-11.1/src/ptII11.1.devel/com/microstar/xml/demo'
rm -rf *.o *.so *~ *.bak ,* LOG* *.class *.jstmp config.cache config.log config.status manifest.tmp DtdDemo.class EventDemo.class ReaderDemo.class StreamDemo.class TimerDemo.class XmlApp.class XmlApplet.class       
rm -f core
make[5]: Leaving directory '/home/travis/build/icyphy/ptII/adm/gen-11.1/src/ptII11.1.devel/com/microstar/xml/demo'
make[4]: Leaving directory '/home/travis/build/icyphy/ptII/adm/gen-11.1/src/ptII11.1.devel/com/microstar/xml'
make[3]: Leaving directory '/home/travis/build/icyphy/ptII/adm/gen-11.1/src/ptII11.1.devel/com/microstar'
make[2]: Leaving directory '/home/travis/build/icyphy/ptII/adm/gen-11.1/src/ptII11.1.devel/com'
making clean in ./diva
make[2]: Entering directory '/home/travis/build/icyphy/ptII/adm/gen-11.1/src/ptII11.1.devel/diva'
rm -rf *.o *.so *~ *.bak ,* LOG* *.class *.jstmp config.cache config.log config.status manifest.tmp    diva.jar    
rm -f core
making clean in diva/canvas
make[3]: Entering directory '/home/travis/build/icyphy/ptII/adm/gen-11.1/src/ptII11.1.devel/diva/canvas'
rm -rf *.o *.so *~ *.bak ,* LOG* *.class *.jstmp config.cache config.log config.status manifest.tmp AbstractFigure.class AbstractFigureContainer.class AbstractSite.class BasicZList.class CanvasComponent.class CanvasDebugUtilities.class CanvasLayer.class CanvasPane.class CanvasUtilities.class CompositeFigure.class DamageRegion.class Figure.class FigureContainer.class FigureDecorator.class FigureLayer.class FigureSet.class FigureWrapper.class GeometricSet.class GraphicsPane.class JCanvas.class OverlayLayer.class PaneWrapper.class Site.class SiteDecorator.class TransformContext.class VisibleComponent.class ZList.class   canvas.jar    
rm -f core
making clean in diva/canvas/connector
make[4]: Entering directory '/home/travis/build/icyphy/ptII/adm/gen-11.1/src/ptII11.1.devel/diva/canvas/connector'
rm -rf *.o *.so *~ *.bak ,* LOG* *.class *.jstmp config.cache config.log config.status manifest.tmp AbstractConnector.class AbstractConnectorTarget.class ArcConnector.class ArcInteractor.class ArcManipulator.class ArcMidpointSite.class Arrowhead.class AutonomousSite.class BasicManhattanRouter.class Blob.class BoundsSite.class CenterSite.class CenterTarget.class Connector.class ConnectorAdapter.class ConnectorEnd.class ConnectorEvent.class ConnectorInteractor.class ConnectorListener.class ConnectorManipulator.class ConnectorTarget.class FixedNormalSite.class IncrManhattanRouter.class ManhattanConnector.class ManhattanRouter.class NullSite.class ParametricSite.class PerimeterSite.class PerimeterTarget.class Router.class StraightConnector.class StraightTerminal.class Terminal.class TerminalFigure.class connector.jar     connector.jar 
rm -f core
make[4]: Leaving directory '/home/travis/build/icyphy/ptII/adm/gen-11.1/src/ptII11.1.devel/diva/canvas/connector'
making clean in diva/canvas/demo
make[4]: Entering directory '/home/travis/build/icyphy/ptII/adm/gen-11.1/src/ptII11.1.devel/diva/canvas/demo'
rm -rf *.o *.so *~ *.bak ,* LOG* *.class *.jstmp config.cache config.log config.status manifest.tmp SimplePane.class demo.jar     demo.jar 
rm -f core
make[4]: Leaving directory '/home/travis/build/icyphy/ptII/adm/gen-11.1/src/ptII11.1.devel/diva/canvas/demo'
making clean in diva/canvas/event
make[4]: Entering directory '/home/travis/build/icyphy/ptII/adm/gen-11.1/src/ptII11.1.devel/diva/canvas/event'
rm -rf *.o *.so *~ *.bak ,* LOG* *.class *.jstmp config.cache config.log config.status manifest.tmp EventAcceptor.class EventLayer.class ExtendedMouseFilter.class LayerAdapter.class LayerConsumer.class LayerEvent.class LayerEventMulticaster.class LayerListener.class LayerMotionAdapter.class LayerMotionListener.class LayerMouseAdapter.class MouseFilter.class event.jar     event.jar 
rm -f core
make[4]: Leaving directory '/home/travis/build/icyphy/ptII/adm/gen-11.1/src/ptII11.1.devel/diva/canvas/event'
making clean in diva/canvas/interactor
make[4]: Entering directory '/home/travis/build/icyphy/ptII/adm/gen-11.1/src/ptII11.1.devel/diva/canvas/interactor'
rm -rf *.o *.so *~ *.bak ,* LOG* *.class *.jstmp config.cache config.log config.status manifest.tmp AbstractInteractor.class ActionInteractor.class BasicGrabHandle.class BasicGrabHandleFactory.class BasicSelectionModel.class BasicSelectionRenderer.class BoundedDragInteractor.class BoundsConstraint.class BoundsGeometry.class BoundsManipulator.class CircleGeometry.class CircleManipulator.class CompositeInteractor.class DragInteractor.class Geometry.class GrabHandle.class GrabHandleFactory.class Interactor.class Manipulator.class MoveHandle.class PathGeometry.class PathManipulator.class PointConstraint.class QuadrantConstraint.class SelectionDragger.class SelectionEvent.class SelectionInteractor.class SelectionListener.class SelectionModel.class SelectionRenderer.class ShapedFigure.class interactor.jar     interactor.jar 
rm -f core
make[4]: Leaving directory '/home/travis/build/icyphy/ptII/adm/gen-11.1/src/ptII11.1.devel/diva/canvas/interactor'
making clean in diva/canvas/toolbox
make[4]: Entering directory '/home/travis/build/icyphy/ptII/adm/gen-11.1/src/ptII11.1.devel/diva/canvas/toolbox'
rm -rf *.o *.so *~ *.bak ,* LOG* *.class *.jstmp config.cache config.log config.status manifest.tmp BasicCanvasPane.class BasicController.class BasicEllipse.class BasicFigure.class BasicHighlighter.class BasicRectangle.class GraphicsParser.class GridLayer.class IconFigure.class ImageFigure.class LabelFigure.class LabelWrapper.class PaintedFigure.class PathFigure.class RoundedRectangle.class SVGParser.class SVGUtilities.class SwingWrapper.class TypedDecorator.class VectorFigure.class toolbox.jar     toolbox.jar 
rm -f core
make[4]: Leaving directory '/home/travis/build/icyphy/ptII/adm/gen-11.1/src/ptII11.1.devel/diva/canvas/toolbox'
making clean in diva/canvas/test
make[4]: Entering directory '/home/travis/build/icyphy/ptII/adm/gen-11.1/src/ptII11.1.devel/diva/canvas/test'
rm -rf *.o *.so *~ *.bak ,* LOG* *.class *.jstmp config.cache config.log config.status manifest.tmp All.class ConcreteFigures.class FigureTest.class JCanvasTest.class       
rm -f core
make[4]: Leaving directory '/home/travis/build/icyphy/ptII/adm/gen-11.1/src/ptII11.1.devel/diva/canvas/test'
making clean in diva/canvas/tutorial
make[4]: Entering directory '/home/travis/build/icyphy/ptII/adm/gen-11.1/src/ptII11.1.devel/diva/canvas/tutorial'
rm -rf *.o *.so *~ *.bak ,* LOG* *.class *.jstmp config.cache config.log config.status manifest.tmp ArcTutorial.class CompositeFigureTutorial.class ConnectorTutorial.class DragTutorial.class FigureTutorial.class IconTutorial.class LabelTutorial.class ManipulatorTutorial.class SimpleTutorial.class TerminalTutorial.class TransformedFigureTutorial.class VectorFigureTutorial.class tutorial.jar     tutorial.jar 
rm -f core
make[4]: Leaving directory '/home/travis/build/icyphy/ptII/adm/gen-11.1/src/ptII11.1.devel/diva/canvas/tutorial'
make[3]: Leaving directory '/home/travis/build/icyphy/ptII/adm/gen-11.1/src/ptII11.1.devel/diva/canvas'
making clean in diva/graph
make[3]: Entering directory '/home/travis/build/icyphy/ptII/adm/gen-11.1/src/ptII11.1.devel/diva/graph'
rm -rf *.o *.so *~ *.bak ,* LOG* *.class *.jstmp config.cache config.log config.status manifest.tmp AbstractGraphController.class AbstractGraphModel.class BasicEdgeController.class BasicNodeController.class EdgeController.class EdgeCreator.class EdgeInteractor.class EdgeRenderer.class GraphController.class GraphEvent.class GraphException.class GraphListener.class GraphModel.class GraphPane.class GraphUtilities.class GraphViewEvent.class GraphViewListener.class JGraph.class MutableGraphModel.class NodeController.class NodeDragInteractor.class NodeInteractor.class NodeRenderer.class SimpleGraphController.class   graph.jar    
rm -f core
making clean in diva/graph/basic
make[4]: Entering directory '/home/travis/build/icyphy/ptII/adm/gen-11.1/src/ptII11.1.devel/diva/graph/basic'
rm -rf *.o *.so *~ *.bak ,* LOG* *.class *.jstmp config.cache config.log config.status manifest.tmp ArcRenderer.class BasicEdgeRenderer.class BasicGraphController.class BasicGraphDemo.class BasicGraphDemoApplet.class BasicGraphModel.class BasicLayoutTarget.class BasicNodeRenderer.class BubbleGraphController.class BubbleGraphDemo.class BubbleGraphDemoApplet.class BubblePane.class BubbleRenderer.class basic.jar     basic.jar 
rm -f core
make[4]: Leaving directory '/home/travis/build/icyphy/ptII/adm/gen-11.1/src/ptII11.1.devel/diva/graph/basic'
making clean in diva/graph/layout
make[4]: Entering directory '/home/travis/build/icyphy/ptII/adm/gen-11.1/src/ptII11.1.devel/diva/graph/layout'
rm -rf *.o *.so *~ *.bak ,* LOG* *.class *.jstmp config.cache config.log config.status manifest.tmp AbstractGlobalLayout.class GlobalLayout.class GridAnnealingLayout.class IncrLayoutAdapter.class IncrementalLayout.class IncrementalLayoutListener.class LayoutTarget.class LayoutUtilities.class LevelLayout.class ProxyIncrLayout.class RandomIncrLayout.class RandomLayout.class layout.jar     layout.jar 
rm -f core
make[4]: Leaving directory '/home/travis/build/icyphy/ptII/adm/gen-11.1/src/ptII11.1.devel/diva/graph/layout'
making clean in diva/graph/modular
make[4]: Entering directory '/home/travis/build/icyphy/ptII/adm/gen-11.1/src/ptII11.1.devel/diva/graph/modular'
rm -rf *.o *.so *~ *.bak ,* LOG* *.class *.jstmp config.cache config.log config.status manifest.tmp BasicModularGraphModel.class CompositeModel.class CompositeNode.class CompositeNodeModel.class Edge.class EdgeModel.class Graph.class ModularGraphModel.class MutableCompositeNodeModel.class MutableEdgeModel.class MutableModularGraphModel.class MutableNodeModel.class Node.class NodeModel.class modular.jar     modular.jar 
rm -f core
make[4]: Leaving directory '/home/travis/build/icyphy/ptII/adm/gen-11.1/src/ptII11.1.devel/diva/graph/modular'
making clean in diva/graph/toolbox
make[4]: Entering directory '/home/travis/build/icyphy/ptII/adm/gen-11.1/src/ptII11.1.devel/diva/graph/toolbox'
rm -rf *.o *.so *~ *.bak ,* LOG* *.class *.jstmp config.cache config.log config.status manifest.tmp DeletionListener.class GraphEventMulticaster.class GraphLogger.class StateBubble.class TypedNodeRenderer.class toolbox.jar     toolbox.jar 
rm -f core
make[4]: Leaving directory '/home/travis/build/icyphy/ptII/adm/gen-11.1/src/ptII11.1.devel/diva/graph/toolbox'
making clean in diva/graph/test
make[4]: Entering directory '/home/travis/build/icyphy/ptII/adm/gen-11.1/src/ptII11.1.devel/diva/graph/test'
rm -rf *.o *.so *~ *.bak ,* LOG* *.class *.jstmp config.cache config.log config.status manifest.tmp All.class BasicGraphModelTest.class       
rm -f core
make[4]: Leaving directory '/home/travis/build/icyphy/ptII/adm/gen-11.1/src/ptII11.1.devel/diva/graph/test'
making clean in diva/graph/tutorial
make[4]: Entering directory '/home/travis/build/icyphy/ptII/adm/gen-11.1/src/ptII11.1.devel/diva/graph/tutorial'
rm -rf *.o *.so *~ *.bak ,* LOG* *.class *.jstmp config.cache config.log config.status manifest.tmp EditorTutorial.class NestedTutorial.class NodeRendererTutorial.class PrepopulatedTutorial.class SimpleTutorial.class tutorial.jar     tutorial.jar 
rm -f core
make[4]: Leaving directory '/home/travis/build/icyphy/ptII/adm/gen-11.1/src/ptII11.1.devel/diva/graph/tutorial'
make[3]: Leaving directory '/home/travis/build/icyphy/ptII/adm/gen-11.1/src/ptII11.1.devel/diva/graph'
making clean in diva/gui
make[3]: Entering directory '/home/travis/build/icyphy/ptII/adm/gen-11.1/src/ptII11.1.devel/diva/gui'
rm -rf *.o *.so *~ *.bak ,* LOG* *.class *.jstmp config.cache config.log config.status manifest.tmp AbstractDocument.class AbstractStoragePolicy.class AbstractView.class AppContext.class AppContextDelegate.class AppletContext.class Application.class ApplicationContext.class ApplicationExceptionHandler.class ApplicationResources.class BasicFrame.class BasicPage.class BasicStoragePolicy.class ContextView.class DefaultActions.class DefaultStoragePolicy.class DesktopContext.class Document.class DocumentFactory.class GUIUtilities.class MDIContext.class MultipageDocument.class MultipageModel.class MultipageParser.class MultipageWriter.class Page.class StoragePolicy.class View.class ViewAdapter.class ViewEvent.class ViewListener.class   gui.jar    
rm -f core
making clean in diva/gui/toolbox
make[4]: Entering directory '/home/travis/build/icyphy/ptII/adm/gen-11.1/src/ptII11.1.devel/diva/gui/toolbox'
rm -rf *.o *.so *~ *.bak ,* LOG* *.class *.jstmp config.cache config.log config.status manifest.tmp FigureIcon.class FocusMouseListener.class JCanvasPalette.class JCanvasPanner.class JContextMenu.class JPalette.class JPanner.class JPseudoFrame.class JShadePane.class JStatusBar.class JTreePane.class ListDataModel.class MenuCreator.class MenuFactory.class toolbox.jar     toolbox.jar 
rm -f core
make[4]: Leaving directory '/home/travis/build/icyphy/ptII/adm/gen-11.1/src/ptII11.1.devel/diva/gui/toolbox'
making clean in diva/gui/tutorial
make[4]: Entering directory '/home/travis/build/icyphy/ptII/adm/gen-11.1/src/ptII11.1.devel/diva/gui/tutorial'
rm -rf *.o *.so *~ *.bak ,* LOG* *.class *.jstmp config.cache config.log config.status manifest.tmp AbstractApplication.class MDIApplication.class TextDocument.class TextView.class AppletTutorial.class ApplicationTutorial.class MDIApplicationTutorial.class tutorial.jar     tutorial.jar 
rm -f core
make[4]: Leaving directory '/home/travis/build/icyphy/ptII/adm/gen-11.1/src/ptII11.1.devel/diva/gui/tutorial'
make[3]: Leaving directory '/home/travis/build/icyphy/ptII/adm/gen-11.1/src/ptII11.1.devel/diva/gui'
making clean in diva/resource
make[3]: Entering directory '/home/travis/build/icyphy/ptII/adm/gen-11.1/src/ptII11.1.devel/diva/resource'
rm -rf *.o *.so *~ *.bak ,* LOG* *.class *.jstmp config.cache config.log config.status manifest.tmp DefaultBundle.class RelativeBundle.class resource.jar     resource.jar 
rm -f core
make[3]: Leaving directory '/home/travis/build/icyphy/ptII/adm/gen-11.1/src/ptII11.1.devel/diva/resource'
making clean in diva/util
make[3]: Entering directory '/home/travis/build/icyphy/ptII/adm/gen-11.1/src/ptII11.1.devel/diva/util'
rm -rf *.o *.so *~ *.bak ,* LOG* *.class *.jstmp config.cache config.log config.status manifest.tmp ArrayIterator.class BasicPropertyContainer.class CompoundIterator.class Filter.class FilteredArrayIterator.class FilteredIterator.class IteratorAdapter.class IteratorIterator.class IteratorUtilities.class LoggableOp.class ModelParser.class ModelWriter.class NullArrayIterator.class NullIterator.class PropertyChangeMulticaster.class PropertyContainer.class ProxyIterator.class ReverseIterator.class SemanticObjectContainer.class UnitIterator.class UserObjectContainer.class   util.jar    
rm -f core
making clean in diva/util/java2d
make[4]: Entering directory '/home/travis/build/icyphy/ptII/adm/gen-11.1/src/ptII11.1.devel/diva/util/java2d'
rm -rf *.o *.so *~ *.bak ,* LOG* *.class *.jstmp config.cache config.log config.status manifest.tmp AbstractPaintedGraphic.class PaintedGraphic.class PaintedImage.class PaintedList.class PaintedObject.class PaintedPath.class PaintedShape.class PaintedString.class Polygon2D.class PolygonIterator.class Polyline2D.class PolylineIterator.class ShapeUtilities.class java2d.jar     java2d.jar 
rm -f core
making clean in diva/util/java2d/test
make[5]: Entering directory '/home/travis/build/icyphy/ptII/adm/gen-11.1/src/ptII11.1.devel/diva/util/java2d/test'
rm -rf *.o *.so *~ *.bak ,* LOG* *.class *.jstmp config.cache config.log config.status manifest.tmp        
rm -f core
making clean in diva/util/java2d/test/junit
make[6]: Entering directory '/home/travis/build/icyphy/ptII/adm/gen-11.1/src/ptII11.1.devel/diva/util/java2d/test/junit'
rm -rf *.o *.so *~ *.bak ,* LOG* *.class *.jstmp config.cache config.log config.status manifest.tmp Polygon2DJUnitTest.class       
rm -f core
make[6]: Leaving directory '/home/travis/build/icyphy/ptII/adm/gen-11.1/src/ptII11.1.devel/diva/util/java2d/test/junit'
make[5]: Leaving directory '/home/travis/build/icyphy/ptII/adm/gen-11.1/src/ptII11.1.devel/diva/util/java2d/test'
make[4]: Leaving directory '/home/travis/build/icyphy/ptII/adm/gen-11.1/src/ptII11.1.devel/diva/util/java2d'
making clean in diva/util/xml
make[4]: Entering directory '/home/travis/build/icyphy/ptII/adm/gen-11.1/src/ptII11.1.devel/diva/util/xml'
rm -rf *.o *.so *~ *.bak ,* LOG* *.class *.jstmp config.cache config.log config.status manifest.tmp AbstractXmlBuilder.class CompositeBuilder.class XmlBuilder.class XmlDemo.class XmlDocument.class XmlElement.class XmlReader.class XmlUtilities.class XmlWriter.class xml.jar     xml.jar 
rm -f core
make[4]: Leaving directory '/home/travis/build/icyphy/ptII/adm/gen-11.1/src/ptII11.1.devel/diva/util/xml'
making clean in diva/util/jester
make[4]: Entering directory '/home/travis/build/icyphy/ptII/adm/gen-11.1/src/ptII11.1.devel/diva/util/jester'
rm -rf *.o *.so *~ *.bak ,* LOG* *.class *.jstmp config.cache config.log config.status manifest.tmp EventPlayer.class EventRecorder.class TestCase.class TestFailedException.class TestHarness.class TestSuite.class TestUtilities.class jester.jar     jester.jar 
rm -f core
make[4]: Leaving directory '/home/travis/build/icyphy/ptII/adm/gen-11.1/src/ptII11.1.devel/diva/util/jester'
making clean in diva/util/test
make[4]: Entering directory '/home/travis/build/icyphy/ptII/adm/gen-11.1/src/ptII11.1.devel/diva/util/test'
rm -rf *.o *.so *~ *.bak ,* LOG* *.class *.jstmp config.cache config.log config.status manifest.tmp All.class ShapeUtilitiesTest.class XMLElementTest.class XMLParserTest.class       
rm -f core
make[4]: Leaving directory '/home/travis/build/icyphy/ptII/adm/gen-11.1/src/ptII11.1.devel/diva/util/test'
make[3]: Leaving directory '/home/travis/build/icyphy/ptII/adm/gen-11.1/src/ptII11.1.devel/diva/util'
make[2]: Leaving directory '/home/travis/build/icyphy/ptII/adm/gen-11.1/src/ptII11.1.devel/diva'
making clean in ./edu
make[2]: Entering directory '/home/travis/build/icyphy/ptII/adm/gen-11.1/src/ptII11.1.devel/edu'
rm -rf *.o *.so *~ *.bak ,* LOG* *.class *.jstmp config.cache config.log config.status manifest.tmp        
rm -f core
making clean in edu/umich
make[3]: Entering directory '/home/travis/build/icyphy/ptII/adm/gen-11.1/src/ptII11.1.devel/edu/umich'
rm -rf *.o *.so *~ *.bak ,* LOG* *.class *.jstmp config.cache config.log config.status manifest.tmp        
rm -f core
making clean in edu/umich/eecs
make[4]: Entering directory '/home/travis/build/icyphy/ptII/adm/gen-11.1/src/ptII11.1.devel/edu/umich/eecs'
rm -rf *.o *.so *~ *.bak ,* LOG* *.class *.jstmp config.cache config.log config.status manifest.tmp        
rm -f core
making clean in edu/umich/eecs/april
make[5]: Entering directory '/home/travis/build/icyphy/ptII/adm/gen-11.1/src/ptII11.1.devel/edu/umich/eecs/april'
rm -rf *.o *.so *~ *.bak ,* LOG* *.class *.jstmp config.cache config.log config.status manifest.tmp    april.jar    
rm -f core
making clean in edu/umich/eecs/april/image
make[6]: Entering directory '/home/travis/build/icyphy/ptII/adm/gen-11.1/src/ptII11.1.devel/edu/umich/eecs/april/image'
rm -rf *.o *.so *~ *.bak ,* LOG* *.class *.jstmp config.cache config.log config.status manifest.tmp AprilTagFilter.class FloatImage.class Homography33b.class SigProc.class image.jar     image.jar 
rm -f core
make[6]: Leaving directory '/home/travis/build/icyphy/ptII/adm/gen-11.1/src/ptII11.1.devel/edu/umich/eecs/april/image'
making clean in edu/umich/eecs/april/jmat
make[6]: Entering directory '/home/travis/build/icyphy/ptII/adm/gen-11.1/src/ptII11.1.devel/edu/umich/eecs/april/jmat'
rm -rf *.o *.so *~ *.bak ,* LOG* *.class *.jstmp config.cache config.log config.status manifest.tmp CSRVec.class DenseVec.class LUDecomposition.class LinAlg.class MathUtil.class Matrix.class Permutation.class SingularValueDecomposition.class Vec.class   jmat.jar    
rm -f core
making clean in edu/umich/eecs/april/jmat/geom
make[7]: Entering directory '/home/travis/build/icyphy/ptII/adm/gen-11.1/src/ptII11.1.devel/edu/umich/eecs/april/jmat/geom'
rm -rf *.o *.so *~ *.bak ,* LOG* *.class *.jstmp config.cache config.log config.status manifest.tmp GLine2D.class GLineSegment2D.class geom.jar     geom.jar 
rm -f core
make[7]: Leaving directory '/home/travis/build/icyphy/ptII/adm/gen-11.1/src/ptII11.1.devel/edu/umich/eecs/april/jmat/geom'
make[6]: Leaving directory '/home/travis/build/icyphy/ptII/adm/gen-11.1/src/ptII11.1.devel/edu/umich/eecs/april/jmat'
making clean in edu/umich/eecs/april/tag
make[6]: Entering directory '/home/travis/build/icyphy/ptII/adm/gen-11.1/src/ptII11.1.devel/edu/umich/eecs/april/tag'
rm -rf *.o *.so *~ *.bak ,* LOG* *.class *.jstmp config.cache config.log config.status manifest.tmp Tag16h5.class Tag25h7.class Tag25h9.class Tag36h10.class Tag36h11.class Tag36h9.class TagDetection.class TagFamily.class tag.jar     tag.jar 
rm -f core
make[6]: Leaving directory '/home/travis/build/icyphy/ptII/adm/gen-11.1/src/ptII11.1.devel/edu/umich/eecs/april/tag'
making clean in edu/umich/eecs/april/util
make[6]: Entering directory '/home/travis/build/icyphy/ptII/adm/gen-11.1/src/ptII11.1.devel/edu/umich/eecs/april/util'
rm -rf *.o *.so *~ *.bak ,* LOG* *.class *.jstmp config.cache config.log config.status manifest.tmp Gridder.class Normalize2D.class ReflectUtil.class Tic.class UnionFindSimple.class util.jar     util.jar 
rm -f core
make[6]: Leaving directory '/home/travis/build/icyphy/ptII/adm/gen-11.1/src/ptII11.1.devel/edu/umich/eecs/april/util'
make[5]: Leaving directory '/home/travis/build/icyphy/ptII/adm/gen-11.1/src/ptII11.1.devel/edu/umich/eecs/april'
make[4]: Leaving directory '/home/travis/build/icyphy/ptII/adm/gen-11.1/src/ptII11.1.devel/edu/umich/eecs'
make[3]: Leaving directory '/home/travis/build/icyphy/ptII/adm/gen-11.1/src/ptII11.1.devel/edu/umich'
make[2]: Leaving directory '/home/travis/build/icyphy/ptII/adm/gen-11.1/src/ptII11.1.devel/edu'
making clean in ./net
make[2]: Entering directory '/home/travis/build/icyphy/ptII/adm/gen-11.1/src/ptII11.1.devel/net'
rm -rf *.o *.so *~ *.bak ,* LOG* *.class *.jstmp config.cache config.log config.status manifest.tmp        
rm -f core
making clean in net/jimblackler
make[3]: Entering directory '/home/travis/build/icyphy/ptII/adm/gen-11.1/src/ptII11.1.devel/net/jimblackler'
rm -rf *.o *.so *~ *.bak ,* LOG* *.class *.jstmp config.cache config.log config.status manifest.tmp        
rm -f core
making clean in jimblackler/Utils
make[4]: Entering directory '/home/travis/build/icyphy/ptII/adm/gen-11.1/src/ptII11.1.devel/net/jimblackler/Utils'
rm -rf *.o *.so *~ *.bak ,* LOG* *.class *.jstmp config.cache config.log config.status manifest.tmp CollectionAbortedException.class Collector.class ReferenceYieldAdapter.class ResultHandler.class ThreadedYieldAdapter.class YieldAdapter.class YieldAdapterIterable.class YieldAdapterIterator.class Utils.jar     Utils.jar 
rm -f core
make[4]: Leaving directory '/home/travis/build/icyphy/ptII/adm/gen-11.1/src/ptII11.1.devel/net/jimblackler/Utils'
make[3]: Leaving directory '/home/travis/build/icyphy/ptII/adm/gen-11.1/src/ptII11.1.devel/net/jimblackler'
make[2]: Leaving directory '/home/travis/build/icyphy/ptII/adm/gen-11.1/src/ptII11.1.devel/net'
making clean in ./org
make[2]: Entering directory '/home/travis/build/icyphy/ptII/adm/gen-11.1/src/ptII11.1.devel/org'
rm -rf *.o *.so *~ *.bak ,* LOG* *.class *.jstmp config.cache config.log config.status manifest.tmp        
rm -f core
making clean in org/mlc
make[3]: Entering directory '/home/travis/build/icyphy/ptII/adm/gen-11.1/src/ptII11.1.devel/org/mlc'
rm -rf *.o *.so *~ *.bak ,* LOG* *.class *.jstmp config.cache config.log config.status manifest.tmp    mlc.jar    
rm -f core
making clean in org/mlc/swing
make[4]: Entering directory '/home/travis/build/icyphy/ptII/adm/gen-11.1/src/ptII11.1.devel/org/mlc/swing'
rm -rf *.o *.so *~ *.bak ,* LOG* *.class *.jstmp config.cache config.log config.status manifest.tmp    swing.jar    
rm -f core
making clean in org/mlc/swing/example
make[5]: Entering directory '/home/travis/build/icyphy/ptII/adm/gen-11.1/src/ptII11.1.devel/org/mlc/swing/example'
rm -rf *.o *.so *~ *.bak ,* LOG* *.class *.jstmp config.cache config.log config.status manifest.tmp CustomerPanel.class ExamplePanel.class example.jar     example.jar 
rm -f core
make[5]: Leaving directory '/home/travis/build/icyphy/ptII/adm/gen-11.1/src/ptII11.1.devel/org/mlc/swing/example'
making clean in org/mlc/swing/layout
make[5]: Entering directory '/home/travis/build/icyphy/ptII/adm/gen-11.1/src/ptII11.1.devel/org/mlc/swing/layout'
rm -rf *.o *.so *~ *.bak ,* LOG* *.class *.jstmp config.cache config.log config.status manifest.tmp BeanProperty.class ButtonBarComponentBuilder.class ComponentBuilder.class ComponentDef.class ContainerLayout.class DefaultComponentBuilder.class DnDTable.class DndList.class FormDebugPanel.class FormEditor.class JListComponentBuilder.class JTableComponentBuilder.class JToolBarComponentBuilder.class JTreeComponentBuilder.class LayoutConstraintsManager.class LayoutFrame.class MultiContainerFrame.class NewComponentDialog.class SeparatorComponentBuilder.class TransferableWrapper.class UserPrefs.class layout.jar     layout.jar 
rm -f core
make[5]: Leaving directory '/home/travis/build/icyphy/ptII/adm/gen-11.1/src/ptII11.1.devel/org/mlc/swing/layout'
make[4]: Leaving directory '/home/travis/build/icyphy/ptII/adm/gen-11.1/src/ptII11.1.devel/org/mlc/swing'
make[3]: Leaving directory '/home/travis/build/icyphy/ptII/adm/gen-11.1/src/ptII11.1.devel/org/mlc'
making clean in org/json
make[3]: Entering directory '/home/travis/build/icyphy/ptII/adm/gen-11.1/src/ptII11.1.devel/org/json'
rm -rf *.o *.so *~ *.bak ,* LOG* *.class *.jstmp config.cache config.log config.status manifest.tmp CDL.class Cookie.class CookieList.class HTTP.class HTTPTokener.class JSONArray.class JSONException.class JSONML.class JSONObject.class JSONString.class JSONStringer.class JSONTokener.class JSONWriter.class Test.class XML.class XMLTokener.class json.jar     json.jar 
rm -f core
make[3]: Leaving directory '/home/travis/build/icyphy/ptII/adm/gen-11.1/src/ptII11.1.devel/org/json'
making clean in org/ptolemy
make[3]: Entering directory '/home/travis/build/icyphy/ptII/adm/gen-11.1/src/ptII11.1.devel/org/ptolemy'
rm -rf *.o *.so *~ *.bak ,* LOG* *.class *.jstmp config.cache config.log config.status manifest.tmp    ptolemy.jar    
rm -f core
making clean in org.ptolemy/classloading
make[4]: Entering directory '/home/travis/build/icyphy/ptII/adm/gen-11.1/src/ptII11.1.devel/org/ptolemy/classloading'
rm -rf *.o *.so *~ *.bak ,* LOG* *.class *.jstmp config.cache config.log config.status manifest.tmp ActorOrientedClassProvider.class ClassLoadingStrategy.class ModelElementClassProvider.class SimpleClassLoadingStrategy.class   classloading.jar    
rm -f core
making clean in org/ptolemy/classloading/osgi
make[5]: Entering directory '/home/travis/build/icyphy/ptII/adm/gen-11.1/src/ptII11.1.devel/org/ptolemy/classloading/osgi'
rm -rf *.o *.so *~ *.bak ,* LOG* *.class *.jstmp config.cache config.log config.status manifest.tmp DefaultModelElementClassProvider.class OSGiClassLoadingStrategy.class PackageBasedModelElementClassProvider.class osgi.jar     osgi.jar 
rm -f core
make[5]: Leaving directory '/home/travis/build/icyphy/ptII/adm/gen-11.1/src/ptII11.1.devel/org/ptolemy/classloading/osgi'
make[4]: Leaving directory '/home/travis/build/icyphy/ptII/adm/gen-11.1/src/ptII11.1.devel/org/ptolemy/classloading'
making clean in org.ptolemy/commons
make[4]: Entering directory '/home/travis/build/icyphy/ptII/adm/gen-11.1/src/ptII11.1.devel/org/ptolemy/commons'
rm -rf *.o *.so *~ *.bak ,* LOG* *.class *.jstmp config.cache config.log config.status manifest.tmp FutureValue.class ThreeDigitVersionSpecification.class VersionSpecification.class commons.jar     commons.jar 
rm -f core
make[4]: Leaving directory '/home/travis/build/icyphy/ptII/adm/gen-11.1/src/ptII11.1.devel/org/ptolemy/commons'
making clean in org.ptolemy/faultModels
make[4]: Entering directory '/home/travis/build/icyphy/ptII/adm/gen-11.1/src/ptII11.1.devel/org/ptolemy/faultModels'
rm -rf *.o *.so *~ *.bak ,* LOG* *.class *.jstmp config.cache config.log config.status manifest.tmp PacketDropFaultGenerator.class StuckAtFaultGenerator.class faultModels.jar     faultModels.jar 
rm -f core
make[4]: Leaving directory '/home/travis/build/icyphy/ptII/adm/gen-11.1/src/ptII11.1.devel/org/ptolemy/faultModels'
making clean in org.ptolemy/fmi
make[4]: Entering directory '/home/travis/build/icyphy/ptII/adm/gen-11.1/src/ptII11.1.devel/org/ptolemy/fmi'
rm -rf *.o *.so *~ *.bak ,* LOG* *.class *.jstmp config.cache config.log config.status manifest.tmp FMI20CallbackFunctions.class FMI20ContinuousStateDerivative.class FMI20CoSimulationCapabilities.class FMI20ModelExchangeCapabilities.class FMI20ModelInstance.class FMI20Output.class FMICallbackFunctions.class FMICapabilities.class FMICoSimulationCapabilities.class FMIEventInfo.class FMI20EventInfo.class FMILibrary.class FMIModelDescription.class FMIScalarVariable.class FMUBuilder.class FMUFile.class FMULibrary.class FMULog.class FMULogUtilities.class NativeSizeT.class   fmi.jar  jfmi2.0.0.tar.gz jfmi2.0.0.zip  
rm -f core
making clean in org/ptolemy/fmi/driver
make[5]: Entering directory '/home/travis/build/icyphy/ptII/adm/gen-11.1/src/ptII11.1.devel/org/ptolemy/fmi/driver'
rm -rf *.o *.so *~ *.bak ,* LOG* *.class *.jstmp config.cache config.log config.status manifest.tmp FMUCoSimulation.class FMUDriver.class FMUModelExchange.class OutputRow.class driver.jar     driver.jar 
rm -f core
making clean in org/ptolemy/fmi/driver/test
make[6]: Entering directory '/home/travis/build/icyphy/ptII/adm/gen-11.1/src/ptII11.1.devel/org/ptolemy/fmi/driver/test'
rm -rf *.o *.so *~ *.bak ,* LOG* *.class *.jstmp config.cache config.log config.status manifest.tmp        
rm -f core
make[6]: Leaving directory '/home/travis/build/icyphy/ptII/adm/gen-11.1/src/ptII11.1.devel/org/ptolemy/fmi/driver/test'
make[5]: Leaving directory '/home/travis/build/icyphy/ptII/adm/gen-11.1/src/ptII11.1.devel/org/ptolemy/fmi/driver'
making clean in org/ptolemy/fmi/type
make[5]: Entering directory '/home/travis/build/icyphy/ptII/adm/gen-11.1/src/ptII11.1.devel/org/ptolemy/fmi/type'
rm -rf *.o *.so *~ *.bak ,* LOG* *.class *.jstmp config.cache config.log config.status manifest.tmp FMIBooleanType.class FMIIntegerType.class FMIRealType.class FMIStringType.class FMIType.class type.jar     type.jar 
rm -f core
make[5]: Leaving directory '/home/travis/build/icyphy/ptII/adm/gen-11.1/src/ptII11.1.devel/org/ptolemy/fmi/type'
make[4]: Leaving directory '/home/travis/build/icyphy/ptII/adm/gen-11.1/src/ptII11.1.devel/org/ptolemy/fmi'
making clean in org.ptolemy/machineImprovisation
make[4]: Entering directory '/home/travis/build/icyphy/ptII/adm/gen-11.1/src/ptII11.1.devel/org/ptolemy/machineImprovisation'
rm -rf *.o *.so *~ *.bak ,* LOG* *.class *.jstmp config.cache config.log config.status manifest.tmp Chord.class ChordFollower.class ChordParser.class FactorOracle.class FactorOracleGenerator.class FactorOracleTop.class MidiKeyToNote.class MusicSpecs.class Note.class NoteParser.class NoteToMidiKey.class OracleModel.class machineImprovisation.jar     machineImprovisation.jar 
rm -f core
making clean in org/ptolemy/machineImprovisation/demo
make[5]: Entering directory '/home/travis/build/icyphy/ptII/adm/gen-11.1/src/ptII11.1.devel/org/ptolemy/machineImprovisation/demo'
rm -rf *.o *.so *~ *.bak ,* LOG* *.class *.jstmp config.cache config.log config.status manifest.tmp    demo.jar    
rm -f core
making clean in org/ptolemy/machineImprovisation/demo/JazzImprovisation
make[6]: Entering directory '/home/travis/build/icyphy/ptII/adm/gen-11.1/src/ptII11.1.devel/org/ptolemy/machineImprovisation/demo/JazzImprovisation'
rm -rf *.o *.so *~ *.bak ,* LOG* *.class *.jstmp config.cache config.log config.status manifest.tmp  JazzImprovisation.jar     JazzImprovisation.jar *.jar
rm -f core
make[6]: Leaving directory '/home/travis/build/icyphy/ptII/adm/gen-11.1/src/ptII11.1.devel/org/ptolemy/machineImprovisation/demo/JazzImprovisation'
make[5]: Leaving directory '/home/travis/build/icyphy/ptII/adm/gen-11.1/src/ptII11.1.devel/org/ptolemy/machineImprovisation/demo'
make[4]: Leaving directory '/home/travis/build/icyphy/ptII/adm/gen-11.1/src/ptII11.1.devel/org/ptolemy/machineImprovisation'
making clean in org.ptolemy/machineLearning
make[4]: Entering directory '/home/travis/build/icyphy/ptII/adm/gen-11.1/src/ptII11.1.devel/org/ptolemy/machineLearning'
rm -rf *.o *.so *~ *.bak ,* LOG* *.class *.jstmp config.cache config.log config.status manifest.tmp Algorithms.class   machineLearning.jar    
rm -f core
making clean in org/ptolemy/machineLearning/clustering
make[5]: Entering directory '/home/travis/build/icyphy/ptII/adm/gen-11.1/src/ptII11.1.devel/org/ptolemy/machineLearning/clustering'
rm -rf *.o *.so *~ *.bak ,* LOG* *.class *.jstmp config.cache config.log config.status manifest.tmp KMeans.class clustering.jar     clustering.jar 
rm -f core
making clean in org/ptolemy/machineLearning/clustering/demo
make[6]: Entering directory '/home/travis/build/icyphy/ptII/adm/gen-11.1/src/ptII11.1.devel/org/ptolemy/machineLearning/clustering/demo'
rm -rf *.o *.so *~ *.bak ,* LOG* *.class *.jstmp config.cache config.log config.status manifest.tmp     demo.jar   *.jar
rm -f core
making clean in org/ptolemy/machineLearning/clustering/demo/KMeans
make[7]: Entering directory '/home/travis/build/icyphy/ptII/adm/gen-11.1/src/ptII11.1.devel/org/ptolemy/machineLearning/clustering/demo/KMeans'
rm -rf *.o *.so *~ *.bak ,* LOG* *.class *.jstmp config.cache config.log config.status manifest.tmp  KMeans.jar     KMeans.jar *.jar
rm -f core
make[7]: Leaving directory '/home/travis/build/icyphy/ptII/adm/gen-11.1/src/ptII11.1.devel/org/ptolemy/machineLearning/clustering/demo/KMeans'
make[6]: Leaving directory '/home/travis/build/icyphy/ptII/adm/gen-11.1/src/ptII11.1.devel/org/ptolemy/machineLearning/clustering/demo'
making clean in org/ptolemy/machineLearning/clustering/test
make[6]: Entering directory '/home/travis/build/icyphy/ptII/adm/gen-11.1/src/ptII11.1.devel/org/ptolemy/machineLearning/clustering/test'
rm -rf *.o *.so *~ *.bak ,* LOG* *.class *.jstmp config.cache config.log config.status manifest.tmp        
rm -f core
make[6]: Leaving directory '/home/travis/build/icyphy/ptII/adm/gen-11.1/src/ptII11.1.devel/org/ptolemy/machineLearning/clustering/test'
make[5]: Leaving directory '/home/travis/build/icyphy/ptII/adm/gen-11.1/src/ptII11.1.devel/org/ptolemy/machineLearning/clustering'
making clean in org/ptolemy/machineLearning/hmm
make[5]: Entering directory '/home/travis/build/icyphy/ptII/adm/gen-11.1/src/ptII11.1.devel/org/ptolemy/machineLearning/hmm'
rm -rf *.o *.so *~ *.bak ,* LOG* *.class *.jstmp config.cache config.log config.status manifest.tmp HMMExponentialClassifier.class HMMExponentialEstimator.class HMMGaussianClassifier.class HMMGaussianEstimator.class HMMMultinomialClassifier.class HMMMultinomialEstimator.class ObservationClassifier.class ParameterEstimator.class hmm.jar     hmm.jar 
rm -f core
making clean in org/ptolemy/machineLearning/hmm/demo
make[6]: Entering directory '/home/travis/build/icyphy/ptII/adm/gen-11.1/src/ptII11.1.devel/org/ptolemy/machineLearning/hmm/demo'
rm -rf *.o *.so *~ *.bak ,* LOG* *.class *.jstmp config.cache config.log config.status manifest.tmp     demo.jar   *.jar
rm -f core
making clean in org/ptolemy/machineLearning/hmm/demo/CommunicationAnomalyDetectionAOM
make[7]: Entering directory '/home/travis/build/icyphy/ptII/adm/gen-11.1/src/ptII11.1.devel/org/ptolemy/machineLearning/hmm/demo/CommunicationAnomalyDetectionAOM'
rm -rf *.o *.so *~ *.bak ,* LOG* *.class *.jstmp config.cache config.log config.status manifest.tmp  CommunicationAnomalyDetectionAOM.jar     CommunicationAnomalyDetectionAOM.jar *.jar
rm -f core
make[7]: Leaving directory '/home/travis/build/icyphy/ptII/adm/gen-11.1/src/ptII11.1.devel/org/ptolemy/machineLearning/hmm/demo/CommunicationAnomalyDetectionAOM'
making clean in org/ptolemy/machineLearning/hmm/demo/CommunicationAnomalyDetectionCQM
make[7]: Entering directory '/home/travis/build/icyphy/ptII/adm/gen-11.1/src/ptII11.1.devel/org/ptolemy/machineLearning/hmm/demo/CommunicationAnomalyDetectionCQM'
rm -rf *.o *.so *~ *.bak ,* LOG* *.class *.jstmp config.cache config.log config.status manifest.tmp  CommunicationAnomalyDetectionCQM.jar     CommunicationAnomalyDetectionCQM.jar *.jar
rm -f core
make[7]: Leaving directory '/home/travis/build/icyphy/ptII/adm/gen-11.1/src/ptII11.1.devel/org/ptolemy/machineLearning/hmm/demo/CommunicationAnomalyDetectionCQM'
make[6]: Leaving directory '/home/travis/build/icyphy/ptII/adm/gen-11.1/src/ptII11.1.devel/org/ptolemy/machineLearning/hmm/demo'
making clean in org/ptolemy/machineLearning/hmm/test
make[6]: Entering directory '/home/travis/build/icyphy/ptII/adm/gen-11.1/src/ptII11.1.devel/org/ptolemy/machineLearning/hmm/test'
rm -rf *.o *.so *~ *.bak ,* LOG* *.class *.jstmp config.cache config.log config.status manifest.tmp        
rm -f core
make[6]: Leaving directory '/home/travis/build/icyphy/ptII/adm/gen-11.1/src/ptII11.1.devel/org/ptolemy/machineLearning/hmm/test'
make[5]: Leaving directory '/home/travis/build/icyphy/ptII/adm/gen-11.1/src/ptII11.1.devel/org/ptolemy/machineLearning/hmm'
making clean in org/ptolemy/machineLearning/hmmAOM
make[5]: Entering directory '/home/travis/build/icyphy/ptII/adm/gen-11.1/src/ptII11.1.devel/org/ptolemy/machineLearning/hmmAOM'
rm -rf *.o *.so *~ *.bak ,* LOG* *.class *.jstmp config.cache config.log config.status manifest.tmp HMMGaussianEstimator.class ParameterEstimator.class hmmAOM.jar     hmmAOM.jar 
rm -f core
make[5]: Leaving directory '/home/travis/build/icyphy/ptII/adm/gen-11.1/src/ptII11.1.devel/org/ptolemy/machineLearning/hmmAOM'
making clean in org/ptolemy/machineLearning/hsmm
make[5]: Entering directory '/home/travis/build/icyphy/ptII/adm/gen-11.1/src/ptII11.1.devel/org/ptolemy/machineLearning/hsmm'
rm -rf *.o *.so *~ *.bak ,* LOG* *.class *.jstmp config.cache config.log config.status manifest.tmp HSMMGaussianEstimator.class HSMMGenerator.class HSMMGeneratorGaussianEmissions.class HSMMGeneratorMultinomialEmissions.class HSMMMultinomialEstimator.class HSMMParameterEstimator.class HSMMTimeAwareGenerator.class HSMMTimeAwareMultinomialEstimator.class HSMMTimeAwareMultinomialEstimatorWithCodegen.class hsmm.jar     hsmm.jar 
rm -f core
make[5]: Leaving directory '/home/travis/build/icyphy/ptII/adm/gen-11.1/src/ptII11.1.devel/org/ptolemy/machineLearning/hsmm'
making clean in org/ptolemy/machineLearning/lib
make[5]: Entering directory '/home/travis/build/icyphy/ptII/adm/gen-11.1/src/ptII11.1.devel/org/ptolemy/machineLearning/lib'
rm -rf *.o *.so *~ *.bak ,* LOG* *.class *.jstmp config.cache config.log config.status manifest.tmp AFTEDiscriminant.class AFTEFast.class lib.jar     lib.jar 
rm -f core
make[5]: Leaving directory '/home/travis/build/icyphy/ptII/adm/gen-11.1/src/ptII11.1.devel/org/ptolemy/machineLearning/lib'
making clean in org/ptolemy/machineLearning/particleFilter
make[5]: Entering directory '/home/travis/build/icyphy/ptII/adm/gen-11.1/src/ptII11.1.devel/org/ptolemy/machineLearning/particleFilter'
rm -rf *.o *.so *~ *.bak ,* LOG* *.class *.jstmp config.cache config.log config.status manifest.tmp AbstractParticleFilter.class AbstractPredictor.class AbstractStateSpaceSimulator.class AbstractUnscentedKalmanFilter.class ConstraintsCalculator.class ConvertParticlesToCovarianceMatrix.class MutualInformationCalculator.class Optimizer.class ParticleFilter.class ParticleFilterRange.class Particle.class ParticleMutualInformation.class particleFilter.jar     particleFilter.jar 
rm -f core
making clean in org/ptolemy/machineLearning/particleFilter/demo
make[6]: Entering directory '/home/travis/build/icyphy/ptII/adm/gen-11.1/src/ptII11.1.devel/org/ptolemy/machineLearning/particleFilter/demo'
rm -rf *.o *.so *~ *.bak ,* LOG* *.class *.jstmp config.cache config.log config.status manifest.tmp     demo.jar   *.jar
rm -f core
making clean in org/ptolemy/machineLearning/particleFilter/demo/MultiRobotIntruderTracking
make[7]: Entering directory '/home/travis/build/icyphy/ptII/adm/gen-11.1/src/ptII11.1.devel/org/ptolemy/machineLearning/particleFilter/demo/MultiRobotIntruderTracking'
rm -rf *.o *.so *~ *.bak ,* LOG* *.class *.jstmp config.cache config.log config.status manifest.tmp  MultiRobotIntruderTracking.jar     MultiRobotIntruderTracking.jar 
rm -f core
make[7]: Leaving directory '/home/travis/build/icyphy/ptII/adm/gen-11.1/src/ptII11.1.devel/org/ptolemy/machineLearning/particleFilter/demo/MultiRobotIntruderTracking'
making clean in org/ptolemy/machineLearning/particleFilter/demo/OnlineTrajectoryOptimization
make[7]: Entering directory '/home/travis/build/icyphy/ptII/adm/gen-11.1/src/ptII11.1.devel/org/ptolemy/machineLearning/particleFilter/demo/OnlineTrajectoryOptimization'
rm -rf *.o *.so *~ *.bak ,* LOG* *.class *.jstmp config.cache config.log config.status manifest.tmp  OnlineTrajectoryOptimization.jar     OnlineTrajectoryOptimization.jar 
rm -f core
make[7]: Leaving directory '/home/travis/build/icyphy/ptII/adm/gen-11.1/src/ptII11.1.devel/org/ptolemy/machineLearning/particleFilter/demo/OnlineTrajectoryOptimization'
making clean in org/ptolemy/machineLearning/particleFilter/demo/OpenLoopSingleRobotTargetLocalization
make[7]: Entering directory '/home/travis/build/icyphy/ptII/adm/gen-11.1/src/ptII11.1.devel/org/ptolemy/machineLearning/particleFilter/demo/OpenLoopSingleRobotTargetLocalization'
rm -rf *.o *.so *~ *.bak ,* LOG* *.class *.jstmp config.cache config.log config.status manifest.tmp  OpenLoopSingleRobotTargetLocalization.jar     OpenLoopSingleRobotTargetLocalization.jar 
rm -f core
make[7]: Leaving directory '/home/travis/build/icyphy/ptII/adm/gen-11.1/src/ptII11.1.devel/org/ptolemy/machineLearning/particleFilter/demo/OpenLoopSingleRobotTargetLocalization'
making clean in org/ptolemy/machineLearning/particleFilter/demo/OpenLoopTwoRobotTargetLocalization
make[7]: Entering directory '/home/travis/build/icyphy/ptII/adm/gen-11.1/src/ptII11.1.devel/org/ptolemy/machineLearning/particleFilter/demo/OpenLoopTwoRobotTargetLocalization'
rm -rf *.o *.so *~ *.bak ,* LOG* *.class *.jstmp config.cache config.log config.status manifest.tmp  OpenLoopTwoRobotTargetLocalization.jar     OpenLoopTwoRobotTargetLocalization.jar 
rm -f core
make[7]: Leaving directory '/home/travis/build/icyphy/ptII/adm/gen-11.1/src/ptII11.1.devel/org/ptolemy/machineLearning/particleFilter/demo/OpenLoopTwoRobotTargetLocalization'
making clean in org/ptolemy/machineLearning/particleFilter/demo/ParticleFilterRange
make[7]: Entering directory '/home/travis/build/icyphy/ptII/adm/gen-11.1/src/ptII11.1.devel/org/ptolemy/machineLearning/particleFilter/demo/ParticleFilterRange'
rm -rf *.o *.so *~ *.bak ,* LOG* *.class *.jstmp config.cache config.log config.status manifest.tmp  ParticleFilterRange.jar     ParticleFilterRange.jar 
rm -f core
make[7]: Leaving directory '/home/travis/build/icyphy/ptII/adm/gen-11.1/src/ptII11.1.devel/org/ptolemy/machineLearning/particleFilter/demo/ParticleFilterRange'
make[6]: Leaving directory '/home/travis/build/icyphy/ptII/adm/gen-11.1/src/ptII11.1.devel/org/ptolemy/machineLearning/particleFilter/demo'
making clean in org/ptolemy/machineLearning/particleFilter/doc
make[6]: Entering directory '/home/travis/build/icyphy/ptII/adm/gen-11.1/src/ptII11.1.devel/org/ptolemy/machineLearning/particleFilter/doc'
rm -rf *.o *.so *~ *.bak ,* LOG* *.class *.jstmp config.cache config.log config.status manifest.tmp  doc.jar     doc.jar 
rm -f core
make[6]: Leaving directory '/home/travis/build/icyphy/ptII/adm/gen-11.1/src/ptII11.1.devel/org/ptolemy/machineLearning/particleFilter/doc'
making clean in org/ptolemy/machineLearning/particleFilter/test
make[6]: Entering directory '/home/travis/build/icyphy/ptII/adm/gen-11.1/src/ptII11.1.devel/org/ptolemy/machineLearning/particleFilter/test'
rm -rf *.o *.so *~ *.bak ,* LOG* *.class *.jstmp config.cache config.log config.status manifest.tmp        
rm -f core
make[6]: Leaving directory '/home/travis/build/icyphy/ptII/adm/gen-11.1/src/ptII11.1.devel/org/ptolemy/machineLearning/particleFilter/test'
make[5]: Leaving directory '/home/travis/build/icyphy/ptII/adm/gen-11.1/src/ptII11.1.devel/org/ptolemy/machineLearning/particleFilter'
making clean in org/ptolemy/machineLearning/test
make[5]: Entering directory '/home/travis/build/icyphy/ptII/adm/gen-11.1/src/ptII11.1.devel/org/ptolemy/machineLearning/test'
rm -rf *.o *.so *~ *.bak ,* LOG* *.class *.jstmp config.cache config.log config.status manifest.tmp        
rm -f core
make[5]: Leaving directory '/home/travis/build/icyphy/ptII/adm/gen-11.1/src/ptII11.1.devel/org/ptolemy/machineLearning/test'
make[4]: Leaving directory '/home/travis/build/icyphy/ptII/adm/gen-11.1/src/ptII11.1.devel/org/ptolemy/machineLearning'
making clean in org.ptolemy/opencv
make[4]: Entering directory '/home/travis/build/icyphy/ptII/adm/gen-11.1/src/ptII11.1.devel/org/ptolemy/opencv'
rm -rf *.o *.so *~ *.bak ,* LOG* *.class *.jstmp config.cache config.log config.status manifest.tmp ComputerVision.class FaceRecognizer.class OpenCVLoader.class opencv.jar     opencv.jar 
rm -f core
making clean in org/ptolemy/opencv/test
make[5]: Entering directory '/home/travis/build/icyphy/ptII/adm/gen-11.1/src/ptII11.1.devel/org/ptolemy/opencv/test'
rm -rf *.o *.so *~ *.bak ,* LOG* *.class *.jstmp config.cache config.log config.status manifest.tmp SimpleSample.class       
rm -f core
make[5]: Leaving directory '/home/travis/build/icyphy/ptII/adm/gen-11.1/src/ptII11.1.devel/org/ptolemy/opencv/test'
make[4]: Leaving directory '/home/travis/build/icyphy/ptII/adm/gen-11.1/src/ptII11.1.devel/org/ptolemy/opencv'
making clean in org.ptolemy/optimization
make[4]: Entering directory '/home/travis/build/icyphy/ptII/adm/gen-11.1/src/ptII11.1.devel/org/ptolemy/optimization'
rm -rf *.o *.so *~ *.bak ,* LOG* *.class *.jstmp config.cache config.log config.status manifest.tmp ApproximatedObjectiveFunction.class BarrierMethod.class CompositeOptimizer.class CompositeOptimizerUsingGradient.class ObjectiveFunction.class ObjectiveFunctionWithSoftConstraints.class PositionConstraintCalculator.class optimization.jar     optimization.jar 
rm -f core
making clean in org/ptolemy/optimization/demo
make[5]: Entering directory '/home/travis/build/icyphy/ptII/adm/gen-11.1/src/ptII11.1.devel/org/ptolemy/optimization/demo'
rm -rf *.o *.so *~ *.bak ,* LOG* *.class *.jstmp config.cache config.log config.status manifest.tmp    demo.jar    
rm -f core
making clean in org/ptolemy/optimization/demo/LeastSquaresNodeLocalization
make[6]: Entering directory '/home/travis/build/icyphy/ptII/adm/gen-11.1/src/ptII11.1.devel/org/ptolemy/optimization/demo/LeastSquaresNodeLocalization'
rm -rf *.o *.so *~ *.bak ,* LOG* *.class *.jstmp config.cache config.log config.status manifest.tmp  LeastSquaresNodeLocalization.jar     LeastSquaresNodeLocalization.jar 
rm -f core
make[6]: Leaving directory '/home/travis/build/icyphy/ptII/adm/gen-11.1/src/ptII11.1.devel/org/ptolemy/optimization/demo/LeastSquaresNodeLocalization'
making clean in org/ptolemy/optimization/demo/LinearRegression
make[6]: Entering directory '/home/travis/build/icyphy/ptII/adm/gen-11.1/src/ptII11.1.devel/org/ptolemy/optimization/demo/LinearRegression'
rm -rf *.o *.so *~ *.bak ,* LOG* *.class *.jstmp config.cache config.log config.status manifest.tmp  LinearRegression.jar     LinearRegression.jar 
rm -f core
make[6]: Leaving directory '/home/travis/build/icyphy/ptII/adm/gen-11.1/src/ptII11.1.devel/org/ptolemy/optimization/demo/LinearRegression'
making clean in org/ptolemy/optimization/demo/SimpleOptimization
make[6]: Entering directory '/home/travis/build/icyphy/ptII/adm/gen-11.1/src/ptII11.1.devel/org/ptolemy/optimization/demo/SimpleOptimization'
rm -rf *.o *.so *~ *.bak ,* LOG* *.class *.jstmp config.cache config.log config.status manifest.tmp    SimpleOptimization.jar    
rm -f core
make[6]: Leaving directory '/home/travis/build/icyphy/ptII/adm/gen-11.1/src/ptII11.1.devel/org/ptolemy/optimization/demo/SimpleOptimization'
make[5]: Leaving directory '/home/travis/build/icyphy/ptII/adm/gen-11.1/src/ptII11.1.devel/org/ptolemy/optimization/demo'
making clean in org/ptolemy/optimization/doc
make[5]: Entering directory '/home/travis/build/icyphy/ptII/adm/gen-11.1/src/ptII11.1.devel/org/ptolemy/optimization/doc'
rm -rf *.o *.so *~ *.bak ,* LOG* *.class *.jstmp config.cache config.log config.status manifest.tmp  doc.jar     doc.jar 
rm -f core
make[5]: Leaving directory '/home/travis/build/icyphy/ptII/adm/gen-11.1/src/ptII11.1.devel/org/ptolemy/optimization/doc'
making clean in org/ptolemy/optimization/test
make[5]: Entering directory '/home/travis/build/icyphy/ptII/adm/gen-11.1/src/ptII11.1.devel/org/ptolemy/optimization/test'
rm -rf *.o *.so *~ *.bak ,* LOG* *.class *.jstmp config.cache config.log config.status manifest.tmp        
rm -f core
making clean in ptolemy/optimization/test/junit
make[6]: Entering directory '/home/travis/build/icyphy/ptII/adm/gen-11.1/src/ptII11.1.devel/org/ptolemy/optimization/test/junit'
rm -rf *.o *.so *~ *.bak ,* LOG* *.class *.jstmp config.cache config.log config.status manifest.tmp JUnitTclTest.class       
rm -f core
make[6]: Leaving directory '/home/travis/build/icyphy/ptII/adm/gen-11.1/src/ptII11.1.devel/org/ptolemy/optimization/test/junit'
make[5]: Leaving directory '/home/travis/build/icyphy/ptII/adm/gen-11.1/src/ptII11.1.devel/org/ptolemy/optimization/test'
make[4]: Leaving directory '/home/travis/build/icyphy/ptII/adm/gen-11.1/src/ptII11.1.devel/org/ptolemy/optimization'
making clean in org.ptolemy/osc
make[4]: Entering directory '/home/travis/build/icyphy/ptII/adm/gen-11.1/src/ptII11.1.devel/org/ptolemy/osc'
rm -rf *.o *.so *~ *.bak ,* LOG* *.class *.jstmp config.cache config.log config.status manifest.tmp OscReceiver.class OscSender.class osc.jar     osc.jar 
rm -f core
making clean in org/ptolemy/osc/demo
make[5]: Entering directory '/home/travis/build/icyphy/ptII/adm/gen-11.1/src/ptII11.1.devel/org/ptolemy/osc/demo'
rm -rf *.o *.so *~ *.bak ,* LOG* *.class *.jstmp config.cache config.log config.status manifest.tmp    demo.jar    
rm -f core
making clean in org/ptolemy/osc/demo/OscSendReceive
make[6]: Entering directory '/home/travis/build/icyphy/ptII/adm/gen-11.1/src/ptII11.1.devel/org/ptolemy/osc/demo/OscSendReceive'
rm -rf *.o *.so *~ *.bak ,* LOG* *.class *.jstmp config.cache config.log config.status manifest.tmp  OscSendReceive.jar     OscSendReceive.jar 
rm -f core
make[6]: Leaving directory '/home/travis/build/icyphy/ptII/adm/gen-11.1/src/ptII11.1.devel/org/ptolemy/osc/demo/OscSendReceive'
make[5]: Leaving directory '/home/travis/build/icyphy/ptII/adm/gen-11.1/src/ptII11.1.devel/org/ptolemy/osc/demo'
making clean in org/ptolemy/osc/test
make[5]: Entering directory '/home/travis/build/icyphy/ptII/adm/gen-11.1/src/ptII11.1.devel/org/ptolemy/osc/test'
rm -rf *.o *.so *~ *.bak ,* LOG* *.class *.jstmp config.cache config.log config.status manifest.tmp        
rm -f core
make[5]: Leaving directory '/home/travis/build/icyphy/ptII/adm/gen-11.1/src/ptII11.1.devel/org/ptolemy/osc/test'
make[4]: Leaving directory '/home/travis/build/icyphy/ptII/adm/gen-11.1/src/ptII11.1.devel/org/ptolemy/osc'
making clean in org.ptolemy/qss
make[4]: Entering directory '/home/travis/build/icyphy/ptII/adm/gen-11.1/src/ptII11.1.devel/org/ptolemy/qss'
rm -rf *.o *.so *~ *.bak ,* LOG* *.class *.jstmp config.cache config.log config.status manifest.tmp QSSIntegrator.class   qss.jar    
rm -f core
making clean in org/ptolemy/qss/util
make[5]: Entering directory '/home/travis/build/icyphy/ptII/adm/gen-11.1/src/ptII11.1.devel/org/ptolemy/qss/util'
rm -rf *.o *.so *~ *.bak ,* LOG* *.class *.jstmp config.cache config.log config.status manifest.tmp DerivativeFunction.class ModelPolynomial.class PolynomialRoot.class util.jar     util.jar 
rm -f core
make[5]: Leaving directory '/home/travis/build/icyphy/ptII/adm/gen-11.1/src/ptII11.1.devel/org/ptolemy/qss/util'
making clean in org/ptolemy/qss/solver
make[5]: Entering directory '/home/travis/build/icyphy/ptII/adm/gen-11.1/src/ptII11.1.devel/org/ptolemy/qss/solver'
rm -rf *.o *.so *~ *.bak ,* LOG* *.class *.jstmp config.cache config.log config.status manifest.tmp LIQSS1.class LIQSS2Fd.class QSS1.class QSS2Fd.class QSS2FdJac.class QSS2Pts.class QSS2Qts.class QSS3Fd.class QSS3Pts.class QSSBase.class solver.jar     solver.jar 
rm -f core
make[5]: Leaving directory '/home/travis/build/icyphy/ptII/adm/gen-11.1/src/ptII11.1.devel/org/ptolemy/qss/solver'
making clean in org/ptolemy/qss/test
make[5]: Entering directory '/home/travis/build/icyphy/ptII/adm/gen-11.1/src/ptII11.1.devel/org/ptolemy/qss/test'
rm -rf *.o *.so *~ *.bak ,* LOG* *.class *.jstmp config.cache config.log config.status manifest.tmp        
rm -f core
make[5]: Leaving directory '/home/travis/build/icyphy/ptII/adm/gen-11.1/src/ptII11.1.devel/org/ptolemy/qss/test'
making clean in org/ptolemy/qss/demo
make[5]: Entering directory '/home/travis/build/icyphy/ptII/adm/gen-11.1/src/ptII11.1.devel/org/ptolemy/qss/demo'
rm -rf *.o *.so *~ *.bak ,* LOG* *.class *.jstmp config.cache config.log config.status manifest.tmp     demo.jar   *.jar
rm -f core
making clean in org/ptolemy/qss/demo/RLC
make[6]: Entering directory '/home/travis/build/icyphy/ptII/adm/gen-11.1/src/ptII11.1.devel/org/ptolemy/qss/demo/RLC'
rm -rf *.o *.so *~ *.bak ,* LOG* *.class *.jstmp config.cache config.log config.status manifest.tmp  RLC.jar     RLC.jar *.jar
rm -f core
make[6]: Leaving directory '/home/travis/build/icyphy/ptII/adm/gen-11.1/src/ptII11.1.devel/org/ptolemy/qss/demo/RLC'
make[5]: Leaving directory '/home/travis/build/icyphy/ptII/adm/gen-11.1/src/ptII11.1.devel/org/ptolemy/qss/demo'
make[4]: Leaving directory '/home/travis/build/icyphy/ptII/adm/gen-11.1/src/ptII11.1.devel/org/ptolemy/qss'
making clean in org.ptolemy/ssm
make[4]: Entering directory '/home/travis/build/icyphy/ptII/adm/gen-11.1/src/ptII11.1.devel/org/ptolemy/ssm'
rm -rf *.o *.so *~ *.bak ,* LOG* *.class *.jstmp config.cache config.log config.status manifest.tmp CovarianceStatePredictor.class GaussianMeasurementModel.class GaussianModel.class InferenceActor.class Map.class MapAttributes.class MapConstrained.class MeasurementModel.class MeasurementModelAttributes.class MirrorDecorator.class MirrorDecoratorAttributes.class MirrorDecoratorListener.class ParticleFilter.class Predictor.class StateSpaceActor.class StateSpaceModel.class StateSpaceSimulator.class StatePredictorWithAccControl.class StatePredictorWithControl.class TrainableGaussianModel.class UnscentedKalmanFilterSSM.class ssm.jar     ssm.jar 
rm -f core
make[4]: Leaving directory '/home/travis/build/icyphy/ptII/adm/gen-11.1/src/ptII11.1.devel/org/ptolemy/ssm'
make[3]: Leaving directory '/home/travis/build/icyphy/ptII/adm/gen-11.1/src/ptII11.1.devel/org/ptolemy'
making clean in org/terraswarm
make[3]: Entering directory '/home/travis/build/icyphy/ptII/adm/gen-11.1/src/ptII11.1.devel/org/terraswarm'
rm -rf *.o *.so *~ *.bak ,* LOG* *.class *.jstmp config.cache config.log config.status manifest.tmp    terraswarm.jar    
rm -f core
making clean in org.terraswarm/accessor
make[4]: Entering directory '/home/travis/build/icyphy/ptII/adm/gen-11.1/src/ptII11.1.devel/org/terraswarm/accessor'
rm -rf *.o *.so *~ *.bak ,* LOG* *.class *.jstmp config.cache config.log config.status manifest.tmp AccessorIconLoader.class AccessorLibrary.class JSAccessor.class accessor.jar     accessor.jar 
rm -f core
making clean in org/terraswarm/accessor/demo
make[5]: Entering directory '/home/travis/build/icyphy/ptII/adm/gen-11.1/src/ptII11.1.devel/org/terraswarm/accessor/demo'
rm -rf *.o *.so *~ *.bak ,* LOG* *.class *.jstmp config.cache config.log config.status manifest.tmp    demo.jar    
rm -f core
making clean in org/terraswarm/accessor/demo/AugmentedReality
make[6]: Entering directory '/home/travis/build/icyphy/ptII/adm/gen-11.1/src/ptII11.1.devel/org/terraswarm/accessor/demo/AugmentedReality'
rm -rf *.o *.so *~ *.bak ,* LOG* *.class *.jstmp config.cache config.log config.status manifest.tmp  AugmentedReality.jar     AugmentedReality.jar 
rm -f core
make[6]: Leaving directory '/home/travis/build/icyphy/ptII/adm/gen-11.1/src/ptII11.1.devel/org/terraswarm/accessor/demo/AugmentedReality'
making clean in org/terraswarm/accessor/demo/AugmentedRealityVideoSOHO
make[6]: Entering directory '/home/travis/build/icyphy/ptII/adm/gen-11.1/src/ptII11.1.devel/org/terraswarm/accessor/demo/AugmentedRealityVideoSOHO'
rm -rf *.o *.so *~ *.bak ,* LOG* *.class *.jstmp config.cache config.log config.status manifest.tmp  AugmentedRealityVideoSOHO.jar     AugmentedRealityVideoSOHO.jar 
rm -f core
make[6]: Leaving directory '/home/travis/build/icyphy/ptII/adm/gen-11.1/src/ptII11.1.devel/org/terraswarm/accessor/demo/AugmentedRealityVideoSOHO'
making clean in org/terraswarm/accessor/demo/AugmentedRealityVideoTerra
make[6]: Entering directory '/home/travis/build/icyphy/ptII/adm/gen-11.1/src/ptII11.1.devel/org/terraswarm/accessor/demo/AugmentedRealityVideoTerra'
rm -rf *.o *.so *~ *.bak ,* LOG* *.class *.jstmp config.cache config.log config.status manifest.tmp  AugmentedRealityVideoTerra.jar     AugmentedRealityVideoTerra.jar 
rm -f core
make[6]: Leaving directory '/home/travis/build/icyphy/ptII/adm/gen-11.1/src/ptII11.1.devel/org/terraswarm/accessor/demo/AugmentedRealityVideoTerra'
making clean in org/terraswarm/accessor/demo/ConnectedCar
make[6]: Entering directory '/home/travis/build/icyphy/ptII/adm/gen-11.1/src/ptII11.1.devel/org/terraswarm/accessor/demo/ConnectedCar'
rm -rf *.o *.so *~ *.bak ,* LOG* *.class *.jstmp config.cache config.log config.status manifest.tmp  ConnectedCar.jar     ConnectedCar.jar 
rm -f core
make[6]: Leaving directory '/home/travis/build/icyphy/ptII/adm/gen-11.1/src/ptII11.1.devel/org/terraswarm/accessor/demo/ConnectedCar'
making clean in org/terraswarm/accessor/demo/DynamicTopologyUpdate
make[6]: Entering directory '/home/travis/build/icyphy/ptII/adm/gen-11.1/src/ptII11.1.devel/org/terraswarm/accessor/demo/DynamicTopologyUpdate'
rm -rf *.o *.so *~ *.bak ,* LOG* *.class *.jstmp config.cache config.log config.status manifest.tmp  DynamicTopologyUpdate.jar     DynamicTopologyUpdate.jar 
rm -f core
make[6]: Leaving directory '/home/travis/build/icyphy/ptII/adm/gen-11.1/src/ptII11.1.devel/org/terraswarm/accessor/demo/DynamicTopologyUpdate'
making clean in org/terraswarm/accessor/demo/Hue
make[6]: Entering directory '/home/travis/build/icyphy/ptII/adm/gen-11.1/src/ptII11.1.devel/org/terraswarm/accessor/demo/Hue'
rm -rf *.o *.so *~ *.bak ,* LOG* *.class *.jstmp config.cache config.log config.status manifest.tmp  Hue.jar     Hue.jar 
rm -f core
make[6]: Leaving directory '/home/travis/build/icyphy/ptII/adm/gen-11.1/src/ptII11.1.devel/org/terraswarm/accessor/demo/Hue'
making clean in org/terraswarm/accessor/demo/IndoorLocationAwareDiscovery
make[6]: Entering directory '/home/travis/build/icyphy/ptII/adm/gen-11.1/src/ptII11.1.devel/org/terraswarm/accessor/demo/IndoorLocationAwareDiscovery'
rm -rf *.o *.so *~ *.bak ,* LOG* *.class *.jstmp config.cache config.log config.status manifest.tmp  IndoorLocationAwareDiscovery.jar     IndoorLocationAwareDiscovery.jar 
rm -f core
make[6]: Leaving directory '/home/travis/build/icyphy/ptII/adm/gen-11.1/src/ptII11.1.devel/org/terraswarm/accessor/demo/IndoorLocationAwareDiscovery'
making clean in org/terraswarm/accessor/demo/SemanticRepository
make[6]: Entering directory '/home/travis/build/icyphy/ptII/adm/gen-11.1/src/ptII11.1.devel/org/terraswarm/accessor/demo/SemanticRepository'
rm -rf *.o *.so *~ *.bak ,* LOG* *.class *.jstmp config.cache config.log config.status manifest.tmp  SemanticRepository.jar     SemanticRepository.jar 
rm -f core
make[6]: Leaving directory '/home/travis/build/icyphy/ptII/adm/gen-11.1/src/ptII11.1.devel/org/terraswarm/accessor/demo/SemanticRepository'
making clean in org/terraswarm/accessor/demo/Lifx
make[6]: Entering directory '/home/travis/build/icyphy/ptII/adm/gen-11.1/src/ptII11.1.devel/org/terraswarm/accessor/demo/Lifx'
rm -rf *.o *.so *~ *.bak ,* LOG* *.class *.jstmp config.cache config.log config.status manifest.tmp  Lifx.jar     Lifx.jar 
rm -f core
make[6]: Leaving directory '/home/travis/build/icyphy/ptII/adm/gen-11.1/src/ptII11.1.devel/org/terraswarm/accessor/demo/Lifx'
making clean in org/terraswarm/accessor/demo/NaturalLanguage
make[6]: Entering directory '/home/travis/build/icyphy/ptII/adm/gen-11.1/src/ptII11.1.devel/org/terraswarm/accessor/demo/NaturalLanguage'
rm -rf *.o *.so *~ *.bak ,* LOG* *.class *.jstmp config.cache config.log config.status manifest.tmp  NaturalLanguage.jar     NaturalLanguage.jar 
rm -f core
make[6]: Leaving directory '/home/travis/build/icyphy/ptII/adm/gen-11.1/src/ptII11.1.devel/org/terraswarm/accessor/demo/NaturalLanguage'
making clean in org/terraswarm/accessor/demo/Scarab
make[6]: Entering directory '/home/travis/build/icyphy/ptII/adm/gen-11.1/src/ptII11.1.devel/org/terraswarm/accessor/demo/Scarab'
rm -rf *.o *.so *~ *.bak ,* LOG* *.class *.jstmp config.cache config.log config.status manifest.tmp  Scarab.jar     Scarab.jar 
rm -f core
make[6]: Leaving directory '/home/travis/build/icyphy/ptII/adm/gen-11.1/src/ptII11.1.devel/org/terraswarm/accessor/demo/Scarab'
making clean in org/terraswarm/accessor/demo/WatchHandRaisingLight
make[6]: Entering directory '/home/travis/build/icyphy/ptII/adm/gen-11.1/src/ptII11.1.devel/org/terraswarm/accessor/demo/WatchHandRaisingLight'
rm -rf *.o *.so *~ *.bak ,* LOG* *.class *.jstmp config.cache config.log config.status manifest.tmp  WatchHandRaisingLight.jar     WatchHandRaisingLight.jar 
rm -f core
make[6]: Leaving directory '/home/travis/build/icyphy/ptII/adm/gen-11.1/src/ptII11.1.devel/org/terraswarm/accessor/demo/WatchHandRaisingLight'
make[5]: Leaving directory '/home/travis/build/icyphy/ptII/adm/gen-11.1/src/ptII11.1.devel/org/terraswarm/accessor/demo'
making clean in org/terraswarm/accessor/doc
make[5]: Entering directory '/home/travis/build/icyphy/ptII/adm/gen-11.1/src/ptII11.1.devel/org/terraswarm/accessor/doc'
rm -rf *.o *.so *~ *.bak ,* LOG* *.class *.jstmp config.cache config.log config.status manifest.tmp  doc.jar     doc.jar 
rm -f core
make[5]: Leaving directory '/home/travis/build/icyphy/ptII/adm/gen-11.1/src/ptII11.1.devel/org/terraswarm/accessor/doc'
making clean in org/terraswarm/accessor/test
make[5]: Entering directory '/home/travis/build/icyphy/ptII/adm/gen-11.1/src/ptII11.1.devel/org/terraswarm/accessor/test'
rm -rf *.o *.so *~ *.bak ,* LOG* *.class *.jstmp config.cache config.log config.status manifest.tmp        
rm -f core
make[5]: Leaving directory '/home/travis/build/icyphy/ptII/adm/gen-11.1/src/ptII11.1.devel/org/terraswarm/accessor/test'
make[4]: Leaving directory '/home/travis/build/icyphy/ptII/adm/gen-11.1/src/ptII11.1.devel/org/terraswarm/accessor'
making clean in org.terraswarm/ros
make[4]: Entering directory '/home/travis/build/icyphy/ptII/adm/gen-11.1/src/ptII11.1.devel/org/terraswarm/ros'
rm -rf *.o *.so *~ *.bak ,* LOG* *.class *.jstmp config.cache config.log config.status manifest.tmp  ros.jar     ros.jar 
rm -f core
making clean in org.terraswarm.ros/demo
make[5]: Entering directory '/home/travis/build/icyphy/ptII/adm/gen-11.1/src/ptII11.1.devel/org/terraswarm/ros/demo'
rm -rf *.o *.so *~ *.bak ,* LOG* *.class *.jstmp config.cache config.log config.status manifest.tmp    demo.jar    
rm -f core
making clean in org/terraswarm/ros/demo/Ros
make[6]: Entering directory '/home/travis/build/icyphy/ptII/adm/gen-11.1/src/ptII11.1.devel/org/terraswarm/ros/demo/Ros'
rm -rf *.o *.so *~ *.bak ,* LOG* *.class *.jstmp config.cache config.log config.status manifest.tmp  Ros.jar     Ros.jar 
rm -f core
make[6]: Leaving directory '/home/travis/build/icyphy/ptII/adm/gen-11.1/src/ptII11.1.devel/org/terraswarm/ros/demo/Ros'
make[5]: Leaving directory '/home/travis/build/icyphy/ptII/adm/gen-11.1/src/ptII11.1.devel/org/terraswarm/ros/demo'
making clean in org.terraswarm.ros/test
make[5]: Entering directory '/home/travis/build/icyphy/ptII/adm/gen-11.1/src/ptII11.1.devel/org/terraswarm/ros/test'
rm -rf *.o *.so *~ *.bak ,* LOG* *.class *.jstmp config.cache config.log config.status manifest.tmp        
rm -f core
make[5]: Leaving directory '/home/travis/build/icyphy/ptII/adm/gen-11.1/src/ptII11.1.devel/org/terraswarm/ros/test'
make[4]: Leaving directory '/home/travis/build/icyphy/ptII/adm/gen-11.1/src/ptII11.1.devel/org/terraswarm/ros'
make[3]: Leaving directory '/home/travis/build/icyphy/ptII/adm/gen-11.1/src/ptII11.1.devel/org/terraswarm'
making clean in org/hlacerti
make[3]: Entering directory '/home/travis/build/icyphy/ptII/adm/gen-11.1/src/ptII11.1.devel/org/hlacerti'
rm -rf *.o *.so *~ *.bak ,* LOG* *.class *.jstmp config.cache config.log config.status manifest.tmp    hlacerti.jar    
rm -f core
making clean in org/hlacerti/lib
make[4]: Entering directory '/home/travis/build/icyphy/ptII/adm/gen-11.1/src/ptII11.1.devel/org/hlacerti/lib'
rm -rf *.o *.so *~ *.bak ,* LOG* *.class *.jstmp config.cache config.log config.status manifest.tmp AutomaticSimulation.class CertiRtig.class HlaAttributeReflector.class HlaAttributeUpdater.class HlaManager.class HlaManager1516e.class HlaManager1_3.class HlaManagerDelegate.class HlaPublisher.class HlaReflectable.class HlaReporter.class HlaSubscriber.class HlaUpdatable.class MessageProcessing.class HlaTimedEvent.class   lib.jar    
rm -f core
make[4]: Leaving directory '/home/travis/build/icyphy/ptII/adm/gen-11.1/src/ptII11.1.devel/org/hlacerti/lib'
making clean in org/hlacerti/demo
make[4]: Entering directory '/home/travis/build/icyphy/ptII/adm/gen-11.1/src/ptII11.1.devel/org/hlacerti/demo'
rm -rf *.o *.so *~ *.bak ,* LOG* *.class *.jstmp config.cache config.log config.status manifest.tmp    demo.jar    
rm -f core
making clean in org/hlacerti/demo/Billard
make[5]: Entering directory '/home/travis/build/icyphy/ptII/adm/gen-11.1/src/ptII11.1.devel/org/hlacerti/demo/Billard'
rm -rf *.o *.so *~ *.bak ,* LOG* *.class *.jstmp config.cache config.log config.status manifest.tmp    Billard.jar    
rm -f core
making clean in org/hlacerti/demo/Billard/2Billes1Fed
make[6]: Entering directory '/home/travis/build/icyphy/ptII/adm/gen-11.1/src/ptII11.1.devel/org/hlacerti/demo/Billard/2Billes1Fed'
rm -rf *.o *.so *~ *.bak ,* LOG* *.class *.jstmp config.cache config.log config.status manifest.tmp  2Billes1Fed.jar     2Billes1Fed.jar 
rm -f core
make[6]: Leaving directory '/home/travis/build/icyphy/ptII/adm/gen-11.1/src/ptII11.1.devel/org/hlacerti/demo/Billard/2Billes1Fed'
making clean in org/hlacerti/demo/Billard/2Billes2Fed
make[6]: Entering directory '/home/travis/build/icyphy/ptII/adm/gen-11.1/src/ptII11.1.devel/org/hlacerti/demo/Billard/2Billes2Fed'
rm -rf *.o *.so *~ *.bak ,* LOG* *.class *.jstmp config.cache config.log config.status manifest.tmp  2Billes2Fed.jar     2Billes2Fed.jar 
rm -f core
make[6]: Leaving directory '/home/travis/build/icyphy/ptII/adm/gen-11.1/src/ptII11.1.devel/org/hlacerti/demo/Billard/2Billes2Fed'
make[5]: Leaving directory '/home/travis/build/icyphy/ptII/adm/gen-11.1/src/ptII11.1.devel/org/hlacerti/demo/Billard'
making clean in org/hlacerti/demo/f14HLA
make[5]: Entering directory '/home/travis/build/icyphy/ptII/adm/gen-11.1/src/ptII11.1.devel/org/hlacerti/demo/f14HLA'
rm -rf *.o *.so *~ *.bak ,* LOG* *.class *.jstmp config.cache config.log config.status manifest.tmp    f14HLA.jar    
rm -f core
making clean in org/hlacerti/demo/f14HLA/AllFederatesNER
make[6]: Entering directory '/home/travis/build/icyphy/ptII/adm/gen-11.1/src/ptII11.1.devel/org/hlacerti/demo/f14HLA/AllFederatesNER'
rm -rf *.o *.so *~ *.bak ,* LOG* *.class *.jstmp config.cache config.log config.status manifest.tmp  AllFederatesNER.jar     AllFederatesNER.jar 
rm -f core
make[6]: Leaving directory '/home/travis/build/icyphy/ptII/adm/gen-11.1/src/ptII11.1.devel/org/hlacerti/demo/f14HLA/AllFederatesNER'
making clean in org/hlacerti/demo/f14HLA/AllFederatesTAR
make[6]: Entering directory '/home/travis/build/icyphy/ptII/adm/gen-11.1/src/ptII11.1.devel/org/hlacerti/demo/f14HLA/AllFederatesTAR'
rm -rf *.o *.so *~ *.bak ,* LOG* *.class *.jstmp config.cache config.log config.status manifest.tmp  AllFederatesTAR.jar     AllFederatesTAR.jar 
rm -f core
make[6]: Leaving directory '/home/travis/build/icyphy/ptII/adm/gen-11.1/src/ptII11.1.devel/org/hlacerti/demo/f14HLA/AllFederatesTAR'
making clean in org/hlacerti/demo/f14HLA/initialCentralizedF14
make[6]: Entering directory '/home/travis/build/icyphy/ptII/adm/gen-11.1/src/ptII11.1.devel/org/hlacerti/demo/f14HLA/initialCentralizedF14'
rm -rf *.o *.so *~ *.bak ,* LOG* *.class *.jstmp config.cache config.log config.status manifest.tmp  initialCentralizedF14.jar     initialCentralizedF14.jar 
rm -f core
make[6]: Leaving directory '/home/travis/build/icyphy/ptII/adm/gen-11.1/src/ptII11.1.devel/org/hlacerti/demo/f14HLA/initialCentralizedF14'
make[5]: Leaving directory '/home/travis/build/icyphy/ptII/adm/gen-11.1/src/ptII11.1.devel/org/hlacerti/demo/f14HLA'
making clean in org/hlacerti/demo/IntegrationTests
make[5]: Entering directory '/home/travis/build/icyphy/ptII/adm/gen-11.1/src/ptII11.1.devel/org/hlacerti/demo/IntegrationTests'
rm -rf *.o *.so *~ *.bak ,* LOG* *.class *.jstmp config.cache config.log config.status manifest.tmp  IntegrationTests.jar     IntegrationTests.jar 
rm -f core
make[5]: Leaving directory '/home/travis/build/icyphy/ptII/adm/gen-11.1/src/ptII11.1.devel/org/hlacerti/demo/IntegrationTests'
making clean in org/hlacerti/demo/SynchronizeToRealTime
make[5]: Entering directory '/home/travis/build/icyphy/ptII/adm/gen-11.1/src/ptII11.1.devel/org/hlacerti/demo/SynchronizeToRealTime'
rm -rf *.o *.so *~ *.bak ,* LOG* *.class *.jstmp config.cache config.log config.status manifest.tmp  SynchronizeToRealTime.jar     SynchronizeToRealTime.jar 
rm -f core
make[5]: Leaving directory '/home/travis/build/icyphy/ptII/adm/gen-11.1/src/ptII11.1.devel/org/hlacerti/demo/SynchronizeToRealTime'
make[4]: Leaving directory '/home/travis/build/icyphy/ptII/adm/gen-11.1/src/ptII11.1.devel/org/hlacerti/demo'
making clean in org/hlacerti/test
make[4]: Entering directory '/home/travis/build/icyphy/ptII/adm/gen-11.1/src/ptII11.1.devel/org/hlacerti/test'
rm -rf *.o *.so *~ *.bak ,* LOG* *.class *.jstmp config.cache config.log config.status manifest.tmp        
rm -f core
make[4]: Leaving directory '/home/travis/build/icyphy/ptII/adm/gen-11.1/src/ptII11.1.devel/org/hlacerti/test'
make[3]: Leaving directory '/home/travis/build/icyphy/ptII/adm/gen-11.1/src/ptII11.1.devel/org/hlacerti'
make[2]: Leaving directory '/home/travis/build/icyphy/ptII/adm/gen-11.1/src/ptII11.1.devel/org'
making clean in ./ptolemy
make[2]: Entering directory '/home/travis/build/icyphy/ptII/adm/gen-11.1/src/ptII11.1.devel/ptolemy'
rm -rf *.o *.so *~ *.bak ,* LOG* *.class *.jstmp config.cache config.log config.status manifest.tmp    ptolemy.jar ptsupport.jar   
rm -f core
making clean in ptolemy/util
make[3]: Entering directory '/home/travis/build/icyphy/ptII/adm/gen-11.1/src/ptII11.1.devel/ptolemy/util'
rm -rf *.o *.so *~ *.bak ,* LOG* *.class *.jstmp config.cache config.log config.status manifest.tmp CancelException.class ClassUtilities.class Diff.class DoubleUtilities.class ExecuteCommands.class FileUtilities.class JVMBitWidth.class MessageHandler.class MultiHashMap.class OrderedResourceBundle.class RecursiveFileFilter.class RunnableExceptionCatcher.class SimpleMessageHandler.class StatusHandler.class StreamExec.class StringBufferExec.class StringUtilities.class XSLTUtilities.class util.jar     util.jar 
rm -f core
making clean in ptolemy/util/test
make[4]: Entering directory '/home/travis/build/icyphy/ptII/adm/gen-11.1/src/ptII11.1.devel/ptolemy/util/test'
rm -rf *.o *.so *~ *.bak ,* LOG* *.class *.jstmp config.cache config.log config.status manifest.tmp InnerClassTest.class RecorderMessageHandler.class ThreadStreamExec.class WatchDog.class   test.jar    
rm -f core
making clean in ptolemy/util/test/junit
make[5]: Entering directory '/home/travis/build/icyphy/ptII/adm/gen-11.1/src/ptII11.1.devel/ptolemy/util/test/junit'
rm -rf *.o *.so *~ *.bak ,* LOG* *.class *.jstmp config.cache config.log config.status manifest.tmp AutoCGNoInlineAccessorTests.class AutoCGCKnownFailedTests.class AutoCGCInlineTests.class AutoCGCNoInlineTests.class AutoCGCNoInlineArduinoTests.class AutoCGCNoInlineDuktapeTests.class AutoCGCTests.class AutoCGFMIMANoInlineTests.class AutoCGFMIMAKnownFailedTests.class AutoCGJavaKnownFailedTests.class AutoCGJavaTests.class AutoCGKnownFailedTests.class AutoCGTests.class AutoKnownFailedTests.class AutoNameArchTests.class Auto32Tests.class AutoTests.class JUnitAuto32Base.class JUnitCGAccessorTestBase.class JUnitCGCArduinoTestBase.class JUnitCGCDuktapeTestBase.class JUnitCGCTestBase.class JUnitCGCNoInlineTestBase.class JUnitCGFMIMATestBase.class JUnitCGJavaTestBase.class JUnitTclTest.class JUnitTclTestBase.class JUnitTclTestRun.class ModelKnownFailedTests.class ModelTests.class TclTests.class junit.jar     junit.jar 
rm -f core
make[5]: Leaving directory '/home/travis/build/icyphy/ptII/adm/gen-11.1/src/ptII11.1.devel/ptolemy/util/test/junit'
make[4]: Leaving directory '/home/travis/build/icyphy/ptII/adm/gen-11.1/src/ptII11.1.devel/ptolemy/util/test'
make[3]: Leaving directory '/home/travis/build/icyphy/ptII/adm/gen-11.1/src/ptII11.1.devel/ptolemy/util'
making clean in ptolemy/math
make[3]: Entering directory '/home/travis/build/icyphy/ptII/adm/gen-11.1/src/ptII11.1.devel/ptolemy/math'
rm -rf *.o *.so *~ *.bak ,* LOG* *.class *.jstmp config.cache config.log config.status manifest.tmp Complex.class ComplexArrayMath.class ComplexBinaryOperation.class ComplexMatrixMath.class ComplexUnaryOperation.class DoubleArrayMath.class DoubleArrayStat.class DoubleBinaryOperation.class DoubleMatrixMath.class DoubleUnaryOperation.class ExtendedMath.class FixPoint.class FixPointQuantization.class FloatArrayMath.class FloatBinaryOperation.class FloatMatrixMath.class FloatUnaryOperation.class Fraction.class FractionArrayMath.class FractionMatrixMath.class IntegerArrayMath.class IntegerBinaryOperation.class IntegerMatrixMath.class IntegerUnaryOperation.class Interpolation.class LongArrayMath.class LongBinaryOperation.class LongMatrixMath.class LongUnaryOperation.class Overflow.class Precision.class Quantization.class Quantizer.class Rounding.class SignalProcessing.class math.jar     math.jar 
rm -f core
making clean in ptolemy/math/test
make[4]: Entering directory '/home/travis/build/icyphy/ptII/adm/gen-11.1/src/ptII11.1.devel/ptolemy/math/test'
rm -rf *.o *.so *~ *.bak ,* LOG* *.class *.jstmp config.cache config.log config.status manifest.tmp TestComplexBinaryOperation.class TestComplexUnaryOperation.class TestDoubleBinaryOperation.class TestDoubleUnaryOperation.class TestFloatBinaryOperation.class TestFloatUnaryOperation.class TestIntegerBinaryOperation.class TestIntegerUnaryOperation.class TestLongBinaryOperation.class TestLongUnaryOperation.class       
rm -f core
make[4]: Leaving directory '/home/travis/build/icyphy/ptII/adm/gen-11.1/src/ptII11.1.devel/ptolemy/math/test'
make[3]: Leaving directory '/home/travis/build/icyphy/ptII/adm/gen-11.1/src/ptII11.1.devel/ptolemy/math'
making clean in ptolemy/kernel
make[3]: Entering directory '/home/travis/build/icyphy/ptII/adm/gen-11.1/src/ptII11.1.devel/ptolemy/kernel'
rm -rf *.o *.so *~ *.bak ,* LOG* *.class *.jstmp config.cache config.log config.status manifest.tmp ComponentEntity.class ComponentPort.class ComponentRelation.class CompositeEntity.class Entity.class InstantiableNamedObj.class Port.class Relation.class   kernel.jar    
rm -f core
making clean in ptolemy/kernel/util
make[4]: Entering directory '/home/travis/build/icyphy/ptII/adm/gen-11.1/src/ptII11.1.devel/ptolemy/kernel/util'
rm -rf *.o *.so *~ *.bak ,* LOG* *.class *.jstmp config.cache config.log config.status manifest.tmp AbstractSettableAttribute.class Attribute.class BasicModelErrorHandler.class Changeable.class ChangeListener.class ChangeRequest.class Configurable.class ConfigurableAttribute.class CrossRefList.class DebugEvent.class Debuggable.class DebugListener.class Decorator.class DecoratorAttributes.class Derivable.class DropTargetHandler.class ExceptionHandler.class Flowable.class HierarchyListener.class IconAttribute.class IllegalActionException.class Instantiable.class InternalErrorException.class InvalidStateException.class KernelException.class KernelRuntimeException.class LazyComposite.class Locatable.class Location.class LoggerListener.class ModelErrorHandler.class MoMLExportable.class Moveable.class Nameable.class NamedList.class NamedObj.class NameDuplicationException.class NoSuchItemException.class PtolemyThread.class RecorderListener.class ScopeExtender.class Settable.class Singleton.class SingletonAttribute.class SingletonConfigurableAttribute.class StreamChangeListener.class StreamListener.class StringAttribute.class TransientSingletonConfigurableAttribute.class ValueListener.class Workspace.class util.jar     util.jar 
rm -f core
making clean in ptolemy/kernel/util/test
make[5]: Entering directory '/home/travis/build/icyphy/ptII/adm/gen-11.1/src/ptII11.1.devel/ptolemy/kernel/util/test'
rm -rf *.o *.so *~ *.bak ,* LOG* *.class *.jstmp config.cache config.log config.status manifest.tmp AccessAction.class AccessThread.class InvalidStringAttribute.class PtestWorkspace.class StreamValueListener.class TestDebugEvent.class TestInstantiableAttribute.class TestInstantiableNamedObj.class TestNullNamedObj.class TestPtolemyThread.class TestWorkspaceBase.class TestWorkspace.class TestWorkspace2.class TestWorkspace3.class TestWorkspace4.class TestWorkspace5.class TestWorkspace6.class       
rm -f core
making clean in ptolemy/kernel/util/test/system
make[6]: Entering directory '/home/travis/build/icyphy/ptII/adm/gen-11.1/src/ptII11.1.devel/ptolemy/kernel/util/test/system'
rm -rf *.o *.so *~ *.bak ,* LOG* *.class *.jstmp config.cache config.log config.status manifest.tmp ChangeRequestTest.class TestDE.class       
rm -f core
make[6]: Leaving directory '/home/travis/build/icyphy/ptII/adm/gen-11.1/src/ptII11.1.devel/ptolemy/kernel/util/test/system'
make[5]: Leaving directory '/home/travis/build/icyphy/ptII/adm/gen-11.1/src/ptII11.1.devel/ptolemy/kernel/util/test'
make[4]: Leaving directory '/home/travis/build/icyphy/ptII/adm/gen-11.1/src/ptII11.1.devel/ptolemy/kernel/util'
making clean in ptolemy/kernel/attributes
make[4]: Entering directory '/home/travis/build/icyphy/ptII/adm/gen-11.1/src/ptII11.1.devel/ptolemy/kernel/attributes'
rm -rf *.o *.so *~ *.bak ,* LOG* *.class *.jstmp config.cache config.log config.status manifest.tmp Actionable.class FileAttribute.class FileOrURLAccessor.class RequireVersion.class URIAttribute.class VersionAttribute.class attributes.jar     attributes.jar 
rm -f core
making clean in ptolemy/kernel/attributes/test
make[5]: Entering directory '/home/travis/build/icyphy/ptII/adm/gen-11.1/src/ptII11.1.devel/ptolemy/kernel/attributes/test'
rm -rf *.o *.so *~ *.bak ,* LOG* *.class *.jstmp config.cache config.log config.status manifest.tmp        
rm -f core
make[5]: Leaving directory '/home/travis/build/icyphy/ptII/adm/gen-11.1/src/ptII11.1.devel/ptolemy/kernel/attributes/test'
make[4]: Leaving directory '/home/travis/build/icyphy/ptII/adm/gen-11.1/src/ptII11.1.devel/ptolemy/kernel/attributes'
making clean in ptolemy/kernel/undo
make[4]: Entering directory '/home/travis/build/icyphy/ptII/adm/gen-11.1/src/ptII11.1.devel/ptolemy/kernel/undo'
rm -rf *.o *.so *~ *.bak ,* LOG* *.class *.jstmp config.cache config.log config.status manifest.tmp RedoChangeRequest.class UndoAction.class UndoActionsList.class UndoChangeRequest.class UndoStackAttribute.class undo.jar     undo.jar 
rm -f core
making clean in ptolemy/kernel/undo/test
make[5]: Entering directory '/home/travis/build/icyphy/ptII/adm/gen-11.1/src/ptII11.1.devel/ptolemy/kernel/undo/test'
rm -rf *.o *.so *~ *.bak ,* LOG* *.class *.jstmp config.cache config.log config.status manifest.tmp UndoActionTest.class       
rm -f core
make[5]: Leaving directory '/home/travis/build/icyphy/ptII/adm/gen-11.1/src/ptII11.1.devel/ptolemy/kernel/undo/test'
make[4]: Leaving directory '/home/travis/build/icyphy/ptII/adm/gen-11.1/src/ptII11.1.devel/ptolemy/kernel/undo'
making clean in ptolemy/kernel/test
make[4]: Entering directory '/home/travis/build/icyphy/ptII/adm/gen-11.1/src/ptII11.1.devel/ptolemy/kernel/test'
rm -rf *.o *.so *~ *.bak ,* LOG* *.class *.jstmp config.cache config.log config.status manifest.tmp ComponentEntityTimeTest.class ExampleSystem.class PortNameProblem.class PortHasNoContainer.class TestComponentPort.class TestComponentRelation.class TestCompositeEntity.class TestSerializable.class       
rm -f core
making clean in ptolemy/kernel/test/junit
make[5]: Entering directory '/home/travis/build/icyphy/ptII/adm/gen-11.1/src/ptII11.1.devel/ptolemy/kernel/test/junit'
rm -rf *.o *.so *~ *.bak ,* LOG* *.class *.jstmp config.cache config.log config.status manifest.tmp ExampleSystemJUnitTest.class JUnitTclTest.class       
rm -f core
make[5]: Leaving directory '/home/travis/build/icyphy/ptII/adm/gen-11.1/src/ptII11.1.devel/ptolemy/kernel/test/junit'
make[4]: Leaving directory '/home/travis/build/icyphy/ptII/adm/gen-11.1/src/ptII11.1.devel/ptolemy/kernel/test'
make[3]: Leaving directory '/home/travis/build/icyphy/ptII/adm/gen-11.1/src/ptII11.1.devel/ptolemy/kernel'
making clean in ptolemy/plot
make[3]: Entering directory '/home/travis/build/icyphy/ptII/adm/gen-11.1/src/ptII11.1.devel/ptolemy/plot'
rm -rf *.o *.so *~ *.bak ,* LOG* *.class *.jstmp config.cache config.log config.status manifest.tmp CmdLineArgException.class EditablePlot.class EditListener.class EPSGraphics.class Histogram.class HistogramApplet.class Plot.class PlotApplet.class PlotApplication.class PlotBox.class PlotBoxInterface.class PlotInterface.class PlotDataException.class PlotFormatter.class PlotFrame.class PlotLive.class PlotLiveApplet.class PlotPoint.class  plotapplet.jar plot.jar  ptplot5.11.devel.tar.gz ptplot5.11.devel.zip  vergil.jnlp plotapplication.jar plotmlapplet.jar pxgraphapplet.jar
rm -f core
making clean in ptolemy/plot/demo
make[4]: Entering directory '/home/travis/build/icyphy/ptII/adm/gen-11.1/src/ptII11.1.devel/ptolemy/plot/demo'
rm -rf *.o *.so *~ *.bak ,* LOG* *.class *.jstmp config.cache config.log config.status manifest.tmp HistogramDemo.class PlotDemo.class PlotFourierSeries.class PlotLiveDemo.class PlotLiveDemoApplet.class TwoPlotExample.class demo.jar     demo.jar 
rm -f core
make[4]: Leaving directory '/home/travis/build/icyphy/ptII/adm/gen-11.1/src/ptII11.1.devel/ptolemy/plot/demo'
making clean in ptolemy/plot/doc
make[4]: Entering directory '/home/travis/build/icyphy/ptII/adm/gen-11.1/src/ptII11.1.devel/ptolemy/plot/doc'
rm -rf *.o *.so *~ *.bak ,* LOG* *.class *.jstmp config.cache config.log config.status manifest.tmp        
rm -f core
make[4]: Leaving directory '/home/travis/build/icyphy/ptII/adm/gen-11.1/src/ptII11.1.devel/ptolemy/plot/doc'
making clean in ptolemy/plot/test
make[4]: Entering directory '/home/travis/build/icyphy/ptII/adm/gen-11.1/src/ptII11.1.devel/ptolemy/plot/test'
rm -rf *.o *.so *~ *.bak ,* LOG* *.class *.jstmp config.cache config.log config.status manifest.tmp        
rm -f core
make[4]: Leaving directory '/home/travis/build/icyphy/ptII/adm/gen-11.1/src/ptII11.1.devel/ptolemy/plot/test'
making clean in ptolemy/plot/plotml
make[4]: Entering directory '/home/travis/build/icyphy/ptII/adm/gen-11.1/src/ptII11.1.devel/ptolemy/plot/plotml'
rm -rf *.o *.so *~ *.bak ,* LOG* *.class *.jstmp config.cache config.log config.status manifest.tmp EditablePlotMLApplet.class EditablePlotMLApplication.class HistogramMLApplet.class HistogramMLApplication.class HistogramMLParser.class PlotBoxMLParser.class PlotMLApplet.class PlotMLApplication.class PlotMLFrame.class PlotMLParser.class plotml.jar     plotml.jar 
rm -f core
make[4]: Leaving directory '/home/travis/build/icyphy/ptII/adm/gen-11.1/src/ptII11.1.devel/ptolemy/plot/plotml'
making clean in ptolemy/plot/compat
make[4]: Entering directory '/home/travis/build/icyphy/ptII/adm/gen-11.1/src/ptII11.1.devel/ptolemy/plot/compat'
rm -rf *.o *.so *~ *.bak ,* LOG* *.class *.jstmp config.cache config.log config.status manifest.tmp PxgraphApplet.class PxgraphApplication.class PxgraphParser.class compat.jar     compat.jar 
rm -f core
make[4]: Leaving directory '/home/travis/build/icyphy/ptII/adm/gen-11.1/src/ptII11.1.devel/ptolemy/plot/compat'
making clean in ptolemy/plot/img
make[4]: Entering directory '/home/travis/build/icyphy/ptII/adm/gen-11.1/src/ptII11.1.devel/ptolemy/plot/img'
rm -rf *.o *.so *~ *.bak ,* LOG* *.class *.jstmp config.cache config.log config.status manifest.tmp  img.jar     img.jar 
rm -f core
make[4]: Leaving directory '/home/travis/build/icyphy/ptII/adm/gen-11.1/src/ptII11.1.devel/ptolemy/plot/img'
make[3]: Leaving directory '/home/travis/build/icyphy/ptII/adm/gen-11.1/src/ptII11.1.devel/ptolemy/plot'
making clean in ptolemy/graph
make[3]: Entering directory '/home/travis/build/icyphy/ptII/adm/gen-11.1/src/ptII11.1.devel/ptolemy/graph'
rm -rf *.o *.so *~ *.bak ,* LOG* *.class *.jstmp config.cache config.log config.status manifest.tmp CPO.class DirectedAcyclicGraph.class DirectedGraph.class Edge.class Element.class ElementList.class Graph.class GraphActionException.class GraphInvalidStateException.class GraphConstructionException.class GraphElementException.class GraphException.class GraphStateException.class GraphTopologyException.class GraphWeightException.class LabeledList.class Inequality.class InequalitySolver.class InequalityTerm.class Node.class NonLatticeCounterExample.class   graph.jar    
rm -f core
making clean in ptolemy/graph/analysis
make[4]: Entering directory '/home/travis/build/icyphy/ptII/adm/gen-11.1/src/ptII11.1.devel/ptolemy/graph/analysis'
rm -rf *.o *.so *~ *.bak ,* LOG* *.class *.jstmp config.cache config.log config.status manifest.tmp AllPairShortestPathAnalysis.class Analysis.class AnalysisException.class ClusterNodesAnalysis.class CycleExistenceAnalysis.class CycleMeanAnalysis.class MaximumProfitToCostRatioAnalysis.class MirrorTransformation.class NegativeLengthCycleAnalysis.class SingleSourceLongestPathAnalysis.class TransitiveClosureAnalysis.class SinkNodeAnalysis.class SelfLoopAnalysis.class SourceNodeAnalysis.class ZeroLengthCycleAnalysis.class InvalidAnalyzerException.class   analysis.jar    
rm -f core
making clean in ptolemy/graph/analysis/analyzer
make[5]: Entering directory '/home/travis/build/icyphy/ptII/adm/gen-11.1/src/ptII11.1.devel/ptolemy/graph/analysis/analyzer'
rm -rf *.o *.so *~ *.bak ,* LOG* *.class *.jstmp config.cache config.log config.status manifest.tmp AllPairShortestPathAnalyzer.class Analyzer.class ClusterNodesTransformer.class CycleExistenceAnalyzer.class CycleMeanAnalyzer.class GraphAnalyzer.class MaximumProfitToCostRatioAnalyzer.class MirrorTransformer.class NegativeLengthCycleAnalyzer.class SelfLoopAnalyzer.class SingleSourceLongestPathAnalyzer.class SinkNodeAnalyzer.class SourceNodeAnalyzer.class Transformer.class TransitiveClosureAnalyzer.class ZeroLengthCycleAnalyzer.class analyzer.jar     analyzer.jar 
rm -f core
making clean in ptolemy/graph/analysis/analyzer/test
make[6]: Entering directory '/home/travis/build/icyphy/ptII/adm/gen-11.1/src/ptII11.1.devel/ptolemy/graph/analysis/analyzer/test'
rm -rf *.o *.so *~ *.bak ,* LOG* *.class *.jstmp config.cache config.log config.status manifest.tmp        
rm -f core
make[6]: Leaving directory '/home/travis/build/icyphy/ptII/adm/gen-11.1/src/ptII11.1.devel/ptolemy/graph/analysis/analyzer/test'
make[5]: Leaving directory '/home/travis/build/icyphy/ptII/adm/gen-11.1/src/ptII11.1.devel/ptolemy/graph/analysis/analyzer'
making clean in ptolemy/graph/analysis/strategy
make[5]: Entering directory '/home/travis/build/icyphy/ptII/adm/gen-11.1/src/ptII11.1.devel/ptolemy/graph/analysis/strategy'
rm -rf *.o *.so *~ *.bak ,* LOG* *.class *.jstmp config.cache config.log config.status manifest.tmp AllEdgeSingleSourceLongestPathStrategy.class CachedStrategy.class ClusterNodesTransformerStrategy.class FloydWarshallAllPairShortestPathStrategy.class FloydWarshallCycleExistenceStrategy.class FloydWarshallNegativeLengthCycleStrategy.class FloydWarshallStrategy.class FloydWarshallTransitiveClosureStrategy.class FloydWarshallZeroLengthCycleStrategy.class KarpCycleMeanStrategy.class MirrorTransformerStrategy.class ParhiMaximumProfitToCostRatioStrategy.class SelfLoopStrategy.class SinkNodeStrategy.class SourceNodeStrategy.class Strategy.class strategy.jar     strategy.jar 
rm -f core
making clean in ptolemy/graph/analysis/strategy/test
make[6]: Entering directory '/home/travis/build/icyphy/ptII/adm/gen-11.1/src/ptII11.1.devel/ptolemy/graph/analysis/strategy/test'
rm -rf *.o *.so *~ *.bak ,* LOG* *.class *.jstmp config.cache config.log config.status manifest.tmp        
rm -f core
make[6]: Leaving directory '/home/travis/build/icyphy/ptII/adm/gen-11.1/src/ptII11.1.devel/ptolemy/graph/analysis/strategy/test'
make[5]: Leaving directory '/home/travis/build/icyphy/ptII/adm/gen-11.1/src/ptII11.1.devel/ptolemy/graph/analysis/strategy'
making clean in ptolemy/graph/analysis/test
make[5]: Entering directory '/home/travis/build/icyphy/ptII/adm/gen-11.1/src/ptII11.1.devel/ptolemy/graph/analysis/test'
rm -rf *.o *.so *~ *.bak ,* LOG* *.class *.jstmp config.cache config.log config.status manifest.tmp        
rm -f core
make[5]: Leaving directory '/home/travis/build/icyphy/ptII/adm/gen-11.1/src/ptII11.1.devel/ptolemy/graph/analysis/test'
make[4]: Leaving directory '/home/travis/build/icyphy/ptII/adm/gen-11.1/src/ptII11.1.devel/ptolemy/graph/analysis'
making clean in ptolemy/graph/sched
make[4]: Entering directory '/home/travis/build/icyphy/ptII/adm/gen-11.1/src/ptII11.1.devel/ptolemy/graph/sched'
rm -rf *.o *.so *~ *.bak ,* LOG* *.class *.jstmp config.cache config.log config.status manifest.tmp Firing.class Schedule.class ScheduleAnalysis.class ScheduleAnalyzer.class ScheduleElement.class sched.jar     sched.jar 
rm -f core
making clean in ptolemy/graph/sched/test
make[5]: Entering directory '/home/travis/build/icyphy/ptII/adm/gen-11.1/src/ptII11.1.devel/ptolemy/graph/sched/test'
rm -rf *.o *.so *~ *.bak ,* LOG* *.class *.jstmp config.cache config.log config.status manifest.tmp        
rm -f core
make[5]: Leaving directory '/home/travis/build/icyphy/ptII/adm/gen-11.1/src/ptII11.1.devel/ptolemy/graph/sched/test'
make[4]: Leaving directory '/home/travis/build/icyphy/ptII/adm/gen-11.1/src/ptII11.1.devel/ptolemy/graph/sched'
making clean in ptolemy/graph/mapping
make[4]: Entering directory '/home/travis/build/icyphy/ptII/adm/gen-11.1/src/ptII11.1.devel/ptolemy/graph/mapping'
rm -rf *.o *.so *~ *.bak ,* LOG* *.class *.jstmp config.cache config.log config.status manifest.tmp MapMapping.class Mapping.class ToDoubleMapMapping.class ToDoubleMapping.class ToIntMapMapping.class ToIntMapping.class mapping.jar     mapping.jar 
rm -f core
making clean in ptolemy/graph/mapping/test
make[5]: Entering directory '/home/travis/build/icyphy/ptII/adm/gen-11.1/src/ptII11.1.devel/ptolemy/graph/mapping/test'
rm -rf *.o *.so *~ *.bak ,* LOG* *.class *.jstmp config.cache config.log config.status manifest.tmp        
rm -f core
make[5]: Leaving directory '/home/travis/build/icyphy/ptII/adm/gen-11.1/src/ptII11.1.devel/ptolemy/graph/mapping/test'
make[4]: Leaving directory '/home/travis/build/icyphy/ptII/adm/gen-11.1/src/ptII11.1.devel/ptolemy/graph/mapping'
making clean in ptolemy/graph/test
make[4]: Entering directory '/home/travis/build/icyphy/ptII/adm/gen-11.1/src/ptII11.1.devel/ptolemy/graph/test'
rm -rf *.o *.so *~ *.bak ,* LOG* *.class *.jstmp config.cache config.log config.status manifest.tmp TestConstant.class TestVariable.class Utilities.class       
rm -f core
make[4]: Leaving directory '/home/travis/build/icyphy/ptII/adm/gen-11.1/src/ptII11.1.devel/ptolemy/graph/test'
make[3]: Leaving directory '/home/travis/build/icyphy/ptII/adm/gen-11.1/src/ptII11.1.devel/ptolemy/graph'
making clean in ptolemy/moml
make[3]: Entering directory '/home/travis/build/icyphy/ptII/adm/gen-11.1/src/ptII11.1.devel/ptolemy/moml'
rm -rf *.o *.so *~ *.bak ,* LOG* *.class *.jstmp config.cache config.log config.status manifest.tmp Documentation.class ConvertToLazy.class EntityLibrary.class ErrorHandler.class HandlesInternalLinks.class IconLoader.class ImportAttribute.class LibraryAttribute.class LibraryBuilder.class MissingClassException.class MoMLAttribute.class MoMLChangeRequest.class MoMLCommandLineApplication.class MoMLFilter.class MoMLModelAttribute.class MoMLParser.class MoMLSimpleApplication.class MoMLSimpleTimeoutApplication.class MoMLUndoEntry.class MoMLVariableChecker.class ParserAttribute.class SimpleErrorHandler.class StreamErrorHandler.class UndoContext.class Vertex.class   moml.jar    
rm -f core
making clean in ptolemy/moml/demo
make[4]: Entering directory '/home/travis/build/icyphy/ptII/adm/gen-11.1/src/ptII11.1.devel/ptolemy/moml/demo'
rm -rf *.o *.so *~ *.bak ,* LOG* *.class *.jstmp config.cache config.log config.status manifest.tmp    demo.jar    
rm -f core
making clean in ptolemy/moml/demo/Networked
make[5]: Entering directory '/home/travis/build/icyphy/ptII/adm/gen-11.1/src/ptII11.1.devel/ptolemy/moml/demo/Networked'
rm -rf *.o *.so *~ *.bak ,* LOG* *.class *.jstmp config.cache config.log config.status manifest.tmp  Networked.jar     Networked.jar 
rm -f core
make[5]: Leaving directory '/home/travis/build/icyphy/ptII/adm/gen-11.1/src/ptII11.1.devel/ptolemy/moml/demo/Networked'
make[4]: Leaving directory '/home/travis/build/icyphy/ptII/adm/gen-11.1/src/ptII11.1.devel/ptolemy/moml/demo'
making clean in ptolemy/moml/filter
make[4]: Entering directory '/home/travis/build/icyphy/ptII/adm/gen-11.1/src/ptII11.1.devel/ptolemy/moml/filter'
rm -rf *.o *.so *~ *.bak ,* LOG* *.class *.jstmp config.cache config.log config.status manifest.tmp ActorIndex.class AddEditorFactory.class AddMissingParameter.class AddIcon.class BackwardCompatibility.class ChangeFixedWidth1ToAuto.class ClassChanges.class DiscardDoubles.class DiscardDoublesArray.class DiscardGenerals.class DocAttributeChanges.class GRColorChanges.class HideAnnotationNames.class JavaScriptThisUpdate.class MultiportToSinglePort.class MoMLFilterSimple.class NamedObjClassesSeen.class LazyTypedCompositeActorChanges.class ParameterNameChanges.class PortClassChanges.class PortNameChanges.class PropertyClassChanges.class RelationWidthChanges.class RemoveClasses.class RemoveGraphicalClasses.class RemoveGraphicalClassesApplication.class RemoveNonPtinyClasses.class RemoveProperties.class filter.jar     filter.jar 
rm -f core
making clean in ptolemy/moml/filter/test
make[5]: Entering directory '/home/travis/build/icyphy/ptII/adm/gen-11.1/src/ptII11.1.devel/ptolemy/moml/filter/test'
rm -rf *.o *.so *~ *.bak ,* LOG* *.class *.jstmp config.cache config.log config.status manifest.tmp TestRamp.class       
rm -f core
make[5]: Leaving directory '/home/travis/build/icyphy/ptII/adm/gen-11.1/src/ptII11.1.devel/ptolemy/moml/filter/test'
make[4]: Leaving directory '/home/travis/build/icyphy/ptII/adm/gen-11.1/src/ptII11.1.devel/ptolemy/moml/filter'
making clean in ptolemy/moml/unit
make[4]: Entering directory '/home/travis/build/icyphy/ptII/adm/gen-11.1/src/ptII11.1.devel/ptolemy/moml/unit'
rm -rf *.o *.so *~ *.bak ,* LOG* *.class *.jstmp config.cache config.log config.status manifest.tmp Bindings.class EquationVisitor.class ExpandPortNames.class Solution.class Unit.class UnitAttribute.class UnitConstraint.class UnitConstraints.class UnitEquation.class UnitExpr.class UnitInEquality.class UnitLibrary.class UnitPresentation.class UnitTerm.class UParser.class ParseException.class SimpleCharStream.class Token.class TokenMgrError.class UParser.class UParserConstants.class UParserTokenManager.class unit.jar     unit.jar 
rm -f core
making clean in ptolemy/moml/unit/test
make[5]: Entering directory '/home/travis/build/icyphy/ptII/adm/gen-11.1/src/ptII11.1.devel/ptolemy/moml/unit/test'
rm -rf *.o *.so *~ *.bak ,* LOG* *.class *.jstmp config.cache config.log config.status manifest.tmp        
rm -f core
make[5]: Leaving directory '/home/travis/build/icyphy/ptII/adm/gen-11.1/src/ptII11.1.devel/ptolemy/moml/unit/test'
make[4]: Leaving directory '/home/travis/build/icyphy/ptII/adm/gen-11.1/src/ptII11.1.devel/ptolemy/moml/unit'
making clean in ptolemy/moml/test
make[4]: Entering directory '/home/travis/build/icyphy/ptII/adm/gen-11.1/src/ptII11.1.devel/ptolemy/moml/test'
rm -rf *.o *.so *~ *.bak ,* LOG* *.class *.jstmp config.cache config.log config.status manifest.tmp MoMLParserLeak.class RecorderErrorHandler.class TestIconLoader.class TestLibraryBuilder.class UnloadModelTest.class       
rm -f core
make[4]: Leaving directory '/home/travis/build/icyphy/ptII/adm/gen-11.1/src/ptII11.1.devel/ptolemy/moml/test'
make[3]: Leaving directory '/home/travis/build/icyphy/ptII/adm/gen-11.1/src/ptII11.1.devel/ptolemy/moml'
making clean in ptolemy/data
make[3]: Entering directory '/home/travis/build/icyphy/ptII/adm/gen-11.1/src/ptII11.1.devel/ptolemy/data'
rm -rf *.o *.so *~ *.bak ,* LOG* *.class *.jstmp config.cache config.log config.status manifest.tmp AbsentToken.class AbstractConvertibleToken.class AbstractNotConvertibleToken.class ActorToken.class ArrayToken.class AWTImageToken.class BitwiseOperationToken.class BooleanMatrixToken.class BooleanToken.class ComplexMatrixToken.class ComplexToken.class DateToken.class DoubleMatrixToken.class DoubleToken.class EventToken.class FixMatrixToken.class FixToken.class FloatToken.class Function.class FunctionToken.class ImageToken.class IntMatrixToken.class IntToken.class LongMatrixToken.class LongToken.class MatrixToken.class Numerical.class ObjectToken.class OrderedRecordToken.class PartiallyOrderedToken.class PetiteToken.class RecordToken.class ScalarToken.class ShortToken.class SmoothToken.class StringToken.class Token.class TokenUtilities.class TupleToken.class UnionToken.class UnsignedByteToken.class UnsizedArrayToken.class UnsizedFixToken.class UpdatedArrayToken.class XMLToken.class   data.jar    
rm -f core
making clean in ptolemy/data/expr
make[4]: Entering directory '/home/travis/build/icyphy/ptII/adm/gen-11.1/src/ptII11.1.devel/ptolemy/data/expr'
rm -rf *.o *.so *~ *.bak ,* LOG* *.class *.jstmp config.cache config.log config.status manifest.tmp AbstractInitializableParameter.class AbstractParseTreeVisitor.class ASTPtArrayConstructNode.class ASTPtAssignmentNode.class ASTPtBitwiseNode.class ASTPtFunctionApplicationNode.class ASTPtFunctionDefinitionNode.class ASTPtFunctionalIfNode.class ASTPtLeafNode.class ASTPtLogicalNode.class ASTPtMatrixConstructNode.class ASTPtMethodCallNode.class ASTPtOrderedRecordConstructNode.class ASTPtProductNode.class ASTPtPowerNode.class ASTPtRecordConstructNode.class ASTPtRelationalNode.class ASTPtRootNode.class ASTPtShiftNode.class ASTPtSumNode.class ASTPtUnaryNode.class ASTPtUnionConstructNode.class CachedMethod.class ChoiceParameter.class ChoiceStringParameter.class ConcreteMatrixToken.class ConcreteScalarToken.class Constants.class ContainmentExtender.class ConstraintMonitor.class ConversionUtilities.class CParseTreeCodeGenerator.class ExpertParameter.class ExplicitScope.class ExpressionFunction.class FileParameter.class FixPointFunctions.class GeneralToken.class MatlabUtilities.class ModelScope.class MoMLUtilities.class NamedConstantsScope.class NameParameter.class NestedScope.class Parameter.class ParseTreeDumper.class ParseTreeEvaluator.class ParseTreeFreeVariableCollector.class ParseTreeFreeVariableRenamer.class ParseTreeSpecializer.class ParseTreeTypeInference.class ParseTreeVisitor.class ParseTreeWriter.class ParserScope.class ScopeExtendingAttribute.class SingletonParameter.class StringConstantParameter.class StringParameter.class TemporaryVariable.class UndefinedConstantOrIdentifierException.class UnknownResultException.class UtilityFunctions.class UnknownToken.class Variable.class XMLParser.class PtParser.class MatrixParser.class JJTMatrixParserState.class JJTPtParserState.class MatrixParserConstants.class MatrixParserTokenManager.class MatrixParserTreeConstants.class Node.class ParseException.class PtParserConstants.class PtParserTokenManager.class PtParserTreeConstants.class SimpleCharStream.class SimpleNode.class Token.class TokenMgrError.class expr.jar     expr.jar 
rm -f core
making clean in ptolemy/data/expr/test
make[5]: Entering directory '/home/travis/build/icyphy/ptII/adm/gen-11.1/src/ptII11.1.devel/ptolemy/data/expr/test'
rm -rf *.o *.so *~ *.bak ,* LOG* *.class *.jstmp config.cache config.log config.status manifest.tmp AttributeChanged.class       
rm -f core
make[5]: Leaving directory '/home/travis/build/icyphy/ptII/adm/gen-11.1/src/ptII11.1.devel/ptolemy/data/expr/test'
make[4]: Leaving directory '/home/travis/build/icyphy/ptII/adm/gen-11.1/src/ptII11.1.devel/ptolemy/data/expr'
making clean in ptolemy/data/test
make[4]: Entering directory '/home/travis/build/icyphy/ptII/adm/gen-11.1/src/ptII11.1.devel/ptolemy/data/test'
rm -rf *.o *.so *~ *.bak ,* LOG* *.class *.jstmp config.cache config.log config.status manifest.tmp TokenUtilitiesTest.class       
rm -f core
make[4]: Leaving directory '/home/travis/build/icyphy/ptII/adm/gen-11.1/src/ptII11.1.devel/ptolemy/data/test'
making clean in ptolemy/data/type
make[4]: Entering directory '/home/travis/build/icyphy/ptII/adm/gen-11.1/src/ptII11.1.devel/ptolemy/data/type'
rm -rf *.o *.so *~ *.bak ,* LOG* *.class *.jstmp config.cache config.log config.status manifest.tmp ActorType.class ArrayType.class AssociativeType.class BaseType.class FixType.class FunctionType.class HasTypeConstraints.class MatrixType.class MonotonicFunction.class ObjectType.class RecordType.class StructuredType.class TupleType.class Type.class Typeable.class TypeConstant.class TypeLattice.class UnionType.class type.jar     type.jar 
rm -f core
making clean in ptolemy/data/type/test
make[5]: Entering directory '/home/travis/build/icyphy/ptII/adm/gen-11.1/src/ptII11.1.devel/ptolemy/data/type/test'
rm -rf *.o *.so *~ *.bak ,* LOG* *.class *.jstmp config.cache config.log config.status manifest.tmp TestToken.class TestTypeLattice.class       
rm -f core
make[5]: Leaving directory '/home/travis/build/icyphy/ptII/adm/gen-11.1/src/ptII11.1.devel/ptolemy/data/type/test'
making clean in ptolemy/data/type/demo
make[5]: Entering directory '/home/travis/build/icyphy/ptII/adm/gen-11.1/src/ptII11.1.devel/ptolemy/data/type/demo'
rm -rf *.o *.so *~ *.bak ,* LOG* *.class *.jstmp config.cache config.log config.status manifest.tmp    demo.jar    
rm -f core
making clean in ptolemy/data/type/demo/Objects
make[6]: Entering directory '/home/travis/build/icyphy/ptII/adm/gen-11.1/src/ptII11.1.devel/ptolemy/data/type/demo/Objects'
rm -rf *.o *.so *~ *.bak ,* LOG* *.class *.jstmp config.cache config.log config.status manifest.tmp  Objects.jar     Objects.jar 
rm -f core
make[6]: Leaving directory '/home/travis/build/icyphy/ptII/adm/gen-11.1/src/ptII11.1.devel/ptolemy/data/type/demo/Objects'
making clean in ptolemy/data/type/demo/Router
make[6]: Entering directory '/home/travis/build/icyphy/ptII/adm/gen-11.1/src/ptII11.1.devel/ptolemy/data/type/demo/Router'
rm -rf *.o *.so *~ *.bak ,* LOG* *.class *.jstmp config.cache config.log config.status manifest.tmp  Router.jar     Router.jar 
rm -f core
make[6]: Leaving directory '/home/travis/build/icyphy/ptII/adm/gen-11.1/src/ptII11.1.devel/ptolemy/data/type/demo/Router'
make[5]: Leaving directory '/home/travis/build/icyphy/ptII/adm/gen-11.1/src/ptII11.1.devel/ptolemy/data/type/demo'
make[4]: Leaving directory '/home/travis/build/icyphy/ptII/adm/gen-11.1/src/ptII11.1.devel/ptolemy/data/type'
making clean in ptolemy/data/unit
make[4]: Entering directory '/home/travis/build/icyphy/ptII/adm/gen-11.1/src/ptII11.1.devel/ptolemy/data/unit'
rm -rf *.o *.so *~ *.bak ,* LOG* *.class *.jstmp config.cache config.log config.status manifest.tmp BaseUnit.class UnitCategory.class UnitSystem.class UnitUtilities.class unit.jar     unit.jar 
rm -f core
making clean in ptolemy/data/unit/test
make[5]: Entering directory '/home/travis/build/icyphy/ptII/adm/gen-11.1/src/ptII11.1.devel/ptolemy/data/unit/test'
rm -rf *.o *.so *~ *.bak ,* LOG* *.class *.jstmp config.cache config.log config.status manifest.tmp        
rm -f core
make[5]: Leaving directory '/home/travis/build/icyphy/ptII/adm/gen-11.1/src/ptII11.1.devel/ptolemy/data/unit/test'
making clean in ptolemy/data/unit/demo
make[5]: Entering directory '/home/travis/build/icyphy/ptII/adm/gen-11.1/src/ptII11.1.devel/ptolemy/data/unit/demo'
rm -rf *.o *.so *~ *.bak ,* LOG* *.class *.jstmp config.cache config.log config.status manifest.tmp    demo.jar    
rm -f core
making clean in ptolemy/data/unit/demo/StaticUnits
make[6]: Entering directory '/home/travis/build/icyphy/ptII/adm/gen-11.1/src/ptII11.1.devel/ptolemy/data/unit/demo/StaticUnits'
rm -rf *.o *.so *~ *.bak ,* LOG* *.class *.jstmp config.cache config.log config.status manifest.tmp  StaticUnits.jar     StaticUnits.jar 
rm -f core
make[6]: Leaving directory '/home/travis/build/icyphy/ptII/adm/gen-11.1/src/ptII11.1.devel/ptolemy/data/unit/demo/StaticUnits'
making clean in ptolemy/data/unit/demo/Units
make[6]: Entering directory '/home/travis/build/icyphy/ptII/adm/gen-11.1/src/ptII11.1.devel/ptolemy/data/unit/demo/Units'
rm -rf *.o *.so *~ *.bak ,* LOG* *.class *.jstmp config.cache config.log config.status manifest.tmp  Units.jar     Units.jar 
rm -f core
make[6]: Leaving directory '/home/travis/build/icyphy/ptII/adm/gen-11.1/src/ptII11.1.devel/ptolemy/data/unit/demo/Units'
make[5]: Leaving directory '/home/travis/build/icyphy/ptII/adm/gen-11.1/src/ptII11.1.devel/ptolemy/data/unit/demo'
make[4]: Leaving directory '/home/travis/build/icyphy/ptII/adm/gen-11.1/src/ptII11.1.devel/ptolemy/data/unit'
making clean in ptolemy/data/ontologies
make[4]: Entering directory '/home/travis/build/icyphy/ptII/adm/gen-11.1/src/ptII11.1.devel/ptolemy/data/ontologies'
rm -rf *.o *.so *~ *.bak ,* LOG* *.class *.jstmp config.cache config.log config.status manifest.tmp ActorModelScope.class AnalyzeExceptionAttribute.class ClassConceptFunctionDefinitionAttribute.class Concept.class ConceptAttribute.class ConceptFromRecordField.class ConceptFunction.class ConceptFunctionDefinitionAttribute.class ConceptFunctionInequalityTerm.class ConceptGraph.class ConceptRelation.class ConceptToken.class ConceptType.class DAGConceptGraph.class ExpressionConceptFunction.class ExpressionConceptFunctionDefinitionAttribute.class ExpressionConceptFunctionParseTreeEvaluator.class ExpressionConceptFunctionParseTreeTypeInference.class ExceptionAnalyzer.class FiniteConcept.class FlatScalarTokenInfiniteConcept.class FlatScalarTokenRepresentativeConcept.class FlatTokenInfiniteConcept.class FlatTokenRepresentativeConcept.class InfiniteConcept.class InfiniteConceptRepresentative.class MapTypeInfiniteConcept.class Ontology.class OntologyAdapter.class OntologyAnnotationAttribute.class OntologyMoMLHandler.class OntologyResolutionException.class OntologySolver.class OntologySolverBase.class OntologySolverModel.class OntologySolverUtilities.class ParseTreeAnnotationEvaluator.class ParseTreeASTNodeAdapterCollector.class RecordConcept.class RecordFromIndividualConcepts.class   ontologies.jar    
rm -f core
making clean in ptolemy/data/ontologies/demo
make[5]: Entering directory '/home/travis/build/icyphy/ptII/adm/gen-11.1/src/ptII11.1.devel/ptolemy/data/ontologies/demo'
rm -rf *.o *.so *~ *.bak ,* LOG* *.class *.jstmp config.cache config.log config.status manifest.tmp    demo.jar    
rm -f core
making clean in ptolemy/data/ontologies/demo/CarTracking
make[6]: Entering directory '/home/travis/build/icyphy/ptII/adm/gen-11.1/src/ptII11.1.devel/ptolemy/data/ontologies/demo/CarTracking'
rm -rf *.o *.so *~ *.bak ,* LOG* *.class *.jstmp config.cache config.log config.status manifest.tmp  CarTracking.jar     CarTracking.jar 
rm -f core
making clean in ptolemy/data/ontologies/demo/CarTracking/test
make[7]: Entering directory '/home/travis/build/icyphy/ptII/adm/gen-11.1/src/ptII11.1.devel/ptolemy/data/ontologies/demo/CarTracking/test'
rm -rf *.o *.so *~ *.bak ,* LOG* *.class *.jstmp config.cache config.log config.status manifest.tmp        
rm -f core
make[7]: Leaving directory '/home/travis/build/icyphy/ptII/adm/gen-11.1/src/ptII11.1.devel/ptolemy/data/ontologies/demo/CarTracking/test'
make[6]: Leaving directory '/home/travis/build/icyphy/ptII/adm/gen-11.1/src/ptII11.1.devel/ptolemy/data/ontologies/demo/CarTracking'
making clean in ptolemy/data/ontologies/demo/ConstAbstractInterpretation
make[6]: Entering directory '/home/travis/build/icyphy/ptII/adm/gen-11.1/src/ptII11.1.devel/ptolemy/data/ontologies/demo/ConstAbstractInterpretation'
rm -rf *.o *.so *~ *.bak ,* LOG* *.class *.jstmp config.cache config.log config.status manifest.tmp  ConstAbstractInterpretation.jar     ConstAbstractInterpretation.jar 
rm -f core
making clean in ptolemy/data/ontologies/demo/ConstAbstractInterpretation/test
make[7]: Entering directory '/home/travis/build/icyphy/ptII/adm/gen-11.1/src/ptII11.1.devel/ptolemy/data/ontologies/demo/ConstAbstractInterpretation/test'
rm -rf *.o *.so *~ *.bak ,* LOG* *.class *.jstmp config.cache config.log config.status manifest.tmp        
rm -f core
make[7]: Leaving directory '/home/travis/build/icyphy/ptII/adm/gen-11.1/src/ptII11.1.devel/ptolemy/data/ontologies/demo/ConstAbstractInterpretation/test'
make[6]: Leaving directory '/home/travis/build/icyphy/ptII/adm/gen-11.1/src/ptII11.1.devel/ptolemy/data/ontologies/demo/ConstAbstractInterpretation'
making clean in ptolemy/data/ontologies/demo/ConstAbstractInterpretationObservable
make[6]: Entering directory '/home/travis/build/icyphy/ptII/adm/gen-11.1/src/ptII11.1.devel/ptolemy/data/ontologies/demo/ConstAbstractInterpretationObservable'
rm -rf *.o *.so *~ *.bak ,* LOG* *.class *.jstmp config.cache config.log config.status manifest.tmp  ConstAbstractInterpretationObservable.jar     ConstAbstractInterpretationObservable.jar 
rm -f core
make[6]: Leaving directory '/home/travis/build/icyphy/ptII/adm/gen-11.1/src/ptII11.1.devel/ptolemy/data/ontologies/demo/ConstAbstractInterpretationObservable'
making clean in ptolemy/data/ontologies/demo/ConstNonconst
make[6]: Entering directory '/home/travis/build/icyphy/ptII/adm/gen-11.1/src/ptII11.1.devel/ptolemy/data/ontologies/demo/ConstNonconst'
rm -rf *.o *.so *~ *.bak ,* LOG* *.class *.jstmp config.cache config.log config.status manifest.tmp  ConstNonconst.jar     ConstNonconst.jar 
rm -f core
making clean in ptolemy/data/ontologies/demo/ConstNonconst/test
make[7]: Entering directory '/home/travis/build/icyphy/ptII/adm/gen-11.1/src/ptII11.1.devel/ptolemy/data/ontologies/demo/ConstNonconst/test'
rm -rf *.o *.so *~ *.bak ,* LOG* *.class *.jstmp config.cache config.log config.status manifest.tmp        
rm -f core
make[7]: Leaving directory '/home/travis/build/icyphy/ptII/adm/gen-11.1/src/ptII11.1.devel/ptolemy/data/ontologies/demo/ConstNonconst/test'
make[6]: Leaving directory '/home/travis/build/icyphy/ptII/adm/gen-11.1/src/ptII11.1.devel/ptolemy/data/ontologies/demo/ConstNonconst'
making clean in ptolemy/data/ontologies/demo/ConstPropagation
make[6]: Entering directory '/home/travis/build/icyphy/ptII/adm/gen-11.1/src/ptII11.1.devel/ptolemy/data/ontologies/demo/ConstPropagation'
rm -rf *.o *.so *~ *.bak ,* LOG* *.class *.jstmp config.cache config.log config.status manifest.tmp  ConstPropagation.jar     ConstPropagation.jar 
rm -f core
make[6]: Leaving directory '/home/travis/build/icyphy/ptII/adm/gen-11.1/src/ptII11.1.devel/ptolemy/data/ontologies/demo/ConstPropagation'
making clean in ptolemy/data/ontologies/demo/DimensionSystemExample
make[6]: Entering directory '/home/travis/build/icyphy/ptII/adm/gen-11.1/src/ptII11.1.devel/ptolemy/data/ontologies/demo/DimensionSystemExample'
rm -rf *.o *.so *~ *.bak ,* LOG* *.class *.jstmp config.cache config.log config.status manifest.tmp  DimensionSystemExample.jar     DimensionSystemExample.jar 
rm -f core
make[6]: Leaving directory '/home/travis/build/icyphy/ptII/adm/gen-11.1/src/ptII11.1.devel/ptolemy/data/ontologies/demo/DimensionSystemExample'
making clean in ptolemy/data/ontologies/demo/ExceptionAnalysis
make[6]: Entering directory '/home/travis/build/icyphy/ptII/adm/gen-11.1/src/ptII11.1.devel/ptolemy/data/ontologies/demo/ExceptionAnalysis'
rm -rf *.o *.so *~ *.bak ,* LOG* *.class *.jstmp config.cache config.log config.status manifest.tmp  ExceptionAnalysis.jar     ExceptionAnalysis.jar 
rm -f core
make[6]: Leaving directory '/home/travis/build/icyphy/ptII/adm/gen-11.1/src/ptII11.1.devel/ptolemy/data/ontologies/demo/ExceptionAnalysis'
making clean in ptolemy/data/ontologies/demo/MonotonicityAnalysis
make[6]: Entering directory '/home/travis/build/icyphy/ptII/adm/gen-11.1/src/ptII11.1.devel/ptolemy/data/ontologies/demo/MonotonicityAnalysis'
rm -rf *.o *.so *~ *.bak ,* LOG* *.class *.jstmp config.cache config.log config.status manifest.tmp  MonotonicityAnalysis.jar     MonotonicityAnalysis.jar 
rm -f core
making clean in ptolemy/data/ontologies/demo/MonotonicityAnalysis/test
make[7]: Entering directory '/home/travis/build/icyphy/ptII/adm/gen-11.1/src/ptII11.1.devel/ptolemy/data/ontologies/demo/MonotonicityAnalysis/test'
rm -rf *.o *.so *~ *.bak ,* LOG* *.class *.jstmp config.cache config.log config.status manifest.tmp        
rm -f core
make[7]: Leaving directory '/home/travis/build/icyphy/ptII/adm/gen-11.1/src/ptII11.1.devel/ptolemy/data/ontologies/demo/MonotonicityAnalysis/test'
make[6]: Leaving directory '/home/travis/build/icyphy/ptII/adm/gen-11.1/src/ptII11.1.devel/ptolemy/data/ontologies/demo/MonotonicityAnalysis'
making clean in ptolemy/data/ontologies/demo/Observable
make[6]: Entering directory '/home/travis/build/icyphy/ptII/adm/gen-11.1/src/ptII11.1.devel/ptolemy/data/ontologies/demo/Observable'
rm -rf *.o *.so *~ *.bak ,* LOG* *.class *.jstmp config.cache config.log config.status manifest.tmp  Observable.jar     Observable.jar 
rm -f core
make[6]: Leaving directory '/home/travis/build/icyphy/ptII/adm/gen-11.1/src/ptII11.1.devel/ptolemy/data/ontologies/demo/Observable'
making clean in ptolemy/data/ontologies/demo/ProductLattices
make[6]: Entering directory '/home/travis/build/icyphy/ptII/adm/gen-11.1/src/ptII11.1.devel/ptolemy/data/ontologies/demo/ProductLattices'
rm -rf *.o *.so *~ *.bak ,* LOG* *.class *.jstmp config.cache config.log config.status manifest.tmp  ProductLattices.jar     ProductLattices.jar 
rm -f core
make[6]: Leaving directory '/home/travis/build/icyphy/ptII/adm/gen-11.1/src/ptII11.1.devel/ptolemy/data/ontologies/demo/ProductLattices'
making clean in ptolemy/data/ontologies/demo/UnitSystemExample
make[6]: Entering directory '/home/travis/build/icyphy/ptII/adm/gen-11.1/src/ptII11.1.devel/ptolemy/data/ontologies/demo/UnitSystemExample'
rm -rf *.o *.so *~ *.bak ,* LOG* *.class *.jstmp config.cache config.log config.status manifest.tmp  UnitSystemExample.jar     UnitSystemExample.jar 
rm -f core
make[6]: Leaving directory '/home/travis/build/icyphy/ptII/adm/gen-11.1/src/ptII11.1.devel/ptolemy/data/ontologies/demo/UnitSystemExample'
make[5]: Leaving directory '/home/travis/build/icyphy/ptII/adm/gen-11.1/src/ptII11.1.devel/ptolemy/data/ontologies/demo'
making clean in ptolemy/data/ontologies/doc
make[5]: Entering directory '/home/travis/build/icyphy/ptII/adm/gen-11.1/src/ptII11.1.devel/ptolemy/data/ontologies/doc'
rm -rf *.o *.so *~ *.bak ,* LOG* *.class *.jstmp config.cache config.log config.status manifest.tmp    doc.jar    
rm -f core
making clean in ptolemy/data/ontologies/doc/udunits2Database
make[6]: Entering directory '/home/travis/build/icyphy/ptII/adm/gen-11.1/src/ptII11.1.devel/ptolemy/data/ontologies/doc/udunits2Database'
rm -rf *.o *.so *~ *.bak ,* LOG* *.class *.jstmp config.cache config.log config.status manifest.tmp  udunits2Database.jar     udunits2Database.jar 
rm -f core
make[6]: Leaving directory '/home/travis/build/icyphy/ptII/adm/gen-11.1/src/ptII11.1.devel/ptolemy/data/ontologies/doc/udunits2Database'
make[5]: Leaving directory '/home/travis/build/icyphy/ptII/adm/gen-11.1/src/ptII11.1.devel/ptolemy/data/ontologies/doc'
making clean in ptolemy/data/ontologies/gui
make[5]: Entering directory '/home/travis/build/icyphy/ptII/adm/gen-11.1/src/ptII11.1.devel/ptolemy/data/ontologies/gui'
rm -rf *.o *.so *~ *.bak ,* LOG* *.class *.jstmp config.cache config.log config.status manifest.tmp DeltaConstraintSolverDisplayActions.class OntologyDisplayActions.class OntologySolverGUIFactory.class ProductLatticeOntologySolverDisplayActions.class   gui.jar    
rm -f core
make[5]: Leaving directory '/home/travis/build/icyphy/ptII/adm/gen-11.1/src/ptII11.1.devel/ptolemy/data/ontologies/gui'
making clean in ptolemy/data/ontologies/lattice
make[5]: Entering directory '/home/travis/build/icyphy/ptII/adm/gen-11.1/src/ptII11.1.devel/ptolemy/data/ontologies/lattice'
rm -rf *.o *.so *~ *.bak ,* LOG* *.class *.jstmp config.cache config.log config.status manifest.tmp ActorConstraintsDefinitionAdapter.class ActorConstraintsDefinitionAttribute.class ActorProductLatticeConstraintsDefinitionAdapter.class AddConceptFunctionDefinition.class ApplyBinaryFunctionToMultipleArguments.class BinaryOperationMonotonicFunctionDefinition.class CollectLatticeOntologySolverDetails.class ConceptTermFactory.class ConceptTermManager.class ConstraintManager.class DeltaConstraintSolver.class DivideConceptFunctionDefinition.class InequalityConceptFunctionDefinition.class LatticeOntologyAdapter.class LatticeOntologyASTNodeAdapter.class LatticeOntologyCompositeAdapter.class LatticeOntologyModalFSMAdapter.class LatticeOntologySolver.class LogicOpConceptFunctionDefinition.class MultiplyConceptFunctionDefinition.class NonProductLatticeCounterExample.class ParseTreeConstraintAnnotationEvaluator.class ProductLatticeConcept.class ProductLatticeCPO.class ProductLatticeDerivedConceptFunction.class ProductLatticeOntology.class ProductLatticeOntologyAdapter.class ProductLatticeOntologyASTNodeAdapter.class ProductLatticeOntologyCompositeAdapter.class ProductLatticeOntologySolver.class ProductLatticeWrapperConceptFunction.class SubtractConceptFunctionDefinition.class UnaryOperationMonotonicFunctionDefinition.class   lattice.jar    
rm -f core
making clean in ptolemy/data/ontologies/lattice/adapters
make[6]: Entering directory '/home/travis/build/icyphy/ptII/adm/gen-11.1/src/ptII11.1.devel/ptolemy/data/ontologies/lattice/adapters'
rm -rf *.o *.so *~ *.bak ,* LOG* *.class *.jstmp config.cache config.log config.status manifest.tmp    adapters.jar    
rm -f core
making clean in ptolemy/data/ontologies/lattice/adapters/abstractInterpretation
make[7]: Entering directory '/home/travis/build/icyphy/ptII/adm/gen-11.1/src/ptII11.1.devel/ptolemy/data/ontologies/lattice/adapters/abstractInterpretation'
rm -rf *.o *.so *~ *.bak ,* LOG* *.class *.jstmp config.cache config.log config.status manifest.tmp    abstractInterpretation.jar    
rm -f core
making clean in ptolemy/data/ontologies/lattice/adapters/abstractInterpretation//data
make[8]: Entering directory '/home/travis/build/icyphy/ptII/adm/gen-11.1/src/ptII11.1.devel/ptolemy/data/ontologies/lattice/adapters/abstractInterpretation/data'
rm -rf *.o *.so *~ *.bak ,* LOG* *.class *.jstmp config.cache config.log config.status manifest.tmp    data.jar    
rm -f core
making clean in ptolemy/data/ontologies/lattice/adapters/abstractInterpretation/data/expr
make[9]: Entering directory '/home/travis/build/icyphy/ptII/adm/gen-11.1/src/ptII11.1.devel/ptolemy/data/ontologies/lattice/adapters/abstractInterpretation/data/expr'
rm -rf *.o *.so *~ *.bak ,* LOG* *.class *.jstmp config.cache config.log config.status manifest.tmp ASTPtLeafNode.class expr.jar     expr.jar 
rm -f core
make[9]: Leaving directory '/home/travis/build/icyphy/ptII/adm/gen-11.1/src/ptII11.1.devel/ptolemy/data/ontologies/lattice/adapters/abstractInterpretation/data/expr'
make[8]: Leaving directory '/home/travis/build/icyphy/ptII/adm/gen-11.1/src/ptII11.1.devel/ptolemy/data/ontologies/lattice/adapters/abstractInterpretation/data'
making clean in ptolemy/data/ontologies/lattice/adapters/abstractInterpretation//test
make[8]: Entering directory '/home/travis/build/icyphy/ptII/adm/gen-11.1/src/ptII11.1.devel/ptolemy/data/ontologies/lattice/adapters/abstractInterpretation/test'
rm -rf *.o *.so *~ *.bak ,* LOG* *.class *.jstmp config.cache config.log config.status manifest.tmp        
rm -f core
make[8]: Leaving directory '/home/travis/build/icyphy/ptII/adm/gen-11.1/src/ptII11.1.devel/ptolemy/data/ontologies/lattice/adapters/abstractInterpretation/test'
make[7]: Leaving directory '/home/travis/build/icyphy/ptII/adm/gen-11.1/src/ptII11.1.devel/ptolemy/data/ontologies/lattice/adapters/abstractInterpretation'
making clean in ptolemy/data/ontologies/lattice/adapters/constAbsIntObservable
make[7]: Entering directory '/home/travis/build/icyphy/ptII/adm/gen-11.1/src/ptII11.1.devel/ptolemy/data/ontologies/lattice/adapters/constAbsIntObservable'
rm -rf *.o *.so *~ *.bak ,* LOG* *.class *.jstmp config.cache config.log config.status manifest.tmp    constAbsIntObservable.jar    
rm -f core
making clean in ptolemy/data/ontologies/lattice/adapters/constAbsIntObservable//data
make[8]: Entering directory '/home/travis/build/icyphy/ptII/adm/gen-11.1/src/ptII11.1.devel/ptolemy/data/ontologies/lattice/adapters/constAbsIntObservable/data'
rm -rf *.o *.so *~ *.bak ,* LOG* *.class *.jstmp config.cache config.log config.status manifest.tmp    data.jar    
rm -f core
making clean in ptolemy/data/ontologies/lattice/adapters/constAbsIntObservable/data/expr
make[9]: Entering directory '/home/travis/build/icyphy/ptII/adm/gen-11.1/src/ptII11.1.devel/ptolemy/data/ontologies/lattice/adapters/constAbsIntObservable/data/expr'
rm -rf *.o *.so *~ *.bak ,* LOG* *.class *.jstmp config.cache config.log config.status manifest.tmp ASTPtLeafNode.class expr.jar     expr.jar 
rm -f core
make[9]: Leaving directory '/home/travis/build/icyphy/ptII/adm/gen-11.1/src/ptII11.1.devel/ptolemy/data/ontologies/lattice/adapters/constAbsIntObservable/data/expr'
make[8]: Leaving directory '/home/travis/build/icyphy/ptII/adm/gen-11.1/src/ptII11.1.devel/ptolemy/data/ontologies/lattice/adapters/constAbsIntObservable/data'
make[7]: Leaving directory '/home/travis/build/icyphy/ptII/adm/gen-11.1/src/ptII11.1.devel/ptolemy/data/ontologies/lattice/adapters/constAbsIntObservable'
making clean in ptolemy/data/ontologies/lattice/adapters/constAbstractInterpretation
make[7]: Entering directory '/home/travis/build/icyphy/ptII/adm/gen-11.1/src/ptII11.1.devel/ptolemy/data/ontologies/lattice/adapters/constAbstractInterpretation'
rm -rf *.o *.so *~ *.bak ,* LOG* *.class *.jstmp config.cache config.log config.status manifest.tmp    constAbstractInterpretation.jar    
rm -f core
making clean in ptolemy/data/ontologies/lattice/adapters/constAbstractInterpretation/data
make[8]: Entering directory '/home/travis/build/icyphy/ptII/adm/gen-11.1/src/ptII11.1.devel/ptolemy/data/ontologies/lattice/adapters/constAbstractInterpretation/data'
rm -rf *.o *.so *~ *.bak ,* LOG* *.class *.jstmp config.cache config.log config.status manifest.tmp    data.jar    
rm -f core
making clean in ptolemy/data/ontologies/lattice/adapters/constAbstractInterpretation/data/expr
make[9]: Entering directory '/home/travis/build/icyphy/ptII/adm/gen-11.1/src/ptII11.1.devel/ptolemy/data/ontologies/lattice/adapters/constAbstractInterpretation/data/expr'
rm -rf *.o *.so *~ *.bak ,* LOG* *.class *.jstmp config.cache config.log config.status manifest.tmp ASTPtLeafNode.class expr.jar     expr.jar 
rm -f core
make[9]: Leaving directory '/home/travis/build/icyphy/ptII/adm/gen-11.1/src/ptII11.1.devel/ptolemy/data/ontologies/lattice/adapters/constAbstractInterpretation/data/expr'
make[8]: Leaving directory '/home/travis/build/icyphy/ptII/adm/gen-11.1/src/ptII11.1.devel/ptolemy/data/ontologies/lattice/adapters/constAbstractInterpretation/data'
make[7]: Leaving directory '/home/travis/build/icyphy/ptII/adm/gen-11.1/src/ptII11.1.devel/ptolemy/data/ontologies/lattice/adapters/constAbstractInterpretation'
making clean in ptolemy/data/ontologies/lattice/adapters/constLattice
make[7]: Entering directory '/home/travis/build/icyphy/ptII/adm/gen-11.1/src/ptII11.1.devel/ptolemy/data/ontologies/lattice/adapters/constLattice'
rm -rf *.o *.so *~ *.bak ,* LOG* *.class *.jstmp config.cache config.log config.status manifest.tmp  constLattice.jar     constLattice.jar 
rm -f core
make[7]: Leaving directory '/home/travis/build/icyphy/ptII/adm/gen-11.1/src/ptII11.1.devel/ptolemy/data/ontologies/lattice/adapters/constLattice'
making clean in ptolemy/data/ontologies/lattice/adapters/constObservableProductLattice
make[7]: Entering directory '/home/travis/build/icyphy/ptII/adm/gen-11.1/src/ptII11.1.devel/ptolemy/data/ontologies/lattice/adapters/constObservableProductLattice'
rm -rf *.o *.so *~ *.bak ,* LOG* *.class *.jstmp config.cache config.log config.status manifest.tmp  constObservableProductLattice.jar     constObservableProductLattice.jar 
rm -f core
make[7]: Leaving directory '/home/travis/build/icyphy/ptII/adm/gen-11.1/src/ptII11.1.devel/ptolemy/data/ontologies/lattice/adapters/constObservableProductLattice'
making clean in ptolemy/data/ontologies/lattice/adapters/constPropagation
make[7]: Entering directory '/home/travis/build/icyphy/ptII/adm/gen-11.1/src/ptII11.1.devel/ptolemy/data/ontologies/lattice/adapters/constPropagation'
rm -rf *.o *.so *~ *.bak ,* LOG* *.class *.jstmp config.cache config.log config.status manifest.tmp ConstPropagationMathFunctions.class   constPropagation.jar    
rm -f core
making clean in ptolemy/data/ontologies/lattice/adapters/constPropagation/data
make[8]: Entering directory '/home/travis/build/icyphy/ptII/adm/gen-11.1/src/ptII11.1.devel/ptolemy/data/ontologies/lattice/adapters/constPropagation/data'
rm -rf *.o *.so *~ *.bak ,* LOG* *.class *.jstmp config.cache config.log config.status manifest.tmp    data.jar    
rm -f core
making clean in ptolemy/data/ontologies/lattice/adapters/constPropagation/data/expr
make[9]: Entering directory '/home/travis/build/icyphy/ptII/adm/gen-11.1/src/ptII11.1.devel/ptolemy/data/ontologies/lattice/adapters/constPropagation/data/expr'
rm -rf *.o *.so *~ *.bak ,* LOG* *.class *.jstmp config.cache config.log config.status manifest.tmp ASTPtLeafNode.class expr.jar     expr.jar 
rm -f core
make[9]: Leaving directory '/home/travis/build/icyphy/ptII/adm/gen-11.1/src/ptII11.1.devel/ptolemy/data/ontologies/lattice/adapters/constPropagation/data/expr'
make[8]: Leaving directory '/home/travis/build/icyphy/ptII/adm/gen-11.1/src/ptII11.1.devel/ptolemy/data/ontologies/lattice/adapters/constPropagation/data'
make[7]: Leaving directory '/home/travis/build/icyphy/ptII/adm/gen-11.1/src/ptII11.1.devel/ptolemy/data/ontologies/lattice/adapters/constPropagation'
making clean in ptolemy/data/ontologies/lattice/adapters/constPropagationAbsInt
make[7]: Entering directory '/home/travis/build/icyphy/ptII/adm/gen-11.1/src/ptII11.1.devel/ptolemy/data/ontologies/lattice/adapters/constPropagationAbsInt'
rm -rf *.o *.so *~ *.bak ,* LOG* *.class *.jstmp config.cache config.log config.status manifest.tmp ConstPropagationAbsIntLessThan.class ConstPropagationAbsIntMathFunctions.class   constPropagationAbsInt.jar    
rm -f core
making clean in ptolemy/data/ontologies/lattice/adapters/constPropagationAbsInt/data
make[8]: Entering directory '/home/travis/build/icyphy/ptII/adm/gen-11.1/src/ptII11.1.devel/ptolemy/data/ontologies/lattice/adapters/constPropagationAbsInt/data'
rm -rf *.o *.so *~ *.bak ,* LOG* *.class *.jstmp config.cache config.log config.status manifest.tmp    data.jar    
rm -f core
making clean in ptolemy/data/ontologies/lattice/adapters/constPropagationAbsInt/data/expr
make[9]: Entering directory '/home/travis/build/icyphy/ptII/adm/gen-11.1/src/ptII11.1.devel/ptolemy/data/ontologies/lattice/adapters/constPropagationAbsInt/data/expr'
rm -rf *.o *.so *~ *.bak ,* LOG* *.class *.jstmp config.cache config.log config.status manifest.tmp ASTPtLeafNode.class expr.jar     expr.jar 
rm -f core
make[9]: Leaving directory '/home/travis/build/icyphy/ptII/adm/gen-11.1/src/ptII11.1.devel/ptolemy/data/ontologies/lattice/adapters/constPropagationAbsInt/data/expr'
make[8]: Leaving directory '/home/travis/build/icyphy/ptII/adm/gen-11.1/src/ptII11.1.devel/ptolemy/data/ontologies/lattice/adapters/constPropagationAbsInt/data'
make[7]: Leaving directory '/home/travis/build/icyphy/ptII/adm/gen-11.1/src/ptII11.1.devel/ptolemy/data/ontologies/lattice/adapters/constPropagationAbsInt'
making clean in ptolemy/data/ontologies/lattice/adapters/defaultAdapters
make[7]: Entering directory '/home/travis/build/icyphy/ptII/adm/gen-11.1/src/ptII11.1.devel/ptolemy/data/ontologies/lattice/adapters/defaultAdapters'
rm -rf *.o *.so *~ *.bak ,* LOG* *.class *.jstmp config.cache config.log config.status manifest.tmp    defaultAdapters.jar    
rm -f core
making clean in ptolemy/data/ontologies/lattice/adapters/defaultAdapters/actor
make[8]: Entering directory '/home/travis/build/icyphy/ptII/adm/gen-11.1/src/ptII11.1.devel/ptolemy/data/ontologies/lattice/adapters/defaultAdapters/actor'
rm -rf *.o *.so *~ *.bak ,* LOG* *.class *.jstmp config.cache config.log config.status manifest.tmp    actor.jar    
rm -f core
making clean in ptolemy/data/ontologies/lattice/adapters/defaultAdapters/actor/lib
make[9]: Entering directory '/home/travis/build/icyphy/ptII/adm/gen-11.1/src/ptII11.1.devel/ptolemy/data/ontologies/lattice/adapters/defaultAdapters/actor/lib'
rm -rf *.o *.so *~ *.bak ,* LOG* *.class *.jstmp config.cache config.log config.status manifest.tmp AddSubtract.class Const.class Expression.class MultiplyDivide.class RecordAssembler.class RecordDisassembler.class Scale.class   lib.jar    
rm -f core
making clean in ptolemy/data/ontologies/lattice/adapters/defaultAdapters/actor/lib/gui
make[10]: Entering directory '/home/travis/build/icyphy/ptII/adm/gen-11.1/src/ptII11.1.devel/ptolemy/data/ontologies/lattice/adapters/defaultAdapters/actor/lib/gui'
rm -rf *.o *.so *~ *.bak ,* LOG* *.class *.jstmp config.cache config.log config.status manifest.tmp Display.class   gui.jar    
rm -f core
make[10]: Leaving directory '/home/travis/build/icyphy/ptII/adm/gen-11.1/src/ptII11.1.devel/ptolemy/data/ontologies/lattice/adapters/defaultAdapters/actor/lib/gui'
make[9]: Leaving directory '/home/travis/build/icyphy/ptII/adm/gen-11.1/src/ptII11.1.devel/ptolemy/data/ontologies/lattice/adapters/defaultAdapters/actor/lib'
make[8]: Leaving directory '/home/travis/build/icyphy/ptII/adm/gen-11.1/src/ptII11.1.devel/ptolemy/data/ontologies/lattice/adapters/defaultAdapters/actor'
making clean in ptolemy/data/ontologies/lattice/adapters/defaultAdapters/data
make[8]: Entering directory '/home/travis/build/icyphy/ptII/adm/gen-11.1/src/ptII11.1.devel/ptolemy/data/ontologies/lattice/adapters/defaultAdapters/data'
rm -rf *.o *.so *~ *.bak ,* LOG* *.class *.jstmp config.cache config.log config.status manifest.tmp    data.jar    
rm -f core
making clean in ptolemy/data/ontologies/lattice/adapters/defaultAdapters/data/expr
make[9]: Entering directory '/home/travis/build/icyphy/ptII/adm/gen-11.1/src/ptII11.1.devel/ptolemy/data/ontologies/lattice/adapters/defaultAdapters/data/expr'
rm -rf *.o *.so *~ *.bak ,* LOG* *.class *.jstmp config.cache config.log config.status manifest.tmp ASTPtProductNode.class ASTPtSumNode.class ASTPtUnaryNode.class expr.jar     expr.jar 
rm -f core
make[9]: Leaving directory '/home/travis/build/icyphy/ptII/adm/gen-11.1/src/ptII11.1.devel/ptolemy/data/ontologies/lattice/adapters/defaultAdapters/data/expr'
make[8]: Leaving directory '/home/travis/build/icyphy/ptII/adm/gen-11.1/src/ptII11.1.devel/ptolemy/data/ontologies/lattice/adapters/defaultAdapters/data'
making clean in ptolemy/data/ontologies/lattice/adapters/defaultAdapters/domains
make[8]: Entering directory '/home/travis/build/icyphy/ptII/adm/gen-11.1/src/ptII11.1.devel/ptolemy/data/ontologies/lattice/adapters/defaultAdapters/domains'
rm -rf *.o *.so *~ *.bak ,* LOG* *.class *.jstmp config.cache config.log config.status manifest.tmp    domains.jar    
rm -f core
making clean in ptolemy/data/ontologies/lattice/adapters/defaultAdapters/domains/ontologies
make[9]: Entering directory '/home/travis/build/icyphy/ptII/adm/gen-11.1/src/ptII11.1.devel/ptolemy/data/ontologies/lattice/adapters/defaultAdapters/domains/ontologies'
rm -rf *.o *.so *~ *.bak ,* LOG* *.class *.jstmp config.cache config.log config.status manifest.tmp    ontologies.jar    
rm -f core
making clean in ptolemy/data/ontologies/lattice/adapters/defaultAdapters/domains/ontologies/lib
make[10]: Entering directory '/home/travis/build/icyphy/ptII/adm/gen-11.1/src/ptII11.1.devel/ptolemy/data/ontologies/lattice/adapters/defaultAdapters/domains/ontologies/lib'
rm -rf *.o *.so *~ *.bak ,* LOG* *.class *.jstmp config.cache config.log config.status manifest.tmp UnitsConverter.class   lib.jar    
rm -f core
make[10]: Leaving directory '/home/travis/build/icyphy/ptII/adm/gen-11.1/src/ptII11.1.devel/ptolemy/data/ontologies/lattice/adapters/defaultAdapters/domains/ontologies/lib'
make[9]: Leaving directory '/home/travis/build/icyphy/ptII/adm/gen-11.1/src/ptII11.1.devel/ptolemy/data/ontologies/lattice/adapters/defaultAdapters/domains/ontologies'
make[8]: Leaving directory '/home/travis/build/icyphy/ptII/adm/gen-11.1/src/ptII11.1.devel/ptolemy/data/ontologies/lattice/adapters/defaultAdapters/domains'
make[7]: Leaving directory '/home/travis/build/icyphy/ptII/adm/gen-11.1/src/ptII11.1.devel/ptolemy/data/ontologies/lattice/adapters/defaultAdapters'
making clean in ptolemy/data/ontologies/lattice/adapters/dimensionSystem
make[7]: Entering directory '/home/travis/build/icyphy/ptII/adm/gen-11.1/src/ptII11.1.devel/ptolemy/data/ontologies/lattice/adapters/dimensionSystem'
rm -rf *.o *.so *~ *.bak ,* LOG* *.class *.jstmp config.cache config.log config.status manifest.tmp    dimensionSystem.jar    
rm -f core
make[7]: Leaving directory '/home/travis/build/icyphy/ptII/adm/gen-11.1/src/ptII11.1.devel/ptolemy/data/ontologies/lattice/adapters/dimensionSystem'
making clean in ptolemy/data/ontologies/lattice/adapters/monotonicityAnalysis
make[7]: Entering directory '/home/travis/build/icyphy/ptII/adm/gen-11.1/src/ptII11.1.devel/ptolemy/data/ontologies/lattice/adapters/monotonicityAnalysis'
rm -rf *.o *.so *~ *.bak ,* LOG* *.class *.jstmp config.cache config.log config.status manifest.tmp MonotonicityConcept.class MonotonicityConceptFunction.class MonotonicityCounterexamples.class   monotonicityAnalysis.jar    
rm -f core
making clean in ptolemy/data/ontologies/lattice/adapters/monotonicityAnalysis/actor
make[8]: Entering directory '/home/travis/build/icyphy/ptII/adm/gen-11.1/src/ptII11.1.devel/ptolemy/data/ontologies/lattice/adapters/monotonicityAnalysis/actor'
rm -rf *.o *.so *~ *.bak ,* LOG* *.class *.jstmp config.cache config.log config.status manifest.tmp    actor.jar    
rm -f core
making clean in ptolemy/data/ontologies/lattice/adapters/monotonicityAnalysis/actor/lib
make[9]: Entering directory '/home/travis/build/icyphy/ptII/adm/gen-11.1/src/ptII11.1.devel/ptolemy/data/ontologies/lattice/adapters/monotonicityAnalysis/actor/lib'
rm -rf *.o *.so *~ *.bak ,* LOG* *.class *.jstmp config.cache config.log config.status manifest.tmp Expression.class lib.jar     lib.jar 
rm -f core
make[9]: Leaving directory '/home/travis/build/icyphy/ptII/adm/gen-11.1/src/ptII11.1.devel/ptolemy/data/ontologies/lattice/adapters/monotonicityAnalysis/actor/lib'
make[8]: Leaving directory '/home/travis/build/icyphy/ptII/adm/gen-11.1/src/ptII11.1.devel/ptolemy/data/ontologies/lattice/adapters/monotonicityAnalysis/actor'
making clean in ptolemy/data/ontologies/lattice/adapters/monotonicityAnalysis/data
make[8]: Entering directory '/home/travis/build/icyphy/ptII/adm/gen-11.1/src/ptII11.1.devel/ptolemy/data/ontologies/lattice/adapters/monotonicityAnalysis/data'
rm -rf *.o *.so *~ *.bak ,* LOG* *.class *.jstmp config.cache config.log config.status manifest.tmp    data.jar    
rm -f core
making clean in ptolemy/data/ontologies/lattice/adapters/monotonicityAnalysis/data/expr
make[9]: Entering directory '/home/travis/build/icyphy/ptII/adm/gen-11.1/src/ptII11.1.devel/ptolemy/data/ontologies/lattice/adapters/monotonicityAnalysis/data/expr'
rm -rf *.o *.so *~ *.bak ,* LOG* *.class *.jstmp config.cache config.log config.status manifest.tmp ASTPtFunctionalIfNode.class ASTPtLeafNode.class ASTPtRelationalNode.class IfNodeFunction.class expr.jar     expr.jar 
rm -f core
make[9]: Leaving directory '/home/travis/build/icyphy/ptII/adm/gen-11.1/src/ptII11.1.devel/ptolemy/data/ontologies/lattice/adapters/monotonicityAnalysis/data/expr'
make[8]: Leaving directory '/home/travis/build/icyphy/ptII/adm/gen-11.1/src/ptII11.1.devel/ptolemy/data/ontologies/lattice/adapters/monotonicityAnalysis/data'
making clean in ptolemy/data/ontologies/lattice/adapters/monotonicityAnalysis/test
make[8]: Entering directory '/home/travis/build/icyphy/ptII/adm/gen-11.1/src/ptII11.1.devel/ptolemy/data/ontologies/lattice/adapters/monotonicityAnalysis/test'
rm -rf *.o *.so *~ *.bak ,* LOG* *.class *.jstmp config.cache config.log config.status manifest.tmp        
rm -f core
make[8]: Leaving directory '/home/travis/build/icyphy/ptII/adm/gen-11.1/src/ptII11.1.devel/ptolemy/data/ontologies/lattice/adapters/monotonicityAnalysis/test'
make[7]: Leaving directory '/home/travis/build/icyphy/ptII/adm/gen-11.1/src/ptII11.1.devel/ptolemy/data/ontologies/lattice/adapters/monotonicityAnalysis'
making clean in ptolemy/data/ontologies/lattice/adapters/observableLattice
make[7]: Entering directory '/home/travis/build/icyphy/ptII/adm/gen-11.1/src/ptII11.1.devel/ptolemy/data/ontologies/lattice/adapters/observableLattice'
rm -rf *.o *.so *~ *.bak ,* LOG* *.class *.jstmp config.cache config.log config.status manifest.tmp  observableLattice.jar     observableLattice.jar 
rm -f core
make[7]: Leaving directory '/home/travis/build/icyphy/ptII/adm/gen-11.1/src/ptII11.1.devel/ptolemy/data/ontologies/lattice/adapters/observableLattice'
making clean in ptolemy/data/ontologies/lattice/adapters/reachableLattice
make[7]: Entering directory '/home/travis/build/icyphy/ptII/adm/gen-11.1/src/ptII11.1.devel/ptolemy/data/ontologies/lattice/adapters/reachableLattice'
rm -rf *.o *.so *~ *.bak ,* LOG* *.class *.jstmp config.cache config.log config.status manifest.tmp  reachableLattice.jar     reachableLattice.jar 
rm -f core
make[7]: Leaving directory '/home/travis/build/icyphy/ptII/adm/gen-11.1/src/ptII11.1.devel/ptolemy/data/ontologies/lattice/adapters/reachableLattice'
making clean in ptolemy/data/ontologies/lattice/adapters/softwareConfiguration
make[7]: Entering directory '/home/travis/build/icyphy/ptII/adm/gen-11.1/src/ptII11.1.devel/ptolemy/data/ontologies/lattice/adapters/softwareConfiguration'
rm -rf *.o *.so *~ *.bak ,* LOG* *.class *.jstmp config.cache config.log config.status manifest.tmp  softwareConfiguration.jar     softwareConfiguration.jar 
rm -f core
make[7]: Leaving directory '/home/travis/build/icyphy/ptII/adm/gen-11.1/src/ptII11.1.devel/ptolemy/data/ontologies/lattice/adapters/softwareConfiguration'
making clean in ptolemy/data/ontologies/lattice/adapters/unitSystem
make[7]: Entering directory '/home/travis/build/icyphy/ptII/adm/gen-11.1/src/ptII11.1.devel/ptolemy/data/ontologies/lattice/adapters/unitSystem'
rm -rf *.o *.so *~ *.bak ,* LOG* *.class *.jstmp config.cache config.log config.status manifest.tmp    unitSystem.jar    
rm -f core
make[7]: Leaving directory '/home/travis/build/icyphy/ptII/adm/gen-11.1/src/ptII11.1.devel/ptolemy/data/ontologies/lattice/adapters/unitSystem'
make[6]: Leaving directory '/home/travis/build/icyphy/ptII/adm/gen-11.1/src/ptII11.1.devel/ptolemy/data/ontologies/lattice/adapters'
making clean in ptolemy/data/ontologies/lattice/test
make[6]: Entering directory '/home/travis/build/icyphy/ptII/adm/gen-11.1/src/ptII11.1.devel/ptolemy/data/ontologies/lattice/test'
rm -rf *.o *.so *~ *.bak ,* LOG* *.class *.jstmp config.cache config.log config.status manifest.tmp        
rm -f core
make[6]: Leaving directory '/home/travis/build/icyphy/ptII/adm/gen-11.1/src/ptII11.1.devel/ptolemy/data/ontologies/lattice/test'
making clean in ptolemy/data/ontologies/lattice/unit
make[6]: Entering directory '/home/travis/build/icyphy/ptII/adm/gen-11.1/src/ptII11.1.devel/ptolemy/data/ontologies/lattice/unit'
rm -rf *.o *.so *~ *.bak ,* LOG* *.class *.jstmp config.cache config.log config.status manifest.tmp BaseDimensionRepresentativeConcept.class BaseUnitConcept.class DerivedDimensionRepresentativeConcept.class DerivedUnitConcept.class DimensionlessConcept.class DimensionRepresentativeConcept.class MultiplyOrDivideUnitConcepts.class SIBaseDimensionRepresentativeConcept.class SIDerivedDimensionRepresentativeConcept.class SIPrefixUnitConversionInfo.class SIUnitPrefixes.class UnitConcept.class UnitConversionInfo.class unit.jar     unit.jar 
rm -f core
make[6]: Leaving directory '/home/travis/build/icyphy/ptII/adm/gen-11.1/src/ptII11.1.devel/ptolemy/data/ontologies/lattice/unit'
make[5]: Leaving directory '/home/travis/build/icyphy/ptII/adm/gen-11.1/src/ptII11.1.devel/ptolemy/data/ontologies/lattice'
making clean in ptolemy/data/ontologies/test
make[5]: Entering directory '/home/travis/build/icyphy/ptII/adm/gen-11.1/src/ptII11.1.devel/ptolemy/data/ontologies/test'
rm -rf *.o *.so *~ *.bak ,* LOG* *.class *.jstmp config.cache config.log config.status manifest.tmp        
rm -f core
make[5]: Leaving directory '/home/travis/build/icyphy/ptII/adm/gen-11.1/src/ptII11.1.devel/ptolemy/data/ontologies/test'
make[4]: Leaving directory '/home/travis/build/icyphy/ptII/adm/gen-11.1/src/ptII11.1.devel/ptolemy/data/ontologies'
make[3]: Leaving directory '/home/travis/build/icyphy/ptII/adm/gen-11.1/src/ptII11.1.devel/ptolemy/data'
making clean in ptolemy/actor
make[3]: Entering directory '/home/travis/build/icyphy/ptII/adm/gen-11.1/src/ptII11.1.devel/ptolemy/actor'
rm -rf *.o *.so *~ *.bak ,* LOG* *.class *.jstmp config.cache config.log config.status manifest.tmp AbstractInitializableAttribute.class AbstractReceiver.class Actor.class ActorExecutionAspect.class ActorFiringListener.class ApplicationConfigurer.class AtomicActor.class CompositeActor.class CommunicationAspect.class CommunicationAspectListener.class CommunicationAspectAttributes.class ConstantPublisherPort.class DesignPatternGetMoMLAction.class Director.class DoNothingDirector.class Executable.class ExecutionAspectHelper.class ExecutionAspectListener.class ExecutionAttributes.class ExecutionListener.class FiringEvent.class FiringsRecordable.class GraphReader.class IOPort.class IOPortEvent.class IOPortEventListener.class IORelation.class Initializable.class InstanceOpener.class IntermediateReceiver.class InvariantViolationException.class LazyTypedCompositeActor.class Librariable.class LocalClock.class Mailbox.class Manager.class NoRoomException.class NoTokenException.class PublisherPort.class PubSubPort.class QuasiTransparentDirector.class QueueReceiver.class Receiver.class RelationWidthInference.class StateReceiver.class StreamExecutionListener.class SubscriberPort.class SubscriptionAggregatorPort.class SuperdenseTimeDirector.class TimedActor.class TimeRegulator.class TokenGotEvent.class TokenGotListener.class TokenSentEvent.class TokenSentListener.class TypeAttribute.class TypeConflictException.class TypeEvent.class TypeListener.class TypeOpaqueCompositeActor.class TypedActor.class TypedAtomicActor.class TypedCompositeActor.class TypedIOPort.class TypedIORelation.class   actor.jar    
rm -f core
making clean in ptolemy/actor/util
make[4]: Entering directory '/home/travis/build/icyphy/ptII/adm/gen-11.1/src/ptII11.1.devel/ptolemy/actor/util'
rm -rf *.o *.so *~ *.bak ,* LOG* *.class *.jstmp config.cache config.log config.status manifest.tmp ActorDependencies.class ActorTypeUtil.class ArrayElementTypeFunction.class ArrayOfTypesFunction.class BooleanDependency.class BreakCausalityInterface.class CalendarQueue.class CausalityInterface.class CausalityInterfaceForComposites.class ConstVariableModelAnalysis.class ConstructAssociativeType.class CQComparator.class Dependency.class DefaultCausalityInterface.class DFUtilities.class DependencyDeclaration.class ExplicitChangeContext.class ExtractFieldType.class FIFOQueue.class FreeVariableModelAnalysis.class FuzzyDoubleComparator.class GeneralComparator.class GLBFunction.class PeriodicDirector.class PeriodicDirectorHelper.class RealDependency.class SuperdenseDependency.class SuperdenseTime.class Time.class TimedEvent.class TotallyOrderedSet.class util.jar     util.jar 
rm -f core
making clean in ptolemy/actor/util/test
make[5]: Entering directory '/home/travis/build/icyphy/ptII/adm/gen-11.1/src/ptII11.1.devel/ptolemy/actor/util/test'
rm -rf *.o *.so *~ *.bak ,* LOG* *.class *.jstmp config.cache config.log config.status manifest.tmp DoubleCQComparator.class FIFOQueueTest.class       
rm -f core
make[5]: Leaving directory '/home/travis/build/icyphy/ptII/adm/gen-11.1/src/ptII11.1.devel/ptolemy/actor/util/test'
make[4]: Leaving directory '/home/travis/build/icyphy/ptII/adm/gen-11.1/src/ptII11.1.devel/ptolemy/actor/util'
making clean in ptolemy/actor/sched
make[4]: Entering directory '/home/travis/build/icyphy/ptII/adm/gen-11.1/src/ptII11.1.devel/ptolemy/actor/sched'
rm -rf *.o *.so *~ *.bak ,* LOG* *.class *.jstmp config.cache config.log config.status manifest.tmp Firing.class FixedPointDirector.class FixedPointReceiver.class FixedPointScheduler.class NotSchedulableException.class Schedule.class ScheduleElement.class Scheduler.class StaticSchedulingDirector.class sched.jar     sched.jar 
rm -f core
making clean in ptolemy/actor/sched/test
make[5]: Entering directory '/home/travis/build/icyphy/ptII/adm/gen-11.1/src/ptII11.1.devel/ptolemy/actor/sched/test'
rm -rf *.o *.so *~ *.bak ,* LOG* *.class *.jstmp config.cache config.log config.status manifest.tmp        
rm -f core
make[5]: Leaving directory '/home/travis/build/icyphy/ptII/adm/gen-11.1/src/ptII11.1.devel/ptolemy/actor/sched/test'
make[4]: Leaving directory '/home/travis/build/icyphy/ptII/adm/gen-11.1/src/ptII11.1.devel/ptolemy/actor/sched'
making clean in ptolemy/actor/process
make[4]: Entering directory '/home/travis/build/icyphy/ptII/adm/gen-11.1/src/ptII11.1.devel/ptolemy/actor/process'
rm -rf *.o *.so *~ *.bak ,* LOG* *.class *.jstmp config.cache config.log config.status manifest.tmp BoundaryDetector.class Branch.class BranchController.class CompositeProcessDirector.class MailboxBoundaryReceiver.class NotifyThread.class ProcessDirector.class ProcessReceiver.class ProcessThread.class TerminateProcessException.class process.jar     process.jar 
rm -f core
making clean in ptolemy/actor/process/test
make[5]: Entering directory '/home/travis/build/icyphy/ptII/adm/gen-11.1/src/ptII11.1.devel/ptolemy/actor/process/test'
rm -rf *.o *.so *~ *.bak ,* LOG* *.class *.jstmp config.cache config.log config.status manifest.tmp ProcessSink.class TestProcessActor.class TypedTestProcessActor.class       
rm -f core
make[5]: Leaving directory '/home/travis/build/icyphy/ptII/adm/gen-11.1/src/ptII11.1.devel/ptolemy/actor/process/test'
make[4]: Leaving directory '/home/travis/build/icyphy/ptII/adm/gen-11.1/src/ptII11.1.devel/ptolemy/actor/process'
making clean in ptolemy/actor/continuous
make[4]: Entering directory '/home/travis/build/icyphy/ptII/adm/gen-11.1/src/ptII11.1.devel/ptolemy/actor/continuous'
rm -rf *.o *.so *~ *.bak ,* LOG* *.class *.jstmp config.cache config.log config.status manifest.tmp Advanceable.class ContinuousStatefulComponent.class ContinuousStatefulDirector.class ContinuousStepSizeController.class continuous.jar     continuous.jar 
rm -f core
make[4]: Leaving directory '/home/travis/build/icyphy/ptII/adm/gen-11.1/src/ptII11.1.devel/ptolemy/actor/continuous'
making clean in ptolemy/actor/gui
make[4]: Entering directory '/home/travis/build/icyphy/ptII/adm/gen-11.1/src/ptII11.1.devel/ptolemy/actor/gui'
rm -rf *.o *.so *~ *.bak ,* LOG* *.class *.jstmp config.cache config.log config.status manifest.tmp ActorGraphicalMessageHandler.class AbstractPlaceableActor.class AbstractPlaceableJavaSE.class ArrayOfRecordsPane.class AWTContainer.class AbstractPlaceableJavaSE.class BrowserEffigy.class BrowserLauncher.class BrowserTableau.class CheckModelSize.class ColorAttribute.class CommunicationAspectMonitor.class CompositeActorApplication.class CompositeActorSimpleApplication.class Console.class ConfigurationApplication.class CustomQueryBoxParameter.class Configuration.class ConfigurationEffigy.class Configurer.class DebugListenerTableau.class DialogTableau.class Editable.class EditorFactory.class EditorPaneFactory.class EditParametersDialog.class Effigy.class EffigyFactory.class ExecutionAspectPlotterEditorFactory.class ExpressionShellEffigy.class ExpressionShellFrame.class ExpressionShellTableau.class ExternalTextEffigy.class ExternalTextTableau.class FileOrURLEditorFactory.class GenerateCopyrights.class HTMLAbout.class HTMLEffigy.class HTMLEffigyFactory.class HTMLViewer.class HTMLViewerTableau.class ImageTokenEffigy.class InsideEntityEditorPaneFactory.class JNLPUtilities.class JVMTableau.class LevelSkippingTableauFactory.class LiveLink.class LocationAttribute.class MatrixPane.class MatrixTokenTableau.class ModelDirectory.class ModelFrame.class ModelPane.class ModelRepaintController.class MoMLApplet.class MoMLApplication.class MoMLSimpleApplication.class MoMLSimpleStatisticalApplication.class OpenInstanceDialog.class PasswordAttribute.class Placeable.class PlotEffigy.class PlotTableau.class PlotTableauFrame.class PortConfigurer.class PortConfigurerDialog.class PtExecuteApplication.class PtolemyApplet.class PtolemyApplication.class PtolemyDialog.class PtolemyEffigy.class PtolemyQuery.class PtolemyTableauFactory.class PtolemyFrame.class PtolemyPreferences.class QueryUtilities.class RenameConfigurer.class RenameDialog.class RunTableau.class SizeAttribute.class TableauFrame.class TextEditor.class TextEditorTableau.class TextEffigy.class Tableau.class TableauFactory.class TopPack.class TokenEffigy.class TokenTableau.class TokenEffigy.class TransitionEditorPaneFactory.class UserActorLibrary.class WelcomeWindow.class WelcomeWindowTableau.class WindowPropertiesAttribute.class   gui.jar    
rm -f core
making clean in ptolemy/actor/gui/doc
make[5]: Entering directory '/home/travis/build/icyphy/ptII/adm/gen-11.1/src/ptII11.1.devel/ptolemy/actor/gui/doc'
rm -rf *.o *.so *~ *.bak ,* LOG* *.class *.jstmp config.cache config.log config.status manifest.tmp  doc.jar     doc.jar 
rm -f core
make[5]: Leaving directory '/home/travis/build/icyphy/ptII/adm/gen-11.1/src/ptII11.1.devel/ptolemy/actor/gui/doc'
making clean in ptolemy/actor/gui/exec
make[5]: Entering directory '/home/travis/build/icyphy/ptII/adm/gen-11.1/src/ptII11.1.devel/ptolemy/actor/gui/exec'
rm -rf *.o *.so *~ *.bak ,* LOG* *.class *.jstmp config.cache config.log config.status manifest.tmp ExecShellEffigy.class ExecShellTableau.class exec.jar     exec.jar 
rm -f core
make[5]: Leaving directory '/home/travis/build/icyphy/ptII/adm/gen-11.1/src/ptII11.1.devel/ptolemy/actor/gui/exec'
making clean in ptolemy/actor/gui/jnlp
make[5]: Entering directory '/home/travis/build/icyphy/ptII/adm/gen-11.1/src/ptII11.1.devel/ptolemy/actor/gui/jnlp'
rm -rf *.o *.so *~ *.bak ,* LOG* *.class *.jstmp config.cache config.log config.status manifest.tmp CapeCodeApplication.class CyPhySimApplication.class BCVTBApplication.class DSPApplication.class FullApplication.class HyVisualApplication.class MenuApplication.class PtinyApplication.class PtinyKeplerApplication.class PtinySandboxApplication.class SpaceApplication.class VisualSenseApplication.class jnlp.jar     jnlp.jar CapeCodeApplication.jar CyPhySimApplication.jar BCVTBApplication.jar DSPApplication.jar FullApplication.jar HyVisualApplication.jar PtinyApplication.jar PtinyKeplerApplication.jar PtinySandboxApplication.jar SpaceApplication.jar VisualSenseApplication.jar
rm -f core
make[5]: Leaving directory '/home/travis/build/icyphy/ptII/adm/gen-11.1/src/ptII11.1.devel/ptolemy/actor/gui/jnlp'
making clean in ptolemy/actor/gui/properties
make[5]: Entering directory '/home/travis/build/icyphy/ptII/adm/gen-11.1/src/ptII11.1.devel/ptolemy/actor/gui/properties'
rm -rf *.o *.so *~ *.bak ,* LOG* *.class *.jstmp config.cache config.log config.status manifest.tmp ActionGUIProperty.class Button.class ComboBox.class GUIAction.class GUIProperty.class Panel.class Separator.class ToolBar.class properties.jar     properties.jar 
rm -f core
make[5]: Leaving directory '/home/travis/build/icyphy/ptII/adm/gen-11.1/src/ptII11.1.devel/ptolemy/actor/gui/properties'
making clean in ptolemy/actor/gui/run
make[5]: Entering directory '/home/travis/build/icyphy/ptII/adm/gen-11.1/src/ptII11.1.devel/ptolemy/actor/gui/run'
rm -rf *.o *.so *~ *.bak ,* LOG* *.class *.jstmp config.cache config.log config.status manifest.tmp CustomizableRunFrame.class CustomizableRunPane.class InterfaceTableau.class LayoutTable.class LayoutTableau.class PaletteList.class PtolemyFormEditor.class RunLayoutFrame.class run.jar     run.jar 
rm -f core
make[5]: Leaving directory '/home/travis/build/icyphy/ptII/adm/gen-11.1/src/ptII11.1.devel/ptolemy/actor/gui/run'
making clean in ptolemy/actor/gui/style
make[5]: Entering directory '/home/travis/build/icyphy/ptII/adm/gen-11.1/src/ptII11.1.devel/ptolemy/actor/gui/style'
rm -rf *.o *.so *~ *.bak ,* LOG* *.class *.jstmp config.cache config.log config.status manifest.tmp CheckBoxStyle.class ChoiceStyle.class EditableChoiceStyle.class FileChooserStyle.class HiddenStyle.class LineStyle.class NotEditableLineStyle.class NoteStyle.class ParameterEditorStyle.class StyleConfigurer.class TextStyle.class style.jar     style.jar 
rm -f core
making clean in ptolemy/actor/gui/style/test
make[6]: Entering directory '/home/travis/build/icyphy/ptII/adm/gen-11.1/src/ptII11.1.devel/ptolemy/actor/gui/style/test'
rm -rf *.o *.so *~ *.bak ,* LOG* *.class *.jstmp config.cache config.log config.status manifest.tmp        
rm -f core
make[6]: Leaving directory '/home/travis/build/icyphy/ptII/adm/gen-11.1/src/ptII11.1.devel/ptolemy/actor/gui/style/test'
make[5]: Leaving directory '/home/travis/build/icyphy/ptII/adm/gen-11.1/src/ptII11.1.devel/ptolemy/actor/gui/style'
making clean in ptolemy/actor/gui/syntax
make[5]: Entering directory '/home/travis/build/icyphy/ptII/adm/gen-11.1/src/ptII11.1.devel/ptolemy/actor/gui/syntax'
rm -rf *.o *.so *~ *.bak ,* LOG* *.class *.jstmp config.cache config.log config.status manifest.tmp SyntaxTextEditor.class SyntaxTextEditorForStringAttributes.class syntax.jar     syntax.jar 
rm -f core
make[5]: Leaving directory '/home/travis/build/icyphy/ptII/adm/gen-11.1/src/ptII11.1.devel/ptolemy/actor/gui/syntax'
making clean in ptolemy/actor/gui/test
make[5]: Entering directory '/home/travis/build/icyphy/ptII/adm/gen-11.1/src/ptII11.1.devel/ptolemy/actor/gui/test'
rm -rf *.o *.so *~ *.bak ,* LOG* *.class *.jstmp config.cache config.log config.status manifest.tmp Rerun.class SimpleTableau.class TestModel.class       
rm -f core
making clean in ptolemy/actor/gui/test/junit
make[6]: Entering directory '/home/travis/build/icyphy/ptII/adm/gen-11.1/src/ptII11.1.devel/ptolemy/actor/gui/test/junit'
rm -rf *.o *.so *~ *.bak ,* LOG* *.class *.jstmp config.cache config.log config.status manifest.tmp HTMLAboutJUnitTest.class JUnitTclTest.class       
rm -f core
make[6]: Leaving directory '/home/travis/build/icyphy/ptII/adm/gen-11.1/src/ptII11.1.devel/ptolemy/actor/gui/test/junit'
make[5]: Leaving directory '/home/travis/build/icyphy/ptII/adm/gen-11.1/src/ptII11.1.devel/ptolemy/actor/gui/test'
making clean in ptolemy/actor/gui/ptjacl
make[5]: Entering directory '/home/travis/build/icyphy/ptII/adm/gen-11.1/src/ptII11.1.devel/ptolemy/actor/gui/ptjacl'
rm -rf *.o *.so *~ *.bak ,* LOG* *.class *.jstmp config.cache config.log config.status manifest.tmp TclShellEffigy.class TclShellTableau.class ptjacl.jar     ptjacl.jar 
rm -f core
make[5]: Leaving directory '/home/travis/build/icyphy/ptII/adm/gen-11.1/src/ptII11.1.devel/ptolemy/actor/gui/ptjacl'
making clean in ptolemy/actor/gui/python
make[5]: Entering directory '/home/travis/build/icyphy/ptII/adm/gen-11.1/src/ptII11.1.devel/ptolemy/actor/gui/python'
rm -rf *.o *.so *~ *.bak ,* LOG* *.class *.jstmp config.cache config.log config.status manifest.tmp PythonShellEffigy.class PythonShellTableau.class python.jar     python.jar 
rm -f core
make[5]: Leaving directory '/home/travis/build/icyphy/ptII/adm/gen-11.1/src/ptII11.1.devel/ptolemy/actor/gui/python'
make[4]: Leaving directory '/home/travis/build/icyphy/ptII/adm/gen-11.1/src/ptII11.1.devel/ptolemy/actor/gui'
making clean in ptolemy/actor/injection
make[4]: Entering directory '/home/travis/build/icyphy/ptII/adm/gen-11.1/src/ptII11.1.devel/ptolemy/actor/injection'
rm -rf *.o *.so *~ *.bak ,* LOG* *.class *.jstmp config.cache config.log config.status manifest.tmp ActorModuleInitializer.class Injector.class PortableContainer.class PortablePlaceable.class PtolemyInjector.class PtolemyModule.class injection.jar     injection.jar 
rm -f core
make[4]: Leaving directory '/home/travis/build/icyphy/ptII/adm/gen-11.1/src/ptII11.1.devel/ptolemy/actor/injection'
making clean in ptolemy/actor/lib
make[4]: Entering directory '/home/travis/build/icyphy/ptII/adm/gen-11.1/src/ptII11.1.devel/ptolemy/actor/lib'
rm -rf *.o *.so *~ *.bak ,* LOG* *.class *.jstmp config.cache config.log config.status manifest.tmp AddSubtract.class AbsoluteValue.class Accumulator.class ArrayAccumulate.class ArrayAppend.class ArrayAverage.class ArrayContains.class ArrayElement.class ArrayElementAsMatrix.class ArrayExtract.class ArrayLength.class ArrayLevelCrossing.class ArrayMaximum.class ArrayMinimum.class ArrayPeakSearch.class ArrayRemoveElement.class ArraySort.class ArraySum.class ArrayToElements.class ArrayToMatrix.class ArrayUpdate.class Assert.class Average.class Bernoulli.class BooleanMultiplexor.class BooleanSelect.class BooleanSwitch.class BusAssembler.class BusDisassembler.class CatchExceptionAttribute.class ClassWrapper.class Clock.class Commutator.class ComputeHistogram.class ConfigurationSelect.class ConfigurationSwitch.class Const.class Counter.class CurrentDate.class CurrentMicrostep.class CurrentTime.class DateConstructor.class DateElements.class DB.class Default.class DelayStart.class Differential.class Dictionary.class Discard.class DiscreteClock.class DiscreteRandomSource.class Distributor.class DoubleReader.class ElementsToArray.class ExceptionManager.class ExceptionManagerModel.class ExceptionSubscriber.class Exec.class ExecutionTime.class Exit.class Expression.class FileWriter.class Gaussian.class GetCausalityInterface.class GradientAdaptiveLattice.class IIR.class Interpolator.class Lattice.class LevinsonDurbin.class Limiter.class LimitedFiringSource.class LinearDifferenceEquationSystem.class LookupTable.class MathFunction.class MatrixToArray.class MaxIndex.class Maximum.class MicrostepDelay.class Minimum.class ModifyDate.class MovingAverage.class MovingMaximum.class Multiplexor.class MultiplyDivide.class NonStrictTest.class OrderedMerge.class OrderedRecordAssembler.class Pause.class PhaseUnwrap.class PoissonClock.class Publisher.class PublisherNonStrictTest.class PublisherTest.class Pulse.class Quantizer.class Ramp.class RandomInteger.class RandomSource.class Reader.class RecordAssembler.class RecordDisassembler.class RecordUpdater.class Recorder.class RecursiveLattice.class Remainder.class RemoveNilTokens.class ResettableTimer.class Rician.class RunningMaximum.class RunningMinimum.class Sampler.class Scale.class Select.class Sequence.class SequenceActor.class Sequencer.class SequenceSource.class SequentialClock.class SetVariable.class SingleEvent.class SingleTokenCommutator.class Sink.class Sleep.class Source.class Stop.class StringConst.class SubMatrix.class Subscriber.class SubscriptionAggregator.class Switch.class Synchronizer.class SynchronizeToRealTime.class Test.class TestExceptionAttribute.class TestExceptionHandler.class ThrowException.class ThrowModelError.class TimeDelay.class TimedSource.class TopLevelCurrentTime.class Transformer.class Triangular.class TrigFunction.class TriggeredClock.class TrigFunction.class TypeTest.class UnaryMathFunction.class Uniform.class UnionDisassembler.class UnionMerge.class URLReader.class URLDirectoryReader.class VariableClock.class VariableSleep.class VectorAssembler.class VectorDisassembler.class WallClockTime.class Writer.class   lib.jar libKore.jar   
rm -f core
making clean in ptolemy/actor/lib/aspect
make[5]: Entering directory '/home/travis/build/icyphy/ptII/adm/gen-11.1/src/ptII11.1.devel/ptolemy/actor/lib/aspect'
rm -rf *.o *.so *~ *.bak ,* LOG* *.class *.jstmp config.cache config.log config.status manifest.tmp AtomicCommunicationAspect.class AtomicExecutionAspect.class CanBus.class CanBusPriority.class CommunicationRequestPort.class CommunicationResponsePort.class CompositeCommunicationAspect.class CompositeExecutionAspect.class DecorationAttributes.class DynamicCoreAssignmentScheduler.class EDFScheduler.class ExecutionRequestPort.class ExecutionResponsePort.class ExecutionTimeAttributes.class FCFSScheduler.class FixedPriorityScheduler.class PriorityResourceAttributes.class aspect.jar     aspect.jar 
rm -f core
making clean in ptolemy/actor/lib/aspect/demo
make[6]: Entering directory '/home/travis/build/icyphy/ptII/adm/gen-11.1/src/ptII11.1.devel/ptolemy/actor/lib/aspect/demo'
rm -rf *.o *.so *~ *.bak ,* LOG* *.class *.jstmp config.cache config.log config.status manifest.tmp    demo.jar    
rm -f core
making clean in ptolemy/actor/lib/qm/demo/CanBus
make[7]: Entering directory '/home/travis/build/icyphy/ptII/adm/gen-11.1/src/ptII11.1.devel/ptolemy/actor/lib/aspect/demo/CanBus'
rm -rf *.o *.so *~ *.bak ,* LOG* *.class *.jstmp config.cache config.log config.status manifest.tmp  CanBus.jar     CanBus.jar 
rm -f core
make[7]: Leaving directory '/home/travis/build/icyphy/ptII/adm/gen-11.1/src/ptII11.1.devel/ptolemy/actor/lib/aspect/demo/CanBus'
making clean in ptolemy/actor/lib/qm/demo/CarTrackingAttackModeling
make[7]: Entering directory '/home/travis/build/icyphy/ptII/adm/gen-11.1/src/ptII11.1.devel/ptolemy/actor/lib/aspect/demo/CarTrackingAttackModeling'
rm -rf *.o *.so *~ *.bak ,* LOG* *.class *.jstmp config.cache config.log config.status manifest.tmp  CarTrackingAttackModeling.jar     CarTrackingAttackModeling.jar 
rm -f core
make[7]: Leaving directory '/home/travis/build/icyphy/ptII/adm/gen-11.1/src/ptII11.1.devel/ptolemy/actor/lib/aspect/demo/CarTrackingAttackModeling'
making clean in ptolemy/actor/lib/qm/demo/CompositeQM
make[7]: Entering directory '/home/travis/build/icyphy/ptII/adm/gen-11.1/src/ptII11.1.devel/ptolemy/actor/lib/aspect/demo/CompositeQM'
rm -rf *.o *.so *~ *.bak ,* LOG* *.class *.jstmp config.cache config.log config.status manifest.tmp  CompositeQM.jar     CompositeQM.jar 
rm -f core
make[7]: Leaving directory '/home/travis/build/icyphy/ptII/adm/gen-11.1/src/ptII11.1.devel/ptolemy/actor/lib/aspect/demo/CompositeQM'
making clean in ptolemy/actor/lib/qm/demo/DE
make[7]: Entering directory '/home/travis/build/icyphy/ptII/adm/gen-11.1/src/ptII11.1.devel/ptolemy/actor/lib/aspect/demo/DE'
rm -rf *.o *.so *~ *.bak ,* LOG* *.class *.jstmp config.cache config.log config.status manifest.tmp  DE.jar     DE.jar 
rm -f core
make[7]: Leaving directory '/home/travis/build/icyphy/ptII/adm/gen-11.1/src/ptII11.1.devel/ptolemy/actor/lib/aspect/demo/DE'
making clean in ptolemy/actor/lib/qm/demo/MonitorExecutionTimes
make[7]: Entering directory '/home/travis/build/icyphy/ptII/adm/gen-11.1/src/ptII11.1.devel/ptolemy/actor/lib/aspect/demo/MonitorExecutionTimes'
rm -rf *.o *.so *~ *.bak ,* LOG* *.class *.jstmp config.cache config.log config.status manifest.tmp  CompositeQM.jar     CompositeQM.jar 
rm -f core
make[7]: Leaving directory '/home/travis/build/icyphy/ptII/adm/gen-11.1/src/ptII11.1.devel/ptolemy/actor/lib/aspect/demo/MonitorExecutionTimes'
make[6]: Leaving directory '/home/travis/build/icyphy/ptII/adm/gen-11.1/src/ptII11.1.devel/ptolemy/actor/lib/aspect/demo'
making clean in ptolemy/actor/lib/aspect/test
make[6]: Entering directory '/home/travis/build/icyphy/ptII/adm/gen-11.1/src/ptII11.1.devel/ptolemy/actor/lib/aspect/test'
rm -rf *.o *.so *~ *.bak ,* LOG* *.class *.jstmp config.cache config.log config.status manifest.tmp        
rm -f core
make[6]: Leaving directory '/home/travis/build/icyphy/ptII/adm/gen-11.1/src/ptII11.1.devel/ptolemy/actor/lib/aspect/test'
make[5]: Leaving directory '/home/travis/build/icyphy/ptII/adm/gen-11.1/src/ptII11.1.devel/ptolemy/actor/lib/aspect'
making clean in ptolemy/actor/lib/conversions
make[5]: Entering directory '/home/travis/build/icyphy/ptII/adm/gen-11.1/src/ptII11.1.devel/ptolemy/actor/lib/conversions'
rm -rf *.o *.so *~ *.bak ,* LOG* *.class *.jstmp config.cache config.log config.status manifest.tmp AnythingToDouble.class BooleanToAnything.class CartesianToComplex.class CartesianToPolar.class ComplexToCartesian.class ComplexToPolar.class Converter.class DateToString.class DoubleToFix.class ExpressionToToken.class FixToDouble.class FixToFix.class ImageToString.class IntArrayToString.class InUnitsOf.class LongToDate.class LongToDouble.class PolarToCartesian.class PolarToComplex.class Round.class SmoothToDouble.class StringToBoolean.class StringToDate.class StringToDouble.class StringToInt.class StringToIntArray.class StringToUnsignedByteArray.class StringToXML.class TokenToExpression.class UnsignedByteArrayToString.class conversions.jar     conversions.jar 
rm -f core
making clean in ptolemy/actor/lib/conversions/json
make[6]: Entering directory '/home/travis/build/icyphy/ptII/adm/gen-11.1/src/ptII11.1.devel/ptolemy/actor/lib/conversions/json'
rm -rf *.o *.so *~ *.bak ,* LOG* *.class *.jstmp config.cache config.log config.status manifest.tmp JSONToToken.class TokenToJSON.class json.jar     json.jar 
rm -f core
making clean in ptolemy/actor/lib/conversions/json/test
make[7]: Entering directory '/home/travis/build/icyphy/ptII/adm/gen-11.1/src/ptII11.1.devel/ptolemy/actor/lib/conversions/json/test'
rm -rf *.o *.so *~ *.bak ,* LOG* *.class *.jstmp config.cache config.log config.status manifest.tmp        
rm -f core
make[7]: Leaving directory '/home/travis/build/icyphy/ptII/adm/gen-11.1/src/ptII11.1.devel/ptolemy/actor/lib/conversions/json/test'
make[6]: Leaving directory '/home/travis/build/icyphy/ptII/adm/gen-11.1/src/ptII11.1.devel/ptolemy/actor/lib/conversions/json'
making clean in ptolemy/actor/lib/conversions/test
make[6]: Entering directory '/home/travis/build/icyphy/ptII/adm/gen-11.1/src/ptII11.1.devel/ptolemy/actor/lib/conversions/test'
rm -rf *.o *.so *~ *.bak ,* LOG* *.class *.jstmp config.cache config.log config.status manifest.tmp        
rm -f core
make[6]: Leaving directory '/home/travis/build/icyphy/ptII/adm/gen-11.1/src/ptII11.1.devel/ptolemy/actor/lib/conversions/test'
make[5]: Leaving directory '/home/travis/build/icyphy/ptII/adm/gen-11.1/src/ptII11.1.devel/ptolemy/actor/lib/conversions'
making clean in ptolemy/actor/lib/gui
make[5]: Entering directory '/home/travis/build/icyphy/ptII/adm/gen-11.1/src/ptII11.1.devel/ptolemy/actor/lib/gui'
rm -rf *.o *.so *~ *.bak ,* LOG* *.class *.jstmp config.cache config.log config.status manifest.tmp ArrayPlotter.class ArrayPlotterXY.class ArrowKeyProbe.class ArrowKeySensor.class BarGraph.class ConstPlaceable.class DisplayJavaSE.class Display.class DisplayInterface.class ExceptionManagerGUIFactory.class EventButton.class HistogramPlotter.class InteractiveDialog.class InteractiveShell.class MatrixViewer.class MonitorValue.class Plotter.class PlotterBase.class PlotterBaseJavaSE.class PlotterBaseInterface.class RealTimePlotter.class SequencePlotter.class SequenceScope.class SketchedSource.class SliderSource.class TextFieldContainerInterface.class TextFieldContainerJavaSE.class TimedDisplay.class TimedMonitorValue.class TimedPlotter.class TimedScope.class UsesInvokeAndWait.class XYPlotter.class XYScope.class gui.jar     gui.jar 
rm -f core
making clean in ptolemy/actor/lib/gui/test
make[6]: Entering directory '/home/travis/build/icyphy/ptII/adm/gen-11.1/src/ptII11.1.devel/ptolemy/actor/lib/gui/test'
rm -rf *.o *.so *~ *.bak ,* LOG* *.class *.jstmp config.cache config.log config.status manifest.tmp        
rm -f core
make[6]: Leaving directory '/home/travis/build/icyphy/ptII/adm/gen-11.1/src/ptII11.1.devel/ptolemy/actor/lib/gui/test'
make[5]: Leaving directory '/home/travis/build/icyphy/ptII/adm/gen-11.1/src/ptII11.1.devel/ptolemy/actor/lib/gui'
making clean in ptolemy/actor/lib/logic
make[5]: Entering directory '/home/travis/build/icyphy/ptII/adm/gen-11.1/src/ptII11.1.devel/ptolemy/actor/lib/logic'
rm -rf *.o *.so *~ *.bak ,* LOG* *.class *.jstmp config.cache config.log config.status manifest.tmp Comparator.class Equals.class IsPresent.class LogicFunction.class LogicalNot.class LogicGate.class TrueGate.class logic.jar     logic.jar 
rm -f core
making clean in ptolemy/actor/lib/logic/test
make[6]: Entering directory '/home/travis/build/icyphy/ptII/adm/gen-11.1/src/ptII11.1.devel/ptolemy/actor/lib/logic/test'
rm -rf *.o *.so *~ *.bak ,* LOG* *.class *.jstmp config.cache config.log config.status manifest.tmp        
rm -f core
make[6]: Leaving directory '/home/travis/build/icyphy/ptII/adm/gen-11.1/src/ptII11.1.devel/ptolemy/actor/lib/logic/test'
make[5]: Leaving directory '/home/travis/build/icyphy/ptII/adm/gen-11.1/src/ptII11.1.devel/ptolemy/actor/lib/logic'
making clean in ptolemy/actor/lib/hoc
make[5]: Entering directory '/home/travis/build/icyphy/ptII/adm/gen-11.1/src/ptII11.1.devel/ptolemy/actor/lib/hoc'
rm -rf *.o *.so *~ *.bak ,* LOG* *.class *.jstmp config.cache config.log config.status manifest.tmp ApplyFilterOverArray.class ApplyFunction.class ApplyFunctionOverSequence.class Case.class CaseDirector.class CatchUpComposite.class ExecuteActor.class ExecuteCompositeActor.class IterateOverArray.class LifeCycleManager.class MirrorComposite.class MirrorPort.class MobileFunction.class MobileModel.class ModelReference.class ModelUtilities.class MultiCompositeActor.class MultiCompositePort.class MultiInstanceComposite.class RealTimeComposite.class ReflectComposite.class Refinement.class RefinementPort.class RunCompositeActor.class ThreadedComposite.class hoc.jar     hoc.jar 
rm -f core
making clean in ptolemy/actor/lib/hoc/doc
make[6]: Entering directory '/home/travis/build/icyphy/ptII/adm/gen-11.1/src/ptII11.1.devel/ptolemy/actor/lib/hoc/doc'
rm -rf *.o *.so *~ *.bak ,* LOG* *.class *.jstmp config.cache config.log config.status manifest.tmp  doc.jar     doc.jar 
rm -f core
make[6]: Leaving directory '/home/travis/build/icyphy/ptII/adm/gen-11.1/src/ptII11.1.devel/ptolemy/actor/lib/hoc/doc'
making clean in ptolemy/actor/lib/hoc/demo
make[6]: Entering directory '/home/travis/build/icyphy/ptII/adm/gen-11.1/src/ptII11.1.devel/ptolemy/actor/lib/hoc/demo'
rm -rf *.o *.so *~ *.bak ,* LOG* *.class *.jstmp config.cache config.log config.status manifest.tmp    demo.jar    
rm -f core
making clean in ptolemy/actor/lib/hoc/demo/ApplyFFT
make[7]: Entering directory '/home/travis/build/icyphy/ptII/adm/gen-11.1/src/ptII11.1.devel/ptolemy/actor/lib/hoc/demo/ApplyFFT'
rm -rf *.o *.so *~ *.bak ,* LOG* *.class *.jstmp config.cache config.log config.status manifest.tmp  ApplyFFT.jar     ApplyFFT.jar 
rm -f core
make[7]: Leaving directory '/home/travis/build/icyphy/ptII/adm/gen-11.1/src/ptII11.1.devel/ptolemy/actor/lib/hoc/demo/ApplyFFT'
making clean in ptolemy/actor/lib/hoc/demo/Case
make[7]: Entering directory '/home/travis/build/icyphy/ptII/adm/gen-11.1/src/ptII11.1.devel/ptolemy/actor/lib/hoc/demo/Case'
rm -rf *.o *.so *~ *.bak ,* LOG* *.class *.jstmp config.cache config.log config.status manifest.tmp  Case.jar     Case.jar 
rm -f core
make[7]: Leaving directory '/home/travis/build/icyphy/ptII/adm/gen-11.1/src/ptII11.1.devel/ptolemy/actor/lib/hoc/demo/Case'
making clean in ptolemy/actor/lib/hoc/demo/DFTSubSet
make[7]: Entering directory '/home/travis/build/icyphy/ptII/adm/gen-11.1/src/ptII11.1.devel/ptolemy/actor/lib/hoc/demo/DFTSubSet'
rm -rf *.o *.so *~ *.bak ,* LOG* *.class *.jstmp config.cache config.log config.status manifest.tmp  DFTSubSet.jar     DFTSubSet.jar 
rm -f core
make[7]: Leaving directory '/home/travis/build/icyphy/ptII/adm/gen-11.1/src/ptII11.1.devel/ptolemy/actor/lib/hoc/demo/DFTSubSet'
making clean in ptolemy/actor/lib/hoc/demo/HocDE
make[7]: Entering directory '/home/travis/build/icyphy/ptII/adm/gen-11.1/src/ptII11.1.devel/ptolemy/actor/lib/hoc/demo/HocDE'
rm -rf *.o *.so *~ *.bak ,* LOG* *.class *.jstmp config.cache config.log config.status manifest.tmp  HocDE.jar     HocDE.jar 
rm -f core
make[7]: Leaving directory '/home/travis/build/icyphy/ptII/adm/gen-11.1/src/ptII11.1.devel/ptolemy/actor/lib/hoc/demo/HocDE'
making clean in ptolemy/actor/lib/hoc/demo/IterateOverArray
make[7]: Entering directory '/home/travis/build/icyphy/ptII/adm/gen-11.1/src/ptII11.1.devel/ptolemy/actor/lib/hoc/demo/IterateOverArray'
rm -rf *.o *.so *~ *.bak ,* LOG* *.class *.jstmp config.cache config.log config.status manifest.tmp  IterateOverArray.jar     IterateOverArray.jar 
rm -f core
make[7]: Leaving directory '/home/travis/build/icyphy/ptII/adm/gen-11.1/src/ptII11.1.devel/ptolemy/actor/lib/hoc/demo/IterateOverArray'
making clean in ptolemy/actor/lib/hoc/demo/MobileFunction
make[7]: Entering directory '/home/travis/build/icyphy/ptII/adm/gen-11.1/src/ptII11.1.devel/ptolemy/actor/lib/hoc/demo/MobileFunction'
rm -rf *.o *.so *~ *.bak ,* LOG* *.class *.jstmp config.cache config.log config.status manifest.tmp  MobileFunction.jar     MobileFunction.jar 
rm -f core
make[7]: Leaving directory '/home/travis/build/icyphy/ptII/adm/gen-11.1/src/ptII11.1.devel/ptolemy/actor/lib/hoc/demo/MobileFunction'
making clean in ptolemy/actor/lib/hoc/demo/ModelReference
make[7]: Entering directory '/home/travis/build/icyphy/ptII/adm/gen-11.1/src/ptII11.1.devel/ptolemy/actor/lib/hoc/demo/ModelReference'
rm -rf *.o *.so *~ *.bak ,* LOG* *.class *.jstmp config.cache config.log config.status manifest.tmp  ModelReference.jar     ModelReference.jar 
rm -f core
make[7]: Leaving directory '/home/travis/build/icyphy/ptII/adm/gen-11.1/src/ptII11.1.devel/ptolemy/actor/lib/hoc/demo/ModelReference'
making clean in ptolemy/actor/lib/hoc/demo/ThreadedComposite
make[7]: Entering directory '/home/travis/build/icyphy/ptII/adm/gen-11.1/src/ptII11.1.devel/ptolemy/actor/lib/hoc/demo/ThreadedComposite'
rm -rf *.o *.so *~ *.bak ,* LOG* *.class *.jstmp config.cache config.log config.status manifest.tmp  ThreadedComposite.jar     ThreadedComposite.jar *.jar
rm -f core
make[7]: Leaving directory '/home/travis/build/icyphy/ptII/adm/gen-11.1/src/ptII11.1.devel/ptolemy/actor/lib/hoc/demo/ThreadedComposite'
make[6]: Leaving directory '/home/travis/build/icyphy/ptII/adm/gen-11.1/src/ptII11.1.devel/ptolemy/actor/lib/hoc/demo'
making clean in ptolemy/actor/lib/hoc/test
make[6]: Entering directory '/home/travis/build/icyphy/ptII/adm/gen-11.1/src/ptII11.1.devel/ptolemy/actor/lib/hoc/test'
rm -rf *.o *.so *~ *.bak ,* LOG* *.class *.jstmp config.cache config.log config.status manifest.tmp IterateOverArrayCloneTest.class PreinitializeMustBeInvoked.class       
rm -f core
make[6]: Leaving directory '/home/travis/build/icyphy/ptII/adm/gen-11.1/src/ptII11.1.devel/ptolemy/actor/lib/hoc/test'
make[5]: Leaving directory '/home/travis/build/icyphy/ptII/adm/gen-11.1/src/ptII11.1.devel/ptolemy/actor/lib/hoc'
making clean in ptolemy/actor/lib/image
make[5]: Entering directory '/home/travis/build/icyphy/ptII/adm/gen-11.1/src/ptII11.1.devel/ptolemy/actor/lib/image'
rm -rf *.o *.so *~ *.bak ,* LOG* *.class *.jstmp config.cache config.log config.status manifest.tmp ImageDisplay.class ImageDisplayInterface.class ImageDisplayJavaSE.class ImageReader.class ImageRotate.class ImageTableau.class ImageToString.class PGMReader.class Transform.class URLToImage.class image.jar     image.jar 
rm -f core
making clean in ptolemy/actor/lib/image/test
make[6]: Entering directory '/home/travis/build/icyphy/ptII/adm/gen-11.1/src/ptII11.1.devel/ptolemy/actor/lib/image/test'
rm -rf *.o *.so *~ *.bak ,* LOG* *.class *.jstmp config.cache config.log config.status manifest.tmp        
rm -f core
make[6]: Leaving directory '/home/travis/build/icyphy/ptII/adm/gen-11.1/src/ptII11.1.devel/ptolemy/actor/lib/image/test'
make[5]: Leaving directory '/home/travis/build/icyphy/ptII/adm/gen-11.1/src/ptII11.1.devel/ptolemy/actor/lib/image'
making clean in ptolemy/actor/lib/javasound
make[5]: Entering directory '/home/travis/build/icyphy/ptII/adm/gen-11.1/src/ptII11.1.devel/ptolemy/actor/lib/javasound'
rm -rf *.o *.so *~ *.bak ,* LOG* *.class *.jstmp config.cache config.log config.status manifest.tmp AudioReader.class AudioWriter.class AudioCapture.class AudioPlayer.class AudioReadBuffer.class AudioWriteBuffer.class ClipPlayer.class LiveSoundActor.class SoundActor.class SoundPlayer.class javasound.jar     javasound.jar 
rm -f core
making clean in ptolemy/actor/lib/javasound/test
make[6]: Entering directory '/home/travis/build/icyphy/ptII/adm/gen-11.1/src/ptII11.1.devel/ptolemy/actor/lib/javasound/test'
rm -rf *.o *.so *~ *.bak ,* LOG* *.class *.jstmp config.cache config.log config.status manifest.tmp        
rm -f core
make[6]: Leaving directory '/home/travis/build/icyphy/ptII/adm/gen-11.1/src/ptII11.1.devel/ptolemy/actor/lib/javasound/test'
making clean in ptolemy/actor/lib/javasound/demo
make[6]: Entering directory '/home/travis/build/icyphy/ptII/adm/gen-11.1/src/ptII11.1.devel/ptolemy/actor/lib/javasound/demo'
rm -rf *.o *.so *~ *.bak ,* LOG* *.class *.jstmp config.cache config.log config.status manifest.tmp    demo.jar    
rm -f core
making clean in ptolemy/actor/lib/javasound/demo/KarplusStrong
make[7]: Entering directory '/home/travis/build/icyphy/ptII/adm/gen-11.1/src/ptII11.1.devel/ptolemy/actor/lib/javasound/demo/KarplusStrong'
rm -rf *.o *.so *~ *.bak ,* LOG* *.class *.jstmp config.cache config.log config.status manifest.tmp  KarplusStrong.jar     KarplusStrong.jar 
rm -f core
make[7]: Leaving directory '/home/travis/build/icyphy/ptII/adm/gen-11.1/src/ptII11.1.devel/ptolemy/actor/lib/javasound/demo/KarplusStrong'
make[6]: Leaving directory '/home/travis/build/icyphy/ptII/adm/gen-11.1/src/ptII11.1.devel/ptolemy/actor/lib/javasound/demo'
make[5]: Leaving directory '/home/travis/build/icyphy/ptII/adm/gen-11.1/src/ptII11.1.devel/ptolemy/actor/lib/javasound'
making clean in ptolemy/actor/lib/jjs
make[5]: Entering directory '/home/travis/build/icyphy/ptII/adm/gen-11.1/src/ptII11.1.devel/ptolemy/actor/lib/jjs'
rm -rf *.o *.so *~ *.bak ,* LOG* *.class *.jstmp config.cache config.log config.status manifest.tmp AccessorOrchestrator.class HelperBase.class JavaScript.class JSUtils.class NashornAccessorHostApplication.class RestrictedJavaScriptInterface.class VertxHelperBase.class   jjs.jar    
rm -f core
making clean in ptolemy/actor/lib/jjs/demo
make[6]: Entering directory '/home/travis/build/icyphy/ptII/adm/gen-11.1/src/ptII11.1.devel/ptolemy/actor/lib/jjs/demo'
rm -rf *.o *.so *~ *.bak ,* LOG* *.class *.jstmp config.cache config.log config.status manifest.tmp    demo.jar    
rm -f core
making clean in ptolemy/actor/lib/jjs/demo/Factorial
make[7]: Entering directory '/home/travis/build/icyphy/ptII/adm/gen-11.1/src/ptII11.1.devel/ptolemy/actor/lib/jjs/demo/Factorial'
rm -rf *.o *.so *~ *.bak ,* LOG* *.class *.jstmp config.cache config.log config.status manifest.tmp  Factorial.jar     Factorial.jar 
rm -f core
make[7]: Leaving directory '/home/travis/build/icyphy/ptII/adm/gen-11.1/src/ptII11.1.devel/ptolemy/actor/lib/jjs/demo/Factorial'
making clean in ptolemy/actor/lib/jjs/demo/JavaScriptShell
make[7]: Entering directory '/home/travis/build/icyphy/ptII/adm/gen-11.1/src/ptII11.1.devel/ptolemy/actor/lib/jjs/demo/JavaScriptShell'
rm -rf *.o *.so *~ *.bak ,* LOG* *.class *.jstmp config.cache config.log config.status manifest.tmp  JavaScriptShell.jar     JavaScriptShell.jar 
rm -f core
make[7]: Leaving directory '/home/travis/build/icyphy/ptII/adm/gen-11.1/src/ptII11.1.devel/ptolemy/actor/lib/jjs/demo/JavaScriptShell'
making clean in ptolemy/actor/lib/jjs/demo/ModelBuilder
make[7]: Entering directory '/home/travis/build/icyphy/ptII/adm/gen-11.1/src/ptII11.1.devel/ptolemy/actor/lib/jjs/demo/ModelBuilder'
rm -rf *.o *.so *~ *.bak ,* LOG* *.class *.jstmp config.cache config.log config.status manifest.tmp  ModelBuilder.jar     ModelBuilder.jar 
rm -f core
make[7]: Leaving directory '/home/travis/build/icyphy/ptII/adm/gen-11.1/src/ptII11.1.devel/ptolemy/actor/lib/jjs/demo/ModelBuilder'
make[6]: Leaving directory '/home/travis/build/icyphy/ptII/adm/gen-11.1/src/ptII11.1.devel/ptolemy/actor/lib/jjs/demo'
making clean in ptolemy/actor/lib/jjs/external
make[6]: Entering directory '/home/travis/build/icyphy/ptII/adm/gen-11.1/src/ptII11.1.devel/ptolemy/actor/lib/jjs/external'
rm -rf *.o *.so *~ *.bak ,* LOG* *.class *.jstmp config.cache config.log config.status manifest.tmp  external.jar     external.jar 
rm -f core
make[6]: Leaving directory '/home/travis/build/icyphy/ptII/adm/gen-11.1/src/ptII11.1.devel/ptolemy/actor/lib/jjs/external'
making clean in ptolemy/actor/lib/jjs/modules
make[6]: Entering directory '/home/travis/build/icyphy/ptII/adm/gen-11.1/src/ptII11.1.devel/ptolemy/actor/lib/jjs/modules'
rm -rf *.o *.so *~ *.bak ,* LOG* *.class *.jstmp config.cache config.log config.status manifest.tmp    modules.jar    
rm -f core
making clean in ptolemy/actor/lib/jjs/modules/buffer
make[7]: Entering directory '/home/travis/build/icyphy/ptII/adm/gen-11.1/src/ptII11.1.devel/ptolemy/actor/lib/jjs/modules/buffer'
rm -rf *.o *.so *~ *.bak ,* LOG* *.class *.jstmp config.cache config.log config.status manifest.tmp  buffer.jar     buffer.jar 
rm -f core
make[7]: Leaving directory '/home/travis/build/icyphy/ptII/adm/gen-11.1/src/ptII11.1.devel/ptolemy/actor/lib/jjs/modules/buffer'
making clean in ptolemy/actor/lib/jjs/modules/cameras
make[7]: Entering directory '/home/travis/build/icyphy/ptII/adm/gen-11.1/src/ptII11.1.devel/ptolemy/actor/lib/jjs/modules/cameras'
rm -rf *.o *.so *~ *.bak ,* LOG* *.class *.jstmp config.cache config.log config.status manifest.tmp CameraHelper.class cameras.jar     cameras.jar 
rm -f core
making clean in ptolemy/actor/lib/jjs/modules/cameras/demo
make[8]: Entering directory '/home/travis/build/icyphy/ptII/adm/gen-11.1/src/ptII11.1.devel/ptolemy/actor/lib/jjs/modules/cameras/demo'
rm -rf *.o *.so *~ *.bak ,* LOG* *.class *.jstmp config.cache config.log config.status manifest.tmp    demo.jar    
rm -f core
making clean in ptolemy/actor/lib/jjs/modules/cameras/demo/Camera
make[9]: Entering directory '/home/travis/build/icyphy/ptII/adm/gen-11.1/src/ptII11.1.devel/ptolemy/actor/lib/jjs/modules/cameras/demo/Camera'
rm -rf *.o *.so *~ *.bak ,* LOG* *.class *.jstmp config.cache config.log config.status manifest.tmp  Camera.jar     Camera.jar 
rm -f core
make[9]: Leaving directory '/home/travis/build/icyphy/ptII/adm/gen-11.1/src/ptII11.1.devel/ptolemy/actor/lib/jjs/modules/cameras/demo/Camera'
making clean in ptolemy/actor/lib/jjs/modules/cameras/demo/CameraWebSocket
make[9]: Entering directory '/home/travis/build/icyphy/ptII/adm/gen-11.1/src/ptII11.1.devel/ptolemy/actor/lib/jjs/modules/cameras/demo/CameraWebSocket'
rm -rf *.o *.so *~ *.bak ,* LOG* *.class *.jstmp config.cache config.log config.status manifest.tmp  CameraWebSocket.jar     CameraWebSocket.jar 
rm -f core
make[9]: Leaving directory '/home/travis/build/icyphy/ptII/adm/gen-11.1/src/ptII11.1.devel/ptolemy/actor/lib/jjs/modules/cameras/demo/CameraWebSocket'
making clean in ptolemy/actor/lib/jjs/modules/cameras/demo/Foscam
make[9]: Entering directory '/home/travis/build/icyphy/ptII/adm/gen-11.1/src/ptII11.1.devel/ptolemy/actor/lib/jjs/modules/cameras/demo/Foscam'
rm -rf *.o *.so *~ *.bak ,* LOG* *.class *.jstmp config.cache config.log config.status manifest.tmp  Foscam.jar     Foscam.jar 
rm -f core
make[9]: Leaving directory '/home/travis/build/icyphy/ptII/adm/gen-11.1/src/ptII11.1.devel/ptolemy/actor/lib/jjs/modules/cameras/demo/Foscam'
make[8]: Leaving directory '/home/travis/build/icyphy/ptII/adm/gen-11.1/src/ptII11.1.devel/ptolemy/actor/lib/jjs/modules/cameras/demo'
make[7]: Leaving directory '/home/travis/build/icyphy/ptII/adm/gen-11.1/src/ptII11.1.devel/ptolemy/actor/lib/jjs/modules/cameras'
making clean in ptolemy/actor/lib/jjs/modules/contextAware
make[7]: Entering directory '/home/travis/build/icyphy/ptII/adm/gen-11.1/src/ptII11.1.devel/ptolemy/actor/lib/jjs/modules/contextAware'
rm -rf *.o *.so *~ *.bak ,* LOG* *.class *.jstmp config.cache config.log config.status manifest.tmp ContextAwareGUI.class ContextAwareHelper.class contextAware.jar     contextAware.jar 
rm -f core
making clean in ptolemy/actor/lib/jjs/modules/contextAware/demo
make[8]: Entering directory '/home/travis/build/icyphy/ptII/adm/gen-11.1/src/ptII11.1.devel/ptolemy/actor/lib/jjs/modules/contextAware/demo'
rm -rf *.o *.so *~ *.bak ,* LOG* *.class *.jstmp config.cache config.log config.status manifest.tmp    demo.jar    
rm -f core
making clean in ptolemy/actor/lib/jjs/modules/contextAware/demo/ContextAware
make[9]: Entering directory '/home/travis/build/icyphy/ptII/adm/gen-11.1/src/ptII11.1.devel/ptolemy/actor/lib/jjs/modules/contextAware/demo/ContextAware'
rm -rf *.o *.so *~ *.bak ,* LOG* *.class *.jstmp config.cache config.log config.status manifest.tmp  ContextAware.jar     ContextAware.jar 
rm -f core
make[9]: Leaving directory '/home/travis/build/icyphy/ptII/adm/gen-11.1/src/ptII11.1.devel/ptolemy/actor/lib/jjs/modules/contextAware/demo/ContextAware'
make[8]: Leaving directory '/home/travis/build/icyphy/ptII/adm/gen-11.1/src/ptII11.1.devel/ptolemy/actor/lib/jjs/modules/contextAware/demo'
making clean in ptolemy/actor/lib/jjs/modules/contextAware/test
make[8]: Entering directory '/home/travis/build/icyphy/ptII/adm/gen-11.1/src/ptII11.1.devel/ptolemy/actor/lib/jjs/modules/contextAware/test'
rm -rf *.o *.so *~ *.bak ,* LOG* *.class *.jstmp config.cache config.log config.status manifest.tmp        
rm -f core
make[8]: Leaving directory '/home/travis/build/icyphy/ptII/adm/gen-11.1/src/ptII11.1.devel/ptolemy/actor/lib/jjs/modules/contextAware/test'
make[7]: Leaving directory '/home/travis/build/icyphy/ptII/adm/gen-11.1/src/ptII11.1.devel/ptolemy/actor/lib/jjs/modules/contextAware'
making clean in ptolemy/actor/lib/jjs/modules/contextAwareTest
make[7]: Entering directory '/home/travis/build/icyphy/ptII/adm/gen-11.1/src/ptII11.1.devel/ptolemy/actor/lib/jjs/modules/contextAwareTest'
rm -rf *.o *.so *~ *.bak ,* LOG* *.class *.jstmp config.cache config.log config.status manifest.tmp ContextAwareHelperTest.class contextAwareTest.jar     contextAwareTest.jar 
rm -f core
make[7]: Leaving directory '/home/travis/build/icyphy/ptII/adm/gen-11.1/src/ptII11.1.devel/ptolemy/actor/lib/jjs/modules/contextAwareTest'
making clean in ptolemy/actor/lib/jjs/modules/crypto
make[7]: Entering directory '/home/travis/build/icyphy/ptII/adm/gen-11.1/src/ptII11.1.devel/ptolemy/actor/lib/jjs/modules/crypto'
rm -rf *.o *.so *~ *.bak ,* LOG* *.class *.jstmp config.cache config.log config.status manifest.tmp CryptoHelper.class crypto.jar     crypto.jar 
rm -f core
making clean in ptolemy/actor/lib/jjs/modules/crypto/demo
make[8]: Entering directory '/home/travis/build/icyphy/ptII/adm/gen-11.1/src/ptII11.1.devel/ptolemy/actor/lib/jjs/modules/crypto/demo'
rm -rf *.o *.so *~ *.bak ,* LOG* *.class *.jstmp config.cache config.log config.status manifest.tmp    demo.jar    
rm -f core
making clean in ptolemy/actor/lib/jjs/modules/crypto/demo/RandomBytes
make[9]: Entering directory '/home/travis/build/icyphy/ptII/adm/gen-11.1/src/ptII11.1.devel/ptolemy/actor/lib/jjs/modules/crypto/demo/RandomBytes'
rm -rf *.o *.so *~ *.bak ,* LOG* *.class *.jstmp config.cache config.log config.status manifest.tmp  RandomBytes.jar     RandomBytes.jar 
rm -f core
make[9]: Leaving directory '/home/travis/build/icyphy/ptII/adm/gen-11.1/src/ptII11.1.devel/ptolemy/actor/lib/jjs/modules/crypto/demo/RandomBytes'
making clean in ptolemy/actor/lib/jjs/modules/crypto/demo/SymmetricEncrypt
make[9]: Entering directory '/home/travis/build/icyphy/ptII/adm/gen-11.1/src/ptII11.1.devel/ptolemy/actor/lib/jjs/modules/crypto/demo/SymmetricEncrypt'
rm -rf *.o *.so *~ *.bak ,* LOG* *.class *.jstmp config.cache config.log config.status manifest.tmp  SymmetricEncrypt.jar     SymmetricEncrypt.jar 
rm -f core
make[9]: Leaving directory '/home/travis/build/icyphy/ptII/adm/gen-11.1/src/ptII11.1.devel/ptolemy/actor/lib/jjs/modules/crypto/demo/SymmetricEncrypt'
making clean in ptolemy/actor/lib/jjs/modules/crypto/demo/MessageDigest
make[9]: Entering directory '/home/travis/build/icyphy/ptII/adm/gen-11.1/src/ptII11.1.devel/ptolemy/actor/lib/jjs/modules/crypto/demo/MessageDigest'
rm -rf *.o *.so *~ *.bak ,* LOG* *.class *.jstmp config.cache config.log config.status manifest.tmp  MessageDigest.jar     MessageDigest.jar 
rm -f core
make[9]: Leaving directory '/home/travis/build/icyphy/ptII/adm/gen-11.1/src/ptII11.1.devel/ptolemy/actor/lib/jjs/modules/crypto/demo/MessageDigest'
making clean in ptolemy/actor/lib/jjs/modules/crypto/demo/AsymmetricEncrypt
make[9]: Entering directory '/home/travis/build/icyphy/ptII/adm/gen-11.1/src/ptII11.1.devel/ptolemy/actor/lib/jjs/modules/crypto/demo/AsymmetricEncrypt'
rm -rf *.o *.so *~ *.bak ,* LOG* *.class *.jstmp config.cache config.log config.status manifest.tmp  AsymmetricEncrypt.jar     AsymmetricEncrypt.jar 
rm -f core
make[9]: Leaving directory '/home/travis/build/icyphy/ptII/adm/gen-11.1/src/ptII11.1.devel/ptolemy/actor/lib/jjs/modules/crypto/demo/AsymmetricEncrypt'
make[8]: Leaving directory '/home/travis/build/icyphy/ptII/adm/gen-11.1/src/ptII11.1.devel/ptolemy/actor/lib/jjs/modules/crypto/demo'
make[7]: Leaving directory '/home/travis/build/icyphy/ptII/adm/gen-11.1/src/ptII11.1.devel/ptolemy/actor/lib/jjs/modules/crypto'
making clean in ptolemy/actor/lib/jjs/modules/computerVision
make[7]: Entering directory '/home/travis/build/icyphy/ptII/adm/gen-11.1/src/ptII11.1.devel/ptolemy/actor/lib/jjs/modules/computerVision'
rm -rf *.o *.so *~ *.bak ,* LOG* *.class *.jstmp config.cache config.log config.status manifest.tmp  computerVision.jar     computerVision.jar 
rm -f core
make[7]: Leaving directory '/home/travis/build/icyphy/ptII/adm/gen-11.1/src/ptII11.1.devel/ptolemy/actor/lib/jjs/modules/computerVision'
making clean in ptolemy/actor/lib/jjs/modules/dataConverter
make[7]: Entering directory '/home/travis/build/icyphy/ptII/adm/gen-11.1/src/ptII11.1.devel/ptolemy/actor/lib/jjs/modules/dataConverter'
rm -rf *.o *.so *~ *.bak ,* LOG* *.class *.jstmp config.cache config.log config.status manifest.tmp DataConverterHelper.class dataConverter.jar     dataConverter.jar 
rm -f core
make[7]: Leaving directory '/home/travis/build/icyphy/ptII/adm/gen-11.1/src/ptII11.1.devel/ptolemy/actor/lib/jjs/modules/dataConverter'
making clean in ptolemy/actor/lib/jjs/modules/discovery
make[7]: Entering directory '/home/travis/build/icyphy/ptII/adm/gen-11.1/src/ptII11.1.devel/ptolemy/actor/lib/jjs/modules/discovery'
rm -rf *.o *.so *~ *.bak ,* LOG* *.class *.jstmp config.cache config.log config.status manifest.tmp DiscoveryHelper.class discovery.jar     discovery.jar 
rm -f core
making clean in ptolemy/actor/lib/jjs/modules/discovery/demo
make[8]: Entering directory '/home/travis/build/icyphy/ptII/adm/gen-11.1/src/ptII11.1.devel/ptolemy/actor/lib/jjs/modules/discovery/demo'
rm -rf *.o *.so *~ *.bak ,* LOG* *.class *.jstmp config.cache config.log config.status manifest.tmp    demo.jar    
rm -f core
making clean in ptolemy/actor/lib/jjs/modules/discovery/demo/Discovery
make[9]: Entering directory '/home/travis/build/icyphy/ptII/adm/gen-11.1/src/ptII11.1.devel/ptolemy/actor/lib/jjs/modules/discovery/demo/Discovery'
rm -rf *.o *.so *~ *.bak ,* LOG* *.class *.jstmp config.cache config.log config.status manifest.tmp  Discovery.jar     Discovery.jar 
rm -f core
make[9]: Leaving directory '/home/travis/build/icyphy/ptII/adm/gen-11.1/src/ptII11.1.devel/ptolemy/actor/lib/jjs/modules/discovery/demo/Discovery'
making clean in ptolemy/actor/lib/jjs/modules/discovery/demo/Heartbeat
make[9]: Entering directory '/home/travis/build/icyphy/ptII/adm/gen-11.1/src/ptII11.1.devel/ptolemy/actor/lib/jjs/modules/discovery/demo/Heartbeat'
rm -rf *.o *.so *~ *.bak ,* LOG* *.class *.jstmp config.cache config.log config.status manifest.tmp  Heartbeat.jar     Heartbeat.jar 
rm -f core
make[9]: Leaving directory '/home/travis/build/icyphy/ptII/adm/gen-11.1/src/ptII11.1.devel/ptolemy/actor/lib/jjs/modules/discovery/demo/Heartbeat'
make[8]: Leaving directory '/home/travis/build/icyphy/ptII/adm/gen-11.1/src/ptII11.1.devel/ptolemy/actor/lib/jjs/modules/discovery/demo'
making clean in ptolemy/actor/lib/jjs/modules/discovery/test
make[8]: Entering directory '/home/travis/build/icyphy/ptII/adm/gen-11.1/src/ptII11.1.devel/ptolemy/actor/lib/jjs/modules/discovery/test'
rm -rf *.o *.so *~ *.bak ,* LOG* *.class *.jstmp config.cache config.log config.status manifest.tmp        
rm -f core
make[8]: Leaving directory '/home/travis/build/icyphy/ptII/adm/gen-11.1/src/ptII11.1.devel/ptolemy/actor/lib/jjs/modules/discovery/test'
make[7]: Leaving directory '/home/travis/build/icyphy/ptII/adm/gen-11.1/src/ptII11.1.devel/ptolemy/actor/lib/jjs/modules/discovery'
making clean in ptolemy/actor/lib/jjs/modules/dsp
make[7]: Entering directory '/home/travis/build/icyphy/ptII/adm/gen-11.1/src/ptII11.1.devel/ptolemy/actor/lib/jjs/modules/dsp'
rm -rf *.o *.so *~ *.bak ,* LOG* *.class *.jstmp config.cache config.log config.status manifest.tmp  dsp.jar     dsp.jar 
rm -f core
make[7]: Leaving directory '/home/travis/build/icyphy/ptII/adm/gen-11.1/src/ptII11.1.devel/ptolemy/actor/lib/jjs/modules/dsp'
making clean in ptolemy/actor/lib/jjs/modules/eventbus
make[7]: Entering directory '/home/travis/build/icyphy/ptII/adm/gen-11.1/src/ptII11.1.devel/ptolemy/actor/lib/jjs/modules/eventbus'
rm -rf *.o *.so *~ *.bak ,* LOG* *.class *.jstmp config.cache config.log config.status manifest.tmp EventBusHelper.class eventbus.jar     eventbus.jar 
rm -f core
making clean in ptolemy/actor/lib/jjs/modules/eventbus/demo
make[8]: Entering directory '/home/travis/build/icyphy/ptII/adm/gen-11.1/src/ptII11.1.devel/ptolemy/actor/lib/jjs/modules/eventbus/demo'
rm -rf *.o *.so *~ *.bak ,* LOG* *.class *.jstmp config.cache config.log config.status manifest.tmp    demo.jar    
rm -f core
making clean in ptolemy/actor/lib/jjs/modules/eventbus/demo/VertxBus
make[9]: Entering directory '/home/travis/build/icyphy/ptII/adm/gen-11.1/src/ptII11.1.devel/ptolemy/actor/lib/jjs/modules/eventbus/demo/VertxBus'
rm -rf *.o *.so *~ *.bak ,* LOG* *.class *.jstmp config.cache config.log config.status manifest.tmp  VertxBus.jar     VertxBus.jar 
rm -f core
make[9]: Leaving directory '/home/travis/build/icyphy/ptII/adm/gen-11.1/src/ptII11.1.devel/ptolemy/actor/lib/jjs/modules/eventbus/demo/VertxBus'
making clean in ptolemy/actor/lib/jjs/modules/eventbus/demo/VertxChat
make[9]: Entering directory '/home/travis/build/icyphy/ptII/adm/gen-11.1/src/ptII11.1.devel/ptolemy/actor/lib/jjs/modules/eventbus/demo/VertxChat'
rm -rf *.o *.so *~ *.bak ,* LOG* *.class *.jstmp config.cache config.log config.status manifest.tmp  VertxChat.jar     VertxChat.jar 
rm -f core
make[9]: Leaving directory '/home/travis/build/icyphy/ptII/adm/gen-11.1/src/ptII11.1.devel/ptolemy/actor/lib/jjs/modules/eventbus/demo/VertxChat'
make[8]: Leaving directory '/home/travis/build/icyphy/ptII/adm/gen-11.1/src/ptII11.1.devel/ptolemy/actor/lib/jjs/modules/eventbus/demo'
making clean in ptolemy/actor/lib/jjs/modules/eventbus/test
make[8]: Entering directory '/home/travis/build/icyphy/ptII/adm/gen-11.1/src/ptII11.1.devel/ptolemy/actor/lib/jjs/modules/eventbus/test'
rm -rf *.o *.so *~ *.bak ,* LOG* *.class *.jstmp config.cache config.log config.status manifest.tmp        
rm -f core
make[8]: Leaving directory '/home/travis/build/icyphy/ptII/adm/gen-11.1/src/ptII11.1.devel/ptolemy/actor/lib/jjs/modules/eventbus/test'
make[7]: Leaving directory '/home/travis/build/icyphy/ptII/adm/gen-11.1/src/ptII11.1.devel/ptolemy/actor/lib/jjs/modules/eventbus'
making clean in ptolemy/actor/lib/jjs/modules/faceDetector
make[7]: Entering directory '/home/travis/build/icyphy/ptII/adm/gen-11.1/src/ptII11.1.devel/ptolemy/actor/lib/jjs/modules/faceDetector'
rm -rf *.o *.so *~ *.bak ,* LOG* *.class *.jstmp config.cache config.log config.status manifest.tmp  faceDetector.jar     faceDetector.jar 
rm -f core
making clean in ptolemy/actor/lib/jjs/modules/faceDetector/demo
make[8]: Entering directory '/home/travis/build/icyphy/ptII/adm/gen-11.1/src/ptII11.1.devel/ptolemy/actor/lib/jjs/modules/faceDetector/demo'
rm -rf *.o *.so *~ *.bak ,* LOG* *.class *.jstmp config.cache config.log config.status manifest.tmp    demo.jar    
rm -f core
making clean in ptolemy/actor/lib/jjs/modules/faceDetector/demo/FaceDetector
make[9]: Entering directory '/home/travis/build/icyphy/ptII/adm/gen-11.1/src/ptII11.1.devel/ptolemy/actor/lib/jjs/modules/faceDetector/demo/FaceDetector'
rm -rf *.o *.so *~ *.bak ,* LOG* *.class *.jstmp config.cache config.log config.status manifest.tmp  FaceDetector.jar     FaceDetector.jar 
rm -f core
make[9]: Leaving directory '/home/travis/build/icyphy/ptII/adm/gen-11.1/src/ptII11.1.devel/ptolemy/actor/lib/jjs/modules/faceDetector/demo/FaceDetector'
making clean in ptolemy/actor/lib/jjs/modules/faceDetector/demo/FaceDetectorCamera
make[9]: Entering directory '/home/travis/build/icyphy/ptII/adm/gen-11.1/src/ptII11.1.devel/ptolemy/actor/lib/jjs/modules/faceDetector/demo/FaceDetectorCamera'
rm -rf *.o *.so *~ *.bak ,* LOG* *.class *.jstmp config.cache config.log config.status manifest.tmp  FaceDetectorCamera.jar     FaceDetectorCamera.jar 
rm -f core
make[9]: Leaving directory '/home/travis/build/icyphy/ptII/adm/gen-11.1/src/ptII11.1.devel/ptolemy/actor/lib/jjs/modules/faceDetector/demo/FaceDetectorCamera'
making clean in ptolemy/actor/lib/jjs/modules/faceDetector/demo/OccupancyCount
make[9]: Entering directory '/home/travis/build/icyphy/ptII/adm/gen-11.1/src/ptII11.1.devel/ptolemy/actor/lib/jjs/modules/faceDetector/demo/OccupancyCount'
rm -rf *.o *.so *~ *.bak ,* LOG* *.class *.jstmp config.cache config.log config.status manifest.tmp  OccupancyCount.jar     OccupancyCount.jar 
rm -f core
make[9]: Leaving directory '/home/travis/build/icyphy/ptII/adm/gen-11.1/src/ptII11.1.devel/ptolemy/actor/lib/jjs/modules/faceDetector/demo/OccupancyCount'
make[8]: Leaving directory '/home/travis/build/icyphy/ptII/adm/gen-11.1/src/ptII11.1.devel/ptolemy/actor/lib/jjs/modules/faceDetector/demo'
making clean in ptolemy/actor/lib/jjs/modules/faceDetector/test
make[8]: Entering directory '/home/travis/build/icyphy/ptII/adm/gen-11.1/src/ptII11.1.devel/ptolemy/actor/lib/jjs/modules/faceDetector/test'
rm -rf *.o *.so *~ *.bak ,* LOG* *.class *.jstmp config.cache config.log config.status manifest.tmp        
rm -f core
make[8]: Leaving directory '/home/travis/build/icyphy/ptII/adm/gen-11.1/src/ptII11.1.devel/ptolemy/actor/lib/jjs/modules/faceDetector/test'
make[7]: Leaving directory '/home/travis/build/icyphy/ptII/adm/gen-11.1/src/ptII11.1.devel/ptolemy/actor/lib/jjs/modules/faceDetector'
making clean in ptolemy/actor/lib/jjs/modules/httpClient
make[7]: Entering directory '/home/travis/build/icyphy/ptII/adm/gen-11.1/src/ptII11.1.devel/ptolemy/actor/lib/jjs/modules/httpClient'
rm -rf *.o *.so *~ *.bak ,* LOG* *.class *.jstmp config.cache config.log config.status manifest.tmp HttpClientHelper.class httpClient.jar     httpClient.jar 
rm -f core
making clean in ptolemy/actor/lib/jjs/modules/httpClient/test
make[8]: Entering directory '/home/travis/build/icyphy/ptII/adm/gen-11.1/src/ptII11.1.devel/ptolemy/actor/lib/jjs/modules/httpClient/test'
rm -rf *.o *.so *~ *.bak ,* LOG* *.class *.jstmp config.cache config.log config.status manifest.tmp        
rm -f core
make[8]: Leaving directory '/home/travis/build/icyphy/ptII/adm/gen-11.1/src/ptII11.1.devel/ptolemy/actor/lib/jjs/modules/httpClient/test'
make[7]: Leaving directory '/home/travis/build/icyphy/ptII/adm/gen-11.1/src/ptII11.1.devel/ptolemy/actor/lib/jjs/modules/httpClient'
making clean in ptolemy/actor/lib/jjs/modules/imageDisplay
make[7]: Entering directory '/home/travis/build/icyphy/ptII/adm/gen-11.1/src/ptII11.1.devel/ptolemy/actor/lib/jjs/modules/imageDisplay'
rm -rf *.o *.so *~ *.bak ,* LOG* *.class *.jstmp config.cache config.log config.status manifest.tmp ImageDisplayHelper.class imageDisplay.jar     imageDisplay.jar 
rm -f core
make[7]: Leaving directory '/home/travis/build/icyphy/ptII/adm/gen-11.1/src/ptII11.1.devel/ptolemy/actor/lib/jjs/modules/imageDisplay'
making clean in ptolemy/actor/lib/jjs/modules/imageFilters
make[7]: Entering directory '/home/travis/build/icyphy/ptII/adm/gen-11.1/src/ptII11.1.devel/ptolemy/actor/lib/jjs/modules/imageFilters'
rm -rf *.o *.so *~ *.bak ,* LOG* *.class *.jstmp config.cache config.log config.status manifest.tmp  imageFilters.jar     imageFilters.jar 
rm -f core
making clean in ptolemy/actor/lib/jjs/modules/imageFilters/demo
make[8]: Entering directory '/home/travis/build/icyphy/ptII/adm/gen-11.1/src/ptII11.1.devel/ptolemy/actor/lib/jjs/modules/imageFilters/demo'
rm -rf *.o *.so *~ *.bak ,* LOG* *.class *.jstmp config.cache config.log config.status manifest.tmp    demo.jar    
rm -f core
making clean in ptolemy/actor/lib/jjs/modules/imageFilters/demo/ImageAnnotate
make[9]: Entering directory '/home/travis/build/icyphy/ptII/adm/gen-11.1/src/ptII11.1.devel/ptolemy/actor/lib/jjs/modules/imageFilters/demo/ImageAnnotate'
rm -rf *.o *.so *~ *.bak ,* LOG* *.class *.jstmp config.cache config.log config.status manifest.tmp  ImageAnnotate.jar     ImageAnnotate.jar 
rm -f core
make[9]: Leaving directory '/home/travis/build/icyphy/ptII/adm/gen-11.1/src/ptII11.1.devel/ptolemy/actor/lib/jjs/modules/imageFilters/demo/ImageAnnotate'
making clean in ptolemy/actor/lib/jjs/modules/imageFilters/demo/ImageFilters
make[9]: Entering directory '/home/travis/build/icyphy/ptII/adm/gen-11.1/src/ptII11.1.devel/ptolemy/actor/lib/jjs/modules/imageFilters/demo/ImageFilters'
rm -rf *.o *.so *~ *.bak ,* LOG* *.class *.jstmp config.cache config.log config.status manifest.tmp  ImageFilters.jar     ImageFilters.jar 
rm -f core
make[9]: Leaving directory '/home/travis/build/icyphy/ptII/adm/gen-11.1/src/ptII11.1.devel/ptolemy/actor/lib/jjs/modules/imageFilters/demo/ImageFilters'
make[8]: Leaving directory '/home/travis/build/icyphy/ptII/adm/gen-11.1/src/ptII11.1.devel/ptolemy/actor/lib/jjs/modules/imageFilters/demo'
make[7]: Leaving directory '/home/travis/build/icyphy/ptII/adm/gen-11.1/src/ptII11.1.devel/ptolemy/actor/lib/jjs/modules/imageFilters'
making clean in ptolemy/actor/lib/jjs/modules/IMUSensor
make[7]: Entering directory '/home/travis/build/icyphy/ptII/adm/gen-11.1/src/ptII11.1.devel/ptolemy/actor/lib/jjs/modules/IMUSensor'
rm -rf *.o *.so *~ *.bak ,* LOG* *.class *.jstmp config.cache config.log config.status manifest.tmp CircularFifoQueue.class ReaderM.class SerialPortController.class SerialPortReader.class IMUSensor.jar     IMUSensor.jar 
rm -f core
make[7]: Leaving directory '/home/travis/build/icyphy/ptII/adm/gen-11.1/src/ptII11.1.devel/ptolemy/actor/lib/jjs/modules/IMUSensor'
making clean in ptolemy/actor/lib/jjs/modules/iotAuth
make[7]: Entering directory '/home/travis/build/icyphy/ptII/adm/gen-11.1/src/ptII11.1.devel/ptolemy/actor/lib/jjs/modules/iotAuth'
rm -rf *.o *.so *~ *.bak ,* LOG* *.class *.jstmp config.cache config.log config.status manifest.tmp AuthManager.class iotAuth.jar     iotAuth.jar 
rm -f core
making clean in ptolemy/actor/lib/jjs/modules/iotAuth/demo
make[8]: Entering directory '/home/travis/build/icyphy/ptII/adm/gen-11.1/src/ptII11.1.devel/ptolemy/actor/lib/jjs/modules/iotAuth/demo'
rm -rf *.o *.so *~ *.bak ,* LOG* *.class *.jstmp config.cache config.log config.status manifest.tmp    demo.jar    
rm -f core
making clean in ptolemy/actor/lib/jjs/modules/iotAuth/demo/SecureCommClient
make[9]: Entering directory '/home/travis/build/icyphy/ptII/adm/gen-11.1/src/ptII11.1.devel/ptolemy/actor/lib/jjs/modules/iotAuth/demo/SecureCommClient'
rm -rf *.o *.so *~ *.bak ,* LOG* *.class *.jstmp config.cache config.log config.status manifest.tmp  SecureCommClient.jar     SecureCommClient.jar 
rm -f core
make[9]: Leaving directory '/home/travis/build/icyphy/ptII/adm/gen-11.1/src/ptII11.1.devel/ptolemy/actor/lib/jjs/modules/iotAuth/demo/SecureCommClient'
making clean in ptolemy/actor/lib/jjs/modules/iotAuth/demo/SecureCommServer
make[9]: Entering directory '/home/travis/build/icyphy/ptII/adm/gen-11.1/src/ptII11.1.devel/ptolemy/actor/lib/jjs/modules/iotAuth/demo/SecureCommServer'
rm -rf *.o *.so *~ *.bak ,* LOG* *.class *.jstmp config.cache config.log config.status manifest.tmp  SecureCommServer.jar     SecureCommServer.jar 
rm -f core
make[9]: Leaving directory '/home/travis/build/icyphy/ptII/adm/gen-11.1/src/ptII11.1.devel/ptolemy/actor/lib/jjs/modules/iotAuth/demo/SecureCommServer'
making clean in ptolemy/actor/lib/jjs/modules/iotAuth/demo/SecurePubSub
make[9]: Entering directory '/home/travis/build/icyphy/ptII/adm/gen-11.1/src/ptII11.1.devel/ptolemy/actor/lib/jjs/modules/iotAuth/demo/SecurePubSub'
rm -rf *.o *.so *~ *.bak ,* LOG* *.class *.jstmp config.cache config.log config.status manifest.tmp  SecurePubSub.jar     SecurePubSub.jar 
rm -f core
make[9]: Leaving directory '/home/travis/build/icyphy/ptII/adm/gen-11.1/src/ptII11.1.devel/ptolemy/actor/lib/jjs/modules/iotAuth/demo/SecurePubSub'
making clean in ptolemy/actor/lib/jjs/modules/iotAuth/demo/SecureCommServerClient
make[9]: Entering directory '/home/travis/build/icyphy/ptII/adm/gen-11.1/src/ptII11.1.devel/ptolemy/actor/lib/jjs/modules/iotAuth/demo/SecureCommServerClient'
rm -rf *.o *.so *~ *.bak ,* LOG* *.class *.jstmp config.cache config.log config.status manifest.tmp  SecureCommServerClient.jar     SecureCommServerClient.jar 
rm -f core
make[9]: Leaving directory '/home/travis/build/icyphy/ptII/adm/gen-11.1/src/ptII11.1.devel/ptolemy/actor/lib/jjs/modules/iotAuth/demo/SecureCommServerClient'
making clean in ptolemy/actor/lib/jjs/modules/iotAuth/demo/SecureCommServerClientWithAuthManager
make[9]: Entering directory '/home/travis/build/icyphy/ptII/adm/gen-11.1/src/ptII11.1.devel/ptolemy/actor/lib/jjs/modules/iotAuth/demo/SecureCommServerClientWithAuthManager'
rm -rf *.o *.so *~ *.bak ,* LOG* *.class *.jstmp config.cache config.log config.status manifest.tmp  SecureCommServerClientWithAuthManager.jar     SecureCommServerClientWithAuthManager.jar 
rm -f core
make[9]: Leaving directory '/home/travis/build/icyphy/ptII/adm/gen-11.1/src/ptII11.1.devel/ptolemy/actor/lib/jjs/modules/iotAuth/demo/SecureCommServerClientWithAuthManager'
make[8]: Leaving directory '/home/travis/build/icyphy/ptII/adm/gen-11.1/src/ptII11.1.devel/ptolemy/actor/lib/jjs/modules/iotAuth/demo'
make[7]: Leaving directory '/home/travis/build/icyphy/ptII/adm/gen-11.1/src/ptII11.1.devel/ptolemy/actor/lib/jjs/modules/iotAuth'
making clean in ptolemy/actor/lib/jjs/modules/mapManager
make[7]: Entering directory '/home/travis/build/icyphy/ptII/adm/gen-11.1/src/ptII11.1.devel/ptolemy/actor/lib/jjs/modules/mapManager'
rm -rf *.o *.so *~ *.bak ,* LOG* *.class *.jstmp config.cache config.log config.status manifest.tmp  mapManager.jar     mapManager.jar 
rm -f core
making clean in ptolemy/actor/lib/jjs/modules/mapManager/test
make[8]: Entering directory '/home/travis/build/icyphy/ptII/adm/gen-11.1/src/ptII11.1.devel/ptolemy/actor/lib/jjs/modules/mapManager/test'
rm -rf *.o *.so *~ *.bak ,* LOG* *.class *.jstmp config.cache config.log config.status manifest.tmp        
rm -f core
make[8]: Leaving directory '/home/travis/build/icyphy/ptII/adm/gen-11.1/src/ptII11.1.devel/ptolemy/actor/lib/jjs/modules/mapManager/test'
make[7]: Leaving directory '/home/travis/build/icyphy/ptII/adm/gen-11.1/src/ptII11.1.devel/ptolemy/actor/lib/jjs/modules/mapManager'
making clean in ptolemy/actor/lib/jjs/modules/motionDetector
make[7]: Entering directory '/home/travis/build/icyphy/ptII/adm/gen-11.1/src/ptII11.1.devel/ptolemy/actor/lib/jjs/modules/motionDetector'
rm -rf *.o *.so *~ *.bak ,* LOG* *.class *.jstmp config.cache config.log config.status manifest.tmp  motionDetector.jar     motionDetector.jar 
rm -f core
make[7]: Leaving directory '/home/travis/build/icyphy/ptII/adm/gen-11.1/src/ptII11.1.devel/ptolemy/actor/lib/jjs/modules/motionDetector'
making clean in ptolemy/actor/lib/jjs/modules/localStorage
make[7]: Entering directory '/home/travis/build/icyphy/ptII/adm/gen-11.1/src/ptII11.1.devel/ptolemy/actor/lib/jjs/modules/localStorage'
rm -rf *.o *.so *~ *.bak ,* LOG* *.class *.jstmp config.cache config.log config.status manifest.tmp LocalStorageHelper.class localStorage.jar     localStorage.jar 
rm -f core
making clean in ptolemy/actor/lib/jjs/modules/localStorage/test
make[8]: Entering directory '/home/travis/build/icyphy/ptII/adm/gen-11.1/src/ptII11.1.devel/ptolemy/actor/lib/jjs/modules/localStorage/test'
rm -rf *.o *.so *~ *.bak ,* LOG* *.class *.jstmp config.cache config.log config.status manifest.tmp        
rm -f core
make[8]: Leaving directory '/home/travis/build/icyphy/ptII/adm/gen-11.1/src/ptII11.1.devel/ptolemy/actor/lib/jjs/modules/localStorage/test'
make[7]: Leaving directory '/home/travis/build/icyphy/ptII/adm/gen-11.1/src/ptII11.1.devel/ptolemy/actor/lib/jjs/modules/localStorage'
making clean in ptolemy/actor/lib/jjs/modules/mqtt
make[7]: Entering directory '/home/travis/build/icyphy/ptII/adm/gen-11.1/src/ptII11.1.devel/ptolemy/actor/lib/jjs/modules/mqtt'
rm -rf *.o *.so *~ *.bak ,* LOG* *.class *.jstmp config.cache config.log config.status manifest.tmp MQTTHelper.class mqtt.jar     mqtt.jar 
rm -f core
making clean in ptolemy/actor/lib/jjs/modules/mqtt/test
make[8]: Entering directory '/home/travis/build/icyphy/ptII/adm/gen-11.1/src/ptII11.1.devel/ptolemy/actor/lib/jjs/modules/mqtt/test'
rm -rf *.o *.so *~ *.bak ,* LOG* *.class *.jstmp config.cache config.log config.status manifest.tmp        
rm -f core
make[8]: Leaving directory '/home/travis/build/icyphy/ptII/adm/gen-11.1/src/ptII11.1.devel/ptolemy/actor/lib/jjs/modules/mqtt/test'
make[7]: Leaving directory '/home/travis/build/icyphy/ptII/adm/gen-11.1/src/ptII11.1.devel/ptolemy/actor/lib/jjs/modules/mqtt'
making clean in ptolemy/actor/lib/jjs/modules/objectAssign
make[7]: Entering directory '/home/travis/build/icyphy/ptII/adm/gen-11.1/src/ptII11.1.devel/ptolemy/actor/lib/jjs/modules/objectAssign'
rm -rf *.o *.so *~ *.bak ,* LOG* *.class *.jstmp config.cache config.log config.status manifest.tmp  objectAssign.jar     objectAssign.jar 
rm -f core
making clean in ptolemy/actor/lib/jjs/modules/objectAssign/test
make[8]: Entering directory '/home/travis/build/icyphy/ptII/adm/gen-11.1/src/ptII11.1.devel/ptolemy/actor/lib/jjs/modules/objectAssign/test'
rm -rf *.o *.so *~ *.bak ,* LOG* *.class *.jstmp config.cache config.log config.status manifest.tmp        
rm -f core
make[8]: Leaving directory '/home/travis/build/icyphy/ptII/adm/gen-11.1/src/ptII11.1.devel/ptolemy/actor/lib/jjs/modules/objectAssign/test'
make[7]: Leaving directory '/home/travis/build/icyphy/ptII/adm/gen-11.1/src/ptII11.1.devel/ptolemy/actor/lib/jjs/modules/objectAssign'
making clean in ptolemy/actor/lib/jjs/modules/os
make[7]: Entering directory '/home/travis/build/icyphy/ptII/adm/gen-11.1/src/ptII11.1.devel/ptolemy/actor/lib/jjs/modules/os'
rm -rf *.o *.so *~ *.bak ,* LOG* *.class *.jstmp config.cache config.log config.status manifest.tmp  os.jar     os.jar 
rm -f core
making clean in ptolemy/actor/lib/jjs/modules/os/test
make[8]: Entering directory '/home/travis/build/icyphy/ptII/adm/gen-11.1/src/ptII11.1.devel/ptolemy/actor/lib/jjs/modules/os/test'
rm -rf *.o *.so *~ *.bak ,* LOG* *.class *.jstmp config.cache config.log config.status manifest.tmp        
rm -f core
make[8]: Leaving directory '/home/travis/build/icyphy/ptII/adm/gen-11.1/src/ptII11.1.devel/ptolemy/actor/lib/jjs/modules/os/test'
make[7]: Leaving directory '/home/travis/build/icyphy/ptII/adm/gen-11.1/src/ptII11.1.devel/ptolemy/actor/lib/jjs/modules/os'
making clean in ptolemy/actor/lib/jjs/modules/process
make[7]: Entering directory '/home/travis/build/icyphy/ptII/adm/gen-11.1/src/ptII11.1.devel/ptolemy/actor/lib/jjs/modules/process'
rm -rf *.o *.so *~ *.bak ,* LOG* *.class *.jstmp config.cache config.log config.status manifest.tmp  process.jar     process.jar 
rm -f core
making clean in ptolemy/actor/lib/jjs/modules/process/test
make[8]: Entering directory '/home/travis/build/icyphy/ptII/adm/gen-11.1/src/ptII11.1.devel/ptolemy/actor/lib/jjs/modules/process/test'
rm -rf *.o *.so *~ *.bak ,* LOG* *.class *.jstmp config.cache config.log config.status manifest.tmp        
rm -f core
make[8]: Leaving directory '/home/travis/build/icyphy/ptII/adm/gen-11.1/src/ptII11.1.devel/ptolemy/actor/lib/jjs/modules/process/test'
make[7]: Leaving directory '/home/travis/build/icyphy/ptII/adm/gen-11.1/src/ptII11.1.devel/ptolemy/actor/lib/jjs/modules/process'
making clean in ptolemy/actor/lib/jjs/modules/serial
make[7]: Entering directory '/home/travis/build/icyphy/ptII/adm/gen-11.1/src/ptII11.1.devel/ptolemy/actor/lib/jjs/modules/serial'
rm -rf *.o *.so *~ *.bak ,* LOG* *.class *.jstmp config.cache config.log config.status manifest.tmp SerialHelper.class serial.jar     serial.jar 
rm -f core
making clean in ptolemy/actor/lib/jjs/modules/serial/test
make[8]: Entering directory '/home/travis/build/icyphy/ptII/adm/gen-11.1/src/ptII11.1.devel/ptolemy/actor/lib/jjs/modules/serial/test'
rm -rf *.o *.so *~ *.bak ,* LOG* *.class *.jstmp config.cache config.log config.status manifest.tmp SerialPortLockTest.class SerialTest.class       
rm -f core
make[8]: Leaving directory '/home/travis/build/icyphy/ptII/adm/gen-11.1/src/ptII11.1.devel/ptolemy/actor/lib/jjs/modules/serial/test'
make[7]: Leaving directory '/home/travis/build/icyphy/ptII/adm/gen-11.1/src/ptII11.1.devel/ptolemy/actor/lib/jjs/modules/serial'
making clean in ptolemy/actor/lib/jjs/modules/shell
make[7]: Entering directory '/home/travis/build/icyphy/ptII/adm/gen-11.1/src/ptII11.1.devel/ptolemy/actor/lib/jjs/modules/shell'
rm -rf *.o *.so *~ *.bak ,* LOG* *.class *.jstmp config.cache config.log config.status manifest.tmp ShellHelper.class shell.jar     shell.jar 
rm -f core
making clean in ptolemy/actor/lib/jjs/modules/shell/test
make[8]: Entering directory '/home/travis/build/icyphy/ptII/adm/gen-11.1/src/ptII11.1.devel/ptolemy/actor/lib/jjs/modules/shell/test'
rm -rf *.o *.so *~ *.bak ,* LOG* *.class *.jstmp config.cache config.log config.status manifest.tmp        
rm -f core
make[8]: Leaving directory '/home/travis/build/icyphy/ptII/adm/gen-11.1/src/ptII11.1.devel/ptolemy/actor/lib/jjs/modules/shell/test'
make[7]: Leaving directory '/home/travis/build/icyphy/ptII/adm/gen-11.1/src/ptII11.1.devel/ptolemy/actor/lib/jjs/modules/shell'
making clean in ptolemy/actor/lib/jjs/modules/speechRecognition
make[7]: Entering directory '/home/travis/build/icyphy/ptII/adm/gen-11.1/src/ptII11.1.devel/ptolemy/actor/lib/jjs/modules/speechRecognition'
rm -rf *.o *.so *~ *.bak ,* LOG* *.class *.jstmp config.cache config.log config.status manifest.tmp SpeechRecognitionHelper.class speechRecognition.jar     speechRecognition.jar 
rm -f core
making clean in ptolemy/actor/lib/jjs/modules/speechRecognition/demo
make[8]: Entering directory '/home/travis/build/icyphy/ptII/adm/gen-11.1/src/ptII11.1.devel/ptolemy/actor/lib/jjs/modules/speechRecognition/demo'
rm -rf *.o *.so *~ *.bak ,* LOG* *.class *.jstmp config.cache config.log config.status manifest.tmp    demo.jar    
rm -f core
making clean in ptolemy/actor/lib/jjs/modules/speechRecognition/demo/SpeechRecognition
make[9]: Entering directory '/home/travis/build/icyphy/ptII/adm/gen-11.1/src/ptII11.1.devel/ptolemy/actor/lib/jjs/modules/speechRecognition/demo/SpeechRecognition'
rm -rf *.o *.so *~ *.bak ,* LOG* *.class *.jstmp config.cache config.log config.status manifest.tmp  SpeechRecognition.jar     SpeechRecognition.jar 
rm -f core
make[9]: Leaving directory '/home/travis/build/icyphy/ptII/adm/gen-11.1/src/ptII11.1.devel/ptolemy/actor/lib/jjs/modules/speechRecognition/demo/SpeechRecognition'
making clean in ptolemy/actor/lib/jjs/modules/speechRecognition/demo/WatchCommandUpdater
make[9]: Entering directory '/home/travis/build/icyphy/ptII/adm/gen-11.1/src/ptII11.1.devel/ptolemy/actor/lib/jjs/modules/speechRecognition/demo/WatchCommandUpdater'
rm -rf *.o *.so *~ *.bak ,* LOG* *.class *.jstmp config.cache config.log config.status manifest.tmp  WatchCommandUpdater.jar     WatchCommandUpdater.jar 
rm -f core
make[9]: Leaving directory '/home/travis/build/icyphy/ptII/adm/gen-11.1/src/ptII11.1.devel/ptolemy/actor/lib/jjs/modules/speechRecognition/demo/WatchCommandUpdater'
make[8]: Leaving directory '/home/travis/build/icyphy/ptII/adm/gen-11.1/src/ptII11.1.devel/ptolemy/actor/lib/jjs/modules/speechRecognition/demo'
make[7]: Leaving directory '/home/travis/build/icyphy/ptII/adm/gen-11.1/src/ptII11.1.devel/ptolemy/actor/lib/jjs/modules/speechRecognition'
making clean in ptolemy/actor/lib/jjs/modules/testing
make[7]: Entering directory '/home/travis/build/icyphy/ptII/adm/gen-11.1/src/ptII11.1.devel/ptolemy/actor/lib/jjs/modules/testing'
rm -rf *.o *.so *~ *.bak ,* LOG* *.class *.jstmp config.cache config.log config.status manifest.tmp  testing.jar     testing.jar 
rm -f core
making clean in ptolemy/actor/lib/jjs/modules/testing/chai
make[8]: Entering directory '/home/travis/build/icyphy/ptII/adm/gen-11.1/src/ptII11.1.devel/ptolemy/actor/lib/jjs/modules/testing/chai'
rm -rf *.o *.so *~ *.bak ,* LOG* *.class *.jstmp config.cache config.log config.status manifest.tmp  chai.jar     chai.jar 
rm -f core
make[8]: Leaving directory '/home/travis/build/icyphy/ptII/adm/gen-11.1/src/ptII11.1.devel/ptolemy/actor/lib/jjs/modules/testing/chai'
making clean in ptolemy/actor/lib/jjs/modules/testing/demo
make[8]: Entering directory '/home/travis/build/icyphy/ptII/adm/gen-11.1/src/ptII11.1.devel/ptolemy/actor/lib/jjs/modules/testing/demo'
rm -rf *.o *.so *~ *.bak ,* LOG* *.class *.jstmp config.cache config.log config.status manifest.tmp  demo.jar     demo.jar 
rm -f core
making clean in ptolemy/actor/lib/jjs/modules/testing/demo/Testing
make[9]: Entering directory '/home/travis/build/icyphy/ptII/adm/gen-11.1/src/ptII11.1.devel/ptolemy/actor/lib/jjs/modules/testing/demo/Testing'
rm -rf *.o *.so *~ *.bak ,* LOG* *.class *.jstmp config.cache config.log config.status manifest.tmp  Testing.jar     Testing.jar 
rm -f core
make[9]: Leaving directory '/home/travis/build/icyphy/ptII/adm/gen-11.1/src/ptII11.1.devel/ptolemy/actor/lib/jjs/modules/testing/demo/Testing'
make[8]: Leaving directory '/home/travis/build/icyphy/ptII/adm/gen-11.1/src/ptII11.1.devel/ptolemy/actor/lib/jjs/modules/testing/demo'
making clean in ptolemy/actor/lib/jjs/modules/testing/mocha
make[8]: Entering directory '/home/travis/build/icyphy/ptII/adm/gen-11.1/src/ptII11.1.devel/ptolemy/actor/lib/jjs/modules/testing/mocha'
rm -rf *.o *.so *~ *.bak ,* LOG* *.class *.jstmp config.cache config.log config.status manifest.tmp  mocha.jar     mocha.jar 
rm -f core
make[8]: Leaving directory '/home/travis/build/icyphy/ptII/adm/gen-11.1/src/ptII11.1.devel/ptolemy/actor/lib/jjs/modules/testing/mocha'
making clean in ptolemy/actor/lib/jjs/modules/testing/windowMock
make[8]: Entering directory '/home/travis/build/icyphy/ptII/adm/gen-11.1/src/ptII11.1.devel/ptolemy/actor/lib/jjs/modules/testing/windowMock'
rm -rf *.o *.so *~ *.bak ,* LOG* *.class *.jstmp config.cache config.log config.status manifest.tmp  windowMock.jar     windowMock.jar 
rm -f core
make[8]: Leaving directory '/home/travis/build/icyphy/ptII/adm/gen-11.1/src/ptII11.1.devel/ptolemy/actor/lib/jjs/modules/testing/windowMock'
making clean in ptolemy/actor/lib/jjs/modules/testing/test
make[8]: Entering directory '/home/travis/build/icyphy/ptII/adm/gen-11.1/src/ptII11.1.devel/ptolemy/actor/lib/jjs/modules/testing/test'
rm -rf *.o *.so *~ *.bak ,* LOG* *.class *.jstmp config.cache config.log config.status manifest.tmp        
rm -f core
make[8]: Leaving directory '/home/travis/build/icyphy/ptII/adm/gen-11.1/src/ptII11.1.devel/ptolemy/actor/lib/jjs/modules/testing/test'
make[7]: Leaving directory '/home/travis/build/icyphy/ptII/adm/gen-11.1/src/ptII11.1.devel/ptolemy/actor/lib/jjs/modules/testing'
making clean in ptolemy/actor/lib/jjs/modules/textDisplay
make[7]: Entering directory '/home/travis/build/icyphy/ptII/adm/gen-11.1/src/ptII11.1.devel/ptolemy/actor/lib/jjs/modules/textDisplay'
rm -rf *.o *.so *~ *.bak ,* LOG* *.class *.jstmp config.cache config.log config.status manifest.tmp TextDisplayHelper.class textDisplay.jar     textDisplay.jar 
rm -f core
make[7]: Leaving directory '/home/travis/build/icyphy/ptII/adm/gen-11.1/src/ptII11.1.devel/ptolemy/actor/lib/jjs/modules/textDisplay'
making clean in ptolemy/actor/lib/jjs/modules/udpSocket
make[7]: Entering directory '/home/travis/build/icyphy/ptII/adm/gen-11.1/src/ptII11.1.devel/ptolemy/actor/lib/jjs/modules/udpSocket'
rm -rf *.o *.so *~ *.bak ,* LOG* *.class *.jstmp config.cache config.log config.status manifest.tmp UDPSocketHelper.class udpSocket.jar     udpSocket.jar 
rm -f core
making clean in ptolemy/actor/lib/jjs/modules/udpSocket/test
make[8]: Entering directory '/home/travis/build/icyphy/ptII/adm/gen-11.1/src/ptII11.1.devel/ptolemy/actor/lib/jjs/modules/udpSocket/test'
rm -rf *.o *.so *~ *.bak ,* LOG* *.class *.jstmp config.cache config.log config.status manifest.tmp        
rm -f core
make[8]: Leaving directory '/home/travis/build/icyphy/ptII/adm/gen-11.1/src/ptII11.1.devel/ptolemy/actor/lib/jjs/modules/udpSocket/test'
making clean in ptolemy/actor/lib/jjs/modules/udpSocket/demo
make[8]: Entering directory '/home/travis/build/icyphy/ptII/adm/gen-11.1/src/ptII11.1.devel/ptolemy/actor/lib/jjs/modules/udpSocket/demo'
rm -rf *.o *.so *~ *.bak ,* LOG* *.class *.jstmp config.cache config.log config.status manifest.tmp    demo.jar    
rm -f core
making clean in ptolemy/actor/lib/jjs/modules/udp/demo/UDPSocket
make[9]: Entering directory '/home/travis/build/icyphy/ptII/adm/gen-11.1/src/ptII11.1.devel/ptolemy/actor/lib/jjs/modules/udpSocket/demo/UDPSocket'
rm -rf *.o *.so *~ *.bak ,* LOG* *.class *.jstmp config.cache config.log config.status manifest.tmp  UDPSocket.jar     UDPSocket.jar 
rm -f core
make[9]: Leaving directory '/home/travis/build/icyphy/ptII/adm/gen-11.1/src/ptII11.1.devel/ptolemy/actor/lib/jjs/modules/udpSocket/demo/UDPSocket'
making clean in ptolemy/actor/lib/jjs/modules/udp/demo/WatchEmulator
make[9]: Entering directory '/home/travis/build/icyphy/ptII/adm/gen-11.1/src/ptII11.1.devel/ptolemy/actor/lib/jjs/modules/udpSocket/demo/WatchEmulator'
rm -rf *.o *.so *~ *.bak ,* LOG* *.class *.jstmp config.cache config.log config.status manifest.tmp  WatchEmulator.jar     WatchEmulator.jar 
rm -f core
make[9]: Leaving directory '/home/travis/build/icyphy/ptII/adm/gen-11.1/src/ptII11.1.devel/ptolemy/actor/lib/jjs/modules/udpSocket/demo/WatchEmulator'
make[8]: Leaving directory '/home/travis/build/icyphy/ptII/adm/gen-11.1/src/ptII11.1.devel/ptolemy/actor/lib/jjs/modules/udpSocket/demo'
make[7]: Leaving directory '/home/travis/build/icyphy/ptII/adm/gen-11.1/src/ptII11.1.devel/ptolemy/actor/lib/jjs/modules/udpSocket'
making clean in ptolemy/actor/lib/jjs/modules/userInterface
make[7]: Entering directory '/home/travis/build/icyphy/ptII/adm/gen-11.1/src/ptII11.1.devel/ptolemy/actor/lib/jjs/modules/userInterface'
rm -rf *.o *.so *~ *.bak ,* LOG* *.class *.jstmp config.cache config.log config.status manifest.tmp VertxBrowserHelper.class browser.jar     browser.jar 
rm -f core
make[7]: Leaving directory '/home/travis/build/icyphy/ptII/adm/gen-11.1/src/ptII11.1.devel/ptolemy/actor/lib/jjs/modules/userInterface'
making clean in ptolemy/actor/lib/jjs/modules/socket
make[7]: Entering directory '/home/travis/build/icyphy/ptII/adm/gen-11.1/src/ptII11.1.devel/ptolemy/actor/lib/jjs/modules/socket'
rm -rf *.o *.so *~ *.bak ,* LOG* *.class *.jstmp config.cache config.log config.status manifest.tmp SocketHelper.class socket.jar     socket.jar 
rm -f core
making clean in ptolemy/actor/lib/jjs/modules/socket/test
make[8]: Entering directory '/home/travis/build/icyphy/ptII/adm/gen-11.1/src/ptII11.1.devel/ptolemy/actor/lib/jjs/modules/socket/test'
rm -rf *.o *.so *~ *.bak ,* LOG* *.class *.jstmp config.cache config.log config.status manifest.tmp        
rm -f core
make[8]: Leaving directory '/home/travis/build/icyphy/ptII/adm/gen-11.1/src/ptII11.1.devel/ptolemy/actor/lib/jjs/modules/socket/test'
making clean in ptolemy/actor/lib/jjs/modules/socket/demo
make[8]: Entering directory '/home/travis/build/icyphy/ptII/adm/gen-11.1/src/ptII11.1.devel/ptolemy/actor/lib/jjs/modules/socket/demo'
rm -rf *.o *.so *~ *.bak ,* LOG* *.class *.jstmp config.cache config.log config.status manifest.tmp    demo.jar    
rm -f core
making clean in ptolemy/actor/lib/jjs/modules/socket/demo/SecureSocket
make[9]: Entering directory '/home/travis/build/icyphy/ptII/adm/gen-11.1/src/ptII11.1.devel/ptolemy/actor/lib/jjs/modules/socket/demo/SecureSocket'
rm -rf *.o *.so *~ *.bak ,* LOG* *.class *.jstmp config.cache config.log config.status manifest.tmp  SecureSocket.jar     SecureSocket.jar 
rm -f core
make[9]: Leaving directory '/home/travis/build/icyphy/ptII/adm/gen-11.1/src/ptII11.1.devel/ptolemy/actor/lib/jjs/modules/socket/demo/SecureSocket'
making clean in ptolemy/actor/lib/jjs/modules/socket/demo/SocketDoubleArrayBatched
make[9]: Entering directory '/home/travis/build/icyphy/ptII/adm/gen-11.1/src/ptII11.1.devel/ptolemy/actor/lib/jjs/modules/socket/demo/SocketDoubleArrayBatched'
rm -rf *.o *.so *~ *.bak ,* LOG* *.class *.jstmp config.cache config.log config.status manifest.tmp  SocketDoubleArrayBatched.jar     SocketDoubleArrayBatched.jar 
rm -f core
make[9]: Leaving directory '/home/travis/build/icyphy/ptII/adm/gen-11.1/src/ptII11.1.devel/ptolemy/actor/lib/jjs/modules/socket/demo/SocketDoubleArrayBatched'
making clean in ptolemy/actor/lib/jjs/modules/socket/demo/SocketImage
make[9]: Entering directory '/home/travis/build/icyphy/ptII/adm/gen-11.1/src/ptII11.1.devel/ptolemy/actor/lib/jjs/modules/socket/demo/SocketImage'
rm -rf *.o *.so *~ *.bak ,* LOG* *.class *.jstmp config.cache config.log config.status manifest.tmp  SocketImage.jar     SocketImage.jar 
rm -f core
make[9]: Leaving directory '/home/travis/build/icyphy/ptII/adm/gen-11.1/src/ptII11.1.devel/ptolemy/actor/lib/jjs/modules/socket/demo/SocketImage'
making clean in ptolemy/actor/lib/jjs/modules/socket/demo/SocketString
make[9]: Entering directory '/home/travis/build/icyphy/ptII/adm/gen-11.1/src/ptII11.1.devel/ptolemy/actor/lib/jjs/modules/socket/demo/SocketString'
rm -rf *.o *.so *~ *.bak ,* LOG* *.class *.jstmp config.cache config.log config.status manifest.tmp  SocketString.jar     SocketString.jar 
rm -f core
make[9]: Leaving directory '/home/travis/build/icyphy/ptII/adm/gen-11.1/src/ptII11.1.devel/ptolemy/actor/lib/jjs/modules/socket/demo/SocketString'
making clean in ptolemy/actor/lib/jjs/modules/socket/demo/SocketUnsignedShort
make[9]: Entering directory '/home/travis/build/icyphy/ptII/adm/gen-11.1/src/ptII11.1.devel/ptolemy/actor/lib/jjs/modules/socket/demo/SocketUnsignedShort'
rm -rf *.o *.so *~ *.bak ,* LOG* *.class *.jstmp config.cache config.log config.status manifest.tmp  SocketUnsignedShort.jar     SocketUnsignedShort.jar 
rm -f core
make[9]: Leaving directory '/home/travis/build/icyphy/ptII/adm/gen-11.1/src/ptII11.1.devel/ptolemy/actor/lib/jjs/modules/socket/demo/SocketUnsignedShort'
making clean in ptolemy/actor/lib/jjs/modules/socket/demo/TCPSocket
make[9]: Entering directory '/home/travis/build/icyphy/ptII/adm/gen-11.1/src/ptII11.1.devel/ptolemy/actor/lib/jjs/modules/socket/demo/TCPSocket'
rm -rf *.o *.so *~ *.bak ,* LOG* *.class *.jstmp config.cache config.log config.status manifest.tmp  TCPSocket.jar     TCPSocket.jar 
rm -f core
make[9]: Leaving directory '/home/travis/build/icyphy/ptII/adm/gen-11.1/src/ptII11.1.devel/ptolemy/actor/lib/jjs/modules/socket/demo/TCPSocket'
make[8]: Leaving directory '/home/travis/build/icyphy/ptII/adm/gen-11.1/src/ptII11.1.devel/ptolemy/actor/lib/jjs/modules/socket/demo'
make[7]: Leaving directory '/home/travis/build/icyphy/ptII/adm/gen-11.1/src/ptII11.1.devel/ptolemy/actor/lib/jjs/modules/socket'
making clean in ptolemy/actor/lib/jjs/modules/webSocket
make[7]: Entering directory '/home/travis/build/icyphy/ptII/adm/gen-11.1/src/ptII11.1.devel/ptolemy/actor/lib/jjs/modules/webSocket'
rm -rf *.o *.so *~ *.bak ,* LOG* *.class *.jstmp config.cache config.log config.status manifest.tmp WebSocketHelper.class WebSocketServerHelper.class webSocket.jar     webSocket.jar 
rm -f core
making clean in ptolemy/actor/lib/jjs/modules/webSocket/test
make[8]: Entering directory '/home/travis/build/icyphy/ptII/adm/gen-11.1/src/ptII11.1.devel/ptolemy/actor/lib/jjs/modules/webSocket/test'
rm -rf *.o *.so *~ *.bak ,* LOG* *.class *.jstmp config.cache config.log config.status manifest.tmp        
rm -f core
make[8]: Leaving directory '/home/travis/build/icyphy/ptII/adm/gen-11.1/src/ptII11.1.devel/ptolemy/actor/lib/jjs/modules/webSocket/test'
making clean in ptolemy/actor/lib/jjs/modules/webSocket/demo
make[8]: Entering directory '/home/travis/build/icyphy/ptII/adm/gen-11.1/src/ptII11.1.devel/ptolemy/actor/lib/jjs/modules/webSocket/demo'
rm -rf *.o *.so *~ *.bak ,* LOG* *.class *.jstmp config.cache config.log config.status manifest.tmp    demo.jar    
rm -f core
making clean in ptolemy/actor/lib/jjs/modules/webSocket/demo/SpeakingServerListeningClient
make[9]: Entering directory '/home/travis/build/icyphy/ptII/adm/gen-11.1/src/ptII11.1.devel/ptolemy/actor/lib/jjs/modules/webSocket/demo/SpeakingServerListeningClient'
rm -rf *.o *.so *~ *.bak ,* LOG* *.class *.jstmp config.cache config.log config.status manifest.tmp  SpeakingServerListeningClient.jar     SpeakingServerListeningClient.jar 
rm -f core
make[9]: Leaving directory '/home/travis/build/icyphy/ptII/adm/gen-11.1/src/ptII11.1.devel/ptolemy/actor/lib/jjs/modules/webSocket/demo/SpeakingServerListeningClient'
making clean in ptolemy/actor/lib/jjs/modules/webSocket/demo/TwoWebSockets
make[9]: Entering directory '/home/travis/build/icyphy/ptII/adm/gen-11.1/src/ptII11.1.devel/ptolemy/actor/lib/jjs/modules/webSocket/demo/TwoWebSockets'
rm -rf *.o *.so *~ *.bak ,* LOG* *.class *.jstmp config.cache config.log config.status manifest.tmp  TwoWebSockets.jar     TwoWebSockets.jar 
rm -f core
make[9]: Leaving directory '/home/travis/build/icyphy/ptII/adm/gen-11.1/src/ptII11.1.devel/ptolemy/actor/lib/jjs/modules/webSocket/demo/TwoWebSockets'
making clean in ptolemy/actor/lib/jjs/modules/webSocket/demo/WebSocketsServerClient
make[9]: Entering directory '/home/travis/build/icyphy/ptII/adm/gen-11.1/src/ptII11.1.devel/ptolemy/actor/lib/jjs/modules/webSocket/demo/WebSocketsServerClient'
rm -rf *.o *.so *~ *.bak ,* LOG* *.class *.jstmp config.cache config.log config.status manifest.tmp  WebSocketsServerClient.jar     WebSocketsServerClient.jar 
rm -f core
make[9]: Leaving directory '/home/travis/build/icyphy/ptII/adm/gen-11.1/src/ptII11.1.devel/ptolemy/actor/lib/jjs/modules/webSocket/demo/WebSocketsServerClient'
making clean in ptolemy/actor/lib/jjs/modules/webSocket/demo/WebSocketChat
make[9]: Entering directory '/home/travis/build/icyphy/ptII/adm/gen-11.1/src/ptII11.1.devel/ptolemy/actor/lib/jjs/modules/webSocket/demo/WebSocketChat'
rm -rf *.o *.so *~ *.bak ,* LOG* *.class *.jstmp config.cache config.log config.status manifest.tmp  WebSocketChat.jar     WebSocketChat.jar 
rm -f core
make[9]: Leaving directory '/home/travis/build/icyphy/ptII/adm/gen-11.1/src/ptII11.1.devel/ptolemy/actor/lib/jjs/modules/webSocket/demo/WebSocketChat'
making clean in ptolemy/actor/lib/jjs/modules/webSocket/demo/WebSocketClient
make[9]: Entering directory '/home/travis/build/icyphy/ptII/adm/gen-11.1/src/ptII11.1.devel/ptolemy/actor/lib/jjs/modules/webSocket/demo/WebSocketClient'
rm -rf *.o *.so *~ *.bak ,* LOG* *.class *.jstmp config.cache config.log config.status manifest.tmp  WebSocketClient.jar     WebSocketClient.jar 
rm -f core
make[9]: Leaving directory '/home/travis/build/icyphy/ptII/adm/gen-11.1/src/ptII11.1.devel/ptolemy/actor/lib/jjs/modules/webSocket/demo/WebSocketClient'
making clean in ptolemy/actor/lib/jjs/modules/webSocket/demo/WebSocketFullDuplex
make[9]: Entering directory '/home/travis/build/icyphy/ptII/adm/gen-11.1/src/ptII11.1.devel/ptolemy/actor/lib/jjs/modules/webSocket/demo/WebSocketFullDuplex'
rm -rf *.o *.so *~ *.bak ,* LOG* *.class *.jstmp config.cache config.log config.status manifest.tmp  WebSocketFullDuplex.jar     WebSocketFullDuplex.jar 
rm -f core
make[9]: Leaving directory '/home/travis/build/icyphy/ptII/adm/gen-11.1/src/ptII11.1.devel/ptolemy/actor/lib/jjs/modules/webSocket/demo/WebSocketFullDuplex'
making clean in ptolemy/actor/lib/jjs/modules/webSocket/demo/WebSocketGraph
make[9]: Entering directory '/home/travis/build/icyphy/ptII/adm/gen-11.1/src/ptII11.1.devel/ptolemy/actor/lib/jjs/modules/webSocket/demo/WebSocketGraph'
rm -rf *.o *.so *~ *.bak ,* LOG* *.class *.jstmp config.cache config.log config.status manifest.tmp  WebSocketGraph.jar     WebSocketGraph.jar 
rm -f core
make[9]: Leaving directory '/home/travis/build/icyphy/ptII/adm/gen-11.1/src/ptII11.1.devel/ptolemy/actor/lib/jjs/modules/webSocket/demo/WebSocketGraph'
making clean in ptolemy/actor/lib/jjs/modules/webSocket/demo/WebSocketImage
make[9]: Entering directory '/home/travis/build/icyphy/ptII/adm/gen-11.1/src/ptII11.1.devel/ptolemy/actor/lib/jjs/modules/webSocket/demo/WebSocketImage'
rm -rf *.o *.so *~ *.bak ,* LOG* *.class *.jstmp config.cache config.log config.status manifest.tmp  WebSocketImage.jar     WebSocketImage.jar 
rm -f core
make[9]: Leaving directory '/home/travis/build/icyphy/ptII/adm/gen-11.1/src/ptII11.1.devel/ptolemy/actor/lib/jjs/modules/webSocket/demo/WebSocketImage'
making clean in ptolemy/actor/lib/jjs/modules/webSocket/demo/WebSocketLog
make[9]: Entering directory '/home/travis/build/icyphy/ptII/adm/gen-11.1/src/ptII11.1.devel/ptolemy/actor/lib/jjs/modules/webSocket/demo/WebSocketLog'
rm -rf *.o *.so *~ *.bak ,* LOG* *.class *.jstmp config.cache config.log config.status manifest.tmp  WebSocketLog.jar     WebSocketLog.jar 
rm -f core
make[9]: Leaving directory '/home/travis/build/icyphy/ptII/adm/gen-11.1/src/ptII11.1.devel/ptolemy/actor/lib/jjs/modules/webSocket/demo/WebSocketLog'
make[8]: Leaving directory '/home/travis/build/icyphy/ptII/adm/gen-11.1/src/ptII11.1.devel/ptolemy/actor/lib/jjs/modules/webSocket/demo'
make[7]: Leaving directory '/home/travis/build/icyphy/ptII/adm/gen-11.1/src/ptII11.1.devel/ptolemy/actor/lib/jjs/modules/webSocket'
making clean in ptolemy/actor/lib/jjs/modules/wifiScanner
make[7]: Entering directory '/home/travis/build/icyphy/ptII/adm/gen-11.1/src/ptII11.1.devel/ptolemy/actor/lib/jjs/modules/wifiScanner'
rm -rf *.o *.so *~ *.bak ,* LOG* *.class *.jstmp config.cache config.log config.status manifest.tmp  wifiScanner.jar     wifiScanner.jar 
rm -f core
make[7]: Leaving directory '/home/travis/build/icyphy/ptII/adm/gen-11.1/src/ptII11.1.devel/ptolemy/actor/lib/jjs/modules/wifiScanner'
making clean in ptolemy/actor/lib/jjs/modules/xbee
make[7]: Entering directory '/home/travis/build/icyphy/ptII/adm/gen-11.1/src/ptII11.1.devel/ptolemy/actor/lib/jjs/modules/xbee'
rm -rf *.o *.so *~ *.bak ,* LOG* *.class *.jstmp config.cache config.log config.status manifest.tmp XBeeHelper.class xbee.jar     xbee.jar 
rm -f core
making clean in ptolemy/actor/lib/jjs/modules/xbee/test
make[8]: Entering directory '/home/travis/build/icyphy/ptII/adm/gen-11.1/src/ptII11.1.devel/ptolemy/actor/lib/jjs/modules/xbee/test'
rm -rf *.o *.so *~ *.bak ,* LOG* *.class *.jstmp config.cache config.log config.status manifest.tmp XBeeHello.class       
rm -f core
make[8]: Leaving directory '/home/travis/build/icyphy/ptII/adm/gen-11.1/src/ptII11.1.devel/ptolemy/actor/lib/jjs/modules/xbee/test'
make[7]: Leaving directory '/home/travis/build/icyphy/ptII/adm/gen-11.1/src/ptII11.1.devel/ptolemy/actor/lib/jjs/modules/xbee'
make[6]: Leaving directory '/home/travis/build/icyphy/ptII/adm/gen-11.1/src/ptII11.1.devel/ptolemy/actor/lib/jjs/modules'
making clean in ptolemy/actor/lib/jjs/node
make[6]: Entering directory '/home/travis/build/icyphy/ptII/adm/gen-11.1/src/ptII11.1.devel/ptolemy/actor/lib/jjs/node'
rm -rf *.o *.so *~ *.bak ,* LOG* *.class *.jstmp config.cache config.log config.status manifest.tmp  node.jar     node.jar 
rm -f core
make[6]: Leaving directory '/home/travis/build/icyphy/ptII/adm/gen-11.1/src/ptII11.1.devel/ptolemy/actor/lib/jjs/node'
making clean in ptolemy/actor/lib/jjs/test
make[6]: Entering directory '/home/travis/build/icyphy/ptII/adm/gen-11.1/src/ptII11.1.devel/ptolemy/actor/lib/jjs/test'
rm -rf *.o *.so *~ *.bak ,* LOG* *.class *.jstmp config.cache config.log config.status manifest.tmp        
rm -f core
make[6]: Leaving directory '/home/travis/build/icyphy/ptII/adm/gen-11.1/src/ptII11.1.devel/ptolemy/actor/lib/jjs/test'
make[5]: Leaving directory '/home/travis/build/icyphy/ptII/adm/gen-11.1/src/ptII11.1.devel/ptolemy/actor/lib/jjs'
making clean in ptolemy/actor/lib/jopio
make[5]: Entering directory '/home/travis/build/icyphy/ptII/adm/gen-11.1/src/ptII11.1.devel/ptolemy/actor/lib/jopio'
rm -rf *.o *.so *~ *.bak ,* LOG* *.class *.jstmp config.cache config.log config.status manifest.tmp JopReadPort.class JopSerialRead.class JopSerialWrite.class JopWatchDog.class JopWritePort.class jopio.jar     jopio.jar 
rm -f core
make[5]: Leaving directory '/home/travis/build/icyphy/ptII/adm/gen-11.1/src/ptII11.1.devel/ptolemy/actor/lib/jopio'
making clean in ptolemy/actor/lib/mbed
make[5]: Entering directory '/home/travis/build/icyphy/ptII/adm/gen-11.1/src/ptII11.1.devel/ptolemy/actor/lib/mbed'
rm -rf *.o *.so *~ *.bak ,* LOG* *.class *.jstmp config.cache config.log config.status manifest.tmp Accelerometer.class CC3000Control.class CC3000Module.class GestureRecognition.class GPIOWriter.class HSBtoRGB.class LEDCubeUpdate.class NeoPixelLEDStrip.class PacketToSensorData.class SensorDataCalibration.class mbed.jar     mbed.jar 
rm -f core
make[5]: Leaving directory '/home/travis/build/icyphy/ptII/adm/gen-11.1/src/ptII11.1.devel/ptolemy/actor/lib/mbed'
making clean in ptolemy/actor/lib/net
make[5]: Entering directory '/home/travis/build/icyphy/ptII/adm/gen-11.1/src/ptII11.1.devel/ptolemy/actor/lib/net'
rm -rf *.o *.so *~ *.bak ,* LOG* *.class *.jstmp config.cache config.log config.status manifest.tmp IPAddress.class DatagramReader.class DatagramWriter.class net.jar     net.jar 
rm -f core
making clean in ptolemy/actor/lib/net/demo
make[6]: Entering directory '/home/travis/build/icyphy/ptII/adm/gen-11.1/src/ptII11.1.devel/ptolemy/actor/lib/net/demo'
rm -rf *.o *.so *~ *.bak ,* LOG* *.class *.jstmp config.cache config.log config.status manifest.tmp    demo.jar    
rm -f core
making clean in ptolemy/actor/lib/net/demo/Datagram
make[7]: Entering directory '/home/travis/build/icyphy/ptII/adm/gen-11.1/src/ptII11.1.devel/ptolemy/actor/lib/net/demo/Datagram'
rm -rf *.o *.so *~ *.bak ,* LOG* *.class *.jstmp config.cache config.log config.status manifest.tmp Datagram.class Datagram.jar     Datagram.jar 
rm -f core
make[7]: Leaving directory '/home/travis/build/icyphy/ptII/adm/gen-11.1/src/ptII11.1.devel/ptolemy/actor/lib/net/demo/Datagram'
make[6]: Leaving directory '/home/travis/build/icyphy/ptII/adm/gen-11.1/src/ptII11.1.devel/ptolemy/actor/lib/net/demo'
making clean in ptolemy/actor/lib/net/test
make[6]: Entering directory '/home/travis/build/icyphy/ptII/adm/gen-11.1/src/ptII11.1.devel/ptolemy/actor/lib/net/test'
rm -rf *.o *.so *~ *.bak ,* LOG* *.class *.jstmp config.cache config.log config.status manifest.tmp        
rm -f core
make[6]: Leaving directory '/home/travis/build/icyphy/ptII/adm/gen-11.1/src/ptII11.1.devel/ptolemy/actor/lib/net/test'
make[5]: Leaving directory '/home/travis/build/icyphy/ptII/adm/gen-11.1/src/ptII11.1.devel/ptolemy/actor/lib/net'
making clean in ptolemy/actor/lib/io
make[5]: Entering directory '/home/travis/build/icyphy/ptII/adm/gen-11.1/src/ptII11.1.devel/ptolemy/actor/lib/io'
rm -rf *.o *.so *~ *.bak ,* LOG* *.class *.jstmp config.cache config.log config.status manifest.tmp CSVReader.class CSVWriter.class DirectoryListing.class ExpressionReader.class ExpressionWriter.class LineReader.class LineWriter.class FileReader.class TokenReader.class io.jar     io.jar 
rm -f core
making clean in ptolemy/actor/lib/io/comm
make[6]: Entering directory '/home/travis/build/icyphy/ptII/adm/gen-11.1/src/ptII11.1.devel/ptolemy/actor/lib/io/comm'
rm -rf *.o *.so *~ *.bak ,* LOG* *.class *.jstmp config.cache config.log config.status manifest.tmp SerialComm.class comm.jar     comm.jar 
rm -f core
making clean in ptolemy/actor/lib/io/comm/demo
make[7]: Entering directory '/home/travis/build/icyphy/ptII/adm/gen-11.1/src/ptII11.1.devel/ptolemy/actor/lib/io/comm/demo'
rm -rf *.o *.so *~ *.bak ,* LOG* *.class *.jstmp config.cache config.log config.status manifest.tmp    demo.jar    
rm -f core
making clean in ptolemy/actor/lib/io/comm/demo/SerialConsole
make[8]: Entering directory '/home/travis/build/icyphy/ptII/adm/gen-11.1/src/ptII11.1.devel/ptolemy/actor/lib/io/comm/demo/SerialConsole'
rm -rf *.o *.so *~ *.bak ,* LOG* *.class *.jstmp config.cache config.log config.status manifest.tmp  SerialConsole.jar     SerialConsole.jar 
rm -f core
make[8]: Leaving directory '/home/travis/build/icyphy/ptII/adm/gen-11.1/src/ptII11.1.devel/ptolemy/actor/lib/io/comm/demo/SerialConsole'
making clean in ptolemy/actor/lib/io/comm/demo/SerialPort
make[8]: Entering directory '/home/travis/build/icyphy/ptII/adm/gen-11.1/src/ptII11.1.devel/ptolemy/actor/lib/io/comm/demo/SerialPort'
rm -rf *.o *.so *~ *.bak ,* LOG* *.class *.jstmp config.cache config.log config.status manifest.tmp  SerialPort.jar     SerialPort.jar 
rm -f core
make[8]: Leaving directory '/home/travis/build/icyphy/ptII/adm/gen-11.1/src/ptII11.1.devel/ptolemy/actor/lib/io/comm/demo/SerialPort'
making clean in ptolemy/actor/lib/io/comm/demo/XBee
make[8]: Entering directory '/home/travis/build/icyphy/ptII/adm/gen-11.1/src/ptII11.1.devel/ptolemy/actor/lib/io/comm/demo/XBee'
rm -rf *.o *.so *~ *.bak ,* LOG* *.class *.jstmp config.cache config.log config.status manifest.tmp  XBee.jar     XBee.jar 
rm -f core
make[8]: Leaving directory '/home/travis/build/icyphy/ptII/adm/gen-11.1/src/ptII11.1.devel/ptolemy/actor/lib/io/comm/demo/XBee'
make[7]: Leaving directory '/home/travis/build/icyphy/ptII/adm/gen-11.1/src/ptII11.1.devel/ptolemy/actor/lib/io/comm/demo'
make[6]: Leaving directory '/home/travis/build/icyphy/ptII/adm/gen-11.1/src/ptII11.1.devel/ptolemy/actor/lib/io/comm'
making clean in ptolemy/actor/lib/io/demo
make[6]: Entering directory '/home/travis/build/icyphy/ptII/adm/gen-11.1/src/ptII11.1.devel/ptolemy/actor/lib/io/demo'
rm -rf *.o *.so *~ *.bak ,* LOG* *.class *.jstmp config.cache config.log config.status manifest.tmp    demo.jar    
rm -f core
making clean in ptolemy/actor/lib/io/demo/AppendToFile
make[7]: Entering directory '/home/travis/build/icyphy/ptII/adm/gen-11.1/src/ptII11.1.devel/ptolemy/actor/lib/io/demo/AppendToFile'
rm -rf *.o *.so *~ *.bak ,* LOG* *.class *.jstmp config.cache config.log config.status manifest.tmp  AppendToFile.jar     AppendToFile.jar 
rm -f core
make[7]: Leaving directory '/home/travis/build/icyphy/ptII/adm/gen-11.1/src/ptII11.1.devel/ptolemy/actor/lib/io/demo/AppendToFile'
making clean in ptolemy/actor/lib/io/demo/CopyFile
make[7]: Entering directory '/home/travis/build/icyphy/ptII/adm/gen-11.1/src/ptII11.1.devel/ptolemy/actor/lib/io/demo/CopyFile'
rm -rf *.o *.so *~ *.bak ,* LOG* *.class *.jstmp config.cache config.log config.status manifest.tmp  CopyFile.jar     CopyFile.jar 
rm -f core
make[7]: Leaving directory '/home/travis/build/icyphy/ptII/adm/gen-11.1/src/ptII11.1.devel/ptolemy/actor/lib/io/demo/CopyFile'
making clean in ptolemy/actor/lib/io/demo/FilePortParameter
make[7]: Entering directory '/home/travis/build/icyphy/ptII/adm/gen-11.1/src/ptII11.1.devel/ptolemy/actor/lib/io/demo/FilePortParameter'
rm -rf *.o *.so *~ *.bak ,* LOG* *.class *.jstmp config.cache config.log config.status manifest.tmp  FilePortParameter.jar     FilePortParameter.jar 
rm -f core
make[7]: Leaving directory '/home/travis/build/icyphy/ptII/adm/gen-11.1/src/ptII11.1.devel/ptolemy/actor/lib/io/demo/FilePortParameter'
making clean in ptolemy/actor/lib/io/demo/ReadExpressionsCommandLine
make[7]: Entering directory '/home/travis/build/icyphy/ptII/adm/gen-11.1/src/ptII11.1.devel/ptolemy/actor/lib/io/demo/ReadExpressionsCommandLine'
rm -rf *.o *.so *~ *.bak ,* LOG* *.class *.jstmp config.cache config.log config.status manifest.tmp  ReadExpressionsCommandLine.jar     ReadExpressionsCommandLine.jar 
rm -f core
make[7]: Leaving directory '/home/travis/build/icyphy/ptII/adm/gen-11.1/src/ptII11.1.devel/ptolemy/actor/lib/io/demo/ReadExpressionsCommandLine'
making clean in ptolemy/actor/lib/io/demo/ReadStdIn
make[7]: Entering directory '/home/travis/build/icyphy/ptII/adm/gen-11.1/src/ptII11.1.devel/ptolemy/actor/lib/io/demo/ReadStdIn'
rm -rf *.o *.so *~ *.bak ,* LOG* *.class *.jstmp config.cache config.log config.status manifest.tmp  ReadStdIn.jar     ReadStdIn.jar 
rm -f core
make[7]: Leaving directory '/home/travis/build/icyphy/ptII/adm/gen-11.1/src/ptII11.1.devel/ptolemy/actor/lib/io/demo/ReadStdIn'
make[6]: Leaving directory '/home/travis/build/icyphy/ptII/adm/gen-11.1/src/ptII11.1.devel/ptolemy/actor/lib/io/demo'
making clean in ptolemy/actor/lib/io/test
make[6]: Entering directory '/home/travis/build/icyphy/ptII/adm/gen-11.1/src/ptII11.1.devel/ptolemy/actor/lib/io/test'
rm -rf *.o *.so *~ *.bak ,* LOG* *.class *.jstmp config.cache config.log config.status manifest.tmp        
rm -f core
make[6]: Leaving directory '/home/travis/build/icyphy/ptII/adm/gen-11.1/src/ptII11.1.devel/ptolemy/actor/lib/io/test'
make[5]: Leaving directory '/home/travis/build/icyphy/ptII/adm/gen-11.1/src/ptII11.1.devel/ptolemy/actor/lib/io'
making clean in ptolemy/actor/lib/comm
make[5]: Entering directory '/home/travis/build/icyphy/ptII/adm/gen-11.1/src/ptII11.1.devel/ptolemy/actor/lib/comm'
rm -rf *.o *.so *~ *.bak ,* LOG* *.class *.jstmp config.cache config.log config.status manifest.tmp ConvolutionalCoder.class DeScrambler.class HadamardCode.class HammingCoder.class HammingDecoder.class HuffmanBasic.class HuffmanCoder.class HuffmanDecoder.class LempelZivCoder.class LempelZivDecoder.class Scrambler.class Slicer.class TrellisDecoder.class ViterbiDecoder.class comm.jar     comm.jar 
rm -f core
making clean in ptolemy/actor/lib/comm/demo
make[6]: Entering directory '/home/travis/build/icyphy/ptII/adm/gen-11.1/src/ptII11.1.devel/ptolemy/actor/lib/comm/demo'
rm -rf *.o *.so *~ *.bak ,* LOG* *.class *.jstmp config.cache config.log config.status manifest.tmp    demo.jar    
rm -f core
making clean in ptolemy/actor/lib/comm/demo/ConvolutionalCoder
make[7]: Entering directory '/home/travis/build/icyphy/ptII/adm/gen-11.1/src/ptII11.1.devel/ptolemy/actor/lib/comm/demo/ConvolutionalCoder'
rm -rf *.o *.so *~ *.bak ,* LOG* *.class *.jstmp config.cache config.log config.status manifest.tmp  ConvolutionalCoder.jar     ConvolutionalCoder.jar 
rm -f core
make[7]: Leaving directory '/home/travis/build/icyphy/ptII/adm/gen-11.1/src/ptII11.1.devel/ptolemy/actor/lib/comm/demo/ConvolutionalCoder'
making clean in ptolemy/actor/lib/comm/demo/HuffmanDecoder
make[7]: Entering directory '/home/travis/build/icyphy/ptII/adm/gen-11.1/src/ptII11.1.devel/ptolemy/actor/lib/comm/demo/HuffmanDecoder'
rm -rf *.o *.so *~ *.bak ,* LOG* *.class *.jstmp config.cache config.log config.status manifest.tmp  HuffmanDecoder.jar     HuffmanDecoder.jar 
rm -f core
make[7]: Leaving directory '/home/travis/build/icyphy/ptII/adm/gen-11.1/src/ptII11.1.devel/ptolemy/actor/lib/comm/demo/HuffmanDecoder'
making clean in ptolemy/actor/lib/comm/demo/Scrambler
make[7]: Entering directory '/home/travis/build/icyphy/ptII/adm/gen-11.1/src/ptII11.1.devel/ptolemy/actor/lib/comm/demo/Scrambler'
rm -rf *.o *.so *~ *.bak ,* LOG* *.class *.jstmp config.cache config.log config.status manifest.tmp  Scrambler.jar     Scrambler.jar 
rm -f core
make[7]: Leaving directory '/home/travis/build/icyphy/ptII/adm/gen-11.1/src/ptII11.1.devel/ptolemy/actor/lib/comm/demo/Scrambler'
making clean in ptolemy/actor/lib/comm/demo/TrellisDecoder
make[7]: Entering directory '/home/travis/build/icyphy/ptII/adm/gen-11.1/src/ptII11.1.devel/ptolemy/actor/lib/comm/demo/TrellisDecoder'
rm -rf *.o *.so *~ *.bak ,* LOG* *.class *.jstmp config.cache config.log config.status manifest.tmp  TrellisDecoder.jar     TrellisDecoder.jar 
rm -f core
make[7]: Leaving directory '/home/travis/build/icyphy/ptII/adm/gen-11.1/src/ptII11.1.devel/ptolemy/actor/lib/comm/demo/TrellisDecoder'
making clean in ptolemy/actor/lib/comm/demo/ViterbiDecoder
make[7]: Entering directory '/home/travis/build/icyphy/ptII/adm/gen-11.1/src/ptII11.1.devel/ptolemy/actor/lib/comm/demo/ViterbiDecoder'
rm -rf *.o *.so *~ *.bak ,* LOG* *.class *.jstmp config.cache config.log config.status manifest.tmp  ViterbiDecoder.jar     ViterbiDecoder.jar 
rm -f core
make[7]: Leaving directory '/home/travis/build/icyphy/ptII/adm/gen-11.1/src/ptII11.1.devel/ptolemy/actor/lib/comm/demo/ViterbiDecoder'
make[6]: Leaving directory '/home/travis/build/icyphy/ptII/adm/gen-11.1/src/ptII11.1.devel/ptolemy/actor/lib/comm/demo'
making clean in ptolemy/actor/lib/comm/test
make[6]: Entering directory '/home/travis/build/icyphy/ptII/adm/gen-11.1/src/ptII11.1.devel/ptolemy/actor/lib/comm/test'
rm -rf *.o *.so *~ *.bak ,* LOG* *.class *.jstmp config.cache config.log config.status manifest.tmp        
rm -f core
make[6]: Leaving directory '/home/travis/build/icyphy/ptII/adm/gen-11.1/src/ptII11.1.devel/ptolemy/actor/lib/comm/test'
make[5]: Leaving directory '/home/travis/build/icyphy/ptII/adm/gen-11.1/src/ptII11.1.devel/ptolemy/actor/lib/comm'
making clean in ptolemy/actor/lib/security
make[5]: Entering directory '/home/travis/build/icyphy/ptII/adm/gen-11.1/src/ptII11.1.devel/ptolemy/actor/lib/security'
rm -rf *.o *.so *~ *.bak ,* LOG* *.class *.jstmp config.cache config.log config.status manifest.tmp CipherActor.class CryptographyActor.class KeyReader.class KeyStoreActor.class KeyToken.class KeyWriter.class PrivateKeyReader.class PublicKeyReader.class SecretKey.class SecretKeyReader.class SignatureActor.class SignatureSigner.class SignatureVerifier.class SymmetricCrypto.class SymmetricDecryption.class SymmetricEncryption.class security.jar     security.jar 
rm -f core
making clean in ptolemy/actor/lib/security/demo
make[6]: Entering directory '/home/travis/build/icyphy/ptII/adm/gen-11.1/src/ptII11.1.devel/ptolemy/actor/lib/security/demo'
rm -rf *.o *.so *~ *.bak ,* LOG* *.class *.jstmp config.cache config.log config.status manifest.tmp    demo.jar    
rm -f core
making clean in ptolemy/actor/lib/security/demo/Signature
make[7]: Entering directory '/home/travis/build/icyphy/ptII/adm/gen-11.1/src/ptII11.1.devel/ptolemy/actor/lib/security/demo/Signature'
rm -rf *.o *.so *~ *.bak ,* LOG* *.class *.jstmp config.cache config.log config.status manifest.tmp  Signature.jar     Signature.jar ptKeystore
rm -f core
make[7]: Leaving directory '/home/travis/build/icyphy/ptII/adm/gen-11.1/src/ptII11.1.devel/ptolemy/actor/lib/security/demo/Signature'
make[6]: Leaving directory '/home/travis/build/icyphy/ptII/adm/gen-11.1/src/ptII11.1.devel/ptolemy/actor/lib/security/demo'
making clean in ptolemy/actor/lib/security/doc
make[6]: Entering directory '/home/travis/build/icyphy/ptII/adm/gen-11.1/src/ptII11.1.devel/ptolemy/actor/lib/security/doc'
rm -rf *.o *.so *~ *.bak ,* LOG* *.class *.jstmp config.cache config.log config.status manifest.tmp  doc.jar     doc.jar 
rm -f core
make[6]: Leaving directory '/home/travis/build/icyphy/ptII/adm/gen-11.1/src/ptII11.1.devel/ptolemy/actor/lib/security/doc'
making clean in ptolemy/actor/lib/security/test
make[6]: Entering directory '/home/travis/build/icyphy/ptII/adm/gen-11.1/src/ptII11.1.devel/ptolemy/actor/lib/security/test'
rm -rf *.o *.so *~ *.bak ,* LOG* *.class *.jstmp config.cache config.log config.status manifest.tmp        
rm -f core
make[6]: Leaving directory '/home/travis/build/icyphy/ptII/adm/gen-11.1/src/ptII11.1.devel/ptolemy/actor/lib/security/test'
make[5]: Leaving directory '/home/travis/build/icyphy/ptII/adm/gen-11.1/src/ptII11.1.devel/ptolemy/actor/lib/security'
making clean in ptolemy/actor/lib/string
make[5]: Entering directory '/home/travis/build/icyphy/ptII/adm/gen-11.1/src/ptII11.1.devel/ptolemy/actor/lib/string'
rm -rf *.o *.so *~ *.bak ,* LOG* *.class *.jstmp config.cache config.log config.status manifest.tmp StringCompare.class StringFunction.class StringIndexOf.class StringLength.class StringMatches.class StringReplace.class StringSimpleReplace.class StringSplit.class StringSubstring.class string.jar     string.jar 
rm -f core
making clean in ptolemy/actor/lib/string/test
make[6]: Entering directory '/home/travis/build/icyphy/ptII/adm/gen-11.1/src/ptII11.1.devel/ptolemy/actor/lib/string/test'
rm -rf *.o *.so *~ *.bak ,* LOG* *.class *.jstmp config.cache config.log config.status manifest.tmp SDFTestScheduler.class       
rm -f core
make[6]: Leaving directory '/home/travis/build/icyphy/ptII/adm/gen-11.1/src/ptII11.1.devel/ptolemy/actor/lib/string/test'
make[5]: Leaving directory '/home/travis/build/icyphy/ptII/adm/gen-11.1/src/ptII11.1.devel/ptolemy/actor/lib/string'
making clean in ptolemy/actor/lib/tutorial
make[5]: Entering directory '/home/travis/build/icyphy/ptII/adm/gen-11.1/src/ptII11.1.devel/ptolemy/actor/lib/tutorial'
rm -rf *.o *.so *~ *.bak ,* LOG* *.class *.jstmp config.cache config.log config.status manifest.tmp SimpleALU.class StaticALU.class tutorial.jar     tutorial.jar 
rm -f core
make[5]: Leaving directory '/home/travis/build/icyphy/ptII/adm/gen-11.1/src/ptII11.1.devel/ptolemy/actor/lib/tutorial'
making clean in ptolemy/actor/lib/vhdl
make[5]: Entering directory '/home/travis/build/icyphy/ptII/adm/gen-11.1/src/ptII11.1.devel/ptolemy/actor/lib/vhdl'
rm -rf *.o *.so *~ *.bak ,* LOG* *.class *.jstmp config.cache config.log config.status manifest.tmp AddSubtract.class Concat.class FixComparator.class FixConst.class FixCounter.class FixSequence.class FixToString.class FixTransformer.class IntegerCounter.class LogicalNot.class LogicFunction.class Memory.class Multiplexor.class Multiplier.class QueuedTypedIOPort.class Register.class RegisterSR.class ROM.class Slice.class SynchronousFixTransformer.class vhdl.jar     vhdl.jar 
rm -f core
making clean in ptolemy/actor/lib/vhdl/test
make[6]: Entering directory '/home/travis/build/icyphy/ptII/adm/gen-11.1/src/ptII11.1.devel/ptolemy/actor/lib/vhdl/test'
rm -rf *.o *.so *~ *.bak ,* LOG* *.class *.jstmp config.cache config.log config.status manifest.tmp        
rm -f core
make[6]: Leaving directory '/home/travis/build/icyphy/ptII/adm/gen-11.1/src/ptII11.1.devel/ptolemy/actor/lib/vhdl/test'
make[5]: Leaving directory '/home/travis/build/icyphy/ptII/adm/gen-11.1/src/ptII11.1.devel/ptolemy/actor/lib/vhdl'
making clean in ptolemy/actor/lib/video
make[5]: Entering directory '/home/travis/build/icyphy/ptII/adm/gen-11.1/src/ptII11.1.devel/ptolemy/actor/lib/video'
rm -rf *.o *.so *~ *.bak ,* LOG* *.class *.jstmp config.cache config.log config.status manifest.tmp DCT2x2dc.class DCT4x4dc.class IDCT4x4dc.class DCT8x8.class IDCT8x8.class SumofAbsoluteDifferences.class video.jar     video.jar 
rm -f core
making clean in ptolemy/actor/lib/video/demo
make[6]: Entering directory '/home/travis/build/icyphy/ptII/adm/gen-11.1/src/ptII11.1.devel/ptolemy/actor/lib/video/demo'
rm -rf *.o *.so *~ *.bak ,* LOG* *.class *.jstmp config.cache config.log config.status manifest.tmp    demo.jar    
rm -f core
making clean in ptolemy/actor/lib/video/demo/DCT2x2dc
make[7]: Entering directory '/home/travis/build/icyphy/ptII/adm/gen-11.1/src/ptII11.1.devel/ptolemy/actor/lib/video/demo/DCT2x2dc'
rm -rf *.o *.so *~ *.bak ,* LOG* *.class *.jstmp config.cache config.log config.status manifest.tmp  DCT2x2dc.jar     DCT2x2dc.jar 
rm -f core
make[7]: Leaving directory '/home/travis/build/icyphy/ptII/adm/gen-11.1/src/ptII11.1.devel/ptolemy/actor/lib/video/demo/DCT2x2dc'
making clean in ptolemy/actor/lib/video/demo/DCT4x4dc
make[7]: Entering directory '/home/travis/build/icyphy/ptII/adm/gen-11.1/src/ptII11.1.devel/ptolemy/actor/lib/video/demo/DCT4x4dc'
rm -rf *.o *.so *~ *.bak ,* LOG* *.class *.jstmp config.cache config.log config.status manifest.tmp  DCT4x4dc.jar     DCT4x4dc.jar 
rm -f core
make[7]: Leaving directory '/home/travis/build/icyphy/ptII/adm/gen-11.1/src/ptII11.1.devel/ptolemy/actor/lib/video/demo/DCT4x4dc'
making clean in ptolemy/actor/lib/video/demo/DCT8x8
make[7]: Entering directory '/home/travis/build/icyphy/ptII/adm/gen-11.1/src/ptII11.1.devel/ptolemy/actor/lib/video/demo/DCT8x8'
rm -rf *.o *.so *~ *.bak ,* LOG* *.class *.jstmp config.cache config.log config.status manifest.tmp  DCT8x8.jar     DCT8x8.jar 
rm -f core
make[7]: Leaving directory '/home/travis/build/icyphy/ptII/adm/gen-11.1/src/ptII11.1.devel/ptolemy/actor/lib/video/demo/DCT8x8'
make[6]: Leaving directory '/home/travis/build/icyphy/ptII/adm/gen-11.1/src/ptII11.1.devel/ptolemy/actor/lib/video/demo'
make[5]: Leaving directory '/home/travis/build/icyphy/ptII/adm/gen-11.1/src/ptII11.1.devel/ptolemy/actor/lib/video'
making clean in ptolemy/actor/lib/xslt
make[5]: Entering directory '/home/travis/build/icyphy/ptII/adm/gen-11.1/src/ptII11.1.devel/ptolemy/actor/lib/xslt'
rm -rf *.o *.so *~ *.bak ,* LOG* *.class *.jstmp config.cache config.log config.status manifest.tmp XMLInclusion.class XSLTransformer.class xslt.jar     xslt.jar 
rm -f core
making clean in ptolemy/actor/lib/xslt/test
make[6]: Entering directory '/home/travis/build/icyphy/ptII/adm/gen-11.1/src/ptII11.1.devel/ptolemy/actor/lib/xslt/test'
rm -rf *.o *.so *~ *.bak ,* LOG* *.class *.jstmp config.cache config.log config.status manifest.tmp        
rm -f core
make[6]: Leaving directory '/home/travis/build/icyphy/ptII/adm/gen-11.1/src/ptII11.1.devel/ptolemy/actor/lib/xslt/test'
make[5]: Leaving directory '/home/travis/build/icyphy/ptII/adm/gen-11.1/src/ptII11.1.devel/ptolemy/actor/lib/xslt'
making clean in ptolemy/actor/lib/gem5
make[5]: Entering directory '/home/travis/build/icyphy/ptII/adm/gen-11.1/src/ptII11.1.devel/ptolemy/actor/lib/gem5'
rm -rf *.o *.so *~ *.bak ,* LOG* *.class *.jstmp config.cache config.log config.status manifest.tmp Gem5Wrapper.class gem5.jar     gem5.jar 
rm -f core
making clean in ptolemy/actor/lib/gem5/demo
make[6]: Entering directory '/home/travis/build/icyphy/ptII/adm/gen-11.1/src/ptII11.1.devel/ptolemy/actor/lib/gem5/demo'
rm -rf *.o *.so *~ *.bak ,* LOG* *.class *.jstmp config.cache config.log config.status manifest.tmp    demo.jar    
rm -f core
making clean in ptolemy/actor/lib/gem5/demo/DramThermalModel
make[7]: Entering directory '/home/travis/build/icyphy/ptII/adm/gen-11.1/src/ptII11.1.devel/ptolemy/actor/lib/gem5/demo/DramThermalModel'
rm -rf *.o *.so *~ *.bak ,* LOG* *.class *.jstmp config.cache config.log config.status manifest.tmp  DramThermalModel.jar     DramThermalModel.jar 
rm -f core
make[7]: Leaving directory '/home/travis/build/icyphy/ptII/adm/gen-11.1/src/ptII11.1.devel/ptolemy/actor/lib/gem5/demo/DramThermalModel'
make[6]: Leaving directory '/home/travis/build/icyphy/ptII/adm/gen-11.1/src/ptII11.1.devel/ptolemy/actor/lib/gem5/demo'
make[5]: Leaving directory '/home/travis/build/icyphy/ptII/adm/gen-11.1/src/ptII11.1.devel/ptolemy/actor/lib/gem5'
making clean in ptolemy/actor/lib/colt
make[5]: Entering directory '/home/travis/build/icyphy/ptII/adm/gen-11.1/src/ptII11.1.devel/ptolemy/actor/lib/colt'
rm -rf *.o *.so *~ *.bak ,* LOG* *.class *.jstmp config.cache config.log config.status manifest.tmp ColtBeta.class ColtBinomial.class ColtBinomialSelector.class ColtBreitWigner.class ColtChiSquare.class ColtExponential.class ColtExponentialPower.class ColtGamma.class ColtHyperGeometric.class ColtLogarithmic.class ColtNegativeBinomial.class ColtNormal.class ColtPoisson.class ColtPoissonSlow.class ColtRandomSource.class ColtStudentT.class ColtVonMises.class ColtZeta.class colt.jar     colt.jar 
rm -f core
making clean in ptolemy/actor/lib/colt/demo
make[6]: Entering directory '/home/travis/build/icyphy/ptII/adm/gen-11.1/src/ptII11.1.devel/ptolemy/actor/lib/colt/demo'
rm -rf *.o *.so *~ *.bak ,* LOG* *.class *.jstmp config.cache config.log config.status manifest.tmp    demo.jar    
rm -f core
making clean in ptolemy/actor/lib/colt/demo/ColtRandom
make[7]: Entering directory '/home/travis/build/icyphy/ptII/adm/gen-11.1/src/ptII11.1.devel/ptolemy/actor/lib/colt/demo/ColtRandom'
rm -rf *.o *.so *~ *.bak ,* LOG* *.class *.jstmp config.cache config.log config.status manifest.tmp  ColtRandom.jar     ColtRandom.jar 
rm -f core
make[7]: Leaving directory '/home/travis/build/icyphy/ptII/adm/gen-11.1/src/ptII11.1.devel/ptolemy/actor/lib/colt/demo/ColtRandom'
make[6]: Leaving directory '/home/travis/build/icyphy/ptII/adm/gen-11.1/src/ptII11.1.devel/ptolemy/actor/lib/colt/demo'
making clean in ptolemy/actor/lib/colt/test
make[6]: Entering directory '/home/travis/build/icyphy/ptII/adm/gen-11.1/src/ptII11.1.devel/ptolemy/actor/lib/colt/test'
rm -rf *.o *.so *~ *.bak ,* LOG* *.class *.jstmp config.cache config.log config.status manifest.tmp        
rm -f core
make[6]: Leaving directory '/home/travis/build/icyphy/ptII/adm/gen-11.1/src/ptII11.1.devel/ptolemy/actor/lib/colt/test'
make[5]: Leaving directory '/home/travis/build/icyphy/ptII/adm/gen-11.1/src/ptII11.1.devel/ptolemy/actor/lib/colt'
making clean in ptolemy/actor/lib/database
make[5]: Entering directory '/home/travis/build/icyphy/ptII/adm/gen-11.1/src/ptII11.1.devel/ptolemy/actor/lib/database'
rm -rf *.o *.so *~ *.bak ,* LOG* *.class *.jstmp config.cache config.log config.status manifest.tmp ArrayOfRecordsExporter.class ArrayOfRecordsRecorder.class DatabaseInsert.class DatabaseManager.class DatabaseQuery.class DatabaseSelect.class SQLStatement.class database.jar     database.jar 
rm -f core
making clean in ptolemy/actor/lib/database/demo
make[6]: Entering directory '/home/travis/build/icyphy/ptII/adm/gen-11.1/src/ptII11.1.devel/ptolemy/actor/lib/database/demo'
rm -rf *.o *.so *~ *.bak ,* LOG* *.class *.jstmp config.cache config.log config.status manifest.tmp    demo.jar    
rm -f core
making clean in ptolemy/actor/lib/database/demo/InteractiveQuery
make[7]: Entering directory '/home/travis/build/icyphy/ptII/adm/gen-11.1/src/ptII11.1.devel/ptolemy/actor/lib/database/demo/InteractiveQuery'
rm -rf *.o *.so *~ *.bak ,* LOG* *.class *.jstmp config.cache config.log config.status manifest.tmp  InteractiveQuery.jar     InteractiveQuery.jar 
rm -f core
make[7]: Leaving directory '/home/travis/build/icyphy/ptII/adm/gen-11.1/src/ptII11.1.devel/ptolemy/actor/lib/database/demo/InteractiveQuery'
make[6]: Leaving directory '/home/travis/build/icyphy/ptII/adm/gen-11.1/src/ptII11.1.devel/ptolemy/actor/lib/database/demo'
make[5]: Leaving directory '/home/travis/build/icyphy/ptII/adm/gen-11.1/src/ptII11.1.devel/ptolemy/actor/lib/database'
making clean in ptolemy/actor/lib/fmi
make[5]: Entering directory '/home/travis/build/icyphy/ptII/adm/gen-11.1/src/ptII11.1.devel/ptolemy/actor/lib/fmi'
rm -rf *.o *.so *~ *.bak ,* LOG* *.class *.jstmp config.cache config.log config.status manifest.tmp FMUImport.class FMUImportHybrid.class FMUQSS.class fmi.jar     fmi.jar 
rm -f core
making clean in ptolemy/actor/lib/fmi/fmus
make[6]: Entering directory '/home/travis/build/icyphy/ptII/adm/gen-11.1/src/ptII11.1.devel/ptolemy/actor/lib/fmi/fmus'
rm -rf *.o *.so *~ *.bak ,* LOG* *.class *.jstmp config.cache config.log config.status manifest.tmp    fmus.jar    
rm -f core
making clean in ptolemy/actor/lib/fmi/fmus/fmusim2
make[7]: Entering directory '/home/travis/build/icyphy/ptII/adm/gen-11.1/src/ptII11.1.devel/ptolemy/actor/lib/fmi/fmus/fmusim2'
rm -rf *.so *.dylib *.o *.fmu *~ fmu fmuTmp* fmusim2 result.csv
make[7]: Leaving directory '/home/travis/build/icyphy/ptII/adm/gen-11.1/src/ptII11.1.devel/ptolemy/actor/lib/fmi/fmus/fmusim2'
making clean in ptolemy/actor/lib/fmi/fmus/template
make[7]: Entering directory '/home/travis/build/icyphy/ptII/adm/gen-11.1/src/ptII11.1.devel/ptolemy/actor/lib/fmi/fmus/template'
rm -rf *.o *.so *~ *.bak ,* LOG* *.class *.jstmp config.cache config.log config.status manifest.tmp    template.jar    
rm -f core
making clean in ptolemy/actor/lib/fmi/fmus/template/fmiv20RC1
make[8]: Entering directory '/home/travis/build/icyphy/ptII/adm/gen-11.1/src/ptII11.1.devel/ptolemy/actor/lib/fmi/fmus/template/fmiv20RC1'
rm -rf *.o *.so *~ *.bak ,* LOG* *.class *.jstmp config.cache config.log config.status manifest.tmp  fmiv20RC1.jar     fmiv20RC1.jar 
rm -f core
make[8]: Leaving directory '/home/travis/build/icyphy/ptII/adm/gen-11.1/src/ptII11.1.devel/ptolemy/actor/lib/fmi/fmus/template/fmiv20RC1'
making clean in ptolemy/actor/lib/fmi/fmus/template/fmiv20RC1pt
make[8]: Entering directory '/home/travis/build/icyphy/ptII/adm/gen-11.1/src/ptII11.1.devel/ptolemy/actor/lib/fmi/fmus/template/fmiv20RC1pt'
rm -rf *.o *.so *~ *.bak ,* LOG* *.class *.jstmp config.cache config.log config.status manifest.tmp  fmiv20RC1pt.jar     fmiv20RC1pt.jar 
rm -f core
make[8]: Leaving directory '/home/travis/build/icyphy/ptII/adm/gen-11.1/src/ptII11.1.devel/ptolemy/actor/lib/fmi/fmus/template/fmiv20RC1pt'
making clean in ptolemy/actor/lib/fmi/fmus/template/fmiv20
make[8]: Entering directory '/home/travis/build/icyphy/ptII/adm/gen-11.1/src/ptII11.1.devel/ptolemy/actor/lib/fmi/fmus/template/fmiv20'
rm -rf *.o *.so *~ *.bak ,* LOG* *.class *.jstmp config.cache config.log config.status manifest.tmp  fmiv20.jar     fmiv20.jar 
rm -f core
make[8]: Leaving directory '/home/travis/build/icyphy/ptII/adm/gen-11.1/src/ptII11.1.devel/ptolemy/actor/lib/fmi/fmus/template/fmiv20'
making clean in ptolemy/actor/lib/fmi/fmus/template/sources
make[8]: Entering directory '/home/travis/build/icyphy/ptII/adm/gen-11.1/src/ptII11.1.devel/ptolemy/actor/lib/fmi/fmus/template/sources'
rm -rf *.o *.so *~ *.bak ,* LOG* *.class *.jstmp config.cache config.log config.status manifest.tmp  sources.jar     sources.jar 
rm -f core
make[8]: Leaving directory '/home/travis/build/icyphy/ptII/adm/gen-11.1/src/ptII11.1.devel/ptolemy/actor/lib/fmi/fmus/template/sources'
make[7]: Leaving directory '/home/travis/build/icyphy/ptII/adm/gen-11.1/src/ptII11.1.devel/ptolemy/actor/lib/fmi/fmus/template'
making clean in ptolemy/actor/lib/fmi/fmus/win32
make[7]: Entering directory '/home/travis/build/icyphy/ptII/adm/gen-11.1/src/ptII11.1.devel/ptolemy/actor/lib/fmi/fmus/win32'
rm -rf *.o *.so *~ *.bak ,* LOG* *.class *.jstmp config.cache config.log config.status manifest.tmp  win32.jar     win32.jar 
rm -f core
make[7]: Leaving directory '/home/travis/build/icyphy/ptII/adm/gen-11.1/src/ptII11.1.devel/ptolemy/actor/lib/fmi/fmus/win32'
making clean in ptolemy/actor/lib/fmi/fmus/bouncingBall
make[7]: Entering directory '/home/travis/build/icyphy/ptII/adm/gen-11.1/src/ptII11.1.devel/ptolemy/actor/lib/fmi/fmus/bouncingBall'
rm -rf *.o *.so *~ *.bak ,* LOG* *.class *.jstmp config.cache config.log config.status manifest.tmp  bouncingBall.jar     bouncingBall.jar src/binaries bouncingBall.fmu
rm -f core
make[7]: Leaving directory '/home/travis/build/icyphy/ptII/adm/gen-11.1/src/ptII11.1.devel/ptolemy/actor/lib/fmi/fmus/bouncingBall'
making clean in ptolemy/actor/lib/fmi/fmus/dq
make[7]: Entering directory '/home/travis/build/icyphy/ptII/adm/gen-11.1/src/ptII11.1.devel/ptolemy/actor/lib/fmi/fmus/dq'
rm -rf *.o *.so *~ *.bak ,* LOG* *.class *.jstmp config.cache config.log config.status manifest.tmp  dq.jar     dq.jar src/binaries dq.fmu
rm -f core
make[7]: Leaving directory '/home/travis/build/icyphy/ptII/adm/gen-11.1/src/ptII11.1.devel/ptolemy/actor/lib/fmi/fmus/dq'
making clean in ptolemy/actor/lib/fmi/fmus/inc
make[7]: Entering directory '/home/travis/build/icyphy/ptII/adm/gen-11.1/src/ptII11.1.devel/ptolemy/actor/lib/fmi/fmus/inc'
rm -rf *.o *.so *~ *.bak ,* LOG* *.class *.jstmp config.cache config.log config.status manifest.tmp  inc.jar     inc.jar src/binaries inc.fmu
rm -f core
make[7]: Leaving directory '/home/travis/build/icyphy/ptII/adm/gen-11.1/src/ptII11.1.devel/ptolemy/actor/lib/fmi/fmus/inc'
making clean in ptolemy/actor/lib/fmi/fmus/values
make[7]: Entering directory '/home/travis/build/icyphy/ptII/adm/gen-11.1/src/ptII11.1.devel/ptolemy/actor/lib/fmi/fmus/values'
rm -rf *.o *.so *~ *.bak ,* LOG* *.class *.jstmp config.cache config.log config.status manifest.tmp  values.jar     values.jar src/binaries values.fmu
rm -f core
make[7]: Leaving directory '/home/travis/build/icyphy/ptII/adm/gen-11.1/src/ptII11.1.devel/ptolemy/actor/lib/fmi/fmus/values'
making clean in ptolemy/actor/lib/fmi/fmus/vanDerPol
make[7]: Entering directory '/home/travis/build/icyphy/ptII/adm/gen-11.1/src/ptII11.1.devel/ptolemy/actor/lib/fmi/fmus/vanDerPol'
rm -rf *.o *.so *~ *.bak ,* LOG* *.class *.jstmp config.cache config.log config.status manifest.tmp  vanDerPol.jar     vanDerPol.jar src/binaries vanDerPol.fmu
rm -f core
make[7]: Leaving directory '/home/travis/build/icyphy/ptII/adm/gen-11.1/src/ptII11.1.devel/ptolemy/actor/lib/fmi/fmus/vanDerPol'
making clean in ptolemy/actor/lib/fmi/fmus/ballDynamics
make[7]: Entering directory '/home/travis/build/icyphy/ptII/adm/gen-11.1/src/ptII11.1.devel/ptolemy/actor/lib/fmi/fmus/ballDynamics'
rm -rf *.o *.so *~ *.bak ,* LOG* *.class *.jstmp config.cache config.log config.status manifest.tmp  ballDynamics.jar     ballDynamics.jar src/binaries ballDynamics.fmu
rm -f core
make[7]: Leaving directory '/home/travis/build/icyphy/ptII/adm/gen-11.1/src/ptII11.1.devel/ptolemy/actor/lib/fmi/fmus/ballDynamics'
making clean in ptolemy/actor/lib/fmi/fmus/helloWorld
make[7]: Entering directory '/home/travis/build/icyphy/ptII/adm/gen-11.1/src/ptII11.1.devel/ptolemy/actor/lib/fmi/fmus/helloWorld'
rm -rf *.o *.so *~ *.bak ,* LOG* *.class *.jstmp config.cache config.log config.status manifest.tmp  helloWorld.jar     helloWorld.jar src/binaries helloWorld.fmu
rm -f core
make[7]: Leaving directory '/home/travis/build/icyphy/ptII/adm/gen-11.1/src/ptII11.1.devel/ptolemy/actor/lib/fmi/fmus/helloWorld'
making clean in ptolemy/actor/lib/fmi/fmus/levelStairs
make[7]: Entering directory '/home/travis/build/icyphy/ptII/adm/gen-11.1/src/ptII11.1.devel/ptolemy/actor/lib/fmi/fmus/levelStairs'
rm -rf *.o *.so *~ *.bak ,* LOG* *.class *.jstmp config.cache config.log config.status manifest.tmp  levelStairs.jar     levelStairs.jar src/binaries levelStairs.fmu
rm -f core
make[7]: Leaving directory '/home/travis/build/icyphy/ptII/adm/gen-11.1/src/ptII11.1.devel/ptolemy/actor/lib/fmi/fmus/levelStairs'
making clean in ptolemy/actor/lib/fmi/fmus/onOffSupervisor
make[7]: Entering directory '/home/travis/build/icyphy/ptII/adm/gen-11.1/src/ptII11.1.devel/ptolemy/actor/lib/fmi/fmus/onOffSupervisor'
rm -rf *.o *.so *~ *.bak ,* LOG* *.class *.jstmp config.cache config.log config.status manifest.tmp  onOffSupervisor.jar     onOffSupervisor.jar src/binaries onOffSupervisor.fmu
rm -f core
make[7]: Leaving directory '/home/travis/build/icyphy/ptII/adm/gen-11.1/src/ptII11.1.devel/ptolemy/actor/lib/fmi/fmus/onOffSupervisor'
making clean in ptolemy/actor/lib/fmi/fmus/stairsA
make[7]: Entering directory '/home/travis/build/icyphy/ptII/adm/gen-11.1/src/ptII11.1.devel/ptolemy/actor/lib/fmi/fmus/stairsA'
rm -rf *.o *.so *~ *.bak ,* LOG* *.class *.jstmp config.cache config.log config.status manifest.tmp  stairsA.jar     stairsA.jar src/binaries stairsA.fmu
rm -f core
make[7]: Leaving directory '/home/travis/build/icyphy/ptII/adm/gen-11.1/src/ptII11.1.devel/ptolemy/actor/lib/fmi/fmus/stairsA'
making clean in ptolemy/actor/lib/fmi/fmus/stairsB
make[7]: Entering directory '/home/travis/build/icyphy/ptII/adm/gen-11.1/src/ptII11.1.devel/ptolemy/actor/lib/fmi/fmus/stairsB'
rm -rf *.o *.so *~ *.bak ,* LOG* *.class *.jstmp config.cache config.log config.status manifest.tmp  stairsB.jar     stairsB.jar src/binaries stairsB.fmu
rm -f core
make[7]: Leaving directory '/home/travis/build/icyphy/ptII/adm/gen-11.1/src/ptII11.1.devel/ptolemy/actor/lib/fmi/fmus/stairsB'
making clean in ptolemy/actor/lib/fmi/fmus/stepCounter1
make[7]: Entering directory '/home/travis/build/icyphy/ptII/adm/gen-11.1/src/ptII11.1.devel/ptolemy/actor/lib/fmi/fmus/stepCounter1'
rm -rf *.o *.so *~ *.bak ,* LOG* *.class *.jstmp config.cache config.log config.status manifest.tmp  stepCounter1.jar     stepCounter1.jar src/binaries stepCounter1.fmu
rm -f core
make[7]: Leaving directory '/home/travis/build/icyphy/ptII/adm/gen-11.1/src/ptII11.1.devel/ptolemy/actor/lib/fmi/fmus/stepCounter1'
making clean in ptolemy/actor/lib/fmi/fmus/stepCounter
make[7]: Entering directory '/home/travis/build/icyphy/ptII/adm/gen-11.1/src/ptII11.1.devel/ptolemy/actor/lib/fmi/fmus/stepCounter'
rm -rf *.o *.so *~ *.bak ,* LOG* *.class *.jstmp config.cache config.log config.status manifest.tmp  stepCounter.jar     stepCounter.jar src/binaries stepCounter.fmu
rm -f core
make[7]: Leaving directory '/home/travis/build/icyphy/ptII/adm/gen-11.1/src/ptII11.1.devel/ptolemy/actor/lib/fmi/fmus/stepCounter'
making clean in ptolemy/actor/lib/fmi/fmus/stepCounterExtendedFMI
make[7]: Entering directory '/home/travis/build/icyphy/ptII/adm/gen-11.1/src/ptII11.1.devel/ptolemy/actor/lib/fmi/fmus/stepCounterExtendedFMI'
rm -rf *.o *.so *~ *.bak ,* LOG* *.class *.jstmp config.cache config.log config.status manifest.tmp  stepCounterExtendedFMI.jar     stepCounterExtendedFMI.jar src/binaries stepCounterExtendedFMI.fmu
rm -f core
make[7]: Leaving directory '/home/travis/build/icyphy/ptII/adm/gen-11.1/src/ptII11.1.devel/ptolemy/actor/lib/fmi/fmus/stepCounterExtendedFMI'
making clean in ptolemy/actor/lib/fmi/fmus/stepCounterPeriodInName
make[7]: Entering directory '/home/travis/build/icyphy/ptII/adm/gen-11.1/src/ptII11.1.devel/ptolemy/actor/lib/fmi/fmus/stepCounterPeriodInName'
rm -rf *.o *.so *~ *.bak ,* LOG* *.class *.jstmp config.cache config.log config.status manifest.tmp  stepCounterPeriodInName.jar     stepCounterPeriodInName.jar src/binaries stepCounterPeriodInName.fmu
rm -f core
make[7]: Leaving directory '/home/travis/build/icyphy/ptII/adm/gen-11.1/src/ptII11.1.devel/ptolemy/actor/lib/fmi/fmus/stepCounterPeriodInName'
making clean in ptolemy/actor/lib/fmi/fmus/bouncingBall20
make[7]: Entering directory '/home/travis/build/icyphy/ptII/adm/gen-11.1/src/ptII11.1.devel/ptolemy/actor/lib/fmi/fmus/bouncingBall20'
rm -rf *.o *.so *~ *.bak ,* LOG* *.class *.jstmp config.cache config.log config.status manifest.tmp  bouncingBall20.jar     bouncingBall20.jar src/binaries bouncingBall20.fmu
rm -f core
make[7]: Leaving directory '/home/travis/build/icyphy/ptII/adm/gen-11.1/src/ptII11.1.devel/ptolemy/actor/lib/fmi/fmus/bouncingBall20'
making clean in ptolemy/actor/lib/fmi/fmus/dq20
make[7]: Entering directory '/home/travis/build/icyphy/ptII/adm/gen-11.1/src/ptII11.1.devel/ptolemy/actor/lib/fmi/fmus/dq20'
rm -rf *.o *.so *~ *.bak ,* LOG* *.class *.jstmp config.cache config.log config.status manifest.tmp  dq20.jar     dq20.jar src/binaries dq20.fmu
rm -f core
make[7]: Leaving directory '/home/travis/build/icyphy/ptII/adm/gen-11.1/src/ptII11.1.devel/ptolemy/actor/lib/fmi/fmus/dq20'
making clean in ptolemy/actor/lib/fmi/fmus/inc20
make[7]: Entering directory '/home/travis/build/icyphy/ptII/adm/gen-11.1/src/ptII11.1.devel/ptolemy/actor/lib/fmi/fmus/inc20'
rm -rf *.o *.so *~ *.bak ,* LOG* *.class *.jstmp config.cache config.log config.status manifest.tmp  inc20.jar     inc20.jar src/binaries inc20.fmu
rm -f core
make[7]: Leaving directory '/home/travis/build/icyphy/ptII/adm/gen-11.1/src/ptII11.1.devel/ptolemy/actor/lib/fmi/fmus/inc20'
making clean in ptolemy/actor/lib/fmi/fmus/values20
make[7]: Entering directory '/home/travis/build/icyphy/ptII/adm/gen-11.1/src/ptII11.1.devel/ptolemy/actor/lib/fmi/fmus/values20'
rm -rf *.o *.so *~ *.bak ,* LOG* *.class *.jstmp config.cache config.log config.status manifest.tmp  values20.jar     values20.jar src/binaries values20.fmu
rm -f core
make[7]: Leaving directory '/home/travis/build/icyphy/ptII/adm/gen-11.1/src/ptII11.1.devel/ptolemy/actor/lib/fmi/fmus/values20'
making clean in ptolemy/actor/lib/fmi/fmus/vanDerPol20
make[7]: Entering directory '/home/travis/build/icyphy/ptII/adm/gen-11.1/src/ptII11.1.devel/ptolemy/actor/lib/fmi/fmus/vanDerPol20'
rm -rf *.o *.so *~ *.bak ,* LOG* *.class *.jstmp config.cache config.log config.status manifest.tmp  vanDerPol20.jar     vanDerPol20.jar src/binaries vanDerPol20.fmu
rm -f core
make[7]: Leaving directory '/home/travis/build/icyphy/ptII/adm/gen-11.1/src/ptII11.1.devel/ptolemy/actor/lib/fmi/fmus/vanDerPol20'
making clean in ptolemy/actor/lib/fmi/fmus/bouncingBall20RC1
make[7]: Entering directory '/home/travis/build/icyphy/ptII/adm/gen-11.1/src/ptII11.1.devel/ptolemy/actor/lib/fmi/fmus/bouncingBall20RC1'
rm -rf *.o *.so *~ *.bak ,* LOG* *.class *.jstmp config.cache config.log config.status manifest.tmp  bouncingBall20RC1.jar     bouncingBall20RC1.jar src/binaries bouncingBall20RC1.fmu
rm -f core
make[7]: Leaving directory '/home/travis/build/icyphy/ptII/adm/gen-11.1/src/ptII11.1.devel/ptolemy/actor/lib/fmi/fmus/bouncingBall20RC1'
making clean in ptolemy/actor/lib/fmi/fmus/dq20RC1
make[7]: Entering directory '/home/travis/build/icyphy/ptII/adm/gen-11.1/src/ptII11.1.devel/ptolemy/actor/lib/fmi/fmus/dq20RC1'
rm -rf *.o *.so *~ *.bak ,* LOG* *.class *.jstmp config.cache config.log config.status manifest.tmp  dq20RC1.jar     dq20RC1.jar src/binaries dq20RC1.fmu
rm -f core
make[7]: Leaving directory '/home/travis/build/icyphy/ptII/adm/gen-11.1/src/ptII11.1.devel/ptolemy/actor/lib/fmi/fmus/dq20RC1'
making clean in ptolemy/actor/lib/fmi/fmus/floor20pt
make[7]: Entering directory '/home/travis/build/icyphy/ptII/adm/gen-11.1/src/ptII11.1.devel/ptolemy/actor/lib/fmi/fmus/floor20pt'
rm -rf *.o *.so *~ *.bak ,* LOG* *.class *.jstmp config.cache config.log config.status manifest.tmp  floor20pt.jar     floor20pt.jar src/binaries floor20pt.fmu
rm -f core
make[7]: Leaving directory '/home/travis/build/icyphy/ptII/adm/gen-11.1/src/ptII11.1.devel/ptolemy/actor/lib/fmi/fmus/floor20pt'
making clean in ptolemy/actor/lib/fmi/fmus/fmuA20pt
make[7]: Entering directory '/home/travis/build/icyphy/ptII/adm/gen-11.1/src/ptII11.1.devel/ptolemy/actor/lib/fmi/fmus/fmuA20pt'
rm -rf *.o *.so *~ *.bak ,* LOG* *.class *.jstmp config.cache config.log config.status manifest.tmp  fmuA20pt.jar     fmuA20pt.jar src/binaries fmuA20pt.fmu
rm -f core
make[7]: Leaving directory '/home/travis/build/icyphy/ptII/adm/gen-11.1/src/ptII11.1.devel/ptolemy/actor/lib/fmi/fmus/fmuA20pt'
making clean in ptolemy/actor/lib/fmi/fmus/fmuB20pt
make[7]: Entering directory '/home/travis/build/icyphy/ptII/adm/gen-11.1/src/ptII11.1.devel/ptolemy/actor/lib/fmi/fmus/fmuB20pt'
rm -rf *.o *.so *~ *.bak ,* LOG* *.class *.jstmp config.cache config.log config.status manifest.tmp  fmuB20pt.jar     fmuB20pt.jar src/binaries fmuB20pt.fmu
rm -f core
make[7]: Leaving directory '/home/travis/build/icyphy/ptII/adm/gen-11.1/src/ptII11.1.devel/ptolemy/actor/lib/fmi/fmus/fmuB20pt'
making clean in ptolemy/actor/lib/fmi/fmus/fmuC20pt
make[7]: Entering directory '/home/travis/build/icyphy/ptII/adm/gen-11.1/src/ptII11.1.devel/ptolemy/actor/lib/fmi/fmus/fmuC20pt'
rm -rf *.o *.so *~ *.bak ,* LOG* *.class *.jstmp config.cache config.log config.status manifest.tmp  fmuC20pt.jar     fmuC20pt.jar src/binaries fmuC20pt.fmu
rm -f core
make[7]: Leaving directory '/home/travis/build/icyphy/ptII/adm/gen-11.1/src/ptII11.1.devel/ptolemy/actor/lib/fmi/fmus/fmuC20pt'
making clean in ptolemy/actor/lib/fmi/fmus/fmuD20pt
make[7]: Entering directory '/home/travis/build/icyphy/ptII/adm/gen-11.1/src/ptII11.1.devel/ptolemy/actor/lib/fmi/fmus/fmuD20pt'
rm -rf *.o *.so *~ *.bak ,* LOG* *.class *.jstmp config.cache config.log config.status manifest.tmp  fmuD20pt.jar     fmuD20pt.jar src/binaries fmuD20pt.fmu
rm -f core
make[7]: Leaving directory '/home/travis/build/icyphy/ptII/adm/gen-11.1/src/ptII11.1.devel/ptolemy/actor/lib/fmi/fmus/fmuD20pt'
making clean in ptolemy/actor/lib/fmi/fmus/heaterFlowResistance
make[7]: Entering directory '/home/travis/build/icyphy/ptII/adm/gen-11.1/src/ptII11.1.devel/ptolemy/actor/lib/fmi/fmus/heaterFlowResistance'
rm -rf *.o *.so *~ *.bak ,* LOG* *.class *.jstmp config.cache config.log config.status manifest.tmp  heaterFlowResistance.jar     heaterFlowResistance.jar src/binaries heaterFlowResistance.fmu
rm -f core
make[7]: Leaving directory '/home/travis/build/icyphy/ptII/adm/gen-11.1/src/ptII11.1.devel/ptolemy/actor/lib/fmi/fmus/heaterFlowResistance'
making clean in ptolemy/actor/lib/fmi/fmus/inc20pt
make[7]: Entering directory '/home/travis/build/icyphy/ptII/adm/gen-11.1/src/ptII11.1.devel/ptolemy/actor/lib/fmi/fmus/inc20pt'
rm -rf *.o *.so *~ *.bak ,* LOG* *.class *.jstmp config.cache config.log config.status manifest.tmp  inc20pt.jar     inc20pt.jar src/binaries inc20pt.fmu
rm -f core
make[7]: Leaving directory '/home/travis/build/icyphy/ptII/adm/gen-11.1/src/ptII11.1.devel/ptolemy/actor/lib/fmi/fmus/inc20pt'
making clean in ptolemy/actor/lib/fmi/fmus/inc20RC1
make[7]: Entering directory '/home/travis/build/icyphy/ptII/adm/gen-11.1/src/ptII11.1.devel/ptolemy/actor/lib/fmi/fmus/inc20RC1'
rm -rf *.o *.so *~ *.bak ,* LOG* *.class *.jstmp config.cache config.log config.status manifest.tmp  inc20RC1.jar     inc20RC1.jar src/binaries inc20RC1.fmu
rm -f core
make[7]: Leaving directory '/home/travis/build/icyphy/ptII/adm/gen-11.1/src/ptII11.1.devel/ptolemy/actor/lib/fmi/fmus/inc20RC1'
making clean in ptolemy/actor/lib/fmi/fmus/inc20RC1pt
make[7]: Entering directory '/home/travis/build/icyphy/ptII/adm/gen-11.1/src/ptII11.1.devel/ptolemy/actor/lib/fmi/fmus/inc20RC1pt'
rm -rf *.o *.so *~ *.bak ,* LOG* *.class *.jstmp config.cache config.log config.status manifest.tmp  inc20RC1pt.jar     inc20RC1pt.jar src/binaries inc20RC1pt.fmu
rm -f core
make[7]: Leaving directory '/home/travis/build/icyphy/ptII/adm/gen-11.1/src/ptII11.1.devel/ptolemy/actor/lib/fmi/fmus/inc20RC1pt'
making clean in ptolemy/actor/lib/fmi/fmus/out20pt
make[7]: Entering directory '/home/travis/build/icyphy/ptII/adm/gen-11.1/src/ptII11.1.devel/ptolemy/actor/lib/fmi/fmus/out20pt'
rm -rf *.o *.so *~ *.bak ,* LOG* *.class *.jstmp config.cache config.log config.status manifest.tmp  out20pt.jar     out20pt.jar src/binaries out20pt.fmu
rm -f core
make[7]: Leaving directory '/home/travis/build/icyphy/ptII/adm/gen-11.1/src/ptII11.1.devel/ptolemy/actor/lib/fmi/fmus/out20pt'
making clean in ptolemy/actor/lib/fmi/fmus/output20RC1pt
make[7]: Entering directory '/home/travis/build/icyphy/ptII/adm/gen-11.1/src/ptII11.1.devel/ptolemy/actor/lib/fmi/fmus/output20RC1pt'
rm -rf *.o *.so *~ *.bak ,* LOG* *.class *.jstmp config.cache config.log config.status manifest.tmp  output20RC1pt.jar     output20RC1pt.jar src/binaries output20RC1pt.fmu
rm -f core
make[7]: Leaving directory '/home/travis/build/icyphy/ptII/adm/gen-11.1/src/ptII11.1.devel/ptolemy/actor/lib/fmi/fmus/output20RC1pt'
making clean in ptolemy/actor/lib/fmi/fmus/pumpConstantSpeed
make[7]: Entering directory '/home/travis/build/icyphy/ptII/adm/gen-11.1/src/ptII11.1.devel/ptolemy/actor/lib/fmi/fmus/pumpConstantSpeed'
rm -rf *.o *.so *~ *.bak ,* LOG* *.class *.jstmp config.cache config.log config.status manifest.tmp  pumpConstantSpeed.jar     pumpConstantSpeed.jar src/binaries pumpConstantSpeed.fmu
rm -f core
make[7]: Leaving directory '/home/travis/build/icyphy/ptII/adm/gen-11.1/src/ptII11.1.devel/ptolemy/actor/lib/fmi/fmus/pumpConstantSpeed'
making clean in ptolemy/actor/lib/fmi/fmus/scale20RC1pt
make[7]: Entering directory '/home/travis/build/icyphy/ptII/adm/gen-11.1/src/ptII11.1.devel/ptolemy/actor/lib/fmi/fmus/scale20RC1pt'
rm -rf *.o *.so *~ *.bak ,* LOG* *.class *.jstmp config.cache config.log config.status manifest.tmp  scale20RC1pt.jar     scale20RC1pt.jar src/binaries scale20RC1pt.fmu
rm -f core
make[7]: Leaving directory '/home/travis/build/icyphy/ptII/adm/gen-11.1/src/ptII11.1.devel/ptolemy/actor/lib/fmi/fmus/scale20RC1pt'
making clean in ptolemy/actor/lib/fmi/fmus/scale20pt
make[7]: Entering directory '/home/travis/build/icyphy/ptII/adm/gen-11.1/src/ptII11.1.devel/ptolemy/actor/lib/fmi/fmus/scale20pt'
rm -rf *.o *.so *~ *.bak ,* LOG* *.class *.jstmp config.cache config.log config.status manifest.tmp  scale20pt.jar     scale20pt.jar src/binaries scale20pt.fmu
rm -f core
make[7]: Leaving directory '/home/travis/build/icyphy/ptII/adm/gen-11.1/src/ptII11.1.devel/ptolemy/actor/lib/fmi/fmus/scale20pt'
making clean in ptolemy/actor/lib/fmi/fmus/scale20RC1
make[7]: Entering directory '/home/travis/build/icyphy/ptII/adm/gen-11.1/src/ptII11.1.devel/ptolemy/actor/lib/fmi/fmus/scale20RC1'
rm -rf *.o *.so *~ *.bak ,* LOG* *.class *.jstmp config.cache config.log config.status manifest.tmp  scale20RC1.jar     scale20RC1.jar src/binaries scale20RC1.fmu
rm -f core
make[7]: Leaving directory '/home/travis/build/icyphy/ptII/adm/gen-11.1/src/ptII11.1.devel/ptolemy/actor/lib/fmi/fmus/scale20RC1'
making clean in ptolemy/actor/lib/fmi/fmus/stairsA20RC1F
make[7]: Entering directory '/home/travis/build/icyphy/ptII/adm/gen-11.1/src/ptII11.1.devel/ptolemy/actor/lib/fmi/fmus/stairsA20RC1F'
rm -rf *.o *.so *~ *.bak ,* LOG* *.class *.jstmp config.cache config.log config.status manifest.tmp  stairsA20RC1F.jar     stairsA20RC1F.jar src/binaries stairsA20RC1F.fmu
rm -f core
make[7]: Leaving directory '/home/travis/build/icyphy/ptII/adm/gen-11.1/src/ptII11.1.devel/ptolemy/actor/lib/fmi/fmus/stairsA20RC1F'
making clean in ptolemy/actor/lib/fmi/fmus/tankOpen
make[7]: Entering directory '/home/travis/build/icyphy/ptII/adm/gen-11.1/src/ptII11.1.devel/ptolemy/actor/lib/fmi/fmus/tankOpen'
rm -rf *.o *.so *~ *.bak ,* LOG* *.class *.jstmp config.cache config.log config.status manifest.tmp  tankOpen.jar     tankOpen.jar src/binaries tankOpen.fmu
rm -f core
make[7]: Leaving directory '/home/travis/build/icyphy/ptII/adm/gen-11.1/src/ptII11.1.devel/ptolemy/actor/lib/fmi/fmus/tankOpen'
making clean in ptolemy/actor/lib/fmi/fmus/values20RC1
make[7]: Entering directory '/home/travis/build/icyphy/ptII/adm/gen-11.1/src/ptII11.1.devel/ptolemy/actor/lib/fmi/fmus/values20RC1'
rm -rf *.o *.so *~ *.bak ,* LOG* *.class *.jstmp config.cache config.log config.status manifest.tmp  values20RC1.jar     values20RC1.jar src/binaries values20RC1.fmu
rm -f core
make[7]: Leaving directory '/home/travis/build/icyphy/ptII/adm/gen-11.1/src/ptII11.1.devel/ptolemy/actor/lib/fmi/fmus/values20RC1'
making clean in ptolemy/actor/lib/fmi/fmus/vanDerPol20RC1
make[7]: Entering directory '/home/travis/build/icyphy/ptII/adm/gen-11.1/src/ptII11.1.devel/ptolemy/actor/lib/fmi/fmus/vanDerPol20RC1'
rm -rf *.o *.so *~ *.bak ,* LOG* *.class *.jstmp config.cache config.log config.status manifest.tmp  vanDerPol20RC1.jar     vanDerPol20RC1.jar src/binaries vanDerPol20RC1.fmu
rm -f core
make[7]: Leaving directory '/home/travis/build/icyphy/ptII/adm/gen-11.1/src/ptII11.1.devel/ptolemy/actor/lib/fmi/fmus/vanDerPol20RC1'
making clean in ptolemy/actor/lib/fmi/fmus/Adder
make[7]: Entering directory '/home/travis/build/icyphy/ptII/adm/gen-11.1/src/ptII11.1.devel/ptolemy/actor/lib/fmi/fmus/Adder'
rm -rf *.o *.so *~ *.bak ,* LOG* *.class *.jstmp config.cache config.log config.status manifest.tmp  Adder.jar     Adder.jar src/binaries Adder.fmu
rm -f core
make[7]: Leaving directory '/home/travis/build/icyphy/ptII/adm/gen-11.1/src/ptII11.1.devel/ptolemy/actor/lib/fmi/fmus/Adder'
making clean in ptolemy/actor/lib/fmi/fmus/Clock
make[7]: Entering directory '/home/travis/build/icyphy/ptII/adm/gen-11.1/src/ptII11.1.devel/ptolemy/actor/lib/fmi/fmus/Clock'
rm -rf *.o *.so *~ *.bak ,* LOG* *.class *.jstmp config.cache config.log config.status manifest.tmp  Clock.jar     Clock.jar src/binaries Clock.fmu
rm -f core
make[7]: Leaving directory '/home/travis/build/icyphy/ptII/adm/gen-11.1/src/ptII11.1.devel/ptolemy/actor/lib/fmi/fmus/Clock'
making clean in ptolemy/actor/lib/fmi/fmus/Constant
make[7]: Entering directory '/home/travis/build/icyphy/ptII/adm/gen-11.1/src/ptII11.1.devel/ptolemy/actor/lib/fmi/fmus/Constant'
rm -rf *.o *.so *~ *.bak ,* LOG* *.class *.jstmp config.cache config.log config.status manifest.tmp  Constant.jar     Constant.jar src/binaries Constant.fmu
rm -f core
make[7]: Leaving directory '/home/travis/build/icyphy/ptII/adm/gen-11.1/src/ptII11.1.devel/ptolemy/actor/lib/fmi/fmus/Constant'
making clean in ptolemy/actor/lib/fmi/fmus/Delay
make[7]: Entering directory '/home/travis/build/icyphy/ptII/adm/gen-11.1/src/ptII11.1.devel/ptolemy/actor/lib/fmi/fmus/Delay'
rm -rf *.o *.so *~ *.bak ,* LOG* *.class *.jstmp config.cache config.log config.status manifest.tmp  Delay.jar     Delay.jar src/binaries Delay.fmu
rm -f core
make[7]: Leaving directory '/home/travis/build/icyphy/ptII/adm/gen-11.1/src/ptII11.1.devel/ptolemy/actor/lib/fmi/fmus/Delay'
making clean in ptolemy/actor/lib/fmi/fmus/HybridPerPiecCosSigGen
make[7]: Entering directory '/home/travis/build/icyphy/ptII/adm/gen-11.1/src/ptII11.1.devel/ptolemy/actor/lib/fmi/fmus/HybridPerPiecCosSigGen'
rm -rf *.o *.so *~ *.bak ,* LOG* *.class *.jstmp config.cache config.log config.status manifest.tmp  HybridPerPiecCosSigGen.jar     HybridPerPiecCosSigGen.jar src/binaries HybridPerPiecCosSigGen.fmu
rm -f core
make[7]: Leaving directory '/home/travis/build/icyphy/ptII/adm/gen-11.1/src/ptII11.1.devel/ptolemy/actor/lib/fmi/fmus/HybridPerPiecCosSigGen'
making clean in ptolemy/actor/lib/fmi/fmus/HybridPerDiscSigGen
make[7]: Entering directory '/home/travis/build/icyphy/ptII/adm/gen-11.1/src/ptII11.1.devel/ptolemy/actor/lib/fmi/fmus/HybridPerDiscSigGen'
rm -rf *.o *.so *~ *.bak ,* LOG* *.class *.jstmp config.cache config.log config.status manifest.tmp  HybridPerDiscSigGen.jar     HybridPerDiscSigGen.jar src/binaries HybridPerDiscSigGen.fmu
rm -f core
make[7]: Leaving directory '/home/travis/build/icyphy/ptII/adm/gen-11.1/src/ptII11.1.devel/ptolemy/actor/lib/fmi/fmus/HybridPerDiscSigGen'
making clean in ptolemy/actor/lib/fmi/fmus/HybridAdder
make[7]: Entering directory '/home/travis/build/icyphy/ptII/adm/gen-11.1/src/ptII11.1.devel/ptolemy/actor/lib/fmi/fmus/HybridAdder'
rm -rf *.o *.so *~ *.bak ,* LOG* *.class *.jstmp config.cache config.log config.status manifest.tmp  HybridAdder.jar     HybridAdder.jar src/binaries HybridAdder.fmu
rm -f core
make[7]: Leaving directory '/home/travis/build/icyphy/ptII/adm/gen-11.1/src/ptII11.1.devel/ptolemy/actor/lib/fmi/fmus/HybridAdder'
making clean in ptolemy/actor/lib/fmi/fmus/HybridIntegratorReset
make[7]: Entering directory '/home/travis/build/icyphy/ptII/adm/gen-11.1/src/ptII11.1.devel/ptolemy/actor/lib/fmi/fmus/HybridIntegratorReset'
rm -rf *.o *.so *~ *.bak ,* LOG* *.class *.jstmp config.cache config.log config.status manifest.tmp  HybridIntegratorReset.jar     HybridIntegratorReset.jar src/binaries HybridIntegratorReset.fmu
rm -f core
make[7]: Leaving directory '/home/travis/build/icyphy/ptII/adm/gen-11.1/src/ptII11.1.devel/ptolemy/actor/lib/fmi/fmus/HybridIntegratorReset'
making clean in ptolemy/actor/lib/fmi/fmus/HybridIntegrator
make[7]: Entering directory '/home/travis/build/icyphy/ptII/adm/gen-11.1/src/ptII11.1.devel/ptolemy/actor/lib/fmi/fmus/HybridIntegrator'
rm -rf *.o *.so *~ *.bak ,* LOG* *.class *.jstmp config.cache config.log config.status manifest.tmp  HybridIntegrator.jar     HybridIntegrator.jar src/binaries HybridIntegrator.fmu
rm -f core
make[7]: Leaving directory '/home/travis/build/icyphy/ptII/adm/gen-11.1/src/ptII11.1.devel/ptolemy/actor/lib/fmi/fmus/HybridIntegrator'
making clean in ptolemy/actor/lib/fmi/fmus/HybridDelay
make[7]: Entering directory '/home/travis/build/icyphy/ptII/adm/gen-11.1/src/ptII11.1.devel/ptolemy/actor/lib/fmi/fmus/HybridDelay'
rm -rf *.o *.so *~ *.bak ,* LOG* *.class *.jstmp config.cache config.log config.status manifest.tmp  HybridDelay.jar     HybridDelay.jar src/binaries HybridDelay.fmu
rm -f core
make[7]: Leaving directory '/home/travis/build/icyphy/ptII/adm/gen-11.1/src/ptII11.1.devel/ptolemy/actor/lib/fmi/fmus/HybridDelay'
making clean in ptolemy/actor/lib/fmi/fmus/HybridGain
make[7]: Entering directory '/home/travis/build/icyphy/ptII/adm/gen-11.1/src/ptII11.1.devel/ptolemy/actor/lib/fmi/fmus/HybridGain'
rm -rf *.o *.so *~ *.bak ,* LOG* *.class *.jstmp config.cache config.log config.status manifest.tmp  HybridGain.jar     HybridGain.jar src/binaries HybridGain.fmu
rm -f core
make[7]: Leaving directory '/home/travis/build/icyphy/ptII/adm/gen-11.1/src/ptII11.1.devel/ptolemy/actor/lib/fmi/fmus/HybridGain'
making clean in ptolemy/actor/lib/fmi/fmus/HybridConstantSignalGenerator
make[7]: Entering directory '/home/travis/build/icyphy/ptII/adm/gen-11.1/src/ptII11.1.devel/ptolemy/actor/lib/fmi/fmus/HybridConstantSignalGenerator'
rm -rf *.o *.so *~ *.bak ,* LOG* *.class *.jstmp config.cache config.log config.status manifest.tmp  HybridConstantSignalGenerator.jar     HybridConstantSignalGenerator.jar src/binaries HybridConstantSignalGenerator.fmu
rm -f core
make[7]: Leaving directory '/home/travis/build/icyphy/ptII/adm/gen-11.1/src/ptII11.1.devel/ptolemy/actor/lib/fmi/fmus/HybridConstantSignalGenerator'
making clean in ptolemy/actor/lib/fmi/fmus/HybridCheckEquality
make[7]: Entering directory '/home/travis/build/icyphy/ptII/adm/gen-11.1/src/ptII11.1.devel/ptolemy/actor/lib/fmi/fmus/HybridCheckEquality'
rm -rf *.o *.so *~ *.bak ,* LOG* *.class *.jstmp config.cache config.log config.status manifest.tmp  HybridCheckEquality.jar     HybridCheckEquality.jar src/binaries HybridCheckEquality.fmu
rm -f core
make[7]: Leaving directory '/home/travis/build/icyphy/ptII/adm/gen-11.1/src/ptII11.1.devel/ptolemy/actor/lib/fmi/fmus/HybridCheckEquality'
making clean in ptolemy/actor/lib/fmi/fmus/HybridZeroCrossingDetector
make[7]: Entering directory '/home/travis/build/icyphy/ptII/adm/gen-11.1/src/ptII11.1.devel/ptolemy/actor/lib/fmi/fmus/HybridZeroCrossingDetector'
rm -rf *.o *.so *~ *.bak ,* LOG* *.class *.jstmp config.cache config.log config.status manifest.tmp  HybridZeroCrossingDetector.jar     HybridZeroCrossingDetector.jar src/binaries HybridZeroCrossingDetector.fmu
rm -f core
make[7]: Leaving directory '/home/travis/build/icyphy/ptII/adm/gen-11.1/src/ptII11.1.devel/ptolemy/actor/lib/fmi/fmus/HybridZeroCrossingDetector'
making clean in ptolemy/actor/lib/fmi/fmus/HybridTriggeredConst
make[7]: Entering directory '/home/travis/build/icyphy/ptII/adm/gen-11.1/src/ptII11.1.devel/ptolemy/actor/lib/fmi/fmus/HybridTriggeredConst'
rm -rf *.o *.so *~ *.bak ,* LOG* *.class *.jstmp config.cache config.log config.status manifest.tmp  HybridTriggeredConst.jar     HybridTriggeredConst.jar src/binaries HybridTriggeredConst.fmu
rm -f core
make[7]: Leaving directory '/home/travis/build/icyphy/ptII/adm/gen-11.1/src/ptII11.1.devel/ptolemy/actor/lib/fmi/fmus/HybridTriggeredConst'
making clean in ptolemy/actor/lib/fmi/fmus/HybridSampler
make[7]: Entering directory '/home/travis/build/icyphy/ptII/adm/gen-11.1/src/ptII11.1.devel/ptolemy/actor/lib/fmi/fmus/HybridSampler'
rm -rf *.o *.so *~ *.bak ,* LOG* *.class *.jstmp config.cache config.log config.status manifest.tmp  HybridSampler.jar     HybridSampler.jar src/binaries HybridSampler.fmu
rm -f core
make[7]: Leaving directory '/home/travis/build/icyphy/ptII/adm/gen-11.1/src/ptII11.1.devel/ptolemy/actor/lib/fmi/fmus/HybridSampler'
making clean in ptolemy/actor/lib/fmi/fmus/HybridZeroOrderHold
make[7]: Entering directory '/home/travis/build/icyphy/ptII/adm/gen-11.1/src/ptII11.1.devel/ptolemy/actor/lib/fmi/fmus/HybridZeroOrderHold'
rm -rf *.o *.so *~ *.bak ,* LOG* *.class *.jstmp config.cache config.log config.status manifest.tmp  HybridZeroOrderHold.jar     HybridZeroOrderHold.jar src/binaries HybridZeroOrderHold.fmu
rm -f core
make[7]: Leaving directory '/home/travis/build/icyphy/ptII/adm/gen-11.1/src/ptII11.1.devel/ptolemy/actor/lib/fmi/fmus/HybridZeroOrderHold'
making clean in ptolemy/actor/lib/fmi/fmus/HybridModalModelDiscContr
make[7]: Entering directory '/home/travis/build/icyphy/ptII/adm/gen-11.1/src/ptII11.1.devel/ptolemy/actor/lib/fmi/fmus/HybridModalModelDiscContr'
rm -rf *.o *.so *~ *.bak ,* LOG* *.class *.jstmp config.cache config.log config.status manifest.tmp  HybridModalModelDiscContr.jar     HybridModalModelDiscContr.jar src/binaries HybridModalModelDiscContr.fmu
rm -f core
make[7]: Leaving directory '/home/travis/build/icyphy/ptII/adm/gen-11.1/src/ptII11.1.devel/ptolemy/actor/lib/fmi/fmus/HybridModalModelDiscContr'
making clean in ptolemy/actor/lib/fmi/fmus/HybridSequenceCheck
make[7]: Entering directory '/home/travis/build/icyphy/ptII/adm/gen-11.1/src/ptII11.1.devel/ptolemy/actor/lib/fmi/fmus/HybridSequenceCheck'
rm -rf *.o *.so *~ *.bak ,* LOG* *.class *.jstmp config.cache config.log config.status manifest.tmp  HybridSequenceCheck.jar     HybridSequenceCheck.jar src/binaries HybridSequenceCheck.fmu
rm -f core
make[7]: Leaving directory '/home/travis/build/icyphy/ptII/adm/gen-11.1/src/ptII11.1.devel/ptolemy/actor/lib/fmi/fmus/HybridSequenceCheck'
making clean in ptolemy/actor/lib/fmi/fmus/Integrator
make[7]: Entering directory '/home/travis/build/icyphy/ptII/adm/gen-11.1/src/ptII11.1.devel/ptolemy/actor/lib/fmi/fmus/Integrator'
rm -rf *.o *.so *~ *.bak ,* LOG* *.class *.jstmp config.cache config.log config.status manifest.tmp  Integrator.jar     Integrator.jar src/binaries Integrator.fmu
rm -f core
make[7]: Leaving directory '/home/travis/build/icyphy/ptII/adm/gen-11.1/src/ptII11.1.devel/ptolemy/actor/lib/fmi/fmus/Integrator'
making clean in ptolemy/actor/lib/fmi/fmus/ZeroCrossingDetector
make[7]: Entering directory '/home/travis/build/icyphy/ptII/adm/gen-11.1/src/ptII11.1.devel/ptolemy/actor/lib/fmi/fmus/ZeroCrossingDetector'
rm -rf *.o *.so *~ *.bak ,* LOG* *.class *.jstmp config.cache config.log config.status manifest.tmp  ZeroCrossingDetector.jar     ZeroCrossingDetector.jar src/binaries ZeroCrossingDetector.fmu
rm -f core
make[7]: Leaving directory '/home/travis/build/icyphy/ptII/adm/gen-11.1/src/ptII11.1.devel/ptolemy/actor/lib/fmi/fmus/ZeroCrossingDetector'
making clean in ptolemy/actor/lib/fmi/fmus/AdderIT
make[7]: Entering directory '/home/travis/build/icyphy/ptII/adm/gen-11.1/src/ptII11.1.devel/ptolemy/actor/lib/fmi/fmus/AdderIT'
rm -rf *.o *.so *~ *.bak ,* LOG* *.class *.jstmp config.cache config.log config.status manifest.tmp  AdderIT.jar     AdderIT.jar src/binaries AdderIT.fmu
rm -f core
make[7]: Leaving directory '/home/travis/build/icyphy/ptII/adm/gen-11.1/src/ptII11.1.devel/ptolemy/actor/lib/fmi/fmus/AdderIT'
making clean in ptolemy/actor/lib/fmi/fmus/CTClockIT
make[7]: Entering directory '/home/travis/build/icyphy/ptII/adm/gen-11.1/src/ptII11.1.devel/ptolemy/actor/lib/fmi/fmus/CTClockIT'
rm -rf *.o *.so *~ *.bak ,* LOG* *.class *.jstmp config.cache config.log config.status manifest.tmp  CTClockIT.jar     CTClockIT.jar src/binaries CTClockIT.fmu
rm -f core
make[7]: Leaving directory '/home/travis/build/icyphy/ptII/adm/gen-11.1/src/ptII11.1.devel/ptolemy/actor/lib/fmi/fmus/CTClockIT'
making clean in ptolemy/actor/lib/fmi/fmus/CTClockW
make[7]: Entering directory '/home/travis/build/icyphy/ptII/adm/gen-11.1/src/ptII11.1.devel/ptolemy/actor/lib/fmi/fmus/CTClockW'
rm -rf *.o *.so *~ *.bak ,* LOG* *.class *.jstmp config.cache config.log config.status manifest.tmp  CTClockW.jar     CTClockW.jar src/binaries CTClockW.fmu
rm -f core
make[7]: Leaving directory '/home/travis/build/icyphy/ptII/adm/gen-11.1/src/ptII11.1.devel/ptolemy/actor/lib/fmi/fmus/CTClockW'
making clean in ptolemy/actor/lib/fmi/fmus/CheckEqualityFP
make[7]: Entering directory '/home/travis/build/icyphy/ptII/adm/gen-11.1/src/ptII11.1.devel/ptolemy/actor/lib/fmi/fmus/CheckEqualityFP'
rm -rf *.o *.so *~ *.bak ,* LOG* *.class *.jstmp config.cache config.log config.status manifest.tmp  CheckEqualityFP.jar     CheckEqualityFP.jar src/binaries CheckEqualityFP.fmu
rm -f core
make[7]: Leaving directory '/home/travis/build/icyphy/ptII/adm/gen-11.1/src/ptII11.1.devel/ptolemy/actor/lib/fmi/fmus/CheckEqualityFP'
making clean in ptolemy/actor/lib/fmi/fmus/CheckEqualityIT
make[7]: Entering directory '/home/travis/build/icyphy/ptII/adm/gen-11.1/src/ptII11.1.devel/ptolemy/actor/lib/fmi/fmus/CheckEqualityIT'
rm -rf *.o *.so *~ *.bak ,* LOG* *.class *.jstmp config.cache config.log config.status manifest.tmp  CheckEqualityIT.jar     CheckEqualityIT.jar src/binaries CheckEqualityIT.fmu
rm -f core
make[7]: Leaving directory '/home/travis/build/icyphy/ptII/adm/gen-11.1/src/ptII11.1.devel/ptolemy/actor/lib/fmi/fmus/CheckEqualityIT'
making clean in ptolemy/actor/lib/fmi/fmus/ClockFP
make[7]: Entering directory '/home/travis/build/icyphy/ptII/adm/gen-11.1/src/ptII11.1.devel/ptolemy/actor/lib/fmi/fmus/ClockFP'
rm -rf *.o *.so *~ *.bak ,* LOG* *.class *.jstmp config.cache config.log config.status manifest.tmp  ClockFP.jar     ClockFP.jar src/binaries ClockFP.fmu
rm -f core
make[7]: Leaving directory '/home/travis/build/icyphy/ptII/adm/gen-11.1/src/ptII11.1.devel/ptolemy/actor/lib/fmi/fmus/ClockFP'
making clean in ptolemy/actor/lib/fmi/fmus/DelayIT
make[7]: Entering directory '/home/travis/build/icyphy/ptII/adm/gen-11.1/src/ptII11.1.devel/ptolemy/actor/lib/fmi/fmus/DelayIT'
rm -rf *.o *.so *~ *.bak ,* LOG* *.class *.jstmp config.cache config.log config.status manifest.tmp  DelayIT.jar     DelayIT.jar src/binaries DelayIT.fmu
rm -f core
make[7]: Leaving directory '/home/travis/build/icyphy/ptII/adm/gen-11.1/src/ptII11.1.devel/ptolemy/actor/lib/fmi/fmus/DelayIT'
making clean in ptolemy/actor/lib/fmi/fmus/IntegratorIT
make[7]: Entering directory '/home/travis/build/icyphy/ptII/adm/gen-11.1/src/ptII11.1.devel/ptolemy/actor/lib/fmi/fmus/IntegratorIT'
rm -rf *.o *.so *~ *.bak ,* LOG* *.class *.jstmp config.cache config.log config.status manifest.tmp  IntegratorIT.jar     IntegratorIT.jar src/binaries IntegratorIT.fmu
rm -f core
make[7]: Leaving directory '/home/travis/build/icyphy/ptII/adm/gen-11.1/src/ptII11.1.devel/ptolemy/actor/lib/fmi/fmus/IntegratorIT'
making clean in ptolemy/actor/lib/fmi/fmus/SamplerFP
make[7]: Entering directory '/home/travis/build/icyphy/ptII/adm/gen-11.1/src/ptII11.1.devel/ptolemy/actor/lib/fmi/fmus/SamplerFP'
rm -rf *.o *.so *~ *.bak ,* LOG* *.class *.jstmp config.cache config.log config.status manifest.tmp  SamplerFP.jar     SamplerFP.jar src/binaries SamplerFP.fmu
rm -f core
make[7]: Leaving directory '/home/travis/build/icyphy/ptII/adm/gen-11.1/src/ptII11.1.devel/ptolemy/actor/lib/fmi/fmus/SamplerFP'
making clean in ptolemy/actor/lib/fmi/fmus/ZeroCrossingDetectorIT
make[7]: Entering directory '/home/travis/build/icyphy/ptII/adm/gen-11.1/src/ptII11.1.devel/ptolemy/actor/lib/fmi/fmus/ZeroCrossingDetectorIT'
rm -rf *.o *.so *~ *.bak ,* LOG* *.class *.jstmp config.cache config.log config.status manifest.tmp  ZeroCrossingDetectorIT.jar     ZeroCrossingDetectorIT.jar src/binaries ZeroCrossingDetectorIT.fmu
rm -f core
make[7]: Leaving directory '/home/travis/build/icyphy/ptII/adm/gen-11.1/src/ptII11.1.devel/ptolemy/actor/lib/fmi/fmus/ZeroCrossingDetectorIT'
making clean in ptolemy/actor/lib/fmi/fmus/bouncingBallHybrid
make[7]: Entering directory '/home/travis/build/icyphy/ptII/adm/gen-11.1/src/ptII11.1.devel/ptolemy/actor/lib/fmi/fmus/bouncingBallHybrid'
rm -rf *.o *.so *~ *.bak ,* LOG* *.class *.jstmp config.cache config.log config.status manifest.tmp  bouncingBallHybrid.jar     bouncingBallHybrid.jar src/binaries bouncingBallHybrid.fmu
rm -f core
make[7]: Leaving directory '/home/travis/build/icyphy/ptII/adm/gen-11.1/src/ptII11.1.devel/ptolemy/actor/lib/fmi/fmus/bouncingBallHybrid'
making clean in ptolemy/actor/lib/fmi/fmus/CheckEqualityIT
make[7]: Entering directory '/home/travis/build/icyphy/ptII/adm/gen-11.1/src/ptII11.1.devel/ptolemy/actor/lib/fmi/fmus/CheckEqualityIT'
rm -rf *.o *.so *~ *.bak ,* LOG* *.class *.jstmp config.cache config.log config.status manifest.tmp  CheckEqualityIT.jar     CheckEqualityIT.jar src/binaries CheckEqualityIT.fmu
rm -f core
make[7]: Leaving directory '/home/travis/build/icyphy/ptII/adm/gen-11.1/src/ptII11.1.devel/ptolemy/actor/lib/fmi/fmus/CheckEqualityIT'
making clean in ptolemy/actor/lib/fmi/fmus/SamplerIT
make[7]: Entering directory '/home/travis/build/icyphy/ptII/adm/gen-11.1/src/ptII11.1.devel/ptolemy/actor/lib/fmi/fmus/SamplerIT'
rm -rf *.o *.so *~ *.bak ,* LOG* *.class *.jstmp config.cache config.log config.status manifest.tmp  SamplerIT.jar     SamplerIT.jar src/binaries SamplerIT.fmu
rm -f core
make[7]: Leaving directory '/home/travis/build/icyphy/ptII/adm/gen-11.1/src/ptII11.1.devel/ptolemy/actor/lib/fmi/fmus/SamplerIT'
making clean in ptolemy/actor/lib/fmi/fmus/DelayW
make[7]: Entering directory '/home/travis/build/icyphy/ptII/adm/gen-11.1/src/ptII11.1.devel/ptolemy/actor/lib/fmi/fmus/DelayW'
rm -rf *.o *.so *~ *.bak ,* LOG* *.class *.jstmp config.cache config.log config.status manifest.tmp  DelayW.jar     DelayW.jar src/binaries DelayW.fmu
rm -f core
make[7]: Leaving directory '/home/travis/build/icyphy/ptII/adm/gen-11.1/src/ptII11.1.devel/ptolemy/actor/lib/fmi/fmus/DelayW'
making clean in ptolemy/actor/lib/fmi/fmus/ConstantIT
make[7]: Entering directory '/home/travis/build/icyphy/ptII/adm/gen-11.1/src/ptII11.1.devel/ptolemy/actor/lib/fmi/fmus/ConstantIT'
rm -rf *.o *.so *~ *.bak ,* LOG* *.class *.jstmp config.cache config.log config.status manifest.tmp  ConstantIT.jar     ConstantIT.jar src/binaries ConstantIT.fmu
rm -f core
make[7]: Leaving directory '/home/travis/build/icyphy/ptII/adm/gen-11.1/src/ptII11.1.devel/ptolemy/actor/lib/fmi/fmus/ConstantIT'
making clean in ptolemy/actor/lib/fmi/fmus/ClockIT
make[7]: Entering directory '/home/travis/build/icyphy/ptII/adm/gen-11.1/src/ptII11.1.devel/ptolemy/actor/lib/fmi/fmus/ClockIT'
rm -rf *.o *.so *~ *.bak ,* LOG* *.class *.jstmp config.cache config.log config.status manifest.tmp  ClockIT.jar     ClockIT.jar src/binaries ClockIT.fmu
rm -f core
make[7]: Leaving directory '/home/travis/build/icyphy/ptII/adm/gen-11.1/src/ptII11.1.devel/ptolemy/actor/lib/fmi/fmus/ClockIT'
making clean in ptolemy/actor/lib/fmi/fmus/ClockW
make[7]: Entering directory '/home/travis/build/icyphy/ptII/adm/gen-11.1/src/ptII11.1.devel/ptolemy/actor/lib/fmi/fmus/ClockW'
rm -rf *.o *.so *~ *.bak ,* LOG* *.class *.jstmp config.cache config.log config.status manifest.tmp  ClockW.jar     ClockW.jar src/binaries ClockW.fmu
rm -f core
make[7]: Leaving directory '/home/travis/build/icyphy/ptII/adm/gen-11.1/src/ptII11.1.devel/ptolemy/actor/lib/fmi/fmus/ClockW'
making clean in ptolemy/actor/lib/fmi/fmus/bouncingBallME1
make[7]: Entering directory '/home/travis/build/icyphy/ptII/adm/gen-11.1/src/ptII11.1.devel/ptolemy/actor/lib/fmi/fmus/bouncingBallME1'
rm -rf *.o *.so *~ *.bak ,* LOG* *.class *.jstmp config.cache config.log config.status manifest.tmp  bouncingBallME1.jar     bouncingBallME1.jar src/binaries bouncingBallME1.fmu
rm -f core
make[7]: Leaving directory '/home/travis/build/icyphy/ptII/adm/gen-11.1/src/ptII11.1.devel/ptolemy/actor/lib/fmi/fmus/bouncingBallME1'
making clean in ptolemy/actor/lib/fmi/fmus/dqME1
make[7]: Entering directory '/home/travis/build/icyphy/ptII/adm/gen-11.1/src/ptII11.1.devel/ptolemy/actor/lib/fmi/fmus/dqME1'
rm -rf *.o *.so *~ *.bak ,* LOG* *.class *.jstmp config.cache config.log config.status manifest.tmp  dqME1.jar     dqME1.jar src/binaries dqME1.fmu
rm -f core
make[7]: Leaving directory '/home/travis/build/icyphy/ptII/adm/gen-11.1/src/ptII11.1.devel/ptolemy/actor/lib/fmi/fmus/dqME1'
making clean in ptolemy/actor/lib/fmi/fmus/incME1
make[7]: Entering directory '/home/travis/build/icyphy/ptII/adm/gen-11.1/src/ptII11.1.devel/ptolemy/actor/lib/fmi/fmus/incME1'
rm -rf *.o *.so *~ *.bak ,* LOG* *.class *.jstmp config.cache config.log config.status manifest.tmp  incME1.jar     incME1.jar src/binaries incME1.fmu
rm -f core
make[7]: Leaving directory '/home/travis/build/icyphy/ptII/adm/gen-11.1/src/ptII11.1.devel/ptolemy/actor/lib/fmi/fmus/incME1'
making clean in ptolemy/actor/lib/fmi/fmus/valuesME1
make[7]: Entering directory '/home/travis/build/icyphy/ptII/adm/gen-11.1/src/ptII11.1.devel/ptolemy/actor/lib/fmi/fmus/valuesME1'
rm -rf *.o *.so *~ *.bak ,* LOG* *.class *.jstmp config.cache config.log config.status manifest.tmp  valuesME1.jar     valuesME1.jar src/binaries valuesME1.fmu
rm -f core
make[7]: Leaving directory '/home/travis/build/icyphy/ptII/adm/gen-11.1/src/ptII11.1.devel/ptolemy/actor/lib/fmi/fmus/valuesME1'
making clean in ptolemy/actor/lib/fmi/fmus/vanDerPolME1
make[7]: Entering directory '/home/travis/build/icyphy/ptII/adm/gen-11.1/src/ptII11.1.devel/ptolemy/actor/lib/fmi/fmus/vanDerPolME1'
rm -rf *.o *.so *~ *.bak ,* LOG* *.class *.jstmp config.cache config.log config.status manifest.tmp  vanDerPolME1.jar     vanDerPolME1.jar src/binaries vanDerPolME1.fmu
rm -f core
make[7]: Leaving directory '/home/travis/build/icyphy/ptII/adm/gen-11.1/src/ptII11.1.devel/ptolemy/actor/lib/fmi/fmus/vanDerPolME1'
making clean in ptolemy/actor/lib/fmi/fmus/bouncingBallME20
make[7]: Entering directory '/home/travis/build/icyphy/ptII/adm/gen-11.1/src/ptII11.1.devel/ptolemy/actor/lib/fmi/fmus/bouncingBallME20'
rm -rf *.o *.so *~ *.bak ,* LOG* *.class *.jstmp config.cache config.log config.status manifest.tmp  bouncingBallME20.jar     bouncingBallME20.jar src/binaries bouncingBallME20.fmu
rm -f core
make[7]: Leaving directory '/home/travis/build/icyphy/ptII/adm/gen-11.1/src/ptII11.1.devel/ptolemy/actor/lib/fmi/fmus/bouncingBallME20'
making clean in ptolemy/actor/lib/fmi/fmus/dqME20
make[7]: Entering directory '/home/travis/build/icyphy/ptII/adm/gen-11.1/src/ptII11.1.devel/ptolemy/actor/lib/fmi/fmus/dqME20'
rm -rf *.o *.so *~ *.bak ,* LOG* *.class *.jstmp config.cache config.log config.status manifest.tmp  dqME20.jar     dqME20.jar src/binaries dqME20.fmu
rm -f core
make[7]: Leaving directory '/home/travis/build/icyphy/ptII/adm/gen-11.1/src/ptII11.1.devel/ptolemy/actor/lib/fmi/fmus/dqME20'
making clean in ptolemy/actor/lib/fmi/fmus/helloWorldME2
make[7]: Entering directory '/home/travis/build/icyphy/ptII/adm/gen-11.1/src/ptII11.1.devel/ptolemy/actor/lib/fmi/fmus/helloWorldME2'
rm -rf *.o *.so *~ *.bak ,* LOG* *.class *.jstmp config.cache config.log config.status manifest.tmp  helloWorldME2.jar     helloWorldME2.jar src/binaries helloWorldME2.fmu
rm -f core
make[7]: Leaving directory '/home/travis/build/icyphy/ptII/adm/gen-11.1/src/ptII11.1.devel/ptolemy/actor/lib/fmi/fmus/helloWorldME2'
making clean in ptolemy/actor/lib/fmi/fmus/incME20
make[7]: Entering directory '/home/travis/build/icyphy/ptII/adm/gen-11.1/src/ptII11.1.devel/ptolemy/actor/lib/fmi/fmus/incME20'
rm -rf *.o *.so *~ *.bak ,* LOG* *.class *.jstmp config.cache config.log config.status manifest.tmp  incME20.jar     incME20.jar src/binaries incME20.fmu
rm -f core
make[7]: Leaving directory '/home/travis/build/icyphy/ptII/adm/gen-11.1/src/ptII11.1.devel/ptolemy/actor/lib/fmi/fmus/incME20'
making clean in ptolemy/actor/lib/fmi/fmus/valuesME20
make[7]: Entering directory '/home/travis/build/icyphy/ptII/adm/gen-11.1/src/ptII11.1.devel/ptolemy/actor/lib/fmi/fmus/valuesME20'
rm -rf *.o *.so *~ *.bak ,* LOG* *.class *.jstmp config.cache config.log config.status manifest.tmp  valuesME20.jar     valuesME20.jar src/binaries valuesME20.fmu
rm -f core
make[7]: Leaving directory '/home/travis/build/icyphy/ptII/adm/gen-11.1/src/ptII11.1.devel/ptolemy/actor/lib/fmi/fmus/valuesME20'
making clean in ptolemy/actor/lib/fmi/fmus/vanDerPolME20
make[7]: Entering directory '/home/travis/build/icyphy/ptII/adm/gen-11.1/src/ptII11.1.devel/ptolemy/actor/lib/fmi/fmus/vanDerPolME20'
rm -rf *.o *.so *~ *.bak ,* LOG* *.class *.jstmp config.cache config.log config.status manifest.tmp  vanDerPolME20.jar     vanDerPolME20.jar src/binaries vanDerPolME20.fmu
rm -f core
make[7]: Leaving directory '/home/travis/build/icyphy/ptII/adm/gen-11.1/src/ptII11.1.devel/ptolemy/actor/lib/fmi/fmus/vanDerPolME20'
making clean in ptolemy/actor/lib/fmi/fmus/heaterFlowResistance
make[7]: Entering directory '/home/travis/build/icyphy/ptII/adm/gen-11.1/src/ptII11.1.devel/ptolemy/actor/lib/fmi/fmus/heaterFlowResistance'
rm -rf *.o *.so *~ *.bak ,* LOG* *.class *.jstmp config.cache config.log config.status manifest.tmp  heaterFlowResistance.jar     heaterFlowResistance.jar src/binaries heaterFlowResistance.fmu
rm -f core
make[7]: Leaving directory '/home/travis/build/icyphy/ptII/adm/gen-11.1/src/ptII11.1.devel/ptolemy/actor/lib/fmi/fmus/heaterFlowResistance'
making clean in ptolemy/actor/lib/fmi/fmus/pumpConstantSpeed
make[7]: Entering directory '/home/travis/build/icyphy/ptII/adm/gen-11.1/src/ptII11.1.devel/ptolemy/actor/lib/fmi/fmus/pumpConstantSpeed'
rm -rf *.o *.so *~ *.bak ,* LOG* *.class *.jstmp config.cache config.log config.status manifest.tmp  pumpConstantSpeed.jar     pumpConstantSpeed.jar src/binaries pumpConstantSpeed.fmu
rm -f core
make[7]: Leaving directory '/home/travis/build/icyphy/ptII/adm/gen-11.1/src/ptII11.1.devel/ptolemy/actor/lib/fmi/fmus/pumpConstantSpeed'
making clean in ptolemy/actor/lib/fmi/fmus/tankOpen
make[7]: Entering directory '/home/travis/build/icyphy/ptII/adm/gen-11.1/src/ptII11.1.devel/ptolemy/actor/lib/fmi/fmus/tankOpen'
rm -rf *.o *.so *~ *.bak ,* LOG* *.class *.jstmp config.cache config.log config.status manifest.tmp  tankOpen.jar     tankOpen.jar src/binaries tankOpen.fmu
rm -f core
make[7]: Leaving directory '/home/travis/build/icyphy/ptII/adm/gen-11.1/src/ptII11.1.devel/ptolemy/actor/lib/fmi/fmus/tankOpen'
making clean in ptolemy/actor/lib/fmi/fmus/fourInputsFourOutputsME20
make[7]: Entering directory '/home/travis/build/icyphy/ptII/adm/gen-11.1/src/ptII11.1.devel/ptolemy/actor/lib/fmi/fmus/fourInputsFourOutputsME20'
rm -rf *.o *.so *~ *.bak ,* LOG* *.class *.jstmp config.cache config.log config.status manifest.tmp  fourInputsFourOutputsME20.jar     fourInputsFourOutputsME20.jar src/binaries fourInputsFourOutputsME20.fmu
rm -f core
make[7]: Leaving directory '/home/travis/build/icyphy/ptII/adm/gen-11.1/src/ptII11.1.devel/ptolemy/actor/lib/fmi/fmus/fourInputsFourOutputsME20'
making clean in ptolemy/actor/lib/fmi/fmus/helloWorldME2
make[7]: Entering directory '/home/travis/build/icyphy/ptII/adm/gen-11.1/src/ptII11.1.devel/ptolemy/actor/lib/fmi/fmus/helloWorldME2'
rm -rf *.o *.so *~ *.bak ,* LOG* *.class *.jstmp config.cache config.log config.status manifest.tmp  helloWorldME2.jar     helloWorldME2.jar src/binaries helloWorldME2.fmu
rm -f core
make[7]: Leaving directory '/home/travis/build/icyphy/ptII/adm/gen-11.1/src/ptII11.1.devel/ptolemy/actor/lib/fmi/fmus/helloWorldME2'
make[6]: Leaving directory '/home/travis/build/icyphy/ptII/adm/gen-11.1/src/ptII11.1.devel/ptolemy/actor/lib/fmi/fmus'
making clean in ptolemy/actor/lib/fmi/demo
make[6]: Entering directory '/home/travis/build/icyphy/ptII/adm/gen-11.1/src/ptII11.1.devel/ptolemy/actor/lib/fmi/demo'
rm -rf *.o *.so *~ *.bak ,* LOG* *.class *.jstmp config.cache config.log config.status manifest.tmp    demo.jar    
rm -f core
making clean in ptolemy/actor/lib/fmi/demo/FMUBouncingBall
make[7]: Entering directory '/home/travis/build/icyphy/ptII/adm/gen-11.1/src/ptII11.1.devel/ptolemy/actor/lib/fmi/demo/FMUBouncingBall'
rm -rf *.o *.so *~ *.bak ,* LOG* *.class *.jstmp config.cache config.log config.status manifest.tmp  FMUBouncingBall.jar     FMUBouncingBall.jar 
rm -f core
make[7]: Leaving directory '/home/travis/build/icyphy/ptII/adm/gen-11.1/src/ptII11.1.devel/ptolemy/actor/lib/fmi/demo/FMUBouncingBall'
making clean in ptolemy/actor/lib/fmi/demo/FMULevelStairs
make[7]: Entering directory '/home/travis/build/icyphy/ptII/adm/gen-11.1/src/ptII11.1.devel/ptolemy/actor/lib/fmi/demo/FMULevelStairs'
rm -rf *.o *.so *~ *.bak ,* LOG* *.class *.jstmp config.cache config.log config.status manifest.tmp  FMULevelStairs.jar     FMULevelStairs.jar 
rm -f core
make[7]: Leaving directory '/home/travis/build/icyphy/ptII/adm/gen-11.1/src/ptII11.1.devel/ptolemy/actor/lib/fmi/demo/FMULevelStairs'
making clean in ptolemy/actor/lib/fmi/demo/FMUSimulationX
make[7]: Entering directory '/home/travis/build/icyphy/ptII/adm/gen-11.1/src/ptII11.1.devel/ptolemy/actor/lib/fmi/demo/FMUSimulationX'
rm -rf *.o *.so *~ *.bak ,* LOG* *.class *.jstmp config.cache config.log config.status manifest.tmp  FMUSimulationX.jar     FMUSimulationX.jar 
rm -f core
make[7]: Leaving directory '/home/travis/build/icyphy/ptII/adm/gen-11.1/src/ptII11.1.devel/ptolemy/actor/lib/fmi/demo/FMUSimulationX'
making clean in ptolemy/actor/lib/fmi/demo/FMUStairs
make[7]: Entering directory '/home/travis/build/icyphy/ptII/adm/gen-11.1/src/ptII11.1.devel/ptolemy/actor/lib/fmi/demo/FMUStairs'
rm -rf *.o *.so *~ *.bak ,* LOG* *.class *.jstmp config.cache config.log config.status manifest.tmp  FMUStairs.jar     FMUStairs.jar 
rm -f core
make[7]: Leaving directory '/home/travis/build/icyphy/ptII/adm/gen-11.1/src/ptII11.1.devel/ptolemy/actor/lib/fmi/demo/FMUStairs'
making clean in ptolemy/actor/lib/fmi/demo/FMUTwoBallCollision
make[7]: Entering directory '/home/travis/build/icyphy/ptII/adm/gen-11.1/src/ptII11.1.devel/ptolemy/actor/lib/fmi/demo/FMUTwoBallCollision'
rm -rf *.o *.so *~ *.bak ,* LOG* *.class *.jstmp config.cache config.log config.status manifest.tmp  FMUTwoBallCollision.jar     FMUTwoBallCollision.jar 
rm -f core
make[7]: Leaving directory '/home/travis/build/icyphy/ptII/adm/gen-11.1/src/ptII11.1.devel/ptolemy/actor/lib/fmi/demo/FMUTwoBallCollision'
make[6]: Leaving directory '/home/travis/build/icyphy/ptII/adm/gen-11.1/src/ptII11.1.devel/ptolemy/actor/lib/fmi/demo'
making clean in ptolemy/actor/lib/fmi/doc
make[6]: Entering directory '/home/travis/build/icyphy/ptII/adm/gen-11.1/src/ptII11.1.devel/ptolemy/actor/lib/fmi/doc'
rm -rf *.o *.so *~ *.bak ,* LOG* *.class *.jstmp config.cache config.log config.status manifest.tmp  doc.jar     doc.jar 
rm -f core
make[6]: Leaving directory '/home/travis/build/icyphy/ptII/adm/gen-11.1/src/ptII11.1.devel/ptolemy/actor/lib/fmi/doc'
making clean in ptolemy/actor/lib/fmi/jni
make[6]: Entering directory '/home/travis/build/icyphy/ptII/adm/gen-11.1/src/ptII11.1.devel/ptolemy/actor/lib/fmi/jni'
rm -rf *.o *.so *~ *.bak ,* LOG* *.class *.jstmp config.cache config.log config.status manifest.tmp  jni.jar     jni.jar libJNIFMU.so
rm -f core
making clean in ptolemy/actor/lib/fmi/jni/test
make[7]: Entering directory '/home/travis/build/icyphy/ptII/adm/gen-11.1/src/ptII11.1.devel/ptolemy/actor/lib/fmi/jni/test'
rm -rf *.o *.so *~ *.bak ,* LOG* *.class *.jstmp config.cache config.log config.status manifest.tmp        
rm -f core
make[7]: Leaving directory '/home/travis/build/icyphy/ptII/adm/gen-11.1/src/ptII11.1.devel/ptolemy/actor/lib/fmi/jni/test'
make[6]: Leaving directory '/home/travis/build/icyphy/ptII/adm/gen-11.1/src/ptII11.1.devel/ptolemy/actor/lib/fmi/jni'
making clean in ptolemy/actor/lib/fmi/ma
make[6]: Entering directory '/home/travis/build/icyphy/ptII/adm/gen-11.1/src/ptII11.1.devel/ptolemy/actor/lib/fmi/ma'
rm -rf fmuTmp*
rm -f result.csv
rm -f shared/*.o
rm -rf *.o *.so *~ *.bak ,* LOG* *.class *.jstmp config.cache config.log config.status manifest.tmp  ma.jar     ma.jar main  *.dSYM *.o
rm -f core
make[6]: Leaving directory '/home/travis/build/icyphy/ptII/adm/gen-11.1/src/ptII11.1.devel/ptolemy/actor/lib/fmi/ma'
making clean in ptolemy/actor/lib/fmi/ma2
make[6]: Entering directory '/home/travis/build/icyphy/ptII/adm/gen-11.1/src/ptII11.1.devel/ptolemy/actor/lib/fmi/ma2'
rm -rf fmuTmp*
rm -f *.csv
rm -f shared/*.o
rm -rf *.o *.so *~ *.bak ,* LOG* *.class *.jstmp config.cache config.log config.status manifest.tmp  ma.jar     ma.jar main  *.dSYM *.o
rm -f core
make[6]: Leaving directory '/home/travis/build/icyphy/ptII/adm/gen-11.1/src/ptII11.1.devel/ptolemy/actor/lib/fmi/ma2'
making clean in ptolemy/actor/lib/fmi/maHybrid
make[6]: Entering directory '/home/travis/build/icyphy/ptII/adm/gen-11.1/src/ptII11.1.devel/ptolemy/actor/lib/fmi/maHybrid'
rm -rf fmuTmp*
rm -f *.csv
rm -f shared/*.o
rm -rf *.o *.so *~ *.bak ,* LOG* *.class *.jstmp config.cache config.log config.status manifest.tmp  ma.jar     ma.jar main  *.dSYM *.o
rm -f core
make[6]: Leaving directory '/home/travis/build/icyphy/ptII/adm/gen-11.1/src/ptII11.1.devel/ptolemy/actor/lib/fmi/maHybrid'
making clean in ptolemy/actor/lib/fmi/test
make[6]: Entering directory '/home/travis/build/icyphy/ptII/adm/gen-11.1/src/ptII11.1.devel/ptolemy/actor/lib/fmi/test'
rm -rf *.o *.so *~ *.bak ,* LOG* *.class *.jstmp config.cache config.log config.status manifest.tmp        
rm -f core
make[6]: Leaving directory '/home/travis/build/icyphy/ptII/adm/gen-11.1/src/ptII11.1.devel/ptolemy/actor/lib/fmi/test'
make[5]: Leaving directory '/home/travis/build/icyphy/ptII/adm/gen-11.1/src/ptII11.1.devel/ptolemy/actor/lib/fmi'
making clean in ptolemy/actor/lib/excel
make[5]: Entering directory '/home/travis/build/icyphy/ptII/adm/gen-11.1/src/ptII11.1.devel/ptolemy/actor/lib/excel'
rm -rf *.o *.so *~ *.bak ,* LOG* *.class *.jstmp config.cache config.log config.status manifest.tmp Excel.class excel.jar     excel.jar 
rm -f core
making clean in ptolemy/actor/lib/excel/demo
make[6]: Entering directory '/home/travis/build/icyphy/ptII/adm/gen-11.1/src/ptII11.1.devel/ptolemy/actor/lib/excel/demo'
rm -rf *.o *.so *~ *.bak ,* LOG* *.class *.jstmp config.cache config.log config.status manifest.tmp    demo.jar    
rm -f core
making clean in ptolemy/actor/lib/excel/demo/Excel
make[7]: Entering directory '/home/travis/build/icyphy/ptII/adm/gen-11.1/src/ptII11.1.devel/ptolemy/actor/lib/excel/demo/Excel'
rm -rf *.o *.so *~ *.bak ,* LOG* *.class *.jstmp config.cache config.log config.status manifest.tmp  Excel.jar     Excel.jar 
rm -f core
make[7]: Leaving directory '/home/travis/build/icyphy/ptII/adm/gen-11.1/src/ptII11.1.devel/ptolemy/actor/lib/excel/demo/Excel'
make[6]: Leaving directory '/home/travis/build/icyphy/ptII/adm/gen-11.1/src/ptII11.1.devel/ptolemy/actor/lib/excel/demo'
make[5]: Leaving directory '/home/travis/build/icyphy/ptII/adm/gen-11.1/src/ptII11.1.devel/ptolemy/actor/lib/excel'
making clean in ptolemy/actor/lib/mail
make[5]: Entering directory '/home/travis/build/icyphy/ptII/adm/gen-11.1/src/ptII11.1.devel/ptolemy/actor/lib/mail'
rm -rf *.o *.so *~ *.bak ,* LOG* *.class *.jstmp config.cache config.log config.status manifest.tmp ExceptionEmailer.class SendMail.class mail.jar     mail.jar 
rm -f core
making clean in ptolemy/actor/lib/mail/demo
make[6]: Entering directory '/home/travis/build/icyphy/ptII/adm/gen-11.1/src/ptII11.1.devel/ptolemy/actor/lib/mail/demo'
rm -rf *.o *.so *~ *.bak ,* LOG* *.class *.jstmp config.cache config.log config.status manifest.tmp    demo.jar    
rm -f core
making clean in ptolemy/actor/lib/mail/demo/ExceptionEmailer
make[7]: Entering directory '/home/travis/build/icyphy/ptII/adm/gen-11.1/src/ptII11.1.devel/ptolemy/actor/lib/mail/demo/ExceptionEmailer'
rm -rf *.o *.so *~ *.bak ,* LOG* *.class *.jstmp config.cache config.log config.status manifest.tmp  ExceptionEmailer.jar     ExceptionEmailer.jar 
rm -f core
make[7]: Leaving directory '/home/travis/build/icyphy/ptII/adm/gen-11.1/src/ptII11.1.devel/ptolemy/actor/lib/mail/demo/ExceptionEmailer'
making clean in ptolemy/actor/lib/mail/demo/SendMail
make[7]: Entering directory '/home/travis/build/icyphy/ptII/adm/gen-11.1/src/ptII11.1.devel/ptolemy/actor/lib/mail/demo/SendMail'
rm -rf *.o *.so *~ *.bak ,* LOG* *.class *.jstmp config.cache config.log config.status manifest.tmp  SendMail.jar     SendMail.jar 
rm -f core
make[7]: Leaving directory '/home/travis/build/icyphy/ptII/adm/gen-11.1/src/ptII11.1.devel/ptolemy/actor/lib/mail/demo/SendMail'
make[6]: Leaving directory '/home/travis/build/icyphy/ptII/adm/gen-11.1/src/ptII11.1.devel/ptolemy/actor/lib/mail/demo'
making clean in ptolemy/actor/lib/mail/test
make[6]: Entering directory '/home/travis/build/icyphy/ptII/adm/gen-11.1/src/ptII11.1.devel/ptolemy/actor/lib/mail/test'
rm -rf *.o *.so *~ *.bak ,* LOG* *.class *.jstmp config.cache config.log config.status manifest.tmp        
rm -f core
make[6]: Leaving directory '/home/travis/build/icyphy/ptII/adm/gen-11.1/src/ptII11.1.devel/ptolemy/actor/lib/mail/test'
make[5]: Leaving directory '/home/travis/build/icyphy/ptII/adm/gen-11.1/src/ptII11.1.devel/ptolemy/actor/lib/mail'
making clean in ptolemy/actor/lib/joystick
make[5]: Entering directory '/home/travis/build/icyphy/ptII/adm/gen-11.1/src/ptII11.1.devel/ptolemy/actor/lib/joystick'
rm -rf *.o *.so *~ *.bak ,* LOG* *.class *.jstmp config.cache config.log config.status manifest.tmp Joystick.class joystick.jar     joystick.jar 
rm -f core
making clean in ptolemy/actor/lib/joystick/demo
make[6]: Entering directory '/home/travis/build/icyphy/ptII/adm/gen-11.1/src/ptII11.1.devel/ptolemy/actor/lib/joystick/demo'
rm -rf *.o *.so *~ *.bak ,* LOG* *.class *.jstmp config.cache config.log config.status manifest.tmp    demo.jar    
rm -f core
making clean in ptolemy/actor/lib/joystick/demo/Joystick
make[7]: Entering directory '/home/travis/build/icyphy/ptII/adm/gen-11.1/src/ptII11.1.devel/ptolemy/actor/lib/joystick/demo/Joystick'
rm -rf *.o *.so *~ *.bak ,* LOG* *.class *.jstmp config.cache config.log config.status manifest.tmp  Joystick.jar     Joystick.jar 
rm -f core
make[7]: Leaving directory '/home/travis/build/icyphy/ptII/adm/gen-11.1/src/ptII11.1.devel/ptolemy/actor/lib/joystick/demo/Joystick'
make[6]: Leaving directory '/home/travis/build/icyphy/ptII/adm/gen-11.1/src/ptII11.1.devel/ptolemy/actor/lib/joystick/demo'
make[5]: Leaving directory '/home/travis/build/icyphy/ptII/adm/gen-11.1/src/ptII11.1.devel/ptolemy/actor/lib/joystick'
making clean in ptolemy/actor/lib/python
make[5]: Entering directory '/home/travis/build/icyphy/ptII/adm/gen-11.1/src/ptII11.1.devel/ptolemy/actor/lib/python'
rm -rf *.o *.so *~ *.bak ,* LOG* *.class *.jstmp config.cache config.log config.status manifest.tmp PythonScript.class python.jar     python.jar 
rm -f core
making clean in ptolemy/actor/lib/python/test
make[6]: Entering directory '/home/travis/build/icyphy/ptII/adm/gen-11.1/src/ptII11.1.devel/ptolemy/actor/lib/python/test'
rm -rf *.o *.so *~ *.bak ,* LOG* *.class *.jstmp config.cache config.log config.status manifest.tmp        
rm -f core
make[6]: Leaving directory '/home/travis/build/icyphy/ptII/adm/gen-11.1/src/ptII11.1.devel/ptolemy/actor/lib/python/test'
making clean in ptolemy/actor/lib/python/demo
make[6]: Entering directory '/home/travis/build/icyphy/ptII/adm/gen-11.1/src/ptII11.1.devel/ptolemy/actor/lib/python/demo'
rm -rf *.o *.so *~ *.bak ,* LOG* *.class *.jstmp config.cache config.log config.status manifest.tmp    demo.jar    
rm -f core
making clean in ptolemy/actor/lib/python/demo/RecordManipulation
make[7]: Entering directory '/home/travis/build/icyphy/ptII/adm/gen-11.1/src/ptII11.1.devel/ptolemy/actor/lib/python/demo/RecordManipulation'
rm -rf *.o *.so *~ *.bak ,* LOG* *.class *.jstmp config.cache config.log config.status manifest.tmp  RecordManipulation.jar     RecordManipulation.jar 
rm -f core
make[7]: Leaving directory '/home/travis/build/icyphy/ptII/adm/gen-11.1/src/ptII11.1.devel/ptolemy/actor/lib/python/demo/RecordManipulation'
making clean in ptolemy/actor/lib/python/demo/Ptolemnizer
make[7]: Entering directory '/home/travis/build/icyphy/ptII/adm/gen-11.1/src/ptII11.1.devel/ptolemy/actor/lib/python/demo/Ptolemnizer'
rm -rf *.o *.so *~ *.bak ,* LOG* *.class *.jstmp config.cache config.log config.status manifest.tmp  Ptolemnizer.jar     Ptolemnizer.jar 
rm -f core
make[7]: Leaving directory '/home/travis/build/icyphy/ptII/adm/gen-11.1/src/ptII11.1.devel/ptolemy/actor/lib/python/demo/Ptolemnizer'
making clean in ptolemy/actor/lib/python/demo/PythonScale
make[7]: Entering directory '/home/travis/build/icyphy/ptII/adm/gen-11.1/src/ptII11.1.devel/ptolemy/actor/lib/python/demo/PythonScale'
rm -rf *.o *.so *~ *.bak ,* LOG* *.class *.jstmp config.cache config.log config.status manifest.tmp  PythonScale.jar     PythonScale.jar 
rm -f core
make[7]: Leaving directory '/home/travis/build/icyphy/ptII/adm/gen-11.1/src/ptII11.1.devel/ptolemy/actor/lib/python/demo/PythonScale'
make[6]: Leaving directory '/home/travis/build/icyphy/ptII/adm/gen-11.1/src/ptII11.1.devel/ptolemy/actor/lib/python/demo'
making clean in ptolemy/actor/lib/python/doc
make[6]: Entering directory '/home/travis/build/icyphy/ptII/adm/gen-11.1/src/ptII11.1.devel/ptolemy/actor/lib/python/doc'
rm -rf *.o *.so *~ *.bak ,* LOG* *.class *.jstmp config.cache config.log config.status manifest.tmp  doc.jar     doc.jar 
rm -f core
make[6]: Leaving directory '/home/travis/build/icyphy/ptII/adm/gen-11.1/src/ptII11.1.devel/ptolemy/actor/lib/python/doc'
make[5]: Leaving directory '/home/travis/build/icyphy/ptII/adm/gen-11.1/src/ptII11.1.devel/ptolemy/actor/lib/python'
making clean in ptolemy/actor/lib/r
make[5]: Entering directory '/home/travis/build/icyphy/ptII/adm/gen-11.1/src/ptII11.1.devel/ptolemy/actor/lib/r'
rm -rf *.o *.so *~ *.bak ,* LOG* *.class *.jstmp config.cache config.log config.status manifest.tmp RConsole.class RExpression.class RExpression2.class r.jar     r.jar 
rm -f core
making clean in ptolemy/actor/lib/r/demo
make[6]: Entering directory '/home/travis/build/icyphy/ptII/adm/gen-11.1/src/ptII11.1.devel/ptolemy/actor/lib/r/demo'
rm -rf *.o *.so *~ *.bak ,* LOG* *.class *.jstmp config.cache config.log config.status manifest.tmp    demo.jar    
rm -f core
making clean in ptolemy/actor/lib/r/demo/R3DPlot
make[7]: Entering directory '/home/travis/build/icyphy/ptII/adm/gen-11.1/src/ptII11.1.devel/ptolemy/actor/lib/r/demo/R3DPlot'
rm -rf *.o *.so *~ *.bak ,* LOG* *.class *.jstmp config.cache config.log config.status manifest.tmp  R3DPlot.jar     R3DPlot.jar 
rm -f core
make[7]: Leaving directory '/home/travis/build/icyphy/ptII/adm/gen-11.1/src/ptII11.1.devel/ptolemy/actor/lib/r/demo/R3DPlot'
making clean in ptolemy/actor/lib/r/demo/RRecordToDataframe
make[7]: Entering directory '/home/travis/build/icyphy/ptII/adm/gen-11.1/src/ptII11.1.devel/ptolemy/actor/lib/r/demo/RRecordToDataframe'
rm -rf *.o *.so *~ *.bak ,* LOG* *.class *.jstmp config.cache config.log config.status manifest.tmp  RRecordToDataframe.jar     RRecordToDataframe.jar 
rm -f core
make[7]: Leaving directory '/home/travis/build/icyphy/ptII/adm/gen-11.1/src/ptII11.1.devel/ptolemy/actor/lib/r/demo/RRecordToDataframe'
make[6]: Leaving directory '/home/travis/build/icyphy/ptII/adm/gen-11.1/src/ptII11.1.devel/ptolemy/actor/lib/r/demo'
making clean in ptolemy/actor/lib/r/test
make[6]: Entering directory '/home/travis/build/icyphy/ptII/adm/gen-11.1/src/ptII11.1.devel/ptolemy/actor/lib/r/test'
rm -rf *.o *.so *~ *.bak ,* LOG* *.class *.jstmp config.cache config.log config.status manifest.tmp        
rm -f core
make[6]: Leaving directory '/home/travis/build/icyphy/ptII/adm/gen-11.1/src/ptII11.1.devel/ptolemy/actor/lib/r/test'
make[5]: Leaving directory '/home/travis/build/icyphy/ptII/adm/gen-11.1/src/ptII11.1.devel/ptolemy/actor/lib/r'
making clean in ptolemy/actor/lib/test
make[5]: Entering directory '/home/travis/build/icyphy/ptII/adm/gen-11.1/src/ptII11.1.devel/ptolemy/actor/lib/test'
rm -rf *.o *.so *~ *.bak ,* LOG* *.class *.jstmp config.cache config.log config.status manifest.tmp LoopTest2.class RampNecessaryFiles.class RecorderGeneral.class ReturnNonZero.class SearchTest.class SleepFireTwice.class TestOrderedMerge.class       Const.txt ReadFile1Output.txt auto/ReadFile1Output.txt
rm -f core
making clean in ptolemy/actor/lib/test/performance
make[6]: Entering directory '/home/travis/build/icyphy/ptII/adm/gen-11.1/src/ptII11.1.devel/ptolemy/actor/lib/test/performance'
rm -rf *.o *.so *~ *.bak ,* LOG* *.class *.jstmp config.cache config.log config.status manifest.tmp        
rm -f core
make[6]: Leaving directory '/home/travis/build/icyphy/ptII/adm/gen-11.1/src/ptII11.1.devel/ptolemy/actor/lib/test/performance'
make[5]: Leaving directory '/home/travis/build/icyphy/ptII/adm/gen-11.1/src/ptII11.1.devel/ptolemy/actor/lib/test'
make[4]: Leaving directory '/home/travis/build/icyphy/ptII/adm/gen-11.1/src/ptII11.1.devel/ptolemy/actor/lib'
making clean in ptolemy/actor/parameters
make[4]: Entering directory '/home/travis/build/icyphy/ptII/adm/gen-11.1/src/ptII11.1.devel/ptolemy/actor/parameters'
rm -rf *.o *.so *~ *.bak ,* LOG* *.class *.jstmp config.cache config.log config.status manifest.tmp DoubleRangeParameter.class FilePortParameter.class IntRangeParameter.class LocationParameter.class MirrorPortParameter.class ParameterMirrorPort.class ParameterPort.class ParameterSet.class PortParameter.class Priority.class SharedParameter.class parameters.jar     parameters.jar 
rm -f core
making clean in ptolemy/actor/parameters/test
make[5]: Entering directory '/home/travis/build/icyphy/ptII/adm/gen-11.1/src/ptII11.1.devel/ptolemy/actor/parameters/test'
rm -rf *.o *.so *~ *.bak ,* LOG* *.class *.jstmp config.cache config.log config.status manifest.tmp CloneTest.class TestSharedParameter.class       
rm -f core
make[5]: Leaving directory '/home/travis/build/icyphy/ptII/adm/gen-11.1/src/ptII11.1.devel/ptolemy/actor/parameters/test'
making clean in ptolemy/actor/parameters/demo
make[5]: Entering directory '/home/travis/build/icyphy/ptII/adm/gen-11.1/src/ptII11.1.devel/ptolemy/actor/parameters/demo'
rm -rf *.o *.so *~ *.bak ,* LOG* *.class *.jstmp config.cache config.log config.status manifest.tmp    demo.jar    
rm -f core
making clean in ptolemy/actor/parameters/demo/Bouncer
make[6]: Entering directory '/home/travis/build/icyphy/ptII/adm/gen-11.1/src/ptII11.1.devel/ptolemy/actor/parameters/demo/Bouncer'
rm -rf *.o *.so *~ *.bak ,* LOG* *.class *.jstmp config.cache config.log config.status manifest.tmp  Bouncer.jar     Bouncer.jar 
rm -f core
make[6]: Leaving directory '/home/travis/build/icyphy/ptII/adm/gen-11.1/src/ptII11.1.devel/ptolemy/actor/parameters/demo/Bouncer'
making clean in ptolemy/actor/parameters/demo/SliderParameter
make[6]: Entering directory '/home/travis/build/icyphy/ptII/adm/gen-11.1/src/ptII11.1.devel/ptolemy/actor/parameters/demo/SliderParameter'
rm -rf *.o *.so *~ *.bak ,* LOG* *.class *.jstmp config.cache config.log config.status manifest.tmp  SliderParameter.jar     SliderParameter.jar 
rm -f core
make[6]: Leaving directory '/home/travis/build/icyphy/ptII/adm/gen-11.1/src/ptII11.1.devel/ptolemy/actor/parameters/demo/SliderParameter'
make[5]: Leaving directory '/home/travis/build/icyphy/ptII/adm/gen-11.1/src/ptII11.1.devel/ptolemy/actor/parameters/demo'
making clean in ptolemy/actor/parameters/doc
make[5]: Entering directory '/home/travis/build/icyphy/ptII/adm/gen-11.1/src/ptII11.1.devel/ptolemy/actor/parameters/doc'
rm -rf *.o *.so *~ *.bak ,* LOG* *.class *.jstmp config.cache config.log config.status manifest.tmp  doc.jar     doc.jar 
rm -f core
make[5]: Leaving directory '/home/travis/build/icyphy/ptII/adm/gen-11.1/src/ptII11.1.devel/ptolemy/actor/parameters/doc'
make[4]: Leaving directory '/home/travis/build/icyphy/ptII/adm/gen-11.1/src/ptII11.1.devel/ptolemy/actor/parameters'
making clean in ptolemy/actor/gt
make[4]: Entering directory '/home/travis/build/icyphy/ptII/adm/gen-11.1/src/ptII11.1.devel/ptolemy/actor/gt'
rm -rf *.o *.so *~ *.bak ,* LOG* *.class *.jstmp config.cache config.log config.status manifest.tmp AtomicActorMatcher.class AttributeMatcher.class Checkable.class CompositeActorMatcher.class Constraint.class ContainerIgnoringAttribute.class CreationAttribute.class DefaultDirectoryAttribute.class DefaultModelAttribute.class FSMMatcher.class GTAttribute.class GTCompositeActor.class GTEntity.class GTEntityUtils.class GTIngredient.class GTIngredientElement.class GTIngredientList.class GTIngredientsAttribute.class GTParameter.class GTTools.class GraphAnalyzer.class GraphMatcher.class GraphTransformationException.class GraphTransformer.class HierarchyFlatteningAttribute.class IgnoringAttribute.class IterativeParameter.class LocationType.class MalformedStringException.class MatchCallback.class MatchingAttribute.class MoMLGenerator.class ModalModelMatcher.class ModelCombine.class ModelExecutor.class ModelGenerator.class ModelView.class NamedObjVariable.class NegationAttribute.class OptionAttribute.class Pattern.class PatternObjectAttribute.class PortMatcher.class PreservationAttribute.class RelationCollapsingAttribute.class RelationHidingAttribute.class Replacement.class StateMatcher.class TransformationException.class TransformationListener.class TransformationMode.class TransformationRule.class TransitionMatcher.class ValidationException.class ValueIterator.class   gt.jar    
rm -f core
making clean in ptolemy/actor/gt/controller
make[5]: Entering directory '/home/travis/build/icyphy/ptII/adm/gen-11.1/src/ptII11.1.devel/ptolemy/actor/gt/controller'
rm -rf *.o *.so *~ *.bak ,* LOG* *.class *.jstmp config.cache config.log config.status manifest.tmp Clone.class DesignPatternImporter.class Execute.class GTEvent.class InitModel.class InitModelWithContainer.class InputModel.class Match.class ModelIOPort.class ModelParameter.class OutputModel.class PersistenceAttribute.class ReadModel.class TestModel.class Transform.class TransformationAttribute.class View.class WriteModel.class   controller.jar    
rm -f core
making clean in ptolemy/actor/gt/controller/lib
make[6]: Entering directory '/home/travis/build/icyphy/ptII/adm/gen-11.1/src/ptII11.1.devel/ptolemy/actor/gt/controller/lib'
rm -rf *.o *.so *~ *.bak ,* LOG* *.class *.jstmp config.cache config.log config.status manifest.tmp  lib.jar     lib.jar 
rm -f core
make[6]: Leaving directory '/home/travis/build/icyphy/ptII/adm/gen-11.1/src/ptII11.1.devel/ptolemy/actor/gt/controller/lib'
make[5]: Leaving directory '/home/travis/build/icyphy/ptII/adm/gen-11.1/src/ptII11.1.devel/ptolemy/actor/gt/controller'
making clean in ptolemy/actor/gt/data
make[5]: Entering directory '/home/travis/build/icyphy/ptII/adm/gen-11.1/src/ptII11.1.devel/ptolemy/actor/gt/data'
rm -rf *.o *.so *~ *.bak ,* LOG* *.class *.jstmp config.cache config.log config.status manifest.tmp CombinedCollection.class FastLinkedList.class MatchResult.class Pair.class SequentialTwoWayHashMap.class Tuple.class TwoWayHashMap.class data.jar     data.jar 
rm -f core
make[5]: Leaving directory '/home/travis/build/icyphy/ptII/adm/gen-11.1/src/ptII11.1.devel/ptolemy/actor/gt/data'
making clean in ptolemy/actor/gt/gui
make[5]: Entering directory '/home/travis/build/icyphy/ptII/adm/gen-11.1/src/ptII11.1.devel/ptolemy/actor/gt/gui'
rm -rf *.o *.so *~ *.bak ,* LOG* *.class *.jstmp config.cache config.log config.status manifest.tmp ComboItem.class GTGUIAction.class gui.jar     gui.jar 
rm -f core
make[5]: Leaving directory '/home/travis/build/icyphy/ptII/adm/gen-11.1/src/ptII11.1.devel/ptolemy/actor/gt/gui'
making clean in ptolemy/actor/gt/ingredients
make[5]: Entering directory '/home/travis/build/icyphy/ptII/adm/gen-11.1/src/ptII11.1.devel/ptolemy/actor/gt/ingredients'
rm -rf *.o *.so *~ *.bak ,* LOG* *.class *.jstmp config.cache config.log config.status manifest.tmp    ingredients.jar    
rm -f core
making clean in ptolemy/actor/gt/ingredients/criteria
make[6]: Entering directory '/home/travis/build/icyphy/ptII/adm/gen-11.1/src/ptII11.1.devel/ptolemy/actor/gt/ingredients/criteria'
rm -rf *.o *.so *~ *.bak ,* LOG* *.class *.jstmp config.cache config.log config.status manifest.tmp AttributeCriterion.class BooleanCriterionElement.class ChoiceCriterionElement.class Criterion.class CriterionElement.class DynamicNameCriterion.class GuardCriterion.class NameCriterion.class PortCriterion.class StateTypeCriterion.class StringCriterionElement.class SubclassCriterion.class criteria.jar     criteria.jar 
rm -f core
make[6]: Leaving directory '/home/travis/build/icyphy/ptII/adm/gen-11.1/src/ptII11.1.devel/ptolemy/actor/gt/ingredients/criteria'
making clean in ptolemy/actor/gt/ingredients/operations
make[6]: Entering directory '/home/travis/build/icyphy/ptII/adm/gen-11.1/src/ptII11.1.devel/ptolemy/actor/gt/ingredients/operations'
rm -rf *.o *.so *~ *.bak ,* LOG* *.class *.jstmp config.cache config.log config.status manifest.tmp AttributeOperation.class BooleanOperationElement.class DynamicAttributeOperation.class Operation.class OperationElement.class PortCreationOperation.class PortRemovalOperation.class RenameOperation.class StringOperationElement.class operations.jar     operations.jar 
rm -f core
make[6]: Leaving directory '/home/travis/build/icyphy/ptII/adm/gen-11.1/src/ptII11.1.devel/ptolemy/actor/gt/ingredients/operations'
make[5]: Leaving directory '/home/travis/build/icyphy/ptII/adm/gen-11.1/src/ptII11.1.devel/ptolemy/actor/gt/ingredients'
making clean in ptolemy/actor/gt/test
make[5]: Entering directory '/home/travis/build/icyphy/ptII/adm/gen-11.1/src/ptII11.1.devel/ptolemy/actor/gt/test'
rm -rf *.o *.so *~ *.bak ,* LOG* *.class *.jstmp config.cache config.log config.status manifest.tmp AllMatchingTestHelper.class       
rm -f core
make[5]: Leaving directory '/home/travis/build/icyphy/ptII/adm/gen-11.1/src/ptII11.1.devel/ptolemy/actor/gt/test'
making clean in ptolemy/actor/gt/patterns
make[5]: Entering directory '/home/travis/build/icyphy/ptII/adm/gen-11.1/src/ptII11.1.devel/ptolemy/actor/gt/patterns'
rm -rf *.o *.so *~ *.bak ,* LOG* *.class *.jstmp config.cache config.log config.status manifest.tmp  patterns.jar     patterns.jar 
rm -f core
make[5]: Leaving directory '/home/travis/build/icyphy/ptII/adm/gen-11.1/src/ptII11.1.devel/ptolemy/actor/gt/patterns'
making clean in ptolemy/actor/gt/util
make[5]: Entering directory '/home/travis/build/icyphy/ptII/adm/gen-11.1/src/ptII11.1.devel/ptolemy/actor/gt/util'
rm -rf *.o *.so *~ *.bak ,* LOG* *.class *.jstmp config.cache config.log config.status manifest.tmp PtolemyExpressionString.class RegularExpressionString.class util.jar     util.jar 
rm -f core
make[5]: Leaving directory '/home/travis/build/icyphy/ptII/adm/gen-11.1/src/ptII11.1.devel/ptolemy/actor/gt/util'
making clean in ptolemy/actor/gt/demo
make[5]: Entering directory '/home/travis/build/icyphy/ptII/adm/gen-11.1/src/ptII11.1.devel/ptolemy/actor/gt/demo'
rm -rf *.o *.so *~ *.bak ,* LOG* *.class *.jstmp config.cache config.log config.status manifest.tmp    demo.jar    
rm -f core
making clean in ptolemy/actor/gt/demo/BouncingBallX2
make[6]: Entering directory '/home/travis/build/icyphy/ptII/adm/gen-11.1/src/ptII11.1.devel/ptolemy/actor/gt/demo/BouncingBallX2'
rm -rf *.o *.so *~ *.bak ,* LOG* *.class *.jstmp config.cache config.log config.status manifest.tmp  BouncingBallX2.jar     BouncingBallX2.jar 
rm -f core
make[6]: Leaving directory '/home/travis/build/icyphy/ptII/adm/gen-11.1/src/ptII11.1.devel/ptolemy/actor/gt/demo/BouncingBallX2'
making clean in ptolemy/actor/gt/demo/ConstOptimization
make[6]: Entering directory '/home/travis/build/icyphy/ptII/adm/gen-11.1/src/ptII11.1.devel/ptolemy/actor/gt/demo/ConstOptimization'
rm -rf *.o *.so *~ *.bak ,* LOG* *.class *.jstmp config.cache config.log config.status manifest.tmp  ConstOptimization.jar     ConstOptimization.jar *.jar
rm -f core
make[6]: Leaving directory '/home/travis/build/icyphy/ptII/adm/gen-11.1/src/ptII11.1.devel/ptolemy/actor/gt/demo/ConstOptimization'
making clean in ptolemy/actor/gt/demo/DiningPhilosophers
make[6]: Entering directory '/home/travis/build/icyphy/ptII/adm/gen-11.1/src/ptII11.1.devel/ptolemy/actor/gt/demo/DiningPhilosophers'
rm -rf *.o *.so *~ *.bak ,* LOG* *.class *.jstmp config.cache config.log config.status manifest.tmp  DiningPhilosophers.jar     DiningPhilosophers.jar 
rm -f core
make[6]: Leaving directory '/home/travis/build/icyphy/ptII/adm/gen-11.1/src/ptII11.1.devel/ptolemy/actor/gt/demo/DiningPhilosophers'
making clean in ptolemy/actor/gt/demo/GameOfLife
make[6]: Entering directory '/home/travis/build/icyphy/ptII/adm/gen-11.1/src/ptII11.1.devel/ptolemy/actor/gt/demo/GameOfLife'
rm -rf *.o *.so *~ *.bak ,* LOG* *.class *.jstmp config.cache config.log config.status manifest.tmp  GameOfLife.jar     GameOfLife.jar 
rm -f core
make[6]: Leaving directory '/home/travis/build/icyphy/ptII/adm/gen-11.1/src/ptII11.1.devel/ptolemy/actor/gt/demo/GameOfLife'
making clean in ptolemy/actor/gt/demo/HierarchyFlattening
make[6]: Entering directory '/home/travis/build/icyphy/ptII/adm/gen-11.1/src/ptII11.1.devel/ptolemy/actor/gt/demo/HierarchyFlattening'
rm -rf *.o *.so *~ *.bak ,* LOG* *.class *.jstmp config.cache config.log config.status manifest.tmp  HierarchyFlattening.jar     HierarchyFlattening.jar 
rm -f core
make[6]: Leaving directory '/home/travis/build/icyphy/ptII/adm/gen-11.1/src/ptII11.1.devel/ptolemy/actor/gt/demo/HierarchyFlattening'
making clean in ptolemy/actor/gt/demo/MapReduce
make[6]: Entering directory '/home/travis/build/icyphy/ptII/adm/gen-11.1/src/ptII11.1.devel/ptolemy/actor/gt/demo/MapReduce'
rm -rf *.o *.so *~ *.bak ,* LOG* *.class *.jstmp config.cache config.log config.status manifest.tmp  MapReduce.jar     MapReduce.jar *.jar
rm -f core
make[6]: Leaving directory '/home/travis/build/icyphy/ptII/adm/gen-11.1/src/ptII11.1.devel/ptolemy/actor/gt/demo/MapReduce'
making clean in ptolemy/actor/gt/demo/ModelExecution
make[6]: Entering directory '/home/travis/build/icyphy/ptII/adm/gen-11.1/src/ptII11.1.devel/ptolemy/actor/gt/demo/ModelExecution'
rm -rf *.o *.so *~ *.bak ,* LOG* *.class *.jstmp config.cache config.log config.status manifest.tmp  ModelExecution.jar     ModelExecution.jar 
rm -f core
make[6]: Leaving directory '/home/travis/build/icyphy/ptII/adm/gen-11.1/src/ptII11.1.devel/ptolemy/actor/gt/demo/ModelExecution'
making clean in ptolemy/actor/gt/demo/ModelGeneration
make[6]: Entering directory '/home/travis/build/icyphy/ptII/adm/gen-11.1/src/ptII11.1.devel/ptolemy/actor/gt/demo/ModelGeneration'
rm -rf *.o *.so *~ *.bak ,* LOG* *.class *.jstmp config.cache config.log config.status manifest.tmp  ModelGeneration.jar     ModelGeneration.jar *.jar
rm -f core
make[6]: Leaving directory '/home/travis/build/icyphy/ptII/adm/gen-11.1/src/ptII11.1.devel/ptolemy/actor/gt/demo/ModelGeneration'
making clean in ptolemy/actor/gt/demo/PublisherTest
make[6]: Entering directory '/home/travis/build/icyphy/ptII/adm/gen-11.1/src/ptII11.1.devel/ptolemy/actor/gt/demo/PublisherTest'
rm -rf *.o *.so *~ *.bak ,* LOG* *.class *.jstmp config.cache config.log config.status manifest.tmp  PublisherTest.jar     PublisherTest.jar 
rm -f core
make[6]: Leaving directory '/home/travis/build/icyphy/ptII/adm/gen-11.1/src/ptII11.1.devel/ptolemy/actor/gt/demo/PublisherTest'
making clean in ptolemy/actor/gt/demo/RegressionTest
make[6]: Entering directory '/home/travis/build/icyphy/ptII/adm/gen-11.1/src/ptII11.1.devel/ptolemy/actor/gt/demo/RegressionTest'
rm -rf *.o *.so *~ *.bak ,* LOG* *.class *.jstmp config.cache config.log config.status manifest.tmp  RegressionTest.jar     RegressionTest.jar 
rm -f core
make[6]: Leaving directory '/home/travis/build/icyphy/ptII/adm/gen-11.1/src/ptII11.1.devel/ptolemy/actor/gt/demo/RegressionTest'
making clean in ptolemy/actor/gt/demo/SinewaveOptimization
make[6]: Entering directory '/home/travis/build/icyphy/ptII/adm/gen-11.1/src/ptII11.1.devel/ptolemy/actor/gt/demo/SinewaveOptimization'
rm -rf *.o *.so *~ *.bak ,* LOG* *.class *.jstmp config.cache config.log config.status manifest.tmp  SinewaveOptimization.jar     SinewaveOptimization.jar 
rm -f core
make[6]: Leaving directory '/home/travis/build/icyphy/ptII/adm/gen-11.1/src/ptII11.1.devel/ptolemy/actor/gt/demo/SinewaveOptimization'
make[5]: Leaving directory '/home/travis/build/icyphy/ptII/adm/gen-11.1/src/ptII11.1.devel/ptolemy/actor/gt/demo'
making clean in ptolemy/actor/gt/doc
make[5]: Entering directory '/home/travis/build/icyphy/ptII/adm/gen-11.1/src/ptII11.1.devel/ptolemy/actor/gt/doc'
rm -rf *.o *.so *~ *.bak ,* LOG* *.class *.jstmp config.cache config.log config.status manifest.tmp  doc.jar     doc.jar 
rm -f core
make[5]: Leaving directory '/home/travis/build/icyphy/ptII/adm/gen-11.1/src/ptII11.1.devel/ptolemy/actor/gt/doc'
make[4]: Leaving directory '/home/travis/build/icyphy/ptII/adm/gen-11.1/src/ptII11.1.devel/ptolemy/actor/gt'
making clean in ptolemy/actor/designs
make[4]: Entering directory '/home/travis/build/icyphy/ptII/adm/gen-11.1/src/ptII11.1.devel/ptolemy/actor/designs'
rm -rf *.o *.so *~ *.bak ,* LOG* *.class *.jstmp config.cache config.log config.status manifest.tmp  designs.jar     designs.jar 
rm -f core
make[4]: Leaving directory '/home/travis/build/icyphy/ptII/adm/gen-11.1/src/ptII11.1.devel/ptolemy/actor/designs'
making clean in ptolemy/actor/test
make[4]: Entering directory '/home/travis/build/icyphy/ptII/adm/gen-11.1/src/ptII11.1.devel/ptolemy/actor/test'
rm -rf *.o *.so *~ *.bak ,* LOG* *.class *.jstmp config.cache config.log config.status manifest.tmp IdentityActor.class ManagerLeak.class RemoveIOPortEventListener.class TestAbstractReceiver.class TestActor.class TestGraphReader.class TestTypeListener.class TestTypedIORelation.class TypedTestActor.class       
rm -f core
make[4]: Leaving directory '/home/travis/build/icyphy/ptII/adm/gen-11.1/src/ptII11.1.devel/ptolemy/actor/test'
making clean in ptolemy/actor/ptalon
make[4]: Entering directory '/home/travis/build/icyphy/ptII/adm/gen-11.1/src/ptII11.1.devel/ptolemy/actor/ptalon'
rm -rf *.o *.so *~ *.bak ,* LOG* *.class *.jstmp config.cache config.log config.status manifest.tmp AbstractPtalonEvaluator.class NamedTree.class PtalonActor.class PtalonAST.class PtalonEvaluator.class PtalonExpressionParameter.class PtalonMLHandler.class PtalonParameter.class PtalonRuntimeException.class PtalonScopeException.class Tester.class PtalonRecognizer.class PtalonLexer.class PtalonPopulator.class PtalonPopulatorTokenTypes.class PtalonScopeChecker.class PtalonTokenTypes.class   ptalon.jar    
rm -f core
making clean in ptolemy/actor/ptalon/doc
make[5]: Entering directory '/home/travis/build/icyphy/ptII/adm/gen-11.1/src/ptII11.1.devel/ptolemy/actor/ptalon/doc'
rm -rf *.o *.so *~ *.bak ,* LOG* *.class *.jstmp config.cache config.log config.status manifest.tmp  doc.jar     doc.jar 
rm -f core
make[5]: Leaving directory '/home/travis/build/icyphy/ptII/adm/gen-11.1/src/ptII11.1.devel/ptolemy/actor/ptalon/doc'
making clean in ptolemy/actor/ptalon/gt
make[5]: Entering directory '/home/travis/build/icyphy/ptII/adm/gen-11.1/src/ptII11.1.devel/ptolemy/actor/ptalon/gt'
rm -rf *.o *.so *~ *.bak ,* LOG* *.class *.jstmp config.cache config.log config.status manifest.tmp PtalonMatcher.class TransformationEvaluator.class gt.jar     gt.jar 
rm -f core
making clean in ptolemy/actor/ptalon/gt/demo
make[6]: Entering directory '/home/travis/build/icyphy/ptII/adm/gen-11.1/src/ptII11.1.devel/ptolemy/actor/ptalon/gt/demo'
rm -rf *.o *.so *~ *.bak ,* LOG* *.class *.jstmp config.cache config.log config.status manifest.tmp    demo.jar    
rm -f core
making clean in ptolemy/actor/ptalon/gt/demo/Adder
make[7]: Entering directory '/home/travis/build/icyphy/ptII/adm/gen-11.1/src/ptII11.1.devel/ptolemy/actor/ptalon/gt/demo/Adder'
rm -rf *.o *.so *~ *.bak ,* LOG* *.class *.jstmp config.cache config.log config.status manifest.tmp  Adder.jar     Adder.jar 
rm -f core
make[7]: Leaving directory '/home/travis/build/icyphy/ptII/adm/gen-11.1/src/ptII11.1.devel/ptolemy/actor/ptalon/gt/demo/Adder'
make[6]: Leaving directory '/home/travis/build/icyphy/ptII/adm/gen-11.1/src/ptII11.1.devel/ptolemy/actor/ptalon/gt/demo'
make[5]: Leaving directory '/home/travis/build/icyphy/ptII/adm/gen-11.1/src/ptII11.1.devel/ptolemy/actor/ptalon/gt'
making clean in ptolemy/actor/ptalon/lib
make[5]: Entering directory '/home/travis/build/icyphy/ptII/adm/gen-11.1/src/ptII11.1.devel/ptolemy/actor/ptalon/lib'
rm -rf *.o *.so *~ *.bak ,* LOG* *.class *.jstmp config.cache config.log config.status manifest.tmp ComplexAddSubtract.class KeyValuePair.class MapFileStorage.class MapReduceAlgorithm.class MapWorker.class ReduceWorker.class ReverseLink.class SplitReader.class StringToKeyValue.class WordCount.class lib.jar     lib.jar 
rm -f core
make[5]: Leaving directory '/home/travis/build/icyphy/ptII/adm/gen-11.1/src/ptII11.1.devel/ptolemy/actor/ptalon/lib'
making clean in ptolemy/actor/ptalon/demo
make[5]: Entering directory '/home/travis/build/icyphy/ptII/adm/gen-11.1/src/ptII11.1.devel/ptolemy/actor/ptalon/demo'
rm -rf *.o *.so *~ *.bak ,* LOG* *.class *.jstmp config.cache config.log config.status manifest.tmp    demo.jar    
rm -f core
making clean in ptolemy/actor/ptalon/demo/CruiseControl
make[6]: Entering directory '/home/travis/build/icyphy/ptII/adm/gen-11.1/src/ptII11.1.devel/ptolemy/actor/ptalon/demo/CruiseControl'
rm -rf *.o *.so *~ *.bak ,* LOG* *.class *.jstmp config.cache config.log config.status manifest.tmp  CruiseControl.jar     CruiseControl.jar *.jar
rm -f core
make[6]: Leaving directory '/home/travis/build/icyphy/ptII/adm/gen-11.1/src/ptII11.1.devel/ptolemy/actor/ptalon/demo/CruiseControl'
making clean in ptolemy/actor/ptalon/demo/EightChannelFFT
make[6]: Entering directory '/home/travis/build/icyphy/ptII/adm/gen-11.1/src/ptII11.1.devel/ptolemy/actor/ptalon/demo/EightChannelFFT'
rm -rf *.o *.so *~ *.bak ,* LOG* *.class *.jstmp config.cache config.log config.status manifest.tmp  EightChannelFFT.jar     EightChannelFFT.jar *.jar
rm -f core
make[6]: Leaving directory '/home/travis/build/icyphy/ptII/adm/gen-11.1/src/ptII11.1.devel/ptolemy/actor/ptalon/demo/EightChannelFFT'
making clean in ptolemy/actor/ptalon/demo/GameOfLife
make[6]: Entering directory '/home/travis/build/icyphy/ptII/adm/gen-11.1/src/ptII11.1.devel/ptolemy/actor/ptalon/demo/GameOfLife'
rm -rf *.o *.so *~ *.bak ,* LOG* *.class *.jstmp config.cache config.log config.status manifest.tmp  GameOfLife.jar     GameOfLife.jar *.jar
rm -f core
make[6]: Leaving directory '/home/travis/build/icyphy/ptII/adm/gen-11.1/src/ptII11.1.devel/ptolemy/actor/ptalon/demo/GameOfLife'
making clean in ptolemy/actor/ptalon/demo/MapReduce
make[6]: Entering directory '/home/travis/build/icyphy/ptII/adm/gen-11.1/src/ptII11.1.devel/ptolemy/actor/ptalon/demo/MapReduce'
rm -rf *.o *.so *~ *.bak ,* LOG* *.class *.jstmp config.cache config.log config.status manifest.tmp  MapReduce.jar     MapReduce.jar LinkGraph0.red LinkGraph1.red LinkGraph2.red ReadTest0.red ReadTest1.red ReadTest2.red *.jar
rm -f core
make[6]: Leaving directory '/home/travis/build/icyphy/ptII/adm/gen-11.1/src/ptII11.1.devel/ptolemy/actor/ptalon/demo/MapReduce'
making clean in ptolemy/actor/ptalon/demo/ModelChange
make[6]: Entering directory '/home/travis/build/icyphy/ptII/adm/gen-11.1/src/ptII11.1.devel/ptolemy/actor/ptalon/demo/ModelChange'
rm -rf *.o *.so *~ *.bak ,* LOG* *.class *.jstmp config.cache config.log config.status manifest.tmp  ModelChange.jar     ModelChange.jar 
rm -f core
make[6]: Leaving directory '/home/travis/build/icyphy/ptII/adm/gen-11.1/src/ptII11.1.devel/ptolemy/actor/ptalon/demo/ModelChange'
making clean in ptolemy/actor/ptalon/demo/MultipleNodes
make[6]: Entering directory '/home/travis/build/icyphy/ptII/adm/gen-11.1/src/ptII11.1.devel/ptolemy/actor/ptalon/demo/MultipleNodes'
rm -rf *.o *.so *~ *.bak ,* LOG* *.class *.jstmp config.cache config.log config.status manifest.tmp  MultipleNodes.jar     MultipleNodes.jar 
rm -f core
make[6]: Leaving directory '/home/travis/build/icyphy/ptII/adm/gen-11.1/src/ptII11.1.devel/ptolemy/actor/ptalon/demo/MultipleNodes'
making clean in ptolemy/actor/ptalon/demo/SmallWorld
make[6]: Entering directory '/home/travis/build/icyphy/ptII/adm/gen-11.1/src/ptII11.1.devel/ptolemy/actor/ptalon/demo/SmallWorld'
rm -rf *.o *.so *~ *.bak ,* LOG* *.class *.jstmp config.cache config.log config.status manifest.tmp  SmallWorld.jar     SmallWorld.jar *.jar dataOut*.txt
rm -f core
make[6]: Leaving directory '/home/travis/build/icyphy/ptII/adm/gen-11.1/src/ptII11.1.devel/ptolemy/actor/ptalon/demo/SmallWorld'
making clean in ptolemy/actor/ptalon/demo/Unicycle
make[6]: Entering directory '/home/travis/build/icyphy/ptII/adm/gen-11.1/src/ptII11.1.devel/ptolemy/actor/ptalon/demo/Unicycle'
rm -rf *.o *.so *~ *.bak ,* LOG* *.class *.jstmp config.cache config.log config.status manifest.tmp  Unicycle.jar     Unicycle.jar *.jar
rm -f core
make[6]: Leaving directory '/home/travis/build/icyphy/ptII/adm/gen-11.1/src/ptII11.1.devel/ptolemy/actor/ptalon/demo/Unicycle'
making clean in ptolemy/actor/ptalon/demo/ptinyos
make[6]: Entering directory '/home/travis/build/icyphy/ptII/adm/gen-11.1/src/ptII11.1.devel/ptolemy/actor/ptalon/demo/ptinyos'
rm -rf *.o *.so *~ *.bak ,* LOG* *.class *.jstmp config.cache config.log config.status manifest.tmp    ptinyos.jar    
rm -f core
making clean in ptolemy/actor/ptalon/demo/ptinyos/SendAndReceiveCnt
make[7]: Entering directory '/home/travis/build/icyphy/ptII/adm/gen-11.1/src/ptII11.1.devel/ptolemy/actor/ptalon/demo/ptinyos/SendAndReceiveCnt'
rm -rf *.o *.so *~ *.bak ,* LOG* *.class *.jstmp config.cache config.log config.status manifest.tmp  SendAndReceiveCnt.jar     SendAndReceiveCnt.jar LinkGraph0.red LinkGraph1.red LinkGraph2.red ReadTest0.red ReadTest1.red ReadTest2.red 
rm -f core
make[7]: Leaving directory '/home/travis/build/icyphy/ptII/adm/gen-11.1/src/ptII11.1.devel/ptolemy/actor/ptalon/demo/ptinyos/SendAndReceiveCnt'
making clean in ptolemy/actor/ptalon/demo/ptinyos/SenseToLeds
make[7]: Entering directory '/home/travis/build/icyphy/ptII/adm/gen-11.1/src/ptII11.1.devel/ptolemy/actor/ptalon/demo/ptinyos/SenseToLeds'
rm -rf *.o *.so *~ *.bak ,* LOG* *.class *.jstmp config.cache config.log config.status manifest.tmp  SenseToLeds.jar     SenseToLeds.jar LinkGraph0.red LinkGraph1.red LinkGraph2.red ReadTest0.red ReadTest1.red ReadTest2.red 
rm -f core
make[7]: Leaving directory '/home/travis/build/icyphy/ptII/adm/gen-11.1/src/ptII11.1.devel/ptolemy/actor/ptalon/demo/ptinyos/SenseToLeds'
make[6]: Leaving directory '/home/travis/build/icyphy/ptII/adm/gen-11.1/src/ptII11.1.devel/ptolemy/actor/ptalon/demo/ptinyos'
make[5]: Leaving directory '/home/travis/build/icyphy/ptII/adm/gen-11.1/src/ptII11.1.devel/ptolemy/actor/ptalon/demo'
making clean in ptolemy/actor/ptalon/test
make[5]: Entering directory '/home/travis/build/icyphy/ptII/adm/gen-11.1/src/ptII11.1.devel/ptolemy/actor/ptalon/test'
rm -rf *.o *.so *~ *.bak ,* LOG* *.class *.jstmp config.cache config.log config.status manifest.tmp        Const.txt ReadFile1Output.txt
rm -f core
make[5]: Leaving directory '/home/travis/build/icyphy/ptII/adm/gen-11.1/src/ptII11.1.devel/ptolemy/actor/ptalon/test'
make[4]: Leaving directory '/home/travis/build/icyphy/ptII/adm/gen-11.1/src/ptII11.1.devel/ptolemy/actor/ptalon'
make[3]: Leaving directory '/home/travis/build/icyphy/ptII/adm/gen-11.1/src/ptII11.1.devel/ptolemy/actor'
making clean in ptolemy/gui
make[3]: Entering directory '/home/travis/build/icyphy/ptII/adm/gen-11.1/src/ptII11.1.devel/ptolemy/gui'
rm -rf *.o *.so *~ *.bak ,* LOG* *.class *.jstmp config.cache config.log config.status manifest.tmp BasicJApplet.class CancelException.class CloseListener.class ComponentDialog.class EditableParametersDialog.class ExtensionFilenameFilter.class GraphicalMessageHandler.class ImageExportable.class JFileChooserBugFix.class JTextAreaExec.class MacOSXAdapter.class MemoryCleaner.class MessageHandler.class PtFileChooser.class PtFilenameFilter.class PtGUIUtilities.class Query.class QueryChooser.class QueryChooserHelper.class QueryListener.class SettableQueryChooser.class ShellInterpreter.class ShellTextArea.class StatusBar.class Top.class UndeferredGraphicalMessageHandler.class UndoListener.class UserDialog.class gui.jar     gui.jar 
rm -f core
making clean in ptolemy/gui/demo
make[4]: Entering directory '/home/travis/build/icyphy/ptII/adm/gen-11.1/src/ptII11.1.devel/ptolemy/gui/demo'
rm -rf *.o *.so *~ *.bak ,* LOG* *.class *.jstmp config.cache config.log config.status manifest.tmp FileChooserQuery.class       
rm -f core
make[4]: Leaving directory '/home/travis/build/icyphy/ptII/adm/gen-11.1/src/ptII11.1.devel/ptolemy/gui/demo'
making clean in ptolemy/gui/test
make[4]: Entering directory '/home/travis/build/icyphy/ptII/adm/gen-11.1/src/ptII11.1.devel/ptolemy/gui/test'
rm -rf *.o *.so *~ *.bak ,* LOG* *.class *.jstmp config.cache config.log config.status manifest.tmp GraphicalMessageHandlerApplet.class TopTest.class       
rm -f core
make[4]: Leaving directory '/home/travis/build/icyphy/ptII/adm/gen-11.1/src/ptII11.1.devel/ptolemy/gui/test'
make[3]: Leaving directory '/home/travis/build/icyphy/ptII/adm/gen-11.1/src/ptII11.1.devel/ptolemy/gui'
making clean in ptolemy/media
make[3]: Entering directory '/home/travis/build/icyphy/ptII/adm/gen-11.1/src/ptII11.1.devel/ptolemy/media'
rm -rf *.o *.so *~ *.bak ,* LOG* *.class *.jstmp config.cache config.log config.status manifest.tmp Audio.class Picture.class   media.jar    
rm -f core
making clean in ptolemy/media/test
make[4]: Entering directory '/home/travis/build/icyphy/ptII/adm/gen-11.1/src/ptII11.1.devel/ptolemy/media/test'
rm -rf *.o *.so *~ *.bak ,* LOG* *.class *.jstmp config.cache config.log config.status manifest.tmp        tmp*.au
rm -f core
make[4]: Leaving directory '/home/travis/build/icyphy/ptII/adm/gen-11.1/src/ptII11.1.devel/ptolemy/media/test'
making clean in ptolemy/media/javasound
make[4]: Entering directory '/home/travis/build/icyphy/ptII/adm/gen-11.1/src/ptII11.1.devel/ptolemy/media/javasound'
rm -rf *.o *.so *~ *.bak ,* LOG* *.class *.jstmp config.cache config.log config.status manifest.tmp LiveSound.class LiveSoundCommon.class LiveSoundInterface.class LiveSoundJavaSE.class LiveSoundListener.class LiveSoundEvent.class SoundCapture.class SoundPlayback.class SoundReader.class SoundWriter.class javasound.jar     javasound.jar 
rm -f core
make[4]: Leaving directory '/home/travis/build/icyphy/ptII/adm/gen-11.1/src/ptII11.1.devel/ptolemy/media/javasound'
make[3]: Leaving directory '/home/travis/build/icyphy/ptII/adm/gen-11.1/src/ptII11.1.devel/ptolemy/media'
making clean in ptolemy/domains
make[3]: Entering directory '/home/travis/build/icyphy/ptII/adm/gen-11.1/src/ptII11.1.devel/ptolemy/domains'
rm -rf *.o *.so *~ *.bak ,* LOG* *.class *.jstmp config.cache config.log config.status manifest.tmp    domains.jar experimentalDomains.jar   
rm -f core
making clean in ptolemy/domains/algebraic
make[4]: Entering directory '/home/travis/build/icyphy/ptII/adm/gen-11.1/src/ptII11.1.devel/ptolemy/domains/algebraic'
rm -rf *.o *.so *~ *.bak ,* LOG* *.class *.jstmp config.cache config.log config.status manifest.tmp    algebraic.jar    
rm -f core
making clean in ptolemy/domains/algebraic/kernel
make[5]: Entering directory '/home/travis/build/icyphy/ptII/adm/gen-11.1/src/ptII11.1.devel/ptolemy/domains/algebraic/kernel'
rm -rf *.o *.so *~ *.bak ,* LOG* *.class *.jstmp config.cache config.log config.status manifest.tmp AlgebraicLoopDirector.class AlgebraicLoopReceiver.class AlgebraicLoopScheduler.class   kernel.jar    
rm -f core
make[5]: Leaving directory '/home/travis/build/icyphy/ptII/adm/gen-11.1/src/ptII11.1.devel/ptolemy/domains/algebraic/kernel'
making clean in ptolemy/domains/algebraic/demo
make[5]: Entering directory '/home/travis/build/icyphy/ptII/adm/gen-11.1/src/ptII11.1.devel/ptolemy/domains/algebraic/demo'
rm -rf *.o *.so *~ *.bak ,* LOG* *.class *.jstmp config.cache config.log config.status manifest.tmp    demo.jar    
rm -f core
making clean in ptolemy/domains/ptides/demo/HeaterOpenTank
make[6]: Entering directory '/home/travis/build/icyphy/ptII/adm/gen-11.1/src/ptII11.1.devel/ptolemy/domains/algebraic/demo/HeaterOpenTank'
rm -rf *.o *.so *~ *.bak ,* LOG* *.class *.jstmp config.cache config.log config.status manifest.tmp    HeaterOpenTank.jar    
rm -f core
make[6]: Leaving directory '/home/travis/build/icyphy/ptII/adm/gen-11.1/src/ptII11.1.devel/ptolemy/domains/algebraic/demo/HeaterOpenTank'
making clean in ptolemy/domains/ptides/demo/RLC
make[6]: Entering directory '/home/travis/build/icyphy/ptII/adm/gen-11.1/src/ptII11.1.devel/ptolemy/domains/algebraic/demo/RLC'
rm -rf *.o *.so *~ *.bak ,* LOG* *.class *.jstmp config.cache config.log config.status manifest.tmp    RLC.jar    
rm -f core
make[6]: Leaving directory '/home/travis/build/icyphy/ptII/adm/gen-11.1/src/ptII11.1.devel/ptolemy/domains/algebraic/demo/RLC'
make[5]: Leaving directory '/home/travis/build/icyphy/ptII/adm/gen-11.1/src/ptII11.1.devel/ptolemy/domains/algebraic/demo'
making clean in ptolemy/domains/algebraic/doc
make[5]: Entering directory '/home/travis/build/icyphy/ptII/adm/gen-11.1/src/ptII11.1.devel/ptolemy/domains/algebraic/doc'
rm -rf *.o *.so *~ *.bak ,* LOG* *.class *.jstmp config.cache config.log config.status manifest.tmp  doc.jar     doc.jar 
rm -f core
make[5]: Leaving directory '/home/travis/build/icyphy/ptII/adm/gen-11.1/src/ptII11.1.devel/ptolemy/domains/algebraic/doc'
making clean in ptolemy/domains/algebraic/test
make[5]: Entering directory '/home/travis/build/icyphy/ptII/adm/gen-11.1/src/ptII11.1.devel/ptolemy/domains/algebraic/test'
rm -rf *.o *.so *~ *.bak ,* LOG* *.class *.jstmp config.cache config.log config.status manifest.tmp        
rm -f core
make[5]: Leaving directory '/home/travis/build/icyphy/ptII/adm/gen-11.1/src/ptII11.1.devel/ptolemy/domains/algebraic/test'
make[4]: Leaving directory '/home/travis/build/icyphy/ptII/adm/gen-11.1/src/ptII11.1.devel/ptolemy/domains/algebraic'
making clean in ptolemy/domains/atc
make[4]: Entering directory '/home/travis/build/icyphy/ptII/adm/gen-11.1/src/ptII11.1.devel/ptolemy/domains/atc'
rm -rf *.o *.so *~ *.bak ,* LOG* *.class *.jstmp config.cache config.log config.status manifest.tmp    atc.jar    
rm -f core
making clean in ptolemy/domains/atc/kernel
make[5]: Entering directory '/home/travis/build/icyphy/ptII/adm/gen-11.1/src/ptII11.1.devel/ptolemy/domains/atc/kernel'
rm -rf *.o *.so *~ *.bak ,* LOG* *.class *.jstmp config.cache config.log config.status manifest.tmp AbstractATCDirector.class ATCReceiver.class Rejecting.class   kernel.jar    
rm -f core
making clean in ptolemy/domains/atc/kernel/policy1
make[6]: Entering directory '/home/travis/build/icyphy/ptII/adm/gen-11.1/src/ptII11.1.devel/ptolemy/domains/atc/kernel/policy1'
rm -rf *.o *.so *~ *.bak ,* LOG* *.class *.jstmp config.cache config.log config.status manifest.tmp ATCDirector.class policy1.jar     policy1.jar 
rm -f core
make[6]: Leaving directory '/home/travis/build/icyphy/ptII/adm/gen-11.1/src/ptII11.1.devel/ptolemy/domains/atc/kernel/policy1'
making clean in ptolemy/domains/atc/kernel/policy2
make[6]: Entering directory '/home/travis/build/icyphy/ptII/adm/gen-11.1/src/ptII11.1.devel/ptolemy/domains/atc/kernel/policy2'
rm -rf *.o *.so *~ *.bak ,* LOG* *.class *.jstmp config.cache config.log config.status manifest.tmp ATCDirector.class DijkstraAlgorithm.class Edge.class Vertex.class policy2.jar     policy2.jar 
rm -f core
make[6]: Leaving directory '/home/travis/build/icyphy/ptII/adm/gen-11.1/src/ptII11.1.devel/ptolemy/domains/atc/kernel/policy2'
make[5]: Leaving directory '/home/travis/build/icyphy/ptII/adm/gen-11.1/src/ptII11.1.devel/ptolemy/domains/atc/kernel'
making clean in ptolemy/domains/atc/lib
make[5]: Entering directory '/home/travis/build/icyphy/ptII/adm/gen-11.1/src/ptII11.1.devel/ptolemy/domains/atc/lib'
rm -rf *.o *.so *~ *.bak ,* LOG* *.class *.jstmp config.cache config.log config.status manifest.tmp Airport.class DestinationAirport.class StormHandling.class Track.class TrackWriter.class lib.jar     lib.jar 
rm -f core
make[5]: Leaving directory '/home/travis/build/icyphy/ptII/adm/gen-11.1/src/ptII11.1.devel/ptolemy/domains/atc/lib'
making clean in ptolemy/domains/atc/demo
make[5]: Entering directory '/home/travis/build/icyphy/ptII/adm/gen-11.1/src/ptII11.1.devel/ptolemy/domains/atc/demo'
rm -rf *.o *.so *~ *.bak ,* LOG* *.class *.jstmp config.cache config.log config.status manifest.tmp    demo.jar    
rm -f core
making clean in ptolemy/domains/atc/demo/FirstPolicy
make[6]: Entering directory '/home/travis/build/icyphy/ptII/adm/gen-11.1/src/ptII11.1.devel/ptolemy/domains/atc/demo/FirstPolicy'
rm -rf *.o *.so *~ *.bak ,* LOG* *.class *.jstmp config.cache config.log config.status manifest.tmp  FirstPolicy.jar     FirstPolicy.jar 
rm -f core
make[6]: Leaving directory '/home/travis/build/icyphy/ptII/adm/gen-11.1/src/ptII11.1.devel/ptolemy/domains/atc/demo/FirstPolicy'
making clean in ptolemy/domains/atc/demo/SecondPolicy
make[6]: Entering directory '/home/travis/build/icyphy/ptII/adm/gen-11.1/src/ptII11.1.devel/ptolemy/domains/atc/demo/SecondPolicy'
rm -rf *.o *.so *~ *.bak ,* LOG* *.class *.jstmp config.cache config.log config.status manifest.tmp  SecondPolicy.jar     SecondPolicy.jar 
rm -f core
make[6]: Leaving directory '/home/travis/build/icyphy/ptII/adm/gen-11.1/src/ptII11.1.devel/ptolemy/domains/atc/demo/SecondPolicy'
make[5]: Leaving directory '/home/travis/build/icyphy/ptII/adm/gen-11.1/src/ptII11.1.devel/ptolemy/domains/atc/demo'
making clean in ptolemy/domains/atc/test
make[5]: Entering directory '/home/travis/build/icyphy/ptII/adm/gen-11.1/src/ptII11.1.devel/ptolemy/domains/atc/test'
rm -rf *.o *.so *~ *.bak ,* LOG* *.class *.jstmp config.cache config.log config.status manifest.tmp        
rm -f core
make[5]: Leaving directory '/home/travis/build/icyphy/ptII/adm/gen-11.1/src/ptII11.1.devel/ptolemy/domains/atc/test'
make[4]: Leaving directory '/home/travis/build/icyphy/ptII/adm/gen-11.1/src/ptII11.1.devel/ptolemy/domains/atc'
making clean in ptolemy/domains/tcs
make[4]: Entering directory '/home/travis/build/icyphy/ptII/adm/gen-11.1/src/ptII11.1.devel/ptolemy/domains/tcs'
rm -rf *.o *.so *~ *.bak ,* LOG* *.class *.jstmp config.cache config.log config.status manifest.tmp    tcs.jar    
rm -f core
making clean in ptolemy/domains/tcs/kernel
make[5]: Entering directory '/home/travis/build/icyphy/ptII/adm/gen-11.1/src/ptII11.1.devel/ptolemy/domains/tcs/kernel'
rm -rf *.o *.so *~ *.bak ,* LOG* *.class *.jstmp config.cache config.log config.status manifest.tmp TCSDirector.class TCSReceiver.class Rejecting.class   kernel.jar    
rm -f core
make[5]: Leaving directory '/home/travis/build/icyphy/ptII/adm/gen-11.1/src/ptII11.1.devel/ptolemy/domains/tcs/kernel'
making clean in ptolemy/domains/tcs/lib
make[5]: Entering directory '/home/travis/build/icyphy/ptII/adm/gen-11.1/src/ptII11.1.devel/ptolemy/domains/tcs/lib'
rm -rf *.o *.so *~ *.bak ,* LOG* *.class *.jstmp config.cache config.log config.status manifest.tmp Track.class AbstractSourceStation.class AbstractStation.class AbstractTrack.class InverseSourceStation.class InverseStation.class InverseTrack.class SourceStation.class Station.class StationWriter.class lib.jar     lib.jar 
rm -f core
make[5]: Leaving directory '/home/travis/build/icyphy/ptII/adm/gen-11.1/src/ptII11.1.devel/ptolemy/domains/tcs/lib'
making clean in ptolemy/domains/tcs/demo
make[5]: Entering directory '/home/travis/build/icyphy/ptII/adm/gen-11.1/src/ptII11.1.devel/ptolemy/domains/tcs/demo'
rm -rf *.o *.so *~ *.bak ,* LOG* *.class *.jstmp config.cache config.log config.status manifest.tmp    demo.jar    
rm -f core
making clean in ptolemy/domains/tcs/demo/TCS
make[6]: Entering directory '/home/travis/build/icyphy/ptII/adm/gen-11.1/src/ptII11.1.devel/ptolemy/domains/tcs/demo/TCS'
rm -rf *.o *.so *~ *.bak ,* LOG* *.class *.jstmp config.cache config.log config.status manifest.tmp  TCS.jar     TCS.jar 
rm -f core
make[6]: Leaving directory '/home/travis/build/icyphy/ptII/adm/gen-11.1/src/ptII11.1.devel/ptolemy/domains/tcs/demo/TCS'
make[5]: Leaving directory '/home/travis/build/icyphy/ptII/adm/gen-11.1/src/ptII11.1.devel/ptolemy/domains/tcs/demo'
making clean in ptolemy/domains/tcs/test
make[5]: Entering directory '/home/travis/build/icyphy/ptII/adm/gen-11.1/src/ptII11.1.devel/ptolemy/domains/tcs/test'
rm -rf *.o *.so *~ *.bak ,* LOG* *.class *.jstmp config.cache config.log config.status manifest.tmp        
rm -f core
make[5]: Leaving directory '/home/travis/build/icyphy/ptII/adm/gen-11.1/src/ptII11.1.devel/ptolemy/domains/tcs/test'
make[4]: Leaving directory '/home/travis/build/icyphy/ptII/adm/gen-11.1/src/ptII11.1.devel/ptolemy/domains/tcs'
making clean in ptolemy/domains/ca
make[4]: Entering directory '/home/travis/build/icyphy/ptII/adm/gen-11.1/src/ptII11.1.devel/ptolemy/domains/ca'
rm -rf *.o *.so *~ *.bak ,* LOG* *.class *.jstmp config.cache config.log config.status manifest.tmp    ca.jar    
rm -f core
making clean in ptolemy/domains/ca/kernel
make[5]: Entering directory '/home/travis/build/icyphy/ptII/adm/gen-11.1/src/ptII11.1.devel/ptolemy/domains/ca/kernel'
rm -rf *.o *.so *~ *.bak ,* LOG* *.class *.jstmp config.cache config.log config.status manifest.tmp CADirector.class kernel.jar     kernel.jar 
rm -f core
make[5]: Leaving directory '/home/travis/build/icyphy/ptII/adm/gen-11.1/src/ptII11.1.devel/ptolemy/domains/ca/kernel'
making clean in ptolemy/domains/ca/lib
make[5]: Entering directory '/home/travis/build/icyphy/ptII/adm/gen-11.1/src/ptII11.1.devel/ptolemy/domains/ca/lib'
rm -rf *.o *.so *~ *.bak ,* LOG* *.class *.jstmp config.cache config.log config.status manifest.tmp CA2DConvolution.class   lib.jar    
rm -f core
making clean in ptolemy/domains/ca/lib/gui
make[6]: Entering directory '/home/travis/build/icyphy/ptII/adm/gen-11.1/src/ptII11.1.devel/ptolemy/domains/ca/lib/gui'
rm -rf *.o *.so *~ *.bak ,* LOG* *.class *.jstmp config.cache config.log config.status manifest.tmp CATableau.class CAViewer.class gui.jar     gui.jar 
rm -f core
make[6]: Leaving directory '/home/travis/build/icyphy/ptII/adm/gen-11.1/src/ptII11.1.devel/ptolemy/domains/ca/lib/gui'
make[5]: Leaving directory '/home/travis/build/icyphy/ptII/adm/gen-11.1/src/ptII11.1.devel/ptolemy/domains/ca/lib'
making clean in ptolemy/domains/ca/demo
make[5]: Entering directory '/home/travis/build/icyphy/ptII/adm/gen-11.1/src/ptII11.1.devel/ptolemy/domains/ca/demo'
rm -rf *.o *.so *~ *.bak ,* LOG* *.class *.jstmp config.cache config.log config.status manifest.tmp    demo.jar    
rm -f core
making clean in ptolemy/domains/ca/demo/Conway
make[6]: Entering directory '/home/travis/build/icyphy/ptII/adm/gen-11.1/src/ptII11.1.devel/ptolemy/domains/ca/demo/Conway'
rm -rf *.o *.so *~ *.bak ,* LOG* *.class *.jstmp config.cache config.log config.status manifest.tmp  Conway.jar     Conway.jar 
rm -f core
make[6]: Leaving directory '/home/travis/build/icyphy/ptII/adm/gen-11.1/src/ptII11.1.devel/ptolemy/domains/ca/demo/Conway'
making clean in ptolemy/domains/ca/demo/ConwayRandom
make[6]: Entering directory '/home/travis/build/icyphy/ptII/adm/gen-11.1/src/ptII11.1.devel/ptolemy/domains/ca/demo/ConwayRandom'
rm -rf *.o *.so *~ *.bak ,* LOG* *.class *.jstmp config.cache config.log config.status manifest.tmp  ConwayRandom.jar     ConwayRandom.jar 
rm -f core
make[6]: Leaving directory '/home/travis/build/icyphy/ptII/adm/gen-11.1/src/ptII11.1.devel/ptolemy/domains/ca/demo/ConwayRandom'
make[5]: Leaving directory '/home/travis/build/icyphy/ptII/adm/gen-11.1/src/ptII11.1.devel/ptolemy/domains/ca/demo'
making clean in ptolemy/domains/ca/doc
make[5]: Entering directory '/home/travis/build/icyphy/ptII/adm/gen-11.1/src/ptII11.1.devel/ptolemy/domains/ca/doc'
rm -rf *.o *.so *~ *.bak ,* LOG* *.class *.jstmp config.cache config.log config.status manifest.tmp  doc.jar     doc.jar 
rm -f core
make[5]: Leaving directory '/home/travis/build/icyphy/ptII/adm/gen-11.1/src/ptII11.1.devel/ptolemy/domains/ca/doc'
making clean in ptolemy/domains/ca/test
make[5]: Entering directory '/home/travis/build/icyphy/ptII/adm/gen-11.1/src/ptII11.1.devel/ptolemy/domains/ca/test'
rm -rf *.o *.so *~ *.bak ,* LOG* *.class *.jstmp config.cache config.log config.status manifest.tmp        
rm -f core
make[5]: Leaving directory '/home/travis/build/icyphy/ptII/adm/gen-11.1/src/ptII11.1.devel/ptolemy/domains/ca/test'
make[4]: Leaving directory '/home/travis/build/icyphy/ptII/adm/gen-11.1/src/ptII11.1.devel/ptolemy/domains/ca'
making clean in ptolemy/domains/ci
make[4]: Entering directory '/home/travis/build/icyphy/ptII/adm/gen-11.1/src/ptII11.1.devel/ptolemy/domains/ci'
rm -rf *.o *.so *~ *.bak ,* LOG* *.class *.jstmp config.cache config.log config.status manifest.tmp    ci.jar    
rm -f core
making clean in ptolemy/domains/ci/kernel
make[5]: Entering directory '/home/travis/build/icyphy/ptII/adm/gen-11.1/src/ptII11.1.devel/ptolemy/domains/ci/kernel'
rm -rf *.o *.so *~ *.bak ,* LOG* *.class *.jstmp config.cache config.log config.status manifest.tmp ActiveActorManager.class CIDirector.class CIReceiver.class CIActor.class kernel.jar     kernel.jar 
rm -f core
making clean in ptolemy/domains/ci/kernel/test
make[6]: Entering directory '/home/travis/build/icyphy/ptII/adm/gen-11.1/src/ptII11.1.devel/ptolemy/domains/ci/kernel/test'
rm -rf *.o *.so *~ *.bak ,* LOG* *.class *.jstmp config.cache config.log config.status manifest.tmp        
rm -f core
make[6]: Leaving directory '/home/travis/build/icyphy/ptII/adm/gen-11.1/src/ptII11.1.devel/ptolemy/domains/ci/kernel/test'
make[5]: Leaving directory '/home/travis/build/icyphy/ptII/adm/gen-11.1/src/ptII11.1.devel/ptolemy/domains/ci/kernel'
making clean in ptolemy/domains/ci/lib
make[5]: Entering directory '/home/travis/build/icyphy/ptII/adm/gen-11.1/src/ptII11.1.devel/ptolemy/domains/ci/lib'
rm -rf *.o *.so *~ *.bak ,* LOG* *.class *.jstmp config.cache config.log config.status manifest.tmp BackDropQueue.class BinarySwitch.class FrontDropQueue.class Queue.class lib.jar     lib.jar 
rm -f core
make[5]: Leaving directory '/home/travis/build/icyphy/ptII/adm/gen-11.1/src/ptII11.1.devel/ptolemy/domains/ci/lib'
making clean in ptolemy/domains/ci/doc
make[5]: Entering directory '/home/travis/build/icyphy/ptII/adm/gen-11.1/src/ptII11.1.devel/ptolemy/domains/ci/doc'
rm -rf *.o *.so *~ *.bak ,* LOG* *.class *.jstmp config.cache config.log config.status manifest.tmp  doc.jar     doc.jar 
rm -f core
make[5]: Leaving directory '/home/travis/build/icyphy/ptII/adm/gen-11.1/src/ptII11.1.devel/ptolemy/domains/ci/doc'
making clean in ptolemy/domains/ci/demo
make[5]: Entering directory '/home/travis/build/icyphy/ptII/adm/gen-11.1/src/ptII11.1.devel/ptolemy/domains/ci/demo'
rm -rf *.o *.so *~ *.bak ,* LOG* *.class *.jstmp config.cache config.log config.status manifest.tmp    demo.jar    
rm -f core
making clean in ptolemy/domains/ci/demo/Router
make[6]: Entering directory '/home/travis/build/icyphy/ptII/adm/gen-11.1/src/ptII11.1.devel/ptolemy/domains/ci/demo/Router'
rm -rf *.o *.so *~ *.bak ,* LOG* *.class *.jstmp config.cache config.log config.status manifest.tmp QueueControl.class Router.jar     Router.jar 
rm -f core
make[6]: Leaving directory '/home/travis/build/icyphy/ptII/adm/gen-11.1/src/ptII11.1.devel/ptolemy/domains/ci/demo/Router'
make[5]: Leaving directory '/home/travis/build/icyphy/ptII/adm/gen-11.1/src/ptII11.1.devel/ptolemy/domains/ci/demo'
make[4]: Leaving directory '/home/travis/build/icyphy/ptII/adm/gen-11.1/src/ptII11.1.devel/ptolemy/domains/ci'
making clean in ptolemy/domains/continuous
make[4]: Entering directory '/home/travis/build/icyphy/ptII/adm/gen-11.1/src/ptII11.1.devel/ptolemy/domains/continuous'
rm -rf *.o *.so *~ *.bak ,* LOG* *.class *.jstmp config.cache config.log config.status manifest.tmp    continuous.jar    
rm -f core
making clean in ptolemy/domains/continuous/kernel
make[5]: Entering directory '/home/travis/build/icyphy/ptII/adm/gen-11.1/src/ptII11.1.devel/ptolemy/domains/continuous/kernel'
rm -rf *.o *.so *~ *.bak ,* LOG* *.class *.jstmp config.cache config.log config.status manifest.tmp ContinuousDirector.class ContinuousIntegrator.class ContinuousODESolver.class ContinuousScheduler.class HybridModalDirector.class Noise.class   kernel.jar    
rm -f core
making clean in ptolemy/domains/continuous/kernel/solver
make[6]: Entering directory '/home/travis/build/icyphy/ptII/adm/gen-11.1/src/ptII11.1.devel/ptolemy/domains/continuous/kernel/solver'
rm -rf *.o *.so *~ *.bak ,* LOG* *.class *.jstmp config.cache config.log config.status manifest.tmp ExplicitRK23Solver.class ExplicitRK45Solver.class solver.jar     solver.jar 
rm -f core
make[6]: Leaving directory '/home/travis/build/icyphy/ptII/adm/gen-11.1/src/ptII11.1.devel/ptolemy/domains/continuous/kernel/solver'
make[5]: Leaving directory '/home/travis/build/icyphy/ptII/adm/gen-11.1/src/ptII11.1.devel/ptolemy/domains/continuous/kernel'
making clean in ptolemy/domains/continuous/lib
make[5]: Entering directory '/home/travis/build/icyphy/ptII/adm/gen-11.1/src/ptII11.1.devel/ptolemy/domains/continuous/lib'
rm -rf *.o *.so *~ *.bak ,* LOG* *.class *.jstmp config.cache config.log config.status manifest.tmp BandlimitedNoise.class Derivative.class DifferentialSystem.class DiscreteClock.class EventSource.class Integrator.class LevelCrossingDetector.class LinearStateSpace.class ContinuousMerge.class ContinuousTimeDelay.class ContinuousTransferFunction.class Noise.class PeriodicSampler.class Waveform.class ZeroOrderHold.class lib.jar     lib.jar 
rm -f core
making clean in ptolemy/domains/continuous/lib/test
make[6]: Entering directory '/home/travis/build/icyphy/ptII/adm/gen-11.1/src/ptII11.1.devel/ptolemy/domains/continuous/lib/test'
rm -rf *.o *.so *~ *.bak ,* LOG* *.class *.jstmp config.cache config.log config.status manifest.tmp        
rm -f core
make[6]: Leaving directory '/home/travis/build/icyphy/ptII/adm/gen-11.1/src/ptII11.1.devel/ptolemy/domains/continuous/lib/test'
make[5]: Leaving directory '/home/travis/build/icyphy/ptII/adm/gen-11.1/src/ptII11.1.devel/ptolemy/domains/continuous/lib'
making clean in ptolemy/domains/continuous/demo
make[5]: Entering directory '/home/travis/build/icyphy/ptII/adm/gen-11.1/src/ptII11.1.devel/ptolemy/domains/continuous/demo'
rm -rf *.o *.so *~ *.bak ,* LOG* *.class *.jstmp config.cache config.log config.status manifest.tmp    demo.jar    
rm -f core
making clean in ptolemy/domains/continuous/demo/BouncingBall
make[6]: Entering directory '/home/travis/build/icyphy/ptII/adm/gen-11.1/src/ptII11.1.devel/ptolemy/domains/continuous/demo/BouncingBall'
rm -rf *.o *.so *~ *.bak ,* LOG* *.class *.jstmp config.cache config.log config.status manifest.tmp  BouncingBall.jar     BouncingBall.jar *.jar
rm -f core
make[6]: Leaving directory '/home/travis/build/icyphy/ptII/adm/gen-11.1/src/ptII11.1.devel/ptolemy/domains/continuous/demo/BouncingBall'
making clean in ptolemy/domains/continuous/demo/Brownian
make[6]: Entering directory '/home/travis/build/icyphy/ptII/adm/gen-11.1/src/ptII11.1.devel/ptolemy/domains/continuous/demo/Brownian'
rm -rf *.o *.so *~ *.bak ,* LOG* *.class *.jstmp config.cache config.log config.status manifest.tmp  Brownian.jar     Brownian.jar *.jar
rm -f core
make[6]: Leaving directory '/home/travis/build/icyphy/ptII/adm/gen-11.1/src/ptII11.1.devel/ptolemy/domains/continuous/demo/Brownian'
making clean in ptolemy/domains/continuous/demo/CarTracking
make[6]: Entering directory '/home/travis/build/icyphy/ptII/adm/gen-11.1/src/ptII11.1.devel/ptolemy/domains/continuous/demo/CarTracking'
rm -rf *.o *.so *~ *.bak ,* LOG* *.class *.jstmp config.cache config.log config.status manifest.tmp  CarTracking.jar     CarTracking.jar 
rm -f core
make[6]: Leaving directory '/home/travis/build/icyphy/ptII/adm/gen-11.1/src/ptII11.1.devel/ptolemy/domains/continuous/demo/CarTracking'
making clean in ptolemy/domains/continuous/demo/CartPendulum
make[6]: Entering directory '/home/travis/build/icyphy/ptII/adm/gen-11.1/src/ptII11.1.devel/ptolemy/domains/continuous/demo/CartPendulum'
rm -rf *.o *.so *~ *.bak ,* LOG* *.class *.jstmp config.cache config.log config.status manifest.tmp  CartPendulum.jar     CartPendulum.jar 
rm -f core
make[6]: Leaving directory '/home/travis/build/icyphy/ptII/adm/gen-11.1/src/ptII11.1.devel/ptolemy/domains/continuous/demo/CartPendulum'
making clean in ptolemy/domains/continuous/demo/ComparedClocks
make[6]: Entering directory '/home/travis/build/icyphy/ptII/adm/gen-11.1/src/ptII11.1.devel/ptolemy/domains/continuous/demo/ComparedClocks'
rm -rf *.o *.so *~ *.bak ,* LOG* *.class *.jstmp config.cache config.log config.status manifest.tmp  ComparedClocks.jar     ComparedClocks.jar *.jar
rm -f core
make[6]: Leaving directory '/home/travis/build/icyphy/ptII/adm/gen-11.1/src/ptII11.1.devel/ptolemy/domains/continuous/demo/ComparedClocks'
making clean in ptolemy/domains/continuous/demo/ContinuousInsideDE
make[6]: Entering directory '/home/travis/build/icyphy/ptII/adm/gen-11.1/src/ptII11.1.devel/ptolemy/domains/continuous/demo/ContinuousInsideDE'
rm -rf *.o *.so *~ *.bak ,* LOG* *.class *.jstmp config.cache config.log config.status manifest.tmp  ContinuousInsideDE.jar     ContinuousInsideDE.jar 
rm -f core
make[6]: Leaving directory '/home/travis/build/icyphy/ptII/adm/gen-11.1/src/ptII11.1.devel/ptolemy/domains/continuous/demo/ContinuousInsideDE'
making clean in ptolemy/domains/continuous/demo/DCMotor
make[6]: Entering directory '/home/travis/build/icyphy/ptII/adm/gen-11.1/src/ptII11.1.devel/ptolemy/domains/continuous/demo/DCMotor'
rm -rf *.o *.so *~ *.bak ,* LOG* *.class *.jstmp config.cache config.log config.status manifest.tmp  DCMotor.jar     DCMotor.jar *.jar
rm -f core
make[6]: Leaving directory '/home/travis/build/icyphy/ptII/adm/gen-11.1/src/ptII11.1.devel/ptolemy/domains/continuous/demo/DCMotor'
making clean in ptolemy/domains/continuous/demo/Derivative
make[6]: Entering directory '/home/travis/build/icyphy/ptII/adm/gen-11.1/src/ptII11.1.devel/ptolemy/domains/continuous/demo/Derivative'
rm -rf *.o *.so *~ *.bak ,* LOG* *.class *.jstmp config.cache config.log config.status manifest.tmp  Derivative.jar     Derivative.jar 
rm -f core
make[6]: Leaving directory '/home/travis/build/icyphy/ptII/adm/gen-11.1/src/ptII11.1.devel/ptolemy/domains/continuous/demo/Derivative'
making clean in ptolemy/domains/continuous/demo/Friction
make[6]: Entering directory '/home/travis/build/icyphy/ptII/adm/gen-11.1/src/ptII11.1.devel/ptolemy/domains/continuous/demo/Friction'
rm -rf *.o *.so *~ *.bak ,* LOG* *.class *.jstmp config.cache config.log config.status manifest.tmp  Friction.jar     Friction.jar 
rm -f core
make[6]: Leaving directory '/home/travis/build/icyphy/ptII/adm/gen-11.1/src/ptII11.1.devel/ptolemy/domains/continuous/demo/Friction'
making clean in ptolemy/domains/continuous/demo/FurutaPendulum
make[6]: Entering directory '/home/travis/build/icyphy/ptII/adm/gen-11.1/src/ptII11.1.devel/ptolemy/domains/continuous/demo/FurutaPendulum'
rm -rf *.o *.so *~ *.bak ,* LOG* *.class *.jstmp config.cache config.log config.status manifest.tmp  FurutaPendulum.jar     FurutaPendulum.jar 
rm -f core
make[6]: Leaving directory '/home/travis/build/icyphy/ptII/adm/gen-11.1/src/ptII11.1.devel/ptolemy/domains/continuous/demo/FurutaPendulum'
making clean in ptolemy/domains/continuous/demo/HierarchicalExecution
make[6]: Entering directory '/home/travis/build/icyphy/ptII/adm/gen-11.1/src/ptII11.1.devel/ptolemy/domains/continuous/demo/HierarchicalExecution'
rm -rf *.o *.so *~ *.bak ,* LOG* *.class *.jstmp config.cache config.log config.status manifest.tmp  HierarchicalExecution.jar     HierarchicalExecution.jar *.jar
rm -f core
make[6]: Leaving directory '/home/travis/build/icyphy/ptII/adm/gen-11.1/src/ptII11.1.devel/ptolemy/domains/continuous/demo/HierarchicalExecution'
making clean in ptolemy/domains/continuous/demo/HybridPlant
make[6]: Entering directory '/home/travis/build/icyphy/ptII/adm/gen-11.1/src/ptII11.1.devel/ptolemy/domains/continuous/demo/HybridPlant'
rm -rf *.o *.so *~ *.bak ,* LOG* *.class *.jstmp config.cache config.log config.status manifest.tmp  HybridPlant.jar     HybridPlant.jar *.jar
rm -f core
make[6]: Leaving directory '/home/travis/build/icyphy/ptII/adm/gen-11.1/src/ptII11.1.devel/ptolemy/domains/continuous/demo/HybridPlant'
making clean in ptolemy/domains/continuous/demo/Hysteresis
make[6]: Entering directory '/home/travis/build/icyphy/ptII/adm/gen-11.1/src/ptII11.1.devel/ptolemy/domains/continuous/demo/Hysteresis'
rm -rf *.o *.so *~ *.bak ,* LOG* *.class *.jstmp config.cache config.log config.status manifest.tmp  Hysteresis.jar     Hysteresis.jar *.jar
rm -f core
make[6]: Leaving directory '/home/travis/build/icyphy/ptII/adm/gen-11.1/src/ptII11.1.devel/ptolemy/domains/continuous/demo/Hysteresis'
making clean in ptolemy/domains/continuous/demo/LevelCrossingDetector
make[6]: Entering directory '/home/travis/build/icyphy/ptII/adm/gen-11.1/src/ptII11.1.devel/ptolemy/domains/continuous/demo/LevelCrossingDetector'
rm -rf *.o *.so *~ *.bak ,* LOG* *.class *.jstmp config.cache config.log config.status manifest.tmp  LevelCrossingDetector.jar     LevelCrossingDetector.jar 
rm -f core
make[6]: Leaving directory '/home/travis/build/icyphy/ptII/adm/gen-11.1/src/ptII11.1.devel/ptolemy/domains/continuous/demo/LevelCrossingDetector'
making clean in ptolemy/domains/continuous/demo/LevelCrossingDetectorDetectsGlitches
make[6]: Entering directory '/home/travis/build/icyphy/ptII/adm/gen-11.1/src/ptII11.1.devel/ptolemy/domains/continuous/demo/LevelCrossingDetectorDetectsGlitches'
rm -rf *.o *.so *~ *.bak ,* LOG* *.class *.jstmp config.cache config.log config.status manifest.tmp  LevelCrossingDetectorDetectsGlitches.jar     LevelCrossingDetectorDetectsGlitches.jar 
rm -f core
make[6]: Leaving directory '/home/travis/build/icyphy/ptII/adm/gen-11.1/src/ptII11.1.devel/ptolemy/domains/continuous/demo/LevelCrossingDetectorDetectsGlitches'
making clean in ptolemy/domains/continuous/demo/Lorenz
make[6]: Entering directory '/home/travis/build/icyphy/ptII/adm/gen-11.1/src/ptII11.1.devel/ptolemy/domains/continuous/demo/Lorenz'
rm -rf *.o *.so *~ *.bak ,* LOG* *.class *.jstmp config.cache config.log config.status manifest.tmp  Lorenz.jar     Lorenz.jar 
rm -f core
make[6]: Leaving directory '/home/travis/build/icyphy/ptII/adm/gen-11.1/src/ptII11.1.devel/ptolemy/domains/continuous/demo/Lorenz'
making clean in ptolemy/domains/continuous/demo/NewtonsCradle
make[6]: Entering directory '/home/travis/build/icyphy/ptII/adm/gen-11.1/src/ptII11.1.devel/ptolemy/domains/continuous/demo/NewtonsCradle'
rm -rf *.o *.so *~ *.bak ,* LOG* *.class *.jstmp config.cache config.log config.status manifest.tmp  NewtonsCradle.jar     NewtonsCradle.jar 
rm -f core
make[6]: Leaving directory '/home/travis/build/icyphy/ptII/adm/gen-11.1/src/ptII11.1.devel/ptolemy/domains/continuous/demo/NewtonsCradle'
making clean in ptolemy/domains/continuous/demo/Noise
make[6]: Entering directory '/home/travis/build/icyphy/ptII/adm/gen-11.1/src/ptII11.1.devel/ptolemy/domains/continuous/demo/Noise'
rm -rf *.o *.so *~ *.bak ,* LOG* *.class *.jstmp config.cache config.log config.status manifest.tmp  Noise.jar     Noise.jar *.jar
rm -f core
make[6]: Leaving directory '/home/travis/build/icyphy/ptII/adm/gen-11.1/src/ptII11.1.devel/ptolemy/domains/continuous/demo/Noise'
making clean in ptolemy/domains/continuous/demo/Poisson
make[6]: Entering directory '/home/travis/build/icyphy/ptII/adm/gen-11.1/src/ptII11.1.devel/ptolemy/domains/continuous/demo/Poisson'
rm -rf *.o *.so *~ *.bak ,* LOG* *.class *.jstmp config.cache config.log config.status manifest.tmp  Poisson.jar     Poisson.jar *.jar
rm -f core
make[6]: Leaving directory '/home/travis/build/icyphy/ptII/adm/gen-11.1/src/ptII11.1.devel/ptolemy/domains/continuous/demo/Poisson'
making clean in ptolemy/domains/continuous/demo/Pendulum3D
make[6]: Entering directory '/home/travis/build/icyphy/ptII/adm/gen-11.1/src/ptII11.1.devel/ptolemy/domains/continuous/demo/Pendulum3D'
rm -rf *.o *.so *~ *.bak ,* LOG* *.class *.jstmp config.cache config.log config.status manifest.tmp  Pendulum3D.jar     Pendulum3D.jar *.jar
rm -f core
make[6]: Leaving directory '/home/travis/build/icyphy/ptII/adm/gen-11.1/src/ptII11.1.devel/ptolemy/domains/continuous/demo/Pendulum3D'
making clean in ptolemy/domains/continuous/demo/SampledClocks
make[6]: Entering directory '/home/travis/build/icyphy/ptII/adm/gen-11.1/src/ptII11.1.devel/ptolemy/domains/continuous/demo/SampledClocks'
rm -rf *.o *.so *~ *.bak ,* LOG* *.class *.jstmp config.cache config.log config.status manifest.tmp  SampledClocks.jar     SampledClocks.jar *.jar
rm -f core
make[6]: Leaving directory '/home/travis/build/icyphy/ptII/adm/gen-11.1/src/ptII11.1.devel/ptolemy/domains/continuous/demo/SampledClocks'
making clean in ptolemy/domains/continuous/demo/Satellite
make[6]: Entering directory '/home/travis/build/icyphy/ptII/adm/gen-11.1/src/ptII11.1.devel/ptolemy/domains/continuous/demo/Satellite'
rm -rf *.o *.so *~ *.bak ,* LOG* *.class *.jstmp config.cache config.log config.status manifest.tmp  Satellite.jar     Satellite.jar *.jar
rm -f core
make[6]: Leaving directory '/home/travis/build/icyphy/ptII/adm/gen-11.1/src/ptII11.1.devel/ptolemy/domains/continuous/demo/Satellite'
making clean in ptolemy/domains/continuous/demo/SigmaDelta
make[6]: Entering directory '/home/travis/build/icyphy/ptII/adm/gen-11.1/src/ptII11.1.devel/ptolemy/domains/continuous/demo/SigmaDelta'
rm -rf *.o *.so *~ *.bak ,* LOG* *.class *.jstmp config.cache config.log config.status manifest.tmp  SigmaDelta.jar     SigmaDelta.jar *.jar
rm -f core
make[6]: Leaving directory '/home/travis/build/icyphy/ptII/adm/gen-11.1/src/ptII11.1.devel/ptolemy/domains/continuous/demo/SigmaDelta'
making clean in ptolemy/domains/continuous/demo/SinuBouncingBall
make[6]: Entering directory '/home/travis/build/icyphy/ptII/adm/gen-11.1/src/ptII11.1.devel/ptolemy/domains/continuous/demo/SinuBouncingBall'
rm -rf *.o *.so *~ *.bak ,* LOG* *.class *.jstmp config.cache config.log config.status manifest.tmp  SinuBouncingBall.jar     SinuBouncingBall.jar *.jar
rm -f core
make[6]: Leaving directory '/home/travis/build/icyphy/ptII/adm/gen-11.1/src/ptII11.1.devel/ptolemy/domains/continuous/demo/SinuBouncingBall'
making clean in ptolemy/domains/continuous/demo/Sinusoid
make[6]: Entering directory '/home/travis/build/icyphy/ptII/adm/gen-11.1/src/ptII11.1.devel/ptolemy/domains/continuous/demo/Sinusoid'
rm -rf *.o *.so *~ *.bak ,* LOG* *.class *.jstmp config.cache config.log config.status manifest.tmp  Sinusoid.jar     Sinusoid.jar 
rm -f core
make[6]: Leaving directory '/home/travis/build/icyphy/ptII/adm/gen-11.1/src/ptII11.1.devel/ptolemy/domains/continuous/demo/Sinusoid'
making clean in ptolemy/domains/continuous/demo/SquareWave
make[6]: Entering directory '/home/travis/build/icyphy/ptII/adm/gen-11.1/src/ptII11.1.devel/ptolemy/domains/continuous/demo/SquareWave'
rm -rf *.o *.so *~ *.bak ,* LOG* *.class *.jstmp config.cache config.log config.status manifest.tmp  SquareWave.jar     SquareWave.jar *.jar
rm -f core
make[6]: Leaving directory '/home/travis/build/icyphy/ptII/adm/gen-11.1/src/ptII11.1.devel/ptolemy/domains/continuous/demo/SquareWave'
making clean in ptolemy/domains/continuous/demo/Starmac
make[6]: Entering directory '/home/travis/build/icyphy/ptII/adm/gen-11.1/src/ptII11.1.devel/ptolemy/domains/continuous/demo/Starmac'
rm -rf *.o *.so *~ *.bak ,* LOG* *.class *.jstmp config.cache config.log config.status manifest.tmp  Starmac.jar     Starmac.jar *.jar
rm -f core
make[6]: Leaving directory '/home/travis/build/icyphy/ptII/adm/gen-11.1/src/ptII11.1.devel/ptolemy/domains/continuous/demo/Starmac'
making clean in ptolemy/domains/continuous/demo/StickyMasses
make[6]: Entering directory '/home/travis/build/icyphy/ptII/adm/gen-11.1/src/ptII11.1.devel/ptolemy/domains/continuous/demo/StickyMasses'
rm -rf *.o *.so *~ *.bak ,* LOG* *.class *.jstmp config.cache config.log config.status manifest.tmp  StickyMasses.jar     StickyMasses.jar *.jar
rm -f core
make[6]: Leaving directory '/home/travis/build/icyphy/ptII/adm/gen-11.1/src/ptII11.1.devel/ptolemy/domains/continuous/demo/StickyMasses'
making clean in ptolemy/domains/continuous/demo/Switch
make[6]: Entering directory '/home/travis/build/icyphy/ptII/adm/gen-11.1/src/ptII11.1.devel/ptolemy/domains/continuous/demo/Switch'
rm -rf *.o *.so *~ *.bak ,* LOG* *.class *.jstmp config.cache config.log config.status manifest.tmp  Switch.jar     Switch.jar 
rm -f core
make[6]: Leaving directory '/home/travis/build/icyphy/ptII/adm/gen-11.1/src/ptII11.1.devel/ptolemy/domains/continuous/demo/Switch'
making clean in ptolemy/domains/continuous/demo/Thermostat
make[6]: Entering directory '/home/travis/build/icyphy/ptII/adm/gen-11.1/src/ptII11.1.devel/ptolemy/domains/continuous/demo/Thermostat'
rm -rf *.o *.so *~ *.bak ,* LOG* *.class *.jstmp config.cache config.log config.status manifest.tmp  Thermostat.jar     Thermostat.jar *.jar
rm -f core
make[6]: Leaving directory '/home/travis/build/icyphy/ptII/adm/gen-11.1/src/ptII11.1.devel/ptolemy/domains/continuous/demo/Thermostat'
making clean in ptolemy/domains/continuous/demo/Transmission
make[6]: Entering directory '/home/travis/build/icyphy/ptII/adm/gen-11.1/src/ptII11.1.devel/ptolemy/domains/continuous/demo/Transmission'
rm -rf *.o *.so *~ *.bak ,* LOG* *.class *.jstmp config.cache config.log config.status manifest.tmp  Transmission.jar     Transmission.jar *.jar
rm -f core
make[6]: Leaving directory '/home/travis/build/icyphy/ptII/adm/gen-11.1/src/ptII11.1.devel/ptolemy/domains/continuous/demo/Transmission'
making clean in ptolemy/domains/continuous/demo/TwoMachineInfiniteBusControl
make[6]: Entering directory '/home/travis/build/icyphy/ptII/adm/gen-11.1/src/ptII11.1.devel/ptolemy/domains/continuous/demo/TwoMachineInfiniteBusControl'
rm -rf *.o *.so *~ *.bak ,* LOG* *.class *.jstmp config.cache config.log config.status manifest.tmp  TwoMachineInfiniteBusControl.jar     TwoMachineInfiniteBusControl.jar *.jar
rm -f core
make[6]: Leaving directory '/home/travis/build/icyphy/ptII/adm/gen-11.1/src/ptII11.1.devel/ptolemy/domains/continuous/demo/TwoMachineInfiniteBusControl'
making clean in ptolemy/domains/continuous/demo/V2V
make[6]: Entering directory '/home/travis/build/icyphy/ptII/adm/gen-11.1/src/ptII11.1.devel/ptolemy/domains/continuous/demo/V2V'
rm -rf *.o *.so *~ *.bak ,* LOG* *.class *.jstmp config.cache config.log config.status manifest.tmp  V2V.jar     V2V.jar *.jar
rm -f core
make[6]: Leaving directory '/home/travis/build/icyphy/ptII/adm/gen-11.1/src/ptII11.1.devel/ptolemy/domains/continuous/demo/V2V'
make[5]: Leaving directory '/home/travis/build/icyphy/ptII/adm/gen-11.1/src/ptII11.1.devel/ptolemy/domains/continuous/demo'
making clean in ptolemy/domains/continuous/doc
make[5]: Entering directory '/home/travis/build/icyphy/ptII/adm/gen-11.1/src/ptII11.1.devel/ptolemy/domains/continuous/doc'
rm -rf *.o *.so *~ *.bak ,* LOG* *.class *.jstmp config.cache config.log config.status manifest.tmp  doc.jar     doc.jar 
rm -f core
make[5]: Leaving directory '/home/travis/build/icyphy/ptII/adm/gen-11.1/src/ptII11.1.devel/ptolemy/domains/continuous/doc'
making clean in ptolemy/domains/continuous/test
make[5]: Entering directory '/home/travis/build/icyphy/ptII/adm/gen-11.1/src/ptII11.1.devel/ptolemy/domains/continuous/test'
rm -rf *.o *.so *~ *.bak ,* LOG* *.class *.jstmp config.cache config.log config.status manifest.tmp        
rm -f core
make[5]: Leaving directory '/home/travis/build/icyphy/ptII/adm/gen-11.1/src/ptII11.1.devel/ptolemy/domains/continuous/test'
make[4]: Leaving directory '/home/travis/build/icyphy/ptII/adm/gen-11.1/src/ptII11.1.devel/ptolemy/domains/continuous'
making clean in ptolemy/domains/csp
make[4]: Entering directory '/home/travis/build/icyphy/ptII/adm/gen-11.1/src/ptII11.1.devel/ptolemy/domains/csp'
rm -rf *.o *.so *~ *.bak ,* LOG* *.class *.jstmp config.cache config.log config.status manifest.tmp    csp.jar    
rm -f core
making clean in ptolemy/domains/csp/kernel
make[5]: Entering directory '/home/travis/build/icyphy/ptII/adm/gen-11.1/src/ptII11.1.devel/ptolemy/domains/csp/kernel'
rm -rf *.o *.so *~ *.bak ,* LOG* *.class *.jstmp config.cache config.log config.status manifest.tmp AbstractBranchController.class ConditionalBranch.class BranchActor.class ConditionalBranchController.class ConditionalReceive.class ConditionalSend.class CSPActor.class CSPDirector.class CSPReceiver.class MultiwayBranchController.class kernel.jar     kernel.jar 
rm -f core
making clean in ptolemy/domains/csp/kernel/test
make[6]: Entering directory '/home/travis/build/icyphy/ptII/adm/gen-11.1/src/ptII11.1.devel/ptolemy/domains/csp/kernel/test'
rm -rf *.o *.so *~ *.bak ,* LOG* *.class *.jstmp config.cache config.log config.status manifest.tmp CSPCondGet.class CSPCondPut.class CSPHasRoom.class CSPHasToken.class CSPGet.class CSPGetToken.class CSPPut.class CSPPutToken.class       
rm -f core
make[6]: Leaving directory '/home/travis/build/icyphy/ptII/adm/gen-11.1/src/ptII11.1.devel/ptolemy/domains/csp/kernel/test'
make[5]: Leaving directory '/home/travis/build/icyphy/ptII/adm/gen-11.1/src/ptII11.1.devel/ptolemy/domains/csp/kernel'
making clean in ptolemy/domains/csp/lib
make[5]: Entering directory '/home/travis/build/icyphy/ptII/adm/gen-11.1/src/ptII11.1.devel/ptolemy/domains/csp/lib'
rm -rf *.o *.so *~ *.bak ,* LOG* *.class *.jstmp config.cache config.log config.status manifest.tmp Barrier.class Buffer.class CSPBuffer.class CSPMultiSource.class CSPSieve.class CSPSink.class CSPSource.class CSPMultiSink.class ResourcePool.class lib.jar     lib.jar 
rm -f core
making clean in ptolemy/domains/csp/lib/test
make[6]: Entering directory '/home/travis/build/icyphy/ptII/adm/gen-11.1/src/ptII11.1.devel/ptolemy/domains/csp/lib/test'
rm -rf *.o *.so *~ *.bak ,* LOG* *.class *.jstmp config.cache config.log config.status manifest.tmp        
rm -f core
make[6]: Leaving directory '/home/travis/build/icyphy/ptII/adm/gen-11.1/src/ptII11.1.devel/ptolemy/domains/csp/lib/test'
make[5]: Leaving directory '/home/travis/build/icyphy/ptII/adm/gen-11.1/src/ptII11.1.devel/ptolemy/domains/csp/lib'
making clean in ptolemy/domains/csp/demo
make[5]: Entering directory '/home/travis/build/icyphy/ptII/adm/gen-11.1/src/ptII11.1.devel/ptolemy/domains/csp/demo'
rm -rf *.o *.so *~ *.bak ,* LOG* *.class *.jstmp config.cache config.log config.status manifest.tmp    demo.jar    
rm -f core
making clean in ptolemy/domains/csp/demo/Barrier
make[6]: Entering directory '/home/travis/build/icyphy/ptII/adm/gen-11.1/src/ptII11.1.devel/ptolemy/domains/csp/demo/Barrier'
rm -rf *.o *.so *~ *.bak ,* LOG* *.class *.jstmp config.cache config.log config.status manifest.tmp  Barrier.jar     Barrier.jar 
rm -f core
make[6]: Leaving directory '/home/travis/build/icyphy/ptII/adm/gen-11.1/src/ptII11.1.devel/ptolemy/domains/csp/demo/Barrier'
making clean in ptolemy/domains/csp/demo/BusContention
make[6]: Entering directory '/home/travis/build/icyphy/ptII/adm/gen-11.1/src/ptII11.1.devel/ptolemy/domains/csp/demo/BusContention'
rm -rf *.o *.so *~ *.bak ,* LOG* *.class *.jstmp config.cache config.log config.status manifest.tmp BusContentionApplet.class ContentionAlarm.class Controller.class ExecEvent.class Memory.class PortChannelCode.class Processor.class BusContention.jar     BusContention.jar 
rm -f core
make[6]: Leaving directory '/home/travis/build/icyphy/ptII/adm/gen-11.1/src/ptII11.1.devel/ptolemy/domains/csp/demo/BusContention'
making clean in ptolemy/domains/csp/demo/DiningPhilosophers
make[6]: Entering directory '/home/travis/build/icyphy/ptII/adm/gen-11.1/src/ptII11.1.devel/ptolemy/domains/csp/demo/DiningPhilosophers'
rm -rf *.o *.so *~ *.bak ,* LOG* *.class *.jstmp config.cache config.log config.status manifest.tmp Chopstick.class Coordinate.class DiningApplet.class DiningPhilosophers.class Philosopher.class PhilosopherListener.class TablePanel.class DiningPhilosophers.jar     DiningPhilosophers.jar 
rm -f core
make[6]: Leaving directory '/home/travis/build/icyphy/ptII/adm/gen-11.1/src/ptII11.1.devel/ptolemy/domains/csp/demo/DiningPhilosophers'
making clean in ptolemy/domains/csp/demo/ResourcePool
make[6]: Entering directory '/home/travis/build/icyphy/ptII/adm/gen-11.1/src/ptII11.1.devel/ptolemy/domains/csp/demo/ResourcePool'
rm -rf *.o *.so *~ *.bak ,* LOG* *.class *.jstmp config.cache config.log config.status manifest.tmp  ResourcePool.jar     ResourcePool.jar 
rm -f core
make[6]: Leaving directory '/home/travis/build/icyphy/ptII/adm/gen-11.1/src/ptII11.1.devel/ptolemy/domains/csp/demo/ResourcePool'
making clean in ptolemy/domains/csp/demo/WriteRegulator
make[6]: Entering directory '/home/travis/build/icyphy/ptII/adm/gen-11.1/src/ptII11.1.devel/ptolemy/domains/csp/demo/WriteRegulator'
rm -rf *.o *.so *~ *.bak ,* LOG* *.class *.jstmp config.cache config.log config.status manifest.tmp  WriteRegulator.jar     WriteRegulator.jar 
rm -f core
make[6]: Leaving directory '/home/travis/build/icyphy/ptII/adm/gen-11.1/src/ptII11.1.devel/ptolemy/domains/csp/demo/WriteRegulator'
make[5]: Leaving directory '/home/travis/build/icyphy/ptII/adm/gen-11.1/src/ptII11.1.devel/ptolemy/domains/csp/demo'
making clean in ptolemy/domains/csp/doc
make[5]: Entering directory '/home/travis/build/icyphy/ptII/adm/gen-11.1/src/ptII11.1.devel/ptolemy/domains/csp/doc'
rm -rf *.o *.so *~ *.bak ,* LOG* *.class *.jstmp config.cache config.log config.status manifest.tmp  doc.jar     doc.jar 
rm -f core
make[5]: Leaving directory '/home/travis/build/icyphy/ptII/adm/gen-11.1/src/ptII11.1.devel/ptolemy/domains/csp/doc'
making clean in ptolemy/domains/csp/test
make[5]: Entering directory '/home/travis/build/icyphy/ptII/adm/gen-11.1/src/ptII11.1.devel/ptolemy/domains/csp/test'
rm -rf *.o *.so *~ *.bak ,* LOG* *.class *.jstmp config.cache config.log config.status manifest.tmp        
rm -f core
make[5]: Leaving directory '/home/travis/build/icyphy/ptII/adm/gen-11.1/src/ptII11.1.devel/ptolemy/domains/csp/test'
make[4]: Leaving directory '/home/travis/build/icyphy/ptII/adm/gen-11.1/src/ptII11.1.devel/ptolemy/domains/csp'
making clean in ptolemy/domains/curriculum
make[4]: Entering directory '/home/travis/build/icyphy/ptII/adm/gen-11.1/src/ptII11.1.devel/ptolemy/domains/curriculum'
rm -rf *.o *.so *~ *.bak ,* LOG* *.class *.jstmp config.cache config.log config.status manifest.tmp Course.class HighlightEntities.class Or.class   curriculum.jar    
rm -f core
making clean in ptolemy/domains/curriculum/demo
make[5]: Entering directory '/home/travis/build/icyphy/ptII/adm/gen-11.1/src/ptII11.1.devel/ptolemy/domains/curriculum/demo'
rm -rf *.o *.so *~ *.bak ,* LOG* *.class *.jstmp config.cache config.log config.status manifest.tmp    demo.jar    
rm -f core
making clean in ptolemy/domains/curriculum/demo/Curriculum
make[6]: Entering directory '/home/travis/build/icyphy/ptII/adm/gen-11.1/src/ptII11.1.devel/ptolemy/domains/curriculum/demo/Curriculum'
rm -rf *.o *.so *~ *.bak ,* LOG* *.class *.jstmp config.cache config.log config.status manifest.tmp  Curriculum.jar     Curriculum.jar 
rm -f core
make[6]: Leaving directory '/home/travis/build/icyphy/ptII/adm/gen-11.1/src/ptII11.1.devel/ptolemy/domains/curriculum/demo/Curriculum'
make[5]: Leaving directory '/home/travis/build/icyphy/ptII/adm/gen-11.1/src/ptII11.1.devel/ptolemy/domains/curriculum/demo'
make[4]: Leaving directory '/home/travis/build/icyphy/ptII/adm/gen-11.1/src/ptII11.1.devel/ptolemy/domains/curriculum'
making clean in ptolemy/domains/dde
make[4]: Entering directory '/home/travis/build/icyphy/ptII/adm/gen-11.1/src/ptII11.1.devel/ptolemy/domains/dde'
rm -rf *.o *.so *~ *.bak ,* LOG* *.class *.jstmp config.cache config.log config.status manifest.tmp    dde.jar    
rm -f core
making clean in ptolemy/domains/dde/kernel
make[5]: Entering directory '/home/travis/build/icyphy/ptII/adm/gen-11.1/src/ptII11.1.devel/ptolemy/domains/dde/kernel'
rm -rf *.o *.so *~ *.bak ,* LOG* *.class *.jstmp config.cache config.log config.status manifest.tmp DDEActor.class DDEDirector.class DDEIOPort.class DDEReceiver.class DDEThread.class FeedBackDelay.class NullToken.class ReceiverComparator.class TimeKeeper.class PrioritizedTimedQueue.class kernel.jar     kernel.jar 
rm -f core
making clean in ptolemy/domains/dde/kernel/test
make[6]: Entering directory '/home/travis/build/icyphy/ptII/adm/gen-11.1/src/ptII11.1.devel/ptolemy/domains/dde/kernel/test'
rm -rf *.o *.so *~ *.bak ,* LOG* *.class *.jstmp config.cache config.log config.status manifest.tmp DDEGet.class DDEGetNToken.class DDEGetToken.class DDEPut.class DDEPutToken.class FlowThrough.class TwoPut.class       
rm -f core
make[6]: Leaving directory '/home/travis/build/icyphy/ptII/adm/gen-11.1/src/ptII11.1.devel/ptolemy/domains/dde/kernel/test'
make[5]: Leaving directory '/home/travis/build/icyphy/ptII/adm/gen-11.1/src/ptII11.1.devel/ptolemy/domains/dde/kernel'
making clean in ptolemy/domains/dde/lib
make[5]: Entering directory '/home/travis/build/icyphy/ptII/adm/gen-11.1/src/ptII11.1.devel/ptolemy/domains/dde/lib'
rm -rf *.o *.so *~ *.bak ,* LOG* *.class *.jstmp config.cache config.log config.status manifest.tmp DDESink.class DoubleFork.class Wire.class lib.jar     lib.jar 
rm -f core
making clean in ptolemy/domains/dde/lib/test
make[6]: Entering directory '/home/travis/build/icyphy/ptII/adm/gen-11.1/src/ptII11.1.devel/ptolemy/domains/dde/lib/test'
rm -rf *.o *.so *~ *.bak ,* LOG* *.class *.jstmp config.cache config.log config.status manifest.tmp        
rm -f core
make[6]: Leaving directory '/home/travis/build/icyphy/ptII/adm/gen-11.1/src/ptII11.1.devel/ptolemy/domains/dde/lib/test'
make[5]: Leaving directory '/home/travis/build/icyphy/ptII/adm/gen-11.1/src/ptII11.1.devel/ptolemy/domains/dde/lib'
making clean in ptolemy/domains/dde/demo
make[5]: Entering directory '/home/travis/build/icyphy/ptII/adm/gen-11.1/src/ptII11.1.devel/ptolemy/domains/dde/demo'
rm -rf *.o *.so *~ *.bak ,* LOG* *.class *.jstmp config.cache config.log config.status manifest.tmp    demo.jar    
rm -f core
making clean in ptolemy/domains/dde/demo/HelloWorld
make[6]: Entering directory '/home/travis/build/icyphy/ptII/adm/gen-11.1/src/ptII11.1.devel/ptolemy/domains/dde/demo/HelloWorld'
rm -rf *.o *.so *~ *.bak ,* LOG* *.class *.jstmp config.cache config.log config.status manifest.tmp Consonants.class HelloWorld.class PrintString.class Punctuation.class StringOut.class Vowels.class HelloWorld.jar     HelloWorld.jar 
rm -f core
make[6]: Leaving directory '/home/travis/build/icyphy/ptII/adm/gen-11.1/src/ptII11.1.devel/ptolemy/domains/dde/demo/HelloWorld'
making clean in ptolemy/domains/dde/demo/LocalZeno
make[6]: Entering directory '/home/travis/build/icyphy/ptII/adm/gen-11.1/src/ptII11.1.devel/ptolemy/domains/dde/demo/LocalZeno'
rm -rf *.o *.so *~ *.bak ,* LOG* *.class *.jstmp config.cache config.log config.status manifest.tmp ExecEvent.class ListenClock.class ListenFeedBackDelay.class ListenFork.class ListenSink.class ListenWire.class LocalZenoApplet.class LocalZenoUtilities.class ZenoDelay.class LocalZeno.jar     LocalZeno.jar 
rm -f core
make[6]: Leaving directory '/home/travis/build/icyphy/ptII/adm/gen-11.1/src/ptII11.1.devel/ptolemy/domains/dde/demo/LocalZeno'
make[5]: Leaving directory '/home/travis/build/icyphy/ptII/adm/gen-11.1/src/ptII11.1.devel/ptolemy/domains/dde/demo'
making clean in ptolemy/domains/dde/doc
make[5]: Entering directory '/home/travis/build/icyphy/ptII/adm/gen-11.1/src/ptII11.1.devel/ptolemy/domains/dde/doc'
rm -rf *.o *.so *~ *.bak ,* LOG* *.class *.jstmp config.cache config.log config.status manifest.tmp  doc.jar     doc.jar 
rm -f core
make[5]: Leaving directory '/home/travis/build/icyphy/ptII/adm/gen-11.1/src/ptII11.1.devel/ptolemy/domains/dde/doc'
make[4]: Leaving directory '/home/travis/build/icyphy/ptII/adm/gen-11.1/src/ptII11.1.devel/ptolemy/domains/dde'
making clean in ptolemy/domains/ddf
make[4]: Entering directory '/home/travis/build/icyphy/ptII/adm/gen-11.1/src/ptII11.1.devel/ptolemy/domains/ddf'
rm -rf *.o *.so *~ *.bak ,* LOG* *.class *.jstmp config.cache config.log config.status manifest.tmp    ddf.jar    
rm -f core
making clean in ptolemy/domains/ddf/kernel
make[5]: Entering directory '/home/travis/build/icyphy/ptII/adm/gen-11.1/src/ptII11.1.devel/ptolemy/domains/ddf/kernel'
rm -rf *.o *.so *~ *.bak ,* LOG* *.class *.jstmp config.cache config.log config.status manifest.tmp DDFDirector.class ActorEnablingStatus.class kernel.jar     kernel.jar 
rm -f core
making clean in ptolemy/domains/ddf/kernel/test
make[6]: Entering directory '/home/travis/build/icyphy/ptII/adm/gen-11.1/src/ptII11.1.devel/ptolemy/domains/ddf/kernel/test'
rm -rf *.o *.so *~ *.bak ,* LOG* *.class *.jstmp config.cache config.log config.status manifest.tmp        
rm -f core
make[6]: Leaving directory '/home/travis/build/icyphy/ptII/adm/gen-11.1/src/ptII11.1.devel/ptolemy/domains/ddf/kernel/test'
make[5]: Leaving directory '/home/travis/build/icyphy/ptII/adm/gen-11.1/src/ptII11.1.devel/ptolemy/domains/ddf/kernel'
making clean in ptolemy/domains/ddf/lib
make[5]: Entering directory '/home/travis/build/icyphy/ptII/adm/gen-11.1/src/ptII11.1.devel/ptolemy/domains/ddf/lib'
rm -rf *.o *.so *~ *.bak ,* LOG* *.class *.jstmp config.cache config.log config.status manifest.tmp ActorRecursion.class DDFBooleanSelect.class DDFOrderedMerge.class DDFSelect.class DDFSingleTokenCommutator.class lib.jar     lib.jar 
rm -f core
making clean in ptolemy/domains/ddf/lib/test
make[6]: Entering directory '/home/travis/build/icyphy/ptII/adm/gen-11.1/src/ptII11.1.devel/ptolemy/domains/ddf/lib/test'
rm -rf *.o *.so *~ *.bak ,* LOG* *.class *.jstmp config.cache config.log config.status manifest.tmp        
rm -f core
make[6]: Leaving directory '/home/travis/build/icyphy/ptII/adm/gen-11.1/src/ptII11.1.devel/ptolemy/domains/ddf/lib/test'
make[5]: Leaving directory '/home/travis/build/icyphy/ptII/adm/gen-11.1/src/ptII11.1.devel/ptolemy/domains/ddf/lib'
making clean in ptolemy/domains/ddf/demo
make[5]: Entering directory '/home/travis/build/icyphy/ptII/adm/gen-11.1/src/ptII11.1.devel/ptolemy/domains/ddf/demo'
rm -rf *.o *.so *~ *.bak ,* LOG* *.class *.jstmp config.cache config.log config.status manifest.tmp    demo.jar    
rm -f core
making clean in ptolemy/domains/ddf/demo/Eratosthenes
make[6]: Entering directory '/home/travis/build/icyphy/ptII/adm/gen-11.1/src/ptII11.1.devel/ptolemy/domains/ddf/demo/Eratosthenes'
rm -rf *.o *.so *~ *.bak ,* LOG* *.class *.jstmp config.cache config.log config.status manifest.tmp  Eratosthenes.jar     Eratosthenes.jar 
rm -f core
make[6]: Leaving directory '/home/travis/build/icyphy/ptII/adm/gen-11.1/src/ptII11.1.devel/ptolemy/domains/ddf/demo/Eratosthenes'
making clean in ptolemy/domains/ddf/demo/Factorial
make[6]: Entering directory '/home/travis/build/icyphy/ptII/adm/gen-11.1/src/ptII11.1.devel/ptolemy/domains/ddf/demo/Factorial'
rm -rf *.o *.so *~ *.bak ,* LOG* *.class *.jstmp config.cache config.log config.status manifest.tmp  Factorial.jar     Factorial.jar 
rm -f core
make[6]: Leaving directory '/home/travis/build/icyphy/ptII/adm/gen-11.1/src/ptII11.1.devel/ptolemy/domains/ddf/demo/Factorial'
making clean in ptolemy/domains/ddf/demo/HanoiTower
make[6]: Entering directory '/home/travis/build/icyphy/ptII/adm/gen-11.1/src/ptII11.1.devel/ptolemy/domains/ddf/demo/HanoiTower'
rm -rf *.o *.so *~ *.bak ,* LOG* *.class *.jstmp config.cache config.log config.status manifest.tmp  HanoiTower.jar     HanoiTower.jar 
rm -f core
make[6]: Leaving directory '/home/travis/build/icyphy/ptII/adm/gen-11.1/src/ptII11.1.devel/ptolemy/domains/ddf/demo/HanoiTower'
making clean in ptolemy/domains/ddf/demo/IfThenElse
make[6]: Entering directory '/home/travis/build/icyphy/ptII/adm/gen-11.1/src/ptII11.1.devel/ptolemy/domains/ddf/demo/IfThenElse'
rm -rf *.o *.so *~ *.bak ,* LOG* *.class *.jstmp config.cache config.log config.status manifest.tmp  IfThenElse.jar     IfThenElse.jar 
rm -f core
make[6]: Leaving directory '/home/travis/build/icyphy/ptII/adm/gen-11.1/src/ptII11.1.devel/ptolemy/domains/ddf/demo/IfThenElse'
making clean in ptolemy/domains/ddf/demo/Loop
make[6]: Entering directory '/home/travis/build/icyphy/ptII/adm/gen-11.1/src/ptII11.1.devel/ptolemy/domains/ddf/demo/Loop'
rm -rf *.o *.so *~ *.bak ,* LOG* *.class *.jstmp config.cache config.log config.status manifest.tmp  Loop.jar     Loop.jar 
rm -f core
make[6]: Leaving directory '/home/travis/build/icyphy/ptII/adm/gen-11.1/src/ptII11.1.devel/ptolemy/domains/ddf/demo/Loop'
making clean in ptolemy/domains/ddf/demo/OrderedMerge
make[6]: Entering directory '/home/travis/build/icyphy/ptII/adm/gen-11.1/src/ptII11.1.devel/ptolemy/domains/ddf/demo/OrderedMerge'
rm -rf *.o *.so *~ *.bak ,* LOG* *.class *.jstmp config.cache config.log config.status manifest.tmp  OrderedMerge.jar     OrderedMerge.jar 
rm -f core
make[6]: Leaving directory '/home/travis/build/icyphy/ptII/adm/gen-11.1/src/ptII11.1.devel/ptolemy/domains/ddf/demo/OrderedMerge'
making clean in ptolemy/domains/ddf/demo/RandomWalk
make[6]: Entering directory '/home/travis/build/icyphy/ptII/adm/gen-11.1/src/ptII11.1.devel/ptolemy/domains/ddf/demo/RandomWalk'
rm -rf *.o *.so *~ *.bak ,* LOG* *.class *.jstmp config.cache config.log config.status manifest.tmp  RandomWalk.jar     RandomWalk.jar 
rm -f core
make[6]: Leaving directory '/home/travis/build/icyphy/ptII/adm/gen-11.1/src/ptII11.1.devel/ptolemy/domains/ddf/demo/RandomWalk'
making clean in ptolemy/domains/ddf/demo/RijndaelEncryption
make[6]: Entering directory '/home/travis/build/icyphy/ptII/adm/gen-11.1/src/ptII11.1.devel/ptolemy/domains/ddf/demo/RijndaelEncryption'
rm -rf *.o *.so *~ *.bak ,* LOG* *.class *.jstmp config.cache config.log config.status manifest.tmp  RijndaelEncryption.jar     RijndaelEncryption.jar 
rm -f core
make[6]: Leaving directory '/home/travis/build/icyphy/ptII/adm/gen-11.1/src/ptII11.1.devel/ptolemy/domains/ddf/demo/RijndaelEncryption'
make[5]: Leaving directory '/home/travis/build/icyphy/ptII/adm/gen-11.1/src/ptII11.1.devel/ptolemy/domains/ddf/demo'
making clean in ptolemy/domains/ddf/doc
make[5]: Entering directory '/home/travis/build/icyphy/ptII/adm/gen-11.1/src/ptII11.1.devel/ptolemy/domains/ddf/doc'
rm -rf *.o *.so *~ *.bak ,* LOG* *.class *.jstmp config.cache config.log config.status manifest.tmp  doc.jar     doc.jar 
rm -f core
make[5]: Leaving directory '/home/travis/build/icyphy/ptII/adm/gen-11.1/src/ptII11.1.devel/ptolemy/domains/ddf/doc'
making clean in ptolemy/domains/ddf/test
make[5]: Entering directory '/home/travis/build/icyphy/ptII/adm/gen-11.1/src/ptII11.1.devel/ptolemy/domains/ddf/test'
rm -rf *.o *.so *~ *.bak ,* LOG* *.class *.jstmp config.cache config.log config.status manifest.tmp        
rm -f core
make[5]: Leaving directory '/home/travis/build/icyphy/ptII/adm/gen-11.1/src/ptII11.1.devel/ptolemy/domains/ddf/test'
make[4]: Leaving directory '/home/travis/build/icyphy/ptII/adm/gen-11.1/src/ptII11.1.devel/ptolemy/domains/ddf'
making clean in ptolemy/domains/de
make[4]: Entering directory '/home/travis/build/icyphy/ptII/adm/gen-11.1/src/ptII11.1.devel/ptolemy/domains/de'
rm -rf *.o *.so *~ *.bak ,* LOG* *.class *.jstmp config.cache config.log config.status manifest.tmp    de.jar    
rm -f core
making clean in ptolemy/domains/de/kernel
make[5]: Entering directory '/home/travis/build/icyphy/ptII/adm/gen-11.1/src/ptII11.1.devel/ptolemy/domains/de/kernel'
rm -rf *.o *.so *~ *.bak ,* LOG* *.class *.jstmp config.cache config.log config.status manifest.tmp DEActor.class DECQEventQueue.class DEDirector.class DEEvent.class DEEventQueue.class DEReceiver.class DEThreadActor.class kernel.jar     kernel.jar 
rm -f core
making clean in ptolemy/domains/de/kernel/test
make[6]: Entering directory '/home/travis/build/icyphy/ptII/adm/gen-11.1/src/ptII11.1.devel/ptolemy/domains/de/kernel/test'
rm -rf *.o *.so *~ *.bak ,* LOG* *.class *.jstmp config.cache config.log config.status manifest.tmp        
rm -f core
make[6]: Leaving directory '/home/travis/build/icyphy/ptII/adm/gen-11.1/src/ptII11.1.devel/ptolemy/domains/de/kernel/test'
make[5]: Leaving directory '/home/travis/build/icyphy/ptII/adm/gen-11.1/src/ptII11.1.devel/ptolemy/domains/de/kernel'
making clean in ptolemy/domains/de/lib
make[5]: Entering directory '/home/travis/build/icyphy/ptII/adm/gen-11.1/src/ptII11.1.devel/ptolemy/domains/de/lib'
rm -rf *.o *.so *~ *.bak ,* LOG* *.class *.jstmp config.cache config.log config.status manifest.tmp AverageOverTime.class DateToEvent.class DateToModelTime.class Derivative.class DETransformer.class EventButton.class EventFilter.class EventToDate.class GetCurrentMicrostep.class Inhibit.class Integrator.class Merge.class MostRecent.class NonInterruptibleTimer.class PID.class Previous.class QuantizedSampler.class Queue.class Register.class Server.class SharedQueue.class SuppressSimultaneousEvents.class TestActorPortDepth.class TimeCompare.class TimeGap.class TimedDelay.class Timer.class VariableDelay.class WaitingTime.class Wire.class   lib.jar    
rm -f core
making clean in ptolemy/domains/de/lib/aspect
make[6]: Entering directory '/home/travis/build/icyphy/ptII/adm/gen-11.1/src/ptII11.1.devel/ptolemy/domains/de/lib/aspect'
rm -rf *.o *.so *~ *.bak ,* LOG* *.class *.jstmp config.cache config.log config.status manifest.tmp AFDXESs.class AFDXSwitch.class AFDXVlink.class BasicSwitch.class Bus.class CrossbarSwitch.class TTESwitch.class aspect.jar     aspect.jar 
rm -f core
make[6]: Leaving directory '/home/travis/build/icyphy/ptII/adm/gen-11.1/src/ptII11.1.devel/ptolemy/domains/de/lib/aspect'
making clean in ptolemy/domains/de/lib/test
make[6]: Entering directory '/home/travis/build/icyphy/ptII/adm/gen-11.1/src/ptII11.1.devel/ptolemy/domains/de/lib/test'
rm -rf *.o *.so *~ *.bak ,* LOG* *.class *.jstmp config.cache config.log config.status manifest.tmp Iterations.class Mutate.class SimpleDelay.class TestSource.class Time.class       
rm -f core
make[6]: Leaving directory '/home/travis/build/icyphy/ptII/adm/gen-11.1/src/ptII11.1.devel/ptolemy/domains/de/lib/test'
make[5]: Leaving directory '/home/travis/build/icyphy/ptII/adm/gen-11.1/src/ptII11.1.devel/ptolemy/domains/de/lib'
making clean in ptolemy/domains/de/demo
make[5]: Entering directory '/home/travis/build/icyphy/ptII/adm/gen-11.1/src/ptII11.1.devel/ptolemy/domains/de/demo'
rm -rf *.o *.so *~ *.bak ,* LOG* *.class *.jstmp config.cache config.log config.status manifest.tmp    demo.jar    
rm -f core
making clean in ptolemy/domains/de/demo/AssemblyLine
make[6]: Entering directory '/home/travis/build/icyphy/ptII/adm/gen-11.1/src/ptII11.1.devel/ptolemy/domains/de/demo/AssemblyLine'
rm -rf *.o *.so *~ *.bak ,* LOG* *.class *.jstmp config.cache config.log config.status manifest.tmp  AssemblyLine.jar     AssemblyLine.jar 
rm -f core
make[6]: Leaving directory '/home/travis/build/icyphy/ptII/adm/gen-11.1/src/ptII11.1.devel/ptolemy/domains/de/demo/AssemblyLine'
making clean in ptolemy/domains/de/demo/AFDX
make[6]: Entering directory '/home/travis/build/icyphy/ptII/adm/gen-11.1/src/ptII11.1.devel/ptolemy/domains/de/demo/AFDX'
rm -rf *.o *.so *~ *.bak ,* LOG* *.class *.jstmp config.cache config.log config.status manifest.tmp  AFDX.jar     AFDX.jar 
rm -f core
make[6]: Leaving directory '/home/travis/build/icyphy/ptII/adm/gen-11.1/src/ptII11.1.devel/ptolemy/domains/de/demo/AFDX'
making clean in ptolemy/domains/de/demo/Bus
make[6]: Entering directory '/home/travis/build/icyphy/ptII/adm/gen-11.1/src/ptII11.1.devel/ptolemy/domains/de/demo/Bus'
rm -rf *.o *.so *~ *.bak ,* LOG* *.class *.jstmp config.cache config.log config.status manifest.tmp  Bus.jar     Bus.jar 
rm -f core
make[6]: Leaving directory '/home/travis/build/icyphy/ptII/adm/gen-11.1/src/ptII11.1.devel/ptolemy/domains/de/demo/Bus'
making clean in ptolemy/domains/de/demo/Clock
make[6]: Entering directory '/home/travis/build/icyphy/ptII/adm/gen-11.1/src/ptII11.1.devel/ptolemy/domains/de/demo/Clock'
rm -rf *.o *.so *~ *.bak ,* LOG* *.class *.jstmp config.cache config.log config.status manifest.tmp  Clock.jar     Clock.jar 
rm -f core
make[6]: Leaving directory '/home/travis/build/icyphy/ptII/adm/gen-11.1/src/ptII11.1.devel/ptolemy/domains/de/demo/Clock'
making clean in ptolemy/domains/de/demo/ClockDrift
make[6]: Entering directory '/home/travis/build/icyphy/ptII/adm/gen-11.1/src/ptII11.1.devel/ptolemy/domains/de/demo/ClockDrift'
rm -rf *.o *.so *~ *.bak ,* LOG* *.class *.jstmp config.cache config.log config.status manifest.tmp  ClockDrift.jar     ClockDrift.jar 
rm -f core
make[6]: Leaving directory '/home/travis/build/icyphy/ptII/adm/gen-11.1/src/ptII11.1.devel/ptolemy/domains/de/demo/ClockDrift'
making clean in ptolemy/domains/de/demo/DateDemo
make[6]: Entering directory '/home/travis/build/icyphy/ptII/adm/gen-11.1/src/ptII11.1.devel/ptolemy/domains/de/demo/DateDemo'
rm -rf *.o *.so *~ *.bak ,* LOG* *.class *.jstmp config.cache config.log config.status manifest.tmp  DateDemo.jar     DateDemo.jar 
rm -f core
make[6]: Leaving directory '/home/travis/build/icyphy/ptII/adm/gen-11.1/src/ptII11.1.devel/ptolemy/domains/de/demo/DateDemo'
making clean in ptolemy/domains/de/demo/EventButton
make[6]: Entering directory '/home/travis/build/icyphy/ptII/adm/gen-11.1/src/ptII11.1.devel/ptolemy/domains/de/demo/EventButton'
rm -rf *.o *.so *~ *.bak ,* LOG* *.class *.jstmp config.cache config.log config.status manifest.tmp  EventButton.jar     EventButton.jar 
rm -f core
make[6]: Leaving directory '/home/travis/build/icyphy/ptII/adm/gen-11.1/src/ptII11.1.devel/ptolemy/domains/de/demo/EventButton'
making clean in ptolemy/domains/de/demo/Inspection
make[6]: Entering directory '/home/travis/build/icyphy/ptII/adm/gen-11.1/src/ptII11.1.devel/ptolemy/domains/de/demo/Inspection'
rm -rf *.o *.so *~ *.bak ,* LOG* *.class *.jstmp config.cache config.log config.status manifest.tmp  Inspection.jar     Inspection.jar 
rm -f core
make[6]: Leaving directory '/home/travis/build/icyphy/ptII/adm/gen-11.1/src/ptII11.1.devel/ptolemy/domains/de/demo/Inspection'
making clean in ptolemy/domains/de/demo/LineFault
make[6]: Entering directory '/home/travis/build/icyphy/ptII/adm/gen-11.1/src/ptII11.1.devel/ptolemy/domains/de/demo/LineFault'
rm -rf *.o *.so *~ *.bak ,* LOG* *.class *.jstmp config.cache config.log config.status manifest.tmp  LineFault.jar     LineFault.jar 
rm -f core
make[6]: Leaving directory '/home/travis/build/icyphy/ptII/adm/gen-11.1/src/ptII11.1.devel/ptolemy/domains/de/demo/LineFault'
making clean in ptolemy/domains/de/demo/LongRuns
make[6]: Entering directory '/home/travis/build/icyphy/ptII/adm/gen-11.1/src/ptII11.1.devel/ptolemy/domains/de/demo/LongRuns'
rm -rf *.o *.so *~ *.bak ,* LOG* *.class *.jstmp config.cache config.log config.status manifest.tmp  LongRuns.jar     LongRuns.jar 
rm -f core
make[6]: Leaving directory '/home/travis/build/icyphy/ptII/adm/gen-11.1/src/ptII11.1.devel/ptolemy/domains/de/demo/LongRuns'
making clean in ptolemy/domains/de/demo/ModalModel
make[6]: Entering directory '/home/travis/build/icyphy/ptII/adm/gen-11.1/src/ptII11.1.devel/ptolemy/domains/de/demo/ModalModel'
rm -rf *.o *.so *~ *.bak ,* LOG* *.class *.jstmp config.cache config.log config.status manifest.tmp  ModalModel.jar     ModalModel.jar 
rm -f core
make[6]: Leaving directory '/home/travis/build/icyphy/ptII/adm/gen-11.1/src/ptII11.1.devel/ptolemy/domains/de/demo/ModalModel'
making clean in ptolemy/domains/de/demo/OpenQueueingNetwork
make[6]: Entering directory '/home/travis/build/icyphy/ptII/adm/gen-11.1/src/ptII11.1.devel/ptolemy/domains/de/demo/OpenQueueingNetwork'
rm -rf *.o *.so *~ *.bak ,* LOG* *.class *.jstmp config.cache config.log config.status manifest.tmp  OpenQueueingNetwork.jar     OpenQueueingNetwork.jar 
rm -f core
make[6]: Leaving directory '/home/travis/build/icyphy/ptII/adm/gen-11.1/src/ptII11.1.devel/ptolemy/domains/de/demo/OpenQueueingNetwork'
making clean in ptolemy/domains/de/demo/PersistentIO
make[6]: Entering directory '/home/travis/build/icyphy/ptII/adm/gen-11.1/src/ptII11.1.devel/ptolemy/domains/de/demo/PersistentIO'
rm -rf *.o *.so *~ *.bak ,* LOG* *.class *.jstmp config.cache config.log config.status manifest.tmp  PersistentIO.jar     PersistentIO.jar 
rm -f core
make[6]: Leaving directory '/home/travis/build/icyphy/ptII/adm/gen-11.1/src/ptII11.1.devel/ptolemy/domains/de/demo/PersistentIO'
making clean in ptolemy/domains/de/demo/QueueAndServer
make[6]: Entering directory '/home/travis/build/icyphy/ptII/adm/gen-11.1/src/ptII11.1.devel/ptolemy/domains/de/demo/QueueAndServer'
rm -rf *.o *.so *~ *.bak ,* LOG* *.class *.jstmp config.cache config.log config.status manifest.tmp  QueueAndServer.jar     QueueAndServer.jar 
rm -f core
make[6]: Leaving directory '/home/travis/build/icyphy/ptII/adm/gen-11.1/src/ptII11.1.devel/ptolemy/domains/de/demo/QueueAndServer'
making clean in ptolemy/domains/de/demo/RealTimeComposite
make[6]: Entering directory '/home/travis/build/icyphy/ptII/adm/gen-11.1/src/ptII11.1.devel/ptolemy/domains/de/demo/RealTimeComposite'
rm -rf *.o *.so *~ *.bak ,* LOG* *.class *.jstmp config.cache config.log config.status manifest.tmp  RealTimeComposite.jar     RealTimeComposite.jar 
rm -f core
make[6]: Leaving directory '/home/travis/build/icyphy/ptII/adm/gen-11.1/src/ptII11.1.devel/ptolemy/domains/de/demo/RealTimeComposite'
making clean in ptolemy/domains/de/demo/SmartSender
make[6]: Entering directory '/home/travis/build/icyphy/ptII/adm/gen-11.1/src/ptII11.1.devel/ptolemy/domains/de/demo/SmartSender'
rm -rf *.o *.so *~ *.bak ,* LOG* *.class *.jstmp config.cache config.log config.status manifest.tmp SmartSender.class SmartSender.jar     SmartSender.jar 
rm -f core
make[6]: Leaving directory '/home/travis/build/icyphy/ptII/adm/gen-11.1/src/ptII11.1.devel/ptolemy/domains/de/demo/SmartSender'
making clean in ptolemy/domains/de/demo/Switch
make[6]: Entering directory '/home/travis/build/icyphy/ptII/adm/gen-11.1/src/ptII11.1.devel/ptolemy/domains/de/demo/Switch'
rm -rf *.o *.so *~ *.bak ,* LOG* *.class *.jstmp config.cache config.log config.status manifest.tmp  Switch.jar     Switch.jar 
rm -f core
make[6]: Leaving directory '/home/travis/build/icyphy/ptII/adm/gen-11.1/src/ptII11.1.devel/ptolemy/domains/de/demo/Switch'
making clean in ptolemy/domains/de/demo/TimingParadox
make[6]: Entering directory '/home/travis/build/icyphy/ptII/adm/gen-11.1/src/ptII11.1.devel/ptolemy/domains/de/demo/TimingParadox'
rm -rf *.o *.so *~ *.bak ,* LOG* *.class *.jstmp config.cache config.log config.status manifest.tmp  TimingParadox.jar     TimingParadox.jar 
rm -f core
make[6]: Leaving directory '/home/travis/build/icyphy/ptII/adm/gen-11.1/src/ptII11.1.devel/ptolemy/domains/de/demo/TimingParadox'
making clean in ptolemy/domains/de/demo/Trilateration
make[6]: Entering directory '/home/travis/build/icyphy/ptII/adm/gen-11.1/src/ptII11.1.devel/ptolemy/domains/de/demo/Trilateration'
rm -rf *.o *.so *~ *.bak ,* LOG* *.class *.jstmp config.cache config.log config.status manifest.tmp  Trilateration.jar     Trilateration.jar 
rm -f core
make[6]: Leaving directory '/home/travis/build/icyphy/ptII/adm/gen-11.1/src/ptII11.1.devel/ptolemy/domains/de/demo/Trilateration'
making clean in ptolemy/domains/de/demo/TTE
make[6]: Entering directory '/home/travis/build/icyphy/ptII/adm/gen-11.1/src/ptII11.1.devel/ptolemy/domains/de/demo/TTE'
rm -rf *.o *.so *~ *.bak ,* LOG* *.class *.jstmp config.cache config.log config.status manifest.tmp  TTE.jar     TTE.jar 
rm -f core
make[6]: Leaving directory '/home/travis/build/icyphy/ptII/adm/gen-11.1/src/ptII11.1.devel/ptolemy/domains/de/demo/TTE'
making clean in ptolemy/domains/de/demo/VariableDelay
make[6]: Entering directory '/home/travis/build/icyphy/ptII/adm/gen-11.1/src/ptII11.1.devel/ptolemy/domains/de/demo/VariableDelay'
rm -rf *.o *.so *~ *.bak ,* LOG* *.class *.jstmp config.cache config.log config.status manifest.tmp  VariableDelay.jar     VariableDelay.jar 
rm -f core
make[6]: Leaving directory '/home/travis/build/icyphy/ptII/adm/gen-11.1/src/ptII11.1.devel/ptolemy/domains/de/demo/VariableDelay'
make[5]: Leaving directory '/home/travis/build/icyphy/ptII/adm/gen-11.1/src/ptII11.1.devel/ptolemy/domains/de/demo'
making clean in ptolemy/domains/de/doc
make[5]: Entering directory '/home/travis/build/icyphy/ptII/adm/gen-11.1/src/ptII11.1.devel/ptolemy/domains/de/doc'
rm -rf *.o *.so *~ *.bak ,* LOG* *.class *.jstmp config.cache config.log config.status manifest.tmp  doc.jar     doc.jar 
rm -f core
make[5]: Leaving directory '/home/travis/build/icyphy/ptII/adm/gen-11.1/src/ptII11.1.devel/ptolemy/domains/de/doc'
making clean in ptolemy/domains/de/test
make[5]: Entering directory '/home/travis/build/icyphy/ptII/adm/gen-11.1/src/ptII11.1.devel/ptolemy/domains/de/test'
rm -rf *.o *.so *~ *.bak ,* LOG* *.class *.jstmp config.cache config.log config.status manifest.tmp CancelFireAtTest.class SuperdenseTimeTest.class       
rm -f core
make[5]: Leaving directory '/home/travis/build/icyphy/ptII/adm/gen-11.1/src/ptII11.1.devel/ptolemy/domains/de/test'
make[4]: Leaving directory '/home/travis/build/icyphy/ptII/adm/gen-11.1/src/ptII11.1.devel/ptolemy/domains/de'
making clean in ptolemy/domains/hdf
make[4]: Entering directory '/home/travis/build/icyphy/ptII/adm/gen-11.1/src/ptII11.1.devel/ptolemy/domains/hdf'
rm -rf *.o *.so *~ *.bak ,* LOG* *.class *.jstmp config.cache config.log config.status manifest.tmp    hdf.jar    
rm -f core
making clean in ptolemy/domains/hdf/kernel
make[5]: Entering directory '/home/travis/build/icyphy/ptII/adm/gen-11.1/src/ptII11.1.devel/ptolemy/domains/hdf/kernel'
rm -rf *.o *.so *~ *.bak ,* LOG* *.class *.jstmp config.cache config.log config.status manifest.tmp HDFDirector.class HDFFSMDirector.class kernel.jar     kernel.jar 
rm -f core
making clean in ptolemy/domains/hdf/kernel/test
make[6]: Entering directory '/home/travis/build/icyphy/ptII/adm/gen-11.1/src/ptII11.1.devel/ptolemy/domains/hdf/kernel/test'
rm -rf *.o *.so *~ *.bak ,* LOG* *.class *.jstmp config.cache config.log config.status manifest.tmp        
rm -f core
make[6]: Leaving directory '/home/travis/build/icyphy/ptII/adm/gen-11.1/src/ptII11.1.devel/ptolemy/domains/hdf/kernel/test'
make[5]: Leaving directory '/home/travis/build/icyphy/ptII/adm/gen-11.1/src/ptII11.1.devel/ptolemy/domains/hdf/kernel'
making clean in ptolemy/domains/hdf/demo
make[5]: Entering directory '/home/travis/build/icyphy/ptII/adm/gen-11.1/src/ptII11.1.devel/ptolemy/domains/hdf/demo'
rm -rf *.o *.so *~ *.bak ,* LOG* *.class *.jstmp config.cache config.log config.status manifest.tmp    demo.jar    
rm -f core
making clean in ptolemy/domains/hdf/demo/AdaptiveCoding
make[6]: Entering directory '/home/travis/build/icyphy/ptII/adm/gen-11.1/src/ptII11.1.devel/ptolemy/domains/hdf/demo/AdaptiveCoding'
rm -rf *.o *.so *~ *.bak ,* LOG* *.class *.jstmp config.cache config.log config.status manifest.tmp  AdaptiveCoding.jar     AdaptiveCoding.jar 
rm -f core
make[6]: Leaving directory '/home/travis/build/icyphy/ptII/adm/gen-11.1/src/ptII11.1.devel/ptolemy/domains/hdf/demo/AdaptiveCoding'
making clean in ptolemy/domains/hdf/demo/Fibonacci
make[6]: Entering directory '/home/travis/build/icyphy/ptII/adm/gen-11.1/src/ptII11.1.devel/ptolemy/domains/hdf/demo/Fibonacci'
rm -rf *.o *.so *~ *.bak ,* LOG* *.class *.jstmp config.cache config.log config.status manifest.tmp  Fibonacci.jar     Fibonacci.jar 
rm -f core
make[6]: Leaving directory '/home/travis/build/icyphy/ptII/adm/gen-11.1/src/ptII11.1.devel/ptolemy/domains/hdf/demo/Fibonacci'
making clean in ptolemy/domains/hdf/demo/Hysteresis
make[6]: Entering directory '/home/travis/build/icyphy/ptII/adm/gen-11.1/src/ptII11.1.devel/ptolemy/domains/hdf/demo/Hysteresis'
rm -rf *.o *.so *~ *.bak ,* LOG* *.class *.jstmp config.cache config.log config.status manifest.tmp  Hysteresis.jar     Hysteresis.jar 
rm -f core
make[6]: Leaving directory '/home/travis/build/icyphy/ptII/adm/gen-11.1/src/ptII11.1.devel/ptolemy/domains/hdf/demo/Hysteresis'
making clean in ptolemy/domains/hdf/demo/Merge
make[6]: Entering directory '/home/travis/build/icyphy/ptII/adm/gen-11.1/src/ptII11.1.devel/ptolemy/domains/hdf/demo/Merge'
rm -rf *.o *.so *~ *.bak ,* LOG* *.class *.jstmp config.cache config.log config.status manifest.tmp  Merge.jar     Merge.jar 
rm -f core
make[6]: Leaving directory '/home/travis/build/icyphy/ptII/adm/gen-11.1/src/ptII11.1.devel/ptolemy/domains/hdf/demo/Merge'
make[5]: Leaving directory '/home/travis/build/icyphy/ptII/adm/gen-11.1/src/ptII11.1.devel/ptolemy/domains/hdf/demo'
making clean in ptolemy/domains/hdf/doc
make[5]: Entering directory '/home/travis/build/icyphy/ptII/adm/gen-11.1/src/ptII11.1.devel/ptolemy/domains/hdf/doc'
rm -rf *.o *.so *~ *.bak ,* LOG* *.class *.jstmp config.cache config.log config.status manifest.tmp  doc.jar     doc.jar 
rm -f core
make[5]: Leaving directory '/home/travis/build/icyphy/ptII/adm/gen-11.1/src/ptII11.1.devel/ptolemy/domains/hdf/doc'
making clean in ptolemy/domains/hdf/test
make[5]: Entering directory '/home/travis/build/icyphy/ptII/adm/gen-11.1/src/ptII11.1.devel/ptolemy/domains/hdf/test'
rm -rf *.o *.so *~ *.bak ,* LOG* *.class *.jstmp config.cache config.log config.status manifest.tmp        
rm -f core
make[5]: Leaving directory '/home/travis/build/icyphy/ptII/adm/gen-11.1/src/ptII11.1.devel/ptolemy/domains/hdf/test'
make[4]: Leaving directory '/home/travis/build/icyphy/ptII/adm/gen-11.1/src/ptII11.1.devel/ptolemy/domains/hdf'
making clean in ptolemy/domains/modal
make[4]: Entering directory '/home/travis/build/icyphy/ptII/adm/gen-11.1/src/ptII11.1.devel/ptolemy/domains/modal'
rm -rf *.o *.so *~ *.bak ,* LOG* *.class *.jstmp config.cache config.log config.status manifest.tmp    modal.jar    
rm -f core
making clean in ptolemy/domains/modal/kernel
make[5]: Entering directory '/home/travis/build/icyphy/ptII/adm/gen-11.1/src/ptII11.1.devel/ptolemy/domains/modal/kernel'
rm -rf *.o *.so *~ *.bak ,* LOG* *.class *.jstmp config.cache config.log config.status manifest.tmp AbstractActionsAttribute.class Action.class ChoiceAction.class CommitAction.class CommitActionsAttribute.class ConfigurableEntity.class Configurer.class ContainmentExtender.class FSMActor.class FSMCausalityInterface.class FSMDirector.class FSMReceiver.class FSMTransitionParameter.class ModalDirector.class MultipleEnabledTransitionsException.class MultirateFSMDirector.class NonStrictFSMDirector.class OutputActionsAttribute.class ParseTreeEvaluatorForGuardExpression.class RefinementActor.class RelationList.class RelationNode.class RelationType.class State.class StateEvent.class TransientState.class Transition.class   kernel.jar    
rm -f core
making clean in ptolemy/domains/modal/kernel/fmv
make[6]: Entering directory '/home/travis/build/icyphy/ptII/adm/gen-11.1/src/ptII11.1.devel/ptolemy/domains/modal/kernel/fmv'
rm -rf *.o *.so *~ *.bak ,* LOG* *.class *.jstmp config.cache config.log config.status manifest.tmp FmvAutomaton.class FmvState.class fmv.jar     fmv.jar 
rm -f core
making clean in ptolemy/domains/modal/kernel/fmv/test
make[7]: Entering directory '/home/travis/build/icyphy/ptII/adm/gen-11.1/src/ptII11.1.devel/ptolemy/domains/modal/kernel/fmv/test'
rm -rf *.o *.so *~ *.bak ,* LOG* *.class *.jstmp config.cache config.log config.status manifest.tmp        
rm -f core
make[7]: Leaving directory '/home/travis/build/icyphy/ptII/adm/gen-11.1/src/ptII11.1.devel/ptolemy/domains/modal/kernel/fmv/test'
make[6]: Leaving directory '/home/travis/build/icyphy/ptII/adm/gen-11.1/src/ptII11.1.devel/ptolemy/domains/modal/kernel/fmv'
making clean in ptolemy/domains/modal/kernel/ia
make[6]: Entering directory '/home/travis/build/icyphy/ptII/adm/gen-11.1/src/ptII11.1.devel/ptolemy/domains/modal/kernel/ia'
rm -rf *.o *.so *~ *.bak ,* LOG* *.class *.jstmp config.cache config.log config.status manifest.tmp InterfaceAutomaton.class InterfaceAutomatonTransition.class StatePair.class ia.jar     ia.jar 
rm -f core
making clean in ptolemy/domains/modal/kernel/ia/test
make[7]: Entering directory '/home/travis/build/icyphy/ptII/adm/gen-11.1/src/ptII11.1.devel/ptolemy/domains/modal/kernel/ia/test'
rm -rf *.o *.so *~ *.bak ,* LOG* *.class *.jstmp config.cache config.log config.status manifest.tmp        
rm -f core
make[7]: Leaving directory '/home/travis/build/icyphy/ptII/adm/gen-11.1/src/ptII11.1.devel/ptolemy/domains/modal/kernel/ia/test'
make[6]: Leaving directory '/home/travis/build/icyphy/ptII/adm/gen-11.1/src/ptII11.1.devel/ptolemy/domains/modal/kernel/ia'
making clean in ptolemy/domains/modal/kernel/test
make[6]: Entering directory '/home/travis/build/icyphy/ptII/adm/gen-11.1/src/ptII11.1.devel/ptolemy/domains/modal/kernel/test'
rm -rf *.o *.so *~ *.bak ,* LOG* *.class *.jstmp config.cache config.log config.status manifest.tmp AlternatingSimulation.class CombineInternalTransitions.class Compose.class DeadlockStates.class GetInfo.class Project.class ZeroOneSource.class       
rm -f core
make[6]: Leaving directory '/home/travis/build/icyphy/ptII/adm/gen-11.1/src/ptII11.1.devel/ptolemy/domains/modal/kernel/test'
make[5]: Leaving directory '/home/travis/build/icyphy/ptII/adm/gen-11.1/src/ptII11.1.devel/ptolemy/domains/modal/kernel'
making clean in ptolemy/domains/modal/modal
make[5]: Entering directory '/home/travis/build/icyphy/ptII/adm/gen-11.1/src/ptII11.1.devel/ptolemy/domains/modal/modal'
rm -rf *.o *.so *~ *.bak ,* LOG* *.class *.jstmp config.cache config.log config.status manifest.tmp Case.class ClassComparator.class MirrorCausalityInterface.class ModalBasePort.class ModalController.class ModalModel.class ModalPort.class ModalRefinement.class ModalRefinementPort.class Refinement.class RefinementExtender.class RefinementPort.class RefinementSuggestion.class TransitionRefinement.class TransitionRefinementPort.class modal.jar     modal.jar 
rm -f core
making clean in ptolemy/domains/modal/modal/test
make[6]: Entering directory '/home/travis/build/icyphy/ptII/adm/gen-11.1/src/ptII11.1.devel/ptolemy/domains/modal/modal/test'
rm -rf *.o *.so *~ *.bak ,* LOG* *.class *.jstmp config.cache config.log config.status manifest.tmp        
rm -f core
make[6]: Leaving directory '/home/travis/build/icyphy/ptII/adm/gen-11.1/src/ptII11.1.devel/ptolemy/domains/modal/modal/test'
make[5]: Leaving directory '/home/travis/build/icyphy/ptII/adm/gen-11.1/src/ptII11.1.devel/ptolemy/domains/modal/modal'
making clean in ptolemy/domains/modal/demo
make[5]: Entering directory '/home/travis/build/icyphy/ptII/adm/gen-11.1/src/ptII11.1.devel/ptolemy/domains/modal/demo'
rm -rf *.o *.so *~ *.bak ,* LOG* *.class *.jstmp config.cache config.log config.status manifest.tmp    demo.jar    
rm -f core
making clean in ptolemy/domains/modal/demo/ABP
make[6]: Entering directory '/home/travis/build/icyphy/ptII/adm/gen-11.1/src/ptII11.1.devel/ptolemy/domains/modal/demo/ABP'
rm -rf *.o *.so *~ *.bak ,* LOG* *.class *.jstmp config.cache config.log config.status manifest.tmp  ABP.jar     ABP.jar 
rm -f core
make[6]: Leaving directory '/home/travis/build/icyphy/ptII/adm/gen-11.1/src/ptII11.1.devel/ptolemy/domains/modal/demo/ABP'
making clean in ptolemy/domains/modal/demo/Case
make[6]: Entering directory '/home/travis/build/icyphy/ptII/adm/gen-11.1/src/ptII11.1.devel/ptolemy/domains/modal/demo/Case'
rm -rf *.o *.so *~ *.bak ,* LOG* *.class *.jstmp config.cache config.log config.status manifest.tmp  Case.jar     Case.jar 
rm -f core
make[6]: Leaving directory '/home/travis/build/icyphy/ptII/adm/gen-11.1/src/ptII11.1.devel/ptolemy/domains/modal/demo/Case'
making clean in ptolemy/domains/modal/demo/ChainedTransitions
make[6]: Entering directory '/home/travis/build/icyphy/ptII/adm/gen-11.1/src/ptII11.1.devel/ptolemy/domains/modal/demo/ChainedTransitions'
rm -rf *.o *.so *~ *.bak ,* LOG* *.class *.jstmp config.cache config.log config.status manifest.tmp  ChainedTransitions.jar     ChainedTransitions.jar 
rm -f core
make[6]: Leaving directory '/home/travis/build/icyphy/ptII/adm/gen-11.1/src/ptII11.1.devel/ptolemy/domains/modal/demo/ChainedTransitions'
making clean in ptolemy/domains/modal/demo/Blending
make[6]: Entering directory '/home/travis/build/icyphy/ptII/adm/gen-11.1/src/ptII11.1.devel/ptolemy/domains/modal/demo/Blending'
rm -rf *.o *.so *~ *.bak ,* LOG* *.class *.jstmp config.cache config.log config.status manifest.tmp  Blending.jar     Blending.jar 
rm -f core
make[6]: Leaving directory '/home/travis/build/icyphy/ptII/adm/gen-11.1/src/ptII11.1.devel/ptolemy/domains/modal/demo/Blending'
making clean in ptolemy/domains/modal/demo/ModalBSC
make[6]: Entering directory '/home/travis/build/icyphy/ptII/adm/gen-11.1/src/ptII11.1.devel/ptolemy/domains/modal/demo/ModalBSC'
rm -rf *.o *.so *~ *.bak ,* LOG* *.class *.jstmp config.cache config.log config.status manifest.tmp  ModalBSC.jar     ModalBSC.jar 
rm -f core
make[6]: Leaving directory '/home/travis/build/icyphy/ptII/adm/gen-11.1/src/ptII11.1.devel/ptolemy/domains/modal/demo/ModalBSC'
making clean in ptolemy/domains/modal/demo/MultipleRuns
make[6]: Entering directory '/home/travis/build/icyphy/ptII/adm/gen-11.1/src/ptII11.1.devel/ptolemy/domains/modal/demo/MultipleRuns'
rm -rf *.o *.so *~ *.bak ,* LOG* *.class *.jstmp config.cache config.log config.status manifest.tmp  MultipleRuns.jar     MultipleRuns.jar 
rm -f core
make[6]: Leaving directory '/home/travis/build/icyphy/ptII/adm/gen-11.1/src/ptII11.1.devel/ptolemy/domains/modal/demo/MultipleRuns'
making clean in ptolemy/domains/modal/demo/PersistentIO
make[6]: Entering directory '/home/travis/build/icyphy/ptII/adm/gen-11.1/src/ptII11.1.devel/ptolemy/domains/modal/demo/PersistentIO'
rm -rf *.o *.so *~ *.bak ,* LOG* *.class *.jstmp config.cache config.log config.status manifest.tmp  PersistentIO.jar     PersistentIO.jar 
rm -f core
make[6]: Leaving directory '/home/travis/build/icyphy/ptII/adm/gen-11.1/src/ptII11.1.devel/ptolemy/domains/modal/demo/PersistentIO'
making clean in ptolemy/domains/modal/demo/StateTracker
make[6]: Entering directory '/home/travis/build/icyphy/ptII/adm/gen-11.1/src/ptII11.1.devel/ptolemy/domains/modal/demo/StateTracker'
rm -rf *.o *.so *~ *.bak ,* LOG* *.class *.jstmp config.cache config.log config.status manifest.tmp  StateTracker.jar     StateTracker.jar 
rm -f core
make[6]: Leaving directory '/home/travis/build/icyphy/ptII/adm/gen-11.1/src/ptII11.1.devel/ptolemy/domains/modal/demo/StateTracker'
making clean in ptolemy/domains/modal/demo/SystemLevelType
make[6]: Entering directory '/home/travis/build/icyphy/ptII/adm/gen-11.1/src/ptII11.1.devel/ptolemy/domains/modal/demo/SystemLevelType'
rm -rf *.o *.so *~ *.bak ,* LOG* *.class *.jstmp config.cache config.log config.status manifest.tmp    SystemLevelType.jar    
rm -f core
making clean in ptolemy/domains/modal/demo/SystemLevelType/fmv
make[7]: Entering directory '/home/travis/build/icyphy/ptII/adm/gen-11.1/src/ptII11.1.devel/ptolemy/domains/modal/demo/SystemLevelType/fmv'
rm -rf *.o *.so *~ *.bak ,* LOG* *.class *.jstmp config.cache config.log config.status manifest.tmp  fmv.jar     fmv.jar 
rm -f core
make[7]: Leaving directory '/home/travis/build/icyphy/ptII/adm/gen-11.1/src/ptII11.1.devel/ptolemy/domains/modal/demo/SystemLevelType/fmv'
make[6]: Leaving directory '/home/travis/build/icyphy/ptII/adm/gen-11.1/src/ptII11.1.devel/ptolemy/domains/modal/demo/SystemLevelType'
make[5]: Leaving directory '/home/travis/build/icyphy/ptII/adm/gen-11.1/src/ptII11.1.devel/ptolemy/domains/modal/demo'
making clean in ptolemy/domains/modal/doc
make[5]: Entering directory '/home/travis/build/icyphy/ptII/adm/gen-11.1/src/ptII11.1.devel/ptolemy/domains/modal/doc'
rm -rf *.o *.so *~ *.bak ,* LOG* *.class *.jstmp config.cache config.log config.status manifest.tmp  doc.jar     doc.jar 
rm -f core
make[5]: Leaving directory '/home/travis/build/icyphy/ptII/adm/gen-11.1/src/ptII11.1.devel/ptolemy/domains/modal/doc'
making clean in ptolemy/domains/modal/test
make[5]: Entering directory '/home/travis/build/icyphy/ptII/adm/gen-11.1/src/ptII11.1.devel/ptolemy/domains/modal/test'
rm -rf *.o *.so *~ *.bak ,* LOG* *.class *.jstmp config.cache config.log config.status manifest.tmp        
rm -f core
make[5]: Leaving directory '/home/travis/build/icyphy/ptII/adm/gen-11.1/src/ptII11.1.devel/ptolemy/domains/modal/test'
make[4]: Leaving directory '/home/travis/build/icyphy/ptII/adm/gen-11.1/src/ptII11.1.devel/ptolemy/domains/modal'
making clean in ptolemy/domains/pn
make[4]: Entering directory '/home/travis/build/icyphy/ptII/adm/gen-11.1/src/ptII11.1.devel/ptolemy/domains/pn'
rm -rf *.o *.so *~ *.bak ,* LOG* *.class *.jstmp config.cache config.log config.status manifest.tmp    pn.jar    
rm -f core
making clean in ptolemy/domains/pn/kernel
make[5]: Entering directory '/home/travis/build/icyphy/ptII/adm/gen-11.1/src/ptII11.1.devel/ptolemy/domains/pn/kernel'
rm -rf *.o *.so *~ *.bak ,* LOG* *.class *.jstmp config.cache config.log config.status manifest.tmp NondeterministicMerge.class PNDirector.class PNQueueReceiver.class TimedPNDirector.class   kernel.jar    
rm -f core
making clean in ptolemy/domains/pn/kernel/event
make[6]: Entering directory '/home/travis/build/icyphy/ptII/adm/gen-11.1/src/ptII11.1.devel/ptolemy/domains/pn/kernel/event'
rm -rf *.o *.so *~ *.bak ,* LOG* *.class *.jstmp config.cache config.log config.status manifest.tmp PNProcessEvent.class PNProcessListener.class event.jar     event.jar 
rm -f core
making clean in ptolemy/domains/pn/kernel/event/test
make[7]: Entering directory '/home/travis/build/icyphy/ptII/adm/gen-11.1/src/ptII11.1.devel/ptolemy/domains/pn/kernel/event/test'
rm -rf *.o *.so *~ *.bak ,* LOG* *.class *.jstmp config.cache config.log config.status manifest.tmp StringPNListener.class       
rm -f core
make[7]: Leaving directory '/home/travis/build/icyphy/ptII/adm/gen-11.1/src/ptII11.1.devel/ptolemy/domains/pn/kernel/event/test'
make[6]: Leaving directory '/home/travis/build/icyphy/ptII/adm/gen-11.1/src/ptII11.1.devel/ptolemy/domains/pn/kernel/event'
making clean in ptolemy/domains/pn/kernel/test
make[6]: Entering directory '/home/travis/build/icyphy/ptII/adm/gen-11.1/src/ptII11.1.devel/ptolemy/domains/pn/kernel/test'
rm -rf *.o *.so *~ *.bak ,* LOG* *.class *.jstmp config.cache config.log config.status manifest.tmp TestSink.class TestDirector.class       
rm -f core
make[6]: Leaving directory '/home/travis/build/icyphy/ptII/adm/gen-11.1/src/ptII11.1.devel/ptolemy/domains/pn/kernel/test'
make[5]: Leaving directory '/home/travis/build/icyphy/ptII/adm/gen-11.1/src/ptII11.1.devel/ptolemy/domains/pn/kernel'
making clean in ptolemy/domains/pn/demo
make[5]: Entering directory '/home/travis/build/icyphy/ptII/adm/gen-11.1/src/ptII11.1.devel/ptolemy/domains/pn/demo'
rm -rf *.o *.so *~ *.bak ,* LOG* *.class *.jstmp config.cache config.log config.status manifest.tmp    demo.jar    
rm -f core
making clean in ptolemy/domains/pn/demo/BrockAckerman
make[6]: Entering directory '/home/travis/build/icyphy/ptII/adm/gen-11.1/src/ptII11.1.devel/ptolemy/domains/pn/demo/BrockAckerman'
rm -rf *.o *.so *~ *.bak ,* LOG* *.class *.jstmp config.cache config.log config.status manifest.tmp  BrockAckerman.jar     BrockAckerman.jar BrockAckerman.jar
rm -f core
make[6]: Leaving directory '/home/travis/build/icyphy/ptII/adm/gen-11.1/src/ptII11.1.devel/ptolemy/domains/pn/demo/BrockAckerman'
making clean in ptolemy/domains/pn/demo/CounterMachine
make[6]: Entering directory '/home/travis/build/icyphy/ptII/adm/gen-11.1/src/ptII11.1.devel/ptolemy/domains/pn/demo/CounterMachine'
rm -rf *.o *.so *~ *.bak ,* LOG* *.class *.jstmp config.cache config.log config.status manifest.tmp  CounterMachine.jar     CounterMachine.jar CounterMachine.jar
rm -f core
make[6]: Leaving directory '/home/travis/build/icyphy/ptII/adm/gen-11.1/src/ptII11.1.devel/ptolemy/domains/pn/demo/CounterMachine'
making clean in ptolemy/domains/pn/demo/NondeterministicMerge
make[6]: Entering directory '/home/travis/build/icyphy/ptII/adm/gen-11.1/src/ptII11.1.devel/ptolemy/domains/pn/demo/NondeterministicMerge'
rm -rf *.o *.so *~ *.bak ,* LOG* *.class *.jstmp config.cache config.log config.status manifest.tmp  NondeterministicMerge.jar     NondeterministicMerge.jar NondeterministicMerge.jar
rm -f core
make[6]: Leaving directory '/home/travis/build/icyphy/ptII/adm/gen-11.1/src/ptII11.1.devel/ptolemy/domains/pn/demo/NondeterministicMerge'
making clean in ptolemy/domains/pn/demo/NondeterministicMergeWithFeedback
make[6]: Entering directory '/home/travis/build/icyphy/ptII/adm/gen-11.1/src/ptII11.1.devel/ptolemy/domains/pn/demo/NondeterministicMergeWithFeedback'
rm -rf *.o *.so *~ *.bak ,* LOG* *.class *.jstmp config.cache config.log config.status manifest.tmp  NondeterministicMergeWithFeedback.jar     NondeterministicMergeWithFeedback.jar NondeterministicMergeWithFeedback.jar
rm -f core
make[6]: Leaving directory '/home/travis/build/icyphy/ptII/adm/gen-11.1/src/ptII11.1.devel/ptolemy/domains/pn/demo/NondeterministicMergeWithFeedback'
making clean in ptolemy/domains/pn/demo/OrderedMerge
make[6]: Entering directory '/home/travis/build/icyphy/ptII/adm/gen-11.1/src/ptII11.1.devel/ptolemy/domains/pn/demo/OrderedMerge'
rm -rf *.o *.so *~ *.bak ,* LOG* *.class *.jstmp config.cache config.log config.status manifest.tmp  OrderedMerge.jar     OrderedMerge.jar OrderedMerge.jar
rm -f core
make[6]: Leaving directory '/home/travis/build/icyphy/ptII/adm/gen-11.1/src/ptII11.1.devel/ptolemy/domains/pn/demo/OrderedMerge'
making clean in ptolemy/domains/pn/demo/QR
make[6]: Entering directory '/home/travis/build/icyphy/ptII/adm/gen-11.1/src/ptII11.1.devel/ptolemy/domains/pn/demo/QR'
rm -rf *.o *.so *~ *.bak ,* LOG* *.class *.jstmp config.cache config.log config.status manifest.tmp ND_1.class ND_2.class ND_3.class ND_4.class ND_5.class StreamToMatrix.class SourceMatrix.class ArrayIndex.class QR.jar     QR.jar QR.jar
rm -f core
make[6]: Leaving directory '/home/travis/build/icyphy/ptII/adm/gen-11.1/src/ptII11.1.devel/ptolemy/domains/pn/demo/QR'
making clean in ptolemy/domains/pn/demo/RemoveNilTokens
make[6]: Entering directory '/home/travis/build/icyphy/ptII/adm/gen-11.1/src/ptII11.1.devel/ptolemy/domains/pn/demo/RemoveNilTokens'
rm -rf *.o *.so *~ *.bak ,* LOG* *.class *.jstmp config.cache config.log config.status manifest.tmp  RemoveNilTokens.jar     RemoveNilTokens.jar RemoveNilTokens.jar
rm -f core
make[6]: Leaving directory '/home/travis/build/icyphy/ptII/adm/gen-11.1/src/ptII11.1.devel/ptolemy/domains/pn/demo/RemoveNilTokens'
making clean in ptolemy/domains/pn/demo/Stack
make[6]: Entering directory '/home/travis/build/icyphy/ptII/adm/gen-11.1/src/ptII11.1.devel/ptolemy/domains/pn/demo/Stack'
rm -rf *.o *.so *~ *.bak ,* LOG* *.class *.jstmp config.cache config.log config.status manifest.tmp  Stack.jar     Stack.jar Stack.jar
rm -f core
make[6]: Leaving directory '/home/travis/build/icyphy/ptII/adm/gen-11.1/src/ptII11.1.devel/ptolemy/domains/pn/demo/Stack'
make[5]: Leaving directory '/home/travis/build/icyphy/ptII/adm/gen-11.1/src/ptII11.1.devel/ptolemy/domains/pn/demo'
making clean in ptolemy/domains/pn/doc
make[5]: Entering directory '/home/travis/build/icyphy/ptII/adm/gen-11.1/src/ptII11.1.devel/ptolemy/domains/pn/doc'
rm -rf *.o *.so *~ *.bak ,* LOG* *.class *.jstmp config.cache config.log config.status manifest.tmp  doc.jar     doc.jar 
rm -f core
make[5]: Leaving directory '/home/travis/build/icyphy/ptII/adm/gen-11.1/src/ptII11.1.devel/ptolemy/domains/pn/doc'
making clean in ptolemy/domains/pn/test
make[5]: Entering directory '/home/travis/build/icyphy/ptII/adm/gen-11.1/src/ptII11.1.devel/ptolemy/domains/pn/test'
rm -rf *.o *.so *~ *.bak ,* LOG* *.class *.jstmp config.cache config.log config.status manifest.tmp        
rm -f core
make[5]: Leaving directory '/home/travis/build/icyphy/ptII/adm/gen-11.1/src/ptII11.1.devel/ptolemy/domains/pn/test'
making clean in ptolemy/domains/pn/lib
make[5]: Entering directory '/home/travis/build/icyphy/ptII/adm/gen-11.1/src/ptII11.1.devel/ptolemy/domains/pn/lib'
rm -rf *.o *.so *~ *.bak ,* LOG* *.class *.jstmp config.cache config.log config.status manifest.tmp Starver.class lib.jar     lib.jar 
rm -f core
make[5]: Leaving directory '/home/travis/build/icyphy/ptII/adm/gen-11.1/src/ptII11.1.devel/ptolemy/domains/pn/lib'
make[4]: Leaving directory '/home/travis/build/icyphy/ptII/adm/gen-11.1/src/ptII11.1.devel/ptolemy/domains/pn'
making clean in ptolemy/domains/sdf
make[4]: Entering directory '/home/travis/build/icyphy/ptII/adm/gen-11.1/src/ptII11.1.devel/ptolemy/domains/sdf'
rm -rf *.o *.so *~ *.bak ,* LOG* *.class *.jstmp config.cache config.log config.status manifest.tmp    sdf.jar    
rm -f core
making clean in ptolemy/domains/sdf/kernel
make[5]: Entering directory '/home/travis/build/icyphy/ptII/adm/gen-11.1/src/ptII11.1.devel/ptolemy/domains/sdf/kernel'
rm -rf *.o *.so *~ *.bak ,* LOG* *.class *.jstmp config.cache config.log config.status manifest.tmp ArrayFIFOQueue.class BaseSDFScheduler.class CachedSDFScheduler.class SDFDirector.class SDFIOPort.class SDFReceiver.class SDFScheduler.class kernel.jar     kernel.jar 
rm -f core
making clean in ptolemy/domains/sdf/kernel/test
make[6]: Entering directory '/home/travis/build/icyphy/ptII/adm/gen-11.1/src/ptII11.1.devel/ptolemy/domains/sdf/kernel/test'
rm -rf *.o *.so *~ *.bak ,* LOG* *.class *.jstmp config.cache config.log config.status manifest.tmp SDFTestConsumer.class SDFTestDelay.class SDFTestJoin.class SDFTestRamp.class SDFTestSplit.class SDFTestZeroRate1.class SDFTestZeroRate2.class       
rm -f core
make[6]: Leaving directory '/home/travis/build/icyphy/ptII/adm/gen-11.1/src/ptII11.1.devel/ptolemy/domains/sdf/kernel/test'
make[5]: Leaving directory '/home/travis/build/icyphy/ptII/adm/gen-11.1/src/ptII11.1.devel/ptolemy/domains/sdf/kernel'
making clean in ptolemy/domains/sdf/lib
make[5]: Entering directory '/home/travis/build/icyphy/ptII/adm/gen-11.1/src/ptII11.1.devel/ptolemy/domains/sdf/lib'
rm -rf *.o *.so *~ *.bak ,* LOG* *.class *.jstmp config.cache config.log config.status manifest.tmp ArrayToSequence.class Autocorrelation.class BootstrapSampleDelay.class BitsToInt.class Chop.class CountTrues.class DelayLine.class DotProduct.class DoubleToMatrix.class DownSample.class FIR.class FFT.class IFFT.class IntToBits.class LineCoder.class LMSAdaptive.class MatrixJoin.class MatrixSplit.class MatrixToDouble.class MatrixToSequence.class RaisedCosine.class Repeat.class SDFConverter.class SDFTransformer.class SampleDelay.class SequenceToArray.class SequenceToMatrix.class UpSample.class VariableFIR.class VariableLattice.class VariableRecursiveLattice.class lib.jar     lib.jar 
rm -f core
making clean in ptolemy/domains/sdf/lib/vq
make[6]: Entering directory '/home/travis/build/icyphy/ptII/adm/gen-11.1/src/ptII11.1.devel/ptolemy/domains/sdf/lib/vq'
rm -rf *.o *.so *~ *.bak ,* LOG* *.class *.jstmp config.cache config.log config.status manifest.tmp HTVQEncode.class ImageContrast.class ImageDisplay.class ImageDisplayInterface.class ImageDisplayJavaSE.class ImagePartition.class ImageSequence.class ImageUnpartition.class PSNR.class VQDecode.class vq.jar     vq.jar 
rm -f core
making clean in ptolemy/domains/sdf/lib/vq/test
make[7]: Entering directory '/home/travis/build/icyphy/ptII/adm/gen-11.1/src/ptII11.1.devel/ptolemy/domains/sdf/lib/vq/test'
rm -rf *.o *.so *~ *.bak ,* LOG* *.class *.jstmp config.cache config.log config.status manifest.tmp        
rm -f core
make[7]: Leaving directory '/home/travis/build/icyphy/ptII/adm/gen-11.1/src/ptII11.1.devel/ptolemy/domains/sdf/lib/vq/test'
making clean in ptolemy/domains/sdf/lib/vq/data
make[7]: Entering directory '/home/travis/build/icyphy/ptII/adm/gen-11.1/src/ptII11.1.devel/ptolemy/domains/sdf/lib/vq/data'
rm -rf *.o *.so *~ *.bak ,* LOG* *.class *.jstmp config.cache config.log config.status manifest.tmp    data.jar    
rm -f core
making clean in ptolemy/domains/sdf/lib/vq/data/seq
make[8]: Entering directory '/home/travis/build/icyphy/ptII/adm/gen-11.1/src/ptII11.1.devel/ptolemy/domains/sdf/lib/vq/data/seq'
rm -rf *.o *.so *~ *.bak ,* LOG* *.class *.jstmp config.cache config.log config.status manifest.tmp    seq.jar    
rm -f core
making clean in ptolemy/domains/sdf/lib/vq/data/seq/missa
make[9]: Entering directory '/home/travis/build/icyphy/ptII/adm/gen-11.1/src/ptII11.1.devel/ptolemy/domains/sdf/lib/vq/data/seq/missa'
rm -rf *.o *.so *~ *.bak ,* LOG* *.class *.jstmp config.cache config.log config.status manifest.tmp  missa.jar     missa.jar 
rm -f core
make[9]: Leaving directory '/home/travis/build/icyphy/ptII/adm/gen-11.1/src/ptII11.1.devel/ptolemy/domains/sdf/lib/vq/data/seq/missa'
make[8]: Leaving directory '/home/travis/build/icyphy/ptII/adm/gen-11.1/src/ptII11.1.devel/ptolemy/domains/sdf/lib/vq/data/seq'
make[7]: Leaving directory '/home/travis/build/icyphy/ptII/adm/gen-11.1/src/ptII11.1.devel/ptolemy/domains/sdf/lib/vq/data'
make[6]: Leaving directory '/home/travis/build/icyphy/ptII/adm/gen-11.1/src/ptII11.1.devel/ptolemy/domains/sdf/lib/vq'
making clean in ptolemy/domains/sdf/lib/test
make[6]: Entering directory '/home/travis/build/icyphy/ptII/adm/gen-11.1/src/ptII11.1.devel/ptolemy/domains/sdf/lib/test'
rm -rf *.o *.so *~ *.bak ,* LOG* *.class *.jstmp config.cache config.log config.status manifest.tmp Time.class       
rm -f core
make[6]: Leaving directory '/home/travis/build/icyphy/ptII/adm/gen-11.1/src/ptII11.1.devel/ptolemy/domains/sdf/lib/test'
make[5]: Leaving directory '/home/travis/build/icyphy/ptII/adm/gen-11.1/src/ptII11.1.devel/ptolemy/domains/sdf/lib'
making clean in ptolemy/domains/sdf/optimize
make[5]: Entering directory '/home/travis/build/icyphy/ptII/adm/gen-11.1/src/ptII11.1.devel/ptolemy/domains/sdf/optimize'
rm -rf *.o *.so *~ *.bak ,* LOG* *.class *.jstmp config.cache config.log config.status manifest.tmp BufferingProfileFiring.class BufferingProfile.class OptimalScheduleFinder.class OptimizingSDFDirector.class OptimizingSDFScheduler.class SharedBufferTransformer.class   optimize.jar    
rm -f core
making clean in ptolemy/domains/sdf/optimize/demo
make[6]: Entering directory '/home/travis/build/icyphy/ptII/adm/gen-11.1/src/ptII11.1.devel/ptolemy/domains/sdf/optimize/demo'
rm -rf *.o *.so *~ *.bak ,* LOG* *.class *.jstmp config.cache config.log config.status manifest.tmp    demo.jar    
rm -f core
making clean in ptolemy/domains/sdf/optimize/demo/SDFOptimize
make[7]: Entering directory '/home/travis/build/icyphy/ptII/adm/gen-11.1/src/ptII11.1.devel/ptolemy/domains/sdf/optimize/demo/SDFOptimize'
rm -rf *.o *.so *~ *.bak ,* LOG* *.class *.jstmp config.cache config.log config.status manifest.tmp  SDFOptimize.jar     SDFOptimize.jar 
rm -f core
make[7]: Leaving directory '/home/travis/build/icyphy/ptII/adm/gen-11.1/src/ptII11.1.devel/ptolemy/domains/sdf/optimize/demo/SDFOptimize'
make[6]: Leaving directory '/home/travis/build/icyphy/ptII/adm/gen-11.1/src/ptII11.1.devel/ptolemy/domains/sdf/optimize/demo'
making clean in ptolemy/domains/sdf/optimize/lib
make[6]: Entering directory '/home/travis/build/icyphy/ptII/adm/gen-11.1/src/ptII11.1.devel/ptolemy/domains/sdf/optimize/lib'
rm -rf *.o *.so *~ *.bak ,* LOG* *.class *.jstmp config.cache config.log config.status manifest.tmp DummyDisplay.class DummyFrame.class DummyReferenceToken.class DummySource.class DummyTransformer.class lib.jar     lib.jar 
rm -f core
make[6]: Leaving directory '/home/travis/build/icyphy/ptII/adm/gen-11.1/src/ptII11.1.devel/ptolemy/domains/sdf/optimize/lib'
making clean in ptolemy/domains/sdf/optimize/test
make[6]: Entering directory '/home/travis/build/icyphy/ptII/adm/gen-11.1/src/ptII11.1.devel/ptolemy/domains/sdf/optimize/test'
rm -rf *.o *.so *~ *.bak ,* LOG* *.class *.jstmp config.cache config.log config.status manifest.tmp        
rm -f core
make[6]: Leaving directory '/home/travis/build/icyphy/ptII/adm/gen-11.1/src/ptII11.1.devel/ptolemy/domains/sdf/optimize/test'
make[5]: Leaving directory '/home/travis/build/icyphy/ptII/adm/gen-11.1/src/ptII11.1.devel/ptolemy/domains/sdf/optimize'
making clean in ptolemy/domains/sdf/demo
make[5]: Entering directory '/home/travis/build/icyphy/ptII/adm/gen-11.1/src/ptII11.1.devel/ptolemy/domains/sdf/demo'
rm -rf *.o *.so *~ *.bak ,* LOG* *.class *.jstmp config.cache config.log config.status manifest.tmp    demo.jar    
rm -f core
making clean in ptolemy/domains/sdf/demo/Array
make[6]: Entering directory '/home/travis/build/icyphy/ptII/adm/gen-11.1/src/ptII11.1.devel/ptolemy/domains/sdf/demo/Array'
rm -rf *.o *.so *~ *.bak ,* LOG* *.class *.jstmp config.cache config.log config.status manifest.tmp  Array.jar     Array.jar 
rm -f core
make[6]: Leaving directory '/home/travis/build/icyphy/ptII/adm/gen-11.1/src/ptII11.1.devel/ptolemy/domains/sdf/demo/Array'
making clean in ptolemy/domains/sdf/demo/Butterfly
make[6]: Entering directory '/home/travis/build/icyphy/ptII/adm/gen-11.1/src/ptII11.1.devel/ptolemy/domains/sdf/demo/Butterfly'
rm -rf *.o *.so *~ *.bak ,* LOG* *.class *.jstmp config.cache config.log config.status manifest.tmp Butterfly.class Butterfly.jar     Butterfly.jar 
rm -f core
make[6]: Leaving directory '/home/travis/build/icyphy/ptII/adm/gen-11.1/src/ptII11.1.devel/ptolemy/domains/sdf/demo/Butterfly'
making clean in ptolemy/domains/sdf/demo/Expression
make[6]: Entering directory '/home/travis/build/icyphy/ptII/adm/gen-11.1/src/ptII11.1.devel/ptolemy/domains/sdf/demo/Expression'
rm -rf *.o *.so *~ *.bak ,* LOG* *.class *.jstmp config.cache config.log config.status manifest.tmp  Expression.jar     Expression.jar 
rm -f core
make[6]: Leaving directory '/home/travis/build/icyphy/ptII/adm/gen-11.1/src/ptII11.1.devel/ptolemy/domains/sdf/demo/Expression'
making clean in ptolemy/domains/sdf/demo/Eye
make[6]: Entering directory '/home/travis/build/icyphy/ptII/adm/gen-11.1/src/ptII11.1.devel/ptolemy/domains/sdf/demo/Eye'
rm -rf *.o *.so *~ *.bak ,* LOG* *.class *.jstmp config.cache config.log config.status manifest.tmp  Eye.jar     Eye.jar 
rm -f core
make[6]: Leaving directory '/home/travis/build/icyphy/ptII/adm/gen-11.1/src/ptII11.1.devel/ptolemy/domains/sdf/demo/Eye'
making clean in ptolemy/domains/sdf/demo/FixFIR
make[6]: Entering directory '/home/travis/build/icyphy/ptII/adm/gen-11.1/src/ptII11.1.devel/ptolemy/domains/sdf/demo/FixFIR'
rm -rf *.o *.so *~ *.bak ,* LOG* *.class *.jstmp config.cache config.log config.status manifest.tmp  FixFIR.jar     FixFIR.jar 
rm -f core
make[6]: Leaving directory '/home/travis/build/icyphy/ptII/adm/gen-11.1/src/ptII11.1.devel/ptolemy/domains/sdf/demo/FixFIR'
making clean in ptolemy/domains/sdf/demo/FixPoint
make[6]: Entering directory '/home/travis/build/icyphy/ptII/adm/gen-11.1/src/ptII11.1.devel/ptolemy/domains/sdf/demo/FixPoint'
rm -rf *.o *.so *~ *.bak ,* LOG* *.class *.jstmp config.cache config.log config.status manifest.tmp  FixPoint.jar     FixPoint.jar 
rm -f core
make[6]: Leaving directory '/home/travis/build/icyphy/ptII/adm/gen-11.1/src/ptII11.1.devel/ptolemy/domains/sdf/demo/FixPoint'
making clean in ptolemy/domains/sdf/demo/FourierSeries
make[6]: Entering directory '/home/travis/build/icyphy/ptII/adm/gen-11.1/src/ptII11.1.devel/ptolemy/domains/sdf/demo/FourierSeries'
rm -rf *.o *.so *~ *.bak ,* LOG* *.class *.jstmp config.cache config.log config.status manifest.tmp  FourierSeries.jar     FourierSeries.jar 
rm -f core
make[6]: Leaving directory '/home/travis/build/icyphy/ptII/adm/gen-11.1/src/ptII11.1.devel/ptolemy/domains/sdf/demo/FourierSeries'
making clean in ptolemy/domains/sdf/demo/Gravitation
make[6]: Entering directory '/home/travis/build/icyphy/ptII/adm/gen-11.1/src/ptII11.1.devel/ptolemy/domains/sdf/demo/Gravitation'
rm -rf *.o *.so *~ *.bak ,* LOG* *.class *.jstmp config.cache config.log config.status manifest.tmp  Gravitation.jar     Gravitation.jar GravitationWithCollisionDetection.jar
rm -f core
make[6]: Leaving directory '/home/travis/build/icyphy/ptII/adm/gen-11.1/src/ptII11.1.devel/ptolemy/domains/sdf/demo/Gravitation'
making clean in ptolemy/domains/sdf/demo/HTVQ
make[6]: Entering directory '/home/travis/build/icyphy/ptII/adm/gen-11.1/src/ptII11.1.devel/ptolemy/domains/sdf/demo/HTVQ'
rm -rf *.o *.so *~ *.bak ,* LOG* *.class *.jstmp config.cache config.log config.status manifest.tmp HTVQApplet.class HTVQ.jar     HTVQ.jar 
rm -f core
make[6]: Leaving directory '/home/travis/build/icyphy/ptII/adm/gen-11.1/src/ptII11.1.devel/ptolemy/domains/sdf/demo/HTVQ'
making clean in ptolemy/domains/sdf/demo/LMSAdaptive
make[6]: Entering directory '/home/travis/build/icyphy/ptII/adm/gen-11.1/src/ptII11.1.devel/ptolemy/domains/sdf/demo/LMSAdaptive'
rm -rf *.o *.so *~ *.bak ,* LOG* *.class *.jstmp config.cache config.log config.status manifest.tmp  LMSAdaptive.jar     LMSAdaptive.jar 
rm -f core
make[6]: Leaving directory '/home/travis/build/icyphy/ptII/adm/gen-11.1/src/ptII11.1.devel/ptolemy/domains/sdf/demo/LMSAdaptive'
making clean in ptolemy/domains/sdf/demo/LogisticMap
make[6]: Entering directory '/home/travis/build/icyphy/ptII/adm/gen-11.1/src/ptII11.1.devel/ptolemy/domains/sdf/demo/LogisticMap'
rm -rf *.o *.so *~ *.bak ,* LOG* *.class *.jstmp config.cache config.log config.status manifest.tmp  LogisticMap.jar     LogisticMap.jar 
rm -f core
make[6]: Leaving directory '/home/travis/build/icyphy/ptII/adm/gen-11.1/src/ptII11.1.devel/ptolemy/domains/sdf/demo/LogisticMap'
making clean in ptolemy/domains/sdf/demo/MaximumEntropySpectrum
make[6]: Entering directory '/home/travis/build/icyphy/ptII/adm/gen-11.1/src/ptII11.1.devel/ptolemy/domains/sdf/demo/MaximumEntropySpectrum'
rm -rf *.o *.so *~ *.bak ,* LOG* *.class *.jstmp config.cache config.log config.status manifest.tmp  MaximumEntropySpectrum.jar     MaximumEntropySpectrum.jar 
rm -f core
make[6]: Leaving directory '/home/travis/build/icyphy/ptII/adm/gen-11.1/src/ptII11.1.devel/ptolemy/domains/sdf/demo/MaximumEntropySpectrum'
making clean in ptolemy/domains/sdf/demo/ModelDisplay
make[6]: Entering directory '/home/travis/build/icyphy/ptII/adm/gen-11.1/src/ptII11.1.devel/ptolemy/domains/sdf/demo/ModelDisplay'
rm -rf *.o *.so *~ *.bak ,* LOG* *.class *.jstmp config.cache config.log config.status manifest.tmp  ModelDisplay.jar     ModelDisplay.jar 
rm -f core
make[6]: Leaving directory '/home/travis/build/icyphy/ptII/adm/gen-11.1/src/ptII11.1.devel/ptolemy/domains/sdf/demo/ModelDisplay'
making clean in ptolemy/domains/sdf/demo/MultipleRuns
make[6]: Entering directory '/home/travis/build/icyphy/ptII/adm/gen-11.1/src/ptII11.1.devel/ptolemy/domains/sdf/demo/MultipleRuns'
rm -rf *.o *.so *~ *.bak ,* LOG* *.class *.jstmp config.cache config.log config.status manifest.tmp  MultipleRuns.jar     MultipleRuns.jar 
rm -f core
make[6]: Leaving directory '/home/travis/build/icyphy/ptII/adm/gen-11.1/src/ptII11.1.devel/ptolemy/domains/sdf/demo/MultipleRuns'
making clean in ptolemy/domains/sdf/demo/NoisySinewave
make[6]: Entering directory '/home/travis/build/icyphy/ptII/adm/gen-11.1/src/ptII11.1.devel/ptolemy/domains/sdf/demo/NoisySinewave'
rm -rf *.o *.so *~ *.bak ,* LOG* *.class *.jstmp config.cache config.log config.status manifest.tmp  NoisySinewave.jar     NoisySinewave.jar 
rm -f core
make[6]: Leaving directory '/home/travis/build/icyphy/ptII/adm/gen-11.1/src/ptII11.1.devel/ptolemy/domains/sdf/demo/NoisySinewave'
making clean in ptolemy/domains/sdf/demo/OrthogonalCom
make[6]: Entering directory '/home/travis/build/icyphy/ptII/adm/gen-11.1/src/ptII11.1.devel/ptolemy/domains/sdf/demo/OrthogonalCom'
rm -rf *.o *.so *~ *.bak ,* LOG* *.class *.jstmp config.cache config.log config.status manifest.tmp OrthogonalCom.class OrthogonalCom.jar     OrthogonalCom.jar 
rm -f core
make[6]: Leaving directory '/home/travis/build/icyphy/ptII/adm/gen-11.1/src/ptII11.1.devel/ptolemy/domains/sdf/demo/OrthogonalCom'
making clean in ptolemy/domains/sdf/demo/RijndaelEncryption
make[6]: Entering directory '/home/travis/build/icyphy/ptII/adm/gen-11.1/src/ptII11.1.devel/ptolemy/domains/sdf/demo/RijndaelEncryption'
rm -rf *.o *.so *~ *.bak ,* LOG* *.class *.jstmp config.cache config.log config.status manifest.tmp  RijndaelEncryption.jar     RijndaelEncryption.jar 
rm -f core
make[6]: Leaving directory '/home/travis/build/icyphy/ptII/adm/gen-11.1/src/ptII11.1.devel/ptolemy/domains/sdf/demo/RijndaelEncryption'
making clean in ptolemy/domains/sdf/demo/Sketch
make[6]: Entering directory '/home/travis/build/icyphy/ptII/adm/gen-11.1/src/ptII11.1.devel/ptolemy/domains/sdf/demo/Sketch'
rm -rf *.o *.so *~ *.bak ,* LOG* *.class *.jstmp config.cache config.log config.status manifest.tmp SketchApplet.class Sketch.jar     Sketch.jar 
rm -f core
make[6]: Leaving directory '/home/travis/build/icyphy/ptII/adm/gen-11.1/src/ptII11.1.devel/ptolemy/domains/sdf/demo/Sketch'
making clean in ptolemy/domains/sdf/demo/SoundSpectrum
make[6]: Entering directory '/home/travis/build/icyphy/ptII/adm/gen-11.1/src/ptII11.1.devel/ptolemy/domains/sdf/demo/SoundSpectrum'
rm -rf *.o *.so *~ *.bak ,* LOG* *.class *.jstmp config.cache config.log config.status manifest.tmp  SoundSpectrum.jar     SoundSpectrum.jar 
rm -f core
make[6]: Leaving directory '/home/travis/build/icyphy/ptII/adm/gen-11.1/src/ptII11.1.devel/ptolemy/domains/sdf/demo/SoundSpectrum'
making clean in ptolemy/domains/sdf/demo/Spectrum
make[6]: Entering directory '/home/travis/build/icyphy/ptII/adm/gen-11.1/src/ptII11.1.devel/ptolemy/domains/sdf/demo/Spectrum'
rm -rf *.o *.so *~ *.bak ,* LOG* *.class *.jstmp config.cache config.log config.status manifest.tmp  Spectrum.jar     Spectrum.jar 
rm -f core
make[6]: Leaving directory '/home/travis/build/icyphy/ptII/adm/gen-11.1/src/ptII11.1.devel/ptolemy/domains/sdf/demo/Spectrum'
making clean in ptolemy/domains/sdf/demo/SynthesizedVoice
make[6]: Entering directory '/home/travis/build/icyphy/ptII/adm/gen-11.1/src/ptII11.1.devel/ptolemy/domains/sdf/demo/SynthesizedVoice'
rm -rf *.o *.so *~ *.bak ,* LOG* *.class *.jstmp config.cache config.log config.status manifest.tmp  SynthesizedVoice.jar     SynthesizedVoice.jar 
rm -f core
make[6]: Leaving directory '/home/travis/build/icyphy/ptII/adm/gen-11.1/src/ptII11.1.devel/ptolemy/domains/sdf/demo/SynthesizedVoice'
making clean in ptolemy/domains/sdf/demo/Type
make[6]: Entering directory '/home/travis/build/icyphy/ptII/adm/gen-11.1/src/ptII11.1.devel/ptolemy/domains/sdf/demo/Type'
rm -rf *.o *.so *~ *.bak ,* LOG* *.class *.jstmp config.cache config.log config.status manifest.tmp  Type.jar     Type.jar 
rm -f core
make[6]: Leaving directory '/home/travis/build/icyphy/ptII/adm/gen-11.1/src/ptII11.1.devel/ptolemy/domains/sdf/demo/Type'
make[5]: Leaving directory '/home/travis/build/icyphy/ptII/adm/gen-11.1/src/ptII11.1.devel/ptolemy/domains/sdf/demo'
making clean in ptolemy/domains/sdf/doc
make[5]: Entering directory '/home/travis/build/icyphy/ptII/adm/gen-11.1/src/ptII11.1.devel/ptolemy/domains/sdf/doc'
rm -rf *.o *.so *~ *.bak ,* LOG* *.class *.jstmp config.cache config.log config.status manifest.tmp  doc.jar     doc.jar 
rm -f core
make[5]: Leaving directory '/home/travis/build/icyphy/ptII/adm/gen-11.1/src/ptII11.1.devel/ptolemy/domains/sdf/doc'
making clean in ptolemy/domains/sdf/test
make[5]: Entering directory '/home/travis/build/icyphy/ptII/adm/gen-11.1/src/ptII11.1.devel/ptolemy/domains/sdf/test'
rm -rf *.o *.so *~ *.bak ,* LOG* *.class *.jstmp config.cache config.log config.status manifest.tmp        
rm -f core
make[5]: Leaving directory '/home/travis/build/icyphy/ptII/adm/gen-11.1/src/ptII11.1.devel/ptolemy/domains/sdf/test'
make[4]: Leaving directory '/home/travis/build/icyphy/ptII/adm/gen-11.1/src/ptII11.1.devel/ptolemy/domains/sdf'
making clean in ptolemy/domains/dt
make[4]: Entering directory '/home/travis/build/icyphy/ptII/adm/gen-11.1/src/ptII11.1.devel/ptolemy/domains/dt'
rm -rf *.o *.so *~ *.bak ,* LOG* *.class *.jstmp config.cache config.log config.status manifest.tmp    dt.jar    
rm -f core
making clean in ptolemy/domains/dt/kernel
make[5]: Entering directory '/home/travis/build/icyphy/ptII/adm/gen-11.1/src/ptII11.1.devel/ptolemy/domains/dt/kernel'
rm -rf *.o *.so *~ *.bak ,* LOG* *.class *.jstmp config.cache config.log config.status manifest.tmp DTDirector.class DTReceiver.class kernel.jar     kernel.jar 
rm -f core
making clean in ptolemy/domains/dt/kernel/test
make[6]: Entering directory '/home/travis/build/icyphy/ptII/adm/gen-11.1/src/ptII11.1.devel/ptolemy/domains/dt/kernel/test'
rm -rf *.o *.so *~ *.bak ,* LOG* *.class *.jstmp config.cache config.log config.status manifest.tmp FakePlotter.class OnePort.class TwoPort.class       
rm -f core
make[6]: Leaving directory '/home/travis/build/icyphy/ptII/adm/gen-11.1/src/ptII11.1.devel/ptolemy/domains/dt/kernel/test'
make[5]: Leaving directory '/home/travis/build/icyphy/ptII/adm/gen-11.1/src/ptII11.1.devel/ptolemy/domains/dt/kernel'
making clean in ptolemy/domains/dt/demo
make[5]: Entering directory '/home/travis/build/icyphy/ptII/adm/gen-11.1/src/ptII11.1.devel/ptolemy/domains/dt/demo'
rm -rf *.o *.so *~ *.bak ,* LOG* *.class *.jstmp config.cache config.log config.status manifest.tmp    demo.jar    
rm -f core
making clean in ptolemy/domains/dt/demo/Eye
make[6]: Entering directory '/home/travis/build/icyphy/ptII/adm/gen-11.1/src/ptII11.1.devel/ptolemy/domains/dt/demo/Eye'
rm -rf *.o *.so *~ *.bak ,* LOG* *.class *.jstmp config.cache config.log config.status manifest.tmp  Eye.jar     Eye.jar 
rm -f core
make[6]: Leaving directory '/home/travis/build/icyphy/ptII/adm/gen-11.1/src/ptII11.1.devel/ptolemy/domains/dt/demo/Eye'
make[5]: Leaving directory '/home/travis/build/icyphy/ptII/adm/gen-11.1/src/ptII11.1.devel/ptolemy/domains/dt/demo'
making clean in ptolemy/domains/dt/doc
make[5]: Entering directory '/home/travis/build/icyphy/ptII/adm/gen-11.1/src/ptII11.1.devel/ptolemy/domains/dt/doc'
rm -rf *.o *.so *~ *.bak ,* LOG* *.class *.jstmp config.cache config.log config.status manifest.tmp  doc.jar     doc.jar 
rm -f core
make[5]: Leaving directory '/home/travis/build/icyphy/ptII/adm/gen-11.1/src/ptII11.1.devel/ptolemy/domains/dt/doc'
make[4]: Leaving directory '/home/travis/build/icyphy/ptII/adm/gen-11.1/src/ptII11.1.devel/ptolemy/domains/dt'
making clean in ptolemy/domains/giotto
make[4]: Entering directory '/home/travis/build/icyphy/ptII/adm/gen-11.1/src/ptII11.1.devel/ptolemy/domains/giotto'
rm -rf *.o *.so *~ *.bak ,* LOG* *.class *.jstmp config.cache config.log config.status manifest.tmp    giotto.jar    
rm -f core
making clean in ptolemy/domains/giotto/kernel
make[5]: Entering directory '/home/travis/build/icyphy/ptII/adm/gen-11.1/src/ptII11.1.devel/ptolemy/domains/giotto/kernel'
rm -rf *.o *.so *~ *.bak ,* LOG* *.class *.jstmp config.cache config.log config.status manifest.tmp GiottoAttributes.class GiottoCodeGenerator.class GiottoCodeGeneratorUtilities.class GiottoDirector.class GiottoReceiver.class GiottoScheduler.class GiottoTimingManager.class kernel.jar     kernel.jar 
rm -f core
making clean in ptolemy/domains/giotto/kernel/test
make[6]: Entering directory '/home/travis/build/icyphy/ptII/adm/gen-11.1/src/ptII11.1.devel/ptolemy/domains/giotto/kernel/test'
rm -rf *.o *.so *~ *.bak ,* LOG* *.class *.jstmp config.cache config.log config.status manifest.tmp        
rm -f core
make[6]: Leaving directory '/home/travis/build/icyphy/ptII/adm/gen-11.1/src/ptII11.1.devel/ptolemy/domains/giotto/kernel/test'
make[5]: Leaving directory '/home/travis/build/icyphy/ptII/adm/gen-11.1/src/ptII11.1.devel/ptolemy/domains/giotto/kernel'
making clean in ptolemy/domains/giotto/demo
make[5]: Entering directory '/home/travis/build/icyphy/ptII/adm/gen-11.1/src/ptII11.1.devel/ptolemy/domains/giotto/demo'
rm -rf *.o *.so *~ *.bak ,* LOG* *.class *.jstmp config.cache config.log config.status manifest.tmp    demo.jar    
rm -f core
making clean in ptolemy/domains/giotto/demo/Composite
make[6]: Entering directory '/home/travis/build/icyphy/ptII/adm/gen-11.1/src/ptII11.1.devel/ptolemy/domains/giotto/demo/Composite'
rm -rf *.o *.so *~ *.bak ,* LOG* *.class *.jstmp config.cache config.log config.status manifest.tmp  Composite.jar     Composite.jar 
rm -f core
make[6]: Leaving directory '/home/travis/build/icyphy/ptII/adm/gen-11.1/src/ptII11.1.devel/ptolemy/domains/giotto/demo/Composite'
making clean in ptolemy/domains/giotto/demo/Hierarchy
make[6]: Entering directory '/home/travis/build/icyphy/ptII/adm/gen-11.1/src/ptII11.1.devel/ptolemy/domains/giotto/demo/Hierarchy'
rm -rf *.o *.so *~ *.bak ,* LOG* *.class *.jstmp config.cache config.log config.status manifest.tmp  Hierarchy.jar     Hierarchy.jar 
rm -f core
make[6]: Leaving directory '/home/travis/build/icyphy/ptII/adm/gen-11.1/src/ptII11.1.devel/ptolemy/domains/giotto/demo/Hierarchy'
making clean in ptolemy/domains/giotto/demo/Multimode
make[6]: Entering directory '/home/travis/build/icyphy/ptII/adm/gen-11.1/src/ptII11.1.devel/ptolemy/domains/giotto/demo/Multimode'
rm -rf *.o *.so *~ *.bak ,* LOG* *.class *.jstmp config.cache config.log config.status manifest.tmp  Multimode.jar     Multimode.jar 
rm -f core
make[6]: Leaving directory '/home/travis/build/icyphy/ptII/adm/gen-11.1/src/ptII11.1.devel/ptolemy/domains/giotto/demo/Multimode'
making clean in ptolemy/domains/giotto/demo/Simple
make[6]: Entering directory '/home/travis/build/icyphy/ptII/adm/gen-11.1/src/ptII11.1.devel/ptolemy/domains/giotto/demo/Simple'
rm -rf *.o *.so *~ *.bak ,* LOG* *.class *.jstmp config.cache config.log config.status manifest.tmp  Simple.jar     Simple.jar 
rm -f core
make[6]: Leaving directory '/home/travis/build/icyphy/ptII/adm/gen-11.1/src/ptII11.1.devel/ptolemy/domains/giotto/demo/Simple'
make[5]: Leaving directory '/home/travis/build/icyphy/ptII/adm/gen-11.1/src/ptII11.1.devel/ptolemy/domains/giotto/demo'
making clean in ptolemy/domains/giotto/doc
make[5]: Entering directory '/home/travis/build/icyphy/ptII/adm/gen-11.1/src/ptII11.1.devel/ptolemy/domains/giotto/doc'
rm -rf *.o *.so *~ *.bak ,* LOG* *.class *.jstmp config.cache config.log config.status manifest.tmp  doc.jar     doc.jar 
rm -f core
make[5]: Leaving directory '/home/travis/build/icyphy/ptII/adm/gen-11.1/src/ptII11.1.devel/ptolemy/domains/giotto/doc'
making clean in ptolemy/domains/giotto/test
make[5]: Entering directory '/home/travis/build/icyphy/ptII/adm/gen-11.1/src/ptII11.1.devel/ptolemy/domains/giotto/test'
rm -rf *.o *.so *~ *.bak ,* LOG* *.class *.jstmp config.cache config.log config.status manifest.tmp        
rm -f core
make[5]: Leaving directory '/home/travis/build/icyphy/ptII/adm/gen-11.1/src/ptII11.1.devel/ptolemy/domains/giotto/test'
make[4]: Leaving directory '/home/travis/build/icyphy/ptII/adm/gen-11.1/src/ptII11.1.devel/ptolemy/domains/giotto'
making clean in ptolemy/domains/fmima
make[4]: Entering directory '/home/travis/build/icyphy/ptII/adm/gen-11.1/src/ptII11.1.devel/ptolemy/domains/fmima'
rm -rf *.o *.so *~ *.bak ,* LOG* *.class *.jstmp config.cache config.log config.status manifest.tmp    fmima.jar    
rm -f core
making clean in ptolemy/domains/fmima/kernel
make[5]: Entering directory '/home/travis/build/icyphy/ptII/adm/gen-11.1/src/ptII11.1.devel/ptolemy/domains/fmima/kernel'
rm -rf *.o *.so *~ *.bak ,* LOG* *.class *.jstmp config.cache config.log config.status manifest.tmp FMIMADirector.class kernel.jar     kernel.jar 
rm -f core
making clean in ptolemy/domains/fmima/kernel/test
make[6]: Entering directory '/home/travis/build/icyphy/ptII/adm/gen-11.1/src/ptII11.1.devel/ptolemy/domains/fmima/kernel/test'
rm -rf *.o *.so *~ *.bak ,* LOG* *.class *.jstmp config.cache config.log config.status manifest.tmp        
rm -f core
make[6]: Leaving directory '/home/travis/build/icyphy/ptII/adm/gen-11.1/src/ptII11.1.devel/ptolemy/domains/fmima/kernel/test'
make[5]: Leaving directory '/home/travis/build/icyphy/ptII/adm/gen-11.1/src/ptII11.1.devel/ptolemy/domains/fmima/kernel'
make[4]: Leaving directory '/home/travis/build/icyphy/ptII/adm/gen-11.1/src/ptII11.1.devel/ptolemy/domains/fmima'
making clean in ptolemy/domains/metroII
make[4]: Entering directory '/home/travis/build/icyphy/ptII/adm/gen-11.1/src/ptII11.1.devel/ptolemy/domains/metroII'
rm -rf *.o *.so *~ *.bak ,* LOG* *.class *.jstmp config.cache config.log config.status manifest.tmp    metroII.jar    
rm -f core
making clean in ptolemy/domains/metroII/gui
make[5]: Entering directory '/home/travis/build/icyphy/ptII/adm/gen-11.1/src/ptII11.1.devel/ptolemy/domains/metroII/gui'
rm -rf *.o *.so *~ *.bak ,* LOG* *.class *.jstmp config.cache config.log config.status manifest.tmp MappingEditorGUI.class MappingEditorGUIFactory.class gui.jar     gui.jar 
rm -f core
make[5]: Leaving directory '/home/travis/build/icyphy/ptII/adm/gen-11.1/src/ptII11.1.devel/ptolemy/domains/metroII/gui'
making clean in ptolemy/domains/metroII/kernel
make[5]: Entering directory '/home/travis/build/icyphy/ptII/adm/gen-11.1/src/ptII11.1.devel/ptolemy/domains/metroII/kernel'
rm -rf *.o *.so *~ *.bak ,* LOG* *.class *.jstmp config.cache config.log config.status manifest.tmp BlockingFire.class ConstraintSolver.class EventDictionary.class EventTimeComparator.class FireMachine.class GetFirable.class Graph.class MappingConstraintReaderWriter.class MappingConstraintSolver.class MappingEditor.class MetroIIDebugger.class MetroIIEventBuilder.class MetroIIFSMDirector.class MetroIICompositeActor.class MetroIIDEDirector.class MetroIIDEDirectorForPtides.class MetroIIDirector.class MetroIIMirrorComposite.class MetroIIPNDirector.class MetroIIPNQueueReceiver.class MetroIIPtidesDirector.class MetroIIPtidesListEventQueue.class MetroIIPtidesPlatform.class MetroIIPtidesPort.class MetroIIPtidesReceiver.class MetroIISRDirector.class MetroIISystemCDirector.class MetroIIModalModel.class MetroIISequentialSDFDirector.class NonBlockingFire.class Pair.class ResumableFire.class StartOrResumable.class TimeScheduler.class   kernel.jar    
rm -f core
making clean in ptolemy/domains/metroII/kernel/util
make[6]: Entering directory '/home/travis/build/icyphy/ptII/adm/gen-11.1/src/ptII11.1.devel/ptolemy/domains/metroII/kernel/util'
rm -rf *.o *.so *~ *.bak ,* LOG* *.class *.jstmp config.cache config.log config.status manifest.tmp    util.jar    
rm -f core
making clean in ptolemy/domains/metroII/kernel/util/ProtoBuf
make[7]: Entering directory '/home/travis/build/icyphy/ptII/adm/gen-11.1/src/ptII11.1.devel/ptolemy/domains/metroII/kernel/util/ProtoBuf'
rm -rf *.o *.so *~ *.bak ,* LOG* *.class *.jstmp config.cache config.log config.status manifest.tmp metroIIcomm.class ProtoBuf.jar     ProtoBuf.jar 
rm -f core
make[7]: Leaving directory '/home/travis/build/icyphy/ptII/adm/gen-11.1/src/ptII11.1.devel/ptolemy/domains/metroII/kernel/util/ProtoBuf'
make[6]: Leaving directory '/home/travis/build/icyphy/ptII/adm/gen-11.1/src/ptII11.1.devel/ptolemy/domains/metroII/kernel/util'
making clean in ptolemy/domains/metroII/kernel/test
make[6]: Entering directory '/home/travis/build/icyphy/ptII/adm/gen-11.1/src/ptII11.1.devel/ptolemy/domains/metroII/kernel/test'
rm -rf *.o *.so *~ *.bak ,* LOG* *.class *.jstmp config.cache config.log config.status manifest.tmp        
rm -f core
make[6]: Leaving directory '/home/travis/build/icyphy/ptII/adm/gen-11.1/src/ptII11.1.devel/ptolemy/domains/metroII/kernel/test'
make[5]: Leaving directory '/home/travis/build/icyphy/ptII/adm/gen-11.1/src/ptII11.1.devel/ptolemy/domains/metroII/kernel'
make[4]: Leaving directory '/home/travis/build/icyphy/ptII/adm/gen-11.1/src/ptII11.1.devel/ptolemy/domains/metroII'
making clean in ptolemy/domains/ontologies
make[4]: Entering directory '/home/travis/build/icyphy/ptII/adm/gen-11.1/src/ptII11.1.devel/ptolemy/domains/ontologies'
rm -rf *.o *.so *~ *.bak ,* LOG* *.class *.jstmp config.cache config.log config.status manifest.tmp    ontologies.jar    
rm -f core
making clean in ptolemy/domains/ontologies/lib
make[5]: Entering directory '/home/travis/build/icyphy/ptII/adm/gen-11.1/src/ptII11.1.devel/ptolemy/domains/ontologies/lib'
rm -rf *.o *.so *~ *.bak ,* LOG* *.class *.jstmp config.cache config.log config.status manifest.tmp UnitsConverter.class lib.jar     lib.jar 
rm -f core
make[5]: Leaving directory '/home/travis/build/icyphy/ptII/adm/gen-11.1/src/ptII11.1.devel/ptolemy/domains/ontologies/lib'
make[4]: Leaving directory '/home/travis/build/icyphy/ptII/adm/gen-11.1/src/ptII11.1.devel/ptolemy/domains/ontologies'
making clean in ptolemy/domains/petrinet
make[4]: Entering directory '/home/travis/build/icyphy/ptII/adm/gen-11.1/src/ptII11.1.devel/ptolemy/domains/petrinet'
rm -rf *.o *.so *~ *.bak ,* LOG* *.class *.jstmp config.cache config.log config.status manifest.tmp    petrinet.jar    
rm -f core
making clean in ptolemy/domains/petrinet/kernel
make[5]: Entering directory '/home/travis/build/icyphy/ptII/adm/gen-11.1/src/ptII11.1.devel/ptolemy/domains/petrinet/kernel'
rm -rf *.o *.so *~ *.bak ,* LOG* *.class *.jstmp config.cache config.log config.status manifest.tmp PetriNetDirector.class PetriNetDisplayer.class PetriNetActor.class Place.class Transition.class kernel.jar     kernel.jar 
rm -f core
making clean in ptolemy/domains/petrinet/kernel/test
make[6]: Entering directory '/home/travis/build/icyphy/ptII/adm/gen-11.1/src/ptII11.1.devel/ptolemy/domains/petrinet/kernel/test'
rm -rf *.o *.so *~ *.bak ,* LOG* *.class *.jstmp config.cache config.log config.status manifest.tmp        
rm -f core
make[6]: Leaving directory '/home/travis/build/icyphy/ptII/adm/gen-11.1/src/ptII11.1.devel/ptolemy/domains/petrinet/kernel/test'
make[5]: Leaving directory '/home/travis/build/icyphy/ptII/adm/gen-11.1/src/ptII11.1.devel/ptolemy/domains/petrinet/kernel'
making clean in ptolemy/domains/petrinet/lib
make[5]: Entering directory '/home/travis/build/icyphy/ptII/adm/gen-11.1/src/ptII11.1.devel/ptolemy/domains/petrinet/lib'
rm -rf *.o *.so *~ *.bak ,* LOG* *.class *.jstmp config.cache config.log config.status manifest.tmp PetriNetRecorder.class   lib.jar    
rm -f core
making clean in ptolemy/domains/petrinet/lib/gui
make[6]: Entering directory '/home/travis/build/icyphy/ptII/adm/gen-11.1/src/ptII11.1.devel/ptolemy/domains/petrinet/lib/gui'
rm -rf *.o *.so *~ *.bak ,* LOG* *.class *.jstmp config.cache config.log config.status manifest.tmp PetriNetDisplay.class gui.jar     gui.jar 
rm -f core
make[6]: Leaving directory '/home/travis/build/icyphy/ptII/adm/gen-11.1/src/ptII11.1.devel/ptolemy/domains/petrinet/lib/gui'
make[5]: Leaving directory '/home/travis/build/icyphy/ptII/adm/gen-11.1/src/ptII11.1.devel/ptolemy/domains/petrinet/lib'
making clean in ptolemy/domains/petrinet/demo
make[5]: Entering directory '/home/travis/build/icyphy/ptII/adm/gen-11.1/src/ptII11.1.devel/ptolemy/domains/petrinet/demo'
rm -rf *.o *.so *~ *.bak ,* LOG* *.class *.jstmp config.cache config.log config.status manifest.tmp    demo.jar    
rm -f core
making clean in ptolemy/domains/petrinet/demo/PetriNetDiningPhilosophers
make[6]: Entering directory '/home/travis/build/icyphy/ptII/adm/gen-11.1/src/ptII11.1.devel/ptolemy/domains/petrinet/demo/PetriNetDiningPhilosophers'
rm -rf *.o *.so *~ *.bak ,* LOG* *.class *.jstmp config.cache config.log config.status manifest.tmp  PetriNetDiningPhilosophers.jar     PetriNetDiningPhilosophers.jar 
rm -f core
make[6]: Leaving directory '/home/travis/build/icyphy/ptII/adm/gen-11.1/src/ptII11.1.devel/ptolemy/domains/petrinet/demo/PetriNetDiningPhilosophers'
making clean in ptolemy/domains/petrinet/demo/PetriNetSimple
make[6]: Entering directory '/home/travis/build/icyphy/ptII/adm/gen-11.1/src/ptII11.1.devel/ptolemy/domains/petrinet/demo/PetriNetSimple'
rm -rf *.o *.so *~ *.bak ,* LOG* *.class *.jstmp config.cache config.log config.status manifest.tmp  PetriNetSimple.jar     PetriNetSimple.jar 
rm -f core
make[6]: Leaving directory '/home/travis/build/icyphy/ptII/adm/gen-11.1/src/ptII11.1.devel/ptolemy/domains/petrinet/demo/PetriNetSimple'
make[5]: Leaving directory '/home/travis/build/icyphy/ptII/adm/gen-11.1/src/ptII11.1.devel/ptolemy/domains/petrinet/demo'
making clean in ptolemy/domains/petrinet/doc
make[5]: Entering directory '/home/travis/build/icyphy/ptII/adm/gen-11.1/src/ptII11.1.devel/ptolemy/domains/petrinet/doc'
rm -rf *.o *.so *~ *.bak ,* LOG* *.class *.jstmp config.cache config.log config.status manifest.tmp  doc.jar     doc.jar 
rm -f core
make[5]: Leaving directory '/home/travis/build/icyphy/ptII/adm/gen-11.1/src/ptII11.1.devel/ptolemy/domains/petrinet/doc'
making clean in ptolemy/domains/petrinet/test
make[5]: Entering directory '/home/travis/build/icyphy/ptII/adm/gen-11.1/src/ptII11.1.devel/ptolemy/domains/petrinet/test'
rm -rf *.o *.so *~ *.bak ,* LOG* *.class *.jstmp config.cache config.log config.status manifest.tmp        
rm -f core
make[5]: Leaving directory '/home/travis/build/icyphy/ptII/adm/gen-11.1/src/ptII11.1.devel/ptolemy/domains/petrinet/test'
make[4]: Leaving directory '/home/travis/build/icyphy/ptII/adm/gen-11.1/src/ptII11.1.devel/ptolemy/domains/petrinet'
making clean in ptolemy/domains/qss
make[4]: Entering directory '/home/travis/build/icyphy/ptII/adm/gen-11.1/src/ptII11.1.devel/ptolemy/domains/qss'
rm -rf *.o *.so *~ *.bak ,* LOG* *.class *.jstmp config.cache config.log config.status manifest.tmp    qss.jar    
rm -f core
making clean in ptolemy/domains/qss/kernel
make[5]: Entering directory '/home/travis/build/icyphy/ptII/adm/gen-11.1/src/ptII11.1.devel/ptolemy/domains/qss/kernel'
rm -rf *.o *.so *~ *.bak ,* LOG* *.class *.jstmp config.cache config.log config.status manifest.tmp QSSDirector.class QSSIntegrator.class kernel.jar     kernel.jar 
rm -f core
making clean in ptolemy/domains/qss/kernel/test
make[6]: Entering directory '/home/travis/build/icyphy/ptII/adm/gen-11.1/src/ptII11.1.devel/ptolemy/domains/qss/kernel/test'
rm -rf *.o *.so *~ *.bak ,* LOG* *.class *.jstmp config.cache config.log config.status manifest.tmp        
rm -f core
make[6]: Leaving directory '/home/travis/build/icyphy/ptII/adm/gen-11.1/src/ptII11.1.devel/ptolemy/domains/qss/kernel/test'
make[5]: Leaving directory '/home/travis/build/icyphy/ptII/adm/gen-11.1/src/ptII11.1.devel/ptolemy/domains/qss/kernel'
making clean in ptolemy/domains/qss/test
make[5]: Entering directory '/home/travis/build/icyphy/ptII/adm/gen-11.1/src/ptII11.1.devel/ptolemy/domains/qss/test'
rm -rf *.o *.so *~ *.bak ,* LOG* *.class *.jstmp config.cache config.log config.status manifest.tmp QSSDirectorTest.class       
rm -f core
make[5]: Leaving directory '/home/travis/build/icyphy/ptII/adm/gen-11.1/src/ptII11.1.devel/ptolemy/domains/qss/test'
making clean in ptolemy/domains/qss/demo
make[5]: Entering directory '/home/travis/build/icyphy/ptII/adm/gen-11.1/src/ptII11.1.devel/ptolemy/domains/qss/demo'
rm -rf *.o *.so *~ *.bak ,* LOG* *.class *.jstmp config.cache config.log config.status manifest.tmp    demo.jar    
rm -f core
making clean in ptolemy/domains/qss/demo/BouncingBall
make[6]: Entering directory '/home/travis/build/icyphy/ptII/adm/gen-11.1/src/ptII11.1.devel/ptolemy/domains/qss/demo/BouncingBall'
rm -rf *.o *.so *~ *.bak ,* LOG* *.class *.jstmp config.cache config.log config.status manifest.tmp  BouncingBall.jar     BouncingBall.jar 
rm -f core
make[6]: Leaving directory '/home/travis/build/icyphy/ptII/adm/gen-11.1/src/ptII11.1.devel/ptolemy/domains/qss/demo/BouncingBall'
making clean in ptolemy/domains/qss/demo/FirstOrder
make[6]: Entering directory '/home/travis/build/icyphy/ptII/adm/gen-11.1/src/ptII11.1.devel/ptolemy/domains/qss/demo/FirstOrder'
rm -rf *.o *.so *~ *.bak ,* LOG* *.class *.jstmp config.cache config.log config.status manifest.tmp  FirstOrder.jar     FirstOrder.jar 
rm -f core
make[6]: Leaving directory '/home/travis/build/icyphy/ptII/adm/gen-11.1/src/ptII11.1.devel/ptolemy/domains/qss/demo/FirstOrder'
making clean in ptolemy/domains/qss/demo/HelloWorld
make[6]: Entering directory '/home/travis/build/icyphy/ptII/adm/gen-11.1/src/ptII11.1.devel/ptolemy/domains/qss/demo/HelloWorld'
rm -rf *.o *.so *~ *.bak ,* LOG* *.class *.jstmp config.cache config.log config.status manifest.tmp  HelloWorld.jar     HelloWorld.jar 
rm -f core
make[6]: Leaving directory '/home/travis/build/icyphy/ptII/adm/gen-11.1/src/ptII11.1.devel/ptolemy/domains/qss/demo/HelloWorld'
making clean in ptolemy/domains/qss/demo/Lorenz
make[6]: Entering directory '/home/travis/build/icyphy/ptII/adm/gen-11.1/src/ptII11.1.devel/ptolemy/domains/qss/demo/Lorenz'
rm -rf *.o *.so *~ *.bak ,* LOG* *.class *.jstmp config.cache config.log config.status manifest.tmp  Lorenz.jar     Lorenz.jar 
rm -f core
make[6]: Leaving directory '/home/travis/build/icyphy/ptII/adm/gen-11.1/src/ptII11.1.devel/ptolemy/domains/qss/demo/Lorenz'
making clean in ptolemy/domains/qss/demo/RLC
make[6]: Entering directory '/home/travis/build/icyphy/ptII/adm/gen-11.1/src/ptII11.1.devel/ptolemy/domains/qss/demo/RLC'
rm -rf *.o *.so *~ *.bak ,* LOG* *.class *.jstmp config.cache config.log config.status manifest.tmp  RLC.jar     RLC.jar 
rm -f core
make[6]: Leaving directory '/home/travis/build/icyphy/ptII/adm/gen-11.1/src/ptII11.1.devel/ptolemy/domains/qss/demo/RLC'
making clean in ptolemy/domains/qss/demo/SecondOrder
make[6]: Entering directory '/home/travis/build/icyphy/ptII/adm/gen-11.1/src/ptII11.1.devel/ptolemy/domains/qss/demo/SecondOrder'
rm -rf *.o *.so *~ *.bak ,* LOG* *.class *.jstmp config.cache config.log config.status manifest.tmp  SecondOrder.jar     SecondOrder.jar 
rm -f core
make[6]: Leaving directory '/home/travis/build/icyphy/ptII/adm/gen-11.1/src/ptII11.1.devel/ptolemy/domains/qss/demo/SecondOrder'
making clean in ptolemy/domains/qss/demo/SmoothToken
make[6]: Entering directory '/home/travis/build/icyphy/ptII/adm/gen-11.1/src/ptII11.1.devel/ptolemy/domains/qss/demo/SmoothToken'
rm -rf *.o *.so *~ *.bak ,* LOG* *.class *.jstmp config.cache config.log config.status manifest.tmp  SmoothToken.jar     SmoothToken.jar 
rm -f core
make[6]: Leaving directory '/home/travis/build/icyphy/ptII/adm/gen-11.1/src/ptII11.1.devel/ptolemy/domains/qss/demo/SmoothToken'
making clean in ptolemy/domains/qss/demo/Thermal
make[6]: Entering directory '/home/travis/build/icyphy/ptII/adm/gen-11.1/src/ptII11.1.devel/ptolemy/domains/qss/demo/Thermal'
rm -rf *.o *.so *~ *.bak ,* LOG* *.class *.jstmp config.cache config.log config.status manifest.tmp  Thermal.jar     Thermal.jar 
rm -f core
make[6]: Leaving directory '/home/travis/build/icyphy/ptII/adm/gen-11.1/src/ptII11.1.devel/ptolemy/domains/qss/demo/Thermal'
make[5]: Leaving directory '/home/travis/build/icyphy/ptII/adm/gen-11.1/src/ptII11.1.devel/ptolemy/domains/qss/demo'
making clean in ptolemy/domains/qss/lib
make[5]: Entering directory '/home/travis/build/icyphy/ptII/adm/gen-11.1/src/ptII11.1.devel/ptolemy/domains/qss/lib'
rm -rf *.o *.so *~ *.bak ,* LOG* *.class *.jstmp config.cache config.log config.status manifest.tmp Align.class SmoothSignal.class SmoothZeroCrossingDetector.class lib.jar     lib.jar 
rm -f core
make[5]: Leaving directory '/home/travis/build/icyphy/ptII/adm/gen-11.1/src/ptII11.1.devel/ptolemy/domains/qss/lib'
make[4]: Leaving directory '/home/travis/build/icyphy/ptII/adm/gen-11.1/src/ptII11.1.devel/ptolemy/domains/qss'
making clean in ptolemy/domains/rendezvous
make[4]: Entering directory '/home/travis/build/icyphy/ptII/adm/gen-11.1/src/ptII11.1.devel/ptolemy/domains/rendezvous'
rm -rf *.o *.so *~ *.bak ,* LOG* *.class *.jstmp config.cache config.log config.status manifest.tmp    rendezvous.jar    
rm -f core
making clean in ptolemy/domains/rendezvous/kernel
make[5]: Entering directory '/home/travis/build/icyphy/ptII/adm/gen-11.1/src/ptII11.1.devel/ptolemy/domains/rendezvous/kernel'
rm -rf *.o *.so *~ *.bak ,* LOG* *.class *.jstmp config.cache config.log config.status manifest.tmp RendezvousDirector.class RendezvousReceiver.class kernel.jar     kernel.jar 
rm -f core
making clean in ptolemy/domains/rendezvous/kernel/test
make[6]: Entering directory '/home/travis/build/icyphy/ptII/adm/gen-11.1/src/ptII11.1.devel/ptolemy/domains/rendezvous/kernel/test'
rm -rf *.o *.so *~ *.bak ,* LOG* *.class *.jstmp config.cache config.log config.status manifest.tmp TestSink.class       
rm -f core
make[6]: Leaving directory '/home/travis/build/icyphy/ptII/adm/gen-11.1/src/ptII11.1.devel/ptolemy/domains/rendezvous/kernel/test'
make[5]: Leaving directory '/home/travis/build/icyphy/ptII/adm/gen-11.1/src/ptII11.1.devel/ptolemy/domains/rendezvous/kernel'
making clean in ptolemy/domains/rendezvous/lib
make[5]: Entering directory '/home/travis/build/icyphy/ptII/adm/gen-11.1/src/ptII11.1.devel/ptolemy/domains/rendezvous/lib'
rm -rf *.o *.so *~ *.bak ,* LOG* *.class *.jstmp config.cache config.log config.status manifest.tmp Barrier.class Buffer.class Merge.class ResourcePool.class lib.jar     lib.jar 
rm -f core
making clean in ptolemy/domains/rendezvous/lib/test
make[6]: Entering directory '/home/travis/build/icyphy/ptII/adm/gen-11.1/src/ptII11.1.devel/ptolemy/domains/rendezvous/lib/test'
rm -rf *.o *.so *~ *.bak ,* LOG* *.class *.jstmp config.cache config.log config.status manifest.tmp        
rm -f core
make[6]: Leaving directory '/home/travis/build/icyphy/ptII/adm/gen-11.1/src/ptII11.1.devel/ptolemy/domains/rendezvous/lib/test'
make[5]: Leaving directory '/home/travis/build/icyphy/ptII/adm/gen-11.1/src/ptII11.1.devel/ptolemy/domains/rendezvous/lib'
making clean in ptolemy/domains/rendezvous/demo
make[5]: Entering directory '/home/travis/build/icyphy/ptII/adm/gen-11.1/src/ptII11.1.devel/ptolemy/domains/rendezvous/demo'
rm -rf *.o *.so *~ *.bak ,* LOG* *.class *.jstmp config.cache config.log config.status manifest.tmp    demo.jar    
rm -f core
making clean in ptolemy/domains/rendezvous/demo/Barrier
make[6]: Entering directory '/home/travis/build/icyphy/ptII/adm/gen-11.1/src/ptII11.1.devel/ptolemy/domains/rendezvous/demo/Barrier'
rm -rf *.o *.so *~ *.bak ,* LOG* *.class *.jstmp config.cache config.log config.status manifest.tmp  Barrier.jar     Barrier.jar 
rm -f core
make[6]: Leaving directory '/home/travis/build/icyphy/ptII/adm/gen-11.1/src/ptII11.1.devel/ptolemy/domains/rendezvous/demo/Barrier'
making clean in ptolemy/domains/rendezvous/demo/ResourcePool
make[6]: Entering directory '/home/travis/build/icyphy/ptII/adm/gen-11.1/src/ptII11.1.devel/ptolemy/domains/rendezvous/demo/ResourcePool'
rm -rf *.o *.so *~ *.bak ,* LOG* *.class *.jstmp config.cache config.log config.status manifest.tmp  ResourcePool.jar     ResourcePool.jar 
rm -f core
make[6]: Leaving directory '/home/travis/build/icyphy/ptII/adm/gen-11.1/src/ptII11.1.devel/ptolemy/domains/rendezvous/demo/ResourcePool'
making clean in ptolemy/domains/rendezvous/demo/Sequencing
make[6]: Entering directory '/home/travis/build/icyphy/ptII/adm/gen-11.1/src/ptII11.1.devel/ptolemy/domains/rendezvous/demo/Sequencing'
rm -rf *.o *.so *~ *.bak ,* LOG* *.class *.jstmp config.cache config.log config.status manifest.tmp  Sequencing.jar     Sequencing.jar 
rm -f core
make[6]: Leaving directory '/home/travis/build/icyphy/ptII/adm/gen-11.1/src/ptII11.1.devel/ptolemy/domains/rendezvous/demo/Sequencing'
making clean in ptolemy/domains/rendezvous/demo/WriteRegulator
make[6]: Entering directory '/home/travis/build/icyphy/ptII/adm/gen-11.1/src/ptII11.1.devel/ptolemy/domains/rendezvous/demo/WriteRegulator'
rm -rf *.o *.so *~ *.bak ,* LOG* *.class *.jstmp config.cache config.log config.status manifest.tmp  WriteRegulator.jar     WriteRegulator.jar 
rm -f core
make[6]: Leaving directory '/home/travis/build/icyphy/ptII/adm/gen-11.1/src/ptII11.1.devel/ptolemy/domains/rendezvous/demo/WriteRegulator'
make[5]: Leaving directory '/home/travis/build/icyphy/ptII/adm/gen-11.1/src/ptII11.1.devel/ptolemy/domains/rendezvous/demo'
making clean in ptolemy/domains/rendezvous/doc
make[5]: Entering directory '/home/travis/build/icyphy/ptII/adm/gen-11.1/src/ptII11.1.devel/ptolemy/domains/rendezvous/doc'
rm -rf *.o *.so *~ *.bak ,* LOG* *.class *.jstmp config.cache config.log config.status manifest.tmp  doc.jar     doc.jar 
rm -f core
make[5]: Leaving directory '/home/travis/build/icyphy/ptII/adm/gen-11.1/src/ptII11.1.devel/ptolemy/domains/rendezvous/doc'
making clean in ptolemy/domains/rendezvous/test
make[5]: Entering directory '/home/travis/build/icyphy/ptII/adm/gen-11.1/src/ptII11.1.devel/ptolemy/domains/rendezvous/test'
rm -rf *.o *.so *~ *.bak ,* LOG* *.class *.jstmp config.cache config.log config.status manifest.tmp        
rm -f core
make[5]: Leaving directory '/home/travis/build/icyphy/ptII/adm/gen-11.1/src/ptII11.1.devel/ptolemy/domains/rendezvous/test'
make[4]: Leaving directory '/home/travis/build/icyphy/ptII/adm/gen-11.1/src/ptII11.1.devel/ptolemy/domains/rendezvous'
making clean in ptolemy/domains/sysml
make[4]: Entering directory '/home/travis/build/icyphy/ptII/adm/gen-11.1/src/ptII11.1.devel/ptolemy/domains/sysml'
rm -rf *.o *.so *~ *.bak ,* LOG* *.class *.jstmp config.cache config.log config.status manifest.tmp    sysml.jar    
rm -f core
making clean in ptolemy/domains/sysml/kernel
make[5]: Entering directory '/home/travis/build/icyphy/ptII/adm/gen-11.1/src/ptII11.1.devel/ptolemy/domains/sysml/kernel'
rm -rf *.o *.so *~ *.bak ,* LOG* *.class *.jstmp config.cache config.log config.status manifest.tmp SysMLADirector.class SysMLConcurrentDirector.class SysMLSequentialDirector.class   kernel.jar    
rm -f core
make[5]: Leaving directory '/home/travis/build/icyphy/ptII/adm/gen-11.1/src/ptII11.1.devel/ptolemy/domains/sysml/kernel'
making clean in ptolemy/domains/sysml/test
make[5]: Entering directory '/home/travis/build/icyphy/ptII/adm/gen-11.1/src/ptII11.1.devel/ptolemy/domains/sysml/test'
rm -rf *.o *.so *~ *.bak ,* LOG* *.class *.jstmp config.cache config.log config.status manifest.tmp        
rm -f core
make[5]: Leaving directory '/home/travis/build/icyphy/ptII/adm/gen-11.1/src/ptII11.1.devel/ptolemy/domains/sysml/test'
make[4]: Leaving directory '/home/travis/build/icyphy/ptII/adm/gen-11.1/src/ptII11.1.devel/ptolemy/domains/sysml'
making clean in ptolemy/domains/psdf
make[4]: Entering directory '/home/travis/build/icyphy/ptII/adm/gen-11.1/src/ptII11.1.devel/ptolemy/domains/psdf'
rm -rf *.o *.so *~ *.bak ,* LOG* *.class *.jstmp config.cache config.log config.status manifest.tmp    psdf.jar    
rm -f core
making clean in ptolemy/domains/psdf/kernel
make[5]: Entering directory '/home/travis/build/icyphy/ptII/adm/gen-11.1/src/ptII11.1.devel/ptolemy/domains/psdf/kernel'
rm -rf *.o *.so *~ *.bak ,* LOG* *.class *.jstmp config.cache config.log config.status manifest.tmp PSDFDirector.class PSDFScheduler.class kernel.jar     kernel.jar 
rm -f core
making clean in ptolemy/domains/psdf/kernel/test
make[6]: Entering directory '/home/travis/build/icyphy/ptII/adm/gen-11.1/src/ptII11.1.devel/ptolemy/domains/psdf/kernel/test'
rm -rf *.o *.so *~ *.bak ,* LOG* *.class *.jstmp config.cache config.log config.status manifest.tmp        
rm -f core
make[6]: Leaving directory '/home/travis/build/icyphy/ptII/adm/gen-11.1/src/ptII11.1.devel/ptolemy/domains/psdf/kernel/test'
make[5]: Leaving directory '/home/travis/build/icyphy/ptII/adm/gen-11.1/src/ptII11.1.devel/ptolemy/domains/psdf/kernel'
making clean in ptolemy/domains/psdf/demo
make[5]: Entering directory '/home/travis/build/icyphy/ptII/adm/gen-11.1/src/ptII11.1.devel/ptolemy/domains/psdf/demo'
rm -rf *.o *.so *~ *.bak ,* LOG* *.class *.jstmp config.cache config.log config.status manifest.tmp    demo.jar    
rm -f core
making clean in ptolemy/domains/psdf/demo/BlindCommunication
make[6]: Entering directory '/home/travis/build/icyphy/ptII/adm/gen-11.1/src/ptII11.1.devel/ptolemy/domains/psdf/demo/BlindCommunication'
rm -rf *.o *.so *~ *.bak ,* LOG* *.class *.jstmp config.cache config.log config.status manifest.tmp  BlindCommunication.jar     BlindCommunication.jar 
rm -f core
make[6]: Leaving directory '/home/travis/build/icyphy/ptII/adm/gen-11.1/src/ptII11.1.devel/ptolemy/domains/psdf/demo/BlindCommunication'
making clean in ptolemy/domains/psdf/demo/Speech
make[6]: Entering directory '/home/travis/build/icyphy/ptII/adm/gen-11.1/src/ptII11.1.devel/ptolemy/domains/psdf/demo/Speech'
rm -rf *.o *.so *~ *.bak ,* LOG* *.class *.jstmp config.cache config.log config.status manifest.tmp  Speech.jar     Speech.jar 
rm -f core
make[6]: Leaving directory '/home/travis/build/icyphy/ptII/adm/gen-11.1/src/ptII11.1.devel/ptolemy/domains/psdf/demo/Speech'
make[5]: Leaving directory '/home/travis/build/icyphy/ptII/adm/gen-11.1/src/ptII11.1.devel/ptolemy/domains/psdf/demo'
making clean in ptolemy/domains/psdf/doc
make[5]: Entering directory '/home/travis/build/icyphy/ptII/adm/gen-11.1/src/ptII11.1.devel/ptolemy/domains/psdf/doc'
rm -rf *.o *.so *~ *.bak ,* LOG* *.class *.jstmp config.cache config.log config.status manifest.tmp  doc.jar     doc.jar 
rm -f core
make[5]: Leaving directory '/home/travis/build/icyphy/ptII/adm/gen-11.1/src/ptII11.1.devel/ptolemy/domains/psdf/doc'
make[4]: Leaving directory '/home/travis/build/icyphy/ptII/adm/gen-11.1/src/ptII11.1.devel/ptolemy/domains/psdf'
making clean in ptolemy/domains/ptera
make[4]: Entering directory '/home/travis/build/icyphy/ptII/adm/gen-11.1/src/ptII11.1.devel/ptolemy/domains/ptera'
rm -rf *.o *.so *~ *.bak ,* LOG* *.class *.jstmp config.cache config.log config.status manifest.tmp    ptera.jar    
rm -f core
making clean in ptolemy/domains/ptera/kernel
make[5]: Entering directory '/home/travis/build/icyphy/ptII/adm/gen-11.1/src/ptII11.1.devel/ptolemy/domains/ptera/kernel'
rm -rf *.o *.so *~ *.bak ,* LOG* *.class *.jstmp config.cache config.log config.status manifest.tmp ActionsAttribute.class Event.class EventDebugEvent.class EventQueueDebugListener.class ParametersAttribute.class PteraController.class PteraDebugEvent.class PteraDirector.class PteraErrorEvent.class PteraModalModel.class SchedulingRelation.class TimeAdvanceEvent.class VariableScope.class kernel.jar     kernel.jar 
rm -f core
make[5]: Leaving directory '/home/travis/build/icyphy/ptII/adm/gen-11.1/src/ptII11.1.devel/ptolemy/domains/ptera/kernel'
making clean in ptolemy/domains/ptera/lib
make[5]: Entering directory '/home/travis/build/icyphy/ptII/adm/gen-11.1/src/ptII11.1.devel/ptolemy/domains/ptera/lib'
rm -rf *.o *.so *~ *.bak ,* LOG* *.class *.jstmp config.cache config.log config.status manifest.tmp Configure.class DebuggerParameter.class EventQueueDebugger.class EventUtils.class ListDirectory.class Plot.class ReceiveInput.class Report.class SetTableau.class Sleep.class Stop.class SynchronizeToRealtime.class TableauParameter.class Test.class lib.jar     lib.jar 
rm -f core
make[5]: Leaving directory '/home/travis/build/icyphy/ptII/adm/gen-11.1/src/ptII11.1.devel/ptolemy/domains/ptera/lib'
making clean in ptolemy/domains/ptera/demo
make[5]: Entering directory '/home/travis/build/icyphy/ptII/adm/gen-11.1/src/ptII11.1.devel/ptolemy/domains/ptera/demo'
rm -rf *.o *.so *~ *.bak ,* LOG* *.class *.jstmp config.cache config.log config.status manifest.tmp    demo.jar    
rm -f core
making clean in ptolemy/domains/ptera/demo/AdaptiveCarWash
make[6]: Entering directory '/home/travis/build/icyphy/ptII/adm/gen-11.1/src/ptII11.1.devel/ptolemy/domains/ptera/demo/AdaptiveCarWash'
rm -rf *.o *.so *~ *.bak ,* LOG* *.class *.jstmp config.cache config.log config.status manifest.tmp  AdaptiveCarWash.jar     AdaptiveCarWash.jar *.jar
rm -f core
make[6]: Leaving directory '/home/travis/build/icyphy/ptII/adm/gen-11.1/src/ptII11.1.devel/ptolemy/domains/ptera/demo/AdaptiveCarWash'
making clean in ptolemy/domains/ptera/demo/CarWash
make[6]: Entering directory '/home/travis/build/icyphy/ptII/adm/gen-11.1/src/ptII11.1.devel/ptolemy/domains/ptera/demo/CarWash'
rm -rf *.o *.so *~ *.bak ,* LOG* *.class *.jstmp config.cache config.log config.status manifest.tmp  CarWash.jar     CarWash.jar *.jar
rm -f core
make[6]: Leaving directory '/home/travis/build/icyphy/ptII/adm/gen-11.1/src/ptII11.1.devel/ptolemy/domains/ptera/demo/CarWash'
making clean in ptolemy/domains/ptera/demo/SimultaneousCarWash
make[6]: Entering directory '/home/travis/build/icyphy/ptII/adm/gen-11.1/src/ptII11.1.devel/ptolemy/domains/ptera/demo/SimultaneousCarWash'
rm -rf *.o *.so *~ *.bak ,* LOG* *.class *.jstmp config.cache config.log config.status manifest.tmp  SimultaneousCarWash.jar     SimultaneousCarWash.jar 
rm -f core
make[6]: Leaving directory '/home/travis/build/icyphy/ptII/adm/gen-11.1/src/ptII11.1.devel/ptolemy/domains/ptera/demo/SimultaneousCarWash'
making clean in ptolemy/domains/ptera/demo/TrafficLight
make[6]: Entering directory '/home/travis/build/icyphy/ptII/adm/gen-11.1/src/ptII11.1.devel/ptolemy/domains/ptera/demo/TrafficLight'
rm -rf *.o *.so *~ *.bak ,* LOG* *.class *.jstmp config.cache config.log config.status manifest.tmp  TrafficLight.jar     TrafficLight.jar 
rm -f core
make[6]: Leaving directory '/home/travis/build/icyphy/ptII/adm/gen-11.1/src/ptII11.1.devel/ptolemy/domains/ptera/demo/TrafficLight'
make[5]: Leaving directory '/home/travis/build/icyphy/ptII/adm/gen-11.1/src/ptII11.1.devel/ptolemy/domains/ptera/demo'
making clean in ptolemy/domains/ptera/doc
make[5]: Entering directory '/home/travis/build/icyphy/ptII/adm/gen-11.1/src/ptII11.1.devel/ptolemy/domains/ptera/doc'
rm -rf *.o *.so *~ *.bak ,* LOG* *.class *.jstmp config.cache config.log config.status manifest.tmp  doc.jar     doc.jar 
rm -f core
make[5]: Leaving directory '/home/travis/build/icyphy/ptII/adm/gen-11.1/src/ptII11.1.devel/ptolemy/domains/ptera/doc'
making clean in ptolemy/domains/ptera/test
make[5]: Entering directory '/home/travis/build/icyphy/ptII/adm/gen-11.1/src/ptII11.1.devel/ptolemy/domains/ptera/test'
rm -rf *.o *.so *~ *.bak ,* LOG* *.class *.jstmp config.cache config.log config.status manifest.tmp        
rm -f core
make[5]: Leaving directory '/home/travis/build/icyphy/ptII/adm/gen-11.1/src/ptII11.1.devel/ptolemy/domains/ptera/test'
make[4]: Leaving directory '/home/travis/build/icyphy/ptII/adm/gen-11.1/src/ptII11.1.devel/ptolemy/domains/ptera'
making clean in ptolemy/domains/pthales
make[4]: Entering directory '/home/travis/build/icyphy/ptII/adm/gen-11.1/src/ptII11.1.devel/ptolemy/domains/pthales'
rm -rf *.o *.so *~ *.bak ,* LOG* *.class *.jstmp config.cache config.log config.status manifest.tmp    pthales.jar    
rm -f core
making clean in ptolemy/domains/pthales/kernel
make[5]: Entering directory '/home/travis/build/icyphy/ptII/adm/gen-11.1/src/ptII11.1.devel/ptolemy/domains/pthales/kernel'
rm -rf *.o *.so *~ *.bak ,* LOG* *.class *.jstmp config.cache config.log config.status manifest.tmp PthalesDirector.class PthalesReceiver.class PthalesScheduler.class kernel.jar     kernel.jar 
rm -f core
make[5]: Leaving directory '/home/travis/build/icyphy/ptII/adm/gen-11.1/src/ptII11.1.devel/ptolemy/domains/pthales/kernel'
making clean in ptolemy/domains/pthales/demo
make[5]: Entering directory '/home/travis/build/icyphy/ptII/adm/gen-11.1/src/ptII11.1.devel/ptolemy/domains/pthales/demo'
rm -rf *.o *.so *~ *.bak ,* LOG* *.class *.jstmp config.cache config.log config.status manifest.tmp    demo.jar    
rm -f core
making clean in ptolemy/domains/pthales/demo/AdaptiveBeamForming
make[6]: Entering directory '/home/travis/build/icyphy/ptII/adm/gen-11.1/src/ptII11.1.devel/ptolemy/domains/pthales/demo/AdaptiveBeamForming'
rm -rf *.o *.so *~ *.bak ,* LOG* *.class *.jstmp config.cache config.log config.status manifest.tmp  AdaptiveBeamForming.jar     AdaptiveBeamForming.jar 
rm -f core
make[6]: Leaving directory '/home/travis/build/icyphy/ptII/adm/gen-11.1/src/ptII11.1.devel/ptolemy/domains/pthales/demo/AdaptiveBeamForming'
making clean in ptolemy/domains/pthales/demo/Dynamic
make[6]: Entering directory '/home/travis/build/icyphy/ptII/adm/gen-11.1/src/ptII11.1.devel/ptolemy/domains/pthales/demo/Dynamic'
rm -rf *.o *.so *~ *.bak ,* LOG* *.class *.jstmp config.cache config.log config.status manifest.tmp  Dynamic.jar     Dynamic.jar 
rm -f core
make[6]: Leaving directory '/home/travis/build/icyphy/ptII/adm/gen-11.1/src/ptII11.1.devel/ptolemy/domains/pthales/demo/Dynamic'
making clean in ptolemy/domains/pthales/demo/FFT
make[6]: Entering directory '/home/travis/build/icyphy/ptII/adm/gen-11.1/src/ptII11.1.devel/ptolemy/domains/pthales/demo/FFT'
rm -rf *.o *.so *~ *.bak ,* LOG* *.class *.jstmp config.cache config.log config.status manifest.tmp  FFT.jar     FFT.jar 
rm -f core
make[6]: Leaving directory '/home/travis/build/icyphy/ptII/adm/gen-11.1/src/ptII11.1.devel/ptolemy/domains/pthales/demo/FFT'
making clean in ptolemy/domains/pthales/demo/HelloWorld
make[6]: Entering directory '/home/travis/build/icyphy/ptII/adm/gen-11.1/src/ptII11.1.devel/ptolemy/domains/pthales/demo/HelloWorld'
rm -rf *.o *.so *~ *.bak ,* LOG* *.class *.jstmp config.cache config.log config.status manifest.tmp  HelloWorld.jar     HelloWorld.jar 
rm -f core
make[6]: Leaving directory '/home/travis/build/icyphy/ptII/adm/gen-11.1/src/ptII11.1.devel/ptolemy/domains/pthales/demo/HelloWorld'
making clean in ptolemy/domains/pthales/demo/Illustrative
make[6]: Entering directory '/home/travis/build/icyphy/ptII/adm/gen-11.1/src/ptII11.1.devel/ptolemy/domains/pthales/demo/Illustrative'
rm -rf *.o *.so *~ *.bak ,* LOG* *.class *.jstmp config.cache config.log config.status manifest.tmp  Illustrative.jar     Illustrative.jar 
rm -f core
make[6]: Leaving directory '/home/travis/build/icyphy/ptII/adm/gen-11.1/src/ptII11.1.devel/ptolemy/domains/pthales/demo/Illustrative'
make[5]: Leaving directory '/home/travis/build/icyphy/ptII/adm/gen-11.1/src/ptII11.1.devel/ptolemy/domains/pthales/demo'
making clean in ptolemy/domains/pthales/doc
make[5]: Entering directory '/home/travis/build/icyphy/ptII/adm/gen-11.1/src/ptII11.1.devel/ptolemy/domains/pthales/doc'
rm -rf *.o *.so *~ *.bak ,* LOG* *.class *.jstmp config.cache config.log config.status manifest.tmp  doc.jar     doc.jar 
rm -f core
make[5]: Leaving directory '/home/travis/build/icyphy/ptII/adm/gen-11.1/src/ptII11.1.devel/ptolemy/domains/pthales/doc'
making clean in ptolemy/domains/pthales/lib
make[5]: Entering directory '/home/travis/build/icyphy/ptII/adm/gen-11.1/src/ptII11.1.devel/ptolemy/domains/pthales/lib'
rm -rf *.o *.so *~ *.bak ,* LOG* *.class *.jstmp config.cache config.log config.status manifest.tmp PthalesAddHeaderActor.class PthalesAtomicActor.class PthalesDynamicCompositeActor.class PthalesRemoveHeaderActor.class PthalesCompositeActor.class PthalesGenericActor.class PthalesIOPort.class PthalesWrapperCompositeActor.class lib.jar     lib.jar 
rm -f core
make[5]: Leaving directory '/home/travis/build/icyphy/ptII/adm/gen-11.1/src/ptII11.1.devel/ptolemy/domains/pthales/lib'
making clean in ptolemy/domains/pthales/JNI
make[5]: Entering directory '/home/travis/build/icyphy/ptII/adm/gen-11.1/src/ptII11.1.devel/ptolemy/domains/pthales/JNI'
rm -rf *.o *.so *~ *.bak ,* LOG* *.class *.jstmp config.cache config.log config.status manifest.tmp ABF.class ABFConstants.class ABFJNI.class TestJNI.class JNI.jar     JNI.jar 
rm -f core
make[5]: Leaving directory '/home/travis/build/icyphy/ptII/adm/gen-11.1/src/ptII11.1.devel/ptolemy/domains/pthales/JNI'
making clean in ptolemy/domains/pthales/test
make[5]: Entering directory '/home/travis/build/icyphy/ptII/adm/gen-11.1/src/ptII11.1.devel/ptolemy/domains/pthales/test'
rm -rf *.o *.so *~ *.bak ,* LOG* *.class *.jstmp config.cache config.log config.status manifest.tmp        
rm -f core
make[5]: Leaving directory '/home/travis/build/icyphy/ptII/adm/gen-11.1/src/ptII11.1.devel/ptolemy/domains/pthales/test'
make[4]: Leaving directory '/home/travis/build/icyphy/ptII/adm/gen-11.1/src/ptII11.1.devel/ptolemy/domains/pthales'
making clean in ptolemy/domains/ptides
make[4]: Entering directory '/home/travis/build/icyphy/ptII/adm/gen-11.1/src/ptII11.1.devel/ptolemy/domains/ptides'
rm -rf *.o *.so *~ *.bak ,* LOG* *.class *.jstmp config.cache config.log config.status manifest.tmp    ptides.jar    
rm -f core
making clean in ptolemy/domains/ptides/kernel
make[5]: Entering directory '/home/travis/build/icyphy/ptII/adm/gen-11.1/src/ptII11.1.devel/ptolemy/domains/ptides/kernel'
rm -rf *.o *.so *~ *.bak ,* LOG* *.class *.jstmp config.cache config.log config.status manifest.tmp PtidesDirector.class PtidesEvent.class PtidesListEventQueue.class PtidesPlatform.class PtidesReceiver.class Tag.class ThrottleAttributes.class kernel.jar     kernel.jar 
rm -f core
making clean in ptolemy/domains/ptides/kernel/test
make[6]: Entering directory '/home/travis/build/icyphy/ptII/adm/gen-11.1/src/ptII11.1.devel/ptolemy/domains/ptides/kernel/test'
rm -rf *.o *.so *~ *.bak ,* LOG* *.class *.jstmp config.cache config.log config.status manifest.tmp        
rm -f core
making clean in ptolemy/domains/ptides/kernel/test/junit
make[7]: Entering directory '/home/travis/build/icyphy/ptII/adm/gen-11.1/src/ptII11.1.devel/ptolemy/domains/ptides/kernel/test/junit'
rm -rf *.o *.so *~ *.bak ,* LOG* *.class *.jstmp config.cache config.log config.status manifest.tmp PtidesEventJUnitTest.class JUnitTclTest.class       
rm -f core
make[7]: Leaving directory '/home/travis/build/icyphy/ptII/adm/gen-11.1/src/ptII11.1.devel/ptolemy/domains/ptides/kernel/test/junit'
make[6]: Leaving directory '/home/travis/build/icyphy/ptII/adm/gen-11.1/src/ptII11.1.devel/ptolemy/domains/ptides/kernel/test'
make[5]: Leaving directory '/home/travis/build/icyphy/ptII/adm/gen-11.1/src/ptII11.1.devel/ptolemy/domains/ptides/kernel'
making clean in ptolemy/domains/ptides/lib
make[5]: Entering directory '/home/travis/build/icyphy/ptII/adm/gen-11.1/src/ptII11.1.devel/ptolemy/domains/ptides/lib'
rm -rf *.o *.so *~ *.bak ,* LOG* *.class *.jstmp config.cache config.log config.status manifest.tmp ActuationDevice.class ActuatorSetup.class InputDevice.class OutputDevice.class PtidesPort.class SensorHandler.class   lib.jar    
rm -f core
making clean in ptolemy/domains/ptides/lib/luminary
make[6]: Entering directory '/home/travis/build/icyphy/ptII/adm/gen-11.1/src/ptII11.1.devel/ptolemy/domains/ptides/lib/luminary'
rm -rf *.o *.so *~ *.bak ,* LOG* *.class *.jstmp config.cache config.log config.status manifest.tmp DropSensorHandler.class EncoderHandler.class GPInputHandler.class GPOutputSetup.class LuminarySensorHandler.class MotorSetup.class SongWrapper.class SpeakerOutputDevice.class TimeTriggeredEncoderHandler.class luminary.jar     luminary.jar 
rm -f core
make[6]: Leaving directory '/home/travis/build/icyphy/ptII/adm/gen-11.1/src/ptII11.1.devel/ptolemy/domains/ptides/lib/luminary'
making clean in ptolemy/domains/ptides/lib/qm
make[6]: Entering directory '/home/travis/build/icyphy/ptII/adm/gen-11.1/src/ptII11.1.devel/ptolemy/domains/ptides/lib/qm'
rm -rf *.o *.so *~ *.bak ,* LOG* *.class *.jstmp config.cache config.log config.status manifest.tmp VariableDelaySwitch.class TCPPacketReceiver.class TCPPacketTransmitter.class qm.jar     qm.jar 
rm -f core
making clean in ptolemy/domains/ptides/lib/qm/demo
make[7]: Entering directory '/home/travis/build/icyphy/ptII/adm/gen-11.1/src/ptII11.1.devel/ptolemy/domains/ptides/lib/qm/demo'
rm -rf *.o *.so *~ *.bak ,* LOG* *.class *.jstmp config.cache config.log config.status manifest.tmp    demo.jar    
rm -f core
making clean in ptolemy/domains/ptides/lib/qm/demo/TCPPacketTXRX
make[8]: Entering directory '/home/travis/build/icyphy/ptII/adm/gen-11.1/src/ptII11.1.devel/ptolemy/domains/ptides/lib/qm/demo/TCPPacketTXRX'
rm -rf *.o *.so *~ *.bak ,* LOG* *.class *.jstmp config.cache config.log config.status manifest.tmp  TCPPacketTXRX.jar     TCPPacketTXRX.jar 
rm -f core
make[8]: Leaving directory '/home/travis/build/icyphy/ptII/adm/gen-11.1/src/ptII11.1.devel/ptolemy/domains/ptides/lib/qm/demo/TCPPacketTXRX'
make[7]: Leaving directory '/home/travis/build/icyphy/ptII/adm/gen-11.1/src/ptII11.1.devel/ptolemy/domains/ptides/lib/qm/demo'
make[6]: Leaving directory '/home/travis/build/icyphy/ptII/adm/gen-11.1/src/ptII11.1.devel/ptolemy/domains/ptides/lib/qm'
making clean in ptolemy/domains/ptides/lib/test
make[6]: Entering directory '/home/travis/build/icyphy/ptII/adm/gen-11.1/src/ptII11.1.devel/ptolemy/domains/ptides/lib/test'
rm -rf *.o *.so *~ *.bak ,* LOG* *.class *.jstmp config.cache config.log config.status manifest.tmp        
rm -f core
make[6]: Leaving directory '/home/travis/build/icyphy/ptII/adm/gen-11.1/src/ptII11.1.devel/ptolemy/domains/ptides/lib/test'
make[5]: Leaving directory '/home/travis/build/icyphy/ptII/adm/gen-11.1/src/ptII11.1.devel/ptolemy/domains/ptides/lib'
making clean in ptolemy/domains/ptides/demo
make[5]: Entering directory '/home/travis/build/icyphy/ptII/adm/gen-11.1/src/ptII11.1.devel/ptolemy/domains/ptides/demo'
rm -rf *.o *.so *~ *.bak ,* LOG* *.class *.jstmp config.cache config.log config.status manifest.tmp    demo.jar    
rm -f core
making clean in ptolemy/domains/ptides/demo/ActuatorPattern
make[6]: Entering directory '/home/travis/build/icyphy/ptII/adm/gen-11.1/src/ptII11.1.devel/ptolemy/domains/ptides/demo/ActuatorPattern'
rm -rf *.o *.so *~ *.bak ,* LOG* *.class *.jstmp config.cache config.log config.status manifest.tmp  ActuatorPattern.jar     ActuatorPattern.jar 
rm -f core
make[6]: Leaving directory '/home/travis/build/icyphy/ptII/adm/gen-11.1/src/ptII11.1.devel/ptolemy/domains/ptides/demo/ActuatorPattern'
making clean in ptolemy/domains/ptides/demo/Controller
make[6]: Entering directory '/home/travis/build/icyphy/ptII/adm/gen-11.1/src/ptII11.1.devel/ptolemy/domains/ptides/demo/Controller'
rm -rf *.o *.so *~ *.bak ,* LOG* *.class *.jstmp config.cache config.log config.status manifest.tmp  Controller.jar     Controller.jar 
rm -f core
make[6]: Leaving directory '/home/travis/build/icyphy/ptII/adm/gen-11.1/src/ptII11.1.devel/ptolemy/domains/ptides/demo/Controller'
making clean in ptolemy/domains/ptides/demo/CoSimulation
make[6]: Entering directory '/home/travis/build/icyphy/ptII/adm/gen-11.1/src/ptII11.1.devel/ptolemy/domains/ptides/demo/CoSimulation'
rm -rf *.o *.so *~ *.bak ,* LOG* *.class *.jstmp config.cache config.log config.status manifest.tmp  CoSimulation.jar     CoSimulation.jar 
rm -f core
make[6]: Leaving directory '/home/travis/build/icyphy/ptII/adm/gen-11.1/src/ptII11.1.devel/ptolemy/domains/ptides/demo/CoSimulation'
making clean in ptolemy/domains/ptides/demo/DistributedPowerPlant
make[6]: Entering directory '/home/travis/build/icyphy/ptII/adm/gen-11.1/src/ptII11.1.devel/ptolemy/domains/ptides/demo/DistributedPowerPlant'
rm -rf *.o *.so *~ *.bak ,* LOG* *.class *.jstmp config.cache config.log config.status manifest.tmp  DistributedPowerPlant.jar     DistributedPowerPlant.jar 
rm -f core
make[6]: Leaving directory '/home/travis/build/icyphy/ptII/adm/gen-11.1/src/ptII11.1.devel/ptolemy/domains/ptides/demo/DistributedPowerPlant'
making clean in ptolemy/domains/ptides/demo/LocalSource
make[6]: Entering directory '/home/travis/build/icyphy/ptII/adm/gen-11.1/src/ptII11.1.devel/ptolemy/domains/ptides/demo/LocalSource'
rm -rf *.o *.so *~ *.bak ,* LOG* *.class *.jstmp config.cache config.log config.status manifest.tmp  LocalSource.jar     LocalSource.jar 
rm -f core
make[6]: Leaving directory '/home/travis/build/icyphy/ptII/adm/gen-11.1/src/ptII11.1.devel/ptolemy/domains/ptides/demo/LocalSource'
making clean in ptolemy/domains/ptides/demo/MixedSimulator
make[6]: Entering directory '/home/travis/build/icyphy/ptII/adm/gen-11.1/src/ptII11.1.devel/ptolemy/domains/ptides/demo/MixedSimulator'
rm -rf *.o *.so *~ *.bak ,* LOG* *.class *.jstmp config.cache config.log config.status manifest.tmp  MixedSimulator.jar     MixedSimulator.jar 
rm -f core
make[6]: Leaving directory '/home/travis/build/icyphy/ptII/adm/gen-11.1/src/ptII11.1.devel/ptolemy/domains/ptides/demo/MixedSimulator'
making clean in ptolemy/domains/ptides/demo/MultiPlatformTDMA
make[6]: Entering directory '/home/travis/build/icyphy/ptII/adm/gen-11.1/src/ptII11.1.devel/ptolemy/domains/ptides/demo/MultiPlatformTDMA'
rm -rf *.o *.so *~ *.bak ,* LOG* *.class *.jstmp config.cache config.log config.status manifest.tmp  MultiPlatformTDMA.jar     MultiPlatformTDMA.jar 
rm -f core
make[6]: Leaving directory '/home/travis/build/icyphy/ptII/adm/gen-11.1/src/ptII11.1.devel/ptolemy/domains/ptides/demo/MultiPlatformTDMA'
making clean in ptolemy/domains/ptides/demo/MultipleCores
make[6]: Entering directory '/home/travis/build/icyphy/ptII/adm/gen-11.1/src/ptII11.1.devel/ptolemy/domains/ptides/demo/MultipleCores'
rm -rf *.o *.so *~ *.bak ,* LOG* *.class *.jstmp config.cache config.log config.status manifest.tmp  MultipleCores.jar     MultipleCores.jar 
rm -f core
make[6]: Leaving directory '/home/travis/build/icyphy/ptII/adm/gen-11.1/src/ptII11.1.devel/ptolemy/domains/ptides/demo/MultipleCores'
making clean in ptolemy/domains/ptides/demo/PowerManagementUnitSamplingWithoutCurrentLocalTime
make[6]: Entering directory '/home/travis/build/icyphy/ptII/adm/gen-11.1/src/ptII11.1.devel/ptolemy/domains/ptides/demo/PowerManagementUnitSamplingWithoutCurrentLocalTime'
rm -rf *.o *.so *~ *.bak ,* LOG* *.class *.jstmp config.cache config.log config.status manifest.tmp  PowerManagementUnitSamplingWithoutCurrentLocalTime.jar     PowerManagementUnitSamplingWithoutCurrentLocalTime.jar 
rm -f core
make[6]: Leaving directory '/home/travis/build/icyphy/ptII/adm/gen-11.1/src/ptII11.1.devel/ptolemy/domains/ptides/demo/PowerManagementUnitSamplingWithoutCurrentLocalTime'
making clean in ptolemy/domains/ptides/demo/PowerPlant
make[6]: Entering directory '/home/travis/build/icyphy/ptII/adm/gen-11.1/src/ptII11.1.devel/ptolemy/domains/ptides/demo/PowerPlant'
rm -rf *.o *.so *~ *.bak ,* LOG* *.class *.jstmp config.cache config.log config.status manifest.tmp  PowerPlant.jar     PowerPlant.jar 
rm -f core
make[6]: Leaving directory '/home/travis/build/icyphy/ptII/adm/gen-11.1/src/ptII11.1.devel/ptolemy/domains/ptides/demo/PowerPlant'
making clean in ptolemy/domains/ptides/demo/PrintingPress
make[6]: Entering directory '/home/travis/build/icyphy/ptII/adm/gen-11.1/src/ptII11.1.devel/ptolemy/domains/ptides/demo/PrintingPress'
rm -rf *.o *.so *~ *.bak ,* LOG* *.class *.jstmp config.cache config.log config.status manifest.tmp  PrintingPress.jar     PrintingPress.jar 
rm -f core
make[6]: Leaving directory '/home/travis/build/icyphy/ptII/adm/gen-11.1/src/ptII11.1.devel/ptolemy/domains/ptides/demo/PrintingPress'
making clean in ptolemy/domains/ptides/demo/PtidesSynchrophasor
make[6]: Entering directory '/home/travis/build/icyphy/ptII/adm/gen-11.1/src/ptII11.1.devel/ptolemy/domains/ptides/demo/PtidesSynchrophasor'
rm -rf *.o *.so *~ *.bak ,* LOG* *.class *.jstmp config.cache config.log config.status manifest.tmp  PtidesSynchrophasor.jar     PtidesSynchrophasor.jar 
rm -f core
make[6]: Leaving directory '/home/travis/build/icyphy/ptII/adm/gen-11.1/src/ptII11.1.devel/ptolemy/domains/ptides/demo/PtidesSynchrophasor'
making clean in ptolemy/domains/ptides/demo/SRinPtides
make[6]: Entering directory '/home/travis/build/icyphy/ptII/adm/gen-11.1/src/ptII11.1.devel/ptolemy/domains/ptides/demo/SRinPtides'
rm -rf *.o *.so *~ *.bak ,* LOG* *.class *.jstmp config.cache config.log config.status manifest.tmp  SRinPtides.jar     SRinPtides.jar 
rm -f core
make[6]: Leaving directory '/home/travis/build/icyphy/ptII/adm/gen-11.1/src/ptII11.1.devel/ptolemy/domains/ptides/demo/SRinPtides'
making clean in ptolemy/domains/ptides/demo/TREX
make[6]: Entering directory '/home/travis/build/icyphy/ptII/adm/gen-11.1/src/ptII11.1.devel/ptolemy/domains/ptides/demo/TREX'
rm -rf *.o *.so *~ *.bak ,* LOG* *.class *.jstmp config.cache config.log config.status manifest.tmp  TREX.jar     TREX.jar 
rm -f core
make[6]: Leaving directory '/home/travis/build/icyphy/ptII/adm/gen-11.1/src/ptII11.1.devel/ptolemy/domains/ptides/demo/TREX'
making clean in ptolemy/domains/ptides/demo/TTE
make[6]: Entering directory '/home/travis/build/icyphy/ptII/adm/gen-11.1/src/ptII11.1.devel/ptolemy/domains/ptides/demo/TTE'
rm -rf *.o *.so *~ *.bak ,* LOG* *.class *.jstmp config.cache config.log config.status manifest.tmp PreemptableServer.class TTE.jar     TTE.jar 
rm -f core
make[6]: Leaving directory '/home/travis/build/icyphy/ptII/adm/gen-11.1/src/ptII11.1.devel/ptolemy/domains/ptides/demo/TTE'
make[5]: Leaving directory '/home/travis/build/icyphy/ptII/adm/gen-11.1/src/ptII11.1.devel/ptolemy/domains/ptides/demo'
making clean in ptolemy/domains/ptides/doc
make[5]: Entering directory '/home/travis/build/icyphy/ptII/adm/gen-11.1/src/ptII11.1.devel/ptolemy/domains/ptides/doc'
rm -rf *.o *.so *~ *.bak ,* LOG* *.class *.jstmp config.cache config.log config.status manifest.tmp  doc.jar     doc.jar 
rm -f core
make[5]: Leaving directory '/home/travis/build/icyphy/ptII/adm/gen-11.1/src/ptII11.1.devel/ptolemy/domains/ptides/doc'
making clean in ptolemy/domains/ptides/test
make[5]: Entering directory '/home/travis/build/icyphy/ptII/adm/gen-11.1/src/ptII11.1.devel/ptolemy/domains/ptides/test'
rm -rf *.o *.so *~ *.bak ,* LOG* *.class *.jstmp config.cache config.log config.status manifest.tmp        
rm -f core
make[5]: Leaving directory '/home/travis/build/icyphy/ptII/adm/gen-11.1/src/ptII11.1.devel/ptolemy/domains/ptides/test'
make[4]: Leaving directory '/home/travis/build/icyphy/ptII/adm/gen-11.1/src/ptII11.1.devel/ptolemy/domains/ptides'
making clean in ptolemy/domains/ptinyos
make[4]: Entering directory '/home/travis/build/icyphy/ptII/adm/gen-11.1/src/ptII11.1.devel/ptolemy/domains/ptinyos'
rm -rf *.o *.so *~ *.bak ,* LOG* *.class *.jstmp config.cache config.log config.status manifest.tmp    ptinyos.jar    
rm -f core
making clean in ptolemy/domains/ptinyos/kernel
make[5]: Entering directory '/home/travis/build/icyphy/ptII/adm/gen-11.1/src/ptII11.1.devel/ptolemy/domains/ptinyos/kernel'
rm -rf *.o *.so *~ *.bak ,* LOG* *.class *.jstmp config.cache config.log config.status manifest.tmp NCCompositeActor.class PtinyOSCompositeActor.class PtinyOSDirector.class PtinyOSNodeParameter.class PtinyOSLoader.class kernel.jar     kernel.jar 
rm -f core
making clean in ptolemy/domains/ptinyos/kernel/test
make[6]: Entering directory '/home/travis/build/icyphy/ptII/adm/gen-11.1/src/ptII11.1.devel/ptolemy/domains/ptinyos/kernel/test'
rm -rf *.o *.so *~ *.bak ,* LOG* *.class *.jstmp config.cache config.log config.status manifest.tmp PtinyOSTestActor.class       
rm -f core
make[6]: Leaving directory '/home/travis/build/icyphy/ptII/adm/gen-11.1/src/ptII11.1.devel/ptolemy/domains/ptinyos/kernel/test'
make[5]: Leaving directory '/home/travis/build/icyphy/ptII/adm/gen-11.1/src/ptII11.1.devel/ptolemy/domains/ptinyos/kernel'
making clean in ptolemy/domains/ptinyos/gui
make[5]: Entering directory '/home/travis/build/icyphy/ptII/adm/gen-11.1/src/ptII11.1.devel/ptolemy/domains/ptinyos/gui'
rm -rf *.o *.so *~ *.bak ,* LOG* *.class *.jstmp config.cache config.log config.status manifest.tmp NCCompositeActorTableauFactory.class gui.jar     gui.jar 
rm -f core
make[5]: Leaving directory '/home/travis/build/icyphy/ptII/adm/gen-11.1/src/ptII11.1.devel/ptolemy/domains/ptinyos/gui'
making clean in ptolemy/domains/ptinyos/lib
make[5]: Entering directory '/home/travis/build/icyphy/ptII/adm/gen-11.1/src/ptII11.1.devel/ptolemy/domains/ptinyos/lib'
rm -rf *.o *.so *~ *.bak ,* LOG* *.class *.jstmp config.cache config.log config.status manifest.tmp MicaCompositeActor.class MicaLeds.class NCComponentBase.class SurgeVisualizer.class lib.jar     lib.jar 
rm -f core
making clean in ptolemy/domains/ptinyos/lib/test
make[6]: Entering directory '/home/travis/build/icyphy/ptII/adm/gen-11.1/src/ptII11.1.devel/ptolemy/domains/ptinyos/lib/test'
rm -rf *.o *.so *~ *.bak ,* LOG* *.class *.jstmp config.cache config.log config.status manifest.tmp        
rm -f core
make[6]: Leaving directory '/home/travis/build/icyphy/ptII/adm/gen-11.1/src/ptII11.1.devel/ptolemy/domains/ptinyos/lib/test'
make[5]: Leaving directory '/home/travis/build/icyphy/ptII/adm/gen-11.1/src/ptII11.1.devel/ptolemy/domains/ptinyos/lib'
making clean in ptolemy/domains/ptinyos/demo
make[5]: Entering directory '/home/travis/build/icyphy/ptII/adm/gen-11.1/src/ptII11.1.devel/ptolemy/domains/ptinyos/demo'
rm -rf *.o *.so *~ *.bak ,* LOG* *.class *.jstmp config.cache config.log config.status manifest.tmp    demo.jar    
rm -f core
making clean in ptolemy/domains/ptinyos/demo/CntToLeds
make[6]: Entering directory '/home/travis/build/icyphy/ptII/adm/gen-11.1/src/ptII11.1.devel/ptolemy/domains/ptinyos/demo/CntToLeds'
rm -rf *.o *.so *~ *.bak ,* LOG* *.class *.jstmp config.cache config.log config.status manifest.tmp  CntToLeds.jar     CntToLeds.jar 
rm -f core
make[6]: Leaving directory '/home/travis/build/icyphy/ptII/adm/gen-11.1/src/ptII11.1.devel/ptolemy/domains/ptinyos/demo/CntToLeds'
making clean in ptolemy/domains/ptinyos/demo/CntToLedsAndRfm
make[6]: Entering directory '/home/travis/build/icyphy/ptII/adm/gen-11.1/src/ptII11.1.devel/ptolemy/domains/ptinyos/demo/CntToLedsAndRfm'
rm -rf *.o *.so *~ *.bak ,* LOG* *.class *.jstmp config.cache config.log config.status manifest.tmp  CntToLedsAndRfm.jar     CntToLedsAndRfm.jar 
rm -f core
make[6]: Leaving directory '/home/travis/build/icyphy/ptII/adm/gen-11.1/src/ptII11.1.devel/ptolemy/domains/ptinyos/demo/CntToLedsAndRfm'
making clean in ptolemy/domains/ptinyos/demo/HelloWorld
make[6]: Entering directory '/home/travis/build/icyphy/ptII/adm/gen-11.1/src/ptII11.1.devel/ptolemy/domains/ptinyos/demo/HelloWorld'
rm -rf *.o *.so *~ *.bak ,* LOG* *.class *.jstmp config.cache config.log config.status manifest.tmp  HelloWorld.jar     HelloWorld.jar 
rm -f core
make[6]: Leaving directory '/home/travis/build/icyphy/ptII/adm/gen-11.1/src/ptII11.1.devel/ptolemy/domains/ptinyos/demo/HelloWorld'
making clean in ptolemy/domains/ptinyos/demo/RfmToLeds
make[6]: Entering directory '/home/travis/build/icyphy/ptII/adm/gen-11.1/src/ptII11.1.devel/ptolemy/domains/ptinyos/demo/RfmToLeds'
rm -rf *.o *.so *~ *.bak ,* LOG* *.class *.jstmp config.cache config.log config.status manifest.tmp  RfmToLeds.jar     RfmToLeds.jar 
rm -f core
make[6]: Leaving directory '/home/travis/build/icyphy/ptII/adm/gen-11.1/src/ptII11.1.devel/ptolemy/domains/ptinyos/demo/RfmToLeds'
making clean in ptolemy/domains/ptinyos/demo/SendAndReceiveCnt
make[6]: Entering directory '/home/travis/build/icyphy/ptII/adm/gen-11.1/src/ptII11.1.devel/ptolemy/domains/ptinyos/demo/SendAndReceiveCnt'
rm -rf *.o *.so *~ *.bak ,* LOG* *.class *.jstmp config.cache config.log config.status manifest.tmp  SendAndReceiveCnt.jar     SendAndReceiveCnt.jar 
rm -f core
make[6]: Leaving directory '/home/travis/build/icyphy/ptII/adm/gen-11.1/src/ptII11.1.devel/ptolemy/domains/ptinyos/demo/SendAndReceiveCnt'
making clean in ptolemy/domains/ptinyos/demo/SenseToLeds
make[6]: Entering directory '/home/travis/build/icyphy/ptII/adm/gen-11.1/src/ptII11.1.devel/ptolemy/domains/ptinyos/demo/SenseToLeds'
rm -rf *.o *.so *~ *.bak ,* LOG* *.class *.jstmp config.cache config.log config.status manifest.tmp  SenseToLeds.jar     SenseToLeds.jar 
rm -f core
make[6]: Leaving directory '/home/travis/build/icyphy/ptII/adm/gen-11.1/src/ptII11.1.devel/ptolemy/domains/ptinyos/demo/SenseToLeds'
making clean in ptolemy/domains/ptinyos/demo/Surge
make[6]: Entering directory '/home/travis/build/icyphy/ptII/adm/gen-11.1/src/ptII11.1.devel/ptolemy/domains/ptinyos/demo/Surge'
rm -rf *.o *.so *~ *.bak ,* LOG* *.class *.jstmp config.cache config.log config.status manifest.tmp  Surge.jar     Surge.jar 
rm -f core
make[6]: Leaving directory '/home/travis/build/icyphy/ptII/adm/gen-11.1/src/ptII11.1.devel/ptolemy/domains/ptinyos/demo/Surge'
make[5]: Leaving directory '/home/travis/build/icyphy/ptII/adm/gen-11.1/src/ptII11.1.devel/ptolemy/domains/ptinyos/demo'
making clean in ptolemy/domains/ptinyos/doc
make[5]: Entering directory '/home/travis/build/icyphy/ptII/adm/gen-11.1/src/ptII11.1.devel/ptolemy/domains/ptinyos/doc'
rm -rf *.o *.so *~ *.bak ,* LOG* *.class *.jstmp config.cache config.log config.status manifest.tmp  doc.jar     doc.jar 
rm -f core
make[5]: Leaving directory '/home/travis/build/icyphy/ptII/adm/gen-11.1/src/ptII11.1.devel/ptolemy/domains/ptinyos/doc'
making clean in ptolemy/domains/ptinyos/util
make[5]: Entering directory '/home/travis/build/icyphy/ptII/adm/gen-11.1/src/ptII11.1.devel/ptolemy/domains/ptinyos/util'
rm -rf *.o *.so *~ *.bak ,* LOG* *.class *.jstmp config.cache config.log config.status manifest.tmp  util.jar     util.jar 
rm -f core
make[5]: Leaving directory '/home/travis/build/icyphy/ptII/adm/gen-11.1/src/ptII11.1.devel/ptolemy/domains/ptinyos/util'
make[4]: Leaving directory '/home/travis/build/icyphy/ptII/adm/gen-11.1/src/ptII11.1.devel/ptolemy/domains/ptinyos'
making clean in ptolemy/domains/scr
make[4]: Entering directory '/home/travis/build/icyphy/ptII/adm/gen-11.1/src/ptII11.1.devel/ptolemy/domains/scr'
rm -rf *.o *.so *~ *.bak ,* LOG* *.class *.jstmp config.cache config.log config.status manifest.tmp SCRModel.class scr.jar     scr.jar 
rm -f core
making clean in ptolemy/domains/scr/demo
make[5]: Entering directory '/home/travis/build/icyphy/ptII/adm/gen-11.1/src/ptII11.1.devel/ptolemy/domains/scr/demo'
rm -rf *.o *.so *~ *.bak ,* LOG* *.class *.jstmp config.cache config.log config.status manifest.tmp    demo.jar    
rm -f core
making clean in ptolemy/domains/scr/demo/FuelSystemSCR
make[6]: Entering directory '/home/travis/build/icyphy/ptII/adm/gen-11.1/src/ptII11.1.devel/ptolemy/domains/scr/demo/FuelSystemSCR'
rm -rf *.o *.so *~ *.bak ,* LOG* *.class *.jstmp config.cache config.log config.status manifest.tmp  FuelSystemSCR.jar     FuelSystemSCR.jar 
rm -f core
make[6]: Leaving directory '/home/travis/build/icyphy/ptII/adm/gen-11.1/src/ptII11.1.devel/ptolemy/domains/scr/demo/FuelSystemSCR'
making clean in ptolemy/domains/scr/demo/HelloWorldSCR
make[6]: Entering directory '/home/travis/build/icyphy/ptII/adm/gen-11.1/src/ptII11.1.devel/ptolemy/domains/scr/demo/HelloWorldSCR'
rm -rf *.o *.so *~ *.bak ,* LOG* *.class *.jstmp config.cache config.log config.status manifest.tmp  HelloWorldSCR.jar     HelloWorldSCR.jar 
rm -f core
make[6]: Leaving directory '/home/travis/build/icyphy/ptII/adm/gen-11.1/src/ptII11.1.devel/ptolemy/domains/scr/demo/HelloWorldSCR'
making clean in ptolemy/domains/scr/demo/SafetyInjection
make[6]: Entering directory '/home/travis/build/icyphy/ptII/adm/gen-11.1/src/ptII11.1.devel/ptolemy/domains/scr/demo/SafetyInjection'
rm -rf *.o *.so *~ *.bak ,* LOG* *.class *.jstmp config.cache config.log config.status manifest.tmp  SafetyInjection.jar     SafetyInjection.jar 
rm -f core
make[6]: Leaving directory '/home/travis/build/icyphy/ptII/adm/gen-11.1/src/ptII11.1.devel/ptolemy/domains/scr/demo/SafetyInjection'
making clean in ptolemy/domains/scr/demo/TrafficLight
make[6]: Entering directory '/home/travis/build/icyphy/ptII/adm/gen-11.1/src/ptII11.1.devel/ptolemy/domains/scr/demo/TrafficLight'
rm -rf *.o *.so *~ *.bak ,* LOG* *.class *.jstmp config.cache config.log config.status manifest.tmp  TrafficLight.jar     TrafficLight.jar 
rm -f core
make[6]: Leaving directory '/home/travis/build/icyphy/ptII/adm/gen-11.1/src/ptII11.1.devel/ptolemy/domains/scr/demo/TrafficLight'
make[5]: Leaving directory '/home/travis/build/icyphy/ptII/adm/gen-11.1/src/ptII11.1.devel/ptolemy/domains/scr/demo'
making clean in ptolemy/domains/scr/doc
make[5]: Entering directory '/home/travis/build/icyphy/ptII/adm/gen-11.1/src/ptII11.1.devel/ptolemy/domains/scr/doc'
rm -rf *.o *.so *~ *.bak ,* LOG* *.class *.jstmp config.cache config.log config.status manifest.tmp  doc.jar     doc.jar 
rm -f core
make[5]: Leaving directory '/home/travis/build/icyphy/ptII/adm/gen-11.1/src/ptII11.1.devel/ptolemy/domains/scr/doc'
making clean in ptolemy/domains/scr/test
make[5]: Entering directory '/home/travis/build/icyphy/ptII/adm/gen-11.1/src/ptII11.1.devel/ptolemy/domains/scr/test'
rm -rf *.o *.so *~ *.bak ,* LOG* *.class *.jstmp config.cache config.log config.status manifest.tmp        
rm -f core
make[5]: Leaving directory '/home/travis/build/icyphy/ptII/adm/gen-11.1/src/ptII11.1.devel/ptolemy/domains/scr/test'
make[4]: Leaving directory '/home/travis/build/icyphy/ptII/adm/gen-11.1/src/ptII11.1.devel/ptolemy/domains/scr'
making clean in ptolemy/domains/space
make[4]: Entering directory '/home/travis/build/icyphy/ptII/adm/gen-11.1/src/ptII11.1.devel/ptolemy/domains/space'
rm -rf *.o *.so *~ *.bak ,* LOG* *.class *.jstmp config.cache config.log config.status manifest.tmp Occupants.class Region.class Room.class   space.jar    
rm -f core
making clean in ptolemy/domains/space/demo
make[5]: Entering directory '/home/travis/build/icyphy/ptII/adm/gen-11.1/src/ptII11.1.devel/ptolemy/domains/space/demo'
rm -rf *.o *.so *~ *.bak ,* LOG* *.class *.jstmp config.cache config.log config.status manifest.tmp    demo.jar    
rm -f core
making clean in ptolemy/domains/space/demo/DOPCenter
make[6]: Entering directory '/home/travis/build/icyphy/ptII/adm/gen-11.1/src/ptII11.1.devel/ptolemy/domains/space/demo/DOPCenter'
rm -rf *.o *.so *~ *.bak ,* LOG* *.class *.jstmp config.cache config.log config.status manifest.tmp  DOPCenter.jar     DOPCenter.jar 
rm -f core
make[6]: Leaving directory '/home/travis/build/icyphy/ptII/adm/gen-11.1/src/ptII11.1.devel/ptolemy/domains/space/demo/DOPCenter'
make[5]: Leaving directory '/home/travis/build/icyphy/ptII/adm/gen-11.1/src/ptII11.1.devel/ptolemy/domains/space/demo'
making clean in ptolemy/domains/space/doc
make[5]: Entering directory '/home/travis/build/icyphy/ptII/adm/gen-11.1/src/ptII11.1.devel/ptolemy/domains/space/doc'
rm -rf *.o *.so *~ *.bak ,* LOG* *.class *.jstmp config.cache config.log config.status manifest.tmp  doc.jar     doc.jar 
rm -f core
make[5]: Leaving directory '/home/travis/build/icyphy/ptII/adm/gen-11.1/src/ptII11.1.devel/ptolemy/domains/space/doc'
making clean in ptolemy/domains/space/test
make[5]: Entering directory '/home/travis/build/icyphy/ptII/adm/gen-11.1/src/ptII11.1.devel/ptolemy/domains/space/test'
rm -rf *.o *.so *~ *.bak ,* LOG* *.class *.jstmp config.cache config.log config.status manifest.tmp        
rm -f core
make[5]: Leaving directory '/home/travis/build/icyphy/ptII/adm/gen-11.1/src/ptII11.1.devel/ptolemy/domains/space/test'
make[4]: Leaving directory '/home/travis/build/icyphy/ptII/adm/gen-11.1/src/ptII11.1.devel/ptolemy/domains/space'
making clean in ptolemy/domains/sequence
make[4]: Entering directory '/home/travis/build/icyphy/ptII/adm/gen-11.1/src/ptII11.1.devel/ptolemy/domains/sequence'
rm -rf *.o *.so *~ *.bak ,* LOG* *.class *.jstmp config.cache config.log config.status manifest.tmp    sequence.jar    
rm -f core
making clean in ptolemy/domains/sequence/kernel
make[5]: Entering directory '/home/travis/build/icyphy/ptII/adm/gen-11.1/src/ptII11.1.devel/ptolemy/domains/sequence/kernel'
rm -rf *.o *.so *~ *.bak ,* LOG* *.class *.jstmp config.cache config.log config.status manifest.tmp ControlActor.class DijkstraSequenceEstimator.class ListSchedulingSequenceEstimator.class MultipleFireMethodsInterface.class PartialSequenceScheduler.class ProcessAttribute.class ProcessDirector.class RegisterReceiver.class SequenceAttribute.class SequenceDirector.class SequenceEstimator.class SequenceFiring.class SequenceSchedule.class SequenceScheduler.class SequencedModelDirector.class kernel.jar     kernel.jar 
rm -f core
make[5]: Leaving directory '/home/travis/build/icyphy/ptII/adm/gen-11.1/src/ptII11.1.devel/ptolemy/domains/sequence/kernel'
making clean in ptolemy/domains/sequence/gui
make[5]: Entering directory '/home/travis/build/icyphy/ptII/adm/gen-11.1/src/ptII11.1.devel/ptolemy/domains/sequence/gui'
rm -rf *.o *.so *~ *.bak ,* LOG* *.class *.jstmp config.cache config.log config.status manifest.tmp ActorCellRenderer.class SequentialScheduleEditorPane.class VisualSequenceDirector.class gui.jar     gui.jar 
rm -f core
make[5]: Leaving directory '/home/travis/build/icyphy/ptII/adm/gen-11.1/src/ptII11.1.devel/ptolemy/domains/sequence/gui'
making clean in ptolemy/domains/sequence/lib
make[5]: Entering directory '/home/travis/build/icyphy/ptII/adm/gen-11.1/src/ptII11.1.devel/ptolemy/domains/sequence/lib'
rm -rf *.o *.so *~ *.bak ,* LOG* *.class *.jstmp config.cache config.log config.status manifest.tmp BaseMultipleMethodsActor.class Break.class IfThen.class IfThenElse.class SequencedIntegrator.class SequencedSharedMemoryActor.class SequencedVariable.class While.class lib.jar     lib.jar 
rm -f core
make[5]: Leaving directory '/home/travis/build/icyphy/ptII/adm/gen-11.1/src/ptII11.1.devel/ptolemy/domains/sequence/lib'
making clean in ptolemy/domains/sequence/demo
make[5]: Entering directory '/home/travis/build/icyphy/ptII/adm/gen-11.1/src/ptII11.1.devel/ptolemy/domains/sequence/demo'
rm -rf *.o *.so *~ *.bak ,* LOG* *.class *.jstmp config.cache config.log config.status manifest.tmp    demo.jar    
rm -f core
making clean in ptolemy/domains/sequence/demo/HelloWorld
make[6]: Entering directory '/home/travis/build/icyphy/ptII/adm/gen-11.1/src/ptII11.1.devel/ptolemy/domains/sequence/demo/HelloWorld'
rm -rf *.o *.so *~ *.bak ,* LOG* *.class *.jstmp config.cache config.log config.status manifest.tmp  HelloWorld.jar     HelloWorld.jar 
rm -f core
make[6]: Leaving directory '/home/travis/build/icyphy/ptII/adm/gen-11.1/src/ptII11.1.devel/ptolemy/domains/sequence/demo/HelloWorld'
making clean in ptolemy/domains/sequence/demo/SequencedActors
make[6]: Entering directory '/home/travis/build/icyphy/ptII/adm/gen-11.1/src/ptII11.1.devel/ptolemy/domains/sequence/demo/SequencedActors'
rm -rf *.o *.so *~ *.bak ,* LOG* *.class *.jstmp config.cache config.log config.status manifest.tmp  SequencedActors.jar     SequencedActors.jar 
rm -f core
make[6]: Leaving directory '/home/travis/build/icyphy/ptII/adm/gen-11.1/src/ptII11.1.devel/ptolemy/domains/sequence/demo/SequencedActors'
making clean in ptolemy/domains/sequence/demo/Visual
make[6]: Entering directory '/home/travis/build/icyphy/ptII/adm/gen-11.1/src/ptII11.1.devel/ptolemy/domains/sequence/demo/Visual'
rm -rf *.o *.so *~ *.bak ,* LOG* *.class *.jstmp config.cache config.log config.status manifest.tmp  Visual.jar     Visual.jar 
rm -f core
make[6]: Leaving directory '/home/travis/build/icyphy/ptII/adm/gen-11.1/src/ptII11.1.devel/ptolemy/domains/sequence/demo/Visual'
make[5]: Leaving directory '/home/travis/build/icyphy/ptII/adm/gen-11.1/src/ptII11.1.devel/ptolemy/domains/sequence/demo'
making clean in ptolemy/domains/sequence/test
make[5]: Entering directory '/home/travis/build/icyphy/ptII/adm/gen-11.1/src/ptII11.1.devel/ptolemy/domains/sequence/test'
rm -rf *.o *.so *~ *.bak ,* LOG* *.class *.jstmp config.cache config.log config.status manifest.tmp        
rm -f core
make[5]: Leaving directory '/home/travis/build/icyphy/ptII/adm/gen-11.1/src/ptII11.1.devel/ptolemy/domains/sequence/test'
make[4]: Leaving directory '/home/travis/build/icyphy/ptII/adm/gen-11.1/src/ptII11.1.devel/ptolemy/domains/sequence'
making clean in ptolemy/domains/sr
make[4]: Entering directory '/home/travis/build/icyphy/ptII/adm/gen-11.1/src/ptII11.1.devel/ptolemy/domains/sr'
rm -rf *.o *.so *~ *.bak ,* LOG* *.class *.jstmp config.cache config.log config.status manifest.tmp    sr.jar    
rm -f core
making clean in ptolemy/domains/sr/kernel
make[5]: Entering directory '/home/travis/build/icyphy/ptII/adm/gen-11.1/src/ptII11.1.devel/ptolemy/domains/sr/kernel'
rm -rf *.o *.so *~ *.bak ,* LOG* *.class *.jstmp config.cache config.log config.status manifest.tmp SRDirector.class SROptimizedScheduler.class SRRandomizedScheduler.class kernel.jar     kernel.jar 
rm -f core
making clean in ptolemy/domains/sr/kernel/test
make[6]: Entering directory '/home/travis/build/icyphy/ptII/adm/gen-11.1/src/ptII11.1.devel/ptolemy/domains/sr/kernel/test'
rm -rf *.o *.so *~ *.bak ,* LOG* *.class *.jstmp config.cache config.log config.status manifest.tmp        
rm -f core
make[6]: Leaving directory '/home/travis/build/icyphy/ptII/adm/gen-11.1/src/ptII11.1.devel/ptolemy/domains/sr/kernel/test'
make[5]: Leaving directory '/home/travis/build/icyphy/ptII/adm/gen-11.1/src/ptII11.1.devel/ptolemy/domains/sr/kernel'
making clean in ptolemy/domains/sr/lib
make[5]: Entering directory '/home/travis/build/icyphy/ptII/adm/gen-11.1/src/ptII11.1.devel/ptolemy/domains/sr/lib'
rm -rf *.o *.so *~ *.bak ,* LOG* *.class *.jstmp config.cache config.log config.status manifest.tmp Absent.class BinaryNonStrictLogicGate.class Combine.class Current.class EnabledComposite.class InstantaneousDialogGenerator.class NonStrictDelay.class NonStrictLogicFunction.class NonStrictLogicGate.class NonStrictAndGate.class NonStrictOrGate.class NonStrictXorGate.class NonStrictThreeBitAdder.class Pre.class SingleTokenDistributor.class Undefined.class When.class   lib.jar    
rm -f core
making clean in ptolemy/domains/sr/lib/gui
make[6]: Entering directory '/home/travis/build/icyphy/ptII/adm/gen-11.1/src/ptII11.1.devel/ptolemy/domains/sr/lib/gui'
rm -rf *.o *.so *~ *.bak ,* LOG* *.class *.jstmp config.cache config.log config.status manifest.tmp ButtonTime.class NonStrictDisplay.class gui.jar     gui.jar 
rm -f core
make[6]: Leaving directory '/home/travis/build/icyphy/ptII/adm/gen-11.1/src/ptII11.1.devel/ptolemy/domains/sr/lib/gui'
making clean in ptolemy/domains/sr/lib/test
make[6]: Entering directory '/home/travis/build/icyphy/ptII/adm/gen-11.1/src/ptII11.1.devel/ptolemy/domains/sr/lib/test'
rm -rf *.o *.so *~ *.bak ,* LOG* *.class *.jstmp config.cache config.log config.status manifest.tmp        
rm -f core
make[6]: Leaving directory '/home/travis/build/icyphy/ptII/adm/gen-11.1/src/ptII11.1.devel/ptolemy/domains/sr/lib/test'
make[5]: Leaving directory '/home/travis/build/icyphy/ptII/adm/gen-11.1/src/ptII11.1.devel/ptolemy/domains/sr/lib'
making clean in ptolemy/domains/sr/demo
make[5]: Entering directory '/home/travis/build/icyphy/ptII/adm/gen-11.1/src/ptII11.1.devel/ptolemy/domains/sr/demo'
rm -rf *.o *.so *~ *.bak ,* LOG* *.class *.jstmp config.cache config.log config.status manifest.tmp    demo.jar    
rm -f core
making clean in ptolemy/domains/sr/demo/FeedbackLoop
make[6]: Entering directory '/home/travis/build/icyphy/ptII/adm/gen-11.1/src/ptII11.1.devel/ptolemy/domains/sr/demo/FeedbackLoop'
rm -rf *.o *.so *~ *.bak ,* LOG* *.class *.jstmp config.cache config.log config.status manifest.tmp  FeedbackLoop.jar     FeedbackLoop.jar 
rm -f core
make[6]: Leaving directory '/home/travis/build/icyphy/ptII/adm/gen-11.1/src/ptII11.1.devel/ptolemy/domains/sr/demo/FeedbackLoop'
making clean in ptolemy/domains/sr/demo/GuardedCount
make[6]: Entering directory '/home/travis/build/icyphy/ptII/adm/gen-11.1/src/ptII11.1.devel/ptolemy/domains/sr/demo/GuardedCount'
rm -rf *.o *.so *~ *.bak ,* LOG* *.class *.jstmp config.cache config.log config.status manifest.tmp  GuardedCount.jar     GuardedCount.jar *.jar
rm -f core
make[6]: Leaving directory '/home/travis/build/icyphy/ptII/adm/gen-11.1/src/ptII11.1.devel/ptolemy/domains/sr/demo/GuardedCount'
making clean in ptolemy/domains/sr/demo/ReflexGame
make[6]: Entering directory '/home/travis/build/icyphy/ptII/adm/gen-11.1/src/ptII11.1.devel/ptolemy/domains/sr/demo/ReflexGame'
rm -rf *.o *.so *~ *.bak ,* LOG* *.class *.jstmp config.cache config.log config.status manifest.tmp  ReflexGame.jar     ReflexGame.jar 
rm -f core
make[6]: Leaving directory '/home/travis/build/icyphy/ptII/adm/gen-11.1/src/ptII11.1.devel/ptolemy/domains/sr/demo/ReflexGame'
making clean in ptolemy/domains/sr/demo/TokenRing
make[6]: Entering directory '/home/travis/build/icyphy/ptII/adm/gen-11.1/src/ptII11.1.devel/ptolemy/domains/sr/demo/TokenRing'
rm -rf *.o *.so *~ *.bak ,* LOG* *.class *.jstmp config.cache config.log config.status manifest.tmp  TokenRing.jar     TokenRing.jar 
rm -f core
make[6]: Leaving directory '/home/travis/build/icyphy/ptII/adm/gen-11.1/src/ptII11.1.devel/ptolemy/domains/sr/demo/TokenRing'
making clean in ptolemy/domains/sr/demo/TrafficLight
make[6]: Entering directory '/home/travis/build/icyphy/ptII/adm/gen-11.1/src/ptII11.1.devel/ptolemy/domains/sr/demo/TrafficLight'
rm -rf *.o *.so *~ *.bak ,* LOG* *.class *.jstmp config.cache config.log config.status manifest.tmp  TrafficLight.jar     TrafficLight.jar *.jar
rm -f core
make[6]: Leaving directory '/home/travis/build/icyphy/ptII/adm/gen-11.1/src/ptII11.1.devel/ptolemy/domains/sr/demo/TrafficLight'
make[5]: Leaving directory '/home/travis/build/icyphy/ptII/adm/gen-11.1/src/ptII11.1.devel/ptolemy/domains/sr/demo'
making clean in ptolemy/domains/sr/test
make[5]: Entering directory '/home/travis/build/icyphy/ptII/adm/gen-11.1/src/ptII11.1.devel/ptolemy/domains/sr/test'
rm -rf *.o *.so *~ *.bak ,* LOG* *.class *.jstmp config.cache config.log config.status manifest.tmp        
rm -f core
make[5]: Leaving directory '/home/travis/build/icyphy/ptII/adm/gen-11.1/src/ptII11.1.devel/ptolemy/domains/sr/test'
making clean in ptolemy/domains/sr/doc
make[5]: Entering directory '/home/travis/build/icyphy/ptII/adm/gen-11.1/src/ptII11.1.devel/ptolemy/domains/sr/doc'
rm -rf *.o *.so *~ *.bak ,* LOG* *.class *.jstmp config.cache config.log config.status manifest.tmp  doc.jar     doc.jar 
rm -f core
make[5]: Leaving directory '/home/travis/build/icyphy/ptII/adm/gen-11.1/src/ptII11.1.devel/ptolemy/domains/sr/doc'
make[4]: Leaving directory '/home/travis/build/icyphy/ptII/adm/gen-11.1/src/ptII11.1.devel/ptolemy/domains/sr'
making clean in ptolemy/domains/taskpt
make[4]: Entering directory '/home/travis/build/icyphy/ptII/adm/gen-11.1/src/ptII11.1.devel/ptolemy/domains/taskpt'
rm -rf *.o *.so *~ *.bak ,* LOG* *.class *.jstmp config.cache config.log config.status manifest.tmp    taskpt.jar    
rm -f core
making clean in ptolemy/domains/taskpt/kernel
make[5]: Entering directory '/home/travis/build/icyphy/ptII/adm/gen-11.1/src/ptII11.1.devel/ptolemy/domains/taskpt/kernel'
rm -rf *.o *.so *~ *.bak ,* LOG* *.class *.jstmp config.cache config.log config.status manifest.tmp PtrToken.class TaskPtDirector.class TaskDirector.class ThreadDirector.class kernel.jar     kernel.jar 
rm -f core
make[5]: Leaving directory '/home/travis/build/icyphy/ptII/adm/gen-11.1/src/ptII11.1.devel/ptolemy/domains/taskpt/kernel'
making clean in ptolemy/domains/taskpt/lib
make[5]: Entering directory '/home/travis/build/icyphy/ptII/adm/gen-11.1/src/ptII11.1.devel/ptolemy/domains/taskpt/lib'
rm -rf *.o *.so *~ *.bak ,* LOG* *.class *.jstmp config.cache config.log config.status manifest.tmp AddSubtractAll.class Alloc.class ChangePtr.class Load.class LoadStore.class Memory.class MemoryAccess.class Store.class Task.class   lib.jar    
rm -f core
making clean in ptolemy/domains/taskpt/lib/gui
make[6]: Entering directory '/home/travis/build/icyphy/ptII/adm/gen-11.1/src/ptII11.1.devel/ptolemy/domains/taskpt/lib/gui'
rm -rf *.o *.so *~ *.bak ,* LOG* *.class *.jstmp config.cache config.log config.status manifest.tmp DisplayAll.class gui.jar     gui.jar 
rm -f core
make[6]: Leaving directory '/home/travis/build/icyphy/ptII/adm/gen-11.1/src/ptII11.1.devel/ptolemy/domains/taskpt/lib/gui'
make[5]: Leaving directory '/home/travis/build/icyphy/ptII/adm/gen-11.1/src/ptII11.1.devel/ptolemy/domains/taskpt/lib'
making clean in ptolemy/domains/taskpt/demo
make[5]: Entering directory '/home/travis/build/icyphy/ptII/adm/gen-11.1/src/ptII11.1.devel/ptolemy/domains/taskpt/demo'
rm -rf *.o *.so *~ *.bak ,* LOG* *.class *.jstmp config.cache config.log config.status manifest.tmp    demo.jar    
rm -f core
making clean in ptolemy/domains/taskpt/demo/SharedMemory
make[6]: Entering directory '/home/travis/build/icyphy/ptII/adm/gen-11.1/src/ptII11.1.devel/ptolemy/domains/taskpt/demo/SharedMemory'
rm -rf *.o *.so *~ *.bak ,* LOG* *.class *.jstmp config.cache config.log config.status manifest.tmp  SharedMemory.jar     SharedMemory.jar 
rm -f core
make[6]: Leaving directory '/home/travis/build/icyphy/ptII/adm/gen-11.1/src/ptII11.1.devel/ptolemy/domains/taskpt/demo/SharedMemory'
making clean in ptolemy/domains/taskpt/demo/Task
make[6]: Entering directory '/home/travis/build/icyphy/ptII/adm/gen-11.1/src/ptII11.1.devel/ptolemy/domains/taskpt/demo/Task'
rm -rf *.o *.so *~ *.bak ,* LOG* *.class *.jstmp config.cache config.log config.status manifest.tmp  Task.jar     Task.jar 
rm -f core
make[6]: Leaving directory '/home/travis/build/icyphy/ptII/adm/gen-11.1/src/ptII11.1.devel/ptolemy/domains/taskpt/demo/Task'
make[5]: Leaving directory '/home/travis/build/icyphy/ptII/adm/gen-11.1/src/ptII11.1.devel/ptolemy/domains/taskpt/demo'
making clean in ptolemy/domains/taskpt/doc
make[5]: Entering directory '/home/travis/build/icyphy/ptII/adm/gen-11.1/src/ptII11.1.devel/ptolemy/domains/taskpt/doc'
rm -rf *.o *.so *~ *.bak ,* LOG* *.class *.jstmp config.cache config.log config.status manifest.tmp  doc.jar     doc.jar 
rm -f core
make[5]: Leaving directory '/home/travis/build/icyphy/ptII/adm/gen-11.1/src/ptII11.1.devel/ptolemy/domains/taskpt/doc'
making clean in ptolemy/domains/taskpt/test
make[5]: Entering directory '/home/travis/build/icyphy/ptII/adm/gen-11.1/src/ptII11.1.devel/ptolemy/domains/taskpt/test'
rm -rf *.o *.so *~ *.bak ,* LOG* *.class *.jstmp config.cache config.log config.status manifest.tmp        
rm -f core
make[5]: Leaving directory '/home/travis/build/icyphy/ptII/adm/gen-11.1/src/ptII11.1.devel/ptolemy/domains/taskpt/test'
make[4]: Leaving directory '/home/travis/build/icyphy/ptII/adm/gen-11.1/src/ptII11.1.devel/ptolemy/domains/taskpt'
making clean in ptolemy/domains/tdl
make[4]: Entering directory '/home/travis/build/icyphy/ptII/adm/gen-11.1/src/ptII11.1.devel/ptolemy/domains/tdl'
rm -rf *.o *.so *~ *.bak ,* LOG* *.class *.jstmp config.cache config.log config.status manifest.tmp    tdl.jar    
rm -f core
making clean in ptolemy/domains/tdl/kernel
make[5]: Entering directory '/home/travis/build/icyphy/ptII/adm/gen-11.1/src/ptII11.1.devel/ptolemy/domains/tdl/kernel'
rm -rf *.o *.so *~ *.bak ,* LOG* *.class *.jstmp config.cache config.log config.status manifest.tmp LetTask.class TDLAction.class TDLActionsGraph.class TDLActor.class TDLCausalityInterface.class TDLCodeGenerator.class TDLCodeGeneratorUtilities.class TDLController.class TDLMode.class TDLModule.class TDLModuleDirector.class TDLReceiver.class TDLRefinement.class TDLRefinementPort.class TDLTask.class TDLTaskPort.class TDLTransition.class kernel.jar     kernel.jar 
rm -f core
make[5]: Leaving directory '/home/travis/build/icyphy/ptII/adm/gen-11.1/src/ptII11.1.devel/ptolemy/domains/tdl/kernel'
making clean in ptolemy/domains/tdl/demo
make[5]: Entering directory '/home/travis/build/icyphy/ptII/adm/gen-11.1/src/ptII11.1.devel/ptolemy/domains/tdl/demo'
rm -rf *.o *.so *~ *.bak ,* LOG* *.class *.jstmp config.cache config.log config.status manifest.tmp    demo.jar    
rm -f core
making clean in ptolemy/domains/tdl/demo/ActiveRearSteeringCT
make[6]: Entering directory '/home/travis/build/icyphy/ptII/adm/gen-11.1/src/ptII11.1.devel/ptolemy/domains/tdl/demo/ActiveRearSteeringCT'
rm -rf *.o *.so *~ *.bak ,* LOG* *.class *.jstmp config.cache config.log config.status manifest.tmp  ActiveRearSteeringCT.jar     ActiveRearSteeringCT.jar 
rm -f core
make[6]: Leaving directory '/home/travis/build/icyphy/ptII/adm/gen-11.1/src/ptII11.1.devel/ptolemy/domains/tdl/demo/ActiveRearSteeringCT'
making clean in ptolemy/domains/tdl/demo/ActiveRearSteeringDE
make[6]: Entering directory '/home/travis/build/icyphy/ptII/adm/gen-11.1/src/ptII11.1.devel/ptolemy/domains/tdl/demo/ActiveRearSteeringDE'
rm -rf *.o *.so *~ *.bak ,* LOG* *.class *.jstmp config.cache config.log config.status manifest.tmp  ActiveRearSteeringDE.jar     ActiveRearSteeringDE.jar 
rm -f core
make[6]: Leaving directory '/home/travis/build/icyphy/ptII/adm/gen-11.1/src/ptII11.1.devel/ptolemy/domains/tdl/demo/ActiveRearSteeringDE'
making clean in ptolemy/domains/tdl/demo/IncrementDecrement
make[6]: Entering directory '/home/travis/build/icyphy/ptII/adm/gen-11.1/src/ptII11.1.devel/ptolemy/domains/tdl/demo/IncrementDecrement'
rm -rf *.o *.so *~ *.bak ,* LOG* *.class *.jstmp config.cache config.log config.status manifest.tmp  IncrementDecrement.jar     IncrementDecrement.jar 
rm -f core
make[6]: Leaving directory '/home/travis/build/icyphy/ptII/adm/gen-11.1/src/ptII11.1.devel/ptolemy/domains/tdl/demo/IncrementDecrement'
making clean in ptolemy/domains/tdl/demo/ZeroTimeDEActorLoop
make[6]: Entering directory '/home/travis/build/icyphy/ptII/adm/gen-11.1/src/ptII11.1.devel/ptolemy/domains/tdl/demo/ZeroTimeDEActorLoop'
rm -rf *.o *.so *~ *.bak ,* LOG* *.class *.jstmp config.cache config.log config.status manifest.tmp  ZeroTimeDEActorLoop.jar     ZeroTimeDEActorLoop.jar 
rm -f core
make[6]: Leaving directory '/home/travis/build/icyphy/ptII/adm/gen-11.1/src/ptII11.1.devel/ptolemy/domains/tdl/demo/ZeroTimeDEActorLoop'
make[5]: Leaving directory '/home/travis/build/icyphy/ptII/adm/gen-11.1/src/ptII11.1.devel/ptolemy/domains/tdl/demo'
make[4]: Leaving directory '/home/travis/build/icyphy/ptII/adm/gen-11.1/src/ptII11.1.devel/ptolemy/domains/tdl'
making clean in ptolemy/domains/tester
make[4]: Entering directory '/home/travis/build/icyphy/ptII/adm/gen-11.1/src/ptII11.1.devel/ptolemy/domains/tester'
rm -rf *.o *.so *~ *.bak ,* LOG* *.class *.jstmp config.cache config.log config.status manifest.tmp    tester.jar    
rm -f core
making clean in ptolemy/domains/tester/kernel
make[5]: Entering directory '/home/travis/build/icyphy/ptII/adm/gen-11.1/src/ptII11.1.devel/ptolemy/domains/tester/kernel'
rm -rf *.o *.so *~ *.bak ,* LOG* *.class *.jstmp config.cache config.log config.status manifest.tmp TesterDirector.class kernel.jar     kernel.jar 
rm -f core
make[5]: Leaving directory '/home/travis/build/icyphy/ptII/adm/gen-11.1/src/ptII11.1.devel/ptolemy/domains/tester/kernel'
making clean in ptolemy/domains/tester/lib
make[5]: Entering directory '/home/travis/build/icyphy/ptII/adm/gen-11.1/src/ptII11.1.devel/ptolemy/domains/tester/lib'
rm -rf *.o *.so *~ *.bak ,* LOG* *.class *.jstmp config.cache config.log config.status manifest.tmp Testable.class lib.jar     lib.jar 
rm -f core
make[5]: Leaving directory '/home/travis/build/icyphy/ptII/adm/gen-11.1/src/ptII11.1.devel/ptolemy/domains/tester/lib'
make[4]: Leaving directory '/home/travis/build/icyphy/ptII/adm/gen-11.1/src/ptII11.1.devel/ptolemy/domains/tester'
making clean in ptolemy/domains/tm
make[4]: Entering directory '/home/travis/build/icyphy/ptII/adm/gen-11.1/src/ptII11.1.devel/ptolemy/domains/tm'
rm -rf *.o *.so *~ *.bak ,* LOG* *.class *.jstmp config.cache config.log config.status manifest.tmp    tm.jar    
rm -f core
making clean in ptolemy/domains/tm/kernel
make[5]: Entering directory '/home/travis/build/icyphy/ptII/adm/gen-11.1/src/ptII11.1.devel/ptolemy/domains/tm/kernel'
rm -rf *.o *.so *~ *.bak ,* LOG* *.class *.jstmp config.cache config.log config.status manifest.tmp TMActor.class TMDirector.class TMEvent.class TMEventComparator.class TMReceiver.class SchedulePlotter.class ScheduleListener.class kernel.jar     kernel.jar 
rm -f core
making clean in ptolemy/domains/tm/kernel/test
make[6]: Entering directory '/home/travis/build/icyphy/ptII/adm/gen-11.1/src/ptII11.1.devel/ptolemy/domains/tm/kernel/test'
rm -rf *.o *.so *~ *.bak ,* LOG* *.class *.jstmp config.cache config.log config.status manifest.tmp TestScheduleListener.class       
rm -f core
make[6]: Leaving directory '/home/travis/build/icyphy/ptII/adm/gen-11.1/src/ptII11.1.devel/ptolemy/domains/tm/kernel/test'
make[5]: Leaving directory '/home/travis/build/icyphy/ptII/adm/gen-11.1/src/ptII11.1.devel/ptolemy/domains/tm/kernel'
making clean in ptolemy/domains/tm/lib
make[5]: Entering directory '/home/travis/build/icyphy/ptII/adm/gen-11.1/src/ptII11.1.devel/ptolemy/domains/tm/lib'
rm -rf *.o *.so *~ *.bak ,* LOG* *.class *.jstmp config.cache config.log config.status manifest.tmp TMCompositeFacade.class lib.jar     lib.jar 
rm -f core
make[5]: Leaving directory '/home/travis/build/icyphy/ptII/adm/gen-11.1/src/ptII11.1.devel/ptolemy/domains/tm/lib'
making clean in ptolemy/domains/tm/demo
make[5]: Entering directory '/home/travis/build/icyphy/ptII/adm/gen-11.1/src/ptII11.1.devel/ptolemy/domains/tm/demo'
rm -rf *.o *.so *~ *.bak ,* LOG* *.class *.jstmp config.cache config.log config.status manifest.tmp    demo.jar    
rm -f core
making clean in ptolemy/domains/tm/demo/Controllers
make[6]: Entering directory '/home/travis/build/icyphy/ptII/adm/gen-11.1/src/ptII11.1.devel/ptolemy/domains/tm/demo/Controllers'
rm -rf *.o *.so *~ *.bak ,* LOG* *.class *.jstmp config.cache config.log config.status manifest.tmp  Controllers.jar     Controllers.jar 
rm -f core
make[6]: Leaving directory '/home/travis/build/icyphy/ptII/adm/gen-11.1/src/ptII11.1.devel/ptolemy/domains/tm/demo/Controllers'
making clean in ptolemy/domains/tm/demo/FFT
make[6]: Entering directory '/home/travis/build/icyphy/ptII/adm/gen-11.1/src/ptII11.1.devel/ptolemy/domains/tm/demo/FFT'
rm -rf *.o *.so *~ *.bak ,* LOG* *.class *.jstmp config.cache config.log config.status manifest.tmp  FFT.jar     FFT.jar 
rm -f core
make[6]: Leaving directory '/home/travis/build/icyphy/ptII/adm/gen-11.1/src/ptII11.1.devel/ptolemy/domains/tm/demo/FFT'
making clean in ptolemy/domains/tm/demo/MergedEvents
make[6]: Entering directory '/home/travis/build/icyphy/ptII/adm/gen-11.1/src/ptII11.1.devel/ptolemy/domains/tm/demo/MergedEvents'
rm -rf *.o *.so *~ *.bak ,* LOG* *.class *.jstmp config.cache config.log config.status manifest.tmp  MergedEvents.jar     MergedEvents.jar 
rm -f core
make[6]: Leaving directory '/home/travis/build/icyphy/ptII/adm/gen-11.1/src/ptII11.1.devel/ptolemy/domains/tm/demo/MergedEvents'
making clean in ptolemy/domains/tm/demo/SimpleTasks
make[6]: Entering directory '/home/travis/build/icyphy/ptII/adm/gen-11.1/src/ptII11.1.devel/ptolemy/domains/tm/demo/SimpleTasks'
rm -rf *.o *.so *~ *.bak ,* LOG* *.class *.jstmp config.cache config.log config.status manifest.tmp  SimpleTasks.jar     SimpleTasks.jar 
rm -f core
make[6]: Leaving directory '/home/travis/build/icyphy/ptII/adm/gen-11.1/src/ptII11.1.devel/ptolemy/domains/tm/demo/SimpleTasks'
make[5]: Leaving directory '/home/travis/build/icyphy/ptII/adm/gen-11.1/src/ptII11.1.devel/ptolemy/domains/tm/demo'
making clean in ptolemy/domains/tm/doc
make[5]: Entering directory '/home/travis/build/icyphy/ptII/adm/gen-11.1/src/ptII11.1.devel/ptolemy/domains/tm/doc'
rm -rf *.o *.so *~ *.bak ,* LOG* *.class *.jstmp config.cache config.log config.status manifest.tmp  doc.jar     doc.jar 
rm -f core
make[5]: Leaving directory '/home/travis/build/icyphy/ptII/adm/gen-11.1/src/ptII11.1.devel/ptolemy/domains/tm/doc'
making clean in ptolemy/domains/tm/test
make[5]: Entering directory '/home/travis/build/icyphy/ptII/adm/gen-11.1/src/ptII11.1.devel/ptolemy/domains/tm/test'
rm -rf *.o *.so *~ *.bak ,* LOG* *.class *.jstmp config.cache config.log config.status manifest.tmp        
rm -f core
make[5]: Leaving directory '/home/travis/build/icyphy/ptII/adm/gen-11.1/src/ptII11.1.devel/ptolemy/domains/tm/test'
make[4]: Leaving directory '/home/travis/build/icyphy/ptII/adm/gen-11.1/src/ptII11.1.devel/ptolemy/domains/tm'
making clean in ptolemy/domains/gr
make[4]: Entering directory '/home/travis/build/icyphy/ptII/adm/gen-11.1/src/ptII11.1.devel/ptolemy/domains/gr'
rm -rf *.o *.so *~ *.bak ,* LOG* *.class *.jstmp config.cache config.log config.status manifest.tmp    gr.jar    
rm -f core
making clean in ptolemy/domains/gr/kernel
make[5]: Entering directory '/home/travis/build/icyphy/ptII/adm/gen-11.1/src/ptII11.1.devel/ptolemy/domains/gr/kernel'
rm -rf *.o *.so *~ *.bak ,* LOG* *.class *.jstmp config.cache config.log config.status manifest.tmp GRActor.class GRActor2D.class GRActor3D.class GRDirector.class GRReceiver.class GRScheduler.class GRUtilities2D.class SceneGraphToken.class Scene2DToken.class ViewScreenInterface.class kernel.jar     kernel.jar 
rm -f core
make[5]: Leaving directory '/home/travis/build/icyphy/ptII/adm/gen-11.1/src/ptII11.1.devel/ptolemy/domains/gr/kernel'
making clean in ptolemy/domains/gr/lib
make[5]: Entering directory '/home/travis/build/icyphy/ptII/adm/gen-11.1/src/ptII11.1.devel/ptolemy/domains/gr/lib'
rm -rf *.o *.so *~ *.bak ,* LOG* *.class *.jstmp config.cache config.log config.status manifest.tmp Box2D.class Box3D.class CircularSweep3D.class Cone3D.class Cylinder3D.class Ellipse2D.class GRShadedShape.class GRShape2D.class GRTransform.class GRTransform2D.class FigureInteractor.class Image2D.class KeyInput3D.class KeyInput3DProbe.class Line2D.class MouseInput3D.class MovableViewScreen3D.class PolyCylinder3D.class Rectangle2D.class RectangularFigure2D.class Rotate2D.class Rotate3D.class Scale2D.class Scale3D.class Sphere3D.class TextString3D.class Torus3D.class Translate2D.class Translate3D.class ViewLayers3D.class ViewScreen3D.class ViewScreen2D.class lib.jar     lib.jar 
rm -f core
make[5]: Leaving directory '/home/travis/build/icyphy/ptII/adm/gen-11.1/src/ptII11.1.devel/ptolemy/domains/gr/lib'
making clean in ptolemy/domains/gr/demo
make[5]: Entering directory '/home/travis/build/icyphy/ptII/adm/gen-11.1/src/ptII11.1.devel/ptolemy/domains/gr/demo'
rm -rf *.o *.so *~ *.bak ,* LOG* *.class *.jstmp config.cache config.log config.status manifest.tmp    demo.jar    
rm -f core
making clean in ptolemy/domains/gr/demo/Helen
make[6]: Entering directory '/home/travis/build/icyphy/ptII/adm/gen-11.1/src/ptII11.1.devel/ptolemy/domains/gr/demo/Helen'
rm -rf *.o *.so *~ *.bak ,* LOG* *.class *.jstmp config.cache config.log config.status manifest.tmp  Helen.jar     Helen.jar 
rm -f core
make[6]: Leaving directory '/home/travis/build/icyphy/ptII/adm/gen-11.1/src/ptII11.1.devel/ptolemy/domains/gr/demo/Helen'
making clean in ptolemy/domains/gr/demo/FurutaPendulum
make[6]: Entering directory '/home/travis/build/icyphy/ptII/adm/gen-11.1/src/ptII11.1.devel/ptolemy/domains/gr/demo/FurutaPendulum'
rm -rf *.o *.so *~ *.bak ,* LOG* *.class *.jstmp config.cache config.log config.status manifest.tmp  FurutaPendulum.jar     FurutaPendulum.jar 
rm -f core
make[6]: Leaving directory '/home/travis/build/icyphy/ptII/adm/gen-11.1/src/ptII11.1.devel/ptolemy/domains/gr/demo/FurutaPendulum'
making clean in ptolemy/domains/gr/demo/Pendulum
make[6]: Entering directory '/home/travis/build/icyphy/ptII/adm/gen-11.1/src/ptII11.1.devel/ptolemy/domains/gr/demo/Pendulum'
rm -rf *.o *.so *~ *.bak ,* LOG* *.class *.jstmp config.cache config.log config.status manifest.tmp  Pendulum.jar     Pendulum.jar 
rm -f core
make[6]: Leaving directory '/home/travis/build/icyphy/ptII/adm/gen-11.1/src/ptII11.1.devel/ptolemy/domains/gr/demo/Pendulum'
making clean in ptolemy/domains/gr/demo/SolarSystem
make[6]: Entering directory '/home/travis/build/icyphy/ptII/adm/gen-11.1/src/ptII11.1.devel/ptolemy/domains/gr/demo/SolarSystem'
rm -rf *.o *.so *~ *.bak ,* LOG* *.class *.jstmp config.cache config.log config.status manifest.tmp  SolarSystem.jar     SolarSystem.jar 
rm -f core
make[6]: Leaving directory '/home/travis/build/icyphy/ptII/adm/gen-11.1/src/ptII11.1.devel/ptolemy/domains/gr/demo/SolarSystem'
making clean in ptolemy/domains/gr/demo/StickyMasses
make[6]: Entering directory '/home/travis/build/icyphy/ptII/adm/gen-11.1/src/ptII11.1.devel/ptolemy/domains/gr/demo/StickyMasses'
rm -rf *.o *.so *~ *.bak ,* LOG* *.class *.jstmp config.cache config.log config.status manifest.tmp  StickyMasses.jar     StickyMasses.jar 
rm -f core
make[6]: Leaving directory '/home/travis/build/icyphy/ptII/adm/gen-11.1/src/ptII11.1.devel/ptolemy/domains/gr/demo/StickyMasses'
making clean in ptolemy/domains/gr/demo/Universe
make[6]: Entering directory '/home/travis/build/icyphy/ptII/adm/gen-11.1/src/ptII11.1.devel/ptolemy/domains/gr/demo/Universe'
rm -rf *.o *.so *~ *.bak ,* LOG* *.class *.jstmp config.cache config.log config.status manifest.tmp  Universe.jar     Universe.jar 
rm -f core
make[6]: Leaving directory '/home/travis/build/icyphy/ptII/adm/gen-11.1/src/ptII11.1.devel/ptolemy/domains/gr/demo/Universe'
making clean in ptolemy/domains/gr/demo/Pong
make[6]: Entering directory '/home/travis/build/icyphy/ptII/adm/gen-11.1/src/ptII11.1.devel/ptolemy/domains/gr/demo/Pong'
rm -rf *.o *.so *~ *.bak ,* LOG* *.class *.jstmp config.cache config.log config.status manifest.tmp  Pong.jar     Pong.jar 
rm -f core
make[6]: Leaving directory '/home/travis/build/icyphy/ptII/adm/gen-11.1/src/ptII11.1.devel/ptolemy/domains/gr/demo/Pong'
make[5]: Leaving directory '/home/travis/build/icyphy/ptII/adm/gen-11.1/src/ptII11.1.devel/ptolemy/domains/gr/demo'
making clean in ptolemy/domains/gr/doc
make[5]: Entering directory '/home/travis/build/icyphy/ptII/adm/gen-11.1/src/ptII11.1.devel/ptolemy/domains/gr/doc'
rm -rf *.o *.so *~ *.bak ,* LOG* *.class *.jstmp config.cache config.log config.status manifest.tmp  doc.jar     doc.jar 
rm -f core
make[5]: Leaving directory '/home/travis/build/icyphy/ptII/adm/gen-11.1/src/ptII11.1.devel/ptolemy/domains/gr/doc'
make[4]: Leaving directory '/home/travis/build/icyphy/ptII/adm/gen-11.1/src/ptII11.1.devel/ptolemy/domains/gr'
making clean in ptolemy/domains/wireless
make[4]: Entering directory '/home/travis/build/icyphy/ptII/adm/gen-11.1/src/ptII11.1.devel/ptolemy/domains/wireless'
rm -rf *.o *.so *~ *.bak ,* LOG* *.class *.jstmp config.cache config.log config.status manifest.tmp    wireless.jar    
rm -f core
making clean in ptolemy/domains/wireless/kernel
make[5]: Entering directory '/home/travis/build/icyphy/ptII/adm/gen-11.1/src/ptII11.1.devel/ptolemy/domains/wireless/kernel'
rm -rf *.o *.so *~ *.bak ,* LOG* *.class *.jstmp config.cache config.log config.status manifest.tmp AtomicWirelessChannel.class ChannelListener.class ChannelPort.class PropertyTransformer.class WirelessChannel.class WirelessComposite.class WirelessDirector.class WirelessIOPort.class WirelessReceiver.class kernel.jar     kernel.jar 
rm -f core
making clean in ptolemy/domains/wireless/kernel/test
make[6]: Entering directory '/home/travis/build/icyphy/ptII/adm/gen-11.1/src/ptII11.1.devel/ptolemy/domains/wireless/kernel/test'
rm -rf *.o *.so *~ *.bak ,* LOG* *.class *.jstmp config.cache config.log config.status manifest.tmp        
rm -f core
make[6]: Leaving directory '/home/travis/build/icyphy/ptII/adm/gen-11.1/src/ptII11.1.devel/ptolemy/domains/wireless/kernel/test'
make[5]: Leaving directory '/home/travis/build/icyphy/ptII/adm/gen-11.1/src/ptII11.1.devel/ptolemy/domains/wireless/kernel'
making clean in ptolemy/domains/wireless/lib
make[5]: Entering directory '/home/travis/build/icyphy/ptII/adm/gen-11.1/src/ptII11.1.devel/ptolemy/domains/wireless/lib'
rm -rf *.o *.so *~ *.bak ,* LOG* *.class *.jstmp config.cache config.log config.status manifest.tmp CollisionDetector.class DelayChannel.class ErasureChannel.class GetProperties.class GraphicalLocator.class LimitedRangeChannel.class LinkVisualizer.class Locator.class NodeRandomizer.class PowerLossChannel.class SetProperties.class TerrainProperty.class TransmitPropertyTransformer.class Triangulator.class WiredToWireless.class WirelessToWired.class   lib.jar    
rm -f core
making clean in ptolemy/domains/wireless/lib/bluetooth
make[6]: Entering directory '/home/travis/build/icyphy/ptII/adm/gen-11.1/src/ptII11.1.devel/ptolemy/domains/wireless/lib/bluetooth'
rm -rf *.o *.so *~ *.bak ,* LOG* *.class *.jstmp config.cache config.log config.status manifest.tmp BluetoothCommand.class BluetoothDevice.class BluetoothResponse.class BluetoothResponseToken.class BluetoothStatus.class BluetoothStatusToken.class BluetoothToken.class bluetooth.jar     bluetooth.jar 
rm -f core
making clean in ptolemy/domains/wireless/lib/bluetooth/test
make[7]: Entering directory '/home/travis/build/icyphy/ptII/adm/gen-11.1/src/ptII11.1.devel/ptolemy/domains/wireless/lib/bluetooth/test'
rm -rf *.o *.so *~ *.bak ,* LOG* *.class *.jstmp config.cache config.log config.status manifest.tmp        
rm -f core
make[7]: Leaving directory '/home/travis/build/icyphy/ptII/adm/gen-11.1/src/ptII11.1.devel/ptolemy/domains/wireless/lib/bluetooth/test'
make[6]: Leaving directory '/home/travis/build/icyphy/ptII/adm/gen-11.1/src/ptII11.1.devel/ptolemy/domains/wireless/lib/bluetooth'
making clean in ptolemy/domains/wireless/lib/test
make[6]: Entering directory '/home/travis/build/icyphy/ptII/adm/gen-11.1/src/ptII11.1.devel/ptolemy/domains/wireless/lib/test'
rm -rf *.o *.so *~ *.bak ,* LOG* *.class *.jstmp config.cache config.log config.status manifest.tmp        
rm -f core
make[6]: Leaving directory '/home/travis/build/icyphy/ptII/adm/gen-11.1/src/ptII11.1.devel/ptolemy/domains/wireless/lib/test'
make[5]: Leaving directory '/home/travis/build/icyphy/ptII/adm/gen-11.1/src/ptII11.1.devel/ptolemy/domains/wireless/lib'
making clean in ptolemy/domains/wireless/demo
make[5]: Entering directory '/home/travis/build/icyphy/ptII/adm/gen-11.1/src/ptII11.1.devel/ptolemy/domains/wireless/demo'
rm -rf *.o *.so *~ *.bak ,* LOG* *.class *.jstmp config.cache config.log config.status manifest.tmp    demo.jar    
rm -f core
making clean in ptolemy/domains/wireless/demo/AntennaPattern
make[6]: Entering directory '/home/travis/build/icyphy/ptII/adm/gen-11.1/src/ptII11.1.devel/ptolemy/domains/wireless/demo/AntennaPattern'
rm -rf *.o *.so *~ *.bak ,* LOG* *.class *.jstmp config.cache config.log config.status manifest.tmp  AntennaPattern.jar     AntennaPattern.jar *.jar
rm -f core
make[6]: Leaving directory '/home/travis/build/icyphy/ptII/adm/gen-11.1/src/ptII11.1.devel/ptolemy/domains/wireless/demo/AntennaPattern'
making clean in ptolemy/domains/wireless/demo/CircularRange
make[6]: Entering directory '/home/travis/build/icyphy/ptII/adm/gen-11.1/src/ptII11.1.devel/ptolemy/domains/wireless/demo/CircularRange'
rm -rf *.o *.so *~ *.bak ,* LOG* *.class *.jstmp config.cache config.log config.status manifest.tmp  CircularRange.jar     CircularRange.jar 
rm -f core
make[6]: Leaving directory '/home/travis/build/icyphy/ptII/adm/gen-11.1/src/ptII11.1.devel/ptolemy/domains/wireless/demo/CircularRange'
making clean in ptolemy/domains/wireless/demo/Collisions
make[6]: Entering directory '/home/travis/build/icyphy/ptII/adm/gen-11.1/src/ptII11.1.devel/ptolemy/domains/wireless/demo/Collisions'
rm -rf *.o *.so *~ *.bak ,* LOG* *.class *.jstmp config.cache config.log config.status manifest.tmp  Collisions.jar     Collisions.jar *.jar
rm -f core
make[6]: Leaving directory '/home/travis/build/icyphy/ptII/adm/gen-11.1/src/ptII11.1.devel/ptolemy/domains/wireless/demo/Collisions'
making clean in ptolemy/domains/wireless/demo/EvaderAndPursuer
make[6]: Entering directory '/home/travis/build/icyphy/ptII/adm/gen-11.1/src/ptII11.1.devel/ptolemy/domains/wireless/demo/EvaderAndPursuer'
rm -rf *.o *.so *~ *.bak ,* LOG* *.class *.jstmp config.cache config.log config.status manifest.tmp Pursuer.class Sensor.class EvaderAndPursuer.jar     EvaderAndPursuer.jar 
rm -f core
make[6]: Leaving directory '/home/travis/build/icyphy/ptII/adm/gen-11.1/src/ptII11.1.devel/ptolemy/domains/wireless/demo/EvaderAndPursuer'
making clean in ptolemy/domains/wireless/demo/Intersections
make[6]: Entering directory '/home/travis/build/icyphy/ptII/adm/gen-11.1/src/ptII11.1.devel/ptolemy/domains/wireless/demo/Intersections'
rm -rf *.o *.so *~ *.bak ,* LOG* *.class *.jstmp config.cache config.log config.status manifest.tmp  Intersections.jar     Intersections.jar 
rm -f core
make[6]: Leaving directory '/home/travis/build/icyphy/ptII/adm/gen-11.1/src/ptII11.1.devel/ptolemy/domains/wireless/demo/Intersections'
making clean in ptolemy/domains/wireless/demo/LinkVisualizer
make[6]: Entering directory '/home/travis/build/icyphy/ptII/adm/gen-11.1/src/ptII11.1.devel/ptolemy/domains/wireless/demo/LinkVisualizer'
rm -rf *.o *.so *~ *.bak ,* LOG* *.class *.jstmp config.cache config.log config.status manifest.tmp  LinkVisualizer.jar     LinkVisualizer.jar 
rm -f core
make[6]: Leaving directory '/home/travis/build/icyphy/ptII/adm/gen-11.1/src/ptII11.1.devel/ptolemy/domains/wireless/demo/LinkVisualizer'
making clean in ptolemy/domains/wireless/demo/MatlabWirelessSoundDetection
make[6]: Entering directory '/home/travis/build/icyphy/ptII/adm/gen-11.1/src/ptII11.1.devel/ptolemy/domains/wireless/demo/MatlabWirelessSoundDetection'
rm -rf *.o *.so *~ *.bak ,* LOG* *.class *.jstmp config.cache config.log config.status manifest.tmp  MatlabWirelessSoundDetection.jar     MatlabWirelessSoundDetection.jar 
rm -f core
make[6]: Leaving directory '/home/travis/build/icyphy/ptII/adm/gen-11.1/src/ptII11.1.devel/ptolemy/domains/wireless/demo/MatlabWirelessSoundDetection'
making clean in ptolemy/domains/wireless/demo/PowerVariability
make[6]: Entering directory '/home/travis/build/icyphy/ptII/adm/gen-11.1/src/ptII11.1.devel/ptolemy/domains/wireless/demo/PowerVariability'
rm -rf *.o *.so *~ *.bak ,* LOG* *.class *.jstmp config.cache config.log config.status manifest.tmp  PowerVariability.jar     PowerVariability.jar 
rm -f core
make[6]: Leaving directory '/home/travis/build/icyphy/ptII/adm/gen-11.1/src/ptII11.1.devel/ptolemy/domains/wireless/demo/PowerVariability'
making clean in ptolemy/domains/wireless/demo/SmallWorld
make[6]: Entering directory '/home/travis/build/icyphy/ptII/adm/gen-11.1/src/ptII11.1.devel/ptolemy/domains/wireless/demo/SmallWorld'
rm -rf *.o *.so *~ *.bak ,* LOG* *.class *.jstmp config.cache config.log config.status manifest.tmp ModelTopology.class SmallWorldRouter.class SmallWorld.jar     SmallWorld.jar 
rm -f core
make[6]: Leaving directory '/home/travis/build/icyphy/ptII/adm/gen-11.1/src/ptII11.1.devel/ptolemy/domains/wireless/demo/SmallWorld'
making clean in ptolemy/domains/wireless/demo/SmartParking
make[6]: Entering directory '/home/travis/build/icyphy/ptII/adm/gen-11.1/src/ptII11.1.devel/ptolemy/domains/wireless/demo/SmartParking'
rm -rf *.o *.so *~ *.bak ,* LOG* *.class *.jstmp config.cache config.log config.status manifest.tmp DataCollector.class ParkingClient.class ParkingManager.class SmartParking.jar     SmartParking.jar 
rm -f core
make[6]: Leaving directory '/home/travis/build/icyphy/ptII/adm/gen-11.1/src/ptII11.1.devel/ptolemy/domains/wireless/demo/SmartParking'
making clean in ptolemy/domains/wireless/demo/TerrainModel
make[6]: Entering directory '/home/travis/build/icyphy/ptII/adm/gen-11.1/src/ptII11.1.devel/ptolemy/domains/wireless/demo/TerrainModel'
rm -rf *.o *.so *~ *.bak ,* LOG* *.class *.jstmp config.cache config.log config.status manifest.tmp  TerrainModel.jar     TerrainModel.jar 
rm -f core
make[6]: Leaving directory '/home/travis/build/icyphy/ptII/adm/gen-11.1/src/ptII11.1.devel/ptolemy/domains/wireless/demo/TerrainModel'
making clean in ptolemy/domains/wireless/demo/WirelessSoundDetection
make[6]: Entering directory '/home/travis/build/icyphy/ptII/adm/gen-11.1/src/ptII11.1.devel/ptolemy/domains/wireless/demo/WirelessSoundDetection'
rm -rf *.o *.so *~ *.bak ,* LOG* *.class *.jstmp config.cache config.log config.status manifest.tmp  WirelessSoundDetection.jar     WirelessSoundDetection.jar 
rm -f core
make[6]: Leaving directory '/home/travis/build/icyphy/ptII/adm/gen-11.1/src/ptII11.1.devel/ptolemy/domains/wireless/demo/WirelessSoundDetection'
making clean in ptolemy/domains/wireless/demo/Zigbee
make[6]: Entering directory '/home/travis/build/icyphy/ptII/adm/gen-11.1/src/ptII11.1.devel/ptolemy/domains/wireless/demo/Zigbee'
rm -rf *.o *.so *~ *.bak ,* LOG* *.class *.jstmp config.cache config.log config.status manifest.tmp  Zigbee.jar     Zigbee.jar 
rm -f core
make[6]: Leaving directory '/home/travis/build/icyphy/ptII/adm/gen-11.1/src/ptII11.1.devel/ptolemy/domains/wireless/demo/Zigbee'
make[5]: Leaving directory '/home/travis/build/icyphy/ptII/adm/gen-11.1/src/ptII11.1.devel/ptolemy/domains/wireless/demo'
making clean in ptolemy/domains/wireless/doc
make[5]: Entering directory '/home/travis/build/icyphy/ptII/adm/gen-11.1/src/ptII11.1.devel/ptolemy/domains/wireless/doc'
rm -rf *.o *.so *~ *.bak ,* LOG* *.class *.jstmp config.cache config.log config.status manifest.tmp  doc.jar     doc.jar 
rm -f core
make[5]: Leaving directory '/home/travis/build/icyphy/ptII/adm/gen-11.1/src/ptII11.1.devel/ptolemy/domains/wireless/doc'
making clean in ptolemy/domains/wireless/test
make[5]: Entering directory '/home/travis/build/icyphy/ptII/adm/gen-11.1/src/ptII11.1.devel/ptolemy/domains/wireless/test'
rm -rf *.o *.so *~ *.bak ,* LOG* *.class *.jstmp config.cache config.log config.status manifest.tmp        
rm -f core
make[5]: Leaving directory '/home/travis/build/icyphy/ptII/adm/gen-11.1/src/ptII11.1.devel/ptolemy/domains/wireless/test'
make[4]: Leaving directory '/home/travis/build/icyphy/ptII/adm/gen-11.1/src/ptII11.1.devel/ptolemy/domains/wireless'
making clean in ptolemy/domains/test
make[4]: Entering directory '/home/travis/build/icyphy/ptII/adm/gen-11.1/src/ptII11.1.devel/ptolemy/domains/test'
rm -rf *.o *.so *~ *.bak ,* LOG* *.class *.jstmp config.cache config.log config.status manifest.tmp        
rm -f core
make[4]: Leaving directory '/home/travis/build/icyphy/ptII/adm/gen-11.1/src/ptII11.1.devel/ptolemy/domains/test'
make[3]: Leaving directory '/home/travis/build/icyphy/ptII/adm/gen-11.1/src/ptII11.1.devel/ptolemy/domains'
making clean in ptolemy/copernicus
make[3]: Entering directory '/home/travis/build/icyphy/ptII/adm/gen-11.1/src/ptII11.1.devel/ptolemy/copernicus'
rm -rf *.o *.so *~ *.bak ,* LOG* *.class *.jstmp config.cache config.log config.status manifest.tmp    copernicus.jar    
rm -f core
making clean in ptolemy/copernicus/kernel
make[4]: Entering directory '/home/travis/build/icyphy/ptII/adm/gen-11.1/src/ptII11.1.devel/ptolemy/copernicus/kernel'
rm -rf *.o *.so *~ *.bak ,* LOG* *.class *.jstmp config.cache config.log config.status manifest.tmp AliasAnalysis.class CastAndInstanceofEliminator.class ClassWriter.class Copernicus.class DependedClasses.class EntitySootClass.class FastForwardFlowAnalysis.class InvocationBinder.class GeneratorAttribute.class GrimpTransformer.class JimpleWriter.class KernelMain.class LibraryUsageReporter.class MakefileWriter.class NullPointerAnalysis.class PtolemyUtilities.class SideEffectAnalysis.class SideEffectFreeInvocationRemover.class SootUtilities.class TransformerAdapter.class UnusedFieldRemover.class WatchDogTimer.class kernel.jar     kernel.jar 
rm -f core
make[4]: Leaving directory '/home/travis/build/icyphy/ptII/adm/gen-11.1/src/ptII11.1.devel/ptolemy/copernicus/kernel'
making clean in ptolemy/copernicus/applet
make[4]: Entering directory '/home/travis/build/icyphy/ptII/adm/gen-11.1/src/ptII11.1.devel/ptolemy/copernicus/applet'
rm -rf *.o *.so *~ *.bak ,* LOG* *.class *.jstmp config.cache config.log config.status manifest.tmp AppletWriter.class JarSigner.class JNLPApplication.class Main.class applet.jar     applet.jar 
rm -f core
making clean in ptolemy/copernicus/applet/test
make[5]: Entering directory '/home/travis/build/icyphy/ptII/adm/gen-11.1/src/ptII11.1.devel/ptolemy/copernicus/applet/test'
rm -rf *.o *.so *~ *.bak ,* LOG* *.class *.jstmp config.cache config.log config.status manifest.tmp        
rm -f core
make[5]: Leaving directory '/home/travis/build/icyphy/ptII/adm/gen-11.1/src/ptII11.1.devel/ptolemy/copernicus/applet/test'
make[4]: Leaving directory '/home/travis/build/icyphy/ptII/adm/gen-11.1/src/ptII11.1.devel/ptolemy/copernicus/applet'
making clean in ptolemy/copernicus/interpreted
make[4]: Entering directory '/home/travis/build/icyphy/ptII/adm/gen-11.1/src/ptII11.1.devel/ptolemy/copernicus/interpreted'
rm -rf *.o *.so *~ *.bak ,* LOG* *.class *.jstmp config.cache config.log config.status manifest.tmp InterpretedWriter.class Main.class interpreted.jar     interpreted.jar 
rm -f core
making clean in ptolemy/copernicus/interpreted/test
make[5]: Entering directory '/home/travis/build/icyphy/ptII/adm/gen-11.1/src/ptII11.1.devel/ptolemy/copernicus/interpreted/test'
rm -rf *.o *.so *~ *.bak ,* LOG* *.class *.jstmp config.cache config.log config.status manifest.tmp        
rm -f core
make[5]: Leaving directory '/home/travis/build/icyphy/ptII/adm/gen-11.1/src/ptII11.1.devel/ptolemy/copernicus/interpreted/test'
make[4]: Leaving directory '/home/travis/build/icyphy/ptII/adm/gen-11.1/src/ptII11.1.devel/ptolemy/copernicus/interpreted'
making clean in ptolemy/copernicus/shallow
make[4]: Entering directory '/home/travis/build/icyphy/ptII/adm/gen-11.1/src/ptII11.1.devel/ptolemy/copernicus/shallow'
rm -rf *.o *.so *~ *.bak ,* LOG* *.class *.jstmp config.cache config.log config.status manifest.tmp Main.class ShallowModelTransformer.class shallow.jar     shallow.jar 
rm -f core
making clean in ptolemy/copernicus/shallow/test
make[5]: Entering directory '/home/travis/build/icyphy/ptII/adm/gen-11.1/src/ptII11.1.devel/ptolemy/copernicus/shallow/test'
rm -rf *.o *.so *~ *.bak ,* LOG* *.class *.jstmp config.cache config.log config.status manifest.tmp        
rm -f core
make[5]: Leaving directory '/home/travis/build/icyphy/ptII/adm/gen-11.1/src/ptII11.1.devel/ptolemy/copernicus/shallow/test'
make[4]: Leaving directory '/home/travis/build/icyphy/ptII/adm/gen-11.1/src/ptII11.1.devel/ptolemy/copernicus/shallow'
making clean in ptolemy/copernicus/gui
make[4]: Entering directory '/home/travis/build/icyphy/ptII/adm/gen-11.1/src/ptII11.1.devel/ptolemy/copernicus/gui'
rm -rf *.o *.so *~ *.bak ,* LOG* *.class *.jstmp config.cache config.log config.status manifest.tmp GeneratorTableau.class GeneratorTableauAttribute.class gui.jar     gui.jar 
rm -f core
making clean in ptolemy/copernicus/gui/test
make[5]: Entering directory '/home/travis/build/icyphy/ptII/adm/gen-11.1/src/ptII11.1.devel/ptolemy/copernicus/gui/test'
rm -rf *.o *.so *~ *.bak ,* LOG* *.class *.jstmp config.cache config.log config.status manifest.tmp        
rm -f core
make[5]: Leaving directory '/home/travis/build/icyphy/ptII/adm/gen-11.1/src/ptII11.1.devel/ptolemy/copernicus/gui/test'
make[4]: Leaving directory '/home/travis/build/icyphy/ptII/adm/gen-11.1/src/ptII11.1.devel/ptolemy/copernicus/gui'
make[3]: Leaving directory '/home/travis/build/icyphy/ptII/adm/gen-11.1/src/ptII11.1.devel/ptolemy/copernicus'
making clean in ptolemy/verification
make[3]: Entering directory '/home/travis/build/icyphy/ptII/adm/gen-11.1/src/ptII11.1.devel/ptolemy/verification'
rm -rf *.o *.so *~ *.bak ,* LOG* *.class *.jstmp config.cache config.log config.status manifest.tmp    verification.jar    
rm -f core
making clean in ptolemy/verification/kernel
make[4]: Entering directory '/home/travis/build/icyphy/ptII/adm/gen-11.1/src/ptII11.1.devel/ptolemy/verification/kernel'
rm -rf *.o *.so *~ *.bak ,* LOG* *.class *.jstmp config.cache config.log config.status manifest.tmp MathematicalModelConverter.class SMVUtility.class REDUtility.class   kernel.jar    
rm -f core
making clean in ptolemy/verification/kernel/maude
make[5]: Entering directory '/home/travis/build/icyphy/ptII/adm/gen-11.1/src/ptII11.1.devel/ptolemy/verification/kernel/maude'
rm -rf *.o *.so *~ *.bak ,* LOG* *.class *.jstmp config.cache config.log config.status manifest.tmp RTMExpTranslator.class RTMFragment.class RTMList.class RTMObject.class RTMOpTerm.class RTMOpTermGenerator.class RTMPtExp.class RTMTerm.class RTMaudeUtility.class   maude.jar    
rm -f core
making clean in ptolemy/verification/kernel/maude/ext
make[6]: Entering directory '/home/travis/build/icyphy/ptII/adm/gen-11.1/src/ptII11.1.devel/ptolemy/verification/kernel/maude/ext'
rm -rf *.o *.so *~ *.bak ,* LOG* *.class *.jstmp config.cache config.log config.status manifest.tmp  ext.jar     ext.jar 
rm -f core
make[6]: Leaving directory '/home/travis/build/icyphy/ptII/adm/gen-11.1/src/ptII11.1.devel/ptolemy/verification/kernel/maude/ext'
make[5]: Leaving directory '/home/travis/build/icyphy/ptII/adm/gen-11.1/src/ptII11.1.devel/ptolemy/verification/kernel/maude'
make[4]: Leaving directory '/home/travis/build/icyphy/ptII/adm/gen-11.1/src/ptII11.1.devel/ptolemy/verification/kernel'
making clean in ptolemy/verification/lib
make[4]: Entering directory '/home/travis/build/icyphy/ptII/adm/gen-11.1/src/ptII11.1.devel/ptolemy/verification/lib'
rm -rf *.o *.so *~ *.bak ,* LOG* *.class *.jstmp config.cache config.log config.status manifest.tmp BoundedBufferNondeterministicDelay.class BoundedBufferTimedDelay.class SMVLegacyCodeActor.class lib.jar     lib.jar 
rm -f core
make[4]: Leaving directory '/home/travis/build/icyphy/ptII/adm/gen-11.1/src/ptII11.1.devel/ptolemy/verification/lib'
making clean in ptolemy/verification/gui
make[4]: Entering directory '/home/travis/build/icyphy/ptII/adm/gen-11.1/src/ptII11.1.devel/ptolemy/verification/gui'
rm -rf *.o *.so *~ *.bak ,* LOG* *.class *.jstmp config.cache config.log config.status manifest.tmp MathematicalModelConverterGUIFactory.class MathematicalModelConverterGUI.class gui.jar     gui.jar 
rm -f core
make[4]: Leaving directory '/home/travis/build/icyphy/ptII/adm/gen-11.1/src/ptII11.1.devel/ptolemy/verification/gui'
making clean in ptolemy/verification/demo
make[4]: Entering directory '/home/travis/build/icyphy/ptII/adm/gen-11.1/src/ptII11.1.devel/ptolemy/verification/demo'
rm -rf *.o *.so *~ *.bak ,* LOG* *.class *.jstmp config.cache config.log config.status manifest.tmp    demo.jar    
rm -f core
making clean in ptolemy/verification/demo/RailroadControl
make[5]: Entering directory '/home/travis/build/icyphy/ptII/adm/gen-11.1/src/ptII11.1.devel/ptolemy/verification/demo/RailroadControl'
rm -rf *.o *.so *~ *.bak ,* LOG* *.class *.jstmp config.cache config.log config.status manifest.tmp    RailroadControl.jar    *.jar
rm -f core
making clean in ptolemy/verification/demo/RailroadControl/image
make[6]: Entering directory '/home/travis/build/icyphy/ptII/adm/gen-11.1/src/ptII11.1.devel/ptolemy/verification/demo/RailroadControl/image'
rm -rf *.o *.so *~ *.bak ,* LOG* *.class *.jstmp config.cache config.log config.status manifest.tmp  image.jar     image.jar 
rm -f core
make[6]: Leaving directory '/home/travis/build/icyphy/ptII/adm/gen-11.1/src/ptII11.1.devel/ptolemy/verification/demo/RailroadControl/image'
make[5]: Leaving directory '/home/travis/build/icyphy/ptII/adm/gen-11.1/src/ptII11.1.devel/ptolemy/verification/demo/RailroadControl'
making clean in ptolemy/verification/demo/SimpleTrafficLight
make[5]: Entering directory '/home/travis/build/icyphy/ptII/adm/gen-11.1/src/ptII11.1.devel/ptolemy/verification/demo/SimpleTrafficLight'
rm -rf *.o *.so *~ *.bak ,* LOG* *.class *.jstmp config.cache config.log config.status manifest.tmp  SimpleTrafficLight.jar     SimpleTrafficLight.jar *.jar
rm -f core
make[5]: Leaving directory '/home/travis/build/icyphy/ptII/adm/gen-11.1/src/ptII11.1.devel/ptolemy/verification/demo/SimpleTrafficLight'
making clean in ptolemy/verification/demo/iRobotHillClimbing
make[5]: Entering directory '/home/travis/build/icyphy/ptII/adm/gen-11.1/src/ptII11.1.devel/ptolemy/verification/demo/iRobotHillClimbing'
rm -rf *.o *.so *~ *.bak ,* LOG* *.class *.jstmp config.cache config.log config.status manifest.tmp    iRobotHillClimbing.jar    
rm -f core
making clean in ptolemy/verification/demo/iRobotHillClimbing/iRobotExecution
make[6]: Entering directory '/home/travis/build/icyphy/ptII/adm/gen-11.1/src/ptII11.1.devel/ptolemy/verification/demo/iRobotHillClimbing/iRobotExecution'
rm -rf *.o *.so *~ *.bak ,* LOG* *.class *.jstmp config.cache config.log config.status manifest.tmp  iRobotExecution.jar     iRobotExecution.jar 
rm -f core
make[6]: Leaving directory '/home/travis/build/icyphy/ptII/adm/gen-11.1/src/ptII11.1.devel/ptolemy/verification/demo/iRobotHillClimbing/iRobotExecution'
make[5]: Leaving directory '/home/travis/build/icyphy/ptII/adm/gen-11.1/src/ptII11.1.devel/ptolemy/verification/demo/iRobotHillClimbing'
make[4]: Leaving directory '/home/travis/build/icyphy/ptII/adm/gen-11.1/src/ptII11.1.devel/ptolemy/verification/demo'
making clean in ptolemy/verification/test
make[4]: Entering directory '/home/travis/build/icyphy/ptII/adm/gen-11.1/src/ptII11.1.devel/ptolemy/verification/test'
rm -rf *.o *.so *~ *.bak ,* LOG* *.class *.jstmp config.cache config.log config.status manifest.tmp        
rm -f core
make[4]: Leaving directory '/home/travis/build/icyphy/ptII/adm/gen-11.1/src/ptII11.1.devel/ptolemy/verification/test'
make[3]: Leaving directory '/home/travis/build/icyphy/ptII/adm/gen-11.1/src/ptII11.1.devel/ptolemy/verification'
making clean in ptolemy/vergil
make[3]: Entering directory '/home/travis/build/icyphy/ptII/adm/gen-11.1/src/ptII11.1.devel/ptolemy/vergil'
rm -rf *.o *.so *~ *.bak ,* LOG* *.class *.jstmp config.cache config.log config.status manifest.tmp MoMLViewerApplet.class TypeAnimatorApplet.class VergilApplet.class VergilApplication.class VergilErrorHandler.class VergilGraphicalMessageHandler.class VergilInitializer.class   vergil.jar vergilApplet.jar   
rm -f core
making clean in ptolemy/vergil/toolbox
make[4]: Entering directory '/home/travis/build/icyphy/ptII/adm/gen-11.1/src/ptII11.1.devel/ptolemy/vergil/toolbox'
rm -rf *.o *.so *~ *.bak ,* LOG* *.class *.jstmp config.cache config.log config.status manifest.tmp AnnotationEditorFactory.class ArrayOfRecordsConfigureFactory.class AttributeBoundsManipulator.class ConfigureAction.class EditIconAction.class FigureAction.class FileEditorTableauFactory.class GraphicElement.class MenuActionFactory.class MenuItemFactory.class MenuItemListener.class MoMLModelAttributeControllerFactory.class MoveAction.class PortSite.class PtolemyListCellRenderer.class PtolemyMenuFactory.class PtolemyTransferable.class RadioMenuActionFactory.class RemoveIconAction.class RotateOrFlipPorts.class SnapConstraint.class TextEditorConfigureFactory.class TextEditorFactory.class TextEditorForStringAttributes.class TextEditorTableauFactory.class VisibleParameterEditorFactory.class toolbox.jar     toolbox.jar 
rm -f core
make[4]: Leaving directory '/home/travis/build/icyphy/ptII/adm/gen-11.1/src/ptII11.1.devel/ptolemy/vergil/toolbox'
making clean in ptolemy/vergil/basic
make[4]: Entering directory '/home/travis/build/icyphy/ptII/adm/gen-11.1/src/ptII11.1.devel/ptolemy/vergil/basic'
rm -rf *.o *.so *~ *.bak ,* LOG* *.class *.jstmp config.cache config.log config.status manifest.tmp AbstractBasicGraphModel.class BasicGraphController.class BasicGraphFrame.class BasicGraphFrameExtension.class BasicGraphPane.class ContextMenuFactoryCreator.class CustomizeDocumentationAction.class DependencyHighlighter.class DependencyResultsDialog.class DocAttribute.class DocViewerFactory.class EditorDropTarget.class EditorDropTargetListener.class ExportParameters.class ExtendedGraphFrame.class GetDocumentationAction.class HTMLExportable.class IconController.class IGuiAction.class KeplerDocumentationAttribute.class LocatableNodeController.class LocatableNodeDragInteractor.class LookInsideAction.class MoMLModelAttributeController.class NamedObjController.class NamedObjNodeModel.class NodeControllerFactory.class OffsetMoMLChangeRequest.class ParameterizedNodeController.class PopupMouseFilter.class PtolemyLayoutAction.class RelativeLocatable.class RelativeLocation.class RemoveCustomDocumentationAction.class RunnableGraphController.class SearchResultsDialog.class WithIconGraphController.class   basic.jar    
rm -f core
making clean in ptolemy/vergil/basic/doc
make[5]: Entering directory '/home/travis/build/icyphy/ptII/adm/gen-11.1/src/ptII11.1.devel/ptolemy/vergil/basic/doc'
rm -rf *.o *.so *~ *.bak ,* LOG* *.class *.jstmp config.cache config.log config.status manifest.tmp  doc.jar     doc.jar 
rm -f core
make[5]: Leaving directory '/home/travis/build/icyphy/ptII/adm/gen-11.1/src/ptII11.1.devel/ptolemy/vergil/basic/doc'
making clean in ptolemy/vergil/basic/export
make[5]: Entering directory '/home/travis/build/icyphy/ptII/adm/gen-11.1/src/ptII11.1.devel/ptolemy/vergil/basic/export'
rm -rf *.o *.so *~ *.bak ,* LOG* *.class *.jstmp config.cache config.log config.status manifest.tmp ExportModel.class export.jar  web/web.jar  exportFull.jar  export.jar 
rm -f core
making clean in ptolemy/vergil/basic/export/html
make[6]: Entering directory '/home/travis/build/icyphy/ptII/adm/gen-11.1/src/ptII11.1.devel/ptolemy/vergil/basic/export/html'
rm -rf *.o *.so *~ *.bak ,* LOG* *.class *.jstmp config.cache config.log config.status manifest.tmp ExportHTMLAction.class   html.jar    
rm -f core
making clean in ptolemy/vergil/basic/export/html/demo
make[7]: Entering directory '/home/travis/build/icyphy/ptII/adm/gen-11.1/src/ptII11.1.devel/ptolemy/vergil/basic/export/html/demo'
rm -rf *.o *.so *~ *.bak ,* LOG* *.class *.jstmp config.cache config.log config.status manifest.tmp    demo.jar    
rm -f core
making clean in ptolemy/vergil/basic/export/html/demo/ExportExamples
make[8]: Entering directory '/home/travis/build/icyphy/ptII/adm/gen-11.1/src/ptII11.1.devel/ptolemy/vergil/basic/export/html/demo/ExportExamples'
rm -rf *.o *.so *~ *.bak ,* LOG* *.class *.jstmp config.cache config.log config.status manifest.tmp  ExportExamples.jar     ExportExamples.jar 
rm -f core
make[8]: Leaving directory '/home/travis/build/icyphy/ptII/adm/gen-11.1/src/ptII11.1.devel/ptolemy/vergil/basic/export/html/demo/ExportExamples'
making clean in ptolemy/vergil/basic/export/html/demo/PageAssembler
make[8]: Entering directory '/home/travis/build/icyphy/ptII/adm/gen-11.1/src/ptII11.1.devel/ptolemy/vergil/basic/export/html/demo/PageAssembler'
rm -rf *.o *.so *~ *.bak ,* LOG* *.class *.jstmp config.cache config.log config.status manifest.tmp  PageAssembler.jar     PageAssembler.jar 
rm -f core
make[8]: Leaving directory '/home/travis/build/icyphy/ptII/adm/gen-11.1/src/ptII11.1.devel/ptolemy/vergil/basic/export/html/demo/PageAssembler'
make[7]: Leaving directory '/home/travis/build/icyphy/ptII/adm/gen-11.1/src/ptII11.1.devel/ptolemy/vergil/basic/export/html/demo'
making clean in ptolemy/vergil/basic/export/html/javascript
make[7]: Entering directory '/home/travis/build/icyphy/ptII/adm/gen-11.1/src/ptII11.1.devel/ptolemy/vergil/basic/export/html/javascript'
rm -rf *.o *.so *~ *.bak ,* LOG* *.class *.jstmp config.cache config.log config.status manifest.tmp  javascript.jar     javascript.jar 
rm -f core
make[7]: Leaving directory '/home/travis/build/icyphy/ptII/adm/gen-11.1/src/ptII11.1.devel/ptolemy/vergil/basic/export/html/javascript'
making clean in ptolemy/vergil/basic/export/html/test
make[7]: Entering directory '/home/travis/build/icyphy/ptII/adm/gen-11.1/src/ptII11.1.devel/ptolemy/vergil/basic/export/html/test'
rm -rf *.o *.so *~ *.bak ,* LOG* *.class *.jstmp config.cache config.log config.status manifest.tmp        
rm -f core
making clean in ptolemy/vergil/basic/export/html/test/junit
make[8]: Entering directory '/home/travis/build/icyphy/ptII/adm/gen-11.1/src/ptII11.1.devel/ptolemy/vergil/basic/export/html/test/junit'
rm -rf *.o *.so *~ *.bak ,* LOG* *.class *.jstmp config.cache config.log config.status manifest.tmp JUnitTclTest.class ExportToWebJUnitTest.class       
rm -f core
make[8]: Leaving directory '/home/travis/build/icyphy/ptII/adm/gen-11.1/src/ptII11.1.devel/ptolemy/vergil/basic/export/html/test/junit'
make[7]: Leaving directory '/home/travis/build/icyphy/ptII/adm/gen-11.1/src/ptII11.1.devel/ptolemy/vergil/basic/export/html/test'
making clean in ptolemy/vergil/basic/export/html/jsoup
make[7]: Entering directory '/home/travis/build/icyphy/ptII/adm/gen-11.1/src/ptII11.1.devel/ptolemy/vergil/basic/export/html/jsoup'
rm -rf *.o *.so *~ *.bak ,* LOG* *.class *.jstmp config.cache config.log config.status manifest.tmp HTMLPageAssembler.class jsoup.jar     jsoup.jar 
rm -f core
making clean in ptolemy/vergil/basic/export/html/jsoup/test
make[8]: Entering directory '/home/travis/build/icyphy/ptII/adm/gen-11.1/src/ptII11.1.devel/ptolemy/vergil/basic/export/html/jsoup/test'
rm -rf *.o *.so *~ *.bak ,* LOG* *.class *.jstmp config.cache config.log config.status manifest.tmp        
rm -f core
making clean in ptolemy/vergil/basic/export/html/jsoup/test/junit
make[9]: Entering directory '/home/travis/build/icyphy/ptII/adm/gen-11.1/src/ptII11.1.devel/ptolemy/vergil/basic/export/html/jsoup/test/junit'
rm -rf *.o *.so *~ *.bak ,* LOG* *.class *.jstmp config.cache config.log config.status manifest.tmp JUnitTclTest.class       
rm -f core
make[9]: Leaving directory '/home/travis/build/icyphy/ptII/adm/gen-11.1/src/ptII11.1.devel/ptolemy/vergil/basic/export/html/jsoup/test/junit'
make[8]: Leaving directory '/home/travis/build/icyphy/ptII/adm/gen-11.1/src/ptII11.1.devel/ptolemy/vergil/basic/export/html/jsoup/test'
make[7]: Leaving directory '/home/travis/build/icyphy/ptII/adm/gen-11.1/src/ptII11.1.devel/ptolemy/vergil/basic/export/html/jsoup'
make[6]: Leaving directory '/home/travis/build/icyphy/ptII/adm/gen-11.1/src/ptII11.1.devel/ptolemy/vergil/basic/export/html'
making clean in ptolemy/vergil/basic/export/test
make[6]: Entering directory '/home/travis/build/icyphy/ptII/adm/gen-11.1/src/ptII11.1.devel/ptolemy/vergil/basic/export/test'
rm -rf *.o *.so *~ *.bak ,* LOG* *.class *.jstmp config.cache config.log config.status manifest.tmp        
rm -f core
making clean in ptolemy/vergil/basic/export/test/junit
make[7]: Entering directory '/home/travis/build/icyphy/ptII/adm/gen-11.1/src/ptII11.1.devel/ptolemy/vergil/basic/export/test/junit'
rm -rf *.o *.so *~ *.bak ,* LOG* *.class *.jstmp config.cache config.log config.status manifest.tmp ExportModelJUnitTest.class ExportModelJUnitTestBatch.class ExportModelJUnitTestBatch1.class ExportModelJUnitTestBatch2.class ExportModelJUnitTestBatch3.class ExportModelJUnitTestBatch4.class ExportModelJUnitTestBatch5.class ExportModelJUnitTestBatch6.class ExportModelJUnitTestBatch7.class JUnitTclTest.class       
rm -f core
make[7]: Leaving directory '/home/travis/build/icyphy/ptII/adm/gen-11.1/src/ptII11.1.devel/ptolemy/vergil/basic/export/test/junit'
make[6]: Leaving directory '/home/travis/build/icyphy/ptII/adm/gen-11.1/src/ptII11.1.devel/ptolemy/vergil/basic/export/test'
making clean in ptolemy/vergil/basic/export/web
make[6]: Entering directory '/home/travis/build/icyphy/ptII/adm/gen-11.1/src/ptII11.1.devel/ptolemy/vergil/basic/export/web'
rm -rf *.o *.so *~ *.bak ,* LOG* *.class *.jstmp config.cache config.log config.status manifest.tmp AreaEventType.class DefaultIconLink.class DefaultIconScript.class DefaultTitle.class DygraphsJSPlotterAttribute.class HTMLImage.class HTMLText.class HTMLTextPosition.class IconLink.class IconScript.class JSPlotterAttribute.class LinkTarget.class LinkToOpenTableaux.class ParameterDisplayIconScript.class Script.class Title.class WebAttribute.class WebContent.class WebElement.class WebExportParameters.class WebExportable.class WebExporter.class web.jar     web.jar 
rm -f core
make[6]: Leaving directory '/home/travis/build/icyphy/ptII/adm/gen-11.1/src/ptII11.1.devel/ptolemy/vergil/basic/export/web'
make[5]: Leaving directory '/home/travis/build/icyphy/ptII/adm/gen-11.1/src/ptII11.1.devel/ptolemy/vergil/basic/export'
making clean in ptolemy/vergil/basic/img
make[5]: Entering directory '/home/travis/build/icyphy/ptII/adm/gen-11.1/src/ptII11.1.devel/ptolemy/vergil/basic/img'
rm -rf *.o *.so *~ *.bak ,* LOG* *.class *.jstmp config.cache config.log config.status manifest.tmp  img.jar     img.jar 
rm -f core
make[5]: Leaving directory '/home/travis/build/icyphy/ptII/adm/gen-11.1/src/ptII11.1.devel/ptolemy/vergil/basic/img'
making clean in ptolemy/vergil/basic/imprt
make[5]: Entering directory '/home/travis/build/icyphy/ptII/adm/gen-11.1/src/ptII11.1.devel/ptolemy/vergil/basic/imprt'
rm -rf *.o *.so *~ *.bak ,* LOG* *.class *.jstmp config.cache config.log config.status manifest.tmp  imprt.jar   imprtFull.jar  imprt.jar 
rm -f core
making clean in ptolemy/vergil/basic/imprt/accessor
make[6]: Entering directory '/home/travis/build/icyphy/ptII/adm/gen-11.1/src/ptII11.1.devel/ptolemy/vergil/basic/imprt/accessor'
rm -rf *.o *.so *~ *.bak ,* LOG* *.class *.jstmp config.cache config.log config.status manifest.tmp ImportAccessorAction.class ReloadAccessors.class accessor.jar     accessor.jar 
rm -f core
make[6]: Leaving directory '/home/travis/build/icyphy/ptII/adm/gen-11.1/src/ptII11.1.devel/ptolemy/vergil/basic/imprt/accessor'
making clean in ptolemy/vergil/basic/imprt/g4ltl
make[6]: Entering directory '/home/travis/build/icyphy/ptII/adm/gen-11.1/src/ptII11.1.devel/ptolemy/vergil/basic/imprt/g4ltl'
rm -rf *.o *.so *~ *.bak ,* LOG* *.class *.jstmp config.cache config.log config.status manifest.tmp G4LTL.class ImportG4LTLAction.class g4ltl.jar   g4ltlFull.jar  g4ltl.jar 
rm -f core
making clean in ptolemy/vergil/basic/imprt/g4ltl/demo
make[7]: Entering directory '/home/travis/build/icyphy/ptII/adm/gen-11.1/src/ptII11.1.devel/ptolemy/vergil/basic/imprt/g4ltl/demo'
rm -rf *.o *.so *~ *.bak ,* LOG* *.class *.jstmp config.cache config.log config.status manifest.tmp    demo.jar    
rm -f core
making clean in ptolemy/vergil/basic/imprt/g4ltl/html/demo/Arbitor
make[8]: Entering directory '/home/travis/build/icyphy/ptII/adm/gen-11.1/src/ptII11.1.devel/ptolemy/vergil/basic/imprt/g4ltl/demo/Arbitor'
rm -rf *.o *.so *~ *.bak ,* LOG* *.class *.jstmp config.cache config.log config.status manifest.tmp  Arbitor.jar     Arbitor.jar 
rm -f core
make[8]: Leaving directory '/home/travis/build/icyphy/ptII/adm/gen-11.1/src/ptII11.1.devel/ptolemy/vergil/basic/imprt/g4ltl/demo/Arbitor'
making clean in ptolemy/vergil/basic/imprt/g4ltl/html/demo/AutomaticDoor
make[8]: Entering directory '/home/travis/build/icyphy/ptII/adm/gen-11.1/src/ptII11.1.devel/ptolemy/vergil/basic/imprt/g4ltl/demo/AutomaticDoor'
rm -rf *.o *.so *~ *.bak ,* LOG* *.class *.jstmp config.cache config.log config.status manifest.tmp  AutomaticDoor.jar     AutomaticDoor.jar 
rm -f core
make[8]: Leaving directory '/home/travis/build/icyphy/ptII/adm/gen-11.1/src/ptII11.1.devel/ptolemy/vergil/basic/imprt/g4ltl/demo/AutomaticDoor'
making clean in ptolemy/vergil/basic/imprt/g4ltl/html/demo/ErrorHandling
make[8]: Entering directory '/home/travis/build/icyphy/ptII/adm/gen-11.1/src/ptII11.1.devel/ptolemy/vergil/basic/imprt/g4ltl/demo/ErrorHandling'
rm -rf *.o *.so *~ *.bak ,* LOG* *.class *.jstmp config.cache config.log config.status manifest.tmp  ErrorHandling.jar     ErrorHandling.jar 
rm -f core
make[8]: Leaving directory '/home/travis/build/icyphy/ptII/adm/gen-11.1/src/ptII11.1.devel/ptolemy/vergil/basic/imprt/g4ltl/demo/ErrorHandling'
making clean in ptolemy/vergil/basic/imprt/g4ltl/html/demo/HydraulicRamp
make[8]: Entering directory '/home/travis/build/icyphy/ptII/adm/gen-11.1/src/ptII11.1.devel/ptolemy/vergil/basic/imprt/g4ltl/demo/HydraulicRamp'
rm -rf *.o *.so *~ *.bak ,* LOG* *.class *.jstmp config.cache config.log config.status manifest.tmp  HydraulicRamp.jar     HydraulicRamp.jar 
rm -f core
make[8]: Leaving directory '/home/travis/build/icyphy/ptII/adm/gen-11.1/src/ptII11.1.devel/ptolemy/vergil/basic/imprt/g4ltl/demo/HydraulicRamp'
making clean in ptolemy/vergil/basic/imprt/g4ltl/html/demo/Numerical
make[8]: Entering directory '/home/travis/build/icyphy/ptII/adm/gen-11.1/src/ptII11.1.devel/ptolemy/vergil/basic/imprt/g4ltl/demo/Numerical'
rm -rf *.o *.so *~ *.bak ,* LOG* *.class *.jstmp config.cache config.log config.status manifest.tmp  Numerical.jar     Numerical.jar 
rm -f core
make[8]: Leaving directory '/home/travis/build/icyphy/ptII/adm/gen-11.1/src/ptII11.1.devel/ptolemy/vergil/basic/imprt/g4ltl/demo/Numerical'
making clean in ptolemy/vergil/basic/imprt/g4ltl/html/demo/PriorityArbitor
make[8]: Entering directory '/home/travis/build/icyphy/ptII/adm/gen-11.1/src/ptII11.1.devel/ptolemy/vergil/basic/imprt/g4ltl/demo/PriorityArbitor'
rm -rf *.o *.so *~ *.bak ,* LOG* *.class *.jstmp config.cache config.log config.status manifest.tmp  PriorityArbitor.jar     PriorityArbitor.jar 
rm -f core
make[8]: Leaving directory '/home/travis/build/icyphy/ptII/adm/gen-11.1/src/ptII11.1.devel/ptolemy/vergil/basic/imprt/g4ltl/demo/PriorityArbitor'
make[7]: Leaving directory '/home/travis/build/icyphy/ptII/adm/gen-11.1/src/ptII11.1.devel/ptolemy/vergil/basic/imprt/g4ltl/demo'
making clean in ptolemy/vergil/basic/imprt/g4ltl/test
make[7]: Entering directory '/home/travis/build/icyphy/ptII/adm/gen-11.1/src/ptII11.1.devel/ptolemy/vergil/basic/imprt/g4ltl/test'
rm -rf *.o *.so *~ *.bak ,* LOG* *.class *.jstmp config.cache config.log config.status manifest.tmp        
rm -f core
making clean in ptolemy/vergil/basic/imprt/g4ltl/test/junit
make[8]: Entering directory '/home/travis/build/icyphy/ptII/adm/gen-11.1/src/ptII11.1.devel/ptolemy/vergil/basic/imprt/g4ltl/test/junit'
rm -rf *.o *.so *~ *.bak ,* LOG* *.class *.jstmp config.cache config.log config.status manifest.tmp JUnitTclTest.class       
rm -f core
make[8]: Leaving directory '/home/travis/build/icyphy/ptII/adm/gen-11.1/src/ptII11.1.devel/ptolemy/vergil/basic/imprt/g4ltl/test/junit'
make[7]: Leaving directory '/home/travis/build/icyphy/ptII/adm/gen-11.1/src/ptII11.1.devel/ptolemy/vergil/basic/imprt/g4ltl/test'
make[6]: Leaving directory '/home/travis/build/icyphy/ptII/adm/gen-11.1/src/ptII11.1.devel/ptolemy/vergil/basic/imprt/g4ltl'
making clean in ptolemy/vergil/basic/imprt/fmu
make[6]: Entering directory '/home/travis/build/icyphy/ptII/adm/gen-11.1/src/ptII11.1.devel/ptolemy/vergil/basic/imprt/fmu'
rm -rf *.o *.so *~ *.bak ,* LOG* *.class *.jstmp config.cache config.log config.status manifest.tmp ImportFMUAction.class ImportFMUForQSSAction.class ImportFMUHybridAction.class fmu.jar     fmu.jar 
rm -f core
make[6]: Leaving directory '/home/travis/build/icyphy/ptII/adm/gen-11.1/src/ptII11.1.devel/ptolemy/vergil/basic/imprt/fmu'
make[5]: Leaving directory '/home/travis/build/icyphy/ptII/adm/gen-11.1/src/ptII11.1.devel/ptolemy/vergil/basic/imprt'
making clean in ptolemy/vergil/basic/layout
make[5]: Entering directory '/home/travis/build/icyphy/ptII/adm/gen-11.1/src/ptII11.1.devel/ptolemy/vergil/basic/layout'
rm -rf *.o *.so *~ *.bak ,* LOG* *.class *.jstmp config.cache config.log config.status manifest.tmp AbstractLayoutConfiguration.class ActorLayoutConfiguration.class ModalLayoutConfiguration.class   layout.jar    
rm -f core
making clean in ptolemy/vergil/basic/layout/img
make[6]: Entering directory '/home/travis/build/icyphy/ptII/adm/gen-11.1/src/ptII11.1.devel/ptolemy/vergil/basic/layout/img'
rm -rf *.o *.so *~ *.bak ,* LOG* *.class *.jstmp config.cache config.log config.status manifest.tmp  img.jar     img.jar 
rm -f core
make[6]: Leaving directory '/home/travis/build/icyphy/ptII/adm/gen-11.1/src/ptII11.1.devel/ptolemy/vergil/basic/layout/img'
making clean in ptolemy/vergil/basic/layout/kieler
make[6]: Entering directory '/home/travis/build/icyphy/ptII/adm/gen-11.1/src/ptII11.1.devel/ptolemy/vergil/basic/layout/kieler'
rm -rf *.o *.so *~ *.bak ,* LOG* *.class *.jstmp config.cache config.log config.status manifest.tmp ApplyLayoutRequest.class KielerGraphUtil.class KielerLayout.class KielerLayoutAction.class Parameters.class PtolemyModelUtil.class UndoLayoutAction.class kieler.jar     kieler.jar 
rm -f core
making clean in ptolemy/vergil/basic/layout/kieler/test
make[7]: Entering directory '/home/travis/build/icyphy/ptII/adm/gen-11.1/src/ptII11.1.devel/ptolemy/vergil/basic/layout/kieler/test'
rm -rf *.o *.so *~ *.bak ,* LOG* *.class *.jstmp config.cache config.log config.status manifest.tmp        
rm -f core
making clean in ptolemy/vergil/basic/kieler/test/junit
make[8]: Entering directory '/home/travis/build/icyphy/ptII/adm/gen-11.1/src/ptII11.1.devel/ptolemy/vergil/basic/layout/kieler/test/junit'
rm -rf *.o *.so *~ *.bak ,* LOG* *.class *.jstmp config.cache config.log config.status manifest.tmp JUnitTclTest.class KielerJUnitTestExtendedModels.class KielerJUnitTest.class       
rm -f core
make[8]: Leaving directory '/home/travis/build/icyphy/ptII/adm/gen-11.1/src/ptII11.1.devel/ptolemy/vergil/basic/layout/kieler/test/junit'
make[7]: Leaving directory '/home/travis/build/icyphy/ptII/adm/gen-11.1/src/ptII11.1.devel/ptolemy/vergil/basic/layout/kieler/test'
make[6]: Leaving directory '/home/travis/build/icyphy/ptII/adm/gen-11.1/src/ptII11.1.devel/ptolemy/vergil/basic/layout/kieler'
make[5]: Leaving directory '/home/travis/build/icyphy/ptII/adm/gen-11.1/src/ptII11.1.devel/ptolemy/vergil/basic/layout'
making clean in ptolemy/vergil/basic/test
make[5]: Entering directory '/home/travis/build/icyphy/ptII/adm/gen-11.1/src/ptII11.1.devel/ptolemy/vergil/basic/test'
rm -rf *.o *.so *~ *.bak ,* LOG* *.class *.jstmp config.cache config.log config.status manifest.tmp        
rm -f core
making clean in ptolemy/vergil/basic/test/junit
make[6]: Entering directory '/home/travis/build/icyphy/ptII/adm/gen-11.1/src/ptII11.1.devel/ptolemy/vergil/basic/test/junit'
rm -rf *.o *.so *~ *.bak ,* LOG* *.class *.jstmp config.cache config.log config.status manifest.tmp ExportImageJUnitTest.class JUnitTclTest.class       
rm -f core
make[6]: Leaving directory '/home/travis/build/icyphy/ptII/adm/gen-11.1/src/ptII11.1.devel/ptolemy/vergil/basic/test/junit'
make[5]: Leaving directory '/home/travis/build/icyphy/ptII/adm/gen-11.1/src/ptII11.1.devel/ptolemy/vergil/basic/test'
make[4]: Leaving directory '/home/travis/build/icyphy/ptII/adm/gen-11.1/src/ptII11.1.devel/ptolemy/vergil/basic'
making clean in ptolemy/vergil/actor
make[4]: Entering directory '/home/travis/build/icyphy/ptII/adm/gen-11.1/src/ptII11.1.devel/ptolemy/vergil/actor'
rm -rf *.o *.so *~ *.bak ,* LOG* *.class *.jstmp config.cache config.log config.status manifest.tmp ActorController.class ActorEditorGraphController.class ActorGraphFrame.class ActorGraphModel.class ActorGraphTableau.class ActorInstanceController.class ActorInteractionAddon.class ActorViewerGraphController.class ClassDefinitionController.class DocApplicationSpecializer.class DocBuilder.class DocBuilderEffigy.class DocBuilderGUI.class DocBuilderTableau.class DocEffigy.class DocManager.class DocTableau.class DocViewer.class ExternalIOPortController.class FindPackages.class IOPortController.class KielerLayoutConnector.class KielerLayoutUtil.class LayoutHint.class LinkController.class LinkManhattanConnector.class PortConnectSite.class PortTerminal.class TypeOpaqueCompositeActorTableauFactory.class   actor.jar    
rm -f core
making clean in ptolemy/vergil/actor/lib
make[5]: Entering directory '/home/travis/build/icyphy/ptII/adm/gen-11.1/src/ptII11.1.devel/ptolemy/vergil/actor/lib'
rm -rf *.o *.so *~ *.bak ,* LOG* *.class *.jstmp config.cache config.log config.status manifest.tmp LEDMatrix.class ModelDisplay.class MonitorImage.class MonitorReceiverAttribute.class MonitorReceiverContents.class ShowTypes.class VisualModelReference.class lib.jar     lib.jar 
rm -f core
making clean in ptolemy/vergil/actor/lib/test
make[6]: Entering directory '/home/travis/build/icyphy/ptII/adm/gen-11.1/src/ptII11.1.devel/ptolemy/vergil/actor/lib/test'
rm -rf *.o *.so *~ *.bak ,* LOG* *.class *.jstmp config.cache config.log config.status manifest.tmp        
rm -f core
make[6]: Leaving directory '/home/travis/build/icyphy/ptII/adm/gen-11.1/src/ptII11.1.devel/ptolemy/vergil/actor/lib/test'
make[5]: Leaving directory '/home/travis/build/icyphy/ptII/adm/gen-11.1/src/ptII11.1.devel/ptolemy/vergil/actor/lib'
making clean in ptolemy/vergil/actor/img
make[5]: Entering directory '/home/travis/build/icyphy/ptII/adm/gen-11.1/src/ptII11.1.devel/ptolemy/vergil/actor/img'
rm -rf *.o *.so *~ *.bak ,* LOG* *.class *.jstmp config.cache config.log config.status manifest.tmp  img.jar     img.jar 
rm -f core
make[5]: Leaving directory '/home/travis/build/icyphy/ptII/adm/gen-11.1/src/ptII11.1.devel/ptolemy/vergil/actor/img'
make[4]: Leaving directory '/home/travis/build/icyphy/ptII/adm/gen-11.1/src/ptII11.1.devel/ptolemy/vergil/actor'
making clean in ptolemy/vergil/kernel
make[4]: Entering directory '/home/travis/build/icyphy/ptII/adm/gen-11.1/src/ptII11.1.devel/ptolemy/vergil/kernel'
rm -rf *.o *.so *~ *.bak ,* LOG* *.class *.jstmp config.cache config.log config.status manifest.tmp AnimationRenderer.class AttributeNodeModel.class AttributeController.class AttributeWithIconController.class CompositePtolemyModel.class DebugRenderer.class Link.class ListenToAction.class PortDialogFactory.class PortDialogAction.class RelationController.class RelativeLinkFigure.class RenameDialogAction.class RenameDialogFactory.class ShadowHighlighter.class ShadowRenderer.class VergilUtilities.class   kernel.jar    
rm -f core
making clean in ptolemy/vergil/kernel/attributes
make[5]: Entering directory '/home/travis/build/icyphy/ptII/adm/gen-11.1/src/ptII11.1.devel/ptolemy/vergil/kernel/attributes'
rm -rf *.o *.so *~ *.bak ,* LOG* *.class *.jstmp config.cache config.log config.status manifest.tmp AbstractTextAttribute.class ArcAttribute.class ArrowAttribute.class AttributeExpressionAttribute.class AttributeValueAttribute.class DocumentationAttribute.class EllipseAttribute.class FilledShapeAttribute.class IDAttribute.class ImageAttribute.class LineAttribute.class RectangleAttribute.class ResizablePolygonAttribute.class TextAttribute.class ShapeAttribute.class VisibleAttribute.class UpdateAnnotations.class attributes.jar     attributes.jar 
rm -f core
making clean in ptolemy/vergil/kernel/attributes/demo
make[6]: Entering directory '/home/travis/build/icyphy/ptII/adm/gen-11.1/src/ptII11.1.devel/ptolemy/vergil/kernel/attributes/demo'
rm -rf *.o *.so *~ *.bak ,* LOG* *.class *.jstmp config.cache config.log config.status manifest.tmp    demo.jar    
rm -f core
making clean in ptolemy/vergil/kernel/attributes/demo/AnimateVergil
make[7]: Entering directory '/home/travis/build/icyphy/ptII/adm/gen-11.1/src/ptII11.1.devel/ptolemy/vergil/kernel/attributes/demo/AnimateVergil'
rm -rf *.o *.so *~ *.bak ,* LOG* *.class *.jstmp config.cache config.log config.status manifest.tmp  AnimateVergil.jar     AnimateVergil.jar 
rm -f core
make[7]: Leaving directory '/home/travis/build/icyphy/ptII/adm/gen-11.1/src/ptII11.1.devel/ptolemy/vergil/kernel/attributes/demo/AnimateVergil'
making clean in ptolemy/vergil/kernel/attributes/demo/ModelID
make[7]: Entering directory '/home/travis/build/icyphy/ptII/adm/gen-11.1/src/ptII11.1.devel/ptolemy/vergil/kernel/attributes/demo/ModelID'
rm -rf *.o *.so *~ *.bak ,* LOG* *.class *.jstmp config.cache config.log config.status manifest.tmp  ModelID.jar     ModelID.jar 
rm -f core
make[7]: Leaving directory '/home/travis/build/icyphy/ptII/adm/gen-11.1/src/ptII11.1.devel/ptolemy/vergil/kernel/attributes/demo/ModelID'
making clean in ptolemy/vergil/kernel/attributes/demo/Viewgraph
make[7]: Entering directory '/home/travis/build/icyphy/ptII/adm/gen-11.1/src/ptII11.1.devel/ptolemy/vergil/kernel/attributes/demo/Viewgraph'
rm -rf *.o *.so *~ *.bak ,* LOG* *.class *.jstmp config.cache config.log config.status manifest.tmp  Viewgraph.jar     Viewgraph.jar 
rm -f core
make[7]: Leaving directory '/home/travis/build/icyphy/ptII/adm/gen-11.1/src/ptII11.1.devel/ptolemy/vergil/kernel/attributes/demo/Viewgraph'
make[6]: Leaving directory '/home/travis/build/icyphy/ptII/adm/gen-11.1/src/ptII11.1.devel/ptolemy/vergil/kernel/attributes/demo'
making clean in ptolemy/vergil/kernel/attributes/test
make[6]: Entering directory '/home/travis/build/icyphy/ptII/adm/gen-11.1/src/ptII11.1.devel/ptolemy/vergil/kernel/attributes/test'
rm -rf *.o *.so *~ *.bak ,* LOG* *.class *.jstmp config.cache config.log config.status manifest.tmp        
rm -f core
make[6]: Leaving directory '/home/travis/build/icyphy/ptII/adm/gen-11.1/src/ptII11.1.devel/ptolemy/vergil/kernel/attributes/test'
make[5]: Leaving directory '/home/travis/build/icyphy/ptII/adm/gen-11.1/src/ptII11.1.devel/ptolemy/vergil/kernel/attributes'
make[4]: Leaving directory '/home/travis/build/icyphy/ptII/adm/gen-11.1/src/ptII11.1.devel/ptolemy/vergil/kernel'
making clean in ptolemy/vergil/gt
make[4]: Entering directory '/home/travis/build/icyphy/ptII/adm/gen-11.1/src/ptII11.1.devel/ptolemy/vergil/gt'
rm -rf *.o *.so *~ *.bak ,* LOG* *.class *.jstmp config.cache config.log config.status manifest.tmp CellPanelEditor.class GTFrame.class GTFrameController.class GTFrameTools.class GTIngredientsEditor.class GTTableau.class IterativeParameterIcon.class MatchResultRecorder.class MatchResultTableau.class MatchResultViewer.class StateMatcherController.class StateMatcherIcon.class TransformationAttributeController.class TransformationAttributeEditorFactory.class TransformationAttributeIcon.class TransformationEditor.class TransformEventController.class   gt.jar    
rm -f core
making clean in ptolemy/vergil/gt/img
make[5]: Entering directory '/home/travis/build/icyphy/ptII/adm/gen-11.1/src/ptII11.1.devel/ptolemy/vergil/gt/img'
rm -rf *.o *.so *~ *.bak ,* LOG* *.class *.jstmp config.cache config.log config.status manifest.tmp  img.jar     img.jar 
rm -f core
make[5]: Leaving directory '/home/travis/build/icyphy/ptII/adm/gen-11.1/src/ptII11.1.devel/ptolemy/vergil/gt/img'
make[4]: Leaving directory '/home/travis/build/icyphy/ptII/adm/gen-11.1/src/ptII11.1.devel/ptolemy/vergil/gt'
making clean in ptolemy/vergil/debugger
make[4]: Entering directory '/home/travis/build/icyphy/ptII/adm/gen-11.1/src/ptII11.1.devel/ptolemy/vergil/debugger'
rm -rf *.o *.so *~ *.bak ,* LOG* *.class *.jstmp config.cache config.log config.status manifest.tmp DebugController.class DebugProfile.class BreakpointDialogFactory.class BreakpointConfigurer.class BreakpointConfigurerDialog.class debugger.jar     debugger.jar 
rm -f core
make[4]: Leaving directory '/home/travis/build/icyphy/ptII/adm/gen-11.1/src/ptII11.1.devel/ptolemy/vergil/debugger'
making clean in ptolemy/vergil/test
make[4]: Entering directory '/home/travis/build/icyphy/ptII/adm/gen-11.1/src/ptII11.1.devel/ptolemy/vergil/test'
rm -rf *.o *.so *~ *.bak ,* LOG* *.class *.jstmp config.cache config.log config.status manifest.tmp        
rm -f core
make[4]: Leaving directory '/home/travis/build/icyphy/ptII/adm/gen-11.1/src/ptII11.1.devel/ptolemy/vergil/test'
making clean in ptolemy/vergil/icon
make[4]: Entering directory '/home/travis/build/icyphy/ptII/adm/gen-11.1/src/ptII11.1.devel/ptolemy/vergil/icon'
rm -rf *.o *.so *~ *.bak ,* LOG* *.class *.jstmp config.cache config.log config.status manifest.tmp ActorNameIcon.class AttributeValueIcon.class BoxedValueIcon.class BoxedValuesIcon.class ConstraintMonitorIcon.class CopyCatIcon.class DesignPatternIcon.class DynamicEditorIcon.class EditIconFrame.class EditIconGraphController.class EditIconTableau.class EditorIcon.class ImageIcon.class NameIcon.class ResizableAttributeControllerFactory.class ShapeIcon.class SVGIcon.class TableIcon.class TextIcon.class UpdatedValueIcon.class ValueIcon.class XMLIcon.class icon.jar     icon.jar 
rm -f core
making clean in ptolemy/vergil/icon/test
make[5]: Entering directory '/home/travis/build/icyphy/ptII/adm/gen-11.1/src/ptII11.1.devel/ptolemy/vergil/icon/test'
rm -rf *.o *.so *~ *.bak ,* LOG* *.class *.jstmp config.cache config.log config.status manifest.tmp        
rm -f core
make[5]: Leaving directory '/home/travis/build/icyphy/ptII/adm/gen-11.1/src/ptII11.1.devel/ptolemy/vergil/icon/test'
make[4]: Leaving directory '/home/travis/build/icyphy/ptII/adm/gen-11.1/src/ptII11.1.devel/ptolemy/vergil/icon'
making clean in ptolemy/vergil/modal
make[4]: Entering directory '/home/travis/build/icyphy/ptII/adm/gen-11.1/src/ptII11.1.devel/ptolemy/vergil/modal'
rm -rf *.o *.so *~ *.bak ,* LOG* *.class *.jstmp config.cache config.log config.status manifest.tmp Arc.class CaseGraphFrame.class CaseGraphTableau.class FSMGraphController.class FSMGraphFrame.class FSMGraphModel.class FSMGraphTableau.class FSMViewerGraphController.class KielerLayoutArcConnector.class StateController.class StateIcon.class TransitionController.class   modal.jar    
rm -f core
making clean in ptolemy/vergil/modal/fmv
make[5]: Entering directory '/home/travis/build/icyphy/ptII/adm/gen-11.1/src/ptII11.1.devel/ptolemy/vergil/modal/fmv'
rm -rf *.o *.so *~ *.bak ,* LOG* *.class *.jstmp config.cache config.log config.status manifest.tmp FmvAutomatonGraphController.class FmvAutomatonGraphFrame.class FmvAutomatonGraphTableau.class FmvStateIcon.class   fmv.jar    
rm -f core
making clean in ptolemy/vergil/modal/fmv/img
make[6]: Entering directory '/home/travis/build/icyphy/ptII/adm/gen-11.1/src/ptII11.1.devel/ptolemy/vergil/modal/fmv/img'
rm -rf *.o *.so *~ *.bak ,* LOG* *.class *.jstmp config.cache config.log config.status manifest.tmp  img.jar     img.jar 
rm -f core
make[6]: Leaving directory '/home/travis/build/icyphy/ptII/adm/gen-11.1/src/ptII11.1.devel/ptolemy/vergil/modal/fmv/img'
make[5]: Leaving directory '/home/travis/build/icyphy/ptII/adm/gen-11.1/src/ptII11.1.devel/ptolemy/vergil/modal/fmv'
making clean in ptolemy/vergil/modal/ia
make[5]: Entering directory '/home/travis/build/icyphy/ptII/adm/gen-11.1/src/ptII11.1.devel/ptolemy/vergil/modal/ia'
rm -rf *.o *.so *~ *.bak ,* LOG* *.class *.jstmp config.cache config.log config.status manifest.tmp InterfaceAutomatonGraphTableau.class InterfaceAutomatonGraphFrame.class InterfaceAutomatonGraphController.class ia.jar     ia.jar 
rm -f core
make[5]: Leaving directory '/home/travis/build/icyphy/ptII/adm/gen-11.1/src/ptII11.1.devel/ptolemy/vergil/modal/ia'
making clean in ptolemy/vergil/modal/modal
make[5]: Entering directory '/home/travis/build/icyphy/ptII/adm/gen-11.1/src/ptII11.1.devel/ptolemy/vergil/modal/modal'
rm -rf *.o *.so *~ *.bak ,* LOG* *.class *.jstmp config.cache config.log config.status manifest.tmp HierarchicalStateControllerFactory.class HierarchicalStateController.class ModalTableauFactory.class ModalTransitionController.class modal.jar     modal.jar 
rm -f core
making clean in ptolemy/vergil/modal/modal/test
make[6]: Entering directory '/home/travis/build/icyphy/ptII/adm/gen-11.1/src/ptII11.1.devel/ptolemy/vergil/modal/modal/test'
rm -rf *.o *.so *~ *.bak ,* LOG* *.class *.jstmp config.cache config.log config.status manifest.tmp        
rm -f core
make[6]: Leaving directory '/home/travis/build/icyphy/ptII/adm/gen-11.1/src/ptII11.1.devel/ptolemy/vergil/modal/modal/test'
make[5]: Leaving directory '/home/travis/build/icyphy/ptII/adm/gen-11.1/src/ptII11.1.devel/ptolemy/vergil/modal/modal'
make[4]: Leaving directory '/home/travis/build/icyphy/ptII/adm/gen-11.1/src/ptII11.1.devel/ptolemy/vergil/modal'
making clean in ptolemy/vergil/pdfrenderer
make[4]: Entering directory '/home/travis/build/icyphy/ptII/adm/gen-11.1/src/ptII11.1.devel/ptolemy/vergil/pdfrenderer'
rm -rf *.o *.so *~ *.bak ,* LOG* *.class *.jstmp config.cache config.log config.status manifest.tmp PDFAttribute.class PDFIcon.class pdfrenderer.jar     pdfrenderer.jar 
rm -f core
make[4]: Leaving directory '/home/travis/build/icyphy/ptII/adm/gen-11.1/src/ptII11.1.devel/ptolemy/vergil/pdfrenderer'
making clean in ptolemy/vergil/ontologies
make[4]: Entering directory '/home/travis/build/icyphy/ptII/adm/gen-11.1/src/ptII11.1.devel/ptolemy/vergil/ontologies'
rm -rf *.o *.so *~ *.bak ,* LOG* *.class *.jstmp config.cache config.log config.status manifest.tmp AttributeInOntologyController.class ConceptController.class ConceptIcon.class ConceptRelationController.class MultipleConceptIcon.class OntologyEntityController.class OntologyGraphController.class OntologyGraphFrame.class OntologyGraphModel.class OntologyGraphTableau.class OntologySolverGraphController.class OntologySolverGraphFrame.class OntologySolverGraphModel.class OntologySolverTableau.class ReportOntologyLatticeStatus.class ontologies.jar     ontologies.jar 
rm -f core
make[4]: Leaving directory '/home/travis/build/icyphy/ptII/adm/gen-11.1/src/ptII11.1.devel/ptolemy/vergil/ontologies'
making clean in ptolemy/vergil/ptera
make[4]: Entering directory '/home/travis/build/icyphy/ptII/adm/gen-11.1/src/ptII11.1.devel/ptolemy/vergil/ptera'
rm -rf *.o *.so *~ *.bak ,* LOG* *.class *.jstmp config.cache config.log config.status manifest.tmp PteraGraphController.class PteraGraphFrame.class PteraGraphTableau.class EventIcon.class OctagonEventIcon.class SchedulingRelationController.class TestIcon.class TimeAdvanceEventIcon.class ptera.jar     ptera.jar 
rm -f core
make[4]: Leaving directory '/home/travis/build/icyphy/ptII/adm/gen-11.1/src/ptII11.1.devel/ptolemy/vergil/ptera'
making clean in ptolemy/vergil/scr
make[4]: Entering directory '/home/travis/build/icyphy/ptII/adm/gen-11.1/src/ptII11.1.devel/ptolemy/vergil/scr'
rm -rf *.o *.so *~ *.bak ,* LOG* *.class *.jstmp config.cache config.log config.status manifest.tmp ConditionsTableModel.class EventTableModel.class ModeTransitionTableModel.class SCRGraphTableau.class SCRTableFrame.class SCRTableHelper.class SCRTableauFactory.class VariableScope.class scr.jar     scr.jar 
rm -f core
make[4]: Leaving directory '/home/travis/build/icyphy/ptII/adm/gen-11.1/src/ptII11.1.devel/ptolemy/vergil/scr'
making clean in ptolemy/vergil/tree
make[4]: Entering directory '/home/travis/build/icyphy/ptII/adm/gen-11.1/src/ptII11.1.devel/ptolemy/vergil/tree'
rm -rf *.o *.so *~ *.bak ,* LOG* *.class *.jstmp config.cache config.log config.status manifest.tmp ClassAndEntityTreeModel.class CompositeTreeModel.class EntityTreeModel.class FullTreeModel.class PTree.class PTreeMenuCreator.class PtolemyTreeCellRenderer.class TreeEditor.class TreeEditorPanel.class TreeTableau.class VisibleTreeModel.class tree.jar     tree.jar 
rm -f core
make[4]: Leaving directory '/home/travis/build/icyphy/ptII/adm/gen-11.1/src/ptII11.1.devel/ptolemy/vergil/tree'
making clean in ptolemy/vergil/tdl
make[4]: Entering directory '/home/travis/build/icyphy/ptII/adm/gen-11.1/src/ptII11.1.devel/ptolemy/vergil/tdl'
rm -rf *.o *.so *~ *.bak ,* LOG* *.class *.jstmp config.cache config.log config.status manifest.tmp HierarchicalModeController.class HierarchicalModeControllerFactory.class TdlTableauFactory.class TdlTaskTableauFactory.class tdl.jar     tdl.jar 
rm -f core
make[4]: Leaving directory '/home/travis/build/icyphy/ptII/adm/gen-11.1/src/ptII11.1.devel/ptolemy/vergil/tdl'
making clean in ptolemy/vergil/unit
make[4]: Entering directory '/home/travis/build/icyphy/ptII/adm/gen-11.1/src/ptII11.1.devel/ptolemy/vergil/unit'
rm -rf *.o *.so *~ *.bak ,* LOG* *.class *.jstmp config.cache config.log config.status manifest.tmp BasicEdgeHighlighter.class ConfigureUnitsAction.class UnitConstraintsDialog.class UnitSolverDialog.class unit.jar     unit.jar 
rm -f core
make[4]: Leaving directory '/home/travis/build/icyphy/ptII/adm/gen-11.1/src/ptII11.1.devel/ptolemy/vergil/unit'
make[3]: Leaving directory '/home/travis/build/icyphy/ptII/adm/gen-11.1/src/ptII11.1.devel/ptolemy/vergil'
making clean in ptolemy/cg
make[3]: Entering directory '/home/travis/build/icyphy/ptII/adm/gen-11.1/src/ptII11.1.devel/ptolemy/cg'
rm -rf *.o *.so *~ *.bak ,* LOG* *.class *.jstmp config.cache config.log config.status manifest.tmp    cg.jar    
rm -f core
making clean in ptolemy/cg/adapter
make[4]: Entering directory '/home/travis/build/icyphy/ptII/adm/gen-11.1/src/ptII11.1.devel/ptolemy/cg/adapter'
rm -rf *.o *.so *~ *.bak ,* LOG* *.class *.jstmp config.cache config.log config.status manifest.tmp    adapter.jar    
rm -f core
making clean in ptolemy/cg/adapter/generic
make[5]: Entering directory '/home/travis/build/icyphy/ptII/adm/gen-11.1/src/ptII11.1.devel/ptolemy/cg/adapter/generic'
rm -rf *.o *.so *~ *.bak ,* LOG* *.class *.jstmp config.cache config.log config.status manifest.tmp    generic.jar    
rm -f core
making clean in ptolemy/cg/adapter/generic/accessor
make[6]: Entering directory '/home/travis/build/icyphy/ptII/adm/gen-11.1/src/ptII11.1.devel/ptolemy/cg/adapter/generic/accessor'
rm -rf *.o *.so *~ *.bak ,* LOG* *.class *.jstmp config.cache config.log config.status manifest.tmp    accessor.jar    
rm -f core
making clean in ptolemy/cg/adapter/generic/accessor/adapters
make[7]: Entering directory '/home/travis/build/icyphy/ptII/adm/gen-11.1/src/ptII11.1.devel/ptolemy/cg/adapter/generic/accessor/adapters'
rm -rf *.o *.so *~ *.bak ,* LOG* *.class *.jstmp config.cache config.log config.status manifest.tmp    adapters.jar    
rm -f core
making clean in ptolemy/cg/adapter/generic/accessor/adapters/org
make[8]: Entering directory '/home/travis/build/icyphy/ptII/adm/gen-11.1/src/ptII11.1.devel/ptolemy/cg/adapter/generic/accessor/adapters/org'
rm -rf *.o *.so *~ *.bak ,* LOG* *.class *.jstmp config.cache config.log config.status manifest.tmp    org.jar    
rm -f core
making clean in ptolemy/cg/adapter/generic/accessor/adapters/org/terraswarm
make[9]: Entering directory '/home/travis/build/icyphy/ptII/adm/gen-11.1/src/ptII11.1.devel/ptolemy/cg/adapter/generic/accessor/adapters/org/terraswarm'
rm -rf *.o *.so *~ *.bak ,* LOG* *.class *.jstmp config.cache config.log config.status manifest.tmp    terraswarm.jar    
rm -f core
making clean in ptolemy/cg/adapter/generic/accessor/adapters/org/terraswarm/accessor
make[10]: Entering directory '/home/travis/build/icyphy/ptII/adm/gen-11.1/src/ptII11.1.devel/ptolemy/cg/adapter/generic/accessor/adapters/org/terraswarm/accessor'
rm -rf *.o *.so *~ *.bak ,* LOG* *.class *.jstmp config.cache config.log config.status manifest.tmp JSAccessor.class accessor.jar     accessor.jar 
rm -f core
make[10]: Leaving directory '/home/travis/build/icyphy/ptII/adm/gen-11.1/src/ptII11.1.devel/ptolemy/cg/adapter/generic/accessor/adapters/org/terraswarm/accessor'
make[9]: Leaving directory '/home/travis/build/icyphy/ptII/adm/gen-11.1/src/ptII11.1.devel/ptolemy/cg/adapter/generic/accessor/adapters/org/terraswarm'
make[8]: Leaving directory '/home/travis/build/icyphy/ptII/adm/gen-11.1/src/ptII11.1.devel/ptolemy/cg/adapter/generic/accessor/adapters/org'
making clean in ptolemy/cg/adapter/generic/accessor/adapters/ptolemy
make[8]: Entering directory '/home/travis/build/icyphy/ptII/adm/gen-11.1/src/ptII11.1.devel/ptolemy/cg/adapter/generic/accessor/adapters/ptolemy'
rm -rf *.o *.so *~ *.bak ,* LOG* *.class *.jstmp config.cache config.log config.status manifest.tmp    ptolemy.jar    
rm -f core
making clean in ptolemy/cg/adapter/generic/accessor/adapters/ptolemy/actor
make[9]: Entering directory '/home/travis/build/icyphy/ptII/adm/gen-11.1/src/ptII11.1.devel/ptolemy/cg/adapter/generic/accessor/adapters/ptolemy/actor'
rm -rf *.o *.so *~ *.bak ,* LOG* *.class *.jstmp config.cache config.log config.status manifest.tmp TypedCompositeActor.class   actor.jar    
rm -f core
making clean in ptolemy/cg/adapter/generic/accessor/adapters/ptolemy/actor/lib
make[10]: Entering directory '/home/travis/build/icyphy/ptII/adm/gen-11.1/src/ptII11.1.devel/ptolemy/cg/adapter/generic/accessor/adapters/ptolemy/actor/lib'
rm -rf *.o *.so *~ *.bak ,* LOG* *.class *.jstmp config.cache config.log config.status manifest.tmp    lib.jar    
rm -f core
making clean in ptolemy/cg/adapter/generic/accessor/adapters/ptolemy/actor/lib/jjs
make[11]: Entering directory '/home/travis/build/icyphy/ptII/adm/gen-11.1/src/ptII11.1.devel/ptolemy/cg/adapter/generic/accessor/adapters/ptolemy/actor/lib/jjs'
rm -rf *.o *.so *~ *.bak ,* LOG* *.class *.jstmp config.cache config.log config.status manifest.tmp JavaScript.class jjs.jar     jjs.jar 
rm -f core
make[11]: Leaving directory '/home/travis/build/icyphy/ptII/adm/gen-11.1/src/ptII11.1.devel/ptolemy/cg/adapter/generic/accessor/adapters/ptolemy/actor/lib/jjs'
make[10]: Leaving directory '/home/travis/build/icyphy/ptII/adm/gen-11.1/src/ptII11.1.devel/ptolemy/cg/adapter/generic/accessor/adapters/ptolemy/actor/lib'
make[9]: Leaving directory '/home/travis/build/icyphy/ptII/adm/gen-11.1/src/ptII11.1.devel/ptolemy/cg/adapter/generic/accessor/adapters/ptolemy/actor'
make[8]: Leaving directory '/home/travis/build/icyphy/ptII/adm/gen-11.1/src/ptII11.1.devel/ptolemy/cg/adapter/generic/accessor/adapters/ptolemy'
make[7]: Leaving directory '/home/travis/build/icyphy/ptII/adm/gen-11.1/src/ptII11.1.devel/ptolemy/cg/adapter/generic/accessor/adapters'
make[6]: Leaving directory '/home/travis/build/icyphy/ptII/adm/gen-11.1/src/ptII11.1.devel/ptolemy/cg/adapter/generic/accessor'
making clean in ptolemy/cg/adapter/generic/adapters
make[6]: Entering directory '/home/travis/build/icyphy/ptII/adm/gen-11.1/src/ptII11.1.devel/ptolemy/cg/adapter/generic/adapters'
rm -rf *.o *.so *~ *.bak ,* LOG* *.class *.jstmp config.cache config.log config.status manifest.tmp    adapters.jar    
rm -f core
making clean in ptolemy/cg/adapter/generic/adapters/ptolemy
make[7]: Entering directory '/home/travis/build/icyphy/ptII/adm/gen-11.1/src/ptII11.1.devel/ptolemy/cg/adapter/generic/adapters/ptolemy'
rm -rf *.o *.so *~ *.bak ,* LOG* *.class *.jstmp config.cache config.log config.status manifest.tmp    ptolemy.jar    
rm -f core
making clean in ptolemy/cg/adapter/generic/adapters/ptolemy/actor
make[8]: Entering directory '/home/travis/build/icyphy/ptII/adm/gen-11.1/src/ptII11.1.devel/ptolemy/cg/adapter/generic/adapters/ptolemy/actor'
rm -rf *.o *.so *~ *.bak ,* LOG* *.class *.jstmp config.cache config.log config.status manifest.tmp Director.class PortDirector.class Ports.class PortInfo.class TypedCompositeActor.class   actor.jar    
rm -f core
make[8]: Leaving directory '/home/travis/build/icyphy/ptII/adm/gen-11.1/src/ptII11.1.devel/ptolemy/cg/adapter/generic/adapters/ptolemy/actor'
make[7]: Leaving directory '/home/travis/build/icyphy/ptII/adm/gen-11.1/src/ptII11.1.devel/ptolemy/cg/adapter/generic/adapters/ptolemy'
make[6]: Leaving directory '/home/travis/build/icyphy/ptII/adm/gen-11.1/src/ptII11.1.devel/ptolemy/cg/adapter/generic/adapters'
making clean in ptolemy/cg/adapter/generic/html
make[6]: Entering directory '/home/travis/build/icyphy/ptII/adm/gen-11.1/src/ptII11.1.devel/ptolemy/cg/adapter/generic/html'
rm -rf *.o *.so *~ *.bak ,* LOG* *.class *.jstmp config.cache config.log config.status manifest.tmp    html.jar    
rm -f core
making clean in ptolemy/cg/adapter/generic/html/adapters
make[7]: Entering directory '/home/travis/build/icyphy/ptII/adm/gen-11.1/src/ptII11.1.devel/ptolemy/cg/adapter/generic/html/adapters'
rm -rf *.o *.so *~ *.bak ,* LOG* *.class *.jstmp config.cache config.log config.status manifest.tmp    adapters.jar    
rm -f core
making clean in ptolemy/cg/adapter/generic/html/adapters/ptolemy
make[8]: Entering directory '/home/travis/build/icyphy/ptII/adm/gen-11.1/src/ptII11.1.devel/ptolemy/cg/adapter/generic/html/adapters/ptolemy'
rm -rf *.o *.so *~ *.bak ,* LOG* *.class *.jstmp config.cache config.log config.status manifest.tmp    ptolemy.jar    
rm -f core
making clean in ptolemy/cg/adapter/generic/html/adapters/ptolemy/actor
make[9]: Entering directory '/home/travis/build/icyphy/ptII/adm/gen-11.1/src/ptII11.1.devel/ptolemy/cg/adapter/generic/html/adapters/ptolemy/actor'
rm -rf *.o *.so *~ *.bak ,* LOG* *.class *.jstmp config.cache config.log config.status manifest.tmp Director.class TypedCompositeActor.class   actor.jar    
rm -f core
make[9]: Leaving directory '/home/travis/build/icyphy/ptII/adm/gen-11.1/src/ptII11.1.devel/ptolemy/cg/adapter/generic/html/adapters/ptolemy/actor'
make[8]: Leaving directory '/home/travis/build/icyphy/ptII/adm/gen-11.1/src/ptII11.1.devel/ptolemy/cg/adapter/generic/html/adapters/ptolemy'
make[7]: Leaving directory '/home/travis/build/icyphy/ptII/adm/gen-11.1/src/ptII11.1.devel/ptolemy/cg/adapter/generic/html/adapters'
making clean in ptolemy/cg/adapter/generic/html/demo
make[7]: Entering directory '/home/travis/build/icyphy/ptII/adm/gen-11.1/src/ptII11.1.devel/ptolemy/cg/adapter/generic/html/demo'
rm -rf *.o *.so *~ *.bak ,* LOG* *.class *.jstmp config.cache config.log config.status manifest.tmp    demo.jar    
rm -f core
making clean in ptolemy/cg/adapter/generic/html/demo/HierarchicalModel
make[8]: Entering directory '/home/travis/build/icyphy/ptII/adm/gen-11.1/src/ptII11.1.devel/ptolemy/cg/adapter/generic/html/demo/HierarchicalModel'
rm -rf *.o *.so *~ *.bak ,* LOG* *.class *.jstmp config.cache config.log config.status manifest.tmp  HierarchicalModel.jar     HierarchicalModel.jar 
rm -f core
make[8]: Leaving directory '/home/travis/build/icyphy/ptII/adm/gen-11.1/src/ptII11.1.devel/ptolemy/cg/adapter/generic/html/demo/HierarchicalModel'
make[7]: Leaving directory '/home/travis/build/icyphy/ptII/adm/gen-11.1/src/ptII11.1.devel/ptolemy/cg/adapter/generic/html/demo'
making clean in ptolemy/cg/adapter/generic/html/test
make[7]: Entering directory '/home/travis/build/icyphy/ptII/adm/gen-11.1/src/ptII11.1.devel/ptolemy/cg/adapter/generic/html/test'
rm -rf *.o *.so *~ *.bak ,* LOG* *.class *.jstmp config.cache config.log config.status manifest.tmp        
rm -f core
make[7]: Leaving directory '/home/travis/build/icyphy/ptII/adm/gen-11.1/src/ptII11.1.devel/ptolemy/cg/adapter/generic/html/test'
make[6]: Leaving directory '/home/travis/build/icyphy/ptII/adm/gen-11.1/src/ptII11.1.devel/ptolemy/cg/adapter/generic/html'
making clean in ptolemy/cg/adapter/generic/program
make[6]: Entering directory '/home/travis/build/icyphy/ptII/adm/gen-11.1/src/ptII11.1.devel/ptolemy/cg/adapter/generic/program'
rm -rf *.o *.so *~ *.bak ,* LOG* *.class *.jstmp config.cache config.log config.status manifest.tmp    program.jar    
rm -f core
making clean in ptolemy/cg/adapter/generic/program/procedural
make[7]: Entering directory '/home/travis/build/icyphy/ptII/adm/gen-11.1/src/ptII11.1.devel/ptolemy/cg/adapter/generic/program/procedural'
rm -rf *.o *.so *~ *.bak ,* LOG* *.class *.jstmp config.cache config.log config.status manifest.tmp    procedural.jar    
rm -f core
making clean in ptolemy/cg/adapter/generic/program/procedural/adapters
make[8]: Entering directory '/home/travis/build/icyphy/ptII/adm/gen-11.1/src/ptII11.1.devel/ptolemy/cg/adapter/generic/program/procedural/adapters'
rm -rf *.o *.so *~ *.bak ,* LOG* *.class *.jstmp config.cache config.log config.status manifest.tmp    adapters.jar    
rm -f core
making clean in ptolemy/cg/adapter/generic/program/procedural/adapters/org
make[9]: Entering directory '/home/travis/build/icyphy/ptII/adm/gen-11.1/src/ptII11.1.devel/ptolemy/cg/adapter/generic/program/procedural/adapters/org'
rm -rf *.o *.so *~ *.bak ,* LOG* *.class *.jstmp config.cache config.log config.status manifest.tmp    org.jar    
rm -f core
making clean in ptolemy/cg/adapter/generic/program/procedural/adapters/org/terraswarm
make[10]: Entering directory '/home/travis/build/icyphy/ptII/adm/gen-11.1/src/ptII11.1.devel/ptolemy/cg/adapter/generic/program/procedural/adapters/org/terraswarm'
rm -rf *.o *.so *~ *.bak ,* LOG* *.class *.jstmp config.cache config.log config.status manifest.tmp    terraswarm.jar    
rm -f core
making clean in ptolemy/cg/adapter/generic/program/procedural/adapters/org/terraswarm/accessor
make[11]: Entering directory '/home/travis/build/icyphy/ptII/adm/gen-11.1/src/ptII11.1.devel/ptolemy/cg/adapter/generic/program/procedural/adapters/org/terraswarm/accessor'
rm -rf *.o *.so *~ *.bak ,* LOG* *.class *.jstmp config.cache config.log config.status manifest.tmp JSAccessor.class accessor.jar     accessor.jar 
rm -f core
make[11]: Leaving directory '/home/travis/build/icyphy/ptII/adm/gen-11.1/src/ptII11.1.devel/ptolemy/cg/adapter/generic/program/procedural/adapters/org/terraswarm/accessor'
make[10]: Leaving directory '/home/travis/build/icyphy/ptII/adm/gen-11.1/src/ptII11.1.devel/ptolemy/cg/adapter/generic/program/procedural/adapters/org/terraswarm'
make[9]: Leaving directory '/home/travis/build/icyphy/ptII/adm/gen-11.1/src/ptII11.1.devel/ptolemy/cg/adapter/generic/program/procedural/adapters/org'
making clean in ptolemy/cg/adapter/generic/program/procedural/adapters/ptolemy
make[9]: Entering directory '/home/travis/build/icyphy/ptII/adm/gen-11.1/src/ptII11.1.devel/ptolemy/cg/adapter/generic/program/procedural/adapters/ptolemy'
rm -rf *.o *.so *~ *.bak ,* LOG* *.class *.jstmp config.cache config.log config.status manifest.tmp    ptolemy.jar    
rm -f core
making clean in ptolemy/cg/adapter/generic/program/procedural/adapters/ptolemy/actor
make[10]: Entering directory '/home/travis/build/icyphy/ptII/adm/gen-11.1/src/ptII11.1.devel/ptolemy/cg/adapter/generic/program/procedural/adapters/ptolemy/actor'
rm -rf *.o *.so *~ *.bak ,* LOG* *.class *.jstmp config.cache config.log config.status manifest.tmp IOPort.class Receiver.class TypedCompositeActor.class   actor.jar    
rm -f core
making clean in ptolemy/cg/adapter/generic/program/procedural/adapters/ptolemy/actor/lib
make[11]: Entering directory '/home/travis/build/icyphy/ptII/adm/gen-11.1/src/ptII11.1.devel/ptolemy/cg/adapter/generic/program/procedural/adapters/ptolemy/actor/lib'
rm -rf *.o *.so *~ *.bak ,* LOG* *.class *.jstmp config.cache config.log config.status manifest.tmp AbsoluteValue.class Accumulator.class AddSubtract.class Bernoulli.class BooleanMultiplexor.class BooleanSwitch.class Commutator.class Const.class CurrentTime.class DB.class Differential.class Discard.class Distributor.class Gaussian.class LimitedFiringSource.class Limiter.class Minimum.class MovingAverage.class MultiplyDivide.class Publisher.class Pulse.class Ramp.class RandomSource.class Recorder.class Scale.class Sequence.class StringConst.class Subscriber.class SubscriptionAggregator.class Test.class TrigFunction.class VectorAssembler.class VectorDisassembler.class   lib.jar    
rm -f core
making clean in ptolemy/cg/adapter/generic/program/procedural/adapters/ptolemy/actor/lib/conversions
make[12]: Entering directory '/home/travis/build/icyphy/ptII/adm/gen-11.1/src/ptII11.1.devel/ptolemy/cg/adapter/generic/program/procedural/adapters/ptolemy/actor/lib/conversions'
rm -rf *.o *.so *~ *.bak ,* LOG* *.class *.jstmp config.cache config.log config.status manifest.tmp BooleanToAnything.class ComplexToCartesian.class Round.class TokenToExpression.class conversions.jar     conversions.jar 
rm -f core
make[12]: Leaving directory '/home/travis/build/icyphy/ptII/adm/gen-11.1/src/ptII11.1.devel/ptolemy/cg/adapter/generic/program/procedural/adapters/ptolemy/actor/lib/conversions'
making clean in ptolemy/cg/adapter/generic/program/procedural/adapters/ptolemy/actor/lib/fmi
make[12]: Entering directory '/home/travis/build/icyphy/ptII/adm/gen-11.1/src/ptII11.1.devel/ptolemy/cg/adapter/generic/program/procedural/adapters/ptolemy/actor/lib/fmi'
rm -rf *.o *.so *~ *.bak ,* LOG* *.class *.jstmp config.cache config.log config.status manifest.tmp FMUImport.class   fmi.jar    
rm -f core
make[12]: Leaving directory '/home/travis/build/icyphy/ptII/adm/gen-11.1/src/ptII11.1.devel/ptolemy/cg/adapter/generic/program/procedural/adapters/ptolemy/actor/lib/fmi'
making clean in ptolemy/cg/adapter/generic/program/procedural/adapters/ptolemy/actor/lib/gui
make[12]: Entering directory '/home/travis/build/icyphy/ptII/adm/gen-11.1/src/ptII11.1.devel/ptolemy/cg/adapter/generic/program/procedural/adapters/ptolemy/actor/lib/gui'
rm -rf *.o *.so *~ *.bak ,* LOG* *.class *.jstmp config.cache config.log config.status manifest.tmp Display.class   gui.jar    
rm -f core
make[12]: Leaving directory '/home/travis/build/icyphy/ptII/adm/gen-11.1/src/ptII11.1.devel/ptolemy/cg/adapter/generic/program/procedural/adapters/ptolemy/actor/lib/gui'
making clean in ptolemy/cg/adapter/generic/program/procedural/adapters/ptolemy/actor/lib/hoc
make[12]: Entering directory '/home/travis/build/icyphy/ptII/adm/gen-11.1/src/ptII11.1.devel/ptolemy/cg/adapter/generic/program/procedural/adapters/ptolemy/actor/lib/hoc'
rm -rf *.o *.so *~ *.bak ,* LOG* *.class *.jstmp config.cache config.log config.status manifest.tmp Case.class CaseDirector.class MultiCompositeActor.class MultiCompositePort.class Refinement.class RefinementPort.class   hoc.jar    
rm -f core
make[12]: Leaving directory '/home/travis/build/icyphy/ptII/adm/gen-11.1/src/ptII11.1.devel/ptolemy/cg/adapter/generic/program/procedural/adapters/ptolemy/actor/lib/hoc'
making clean in ptolemy/cg/adapter/generic/program/procedural/adapters/ptolemy/actor/lib/jjs
make[12]: Entering directory '/home/travis/build/icyphy/ptII/adm/gen-11.1/src/ptII11.1.devel/ptolemy/cg/adapter/generic/program/procedural/adapters/ptolemy/actor/lib/jjs'
rm -rf *.o *.so *~ *.bak ,* LOG* *.class *.jstmp config.cache config.log config.status manifest.tmp JavaScript.class   jjs.jar    
rm -f core
make[12]: Leaving directory '/home/travis/build/icyphy/ptII/adm/gen-11.1/src/ptII11.1.devel/ptolemy/cg/adapter/generic/program/procedural/adapters/ptolemy/actor/lib/jjs'
making clean in ptolemy/cg/adapter/generic/program/procedural/adapters/ptolemy/actor/lib/logic
make[12]: Entering directory '/home/travis/build/icyphy/ptII/adm/gen-11.1/src/ptII11.1.devel/ptolemy/cg/adapter/generic/program/procedural/adapters/ptolemy/actor/lib/logic'
rm -rf *.o *.so *~ *.bak ,* LOG* *.class *.jstmp config.cache config.log config.status manifest.tmp Comparator.class LogicFunction.class   logic.jar    
rm -f core
make[12]: Leaving directory '/home/travis/build/icyphy/ptII/adm/gen-11.1/src/ptII11.1.devel/ptolemy/cg/adapter/generic/program/procedural/adapters/ptolemy/actor/lib/logic'
making clean in ptolemy/cg/adapter/generic/program/procedural/adapters/ptolemy/actor/lib/string
make[12]: Entering directory '/home/travis/build/icyphy/ptII/adm/gen-11.1/src/ptII11.1.devel/ptolemy/cg/adapter/generic/program/procedural/adapters/ptolemy/actor/lib/string'
rm -rf *.o *.so *~ *.bak ,* LOG* *.class *.jstmp config.cache config.log config.status manifest.tmp StringCompare.class StringLength.class string.jar     string.jar 
rm -f core
make[12]: Leaving directory '/home/travis/build/icyphy/ptII/adm/gen-11.1/src/ptII11.1.devel/ptolemy/cg/adapter/generic/program/procedural/adapters/ptolemy/actor/lib/string'
make[11]: Leaving directory '/home/travis/build/icyphy/ptII/adm/gen-11.1/src/ptII11.1.devel/ptolemy/cg/adapter/generic/program/procedural/adapters/ptolemy/actor/lib'
making clean in ptolemy/cg/adapter/generic/program/procedural/adapters/ptolemy/actor/sched
make[11]: Entering directory '/home/travis/build/icyphy/ptII/adm/gen-11.1/src/ptII11.1.devel/ptolemy/cg/adapter/generic/program/procedural/adapters/ptolemy/actor/sched'
rm -rf *.o *.so *~ *.bak ,* LOG* *.class *.jstmp config.cache config.log config.status manifest.tmp StaticSchedulingDirector.class StaticSchedulingDirectorAttributes.class   sched.jar    
rm -f core
make[11]: Leaving directory '/home/travis/build/icyphy/ptII/adm/gen-11.1/src/ptII11.1.devel/ptolemy/cg/adapter/generic/program/procedural/adapters/ptolemy/actor/sched'
make[10]: Leaving directory '/home/travis/build/icyphy/ptII/adm/gen-11.1/src/ptII11.1.devel/ptolemy/cg/adapter/generic/program/procedural/adapters/ptolemy/actor'
making clean in ptolemy/cg/adapter/generic/program/procedural/adapters/ptolemy/domains
make[10]: Entering directory '/home/travis/build/icyphy/ptII/adm/gen-11.1/src/ptII11.1.devel/ptolemy/cg/adapter/generic/program/procedural/adapters/ptolemy/domains'
rm -rf *.o *.so *~ *.bak ,* LOG* *.class *.jstmp config.cache config.log config.status manifest.tmp    domains.jar    
rm -f core
making clean in ptolemy/cg/adapter/generic/program/procedural/adapters/ptolemy/domains/de
make[11]: Entering directory '/home/travis/build/icyphy/ptII/adm/gen-11.1/src/ptII11.1.devel/ptolemy/cg/adapter/generic/program/procedural/adapters/ptolemy/domains/de'
rm -rf *.o *.so *~ *.bak ,* LOG* *.class *.jstmp config.cache config.log config.status manifest.tmp    de.jar    
rm -f core
making clean in ptolemy/cg/adapter/generic/program/procedural/adapters/ptolemy/domains/de/kernel
make[12]: Entering directory '/home/travis/build/icyphy/ptII/adm/gen-11.1/src/ptII11.1.devel/ptolemy/cg/adapter/generic/program/procedural/adapters/ptolemy/domains/de/kernel'
rm -rf *.o *.so *~ *.bak ,* LOG* *.class *.jstmp config.cache config.log config.status manifest.tmp    kernel.jar    
rm -f core
make[12]: Leaving directory '/home/travis/build/icyphy/ptII/adm/gen-11.1/src/ptII11.1.devel/ptolemy/cg/adapter/generic/program/procedural/adapters/ptolemy/domains/de/kernel'
making clean in ptolemy/cg/adapter/generic/program/procedural/adapters/ptolemy/domains/de/lib
make[12]: Entering directory '/home/travis/build/icyphy/ptII/adm/gen-11.1/src/ptII11.1.devel/ptolemy/cg/adapter/generic/program/procedural/adapters/ptolemy/domains/de/lib'
rm -rf *.o *.so *~ *.bak ,* LOG* *.class *.jstmp config.cache config.log config.status manifest.tmp MostRecent.class PID.class Register.class   lib.jar    
rm -f core
make[12]: Leaving directory '/home/travis/build/icyphy/ptII/adm/gen-11.1/src/ptII11.1.devel/ptolemy/cg/adapter/generic/program/procedural/adapters/ptolemy/domains/de/lib'
make[11]: Leaving directory '/home/travis/build/icyphy/ptII/adm/gen-11.1/src/ptII11.1.devel/ptolemy/cg/adapter/generic/program/procedural/adapters/ptolemy/domains/de'
making clean in ptolemy/cg/adapter/generic/program/procedural/adapters/ptolemy/domains/giotto
make[11]: Entering directory '/home/travis/build/icyphy/ptII/adm/gen-11.1/src/ptII11.1.devel/ptolemy/cg/adapter/generic/program/procedural/adapters/ptolemy/domains/giotto'
rm -rf *.o *.so *~ *.bak ,* LOG* *.class *.jstmp config.cache config.log config.status manifest.tmp    giotto.jar    
rm -f core
making clean in ptolemy/cg/adapter/generic/program/procedural/adapters/ptolemy/domains/giotto/kernel
make[12]: Entering directory '/home/travis/build/icyphy/ptII/adm/gen-11.1/src/ptII11.1.devel/ptolemy/cg/adapter/generic/program/procedural/adapters/ptolemy/domains/giotto/kernel'
rm -rf *.o *.so *~ *.bak ,* LOG* *.class *.jstmp config.cache config.log config.status manifest.tmp GiottoReceiver.class   kernel.jar    
rm -f core
make[12]: Leaving directory '/home/travis/build/icyphy/ptII/adm/gen-11.1/src/ptII11.1.devel/ptolemy/cg/adapter/generic/program/procedural/adapters/ptolemy/domains/giotto/kernel'
make[11]: Leaving directory '/home/travis/build/icyphy/ptII/adm/gen-11.1/src/ptII11.1.devel/ptolemy/cg/adapter/generic/program/procedural/adapters/ptolemy/domains/giotto'
making clean in ptolemy/cg/adapter/generic/program/procedural/adapters/ptolemy/domains/modal
make[11]: Entering directory '/home/travis/build/icyphy/ptII/adm/gen-11.1/src/ptII11.1.devel/ptolemy/cg/adapter/generic/program/procedural/adapters/ptolemy/domains/modal'
rm -rf *.o *.so *~ *.bak ,* LOG* *.class *.jstmp config.cache config.log config.status manifest.tmp    modal.jar    
rm -f core
making clean in ptolemy/cg/adapter/generic/program/procedural/adapters/ptolemy/domains/modal/kernel
make[12]: Entering directory '/home/travis/build/icyphy/ptII/adm/gen-11.1/src/ptII11.1.devel/ptolemy/cg/adapter/generic/program/procedural/adapters/ptolemy/domains/modal/kernel'
rm -rf *.o *.so *~ *.bak ,* LOG* *.class *.jstmp config.cache config.log config.status manifest.tmp FSMActor.class FSMDirector.class FSMReceiver.class   kernel.jar    
rm -f core
make[12]: Leaving directory '/home/travis/build/icyphy/ptII/adm/gen-11.1/src/ptII11.1.devel/ptolemy/cg/adapter/generic/program/procedural/adapters/ptolemy/domains/modal/kernel'
making clean in ptolemy/cg/adapter/generic/program/procedural/adapters/ptolemy/domains/modal/modal
make[12]: Entering directory '/home/travis/build/icyphy/ptII/adm/gen-11.1/src/ptII11.1.devel/ptolemy/cg/adapter/generic/program/procedural/adapters/ptolemy/domains/modal/modal'
rm -rf *.o *.so *~ *.bak ,* LOG* *.class *.jstmp config.cache config.log config.status manifest.tmp ModalController.class State.class   modal.jar    
rm -f core
making clean in ptolemy/cg/adapter/generic/program/procedural/adapters/ptolemy/domains/modal/modal/kernel
make[13]: Entering directory '/home/travis/build/icyphy/ptII/adm/gen-11.1/src/ptII11.1.devel/ptolemy/cg/adapter/generic/program/procedural/adapters/ptolemy/domains/modal/modal/kernel'
rm -rf *.o *.so *~ *.bak ,* LOG* *.class *.jstmp config.cache config.log config.status manifest.tmp FSMDirector.class   kernel.jar    
rm -f core
make[13]: Leaving directory '/home/travis/build/icyphy/ptII/adm/gen-11.1/src/ptII11.1.devel/ptolemy/cg/adapter/generic/program/procedural/adapters/ptolemy/domains/modal/modal/kernel'
make[12]: Leaving directory '/home/travis/build/icyphy/ptII/adm/gen-11.1/src/ptII11.1.devel/ptolemy/cg/adapter/generic/program/procedural/adapters/ptolemy/domains/modal/modal'
make[11]: Leaving directory '/home/travis/build/icyphy/ptII/adm/gen-11.1/src/ptII11.1.devel/ptolemy/cg/adapter/generic/program/procedural/adapters/ptolemy/domains/modal'
making clean in ptolemy/cg/adapter/generic/program/procedural/adapters/ptolemy/domains/sdf
make[11]: Entering directory '/home/travis/build/icyphy/ptII/adm/gen-11.1/src/ptII11.1.devel/ptolemy/cg/adapter/generic/program/procedural/adapters/ptolemy/domains/sdf'
rm -rf *.o *.so *~ *.bak ,* LOG* *.class *.jstmp config.cache config.log config.status manifest.tmp    sdf.jar    
rm -f core
making clean in ptolemy/cg/adapter/generic/program/procedural/adapters/ptolemy/domains/sdf/kernel
make[12]: Entering directory '/home/travis/build/icyphy/ptII/adm/gen-11.1/src/ptII11.1.devel/ptolemy/cg/adapter/generic/program/procedural/adapters/ptolemy/domains/sdf/kernel'
rm -rf *.o *.so *~ *.bak ,* LOG* *.class *.jstmp config.cache config.log config.status manifest.tmp SDFDirector.class SDFReceiver.class   kernel.jar    
rm -f core
make[12]: Leaving directory '/home/travis/build/icyphy/ptII/adm/gen-11.1/src/ptII11.1.devel/ptolemy/cg/adapter/generic/program/procedural/adapters/ptolemy/domains/sdf/kernel'
making clean in ptolemy/cg/adapter/generic/program/procedural/adapters/ptolemy/domains/sdf/lib
make[12]: Entering directory '/home/travis/build/icyphy/ptII/adm/gen-11.1/src/ptII11.1.devel/ptolemy/cg/adapter/generic/program/procedural/adapters/ptolemy/domains/sdf/lib'
rm -rf *.o *.so *~ *.bak ,* LOG* *.class *.jstmp config.cache config.log config.status manifest.tmp BootstrapSampleDelay.class DownSample.class FFT.class IFFT.class Repeat.class SampleDelay.class UpSample.class   lib.jar    
rm -f core
make[12]: Leaving directory '/home/travis/build/icyphy/ptII/adm/gen-11.1/src/ptII11.1.devel/ptolemy/cg/adapter/generic/program/procedural/adapters/ptolemy/domains/sdf/lib'
make[11]: Leaving directory '/home/travis/build/icyphy/ptII/adm/gen-11.1/src/ptII11.1.devel/ptolemy/cg/adapter/generic/program/procedural/adapters/ptolemy/domains/sdf'
make[10]: Leaving directory '/home/travis/build/icyphy/ptII/adm/gen-11.1/src/ptII11.1.devel/ptolemy/cg/adapter/generic/program/procedural/adapters/ptolemy/domains'
making clean in ptolemy/cg/adapter/generic/program/procedural/adapters/ptolemy/vergil
make[10]: Entering directory '/home/travis/build/icyphy/ptII/adm/gen-11.1/src/ptII11.1.devel/ptolemy/cg/adapter/generic/program/procedural/adapters/ptolemy/vergil'
rm -rf *.o *.so *~ *.bak ,* LOG* *.class *.jstmp config.cache config.log config.status manifest.tmp    vergil.jar    
rm -f core
making clean in ptolemy/cg/adapter/generic/program/procedural/adapters/ptolemy/actor/vergil/actor
make[11]: Entering directory '/home/travis/build/icyphy/ptII/adm/gen-11.1/src/ptII11.1.devel/ptolemy/cg/adapter/generic/program/procedural/adapters/ptolemy/vergil/actor'
rm -rf *.o *.so *~ *.bak ,* LOG* *.class *.jstmp config.cache config.log config.status manifest.tmp    actor.jar    
rm -f core
making clean in ptolemy/cg/adapter/generic/program/procedural/adapters/ptolemy/actor/vergil/actor/lib
make[12]: Entering directory '/home/travis/build/icyphy/ptII/adm/gen-11.1/src/ptII11.1.devel/ptolemy/cg/adapter/generic/program/procedural/adapters/ptolemy/vergil/actor/lib'
rm -rf *.o *.so *~ *.bak ,* LOG* *.class *.jstmp config.cache config.log config.status manifest.tmp LEDMatrix.class   lib.jar    
rm -f core
make[12]: Leaving directory '/home/travis/build/icyphy/ptII/adm/gen-11.1/src/ptII11.1.devel/ptolemy/cg/adapter/generic/program/procedural/adapters/ptolemy/vergil/actor/lib'
make[11]: Leaving directory '/home/travis/build/icyphy/ptII/adm/gen-11.1/src/ptII11.1.devel/ptolemy/cg/adapter/generic/program/procedural/adapters/ptolemy/vergil/actor'
make[10]: Leaving directory '/home/travis/build/icyphy/ptII/adm/gen-11.1/src/ptII11.1.devel/ptolemy/cg/adapter/generic/program/procedural/adapters/ptolemy/vergil'
make[9]: Leaving directory '/home/travis/build/icyphy/ptII/adm/gen-11.1/src/ptII11.1.devel/ptolemy/cg/adapter/generic/program/procedural/adapters/ptolemy'
make[8]: Leaving directory '/home/travis/build/icyphy/ptII/adm/gen-11.1/src/ptII11.1.devel/ptolemy/cg/adapter/generic/program/procedural/adapters'
making clean in ptolemy/cg/adapter/generic/program/procedural/c
make[8]: Entering directory '/home/travis/build/icyphy/ptII/adm/gen-11.1/src/ptII11.1.devel/ptolemy/cg/adapter/generic/program/procedural/c'
rm -rf *.o *.so *~ *.bak ,* LOG* *.class *.jstmp config.cache config.log config.status manifest.tmp    c.jar    
rm -f core
making clean in ptolemy/cg/adapter/generic/program/procedural/c/adapters
make[9]: Entering directory '/home/travis/build/icyphy/ptII/adm/gen-11.1/src/ptII11.1.devel/ptolemy/cg/adapter/generic/program/procedural/c/adapters'
rm -rf *.o *.so *~ *.bak ,* LOG* *.class *.jstmp config.cache config.log config.status manifest.tmp    adapters.jar    
rm -f core
making clean in ptolemy/cg/adapter/generic/program/procedural/c/adapters/org
make[10]: Entering directory '/home/travis/build/icyphy/ptII/adm/gen-11.1/src/ptII11.1.devel/ptolemy/cg/adapter/generic/program/procedural/c/adapters/org'
rm -rf *.o *.so *~ *.bak ,* LOG* *.class *.jstmp config.cache config.log config.status manifest.tmp    org.jar    
rm -f core
making clean in ptolemy/cg/adapter/generic/program/procedural/c/adapters/org/terraswarm
make[11]: Entering directory '/home/travis/build/icyphy/ptII/adm/gen-11.1/src/ptII11.1.devel/ptolemy/cg/adapter/generic/program/procedural/c/adapters/org/terraswarm'
rm -rf *.o *.so *~ *.bak ,* LOG* *.class *.jstmp config.cache config.log config.status manifest.tmp    terraswarm.jar    
rm -f core
making clean in ptolemy/cg/adapter/generic/program/procedural/c/adapters/org/terraswarm/accessor
make[12]: Entering directory '/home/travis/build/icyphy/ptII/adm/gen-11.1/src/ptII11.1.devel/ptolemy/cg/adapter/generic/program/procedural/c/adapters/org/terraswarm/accessor'
rm -rf *.o *.so *~ *.bak ,* LOG* *.class *.jstmp config.cache config.log config.status manifest.tmp JSAccessor.class accessor.jar     accessor.jar 
rm -f core
make[12]: Leaving directory '/home/travis/build/icyphy/ptII/adm/gen-11.1/src/ptII11.1.devel/ptolemy/cg/adapter/generic/program/procedural/c/adapters/org/terraswarm/accessor'
make[11]: Leaving directory '/home/travis/build/icyphy/ptII/adm/gen-11.1/src/ptII11.1.devel/ptolemy/cg/adapter/generic/program/procedural/c/adapters/org/terraswarm'
make[10]: Leaving directory '/home/travis/build/icyphy/ptII/adm/gen-11.1/src/ptII11.1.devel/ptolemy/cg/adapter/generic/program/procedural/c/adapters/org'
making clean in ptolemy/cg/adapter/generic/program/procedural/c/adapters/ptolemy
make[10]: Entering directory '/home/travis/build/icyphy/ptII/adm/gen-11.1/src/ptII11.1.devel/ptolemy/cg/adapter/generic/program/procedural/c/adapters/ptolemy'
rm -rf *.o *.so *~ *.bak ,* LOG* *.class *.jstmp config.cache config.log config.status manifest.tmp    ptolemy.jar    
rm -f core
making clean in ptolemy/cg/adapter/generic/program/procedural/c/adapters/ptolemy/actor
make[11]: Entering directory '/home/travis/build/icyphy/ptII/adm/gen-11.1/src/ptII11.1.devel/ptolemy/cg/adapter/generic/program/procedural/c/adapters/ptolemy/actor'
rm -rf *.o *.so *~ *.bak ,* LOG* *.class *.jstmp config.cache config.log config.status manifest.tmp IOPort.class TypedCompositeActor.class   actor.jar    
rm -f core
making clean in ptolemy/cg/adapter/generic/program/procedural/c/adapters/ptolemy/actor/lib
make[12]: Entering directory '/home/travis/build/icyphy/ptII/adm/gen-11.1/src/ptII11.1.devel/ptolemy/cg/adapter/generic/program/procedural/c/adapters/ptolemy/actor/lib'
rm -rf *.o *.so *~ *.bak ,* LOG* *.class *.jstmp config.cache config.log config.status manifest.tmp AbsoluteValue.class Accumulator.class AddSubtract.class Bernoulli.class BooleanMultiplexor.class BooleanSwitch.class Const.class CurrentMicrostep.class CurrentTime.class DB.class Differential.class Discard.class DiscreteClock.class Distributor.class Expression.class Gaussian.class Maximum.class MultiplyDivide.class PoissonClock.class Publisher.class Pulse.class Ramp.class RandomSource.class Remainder.class Scale.class Sequence.class SingleEvent.class Subscriber.class Synchronizer.class TimeDelay.class Test.class TrigFunction.class UnaryMathFunction.class   lib.jar    
rm -f core
making clean in ptolemy/cg/adapter/generic/program/procedural/c/adapters/ptolemy/actor/lib/conversions
make[13]: Entering directory '/home/travis/build/icyphy/ptII/adm/gen-11.1/src/ptII11.1.devel/ptolemy/cg/adapter/generic/program/procedural/c/adapters/ptolemy/actor/lib/conversions'
rm -rf *.o *.so *~ *.bak ,* LOG* *.class *.jstmp config.cache config.log config.status manifest.tmp BooleanToAnything.class ComplexToCartesian.class Round.class TokenToExpression.class conversions.jar     conversions.jar 
rm -f core
making clean in ptolemy/cg/adapter/generic/program/procedural/c/adapters/ptolemy/actor/lib/conversions/test
make[14]: Entering directory '/home/travis/build/icyphy/ptII/adm/gen-11.1/src/ptII11.1.devel/ptolemy/cg/adapter/generic/program/procedural/c/adapters/ptolemy/actor/lib/conversions/test'
rm -rf *.o *.so *~ *.bak ,* LOG* *.class *.jstmp config.cache config.log config.status manifest.tmp        
rm -f core
make[14]: Leaving directory '/home/travis/build/icyphy/ptII/adm/gen-11.1/src/ptII11.1.devel/ptolemy/cg/adapter/generic/program/procedural/c/adapters/ptolemy/actor/lib/conversions/test'
make[13]: Leaving directory '/home/travis/build/icyphy/ptII/adm/gen-11.1/src/ptII11.1.devel/ptolemy/cg/adapter/generic/program/procedural/c/adapters/ptolemy/actor/lib/conversions'
making clean in ptolemy/cg/adapter/generic/program/procedural/c/adapters/ptolemy/actor/lib/gui
make[13]: Entering directory '/home/travis/build/icyphy/ptII/adm/gen-11.1/src/ptII11.1.devel/ptolemy/cg/adapter/generic/program/procedural/c/adapters/ptolemy/actor/lib/gui'
rm -rf *.o *.so *~ *.bak ,* LOG* *.class *.jstmp config.cache config.log config.status manifest.tmp Display.class gui.jar     gui.jar 
rm -f core
making clean in ptolemy/cg/adapter/generic/program/procedural/c/adapters/ptolemy/actor/lib/gui/test
make[14]: Entering directory '/home/travis/build/icyphy/ptII/adm/gen-11.1/src/ptII11.1.devel/ptolemy/cg/adapter/generic/program/procedural/c/adapters/ptolemy/actor/lib/gui/test'
rm -rf *.o *.so *~ *.bak ,* LOG* *.class *.jstmp config.cache config.log config.status manifest.tmp        
rm -f core
make[14]: Leaving directory '/home/travis/build/icyphy/ptII/adm/gen-11.1/src/ptII11.1.devel/ptolemy/cg/adapter/generic/program/procedural/c/adapters/ptolemy/actor/lib/gui/test'
make[13]: Leaving directory '/home/travis/build/icyphy/ptII/adm/gen-11.1/src/ptII11.1.devel/ptolemy/cg/adapter/generic/program/procedural/c/adapters/ptolemy/actor/lib/gui'
making clean in ptolemy/cg/adapter/generic/program/procedural/c/adapters/ptolemy/actor/lib/logic
make[13]: Entering directory '/home/travis/build/icyphy/ptII/adm/gen-11.1/src/ptII11.1.devel/ptolemy/cg/adapter/generic/program/procedural/c/adapters/ptolemy/actor/lib/logic'
rm -rf *.o *.so *~ *.bak ,* LOG* *.class *.jstmp config.cache config.log config.status manifest.tmp Comparator.class TrueGate.class logic.jar     logic.jar 
rm -f core
making clean in ptolemy/cg/adapter/generic/program/procedural/c/adapters/ptolemy/actor/lib/logic/test
make[14]: Entering directory '/home/travis/build/icyphy/ptII/adm/gen-11.1/src/ptII11.1.devel/ptolemy/cg/adapter/generic/program/procedural/c/adapters/ptolemy/actor/lib/logic/test'
rm -rf *.o *.so *~ *.bak ,* LOG* *.class *.jstmp config.cache config.log config.status manifest.tmp        
rm -f core
make[14]: Leaving directory '/home/travis/build/icyphy/ptII/adm/gen-11.1/src/ptII11.1.devel/ptolemy/cg/adapter/generic/program/procedural/c/adapters/ptolemy/actor/lib/logic/test'
make[13]: Leaving directory '/home/travis/build/icyphy/ptII/adm/gen-11.1/src/ptII11.1.devel/ptolemy/cg/adapter/generic/program/procedural/c/adapters/ptolemy/actor/lib/logic'
making clean in ptolemy/cg/adapter/generic/program/procedural/c/adapters/ptolemy/actor/lib/string
make[13]: Entering directory '/home/travis/build/icyphy/ptII/adm/gen-11.1/src/ptII11.1.devel/ptolemy/cg/adapter/generic/program/procedural/c/adapters/ptolemy/actor/lib/string'
rm -rf *.o *.so *~ *.bak ,* LOG* *.class *.jstmp config.cache config.log config.status manifest.tmp StringCompare.class StringLength.class string.jar     string.jar 
rm -f core
making clean in ptolemy/cg/adapter/generic/program/procedural/c/adapters/ptolemy/actor/lib/string/test
make[14]: Entering directory '/home/travis/build/icyphy/ptII/adm/gen-11.1/src/ptII11.1.devel/ptolemy/cg/adapter/generic/program/procedural/c/adapters/ptolemy/actor/lib/string/test'
rm -rf *.o *.so *~ *.bak ,* LOG* *.class *.jstmp config.cache config.log config.status manifest.tmp        
rm -f core
make[14]: Leaving directory '/home/travis/build/icyphy/ptII/adm/gen-11.1/src/ptII11.1.devel/ptolemy/cg/adapter/generic/program/procedural/c/adapters/ptolemy/actor/lib/string/test'
make[13]: Leaving directory '/home/travis/build/icyphy/ptII/adm/gen-11.1/src/ptII11.1.devel/ptolemy/cg/adapter/generic/program/procedural/c/adapters/ptolemy/actor/lib/string'
making clean in ptolemy/cg/adapter/generic/program/procedural/c/adapters/ptolemy/actor/lib/test
make[13]: Entering directory '/home/travis/build/icyphy/ptII/adm/gen-11.1/src/ptII11.1.devel/ptolemy/cg/adapter/generic/program/procedural/c/adapters/ptolemy/actor/lib/test'
rm -rf *.o *.so *~ *.bak ,* LOG* *.class *.jstmp config.cache config.log config.status manifest.tmp        
rm -f core
make[13]: Leaving directory '/home/travis/build/icyphy/ptII/adm/gen-11.1/src/ptII11.1.devel/ptolemy/cg/adapter/generic/program/procedural/c/adapters/ptolemy/actor/lib/test'
make[12]: Leaving directory '/home/travis/build/icyphy/ptII/adm/gen-11.1/src/ptII11.1.devel/ptolemy/cg/adapter/generic/program/procedural/c/adapters/ptolemy/actor/lib'
make[11]: Leaving directory '/home/travis/build/icyphy/ptII/adm/gen-11.1/src/ptII11.1.devel/ptolemy/cg/adapter/generic/program/procedural/c/adapters/ptolemy/actor'
making clean in ptolemy/cg/adapter/generic/program/procedural/c/adapters/ptolemy/cg
make[11]: Entering directory '/home/travis/build/icyphy/ptII/adm/gen-11.1/src/ptII11.1.devel/ptolemy/cg/adapter/generic/program/procedural/c/adapters/ptolemy/cg'
rm -rf *.o *.so *~ *.bak ,* LOG* *.class *.jstmp config.cache config.log config.status manifest.tmp    cg.jar    
rm -f core
making clean in ptolemy/cg/adapter/generic/program/procedural/c/adapters/ptolemy/cg/lib
make[12]: Entering directory '/home/travis/build/icyphy/ptII/adm/gen-11.1/src/ptII11.1.devel/ptolemy/cg/adapter/generic/program/procedural/c/adapters/ptolemy/cg/lib'
rm -rf *.o *.so *~ *.bak ,* LOG* *.class *.jstmp config.cache config.log config.status manifest.tmp CompiledCompositeActor.class EmbeddedCodeActor.class   lib.jar    
rm -f core
make[12]: Leaving directory '/home/travis/build/icyphy/ptII/adm/gen-11.1/src/ptII11.1.devel/ptolemy/cg/adapter/generic/program/procedural/c/adapters/ptolemy/cg/lib'
make[11]: Leaving directory '/home/travis/build/icyphy/ptII/adm/gen-11.1/src/ptII11.1.devel/ptolemy/cg/adapter/generic/program/procedural/c/adapters/ptolemy/cg'
making clean in ptolemy/cg/adapter/generic/program/procedural/c/adapters/ptolemy/domains
make[11]: Entering directory '/home/travis/build/icyphy/ptII/adm/gen-11.1/src/ptII11.1.devel/ptolemy/cg/adapter/generic/program/procedural/c/adapters/ptolemy/domains'
rm -rf *.o *.so *~ *.bak ,* LOG* *.class *.jstmp config.cache config.log config.status manifest.tmp    domains.jar    
rm -f core
making clean in ptolemy/cg/adapter/generic/program/procedural/c/adapters/ptolemy/domains/de
make[12]: Entering directory '/home/travis/build/icyphy/ptII/adm/gen-11.1/src/ptII11.1.devel/ptolemy/cg/adapter/generic/program/procedural/c/adapters/ptolemy/domains/de'
rm -rf *.o *.so *~ *.bak ,* LOG* *.class *.jstmp config.cache config.log config.status manifest.tmp    de.jar    
rm -f core
making clean in ptolemy/cg/adapter/generic/program/procedural/c/adapters/ptolemy/domains/de/kernel
make[13]: Entering directory '/home/travis/build/icyphy/ptII/adm/gen-11.1/src/ptII11.1.devel/ptolemy/cg/adapter/generic/program/procedural/c/adapters/ptolemy/domains/de/kernel'
rm -rf *.o *.so *~ *.bak ,* LOG* *.class *.jstmp config.cache config.log config.status manifest.tmp DEDirector.class DEReceiver.class   kernel.jar    
rm -f core
make[13]: Leaving directory '/home/travis/build/icyphy/ptII/adm/gen-11.1/src/ptII11.1.devel/ptolemy/cg/adapter/generic/program/procedural/c/adapters/ptolemy/domains/de/kernel'
making clean in ptolemy/cg/adapter/generic/program/procedural/c/adapters/ptolemy/domains/de/lib
make[13]: Entering directory '/home/travis/build/icyphy/ptII/adm/gen-11.1/src/ptII11.1.devel/ptolemy/cg/adapter/generic/program/procedural/c/adapters/ptolemy/domains/de/lib'
rm -rf *.o *.so *~ *.bak ,* LOG* *.class *.jstmp config.cache config.log config.status manifest.tmp Merge.class MostRecent.class PID.class Previous.class Register.class TimeCompare.class TimeGap.class VariableDelay.class   lib.jar    
rm -f core
making clean in ptolemy/cg/adapter/generic/program/procedural/c/adapters/ptolemy/domains/de/lib/test
make[14]: Entering directory '/home/travis/build/icyphy/ptII/adm/gen-11.1/src/ptII11.1.devel/ptolemy/cg/adapter/generic/program/procedural/c/adapters/ptolemy/domains/de/lib/test'
rm -rf *.o *.so *~ *.bak ,* LOG* *.class *.jstmp config.cache config.log config.status manifest.tmp        
rm -f core
make[14]: Leaving directory '/home/travis/build/icyphy/ptII/adm/gen-11.1/src/ptII11.1.devel/ptolemy/cg/adapter/generic/program/procedural/c/adapters/ptolemy/domains/de/lib/test'
make[13]: Leaving directory '/home/travis/build/icyphy/ptII/adm/gen-11.1/src/ptII11.1.devel/ptolemy/cg/adapter/generic/program/procedural/c/adapters/ptolemy/domains/de/lib'
make[12]: Leaving directory '/home/travis/build/icyphy/ptII/adm/gen-11.1/src/ptII11.1.devel/ptolemy/cg/adapter/generic/program/procedural/c/adapters/ptolemy/domains/de'
making clean in ptolemy/cg/adapter/generic/program/procedural/c/adapters/ptolemy/domains/modal
make[12]: Entering directory '/home/travis/build/icyphy/ptII/adm/gen-11.1/src/ptII11.1.devel/ptolemy/cg/adapter/generic/program/procedural/c/adapters/ptolemy/domains/modal'
rm -rf *.o *.so *~ *.bak ,* LOG* *.class *.jstmp config.cache config.log config.status manifest.tmp    modal.jar    
rm -f core
making clean in ptolemy/cg/adapter/generic/program/procedural/c/adapters/ptolemy/domains/modal/kernel
make[13]: Entering directory '/home/travis/build/icyphy/ptII/adm/gen-11.1/src/ptII11.1.devel/ptolemy/cg/adapter/generic/program/procedural/c/adapters/ptolemy/domains/modal/kernel'
rm -rf *.o *.so *~ *.bak ,* LOG* *.class *.jstmp config.cache config.log config.status manifest.tmp FSMActor.class FSMDirector.class FSMReceiver.class kernel.jar     kernel.jar 
rm -f core
make[13]: Leaving directory '/home/travis/build/icyphy/ptII/adm/gen-11.1/src/ptII11.1.devel/ptolemy/cg/adapter/generic/program/procedural/c/adapters/ptolemy/domains/modal/kernel'
making clean in ptolemy/cg/adapter/generic/program/procedural/c/adapters/ptolemy/domains/modal/modal
make[13]: Entering directory '/home/travis/build/icyphy/ptII/adm/gen-11.1/src/ptII11.1.devel/ptolemy/cg/adapter/generic/program/procedural/c/adapters/ptolemy/domains/modal/modal'
rm -rf *.o *.so *~ *.bak ,* LOG* *.class *.jstmp config.cache config.log config.status manifest.tmp ModalController.class modal.jar     modal.jar 
rm -f core
make[13]: Leaving directory '/home/travis/build/icyphy/ptII/adm/gen-11.1/src/ptII11.1.devel/ptolemy/cg/adapter/generic/program/procedural/c/adapters/ptolemy/domains/modal/modal'
making clean in ptolemy/cg/adapter/generic/program/procedural/c/adapters/ptolemy/domains/modal/test
make[13]: Entering directory '/home/travis/build/icyphy/ptII/adm/gen-11.1/src/ptII11.1.devel/ptolemy/cg/adapter/generic/program/procedural/c/adapters/ptolemy/domains/modal/test'
rm -rf *.o *.so *~ *.bak ,* LOG* *.class *.jstmp config.cache config.log config.status manifest.tmp        
rm -f core
make[13]: Leaving directory '/home/travis/build/icyphy/ptII/adm/gen-11.1/src/ptII11.1.devel/ptolemy/cg/adapter/generic/program/procedural/c/adapters/ptolemy/domains/modal/test'
make[12]: Leaving directory '/home/travis/build/icyphy/ptII/adm/gen-11.1/src/ptII11.1.devel/ptolemy/cg/adapter/generic/program/procedural/c/adapters/ptolemy/domains/modal'
making clean in ptolemy/cg/adapter/generic/program/procedural/c/adapters/ptolemy/domains/sdf
make[12]: Entering directory '/home/travis/build/icyphy/ptII/adm/gen-11.1/src/ptII11.1.devel/ptolemy/cg/adapter/generic/program/procedural/c/adapters/ptolemy/domains/sdf'
rm -rf *.o *.so *~ *.bak ,* LOG* *.class *.jstmp config.cache config.log config.status manifest.tmp    sdf.jar    
rm -f core
making clean in ptolemy/cg/adapter/generic/program/procedural/c/adapters/ptolemy/domains/sdf/kernel
make[13]: Entering directory '/home/travis/build/icyphy/ptII/adm/gen-11.1/src/ptII11.1.devel/ptolemy/cg/adapter/generic/program/procedural/c/adapters/ptolemy/domains/sdf/kernel'
rm -rf *.o *.so *~ *.bak ,* LOG* *.class *.jstmp config.cache config.log config.status manifest.tmp SDFDirector.class SDFReceiver.class   kernel.jar    
rm -f core
make[13]: Leaving directory '/home/travis/build/icyphy/ptII/adm/gen-11.1/src/ptII11.1.devel/ptolemy/cg/adapter/generic/program/procedural/c/adapters/ptolemy/domains/sdf/kernel'
making clean in ptolemy/cg/adapter/generic/program/procedural/c/adapters/ptolemy/domains/sdf/lib
make[13]: Entering directory '/home/travis/build/icyphy/ptII/adm/gen-11.1/src/ptII11.1.devel/ptolemy/cg/adapter/generic/program/procedural/c/adapters/ptolemy/domains/sdf/lib'
rm -rf *.o *.so *~ *.bak ,* LOG* *.class *.jstmp config.cache config.log config.status manifest.tmp SampleDelay.class   lib.jar    
rm -f core
making clean in ptolemy/cg/adapter/generic/program/procedural/c/adapters/ptolemy/domains/sdf/lib/test
make[14]: Entering directory '/home/travis/build/icyphy/ptII/adm/gen-11.1/src/ptII11.1.devel/ptolemy/cg/adapter/generic/program/procedural/c/adapters/ptolemy/domains/sdf/lib/test'
rm -rf *.o *.so *~ *.bak ,* LOG* *.class *.jstmp config.cache config.log config.status manifest.tmp        
rm -f core
make[14]: Leaving directory '/home/travis/build/icyphy/ptII/adm/gen-11.1/src/ptII11.1.devel/ptolemy/cg/adapter/generic/program/procedural/c/adapters/ptolemy/domains/sdf/lib/test'
make[13]: Leaving directory '/home/travis/build/icyphy/ptII/adm/gen-11.1/src/ptII11.1.devel/ptolemy/cg/adapter/generic/program/procedural/c/adapters/ptolemy/domains/sdf/lib'
make[12]: Leaving directory '/home/travis/build/icyphy/ptII/adm/gen-11.1/src/ptII11.1.devel/ptolemy/cg/adapter/generic/program/procedural/c/adapters/ptolemy/domains/sdf'
making clean in ptolemy/cg/adapter/generic/program/procedural/c/adapters/ptolemy/domains/ptides
make[12]: Entering directory '/home/travis/build/icyphy/ptII/adm/gen-11.1/src/ptII11.1.devel/ptolemy/cg/adapter/generic/program/procedural/c/adapters/ptolemy/domains/ptides'
rm -rf *.o *.so *~ *.bak ,* LOG* *.class *.jstmp config.cache config.log config.status manifest.tmp    ptides.jar    
rm -f core
making clean in ptolemy/cg/adapter/generic/program/procedural/c/adapters/ptolemy/domains/ptides/kernel
make[13]: Entering directory '/home/travis/build/icyphy/ptII/adm/gen-11.1/src/ptII11.1.devel/ptolemy/cg/adapter/generic/program/procedural/c/adapters/ptolemy/domains/ptides/kernel'
rm -rf *.o *.so *~ *.bak ,* LOG* *.class *.jstmp config.cache config.log config.status manifest.tmp PtidesBasicReceiver.class PtidesDirector.class PtidesPreemptiveEDFDirector.class PtidesTopLevelDirector.class kernel.jar     kernel.jar 
rm -f core
make[13]: Leaving directory '/home/travis/build/icyphy/ptII/adm/gen-11.1/src/ptII11.1.devel/ptolemy/cg/adapter/generic/program/procedural/c/adapters/ptolemy/domains/ptides/kernel'
making clean in ptolemy/cg/adapter/generic/program/procedural/c/adapters/ptolemy/domains/ptides/lib
make[13]: Entering directory '/home/travis/build/icyphy/ptII/adm/gen-11.1/src/ptII11.1.devel/ptolemy/cg/adapter/generic/program/procedural/c/adapters/ptolemy/domains/ptides/lib'
rm -rf *.o *.so *~ *.bak ,* LOG* *.class *.jstmp config.cache config.log config.status manifest.tmp ActuatorSetup.class InputDevice.class OutputDevice.class SensorHandler.class lib.jar     lib.jar 
rm -f core
making clean in ptolemy/cg/adapter/generic/program/procedural/c/adapters/ptolemy/domains/ptides/lib/test
make[14]: Entering directory '/home/travis/build/icyphy/ptII/adm/gen-11.1/src/ptII11.1.devel/ptolemy/cg/adapter/generic/program/procedural/c/adapters/ptolemy/domains/ptides/lib/test'
rm -rf *.o *.so *~ *.bak ,* LOG* *.class *.jstmp config.cache config.log config.status manifest.tmp        
rm -f core
make[14]: Leaving directory '/home/travis/build/icyphy/ptII/adm/gen-11.1/src/ptII11.1.devel/ptolemy/cg/adapter/generic/program/procedural/c/adapters/ptolemy/domains/ptides/lib/test'
make[13]: Leaving directory '/home/travis/build/icyphy/ptII/adm/gen-11.1/src/ptII11.1.devel/ptolemy/cg/adapter/generic/program/procedural/c/adapters/ptolemy/domains/ptides/lib'
make[12]: Leaving directory '/home/travis/build/icyphy/ptII/adm/gen-11.1/src/ptII11.1.devel/ptolemy/cg/adapter/generic/program/procedural/c/adapters/ptolemy/domains/ptides'
make[11]: Leaving directory '/home/travis/build/icyphy/ptII/adm/gen-11.1/src/ptII11.1.devel/ptolemy/cg/adapter/generic/program/procedural/c/adapters/ptolemy/domains'
make[10]: Leaving directory '/home/travis/build/icyphy/ptII/adm/gen-11.1/src/ptII11.1.devel/ptolemy/cg/adapter/generic/program/procedural/c/adapters/ptolemy'
make[9]: Leaving directory '/home/travis/build/icyphy/ptII/adm/gen-11.1/src/ptII11.1.devel/ptolemy/cg/adapter/generic/program/procedural/c/adapters'
making clean in ptolemy/cg/adapter/generic/program/procedural/c/arduino
make[9]: Entering directory '/home/travis/build/icyphy/ptII/adm/gen-11.1/src/ptII11.1.devel/ptolemy/cg/adapter/generic/program/procedural/c/arduino'
rm -rf *.o *.so *~ *.bak ,* LOG* *.class *.jstmp config.cache config.log config.status manifest.tmp    arduino.jar    
rm -f core
making clean in ptolemy/cg/adapter/generic/program/procedural/c/arduino/adapters
make[10]: Entering directory '/home/travis/build/icyphy/ptII/adm/gen-11.1/src/ptII11.1.devel/ptolemy/cg/adapter/generic/program/procedural/c/arduino/adapters'
rm -rf *.o *.so *~ *.bak ,* LOG* *.class *.jstmp config.cache config.log config.status manifest.tmp    adapters.jar    
rm -f core
making clean in ptolemy/cg/adapter/generic/program/procedural/c/arduino/adapters/ptolemy
make[11]: Entering directory '/home/travis/build/icyphy/ptII/adm/gen-11.1/src/ptII11.1.devel/ptolemy/cg/adapter/generic/program/procedural/c/arduino/adapters/ptolemy'
rm -rf *.o *.so *~ *.bak ,* LOG* *.class *.jstmp config.cache config.log config.status manifest.tmp    ptolemy.jar    
rm -f core
making clean in ptolemy/cg/adapter/generic/program/procedural/c/arduino/adapters/ptolemy/actor
make[12]: Entering directory '/home/travis/build/icyphy/ptII/adm/gen-11.1/src/ptII11.1.devel/ptolemy/cg/adapter/generic/program/procedural/c/arduino/adapters/ptolemy/actor'
rm -rf *.o *.so *~ *.bak ,* LOG* *.class *.jstmp config.cache config.log config.status manifest.tmp    actor.jar    
rm -f core
making clean in ptolemy/cg/adapter/generic/program/procedural/c/arduino/adapters/ptolemy/actor/lib
make[13]: Entering directory '/home/travis/build/icyphy/ptII/adm/gen-11.1/src/ptII11.1.devel/ptolemy/cg/adapter/generic/program/procedural/c/arduino/adapters/ptolemy/actor/lib'
rm -rf *.o *.so *~ *.bak ,* LOG* *.class *.jstmp config.cache config.log config.status manifest.tmp  lib.jar     lib.jar 
rm -f core
making clean in ptolemy/cg/adapter/generic/program/procedural/c/arduino/adapters/ptolemy/actor/lib/gui
make[14]: Entering directory '/home/travis/build/icyphy/ptII/adm/gen-11.1/src/ptII11.1.devel/ptolemy/cg/adapter/generic/program/procedural/c/arduino/adapters/ptolemy/actor/lib/gui'
rm -rf *.o *.so *~ *.bak ,* LOG* *.class *.jstmp config.cache config.log config.status manifest.tmp Display.class gui.jar     gui.jar 
rm -f core
making clean in ptolemy/cg/adapter/generic/program/procedural/c/arduino/adapters/ptolemy/actor/lib/gui/test
make[15]: Entering directory '/home/travis/build/icyphy/ptII/adm/gen-11.1/src/ptII11.1.devel/ptolemy/cg/adapter/generic/program/procedural/c/arduino/adapters/ptolemy/actor/lib/gui/test'
rm -rf *.o *.so *~ *.bak ,* LOG* *.class *.jstmp config.cache config.log config.status manifest.tmp        
rm -f core
make[15]: Leaving directory '/home/travis/build/icyphy/ptII/adm/gen-11.1/src/ptII11.1.devel/ptolemy/cg/adapter/generic/program/procedural/c/arduino/adapters/ptolemy/actor/lib/gui/test'
make[14]: Leaving directory '/home/travis/build/icyphy/ptII/adm/gen-11.1/src/ptII11.1.devel/ptolemy/cg/adapter/generic/program/procedural/c/arduino/adapters/ptolemy/actor/lib/gui'
make[13]: Leaving directory '/home/travis/build/icyphy/ptII/adm/gen-11.1/src/ptII11.1.devel/ptolemy/cg/adapter/generic/program/procedural/c/arduino/adapters/ptolemy/actor/lib'
make[12]: Leaving directory '/home/travis/build/icyphy/ptII/adm/gen-11.1/src/ptII11.1.devel/ptolemy/cg/adapter/generic/program/procedural/c/arduino/adapters/ptolemy/actor'
making clean in ptolemy/cg/adapter/generic/program/procedural/c/arduino/adapters/ptolemy/vergil
make[12]: Entering directory '/home/travis/build/icyphy/ptII/adm/gen-11.1/src/ptII11.1.devel/ptolemy/cg/adapter/generic/program/procedural/c/arduino/adapters/ptolemy/vergil'
rm -rf *.o *.so *~ *.bak ,* LOG* *.class *.jstmp config.cache config.log config.status manifest.tmp    vergil.jar    
rm -f core
making clean in ptolemy/cg/adapter/generic/program/procedural/c/arduino/adapters/ptolemy/vergil/actor
make[13]: Entering directory '/home/travis/build/icyphy/ptII/adm/gen-11.1/src/ptII11.1.devel/ptolemy/cg/adapter/generic/program/procedural/c/arduino/adapters/ptolemy/vergil/actor'
rm -rf *.o *.so *~ *.bak ,* LOG* *.class *.jstmp config.cache config.log config.status manifest.tmp    actor.jar    
rm -f core
making clean in ptolemy/cg/adapter/generic/program/procedural/c/arduino/adapters/ptolemy/vergil/actor/lib
make[14]: Entering directory '/home/travis/build/icyphy/ptII/adm/gen-11.1/src/ptII11.1.devel/ptolemy/cg/adapter/generic/program/procedural/c/arduino/adapters/ptolemy/vergil/actor/lib'
rm -rf *.o *.so *~ *.bak ,* LOG* *.class *.jstmp config.cache config.log config.status manifest.tmp  lib.jar     lib.jar 
rm -f core
making clean in ptolemy/cg/adapter/generic/program/procedural/c/arduino/adapters/ptolemy/vergil/actor/lib/demo
make[15]: Entering directory '/home/travis/build/icyphy/ptII/adm/gen-11.1/src/ptII11.1.devel/ptolemy/cg/adapter/generic/program/procedural/c/arduino/adapters/ptolemy/vergil/actor/lib/demo'
rm -rf *.o *.so *~ *.bak ,* LOG* *.class *.jstmp config.cache config.log config.status manifest.tmp    demo.jar    
rm -f core
making clean in ptolemy/cg/adapter/generic/program/procedural/c/arduino/adapters/ptolemy/vergil/actor/lib/demo/Blink
make[16]: Entering directory '/home/travis/build/icyphy/ptII/adm/gen-11.1/src/ptII11.1.devel/ptolemy/cg/adapter/generic/program/procedural/c/arduino/adapters/ptolemy/vergil/actor/lib/demo/Blink'
rm -rf *.o *.so *~ *.bak ,* LOG* *.class *.jstmp config.cache config.log config.status manifest.tmp  Blink.jar     Blink.jar 
rm -f core
make[16]: Leaving directory '/home/travis/build/icyphy/ptII/adm/gen-11.1/src/ptII11.1.devel/ptolemy/cg/adapter/generic/program/procedural/c/arduino/adapters/ptolemy/vergil/actor/lib/demo/Blink'
making clean in ptolemy/cg/adapter/generic/program/procedural/c/arduino/adapters/ptolemy/vergil/actor/lib/demo/Life
make[16]: Entering directory '/home/travis/build/icyphy/ptII/adm/gen-11.1/src/ptII11.1.devel/ptolemy/cg/adapter/generic/program/procedural/c/arduino/adapters/ptolemy/vergil/actor/lib/demo/Life'
rm -rf *.o *.so *~ *.bak ,* LOG* *.class *.jstmp config.cache config.log config.status manifest.tmp  Life.jar     Life.jar 
rm -f core
make[16]: Leaving directory '/home/travis/build/icyphy/ptII/adm/gen-11.1/src/ptII11.1.devel/ptolemy/cg/adapter/generic/program/procedural/c/arduino/adapters/ptolemy/vergil/actor/lib/demo/Life'
making clean in ptolemy/cg/adapter/generic/program/procedural/c/arduino/adapters/ptolemy/vergil/actor/lib/demo/Ultrasonic
make[16]: Entering directory '/home/travis/build/icyphy/ptII/adm/gen-11.1/src/ptII11.1.devel/ptolemy/cg/adapter/generic/program/procedural/c/arduino/adapters/ptolemy/vergil/actor/lib/demo/Ultrasonic'
rm -rf *.o *.so *~ *.bak ,* LOG* *.class *.jstmp config.cache config.log config.status manifest.tmp  Ultrasonic.jar     Ultrasonic.jar 
rm -f core
make[16]: Leaving directory '/home/travis/build/icyphy/ptII/adm/gen-11.1/src/ptII11.1.devel/ptolemy/cg/adapter/generic/program/procedural/c/arduino/adapters/ptolemy/vergil/actor/lib/demo/Ultrasonic'
make[15]: Leaving directory '/home/travis/build/icyphy/ptII/adm/gen-11.1/src/ptII11.1.devel/ptolemy/cg/adapter/generic/program/procedural/c/arduino/adapters/ptolemy/vergil/actor/lib/demo'
make[14]: Leaving directory '/home/travis/build/icyphy/ptII/adm/gen-11.1/src/ptII11.1.devel/ptolemy/cg/adapter/generic/program/procedural/c/arduino/adapters/ptolemy/vergil/actor/lib'
make[13]: Leaving directory '/home/travis/build/icyphy/ptII/adm/gen-11.1/src/ptII11.1.devel/ptolemy/cg/adapter/generic/program/procedural/c/arduino/adapters/ptolemy/vergil/actor'
make[12]: Leaving directory '/home/travis/build/icyphy/ptII/adm/gen-11.1/src/ptII11.1.devel/ptolemy/cg/adapter/generic/program/procedural/c/arduino/adapters/ptolemy/vergil'
make[11]: Leaving directory '/home/travis/build/icyphy/ptII/adm/gen-11.1/src/ptII11.1.devel/ptolemy/cg/adapter/generic/program/procedural/c/arduino/adapters/ptolemy'
make[10]: Leaving directory '/home/travis/build/icyphy/ptII/adm/gen-11.1/src/ptII11.1.devel/ptolemy/cg/adapter/generic/program/procedural/c/arduino/adapters'
make[9]: Leaving directory '/home/travis/build/icyphy/ptII/adm/gen-11.1/src/ptII11.1.devel/ptolemy/cg/adapter/generic/program/procedural/c/arduino'
making clean in ptolemy/cg/adapter/generic/program/procedural/c/duktape
make[9]: Entering directory '/home/travis/build/icyphy/ptII/adm/gen-11.1/src/ptII11.1.devel/ptolemy/cg/adapter/generic/program/procedural/c/duktape'
rm -rf *.o *.so *~ *.bak ,* LOG* *.class *.jstmp config.cache config.log config.status manifest.tmp    duktape.jar    
rm -f core
making clean in ptolemy/cg/adapter/generic/program/procedural/c/duktape/adapters
make[10]: Entering directory '/home/travis/build/icyphy/ptII/adm/gen-11.1/src/ptII11.1.devel/ptolemy/cg/adapter/generic/program/procedural/c/duktape/adapters'
rm -rf *.o *.so *~ *.bak ,* LOG* *.class *.jstmp config.cache config.log config.status manifest.tmp    adapters.jar    
rm -f core
making clean in ptolemy/cg/adapter/generic/program/procedural/c/duktape/adapters/org
make[11]: Entering directory '/home/travis/build/icyphy/ptII/adm/gen-11.1/src/ptII11.1.devel/ptolemy/cg/adapter/generic/program/procedural/c/duktape/adapters/org'
rm -rf *.o *.so *~ *.bak ,* LOG* *.class *.jstmp config.cache config.log config.status manifest.tmp    org.jar    
rm -f core
making clean in ptolemy/cg/adapter/generic/program/procedural/c/duktape/adapters/org/terraswarm
make[12]: Entering directory '/home/travis/build/icyphy/ptII/adm/gen-11.1/src/ptII11.1.devel/ptolemy/cg/adapter/generic/program/procedural/c/duktape/adapters/org/terraswarm'
rm -rf *.o *.so *~ *.bak ,* LOG* *.class *.jstmp config.cache config.log config.status manifest.tmp    terraswarm.jar    
rm -f core
making clean in ptolemy/cg/adapter/generic/program/procedural/c/duktape/adapters/org/terraswarm/accessor
make[13]: Entering directory '/home/travis/build/icyphy/ptII/adm/gen-11.1/src/ptII11.1.devel/ptolemy/cg/adapter/generic/program/procedural/c/duktape/adapters/org/terraswarm/accessor'
rm -rf *.o *.so *~ *.bak ,* LOG* *.class *.jstmp config.cache config.log config.status manifest.tmp JSAccessor.class accessor.jar     accessor.jar 
rm -f core
make[13]: Leaving directory '/home/travis/build/icyphy/ptII/adm/gen-11.1/src/ptII11.1.devel/ptolemy/cg/adapter/generic/program/procedural/c/duktape/adapters/org/terraswarm/accessor'
make[12]: Leaving directory '/home/travis/build/icyphy/ptII/adm/gen-11.1/src/ptII11.1.devel/ptolemy/cg/adapter/generic/program/procedural/c/duktape/adapters/org/terraswarm'
make[11]: Leaving directory '/home/travis/build/icyphy/ptII/adm/gen-11.1/src/ptII11.1.devel/ptolemy/cg/adapter/generic/program/procedural/c/duktape/adapters/org'
making clean in ptolemy/cg/adapter/generic/program/procedural/c/duktape/adapters/ptolemy
make[11]: Entering directory '/home/travis/build/icyphy/ptII/adm/gen-11.1/src/ptII11.1.devel/ptolemy/cg/adapter/generic/program/procedural/c/duktape/adapters/ptolemy'
rm -rf *.o *.so *~ *.bak ,* LOG* *.class *.jstmp config.cache config.log config.status manifest.tmp    ptolemy.jar    
rm -f core
making clean in ptolemy/cg/adapter/generic/program/procedural/c/duktape/adapters/ptolemy/actor
make[12]: Entering directory '/home/travis/build/icyphy/ptII/adm/gen-11.1/src/ptII11.1.devel/ptolemy/cg/adapter/generic/program/procedural/c/duktape/adapters/ptolemy/actor'
rm -rf *.o *.so *~ *.bak ,* LOG* *.class *.jstmp config.cache config.log config.status manifest.tmp    actor.jar    
rm -f core
making clean in ptolemy/cg/adapter/generic/program/procedural/c/duktape/adapters/ptolemy/actor/lib
make[13]: Entering directory '/home/travis/build/icyphy/ptII/adm/gen-11.1/src/ptII11.1.devel/ptolemy/cg/adapter/generic/program/procedural/c/duktape/adapters/ptolemy/actor/lib'
rm -rf *.o *.so *~ *.bak ,* LOG* *.class *.jstmp config.cache config.log config.status manifest.tmp  lib.jar     lib.jar 
rm -f core
making clean in ptolemy/cg/adapter/generic/program/procedural/c/duktape/adapters/ptolemy/actor/lib/gui
make[14]: Entering directory '/home/travis/build/icyphy/ptII/adm/gen-11.1/src/ptII11.1.devel/ptolemy/cg/adapter/generic/program/procedural/c/duktape/adapters/ptolemy/actor/lib/gui'
rm -rf *.o *.so *~ *.bak ,* LOG* *.class *.jstmp config.cache config.log config.status manifest.tmp Display.class gui.jar     gui.jar 
rm -f core
making clean in ptolemy/cg/adapter/generic/program/procedural/c/duktape/adapters/ptolemy/actor/lib/gui/test
make[15]: Entering directory '/home/travis/build/icyphy/ptII/adm/gen-11.1/src/ptII11.1.devel/ptolemy/cg/adapter/generic/program/procedural/c/duktape/adapters/ptolemy/actor/lib/gui/test'
rm -rf *.o *.so *~ *.bak ,* LOG* *.class *.jstmp config.cache config.log config.status manifest.tmp        
rm -f core
make[15]: Leaving directory '/home/travis/build/icyphy/ptII/adm/gen-11.1/src/ptII11.1.devel/ptolemy/cg/adapter/generic/program/procedural/c/duktape/adapters/ptolemy/actor/lib/gui/test'
make[14]: Leaving directory '/home/travis/build/icyphy/ptII/adm/gen-11.1/src/ptII11.1.devel/ptolemy/cg/adapter/generic/program/procedural/c/duktape/adapters/ptolemy/actor/lib/gui'
making clean in ptolemy/cg/adapter/generic/program/procedural/c/duktape/adapters/ptolemy/actor/lib/jjs
make[14]: Entering directory '/home/travis/build/icyphy/ptII/adm/gen-11.1/src/ptII11.1.devel/ptolemy/cg/adapter/generic/program/procedural/c/duktape/adapters/ptolemy/actor/lib/jjs'
rm -rf *.o *.so *~ *.bak ,* LOG* *.class *.jstmp config.cache config.log config.status manifest.tmp JavaScript.class jjs.jar     jjs.jar 
rm -f core
make[14]: Leaving directory '/home/travis/build/icyphy/ptII/adm/gen-11.1/src/ptII11.1.devel/ptolemy/cg/adapter/generic/program/procedural/c/duktape/adapters/ptolemy/actor/lib/jjs'
make[13]: Leaving directory '/home/travis/build/icyphy/ptII/adm/gen-11.1/src/ptII11.1.devel/ptolemy/cg/adapter/generic/program/procedural/c/duktape/adapters/ptolemy/actor/lib'
make[12]: Leaving directory '/home/travis/build/icyphy/ptII/adm/gen-11.1/src/ptII11.1.devel/ptolemy/cg/adapter/generic/program/procedural/c/duktape/adapters/ptolemy/actor'
make[11]: Leaving directory '/home/travis/build/icyphy/ptII/adm/gen-11.1/src/ptII11.1.devel/ptolemy/cg/adapter/generic/program/procedural/c/duktape/adapters/ptolemy'
make[10]: Leaving directory '/home/travis/build/icyphy/ptII/adm/gen-11.1/src/ptII11.1.devel/ptolemy/cg/adapter/generic/program/procedural/c/duktape/adapters'
make[9]: Leaving directory '/home/travis/build/icyphy/ptII/adm/gen-11.1/src/ptII11.1.devel/ptolemy/cg/adapter/generic/program/procedural/c/duktape'
making clean in ptolemy/cg/adapter/generic/program/procedural/c/luminary
make[9]: Entering directory '/home/travis/build/icyphy/ptII/adm/gen-11.1/src/ptII11.1.devel/ptolemy/cg/adapter/generic/program/procedural/c/luminary'
rm -rf *.o *.so *~ *.bak ,* LOG* *.class *.jstmp config.cache config.log config.status manifest.tmp    luminary.jar    
rm -f core
making clean in ptolemy/cg/adapter/generic/program/procedural/c/luminary/adapters
make[10]: Entering directory '/home/travis/build/icyphy/ptII/adm/gen-11.1/src/ptII11.1.devel/ptolemy/cg/adapter/generic/program/procedural/c/luminary/adapters'
rm -rf *.o *.so *~ *.bak ,* LOG* *.class *.jstmp config.cache config.log config.status manifest.tmp    adapters.jar    
rm -f core
making clean in ptolemy/cg/adapter/generic/program/procedural/c/luminary/adapters/ptolemy
make[11]: Entering directory '/home/travis/build/icyphy/ptII/adm/gen-11.1/src/ptII11.1.devel/ptolemy/cg/adapter/generic/program/procedural/c/luminary/adapters/ptolemy'
rm -rf *.o *.so *~ *.bak ,* LOG* *.class *.jstmp config.cache config.log config.status manifest.tmp    ptolemy.jar    
rm -f core
making clean in ptolemy/cg/adapter/generic/program/procedural/c/luminary/adapters/ptolemy/actor
make[12]: Entering directory '/home/travis/build/icyphy/ptII/adm/gen-11.1/src/ptII11.1.devel/ptolemy/cg/adapter/generic/program/procedural/c/luminary/adapters/ptolemy/actor'
rm -rf *.o *.so *~ *.bak ,* LOG* *.class *.jstmp config.cache config.log config.status manifest.tmp    actor.jar    
rm -f core
making clean in ptolemy/cg/adapter/generic/program/procedural/c/luminary/adapters/ptolemy/actor/lib
make[13]: Entering directory '/home/travis/build/icyphy/ptII/adm/gen-11.1/src/ptII11.1.devel/ptolemy/cg/adapter/generic/program/procedural/c/luminary/adapters/ptolemy/actor/lib'
rm -rf *.o *.so *~ *.bak ,* LOG* *.class *.jstmp config.cache config.log config.status manifest.tmp TopLevelCurrentTime.class lib.jar     lib.jar 
rm -f core
make[13]: Leaving directory '/home/travis/build/icyphy/ptII/adm/gen-11.1/src/ptII11.1.devel/ptolemy/cg/adapter/generic/program/procedural/c/luminary/adapters/ptolemy/actor/lib'
make[12]: Leaving directory '/home/travis/build/icyphy/ptII/adm/gen-11.1/src/ptII11.1.devel/ptolemy/cg/adapter/generic/program/procedural/c/luminary/adapters/ptolemy/actor'
making clean in ptolemy/cg/adapter/generic/program/procedural/c/luminary/adapters/ptolemy/domains
make[12]: Entering directory '/home/travis/build/icyphy/ptII/adm/gen-11.1/src/ptII11.1.devel/ptolemy/cg/adapter/generic/program/procedural/c/luminary/adapters/ptolemy/domains'
rm -rf *.o *.so *~ *.bak ,* LOG* *.class *.jstmp config.cache config.log config.status manifest.tmp    domains.jar    
rm -f core
making clean in ptolemy/cg/adapter/generic/program/procedural/c/luminary/adapters/ptolemy/domains/ptides
make[13]: Entering directory '/home/travis/build/icyphy/ptII/adm/gen-11.1/src/ptII11.1.devel/ptolemy/cg/adapter/generic/program/procedural/c/luminary/adapters/ptolemy/domains/ptides'
rm -rf *.o *.so *~ *.bak ,* LOG* *.class *.jstmp config.cache config.log config.status manifest.tmp    ptides.jar    
rm -f core
making clean in ptolemy/cg/adapter/generic/program/procedural/c/luminary/adapters/ptolemy/domains/ptides/kernel
make[14]: Entering directory '/home/travis/build/icyphy/ptII/adm/gen-11.1/src/ptII11.1.devel/ptolemy/cg/adapter/generic/program/procedural/c/luminary/adapters/ptolemy/domains/ptides/kernel'
rm -rf *.o *.so *~ *.bak ,* LOG* *.class *.jstmp config.cache config.log config.status manifest.tmp PtidesPreemptiveEDFDirector.class PtidesTopLevelDirector.class kernel.jar     kernel.jar 
rm -f core
make[14]: Leaving directory '/home/travis/build/icyphy/ptII/adm/gen-11.1/src/ptII11.1.devel/ptolemy/cg/adapter/generic/program/procedural/c/luminary/adapters/ptolemy/domains/ptides/kernel'
making clean in ptolemy/cg/adapter/generic/program/procedural/c/luminary/adapters/ptolemy/domains/ptides/lib
make[14]: Entering directory '/home/travis/build/icyphy/ptII/adm/gen-11.1/src/ptII11.1.devel/ptolemy/cg/adapter/generic/program/procedural/c/luminary/adapters/ptolemy/domains/ptides/lib'
rm -rf *.o *.so *~ *.bak ,* LOG* *.class *.jstmp config.cache config.log config.status manifest.tmp    lib.jar    
rm -f core
making clean in ptolemy/cg/adapter/generic/program/procedural/c/luminary/adapters/ptolemy/domains/ptides/lib/luminary
make[15]: Entering directory '/home/travis/build/icyphy/ptII/adm/gen-11.1/src/ptII11.1.devel/ptolemy/cg/adapter/generic/program/procedural/c/luminary/adapters/ptolemy/domains/ptides/lib/luminary'
rm -rf *.o *.so *~ *.bak ,* LOG* *.class *.jstmp config.cache config.log config.status manifest.tmp DropSensorHandler.class EncoderHandler.class GPInputHandler.class GPOutputSetup.class MotorSetup.class SongWrapper.class SpeakerOutputDevice.class TimeTriggeredEncoderHandler.class luminary.jar     luminary.jar 
rm -f core
make[15]: Leaving directory '/home/travis/build/icyphy/ptII/adm/gen-11.1/src/ptII11.1.devel/ptolemy/cg/adapter/generic/program/procedural/c/luminary/adapters/ptolemy/domains/ptides/lib/luminary'
make[14]: Leaving directory '/home/travis/build/icyphy/ptII/adm/gen-11.1/src/ptII11.1.devel/ptolemy/cg/adapter/generic/program/procedural/c/luminary/adapters/ptolemy/domains/ptides/lib'
make[13]: Leaving directory '/home/travis/build/icyphy/ptII/adm/gen-11.1/src/ptII11.1.devel/ptolemy/cg/adapter/generic/program/procedural/c/luminary/adapters/ptolemy/domains/ptides'
making clean in ptolemy/cg/adapter/generic/program/procedural/c/luminary/adapters/ptolemy/domains/sdf
make[13]: Entering directory '/home/travis/build/icyphy/ptII/adm/gen-11.1/src/ptII11.1.devel/ptolemy/cg/adapter/generic/program/procedural/c/luminary/adapters/ptolemy/domains/sdf'
rm -rf *.o *.so *~ *.bak ,* LOG* *.class *.jstmp config.cache config.log config.status manifest.tmp    sdf.jar    
rm -f core
making clean in ptolemy/cg/adapter/generic/program/procedural/c/luminary/adapters/ptolemy/domains/sdf/kernel
make[14]: Entering directory '/home/travis/build/icyphy/ptII/adm/gen-11.1/src/ptII11.1.devel/ptolemy/cg/adapter/generic/program/procedural/c/luminary/adapters/ptolemy/domains/sdf/kernel'
rm -rf *.o *.so *~ *.bak ,* LOG* *.class *.jstmp config.cache config.log config.status manifest.tmp SDFDirector.class kernel.jar     kernel.jar 
rm -f core
make[14]: Leaving directory '/home/travis/build/icyphy/ptII/adm/gen-11.1/src/ptII11.1.devel/ptolemy/cg/adapter/generic/program/procedural/c/luminary/adapters/ptolemy/domains/sdf/kernel'
make[13]: Leaving directory '/home/travis/build/icyphy/ptII/adm/gen-11.1/src/ptII11.1.devel/ptolemy/cg/adapter/generic/program/procedural/c/luminary/adapters/ptolemy/domains/sdf'
make[12]: Leaving directory '/home/travis/build/icyphy/ptII/adm/gen-11.1/src/ptII11.1.devel/ptolemy/cg/adapter/generic/program/procedural/c/luminary/adapters/ptolemy/domains'
make[11]: Leaving directory '/home/travis/build/icyphy/ptII/adm/gen-11.1/src/ptII11.1.devel/ptolemy/cg/adapter/generic/program/procedural/c/luminary/adapters/ptolemy'
make[10]: Leaving directory '/home/travis/build/icyphy/ptII/adm/gen-11.1/src/ptII11.1.devel/ptolemy/cg/adapter/generic/program/procedural/c/luminary/adapters'
make[9]: Leaving directory '/home/travis/build/icyphy/ptII/adm/gen-11.1/src/ptII11.1.devel/ptolemy/cg/adapter/generic/program/procedural/c/luminary'
make[8]: Leaving directory '/home/travis/build/icyphy/ptII/adm/gen-11.1/src/ptII11.1.devel/ptolemy/cg/adapter/generic/program/procedural/c'
making clean in ptolemy/cg/adapter/generic/program/procedural/fmima
make[8]: Entering directory '/home/travis/build/icyphy/ptII/adm/gen-11.1/src/ptII11.1.devel/ptolemy/cg/adapter/generic/program/procedural/fmima'
rm -rf *.o *.so *~ *.bak ,* LOG* *.class *.jstmp config.cache config.log config.status manifest.tmp    fmima.jar    
rm -f core
making clean in ptolemy/cg/adapter/generic/program/procedural/fmima/adapters
make[9]: Entering directory '/home/travis/build/icyphy/ptII/adm/gen-11.1/src/ptII11.1.devel/ptolemy/cg/adapter/generic/program/procedural/fmima/adapters'
rm -rf *.o *.so *~ *.bak ,* LOG* *.class *.jstmp config.cache config.log config.status manifest.tmp    adapters.jar    
rm -f core
making clean in ptolemy/cg/adapter/generic/program/procedural/fmima/adapters/ptolemy
make[10]: Entering directory '/home/travis/build/icyphy/ptII/adm/gen-11.1/src/ptII11.1.devel/ptolemy/cg/adapter/generic/program/procedural/fmima/adapters/ptolemy'
rm -rf *.o *.so *~ *.bak ,* LOG* *.class *.jstmp config.cache config.log config.status manifest.tmp    ptolemy.jar    
rm -f core
making clean in ptolemy/cg/adapter/generic/program/procedural/fmima/adapters/ptolemy/actor
make[11]: Entering directory '/home/travis/build/icyphy/ptII/adm/gen-11.1/src/ptII11.1.devel/ptolemy/cg/adapter/generic/program/procedural/fmima/adapters/ptolemy/actor'
rm -rf *.o *.so *~ *.bak ,* LOG* *.class *.jstmp config.cache config.log config.status manifest.tmp Director.class TypedCompositeActor.class   actor.jar    
rm -f core
making clean in ptolemy/cg/adapter/generic/program/procedural/fmima/adapters/ptolemy/actor/lib
make[12]: Entering directory '/home/travis/build/icyphy/ptII/adm/gen-11.1/src/ptII11.1.devel/ptolemy/cg/adapter/generic/program/procedural/fmima/adapters/ptolemy/actor/lib'
rm -rf *.o *.so *~ *.bak ,* LOG* *.class *.jstmp config.cache config.log config.status manifest.tmp    lib.jar    
rm -f core
making clean in ptolemy/cg/adapter/generic/program/procedural/fmima/adapters/ptolemy/actor/lib/fmi
make[13]: Entering directory '/home/travis/build/icyphy/ptII/adm/gen-11.1/src/ptII11.1.devel/ptolemy/cg/adapter/generic/program/procedural/fmima/adapters/ptolemy/actor/lib/fmi'
rm -rf *.o *.so *~ *.bak ,* LOG* *.class *.jstmp config.cache config.log config.status manifest.tmp FMUImport.class fmi.jar     fmi.jar 
rm -f core
make[13]: Leaving directory '/home/travis/build/icyphy/ptII/adm/gen-11.1/src/ptII11.1.devel/ptolemy/cg/adapter/generic/program/procedural/fmima/adapters/ptolemy/actor/lib/fmi'
make[12]: Leaving directory '/home/travis/build/icyphy/ptII/adm/gen-11.1/src/ptII11.1.devel/ptolemy/cg/adapter/generic/program/procedural/fmima/adapters/ptolemy/actor/lib'
make[11]: Leaving directory '/home/travis/build/icyphy/ptII/adm/gen-11.1/src/ptII11.1.devel/ptolemy/cg/adapter/generic/program/procedural/fmima/adapters/ptolemy/actor'
make[10]: Leaving directory '/home/travis/build/icyphy/ptII/adm/gen-11.1/src/ptII11.1.devel/ptolemy/cg/adapter/generic/program/procedural/fmima/adapters/ptolemy'
make[9]: Leaving directory '/home/travis/build/icyphy/ptII/adm/gen-11.1/src/ptII11.1.devel/ptolemy/cg/adapter/generic/program/procedural/fmima/adapters'
making clean in ptolemy/cg/adapter/generic/program/procedural/fmima/test
make[9]: Entering directory '/home/travis/build/icyphy/ptII/adm/gen-11.1/src/ptII11.1.devel/ptolemy/cg/adapter/generic/program/procedural/fmima/test'
rm -rf *.o *.so *~ *.bak ,* LOG* *.class *.jstmp config.cache config.log config.status manifest.tmp        
rm -f core
make[9]: Leaving directory '/home/travis/build/icyphy/ptII/adm/gen-11.1/src/ptII11.1.devel/ptolemy/cg/adapter/generic/program/procedural/fmima/test'
make[8]: Leaving directory '/home/travis/build/icyphy/ptII/adm/gen-11.1/src/ptII11.1.devel/ptolemy/cg/adapter/generic/program/procedural/fmima'
making clean in ptolemy/cg/adapter/generic/program/procedural/fmimahybrid
make[8]: Entering directory '/home/travis/build/icyphy/ptII/adm/gen-11.1/src/ptII11.1.devel/ptolemy/cg/adapter/generic/program/procedural/fmimahybrid'
rm -rf *.o *.so *~ *.bak ,* LOG* *.class *.jstmp config.cache config.log config.status manifest.tmp    fmimahybrid.jar    
rm -f core
making clean in ptolemy/cg/adapter/generic/program/procedural/fmimahybrid/adapters
make[9]: Entering directory '/home/travis/build/icyphy/ptII/adm/gen-11.1/src/ptII11.1.devel/ptolemy/cg/adapter/generic/program/procedural/fmimahybrid/adapters'
rm -rf *.o *.so *~ *.bak ,* LOG* *.class *.jstmp config.cache config.log config.status manifest.tmp    adapters.jar    
rm -f core
making clean in ptolemy/cg/adapter/generic/program/procedural/fmimahybrid/adapters/ptolemy
make[10]: Entering directory '/home/travis/build/icyphy/ptII/adm/gen-11.1/src/ptII11.1.devel/ptolemy/cg/adapter/generic/program/procedural/fmimahybrid/adapters/ptolemy'
rm -rf *.o *.so *~ *.bak ,* LOG* *.class *.jstmp config.cache config.log config.status manifest.tmp    ptolemy.jar    
rm -f core
making clean in ptolemy/cg/adapter/generic/program/procedural/fmimahybrid/adapters/ptolemy/actor
make[11]: Entering directory '/home/travis/build/icyphy/ptII/adm/gen-11.1/src/ptII11.1.devel/ptolemy/cg/adapter/generic/program/procedural/fmimahybrid/adapters/ptolemy/actor'
rm -rf *.o *.so *~ *.bak ,* LOG* *.class *.jstmp config.cache config.log config.status manifest.tmp Director.class TypedCompositeActor.class   actor.jar    
rm -f core
making clean in ptolemy/cg/adapter/generic/program/procedural/fmimahybrid/adapters/ptolemy/actor/lib
make[12]: Entering directory '/home/travis/build/icyphy/ptII/adm/gen-11.1/src/ptII11.1.devel/ptolemy/cg/adapter/generic/program/procedural/fmimahybrid/adapters/ptolemy/actor/lib'
rm -rf *.o *.so *~ *.bak ,* LOG* *.class *.jstmp config.cache config.log config.status manifest.tmp    lib.jar    
rm -f core
making clean in ptolemy/cg/adapter/generic/program/procedural/fmima/adapters/ptolemy/actor/lib/fmi
make[13]: Entering directory '/home/travis/build/icyphy/ptII/adm/gen-11.1/src/ptII11.1.devel/ptolemy/cg/adapter/generic/program/procedural/fmimahybrid/adapters/ptolemy/actor/lib/fmi'
rm -rf *.o *.so *~ *.bak ,* LOG* *.class *.jstmp config.cache config.log config.status manifest.tmp FMUImport.class fmi.jar     fmi.jar 
rm -f core
make[13]: Leaving directory '/home/travis/build/icyphy/ptII/adm/gen-11.1/src/ptII11.1.devel/ptolemy/cg/adapter/generic/program/procedural/fmimahybrid/adapters/ptolemy/actor/lib/fmi'
make[12]: Leaving directory '/home/travis/build/icyphy/ptII/adm/gen-11.1/src/ptII11.1.devel/ptolemy/cg/adapter/generic/program/procedural/fmimahybrid/adapters/ptolemy/actor/lib'
make[11]: Leaving directory '/home/travis/build/icyphy/ptII/adm/gen-11.1/src/ptII11.1.devel/ptolemy/cg/adapter/generic/program/procedural/fmimahybrid/adapters/ptolemy/actor'
make[10]: Leaving directory '/home/travis/build/icyphy/ptII/adm/gen-11.1/src/ptII11.1.devel/ptolemy/cg/adapter/generic/program/procedural/fmimahybrid/adapters/ptolemy'
make[9]: Leaving directory '/home/travis/build/icyphy/ptII/adm/gen-11.1/src/ptII11.1.devel/ptolemy/cg/adapter/generic/program/procedural/fmimahybrid/adapters'
making clean in ptolemy/cg/adapter/generic/program/procedural/fmimahybrid/test
make[9]: Entering directory '/home/travis/build/icyphy/ptII/adm/gen-11.1/src/ptII11.1.devel/ptolemy/cg/adapter/generic/program/procedural/fmimahybrid/test'
rm -rf *.o *.so *~ *.bak ,* LOG* *.class *.jstmp config.cache config.log config.status manifest.tmp        
rm -f core
make[9]: Leaving directory '/home/travis/build/icyphy/ptII/adm/gen-11.1/src/ptII11.1.devel/ptolemy/cg/adapter/generic/program/procedural/fmimahybrid/test'
make[8]: Leaving directory '/home/travis/build/icyphy/ptII/adm/gen-11.1/src/ptII11.1.devel/ptolemy/cg/adapter/generic/program/procedural/fmimahybrid'
making clean in ptolemy/cg/adapter/generic/program/procedural/java
make[8]: Entering directory '/home/travis/build/icyphy/ptII/adm/gen-11.1/src/ptII11.1.devel/ptolemy/cg/adapter/generic/program/procedural/java'
rm -rf *.o *.so *~ *.bak ,* LOG* *.class *.jstmp config.cache config.log config.status manifest.tmp    java.jar    
rm -f core
making clean in ptolemy/cg/adapter/generic/program/procedural/java/adapters
make[9]: Entering directory '/home/travis/build/icyphy/ptII/adm/gen-11.1/src/ptII11.1.devel/ptolemy/cg/adapter/generic/program/procedural/java/adapters'
rm -rf *.o *.so *~ *.bak ,* LOG* *.class *.jstmp config.cache config.log config.status manifest.tmp    adapters.jar    
rm -f core
making clean in ptolemy/cg/adapter/generic/program/procedural/java/adapters/ptolemy
make[10]: Entering directory '/home/travis/build/icyphy/ptII/adm/gen-11.1/src/ptII11.1.devel/ptolemy/cg/adapter/generic/program/procedural/java/adapters/ptolemy'
rm -rf *.o *.so *~ *.bak ,* LOG* *.class *.jstmp config.cache config.log config.status manifest.tmp    ptolemy.jar    
rm -f core
making clean in ptolemy/cg/adapter/generic/program/procedural/java/adapters/ptolemy/actor
make[11]: Entering directory '/home/travis/build/icyphy/ptII/adm/gen-11.1/src/ptII11.1.devel/ptolemy/cg/adapter/generic/program/procedural/java/adapters/ptolemy/actor'
rm -rf *.o *.so *~ *.bak ,* LOG* *.class *.jstmp config.cache config.log config.status manifest.tmp    actor.jar    
rm -f core
making clean in ptolemy/cg/adapter/generic/program/procedural/java/adapters/ptolemy/actor/lib
make[12]: Entering directory '/home/travis/build/icyphy/ptII/adm/gen-11.1/src/ptII11.1.devel/ptolemy/cg/adapter/generic/program/procedural/java/adapters/ptolemy/actor/lib'
rm -rf *.o *.so *~ *.bak ,* LOG* *.class *.jstmp config.cache config.log config.status manifest.tmp AbsoluteValue.class Accumulator.class AddSubtract.class Bernoulli.class BooleanMultiplexor.class Commutator.class Const.class CurrentTime.class DB.class Discard.class Distributor.class ElementsToArray.class Expression.class Gaussian.class Limiter.class LimitedFiringSource.class Minimum.class MovingAverage.class MultiplyDivide.class Publisher.class PublisherTest.class Pulse.class Ramp.class RandomSource.class Recorder.class Scale.class Sequence.class StringConst.class Subscriber.class SubscriptionAggregator.class Test.class TrigFunction.class Uniform.class VectorAssembler.class VectorDisassembler.class   lib.jar    
rm -f core
making clean in ptolemy/cg/adapter/generic/program/procedural/java/adapters/ptolemy/actor/lib/colt
make[13]: Entering directory '/home/travis/build/icyphy/ptII/adm/gen-11.1/src/ptII11.1.devel/ptolemy/cg/adapter/generic/program/procedural/java/adapters/ptolemy/actor/lib/colt'
rm -rf *.o *.so *~ *.bak ,* LOG* *.class *.jstmp config.cache config.log config.status manifest.tmp ColtBinomial.class ColtBinomialSelector.class ColtPoisson.class ColtRandomSource.class colt.jar     colt.jar 
rm -f core
making clean in ptolemy/cg/adapter/generic/program/procedural/java/adapters/ptolemy/actor/lib/colt/test
make[14]: Entering directory '/home/travis/build/icyphy/ptII/adm/gen-11.1/src/ptII11.1.devel/ptolemy/cg/adapter/generic/program/procedural/java/adapters/ptolemy/actor/lib/colt/test'
rm -rf *.o *.so *~ *.bak ,* LOG* *.class *.jstmp config.cache config.log config.status manifest.tmp        
rm -f core
make[14]: Leaving directory '/home/travis/build/icyphy/ptII/adm/gen-11.1/src/ptII11.1.devel/ptolemy/cg/adapter/generic/program/procedural/java/adapters/ptolemy/actor/lib/colt/test'
make[13]: Leaving directory '/home/travis/build/icyphy/ptII/adm/gen-11.1/src/ptII11.1.devel/ptolemy/cg/adapter/generic/program/procedural/java/adapters/ptolemy/actor/lib/colt'
making clean in ptolemy/cg/adapter/generic/program/procedural/java/adapters/ptolemy/actor/lib/conversions
make[13]: Entering directory '/home/travis/build/icyphy/ptII/adm/gen-11.1/src/ptII11.1.devel/ptolemy/cg/adapter/generic/program/procedural/java/adapters/ptolemy/actor/lib/conversions'
rm -rf *.o *.so *~ *.bak ,* LOG* *.class *.jstmp config.cache config.log config.status manifest.tmp BooleanToAnything.class ComplexToCartesian.class Round.class TokenToExpression.class conversions.jar     conversions.jar 
rm -f core
making clean in ptolemy/cg/adapter/generic/program/procedural/java/adapters/ptolemy/actor/lib/conversions/test
make[14]: Entering directory '/home/travis/build/icyphy/ptII/adm/gen-11.1/src/ptII11.1.devel/ptolemy/cg/adapter/generic/program/procedural/java/adapters/ptolemy/actor/lib/conversions/test'
rm -rf *.o *.so *~ *.bak ,* LOG* *.class *.jstmp config.cache config.log config.status manifest.tmp        
rm -f core
make[14]: Leaving directory '/home/travis/build/icyphy/ptII/adm/gen-11.1/src/ptII11.1.devel/ptolemy/cg/adapter/generic/program/procedural/java/adapters/ptolemy/actor/lib/conversions/test'
make[13]: Leaving directory '/home/travis/build/icyphy/ptII/adm/gen-11.1/src/ptII11.1.devel/ptolemy/cg/adapter/generic/program/procedural/java/adapters/ptolemy/actor/lib/conversions'
making clean in ptolemy/cg/adapter/generic/program/procedural/java/adapters/ptolemy/actor/lib/gui
make[13]: Entering directory '/home/travis/build/icyphy/ptII/adm/gen-11.1/src/ptII11.1.devel/ptolemy/cg/adapter/generic/program/procedural/java/adapters/ptolemy/actor/lib/gui'
rm -rf *.o *.so *~ *.bak ,* LOG* *.class *.jstmp config.cache config.log config.status manifest.tmp Display.class SequencePlotter.class gui.jar     gui.jar 
rm -f core
making clean in ptolemy/cg/adapter/generic/program/procedural/java/adapters/ptolemy/actor/lib/gui/test
make[14]: Entering directory '/home/travis/build/icyphy/ptII/adm/gen-11.1/src/ptII11.1.devel/ptolemy/cg/adapter/generic/program/procedural/java/adapters/ptolemy/actor/lib/gui/test'
rm -rf *.o *.so *~ *.bak ,* LOG* *.class *.jstmp config.cache config.log config.status manifest.tmp        
rm -f core
make[14]: Leaving directory '/home/travis/build/icyphy/ptII/adm/gen-11.1/src/ptII11.1.devel/ptolemy/cg/adapter/generic/program/procedural/java/adapters/ptolemy/actor/lib/gui/test'
make[13]: Leaving directory '/home/travis/build/icyphy/ptII/adm/gen-11.1/src/ptII11.1.devel/ptolemy/cg/adapter/generic/program/procedural/java/adapters/ptolemy/actor/lib/gui'
making clean in ptolemy/cg/adapter/generic/program/procedural/java/adapters/ptolemy/actor/lib/hoc
make[13]: Entering directory '/home/travis/build/icyphy/ptII/adm/gen-11.1/src/ptII11.1.devel/ptolemy/cg/adapter/generic/program/procedural/java/adapters/ptolemy/actor/lib/hoc'
rm -rf *.o *.so *~ *.bak ,* LOG* *.class *.jstmp config.cache config.log config.status manifest.tmp  hoc.jar     hoc.jar 
rm -f core
making clean in ptolemy/cg/adapter/generic/program/procedural/java/adapters/ptolemy/actor/lib/hoc/test
make[14]: Entering directory '/home/travis/build/icyphy/ptII/adm/gen-11.1/src/ptII11.1.devel/ptolemy/cg/adapter/generic/program/procedural/java/adapters/ptolemy/actor/lib/hoc/test'
rm -rf *.o *.so *~ *.bak ,* LOG* *.class *.jstmp config.cache config.log config.status manifest.tmp        
rm -f core
make[14]: Leaving directory '/home/travis/build/icyphy/ptII/adm/gen-11.1/src/ptII11.1.devel/ptolemy/cg/adapter/generic/program/procedural/java/adapters/ptolemy/actor/lib/hoc/test'
make[13]: Leaving directory '/home/travis/build/icyphy/ptII/adm/gen-11.1/src/ptII11.1.devel/ptolemy/cg/adapter/generic/program/procedural/java/adapters/ptolemy/actor/lib/hoc'
making clean in ptolemy/cg/adapter/generic/program/procedural/java/adapters/ptolemy/actor/lib/jopio
make[13]: Entering directory '/home/travis/build/icyphy/ptII/adm/gen-11.1/src/ptII11.1.devel/ptolemy/cg/adapter/generic/program/procedural/java/adapters/ptolemy/actor/lib/jopio'
rm -rf *.o *.so *~ *.bak ,* LOG* *.class *.jstmp config.cache config.log config.status manifest.tmp JopReadPort.class JopSerialRead.class JopSerialWrite.class JopWatchDog.class JopWritePort.class jopio.jar     jopio.jar 
rm -f core
make[13]: Leaving directory '/home/travis/build/icyphy/ptII/adm/gen-11.1/src/ptII11.1.devel/ptolemy/cg/adapter/generic/program/procedural/java/adapters/ptolemy/actor/lib/jopio'
making clean in ptolemy/cg/adapter/generic/program/procedural/java/adapters/ptolemy/actor/lib/logic
make[13]: Entering directory '/home/travis/build/icyphy/ptII/adm/gen-11.1/src/ptII11.1.devel/ptolemy/cg/adapter/generic/program/procedural/java/adapters/ptolemy/actor/lib/logic'
rm -rf *.o *.so *~ *.bak ,* LOG* *.class *.jstmp config.cache config.log config.status manifest.tmp Comparator.class LogicFunction.class logic.jar     logic.jar 
rm -f core
making clean in ptolemy/cg/adapter/generic/program/procedural/java/adapters/ptolemy/actor/lib/logic/test
make[14]: Entering directory '/home/travis/build/icyphy/ptII/adm/gen-11.1/src/ptII11.1.devel/ptolemy/cg/adapter/generic/program/procedural/java/adapters/ptolemy/actor/lib/logic/test'
rm -rf *.o *.so *~ *.bak ,* LOG* *.class *.jstmp config.cache config.log config.status manifest.tmp        
rm -f core
make[14]: Leaving directory '/home/travis/build/icyphy/ptII/adm/gen-11.1/src/ptII11.1.devel/ptolemy/cg/adapter/generic/program/procedural/java/adapters/ptolemy/actor/lib/logic/test'
make[13]: Leaving directory '/home/travis/build/icyphy/ptII/adm/gen-11.1/src/ptII11.1.devel/ptolemy/cg/adapter/generic/program/procedural/java/adapters/ptolemy/actor/lib/logic'
making clean in ptolemy/cg/adapter/generic/program/procedural/java/adapters/ptolemy/actor/lib/string
make[13]: Entering directory '/home/travis/build/icyphy/ptII/adm/gen-11.1/src/ptII11.1.devel/ptolemy/cg/adapter/generic/program/procedural/java/adapters/ptolemy/actor/lib/string'
rm -rf *.o *.so *~ *.bak ,* LOG* *.class *.jstmp config.cache config.log config.status manifest.tmp StringCompare.class StringLength.class string.jar     string.jar 
rm -f core
making clean in ptolemy/cg/adapter/generic/program/procedural/java/adapters/ptolemy/actor/lib/string/test
make[14]: Entering directory '/home/travis/build/icyphy/ptII/adm/gen-11.1/src/ptII11.1.devel/ptolemy/cg/adapter/generic/program/procedural/java/adapters/ptolemy/actor/lib/string/test'
rm -rf *.o *.so *~ *.bak ,* LOG* *.class *.jstmp config.cache config.log config.status manifest.tmp        
rm -f core
make[14]: Leaving directory '/home/travis/build/icyphy/ptII/adm/gen-11.1/src/ptII11.1.devel/ptolemy/cg/adapter/generic/program/procedural/java/adapters/ptolemy/actor/lib/string/test'
make[13]: Leaving directory '/home/travis/build/icyphy/ptII/adm/gen-11.1/src/ptII11.1.devel/ptolemy/cg/adapter/generic/program/procedural/java/adapters/ptolemy/actor/lib/string'
making clean in ptolemy/cg/adapter/generic/program/procedural/java/adapters/ptolemy/actor/lib/test
make[13]: Entering directory '/home/travis/build/icyphy/ptII/adm/gen-11.1/src/ptII11.1.devel/ptolemy/cg/adapter/generic/program/procedural/java/adapters/ptolemy/actor/lib/test'
rm -rf *.o *.so *~ *.bak ,* LOG* *.class *.jstmp config.cache config.log config.status manifest.tmp        
rm -f core
make[13]: Leaving directory '/home/travis/build/icyphy/ptII/adm/gen-11.1/src/ptII11.1.devel/ptolemy/cg/adapter/generic/program/procedural/java/adapters/ptolemy/actor/lib/test'
make[12]: Leaving directory '/home/travis/build/icyphy/ptII/adm/gen-11.1/src/ptII11.1.devel/ptolemy/cg/adapter/generic/program/procedural/java/adapters/ptolemy/actor/lib'
make[11]: Leaving directory '/home/travis/build/icyphy/ptII/adm/gen-11.1/src/ptII11.1.devel/ptolemy/cg/adapter/generic/program/procedural/java/adapters/ptolemy/actor'
making clean in ptolemy/cg/adapter/generic/program/procedural/java/adapters/ptolemy/cg
make[11]: Entering directory '/home/travis/build/icyphy/ptII/adm/gen-11.1/src/ptII11.1.devel/ptolemy/cg/adapter/generic/program/procedural/java/adapters/ptolemy/cg'
rm -rf *.o *.so *~ *.bak ,* LOG* *.class *.jstmp config.cache config.log config.status manifest.tmp    cg.jar    
rm -f core
making clean in ptolemy/cg/adapter/generic/program/procedural/java/adapters/ptolemy/cg/lib
make[12]: Entering directory '/home/travis/build/icyphy/ptII/adm/gen-11.1/src/ptII11.1.devel/ptolemy/cg/adapter/generic/program/procedural/java/adapters/ptolemy/cg/lib'
rm -rf *.o *.so *~ *.bak ,* LOG* *.class *.jstmp config.cache config.log config.status manifest.tmp CompiledCompositeActor.class EmbeddedCodeActor.class   lib.jar    
rm -f core
make[12]: Leaving directory '/home/travis/build/icyphy/ptII/adm/gen-11.1/src/ptII11.1.devel/ptolemy/cg/adapter/generic/program/procedural/java/adapters/ptolemy/cg/lib'
make[11]: Leaving directory '/home/travis/build/icyphy/ptII/adm/gen-11.1/src/ptII11.1.devel/ptolemy/cg/adapter/generic/program/procedural/java/adapters/ptolemy/cg'
making clean in ptolemy/cg/adapter/generic/program/procedural/java/adapters/ptolemy/domains
make[11]: Entering directory '/home/travis/build/icyphy/ptII/adm/gen-11.1/src/ptII11.1.devel/ptolemy/cg/adapter/generic/program/procedural/java/adapters/ptolemy/domains'
rm -rf *.o *.so *~ *.bak ,* LOG* *.class *.jstmp config.cache config.log config.status manifest.tmp    domains.jar    
rm -f core
making clean in ptolemy/cg/adapter/generic/program/procedural/java/adapters/ptolemy/domains/modal
make[12]: Entering directory '/home/travis/build/icyphy/ptII/adm/gen-11.1/src/ptII11.1.devel/ptolemy/cg/adapter/generic/program/procedural/java/adapters/ptolemy/domains/modal'
rm -rf *.o *.so *~ *.bak ,* LOG* *.class *.jstmp config.cache config.log config.status manifest.tmp    modal.jar    
rm -f core
making clean in ptolemy/cg/adapter/generic/program/procedural/java/adapters/ptolemy/domains/modal/kernel
make[13]: Entering directory '/home/travis/build/icyphy/ptII/adm/gen-11.1/src/ptII11.1.devel/ptolemy/cg/adapter/generic/program/procedural/java/adapters/ptolemy/domains/modal/kernel'
rm -rf *.o *.so *~ *.bak ,* LOG* *.class *.jstmp config.cache config.log config.status manifest.tmp FSMDirector.class kernel.jar     kernel.jar 
rm -f core
make[13]: Leaving directory '/home/travis/build/icyphy/ptII/adm/gen-11.1/src/ptII11.1.devel/ptolemy/cg/adapter/generic/program/procedural/java/adapters/ptolemy/domains/modal/kernel'
making clean in ptolemy/cg/adapter/generic/program/procedural/java/adapters/ptolemy/domains/modal/modal
make[13]: Entering directory '/home/travis/build/icyphy/ptII/adm/gen-11.1/src/ptII11.1.devel/ptolemy/cg/adapter/generic/program/procedural/java/adapters/ptolemy/domains/modal/modal'
rm -rf *.o *.so *~ *.bak ,* LOG* *.class *.jstmp config.cache config.log config.status manifest.tmp ModalController.class modal.jar     modal.jar 
rm -f core
make[13]: Leaving directory '/home/travis/build/icyphy/ptII/adm/gen-11.1/src/ptII11.1.devel/ptolemy/cg/adapter/generic/program/procedural/java/adapters/ptolemy/domains/modal/modal'
making clean in ptolemy/cg/adapter/generic/program/procedural/java/adapters/ptolemy/domains/modal/test
make[13]: Entering directory '/home/travis/build/icyphy/ptII/adm/gen-11.1/src/ptII11.1.devel/ptolemy/cg/adapter/generic/program/procedural/java/adapters/ptolemy/domains/modal/test'
rm -rf *.o *.so *~ *.bak ,* LOG* *.class *.jstmp config.cache config.log config.status manifest.tmp        
rm -f core
make[13]: Leaving directory '/home/travis/build/icyphy/ptII/adm/gen-11.1/src/ptII11.1.devel/ptolemy/cg/adapter/generic/program/procedural/java/adapters/ptolemy/domains/modal/test'
make[12]: Leaving directory '/home/travis/build/icyphy/ptII/adm/gen-11.1/src/ptII11.1.devel/ptolemy/cg/adapter/generic/program/procedural/java/adapters/ptolemy/domains/modal'
making clean in ptolemy/cg/adapter/generic/program/procedural/java/adapters/ptolemy/domains/sdf
make[12]: Entering directory '/home/travis/build/icyphy/ptII/adm/gen-11.1/src/ptII11.1.devel/ptolemy/cg/adapter/generic/program/procedural/java/adapters/ptolemy/domains/sdf'
rm -rf *.o *.so *~ *.bak ,* LOG* *.class *.jstmp config.cache config.log config.status manifest.tmp    sdf.jar    
rm -f core
making clean in ptolemy/cg/adapter/generic/program/procedural/java/adapters/ptolemy/domains/sdf/kernel
make[13]: Entering directory '/home/travis/build/icyphy/ptII/adm/gen-11.1/src/ptII11.1.devel/ptolemy/cg/adapter/generic/program/procedural/java/adapters/ptolemy/domains/sdf/kernel'
rm -rf *.o *.so *~ *.bak ,* LOG* *.class *.jstmp config.cache config.log config.status manifest.tmp SDFDirector.class   kernel.jar    
rm -f core
make[13]: Leaving directory '/home/travis/build/icyphy/ptII/adm/gen-11.1/src/ptII11.1.devel/ptolemy/cg/adapter/generic/program/procedural/java/adapters/ptolemy/domains/sdf/kernel'
making clean in ptolemy/cg/adapter/generic/program/procedural/java/adapters/ptolemy/domains/sdf/lib
make[13]: Entering directory '/home/travis/build/icyphy/ptII/adm/gen-11.1/src/ptII11.1.devel/ptolemy/cg/adapter/generic/program/procedural/java/adapters/ptolemy/domains/sdf/lib'
rm -rf *.o *.so *~ *.bak ,* LOG* *.class *.jstmp config.cache config.log config.status manifest.tmp BootstrapSampleDelay.class DownSample.class FFT.class IFFT.class Repeat.class SampleDelay.class UpSample.class   lib.jar    
rm -f core
making clean in ptolemy/cg/adapter/generic/program/procedural/java/adapters/ptolemy/domains/sdf/lib/test
make[14]: Entering directory '/home/travis/build/icyphy/ptII/adm/gen-11.1/src/ptII11.1.devel/ptolemy/cg/adapter/generic/program/procedural/java/adapters/ptolemy/domains/sdf/lib/test'
rm -rf *.o *.so *~ *.bak ,* LOG* *.class *.jstmp config.cache config.log config.status manifest.tmp        
rm -f core
make[14]: Leaving directory '/home/travis/build/icyphy/ptII/adm/gen-11.1/src/ptII11.1.devel/ptolemy/cg/adapter/generic/program/procedural/java/adapters/ptolemy/domains/sdf/lib/test'
make[13]: Leaving directory '/home/travis/build/icyphy/ptII/adm/gen-11.1/src/ptII11.1.devel/ptolemy/cg/adapter/generic/program/procedural/java/adapters/ptolemy/domains/sdf/lib'
make[12]: Leaving directory '/home/travis/build/icyphy/ptII/adm/gen-11.1/src/ptII11.1.devel/ptolemy/cg/adapter/generic/program/procedural/java/adapters/ptolemy/domains/sdf'
make[11]: Leaving directory '/home/travis/build/icyphy/ptII/adm/gen-11.1/src/ptII11.1.devel/ptolemy/cg/adapter/generic/program/procedural/java/adapters/ptolemy/domains'
make[10]: Leaving directory '/home/travis/build/icyphy/ptII/adm/gen-11.1/src/ptII11.1.devel/ptolemy/cg/adapter/generic/program/procedural/java/adapters/ptolemy'
make[9]: Leaving directory '/home/travis/build/icyphy/ptII/adm/gen-11.1/src/ptII11.1.devel/ptolemy/cg/adapter/generic/program/procedural/java/adapters'
making clean in ptolemy/cg/adapter/generic/program/procedural/java/modular
make[9]: Entering directory '/home/travis/build/icyphy/ptII/adm/gen-11.1/src/ptII11.1.devel/ptolemy/cg/adapter/generic/program/procedural/java/modular'
rm -rf *.o *.so *~ *.bak ,* LOG* *.class *.jstmp config.cache config.log config.status manifest.tmp    modular.jar    
rm -f core
making clean in ptolemy/cg/adapter/generic/program/procedural/java/modular/adapters
make[10]: Entering directory '/home/travis/build/icyphy/ptII/adm/gen-11.1/src/ptII11.1.devel/ptolemy/cg/adapter/generic/program/procedural/java/modular/adapters'
rm -rf *.o *.so *~ *.bak ,* LOG* *.class *.jstmp config.cache config.log config.status manifest.tmp    adapters.jar    
rm -f core
making clean in ptolemy/cg/adapter/generic/program/procedural/java/modular/adapter/ptolemy
make[11]: Entering directory '/home/travis/build/icyphy/ptII/adm/gen-11.1/src/ptII11.1.devel/ptolemy/cg/adapter/generic/program/procedural/java/modular/adapters/ptolemy'
rm -rf *.o *.so *~ *.bak ,* LOG* *.class *.jstmp config.cache config.log config.status manifest.tmp    ptolemy.jar    
rm -f core
making clean in ptolemy/cg/adapter/generic/program/procedural/java/modular/adapter/ptolemy/cg
make[12]: Entering directory '/home/travis/build/icyphy/ptII/adm/gen-11.1/src/ptII11.1.devel/ptolemy/cg/adapter/generic/program/procedural/java/modular/adapters/ptolemy/cg'
rm -rf *.o *.so *~ *.bak ,* LOG* *.class *.jstmp config.cache config.log config.status manifest.tmp    cg.jar    
rm -f core
making clean in ptolemy/cg/adapter/generic/program/procedural/java/modular/adapter/ptolemy/cg/lib
make[13]: Entering directory '/home/travis/build/icyphy/ptII/adm/gen-11.1/src/ptII11.1.devel/ptolemy/cg/adapter/generic/program/procedural/java/modular/adapters/ptolemy/cg/lib'
rm -rf *.o *.so *~ *.bak ,* LOG* *.class *.jstmp config.cache config.log config.status manifest.tmp ModularCodeGenTypedCompositeActor.class   lib.jar    
rm -f core
make[13]: Leaving directory '/home/travis/build/icyphy/ptII/adm/gen-11.1/src/ptII11.1.devel/ptolemy/cg/adapter/generic/program/procedural/java/modular/adapters/ptolemy/cg/lib'
make[12]: Leaving directory '/home/travis/build/icyphy/ptII/adm/gen-11.1/src/ptII11.1.devel/ptolemy/cg/adapter/generic/program/procedural/java/modular/adapters/ptolemy/cg'
making clean in ptolemy/cg/adapter/generic/program/procedural/java/modular/adapter/ptolemy/domains
make[12]: Entering directory '/home/travis/build/icyphy/ptII/adm/gen-11.1/src/ptII11.1.devel/ptolemy/cg/adapter/generic/program/procedural/java/modular/adapters/ptolemy/domains'
rm -rf *.o *.so *~ *.bak ,* LOG* *.class *.jstmp config.cache config.log config.status manifest.tmp    domains.jar    
rm -f core
making clean in ptolemy/cg/adapter/generic/program/procedural/java/modular/adapter/ptolemy/domains/sdf
make[13]: Entering directory '/home/travis/build/icyphy/ptII/adm/gen-11.1/src/ptII11.1.devel/ptolemy/cg/adapter/generic/program/procedural/java/modular/adapters/ptolemy/domains/sdf'
rm -rf *.o *.so *~ *.bak ,* LOG* *.class *.jstmp config.cache config.log config.status manifest.tmp    sdf.jar    
rm -f core
making clean in ptolemy/cg/adapter/generic/program/procedural/java/modular/adapter/ptolemy/domains/sdf/kernel
make[14]: Entering directory '/home/travis/build/icyphy/ptII/adm/gen-11.1/src/ptII11.1.devel/ptolemy/cg/adapter/generic/program/procedural/java/modular/adapters/ptolemy/domains/sdf/kernel'
rm -rf *.o *.so *~ *.bak ,* LOG* *.class *.jstmp config.cache config.log config.status manifest.tmp SDFDirector.class kernel.jar     kernel.jar 
rm -f core
make[14]: Leaving directory '/home/travis/build/icyphy/ptII/adm/gen-11.1/src/ptII11.1.devel/ptolemy/cg/adapter/generic/program/procedural/java/modular/adapters/ptolemy/domains/sdf/kernel'
make[13]: Leaving directory '/home/travis/build/icyphy/ptII/adm/gen-11.1/src/ptII11.1.devel/ptolemy/cg/adapter/generic/program/procedural/java/modular/adapters/ptolemy/domains/sdf'
make[12]: Leaving directory '/home/travis/build/icyphy/ptII/adm/gen-11.1/src/ptII11.1.devel/ptolemy/cg/adapter/generic/program/procedural/java/modular/adapters/ptolemy/domains'
make[11]: Leaving directory '/home/travis/build/icyphy/ptII/adm/gen-11.1/src/ptII11.1.devel/ptolemy/cg/adapter/generic/program/procedural/java/modular/adapters/ptolemy'
make[10]: Leaving directory '/home/travis/build/icyphy/ptII/adm/gen-11.1/src/ptII11.1.devel/ptolemy/cg/adapter/generic/program/procedural/java/modular/adapters'
make[9]: Leaving directory '/home/travis/build/icyphy/ptII/adm/gen-11.1/src/ptII11.1.devel/ptolemy/cg/adapter/generic/program/procedural/java/modular'
make[8]: Leaving directory '/home/travis/build/icyphy/ptII/adm/gen-11.1/src/ptII11.1.devel/ptolemy/cg/adapter/generic/program/procedural/java'
make[7]: Leaving directory '/home/travis/build/icyphy/ptII/adm/gen-11.1/src/ptII11.1.devel/ptolemy/cg/adapter/generic/program/procedural'
make[6]: Leaving directory '/home/travis/build/icyphy/ptII/adm/gen-11.1/src/ptII11.1.devel/ptolemy/cg/adapter/generic/program'
make[5]: Leaving directory '/home/travis/build/icyphy/ptII/adm/gen-11.1/src/ptII11.1.devel/ptolemy/cg/adapter/generic'
make[4]: Leaving directory '/home/travis/build/icyphy/ptII/adm/gen-11.1/src/ptII11.1.devel/ptolemy/cg/adapter'
making clean in ptolemy/cg/gui
make[4]: Entering directory '/home/travis/build/icyphy/ptII/adm/gen-11.1/src/ptII11.1.devel/ptolemy/cg/gui'
rm -rf *.o *.so *~ *.bak ,* LOG* *.class *.jstmp config.cache config.log config.status manifest.tmp CodeGeneratorGUI.class CodeGeneratorGUIFactory.class gui.jar     gui.jar 
rm -f core
make[4]: Leaving directory '/home/travis/build/icyphy/ptII/adm/gen-11.1/src/ptII11.1.devel/ptolemy/cg/gui'
making clean in ptolemy/cg/kernel
make[4]: Entering directory '/home/travis/build/icyphy/ptII/adm/gen-11.1/src/ptII11.1.devel/ptolemy/cg/kernel'
rm -rf *.o *.so *~ *.bak ,* LOG* *.class *.jstmp config.cache config.log config.status manifest.tmp    kernel.jar    
rm -f core
making clean in ptolemy/cg/kernel/generic
make[5]: Entering directory '/home/travis/build/icyphy/ptII/adm/gen-11.1/src/ptII11.1.devel/ptolemy/cg/kernel/generic'
rm -rf *.o *.so *~ *.bak ,* LOG* *.class *.jstmp config.cache config.log config.status manifest.tmp CGException.class CodeGeneratorAdapter.class CodeGeneratorUtilities.class GenericCodeGenerator.class ParseTreeCodeGenerator.class PortCodeGenerator.class RunnableCodeGenerator.class   generic.jar    
rm -f core
making clean in ptolemy/cg/kernel/generic/accessor
make[6]: Entering directory '/home/travis/build/icyphy/ptII/adm/gen-11.1/src/ptII11.1.devel/ptolemy/cg/kernel/generic/accessor'
rm -rf *.o *.so *~ *.bak ,* LOG* *.class *.jstmp config.cache config.log config.status manifest.tmp AccessorCodeGenerator.class AccessorCodeGeneratorAdapter.class AccessorSSHCodeGenerator.class accessor.jar     accessor.jar 
rm -f core
making clean in ptolemy/cg/kernel/generic/accessor/demo
make[7]: Entering directory '/home/travis/build/icyphy/ptII/adm/gen-11.1/src/ptII11.1.devel/ptolemy/cg/kernel/generic/accessor/demo'
rm -rf *.o *.so *~ *.bak ,* LOG* *.class *.jstmp config.cache config.log config.status manifest.tmp    demo.jar    
rm -f core
making clean in ptolemy/cg/kernel/generic/accessor/demo/TestComposite
make[8]: Entering directory '/home/travis/build/icyphy/ptII/adm/gen-11.1/src/ptII11.1.devel/ptolemy/cg/kernel/generic/accessor/demo/TestComposite'
rm -rf *.o *.so *~ *.bak ,* LOG* *.class *.jstmp config.cache config.log config.status manifest.tmp  TestComposite.jar     TestComposite.jar 
rm -f core
make[8]: Leaving directory '/home/travis/build/icyphy/ptII/adm/gen-11.1/src/ptII11.1.devel/ptolemy/cg/kernel/generic/accessor/demo/TestComposite'
make[7]: Leaving directory '/home/travis/build/icyphy/ptII/adm/gen-11.1/src/ptII11.1.devel/ptolemy/cg/kernel/generic/accessor/demo'
making clean in ptolemy/cg/kernel/generic/accessor/test
make[7]: Entering directory '/home/travis/build/icyphy/ptII/adm/gen-11.1/src/ptII11.1.devel/ptolemy/cg/kernel/generic/accessor/test'
rm -rf *.o *.so *~ *.bak ,* LOG* *.class *.jstmp config.cache config.log config.status manifest.tmp        
rm -f core
make[7]: Leaving directory '/home/travis/build/icyphy/ptII/adm/gen-11.1/src/ptII11.1.devel/ptolemy/cg/kernel/generic/accessor/test'
make[6]: Leaving directory '/home/travis/build/icyphy/ptII/adm/gen-11.1/src/ptII11.1.devel/ptolemy/cg/kernel/generic/accessor'
making clean in ptolemy/cg/kernel/generic/html
make[6]: Entering directory '/home/travis/build/icyphy/ptII/adm/gen-11.1/src/ptII11.1.devel/ptolemy/cg/kernel/generic/html'
rm -rf *.o *.so *~ *.bak ,* LOG* *.class *.jstmp config.cache config.log config.status manifest.tmp HTMLCodeGenerator.class HTMLCodeGeneratorAdapter.class html.jar     html.jar 
rm -f core
making clean in ptolemy/cg/kernel/generic/html/test
make[7]: Entering directory '/home/travis/build/icyphy/ptII/adm/gen-11.1/src/ptII11.1.devel/ptolemy/cg/kernel/generic/html/test'
rm -rf *.o *.so *~ *.bak ,* LOG* *.class *.jstmp config.cache config.log config.status manifest.tmp        
rm -f core
make[7]: Leaving directory '/home/travis/build/icyphy/ptII/adm/gen-11.1/src/ptII11.1.devel/ptolemy/cg/kernel/generic/html/test'
make[6]: Leaving directory '/home/travis/build/icyphy/ptII/adm/gen-11.1/src/ptII11.1.devel/ptolemy/cg/kernel/generic/html'
making clean in ptolemy/cg/kernel/generic/program
make[6]: Entering directory '/home/travis/build/icyphy/ptII/adm/gen-11.1/src/ptII11.1.devel/ptolemy/cg/kernel/generic/program'
rm -rf *.o *.so *~ *.bak ,* LOG* *.class *.jstmp config.cache config.log config.status manifest.tmp CodeStream.class NamedProgramCodeGeneratorAdapter.class ProgramCodeGenerator.class ProgramCodeGeneratorAdapter.class TemplateParser.class   program.jar    
rm -f core
making clean in ptolemy/cg/kernel/generic/program/procedural
make[7]: Entering directory '/home/travis/build/icyphy/ptII/adm/gen-11.1/src/ptII11.1.devel/ptolemy/cg/kernel/generic/program/procedural'
rm -rf *.o *.so *~ *.bak ,* LOG* *.class *.jstmp config.cache config.log config.status manifest.tmp ProceduralCodeGenerator.class ProceduralParseTreeCodeGenerator.class ProceduralTemplateParser.class   procedural.jar    
rm -f core
making clean in ptolemy/cg/kernel/generic/program/procedural/c
make[8]: Entering directory '/home/travis/build/icyphy/ptII/adm/gen-11.1/src/ptII11.1.devel/ptolemy/cg/kernel/generic/program/procedural/c'
rm -rf *.o *.so *~ *.bak ,* LOG* *.class *.jstmp config.cache config.log config.status manifest.tmp CCodeGenerator.class CCodegenUtilities.class CParseTreeCodeGenerator.class CTemplateParser.class   c.jar    
rm -f core
making clean in ptolemy/cg/kernel/generic/program/procedural/c/ptidyos
make[9]: Entering directory '/home/travis/build/icyphy/ptII/adm/gen-11.1/src/ptII11.1.devel/ptolemy/cg/kernel/generic/program/procedural/c/ptidyos'
rm -rf *.o *.so *~ *.bak ,* LOG* *.class *.jstmp config.cache config.log config.status manifest.tmp PtidyOSCodeGenerator.class   ptidyos.jar    
rm -f core
make[9]: Leaving directory '/home/travis/build/icyphy/ptII/adm/gen-11.1/src/ptII11.1.devel/ptolemy/cg/kernel/generic/program/procedural/c/ptidyos'
making clean in ptolemy/cg/kernel/generic/program/procedural/c/type
make[9]: Entering directory '/home/travis/build/icyphy/ptII/adm/gen-11.1/src/ptII11.1.devel/ptolemy/cg/kernel/generic/program/procedural/c/type'
rm -rf *.o *.so *~ *.bak ,* LOG* *.class *.jstmp config.cache config.log config.status manifest.tmp    type.jar    
rm -f core
making clean in ptolemy/cg/kernel/generic/program/procedural/c/type/parameterizedTemplates
make[10]: Entering directory '/home/travis/build/icyphy/ptII/adm/gen-11.1/src/ptII11.1.devel/ptolemy/cg/kernel/generic/program/procedural/c/type/parameterizedTemplates'
rm -rf *.o *.so *~ *.bak ,* LOG* *.class *.jstmp config.cache config.log config.status manifest.tmp  parameterizedTemplates.jar     parameterizedTemplates.jar 
rm -f core
make[10]: Leaving directory '/home/travis/build/icyphy/ptII/adm/gen-11.1/src/ptII11.1.devel/ptolemy/cg/kernel/generic/program/procedural/c/type/parameterizedTemplates'
making clean in ptolemy/cg/kernel/generic/program/procedural/c/type/polymorphic
make[10]: Entering directory '/home/travis/build/icyphy/ptII/adm/gen-11.1/src/ptII11.1.devel/ptolemy/cg/kernel/generic/program/procedural/c/type/polymorphic'
rm -rf *.o *.so *~ *.bak ,* LOG* *.class *.jstmp config.cache config.log config.status manifest.tmp  polymorphic.jar     polymorphic.jar 
rm -f core
make[10]: Leaving directory '/home/travis/build/icyphy/ptII/adm/gen-11.1/src/ptII11.1.devel/ptolemy/cg/kernel/generic/program/procedural/c/type/polymorphic'
make[9]: Leaving directory '/home/travis/build/icyphy/ptII/adm/gen-11.1/src/ptII11.1.devel/ptolemy/cg/kernel/generic/program/procedural/c/type'
making clean in ptolemy/cg/kernel/generic/program/procedural/c/test
make[9]: Entering directory '/home/travis/build/icyphy/ptII/adm/gen-11.1/src/ptII11.1.devel/ptolemy/cg/kernel/generic/program/procedural/c/test'
rm -rf *.o *.so *~ *.bak ,* LOG* *.class *.jstmp config.cache config.log config.status manifest.tmp        
rm -f core
make[9]: Leaving directory '/home/travis/build/icyphy/ptII/adm/gen-11.1/src/ptII11.1.devel/ptolemy/cg/kernel/generic/program/procedural/c/test'
making clean in ptolemy/cg/kernel/generic/program/procedural/c/structures
make[9]: Entering directory '/home/travis/build/icyphy/ptII/adm/gen-11.1/src/ptII11.1.devel/ptolemy/cg/kernel/generic/program/procedural/c/structures'
rm -rf *.o *.so *~ *.bak ,* LOG* *.class *.jstmp config.cache config.log config.status manifest.tmp    structures.jar    
rm -f core
make[9]: Leaving directory '/home/travis/build/icyphy/ptII/adm/gen-11.1/src/ptII11.1.devel/ptolemy/cg/kernel/generic/program/procedural/c/structures'
make[8]: Leaving directory '/home/travis/build/icyphy/ptII/adm/gen-11.1/src/ptII11.1.devel/ptolemy/cg/kernel/generic/program/procedural/c'
making clean in ptolemy/cg/kernel/generic/program/procedural/fmima
make[8]: Entering directory '/home/travis/build/icyphy/ptII/adm/gen-11.1/src/ptII11.1.devel/ptolemy/cg/kernel/generic/program/procedural/fmima'
rm -rf *.o *.so *~ *.bak ,* LOG* *.class *.jstmp config.cache config.log config.status manifest.tmp FMIMACodeGenerator.class FMIMACodeGeneratorAdapter.class FMIMAHybridCodeGenerator.class fmima.jar     fmima.jar 
rm -f core
making clean in ptolemy/cg/kernel/generic/program/procedural/fmima/test
make[9]: Entering directory '/home/travis/build/icyphy/ptII/adm/gen-11.1/src/ptII11.1.devel/ptolemy/cg/kernel/generic/program/procedural/fmima/test'
rm -rf *.o *.so *~ *.bak ,* LOG* *.class *.jstmp config.cache config.log config.status manifest.tmp        
rm -f core
make[9]: Leaving directory '/home/travis/build/icyphy/ptII/adm/gen-11.1/src/ptII11.1.devel/ptolemy/cg/kernel/generic/program/procedural/fmima/test'
make[8]: Leaving directory '/home/travis/build/icyphy/ptII/adm/gen-11.1/src/ptII11.1.devel/ptolemy/cg/kernel/generic/program/procedural/fmima'
making clean in ptolemy/cg/kernel/generic/program/procedural/fmimahybrid
make[8]: Entering directory '/home/travis/build/icyphy/ptII/adm/gen-11.1/src/ptII11.1.devel/ptolemy/cg/kernel/generic/program/procedural/fmimahybrid'
rm -rf *.o *.so *~ *.bak ,* LOG* *.class *.jstmp config.cache config.log config.status manifest.tmp  fmimahybrid.jar     fmimahybrid.jar 
rm -f core
making clean in ptolemy/cg/kernel/generic/program/procedural/fmimahybrid/test
make[9]: Entering directory '/home/travis/build/icyphy/ptII/adm/gen-11.1/src/ptII11.1.devel/ptolemy/cg/kernel/generic/program/procedural/fmimahybrid/test'
rm -rf *.o *.so *~ *.bak ,* LOG* *.class *.jstmp config.cache config.log config.status manifest.tmp        
rm -f core
make[9]: Leaving directory '/home/travis/build/icyphy/ptII/adm/gen-11.1/src/ptII11.1.devel/ptolemy/cg/kernel/generic/program/procedural/fmimahybrid/test'
make[8]: Leaving directory '/home/travis/build/icyphy/ptII/adm/gen-11.1/src/ptII11.1.devel/ptolemy/cg/kernel/generic/program/procedural/fmimahybrid'
making clean in ptolemy/cg/kernel/generic/program/procedural/java
make[8]: Entering directory '/home/travis/build/icyphy/ptII/adm/gen-11.1/src/ptII11.1.devel/ptolemy/cg/kernel/generic/program/procedural/java'
rm -rf *.o *.so *~ *.bak ,* LOG* *.class *.jstmp config.cache config.log config.status manifest.tmp AutoAdapter.class JavaCodeGenerator.class JavaParseTreeCodeGenerator.class JavaTemplateParser.class   java.jar    
rm -f core
making clean in ptolemy/cg/kernel/generic/program/procedural/java/modular
make[9]: Entering directory '/home/travis/build/icyphy/ptII/adm/gen-11.1/src/ptII11.1.devel/ptolemy/cg/kernel/generic/program/procedural/java/modular'
rm -rf *.o *.so *~ *.bak ,* LOG* *.class *.jstmp config.cache config.log config.status manifest.tmp ModularCodeGenerator.class ModularSDFCodeGenerator.class SDFModularScheduler.class   modular.jar    
rm -f core
making clean in ptolemy/cg/kernel/generic/program/procedural/java/modular/test
make[10]: Entering directory '/home/travis/build/icyphy/ptII/adm/gen-11.1/src/ptII11.1.devel/ptolemy/cg/kernel/generic/program/procedural/java/modular/test'
rm -rf *.o *.so *~ *.bak ,* LOG* *.class *.jstmp config.cache config.log config.status manifest.tmp        
rm -f core
make[10]: Leaving directory '/home/travis/build/icyphy/ptII/adm/gen-11.1/src/ptII11.1.devel/ptolemy/cg/kernel/generic/program/procedural/java/modular/test'
make[9]: Leaving directory '/home/travis/build/icyphy/ptII/adm/gen-11.1/src/ptII11.1.devel/ptolemy/cg/kernel/generic/program/procedural/java/modular'
making clean in ptolemy/cg/kernel/generic/program/procedural/java/test
make[9]: Entering directory '/home/travis/build/icyphy/ptII/adm/gen-11.1/src/ptII11.1.devel/ptolemy/cg/kernel/generic/program/procedural/java/test'
rm -rf *.o *.so *~ *.bak ,* LOG* *.class *.jstmp config.cache config.log config.status manifest.tmp ActorWithPortNameProblem.class ActorWithPrivateParameter.class CustomAdder.class ObjectTokenSink.class ObjectTokenSource.class PortParameterActor.class ReadParametersAcrossLink.class ReadParametersInContainer.class ExpressionActorToBeAutoCodeGenerated.class       
rm -f core
make[9]: Leaving directory '/home/travis/build/icyphy/ptII/adm/gen-11.1/src/ptII11.1.devel/ptolemy/cg/kernel/generic/program/procedural/java/test'
making clean in ptolemy/cg/kernel/generic/program/procedural/java/type
make[9]: Entering directory '/home/travis/build/icyphy/ptII/adm/gen-11.1/src/ptII11.1.devel/ptolemy/cg/kernel/generic/program/procedural/java/type'
rm -rf *.o *.so *~ *.bak ,* LOG* *.class *.jstmp config.cache config.log config.status manifest.tmp AlphabetizeOperation.class   type.jar    
rm -f core
making clean in ptolemy/cg/kernel/generic/program/procedural/java/type/polymorphic
make[10]: Entering directory '/home/travis/build/icyphy/ptII/adm/gen-11.1/src/ptII11.1.devel/ptolemy/cg/kernel/generic/program/procedural/java/type/polymorphic'
rm -rf *.o *.so *~ *.bak ,* LOG* *.class *.jstmp config.cache config.log config.status manifest.tmp  polymorphic.jar     polymorphic.jar 
rm -f core
make[10]: Leaving directory '/home/travis/build/icyphy/ptII/adm/gen-11.1/src/ptII11.1.devel/ptolemy/cg/kernel/generic/program/procedural/java/type/polymorphic'
make[9]: Leaving directory '/home/travis/build/icyphy/ptII/adm/gen-11.1/src/ptII11.1.devel/ptolemy/cg/kernel/generic/program/procedural/java/type'
make[8]: Leaving directory '/home/travis/build/icyphy/ptII/adm/gen-11.1/src/ptII11.1.devel/ptolemy/cg/kernel/generic/program/procedural/java'
make[7]: Leaving directory '/home/travis/build/icyphy/ptII/adm/gen-11.1/src/ptII11.1.devel/ptolemy/cg/kernel/generic/program/procedural'
making clean in ptolemy/cg/kernel/generic/program/test
make[7]: Entering directory '/home/travis/build/icyphy/ptII/adm/gen-11.1/src/ptII11.1.devel/ptolemy/cg/kernel/generic/program/test'
rm -rf *.o *.so *~ *.bak ,* LOG* *.class *.jstmp config.cache config.log config.status manifest.tmp        
rm -f core
make[7]: Leaving directory '/home/travis/build/icyphy/ptII/adm/gen-11.1/src/ptII11.1.devel/ptolemy/cg/kernel/generic/program/test'
make[6]: Leaving directory '/home/travis/build/icyphy/ptII/adm/gen-11.1/src/ptII11.1.devel/ptolemy/cg/kernel/generic/program'
making clean in ptolemy/cg/kernel/generic/syntactic
make[6]: Entering directory '/home/travis/build/icyphy/ptII/adm/gen-11.1/src/ptII11.1.devel/ptolemy/cg/kernel/generic/syntactic'
rm -rf *.o *.so *~ *.bak ,* LOG* *.class *.jstmp config.cache config.log config.status manifest.tmp SyntacticCodeGenerator.class SyntacticCodeGeneratorAdapter.class syntactic.jar     syntactic.jar 
rm -f core
make[6]: Leaving directory '/home/travis/build/icyphy/ptII/adm/gen-11.1/src/ptII11.1.devel/ptolemy/cg/kernel/generic/syntactic'
making clean in ptolemy/cg/kernel/generic/test
make[6]: Entering directory '/home/travis/build/icyphy/ptII/adm/gen-11.1/src/ptII11.1.devel/ptolemy/cg/kernel/generic/test'
rm -rf *.o *.so *~ *.bak ,* LOG* *.class *.jstmp config.cache config.log config.status manifest.tmp TestGenericCodeGenerator.class       
rm -f core
making clean in ptolemy/cg/kernel/generic/test/actor
make[7]: Entering directory '/home/travis/build/icyphy/ptII/adm/gen-11.1/src/ptII11.1.devel/ptolemy/cg/kernel/generic/test/actor'
rm -rf *.o *.so *~ *.bak ,* LOG* *.class *.jstmp config.cache config.log config.status manifest.tmp TypedCompositeActor.class actor.jar     actor.jar 
rm -f core
make[7]: Leaving directory '/home/travis/build/icyphy/ptII/adm/gen-11.1/src/ptII11.1.devel/ptolemy/cg/kernel/generic/test/actor'
make[6]: Leaving directory '/home/travis/build/icyphy/ptII/adm/gen-11.1/src/ptII11.1.devel/ptolemy/cg/kernel/generic/test'
make[5]: Leaving directory '/home/travis/build/icyphy/ptII/adm/gen-11.1/src/ptII11.1.devel/ptolemy/cg/kernel/generic'
make[4]: Leaving directory '/home/travis/build/icyphy/ptII/adm/gen-11.1/src/ptII11.1.devel/ptolemy/cg/kernel'
making clean in ptolemy/cg/lib
make[4]: Entering directory '/home/travis/build/icyphy/ptII/adm/gen-11.1/src/ptII11.1.devel/ptolemy/cg/lib'
rm -rf *.o *.so *~ *.bak ,* LOG* *.class *.jstmp config.cache config.log config.status manifest.tmp CompiledCompositeActor.class EmbeddedCodeActor.class ModularableComposite.class ModularCodeGenLazyTypedCompositeActor.class ModularCodeGenTypedCompositeActor.class ModularCompiledSDFTypedCompositeActor.class PointerToken.class Profile.class lib.jar     lib.jar 
rm -f core
making clean in ptolemy/cg/lib/demo
make[5]: Entering directory '/home/travis/build/icyphy/ptII/adm/gen-11.1/src/ptII11.1.devel/ptolemy/cg/lib/demo'
rm -rf *.o *.so *~ *.bak ,* LOG* *.class *.jstmp config.cache config.log config.status manifest.tmp    demo.jar    
rm -f core
making clean in ptolemy/cg/lib/demo/CompiledCompositeActor
make[6]: Entering directory '/home/travis/build/icyphy/ptII/adm/gen-11.1/src/ptII11.1.devel/ptolemy/cg/lib/demo/CompiledCompositeActor'
rm -rf *.o *.so *~ *.bak ,* LOG* *.class *.jstmp config.cache config.log config.status manifest.tmp  CompiledCompositeActor.jar     CompiledCompositeActor.jar 
rm -f core
make[6]: Leaving directory '/home/travis/build/icyphy/ptII/adm/gen-11.1/src/ptII11.1.devel/ptolemy/cg/lib/demo/CompiledCompositeActor'
making clean in ptolemy/cg/lib/demo/DECG
make[6]: Entering directory '/home/travis/build/icyphy/ptII/adm/gen-11.1/src/ptII11.1.devel/ptolemy/cg/lib/demo/DECG'
rm -rf *.o *.so *~ *.bak ,* LOG* *.class *.jstmp config.cache config.log config.status manifest.tmp  DECG.jar     DECG.jar 
rm -f core
make[6]: Leaving directory '/home/travis/build/icyphy/ptII/adm/gen-11.1/src/ptII11.1.devel/ptolemy/cg/lib/demo/DECG'
making clean in ptolemy/cg/lib/demo/ModularCG
make[6]: Entering directory '/home/travis/build/icyphy/ptII/adm/gen-11.1/src/ptII11.1.devel/ptolemy/cg/lib/demo/ModularCG'
rm -rf *.o *.so *~ *.bak ,* LOG* *.class *.jstmp config.cache config.log config.status manifest.tmp  ModularCG.jar     ModularCG.jar 
rm -f core
make[6]: Leaving directory '/home/travis/build/icyphy/ptII/adm/gen-11.1/src/ptII11.1.devel/ptolemy/cg/lib/demo/ModularCG'
making clean in ptolemy/cg/lib/demo/ModularCGPubSub
make[6]: Entering directory '/home/travis/build/icyphy/ptII/adm/gen-11.1/src/ptII11.1.devel/ptolemy/cg/lib/demo/ModularCGPubSub'
rm -rf *.o *.so *~ *.bak ,* LOG* *.class *.jstmp config.cache config.log config.status manifest.tmp  ModularCGPubSub.jar     ModularCGPubSub.jar 
rm -f core
make[6]: Leaving directory '/home/travis/build/icyphy/ptII/adm/gen-11.1/src/ptII11.1.devel/ptolemy/cg/lib/demo/ModularCGPubSub'
making clean in ptolemy/cg/lib/demo/Scale
make[6]: Entering directory '/home/travis/build/icyphy/ptII/adm/gen-11.1/src/ptII11.1.devel/ptolemy/cg/lib/demo/Scale'
rm -rf *.o *.so *~ *.bak ,* LOG* *.class *.jstmp config.cache config.log config.status manifest.tmp  Scale.jar     Scale.jar 
rm -f core
make[6]: Leaving directory '/home/travis/build/icyphy/ptII/adm/gen-11.1/src/ptII11.1.devel/ptolemy/cg/lib/demo/Scale'
make[5]: Leaving directory '/home/travis/build/icyphy/ptII/adm/gen-11.1/src/ptII11.1.devel/ptolemy/cg/lib/demo'
making clean in ptolemy/cg/lib/syntactic
make[5]: Entering directory '/home/travis/build/icyphy/ptII/adm/gen-11.1/src/ptII11.1.devel/ptolemy/cg/lib/syntactic'
rm -rf *.o *.so *~ *.bak ,* LOG* *.class *.jstmp config.cache config.log config.status manifest.tmp SyntacticColumn.class SyntacticContraction.class SyntacticGraph.class SyntacticName.class SyntacticNode.class SyntacticPort.class SyntacticRank.class SyntacticSeries.class SyntacticTerm.class SyntacticTermList.class syntactic.jar     syntactic.jar 
rm -f core
make[5]: Leaving directory '/home/travis/build/icyphy/ptII/adm/gen-11.1/src/ptII11.1.devel/ptolemy/cg/lib/syntactic'
making clean in ptolemy/cg/lib/test
make[5]: Entering directory '/home/travis/build/icyphy/ptII/adm/gen-11.1/src/ptII11.1.devel/ptolemy/cg/lib/test'
rm -rf *.o *.so *~ *.bak ,* LOG* *.class *.jstmp config.cache config.log config.status manifest.tmp        
rm -f core
make[5]: Leaving directory '/home/travis/build/icyphy/ptII/adm/gen-11.1/src/ptII11.1.devel/ptolemy/cg/lib/test'
making clean in ptolemy/cg/lib/testKnownFailed
make[5]: Entering directory '/home/travis/build/icyphy/ptII/adm/gen-11.1/src/ptII11.1.devel/ptolemy/cg/lib/testKnownFailed'
rm -rf *.o *.so *~ *.bak ,* LOG* *.class *.jstmp config.cache config.log config.status manifest.tmp  lib.jar     lib.jar 
rm -f core
making clean in ptolemy/cg/lib/testKnownFailed/test
make[6]: Entering directory '/home/travis/build/icyphy/ptII/adm/gen-11.1/src/ptII11.1.devel/ptolemy/cg/lib/testKnownFailed/test'
rm -rf *.o *.so *~ *.bak ,* LOG* *.class *.jstmp config.cache config.log config.status manifest.tmp        
rm -f core
make[6]: Leaving directory '/home/travis/build/icyphy/ptII/adm/gen-11.1/src/ptII11.1.devel/ptolemy/cg/lib/testKnownFailed/test'
make[5]: Leaving directory '/home/travis/build/icyphy/ptII/adm/gen-11.1/src/ptII11.1.devel/ptolemy/cg/lib/testKnownFailed'
make[4]: Leaving directory '/home/travis/build/icyphy/ptII/adm/gen-11.1/src/ptII11.1.devel/ptolemy/cg/lib'
make[3]: Leaving directory '/home/travis/build/icyphy/ptII/adm/gen-11.1/src/ptII11.1.devel/ptolemy/cg'
making clean in ptolemy/component
make[3]: Entering directory '/home/travis/build/icyphy/ptII/adm/gen-11.1/src/ptII11.1.devel/ptolemy/component'
rm -rf *.o *.so *~ *.bak ,* LOG* *.class *.jstmp config.cache config.log config.status manifest.tmp AtomicComponent.class ComponentActor.class ComponentDirector.class Component.class MethodCallPort.class Method.class component.jar     component.jar 
rm -f core
making clean in ptolemy/component/domains
make[4]: Entering directory '/home/travis/build/icyphy/ptII/adm/gen-11.1/src/ptII11.1.devel/ptolemy/component/domains'
rm -rf *.o *.so *~ *.bak ,* LOG* *.class *.jstmp config.cache config.log config.status manifest.tmp  domains.jar     domains.jar 
rm -f core
making clean in ptolemy/component/domains/ptinyos
make[5]: Entering directory '/home/travis/build/icyphy/ptII/adm/gen-11.1/src/ptII11.1.devel/ptolemy/component/domains/ptinyos'
rm -rf *.o *.so *~ *.bak ,* LOG* *.class *.jstmp config.cache config.log config.status manifest.tmp PtinyOSDirector.class ptinyos.jar     ptinyos.jar 
rm -f core
make[5]: Leaving directory '/home/travis/build/icyphy/ptII/adm/gen-11.1/src/ptII11.1.devel/ptolemy/component/domains/ptinyos'
make[4]: Leaving directory '/home/travis/build/icyphy/ptII/adm/gen-11.1/src/ptII11.1.devel/ptolemy/component/domains'
making clean in ptolemy/component/test
make[4]: Entering directory '/home/travis/build/icyphy/ptII/adm/gen-11.1/src/ptII11.1.devel/ptolemy/component/test'
rm -rf *.o *.so *~ *.bak ,* LOG* *.class *.jstmp config.cache config.log config.status manifest.tmp Counter.class Leds.class MCApplication.class       
rm -f core
make[4]: Leaving directory '/home/travis/build/icyphy/ptII/adm/gen-11.1/src/ptII11.1.devel/ptolemy/component/test'
make[3]: Leaving directory '/home/travis/build/icyphy/ptII/adm/gen-11.1/src/ptII11.1.devel/ptolemy/component'
making clean in ptolemy/configs
make[3]: Entering directory '/home/travis/build/icyphy/ptII/adm/gen-11.1/src/ptII11.1.devel/ptolemy/configs'
rm -rf *.o *.so *~ *.bak ,* LOG* *.class *.jstmp config.cache config.log config.status manifest.tmp    configs.jar    
rm -f core
making clean in ptolemy/configs/bcvtb
make[4]: Entering directory '/home/travis/build/icyphy/ptII/adm/gen-11.1/src/ptII11.1.devel/ptolemy/configs/bcvtb'
rm -rf *.o *.so *~ *.bak ,* LOG* *.class *.jstmp config.cache config.log config.status manifest.tmp  bcvtb.jar     bcvtb.jar 
rm -f core
make[4]: Leaving directory '/home/travis/build/icyphy/ptII/adm/gen-11.1/src/ptII11.1.devel/ptolemy/configs/bcvtb'
making clean in ptolemy/configs/capecode
make[4]: Entering directory '/home/travis/build/icyphy/ptII/adm/gen-11.1/src/ptII11.1.devel/ptolemy/configs/capecode'
rm -rf *.o *.so *~ *.bak ,* LOG* *.class *.jstmp config.cache config.log config.status manifest.tmp  capecode.jar     capecode.jar 
rm -f core
make[4]: Leaving directory '/home/travis/build/icyphy/ptII/adm/gen-11.1/src/ptII11.1.devel/ptolemy/configs/capecode'
making clean in ptolemy/configs/cyphysim
make[4]: Entering directory '/home/travis/build/icyphy/ptII/adm/gen-11.1/src/ptII11.1.devel/ptolemy/configs/cyphysim'
rm -rf *.o *.so *~ *.bak ,* LOG* *.class *.jstmp config.cache config.log config.status manifest.tmp  cyphysim.jar     cyphysim.jar 
rm -f core
make[4]: Leaving directory '/home/travis/build/icyphy/ptII/adm/gen-11.1/src/ptII11.1.devel/ptolemy/configs/cyphysim'
making clean in ptolemy/configs/doc
make[4]: Entering directory '/home/travis/build/icyphy/ptII/adm/gen-11.1/src/ptII11.1.devel/ptolemy/configs/doc'
rm -rf *.o *.so *~ *.bak ,* LOG* *.class *.jstmp config.cache config.log config.status manifest.tmp  doc.jar     doc.jar 
rm -f core
make[4]: Leaving directory '/home/travis/build/icyphy/ptII/adm/gen-11.1/src/ptII11.1.devel/ptolemy/configs/doc'
making clean in ptolemy/configs/dsp
make[4]: Entering directory '/home/travis/build/icyphy/ptII/adm/gen-11.1/src/ptII11.1.devel/ptolemy/configs/dsp'
rm -rf *.o *.so *~ *.bak ,* LOG* *.class *.jstmp config.cache config.log config.status manifest.tmp  dsp.jar     dsp.jar 
rm -f core
make[4]: Leaving directory '/home/travis/build/icyphy/ptII/adm/gen-11.1/src/ptII11.1.devel/ptolemy/configs/dsp'
making clean in ptolemy/configs/full
make[4]: Entering directory '/home/travis/build/icyphy/ptII/adm/gen-11.1/src/ptII11.1.devel/ptolemy/configs/full'
rm -rf *.o *.so *~ *.bak ,* LOG* *.class *.jstmp config.cache config.log config.status manifest.tmp  full.jar     full.jar 
rm -f core
make[4]: Leaving directory '/home/travis/build/icyphy/ptII/adm/gen-11.1/src/ptII11.1.devel/ptolemy/configs/full'
making clean in ptolemy/configs/fullViewer
make[4]: Entering directory '/home/travis/build/icyphy/ptII/adm/gen-11.1/src/ptII11.1.devel/ptolemy/configs/fullViewer'
rm -rf *.o *.so *~ *.bak ,* LOG* *.class *.jstmp config.cache config.log config.status manifest.tmp  fullViewer.jar     fullViewer.jar 
rm -f core
make[4]: Leaving directory '/home/travis/build/icyphy/ptII/adm/gen-11.1/src/ptII11.1.devel/ptolemy/configs/fullViewer'
making clean in ptolemy/configs/hyvisual
make[4]: Entering directory '/home/travis/build/icyphy/ptII/adm/gen-11.1/src/ptII11.1.devel/ptolemy/configs/hyvisual'
rm -rf *.o *.so *~ *.bak ,* LOG* *.class *.jstmp config.cache config.log config.status manifest.tmp  hyvisual.jar     hyvisual.jar 
rm -f core
make[4]: Leaving directory '/home/travis/build/icyphy/ptII/adm/gen-11.1/src/ptII11.1.devel/ptolemy/configs/hyvisual'
making clean in ptolemy/configs/jxta
make[4]: Entering directory '/home/travis/build/icyphy/ptII/adm/gen-11.1/src/ptII11.1.devel/ptolemy/configs/jxta'
rm -rf *.o *.so *~ *.bak ,* LOG* *.class *.jstmp config.cache config.log config.status manifest.tmp  jxta.jar     jxta.jar 
rm -f core
make[4]: Leaving directory '/home/travis/build/icyphy/ptII/adm/gen-11.1/src/ptII11.1.devel/ptolemy/configs/jxta'
making clean in ptolemy/configs/test
make[4]: Entering directory '/home/travis/build/icyphy/ptII/adm/gen-11.1/src/ptII11.1.devel/ptolemy/configs/test'
rm -rf *.o *.so *~ *.bak ,* LOG* *.class *.jstmp config.cache config.log config.status manifest.tmp ValidatingXMLParser.class       
rm -f core
make[4]: Leaving directory '/home/travis/build/icyphy/ptII/adm/gen-11.1/src/ptII11.1.devel/ptolemy/configs/test'
making clean in ptolemy/configs/pn
make[4]: Entering directory '/home/travis/build/icyphy/ptII/adm/gen-11.1/src/ptII11.1.devel/ptolemy/configs/pn'
rm -rf *.o *.so *~ *.bak ,* LOG* *.class *.jstmp config.cache config.log config.status manifest.tmp  pn.jar     pn.jar 
rm -f core
make[4]: Leaving directory '/home/travis/build/icyphy/ptII/adm/gen-11.1/src/ptII11.1.devel/ptolemy/configs/pn'
making clean in ptolemy/configs/ptiny
make[4]: Entering directory '/home/travis/build/icyphy/ptII/adm/gen-11.1/src/ptII11.1.devel/ptolemy/configs/ptiny'
rm -rf *.o *.so *~ *.bak ,* LOG* *.class *.jstmp config.cache config.log config.status manifest.tmp  ptiny.jar     ptiny.jar 
rm -f core
make[4]: Leaving directory '/home/travis/build/icyphy/ptII/adm/gen-11.1/src/ptII11.1.devel/ptolemy/configs/ptiny'
making clean in ptolemy/configs/ptinyKepler
make[4]: Entering directory '/home/travis/build/icyphy/ptII/adm/gen-11.1/src/ptII11.1.devel/ptolemy/configs/ptinyKepler'
rm -rf *.o *.so *~ *.bak ,* LOG* *.class *.jstmp config.cache config.log config.status manifest.tmp  ptinyKepler.jar     ptinyKepler.jar 
rm -f core
make[4]: Leaving directory '/home/travis/build/icyphy/ptII/adm/gen-11.1/src/ptII11.1.devel/ptolemy/configs/ptinyKepler'
making clean in ptolemy/configs/ptinyViewer
make[4]: Entering directory '/home/travis/build/icyphy/ptII/adm/gen-11.1/src/ptII11.1.devel/ptolemy/configs/ptinyViewer'
rm -rf *.o *.so *~ *.bak ,* LOG* *.class *.jstmp config.cache config.log config.status manifest.tmp  ptinyViewer.jar     ptinyViewer.jar 
rm -f core
make[4]: Leaving directory '/home/travis/build/icyphy/ptII/adm/gen-11.1/src/ptII11.1.devel/ptolemy/configs/ptinyViewer'
making clean in ptolemy/configs/ptserver
make[4]: Entering directory '/home/travis/build/icyphy/ptII/adm/gen-11.1/src/ptII11.1.devel/ptolemy/configs/ptserver'
rm -rf *.o *.so *~ *.bak ,* LOG* *.class *.jstmp config.cache config.log config.status manifest.tmp  ptserver.jar     ptserver.jar 
rm -f core
make[4]: Leaving directory '/home/travis/build/icyphy/ptII/adm/gen-11.1/src/ptII11.1.devel/ptolemy/configs/ptserver'
making clean in ptolemy/configs/space
make[4]: Entering directory '/home/travis/build/icyphy/ptII/adm/gen-11.1/src/ptII11.1.devel/ptolemy/configs/space'
rm -rf *.o *.so *~ *.bak ,* LOG* *.class *.jstmp config.cache config.log config.status manifest.tmp  space.jar     space.jar 
rm -f core
make[4]: Leaving directory '/home/travis/build/icyphy/ptII/adm/gen-11.1/src/ptII11.1.devel/ptolemy/configs/space'
making clean in ptolemy/configs/viptos
make[4]: Entering directory '/home/travis/build/icyphy/ptII/adm/gen-11.1/src/ptII11.1.devel/ptolemy/configs/viptos'
rm -rf *.o *.so *~ *.bak ,* LOG* *.class *.jstmp config.cache config.log config.status manifest.tmp  viptos.jar     viptos.jar 
rm -f core
make[4]: Leaving directory '/home/travis/build/icyphy/ptII/adm/gen-11.1/src/ptII11.1.devel/ptolemy/configs/viptos'
making clean in ptolemy/configs/visualsense
make[4]: Entering directory '/home/travis/build/icyphy/ptII/adm/gen-11.1/src/ptII11.1.devel/ptolemy/configs/visualsense'
rm -rf *.o *.so *~ *.bak ,* LOG* *.class *.jstmp config.cache config.log config.status manifest.tmp  visualsense.jar     visualsense.jar 
rm -f core
make[4]: Leaving directory '/home/travis/build/icyphy/ptII/adm/gen-11.1/src/ptII11.1.devel/ptolemy/configs/visualsense'
make[3]: Leaving directory '/home/travis/build/icyphy/ptII/adm/gen-11.1/src/ptII11.1.devel/ptolemy/configs'
making clean in ptolemy/distributed
make[3]: Entering directory '/home/travis/build/icyphy/ptII/adm/gen-11.1/src/ptII11.1.devel/ptolemy/distributed'
rm -rf *.o *.so *~ *.bak ,* LOG* *.class *.jstmp config.cache config.log config.status manifest.tmp    distributed.jar    
rm -f core
making clean in ptolemy/distributed/actor
make[4]: Entering directory '/home/travis/build/icyphy/ptII/adm/gen-11.1/src/ptII11.1.devel/ptolemy/distributed/actor'
rm -rf *.o *.so *~ *.bak ,* LOG* *.class *.jstmp config.cache config.log config.status manifest.tmp DistributedDirector.class DistributedReceiver.class DistributedTypedCompositeActor.class DistributedTypedIORelation.class   actor.jar    
rm -f core
making clean in ptolemy/distributed/actor/lib
make[5]: Entering directory '/home/travis/build/icyphy/ptII/adm/gen-11.1/src/ptII11.1.devel/ptolemy/distributed/actor/lib'
rm -rf *.o *.so *~ *.bak ,* LOG* *.class *.jstmp config.cache config.log config.status manifest.tmp DistributedLineWriter.class lib.jar     lib.jar 
rm -f core
make[5]: Leaving directory '/home/travis/build/icyphy/ptII/adm/gen-11.1/src/ptII11.1.devel/ptolemy/distributed/actor/lib'
make[4]: Leaving directory '/home/travis/build/icyphy/ptII/adm/gen-11.1/src/ptII11.1.devel/ptolemy/distributed/actor'
making clean in ptolemy/distributed/client
make[4]: Entering directory '/home/travis/build/icyphy/ptII/adm/gen-11.1/src/ptII11.1.devel/ptolemy/distributed/client'
rm -rf *.o *.so *~ *.bak ,* LOG* *.class *.jstmp config.cache config.log config.status manifest.tmp ClientServerInteractionManager.class ClientThread.class ThreadSynchronizer.class client.jar     client.jar 
rm -f core
make[4]: Leaving directory '/home/travis/build/icyphy/ptII/adm/gen-11.1/src/ptII11.1.devel/ptolemy/distributed/client'
making clean in ptolemy/distributed/common
make[4]: Entering directory '/home/travis/build/icyphy/ptII/adm/gen-11.1/src/ptII11.1.devel/ptolemy/distributed/common'
rm -rf *.o *.so *~ *.bak ,* LOG* *.class *.jstmp config.cache config.log config.status manifest.tmp DistributedActor.class common.jar     common.jar 
rm -f core
make[4]: Leaving directory '/home/travis/build/icyphy/ptII/adm/gen-11.1/src/ptII11.1.devel/ptolemy/distributed/common'
making clean in ptolemy/distributed/config
make[4]: Entering directory '/home/travis/build/icyphy/ptII/adm/gen-11.1/src/ptII11.1.devel/ptolemy/distributed/config'
rm -rf *.o *.so *~ *.bak ,* LOG* *.class *.jstmp config.cache config.log config.status manifest.tmp  config.jar     config.jar 
rm -f core
make[4]: Leaving directory '/home/travis/build/icyphy/ptII/adm/gen-11.1/src/ptII11.1.devel/ptolemy/distributed/config'
making clean in ptolemy/distributed/domains
make[4]: Entering directory '/home/travis/build/icyphy/ptII/adm/gen-11.1/src/ptII11.1.devel/ptolemy/distributed/domains'
rm -rf *.o *.so *~ *.bak ,* LOG* *.class *.jstmp config.cache config.log config.status manifest.tmp    domains.jar    
rm -f core
making clean in ptolemy/distributed/domains/sdf
make[5]: Entering directory '/home/travis/build/icyphy/ptII/adm/gen-11.1/src/ptII11.1.devel/ptolemy/distributed/domains/sdf'
rm -rf *.o *.so *~ *.bak ,* LOG* *.class *.jstmp config.cache config.log config.status manifest.tmp    sdf.jar    
rm -f core
making clean in ptolemy/distributed/domains/sdf/kernel
make[6]: Entering directory '/home/travis/build/icyphy/ptII/adm/gen-11.1/src/ptII11.1.devel/ptolemy/distributed/domains/sdf/kernel'
rm -rf *.o *.so *~ *.bak ,* LOG* *.class *.jstmp config.cache config.log config.status manifest.tmp DistributedSDFDirector.class DistributedSDFReceiver.class DistributedSDFScheduler.class kernel.jar     kernel.jar 
rm -f core
making clean in ptolemy/distributed/domains/sdf/kernel/test
make[7]: Entering directory '/home/travis/build/icyphy/ptII/adm/gen-11.1/src/ptII11.1.devel/ptolemy/distributed/domains/sdf/kernel/test'
rm -rf *.o *.so *~ *.bak ,* LOG* *.class *.jstmp config.cache config.log config.status manifest.tmp        
rm -f core
make[7]: Leaving directory '/home/travis/build/icyphy/ptII/adm/gen-11.1/src/ptII11.1.devel/ptolemy/distributed/domains/sdf/kernel/test'
make[6]: Leaving directory '/home/travis/build/icyphy/ptII/adm/gen-11.1/src/ptII11.1.devel/ptolemy/distributed/domains/sdf/kernel'
make[5]: Leaving directory '/home/travis/build/icyphy/ptII/adm/gen-11.1/src/ptII11.1.devel/ptolemy/distributed/domains/sdf'
make[4]: Leaving directory '/home/travis/build/icyphy/ptII/adm/gen-11.1/src/ptII11.1.devel/ptolemy/distributed/domains'
making clean in ptolemy/distributed/jini
make[4]: Entering directory '/home/travis/build/icyphy/ptII/adm/gen-11.1/src/ptII11.1.devel/ptolemy/distributed/jini'
rm -rf *.o *.so *~ *.bak ,* LOG* *.class *.jstmp config.cache config.log config.status manifest.tmp    jini.jar    
rm -f core
making clean in ptolemy/distributed/jini/config
make[5]: Entering directory '/home/travis/build/icyphy/ptII/adm/gen-11.1/src/ptII11.1.devel/ptolemy/distributed/jini/config'
rm -rf *.o *.so *~ *.bak ,* LOG* *.class *.jstmp config.cache config.log config.status manifest.tmp  config.jar     config.jar 
rm -f core
make[5]: Leaving directory '/home/travis/build/icyphy/ptII/adm/gen-11.1/src/ptII11.1.devel/ptolemy/distributed/jini/config'
make[4]: Leaving directory '/home/travis/build/icyphy/ptII/adm/gen-11.1/src/ptII11.1.devel/ptolemy/distributed/jini'
making clean in ptolemy/distributed/rmi
make[4]: Entering directory '/home/travis/build/icyphy/ptII/adm/gen-11.1/src/ptII11.1.devel/ptolemy/distributed/rmi'
rm -rf *.o *.so *~ *.bak ,* LOG* *.class *.jstmp config.cache config.log config.status manifest.tmp DistributedActorWrapper.class DistributedServerRMIGeneric.class RemoteDistributedActor.class rmi.jar     rmi.jar 
rm -f core
make[4]: Leaving directory '/home/travis/build/icyphy/ptII/adm/gen-11.1/src/ptII11.1.devel/ptolemy/distributed/rmi'
making clean in ptolemy/distributed/util
make[4]: Entering directory '/home/travis/build/icyphy/ptII/adm/gen-11.1/src/ptII11.1.devel/ptolemy/distributed/util'
rm -rf *.o *.so *~ *.bak ,* LOG* *.class *.jstmp config.cache config.log config.status manifest.tmp DistributedUtilities.class util.jar     util.jar 
rm -f core
make[4]: Leaving directory '/home/travis/build/icyphy/ptII/adm/gen-11.1/src/ptII11.1.devel/ptolemy/distributed/util'
making clean in ptolemy/distributed/demo
make[4]: Entering directory '/home/travis/build/icyphy/ptII/adm/gen-11.1/src/ptII11.1.devel/ptolemy/distributed/demo'
rm -rf *.o *.so *~ *.bak ,* LOG* *.class *.jstmp config.cache config.log config.status manifest.tmp    demo.jar    
rm -f core
making clean in ptolemy/distributed/demo/Sleep
make[5]: Entering directory '/home/travis/build/icyphy/ptII/adm/gen-11.1/src/ptII11.1.devel/ptolemy/distributed/demo/Sleep'
rm -rf *.o *.so *~ *.bak ,* LOG* *.class *.jstmp config.cache config.log config.status manifest.tmp  Sleep.jar     Sleep.jar 
rm -f core
make[5]: Leaving directory '/home/travis/build/icyphy/ptII/adm/gen-11.1/src/ptII11.1.devel/ptolemy/distributed/demo/Sleep'
make[4]: Leaving directory '/home/travis/build/icyphy/ptII/adm/gen-11.1/src/ptII11.1.devel/ptolemy/distributed/demo'
make[3]: Leaving directory '/home/travis/build/icyphy/ptII/adm/gen-11.1/src/ptII11.1.devel/ptolemy/distributed'
making clean in ptolemy/ptp
make[3]: Entering directory '/home/travis/build/icyphy/ptII/adm/gen-11.1/src/ptII11.1.devel/ptolemy/ptp'
rm -rf *.o *.so *~ *.bak ,* LOG* *.class *.jstmp config.cache config.log config.status manifest.tmp  ptp.jar     ptp.jar 
rm -f core
making clean in ptolemy/ptp/demo
make[4]: Entering directory '/home/travis/build/icyphy/ptII/adm/gen-11.1/src/ptII11.1.devel/ptolemy/ptp/demo'
rm -rf *.o *.so *~ *.bak ,* LOG* *.class *.jstmp config.cache config.log config.status manifest.tmp    demo.jar    
rm -f core
making clean in ptolemy/ptp/demo/Xylophone
make[5]: Entering directory '/home/travis/build/icyphy/ptII/adm/gen-11.1/src/ptII11.1.devel/ptolemy/ptp/demo/Xylophone'
rm -rf *.o *.so *~ *.bak ,* LOG* *.class *.jstmp config.cache config.log config.status manifest.tmp  Xylophone.jar     Xylophone.jar 
rm -f core
make[5]: Leaving directory '/home/travis/build/icyphy/ptII/adm/gen-11.1/src/ptII11.1.devel/ptolemy/ptp/demo/Xylophone'
make[4]: Leaving directory '/home/travis/build/icyphy/ptII/adm/gen-11.1/src/ptII11.1.devel/ptolemy/ptp/demo'
make[3]: Leaving directory '/home/travis/build/icyphy/ptII/adm/gen-11.1/src/ptII11.1.devel/ptolemy/ptp'
making clean in ptolemy/caltrop
make[3]: Entering directory '/home/travis/build/icyphy/ptII/adm/gen-11.1/src/ptII11.1.devel/ptolemy/caltrop'
rm -rf *.o *.so *~ *.bak ,* LOG* *.class *.jstmp config.cache config.log config.status manifest.tmp CalIOException.class FunctionCallException.class PtolemyPlatform.class   caltrop.jar    
rm -f core
making clean in ptolemy/caltrop/actors
make[4]: Entering directory '/home/travis/build/icyphy/ptII/adm/gen-11.1/src/ptII11.1.devel/ptolemy/caltrop/actors'
rm -rf *.o *.so *~ *.bak ,* LOG* *.class *.jstmp config.cache config.log config.status manifest.tmp AbstractCalInterpreter.class CalInterpreter.class actors.jar     actors.jar 
rm -f core
make[4]: Leaving directory '/home/travis/build/icyphy/ptII/adm/gen-11.1/src/ptII11.1.devel/ptolemy/caltrop/actors'
making clean in ptolemy/caltrop/ddi
make[4]: Entering directory '/home/travis/build/icyphy/ptII/adm/gen-11.1/src/ptII11.1.devel/ptolemy/caltrop/ddi'
rm -rf *.o *.so *~ *.bak ,* LOG* *.class *.jstmp config.cache config.log config.status manifest.tmp AbstractDDI.class CSP.class CSPFactory.class DDF.class DDFFactory.class DDI.class DDIException.class DDIFactory.class DFInputChannel.class DFOutputChannel.class Dataflow.class DataflowWithRates.class SDF.class SDFFactory.class   ddi.jar    
rm -f core
making clean in ptolemy/caltrop/ddi/util
make[5]: Entering directory '/home/travis/build/icyphy/ptII/adm/gen-11.1/src/ptII11.1.devel/ptolemy/caltrop/ddi/util'
rm -rf *.o *.so *~ *.bak ,* LOG* *.class *.jstmp config.cache config.log config.status manifest.tmp DataMapEnvironment.class DataflowActorInterpreter.class DataflowWithRatesActorInterpreter.class util.jar     util.jar 
rm -f core
make[5]: Leaving directory '/home/travis/build/icyphy/ptII/adm/gen-11.1/src/ptII11.1.devel/ptolemy/caltrop/ddi/util'
make[4]: Leaving directory '/home/travis/build/icyphy/ptII/adm/gen-11.1/src/ptII11.1.devel/ptolemy/caltrop/ddi'
making clean in ptolemy/caltrop/util
make[4]: Entering directory '/home/travis/build/icyphy/ptII/adm/gen-11.1/src/ptII11.1.devel/ptolemy/caltrop/util'
rm -rf *.o *.so *~ *.bak ,* LOG* *.class *.jstmp config.cache config.log config.status manifest.tmp IntegerList.class PtArrayList.class PtCalFunction.class util.jar     util.jar 
rm -f core
making clean in ptolemy/caltrop/util/test
make[5]: Entering directory '/home/travis/build/icyphy/ptII/adm/gen-11.1/src/ptII11.1.devel/ptolemy/caltrop/util/test'
rm -rf *.o *.so *~ *.bak ,* LOG* *.class *.jstmp config.cache config.log config.status manifest.tmp        
rm -f core
make[5]: Leaving directory '/home/travis/build/icyphy/ptII/adm/gen-11.1/src/ptII11.1.devel/ptolemy/caltrop/util/test'
make[4]: Leaving directory '/home/travis/build/icyphy/ptII/adm/gen-11.1/src/ptII11.1.devel/ptolemy/caltrop/util'
making clean in ptolemy/caltrop/demo
make[4]: Entering directory '/home/travis/build/icyphy/ptII/adm/gen-11.1/src/ptII11.1.devel/ptolemy/caltrop/demo'
rm -rf *.o *.so *~ *.bak ,* LOG* *.class *.jstmp config.cache config.log config.status manifest.tmp    demo.jar    
rm -f core
making clean in ptolemy/caltrop/demo/FunctionClosures
make[5]: Entering directory '/home/travis/build/icyphy/ptII/adm/gen-11.1/src/ptII11.1.devel/ptolemy/caltrop/demo/FunctionClosures'
rm -rf *.o *.so *~ *.bak ,* LOG* *.class *.jstmp config.cache config.log config.status manifest.tmp  FunctionClosures.jar     FunctionClosures.jar 
rm -f core
make[5]: Leaving directory '/home/travis/build/icyphy/ptII/adm/gen-11.1/src/ptII11.1.devel/ptolemy/caltrop/demo/FunctionClosures'
making clean in ptolemy/caltrop/demo/FunctionDefinition
make[5]: Entering directory '/home/travis/build/icyphy/ptII/adm/gen-11.1/src/ptII11.1.devel/ptolemy/caltrop/demo/FunctionDefinition'
rm -rf *.o *.so *~ *.bak ,* LOG* *.class *.jstmp config.cache config.log config.status manifest.tmp  FunctionDefinition.jar     FunctionDefinition.jar 
rm -f core
make[5]: Leaving directory '/home/travis/build/icyphy/ptII/adm/gen-11.1/src/ptII11.1.devel/ptolemy/caltrop/demo/FunctionDefinition'
making clean in ptolemy/caltrop/demo/Primes
make[5]: Entering directory '/home/travis/build/icyphy/ptII/adm/gen-11.1/src/ptII11.1.devel/ptolemy/caltrop/demo/Primes'
rm -rf *.o *.so *~ *.bak ,* LOG* *.class *.jstmp config.cache config.log config.status manifest.tmp  Primes.jar     Primes.jar 
rm -f core
make[5]: Leaving directory '/home/travis/build/icyphy/ptII/adm/gen-11.1/src/ptII11.1.devel/ptolemy/caltrop/demo/Primes'
making clean in ptolemy/caltrop/demo/SDFDDI
make[5]: Entering directory '/home/travis/build/icyphy/ptII/adm/gen-11.1/src/ptII11.1.devel/ptolemy/caltrop/demo/SDFDDI'
rm -rf *.o *.so *~ *.bak ,* LOG* *.class *.jstmp config.cache config.log config.status manifest.tmp  SDFDDI.jar     SDFDDI.jar 
rm -f core
make[5]: Leaving directory '/home/travis/build/icyphy/ptII/adm/gen-11.1/src/ptII11.1.devel/ptolemy/caltrop/demo/SDFDDI'
make[4]: Leaving directory '/home/travis/build/icyphy/ptII/adm/gen-11.1/src/ptII11.1.devel/ptolemy/caltrop/demo'
making clean in ptolemy/caltrop/doc
make[4]: Entering directory '/home/travis/build/icyphy/ptII/adm/gen-11.1/src/ptII11.1.devel/ptolemy/caltrop/doc'
rm -rf *.o *.so *~ *.bak ,* LOG* *.class *.jstmp config.cache config.log config.status manifest.tmp  doc.jar     doc.jar 
rm -f core
make[4]: Leaving directory '/home/travis/build/icyphy/ptII/adm/gen-11.1/src/ptII11.1.devel/ptolemy/caltrop/doc'
making clean in ptolemy/caltrop/test
make[4]: Entering directory '/home/travis/build/icyphy/ptII/adm/gen-11.1/src/ptII11.1.devel/ptolemy/caltrop/test'
rm -rf *.o *.so *~ *.bak ,* LOG* *.class *.jstmp config.cache config.log config.status manifest.tmp        
rm -f core
make[4]: Leaving directory '/home/travis/build/icyphy/ptII/adm/gen-11.1/src/ptII11.1.devel/ptolemy/caltrop/test'
make[3]: Leaving directory '/home/travis/build/icyphy/ptII/adm/gen-11.1/src/ptII11.1.devel/ptolemy/caltrop'
making clean in ptolemy/demo
make[3]: Entering directory '/home/travis/build/icyphy/ptII/adm/gen-11.1/src/ptII11.1.devel/ptolemy/demo'
rm -rf *.o *.so *~ *.bak ,* LOG* *.class *.jstmp config.cache config.log config.status manifest.tmp     demo.jar   *.jar
rm -f core
making clean in ptolemy/demo/doc
make[4]: Entering directory '/home/travis/build/icyphy/ptII/adm/gen-11.1/src/ptII11.1.devel/ptolemy/demo/doc'
rm -rf *.o *.so *~ *.bak ,* LOG* *.class *.jstmp config.cache config.log config.status manifest.tmp  doc.jar     doc.jar 
rm -f core
make[4]: Leaving directory '/home/travis/build/icyphy/ptII/adm/gen-11.1/src/ptII11.1.devel/ptolemy/demo/doc'
making clean in ptolemy/demo/AirManagementSystem
make[4]: Entering directory '/home/travis/build/icyphy/ptII/adm/gen-11.1/src/ptII11.1.devel/ptolemy/demo/AirManagementSystem'
rm -rf *.o *.so *~ *.bak ,* LOG* *.class *.jstmp config.cache config.log config.status manifest.tmp  AirManagementSystem.jar     AirManagementSystem.jar *.jar
rm -f core
make[4]: Leaving directory '/home/travis/build/icyphy/ptII/adm/gen-11.1/src/ptII11.1.devel/ptolemy/demo/AirManagementSystem'
making clean in ptolemy/demo/ElectricPowerSystem
make[4]: Entering directory '/home/travis/build/icyphy/ptII/adm/gen-11.1/src/ptII11.1.devel/ptolemy/demo/ElectricPowerSystem'
rm -rf *.o *.so *~ *.bak ,* LOG* *.class *.jstmp config.cache config.log config.status manifest.tmp  ElectricPowerSystem.jar     ElectricPowerSystem.jar *.jar
rm -f core
make[4]: Leaving directory '/home/travis/build/icyphy/ptII/adm/gen-11.1/src/ptII11.1.devel/ptolemy/demo/ElectricPowerSystem'
making clean in ptolemy/demo/EnterpriseOntology
make[4]: Entering directory '/home/travis/build/icyphy/ptII/adm/gen-11.1/src/ptII11.1.devel/ptolemy/demo/EnterpriseOntology'
rm -rf *.o *.so *~ *.bak ,* LOG* *.class *.jstmp config.cache config.log config.status manifest.tmp  EnterpriseOntology.jar     EnterpriseOntology.jar *.jar
rm -f core
make[4]: Leaving directory '/home/travis/build/icyphy/ptII/adm/gen-11.1/src/ptII11.1.devel/ptolemy/demo/EnterpriseOntology'
making clean in ptolemy/demo/ExecDemos
make[4]: Entering directory '/home/travis/build/icyphy/ptII/adm/gen-11.1/src/ptII11.1.devel/ptolemy/demo/ExecDemos'
rm -rf *.o *.so *~ *.bak ,* LOG* *.class *.jstmp config.cache config.log config.status manifest.tmp     ExecDemos.jar   *.jar
rm -f core
making clean in ptolemy/demo/ExecDemos/Demos
make[5]: Entering directory '/home/travis/build/icyphy/ptII/adm/gen-11.1/src/ptII11.1.devel/ptolemy/demo/ExecDemos/Demos'
rm -rf *.o *.so *~ *.bak ,* LOG* *.class *.jstmp config.cache config.log config.status manifest.tmp  Demos.jar     Demos.jar 
rm -f core
make[5]: Leaving directory '/home/travis/build/icyphy/ptII/adm/gen-11.1/src/ptII11.1.devel/ptolemy/demo/ExecDemos/Demos'
make[4]: Leaving directory '/home/travis/build/icyphy/ptII/adm/gen-11.1/src/ptII11.1.devel/ptolemy/demo/ExecDemos'
making clean in ptolemy/demo/FuelSystem
make[4]: Entering directory '/home/travis/build/icyphy/ptII/adm/gen-11.1/src/ptII11.1.devel/ptolemy/demo/FuelSystem'
rm -rf *.o *.so *~ *.bak ,* LOG* *.class *.jstmp config.cache config.log config.status manifest.tmp  FuelSystem.jar     FuelSystem.jar *.jar
rm -f core
make[4]: Leaving directory '/home/travis/build/icyphy/ptII/adm/gen-11.1/src/ptII11.1.devel/ptolemy/demo/FuelSystem'
making clean in ptolemy/demo/ProbabilisticModels
make[4]: Entering directory '/home/travis/build/icyphy/ptII/adm/gen-11.1/src/ptII11.1.devel/ptolemy/demo/ProbabilisticModels'
rm -rf *.o *.so *~ *.bak ,* LOG* *.class *.jstmp config.cache config.log config.status manifest.tmp  ProbabilisticModels.jar     ProbabilisticModels.jar *.jar
rm -f core
make[4]: Leaving directory '/home/travis/build/icyphy/ptII/adm/gen-11.1/src/ptII11.1.devel/ptolemy/demo/ProbabilisticModels'
making clean in ptolemy/demo/RobotMPC
make[4]: Entering directory '/home/travis/build/icyphy/ptII/adm/gen-11.1/src/ptII11.1.devel/ptolemy/demo/RobotMPC'
rm -rf *.o *.so *~ *.bak ,* LOG* *.class *.jstmp config.cache config.log config.status manifest.tmp  RobotMPC.jar     RobotMPC.jar *.jar
rm -f core
make[4]: Leaving directory '/home/travis/build/icyphy/ptII/adm/gen-11.1/src/ptII11.1.devel/ptolemy/demo/RobotMPC'
making clean in ptolemy/demo/PLC
make[4]: Entering directory '/home/travis/build/icyphy/ptII/adm/gen-11.1/src/ptII11.1.devel/ptolemy/demo/PLC'
rm -rf *.o *.so *~ *.bak ,* LOG* *.class *.jstmp config.cache config.log config.status manifest.tmp  PLC.jar     PLC.jar 
rm -f core
make[4]: Leaving directory '/home/travis/build/icyphy/ptII/adm/gen-11.1/src/ptII11.1.devel/ptolemy/demo/PLC'
making clean in ptolemy/demo/test
make[4]: Entering directory '/home/travis/build/icyphy/ptII/adm/gen-11.1/src/ptII11.1.devel/ptolemy/demo/test'
rm -rf *.o *.so *~ *.bak ,* LOG* *.class *.jstmp config.cache config.log config.status manifest.tmp        
rm -f core
make[4]: Leaving directory '/home/travis/build/icyphy/ptII/adm/gen-11.1/src/ptII11.1.devel/ptolemy/demo/test'
making clean in ptolemy/demo/CapeCode
make[4]: Entering directory '/home/travis/build/icyphy/ptII/adm/gen-11.1/src/ptII11.1.devel/ptolemy/demo/CapeCode'
rm -rf *.o *.so *~ *.bak ,* LOG* *.class *.jstmp config.cache config.log config.status manifest.tmp  CapeCode.jar     CapeCode.jar 
rm -f core
make[4]: Leaving directory '/home/travis/build/icyphy/ptII/adm/gen-11.1/src/ptII11.1.devel/ptolemy/demo/CapeCode'
making clean in ptolemy/demo/Office
make[4]: Entering directory '/home/travis/build/icyphy/ptII/adm/gen-11.1/src/ptII11.1.devel/ptolemy/demo/Office'
rm -rf *.o *.so *~ *.bak ,* LOG* *.class *.jstmp config.cache config.log config.status manifest.tmp  Office.jar     Office.jar 
rm -f core
make[4]: Leaving directory '/home/travis/build/icyphy/ptII/adm/gen-11.1/src/ptII11.1.devel/ptolemy/demo/Office'
making clean in ptolemy/demo/Quarry
make[4]: Entering directory '/home/travis/build/icyphy/ptII/adm/gen-11.1/src/ptII11.1.devel/ptolemy/demo/Quarry'
rm -rf *.o *.so *~ *.bak ,* LOG* *.class *.jstmp config.cache config.log config.status manifest.tmp  Quarry.jar     Quarry.jar 
rm -f core
make[4]: Leaving directory '/home/travis/build/icyphy/ptII/adm/gen-11.1/src/ptII11.1.devel/ptolemy/demo/Quarry'
make[3]: Leaving directory '/home/travis/build/icyphy/ptII/adm/gen-11.1/src/ptII11.1.devel/ptolemy/demo'
make[2]: Leaving directory '/home/travis/build/icyphy/ptII/adm/gen-11.1/src/ptII11.1.devel/ptolemy'
making clean in ./lbnl
make[2]: Entering directory '/home/travis/build/icyphy/ptII/adm/gen-11.1/src/ptII11.1.devel/lbnl'
rm -rf *.o *.so *~ *.bak ,* LOG* *.class *.jstmp config.cache config.log config.status manifest.tmp    lbnl.jar    
rm -f core
making clean in lbnl/lib
make[3]: Entering directory '/home/travis/build/icyphy/ptII/adm/gen-11.1/src/ptII11.1.devel/lbnl/lib'
rm -rf *.o *.so *~ *.bak ,* LOG* *.class *.jstmp config.cache config.log config.status manifest.tmp    lib.jar    
rm -f core
making clean in lbnl/lib/util
makefile:159: warning: overriding recipe for target 'lbnlutil.jar'
../../../mk/ptcommon.mk:352: warning: ignoring old recipe for target 'lbnlutil.jar'
make[4]: Entering directory '/home/travis/build/icyphy/ptII/adm/gen-11.1/src/ptII11.1.devel/lbnl/lib/util'
rm -f ptmatlab.h *.o libbcvtb.so
rm -rf *.o *.so *~ *.bak ,* LOG* *.class *.jstmp config.cache config.log config.status manifest.tmp  lbnlutil.jar     lbnlutil.jar libbcvtb.so libbcvtb.so.* libbcvtb.so *.dSYM *.jar
rm -f core
make[4]: Leaving directory '/home/travis/build/icyphy/ptII/adm/gen-11.1/src/ptII11.1.devel/lbnl/lib/util'
making clean in lbnl/lib/xml
make[4]: Entering directory '/home/travis/build/icyphy/ptII/adm/gen-11.1/src/ptII11.1.devel/lbnl/lib/xml'
rm -rf *.o *.so *~ *.bak ,* LOG* *.class *.jstmp config.cache config.log config.status manifest.tmp    xml.jar    
rm -f core
making clean in lbnl/lib/xml/build
make[5]: Entering directory '/home/travis/build/icyphy/ptII/adm/gen-11.1/src/ptII11.1.devel/lbnl/lib/xml/build'
rm -rf *.o *.so *~ *.bak ,* LOG* *.class *.jstmp config.cache config.log config.status manifest.tmp    build.jar    
rm -f core
making clean in lbnl/lib/xml/build/jar
make[6]: Entering directory '/home/travis/build/icyphy/ptII/adm/gen-11.1/src/ptII11.1.devel/lbnl/lib/xml/build/jar'
rm -rf *.o *.so *~ *.bak ,* LOG* *.class *.jstmp config.cache config.log config.status manifest.tmp  jar.jar     jar.jar 
rm -f core
make[6]: Leaving directory '/home/travis/build/icyphy/ptII/adm/gen-11.1/src/ptII11.1.devel/lbnl/lib/xml/build/jar'
make[5]: Leaving directory '/home/travis/build/icyphy/ptII/adm/gen-11.1/src/ptII11.1.devel/lbnl/lib/xml/build'
make[4]: Leaving directory '/home/travis/build/icyphy/ptII/adm/gen-11.1/src/ptII11.1.devel/lbnl/lib/xml'
make[3]: Leaving directory '/home/travis/build/icyphy/ptII/adm/gen-11.1/src/ptII11.1.devel/lbnl/lib'
making clean in lbnl/util
make[3]: Entering directory '/home/travis/build/icyphy/ptII/adm/gen-11.1/src/ptII11.1.devel/lbnl/util'
rm -rf *.o *.so *~ *.bak ,* LOG* *.class *.jstmp config.cache config.log config.status manifest.tmp ClientProcess.class WarningWindow.class XMLWriter.class util.jar     util.jar 
rm -f core
make[3]: Leaving directory '/home/travis/build/icyphy/ptII/adm/gen-11.1/src/ptII11.1.devel/lbnl/util'
making clean in lbnl/actor
make[3]: Entering directory '/home/travis/build/icyphy/ptII/adm/gen-11.1/src/ptII11.1.devel/lbnl/actor'
rm -rf *.o *.so *~ *.bak ,* LOG* *.class *.jstmp config.cache config.log config.status manifest.tmp    actor.jar    
rm -f core
making clean in lbnl/actor/lib
make[4]: Entering directory '/home/travis/build/icyphy/ptII/adm/gen-11.1/src/ptII11.1.devel/lbnl/actor/lib'
rm -rf *.o *.so *~ *.bak ,* LOG* *.class *.jstmp config.cache config.log config.status manifest.tmp Simulator.class SystemCommand.class   lib.jar    
rm -f core
making clean in lbnl/actor/lib/net
make[5]: Entering directory '/home/travis/build/icyphy/ptII/adm/gen-11.1/src/ptII11.1.devel/lbnl/actor/lib/net'
rm -rf *.o *.so *~ *.bak ,* LOG* *.class *.jstmp config.cache config.log config.status manifest.tmp Server.class net.jar     net.jar 
rm -f core
make[5]: Leaving directory '/home/travis/build/icyphy/ptII/adm/gen-11.1/src/ptII11.1.devel/lbnl/actor/lib/net'
making clean in lbnl/actor/lib/test
make[5]: Entering directory '/home/travis/build/icyphy/ptII/adm/gen-11.1/src/ptII11.1.devel/lbnl/actor/lib/test'
rm -rf *.o *.so *~ *.bak ,* LOG* *.class *.jstmp config.cache config.log config.status manifest.tmp        Const.txt ReadFile1Output.txt
rm -f core
make[5]: Leaving directory '/home/travis/build/icyphy/ptII/adm/gen-11.1/src/ptII11.1.devel/lbnl/actor/lib/test'
make[4]: Leaving directory '/home/travis/build/icyphy/ptII/adm/gen-11.1/src/ptII11.1.devel/lbnl/actor/lib'
make[3]: Leaving directory '/home/travis/build/icyphy/ptII/adm/gen-11.1/src/ptII11.1.devel/lbnl/actor'
making clean in lbnl/demo
make[3]: Entering directory '/home/travis/build/icyphy/ptII/adm/gen-11.1/src/ptII11.1.devel/lbnl/demo'
rm -rf *.o *.so *~ *.bak ,* LOG* *.class *.jstmp config.cache config.log config.status manifest.tmp    demo.jar    
rm -f core
making clean in lbnl/demo/CRoom
make[4]: Entering directory '/home/travis/build/icyphy/ptII/adm/gen-11.1/src/ptII11.1.devel/lbnl/demo/CRoom'
rm -rf *.o *.so *~ *.bak ,* LOG* *.class *.jstmp config.cache config.log config.status manifest.tmp  CRoom.jar     CRoom.jar *.o *.obj *.dll *.so simulation.log socket.cfg utilSocket.log cclient
rm -f core
make[4]: Leaving directory '/home/travis/build/icyphy/ptII/adm/gen-11.1/src/ptII11.1.devel/lbnl/demo/CRoom'
making clean in lbnl/demo/MatlabRoom
make[4]: Entering directory '/home/travis/build/icyphy/ptII/adm/gen-11.1/src/ptII11.1.devel/lbnl/demo/MatlabRoom'
rm -rf *.o *.so *~ *.bak ,* LOG* *.class *.jstmp config.cache config.log config.status manifest.tmp  MatlabRoom.jar     MatlabRoom.jar *.o *.obj *.dll *.so simulation.log socket.cfg utilSocket.log matlab.log 
rm -f core
make[4]: Leaving directory '/home/travis/build/icyphy/ptII/adm/gen-11.1/src/ptII11.1.devel/lbnl/demo/MatlabRoom'
making clean in lbnl/demo/SystemCommand
make[4]: Entering directory '/home/travis/build/icyphy/ptII/adm/gen-11.1/src/ptII11.1.devel/lbnl/demo/SystemCommand'
rm -rf *.o *.so *~ *.bak ,* LOG* *.class *.jstmp config.cache config.log config.status manifest.tmp Simulate.class SystemCommand.jar     SystemCommand.jar simulation.log outputX1.txt outputX2.txt Simulate.class
rm -f core
make[4]: Leaving directory '/home/travis/build/icyphy/ptII/adm/gen-11.1/src/ptII11.1.devel/lbnl/demo/SystemCommand'
make[3]: Leaving directory '/home/travis/build/icyphy/ptII/adm/gen-11.1/src/ptII11.1.devel/lbnl/demo'
making clean in lbnl/test
make[3]: Entering directory '/home/travis/build/icyphy/ptII/adm/gen-11.1/src/ptII11.1.devel/lbnl/test'
rm -rf *.o *.so *~ *.bak ,* LOG* *.class *.jstmp config.cache config.log config.status manifest.tmp        *.dll *.dyllib socket.cfg utilSocket.log auto/simulation.log
rm -f core
make[3]: Leaving directory '/home/travis/build/icyphy/ptII/adm/gen-11.1/src/ptII11.1.devel/lbnl/test'
make[2]: Leaving directory '/home/travis/build/icyphy/ptII/adm/gen-11.1/src/ptII11.1.devel/lbnl'
making clean in ./thales
make[2]: Entering directory '/home/travis/build/icyphy/ptII/adm/gen-11.1/src/ptII11.1.devel/thales'
rm -rf *.o *.so *~ *.bak ,* LOG* *.class *.jstmp config.cache config.log config.status manifest.tmp    thales.jar    
rm -f core
making clean in thales/actor
make[3]: Entering directory '/home/travis/build/icyphy/ptII/adm/gen-11.1/src/ptII11.1.devel/thales/actor'
rm -rf *.o *.so *~ *.bak ,* LOG* *.class *.jstmp config.cache config.log config.status manifest.tmp    actor.jar    
rm -f core
making clean in thales/actor/gui
make[4]: Entering directory '/home/travis/build/icyphy/ptII/adm/gen-11.1/src/ptII11.1.devel/thales/actor/gui'
rm -rf *.o *.so *~ *.bak ,* LOG* *.class *.jstmp config.cache config.log config.status manifest.tmp ModelValidator.class NavigableEffigy.class ShortTitleTabbedPaneUI.class SingleWindowConfiguration.class SingleWindowHTMLViewer.class SingleWindowHTMLViewerTableau.class gui.jar     gui.jar 
rm -f core
make[4]: Leaving directory '/home/travis/build/icyphy/ptII/adm/gen-11.1/src/ptII11.1.devel/thales/actor/gui'
make[3]: Leaving directory '/home/travis/build/icyphy/ptII/adm/gen-11.1/src/ptII11.1.devel/thales/actor'
making clean in thales/bin
make[3]: Entering directory '/home/travis/build/icyphy/ptII/adm/gen-11.1/src/ptII11.1.devel/thales/bin'
rm -rf *.o *.so *~ *.bak ,* LOG* *.class *.jstmp config.cache config.log config.status manifest.tmp  bin.jar     bin.jar 
rm -f core
make[3]: Leaving directory '/home/travis/build/icyphy/ptII/adm/gen-11.1/src/ptII11.1.devel/thales/bin'
making clean in thales/vergil
make[3]: Entering directory '/home/travis/build/icyphy/ptII/adm/gen-11.1/src/ptII11.1.devel/thales/vergil'
rm -rf *.o *.so *~ *.bak ,* LOG* *.class *.jstmp config.cache config.log config.status manifest.tmp SingleWindowApplication.class   vergil.jar    
rm -f core
making clean in thales/vergil/navigable
make[4]: Entering directory '/home/travis/build/icyphy/ptII/adm/gen-11.1/src/ptII11.1.devel/thales/vergil/navigable'
rm -rf *.o *.so *~ *.bak ,* LOG* *.class *.jstmp config.cache config.log config.status manifest.tmp NavigableActorGraphFrame.class NavigableActorGraphTableau.class NavigationPTree.class NavigationTreeModel.class   navigable.jar    
rm -f core
making clean in thales/vergil/navigable/img
make[5]: Entering directory '/home/travis/build/icyphy/ptII/adm/gen-11.1/src/ptII11.1.devel/thales/vergil/navigable/img'
rm -rf *.o *.so *~ *.bak ,* LOG* *.class *.jstmp config.cache config.log config.status manifest.tmp  img.jar     img.jar 
rm -f core
make[5]: Leaving directory '/home/travis/build/icyphy/ptII/adm/gen-11.1/src/ptII11.1.devel/thales/vergil/navigable/img'
make[4]: Leaving directory '/home/travis/build/icyphy/ptII/adm/gen-11.1/src/ptII11.1.devel/thales/vergil/navigable'
make[3]: Leaving directory '/home/travis/build/icyphy/ptII/adm/gen-11.1/src/ptII11.1.devel/thales/vergil'
making clean in thales/configs
make[3]: Entering directory '/home/travis/build/icyphy/ptII/adm/gen-11.1/src/ptII11.1.devel/thales/configs'
rm -rf *.o *.so *~ *.bak ,* LOG* *.class *.jstmp config.cache config.log config.status manifest.tmp    configs.jar    
rm -f core
making clean in thales/configs/singleWindow
make[4]: Entering directory '/home/travis/build/icyphy/ptII/adm/gen-11.1/src/ptII11.1.devel/thales/configs/singleWindow'
rm -rf *.o *.so *~ *.bak ,* LOG* *.class *.jstmp config.cache config.log config.status manifest.tmp  singleWindow.jar     singleWindow.jar 
rm -f core
make[4]: Leaving directory '/home/travis/build/icyphy/ptII/adm/gen-11.1/src/ptII11.1.devel/thales/configs/singleWindow'
make[3]: Leaving directory '/home/travis/build/icyphy/ptII/adm/gen-11.1/src/ptII11.1.devel/thales/configs'
make[2]: Leaving directory '/home/travis/build/icyphy/ptII/adm/gen-11.1/src/ptII11.1.devel/thales'
making clean in ./contrib
make[2]: Entering directory '/home/travis/build/icyphy/ptII/adm/gen-11.1/src/ptII11.1.devel/contrib'
rm -rf *.o *.so *~ *.bak ,* LOG* *.class *.jstmp config.cache config.log config.status manifest.tmp    contrib.jar    
rm -f core
making clean in contrib/actor
make[3]: Entering directory '/home/travis/build/icyphy/ptII/adm/gen-11.1/src/ptII11.1.devel/contrib/actor'
rm -rf *.o *.so *~ *.bak ,* LOG* *.class *.jstmp config.cache config.log config.status manifest.tmp    actor.jar    
rm -f core
making clean in contrib/actor/lib
make[4]: Entering directory '/home/travis/build/icyphy/ptII/adm/gen-11.1/src/ptII11.1.devel/contrib/actor/lib'
rm -rf *.o *.so *~ *.bak ,* LOG* *.class *.jstmp config.cache config.log config.status manifest.tmp    lib.jar    
rm -f core
making clean in contrib/actor/lib/example
make[5]: Entering directory '/home/travis/build/icyphy/ptII/adm/gen-11.1/src/ptII11.1.devel/contrib/actor/lib/example'
rm -rf *.o *.so *~ *.bak ,* LOG* *.class *.jstmp config.cache config.log config.status manifest.tmp ExampleDiscard.class example.jar     example.jar 
rm -f core
make[5]: Leaving directory '/home/travis/build/icyphy/ptII/adm/gen-11.1/src/ptII11.1.devel/contrib/actor/lib/example'
make[4]: Leaving directory '/home/travis/build/icyphy/ptII/adm/gen-11.1/src/ptII11.1.devel/contrib/actor/lib'
make[3]: Leaving directory '/home/travis/build/icyphy/ptII/adm/gen-11.1/src/ptII11.1.devel/contrib/actor'
make[2]: Leaving directory '/home/travis/build/icyphy/ptII/adm/gen-11.1/src/ptII11.1.devel/contrib'
making clean in ./bin
make[2]: Entering directory '/home/travis/build/icyphy/ptII/adm/gen-11.1/src/ptII11.1.devel/bin'
rm -rf *.o *.so *~ *.bak ,* LOG* *.class *.jstmp config.cache config.log config.status manifest.tmp        .momllib-util .nc2moml-util .ncapp2moml-util capecode convertToLazy copernicus decompile emachine giottoc histogram homer jode mescal moml obfuscate ptcg ptcodegen ptexecute ptjacl ptjaclapp ptplot ptstartjini ptolemy ptweb pxgraph soot tinicomm tinic tiniconverter startjini.gui vergil  .momllib-util.bat  .nc2moml-util.bat  .ncapp2moml-util.bat  capecode.bat  convertToLazy.bat  copernicus.bat  decompile.bat  emachine.bat  giottoc.bat  histogram.bat  homer.bat  jode.bat  mescal.bat  moml.bat  obfuscate.bat  ptcg.bat  ptcodegen.bat  ptexecute.bat  ptjacl.bat  ptjaclapp.bat  ptplot.bat  ptstartjini.bat  ptolemy.bat  ptweb.bat  pxgraph.bat  soot.bat  tinicomm.bat  tinic.bat  tiniconverter.bat  startjini.gui.bat  vergil.bat CapeCode.app Vergil.app makeapp makebat 
rm -f core
make[2]: Leaving directory '/home/travis/build/icyphy/ptII/adm/gen-11.1/src/ptII11.1.devel/bin'
making clean in ./doc
make[2]: Entering directory '/home/travis/build/icyphy/ptII/adm/gen-11.1/src/ptII11.1.devel/doc'
rm -rf *.o *.so *~ *.bak ,* LOG* *.class *.jstmp config.cache config.log config.status manifest.tmp     docConfig.jar   codeDoc codeDocBcvtb codeDocCapeCode codeDocHyVisual codeDocVisualSense codeDocViptos codeDoc.jar codeDocCapeCode.jar codeDocBcvtb.jar codeDocHyVisual.jar codeDocVisualSense.jar codeDocViptos.jar docConfig.jar spotbugs.htm spotbugs.xml ptII.fb
rm -f core
making clean in doc/books
make[3]: Entering directory '/home/travis/build/icyphy/ptII/adm/gen-11.1/src/ptII11.1.devel/doc/books'
rm -rf *.o *.so *~ *.bak ,* LOG* *.class *.jstmp config.cache config.log config.status manifest.tmp  books.jar     books.jar 
rm -f core
making clean in doc/books/embedded
make[4]: Entering directory '/home/travis/build/icyphy/ptII/adm/gen-11.1/src/ptII11.1.devel/doc/books/embedded'
rm -rf *.o *.so *~ *.bak ,* LOG* *.class *.jstmp config.cache config.log config.status manifest.tmp        
rm -f core
making clean in doc/books/embedded/concurrent
make[5]: Entering directory '/home/travis/build/icyphy/ptII/adm/gen-11.1/src/ptII11.1.devel/doc/books/embedded/concurrent'
rm -rf *.o *.so *~ *.bak ,* LOG* *.class *.jstmp config.cache config.log config.status manifest.tmp  concurrent.jar     concurrent.jar 
rm -f core
making clean in doc/books/embedded/concurrent/test
make[6]: Entering directory '/home/travis/build/icyphy/ptII/adm/gen-11.1/src/ptII11.1.devel/doc/books/embedded/concurrent/test'
rm -rf *.o *.so *~ *.bak ,* LOG* *.class *.jstmp config.cache config.log config.status manifest.tmp        
rm -f core
make[6]: Leaving directory '/home/travis/build/icyphy/ptII/adm/gen-11.1/src/ptII11.1.devel/doc/books/embedded/concurrent/test'
make[5]: Leaving directory '/home/travis/build/icyphy/ptII/adm/gen-11.1/src/ptII11.1.devel/doc/books/embedded/concurrent'
make[4]: Leaving directory '/home/travis/build/icyphy/ptII/adm/gen-11.1/src/ptII11.1.devel/doc/books/embedded'
making clean in doc/books/systems
make[4]: Entering directory '/home/travis/build/icyphy/ptII/adm/gen-11.1/src/ptII11.1.devel/doc/books/systems'
rm -rf *.o *.so *~ *.bak ,* LOG* *.class *.jstmp config.cache config.log config.status manifest.tmp        
rm -f core
making clean in doc/books/systems/architecture
../../../../mk/ptcommon.mk:1008: warning: overriding recipe for target 'echo_models'
../chapter.mk:79: warning: ignoring old recipe for target 'echo_models'
make[5]: Entering directory '/home/travis/build/icyphy/ptII/adm/gen-11.1/src/ptII11.1.devel/doc/books/systems/architecture'
rm -rf *.o *.so *~ *.bak ,* LOG* *.class *.jstmp config.cache config.log config.status manifest.tmp  architecture.jar     architecture.jar *.jar *.jnlp *.jnlp.fixed *.htm doc
rm -f core
making clean in doc/books/systems/architecture/test
make[6]: Entering directory '/home/travis/build/icyphy/ptII/adm/gen-11.1/src/ptII11.1.devel/doc/books/systems/architecture/test'
rm -rf *.o *.so *~ *.bak ,* LOG* *.class *.jstmp config.cache config.log config.status manifest.tmp Count.class       
rm -f core
making clean in doc/books/systems/dataflow/test/junit
make[7]: Entering directory '/home/travis/build/icyphy/ptII/adm/gen-11.1/src/ptII11.1.devel/doc/books/systems/architecture/test/junit'
rm -rf *.o *.so *~ *.bak ,* LOG* *.class *.jstmp config.cache config.log config.status manifest.tmp JUnitTclTest.class       
rm -f core
make[7]: Leaving directory '/home/travis/build/icyphy/ptII/adm/gen-11.1/src/ptII11.1.devel/doc/books/systems/architecture/test/junit'
make[6]: Leaving directory '/home/travis/build/icyphy/ptII/adm/gen-11.1/src/ptII11.1.devel/doc/books/systems/architecture/test'
make[5]: Leaving directory '/home/travis/build/icyphy/ptII/adm/gen-11.1/src/ptII11.1.devel/doc/books/systems/architecture'
making clean in doc/books/systems/continuous
../../../../mk/ptcommon.mk:1008: warning: overriding recipe for target 'echo_models'
../chapter.mk:79: warning: ignoring old recipe for target 'echo_models'
make[5]: Entering directory '/home/travis/build/icyphy/ptII/adm/gen-11.1/src/ptII11.1.devel/doc/books/systems/continuous'
rm -rf *.o *.so *~ *.bak ,* LOG* *.class *.jstmp config.cache config.log config.status manifest.tmp  continuous.jar     continuous.jar *.jar *.jnlp *.jnlp.fixed *.htm doc
rm -f core
making clean in doc/books/systems/continuous/test
make[6]: Entering directory '/home/travis/build/icyphy/ptII/adm/gen-11.1/src/ptII11.1.devel/doc/books/systems/continuous/test'
rm -rf *.o *.so *~ *.bak ,* LOG* *.class *.jstmp config.cache config.log config.status manifest.tmp        
rm -f core
making clean in doc/books/systems/continuous/test/junit
make[7]: Entering directory '/home/travis/build/icyphy/ptII/adm/gen-11.1/src/ptII11.1.devel/doc/books/systems/continuous/test/junit'
rm -rf *.o *.so *~ *.bak ,* LOG* *.class *.jstmp config.cache config.log config.status manifest.tmp JUnitTclTest.class       
rm -f core
make[7]: Leaving directory '/home/travis/build/icyphy/ptII/adm/gen-11.1/src/ptII11.1.devel/doc/books/systems/continuous/test/junit'
make[6]: Leaving directory '/home/travis/build/icyphy/ptII/adm/gen-11.1/src/ptII11.1.devel/doc/books/systems/continuous/test'
make[5]: Leaving directory '/home/travis/build/icyphy/ptII/adm/gen-11.1/src/ptII11.1.devel/doc/books/systems/continuous'
making clean in doc/books/systems/dataflow
../../../../mk/ptcommon.mk:1008: warning: overriding recipe for target 'echo_models'
../chapter.mk:79: warning: ignoring old recipe for target 'echo_models'
make[5]: Entering directory '/home/travis/build/icyphy/ptII/adm/gen-11.1/src/ptII11.1.devel/doc/books/systems/dataflow'
rm -rf *.o *.so *~ *.bak ,* LOG* *.class *.jstmp config.cache config.log config.status manifest.tmp  dataflow.jar     dataflow.jar *.jar *.jnlp *.jnlp.fixed *.htm doc
rm -f core
making clean in doc/books/systems/dataflow/test
make[6]: Entering directory '/home/travis/build/icyphy/ptII/adm/gen-11.1/src/ptII11.1.devel/doc/books/systems/dataflow/test'
rm -rf *.o *.so *~ *.bak ,* LOG* *.class *.jstmp config.cache config.log config.status manifest.tmp        
rm -f core
making clean in doc/books/systems/dataflow/test/junit
make[7]: Entering directory '/home/travis/build/icyphy/ptII/adm/gen-11.1/src/ptII11.1.devel/doc/books/systems/dataflow/test/junit'
rm -rf *.o *.so *~ *.bak ,* LOG* *.class *.jstmp config.cache config.log config.status manifest.tmp JUnitTclTest.class       
rm -f core
make[7]: Leaving directory '/home/travis/build/icyphy/ptII/adm/gen-11.1/src/ptII11.1.devel/doc/books/systems/dataflow/test/junit'
make[6]: Leaving directory '/home/travis/build/icyphy/ptII/adm/gen-11.1/src/ptII11.1.devel/doc/books/systems/dataflow/test'
make[5]: Leaving directory '/home/travis/build/icyphy/ptII/adm/gen-11.1/src/ptII11.1.devel/doc/books/systems/dataflow'
making clean in doc/books/systems/discreteevents
../../../../mk/ptcommon.mk:1008: warning: overriding recipe for target 'echo_models'
../chapter.mk:79: warning: ignoring old recipe for target 'echo_models'
make[5]: Entering directory '/home/travis/build/icyphy/ptII/adm/gen-11.1/src/ptII11.1.devel/doc/books/systems/discreteevents'
rm -rf *.o *.so *~ *.bak ,* LOG* *.class *.jstmp config.cache config.log config.status manifest.tmp  discreteevents.jar     discreteevents.jar *.jar *.jnlp *.jnlp.fixed *.htm doc
rm -f core
making clean in doc/books/systems/discreteevents/test
make[6]: Entering directory '/home/travis/build/icyphy/ptII/adm/gen-11.1/src/ptII11.1.devel/doc/books/systems/discreteevents/test'
rm -rf *.o *.so *~ *.bak ,* LOG* *.class *.jstmp config.cache config.log config.status manifest.tmp        
rm -f core
making clean in doc/books/systems/discreteevents/test/junit
make[7]: Entering directory '/home/travis/build/icyphy/ptII/adm/gen-11.1/src/ptII11.1.devel/doc/books/systems/discreteevents/test/junit'
rm -rf *.o *.so *~ *.bak ,* LOG* *.class *.jstmp config.cache config.log config.status manifest.tmp JUnitTclTest.class       
rm -f core
make[7]: Leaving directory '/home/travis/build/icyphy/ptII/adm/gen-11.1/src/ptII11.1.devel/doc/books/systems/discreteevents/test/junit'
make[6]: Leaving directory '/home/travis/build/icyphy/ptII/adm/gen-11.1/src/ptII11.1.devel/doc/books/systems/discreteevents/test'
make[5]: Leaving directory '/home/travis/build/icyphy/ptII/adm/gen-11.1/src/ptII11.1.devel/doc/books/systems/discreteevents'
making clean in doc/books/systems/export
../../../../mk/ptcommon.mk:1008: warning: overriding recipe for target 'echo_models'
../chapter.mk:79: warning: ignoring old recipe for target 'echo_models'
make[5]: Entering directory '/home/travis/build/icyphy/ptII/adm/gen-11.1/src/ptII11.1.devel/doc/books/systems/export'
rm -rf *.o *.so *~ *.bak ,* LOG* *.class *.jstmp config.cache config.log config.status manifest.tmp  export.jar     export.jar *.jar *.jnlp *.jnlp.fixed *.htm doc
rm -f core
making clean in doc/books/systems/export/test
make[6]: Entering directory '/home/travis/build/icyphy/ptII/adm/gen-11.1/src/ptII11.1.devel/doc/books/systems/export/test'
rm -rf *.o *.so *~ *.bak ,* LOG* *.class *.jstmp config.cache config.log config.status manifest.tmp        
rm -f core
making clean in doc/books/systems/export/test/junit
make[7]: Entering directory '/home/travis/build/icyphy/ptII/adm/gen-11.1/src/ptII11.1.devel/doc/books/systems/export/test/junit'
rm -rf *.o *.so *~ *.bak ,* LOG* *.class *.jstmp config.cache config.log config.status manifest.tmp JUnitTclTest.class       
rm -f core
make[7]: Leaving directory '/home/travis/build/icyphy/ptII/adm/gen-11.1/src/ptII11.1.devel/doc/books/systems/export/test/junit'
make[6]: Leaving directory '/home/travis/build/icyphy/ptII/adm/gen-11.1/src/ptII11.1.devel/doc/books/systems/export/test'
make[5]: Leaving directory '/home/travis/build/icyphy/ptII/adm/gen-11.1/src/ptII11.1.devel/doc/books/systems/export'
making clean in doc/books/systems/expressions
../../../../mk/ptcommon.mk:1008: warning: overriding recipe for target 'echo_models'
../chapter.mk:79: warning: ignoring old recipe for target 'echo_models'
make[5]: Entering directory '/home/travis/build/icyphy/ptII/adm/gen-11.1/src/ptII11.1.devel/doc/books/systems/expressions'
rm -rf *.o *.so *~ *.bak ,* LOG* *.class *.jstmp config.cache config.log config.status manifest.tmp  expressions.jar     expressions.jar *.jar *.jnlp *.jnlp.fixed *.htm doc
rm -f core
making clean in doc/books/systems/expressions/test
make[6]: Entering directory '/home/travis/build/icyphy/ptII/adm/gen-11.1/src/ptII11.1.devel/doc/books/systems/expressions/test'
rm -rf *.o *.so *~ *.bak ,* LOG* *.class *.jstmp config.cache config.log config.status manifest.tmp        
rm -f core
making clean in doc/books/systems/expressions/test/junit
make[7]: Entering directory '/home/travis/build/icyphy/ptII/adm/gen-11.1/src/ptII11.1.devel/doc/books/systems/expressions/test/junit'
rm -rf *.o *.so *~ *.bak ,* LOG* *.class *.jstmp config.cache config.log config.status manifest.tmp JUnitTclTest.class       
rm -f core
make[7]: Leaving directory '/home/travis/build/icyphy/ptII/adm/gen-11.1/src/ptII11.1.devel/doc/books/systems/expressions/test/junit'
make[6]: Leaving directory '/home/travis/build/icyphy/ptII/adm/gen-11.1/src/ptII11.1.devel/doc/books/systems/expressions/test'
make[5]: Leaving directory '/home/travis/build/icyphy/ptII/adm/gen-11.1/src/ptII11.1.devel/doc/books/systems/expressions'
making clean in doc/books/systems/fsm
../../../../mk/ptcommon.mk:1008: warning: overriding recipe for target 'echo_models'
make[5]: Entering directory '/home/travis/build/icyphy/ptII/adm/gen-11.1/src/ptII11.1.devel/doc/books/systems/fsm'
../chapter.mk:79: warning: ignoring old recipe for target 'echo_models'
rm -rf *.o *.so *~ *.bak ,* LOG* *.class *.jstmp config.cache config.log config.status manifest.tmp  fsm.jar     fsm.jar *.jar *.jnlp *.jnlp.fixed *.htm doc
rm -f core
making clean in doc/books/systems/fsm/test
make[6]: Entering directory '/home/travis/build/icyphy/ptII/adm/gen-11.1/src/ptII11.1.devel/doc/books/systems/fsm/test'
rm -rf *.o *.so *~ *.bak ,* LOG* *.class *.jstmp config.cache config.log config.status manifest.tmp        
rm -f core
making clean in doc/books/systems/fsm/test/junit
make[7]: Entering directory '/home/travis/build/icyphy/ptII/adm/gen-11.1/src/ptII11.1.devel/doc/books/systems/fsm/test/junit'
rm -rf *.o *.so *~ *.bak ,* LOG* *.class *.jstmp config.cache config.log config.status manifest.tmp JUnitTclTest.class       
rm -f core
make[7]: Leaving directory '/home/travis/build/icyphy/ptII/adm/gen-11.1/src/ptII11.1.devel/doc/books/systems/fsm/test/junit'
make[6]: Leaving directory '/home/travis/build/icyphy/ptII/adm/gen-11.1/src/ptII11.1.devel/doc/books/systems/fsm/test'
make[5]: Leaving directory '/home/travis/build/icyphy/ptII/adm/gen-11.1/src/ptII11.1.devel/doc/books/systems/fsm'
making clean in doc/books/systems/intro
../../../../mk/ptcommon.mk:1008: warning: overriding recipe for target 'echo_models'
../chapter.mk:79: warning: ignoring old recipe for target 'echo_models'
make[5]: Entering directory '/home/travis/build/icyphy/ptII/adm/gen-11.1/src/ptII11.1.devel/doc/books/systems/intro'
rm -rf *.o *.so *~ *.bak ,* LOG* *.class *.jstmp config.cache config.log config.status manifest.tmp  intro.jar     intro.jar *.jar *.jnlp *.jnlp.fixed *.htm doc
rm -f core
making clean in doc/books/systems/intro/test
make[6]: Entering directory '/home/travis/build/icyphy/ptII/adm/gen-11.1/src/ptII11.1.devel/doc/books/systems/intro/test'
rm -rf *.o *.so *~ *.bak ,* LOG* *.class *.jstmp config.cache config.log config.status manifest.tmp        
rm -f core
making clean in doc/books/systems/intro/test/junit
make[7]: Entering directory '/home/travis/build/icyphy/ptII/adm/gen-11.1/src/ptII11.1.devel/doc/books/systems/intro/test/junit'
rm -rf *.o *.so *~ *.bak ,* LOG* *.class *.jstmp config.cache config.log config.status manifest.tmp JUnitTclTest.class       
rm -f core
make[7]: Leaving directory '/home/travis/build/icyphy/ptII/adm/gen-11.1/src/ptII11.1.devel/doc/books/systems/intro/test/junit'
make[6]: Leaving directory '/home/travis/build/icyphy/ptII/adm/gen-11.1/src/ptII11.1.devel/doc/books/systems/intro/test'
make[5]: Leaving directory '/home/travis/build/icyphy/ptII/adm/gen-11.1/src/ptII11.1.devel/doc/books/systems/intro'
making clean in doc/books/systems/modal
../../../../mk/ptcommon.mk:1008: warning: overriding recipe for target 'echo_models'
make[5]: Entering directory '/home/travis/build/icyphy/ptII/adm/gen-11.1/src/ptII11.1.devel/doc/books/systems/modal'
../chapter.mk:79: warning: ignoring old recipe for target 'echo_models'
rm -rf *.o *.so *~ *.bak ,* LOG* *.class *.jstmp config.cache config.log config.status manifest.tmp  modal.jar     modal.jar *.jar *.jnlp *.jnlp.fixed *.htm doc
rm -f core
making clean in doc/books/systems/modal/test
make[6]: Entering directory '/home/travis/build/icyphy/ptII/adm/gen-11.1/src/ptII11.1.devel/doc/books/systems/modal/test'
rm -rf *.o *.so *~ *.bak ,* LOG* *.class *.jstmp config.cache config.log config.status manifest.tmp        
rm -f core
making clean in doc/books/systems/modal/test/junit
make[7]: Entering directory '/home/travis/build/icyphy/ptII/adm/gen-11.1/src/ptII11.1.devel/doc/books/systems/modal/test/junit'
rm -rf *.o *.so *~ *.bak ,* LOG* *.class *.jstmp config.cache config.log config.status manifest.tmp JUnitTclTest.class       
rm -f core
make[7]: Leaving directory '/home/travis/build/icyphy/ptII/adm/gen-11.1/src/ptII11.1.devel/doc/books/systems/modal/test/junit'
make[6]: Leaving directory '/home/travis/build/icyphy/ptII/adm/gen-11.1/src/ptII11.1.devel/doc/books/systems/modal/test'
make[5]: Leaving directory '/home/travis/build/icyphy/ptII/adm/gen-11.1/src/ptII11.1.devel/doc/books/systems/modal'
making clean in doc/books/systems/modelingtime
../../../../mk/ptcommon.mk:1008: warning: overriding recipe for target 'echo_models'
make[5]: Entering directory '/home/travis/build/icyphy/ptII/adm/gen-11.1/src/ptII11.1.devel/doc/books/systems/modelingtime'
../chapter.mk:79: warning: ignoring old recipe for target 'echo_models'
rm -rf *.o *.so *~ *.bak ,* LOG* *.class *.jstmp config.cache config.log config.status manifest.tmp  modelingtime.jar     modelingtime.jar *.jar *.jnlp *.jnlp.fixed *.htm doc
rm -f core
making clean in doc/books/systems/modelingtime/test
make[6]: Entering directory '/home/travis/build/icyphy/ptII/adm/gen-11.1/src/ptII11.1.devel/doc/books/systems/modelingtime/test'
rm -rf *.o *.so *~ *.bak ,* LOG* *.class *.jstmp config.cache config.log config.status manifest.tmp        
rm -f core
making clean in doc/books/systems/modelingtime/test/junit
make[7]: Entering directory '/home/travis/build/icyphy/ptII/adm/gen-11.1/src/ptII11.1.devel/doc/books/systems/modelingtime/test/junit'
rm -rf *.o *.so *~ *.bak ,* LOG* *.class *.jstmp config.cache config.log config.status manifest.tmp JUnitTclTest.class       
rm -f core
make[7]: Leaving directory '/home/travis/build/icyphy/ptII/adm/gen-11.1/src/ptII11.1.devel/doc/books/systems/modelingtime/test/junit'
make[6]: Leaving directory '/home/travis/build/icyphy/ptII/adm/gen-11.1/src/ptII11.1.devel/doc/books/systems/modelingtime/test'
make[5]: Leaving directory '/home/travis/build/icyphy/ptII/adm/gen-11.1/src/ptII11.1.devel/doc/books/systems/modelingtime'
making clean in doc/books/systems/ontologies
../../../../mk/ptcommon.mk:1008: warning: overriding recipe for target 'echo_models'
../chapter.mk:79: warning: ignoring old recipe for target 'echo_models'
make[5]: Entering directory '/home/travis/build/icyphy/ptII/adm/gen-11.1/src/ptII11.1.devel/doc/books/systems/ontologies'
rm -rf *.o *.so *~ *.bak ,* LOG* *.class *.jstmp config.cache config.log config.status manifest.tmp  ontologies.jar     ontologies.jar *.jar *.jnlp *.jnlp.fixed *.htm doc
rm -f core
making clean in doc/books/systems/ontologies/test
make[6]: Entering directory '/home/travis/build/icyphy/ptII/adm/gen-11.1/src/ptII11.1.devel/doc/books/systems/ontologies/test'
rm -rf *.o *.so *~ *.bak ,* LOG* *.class *.jstmp config.cache config.log config.status manifest.tmp        
rm -f core
making clean in doc/books/systems/ontologies/test/junit
make[7]: Entering directory '/home/travis/build/icyphy/ptII/adm/gen-11.1/src/ptII11.1.devel/doc/books/systems/ontologies/test/junit'
rm -rf *.o *.so *~ *.bak ,* LOG* *.class *.jstmp config.cache config.log config.status manifest.tmp JUnitTclTest.class       
rm -f core
make[7]: Leaving directory '/home/travis/build/icyphy/ptII/adm/gen-11.1/src/ptII11.1.devel/doc/books/systems/ontologies/test/junit'
make[6]: Leaving directory '/home/travis/build/icyphy/ptII/adm/gen-11.1/src/ptII11.1.devel/doc/books/systems/ontologies/test'
make[5]: Leaving directory '/home/travis/build/icyphy/ptII/adm/gen-11.1/src/ptII11.1.devel/doc/books/systems/ontologies'
making clean in doc/books/systems/plotter
../../../../mk/ptcommon.mk:1008: warning: overriding recipe for target 'echo_models'
make[5]: Entering directory '/home/travis/build/icyphy/ptII/adm/gen-11.1/src/ptII11.1.devel/doc/books/systems/plotter'
../chapter.mk:79: warning: ignoring old recipe for target 'echo_models'
rm -rf *.o *.so *~ *.bak ,* LOG* *.class *.jstmp config.cache config.log config.status manifest.tmp  plotter.jar     plotter.jar *.jar *.jnlp *.jnlp.fixed *.htm doc
rm -f core
making clean in doc/books/systems/plotter/test
make[6]: Entering directory '/home/travis/build/icyphy/ptII/adm/gen-11.1/src/ptII11.1.devel/doc/books/systems/plotter/test'
rm -rf *.o *.so *~ *.bak ,* LOG* *.class *.jstmp config.cache config.log config.status manifest.tmp        
rm -f core
making clean in doc/books/systems/dataflow/test/junit
make[7]: Entering directory '/home/travis/build/icyphy/ptII/adm/gen-11.1/src/ptII11.1.devel/doc/books/systems/plotter/test/junit'
rm -rf *.o *.so *~ *.bak ,* LOG* *.class *.jstmp config.cache config.log config.status manifest.tmp JUnitTclTest.class       
rm -f core
make[7]: Leaving directory '/home/travis/build/icyphy/ptII/adm/gen-11.1/src/ptII11.1.devel/doc/books/systems/plotter/test/junit'
make[6]: Leaving directory '/home/travis/build/icyphy/ptII/adm/gen-11.1/src/ptII11.1.devel/doc/books/systems/plotter/test'
make[5]: Leaving directory '/home/travis/build/icyphy/ptII/adm/gen-11.1/src/ptII11.1.devel/doc/books/systems/plotter'
making clean in doc/books/systems/pn
../../../../mk/ptcommon.mk:1008: warning: overriding recipe for target 'echo_models'
../chapter.mk:79: warning: ignoring old recipe for target 'echo_models'
make[5]: Entering directory '/home/travis/build/icyphy/ptII/adm/gen-11.1/src/ptII11.1.devel/doc/books/systems/pn'
rm -rf *.o *.so *~ *.bak ,* LOG* *.class *.jstmp config.cache config.log config.status manifest.tmp  pn.jar     pn.jar *.jar *.jnlp *.jnlp.fixed *.htm doc
rm -f core
making clean in doc/books/systems/pn/test
make[6]: Entering directory '/home/travis/build/icyphy/ptII/adm/gen-11.1/src/ptII11.1.devel/doc/books/systems/pn/test'
rm -rf *.o *.so *~ *.bak ,* LOG* *.class *.jstmp config.cache config.log config.status manifest.tmp        
rm -f core
making clean in doc/books/systems/pn/test/junit
make[7]: Entering directory '/home/travis/build/icyphy/ptII/adm/gen-11.1/src/ptII11.1.devel/doc/books/systems/pn/test/junit'
rm -rf *.o *.so *~ *.bak ,* LOG* *.class *.jstmp config.cache config.log config.status manifest.tmp JUnitTclTest.class       
rm -f core
make[7]: Leaving directory '/home/travis/build/icyphy/ptII/adm/gen-11.1/src/ptII11.1.devel/doc/books/systems/pn/test/junit'
make[6]: Leaving directory '/home/travis/build/icyphy/ptII/adm/gen-11.1/src/ptII11.1.devel/doc/books/systems/pn/test'
make[5]: Leaving directory '/home/travis/build/icyphy/ptII/adm/gen-11.1/src/ptII11.1.devel/doc/books/systems/pn'
making clean in doc/books/systems/ptera
../../../../mk/ptcommon.mk:1008: warning: overriding recipe for target 'echo_models'
../chapter.mk:79: warning: ignoring old recipe for target 'echo_models'
make[5]: Entering directory '/home/travis/build/icyphy/ptII/adm/gen-11.1/src/ptII11.1.devel/doc/books/systems/ptera'
rm -rf *.o *.so *~ *.bak ,* LOG* *.class *.jstmp config.cache config.log config.status manifest.tmp  ptera.jar     ptera.jar *.jar *.jnlp *.jnlp.fixed *.htm doc
rm -f core
making clean in doc/books/systems/ptera/test
make[6]: Entering directory '/home/travis/build/icyphy/ptII/adm/gen-11.1/src/ptII11.1.devel/doc/books/systems/ptera/test'
rm -rf *.o *.so *~ *.bak ,* LOG* *.class *.jstmp config.cache config.log config.status manifest.tmp        
rm -f core
making clean in doc/books/systems/ptera/test/junit
make[7]: Entering directory '/home/travis/build/icyphy/ptII/adm/gen-11.1/src/ptII11.1.devel/doc/books/systems/ptera/test/junit'
rm -rf *.o *.so *~ *.bak ,* LOG* *.class *.jstmp config.cache config.log config.status manifest.tmp JUnitTclTest.class       
rm -f core
make[7]: Leaving directory '/home/travis/build/icyphy/ptII/adm/gen-11.1/src/ptII11.1.devel/doc/books/systems/ptera/test/junit'
make[6]: Leaving directory '/home/travis/build/icyphy/ptII/adm/gen-11.1/src/ptII11.1.devel/doc/books/systems/ptera/test'
make[5]: Leaving directory '/home/travis/build/icyphy/ptII/adm/gen-11.1/src/ptII11.1.devel/doc/books/systems/ptera'
making clean in doc/books/systems/synchronous
../../../../mk/ptcommon.mk:1008: warning: overriding recipe for target 'echo_models'
make[5]: Entering directory '/home/travis/build/icyphy/ptII/adm/gen-11.1/src/ptII11.1.devel/doc/books/systems/synchronous'
../chapter.mk:79: warning: ignoring old recipe for target 'echo_models'
rm -rf *.o *.so *~ *.bak ,* LOG* *.class *.jstmp config.cache config.log config.status manifest.tmp  synchronous.jar     synchronous.jar *.jar *.jnlp *.jnlp.fixed *.htm doc
rm -f core
making clean in doc/books/systems/synchronous/test
make[6]: Entering directory '/home/travis/build/icyphy/ptII/adm/gen-11.1/src/ptII11.1.devel/doc/books/systems/synchronous/test'
rm -rf *.o *.so *~ *.bak ,* LOG* *.class *.jstmp config.cache config.log config.status manifest.tmp        
rm -f core
making clean in doc/books/systems/synchronous/test/junit
make[7]: Entering directory '/home/travis/build/icyphy/ptII/adm/gen-11.1/src/ptII11.1.devel/doc/books/systems/synchronous/test/junit'
rm -rf *.o *.so *~ *.bak ,* LOG* *.class *.jstmp config.cache config.log config.status manifest.tmp JUnitTclTest.class       
rm -f core
make[7]: Leaving directory '/home/travis/build/icyphy/ptII/adm/gen-11.1/src/ptII11.1.devel/doc/books/systems/synchronous/test/junit'
make[6]: Leaving directory '/home/travis/build/icyphy/ptII/adm/gen-11.1/src/ptII11.1.devel/doc/books/systems/synchronous/test'
make[5]: Leaving directory '/home/travis/build/icyphy/ptII/adm/gen-11.1/src/ptII11.1.devel/doc/books/systems/synchronous'
making clean in doc/books/systems/types
../../../../mk/ptcommon.mk:1008: warning: overriding recipe for target 'echo_models'
make[5]: Entering directory '/home/travis/build/icyphy/ptII/adm/gen-11.1/src/ptII11.1.devel/doc/books/systems/types'
../chapter.mk:79: warning: ignoring old recipe for target 'echo_models'
rm -rf *.o *.so *~ *.bak ,* LOG* *.class *.jstmp config.cache config.log config.status manifest.tmp  types.jar     types.jar *.jar *.jnlp *.jnlp.fixed *.htm doc
rm -f core
making clean in doc/books/systems/types/test
make[6]: Entering directory '/home/travis/build/icyphy/ptII/adm/gen-11.1/src/ptII11.1.devel/doc/books/systems/types/test'
rm -rf *.o *.so *~ *.bak ,* LOG* *.class *.jstmp config.cache config.log config.status manifest.tmp        
rm -f core
making clean in doc/books/systems/types/test/junit
make[7]: Entering directory '/home/travis/build/icyphy/ptII/adm/gen-11.1/src/ptII11.1.devel/doc/books/systems/types/test/junit'
rm -rf *.o *.so *~ *.bak ,* LOG* *.class *.jstmp config.cache config.log config.status manifest.tmp JUnitTclTest.class       
rm -f core
make[7]: Leaving directory '/home/travis/build/icyphy/ptII/adm/gen-11.1/src/ptII11.1.devel/doc/books/systems/types/test/junit'
make[6]: Leaving directory '/home/travis/build/icyphy/ptII/adm/gen-11.1/src/ptII11.1.devel/doc/books/systems/types/test'
make[5]: Leaving directory '/home/travis/build/icyphy/ptII/adm/gen-11.1/src/ptII11.1.devel/doc/books/systems/types'
making clean in doc/books/systems/vergil
../../../../mk/ptcommon.mk:1008: warning: overriding recipe for target 'echo_models'
make[5]: Entering directory '/home/travis/build/icyphy/ptII/adm/gen-11.1/src/ptII11.1.devel/doc/books/systems/vergil'
../chapter.mk:79: warning: ignoring old recipe for target 'echo_models'
rm -rf *.o *.so *~ *.bak ,* LOG* *.class *.jstmp config.cache config.log config.status manifest.tmp  vergil.jar     vergil.jar *.jar *.jnlp *.jnlp.fixed *.htm doc
rm -f core
making clean in doc/books/systems/vergil/test
make[6]: Entering directory '/home/travis/build/icyphy/ptII/adm/gen-11.1/src/ptII11.1.devel/doc/books/systems/vergil/test'
rm -rf *.o *.so *~ *.bak ,* LOG* *.class *.jstmp config.cache config.log config.status manifest.tmp        
rm -f core
making clean in doc/books/systems/vergil/test/junit
make[7]: Entering directory '/home/travis/build/icyphy/ptII/adm/gen-11.1/src/ptII11.1.devel/doc/books/systems/vergil/test/junit'
rm -rf *.o *.so *~ *.bak ,* LOG* *.class *.jstmp config.cache config.log config.status manifest.tmp JUnitTclTest.class       
rm -f core
make[7]: Leaving directory '/home/travis/build/icyphy/ptII/adm/gen-11.1/src/ptII11.1.devel/doc/books/systems/vergil/test/junit'
make[6]: Leaving directory '/home/travis/build/icyphy/ptII/adm/gen-11.1/src/ptII11.1.devel/doc/books/systems/vergil/test'
make[5]: Leaving directory '/home/travis/build/icyphy/ptII/adm/gen-11.1/src/ptII11.1.devel/doc/books/systems/vergil'
make[4]: Leaving directory '/home/travis/build/icyphy/ptII/adm/gen-11.1/src/ptII11.1.devel/doc/books/systems'
make[3]: Leaving directory '/home/travis/build/icyphy/ptII/adm/gen-11.1/src/ptII11.1.devel/doc/books'
making clean in doc/coding
make[3]: Entering directory '/home/travis/build/icyphy/ptII/adm/gen-11.1/src/ptII11.1.devel/doc/coding'
rm -rf *.o *.so *~ *.bak ,* LOG* *.class *.jstmp config.cache config.log config.status manifest.tmp     codingConfig.jar   
rm -f core
make[3]: Leaving directory '/home/travis/build/icyphy/ptII/adm/gen-11.1/src/ptII11.1.devel/doc/coding'
making clean in doc/design
make[3]: Entering directory '/home/travis/build/icyphy/ptII/adm/gen-11.1/src/ptII11.1.devel/doc/design'
rm -rf *.o *.so *~ *.bak ,* LOG* *.class *.jstmp config.cache config.log config.status manifest.tmp  design.jar     design.jar hyvisual.jar visualsense.jar
rm -f core
making clean in doc/design/usingVergil
make[4]: Entering directory '/home/travis/build/icyphy/ptII/adm/gen-11.1/src/ptII11.1.devel/doc/design/usingVergil'
rm -rf *.o *.so *~ *.bak ,* LOG* *.class *.jstmp config.cache config.log config.status manifest.tmp  usingVergil.jar      usingVergil.jar  
rm -f core
make[4]: Leaving directory '/home/travis/build/icyphy/ptII/adm/gen-11.1/src/ptII11.1.devel/doc/design/usingVergil'
make[3]: Leaving directory '/home/travis/build/icyphy/ptII/adm/gen-11.1/src/ptII11.1.devel/doc/design'
making clean in doc/img
make[3]: Entering directory '/home/travis/build/icyphy/ptII/adm/gen-11.1/src/ptII11.1.devel/doc/img'
rm -rf *.o *.so *~ *.bak ,* LOG* *.class *.jstmp config.cache config.log config.status manifest.tmp  img.jar     img.jar 
rm -f core
make[3]: Leaving directory '/home/travis/build/icyphy/ptII/adm/gen-11.1/src/ptII11.1.devel/doc/img'
making clean in doc/papers
make[3]: Entering directory '/home/travis/build/icyphy/ptII/adm/gen-11.1/src/ptII11.1.devel/doc/papers'
rm -rf *.o *.so *~ *.bak ,* LOG* *.class *.jstmp config.cache config.log config.status manifest.tmp    papers.jar    
rm -f core
making clean in doc/papers/y11
make[4]: Entering directory '/home/travis/build/icyphy/ptII/adm/gen-11.1/src/ptII11.1.devel/doc/papers/y11'
rm -rf *.o *.so *~ *.bak ,* LOG* *.class *.jstmp config.cache config.log config.status manifest.tmp    y11.jar    
rm -f core
making clean in doc/papers/y11/modularSemantics
make[5]: Entering directory '/home/travis/build/icyphy/ptII/adm/gen-11.1/src/ptII11.1.devel/doc/papers/y11/modularSemantics'
rm -rf *.o *.so *~ *.bak ,* LOG* *.class *.jstmp config.cache config.log config.status manifest.tmp  modularSemantics.jar     modularSemantics.jar 
rm -f core
making clean in doc/papers/y11/modularSemantics/test
make[6]: Entering directory '/home/travis/build/icyphy/ptII/adm/gen-11.1/src/ptII11.1.devel/doc/papers/y11/modularSemantics/test'
rm -rf *.o *.so *~ *.bak ,* LOG* *.class *.jstmp config.cache config.log config.status manifest.tmp        
rm -f core
making clean in doc/papers/y11/modularSemantics/test/junit
make[7]: Entering directory '/home/travis/build/icyphy/ptII/adm/gen-11.1/src/ptII11.1.devel/doc/papers/y11/modularSemantics/test/junit'
rm -rf *.o *.so *~ *.bak ,* LOG* *.class *.jstmp config.cache config.log config.status manifest.tmp JUnitTclTest.class       
rm -f core
make[7]: Leaving directory '/home/travis/build/icyphy/ptII/adm/gen-11.1/src/ptII11.1.devel/doc/papers/y11/modularSemantics/test/junit'
make[6]: Leaving directory '/home/travis/build/icyphy/ptII/adm/gen-11.1/src/ptII11.1.devel/doc/papers/y11/modularSemantics/test'
make[5]: Leaving directory '/home/travis/build/icyphy/ptII/adm/gen-11.1/src/ptII11.1.devel/doc/papers/y11/modularSemantics'
make[4]: Leaving directory '/home/travis/build/icyphy/ptII/adm/gen-11.1/src/ptII11.1.devel/doc/papers/y11'
making clean in doc/papers/y12
make[4]: Entering directory '/home/travis/build/icyphy/ptII/adm/gen-11.1/src/ptII11.1.devel/doc/papers/y12'
rm -rf *.o *.so *~ *.bak ,* LOG* *.class *.jstmp config.cache config.log config.status manifest.tmp    y12.jar    
rm -f core
making clean in doc/papers/y12/designContracts
make[5]: Entering directory '/home/travis/build/icyphy/ptII/adm/gen-11.1/src/ptII11.1.devel/doc/papers/y12/designContracts'
rm -rf *.o *.so *~ *.bak ,* LOG* *.class *.jstmp config.cache config.log config.status manifest.tmp  designContracts.jar     designContracts.jar 
rm -f core
making clean in doc/papers/y12/designContracts/test
make[6]: Entering directory '/home/travis/build/icyphy/ptII/adm/gen-11.1/src/ptII11.1.devel/doc/papers/y12/designContracts/test'
rm -rf *.o *.so *~ *.bak ,* LOG* *.class *.jstmp config.cache config.log config.status manifest.tmp        
rm -f core
making clean in doc/papers/y12/designContracts/test/junit
make[7]: Entering directory '/home/travis/build/icyphy/ptII/adm/gen-11.1/src/ptII11.1.devel/doc/papers/y12/designContracts/test/junit'
rm -rf *.o *.so *~ *.bak ,* LOG* *.class *.jstmp config.cache config.log config.status manifest.tmp JUnitTclTest.class       
rm -f core
make[7]: Leaving directory '/home/travis/build/icyphy/ptII/adm/gen-11.1/src/ptII11.1.devel/doc/papers/y12/designContracts/test/junit'
make[6]: Leaving directory '/home/travis/build/icyphy/ptII/adm/gen-11.1/src/ptII11.1.devel/doc/papers/y12/designContracts/test'
make[5]: Leaving directory '/home/travis/build/icyphy/ptII/adm/gen-11.1/src/ptII11.1.devel/doc/papers/y12/designContracts'
make[4]: Leaving directory '/home/travis/build/icyphy/ptII/adm/gen-11.1/src/ptII11.1.devel/doc/papers/y12'
making clean in doc/papers/y14
make[4]: Entering directory '/home/travis/build/icyphy/ptII/adm/gen-11.1/src/ptII11.1.devel/doc/papers/y14'
rm -rf *.o *.so *~ *.bak ,* LOG* *.class *.jstmp config.cache config.log config.status manifest.tmp    y14.jar    
rm -f core
making clean in doc/papers/y14/attackModeling
make[5]: Entering directory '/home/travis/build/icyphy/ptII/adm/gen-11.1/src/ptII11.1.devel/doc/papers/y14/attackModeling'
../../../../mk/ptcommon.mk:1008: warning: overriding recipe for target 'echo_models'
makefile:82: warning: ignoring old recipe for target 'echo_models'
rm -rf *.o *.so *~ *.bak ,* LOG* *.class *.jstmp config.cache config.log config.status manifest.tmp  attackModeling.jar     attackModeling.jar 
rm -f core
make[5]: Leaving directory '/home/travis/build/icyphy/ptII/adm/gen-11.1/src/ptII11.1.devel/doc/papers/y14/attackModeling'
making clean in doc/papers/y14/constructive
make[5]: Entering directory '/home/travis/build/icyphy/ptII/adm/gen-11.1/src/ptII11.1.devel/doc/papers/y14/constructive'
rm -rf *.o *.so *~ *.bak ,* LOG* *.class *.jstmp config.cache config.log config.status manifest.tmp    constructive.jar    
rm -f core
making clean in doc/papers/y14/constructive/models
../../../../../mk/ptcommon.mk:1008: warning: overriding recipe for target 'echo_models'
make[6]: Entering directory '/home/travis/build/icyphy/ptII/adm/gen-11.1/src/ptII11.1.devel/doc/papers/y14/constructive/models'
makefile:105: warning: ignoring old recipe for target 'echo_models'
rm -rf *.o *.so *~ *.bak ,* LOG* *.class *.jstmp config.cache config.log config.status manifest.tmp  models.jar     models.jar 
rm -f core
making clean in doc/papers/y14/constructive/models/test
make[7]: Entering directory '/home/travis/build/icyphy/ptII/adm/gen-11.1/src/ptII11.1.devel/doc/papers/y14/constructive/models/test'
rm -rf *.o *.so *~ *.bak ,* LOG* *.class *.jstmp config.cache config.log config.status manifest.tmp        
rm -f core
making clean in doc/papers/y14/constructive/models/test/junit
make[8]: Entering directory '/home/travis/build/icyphy/ptII/adm/gen-11.1/src/ptII11.1.devel/doc/papers/y14/constructive/models/test/junit'
rm -rf *.o *.so *~ *.bak ,* LOG* *.class *.jstmp config.cache config.log config.status manifest.tmp JUnitTclTest.class       
rm -f core
make[8]: Leaving directory '/home/travis/build/icyphy/ptII/adm/gen-11.1/src/ptII11.1.devel/doc/papers/y14/constructive/models/test/junit'
make[7]: Leaving directory '/home/travis/build/icyphy/ptII/adm/gen-11.1/src/ptII11.1.devel/doc/papers/y14/constructive/models/test'
make[6]: Leaving directory '/home/travis/build/icyphy/ptII/adm/gen-11.1/src/ptII11.1.devel/doc/papers/y14/constructive/models'
make[5]: Leaving directory '/home/travis/build/icyphy/ptII/adm/gen-11.1/src/ptII11.1.devel/doc/papers/y14/constructive'
make[4]: Leaving directory '/home/travis/build/icyphy/ptII/adm/gen-11.1/src/ptII11.1.devel/doc/papers/y14'
make[3]: Leaving directory '/home/travis/build/icyphy/ptII/adm/gen-11.1/src/ptII11.1.devel/doc/papers'
making clean in doc/tutorial
make[3]: Entering directory '/home/travis/build/icyphy/ptII/adm/gen-11.1/src/ptII11.1.devel/doc/tutorial'
rm -rf *.o *.so *~ *.bak ,* LOG* *.class *.jstmp config.cache config.log config.status manifest.tmp Precocious.class       
rm -f core
making clean in doc/tutorial/domains
make[4]: Entering directory '/home/travis/build/icyphy/ptII/adm/gen-11.1/src/ptII11.1.devel/doc/tutorial/domains'
rm -rf *.o *.so *~ *.bak ,* LOG* *.class *.jstmp config.cache config.log config.status manifest.tmp AmorphousDirector.class LatestTokenPNDirector.class LeftRightDirector.class NondogmaticPNDirector.class       
rm -f core
make[4]: Leaving directory '/home/travis/build/icyphy/ptII/adm/gen-11.1/src/ptII11.1.devel/doc/tutorial/domains'
making clean in doc/tutorial/graph
make[4]: Entering directory '/home/travis/build/icyphy/ptII/adm/gen-11.1/src/ptII11.1.devel/doc/tutorial/graph'
rm -rf *.o *.so *~ *.bak ,* LOG* *.class *.jstmp config.cache config.log config.status manifest.tmp ConnectivityReporter.class HelloWorld.class ShortestPathFinder.class       
rm -f core
making clean in doc/tutorial/graph/junit
make[5]: Entering directory '/home/travis/build/icyphy/ptII/adm/gen-11.1/src/ptII11.1.devel/doc/tutorial/graph/junit'
rm -rf *.o *.so *~ *.bak ,* LOG* *.class *.jstmp config.cache config.log config.status manifest.tmp ShortestPathFinderTest.class       
rm -f core
make[5]: Leaving directory '/home/travis/build/icyphy/ptII/adm/gen-11.1/src/ptII11.1.devel/doc/tutorial/graph/junit'
make[4]: Leaving directory '/home/travis/build/icyphy/ptII/adm/gen-11.1/src/ptII11.1.devel/doc/tutorial/graph'
making clean in doc/tutorial/gui
make[4]: Entering directory '/home/travis/build/icyphy/ptII/adm/gen-11.1/src/ptII11.1.devel/doc/tutorial/gui'
rm -rf *.o *.so *~ *.bak ,* LOG* *.class *.jstmp config.cache config.log config.status manifest.tmp TableDisplay.class TableDisplayWithConfigure.class       
rm -f core
make[4]: Leaving directory '/home/travis/build/icyphy/ptII/adm/gen-11.1/src/ptII11.1.devel/doc/tutorial/gui'
make[3]: Leaving directory '/home/travis/build/icyphy/ptII/adm/gen-11.1/src/ptII11.1.devel/doc/tutorial'
making clean in doc/ui
make[3]: Entering directory '/home/travis/build/icyphy/ptII/adm/gen-11.1/src/ptII11.1.devel/doc/ui'
rm -rf *.o *.so *~ *.bak ,* LOG* *.class *.jstmp config.cache config.log config.status manifest.tmp        
rm -f core
make[3]: Leaving directory '/home/travis/build/icyphy/ptII/adm/gen-11.1/src/ptII11.1.devel/doc/ui'
making clean in doc/test
make[3]: Entering directory '/home/travis/build/icyphy/ptII/adm/gen-11.1/src/ptII11.1.devel/doc/test'
rm -rf *.o *.so *~ *.bak ,* LOG* *.class *.jstmp config.cache config.log config.status manifest.tmp        
rm -f core
make[3]: Leaving directory '/home/travis/build/icyphy/ptII/adm/gen-11.1/src/ptII11.1.devel/doc/test'
make[2]: Leaving directory '/home/travis/build/icyphy/ptII/adm/gen-11.1/src/ptII11.1.devel/doc'
make[1]: Leaving directory '/home/travis/build/icyphy/ptII/adm/gen-11.1/src/ptII11.1.devel'
(0)About to remove class files in /home/travis/build/icyphy/ptII/adm/gen-11.1/src/ptII11.1.devel
(1)About to remove jars in /home/travis/build/icyphy/ptII/adm/gen-11.1/src/ptII11.1.devel/ptolemy
  3342836      4 -rw-rw-r--   1 travis   travis       3194 Aug  6 15:02 ./matlab/demo/MatlabContinuous/MatlabContinuous.jar
  3342841      4 -rw-rw-r--   1 travis   travis       3206 Aug  6 15:02 ./matlab/demo/MatlabExpression/MatlabExpression.jar
  3342842      8 -rw-rw-r--   1 travis   travis       5759 Aug  6 15:02 ./matlab/demo/demo.jar
  3342847     20 -rw-rw-r--   1 travis   travis      17194 Aug  6 15:02 ./matlab/matlab.jar
  3584404    204 -rw-rw-r--   1 travis   travis     208282 Aug  6 15:02 ./domains/metroII/demo/demo.jar
  3344025    160 -rw-rw-r--   1 travis   travis     161446 Aug  6 15:02 ./cg/cgAccessor.jar
  2324907      8 -rw-rw-r--   1 travis   travis       5781 Aug  6 15:02 ./actor/lib/jai/jai.jar
  2324915      4 -rw-rw-r--   1 travis   travis       3107 Aug  6 15:02 ./actor/lib/jai/demo/AdaptiveMedian/AdaptiveMedian.jar
  2324918    288 -rw-rw-r--   1 travis   travis     291742 Aug  6 15:02 ./actor/lib/jai/demo/demo.jar
  2324923      4 -rw-rw-r--   1 travis   travis       3424 Aug  6 15:02 ./actor/lib/jai/demo/ImageReconstruction/ImageReconstruction.jar
  2324929      4 -rw-rw-r--   1 travis   travis       2945 Aug  6 15:02 ./actor/lib/jai/demo/VQSequenceDisplay/VQSequenceDisplay.jar
  2576324      4 -rw-rw-r--   1 travis   travis       2302 Aug  6 15:02 ./actor/lib/jmf/demo/demo.jar
  2837627      4 -rw-rw-r--   1 travis   travis        327 Aug  6 15:02 ./actor/lib/jmf/demo/JMFJAI/JMFJAI.jar
  3091829      4 -rw-rw-r--   1 travis   travis       2302 Aug  6 15:02 ./actor/lib/jmf/demo/VideoCapture/VideoCapture.jar
  2325188    184 -rw-rw-r--   1 travis   travis     187854 Aug  6 15:02 ./actor/lib/jmf/jmf.jar
  3091996    688 -rwxrwxr-x   1 travis   travis     703395 Aug  6 14:58 ./actor/lib/excel/jxl.jar
  2325575   1664 -rw-rw-r--   1 travis   travis    1703760 Aug  6 15:02 ./actor/lib/jjs/modules/demo.jar
  3596040      4 -rw-rw-r--   1 travis   travis       1746 Aug  6 15:02 ./actor/gui/jnlp/ViptosApplication.jar
(2)About to remove jars in /home/travis/build/icyphy/ptII/adm/gen-11.1/src/ptII11.1.devel/ptolemy/domains/ptinyos
(3)About to remove jars in /home/travis/build/icyphy/ptII/adm/gen-11.1/src/ptII11.1.devel/doc
(4)About to remove files named core /home/travis/build/icyphy/ptII/adm/gen-11.1/src/ptII11.1.devel
About to remove unneeded sources from /home/travis/build/icyphy/ptII/adm/gen-11.1/src/ptII11.1.devel
ls: cannot access 'META-INF': No such file or directory
ls: cannot access 'bin/ptcg.bat': No such file or directory
ls: cannot access 'bin/comm.policy': No such file or directory
ls: cannot access 'bin/convertToLazy': No such file or directory
ls: cannot access 'bin/convertToLazy.bat': No such file or directory
ls: cannot access 'bin/copernicus.bat': No such file or directory
ls: cannot access 'bin/decompile.bat': No such file or directory
ls: cannot access 'bin/emachine.bat': No such file or directory
ls: cannot access 'bin/giottoc.bat': No such file or directory
ls: cannot access 'bin/histogram.bat': No such file or directory
ls: cannot access 'bin/jode.bat': No such file or directory
ls: cannot access 'bin/mescal.bat': No such file or directory
ls: cannot access 'bin/moml.bat': No such file or directory
ls: cannot access 'bin/obfuscate.bat': No such file or directory
ls: cannot access 'bin/ptcg': No such file or directory
ls: cannot access 'bin/ptexecute.bat': No such file or directory
ls: cannot access 'bin/ptjacl.bat': No such file or directory
ls: cannot access 'bin/ptjaclapp.bat': No such file or directory
ls: cannot access 'bin/ptjg': No such file or directory
ls: cannot access 'bin/ptjg.bat': No such file or directory
ls: cannot access 'bin/ptolemy.bat': No such file or directory
ls: cannot access 'bin/ptinvoke': No such file or directory
ls: cannot access 'bin/ptplot.bat': No such file or directory
ls: cannot access 'bin/ptstartjini.bat': No such file or directory
ls: cannot access 'bin/pxgraph.bat': No such file or directory
ls: cannot access 'bin/soot.bat': No such file or directory
ls: cannot access 'bin/startjini.gui.bat': No such file or directory
ls: cannot access 'bin/tinic.bat': No such file or directory
ls: cannot access 'bin/tinicomm.bat': No such file or directory
ls: cannot access 'bin/tiniconverter.bat': No such file or directory
ls: cannot access 'bin/vergil.bat': No such file or directory
ls: cannot access 'config/jarTest.jar': No such file or directory
ls: cannot access 'diva/build.xml': No such file or directory
ls: cannot access 'diva/canvas/test/alljsimpletests.tcl': No such file or directory
ls: cannot access 'diva/canvas/tutorial/doc-files': No such file or directory
ls: cannot access 'diva/graph/test/alljsimpletests.tcl': No such file or directory
ls: cannot access 'diva/util/test/alljsimpletests.tcl': No such file or directory
ls: cannot access 'doc/img/banner.psd': No such file or directory
ls: cannot access 'doc/img/ptIIbanner2.psd': No such file or directory
ls: cannot access 'doc/img/PtolemyIICD.ec3': No such file or directory
ls: cannot access 'doc/img/PtolemyIISplash.psd': No such file or directory
ls: cannot access 'doc/design/hyvisual.jar': No such file or directory
ls: cannot access 'doc/design/visualsense.jar': No such file or directory
ls: cannot access 'jar_dist': No such file or directory
ls: cannot access 'lib/cachedir': No such file or directory
ls: cannot access 'lib/ptII.properties': No such file or directory
ls: cannot access 'lib/ptvr.jar': No such file or directory
ls: cannot access 'mk/ptII.mk': No such file or directory
ls: cannot access 'ptolemy/actor/gui/style/test/alljsimpletests.tcl': No such file or directory
ls: cannot access 'ptolemy/actor/gui/test/alljsimpletests.tcl': No such file or directory
ls: cannot access 'ptolemy/actor/lib/security/demo/Signature/ptKeystore': No such file or directory
ls: cannot access 'ptolemy/actor/lib/security/test/foo.keystore': No such file or directory
ls: cannot access 'ptolemy/actor/lib/test/Const.txt': No such file or directory
ls: cannot access 'ptolemy/actor/lib/test/ReadFile1Output.txt': No such file or directory
ls: cannot access 'ptolemy/component': No such file or directory
ls: cannot access 'ptolemy/domains/coroutine': No such file or directory
ls: cannot access 'ptolemy/domains/fmi': No such file or directory
ls: cannot access 'ptolemy/vergil/basic/imprt/fmu/ImportFMUAsJavaFMUAction.java': No such file or directory
ls: cannot access 'ptolemy/domains/gr/demo/Demo1': No such file or directory
ls: cannot access 'ptolemy/domains/gr/lib/vr': No such file or directory
ls: cannot access 'ptolemy/domains/hs': No such file or directory
ls: cannot access 'ptolemy/domains/metroII': No such file or directory
ls: cannot access 'ptolemy/domains/openmodelica': No such file or directory
ls: cannot access 'ptolemy/matlab/ptmatlab.exp': No such file or directory
ls: cannot access 'ptolemy/matlab/ptmatlab.lib': No such file or directory
ls: cannot access 'ptolemy/matlab/ptmatlab.obj': No such file or directory
ls: cannot access 'ptolemy/media/test/tmp2_7.au': No such file or directory
ls: cannot access 'ptolemy/moml/jxta/demo/EPtolemyA/EPtolemy.properties': No such file or directory
ls: cannot access 'ptolemy/moml/jxta/JXTAClassLoader.class': No such file or directory
ls: cannot access 'ptolemy/moml/jxta/JXTALibrary.class': No such file or directory
ls: cannot access 'ptolemy/plot/ptplotlocales': No such file or directory
ls: cannot access 'ptolemy/util/test/FileUtilities-1.1.tmp': No such file or directory
ls: cannot access 'ptolemy/vergil/toolbox/test/alljsimpletests.tcl': No such file or directory
ls: cannot access 'signed': No such file or directory
rm: cannot remove './org/terraswarm/accessor/accessors/web/hosts/node/node_modules/chai/lib/chai/core': Is a directory
/home/travis/build/icyphy/ptII/bin/ant: Running /home/travis/build/icyphy/ptII/ant/bin/ant clean.duktape
Buildfile: /home/travis/build/icyphy/ptII/adm/gen-11.1/src/ptII11.1.devel/org/terraswarm/accessor/accessors/web/build.xml

-cargo-in-path:
     [echo] 
     [echo]       Checking to see if the cargo binary is present.
     [echo]       cargo is used for the rusteduk target.
     [echo]       Rusteduk is a Duktape-based JavaScript Interpreter
     [echo]       that can be called from rust.
     [echo]       If cargo is not found, then rusteduk won't compile.
     [echo]       Rusteduk is not required by Accessors.
     [echo]     

clean.rusteduk:

clean.duktape:

BUILD SUCCESSFUL
Total time: 0 seconds
# Fix up doc/img/makefile
#egrep -v "PtolemyIISplash.psd|banner.psd|ptIIbanner2.psd" \
#	src/ptII11.1.devel/doc/img/makefile \
#	> src/ptII11.1.devel/doc/img/makefile.tmp
#mv src/ptII11.1.devel/doc/img/makefile.tmp \
#	src/ptII11.1.devel/doc/img/makefile
# Fix up dde/kernel/test/makefile
#egrep -v DDEDirector.tcl \
#	src/ptII11.1.devel/ptolemy/domains/dde/kernel/test/makefile \
#	> src/ptII11.1.devel/ptolemy/domains/dde/kernel/test/makefile.tmp
#mv src/ptII11.1.devel/ptolemy/domains/dde/kernel/test/makefile.tmp \
#	src/ptII11.1.devel/ptolemy/domains/dde/kernel/test/makefile
# # Fix up giotto/makefile
# egrep -v cgc \
# 	src/ptII11.1.devel/ptolemy/domains/giotto/makefile \
# 	> src/ptII11.1.devel/ptolemy/domains/giotto/makefile.tmp
# mv src/ptII11.1.devel/ptolemy/domains/giotto/makefile.tmp \
# 	src/ptII11.1.devel/ptolemy/domains/giotto/makefile
# # Fix up tm/makefile
# egrep -v runtime \
# 	src/ptII11.1.devel/ptolemy/domains/tm/makefile \
# 	> src/ptII11.1.devel/ptolemy/domains/tm/makefile.tmp
# mv src/ptII11.1.devel/ptolemy/domains/tm/makefile.tmp \
# 	src/ptII11.1.devel/ptolemy/domains/tm/makefile
# Copy libjvm.dll.a because it was removed by src.ex
#cp /home/travis/build/icyphy/ptII/adm/installers/test/../../../ptolemy/codegen/c/lib/win/libjvm.dll.a \
#       src/ptII11.1.devel/ptolemy/codegen/c/lib/win/
#ls -l  		src/ptII11.1.devel/ptolemy/codegen/c/lib/win/
# Update the versions
./updateversions 11.1.devel 11.1.devel_`date +"%Y%m%d"` src/ptII11.1.devel/ptolemy/configs/*/* src/ptII11.1.devel/ptolemy/kernel/attributes/VersionAttribute.java 
./updateversions: src/ptII11.1.devel/ptolemy/configs/bcvtb/authors.htm
./updateversions: src/ptII11.1.devel/ptolemy/configs/bcvtb/bcvtbLibrary.xml
./updateversions: src/ptII11.1.devel/ptolemy/configs/bcvtb/bcvtbModels.txt
./updateversions: src/ptII11.1.devel/ptolemy/configs/bcvtb/configuration.xml
./updateversions: file is a binary file.
./updateversions: src/ptII11.1.devel/ptolemy/configs/bcvtb/intro.htm
16c16
< <h1>Ptolemy II Version 11.1.devel</h1>
---
> <h1>Ptolemy II Version 11.1.devel_20200806</h1>
./updateversions: src/ptII11.1.devel/ptolemy/configs/bcvtb/makefile
./updateversions: src/ptII11.1.devel/ptolemy/configs/bcvtb/overview.htm
./updateversions: file is a binary file.
./updateversions: src/ptII11.1.devel/ptolemy/configs/bcvtb/welcomeWindow.xml
./updateversions: file is a binary file.
./updateversions: file is a binary file.
./updateversions: src/ptII11.1.devel/ptolemy/configs/capecode/about.htm
7c7
< <h1>About the Ptolemy 11.1.devel CapeCode Edition</h1>
---
> <h1>About the Ptolemy 11.1.devel_20200806 CapeCode Edition</h1>
./updateversions: src/ptII11.1.devel/ptolemy/configs/capecode/authors.htm
./updateversions: src/ptII11.1.devel/ptolemy/configs/capecode/capecodeEffigies.xml
./updateversions: src/ptII11.1.devel/ptolemy/configs/capecode/capecodeRefinements.xml
./updateversions: src/ptII11.1.devel/ptolemy/configs/capecode/cg.xml
./updateversions: src/ptII11.1.devel/ptolemy/configs/capecode/configuration.xml
./updateversions: src/ptII11.1.devel/ptolemy/configs/capecode/copyright.htm
3c3
< <title>Ptolemy II 11.1.devel, CapeCode Edition Copyright</title>
---
> <title>Ptolemy II 11.1.devel_20200806, CapeCode Edition Copyright</title>
7c7
< <h1>Ptolemy II 11.1.devel, CapeCode Edition Copyright</h1>
---
> <h1>Ptolemy II 11.1.devel_20200806, CapeCode Edition Copyright</h1>
./updateversions: src/ptII11.1.devel/ptolemy/configs/capecode/de.xml
./updateversions: src/ptII11.1.devel/ptolemy/configs/capecode/demonstrations.htm
./updateversions: src/ptII11.1.devel/ptolemy/configs/capecode/docs.htm
./updateversions: src/ptII11.1.devel/ptolemy/configs/capecode/gr.xml
./updateversions: src/ptII11.1.devel/ptolemy/configs/capecode/help.htm
./updateversions: src/ptII11.1.devel/ptolemy/configs/capecode/hoc.xml
./updateversions: src/ptII11.1.devel/ptolemy/configs/capecode/intro.htm
./updateversions: src/ptII11.1.devel/ptolemy/configs/capecode/io.xml
./updateversions: src/ptII11.1.devel/ptolemy/configs/capecode/makefile
./updateversions: src/ptII11.1.devel/ptolemy/configs/capecode/sinks.xml
./updateversions: src/ptII11.1.devel/ptolemy/configs/capecode/sources.xml
./updateversions: src/ptII11.1.devel/ptolemy/configs/capecode/sr.xml
./updateversions: src/ptII11.1.devel/ptolemy/configs/capecode/tour.htm
./updateversions: src/ptII11.1.devel/ptolemy/configs/capecode/welcomeWindow.xml
./updateversions: src/ptII11.1.devel/ptolemy/configs/capecode/wireless.xml
./updateversions: file is a binary file.
./updateversions: src/ptII11.1.devel/ptolemy/configs/cyphysim/about.htm
7c7
< <h1>About the Ptolemy 11.1.devel CyPhySim Edition</h1>
---
> <h1>About the Ptolemy 11.1.devel_20200806 CyPhySim Edition</h1>
./updateversions: src/ptII11.1.devel/ptolemy/configs/cyphysim/authors.htm
./updateversions: src/ptII11.1.devel/ptolemy/configs/cyphysim/configuration.xml
./updateversions: src/ptII11.1.devel/ptolemy/configs/cyphysim/copyright.htm
3c3
< <title>Ptolemy II 11.1.devel, CyPhySim Edition Copyright</title>
---
> <title>Ptolemy II 11.1.devel_20200806, CyPhySim Edition Copyright</title>
7c7
< <h1>Ptolemy II 11.1.devel, CyPhySim Edition Copyright</h1>
---
> <h1>Ptolemy II 11.1.devel_20200806, CyPhySim Edition Copyright</h1>
./updateversions: src/ptII11.1.devel/ptolemy/configs/cyphysim/cyphysimEffigies.xml
./updateversions: src/ptII11.1.devel/ptolemy/configs/cyphysim/cyphysimRefinements.xml
./updateversions: src/ptII11.1.devel/ptolemy/configs/cyphysim/de.xml
./updateversions: src/ptII11.1.devel/ptolemy/configs/cyphysim/demonstrations.htm
./updateversions: src/ptII11.1.devel/ptolemy/configs/cyphysim/docs.htm
./updateversions: src/ptII11.1.devel/ptolemy/configs/cyphysim/gr.xml
./updateversions: src/ptII11.1.devel/ptolemy/configs/cyphysim/help.htm
./updateversions: src/ptII11.1.devel/ptolemy/configs/cyphysim/hoc.xml
./updateversions: src/ptII11.1.devel/ptolemy/configs/cyphysim/intro.htm
./updateversions: src/ptII11.1.devel/ptolemy/configs/cyphysim/io.xml
./updateversions: src/ptII11.1.devel/ptolemy/configs/cyphysim/makefile
./updateversions: src/ptII11.1.devel/ptolemy/configs/cyphysim/sinks.xml
./updateversions: src/ptII11.1.devel/ptolemy/configs/cyphysim/sources.xml
./updateversions: src/ptII11.1.devel/ptolemy/configs/cyphysim/sr.xml
./updateversions: src/ptII11.1.devel/ptolemy/configs/cyphysim/welcomeWindow.xml
./updateversions: src/ptII11.1.devel/ptolemy/configs/cyphysim/wireless.xml
./updateversions: file is a binary file.
./updateversions: src/ptII11.1.devel/ptolemy/configs/doc/ClassesIllustrated.xml
./updateversions: src/ptII11.1.devel/ptolemy/configs/doc/ClassesIllustratedVergil.htm
./updateversions: src/ptII11.1.devel/ptolemy/configs/doc/basicHelp.htm
./updateversions: src/ptII11.1.devel/ptolemy/configs/doc/body.htm
./updateversions: src/ptII11.1.devel/ptolemy/configs/doc/book.htm
./updateversions: src/ptII11.1.devel/ptolemy/configs/doc/buttons.htm
./updateversions: src/ptII11.1.devel/ptolemy/configs/doc/completeDemos.htm
./updateversions: src/ptII11.1.devel/ptolemy/configs/doc/completeDemosBcvtb.htm
./updateversions: src/ptII11.1.devel/ptolemy/configs/doc/completeDemosPtiny.htm
./updateversions: src/ptII11.1.devel/ptolemy/configs/doc/completeDemosPtinyKepler.htm
./updateversions: src/ptII11.1.devel/ptolemy/configs/doc/copyright.htm
12c12
<       Ptolemy II Version 11.1.devel
---
>       Ptolemy II Version 11.1.devel_20200806
1374c1374
<      ~/src/ptII11.1.devel/adm/bin/collectLicenses >> accessors-license.htm 
---
>      ~/src/ptII11.1.devel_20200806/adm/bin/collectLicenses >> accessors-license.htm 
./updateversions: src/ptII11.1.devel/ptolemy/configs/doc/demos.htm
./updateversions: src/ptII11.1.devel/ptolemy/configs/doc/demosBcvtb.htm
./updateversions: src/ptII11.1.devel/ptolemy/configs/doc/demosPtiny.htm
./updateversions: src/ptII11.1.devel/ptolemy/configs/doc/demosPtinyKepler.htm
./updateversions: src/ptII11.1.devel/ptolemy/configs/doc/docs.htm
./updateversions: src/ptII11.1.devel/ptolemy/configs/doc/docsBcvtb.htm
./updateversions: src/ptII11.1.devel/ptolemy/configs/doc/docsPtdb.htm
./updateversions: src/ptII11.1.devel/ptolemy/configs/doc/docsPtiny.htm
./updateversions: src/ptII11.1.devel/ptolemy/configs/doc/docsPtinyKepler.htm
./updateversions: src/ptII11.1.devel/ptolemy/configs/doc/index.htm
./updateversions: src/ptII11.1.devel/ptolemy/configs/doc/makefile
./updateversions: src/ptII11.1.devel/ptolemy/configs/doc/models.txt
./updateversions: file is a binary file.
./updateversions: src/ptII11.1.devel/ptolemy/configs/doc/toc.htm
./updateversions: src/ptII11.1.devel/ptolemy/configs/doc/vergilFsmEditorHelp.htm
./updateversions: src/ptII11.1.devel/ptolemy/configs/doc/vergilGraphEditorHelp.htm
./updateversions: src/ptII11.1.devel/ptolemy/configs/doc/whatsNew.htm
./updateversions: src/ptII11.1.devel/ptolemy/configs/doc/whatsNew10.0.htm
./updateversions: src/ptII11.1.devel/ptolemy/configs/doc/whatsNew11.0.htm
24c24
<     <h1>Tour of What's New in Version 11.1.devel</h1>
---
>     <h1>Tour of What's New in Version 11.1.devel_20200806</h1>
./updateversions: src/ptII11.1.devel/ptolemy/configs/doc/whatsNew11.1.htm
24c24
<     <h1>Tour of What's New in Version 11.1.devel</h1>
---
>     <h1>Tour of What's New in Version 11.1.devel_20200806</h1>
./updateversions: src/ptII11.1.devel/ptolemy/configs/doc/whatsNew3.0.2.htm
./updateversions: src/ptII11.1.devel/ptolemy/configs/doc/whatsNew4.0.htm
./updateversions: src/ptII11.1.devel/ptolemy/configs/doc/whatsNew5.0.htm
./updateversions: src/ptII11.1.devel/ptolemy/configs/doc/whatsNew5.1.htm
./updateversions: src/ptII11.1.devel/ptolemy/configs/doc/whatsNew6.0.htm
./updateversions: src/ptII11.1.devel/ptolemy/configs/doc/whatsNew7.0.htm
384c384
< <!-- grep "Only in" /tmp/p.diffs | grep java | sed 's@Only in ptII11.1.devel/@@' |  sed 's@/@.@g' | sed 's@.java@@' | awk -F : '{print "<li><a href="\"ptdoc:"" $1 "." $2 "\">" $2 "</a>"}' | sed 's/\. /./' | sed 's/> />/' -->
---
> <!-- grep "Only in" /tmp/p.diffs | grep java | sed 's@Only in ptII11.1.devel_20200806/@@' |  sed 's@/@.@g' | sed 's@.java@@' | awk -F : '{print "<li><a href="\"ptdoc:"" $1 "." $2 "\">" $2 "</a>"}' | sed 's/\. /./' | sed 's/> />/' -->
./updateversions: src/ptII11.1.devel/ptolemy/configs/doc/whatsNew8.0.htm
474c474
< <!-- grep "Only in" /tmp/pt78.diff | grep 11.1.devel | grep demo | awk '{if ($4 !~ /\./) {print "<a href=\"" $3 "/" $4}}' | sed 's@:/@/@'| sed 's@src/ptII11.1.devel/ptolemy@../..@' | sed 's@/\([^/]*$\)@/\1/\1.xml">\1</a>@' | sort -->
---
> <!-- grep "Only in" /tmp/pt78.diff | grep 11.1.devel_20200806 | grep demo | awk '{if ($4 !~ /\./) {print "<a href=\"" $3 "/" $4}}' | sed 's@:/@/@'| sed 's@src/ptII11.1.devel_20200806/ptolemy@../..@' | sed 's@/\([^/]*$\)@/\1/\1.xml">\1</a>@' | sort -->
534c534
< diff -r -I '$Id:' -x alljtests.tcl -x allsimplejtests.tcl -x '*.jar' -x codeDoc -x '*.out' -x .svn -x '*.class' ptII11.1.devel ptII8.0.beta >& /tmp/p.diffs 
---
> diff -r -I '$Id:' -x alljtests.tcl -x allsimplejtests.tcl -x '*.jar' -x codeDoc -x '*.out' -x .svn -x '*.class' ptII11.1.devel_20200806 ptII8.0.beta >& /tmp/p.diffs 
536c536
< grep "Only in" /tmp/p.diffs | grep java | sed 's@Only in ptII11.1.devel/@@' |  sed 's@/@.@g' | sed 's@.java@@' | awk -F : '{print "<li><a href="\"ptdoc:"" $1 "." $2 "\">" $2 "</a>"}' | sed 's/\. /./' | sed 's/> />/' -->
---
> grep "Only in" /tmp/p.diffs | grep java | sed 's@Only in ptII11.1.devel_20200806/@@' |  sed 's@/@.@g' | sed 's@.java@@' | awk -F : '{print "<li><a href="\"ptdoc:"" $1 "." $2 "\">" $2 "</a>"}' | sed 's/\. /./' | sed 's/> />/' -->
./updateversions: src/ptII11.1.devel/ptolemy/configs/dsp/configuration.xml
./updateversions: src/ptII11.1.devel/ptolemy/configs/dsp/intro.htm
17c17
< Ptolemy II Version 11.1.devel, DSP Edition
---
> Ptolemy II Version 11.1.devel_20200806, DSP Edition
./updateversions: src/ptII11.1.devel/ptolemy/configs/dsp/makefile
./updateversions: src/ptII11.1.devel/ptolemy/configs/dsp/welcomeWindow.xml
./updateversions: src/ptII11.1.devel/ptolemy/configs/full/configuration.xml
./updateversions: src/ptII11.1.devel/ptolemy/configs/full/intro.htm
17c17
< Ptolemy II Version 11.1.devel
---
> Ptolemy II Version 11.1.devel_20200806
./updateversions: src/ptII11.1.devel/ptolemy/configs/full/makefile
./updateversions: src/ptII11.1.devel/ptolemy/configs/full/welcomeWindow.xml
./updateversions: src/ptII11.1.devel/ptolemy/configs/fullViewer/configuration.xml
./updateversions: src/ptII11.1.devel/ptolemy/configs/fullViewer/intro.htm
17c17
< Ptolemy II Version 11.1.devel, Viewer Edition
---
> Ptolemy II Version 11.1.devel_20200806, Viewer Edition
./updateversions: src/ptII11.1.devel/ptolemy/configs/fullViewer/makefile
./updateversions: src/ptII11.1.devel/ptolemy/configs/fullViewer/welcomeWindow.xml
./updateversions: src/ptII11.1.devel/ptolemy/configs/hyvisual/about.htm
7c7
< <h1>About the HyVisual 11.1.devel Hybrid System Visual Modeler</h1>
---
> <h1>About the HyVisual 11.1.devel_20200806 Hybrid System Visual Modeler</h1>
./updateversions: src/ptII11.1.devel/ptolemy/configs/hyvisual/array.xml
./updateversions: src/ptII11.1.devel/ptolemy/configs/hyvisual/authors.htm
./updateversions: src/ptII11.1.devel/ptolemy/configs/hyvisual/configuration.xml
./updateversions: src/ptII11.1.devel/ptolemy/configs/hyvisual/copyright.htm
3c3
< <title>HyVisual 11.1.devel Copyright</title>
---
> <title>HyVisual 11.1.devel_20200806 Copyright</title>
7c7
< <h1>HyVisual 11.1.devel Copyright</h1>
---
> <h1>HyVisual 11.1.devel_20200806 Copyright</h1>
./updateversions: src/ptII11.1.devel/ptolemy/configs/hyvisual/discrete.xml
./updateversions: src/ptII11.1.devel/ptolemy/configs/hyvisual/docs.htm
./updateversions: src/ptII11.1.devel/ptolemy/configs/hyvisual/flowcontrol.xml
./updateversions: src/ptII11.1.devel/ptolemy/configs/hyvisual/help.htm
./updateversions: src/ptII11.1.devel/ptolemy/configs/hyvisual/hyvisualEffigies.xml
./updateversions: file is a binary file.
./updateversions: src/ptII11.1.devel/ptolemy/configs/hyvisual/hyvisualRefinements.xml
./updateversions: src/ptII11.1.devel/ptolemy/configs/hyvisual/intro.htm
14c14
< HyVisual 11.1.devel
---
> HyVisual 11.1.devel_20200806
159c159
< In the 11.1.devel release, we ship with a shared library compiled against
---
> In the 11.1.devel_20200806 release, we ship with a shared library compiled against
./updateversions: src/ptII11.1.devel/ptolemy/configs/hyvisual/io.xml
./updateversions: src/ptII11.1.devel/ptolemy/configs/hyvisual/makefile
./updateversions: src/ptII11.1.devel/ptolemy/configs/hyvisual/math.xml
./updateversions: src/ptII11.1.devel/ptolemy/configs/hyvisual/random.xml
./updateversions: src/ptII11.1.devel/ptolemy/configs/hyvisual/sinks.xml
./updateversions: src/ptII11.1.devel/ptolemy/configs/hyvisual/sources.xml
./updateversions: src/ptII11.1.devel/ptolemy/configs/hyvisual/utilitiesLibrary.xml
./updateversions: src/ptII11.1.devel/ptolemy/configs/hyvisual/welcomeWindow.xml
./updateversions: src/ptII11.1.devel/ptolemy/configs/jxta/configuration.xml
./updateversions: src/ptII11.1.devel/ptolemy/configs/jxta/intro.htm
17c17
< Ptolemy II Version 11.1.devel, JXTA Edition
---
> Ptolemy II Version 11.1.devel_20200806, JXTA Edition
./updateversions: src/ptII11.1.devel/ptolemy/configs/jxta/makefile
./updateversions: src/ptII11.1.devel/ptolemy/configs/jxta/welcomeWindow.xml
./updateversions: src/ptII11.1.devel/ptolemy/configs/pn/about.htm
7c7
< <h1>About the Ptolemy 11.1.devel PN Edition</h1>
---
> <h1>About the Ptolemy 11.1.devel_20200806 PN Edition</h1>
./updateversions: src/ptII11.1.devel/ptolemy/configs/pn/authors.htm
./updateversions: src/ptII11.1.devel/ptolemy/configs/pn/configuration.xml
./updateversions: src/ptII11.1.devel/ptolemy/configs/pn/copyright.htm
3c3
< <title>Ptolemy II 11.1.devel, PN Edition Copyright</title>
---
> <title>Ptolemy II 11.1.devel_20200806, PN Edition Copyright</title>
7c7
< <h1>Ptolemy II 11.1.devel, PN Edition Copyright</h1>
---
> <h1>Ptolemy II 11.1.devel_20200806, PN Edition Copyright</h1>
./updateversions: src/ptII11.1.devel/ptolemy/configs/pn/demonstrations.htm
./updateversions: src/ptII11.1.devel/ptolemy/configs/pn/docs.htm
./updateversions: file is a binary file.
./updateversions: src/ptII11.1.devel/ptolemy/configs/pn/help.htm
./updateversions: src/ptII11.1.devel/ptolemy/configs/pn/hoc.xml
./updateversions: src/ptII11.1.devel/ptolemy/configs/pn/intro.htm
14c14
< Ptolemy 11.1.devel, PN Edition
---
> Ptolemy 11.1.devel_20200806, PN Edition
./updateversions: src/ptII11.1.devel/ptolemy/configs/pn/io.xml
./updateversions: src/ptII11.1.devel/ptolemy/configs/pn/makefile
./updateversions: src/ptII11.1.devel/ptolemy/configs/pn/pnEffigies.xml
./updateversions: src/ptII11.1.devel/ptolemy/configs/pn/sinks.xml
./updateversions: src/ptII11.1.devel/ptolemy/configs/pn/sources.xml
./updateversions: src/ptII11.1.devel/ptolemy/configs/pn/welcomeWindow.xml
./updateversions: src/ptII11.1.devel/ptolemy/configs/ptiny/configuration.xml
./updateversions: src/ptII11.1.devel/ptolemy/configs/ptiny/fsmLibraryPtiny.xml
./updateversions: src/ptII11.1.devel/ptolemy/configs/ptiny/fsmTableauFactoryPtiny.xml
./updateversions: src/ptII11.1.devel/ptolemy/configs/ptiny/graphTableauFactoryPtiny.xml
./updateversions: src/ptII11.1.devel/ptolemy/configs/ptiny/intro.htm
17c17
< Ptolemy II Version 11.1.devel, Ptiny Edition
---
> Ptolemy II Version 11.1.devel_20200806, Ptiny Edition
./updateversions: src/ptII11.1.devel/ptolemy/configs/ptiny/makefile
./updateversions: src/ptII11.1.devel/ptolemy/configs/ptiny/modalLibraryPtiny.xml
./updateversions: src/ptII11.1.devel/ptolemy/configs/ptiny/modalTableauFactoryPtiny.xml
./updateversions: src/ptII11.1.devel/ptolemy/configs/ptiny/welcomeWindow.xml
./updateversions: src/ptII11.1.devel/ptolemy/configs/ptinyKepler/configuration.xml
./updateversions: src/ptII11.1.devel/ptolemy/configs/ptinyKepler/intro.htm
11c11
<         Ptolemy II Version 11.1.devel, Ptiny Edition for Kepler
---
>         Ptolemy II Version 11.1.devel_20200806, Ptiny Edition for Kepler
./updateversions: file is a binary file.
./updateversions: src/ptII11.1.devel/ptolemy/configs/ptinyKepler/makefile
./updateversions: src/ptII11.1.devel/ptolemy/configs/ptinyKepler/welcomeWindow.xml
./updateversions: src/ptII11.1.devel/ptolemy/configs/ptinyViewer/configuration.xml
./updateversions: src/ptII11.1.devel/ptolemy/configs/ptinyViewer/intro.htm
17c17
< Ptolemy II Version 11.1.devel, Ptiny Viewer Edition
---
> Ptolemy II Version 11.1.devel_20200806, Ptiny Viewer Edition
./updateversions: src/ptII11.1.devel/ptolemy/configs/ptinyViewer/makefile
./updateversions: src/ptII11.1.devel/ptolemy/configs/ptinyViewer/welcomeWindow.xml
./updateversions: src/ptII11.1.devel/ptolemy/configs/ptserver/authors.htm
./updateversions: src/ptII11.1.devel/ptolemy/configs/ptserver/configuration.xml
./updateversions: src/ptII11.1.devel/ptolemy/configs/ptserver/intro.htm
17c17
< Ptolemy II Version 11.1.devel, Ptserver Edition
---
> Ptolemy II Version 11.1.devel_20200806, Ptserver Edition
./updateversions: src/ptII11.1.devel/ptolemy/configs/ptserver/makefile
./updateversions: src/ptII11.1.devel/ptolemy/configs/ptserver/welcomeWindow.xml
./updateversions: src/ptII11.1.devel/ptolemy/configs/space/about.htm
7c7
< <h1>About the Ptolemy II 11.1.devel Space Managemen System</h1>
---
> <h1>About the Ptolemy II 11.1.devel_20200806 Space Managemen System</h1>
./updateversions: src/ptII11.1.devel/ptolemy/configs/space/authors.htm
./updateversions: src/ptII11.1.devel/ptolemy/configs/space/configuration.xml
./updateversions: src/ptII11.1.devel/ptolemy/configs/space/copyright.htm
3c3
< <title>Ptolemy Space 11.1.devel Copyright</title>
---
> <title>Ptolemy Space 11.1.devel_20200806 Copyright</title>
7c7
< <h1>Ptolemy Space 11.1.devel Copyright</h1>
---
> <h1>Ptolemy Space 11.1.devel_20200806 Copyright</h1>
./updateversions: src/ptII11.1.devel/ptolemy/configs/space/demonstrations.htm
./updateversions: src/ptII11.1.devel/ptolemy/configs/space/help.htm
./updateversions: src/ptII11.1.devel/ptolemy/configs/space/intro.htm
14c14
< Ptolemy 11.1.devel, Space Edition
---
> Ptolemy 11.1.devel_20200806, Space Edition
./updateversions: src/ptII11.1.devel/ptolemy/configs/space/makefile
./updateversions: src/ptII11.1.devel/ptolemy/configs/space/spaceEffigies.xml
./updateversions: src/ptII11.1.devel/ptolemy/configs/space/welcomeWindow.xml
./updateversions: src/ptII11.1.devel/ptolemy/configs/test/README.txt
./updateversions: src/ptII11.1.devel/ptolemy/configs/test/ValidatingXMLParser.java
./updateversions: src/ptII11.1.devel/ptolemy/configs/test/allConfigs.tcl
./updateversions: src/ptII11.1.devel/ptolemy/configs/test/allDemos.tcl
./updateversions: src/ptII11.1.devel/ptolemy/configs/test/cloneTest.tcl
./updateversions: src/ptII11.1.devel/ptolemy/configs/test/configurationTools.tcl
./updateversions: src/ptII11.1.devel/ptolemy/configs/test/constraints is not a file, perhaps it is a directory.
./updateversions: src/ptII11.1.devel/ptolemy/configs/test/junit is not a file, perhaps it is a directory.
./updateversions: src/ptII11.1.devel/ptolemy/configs/test/makefile
./updateversions: src/ptII11.1.devel/ptolemy/configs/test/missingDemos
./updateversions: src/ptII11.1.devel/ptolemy/configs/test/missingDemos.tcl
./updateversions: src/ptII11.1.devel/ptolemy/configs/test/package.html
./updateversions: src/ptII11.1.devel/ptolemy/configs/test/testDefs.tcl
./updateversions: src/ptII11.1.devel/ptolemy/configs/test/validDemos.tcl
./updateversions: src/ptII11.1.devel/ptolemy/configs/viptos/about.htm
./updateversions: src/ptII11.1.devel/ptolemy/configs/viptos/authors.htm
./updateversions: src/ptII11.1.devel/ptolemy/configs/viptos/configuration.xml
./updateversions: src/ptII11.1.devel/ptolemy/configs/viptos/copyright.htm
./updateversions: src/ptII11.1.devel/ptolemy/configs/viptos/demos.htm
./updateversions: src/ptII11.1.devel/ptolemy/configs/viptos/directors.xml
./updateversions: src/ptII11.1.devel/ptolemy/configs/viptos/docs.htm
./updateversions: src/ptII11.1.devel/ptolemy/configs/viptos/help.htm
./updateversions: src/ptII11.1.devel/ptolemy/configs/viptos/install.htm
./updateversions: src/ptII11.1.devel/ptolemy/configs/viptos/intro.htm
./updateversions: src/ptII11.1.devel/ptolemy/configs/viptos/library.xml
./updateversions: src/ptII11.1.devel/ptolemy/configs/viptos/makefile
./updateversions: src/ptII11.1.devel/ptolemy/configs/viptos/overview.htm
./updateversions: file is a binary file.
./updateversions: src/ptII11.1.devel/ptolemy/configs/viptos/welcomeWindow.xml
./updateversions: src/ptII11.1.devel/ptolemy/configs/viptos/whatsNew.htm
./updateversions: src/ptII11.1.devel/ptolemy/configs/visualsense/about.htm
7c7
< <h1>About the VisualSense 11.1.devel Wireless Sensor Networks Modeler</h1>
---
> <h1>About the VisualSense 11.1.devel_20200806 Wireless Sensor Networks Modeler</h1>
./updateversions: src/ptII11.1.devel/ptolemy/configs/visualsense/authors.htm
9c9
< <h1>Principal Authors of VisualSense Version 11.1.devel</h1>
---
> <h1>Principal Authors of VisualSense Version 11.1.devel_20200806</h1>
./updateversions: src/ptII11.1.devel/ptolemy/configs/visualsense/completeDemos.htm
./updateversions: src/ptII11.1.devel/ptolemy/configs/visualsense/configuration.xml
./updateversions: src/ptII11.1.devel/ptolemy/configs/visualsense/copyright.htm
3c3
< <title>VisualSense 11.1.devel Copyright</title>
---
> <title>VisualSense 11.1.devel_20200806 Copyright</title>
7c7
< <h1>VisualSense 11.1.devel Copyright</h1>
---
> <h1>VisualSense 11.1.devel_20200806 Copyright</h1>
./updateversions: src/ptII11.1.devel/ptolemy/configs/visualsense/directors.xml
./updateversions: src/ptII11.1.devel/ptolemy/configs/visualsense/docs.htm
./updateversions: src/ptII11.1.devel/ptolemy/configs/visualsense/help.htm
./updateversions: src/ptII11.1.devel/ptolemy/configs/visualsense/intro.htm
14c14
< VisualSense 11.1.devel - Modeling of Wireless Sensor Networks
---
> VisualSense 11.1.devel_20200806 - Modeling of Wireless Sensor Networks
./updateversions: src/ptII11.1.devel/ptolemy/configs/visualsense/makefile
./updateversions: file is a binary file.
./updateversions: file is a binary file.
./updateversions: src/ptII11.1.devel/ptolemy/configs/visualsense/welcomeWindow.xml
./updateversions: src/ptII11.1.devel/ptolemy/kernel/attributes/VersionAttribute.java
330c330
<             CURRENT_VERSION = new VersionAttribute("11.1.devel");
---
>             CURRENT_VERSION = new VersionAttribute("11.1.devel_20200806");
(cd src; \
	echo "#  Starting tar of /home/travis/build/icyphy/ptII/adm/installers/test/../../../adm/gen-11.1/ptII11.1.devel.src.tar"; \
	rm -f ptII11.1.devel/build.xml; \
	/usr/local/bin/tar -c --no-anchored -X /home/travis/build/icyphy/ptII/adm/installers/test/../../../adm/gen-11.1/src.ex --exclude bin/vergil -f /home/travis/build/icyphy/ptII/adm/installers/test/../../../adm/gen-11.1/ptII11.1.devel.src.tar ptII11.1.devel; \
	);
#  Starting tar of /home/travis/build/icyphy/ptII/adm/installers/test/../../../adm/gen-11.1/ptII11.1.devel.src.tar
#
# Creating the /home/travis/build/icyphy/ptII/adm/installers/test/../../../adm/gen-11.1/ptzip directory so that we can create a zip
#
/home/travis/build/icyphy/ptII/adm/installers/test/../../../adm/gen-11.1/ptzip Thu Aug  6 15:06:16 UTC 2020
if [ ! -d /home/travis/build/icyphy/ptII/adm/installers/test/../../../adm/gen-11.1/ptzip ]; then mkdir -p /home/travis/build/icyphy/ptII/adm/installers/test/../../../adm/gen-11.1/ptzip; fi
(cd /home/travis/build/icyphy/ptII/adm/installers/test/../../../adm/gen-11.1/ptzip; tar -xf ../ptII11.1.devel.src.tar);
(cd /home/travis/build/icyphy/ptII/adm/installers/test/../../../adm/gen-11.1/ptzip/ptII11.1.devel; rm -rf vendors/izpack vendors/j3d vendors/jogl vendors/launch4j; pwd; ls -l vendors)
/home/travis/build/icyphy/ptII/adm/gen-11.1/ptzip/ptII11.1.devel
total 4
drwxrwxr-x 4 travis travis 4096 Aug  6 15:04 misc
#
# Now creating PTII_FULL_ZIP: /home/travis/build/icyphy/ptII/adm/installers/test/../../../adm/gen-11.1/ptII11.1.devel.src.zip
#
/home/travis/build/icyphy/ptII/adm/installers/test/../../../adm/gen-11.1/ptII11.1.devel.src.zip Thu Aug  6 15:06:17 UTC 2020
 15:06:17 up 9 min,  1 user,  load average: 1.98, 1.52, 0.81
(cd /home/travis/build/icyphy/ptII/adm/installers/test/../../../adm/gen-11.1/ptzip; \
zip -r -q `/home/travis/build/icyphy/ptII/adm/installers/test/../../../adm/gen-11.1/ptcygpath /home/travis/build/icyphy/ptII/adm/installers/test/../../../adm/gen-11.1/ptII11.1.devel.src.zip` \
ptII11.1.devel \
)
rm -rf /home/travis/build/icyphy/ptII/adm/installers/test/../../../adm/gen-11.1/ptzip
chmod g+w /home/travis/build/icyphy/ptII/adm/installers/test/../../../adm/gen-11.1/ptII11.1.devel.src.zip
chgrp ptolemy /home/travis/build/icyphy/ptII/adm/installers/test/../../../adm/gen-11.1/ptII11.1.devel.src.zip
chgrp: invalid group: ‘ptolemy’
makefile:721: recipe for target '/home/travis/build/icyphy/ptII/adm/installers/test/../../../adm/gen-11.1/ptII11.1.devel.src.zip' failed
ls -l /home/travis/build/icyphy/ptII/adm/installers/test/../../../adm/gen-11.1/ptII11.1.devel.src.zip
make: [/home/travis/build/icyphy/ptII/adm/installers/test/../../../adm/gen-11.1/ptII11.1.devel.src.zip] Error 1 (ignored)
-rw-rw-r-- 1 travis travis 273930655 Aug  6 15:06 /home/travis/build/icyphy/ptII/adm/installers/test/../../../adm/gen-11.1/ptII11.1.devel.src.zip
#
src_jar rule
#
mkdir src_jar;
# Don't use -v with tar, you may see "/usr/local/bin/tar: write error"
(cd src_jar; /usr/local/bin/tar -xf /home/travis/build/icyphy/ptII/adm/installers/test/../../../adm/gen-11.1/ptII11.1.devel.src.tar)
rm -f src_jar/ptII11.1.devel/doc/design/hyvisual.pdf
rm -f src_jar/ptII11.1.devel/doc/design/ptIIdesign1-intro.pdf
rm -f src_jar/ptII11.1.devel/doc/design/ptIIdesign2-software.pdf
rm -f src_jar/ptII11.1.devel/doc/design/ptIIdesign3-domains.pdf
rm -f src_jar/ptII11.1.devel/doc/design/visualsense.pdf
About to clean up node_modules in src_jar/ptII11.1.devel
(cd src_jar/ptII11.1.devel; rm -rf node_modules; mkdir -p node_modules; if [ ! -d node_modules/@terraswarm/jsdoc ]; then npm install @terraswarm/jsdoc; fi)
/home/travis/build/icyphy/ptII/adm/gen-11.1/src_jar/ptII11.1.devel
└─┬ @terraswarm/jsdoc@3.5.1-dev 
  ├── bluebird@3.4.7 
  ├─┬ catharsis@0.8.11 
  │ └── lodash@4.17.19 
  ├── escape-string-regexp@1.0.5 
  ├─┬ espree@3.1.7 
  │ ├── acorn@3.3.0 
  │ └── acorn-jsx@3.0.1 
  ├── js2xmlparser@1.0.0 
  ├─┬ klaw@1.3.1 
  │ └── graceful-fs@4.2.4 
  ├── marked@0.3.19 
  ├─┬ mkdirp@0.5.5 
  │ └── minimist@1.2.5 
  ├── requizzle@0.2.3 
  ├── strip-json-comments@2.0.1 
  ├── taffydb@2.6.2 
  └── underscore@1.8.3 

npm WARN enoent ENOENT: no such file or directory, open '/home/travis/build/icyphy/ptII/adm/gen-11.1/src_jar/ptII11.1.devel/package.json'
npm WARN ptII11.1.devel No description
npm WARN ptII11.1.devel No repository field.
npm WARN ptII11.1.devel No README data
npm WARN ptII11.1.devel No license field.
rm -rf src_jar/ptII11.1.devel/org/terraswarm/accessor/accessors/node_modules
rm -rf src_jar/ptII11.1.devel/org/terraswarm/accessor/accessors/web/node_modules
mkdir src_jar/ptII11.1.devel/org/terraswarm/accessor/accessors/web/node_modules
(cd src_jar/ptII11.1.devel/org/terraswarm/accessor/accessors/web/node_modules; ln -s ../hosts @accessors-hosts)
About to run /home/travis/build/icyphy/ptII/adm/installers/test/../../../adm/gen-11.1/findclean
(cd src_jar/ptII11.1.devel; /home/travis/build/icyphy/ptII/adm/installers/test/../../../adm/gen-11.1/findclean)
rm: cannot remove './org/terraswarm/accessor/accessors/web/hosts/node/node_modules/chai/lib/chai/core': Is a directory
(cd src_jar/ptII11.1.devel; rm -rf `cat ../../src.ex`)
echo "About to remove unneeded sources from `pwd`"; \
(cd src_jar/ptII11.1.devel; rm -rf META-INF bin/ptcg.bat bin/comm.policy bin/convertToLazy bin/convertToLazy.bat bin/copernicus.bat bin/decompile.bat bin/emachine.bat bin/giottoc.bat bin/histogram.bat bin/jode.bat bin/mescal.bat bin/moml.bat bin/obfuscate.bat bin/ptcg bin/ptexecute.bat bin/ptjacl.bat bin/ptjaclapp.bat bin/ptjg bin/ptjg.bat bin/ptolemy.bat bin/ptinvoke bin/ptplot.bat bin/ptstartjini.bat bin/pxgraph.bat bin/soot.bat bin/startjini.gui.bat bin/tinic.bat bin/tinicomm.bat bin/tiniconverter.bat bin/vergil.bat config/jarTest.jar diva/build.xml diva/canvas/test/alljsimpletests.tcl diva/canvas/tutorial/doc-files diva/graph/test/alljsimpletests.tcl diva/util/test/alljsimpletests.tcl doc/img/banner.psd doc/img/ptIIbanner2.psd doc/img/PtolemyIICD.ec3 doc/img/PtolemyIISplash.psd doc/design/hyvisual.jar doc/design/visualsense.jar jar_dist lib/cachedir lib/ptII.properties lib/ptvr.jar mk/ptII.mk ptolemy/actor/gui/style/test/alljsimpletests.tcl ptolemy/actor/gui/test/alljsimpletests.tcl ptolemy/actor/lib/security/demo/Signature/ptKeystore ptolemy/actor/lib/security/test/foo.keystore ptolemy/actor/lib/test/Const.txt ptolemy/actor/lib/test/ReadFile1Output.txt ptolemy/component ptolemy/domains/coroutine ptolemy/domains/fmi ptolemy/vergil/basic/imprt/fmu/ImportFMUAsJavaFMUAction.java ptolemy/domains/gr/demo/Demo1 ptolemy/domains/gr/lib/vr ptolemy/domains/hs ptolemy/domains/metroII ptolemy/domains/openmodelica ptolemy/matlab/ptmatlab.exp ptolemy/matlab/ptmatlab.lib ptolemy/matlab/ptmatlab.obj ptolemy/media/test/tmp2_7.au ptolemy/moml/jxta/demo/EPtolemyA/EPtolemy.properties ptolemy/moml/jxta/JXTAClassLoader.class ptolemy/moml/jxta/JXTALibrary.class ptolemy/plot/ptplotlocales ptolemy/util/test/FileUtilities-1.1.tmp ptolemy/vergil/toolbox/test/alljsimpletests.tcl signed)
About to remove unneeded sources from /home/travis/build/icyphy/ptII/adm/gen-11.1
#
# Now creating PTII_SRC_JAR: /home/travis/build/icyphy/ptII/adm/installers/test/../../../adm/gen-11.1/ptII11.1.devel.src.jar
#
/home/travis/build/icyphy/ptII/adm/installers/test/../../../adm/gen-11.1/ptII11.1.devel.src.jar Thu Aug  6 15:06:42 UTC 2020
 15:06:42 up 9 min,  1 user,  load average: 2.23, 1.61, 0.86
rm -rf src_jar/ptII11.1.devel/vendors/izpack* src_jar/ptII11.1.devel/vendors/launch4j*
(cd src_jar/ptII11.1.devel; "/usr/bin/jar" -cf ../../ptII11.1.devel.src.jar .)
#
# Now creating src_jar/capecode: src_jar/capecode0.3.devel
#
src_jar/capecode0.3.devel Thu Aug  6 15:06:58 UTC 2020
 15:06:58 up 9 min,  1 user,  load average: 2.32, 1.66, 0.89
if [ ! -d src_jar/capecode0.3.devel ]; then \
	 mkdir -p src_jar/capecode0.3.devel; \
fi
(cd src_jar/capecode0.3.devel; \
	"/usr/bin/jar" -xf /home/travis/build/icyphy/ptII/adm/installers/test/../../../adm/gen-11.1/ptII11.1.devel.src.jar)
(cd src_jar/capecode0.3.devel; \
	echo "About to remove unneeded sources from `pwd`"; \
	rm -rf META-INF bin/ptcg.bat bin/comm.policy bin/convertToLazy bin/convertToLazy.bat bin/copernicus.bat bin/decompile.bat bin/emachine.bat bin/giottoc.bat bin/histogram.bat bin/jode.bat bin/mescal.bat bin/moml.bat bin/obfuscate.bat bin/ptcg bin/ptexecute.bat bin/ptjacl.bat bin/ptjaclapp.bat bin/ptjg bin/ptjg.bat bin/ptolemy.bat bin/ptinvoke bin/ptplot.bat bin/ptstartjini.bat bin/pxgraph.bat bin/soot.bat bin/startjini.gui.bat bin/tinic.bat bin/tinicomm.bat bin/tiniconverter.bat bin/vergil.bat config/jarTest.jar diva/build.xml diva/canvas/test/alljsimpletests.tcl diva/canvas/tutorial/doc-files diva/graph/test/alljsimpletests.tcl diva/util/test/alljsimpletests.tcl doc/img/banner.psd doc/img/ptIIbanner2.psd doc/img/PtolemyIICD.ec3 doc/img/PtolemyIISplash.psd doc/design/hyvisual.jar doc/design/visualsense.jar jar_dist lib/cachedir lib/ptII.properties lib/ptvr.jar mk/ptII.mk ptolemy/actor/gui/style/test/alljsimpletests.tcl ptolemy/actor/gui/test/alljsimpletests.tcl ptolemy/actor/lib/security/demo/Signature/ptKeystore ptolemy/actor/lib/security/test/foo.keystore ptolemy/actor/lib/test/Const.txt ptolemy/actor/lib/test/ReadFile1Output.txt ptolemy/component ptolemy/domains/coroutine ptolemy/domains/fmi ptolemy/vergil/basic/imprt/fmu/ImportFMUAsJavaFMUAction.java ptolemy/domains/gr/demo/Demo1 ptolemy/domains/gr/lib/vr ptolemy/domains/hs ptolemy/domains/metroII ptolemy/domains/openmodelica ptolemy/matlab/ptmatlab.exp ptolemy/matlab/ptmatlab.lib ptolemy/matlab/ptmatlab.obj ptolemy/media/test/tmp2_7.au ptolemy/moml/jxta/demo/EPtolemyA/EPtolemy.properties ptolemy/moml/jxta/JXTAClassLoader.class ptolemy/moml/jxta/JXTALibrary.class ptolemy/plot/ptplotlocales ptolemy/util/test/FileUtilities-1.1.tmp ptolemy/vergil/toolbox/test/alljsimpletests.tcl signed; \
	rm -rf com/jgoodies doc/books doc/papers doc/usingVergil lbnl lib/chic.jar lib/colt.jar lib/java_cup.jar lib/mapss.jar lib/ptCal.jar lib/saxon.jar lib/sootclasses.jar lib/synthesis.jar org/hlacerti org/mlc org/ptolemy/fmi org/ptolemy/qss org/terraswarm/accessor/accessors/web/package.json ptdb ptolemy/actor/designs ptolemy/actor/gt ptolemy/actor/gui/run ptolemy/actor/lib/conversions/test/auto/Round.xml ptolemy/actor/lib/ecsl ptolemy/actor/lib/excel ptolemy/actor/lib/fmi ptolemy/actor/lib/jai ptolemy/actor/lib/jmf ptolemy/actor/lib/jopio ptolemy/actor/lib/joystick ptolemy/actor/lib/mbed ptolemy/actor/lib/reactable ptolemy/actor/lib/test/OrderedMerge.tcl ptolemy/actor/lib/test/RampContinuous.tcl ptolemy/actor/lib/test/auto/MathFunction.xml ptolemy/actor/lib/test/auto/OrderedMerge.xml ptolemy/actor/lib/test/auto/Switch.xml ptolemy/actor/lib/vhdl ptolemy/actor/lib/x10 ptolemy/actor/ptalon ptolemy/backtrack ptolemy/build.xml ptolemy/caltrop ptolemy/component ptolemy/configs/dsp ptolemy/configs/full ptolemy/configs/jxta ptolemy/configs/SingleWindow ptolemy/configs/copernicus ptolemy/copernicus ptolemy/distributed ptolemy/demo/AirManagementSystem ptolemy/demo/doc ptolemy/demo/ElectricPowerSystem ptolemy/demo/EnterpriseOntology ptolemy/demo/ExecDemos ptolemy/demo/FuelSystem ptolemy/demo/PLC ptolemy/demo/ProbabilisticModels ptolemy/demo/RobotMPC ptolemy/demo/test ptolemy/domains/algebraic ptolemy/domains/atc ptolemy/domains/ca ptolemy/domains/ci ptolemy/domains/curriculum ptolemy/domains/dde ptolemy/domains/ddf ptolemy/domains/domains.xml ptolemy/domains/dt ptolemy/domains/ddf/test/auto/controlled_kahnnet.xml ptolemy/domains/fmima ptolemy/domains/giotto ptolemy/domains/gr ptolemy/domains/hde ptolemy/domains/hdf ptolemy/domains/modal/kernel/fmv ptolemy/domains/petrinet ptolemy/domains/psdf ptolemy/domains/ptera ptolemy/domains/pthales ptolemy/domains/ptinyos ptolemy/domains/qss ptolemy/domains/scr ptolemy/domains/sdf/test/auto/sdf_inside_pn.xml ptolemy/domains/sequence ptolemy/domains/space ptolemy/domains/sr ptolemy/domains/sysml ptolemy/domains/taskpt ptolemy/domains/tcs ptolemy/domains/tdl ptolemy/domains/test ptolemy/domains/tm ptolemy/homer ptolemy/moml/jxta/demo/EPtolemyA/EPtolemy.properties ptolemy/moml/filter/test/BackwardCompatibilityPN.tcl ptolemy/moml/filter/test/GRColorChanges.tcl ptolemy/moml/filter/test/PropertyClassChangesHDF.tcl ptolemy/plot/build.xml ptolemy/plot/plotml/build.xml ptolemy/ptp ptolemy/vergil/basic/imprt/fmu ptolemy/vergil/basic/imprt/g4ltl ptolemy/vergil/basic/layout/kieler/test/junit/KielerJUnitTestExtendedModels.java ptolemy/vergil/gt ptolemy/vergil/modal/fmv ptolemy/vergil/tdl ptolemy/vergil/ptera ptolemy/vergil/scr ptolemy/verification ptserver thales vendors doc/design/hyvisual.jar doc/design/visualsense.jar doc/tutorial/domains lib/javax.servlet-api-3.0.1.jar lib/javax.servlet-api-license.htm lib/jetty-all-8.1.5-v20120716.jar lib/jetty-all-license.htm lib/smack.jar lib/smack-license.htm lib/smackx.jar org/ptolemy/machineLearning/particleFilter/test/auto/JointParticleFilter.xml org/ptolemy/machineLearning/particleFilter/test/auto/OnlineTrajectoryOptimization.xml org/ptolemy/machineLearning/particleFilter/test/auto/OpenLoopSingleRobotTargetLocalization.xml org/ptolemy/machineLearning/particleFilter/test/auto/OpenLoopTwoRobotTargetLocalization.xml org/ptolemy/ptango ptolemy/actor/gui/test/HTMLAbout.tcl ptolemy/actor/gui/test/PtolemyApplication.tcl ptolemy/cg/adapter/generic/html ptolemy/cg/adapter/generic/program/procedural/adapters/ptolemy/actor/lib/*.java ptolemy/cg/adapter/generic/program/procedural/adapters/ptolemy/actor/lib/conversions ptolemy/cg/adapter/generic/program/procedural/adapters/ptolemy/actor/lib/fmi ptolemy/cg/adapter/generic/program/procedural/adapters/ptolemy/actor/lib/gui ptolemy/cg/adapter/generic/program/procedural/adapters/ptolemy/actor/lib/hoc ptolemy/cg/adapter/generic/program/procedural/adapters/ptolemy/actor/lib/logic ptolemy/cg/adapter/generic/program/procedural/adapters/ptolemy/actor/lib/string ptolemy/cg/adapter/generic/program/procedural/adapters/ptolemy/domains/giotto ptolemy/cg/adapter/generic/program/procedural/adapters/ptolemy/vergil ptolemy/cg/adapter/generic/program/procedural/c ptolemy/cg/adapter/generic/program/procedural/fmima ptolemy/cg/adapter/generic/program/procedural/fmimahybrid ptolemy/cg/adapter/generic/program/procedural/java ptolemy/cg/kernel/generic/html ptolemy/cg/kernel/generic/program/procedural/c ptolemy/cg/kernel/generic/program/procedural/fmima ptolemy/cg/kernel/generic/program/procedural/fmimahybrid ptolemy/cg/kernel/generic/program/procedural/java ptolemy/cg/kernel/generic/syntactic ptolemy/cg/lib/demo/ModularCG ptolemy/cg/lib/demo/ModularCGPubSub ptolemy/cg/lib/syntactic ptolemy/cg/lib/ModularCodeGenLazyTypedCompositeActor.java ptolemy/cg/lib/ModularCodeGenTypedCompositeActor.java ptolemy/cg/lib/ModularCompiledSDFTypedCompositeActor.java ptolemy/cg/lib/test/ModularCodeGenTest.xml ptolemy/cg/lib/test/ModularCodeGenTypedCompositeActor.tcl ptolemy/configs/bcvtb ptolemy/configs/cyphysim ptolemy/configs/defaultFullConfiguration.xml ptolemy/configs/fmvEffigyFactory.xml ptolemy/configs/fmvTableauFactory.xml ptolemy/configs/fullViewer ptolemy/configs/hyvisual ptolemy/configs/gtActorLibrary.xml ptolemy/configs/gtEffigyFactory.xml ptolemy/configs/gtLibrary.xml ptolemy/configs/gtStateLibrary.xml ptolemy/configs/gtTableauFactory.xml ptolemy/configs/iaEffigyFactory.xml ptolemy/configs/iaTableauFactory.xml ptolemy/configs/pn ptolemy/configs/ptdb ptolemy/configs/ptiny ptolemy/configs/ptinyKepler ptolemy/configs/ptinyViewer ptolemy/configs/ptserver ptolemy/configs/space ptolemy/configs/test ptolemy/configs/utilityPteraModalModel.xml ptolemy/configs/viptos ptolemy/configs/visualsense ptolemy/data/expr/test/Variable2.tcl ptolemy/data/unit/test/auto/Units.xml ptolemy/domains/algebraic ptolemy/domains/atc ptolemy/domains/ca ptolemy/domains/ci ptolemy/domains/continuous ptolemy/domains/csp ptolemy/domains/curriculum ptolemy/domains/dde ptolemy/domains/ddf ptolemy/domains/dt ptolemy/domains/fmima ptolemy/domains/giotto ptolemy/domains/gr ptolemy/domains/hdf ptolemy/domains/metroII ptolemy/domains/modal/test/SystemLevelType.tcl ptolemy/domains/openmodelica ptolemy/domains/petrinet ptolemy/domains/pn ptolemy/domains/psdf ptolemy/domains/ptera ptolemy/domains/pthales ptolemy/domains/ptides ptolemy/domains/ptinyos ptolemy/domains/qss ptolemy/domains/rendezvous ptolemy/domains/scr ptolemy/domains/sequence ptolemy/domains/space ptolemy/domains/sr ptolemy/domains/taskpt ptolemy/domains/tcs ptolemy/domains/tdl ptolemy/domains/tm ptolemy/domains/wireless vergilBCVTB.jnlp.in vergilCyPhySim.jnlp.in vergilDSP.jnlp.in vergilHyVisual.jnlp.in vergilPtiny.jnlp.in vergilPtinyKepler.jnlp.in vergilPtinySandbox.jnlp.in vergilSpace.jnlp.in vergilVisualSense.jnlp.in thales; \
	rm `find . -name "*.xml" | grep "test/auto/" | xargs grep "ptolemy.domains." | egrep "domains.continuous|domains.ddf|domains.hdf|domains.modal.kernel.ia|domains.pn|domains.ptides|domains.sr|domains.psdf"  | awk -F : '{print $1}' | sort | uniq`; \
	rm `find . -name "*.xml" | grep "test/auto/" | xargs grep "ptolemy.actor.gt." | awk -F : '{print $1}' | sort | uniq`; \
	rm `find . -name "*.xml" | grep "test/auto/" | xargs egrep "ptolemy.cg.kernel.generic.program.procedural.c|ptolemy.cg.kernel.generic.program.procedural.java|ptolemy.cg.kernel.generic.program.procedural.fmi|ptolemy.cg.lib.ModularCodeGen" | awk -F : '{print $1}' | sort | uniq`; \
   touch configure; \
   chmod a+rx configure util/testsuite/chkextra; \
)
About to remove unneeded sources from /home/travis/build/icyphy/ptII/adm/gen-11.1/src_jar/capecode0.3.devel
#
# Remove the duktape binaries.
(cd src_jar/capecode0.3.devel/org/terraswarm/accessor/accessors/web; ant clean.duktape)
/home/travis/build/icyphy/ptII/bin/ant: Running /home/travis/build/icyphy/ptII/ant/bin/ant clean.duktape
Buildfile: /home/travis/build/icyphy/ptII/adm/gen-11.1/src_jar/capecode0.3.devel/org/terraswarm/accessor/accessors/web/build.xml

-cargo-in-path:
     [echo] 
     [echo]       Checking to see if the cargo binary is present.
     [echo]       cargo is used for the rusteduk target.
     [echo]       Rusteduk is a Duktape-based JavaScript Interpreter
     [echo]       that can be called from rust.
     [echo]       If cargo is not found, then rusteduk won't compile.
     [echo]       Rusteduk is not required by Accessors.
     [echo]     

clean.rusteduk:

clean.duktape:

BUILD SUCCESSFUL
Total time: 0 seconds
#
# Remove package.json (if it exists) because if it exists,
# it will prevent npm update @terraswarm/gdp from working.
rm -f src_jar/capecode0.3.devel/org/terraswarm/accessor/accessors/web/package.json
#
# Clean up the source directory
#
# Remove jar files not included in CapeCode
egrep -v "lib/chic.jar|lib/java_cup.jar|lib/mapss.jar|lib/ptCal.jar|lib/sootclasses.jar|ptolemy/actor/ptalon/antlr/antlr.jar|ptolemy/distributed/jini/jar|ptolemy/domains/ptinyos/lib/" src_jar/capecode0.3.devel/.classpath.default \
	> src_jar/capecode0.3.devel/.classpath.default.tmp 
mv src_jar/capecode0.3.devel/.classpath.default.tmp \
	src_jar/capecode0.3.devel/.classpath.default
# Check out the jsdoc repo.
(cd src_jar/capecode0.3.devel/org/terraswarm/accessor/accessors/web; ant jsdoc-install)
/home/travis/build/icyphy/ptII/bin/ant: Running /home/travis/build/icyphy/ptII/ant/bin/ant jsdoc-install
Buildfile: /home/travis/build/icyphy/ptII/adm/gen-11.1/src_jar/capecode0.3.devel/org/terraswarm/accessor/accessors/web/build.xml

-check-jsdoc:
     [echo] To stop CapeCode from invoking jsdoc and svn, set the PT_NO_NET environment variable.  
     [echo]     Under BASH:
     [echo]         export PT_NO_NET=true
     [echo]     If ptdoc fails, and you are building from $PTII, try:
     [echo]         ant build-project build-bin
     [echo]     

-check-node:

-check-node-works:
     [exec] v7.10.1

-check-npm:

-check-npm-works:
     [exec] 4.2.0

jsdoc-install:

BUILD SUCCESSFUL
Total time: 0 seconds
#
# bin/makefile: Remove unused scripts
egrep -v "copernicus|decompile|emachine|giottoc|htmlconverter|jode|mescal|obfuscate|soot|tinic|startjini.gui" src_jar/capecode0.3.devel/bin/makefile \
	> src_jar/capecode0.3.devel/bin/makefile.tmp
mv src_jar/capecode0.3.devel/bin/makefile.tmp \
	src_jar/capecode0.3.devel/bin/makefile
#
# com/makefile
egrep -v "jgoodies" \
	src_jar/capecode0.3.devel/com/makefile \
	> src_jar/capecode0.3.devel/com/makefile.tmp
mv src_jar/capecode0.3.devel/com/makefile.tmp \
	src_jar/capecode0.3.devel/com/makefile
#
# Fix up doc/design/makefile
egrep -v "hyvisual.pdf|ptIIdesign1-intro.pdf|ptIIdesign2-software.pdf|ptIIdesign3-domains.pdf|visualsense.pdf|visualsense.jar|usingVergil" \
	src_jar/capecode0.3.devel/doc/design/makefile \
	> src_jar/capecode0.3.devel/doc/design/makefile.tmp
mv src_jar/capecode0.3.devel/doc/design/makefile.tmp \
	src_jar/capecode0.3.devel/doc/design/makefile
#
# Fix up doc/makefile
egrep -v "PtolemyIISplash.psd|banner.psd|ptIIbanner2.psd|books|lib/comm|lib.comm|python|books|ci/kernel|ci/lib|copernicus|csp|curriculum|dde|ddf|dt.kernel|giotto|gr.kernel|gr.lib|io.comm|papers|pn/kernel|psdf|petrinet|ptolemy.caltrop|ptolemy.domains.ci|ptolemy.domains.pn|space|sr.kernel|sr/kernel|sr.lib|sr/lib|sysml|thales.actor|thales.vergil|tm.kernel|tm/kernel|tm.lib|tm/lib|vhdl|wireless|	codeDoc.jar|	codeDocBcvtb.jar|	codeDocHyVisual.jar|	codeDocViptos.jar|	codeDocVisualSense.jar" \
	src_jar/capecode0.3.devel/doc/makefile \
	> src_jar/capecode0.3.devel/doc/makefile.tmp
mv src_jar/capecode0.3.devel/doc/makefile.tmp \
	src_jar/capecode0.3.devel/doc/makefile
#
# Fix up doc/tutorial/makefile
egrep -v "domains" \
	src_jar/capecode0.3.devel/doc/tutorial/makefile \
	> src_jar/capecode0.3.devel/doc/tutorial/makefile.tmp
mv src_jar/capecode0.3.devel/doc/tutorial/makefile.tmp \
	src_jar/capecode0.3.devel/doc/tutorial/makefile
#
# Fix up makefile
egrep -v ".eclipse.epf|doc/codeDoc.jar|domains/dt/demo/demo.jar|domains/giotto/demo/demo.jar|domains/pn/demo/demo.jar|domains/tm/demo/demo.jar|lbnl|ptolemy/domains/experimentalDomains.jar|ptolemy/domains/de/demo/demo.jar|ptolemy/domains/sdf/demo/demo.jar|ptserver|thales|vergil/gt/gt.jar|vergil.*.jnlp.in" \
	src_jar/capecode0.3.devel/makefile \
	> src_jar/capecode0.3.devel/makefile.tmp
mv src_jar/capecode0.3.devel/makefile.tmp \
	src_jar/capecode0.3.devel/makefile
#
# Fix up org/makefile
egrep -v "hlacerti|mlc" \
	src_jar/capecode0.3.devel/org/makefile \
	> src_jar/capecode0.3.devel/org/makefile.tmp
mv src_jar/capecode0.3.devel/org/makefile.tmp \
	src_jar/capecode0.3.devel/org/makefile
#
# Fix up org/ptolemy/makefile
egrep -v "fmi|qss|PTANGO_DIR" \
	src_jar/capecode0.3.devel/org/ptolemy/makefile \
	> src_jar/capecode0.3.devel/org/ptolemy/makefile.tmp
mv src_jar/capecode0.3.devel/org/ptolemy/makefile.tmp \
	src_jar/capecode0.3.devel/org/ptolemy/makefile
#
# Fix up ptolemy/actor/gui/jnlp/makefile
# Need to be careful here and remove ViptosApplication.jar from OTHER_JARS, but not the from the rule.
# So, we use a trailing space.
egrep -v "ViptosApplication.jar " \
	src_jar/capecode0.3.devel/ptolemy/actor/gui/jnlp/makefile \
	> src_jar/capecode0.3.devel/ptolemy/actor/gui/jnlp/makefile.tmp
mv src_jar/capecode0.3.devel/ptolemy/actor/gui/jnlp/makefile.tmp \
	src_jar/capecode0.3.devel/ptolemy/actor/gui/jnlp/makefile
#
# Fix up ptolemy/actor/gui/test/makefile
egrep -v "HTMLAbout.tcl|PtolemyApplication.tcl" \
	src_jar/capecode0.3.devel/ptolemy/actor/gui/test/makefile \
	> src_jar/capecode0.3.devel/ptolemy/actor/gui/test/makefile.tmp
mv src_jar/capecode0.3.devel/ptolemy/actor/gui/test/makefile.tmp \
	src_jar/capecode0.3.devel/ptolemy/actor/gui/test/makefile
#
# Fix up ptolemy/actor/lib/makefile
egrep -v "fmi|jopio|mbed|vhdl|video" \
	src_jar/capecode0.3.devel/ptolemy/actor/lib/makefile \
	> src_jar/capecode0.3.devel/ptolemy/actor/lib/makefile.tmp
mv src_jar/capecode0.3.devel/ptolemy/actor/lib/makefile.tmp \
	src_jar/capecode0.3.devel/ptolemy/actor/lib/makefile
#
# Fix up ptolemy/actor/lib/test/makefile
egrep -v "OrderedMerge.tcl|RampContinuous.tcl" \
	src_jar/capecode0.3.devel/ptolemy/actor/lib/test/makefile \
	> src_jar/capecode0.3.devel/ptolemy/actor/lib/test/makefile.tmp
mv src_jar/capecode0.3.devel/ptolemy/actor/lib/test/makefile.tmp \
	src_jar/capecode0.3.devel/ptolemy/actor/lib/test/makefile
#
# Fix up ptolemy/actor/makefile
egrep -v "corba|designs|gt" \
	src_jar/capecode0.3.devel/ptolemy/actor/makefile \
	> src_jar/capecode0.3.devel/ptolemy/actor/makefile.tmp
mv src_jar/capecode0.3.devel/ptolemy/actor/makefile.tmp \
	src_jar/capecode0.3.devel/ptolemy/actor/makefile
#
# Fix up ptolemy/cg/adapter/generic
egrep -v "html" \
	src_jar/capecode0.3.devel/ptolemy/cg/adapter/generic/makefile \
	> src_jar/capecode0.3.devel/ptolemy/cg/adapter/generic/makefile.tmp
mv src_jar/capecode0.3.devel/ptolemy/cg/adapter/generic/makefile.tmp \
	src_jar/capecode0.3.devel/ptolemy/cg/adapter/generic/makefile 
#
# Fix up ptolemy/cg/adapter/generic/program/procedural/adapters/ptolemy/actor/lib/makefile
egrep -v "\.java|conversions|fmi|gui|hoc|logic|string" \
	src_jar/capecode0.3.devel/ptolemy/cg/adapter/generic/program/procedural/adapters/ptolemy/actor/lib/makefile \
	> src_jar/capecode0.3.devel/ptolemy/cg/adapter/generic/program/procedural/adapters/ptolemy/actor/lib/makefile.tmp
mv src_jar/capecode0.3.devel/ptolemy/cg/adapter/generic/program/procedural/adapters/ptolemy/actor/lib/makefile.tmp \
	src_jar/capecode0.3.devel/ptolemy/cg/adapter/generic/program/procedural/adapters/ptolemy/actor/lib/makefile
#
# Fix up ptolemy/cg/adapter/generic/program/procedural/adapters/ptolemy/domains/makefile
egrep -v "giotto" \
	src_jar/capecode0.3.devel/ptolemy/cg/adapter/generic/program/procedural/adapters/ptolemy/domains/makefile \
	> src_jar/capecode0.3.devel/ptolemy/cg/adapter/generic/program/procedural/adapters/ptolemy/domains/makefile.tmp
mv src_jar/capecode0.3.devel/ptolemy/cg/adapter/generic/program/procedural/adapters/ptolemy/domains/makefile.tmp \
	src_jar/capecode0.3.devel/ptolemy/cg/adapter/generic/program/procedural/adapters/ptolemy/domains/makefile
#
# Fix up ptolemy/cg/adapter/generic/program/procedural/adapters/ptolemy/domains/sdf/makefile
#egrep -v "lib" \
#	src_jar/capecode0.3.devel/ptolemy/cg/adapter/generic/program/procedural/adapters/ptolemy/domains/sdf/makefile \
#	> src_jar/capecode0.3.devel/ptolemy/cg/adapter/generic/program/procedural/adapters/ptolemy/domains/sdf/makefile.tmp
#mv src_jar/capecode0.3.devel/ptolemy/cg/adapter/generic/program/procedural/adapters/ptolemy/domains/sdf/makefile.tmp \
#	src_jar/capecode0.3.devel/ptolemy/cg/adapter/generic/program/procedural/adapters/ptolemy/domains/sdf/makefile
#
# Fix up ptolemy/cg/adapter/generic/program/procedural/adapters/ptolemy/makefile
egrep -v "vergil" \
	src_jar/capecode0.3.devel/ptolemy/cg/adapter/generic/program/procedural/adapters/ptolemy/makefile \
	> src_jar/capecode0.3.devel/ptolemy/cg/adapter/generic/program/procedural/adapters/ptolemy/makefile.tmp
mv src_jar/capecode0.3.devel/ptolemy/cg/adapter/generic/program/procedural/adapters/ptolemy/makefile.tmp \
	src_jar/capecode0.3.devel/ptolemy/cg/adapter/generic/program/procedural/adapters/ptolemy/makefile
#
# Fix up ptolemy/cg/kernel/generic
egrep -v "html|syntactic" \
	src_jar/capecode0.3.devel/ptolemy/cg/kernel/generic/makefile \
	> src_jar/capecode0.3.devel/ptolemy/cg/kernel/generic/makefile.tmp
mv src_jar/capecode0.3.devel/ptolemy/cg/kernel/generic/makefile.tmp \
	src_jar/capecode0.3.devel/ptolemy/cg/kernel/generic/makefile 
#
# Fix up ptolemy/cg/adapter/generic/program/procedural/makefile
egrep -v "	c |c/c.jar|fmima|fmimahybrid|java" \
	src_jar/capecode0.3.devel/ptolemy/cg/adapter/generic/program/procedural/makefile \
	> src_jar/capecode0.3.devel/ptolemy/cg/adapter/generic/program/procedural/makefile.tmp
mv src_jar/capecode0.3.devel/ptolemy/cg/adapter/generic/program/procedural/makefile.tmp \
	src_jar/capecode0.3.devel/ptolemy/cg/adapter/generic/program/procedural/makefile
#
# Fix up ptolemy/cg/kernel/generic/program/procedural/makefile
egrep -v " c |c.jar|fmima|fmimahybrid|java" \
	src_jar/capecode0.3.devel/ptolemy/cg/kernel/generic/program/procedural/makefile \
	> src_jar/capecode0.3.devel/ptolemy/cg/kernel/generic/program/procedural/makefile.tmp
mv src_jar/capecode0.3.devel/ptolemy/cg/kernel/generic/program/procedural/makefile.tmp \
	src_jar/capecode0.3.devel/ptolemy/cg/kernel/generic/program/procedural/makefile
#
# Fix up ptolemy/cg/lib/demo/makefile
egrep -v "Modular|CompiledComposite|DECG" \
	src_jar/capecode0.3.devel/ptolemy/cg/lib/demo/makefile \
	> src_jar/capecode0.3.devel/ptolemy/cg/lib/demo/makefile.tmp
mv src_jar/capecode0.3.devel/ptolemy/cg/lib/demo/makefile.tmp \
	src_jar/capecode0.3.devel/ptolemy/cg/lib/demo/makefile 
#
# Fix up ptolemy/cg/lib/makefile
egrep -v "Modular|syntactic" \
	src_jar/capecode0.3.devel/ptolemy/cg/lib/makefile \
	> src_jar/capecode0.3.devel/ptolemy/cg/lib/makefile.tmp
mv src_jar/capecode0.3.devel/ptolemy/cg/lib/makefile.tmp \
	src_jar/capecode0.3.devel/ptolemy/cg/lib/makefile
#
# Fix up ptolemy/cg/lib/test
egrep -v "Modular" \
	src_jar/capecode0.3.devel/ptolemy/cg/lib/test/makefile \
	> src_jar/capecode0.3.devel/ptolemy/cg/lib/test/makefile.tmp
mv src_jar/capecode0.3.devel/ptolemy/cg/lib/test/makefile.tmp \
	src_jar/capecode0.3.devel/ptolemy/cg/lib/test/makefile 
#
# Fix up ptolemy/configs/makefile
egrep -v "bcvtb|cyphysim|defaultFullConfiguration.xml|dsp|fmv|full|gt|hyvisual|iaEffigy|iaTablea|jxta|pn|ptdb|ptiny|Ptera|ptserver|space|test|viptos|visualsense" \
	src_jar/capecode0.3.devel/ptolemy/configs/makefile \
	> src_jar/capecode0.3.devel/ptolemy/configs/makefile.tmp
mv src_jar/capecode0.3.devel/ptolemy/configs/makefile.tmp \
	src_jar/capecode0.3.devel/ptolemy/configs/makefile
#
# Fix up ptolemy/demo/makefile
egrep -v "AirManagement|ElectricPowerSystem|EnterpriseOntology|ExecDemos|FuelSystem|ProbabilisticModels|RobotMPC|PLC" \
	src_jar/capecode0.3.devel/ptolemy/demo/makefile \
	> src_jar/capecode0.3.devel/ptolemy/demo/makefile.tmp
mv src_jar/capecode0.3.devel/ptolemy/demo/makefile.tmp \
	src_jar/capecode0.3.devel/ptolemy/demo/makefile
#
# Fix up ptolemy/data/test/makefile
egrep -v "/Variable2.tcl" \
	src_jar/capecode0.3.devel/ptolemy/data/test/makefile \
	> src_jar/capecode0.3.devel/ptolemy/data/test/makefile.tmp
mv src_jar/capecode0.3.devel/ptolemy/data/test/makefile.tmp \
	src_jar/capecode0.3.devel/ptolemy/data/test/makefile
#
# Fix up ptolemy/domains/makefile
#
# Use this to sort: awk -F '|' '{for (i=1;i<=NF;i++) {print }}' | sort |awk '{printf("%s|", )}'
#
egrep -v "\(PTSPACEDOMAIN_JAR\)|algebraic.jar|algebraic/demo|ca.jar|ca/demo|ci.jar|continuous.jar|csp.jar|curriculum.jar|dde.jar|ddf.jar|ddf/demo|domains.xml|dt/dt.jar|fmima.jar|giotto.jar|hdf.jar|hdf/demo|petrinet.jar|pn.jar|pn/demo|ptera.jar|ptera/demo|ptera/demo|ptides|pthales.jar|pthales/demo|ptides.jar|ptinyDomains.xml|qss.jar|rendezvous/demo.jar|rendezvous.jar|scr.jar|space.jar|sr.jar|sr/demo/demo.jar|sr/doc/doc.jar|sysml.jar|taskpt.jar|tm.jar|wireless.jar" \
	src_jar/capecode0.3.devel/ptolemy/domains/makefile \
	> src_jar/capecode0.3.devel/ptolemy/domains/makefile.tmp
mv src_jar/capecode0.3.devel/ptolemy/domains/makefile.tmp \
	src_jar/capecode0.3.devel/ptolemy/domains/makefile
#
# Fix up ptolemy/domains/modal/kernel/makefile
egrep -v "fmv|ia.jar" \
	src_jar/capecode0.3.devel/ptolemy/domains/modal/kernel/makefile \
	> src_jar/capecode0.3.devel/ptolemy/domains/modal/kernel/makefile.tmp
mv src_jar/capecode0.3.devel/ptolemy/domains/modal/kernel/makefile.tmp \
	src_jar/capecode0.3.devel/ptolemy/domains/modal/kernel/makefile
#
# Fix up ptolemy/domains/modal/test/makefile
egrep -v "SystemLevelType.tcl" \
	src_jar/capecode0.3.devel/ptolemy/domains/modal/test/makefile \
	> src_jar/capecode0.3.devel/ptolemy/domains/modal/test/makefile.tmp
mv src_jar/capecode0.3.devel/ptolemy/domains/modal/test/makefile.tmp \
	src_jar/capecode0.3.devel/ptolemy/domains/modal/test/makefile
#
# Fix up ptolemy/makefile
sed -e 's/\$(PTCALTROP_DIR)//' \
    -e 's/\$(PTCOPERNICUS_DIR)//' \
	< src_jar/capecode0.3.devel/ptolemy/makefile \
	> src_jar/capecode0.3.devel/ptolemy/makefile.tmp
mv src_jar/capecode0.3.devel/ptolemy/makefile.tmp \
	src_jar/capecode0.3.devel/ptolemy/makefile
egrep -v "backtrack|copernicus.jar|gt.jar|ptp|verification" \
	< src_jar/capecode0.3.devel/ptolemy/makefile \
	> src_jar/capecode0.3.devel/ptolemy/makefile.tmp
mv src_jar/capecode0.3.devel/ptolemy/makefile.tmp \
	src_jar/capecode0.3.devel/ptolemy/makefile
#
# Fix up ptolemy/moml/filter/test/makefile
egrep -v "BackwardCompatibilityPN.tcl|GRColorChanges.tcl|PropertyClassChangesHDF.tcl" \
	src_jar/capecode0.3.devel/ptolemy/moml/filter/test/makefile \
	> src_jar/capecode0.3.devel/ptolemy/moml/filter/test/makefile.tmp
mv src_jar/capecode0.3.devel/ptolemy/moml/filter/test/makefile.tmp \
	src_jar/capecode0.3.devel/ptolemy/moml/filter/test/makefile
#
# Fix up ptolemy/vergil/makefile
egrep -v "gt|ptera|scr|tdl" \
	src_jar/capecode0.3.devel/ptolemy/vergil/makefile \
	> src_jar/capecode0.3.devel/ptolemy/vergil/makefile.tmp
mv src_jar/capecode0.3.devel/ptolemy/vergil/makefile.tmp \
	src_jar/capecode0.3.devel/ptolemy/vergil/makefile
#
# Fix up ptolemy/vergil/modal/makefile
egrep -v "fmv|	ia |ia.jar" \
	src_jar/capecode0.3.devel/ptolemy/vergil/modal/makefile \
	> src_jar/capecode0.3.devel/ptolemy/vergil/modal/makefile.tmp
mv src_jar/capecode0.3.devel/ptolemy/vergil/modal/makefile.tmp \
	src_jar/capecode0.3.devel/ptolemy/vergil/modal/makefile
#
# Fix up ptolemy/vergil/basic/imprt
egrep -v "fmu|g4ltl" \
	src_jar/capecode0.3.devel/ptolemy/vergil/basic/imprt/makefile \
	> src_jar/capecode0.3.devel/ptolemy/vergil/basic/imprt/makefile.tmp
mv src_jar/capecode0.3.devel/ptolemy/vergil/basic/imprt/makefile.tmp \
	src_jar/capecode0.3.devel/ptolemy/vergil/basic/imprt/makefile
#
# Fix up ptolemy/vergil/basic/layout/kieler/test/junit/makefile
egrep -v "KielerJUnitTestExtendedModels.java" \
	src_jar/capecode0.3.devel/ptolemy/vergil/basic/layout/kieler/test/junit/makefile \
	> src_jar/capecode0.3.devel/ptolemy/vergil/basic/layout/kieler/test/junit/makefile.tmp
mv src_jar/capecode0.3.devel/ptolemy/vergil/basic/layout/kieler/test/junit/makefile.tmp \
	src_jar/capecode0.3.devel/ptolemy/vergil/basic/layout/kieler/test/junit/makefile
#
#cd src_jar/capecode0.3.devel; /home/travis/build/icyphy/ptII/adm/installers/test/../../../adm/gen-11.1/findclean)
(cd src_jar/capecode0.3.devel; rm -rf `cat ../../src.ex`)
# Update the CapeCode copyright (really, the license).
cp licenseCapeCode.htm src_jar/capecode0.3.devel/copyright.htm
#
# Now creating CAPECODE_SRC_TAR: capecode0.3.devel.tar.gz
#
capecode0.3.devel.tar.gz Thu Aug  6 15:07:05 UTC 2020
 15:07:05 up 10 min,  1 user,  load average: 2.29, 1.67, 0.90
# cp /home/travis/build/icyphy/ptII/adm/installers/test/../../../doc/design/capecode.pdf src_jar/capecode0.3.devel/doc/design/capecode.pdf;
(cd src_jar; \
	/usr/local/bin/tar -czf ../capecode0.3.devel.tar.gz \
	capecode0.3.devel \
)
make: Leaving directory '/home/travis/build/icyphy/ptII/adm/gen-11.1'
All Done
adm/test/nightlyMake.tcl: about to execute [make -C /home/travis/build/icyphy/ptII/adm/installers/test/../../../adm/gen-11.1 PTIIHOME=/home/travis/build/icyphy/ptII/adm/installers/test/../../.. PTIIADM=/home/travis/build/icyphy/ptII/adm/installers/test/../../../adm JAR=/usr/bin/jar TAR=/usr/local/bin/tar src.jar]
About to execute:
    make -C
/home/travis/build/icyphy/ptII/adm/installers/test/../../../adm/gen-11.1
PTIIHOME=/home/travis/build/icyphy/ptII/adm/installers/test/../../..
PTIIADM=/home/travis/build/icyphy/ptII/adm/installers/test/../../../adm
JAR=/usr/bin/jar TAR=/usr/local/bin/tar src.jar
make: Entering directory '/home/travis/build/icyphy/ptII/adm/gen-11.1'
#
# Now creating PTII_SRC_JAR: /home/travis/build/icyphy/ptII/adm/installers/test/../../../adm/gen-11.1/ptII11.1.devel.src.jar
#
/home/travis/build/icyphy/ptII/adm/installers/test/../../../adm/gen-11.1/ptII11.1.devel.src.jar Thu Aug  6 15:07:16 UTC 2020
 15:07:16 up 10 min,  1 user,  load average: 2.08, 1.65, 0.90
rm -rf src_jar/ptII11.1.devel/vendors/izpack* src_jar/ptII11.1.devel/vendors/launch4j*
(cd src_jar/ptII11.1.devel; "/usr/bin/jar" -cf ../../ptII11.1.devel.src.jar .)
make: Leaving directory '/home/travis/build/icyphy/ptII/adm/gen-11.1'
All Done
nightly-1.4: /home/travis/build/icyphy/ptII/adm/installers/test/../../../adm/gen-11.1/ptII11.1.devel.src.jar
adm/test/nightlyMake.tcl: about to execute [make -C /home/travis/build/icyphy/ptII/adm/installers/test/../../../adm/gen-11.1 PTIIHOME=/home/travis/build/icyphy/ptII/adm/installers/test/../../.. PTIIADM=/home/travis/build/icyphy/ptII/adm/installers/test/../../../adm JAR=/usr/bin/jar TAR=/usr/local/bin/tar setup]
About to execute:
    make -C
/home/travis/build/icyphy/ptII/adm/installers/test/../../../adm/gen-11.1
PTIIHOME=/home/travis/build/icyphy/ptII/adm/installers/test/../../..
PTIIADM=/home/travis/build/icyphy/ptII/adm/installers/test/../../../adm
JAR=/usr/bin/jar TAR=/usr/local/bin/tar setup
make: Entering directory '/home/travis/build/icyphy/ptII/adm/gen-11.1'
# Use a relative path and avoid problems with /cygdrive/c under Windows.
(cd /home/travis/build/icyphy/ptII/adm/installers/test/../../../adm/dists/ptII11.1.devel/ptolemy/matlab; jar -xf ../../lib/matlabWindows.jar)
#
# cleanSrc: removing files created by configure
# Thu Aug  6 15:07:31 UTC 2020
if [ -f src/ptII11.1.devel/mk/ptII.mk ]; then \
	(cd src/ptII11.1.devel/bin; mv CapeCode.app Ptiny.app Vergil.app ..; make clean; mv ../CapeCode.app ../Ptiny.app ../Vergil.app ../Ptiny.app .); \
fi
rm -f src/ptII11.1.devel/mk/ptII.mk
rm -f src/ptII11.1.devel/.classpath
rm -f src/ptII11.1.devel/lib/ptII.properties
if [ ! -f /home/travis/build/icyphy/ptII/adm/installers/test/../../../vendors/installer/PtolemyII_DigitalV1_02.pdf ]; then \
	echo "Downloading Ptolemy Book: /home/travis/build/icyphy/ptII/adm/installers/test/../../../vendors/installer/PtolemyII_DigitalV1_02.pdf: `date`"; \
	wget --quiet -O /home/travis/build/icyphy/ptII/adm/installers/test/../../../vendors/installer/PtolemyII_DigitalV1_02.pdf https://ptolemy.berkeley.edu/books/Systems/PtolemyII_DigitalV1_02.pdf; \
        fi
cp /home/travis/build/icyphy/ptII/adm/installers/test/../../../vendors/installer/PtolemyII_DigitalV1_02.pdf /home/travis/build/icyphy/ptII/adm/installers/test/../../../adm/dists/ptII11.1.devel/doc/books/systems/PtolemyII_DigitalV1_02.pdf
if [ ! -s /home/travis/build/icyphy/ptII/adm/installers/test/../../../vendors/installer/WinJre32.tar.gz ]; then \
	echo "Downloading WinJre32 /home/travis/build/icyphy/ptII/adm/installers/test/../../../vendors/installer/WinJre32.tar.gz: `date`"; \
	wget -O /home/travis/build/icyphy/ptII/adm/installers/test/../../../vendors/installer/WinJre32.tar.gz https://ptolemy.berkeley.edu/ptolemyII/WinJre32.tar.gz; \
fi
ls -l /home/travis/build/icyphy/ptII/adm/installers/test/../../../vendors/installer/WinJre32.tar.gz
-rw-rw-r-- 1 travis travis 69719592 Mar 21  2018 /home/travis/build/icyphy/ptII/adm/installers/test/../../../vendors/installer/WinJre32.tar.gz
file /home/travis/build/icyphy/ptII/adm/installers/test/../../../vendors/installer/WinJre32.tar.gz
/home/travis/build/icyphy/ptII/adm/installers/test/../../../vendors/installer/WinJre32.tar.gz: gzip compressed data, last modified: Wed Mar 21 21:05:48 2018, from Unix
tar -zxf /home/travis/build/icyphy/ptII/adm/installers/test/../../../vendors/installer/WinJre32.tar.gz
if [ ! -f jre32/README-Ptolemy.txt ]; then \
	echo "jre32/README-Ptolemy.txt does not exist after attempted untar of /home/travis/build/icyphy/ptII/adm/installers/test/../../../vendors/installer/WinJre32.tar.gz"; \
	echo "Downloading WinJre32 again? jre32: `date`"; \
	wget -O /home/travis/build/icyphy/ptII/adm/installers/test/../../../vendors/installer/WinJre32.tar.gz https://ptolemy.berkeley.edu/ptolemyII/WinJre32.tar.gz; \
	ls -l /home/travis/build/icyphy/ptII/adm/installers/test/../../../vendors/installer/WinJre32.tar.gz; \
	tar -zxf /home/travis/build/icyphy/ptII/adm/installers/test/../../../vendors/installer/WinJre32.tar.gz; \
fi
if [ ! -f /home/travis/build/icyphy/ptII/adm/installers/test/../../../vendors/installer/izpack-dist-5.1.3-SNAPSHOT.jar ]; then \
	echo "Downloading izpack: `date`"; \
	wget --quiet -O /home/travis/build/icyphy/ptII/adm/installers/test/../../../vendors/installer/izpack-dist-5.1.3-SNAPSHOT.jar \
		https://github.com/icyphy/ptII/releases/download/nightly/izpack-dist-5.1.3-SNAPSHOT.jar; \
fi

izpackFix:
Changing the Info.plist for the Mac installer app to require Java 1.8 or later.

if [ ! -f "/home/travis/build/icyphy/ptII/adm/installers/test/../../../vendors/izpack/utils/wrappers/izpack2app/Mac-App-Template/Contents/Info.plist.orig" ]; then \
	cp "/home/travis/build/icyphy/ptII/adm/installers/test/../../../vendors/izpack/utils/wrappers/izpack2app/Mac-App-Template/Contents/Info.plist" "/home/travis/build/icyphy/ptII/adm/installers/test/../../../vendors/izpack/utils/wrappers/izpack2app/Mac-App-Template/Contents/Info.plist.orig"; \
        fi
sed 's@<string>1.[*0-8+]*</string>@<string>1.8+</string>@' "/home/travis/build/icyphy/ptII/adm/installers/test/../../../vendors/izpack/utils/wrappers/izpack2app/Mac-App-Template/Contents/Info.plist" > "/home/travis/build/icyphy/ptII/adm/installers/test/../../../vendors/izpack/utils/wrappers/izpack2app/Mac-App-Template/Contents/Info.plist.tmp"
diff "/home/travis/build/icyphy/ptII/adm/installers/test/../../../vendors/izpack/utils/wrappers/izpack2app/Mac-App-Template/Contents/Info.plist.tmp" "/home/travis/build/icyphy/ptII/adm/installers/test/../../../vendors/izpack/utils/wrappers/izpack2app/Mac-App-Template/Contents/Info.plist"
mv "/home/travis/build/icyphy/ptII/adm/installers/test/../../../vendors/izpack/utils/wrappers/izpack2app/Mac-App-Template/Contents/Info.plist.tmp" "/home/travis/build/icyphy/ptII/adm/installers/test/../../../vendors/izpack/utils/wrappers/izpack2app/Mac-App-Template/Contents/Info.plist"
javac --release 8 -classpath `ls -1 /home/travis/build/icyphy/ptII/adm/installers/test/../../../vendors/izpack/lib/izpack-api-*.jar | head -1 | awk '{print $1}'`:`ls -1 /home/travis/build/icyphy/ptII/adm/installers/test/../../../vendors/izpack/lib/izpack-panel-*jar | head -1 | awk '{print $1}'` IzpackSetup.java
/usr/bin/jar cf izpacksetup.jar IzpackSetup.class
if [ ! -f /home/travis/build/icyphy/ptII/adm/installers/test/../../../adm/dists/ptII11.1.devel/jar_dist/ptolemy/matlab/matlab.jar ]; then \
	mkdir -p `dirname /home/travis/build/icyphy/ptII/adm/installers/test/../../../adm/dists/ptII11.1.devel/jar_dist/ptolemy/matlab/matlab.jar`; \
	jar -cf /home/travis/build/icyphy/ptII/adm/installers/test/../../../adm/dists/ptII11.1.devel/jar_dist/ptolemy/matlab/matlab.jar copyright.txt; \
fi
if [ ! -f /home/travis/build/icyphy/ptII/adm/installers/test/../../../adm/dists/ptII11.1.devel/jar_dist/ptolemy/matlab/demo/demo.jar ]; then \
	mkdir -p `dirname /home/travis/build/icyphy/ptII/adm/installers/test/../../../adm/dists/ptII11.1.devel/jar_dist/ptolemy/matlab/demo/demo.jar`; \
	jar -cf /home/travis/build/icyphy/ptII/adm/installers/test/../../../adm/dists/ptII11.1.devel/jar_dist/ptolemy/matlab/demo/demo.jar copyright.txt; \
fi
if [ ! -f /home/travis/build/icyphy/ptII/adm/installers/test/../../../adm/dists/ptII11.1.devel/jar_dist/lib/matlab.jar ]; then \
	mkdir -p `dirname /home/travis/build/icyphy/ptII/adm/installers/test/../../../adm/dists/ptII11.1.devel/jar_dist/lib/matlab.jar`; \
	jar -cf /home/travis/build/icyphy/ptII/adm/installers/test/../../../adm/dists/ptII11.1.devel/jar_dist/lib/matlab.jar copyright.txt; \
fi
#
# Now building target setup_jar (PTSETUP).jar: ptII11_1_devel_setup_windows.jar
# Thu Aug  6 15:07:34 UTC 2020
ls -l /home/travis/build/icyphy/ptII/adm/installers/test/../../../adm/dists/ptII11.1.devel
total 2520
drwxrwxr-x  4 travis travis   4096 Aug  6 15:02 ant
drwxrwxr-x  5 travis travis   4096 Aug  6 15:04 bin
-rw-rw-r--  1 travis travis  84712 Aug  6 14:58 build.default.xml
-rw-rw-r--  1 travis travis 118819 Aug  6 14:58 build.xml.in
-rwxrwxr-x  1 travis travis  36352 Aug  6 15:05 capecode.exe
-rw-rw-r--  1 travis travis   5844 Aug  6 15:05 capecode_l4j.xml
drwxrwxr-x  3 travis travis   4096 Aug  6 15:04 certi1516e
-rw-rw-r--  1 travis travis   6487 Aug  6 14:58 cluster.xml
drwxrwxr-x  6 travis travis   4096 Aug  6 15:04 com
drwxrwxr-x  2 travis travis   4096 Aug  6 15:04 config
-rw-rw-r--  1 travis travis  73308 Aug  6 15:04 config.log
-rwxrwxr-x  1 travis travis  73581 Aug  6 15:04 config.status
-rwxrwxr-x  1 travis travis 614394 Aug  6 15:04 configure
-rw-rw-r--  1 travis travis 295878 Aug  6 14:58 configure.in
drwxrwxr-x  3 travis travis   4096 Aug  6 15:02 contrib
-rw-rw-r--  1 travis travis   3706 Aug  6 14:58 CONTRIBUTING.md
-rw-rw-r--  1 travis travis 472740 Aug  6 14:58 copyright.htm
-rw-rw-r--  1 travis travis   1233 Aug  6 14:58 copyright.txt
drwxrwxr-x  8 travis travis   4096 Aug  6 14:58 diva
drwxrwxr-x 13 travis travis   4096 Aug  6 15:04 doc
drwxrwxr-x  3 travis travis   4096 Aug  6 14:58 edu
-rwxrwxr-x  1 travis travis  31232 Aug  6 15:05 histogram.exe
-rw-rw-r--  1 travis travis   1446 Aug  6 15:05 histogram_l4j.xml
-rwxrwxr-x  1 travis travis  32256 Aug  6 15:05 hyvisual.exe
-rw-rw-r--  1 travis travis   2675 Aug  6 15:05 hyvisual_l4j.xml
drwxrwxr-x 12 travis travis   4096 Aug  6 15:05 jar_dist
-rw-rw-r--  1 travis travis 339148 Aug  6 15:04 jars.xml
drwxrwxr-x  7 travis travis   4096 Aug  6 15:02 lbnl
drwxrwxr-x  3 travis travis   4096 Aug  6 15:05 lib
-rw-rw-r--  1 travis travis  10782 Aug  6 14:58 makefile
drwxrwxr-x  2 travis travis   4096 Aug  6 15:02 META-INF
drwxrwxr-x  2 travis travis   4096 Aug  6 15:04 mk
drwxrwxr-x  3 travis travis   4096 Aug  6 14:58 net
drwxrwxr-x 21 travis travis   4096 Aug  6 15:04 node_modules
drwxrwxr-x  7 travis travis   4096 Aug  6 14:58 org
-rw-rw-r--  1 travis travis  12897 Aug  6 14:58 plugin.xml
-rw-rw-r--  1 travis travis  32556 Aug  6 14:58 pom.xml
-rwxrwxr-x  1 travis travis  31232 Aug  6 15:05 ptbook.exe
-rw-rw-r--  1 travis travis   1426 Aug  6 15:05 ptbook_l4j.xml
-rwxrwxr-x  1 travis travis  33280 Aug  6 15:05 ptiny.exe
-rw-rw-r--  1 travis travis   4073 Aug  6 15:05 ptiny_l4j.xml
-rw-rw-r--  1 travis travis    294 Aug  6 14:58 ptKeystore.properties
drwxrwxr-x 25 travis travis   4096 Aug  6 15:05 ptolemy
-rwxrwxr-x  1 travis travis  31232 Aug  6 15:05 ptplot.exe
-rw-rw-r--  1 travis travis   1434 Aug  6 15:05 ptplot_l4j.xml
-rw-rw-r--  1 travis travis    981 Aug  6 14:58 README.md
drwxrwxr-x  6 travis travis   4096 Aug  6 14:58 thales
drwxrwxr-x  4 travis travis   4096 Aug  6 14:58 util
drwxrwxr-x  6 travis travis   4096 Aug  6 15:04 vendors
-rw-rw-r--  1 travis travis   1179 Aug  6 14:58 vergilBCVTB.jnlp.in
-rw-rw-r--  1 travis travis   1784 Aug  6 14:58 vergilCapeCode.jnlp.in
-rw-rw-r--  1 travis travis   1155 Aug  6 14:58 vergilCyPhySim.jnlp.in
-rw-rw-r--  1 travis travis   1152 Aug  6 14:58 vergilDSP.jnlp.in
-rwxrwxr-x  1 travis travis  31232 Aug  6 15:05 vergil.exe
-rw-rw-r--  1 travis travis   1361 Aug  6 14:58 vergilHyVisual.jnlp.in
-rw-rw-r--  1 travis travis   2161 Aug  6 14:58 vergil.jnlp.in
-rw-rw-r--  1 travis travis   2566 Aug  6 15:05 vergil_l4j.jar
-rw-rw-r--  1 travis travis     12 Aug  6 15:05 vergil_l4j.mf
-rw-rw-r--  1 travis travis   1395 Aug  6 15:05 vergil_l4j.xml
-rw-rw-r--  1 travis travis   1205 Aug  6 14:58 vergilPtiny.jnlp.in
-rw-rw-r--  1 travis travis   1242 Aug  6 14:58 vergilPtinyKepler.jnlp.in
-rw-rw-r--  1 travis travis   1478 Aug  6 14:58 vergilPtinySandbox.jnlp.in
-rw-rw-r--  1 travis travis   1237 Aug  6 14:58 vergilSpace.jnlp.in
-rw-rw-r--  1 travis travis   1484 Aug  6 14:58 vergilVisualSense.jnlp.in
ls -l /home/travis/build/icyphy/ptII/adm/installers/test/../../../adm/dists/ptII11.1.devel/doc
total 10800
-rw-rw-r-- 1 travis travis    7348 Aug  6 14:58 acks.htm
-rw-rw-r-- 1 travis travis    5175 Aug  6 14:58 authors.htm
-rw-rw-r-- 1 travis travis     593 Aug  6 14:58 banner.htm
-rw-rw-r-- 1 travis travis     518 Aug  6 14:58 body.htm
drwxrwxr-x 4 travis travis    4096 Aug  6 14:58 books
-rw-rw-r-- 1 travis travis     273 Aug  6 14:58 buttons.htm
-rw-rw-r-- 1 travis travis    7415 Aug  6 14:58 checkstyle-ptII.xml
-rw-rw-r-- 1 travis travis     327 Aug  6 15:02 codeDocBcvtb.jar
-rw-rw-r-- 1 travis travis     327 Aug  6 15:02 codeDocCapeCode.jar
-rw-rw-r-- 1 travis travis     327 Aug  6 15:02 codeDocHyVisual.jar
-rw-rw-r-- 1 travis travis     327 Aug  6 15:02 codeDoc.jar
-rw-rw-r-- 1 travis travis     327 Aug  6 15:02 codeDocViptos.jar
-rw-rw-r-- 1 travis travis     327 Aug  6 15:02 codeDocVisualSense.jar
drwxrwxr-x 4 travis travis    4096 Aug  6 14:58 coding
-rw-rw-r-- 1 travis travis     584 Aug  6 14:58 contents.css
-rw-rw-r-- 1 travis travis     306 Aug  6 14:58 contentsheader.htm
-rw-rw-r-- 1 travis travis   47590 Aug  6 14:58 copernicus.htm
-rw-rw-r-- 1 travis travis     597 Aug  6 14:58 default.css
-rw-rw-r-- 1 travis travis    2649 Aug  6 14:58 demoLink.js
-rw-rw-r-- 1 travis travis   48582 Aug  6 14:58 deployJavaJNLP.js
-rw-rw-r-- 1 travis travis   48722 Aug  6 14:58 deployJava.js
drwxrwxr-x 3 travis travis    4096 Aug  6 15:02 design
-rw-rw-r-- 1 travis travis     702 Aug  6 14:58 docbody.htm
-rw-rw-r-- 1 travis travis     295 Aug  6 14:58 docbuttons.htm
-rw-rw-r-- 1 travis travis 7732928 Aug  6 15:02 docConfig.jar
drwxrwxr-x 2 travis travis    4096 Aug  6 14:58 doclets
-rw-rw-r-- 1 travis travis     546 Aug  6 14:58 docs.htm
-rw-rw-r-- 1 travis travis     840 Aug  6 14:58 doctoc.htm
-rw-rw-r-- 1 travis travis   30684 Aug  6 14:58 domainCompatibility.htm
-rw-rw-r-- 1 travis travis   64600 Aug  6 14:58 domains.htm
drwxrwxr-x 4 travis travis    4096 Aug  6 14:58 eclipse
-rw-rw-r-- 1 travis travis     743 Aug  6 14:58 expressions.htm
-rw-rw-r-- 1 travis travis 2589714 Aug  6 14:58 expressions.pdf
-rw-rw-r-- 1 travis travis     619 Aug  6 14:58 footer.htm
-rw-rw-r-- 1 travis travis    1646 Aug  6 14:58 help.htm
-rw-rw-r-- 1 travis travis   28361 Aug  6 14:58 hudsonConfig.xml
-rwxrwxr-x 1 travis travis    2297 Aug  6 14:58 hyVisualHtml.awk
drwxrwxr-x 2 travis travis    4096 Aug  6 15:04 img
-rw-rw-r-- 1 travis travis     698 Aug  6 14:58 index.htm
-rw-rw-r-- 1 travis travis   31329 Aug  6 14:58 install.htm
-rw-rw-r-- 1 travis travis     827 Aug  6 14:58 install_index.htm
-rw-rw-r-- 1 travis travis    5816 Aug  6 14:58 installJNLP.htm
-rw-rw-r-- 1 travis travis    2256 Aug  6 14:58 javahtml.awk
drwxrwxr-x 3 travis travis    4096 Aug  6 14:58 jsdoc
-rw-rw-r-- 1 travis travis     364 Aug  6 14:58 limitations.htm
-rw-rw-r-- 1 travis travis     274 Aug  6 14:58 mainheader.htm
-rw-rw-r-- 1 travis travis   10761 Aug  6 14:58 main.htm
-rw-rw-r-- 1 travis travis   10265 Aug  6 14:58 mainVergil.htm
-rw-rw-r-- 1 travis travis    9185 Aug  6 14:58 mainVergilPtiny.htm
-rw-rw-r-- 1 travis travis    9214 Aug  6 14:58 mainVergilPtinyKepler.htm
-rw-rw-r-- 1 travis travis   51433 Aug  6 15:04 makefile
-rwxrwxr-x 1 travis travis    3807 Aug  6 14:58 mkDomains
-rw-rw-r-- 1 travis travis    1219 Aug  6 14:58 openInstanceHelp.htm
drwxrwxr-x 5 travis travis    4096 Aug  6 15:02 papers
-rw-rw-r-- 1 travis travis   79497 Aug  6 14:58 ptIIfaq.htm
-rwxrwxr-x 1 travis travis    2197 Aug  6 14:58 ptinyBcvtb.awk
-rwxrwxr-x 1 travis travis    2283 Aug  6 14:58 ptinyKepler.awk
-rw-rw-r-- 1 travis travis     354 Aug  6 14:58 README.txt
-rw-rw-r-- 1 travis travis     835 Aug  6 14:58 release.htm
-rwxrwxr-x 1 travis travis    1197 Aug  6 14:58 removeasd
-rw-rw-r-- 1 travis travis    3333 Aug  6 14:58 sandbox.htm
-rw-rw-r-- 1 travis travis    3253 Aug  6 14:58 spotbugs-exclude.xml
-rw-rw-r-- 1 travis travis     247 Aug  6 14:58 spotbugs-include.xml
drwxrwxr-x 3 travis travis    4096 Aug  6 14:58 test
-rw-rw-r-- 1 travis travis     584 Aug  6 14:58 toc.css
-rw-rw-r-- 1 travis travis    4986 Aug  6 14:58 toc.htm
drwxrwxr-x 5 travis travis    4096 Aug  6 15:01 tutorial
-rw-rw-r-- 1 travis travis    3981 Aug  6 14:58 types.htm
drwxrwxr-x 2 travis travis    4096 Aug  6 14:58 ui
ls -l /home/travis/build/icyphy/ptII/adm/installers/test/../../../adm/dists/ptII11.1.devel/doc/codeDoc
ls: cannot access '/home/travis/build/icyphy/ptII/adm/installers/test/../../../adm/dists/ptII11.1.devel/doc/codeDoc': No such file or directory
makefile:2926: recipe for target 'ptII11_1_devel_setup_windows.jar' failed
ls -l /home/travis/build/icyphy/ptII/adm/installers/test/../../../adm/dists/ptII11.1.devel/bin/vergil
make: [ptII11_1_devel_setup_windows.jar] Error 2 (ignored)
lrwxrwxrwx 1 travis travis 8 Aug  6 15:01 /home/travis/build/icyphy/ptII/adm/installers/test/../../../adm/dists/ptII11.1.devel/bin/vergil -> ptinvoke
ls -l ptII11_1_devel_setup_windows.xml
-rw-rw-r-- 1 travis travis 61240 Aug  6 14:58 ptII11_1_devel_setup_windows.xml
rm -rf jre; mkdir jre
(cd jre32; tar -cf - .) | (cd jre; tar -xpf -)
IZPACK_OPTS=-Djava.util.logging.config.file=/home/travis/build/icyphy/ptII/adm/installers/test/../../../adm/gen-11.1/izpackLogging.txt sh "/home/travis/build/icyphy/ptII/adm/installers/test/../../../vendors/izpack/bin/compile" -o ptII11_1_devel_setup_windows.jar ptII11_1_devel_setup_windows.xml

.::  IzPack - Version 5.1.3-SNAPSHOT ::.

< compiler specifications version: 5.0 >

- Copyright (c) 2001-2010 Julien Ponge and others. All Rights Reserved.
- Visit http://izpack.org/ for the latest releases
- Released under the terms of the Apache Software License version 2.0.

-> Processing  : ptII11_1_devel_setup_windows.xml
-> Output      : ptII11_1_devel_setup_windows.jar
-> Base path   : .
-> Kind        : standard
-> Compression : default
-> Compr. level: -1
-> IzPack home : /home/travis/build/icyphy/ptII/vendors/izpack

Aug 06, 2020 3:07:35 PM com.izforge.izpack.compiler.CompilerConfig <init>
INFO: Logging initialized at level 'INFO'
Aug 06, 2020 3:07:36 PM com.izforge.izpack.compiler.CompilerConfig addInfoStrings
INFO: Pack compression method: default
Aug 06, 2020 3:07:36 PM com.izforge.izpack.compiler.listener.CmdlinePackagerListener packagerMsg
INFO: Setting the installer information
Aug 06, 2020 3:07:36 PM com.izforge.izpack.compiler.listener.CmdlinePackagerListener packagerMsg
INFO: Adding content of jar: /home/travis/build/icyphy/ptII/adm/gen-11.1/./izpacksetup.jar
Aug 06, 2020 3:07:36 PM com.izforge.izpack.compiler.CompilerConfig addInfoConditional
INFO: Adding uninstaller
Aug 06, 2020 3:07:36 PM com.izforge.izpack.compiler.listener.CmdlinePackagerListener packagerMsg
INFO: Setting the installer information
Aug 06, 2020 3:07:36 PM com.izforge.izpack.compiler.listener.CmdlinePackagerListener packagerMsg
INFO: Setting the console preferences
Aug 06, 2020 3:07:36 PM com.izforge.izpack.compiler.listener.CmdlinePackagerListener packagerMsg
INFO: Setting the GUI preferences
Aug 06, 2020 3:07:36 PM com.izforge.izpack.compiler.listener.CmdlinePackagerListener packagerMsg
INFO: Adding langpack: eng
Aug 06, 2020 3:07:36 PM com.izforge.izpack.compiler.listener.CmdlinePackagerListener packagerMsg
INFO: Adding resource: flag.eng
Aug 06, 2020 3:07:36 PM com.izforge.izpack.compiler.listener.CmdlinePackagerListener packagerMsg
INFO: Adding resource: userInputLang.xml
Aug 06, 2020 3:07:36 PM com.izforge.izpack.compiler.listener.CmdlinePackagerListener packagerMsg
INFO: Adding resource: CustomLangPack.xml
Aug 06, 2020 3:07:36 PM com.izforge.izpack.compiler.listener.CmdlinePackagerListener packagerMsg
INFO: Adding resource: HTMLInfoPanel.info
Aug 06, 2020 3:07:36 PM com.izforge.izpack.compiler.listener.CmdlinePackagerListener packagerMsg
INFO: Adding resource: HTMLLicencePanel.licence
Aug 06, 2020 3:07:36 PM com.izforge.izpack.compiler.listener.CmdlinePackagerListener packagerMsg
INFO: Adding resource: InfoPanel.info
Aug 06, 2020 3:07:36 PM com.izforge.izpack.compiler.listener.CmdlinePackagerListener packagerMsg
INFO: Adding resource: TargetPanel.dir.windows
Aug 06, 2020 3:07:36 PM com.izforge.izpack.compiler.listener.CmdlinePackagerListener packagerMsg
INFO: Adding resource: Installer.image
Aug 06, 2020 3:07:36 PM com.izforge.izpack.compiler.listener.CmdlinePackagerListener packagerMsg
INFO: Adding resource: InstallerLarger.image
Aug 06, 2020 3:07:36 PM com.izforge.izpack.compiler.listener.CmdlinePackagerListener packagerMsg
INFO: Adding resource: StyleSheet
Aug 06, 2020 3:07:36 PM com.izforge.izpack.compiler.listener.CmdlinePackagerListener packagerMsg
INFO: Adding resource: shortcutSpec.xml
Aug 06, 2020 3:07:36 PM com.izforge.izpack.compiler.listener.CmdlinePackagerListener packagerMsg
INFO: Adding resource: userInputSpec.xml
Aug 06, 2020 3:07:36 PM com.izforge.izpack.compiler.listener.CmdlinePackagerListener packagerMsg
INFO: Adding resource: Installer.image.0
Aug 06, 2020 3:07:36 PM com.izforge.izpack.compiler.listener.CmdlinePackagerListener packagerMsg
INFO: Adding resource: Installer.image.1
Aug 06, 2020 3:07:36 PM com.izforge.izpack.compiler.listener.CmdlinePackagerListener packagerMsg
INFO: Adding resource: Installer.image.2
Aug 06, 2020 3:07:36 PM com.izforge.izpack.compiler.listener.CmdlinePackagerListener packagerMsg
INFO: Adding resource: Installer.image.3
Aug 06, 2020 3:07:36 PM com.izforge.izpack.compiler.listener.CmdlinePackagerListener packagerMsg
INFO: Adding resource: Installer.image.4
Aug 06, 2020 3:07:36 PM com.izforge.izpack.compiler.listener.CmdlinePackagerListener packagerMsg
INFO: Adding resource: Installer.image.5
Aug 06, 2020 3:07:36 PM com.izforge.izpack.compiler.listener.CmdlinePackagerListener packagerMsg
INFO: Adding resource: Installer.image.6
Aug 06, 2020 3:07:36 PM com.izforge.izpack.compiler.listener.CmdlinePackagerListener packagerMsg
INFO: Adding resource: Installer.image.7
Aug 06, 2020 3:07:36 PM com.izforge.izpack.compiler.listener.CmdlinePackagerListener packagerMsg
INFO: Adding resource: Installer.image.8
Aug 06, 2020 3:07:36 PM com.izforge.izpack.compiler.listener.CmdlinePackagerListener packagerMsg
INFO: Adding resource: ProcessPanel.Spec.xml
Aug 06, 2020 3:07:36 PM com.izforge.izpack.compiler.listener.CmdlinePackagerListener packagerMsg
INFO: Adding resource: packsLang.xml
Aug 06, 2020 3:07:36 PM com.izforge.izpack.compiler.listener.CmdlinePackagerListener packagerMsg
INFO: Adding panel: HelloPanel_0 :: Classname : com.izforge.izpack.panels.hello.HelloPanel
Aug 06, 2020 3:07:36 PM com.izforge.izpack.compiler.listener.CmdlinePackagerListener packagerMsg
INFO: Adding panel: HTMLInfoPanel_1 :: Classname : com.izforge.izpack.panels.htmlinfo.HTMLInfoPanel
Aug 06, 2020 3:07:36 PM com.izforge.izpack.compiler.listener.CmdlinePackagerListener packagerMsg
INFO: Adding panel: HTMLLicencePanel_2 :: Classname : com.izforge.izpack.panels.htmllicence.HTMLLicencePanel
Aug 06, 2020 3:07:36 PM com.izforge.izpack.compiler.listener.CmdlinePackagerListener packagerMsg
INFO: Adding panel: TargetPanel_3 :: Classname : com.izforge.izpack.panels.target.TargetPanel
Aug 06, 2020 3:07:36 PM com.izforge.izpack.compiler.listener.CmdlinePackagerListener packagerMsg
INFO: Adding panel: PacksPanel_4 :: Classname : com.izforge.izpack.panels.packs.PacksPanel
Aug 06, 2020 3:07:36 PM com.izforge.izpack.compiler.listener.CmdlinePackagerListener packagerMsg
INFO: Adding panel: SummaryPanel_5 :: Classname : com.izforge.izpack.panels.summary.SummaryPanel
Aug 06, 2020 3:07:36 PM com.izforge.izpack.compiler.listener.CmdlinePackagerListener packagerMsg
INFO: Adding panel: InstallPanel_6 :: Classname : com.izforge.izpack.panels.install.InstallPanel
Aug 06, 2020 3:07:36 PM com.izforge.izpack.compiler.listener.CmdlinePackagerListener packagerMsg
INFO: Adding panel: ShortcutPanel_7 :: Classname : com.izforge.izpack.panels.shortcut.ShortcutPanel
Aug 06, 2020 3:07:36 PM com.izforge.izpack.compiler.listener.CmdlinePackagerListener packagerMsg
INFO: Adding panel: startApplicationPanelCapeCode :: Classname : com.izforge.izpack.panels.userinput.UserInputPanel
Aug 06, 2020 3:07:36 PM com.izforge.izpack.compiler.listener.CmdlinePackagerListener packagerMsg
INFO: Adding panel: startApplicationPanelFull :: Classname : com.izforge.izpack.panels.userinput.UserInputPanel
Aug 06, 2020 3:07:36 PM com.izforge.izpack.compiler.listener.CmdlinePackagerListener packagerMsg
INFO: Adding panel: ProcessPanel_10 :: Classname : com.izforge.izpack.panels.process.ProcessPanel
Aug 06, 2020 3:07:36 PM com.izforge.izpack.compiler.listener.CmdlinePackagerListener packagerMsg
INFO: Adding panel: FinishPanel_11 :: Classname : com.izforge.izpack.panels.finish.FinishPanel
Aug 06, 2020 3:07:42 PM com.izforge.izpack.compiler.CompilerConfig logMarkFileExecutable
INFO: Marked target file executable: ant/bin/ant
Aug 06, 2020 3:07:42 PM com.izforge.izpack.compiler.CompilerConfig logMarkFileExecutable
INFO: Marked target file executable: ant/bin/antRun
Aug 06, 2020 3:07:42 PM com.izforge.izpack.compiler.CompilerConfig logMarkFileExecutable
INFO: Marked target file executable: ant/bin/complete-ant-cmd.pl
Aug 06, 2020 3:07:42 PM com.izforge.izpack.compiler.CompilerConfig logMarkFileExecutable
INFO: Marked target file executable: ant/bin/runant.py
Aug 06, 2020 3:07:42 PM com.izforge.izpack.compiler.CompilerConfig logMarkFileExecutable
INFO: Marked target file executable: ant/bin/runant.pl
Aug 06, 2020 3:07:42 PM com.izforge.izpack.compiler.CompilerConfig logMarkFileExecutable
INFO: Marked target file executable: ant/bin/antRun.pl
Aug 06, 2020 3:07:43 PM com.izforge.izpack.compiler.CompilerConfig logMarkFileExecutable
INFO: Marked target file executable: bin/comm.policy.in
Aug 06, 2020 3:07:43 PM com.izforge.izpack.compiler.CompilerConfig logMarkFileExecutable
INFO: Marked target file executable: bin/ptweb
Aug 06, 2020 3:07:43 PM com.izforge.izpack.compiler.CompilerConfig logMarkFileExecutable
INFO: Marked target file executable: bin/vergil
Aug 06, 2020 3:07:43 PM com.izforge.izpack.compiler.CompilerConfig logMarkFileExecutable
INFO: Marked target file executable: bin/sandbox.policy
Aug 06, 2020 3:07:43 PM com.izforge.izpack.compiler.CompilerConfig logMarkFileExecutable
INFO: Marked target file executable: bin/capecode
Aug 06, 2020 3:07:43 PM com.izforge.izpack.compiler.CompilerConfig logMarkFileExecutable
INFO: Marked target file executable: bin/IncrementalFMU_wrap.dll
Aug 06, 2020 3:07:43 PM com.izforge.izpack.compiler.CompilerConfig logMarkFileExecutable
INFO: Marked target file executable: bin/ptcodegen
Aug 06, 2020 3:07:43 PM com.izforge.izpack.compiler.CompilerConfig logMarkFileExecutable
INFO: Marked target file executable: bin/mkpttest
Aug 06, 2020 3:07:43 PM com.izforge.izpack.compiler.CompilerConfig logMarkFileExecutable
INFO: Marked target file executable: bin/makeapp
Aug 06, 2020 3:07:43 PM com.izforge.izpack.compiler.CompilerConfig logMarkFileExecutable
INFO: Marked target file executable: bin/npm
Aug 06, 2020 3:07:43 PM com.izforge.izpack.compiler.CompilerConfig logMarkFileExecutable
INFO: Marked target file executable: bin/ptinvoke.in
Aug 06, 2020 3:07:43 PM com.izforge.izpack.compiler.CompilerConfig logMarkFileExecutable
INFO: Marked target file executable: bin/comm.policy
Aug 06, 2020 3:07:43 PM com.izforge.izpack.compiler.CompilerConfig logMarkFileExecutable
INFO: Marked target file executable: bin/mkosgi
Aug 06, 2020 3:07:43 PM com.izforge.izpack.compiler.CompilerConfig logMarkFileExecutable
INFO: Marked target file executable: bin/updateFmu
Aug 06, 2020 3:07:43 PM com.izforge.izpack.compiler.CompilerConfig logMarkFileExecutable
INFO: Marked target file executable: bin/node
Aug 06, 2020 3:07:43 PM com.izforge.izpack.compiler.CompilerConfig logMarkFileExecutable
INFO: Marked target file executable: bin/reloadAllAccessors
Aug 06, 2020 3:07:43 PM com.izforge.izpack.compiler.CompilerConfig logMarkFileExecutable
INFO: Marked target file executable: bin/ant
Aug 06, 2020 3:07:43 PM com.izforge.izpack.compiler.CompilerConfig logMarkFileExecutable
INFO: Marked target file executable: bin/hyvisual
Aug 06, 2020 3:07:43 PM com.izforge.izpack.compiler.CompilerConfig logMarkFileExecutable
INFO: Marked target file executable: bin/cyphysim
Aug 06, 2020 3:07:43 PM com.izforge.izpack.compiler.CompilerConfig logMarkFileExecutable
INFO: Marked target file executable: bin/ptinvoke
Aug 06, 2020 3:07:43 PM com.izforge.izpack.compiler.CompilerConfig logMarkFileExecutable
INFO: Marked target file executable: bin/mkptdemo
Aug 06, 2020 3:07:43 PM com.izforge.izpack.compiler.CompilerConfig logMarkFileExecutable
INFO: Marked target file executable: bin/viptos
Aug 06, 2020 3:07:43 PM com.izforge.izpack.compiler.CompilerConfig logMarkFileExecutable
INFO: Marked target file executable: bin/mkl4j
Aug 06, 2020 3:07:43 PM com.izforge.izpack.compiler.CompilerConfig logMarkFileExecutable
INFO: Marked target file executable: bin/ptcygpath
Aug 06, 2020 3:07:43 PM com.izforge.izpack.compiler.CompilerConfig logMarkFileExecutable
INFO: Marked target file executable: bin/ptweb.bat
Aug 06, 2020 3:07:43 PM com.izforge.izpack.compiler.CompilerConfig logMarkFileExecutable
INFO: Marked target file executable: bin/policy.all
Aug 06, 2020 3:07:43 PM com.izforge.izpack.compiler.CompilerConfig logMarkFileExecutable
INFO: Marked target file executable: bin/libfmipp.dll
Aug 06, 2020 3:07:43 PM com.izforge.izpack.compiler.CompilerConfig logMarkFileExecutable
INFO: Marked target file executable: bin/ptcodegen.bat
Aug 06, 2020 3:07:43 PM com.izforge.izpack.compiler.CompilerConfig logMarkFileExecutable
INFO: Marked target file executable: bin/ptjunit
Aug 06, 2020 3:07:43 PM com.izforge.izpack.compiler.CompilerConfig logMarkFileExecutable
INFO: Marked target file executable: bin/convertToLazy.bat
Aug 06, 2020 3:07:43 PM com.izforge.izpack.compiler.CompilerConfig logMarkFileExecutable
INFO: Marked target file executable: bin/macContents
Aug 06, 2020 3:07:43 PM com.izforge.izpack.compiler.CompilerConfig logMarkFileExecutable
INFO: Marked target file executable: bin/mkptlivelinkdemo
Aug 06, 2020 3:07:43 PM com.izforge.izpack.compiler.CompilerConfig logMarkFileExecutable
INFO: Marked target file executable: bin/startjini
Aug 06, 2020 3:07:43 PM com.izforge.izpack.compiler.CompilerConfig logMarkFileExecutable
INFO: Marked target file executable: bin/mkjnlp
Aug 06, 2020 3:07:43 PM com.izforge.izpack.compiler.CompilerConfig logMarkFileExecutable
INFO: Marked target file executable: bin/capecode.bat
Aug 06, 2020 3:07:43 PM com.izforge.izpack.compiler.CompilerConfig logMarkFileExecutable
INFO: Marked target file executable: bin/makefile
Aug 06, 2020 3:07:43 PM com.izforge.izpack.compiler.CompilerConfig logAddingPack
INFO: Adding pack Full containing 3968 files
-> Fatal error :
   Source file ../dists/ptII11.1.devel/doc/codeDoc (/home/travis/build/icyphy/ptII/adm/gen-11.1/./../dists/ptII11.1.devel/doc/codeDoc) not found
com.izforge.izpack.api.exception.CompilerException: Source file ../dists/ptII11.1.devel/doc/codeDoc (/home/travis/build/icyphy/ptII/adm/gen-11.1/./../dists/ptII11.1.devel/doc/codeDoc) not found
	at com.izforge.izpack.compiler.CompilerConfig.processFileChildren(CompilerConfig.java:1222)
	at com.izforge.izpack.compiler.CompilerConfig.addPacksSingle(CompilerConfig.java:872)
	at com.izforge.izpack.compiler.CompilerConfig.addPacks(CompilerConfig.java:769)
	at com.izforge.izpack.compiler.CompilerConfig.executeCompiler(CompilerConfig.java:359)
	at com.izforge.izpack.compiler.bootstrap.CompilerLauncher.main(CompilerLauncher.java:55)
Caused by: java.io.FileNotFoundException: Source file ../dists/ptII11.1.devel/doc/codeDoc (/home/travis/build/icyphy/ptII/adm/gen-11.1/./../dists/ptII11.1.devel/doc/codeDoc) not found
	at com.izforge.izpack.compiler.CompilerConfig.processFileChildren(CompilerConfig.java:1152)
	... 4 more

(tip : use -? to get the commmand line parameters)
makefile:2926: recipe for target 'ptII11_1_devel_setup_windows.jar' failed
make: Leaving directory '/home/travis/build/icyphy/ptII/adm/gen-11.1'
All Done
make: *** [ptII11_1_devel_setup_windows.jar] Error 1
nightly-1.5: /home/travis/build/icyphy/ptII/adm/installers/test/../../../adm/gen-11.1/ptII11_1_devel_setup_windows.exe


==== $PTII/adm/installers/test/installers.tcl: installers-1.5 setup
==== Contents of test case:

    set filename $gendir/$ptsetup.exe
    file delete -force $filename
    set r0  [file exists $filename]

    set matches [nightlyMake setup]

    puts "nightly-1.5: $filename"
    list $r0 $matches [file exists $filename]

==== Result was:
0 {{Last subprocess returned non-zero: 2} {}} 0
---- Result should have been:
0 {} 1
---- installers-1.5 FAILED
08/06/20 03:07:43
Failed: 1  Total Tests: 5  ((Passed: 4, Newly Passed: 0)  Known Failed: 0) /home/travis/build/icyphy/ptII/adm/installers/test
No auto/knownFailedTests/*.xml tests in /home/travis/build/icyphy/ptII/adm/installers/test
No auto/linux-amd64/*.xml tests in /home/travis/build/icyphy/ptII/adm/installers/test
AutoTests.java: About to close Vertx.
AutoTests.java: Vertx closed.
No auto/*.xml tests in /home/travis/build/icyphy/ptII/adm/installers/test
AutoTests.java: About to close Vertx.
AutoTests.java: Vertx closed.
]]></system-out>
  <system-err><![CDATA[]]></system-err>
</testsuite>
