<?xml version="1.0" encoding="UTF-8" ?>
<testsuite errors="0" failures="0" hostname="travis-job-f3cbdc30-c77d-4f82-937e-50672063002d" name="ptolemy.cg.lib.test.junit.JUnitTclTest" skipped="0" tests="37" time="110.217" timestamp="2018-07-08T01:40:34">
  <properties>
    <property name="npm.executable" value="npm" />
    <property name="file.encoding.pkg" value="sun.io" />
    <property name="ptII.mk.exists" value="true" />
    <property name="env.rvm_bin_path" value="/home/travis/.rvm/bin" />
    <property name="java.home" value="/usr/lib/jvm/java-8-oracle/jre" />
    <property name="env.TRAVIS_JOB_NUMBER" value="645.10" />
    <property name="env.DISPLAY" value=":99.0" />
    <property name="java.net.preferIPv4Stack" value="true" />
    <property name="env.TRAVIS_INIT" value="upstart" />
    <property name="env.SSH_TTY" value="/dev/pts/0" />
    <property name="env.RUN_TESTS" value="false" />
    <property name="timeout.short" value="1000000" />
    <property name="env.TRAVIS_STACK_NODE_ATTRIBUTES" value="/.node-attributes.yml" />
    <property name="junit.formatter" value="xml" />
    <property name="java.endorsed.dirs" value="/usr/lib/jvm/java-8-oracle/jre/lib/endorsed" />
    <property name="env.TRAVIS_SUDO" value="true" />
    <property name="env.LOGNAME" value="travis" />
    <property name="jsdoc.home" value="node_modules/@terraswarm/jsdoc" />
    <property name="debuglevel" value="source,lines,vars" />
    <property name="checkstyle.formatter" value="xml" />
    <property name="bin.vergil.makeable" value="true" />
    <property name="env._system_version" value="14.04" />
    <property name="sun.os.patch.level" value="unknown" />
    <property name="java.vendor.url" value="http://java.oracle.com/" />
    <property name="java.version" value="1.8.0_151" />
    <property name="env.TZ" value="UTC" />
    <property name="env.PT_NO_NET" value="true" />
    <property name="env.TRAVIS_PULL_REQUEST_SHA" value="" />
    <property name="env.TRAVIS_SECURE_ENV_VARS" value="true" />
    <property name="env._system_type" value="Linux" />
    <property name="java.vendor.url.bug" value="http://bugreport.sun.com/bugreport/" />
    <property name="env.SSH_CLIENT" value="10.10.16.2 59542 22" />
    <property name="npmjs-org-is-up" value="true" />
    <property name="env.GEM_HOME" value="/home/travis/.rvm/gems/ruby-2.4.1" />
    <property name="env.HAS_ANTARES_THREE_LITTLE_FRONZIES_BADGE" value="true" />
    <property name="env.PS4" value="+" />
    <property name="ant.project.invoked-targets" value="build,test.core3.xml" />
    <property name="env.TRAVIS_PULL_REQUEST_BRANCH" value="" />
    <property name="env.TRAVIS_REPO_SLUG" value="icyphy/ptII" />
    <property name="node.in.path" value="true" />
    <property name="java.maxmemory" value="1400m" />
    <property name="env.RUBY_VERSION" value="ruby-2.4.1" />
    <property name="user.name" value="travis" />
    <property name="env.LANG" value="en_US.UTF-8" />
    <property name="sun.io.unicode.encoding" value="UnicodeLittle" />
    <property name="sun.jnu.encoding" value="UTF-8" />
    <property name="java.runtime.name" value="Java(TM) SE Runtime Environment" />
    <property name="usefile" value="false" />
    <property name="return.code" value="0" />
    <property name="junit.single.formatter" value="plain" />
    <property name="env.DYLD_LIBRARY_PATH" value="/home/travis/pthla/certi-tools/lib:" />
    <property name="env.DEBIAN_FRONTEND" value="noninteractive" />
    <property name="env.SSH_CONNECTION" value="10.10.16.2 59542 10.20.0.28 22" />
    <property name="env.MYSQL_UNIX_PORT" value="/var/run/mysqld/mysqld.sock" />
    <property name="env.TRAVIS_ALLOW_FAILURE" value="false" />
    <property name="env.LC_ALL" value="en_US.UTF-8" />
    <property name="java.specification.name" value="Java Platform API Specification" />
    <property name="node.works" value="true" />
    <property name="user.timezone" value="" />
    <property name="path.separator" value=":" />
    <property name="env.PYTHON_CFLAGS" value="-g -fstack-protector --param=ssp-buffer-size=4 -Wformat -Werror=format-security" />
    <property name="timeout.long" value="4000000" />
    <property name="env.CERTI_HOME" value="/home/travis/pthla/certi-tools" />
    <property name="file.encoding" value="UTF-8" />
    <property name="ant.file.ptII" value="/home/travis/build/icyphy/ptII/build.xml" />
    <property name="javadoc.packagenames" value="com.*,diva.*,lbnl.*,org.hlacerti.*,org.json.*,org.ptolemy.*,org.terraswarm.*,ptolemy.*,ptserver.*" />
    <property name="env.TRAVIS_PULL_REQUEST_SLUG" value="" />
    <property name="ant.project.default-target" value="build" />
    <property name="env.GIT_ASKPASS" value="echo" />
    <property name="env.HOME" value="/home/travis" />
    <property name="sun.java.command" value="org.apache.tools.ant.taskdefs.optional.junit.JUnitTestRunner ptolemy.cg.lib.test.junit.JUnitTclTest skipNonTests=false filtertrace=true haltOnError=false haltOnFailure=false formatter=org.apache.tools.ant.taskdefs.optional.junit.OutErrSummaryJUnitResultFormatter showoutput=true outputtoformatters=true logfailedtests=true threadid=0 logtestlistenerevents=false formatter=org.apache.tools.ant.taskdefs.optional.junit.XMLJUnitResultFormatter,/home/travis/build/icyphy/ptII/reports/junit/TEST-ptolemy.cg.lib.test.junit.JUnitTclTest.xml crashfile=/home/travis/build/icyphy/ptII/junitvmwatcher1043196494455233756.properties propsfile=/home/travis/build/icyphy/ptII/junit2139730789807032104.properties" />
    <property name="env.MANPATH" value="/home/travis/.nvm/versions/node/v7.10.1/share/man:/home/travis/.kiex/elixirs/elixir-1.4.5/man:/home/travis/.rvm/rubies/ruby-2.4.1/share/man:/usr/local/man:/usr/local/cmake-3.9.2/man:/usr/local/clang-5.0.0/share/man:/usr/local/share/man:/usr/share/man:/home/travis/.rvm/man" />
    <property name="env.COMPOSER_NO_INTERACTION" value="1" />
    <property name="env.JDK_SWITCHER_DEFAULT" value="oraclejdk8" />
    <property name="ant.file" value="/home/travis/build/icyphy/ptII/build.xml" />
    <property name="env.TRAVIS_COMMIT_RANGE" value="ccc6dcdeb986a88bd7adfc64f07cce96eb7c62d4...def9f10e04089c14f8ba284dbed157d0d1f7f1a8" />
    <property name="env._system_name" value="Ubuntu" />
    <property name="timeout" value="2400000" />
    <property name="ptII.classpath.optional.property" value="/home/travis/build/icyphy/ptII/lib/bsh-2.0b4.jar:/home/travis/build/icyphy/ptII/lib/ptCal.jar:/home/travis/build/icyphy/ptII/lib/java_cup.jar:/home/travis/build/icyphy/ptII/lib/saxon8.jar:/home/travis/build/icyphy/ptII/lib/saxon8-dom.jar:/home/travis/build/icyphy/ptII/lib/chic.jar:/home/travis/build/icyphy/ptII/lib/ptcolt.jar:/usr/lib/jvm/java-8-oracle/lib/tools.jar:/usr/lib/eclipse/plugins/org.eclipse.jdt.core_3.8.2.dist.jar:/usr/lib/eclipse/plugins/org.eclipse.core.runtime_3.8.0.dist.jar:/usr/lib/eclipse/plugins/org.eclipse.osgi_3.8.1.dist.jar:/usr/lib/eclipse/plugins/org.eclipse.core.resources_3.8.1.dist.jar:/usr/lib/eclipse/plugins/org.eclipse.equinox.common_3.6.100.dist.jar:/usr/lib/eclipse/plugins/org.eclipse.core.jobs_3.5.200.dist.jar:/usr/lib/eclipse/plugins/org.eclipse.core.contenttype_3.4.200.dist.jar:/usr/lib/eclipse/plugins/org.eclipse.equinox.preferences_3.5.0.dist.jar:/usr/lib/eclipse/plugins/org.eclipse.text_3.5.200.dist.jar:/usr/lib/eclipse/plugins/org.eclipse.ui.workbench_3.8.1.dist.jar:/usr/lib/eclipse/plugins/org.eclipse.jface_3.8.0.dist.jar:/usr/lib/eclipse/plugins/org.eclipse.swt_3.8.2.jar:/usr/lib/eclipse/plugins/org.eclipse.jface.text_3.8.1.dist.jar:/usr/lib/eclipse/plugins/org.eclipse.ui.workbench.texteditor_3.8.0.dist.jar:/usr/lib/eclipse/plugins/org.eclipse.ui.editors_3.8.0.dist.jar:/usr/lib/eclipse/plugins/org.eclipse.core.commands_3.6.1.dist.jar:/usr/lib/eclipse/plugins/org.eclipse.equinox.registry_3.5.200.dist.jar:/usr/lib/eclipse/plugins/org.eclipse.ui.console_3.5.100.dist.jar:/usr/lib/eclipse/plugins/org.eclipse.ui.forms_3.5.200.dist.jar:/usr/lib/eclipse/plugins/org.eclipse.ui.ide_3.8.1.dist.jar:/home/travis/build/icyphy/ptII/vendors/oracle/dbxml.jar:/home/travis/build/icyphy/ptII/vendors/oracle/db.jar:/home/travis/build/icyphy/ptII/vendors/misc/itext/iText.jar:/home/travis/build/icyphy/ptII/lib/g4ltl.jar:/home/travis/build/icyphy/ptII/lib/StructuralCoder.jar:/home/travis/build/icyphy/ptII/lib/org-openide-util.jar:/home/travis/build/icyphy/ptII/lib/org-openide-util-lookup.jar:/home/travis/build/icyphy/ptII/lib/org-netbeans-api-visual.jar:/home/travis/build/icyphy/ptII/vendors/jai-1_1_2_01/lib/jai_core.jar:/home/travis/build/icyphy/ptII/vendors/jai-1_1_2_01/lib/jai_codec.jar:/home/travis/build/icyphy/ptII/lib/jcerti.jar:/home/travis/build/icyphy/ptII/lib/smack.jar:/home/travis/build/icyphy/ptII/lib/smackx.jar:/home/travis/build/icyphy/ptII/lib/jetty-all-8.1.5-v20120716.jar:/home/travis/build/icyphy/ptII/lib/javax.servlet-api-3.0.1.jar:/home/travis/build/icyphy/ptII/lib/javax.mail.jar:/home/travis/build/icyphy/ptII/vendors/JMF-2.1.1e/lib/jmf.jar:/home/travis/build/icyphy/ptII/lib/jna-4.0.0-variadic.jar:/home/travis/build/icyphy/ptII/vendors/misc/joystick/Joystick.jar:/home/travis/build/icyphy/ptII/lib/ptjacl.jar:/home/travis/build/icyphy/ptII/lib/jsoup-1.8.2.jar:/home/travis/build/icyphy/ptII/lib/junit-4.8.2.jar:/home/travis/build/icyphy/ptII/lib/JUnitParams-0.4.0.jar:/home/travis/build/icyphy/ptII/ptolemy/actor/lib/excel/jxl.jar:/home/travis/build/icyphy/ptII/lib/jython.jar:/home/travis/build/icyphy/ptII/lib/kieler.jar:/home/travis/build/icyphy/ptII/vendors/opencv/share/OpenCV/java/opencv-341.jar:/home/travis/build/icyphy/ptII/lib/oscP5.jar:/home/travis/build/icyphy/ptII/lib/nrjavaserial-3.11.0.devel.jar:/home/travis/build/icyphy/ptII/vendors/j3d/lib/j3dcore.jar:/home/travis/build/icyphy/ptII/vendors/j3d/lib/j3dutils.jar:/home/travis/build/icyphy/ptII/vendors/j3d/lib/vecmath.jar:/home/travis/build/icyphy/ptII/ptolemy/distributed/jini/jar/jini-core.jar:/home/travis/build/icyphy/ptII/ptolemy/distributed/jini/jar/jini-ext.jar:/home/travis/build/icyphy/ptII/ptolemy/distributed/jini/jar/sun-util.jar:/home/travis/build/icyphy/ptII/lib/protobuf-java-2.4.1.jar:/home/travis/build/icyphy/ptII/lib/org.eclipse.paho.client.mqttv3.jar:/home/travis/build/icyphy/ptII/ptserver/lib/hessian-4.0.7.jar:/home/travis/build/icyphy/ptII/ptserver/lib/wmqtt.jar:/home/travis/build/icyphy/ptII/lib/mapss.jar:/home/travis/build/icyphy/ptII/ptolemy/actor/ptalon/antlr/antlr.jar:/home/travis/build/icyphy/ptII/lib/JRI.jar:/home/travis/build/icyphy/ptII/lib/commons-lang-2.6.jar:/home/travis/build/icyphy/ptII/lib/commons-logging-1.1.1.jar:/home/travis/build/icyphy/ptII/lib/sootclasses.jar:/home/travis/build/icyphy/ptII/ptolemy/actor/lib/database/mysql-connector-java-5.1.6-bin.jar:/home/travis/build/icyphy/ptII/vendors/misc/sphinx4/sphinx4-data-5prealpha.jar:/home/travis/build/icyphy/ptII/vendors/misc/sphinx4/sphinx4-core-5prealpha.jar:/home/travis/build/icyphy/ptII/lib/PDFRenderer.jar:/home/travis/build/icyphy/ptII/lib/svgSalamander.jar:/home/travis/build/icyphy/ptII/lib/rsyntaxtextarea-2.6.0-SNAPSHOT.jar:/home/travis/build/icyphy/ptII/lib/hazelcast-3.8.2.jar:/home/travis/build/icyphy/ptII/lib/jackson-annotations-2.9.0.jar:/home/travis/build/icyphy/ptII/lib/jackson-core-2.9.3.jar:/home/travis/build/icyphy/ptII/lib/jackson-databind-2.9.3.jar:/home/travis/build/icyphy/ptII/lib/netty-buffer-4.1.19.Final.jar:/home/travis/build/icyphy/ptII/lib/netty-codec-4.1.19.Final.jar:/home/travis/build/icyphy/ptII/lib/netty-codec-dns-4.1.19.Final.jar:/home/travis/build/icyphy/ptII/lib/netty-codec-http-4.1.19.Final.jar:/home/travis/build/icyphy/ptII/lib/netty-codec-http2-4.1.19.Final.jar:/home/travis/build/icyphy/ptII/lib/netty-common-4.1.19.Final.jar:/home/travis/build/icyphy/ptII/lib/netty-handler-4.1.19.Final.jar:/home/travis/build/icyphy/ptII/lib/netty-resolver-4.1.19.Final.jar:/home/travis/build/icyphy/ptII/lib/netty-resolver-dns-4.1.19.Final.jar:/home/travis/build/icyphy/ptII/lib/netty-transport-4.1.19.Final.jar:/home/travis/build/icyphy/ptII/lib/vertx-codegen-3.5.1.jar:/home/travis/build/icyphy/ptII/lib/vertx-core-3.5.2-SNAPSHOT.jar:/home/travis/build/icyphy/ptII/lib/vertx-hazelcast-3.5.1.jar:/home/travis/build/icyphy/ptII/lib/vertx-lang-js-3.5.1.jar:/home/travis/build/icyphy/ptII/lib/vertx-service-proxy-3.5.1.jar:/home/travis/build/icyphy/ptII/lib/vertx-web-3.5.1.jar:/home/travis/build/icyphy/ptII/lib/slf4j-api-1.7.13.jar:/home/travis/build/icyphy/ptII/lib/slf4j-simple-1.7.13.jar:/home/travis/build/icyphy/ptII/lib/webcam-capture-0.3.12.jar:/home/travis/build/icyphy/ptII/lib/bridj-0.7.0.jar:/home/travis/build/icyphy/ptII/lib/xbjlib-1.1.0.nrjavaserial.jar" />
    <property name="test.batch" value="**/junit/*.java" />
    <property name="env._" value="/usr/bin/timeout" />
    <property name="java.io.tmpdir" value="/tmp" />
    <property name="user.language" value="en" />
    <property name="env.HISTCONTROL" value="ignoredups:ignorespace" />
    <property name="env.GOROOT" value="/home/travis/.gimme/versions/go1.7.4.linux.amd64" />
    <property name="line.separator" value="&#xa;" />
    <property name="target" value="1.8" />
    <property name="env.TRAVIS_BUILD_DIR" value="/home/travis/build/icyphy/ptII" />
    <property name="env.ANT_OPTS" value="-Xmx2048m" />
    <property name="ant.file.type" value="file" />
    <property name="ptolemy.ptII.batchMode" value="true" />
    <property name="env.HISTSIZE" value="1000" />
    <property name="env.MERB_ENV" value="test" />
    <property name="java.vm.info" value="mixed mode" />
    <property name="source" value="1.8" />
    <property name="java.vm.specification.name" value="Java Virtual Machine Specification" />
    <property name="env.TRAVIS_TEST_RESULT" value="0" />
    <property name="jsdoc.command" value="node_modules/@terraswarm/jsdoc/jsdoc.js" />
    <property name="npm.works" value="true" />
    <property name="cobertura.dir" value="/home/travis/build/icyphy/ptII/vendors/cobertura-2.0.3" />
    <property name="env.rvm_path" value="/home/travis/.rvm" />
    <property name="env.GEM_PATH" value="/home/travis/.rvm/gems/ruby-2.4.1:/home/travis/.rvm/gems/ruby-2.4.1@global" />
    <property name="env.LC_CTYPE" value="en_US.UTF-8" />
    <property name="java.awt.printerjob" value="sun.print.PSPrinterJob" />
    <property name="env.TRAVIS_STACK_NAME" value="garnet" />
    <property name="ant.version" value="Apache Ant(TM) version 1.10.1 compiled on February 2 2017" />
    <property name="ptII.reports" value="/home/travis/build/icyphy/ptII/reports" />
    <property name="env.TRAVIS_STACK_TIMESTAMP" value="2017-12-05 19:33:09 UTC" />
    <property name="ant.file.type.ptII" value="file" />
    <property name="env.PT_TRAVIS_TEST_CORE3_XML" value="true" />
    <property name="env.RBENV_SHELL" value="bash" />
    <property name="os.name" value="Linux" />
    <property name="java.specification.vendor" value="Oracle Corporation" />
    <property name="env.rvm_version" value="1.29.3 (latest)" />
    <property name="env.TERM" value="xterm" />
    <property name="java.vm.name" value="Java HotSpot(TM) 64-Bit Server VM" />
    <property name="env.TRAVIS_BUILD_NUMBER" value="645" />
    <property name="env.CI" value="true" />
    <property name="java.library.path" value="/home/travis/pthla/certi-tools/lib:/usr/lib/jni:/usr/local/share/OpenCV/java/:/usr/share/OpenCV/java::/usr/java/packages/lib/amd64:/usr/lib64:/lib64:/lib:/usr/lib" />
    <property name="env.rvm_prefix" value="/home/travis" />
    <property name="env.PATH" value="/home/travis/pthla/certi-tools/share/scripts:/home/travis/.rvm/gems/ruby-2.4.1/bin:/home/travis/.rvm/gems/ruby-2.4.1@global/bin:/home/travis/.rvm/rubies/ruby-2.4.1/bin:/home/travis/.rvm/bin:/home/travis/.nvm/versions/node/v7.10.1/bin:./node_modules/.bin:/home/travis/build/icyphy/ptII/bin:/home/travis/pthla/certi-tools/bin:/home/travis/bin:/home/travis/.local/bin:/opt/pyenv/shims:/home/travis/.phpenv/shims:/home/travis/perl5/perlbrew/bin:/home/travis/.kiex/elixirs/elixir-1.4.5/bin:/home/travis/.kiex/bin:/home/travis/gopath/bin:/home/travis/.gimme/versions/go1.7.4.linux.amd64/bin:/usr/local/phantomjs/bin:/usr/local/phantomjs:/usr/local/neo4j-3.2.7/bin:/usr/local/maven-3.5.2/bin:/usr/local/cmake-3.9.2/bin:/usr/local/clang-5.0.0/bin:/usr/local/sbin:/usr/local/bin:/usr/sbin:/usr/bin:/sbin:/bin:/home/travis/.phpenv/bin:/opt/pyenv/bin:/home/travis/.yarn/bin" />
    <property name="env.TRAVIS_OS_NAME" value="linux" />
    <property name="ant.java.version" value="1.8" />
    <property name="basedir" value="/home/travis/build/icyphy/ptII" />
    <property name="java.class.version" value="52.0" />
    <property name="env.SHLVL" value="3" />
    <property name="env.LD_LIBRARY_PATH" value="/home/travis/pthla/certi-tools/lib:/usr/lib/jni:/usr/local/share/OpenCV/java/:/usr/share/OpenCV/java:" />
    <property name="env.RACK_ENV" value="test" />
    <property name="ant.home" value="/home/travis/build/icyphy/ptII/ant" />
    <property name="env.NVM_DIR" value="/home/travis/.nvm" />
    <property name="env.PERLBREW_BASHRC_VERSION" value="0.80" />
    <property name="env.CERTI_FOM_PATH" value="/home/travis/pthla/certi-tools/share/federations" />
    <property name="env.TRAVIS_BUILD_ID" value="401339087" />
    <property name="env.PYENV_ROOT" value="/opt/pyenv" />
    <property name="env.TRAVIS_UID" value="2000" />
    <property name="env.rvm_pretty_print_flag" value="auto" />
    <property name="env.NVM_BIN" value="/home/travis/.nvm/versions/node/v7.10.1/bin" />
    <property name="env.TRAVIS_COMMIT" value="def9f10e04089c14f8ba284dbed157d0d1f7f1a8" />
    <property name="env._system_arch" value="x86_64" />
    <property name="node.executable" value="node" />
    <property name="sun.boot.library.path" value="/usr/lib/jvm/java-8-oracle/jre/lib/amd64" />
    <property name="sun.management.compiler" value="HotSpot 64-Bit Tiered Compilers" />
    <property name="env.GOPATH" value="/home/travis/gopath" />
    <property name="java.awt.graphicsenv" value="sun.awt.X11GraphicsEnvironment" />
    <property name="ptolemy.ptII.dir" value="/home/travis/build/icyphy/ptII" />
    <property name="env.USER" value="travis" />
    <property name="env.HISTFILESIZE" value="2000" />
    <property name="timeout.longest" value="19000000" />
    <property name="env.TRAVIS_STACK_FEATURES" value="basic cassandra chromium couchdb disabled-ipv6 docker docker-compose elasticsearch firefox go-toolchain google-chrome jdk memcached mongodb mysql neo4j nodejs_interpreter perl_interpreter perlbrew phantomjs postgresql python_interpreter rabbitmq redis riak ruby_interpreter sqlite xserver" />
    <property name="env.TRAVIS_PULL_REQUEST" value="false" />
    <property name="env.PYENV_SHELL" value="bash" />
    <property name="ant.project.name" value="ptII" />
    <property name="java.vm.specification.version" value="1.8" />
    <property name="env.TRAVIS_DIST" value="trusty" />
    <property name="env.CERTI_VERSION" value="4.0.0" />
    <property name="env.NLSPATH" value="/usr/dt/lib/nls/msg/%L/%N.cat" />
    <property name="awt.toolkit" value="sun.awt.X11.XToolkit" />
    <property name="env.CERTI_HOST" value="localhost" />
    <property name="env.MY_RUBY_HOME" value="/home/travis/.rvm/rubies/ruby-2.4.1" />
    <property name="sun.cpu.isalist" value="" />
    <property name="java.ext.dirs" value="/usr/lib/jvm/java-8-oracle/jre/lib/ext:/usr/java/packages/lib/ext" />
    <property name="os.version" value="4.4.0-101-generic" />
    <property name="user.home" value="/home/travis" />
    <property name="env.MIX_ARCHIVES" value="/home/travis/.kiex/mix/elixir-1.4.5" />
    <property name="java.vm.vendor" value="Oracle Corporation" />
    <property name="env.TRAVIS_TAG" value="nightly" />
    <property name="env.TRAVIS_FILTERED" value="redirect_io" />
    <property name="env.JAVA_HOME" value="/usr/lib/jvm/java-8-oracle" />
    <property name="env.PTII" value="/home/travis/build/icyphy/ptII" />
    <property name="javadoc.excludepackagenames" value="adm.cvs2svn.*,build.*,config.*,doc.coding.templates.*,jni.test.jni.meaningOfLife.*,jni.test.jni.testDeux.*,jni.test.jni.testTrois.*,org.terraswarm.accessor.accessors.web.node_modules.*,org.terraswarm.accessor.accessors.web.hosts.cordova.demo.*,org.terraswarm.accessor.accessors.web.hosts.cordova.plugins.*,org.terraswarm.accessor.accessors-svn.*,pt-modules.*,ptolemy.apps.agilent.*,ptolemy.apps.anytimecontrol.*,ptolemy.apps.apes.*,ptolemy.apps.charon.*,ptolemy.apps.crazyboard.*,ptolemy.apps.eclipse.*,ptolemy.apps.etherealSting.*,ptolemy.apps.fullscreen.*,ptolemy.apps.giotto.*,ptolemy.apps.ia.*,ptolemy.apps.interfaces.*,ptolemy.apps.jmf.*,ptolemy.apps.kurt.*,ptolemy.apps.kvm.*,ptolemy.apps.lego.*,ptolemy.apps.lejos.*,ptolemy.apps.midp.*,ptolemy.apps.mobileCoding.*,ptolemy.apps.pendulum.*,ptolemy.apps.rijndael.*,ptolemy.apps.robot.*,ptolemy.apps.security.*,ptolemy.apps.sobel.*,ptolemy.apps.soot.*,ptolemy.apps.throttle.*,ptolemy.apps.tini.*,ptolemy.apps.transmission.*,ptolemy.apps.vergil.*,ptolemy.apps.waba.*,ptolemy.apps.websensor.*,ptolemy.apps.webstart.*,ptolemy.apps.xsl.*,ptolemy.apps.zaurus.*,ptolemy.backtrack.eclipse.plugin.*,ptolemy.backtrack.test.*,ptolemy.codegen.c.actor.lib.oldJavaFiles.*,ptolemy.codegen.dsp.lib.*,ptolemy.codegen.kernel.newInterfaces.*,ptolemy.codegen.lib.*,ptolemy.copernicus.kernel.fragment.*,ptolemy.copernicus.shallow.cg.*,ptolemy.domains.giotto.demo.Hierarchy.Hierarchy.*,ptolemy.domains.giotto.demo.Multimode.Multimode.*,ptolemy.domains.giotto.demo.Simple.Simple.*,ptolemy.domains.gr.lib.experimental.*,ptolemy.domains.gro.*,ptolemy.domains.pdf.*,ptolemy.domains.ptinyos.demo.Surge.output.*,ptolemy.moml.test.NoPackageActor.java*,ptolemy.plot.adm.*,ptolemy.plot.servlet.*,reports.*,signed.*,src.*,target.*,vendors.*,ptolemy.cg.adapter.generic.program.procedural.c.mbed*,ptolemy.actor.lib.fmi.fmus.omc*,ptolemy.domains.openmodelica*,ptdb.kernel.bl.save.test.*,ptdb.kernel.bl.load.test.*,ptdb.kernel.bl.search.test.*,ptdb.kernel.bl.migration.test.*,ptdb.kernel.database.test.*,ptdb.test.*,ptdb.gui.test.*,org.ptolemy.scala.*,diva.util.java2d.svg.*,ptolemy.domains.ptinyos.*,ptolemy.actor.lib.fmi.fmipp.*,,org.terraswarm.accessor.accessors.web.node_modules.*,org.terraswarm.accessor.accessors-svn,ptolemy.apps.*,ptolemy.actor.ptalon.demo.ptinyos.SendAndReceiveCnt.output,ptolemy.actor.ptalon.demo.ptinyos.SenseToLeds.output,ptolemy.domains.ptinyos.demo.CntToLedsAndRfm.output,ptolemy.domains.ptinyos.demo.RfmToLeds.output,ptolemy.domains.ptinyos.demo.SendAndReceiveCnt.output,ptolemy.domains.ptinyos.demo.SenseToLeds.output,ptolemy.actor.lib.jjs.modules.udpSocket.*" />
    <property name="env.TRAVIS_COMMIT_MESSAGE" value="Monitor MQTT Errors on stdout" />
    <property name="keystore" value="ptKeystore" />
    <property name="env.XDG_SESSION_ID" value="2" />
    <property name="junit.output.dir" value="/home/travis/build/icyphy/ptII/reports/junit" />
    <property name="npm.return.code" value="0" />
    <property name="user.dir" value="/home/travis/build/icyphy/ptII/ptolemy/cg/lib/test" />
    <property name="env.TRAVIS_NODE_VERSION" value="7" />
    <property name="env.XFILESEARCHPATH" value="/usr/dt/app-defaults/%L/Dt" />
    <property name="env.TRAVIS_EVENT_TYPE" value="cron" />
    <property name="env.MAIL" value="/var/mail/travis" />
    <property name="env.PERLBREW_ROOT" value="/home/travis/perl5/perlbrew" />
    <property name="env.PWD" value="/home/travis/build/icyphy/ptII" />
    <property name="timeout.npm" value="45000" />
    <property name="env.PAGER" value="cat" />
    <property name="sun.cpu.endian" value="little" />
    <property name="env.TRAVIS_BUILD_STAGE_NAME" value="Test" />
    <property name="env.PERLBREW_HOME" value="/home/travis/.perlbrew" />
    <property name="env.RAILS_ENV" value="test" />
    <property name="java.vm.version" value="25.151-b12" />
    <property name="java.class.path" value="/home/travis/build/icyphy/ptII:/home/travis/build/icyphy/ptII/lib/bsh-2.0b4.jar:/home/travis/build/icyphy/ptII/lib/ptCal.jar:/home/travis/build/icyphy/ptII/lib/java_cup.jar:/home/travis/build/icyphy/ptII/lib/saxon8.jar:/home/travis/build/icyphy/ptII/lib/saxon8-dom.jar:/home/travis/build/icyphy/ptII/lib/chic.jar:/home/travis/build/icyphy/ptII/lib/ptcolt.jar:/usr/lib/jvm/java-8-oracle/lib/tools.jar:/usr/lib/eclipse/plugins/org.eclipse.jdt.core_3.8.2.dist.jar:/usr/lib/eclipse/plugins/org.eclipse.core.runtime_3.8.0.dist.jar:/usr/lib/eclipse/plugins/org.eclipse.osgi_3.8.1.dist.jar:/usr/lib/eclipse/plugins/org.eclipse.core.resources_3.8.1.dist.jar:/usr/lib/eclipse/plugins/org.eclipse.equinox.common_3.6.100.dist.jar:/usr/lib/eclipse/plugins/org.eclipse.core.jobs_3.5.200.dist.jar:/usr/lib/eclipse/plugins/org.eclipse.core.contenttype_3.4.200.dist.jar:/usr/lib/eclipse/plugins/org.eclipse.equinox.preferences_3.5.0.dist.jar:/usr/lib/eclipse/plugins/org.eclipse.text_3.5.200.dist.jar:/usr/lib/eclipse/plugins/org.eclipse.ui.workbench_3.8.1.dist.jar:/usr/lib/eclipse/plugins/org.eclipse.jface_3.8.0.dist.jar:/usr/lib/eclipse/plugins/org.eclipse.swt_3.8.2.jar:/usr/lib/eclipse/plugins/org.eclipse.jface.text_3.8.1.dist.jar:/usr/lib/eclipse/plugins/org.eclipse.ui.workbench.texteditor_3.8.0.dist.jar:/usr/lib/eclipse/plugins/org.eclipse.ui.editors_3.8.0.dist.jar:/usr/lib/eclipse/plugins/org.eclipse.core.commands_3.6.1.dist.jar:/usr/lib/eclipse/plugins/org.eclipse.equinox.registry_3.5.200.dist.jar:/usr/lib/eclipse/plugins/org.eclipse.ui.console_3.5.100.dist.jar:/usr/lib/eclipse/plugins/org.eclipse.ui.forms_3.5.200.dist.jar:/usr/lib/eclipse/plugins/org.eclipse.ui.ide_3.8.1.dist.jar:/home/travis/build/icyphy/ptII/vendors/oracle/dbxml.jar:/home/travis/build/icyphy/ptII/vendors/oracle/db.jar:/home/travis/build/icyphy/ptII/vendors/misc/itext/iText.jar:/home/travis/build/icyphy/ptII/lib/g4ltl.jar:/home/travis/build/icyphy/ptII/lib/StructuralCoder.jar:/home/travis/build/icyphy/ptII/lib/org-openide-util.jar:/home/travis/build/icyphy/ptII/lib/org-openide-util-lookup.jar:/home/travis/build/icyphy/ptII/lib/org-netbeans-api-visual.jar:/home/travis/build/icyphy/ptII/vendors/jai-1_1_2_01/lib/jai_core.jar:/home/travis/build/icyphy/ptII/vendors/jai-1_1_2_01/lib/jai_codec.jar:/home/travis/build/icyphy/ptII/lib/jcerti.jar:/home/travis/build/icyphy/ptII/lib/smack.jar:/home/travis/build/icyphy/ptII/lib/smackx.jar:/home/travis/build/icyphy/ptII/lib/jetty-all-8.1.5-v20120716.jar:/home/travis/build/icyphy/ptII/lib/javax.servlet-api-3.0.1.jar:/home/travis/build/icyphy/ptII/lib/javax.mail.jar:/home/travis/build/icyphy/ptII/vendors/JMF-2.1.1e/lib/jmf.jar:/home/travis/build/icyphy/ptII/lib/jna-4.0.0-variadic.jar:/home/travis/build/icyphy/ptII/vendors/misc/joystick/Joystick.jar:/home/travis/build/icyphy/ptII/lib/ptjacl.jar:/home/travis/build/icyphy/ptII/lib/jsoup-1.8.2.jar:/home/travis/build/icyphy/ptII/lib/junit-4.8.2.jar:/home/travis/build/icyphy/ptII/lib/JUnitParams-0.4.0.jar:/home/travis/build/icyphy/ptII/ptolemy/actor/lib/excel/jxl.jar:/home/travis/build/icyphy/ptII/lib/jython.jar:/home/travis/build/icyphy/ptII/lib/kieler.jar:/home/travis/build/icyphy/ptII/vendors/opencv/share/OpenCV/java/opencv-341.jar:/home/travis/build/icyphy/ptII/lib/oscP5.jar:/home/travis/build/icyphy/ptII/lib/nrjavaserial-3.11.0.devel.jar:/home/travis/build/icyphy/ptII/vendors/j3d/lib/j3dcore.jar:/home/travis/build/icyphy/ptII/vendors/j3d/lib/j3dutils.jar:/home/travis/build/icyphy/ptII/vendors/j3d/lib/vecmath.jar:/home/travis/build/icyphy/ptII/ptolemy/distributed/jini/jar/jini-core.jar:/home/travis/build/icyphy/ptII/ptolemy/distributed/jini/jar/jini-ext.jar:/home/travis/build/icyphy/ptII/ptolemy/distributed/jini/jar/sun-util.jar:/home/travis/build/icyphy/ptII/lib/protobuf-java-2.4.1.jar:/home/travis/build/icyphy/ptII/lib/org.eclipse.paho.client.mqttv3.jar:/home/travis/build/icyphy/ptII/ptserver/lib/hessian-4.0.7.jar:/home/travis/build/icyphy/ptII/ptserver/lib/wmqtt.jar:/home/travis/build/icyphy/ptII/lib/mapss.jar:/home/travis/build/icyphy/ptII/ptolemy/actor/ptalon/antlr/antlr.jar:/home/travis/build/icyphy/ptII/lib/JRI.jar:/home/travis/build/icyphy/ptII/lib/commons-lang-2.6.jar:/home/travis/build/icyphy/ptII/lib/commons-logging-1.1.1.jar:/home/travis/build/icyphy/ptII/lib/sootclasses.jar:/home/travis/build/icyphy/ptII/ptolemy/actor/lib/database/mysql-connector-java-5.1.6-bin.jar:/home/travis/build/icyphy/ptII/vendors/misc/sphinx4/sphinx4-data-5prealpha.jar:/home/travis/build/icyphy/ptII/vendors/misc/sphinx4/sphinx4-core-5prealpha.jar:/home/travis/build/icyphy/ptII/lib/PDFRenderer.jar:/home/travis/build/icyphy/ptII/lib/svgSalamander.jar:/home/travis/build/icyphy/ptII/lib/rsyntaxtextarea-2.6.0-SNAPSHOT.jar:/home/travis/build/icyphy/ptII/lib/hazelcast-3.8.2.jar:/home/travis/build/icyphy/ptII/lib/jackson-annotations-2.9.0.jar:/home/travis/build/icyphy/ptII/lib/jackson-core-2.9.3.jar:/home/travis/build/icyphy/ptII/lib/jackson-databind-2.9.3.jar:/home/travis/build/icyphy/ptII/lib/netty-buffer-4.1.19.Final.jar:/home/travis/build/icyphy/ptII/lib/netty-codec-4.1.19.Final.jar:/home/travis/build/icyphy/ptII/lib/netty-codec-dns-4.1.19.Final.jar:/home/travis/build/icyphy/ptII/lib/netty-codec-http-4.1.19.Final.jar:/home/travis/build/icyphy/ptII/lib/netty-codec-http2-4.1.19.Final.jar:/home/travis/build/icyphy/ptII/lib/netty-common-4.1.19.Final.jar:/home/travis/build/icyphy/ptII/lib/netty-handler-4.1.19.Final.jar:/home/travis/build/icyphy/ptII/lib/netty-resolver-4.1.19.Final.jar:/home/travis/build/icyphy/ptII/lib/netty-resolver-dns-4.1.19.Final.jar:/home/travis/build/icyphy/ptII/lib/netty-transport-4.1.19.Final.jar:/home/travis/build/icyphy/ptII/lib/vertx-codegen-3.5.1.jar:/home/travis/build/icyphy/ptII/lib/vertx-core-3.5.2-SNAPSHOT.jar:/home/travis/build/icyphy/ptII/lib/vertx-hazelcast-3.5.1.jar:/home/travis/build/icyphy/ptII/lib/vertx-lang-js-3.5.1.jar:/home/travis/build/icyphy/ptII/lib/vertx-service-proxy-3.5.1.jar:/home/travis/build/icyphy/ptII/lib/vertx-web-3.5.1.jar:/home/travis/build/icyphy/ptII/lib/slf4j-api-1.7.13.jar:/home/travis/build/icyphy/ptII/lib/slf4j-simple-1.7.13.jar:/home/travis/build/icyphy/ptII/lib/webcam-capture-0.3.12.jar:/home/travis/build/icyphy/ptII/lib/bridj-0.7.0.jar:/home/travis/build/icyphy/ptII/lib/xbjlib-1.1.0.nrjavaserial.jar:/home/travis/build/icyphy/ptII/ptolemy/moml/test:/home/travis/build/icyphy/ptII/ant/lib/ant-launcher.jar:/home/travis/build/icyphy/ptII/ant/lib/ant.jar:/home/travis/build/icyphy/ptII/ant/lib/ant-junit.jar:/home/travis/build/icyphy/ptII/ant/lib/ant-junit4.jar" />
    <property name="ant.library.dir" value="/home/travis/build/icyphy/ptII/ant/lib" />
    <property name="os.arch" value="amd64" />
    <property name="env.TRAVIS_LANGUAGE" value="node_js" />
    <property name="env.CONTINUOUS_INTEGRATION" value="true" />
    <property name="env.TRAVIS_STACK_LANGUAGES" value="__garnet__ c c++ clojure cplusplus cpp default go groovy java node_js php pure_java python ruby scala" />
    <property name="test.name" value="ptolemy.actor.lib.test.junit.JUnitTclTest" />
    <property name="sun.java.launcher" value="SUN_STANDARD" />
    <property name="env.PYTHON_CONFIGURE_OPTS" value="--enable-unicode=ucs4 --with-wide-unicode --enable-shared --enable-ipv6 --enable-loadable-sqlite-extensions --with-computed-gotos" />
    <property name="ant.core.lib" value="/home/travis/build/icyphy/ptII/ant/lib/ant.jar" />
    <property name="java.vm.specification.vendor" value="Oracle Corporation" />
    <property name="env.BCVTB_HOME" value="/home/travis/build/icyphy/ptII/lbnl" />
    <property name="file.separator" value="/" />
    <property name="java.runtime.version" value="1.8.0_151-b12" />
    <property name="spotbugs.home" value="/home/travis/build/icyphy/ptII/vendors/spotbugs-3.1.1" />
    <property name="sun.boot.class.path" value="/usr/lib/jvm/java-8-oracle/jre/lib/resources.jar:/usr/lib/jvm/java-8-oracle/jre/lib/rt.jar:/usr/lib/jvm/java-8-oracle/jre/lib/sunrsasign.jar:/usr/lib/jvm/java-8-oracle/jre/lib/jsse.jar:/usr/lib/jvm/java-8-oracle/jre/lib/jce.jar:/usr/lib/jvm/java-8-oracle/jre/lib/charsets.jar:/usr/lib/jvm/java-8-oracle/jre/lib/jfr.jar:/usr/lib/jvm/java-8-oracle/jre/classes" />
    <property name="env.HAS_JOSH_K_SEAL_OF_APPROVAL" value="true" />
    <property name="env.XDG_RUNTIME_DIR" value="/run/user/2000" />
    <property name="env.TRAVIS_OSX_IMAGE" value="" />
    <property name="env.TRAVIS_BRANCH" value="master" />
    <property name="env.TRAVIS_JOB_ID" value="401339097" />
    <property name="user.country" value="US" />
    <property name="env.CERTI_HOME_TRAVIS" value="/home/travis/pthla/certi-tools" />
    <property name="env.SHELL" value="/bin/bash" />
    <property name="java.maxmemory.large" value="5000m" />
    <property name="model" value="" />
    <property name="env.CASHER_DIR" value="/home/travis/.casher" />
    <property name="env.NVM_CD_FLAGS" value="" />
    <property name="jshint.executable" value="/home/travis/node_modules/jshint/bin/jshint" />
    <property name="java.vendor" value="Oracle Corporation" />
    <property name="env.JRUBY_OPTS" value=" --client -J-XX:+TieredCompilation -J-XX:TieredStopAtLevel=1 -J-Xss2m -Xcompile.invokedynamic=false" />
    <property name="env.TRAVIS_PRE_CHEF_BOOTSTRAP_TIME" value="2017-12-05T19:32:55" />
    <property name="env.ELIXIR_VERSION" value="1.4.5" />
    <property name="env.TRAVIS_STACK_JOB_BOARD_REGISTER" value="/.job-board-register.yml" />
    <property name="java.specification.version" value="1.8" />
    <property name="env.TRAVIS" value="true" />
    <property name="env.IRBRC" value="/home/travis/.rvm/rubies/ruby-2.4.1/.irbrc" />
    <property name="sun.arch.data.model" value="64" />
  </properties>
  <testcase classname="ptolemy.util.test.junit.TclTests" name="[0] /home/travis/build/icyphy/ptII/ptolemy/cg/lib/test/ModularCodeGenTypedCompositeActor.tcl (RunTclFile)" time="12.763" />
  <testcase classname="ptolemy.util.test.junit.AutoKnownFailedTests" name="[0] ThereAreNoKnowFailedTests (RunModel)" time="0.001" />
  <testcase classname="ptolemy.util.test.junit.AutoNameArchTests" name="[0] ThereAreNoAutoArchTests (RunModel)" time="0.002" />
  <testcase classname="ptolemy.util.test.junit.AutoTests" name="[0] /home/travis/build/icyphy/ptII/ptolemy/cg/lib/test/auto/CompiledCompositeActor.xml (RunModel)" time="1.062" />
  <testcase classname="ptolemy.util.test.junit.AutoTests" name="[1] /home/travis/build/icyphy/ptII/ptolemy/cg/lib/test/auto/DECGClockRamp.xml (RunModel)" time="0.059" />
  <testcase classname="ptolemy.util.test.junit.AutoTests" name="[2] /home/travis/build/icyphy/ptII/ptolemy/cg/lib/test/auto/DECGDelay.xml (RunModel)" time="0.048" />
  <testcase classname="ptolemy.util.test.junit.AutoTests" name="[3] /home/travis/build/icyphy/ptII/ptolemy/cg/lib/test/auto/DECGHelloWorld.xml (RunModel)" time="0.038" />
  <testcase classname="ptolemy.util.test.junit.AutoTests" name="[4] /home/travis/build/icyphy/ptII/ptolemy/cg/lib/test/auto/DECGHeterogeneous.xml (RunModel)" time="0.119" />
  <testcase classname="ptolemy.util.test.junit.AutoTests" name="[5] /home/travis/build/icyphy/ptII/ptolemy/cg/lib/test/auto/DECGHeterogeneousMk2.xml (RunModel)" time="0.168" />
  <testcase classname="ptolemy.util.test.junit.AutoTests" name="[6] /home/travis/build/icyphy/ptII/ptolemy/cg/lib/test/auto/DECGMath.xml (RunModel)" time="0.069" />
  <testcase classname="ptolemy.util.test.junit.AutoTests" name="[7] /home/travis/build/icyphy/ptII/ptolemy/cg/lib/test/auto/DECGPi.xml (RunModel)" time="0.184" />
  <testcase classname="ptolemy.util.test.junit.AutoTests" name="[8] /home/travis/build/icyphy/ptII/ptolemy/cg/lib/test/auto/DECGPiSquare.xml (RunModel)" time="0.198" />
  <testcase classname="ptolemy.util.test.junit.AutoTests" name="[9] /home/travis/build/icyphy/ptII/ptolemy/cg/lib/test/auto/DECGPoisson.xml (RunModel)" time="0.026" />
  <testcase classname="ptolemy.util.test.junit.AutoTests" name="[10] /home/travis/build/icyphy/ptII/ptolemy/cg/lib/test/auto/JavaCompiledCompositeActor5.xml (RunModel)" time="0.984" />
  <testcase classname="ptolemy.util.test.junit.AutoTests" name="[11] /home/travis/build/icyphy/ptII/ptolemy/cg/lib/test/auto/JavaCompiledCompositeTest1.xml (RunModel)" time="0.946" />
  <testcase classname="ptolemy.util.test.junit.AutoTests" name="[12] /home/travis/build/icyphy/ptII/ptolemy/cg/lib/test/auto/JavaCompiledCompositeTest2.xml (RunModel)" time="0.955" />
  <testcase classname="ptolemy.util.test.junit.AutoTests" name="[13] /home/travis/build/icyphy/ptII/ptolemy/cg/lib/test/auto/JavaCompiledCompositeTest3.xml (RunModel)" time="0.833" />
  <testcase classname="ptolemy.util.test.junit.AutoTests" name="[14] /home/travis/build/icyphy/ptII/ptolemy/cg/lib/test/auto/JavaCompiledCompositeTest4.xml (RunModel)" time="0.887" />
  <testcase classname="ptolemy.util.test.junit.AutoTests" name="[15] /home/travis/build/icyphy/ptII/ptolemy/cg/lib/test/auto/ModularCG.xml (RunModel)" time="14.399" />
  <testcase classname="ptolemy.util.test.junit.AutoTests" name="[16] /home/travis/build/icyphy/ptII/ptolemy/cg/lib/test/auto/ModularCGPubSub.xml (RunModel)" time="5.095" />
  <testcase classname="ptolemy.util.test.junit.AutoTests" name="[17] /home/travis/build/icyphy/ptII/ptolemy/cg/lib/test/auto/ModularCodeGen.xml (RunModel)" time="2.603" />
  <testcase classname="ptolemy.util.test.junit.AutoTests" name="[18] /home/travis/build/icyphy/ptII/ptolemy/cg/lib/test/auto/ModularCodeGen2.xml (RunModel)" time="4.634" />
  <testcase classname="ptolemy.util.test.junit.AutoTests" name="[19] /home/travis/build/icyphy/ptII/ptolemy/cg/lib/test/auto/ModularCodeGen3.xml (RunModel)" time="13.39" />
  <testcase classname="ptolemy.util.test.junit.AutoTests" name="[20] /home/travis/build/icyphy/ptII/ptolemy/cg/lib/test/auto/ModularCodeGen4.xml (RunModel)" time="13.267" />
  <testcase classname="ptolemy.util.test.junit.AutoTests" name="[21] /home/travis/build/icyphy/ptII/ptolemy/cg/lib/test/auto/ModularCodeGen5.xml (RunModel)" time="5.607" />
  <testcase classname="ptolemy.util.test.junit.AutoTests" name="[22] /home/travis/build/icyphy/ptII/ptolemy/cg/lib/test/auto/ModularCodeGen6.xml (RunModel)" time="7.069" />
  <testcase classname="ptolemy.util.test.junit.AutoTests" name="[23] /home/travis/build/icyphy/ptII/ptolemy/cg/lib/test/auto/ModularCodeGenLazyPubSub.xml (RunModel)" time="2.927" />
  <testcase classname="ptolemy.util.test.junit.AutoTests" name="[24] /home/travis/build/icyphy/ptII/ptolemy/cg/lib/test/auto/ModularCodeGenLazyPubSubGlobal.xml (RunModel)" time="2.47" />
  <testcase classname="ptolemy.util.test.junit.AutoTests" name="[25] /home/travis/build/icyphy/ptII/ptolemy/cg/lib/test/auto/ModularCodeGenPubSub1.xml (RunModel)" time="2.27" />
  <testcase classname="ptolemy.util.test.junit.AutoTests" name="[26] /home/travis/build/icyphy/ptII/ptolemy/cg/lib/test/auto/ModularCodeGenPubSub2.xml (RunModel)" time="4.467" />
  <testcase classname="ptolemy.util.test.junit.AutoTests" name="[27] /home/travis/build/icyphy/ptII/ptolemy/cg/lib/test/auto/ModularCodeGenPubSub3.xml (RunModel)" time="4.368" />
  <testcase classname="ptolemy.util.test.junit.AutoTests" name="[28] /home/travis/build/icyphy/ptII/ptolemy/cg/lib/test/auto/ModularCodeGenPubSub4.xml (RunModel)" time="4.461" />
  <testcase classname="ptolemy.util.test.junit.AutoTests" name="[29] /home/travis/build/icyphy/ptII/ptolemy/cg/lib/test/auto/PubSubAggLazy.xml (RunModel)" time="0.022" />
  <testcase classname="ptolemy.util.test.junit.AutoTests" name="[30] /home/travis/build/icyphy/ptII/ptolemy/cg/lib/test/auto/PubSubAggModularCodeGen.xml (RunModel)" time="2.455" />
  <testcase classname="ptolemy.util.test.junit.AutoTests" name="[31] /home/travis/build/icyphy/ptII/ptolemy/cg/lib/test/auto/PubSubAggTypedComposite.xml (RunModel)" time="0.017" />
  <testcase classname="ptolemy.util.test.junit.AutoTests" name="[32] /home/travis/build/icyphy/ptII/ptolemy/cg/lib/test/auto/PubSubAggTypedCompositeWidth2.xml (RunModel)" time="0.03" />
  <testcase classname="ptolemy.util.test.junit.AutoTests" name="[33] /home/travis/build/icyphy/ptII/ptolemy/cg/lib/test/auto/ScaleJava.xml (RunModel)" time="0.931" />
  <system-out><![CDATA[/home/travis/build/icyphy/ptII/ptolemy/cg/lib/test/ModularCodeGenTypedCompositeActor.tcl
testDefs.tcl: setting time out to 9000 seconds at Sun Jul 08 01:40:34 UTC 2018
In "/home/travis/cg", about to execute:
    pwd
/home/travis/cg
In "/home/travis/cg", about to execute:
    ls -l
total 4
In "/home/travis/cg", about to execute:
    javac -classpath
.:/home/travis/build/icyphy/ptII:/home/travis/build/icyphy/ptII/lib/bsh-2.0b4.j
ar:/home/travis/build/icyphy/ptII/lib/ptCal.jar:/home/travis/build/icyphy/ptII/
lib/java_cup.jar:/home/travis/build/icyphy/ptII/lib/saxon8.jar:/home/travis/bui
ld/icyphy/ptII/lib/saxon8-dom.jar:/home/travis/build/icyphy/ptII/lib/chic.jar:/
home/travis/build/icyphy/ptII/lib/ptcolt.jar:/usr/lib/jvm/java-8-oracle/lib/too
ls.jar:/usr/lib/eclipse/plugins/org.eclipse.jdt.core_3.8.2.dist.jar:/usr/lib/ec
lipse/plugins/org.eclipse.core.runtime_3.8.0.dist.jar:/usr/lib/eclipse/plugins/
org.eclipse.osgi_3.8.1.dist.jar:/usr/lib/eclipse/plugins/org.eclipse.core.resou
rces_3.8.1.dist.jar:/usr/lib/eclipse/plugins/org.eclipse.equinox.common_3.6.100
.dist.jar:/usr/lib/eclipse/plugins/org.eclipse.core.jobs_3.5.200.dist.jar:/usr/
lib/eclipse/plugins/org.eclipse.core.contenttype_3.4.200.dist.jar:/usr/lib/ecli
pse/plugins/org.eclipse.equinox.preferences_3.5.0.dist.jar:/usr/lib/eclipse/plu
gins/org.eclipse.text_3.5.200.dist.jar:/usr/lib/eclipse/plugins/org.eclipse.ui.
workbench_3.8.1.dist.jar:/usr/lib/eclipse/plugins/org.eclipse.jface_3.8.0.dist.
jar:/usr/lib/eclipse/plugins/org.eclipse.swt_3.8.2.jar:/usr/lib/eclipse/plugins
/org.eclipse.jface.text_3.8.1.dist.jar:/usr/lib/eclipse/plugins/org.eclipse.ui.
workbench.texteditor_3.8.0.dist.jar:/usr/lib/eclipse/plugins/org.eclipse.ui.edi
tors_3.8.0.dist.jar:/usr/lib/eclipse/plugins/org.eclipse.core.commands_3.6.1.di
st.jar:/usr/lib/eclipse/plugins/org.eclipse.equinox.registry_3.5.200.dist.jar:/
usr/lib/eclipse/plugins/org.eclipse.ui.console_3.5.100.dist.jar:/usr/lib/eclips
e/plugins/org.eclipse.ui.forms_3.5.200.dist.jar:/usr/lib/eclipse/plugins/org.ec
lipse.ui.ide_3.8.1.dist.jar:/home/travis/build/icyphy/ptII/vendors/oracle/dbxml
.jar:/home/travis/build/icyphy/ptII/vendors/oracle/db.jar:/home/travis/build/ic
yphy/ptII/vendors/misc/itext/iText.jar:/home/travis/build/icyphy/ptII/lib/g4ltl
.jar:/home/travis/build/icyphy/ptII/lib/StructuralCoder.jar:/home/travis/build/
icyphy/ptII/lib/org-openide-util.jar:/home/travis/build/icyphy/ptII/lib/org-ope
nide-util-lookup.jar:/home/travis/build/icyphy/ptII/lib/org-netbeans-api-visual
.jar:/home/travis/build/icyphy/ptII/vendors/jai-1_1_2_01/lib/jai_core.jar:/home
/travis/build/icyphy/ptII/vendors/jai-1_1_2_01/lib/jai_codec.jar:/home/travis/b
uild/icyphy/ptII/lib/jcerti.jar:/home/travis/build/icyphy/ptII/lib/smack.jar:/h
ome/travis/build/icyphy/ptII/lib/smackx.jar:/home/travis/build/icyphy/ptII/lib/
jetty-all-8.1.5-v20120716.jar:/home/travis/build/icyphy/ptII/lib/javax.servlet-
api-3.0.1.jar:/home/travis/build/icyphy/ptII/lib/javax.mail.jar:/home/travis/bu
ild/icyphy/ptII/vendors/JMF-2.1.1e/lib/jmf.jar:/home/travis/build/icyphy/ptII/l
ib/jna-4.0.0-variadic.jar:/home/travis/build/icyphy/ptII/vendors/misc/joystick/
Joystick.jar:/home/travis/build/icyphy/ptII/lib/ptjacl.jar:/home/travis/build/i
cyphy/ptII/lib/jsoup-1.8.2.jar:/home/travis/build/icyphy/ptII/lib/junit-4.8.2.j
ar:/home/travis/build/icyphy/ptII/lib/JUnitParams-0.4.0.jar:/home/travis/build/
icyphy/ptII/ptolemy/actor/lib/excel/jxl.jar:/home/travis/build/icyphy/ptII/lib/
jython.jar:/home/travis/build/icyphy/ptII/lib/kieler.jar:/home/travis/build/icy
phy/ptII/vendors/opencv/share/OpenCV/java/opencv-341.jar:/home/travis/build/icy
phy/ptII/lib/oscP5.jar:/home/travis/build/icyphy/ptII/lib/nrjavaserial-3.11.0.d
evel.jar:/home/travis/build/icyphy/ptII/vendors/j3d/lib/j3dcore.jar:/home/travi
s/build/icyphy/ptII/vendors/j3d/lib/j3dutils.jar:/home/travis/build/icyphy/ptII
/vendors/j3d/lib/vecmath.jar:/home/travis/build/icyphy/ptII/ptolemy/distributed
/jini/jar/jini-core.jar:/home/travis/build/icyphy/ptII/ptolemy/distributed/jini
/jar/jini-ext.jar:/home/travis/build/icyphy/ptII/ptolemy/distributed/jini/jar/s
un-util.jar:/home/travis/build/icyphy/ptII/lib/protobuf-java-2.4.1.jar:/home/tr
avis/build/icyphy/ptII/lib/org.eclipse.paho.client.mqttv3.jar:/home/travis/buil
d/icyphy/ptII/ptserver/lib/hessian-4.0.7.jar:/home/travis/build/icyphy/ptII/pts
erver/lib/wmqtt.jar:/home/travis/build/icyphy/ptII/lib/mapss.jar:/home/travis/b
uild/icyphy/ptII/ptolemy/actor/ptalon/antlr/antlr.jar:/home/travis/build/icyphy
/ptII/lib/JRI.jar:/home/travis/build/icyphy/ptII/lib/commons-lang-2.6.jar:/home
/travis/build/icyphy/ptII/lib/commons-logging-1.1.1.jar:/home/travis/build/icyp
hy/ptII/lib/sootclasses.jar:/home/travis/build/icyphy/ptII/ptolemy/actor/lib/da
tabase/mysql-connector-java-5.1.6-bin.jar:/home/travis/build/icyphy/ptII/vendor
s/misc/sphinx4/sphinx4-data-5prealpha.jar:/home/travis/build/icyphy/ptII/vendor
s/misc/sphinx4/sphinx4-core-5prealpha.jar:/home/travis/build/icyphy/ptII/lib/PD
FRenderer.jar:/home/travis/build/icyphy/ptII/lib/svgSalamander.jar:/home/travis
/build/icyphy/ptII/lib/rsyntaxtextarea-2.6.0-SNAPSHOT.jar:/home/travis/build/ic
yphy/ptII/lib/hazelcast-3.8.2.jar:/home/travis/build/icyphy/ptII/lib/jackson-an
notations-2.9.0.jar:/home/travis/build/icyphy/ptII/lib/jackson-core-2.9.3.jar:/
home/travis/build/icyphy/ptII/lib/jackson-databind-2.9.3.jar:/home/travis/build
/icyphy/ptII/lib/netty-buffer-4.1.19.Final.jar:/home/travis/build/icyphy/ptII/l
ib/netty-codec-4.1.19.Final.jar:/home/travis/build/icyphy/ptII/lib/netty-codec-
dns-4.1.19.Final.jar:/home/travis/build/icyphy/ptII/lib/netty-codec-http-4.1.19
.Final.jar:/home/travis/build/icyphy/ptII/lib/netty-codec-http2-4.1.19.Final.ja
r:/home/travis/build/icyphy/ptII/lib/netty-common-4.1.19.Final.jar:/home/travis
/build/icyphy/ptII/lib/netty-handler-4.1.19.Final.jar:/home/travis/build/icyphy
/ptII/lib/netty-resolver-4.1.19.Final.jar:/home/travis/build/icyphy/ptII/lib/ne
tty-resolver-dns-4.1.19.Final.jar:/home/travis/build/icyphy/ptII/lib/netty-tran
sport-4.1.19.Final.jar:/home/travis/build/icyphy/ptII/lib/vertx-codegen-3.5.1.j
ar:/home/travis/build/icyphy/ptII/lib/vertx-core-3.5.2-SNAPSHOT.jar:/home/travi
s/build/icyphy/ptII/lib/vertx-hazelcast-3.5.1.jar:/home/travis/build/icyphy/ptI
I/lib/vertx-lang-js-3.5.1.jar:/home/travis/build/icyphy/ptII/lib/vertx-service-
proxy-3.5.1.jar:/home/travis/build/icyphy/ptII/lib/vertx-web-3.5.1.jar:/home/tr
avis/build/icyphy/ptII/lib/slf4j-api-1.7.13.jar:/home/travis/build/icyphy/ptII/
lib/slf4j-simple-1.7.13.jar:/home/travis/build/icyphy/ptII/lib/webcam-capture-0
.3.12.jar:/home/travis/build/icyphy/ptII/lib/bridj-0.7.0.jar:/home/travis/build
/icyphy/ptII/lib/xbjlib-1.1.0.nrjavaserial.jar:/home/travis/build/icyphy/ptII/p
tolemy/moml/test:/home/travis/build/icyphy/ptII/ant/lib/ant-launcher.jar:/home/
travis/build/icyphy/ptII/ant/lib/ant.jar:/home/travis/build/icyphy/ptII/ant/lib
/ant-junit.jar:/home/travis/build/icyphy/ptII/ant/lib/ant-junit4.jar:/home/trav
is/build/icyphy/ptII ModularCodeGenTest_A1_A2_profile.java
-rw-rw-r-- 1 travis travis 1228 Jul  8 01:40 ModularCodeGenTest_A1_A2_profile.java
warning: Supported source version 'RELEASE_6' from annotation processor 'org.netbeans.modules.openide.util.NbBundleProcessor' less than -source '1.8'
warning: Supported source version 'RELEASE_6' from annotation processor 'org.netbeans.modules.openide.util.URLStreamHandlerRegistrationProcessor' less than -source '1.8'
warning: Supported source version 'RELEASE_6' from annotation processor 'org.netbeans.modules.openide.util.ServiceProviderProcessor' less than -source '1.8'
3 warnings
All Done
Writing ModularCodeGenTest_A1_A2.java in file:/home/travis/cg/ (9163 characters)
Reading "ptolemy/cg/kernel/generic/program/procedural/java/modular/makefile.in",
    writing "/home/travis/cg/ModularCodeGenTest_A1_A2.mk"
Using ptolemy/cg/kernel/generic/program/procedural/java/modular/makefile.in
In "/home/travis/cg", about to execute:
    make -f ModularCodeGenTest_A1_A2.mk
javac -classpath ".:.."    ModularCodeGenTest_A1_A2.java
All Done
In "/home/travis/cg", about to execute:
    pwd
/home/travis/cg
In "/home/travis/cg", about to execute:
    ls -l
total 40
-rw-rw-r-- 1 travis travis 3491 Jul  8 01:40 ModularCodeGenTest_A1_A2.class
-rw-rw-r-- 1 travis travis 9163 Jul  8 01:40 ModularCodeGenTest_A1_A2.java
-rw-rw-r-- 1 travis travis  904 Jul  8 01:40 ModularCodeGenTest_A1_A2.mk
-rw-rw-r-- 1 travis travis 1306 Jul  8 01:40 ModularCodeGenTest_A1_A2_profile.class
-rw-rw-r-- 1 travis travis 1228 Jul  8 01:40 ModularCodeGenTest_A1_A2_profile.java
-rw-rw-r-- 1 travis travis 1394 Jul  8 01:40 ModularCodeGenTest_A1_profile.java
-rw-rw-r-- 1 travis travis  432 Jul  8 01:40 Token.class
-rw-rw-r-- 1 travis travis  251 Jul  8 01:40 Token.java
In "/home/travis/cg", about to execute:
    javac -classpath
.:/home/travis/build/icyphy/ptII:/home/travis/build/icyphy/ptII/lib/bsh-2.0b4.j
ar:/home/travis/build/icyphy/ptII/lib/ptCal.jar:/home/travis/build/icyphy/ptII/
lib/java_cup.jar:/home/travis/build/icyphy/ptII/lib/saxon8.jar:/home/travis/bui
ld/icyphy/ptII/lib/saxon8-dom.jar:/home/travis/build/icyphy/ptII/lib/chic.jar:/
home/travis/build/icyphy/ptII/lib/ptcolt.jar:/usr/lib/jvm/java-8-oracle/lib/too
ls.jar:/usr/lib/eclipse/plugins/org.eclipse.jdt.core_3.8.2.dist.jar:/usr/lib/ec
lipse/plugins/org.eclipse.core.runtime_3.8.0.dist.jar:/usr/lib/eclipse/plugins/
org.eclipse.osgi_3.8.1.dist.jar:/usr/lib/eclipse/plugins/org.eclipse.core.resou
rces_3.8.1.dist.jar:/usr/lib/eclipse/plugins/org.eclipse.equinox.common_3.6.100
.dist.jar:/usr/lib/eclipse/plugins/org.eclipse.core.jobs_3.5.200.dist.jar:/usr/
lib/eclipse/plugins/org.eclipse.core.contenttype_3.4.200.dist.jar:/usr/lib/ecli
pse/plugins/org.eclipse.equinox.preferences_3.5.0.dist.jar:/usr/lib/eclipse/plu
gins/org.eclipse.text_3.5.200.dist.jar:/usr/lib/eclipse/plugins/org.eclipse.ui.
workbench_3.8.1.dist.jar:/usr/lib/eclipse/plugins/org.eclipse.jface_3.8.0.dist.
jar:/usr/lib/eclipse/plugins/org.eclipse.swt_3.8.2.jar:/usr/lib/eclipse/plugins
/org.eclipse.jface.text_3.8.1.dist.jar:/usr/lib/eclipse/plugins/org.eclipse.ui.
workbench.texteditor_3.8.0.dist.jar:/usr/lib/eclipse/plugins/org.eclipse.ui.edi
tors_3.8.0.dist.jar:/usr/lib/eclipse/plugins/org.eclipse.core.commands_3.6.1.di
st.jar:/usr/lib/eclipse/plugins/org.eclipse.equinox.registry_3.5.200.dist.jar:/
usr/lib/eclipse/plugins/org.eclipse.ui.console_3.5.100.dist.jar:/usr/lib/eclips
e/plugins/org.eclipse.ui.forms_3.5.200.dist.jar:/usr/lib/eclipse/plugins/org.ec
lipse.ui.ide_3.8.1.dist.jar:/home/travis/build/icyphy/ptII/vendors/oracle/dbxml
.jar:/home/travis/build/icyphy/ptII/vendors/oracle/db.jar:/home/travis/build/ic
yphy/ptII/vendors/misc/itext/iText.jar:/home/travis/build/icyphy/ptII/lib/g4ltl
.jar:/home/travis/build/icyphy/ptII/lib/StructuralCoder.jar:/home/travis/build/
icyphy/ptII/lib/org-openide-util.jar:/home/travis/build/icyphy/ptII/lib/org-ope
nide-util-lookup.jar:/home/travis/build/icyphy/ptII/lib/org-netbeans-api-visual
.jar:/home/travis/build/icyphy/ptII/vendors/jai-1_1_2_01/lib/jai_core.jar:/home
/travis/build/icyphy/ptII/vendors/jai-1_1_2_01/lib/jai_codec.jar:/home/travis/b
uild/icyphy/ptII/lib/jcerti.jar:/home/travis/build/icyphy/ptII/lib/smack.jar:/h
ome/travis/build/icyphy/ptII/lib/smackx.jar:/home/travis/build/icyphy/ptII/lib/
jetty-all-8.1.5-v20120716.jar:/home/travis/build/icyphy/ptII/lib/javax.servlet-
api-3.0.1.jar:/home/travis/build/icyphy/ptII/lib/javax.mail.jar:/home/travis/bu
ild/icyphy/ptII/vendors/JMF-2.1.1e/lib/jmf.jar:/home/travis/build/icyphy/ptII/l
ib/jna-4.0.0-variadic.jar:/home/travis/build/icyphy/ptII/vendors/misc/joystick/
Joystick.jar:/home/travis/build/icyphy/ptII/lib/ptjacl.jar:/home/travis/build/i
cyphy/ptII/lib/jsoup-1.8.2.jar:/home/travis/build/icyphy/ptII/lib/junit-4.8.2.j
ar:/home/travis/build/icyphy/ptII/lib/JUnitParams-0.4.0.jar:/home/travis/build/
icyphy/ptII/ptolemy/actor/lib/excel/jxl.jar:/home/travis/build/icyphy/ptII/lib/
jython.jar:/home/travis/build/icyphy/ptII/lib/kieler.jar:/home/travis/build/icy
phy/ptII/vendors/opencv/share/OpenCV/java/opencv-341.jar:/home/travis/build/icy
phy/ptII/lib/oscP5.jar:/home/travis/build/icyphy/ptII/lib/nrjavaserial-3.11.0.d
evel.jar:/home/travis/build/icyphy/ptII/vendors/j3d/lib/j3dcore.jar:/home/travi
s/build/icyphy/ptII/vendors/j3d/lib/j3dutils.jar:/home/travis/build/icyphy/ptII
/vendors/j3d/lib/vecmath.jar:/home/travis/build/icyphy/ptII/ptolemy/distributed
/jini/jar/jini-core.jar:/home/travis/build/icyphy/ptII/ptolemy/distributed/jini
/jar/jini-ext.jar:/home/travis/build/icyphy/ptII/ptolemy/distributed/jini/jar/s
un-util.jar:/home/travis/build/icyphy/ptII/lib/protobuf-java-2.4.1.jar:/home/tr
avis/build/icyphy/ptII/lib/org.eclipse.paho.client.mqttv3.jar:/home/travis/buil
d/icyphy/ptII/ptserver/lib/hessian-4.0.7.jar:/home/travis/build/icyphy/ptII/pts
erver/lib/wmqtt.jar:/home/travis/build/icyphy/ptII/lib/mapss.jar:/home/travis/b
uild/icyphy/ptII/ptolemy/actor/ptalon/antlr/antlr.jar:/home/travis/build/icyphy
/ptII/lib/JRI.jar:/home/travis/build/icyphy/ptII/lib/commons-lang-2.6.jar:/home
/travis/build/icyphy/ptII/lib/commons-logging-1.1.1.jar:/home/travis/build/icyp
hy/ptII/lib/sootclasses.jar:/home/travis/build/icyphy/ptII/ptolemy/actor/lib/da
tabase/mysql-connector-java-5.1.6-bin.jar:/home/travis/build/icyphy/ptII/vendor
s/misc/sphinx4/sphinx4-data-5prealpha.jar:/home/travis/build/icyphy/ptII/vendor
s/misc/sphinx4/sphinx4-core-5prealpha.jar:/home/travis/build/icyphy/ptII/lib/PD
FRenderer.jar:/home/travis/build/icyphy/ptII/lib/svgSalamander.jar:/home/travis
/build/icyphy/ptII/lib/rsyntaxtextarea-2.6.0-SNAPSHOT.jar:/home/travis/build/ic
yphy/ptII/lib/hazelcast-3.8.2.jar:/home/travis/build/icyphy/ptII/lib/jackson-an
notations-2.9.0.jar:/home/travis/build/icyphy/ptII/lib/jackson-core-2.9.3.jar:/
home/travis/build/icyphy/ptII/lib/jackson-databind-2.9.3.jar:/home/travis/build
/icyphy/ptII/lib/netty-buffer-4.1.19.Final.jar:/home/travis/build/icyphy/ptII/l
ib/netty-codec-4.1.19.Final.jar:/home/travis/build/icyphy/ptII/lib/netty-codec-
dns-4.1.19.Final.jar:/home/travis/build/icyphy/ptII/lib/netty-codec-http-4.1.19
.Final.jar:/home/travis/build/icyphy/ptII/lib/netty-codec-http2-4.1.19.Final.ja
r:/home/travis/build/icyphy/ptII/lib/netty-common-4.1.19.Final.jar:/home/travis
/build/icyphy/ptII/lib/netty-handler-4.1.19.Final.jar:/home/travis/build/icyphy
/ptII/lib/netty-resolver-4.1.19.Final.jar:/home/travis/build/icyphy/ptII/lib/ne
tty-resolver-dns-4.1.19.Final.jar:/home/travis/build/icyphy/ptII/lib/netty-tran
sport-4.1.19.Final.jar:/home/travis/build/icyphy/ptII/lib/vertx-codegen-3.5.1.j
ar:/home/travis/build/icyphy/ptII/lib/vertx-core-3.5.2-SNAPSHOT.jar:/home/travi
s/build/icyphy/ptII/lib/vertx-hazelcast-3.5.1.jar:/home/travis/build/icyphy/ptI
I/lib/vertx-lang-js-3.5.1.jar:/home/travis/build/icyphy/ptII/lib/vertx-service-
proxy-3.5.1.jar:/home/travis/build/icyphy/ptII/lib/vertx-web-3.5.1.jar:/home/tr
avis/build/icyphy/ptII/lib/slf4j-api-1.7.13.jar:/home/travis/build/icyphy/ptII/
lib/slf4j-simple-1.7.13.jar:/home/travis/build/icyphy/ptII/lib/webcam-capture-0
.3.12.jar:/home/travis/build/icyphy/ptII/lib/bridj-0.7.0.jar:/home/travis/build
/icyphy/ptII/lib/xbjlib-1.1.0.nrjavaserial.jar:/home/travis/build/icyphy/ptII/p
tolemy/moml/test:/home/travis/build/icyphy/ptII/ant/lib/ant-launcher.jar:/home/
travis/build/icyphy/ptII/ant/lib/ant.jar:/home/travis/build/icyphy/ptII/ant/lib
/ant-junit.jar:/home/travis/build/icyphy/ptII/ant/lib/ant-junit4.jar:/home/trav
is/build/icyphy/ptII ModularCodeGenTest_A1_profile.java
warning: Supported source version 'RELEASE_6' from annotation processor 'org.netbeans.modules.openide.util.NbBundleProcessor' less than -source '1.8'
warning: Supported source version 'RELEASE_6' from annotation processor 'org.netbeans.modules.openide.util.URLStreamHandlerRegistrationProcessor' less than -source '1.8'
warning: Supported source version 'RELEASE_6' from annotation processor 'org.netbeans.modules.openide.util.ServiceProviderProcessor' less than -source '1.8'
3 warnings
All Done
Writing ModularCodeGenTest_A1.java in file:/home/travis/cg/ (9968 characters)
Reading "ptolemy/cg/kernel/generic/program/procedural/java/modular/makefile.in",
    writing "/home/travis/cg/ModularCodeGenTest_A1.mk"
Using ptolemy/cg/kernel/generic/program/procedural/java/modular/makefile.in
In "/home/travis/cg", about to execute:
    make -f ModularCodeGenTest_A1.mk
javac -classpath ".:.."    ModularCodeGenTest_A1.java
All Done
4780 ms. Memory: 208384K Free: 121409K (58%)
9 ms. Memory: 208384K Free: 116571K (56%)
In "/home/travis/cg", about to execute:
    pwd
In "/home/travis/cg", about to execute:
    ls -l
/home/travis/cg
In "/home/travis/cg", about to execute:
    javac -classpath
.:/home/travis/build/icyphy/ptII:/home/travis/build/icyphy/ptII/lib/bsh-2.0b4.j
ar:/home/travis/build/icyphy/ptII/lib/ptCal.jar:/home/travis/build/icyphy/ptII/
lib/java_cup.jar:/home/travis/build/icyphy/ptII/lib/saxon8.jar:/home/travis/bui
ld/icyphy/ptII/lib/saxon8-dom.jar:/home/travis/build/icyphy/ptII/lib/chic.jar:/
home/travis/build/icyphy/ptII/lib/ptcolt.jar:/usr/lib/jvm/java-8-oracle/lib/too
ls.jar:/usr/lib/eclipse/plugins/org.eclipse.jdt.core_3.8.2.dist.jar:/usr/lib/ec
lipse/plugins/org.eclipse.core.runtime_3.8.0.dist.jar:/usr/lib/eclipse/plugins/
org.eclipse.osgi_3.8.1.dist.jar:/usr/lib/eclipse/plugins/org.eclipse.core.resou
rces_3.8.1.dist.jar:/usr/lib/eclipse/plugins/org.eclipse.equinox.common_3.6.100
.dist.jar:/usr/lib/eclipse/plugins/org.eclipse.core.jobs_3.5.200.dist.jar:/usr/
lib/eclipse/plugins/org.eclipse.core.contenttype_3.4.200.dist.jar:/usr/lib/ecli
pse/plugins/org.eclipse.equinox.preferences_3.5.0.dist.jar:/usr/lib/eclipse/plu
gins/org.eclipse.text_3.5.200.dist.jar:/usr/lib/eclipse/plugins/org.eclipse.ui.
workbench_3.8.1.dist.jar:/usr/lib/eclipse/plugins/org.eclipse.jface_3.8.0.dist.
jar:/usr/lib/eclipse/plugins/org.eclipse.swt_3.8.2.jar:/usr/lib/eclipse/plugins
/org.eclipse.jface.text_3.8.1.dist.jar:/usr/lib/eclipse/plugins/org.eclipse.ui.
workbench.texteditor_3.8.0.dist.jar:/usr/lib/eclipse/plugins/org.eclipse.ui.edi
tors_3.8.0.dist.jar:/usr/lib/eclipse/plugins/org.eclipse.core.commands_3.6.1.di
st.jar:/usr/lib/eclipse/plugins/org.eclipse.equinox.registry_3.5.200.dist.jar:/
usr/lib/eclipse/plugins/org.eclipse.ui.console_3.5.100.dist.jar:/usr/lib/eclips
e/plugins/org.eclipse.ui.forms_3.5.200.dist.jar:/usr/lib/eclipse/plugins/org.ec
lipse.ui.ide_3.8.1.dist.jar:/home/travis/build/icyphy/ptII/vendors/oracle/dbxml
.jar:/home/travis/build/icyphy/ptII/vendors/oracle/db.jar:/home/travis/build/ic
yphy/ptII/vendors/misc/itext/iText.jar:/home/travis/build/icyphy/ptII/lib/g4ltl
.jar:/home/travis/build/icyphy/ptII/lib/StructuralCoder.jar:/home/travis/build/
icyphy/ptII/lib/org-openide-util.jar:/home/travis/build/icyphy/ptII/lib/org-ope
nide-util-lookup.jar:/home/travis/build/icyphy/ptII/lib/org-netbeans-api-visual
.jar:/home/travis/build/icyphy/ptII/vendors/jai-1_1_2_01/lib/jai_core.jar:/home
/travis/build/icyphy/ptII/vendors/jai-1_1_2_01/lib/jai_codec.jar:/home/travis/b
uild/icyphy/ptII/lib/jcerti.jar:/home/travis/build/icyphy/ptII/lib/smack.jar:/h
ome/travis/build/icyphy/ptII/lib/smackx.jar:/home/travis/build/icyphy/ptII/lib/
jetty-all-8.1.5-v20120716.jar:/home/travis/build/icyphy/ptII/lib/javax.servlet-
api-3.0.1.jar:/home/travis/build/icyphy/ptII/lib/javax.mail.jar:/home/travis/bu
ild/icyphy/ptII/vendors/JMF-2.1.1e/lib/jmf.jar:/home/travis/build/icyphy/ptII/l
ib/jna-4.0.0-variadic.jar:/home/travis/build/icyphy/ptII/vendors/misc/joystick/
Joystick.jar:/home/travis/build/icyphy/ptII/lib/ptjacl.jar:/home/travis/build/i
cyphy/ptII/lib/jsoup-1.8.2.jar:/home/travis/build/icyphy/ptII/lib/junit-4.8.2.j
ar:/home/travis/build/icyphy/ptII/lib/JUnitParams-0.4.0.jar:/home/travis/build/
icyphy/ptII/ptolemy/actor/lib/excel/jxl.jar:/home/travis/build/icyphy/ptII/lib/
jython.jar:/home/travis/build/icyphy/ptII/lib/kieler.jar:/home/travis/build/icy
phy/ptII/vendors/opencv/share/OpenCV/java/opencv-341.jar:/home/travis/build/icy
phy/ptII/lib/oscP5.jar:/home/travis/build/icyphy/ptII/lib/nrjavaserial-3.11.0.d
evel.jar:/home/travis/build/icyphy/ptII/vendors/j3d/lib/j3dcore.jar:/home/travi
s/build/icyphy/ptII/vendors/j3d/lib/j3dutils.jar:/home/travis/build/icyphy/ptII
/vendors/j3d/lib/vecmath.jar:/home/travis/build/icyphy/ptII/ptolemy/distributed
/jini/jar/jini-core.jar:/home/travis/build/icyphy/ptII/ptolemy/distributed/jini
/jar/jini-ext.jar:/home/travis/build/icyphy/ptII/ptolemy/distributed/jini/jar/s
un-util.jar:/home/travis/build/icyphy/ptII/lib/protobuf-java-2.4.1.jar:/home/tr
avis/build/icyphy/ptII/lib/org.eclipse.paho.client.mqttv3.jar:/home/travis/buil
d/icyphy/ptII/ptserver/lib/hessian-4.0.7.jar:/home/travis/build/icyphy/ptII/pts
erver/lib/wmqtt.jar:/home/travis/build/icyphy/ptII/lib/mapss.jar:/home/travis/b
uild/icyphy/ptII/ptolemy/actor/ptalon/antlr/antlr.jar:/home/travis/build/icyphy
/ptII/lib/JRI.jar:/home/travis/build/icyphy/ptII/lib/commons-lang-2.6.jar:/home
/travis/build/icyphy/ptII/lib/commons-logging-1.1.1.jar:/home/travis/build/icyp
hy/ptII/lib/sootclasses.jar:/home/travis/build/icyphy/ptII/ptolemy/actor/lib/da
tabase/mysql-connector-java-5.1.6-bin.jar:/home/travis/build/icyphy/ptII/vendor
s/misc/sphinx4/sphinx4-data-5prealpha.jar:/home/travis/build/icyphy/ptII/vendor
s/misc/sphinx4/sphinx4-core-5prealpha.jar:/home/travis/build/icyphy/ptII/lib/PD
FRenderer.jar:/home/travis/build/icyphy/ptII/lib/svgSalamander.jar:/home/travis
/build/icyphy/ptII/lib/rsyntaxtextarea-2.6.0-SNAPSHOT.jar:/home/travis/build/ic
yphy/ptII/lib/hazelcast-3.8.2.jar:/home/travis/build/icyphy/ptII/lib/jackson-an
notations-2.9.0.jar:/home/travis/build/icyphy/ptII/lib/jackson-core-2.9.3.jar:/
home/travis/build/icyphy/ptII/lib/jackson-databind-2.9.3.jar:/home/travis/build
/icyphy/ptII/lib/netty-buffer-4.1.19.Final.jar:/home/travis/build/icyphy/ptII/l
ib/netty-codec-4.1.19.Final.jar:/home/travis/build/icyphy/ptII/lib/netty-codec-
dns-4.1.19.Final.jar:/home/travis/build/icyphy/ptII/lib/netty-codec-http-4.1.19
.Final.jar:/home/travis/build/icyphy/ptII/lib/netty-codec-http2-4.1.19.Final.ja
r:/home/travis/build/icyphy/ptII/lib/netty-common-4.1.19.Final.jar:/home/travis
/build/icyphy/ptII/lib/netty-handler-4.1.19.Final.jar:/home/travis/build/icyphy
/ptII/lib/netty-resolver-4.1.19.Final.jar:/home/travis/build/icyphy/ptII/lib/ne
tty-resolver-dns-4.1.19.Final.jar:/home/travis/build/icyphy/ptII/lib/netty-tran
sport-4.1.19.Final.jar:/home/travis/build/icyphy/ptII/lib/vertx-codegen-3.5.1.j
ar:/home/travis/build/icyphy/ptII/lib/vertx-core-3.5.2-SNAPSHOT.jar:/home/travi
s/build/icyphy/ptII/lib/vertx-hazelcast-3.5.1.jar:/home/travis/build/icyphy/ptI
I/lib/vertx-lang-js-3.5.1.jar:/home/travis/build/icyphy/ptII/lib/vertx-service-
proxy-3.5.1.jar:/home/travis/build/icyphy/ptII/lib/vertx-web-3.5.1.jar:/home/tr
avis/build/icyphy/ptII/lib/slf4j-api-1.7.13.jar:/home/travis/build/icyphy/ptII/
lib/slf4j-simple-1.7.13.jar:/home/travis/build/icyphy/ptII/lib/webcam-capture-0
.3.12.jar:/home/travis/build/icyphy/ptII/lib/bridj-0.7.0.jar:/home/travis/build
/icyphy/ptII/lib/xbjlib-1.1.0.nrjavaserial.jar:/home/travis/build/icyphy/ptII/p
tolemy/moml/test:/home/travis/build/icyphy/ptII/ant/lib/ant-launcher.jar:/home/
travis/build/icyphy/ptII/ant/lib/ant.jar:/home/travis/build/icyphy/ptII/ant/lib
/ant-junit.jar:/home/travis/build/icyphy/ptII/ant/lib/ant-junit4.jar:/home/trav
is/build/icyphy/ptII ModularCodeGenTest_A1_A2_profile.java
total 64
-rw-rw-r-- 1 travis travis 3491 Jul  8 01:40 ModularCodeGenTest_A1_A2.class
-rw-rw-r-- 1 travis travis 9163 Jul  8 01:40 ModularCodeGenTest_A1_A2.java
-rw-rw-r-- 1 travis travis  904 Jul  8 01:40 ModularCodeGenTest_A1_A2.mk
-rw-rw-r-- 1 travis travis 1306 Jul  8 01:40 ModularCodeGenTest_A1_A2_profile.class
-rw-rw-r-- 1 travis travis 1228 Jul  8 01:40 ModularCodeGenTest_A1_A2_profile.java
-rw-rw-r-- 1 travis travis 3823 Jul  8 01:40 ModularCodeGenTest_A1.class
-rw-rw-r-- 1 travis travis 9968 Jul  8 01:40 ModularCodeGenTest_A1.java
-rw-rw-r-- 1 travis travis  880 Jul  8 01:40 ModularCodeGenTest_A1.mk
-rw-rw-r-- 1 travis travis 1352 Jul  8 01:40 ModularCodeGenTest_A1_profile.class
-rw-rw-r-- 1 travis travis 1394 Jul  8 01:40 ModularCodeGenTest_A1_profile.java
-rw-rw-r-- 1 travis travis  432 Jul  8 01:40 Token.class
-rw-rw-r-- 1 travis travis  251 Jul  8 01:40 Token.java
warning: Supported source version 'RELEASE_6' from annotation processor 'org.netbeans.modules.openide.util.NbBundleProcessor' less than -source '1.8'
warning: Supported source version 'RELEASE_6' from annotation processor 'org.netbeans.modules.openide.util.URLStreamHandlerRegistrationProcessor' less than -source '1.8'
warning: Supported source version 'RELEASE_6' from annotation processor 'org.netbeans.modules.openide.util.ServiceProviderProcessor' less than -source '1.8'
3 warnings
All Done
Writing ModularCodeGenTest_A1_A2.java in file:/home/travis/cg/ (9164 characters)
Reading "ptolemy/cg/kernel/generic/program/procedural/java/modular/makefile.in",
    writing "/home/travis/cg/ModularCodeGenTest_A1_A2.mk"
Using ptolemy/cg/kernel/generic/program/procedural/java/modular/makefile.in
In "/home/travis/cg", about to execute:
    make -f ModularCodeGenTest_A1_A2.mk
javac -classpath ".:.."    ModularCodeGenTest_A1_A2.java
All Done
2319 ms. Memory: 208384K Free: 155671K (75%)
In "/home/travis/cg", about to execute:
    pwd
In "/home/travis/cg", about to execute:
    ls -l
/home/travis/cg
In "/home/travis/cg", about to execute:
    javac -classpath
.:/home/travis/build/icyphy/ptII:/home/travis/build/icyphy/ptII/lib/bsh-2.0b4.j
ar:/home/travis/build/icyphy/ptII/lib/ptCal.jar:/home/travis/build/icyphy/ptII/
lib/java_cup.jar:/home/travis/build/icyphy/ptII/lib/saxon8.jar:/home/travis/bui
ld/icyphy/ptII/lib/saxon8-dom.jar:/home/travis/build/icyphy/ptII/lib/chic.jar:/
home/travis/build/icyphy/ptII/lib/ptcolt.jar:/usr/lib/jvm/java-8-oracle/lib/too
ls.jar:/usr/lib/eclipse/plugins/org.eclipse.jdt.core_3.8.2.dist.jar:/usr/lib/ec
lipse/plugins/org.eclipse.core.runtime_3.8.0.dist.jar:/usr/lib/eclipse/plugins/
org.eclipse.osgi_3.8.1.dist.jar:/usr/lib/eclipse/plugins/org.eclipse.core.resou
rces_3.8.1.dist.jar:/usr/lib/eclipse/plugins/org.eclipse.equinox.common_3.6.100
.dist.jar:/usr/lib/eclipse/plugins/org.eclipse.core.jobs_3.5.200.dist.jar:/usr/
lib/eclipse/plugins/org.eclipse.core.contenttype_3.4.200.dist.jar:/usr/lib/ecli
pse/plugins/org.eclipse.equinox.preferences_3.5.0.dist.jar:/usr/lib/eclipse/plu
gins/org.eclipse.text_3.5.200.dist.jar:/usr/lib/eclipse/plugins/org.eclipse.ui.
workbench_3.8.1.dist.jar:/usr/lib/eclipse/plugins/org.eclipse.jface_3.8.0.dist.
jar:/usr/lib/eclipse/plugins/org.eclipse.swt_3.8.2.jar:/usr/lib/eclipse/plugins
/org.eclipse.jface.text_3.8.1.dist.jar:/usr/lib/eclipse/plugins/org.eclipse.ui.
workbench.texteditor_3.8.0.dist.jar:/usr/lib/eclipse/plugins/org.eclipse.ui.edi
tors_3.8.0.dist.jar:/usr/lib/eclipse/plugins/org.eclipse.core.commands_3.6.1.di
st.jar:/usr/lib/eclipse/plugins/org.eclipse.equinox.registry_3.5.200.dist.jar:/
usr/lib/eclipse/plugins/org.eclipse.ui.console_3.5.100.dist.jar:/usr/lib/eclips
e/plugins/org.eclipse.ui.forms_3.5.200.dist.jar:/usr/lib/eclipse/plugins/org.ec
lipse.ui.ide_3.8.1.dist.jar:/home/travis/build/icyphy/ptII/vendors/oracle/dbxml
.jar:/home/travis/build/icyphy/ptII/vendors/oracle/db.jar:/home/travis/build/ic
yphy/ptII/vendors/misc/itext/iText.jar:/home/travis/build/icyphy/ptII/lib/g4ltl
.jar:/home/travis/build/icyphy/ptII/lib/StructuralCoder.jar:/home/travis/build/
icyphy/ptII/lib/org-openide-util.jar:/home/travis/build/icyphy/ptII/lib/org-ope
nide-util-lookup.jar:/home/travis/build/icyphy/ptII/lib/org-netbeans-api-visual
.jar:/home/travis/build/icyphy/ptII/vendors/jai-1_1_2_01/lib/jai_core.jar:/home
/travis/build/icyphy/ptII/vendors/jai-1_1_2_01/lib/jai_codec.jar:/home/travis/b
uild/icyphy/ptII/lib/jcerti.jar:/home/travis/build/icyphy/ptII/lib/smack.jar:/h
ome/travis/build/icyphy/ptII/lib/smackx.jar:/home/travis/build/icyphy/ptII/lib/
jetty-all-8.1.5-v20120716.jar:/home/travis/build/icyphy/ptII/lib/javax.servlet-
api-3.0.1.jar:/home/travis/build/icyphy/ptII/lib/javax.mail.jar:/home/travis/bu
ild/icyphy/ptII/vendors/JMF-2.1.1e/lib/jmf.jar:/home/travis/build/icyphy/ptII/l
ib/jna-4.0.0-variadic.jar:/home/travis/build/icyphy/ptII/vendors/misc/joystick/
Joystick.jar:/home/travis/build/icyphy/ptII/lib/ptjacl.jar:/home/travis/build/i
cyphy/ptII/lib/jsoup-1.8.2.jar:/home/travis/build/icyphy/ptII/lib/junit-4.8.2.j
ar:/home/travis/build/icyphy/ptII/lib/JUnitParams-0.4.0.jar:/home/travis/build/
icyphy/ptII/ptolemy/actor/lib/excel/jxl.jar:/home/travis/build/icyphy/ptII/lib/
jython.jar:/home/travis/build/icyphy/ptII/lib/kieler.jar:/home/travis/build/icy
phy/ptII/vendors/opencv/share/OpenCV/java/opencv-341.jar:/home/travis/build/icy
phy/ptII/lib/oscP5.jar:/home/travis/build/icyphy/ptII/lib/nrjavaserial-3.11.0.d
evel.jar:/home/travis/build/icyphy/ptII/vendors/j3d/lib/j3dcore.jar:/home/travi
s/build/icyphy/ptII/vendors/j3d/lib/j3dutils.jar:/home/travis/build/icyphy/ptII
/vendors/j3d/lib/vecmath.jar:/home/travis/build/icyphy/ptII/ptolemy/distributed
/jini/jar/jini-core.jar:/home/travis/build/icyphy/ptII/ptolemy/distributed/jini
/jar/jini-ext.jar:/home/travis/build/icyphy/ptII/ptolemy/distributed/jini/jar/s
un-util.jar:/home/travis/build/icyphy/ptII/lib/protobuf-java-2.4.1.jar:/home/tr
avis/build/icyphy/ptII/lib/org.eclipse.paho.client.mqttv3.jar:/home/travis/buil
d/icyphy/ptII/ptserver/lib/hessian-4.0.7.jar:/home/travis/build/icyphy/ptII/pts
erver/lib/wmqtt.jar:/home/travis/build/icyphy/ptII/lib/mapss.jar:/home/travis/b
uild/icyphy/ptII/ptolemy/actor/ptalon/antlr/antlr.jar:/home/travis/build/icyphy
/ptII/lib/JRI.jar:/home/travis/build/icyphy/ptII/lib/commons-lang-2.6.jar:/home
/travis/build/icyphy/ptII/lib/commons-logging-1.1.1.jar:/home/travis/build/icyp
hy/ptII/lib/sootclasses.jar:/home/travis/build/icyphy/ptII/ptolemy/actor/lib/da
tabase/mysql-connector-java-5.1.6-bin.jar:/home/travis/build/icyphy/ptII/vendor
s/misc/sphinx4/sphinx4-data-5prealpha.jar:/home/travis/build/icyphy/ptII/vendor
s/misc/sphinx4/sphinx4-core-5prealpha.jar:/home/travis/build/icyphy/ptII/lib/PD
FRenderer.jar:/home/travis/build/icyphy/ptII/lib/svgSalamander.jar:/home/travis
/build/icyphy/ptII/lib/rsyntaxtextarea-2.6.0-SNAPSHOT.jar:/home/travis/build/ic
yphy/ptII/lib/hazelcast-3.8.2.jar:/home/travis/build/icyphy/ptII/lib/jackson-an
notations-2.9.0.jar:/home/travis/build/icyphy/ptII/lib/jackson-core-2.9.3.jar:/
home/travis/build/icyphy/ptII/lib/jackson-databind-2.9.3.jar:/home/travis/build
/icyphy/ptII/lib/netty-buffer-4.1.19.Final.jar:/home/travis/build/icyphy/ptII/l
ib/netty-codec-4.1.19.Final.jar:/home/travis/build/icyphy/ptII/lib/netty-codec-
dns-4.1.19.Final.jar:/home/travis/build/icyphy/ptII/lib/netty-codec-http-4.1.19
.Final.jar:/home/travis/build/icyphy/ptII/lib/netty-codec-http2-4.1.19.Final.ja
r:/home/travis/build/icyphy/ptII/lib/netty-common-4.1.19.Final.jar:/home/travis
/build/icyphy/ptII/lib/netty-handler-4.1.19.Final.jar:/home/travis/build/icyphy
/ptII/lib/netty-resolver-4.1.19.Final.jar:/home/travis/build/icyphy/ptII/lib/ne
tty-resolver-dns-4.1.19.Final.jar:/home/travis/build/icyphy/ptII/lib/netty-tran
sport-4.1.19.Final.jar:/home/travis/build/icyphy/ptII/lib/vertx-codegen-3.5.1.j
ar:/home/travis/build/icyphy/ptII/lib/vertx-core-3.5.2-SNAPSHOT.jar:/home/travi
s/build/icyphy/ptII/lib/vertx-hazelcast-3.5.1.jar:/home/travis/build/icyphy/ptI
I/lib/vertx-lang-js-3.5.1.jar:/home/travis/build/icyphy/ptII/lib/vertx-service-
proxy-3.5.1.jar:/home/travis/build/icyphy/ptII/lib/vertx-web-3.5.1.jar:/home/tr
avis/build/icyphy/ptII/lib/slf4j-api-1.7.13.jar:/home/travis/build/icyphy/ptII/
lib/slf4j-simple-1.7.13.jar:/home/travis/build/icyphy/ptII/lib/webcam-capture-0
.3.12.jar:/home/travis/build/icyphy/ptII/lib/bridj-0.7.0.jar:/home/travis/build
/icyphy/ptII/lib/xbjlib-1.1.0.nrjavaserial.jar:/home/travis/build/icyphy/ptII/p
tolemy/moml/test:/home/travis/build/icyphy/ptII/ant/lib/ant-launcher.jar:/home/
travis/build/icyphy/ptII/ant/lib/ant.jar:/home/travis/build/icyphy/ptII/ant/lib
/ant-junit.jar:/home/travis/build/icyphy/ptII/ant/lib/ant-junit4.jar:/home/trav
is/build/icyphy/ptII ModularCodeGenTest_A1_A2_profile.java
total 4
-rw-rw-r-- 1 travis travis 1228 Jul  8 01:40 ModularCodeGenTest_A1_A2_profile.java
warning: Supported source version 'RELEASE_6' from annotation processor 'org.netbeans.modules.openide.util.NbBundleProcessor' less than -source '1.8'
warning: Supported source version 'RELEASE_6' from annotation processor 'org.netbeans.modules.openide.util.URLStreamHandlerRegistrationProcessor' less than -source '1.8'
warning: Supported source version 'RELEASE_6' from annotation processor 'org.netbeans.modules.openide.util.ServiceProviderProcessor' less than -source '1.8'
3 warnings
All Done
Writing ModularCodeGenTest_A1_A2.java in file:/home/travis/cg/ (9164 characters)
Reading "ptolemy/cg/kernel/generic/program/procedural/java/modular/makefile.in",
    writing "/home/travis/cg/ModularCodeGenTest_A1_A2.mk"
Using ptolemy/cg/kernel/generic/program/procedural/java/modular/makefile.in
In "/home/travis/cg", about to execute:
    make -f ModularCodeGenTest_A1_A2.mk
javac -classpath ".:.."    ModularCodeGenTest_A1_A2.java
All Done
In "/home/travis/cg", about to execute:
    pwd
In "/home/travis/cg", about to execute:
    ls -l
/home/travis/cg
total 40
-rw-rw-r-- 1 travis travis 3492 Jul  8 01:40 ModularCodeGenTest_A1_A2.class
-rw-rw-r-- 1 travis travis 9164 Jul  8 01:40 ModularCodeGenTest_A1_A2.java
-rw-rw-r-- 1 travis travis  904 Jul  8 01:40 ModularCodeGenTest_A1_A2.mk
In "/home/travis/cg", about to execute:
-rw-rw-r-- 1 travis travis 1306 Jul  8 01:40 ModularCodeGenTest_A1_A2_profile.class
-rw-rw-r-- 1 travis travis 1228 Jul  8 01:40 ModularCodeGenTest_A1_A2_profile.java
-rw-rw-r-- 1 travis travis 1394 Jul  8 01:40 ModularCodeGenTest_A1_profile.java
-rw-rw-r-- 1 travis travis  432 Jul  8 01:40 Token.class
-rw-rw-r-- 1 travis travis  251 Jul  8 01:40 Token.java
    javac -classpath
.:/home/travis/build/icyphy/ptII:/home/travis/build/icyphy/ptII/lib/bsh-2.0b4.j
ar:/home/travis/build/icyphy/ptII/lib/ptCal.jar:/home/travis/build/icyphy/ptII/
lib/java_cup.jar:/home/travis/build/icyphy/ptII/lib/saxon8.jar:/home/travis/bui
ld/icyphy/ptII/lib/saxon8-dom.jar:/home/travis/build/icyphy/ptII/lib/chic.jar:/
home/travis/build/icyphy/ptII/lib/ptcolt.jar:/usr/lib/jvm/java-8-oracle/lib/too
ls.jar:/usr/lib/eclipse/plugins/org.eclipse.jdt.core_3.8.2.dist.jar:/usr/lib/ec
lipse/plugins/org.eclipse.core.runtime_3.8.0.dist.jar:/usr/lib/eclipse/plugins/
org.eclipse.osgi_3.8.1.dist.jar:/usr/lib/eclipse/plugins/org.eclipse.core.resou
rces_3.8.1.dist.jar:/usr/lib/eclipse/plugins/org.eclipse.equinox.common_3.6.100
.dist.jar:/usr/lib/eclipse/plugins/org.eclipse.core.jobs_3.5.200.dist.jar:/usr/
lib/eclipse/plugins/org.eclipse.core.contenttype_3.4.200.dist.jar:/usr/lib/ecli
pse/plugins/org.eclipse.equinox.preferences_3.5.0.dist.jar:/usr/lib/eclipse/plu
gins/org.eclipse.text_3.5.200.dist.jar:/usr/lib/eclipse/plugins/org.eclipse.ui.
workbench_3.8.1.dist.jar:/usr/lib/eclipse/plugins/org.eclipse.jface_3.8.0.dist.
jar:/usr/lib/eclipse/plugins/org.eclipse.swt_3.8.2.jar:/usr/lib/eclipse/plugins
/org.eclipse.jface.text_3.8.1.dist.jar:/usr/lib/eclipse/plugins/org.eclipse.ui.
workbench.texteditor_3.8.0.dist.jar:/usr/lib/eclipse/plugins/org.eclipse.ui.edi
tors_3.8.0.dist.jar:/usr/lib/eclipse/plugins/org.eclipse.core.commands_3.6.1.di
st.jar:/usr/lib/eclipse/plugins/org.eclipse.equinox.registry_3.5.200.dist.jar:/
usr/lib/eclipse/plugins/org.eclipse.ui.console_3.5.100.dist.jar:/usr/lib/eclips
e/plugins/org.eclipse.ui.forms_3.5.200.dist.jar:/usr/lib/eclipse/plugins/org.ec
lipse.ui.ide_3.8.1.dist.jar:/home/travis/build/icyphy/ptII/vendors/oracle/dbxml
.jar:/home/travis/build/icyphy/ptII/vendors/oracle/db.jar:/home/travis/build/ic
yphy/ptII/vendors/misc/itext/iText.jar:/home/travis/build/icyphy/ptII/lib/g4ltl
.jar:/home/travis/build/icyphy/ptII/lib/StructuralCoder.jar:/home/travis/build/
icyphy/ptII/lib/org-openide-util.jar:/home/travis/build/icyphy/ptII/lib/org-ope
nide-util-lookup.jar:/home/travis/build/icyphy/ptII/lib/org-netbeans-api-visual
.jar:/home/travis/build/icyphy/ptII/vendors/jai-1_1_2_01/lib/jai_core.jar:/home
/travis/build/icyphy/ptII/vendors/jai-1_1_2_01/lib/jai_codec.jar:/home/travis/b
uild/icyphy/ptII/lib/jcerti.jar:/home/travis/build/icyphy/ptII/lib/smack.jar:/h
ome/travis/build/icyphy/ptII/lib/smackx.jar:/home/travis/build/icyphy/ptII/lib/
jetty-all-8.1.5-v20120716.jar:/home/travis/build/icyphy/ptII/lib/javax.servlet-
api-3.0.1.jar:/home/travis/build/icyphy/ptII/lib/javax.mail.jar:/home/travis/bu
ild/icyphy/ptII/vendors/JMF-2.1.1e/lib/jmf.jar:/home/travis/build/icyphy/ptII/l
ib/jna-4.0.0-variadic.jar:/home/travis/build/icyphy/ptII/vendors/misc/joystick/
Joystick.jar:/home/travis/build/icyphy/ptII/lib/ptjacl.jar:/home/travis/build/i
cyphy/ptII/lib/jsoup-1.8.2.jar:/home/travis/build/icyphy/ptII/lib/junit-4.8.2.j
ar:/home/travis/build/icyphy/ptII/lib/JUnitParams-0.4.0.jar:/home/travis/build/
icyphy/ptII/ptolemy/actor/lib/excel/jxl.jar:/home/travis/build/icyphy/ptII/lib/
jython.jar:/home/travis/build/icyphy/ptII/lib/kieler.jar:/home/travis/build/icy
phy/ptII/vendors/opencv/share/OpenCV/java/opencv-341.jar:/home/travis/build/icy
phy/ptII/lib/oscP5.jar:/home/travis/build/icyphy/ptII/lib/nrjavaserial-3.11.0.d
evel.jar:/home/travis/build/icyphy/ptII/vendors/j3d/lib/j3dcore.jar:/home/travi
s/build/icyphy/ptII/vendors/j3d/lib/j3dutils.jar:/home/travis/build/icyphy/ptII
/vendors/j3d/lib/vecmath.jar:/home/travis/build/icyphy/ptII/ptolemy/distributed
/jini/jar/jini-core.jar:/home/travis/build/icyphy/ptII/ptolemy/distributed/jini
/jar/jini-ext.jar:/home/travis/build/icyphy/ptII/ptolemy/distributed/jini/jar/s
un-util.jar:/home/travis/build/icyphy/ptII/lib/protobuf-java-2.4.1.jar:/home/tr
avis/build/icyphy/ptII/lib/org.eclipse.paho.client.mqttv3.jar:/home/travis/buil
d/icyphy/ptII/ptserver/lib/hessian-4.0.7.jar:/home/travis/build/icyphy/ptII/pts
erver/lib/wmqtt.jar:/home/travis/build/icyphy/ptII/lib/mapss.jar:/home/travis/b
uild/icyphy/ptII/ptolemy/actor/ptalon/antlr/antlr.jar:/home/travis/build/icyphy
/ptII/lib/JRI.jar:/home/travis/build/icyphy/ptII/lib/commons-lang-2.6.jar:/home
/travis/build/icyphy/ptII/lib/commons-logging-1.1.1.jar:/home/travis/build/icyp
hy/ptII/lib/sootclasses.jar:/home/travis/build/icyphy/ptII/ptolemy/actor/lib/da
tabase/mysql-connector-java-5.1.6-bin.jar:/home/travis/build/icyphy/ptII/vendor
s/misc/sphinx4/sphinx4-data-5prealpha.jar:/home/travis/build/icyphy/ptII/vendor
s/misc/sphinx4/sphinx4-core-5prealpha.jar:/home/travis/build/icyphy/ptII/lib/PD
FRenderer.jar:/home/travis/build/icyphy/ptII/lib/svgSalamander.jar:/home/travis
/build/icyphy/ptII/lib/rsyntaxtextarea-2.6.0-SNAPSHOT.jar:/home/travis/build/ic
yphy/ptII/lib/hazelcast-3.8.2.jar:/home/travis/build/icyphy/ptII/lib/jackson-an
notations-2.9.0.jar:/home/travis/build/icyphy/ptII/lib/jackson-core-2.9.3.jar:/
home/travis/build/icyphy/ptII/lib/jackson-databind-2.9.3.jar:/home/travis/build
/icyphy/ptII/lib/netty-buffer-4.1.19.Final.jar:/home/travis/build/icyphy/ptII/l
ib/netty-codec-4.1.19.Final.jar:/home/travis/build/icyphy/ptII/lib/netty-codec-
dns-4.1.19.Final.jar:/home/travis/build/icyphy/ptII/lib/netty-codec-http-4.1.19
.Final.jar:/home/travis/build/icyphy/ptII/lib/netty-codec-http2-4.1.19.Final.ja
r:/home/travis/build/icyphy/ptII/lib/netty-common-4.1.19.Final.jar:/home/travis
/build/icyphy/ptII/lib/netty-handler-4.1.19.Final.jar:/home/travis/build/icyphy
/ptII/lib/netty-resolver-4.1.19.Final.jar:/home/travis/build/icyphy/ptII/lib/ne
tty-resolver-dns-4.1.19.Final.jar:/home/travis/build/icyphy/ptII/lib/netty-tran
sport-4.1.19.Final.jar:/home/travis/build/icyphy/ptII/lib/vertx-codegen-3.5.1.j
ar:/home/travis/build/icyphy/ptII/lib/vertx-core-3.5.2-SNAPSHOT.jar:/home/travi
s/build/icyphy/ptII/lib/vertx-hazelcast-3.5.1.jar:/home/travis/build/icyphy/ptI
I/lib/vertx-lang-js-3.5.1.jar:/home/travis/build/icyphy/ptII/lib/vertx-service-
proxy-3.5.1.jar:/home/travis/build/icyphy/ptII/lib/vertx-web-3.5.1.jar:/home/tr
avis/build/icyphy/ptII/lib/slf4j-api-1.7.13.jar:/home/travis/build/icyphy/ptII/
lib/slf4j-simple-1.7.13.jar:/home/travis/build/icyphy/ptII/lib/webcam-capture-0
.3.12.jar:/home/travis/build/icyphy/ptII/lib/bridj-0.7.0.jar:/home/travis/build
/icyphy/ptII/lib/xbjlib-1.1.0.nrjavaserial.jar:/home/travis/build/icyphy/ptII/p
tolemy/moml/test:/home/travis/build/icyphy/ptII/ant/lib/ant-launcher.jar:/home/
travis/build/icyphy/ptII/ant/lib/ant.jar:/home/travis/build/icyphy/ptII/ant/lib
/ant-junit.jar:/home/travis/build/icyphy/ptII/ant/lib/ant-junit4.jar:/home/trav
is/build/icyphy/ptII ModularCodeGenTest_A1_profile.java
warning: Supported source version 'RELEASE_6' from annotation processor 'org.netbeans.modules.openide.util.NbBundleProcessor' less than -source '1.8'
warning: Supported source version 'RELEASE_6' from annotation processor 'org.netbeans.modules.openide.util.URLStreamHandlerRegistrationProcessor' less than -source '1.8'
warning: Supported source version 'RELEASE_6' from annotation processor 'org.netbeans.modules.openide.util.ServiceProviderProcessor' less than -source '1.8'
3 warnings
All Done
Writing ModularCodeGenTest_A1.java in file:/home/travis/cg/ (9968 characters)
Reading "ptolemy/cg/kernel/generic/program/procedural/java/modular/makefile.in",
    writing "/home/travis/cg/ModularCodeGenTest_A1.mk"
Using ptolemy/cg/kernel/generic/program/procedural/java/modular/makefile.in
In "/home/travis/cg", about to execute:
    make -f ModularCodeGenTest_A1.mk
javac -classpath ".:.."    ModularCodeGenTest_A1.java
All Done
4547 ms. Memory: 331264K Free: 249179K (75%)
07/08/18 01:40:47
Failed: 0  Total Tests: 3  ((Passed: 3, Newly Passed: 0)  Known Failed: 0) /home/travis/build/icyphy/ptII/ptolemy/cg/lib/test
No auto/knownFailedTests/*.xml tests in /home/travis/build/icyphy/ptII/ptolemy/cg/lib/test
No auto/linux-amd64/*.xml tests in /home/travis/build/icyphy/ptII/ptolemy/cg/lib/test
AutoTests.java: About to close Vertx.
AutoTests.java: Vertx closed.

===========================================================================================
----------------- testing Sun Jul 08 01:40:47 UTC 2018 /home/travis/build/icyphy/ptII/ptolemy/cg/lib/test/auto/CompiledCompositeActor.xml
----------------- Instantiating /home/travis/build/icyphy/ptII/ptolemy/cg/lib/test/auto/CompiledCompositeActor.xml
CompiledCompositeActor: Building shared object: The sharedObjectFile has a modification time that is earlier than the modelFile modification time.
Writing CompiledCompositeActor_CompiledCompositeActor.java in file:/home/travis/cg/ (13466 characters)
Reading "ptolemy/cg/kernel/generic/program/procedural/java/makefile.in",
    writing "/home/travis/cg/CompiledCompositeActor_CompiledCompositeActor.mk"
Using ptolemy/cg/kernel/generic/program/procedural/java/makefile.in
In "/home/travis/cg", about to execute:
    make -f CompiledCompositeActor_CompiledCompositeActor.mk
javac -classpath ".:."    CompiledCompositeActor_CompiledCompositeActor.java
All Done
961 ms. Memory: 331264K Free: 169317K (51%)
----------------- Invoking toplevel() on ptolemy.moml.MoMLSimpleApplication@48755e04
----------------- Done invoking toplevel() on ptolemy.moml.MoMLSimpleApplication@48755e04
reloadAllAccessors: .CompiledCompositeActor

===========================================================================================
----------------- testing Sun Jul 08 01:40:48 UTC 2018 /home/travis/build/icyphy/ptII/ptolemy/cg/lib/test/auto/DECGClockRamp.xml
----------------- Instantiating /home/travis/build/icyphy/ptII/ptolemy/cg/lib/test/auto/DECGClockRamp.xml
16 ms. Memory: 331264K Free: 162776K (49%)
----------------- Invoking toplevel() on ptolemy.moml.MoMLSimpleApplication@2dce0806
----------------- Done invoking toplevel() on ptolemy.moml.MoMLSimpleApplication@2dce0806
reloadAllAccessors: .DECGClockRamp

===========================================================================================
----------------- testing Sun Jul 08 01:40:48 UTC 2018 /home/travis/build/icyphy/ptII/ptolemy/cg/lib/test/auto/DECGDelay.xml
----------------- Instantiating /home/travis/build/icyphy/ptII/ptolemy/cg/lib/test/auto/DECGDelay.xml
11 ms. Memory: 331264K Free: 154545K (47%)
----------------- Invoking toplevel() on ptolemy.moml.MoMLSimpleApplication@299a83a9
----------------- Done invoking toplevel() on ptolemy.moml.MoMLSimpleApplication@299a83a9
reloadAllAccessors: .DECGDelay

===========================================================================================
----------------- testing Sun Jul 08 01:40:48 UTC 2018 /home/travis/build/icyphy/ptII/ptolemy/cg/lib/test/auto/DECGHelloWorld.xml
----------------- Instantiating /home/travis/build/icyphy/ptII/ptolemy/cg/lib/test/auto/DECGHelloWorld.xml
13 ms. Memory: 331264K Free: 147989K (45%)
----------------- Invoking toplevel() on ptolemy.moml.MoMLSimpleApplication@6244e735
----------------- Done invoking toplevel() on ptolemy.moml.MoMLSimpleApplication@6244e735
reloadAllAccessors: .DECGHelloWorld

===========================================================================================
----------------- testing Sun Jul 08 01:40:48 UTC 2018 /home/travis/build/icyphy/ptII/ptolemy/cg/lib/test/auto/DECGHeterogeneous.xml
----------------- Instantiating /home/travis/build/icyphy/ptII/ptolemy/cg/lib/test/auto/DECGHeterogeneous.xml
31 ms. Memory: 331264K Free: 133242K (40%)
----------------- Invoking toplevel() on ptolemy.moml.MoMLSimpleApplication@7d3725e6
----------------- Done invoking toplevel() on ptolemy.moml.MoMLSimpleApplication@7d3725e6
reloadAllAccessors: .DECGHeterogeneous

===========================================================================================
----------------- testing Sun Jul 08 01:40:48 UTC 2018 /home/travis/build/icyphy/ptII/ptolemy/cg/lib/test/auto/DECGHeterogeneousMk2.xml
----------------- Instantiating /home/travis/build/icyphy/ptII/ptolemy/cg/lib/test/auto/DECGHeterogeneousMk2.xml
56 ms. Memory: 331264K Free: 116820K (35%)
----------------- Invoking toplevel() on ptolemy.moml.MoMLSimpleApplication@6fd79978
----------------- Done invoking toplevel() on ptolemy.moml.MoMLSimpleApplication@6fd79978
reloadAllAccessors: .DECGHeterogeneousMk2

===========================================================================================
----------------- testing Sun Jul 08 01:40:48 UTC 2018 /home/travis/build/icyphy/ptII/ptolemy/cg/lib/test/auto/DECGMath.xml
----------------- Instantiating /home/travis/build/icyphy/ptII/ptolemy/cg/lib/test/auto/DECGMath.xml
14 ms. Memory: 331264K Free: 108613K (33%)
----------------- Invoking toplevel() on ptolemy.moml.MoMLSimpleApplication@2b428173
----------------- Done invoking toplevel() on ptolemy.moml.MoMLSimpleApplication@2b428173
reloadAllAccessors: .DECGMath

===========================================================================================
----------------- testing Sun Jul 08 01:40:49 UTC 2018 /home/travis/build/icyphy/ptII/ptolemy/cg/lib/test/auto/DECGPi.xml
----------------- Instantiating /home/travis/build/icyphy/ptII/ptolemy/cg/lib/test/auto/DECGPi.xml
74 ms. Memory: 331264K Free: 95484K (29%)
----------------- Invoking toplevel() on ptolemy.moml.MoMLSimpleApplication@70a4f52a
----------------- Done invoking toplevel() on ptolemy.moml.MoMLSimpleApplication@70a4f52a
reloadAllAccessors: .DECGPi

===========================================================================================
----------------- testing Sun Jul 08 01:40:49 UTC 2018 /home/travis/build/icyphy/ptII/ptolemy/cg/lib/test/auto/DECGPiSquare.xml
----------------- Instantiating /home/travis/build/icyphy/ptII/ptolemy/cg/lib/test/auto/DECGPiSquare.xml
127 ms. Memory: 331776K Free: 321620K (97%)
----------------- Invoking toplevel() on ptolemy.moml.MoMLSimpleApplication@35a79a6e
----------------- Done invoking toplevel() on ptolemy.moml.MoMLSimpleApplication@35a79a6e
reloadAllAccessors: .DECGPiSquare

===========================================================================================
----------------- testing Sun Jul 08 01:40:49 UTC 2018 /home/travis/build/icyphy/ptII/ptolemy/cg/lib/test/auto/DECGPoisson.xml
----------------- Instantiating /home/travis/build/icyphy/ptII/ptolemy/cg/lib/test/auto/DECGPoisson.xml
3 ms. Memory: 331776K Free: 311161K (94%)
----------------- Invoking toplevel() on ptolemy.moml.MoMLSimpleApplication@1312a017
----------------- Done invoking toplevel() on ptolemy.moml.MoMLSimpleApplication@1312a017
reloadAllAccessors: .DECGPoisson

===========================================================================================
----------------- testing Sun Jul 08 01:40:49 UTC 2018 /home/travis/build/icyphy/ptII/ptolemy/cg/lib/test/auto/JavaCompiledCompositeActor5.xml
----------------- Instantiating /home/travis/build/icyphy/ptII/ptolemy/cg/lib/test/auto/JavaCompiledCompositeActor5.xml
CompiledCompositeActor: Building shared object: No effigy.  This can happen when CodeGenerator.generateCode() is called from within the test suite.  The code will be recompiled.
Writing CompiledCompositeActor_CompiledCompositeActor.java in file:/home/travis/cg/ (13466 characters)
Reading "ptolemy/cg/kernel/generic/program/procedural/java/makefile.in",
    writing "/home/travis/cg/CompiledCompositeActor_CompiledCompositeActor.mk"
Using ptolemy/cg/kernel/generic/program/procedural/java/makefile.in
In "/home/travis/cg", about to execute:
    make -f CompiledCompositeActor_CompiledCompositeActor.mk
javac -classpath ".:."    CompiledCompositeActor_CompiledCompositeActor.java
All Done
936 ms. Memory: 331776K Free: 270129K (81%)
----------------- Invoking toplevel() on ptolemy.moml.MoMLSimpleApplication@3f9e8893
----------------- Done invoking toplevel() on ptolemy.moml.MoMLSimpleApplication@3f9e8893
reloadAllAccessors: .CompiledCompositeActor

===========================================================================================
----------------- testing Sun Jul 08 01:40:50 UTC 2018 /home/travis/build/icyphy/ptII/ptolemy/cg/lib/test/auto/JavaCompiledCompositeTest1.xml
----------------- Instantiating /home/travis/build/icyphy/ptII/ptolemy/cg/lib/test/auto/JavaCompiledCompositeTest1.xml
CompiledCompositeActor: Building shared object: The sharedObjectFile has a modification time that is earlier than the modelFile modification time.
Writing JavaCompiledCompositeTest1_CompiledCompositeActor.java in file:/home/travis/cg/ (11637 characters)
Reading "ptolemy/cg/kernel/generic/program/procedural/java/makefile.in",
    writing "/home/travis/cg/JavaCompiledCompositeTest1_CompiledCompositeActor.mk"
Using ptolemy/cg/kernel/generic/program/procedural/java/makefile.in
In "/home/travis/cg", about to execute:
    make -f JavaCompiledCompositeTest1_CompiledCompositeActor.mk
javac -classpath ".:."    JavaCompiledCompositeTest1_CompiledCompositeActor.java
All Done
912 ms. Memory: 331776K Free: 238032K (72%)
----------------- Invoking toplevel() on ptolemy.moml.MoMLSimpleApplication@1dd266d
----------------- Done invoking toplevel() on ptolemy.moml.MoMLSimpleApplication@1dd266d
reloadAllAccessors: .JavaCompiledCompositeTest1

===========================================================================================
----------------- testing Sun Jul 08 01:40:51 UTC 2018 /home/travis/build/icyphy/ptII/ptolemy/cg/lib/test/auto/JavaCompiledCompositeTest2.xml
----------------- Instantiating /home/travis/build/icyphy/ptII/ptolemy/cg/lib/test/auto/JavaCompiledCompositeTest2.xml
CompiledCompositeActor: Building shared object: The sharedObjectFile has a modification time that is earlier than the modelFile modification time.
Writing JavaCompiledCompositeTest2_CompiledCompositeActor.java in file:/home/travis/cg/ (14919 characters)
Reading "ptolemy/cg/kernel/generic/program/procedural/java/makefile.in",
    writing "/home/travis/cg/JavaCompiledCompositeTest2_CompiledCompositeActor.mk"
Using ptolemy/cg/kernel/generic/program/procedural/java/makefile.in
In "/home/travis/cg", about to execute:
    make -f JavaCompiledCompositeTest2_CompiledCompositeActor.mk
javac -classpath ".:."    JavaCompiledCompositeTest2_CompiledCompositeActor.java
All Done
933 ms. Memory: 331776K Free: 191250K (58%)
----------------- Invoking toplevel() on ptolemy.moml.MoMLSimpleApplication@d88822f
----------------- Done invoking toplevel() on ptolemy.moml.MoMLSimpleApplication@d88822f
reloadAllAccessors: .JavaCompiledCompositeTest2

===========================================================================================
----------------- testing Sun Jul 08 01:40:52 UTC 2018 /home/travis/build/icyphy/ptII/ptolemy/cg/lib/test/auto/JavaCompiledCompositeTest3.xml
----------------- Instantiating /home/travis/build/icyphy/ptII/ptolemy/cg/lib/test/auto/JavaCompiledCompositeTest3.xml
CompiledCompositeActor: Building shared object: The sharedObjectFile has a modification time that is earlier than the modelFile modification time.
Writing JavaCompiledCompositeTest3_CompiledCompositeActor.java in file:/home/travis/cg/ (13080 characters)
Reading "ptolemy/cg/kernel/generic/program/procedural/java/makefile.in",
    writing "/home/travis/cg/JavaCompiledCompositeTest3_CompiledCompositeActor.mk"
Using ptolemy/cg/kernel/generic/program/procedural/java/makefile.in
In "/home/travis/cg", about to execute:
    make -f JavaCompiledCompositeTest3_CompiledCompositeActor.mk
javac -classpath ".:."    JavaCompiledCompositeTest3_CompiledCompositeActor.java
All Done
791 ms. Memory: 331776K Free: 154358K (47%)
----------------- Invoking toplevel() on ptolemy.moml.MoMLSimpleApplication@5a082649
----------------- Done invoking toplevel() on ptolemy.moml.MoMLSimpleApplication@5a082649
reloadAllAccessors: .JavaCompiledCompositeTest3

===========================================================================================
----------------- testing Sun Jul 08 01:40:53 UTC 2018 /home/travis/build/icyphy/ptII/ptolemy/cg/lib/test/auto/JavaCompiledCompositeTest4.xml
----------------- Instantiating /home/travis/build/icyphy/ptII/ptolemy/cg/lib/test/auto/JavaCompiledCompositeTest4.xml
CompiledCompositeActor: Building shared object: The sharedObjectFile has a modification time that is earlier than the modelFile modification time.
Writing JavaCompiledCompositeTest4_CompiledCompositeActor.java in file:/home/travis/cg/ (9687 characters)
Reading "ptolemy/cg/kernel/generic/program/procedural/java/makefile.in",
    writing "/home/travis/cg/JavaCompiledCompositeTest4_CompiledCompositeActor.mk"
Using ptolemy/cg/kernel/generic/program/procedural/java/makefile.in
In "/home/travis/cg", about to execute:
    make -f JavaCompiledCompositeTest4_CompiledCompositeActor.mk
javac -classpath ".:."    JavaCompiledCompositeTest4_CompiledCompositeActor.java
All Done
870 ms. Memory: 331776K Free: 126138K (38%)
----------------- Invoking toplevel() on ptolemy.moml.MoMLSimpleApplication@299d2521
----------------- Done invoking toplevel() on ptolemy.moml.MoMLSimpleApplication@299d2521
reloadAllAccessors: .JavaCompiledCompositeTest4

===========================================================================================
----------------- testing Sun Jul 08 01:40:54 UTC 2018 /home/travis/build/icyphy/ptII/ptolemy/cg/lib/test/auto/ModularCG.xml
----------------- Instantiating /home/travis/build/icyphy/ptII/ptolemy/cg/lib/test/auto/ModularCG.xml
In "/home/travis/cg", about to execute:
    pwd
In "/home/travis/cg", about to execute:
    ls -l
/home/travis/cg
In "/home/travis/cg", about to execute:
    javac -classpath
.:/home/travis/build/icyphy/ptII:/home/travis/build/icyphy/ptII/lib/bsh-2.0b4.j
ar:/home/travis/build/icyphy/ptII/lib/ptCal.jar:/home/travis/build/icyphy/ptII/
lib/java_cup.jar:/home/travis/build/icyphy/ptII/lib/saxon8.jar:/home/travis/bui
ld/icyphy/ptII/lib/saxon8-dom.jar:/home/travis/build/icyphy/ptII/lib/chic.jar:/
home/travis/build/icyphy/ptII/lib/ptcolt.jar:/usr/lib/jvm/java-8-oracle/lib/too
ls.jar:/usr/lib/eclipse/plugins/org.eclipse.jdt.core_3.8.2.dist.jar:/usr/lib/ec
lipse/plugins/org.eclipse.core.runtime_3.8.0.dist.jar:/usr/lib/eclipse/plugins/
org.eclipse.osgi_3.8.1.dist.jar:/usr/lib/eclipse/plugins/org.eclipse.core.resou
rces_3.8.1.dist.jar:/usr/lib/eclipse/plugins/org.eclipse.equinox.common_3.6.100
.dist.jar:/usr/lib/eclipse/plugins/org.eclipse.core.jobs_3.5.200.dist.jar:/usr/
lib/eclipse/plugins/org.eclipse.core.contenttype_3.4.200.dist.jar:/usr/lib/ecli
pse/plugins/org.eclipse.equinox.preferences_3.5.0.dist.jar:/usr/lib/eclipse/plu
gins/org.eclipse.text_3.5.200.dist.jar:/usr/lib/eclipse/plugins/org.eclipse.ui.
workbench_3.8.1.dist.jar:/usr/lib/eclipse/plugins/org.eclipse.jface_3.8.0.dist.
jar:/usr/lib/eclipse/plugins/org.eclipse.swt_3.8.2.jar:/usr/lib/eclipse/plugins
/org.eclipse.jface.text_3.8.1.dist.jar:/usr/lib/eclipse/plugins/org.eclipse.ui.
workbench.texteditor_3.8.0.dist.jar:/usr/lib/eclipse/plugins/org.eclipse.ui.edi
tors_3.8.0.dist.jar:/usr/lib/eclipse/plugins/org.eclipse.core.commands_3.6.1.di
st.jar:/usr/lib/eclipse/plugins/org.eclipse.equinox.registry_3.5.200.dist.jar:/
usr/lib/eclipse/plugins/org.eclipse.ui.console_3.5.100.dist.jar:/usr/lib/eclips
e/plugins/org.eclipse.ui.forms_3.5.200.dist.jar:/usr/lib/eclipse/plugins/org.ec
lipse.ui.ide_3.8.1.dist.jar:/home/travis/build/icyphy/ptII/vendors/oracle/dbxml
.jar:/home/travis/build/icyphy/ptII/vendors/oracle/db.jar:/home/travis/build/ic
yphy/ptII/vendors/misc/itext/iText.jar:/home/travis/build/icyphy/ptII/lib/g4ltl
.jar:/home/travis/build/icyphy/ptII/lib/StructuralCoder.jar:/home/travis/build/
icyphy/ptII/lib/org-openide-util.jar:/home/travis/build/icyphy/ptII/lib/org-ope
nide-util-lookup.jar:/home/travis/build/icyphy/ptII/lib/org-netbeans-api-visual
.jar:/home/travis/build/icyphy/ptII/vendors/jai-1_1_2_01/lib/jai_core.jar:/home
/travis/build/icyphy/ptII/vendors/jai-1_1_2_01/lib/jai_codec.jar:/home/travis/b
uild/icyphy/ptII/lib/jcerti.jar:/home/travis/build/icyphy/ptII/lib/smack.jar:/h
ome/travis/build/icyphy/ptII/lib/smackx.jar:/home/travis/build/icyphy/ptII/lib/
jetty-all-8.1.5-v20120716.jar:/home/travis/build/icyphy/ptII/lib/javax.servlet-
api-3.0.1.jar:/home/travis/build/icyphy/ptII/lib/javax.mail.jar:/home/travis/bu
ild/icyphy/ptII/vendors/JMF-2.1.1e/lib/jmf.jar:/home/travis/build/icyphy/ptII/l
ib/jna-4.0.0-variadic.jar:/home/travis/build/icyphy/ptII/vendors/misc/joystick/
Joystick.jar:/home/travis/build/icyphy/ptII/lib/ptjacl.jar:/home/travis/build/i
cyphy/ptII/lib/jsoup-1.8.2.jar:/home/travis/build/icyphy/ptII/lib/junit-4.8.2.j
ar:/home/travis/build/icyphy/ptII/lib/JUnitParams-0.4.0.jar:/home/travis/build/
icyphy/ptII/ptolemy/actor/lib/excel/jxl.jar:/home/travis/build/icyphy/ptII/lib/
jython.jar:/home/travis/build/icyphy/ptII/lib/kieler.jar:/home/travis/build/icy
phy/ptII/vendors/opencv/share/OpenCV/java/opencv-341.jar:/home/travis/build/icy
phy/ptII/lib/oscP5.jar:/home/travis/build/icyphy/ptII/lib/nrjavaserial-3.11.0.d
evel.jar:/home/travis/build/icyphy/ptII/vendors/j3d/lib/j3dcore.jar:/home/travi
s/build/icyphy/ptII/vendors/j3d/lib/j3dutils.jar:/home/travis/build/icyphy/ptII
/vendors/j3d/lib/vecmath.jar:/home/travis/build/icyphy/ptII/ptolemy/distributed
/jini/jar/jini-core.jar:/home/travis/build/icyphy/ptII/ptolemy/distributed/jini
/jar/jini-ext.jar:/home/travis/build/icyphy/ptII/ptolemy/distributed/jini/jar/s
un-util.jar:/home/travis/build/icyphy/ptII/lib/protobuf-java-2.4.1.jar:/home/tr
avis/build/icyphy/ptII/lib/org.eclipse.paho.client.mqttv3.jar:/home/travis/buil
d/icyphy/ptII/ptserver/lib/hessian-4.0.7.jar:/home/travis/build/icyphy/ptII/pts
erver/lib/wmqtt.jar:/home/travis/build/icyphy/ptII/lib/mapss.jar:/home/travis/b
uild/icyphy/ptII/ptolemy/actor/ptalon/antlr/antlr.jar:/home/travis/build/icyphy
/ptII/lib/JRI.jar:/home/travis/build/icyphy/ptII/lib/commons-lang-2.6.jar:/home
/travis/build/icyphy/ptII/lib/commons-logging-1.1.1.jar:/home/travis/build/icyp
hy/ptII/lib/sootclasses.jar:/home/travis/build/icyphy/ptII/ptolemy/actor/lib/da
tabase/mysql-connector-java-5.1.6-bin.jar:/home/travis/build/icyphy/ptII/vendor
s/misc/sphinx4/sphinx4-data-5prealpha.jar:/home/travis/build/icyphy/ptII/vendor
s/misc/sphinx4/sphinx4-core-5prealpha.jar:/home/travis/build/icyphy/ptII/lib/PD
FRenderer.jar:/home/travis/build/icyphy/ptII/lib/svgSalamander.jar:/home/travis
/build/icyphy/ptII/lib/rsyntaxtextarea-2.6.0-SNAPSHOT.jar:/home/travis/build/ic
yphy/ptII/lib/hazelcast-3.8.2.jar:/home/travis/build/icyphy/ptII/lib/jackson-an
notations-2.9.0.jar:/home/travis/build/icyphy/ptII/lib/jackson-core-2.9.3.jar:/
home/travis/build/icyphy/ptII/lib/jackson-databind-2.9.3.jar:/home/travis/build
/icyphy/ptII/lib/netty-buffer-4.1.19.Final.jar:/home/travis/build/icyphy/ptII/l
ib/netty-codec-4.1.19.Final.jar:/home/travis/build/icyphy/ptII/lib/netty-codec-
dns-4.1.19.Final.jar:/home/travis/build/icyphy/ptII/lib/netty-codec-http-4.1.19
.Final.jar:/home/travis/build/icyphy/ptII/lib/netty-codec-http2-4.1.19.Final.ja
r:/home/travis/build/icyphy/ptII/lib/netty-common-4.1.19.Final.jar:/home/travis
/build/icyphy/ptII/lib/netty-handler-4.1.19.Final.jar:/home/travis/build/icyphy
/ptII/lib/netty-resolver-4.1.19.Final.jar:/home/travis/build/icyphy/ptII/lib/ne
tty-resolver-dns-4.1.19.Final.jar:/home/travis/build/icyphy/ptII/lib/netty-tran
sport-4.1.19.Final.jar:/home/travis/build/icyphy/ptII/lib/vertx-codegen-3.5.1.j
ar:/home/travis/build/icyphy/ptII/lib/vertx-core-3.5.2-SNAPSHOT.jar:/home/travi
s/build/icyphy/ptII/lib/vertx-hazelcast-3.5.1.jar:/home/travis/build/icyphy/ptI
I/lib/vertx-lang-js-3.5.1.jar:/home/travis/build/icyphy/ptII/lib/vertx-service-
proxy-3.5.1.jar:/home/travis/build/icyphy/ptII/lib/vertx-web-3.5.1.jar:/home/tr
avis/build/icyphy/ptII/lib/slf4j-api-1.7.13.jar:/home/travis/build/icyphy/ptII/
lib/slf4j-simple-1.7.13.jar:/home/travis/build/icyphy/ptII/lib/webcam-capture-0
.3.12.jar:/home/travis/build/icyphy/ptII/lib/bridj-0.7.0.jar:/home/travis/build
/icyphy/ptII/lib/xbjlib-1.1.0.nrjavaserial.jar:/home/travis/build/icyphy/ptII/p
tolemy/moml/test:/home/travis/build/icyphy/ptII/ant/lib/ant-launcher.jar:/home/
travis/build/icyphy/ptII/ant/lib/ant.jar:/home/travis/build/icyphy/ptII/ant/lib
/ant-junit.jar:/home/travis/build/icyphy/ptII/ant/lib/ant-junit4.jar:/home/trav
is/build/icyphy/ptII ModularCG_A1_B1_profile.java
total 216
-rw-rw-r-- 1 travis travis  4895 Jul  8 01:40 CompiledCompositeActor_CompiledCompositeActor.class
-rw-rw-r-- 1 travis travis  1592 Jul  8 01:40 CompiledCompositeActor_CompiledCompositeActor$_CompiledCompositeActor_CompiledCompositeActor.class
-rw-rw-r-- 1 travis travis 13466 Jul  8 01:40 CompiledCompositeActor_CompiledCompositeActor.java
-rw-rw-r-- 1 travis travis  1593 Jul  8 01:40 CompiledCompositeActor_CompiledCompositeActor.mk
-rw-rw-r-- 1 travis travis  4457 Jul  8 01:40 JavaCompiledCompositeTest1_CompiledCompositeActor.class
-rw-rw-r-- 1 travis travis 11637 Jul  8 01:40 JavaCompiledCompositeTest1_CompiledCompositeActor.java
-rw-rw-r-- 1 travis travis  1198 Jul  8 01:40 JavaCompiledCompositeTest1_CompiledCompositeActor$_JavaCompiledCompositeTest1_CompiledCompositeActor.class
-rw-rw-r-- 1 travis travis  1625 Jul  8 01:40 JavaCompiledCompositeTest1_CompiledCompositeActor.mk
-rw-rw-r-- 1 travis travis  4888 Jul  8 01:40 JavaCompiledCompositeTest2_CompiledCompositeActor.class
-rw-rw-r-- 1 travis travis 14919 Jul  8 01:40 JavaCompiledCompositeTest2_CompiledCompositeActor.java
-rw-rw-r-- 1 travis travis  1793 Jul  8 01:40 JavaCompiledCompositeTest2_CompiledCompositeActor$_JavaCompiledCompositeTest2_CompiledCompositeActor.class
-rw-rw-r-- 1 travis travis  1625 Jul  8 01:40 JavaCompiledCompositeTest2_CompiledCompositeActor.mk
-rw-rw-r-- 1 travis travis  4505 Jul  8 01:40 JavaCompiledCompositeTest3_CompiledCompositeActor.class
-rw-rw-r-- 1 travis travis 13080 Jul  8 01:40 JavaCompiledCompositeTest3_CompiledCompositeActor.java
-rw-rw-r-- 1 travis travis  1378 Jul  8 01:40 JavaCompiledCompositeTest3_CompiledCompositeActor$_JavaCompiledCompositeTest3_CompiledCompositeActor.class
-rw-rw-r-- 1 travis travis  1625 Jul  8 01:40 JavaCompiledCompositeTest3_CompiledCompositeActor.mk
-rw-rw-r-- 1 travis travis  3953 Jul  8 01:40 JavaCompiledCompositeTest4_CompiledCompositeActor.class
-rw-rw-r-- 1 travis travis  9687 Jul  8 01:40 JavaCompiledCompositeTest4_CompiledCompositeActor.java
-rw-rw-r-- 1 travis travis   857 Jul  8 01:40 JavaCompiledCompositeTest4_CompiledCompositeActor$_JavaCompiledCompositeTest4_CompiledCompositeActor.class
-rw-rw-r-- 1 travis travis  1625 Jul  8 01:40 JavaCompiledCompositeTest4_CompiledCompositeActor.mk
-rw-rw-r-- 1 travis travis  1262 Jul  8 01:40 ModularCG_A1_B1_profile.java
-rw-rw-r-- 1 travis travis  3492 Jul  8 01:40 ModularCodeGenTest_A1_A2.class
-rw-rw-r-- 1 travis travis  9164 Jul  8 01:40 ModularCodeGenTest_A1_A2.java
-rw-rw-r-- 1 travis travis   904 Jul  8 01:40 ModularCodeGenTest_A1_A2.mk
-rw-rw-r-- 1 travis travis  1306 Jul  8 01:40 ModularCodeGenTest_A1_A2_profile.class
-rw-rw-r-- 1 travis travis  1228 Jul  8 01:40 ModularCodeGenTest_A1_A2_profile.java
-rw-rw-r-- 1 travis travis  3823 Jul  8 01:40 ModularCodeGenTest_A1.class
-rw-rw-r-- 1 travis travis  9968 Jul  8 01:40 ModularCodeGenTest_A1.java
-rw-rw-r-- 1 travis travis   880 Jul  8 01:40 ModularCodeGenTest_A1.mk
-rw-rw-r-- 1 travis travis  1352 Jul  8 01:40 ModularCodeGenTest_A1_profile.class
-rw-rw-r-- 1 travis travis  1394 Jul  8 01:40 ModularCodeGenTest_A1_profile.java
-rw-rw-r-- 1 travis travis   432 Jul  8 01:40 Token.class
-rw-rw-r-- 1 travis travis   251 Jul  8 01:40 Token.java
warning: Supported source version 'RELEASE_6' from annotation processor 'org.netbeans.modules.openide.util.NbBundleProcessor' less than -source '1.8'
warning: Supported source version 'RELEASE_6' from annotation processor 'org.netbeans.modules.openide.util.URLStreamHandlerRegistrationProcessor' less than -source '1.8'
warning: Supported source version 'RELEASE_6' from annotation processor 'org.netbeans.modules.openide.util.ServiceProviderProcessor' less than -source '1.8'
3 warnings
All Done
Writing ModularCG_A1_B1.java in file:/home/travis/cg/ (9730 characters)
Reading "ptolemy/cg/kernel/generic/program/procedural/java/modular/makefile.in",
    writing "/home/travis/cg/ModularCG_A1_B1.mk"
Using ptolemy/cg/kernel/generic/program/procedural/java/modular/makefile.in
In "/home/travis/cg", about to execute:
    make -f ModularCG_A1_B1.mk
javac -classpath ".:.."    ModularCG_A1_B1.java
All Done
In "/home/travis/cg", about to execute:
    pwd
/home/travis/cg
In "/home/travis/cg", about to execute:
    ls -l
In "/home/travis/cg", about to execute:
    javac -classpath
.:/home/travis/build/icyphy/ptII:/home/travis/build/icyphy/ptII/lib/bsh-2.0b4.j
ar:/home/travis/build/icyphy/ptII/lib/ptCal.jar:/home/travis/build/icyphy/ptII/
lib/java_cup.jar:/home/travis/build/icyphy/ptII/lib/saxon8.jar:/home/travis/bui
ld/icyphy/ptII/lib/saxon8-dom.jar:/home/travis/build/icyphy/ptII/lib/chic.jar:/
home/travis/build/icyphy/ptII/lib/ptcolt.jar:/usr/lib/jvm/java-8-oracle/lib/too
ls.jar:/usr/lib/eclipse/plugins/org.eclipse.jdt.core_3.8.2.dist.jar:/usr/lib/ec
lipse/plugins/org.eclipse.core.runtime_3.8.0.dist.jar:/usr/lib/eclipse/plugins/
org.eclipse.osgi_3.8.1.dist.jar:/usr/lib/eclipse/plugins/org.eclipse.core.resou
rces_3.8.1.dist.jar:/usr/lib/eclipse/plugins/org.eclipse.equinox.common_3.6.100
.dist.jar:/usr/lib/eclipse/plugins/org.eclipse.core.jobs_3.5.200.dist.jar:/usr/
lib/eclipse/plugins/org.eclipse.core.contenttype_3.4.200.dist.jar:/usr/lib/ecli
pse/plugins/org.eclipse.equinox.preferences_3.5.0.dist.jar:/usr/lib/eclipse/plu
gins/org.eclipse.text_3.5.200.dist.jar:/usr/lib/eclipse/plugins/org.eclipse.ui.
workbench_3.8.1.dist.jar:/usr/lib/eclipse/plugins/org.eclipse.jface_3.8.0.dist.
jar:/usr/lib/eclipse/plugins/org.eclipse.swt_3.8.2.jar:/usr/lib/eclipse/plugins
/org.eclipse.jface.text_3.8.1.dist.jar:/usr/lib/eclipse/plugins/org.eclipse.ui.
workbench.texteditor_3.8.0.dist.jar:/usr/lib/eclipse/plugins/org.eclipse.ui.edi
tors_3.8.0.dist.jar:/usr/lib/eclipse/plugins/org.eclipse.core.commands_3.6.1.di
st.jar:/usr/lib/eclipse/plugins/org.eclipse.equinox.registry_3.5.200.dist.jar:/
usr/lib/eclipse/plugins/org.eclipse.ui.console_3.5.100.dist.jar:/usr/lib/eclips
e/plugins/org.eclipse.ui.forms_3.5.200.dist.jar:/usr/lib/eclipse/plugins/org.ec
lipse.ui.ide_3.8.1.dist.jar:/home/travis/build/icyphy/ptII/vendors/oracle/dbxml
.jar:/home/travis/build/icyphy/ptII/vendors/oracle/db.jar:/home/travis/build/ic
yphy/ptII/vendors/misc/itext/iText.jar:/home/travis/build/icyphy/ptII/lib/g4ltl
.jar:/home/travis/build/icyphy/ptII/lib/StructuralCoder.jar:/home/travis/build/
icyphy/ptII/lib/org-openide-util.jar:/home/travis/build/icyphy/ptII/lib/org-ope
nide-util-lookup.jar:/home/travis/build/icyphy/ptII/lib/org-netbeans-api-visual
.jar:/home/travis/build/icyphy/ptII/vendors/jai-1_1_2_01/lib/jai_core.jar:/home
/travis/build/icyphy/ptII/vendors/jai-1_1_2_01/lib/jai_codec.jar:/home/travis/b
uild/icyphy/ptII/lib/jcerti.jar:/home/travis/build/icyphy/ptII/lib/smack.jar:/h
ome/travis/build/icyphy/ptII/lib/smackx.jar:/home/travis/build/icyphy/ptII/lib/
jetty-all-8.1.5-v20120716.jar:/home/travis/build/icyphy/ptII/lib/javax.servlet-
api-3.0.1.jar:/home/travis/build/icyphy/ptII/lib/javax.mail.jar:/home/travis/bu
ild/icyphy/ptII/vendors/JMF-2.1.1e/lib/jmf.jar:/home/travis/build/icyphy/ptII/l
ib/jna-4.0.0-variadic.jar:/home/travis/build/icyphy/ptII/vendors/misc/joystick/
Joystick.jar:/home/travis/build/icyphy/ptII/lib/ptjacl.jar:/home/travis/build/i
cyphy/ptII/lib/jsoup-1.8.2.jar:/home/travis/build/icyphy/ptII/lib/junit-4.8.2.j
ar:/home/travis/build/icyphy/ptII/lib/JUnitParams-0.4.0.jar:/home/travis/build/
icyphy/ptII/ptolemy/actor/lib/excel/jxl.jar:/home/travis/build/icyphy/ptII/lib/
jython.jar:/home/travis/build/icyphy/ptII/lib/kieler.jar:/home/travis/build/icy
phy/ptII/vendors/opencv/share/OpenCV/java/opencv-341.jar:/home/travis/build/icy
phy/ptII/lib/oscP5.jar:/home/travis/build/icyphy/ptII/lib/nrjavaserial-3.11.0.d
evel.jar:/home/travis/build/icyphy/ptII/vendors/j3d/lib/j3dcore.jar:/home/travi
s/build/icyphy/ptII/vendors/j3d/lib/j3dutils.jar:/home/travis/build/icyphy/ptII
/vendors/j3d/lib/vecmath.jar:/home/travis/build/icyphy/ptII/ptolemy/distributed
/jini/jar/jini-core.jar:/home/travis/build/icyphy/ptII/ptolemy/distributed/jini
/jar/jini-ext.jar:/home/travis/build/icyphy/ptII/ptolemy/distributed/jini/jar/s
un-util.jar:/home/travis/build/icyphy/ptII/lib/protobuf-java-2.4.1.jar:/home/tr
avis/build/icyphy/ptII/lib/org.eclipse.paho.client.mqttv3.jar:/home/travis/buil
d/icyphy/ptII/ptserver/lib/hessian-4.0.7.jar:/home/travis/build/icyphy/ptII/pts
erver/lib/wmqtt.jar:/home/travis/build/icyphy/ptII/lib/mapss.jar:/home/travis/b
uild/icyphy/ptII/ptolemy/actor/ptalon/antlr/antlr.jar:/home/travis/build/icyphy
/ptII/lib/JRI.jar:/home/travis/build/icyphy/ptII/lib/commons-lang-2.6.jar:/home
/travis/build/icyphy/ptII/lib/commons-logging-1.1.1.jar:/home/travis/build/icyp
hy/ptII/lib/sootclasses.jar:/home/travis/build/icyphy/ptII/ptolemy/actor/lib/da
tabase/mysql-connector-java-5.1.6-bin.jar:/home/travis/build/icyphy/ptII/vendor
s/misc/sphinx4/sphinx4-data-5prealpha.jar:/home/travis/build/icyphy/ptII/vendor
s/misc/sphinx4/sphinx4-core-5prealpha.jar:/home/travis/build/icyphy/ptII/lib/PD
FRenderer.jar:/home/travis/build/icyphy/ptII/lib/svgSalamander.jar:/home/travis
/build/icyphy/ptII/lib/rsyntaxtextarea-2.6.0-SNAPSHOT.jar:/home/travis/build/ic
yphy/ptII/lib/hazelcast-3.8.2.jar:/home/travis/build/icyphy/ptII/lib/jackson-an
notations-2.9.0.jar:/home/travis/build/icyphy/ptII/lib/jackson-core-2.9.3.jar:/
home/travis/build/icyphy/ptII/lib/jackson-databind-2.9.3.jar:/home/travis/build
/icyphy/ptII/lib/netty-buffer-4.1.19.Final.jar:/home/travis/build/icyphy/ptII/l
ib/netty-codec-4.1.19.Final.jar:/home/travis/build/icyphy/ptII/lib/netty-codec-
dns-4.1.19.Final.jar:/home/travis/build/icyphy/ptII/lib/netty-codec-http-4.1.19
.Final.jar:/home/travis/build/icyphy/ptII/lib/netty-codec-http2-4.1.19.Final.ja
r:/home/travis/build/icyphy/ptII/lib/netty-common-4.1.19.Final.jar:/home/travis
/build/icyphy/ptII/lib/netty-handler-4.1.19.Final.jar:/home/travis/build/icyphy
/ptII/lib/netty-resolver-4.1.19.Final.jar:/home/travis/build/icyphy/ptII/lib/ne
tty-resolver-dns-4.1.19.Final.jar:/home/travis/build/icyphy/ptII/lib/netty-tran
sport-4.1.19.Final.jar:/home/travis/build/icyphy/ptII/lib/vertx-codegen-3.5.1.j
ar:/home/travis/build/icyphy/ptII/lib/vertx-core-3.5.2-SNAPSHOT.jar:/home/travi
s/build/icyphy/ptII/lib/vertx-hazelcast-3.5.1.jar:/home/travis/build/icyphy/ptI
I/lib/vertx-lang-js-3.5.1.jar:/home/travis/build/icyphy/ptII/lib/vertx-service-
proxy-3.5.1.jar:/home/travis/build/icyphy/ptII/lib/vertx-web-3.5.1.jar:/home/tr
avis/build/icyphy/ptII/lib/slf4j-api-1.7.13.jar:/home/travis/build/icyphy/ptII/
lib/slf4j-simple-1.7.13.jar:/home/travis/build/icyphy/ptII/lib/webcam-capture-0
.3.12.jar:/home/travis/build/icyphy/ptII/lib/bridj-0.7.0.jar:/home/travis/build
/icyphy/ptII/lib/xbjlib-1.1.0.nrjavaserial.jar:/home/travis/build/icyphy/ptII/p
tolemy/moml/test:/home/travis/build/icyphy/ptII/ant/lib/ant-launcher.jar:/home/
travis/build/icyphy/ptII/ant/lib/ant.jar:/home/travis/build/icyphy/ptII/ant/lib
/ant-junit.jar:/home/travis/build/icyphy/ptII/ant/lib/ant-junit4.jar:/home/trav
is/build/icyphy/ptII ModularCG_A1_B2_profile.java
total 244
-rw-rw-r-- 1 travis travis  4895 Jul  8 01:40 CompiledCompositeActor_CompiledCompositeActor.class
-rw-rw-r-- 1 travis travis  1592 Jul  8 01:40 CompiledCompositeActor_CompiledCompositeActor$_CompiledCompositeActor_CompiledCompositeActor.class
-rw-rw-r-- 1 travis travis 13466 Jul  8 01:40 CompiledCompositeActor_CompiledCompositeActor.java
-rw-rw-r-- 1 travis travis  1593 Jul  8 01:40 CompiledCompositeActor_CompiledCompositeActor.mk
-rw-rw-r-- 1 travis travis  4457 Jul  8 01:40 JavaCompiledCompositeTest1_CompiledCompositeActor.class
-rw-rw-r-- 1 travis travis 11637 Jul  8 01:40 JavaCompiledCompositeTest1_CompiledCompositeActor.java
-rw-rw-r-- 1 travis travis  1198 Jul  8 01:40 JavaCompiledCompositeTest1_CompiledCompositeActor$_JavaCompiledCompositeTest1_CompiledCompositeActor.class
-rw-rw-r-- 1 travis travis  1625 Jul  8 01:40 JavaCompiledCompositeTest1_CompiledCompositeActor.mk
-rw-rw-r-- 1 travis travis  4888 Jul  8 01:40 JavaCompiledCompositeTest2_CompiledCompositeActor.class
-rw-rw-r-- 1 travis travis 14919 Jul  8 01:40 JavaCompiledCompositeTest2_CompiledCompositeActor.java
-rw-rw-r-- 1 travis travis  1793 Jul  8 01:40 JavaCompiledCompositeTest2_CompiledCompositeActor$_JavaCompiledCompositeTest2_CompiledCompositeActor.class
-rw-rw-r-- 1 travis travis  1625 Jul  8 01:40 JavaCompiledCompositeTest2_CompiledCompositeActor.mk
-rw-rw-r-- 1 travis travis  4505 Jul  8 01:40 JavaCompiledCompositeTest3_CompiledCompositeActor.class
-rw-rw-r-- 1 travis travis 13080 Jul  8 01:40 JavaCompiledCompositeTest3_CompiledCompositeActor.java
-rw-rw-r-- 1 travis travis  1378 Jul  8 01:40 JavaCompiledCompositeTest3_CompiledCompositeActor$_JavaCompiledCompositeTest3_CompiledCompositeActor.class
-rw-rw-r-- 1 travis travis  1625 Jul  8 01:40 JavaCompiledCompositeTest3_CompiledCompositeActor.mk
-rw-rw-r-- 1 travis travis  3953 Jul  8 01:40 JavaCompiledCompositeTest4_CompiledCompositeActor.class
-rw-rw-r-- 1 travis travis  9687 Jul  8 01:40 JavaCompiledCompositeTest4_CompiledCompositeActor.java
-rw-rw-r-- 1 travis travis   857 Jul  8 01:40 JavaCompiledCompositeTest4_CompiledCompositeActor$_JavaCompiledCompositeTest4_CompiledCompositeActor.class
-rw-rw-r-- 1 travis travis  1625 Jul  8 01:40 JavaCompiledCompositeTest4_CompiledCompositeActor.mk
-rw-rw-r-- 1 travis travis  3693 Jul  8 01:40 ModularCG_A1_B1.class
-rw-rw-r-- 1 travis travis  9730 Jul  8 01:40 ModularCG_A1_B1.java
-rw-rw-r-- 1 travis travis   832 Jul  8 01:40 ModularCG_A1_B1.mk
-rw-rw-r-- 1 travis travis  1318 Jul  8 01:40 ModularCG_A1_B1_profile.class
-rw-rw-r-- 1 travis travis  1262 Jul  8 01:40 ModularCG_A1_B1_profile.java
-rw-rw-r-- 1 travis travis  1262 Jul  8 01:40 ModularCG_A1_B2_profile.java
-rw-rw-r-- 1 travis travis  3492 Jul  8 01:40 ModularCodeGenTest_A1_A2.class
-rw-rw-r-- 1 travis travis  9164 Jul  8 01:40 ModularCodeGenTest_A1_A2.java
-rw-rw-r-- 1 travis travis   904 Jul  8 01:40 ModularCodeGenTest_A1_A2.mk
-rw-rw-r-- 1 travis travis  1306 Jul  8 01:40 ModularCodeGenTest_A1_A2_profile.class
-rw-rw-r-- 1 travis travis  1228 Jul  8 01:40 ModularCodeGenTest_A1_A2_profile.java
-rw-rw-r-- 1 travis travis  3823 Jul  8 01:40 ModularCodeGenTest_A1.class
-rw-rw-r-- 1 travis travis  9968 Jul  8 01:40 ModularCodeGenTest_A1.java
-rw-rw-r-- 1 travis travis   880 Jul  8 01:40 ModularCodeGenTest_A1.mk
-rw-rw-r-- 1 travis travis  1352 Jul  8 01:40 ModularCodeGenTest_A1_profile.class
-rw-rw-r-- 1 travis travis  1394 Jul  8 01:40 ModularCodeGenTest_A1_profile.java
-rw-rw-r-- 1 travis travis   432 Jul  8 01:40 Token.class
-rw-rw-r-- 1 travis travis   251 Jul  8 01:40 Token.java
warning: Supported source version 'RELEASE_6' from annotation processor 'org.netbeans.modules.openide.util.NbBundleProcessor' less than -source '1.8'
warning: Supported source version 'RELEASE_6' from annotation processor 'org.netbeans.modules.openide.util.URLStreamHandlerRegistrationProcessor' less than -source '1.8'
warning: Supported source version 'RELEASE_6' from annotation processor 'org.netbeans.modules.openide.util.ServiceProviderProcessor' less than -source '1.8'
3 warnings
All Done
Writing ModularCG_A1_B2.java in file:/home/travis/cg/ (9730 characters)
Reading "ptolemy/cg/kernel/generic/program/procedural/java/modular/makefile.in",
    writing "/home/travis/cg/ModularCG_A1_B2.mk"
Using ptolemy/cg/kernel/generic/program/procedural/java/modular/makefile.in
In "/home/travis/cg", about to execute:
    make -f ModularCG_A1_B2.mk
javac -classpath ".:.."    ModularCG_A1_B2.java
All Done
In "/home/travis/cg", about to execute:
    pwd
In "/home/travis/cg", about to execute:
    ls -l
/home/travis/cg
In "/home/travis/cg", about to execute:
    javac -classpath
.:/home/travis/build/icyphy/ptII:/home/travis/build/icyphy/ptII/lib/bsh-2.0b4.j
ar:/home/travis/build/icyphy/ptII/lib/ptCal.jar:/home/travis/build/icyphy/ptII/
lib/java_cup.jar:/home/travis/build/icyphy/ptII/lib/saxon8.jar:/home/travis/bui
ld/icyphy/ptII/lib/saxon8-dom.jar:/home/travis/build/icyphy/ptII/lib/chic.jar:/
home/travis/build/icyphy/ptII/lib/ptcolt.jar:/usr/lib/jvm/java-8-oracle/lib/too
ls.jar:/usr/lib/eclipse/plugins/org.eclipse.jdt.core_3.8.2.dist.jar:/usr/lib/ec
lipse/plugins/org.eclipse.core.runtime_3.8.0.dist.jar:/usr/lib/eclipse/plugins/
org.eclipse.osgi_3.8.1.dist.jar:/usr/lib/eclipse/plugins/org.eclipse.core.resou
rces_3.8.1.dist.jar:/usr/lib/eclipse/plugins/org.eclipse.equinox.common_3.6.100
.dist.jar:/usr/lib/eclipse/plugins/org.eclipse.core.jobs_3.5.200.dist.jar:/usr/
lib/eclipse/plugins/org.eclipse.core.contenttype_3.4.200.dist.jar:/usr/lib/ecli
pse/plugins/org.eclipse.equinox.preferences_3.5.0.dist.jar:/usr/lib/eclipse/plu
gins/org.eclipse.text_3.5.200.dist.jar:/usr/lib/eclipse/plugins/org.eclipse.ui.
workbench_3.8.1.dist.jar:/usr/lib/eclipse/plugins/org.eclipse.jface_3.8.0.dist.
jar:/usr/lib/eclipse/plugins/org.eclipse.swt_3.8.2.jar:/usr/lib/eclipse/plugins
/org.eclipse.jface.text_3.8.1.dist.jar:/usr/lib/eclipse/plugins/org.eclipse.ui.
workbench.texteditor_3.8.0.dist.jar:/usr/lib/eclipse/plugins/org.eclipse.ui.edi
tors_3.8.0.dist.jar:/usr/lib/eclipse/plugins/org.eclipse.core.commands_3.6.1.di
st.jar:/usr/lib/eclipse/plugins/org.eclipse.equinox.registry_3.5.200.dist.jar:/
usr/lib/eclipse/plugins/org.eclipse.ui.console_3.5.100.dist.jar:/usr/lib/eclips
e/plugins/org.eclipse.ui.forms_3.5.200.dist.jar:/usr/lib/eclipse/plugins/org.ec
lipse.ui.ide_3.8.1.dist.jar:/home/travis/build/icyphy/ptII/vendors/oracle/dbxml
.jar:/home/travis/build/icyphy/ptII/vendors/oracle/db.jar:/home/travis/build/ic
yphy/ptII/vendors/misc/itext/iText.jar:/home/travis/build/icyphy/ptII/lib/g4ltl
.jar:/home/travis/build/icyphy/ptII/lib/StructuralCoder.jar:/home/travis/build/
icyphy/ptII/lib/org-openide-util.jar:/home/travis/build/icyphy/ptII/lib/org-ope
nide-util-lookup.jar:/home/travis/build/icyphy/ptII/lib/org-netbeans-api-visual
.jar:/home/travis/build/icyphy/ptII/vendors/jai-1_1_2_01/lib/jai_core.jar:/home
/travis/build/icyphy/ptII/vendors/jai-1_1_2_01/lib/jai_codec.jar:/home/travis/b
uild/icyphy/ptII/lib/jcerti.jar:/home/travis/build/icyphy/ptII/lib/smack.jar:/h
ome/travis/build/icyphy/ptII/lib/smackx.jar:/home/travis/build/icyphy/ptII/lib/
jetty-all-8.1.5-v20120716.jar:/home/travis/build/icyphy/ptII/lib/javax.servlet-
api-3.0.1.jar:/home/travis/build/icyphy/ptII/lib/javax.mail.jar:/home/travis/bu
ild/icyphy/ptII/vendors/JMF-2.1.1e/lib/jmf.jar:/home/travis/build/icyphy/ptII/l
ib/jna-4.0.0-variadic.jar:/home/travis/build/icyphy/ptII/vendors/misc/joystick/
Joystick.jar:/home/travis/build/icyphy/ptII/lib/ptjacl.jar:/home/travis/build/i
cyphy/ptII/lib/jsoup-1.8.2.jar:/home/travis/build/icyphy/ptII/lib/junit-4.8.2.j
ar:/home/travis/build/icyphy/ptII/lib/JUnitParams-0.4.0.jar:/home/travis/build/
icyphy/ptII/ptolemy/actor/lib/excel/jxl.jar:/home/travis/build/icyphy/ptII/lib/
jython.jar:/home/travis/build/icyphy/ptII/lib/kieler.jar:/home/travis/build/icy
phy/ptII/vendors/opencv/share/OpenCV/java/opencv-341.jar:/home/travis/build/icy
phy/ptII/lib/oscP5.jar:/home/travis/build/icyphy/ptII/lib/nrjavaserial-3.11.0.d
evel.jar:/home/travis/build/icyphy/ptII/vendors/j3d/lib/j3dcore.jar:/home/travi
s/build/icyphy/ptII/vendors/j3d/lib/j3dutils.jar:/home/travis/build/icyphy/ptII
/vendors/j3d/lib/vecmath.jar:/home/travis/build/icyphy/ptII/ptolemy/distributed
/jini/jar/jini-core.jar:/home/travis/build/icyphy/ptII/ptolemy/distributed/jini
/jar/jini-ext.jar:/home/travis/build/icyphy/ptII/ptolemy/distributed/jini/jar/s
un-util.jar:/home/travis/build/icyphy/ptII/lib/protobuf-java-2.4.1.jar:/home/tr
avis/build/icyphy/ptII/lib/org.eclipse.paho.client.mqttv3.jar:/home/travis/buil
d/icyphy/ptII/ptserver/lib/hessian-4.0.7.jar:/home/travis/build/icyphy/ptII/pts
erver/lib/wmqtt.jar:/home/travis/build/icyphy/ptII/lib/mapss.jar:/home/travis/b
uild/icyphy/ptII/ptolemy/actor/ptalon/antlr/antlr.jar:/home/travis/build/icyphy
/ptII/lib/JRI.jar:/home/travis/build/icyphy/ptII/lib/commons-lang-2.6.jar:/home
/travis/build/icyphy/ptII/lib/commons-logging-1.1.1.jar:/home/travis/build/icyp
hy/ptII/lib/sootclasses.jar:/home/travis/build/icyphy/ptII/ptolemy/actor/lib/da
tabase/mysql-connector-java-5.1.6-bin.jar:/home/travis/build/icyphy/ptII/vendor
s/misc/sphinx4/sphinx4-data-5prealpha.jar:/home/travis/build/icyphy/ptII/vendor
s/misc/sphinx4/sphinx4-core-5prealpha.jar:/home/travis/build/icyphy/ptII/lib/PD
FRenderer.jar:/home/travis/build/icyphy/ptII/lib/svgSalamander.jar:/home/travis
/build/icyphy/ptII/lib/rsyntaxtextarea-2.6.0-SNAPSHOT.jar:/home/travis/build/ic
yphy/ptII/lib/hazelcast-3.8.2.jar:/home/travis/build/icyphy/ptII/lib/jackson-an
notations-2.9.0.jar:/home/travis/build/icyphy/ptII/lib/jackson-core-2.9.3.jar:/
home/travis/build/icyphy/ptII/lib/jackson-databind-2.9.3.jar:/home/travis/build
/icyphy/ptII/lib/netty-buffer-4.1.19.Final.jar:/home/travis/build/icyphy/ptII/l
ib/netty-codec-4.1.19.Final.jar:/home/travis/build/icyphy/ptII/lib/netty-codec-
dns-4.1.19.Final.jar:/home/travis/build/icyphy/ptII/lib/netty-codec-http-4.1.19
.Final.jar:/home/travis/build/icyphy/ptII/lib/netty-codec-http2-4.1.19.Final.ja
r:/home/travis/build/icyphy/ptII/lib/netty-common-4.1.19.Final.jar:/home/travis
/build/icyphy/ptII/lib/netty-handler-4.1.19.Final.jar:/home/travis/build/icyphy
/ptII/lib/netty-resolver-4.1.19.Final.jar:/home/travis/build/icyphy/ptII/lib/ne
tty-resolver-dns-4.1.19.Final.jar:/home/travis/build/icyphy/ptII/lib/netty-tran
sport-4.1.19.Final.jar:/home/travis/build/icyphy/ptII/lib/vertx-codegen-3.5.1.j
ar:/home/travis/build/icyphy/ptII/lib/vertx-core-3.5.2-SNAPSHOT.jar:/home/travi
s/build/icyphy/ptII/lib/vertx-hazelcast-3.5.1.jar:/home/travis/build/icyphy/ptI
I/lib/vertx-lang-js-3.5.1.jar:/home/travis/build/icyphy/ptII/lib/vertx-service-
proxy-3.5.1.jar:/home/travis/build/icyphy/ptII/lib/vertx-web-3.5.1.jar:/home/tr
avis/build/icyphy/ptII/lib/slf4j-api-1.7.13.jar:/home/travis/build/icyphy/ptII/
lib/slf4j-simple-1.7.13.jar:/home/travis/build/icyphy/ptII/lib/webcam-capture-0
.3.12.jar:/home/travis/build/icyphy/ptII/lib/bridj-0.7.0.jar:/home/travis/build
/icyphy/ptII/lib/xbjlib-1.1.0.nrjavaserial.jar:/home/travis/build/icyphy/ptII/p
tolemy/moml/test:/home/travis/build/icyphy/ptII/ant/lib/ant-launcher.jar:/home/
travis/build/icyphy/ptII/ant/lib/ant.jar:/home/travis/build/icyphy/ptII/ant/lib
/ant-junit.jar:/home/travis/build/icyphy/ptII/ant/lib/ant-junit4.jar:/home/trav
is/build/icyphy/ptII ModularCG_A1_profile.java
total 272
-rw-rw-r-- 1 travis travis  4895 Jul  8 01:40 CompiledCompositeActor_CompiledCompositeActor.class
-rw-rw-r-- 1 travis travis  1592 Jul  8 01:40 CompiledCompositeActor_CompiledCompositeActor$_CompiledCompositeActor_CompiledCompositeActor.class
-rw-rw-r-- 1 travis travis 13466 Jul  8 01:40 CompiledCompositeActor_CompiledCompositeActor.java
-rw-rw-r-- 1 travis travis  1593 Jul  8 01:40 CompiledCompositeActor_CompiledCompositeActor.mk
-rw-rw-r-- 1 travis travis  4457 Jul  8 01:40 JavaCompiledCompositeTest1_CompiledCompositeActor.class
-rw-rw-r-- 1 travis travis 11637 Jul  8 01:40 JavaCompiledCompositeTest1_CompiledCompositeActor.java
-rw-rw-r-- 1 travis travis  1198 Jul  8 01:40 JavaCompiledCompositeTest1_CompiledCompositeActor$_JavaCompiledCompositeTest1_CompiledCompositeActor.class
-rw-rw-r-- 1 travis travis  1625 Jul  8 01:40 JavaCompiledCompositeTest1_CompiledCompositeActor.mk
-rw-rw-r-- 1 travis travis  4888 Jul  8 01:40 JavaCompiledCompositeTest2_CompiledCompositeActor.class
-rw-rw-r-- 1 travis travis 14919 Jul  8 01:40 JavaCompiledCompositeTest2_CompiledCompositeActor.java
-rw-rw-r-- 1 travis travis  1793 Jul  8 01:40 JavaCompiledCompositeTest2_CompiledCompositeActor$_JavaCompiledCompositeTest2_CompiledCompositeActor.class
-rw-rw-r-- 1 travis travis  1625 Jul  8 01:40 JavaCompiledCompositeTest2_CompiledCompositeActor.mk
-rw-rw-r-- 1 travis travis  4505 Jul  8 01:40 JavaCompiledCompositeTest3_CompiledCompositeActor.class
-rw-rw-r-- 1 travis travis 13080 Jul  8 01:40 JavaCompiledCompositeTest3_CompiledCompositeActor.java
-rw-rw-r-- 1 travis travis  1378 Jul  8 01:40 JavaCompiledCompositeTest3_CompiledCompositeActor$_JavaCompiledCompositeTest3_CompiledCompositeActor.class
-rw-rw-r-- 1 travis travis  1625 Jul  8 01:40 JavaCompiledCompositeTest3_CompiledCompositeActor.mk
-rw-rw-r-- 1 travis travis  3953 Jul  8 01:40 JavaCompiledCompositeTest4_CompiledCompositeActor.class
-rw-rw-r-- 1 travis travis  9687 Jul  8 01:40 JavaCompiledCompositeTest4_CompiledCompositeActor.java
-rw-rw-r-- 1 travis travis   857 Jul  8 01:40 JavaCompiledCompositeTest4_CompiledCompositeActor$_JavaCompiledCompositeTest4_CompiledCompositeActor.class
-rw-rw-r-- 1 travis travis  1625 Jul  8 01:40 JavaCompiledCompositeTest4_CompiledCompositeActor.mk
-rw-rw-r-- 1 travis travis  3693 Jul  8 01:40 ModularCG_A1_B1.class
-rw-rw-r-- 1 travis travis  9730 Jul  8 01:40 ModularCG_A1_B1.java
-rw-rw-r-- 1 travis travis   832 Jul  8 01:40 ModularCG_A1_B1.mk
-rw-rw-r-- 1 travis travis  1318 Jul  8 01:40 ModularCG_A1_B1_profile.class
-rw-rw-r-- 1 travis travis  1262 Jul  8 01:40 ModularCG_A1_B1_profile.java
-rw-rw-r-- 1 travis travis  3693 Jul  8 01:40 ModularCG_A1_B2.class
-rw-rw-r-- 1 travis travis  9730 Jul  8 01:40 ModularCG_A1_B2.java
-rw-rw-r-- 1 travis travis   832 Jul  8 01:40 ModularCG_A1_B2.mk
-rw-rw-r-- 1 travis travis  1318 Jul  8 01:40 ModularCG_A1_B2_profile.class
-rw-rw-r-- 1 travis travis  1262 Jul  8 01:40 ModularCG_A1_B2_profile.java
-rw-rw-r-- 1 travis travis  1704 Jul  8 01:40 ModularCG_A1_profile.java
-rw-rw-r-- 1 travis travis  3492 Jul  8 01:40 ModularCodeGenTest_A1_A2.class
-rw-rw-r-- 1 travis travis  9164 Jul  8 01:40 ModularCodeGenTest_A1_A2.java
-rw-rw-r-- 1 travis travis   904 Jul  8 01:40 ModularCodeGenTest_A1_A2.mk
-rw-rw-r-- 1 travis travis  1306 Jul  8 01:40 ModularCodeGenTest_A1_A2_profile.class
-rw-rw-r-- 1 travis travis  1228 Jul  8 01:40 ModularCodeGenTest_A1_A2_profile.java
-rw-rw-r-- 1 travis travis  3823 Jul  8 01:40 ModularCodeGenTest_A1.class
-rw-rw-r-- 1 travis travis  9968 Jul  8 01:40 ModularCodeGenTest_A1.java
-rw-rw-r-- 1 travis travis   880 Jul  8 01:40 ModularCodeGenTest_A1.mk
-rw-rw-r-- 1 travis travis  1352 Jul  8 01:40 ModularCodeGenTest_A1_profile.class
-rw-rw-r-- 1 travis travis  1394 Jul  8 01:40 ModularCodeGenTest_A1_profile.java
-rw-rw-r-- 1 travis travis   432 Jul  8 01:40 Token.class
-rw-rw-r-- 1 travis travis   251 Jul  8 01:40 Token.java
warning: Supported source version 'RELEASE_6' from annotation processor 'org.netbeans.modules.openide.util.NbBundleProcessor' less than -source '1.8'
warning: Supported source version 'RELEASE_6' from annotation processor 'org.netbeans.modules.openide.util.URLStreamHandlerRegistrationProcessor' less than -source '1.8'
warning: Supported source version 'RELEASE_6' from annotation processor 'org.netbeans.modules.openide.util.ServiceProviderProcessor' less than -source '1.8'
3 warnings
All Done
Writing ModularCG_A1.java in file:/home/travis/cg/ (14742 characters)
Reading "ptolemy/cg/kernel/generic/program/procedural/java/modular/makefile.in",
    writing "/home/travis/cg/ModularCG_A1.mk"
Using ptolemy/cg/kernel/generic/program/procedural/java/modular/makefile.in
In "/home/travis/cg", about to execute:
    make -f ModularCG_A1.mk
javac -classpath ".:.."    ModularCG_A1.java
All Done
In "/home/travis/cg", about to execute:
    pwd
/home/travis/cg
In "/home/travis/cg", about to execute:
    ls -l
In "/home/travis/cg", about to execute:
    javac -classpath
.:/home/travis/build/icyphy/ptII:/home/travis/build/icyphy/ptII/lib/bsh-2.0b4.j
ar:/home/travis/build/icyphy/ptII/lib/ptCal.jar:/home/travis/build/icyphy/ptII/
lib/java_cup.jar:/home/travis/build/icyphy/ptII/lib/saxon8.jar:/home/travis/bui
ld/icyphy/ptII/lib/saxon8-dom.jar:/home/travis/build/icyphy/ptII/lib/chic.jar:/
home/travis/build/icyphy/ptII/lib/ptcolt.jar:/usr/lib/jvm/java-8-oracle/lib/too
ls.jar:/usr/lib/eclipse/plugins/org.eclipse.jdt.core_3.8.2.dist.jar:/usr/lib/ec
lipse/plugins/org.eclipse.core.runtime_3.8.0.dist.jar:/usr/lib/eclipse/plugins/
org.eclipse.osgi_3.8.1.dist.jar:/usr/lib/eclipse/plugins/org.eclipse.core.resou
rces_3.8.1.dist.jar:/usr/lib/eclipse/plugins/org.eclipse.equinox.common_3.6.100
.dist.jar:/usr/lib/eclipse/plugins/org.eclipse.core.jobs_3.5.200.dist.jar:/usr/
lib/eclipse/plugins/org.eclipse.core.contenttype_3.4.200.dist.jar:/usr/lib/ecli
pse/plugins/org.eclipse.equinox.preferences_3.5.0.dist.jar:/usr/lib/eclipse/plu
gins/org.eclipse.text_3.5.200.dist.jar:/usr/lib/eclipse/plugins/org.eclipse.ui.
workbench_3.8.1.dist.jar:/usr/lib/eclipse/plugins/org.eclipse.jface_3.8.0.dist.
jar:/usr/lib/eclipse/plugins/org.eclipse.swt_3.8.2.jar:/usr/lib/eclipse/plugins
/org.eclipse.jface.text_3.8.1.dist.jar:/usr/lib/eclipse/plugins/org.eclipse.ui.
workbench.texteditor_3.8.0.dist.jar:/usr/lib/eclipse/plugins/org.eclipse.ui.edi
tors_3.8.0.dist.jar:/usr/lib/eclipse/plugins/org.eclipse.core.commands_3.6.1.di
st.jar:/usr/lib/eclipse/plugins/org.eclipse.equinox.registry_3.5.200.dist.jar:/
usr/lib/eclipse/plugins/org.eclipse.ui.console_3.5.100.dist.jar:/usr/lib/eclips
e/plugins/org.eclipse.ui.forms_3.5.200.dist.jar:/usr/lib/eclipse/plugins/org.ec
lipse.ui.ide_3.8.1.dist.jar:/home/travis/build/icyphy/ptII/vendors/oracle/dbxml
.jar:/home/travis/build/icyphy/ptII/vendors/oracle/db.jar:/home/travis/build/ic
yphy/ptII/vendors/misc/itext/iText.jar:/home/travis/build/icyphy/ptII/lib/g4ltl
.jar:/home/travis/build/icyphy/ptII/lib/StructuralCoder.jar:/home/travis/build/
icyphy/ptII/lib/org-openide-util.jar:/home/travis/build/icyphy/ptII/lib/org-ope
nide-util-lookup.jar:/home/travis/build/icyphy/ptII/lib/org-netbeans-api-visual
.jar:/home/travis/build/icyphy/ptII/vendors/jai-1_1_2_01/lib/jai_core.jar:/home
/travis/build/icyphy/ptII/vendors/jai-1_1_2_01/lib/jai_codec.jar:/home/travis/b
uild/icyphy/ptII/lib/jcerti.jar:/home/travis/build/icyphy/ptII/lib/smack.jar:/h
ome/travis/build/icyphy/ptII/lib/smackx.jar:/home/travis/build/icyphy/ptII/lib/
jetty-all-8.1.5-v20120716.jar:/home/travis/build/icyphy/ptII/lib/javax.servlet-
api-3.0.1.jar:/home/travis/build/icyphy/ptII/lib/javax.mail.jar:/home/travis/bu
ild/icyphy/ptII/vendors/JMF-2.1.1e/lib/jmf.jar:/home/travis/build/icyphy/ptII/l
ib/jna-4.0.0-variadic.jar:/home/travis/build/icyphy/ptII/vendors/misc/joystick/
Joystick.jar:/home/travis/build/icyphy/ptII/lib/ptjacl.jar:/home/travis/build/i
cyphy/ptII/lib/jsoup-1.8.2.jar:/home/travis/build/icyphy/ptII/lib/junit-4.8.2.j
ar:/home/travis/build/icyphy/ptII/lib/JUnitParams-0.4.0.jar:/home/travis/build/
icyphy/ptII/ptolemy/actor/lib/excel/jxl.jar:/home/travis/build/icyphy/ptII/lib/
jython.jar:/home/travis/build/icyphy/ptII/lib/kieler.jar:/home/travis/build/icy
phy/ptII/vendors/opencv/share/OpenCV/java/opencv-341.jar:/home/travis/build/icy
phy/ptII/lib/oscP5.jar:/home/travis/build/icyphy/ptII/lib/nrjavaserial-3.11.0.d
evel.jar:/home/travis/build/icyphy/ptII/vendors/j3d/lib/j3dcore.jar:/home/travi
s/build/icyphy/ptII/vendors/j3d/lib/j3dutils.jar:/home/travis/build/icyphy/ptII
/vendors/j3d/lib/vecmath.jar:/home/travis/build/icyphy/ptII/ptolemy/distributed
/jini/jar/jini-core.jar:/home/travis/build/icyphy/ptII/ptolemy/distributed/jini
/jar/jini-ext.jar:/home/travis/build/icyphy/ptII/ptolemy/distributed/jini/jar/s
un-util.jar:/home/travis/build/icyphy/ptII/lib/protobuf-java-2.4.1.jar:/home/tr
avis/build/icyphy/ptII/lib/org.eclipse.paho.client.mqttv3.jar:/home/travis/buil
d/icyphy/ptII/ptserver/lib/hessian-4.0.7.jar:/home/travis/build/icyphy/ptII/pts
erver/lib/wmqtt.jar:/home/travis/build/icyphy/ptII/lib/mapss.jar:/home/travis/b
uild/icyphy/ptII/ptolemy/actor/ptalon/antlr/antlr.jar:/home/travis/build/icyphy
/ptII/lib/JRI.jar:/home/travis/build/icyphy/ptII/lib/commons-lang-2.6.jar:/home
/travis/build/icyphy/ptII/lib/commons-logging-1.1.1.jar:/home/travis/build/icyp
hy/ptII/lib/sootclasses.jar:/home/travis/build/icyphy/ptII/ptolemy/actor/lib/da
tabase/mysql-connector-java-5.1.6-bin.jar:/home/travis/build/icyphy/ptII/vendor
s/misc/sphinx4/sphinx4-data-5prealpha.jar:/home/travis/build/icyphy/ptII/vendor
s/misc/sphinx4/sphinx4-core-5prealpha.jar:/home/travis/build/icyphy/ptII/lib/PD
FRenderer.jar:/home/travis/build/icyphy/ptII/lib/svgSalamander.jar:/home/travis
/build/icyphy/ptII/lib/rsyntaxtextarea-2.6.0-SNAPSHOT.jar:/home/travis/build/ic
yphy/ptII/lib/hazelcast-3.8.2.jar:/home/travis/build/icyphy/ptII/lib/jackson-an
notations-2.9.0.jar:/home/travis/build/icyphy/ptII/lib/jackson-core-2.9.3.jar:/
home/travis/build/icyphy/ptII/lib/jackson-databind-2.9.3.jar:/home/travis/build
/icyphy/ptII/lib/netty-buffer-4.1.19.Final.jar:/home/travis/build/icyphy/ptII/l
ib/netty-codec-4.1.19.Final.jar:/home/travis/build/icyphy/ptII/lib/netty-codec-
dns-4.1.19.Final.jar:/home/travis/build/icyphy/ptII/lib/netty-codec-http-4.1.19
.Final.jar:/home/travis/build/icyphy/ptII/lib/netty-codec-http2-4.1.19.Final.ja
r:/home/travis/build/icyphy/ptII/lib/netty-common-4.1.19.Final.jar:/home/travis
/build/icyphy/ptII/lib/netty-handler-4.1.19.Final.jar:/home/travis/build/icyphy
/ptII/lib/netty-resolver-4.1.19.Final.jar:/home/travis/build/icyphy/ptII/lib/ne
tty-resolver-dns-4.1.19.Final.jar:/home/travis/build/icyphy/ptII/lib/netty-tran
sport-4.1.19.Final.jar:/home/travis/build/icyphy/ptII/lib/vertx-codegen-3.5.1.j
ar:/home/travis/build/icyphy/ptII/lib/vertx-core-3.5.2-SNAPSHOT.jar:/home/travi
s/build/icyphy/ptII/lib/vertx-hazelcast-3.5.1.jar:/home/travis/build/icyphy/ptI
I/lib/vertx-lang-js-3.5.1.jar:/home/travis/build/icyphy/ptII/lib/vertx-service-
proxy-3.5.1.jar:/home/travis/build/icyphy/ptII/lib/vertx-web-3.5.1.jar:/home/tr
avis/build/icyphy/ptII/lib/slf4j-api-1.7.13.jar:/home/travis/build/icyphy/ptII/
lib/slf4j-simple-1.7.13.jar:/home/travis/build/icyphy/ptII/lib/webcam-capture-0
.3.12.jar:/home/travis/build/icyphy/ptII/lib/bridj-0.7.0.jar:/home/travis/build
/icyphy/ptII/lib/xbjlib-1.1.0.nrjavaserial.jar:/home/travis/build/icyphy/ptII/p
tolemy/moml/test:/home/travis/build/icyphy/ptII/ant/lib/ant-launcher.jar:/home/
travis/build/icyphy/ptII/ant/lib/ant.jar:/home/travis/build/icyphy/ptII/ant/lib
/ant-junit.jar:/home/travis/build/icyphy/ptII/ant/lib/ant-junit4.jar:/home/trav
is/build/icyphy/ptII ModularCG_A2_B1_profile.java
total 308
-rw-rw-r-- 1 travis travis  4895 Jul  8 01:40 CompiledCompositeActor_CompiledCompositeActor.class
-rw-rw-r-- 1 travis travis  1592 Jul  8 01:40 CompiledCompositeActor_CompiledCompositeActor$_CompiledCompositeActor_CompiledCompositeActor.class
-rw-rw-r-- 1 travis travis 13466 Jul  8 01:40 CompiledCompositeActor_CompiledCompositeActor.java
-rw-rw-r-- 1 travis travis  1593 Jul  8 01:40 CompiledCompositeActor_CompiledCompositeActor.mk
-rw-rw-r-- 1 travis travis  4457 Jul  8 01:40 JavaCompiledCompositeTest1_CompiledCompositeActor.class
-rw-rw-r-- 1 travis travis 11637 Jul  8 01:40 JavaCompiledCompositeTest1_CompiledCompositeActor.java
-rw-rw-r-- 1 travis travis  1198 Jul  8 01:40 JavaCompiledCompositeTest1_CompiledCompositeActor$_JavaCompiledCompositeTest1_CompiledCompositeActor.class
-rw-rw-r-- 1 travis travis  1625 Jul  8 01:40 JavaCompiledCompositeTest1_CompiledCompositeActor.mk
-rw-rw-r-- 1 travis travis  4888 Jul  8 01:40 JavaCompiledCompositeTest2_CompiledCompositeActor.class
-rw-rw-r-- 1 travis travis 14919 Jul  8 01:40 JavaCompiledCompositeTest2_CompiledCompositeActor.java
-rw-rw-r-- 1 travis travis  1793 Jul  8 01:40 JavaCompiledCompositeTest2_CompiledCompositeActor$_JavaCompiledCompositeTest2_CompiledCompositeActor.class
-rw-rw-r-- 1 travis travis  1625 Jul  8 01:40 JavaCompiledCompositeTest2_CompiledCompositeActor.mk
-rw-rw-r-- 1 travis travis  4505 Jul  8 01:40 JavaCompiledCompositeTest3_CompiledCompositeActor.class
-rw-rw-r-- 1 travis travis 13080 Jul  8 01:40 JavaCompiledCompositeTest3_CompiledCompositeActor.java
-rw-rw-r-- 1 travis travis  1378 Jul  8 01:40 JavaCompiledCompositeTest3_CompiledCompositeActor$_JavaCompiledCompositeTest3_CompiledCompositeActor.class
-rw-rw-r-- 1 travis travis  1625 Jul  8 01:40 JavaCompiledCompositeTest3_CompiledCompositeActor.mk
-rw-rw-r-- 1 travis travis  3953 Jul  8 01:40 JavaCompiledCompositeTest4_CompiledCompositeActor.class
-rw-rw-r-- 1 travis travis  9687 Jul  8 01:40 JavaCompiledCompositeTest4_CompiledCompositeActor.java
-rw-rw-r-- 1 travis travis   857 Jul  8 01:40 JavaCompiledCompositeTest4_CompiledCompositeActor$_JavaCompiledCompositeTest4_CompiledCompositeActor.class
-rw-rw-r-- 1 travis travis  1625 Jul  8 01:40 JavaCompiledCompositeTest4_CompiledCompositeActor.mk
-rw-rw-r-- 1 travis travis  3693 Jul  8 01:40 ModularCG_A1_B1.class
-rw-rw-r-- 1 travis travis  9730 Jul  8 01:40 ModularCG_A1_B1.java
-rw-rw-r-- 1 travis travis   832 Jul  8 01:40 ModularCG_A1_B1.mk
-rw-rw-r-- 1 travis travis  1318 Jul  8 01:40 ModularCG_A1_B1_profile.class
-rw-rw-r-- 1 travis travis  1262 Jul  8 01:40 ModularCG_A1_B1_profile.java
-rw-rw-r-- 1 travis travis  3693 Jul  8 01:40 ModularCG_A1_B2.class
-rw-rw-r-- 1 travis travis  9730 Jul  8 01:40 ModularCG_A1_B2.java
-rw-rw-r-- 1 travis travis   832 Jul  8 01:40 ModularCG_A1_B2.mk
-rw-rw-r-- 1 travis travis  1318 Jul  8 01:40 ModularCG_A1_B2_profile.class
-rw-rw-r-- 1 travis travis  1262 Jul  8 01:40 ModularCG_A1_B2_profile.java
-rw-rw-r-- 1 travis travis  4799 Jul  8 01:41 ModularCG_A1.class
-rw-rw-r-- 1 travis travis 14742 Jul  8 01:41 ModularCG_A1.java
-rw-rw-r-- 1 travis travis   808 Jul  8 01:41 ModularCG_A1.mk
-rw-rw-r-- 1 travis travis  1433 Jul  8 01:41 ModularCG_A1_profile.class
-rw-rw-r-- 1 travis travis  1704 Jul  8 01:40 ModularCG_A1_profile.java
-rw-rw-r-- 1 travis travis  1446 Jul  8 01:41 ModularCG_A2_B1_profile.java
-rw-rw-r-- 1 travis travis  3492 Jul  8 01:40 ModularCodeGenTest_A1_A2.class
-rw-rw-r-- 1 travis travis  9164 Jul  8 01:40 ModularCodeGenTest_A1_A2.java
-rw-rw-r-- 1 travis travis   904 Jul  8 01:40 ModularCodeGenTest_A1_A2.mk
-rw-rw-r-- 1 travis travis  1306 Jul  8 01:40 ModularCodeGenTest_A1_A2_profile.class
-rw-rw-r-- 1 travis travis  1228 Jul  8 01:40 ModularCodeGenTest_A1_A2_profile.java
-rw-rw-r-- 1 travis travis  3823 Jul  8 01:40 ModularCodeGenTest_A1.class
-rw-rw-r-- 1 travis travis  9968 Jul  8 01:40 ModularCodeGenTest_A1.java
-rw-rw-r-- 1 travis travis   880 Jul  8 01:40 ModularCodeGenTest_A1.mk
-rw-rw-r-- 1 travis travis  1352 Jul  8 01:40 ModularCodeGenTest_A1_profile.class
-rw-rw-r-- 1 travis travis  1394 Jul  8 01:40 ModularCodeGenTest_A1_profile.java
-rw-rw-r-- 1 travis travis   432 Jul  8 01:41 Token.class
-rw-rw-r-- 1 travis travis   251 Jul  8 01:41 Token.java
warning: Supported source version 'RELEASE_6' from annotation processor 'org.netbeans.modules.openide.util.NbBundleProcessor' less than -source '1.8'
warning: Supported source version 'RELEASE_6' from annotation processor 'org.netbeans.modules.openide.util.URLStreamHandlerRegistrationProcessor' less than -source '1.8'
warning: Supported source version 'RELEASE_6' from annotation processor 'org.netbeans.modules.openide.util.ServiceProviderProcessor' less than -source '1.8'
3 warnings
All Done
Writing ModularCG_A2_B1.java in file:/home/travis/cg/ (10667 characters)
Reading "ptolemy/cg/kernel/generic/program/procedural/java/modular/makefile.in",
    writing "/home/travis/cg/ModularCG_A2_B1.mk"
Using ptolemy/cg/kernel/generic/program/procedural/java/modular/makefile.in
In "/home/travis/cg", about to execute:
    make -f ModularCG_A2_B1.mk
javac -classpath ".:.."    ModularCG_A2_B1.java
All Done
In "/home/travis/cg", about to execute:
    pwd
In "/home/travis/cg", about to execute:
    ls -l
/home/travis/cg
In "/home/travis/cg", about to execute:
    javac -classpath
.:/home/travis/build/icyphy/ptII:/home/travis/build/icyphy/ptII/lib/bsh-2.0b4.j
ar:/home/travis/build/icyphy/ptII/lib/ptCal.jar:/home/travis/build/icyphy/ptII/
lib/java_cup.jar:/home/travis/build/icyphy/ptII/lib/saxon8.jar:/home/travis/bui
ld/icyphy/ptII/lib/saxon8-dom.jar:/home/travis/build/icyphy/ptII/lib/chic.jar:/
home/travis/build/icyphy/ptII/lib/ptcolt.jar:/usr/lib/jvm/java-8-oracle/lib/too
ls.jar:/usr/lib/eclipse/plugins/org.eclipse.jdt.core_3.8.2.dist.jar:/usr/lib/ec
lipse/plugins/org.eclipse.core.runtime_3.8.0.dist.jar:/usr/lib/eclipse/plugins/
org.eclipse.osgi_3.8.1.dist.jar:/usr/lib/eclipse/plugins/org.eclipse.core.resou
rces_3.8.1.dist.jar:/usr/lib/eclipse/plugins/org.eclipse.equinox.common_3.6.100
.dist.jar:/usr/lib/eclipse/plugins/org.eclipse.core.jobs_3.5.200.dist.jar:/usr/
lib/eclipse/plugins/org.eclipse.core.contenttype_3.4.200.dist.jar:/usr/lib/ecli
pse/plugins/org.eclipse.equinox.preferences_3.5.0.dist.jar:/usr/lib/eclipse/plu
gins/org.eclipse.text_3.5.200.dist.jar:/usr/lib/eclipse/plugins/org.eclipse.ui.
workbench_3.8.1.dist.jar:/usr/lib/eclipse/plugins/org.eclipse.jface_3.8.0.dist.
jar:/usr/lib/eclipse/plugins/org.eclipse.swt_3.8.2.jar:/usr/lib/eclipse/plugins
/org.eclipse.jface.text_3.8.1.dist.jar:/usr/lib/eclipse/plugins/org.eclipse.ui.
workbench.texteditor_3.8.0.dist.jar:/usr/lib/eclipse/plugins/org.eclipse.ui.edi
tors_3.8.0.dist.jar:/usr/lib/eclipse/plugins/org.eclipse.core.commands_3.6.1.di
st.jar:/usr/lib/eclipse/plugins/org.eclipse.equinox.registry_3.5.200.dist.jar:/
usr/lib/eclipse/plugins/org.eclipse.ui.console_3.5.100.dist.jar:/usr/lib/eclips
e/plugins/org.eclipse.ui.forms_3.5.200.dist.jar:/usr/lib/eclipse/plugins/org.ec
lipse.ui.ide_3.8.1.dist.jar:/home/travis/build/icyphy/ptII/vendors/oracle/dbxml
.jar:/home/travis/build/icyphy/ptII/vendors/oracle/db.jar:/home/travis/build/ic
yphy/ptII/vendors/misc/itext/iText.jar:/home/travis/build/icyphy/ptII/lib/g4ltl
.jar:/home/travis/build/icyphy/ptII/lib/StructuralCoder.jar:/home/travis/build/
icyphy/ptII/lib/org-openide-util.jar:/home/travis/build/icyphy/ptII/lib/org-ope
nide-util-lookup.jar:/home/travis/build/icyphy/ptII/lib/org-netbeans-api-visual
.jar:/home/travis/build/icyphy/ptII/vendors/jai-1_1_2_01/lib/jai_core.jar:/home
/travis/build/icyphy/ptII/vendors/jai-1_1_2_01/lib/jai_codec.jar:/home/travis/b
uild/icyphy/ptII/lib/jcerti.jar:/home/travis/build/icyphy/ptII/lib/smack.jar:/h
ome/travis/build/icyphy/ptII/lib/smackx.jar:/home/travis/build/icyphy/ptII/lib/
jetty-all-8.1.5-v20120716.jar:/home/travis/build/icyphy/ptII/lib/javax.servlet-
api-3.0.1.jar:/home/travis/build/icyphy/ptII/lib/javax.mail.jar:/home/travis/bu
ild/icyphy/ptII/vendors/JMF-2.1.1e/lib/jmf.jar:/home/travis/build/icyphy/ptII/l
ib/jna-4.0.0-variadic.jar:/home/travis/build/icyphy/ptII/vendors/misc/joystick/
Joystick.jar:/home/travis/build/icyphy/ptII/lib/ptjacl.jar:/home/travis/build/i
cyphy/ptII/lib/jsoup-1.8.2.jar:/home/travis/build/icyphy/ptII/lib/junit-4.8.2.j
ar:/home/travis/build/icyphy/ptII/lib/JUnitParams-0.4.0.jar:/home/travis/build/
icyphy/ptII/ptolemy/actor/lib/excel/jxl.jar:/home/travis/build/icyphy/ptII/lib/
jython.jar:/home/travis/build/icyphy/ptII/lib/kieler.jar:/home/travis/build/icy
phy/ptII/vendors/opencv/share/OpenCV/java/opencv-341.jar:/home/travis/build/icy
phy/ptII/lib/oscP5.jar:/home/travis/build/icyphy/ptII/lib/nrjavaserial-3.11.0.d
evel.jar:/home/travis/build/icyphy/ptII/vendors/j3d/lib/j3dcore.jar:/home/travi
s/build/icyphy/ptII/vendors/j3d/lib/j3dutils.jar:/home/travis/build/icyphy/ptII
/vendors/j3d/lib/vecmath.jar:/home/travis/build/icyphy/ptII/ptolemy/distributed
/jini/jar/jini-core.jar:/home/travis/build/icyphy/ptII/ptolemy/distributed/jini
/jar/jini-ext.jar:/home/travis/build/icyphy/ptII/ptolemy/distributed/jini/jar/s
un-util.jar:/home/travis/build/icyphy/ptII/lib/protobuf-java-2.4.1.jar:/home/tr
avis/build/icyphy/ptII/lib/org.eclipse.paho.client.mqttv3.jar:/home/travis/buil
d/icyphy/ptII/ptserver/lib/hessian-4.0.7.jar:/home/travis/build/icyphy/ptII/pts
erver/lib/wmqtt.jar:/home/travis/build/icyphy/ptII/lib/mapss.jar:/home/travis/b
uild/icyphy/ptII/ptolemy/actor/ptalon/antlr/antlr.jar:/home/travis/build/icyphy
/ptII/lib/JRI.jar:/home/travis/build/icyphy/ptII/lib/commons-lang-2.6.jar:/home
/travis/build/icyphy/ptII/lib/commons-logging-1.1.1.jar:/home/travis/build/icyp
hy/ptII/lib/sootclasses.jar:/home/travis/build/icyphy/ptII/ptolemy/actor/lib/da
tabase/mysql-connector-java-5.1.6-bin.jar:/home/travis/build/icyphy/ptII/vendor
s/misc/sphinx4/sphinx4-data-5prealpha.jar:/home/travis/build/icyphy/ptII/vendor
s/misc/sphinx4/sphinx4-core-5prealpha.jar:/home/travis/build/icyphy/ptII/lib/PD
FRenderer.jar:/home/travis/build/icyphy/ptII/lib/svgSalamander.jar:/home/travis
/build/icyphy/ptII/lib/rsyntaxtextarea-2.6.0-SNAPSHOT.jar:/home/travis/build/ic
yphy/ptII/lib/hazelcast-3.8.2.jar:/home/travis/build/icyphy/ptII/lib/jackson-an
notations-2.9.0.jar:/home/travis/build/icyphy/ptII/lib/jackson-core-2.9.3.jar:/
home/travis/build/icyphy/ptII/lib/jackson-databind-2.9.3.jar:/home/travis/build
/icyphy/ptII/lib/netty-buffer-4.1.19.Final.jar:/home/travis/build/icyphy/ptII/l
ib/netty-codec-4.1.19.Final.jar:/home/travis/build/icyphy/ptII/lib/netty-codec-
dns-4.1.19.Final.jar:/home/travis/build/icyphy/ptII/lib/netty-codec-http-4.1.19
.Final.jar:/home/travis/build/icyphy/ptII/lib/netty-codec-http2-4.1.19.Final.ja
r:/home/travis/build/icyphy/ptII/lib/netty-common-4.1.19.Final.jar:/home/travis
/build/icyphy/ptII/lib/netty-handler-4.1.19.Final.jar:/home/travis/build/icyphy
/ptII/lib/netty-resolver-4.1.19.Final.jar:/home/travis/build/icyphy/ptII/lib/ne
tty-resolver-dns-4.1.19.Final.jar:/home/travis/build/icyphy/ptII/lib/netty-tran
sport-4.1.19.Final.jar:/home/travis/build/icyphy/ptII/lib/vertx-codegen-3.5.1.j
ar:/home/travis/build/icyphy/ptII/lib/vertx-core-3.5.2-SNAPSHOT.jar:/home/travi
s/build/icyphy/ptII/lib/vertx-hazelcast-3.5.1.jar:/home/travis/build/icyphy/ptI
I/lib/vertx-lang-js-3.5.1.jar:/home/travis/build/icyphy/ptII/lib/vertx-service-
proxy-3.5.1.jar:/home/travis/build/icyphy/ptII/lib/vertx-web-3.5.1.jar:/home/tr
avis/build/icyphy/ptII/lib/slf4j-api-1.7.13.jar:/home/travis/build/icyphy/ptII/
lib/slf4j-simple-1.7.13.jar:/home/travis/build/icyphy/ptII/lib/webcam-capture-0
.3.12.jar:/home/travis/build/icyphy/ptII/lib/bridj-0.7.0.jar:/home/travis/build
/icyphy/ptII/lib/xbjlib-1.1.0.nrjavaserial.jar:/home/travis/build/icyphy/ptII/p
tolemy/moml/test:/home/travis/build/icyphy/ptII/ant/lib/ant-launcher.jar:/home/
travis/build/icyphy/ptII/ant/lib/ant.jar:/home/travis/build/icyphy/ptII/ant/lib
/ant-junit.jar:/home/travis/build/icyphy/ptII/ant/lib/ant-junit4.jar:/home/trav
is/build/icyphy/ptII ModularCG_A2_B2_profile.java
total 336
-rw-rw-r-- 1 travis travis  4895 Jul  8 01:40 CompiledCompositeActor_CompiledCompositeActor.class
-rw-rw-r-- 1 travis travis  1592 Jul  8 01:40 CompiledCompositeActor_CompiledCompositeActor$_CompiledCompositeActor_CompiledCompositeActor.class
-rw-rw-r-- 1 travis travis 13466 Jul  8 01:40 CompiledCompositeActor_CompiledCompositeActor.java
-rw-rw-r-- 1 travis travis  1593 Jul  8 01:40 CompiledCompositeActor_CompiledCompositeActor.mk
-rw-rw-r-- 1 travis travis  4457 Jul  8 01:40 JavaCompiledCompositeTest1_CompiledCompositeActor.class
-rw-rw-r-- 1 travis travis 11637 Jul  8 01:40 JavaCompiledCompositeTest1_CompiledCompositeActor.java
-rw-rw-r-- 1 travis travis  1198 Jul  8 01:40 JavaCompiledCompositeTest1_CompiledCompositeActor$_JavaCompiledCompositeTest1_CompiledCompositeActor.class
-rw-rw-r-- 1 travis travis  1625 Jul  8 01:40 JavaCompiledCompositeTest1_CompiledCompositeActor.mk
-rw-rw-r-- 1 travis travis  4888 Jul  8 01:40 JavaCompiledCompositeTest2_CompiledCompositeActor.class
-rw-rw-r-- 1 travis travis 14919 Jul  8 01:40 JavaCompiledCompositeTest2_CompiledCompositeActor.java
-rw-rw-r-- 1 travis travis  1793 Jul  8 01:40 JavaCompiledCompositeTest2_CompiledCompositeActor$_JavaCompiledCompositeTest2_CompiledCompositeActor.class
-rw-rw-r-- 1 travis travis  1625 Jul  8 01:40 JavaCompiledCompositeTest2_CompiledCompositeActor.mk
-rw-rw-r-- 1 travis travis  4505 Jul  8 01:40 JavaCompiledCompositeTest3_CompiledCompositeActor.class
-rw-rw-r-- 1 travis travis 13080 Jul  8 01:40 JavaCompiledCompositeTest3_CompiledCompositeActor.java
-rw-rw-r-- 1 travis travis  1378 Jul  8 01:40 JavaCompiledCompositeTest3_CompiledCompositeActor$_JavaCompiledCompositeTest3_CompiledCompositeActor.class
-rw-rw-r-- 1 travis travis  1625 Jul  8 01:40 JavaCompiledCompositeTest3_CompiledCompositeActor.mk
-rw-rw-r-- 1 travis travis  3953 Jul  8 01:40 JavaCompiledCompositeTest4_CompiledCompositeActor.class
-rw-rw-r-- 1 travis travis  9687 Jul  8 01:40 JavaCompiledCompositeTest4_CompiledCompositeActor.java
-rw-rw-r-- 1 travis travis   857 Jul  8 01:40 JavaCompiledCompositeTest4_CompiledCompositeActor$_JavaCompiledCompositeTest4_CompiledCompositeActor.class
-rw-rw-r-- 1 travis travis  1625 Jul  8 01:40 JavaCompiledCompositeTest4_CompiledCompositeActor.mk
-rw-rw-r-- 1 travis travis  3693 Jul  8 01:40 ModularCG_A1_B1.class
-rw-rw-r-- 1 travis travis  9730 Jul  8 01:40 ModularCG_A1_B1.java
-rw-rw-r-- 1 travis travis   832 Jul  8 01:40 ModularCG_A1_B1.mk
-rw-rw-r-- 1 travis travis  1318 Jul  8 01:40 ModularCG_A1_B1_profile.class
-rw-rw-r-- 1 travis travis  1262 Jul  8 01:40 ModularCG_A1_B1_profile.java
-rw-rw-r-- 1 travis travis  3693 Jul  8 01:40 ModularCG_A1_B2.class
-rw-rw-r-- 1 travis travis  9730 Jul  8 01:40 ModularCG_A1_B2.java
-rw-rw-r-- 1 travis travis   832 Jul  8 01:40 ModularCG_A1_B2.mk
-rw-rw-r-- 1 travis travis  1318 Jul  8 01:40 ModularCG_A1_B2_profile.class
-rw-rw-r-- 1 travis travis  1262 Jul  8 01:40 ModularCG_A1_B2_profile.java
-rw-rw-r-- 1 travis travis  4799 Jul  8 01:41 ModularCG_A1.class
-rw-rw-r-- 1 travis travis 14742 Jul  8 01:41 ModularCG_A1.java
-rw-rw-r-- 1 travis travis   808 Jul  8 01:41 ModularCG_A1.mk
-rw-rw-r-- 1 travis travis  1433 Jul  8 01:41 ModularCG_A1_profile.class
-rw-rw-r-- 1 travis travis  1704 Jul  8 01:40 ModularCG_A1_profile.java
-rw-rw-r-- 1 travis travis  3827 Jul  8 01:41 ModularCG_A2_B1.class
-rw-rw-r-- 1 travis travis 10667 Jul  8 01:41 ModularCG_A2_B1.java
-rw-rw-r-- 1 travis travis   832 Jul  8 01:41 ModularCG_A2_B1.mk
-rw-rw-r-- 1 travis travis  1381 Jul  8 01:41 ModularCG_A2_B1_profile.class
-rw-rw-r-- 1 travis travis  1446 Jul  8 01:41 ModularCG_A2_B1_profile.java
-rw-rw-r-- 1 travis travis  1262 Jul  8 01:41 ModularCG_A2_B2_profile.java
-rw-rw-r-- 1 travis travis  3492 Jul  8 01:40 ModularCodeGenTest_A1_A2.class
-rw-rw-r-- 1 travis travis  9164 Jul  8 01:40 ModularCodeGenTest_A1_A2.java
-rw-rw-r-- 1 travis travis   904 Jul  8 01:40 ModularCodeGenTest_A1_A2.mk
-rw-rw-r-- 1 travis travis  1306 Jul  8 01:40 ModularCodeGenTest_A1_A2_profile.class
-rw-rw-r-- 1 travis travis  1228 Jul  8 01:40 ModularCodeGenTest_A1_A2_profile.java
-rw-rw-r-- 1 travis travis  3823 Jul  8 01:40 ModularCodeGenTest_A1.class
-rw-rw-r-- 1 travis travis  9968 Jul  8 01:40 ModularCodeGenTest_A1.java
-rw-rw-r-- 1 travis travis   880 Jul  8 01:40 ModularCodeGenTest_A1.mk
-rw-rw-r-- 1 travis travis  1352 Jul  8 01:40 ModularCodeGenTest_A1_profile.class
-rw-rw-r-- 1 travis travis  1394 Jul  8 01:40 ModularCodeGenTest_A1_profile.java
-rw-rw-r-- 1 travis travis   432 Jul  8 01:41 Token.class
-rw-rw-r-- 1 travis travis   251 Jul  8 01:41 Token.java
warning: Supported source version 'RELEASE_6' from annotation processor 'org.netbeans.modules.openide.util.NbBundleProcessor' less than -source '1.8'
warning: Supported source version 'RELEASE_6' from annotation processor 'org.netbeans.modules.openide.util.URLStreamHandlerRegistrationProcessor' less than -source '1.8'
warning: Supported source version 'RELEASE_6' from annotation processor 'org.netbeans.modules.openide.util.ServiceProviderProcessor' less than -source '1.8'
3 warnings
All Done
Writing ModularCG_A2_B2.java in file:/home/travis/cg/ (9730 characters)
Reading "ptolemy/cg/kernel/generic/program/procedural/java/modular/makefile.in",
    writing "/home/travis/cg/ModularCG_A2_B2.mk"
Using ptolemy/cg/kernel/generic/program/procedural/java/modular/makefile.in
In "/home/travis/cg", about to execute:
    make -f ModularCG_A2_B2.mk
javac -classpath ".:.."    ModularCG_A2_B2.java
All Done
In "/home/travis/cg", about to execute:
    pwd
/home/travis/cg
In "/home/travis/cg", about to execute:
    ls -l
In "/home/travis/cg", about to execute:
    javac -classpath
.:/home/travis/build/icyphy/ptII:/home/travis/build/icyphy/ptII/lib/bsh-2.0b4.j
ar:/home/travis/build/icyphy/ptII/lib/ptCal.jar:/home/travis/build/icyphy/ptII/
lib/java_cup.jar:/home/travis/build/icyphy/ptII/lib/saxon8.jar:/home/travis/bui
ld/icyphy/ptII/lib/saxon8-dom.jar:/home/travis/build/icyphy/ptII/lib/chic.jar:/
home/travis/build/icyphy/ptII/lib/ptcolt.jar:/usr/lib/jvm/java-8-oracle/lib/too
ls.jar:/usr/lib/eclipse/plugins/org.eclipse.jdt.core_3.8.2.dist.jar:/usr/lib/ec
lipse/plugins/org.eclipse.core.runtime_3.8.0.dist.jar:/usr/lib/eclipse/plugins/
org.eclipse.osgi_3.8.1.dist.jar:/usr/lib/eclipse/plugins/org.eclipse.core.resou
rces_3.8.1.dist.jar:/usr/lib/eclipse/plugins/org.eclipse.equinox.common_3.6.100
.dist.jar:/usr/lib/eclipse/plugins/org.eclipse.core.jobs_3.5.200.dist.jar:/usr/
lib/eclipse/plugins/org.eclipse.core.contenttype_3.4.200.dist.jar:/usr/lib/ecli
pse/plugins/org.eclipse.equinox.preferences_3.5.0.dist.jar:/usr/lib/eclipse/plu
gins/org.eclipse.text_3.5.200.dist.jar:/usr/lib/eclipse/plugins/org.eclipse.ui.
workbench_3.8.1.dist.jar:/usr/lib/eclipse/plugins/org.eclipse.jface_3.8.0.dist.
jar:/usr/lib/eclipse/plugins/org.eclipse.swt_3.8.2.jar:/usr/lib/eclipse/plugins
/org.eclipse.jface.text_3.8.1.dist.jar:/usr/lib/eclipse/plugins/org.eclipse.ui.
workbench.texteditor_3.8.0.dist.jar:/usr/lib/eclipse/plugins/org.eclipse.ui.edi
tors_3.8.0.dist.jar:/usr/lib/eclipse/plugins/org.eclipse.core.commands_3.6.1.di
st.jar:/usr/lib/eclipse/plugins/org.eclipse.equinox.registry_3.5.200.dist.jar:/
usr/lib/eclipse/plugins/org.eclipse.ui.console_3.5.100.dist.jar:/usr/lib/eclips
e/plugins/org.eclipse.ui.forms_3.5.200.dist.jar:/usr/lib/eclipse/plugins/org.ec
lipse.ui.ide_3.8.1.dist.jar:/home/travis/build/icyphy/ptII/vendors/oracle/dbxml
.jar:/home/travis/build/icyphy/ptII/vendors/oracle/db.jar:/home/travis/build/ic
yphy/ptII/vendors/misc/itext/iText.jar:/home/travis/build/icyphy/ptII/lib/g4ltl
.jar:/home/travis/build/icyphy/ptII/lib/StructuralCoder.jar:/home/travis/build/
icyphy/ptII/lib/org-openide-util.jar:/home/travis/build/icyphy/ptII/lib/org-ope
nide-util-lookup.jar:/home/travis/build/icyphy/ptII/lib/org-netbeans-api-visual
.jar:/home/travis/build/icyphy/ptII/vendors/jai-1_1_2_01/lib/jai_core.jar:/home
/travis/build/icyphy/ptII/vendors/jai-1_1_2_01/lib/jai_codec.jar:/home/travis/b
uild/icyphy/ptII/lib/jcerti.jar:/home/travis/build/icyphy/ptII/lib/smack.jar:/h
ome/travis/build/icyphy/ptII/lib/smackx.jar:/home/travis/build/icyphy/ptII/lib/
jetty-all-8.1.5-v20120716.jar:/home/travis/build/icyphy/ptII/lib/javax.servlet-
api-3.0.1.jar:/home/travis/build/icyphy/ptII/lib/javax.mail.jar:/home/travis/bu
ild/icyphy/ptII/vendors/JMF-2.1.1e/lib/jmf.jar:/home/travis/build/icyphy/ptII/l
ib/jna-4.0.0-variadic.jar:/home/travis/build/icyphy/ptII/vendors/misc/joystick/
Joystick.jar:/home/travis/build/icyphy/ptII/lib/ptjacl.jar:/home/travis/build/i
cyphy/ptII/lib/jsoup-1.8.2.jar:/home/travis/build/icyphy/ptII/lib/junit-4.8.2.j
ar:/home/travis/build/icyphy/ptII/lib/JUnitParams-0.4.0.jar:/home/travis/build/
icyphy/ptII/ptolemy/actor/lib/excel/jxl.jar:/home/travis/build/icyphy/ptII/lib/
jython.jar:/home/travis/build/icyphy/ptII/lib/kieler.jar:/home/travis/build/icy
phy/ptII/vendors/opencv/share/OpenCV/java/opencv-341.jar:/home/travis/build/icy
phy/ptII/lib/oscP5.jar:/home/travis/build/icyphy/ptII/lib/nrjavaserial-3.11.0.d
evel.jar:/home/travis/build/icyphy/ptII/vendors/j3d/lib/j3dcore.jar:/home/travi
s/build/icyphy/ptII/vendors/j3d/lib/j3dutils.jar:/home/travis/build/icyphy/ptII
/vendors/j3d/lib/vecmath.jar:/home/travis/build/icyphy/ptII/ptolemy/distributed
/jini/jar/jini-core.jar:/home/travis/build/icyphy/ptII/ptolemy/distributed/jini
/jar/jini-ext.jar:/home/travis/build/icyphy/ptII/ptolemy/distributed/jini/jar/s
un-util.jar:/home/travis/build/icyphy/ptII/lib/protobuf-java-2.4.1.jar:/home/tr
avis/build/icyphy/ptII/lib/org.eclipse.paho.client.mqttv3.jar:/home/travis/buil
d/icyphy/ptII/ptserver/lib/hessian-4.0.7.jar:/home/travis/build/icyphy/ptII/pts
erver/lib/wmqtt.jar:/home/travis/build/icyphy/ptII/lib/mapss.jar:/home/travis/b
uild/icyphy/ptII/ptolemy/actor/ptalon/antlr/antlr.jar:/home/travis/build/icyphy
/ptII/lib/JRI.jar:/home/travis/build/icyphy/ptII/lib/commons-lang-2.6.jar:/home
/travis/build/icyphy/ptII/lib/commons-logging-1.1.1.jar:/home/travis/build/icyp
hy/ptII/lib/sootclasses.jar:/home/travis/build/icyphy/ptII/ptolemy/actor/lib/da
tabase/mysql-connector-java-5.1.6-bin.jar:/home/travis/build/icyphy/ptII/vendor
s/misc/sphinx4/sphinx4-data-5prealpha.jar:/home/travis/build/icyphy/ptII/vendor
s/misc/sphinx4/sphinx4-core-5prealpha.jar:/home/travis/build/icyphy/ptII/lib/PD
FRenderer.jar:/home/travis/build/icyphy/ptII/lib/svgSalamander.jar:/home/travis
/build/icyphy/ptII/lib/rsyntaxtextarea-2.6.0-SNAPSHOT.jar:/home/travis/build/ic
yphy/ptII/lib/hazelcast-3.8.2.jar:/home/travis/build/icyphy/ptII/lib/jackson-an
notations-2.9.0.jar:/home/travis/build/icyphy/ptII/lib/jackson-core-2.9.3.jar:/
home/travis/build/icyphy/ptII/lib/jackson-databind-2.9.3.jar:/home/travis/build
/icyphy/ptII/lib/netty-buffer-4.1.19.Final.jar:/home/travis/build/icyphy/ptII/l
ib/netty-codec-4.1.19.Final.jar:/home/travis/build/icyphy/ptII/lib/netty-codec-
dns-4.1.19.Final.jar:/home/travis/build/icyphy/ptII/lib/netty-codec-http-4.1.19
.Final.jar:/home/travis/build/icyphy/ptII/lib/netty-codec-http2-4.1.19.Final.ja
r:/home/travis/build/icyphy/ptII/lib/netty-common-4.1.19.Final.jar:/home/travis
/build/icyphy/ptII/lib/netty-handler-4.1.19.Final.jar:/home/travis/build/icyphy
/ptII/lib/netty-resolver-4.1.19.Final.jar:/home/travis/build/icyphy/ptII/lib/ne
tty-resolver-dns-4.1.19.Final.jar:/home/travis/build/icyphy/ptII/lib/netty-tran
sport-4.1.19.Final.jar:/home/travis/build/icyphy/ptII/lib/vertx-codegen-3.5.1.j
ar:/home/travis/build/icyphy/ptII/lib/vertx-core-3.5.2-SNAPSHOT.jar:/home/travi
s/build/icyphy/ptII/lib/vertx-hazelcast-3.5.1.jar:/home/travis/build/icyphy/ptI
I/lib/vertx-lang-js-3.5.1.jar:/home/travis/build/icyphy/ptII/lib/vertx-service-
proxy-3.5.1.jar:/home/travis/build/icyphy/ptII/lib/vertx-web-3.5.1.jar:/home/tr
avis/build/icyphy/ptII/lib/slf4j-api-1.7.13.jar:/home/travis/build/icyphy/ptII/
lib/slf4j-simple-1.7.13.jar:/home/travis/build/icyphy/ptII/lib/webcam-capture-0
.3.12.jar:/home/travis/build/icyphy/ptII/lib/bridj-0.7.0.jar:/home/travis/build
/icyphy/ptII/lib/xbjlib-1.1.0.nrjavaserial.jar:/home/travis/build/icyphy/ptII/p
tolemy/moml/test:/home/travis/build/icyphy/ptII/ant/lib/ant-launcher.jar:/home/
travis/build/icyphy/ptII/ant/lib/ant.jar:/home/travis/build/icyphy/ptII/ant/lib
/ant-junit.jar:/home/travis/build/icyphy/ptII/ant/lib/ant-junit4.jar:/home/trav
is/build/icyphy/ptII ModularCG_A2_profile.java
total 364
-rw-rw-r-- 1 travis travis  4895 Jul  8 01:40 CompiledCompositeActor_CompiledCompositeActor.class
-rw-rw-r-- 1 travis travis  1592 Jul  8 01:40 CompiledCompositeActor_CompiledCompositeActor$_CompiledCompositeActor_CompiledCompositeActor.class
-rw-rw-r-- 1 travis travis 13466 Jul  8 01:40 CompiledCompositeActor_CompiledCompositeActor.java
-rw-rw-r-- 1 travis travis  1593 Jul  8 01:40 CompiledCompositeActor_CompiledCompositeActor.mk
-rw-rw-r-- 1 travis travis  4457 Jul  8 01:40 JavaCompiledCompositeTest1_CompiledCompositeActor.class
-rw-rw-r-- 1 travis travis 11637 Jul  8 01:40 JavaCompiledCompositeTest1_CompiledCompositeActor.java
-rw-rw-r-- 1 travis travis  1198 Jul  8 01:40 JavaCompiledCompositeTest1_CompiledCompositeActor$_JavaCompiledCompositeTest1_CompiledCompositeActor.class
-rw-rw-r-- 1 travis travis  1625 Jul  8 01:40 JavaCompiledCompositeTest1_CompiledCompositeActor.mk
-rw-rw-r-- 1 travis travis  4888 Jul  8 01:40 JavaCompiledCompositeTest2_CompiledCompositeActor.class
-rw-rw-r-- 1 travis travis 14919 Jul  8 01:40 JavaCompiledCompositeTest2_CompiledCompositeActor.java
-rw-rw-r-- 1 travis travis  1793 Jul  8 01:40 JavaCompiledCompositeTest2_CompiledCompositeActor$_JavaCompiledCompositeTest2_CompiledCompositeActor.class
-rw-rw-r-- 1 travis travis  1625 Jul  8 01:40 JavaCompiledCompositeTest2_CompiledCompositeActor.mk
-rw-rw-r-- 1 travis travis  4505 Jul  8 01:40 JavaCompiledCompositeTest3_CompiledCompositeActor.class
-rw-rw-r-- 1 travis travis 13080 Jul  8 01:40 JavaCompiledCompositeTest3_CompiledCompositeActor.java
-rw-rw-r-- 1 travis travis  1378 Jul  8 01:40 JavaCompiledCompositeTest3_CompiledCompositeActor$_JavaCompiledCompositeTest3_CompiledCompositeActor.class
-rw-rw-r-- 1 travis travis  1625 Jul  8 01:40 JavaCompiledCompositeTest3_CompiledCompositeActor.mk
-rw-rw-r-- 1 travis travis  3953 Jul  8 01:40 JavaCompiledCompositeTest4_CompiledCompositeActor.class
-rw-rw-r-- 1 travis travis  9687 Jul  8 01:40 JavaCompiledCompositeTest4_CompiledCompositeActor.java
-rw-rw-r-- 1 travis travis   857 Jul  8 01:40 JavaCompiledCompositeTest4_CompiledCompositeActor$_JavaCompiledCompositeTest4_CompiledCompositeActor.class
-rw-rw-r-- 1 travis travis  1625 Jul  8 01:40 JavaCompiledCompositeTest4_CompiledCompositeActor.mk
-rw-rw-r-- 1 travis travis  3693 Jul  8 01:40 ModularCG_A1_B1.class
-rw-rw-r-- 1 travis travis  9730 Jul  8 01:40 ModularCG_A1_B1.java
-rw-rw-r-- 1 travis travis   832 Jul  8 01:40 ModularCG_A1_B1.mk
-rw-rw-r-- 1 travis travis  1318 Jul  8 01:40 ModularCG_A1_B1_profile.class
-rw-rw-r-- 1 travis travis  1262 Jul  8 01:40 ModularCG_A1_B1_profile.java
-rw-rw-r-- 1 travis travis  3693 Jul  8 01:40 ModularCG_A1_B2.class
-rw-rw-r-- 1 travis travis  9730 Jul  8 01:40 ModularCG_A1_B2.java
-rw-rw-r-- 1 travis travis   832 Jul  8 01:40 ModularCG_A1_B2.mk
-rw-rw-r-- 1 travis travis  1318 Jul  8 01:40 ModularCG_A1_B2_profile.class
-rw-rw-r-- 1 travis travis  1262 Jul  8 01:40 ModularCG_A1_B2_profile.java
-rw-rw-r-- 1 travis travis  4799 Jul  8 01:41 ModularCG_A1.class
-rw-rw-r-- 1 travis travis 14742 Jul  8 01:41 ModularCG_A1.java
-rw-rw-r-- 1 travis travis   808 Jul  8 01:41 ModularCG_A1.mk
-rw-rw-r-- 1 travis travis  1433 Jul  8 01:41 ModularCG_A1_profile.class
-rw-rw-r-- 1 travis travis  1704 Jul  8 01:40 ModularCG_A1_profile.java
-rw-rw-r-- 1 travis travis  3827 Jul  8 01:41 ModularCG_A2_B1.class
-rw-rw-r-- 1 travis travis 10667 Jul  8 01:41 ModularCG_A2_B1.java
-rw-rw-r-- 1 travis travis   832 Jul  8 01:41 ModularCG_A2_B1.mk
-rw-rw-r-- 1 travis travis  1381 Jul  8 01:41 ModularCG_A2_B1_profile.class
-rw-rw-r-- 1 travis travis  1446 Jul  8 01:41 ModularCG_A2_B1_profile.java
-rw-rw-r-- 1 travis travis  3693 Jul  8 01:41 ModularCG_A2_B2.class
-rw-rw-r-- 1 travis travis  9730 Jul  8 01:41 ModularCG_A2_B2.java
-rw-rw-r-- 1 travis travis   832 Jul  8 01:41 ModularCG_A2_B2.mk
-rw-rw-r-- 1 travis travis  1318 Jul  8 01:41 ModularCG_A2_B2_profile.class
-rw-rw-r-- 1 travis travis  1262 Jul  8 01:41 ModularCG_A2_B2_profile.java
-rw-rw-r-- 1 travis travis  1704 Jul  8 01:41 ModularCG_A2_profile.java
-rw-rw-r-- 1 travis travis  3492 Jul  8 01:40 ModularCodeGenTest_A1_A2.class
-rw-rw-r-- 1 travis travis  9164 Jul  8 01:40 ModularCodeGenTest_A1_A2.java
-rw-rw-r-- 1 travis travis   904 Jul  8 01:40 ModularCodeGenTest_A1_A2.mk
-rw-rw-r-- 1 travis travis  1306 Jul  8 01:40 ModularCodeGenTest_A1_A2_profile.class
-rw-rw-r-- 1 travis travis  1228 Jul  8 01:40 ModularCodeGenTest_A1_A2_profile.java
-rw-rw-r-- 1 travis travis  3823 Jul  8 01:40 ModularCodeGenTest_A1.class
-rw-rw-r-- 1 travis travis  9968 Jul  8 01:40 ModularCodeGenTest_A1.java
-rw-rw-r-- 1 travis travis   880 Jul  8 01:40 ModularCodeGenTest_A1.mk
-rw-rw-r-- 1 travis travis  1352 Jul  8 01:40 ModularCodeGenTest_A1_profile.class
-rw-rw-r-- 1 travis travis  1394 Jul  8 01:40 ModularCodeGenTest_A1_profile.java
-rw-rw-r-- 1 travis travis   432 Jul  8 01:41 Token.class
-rw-rw-r-- 1 travis travis   251 Jul  8 01:41 Token.java
warning: Supported source version 'RELEASE_6' from annotation processor 'org.netbeans.modules.openide.util.NbBundleProcessor' less than -source '1.8'
warning: Supported source version 'RELEASE_6' from annotation processor 'org.netbeans.modules.openide.util.URLStreamHandlerRegistrationProcessor' less than -source '1.8'
warning: Supported source version 'RELEASE_6' from annotation processor 'org.netbeans.modules.openide.util.ServiceProviderProcessor' less than -source '1.8'
3 warnings
All Done
Writing ModularCG_A2.java in file:/home/travis/cg/ (15129 characters)
Reading "ptolemy/cg/kernel/generic/program/procedural/java/modular/makefile.in",
    writing "/home/travis/cg/ModularCG_A2.mk"
Using ptolemy/cg/kernel/generic/program/procedural/java/modular/makefile.in
In "/home/travis/cg", about to execute:
    make -f ModularCG_A2.mk
javac -classpath ".:.."    ModularCG_A2.java
All Done
Manager.initialize() finished: 14358 ms. Memory: 578560K Free: 161858K (28%)
14362 ms. Memory: 578560K Free: 161858K (28%)
----------------- Invoking toplevel() on ptolemy.moml.MoMLSimpleApplication@1f3a14bb
----------------- Done invoking toplevel() on ptolemy.moml.MoMLSimpleApplication@1f3a14bb
reloadAllAccessors: .ModularCG

===========================================================================================
----------------- testing Sun Jul 08 01:41:08 UTC 2018 /home/travis/build/icyphy/ptII/ptolemy/cg/lib/test/auto/ModularCGPubSub.xml
----------------- Instantiating /home/travis/build/icyphy/ptII/ptolemy/cg/lib/test/auto/ModularCGPubSub.xml
In "/home/travis/cg", about to execute:
    pwd
In "/home/travis/cg", about to execute:
    ls -l
/home/travis/cg
In "/home/travis/cg", about to execute:
    javac -classpath
.:/home/travis/build/icyphy/ptII:/home/travis/build/icyphy/ptII/lib/bsh-2.0b4.j
ar:/home/travis/build/icyphy/ptII/lib/ptCal.jar:/home/travis/build/icyphy/ptII/
lib/java_cup.jar:/home/travis/build/icyphy/ptII/lib/saxon8.jar:/home/travis/bui
ld/icyphy/ptII/lib/saxon8-dom.jar:/home/travis/build/icyphy/ptII/lib/chic.jar:/
home/travis/build/icyphy/ptII/lib/ptcolt.jar:/usr/lib/jvm/java-8-oracle/lib/too
ls.jar:/usr/lib/eclipse/plugins/org.eclipse.jdt.core_3.8.2.dist.jar:/usr/lib/ec
lipse/plugins/org.eclipse.core.runtime_3.8.0.dist.jar:/usr/lib/eclipse/plugins/
org.eclipse.osgi_3.8.1.dist.jar:/usr/lib/eclipse/plugins/org.eclipse.core.resou
rces_3.8.1.dist.jar:/usr/lib/eclipse/plugins/org.eclipse.equinox.common_3.6.100
.dist.jar:/usr/lib/eclipse/plugins/org.eclipse.core.jobs_3.5.200.dist.jar:/usr/
lib/eclipse/plugins/org.eclipse.core.contenttype_3.4.200.dist.jar:/usr/lib/ecli
pse/plugins/org.eclipse.equinox.preferences_3.5.0.dist.jar:/usr/lib/eclipse/plu
gins/org.eclipse.text_3.5.200.dist.jar:/usr/lib/eclipse/plugins/org.eclipse.ui.
workbench_3.8.1.dist.jar:/usr/lib/eclipse/plugins/org.eclipse.jface_3.8.0.dist.
jar:/usr/lib/eclipse/plugins/org.eclipse.swt_3.8.2.jar:/usr/lib/eclipse/plugins
/org.eclipse.jface.text_3.8.1.dist.jar:/usr/lib/eclipse/plugins/org.eclipse.ui.
workbench.texteditor_3.8.0.dist.jar:/usr/lib/eclipse/plugins/org.eclipse.ui.edi
tors_3.8.0.dist.jar:/usr/lib/eclipse/plugins/org.eclipse.core.commands_3.6.1.di
st.jar:/usr/lib/eclipse/plugins/org.eclipse.equinox.registry_3.5.200.dist.jar:/
usr/lib/eclipse/plugins/org.eclipse.ui.console_3.5.100.dist.jar:/usr/lib/eclips
e/plugins/org.eclipse.ui.forms_3.5.200.dist.jar:/usr/lib/eclipse/plugins/org.ec
lipse.ui.ide_3.8.1.dist.jar:/home/travis/build/icyphy/ptII/vendors/oracle/dbxml
.jar:/home/travis/build/icyphy/ptII/vendors/oracle/db.jar:/home/travis/build/ic
yphy/ptII/vendors/misc/itext/iText.jar:/home/travis/build/icyphy/ptII/lib/g4ltl
.jar:/home/travis/build/icyphy/ptII/lib/StructuralCoder.jar:/home/travis/build/
icyphy/ptII/lib/org-openide-util.jar:/home/travis/build/icyphy/ptII/lib/org-ope
nide-util-lookup.jar:/home/travis/build/icyphy/ptII/lib/org-netbeans-api-visual
.jar:/home/travis/build/icyphy/ptII/vendors/jai-1_1_2_01/lib/jai_core.jar:/home
/travis/build/icyphy/ptII/vendors/jai-1_1_2_01/lib/jai_codec.jar:/home/travis/b
uild/icyphy/ptII/lib/jcerti.jar:/home/travis/build/icyphy/ptII/lib/smack.jar:/h
ome/travis/build/icyphy/ptII/lib/smackx.jar:/home/travis/build/icyphy/ptII/lib/
jetty-all-8.1.5-v20120716.jar:/home/travis/build/icyphy/ptII/lib/javax.servlet-
api-3.0.1.jar:/home/travis/build/icyphy/ptII/lib/javax.mail.jar:/home/travis/bu
ild/icyphy/ptII/vendors/JMF-2.1.1e/lib/jmf.jar:/home/travis/build/icyphy/ptII/l
ib/jna-4.0.0-variadic.jar:/home/travis/build/icyphy/ptII/vendors/misc/joystick/
Joystick.jar:/home/travis/build/icyphy/ptII/lib/ptjacl.jar:/home/travis/build/i
cyphy/ptII/lib/jsoup-1.8.2.jar:/home/travis/build/icyphy/ptII/lib/junit-4.8.2.j
ar:/home/travis/build/icyphy/ptII/lib/JUnitParams-0.4.0.jar:/home/travis/build/
icyphy/ptII/ptolemy/actor/lib/excel/jxl.jar:/home/travis/build/icyphy/ptII/lib/
jython.jar:/home/travis/build/icyphy/ptII/lib/kieler.jar:/home/travis/build/icy
phy/ptII/vendors/opencv/share/OpenCV/java/opencv-341.jar:/home/travis/build/icy
phy/ptII/lib/oscP5.jar:/home/travis/build/icyphy/ptII/lib/nrjavaserial-3.11.0.d
evel.jar:/home/travis/build/icyphy/ptII/vendors/j3d/lib/j3dcore.jar:/home/travi
s/build/icyphy/ptII/vendors/j3d/lib/j3dutils.jar:/home/travis/build/icyphy/ptII
/vendors/j3d/lib/vecmath.jar:/home/travis/build/icyphy/ptII/ptolemy/distributed
/jini/jar/jini-core.jar:/home/travis/build/icyphy/ptII/ptolemy/distributed/jini
/jar/jini-ext.jar:/home/travis/build/icyphy/ptII/ptolemy/distributed/jini/jar/s
un-util.jar:/home/travis/build/icyphy/ptII/lib/protobuf-java-2.4.1.jar:/home/tr
avis/build/icyphy/ptII/lib/org.eclipse.paho.client.mqttv3.jar:/home/travis/buil
d/icyphy/ptII/ptserver/lib/hessian-4.0.7.jar:/home/travis/build/icyphy/ptII/pts
erver/lib/wmqtt.jar:/home/travis/build/icyphy/ptII/lib/mapss.jar:/home/travis/b
uild/icyphy/ptII/ptolemy/actor/ptalon/antlr/antlr.jar:/home/travis/build/icyphy
/ptII/lib/JRI.jar:/home/travis/build/icyphy/ptII/lib/commons-lang-2.6.jar:/home
/travis/build/icyphy/ptII/lib/commons-logging-1.1.1.jar:/home/travis/build/icyp
hy/ptII/lib/sootclasses.jar:/home/travis/build/icyphy/ptII/ptolemy/actor/lib/da
tabase/mysql-connector-java-5.1.6-bin.jar:/home/travis/build/icyphy/ptII/vendor
s/misc/sphinx4/sphinx4-data-5prealpha.jar:/home/travis/build/icyphy/ptII/vendor
s/misc/sphinx4/sphinx4-core-5prealpha.jar:/home/travis/build/icyphy/ptII/lib/PD
FRenderer.jar:/home/travis/build/icyphy/ptII/lib/svgSalamander.jar:/home/travis
/build/icyphy/ptII/lib/rsyntaxtextarea-2.6.0-SNAPSHOT.jar:/home/travis/build/ic
yphy/ptII/lib/hazelcast-3.8.2.jar:/home/travis/build/icyphy/ptII/lib/jackson-an
notations-2.9.0.jar:/home/travis/build/icyphy/ptII/lib/jackson-core-2.9.3.jar:/
home/travis/build/icyphy/ptII/lib/jackson-databind-2.9.3.jar:/home/travis/build
/icyphy/ptII/lib/netty-buffer-4.1.19.Final.jar:/home/travis/build/icyphy/ptII/l
ib/netty-codec-4.1.19.Final.jar:/home/travis/build/icyphy/ptII/lib/netty-codec-
dns-4.1.19.Final.jar:/home/travis/build/icyphy/ptII/lib/netty-codec-http-4.1.19
.Final.jar:/home/travis/build/icyphy/ptII/lib/netty-codec-http2-4.1.19.Final.ja
r:/home/travis/build/icyphy/ptII/lib/netty-common-4.1.19.Final.jar:/home/travis
/build/icyphy/ptII/lib/netty-handler-4.1.19.Final.jar:/home/travis/build/icyphy
/ptII/lib/netty-resolver-4.1.19.Final.jar:/home/travis/build/icyphy/ptII/lib/ne
tty-resolver-dns-4.1.19.Final.jar:/home/travis/build/icyphy/ptII/lib/netty-tran
sport-4.1.19.Final.jar:/home/travis/build/icyphy/ptII/lib/vertx-codegen-3.5.1.j
ar:/home/travis/build/icyphy/ptII/lib/vertx-core-3.5.2-SNAPSHOT.jar:/home/travi
s/build/icyphy/ptII/lib/vertx-hazelcast-3.5.1.jar:/home/travis/build/icyphy/ptI
I/lib/vertx-lang-js-3.5.1.jar:/home/travis/build/icyphy/ptII/lib/vertx-service-
proxy-3.5.1.jar:/home/travis/build/icyphy/ptII/lib/vertx-web-3.5.1.jar:/home/tr
avis/build/icyphy/ptII/lib/slf4j-api-1.7.13.jar:/home/travis/build/icyphy/ptII/
lib/slf4j-simple-1.7.13.jar:/home/travis/build/icyphy/ptII/lib/webcam-capture-0
.3.12.jar:/home/travis/build/icyphy/ptII/lib/bridj-0.7.0.jar:/home/travis/build
/icyphy/ptII/lib/xbjlib-1.1.0.nrjavaserial.jar:/home/travis/build/icyphy/ptII/p
tolemy/moml/test:/home/travis/build/icyphy/ptII/ant/lib/ant-launcher.jar:/home/
travis/build/icyphy/ptII/ant/lib/ant.jar:/home/travis/build/icyphy/ptII/ant/lib
/ant-junit.jar:/home/travis/build/icyphy/ptII/ant/lib/ant-junit4.jar:/home/trav
is/build/icyphy/ptII ModularCGPubSub_A1_A2_profile.java
total 400
-rw-rw-r-- 1 travis travis  4895 Jul  8 01:40 CompiledCompositeActor_CompiledCompositeActor.class
-rw-rw-r-- 1 travis travis  1592 Jul  8 01:40 CompiledCompositeActor_CompiledCompositeActor$_CompiledCompositeActor_CompiledCompositeActor.class
-rw-rw-r-- 1 travis travis 13466 Jul  8 01:40 CompiledCompositeActor_CompiledCompositeActor.java
-rw-rw-r-- 1 travis travis  1593 Jul  8 01:40 CompiledCompositeActor_CompiledCompositeActor.mk
-rw-rw-r-- 1 travis travis  4457 Jul  8 01:40 JavaCompiledCompositeTest1_CompiledCompositeActor.class
-rw-rw-r-- 1 travis travis 11637 Jul  8 01:40 JavaCompiledCompositeTest1_CompiledCompositeActor.java
-rw-rw-r-- 1 travis travis  1198 Jul  8 01:40 JavaCompiledCompositeTest1_CompiledCompositeActor$_JavaCompiledCompositeTest1_CompiledCompositeActor.class
-rw-rw-r-- 1 travis travis  1625 Jul  8 01:40 JavaCompiledCompositeTest1_CompiledCompositeActor.mk
-rw-rw-r-- 1 travis travis  4888 Jul  8 01:40 JavaCompiledCompositeTest2_CompiledCompositeActor.class
-rw-rw-r-- 1 travis travis 14919 Jul  8 01:40 JavaCompiledCompositeTest2_CompiledCompositeActor.java
-rw-rw-r-- 1 travis travis  1793 Jul  8 01:40 JavaCompiledCompositeTest2_CompiledCompositeActor$_JavaCompiledCompositeTest2_CompiledCompositeActor.class
-rw-rw-r-- 1 travis travis  1625 Jul  8 01:40 JavaCompiledCompositeTest2_CompiledCompositeActor.mk
-rw-rw-r-- 1 travis travis  4505 Jul  8 01:40 JavaCompiledCompositeTest3_CompiledCompositeActor.class
-rw-rw-r-- 1 travis travis 13080 Jul  8 01:40 JavaCompiledCompositeTest3_CompiledCompositeActor.java
-rw-rw-r-- 1 travis travis  1378 Jul  8 01:40 JavaCompiledCompositeTest3_CompiledCompositeActor$_JavaCompiledCompositeTest3_CompiledCompositeActor.class
-rw-rw-r-- 1 travis travis  1625 Jul  8 01:40 JavaCompiledCompositeTest3_CompiledCompositeActor.mk
-rw-rw-r-- 1 travis travis  3953 Jul  8 01:40 JavaCompiledCompositeTest4_CompiledCompositeActor.class
-rw-rw-r-- 1 travis travis  9687 Jul  8 01:40 JavaCompiledCompositeTest4_CompiledCompositeActor.java
-rw-rw-r-- 1 travis travis   857 Jul  8 01:40 JavaCompiledCompositeTest4_CompiledCompositeActor$_JavaCompiledCompositeTest4_CompiledCompositeActor.class
-rw-rw-r-- 1 travis travis  1625 Jul  8 01:40 JavaCompiledCompositeTest4_CompiledCompositeActor.mk
-rw-rw-r-- 1 travis travis  3693 Jul  8 01:40 ModularCG_A1_B1.class
-rw-rw-r-- 1 travis travis  9730 Jul  8 01:40 ModularCG_A1_B1.java
-rw-rw-r-- 1 travis travis   832 Jul  8 01:40 ModularCG_A1_B1.mk
-rw-rw-r-- 1 travis travis  1318 Jul  8 01:40 ModularCG_A1_B1_profile.class
-rw-rw-r-- 1 travis travis  1262 Jul  8 01:40 ModularCG_A1_B1_profile.java
-rw-rw-r-- 1 travis travis  3693 Jul  8 01:40 ModularCG_A1_B2.class
-rw-rw-r-- 1 travis travis  9730 Jul  8 01:40 ModularCG_A1_B2.java
-rw-rw-r-- 1 travis travis   832 Jul  8 01:40 ModularCG_A1_B2.mk
-rw-rw-r-- 1 travis travis  1318 Jul  8 01:40 ModularCG_A1_B2_profile.class
-rw-rw-r-- 1 travis travis  1262 Jul  8 01:40 ModularCG_A1_B2_profile.java
-rw-rw-r-- 1 travis travis  4799 Jul  8 01:41 ModularCG_A1.class
-rw-rw-r-- 1 travis travis 14742 Jul  8 01:41 ModularCG_A1.java
-rw-rw-r-- 1 travis travis   808 Jul  8 01:41 ModularCG_A1.mk
-rw-rw-r-- 1 travis travis  1433 Jul  8 01:41 ModularCG_A1_profile.class
-rw-rw-r-- 1 travis travis  1704 Jul  8 01:40 ModularCG_A1_profile.java
-rw-rw-r-- 1 travis travis  3827 Jul  8 01:41 ModularCG_A2_B1.class
-rw-rw-r-- 1 travis travis 10667 Jul  8 01:41 ModularCG_A2_B1.java
-rw-rw-r-- 1 travis travis   832 Jul  8 01:41 ModularCG_A2_B1.mk
-rw-rw-r-- 1 travis travis  1381 Jul  8 01:41 ModularCG_A2_B1_profile.class
-rw-rw-r-- 1 travis travis  1446 Jul  8 01:41 ModularCG_A2_B1_profile.java
-rw-rw-r-- 1 travis travis  3693 Jul  8 01:41 ModularCG_A2_B2.class
-rw-rw-r-- 1 travis travis  9730 Jul  8 01:41 ModularCG_A2_B2.java
-rw-rw-r-- 1 travis travis   832 Jul  8 01:41 ModularCG_A2_B2.mk
-rw-rw-r-- 1 travis travis  1318 Jul  8 01:41 ModularCG_A2_B2_profile.class
-rw-rw-r-- 1 travis travis  1262 Jul  8 01:41 ModularCG_A2_B2_profile.java
-rw-rw-r-- 1 travis travis  4870 Jul  8 01:41 ModularCG_A2.class
-rw-rw-r-- 1 travis travis 15129 Jul  8 01:41 ModularCG_A2.java
-rw-rw-r-- 1 travis travis   808 Jul  8 01:41 ModularCG_A2.mk
-rw-rw-r-- 1 travis travis  1433 Jul  8 01:41 ModularCG_A2_profile.class
-rw-rw-r-- 1 travis travis  1704 Jul  8 01:41 ModularCG_A2_profile.java
-rw-rw-r-- 1 travis travis  1222 Jul  8 01:41 ModularCGPubSub_A1_A2_profile.java
-rw-rw-r-- 1 travis travis  3492 Jul  8 01:40 ModularCodeGenTest_A1_A2.class
-rw-rw-r-- 1 travis travis  9164 Jul  8 01:40 ModularCodeGenTest_A1_A2.java
-rw-rw-r-- 1 travis travis   904 Jul  8 01:40 ModularCodeGenTest_A1_A2.mk
-rw-rw-r-- 1 travis travis  1306 Jul  8 01:40 ModularCodeGenTest_A1_A2_profile.class
-rw-rw-r-- 1 travis travis  1228 Jul  8 01:40 ModularCodeGenTest_A1_A2_profile.java
-rw-rw-r-- 1 travis travis  3823 Jul  8 01:40 ModularCodeGenTest_A1.class
-rw-rw-r-- 1 travis travis  9968 Jul  8 01:40 ModularCodeGenTest_A1.java
-rw-rw-r-- 1 travis travis   880 Jul  8 01:40 ModularCodeGenTest_A1.mk
-rw-rw-r-- 1 travis travis  1352 Jul  8 01:40 ModularCodeGenTest_A1_profile.class
-rw-rw-r-- 1 travis travis  1394 Jul  8 01:40 ModularCodeGenTest_A1_profile.java
-rw-rw-r-- 1 travis travis   432 Jul  8 01:41 Token.class
-rw-rw-r-- 1 travis travis   251 Jul  8 01:41 Token.java
warning: Supported source version 'RELEASE_6' from annotation processor 'org.netbeans.modules.openide.util.NbBundleProcessor' less than -source '1.8'
warning: Supported source version 'RELEASE_6' from annotation processor 'org.netbeans.modules.openide.util.URLStreamHandlerRegistrationProcessor' less than -source '1.8'
warning: Supported source version 'RELEASE_6' from annotation processor 'org.netbeans.modules.openide.util.ServiceProviderProcessor' less than -source '1.8'
3 warnings
All Done
Writing ModularCGPubSub_A1_A2.java in file:/home/travis/cg/ (9076 characters)
Reading "ptolemy/cg/kernel/generic/program/procedural/java/modular/makefile.in",
    writing "/home/travis/cg/ModularCGPubSub_A1_A2.mk"
Using ptolemy/cg/kernel/generic/program/procedural/java/modular/makefile.in
In "/home/travis/cg", about to execute:
    make -f ModularCGPubSub_A1_A2.mk
javac -classpath ".:.."    ModularCGPubSub_A1_A2.java
All Done
In "/home/travis/cg", about to execute:
    pwd
/home/travis/cg
In "/home/travis/cg", about to execute:
    ls -l
total 428
-rw-rw-r-- 1 travis travis  4895 Jul  8 01:40 CompiledCompositeActor_CompiledCompositeActor.class
-rw-rw-r-- 1 travis travis  1592 Jul  8 01:40 CompiledCompositeActor_CompiledCompositeActor$_CompiledCompositeActor_CompiledCompositeActor.class
-rw-rw-r-- 1 travis travis 13466 Jul  8 01:40 CompiledCompositeActor_CompiledCompositeActor.java
-rw-rw-r-- 1 travis travis  1593 Jul  8 01:40 CompiledCompositeActor_CompiledCompositeActor.mk
-rw-rw-r-- 1 travis travis  4457 Jul  8 01:40 JavaCompiledCompositeTest1_CompiledCompositeActor.class
-rw-rw-r-- 1 travis travis 11637 Jul  8 01:40 JavaCompiledCompositeTest1_CompiledCompositeActor.java
-rw-rw-r-- 1 travis travis  1198 Jul  8 01:40 JavaCompiledCompositeTest1_CompiledCompositeActor$_JavaCompiledCompositeTest1_CompiledCompositeActor.class
-rw-rw-r-- 1 travis travis  1625 Jul  8 01:40 JavaCompiledCompositeTest1_CompiledCompositeActor.mk
-rw-rw-r-- 1 travis travis  4888 Jul  8 01:40 JavaCompiledCompositeTest2_CompiledCompositeActor.class
-rw-rw-r-- 1 travis travis 14919 Jul  8 01:40 JavaCompiledCompositeTest2_CompiledCompositeActor.java
-rw-rw-r-- 1 travis travis  1793 Jul  8 01:40 JavaCompiledCompositeTest2_CompiledCompositeActor$_JavaCompiledCompositeTest2_CompiledCompositeActor.class
-rw-rw-r-- 1 travis travis  1625 Jul  8 01:40 JavaCompiledCompositeTest2_CompiledCompositeActor.mk
-rw-rw-r-- 1 travis travis  4505 Jul  8 01:40 JavaCompiledCompositeTest3_CompiledCompositeActor.class
-rw-rw-r-- 1 travis travis 13080 Jul  8 01:40 JavaCompiledCompositeTest3_CompiledCompositeActor.java
-rw-rw-r-- 1 travis travis  1378 Jul  8 01:40 JavaCompiledCompositeTest3_CompiledCompositeActor$_JavaCompiledCompositeTest3_CompiledCompositeActor.class
-rw-rw-r-- 1 travis travis  1625 Jul  8 01:40 JavaCompiledCompositeTest3_CompiledCompositeActor.mk
-rw-rw-r-- 1 travis travis  3953 Jul  8 01:40 JavaCompiledCompositeTest4_CompiledCompositeActor.class
-rw-rw-r-- 1 travis travis  9687 Jul  8 01:40 JavaCompiledCompositeTest4_CompiledCompositeActor.java
-rw-rw-r-- 1 travis travis   857 Jul  8 01:40 JavaCompiledCompositeTest4_CompiledCompositeActor$_JavaCompiledCompositeTest4_CompiledCompositeActor.class
-rw-rw-r-- 1 travis travis  1625 Jul  8 01:40 JavaCompiledCompositeTest4_CompiledCompositeActor.mk
-rw-rw-r-- 1 travis travis  3693 Jul  8 01:40 ModularCG_A1_B1.class
-rw-rw-r-- 1 travis travis  9730 Jul  8 01:40 ModularCG_A1_B1.java
-rw-rw-r-- 1 travis travis   832 Jul  8 01:40 ModularCG_A1_B1.mk
-rw-rw-r-- 1 travis travis  1318 Jul  8 01:40 ModularCG_A1_B1_profile.class
-rw-rw-r-- 1 travis travis  1262 Jul  8 01:40 ModularCG_A1_B1_profile.java
-rw-rw-r-- 1 travis travis  3693 Jul  8 01:40 ModularCG_A1_B2.class
-rw-rw-r-- 1 travis travis  9730 Jul  8 01:40 ModularCG_A1_B2.java
-rw-rw-r-- 1 travis travis   832 Jul  8 01:40 ModularCG_A1_B2.mk
-rw-rw-r-- 1 travis travis  1318 Jul  8 01:40 ModularCG_A1_B2_profile.class
-rw-rw-r-- 1 travis travis  1262 Jul  8 01:40 ModularCG_A1_B2_profile.java
-rw-rw-r-- 1 travis travis  4799 Jul  8 01:41 ModularCG_A1.class
-rw-rw-r-- 1 travis travis 14742 Jul  8 01:41 ModularCG_A1.java
-rw-rw-r-- 1 travis travis   808 Jul  8 01:41 ModularCG_A1.mk
-rw-rw-r-- 1 travis travis  1433 Jul  8 01:41 ModularCG_A1_profile.class
-rw-rw-r-- 1 travis travis  1704 Jul  8 01:40 ModularCG_A1_profile.java
-rw-rw-r-- 1 travis travis  3827 Jul  8 01:41 ModularCG_A2_B1.class
-rw-rw-r-- 1 travis travis 10667 Jul  8 01:41 ModularCG_A2_B1.java
-rw-rw-r-- 1 travis travis   832 Jul  8 01:41 ModularCG_A2_B1.mk
-rw-rw-r-- 1 travis travis  1381 Jul  8 01:41 ModularCG_A2_B1_profile.class
-rw-rw-r-- 1 travis travis  1446 Jul  8 01:41 ModularCG_A2_B1_profile.java
-rw-rw-r-- 1 travis travis  3693 Jul  8 01:41 ModularCG_A2_B2.class
-rw-rw-r-- 1 travis travis  9730 Jul  8 01:41 ModularCG_A2_B2.java
-rw-rw-r-- 1 travis travis   832 Jul  8 01:41 ModularCG_A2_B2.mk
-rw-rw-r-- 1 travis travis  1318 Jul  8 01:41 ModularCG_A2_B2_profile.class
-rw-rw-r-- 1 travis travis  1262 Jul  8 01:41 ModularCG_A2_B2_profile.java
-rw-rw-r-- 1 travis travis  4870 Jul  8 01:41 ModularCG_A2.class
-rw-rw-r-- 1 travis travis 15129 Jul  8 01:41 ModularCG_A2.java
-rw-rw-r-- 1 travis travis   808 Jul  8 01:41 ModularCG_A2.mk
-rw-rw-r-- 1 travis travis  1433 Jul  8 01:41 ModularCG_A2_profile.class
-rw-rw-r-- 1 travis travis  1704 Jul  8 01:41 ModularCG_A2_profile.java
-rw-rw-r-- 1 travis travis  3473 Jul  8 01:41 ModularCGPubSub_A1_A2.class
-rw-rw-r-- 1 travis travis  9076 Jul  8 01:41 ModularCGPubSub_A1_A2.java
-rw-rw-r-- 1 travis travis   880 Jul  8 01:41 ModularCGPubSub_A1_A2.mk
-rw-rw-r-- 1 travis travis  1300 Jul  8 01:41 ModularCGPubSub_A1_A2_profile.class
-rw-rw-r-- 1 travis travis  1222 Jul  8 01:41 ModularCGPubSub_A1_A2_profile.java
-rw-rw-r-- 1 travis travis  1388 Jul  8 01:41 ModularCGPubSub_A1_profile.java
-rw-rw-r-- 1 travis travis  3492 Jul  8 01:40 ModularCodeGenTest_A1_A2.class
-rw-rw-r-- 1 travis travis  9164 Jul  8 01:40 ModularCodeGenTest_A1_A2.java
-rw-rw-r-- 1 travis travis   904 Jul  8 01:40 ModularCodeGenTest_A1_A2.mk
-rw-rw-r-- 1 travis travis  1306 Jul  8 01:40 ModularCodeGenTest_A1_A2_profile.class
-rw-rw-r-- 1 travis travis  1228 Jul  8 01:40 ModularCodeGenTest_A1_A2_profile.java
-rw-rw-r-- 1 travis travis  3823 Jul  8 01:40 ModularCodeGenTest_A1.class
-rw-rw-r-- 1 travis travis  9968 Jul  8 01:40 ModularCodeGenTest_A1.java
-rw-rw-r-- 1 travis travis   880 Jul  8 01:40 ModularCodeGenTest_A1.mk
-rw-rw-r-- 1 travis travis  1352 Jul  8 01:40 ModularCodeGenTest_A1_profile.class
-rw-rw-r-- 1 travis travis  1394 Jul  8 01:40 ModularCodeGenTest_A1_profile.java
-rw-rw-r-- 1 travis travis   432 Jul  8 01:41 Token.class
-rw-rw-r-- 1 travis travis   251 Jul  8 01:41 Token.java
In "/home/travis/cg", about to execute:
    javac -classpath
.:/home/travis/build/icyphy/ptII:/home/travis/build/icyphy/ptII/lib/bsh-2.0b4.j
ar:/home/travis/build/icyphy/ptII/lib/ptCal.jar:/home/travis/build/icyphy/ptII/
lib/java_cup.jar:/home/travis/build/icyphy/ptII/lib/saxon8.jar:/home/travis/bui
ld/icyphy/ptII/lib/saxon8-dom.jar:/home/travis/build/icyphy/ptII/lib/chic.jar:/
home/travis/build/icyphy/ptII/lib/ptcolt.jar:/usr/lib/jvm/java-8-oracle/lib/too
ls.jar:/usr/lib/eclipse/plugins/org.eclipse.jdt.core_3.8.2.dist.jar:/usr/lib/ec
lipse/plugins/org.eclipse.core.runtime_3.8.0.dist.jar:/usr/lib/eclipse/plugins/
org.eclipse.osgi_3.8.1.dist.jar:/usr/lib/eclipse/plugins/org.eclipse.core.resou
rces_3.8.1.dist.jar:/usr/lib/eclipse/plugins/org.eclipse.equinox.common_3.6.100
.dist.jar:/usr/lib/eclipse/plugins/org.eclipse.core.jobs_3.5.200.dist.jar:/usr/
lib/eclipse/plugins/org.eclipse.core.contenttype_3.4.200.dist.jar:/usr/lib/ecli
pse/plugins/org.eclipse.equinox.preferences_3.5.0.dist.jar:/usr/lib/eclipse/plu
gins/org.eclipse.text_3.5.200.dist.jar:/usr/lib/eclipse/plugins/org.eclipse.ui.
workbench_3.8.1.dist.jar:/usr/lib/eclipse/plugins/org.eclipse.jface_3.8.0.dist.
jar:/usr/lib/eclipse/plugins/org.eclipse.swt_3.8.2.jar:/usr/lib/eclipse/plugins
/org.eclipse.jface.text_3.8.1.dist.jar:/usr/lib/eclipse/plugins/org.eclipse.ui.
workbench.texteditor_3.8.0.dist.jar:/usr/lib/eclipse/plugins/org.eclipse.ui.edi
tors_3.8.0.dist.jar:/usr/lib/eclipse/plugins/org.eclipse.core.commands_3.6.1.di
st.jar:/usr/lib/eclipse/plugins/org.eclipse.equinox.registry_3.5.200.dist.jar:/
usr/lib/eclipse/plugins/org.eclipse.ui.console_3.5.100.dist.jar:/usr/lib/eclips
e/plugins/org.eclipse.ui.forms_3.5.200.dist.jar:/usr/lib/eclipse/plugins/org.ec
lipse.ui.ide_3.8.1.dist.jar:/home/travis/build/icyphy/ptII/vendors/oracle/dbxml
.jar:/home/travis/build/icyphy/ptII/vendors/oracle/db.jar:/home/travis/build/ic
yphy/ptII/vendors/misc/itext/iText.jar:/home/travis/build/icyphy/ptII/lib/g4ltl
.jar:/home/travis/build/icyphy/ptII/lib/StructuralCoder.jar:/home/travis/build/
icyphy/ptII/lib/org-openide-util.jar:/home/travis/build/icyphy/ptII/lib/org-ope
nide-util-lookup.jar:/home/travis/build/icyphy/ptII/lib/org-netbeans-api-visual
.jar:/home/travis/build/icyphy/ptII/vendors/jai-1_1_2_01/lib/jai_core.jar:/home
/travis/build/icyphy/ptII/vendors/jai-1_1_2_01/lib/jai_codec.jar:/home/travis/b
uild/icyphy/ptII/lib/jcerti.jar:/home/travis/build/icyphy/ptII/lib/smack.jar:/h
ome/travis/build/icyphy/ptII/lib/smackx.jar:/home/travis/build/icyphy/ptII/lib/
jetty-all-8.1.5-v20120716.jar:/home/travis/build/icyphy/ptII/lib/javax.servlet-
api-3.0.1.jar:/home/travis/build/icyphy/ptII/lib/javax.mail.jar:/home/travis/bu
ild/icyphy/ptII/vendors/JMF-2.1.1e/lib/jmf.jar:/home/travis/build/icyphy/ptII/l
ib/jna-4.0.0-variadic.jar:/home/travis/build/icyphy/ptII/vendors/misc/joystick/
Joystick.jar:/home/travis/build/icyphy/ptII/lib/ptjacl.jar:/home/travis/build/i
cyphy/ptII/lib/jsoup-1.8.2.jar:/home/travis/build/icyphy/ptII/lib/junit-4.8.2.j
ar:/home/travis/build/icyphy/ptII/lib/JUnitParams-0.4.0.jar:/home/travis/build/
icyphy/ptII/ptolemy/actor/lib/excel/jxl.jar:/home/travis/build/icyphy/ptII/lib/
jython.jar:/home/travis/build/icyphy/ptII/lib/kieler.jar:/home/travis/build/icy
phy/ptII/vendors/opencv/share/OpenCV/java/opencv-341.jar:/home/travis/build/icy
phy/ptII/lib/oscP5.jar:/home/travis/build/icyphy/ptII/lib/nrjavaserial-3.11.0.d
evel.jar:/home/travis/build/icyphy/ptII/vendors/j3d/lib/j3dcore.jar:/home/travi
s/build/icyphy/ptII/vendors/j3d/lib/j3dutils.jar:/home/travis/build/icyphy/ptII
/vendors/j3d/lib/vecmath.jar:/home/travis/build/icyphy/ptII/ptolemy/distributed
/jini/jar/jini-core.jar:/home/travis/build/icyphy/ptII/ptolemy/distributed/jini
/jar/jini-ext.jar:/home/travis/build/icyphy/ptII/ptolemy/distributed/jini/jar/s
un-util.jar:/home/travis/build/icyphy/ptII/lib/protobuf-java-2.4.1.jar:/home/tr
avis/build/icyphy/ptII/lib/org.eclipse.paho.client.mqttv3.jar:/home/travis/buil
d/icyphy/ptII/ptserver/lib/hessian-4.0.7.jar:/home/travis/build/icyphy/ptII/pts
erver/lib/wmqtt.jar:/home/travis/build/icyphy/ptII/lib/mapss.jar:/home/travis/b
uild/icyphy/ptII/ptolemy/actor/ptalon/antlr/antlr.jar:/home/travis/build/icyphy
/ptII/lib/JRI.jar:/home/travis/build/icyphy/ptII/lib/commons-lang-2.6.jar:/home
/travis/build/icyphy/ptII/lib/commons-logging-1.1.1.jar:/home/travis/build/icyp
hy/ptII/lib/sootclasses.jar:/home/travis/build/icyphy/ptII/ptolemy/actor/lib/da
tabase/mysql-connector-java-5.1.6-bin.jar:/home/travis/build/icyphy/ptII/vendor
s/misc/sphinx4/sphinx4-data-5prealpha.jar:/home/travis/build/icyphy/ptII/vendor
s/misc/sphinx4/sphinx4-core-5prealpha.jar:/home/travis/build/icyphy/ptII/lib/PD
FRenderer.jar:/home/travis/build/icyphy/ptII/lib/svgSalamander.jar:/home/travis
/build/icyphy/ptII/lib/rsyntaxtextarea-2.6.0-SNAPSHOT.jar:/home/travis/build/ic
yphy/ptII/lib/hazelcast-3.8.2.jar:/home/travis/build/icyphy/ptII/lib/jackson-an
notations-2.9.0.jar:/home/travis/build/icyphy/ptII/lib/jackson-core-2.9.3.jar:/
home/travis/build/icyphy/ptII/lib/jackson-databind-2.9.3.jar:/home/travis/build
/icyphy/ptII/lib/netty-buffer-4.1.19.Final.jar:/home/travis/build/icyphy/ptII/l
ib/netty-codec-4.1.19.Final.jar:/home/travis/build/icyphy/ptII/lib/netty-codec-
dns-4.1.19.Final.jar:/home/travis/build/icyphy/ptII/lib/netty-codec-http-4.1.19
.Final.jar:/home/travis/build/icyphy/ptII/lib/netty-codec-http2-4.1.19.Final.ja
r:/home/travis/build/icyphy/ptII/lib/netty-common-4.1.19.Final.jar:/home/travis
/build/icyphy/ptII/lib/netty-handler-4.1.19.Final.jar:/home/travis/build/icyphy
/ptII/lib/netty-resolver-4.1.19.Final.jar:/home/travis/build/icyphy/ptII/lib/ne
tty-resolver-dns-4.1.19.Final.jar:/home/travis/build/icyphy/ptII/lib/netty-tran
sport-4.1.19.Final.jar:/home/travis/build/icyphy/ptII/lib/vertx-codegen-3.5.1.j
ar:/home/travis/build/icyphy/ptII/lib/vertx-core-3.5.2-SNAPSHOT.jar:/home/travi
s/build/icyphy/ptII/lib/vertx-hazelcast-3.5.1.jar:/home/travis/build/icyphy/ptI
I/lib/vertx-lang-js-3.5.1.jar:/home/travis/build/icyphy/ptII/lib/vertx-service-
proxy-3.5.1.jar:/home/travis/build/icyphy/ptII/lib/vertx-web-3.5.1.jar:/home/tr
avis/build/icyphy/ptII/lib/slf4j-api-1.7.13.jar:/home/travis/build/icyphy/ptII/
lib/slf4j-simple-1.7.13.jar:/home/travis/build/icyphy/ptII/lib/webcam-capture-0
.3.12.jar:/home/travis/build/icyphy/ptII/lib/bridj-0.7.0.jar:/home/travis/build
/icyphy/ptII/lib/xbjlib-1.1.0.nrjavaserial.jar:/home/travis/build/icyphy/ptII/p
tolemy/moml/test:/home/travis/build/icyphy/ptII/ant/lib/ant-launcher.jar:/home/
travis/build/icyphy/ptII/ant/lib/ant.jar:/home/travis/build/icyphy/ptII/ant/lib
/ant-junit.jar:/home/travis/build/icyphy/ptII/ant/lib/ant-junit4.jar:/home/trav
is/build/icyphy/ptII ModularCGPubSub_A1_profile.java
warning: Supported source version 'RELEASE_6' from annotation processor 'org.netbeans.modules.openide.util.NbBundleProcessor' less than -source '1.8'
warning: Supported source version 'RELEASE_6' from annotation processor 'org.netbeans.modules.openide.util.URLStreamHandlerRegistrationProcessor' less than -source '1.8'
warning: Supported source version 'RELEASE_6' from annotation processor 'org.netbeans.modules.openide.util.ServiceProviderProcessor' less than -source '1.8'
3 warnings
All Done
Writing ModularCGPubSub_A1.java in file:/home/travis/cg/ (9836 characters)
Reading "ptolemy/cg/kernel/generic/program/procedural/java/modular/makefile.in",
    writing "/home/travis/cg/ModularCGPubSub_A1.mk"
Using ptolemy/cg/kernel/generic/program/procedural/java/modular/makefile.in
In "/home/travis/cg", about to execute:
    make -f ModularCGPubSub_A1.mk
javac -classpath ".:.."    ModularCGPubSub_A1.java
All Done
5073 ms. Memory: 556032K Free: 489977K (88%)
----------------- Invoking toplevel() on ptolemy.moml.MoMLSimpleApplication@1950a644
----------------- Done invoking toplevel() on ptolemy.moml.MoMLSimpleApplication@1950a644
reloadAllAccessors: .ModularCGPubSub

===========================================================================================
----------------- testing Sun Jul 08 01:41:13 UTC 2018 /home/travis/build/icyphy/ptII/ptolemy/cg/lib/test/auto/ModularCodeGen.xml
----------------- Instantiating /home/travis/build/icyphy/ptII/ptolemy/cg/lib/test/auto/ModularCodeGen.xml
In "/home/travis/cg", about to execute:
    pwd
In "/home/travis/cg", about to execute:
    ls -l
/home/travis/cg
In "/home/travis/cg", about to execute:
    javac -classpath
.:/home/travis/build/icyphy/ptII:/home/travis/build/icyphy/ptII/lib/bsh-2.0b4.j
ar:/home/travis/build/icyphy/ptII/lib/ptCal.jar:/home/travis/build/icyphy/ptII/
lib/java_cup.jar:/home/travis/build/icyphy/ptII/lib/saxon8.jar:/home/travis/bui
ld/icyphy/ptII/lib/saxon8-dom.jar:/home/travis/build/icyphy/ptII/lib/chic.jar:/
home/travis/build/icyphy/ptII/lib/ptcolt.jar:/usr/lib/jvm/java-8-oracle/lib/too
ls.jar:/usr/lib/eclipse/plugins/org.eclipse.jdt.core_3.8.2.dist.jar:/usr/lib/ec
lipse/plugins/org.eclipse.core.runtime_3.8.0.dist.jar:/usr/lib/eclipse/plugins/
org.eclipse.osgi_3.8.1.dist.jar:/usr/lib/eclipse/plugins/org.eclipse.core.resou
rces_3.8.1.dist.jar:/usr/lib/eclipse/plugins/org.eclipse.equinox.common_3.6.100
.dist.jar:/usr/lib/eclipse/plugins/org.eclipse.core.jobs_3.5.200.dist.jar:/usr/
lib/eclipse/plugins/org.eclipse.core.contenttype_3.4.200.dist.jar:/usr/lib/ecli
pse/plugins/org.eclipse.equinox.preferences_3.5.0.dist.jar:/usr/lib/eclipse/plu
gins/org.eclipse.text_3.5.200.dist.jar:/usr/lib/eclipse/plugins/org.eclipse.ui.
workbench_3.8.1.dist.jar:/usr/lib/eclipse/plugins/org.eclipse.jface_3.8.0.dist.
jar:/usr/lib/eclipse/plugins/org.eclipse.swt_3.8.2.jar:/usr/lib/eclipse/plugins
/org.eclipse.jface.text_3.8.1.dist.jar:/usr/lib/eclipse/plugins/org.eclipse.ui.
workbench.texteditor_3.8.0.dist.jar:/usr/lib/eclipse/plugins/org.eclipse.ui.edi
tors_3.8.0.dist.jar:/usr/lib/eclipse/plugins/org.eclipse.core.commands_3.6.1.di
st.jar:/usr/lib/eclipse/plugins/org.eclipse.equinox.registry_3.5.200.dist.jar:/
usr/lib/eclipse/plugins/org.eclipse.ui.console_3.5.100.dist.jar:/usr/lib/eclips
e/plugins/org.eclipse.ui.forms_3.5.200.dist.jar:/usr/lib/eclipse/plugins/org.ec
lipse.ui.ide_3.8.1.dist.jar:/home/travis/build/icyphy/ptII/vendors/oracle/dbxml
.jar:/home/travis/build/icyphy/ptII/vendors/oracle/db.jar:/home/travis/build/ic
yphy/ptII/vendors/misc/itext/iText.jar:/home/travis/build/icyphy/ptII/lib/g4ltl
.jar:/home/travis/build/icyphy/ptII/lib/StructuralCoder.jar:/home/travis/build/
icyphy/ptII/lib/org-openide-util.jar:/home/travis/build/icyphy/ptII/lib/org-ope
nide-util-lookup.jar:/home/travis/build/icyphy/ptII/lib/org-netbeans-api-visual
.jar:/home/travis/build/icyphy/ptII/vendors/jai-1_1_2_01/lib/jai_core.jar:/home
/travis/build/icyphy/ptII/vendors/jai-1_1_2_01/lib/jai_codec.jar:/home/travis/b
uild/icyphy/ptII/lib/jcerti.jar:/home/travis/build/icyphy/ptII/lib/smack.jar:/h
ome/travis/build/icyphy/ptII/lib/smackx.jar:/home/travis/build/icyphy/ptII/lib/
jetty-all-8.1.5-v20120716.jar:/home/travis/build/icyphy/ptII/lib/javax.servlet-
api-3.0.1.jar:/home/travis/build/icyphy/ptII/lib/javax.mail.jar:/home/travis/bu
ild/icyphy/ptII/vendors/JMF-2.1.1e/lib/jmf.jar:/home/travis/build/icyphy/ptII/l
ib/jna-4.0.0-variadic.jar:/home/travis/build/icyphy/ptII/vendors/misc/joystick/
Joystick.jar:/home/travis/build/icyphy/ptII/lib/ptjacl.jar:/home/travis/build/i
cyphy/ptII/lib/jsoup-1.8.2.jar:/home/travis/build/icyphy/ptII/lib/junit-4.8.2.j
ar:/home/travis/build/icyphy/ptII/lib/JUnitParams-0.4.0.jar:/home/travis/build/
icyphy/ptII/ptolemy/actor/lib/excel/jxl.jar:/home/travis/build/icyphy/ptII/lib/
jython.jar:/home/travis/build/icyphy/ptII/lib/kieler.jar:/home/travis/build/icy
phy/ptII/vendors/opencv/share/OpenCV/java/opencv-341.jar:/home/travis/build/icy
phy/ptII/lib/oscP5.jar:/home/travis/build/icyphy/ptII/lib/nrjavaserial-3.11.0.d
evel.jar:/home/travis/build/icyphy/ptII/vendors/j3d/lib/j3dcore.jar:/home/travi
s/build/icyphy/ptII/vendors/j3d/lib/j3dutils.jar:/home/travis/build/icyphy/ptII
/vendors/j3d/lib/vecmath.jar:/home/travis/build/icyphy/ptII/ptolemy/distributed
/jini/jar/jini-core.jar:/home/travis/build/icyphy/ptII/ptolemy/distributed/jini
/jar/jini-ext.jar:/home/travis/build/icyphy/ptII/ptolemy/distributed/jini/jar/s
un-util.jar:/home/travis/build/icyphy/ptII/lib/protobuf-java-2.4.1.jar:/home/tr
avis/build/icyphy/ptII/lib/org.eclipse.paho.client.mqttv3.jar:/home/travis/buil
d/icyphy/ptII/ptserver/lib/hessian-4.0.7.jar:/home/travis/build/icyphy/ptII/pts
erver/lib/wmqtt.jar:/home/travis/build/icyphy/ptII/lib/mapss.jar:/home/travis/b
uild/icyphy/ptII/ptolemy/actor/ptalon/antlr/antlr.jar:/home/travis/build/icyphy
/ptII/lib/JRI.jar:/home/travis/build/icyphy/ptII/lib/commons-lang-2.6.jar:/home
/travis/build/icyphy/ptII/lib/commons-logging-1.1.1.jar:/home/travis/build/icyp
hy/ptII/lib/sootclasses.jar:/home/travis/build/icyphy/ptII/ptolemy/actor/lib/da
tabase/mysql-connector-java-5.1.6-bin.jar:/home/travis/build/icyphy/ptII/vendor
s/misc/sphinx4/sphinx4-data-5prealpha.jar:/home/travis/build/icyphy/ptII/vendor
s/misc/sphinx4/sphinx4-core-5prealpha.jar:/home/travis/build/icyphy/ptII/lib/PD
FRenderer.jar:/home/travis/build/icyphy/ptII/lib/svgSalamander.jar:/home/travis
/build/icyphy/ptII/lib/rsyntaxtextarea-2.6.0-SNAPSHOT.jar:/home/travis/build/ic
yphy/ptII/lib/hazelcast-3.8.2.jar:/home/travis/build/icyphy/ptII/lib/jackson-an
notations-2.9.0.jar:/home/travis/build/icyphy/ptII/lib/jackson-core-2.9.3.jar:/
home/travis/build/icyphy/ptII/lib/jackson-databind-2.9.3.jar:/home/travis/build
/icyphy/ptII/lib/netty-buffer-4.1.19.Final.jar:/home/travis/build/icyphy/ptII/l
ib/netty-codec-4.1.19.Final.jar:/home/travis/build/icyphy/ptII/lib/netty-codec-
dns-4.1.19.Final.jar:/home/travis/build/icyphy/ptII/lib/netty-codec-http-4.1.19
.Final.jar:/home/travis/build/icyphy/ptII/lib/netty-codec-http2-4.1.19.Final.ja
r:/home/travis/build/icyphy/ptII/lib/netty-common-4.1.19.Final.jar:/home/travis
/build/icyphy/ptII/lib/netty-handler-4.1.19.Final.jar:/home/travis/build/icyphy
/ptII/lib/netty-resolver-4.1.19.Final.jar:/home/travis/build/icyphy/ptII/lib/ne
tty-resolver-dns-4.1.19.Final.jar:/home/travis/build/icyphy/ptII/lib/netty-tran
sport-4.1.19.Final.jar:/home/travis/build/icyphy/ptII/lib/vertx-codegen-3.5.1.j
ar:/home/travis/build/icyphy/ptII/lib/vertx-core-3.5.2-SNAPSHOT.jar:/home/travi
s/build/icyphy/ptII/lib/vertx-hazelcast-3.5.1.jar:/home/travis/build/icyphy/ptI
I/lib/vertx-lang-js-3.5.1.jar:/home/travis/build/icyphy/ptII/lib/vertx-service-
proxy-3.5.1.jar:/home/travis/build/icyphy/ptII/lib/vertx-web-3.5.1.jar:/home/tr
avis/build/icyphy/ptII/lib/slf4j-api-1.7.13.jar:/home/travis/build/icyphy/ptII/
lib/slf4j-simple-1.7.13.jar:/home/travis/build/icyphy/ptII/lib/webcam-capture-0
.3.12.jar:/home/travis/build/icyphy/ptII/lib/bridj-0.7.0.jar:/home/travis/build
/icyphy/ptII/lib/xbjlib-1.1.0.nrjavaserial.jar:/home/travis/build/icyphy/ptII/p
tolemy/moml/test:/home/travis/build/icyphy/ptII/ant/lib/ant-launcher.jar:/home/
travis/build/icyphy/ptII/ant/lib/ant.jar:/home/travis/build/icyphy/ptII/ant/lib
/ant-junit.jar:/home/travis/build/icyphy/ptII/ant/lib/ant-junit4.jar:/home/trav
is/build/icyphy/ptII
ModularCodeGen_ModularCodeGenTypedCompositeActor_profile.java
total 456
-rw-rw-r-- 1 travis travis  4895 Jul  8 01:40 CompiledCompositeActor_CompiledCompositeActor.class
-rw-rw-r-- 1 travis travis  1592 Jul  8 01:40 CompiledCompositeActor_CompiledCompositeActor$_CompiledCompositeActor_CompiledCompositeActor.class
-rw-rw-r-- 1 travis travis 13466 Jul  8 01:40 CompiledCompositeActor_CompiledCompositeActor.java
-rw-rw-r-- 1 travis travis  1593 Jul  8 01:40 CompiledCompositeActor_CompiledCompositeActor.mk
-rw-rw-r-- 1 travis travis  4457 Jul  8 01:40 JavaCompiledCompositeTest1_CompiledCompositeActor.class
-rw-rw-r-- 1 travis travis 11637 Jul  8 01:40 JavaCompiledCompositeTest1_CompiledCompositeActor.java
-rw-rw-r-- 1 travis travis  1198 Jul  8 01:40 JavaCompiledCompositeTest1_CompiledCompositeActor$_JavaCompiledCompositeTest1_CompiledCompositeActor.class
-rw-rw-r-- 1 travis travis  1625 Jul  8 01:40 JavaCompiledCompositeTest1_CompiledCompositeActor.mk
-rw-rw-r-- 1 travis travis  4888 Jul  8 01:40 JavaCompiledCompositeTest2_CompiledCompositeActor.class
-rw-rw-r-- 1 travis travis 14919 Jul  8 01:40 JavaCompiledCompositeTest2_CompiledCompositeActor.java
-rw-rw-r-- 1 travis travis  1793 Jul  8 01:40 JavaCompiledCompositeTest2_CompiledCompositeActor$_JavaCompiledCompositeTest2_CompiledCompositeActor.class
-rw-rw-r-- 1 travis travis  1625 Jul  8 01:40 JavaCompiledCompositeTest2_CompiledCompositeActor.mk
-rw-rw-r-- 1 travis travis  4505 Jul  8 01:40 JavaCompiledCompositeTest3_CompiledCompositeActor.class
-rw-rw-r-- 1 travis travis 13080 Jul  8 01:40 JavaCompiledCompositeTest3_CompiledCompositeActor.java
-rw-rw-r-- 1 travis travis  1378 Jul  8 01:40 JavaCompiledCompositeTest3_CompiledCompositeActor$_JavaCompiledCompositeTest3_CompiledCompositeActor.class
-rw-rw-r-- 1 travis travis  1625 Jul  8 01:40 JavaCompiledCompositeTest3_CompiledCompositeActor.mk
-rw-rw-r-- 1 travis travis  3953 Jul  8 01:40 JavaCompiledCompositeTest4_CompiledCompositeActor.class
-rw-rw-r-- 1 travis travis  9687 Jul  8 01:40 JavaCompiledCompositeTest4_CompiledCompositeActor.java
-rw-rw-r-- 1 travis travis   857 Jul  8 01:40 JavaCompiledCompositeTest4_CompiledCompositeActor$_JavaCompiledCompositeTest4_CompiledCompositeActor.class
-rw-rw-r-- 1 travis travis  1625 Jul  8 01:40 JavaCompiledCompositeTest4_CompiledCompositeActor.mk
-rw-rw-r-- 1 travis travis  3693 Jul  8 01:40 ModularCG_A1_B1.class
-rw-rw-r-- 1 travis travis  9730 Jul  8 01:40 ModularCG_A1_B1.java
-rw-rw-r-- 1 travis travis   832 Jul  8 01:40 ModularCG_A1_B1.mk
-rw-rw-r-- 1 travis travis  1318 Jul  8 01:40 ModularCG_A1_B1_profile.class
-rw-rw-r-- 1 travis travis  1262 Jul  8 01:40 ModularCG_A1_B1_profile.java
-rw-rw-r-- 1 travis travis  3693 Jul  8 01:40 ModularCG_A1_B2.class
-rw-rw-r-- 1 travis travis  9730 Jul  8 01:40 ModularCG_A1_B2.java
-rw-rw-r-- 1 travis travis   832 Jul  8 01:40 ModularCG_A1_B2.mk
-rw-rw-r-- 1 travis travis  1318 Jul  8 01:40 ModularCG_A1_B2_profile.class
-rw-rw-r-- 1 travis travis  1262 Jul  8 01:40 ModularCG_A1_B2_profile.java
-rw-rw-r-- 1 travis travis  4799 Jul  8 01:41 ModularCG_A1.class
-rw-rw-r-- 1 travis travis 14742 Jul  8 01:41 ModularCG_A1.java
-rw-rw-r-- 1 travis travis   808 Jul  8 01:41 ModularCG_A1.mk
-rw-rw-r-- 1 travis travis  1433 Jul  8 01:41 ModularCG_A1_profile.class
-rw-rw-r-- 1 travis travis  1704 Jul  8 01:40 ModularCG_A1_profile.java
-rw-rw-r-- 1 travis travis  3827 Jul  8 01:41 ModularCG_A2_B1.class
-rw-rw-r-- 1 travis travis 10667 Jul  8 01:41 ModularCG_A2_B1.java
-rw-rw-r-- 1 travis travis   832 Jul  8 01:41 ModularCG_A2_B1.mk
-rw-rw-r-- 1 travis travis  1381 Jul  8 01:41 ModularCG_A2_B1_profile.class
-rw-rw-r-- 1 travis travis  1446 Jul  8 01:41 ModularCG_A2_B1_profile.java
-rw-rw-r-- 1 travis travis  3693 Jul  8 01:41 ModularCG_A2_B2.class
-rw-rw-r-- 1 travis travis  9730 Jul  8 01:41 ModularCG_A2_B2.java
-rw-rw-r-- 1 travis travis   832 Jul  8 01:41 ModularCG_A2_B2.mk
-rw-rw-r-- 1 travis travis  1318 Jul  8 01:41 ModularCG_A2_B2_profile.class
-rw-rw-r-- 1 travis travis  1262 Jul  8 01:41 ModularCG_A2_B2_profile.java
-rw-rw-r-- 1 travis travis  4870 Jul  8 01:41 ModularCG_A2.class
-rw-rw-r-- 1 travis travis 15129 Jul  8 01:41 ModularCG_A2.java
-rw-rw-r-- 1 travis travis   808 Jul  8 01:41 ModularCG_A2.mk
-rw-rw-r-- 1 travis travis  1433 Jul  8 01:41 ModularCG_A2_profile.class
-rw-rw-r-- 1 travis travis  1704 Jul  8 01:41 ModularCG_A2_profile.java
-rw-rw-r-- 1 travis travis  3473 Jul  8 01:41 ModularCGPubSub_A1_A2.class
-rw-rw-r-- 1 travis travis  9076 Jul  8 01:41 ModularCGPubSub_A1_A2.java
-rw-rw-r-- 1 travis travis   880 Jul  8 01:41 ModularCGPubSub_A1_A2.mk
-rw-rw-r-- 1 travis travis  1300 Jul  8 01:41 ModularCGPubSub_A1_A2_profile.class
-rw-rw-r-- 1 travis travis  1222 Jul  8 01:41 ModularCGPubSub_A1_A2_profile.java
-rw-rw-r-- 1 travis travis  3790 Jul  8 01:41 ModularCGPubSub_A1.class
-rw-rw-r-- 1 travis travis  9836 Jul  8 01:41 ModularCGPubSub_A1.java
-rw-rw-r-- 1 travis travis   856 Jul  8 01:41 ModularCGPubSub_A1.mk
-rw-rw-r-- 1 travis travis  1346 Jul  8 01:41 ModularCGPubSub_A1_profile.class
-rw-rw-r-- 1 travis travis  1388 Jul  8 01:41 ModularCGPubSub_A1_profile.java
-rw-rw-r-- 1 travis travis  1328 Jul  8 01:41 ModularCodeGen_ModularCodeGenTypedCompositeActor_profile.java
-rw-rw-r-- 1 travis travis  3492 Jul  8 01:40 ModularCodeGenTest_A1_A2.class
-rw-rw-r-- 1 travis travis  9164 Jul  8 01:40 ModularCodeGenTest_A1_A2.java
-rw-rw-r-- 1 travis travis   904 Jul  8 01:40 ModularCodeGenTest_A1_A2.mk
-rw-rw-r-- 1 travis travis  1306 Jul  8 01:40 ModularCodeGenTest_A1_A2_profile.class
-rw-rw-r-- 1 travis travis  1228 Jul  8 01:40 ModularCodeGenTest_A1_A2_profile.java
-rw-rw-r-- 1 travis travis  3823 Jul  8 01:40 ModularCodeGenTest_A1.class
-rw-rw-r-- 1 travis travis  9968 Jul  8 01:40 ModularCodeGenTest_A1.java
-rw-rw-r-- 1 travis travis   880 Jul  8 01:40 ModularCodeGenTest_A1.mk
-rw-rw-r-- 1 travis travis  1352 Jul  8 01:40 ModularCodeGenTest_A1_profile.class
-rw-rw-r-- 1 travis travis  1394 Jul  8 01:40 ModularCodeGenTest_A1_profile.java
-rw-rw-r-- 1 travis travis   432 Jul  8 01:41 Token.class
-rw-rw-r-- 1 travis travis   251 Jul  8 01:41 Token.java
warning: Supported source version 'RELEASE_6' from annotation processor 'org.netbeans.modules.openide.util.NbBundleProcessor' less than -source '1.8'
warning: Supported source version 'RELEASE_6' from annotation processor 'org.netbeans.modules.openide.util.URLStreamHandlerRegistrationProcessor' less than -source '1.8'
warning: Supported source version 'RELEASE_6' from annotation processor 'org.netbeans.modules.openide.util.ServiceProviderProcessor' less than -source '1.8'
3 warnings
All Done
Writing ModularCodeGen_ModularCodeGenTypedCompositeActor.java in file:/home/travis/cg/ (10970 characters)
Reading "ptolemy/cg/kernel/generic/program/procedural/java/modular/makefile.in",
    writing "/home/travis/cg/ModularCodeGen_ModularCodeGenTypedCompositeActor.mk"
Using ptolemy/cg/kernel/generic/program/procedural/java/modular/makefile.in
In "/home/travis/cg", about to execute:
    make -f ModularCodeGen_ModularCodeGenTypedCompositeActor.mk
javac -classpath ".:.."    ModularCodeGen_ModularCodeGenTypedCompositeActor.java
All Done
2581 ms. Memory: 556032K Free: 434342K (78%)
----------------- Invoking toplevel() on ptolemy.moml.MoMLSimpleApplication@5ecf091c
----------------- Done invoking toplevel() on ptolemy.moml.MoMLSimpleApplication@5ecf091c
reloadAllAccessors: .ModularCodeGen

===========================================================================================
----------------- testing Sun Jul 08 01:41:16 UTC 2018 /home/travis/build/icyphy/ptII/ptolemy/cg/lib/test/auto/ModularCodeGen2.xml
----------------- Instantiating /home/travis/build/icyphy/ptII/ptolemy/cg/lib/test/auto/ModularCodeGen2.xml
In "/home/travis/cg", about to execute:
    pwd
In "/home/travis/cg", about to execute:
    ls -l
/home/travis/cg
In "/home/travis/cg", about to execute:
    javac -classpath
.:/home/travis/build/icyphy/ptII:/home/travis/build/icyphy/ptII/lib/bsh-2.0b4.j
ar:/home/travis/build/icyphy/ptII/lib/ptCal.jar:/home/travis/build/icyphy/ptII/
lib/java_cup.jar:/home/travis/build/icyphy/ptII/lib/saxon8.jar:/home/travis/bui
ld/icyphy/ptII/lib/saxon8-dom.jar:/home/travis/build/icyphy/ptII/lib/chic.jar:/
home/travis/build/icyphy/ptII/lib/ptcolt.jar:/usr/lib/jvm/java-8-oracle/lib/too
ls.jar:/usr/lib/eclipse/plugins/org.eclipse.jdt.core_3.8.2.dist.jar:/usr/lib/ec
lipse/plugins/org.eclipse.core.runtime_3.8.0.dist.jar:/usr/lib/eclipse/plugins/
org.eclipse.osgi_3.8.1.dist.jar:/usr/lib/eclipse/plugins/org.eclipse.core.resou
rces_3.8.1.dist.jar:/usr/lib/eclipse/plugins/org.eclipse.equinox.common_3.6.100
.dist.jar:/usr/lib/eclipse/plugins/org.eclipse.core.jobs_3.5.200.dist.jar:/usr/
lib/eclipse/plugins/org.eclipse.core.contenttype_3.4.200.dist.jar:/usr/lib/ecli
pse/plugins/org.eclipse.equinox.preferences_3.5.0.dist.jar:/usr/lib/eclipse/plu
gins/org.eclipse.text_3.5.200.dist.jar:/usr/lib/eclipse/plugins/org.eclipse.ui.
workbench_3.8.1.dist.jar:/usr/lib/eclipse/plugins/org.eclipse.jface_3.8.0.dist.
jar:/usr/lib/eclipse/plugins/org.eclipse.swt_3.8.2.jar:/usr/lib/eclipse/plugins
/org.eclipse.jface.text_3.8.1.dist.jar:/usr/lib/eclipse/plugins/org.eclipse.ui.
workbench.texteditor_3.8.0.dist.jar:/usr/lib/eclipse/plugins/org.eclipse.ui.edi
tors_3.8.0.dist.jar:/usr/lib/eclipse/plugins/org.eclipse.core.commands_3.6.1.di
st.jar:/usr/lib/eclipse/plugins/org.eclipse.equinox.registry_3.5.200.dist.jar:/
usr/lib/eclipse/plugins/org.eclipse.ui.console_3.5.100.dist.jar:/usr/lib/eclips
e/plugins/org.eclipse.ui.forms_3.5.200.dist.jar:/usr/lib/eclipse/plugins/org.ec
lipse.ui.ide_3.8.1.dist.jar:/home/travis/build/icyphy/ptII/vendors/oracle/dbxml
.jar:/home/travis/build/icyphy/ptII/vendors/oracle/db.jar:/home/travis/build/ic
yphy/ptII/vendors/misc/itext/iText.jar:/home/travis/build/icyphy/ptII/lib/g4ltl
.jar:/home/travis/build/icyphy/ptII/lib/StructuralCoder.jar:/home/travis/build/
icyphy/ptII/lib/org-openide-util.jar:/home/travis/build/icyphy/ptII/lib/org-ope
nide-util-lookup.jar:/home/travis/build/icyphy/ptII/lib/org-netbeans-api-visual
.jar:/home/travis/build/icyphy/ptII/vendors/jai-1_1_2_01/lib/jai_core.jar:/home
/travis/build/icyphy/ptII/vendors/jai-1_1_2_01/lib/jai_codec.jar:/home/travis/b
uild/icyphy/ptII/lib/jcerti.jar:/home/travis/build/icyphy/ptII/lib/smack.jar:/h
ome/travis/build/icyphy/ptII/lib/smackx.jar:/home/travis/build/icyphy/ptII/lib/
jetty-all-8.1.5-v20120716.jar:/home/travis/build/icyphy/ptII/lib/javax.servlet-
api-3.0.1.jar:/home/travis/build/icyphy/ptII/lib/javax.mail.jar:/home/travis/bu
ild/icyphy/ptII/vendors/JMF-2.1.1e/lib/jmf.jar:/home/travis/build/icyphy/ptII/l
ib/jna-4.0.0-variadic.jar:/home/travis/build/icyphy/ptII/vendors/misc/joystick/
Joystick.jar:/home/travis/build/icyphy/ptII/lib/ptjacl.jar:/home/travis/build/i
cyphy/ptII/lib/jsoup-1.8.2.jar:/home/travis/build/icyphy/ptII/lib/junit-4.8.2.j
ar:/home/travis/build/icyphy/ptII/lib/JUnitParams-0.4.0.jar:/home/travis/build/
icyphy/ptII/ptolemy/actor/lib/excel/jxl.jar:/home/travis/build/icyphy/ptII/lib/
jython.jar:/home/travis/build/icyphy/ptII/lib/kieler.jar:/home/travis/build/icy
phy/ptII/vendors/opencv/share/OpenCV/java/opencv-341.jar:/home/travis/build/icy
phy/ptII/lib/oscP5.jar:/home/travis/build/icyphy/ptII/lib/nrjavaserial-3.11.0.d
evel.jar:/home/travis/build/icyphy/ptII/vendors/j3d/lib/j3dcore.jar:/home/travi
s/build/icyphy/ptII/vendors/j3d/lib/j3dutils.jar:/home/travis/build/icyphy/ptII
/vendors/j3d/lib/vecmath.jar:/home/travis/build/icyphy/ptII/ptolemy/distributed
/jini/jar/jini-core.jar:/home/travis/build/icyphy/ptII/ptolemy/distributed/jini
/jar/jini-ext.jar:/home/travis/build/icyphy/ptII/ptolemy/distributed/jini/jar/s
un-util.jar:/home/travis/build/icyphy/ptII/lib/protobuf-java-2.4.1.jar:/home/tr
avis/build/icyphy/ptII/lib/org.eclipse.paho.client.mqttv3.jar:/home/travis/buil
d/icyphy/ptII/ptserver/lib/hessian-4.0.7.jar:/home/travis/build/icyphy/ptII/pts
erver/lib/wmqtt.jar:/home/travis/build/icyphy/ptII/lib/mapss.jar:/home/travis/b
uild/icyphy/ptII/ptolemy/actor/ptalon/antlr/antlr.jar:/home/travis/build/icyphy
/ptII/lib/JRI.jar:/home/travis/build/icyphy/ptII/lib/commons-lang-2.6.jar:/home
/travis/build/icyphy/ptII/lib/commons-logging-1.1.1.jar:/home/travis/build/icyp
hy/ptII/lib/sootclasses.jar:/home/travis/build/icyphy/ptII/ptolemy/actor/lib/da
tabase/mysql-connector-java-5.1.6-bin.jar:/home/travis/build/icyphy/ptII/vendor
s/misc/sphinx4/sphinx4-data-5prealpha.jar:/home/travis/build/icyphy/ptII/vendor
s/misc/sphinx4/sphinx4-core-5prealpha.jar:/home/travis/build/icyphy/ptII/lib/PD
FRenderer.jar:/home/travis/build/icyphy/ptII/lib/svgSalamander.jar:/home/travis
/build/icyphy/ptII/lib/rsyntaxtextarea-2.6.0-SNAPSHOT.jar:/home/travis/build/ic
yphy/ptII/lib/hazelcast-3.8.2.jar:/home/travis/build/icyphy/ptII/lib/jackson-an
notations-2.9.0.jar:/home/travis/build/icyphy/ptII/lib/jackson-core-2.9.3.jar:/
home/travis/build/icyphy/ptII/lib/jackson-databind-2.9.3.jar:/home/travis/build
/icyphy/ptII/lib/netty-buffer-4.1.19.Final.jar:/home/travis/build/icyphy/ptII/l
ib/netty-codec-4.1.19.Final.jar:/home/travis/build/icyphy/ptII/lib/netty-codec-
dns-4.1.19.Final.jar:/home/travis/build/icyphy/ptII/lib/netty-codec-http-4.1.19
.Final.jar:/home/travis/build/icyphy/ptII/lib/netty-codec-http2-4.1.19.Final.ja
r:/home/travis/build/icyphy/ptII/lib/netty-common-4.1.19.Final.jar:/home/travis
/build/icyphy/ptII/lib/netty-handler-4.1.19.Final.jar:/home/travis/build/icyphy
/ptII/lib/netty-resolver-4.1.19.Final.jar:/home/travis/build/icyphy/ptII/lib/ne
tty-resolver-dns-4.1.19.Final.jar:/home/travis/build/icyphy/ptII/lib/netty-tran
sport-4.1.19.Final.jar:/home/travis/build/icyphy/ptII/lib/vertx-codegen-3.5.1.j
ar:/home/travis/build/icyphy/ptII/lib/vertx-core-3.5.2-SNAPSHOT.jar:/home/travi
s/build/icyphy/ptII/lib/vertx-hazelcast-3.5.1.jar:/home/travis/build/icyphy/ptI
I/lib/vertx-lang-js-3.5.1.jar:/home/travis/build/icyphy/ptII/lib/vertx-service-
proxy-3.5.1.jar:/home/travis/build/icyphy/ptII/lib/vertx-web-3.5.1.jar:/home/tr
avis/build/icyphy/ptII/lib/slf4j-api-1.7.13.jar:/home/travis/build/icyphy/ptII/
lib/slf4j-simple-1.7.13.jar:/home/travis/build/icyphy/ptII/lib/webcam-capture-0
.3.12.jar:/home/travis/build/icyphy/ptII/lib/bridj-0.7.0.jar:/home/travis/build
/icyphy/ptII/lib/xbjlib-1.1.0.nrjavaserial.jar:/home/travis/build/icyphy/ptII/p
tolemy/moml/test:/home/travis/build/icyphy/ptII/ant/lib/ant-launcher.jar:/home/
travis/build/icyphy/ptII/ant/lib/ant.jar:/home/travis/build/icyphy/ptII/ant/lib
/ant-junit.jar:/home/travis/build/icyphy/ptII/ant/lib/ant-junit4.jar:/home/trav
is/build/icyphy/ptII
ModularCodeGen2_ModularCodeGenTypedCompositeActor_ModularCodeGenTypedCompositeA
ctor_profile.java
total 484
-rw-rw-r-- 1 travis travis  4895 Jul  8 01:40 CompiledCompositeActor_CompiledCompositeActor.class
-rw-rw-r-- 1 travis travis  1592 Jul  8 01:40 CompiledCompositeActor_CompiledCompositeActor$_CompiledCompositeActor_CompiledCompositeActor.class
-rw-rw-r-- 1 travis travis 13466 Jul  8 01:40 CompiledCompositeActor_CompiledCompositeActor.java
-rw-rw-r-- 1 travis travis  1593 Jul  8 01:40 CompiledCompositeActor_CompiledCompositeActor.mk
-rw-rw-r-- 1 travis travis  4457 Jul  8 01:40 JavaCompiledCompositeTest1_CompiledCompositeActor.class
-rw-rw-r-- 1 travis travis 11637 Jul  8 01:40 JavaCompiledCompositeTest1_CompiledCompositeActor.java
-rw-rw-r-- 1 travis travis  1198 Jul  8 01:40 JavaCompiledCompositeTest1_CompiledCompositeActor$_JavaCompiledCompositeTest1_CompiledCompositeActor.class
-rw-rw-r-- 1 travis travis  1625 Jul  8 01:40 JavaCompiledCompositeTest1_CompiledCompositeActor.mk
-rw-rw-r-- 1 travis travis  4888 Jul  8 01:40 JavaCompiledCompositeTest2_CompiledCompositeActor.class
-rw-rw-r-- 1 travis travis 14919 Jul  8 01:40 JavaCompiledCompositeTest2_CompiledCompositeActor.java
-rw-rw-r-- 1 travis travis  1793 Jul  8 01:40 JavaCompiledCompositeTest2_CompiledCompositeActor$_JavaCompiledCompositeTest2_CompiledCompositeActor.class
-rw-rw-r-- 1 travis travis  1625 Jul  8 01:40 JavaCompiledCompositeTest2_CompiledCompositeActor.mk
-rw-rw-r-- 1 travis travis  4505 Jul  8 01:40 JavaCompiledCompositeTest3_CompiledCompositeActor.class
-rw-rw-r-- 1 travis travis 13080 Jul  8 01:40 JavaCompiledCompositeTest3_CompiledCompositeActor.java
-rw-rw-r-- 1 travis travis  1378 Jul  8 01:40 JavaCompiledCompositeTest3_CompiledCompositeActor$_JavaCompiledCompositeTest3_CompiledCompositeActor.class
-rw-rw-r-- 1 travis travis  1625 Jul  8 01:40 JavaCompiledCompositeTest3_CompiledCompositeActor.mk
-rw-rw-r-- 1 travis travis  3953 Jul  8 01:40 JavaCompiledCompositeTest4_CompiledCompositeActor.class
-rw-rw-r-- 1 travis travis  9687 Jul  8 01:40 JavaCompiledCompositeTest4_CompiledCompositeActor.java
-rw-rw-r-- 1 travis travis   857 Jul  8 01:40 JavaCompiledCompositeTest4_CompiledCompositeActor$_JavaCompiledCompositeTest4_CompiledCompositeActor.class
-rw-rw-r-- 1 travis travis  1625 Jul  8 01:40 JavaCompiledCompositeTest4_CompiledCompositeActor.mk
-rw-rw-r-- 1 travis travis  3693 Jul  8 01:40 ModularCG_A1_B1.class
-rw-rw-r-- 1 travis travis  9730 Jul  8 01:40 ModularCG_A1_B1.java
-rw-rw-r-- 1 travis travis   832 Jul  8 01:40 ModularCG_A1_B1.mk
-rw-rw-r-- 1 travis travis  1318 Jul  8 01:40 ModularCG_A1_B1_profile.class
-rw-rw-r-- 1 travis travis  1262 Jul  8 01:40 ModularCG_A1_B1_profile.java
-rw-rw-r-- 1 travis travis  3693 Jul  8 01:40 ModularCG_A1_B2.class
-rw-rw-r-- 1 travis travis  9730 Jul  8 01:40 ModularCG_A1_B2.java
-rw-rw-r-- 1 travis travis   832 Jul  8 01:40 ModularCG_A1_B2.mk
-rw-rw-r-- 1 travis travis  1318 Jul  8 01:40 ModularCG_A1_B2_profile.class
-rw-rw-r-- 1 travis travis  1262 Jul  8 01:40 ModularCG_A1_B2_profile.java
-rw-rw-r-- 1 travis travis  4799 Jul  8 01:41 ModularCG_A1.class
-rw-rw-r-- 1 travis travis 14742 Jul  8 01:41 ModularCG_A1.java
-rw-rw-r-- 1 travis travis   808 Jul  8 01:41 ModularCG_A1.mk
-rw-rw-r-- 1 travis travis  1433 Jul  8 01:41 ModularCG_A1_profile.class
-rw-rw-r-- 1 travis travis  1704 Jul  8 01:40 ModularCG_A1_profile.java
-rw-rw-r-- 1 travis travis  3827 Jul  8 01:41 ModularCG_A2_B1.class
-rw-rw-r-- 1 travis travis 10667 Jul  8 01:41 ModularCG_A2_B1.java
-rw-rw-r-- 1 travis travis   832 Jul  8 01:41 ModularCG_A2_B1.mk
-rw-rw-r-- 1 travis travis  1381 Jul  8 01:41 ModularCG_A2_B1_profile.class
-rw-rw-r-- 1 travis travis  1446 Jul  8 01:41 ModularCG_A2_B1_profile.java
-rw-rw-r-- 1 travis travis  3693 Jul  8 01:41 ModularCG_A2_B2.class
-rw-rw-r-- 1 travis travis  9730 Jul  8 01:41 ModularCG_A2_B2.java
-rw-rw-r-- 1 travis travis   832 Jul  8 01:41 ModularCG_A2_B2.mk
-rw-rw-r-- 1 travis travis  1318 Jul  8 01:41 ModularCG_A2_B2_profile.class
-rw-rw-r-- 1 travis travis  1262 Jul  8 01:41 ModularCG_A2_B2_profile.java
-rw-rw-r-- 1 travis travis  4870 Jul  8 01:41 ModularCG_A2.class
-rw-rw-r-- 1 travis travis 15129 Jul  8 01:41 ModularCG_A2.java
-rw-rw-r-- 1 travis travis   808 Jul  8 01:41 ModularCG_A2.mk
-rw-rw-r-- 1 travis travis  1433 Jul  8 01:41 ModularCG_A2_profile.class
-rw-rw-r-- 1 travis travis  1704 Jul  8 01:41 ModularCG_A2_profile.java
-rw-rw-r-- 1 travis travis  3473 Jul  8 01:41 ModularCGPubSub_A1_A2.class
-rw-rw-r-- 1 travis travis  9076 Jul  8 01:41 ModularCGPubSub_A1_A2.java
-rw-rw-r-- 1 travis travis   880 Jul  8 01:41 ModularCGPubSub_A1_A2.mk
-rw-rw-r-- 1 travis travis  1300 Jul  8 01:41 ModularCGPubSub_A1_A2_profile.class
-rw-rw-r-- 1 travis travis  1222 Jul  8 01:41 ModularCGPubSub_A1_A2_profile.java
-rw-rw-r-- 1 travis travis  3790 Jul  8 01:41 ModularCGPubSub_A1.class
-rw-rw-r-- 1 travis travis  9836 Jul  8 01:41 ModularCGPubSub_A1.java
-rw-rw-r-- 1 travis travis   856 Jul  8 01:41 ModularCGPubSub_A1.mk
-rw-rw-r-- 1 travis travis  1346 Jul  8 01:41 ModularCGPubSub_A1_profile.class
-rw-rw-r-- 1 travis travis  1388 Jul  8 01:41 ModularCGPubSub_A1_profile.java
-rw-rw-r-- 1 travis travis  1294 Jul  8 01:41 ModularCodeGen2_ModularCodeGenTypedCompositeActor_ModularCodeGenTypedCompositeActor_profile.java
-rw-rw-r-- 1 travis travis  3954 Jul  8 01:41 ModularCodeGen_ModularCodeGenTypedCompositeActor.class
-rw-rw-r-- 1 travis travis 10970 Jul  8 01:41 ModularCodeGen_ModularCodeGenTypedCompositeActor.java
-rw-rw-r-- 1 travis travis  1096 Jul  8 01:41 ModularCodeGen_ModularCodeGenTypedCompositeActor.mk
-rw-rw-r-- 1 travis travis  1384 Jul  8 01:41 ModularCodeGen_ModularCodeGenTypedCompositeActor_profile.class
-rw-rw-r-- 1 travis travis  1328 Jul  8 01:41 ModularCodeGen_ModularCodeGenTypedCompositeActor_profile.java
-rw-rw-r-- 1 travis travis  3492 Jul  8 01:40 ModularCodeGenTest_A1_A2.class
-rw-rw-r-- 1 travis travis  9164 Jul  8 01:40 ModularCodeGenTest_A1_A2.java
-rw-rw-r-- 1 travis travis   904 Jul  8 01:40 ModularCodeGenTest_A1_A2.mk
-rw-rw-r-- 1 travis travis  1306 Jul  8 01:40 ModularCodeGenTest_A1_A2_profile.class
-rw-rw-r-- 1 travis travis  1228 Jul  8 01:40 ModularCodeGenTest_A1_A2_profile.java
-rw-rw-r-- 1 travis travis  3823 Jul  8 01:40 ModularCodeGenTest_A1.class
-rw-rw-r-- 1 travis travis  9968 Jul  8 01:40 ModularCodeGenTest_A1.java
-rw-rw-r-- 1 travis travis   880 Jul  8 01:40 ModularCodeGenTest_A1.mk
-rw-rw-r-- 1 travis travis  1352 Jul  8 01:40 ModularCodeGenTest_A1_profile.class
-rw-rw-r-- 1 travis travis  1394 Jul  8 01:40 ModularCodeGenTest_A1_profile.java
-rw-rw-r-- 1 travis travis   432 Jul  8 01:41 Token.class
-rw-rw-r-- 1 travis travis   251 Jul  8 01:41 Token.java
warning: Supported source version 'RELEASE_6' from annotation processor 'org.netbeans.modules.openide.util.NbBundleProcessor' less than -source '1.8'
warning: Supported source version 'RELEASE_6' from annotation processor 'org.netbeans.modules.openide.util.URLStreamHandlerRegistrationProcessor' less than -source '1.8'
warning: Supported source version 'RELEASE_6' from annotation processor 'org.netbeans.modules.openide.util.ServiceProviderProcessor' less than -source '1.8'
3 warnings
All Done
Writing ModularCodeGen2_ModularCodeGenTypedCompositeActor_ModularCodeGenTypedCompositeActor.java in file:/home/travis/cg/ (11790 characters)
Reading "ptolemy/cg/kernel/generic/program/procedural/java/modular/makefile.in",
    writing "/home/travis/cg/ModularCodeGen2_ModularCodeGenTypedCompositeActor_ModularCodeGenTypedCompositeActor.mk"
Using ptolemy/cg/kernel/generic/program/procedural/java/modular/makefile.in
In "/home/travis/cg", about to execute:
    make -f
ModularCodeGen2_ModularCodeGenTypedCompositeActor_ModularCodeGenTypedCompositeA
ctor.mk
javac -classpath ".:.."    ModularCodeGen2_ModularCodeGenTypedCompositeActor_ModularCodeGenTypedCompositeActor.java
All Done
In "/home/travis/cg", about to execute:
    pwd
In "/home/travis/cg", about to execute:
    ls -l
/home/travis/cg
total 516
-rw-rw-r-- 1 travis travis  4895 Jul  8 01:40 CompiledCompositeActor_CompiledCompositeActor.class
-rw-rw-r-- 1 travis travis  1592 Jul  8 01:40 CompiledCompositeActor_CompiledCompositeActor$_CompiledCompositeActor_CompiledCompositeActor.class
-rw-rw-r-- 1 travis travis 13466 Jul  8 01:40 CompiledCompositeActor_CompiledCompositeActor.java
-rw-rw-r-- 1 travis travis  1593 Jul  8 01:40 CompiledCompositeActor_CompiledCompositeActor.mk
-rw-rw-r-- 1 travis travis  4457 Jul  8 01:40 JavaCompiledCompositeTest1_CompiledCompositeActor.class
-rw-rw-r-- 1 travis travis 11637 Jul  8 01:40 JavaCompiledCompositeTest1_CompiledCompositeActor.java
-rw-rw-r-- 1 travis travis  1198 Jul  8 01:40 JavaCompiledCompositeTest1_CompiledCompositeActor$_JavaCompiledCompositeTest1_CompiledCompositeActor.class
-rw-rw-r-- 1 travis travis  1625 Jul  8 01:40 JavaCompiledCompositeTest1_CompiledCompositeActor.mk
-rw-rw-r-- 1 travis travis  4888 Jul  8 01:40 JavaCompiledCompositeTest2_CompiledCompositeActor.class
-rw-rw-r-- 1 travis travis 14919 Jul  8 01:40 JavaCompiledCompositeTest2_CompiledCompositeActor.java
-rw-rw-r-- 1 travis travis  1793 Jul  8 01:40 JavaCompiledCompositeTest2_CompiledCompositeActor$_JavaCompiledCompositeTest2_CompiledCompositeActor.class
-rw-rw-r-- 1 travis travis  1625 Jul  8 01:40 JavaCompiledCompositeTest2_CompiledCompositeActor.mk
-rw-rw-r-- 1 travis travis  4505 Jul  8 01:40 JavaCompiledCompositeTest3_CompiledCompositeActor.class
-rw-rw-r-- 1 travis travis 13080 Jul  8 01:40 JavaCompiledCompositeTest3_CompiledCompositeActor.java
-rw-rw-r-- 1 travis travis  1378 Jul  8 01:40 JavaCompiledCompositeTest3_CompiledCompositeActor$_JavaCompiledCompositeTest3_CompiledCompositeActor.class
-rw-rw-r-- 1 travis travis  1625 Jul  8 01:40 JavaCompiledCompositeTest3_CompiledCompositeActor.mk
-rw-rw-r-- 1 travis travis  3953 Jul  8 01:40 JavaCompiledCompositeTest4_CompiledCompositeActor.class
-rw-rw-r-- 1 travis travis  9687 Jul  8 01:40 JavaCompiledCompositeTest4_CompiledCompositeActor.java
-rw-rw-r-- 1 travis travis   857 Jul  8 01:40 JavaCompiledCompositeTest4_CompiledCompositeActor$_JavaCompiledCompositeTest4_CompiledCompositeActor.class
-rw-rw-r-- 1 travis travis  1625 Jul  8 01:40 JavaCompiledCompositeTest4_CompiledCompositeActor.mk
-rw-rw-r-- 1 travis travis  3693 Jul  8 01:40 ModularCG_A1_B1.class
-rw-rw-r-- 1 travis travis  9730 Jul  8 01:40 ModularCG_A1_B1.java
-rw-rw-r-- 1 travis travis   832 Jul  8 01:40 ModularCG_A1_B1.mk
-rw-rw-r-- 1 travis travis  1318 Jul  8 01:40 ModularCG_A1_B1_profile.class
-rw-rw-r-- 1 travis travis  1262 Jul  8 01:40 ModularCG_A1_B1_profile.java
-rw-rw-r-- 1 travis travis  3693 Jul  8 01:40 ModularCG_A1_B2.class
-rw-rw-r-- 1 travis travis  9730 Jul  8 01:40 ModularCG_A1_B2.java
-rw-rw-r-- 1 travis travis   832 Jul  8 01:40 ModularCG_A1_B2.mk
-rw-rw-r-- 1 travis travis  1318 Jul  8 01:40 ModularCG_A1_B2_profile.class
-rw-rw-r-- 1 travis travis  1262 Jul  8 01:40 ModularCG_A1_B2_profile.java
-rw-rw-r-- 1 travis travis  4799 Jul  8 01:41 ModularCG_A1.class
-rw-rw-r-- 1 travis travis 14742 Jul  8 01:41 ModularCG_A1.java
-rw-rw-r-- 1 travis travis   808 Jul  8 01:41 ModularCG_A1.mk
-rw-rw-r-- 1 travis travis  1433 Jul  8 01:41 ModularCG_A1_profile.class
-rw-rw-r-- 1 travis travis  1704 Jul  8 01:40 ModularCG_A1_profile.java
-rw-rw-r-- 1 travis travis  3827 Jul  8 01:41 ModularCG_A2_B1.class
-rw-rw-r-- 1 travis travis 10667 Jul  8 01:41 ModularCG_A2_B1.java
-rw-rw-r-- 1 travis travis   832 Jul  8 01:41 ModularCG_A2_B1.mk
-rw-rw-r-- 1 travis travis  1381 Jul  8 01:41 ModularCG_A2_B1_profile.class
-rw-rw-r-- 1 travis travis  1446 Jul  8 01:41 ModularCG_A2_B1_profile.java
-rw-rw-r-- 1 travis travis  3693 Jul  8 01:41 ModularCG_A2_B2.class
-rw-rw-r-- 1 travis travis  9730 Jul  8 01:41 ModularCG_A2_B2.java
-rw-rw-r-- 1 travis travis   832 Jul  8 01:41 ModularCG_A2_B2.mk
-rw-rw-r-- 1 travis travis  1318 Jul  8 01:41 ModularCG_A2_B2_profile.class
-rw-rw-r-- 1 travis travis  1262 Jul  8 01:41 ModularCG_A2_B2_profile.java
-rw-rw-r-- 1 travis travis  4870 Jul  8 01:41 ModularCG_A2.class
-rw-rw-r-- 1 travis travis 15129 Jul  8 01:41 ModularCG_A2.java
-rw-rw-r-- 1 travis travis   808 Jul  8 01:41 ModularCG_A2.mk
-rw-rw-r-- 1 travis travis  1433 Jul  8 01:41 ModularCG_A2_profile.class
-rw-rw-r-- 1 travis travis  1704 Jul  8 01:41 ModularCG_A2_profile.java
-rw-rw-r-- 1 travis travis  3473 Jul  8 01:41 ModularCGPubSub_A1_A2.class
-rw-rw-r-- 1 travis travis  9076 Jul  8 01:41 ModularCGPubSub_A1_A2.java
-rw-rw-r-- 1 travis travis   880 Jul  8 01:41 ModularCGPubSub_A1_A2.mk
-rw-rw-r-- 1 travis travis  1300 Jul  8 01:41 ModularCGPubSub_A1_A2_profile.class
-rw-rw-r-- 1 travis travis  1222 Jul  8 01:41 ModularCGPubSub_A1_A2_profile.java
-rw-rw-r-- 1 travis travis  3790 Jul  8 01:41 ModularCGPubSub_A1.class
-rw-rw-r-- 1 travis travis  9836 Jul  8 01:41 ModularCGPubSub_A1.java
-rw-rw-r-- 1 travis travis   856 Jul  8 01:41 ModularCGPubSub_A1.mk
-rw-rw-r-- 1 travis travis  1346 Jul  8 01:41 ModularCGPubSub_A1_profile.class
-rw-rw-r-- 1 travis travis  1388 Jul  8 01:41 ModularCGPubSub_A1_profile.java
-rw-rw-r-- 1 travis travis  4272 Jul  8 01:41 ModularCodeGen2_ModularCodeGenTypedCompositeActor_ModularCodeGenTypedCompositeActor.class
-rw-rw-r-- 1 travis travis 11790 Jul  8 01:41 ModularCodeGen2_ModularCodeGenTypedCompositeActor_ModularCodeGenTypedCompositeActor.java
-rw-rw-r-- 1 travis travis  1376 Jul  8 01:41 ModularCodeGen2_ModularCodeGenTypedCompositeActor_ModularCodeGenTypedCompositeActor.mk
-rw-rw-r-- 1 travis travis  1421 Jul  8 01:41 ModularCodeGen2_ModularCodeGenTypedCompositeActor_ModularCodeGenTypedCompositeActor_profile.class
-rw-rw-r-- 1 travis travis  1294 Jul  8 01:41 ModularCodeGen2_ModularCodeGenTypedCompositeActor_ModularCodeGenTypedCompositeActor_profile.java
-rw-rw-r-- 1 travis travis   693 Jul  8 01:41 ModularCodeGen2_ModularCodeGenTypedCompositeActor_profile.java
-rw-rw-r-- 1 travis travis  3954 Jul  8 01:41 ModularCodeGen_ModularCodeGenTypedCompositeActor.class
-rw-rw-r-- 1 travis travis 10970 Jul  8 01:41 ModularCodeGen_ModularCodeGenTypedCompositeActor.java
-rw-rw-r-- 1 travis travis  1096 Jul  8 01:41 ModularCodeGen_ModularCodeGenTypedCompositeActor.mk
-rw-rw-r-- 1 travis travis  1384 Jul  8 01:41 ModularCodeGen_ModularCodeGenTypedCompositeActor_profile.class
-rw-rw-r-- 1 travis travis  1328 Jul  8 01:41 ModularCodeGen_ModularCodeGenTypedCompositeActor_profile.java
-rw-rw-r-- 1 travis travis  3492 Jul  8 01:40 ModularCodeGenTest_A1_A2.class
-rw-rw-r-- 1 travis travis  9164 Jul  8 01:40 ModularCodeGenTest_A1_A2.java
-rw-rw-r-- 1 travis travis   904 Jul  8 01:40 ModularCodeGenTest_A1_A2.mk
-rw-rw-r-- 1 travis travis  1306 Jul  8 01:40 ModularCodeGenTest_A1_A2_profile.class
-rw-rw-r-- 1 travis travis  1228 Jul  8 01:40 ModularCodeGenTest_A1_A2_profile.java
-rw-rw-r-- 1 travis travis  3823 Jul  8 01:40 ModularCodeGenTest_A1.class
-rw-rw-r-- 1 travis travis  9968 Jul  8 01:40 ModularCodeGenTest_A1.java
-rw-rw-r-- 1 travis travis   880 Jul  8 01:40 ModularCodeGenTest_A1.mk
-rw-rw-r-- 1 travis travis  1352 Jul  8 01:40 ModularCodeGenTest_A1_profile.class
-rw-rw-r-- 1 travis travis  1394 Jul  8 01:40 ModularCodeGenTest_A1_profile.java
-rw-rw-r-- 1 travis travis   432 Jul  8 01:41 Token.class
-rw-rw-r-- 1 travis travis   251 Jul  8 01:41 Token.java
In "/home/travis/cg", about to execute:
    javac -classpath
.:/home/travis/build/icyphy/ptII:/home/travis/build/icyphy/ptII/lib/bsh-2.0b4.j
ar:/home/travis/build/icyphy/ptII/lib/ptCal.jar:/home/travis/build/icyphy/ptII/
lib/java_cup.jar:/home/travis/build/icyphy/ptII/lib/saxon8.jar:/home/travis/bui
ld/icyphy/ptII/lib/saxon8-dom.jar:/home/travis/build/icyphy/ptII/lib/chic.jar:/
home/travis/build/icyphy/ptII/lib/ptcolt.jar:/usr/lib/jvm/java-8-oracle/lib/too
ls.jar:/usr/lib/eclipse/plugins/org.eclipse.jdt.core_3.8.2.dist.jar:/usr/lib/ec
lipse/plugins/org.eclipse.core.runtime_3.8.0.dist.jar:/usr/lib/eclipse/plugins/
org.eclipse.osgi_3.8.1.dist.jar:/usr/lib/eclipse/plugins/org.eclipse.core.resou
rces_3.8.1.dist.jar:/usr/lib/eclipse/plugins/org.eclipse.equinox.common_3.6.100
.dist.jar:/usr/lib/eclipse/plugins/org.eclipse.core.jobs_3.5.200.dist.jar:/usr/
lib/eclipse/plugins/org.eclipse.core.contenttype_3.4.200.dist.jar:/usr/lib/ecli
pse/plugins/org.eclipse.equinox.preferences_3.5.0.dist.jar:/usr/lib/eclipse/plu
gins/org.eclipse.text_3.5.200.dist.jar:/usr/lib/eclipse/plugins/org.eclipse.ui.
workbench_3.8.1.dist.jar:/usr/lib/eclipse/plugins/org.eclipse.jface_3.8.0.dist.
jar:/usr/lib/eclipse/plugins/org.eclipse.swt_3.8.2.jar:/usr/lib/eclipse/plugins
/org.eclipse.jface.text_3.8.1.dist.jar:/usr/lib/eclipse/plugins/org.eclipse.ui.
workbench.texteditor_3.8.0.dist.jar:/usr/lib/eclipse/plugins/org.eclipse.ui.edi
tors_3.8.0.dist.jar:/usr/lib/eclipse/plugins/org.eclipse.core.commands_3.6.1.di
st.jar:/usr/lib/eclipse/plugins/org.eclipse.equinox.registry_3.5.200.dist.jar:/
usr/lib/eclipse/plugins/org.eclipse.ui.console_3.5.100.dist.jar:/usr/lib/eclips
e/plugins/org.eclipse.ui.forms_3.5.200.dist.jar:/usr/lib/eclipse/plugins/org.ec
lipse.ui.ide_3.8.1.dist.jar:/home/travis/build/icyphy/ptII/vendors/oracle/dbxml
.jar:/home/travis/build/icyphy/ptII/vendors/oracle/db.jar:/home/travis/build/ic
yphy/ptII/vendors/misc/itext/iText.jar:/home/travis/build/icyphy/ptII/lib/g4ltl
.jar:/home/travis/build/icyphy/ptII/lib/StructuralCoder.jar:/home/travis/build/
icyphy/ptII/lib/org-openide-util.jar:/home/travis/build/icyphy/ptII/lib/org-ope
nide-util-lookup.jar:/home/travis/build/icyphy/ptII/lib/org-netbeans-api-visual
.jar:/home/travis/build/icyphy/ptII/vendors/jai-1_1_2_01/lib/jai_core.jar:/home
/travis/build/icyphy/ptII/vendors/jai-1_1_2_01/lib/jai_codec.jar:/home/travis/b
uild/icyphy/ptII/lib/jcerti.jar:/home/travis/build/icyphy/ptII/lib/smack.jar:/h
ome/travis/build/icyphy/ptII/lib/smackx.jar:/home/travis/build/icyphy/ptII/lib/
jetty-all-8.1.5-v20120716.jar:/home/travis/build/icyphy/ptII/lib/javax.servlet-
api-3.0.1.jar:/home/travis/build/icyphy/ptII/lib/javax.mail.jar:/home/travis/bu
ild/icyphy/ptII/vendors/JMF-2.1.1e/lib/jmf.jar:/home/travis/build/icyphy/ptII/l
ib/jna-4.0.0-variadic.jar:/home/travis/build/icyphy/ptII/vendors/misc/joystick/
Joystick.jar:/home/travis/build/icyphy/ptII/lib/ptjacl.jar:/home/travis/build/i
cyphy/ptII/lib/jsoup-1.8.2.jar:/home/travis/build/icyphy/ptII/lib/junit-4.8.2.j
ar:/home/travis/build/icyphy/ptII/lib/JUnitParams-0.4.0.jar:/home/travis/build/
icyphy/ptII/ptolemy/actor/lib/excel/jxl.jar:/home/travis/build/icyphy/ptII/lib/
jython.jar:/home/travis/build/icyphy/ptII/lib/kieler.jar:/home/travis/build/icy
phy/ptII/vendors/opencv/share/OpenCV/java/opencv-341.jar:/home/travis/build/icy
phy/ptII/lib/oscP5.jar:/home/travis/build/icyphy/ptII/lib/nrjavaserial-3.11.0.d
evel.jar:/home/travis/build/icyphy/ptII/vendors/j3d/lib/j3dcore.jar:/home/travi
s/build/icyphy/ptII/vendors/j3d/lib/j3dutils.jar:/home/travis/build/icyphy/ptII
/vendors/j3d/lib/vecmath.jar:/home/travis/build/icyphy/ptII/ptolemy/distributed
/jini/jar/jini-core.jar:/home/travis/build/icyphy/ptII/ptolemy/distributed/jini
/jar/jini-ext.jar:/home/travis/build/icyphy/ptII/ptolemy/distributed/jini/jar/s
un-util.jar:/home/travis/build/icyphy/ptII/lib/protobuf-java-2.4.1.jar:/home/tr
avis/build/icyphy/ptII/lib/org.eclipse.paho.client.mqttv3.jar:/home/travis/buil
d/icyphy/ptII/ptserver/lib/hessian-4.0.7.jar:/home/travis/build/icyphy/ptII/pts
erver/lib/wmqtt.jar:/home/travis/build/icyphy/ptII/lib/mapss.jar:/home/travis/b
uild/icyphy/ptII/ptolemy/actor/ptalon/antlr/antlr.jar:/home/travis/build/icyphy
/ptII/lib/JRI.jar:/home/travis/build/icyphy/ptII/lib/commons-lang-2.6.jar:/home
/travis/build/icyphy/ptII/lib/commons-logging-1.1.1.jar:/home/travis/build/icyp
hy/ptII/lib/sootclasses.jar:/home/travis/build/icyphy/ptII/ptolemy/actor/lib/da
tabase/mysql-connector-java-5.1.6-bin.jar:/home/travis/build/icyphy/ptII/vendor
s/misc/sphinx4/sphinx4-data-5prealpha.jar:/home/travis/build/icyphy/ptII/vendor
s/misc/sphinx4/sphinx4-core-5prealpha.jar:/home/travis/build/icyphy/ptII/lib/PD
FRenderer.jar:/home/travis/build/icyphy/ptII/lib/svgSalamander.jar:/home/travis
/build/icyphy/ptII/lib/rsyntaxtextarea-2.6.0-SNAPSHOT.jar:/home/travis/build/ic
yphy/ptII/lib/hazelcast-3.8.2.jar:/home/travis/build/icyphy/ptII/lib/jackson-an
notations-2.9.0.jar:/home/travis/build/icyphy/ptII/lib/jackson-core-2.9.3.jar:/
home/travis/build/icyphy/ptII/lib/jackson-databind-2.9.3.jar:/home/travis/build
/icyphy/ptII/lib/netty-buffer-4.1.19.Final.jar:/home/travis/build/icyphy/ptII/l
ib/netty-codec-4.1.19.Final.jar:/home/travis/build/icyphy/ptII/lib/netty-codec-
dns-4.1.19.Final.jar:/home/travis/build/icyphy/ptII/lib/netty-codec-http-4.1.19
.Final.jar:/home/travis/build/icyphy/ptII/lib/netty-codec-http2-4.1.19.Final.ja
r:/home/travis/build/icyphy/ptII/lib/netty-common-4.1.19.Final.jar:/home/travis
/build/icyphy/ptII/lib/netty-handler-4.1.19.Final.jar:/home/travis/build/icyphy
/ptII/lib/netty-resolver-4.1.19.Final.jar:/home/travis/build/icyphy/ptII/lib/ne
tty-resolver-dns-4.1.19.Final.jar:/home/travis/build/icyphy/ptII/lib/netty-tran
sport-4.1.19.Final.jar:/home/travis/build/icyphy/ptII/lib/vertx-codegen-3.5.1.j
ar:/home/travis/build/icyphy/ptII/lib/vertx-core-3.5.2-SNAPSHOT.jar:/home/travi
s/build/icyphy/ptII/lib/vertx-hazelcast-3.5.1.jar:/home/travis/build/icyphy/ptI
I/lib/vertx-lang-js-3.5.1.jar:/home/travis/build/icyphy/ptII/lib/vertx-service-
proxy-3.5.1.jar:/home/travis/build/icyphy/ptII/lib/vertx-web-3.5.1.jar:/home/tr
avis/build/icyphy/ptII/lib/slf4j-api-1.7.13.jar:/home/travis/build/icyphy/ptII/
lib/slf4j-simple-1.7.13.jar:/home/travis/build/icyphy/ptII/lib/webcam-capture-0
.3.12.jar:/home/travis/build/icyphy/ptII/lib/bridj-0.7.0.jar:/home/travis/build
/icyphy/ptII/lib/xbjlib-1.1.0.nrjavaserial.jar:/home/travis/build/icyphy/ptII/p
tolemy/moml/test:/home/travis/build/icyphy/ptII/ant/lib/ant-launcher.jar:/home/
travis/build/icyphy/ptII/ant/lib/ant.jar:/home/travis/build/icyphy/ptII/ant/lib
/ant-junit.jar:/home/travis/build/icyphy/ptII/ant/lib/ant-junit4.jar:/home/trav
is/build/icyphy/ptII
ModularCodeGen2_ModularCodeGenTypedCompositeActor_profile.java
warning: Supported source version 'RELEASE_6' from annotation processor 'org.netbeans.modules.openide.util.NbBundleProcessor' less than -source '1.8'
warning: Supported source version 'RELEASE_6' from annotation processor 'org.netbeans.modules.openide.util.URLStreamHandlerRegistrationProcessor' less than -source '1.8'
warning: Supported source version 'RELEASE_6' from annotation processor 'org.netbeans.modules.openide.util.ServiceProviderProcessor' less than -source '1.8'
3 warnings
All Done
Writing ModularCodeGen2_ModularCodeGenTypedCompositeActor.java in file:/home/travis/cg/ (11690 characters)
Reading "ptolemy/cg/kernel/generic/program/procedural/java/modular/makefile.in",
    writing "/home/travis/cg/ModularCodeGen2_ModularCodeGenTypedCompositeActor.mk"
Using ptolemy/cg/kernel/generic/program/procedural/java/modular/makefile.in
In "/home/travis/cg", about to execute:
    make -f ModularCodeGen2_ModularCodeGenTypedCompositeActor.mk
javac -classpath ".:.."    ModularCodeGen2_ModularCodeGenTypedCompositeActor.java
All Done
4601 ms. Memory: 556032K Free: 337191K (61%)
----------------- Invoking toplevel() on ptolemy.moml.MoMLSimpleApplication@57530c25
----------------- Done invoking toplevel() on ptolemy.moml.MoMLSimpleApplication@57530c25
reloadAllAccessors: .ModularCodeGen2

===========================================================================================
----------------- testing Sun Jul 08 01:41:20 UTC 2018 /home/travis/build/icyphy/ptII/ptolemy/cg/lib/test/auto/ModularCodeGen3.xml
----------------- Instantiating /home/travis/build/icyphy/ptII/ptolemy/cg/lib/test/auto/ModularCodeGen3.xml
In "/home/travis/cg", about to execute:
    pwd
/home/travis/cg
In "/home/travis/cg", about to execute:
    ls -l
total 544
-rw-rw-r-- 1 travis travis  4895 Jul  8 01:40 CompiledCompositeActor_CompiledCompositeActor.class
-rw-rw-r-- 1 travis travis  1592 Jul  8 01:40 CompiledCompositeActor_CompiledCompositeActor$_CompiledCompositeActor_CompiledCompositeActor.class
-rw-rw-r-- 1 travis travis 13466 Jul  8 01:40 CompiledCompositeActor_CompiledCompositeActor.java
-rw-rw-r-- 1 travis travis  1593 Jul  8 01:40 CompiledCompositeActor_CompiledCompositeActor.mk
-rw-rw-r-- 1 travis travis  4457 Jul  8 01:40 JavaCompiledCompositeTest1_CompiledCompositeActor.class
-rw-rw-r-- 1 travis travis 11637 Jul  8 01:40 JavaCompiledCompositeTest1_CompiledCompositeActor.java
-rw-rw-r-- 1 travis travis  1198 Jul  8 01:40 JavaCompiledCompositeTest1_CompiledCompositeActor$_JavaCompiledCompositeTest1_CompiledCompositeActor.class
-rw-rw-r-- 1 travis travis  1625 Jul  8 01:40 JavaCompiledCompositeTest1_CompiledCompositeActor.mk
-rw-rw-r-- 1 travis travis  4888 Jul  8 01:40 JavaCompiledCompositeTest2_CompiledCompositeActor.class
-rw-rw-r-- 1 travis travis 14919 Jul  8 01:40 JavaCompiledCompositeTest2_CompiledCompositeActor.java
-rw-rw-r-- 1 travis travis  1793 Jul  8 01:40 JavaCompiledCompositeTest2_CompiledCompositeActor$_JavaCompiledCompositeTest2_CompiledCompositeActor.class
-rw-rw-r-- 1 travis travis  1625 Jul  8 01:40 JavaCompiledCompositeTest2_CompiledCompositeActor.mk
-rw-rw-r-- 1 travis travis  4505 Jul  8 01:40 JavaCompiledCompositeTest3_CompiledCompositeActor.class
-rw-rw-r-- 1 travis travis 13080 Jul  8 01:40 JavaCompiledCompositeTest3_CompiledCompositeActor.java
-rw-rw-r-- 1 travis travis  1378 Jul  8 01:40 JavaCompiledCompositeTest3_CompiledCompositeActor$_JavaCompiledCompositeTest3_CompiledCompositeActor.class
-rw-rw-r-- 1 travis travis  1625 Jul  8 01:40 JavaCompiledCompositeTest3_CompiledCompositeActor.mk
-rw-rw-r-- 1 travis travis  3953 Jul  8 01:40 JavaCompiledCompositeTest4_CompiledCompositeActor.class
-rw-rw-r-- 1 travis travis  9687 Jul  8 01:40 JavaCompiledCompositeTest4_CompiledCompositeActor.java
-rw-rw-r-- 1 travis travis   857 Jul  8 01:40 JavaCompiledCompositeTest4_CompiledCompositeActor$_JavaCompiledCompositeTest4_CompiledCompositeActor.class
-rw-rw-r-- 1 travis travis  1625 Jul  8 01:40 JavaCompiledCompositeTest4_CompiledCompositeActor.mk
-rw-rw-r-- 1 travis travis  3693 Jul  8 01:40 ModularCG_A1_B1.class
-rw-rw-r-- 1 travis travis  9730 Jul  8 01:40 ModularCG_A1_B1.java
-rw-rw-r-- 1 travis travis   832 Jul  8 01:40 ModularCG_A1_B1.mk
-rw-rw-r-- 1 travis travis  1318 Jul  8 01:40 ModularCG_A1_B1_profile.class
-rw-rw-r-- 1 travis travis  1262 Jul  8 01:40 ModularCG_A1_B1_profile.java
-rw-rw-r-- 1 travis travis  3693 Jul  8 01:40 ModularCG_A1_B2.class
-rw-rw-r-- 1 travis travis  9730 Jul  8 01:40 ModularCG_A1_B2.java
-rw-rw-r-- 1 travis travis   832 Jul  8 01:40 ModularCG_A1_B2.mk
-rw-rw-r-- 1 travis travis  1318 Jul  8 01:40 ModularCG_A1_B2_profile.class
-rw-rw-r-- 1 travis travis  1262 Jul  8 01:40 ModularCG_A1_B2_profile.java
-rw-rw-r-- 1 travis travis  4799 Jul  8 01:41 ModularCG_A1.class
-rw-rw-r-- 1 travis travis 14742 Jul  8 01:41 ModularCG_A1.java
-rw-rw-r-- 1 travis travis   808 Jul  8 01:41 ModularCG_A1.mk
-rw-rw-r-- 1 travis travis  1433 Jul  8 01:41 ModularCG_A1_profile.class
-rw-rw-r-- 1 travis travis  1704 Jul  8 01:40 ModularCG_A1_profile.java
-rw-rw-r-- 1 travis travis  3827 Jul  8 01:41 ModularCG_A2_B1.class
-rw-rw-r-- 1 travis travis 10667 Jul  8 01:41 ModularCG_A2_B1.java
-rw-rw-r-- 1 travis travis   832 Jul  8 01:41 ModularCG_A2_B1.mk
-rw-rw-r-- 1 travis travis  1381 Jul  8 01:41 ModularCG_A2_B1_profile.class
-rw-rw-r-- 1 travis travis  1446 Jul  8 01:41 ModularCG_A2_B1_profile.java
-rw-rw-r-- 1 travis travis  3693 Jul  8 01:41 ModularCG_A2_B2.class
-rw-rw-r-- 1 travis travis  9730 Jul  8 01:41 ModularCG_A2_B2.java
-rw-rw-r-- 1 travis travis   832 Jul  8 01:41 ModularCG_A2_B2.mk
-rw-rw-r-- 1 travis travis  1318 Jul  8 01:41 ModularCG_A2_B2_profile.class
-rw-rw-r-- 1 travis travis  1262 Jul  8 01:41 ModularCG_A2_B2_profile.java
-rw-rw-r-- 1 travis travis  4870 Jul  8 01:41 ModularCG_A2.class
-rw-rw-r-- 1 travis travis 15129 Jul  8 01:41 ModularCG_A2.java
-rw-rw-r-- 1 travis travis   808 Jul  8 01:41 ModularCG_A2.mk
-rw-rw-r-- 1 travis travis  1433 Jul  8 01:41 ModularCG_A2_profile.class
-rw-rw-r-- 1 travis travis  1704 Jul  8 01:41 ModularCG_A2_profile.java
-rw-rw-r-- 1 travis travis  3473 Jul  8 01:41 ModularCGPubSub_A1_A2.class
-rw-rw-r-- 1 travis travis  9076 Jul  8 01:41 ModularCGPubSub_A1_A2.java
-rw-rw-r-- 1 travis travis   880 Jul  8 01:41 ModularCGPubSub_A1_A2.mk
-rw-rw-r-- 1 travis travis  1300 Jul  8 01:41 ModularCGPubSub_A1_A2_profile.class
-rw-rw-r-- 1 travis travis  1222 Jul  8 01:41 ModularCGPubSub_A1_A2_profile.java
-rw-rw-r-- 1 travis travis  3790 Jul  8 01:41 ModularCGPubSub_A1.class
-rw-rw-r-- 1 travis travis  9836 Jul  8 01:41 ModularCGPubSub_A1.java
-rw-rw-r-- 1 travis travis   856 Jul  8 01:41 ModularCGPubSub_A1.mk
-rw-rw-r-- 1 travis travis  1346 Jul  8 01:41 ModularCGPubSub_A1_profile.class
-rw-rw-r-- 1 travis travis  1388 Jul  8 01:41 ModularCGPubSub_A1_profile.java
-rw-rw-r-- 1 travis travis  3988 Jul  8 01:41 ModularCodeGen2_ModularCodeGenTypedCompositeActor.class
-rw-rw-r-- 1 travis travis 11690 Jul  8 01:41 ModularCodeGen2_ModularCodeGenTypedCompositeActor.java
-rw-rw-r-- 1 travis travis  1104 Jul  8 01:41 ModularCodeGen2_ModularCodeGenTypedCompositeActor.mk
-rw-rw-r-- 1 travis travis  4272 Jul  8 01:41 ModularCodeGen2_ModularCodeGenTypedCompositeActor_ModularCodeGenTypedCompositeActor.class
-rw-rw-r-- 1 travis travis 11790 Jul  8 01:41 ModularCodeGen2_ModularCodeGenTypedCompositeActor_ModularCodeGenTypedCompositeActor.java
-rw-rw-r-- 1 travis travis  1376 Jul  8 01:41 ModularCodeGen2_ModularCodeGenTypedCompositeActor_ModularCodeGenTypedCompositeActor.mk
-rw-rw-r-- 1 travis travis  1421 Jul  8 01:41 ModularCodeGen2_ModularCodeGenTypedCompositeActor_ModularCodeGenTypedCompositeActor_profile.class
-rw-rw-r-- 1 travis travis  1294 Jul  8 01:41 ModularCodeGen2_ModularCodeGenTypedCompositeActor_ModularCodeGenTypedCompositeActor_profile.java
-rw-rw-r-- 1 travis travis   820 Jul  8 01:41 ModularCodeGen2_ModularCodeGenTypedCompositeActor_profile.class
-rw-rw-r-- 1 travis travis   693 Jul  8 01:41 ModularCodeGen2_ModularCodeGenTypedCompositeActor_profile.java
-rw-rw-r-- 1 travis travis  1274 Jul  8 01:41 ModularCodeGen3_A1_B1_profile.java
-rw-rw-r-- 1 travis travis  3954 Jul  8 01:41 ModularCodeGen_ModularCodeGenTypedCompositeActor.class
-rw-rw-r-- 1 travis travis 10970 Jul  8 01:41 ModularCodeGen_ModularCodeGenTypedCompositeActor.java
-rw-rw-r-- 1 travis travis  1096 Jul  8 01:41 ModularCodeGen_ModularCodeGenTypedCompositeActor.mk
-rw-rw-r-- 1 travis travis  1384 Jul  8 01:41 ModularCodeGen_ModularCodeGenTypedCompositeActor_profile.class
-rw-rw-r-- 1 travis travis  1328 Jul  8 01:41 ModularCodeGen_ModularCodeGenTypedCompositeActor_profile.java
-rw-rw-r-- 1 travis travis  3492 Jul  8 01:40 ModularCodeGenTest_A1_A2.class
-rw-rw-r-- 1 travis travis  9164 Jul  8 01:40 ModularCodeGenTest_A1_A2.java
-rw-rw-r-- 1 travis travis   904 Jul  8 01:40 ModularCodeGenTest_A1_A2.mk
-rw-rw-r-- 1 travis travis  1306 Jul  8 01:40 ModularCodeGenTest_A1_A2_profile.class
-rw-rw-r-- 1 travis travis  1228 Jul  8 01:40 ModularCodeGenTest_A1_A2_profile.java
-rw-rw-r-- 1 travis travis  3823 Jul  8 01:40 ModularCodeGenTest_A1.class
-rw-rw-r-- 1 travis travis  9968 Jul  8 01:40 ModularCodeGenTest_A1.java
-rw-rw-r-- 1 travis travis   880 Jul  8 01:40 ModularCodeGenTest_A1.mk
-rw-rw-r-- 1 travis travis  1352 Jul  8 01:40 ModularCodeGenTest_A1_profile.class
-rw-rw-r-- 1 travis travis  1394 Jul  8 01:40 ModularCodeGenTest_A1_profile.java
-rw-rw-r-- 1 travis travis   432 Jul  8 01:41 Token.class
-rw-rw-r-- 1 travis travis   251 Jul  8 01:41 Token.java
In "/home/travis/cg", about to execute:
    javac -classpath
.:/home/travis/build/icyphy/ptII:/home/travis/build/icyphy/ptII/lib/bsh-2.0b4.j
ar:/home/travis/build/icyphy/ptII/lib/ptCal.jar:/home/travis/build/icyphy/ptII/
lib/java_cup.jar:/home/travis/build/icyphy/ptII/lib/saxon8.jar:/home/travis/bui
ld/icyphy/ptII/lib/saxon8-dom.jar:/home/travis/build/icyphy/ptII/lib/chic.jar:/
home/travis/build/icyphy/ptII/lib/ptcolt.jar:/usr/lib/jvm/java-8-oracle/lib/too
ls.jar:/usr/lib/eclipse/plugins/org.eclipse.jdt.core_3.8.2.dist.jar:/usr/lib/ec
lipse/plugins/org.eclipse.core.runtime_3.8.0.dist.jar:/usr/lib/eclipse/plugins/
org.eclipse.osgi_3.8.1.dist.jar:/usr/lib/eclipse/plugins/org.eclipse.core.resou
rces_3.8.1.dist.jar:/usr/lib/eclipse/plugins/org.eclipse.equinox.common_3.6.100
.dist.jar:/usr/lib/eclipse/plugins/org.eclipse.core.jobs_3.5.200.dist.jar:/usr/
lib/eclipse/plugins/org.eclipse.core.contenttype_3.4.200.dist.jar:/usr/lib/ecli
pse/plugins/org.eclipse.equinox.preferences_3.5.0.dist.jar:/usr/lib/eclipse/plu
gins/org.eclipse.text_3.5.200.dist.jar:/usr/lib/eclipse/plugins/org.eclipse.ui.
workbench_3.8.1.dist.jar:/usr/lib/eclipse/plugins/org.eclipse.jface_3.8.0.dist.
jar:/usr/lib/eclipse/plugins/org.eclipse.swt_3.8.2.jar:/usr/lib/eclipse/plugins
/org.eclipse.jface.text_3.8.1.dist.jar:/usr/lib/eclipse/plugins/org.eclipse.ui.
workbench.texteditor_3.8.0.dist.jar:/usr/lib/eclipse/plugins/org.eclipse.ui.edi
tors_3.8.0.dist.jar:/usr/lib/eclipse/plugins/org.eclipse.core.commands_3.6.1.di
st.jar:/usr/lib/eclipse/plugins/org.eclipse.equinox.registry_3.5.200.dist.jar:/
usr/lib/eclipse/plugins/org.eclipse.ui.console_3.5.100.dist.jar:/usr/lib/eclips
e/plugins/org.eclipse.ui.forms_3.5.200.dist.jar:/usr/lib/eclipse/plugins/org.ec
lipse.ui.ide_3.8.1.dist.jar:/home/travis/build/icyphy/ptII/vendors/oracle/dbxml
.jar:/home/travis/build/icyphy/ptII/vendors/oracle/db.jar:/home/travis/build/ic
yphy/ptII/vendors/misc/itext/iText.jar:/home/travis/build/icyphy/ptII/lib/g4ltl
.jar:/home/travis/build/icyphy/ptII/lib/StructuralCoder.jar:/home/travis/build/
icyphy/ptII/lib/org-openide-util.jar:/home/travis/build/icyphy/ptII/lib/org-ope
nide-util-lookup.jar:/home/travis/build/icyphy/ptII/lib/org-netbeans-api-visual
.jar:/home/travis/build/icyphy/ptII/vendors/jai-1_1_2_01/lib/jai_core.jar:/home
/travis/build/icyphy/ptII/vendors/jai-1_1_2_01/lib/jai_codec.jar:/home/travis/b
uild/icyphy/ptII/lib/jcerti.jar:/home/travis/build/icyphy/ptII/lib/smack.jar:/h
ome/travis/build/icyphy/ptII/lib/smackx.jar:/home/travis/build/icyphy/ptII/lib/
jetty-all-8.1.5-v20120716.jar:/home/travis/build/icyphy/ptII/lib/javax.servlet-
api-3.0.1.jar:/home/travis/build/icyphy/ptII/lib/javax.mail.jar:/home/travis/bu
ild/icyphy/ptII/vendors/JMF-2.1.1e/lib/jmf.jar:/home/travis/build/icyphy/ptII/l
ib/jna-4.0.0-variadic.jar:/home/travis/build/icyphy/ptII/vendors/misc/joystick/
Joystick.jar:/home/travis/build/icyphy/ptII/lib/ptjacl.jar:/home/travis/build/i
cyphy/ptII/lib/jsoup-1.8.2.jar:/home/travis/build/icyphy/ptII/lib/junit-4.8.2.j
ar:/home/travis/build/icyphy/ptII/lib/JUnitParams-0.4.0.jar:/home/travis/build/
icyphy/ptII/ptolemy/actor/lib/excel/jxl.jar:/home/travis/build/icyphy/ptII/lib/
jython.jar:/home/travis/build/icyphy/ptII/lib/kieler.jar:/home/travis/build/icy
phy/ptII/vendors/opencv/share/OpenCV/java/opencv-341.jar:/home/travis/build/icy
phy/ptII/lib/oscP5.jar:/home/travis/build/icyphy/ptII/lib/nrjavaserial-3.11.0.d
evel.jar:/home/travis/build/icyphy/ptII/vendors/j3d/lib/j3dcore.jar:/home/travi
s/build/icyphy/ptII/vendors/j3d/lib/j3dutils.jar:/home/travis/build/icyphy/ptII
/vendors/j3d/lib/vecmath.jar:/home/travis/build/icyphy/ptII/ptolemy/distributed
/jini/jar/jini-core.jar:/home/travis/build/icyphy/ptII/ptolemy/distributed/jini
/jar/jini-ext.jar:/home/travis/build/icyphy/ptII/ptolemy/distributed/jini/jar/s
un-util.jar:/home/travis/build/icyphy/ptII/lib/protobuf-java-2.4.1.jar:/home/tr
avis/build/icyphy/ptII/lib/org.eclipse.paho.client.mqttv3.jar:/home/travis/buil
d/icyphy/ptII/ptserver/lib/hessian-4.0.7.jar:/home/travis/build/icyphy/ptII/pts
erver/lib/wmqtt.jar:/home/travis/build/icyphy/ptII/lib/mapss.jar:/home/travis/b
uild/icyphy/ptII/ptolemy/actor/ptalon/antlr/antlr.jar:/home/travis/build/icyphy
/ptII/lib/JRI.jar:/home/travis/build/icyphy/ptII/lib/commons-lang-2.6.jar:/home
/travis/build/icyphy/ptII/lib/commons-logging-1.1.1.jar:/home/travis/build/icyp
hy/ptII/lib/sootclasses.jar:/home/travis/build/icyphy/ptII/ptolemy/actor/lib/da
tabase/mysql-connector-java-5.1.6-bin.jar:/home/travis/build/icyphy/ptII/vendor
s/misc/sphinx4/sphinx4-data-5prealpha.jar:/home/travis/build/icyphy/ptII/vendor
s/misc/sphinx4/sphinx4-core-5prealpha.jar:/home/travis/build/icyphy/ptII/lib/PD
FRenderer.jar:/home/travis/build/icyphy/ptII/lib/svgSalamander.jar:/home/travis
/build/icyphy/ptII/lib/rsyntaxtextarea-2.6.0-SNAPSHOT.jar:/home/travis/build/ic
yphy/ptII/lib/hazelcast-3.8.2.jar:/home/travis/build/icyphy/ptII/lib/jackson-an
notations-2.9.0.jar:/home/travis/build/icyphy/ptII/lib/jackson-core-2.9.3.jar:/
home/travis/build/icyphy/ptII/lib/jackson-databind-2.9.3.jar:/home/travis/build
/icyphy/ptII/lib/netty-buffer-4.1.19.Final.jar:/home/travis/build/icyphy/ptII/l
ib/netty-codec-4.1.19.Final.jar:/home/travis/build/icyphy/ptII/lib/netty-codec-
dns-4.1.19.Final.jar:/home/travis/build/icyphy/ptII/lib/netty-codec-http-4.1.19
.Final.jar:/home/travis/build/icyphy/ptII/lib/netty-codec-http2-4.1.19.Final.ja
r:/home/travis/build/icyphy/ptII/lib/netty-common-4.1.19.Final.jar:/home/travis
/build/icyphy/ptII/lib/netty-handler-4.1.19.Final.jar:/home/travis/build/icyphy
/ptII/lib/netty-resolver-4.1.19.Final.jar:/home/travis/build/icyphy/ptII/lib/ne
tty-resolver-dns-4.1.19.Final.jar:/home/travis/build/icyphy/ptII/lib/netty-tran
sport-4.1.19.Final.jar:/home/travis/build/icyphy/ptII/lib/vertx-codegen-3.5.1.j
ar:/home/travis/build/icyphy/ptII/lib/vertx-core-3.5.2-SNAPSHOT.jar:/home/travi
s/build/icyphy/ptII/lib/vertx-hazelcast-3.5.1.jar:/home/travis/build/icyphy/ptI
I/lib/vertx-lang-js-3.5.1.jar:/home/travis/build/icyphy/ptII/lib/vertx-service-
proxy-3.5.1.jar:/home/travis/build/icyphy/ptII/lib/vertx-web-3.5.1.jar:/home/tr
avis/build/icyphy/ptII/lib/slf4j-api-1.7.13.jar:/home/travis/build/icyphy/ptII/
lib/slf4j-simple-1.7.13.jar:/home/travis/build/icyphy/ptII/lib/webcam-capture-0
.3.12.jar:/home/travis/build/icyphy/ptII/lib/bridj-0.7.0.jar:/home/travis/build
/icyphy/ptII/lib/xbjlib-1.1.0.nrjavaserial.jar:/home/travis/build/icyphy/ptII/p
tolemy/moml/test:/home/travis/build/icyphy/ptII/ant/lib/ant-launcher.jar:/home/
travis/build/icyphy/ptII/ant/lib/ant.jar:/home/travis/build/icyphy/ptII/ant/lib
/ant-junit.jar:/home/travis/build/icyphy/ptII/ant/lib/ant-junit4.jar:/home/trav
is/build/icyphy/ptII ModularCodeGen3_A1_B1_profile.java
warning: Supported source version 'RELEASE_6' from annotation processor 'org.netbeans.modules.openide.util.NbBundleProcessor' less than -source '1.8'
warning: Supported source version 'RELEASE_6' from annotation processor 'org.netbeans.modules.openide.util.URLStreamHandlerRegistrationProcessor' less than -source '1.8'
warning: Supported source version 'RELEASE_6' from annotation processor 'org.netbeans.modules.openide.util.ServiceProviderProcessor' less than -source '1.8'
3 warnings
All Done
Writing ModularCodeGen3_A1_B1.java in file:/home/travis/cg/ (9958 characters)
Reading "ptolemy/cg/kernel/generic/program/procedural/java/modular/makefile.in",
    writing "/home/travis/cg/ModularCodeGen3_A1_B1.mk"
Using ptolemy/cg/kernel/generic/program/procedural/java/modular/makefile.in
In "/home/travis/cg", about to execute:
    make -f ModularCodeGen3_A1_B1.mk
javac -classpath ".:.."    ModularCodeGen3_A1_B1.java
All Done
In "/home/travis/cg", about to execute:
    pwd
/home/travis/cg
In "/home/travis/cg", about to execute:
    ls -l
total 572
-rw-rw-r-- 1 travis travis  4895 Jul  8 01:40 CompiledCompositeActor_CompiledCompositeActor.class
-rw-rw-r-- 1 travis travis  1592 Jul  8 01:40 CompiledCompositeActor_CompiledCompositeActor$_CompiledCompositeActor_CompiledCompositeActor.class
-rw-rw-r-- 1 travis travis 13466 Jul  8 01:40 CompiledCompositeActor_CompiledCompositeActor.java
-rw-rw-r-- 1 travis travis  1593 Jul  8 01:40 CompiledCompositeActor_CompiledCompositeActor.mk
-rw-rw-r-- 1 travis travis  4457 Jul  8 01:40 JavaCompiledCompositeTest1_CompiledCompositeActor.class
-rw-rw-r-- 1 travis travis 11637 Jul  8 01:40 JavaCompiledCompositeTest1_CompiledCompositeActor.java
-rw-rw-r-- 1 travis travis  1198 Jul  8 01:40 JavaCompiledCompositeTest1_CompiledCompositeActor$_JavaCompiledCompositeTest1_CompiledCompositeActor.class
-rw-rw-r-- 1 travis travis  1625 Jul  8 01:40 JavaCompiledCompositeTest1_CompiledCompositeActor.mk
-rw-rw-r-- 1 travis travis  4888 Jul  8 01:40 JavaCompiledCompositeTest2_CompiledCompositeActor.class
-rw-rw-r-- 1 travis travis 14919 Jul  8 01:40 JavaCompiledCompositeTest2_CompiledCompositeActor.java
-rw-rw-r-- 1 travis travis  1793 Jul  8 01:40 JavaCompiledCompositeTest2_CompiledCompositeActor$_JavaCompiledCompositeTest2_CompiledCompositeActor.class
-rw-rw-r-- 1 travis travis  1625 Jul  8 01:40 JavaCompiledCompositeTest2_CompiledCompositeActor.mk
-rw-rw-r-- 1 travis travis  4505 Jul  8 01:40 JavaCompiledCompositeTest3_CompiledCompositeActor.class
-rw-rw-r-- 1 travis travis 13080 Jul  8 01:40 JavaCompiledCompositeTest3_CompiledCompositeActor.java
-rw-rw-r-- 1 travis travis  1378 Jul  8 01:40 JavaCompiledCompositeTest3_CompiledCompositeActor$_JavaCompiledCompositeTest3_CompiledCompositeActor.class
-rw-rw-r-- 1 travis travis  1625 Jul  8 01:40 JavaCompiledCompositeTest3_CompiledCompositeActor.mk
-rw-rw-r-- 1 travis travis  3953 Jul  8 01:40 JavaCompiledCompositeTest4_CompiledCompositeActor.class
-rw-rw-r-- 1 travis travis  9687 Jul  8 01:40 JavaCompiledCompositeTest4_CompiledCompositeActor.java
-rw-rw-r-- 1 travis travis   857 Jul  8 01:40 JavaCompiledCompositeTest4_CompiledCompositeActor$_JavaCompiledCompositeTest4_CompiledCompositeActor.class
-rw-rw-r-- 1 travis travis  1625 Jul  8 01:40 JavaCompiledCompositeTest4_CompiledCompositeActor.mk
-rw-rw-r-- 1 travis travis  3693 Jul  8 01:40 ModularCG_A1_B1.class
-rw-rw-r-- 1 travis travis  9730 Jul  8 01:40 ModularCG_A1_B1.java
-rw-rw-r-- 1 travis travis   832 Jul  8 01:40 ModularCG_A1_B1.mk
-rw-rw-r-- 1 travis travis  1318 Jul  8 01:40 ModularCG_A1_B1_profile.class
-rw-rw-r-- 1 travis travis  1262 Jul  8 01:40 ModularCG_A1_B1_profile.java
-rw-rw-r-- 1 travis travis  3693 Jul  8 01:40 ModularCG_A1_B2.class
-rw-rw-r-- 1 travis travis  9730 Jul  8 01:40 ModularCG_A1_B2.java
-rw-rw-r-- 1 travis travis   832 Jul  8 01:40 ModularCG_A1_B2.mk
-rw-rw-r-- 1 travis travis  1318 Jul  8 01:40 ModularCG_A1_B2_profile.class
-rw-rw-r-- 1 travis travis  1262 Jul  8 01:40 ModularCG_A1_B2_profile.java
-rw-rw-r-- 1 travis travis  4799 Jul  8 01:41 ModularCG_A1.class
-rw-rw-r-- 1 travis travis 14742 Jul  8 01:41 ModularCG_A1.java
-rw-rw-r-- 1 travis travis   808 Jul  8 01:41 ModularCG_A1.mk
-rw-rw-r-- 1 travis travis  1433 Jul  8 01:41 ModularCG_A1_profile.class
-rw-rw-r-- 1 travis travis  1704 Jul  8 01:40 ModularCG_A1_profile.java
-rw-rw-r-- 1 travis travis  3827 Jul  8 01:41 ModularCG_A2_B1.class
-rw-rw-r-- 1 travis travis 10667 Jul  8 01:41 ModularCG_A2_B1.java
-rw-rw-r-- 1 travis travis   832 Jul  8 01:41 ModularCG_A2_B1.mk
-rw-rw-r-- 1 travis travis  1381 Jul  8 01:41 ModularCG_A2_B1_profile.class
-rw-rw-r-- 1 travis travis  1446 Jul  8 01:41 ModularCG_A2_B1_profile.java
-rw-rw-r-- 1 travis travis  3693 Jul  8 01:41 ModularCG_A2_B2.class
-rw-rw-r-- 1 travis travis  9730 Jul  8 01:41 ModularCG_A2_B2.java
-rw-rw-r-- 1 travis travis   832 Jul  8 01:41 ModularCG_A2_B2.mk
-rw-rw-r-- 1 travis travis  1318 Jul  8 01:41 ModularCG_A2_B2_profile.class
-rw-rw-r-- 1 travis travis  1262 Jul  8 01:41 ModularCG_A2_B2_profile.java
-rw-rw-r-- 1 travis travis  4870 Jul  8 01:41 ModularCG_A2.class
-rw-rw-r-- 1 travis travis 15129 Jul  8 01:41 ModularCG_A2.java
-rw-rw-r-- 1 travis travis   808 Jul  8 01:41 ModularCG_A2.mk
-rw-rw-r-- 1 travis travis  1433 Jul  8 01:41 ModularCG_A2_profile.class
-rw-rw-r-- 1 travis travis  1704 Jul  8 01:41 ModularCG_A2_profile.java
-rw-rw-r-- 1 travis travis  3473 Jul  8 01:41 ModularCGPubSub_A1_A2.class
-rw-rw-r-- 1 travis travis  9076 Jul  8 01:41 ModularCGPubSub_A1_A2.java
-rw-rw-r-- 1 travis travis   880 Jul  8 01:41 ModularCGPubSub_A1_A2.mk
-rw-rw-r-- 1 travis travis  1300 Jul  8 01:41 ModularCGPubSub_A1_A2_profile.class
-rw-rw-r-- 1 travis travis  1222 Jul  8 01:41 ModularCGPubSub_A1_A2_profile.java
-rw-rw-r-- 1 travis travis  3790 Jul  8 01:41 ModularCGPubSub_A1.class
-rw-rw-r-- 1 travis travis  9836 Jul  8 01:41 ModularCGPubSub_A1.java
-rw-rw-r-- 1 travis travis   856 Jul  8 01:41 ModularCGPubSub_A1.mk
-rw-rw-r-- 1 travis travis  1346 Jul  8 01:41 ModularCGPubSub_A1_profile.class
-rw-rw-r-- 1 travis travis  1388 Jul  8 01:41 ModularCGPubSub_A1_profile.java
-rw-rw-r-- 1 travis travis  3988 Jul  8 01:41 ModularCodeGen2_ModularCodeGenTypedCompositeActor.class
-rw-rw-r-- 1 travis travis 11690 Jul  8 01:41 ModularCodeGen2_ModularCodeGenTypedCompositeActor.java
-rw-rw-r-- 1 travis travis  1104 Jul  8 01:41 ModularCodeGen2_ModularCodeGenTypedCompositeActor.mk
-rw-rw-r-- 1 travis travis  4272 Jul  8 01:41 ModularCodeGen2_ModularCodeGenTypedCompositeActor_ModularCodeGenTypedCompositeActor.class
-rw-rw-r-- 1 travis travis 11790 Jul  8 01:41 ModularCodeGen2_ModularCodeGenTypedCompositeActor_ModularCodeGenTypedCompositeActor.java
-rw-rw-r-- 1 travis travis  1376 Jul  8 01:41 ModularCodeGen2_ModularCodeGenTypedCompositeActor_ModularCodeGenTypedCompositeActor.mk
-rw-rw-r-- 1 travis travis  1421 Jul  8 01:41 ModularCodeGen2_ModularCodeGenTypedCompositeActor_ModularCodeGenTypedCompositeActor_profile.class
-rw-rw-r-- 1 travis travis  1294 Jul  8 01:41 ModularCodeGen2_ModularCodeGenTypedCompositeActor_ModularCodeGenTypedCompositeActor_profile.java
-rw-rw-r-- 1 travis travis   820 Jul  8 01:41 ModularCodeGen2_ModularCodeGenTypedCompositeActor_profile.class
-rw-rw-r-- 1 travis travis   693 Jul  8 01:41 ModularCodeGen2_ModularCodeGenTypedCompositeActor_profile.java
-rw-rw-r-- 1 travis travis  3741 Jul  8 01:41 ModularCodeGen3_A1_B1.class
-rw-rw-r-- 1 travis travis  9958 Jul  8 01:41 ModularCodeGen3_A1_B1.java
-rw-rw-r-- 1 travis travis   880 Jul  8 01:41 ModularCodeGen3_A1_B1.mk
-rw-rw-r-- 1 travis travis  1330 Jul  8 01:41 ModularCodeGen3_A1_B1_profile.class
-rw-rw-r-- 1 travis travis  1274 Jul  8 01:41 ModularCodeGen3_A1_B1_profile.java
-rw-rw-r-- 1 travis travis  1274 Jul  8 01:41 ModularCodeGen3_A1_B2_profile.java
-rw-rw-r-- 1 travis travis  3954 Jul  8 01:41 ModularCodeGen_ModularCodeGenTypedCompositeActor.class
-rw-rw-r-- 1 travis travis 10970 Jul  8 01:41 ModularCodeGen_ModularCodeGenTypedCompositeActor.java
-rw-rw-r-- 1 travis travis  1096 Jul  8 01:41 ModularCodeGen_ModularCodeGenTypedCompositeActor.mk
-rw-rw-r-- 1 travis travis  1384 Jul  8 01:41 ModularCodeGen_ModularCodeGenTypedCompositeActor_profile.class
-rw-rw-r-- 1 travis travis  1328 Jul  8 01:41 ModularCodeGen_ModularCodeGenTypedCompositeActor_profile.java
-rw-rw-r-- 1 travis travis  3492 Jul  8 01:40 ModularCodeGenTest_A1_A2.class
-rw-rw-r-- 1 travis travis  9164 Jul  8 01:40 ModularCodeGenTest_A1_A2.java
-rw-rw-r-- 1 travis travis   904 Jul  8 01:40 ModularCodeGenTest_A1_A2.mk
-rw-rw-r-- 1 travis travis  1306 Jul  8 01:40 ModularCodeGenTest_A1_A2_profile.class
-rw-rw-r-- 1 travis travis  1228 Jul  8 01:40 ModularCodeGenTest_A1_A2_profile.java
-rw-rw-r-- 1 travis travis  3823 Jul  8 01:40 ModularCodeGenTest_A1.class
-rw-rw-r-- 1 travis travis  9968 Jul  8 01:40 ModularCodeGenTest_A1.java
-rw-rw-r-- 1 travis travis   880 Jul  8 01:40 ModularCodeGenTest_A1.mk
-rw-rw-r-- 1 travis travis  1352 Jul  8 01:40 ModularCodeGenTest_A1_profile.class
-rw-rw-r-- 1 travis travis  1394 Jul  8 01:40 ModularCodeGenTest_A1_profile.java
-rw-rw-r-- 1 travis travis   432 Jul  8 01:41 Token.class
-rw-rw-r-- 1 travis travis   251 Jul  8 01:41 Token.java
In "/home/travis/cg", about to execute:
    javac -classpath
.:/home/travis/build/icyphy/ptII:/home/travis/build/icyphy/ptII/lib/bsh-2.0b4.j
ar:/home/travis/build/icyphy/ptII/lib/ptCal.jar:/home/travis/build/icyphy/ptII/
lib/java_cup.jar:/home/travis/build/icyphy/ptII/lib/saxon8.jar:/home/travis/bui
ld/icyphy/ptII/lib/saxon8-dom.jar:/home/travis/build/icyphy/ptII/lib/chic.jar:/
home/travis/build/icyphy/ptII/lib/ptcolt.jar:/usr/lib/jvm/java-8-oracle/lib/too
ls.jar:/usr/lib/eclipse/plugins/org.eclipse.jdt.core_3.8.2.dist.jar:/usr/lib/ec
lipse/plugins/org.eclipse.core.runtime_3.8.0.dist.jar:/usr/lib/eclipse/plugins/
org.eclipse.osgi_3.8.1.dist.jar:/usr/lib/eclipse/plugins/org.eclipse.core.resou
rces_3.8.1.dist.jar:/usr/lib/eclipse/plugins/org.eclipse.equinox.common_3.6.100
.dist.jar:/usr/lib/eclipse/plugins/org.eclipse.core.jobs_3.5.200.dist.jar:/usr/
lib/eclipse/plugins/org.eclipse.core.contenttype_3.4.200.dist.jar:/usr/lib/ecli
pse/plugins/org.eclipse.equinox.preferences_3.5.0.dist.jar:/usr/lib/eclipse/plu
gins/org.eclipse.text_3.5.200.dist.jar:/usr/lib/eclipse/plugins/org.eclipse.ui.
workbench_3.8.1.dist.jar:/usr/lib/eclipse/plugins/org.eclipse.jface_3.8.0.dist.
jar:/usr/lib/eclipse/plugins/org.eclipse.swt_3.8.2.jar:/usr/lib/eclipse/plugins
/org.eclipse.jface.text_3.8.1.dist.jar:/usr/lib/eclipse/plugins/org.eclipse.ui.
workbench.texteditor_3.8.0.dist.jar:/usr/lib/eclipse/plugins/org.eclipse.ui.edi
tors_3.8.0.dist.jar:/usr/lib/eclipse/plugins/org.eclipse.core.commands_3.6.1.di
st.jar:/usr/lib/eclipse/plugins/org.eclipse.equinox.registry_3.5.200.dist.jar:/
usr/lib/eclipse/plugins/org.eclipse.ui.console_3.5.100.dist.jar:/usr/lib/eclips
e/plugins/org.eclipse.ui.forms_3.5.200.dist.jar:/usr/lib/eclipse/plugins/org.ec
lipse.ui.ide_3.8.1.dist.jar:/home/travis/build/icyphy/ptII/vendors/oracle/dbxml
.jar:/home/travis/build/icyphy/ptII/vendors/oracle/db.jar:/home/travis/build/ic
yphy/ptII/vendors/misc/itext/iText.jar:/home/travis/build/icyphy/ptII/lib/g4ltl
.jar:/home/travis/build/icyphy/ptII/lib/StructuralCoder.jar:/home/travis/build/
icyphy/ptII/lib/org-openide-util.jar:/home/travis/build/icyphy/ptII/lib/org-ope
nide-util-lookup.jar:/home/travis/build/icyphy/ptII/lib/org-netbeans-api-visual
.jar:/home/travis/build/icyphy/ptII/vendors/jai-1_1_2_01/lib/jai_core.jar:/home
/travis/build/icyphy/ptII/vendors/jai-1_1_2_01/lib/jai_codec.jar:/home/travis/b
uild/icyphy/ptII/lib/jcerti.jar:/home/travis/build/icyphy/ptII/lib/smack.jar:/h
ome/travis/build/icyphy/ptII/lib/smackx.jar:/home/travis/build/icyphy/ptII/lib/
jetty-all-8.1.5-v20120716.jar:/home/travis/build/icyphy/ptII/lib/javax.servlet-
api-3.0.1.jar:/home/travis/build/icyphy/ptII/lib/javax.mail.jar:/home/travis/bu
ild/icyphy/ptII/vendors/JMF-2.1.1e/lib/jmf.jar:/home/travis/build/icyphy/ptII/l
ib/jna-4.0.0-variadic.jar:/home/travis/build/icyphy/ptII/vendors/misc/joystick/
Joystick.jar:/home/travis/build/icyphy/ptII/lib/ptjacl.jar:/home/travis/build/i
cyphy/ptII/lib/jsoup-1.8.2.jar:/home/travis/build/icyphy/ptII/lib/junit-4.8.2.j
ar:/home/travis/build/icyphy/ptII/lib/JUnitParams-0.4.0.jar:/home/travis/build/
icyphy/ptII/ptolemy/actor/lib/excel/jxl.jar:/home/travis/build/icyphy/ptII/lib/
jython.jar:/home/travis/build/icyphy/ptII/lib/kieler.jar:/home/travis/build/icy
phy/ptII/vendors/opencv/share/OpenCV/java/opencv-341.jar:/home/travis/build/icy
phy/ptII/lib/oscP5.jar:/home/travis/build/icyphy/ptII/lib/nrjavaserial-3.11.0.d
evel.jar:/home/travis/build/icyphy/ptII/vendors/j3d/lib/j3dcore.jar:/home/travi
s/build/icyphy/ptII/vendors/j3d/lib/j3dutils.jar:/home/travis/build/icyphy/ptII
/vendors/j3d/lib/vecmath.jar:/home/travis/build/icyphy/ptII/ptolemy/distributed
/jini/jar/jini-core.jar:/home/travis/build/icyphy/ptII/ptolemy/distributed/jini
/jar/jini-ext.jar:/home/travis/build/icyphy/ptII/ptolemy/distributed/jini/jar/s
un-util.jar:/home/travis/build/icyphy/ptII/lib/protobuf-java-2.4.1.jar:/home/tr
avis/build/icyphy/ptII/lib/org.eclipse.paho.client.mqttv3.jar:/home/travis/buil
d/icyphy/ptII/ptserver/lib/hessian-4.0.7.jar:/home/travis/build/icyphy/ptII/pts
erver/lib/wmqtt.jar:/home/travis/build/icyphy/ptII/lib/mapss.jar:/home/travis/b
uild/icyphy/ptII/ptolemy/actor/ptalon/antlr/antlr.jar:/home/travis/build/icyphy
/ptII/lib/JRI.jar:/home/travis/build/icyphy/ptII/lib/commons-lang-2.6.jar:/home
/travis/build/icyphy/ptII/lib/commons-logging-1.1.1.jar:/home/travis/build/icyp
hy/ptII/lib/sootclasses.jar:/home/travis/build/icyphy/ptII/ptolemy/actor/lib/da
tabase/mysql-connector-java-5.1.6-bin.jar:/home/travis/build/icyphy/ptII/vendor
s/misc/sphinx4/sphinx4-data-5prealpha.jar:/home/travis/build/icyphy/ptII/vendor
s/misc/sphinx4/sphinx4-core-5prealpha.jar:/home/travis/build/icyphy/ptII/lib/PD
FRenderer.jar:/home/travis/build/icyphy/ptII/lib/svgSalamander.jar:/home/travis
/build/icyphy/ptII/lib/rsyntaxtextarea-2.6.0-SNAPSHOT.jar:/home/travis/build/ic
yphy/ptII/lib/hazelcast-3.8.2.jar:/home/travis/build/icyphy/ptII/lib/jackson-an
notations-2.9.0.jar:/home/travis/build/icyphy/ptII/lib/jackson-core-2.9.3.jar:/
home/travis/build/icyphy/ptII/lib/jackson-databind-2.9.3.jar:/home/travis/build
/icyphy/ptII/lib/netty-buffer-4.1.19.Final.jar:/home/travis/build/icyphy/ptII/l
ib/netty-codec-4.1.19.Final.jar:/home/travis/build/icyphy/ptII/lib/netty-codec-
dns-4.1.19.Final.jar:/home/travis/build/icyphy/ptII/lib/netty-codec-http-4.1.19
.Final.jar:/home/travis/build/icyphy/ptII/lib/netty-codec-http2-4.1.19.Final.ja
r:/home/travis/build/icyphy/ptII/lib/netty-common-4.1.19.Final.jar:/home/travis
/build/icyphy/ptII/lib/netty-handler-4.1.19.Final.jar:/home/travis/build/icyphy
/ptII/lib/netty-resolver-4.1.19.Final.jar:/home/travis/build/icyphy/ptII/lib/ne
tty-resolver-dns-4.1.19.Final.jar:/home/travis/build/icyphy/ptII/lib/netty-tran
sport-4.1.19.Final.jar:/home/travis/build/icyphy/ptII/lib/vertx-codegen-3.5.1.j
ar:/home/travis/build/icyphy/ptII/lib/vertx-core-3.5.2-SNAPSHOT.jar:/home/travi
s/build/icyphy/ptII/lib/vertx-hazelcast-3.5.1.jar:/home/travis/build/icyphy/ptI
I/lib/vertx-lang-js-3.5.1.jar:/home/travis/build/icyphy/ptII/lib/vertx-service-
proxy-3.5.1.jar:/home/travis/build/icyphy/ptII/lib/vertx-web-3.5.1.jar:/home/tr
avis/build/icyphy/ptII/lib/slf4j-api-1.7.13.jar:/home/travis/build/icyphy/ptII/
lib/slf4j-simple-1.7.13.jar:/home/travis/build/icyphy/ptII/lib/webcam-capture-0
.3.12.jar:/home/travis/build/icyphy/ptII/lib/bridj-0.7.0.jar:/home/travis/build
/icyphy/ptII/lib/xbjlib-1.1.0.nrjavaserial.jar:/home/travis/build/icyphy/ptII/p
tolemy/moml/test:/home/travis/build/icyphy/ptII/ant/lib/ant-launcher.jar:/home/
travis/build/icyphy/ptII/ant/lib/ant.jar:/home/travis/build/icyphy/ptII/ant/lib
/ant-junit.jar:/home/travis/build/icyphy/ptII/ant/lib/ant-junit4.jar:/home/trav
is/build/icyphy/ptII ModularCodeGen3_A1_B2_profile.java
warning: Supported source version 'RELEASE_6' from annotation processor 'org.netbeans.modules.openide.util.NbBundleProcessor' less than -source '1.8'
warning: Supported source version 'RELEASE_6' from annotation processor 'org.netbeans.modules.openide.util.URLStreamHandlerRegistrationProcessor' less than -source '1.8'
warning: Supported source version 'RELEASE_6' from annotation processor 'org.netbeans.modules.openide.util.ServiceProviderProcessor' less than -source '1.8'
3 warnings
All Done
Writing ModularCodeGen3_A1_B2.java in file:/home/travis/cg/ (9958 characters)
Reading "ptolemy/cg/kernel/generic/program/procedural/java/modular/makefile.in",
    writing "/home/travis/cg/ModularCodeGen3_A1_B2.mk"
Using ptolemy/cg/kernel/generic/program/procedural/java/modular/makefile.in
In "/home/travis/cg", about to execute:
    make -f ModularCodeGen3_A1_B2.mk
javac -classpath ".:.."    ModularCodeGen3_A1_B2.java
All Done
In "/home/travis/cg", about to execute:
    pwd
/home/travis/cg
In "/home/travis/cg", about to execute:
    ls -l
total 600
-rw-rw-r-- 1 travis travis  4895 Jul  8 01:40 CompiledCompositeActor_CompiledCompositeActor.class
-rw-rw-r-- 1 travis travis  1592 Jul  8 01:40 CompiledCompositeActor_CompiledCompositeActor$_CompiledCompositeActor_CompiledCompositeActor.class
-rw-rw-r-- 1 travis travis 13466 Jul  8 01:40 CompiledCompositeActor_CompiledCompositeActor.java
-rw-rw-r-- 1 travis travis  1593 Jul  8 01:40 CompiledCompositeActor_CompiledCompositeActor.mk
-rw-rw-r-- 1 travis travis  4457 Jul  8 01:40 JavaCompiledCompositeTest1_CompiledCompositeActor.class
-rw-rw-r-- 1 travis travis 11637 Jul  8 01:40 JavaCompiledCompositeTest1_CompiledCompositeActor.java
-rw-rw-r-- 1 travis travis  1198 Jul  8 01:40 JavaCompiledCompositeTest1_CompiledCompositeActor$_JavaCompiledCompositeTest1_CompiledCompositeActor.class
-rw-rw-r-- 1 travis travis  1625 Jul  8 01:40 JavaCompiledCompositeTest1_CompiledCompositeActor.mk
-rw-rw-r-- 1 travis travis  4888 Jul  8 01:40 JavaCompiledCompositeTest2_CompiledCompositeActor.class
-rw-rw-r-- 1 travis travis 14919 Jul  8 01:40 JavaCompiledCompositeTest2_CompiledCompositeActor.java
-rw-rw-r-- 1 travis travis  1793 Jul  8 01:40 JavaCompiledCompositeTest2_CompiledCompositeActor$_JavaCompiledCompositeTest2_CompiledCompositeActor.class
-rw-rw-r-- 1 travis travis  1625 Jul  8 01:40 JavaCompiledCompositeTest2_CompiledCompositeActor.mk
-rw-rw-r-- 1 travis travis  4505 Jul  8 01:40 JavaCompiledCompositeTest3_CompiledCompositeActor.class
-rw-rw-r-- 1 travis travis 13080 Jul  8 01:40 JavaCompiledCompositeTest3_CompiledCompositeActor.java
-rw-rw-r-- 1 travis travis  1378 Jul  8 01:40 JavaCompiledCompositeTest3_CompiledCompositeActor$_JavaCompiledCompositeTest3_CompiledCompositeActor.class
-rw-rw-r-- 1 travis travis  1625 Jul  8 01:40 JavaCompiledCompositeTest3_CompiledCompositeActor.mk
-rw-rw-r-- 1 travis travis  3953 Jul  8 01:40 JavaCompiledCompositeTest4_CompiledCompositeActor.class
-rw-rw-r-- 1 travis travis  9687 Jul  8 01:40 JavaCompiledCompositeTest4_CompiledCompositeActor.java
-rw-rw-r-- 1 travis travis   857 Jul  8 01:40 JavaCompiledCompositeTest4_CompiledCompositeActor$_JavaCompiledCompositeTest4_CompiledCompositeActor.class
-rw-rw-r-- 1 travis travis  1625 Jul  8 01:40 JavaCompiledCompositeTest4_CompiledCompositeActor.mk
-rw-rw-r-- 1 travis travis  3693 Jul  8 01:40 ModularCG_A1_B1.class
-rw-rw-r-- 1 travis travis  9730 Jul  8 01:40 ModularCG_A1_B1.java
-rw-rw-r-- 1 travis travis   832 Jul  8 01:40 ModularCG_A1_B1.mk
-rw-rw-r-- 1 travis travis  1318 Jul  8 01:40 ModularCG_A1_B1_profile.class
-rw-rw-r-- 1 travis travis  1262 Jul  8 01:40 ModularCG_A1_B1_profile.java
-rw-rw-r-- 1 travis travis  3693 Jul  8 01:40 ModularCG_A1_B2.class
-rw-rw-r-- 1 travis travis  9730 Jul  8 01:40 ModularCG_A1_B2.java
-rw-rw-r-- 1 travis travis   832 Jul  8 01:40 ModularCG_A1_B2.mk
-rw-rw-r-- 1 travis travis  1318 Jul  8 01:40 ModularCG_A1_B2_profile.class
-rw-rw-r-- 1 travis travis  1262 Jul  8 01:40 ModularCG_A1_B2_profile.java
-rw-rw-r-- 1 travis travis  4799 Jul  8 01:41 ModularCG_A1.class
-rw-rw-r-- 1 travis travis 14742 Jul  8 01:41 ModularCG_A1.java
-rw-rw-r-- 1 travis travis   808 Jul  8 01:41 ModularCG_A1.mk
-rw-rw-r-- 1 travis travis  1433 Jul  8 01:41 ModularCG_A1_profile.class
-rw-rw-r-- 1 travis travis  1704 Jul  8 01:40 ModularCG_A1_profile.java
-rw-rw-r-- 1 travis travis  3827 Jul  8 01:41 ModularCG_A2_B1.class
-rw-rw-r-- 1 travis travis 10667 Jul  8 01:41 ModularCG_A2_B1.java
-rw-rw-r-- 1 travis travis   832 Jul  8 01:41 ModularCG_A2_B1.mk
-rw-rw-r-- 1 travis travis  1381 Jul  8 01:41 ModularCG_A2_B1_profile.class
-rw-rw-r-- 1 travis travis  1446 Jul  8 01:41 ModularCG_A2_B1_profile.java
-rw-rw-r-- 1 travis travis  3693 Jul  8 01:41 ModularCG_A2_B2.class
-rw-rw-r-- 1 travis travis  9730 Jul  8 01:41 ModularCG_A2_B2.java
-rw-rw-r-- 1 travis travis   832 Jul  8 01:41 ModularCG_A2_B2.mk
-rw-rw-r-- 1 travis travis  1318 Jul  8 01:41 ModularCG_A2_B2_profile.class
-rw-rw-r-- 1 travis travis  1262 Jul  8 01:41 ModularCG_A2_B2_profile.java
-rw-rw-r-- 1 travis travis  4870 Jul  8 01:41 ModularCG_A2.class
-rw-rw-r-- 1 travis travis 15129 Jul  8 01:41 ModularCG_A2.java
-rw-rw-r-- 1 travis travis   808 Jul  8 01:41 ModularCG_A2.mk
-rw-rw-r-- 1 travis travis  1433 Jul  8 01:41 ModularCG_A2_profile.class
-rw-rw-r-- 1 travis travis  1704 Jul  8 01:41 ModularCG_A2_profile.java
-rw-rw-r-- 1 travis travis  3473 Jul  8 01:41 ModularCGPubSub_A1_A2.class
-rw-rw-r-- 1 travis travis  9076 Jul  8 01:41 ModularCGPubSub_A1_A2.java
-rw-rw-r-- 1 travis travis   880 Jul  8 01:41 ModularCGPubSub_A1_A2.mk
-rw-rw-r-- 1 travis travis  1300 Jul  8 01:41 ModularCGPubSub_A1_A2_profile.class
-rw-rw-r-- 1 travis travis  1222 Jul  8 01:41 ModularCGPubSub_A1_A2_profile.java
-rw-rw-r-- 1 travis travis  3790 Jul  8 01:41 ModularCGPubSub_A1.class
-rw-rw-r-- 1 travis travis  9836 Jul  8 01:41 ModularCGPubSub_A1.java
-rw-rw-r-- 1 travis travis   856 Jul  8 01:41 ModularCGPubSub_A1.mk
-rw-rw-r-- 1 travis travis  1346 Jul  8 01:41 ModularCGPubSub_A1_profile.class
-rw-rw-r-- 1 travis travis  1388 Jul  8 01:41 ModularCGPubSub_A1_profile.java
-rw-rw-r-- 1 travis travis  3988 Jul  8 01:41 ModularCodeGen2_ModularCodeGenTypedCompositeActor.class
-rw-rw-r-- 1 travis travis 11690 Jul  8 01:41 ModularCodeGen2_ModularCodeGenTypedCompositeActor.java
-rw-rw-r-- 1 travis travis  1104 Jul  8 01:41 ModularCodeGen2_ModularCodeGenTypedCompositeActor.mk
-rw-rw-r-- 1 travis travis  4272 Jul  8 01:41 ModularCodeGen2_ModularCodeGenTypedCompositeActor_ModularCodeGenTypedCompositeActor.class
-rw-rw-r-- 1 travis travis 11790 Jul  8 01:41 ModularCodeGen2_ModularCodeGenTypedCompositeActor_ModularCodeGenTypedCompositeActor.java
-rw-rw-r-- 1 travis travis  1376 Jul  8 01:41 ModularCodeGen2_ModularCodeGenTypedCompositeActor_ModularCodeGenTypedCompositeActor.mk
-rw-rw-r-- 1 travis travis  1421 Jul  8 01:41 ModularCodeGen2_ModularCodeGenTypedCompositeActor_ModularCodeGenTypedCompositeActor_profile.class
-rw-rw-r-- 1 travis travis  1294 Jul  8 01:41 ModularCodeGen2_ModularCodeGenTypedCompositeActor_ModularCodeGenTypedCompositeActor_profile.java
-rw-rw-r-- 1 travis travis   820 Jul  8 01:41 ModularCodeGen2_ModularCodeGenTypedCompositeActor_profile.class
-rw-rw-r-- 1 travis travis   693 Jul  8 01:41 ModularCodeGen2_ModularCodeGenTypedCompositeActor_profile.java
-rw-rw-r-- 1 travis travis  3741 Jul  8 01:41 ModularCodeGen3_A1_B1.class
-rw-rw-r-- 1 travis travis  9958 Jul  8 01:41 ModularCodeGen3_A1_B1.java
-rw-rw-r-- 1 travis travis   880 Jul  8 01:41 ModularCodeGen3_A1_B1.mk
-rw-rw-r-- 1 travis travis  1330 Jul  8 01:41 ModularCodeGen3_A1_B1_profile.class
-rw-rw-r-- 1 travis travis  1274 Jul  8 01:41 ModularCodeGen3_A1_B1_profile.java
-rw-rw-r-- 1 travis travis  3741 Jul  8 01:41 ModularCodeGen3_A1_B2.class
-rw-rw-r-- 1 travis travis  9958 Jul  8 01:41 ModularCodeGen3_A1_B2.java
-rw-rw-r-- 1 travis travis   880 Jul  8 01:41 ModularCodeGen3_A1_B2.mk
-rw-rw-r-- 1 travis travis  1330 Jul  8 01:41 ModularCodeGen3_A1_B2_profile.class
-rw-rw-r-- 1 travis travis  1274 Jul  8 01:41 ModularCodeGen3_A1_B2_profile.java
-rw-rw-r-- 1 travis travis  1716 Jul  8 01:41 ModularCodeGen3_A1_profile.java
-rw-rw-r-- 1 travis travis  3954 Jul  8 01:41 ModularCodeGen_ModularCodeGenTypedCompositeActor.class
-rw-rw-r-- 1 travis travis 10970 Jul  8 01:41 ModularCodeGen_ModularCodeGenTypedCompositeActor.java
-rw-rw-r-- 1 travis travis  1096 Jul  8 01:41 ModularCodeGen_ModularCodeGenTypedCompositeActor.mk
-rw-rw-r-- 1 travis travis  1384 Jul  8 01:41 ModularCodeGen_ModularCodeGenTypedCompositeActor_profile.class
-rw-rw-r-- 1 travis travis  1328 Jul  8 01:41 ModularCodeGen_ModularCodeGenTypedCompositeActor_profile.java
-rw-rw-r-- 1 travis travis  3492 Jul  8 01:40 ModularCodeGenTest_A1_A2.class
-rw-rw-r-- 1 travis travis  9164 Jul  8 01:40 ModularCodeGenTest_A1_A2.java
-rw-rw-r-- 1 travis travis   904 Jul  8 01:40 ModularCodeGenTest_A1_A2.mk
-rw-rw-r-- 1 travis travis  1306 Jul  8 01:40 ModularCodeGenTest_A1_A2_profile.class
-rw-rw-r-- 1 travis travis  1228 Jul  8 01:40 ModularCodeGenTest_A1_A2_profile.java
-rw-rw-r-- 1 travis travis  3823 Jul  8 01:40 ModularCodeGenTest_A1.class
-rw-rw-r-- 1 travis travis  9968 Jul  8 01:40 ModularCodeGenTest_A1.java
-rw-rw-r-- 1 travis travis   880 Jul  8 01:40 ModularCodeGenTest_A1.mk
-rw-rw-r-- 1 travis travis  1352 Jul  8 01:40 ModularCodeGenTest_A1_profile.class
-rw-rw-r-- 1 travis travis  1394 Jul  8 01:40 ModularCodeGenTest_A1_profile.java
-rw-rw-r-- 1 travis travis   432 Jul  8 01:41 Token.class
-rw-rw-r-- 1 travis travis   251 Jul  8 01:41 Token.java
In "/home/travis/cg", about to execute:
    javac -classpath
.:/home/travis/build/icyphy/ptII:/home/travis/build/icyphy/ptII/lib/bsh-2.0b4.j
ar:/home/travis/build/icyphy/ptII/lib/ptCal.jar:/home/travis/build/icyphy/ptII/
lib/java_cup.jar:/home/travis/build/icyphy/ptII/lib/saxon8.jar:/home/travis/bui
ld/icyphy/ptII/lib/saxon8-dom.jar:/home/travis/build/icyphy/ptII/lib/chic.jar:/
home/travis/build/icyphy/ptII/lib/ptcolt.jar:/usr/lib/jvm/java-8-oracle/lib/too
ls.jar:/usr/lib/eclipse/plugins/org.eclipse.jdt.core_3.8.2.dist.jar:/usr/lib/ec
lipse/plugins/org.eclipse.core.runtime_3.8.0.dist.jar:/usr/lib/eclipse/plugins/
org.eclipse.osgi_3.8.1.dist.jar:/usr/lib/eclipse/plugins/org.eclipse.core.resou
rces_3.8.1.dist.jar:/usr/lib/eclipse/plugins/org.eclipse.equinox.common_3.6.100
.dist.jar:/usr/lib/eclipse/plugins/org.eclipse.core.jobs_3.5.200.dist.jar:/usr/
lib/eclipse/plugins/org.eclipse.core.contenttype_3.4.200.dist.jar:/usr/lib/ecli
pse/plugins/org.eclipse.equinox.preferences_3.5.0.dist.jar:/usr/lib/eclipse/plu
gins/org.eclipse.text_3.5.200.dist.jar:/usr/lib/eclipse/plugins/org.eclipse.ui.
workbench_3.8.1.dist.jar:/usr/lib/eclipse/plugins/org.eclipse.jface_3.8.0.dist.
jar:/usr/lib/eclipse/plugins/org.eclipse.swt_3.8.2.jar:/usr/lib/eclipse/plugins
/org.eclipse.jface.text_3.8.1.dist.jar:/usr/lib/eclipse/plugins/org.eclipse.ui.
workbench.texteditor_3.8.0.dist.jar:/usr/lib/eclipse/plugins/org.eclipse.ui.edi
tors_3.8.0.dist.jar:/usr/lib/eclipse/plugins/org.eclipse.core.commands_3.6.1.di
st.jar:/usr/lib/eclipse/plugins/org.eclipse.equinox.registry_3.5.200.dist.jar:/
usr/lib/eclipse/plugins/org.eclipse.ui.console_3.5.100.dist.jar:/usr/lib/eclips
e/plugins/org.eclipse.ui.forms_3.5.200.dist.jar:/usr/lib/eclipse/plugins/org.ec
lipse.ui.ide_3.8.1.dist.jar:/home/travis/build/icyphy/ptII/vendors/oracle/dbxml
.jar:/home/travis/build/icyphy/ptII/vendors/oracle/db.jar:/home/travis/build/ic
yphy/ptII/vendors/misc/itext/iText.jar:/home/travis/build/icyphy/ptII/lib/g4ltl
.jar:/home/travis/build/icyphy/ptII/lib/StructuralCoder.jar:/home/travis/build/
icyphy/ptII/lib/org-openide-util.jar:/home/travis/build/icyphy/ptII/lib/org-ope
nide-util-lookup.jar:/home/travis/build/icyphy/ptII/lib/org-netbeans-api-visual
.jar:/home/travis/build/icyphy/ptII/vendors/jai-1_1_2_01/lib/jai_core.jar:/home
/travis/build/icyphy/ptII/vendors/jai-1_1_2_01/lib/jai_codec.jar:/home/travis/b
uild/icyphy/ptII/lib/jcerti.jar:/home/travis/build/icyphy/ptII/lib/smack.jar:/h
ome/travis/build/icyphy/ptII/lib/smackx.jar:/home/travis/build/icyphy/ptII/lib/
jetty-all-8.1.5-v20120716.jar:/home/travis/build/icyphy/ptII/lib/javax.servlet-
api-3.0.1.jar:/home/travis/build/icyphy/ptII/lib/javax.mail.jar:/home/travis/bu
ild/icyphy/ptII/vendors/JMF-2.1.1e/lib/jmf.jar:/home/travis/build/icyphy/ptII/l
ib/jna-4.0.0-variadic.jar:/home/travis/build/icyphy/ptII/vendors/misc/joystick/
Joystick.jar:/home/travis/build/icyphy/ptII/lib/ptjacl.jar:/home/travis/build/i
cyphy/ptII/lib/jsoup-1.8.2.jar:/home/travis/build/icyphy/ptII/lib/junit-4.8.2.j
ar:/home/travis/build/icyphy/ptII/lib/JUnitParams-0.4.0.jar:/home/travis/build/
icyphy/ptII/ptolemy/actor/lib/excel/jxl.jar:/home/travis/build/icyphy/ptII/lib/
jython.jar:/home/travis/build/icyphy/ptII/lib/kieler.jar:/home/travis/build/icy
phy/ptII/vendors/opencv/share/OpenCV/java/opencv-341.jar:/home/travis/build/icy
phy/ptII/lib/oscP5.jar:/home/travis/build/icyphy/ptII/lib/nrjavaserial-3.11.0.d
evel.jar:/home/travis/build/icyphy/ptII/vendors/j3d/lib/j3dcore.jar:/home/travi
s/build/icyphy/ptII/vendors/j3d/lib/j3dutils.jar:/home/travis/build/icyphy/ptII
/vendors/j3d/lib/vecmath.jar:/home/travis/build/icyphy/ptII/ptolemy/distributed
/jini/jar/jini-core.jar:/home/travis/build/icyphy/ptII/ptolemy/distributed/jini
/jar/jini-ext.jar:/home/travis/build/icyphy/ptII/ptolemy/distributed/jini/jar/s
un-util.jar:/home/travis/build/icyphy/ptII/lib/protobuf-java-2.4.1.jar:/home/tr
avis/build/icyphy/ptII/lib/org.eclipse.paho.client.mqttv3.jar:/home/travis/buil
d/icyphy/ptII/ptserver/lib/hessian-4.0.7.jar:/home/travis/build/icyphy/ptII/pts
erver/lib/wmqtt.jar:/home/travis/build/icyphy/ptII/lib/mapss.jar:/home/travis/b
uild/icyphy/ptII/ptolemy/actor/ptalon/antlr/antlr.jar:/home/travis/build/icyphy
/ptII/lib/JRI.jar:/home/travis/build/icyphy/ptII/lib/commons-lang-2.6.jar:/home
/travis/build/icyphy/ptII/lib/commons-logging-1.1.1.jar:/home/travis/build/icyp
hy/ptII/lib/sootclasses.jar:/home/travis/build/icyphy/ptII/ptolemy/actor/lib/da
tabase/mysql-connector-java-5.1.6-bin.jar:/home/travis/build/icyphy/ptII/vendor
s/misc/sphinx4/sphinx4-data-5prealpha.jar:/home/travis/build/icyphy/ptII/vendor
s/misc/sphinx4/sphinx4-core-5prealpha.jar:/home/travis/build/icyphy/ptII/lib/PD
FRenderer.jar:/home/travis/build/icyphy/ptII/lib/svgSalamander.jar:/home/travis
/build/icyphy/ptII/lib/rsyntaxtextarea-2.6.0-SNAPSHOT.jar:/home/travis/build/ic
yphy/ptII/lib/hazelcast-3.8.2.jar:/home/travis/build/icyphy/ptII/lib/jackson-an
notations-2.9.0.jar:/home/travis/build/icyphy/ptII/lib/jackson-core-2.9.3.jar:/
home/travis/build/icyphy/ptII/lib/jackson-databind-2.9.3.jar:/home/travis/build
/icyphy/ptII/lib/netty-buffer-4.1.19.Final.jar:/home/travis/build/icyphy/ptII/l
ib/netty-codec-4.1.19.Final.jar:/home/travis/build/icyphy/ptII/lib/netty-codec-
dns-4.1.19.Final.jar:/home/travis/build/icyphy/ptII/lib/netty-codec-http-4.1.19
.Final.jar:/home/travis/build/icyphy/ptII/lib/netty-codec-http2-4.1.19.Final.ja
r:/home/travis/build/icyphy/ptII/lib/netty-common-4.1.19.Final.jar:/home/travis
/build/icyphy/ptII/lib/netty-handler-4.1.19.Final.jar:/home/travis/build/icyphy
/ptII/lib/netty-resolver-4.1.19.Final.jar:/home/travis/build/icyphy/ptII/lib/ne
tty-resolver-dns-4.1.19.Final.jar:/home/travis/build/icyphy/ptII/lib/netty-tran
sport-4.1.19.Final.jar:/home/travis/build/icyphy/ptII/lib/vertx-codegen-3.5.1.j
ar:/home/travis/build/icyphy/ptII/lib/vertx-core-3.5.2-SNAPSHOT.jar:/home/travi
s/build/icyphy/ptII/lib/vertx-hazelcast-3.5.1.jar:/home/travis/build/icyphy/ptI
I/lib/vertx-lang-js-3.5.1.jar:/home/travis/build/icyphy/ptII/lib/vertx-service-
proxy-3.5.1.jar:/home/travis/build/icyphy/ptII/lib/vertx-web-3.5.1.jar:/home/tr
avis/build/icyphy/ptII/lib/slf4j-api-1.7.13.jar:/home/travis/build/icyphy/ptII/
lib/slf4j-simple-1.7.13.jar:/home/travis/build/icyphy/ptII/lib/webcam-capture-0
.3.12.jar:/home/travis/build/icyphy/ptII/lib/bridj-0.7.0.jar:/home/travis/build
/icyphy/ptII/lib/xbjlib-1.1.0.nrjavaserial.jar:/home/travis/build/icyphy/ptII/p
tolemy/moml/test:/home/travis/build/icyphy/ptII/ant/lib/ant-launcher.jar:/home/
travis/build/icyphy/ptII/ant/lib/ant.jar:/home/travis/build/icyphy/ptII/ant/lib
/ant-junit.jar:/home/travis/build/icyphy/ptII/ant/lib/ant-junit4.jar:/home/trav
is/build/icyphy/ptII ModularCodeGen3_A1_profile.java
warning: Supported source version 'RELEASE_6' from annotation processor 'org.netbeans.modules.openide.util.NbBundleProcessor' less than -source '1.8'
warning: Supported source version 'RELEASE_6' from annotation processor 'org.netbeans.modules.openide.util.URLStreamHandlerRegistrationProcessor' less than -source '1.8'
warning: Supported source version 'RELEASE_6' from annotation processor 'org.netbeans.modules.openide.util.ServiceProviderProcessor' less than -source '1.8'
3 warnings
All Done
Writing ModularCodeGen3_A1.java in file:/home/travis/cg/ (15564 characters)
Reading "ptolemy/cg/kernel/generic/program/procedural/java/modular/makefile.in",
    writing "/home/travis/cg/ModularCodeGen3_A1.mk"
Using ptolemy/cg/kernel/generic/program/procedural/java/modular/makefile.in
In "/home/travis/cg", about to execute:
    make -f ModularCodeGen3_A1.mk
javac -classpath ".:.."    ModularCodeGen3_A1.java
All Done
In "/home/travis/cg", about to execute:
    pwd
In "/home/travis/cg", about to execute:
    ls -l
/home/travis/cg
total 636
In "/home/travis/cg", about to execute:
-rw-rw-r-- 1 travis travis  4895 Jul  8 01:40 CompiledCompositeActor_CompiledCompositeActor.class
-rw-rw-r-- 1 travis travis  1592 Jul  8 01:40 CompiledCompositeActor_CompiledCompositeActor$_CompiledCompositeActor_CompiledCompositeActor.class
-rw-rw-r-- 1 travis travis 13466 Jul  8 01:40 CompiledCompositeActor_CompiledCompositeActor.java
-rw-rw-r-- 1 travis travis  1593 Jul  8 01:40 CompiledCompositeActor_CompiledCompositeActor.mk
-rw-rw-r-- 1 travis travis  4457 Jul  8 01:40 JavaCompiledCompositeTest1_CompiledCompositeActor.class
-rw-rw-r-- 1 travis travis 11637 Jul  8 01:40 JavaCompiledCompositeTest1_CompiledCompositeActor.java
-rw-rw-r-- 1 travis travis  1198 Jul  8 01:40 JavaCompiledCompositeTest1_CompiledCompositeActor$_JavaCompiledCompositeTest1_CompiledCompositeActor.class
-rw-rw-r-- 1 travis travis  1625 Jul  8 01:40 JavaCompiledCompositeTest1_CompiledCompositeActor.mk
-rw-rw-r-- 1 travis travis  4888 Jul  8 01:40 JavaCompiledCompositeTest2_CompiledCompositeActor.class
-rw-rw-r-- 1 travis travis 14919 Jul  8 01:40 JavaCompiledCompositeTest2_CompiledCompositeActor.java
-rw-rw-r-- 1 travis travis  1793 Jul  8 01:40 JavaCompiledCompositeTest2_CompiledCompositeActor$_JavaCompiledCompositeTest2_CompiledCompositeActor.class
-rw-rw-r-- 1 travis travis  1625 Jul  8 01:40 JavaCompiledCompositeTest2_CompiledCompositeActor.mk
-rw-rw-r-- 1 travis travis  4505 Jul  8 01:40 JavaCompiledCompositeTest3_CompiledCompositeActor.class
-rw-rw-r-- 1 travis travis 13080 Jul  8 01:40 JavaCompiledCompositeTest3_CompiledCompositeActor.java
-rw-rw-r-- 1 travis travis  1378 Jul  8 01:40 JavaCompiledCompositeTest3_CompiledCompositeActor$_JavaCompiledCompositeTest3_CompiledCompositeActor.class
-rw-rw-r-- 1 travis travis  1625 Jul  8 01:40 JavaCompiledCompositeTest3_CompiledCompositeActor.mk
-rw-rw-r-- 1 travis travis  3953 Jul  8 01:40 JavaCompiledCompositeTest4_CompiledCompositeActor.class
-rw-rw-r-- 1 travis travis  9687 Jul  8 01:40 JavaCompiledCompositeTest4_CompiledCompositeActor.java
-rw-rw-r-- 1 travis travis   857 Jul  8 01:40 JavaCompiledCompositeTest4_CompiledCompositeActor$_JavaCompiledCompositeTest4_CompiledCompositeActor.class
-rw-rw-r-- 1 travis travis  1625 Jul  8 01:40 JavaCompiledCompositeTest4_CompiledCompositeActor.mk
-rw-rw-r-- 1 travis travis  3693 Jul  8 01:40 ModularCG_A1_B1.class
-rw-rw-r-- 1 travis travis  9730 Jul  8 01:40 ModularCG_A1_B1.java
-rw-rw-r-- 1 travis travis   832 Jul  8 01:40 ModularCG_A1_B1.mk
-rw-rw-r-- 1 travis travis  1318 Jul  8 01:40 ModularCG_A1_B1_profile.class
-rw-rw-r-- 1 travis travis  1262 Jul  8 01:40 ModularCG_A1_B1_profile.java
-rw-rw-r-- 1 travis travis  3693 Jul  8 01:40 ModularCG_A1_B2.class
-rw-rw-r-- 1 travis travis  9730 Jul  8 01:40 ModularCG_A1_B2.java
-rw-rw-r-- 1 travis travis   832 Jul  8 01:40 ModularCG_A1_B2.mk
-rw-rw-r-- 1 travis travis  1318 Jul  8 01:40 ModularCG_A1_B2_profile.class
-rw-rw-r-- 1 travis travis  1262 Jul  8 01:40 ModularCG_A1_B2_profile.java
    javac -classpath
.:/home/travis/build/icyphy/ptII:/home/travis/build/icyphy/ptII/lib/bsh-2.0b4.j
ar:/home/travis/build/icyphy/ptII/lib/ptCal.jar:/home/travis/build/icyphy/ptII/
lib/java_cup.jar:/home/travis/build/icyphy/ptII/lib/saxon8.jar:/home/travis/bui
ld/icyphy/ptII/lib/saxon8-dom.jar:/home/travis/build/icyphy/ptII/lib/chic.jar:/
home/travis/build/icyphy/ptII/lib/ptcolt.jar:/usr/lib/jvm/java-8-oracle/lib/too
ls.jar:/usr/lib/eclipse/plugins/org.eclipse.jdt.core_3.8.2.dist.jar:/usr/lib/ec
lipse/plugins/org.eclipse.core.runtime_3.8.0.dist.jar:/usr/lib/eclipse/plugins/
org.eclipse.osgi_3.8.1.dist.jar:/usr/lib/eclipse/plugins/org.eclipse.core.resou
rces_3.8.1.dist.jar:/usr/lib/eclipse/plugins/org.eclipse.equinox.common_3.6.100
.dist.jar:/usr/lib/eclipse/plugins/org.eclipse.core.jobs_3.5.200.dist.jar:/usr/
lib/eclipse/plugins/org.eclipse.core.contenttype_3.4.200.dist.jar:/usr/lib/ecli
pse/plugins/org.eclipse.equinox.preferences_3.5.0.dist.jar:/usr/lib/eclipse/plu
gins/org.eclipse.text_3.5.200.dist.jar:/usr/lib/eclipse/plugins/org.eclipse.ui.
workbench_3.8.1.dist.jar:/usr/lib/eclipse/plugins/org.eclipse.jface_3.8.0.dist.
jar:/usr/lib/eclipse/plugins/org.eclipse.swt_3.8.2.jar:/usr/lib/eclipse/plugins
/org.eclipse.jface.text_3.8.1.dist.jar:/usr/lib/eclipse/plugins/org.eclipse.ui.
workbench.texteditor_3.8.0.dist.jar:/usr/lib/eclipse/plugins/org.eclipse.ui.edi
tors_3.8.0.dist.jar:/usr/lib/eclipse/plugins/org.eclipse.core.commands_3.6.1.di
st.jar:/usr/lib/eclipse/plugins/org.eclipse.equinox.registry_3.5.200.dist.jar:/
usr/lib/eclipse/plugins/org.eclipse.ui.console_3.5.100.dist.jar:/usr/lib/eclips
e/plugins/org.eclipse.ui.forms_3.5.200.dist.jar:/usr/lib/eclipse/plugins/org.ec
lipse.ui.ide_3.8.1.dist.jar:/home/travis/build/icyphy/ptII/vendors/oracle/dbxml
.jar:/home/travis/build/icyphy/ptII/vendors/oracle/db.jar:/home/travis/build/ic
yphy/ptII/vendors/misc/itext/iText.jar:/home/travis/build/icyphy/ptII/lib/g4ltl
.jar:/home/travis/build/icyphy/ptII/lib/StructuralCoder.jar:/home/travis/build/
icyphy/ptII/lib/org-openide-util.jar:/home/travis/build/icyphy/ptII/lib/org-ope
nide-util-lookup.jar:/home/travis/build/icyphy/ptII/lib/org-netbeans-api-visual
.jar:/home/travis/build/icyphy/ptII/vendors/jai-1_1_2_01/lib/jai_core.jar:/home
/travis/build/icyphy/ptII/vendors/jai-1_1_2_01/lib/jai_codec.jar:/home/travis/b
uild/icyphy/ptII/lib/jcerti.jar:/home/travis/build/icyphy/ptII/lib/smack.jar:/h
ome/travis/build/icyphy/ptII/lib/smackx.jar:/home/travis/build/icyphy/ptII/lib/
jetty-all-8.1.5-v20120716.jar:/home/travis/build/icyphy/ptII/lib/javax.servlet-
api-3.0.1.jar:/home/travis/build/icyphy/ptII/lib/javax.mail.jar:/home/travis/bu
ild/icyphy/ptII/vendors/JMF-2.1.1e/lib/jmf.jar:/home/travis/build/icyphy/ptII/l
ib/jna-4.0.0-variadic.jar:/home/travis/build/icyphy/ptII/vendors/misc/joystick/
Joystick.jar:/home/travis/build/icyphy/ptII/lib/ptjacl.jar:/home/travis/build/i
cyphy/ptII/lib/jsoup-1.8.2.jar:/home/travis/build/icyphy/ptII/lib/junit-4.8.2.j
ar:/home/travis/build/icyphy/ptII/lib/JUnitParams-0.4.0.jar:/home/travis/build/
icyphy/ptII/ptolemy/actor/lib/excel/jxl.jar:/home/travis/build/icyphy/ptII/lib/
jython.jar:/home/travis/build/icyphy/ptII/lib/kieler.jar:/home/travis/build/icy
phy/ptII/vendors/opencv/share/OpenCV/java/opencv-341.jar:/home/travis/build/icy
phy/ptII/lib/oscP5.jar:/home/travis/build/icyphy/ptII/lib/nrjavaserial-3.11.0.d
evel.jar:/home/travis/build/icyphy/ptII/vendors/j3d/lib/j3dcore.jar:/home/travi
s/build/icyphy/ptII/vendors/j3d/lib/j3dutils.jar:/home/travis/build/icyphy/ptII
/vendors/j3d/lib/vecmath.jar:/home/travis/build/icyphy/ptII/ptolemy/distributed
/jini/jar/jini-core.jar:/home/travis/build/icyphy/ptII/ptolemy/distributed/jini
/jar/jini-ext.jar:/home/travis/build/icyphy/ptII/ptolemy/distributed/jini/jar/s
un-util.jar:/home/travis/build/icyphy/ptII/lib/protobuf-java-2.4.1.jar:/home/tr
avis/build/icyphy/ptII/lib/org.eclipse.paho.client.mqttv3.jar:/home/travis/buil
d/icyphy/ptII/ptserver/lib/hessian-4.0.7.jar:/home/travis/build/icyphy/ptII/pts
erver/lib/wmqtt.jar:/home/travis/build/icyphy/ptII/lib/mapss.jar:/home/travis/b
uild/icyphy/ptII/ptolemy/actor/ptalon/antlr/antlr.jar:/home/travis/build/icyphy
/ptII/lib/JRI.jar:/home/travis/build/icyphy/ptII/lib/commons-lang-2.6.jar:/home
/travis/build/icyphy/ptII/lib/commons-logging-1.1.1.jar:/home/travis/build/icyp
hy/ptII/lib/sootclasses.jar:/home/travis/build/icyphy/ptII/ptolemy/actor/lib/da
tabase/mysql-connector-java-5.1.6-bin.jar:/home/travis/build/icyphy/ptII/vendor
s/misc/sphinx4/sphinx4-data-5prealpha.jar:/home/travis/build/icyphy/ptII/vendor
s/misc/sphinx4/sphinx4-core-5prealpha.jar:/home/travis/build/icyphy/ptII/lib/PD
FRenderer.jar:/home/travis/build/icyphy/ptII/lib/svgSalamander.jar:/home/travis
/build/icyphy/ptII/lib/rsyntaxtextarea-2.6.0-SNAPSHOT.jar:/home/travis/build/ic
yphy/ptII/lib/hazelcast-3.8.2.jar:/home/travis/build/icyphy/ptII/lib/jackson-an
notations-2.9.0.jar:/home/travis/build/icyphy/ptII/lib/jackson-core-2.9.3.jar:/
home/travis/build/icyphy/ptII/lib/jackson-databind-2.9.3.jar:/home/travis/build
/icyphy/ptII/lib/netty-buffer-4.1.19.Final.jar:/home/travis/build/icyphy/ptII/l
ib/netty-codec-4.1.19.Final.jar:/home/travis/build/icyphy/ptII/lib/netty-codec-
dns-4.1.19.Final.jar:/home/travis/build/icyphy/ptII/lib/netty-codec-http-4.1.19
.Final.jar:/home/travis/build/icyphy/ptII/lib/netty-codec-http2-4.1.19.Final.ja
r:/home/travis/build/icyphy/ptII/lib/netty-common-4.1.19.Final.jar:/home/travis
/build/icyphy/ptII/lib/netty-handler-4.1.19.Final.jar:/home/travis/build/icyphy
/ptII/lib/netty-resolver-4.1.19.Final.jar:/home/travis/build/icyphy/ptII/lib/ne
tty-resolver-dns-4.1.19.Final.jar:/home/travis/build/icyphy/ptII/lib/netty-tran
sport-4.1.19.Final.jar:/home/travis/build/icyphy/ptII/lib/vertx-codegen-3.5.1.j
ar:/home/travis/build/icyphy/ptII/lib/vertx-core-3.5.2-SNAPSHOT.jar:/home/travi
s/build/icyphy/ptII/lib/vertx-hazelcast-3.5.1.jar:/home/travis/build/icyphy/ptI
I/lib/vertx-lang-js-3.5.1.jar:/home/travis/build/icyphy/ptII/lib/vertx-service-
proxy-3.5.1.jar:/home/travis/build/icyphy/ptII/lib/vertx-web-3.5.1.jar:/home/tr
avis/build/icyphy/ptII/lib/slf4j-api-1.7.13.jar:/home/travis/build/icyphy/ptII/
lib/slf4j-simple-1.7.13.jar:/home/travis/build/icyphy/ptII/lib/webcam-capture-0
.3.12.jar:/home/travis/build/icyphy/ptII/lib/bridj-0.7.0.jar:/home/travis/build
/icyphy/ptII/lib/xbjlib-1.1.0.nrjavaserial.jar:/home/travis/build/icyphy/ptII/p
tolemy/moml/test:/home/travis/build/icyphy/ptII/ant/lib/ant-launcher.jar:/home/
travis/build/icyphy/ptII/ant/lib/ant.jar:/home/travis/build/icyphy/ptII/ant/lib
/ant-junit.jar:/home/travis/build/icyphy/ptII/ant/lib/ant-junit4.jar:/home/trav
is/build/icyphy/ptII ModularCodeGen3_A2_B1_profile.java
-rw-rw-r-- 1 travis travis  4799 Jul  8 01:41 ModularCG_A1.class
-rw-rw-r-- 1 travis travis 14742 Jul  8 01:41 ModularCG_A1.java
-rw-rw-r-- 1 travis travis   808 Jul  8 01:41 ModularCG_A1.mk
-rw-rw-r-- 1 travis travis  1433 Jul  8 01:41 ModularCG_A1_profile.class
-rw-rw-r-- 1 travis travis  1704 Jul  8 01:40 ModularCG_A1_profile.java
-rw-rw-r-- 1 travis travis  3827 Jul  8 01:41 ModularCG_A2_B1.class
-rw-rw-r-- 1 travis travis 10667 Jul  8 01:41 ModularCG_A2_B1.java
-rw-rw-r-- 1 travis travis   832 Jul  8 01:41 ModularCG_A2_B1.mk
-rw-rw-r-- 1 travis travis  1381 Jul  8 01:41 ModularCG_A2_B1_profile.class
-rw-rw-r-- 1 travis travis  1446 Jul  8 01:41 ModularCG_A2_B1_profile.java
-rw-rw-r-- 1 travis travis  3693 Jul  8 01:41 ModularCG_A2_B2.class
-rw-rw-r-- 1 travis travis  9730 Jul  8 01:41 ModularCG_A2_B2.java
-rw-rw-r-- 1 travis travis   832 Jul  8 01:41 ModularCG_A2_B2.mk
-rw-rw-r-- 1 travis travis  1318 Jul  8 01:41 ModularCG_A2_B2_profile.class
-rw-rw-r-- 1 travis travis  1262 Jul  8 01:41 ModularCG_A2_B2_profile.java
-rw-rw-r-- 1 travis travis  4870 Jul  8 01:41 ModularCG_A2.class
-rw-rw-r-- 1 travis travis 15129 Jul  8 01:41 ModularCG_A2.java
-rw-rw-r-- 1 travis travis   808 Jul  8 01:41 ModularCG_A2.mk
-rw-rw-r-- 1 travis travis  1433 Jul  8 01:41 ModularCG_A2_profile.class
-rw-rw-r-- 1 travis travis  1704 Jul  8 01:41 ModularCG_A2_profile.java
-rw-rw-r-- 1 travis travis  3473 Jul  8 01:41 ModularCGPubSub_A1_A2.class
-rw-rw-r-- 1 travis travis  9076 Jul  8 01:41 ModularCGPubSub_A1_A2.java
-rw-rw-r-- 1 travis travis   880 Jul  8 01:41 ModularCGPubSub_A1_A2.mk
-rw-rw-r-- 1 travis travis  1300 Jul  8 01:41 ModularCGPubSub_A1_A2_profile.class
-rw-rw-r-- 1 travis travis  1222 Jul  8 01:41 ModularCGPubSub_A1_A2_profile.java
-rw-rw-r-- 1 travis travis  3790 Jul  8 01:41 ModularCGPubSub_A1.class
-rw-rw-r-- 1 travis travis  9836 Jul  8 01:41 ModularCGPubSub_A1.java
-rw-rw-r-- 1 travis travis   856 Jul  8 01:41 ModularCGPubSub_A1.mk
-rw-rw-r-- 1 travis travis  1346 Jul  8 01:41 ModularCGPubSub_A1_profile.class
-rw-rw-r-- 1 travis travis  1388 Jul  8 01:41 ModularCGPubSub_A1_profile.java
-rw-rw-r-- 1 travis travis  3988 Jul  8 01:41 ModularCodeGen2_ModularCodeGenTypedCompositeActor.class
-rw-rw-r-- 1 travis travis 11690 Jul  8 01:41 ModularCodeGen2_ModularCodeGenTypedCompositeActor.java
-rw-rw-r-- 1 travis travis  1104 Jul  8 01:41 ModularCodeGen2_ModularCodeGenTypedCompositeActor.mk
-rw-rw-r-- 1 travis travis  4272 Jul  8 01:41 ModularCodeGen2_ModularCodeGenTypedCompositeActor_ModularCodeGenTypedCompositeActor.class
-rw-rw-r-- 1 travis travis 11790 Jul  8 01:41 ModularCodeGen2_ModularCodeGenTypedCompositeActor_ModularCodeGenTypedCompositeActor.java
-rw-rw-r-- 1 travis travis  1376 Jul  8 01:41 ModularCodeGen2_ModularCodeGenTypedCompositeActor_ModularCodeGenTypedCompositeActor.mk
-rw-rw-r-- 1 travis travis  1421 Jul  8 01:41 ModularCodeGen2_ModularCodeGenTypedCompositeActor_ModularCodeGenTypedCompositeActor_profile.class
-rw-rw-r-- 1 travis travis  1294 Jul  8 01:41 ModularCodeGen2_ModularCodeGenTypedCompositeActor_ModularCodeGenTypedCompositeActor_profile.java
-rw-rw-r-- 1 travis travis   820 Jul  8 01:41 ModularCodeGen2_ModularCodeGenTypedCompositeActor_profile.class
-rw-rw-r-- 1 travis travis   693 Jul  8 01:41 ModularCodeGen2_ModularCodeGenTypedCompositeActor_profile.java
-rw-rw-r-- 1 travis travis  3741 Jul  8 01:41 ModularCodeGen3_A1_B1.class
-rw-rw-r-- 1 travis travis  9958 Jul  8 01:41 ModularCodeGen3_A1_B1.java
-rw-rw-r-- 1 travis travis   880 Jul  8 01:41 ModularCodeGen3_A1_B1.mk
-rw-rw-r-- 1 travis travis  1330 Jul  8 01:41 ModularCodeGen3_A1_B1_profile.class
-rw-rw-r-- 1 travis travis  1274 Jul  8 01:41 ModularCodeGen3_A1_B1_profile.java
-rw-rw-r-- 1 travis travis  3741 Jul  8 01:41 ModularCodeGen3_A1_B2.class
-rw-rw-r-- 1 travis travis  9958 Jul  8 01:41 ModularCodeGen3_A1_B2.java
-rw-rw-r-- 1 travis travis   880 Jul  8 01:41 ModularCodeGen3_A1_B2.mk
-rw-rw-r-- 1 travis travis  1330 Jul  8 01:41 ModularCodeGen3_A1_B2_profile.class
-rw-rw-r-- 1 travis travis  1274 Jul  8 01:41 ModularCodeGen3_A1_B2_profile.java
-rw-rw-r-- 1 travis travis  4961 Jul  8 01:41 ModularCodeGen3_A1.class
-rw-rw-r-- 1 travis travis 15564 Jul  8 01:41 ModularCodeGen3_A1.java
-rw-rw-r-- 1 travis travis   856 Jul  8 01:41 ModularCodeGen3_A1.mk
-rw-rw-r-- 1 travis travis  1445 Jul  8 01:41 ModularCodeGen3_A1_profile.class
-rw-rw-r-- 1 travis travis  1716 Jul  8 01:41 ModularCodeGen3_A1_profile.java
-rw-rw-r-- 1 travis travis  1458 Jul  8 01:41 ModularCodeGen3_A2_B1_profile.java
-rw-rw-r-- 1 travis travis  3954 Jul  8 01:41 ModularCodeGen_ModularCodeGenTypedCompositeActor.class
-rw-rw-r-- 1 travis travis 10970 Jul  8 01:41 ModularCodeGen_ModularCodeGenTypedCompositeActor.java
-rw-rw-r-- 1 travis travis  1096 Jul  8 01:41 ModularCodeGen_ModularCodeGenTypedCompositeActor.mk
-rw-rw-r-- 1 travis travis  1384 Jul  8 01:41 ModularCodeGen_ModularCodeGenTypedCompositeActor_profile.class
-rw-rw-r-- 1 travis travis  1328 Jul  8 01:41 ModularCodeGen_ModularCodeGenTypedCompositeActor_profile.java
-rw-rw-r-- 1 travis travis  3492 Jul  8 01:40 ModularCodeGenTest_A1_A2.class
-rw-rw-r-- 1 travis travis  9164 Jul  8 01:40 ModularCodeGenTest_A1_A2.java
-rw-rw-r-- 1 travis travis   904 Jul  8 01:40 ModularCodeGenTest_A1_A2.mk
-rw-rw-r-- 1 travis travis  1306 Jul  8 01:40 ModularCodeGenTest_A1_A2_profile.class
-rw-rw-r-- 1 travis travis  1228 Jul  8 01:40 ModularCodeGenTest_A1_A2_profile.java
-rw-rw-r-- 1 travis travis  3823 Jul  8 01:40 ModularCodeGenTest_A1.class
-rw-rw-r-- 1 travis travis  9968 Jul  8 01:40 ModularCodeGenTest_A1.java
-rw-rw-r-- 1 travis travis   880 Jul  8 01:40 ModularCodeGenTest_A1.mk
-rw-rw-r-- 1 travis travis  1352 Jul  8 01:40 ModularCodeGenTest_A1_profile.class
-rw-rw-r-- 1 travis travis  1394 Jul  8 01:40 ModularCodeGenTest_A1_profile.java
-rw-rw-r-- 1 travis travis   432 Jul  8 01:41 Token.class
-rw-rw-r-- 1 travis travis   251 Jul  8 01:41 Token.java
warning: Supported source version 'RELEASE_6' from annotation processor 'org.netbeans.modules.openide.util.NbBundleProcessor' less than -source '1.8'
warning: Supported source version 'RELEASE_6' from annotation processor 'org.netbeans.modules.openide.util.URLStreamHandlerRegistrationProcessor' less than -source '1.8'
warning: Supported source version 'RELEASE_6' from annotation processor 'org.netbeans.modules.openide.util.ServiceProviderProcessor' less than -source '1.8'
3 warnings
All Done
Writing ModularCodeGen3_A2_B1.java in file:/home/travis/cg/ (10955 characters)
Reading "ptolemy/cg/kernel/generic/program/procedural/java/modular/makefile.in",
    writing "/home/travis/cg/ModularCodeGen3_A2_B1.mk"
Using ptolemy/cg/kernel/generic/program/procedural/java/modular/makefile.in
In "/home/travis/cg", about to execute:
    make -f ModularCodeGen3_A2_B1.mk
javac -classpath ".:.."    ModularCodeGen3_A2_B1.java
All Done
In "/home/travis/cg", about to execute:
    pwd
In "/home/travis/cg", about to execute:
    ls -l
/home/travis/cg
total 664
-rw-rw-r-- 1 travis travis  4895 Jul  8 01:40 CompiledCompositeActor_CompiledCompositeActor.class
-rw-rw-r-- 1 travis travis  1592 Jul  8 01:40 CompiledCompositeActor_CompiledCompositeActor$_CompiledCompositeActor_CompiledCompositeActor.class
-rw-rw-r-- 1 travis travis 13466 Jul  8 01:40 CompiledCompositeActor_CompiledCompositeActor.java
-rw-rw-r-- 1 travis travis  1593 Jul  8 01:40 CompiledCompositeActor_CompiledCompositeActor.mk
-rw-rw-r-- 1 travis travis  4457 Jul  8 01:40 JavaCompiledCompositeTest1_CompiledCompositeActor.class
-rw-rw-r-- 1 travis travis 11637 Jul  8 01:40 JavaCompiledCompositeTest1_CompiledCompositeActor.java
-rw-rw-r-- 1 travis travis  1198 Jul  8 01:40 JavaCompiledCompositeTest1_CompiledCompositeActor$_JavaCompiledCompositeTest1_CompiledCompositeActor.class
-rw-rw-r-- 1 travis travis  1625 Jul  8 01:40 JavaCompiledCompositeTest1_CompiledCompositeActor.mk
-rw-rw-r-- 1 travis travis  4888 Jul  8 01:40 JavaCompiledCompositeTest2_CompiledCompositeActor.class
-rw-rw-r-- 1 travis travis 14919 Jul  8 01:40 JavaCompiledCompositeTest2_CompiledCompositeActor.java
-rw-rw-r-- 1 travis travis  1793 Jul  8 01:40 JavaCompiledCompositeTest2_CompiledCompositeActor$_JavaCompiledCompositeTest2_CompiledCompositeActor.class
-rw-rw-r-- 1 travis travis  1625 Jul  8 01:40 JavaCompiledCompositeTest2_CompiledCompositeActor.mk
-rw-rw-r-- 1 travis travis  4505 Jul  8 01:40 JavaCompiledCompositeTest3_CompiledCompositeActor.class
-rw-rw-r-- 1 travis travis 13080 Jul  8 01:40 JavaCompiledCompositeTest3_CompiledCompositeActor.java
-rw-rw-r-- 1 travis travis  1378 Jul  8 01:40 JavaCompiledCompositeTest3_CompiledCompositeActor$_JavaCompiledCompositeTest3_CompiledCompositeActor.class
-rw-rw-r-- 1 travis travis  1625 Jul  8 01:40 JavaCompiledCompositeTest3_CompiledCompositeActor.mk
-rw-rw-r-- 1 travis travis  3953 Jul  8 01:40 JavaCompiledCompositeTest4_CompiledCompositeActor.class
-rw-rw-r-- 1 travis travis  9687 Jul  8 01:40 JavaCompiledCompositeTest4_CompiledCompositeActor.java
-rw-rw-r-- 1 travis travis   857 Jul  8 01:40 JavaCompiledCompositeTest4_CompiledCompositeActor$_JavaCompiledCompositeTest4_CompiledCompositeActor.class
-rw-rw-r-- 1 travis travis  1625 Jul  8 01:40 JavaCompiledCompositeTest4_CompiledCompositeActor.mk
-rw-rw-r-- 1 travis travis  3693 Jul  8 01:40 ModularCG_A1_B1.class
-rw-rw-r-- 1 travis travis  9730 Jul  8 01:40 ModularCG_A1_B1.java
-rw-rw-r-- 1 travis travis   832 Jul  8 01:40 ModularCG_A1_B1.mk
-rw-rw-r-- 1 travis travis  1318 Jul  8 01:40 ModularCG_A1_B1_profile.class
-rw-rw-r-- 1 travis travis  1262 Jul  8 01:40 ModularCG_A1_B1_profile.java
-rw-rw-r-- 1 travis travis  3693 Jul  8 01:40 ModularCG_A1_B2.class
-rw-rw-r-- 1 travis travis  9730 Jul  8 01:40 ModularCG_A1_B2.java
-rw-rw-r-- 1 travis travis   832 Jul  8 01:40 ModularCG_A1_B2.mk
-rw-rw-r-- 1 travis travis  1318 Jul  8 01:40 ModularCG_A1_B2_profile.class
-rw-rw-r-- 1 travis travis  1262 Jul  8 01:40 ModularCG_A1_B2_profile.java
-rw-rw-r-- 1 travis travis  4799 Jul  8 01:41 ModularCG_A1.class
-rw-rw-r-- 1 travis travis 14742 Jul  8 01:41 ModularCG_A1.java
-rw-rw-r-- 1 travis travis   808 Jul  8 01:41 ModularCG_A1.mk
-rw-rw-r-- 1 travis travis  1433 Jul  8 01:41 ModularCG_A1_profile.class
-rw-rw-r-- 1 travis travis  1704 Jul  8 01:40 ModularCG_A1_profile.java
-rw-rw-r-- 1 travis travis  3827 Jul  8 01:41 ModularCG_A2_B1.class
-rw-rw-r-- 1 travis travis 10667 Jul  8 01:41 ModularCG_A2_B1.java
-rw-rw-r-- 1 travis travis   832 Jul  8 01:41 ModularCG_A2_B1.mk
-rw-rw-r-- 1 travis travis  1381 Jul  8 01:41 ModularCG_A2_B1_profile.class
-rw-rw-r-- 1 travis travis  1446 Jul  8 01:41 ModularCG_A2_B1_profile.java
-rw-rw-r-- 1 travis travis  3693 Jul  8 01:41 ModularCG_A2_B2.class
-rw-rw-r-- 1 travis travis  9730 Jul  8 01:41 ModularCG_A2_B2.java
-rw-rw-r-- 1 travis travis   832 Jul  8 01:41 ModularCG_A2_B2.mk
-rw-rw-r-- 1 travis travis  1318 Jul  8 01:41 ModularCG_A2_B2_profile.class
-rw-rw-r-- 1 travis travis  1262 Jul  8 01:41 ModularCG_A2_B2_profile.java
-rw-rw-r-- 1 travis travis  4870 Jul  8 01:41 ModularCG_A2.class
-rw-rw-r-- 1 travis travis 15129 Jul  8 01:41 ModularCG_A2.java
-rw-rw-r-- 1 travis travis   808 Jul  8 01:41 ModularCG_A2.mk
-rw-rw-r-- 1 travis travis  1433 Jul  8 01:41 ModularCG_A2_profile.class
-rw-rw-r-- 1 travis travis  1704 Jul  8 01:41 ModularCG_A2_profile.java
-rw-rw-r-- 1 travis travis  3473 Jul  8 01:41 ModularCGPubSub_A1_A2.class
-rw-rw-r-- 1 travis travis  9076 Jul  8 01:41 ModularCGPubSub_A1_A2.java
-rw-rw-r-- 1 travis travis   880 Jul  8 01:41 ModularCGPubSub_A1_A2.mk
-rw-rw-r-- 1 travis travis  1300 Jul  8 01:41 ModularCGPubSub_A1_A2_profile.class
-rw-rw-r-- 1 travis travis  1222 Jul  8 01:41 ModularCGPubSub_A1_A2_profile.java
-rw-rw-r-- 1 travis travis  3790 Jul  8 01:41 ModularCGPubSub_A1.class
-rw-rw-r-- 1 travis travis  9836 Jul  8 01:41 ModularCGPubSub_A1.java
-rw-rw-r-- 1 travis travis   856 Jul  8 01:41 ModularCGPubSub_A1.mk
-rw-rw-r-- 1 travis travis  1346 Jul  8 01:41 ModularCGPubSub_A1_profile.class
-rw-rw-r-- 1 travis travis  1388 Jul  8 01:41 ModularCGPubSub_A1_profile.java
-rw-rw-r-- 1 travis travis  3988 Jul  8 01:41 ModularCodeGen2_ModularCodeGenTypedCompositeActor.class
-rw-rw-r-- 1 travis travis 11690 Jul  8 01:41 ModularCodeGen2_ModularCodeGenTypedCompositeActor.java
-rw-rw-r-- 1 travis travis  1104 Jul  8 01:41 ModularCodeGen2_ModularCodeGenTypedCompositeActor.mk
-rw-rw-r-- 1 travis travis  4272 Jul  8 01:41 ModularCodeGen2_ModularCodeGenTypedCompositeActor_ModularCodeGenTypedCompositeActor.class
-rw-rw-r-- 1 travis travis 11790 Jul  8 01:41 ModularCodeGen2_ModularCodeGenTypedCompositeActor_ModularCodeGenTypedCompositeActor.java
-rw-rw-r-- 1 travis travis  1376 Jul  8 01:41 ModularCodeGen2_ModularCodeGenTypedCompositeActor_ModularCodeGenTypedCompositeActor.mk
-rw-rw-r-- 1 travis travis  1421 Jul  8 01:41 ModularCodeGen2_ModularCodeGenTypedCompositeActor_ModularCodeGenTypedCompositeActor_profile.class
-rw-rw-r-- 1 travis travis  1294 Jul  8 01:41 ModularCodeGen2_ModularCodeGenTypedCompositeActor_ModularCodeGenTypedCompositeActor_profile.java
-rw-rw-r-- 1 travis travis   820 Jul  8 01:41 ModularCodeGen2_ModularCodeGenTypedCompositeActor_profile.class
-rw-rw-r-- 1 travis travis   693 Jul  8 01:41 ModularCodeGen2_ModularCodeGenTypedCompositeActor_profile.java
-rw-rw-r-- 1 travis travis  3741 Jul  8 01:41 ModularCodeGen3_A1_B1.class
-rw-rw-r-- 1 travis travis  9958 Jul  8 01:41 ModularCodeGen3_A1_B1.java
-rw-rw-r-- 1 travis travis   880 Jul  8 01:41 ModularCodeGen3_A1_B1.mk
-rw-rw-r-- 1 travis travis  1330 Jul  8 01:41 ModularCodeGen3_A1_B1_profile.class
-rw-rw-r-- 1 travis travis  1274 Jul  8 01:41 ModularCodeGen3_A1_B1_profile.java
-rw-rw-r-- 1 travis travis  3741 Jul  8 01:41 ModularCodeGen3_A1_B2.class
-rw-rw-r-- 1 travis travis  9958 Jul  8 01:41 ModularCodeGen3_A1_B2.java
-rw-rw-r-- 1 travis travis   880 Jul  8 01:41 ModularCodeGen3_A1_B2.mk
-rw-rw-r-- 1 travis travis  1330 Jul  8 01:41 ModularCodeGen3_A1_B2_profile.class
-rw-rw-r-- 1 travis travis  1274 Jul  8 01:41 ModularCodeGen3_A1_B2_profile.java
-rw-rw-r-- 1 travis travis  4961 Jul  8 01:41 ModularCodeGen3_A1.class
-rw-rw-r-- 1 travis travis 15564 Jul  8 01:41 ModularCodeGen3_A1.java
-rw-rw-r-- 1 travis travis   856 Jul  8 01:41 ModularCodeGen3_A1.mk
-rw-rw-r-- 1 travis travis  1445 Jul  8 01:41 ModularCodeGen3_A1_profile.class
-rw-rw-r-- 1 travis travis  1716 Jul  8 01:41 ModularCodeGen3_A1_profile.java
-rw-rw-r-- 1 travis travis  3887 Jul  8 01:41 ModularCodeGen3_A2_B1.class
-rw-rw-r-- 1 travis travis 10955 Jul  8 01:41 ModularCodeGen3_A2_B1.java
-rw-rw-r-- 1 travis travis   880 Jul  8 01:41 ModularCodeGen3_A2_B1.mk
-rw-rw-r-- 1 travis travis  1393 Jul  8 01:41 ModularCodeGen3_A2_B1_profile.class
-rw-rw-r-- 1 travis travis  1458 Jul  8 01:41 ModularCodeGen3_A2_B1_profile.java
-rw-rw-r-- 1 travis travis  1274 Jul  8 01:41 ModularCodeGen3_A2_B2_profile.java
-rw-rw-r-- 1 travis travis  3954 Jul  8 01:41 ModularCodeGen_ModularCodeGenTypedCompositeActor.class
-rw-rw-r-- 1 travis travis 10970 Jul  8 01:41 ModularCodeGen_ModularCodeGenTypedCompositeActor.java
-rw-rw-r-- 1 travis travis  1096 Jul  8 01:41 ModularCodeGen_ModularCodeGenTypedCompositeActor.mk
-rw-rw-r-- 1 travis travis  1384 Jul  8 01:41 ModularCodeGen_ModularCodeGenTypedCompositeActor_profile.class
-rw-rw-r-- 1 travis travis  1328 Jul  8 01:41 ModularCodeGen_ModularCodeGenTypedCompositeActor_profile.java
-rw-rw-r-- 1 travis travis  3492 Jul  8 01:40 ModularCodeGenTest_A1_A2.class
-rw-rw-r-- 1 travis travis  9164 Jul  8 01:40 ModularCodeGenTest_A1_A2.java
-rw-rw-r-- 1 travis travis   904 Jul  8 01:40 ModularCodeGenTest_A1_A2.mk
-rw-rw-r-- 1 travis travis  1306 Jul  8 01:40 ModularCodeGenTest_A1_A2_profile.class
-rw-rw-r-- 1 travis travis  1228 Jul  8 01:40 ModularCodeGenTest_A1_A2_profile.java
-rw-rw-r-- 1 travis travis  3823 Jul  8 01:40 ModularCodeGenTest_A1.class
-rw-rw-r-- 1 travis travis  9968 Jul  8 01:40 ModularCodeGenTest_A1.java
-rw-rw-r-- 1 travis travis   880 Jul  8 01:40 ModularCodeGenTest_A1.mk
-rw-rw-r-- 1 travis travis  1352 Jul  8 01:40 ModularCodeGenTest_A1_profile.class
-rw-rw-r-- 1 travis travis  1394 Jul  8 01:40 ModularCodeGenTest_A1_profile.java
-rw-rw-r-- 1 travis travis   432 Jul  8 01:41 Token.class
-rw-rw-r-- 1 travis travis   251 Jul  8 01:41 Token.java
In "/home/travis/cg", about to execute:
    javac -classpath
.:/home/travis/build/icyphy/ptII:/home/travis/build/icyphy/ptII/lib/bsh-2.0b4.j
ar:/home/travis/build/icyphy/ptII/lib/ptCal.jar:/home/travis/build/icyphy/ptII/
lib/java_cup.jar:/home/travis/build/icyphy/ptII/lib/saxon8.jar:/home/travis/bui
ld/icyphy/ptII/lib/saxon8-dom.jar:/home/travis/build/icyphy/ptII/lib/chic.jar:/
home/travis/build/icyphy/ptII/lib/ptcolt.jar:/usr/lib/jvm/java-8-oracle/lib/too
ls.jar:/usr/lib/eclipse/plugins/org.eclipse.jdt.core_3.8.2.dist.jar:/usr/lib/ec
lipse/plugins/org.eclipse.core.runtime_3.8.0.dist.jar:/usr/lib/eclipse/plugins/
org.eclipse.osgi_3.8.1.dist.jar:/usr/lib/eclipse/plugins/org.eclipse.core.resou
rces_3.8.1.dist.jar:/usr/lib/eclipse/plugins/org.eclipse.equinox.common_3.6.100
.dist.jar:/usr/lib/eclipse/plugins/org.eclipse.core.jobs_3.5.200.dist.jar:/usr/
lib/eclipse/plugins/org.eclipse.core.contenttype_3.4.200.dist.jar:/usr/lib/ecli
pse/plugins/org.eclipse.equinox.preferences_3.5.0.dist.jar:/usr/lib/eclipse/plu
gins/org.eclipse.text_3.5.200.dist.jar:/usr/lib/eclipse/plugins/org.eclipse.ui.
workbench_3.8.1.dist.jar:/usr/lib/eclipse/plugins/org.eclipse.jface_3.8.0.dist.
jar:/usr/lib/eclipse/plugins/org.eclipse.swt_3.8.2.jar:/usr/lib/eclipse/plugins
/org.eclipse.jface.text_3.8.1.dist.jar:/usr/lib/eclipse/plugins/org.eclipse.ui.
workbench.texteditor_3.8.0.dist.jar:/usr/lib/eclipse/plugins/org.eclipse.ui.edi
tors_3.8.0.dist.jar:/usr/lib/eclipse/plugins/org.eclipse.core.commands_3.6.1.di
st.jar:/usr/lib/eclipse/plugins/org.eclipse.equinox.registry_3.5.200.dist.jar:/
usr/lib/eclipse/plugins/org.eclipse.ui.console_3.5.100.dist.jar:/usr/lib/eclips
e/plugins/org.eclipse.ui.forms_3.5.200.dist.jar:/usr/lib/eclipse/plugins/org.ec
lipse.ui.ide_3.8.1.dist.jar:/home/travis/build/icyphy/ptII/vendors/oracle/dbxml
.jar:/home/travis/build/icyphy/ptII/vendors/oracle/db.jar:/home/travis/build/ic
yphy/ptII/vendors/misc/itext/iText.jar:/home/travis/build/icyphy/ptII/lib/g4ltl
.jar:/home/travis/build/icyphy/ptII/lib/StructuralCoder.jar:/home/travis/build/
icyphy/ptII/lib/org-openide-util.jar:/home/travis/build/icyphy/ptII/lib/org-ope
nide-util-lookup.jar:/home/travis/build/icyphy/ptII/lib/org-netbeans-api-visual
.jar:/home/travis/build/icyphy/ptII/vendors/jai-1_1_2_01/lib/jai_core.jar:/home
/travis/build/icyphy/ptII/vendors/jai-1_1_2_01/lib/jai_codec.jar:/home/travis/b
uild/icyphy/ptII/lib/jcerti.jar:/home/travis/build/icyphy/ptII/lib/smack.jar:/h
ome/travis/build/icyphy/ptII/lib/smackx.jar:/home/travis/build/icyphy/ptII/lib/
jetty-all-8.1.5-v20120716.jar:/home/travis/build/icyphy/ptII/lib/javax.servlet-
api-3.0.1.jar:/home/travis/build/icyphy/ptII/lib/javax.mail.jar:/home/travis/bu
ild/icyphy/ptII/vendors/JMF-2.1.1e/lib/jmf.jar:/home/travis/build/icyphy/ptII/l
ib/jna-4.0.0-variadic.jar:/home/travis/build/icyphy/ptII/vendors/misc/joystick/
Joystick.jar:/home/travis/build/icyphy/ptII/lib/ptjacl.jar:/home/travis/build/i
cyphy/ptII/lib/jsoup-1.8.2.jar:/home/travis/build/icyphy/ptII/lib/junit-4.8.2.j
ar:/home/travis/build/icyphy/ptII/lib/JUnitParams-0.4.0.jar:/home/travis/build/
icyphy/ptII/ptolemy/actor/lib/excel/jxl.jar:/home/travis/build/icyphy/ptII/lib/
jython.jar:/home/travis/build/icyphy/ptII/lib/kieler.jar:/home/travis/build/icy
phy/ptII/vendors/opencv/share/OpenCV/java/opencv-341.jar:/home/travis/build/icy
phy/ptII/lib/oscP5.jar:/home/travis/build/icyphy/ptII/lib/nrjavaserial-3.11.0.d
evel.jar:/home/travis/build/icyphy/ptII/vendors/j3d/lib/j3dcore.jar:/home/travi
s/build/icyphy/ptII/vendors/j3d/lib/j3dutils.jar:/home/travis/build/icyphy/ptII
/vendors/j3d/lib/vecmath.jar:/home/travis/build/icyphy/ptII/ptolemy/distributed
/jini/jar/jini-core.jar:/home/travis/build/icyphy/ptII/ptolemy/distributed/jini
/jar/jini-ext.jar:/home/travis/build/icyphy/ptII/ptolemy/distributed/jini/jar/s
un-util.jar:/home/travis/build/icyphy/ptII/lib/protobuf-java-2.4.1.jar:/home/tr
avis/build/icyphy/ptII/lib/org.eclipse.paho.client.mqttv3.jar:/home/travis/buil
d/icyphy/ptII/ptserver/lib/hessian-4.0.7.jar:/home/travis/build/icyphy/ptII/pts
erver/lib/wmqtt.jar:/home/travis/build/icyphy/ptII/lib/mapss.jar:/home/travis/b
uild/icyphy/ptII/ptolemy/actor/ptalon/antlr/antlr.jar:/home/travis/build/icyphy
/ptII/lib/JRI.jar:/home/travis/build/icyphy/ptII/lib/commons-lang-2.6.jar:/home
/travis/build/icyphy/ptII/lib/commons-logging-1.1.1.jar:/home/travis/build/icyp
hy/ptII/lib/sootclasses.jar:/home/travis/build/icyphy/ptII/ptolemy/actor/lib/da
tabase/mysql-connector-java-5.1.6-bin.jar:/home/travis/build/icyphy/ptII/vendor
s/misc/sphinx4/sphinx4-data-5prealpha.jar:/home/travis/build/icyphy/ptII/vendor
s/misc/sphinx4/sphinx4-core-5prealpha.jar:/home/travis/build/icyphy/ptII/lib/PD
FRenderer.jar:/home/travis/build/icyphy/ptII/lib/svgSalamander.jar:/home/travis
/build/icyphy/ptII/lib/rsyntaxtextarea-2.6.0-SNAPSHOT.jar:/home/travis/build/ic
yphy/ptII/lib/hazelcast-3.8.2.jar:/home/travis/build/icyphy/ptII/lib/jackson-an
notations-2.9.0.jar:/home/travis/build/icyphy/ptII/lib/jackson-core-2.9.3.jar:/
home/travis/build/icyphy/ptII/lib/jackson-databind-2.9.3.jar:/home/travis/build
/icyphy/ptII/lib/netty-buffer-4.1.19.Final.jar:/home/travis/build/icyphy/ptII/l
ib/netty-codec-4.1.19.Final.jar:/home/travis/build/icyphy/ptII/lib/netty-codec-
dns-4.1.19.Final.jar:/home/travis/build/icyphy/ptII/lib/netty-codec-http-4.1.19
.Final.jar:/home/travis/build/icyphy/ptII/lib/netty-codec-http2-4.1.19.Final.ja
r:/home/travis/build/icyphy/ptII/lib/netty-common-4.1.19.Final.jar:/home/travis
/build/icyphy/ptII/lib/netty-handler-4.1.19.Final.jar:/home/travis/build/icyphy
/ptII/lib/netty-resolver-4.1.19.Final.jar:/home/travis/build/icyphy/ptII/lib/ne
tty-resolver-dns-4.1.19.Final.jar:/home/travis/build/icyphy/ptII/lib/netty-tran
sport-4.1.19.Final.jar:/home/travis/build/icyphy/ptII/lib/vertx-codegen-3.5.1.j
ar:/home/travis/build/icyphy/ptII/lib/vertx-core-3.5.2-SNAPSHOT.jar:/home/travi
s/build/icyphy/ptII/lib/vertx-hazelcast-3.5.1.jar:/home/travis/build/icyphy/ptI
I/lib/vertx-lang-js-3.5.1.jar:/home/travis/build/icyphy/ptII/lib/vertx-service-
proxy-3.5.1.jar:/home/travis/build/icyphy/ptII/lib/vertx-web-3.5.1.jar:/home/tr
avis/build/icyphy/ptII/lib/slf4j-api-1.7.13.jar:/home/travis/build/icyphy/ptII/
lib/slf4j-simple-1.7.13.jar:/home/travis/build/icyphy/ptII/lib/webcam-capture-0
.3.12.jar:/home/travis/build/icyphy/ptII/lib/bridj-0.7.0.jar:/home/travis/build
/icyphy/ptII/lib/xbjlib-1.1.0.nrjavaserial.jar:/home/travis/build/icyphy/ptII/p
tolemy/moml/test:/home/travis/build/icyphy/ptII/ant/lib/ant-launcher.jar:/home/
travis/build/icyphy/ptII/ant/lib/ant.jar:/home/travis/build/icyphy/ptII/ant/lib
/ant-junit.jar:/home/travis/build/icyphy/ptII/ant/lib/ant-junit4.jar:/home/trav
is/build/icyphy/ptII ModularCodeGen3_A2_B2_profile.java
warning: Supported source version 'RELEASE_6' from annotation processor 'org.netbeans.modules.openide.util.NbBundleProcessor' less than -source '1.8'
warning: Supported source version 'RELEASE_6' from annotation processor 'org.netbeans.modules.openide.util.URLStreamHandlerRegistrationProcessor' less than -source '1.8'
warning: Supported source version 'RELEASE_6' from annotation processor 'org.netbeans.modules.openide.util.ServiceProviderProcessor' less than -source '1.8'
3 warnings
All Done
Writing ModularCodeGen3_A2_B2.java in file:/home/travis/cg/ (9958 characters)
Reading "ptolemy/cg/kernel/generic/program/procedural/java/modular/makefile.in",
    writing "/home/travis/cg/ModularCodeGen3_A2_B2.mk"
Using ptolemy/cg/kernel/generic/program/procedural/java/modular/makefile.in
In "/home/travis/cg", about to execute:
    make -f ModularCodeGen3_A2_B2.mk
javac -classpath ".:.."    ModularCodeGen3_A2_B2.java
All Done
In "/home/travis/cg", about to execute:
    pwd
In "/home/travis/cg", about to execute:
    ls -l
/home/travis/cg
total 692
-rw-rw-r-- 1 travis travis  4895 Jul  8 01:40 CompiledCompositeActor_CompiledCompositeActor.class
-rw-rw-r-- 1 travis travis  1592 Jul  8 01:40 CompiledCompositeActor_CompiledCompositeActor$_CompiledCompositeActor_CompiledCompositeActor.class
-rw-rw-r-- 1 travis travis 13466 Jul  8 01:40 CompiledCompositeActor_CompiledCompositeActor.java
-rw-rw-r-- 1 travis travis  1593 Jul  8 01:40 CompiledCompositeActor_CompiledCompositeActor.mk
-rw-rw-r-- 1 travis travis  4457 Jul  8 01:40 JavaCompiledCompositeTest1_CompiledCompositeActor.class
-rw-rw-r-- 1 travis travis 11637 Jul  8 01:40 JavaCompiledCompositeTest1_CompiledCompositeActor.java
-rw-rw-r-- 1 travis travis  1198 Jul  8 01:40 JavaCompiledCompositeTest1_CompiledCompositeActor$_JavaCompiledCompositeTest1_CompiledCompositeActor.class
-rw-rw-r-- 1 travis travis  1625 Jul  8 01:40 JavaCompiledCompositeTest1_CompiledCompositeActor.mk
-rw-rw-r-- 1 travis travis  4888 Jul  8 01:40 JavaCompiledCompositeTest2_CompiledCompositeActor.class
-rw-rw-r-- 1 travis travis 14919 Jul  8 01:40 JavaCompiledCompositeTest2_CompiledCompositeActor.java
-rw-rw-r-- 1 travis travis  1793 Jul  8 01:40 JavaCompiledCompositeTest2_CompiledCompositeActor$_JavaCompiledCompositeTest2_CompiledCompositeActor.class
-rw-rw-r-- 1 travis travis  1625 Jul  8 01:40 JavaCompiledCompositeTest2_CompiledCompositeActor.mk
-rw-rw-r-- 1 travis travis  4505 Jul  8 01:40 JavaCompiledCompositeTest3_CompiledCompositeActor.class
-rw-rw-r-- 1 travis travis 13080 Jul  8 01:40 JavaCompiledCompositeTest3_CompiledCompositeActor.java
-rw-rw-r-- 1 travis travis  1378 Jul  8 01:40 JavaCompiledCompositeTest3_CompiledCompositeActor$_JavaCompiledCompositeTest3_CompiledCompositeActor.class
-rw-rw-r-- 1 travis travis  1625 Jul  8 01:40 JavaCompiledCompositeTest3_CompiledCompositeActor.mk
-rw-rw-r-- 1 travis travis  3953 Jul  8 01:40 JavaCompiledCompositeTest4_CompiledCompositeActor.class
-rw-rw-r-- 1 travis travis  9687 Jul  8 01:40 JavaCompiledCompositeTest4_CompiledCompositeActor.java
-rw-rw-r-- 1 travis travis   857 Jul  8 01:40 JavaCompiledCompositeTest4_CompiledCompositeActor$_JavaCompiledCompositeTest4_CompiledCompositeActor.class
-rw-rw-r-- 1 travis travis  1625 Jul  8 01:40 JavaCompiledCompositeTest4_CompiledCompositeActor.mk
-rw-rw-r-- 1 travis travis  3693 Jul  8 01:40 ModularCG_A1_B1.class
-rw-rw-r-- 1 travis travis  9730 Jul  8 01:40 ModularCG_A1_B1.java
-rw-rw-r-- 1 travis travis   832 Jul  8 01:40 ModularCG_A1_B1.mk
-rw-rw-r-- 1 travis travis  1318 Jul  8 01:40 ModularCG_A1_B1_profile.class
-rw-rw-r-- 1 travis travis  1262 Jul  8 01:40 ModularCG_A1_B1_profile.java
-rw-rw-r-- 1 travis travis  3693 Jul  8 01:40 ModularCG_A1_B2.class
-rw-rw-r-- 1 travis travis  9730 Jul  8 01:40 ModularCG_A1_B2.java
-rw-rw-r-- 1 travis travis   832 Jul  8 01:40 ModularCG_A1_B2.mk
-rw-rw-r-- 1 travis travis  1318 Jul  8 01:40 ModularCG_A1_B2_profile.class
-rw-rw-r-- 1 travis travis  1262 Jul  8 01:40 ModularCG_A1_B2_profile.java
-rw-rw-r-- 1 travis travis  4799 Jul  8 01:41 ModularCG_A1.class
-rw-rw-r-- 1 travis travis 14742 Jul  8 01:41 ModularCG_A1.java
-rw-rw-r-- 1 travis travis   808 Jul  8 01:41 ModularCG_A1.mk
-rw-rw-r-- 1 travis travis  1433 Jul  8 01:41 ModularCG_A1_profile.class
-rw-rw-r-- 1 travis travis  1704 Jul  8 01:40 ModularCG_A1_profile.java
-rw-rw-r-- 1 travis travis  3827 Jul  8 01:41 ModularCG_A2_B1.class
-rw-rw-r-- 1 travis travis 10667 Jul  8 01:41 ModularCG_A2_B1.java
-rw-rw-r-- 1 travis travis   832 Jul  8 01:41 ModularCG_A2_B1.mk
-rw-rw-r-- 1 travis travis  1381 Jul  8 01:41 ModularCG_A2_B1_profile.class
-rw-rw-r-- 1 travis travis  1446 Jul  8 01:41 ModularCG_A2_B1_profile.java
-rw-rw-r-- 1 travis travis  3693 Jul  8 01:41 ModularCG_A2_B2.class
-rw-rw-r-- 1 travis travis  9730 Jul  8 01:41 ModularCG_A2_B2.java
-rw-rw-r-- 1 travis travis   832 Jul  8 01:41 ModularCG_A2_B2.mk
-rw-rw-r-- 1 travis travis  1318 Jul  8 01:41 ModularCG_A2_B2_profile.class
-rw-rw-r-- 1 travis travis  1262 Jul  8 01:41 ModularCG_A2_B2_profile.java
-rw-rw-r-- 1 travis travis  4870 Jul  8 01:41 ModularCG_A2.class
-rw-rw-r-- 1 travis travis 15129 Jul  8 01:41 ModularCG_A2.java
-rw-rw-r-- 1 travis travis   808 Jul  8 01:41 ModularCG_A2.mk
-rw-rw-r-- 1 travis travis  1433 Jul  8 01:41 ModularCG_A2_profile.class
-rw-rw-r-- 1 travis travis  1704 Jul  8 01:41 ModularCG_A2_profile.java
-rw-rw-r-- 1 travis travis  3473 Jul  8 01:41 ModularCGPubSub_A1_A2.class
-rw-rw-r-- 1 travis travis  9076 Jul  8 01:41 ModularCGPubSub_A1_A2.java
-rw-rw-r-- 1 travis travis   880 Jul  8 01:41 ModularCGPubSub_A1_A2.mk
-rw-rw-r-- 1 travis travis  1300 Jul  8 01:41 ModularCGPubSub_A1_A2_profile.class
-rw-rw-r-- 1 travis travis  1222 Jul  8 01:41 ModularCGPubSub_A1_A2_profile.java
-rw-rw-r-- 1 travis travis  3790 Jul  8 01:41 ModularCGPubSub_A1.class
-rw-rw-r-- 1 travis travis  9836 Jul  8 01:41 ModularCGPubSub_A1.java
-rw-rw-r-- 1 travis travis   856 Jul  8 01:41 ModularCGPubSub_A1.mk
-rw-rw-r-- 1 travis travis  1346 Jul  8 01:41 ModularCGPubSub_A1_profile.class
-rw-rw-r-- 1 travis travis  1388 Jul  8 01:41 ModularCGPubSub_A1_profile.java
-rw-rw-r-- 1 travis travis  3988 Jul  8 01:41 ModularCodeGen2_ModularCodeGenTypedCompositeActor.class
-rw-rw-r-- 1 travis travis 11690 Jul  8 01:41 ModularCodeGen2_ModularCodeGenTypedCompositeActor.java
-rw-rw-r-- 1 travis travis  1104 Jul  8 01:41 ModularCodeGen2_ModularCodeGenTypedCompositeActor.mk
-rw-rw-r-- 1 travis travis  4272 Jul  8 01:41 ModularCodeGen2_ModularCodeGenTypedCompositeActor_ModularCodeGenTypedCompositeActor.class
-rw-rw-r-- 1 travis travis 11790 Jul  8 01:41 ModularCodeGen2_ModularCodeGenTypedCompositeActor_ModularCodeGenTypedCompositeActor.java
-rw-rw-r-- 1 travis travis  1376 Jul  8 01:41 ModularCodeGen2_ModularCodeGenTypedCompositeActor_ModularCodeGenTypedCompositeActor.mk
-rw-rw-r-- 1 travis travis  1421 Jul  8 01:41 ModularCodeGen2_ModularCodeGenTypedCompositeActor_ModularCodeGenTypedCompositeActor_profile.class
-rw-rw-r-- 1 travis travis  1294 Jul  8 01:41 ModularCodeGen2_ModularCodeGenTypedCompositeActor_ModularCodeGenTypedCompositeActor_profile.java
-rw-rw-r-- 1 travis travis   820 Jul  8 01:41 ModularCodeGen2_ModularCodeGenTypedCompositeActor_profile.class
-rw-rw-r-- 1 travis travis   693 Jul  8 01:41 ModularCodeGen2_ModularCodeGenTypedCompositeActor_profile.java
-rw-rw-r-- 1 travis travis  3741 Jul  8 01:41 ModularCodeGen3_A1_B1.class
-rw-rw-r-- 1 travis travis  9958 Jul  8 01:41 ModularCodeGen3_A1_B1.java
-rw-rw-r-- 1 travis travis   880 Jul  8 01:41 ModularCodeGen3_A1_B1.mk
-rw-rw-r-- 1 travis travis  1330 Jul  8 01:41 ModularCodeGen3_A1_B1_profile.class
-rw-rw-r-- 1 travis travis  1274 Jul  8 01:41 ModularCodeGen3_A1_B1_profile.java
-rw-rw-r-- 1 travis travis  3741 Jul  8 01:41 ModularCodeGen3_A1_B2.class
-rw-rw-r-- 1 travis travis  9958 Jul  8 01:41 ModularCodeGen3_A1_B2.java
-rw-rw-r-- 1 travis travis   880 Jul  8 01:41 ModularCodeGen3_A1_B2.mk
-rw-rw-r-- 1 travis travis  1330 Jul  8 01:41 ModularCodeGen3_A1_B2_profile.class
-rw-rw-r-- 1 travis travis  1274 Jul  8 01:41 ModularCodeGen3_A1_B2_profile.java
-rw-rw-r-- 1 travis travis  4961 Jul  8 01:41 ModularCodeGen3_A1.class
-rw-rw-r-- 1 travis travis 15564 Jul  8 01:41 ModularCodeGen3_A1.java
-rw-rw-r-- 1 travis travis   856 Jul  8 01:41 ModularCodeGen3_A1.mk
-rw-rw-r-- 1 travis travis  1445 Jul  8 01:41 ModularCodeGen3_A1_profile.class
-rw-rw-r-- 1 travis travis  1716 Jul  8 01:41 ModularCodeGen3_A1_profile.java
-rw-rw-r-- 1 travis travis  3887 Jul  8 01:41 ModularCodeGen3_A2_B1.class
-rw-rw-r-- 1 travis travis 10955 Jul  8 01:41 ModularCodeGen3_A2_B1.java
-rw-rw-r-- 1 travis travis   880 Jul  8 01:41 ModularCodeGen3_A2_B1.mk
-rw-rw-r-- 1 travis travis  1393 Jul  8 01:41 ModularCodeGen3_A2_B1_profile.class
-rw-rw-r-- 1 travis travis  1458 Jul  8 01:41 ModularCodeGen3_A2_B1_profile.java
-rw-rw-r-- 1 travis travis  3741 Jul  8 01:41 ModularCodeGen3_A2_B2.class
-rw-rw-r-- 1 travis travis  9958 Jul  8 01:41 ModularCodeGen3_A2_B2.java
-rw-rw-r-- 1 travis travis   880 Jul  8 01:41 ModularCodeGen3_A2_B2.mk
-rw-rw-r-- 1 travis travis  1330 Jul  8 01:41 ModularCodeGen3_A2_B2_profile.class
-rw-rw-r-- 1 travis travis  1274 Jul  8 01:41 ModularCodeGen3_A2_B2_profile.java
-rw-rw-r-- 1 travis travis  1716 Jul  8 01:41 ModularCodeGen3_A2_profile.java
-rw-rw-r-- 1 travis travis  3954 Jul  8 01:41 ModularCodeGen_ModularCodeGenTypedCompositeActor.class
-rw-rw-r-- 1 travis travis 10970 Jul  8 01:41 ModularCodeGen_ModularCodeGenTypedCompositeActor.java
-rw-rw-r-- 1 travis travis  1096 Jul  8 01:41 ModularCodeGen_ModularCodeGenTypedCompositeActor.mk
-rw-rw-r-- 1 travis travis  1384 Jul  8 01:41 ModularCodeGen_ModularCodeGenTypedCompositeActor_profile.class
-rw-rw-r-- 1 travis travis  1328 Jul  8 01:41 ModularCodeGen_ModularCodeGenTypedCompositeActor_profile.java
-rw-rw-r-- 1 travis travis  3492 Jul  8 01:40 ModularCodeGenTest_A1_A2.class
-rw-rw-r-- 1 travis travis  9164 Jul  8 01:40 ModularCodeGenTest_A1_A2.java
-rw-rw-r-- 1 travis travis   904 Jul  8 01:40 ModularCodeGenTest_A1_A2.mk
-rw-rw-r-- 1 travis travis  1306 Jul  8 01:40 ModularCodeGenTest_A1_A2_profile.class
-rw-rw-r-- 1 travis travis  1228 Jul  8 01:40 ModularCodeGenTest_A1_A2_profile.java
-rw-rw-r-- 1 travis travis  3823 Jul  8 01:40 ModularCodeGenTest_A1.class
-rw-rw-r-- 1 travis travis  9968 Jul  8 01:40 ModularCodeGenTest_A1.java
-rw-rw-r-- 1 travis travis   880 Jul  8 01:40 ModularCodeGenTest_A1.mk
-rw-rw-r-- 1 travis travis  1352 Jul  8 01:40 ModularCodeGenTest_A1_profile.class
-rw-rw-r-- 1 travis travis  1394 Jul  8 01:40 ModularCodeGenTest_A1_profile.java
-rw-rw-r-- 1 travis travis   432 Jul  8 01:41 Token.class
-rw-rw-r-- 1 travis travis   251 Jul  8 01:41 Token.java
In "/home/travis/cg", about to execute:
    javac -classpath
.:/home/travis/build/icyphy/ptII:/home/travis/build/icyphy/ptII/lib/bsh-2.0b4.j
ar:/home/travis/build/icyphy/ptII/lib/ptCal.jar:/home/travis/build/icyphy/ptII/
lib/java_cup.jar:/home/travis/build/icyphy/ptII/lib/saxon8.jar:/home/travis/bui
ld/icyphy/ptII/lib/saxon8-dom.jar:/home/travis/build/icyphy/ptII/lib/chic.jar:/
home/travis/build/icyphy/ptII/lib/ptcolt.jar:/usr/lib/jvm/java-8-oracle/lib/too
ls.jar:/usr/lib/eclipse/plugins/org.eclipse.jdt.core_3.8.2.dist.jar:/usr/lib/ec
lipse/plugins/org.eclipse.core.runtime_3.8.0.dist.jar:/usr/lib/eclipse/plugins/
org.eclipse.osgi_3.8.1.dist.jar:/usr/lib/eclipse/plugins/org.eclipse.core.resou
rces_3.8.1.dist.jar:/usr/lib/eclipse/plugins/org.eclipse.equinox.common_3.6.100
.dist.jar:/usr/lib/eclipse/plugins/org.eclipse.core.jobs_3.5.200.dist.jar:/usr/
lib/eclipse/plugins/org.eclipse.core.contenttype_3.4.200.dist.jar:/usr/lib/ecli
pse/plugins/org.eclipse.equinox.preferences_3.5.0.dist.jar:/usr/lib/eclipse/plu
gins/org.eclipse.text_3.5.200.dist.jar:/usr/lib/eclipse/plugins/org.eclipse.ui.
workbench_3.8.1.dist.jar:/usr/lib/eclipse/plugins/org.eclipse.jface_3.8.0.dist.
jar:/usr/lib/eclipse/plugins/org.eclipse.swt_3.8.2.jar:/usr/lib/eclipse/plugins
/org.eclipse.jface.text_3.8.1.dist.jar:/usr/lib/eclipse/plugins/org.eclipse.ui.
workbench.texteditor_3.8.0.dist.jar:/usr/lib/eclipse/plugins/org.eclipse.ui.edi
tors_3.8.0.dist.jar:/usr/lib/eclipse/plugins/org.eclipse.core.commands_3.6.1.di
st.jar:/usr/lib/eclipse/plugins/org.eclipse.equinox.registry_3.5.200.dist.jar:/
usr/lib/eclipse/plugins/org.eclipse.ui.console_3.5.100.dist.jar:/usr/lib/eclips
e/plugins/org.eclipse.ui.forms_3.5.200.dist.jar:/usr/lib/eclipse/plugins/org.ec
lipse.ui.ide_3.8.1.dist.jar:/home/travis/build/icyphy/ptII/vendors/oracle/dbxml
.jar:/home/travis/build/icyphy/ptII/vendors/oracle/db.jar:/home/travis/build/ic
yphy/ptII/vendors/misc/itext/iText.jar:/home/travis/build/icyphy/ptII/lib/g4ltl
.jar:/home/travis/build/icyphy/ptII/lib/StructuralCoder.jar:/home/travis/build/
icyphy/ptII/lib/org-openide-util.jar:/home/travis/build/icyphy/ptII/lib/org-ope
nide-util-lookup.jar:/home/travis/build/icyphy/ptII/lib/org-netbeans-api-visual
.jar:/home/travis/build/icyphy/ptII/vendors/jai-1_1_2_01/lib/jai_core.jar:/home
/travis/build/icyphy/ptII/vendors/jai-1_1_2_01/lib/jai_codec.jar:/home/travis/b
uild/icyphy/ptII/lib/jcerti.jar:/home/travis/build/icyphy/ptII/lib/smack.jar:/h
ome/travis/build/icyphy/ptII/lib/smackx.jar:/home/travis/build/icyphy/ptII/lib/
jetty-all-8.1.5-v20120716.jar:/home/travis/build/icyphy/ptII/lib/javax.servlet-
api-3.0.1.jar:/home/travis/build/icyphy/ptII/lib/javax.mail.jar:/home/travis/bu
ild/icyphy/ptII/vendors/JMF-2.1.1e/lib/jmf.jar:/home/travis/build/icyphy/ptII/l
ib/jna-4.0.0-variadic.jar:/home/travis/build/icyphy/ptII/vendors/misc/joystick/
Joystick.jar:/home/travis/build/icyphy/ptII/lib/ptjacl.jar:/home/travis/build/i
cyphy/ptII/lib/jsoup-1.8.2.jar:/home/travis/build/icyphy/ptII/lib/junit-4.8.2.j
ar:/home/travis/build/icyphy/ptII/lib/JUnitParams-0.4.0.jar:/home/travis/build/
icyphy/ptII/ptolemy/actor/lib/excel/jxl.jar:/home/travis/build/icyphy/ptII/lib/
jython.jar:/home/travis/build/icyphy/ptII/lib/kieler.jar:/home/travis/build/icy
phy/ptII/vendors/opencv/share/OpenCV/java/opencv-341.jar:/home/travis/build/icy
phy/ptII/lib/oscP5.jar:/home/travis/build/icyphy/ptII/lib/nrjavaserial-3.11.0.d
evel.jar:/home/travis/build/icyphy/ptII/vendors/j3d/lib/j3dcore.jar:/home/travi
s/build/icyphy/ptII/vendors/j3d/lib/j3dutils.jar:/home/travis/build/icyphy/ptII
/vendors/j3d/lib/vecmath.jar:/home/travis/build/icyphy/ptII/ptolemy/distributed
/jini/jar/jini-core.jar:/home/travis/build/icyphy/ptII/ptolemy/distributed/jini
/jar/jini-ext.jar:/home/travis/build/icyphy/ptII/ptolemy/distributed/jini/jar/s
un-util.jar:/home/travis/build/icyphy/ptII/lib/protobuf-java-2.4.1.jar:/home/tr
avis/build/icyphy/ptII/lib/org.eclipse.paho.client.mqttv3.jar:/home/travis/buil
d/icyphy/ptII/ptserver/lib/hessian-4.0.7.jar:/home/travis/build/icyphy/ptII/pts
erver/lib/wmqtt.jar:/home/travis/build/icyphy/ptII/lib/mapss.jar:/home/travis/b
uild/icyphy/ptII/ptolemy/actor/ptalon/antlr/antlr.jar:/home/travis/build/icyphy
/ptII/lib/JRI.jar:/home/travis/build/icyphy/ptII/lib/commons-lang-2.6.jar:/home
/travis/build/icyphy/ptII/lib/commons-logging-1.1.1.jar:/home/travis/build/icyp
hy/ptII/lib/sootclasses.jar:/home/travis/build/icyphy/ptII/ptolemy/actor/lib/da
tabase/mysql-connector-java-5.1.6-bin.jar:/home/travis/build/icyphy/ptII/vendor
s/misc/sphinx4/sphinx4-data-5prealpha.jar:/home/travis/build/icyphy/ptII/vendor
s/misc/sphinx4/sphinx4-core-5prealpha.jar:/home/travis/build/icyphy/ptII/lib/PD
FRenderer.jar:/home/travis/build/icyphy/ptII/lib/svgSalamander.jar:/home/travis
/build/icyphy/ptII/lib/rsyntaxtextarea-2.6.0-SNAPSHOT.jar:/home/travis/build/ic
yphy/ptII/lib/hazelcast-3.8.2.jar:/home/travis/build/icyphy/ptII/lib/jackson-an
notations-2.9.0.jar:/home/travis/build/icyphy/ptII/lib/jackson-core-2.9.3.jar:/
home/travis/build/icyphy/ptII/lib/jackson-databind-2.9.3.jar:/home/travis/build
/icyphy/ptII/lib/netty-buffer-4.1.19.Final.jar:/home/travis/build/icyphy/ptII/l
ib/netty-codec-4.1.19.Final.jar:/home/travis/build/icyphy/ptII/lib/netty-codec-
dns-4.1.19.Final.jar:/home/travis/build/icyphy/ptII/lib/netty-codec-http-4.1.19
.Final.jar:/home/travis/build/icyphy/ptII/lib/netty-codec-http2-4.1.19.Final.ja
r:/home/travis/build/icyphy/ptII/lib/netty-common-4.1.19.Final.jar:/home/travis
/build/icyphy/ptII/lib/netty-handler-4.1.19.Final.jar:/home/travis/build/icyphy
/ptII/lib/netty-resolver-4.1.19.Final.jar:/home/travis/build/icyphy/ptII/lib/ne
tty-resolver-dns-4.1.19.Final.jar:/home/travis/build/icyphy/ptII/lib/netty-tran
sport-4.1.19.Final.jar:/home/travis/build/icyphy/ptII/lib/vertx-codegen-3.5.1.j
ar:/home/travis/build/icyphy/ptII/lib/vertx-core-3.5.2-SNAPSHOT.jar:/home/travi
s/build/icyphy/ptII/lib/vertx-hazelcast-3.5.1.jar:/home/travis/build/icyphy/ptI
I/lib/vertx-lang-js-3.5.1.jar:/home/travis/build/icyphy/ptII/lib/vertx-service-
proxy-3.5.1.jar:/home/travis/build/icyphy/ptII/lib/vertx-web-3.5.1.jar:/home/tr
avis/build/icyphy/ptII/lib/slf4j-api-1.7.13.jar:/home/travis/build/icyphy/ptII/
lib/slf4j-simple-1.7.13.jar:/home/travis/build/icyphy/ptII/lib/webcam-capture-0
.3.12.jar:/home/travis/build/icyphy/ptII/lib/bridj-0.7.0.jar:/home/travis/build
/icyphy/ptII/lib/xbjlib-1.1.0.nrjavaserial.jar:/home/travis/build/icyphy/ptII/p
tolemy/moml/test:/home/travis/build/icyphy/ptII/ant/lib/ant-launcher.jar:/home/
travis/build/icyphy/ptII/ant/lib/ant.jar:/home/travis/build/icyphy/ptII/ant/lib
/ant-junit.jar:/home/travis/build/icyphy/ptII/ant/lib/ant-junit4.jar:/home/trav
is/build/icyphy/ptII ModularCodeGen3_A2_profile.java
warning: Supported source version 'RELEASE_6' from annotation processor 'org.netbeans.modules.openide.util.NbBundleProcessor' less than -source '1.8'
warning: Supported source version 'RELEASE_6' from annotation processor 'org.netbeans.modules.openide.util.URLStreamHandlerRegistrationProcessor' less than -source '1.8'
warning: Supported source version 'RELEASE_6' from annotation processor 'org.netbeans.modules.openide.util.ServiceProviderProcessor' less than -source '1.8'
3 warnings
All Done
Writing ModularCodeGen3_A2.java in file:/home/travis/cg/ (15957 characters)
Reading "ptolemy/cg/kernel/generic/program/procedural/java/modular/makefile.in",
    writing "/home/travis/cg/ModularCodeGen3_A2.mk"
Using ptolemy/cg/kernel/generic/program/procedural/java/modular/makefile.in
In "/home/travis/cg", about to execute:
    make -f ModularCodeGen3_A2.mk
javac -classpath ".:.."    ModularCodeGen3_A2.java
All Done
Manager.initialize() finished: 13352 ms. Memory: 526848K Free: 345313K (66%)
13356 ms. Memory: 526848K Free: 345313K (66%)
----------------- Invoking toplevel() on ptolemy.moml.MoMLSimpleApplication@61877362
----------------- Done invoking toplevel() on ptolemy.moml.MoMLSimpleApplication@61877362
reloadAllAccessors: .ModularCodeGen3

===========================================================================================
----------------- testing Sun Jul 08 01:41:34 UTC 2018 /home/travis/build/icyphy/ptII/ptolemy/cg/lib/test/auto/ModularCodeGen4.xml
----------------- Instantiating /home/travis/build/icyphy/ptII/ptolemy/cg/lib/test/auto/ModularCodeGen4.xml
In "/home/travis/cg", about to execute:
    pwd
In "/home/travis/cg", about to execute:
    ls -l
/home/travis/cg
In "/home/travis/cg", about to execute:
    javac -classpath
.:/home/travis/build/icyphy/ptII:/home/travis/build/icyphy/ptII/lib/bsh-2.0b4.j
ar:/home/travis/build/icyphy/ptII/lib/ptCal.jar:/home/travis/build/icyphy/ptII/
lib/java_cup.jar:/home/travis/build/icyphy/ptII/lib/saxon8.jar:/home/travis/bui
ld/icyphy/ptII/lib/saxon8-dom.jar:/home/travis/build/icyphy/ptII/lib/chic.jar:/
home/travis/build/icyphy/ptII/lib/ptcolt.jar:/usr/lib/jvm/java-8-oracle/lib/too
ls.jar:/usr/lib/eclipse/plugins/org.eclipse.jdt.core_3.8.2.dist.jar:/usr/lib/ec
lipse/plugins/org.eclipse.core.runtime_3.8.0.dist.jar:/usr/lib/eclipse/plugins/
org.eclipse.osgi_3.8.1.dist.jar:/usr/lib/eclipse/plugins/org.eclipse.core.resou
rces_3.8.1.dist.jar:/usr/lib/eclipse/plugins/org.eclipse.equinox.common_3.6.100
.dist.jar:/usr/lib/eclipse/plugins/org.eclipse.core.jobs_3.5.200.dist.jar:/usr/
lib/eclipse/plugins/org.eclipse.core.contenttype_3.4.200.dist.jar:/usr/lib/ecli
pse/plugins/org.eclipse.equinox.preferences_3.5.0.dist.jar:/usr/lib/eclipse/plu
gins/org.eclipse.text_3.5.200.dist.jar:/usr/lib/eclipse/plugins/org.eclipse.ui.
workbench_3.8.1.dist.jar:/usr/lib/eclipse/plugins/org.eclipse.jface_3.8.0.dist.
jar:/usr/lib/eclipse/plugins/org.eclipse.swt_3.8.2.jar:/usr/lib/eclipse/plugins
/org.eclipse.jface.text_3.8.1.dist.jar:/usr/lib/eclipse/plugins/org.eclipse.ui.
workbench.texteditor_3.8.0.dist.jar:/usr/lib/eclipse/plugins/org.eclipse.ui.edi
tors_3.8.0.dist.jar:/usr/lib/eclipse/plugins/org.eclipse.core.commands_3.6.1.di
st.jar:/usr/lib/eclipse/plugins/org.eclipse.equinox.registry_3.5.200.dist.jar:/
usr/lib/eclipse/plugins/org.eclipse.ui.console_3.5.100.dist.jar:/usr/lib/eclips
e/plugins/org.eclipse.ui.forms_3.5.200.dist.jar:/usr/lib/eclipse/plugins/org.ec
lipse.ui.ide_3.8.1.dist.jar:/home/travis/build/icyphy/ptII/vendors/oracle/dbxml
.jar:/home/travis/build/icyphy/ptII/vendors/oracle/db.jar:/home/travis/build/ic
yphy/ptII/vendors/misc/itext/iText.jar:/home/travis/build/icyphy/ptII/lib/g4ltl
.jar:/home/travis/build/icyphy/ptII/lib/StructuralCoder.jar:/home/travis/build/
icyphy/ptII/lib/org-openide-util.jar:/home/travis/build/icyphy/ptII/lib/org-ope
nide-util-lookup.jar:/home/travis/build/icyphy/ptII/lib/org-netbeans-api-visual
.jar:/home/travis/build/icyphy/ptII/vendors/jai-1_1_2_01/lib/jai_core.jar:/home
/travis/build/icyphy/ptII/vendors/jai-1_1_2_01/lib/jai_codec.jar:/home/travis/b
uild/icyphy/ptII/lib/jcerti.jar:/home/travis/build/icyphy/ptII/lib/smack.jar:/h
ome/travis/build/icyphy/ptII/lib/smackx.jar:/home/travis/build/icyphy/ptII/lib/
jetty-all-8.1.5-v20120716.jar:/home/travis/build/icyphy/ptII/lib/javax.servlet-
api-3.0.1.jar:/home/travis/build/icyphy/ptII/lib/javax.mail.jar:/home/travis/bu
ild/icyphy/ptII/vendors/JMF-2.1.1e/lib/jmf.jar:/home/travis/build/icyphy/ptII/l
ib/jna-4.0.0-variadic.jar:/home/travis/build/icyphy/ptII/vendors/misc/joystick/
Joystick.jar:/home/travis/build/icyphy/ptII/lib/ptjacl.jar:/home/travis/build/i
cyphy/ptII/lib/jsoup-1.8.2.jar:/home/travis/build/icyphy/ptII/lib/junit-4.8.2.j
ar:/home/travis/build/icyphy/ptII/lib/JUnitParams-0.4.0.jar:/home/travis/build/
icyphy/ptII/ptolemy/actor/lib/excel/jxl.jar:/home/travis/build/icyphy/ptII/lib/
jython.jar:/home/travis/build/icyphy/ptII/lib/kieler.jar:/home/travis/build/icy
phy/ptII/vendors/opencv/share/OpenCV/java/opencv-341.jar:/home/travis/build/icy
phy/ptII/lib/oscP5.jar:/home/travis/build/icyphy/ptII/lib/nrjavaserial-3.11.0.d
evel.jar:/home/travis/build/icyphy/ptII/vendors/j3d/lib/j3dcore.jar:/home/travi
s/build/icyphy/ptII/vendors/j3d/lib/j3dutils.jar:/home/travis/build/icyphy/ptII
/vendors/j3d/lib/vecmath.jar:/home/travis/build/icyphy/ptII/ptolemy/distributed
/jini/jar/jini-core.jar:/home/travis/build/icyphy/ptII/ptolemy/distributed/jini
/jar/jini-ext.jar:/home/travis/build/icyphy/ptII/ptolemy/distributed/jini/jar/s
un-util.jar:/home/travis/build/icyphy/ptII/lib/protobuf-java-2.4.1.jar:/home/tr
avis/build/icyphy/ptII/lib/org.eclipse.paho.client.mqttv3.jar:/home/travis/buil
d/icyphy/ptII/ptserver/lib/hessian-4.0.7.jar:/home/travis/build/icyphy/ptII/pts
erver/lib/wmqtt.jar:/home/travis/build/icyphy/ptII/lib/mapss.jar:/home/travis/b
uild/icyphy/ptII/ptolemy/actor/ptalon/antlr/antlr.jar:/home/travis/build/icyphy
/ptII/lib/JRI.jar:/home/travis/build/icyphy/ptII/lib/commons-lang-2.6.jar:/home
/travis/build/icyphy/ptII/lib/commons-logging-1.1.1.jar:/home/travis/build/icyp
hy/ptII/lib/sootclasses.jar:/home/travis/build/icyphy/ptII/ptolemy/actor/lib/da
tabase/mysql-connector-java-5.1.6-bin.jar:/home/travis/build/icyphy/ptII/vendor
s/misc/sphinx4/sphinx4-data-5prealpha.jar:/home/travis/build/icyphy/ptII/vendor
s/misc/sphinx4/sphinx4-core-5prealpha.jar:/home/travis/build/icyphy/ptII/lib/PD
FRenderer.jar:/home/travis/build/icyphy/ptII/lib/svgSalamander.jar:/home/travis
/build/icyphy/ptII/lib/rsyntaxtextarea-2.6.0-SNAPSHOT.jar:/home/travis/build/ic
yphy/ptII/lib/hazelcast-3.8.2.jar:/home/travis/build/icyphy/ptII/lib/jackson-an
notations-2.9.0.jar:/home/travis/build/icyphy/ptII/lib/jackson-core-2.9.3.jar:/
home/travis/build/icyphy/ptII/lib/jackson-databind-2.9.3.jar:/home/travis/build
/icyphy/ptII/lib/netty-buffer-4.1.19.Final.jar:/home/travis/build/icyphy/ptII/l
ib/netty-codec-4.1.19.Final.jar:/home/travis/build/icyphy/ptII/lib/netty-codec-
dns-4.1.19.Final.jar:/home/travis/build/icyphy/ptII/lib/netty-codec-http-4.1.19
.Final.jar:/home/travis/build/icyphy/ptII/lib/netty-codec-http2-4.1.19.Final.ja
r:/home/travis/build/icyphy/ptII/lib/netty-common-4.1.19.Final.jar:/home/travis
/build/icyphy/ptII/lib/netty-handler-4.1.19.Final.jar:/home/travis/build/icyphy
/ptII/lib/netty-resolver-4.1.19.Final.jar:/home/travis/build/icyphy/ptII/lib/ne
tty-resolver-dns-4.1.19.Final.jar:/home/travis/build/icyphy/ptII/lib/netty-tran
sport-4.1.19.Final.jar:/home/travis/build/icyphy/ptII/lib/vertx-codegen-3.5.1.j
ar:/home/travis/build/icyphy/ptII/lib/vertx-core-3.5.2-SNAPSHOT.jar:/home/travi
s/build/icyphy/ptII/lib/vertx-hazelcast-3.5.1.jar:/home/travis/build/icyphy/ptI
I/lib/vertx-lang-js-3.5.1.jar:/home/travis/build/icyphy/ptII/lib/vertx-service-
proxy-3.5.1.jar:/home/travis/build/icyphy/ptII/lib/vertx-web-3.5.1.jar:/home/tr
avis/build/icyphy/ptII/lib/slf4j-api-1.7.13.jar:/home/travis/build/icyphy/ptII/
lib/slf4j-simple-1.7.13.jar:/home/travis/build/icyphy/ptII/lib/webcam-capture-0
.3.12.jar:/home/travis/build/icyphy/ptII/lib/bridj-0.7.0.jar:/home/travis/build
/icyphy/ptII/lib/xbjlib-1.1.0.nrjavaserial.jar:/home/travis/build/icyphy/ptII/p
tolemy/moml/test:/home/travis/build/icyphy/ptII/ant/lib/ant-launcher.jar:/home/
travis/build/icyphy/ptII/ant/lib/ant.jar:/home/travis/build/icyphy/ptII/ant/lib
/ant-junit.jar:/home/travis/build/icyphy/ptII/ant/lib/ant-junit4.jar:/home/trav
is/build/icyphy/ptII ModularCodeGen4_A1_B1_profile.java
total 728
-rw-rw-r-- 1 travis travis  4895 Jul  8 01:40 CompiledCompositeActor_CompiledCompositeActor.class
-rw-rw-r-- 1 travis travis  1592 Jul  8 01:40 CompiledCompositeActor_CompiledCompositeActor$_CompiledCompositeActor_CompiledCompositeActor.class
-rw-rw-r-- 1 travis travis 13466 Jul  8 01:40 CompiledCompositeActor_CompiledCompositeActor.java
-rw-rw-r-- 1 travis travis  1593 Jul  8 01:40 CompiledCompositeActor_CompiledCompositeActor.mk
-rw-rw-r-- 1 travis travis  4457 Jul  8 01:40 JavaCompiledCompositeTest1_CompiledCompositeActor.class
-rw-rw-r-- 1 travis travis 11637 Jul  8 01:40 JavaCompiledCompositeTest1_CompiledCompositeActor.java
-rw-rw-r-- 1 travis travis  1198 Jul  8 01:40 JavaCompiledCompositeTest1_CompiledCompositeActor$_JavaCompiledCompositeTest1_CompiledCompositeActor.class
-rw-rw-r-- 1 travis travis  1625 Jul  8 01:40 JavaCompiledCompositeTest1_CompiledCompositeActor.mk
-rw-rw-r-- 1 travis travis  4888 Jul  8 01:40 JavaCompiledCompositeTest2_CompiledCompositeActor.class
-rw-rw-r-- 1 travis travis 14919 Jul  8 01:40 JavaCompiledCompositeTest2_CompiledCompositeActor.java
-rw-rw-r-- 1 travis travis  1793 Jul  8 01:40 JavaCompiledCompositeTest2_CompiledCompositeActor$_JavaCompiledCompositeTest2_CompiledCompositeActor.class
-rw-rw-r-- 1 travis travis  1625 Jul  8 01:40 JavaCompiledCompositeTest2_CompiledCompositeActor.mk
-rw-rw-r-- 1 travis travis  4505 Jul  8 01:40 JavaCompiledCompositeTest3_CompiledCompositeActor.class
-rw-rw-r-- 1 travis travis 13080 Jul  8 01:40 JavaCompiledCompositeTest3_CompiledCompositeActor.java
-rw-rw-r-- 1 travis travis  1378 Jul  8 01:40 JavaCompiledCompositeTest3_CompiledCompositeActor$_JavaCompiledCompositeTest3_CompiledCompositeActor.class
-rw-rw-r-- 1 travis travis  1625 Jul  8 01:40 JavaCompiledCompositeTest3_CompiledCompositeActor.mk
-rw-rw-r-- 1 travis travis  3953 Jul  8 01:40 JavaCompiledCompositeTest4_CompiledCompositeActor.class
-rw-rw-r-- 1 travis travis  9687 Jul  8 01:40 JavaCompiledCompositeTest4_CompiledCompositeActor.java
-rw-rw-r-- 1 travis travis   857 Jul  8 01:40 JavaCompiledCompositeTest4_CompiledCompositeActor$_JavaCompiledCompositeTest4_CompiledCompositeActor.class
-rw-rw-r-- 1 travis travis  1625 Jul  8 01:40 JavaCompiledCompositeTest4_CompiledCompositeActor.mk
-rw-rw-r-- 1 travis travis  3693 Jul  8 01:40 ModularCG_A1_B1.class
-rw-rw-r-- 1 travis travis  9730 Jul  8 01:40 ModularCG_A1_B1.java
-rw-rw-r-- 1 travis travis   832 Jul  8 01:40 ModularCG_A1_B1.mk
-rw-rw-r-- 1 travis travis  1318 Jul  8 01:40 ModularCG_A1_B1_profile.class
-rw-rw-r-- 1 travis travis  1262 Jul  8 01:40 ModularCG_A1_B1_profile.java
-rw-rw-r-- 1 travis travis  3693 Jul  8 01:40 ModularCG_A1_B2.class
-rw-rw-r-- 1 travis travis  9730 Jul  8 01:40 ModularCG_A1_B2.java
-rw-rw-r-- 1 travis travis   832 Jul  8 01:40 ModularCG_A1_B2.mk
-rw-rw-r-- 1 travis travis  1318 Jul  8 01:40 ModularCG_A1_B2_profile.class
-rw-rw-r-- 1 travis travis  1262 Jul  8 01:40 ModularCG_A1_B2_profile.java
-rw-rw-r-- 1 travis travis  4799 Jul  8 01:41 ModularCG_A1.class
-rw-rw-r-- 1 travis travis 14742 Jul  8 01:41 ModularCG_A1.java
-rw-rw-r-- 1 travis travis   808 Jul  8 01:41 ModularCG_A1.mk
-rw-rw-r-- 1 travis travis  1433 Jul  8 01:41 ModularCG_A1_profile.class
-rw-rw-r-- 1 travis travis  1704 Jul  8 01:40 ModularCG_A1_profile.java
-rw-rw-r-- 1 travis travis  3827 Jul  8 01:41 ModularCG_A2_B1.class
-rw-rw-r-- 1 travis travis 10667 Jul  8 01:41 ModularCG_A2_B1.java
-rw-rw-r-- 1 travis travis   832 Jul  8 01:41 ModularCG_A2_B1.mk
-rw-rw-r-- 1 travis travis  1381 Jul  8 01:41 ModularCG_A2_B1_profile.class
-rw-rw-r-- 1 travis travis  1446 Jul  8 01:41 ModularCG_A2_B1_profile.java
-rw-rw-r-- 1 travis travis  3693 Jul  8 01:41 ModularCG_A2_B2.class
-rw-rw-r-- 1 travis travis  9730 Jul  8 01:41 ModularCG_A2_B2.java
-rw-rw-r-- 1 travis travis   832 Jul  8 01:41 ModularCG_A2_B2.mk
-rw-rw-r-- 1 travis travis  1318 Jul  8 01:41 ModularCG_A2_B2_profile.class
-rw-rw-r-- 1 travis travis  1262 Jul  8 01:41 ModularCG_A2_B2_profile.java
-rw-rw-r-- 1 travis travis  4870 Jul  8 01:41 ModularCG_A2.class
-rw-rw-r-- 1 travis travis 15129 Jul  8 01:41 ModularCG_A2.java
-rw-rw-r-- 1 travis travis   808 Jul  8 01:41 ModularCG_A2.mk
-rw-rw-r-- 1 travis travis  1433 Jul  8 01:41 ModularCG_A2_profile.class
-rw-rw-r-- 1 travis travis  1704 Jul  8 01:41 ModularCG_A2_profile.java
-rw-rw-r-- 1 travis travis  3473 Jul  8 01:41 ModularCGPubSub_A1_A2.class
-rw-rw-r-- 1 travis travis  9076 Jul  8 01:41 ModularCGPubSub_A1_A2.java
-rw-rw-r-- 1 travis travis   880 Jul  8 01:41 ModularCGPubSub_A1_A2.mk
-rw-rw-r-- 1 travis travis  1300 Jul  8 01:41 ModularCGPubSub_A1_A2_profile.class
-rw-rw-r-- 1 travis travis  1222 Jul  8 01:41 ModularCGPubSub_A1_A2_profile.java
-rw-rw-r-- 1 travis travis  3790 Jul  8 01:41 ModularCGPubSub_A1.class
-rw-rw-r-- 1 travis travis  9836 Jul  8 01:41 ModularCGPubSub_A1.java
-rw-rw-r-- 1 travis travis   856 Jul  8 01:41 ModularCGPubSub_A1.mk
-rw-rw-r-- 1 travis travis  1346 Jul  8 01:41 ModularCGPubSub_A1_profile.class
-rw-rw-r-- 1 travis travis  1388 Jul  8 01:41 ModularCGPubSub_A1_profile.java
-rw-rw-r-- 1 travis travis  3988 Jul  8 01:41 ModularCodeGen2_ModularCodeGenTypedCompositeActor.class
-rw-rw-r-- 1 travis travis 11690 Jul  8 01:41 ModularCodeGen2_ModularCodeGenTypedCompositeActor.java
-rw-rw-r-- 1 travis travis  1104 Jul  8 01:41 ModularCodeGen2_ModularCodeGenTypedCompositeActor.mk
-rw-rw-r-- 1 travis travis  4272 Jul  8 01:41 ModularCodeGen2_ModularCodeGenTypedCompositeActor_ModularCodeGenTypedCompositeActor.class
-rw-rw-r-- 1 travis travis 11790 Jul  8 01:41 ModularCodeGen2_ModularCodeGenTypedCompositeActor_ModularCodeGenTypedCompositeActor.java
-rw-rw-r-- 1 travis travis  1376 Jul  8 01:41 ModularCodeGen2_ModularCodeGenTypedCompositeActor_ModularCodeGenTypedCompositeActor.mk
-rw-rw-r-- 1 travis travis  1421 Jul  8 01:41 ModularCodeGen2_ModularCodeGenTypedCompositeActor_ModularCodeGenTypedCompositeActor_profile.class
-rw-rw-r-- 1 travis travis  1294 Jul  8 01:41 ModularCodeGen2_ModularCodeGenTypedCompositeActor_ModularCodeGenTypedCompositeActor_profile.java
-rw-rw-r-- 1 travis travis   820 Jul  8 01:41 ModularCodeGen2_ModularCodeGenTypedCompositeActor_profile.class
-rw-rw-r-- 1 travis travis   693 Jul  8 01:41 ModularCodeGen2_ModularCodeGenTypedCompositeActor_profile.java
-rw-rw-r-- 1 travis travis  3741 Jul  8 01:41 ModularCodeGen3_A1_B1.class
-rw-rw-r-- 1 travis travis  9958 Jul  8 01:41 ModularCodeGen3_A1_B1.java
-rw-rw-r-- 1 travis travis   880 Jul  8 01:41 ModularCodeGen3_A1_B1.mk
-rw-rw-r-- 1 travis travis  1330 Jul  8 01:41 ModularCodeGen3_A1_B1_profile.class
-rw-rw-r-- 1 travis travis  1274 Jul  8 01:41 ModularCodeGen3_A1_B1_profile.java
-rw-rw-r-- 1 travis travis  3741 Jul  8 01:41 ModularCodeGen3_A1_B2.class
-rw-rw-r-- 1 travis travis  9958 Jul  8 01:41 ModularCodeGen3_A1_B2.java
-rw-rw-r-- 1 travis travis   880 Jul  8 01:41 ModularCodeGen3_A1_B2.mk
-rw-rw-r-- 1 travis travis  1330 Jul  8 01:41 ModularCodeGen3_A1_B2_profile.class
-rw-rw-r-- 1 travis travis  1274 Jul  8 01:41 ModularCodeGen3_A1_B2_profile.java
-rw-rw-r-- 1 travis travis  4961 Jul  8 01:41 ModularCodeGen3_A1.class
-rw-rw-r-- 1 travis travis 15564 Jul  8 01:41 ModularCodeGen3_A1.java
-rw-rw-r-- 1 travis travis   856 Jul  8 01:41 ModularCodeGen3_A1.mk
-rw-rw-r-- 1 travis travis  1445 Jul  8 01:41 ModularCodeGen3_A1_profile.class
-rw-rw-r-- 1 travis travis  1716 Jul  8 01:41 ModularCodeGen3_A1_profile.java
-rw-rw-r-- 1 travis travis  3887 Jul  8 01:41 ModularCodeGen3_A2_B1.class
-rw-rw-r-- 1 travis travis 10955 Jul  8 01:41 ModularCodeGen3_A2_B1.java
-rw-rw-r-- 1 travis travis   880 Jul  8 01:41 ModularCodeGen3_A2_B1.mk
-rw-rw-r-- 1 travis travis  1393 Jul  8 01:41 ModularCodeGen3_A2_B1_profile.class
-rw-rw-r-- 1 travis travis  1458 Jul  8 01:41 ModularCodeGen3_A2_B1_profile.java
-rw-rw-r-- 1 travis travis  3741 Jul  8 01:41 ModularCodeGen3_A2_B2.class
-rw-rw-r-- 1 travis travis  9958 Jul  8 01:41 ModularCodeGen3_A2_B2.java
-rw-rw-r-- 1 travis travis   880 Jul  8 01:41 ModularCodeGen3_A2_B2.mk
-rw-rw-r-- 1 travis travis  1330 Jul  8 01:41 ModularCodeGen3_A2_B2_profile.class
-rw-rw-r-- 1 travis travis  1274 Jul  8 01:41 ModularCodeGen3_A2_B2_profile.java
-rw-rw-r-- 1 travis travis  5038 Jul  8 01:41 ModularCodeGen3_A2.class
-rw-rw-r-- 1 travis travis 15957 Jul  8 01:41 ModularCodeGen3_A2.java
-rw-rw-r-- 1 travis travis   856 Jul  8 01:41 ModularCodeGen3_A2.mk
-rw-rw-r-- 1 travis travis  1445 Jul  8 01:41 ModularCodeGen3_A2_profile.class
-rw-rw-r-- 1 travis travis  1716 Jul  8 01:41 ModularCodeGen3_A2_profile.java
-rw-rw-r-- 1 travis travis  1273 Jul  8 01:41 ModularCodeGen4_A1_B1_profile.java
-rw-rw-r-- 1 travis travis  3954 Jul  8 01:41 ModularCodeGen_ModularCodeGenTypedCompositeActor.class
-rw-rw-r-- 1 travis travis 10970 Jul  8 01:41 ModularCodeGen_ModularCodeGenTypedCompositeActor.java
-rw-rw-r-- 1 travis travis  1096 Jul  8 01:41 ModularCodeGen_ModularCodeGenTypedCompositeActor.mk
-rw-rw-r-- 1 travis travis  1384 Jul  8 01:41 ModularCodeGen_ModularCodeGenTypedCompositeActor_profile.class
-rw-rw-r-- 1 travis travis  1328 Jul  8 01:41 ModularCodeGen_ModularCodeGenTypedCompositeActor_profile.java
-rw-rw-r-- 1 travis travis  3492 Jul  8 01:40 ModularCodeGenTest_A1_A2.class
-rw-rw-r-- 1 travis travis  9164 Jul  8 01:40 ModularCodeGenTest_A1_A2.java
-rw-rw-r-- 1 travis travis   904 Jul  8 01:40 ModularCodeGenTest_A1_A2.mk
-rw-rw-r-- 1 travis travis  1306 Jul  8 01:40 ModularCodeGenTest_A1_A2_profile.class
-rw-rw-r-- 1 travis travis  1228 Jul  8 01:40 ModularCodeGenTest_A1_A2_profile.java
-rw-rw-r-- 1 travis travis  3823 Jul  8 01:40 ModularCodeGenTest_A1.class
-rw-rw-r-- 1 travis travis  9968 Jul  8 01:40 ModularCodeGenTest_A1.java
-rw-rw-r-- 1 travis travis   880 Jul  8 01:40 ModularCodeGenTest_A1.mk
-rw-rw-r-- 1 travis travis  1352 Jul  8 01:40 ModularCodeGenTest_A1_profile.class
-rw-rw-r-- 1 travis travis  1394 Jul  8 01:40 ModularCodeGenTest_A1_profile.java
-rw-rw-r-- 1 travis travis   432 Jul  8 01:41 Token.class
-rw-rw-r-- 1 travis travis   251 Jul  8 01:41 Token.java
warning: Supported source version 'RELEASE_6' from annotation processor 'org.netbeans.modules.openide.util.NbBundleProcessor' less than -source '1.8'
warning: Supported source version 'RELEASE_6' from annotation processor 'org.netbeans.modules.openide.util.URLStreamHandlerRegistrationProcessor' less than -source '1.8'
warning: Supported source version 'RELEASE_6' from annotation processor 'org.netbeans.modules.openide.util.ServiceProviderProcessor' less than -source '1.8'
3 warnings
All Done
Writing ModularCodeGen4_A1_B1.java in file:/home/travis/cg/ (10312 characters)
Reading "ptolemy/cg/kernel/generic/program/procedural/java/modular/makefile.in",
    writing "/home/travis/cg/ModularCodeGen4_A1_B1.mk"
Using ptolemy/cg/kernel/generic/program/procedural/java/modular/makefile.in
In "/home/travis/cg", about to execute:
    make -f ModularCodeGen4_A1_B1.mk
javac -classpath ".:.."    ModularCodeGen4_A1_B1.java
All Done
In "/home/travis/cg", about to execute:
    pwd
In "/home/travis/cg", about to execute:
    ls -l
/home/travis/cg
In "/home/travis/cg", about to execute:
    javac -classpath
.:/home/travis/build/icyphy/ptII:/home/travis/build/icyphy/ptII/lib/bsh-2.0b4.j
ar:/home/travis/build/icyphy/ptII/lib/ptCal.jar:/home/travis/build/icyphy/ptII/
lib/java_cup.jar:/home/travis/build/icyphy/ptII/lib/saxon8.jar:/home/travis/bui
ld/icyphy/ptII/lib/saxon8-dom.jar:/home/travis/build/icyphy/ptII/lib/chic.jar:/
home/travis/build/icyphy/ptII/lib/ptcolt.jar:/usr/lib/jvm/java-8-oracle/lib/too
ls.jar:/usr/lib/eclipse/plugins/org.eclipse.jdt.core_3.8.2.dist.jar:/usr/lib/ec
lipse/plugins/org.eclipse.core.runtime_3.8.0.dist.jar:/usr/lib/eclipse/plugins/
org.eclipse.osgi_3.8.1.dist.jar:/usr/lib/eclipse/plugins/org.eclipse.core.resou
rces_3.8.1.dist.jar:/usr/lib/eclipse/plugins/org.eclipse.equinox.common_3.6.100
.dist.jar:/usr/lib/eclipse/plugins/org.eclipse.core.jobs_3.5.200.dist.jar:/usr/
lib/eclipse/plugins/org.eclipse.core.contenttype_3.4.200.dist.jar:/usr/lib/ecli
pse/plugins/org.eclipse.equinox.preferences_3.5.0.dist.jar:/usr/lib/eclipse/plu
gins/org.eclipse.text_3.5.200.dist.jar:/usr/lib/eclipse/plugins/org.eclipse.ui.
workbench_3.8.1.dist.jar:/usr/lib/eclipse/plugins/org.eclipse.jface_3.8.0.dist.
jar:/usr/lib/eclipse/plugins/org.eclipse.swt_3.8.2.jar:/usr/lib/eclipse/plugins
/org.eclipse.jface.text_3.8.1.dist.jar:/usr/lib/eclipse/plugins/org.eclipse.ui.
workbench.texteditor_3.8.0.dist.jar:/usr/lib/eclipse/plugins/org.eclipse.ui.edi
tors_3.8.0.dist.jar:/usr/lib/eclipse/plugins/org.eclipse.core.commands_3.6.1.di
st.jar:/usr/lib/eclipse/plugins/org.eclipse.equinox.registry_3.5.200.dist.jar:/
usr/lib/eclipse/plugins/org.eclipse.ui.console_3.5.100.dist.jar:/usr/lib/eclips
e/plugins/org.eclipse.ui.forms_3.5.200.dist.jar:/usr/lib/eclipse/plugins/org.ec
lipse.ui.ide_3.8.1.dist.jar:/home/travis/build/icyphy/ptII/vendors/oracle/dbxml
.jar:/home/travis/build/icyphy/ptII/vendors/oracle/db.jar:/home/travis/build/ic
yphy/ptII/vendors/misc/itext/iText.jar:/home/travis/build/icyphy/ptII/lib/g4ltl
.jar:/home/travis/build/icyphy/ptII/lib/StructuralCoder.jar:/home/travis/build/
icyphy/ptII/lib/org-openide-util.jar:/home/travis/build/icyphy/ptII/lib/org-ope
nide-util-lookup.jar:/home/travis/build/icyphy/ptII/lib/org-netbeans-api-visual
.jar:/home/travis/build/icyphy/ptII/vendors/jai-1_1_2_01/lib/jai_core.jar:/home
/travis/build/icyphy/ptII/vendors/jai-1_1_2_01/lib/jai_codec.jar:/home/travis/b
uild/icyphy/ptII/lib/jcerti.jar:/home/travis/build/icyphy/ptII/lib/smack.jar:/h
ome/travis/build/icyphy/ptII/lib/smackx.jar:/home/travis/build/icyphy/ptII/lib/
jetty-all-8.1.5-v20120716.jar:/home/travis/build/icyphy/ptII/lib/javax.servlet-
api-3.0.1.jar:/home/travis/build/icyphy/ptII/lib/javax.mail.jar:/home/travis/bu
ild/icyphy/ptII/vendors/JMF-2.1.1e/lib/jmf.jar:/home/travis/build/icyphy/ptII/l
ib/jna-4.0.0-variadic.jar:/home/travis/build/icyphy/ptII/vendors/misc/joystick/
Joystick.jar:/home/travis/build/icyphy/ptII/lib/ptjacl.jar:/home/travis/build/i
cyphy/ptII/lib/jsoup-1.8.2.jar:/home/travis/build/icyphy/ptII/lib/junit-4.8.2.j
ar:/home/travis/build/icyphy/ptII/lib/JUnitParams-0.4.0.jar:/home/travis/build/
icyphy/ptII/ptolemy/actor/lib/excel/jxl.jar:/home/travis/build/icyphy/ptII/lib/
jython.jar:/home/travis/build/icyphy/ptII/lib/kieler.jar:/home/travis/build/icy
phy/ptII/vendors/opencv/share/OpenCV/java/opencv-341.jar:/home/travis/build/icy
phy/ptII/lib/oscP5.jar:/home/travis/build/icyphy/ptII/lib/nrjavaserial-3.11.0.d
evel.jar:/home/travis/build/icyphy/ptII/vendors/j3d/lib/j3dcore.jar:/home/travi
s/build/icyphy/ptII/vendors/j3d/lib/j3dutils.jar:/home/travis/build/icyphy/ptII
/vendors/j3d/lib/vecmath.jar:/home/travis/build/icyphy/ptII/ptolemy/distributed
/jini/jar/jini-core.jar:/home/travis/build/icyphy/ptII/ptolemy/distributed/jini
/jar/jini-ext.jar:/home/travis/build/icyphy/ptII/ptolemy/distributed/jini/jar/s
un-util.jar:/home/travis/build/icyphy/ptII/lib/protobuf-java-2.4.1.jar:/home/tr
avis/build/icyphy/ptII/lib/org.eclipse.paho.client.mqttv3.jar:/home/travis/buil
d/icyphy/ptII/ptserver/lib/hessian-4.0.7.jar:/home/travis/build/icyphy/ptII/pts
erver/lib/wmqtt.jar:/home/travis/build/icyphy/ptII/lib/mapss.jar:/home/travis/b
uild/icyphy/ptII/ptolemy/actor/ptalon/antlr/antlr.jar:/home/travis/build/icyphy
/ptII/lib/JRI.jar:/home/travis/build/icyphy/ptII/lib/commons-lang-2.6.jar:/home
/travis/build/icyphy/ptII/lib/commons-logging-1.1.1.jar:/home/travis/build/icyp
hy/ptII/lib/sootclasses.jar:/home/travis/build/icyphy/ptII/ptolemy/actor/lib/da
tabase/mysql-connector-java-5.1.6-bin.jar:/home/travis/build/icyphy/ptII/vendor
s/misc/sphinx4/sphinx4-data-5prealpha.jar:/home/travis/build/icyphy/ptII/vendor
s/misc/sphinx4/sphinx4-core-5prealpha.jar:/home/travis/build/icyphy/ptII/lib/PD
FRenderer.jar:/home/travis/build/icyphy/ptII/lib/svgSalamander.jar:/home/travis
/build/icyphy/ptII/lib/rsyntaxtextarea-2.6.0-SNAPSHOT.jar:/home/travis/build/ic
yphy/ptII/lib/hazelcast-3.8.2.jar:/home/travis/build/icyphy/ptII/lib/jackson-an
notations-2.9.0.jar:/home/travis/build/icyphy/ptII/lib/jackson-core-2.9.3.jar:/
home/travis/build/icyphy/ptII/lib/jackson-databind-2.9.3.jar:/home/travis/build
/icyphy/ptII/lib/netty-buffer-4.1.19.Final.jar:/home/travis/build/icyphy/ptII/l
ib/netty-codec-4.1.19.Final.jar:/home/travis/build/icyphy/ptII/lib/netty-codec-
dns-4.1.19.Final.jar:/home/travis/build/icyphy/ptII/lib/netty-codec-http-4.1.19
.Final.jar:/home/travis/build/icyphy/ptII/lib/netty-codec-http2-4.1.19.Final.ja
r:/home/travis/build/icyphy/ptII/lib/netty-common-4.1.19.Final.jar:/home/travis
/build/icyphy/ptII/lib/netty-handler-4.1.19.Final.jar:/home/travis/build/icyphy
/ptII/lib/netty-resolver-4.1.19.Final.jar:/home/travis/build/icyphy/ptII/lib/ne
tty-resolver-dns-4.1.19.Final.jar:/home/travis/build/icyphy/ptII/lib/netty-tran
sport-4.1.19.Final.jar:/home/travis/build/icyphy/ptII/lib/vertx-codegen-3.5.1.j
ar:/home/travis/build/icyphy/ptII/lib/vertx-core-3.5.2-SNAPSHOT.jar:/home/travi
s/build/icyphy/ptII/lib/vertx-hazelcast-3.5.1.jar:/home/travis/build/icyphy/ptI
I/lib/vertx-lang-js-3.5.1.jar:/home/travis/build/icyphy/ptII/lib/vertx-service-
proxy-3.5.1.jar:/home/travis/build/icyphy/ptII/lib/vertx-web-3.5.1.jar:/home/tr
avis/build/icyphy/ptII/lib/slf4j-api-1.7.13.jar:/home/travis/build/icyphy/ptII/
lib/slf4j-simple-1.7.13.jar:/home/travis/build/icyphy/ptII/lib/webcam-capture-0
.3.12.jar:/home/travis/build/icyphy/ptII/lib/bridj-0.7.0.jar:/home/travis/build
/icyphy/ptII/lib/xbjlib-1.1.0.nrjavaserial.jar:/home/travis/build/icyphy/ptII/p
tolemy/moml/test:/home/travis/build/icyphy/ptII/ant/lib/ant-launcher.jar:/home/
travis/build/icyphy/ptII/ant/lib/ant.jar:/home/travis/build/icyphy/ptII/ant/lib
/ant-junit.jar:/home/travis/build/icyphy/ptII/ant/lib/ant-junit4.jar:/home/trav
is/build/icyphy/ptII ModularCodeGen4_A1_B2_profile.java
total 756
-rw-rw-r-- 1 travis travis  4895 Jul  8 01:40 CompiledCompositeActor_CompiledCompositeActor.class
-rw-rw-r-- 1 travis travis  1592 Jul  8 01:40 CompiledCompositeActor_CompiledCompositeActor$_CompiledCompositeActor_CompiledCompositeActor.class
-rw-rw-r-- 1 travis travis 13466 Jul  8 01:40 CompiledCompositeActor_CompiledCompositeActor.java
-rw-rw-r-- 1 travis travis  1593 Jul  8 01:40 CompiledCompositeActor_CompiledCompositeActor.mk
-rw-rw-r-- 1 travis travis  4457 Jul  8 01:40 JavaCompiledCompositeTest1_CompiledCompositeActor.class
-rw-rw-r-- 1 travis travis 11637 Jul  8 01:40 JavaCompiledCompositeTest1_CompiledCompositeActor.java
-rw-rw-r-- 1 travis travis  1198 Jul  8 01:40 JavaCompiledCompositeTest1_CompiledCompositeActor$_JavaCompiledCompositeTest1_CompiledCompositeActor.class
-rw-rw-r-- 1 travis travis  1625 Jul  8 01:40 JavaCompiledCompositeTest1_CompiledCompositeActor.mk
-rw-rw-r-- 1 travis travis  4888 Jul  8 01:40 JavaCompiledCompositeTest2_CompiledCompositeActor.class
-rw-rw-r-- 1 travis travis 14919 Jul  8 01:40 JavaCompiledCompositeTest2_CompiledCompositeActor.java
-rw-rw-r-- 1 travis travis  1793 Jul  8 01:40 JavaCompiledCompositeTest2_CompiledCompositeActor$_JavaCompiledCompositeTest2_CompiledCompositeActor.class
-rw-rw-r-- 1 travis travis  1625 Jul  8 01:40 JavaCompiledCompositeTest2_CompiledCompositeActor.mk
-rw-rw-r-- 1 travis travis  4505 Jul  8 01:40 JavaCompiledCompositeTest3_CompiledCompositeActor.class
-rw-rw-r-- 1 travis travis 13080 Jul  8 01:40 JavaCompiledCompositeTest3_CompiledCompositeActor.java
-rw-rw-r-- 1 travis travis  1378 Jul  8 01:40 JavaCompiledCompositeTest3_CompiledCompositeActor$_JavaCompiledCompositeTest3_CompiledCompositeActor.class
-rw-rw-r-- 1 travis travis  1625 Jul  8 01:40 JavaCompiledCompositeTest3_CompiledCompositeActor.mk
-rw-rw-r-- 1 travis travis  3953 Jul  8 01:40 JavaCompiledCompositeTest4_CompiledCompositeActor.class
-rw-rw-r-- 1 travis travis  9687 Jul  8 01:40 JavaCompiledCompositeTest4_CompiledCompositeActor.java
-rw-rw-r-- 1 travis travis   857 Jul  8 01:40 JavaCompiledCompositeTest4_CompiledCompositeActor$_JavaCompiledCompositeTest4_CompiledCompositeActor.class
-rw-rw-r-- 1 travis travis  1625 Jul  8 01:40 JavaCompiledCompositeTest4_CompiledCompositeActor.mk
-rw-rw-r-- 1 travis travis  3693 Jul  8 01:40 ModularCG_A1_B1.class
-rw-rw-r-- 1 travis travis  9730 Jul  8 01:40 ModularCG_A1_B1.java
-rw-rw-r-- 1 travis travis   832 Jul  8 01:40 ModularCG_A1_B1.mk
-rw-rw-r-- 1 travis travis  1318 Jul  8 01:40 ModularCG_A1_B1_profile.class
-rw-rw-r-- 1 travis travis  1262 Jul  8 01:40 ModularCG_A1_B1_profile.java
-rw-rw-r-- 1 travis travis  3693 Jul  8 01:40 ModularCG_A1_B2.class
-rw-rw-r-- 1 travis travis  9730 Jul  8 01:40 ModularCG_A1_B2.java
-rw-rw-r-- 1 travis travis   832 Jul  8 01:40 ModularCG_A1_B2.mk
-rw-rw-r-- 1 travis travis  1318 Jul  8 01:40 ModularCG_A1_B2_profile.class
-rw-rw-r-- 1 travis travis  1262 Jul  8 01:40 ModularCG_A1_B2_profile.java
-rw-rw-r-- 1 travis travis  4799 Jul  8 01:41 ModularCG_A1.class
-rw-rw-r-- 1 travis travis 14742 Jul  8 01:41 ModularCG_A1.java
-rw-rw-r-- 1 travis travis   808 Jul  8 01:41 ModularCG_A1.mk
-rw-rw-r-- 1 travis travis  1433 Jul  8 01:41 ModularCG_A1_profile.class
-rw-rw-r-- 1 travis travis  1704 Jul  8 01:40 ModularCG_A1_profile.java
-rw-rw-r-- 1 travis travis  3827 Jul  8 01:41 ModularCG_A2_B1.class
-rw-rw-r-- 1 travis travis 10667 Jul  8 01:41 ModularCG_A2_B1.java
-rw-rw-r-- 1 travis travis   832 Jul  8 01:41 ModularCG_A2_B1.mk
-rw-rw-r-- 1 travis travis  1381 Jul  8 01:41 ModularCG_A2_B1_profile.class
-rw-rw-r-- 1 travis travis  1446 Jul  8 01:41 ModularCG_A2_B1_profile.java
-rw-rw-r-- 1 travis travis  3693 Jul  8 01:41 ModularCG_A2_B2.class
-rw-rw-r-- 1 travis travis  9730 Jul  8 01:41 ModularCG_A2_B2.java
-rw-rw-r-- 1 travis travis   832 Jul  8 01:41 ModularCG_A2_B2.mk
-rw-rw-r-- 1 travis travis  1318 Jul  8 01:41 ModularCG_A2_B2_profile.class
-rw-rw-r-- 1 travis travis  1262 Jul  8 01:41 ModularCG_A2_B2_profile.java
-rw-rw-r-- 1 travis travis  4870 Jul  8 01:41 ModularCG_A2.class
-rw-rw-r-- 1 travis travis 15129 Jul  8 01:41 ModularCG_A2.java
-rw-rw-r-- 1 travis travis   808 Jul  8 01:41 ModularCG_A2.mk
-rw-rw-r-- 1 travis travis  1433 Jul  8 01:41 ModularCG_A2_profile.class
-rw-rw-r-- 1 travis travis  1704 Jul  8 01:41 ModularCG_A2_profile.java
-rw-rw-r-- 1 travis travis  3473 Jul  8 01:41 ModularCGPubSub_A1_A2.class
-rw-rw-r-- 1 travis travis  9076 Jul  8 01:41 ModularCGPubSub_A1_A2.java
-rw-rw-r-- 1 travis travis   880 Jul  8 01:41 ModularCGPubSub_A1_A2.mk
-rw-rw-r-- 1 travis travis  1300 Jul  8 01:41 ModularCGPubSub_A1_A2_profile.class
-rw-rw-r-- 1 travis travis  1222 Jul  8 01:41 ModularCGPubSub_A1_A2_profile.java
-rw-rw-r-- 1 travis travis  3790 Jul  8 01:41 ModularCGPubSub_A1.class
-rw-rw-r-- 1 travis travis  9836 Jul  8 01:41 ModularCGPubSub_A1.java
-rw-rw-r-- 1 travis travis   856 Jul  8 01:41 ModularCGPubSub_A1.mk
-rw-rw-r-- 1 travis travis  1346 Jul  8 01:41 ModularCGPubSub_A1_profile.class
-rw-rw-r-- 1 travis travis  1388 Jul  8 01:41 ModularCGPubSub_A1_profile.java
-rw-rw-r-- 1 travis travis  3988 Jul  8 01:41 ModularCodeGen2_ModularCodeGenTypedCompositeActor.class
-rw-rw-r-- 1 travis travis 11690 Jul  8 01:41 ModularCodeGen2_ModularCodeGenTypedCompositeActor.java
-rw-rw-r-- 1 travis travis  1104 Jul  8 01:41 ModularCodeGen2_ModularCodeGenTypedCompositeActor.mk
-rw-rw-r-- 1 travis travis  4272 Jul  8 01:41 ModularCodeGen2_ModularCodeGenTypedCompositeActor_ModularCodeGenTypedCompositeActor.class
-rw-rw-r-- 1 travis travis 11790 Jul  8 01:41 ModularCodeGen2_ModularCodeGenTypedCompositeActor_ModularCodeGenTypedCompositeActor.java
-rw-rw-r-- 1 travis travis  1376 Jul  8 01:41 ModularCodeGen2_ModularCodeGenTypedCompositeActor_ModularCodeGenTypedCompositeActor.mk
-rw-rw-r-- 1 travis travis  1421 Jul  8 01:41 ModularCodeGen2_ModularCodeGenTypedCompositeActor_ModularCodeGenTypedCompositeActor_profile.class
-rw-rw-r-- 1 travis travis  1294 Jul  8 01:41 ModularCodeGen2_ModularCodeGenTypedCompositeActor_ModularCodeGenTypedCompositeActor_profile.java
-rw-rw-r-- 1 travis travis   820 Jul  8 01:41 ModularCodeGen2_ModularCodeGenTypedCompositeActor_profile.class
-rw-rw-r-- 1 travis travis   693 Jul  8 01:41 ModularCodeGen2_ModularCodeGenTypedCompositeActor_profile.java
-rw-rw-r-- 1 travis travis  3741 Jul  8 01:41 ModularCodeGen3_A1_B1.class
-rw-rw-r-- 1 travis travis  9958 Jul  8 01:41 ModularCodeGen3_A1_B1.java
-rw-rw-r-- 1 travis travis   880 Jul  8 01:41 ModularCodeGen3_A1_B1.mk
-rw-rw-r-- 1 travis travis  1330 Jul  8 01:41 ModularCodeGen3_A1_B1_profile.class
-rw-rw-r-- 1 travis travis  1274 Jul  8 01:41 ModularCodeGen3_A1_B1_profile.java
-rw-rw-r-- 1 travis travis  3741 Jul  8 01:41 ModularCodeGen3_A1_B2.class
-rw-rw-r-- 1 travis travis  9958 Jul  8 01:41 ModularCodeGen3_A1_B2.java
-rw-rw-r-- 1 travis travis   880 Jul  8 01:41 ModularCodeGen3_A1_B2.mk
-rw-rw-r-- 1 travis travis  1330 Jul  8 01:41 ModularCodeGen3_A1_B2_profile.class
-rw-rw-r-- 1 travis travis  1274 Jul  8 01:41 ModularCodeGen3_A1_B2_profile.java
-rw-rw-r-- 1 travis travis  4961 Jul  8 01:41 ModularCodeGen3_A1.class
-rw-rw-r-- 1 travis travis 15564 Jul  8 01:41 ModularCodeGen3_A1.java
-rw-rw-r-- 1 travis travis   856 Jul  8 01:41 ModularCodeGen3_A1.mk
-rw-rw-r-- 1 travis travis  1445 Jul  8 01:41 ModularCodeGen3_A1_profile.class
-rw-rw-r-- 1 travis travis  1716 Jul  8 01:41 ModularCodeGen3_A1_profile.java
-rw-rw-r-- 1 travis travis  3887 Jul  8 01:41 ModularCodeGen3_A2_B1.class
-rw-rw-r-- 1 travis travis 10955 Jul  8 01:41 ModularCodeGen3_A2_B1.java
-rw-rw-r-- 1 travis travis   880 Jul  8 01:41 ModularCodeGen3_A2_B1.mk
-rw-rw-r-- 1 travis travis  1393 Jul  8 01:41 ModularCodeGen3_A2_B1_profile.class
-rw-rw-r-- 1 travis travis  1458 Jul  8 01:41 ModularCodeGen3_A2_B1_profile.java
-rw-rw-r-- 1 travis travis  3741 Jul  8 01:41 ModularCodeGen3_A2_B2.class
-rw-rw-r-- 1 travis travis  9958 Jul  8 01:41 ModularCodeGen3_A2_B2.java
-rw-rw-r-- 1 travis travis   880 Jul  8 01:41 ModularCodeGen3_A2_B2.mk
-rw-rw-r-- 1 travis travis  1330 Jul  8 01:41 ModularCodeGen3_A2_B2_profile.class
-rw-rw-r-- 1 travis travis  1274 Jul  8 01:41 ModularCodeGen3_A2_B2_profile.java
-rw-rw-r-- 1 travis travis  5038 Jul  8 01:41 ModularCodeGen3_A2.class
-rw-rw-r-- 1 travis travis 15957 Jul  8 01:41 ModularCodeGen3_A2.java
-rw-rw-r-- 1 travis travis   856 Jul  8 01:41 ModularCodeGen3_A2.mk
-rw-rw-r-- 1 travis travis  1445 Jul  8 01:41 ModularCodeGen3_A2_profile.class
-rw-rw-r-- 1 travis travis  1716 Jul  8 01:41 ModularCodeGen3_A2_profile.java
-rw-rw-r-- 1 travis travis  3794 Jul  8 01:41 ModularCodeGen4_A1_B1.class
-rw-rw-r-- 1 travis travis 10312 Jul  8 01:41 ModularCodeGen4_A1_B1.java
-rw-rw-r-- 1 travis travis   880 Jul  8 01:41 ModularCodeGen4_A1_B1.mk
-rw-rw-r-- 1 travis travis  1330 Jul  8 01:41 ModularCodeGen4_A1_B1_profile.class
-rw-rw-r-- 1 travis travis  1273 Jul  8 01:41 ModularCodeGen4_A1_B1_profile.java
-rw-rw-r-- 1 travis travis  1273 Jul  8 01:41 ModularCodeGen4_A1_B2_profile.java
-rw-rw-r-- 1 travis travis  3954 Jul  8 01:41 ModularCodeGen_ModularCodeGenTypedCompositeActor.class
-rw-rw-r-- 1 travis travis 10970 Jul  8 01:41 ModularCodeGen_ModularCodeGenTypedCompositeActor.java
-rw-rw-r-- 1 travis travis  1096 Jul  8 01:41 ModularCodeGen_ModularCodeGenTypedCompositeActor.mk
-rw-rw-r-- 1 travis travis  1384 Jul  8 01:41 ModularCodeGen_ModularCodeGenTypedCompositeActor_profile.class
-rw-rw-r-- 1 travis travis  1328 Jul  8 01:41 ModularCodeGen_ModularCodeGenTypedCompositeActor_profile.java
-rw-rw-r-- 1 travis travis  3492 Jul  8 01:40 ModularCodeGenTest_A1_A2.class
-rw-rw-r-- 1 travis travis  9164 Jul  8 01:40 ModularCodeGenTest_A1_A2.java
-rw-rw-r-- 1 travis travis   904 Jul  8 01:40 ModularCodeGenTest_A1_A2.mk
-rw-rw-r-- 1 travis travis  1306 Jul  8 01:40 ModularCodeGenTest_A1_A2_profile.class
-rw-rw-r-- 1 travis travis  1228 Jul  8 01:40 ModularCodeGenTest_A1_A2_profile.java
-rw-rw-r-- 1 travis travis  3823 Jul  8 01:40 ModularCodeGenTest_A1.class
-rw-rw-r-- 1 travis travis  9968 Jul  8 01:40 ModularCodeGenTest_A1.java
-rw-rw-r-- 1 travis travis   880 Jul  8 01:40 ModularCodeGenTest_A1.mk
-rw-rw-r-- 1 travis travis  1352 Jul  8 01:40 ModularCodeGenTest_A1_profile.class
-rw-rw-r-- 1 travis travis  1394 Jul  8 01:40 ModularCodeGenTest_A1_profile.java
-rw-rw-r-- 1 travis travis   432 Jul  8 01:41 Token.class
-rw-rw-r-- 1 travis travis   251 Jul  8 01:41 Token.java
warning: Supported source version 'RELEASE_6' from annotation processor 'org.netbeans.modules.openide.util.NbBundleProcessor' less than -source '1.8'
warning: Supported source version 'RELEASE_6' from annotation processor 'org.netbeans.modules.openide.util.URLStreamHandlerRegistrationProcessor' less than -source '1.8'
warning: Supported source version 'RELEASE_6' from annotation processor 'org.netbeans.modules.openide.util.ServiceProviderProcessor' less than -source '1.8'
3 warnings
All Done
Writing ModularCodeGen4_A1_B2.java in file:/home/travis/cg/ (10312 characters)
Reading "ptolemy/cg/kernel/generic/program/procedural/java/modular/makefile.in",
    writing "/home/travis/cg/ModularCodeGen4_A1_B2.mk"
Using ptolemy/cg/kernel/generic/program/procedural/java/modular/makefile.in
In "/home/travis/cg", about to execute:
    make -f ModularCodeGen4_A1_B2.mk
javac -classpath ".:.."    ModularCodeGen4_A1_B2.java
All Done
In "/home/travis/cg", about to execute:
    pwd
/home/travis/cg
In "/home/travis/cg", about to execute:
    ls -l
total 784
-rw-rw-r-- 1 travis travis  4895 Jul  8 01:40 CompiledCompositeActor_CompiledCompositeActor.class
-rw-rw-r-- 1 travis travis  1592 Jul  8 01:40 CompiledCompositeActor_CompiledCompositeActor$_CompiledCompositeActor_CompiledCompositeActor.class
-rw-rw-r-- 1 travis travis 13466 Jul  8 01:40 CompiledCompositeActor_CompiledCompositeActor.java
-rw-rw-r-- 1 travis travis  1593 Jul  8 01:40 CompiledCompositeActor_CompiledCompositeActor.mk
-rw-rw-r-- 1 travis travis  4457 Jul  8 01:40 JavaCompiledCompositeTest1_CompiledCompositeActor.class
-rw-rw-r-- 1 travis travis 11637 Jul  8 01:40 JavaCompiledCompositeTest1_CompiledCompositeActor.java
-rw-rw-r-- 1 travis travis  1198 Jul  8 01:40 JavaCompiledCompositeTest1_CompiledCompositeActor$_JavaCompiledCompositeTest1_CompiledCompositeActor.class
-rw-rw-r-- 1 travis travis  1625 Jul  8 01:40 JavaCompiledCompositeTest1_CompiledCompositeActor.mk
-rw-rw-r-- 1 travis travis  4888 Jul  8 01:40 JavaCompiledCompositeTest2_CompiledCompositeActor.class
-rw-rw-r-- 1 travis travis 14919 Jul  8 01:40 JavaCompiledCompositeTest2_CompiledCompositeActor.java
-rw-rw-r-- 1 travis travis  1793 Jul  8 01:40 JavaCompiledCompositeTest2_CompiledCompositeActor$_JavaCompiledCompositeTest2_CompiledCompositeActor.class
-rw-rw-r-- 1 travis travis  1625 Jul  8 01:40 JavaCompiledCompositeTest2_CompiledCompositeActor.mk
-rw-rw-r-- 1 travis travis  4505 Jul  8 01:40 JavaCompiledCompositeTest3_CompiledCompositeActor.class
-rw-rw-r-- 1 travis travis 13080 Jul  8 01:40 JavaCompiledCompositeTest3_CompiledCompositeActor.java
-rw-rw-r-- 1 travis travis  1378 Jul  8 01:40 JavaCompiledCompositeTest3_CompiledCompositeActor$_JavaCompiledCompositeTest3_CompiledCompositeActor.class
-rw-rw-r-- 1 travis travis  1625 Jul  8 01:40 JavaCompiledCompositeTest3_CompiledCompositeActor.mk
-rw-rw-r-- 1 travis travis  3953 Jul  8 01:40 JavaCompiledCompositeTest4_CompiledCompositeActor.class
-rw-rw-r-- 1 travis travis  9687 Jul  8 01:40 JavaCompiledCompositeTest4_CompiledCompositeActor.java
-rw-rw-r-- 1 travis travis   857 Jul  8 01:40 JavaCompiledCompositeTest4_CompiledCompositeActor$_JavaCompiledCompositeTest4_CompiledCompositeActor.class
-rw-rw-r-- 1 travis travis  1625 Jul  8 01:40 JavaCompiledCompositeTest4_CompiledCompositeActor.mk
-rw-rw-r-- 1 travis travis  3693 Jul  8 01:40 ModularCG_A1_B1.class
-rw-rw-r-- 1 travis travis  9730 Jul  8 01:40 ModularCG_A1_B1.java
-rw-rw-r-- 1 travis travis   832 Jul  8 01:40 ModularCG_A1_B1.mk
-rw-rw-r-- 1 travis travis  1318 Jul  8 01:40 ModularCG_A1_B1_profile.class
-rw-rw-r-- 1 travis travis  1262 Jul  8 01:40 ModularCG_A1_B1_profile.java
-rw-rw-r-- 1 travis travis  3693 Jul  8 01:40 ModularCG_A1_B2.class
-rw-rw-r-- 1 travis travis  9730 Jul  8 01:40 ModularCG_A1_B2.java
-rw-rw-r-- 1 travis travis   832 Jul  8 01:40 ModularCG_A1_B2.mk
-rw-rw-r-- 1 travis travis  1318 Jul  8 01:40 ModularCG_A1_B2_profile.class
-rw-rw-r-- 1 travis travis  1262 Jul  8 01:40 ModularCG_A1_B2_profile.java
-rw-rw-r-- 1 travis travis  4799 Jul  8 01:41 ModularCG_A1.class
-rw-rw-r-- 1 travis travis 14742 Jul  8 01:41 ModularCG_A1.java
-rw-rw-r-- 1 travis travis   808 Jul  8 01:41 ModularCG_A1.mk
-rw-rw-r-- 1 travis travis  1433 Jul  8 01:41 ModularCG_A1_profile.class
-rw-rw-r-- 1 travis travis  1704 Jul  8 01:40 ModularCG_A1_profile.java
-rw-rw-r-- 1 travis travis  3827 Jul  8 01:41 ModularCG_A2_B1.class
-rw-rw-r-- 1 travis travis 10667 Jul  8 01:41 ModularCG_A2_B1.java
-rw-rw-r-- 1 travis travis   832 Jul  8 01:41 ModularCG_A2_B1.mk
-rw-rw-r-- 1 travis travis  1381 Jul  8 01:41 ModularCG_A2_B1_profile.class
-rw-rw-r-- 1 travis travis  1446 Jul  8 01:41 ModularCG_A2_B1_profile.java
-rw-rw-r-- 1 travis travis  3693 Jul  8 01:41 ModularCG_A2_B2.class
-rw-rw-r-- 1 travis travis  9730 Jul  8 01:41 ModularCG_A2_B2.java
-rw-rw-r-- 1 travis travis   832 Jul  8 01:41 ModularCG_A2_B2.mk
-rw-rw-r-- 1 travis travis  1318 Jul  8 01:41 ModularCG_A2_B2_profile.class
-rw-rw-r-- 1 travis travis  1262 Jul  8 01:41 ModularCG_A2_B2_profile.java
-rw-rw-r-- 1 travis travis  4870 Jul  8 01:41 ModularCG_A2.class
-rw-rw-r-- 1 travis travis 15129 Jul  8 01:41 ModularCG_A2.java
-rw-rw-r-- 1 travis travis   808 Jul  8 01:41 ModularCG_A2.mk
-rw-rw-r-- 1 travis travis  1433 Jul  8 01:41 ModularCG_A2_profile.class
-rw-rw-r-- 1 travis travis  1704 Jul  8 01:41 ModularCG_A2_profile.java
-rw-rw-r-- 1 travis travis  3473 Jul  8 01:41 ModularCGPubSub_A1_A2.class
-rw-rw-r-- 1 travis travis  9076 Jul  8 01:41 ModularCGPubSub_A1_A2.java
-rw-rw-r-- 1 travis travis   880 Jul  8 01:41 ModularCGPubSub_A1_A2.mk
-rw-rw-r-- 1 travis travis  1300 Jul  8 01:41 ModularCGPubSub_A1_A2_profile.class
-rw-rw-r-- 1 travis travis  1222 Jul  8 01:41 ModularCGPubSub_A1_A2_profile.java
-rw-rw-r-- 1 travis travis  3790 Jul  8 01:41 ModularCGPubSub_A1.class
-rw-rw-r-- 1 travis travis  9836 Jul  8 01:41 ModularCGPubSub_A1.java
-rw-rw-r-- 1 travis travis   856 Jul  8 01:41 ModularCGPubSub_A1.mk
-rw-rw-r-- 1 travis travis  1346 Jul  8 01:41 ModularCGPubSub_A1_profile.class
-rw-rw-r-- 1 travis travis  1388 Jul  8 01:41 ModularCGPubSub_A1_profile.java
-rw-rw-r-- 1 travis travis  3988 Jul  8 01:41 ModularCodeGen2_ModularCodeGenTypedCompositeActor.class
-rw-rw-r-- 1 travis travis 11690 Jul  8 01:41 ModularCodeGen2_ModularCodeGenTypedCompositeActor.java
-rw-rw-r-- 1 travis travis  1104 Jul  8 01:41 ModularCodeGen2_ModularCodeGenTypedCompositeActor.mk
-rw-rw-r-- 1 travis travis  4272 Jul  8 01:41 ModularCodeGen2_ModularCodeGenTypedCompositeActor_ModularCodeGenTypedCompositeActor.class
-rw-rw-r-- 1 travis travis 11790 Jul  8 01:41 ModularCodeGen2_ModularCodeGenTypedCompositeActor_ModularCodeGenTypedCompositeActor.java
-rw-rw-r-- 1 travis travis  1376 Jul  8 01:41 ModularCodeGen2_ModularCodeGenTypedCompositeActor_ModularCodeGenTypedCompositeActor.mk
-rw-rw-r-- 1 travis travis  1421 Jul  8 01:41 ModularCodeGen2_ModularCodeGenTypedCompositeActor_ModularCodeGenTypedCompositeActor_profile.class
-rw-rw-r-- 1 travis travis  1294 Jul  8 01:41 ModularCodeGen2_ModularCodeGenTypedCompositeActor_ModularCodeGenTypedCompositeActor_profile.java
-rw-rw-r-- 1 travis travis   820 Jul  8 01:41 ModularCodeGen2_ModularCodeGenTypedCompositeActor_profile.class
-rw-rw-r-- 1 travis travis   693 Jul  8 01:41 ModularCodeGen2_ModularCodeGenTypedCompositeActor_profile.java
-rw-rw-r-- 1 travis travis  3741 Jul  8 01:41 ModularCodeGen3_A1_B1.class
-rw-rw-r-- 1 travis travis  9958 Jul  8 01:41 ModularCodeGen3_A1_B1.java
-rw-rw-r-- 1 travis travis   880 Jul  8 01:41 ModularCodeGen3_A1_B1.mk
-rw-rw-r-- 1 travis travis  1330 Jul  8 01:41 ModularCodeGen3_A1_B1_profile.class
-rw-rw-r-- 1 travis travis  1274 Jul  8 01:41 ModularCodeGen3_A1_B1_profile.java
-rw-rw-r-- 1 travis travis  3741 Jul  8 01:41 ModularCodeGen3_A1_B2.class
-rw-rw-r-- 1 travis travis  9958 Jul  8 01:41 ModularCodeGen3_A1_B2.java
-rw-rw-r-- 1 travis travis   880 Jul  8 01:41 ModularCodeGen3_A1_B2.mk
-rw-rw-r-- 1 travis travis  1330 Jul  8 01:41 ModularCodeGen3_A1_B2_profile.class
-rw-rw-r-- 1 travis travis  1274 Jul  8 01:41 ModularCodeGen3_A1_B2_profile.java
-rw-rw-r-- 1 travis travis  4961 Jul  8 01:41 ModularCodeGen3_A1.class
-rw-rw-r-- 1 travis travis 15564 Jul  8 01:41 ModularCodeGen3_A1.java
-rw-rw-r-- 1 travis travis   856 Jul  8 01:41 ModularCodeGen3_A1.mk
-rw-rw-r-- 1 travis travis  1445 Jul  8 01:41 ModularCodeGen3_A1_profile.class
-rw-rw-r-- 1 travis travis  1716 Jul  8 01:41 ModularCodeGen3_A1_profile.java
-rw-rw-r-- 1 travis travis  3887 Jul  8 01:41 ModularCodeGen3_A2_B1.class
-rw-rw-r-- 1 travis travis 10955 Jul  8 01:41 ModularCodeGen3_A2_B1.java
-rw-rw-r-- 1 travis travis   880 Jul  8 01:41 ModularCodeGen3_A2_B1.mk
-rw-rw-r-- 1 travis travis  1393 Jul  8 01:41 ModularCodeGen3_A2_B1_profile.class
-rw-rw-r-- 1 travis travis  1458 Jul  8 01:41 ModularCodeGen3_A2_B1_profile.java
-rw-rw-r-- 1 travis travis  3741 Jul  8 01:41 ModularCodeGen3_A2_B2.class
-rw-rw-r-- 1 travis travis  9958 Jul  8 01:41 ModularCodeGen3_A2_B2.java
-rw-rw-r-- 1 travis travis   880 Jul  8 01:41 ModularCodeGen3_A2_B2.mk
-rw-rw-r-- 1 travis travis  1330 Jul  8 01:41 ModularCodeGen3_A2_B2_profile.class
-rw-rw-r-- 1 travis travis  1274 Jul  8 01:41 ModularCodeGen3_A2_B2_profile.java
-rw-rw-r-- 1 travis travis  5038 Jul  8 01:41 ModularCodeGen3_A2.class
-rw-rw-r-- 1 travis travis 15957 Jul  8 01:41 ModularCodeGen3_A2.java
-rw-rw-r-- 1 travis travis   856 Jul  8 01:41 ModularCodeGen3_A2.mk
-rw-rw-r-- 1 travis travis  1445 Jul  8 01:41 ModularCodeGen3_A2_profile.class
-rw-rw-r-- 1 travis travis  1716 Jul  8 01:41 ModularCodeGen3_A2_profile.java
-rw-rw-r-- 1 travis travis  3794 Jul  8 01:41 ModularCodeGen4_A1_B1.class
In "/home/travis/cg", about to execute:
-rw-rw-r-- 1 travis travis 10312 Jul  8 01:41 ModularCodeGen4_A1_B1.java
-rw-rw-r-- 1 travis travis   880 Jul  8 01:41 ModularCodeGen4_A1_B1.mk
-rw-rw-r-- 1 travis travis  1330 Jul  8 01:41 ModularCodeGen4_A1_B1_profile.class
-rw-rw-r-- 1 travis travis  1273 Jul  8 01:41 ModularCodeGen4_A1_B1_profile.java
-rw-rw-r-- 1 travis travis  3794 Jul  8 01:41 ModularCodeGen4_A1_B2.class
-rw-rw-r-- 1 travis travis 10312 Jul  8 01:41 ModularCodeGen4_A1_B2.java
-rw-rw-r-- 1 travis travis   880 Jul  8 01:41 ModularCodeGen4_A1_B2.mk
-rw-rw-r-- 1 travis travis  1330 Jul  8 01:41 ModularCodeGen4_A1_B2_profile.class
-rw-rw-r-- 1 travis travis  1273 Jul  8 01:41 ModularCodeGen4_A1_B2_profile.java
-rw-rw-r-- 1 travis travis  1712 Jul  8 01:41 ModularCodeGen4_A1_profile.java
-rw-rw-r-- 1 travis travis  3954 Jul  8 01:41 ModularCodeGen_ModularCodeGenTypedCompositeActor.class
-rw-rw-r-- 1 travis travis 10970 Jul  8 01:41 ModularCodeGen_ModularCodeGenTypedCompositeActor.java
-rw-rw-r-- 1 travis travis  1096 Jul  8 01:41 ModularCodeGen_ModularCodeGenTypedCompositeActor.mk
-rw-rw-r-- 1 travis travis  1384 Jul  8 01:41 ModularCodeGen_ModularCodeGenTypedCompositeActor_profile.class
-rw-rw-r-- 1 travis travis  1328 Jul  8 01:41 ModularCodeGen_ModularCodeGenTypedCompositeActor_profile.java
-rw-rw-r-- 1 travis travis  3492 Jul  8 01:40 ModularCodeGenTest_A1_A2.class
-rw-rw-r-- 1 travis travis  9164 Jul  8 01:40 ModularCodeGenTest_A1_A2.java
    javac -classpath
.:/home/travis/build/icyphy/ptII:/home/travis/build/icyphy/ptII/lib/bsh-2.0b4.j
ar:/home/travis/build/icyphy/ptII/lib/ptCal.jar:/home/travis/build/icyphy/ptII/
lib/java_cup.jar:/home/travis/build/icyphy/ptII/lib/saxon8.jar:/home/travis/bui
ld/icyphy/ptII/lib/saxon8-dom.jar:/home/travis/build/icyphy/ptII/lib/chic.jar:/
home/travis/build/icyphy/ptII/lib/ptcolt.jar:/usr/lib/jvm/java-8-oracle/lib/too
ls.jar:/usr/lib/eclipse/plugins/org.eclipse.jdt.core_3.8.2.dist.jar:/usr/lib/ec
lipse/plugins/org.eclipse.core.runtime_3.8.0.dist.jar:/usr/lib/eclipse/plugins/
org.eclipse.osgi_3.8.1.dist.jar:/usr/lib/eclipse/plugins/org.eclipse.core.resou
rces_3.8.1.dist.jar:/usr/lib/eclipse/plugins/org.eclipse.equinox.common_3.6.100
.dist.jar:/usr/lib/eclipse/plugins/org.eclipse.core.jobs_3.5.200.dist.jar:/usr/
lib/eclipse/plugins/org.eclipse.core.contenttype_3.4.200.dist.jar:/usr/lib/ecli
pse/plugins/org.eclipse.equinox.preferences_3.5.0.dist.jar:/usr/lib/eclipse/plu
gins/org.eclipse.text_3.5.200.dist.jar:/usr/lib/eclipse/plugins/org.eclipse.ui.
workbench_3.8.1.dist.jar:/usr/lib/eclipse/plugins/org.eclipse.jface_3.8.0.dist.
jar:/usr/lib/eclipse/plugins/org.eclipse.swt_3.8.2.jar:/usr/lib/eclipse/plugins
/org.eclipse.jface.text_3.8.1.dist.jar:/usr/lib/eclipse/plugins/org.eclipse.ui.
workbench.texteditor_3.8.0.dist.jar:/usr/lib/eclipse/plugins/org.eclipse.ui.edi
tors_3.8.0.dist.jar:/usr/lib/eclipse/plugins/org.eclipse.core.commands_3.6.1.di
st.jar:/usr/lib/eclipse/plugins/org.eclipse.equinox.registry_3.5.200.dist.jar:/
usr/lib/eclipse/plugins/org.eclipse.ui.console_3.5.100.dist.jar:/usr/lib/eclips
e/plugins/org.eclipse.ui.forms_3.5.200.dist.jar:/usr/lib/eclipse/plugins/org.ec
lipse.ui.ide_3.8.1.dist.jar:/home/travis/build/icyphy/ptII/vendors/oracle/dbxml
.jar:/home/travis/build/icyphy/ptII/vendors/oracle/db.jar:/home/travis/build/ic
yphy/ptII/vendors/misc/itext/iText.jar:/home/travis/build/icyphy/ptII/lib/g4ltl
.jar:/home/travis/build/icyphy/ptII/lib/StructuralCoder.jar:/home/travis/build/
icyphy/ptII/lib/org-openide-util.jar:/home/travis/build/icyphy/ptII/lib/org-ope
nide-util-lookup.jar:/home/travis/build/icyphy/ptII/lib/org-netbeans-api-visual
.jar:/home/travis/build/icyphy/ptII/vendors/jai-1_1_2_01/lib/jai_core.jar:/home
/travis/build/icyphy/ptII/vendors/jai-1_1_2_01/lib/jai_codec.jar:/home/travis/b
uild/icyphy/ptII/lib/jcerti.jar:/home/travis/build/icyphy/ptII/lib/smack.jar:/h
ome/travis/build/icyphy/ptII/lib/smackx.jar:/home/travis/build/icyphy/ptII/lib/
jetty-all-8.1.5-v20120716.jar:/home/travis/build/icyphy/ptII/lib/javax.servlet-
api-3.0.1.jar:/home/travis/build/icyphy/ptII/lib/javax.mail.jar:/home/travis/bu
ild/icyphy/ptII/vendors/JMF-2.1.1e/lib/jmf.jar:/home/travis/build/icyphy/ptII/l
ib/jna-4.0.0-variadic.jar:/home/travis/build/icyphy/ptII/vendors/misc/joystick/
Joystick.jar:/home/travis/build/icyphy/ptII/lib/ptjacl.jar:/home/travis/build/i
cyphy/ptII/lib/jsoup-1.8.2.jar:/home/travis/build/icyphy/ptII/lib/junit-4.8.2.j
ar:/home/travis/build/icyphy/ptII/lib/JUnitParams-0.4.0.jar:/home/travis/build/
icyphy/ptII/ptolemy/actor/lib/excel/jxl.jar:/home/travis/build/icyphy/ptII/lib/
jython.jar:/home/travis/build/icyphy/ptII/lib/kieler.jar:/home/travis/build/icy
phy/ptII/vendors/opencv/share/OpenCV/java/opencv-341.jar:/home/travis/build/icy
phy/ptII/lib/oscP5.jar:/home/travis/build/icyphy/ptII/lib/nrjavaserial-3.11.0.d
evel.jar:/home/travis/build/icyphy/ptII/vendors/j3d/lib/j3dcore.jar:/home/travi
s/build/icyphy/ptII/vendors/j3d/lib/j3dutils.jar:/home/travis/build/icyphy/ptII
/vendors/j3d/lib/vecmath.jar:/home/travis/build/icyphy/ptII/ptolemy/distributed
/jini/jar/jini-core.jar:/home/travis/build/icyphy/ptII/ptolemy/distributed/jini
/jar/jini-ext.jar:/home/travis/build/icyphy/ptII/ptolemy/distributed/jini/jar/s
un-util.jar:/home/travis/build/icyphy/ptII/lib/protobuf-java-2.4.1.jar:/home/tr
avis/build/icyphy/ptII/lib/org.eclipse.paho.client.mqttv3.jar:/home/travis/buil
d/icyphy/ptII/ptserver/lib/hessian-4.0.7.jar:/home/travis/build/icyphy/ptII/pts
erver/lib/wmqtt.jar:/home/travis/build/icyphy/ptII/lib/mapss.jar:/home/travis/b
uild/icyphy/ptII/ptolemy/actor/ptalon/antlr/antlr.jar:/home/travis/build/icyphy
/ptII/lib/JRI.jar:/home/travis/build/icyphy/ptII/lib/commons-lang-2.6.jar:/home
/travis/build/icyphy/ptII/lib/commons-logging-1.1.1.jar:/home/travis/build/icyp
hy/ptII/lib/sootclasses.jar:/home/travis/build/icyphy/ptII/ptolemy/actor/lib/da
tabase/mysql-connector-java-5.1.6-bin.jar:/home/travis/build/icyphy/ptII/vendor
s/misc/sphinx4/sphinx4-data-5prealpha.jar:/home/travis/build/icyphy/ptII/vendor
s/misc/sphinx4/sphinx4-core-5prealpha.jar:/home/travis/build/icyphy/ptII/lib/PD
FRenderer.jar:/home/travis/build/icyphy/ptII/lib/svgSalamander.jar:/home/travis
/build/icyphy/ptII/lib/rsyntaxtextarea-2.6.0-SNAPSHOT.jar:/home/travis/build/ic
yphy/ptII/lib/hazelcast-3.8.2.jar:/home/travis/build/icyphy/ptII/lib/jackson-an
notations-2.9.0.jar:/home/travis/build/icyphy/ptII/lib/jackson-core-2.9.3.jar:/
home/travis/build/icyphy/ptII/lib/jackson-databind-2.9.3.jar:/home/travis/build
/icyphy/ptII/lib/netty-buffer-4.1.19.Final.jar:/home/travis/build/icyphy/ptII/l
ib/netty-codec-4.1.19.Final.jar:/home/travis/build/icyphy/ptII/lib/netty-codec-
dns-4.1.19.Final.jar:/home/travis/build/icyphy/ptII/lib/netty-codec-http-4.1.19
.Final.jar:/home/travis/build/icyphy/ptII/lib/netty-codec-http2-4.1.19.Final.ja
r:/home/travis/build/icyphy/ptII/lib/netty-common-4.1.19.Final.jar:/home/travis
/build/icyphy/ptII/lib/netty-handler-4.1.19.Final.jar:/home/travis/build/icyphy
/ptII/lib/netty-resolver-4.1.19.Final.jar:/home/travis/build/icyphy/ptII/lib/ne
tty-resolver-dns-4.1.19.Final.jar:/home/travis/build/icyphy/ptII/lib/netty-tran
sport-4.1.19.Final.jar:/home/travis/build/icyphy/ptII/lib/vertx-codegen-3.5.1.j
ar:/home/travis/build/icyphy/ptII/lib/vertx-core-3.5.2-SNAPSHOT.jar:/home/travi
s/build/icyphy/ptII/lib/vertx-hazelcast-3.5.1.jar:/home/travis/build/icyphy/ptI
I/lib/vertx-lang-js-3.5.1.jar:/home/travis/build/icyphy/ptII/lib/vertx-service-
proxy-3.5.1.jar:/home/travis/build/icyphy/ptII/lib/vertx-web-3.5.1.jar:/home/tr
avis/build/icyphy/ptII/lib/slf4j-api-1.7.13.jar:/home/travis/build/icyphy/ptII/
lib/slf4j-simple-1.7.13.jar:/home/travis/build/icyphy/ptII/lib/webcam-capture-0
.3.12.jar:/home/travis/build/icyphy/ptII/lib/bridj-0.7.0.jar:/home/travis/build
/icyphy/ptII/lib/xbjlib-1.1.0.nrjavaserial.jar:/home/travis/build/icyphy/ptII/p
tolemy/moml/test:/home/travis/build/icyphy/ptII/ant/lib/ant-launcher.jar:/home/
travis/build/icyphy/ptII/ant/lib/ant.jar:/home/travis/build/icyphy/ptII/ant/lib
/ant-junit.jar:/home/travis/build/icyphy/ptII/ant/lib/ant-junit4.jar:/home/trav
is/build/icyphy/ptII ModularCodeGen4_A1_profile.java
-rw-rw-r-- 1 travis travis   904 Jul  8 01:40 ModularCodeGenTest_A1_A2.mk
-rw-rw-r-- 1 travis travis  1306 Jul  8 01:40 ModularCodeGenTest_A1_A2_profile.class
-rw-rw-r-- 1 travis travis  1228 Jul  8 01:40 ModularCodeGenTest_A1_A2_profile.java
-rw-rw-r-- 1 travis travis  3823 Jul  8 01:40 ModularCodeGenTest_A1.class
-rw-rw-r-- 1 travis travis  9968 Jul  8 01:40 ModularCodeGenTest_A1.java
-rw-rw-r-- 1 travis travis   880 Jul  8 01:40 ModularCodeGenTest_A1.mk
-rw-rw-r-- 1 travis travis  1352 Jul  8 01:40 ModularCodeGenTest_A1_profile.class
-rw-rw-r-- 1 travis travis  1394 Jul  8 01:40 ModularCodeGenTest_A1_profile.java
-rw-rw-r-- 1 travis travis   432 Jul  8 01:41 Token.class
-rw-rw-r-- 1 travis travis   251 Jul  8 01:41 Token.java
warning: Supported source version 'RELEASE_6' from annotation processor 'org.netbeans.modules.openide.util.NbBundleProcessor' less than -source '1.8'
warning: Supported source version 'RELEASE_6' from annotation processor 'org.netbeans.modules.openide.util.URLStreamHandlerRegistrationProcessor' less than -source '1.8'
warning: Supported source version 'RELEASE_6' from annotation processor 'org.netbeans.modules.openide.util.ServiceProviderProcessor' less than -source '1.8'
3 warnings
All Done
Writing ModularCodeGen4_A1.java in file:/home/travis/cg/ (16245 characters)
Reading "ptolemy/cg/kernel/generic/program/procedural/java/modular/makefile.in",
    writing "/home/travis/cg/ModularCodeGen4_A1.mk"
Using ptolemy/cg/kernel/generic/program/procedural/java/modular/makefile.in
In "/home/travis/cg", about to execute:
    make -f ModularCodeGen4_A1.mk
javac -classpath ".:.."    ModularCodeGen4_A1.java
All Done
In "/home/travis/cg", about to execute:
    pwd
/home/travis/cg
In "/home/travis/cg", about to execute:
    ls -l
total 820
-rw-rw-r-- 1 travis travis  4895 Jul  8 01:40 CompiledCompositeActor_CompiledCompositeActor.class
-rw-rw-r-- 1 travis travis  1592 Jul  8 01:40 CompiledCompositeActor_CompiledCompositeActor$_CompiledCompositeActor_CompiledCompositeActor.class
-rw-rw-r-- 1 travis travis 13466 Jul  8 01:40 CompiledCompositeActor_CompiledCompositeActor.java
-rw-rw-r-- 1 travis travis  1593 Jul  8 01:40 CompiledCompositeActor_CompiledCompositeActor.mk
-rw-rw-r-- 1 travis travis  4457 Jul  8 01:40 JavaCompiledCompositeTest1_CompiledCompositeActor.class
-rw-rw-r-- 1 travis travis 11637 Jul  8 01:40 JavaCompiledCompositeTest1_CompiledCompositeActor.java
-rw-rw-r-- 1 travis travis  1198 Jul  8 01:40 JavaCompiledCompositeTest1_CompiledCompositeActor$_JavaCompiledCompositeTest1_CompiledCompositeActor.class
-rw-rw-r-- 1 travis travis  1625 Jul  8 01:40 JavaCompiledCompositeTest1_CompiledCompositeActor.mk
-rw-rw-r-- 1 travis travis  4888 Jul  8 01:40 JavaCompiledCompositeTest2_CompiledCompositeActor.class
-rw-rw-r-- 1 travis travis 14919 Jul  8 01:40 JavaCompiledCompositeTest2_CompiledCompositeActor.java
-rw-rw-r-- 1 travis travis  1793 Jul  8 01:40 JavaCompiledCompositeTest2_CompiledCompositeActor$_JavaCompiledCompositeTest2_CompiledCompositeActor.class
-rw-rw-r-- 1 travis travis  1625 Jul  8 01:40 JavaCompiledCompositeTest2_CompiledCompositeActor.mk
-rw-rw-r-- 1 travis travis  4505 Jul  8 01:40 JavaCompiledCompositeTest3_CompiledCompositeActor.class
-rw-rw-r-- 1 travis travis 13080 Jul  8 01:40 JavaCompiledCompositeTest3_CompiledCompositeActor.java
-rw-rw-r-- 1 travis travis  1378 Jul  8 01:40 JavaCompiledCompositeTest3_CompiledCompositeActor$_JavaCompiledCompositeTest3_CompiledCompositeActor.class
-rw-rw-r-- 1 travis travis  1625 Jul  8 01:40 JavaCompiledCompositeTest3_CompiledCompositeActor.mk
-rw-rw-r-- 1 travis travis  3953 Jul  8 01:40 JavaCompiledCompositeTest4_CompiledCompositeActor.class
-rw-rw-r-- 1 travis travis  9687 Jul  8 01:40 JavaCompiledCompositeTest4_CompiledCompositeActor.java
-rw-rw-r-- 1 travis travis   857 Jul  8 01:40 JavaCompiledCompositeTest4_CompiledCompositeActor$_JavaCompiledCompositeTest4_CompiledCompositeActor.class
-rw-rw-r-- 1 travis travis  1625 Jul  8 01:40 JavaCompiledCompositeTest4_CompiledCompositeActor.mk
-rw-rw-r-- 1 travis travis  3693 Jul  8 01:40 ModularCG_A1_B1.class
-rw-rw-r-- 1 travis travis  9730 Jul  8 01:40 ModularCG_A1_B1.java
-rw-rw-r-- 1 travis travis   832 Jul  8 01:40 ModularCG_A1_B1.mk
-rw-rw-r-- 1 travis travis  1318 Jul  8 01:40 ModularCG_A1_B1_profile.class
-rw-rw-r-- 1 travis travis  1262 Jul  8 01:40 ModularCG_A1_B1_profile.java
-rw-rw-r-- 1 travis travis  3693 Jul  8 01:40 ModularCG_A1_B2.class
-rw-rw-r-- 1 travis travis  9730 Jul  8 01:40 ModularCG_A1_B2.java
-rw-rw-r-- 1 travis travis   832 Jul  8 01:40 ModularCG_A1_B2.mk
-rw-rw-r-- 1 travis travis  1318 Jul  8 01:40 ModularCG_A1_B2_profile.class
-rw-rw-r-- 1 travis travis  1262 Jul  8 01:40 ModularCG_A1_B2_profile.java
-rw-rw-r-- 1 travis travis  4799 Jul  8 01:41 ModularCG_A1.class
-rw-rw-r-- 1 travis travis 14742 Jul  8 01:41 ModularCG_A1.java
-rw-rw-r-- 1 travis travis   808 Jul  8 01:41 ModularCG_A1.mk
-rw-rw-r-- 1 travis travis  1433 Jul  8 01:41 ModularCG_A1_profile.class
In "/home/travis/cg", about to execute:
    javac -classpath
.:/home/travis/build/icyphy/ptII:/home/travis/build/icyphy/ptII/lib/bsh-2.0b4.j
ar:/home/travis/build/icyphy/ptII/lib/ptCal.jar:/home/travis/build/icyphy/ptII/
lib/java_cup.jar:/home/travis/build/icyphy/ptII/lib/saxon8.jar:/home/travis/bui
ld/icyphy/ptII/lib/saxon8-dom.jar:/home/travis/build/icyphy/ptII/lib/chic.jar:/
home/travis/build/icyphy/ptII/lib/ptcolt.jar:/usr/lib/jvm/java-8-oracle/lib/too
ls.jar:/usr/lib/eclipse/plugins/org.eclipse.jdt.core_3.8.2.dist.jar:/usr/lib/ec
lipse/plugins/org.eclipse.core.runtime_3.8.0.dist.jar:/usr/lib/eclipse/plugins/
org.eclipse.osgi_3.8.1.dist.jar:/usr/lib/eclipse/plugins/org.eclipse.core.resou
rces_3.8.1.dist.jar:/usr/lib/eclipse/plugins/org.eclipse.equinox.common_3.6.100
.dist.jar:/usr/lib/eclipse/plugins/org.eclipse.core.jobs_3.5.200.dist.jar:/usr/
lib/eclipse/plugins/org.eclipse.core.contenttype_3.4.200.dist.jar:/usr/lib/ecli
pse/plugins/org.eclipse.equinox.preferences_3.5.0.dist.jar:/usr/lib/eclipse/plu
gins/org.eclipse.text_3.5.200.dist.jar:/usr/lib/eclipse/plugins/org.eclipse.ui.
workbench_3.8.1.dist.jar:/usr/lib/eclipse/plugins/org.eclipse.jface_3.8.0.dist.
jar:/usr/lib/eclipse/plugins/org.eclipse.swt_3.8.2.jar:/usr/lib/eclipse/plugins
/org.eclipse.jface.text_3.8.1.dist.jar:/usr/lib/eclipse/plugins/org.eclipse.ui.
workbench.texteditor_3.8.0.dist.jar:/usr/lib/eclipse/plugins/org.eclipse.ui.edi
tors_3.8.0.dist.jar:/usr/lib/eclipse/plugins/org.eclipse.core.commands_3.6.1.di
st.jar:/usr/lib/eclipse/plugins/org.eclipse.equinox.registry_3.5.200.dist.jar:/
usr/lib/eclipse/plugins/org.eclipse.ui.console_3.5.100.dist.jar:/usr/lib/eclips
e/plugins/org.eclipse.ui.forms_3.5.200.dist.jar:/usr/lib/eclipse/plugins/org.ec
lipse.ui.ide_3.8.1.dist.jar:/home/travis/build/icyphy/ptII/vendors/oracle/dbxml
.jar:/home/travis/build/icyphy/ptII/vendors/oracle/db.jar:/home/travis/build/ic
yphy/ptII/vendors/misc/itext/iText.jar:/home/travis/build/icyphy/ptII/lib/g4ltl
.jar:/home/travis/build/icyphy/ptII/lib/StructuralCoder.jar:/home/travis/build/
icyphy/ptII/lib/org-openide-util.jar:/home/travis/build/icyphy/ptII/lib/org-ope
nide-util-lookup.jar:/home/travis/build/icyphy/ptII/lib/org-netbeans-api-visual
.jar:/home/travis/build/icyphy/ptII/vendors/jai-1_1_2_01/lib/jai_core.jar:/home
/travis/build/icyphy/ptII/vendors/jai-1_1_2_01/lib/jai_codec.jar:/home/travis/b
uild/icyphy/ptII/lib/jcerti.jar:/home/travis/build/icyphy/ptII/lib/smack.jar:/h
ome/travis/build/icyphy/ptII/lib/smackx.jar:/home/travis/build/icyphy/ptII/lib/
jetty-all-8.1.5-v20120716.jar:/home/travis/build/icyphy/ptII/lib/javax.servlet-
api-3.0.1.jar:/home/travis/build/icyphy/ptII/lib/javax.mail.jar:/home/travis/bu
ild/icyphy/ptII/vendors/JMF-2.1.1e/lib/jmf.jar:/home/travis/build/icyphy/ptII/l
ib/jna-4.0.0-variadic.jar:/home/travis/build/icyphy/ptII/vendors/misc/joystick/
Joystick.jar:/home/travis/build/icyphy/ptII/lib/ptjacl.jar:/home/travis/build/i
cyphy/ptII/lib/jsoup-1.8.2.jar:/home/travis/build/icyphy/ptII/lib/junit-4.8.2.j
ar:/home/travis/build/icyphy/ptII/lib/JUnitParams-0.4.0.jar:/home/travis/build/
icyphy/ptII/ptolemy/actor/lib/excel/jxl.jar:/home/travis/build/icyphy/ptII/lib/
jython.jar:/home/travis/build/icyphy/ptII/lib/kieler.jar:/home/travis/build/icy
phy/ptII/vendors/opencv/share/OpenCV/java/opencv-341.jar:/home/travis/build/icy
phy/ptII/lib/oscP5.jar:/home/travis/build/icyphy/ptII/lib/nrjavaserial-3.11.0.d
evel.jar:/home/travis/build/icyphy/ptII/vendors/j3d/lib/j3dcore.jar:/home/travi
s/build/icyphy/ptII/vendors/j3d/lib/j3dutils.jar:/home/travis/build/icyphy/ptII
/vendors/j3d/lib/vecmath.jar:/home/travis/build/icyphy/ptII/ptolemy/distributed
/jini/jar/jini-core.jar:/home/travis/build/icyphy/ptII/ptolemy/distributed/jini
/jar/jini-ext.jar:/home/travis/build/icyphy/ptII/ptolemy/distributed/jini/jar/s
un-util.jar:/home/travis/build/icyphy/ptII/lib/protobuf-java-2.4.1.jar:/home/tr
avis/build/icyphy/ptII/lib/org.eclipse.paho.client.mqttv3.jar:/home/travis/buil
d/icyphy/ptII/ptserver/lib/hessian-4.0.7.jar:/home/travis/build/icyphy/ptII/pts
erver/lib/wmqtt.jar:/home/travis/build/icyphy/ptII/lib/mapss.jar:/home/travis/b
uild/icyphy/ptII/ptolemy/actor/ptalon/antlr/antlr.jar:/home/travis/build/icyphy
/ptII/lib/JRI.jar:/home/travis/build/icyphy/ptII/lib/commons-lang-2.6.jar:/home
/travis/build/icyphy/ptII/lib/commons-logging-1.1.1.jar:/home/travis/build/icyp
hy/ptII/lib/sootclasses.jar:/home/travis/build/icyphy/ptII/ptolemy/actor/lib/da
tabase/mysql-connector-java-5.1.6-bin.jar:/home/travis/build/icyphy/ptII/vendor
s/misc/sphinx4/sphinx4-data-5prealpha.jar:/home/travis/build/icyphy/ptII/vendor
s/misc/sphinx4/sphinx4-core-5prealpha.jar:/home/travis/build/icyphy/ptII/lib/PD
FRenderer.jar:/home/travis/build/icyphy/ptII/lib/svgSalamander.jar:/home/travis
/build/icyphy/ptII/lib/rsyntaxtextarea-2.6.0-SNAPSHOT.jar:/home/travis/build/ic
yphy/ptII/lib/hazelcast-3.8.2.jar:/home/travis/build/icyphy/ptII/lib/jackson-an
notations-2.9.0.jar:/home/travis/build/icyphy/ptII/lib/jackson-core-2.9.3.jar:/
home/travis/build/icyphy/ptII/lib/jackson-databind-2.9.3.jar:/home/travis/build
/icyphy/ptII/lib/netty-buffer-4.1.19.Final.jar:/home/travis/build/icyphy/ptII/l
ib/netty-codec-4.1.19.Final.jar:/home/travis/build/icyphy/ptII/lib/netty-codec-
dns-4.1.19.Final.jar:/home/travis/build/icyphy/ptII/lib/netty-codec-http-4.1.19
.Final.jar:/home/travis/build/icyphy/ptII/lib/netty-codec-http2-4.1.19.Final.ja
r:/home/travis/build/icyphy/ptII/lib/netty-common-4.1.19.Final.jar:/home/travis
/build/icyphy/ptII/lib/netty-handler-4.1.19.Final.jar:/home/travis/build/icyphy
/ptII/lib/netty-resolver-4.1.19.Final.jar:/home/travis/build/icyphy/ptII/lib/ne
tty-resolver-dns-4.1.19.Final.jar:/home/travis/build/icyphy/ptII/lib/netty-tran
sport-4.1.19.Final.jar:/home/travis/build/icyphy/ptII/lib/vertx-codegen-3.5.1.j
ar:/home/travis/build/icyphy/ptII/lib/vertx-core-3.5.2-SNAPSHOT.jar:/home/travi
s/build/icyphy/ptII/lib/vertx-hazelcast-3.5.1.jar:/home/travis/build/icyphy/ptI
I/lib/vertx-lang-js-3.5.1.jar:/home/travis/build/icyphy/ptII/lib/vertx-service-
proxy-3.5.1.jar:/home/travis/build/icyphy/ptII/lib/vertx-web-3.5.1.jar:/home/tr
avis/build/icyphy/ptII/lib/slf4j-api-1.7.13.jar:/home/travis/build/icyphy/ptII/
lib/slf4j-simple-1.7.13.jar:/home/travis/build/icyphy/ptII/lib/webcam-capture-0
.3.12.jar:/home/travis/build/icyphy/ptII/lib/bridj-0.7.0.jar:/home/travis/build
/icyphy/ptII/lib/xbjlib-1.1.0.nrjavaserial.jar:/home/travis/build/icyphy/ptII/p
tolemy/moml/test:/home/travis/build/icyphy/ptII/ant/lib/ant-launcher.jar:/home/
travis/build/icyphy/ptII/ant/lib/ant.jar:/home/travis/build/icyphy/ptII/ant/lib
/ant-junit.jar:/home/travis/build/icyphy/ptII/ant/lib/ant-junit4.jar:/home/trav
is/build/icyphy/ptII ModularCodeGen4_A2_B1_profile.java
-rw-rw-r-- 1 travis travis  1704 Jul  8 01:40 ModularCG_A1_profile.java
-rw-rw-r-- 1 travis travis  3827 Jul  8 01:41 ModularCG_A2_B1.class
-rw-rw-r-- 1 travis travis 10667 Jul  8 01:41 ModularCG_A2_B1.java
-rw-rw-r-- 1 travis travis   832 Jul  8 01:41 ModularCG_A2_B1.mk
-rw-rw-r-- 1 travis travis  1381 Jul  8 01:41 ModularCG_A2_B1_profile.class
-rw-rw-r-- 1 travis travis  1446 Jul  8 01:41 ModularCG_A2_B1_profile.java
-rw-rw-r-- 1 travis travis  3693 Jul  8 01:41 ModularCG_A2_B2.class
-rw-rw-r-- 1 travis travis  9730 Jul  8 01:41 ModularCG_A2_B2.java
-rw-rw-r-- 1 travis travis   832 Jul  8 01:41 ModularCG_A2_B2.mk
-rw-rw-r-- 1 travis travis  1318 Jul  8 01:41 ModularCG_A2_B2_profile.class
-rw-rw-r-- 1 travis travis  1262 Jul  8 01:41 ModularCG_A2_B2_profile.java
-rw-rw-r-- 1 travis travis  4870 Jul  8 01:41 ModularCG_A2.class
-rw-rw-r-- 1 travis travis 15129 Jul  8 01:41 ModularCG_A2.java
-rw-rw-r-- 1 travis travis   808 Jul  8 01:41 ModularCG_A2.mk
-rw-rw-r-- 1 travis travis  1433 Jul  8 01:41 ModularCG_A2_profile.class
-rw-rw-r-- 1 travis travis  1704 Jul  8 01:41 ModularCG_A2_profile.java
-rw-rw-r-- 1 travis travis  3473 Jul  8 01:41 ModularCGPubSub_A1_A2.class
-rw-rw-r-- 1 travis travis  9076 Jul  8 01:41 ModularCGPubSub_A1_A2.java
-rw-rw-r-- 1 travis travis   880 Jul  8 01:41 ModularCGPubSub_A1_A2.mk
-rw-rw-r-- 1 travis travis  1300 Jul  8 01:41 ModularCGPubSub_A1_A2_profile.class
-rw-rw-r-- 1 travis travis  1222 Jul  8 01:41 ModularCGPubSub_A1_A2_profile.java
-rw-rw-r-- 1 travis travis  3790 Jul  8 01:41 ModularCGPubSub_A1.class
-rw-rw-r-- 1 travis travis  9836 Jul  8 01:41 ModularCGPubSub_A1.java
-rw-rw-r-- 1 travis travis   856 Jul  8 01:41 ModularCGPubSub_A1.mk
-rw-rw-r-- 1 travis travis  1346 Jul  8 01:41 ModularCGPubSub_A1_profile.class
-rw-rw-r-- 1 travis travis  1388 Jul  8 01:41 ModularCGPubSub_A1_profile.java
-rw-rw-r-- 1 travis travis  3988 Jul  8 01:41 ModularCodeGen2_ModularCodeGenTypedCompositeActor.class
-rw-rw-r-- 1 travis travis 11690 Jul  8 01:41 ModularCodeGen2_ModularCodeGenTypedCompositeActor.java
-rw-rw-r-- 1 travis travis  1104 Jul  8 01:41 ModularCodeGen2_ModularCodeGenTypedCompositeActor.mk
-rw-rw-r-- 1 travis travis  4272 Jul  8 01:41 ModularCodeGen2_ModularCodeGenTypedCompositeActor_ModularCodeGenTypedCompositeActor.class
-rw-rw-r-- 1 travis travis 11790 Jul  8 01:41 ModularCodeGen2_ModularCodeGenTypedCompositeActor_ModularCodeGenTypedCompositeActor.java
-rw-rw-r-- 1 travis travis  1376 Jul  8 01:41 ModularCodeGen2_ModularCodeGenTypedCompositeActor_ModularCodeGenTypedCompositeActor.mk
-rw-rw-r-- 1 travis travis  1421 Jul  8 01:41 ModularCodeGen2_ModularCodeGenTypedCompositeActor_ModularCodeGenTypedCompositeActor_profile.class
-rw-rw-r-- 1 travis travis  1294 Jul  8 01:41 ModularCodeGen2_ModularCodeGenTypedCompositeActor_ModularCodeGenTypedCompositeActor_profile.java
-rw-rw-r-- 1 travis travis   820 Jul  8 01:41 ModularCodeGen2_ModularCodeGenTypedCompositeActor_profile.class
-rw-rw-r-- 1 travis travis   693 Jul  8 01:41 ModularCodeGen2_ModularCodeGenTypedCompositeActor_profile.java
-rw-rw-r-- 1 travis travis  3741 Jul  8 01:41 ModularCodeGen3_A1_B1.class
-rw-rw-r-- 1 travis travis  9958 Jul  8 01:41 ModularCodeGen3_A1_B1.java
-rw-rw-r-- 1 travis travis   880 Jul  8 01:41 ModularCodeGen3_A1_B1.mk
-rw-rw-r-- 1 travis travis  1330 Jul  8 01:41 ModularCodeGen3_A1_B1_profile.class
-rw-rw-r-- 1 travis travis  1274 Jul  8 01:41 ModularCodeGen3_A1_B1_profile.java
-rw-rw-r-- 1 travis travis  3741 Jul  8 01:41 ModularCodeGen3_A1_B2.class
-rw-rw-r-- 1 travis travis  9958 Jul  8 01:41 ModularCodeGen3_A1_B2.java
-rw-rw-r-- 1 travis travis   880 Jul  8 01:41 ModularCodeGen3_A1_B2.mk
-rw-rw-r-- 1 travis travis  1330 Jul  8 01:41 ModularCodeGen3_A1_B2_profile.class
-rw-rw-r-- 1 travis travis  1274 Jul  8 01:41 ModularCodeGen3_A1_B2_profile.java
-rw-rw-r-- 1 travis travis  4961 Jul  8 01:41 ModularCodeGen3_A1.class
-rw-rw-r-- 1 travis travis 15564 Jul  8 01:41 ModularCodeGen3_A1.java
-rw-rw-r-- 1 travis travis   856 Jul  8 01:41 ModularCodeGen3_A1.mk
-rw-rw-r-- 1 travis travis  1445 Jul  8 01:41 ModularCodeGen3_A1_profile.class
-rw-rw-r-- 1 travis travis  1716 Jul  8 01:41 ModularCodeGen3_A1_profile.java
-rw-rw-r-- 1 travis travis  3887 Jul  8 01:41 ModularCodeGen3_A2_B1.class
-rw-rw-r-- 1 travis travis 10955 Jul  8 01:41 ModularCodeGen3_A2_B1.java
-rw-rw-r-- 1 travis travis   880 Jul  8 01:41 ModularCodeGen3_A2_B1.mk
-rw-rw-r-- 1 travis travis  1393 Jul  8 01:41 ModularCodeGen3_A2_B1_profile.class
-rw-rw-r-- 1 travis travis  1458 Jul  8 01:41 ModularCodeGen3_A2_B1_profile.java
-rw-rw-r-- 1 travis travis  3741 Jul  8 01:41 ModularCodeGen3_A2_B2.class
-rw-rw-r-- 1 travis travis  9958 Jul  8 01:41 ModularCodeGen3_A2_B2.java
-rw-rw-r-- 1 travis travis   880 Jul  8 01:41 ModularCodeGen3_A2_B2.mk
-rw-rw-r-- 1 travis travis  1330 Jul  8 01:41 ModularCodeGen3_A2_B2_profile.class
-rw-rw-r-- 1 travis travis  1274 Jul  8 01:41 ModularCodeGen3_A2_B2_profile.java
-rw-rw-r-- 1 travis travis  5038 Jul  8 01:41 ModularCodeGen3_A2.class
-rw-rw-r-- 1 travis travis 15957 Jul  8 01:41 ModularCodeGen3_A2.java
-rw-rw-r-- 1 travis travis   856 Jul  8 01:41 ModularCodeGen3_A2.mk
-rw-rw-r-- 1 travis travis  1445 Jul  8 01:41 ModularCodeGen3_A2_profile.class
-rw-rw-r-- 1 travis travis  1716 Jul  8 01:41 ModularCodeGen3_A2_profile.java
-rw-rw-r-- 1 travis travis  3794 Jul  8 01:41 ModularCodeGen4_A1_B1.class
-rw-rw-r-- 1 travis travis 10312 Jul  8 01:41 ModularCodeGen4_A1_B1.java
-rw-rw-r-- 1 travis travis   880 Jul  8 01:41 ModularCodeGen4_A1_B1.mk
-rw-rw-r-- 1 travis travis  1330 Jul  8 01:41 ModularCodeGen4_A1_B1_profile.class
-rw-rw-r-- 1 travis travis  1273 Jul  8 01:41 ModularCodeGen4_A1_B1_profile.java
-rw-rw-r-- 1 travis travis  3794 Jul  8 01:41 ModularCodeGen4_A1_B2.class
-rw-rw-r-- 1 travis travis 10312 Jul  8 01:41 ModularCodeGen4_A1_B2.java
-rw-rw-r-- 1 travis travis   880 Jul  8 01:41 ModularCodeGen4_A1_B2.mk
-rw-rw-r-- 1 travis travis  1330 Jul  8 01:41 ModularCodeGen4_A1_B2_profile.class
-rw-rw-r-- 1 travis travis  1273 Jul  8 01:41 ModularCodeGen4_A1_B2_profile.java
-rw-rw-r-- 1 travis travis  5101 Jul  8 01:41 ModularCodeGen4_A1.class
-rw-rw-r-- 1 travis travis 16245 Jul  8 01:41 ModularCodeGen4_A1.java
-rw-rw-r-- 1 travis travis   856 Jul  8 01:41 ModularCodeGen4_A1.mk
-rw-rw-r-- 1 travis travis  1445 Jul  8 01:41 ModularCodeGen4_A1_profile.class
-rw-rw-r-- 1 travis travis  1712 Jul  8 01:41 ModularCodeGen4_A1_profile.java
-rw-rw-r-- 1 travis travis  1454 Jul  8 01:41 ModularCodeGen4_A2_B1_profile.java
-rw-rw-r-- 1 travis travis  3954 Jul  8 01:41 ModularCodeGen_ModularCodeGenTypedCompositeActor.class
-rw-rw-r-- 1 travis travis 10970 Jul  8 01:41 ModularCodeGen_ModularCodeGenTypedCompositeActor.java
-rw-rw-r-- 1 travis travis  1096 Jul  8 01:41 ModularCodeGen_ModularCodeGenTypedCompositeActor.mk
-rw-rw-r-- 1 travis travis  1384 Jul  8 01:41 ModularCodeGen_ModularCodeGenTypedCompositeActor_profile.class
-rw-rw-r-- 1 travis travis  1328 Jul  8 01:41 ModularCodeGen_ModularCodeGenTypedCompositeActor_profile.java
-rw-rw-r-- 1 travis travis  3492 Jul  8 01:40 ModularCodeGenTest_A1_A2.class
-rw-rw-r-- 1 travis travis  9164 Jul  8 01:40 ModularCodeGenTest_A1_A2.java
-rw-rw-r-- 1 travis travis   904 Jul  8 01:40 ModularCodeGenTest_A1_A2.mk
-rw-rw-r-- 1 travis travis  1306 Jul  8 01:40 ModularCodeGenTest_A1_A2_profile.class
-rw-rw-r-- 1 travis travis  1228 Jul  8 01:40 ModularCodeGenTest_A1_A2_profile.java
-rw-rw-r-- 1 travis travis  3823 Jul  8 01:40 ModularCodeGenTest_A1.class
-rw-rw-r-- 1 travis travis  9968 Jul  8 01:40 ModularCodeGenTest_A1.java
-rw-rw-r-- 1 travis travis   880 Jul  8 01:40 ModularCodeGenTest_A1.mk
-rw-rw-r-- 1 travis travis  1352 Jul  8 01:40 ModularCodeGenTest_A1_profile.class
-rw-rw-r-- 1 travis travis  1394 Jul  8 01:40 ModularCodeGenTest_A1_profile.java
-rw-rw-r-- 1 travis travis   432 Jul  8 01:41 Token.class
-rw-rw-r-- 1 travis travis   251 Jul  8 01:41 Token.java
warning: Supported source version 'RELEASE_6' from annotation processor 'org.netbeans.modules.openide.util.NbBundleProcessor' less than -source '1.8'
warning: Supported source version 'RELEASE_6' from annotation processor 'org.netbeans.modules.openide.util.URLStreamHandlerRegistrationProcessor' less than -source '1.8'
warning: Supported source version 'RELEASE_6' from annotation processor 'org.netbeans.modules.openide.util.ServiceProviderProcessor' less than -source '1.8'
3 warnings
All Done
Writing ModularCodeGen4_A2_B1.java in file:/home/travis/cg/ (11375 characters)
Reading "ptolemy/cg/kernel/generic/program/procedural/java/modular/makefile.in",
    writing "/home/travis/cg/ModularCodeGen4_A2_B1.mk"
Using ptolemy/cg/kernel/generic/program/procedural/java/modular/makefile.in
In "/home/travis/cg", about to execute:
    make -f ModularCodeGen4_A2_B1.mk
javac -classpath ".:.."    ModularCodeGen4_A2_B1.java
All Done
In "/home/travis/cg", about to execute:
    pwd
In "/home/travis/cg", about to execute:
    ls -l
/home/travis/cg
In "/home/travis/cg", about to execute:
    javac -classpath
.:/home/travis/build/icyphy/ptII:/home/travis/build/icyphy/ptII/lib/bsh-2.0b4.j
ar:/home/travis/build/icyphy/ptII/lib/ptCal.jar:/home/travis/build/icyphy/ptII/
lib/java_cup.jar:/home/travis/build/icyphy/ptII/lib/saxon8.jar:/home/travis/bui
ld/icyphy/ptII/lib/saxon8-dom.jar:/home/travis/build/icyphy/ptII/lib/chic.jar:/
home/travis/build/icyphy/ptII/lib/ptcolt.jar:/usr/lib/jvm/java-8-oracle/lib/too
ls.jar:/usr/lib/eclipse/plugins/org.eclipse.jdt.core_3.8.2.dist.jar:/usr/lib/ec
lipse/plugins/org.eclipse.core.runtime_3.8.0.dist.jar:/usr/lib/eclipse/plugins/
org.eclipse.osgi_3.8.1.dist.jar:/usr/lib/eclipse/plugins/org.eclipse.core.resou
rces_3.8.1.dist.jar:/usr/lib/eclipse/plugins/org.eclipse.equinox.common_3.6.100
.dist.jar:/usr/lib/eclipse/plugins/org.eclipse.core.jobs_3.5.200.dist.jar:/usr/
lib/eclipse/plugins/org.eclipse.core.contenttype_3.4.200.dist.jar:/usr/lib/ecli
pse/plugins/org.eclipse.equinox.preferences_3.5.0.dist.jar:/usr/lib/eclipse/plu
gins/org.eclipse.text_3.5.200.dist.jar:/usr/lib/eclipse/plugins/org.eclipse.ui.
workbench_3.8.1.dist.jar:/usr/lib/eclipse/plugins/org.eclipse.jface_3.8.0.dist.
jar:/usr/lib/eclipse/plugins/org.eclipse.swt_3.8.2.jar:/usr/lib/eclipse/plugins
/org.eclipse.jface.text_3.8.1.dist.jar:/usr/lib/eclipse/plugins/org.eclipse.ui.
workbench.texteditor_3.8.0.dist.jar:/usr/lib/eclipse/plugins/org.eclipse.ui.edi
tors_3.8.0.dist.jar:/usr/lib/eclipse/plugins/org.eclipse.core.commands_3.6.1.di
st.jar:/usr/lib/eclipse/plugins/org.eclipse.equinox.registry_3.5.200.dist.jar:/
usr/lib/eclipse/plugins/org.eclipse.ui.console_3.5.100.dist.jar:/usr/lib/eclips
e/plugins/org.eclipse.ui.forms_3.5.200.dist.jar:/usr/lib/eclipse/plugins/org.ec
lipse.ui.ide_3.8.1.dist.jar:/home/travis/build/icyphy/ptII/vendors/oracle/dbxml
.jar:/home/travis/build/icyphy/ptII/vendors/oracle/db.jar:/home/travis/build/ic
yphy/ptII/vendors/misc/itext/iText.jar:/home/travis/build/icyphy/ptII/lib/g4ltl
.jar:/home/travis/build/icyphy/ptII/lib/StructuralCoder.jar:/home/travis/build/
icyphy/ptII/lib/org-openide-util.jar:/home/travis/build/icyphy/ptII/lib/org-ope
nide-util-lookup.jar:/home/travis/build/icyphy/ptII/lib/org-netbeans-api-visual
.jar:/home/travis/build/icyphy/ptII/vendors/jai-1_1_2_01/lib/jai_core.jar:/home
/travis/build/icyphy/ptII/vendors/jai-1_1_2_01/lib/jai_codec.jar:/home/travis/b
uild/icyphy/ptII/lib/jcerti.jar:/home/travis/build/icyphy/ptII/lib/smack.jar:/h
ome/travis/build/icyphy/ptII/lib/smackx.jar:/home/travis/build/icyphy/ptII/lib/
jetty-all-8.1.5-v20120716.jar:/home/travis/build/icyphy/ptII/lib/javax.servlet-
api-3.0.1.jar:/home/travis/build/icyphy/ptII/lib/javax.mail.jar:/home/travis/bu
ild/icyphy/ptII/vendors/JMF-2.1.1e/lib/jmf.jar:/home/travis/build/icyphy/ptII/l
ib/jna-4.0.0-variadic.jar:/home/travis/build/icyphy/ptII/vendors/misc/joystick/
Joystick.jar:/home/travis/build/icyphy/ptII/lib/ptjacl.jar:/home/travis/build/i
cyphy/ptII/lib/jsoup-1.8.2.jar:/home/travis/build/icyphy/ptII/lib/junit-4.8.2.j
ar:/home/travis/build/icyphy/ptII/lib/JUnitParams-0.4.0.jar:/home/travis/build/
icyphy/ptII/ptolemy/actor/lib/excel/jxl.jar:/home/travis/build/icyphy/ptII/lib/
jython.jar:/home/travis/build/icyphy/ptII/lib/kieler.jar:/home/travis/build/icy
phy/ptII/vendors/opencv/share/OpenCV/java/opencv-341.jar:/home/travis/build/icy
phy/ptII/lib/oscP5.jar:/home/travis/build/icyphy/ptII/lib/nrjavaserial-3.11.0.d
evel.jar:/home/travis/build/icyphy/ptII/vendors/j3d/lib/j3dcore.jar:/home/travi
s/build/icyphy/ptII/vendors/j3d/lib/j3dutils.jar:/home/travis/build/icyphy/ptII
/vendors/j3d/lib/vecmath.jar:/home/travis/build/icyphy/ptII/ptolemy/distributed
/jini/jar/jini-core.jar:/home/travis/build/icyphy/ptII/ptolemy/distributed/jini
/jar/jini-ext.jar:/home/travis/build/icyphy/ptII/ptolemy/distributed/jini/jar/s
un-util.jar:/home/travis/build/icyphy/ptII/lib/protobuf-java-2.4.1.jar:/home/tr
avis/build/icyphy/ptII/lib/org.eclipse.paho.client.mqttv3.jar:/home/travis/buil
d/icyphy/ptII/ptserver/lib/hessian-4.0.7.jar:/home/travis/build/icyphy/ptII/pts
erver/lib/wmqtt.jar:/home/travis/build/icyphy/ptII/lib/mapss.jar:/home/travis/b
uild/icyphy/ptII/ptolemy/actor/ptalon/antlr/antlr.jar:/home/travis/build/icyphy
/ptII/lib/JRI.jar:/home/travis/build/icyphy/ptII/lib/commons-lang-2.6.jar:/home
/travis/build/icyphy/ptII/lib/commons-logging-1.1.1.jar:/home/travis/build/icyp
hy/ptII/lib/sootclasses.jar:/home/travis/build/icyphy/ptII/ptolemy/actor/lib/da
tabase/mysql-connector-java-5.1.6-bin.jar:/home/travis/build/icyphy/ptII/vendor
s/misc/sphinx4/sphinx4-data-5prealpha.jar:/home/travis/build/icyphy/ptII/vendor
s/misc/sphinx4/sphinx4-core-5prealpha.jar:/home/travis/build/icyphy/ptII/lib/PD
FRenderer.jar:/home/travis/build/icyphy/ptII/lib/svgSalamander.jar:/home/travis
/build/icyphy/ptII/lib/rsyntaxtextarea-2.6.0-SNAPSHOT.jar:/home/travis/build/ic
yphy/ptII/lib/hazelcast-3.8.2.jar:/home/travis/build/icyphy/ptII/lib/jackson-an
notations-2.9.0.jar:/home/travis/build/icyphy/ptII/lib/jackson-core-2.9.3.jar:/
home/travis/build/icyphy/ptII/lib/jackson-databind-2.9.3.jar:/home/travis/build
/icyphy/ptII/lib/netty-buffer-4.1.19.Final.jar:/home/travis/build/icyphy/ptII/l
ib/netty-codec-4.1.19.Final.jar:/home/travis/build/icyphy/ptII/lib/netty-codec-
dns-4.1.19.Final.jar:/home/travis/build/icyphy/ptII/lib/netty-codec-http-4.1.19
.Final.jar:/home/travis/build/icyphy/ptII/lib/netty-codec-http2-4.1.19.Final.ja
r:/home/travis/build/icyphy/ptII/lib/netty-common-4.1.19.Final.jar:/home/travis
/build/icyphy/ptII/lib/netty-handler-4.1.19.Final.jar:/home/travis/build/icyphy
/ptII/lib/netty-resolver-4.1.19.Final.jar:/home/travis/build/icyphy/ptII/lib/ne
tty-resolver-dns-4.1.19.Final.jar:/home/travis/build/icyphy/ptII/lib/netty-tran
sport-4.1.19.Final.jar:/home/travis/build/icyphy/ptII/lib/vertx-codegen-3.5.1.j
ar:/home/travis/build/icyphy/ptII/lib/vertx-core-3.5.2-SNAPSHOT.jar:/home/travi
s/build/icyphy/ptII/lib/vertx-hazelcast-3.5.1.jar:/home/travis/build/icyphy/ptI
I/lib/vertx-lang-js-3.5.1.jar:/home/travis/build/icyphy/ptII/lib/vertx-service-
proxy-3.5.1.jar:/home/travis/build/icyphy/ptII/lib/vertx-web-3.5.1.jar:/home/tr
avis/build/icyphy/ptII/lib/slf4j-api-1.7.13.jar:/home/travis/build/icyphy/ptII/
lib/slf4j-simple-1.7.13.jar:/home/travis/build/icyphy/ptII/lib/webcam-capture-0
.3.12.jar:/home/travis/build/icyphy/ptII/lib/bridj-0.7.0.jar:/home/travis/build
/icyphy/ptII/lib/xbjlib-1.1.0.nrjavaserial.jar:/home/travis/build/icyphy/ptII/p
tolemy/moml/test:/home/travis/build/icyphy/ptII/ant/lib/ant-launcher.jar:/home/
travis/build/icyphy/ptII/ant/lib/ant.jar:/home/travis/build/icyphy/ptII/ant/lib
/ant-junit.jar:/home/travis/build/icyphy/ptII/ant/lib/ant-junit4.jar:/home/trav
is/build/icyphy/ptII ModularCodeGen4_A2_B2_profile.java
total 848
-rw-rw-r-- 1 travis travis  4895 Jul  8 01:40 CompiledCompositeActor_CompiledCompositeActor.class
-rw-rw-r-- 1 travis travis  1592 Jul  8 01:40 CompiledCompositeActor_CompiledCompositeActor$_CompiledCompositeActor_CompiledCompositeActor.class
-rw-rw-r-- 1 travis travis 13466 Jul  8 01:40 CompiledCompositeActor_CompiledCompositeActor.java
-rw-rw-r-- 1 travis travis  1593 Jul  8 01:40 CompiledCompositeActor_CompiledCompositeActor.mk
-rw-rw-r-- 1 travis travis  4457 Jul  8 01:40 JavaCompiledCompositeTest1_CompiledCompositeActor.class
-rw-rw-r-- 1 travis travis 11637 Jul  8 01:40 JavaCompiledCompositeTest1_CompiledCompositeActor.java
-rw-rw-r-- 1 travis travis  1198 Jul  8 01:40 JavaCompiledCompositeTest1_CompiledCompositeActor$_JavaCompiledCompositeTest1_CompiledCompositeActor.class
-rw-rw-r-- 1 travis travis  1625 Jul  8 01:40 JavaCompiledCompositeTest1_CompiledCompositeActor.mk
-rw-rw-r-- 1 travis travis  4888 Jul  8 01:40 JavaCompiledCompositeTest2_CompiledCompositeActor.class
-rw-rw-r-- 1 travis travis 14919 Jul  8 01:40 JavaCompiledCompositeTest2_CompiledCompositeActor.java
-rw-rw-r-- 1 travis travis  1793 Jul  8 01:40 JavaCompiledCompositeTest2_CompiledCompositeActor$_JavaCompiledCompositeTest2_CompiledCompositeActor.class
-rw-rw-r-- 1 travis travis  1625 Jul  8 01:40 JavaCompiledCompositeTest2_CompiledCompositeActor.mk
-rw-rw-r-- 1 travis travis  4505 Jul  8 01:40 JavaCompiledCompositeTest3_CompiledCompositeActor.class
-rw-rw-r-- 1 travis travis 13080 Jul  8 01:40 JavaCompiledCompositeTest3_CompiledCompositeActor.java
-rw-rw-r-- 1 travis travis  1378 Jul  8 01:40 JavaCompiledCompositeTest3_CompiledCompositeActor$_JavaCompiledCompositeTest3_CompiledCompositeActor.class
-rw-rw-r-- 1 travis travis  1625 Jul  8 01:40 JavaCompiledCompositeTest3_CompiledCompositeActor.mk
-rw-rw-r-- 1 travis travis  3953 Jul  8 01:40 JavaCompiledCompositeTest4_CompiledCompositeActor.class
-rw-rw-r-- 1 travis travis  9687 Jul  8 01:40 JavaCompiledCompositeTest4_CompiledCompositeActor.java
-rw-rw-r-- 1 travis travis   857 Jul  8 01:40 JavaCompiledCompositeTest4_CompiledCompositeActor$_JavaCompiledCompositeTest4_CompiledCompositeActor.class
-rw-rw-r-- 1 travis travis  1625 Jul  8 01:40 JavaCompiledCompositeTest4_CompiledCompositeActor.mk
-rw-rw-r-- 1 travis travis  3693 Jul  8 01:40 ModularCG_A1_B1.class
-rw-rw-r-- 1 travis travis  9730 Jul  8 01:40 ModularCG_A1_B1.java
-rw-rw-r-- 1 travis travis   832 Jul  8 01:40 ModularCG_A1_B1.mk
-rw-rw-r-- 1 travis travis  1318 Jul  8 01:40 ModularCG_A1_B1_profile.class
-rw-rw-r-- 1 travis travis  1262 Jul  8 01:40 ModularCG_A1_B1_profile.java
-rw-rw-r-- 1 travis travis  3693 Jul  8 01:40 ModularCG_A1_B2.class
-rw-rw-r-- 1 travis travis  9730 Jul  8 01:40 ModularCG_A1_B2.java
-rw-rw-r-- 1 travis travis   832 Jul  8 01:40 ModularCG_A1_B2.mk
-rw-rw-r-- 1 travis travis  1318 Jul  8 01:40 ModularCG_A1_B2_profile.class
-rw-rw-r-- 1 travis travis  1262 Jul  8 01:40 ModularCG_A1_B2_profile.java
-rw-rw-r-- 1 travis travis  4799 Jul  8 01:41 ModularCG_A1.class
-rw-rw-r-- 1 travis travis 14742 Jul  8 01:41 ModularCG_A1.java
-rw-rw-r-- 1 travis travis   808 Jul  8 01:41 ModularCG_A1.mk
-rw-rw-r-- 1 travis travis  1433 Jul  8 01:41 ModularCG_A1_profile.class
-rw-rw-r-- 1 travis travis  1704 Jul  8 01:40 ModularCG_A1_profile.java
-rw-rw-r-- 1 travis travis  3827 Jul  8 01:41 ModularCG_A2_B1.class
-rw-rw-r-- 1 travis travis 10667 Jul  8 01:41 ModularCG_A2_B1.java
-rw-rw-r-- 1 travis travis   832 Jul  8 01:41 ModularCG_A2_B1.mk
-rw-rw-r-- 1 travis travis  1381 Jul  8 01:41 ModularCG_A2_B1_profile.class
-rw-rw-r-- 1 travis travis  1446 Jul  8 01:41 ModularCG_A2_B1_profile.java
-rw-rw-r-- 1 travis travis  3693 Jul  8 01:41 ModularCG_A2_B2.class
-rw-rw-r-- 1 travis travis  9730 Jul  8 01:41 ModularCG_A2_B2.java
-rw-rw-r-- 1 travis travis   832 Jul  8 01:41 ModularCG_A2_B2.mk
-rw-rw-r-- 1 travis travis  1318 Jul  8 01:41 ModularCG_A2_B2_profile.class
-rw-rw-r-- 1 travis travis  1262 Jul  8 01:41 ModularCG_A2_B2_profile.java
-rw-rw-r-- 1 travis travis  4870 Jul  8 01:41 ModularCG_A2.class
-rw-rw-r-- 1 travis travis 15129 Jul  8 01:41 ModularCG_A2.java
-rw-rw-r-- 1 travis travis   808 Jul  8 01:41 ModularCG_A2.mk
-rw-rw-r-- 1 travis travis  1433 Jul  8 01:41 ModularCG_A2_profile.class
-rw-rw-r-- 1 travis travis  1704 Jul  8 01:41 ModularCG_A2_profile.java
-rw-rw-r-- 1 travis travis  3473 Jul  8 01:41 ModularCGPubSub_A1_A2.class
-rw-rw-r-- 1 travis travis  9076 Jul  8 01:41 ModularCGPubSub_A1_A2.java
-rw-rw-r-- 1 travis travis   880 Jul  8 01:41 ModularCGPubSub_A1_A2.mk
-rw-rw-r-- 1 travis travis  1300 Jul  8 01:41 ModularCGPubSub_A1_A2_profile.class
-rw-rw-r-- 1 travis travis  1222 Jul  8 01:41 ModularCGPubSub_A1_A2_profile.java
-rw-rw-r-- 1 travis travis  3790 Jul  8 01:41 ModularCGPubSub_A1.class
-rw-rw-r-- 1 travis travis  9836 Jul  8 01:41 ModularCGPubSub_A1.java
-rw-rw-r-- 1 travis travis   856 Jul  8 01:41 ModularCGPubSub_A1.mk
-rw-rw-r-- 1 travis travis  1346 Jul  8 01:41 ModularCGPubSub_A1_profile.class
-rw-rw-r-- 1 travis travis  1388 Jul  8 01:41 ModularCGPubSub_A1_profile.java
-rw-rw-r-- 1 travis travis  3988 Jul  8 01:41 ModularCodeGen2_ModularCodeGenTypedCompositeActor.class
-rw-rw-r-- 1 travis travis 11690 Jul  8 01:41 ModularCodeGen2_ModularCodeGenTypedCompositeActor.java
-rw-rw-r-- 1 travis travis  1104 Jul  8 01:41 ModularCodeGen2_ModularCodeGenTypedCompositeActor.mk
-rw-rw-r-- 1 travis travis  4272 Jul  8 01:41 ModularCodeGen2_ModularCodeGenTypedCompositeActor_ModularCodeGenTypedCompositeActor.class
-rw-rw-r-- 1 travis travis 11790 Jul  8 01:41 ModularCodeGen2_ModularCodeGenTypedCompositeActor_ModularCodeGenTypedCompositeActor.java
-rw-rw-r-- 1 travis travis  1376 Jul  8 01:41 ModularCodeGen2_ModularCodeGenTypedCompositeActor_ModularCodeGenTypedCompositeActor.mk
-rw-rw-r-- 1 travis travis  1421 Jul  8 01:41 ModularCodeGen2_ModularCodeGenTypedCompositeActor_ModularCodeGenTypedCompositeActor_profile.class
-rw-rw-r-- 1 travis travis  1294 Jul  8 01:41 ModularCodeGen2_ModularCodeGenTypedCompositeActor_ModularCodeGenTypedCompositeActor_profile.java
-rw-rw-r-- 1 travis travis   820 Jul  8 01:41 ModularCodeGen2_ModularCodeGenTypedCompositeActor_profile.class
-rw-rw-r-- 1 travis travis   693 Jul  8 01:41 ModularCodeGen2_ModularCodeGenTypedCompositeActor_profile.java
-rw-rw-r-- 1 travis travis  3741 Jul  8 01:41 ModularCodeGen3_A1_B1.class
-rw-rw-r-- 1 travis travis  9958 Jul  8 01:41 ModularCodeGen3_A1_B1.java
-rw-rw-r-- 1 travis travis   880 Jul  8 01:41 ModularCodeGen3_A1_B1.mk
-rw-rw-r-- 1 travis travis  1330 Jul  8 01:41 ModularCodeGen3_A1_B1_profile.class
-rw-rw-r-- 1 travis travis  1274 Jul  8 01:41 ModularCodeGen3_A1_B1_profile.java
-rw-rw-r-- 1 travis travis  3741 Jul  8 01:41 ModularCodeGen3_A1_B2.class
-rw-rw-r-- 1 travis travis  9958 Jul  8 01:41 ModularCodeGen3_A1_B2.java
-rw-rw-r-- 1 travis travis   880 Jul  8 01:41 ModularCodeGen3_A1_B2.mk
-rw-rw-r-- 1 travis travis  1330 Jul  8 01:41 ModularCodeGen3_A1_B2_profile.class
-rw-rw-r-- 1 travis travis  1274 Jul  8 01:41 ModularCodeGen3_A1_B2_profile.java
-rw-rw-r-- 1 travis travis  4961 Jul  8 01:41 ModularCodeGen3_A1.class
-rw-rw-r-- 1 travis travis 15564 Jul  8 01:41 ModularCodeGen3_A1.java
-rw-rw-r-- 1 travis travis   856 Jul  8 01:41 ModularCodeGen3_A1.mk
-rw-rw-r-- 1 travis travis  1445 Jul  8 01:41 ModularCodeGen3_A1_profile.class
-rw-rw-r-- 1 travis travis  1716 Jul  8 01:41 ModularCodeGen3_A1_profile.java
-rw-rw-r-- 1 travis travis  3887 Jul  8 01:41 ModularCodeGen3_A2_B1.class
-rw-rw-r-- 1 travis travis 10955 Jul  8 01:41 ModularCodeGen3_A2_B1.java
-rw-rw-r-- 1 travis travis   880 Jul  8 01:41 ModularCodeGen3_A2_B1.mk
-rw-rw-r-- 1 travis travis  1393 Jul  8 01:41 ModularCodeGen3_A2_B1_profile.class
-rw-rw-r-- 1 travis travis  1458 Jul  8 01:41 ModularCodeGen3_A2_B1_profile.java
-rw-rw-r-- 1 travis travis  3741 Jul  8 01:41 ModularCodeGen3_A2_B2.class
-rw-rw-r-- 1 travis travis  9958 Jul  8 01:41 ModularCodeGen3_A2_B2.java
-rw-rw-r-- 1 travis travis   880 Jul  8 01:41 ModularCodeGen3_A2_B2.mk
-rw-rw-r-- 1 travis travis  1330 Jul  8 01:41 ModularCodeGen3_A2_B2_profile.class
-rw-rw-r-- 1 travis travis  1274 Jul  8 01:41 ModularCodeGen3_A2_B2_profile.java
-rw-rw-r-- 1 travis travis  5038 Jul  8 01:41 ModularCodeGen3_A2.class
-rw-rw-r-- 1 travis travis 15957 Jul  8 01:41 ModularCodeGen3_A2.java
-rw-rw-r-- 1 travis travis   856 Jul  8 01:41 ModularCodeGen3_A2.mk
-rw-rw-r-- 1 travis travis  1445 Jul  8 01:41 ModularCodeGen3_A2_profile.class
-rw-rw-r-- 1 travis travis  1716 Jul  8 01:41 ModularCodeGen3_A2_profile.java
-rw-rw-r-- 1 travis travis  3794 Jul  8 01:41 ModularCodeGen4_A1_B1.class
-rw-rw-r-- 1 travis travis 10312 Jul  8 01:41 ModularCodeGen4_A1_B1.java
-rw-rw-r-- 1 travis travis   880 Jul  8 01:41 ModularCodeGen4_A1_B1.mk
-rw-rw-r-- 1 travis travis  1330 Jul  8 01:41 ModularCodeGen4_A1_B1_profile.class
-rw-rw-r-- 1 travis travis  1273 Jul  8 01:41 ModularCodeGen4_A1_B1_profile.java
-rw-rw-r-- 1 travis travis  3794 Jul  8 01:41 ModularCodeGen4_A1_B2.class
-rw-rw-r-- 1 travis travis 10312 Jul  8 01:41 ModularCodeGen4_A1_B2.java
-rw-rw-r-- 1 travis travis   880 Jul  8 01:41 ModularCodeGen4_A1_B2.mk
-rw-rw-r-- 1 travis travis  1330 Jul  8 01:41 ModularCodeGen4_A1_B2_profile.class
-rw-rw-r-- 1 travis travis  1273 Jul  8 01:41 ModularCodeGen4_A1_B2_profile.java
-rw-rw-r-- 1 travis travis  5101 Jul  8 01:41 ModularCodeGen4_A1.class
-rw-rw-r-- 1 travis travis 16245 Jul  8 01:41 ModularCodeGen4_A1.java
-rw-rw-r-- 1 travis travis   856 Jul  8 01:41 ModularCodeGen4_A1.mk
-rw-rw-r-- 1 travis travis  1445 Jul  8 01:41 ModularCodeGen4_A1_profile.class
-rw-rw-r-- 1 travis travis  1712 Jul  8 01:41 ModularCodeGen4_A1_profile.java
-rw-rw-r-- 1 travis travis  3988 Jul  8 01:41 ModularCodeGen4_A2_B1.class
-rw-rw-r-- 1 travis travis 11375 Jul  8 01:41 ModularCodeGen4_A2_B1.java
-rw-rw-r-- 1 travis travis   880 Jul  8 01:41 ModularCodeGen4_A2_B1.mk
-rw-rw-r-- 1 travis travis  1393 Jul  8 01:41 ModularCodeGen4_A2_B1_profile.class
-rw-rw-r-- 1 travis travis  1454 Jul  8 01:41 ModularCodeGen4_A2_B1_profile.java
-rw-rw-r-- 1 travis travis  1270 Jul  8 01:41 ModularCodeGen4_A2_B2_profile.java
-rw-rw-r-- 1 travis travis  3954 Jul  8 01:41 ModularCodeGen_ModularCodeGenTypedCompositeActor.class
-rw-rw-r-- 1 travis travis 10970 Jul  8 01:41 ModularCodeGen_ModularCodeGenTypedCompositeActor.java
-rw-rw-r-- 1 travis travis  1096 Jul  8 01:41 ModularCodeGen_ModularCodeGenTypedCompositeActor.mk
-rw-rw-r-- 1 travis travis  1384 Jul  8 01:41 ModularCodeGen_ModularCodeGenTypedCompositeActor_profile.class
-rw-rw-r-- 1 travis travis  1328 Jul  8 01:41 ModularCodeGen_ModularCodeGenTypedCompositeActor_profile.java
-rw-rw-r-- 1 travis travis  3492 Jul  8 01:40 ModularCodeGenTest_A1_A2.class
-rw-rw-r-- 1 travis travis  9164 Jul  8 01:40 ModularCodeGenTest_A1_A2.java
-rw-rw-r-- 1 travis travis   904 Jul  8 01:40 ModularCodeGenTest_A1_A2.mk
-rw-rw-r-- 1 travis travis  1306 Jul  8 01:40 ModularCodeGenTest_A1_A2_profile.class
-rw-rw-r-- 1 travis travis  1228 Jul  8 01:40 ModularCodeGenTest_A1_A2_profile.java
-rw-rw-r-- 1 travis travis  3823 Jul  8 01:40 ModularCodeGenTest_A1.class
-rw-rw-r-- 1 travis travis  9968 Jul  8 01:40 ModularCodeGenTest_A1.java
-rw-rw-r-- 1 travis travis   880 Jul  8 01:40 ModularCodeGenTest_A1.mk
-rw-rw-r-- 1 travis travis  1352 Jul  8 01:40 ModularCodeGenTest_A1_profile.class
-rw-rw-r-- 1 travis travis  1394 Jul  8 01:40 ModularCodeGenTest_A1_profile.java
-rw-rw-r-- 1 travis travis   432 Jul  8 01:41 Token.class
-rw-rw-r-- 1 travis travis   251 Jul  8 01:41 Token.java
warning: Supported source version 'RELEASE_6' from annotation processor 'org.netbeans.modules.openide.util.NbBundleProcessor' less than -source '1.8'
warning: Supported source version 'RELEASE_6' from annotation processor 'org.netbeans.modules.openide.util.URLStreamHandlerRegistrationProcessor' less than -source '1.8'
warning: Supported source version 'RELEASE_6' from annotation processor 'org.netbeans.modules.openide.util.ServiceProviderProcessor' less than -source '1.8'
3 warnings
All Done
Writing ModularCodeGen4_A2_B2.java in file:/home/travis/cg/ (10378 characters)
Reading "ptolemy/cg/kernel/generic/program/procedural/java/modular/makefile.in",
    writing "/home/travis/cg/ModularCodeGen4_A2_B2.mk"
Using ptolemy/cg/kernel/generic/program/procedural/java/modular/makefile.in
In "/home/travis/cg", about to execute:
    make -f ModularCodeGen4_A2_B2.mk
javac -classpath ".:.."    ModularCodeGen4_A2_B2.java
All Done
In "/home/travis/cg", about to execute:
    pwd
In "/home/travis/cg", about to execute:
    ls -l
/home/travis/cg
In "/home/travis/cg", about to execute:
    javac -classpath
.:/home/travis/build/icyphy/ptII:/home/travis/build/icyphy/ptII/lib/bsh-2.0b4.j
ar:/home/travis/build/icyphy/ptII/lib/ptCal.jar:/home/travis/build/icyphy/ptII/
lib/java_cup.jar:/home/travis/build/icyphy/ptII/lib/saxon8.jar:/home/travis/bui
ld/icyphy/ptII/lib/saxon8-dom.jar:/home/travis/build/icyphy/ptII/lib/chic.jar:/
home/travis/build/icyphy/ptII/lib/ptcolt.jar:/usr/lib/jvm/java-8-oracle/lib/too
ls.jar:/usr/lib/eclipse/plugins/org.eclipse.jdt.core_3.8.2.dist.jar:/usr/lib/ec
lipse/plugins/org.eclipse.core.runtime_3.8.0.dist.jar:/usr/lib/eclipse/plugins/
org.eclipse.osgi_3.8.1.dist.jar:/usr/lib/eclipse/plugins/org.eclipse.core.resou
rces_3.8.1.dist.jar:/usr/lib/eclipse/plugins/org.eclipse.equinox.common_3.6.100
.dist.jar:/usr/lib/eclipse/plugins/org.eclipse.core.jobs_3.5.200.dist.jar:/usr/
lib/eclipse/plugins/org.eclipse.core.contenttype_3.4.200.dist.jar:/usr/lib/ecli
pse/plugins/org.eclipse.equinox.preferences_3.5.0.dist.jar:/usr/lib/eclipse/plu
gins/org.eclipse.text_3.5.200.dist.jar:/usr/lib/eclipse/plugins/org.eclipse.ui.
workbench_3.8.1.dist.jar:/usr/lib/eclipse/plugins/org.eclipse.jface_3.8.0.dist.
jar:/usr/lib/eclipse/plugins/org.eclipse.swt_3.8.2.jar:/usr/lib/eclipse/plugins
/org.eclipse.jface.text_3.8.1.dist.jar:/usr/lib/eclipse/plugins/org.eclipse.ui.
workbench.texteditor_3.8.0.dist.jar:/usr/lib/eclipse/plugins/org.eclipse.ui.edi
tors_3.8.0.dist.jar:/usr/lib/eclipse/plugins/org.eclipse.core.commands_3.6.1.di
st.jar:/usr/lib/eclipse/plugins/org.eclipse.equinox.registry_3.5.200.dist.jar:/
usr/lib/eclipse/plugins/org.eclipse.ui.console_3.5.100.dist.jar:/usr/lib/eclips
e/plugins/org.eclipse.ui.forms_3.5.200.dist.jar:/usr/lib/eclipse/plugins/org.ec
lipse.ui.ide_3.8.1.dist.jar:/home/travis/build/icyphy/ptII/vendors/oracle/dbxml
.jar:/home/travis/build/icyphy/ptII/vendors/oracle/db.jar:/home/travis/build/ic
yphy/ptII/vendors/misc/itext/iText.jar:/home/travis/build/icyphy/ptII/lib/g4ltl
.jar:/home/travis/build/icyphy/ptII/lib/StructuralCoder.jar:/home/travis/build/
icyphy/ptII/lib/org-openide-util.jar:/home/travis/build/icyphy/ptII/lib/org-ope
nide-util-lookup.jar:/home/travis/build/icyphy/ptII/lib/org-netbeans-api-visual
.jar:/home/travis/build/icyphy/ptII/vendors/jai-1_1_2_01/lib/jai_core.jar:/home
/travis/build/icyphy/ptII/vendors/jai-1_1_2_01/lib/jai_codec.jar:/home/travis/b
uild/icyphy/ptII/lib/jcerti.jar:/home/travis/build/icyphy/ptII/lib/smack.jar:/h
ome/travis/build/icyphy/ptII/lib/smackx.jar:/home/travis/build/icyphy/ptII/lib/
jetty-all-8.1.5-v20120716.jar:/home/travis/build/icyphy/ptII/lib/javax.servlet-
api-3.0.1.jar:/home/travis/build/icyphy/ptII/lib/javax.mail.jar:/home/travis/bu
ild/icyphy/ptII/vendors/JMF-2.1.1e/lib/jmf.jar:/home/travis/build/icyphy/ptII/l
ib/jna-4.0.0-variadic.jar:/home/travis/build/icyphy/ptII/vendors/misc/joystick/
Joystick.jar:/home/travis/build/icyphy/ptII/lib/ptjacl.jar:/home/travis/build/i
cyphy/ptII/lib/jsoup-1.8.2.jar:/home/travis/build/icyphy/ptII/lib/junit-4.8.2.j
ar:/home/travis/build/icyphy/ptII/lib/JUnitParams-0.4.0.jar:/home/travis/build/
icyphy/ptII/ptolemy/actor/lib/excel/jxl.jar:/home/travis/build/icyphy/ptII/lib/
jython.jar:/home/travis/build/icyphy/ptII/lib/kieler.jar:/home/travis/build/icy
phy/ptII/vendors/opencv/share/OpenCV/java/opencv-341.jar:/home/travis/build/icy
phy/ptII/lib/oscP5.jar:/home/travis/build/icyphy/ptII/lib/nrjavaserial-3.11.0.d
evel.jar:/home/travis/build/icyphy/ptII/vendors/j3d/lib/j3dcore.jar:/home/travi
s/build/icyphy/ptII/vendors/j3d/lib/j3dutils.jar:/home/travis/build/icyphy/ptII
/vendors/j3d/lib/vecmath.jar:/home/travis/build/icyphy/ptII/ptolemy/distributed
/jini/jar/jini-core.jar:/home/travis/build/icyphy/ptII/ptolemy/distributed/jini
/jar/jini-ext.jar:/home/travis/build/icyphy/ptII/ptolemy/distributed/jini/jar/s
un-util.jar:/home/travis/build/icyphy/ptII/lib/protobuf-java-2.4.1.jar:/home/tr
avis/build/icyphy/ptII/lib/org.eclipse.paho.client.mqttv3.jar:/home/travis/buil
d/icyphy/ptII/ptserver/lib/hessian-4.0.7.jar:/home/travis/build/icyphy/ptII/pts
erver/lib/wmqtt.jar:/home/travis/build/icyphy/ptII/lib/mapss.jar:/home/travis/b
uild/icyphy/ptII/ptolemy/actor/ptalon/antlr/antlr.jar:/home/travis/build/icyphy
/ptII/lib/JRI.jar:/home/travis/build/icyphy/ptII/lib/commons-lang-2.6.jar:/home
/travis/build/icyphy/ptII/lib/commons-logging-1.1.1.jar:/home/travis/build/icyp
hy/ptII/lib/sootclasses.jar:/home/travis/build/icyphy/ptII/ptolemy/actor/lib/da
tabase/mysql-connector-java-5.1.6-bin.jar:/home/travis/build/icyphy/ptII/vendor
s/misc/sphinx4/sphinx4-data-5prealpha.jar:/home/travis/build/icyphy/ptII/vendor
s/misc/sphinx4/sphinx4-core-5prealpha.jar:/home/travis/build/icyphy/ptII/lib/PD
FRenderer.jar:/home/travis/build/icyphy/ptII/lib/svgSalamander.jar:/home/travis
/build/icyphy/ptII/lib/rsyntaxtextarea-2.6.0-SNAPSHOT.jar:/home/travis/build/ic
yphy/ptII/lib/hazelcast-3.8.2.jar:/home/travis/build/icyphy/ptII/lib/jackson-an
notations-2.9.0.jar:/home/travis/build/icyphy/ptII/lib/jackson-core-2.9.3.jar:/
home/travis/build/icyphy/ptII/lib/jackson-databind-2.9.3.jar:/home/travis/build
/icyphy/ptII/lib/netty-buffer-4.1.19.Final.jar:/home/travis/build/icyphy/ptII/l
ib/netty-codec-4.1.19.Final.jar:/home/travis/build/icyphy/ptII/lib/netty-codec-
dns-4.1.19.Final.jar:/home/travis/build/icyphy/ptII/lib/netty-codec-http-4.1.19
.Final.jar:/home/travis/build/icyphy/ptII/lib/netty-codec-http2-4.1.19.Final.ja
r:/home/travis/build/icyphy/ptII/lib/netty-common-4.1.19.Final.jar:/home/travis
/build/icyphy/ptII/lib/netty-handler-4.1.19.Final.jar:/home/travis/build/icyphy
/ptII/lib/netty-resolver-4.1.19.Final.jar:/home/travis/build/icyphy/ptII/lib/ne
tty-resolver-dns-4.1.19.Final.jar:/home/travis/build/icyphy/ptII/lib/netty-tran
sport-4.1.19.Final.jar:/home/travis/build/icyphy/ptII/lib/vertx-codegen-3.5.1.j
ar:/home/travis/build/icyphy/ptII/lib/vertx-core-3.5.2-SNAPSHOT.jar:/home/travi
s/build/icyphy/ptII/lib/vertx-hazelcast-3.5.1.jar:/home/travis/build/icyphy/ptI
I/lib/vertx-lang-js-3.5.1.jar:/home/travis/build/icyphy/ptII/lib/vertx-service-
proxy-3.5.1.jar:/home/travis/build/icyphy/ptII/lib/vertx-web-3.5.1.jar:/home/tr
avis/build/icyphy/ptII/lib/slf4j-api-1.7.13.jar:/home/travis/build/icyphy/ptII/
lib/slf4j-simple-1.7.13.jar:/home/travis/build/icyphy/ptII/lib/webcam-capture-0
.3.12.jar:/home/travis/build/icyphy/ptII/lib/bridj-0.7.0.jar:/home/travis/build
/icyphy/ptII/lib/xbjlib-1.1.0.nrjavaserial.jar:/home/travis/build/icyphy/ptII/p
tolemy/moml/test:/home/travis/build/icyphy/ptII/ant/lib/ant-launcher.jar:/home/
travis/build/icyphy/ptII/ant/lib/ant.jar:/home/travis/build/icyphy/ptII/ant/lib
/ant-junit.jar:/home/travis/build/icyphy/ptII/ant/lib/ant-junit4.jar:/home/trav
is/build/icyphy/ptII ModularCodeGen4_A2_profile.java
total 876
-rw-rw-r-- 1 travis travis  4895 Jul  8 01:40 CompiledCompositeActor_CompiledCompositeActor.class
-rw-rw-r-- 1 travis travis  1592 Jul  8 01:40 CompiledCompositeActor_CompiledCompositeActor$_CompiledCompositeActor_CompiledCompositeActor.class
-rw-rw-r-- 1 travis travis 13466 Jul  8 01:40 CompiledCompositeActor_CompiledCompositeActor.java
-rw-rw-r-- 1 travis travis  1593 Jul  8 01:40 CompiledCompositeActor_CompiledCompositeActor.mk
-rw-rw-r-- 1 travis travis  4457 Jul  8 01:40 JavaCompiledCompositeTest1_CompiledCompositeActor.class
-rw-rw-r-- 1 travis travis 11637 Jul  8 01:40 JavaCompiledCompositeTest1_CompiledCompositeActor.java
-rw-rw-r-- 1 travis travis  1198 Jul  8 01:40 JavaCompiledCompositeTest1_CompiledCompositeActor$_JavaCompiledCompositeTest1_CompiledCompositeActor.class
-rw-rw-r-- 1 travis travis  1625 Jul  8 01:40 JavaCompiledCompositeTest1_CompiledCompositeActor.mk
-rw-rw-r-- 1 travis travis  4888 Jul  8 01:40 JavaCompiledCompositeTest2_CompiledCompositeActor.class
-rw-rw-r-- 1 travis travis 14919 Jul  8 01:40 JavaCompiledCompositeTest2_CompiledCompositeActor.java
-rw-rw-r-- 1 travis travis  1793 Jul  8 01:40 JavaCompiledCompositeTest2_CompiledCompositeActor$_JavaCompiledCompositeTest2_CompiledCompositeActor.class
-rw-rw-r-- 1 travis travis  1625 Jul  8 01:40 JavaCompiledCompositeTest2_CompiledCompositeActor.mk
-rw-rw-r-- 1 travis travis  4505 Jul  8 01:40 JavaCompiledCompositeTest3_CompiledCompositeActor.class
-rw-rw-r-- 1 travis travis 13080 Jul  8 01:40 JavaCompiledCompositeTest3_CompiledCompositeActor.java
-rw-rw-r-- 1 travis travis  1378 Jul  8 01:40 JavaCompiledCompositeTest3_CompiledCompositeActor$_JavaCompiledCompositeTest3_CompiledCompositeActor.class
-rw-rw-r-- 1 travis travis  1625 Jul  8 01:40 JavaCompiledCompositeTest3_CompiledCompositeActor.mk
-rw-rw-r-- 1 travis travis  3953 Jul  8 01:40 JavaCompiledCompositeTest4_CompiledCompositeActor.class
-rw-rw-r-- 1 travis travis  9687 Jul  8 01:40 JavaCompiledCompositeTest4_CompiledCompositeActor.java
-rw-rw-r-- 1 travis travis   857 Jul  8 01:40 JavaCompiledCompositeTest4_CompiledCompositeActor$_JavaCompiledCompositeTest4_CompiledCompositeActor.class
-rw-rw-r-- 1 travis travis  1625 Jul  8 01:40 JavaCompiledCompositeTest4_CompiledCompositeActor.mk
-rw-rw-r-- 1 travis travis  3693 Jul  8 01:40 ModularCG_A1_B1.class
-rw-rw-r-- 1 travis travis  9730 Jul  8 01:40 ModularCG_A1_B1.java
-rw-rw-r-- 1 travis travis   832 Jul  8 01:40 ModularCG_A1_B1.mk
-rw-rw-r-- 1 travis travis  1318 Jul  8 01:40 ModularCG_A1_B1_profile.class
-rw-rw-r-- 1 travis travis  1262 Jul  8 01:40 ModularCG_A1_B1_profile.java
-rw-rw-r-- 1 travis travis  3693 Jul  8 01:40 ModularCG_A1_B2.class
-rw-rw-r-- 1 travis travis  9730 Jul  8 01:40 ModularCG_A1_B2.java
-rw-rw-r-- 1 travis travis   832 Jul  8 01:40 ModularCG_A1_B2.mk
-rw-rw-r-- 1 travis travis  1318 Jul  8 01:40 ModularCG_A1_B2_profile.class
-rw-rw-r-- 1 travis travis  1262 Jul  8 01:40 ModularCG_A1_B2_profile.java
-rw-rw-r-- 1 travis travis  4799 Jul  8 01:41 ModularCG_A1.class
-rw-rw-r-- 1 travis travis 14742 Jul  8 01:41 ModularCG_A1.java
-rw-rw-r-- 1 travis travis   808 Jul  8 01:41 ModularCG_A1.mk
-rw-rw-r-- 1 travis travis  1433 Jul  8 01:41 ModularCG_A1_profile.class
-rw-rw-r-- 1 travis travis  1704 Jul  8 01:40 ModularCG_A1_profile.java
-rw-rw-r-- 1 travis travis  3827 Jul  8 01:41 ModularCG_A2_B1.class
-rw-rw-r-- 1 travis travis 10667 Jul  8 01:41 ModularCG_A2_B1.java
-rw-rw-r-- 1 travis travis   832 Jul  8 01:41 ModularCG_A2_B1.mk
-rw-rw-r-- 1 travis travis  1381 Jul  8 01:41 ModularCG_A2_B1_profile.class
-rw-rw-r-- 1 travis travis  1446 Jul  8 01:41 ModularCG_A2_B1_profile.java
-rw-rw-r-- 1 travis travis  3693 Jul  8 01:41 ModularCG_A2_B2.class
-rw-rw-r-- 1 travis travis  9730 Jul  8 01:41 ModularCG_A2_B2.java
-rw-rw-r-- 1 travis travis   832 Jul  8 01:41 ModularCG_A2_B2.mk
-rw-rw-r-- 1 travis travis  1318 Jul  8 01:41 ModularCG_A2_B2_profile.class
-rw-rw-r-- 1 travis travis  1262 Jul  8 01:41 ModularCG_A2_B2_profile.java
-rw-rw-r-- 1 travis travis  4870 Jul  8 01:41 ModularCG_A2.class
-rw-rw-r-- 1 travis travis 15129 Jul  8 01:41 ModularCG_A2.java
-rw-rw-r-- 1 travis travis   808 Jul  8 01:41 ModularCG_A2.mk
-rw-rw-r-- 1 travis travis  1433 Jul  8 01:41 ModularCG_A2_profile.class
-rw-rw-r-- 1 travis travis  1704 Jul  8 01:41 ModularCG_A2_profile.java
-rw-rw-r-- 1 travis travis  3473 Jul  8 01:41 ModularCGPubSub_A1_A2.class
-rw-rw-r-- 1 travis travis  9076 Jul  8 01:41 ModularCGPubSub_A1_A2.java
-rw-rw-r-- 1 travis travis   880 Jul  8 01:41 ModularCGPubSub_A1_A2.mk
-rw-rw-r-- 1 travis travis  1300 Jul  8 01:41 ModularCGPubSub_A1_A2_profile.class
-rw-rw-r-- 1 travis travis  1222 Jul  8 01:41 ModularCGPubSub_A1_A2_profile.java
-rw-rw-r-- 1 travis travis  3790 Jul  8 01:41 ModularCGPubSub_A1.class
-rw-rw-r-- 1 travis travis  9836 Jul  8 01:41 ModularCGPubSub_A1.java
-rw-rw-r-- 1 travis travis   856 Jul  8 01:41 ModularCGPubSub_A1.mk
-rw-rw-r-- 1 travis travis  1346 Jul  8 01:41 ModularCGPubSub_A1_profile.class
-rw-rw-r-- 1 travis travis  1388 Jul  8 01:41 ModularCGPubSub_A1_profile.java
-rw-rw-r-- 1 travis travis  3988 Jul  8 01:41 ModularCodeGen2_ModularCodeGenTypedCompositeActor.class
-rw-rw-r-- 1 travis travis 11690 Jul  8 01:41 ModularCodeGen2_ModularCodeGenTypedCompositeActor.java
-rw-rw-r-- 1 travis travis  1104 Jul  8 01:41 ModularCodeGen2_ModularCodeGenTypedCompositeActor.mk
-rw-rw-r-- 1 travis travis  4272 Jul  8 01:41 ModularCodeGen2_ModularCodeGenTypedCompositeActor_ModularCodeGenTypedCompositeActor.class
-rw-rw-r-- 1 travis travis 11790 Jul  8 01:41 ModularCodeGen2_ModularCodeGenTypedCompositeActor_ModularCodeGenTypedCompositeActor.java
-rw-rw-r-- 1 travis travis  1376 Jul  8 01:41 ModularCodeGen2_ModularCodeGenTypedCompositeActor_ModularCodeGenTypedCompositeActor.mk
-rw-rw-r-- 1 travis travis  1421 Jul  8 01:41 ModularCodeGen2_ModularCodeGenTypedCompositeActor_ModularCodeGenTypedCompositeActor_profile.class
-rw-rw-r-- 1 travis travis  1294 Jul  8 01:41 ModularCodeGen2_ModularCodeGenTypedCompositeActor_ModularCodeGenTypedCompositeActor_profile.java
-rw-rw-r-- 1 travis travis   820 Jul  8 01:41 ModularCodeGen2_ModularCodeGenTypedCompositeActor_profile.class
-rw-rw-r-- 1 travis travis   693 Jul  8 01:41 ModularCodeGen2_ModularCodeGenTypedCompositeActor_profile.java
-rw-rw-r-- 1 travis travis  3741 Jul  8 01:41 ModularCodeGen3_A1_B1.class
-rw-rw-r-- 1 travis travis  9958 Jul  8 01:41 ModularCodeGen3_A1_B1.java
-rw-rw-r-- 1 travis travis   880 Jul  8 01:41 ModularCodeGen3_A1_B1.mk
-rw-rw-r-- 1 travis travis  1330 Jul  8 01:41 ModularCodeGen3_A1_B1_profile.class
-rw-rw-r-- 1 travis travis  1274 Jul  8 01:41 ModularCodeGen3_A1_B1_profile.java
-rw-rw-r-- 1 travis travis  3741 Jul  8 01:41 ModularCodeGen3_A1_B2.class
-rw-rw-r-- 1 travis travis  9958 Jul  8 01:41 ModularCodeGen3_A1_B2.java
-rw-rw-r-- 1 travis travis   880 Jul  8 01:41 ModularCodeGen3_A1_B2.mk
-rw-rw-r-- 1 travis travis  1330 Jul  8 01:41 ModularCodeGen3_A1_B2_profile.class
-rw-rw-r-- 1 travis travis  1274 Jul  8 01:41 ModularCodeGen3_A1_B2_profile.java
-rw-rw-r-- 1 travis travis  4961 Jul  8 01:41 ModularCodeGen3_A1.class
-rw-rw-r-- 1 travis travis 15564 Jul  8 01:41 ModularCodeGen3_A1.java
-rw-rw-r-- 1 travis travis   856 Jul  8 01:41 ModularCodeGen3_A1.mk
-rw-rw-r-- 1 travis travis  1445 Jul  8 01:41 ModularCodeGen3_A1_profile.class
-rw-rw-r-- 1 travis travis  1716 Jul  8 01:41 ModularCodeGen3_A1_profile.java
-rw-rw-r-- 1 travis travis  3887 Jul  8 01:41 ModularCodeGen3_A2_B1.class
-rw-rw-r-- 1 travis travis 10955 Jul  8 01:41 ModularCodeGen3_A2_B1.java
-rw-rw-r-- 1 travis travis   880 Jul  8 01:41 ModularCodeGen3_A2_B1.mk
-rw-rw-r-- 1 travis travis  1393 Jul  8 01:41 ModularCodeGen3_A2_B1_profile.class
-rw-rw-r-- 1 travis travis  1458 Jul  8 01:41 ModularCodeGen3_A2_B1_profile.java
-rw-rw-r-- 1 travis travis  3741 Jul  8 01:41 ModularCodeGen3_A2_B2.class
-rw-rw-r-- 1 travis travis  9958 Jul  8 01:41 ModularCodeGen3_A2_B2.java
-rw-rw-r-- 1 travis travis   880 Jul  8 01:41 ModularCodeGen3_A2_B2.mk
-rw-rw-r-- 1 travis travis  1330 Jul  8 01:41 ModularCodeGen3_A2_B2_profile.class
-rw-rw-r-- 1 travis travis  1274 Jul  8 01:41 ModularCodeGen3_A2_B2_profile.java
-rw-rw-r-- 1 travis travis  5038 Jul  8 01:41 ModularCodeGen3_A2.class
-rw-rw-r-- 1 travis travis 15957 Jul  8 01:41 ModularCodeGen3_A2.java
-rw-rw-r-- 1 travis travis   856 Jul  8 01:41 ModularCodeGen3_A2.mk
-rw-rw-r-- 1 travis travis  1445 Jul  8 01:41 ModularCodeGen3_A2_profile.class
-rw-rw-r-- 1 travis travis  1716 Jul  8 01:41 ModularCodeGen3_A2_profile.java
-rw-rw-r-- 1 travis travis  3794 Jul  8 01:41 ModularCodeGen4_A1_B1.class
-rw-rw-r-- 1 travis travis 10312 Jul  8 01:41 ModularCodeGen4_A1_B1.java
-rw-rw-r-- 1 travis travis   880 Jul  8 01:41 ModularCodeGen4_A1_B1.mk
-rw-rw-r-- 1 travis travis  1330 Jul  8 01:41 ModularCodeGen4_A1_B1_profile.class
-rw-rw-r-- 1 travis travis  1273 Jul  8 01:41 ModularCodeGen4_A1_B1_profile.java
-rw-rw-r-- 1 travis travis  3794 Jul  8 01:41 ModularCodeGen4_A1_B2.class
-rw-rw-r-- 1 travis travis 10312 Jul  8 01:41 ModularCodeGen4_A1_B2.java
-rw-rw-r-- 1 travis travis   880 Jul  8 01:41 ModularCodeGen4_A1_B2.mk
-rw-rw-r-- 1 travis travis  1330 Jul  8 01:41 ModularCodeGen4_A1_B2_profile.class
-rw-rw-r-- 1 travis travis  1273 Jul  8 01:41 ModularCodeGen4_A1_B2_profile.java
-rw-rw-r-- 1 travis travis  5101 Jul  8 01:41 ModularCodeGen4_A1.class
-rw-rw-r-- 1 travis travis 16245 Jul  8 01:41 ModularCodeGen4_A1.java
-rw-rw-r-- 1 travis travis   856 Jul  8 01:41 ModularCodeGen4_A1.mk
-rw-rw-r-- 1 travis travis  1445 Jul  8 01:41 ModularCodeGen4_A1_profile.class
-rw-rw-r-- 1 travis travis  1712 Jul  8 01:41 ModularCodeGen4_A1_profile.java
-rw-rw-r-- 1 travis travis  3988 Jul  8 01:41 ModularCodeGen4_A2_B1.class
-rw-rw-r-- 1 travis travis 11375 Jul  8 01:41 ModularCodeGen4_A2_B1.java
-rw-rw-r-- 1 travis travis   880 Jul  8 01:41 ModularCodeGen4_A2_B1.mk
-rw-rw-r-- 1 travis travis  1393 Jul  8 01:41 ModularCodeGen4_A2_B1_profile.class
-rw-rw-r-- 1 travis travis  1454 Jul  8 01:41 ModularCodeGen4_A2_B1_profile.java
-rw-rw-r-- 1 travis travis  3842 Jul  8 01:41 ModularCodeGen4_A2_B2.class
-rw-rw-r-- 1 travis travis 10378 Jul  8 01:41 ModularCodeGen4_A2_B2.java
-rw-rw-r-- 1 travis travis   880 Jul  8 01:41 ModularCodeGen4_A2_B2.mk
-rw-rw-r-- 1 travis travis  1330 Jul  8 01:41 ModularCodeGen4_A2_B2_profile.class
-rw-rw-r-- 1 travis travis  1270 Jul  8 01:41 ModularCodeGen4_A2_B2_profile.java
-rw-rw-r-- 1 travis travis  1712 Jul  8 01:41 ModularCodeGen4_A2_profile.java
-rw-rw-r-- 1 travis travis  3954 Jul  8 01:41 ModularCodeGen_ModularCodeGenTypedCompositeActor.class
-rw-rw-r-- 1 travis travis 10970 Jul  8 01:41 ModularCodeGen_ModularCodeGenTypedCompositeActor.java
-rw-rw-r-- 1 travis travis  1096 Jul  8 01:41 ModularCodeGen_ModularCodeGenTypedCompositeActor.mk
-rw-rw-r-- 1 travis travis  1384 Jul  8 01:41 ModularCodeGen_ModularCodeGenTypedCompositeActor_profile.class
-rw-rw-r-- 1 travis travis  1328 Jul  8 01:41 ModularCodeGen_ModularCodeGenTypedCompositeActor_profile.java
-rw-rw-r-- 1 travis travis  3492 Jul  8 01:40 ModularCodeGenTest_A1_A2.class
-rw-rw-r-- 1 travis travis  9164 Jul  8 01:40 ModularCodeGenTest_A1_A2.java
-rw-rw-r-- 1 travis travis   904 Jul  8 01:40 ModularCodeGenTest_A1_A2.mk
-rw-rw-r-- 1 travis travis  1306 Jul  8 01:40 ModularCodeGenTest_A1_A2_profile.class
-rw-rw-r-- 1 travis travis  1228 Jul  8 01:40 ModularCodeGenTest_A1_A2_profile.java
-rw-rw-r-- 1 travis travis  3823 Jul  8 01:40 ModularCodeGenTest_A1.class
-rw-rw-r-- 1 travis travis  9968 Jul  8 01:40 ModularCodeGenTest_A1.java
-rw-rw-r-- 1 travis travis   880 Jul  8 01:40 ModularCodeGenTest_A1.mk
-rw-rw-r-- 1 travis travis  1352 Jul  8 01:40 ModularCodeGenTest_A1_profile.class
-rw-rw-r-- 1 travis travis  1394 Jul  8 01:40 ModularCodeGenTest_A1_profile.java
-rw-rw-r-- 1 travis travis   432 Jul  8 01:41 Token.class
-rw-rw-r-- 1 travis travis   251 Jul  8 01:41 Token.java
warning: Supported source version 'RELEASE_6' from annotation processor 'org.netbeans.modules.openide.util.NbBundleProcessor' less than -source '1.8'
warning: Supported source version 'RELEASE_6' from annotation processor 'org.netbeans.modules.openide.util.URLStreamHandlerRegistrationProcessor' less than -source '1.8'
warning: Supported source version 'RELEASE_6' from annotation processor 'org.netbeans.modules.openide.util.ServiceProviderProcessor' less than -source '1.8'
3 warnings
All Done
Writing ModularCodeGen4_A2.java in file:/home/travis/cg/ (16770 characters)
Reading "ptolemy/cg/kernel/generic/program/procedural/java/modular/makefile.in",
    writing "/home/travis/cg/ModularCodeGen4_A2.mk"
Using ptolemy/cg/kernel/generic/program/procedural/java/modular/makefile.in
In "/home/travis/cg", about to execute:
    make -f ModularCodeGen4_A2.mk
javac -classpath ".:.."    ModularCodeGen4_A2.java
All Done
Manager.initialize() finished: 13247 ms. Memory: 518144K Free: 349000K (67%)
13249 ms. Memory: 518144K Free: 349000K (67%)
----------------- Invoking toplevel() on ptolemy.moml.MoMLSimpleApplication@662914a8
----------------- Done invoking toplevel() on ptolemy.moml.MoMLSimpleApplication@662914a8
reloadAllAccessors: .ModularCodeGen4

===========================================================================================
----------------- testing Sun Jul 08 01:41:47 UTC 2018 /home/travis/build/icyphy/ptII/ptolemy/cg/lib/test/auto/ModularCodeGen5.xml
----------------- Instantiating /home/travis/build/icyphy/ptII/ptolemy/cg/lib/test/auto/ModularCodeGen5.xml
In "/home/travis/cg", about to execute:
    pwd
In "/home/travis/cg", about to execute:
    ls -l
/home/travis/cg
In "/home/travis/cg", about to execute:
    javac -classpath
.:/home/travis/build/icyphy/ptII:/home/travis/build/icyphy/ptII/lib/bsh-2.0b4.j
ar:/home/travis/build/icyphy/ptII/lib/ptCal.jar:/home/travis/build/icyphy/ptII/
lib/java_cup.jar:/home/travis/build/icyphy/ptII/lib/saxon8.jar:/home/travis/bui
ld/icyphy/ptII/lib/saxon8-dom.jar:/home/travis/build/icyphy/ptII/lib/chic.jar:/
home/travis/build/icyphy/ptII/lib/ptcolt.jar:/usr/lib/jvm/java-8-oracle/lib/too
ls.jar:/usr/lib/eclipse/plugins/org.eclipse.jdt.core_3.8.2.dist.jar:/usr/lib/ec
lipse/plugins/org.eclipse.core.runtime_3.8.0.dist.jar:/usr/lib/eclipse/plugins/
org.eclipse.osgi_3.8.1.dist.jar:/usr/lib/eclipse/plugins/org.eclipse.core.resou
rces_3.8.1.dist.jar:/usr/lib/eclipse/plugins/org.eclipse.equinox.common_3.6.100
.dist.jar:/usr/lib/eclipse/plugins/org.eclipse.core.jobs_3.5.200.dist.jar:/usr/
lib/eclipse/plugins/org.eclipse.core.contenttype_3.4.200.dist.jar:/usr/lib/ecli
pse/plugins/org.eclipse.equinox.preferences_3.5.0.dist.jar:/usr/lib/eclipse/plu
gins/org.eclipse.text_3.5.200.dist.jar:/usr/lib/eclipse/plugins/org.eclipse.ui.
workbench_3.8.1.dist.jar:/usr/lib/eclipse/plugins/org.eclipse.jface_3.8.0.dist.
jar:/usr/lib/eclipse/plugins/org.eclipse.swt_3.8.2.jar:/usr/lib/eclipse/plugins
/org.eclipse.jface.text_3.8.1.dist.jar:/usr/lib/eclipse/plugins/org.eclipse.ui.
workbench.texteditor_3.8.0.dist.jar:/usr/lib/eclipse/plugins/org.eclipse.ui.edi
tors_3.8.0.dist.jar:/usr/lib/eclipse/plugins/org.eclipse.core.commands_3.6.1.di
st.jar:/usr/lib/eclipse/plugins/org.eclipse.equinox.registry_3.5.200.dist.jar:/
usr/lib/eclipse/plugins/org.eclipse.ui.console_3.5.100.dist.jar:/usr/lib/eclips
e/plugins/org.eclipse.ui.forms_3.5.200.dist.jar:/usr/lib/eclipse/plugins/org.ec
lipse.ui.ide_3.8.1.dist.jar:/home/travis/build/icyphy/ptII/vendors/oracle/dbxml
.jar:/home/travis/build/icyphy/ptII/vendors/oracle/db.jar:/home/travis/build/ic
yphy/ptII/vendors/misc/itext/iText.jar:/home/travis/build/icyphy/ptII/lib/g4ltl
.jar:/home/travis/build/icyphy/ptII/lib/StructuralCoder.jar:/home/travis/build/
icyphy/ptII/lib/org-openide-util.jar:/home/travis/build/icyphy/ptII/lib/org-ope
nide-util-lookup.jar:/home/travis/build/icyphy/ptII/lib/org-netbeans-api-visual
.jar:/home/travis/build/icyphy/ptII/vendors/jai-1_1_2_01/lib/jai_core.jar:/home
/travis/build/icyphy/ptII/vendors/jai-1_1_2_01/lib/jai_codec.jar:/home/travis/b
uild/icyphy/ptII/lib/jcerti.jar:/home/travis/build/icyphy/ptII/lib/smack.jar:/h
ome/travis/build/icyphy/ptII/lib/smackx.jar:/home/travis/build/icyphy/ptII/lib/
jetty-all-8.1.5-v20120716.jar:/home/travis/build/icyphy/ptII/lib/javax.servlet-
api-3.0.1.jar:/home/travis/build/icyphy/ptII/lib/javax.mail.jar:/home/travis/bu
ild/icyphy/ptII/vendors/JMF-2.1.1e/lib/jmf.jar:/home/travis/build/icyphy/ptII/l
ib/jna-4.0.0-variadic.jar:/home/travis/build/icyphy/ptII/vendors/misc/joystick/
Joystick.jar:/home/travis/build/icyphy/ptII/lib/ptjacl.jar:/home/travis/build/i
cyphy/ptII/lib/jsoup-1.8.2.jar:/home/travis/build/icyphy/ptII/lib/junit-4.8.2.j
ar:/home/travis/build/icyphy/ptII/lib/JUnitParams-0.4.0.jar:/home/travis/build/
icyphy/ptII/ptolemy/actor/lib/excel/jxl.jar:/home/travis/build/icyphy/ptII/lib/
jython.jar:/home/travis/build/icyphy/ptII/lib/kieler.jar:/home/travis/build/icy
phy/ptII/vendors/opencv/share/OpenCV/java/opencv-341.jar:/home/travis/build/icy
phy/ptII/lib/oscP5.jar:/home/travis/build/icyphy/ptII/lib/nrjavaserial-3.11.0.d
evel.jar:/home/travis/build/icyphy/ptII/vendors/j3d/lib/j3dcore.jar:/home/travi
s/build/icyphy/ptII/vendors/j3d/lib/j3dutils.jar:/home/travis/build/icyphy/ptII
/vendors/j3d/lib/vecmath.jar:/home/travis/build/icyphy/ptII/ptolemy/distributed
/jini/jar/jini-core.jar:/home/travis/build/icyphy/ptII/ptolemy/distributed/jini
/jar/jini-ext.jar:/home/travis/build/icyphy/ptII/ptolemy/distributed/jini/jar/s
un-util.jar:/home/travis/build/icyphy/ptII/lib/protobuf-java-2.4.1.jar:/home/tr
avis/build/icyphy/ptII/lib/org.eclipse.paho.client.mqttv3.jar:/home/travis/buil
d/icyphy/ptII/ptserver/lib/hessian-4.0.7.jar:/home/travis/build/icyphy/ptII/pts
erver/lib/wmqtt.jar:/home/travis/build/icyphy/ptII/lib/mapss.jar:/home/travis/b
uild/icyphy/ptII/ptolemy/actor/ptalon/antlr/antlr.jar:/home/travis/build/icyphy
/ptII/lib/JRI.jar:/home/travis/build/icyphy/ptII/lib/commons-lang-2.6.jar:/home
/travis/build/icyphy/ptII/lib/commons-logging-1.1.1.jar:/home/travis/build/icyp
hy/ptII/lib/sootclasses.jar:/home/travis/build/icyphy/ptII/ptolemy/actor/lib/da
tabase/mysql-connector-java-5.1.6-bin.jar:/home/travis/build/icyphy/ptII/vendor
s/misc/sphinx4/sphinx4-data-5prealpha.jar:/home/travis/build/icyphy/ptII/vendor
s/misc/sphinx4/sphinx4-core-5prealpha.jar:/home/travis/build/icyphy/ptII/lib/PD
FRenderer.jar:/home/travis/build/icyphy/ptII/lib/svgSalamander.jar:/home/travis
/build/icyphy/ptII/lib/rsyntaxtextarea-2.6.0-SNAPSHOT.jar:/home/travis/build/ic
yphy/ptII/lib/hazelcast-3.8.2.jar:/home/travis/build/icyphy/ptII/lib/jackson-an
notations-2.9.0.jar:/home/travis/build/icyphy/ptII/lib/jackson-core-2.9.3.jar:/
home/travis/build/icyphy/ptII/lib/jackson-databind-2.9.3.jar:/home/travis/build
/icyphy/ptII/lib/netty-buffer-4.1.19.Final.jar:/home/travis/build/icyphy/ptII/l
ib/netty-codec-4.1.19.Final.jar:/home/travis/build/icyphy/ptII/lib/netty-codec-
dns-4.1.19.Final.jar:/home/travis/build/icyphy/ptII/lib/netty-codec-http-4.1.19
.Final.jar:/home/travis/build/icyphy/ptII/lib/netty-codec-http2-4.1.19.Final.ja
r:/home/travis/build/icyphy/ptII/lib/netty-common-4.1.19.Final.jar:/home/travis
/build/icyphy/ptII/lib/netty-handler-4.1.19.Final.jar:/home/travis/build/icyphy
/ptII/lib/netty-resolver-4.1.19.Final.jar:/home/travis/build/icyphy/ptII/lib/ne
tty-resolver-dns-4.1.19.Final.jar:/home/travis/build/icyphy/ptII/lib/netty-tran
sport-4.1.19.Final.jar:/home/travis/build/icyphy/ptII/lib/vertx-codegen-3.5.1.j
ar:/home/travis/build/icyphy/ptII/lib/vertx-core-3.5.2-SNAPSHOT.jar:/home/travi
s/build/icyphy/ptII/lib/vertx-hazelcast-3.5.1.jar:/home/travis/build/icyphy/ptI
I/lib/vertx-lang-js-3.5.1.jar:/home/travis/build/icyphy/ptII/lib/vertx-service-
proxy-3.5.1.jar:/home/travis/build/icyphy/ptII/lib/vertx-web-3.5.1.jar:/home/tr
avis/build/icyphy/ptII/lib/slf4j-api-1.7.13.jar:/home/travis/build/icyphy/ptII/
lib/slf4j-simple-1.7.13.jar:/home/travis/build/icyphy/ptII/lib/webcam-capture-0
.3.12.jar:/home/travis/build/icyphy/ptII/lib/bridj-0.7.0.jar:/home/travis/build
/icyphy/ptII/lib/xbjlib-1.1.0.nrjavaserial.jar:/home/travis/build/icyphy/ptII/p
tolemy/moml/test:/home/travis/build/icyphy/ptII/ant/lib/ant-launcher.jar:/home/
travis/build/icyphy/ptII/ant/lib/ant.jar:/home/travis/build/icyphy/ptII/ant/lib
/ant-junit.jar:/home/travis/build/icyphy/ptII/ant/lib/ant-junit4.jar:/home/trav
is/build/icyphy/ptII ModularCodeGen5_A_A_profile.java
total 916
-rw-rw-r-- 1 travis travis  4895 Jul  8 01:40 CompiledCompositeActor_CompiledCompositeActor.class
-rw-rw-r-- 1 travis travis  1592 Jul  8 01:40 CompiledCompositeActor_CompiledCompositeActor$_CompiledCompositeActor_CompiledCompositeActor.class
-rw-rw-r-- 1 travis travis 13466 Jul  8 01:40 CompiledCompositeActor_CompiledCompositeActor.java
-rw-rw-r-- 1 travis travis  1593 Jul  8 01:40 CompiledCompositeActor_CompiledCompositeActor.mk
-rw-rw-r-- 1 travis travis  4457 Jul  8 01:40 JavaCompiledCompositeTest1_CompiledCompositeActor.class
-rw-rw-r-- 1 travis travis 11637 Jul  8 01:40 JavaCompiledCompositeTest1_CompiledCompositeActor.java
-rw-rw-r-- 1 travis travis  1198 Jul  8 01:40 JavaCompiledCompositeTest1_CompiledCompositeActor$_JavaCompiledCompositeTest1_CompiledCompositeActor.class
-rw-rw-r-- 1 travis travis  1625 Jul  8 01:40 JavaCompiledCompositeTest1_CompiledCompositeActor.mk
-rw-rw-r-- 1 travis travis  4888 Jul  8 01:40 JavaCompiledCompositeTest2_CompiledCompositeActor.class
-rw-rw-r-- 1 travis travis 14919 Jul  8 01:40 JavaCompiledCompositeTest2_CompiledCompositeActor.java
-rw-rw-r-- 1 travis travis  1793 Jul  8 01:40 JavaCompiledCompositeTest2_CompiledCompositeActor$_JavaCompiledCompositeTest2_CompiledCompositeActor.class
-rw-rw-r-- 1 travis travis  1625 Jul  8 01:40 JavaCompiledCompositeTest2_CompiledCompositeActor.mk
-rw-rw-r-- 1 travis travis  4505 Jul  8 01:40 JavaCompiledCompositeTest3_CompiledCompositeActor.class
-rw-rw-r-- 1 travis travis 13080 Jul  8 01:40 JavaCompiledCompositeTest3_CompiledCompositeActor.java
-rw-rw-r-- 1 travis travis  1378 Jul  8 01:40 JavaCompiledCompositeTest3_CompiledCompositeActor$_JavaCompiledCompositeTest3_CompiledCompositeActor.class
-rw-rw-r-- 1 travis travis  1625 Jul  8 01:40 JavaCompiledCompositeTest3_CompiledCompositeActor.mk
-rw-rw-r-- 1 travis travis  3953 Jul  8 01:40 JavaCompiledCompositeTest4_CompiledCompositeActor.class
-rw-rw-r-- 1 travis travis  9687 Jul  8 01:40 JavaCompiledCompositeTest4_CompiledCompositeActor.java
-rw-rw-r-- 1 travis travis   857 Jul  8 01:40 JavaCompiledCompositeTest4_CompiledCompositeActor$_JavaCompiledCompositeTest4_CompiledCompositeActor.class
-rw-rw-r-- 1 travis travis  1625 Jul  8 01:40 JavaCompiledCompositeTest4_CompiledCompositeActor.mk
-rw-rw-r-- 1 travis travis  3693 Jul  8 01:40 ModularCG_A1_B1.class
-rw-rw-r-- 1 travis travis  9730 Jul  8 01:40 ModularCG_A1_B1.java
-rw-rw-r-- 1 travis travis   832 Jul  8 01:40 ModularCG_A1_B1.mk
-rw-rw-r-- 1 travis travis  1318 Jul  8 01:40 ModularCG_A1_B1_profile.class
-rw-rw-r-- 1 travis travis  1262 Jul  8 01:40 ModularCG_A1_B1_profile.java
-rw-rw-r-- 1 travis travis  3693 Jul  8 01:40 ModularCG_A1_B2.class
-rw-rw-r-- 1 travis travis  9730 Jul  8 01:40 ModularCG_A1_B2.java
-rw-rw-r-- 1 travis travis   832 Jul  8 01:40 ModularCG_A1_B2.mk
-rw-rw-r-- 1 travis travis  1318 Jul  8 01:40 ModularCG_A1_B2_profile.class
-rw-rw-r-- 1 travis travis  1262 Jul  8 01:40 ModularCG_A1_B2_profile.java
-rw-rw-r-- 1 travis travis  4799 Jul  8 01:41 ModularCG_A1.class
-rw-rw-r-- 1 travis travis 14742 Jul  8 01:41 ModularCG_A1.java
-rw-rw-r-- 1 travis travis   808 Jul  8 01:41 ModularCG_A1.mk
-rw-rw-r-- 1 travis travis  1433 Jul  8 01:41 ModularCG_A1_profile.class
-rw-rw-r-- 1 travis travis  1704 Jul  8 01:40 ModularCG_A1_profile.java
-rw-rw-r-- 1 travis travis  3827 Jul  8 01:41 ModularCG_A2_B1.class
-rw-rw-r-- 1 travis travis 10667 Jul  8 01:41 ModularCG_A2_B1.java
-rw-rw-r-- 1 travis travis   832 Jul  8 01:41 ModularCG_A2_B1.mk
-rw-rw-r-- 1 travis travis  1381 Jul  8 01:41 ModularCG_A2_B1_profile.class
-rw-rw-r-- 1 travis travis  1446 Jul  8 01:41 ModularCG_A2_B1_profile.java
-rw-rw-r-- 1 travis travis  3693 Jul  8 01:41 ModularCG_A2_B2.class
-rw-rw-r-- 1 travis travis  9730 Jul  8 01:41 ModularCG_A2_B2.java
-rw-rw-r-- 1 travis travis   832 Jul  8 01:41 ModularCG_A2_B2.mk
-rw-rw-r-- 1 travis travis  1318 Jul  8 01:41 ModularCG_A2_B2_profile.class
-rw-rw-r-- 1 travis travis  1262 Jul  8 01:41 ModularCG_A2_B2_profile.java
-rw-rw-r-- 1 travis travis  4870 Jul  8 01:41 ModularCG_A2.class
-rw-rw-r-- 1 travis travis 15129 Jul  8 01:41 ModularCG_A2.java
-rw-rw-r-- 1 travis travis   808 Jul  8 01:41 ModularCG_A2.mk
-rw-rw-r-- 1 travis travis  1433 Jul  8 01:41 ModularCG_A2_profile.class
-rw-rw-r-- 1 travis travis  1704 Jul  8 01:41 ModularCG_A2_profile.java
-rw-rw-r-- 1 travis travis  3473 Jul  8 01:41 ModularCGPubSub_A1_A2.class
-rw-rw-r-- 1 travis travis  9076 Jul  8 01:41 ModularCGPubSub_A1_A2.java
-rw-rw-r-- 1 travis travis   880 Jul  8 01:41 ModularCGPubSub_A1_A2.mk
-rw-rw-r-- 1 travis travis  1300 Jul  8 01:41 ModularCGPubSub_A1_A2_profile.class
-rw-rw-r-- 1 travis travis  1222 Jul  8 01:41 ModularCGPubSub_A1_A2_profile.java
-rw-rw-r-- 1 travis travis  3790 Jul  8 01:41 ModularCGPubSub_A1.class
-rw-rw-r-- 1 travis travis  9836 Jul  8 01:41 ModularCGPubSub_A1.java
-rw-rw-r-- 1 travis travis   856 Jul  8 01:41 ModularCGPubSub_A1.mk
-rw-rw-r-- 1 travis travis  1346 Jul  8 01:41 ModularCGPubSub_A1_profile.class
-rw-rw-r-- 1 travis travis  1388 Jul  8 01:41 ModularCGPubSub_A1_profile.java
-rw-rw-r-- 1 travis travis  3988 Jul  8 01:41 ModularCodeGen2_ModularCodeGenTypedCompositeActor.class
-rw-rw-r-- 1 travis travis 11690 Jul  8 01:41 ModularCodeGen2_ModularCodeGenTypedCompositeActor.java
-rw-rw-r-- 1 travis travis  1104 Jul  8 01:41 ModularCodeGen2_ModularCodeGenTypedCompositeActor.mk
-rw-rw-r-- 1 travis travis  4272 Jul  8 01:41 ModularCodeGen2_ModularCodeGenTypedCompositeActor_ModularCodeGenTypedCompositeActor.class
-rw-rw-r-- 1 travis travis 11790 Jul  8 01:41 ModularCodeGen2_ModularCodeGenTypedCompositeActor_ModularCodeGenTypedCompositeActor.java
-rw-rw-r-- 1 travis travis  1376 Jul  8 01:41 ModularCodeGen2_ModularCodeGenTypedCompositeActor_ModularCodeGenTypedCompositeActor.mk
-rw-rw-r-- 1 travis travis  1421 Jul  8 01:41 ModularCodeGen2_ModularCodeGenTypedCompositeActor_ModularCodeGenTypedCompositeActor_profile.class
-rw-rw-r-- 1 travis travis  1294 Jul  8 01:41 ModularCodeGen2_ModularCodeGenTypedCompositeActor_ModularCodeGenTypedCompositeActor_profile.java
-rw-rw-r-- 1 travis travis   820 Jul  8 01:41 ModularCodeGen2_ModularCodeGenTypedCompositeActor_profile.class
-rw-rw-r-- 1 travis travis   693 Jul  8 01:41 ModularCodeGen2_ModularCodeGenTypedCompositeActor_profile.java
-rw-rw-r-- 1 travis travis  3741 Jul  8 01:41 ModularCodeGen3_A1_B1.class
-rw-rw-r-- 1 travis travis  9958 Jul  8 01:41 ModularCodeGen3_A1_B1.java
-rw-rw-r-- 1 travis travis   880 Jul  8 01:41 ModularCodeGen3_A1_B1.mk
-rw-rw-r-- 1 travis travis  1330 Jul  8 01:41 ModularCodeGen3_A1_B1_profile.class
-rw-rw-r-- 1 travis travis  1274 Jul  8 01:41 ModularCodeGen3_A1_B1_profile.java
-rw-rw-r-- 1 travis travis  3741 Jul  8 01:41 ModularCodeGen3_A1_B2.class
-rw-rw-r-- 1 travis travis  9958 Jul  8 01:41 ModularCodeGen3_A1_B2.java
-rw-rw-r-- 1 travis travis   880 Jul  8 01:41 ModularCodeGen3_A1_B2.mk
-rw-rw-r-- 1 travis travis  1330 Jul  8 01:41 ModularCodeGen3_A1_B2_profile.class
-rw-rw-r-- 1 travis travis  1274 Jul  8 01:41 ModularCodeGen3_A1_B2_profile.java
-rw-rw-r-- 1 travis travis  4961 Jul  8 01:41 ModularCodeGen3_A1.class
-rw-rw-r-- 1 travis travis 15564 Jul  8 01:41 ModularCodeGen3_A1.java
-rw-rw-r-- 1 travis travis   856 Jul  8 01:41 ModularCodeGen3_A1.mk
-rw-rw-r-- 1 travis travis  1445 Jul  8 01:41 ModularCodeGen3_A1_profile.class
-rw-rw-r-- 1 travis travis  1716 Jul  8 01:41 ModularCodeGen3_A1_profile.java
-rw-rw-r-- 1 travis travis  3887 Jul  8 01:41 ModularCodeGen3_A2_B1.class
-rw-rw-r-- 1 travis travis 10955 Jul  8 01:41 ModularCodeGen3_A2_B1.java
-rw-rw-r-- 1 travis travis   880 Jul  8 01:41 ModularCodeGen3_A2_B1.mk
-rw-rw-r-- 1 travis travis  1393 Jul  8 01:41 ModularCodeGen3_A2_B1_profile.class
-rw-rw-r-- 1 travis travis  1458 Jul  8 01:41 ModularCodeGen3_A2_B1_profile.java
-rw-rw-r-- 1 travis travis  3741 Jul  8 01:41 ModularCodeGen3_A2_B2.class
-rw-rw-r-- 1 travis travis  9958 Jul  8 01:41 ModularCodeGen3_A2_B2.java
-rw-rw-r-- 1 travis travis   880 Jul  8 01:41 ModularCodeGen3_A2_B2.mk
-rw-rw-r-- 1 travis travis  1330 Jul  8 01:41 ModularCodeGen3_A2_B2_profile.class
-rw-rw-r-- 1 travis travis  1274 Jul  8 01:41 ModularCodeGen3_A2_B2_profile.java
-rw-rw-r-- 1 travis travis  5038 Jul  8 01:41 ModularCodeGen3_A2.class
-rw-rw-r-- 1 travis travis 15957 Jul  8 01:41 ModularCodeGen3_A2.java
-rw-rw-r-- 1 travis travis   856 Jul  8 01:41 ModularCodeGen3_A2.mk
-rw-rw-r-- 1 travis travis  1445 Jul  8 01:41 ModularCodeGen3_A2_profile.class
-rw-rw-r-- 1 travis travis  1716 Jul  8 01:41 ModularCodeGen3_A2_profile.java
-rw-rw-r-- 1 travis travis  3794 Jul  8 01:41 ModularCodeGen4_A1_B1.class
-rw-rw-r-- 1 travis travis 10312 Jul  8 01:41 ModularCodeGen4_A1_B1.java
-rw-rw-r-- 1 travis travis   880 Jul  8 01:41 ModularCodeGen4_A1_B1.mk
-rw-rw-r-- 1 travis travis  1330 Jul  8 01:41 ModularCodeGen4_A1_B1_profile.class
-rw-rw-r-- 1 travis travis  1273 Jul  8 01:41 ModularCodeGen4_A1_B1_profile.java
-rw-rw-r-- 1 travis travis  3794 Jul  8 01:41 ModularCodeGen4_A1_B2.class
-rw-rw-r-- 1 travis travis 10312 Jul  8 01:41 ModularCodeGen4_A1_B2.java
-rw-rw-r-- 1 travis travis   880 Jul  8 01:41 ModularCodeGen4_A1_B2.mk
-rw-rw-r-- 1 travis travis  1330 Jul  8 01:41 ModularCodeGen4_A1_B2_profile.class
-rw-rw-r-- 1 travis travis  1273 Jul  8 01:41 ModularCodeGen4_A1_B2_profile.java
-rw-rw-r-- 1 travis travis  5101 Jul  8 01:41 ModularCodeGen4_A1.class
-rw-rw-r-- 1 travis travis 16245 Jul  8 01:41 ModularCodeGen4_A1.java
-rw-rw-r-- 1 travis travis   856 Jul  8 01:41 ModularCodeGen4_A1.mk
-rw-rw-r-- 1 travis travis  1445 Jul  8 01:41 ModularCodeGen4_A1_profile.class
-rw-rw-r-- 1 travis travis  1712 Jul  8 01:41 ModularCodeGen4_A1_profile.java
-rw-rw-r-- 1 travis travis  3988 Jul  8 01:41 ModularCodeGen4_A2_B1.class
-rw-rw-r-- 1 travis travis 11375 Jul  8 01:41 ModularCodeGen4_A2_B1.java
-rw-rw-r-- 1 travis travis   880 Jul  8 01:41 ModularCodeGen4_A2_B1.mk
-rw-rw-r-- 1 travis travis  1393 Jul  8 01:41 ModularCodeGen4_A2_B1_profile.class
-rw-rw-r-- 1 travis travis  1454 Jul  8 01:41 ModularCodeGen4_A2_B1_profile.java
-rw-rw-r-- 1 travis travis  3842 Jul  8 01:41 ModularCodeGen4_A2_B2.class
-rw-rw-r-- 1 travis travis 10378 Jul  8 01:41 ModularCodeGen4_A2_B2.java
-rw-rw-r-- 1 travis travis   880 Jul  8 01:41 ModularCodeGen4_A2_B2.mk
-rw-rw-r-- 1 travis travis  1330 Jul  8 01:41 ModularCodeGen4_A2_B2_profile.class
-rw-rw-r-- 1 travis travis  1270 Jul  8 01:41 ModularCodeGen4_A2_B2_profile.java
-rw-rw-r-- 1 travis travis  5274 Jul  8 01:41 ModularCodeGen4_A2.class
-rw-rw-r-- 1 travis travis 16770 Jul  8 01:41 ModularCodeGen4_A2.java
-rw-rw-r-- 1 travis travis   856 Jul  8 01:41 ModularCodeGen4_A2.mk
-rw-rw-r-- 1 travis travis  1445 Jul  8 01:41 ModularCodeGen4_A2_profile.class
-rw-rw-r-- 1 travis travis  1712 Jul  8 01:41 ModularCodeGen4_A2_profile.java
-rw-rw-r-- 1 travis travis  1815 Jul  8 01:41 ModularCodeGen5_A_A_profile.java
-rw-rw-r-- 1 travis travis  3954 Jul  8 01:41 ModularCodeGen_ModularCodeGenTypedCompositeActor.class
-rw-rw-r-- 1 travis travis 10970 Jul  8 01:41 ModularCodeGen_ModularCodeGenTypedCompositeActor.java
-rw-rw-r-- 1 travis travis  1096 Jul  8 01:41 ModularCodeGen_ModularCodeGenTypedCompositeActor.mk
-rw-rw-r-- 1 travis travis  1384 Jul  8 01:41 ModularCodeGen_ModularCodeGenTypedCompositeActor_profile.class
-rw-rw-r-- 1 travis travis  1328 Jul  8 01:41 ModularCodeGen_ModularCodeGenTypedCompositeActor_profile.java
-rw-rw-r-- 1 travis travis  3492 Jul  8 01:40 ModularCodeGenTest_A1_A2.class
-rw-rw-r-- 1 travis travis  9164 Jul  8 01:40 ModularCodeGenTest_A1_A2.java
-rw-rw-r-- 1 travis travis   904 Jul  8 01:40 ModularCodeGenTest_A1_A2.mk
-rw-rw-r-- 1 travis travis  1306 Jul  8 01:40 ModularCodeGenTest_A1_A2_profile.class
-rw-rw-r-- 1 travis travis  1228 Jul  8 01:40 ModularCodeGenTest_A1_A2_profile.java
-rw-rw-r-- 1 travis travis  3823 Jul  8 01:40 ModularCodeGenTest_A1.class
-rw-rw-r-- 1 travis travis  9968 Jul  8 01:40 ModularCodeGenTest_A1.java
-rw-rw-r-- 1 travis travis   880 Jul  8 01:40 ModularCodeGenTest_A1.mk
-rw-rw-r-- 1 travis travis  1352 Jul  8 01:40 ModularCodeGenTest_A1_profile.class
-rw-rw-r-- 1 travis travis  1394 Jul  8 01:40 ModularCodeGenTest_A1_profile.java
-rw-rw-r-- 1 travis travis   432 Jul  8 01:41 Token.class
-rw-rw-r-- 1 travis travis   251 Jul  8 01:41 Token.java
warning: Supported source version 'RELEASE_6' from annotation processor 'org.netbeans.modules.openide.util.NbBundleProcessor' less than -source '1.8'
warning: Supported source version 'RELEASE_6' from annotation processor 'org.netbeans.modules.openide.util.URLStreamHandlerRegistrationProcessor' less than -source '1.8'
warning: Supported source version 'RELEASE_6' from annotation processor 'org.netbeans.modules.openide.util.ServiceProviderProcessor' less than -source '1.8'
3 warnings
All Done
Writing ModularCodeGen5_A_A.java in file:/home/travis/cg/ (28721 characters)
Reading "ptolemy/cg/kernel/generic/program/procedural/java/modular/makefile.in",
    writing "/home/travis/cg/ModularCodeGen5_A_A.mk"
Using ptolemy/cg/kernel/generic/program/procedural/java/modular/makefile.in
In "/home/travis/cg", about to execute:
    make -f ModularCodeGen5_A_A.mk
javac -classpath ".:.."    ModularCodeGen5_A_A.java
All Done
In "/home/travis/cg", about to execute:
    pwd
In "/home/travis/cg", about to execute:
    ls -l
/home/travis/cg
In "/home/travis/cg", about to execute:
    javac -classpath
.:/home/travis/build/icyphy/ptII:/home/travis/build/icyphy/ptII/lib/bsh-2.0b4.j
ar:/home/travis/build/icyphy/ptII/lib/ptCal.jar:/home/travis/build/icyphy/ptII/
lib/java_cup.jar:/home/travis/build/icyphy/ptII/lib/saxon8.jar:/home/travis/bui
ld/icyphy/ptII/lib/saxon8-dom.jar:/home/travis/build/icyphy/ptII/lib/chic.jar:/
home/travis/build/icyphy/ptII/lib/ptcolt.jar:/usr/lib/jvm/java-8-oracle/lib/too
ls.jar:/usr/lib/eclipse/plugins/org.eclipse.jdt.core_3.8.2.dist.jar:/usr/lib/ec
lipse/plugins/org.eclipse.core.runtime_3.8.0.dist.jar:/usr/lib/eclipse/plugins/
org.eclipse.osgi_3.8.1.dist.jar:/usr/lib/eclipse/plugins/org.eclipse.core.resou
rces_3.8.1.dist.jar:/usr/lib/eclipse/plugins/org.eclipse.equinox.common_3.6.100
.dist.jar:/usr/lib/eclipse/plugins/org.eclipse.core.jobs_3.5.200.dist.jar:/usr/
lib/eclipse/plugins/org.eclipse.core.contenttype_3.4.200.dist.jar:/usr/lib/ecli
pse/plugins/org.eclipse.equinox.preferences_3.5.0.dist.jar:/usr/lib/eclipse/plu
gins/org.eclipse.text_3.5.200.dist.jar:/usr/lib/eclipse/plugins/org.eclipse.ui.
workbench_3.8.1.dist.jar:/usr/lib/eclipse/plugins/org.eclipse.jface_3.8.0.dist.
jar:/usr/lib/eclipse/plugins/org.eclipse.swt_3.8.2.jar:/usr/lib/eclipse/plugins
/org.eclipse.jface.text_3.8.1.dist.jar:/usr/lib/eclipse/plugins/org.eclipse.ui.
workbench.texteditor_3.8.0.dist.jar:/usr/lib/eclipse/plugins/org.eclipse.ui.edi
tors_3.8.0.dist.jar:/usr/lib/eclipse/plugins/org.eclipse.core.commands_3.6.1.di
st.jar:/usr/lib/eclipse/plugins/org.eclipse.equinox.registry_3.5.200.dist.jar:/
usr/lib/eclipse/plugins/org.eclipse.ui.console_3.5.100.dist.jar:/usr/lib/eclips
e/plugins/org.eclipse.ui.forms_3.5.200.dist.jar:/usr/lib/eclipse/plugins/org.ec
lipse.ui.ide_3.8.1.dist.jar:/home/travis/build/icyphy/ptII/vendors/oracle/dbxml
.jar:/home/travis/build/icyphy/ptII/vendors/oracle/db.jar:/home/travis/build/ic
yphy/ptII/vendors/misc/itext/iText.jar:/home/travis/build/icyphy/ptII/lib/g4ltl
.jar:/home/travis/build/icyphy/ptII/lib/StructuralCoder.jar:/home/travis/build/
icyphy/ptII/lib/org-openide-util.jar:/home/travis/build/icyphy/ptII/lib/org-ope
nide-util-lookup.jar:/home/travis/build/icyphy/ptII/lib/org-netbeans-api-visual
.jar:/home/travis/build/icyphy/ptII/vendors/jai-1_1_2_01/lib/jai_core.jar:/home
/travis/build/icyphy/ptII/vendors/jai-1_1_2_01/lib/jai_codec.jar:/home/travis/b
uild/icyphy/ptII/lib/jcerti.jar:/home/travis/build/icyphy/ptII/lib/smack.jar:/h
ome/travis/build/icyphy/ptII/lib/smackx.jar:/home/travis/build/icyphy/ptII/lib/
jetty-all-8.1.5-v20120716.jar:/home/travis/build/icyphy/ptII/lib/javax.servlet-
api-3.0.1.jar:/home/travis/build/icyphy/ptII/lib/javax.mail.jar:/home/travis/bu
ild/icyphy/ptII/vendors/JMF-2.1.1e/lib/jmf.jar:/home/travis/build/icyphy/ptII/l
ib/jna-4.0.0-variadic.jar:/home/travis/build/icyphy/ptII/vendors/misc/joystick/
Joystick.jar:/home/travis/build/icyphy/ptII/lib/ptjacl.jar:/home/travis/build/i
cyphy/ptII/lib/jsoup-1.8.2.jar:/home/travis/build/icyphy/ptII/lib/junit-4.8.2.j
ar:/home/travis/build/icyphy/ptII/lib/JUnitParams-0.4.0.jar:/home/travis/build/
icyphy/ptII/ptolemy/actor/lib/excel/jxl.jar:/home/travis/build/icyphy/ptII/lib/
jython.jar:/home/travis/build/icyphy/ptII/lib/kieler.jar:/home/travis/build/icy
phy/ptII/vendors/opencv/share/OpenCV/java/opencv-341.jar:/home/travis/build/icy
phy/ptII/lib/oscP5.jar:/home/travis/build/icyphy/ptII/lib/nrjavaserial-3.11.0.d
evel.jar:/home/travis/build/icyphy/ptII/vendors/j3d/lib/j3dcore.jar:/home/travi
s/build/icyphy/ptII/vendors/j3d/lib/j3dutils.jar:/home/travis/build/icyphy/ptII
/vendors/j3d/lib/vecmath.jar:/home/travis/build/icyphy/ptII/ptolemy/distributed
/jini/jar/jini-core.jar:/home/travis/build/icyphy/ptII/ptolemy/distributed/jini
/jar/jini-ext.jar:/home/travis/build/icyphy/ptII/ptolemy/distributed/jini/jar/s
un-util.jar:/home/travis/build/icyphy/ptII/lib/protobuf-java-2.4.1.jar:/home/tr
avis/build/icyphy/ptII/lib/org.eclipse.paho.client.mqttv3.jar:/home/travis/buil
d/icyphy/ptII/ptserver/lib/hessian-4.0.7.jar:/home/travis/build/icyphy/ptII/pts
erver/lib/wmqtt.jar:/home/travis/build/icyphy/ptII/lib/mapss.jar:/home/travis/b
uild/icyphy/ptII/ptolemy/actor/ptalon/antlr/antlr.jar:/home/travis/build/icyphy
/ptII/lib/JRI.jar:/home/travis/build/icyphy/ptII/lib/commons-lang-2.6.jar:/home
/travis/build/icyphy/ptII/lib/commons-logging-1.1.1.jar:/home/travis/build/icyp
hy/ptII/lib/sootclasses.jar:/home/travis/build/icyphy/ptII/ptolemy/actor/lib/da
tabase/mysql-connector-java-5.1.6-bin.jar:/home/travis/build/icyphy/ptII/vendor
s/misc/sphinx4/sphinx4-data-5prealpha.jar:/home/travis/build/icyphy/ptII/vendor
s/misc/sphinx4/sphinx4-core-5prealpha.jar:/home/travis/build/icyphy/ptII/lib/PD
FRenderer.jar:/home/travis/build/icyphy/ptII/lib/svgSalamander.jar:/home/travis
/build/icyphy/ptII/lib/rsyntaxtextarea-2.6.0-SNAPSHOT.jar:/home/travis/build/ic
yphy/ptII/lib/hazelcast-3.8.2.jar:/home/travis/build/icyphy/ptII/lib/jackson-an
notations-2.9.0.jar:/home/travis/build/icyphy/ptII/lib/jackson-core-2.9.3.jar:/
home/travis/build/icyphy/ptII/lib/jackson-databind-2.9.3.jar:/home/travis/build
/icyphy/ptII/lib/netty-buffer-4.1.19.Final.jar:/home/travis/build/icyphy/ptII/l
ib/netty-codec-4.1.19.Final.jar:/home/travis/build/icyphy/ptII/lib/netty-codec-
dns-4.1.19.Final.jar:/home/travis/build/icyphy/ptII/lib/netty-codec-http-4.1.19
.Final.jar:/home/travis/build/icyphy/ptII/lib/netty-codec-http2-4.1.19.Final.ja
r:/home/travis/build/icyphy/ptII/lib/netty-common-4.1.19.Final.jar:/home/travis
/build/icyphy/ptII/lib/netty-handler-4.1.19.Final.jar:/home/travis/build/icyphy
/ptII/lib/netty-resolver-4.1.19.Final.jar:/home/travis/build/icyphy/ptII/lib/ne
tty-resolver-dns-4.1.19.Final.jar:/home/travis/build/icyphy/ptII/lib/netty-tran
sport-4.1.19.Final.jar:/home/travis/build/icyphy/ptII/lib/vertx-codegen-3.5.1.j
ar:/home/travis/build/icyphy/ptII/lib/vertx-core-3.5.2-SNAPSHOT.jar:/home/travi
s/build/icyphy/ptII/lib/vertx-hazelcast-3.5.1.jar:/home/travis/build/icyphy/ptI
I/lib/vertx-lang-js-3.5.1.jar:/home/travis/build/icyphy/ptII/lib/vertx-service-
proxy-3.5.1.jar:/home/travis/build/icyphy/ptII/lib/vertx-web-3.5.1.jar:/home/tr
avis/build/icyphy/ptII/lib/slf4j-api-1.7.13.jar:/home/travis/build/icyphy/ptII/
lib/slf4j-simple-1.7.13.jar:/home/travis/build/icyphy/ptII/lib/webcam-capture-0
.3.12.jar:/home/travis/build/icyphy/ptII/lib/bridj-0.7.0.jar:/home/travis/build
/icyphy/ptII/lib/xbjlib-1.1.0.nrjavaserial.jar:/home/travis/build/icyphy/ptII/p
tolemy/moml/test:/home/travis/build/icyphy/ptII/ant/lib/ant-launcher.jar:/home/
travis/build/icyphy/ptII/ant/lib/ant.jar:/home/travis/build/icyphy/ptII/ant/lib
/ant-junit.jar:/home/travis/build/icyphy/ptII/ant/lib/ant-junit4.jar:/home/trav
is/build/icyphy/ptII ModularCodeGen5_A_profile.java
total 968
-rw-rw-r-- 1 travis travis  4895 Jul  8 01:40 CompiledCompositeActor_CompiledCompositeActor.class
-rw-rw-r-- 1 travis travis  1592 Jul  8 01:40 CompiledCompositeActor_CompiledCompositeActor$_CompiledCompositeActor_CompiledCompositeActor.class
-rw-rw-r-- 1 travis travis 13466 Jul  8 01:40 CompiledCompositeActor_CompiledCompositeActor.java
-rw-rw-r-- 1 travis travis  1593 Jul  8 01:40 CompiledCompositeActor_CompiledCompositeActor.mk
-rw-rw-r-- 1 travis travis  4457 Jul  8 01:40 JavaCompiledCompositeTest1_CompiledCompositeActor.class
-rw-rw-r-- 1 travis travis 11637 Jul  8 01:40 JavaCompiledCompositeTest1_CompiledCompositeActor.java
-rw-rw-r-- 1 travis travis  1198 Jul  8 01:40 JavaCompiledCompositeTest1_CompiledCompositeActor$_JavaCompiledCompositeTest1_CompiledCompositeActor.class
-rw-rw-r-- 1 travis travis  1625 Jul  8 01:40 JavaCompiledCompositeTest1_CompiledCompositeActor.mk
-rw-rw-r-- 1 travis travis  4888 Jul  8 01:40 JavaCompiledCompositeTest2_CompiledCompositeActor.class
-rw-rw-r-- 1 travis travis 14919 Jul  8 01:40 JavaCompiledCompositeTest2_CompiledCompositeActor.java
-rw-rw-r-- 1 travis travis  1793 Jul  8 01:40 JavaCompiledCompositeTest2_CompiledCompositeActor$_JavaCompiledCompositeTest2_CompiledCompositeActor.class
-rw-rw-r-- 1 travis travis  1625 Jul  8 01:40 JavaCompiledCompositeTest2_CompiledCompositeActor.mk
-rw-rw-r-- 1 travis travis  4505 Jul  8 01:40 JavaCompiledCompositeTest3_CompiledCompositeActor.class
-rw-rw-r-- 1 travis travis 13080 Jul  8 01:40 JavaCompiledCompositeTest3_CompiledCompositeActor.java
-rw-rw-r-- 1 travis travis  1378 Jul  8 01:40 JavaCompiledCompositeTest3_CompiledCompositeActor$_JavaCompiledCompositeTest3_CompiledCompositeActor.class
-rw-rw-r-- 1 travis travis  1625 Jul  8 01:40 JavaCompiledCompositeTest3_CompiledCompositeActor.mk
-rw-rw-r-- 1 travis travis  3953 Jul  8 01:40 JavaCompiledCompositeTest4_CompiledCompositeActor.class
-rw-rw-r-- 1 travis travis  9687 Jul  8 01:40 JavaCompiledCompositeTest4_CompiledCompositeActor.java
-rw-rw-r-- 1 travis travis   857 Jul  8 01:40 JavaCompiledCompositeTest4_CompiledCompositeActor$_JavaCompiledCompositeTest4_CompiledCompositeActor.class
-rw-rw-r-- 1 travis travis  1625 Jul  8 01:40 JavaCompiledCompositeTest4_CompiledCompositeActor.mk
-rw-rw-r-- 1 travis travis  3693 Jul  8 01:40 ModularCG_A1_B1.class
-rw-rw-r-- 1 travis travis  9730 Jul  8 01:40 ModularCG_A1_B1.java
-rw-rw-r-- 1 travis travis   832 Jul  8 01:40 ModularCG_A1_B1.mk
-rw-rw-r-- 1 travis travis  1318 Jul  8 01:40 ModularCG_A1_B1_profile.class
-rw-rw-r-- 1 travis travis  1262 Jul  8 01:40 ModularCG_A1_B1_profile.java
-rw-rw-r-- 1 travis travis  3693 Jul  8 01:40 ModularCG_A1_B2.class
-rw-rw-r-- 1 travis travis  9730 Jul  8 01:40 ModularCG_A1_B2.java
-rw-rw-r-- 1 travis travis   832 Jul  8 01:40 ModularCG_A1_B2.mk
-rw-rw-r-- 1 travis travis  1318 Jul  8 01:40 ModularCG_A1_B2_profile.class
-rw-rw-r-- 1 travis travis  1262 Jul  8 01:40 ModularCG_A1_B2_profile.java
-rw-rw-r-- 1 travis travis  4799 Jul  8 01:41 ModularCG_A1.class
-rw-rw-r-- 1 travis travis 14742 Jul  8 01:41 ModularCG_A1.java
-rw-rw-r-- 1 travis travis   808 Jul  8 01:41 ModularCG_A1.mk
-rw-rw-r-- 1 travis travis  1433 Jul  8 01:41 ModularCG_A1_profile.class
-rw-rw-r-- 1 travis travis  1704 Jul  8 01:40 ModularCG_A1_profile.java
-rw-rw-r-- 1 travis travis  3827 Jul  8 01:41 ModularCG_A2_B1.class
-rw-rw-r-- 1 travis travis 10667 Jul  8 01:41 ModularCG_A2_B1.java
-rw-rw-r-- 1 travis travis   832 Jul  8 01:41 ModularCG_A2_B1.mk
-rw-rw-r-- 1 travis travis  1381 Jul  8 01:41 ModularCG_A2_B1_profile.class
-rw-rw-r-- 1 travis travis  1446 Jul  8 01:41 ModularCG_A2_B1_profile.java
-rw-rw-r-- 1 travis travis  3693 Jul  8 01:41 ModularCG_A2_B2.class
-rw-rw-r-- 1 travis travis  9730 Jul  8 01:41 ModularCG_A2_B2.java
-rw-rw-r-- 1 travis travis   832 Jul  8 01:41 ModularCG_A2_B2.mk
-rw-rw-r-- 1 travis travis  1318 Jul  8 01:41 ModularCG_A2_B2_profile.class
-rw-rw-r-- 1 travis travis  1262 Jul  8 01:41 ModularCG_A2_B2_profile.java
-rw-rw-r-- 1 travis travis  4870 Jul  8 01:41 ModularCG_A2.class
-rw-rw-r-- 1 travis travis 15129 Jul  8 01:41 ModularCG_A2.java
-rw-rw-r-- 1 travis travis   808 Jul  8 01:41 ModularCG_A2.mk
-rw-rw-r-- 1 travis travis  1433 Jul  8 01:41 ModularCG_A2_profile.class
-rw-rw-r-- 1 travis travis  1704 Jul  8 01:41 ModularCG_A2_profile.java
-rw-rw-r-- 1 travis travis  3473 Jul  8 01:41 ModularCGPubSub_A1_A2.class
-rw-rw-r-- 1 travis travis  9076 Jul  8 01:41 ModularCGPubSub_A1_A2.java
-rw-rw-r-- 1 travis travis   880 Jul  8 01:41 ModularCGPubSub_A1_A2.mk
-rw-rw-r-- 1 travis travis  1300 Jul  8 01:41 ModularCGPubSub_A1_A2_profile.class
-rw-rw-r-- 1 travis travis  1222 Jul  8 01:41 ModularCGPubSub_A1_A2_profile.java
-rw-rw-r-- 1 travis travis  3790 Jul  8 01:41 ModularCGPubSub_A1.class
-rw-rw-r-- 1 travis travis  9836 Jul  8 01:41 ModularCGPubSub_A1.java
-rw-rw-r-- 1 travis travis   856 Jul  8 01:41 ModularCGPubSub_A1.mk
-rw-rw-r-- 1 travis travis  1346 Jul  8 01:41 ModularCGPubSub_A1_profile.class
-rw-rw-r-- 1 travis travis  1388 Jul  8 01:41 ModularCGPubSub_A1_profile.java
-rw-rw-r-- 1 travis travis  3988 Jul  8 01:41 ModularCodeGen2_ModularCodeGenTypedCompositeActor.class
-rw-rw-r-- 1 travis travis 11690 Jul  8 01:41 ModularCodeGen2_ModularCodeGenTypedCompositeActor.java
-rw-rw-r-- 1 travis travis  1104 Jul  8 01:41 ModularCodeGen2_ModularCodeGenTypedCompositeActor.mk
-rw-rw-r-- 1 travis travis  4272 Jul  8 01:41 ModularCodeGen2_ModularCodeGenTypedCompositeActor_ModularCodeGenTypedCompositeActor.class
-rw-rw-r-- 1 travis travis 11790 Jul  8 01:41 ModularCodeGen2_ModularCodeGenTypedCompositeActor_ModularCodeGenTypedCompositeActor.java
-rw-rw-r-- 1 travis travis  1376 Jul  8 01:41 ModularCodeGen2_ModularCodeGenTypedCompositeActor_ModularCodeGenTypedCompositeActor.mk
-rw-rw-r-- 1 travis travis  1421 Jul  8 01:41 ModularCodeGen2_ModularCodeGenTypedCompositeActor_ModularCodeGenTypedCompositeActor_profile.class
-rw-rw-r-- 1 travis travis  1294 Jul  8 01:41 ModularCodeGen2_ModularCodeGenTypedCompositeActor_ModularCodeGenTypedCompositeActor_profile.java
-rw-rw-r-- 1 travis travis   820 Jul  8 01:41 ModularCodeGen2_ModularCodeGenTypedCompositeActor_profile.class
-rw-rw-r-- 1 travis travis   693 Jul  8 01:41 ModularCodeGen2_ModularCodeGenTypedCompositeActor_profile.java
-rw-rw-r-- 1 travis travis  3741 Jul  8 01:41 ModularCodeGen3_A1_B1.class
-rw-rw-r-- 1 travis travis  9958 Jul  8 01:41 ModularCodeGen3_A1_B1.java
-rw-rw-r-- 1 travis travis   880 Jul  8 01:41 ModularCodeGen3_A1_B1.mk
-rw-rw-r-- 1 travis travis  1330 Jul  8 01:41 ModularCodeGen3_A1_B1_profile.class
-rw-rw-r-- 1 travis travis  1274 Jul  8 01:41 ModularCodeGen3_A1_B1_profile.java
-rw-rw-r-- 1 travis travis  3741 Jul  8 01:41 ModularCodeGen3_A1_B2.class
-rw-rw-r-- 1 travis travis  9958 Jul  8 01:41 ModularCodeGen3_A1_B2.java
-rw-rw-r-- 1 travis travis   880 Jul  8 01:41 ModularCodeGen3_A1_B2.mk
-rw-rw-r-- 1 travis travis  1330 Jul  8 01:41 ModularCodeGen3_A1_B2_profile.class
-rw-rw-r-- 1 travis travis  1274 Jul  8 01:41 ModularCodeGen3_A1_B2_profile.java
-rw-rw-r-- 1 travis travis  4961 Jul  8 01:41 ModularCodeGen3_A1.class
-rw-rw-r-- 1 travis travis 15564 Jul  8 01:41 ModularCodeGen3_A1.java
-rw-rw-r-- 1 travis travis   856 Jul  8 01:41 ModularCodeGen3_A1.mk
-rw-rw-r-- 1 travis travis  1445 Jul  8 01:41 ModularCodeGen3_A1_profile.class
-rw-rw-r-- 1 travis travis  1716 Jul  8 01:41 ModularCodeGen3_A1_profile.java
-rw-rw-r-- 1 travis travis  3887 Jul  8 01:41 ModularCodeGen3_A2_B1.class
-rw-rw-r-- 1 travis travis 10955 Jul  8 01:41 ModularCodeGen3_A2_B1.java
-rw-rw-r-- 1 travis travis   880 Jul  8 01:41 ModularCodeGen3_A2_B1.mk
-rw-rw-r-- 1 travis travis  1393 Jul  8 01:41 ModularCodeGen3_A2_B1_profile.class
-rw-rw-r-- 1 travis travis  1458 Jul  8 01:41 ModularCodeGen3_A2_B1_profile.java
-rw-rw-r-- 1 travis travis  3741 Jul  8 01:41 ModularCodeGen3_A2_B2.class
-rw-rw-r-- 1 travis travis  9958 Jul  8 01:41 ModularCodeGen3_A2_B2.java
-rw-rw-r-- 1 travis travis   880 Jul  8 01:41 ModularCodeGen3_A2_B2.mk
-rw-rw-r-- 1 travis travis  1330 Jul  8 01:41 ModularCodeGen3_A2_B2_profile.class
-rw-rw-r-- 1 travis travis  1274 Jul  8 01:41 ModularCodeGen3_A2_B2_profile.java
-rw-rw-r-- 1 travis travis  5038 Jul  8 01:41 ModularCodeGen3_A2.class
-rw-rw-r-- 1 travis travis 15957 Jul  8 01:41 ModularCodeGen3_A2.java
-rw-rw-r-- 1 travis travis   856 Jul  8 01:41 ModularCodeGen3_A2.mk
-rw-rw-r-- 1 travis travis  1445 Jul  8 01:41 ModularCodeGen3_A2_profile.class
-rw-rw-r-- 1 travis travis  1716 Jul  8 01:41 ModularCodeGen3_A2_profile.java
-rw-rw-r-- 1 travis travis  3794 Jul  8 01:41 ModularCodeGen4_A1_B1.class
-rw-rw-r-- 1 travis travis 10312 Jul  8 01:41 ModularCodeGen4_A1_B1.java
-rw-rw-r-- 1 travis travis   880 Jul  8 01:41 ModularCodeGen4_A1_B1.mk
-rw-rw-r-- 1 travis travis  1330 Jul  8 01:41 ModularCodeGen4_A1_B1_profile.class
-rw-rw-r-- 1 travis travis  1273 Jul  8 01:41 ModularCodeGen4_A1_B1_profile.java
-rw-rw-r-- 1 travis travis  3794 Jul  8 01:41 ModularCodeGen4_A1_B2.class
-rw-rw-r-- 1 travis travis 10312 Jul  8 01:41 ModularCodeGen4_A1_B2.java
-rw-rw-r-- 1 travis travis   880 Jul  8 01:41 ModularCodeGen4_A1_B2.mk
-rw-rw-r-- 1 travis travis  1330 Jul  8 01:41 ModularCodeGen4_A1_B2_profile.class
-rw-rw-r-- 1 travis travis  1273 Jul  8 01:41 ModularCodeGen4_A1_B2_profile.java
-rw-rw-r-- 1 travis travis  5101 Jul  8 01:41 ModularCodeGen4_A1.class
-rw-rw-r-- 1 travis travis 16245 Jul  8 01:41 ModularCodeGen4_A1.java
-rw-rw-r-- 1 travis travis   856 Jul  8 01:41 ModularCodeGen4_A1.mk
-rw-rw-r-- 1 travis travis  1445 Jul  8 01:41 ModularCodeGen4_A1_profile.class
-rw-rw-r-- 1 travis travis  1712 Jul  8 01:41 ModularCodeGen4_A1_profile.java
-rw-rw-r-- 1 travis travis  3988 Jul  8 01:41 ModularCodeGen4_A2_B1.class
-rw-rw-r-- 1 travis travis 11375 Jul  8 01:41 ModularCodeGen4_A2_B1.java
-rw-rw-r-- 1 travis travis   880 Jul  8 01:41 ModularCodeGen4_A2_B1.mk
-rw-rw-r-- 1 travis travis  1393 Jul  8 01:41 ModularCodeGen4_A2_B1_profile.class
-rw-rw-r-- 1 travis travis  1454 Jul  8 01:41 ModularCodeGen4_A2_B1_profile.java
-rw-rw-r-- 1 travis travis  3842 Jul  8 01:41 ModularCodeGen4_A2_B2.class
-rw-rw-r-- 1 travis travis 10378 Jul  8 01:41 ModularCodeGen4_A2_B2.java
-rw-rw-r-- 1 travis travis   880 Jul  8 01:41 ModularCodeGen4_A2_B2.mk
-rw-rw-r-- 1 travis travis  1330 Jul  8 01:41 ModularCodeGen4_A2_B2_profile.class
-rw-rw-r-- 1 travis travis  1270 Jul  8 01:41 ModularCodeGen4_A2_B2_profile.java
-rw-rw-r-- 1 travis travis  5274 Jul  8 01:41 ModularCodeGen4_A2.class
-rw-rw-r-- 1 travis travis 16770 Jul  8 01:41 ModularCodeGen4_A2.java
-rw-rw-r-- 1 travis travis   856 Jul  8 01:41 ModularCodeGen4_A2.mk
-rw-rw-r-- 1 travis travis  1445 Jul  8 01:41 ModularCodeGen4_A2_profile.class
-rw-rw-r-- 1 travis travis  1712 Jul  8 01:41 ModularCodeGen4_A2_profile.java
-rw-rw-r-- 1 travis travis  6838 Jul  8 01:41 ModularCodeGen5_A_A.class
-rw-rw-r-- 1 travis travis 28721 Jul  8 01:41 ModularCodeGen5_A_A.java
-rw-rw-r-- 1 travis travis   864 Jul  8 01:41 ModularCodeGen5_A_A.mk
-rw-rw-r-- 1 travis travis  1520 Jul  8 01:41 ModularCodeGen5_A_A_profile.class
-rw-rw-r-- 1 travis travis  1815 Jul  8 01:41 ModularCodeGen5_A_A_profile.java
-rw-rw-r-- 1 travis travis  1605 Jul  8 01:41 ModularCodeGen5_A_profile.java
-rw-rw-r-- 1 travis travis  3954 Jul  8 01:41 ModularCodeGen_ModularCodeGenTypedCompositeActor.class
-rw-rw-r-- 1 travis travis 10970 Jul  8 01:41 ModularCodeGen_ModularCodeGenTypedCompositeActor.java
-rw-rw-r-- 1 travis travis  1096 Jul  8 01:41 ModularCodeGen_ModularCodeGenTypedCompositeActor.mk
-rw-rw-r-- 1 travis travis  1384 Jul  8 01:41 ModularCodeGen_ModularCodeGenTypedCompositeActor_profile.class
-rw-rw-r-- 1 travis travis  1328 Jul  8 01:41 ModularCodeGen_ModularCodeGenTypedCompositeActor_profile.java
-rw-rw-r-- 1 travis travis  3492 Jul  8 01:40 ModularCodeGenTest_A1_A2.class
-rw-rw-r-- 1 travis travis  9164 Jul  8 01:40 ModularCodeGenTest_A1_A2.java
-rw-rw-r-- 1 travis travis   904 Jul  8 01:40 ModularCodeGenTest_A1_A2.mk
-rw-rw-r-- 1 travis travis  1306 Jul  8 01:40 ModularCodeGenTest_A1_A2_profile.class
-rw-rw-r-- 1 travis travis  1228 Jul  8 01:40 ModularCodeGenTest_A1_A2_profile.java
-rw-rw-r-- 1 travis travis  3823 Jul  8 01:40 ModularCodeGenTest_A1.class
-rw-rw-r-- 1 travis travis  9968 Jul  8 01:40 ModularCodeGenTest_A1.java
-rw-rw-r-- 1 travis travis   880 Jul  8 01:40 ModularCodeGenTest_A1.mk
-rw-rw-r-- 1 travis travis  1352 Jul  8 01:40 ModularCodeGenTest_A1_profile.class
-rw-rw-r-- 1 travis travis  1394 Jul  8 01:40 ModularCodeGenTest_A1_profile.java
-rw-rw-r-- 1 travis travis   432 Jul  8 01:41 Token.class
-rw-rw-r-- 1 travis travis   251 Jul  8 01:41 Token.java
warning: Supported source version 'RELEASE_6' from annotation processor 'org.netbeans.modules.openide.util.NbBundleProcessor' less than -source '1.8'
warning: Supported source version 'RELEASE_6' from annotation processor 'org.netbeans.modules.openide.util.URLStreamHandlerRegistrationProcessor' less than -source '1.8'
warning: Supported source version 'RELEASE_6' from annotation processor 'org.netbeans.modules.openide.util.ServiceProviderProcessor' less than -source '1.8'
3 warnings
All Done
Writing ModularCodeGen5_A.java in file:/home/travis/cg/ (13769 characters)
Reading "ptolemy/cg/kernel/generic/program/procedural/java/modular/makefile.in",
    writing "/home/travis/cg/ModularCodeGen5_A.mk"
Using ptolemy/cg/kernel/generic/program/procedural/java/modular/makefile.in
In "/home/travis/cg", about to execute:
    make -f ModularCodeGen5_A.mk
javac -classpath ".:.."    ModularCodeGen5_A.java
All Done
5584 ms. Memory: 518144K Free: 159452K (31%)
----------------- Invoking toplevel() on ptolemy.moml.MoMLSimpleApplication@dc5201a
----------------- Done invoking toplevel() on ptolemy.moml.MoMLSimpleApplication@dc5201a
reloadAllAccessors: .ModularCodeGen5

===========================================================================================
----------------- testing Sun Jul 08 01:41:53 UTC 2018 /home/travis/build/icyphy/ptII/ptolemy/cg/lib/test/auto/ModularCodeGen6.xml
----------------- Instantiating /home/travis/build/icyphy/ptII/ptolemy/cg/lib/test/auto/ModularCodeGen6.xml
In "/home/travis/cg", about to execute:
    pwd
/home/travis/cg
In "/home/travis/cg", about to execute:
    ls -l
In "/home/travis/cg", about to execute:
    javac -classpath
.:/home/travis/build/icyphy/ptII:/home/travis/build/icyphy/ptII/lib/bsh-2.0b4.j
ar:/home/travis/build/icyphy/ptII/lib/ptCal.jar:/home/travis/build/icyphy/ptII/
lib/java_cup.jar:/home/travis/build/icyphy/ptII/lib/saxon8.jar:/home/travis/bui
ld/icyphy/ptII/lib/saxon8-dom.jar:/home/travis/build/icyphy/ptII/lib/chic.jar:/
home/travis/build/icyphy/ptII/lib/ptcolt.jar:/usr/lib/jvm/java-8-oracle/lib/too
ls.jar:/usr/lib/eclipse/plugins/org.eclipse.jdt.core_3.8.2.dist.jar:/usr/lib/ec
lipse/plugins/org.eclipse.core.runtime_3.8.0.dist.jar:/usr/lib/eclipse/plugins/
org.eclipse.osgi_3.8.1.dist.jar:/usr/lib/eclipse/plugins/org.eclipse.core.resou
rces_3.8.1.dist.jar:/usr/lib/eclipse/plugins/org.eclipse.equinox.common_3.6.100
.dist.jar:/usr/lib/eclipse/plugins/org.eclipse.core.jobs_3.5.200.dist.jar:/usr/
lib/eclipse/plugins/org.eclipse.core.contenttype_3.4.200.dist.jar:/usr/lib/ecli
pse/plugins/org.eclipse.equinox.preferences_3.5.0.dist.jar:/usr/lib/eclipse/plu
gins/org.eclipse.text_3.5.200.dist.jar:/usr/lib/eclipse/plugins/org.eclipse.ui.
workbench_3.8.1.dist.jar:/usr/lib/eclipse/plugins/org.eclipse.jface_3.8.0.dist.
jar:/usr/lib/eclipse/plugins/org.eclipse.swt_3.8.2.jar:/usr/lib/eclipse/plugins
/org.eclipse.jface.text_3.8.1.dist.jar:/usr/lib/eclipse/plugins/org.eclipse.ui.
workbench.texteditor_3.8.0.dist.jar:/usr/lib/eclipse/plugins/org.eclipse.ui.edi
tors_3.8.0.dist.jar:/usr/lib/eclipse/plugins/org.eclipse.core.commands_3.6.1.di
st.jar:/usr/lib/eclipse/plugins/org.eclipse.equinox.registry_3.5.200.dist.jar:/
usr/lib/eclipse/plugins/org.eclipse.ui.console_3.5.100.dist.jar:/usr/lib/eclips
e/plugins/org.eclipse.ui.forms_3.5.200.dist.jar:/usr/lib/eclipse/plugins/org.ec
lipse.ui.ide_3.8.1.dist.jar:/home/travis/build/icyphy/ptII/vendors/oracle/dbxml
.jar:/home/travis/build/icyphy/ptII/vendors/oracle/db.jar:/home/travis/build/ic
yphy/ptII/vendors/misc/itext/iText.jar:/home/travis/build/icyphy/ptII/lib/g4ltl
.jar:/home/travis/build/icyphy/ptII/lib/StructuralCoder.jar:/home/travis/build/
icyphy/ptII/lib/org-openide-util.jar:/home/travis/build/icyphy/ptII/lib/org-ope
nide-util-lookup.jar:/home/travis/build/icyphy/ptII/lib/org-netbeans-api-visual
.jar:/home/travis/build/icyphy/ptII/vendors/jai-1_1_2_01/lib/jai_core.jar:/home
/travis/build/icyphy/ptII/vendors/jai-1_1_2_01/lib/jai_codec.jar:/home/travis/b
uild/icyphy/ptII/lib/jcerti.jar:/home/travis/build/icyphy/ptII/lib/smack.jar:/h
ome/travis/build/icyphy/ptII/lib/smackx.jar:/home/travis/build/icyphy/ptII/lib/
jetty-all-8.1.5-v20120716.jar:/home/travis/build/icyphy/ptII/lib/javax.servlet-
api-3.0.1.jar:/home/travis/build/icyphy/ptII/lib/javax.mail.jar:/home/travis/bu
ild/icyphy/ptII/vendors/JMF-2.1.1e/lib/jmf.jar:/home/travis/build/icyphy/ptII/l
ib/jna-4.0.0-variadic.jar:/home/travis/build/icyphy/ptII/vendors/misc/joystick/
Joystick.jar:/home/travis/build/icyphy/ptII/lib/ptjacl.jar:/home/travis/build/i
cyphy/ptII/lib/jsoup-1.8.2.jar:/home/travis/build/icyphy/ptII/lib/junit-4.8.2.j
ar:/home/travis/build/icyphy/ptII/lib/JUnitParams-0.4.0.jar:/home/travis/build/
icyphy/ptII/ptolemy/actor/lib/excel/jxl.jar:/home/travis/build/icyphy/ptII/lib/
jython.jar:/home/travis/build/icyphy/ptII/lib/kieler.jar:/home/travis/build/icy
phy/ptII/vendors/opencv/share/OpenCV/java/opencv-341.jar:/home/travis/build/icy
phy/ptII/lib/oscP5.jar:/home/travis/build/icyphy/ptII/lib/nrjavaserial-3.11.0.d
evel.jar:/home/travis/build/icyphy/ptII/vendors/j3d/lib/j3dcore.jar:/home/travi
s/build/icyphy/ptII/vendors/j3d/lib/j3dutils.jar:/home/travis/build/icyphy/ptII
/vendors/j3d/lib/vecmath.jar:/home/travis/build/icyphy/ptII/ptolemy/distributed
/jini/jar/jini-core.jar:/home/travis/build/icyphy/ptII/ptolemy/distributed/jini
/jar/jini-ext.jar:/home/travis/build/icyphy/ptII/ptolemy/distributed/jini/jar/s
un-util.jar:/home/travis/build/icyphy/ptII/lib/protobuf-java-2.4.1.jar:/home/tr
avis/build/icyphy/ptII/lib/org.eclipse.paho.client.mqttv3.jar:/home/travis/buil
d/icyphy/ptII/ptserver/lib/hessian-4.0.7.jar:/home/travis/build/icyphy/ptII/pts
erver/lib/wmqtt.jar:/home/travis/build/icyphy/ptII/lib/mapss.jar:/home/travis/b
uild/icyphy/ptII/ptolemy/actor/ptalon/antlr/antlr.jar:/home/travis/build/icyphy
/ptII/lib/JRI.jar:/home/travis/build/icyphy/ptII/lib/commons-lang-2.6.jar:/home
/travis/build/icyphy/ptII/lib/commons-logging-1.1.1.jar:/home/travis/build/icyp
hy/ptII/lib/sootclasses.jar:/home/travis/build/icyphy/ptII/ptolemy/actor/lib/da
tabase/mysql-connector-java-5.1.6-bin.jar:/home/travis/build/icyphy/ptII/vendor
s/misc/sphinx4/sphinx4-data-5prealpha.jar:/home/travis/build/icyphy/ptII/vendor
s/misc/sphinx4/sphinx4-core-5prealpha.jar:/home/travis/build/icyphy/ptII/lib/PD
FRenderer.jar:/home/travis/build/icyphy/ptII/lib/svgSalamander.jar:/home/travis
/build/icyphy/ptII/lib/rsyntaxtextarea-2.6.0-SNAPSHOT.jar:/home/travis/build/ic
yphy/ptII/lib/hazelcast-3.8.2.jar:/home/travis/build/icyphy/ptII/lib/jackson-an
notations-2.9.0.jar:/home/travis/build/icyphy/ptII/lib/jackson-core-2.9.3.jar:/
home/travis/build/icyphy/ptII/lib/jackson-databind-2.9.3.jar:/home/travis/build
/icyphy/ptII/lib/netty-buffer-4.1.19.Final.jar:/home/travis/build/icyphy/ptII/l
ib/netty-codec-4.1.19.Final.jar:/home/travis/build/icyphy/ptII/lib/netty-codec-
dns-4.1.19.Final.jar:/home/travis/build/icyphy/ptII/lib/netty-codec-http-4.1.19
.Final.jar:/home/travis/build/icyphy/ptII/lib/netty-codec-http2-4.1.19.Final.ja
r:/home/travis/build/icyphy/ptII/lib/netty-common-4.1.19.Final.jar:/home/travis
/build/icyphy/ptII/lib/netty-handler-4.1.19.Final.jar:/home/travis/build/icyphy
/ptII/lib/netty-resolver-4.1.19.Final.jar:/home/travis/build/icyphy/ptII/lib/ne
tty-resolver-dns-4.1.19.Final.jar:/home/travis/build/icyphy/ptII/lib/netty-tran
sport-4.1.19.Final.jar:/home/travis/build/icyphy/ptII/lib/vertx-codegen-3.5.1.j
ar:/home/travis/build/icyphy/ptII/lib/vertx-core-3.5.2-SNAPSHOT.jar:/home/travi
s/build/icyphy/ptII/lib/vertx-hazelcast-3.5.1.jar:/home/travis/build/icyphy/ptI
I/lib/vertx-lang-js-3.5.1.jar:/home/travis/build/icyphy/ptII/lib/vertx-service-
proxy-3.5.1.jar:/home/travis/build/icyphy/ptII/lib/vertx-web-3.5.1.jar:/home/tr
avis/build/icyphy/ptII/lib/slf4j-api-1.7.13.jar:/home/travis/build/icyphy/ptII/
lib/slf4j-simple-1.7.13.jar:/home/travis/build/icyphy/ptII/lib/webcam-capture-0
.3.12.jar:/home/travis/build/icyphy/ptII/lib/bridj-0.7.0.jar:/home/travis/build
/icyphy/ptII/lib/xbjlib-1.1.0.nrjavaserial.jar:/home/travis/build/icyphy/ptII/p
tolemy/moml/test:/home/travis/build/icyphy/ptII/ant/lib/ant-launcher.jar:/home/
travis/build/icyphy/ptII/ant/lib/ant.jar:/home/travis/build/icyphy/ptII/ant/lib
/ant-junit.jar:/home/travis/build/icyphy/ptII/ant/lib/ant-junit4.jar:/home/trav
is/build/icyphy/ptII ModularCodeGen6_A_A_profile.java
total 1004
-rw-rw-r-- 1 travis travis  4895 Jul  8 01:40 CompiledCompositeActor_CompiledCompositeActor.class
-rw-rw-r-- 1 travis travis  1592 Jul  8 01:40 CompiledCompositeActor_CompiledCompositeActor$_CompiledCompositeActor_CompiledCompositeActor.class
-rw-rw-r-- 1 travis travis 13466 Jul  8 01:40 CompiledCompositeActor_CompiledCompositeActor.java
-rw-rw-r-- 1 travis travis  1593 Jul  8 01:40 CompiledCompositeActor_CompiledCompositeActor.mk
-rw-rw-r-- 1 travis travis  4457 Jul  8 01:40 JavaCompiledCompositeTest1_CompiledCompositeActor.class
-rw-rw-r-- 1 travis travis 11637 Jul  8 01:40 JavaCompiledCompositeTest1_CompiledCompositeActor.java
-rw-rw-r-- 1 travis travis  1198 Jul  8 01:40 JavaCompiledCompositeTest1_CompiledCompositeActor$_JavaCompiledCompositeTest1_CompiledCompositeActor.class
-rw-rw-r-- 1 travis travis  1625 Jul  8 01:40 JavaCompiledCompositeTest1_CompiledCompositeActor.mk
-rw-rw-r-- 1 travis travis  4888 Jul  8 01:40 JavaCompiledCompositeTest2_CompiledCompositeActor.class
-rw-rw-r-- 1 travis travis 14919 Jul  8 01:40 JavaCompiledCompositeTest2_CompiledCompositeActor.java
-rw-rw-r-- 1 travis travis  1793 Jul  8 01:40 JavaCompiledCompositeTest2_CompiledCompositeActor$_JavaCompiledCompositeTest2_CompiledCompositeActor.class
-rw-rw-r-- 1 travis travis  1625 Jul  8 01:40 JavaCompiledCompositeTest2_CompiledCompositeActor.mk
-rw-rw-r-- 1 travis travis  4505 Jul  8 01:40 JavaCompiledCompositeTest3_CompiledCompositeActor.class
-rw-rw-r-- 1 travis travis 13080 Jul  8 01:40 JavaCompiledCompositeTest3_CompiledCompositeActor.java
-rw-rw-r-- 1 travis travis  1378 Jul  8 01:40 JavaCompiledCompositeTest3_CompiledCompositeActor$_JavaCompiledCompositeTest3_CompiledCompositeActor.class
-rw-rw-r-- 1 travis travis  1625 Jul  8 01:40 JavaCompiledCompositeTest3_CompiledCompositeActor.mk
-rw-rw-r-- 1 travis travis  3953 Jul  8 01:40 JavaCompiledCompositeTest4_CompiledCompositeActor.class
-rw-rw-r-- 1 travis travis  9687 Jul  8 01:40 JavaCompiledCompositeTest4_CompiledCompositeActor.java
-rw-rw-r-- 1 travis travis   857 Jul  8 01:40 JavaCompiledCompositeTest4_CompiledCompositeActor$_JavaCompiledCompositeTest4_CompiledCompositeActor.class
-rw-rw-r-- 1 travis travis  1625 Jul  8 01:40 JavaCompiledCompositeTest4_CompiledCompositeActor.mk
-rw-rw-r-- 1 travis travis  3693 Jul  8 01:40 ModularCG_A1_B1.class
-rw-rw-r-- 1 travis travis  9730 Jul  8 01:40 ModularCG_A1_B1.java
-rw-rw-r-- 1 travis travis   832 Jul  8 01:40 ModularCG_A1_B1.mk
-rw-rw-r-- 1 travis travis  1318 Jul  8 01:40 ModularCG_A1_B1_profile.class
-rw-rw-r-- 1 travis travis  1262 Jul  8 01:40 ModularCG_A1_B1_profile.java
-rw-rw-r-- 1 travis travis  3693 Jul  8 01:40 ModularCG_A1_B2.class
-rw-rw-r-- 1 travis travis  9730 Jul  8 01:40 ModularCG_A1_B2.java
-rw-rw-r-- 1 travis travis   832 Jul  8 01:40 ModularCG_A1_B2.mk
-rw-rw-r-- 1 travis travis  1318 Jul  8 01:40 ModularCG_A1_B2_profile.class
-rw-rw-r-- 1 travis travis  1262 Jul  8 01:40 ModularCG_A1_B2_profile.java
-rw-rw-r-- 1 travis travis  4799 Jul  8 01:41 ModularCG_A1.class
-rw-rw-r-- 1 travis travis 14742 Jul  8 01:41 ModularCG_A1.java
-rw-rw-r-- 1 travis travis   808 Jul  8 01:41 ModularCG_A1.mk
-rw-rw-r-- 1 travis travis  1433 Jul  8 01:41 ModularCG_A1_profile.class
-rw-rw-r-- 1 travis travis  1704 Jul  8 01:40 ModularCG_A1_profile.java
-rw-rw-r-- 1 travis travis  3827 Jul  8 01:41 ModularCG_A2_B1.class
-rw-rw-r-- 1 travis travis 10667 Jul  8 01:41 ModularCG_A2_B1.java
-rw-rw-r-- 1 travis travis   832 Jul  8 01:41 ModularCG_A2_B1.mk
-rw-rw-r-- 1 travis travis  1381 Jul  8 01:41 ModularCG_A2_B1_profile.class
-rw-rw-r-- 1 travis travis  1446 Jul  8 01:41 ModularCG_A2_B1_profile.java
-rw-rw-r-- 1 travis travis  3693 Jul  8 01:41 ModularCG_A2_B2.class
-rw-rw-r-- 1 travis travis  9730 Jul  8 01:41 ModularCG_A2_B2.java
-rw-rw-r-- 1 travis travis   832 Jul  8 01:41 ModularCG_A2_B2.mk
-rw-rw-r-- 1 travis travis  1318 Jul  8 01:41 ModularCG_A2_B2_profile.class
-rw-rw-r-- 1 travis travis  1262 Jul  8 01:41 ModularCG_A2_B2_profile.java
-rw-rw-r-- 1 travis travis  4870 Jul  8 01:41 ModularCG_A2.class
-rw-rw-r-- 1 travis travis 15129 Jul  8 01:41 ModularCG_A2.java
-rw-rw-r-- 1 travis travis   808 Jul  8 01:41 ModularCG_A2.mk
-rw-rw-r-- 1 travis travis  1433 Jul  8 01:41 ModularCG_A2_profile.class
-rw-rw-r-- 1 travis travis  1704 Jul  8 01:41 ModularCG_A2_profile.java
-rw-rw-r-- 1 travis travis  3473 Jul  8 01:41 ModularCGPubSub_A1_A2.class
-rw-rw-r-- 1 travis travis  9076 Jul  8 01:41 ModularCGPubSub_A1_A2.java
-rw-rw-r-- 1 travis travis   880 Jul  8 01:41 ModularCGPubSub_A1_A2.mk
-rw-rw-r-- 1 travis travis  1300 Jul  8 01:41 ModularCGPubSub_A1_A2_profile.class
-rw-rw-r-- 1 travis travis  1222 Jul  8 01:41 ModularCGPubSub_A1_A2_profile.java
-rw-rw-r-- 1 travis travis  3790 Jul  8 01:41 ModularCGPubSub_A1.class
-rw-rw-r-- 1 travis travis  9836 Jul  8 01:41 ModularCGPubSub_A1.java
-rw-rw-r-- 1 travis travis   856 Jul  8 01:41 ModularCGPubSub_A1.mk
-rw-rw-r-- 1 travis travis  1346 Jul  8 01:41 ModularCGPubSub_A1_profile.class
-rw-rw-r-- 1 travis travis  1388 Jul  8 01:41 ModularCGPubSub_A1_profile.java
-rw-rw-r-- 1 travis travis  3988 Jul  8 01:41 ModularCodeGen2_ModularCodeGenTypedCompositeActor.class
-rw-rw-r-- 1 travis travis 11690 Jul  8 01:41 ModularCodeGen2_ModularCodeGenTypedCompositeActor.java
-rw-rw-r-- 1 travis travis  1104 Jul  8 01:41 ModularCodeGen2_ModularCodeGenTypedCompositeActor.mk
-rw-rw-r-- 1 travis travis  4272 Jul  8 01:41 ModularCodeGen2_ModularCodeGenTypedCompositeActor_ModularCodeGenTypedCompositeActor.class
-rw-rw-r-- 1 travis travis 11790 Jul  8 01:41 ModularCodeGen2_ModularCodeGenTypedCompositeActor_ModularCodeGenTypedCompositeActor.java
-rw-rw-r-- 1 travis travis  1376 Jul  8 01:41 ModularCodeGen2_ModularCodeGenTypedCompositeActor_ModularCodeGenTypedCompositeActor.mk
-rw-rw-r-- 1 travis travis  1421 Jul  8 01:41 ModularCodeGen2_ModularCodeGenTypedCompositeActor_ModularCodeGenTypedCompositeActor_profile.class
-rw-rw-r-- 1 travis travis  1294 Jul  8 01:41 ModularCodeGen2_ModularCodeGenTypedCompositeActor_ModularCodeGenTypedCompositeActor_profile.java
-rw-rw-r-- 1 travis travis   820 Jul  8 01:41 ModularCodeGen2_ModularCodeGenTypedCompositeActor_profile.class
-rw-rw-r-- 1 travis travis   693 Jul  8 01:41 ModularCodeGen2_ModularCodeGenTypedCompositeActor_profile.java
-rw-rw-r-- 1 travis travis  3741 Jul  8 01:41 ModularCodeGen3_A1_B1.class
-rw-rw-r-- 1 travis travis  9958 Jul  8 01:41 ModularCodeGen3_A1_B1.java
-rw-rw-r-- 1 travis travis   880 Jul  8 01:41 ModularCodeGen3_A1_B1.mk
-rw-rw-r-- 1 travis travis  1330 Jul  8 01:41 ModularCodeGen3_A1_B1_profile.class
-rw-rw-r-- 1 travis travis  1274 Jul  8 01:41 ModularCodeGen3_A1_B1_profile.java
-rw-rw-r-- 1 travis travis  3741 Jul  8 01:41 ModularCodeGen3_A1_B2.class
-rw-rw-r-- 1 travis travis  9958 Jul  8 01:41 ModularCodeGen3_A1_B2.java
-rw-rw-r-- 1 travis travis   880 Jul  8 01:41 ModularCodeGen3_A1_B2.mk
-rw-rw-r-- 1 travis travis  1330 Jul  8 01:41 ModularCodeGen3_A1_B2_profile.class
-rw-rw-r-- 1 travis travis  1274 Jul  8 01:41 ModularCodeGen3_A1_B2_profile.java
-rw-rw-r-- 1 travis travis  4961 Jul  8 01:41 ModularCodeGen3_A1.class
-rw-rw-r-- 1 travis travis 15564 Jul  8 01:41 ModularCodeGen3_A1.java
-rw-rw-r-- 1 travis travis   856 Jul  8 01:41 ModularCodeGen3_A1.mk
-rw-rw-r-- 1 travis travis  1445 Jul  8 01:41 ModularCodeGen3_A1_profile.class
-rw-rw-r-- 1 travis travis  1716 Jul  8 01:41 ModularCodeGen3_A1_profile.java
-rw-rw-r-- 1 travis travis  3887 Jul  8 01:41 ModularCodeGen3_A2_B1.class
-rw-rw-r-- 1 travis travis 10955 Jul  8 01:41 ModularCodeGen3_A2_B1.java
-rw-rw-r-- 1 travis travis   880 Jul  8 01:41 ModularCodeGen3_A2_B1.mk
-rw-rw-r-- 1 travis travis  1393 Jul  8 01:41 ModularCodeGen3_A2_B1_profile.class
-rw-rw-r-- 1 travis travis  1458 Jul  8 01:41 ModularCodeGen3_A2_B1_profile.java
-rw-rw-r-- 1 travis travis  3741 Jul  8 01:41 ModularCodeGen3_A2_B2.class
-rw-rw-r-- 1 travis travis  9958 Jul  8 01:41 ModularCodeGen3_A2_B2.java
-rw-rw-r-- 1 travis travis   880 Jul  8 01:41 ModularCodeGen3_A2_B2.mk
-rw-rw-r-- 1 travis travis  1330 Jul  8 01:41 ModularCodeGen3_A2_B2_profile.class
-rw-rw-r-- 1 travis travis  1274 Jul  8 01:41 ModularCodeGen3_A2_B2_profile.java
-rw-rw-r-- 1 travis travis  5038 Jul  8 01:41 ModularCodeGen3_A2.class
-rw-rw-r-- 1 travis travis 15957 Jul  8 01:41 ModularCodeGen3_A2.java
-rw-rw-r-- 1 travis travis   856 Jul  8 01:41 ModularCodeGen3_A2.mk
-rw-rw-r-- 1 travis travis  1445 Jul  8 01:41 ModularCodeGen3_A2_profile.class
-rw-rw-r-- 1 travis travis  1716 Jul  8 01:41 ModularCodeGen3_A2_profile.java
-rw-rw-r-- 1 travis travis  3794 Jul  8 01:41 ModularCodeGen4_A1_B1.class
-rw-rw-r-- 1 travis travis 10312 Jul  8 01:41 ModularCodeGen4_A1_B1.java
-rw-rw-r-- 1 travis travis   880 Jul  8 01:41 ModularCodeGen4_A1_B1.mk
-rw-rw-r-- 1 travis travis  1330 Jul  8 01:41 ModularCodeGen4_A1_B1_profile.class
-rw-rw-r-- 1 travis travis  1273 Jul  8 01:41 ModularCodeGen4_A1_B1_profile.java
-rw-rw-r-- 1 travis travis  3794 Jul  8 01:41 ModularCodeGen4_A1_B2.class
-rw-rw-r-- 1 travis travis 10312 Jul  8 01:41 ModularCodeGen4_A1_B2.java
-rw-rw-r-- 1 travis travis   880 Jul  8 01:41 ModularCodeGen4_A1_B2.mk
-rw-rw-r-- 1 travis travis  1330 Jul  8 01:41 ModularCodeGen4_A1_B2_profile.class
-rw-rw-r-- 1 travis travis  1273 Jul  8 01:41 ModularCodeGen4_A1_B2_profile.java
-rw-rw-r-- 1 travis travis  5101 Jul  8 01:41 ModularCodeGen4_A1.class
-rw-rw-r-- 1 travis travis 16245 Jul  8 01:41 ModularCodeGen4_A1.java
-rw-rw-r-- 1 travis travis   856 Jul  8 01:41 ModularCodeGen4_A1.mk
-rw-rw-r-- 1 travis travis  1445 Jul  8 01:41 ModularCodeGen4_A1_profile.class
-rw-rw-r-- 1 travis travis  1712 Jul  8 01:41 ModularCodeGen4_A1_profile.java
-rw-rw-r-- 1 travis travis  3988 Jul  8 01:41 ModularCodeGen4_A2_B1.class
-rw-rw-r-- 1 travis travis 11375 Jul  8 01:41 ModularCodeGen4_A2_B1.java
-rw-rw-r-- 1 travis travis   880 Jul  8 01:41 ModularCodeGen4_A2_B1.mk
-rw-rw-r-- 1 travis travis  1393 Jul  8 01:41 ModularCodeGen4_A2_B1_profile.class
-rw-rw-r-- 1 travis travis  1454 Jul  8 01:41 ModularCodeGen4_A2_B1_profile.java
-rw-rw-r-- 1 travis travis  3842 Jul  8 01:41 ModularCodeGen4_A2_B2.class
-rw-rw-r-- 1 travis travis 10378 Jul  8 01:41 ModularCodeGen4_A2_B2.java
-rw-rw-r-- 1 travis travis   880 Jul  8 01:41 ModularCodeGen4_A2_B2.mk
-rw-rw-r-- 1 travis travis  1330 Jul  8 01:41 ModularCodeGen4_A2_B2_profile.class
-rw-rw-r-- 1 travis travis  1270 Jul  8 01:41 ModularCodeGen4_A2_B2_profile.java
-rw-rw-r-- 1 travis travis  5274 Jul  8 01:41 ModularCodeGen4_A2.class
-rw-rw-r-- 1 travis travis 16770 Jul  8 01:41 ModularCodeGen4_A2.java
-rw-rw-r-- 1 travis travis   856 Jul  8 01:41 ModularCodeGen4_A2.mk
-rw-rw-r-- 1 travis travis  1445 Jul  8 01:41 ModularCodeGen4_A2_profile.class
-rw-rw-r-- 1 travis travis  1712 Jul  8 01:41 ModularCodeGen4_A2_profile.java
-rw-rw-r-- 1 travis travis  6838 Jul  8 01:41 ModularCodeGen5_A_A.class
-rw-rw-r-- 1 travis travis 28721 Jul  8 01:41 ModularCodeGen5_A_A.java
-rw-rw-r-- 1 travis travis   864 Jul  8 01:41 ModularCodeGen5_A_A.mk
-rw-rw-r-- 1 travis travis  1520 Jul  8 01:41 ModularCodeGen5_A_A_profile.class
-rw-rw-r-- 1 travis travis  1815 Jul  8 01:41 ModularCodeGen5_A_A_profile.java
-rw-rw-r-- 1 travis travis  5115 Jul  8 01:41 ModularCodeGen5_A.class
-rw-rw-r-- 1 travis travis 13769 Jul  8 01:41 ModularCodeGen5_A.java
-rw-rw-r-- 1 travis travis   848 Jul  8 01:41 ModularCodeGen5_A.mk
-rw-rw-r-- 1 travis travis  1422 Jul  8 01:41 ModularCodeGen5_A_profile.class
-rw-rw-r-- 1 travis travis  1605 Jul  8 01:41 ModularCodeGen5_A_profile.java
-rw-rw-r-- 1 travis travis  1361 Jul  8 01:41 ModularCodeGen6_A_A_profile.java
-rw-rw-r-- 1 travis travis  3954 Jul  8 01:41 ModularCodeGen_ModularCodeGenTypedCompositeActor.class
-rw-rw-r-- 1 travis travis 10970 Jul  8 01:41 ModularCodeGen_ModularCodeGenTypedCompositeActor.java
-rw-rw-r-- 1 travis travis  1096 Jul  8 01:41 ModularCodeGen_ModularCodeGenTypedCompositeActor.mk
-rw-rw-r-- 1 travis travis  1384 Jul  8 01:41 ModularCodeGen_ModularCodeGenTypedCompositeActor_profile.class
-rw-rw-r-- 1 travis travis  1328 Jul  8 01:41 ModularCodeGen_ModularCodeGenTypedCompositeActor_profile.java
-rw-rw-r-- 1 travis travis  3492 Jul  8 01:40 ModularCodeGenTest_A1_A2.class
-rw-rw-r-- 1 travis travis  9164 Jul  8 01:40 ModularCodeGenTest_A1_A2.java
-rw-rw-r-- 1 travis travis   904 Jul  8 01:40 ModularCodeGenTest_A1_A2.mk
-rw-rw-r-- 1 travis travis  1306 Jul  8 01:40 ModularCodeGenTest_A1_A2_profile.class
-rw-rw-r-- 1 travis travis  1228 Jul  8 01:40 ModularCodeGenTest_A1_A2_profile.java
-rw-rw-r-- 1 travis travis  3823 Jul  8 01:40 ModularCodeGenTest_A1.class
-rw-rw-r-- 1 travis travis  9968 Jul  8 01:40 ModularCodeGenTest_A1.java
-rw-rw-r-- 1 travis travis   880 Jul  8 01:40 ModularCodeGenTest_A1.mk
-rw-rw-r-- 1 travis travis  1352 Jul  8 01:40 ModularCodeGenTest_A1_profile.class
-rw-rw-r-- 1 travis travis  1394 Jul  8 01:40 ModularCodeGenTest_A1_profile.java
-rw-rw-r-- 1 travis travis   432 Jul  8 01:41 Token.class
-rw-rw-r-- 1 travis travis   251 Jul  8 01:41 Token.java
warning: Supported source version 'RELEASE_6' from annotation processor 'org.netbeans.modules.openide.util.NbBundleProcessor' less than -source '1.8'
warning: Supported source version 'RELEASE_6' from annotation processor 'org.netbeans.modules.openide.util.URLStreamHandlerRegistrationProcessor' less than -source '1.8'
warning: Supported source version 'RELEASE_6' from annotation processor 'org.netbeans.modules.openide.util.ServiceProviderProcessor' less than -source '1.8'
3 warnings
All Done
Writing ModularCodeGen6_A_A.java in file:/home/travis/cg/ (11221 characters)
Reading "ptolemy/cg/kernel/generic/program/procedural/java/modular/makefile.in",
    writing "/home/travis/cg/ModularCodeGen6_A_A.mk"
Using ptolemy/cg/kernel/generic/program/procedural/java/modular/makefile.in
In "/home/travis/cg", about to execute:
    make -f ModularCodeGen6_A_A.mk
javac -classpath ".:.."    ModularCodeGen6_A_A.java
All Done
In "/home/travis/cg", about to execute:
    pwd
/home/travis/cg
In "/home/travis/cg", about to execute:
    ls -l
total 1036
-rw-rw-r-- 1 travis travis  4895 Jul  8 01:40 CompiledCompositeActor_CompiledCompositeActor.class
-rw-rw-r-- 1 travis travis  1592 Jul  8 01:40 CompiledCompositeActor_CompiledCompositeActor$_CompiledCompositeActor_CompiledCompositeActor.class
-rw-rw-r-- 1 travis travis 13466 Jul  8 01:40 CompiledCompositeActor_CompiledCompositeActor.java
-rw-rw-r-- 1 travis travis  1593 Jul  8 01:40 CompiledCompositeActor_CompiledCompositeActor.mk
-rw-rw-r-- 1 travis travis  4457 Jul  8 01:40 JavaCompiledCompositeTest1_CompiledCompositeActor.class
-rw-rw-r-- 1 travis travis 11637 Jul  8 01:40 JavaCompiledCompositeTest1_CompiledCompositeActor.java
-rw-rw-r-- 1 travis travis  1198 Jul  8 01:40 JavaCompiledCompositeTest1_CompiledCompositeActor$_JavaCompiledCompositeTest1_CompiledCompositeActor.class
-rw-rw-r-- 1 travis travis  1625 Jul  8 01:40 JavaCompiledCompositeTest1_CompiledCompositeActor.mk
-rw-rw-r-- 1 travis travis  4888 Jul  8 01:40 JavaCompiledCompositeTest2_CompiledCompositeActor.class
-rw-rw-r-- 1 travis travis 14919 Jul  8 01:40 JavaCompiledCompositeTest2_CompiledCompositeActor.java
-rw-rw-r-- 1 travis travis  1793 Jul  8 01:40 JavaCompiledCompositeTest2_CompiledCompositeActor$_JavaCompiledCompositeTest2_CompiledCompositeActor.class
-rw-rw-r-- 1 travis travis  1625 Jul  8 01:40 JavaCompiledCompositeTest2_CompiledCompositeActor.mk
-rw-rw-r-- 1 travis travis  4505 Jul  8 01:40 JavaCompiledCompositeTest3_CompiledCompositeActor.class
-rw-rw-r-- 1 travis travis 13080 Jul  8 01:40 JavaCompiledCompositeTest3_CompiledCompositeActor.java
-rw-rw-r-- 1 travis travis  1378 Jul  8 01:40 JavaCompiledCompositeTest3_CompiledCompositeActor$_JavaCompiledCompositeTest3_CompiledCompositeActor.class
-rw-rw-r-- 1 travis travis  1625 Jul  8 01:40 JavaCompiledCompositeTest3_CompiledCompositeActor.mk
-rw-rw-r-- 1 travis travis  3953 Jul  8 01:40 JavaCompiledCompositeTest4_CompiledCompositeActor.class
-rw-rw-r-- 1 travis travis  9687 Jul  8 01:40 JavaCompiledCompositeTest4_CompiledCompositeActor.java
-rw-rw-r-- 1 travis travis   857 Jul  8 01:40 JavaCompiledCompositeTest4_CompiledCompositeActor$_JavaCompiledCompositeTest4_CompiledCompositeActor.class
-rw-rw-r-- 1 travis travis  1625 Jul  8 01:40 JavaCompiledCompositeTest4_CompiledCompositeActor.mk
-rw-rw-r-- 1 travis travis  3693 Jul  8 01:40 ModularCG_A1_B1.class
-rw-rw-r-- 1 travis travis  9730 Jul  8 01:40 ModularCG_A1_B1.java
-rw-rw-r-- 1 travis travis   832 Jul  8 01:40 ModularCG_A1_B1.mk
-rw-rw-r-- 1 travis travis  1318 Jul  8 01:40 ModularCG_A1_B1_profile.class
-rw-rw-r-- 1 travis travis  1262 Jul  8 01:40 ModularCG_A1_B1_profile.java
-rw-rw-r-- 1 travis travis  3693 Jul  8 01:40 ModularCG_A1_B2.class
-rw-rw-r-- 1 travis travis  9730 Jul  8 01:40 ModularCG_A1_B2.java
-rw-rw-r-- 1 travis travis   832 Jul  8 01:40 ModularCG_A1_B2.mk
-rw-rw-r-- 1 travis travis  1318 Jul  8 01:40 ModularCG_A1_B2_profile.class
-rw-rw-r-- 1 travis travis  1262 Jul  8 01:40 ModularCG_A1_B2_profile.java
-rw-rw-r-- 1 travis travis  4799 Jul  8 01:41 ModularCG_A1.class
-rw-rw-r-- 1 travis travis 14742 Jul  8 01:41 ModularCG_A1.java
-rw-rw-r-- 1 travis travis   808 Jul  8 01:41 ModularCG_A1.mk
-rw-rw-r-- 1 travis travis  1433 Jul  8 01:41 ModularCG_A1_profile.class
-rw-rw-r-- 1 travis travis  1704 Jul  8 01:40 ModularCG_A1_profile.java
-rw-rw-r-- 1 travis travis  3827 Jul  8 01:41 ModularCG_A2_B1.class
-rw-rw-r-- 1 travis travis 10667 Jul  8 01:41 ModularCG_A2_B1.java
-rw-rw-r-- 1 travis travis   832 Jul  8 01:41 ModularCG_A2_B1.mk
-rw-rw-r-- 1 travis travis  1381 Jul  8 01:41 ModularCG_A2_B1_profile.class
-rw-rw-r-- 1 travis travis  1446 Jul  8 01:41 ModularCG_A2_B1_profile.java
-rw-rw-r-- 1 travis travis  3693 Jul  8 01:41 ModularCG_A2_B2.class
-rw-rw-r-- 1 travis travis  9730 Jul  8 01:41 ModularCG_A2_B2.java
-rw-rw-r-- 1 travis travis   832 Jul  8 01:41 ModularCG_A2_B2.mk
-rw-rw-r-- 1 travis travis  1318 Jul  8 01:41 ModularCG_A2_B2_profile.class
-rw-rw-r-- 1 travis travis  1262 Jul  8 01:41 ModularCG_A2_B2_profile.java
-rw-rw-r-- 1 travis travis  4870 Jul  8 01:41 ModularCG_A2.class
-rw-rw-r-- 1 travis travis 15129 Jul  8 01:41 ModularCG_A2.java
-rw-rw-r-- 1 travis travis   808 Jul  8 01:41 ModularCG_A2.mk
-rw-rw-r-- 1 travis travis  1433 Jul  8 01:41 ModularCG_A2_profile.class
-rw-rw-r-- 1 travis travis  1704 Jul  8 01:41 ModularCG_A2_profile.java
-rw-rw-r-- 1 travis travis  3473 Jul  8 01:41 ModularCGPubSub_A1_A2.class
-rw-rw-r-- 1 travis travis  9076 Jul  8 01:41 ModularCGPubSub_A1_A2.java
-rw-rw-r-- 1 travis travis   880 Jul  8 01:41 ModularCGPubSub_A1_A2.mk
-rw-rw-r-- 1 travis travis  1300 Jul  8 01:41 ModularCGPubSub_A1_A2_profile.class
-rw-rw-r-- 1 travis travis  1222 Jul  8 01:41 ModularCGPubSub_A1_A2_profile.java
-rw-rw-r-- 1 travis travis  3790 Jul  8 01:41 ModularCGPubSub_A1.class
-rw-rw-r-- 1 travis travis  9836 Jul  8 01:41 ModularCGPubSub_A1.java
-rw-rw-r-- 1 travis travis   856 Jul  8 01:41 ModularCGPubSub_A1.mk
-rw-rw-r-- 1 travis travis  1346 Jul  8 01:41 ModularCGPubSub_A1_profile.class
-rw-rw-r-- 1 travis travis  1388 Jul  8 01:41 ModularCGPubSub_A1_profile.java
-rw-rw-r-- 1 travis travis  3988 Jul  8 01:41 ModularCodeGen2_ModularCodeGenTypedCompositeActor.class
-rw-rw-r-- 1 travis travis 11690 Jul  8 01:41 ModularCodeGen2_ModularCodeGenTypedCompositeActor.java
-rw-rw-r-- 1 travis travis  1104 Jul  8 01:41 ModularCodeGen2_ModularCodeGenTypedCompositeActor.mk
-rw-rw-r-- 1 travis travis  4272 Jul  8 01:41 ModularCodeGen2_ModularCodeGenTypedCompositeActor_ModularCodeGenTypedCompositeActor.class
-rw-rw-r-- 1 travis travis 11790 Jul  8 01:41 ModularCodeGen2_ModularCodeGenTypedCompositeActor_ModularCodeGenTypedCompositeActor.java
-rw-rw-r-- 1 travis travis  1376 Jul  8 01:41 ModularCodeGen2_ModularCodeGenTypedCompositeActor_ModularCodeGenTypedCompositeActor.mk
-rw-rw-r-- 1 travis travis  1421 Jul  8 01:41 ModularCodeGen2_ModularCodeGenTypedCompositeActor_ModularCodeGenTypedCompositeActor_profile.class
-rw-rw-r-- 1 travis travis  1294 Jul  8 01:41 ModularCodeGen2_ModularCodeGenTypedCompositeActor_ModularCodeGenTypedCompositeActor_profile.java
-rw-rw-r-- 1 travis travis   820 Jul  8 01:41 ModularCodeGen2_ModularCodeGenTypedCompositeActor_profile.class
-rw-rw-r-- 1 travis travis   693 Jul  8 01:41 ModularCodeGen2_ModularCodeGenTypedCompositeActor_profile.java
-rw-rw-r-- 1 travis travis  3741 Jul  8 01:41 ModularCodeGen3_A1_B1.class
-rw-rw-r-- 1 travis travis  9958 Jul  8 01:41 ModularCodeGen3_A1_B1.java
-rw-rw-r-- 1 travis travis   880 Jul  8 01:41 ModularCodeGen3_A1_B1.mk
-rw-rw-r-- 1 travis travis  1330 Jul  8 01:41 ModularCodeGen3_A1_B1_profile.class
-rw-rw-r-- 1 travis travis  1274 Jul  8 01:41 ModularCodeGen3_A1_B1_profile.java
-rw-rw-r-- 1 travis travis  3741 Jul  8 01:41 ModularCodeGen3_A1_B2.class
-rw-rw-r-- 1 travis travis  9958 Jul  8 01:41 ModularCodeGen3_A1_B2.java
-rw-rw-r-- 1 travis travis   880 Jul  8 01:41 ModularCodeGen3_A1_B2.mk
-rw-rw-r-- 1 travis travis  1330 Jul  8 01:41 ModularCodeGen3_A1_B2_profile.class
-rw-rw-r-- 1 travis travis  1274 Jul  8 01:41 ModularCodeGen3_A1_B2_profile.java
-rw-rw-r-- 1 travis travis  4961 Jul  8 01:41 ModularCodeGen3_A1.class
-rw-rw-r-- 1 travis travis 15564 Jul  8 01:41 ModularCodeGen3_A1.java
-rw-rw-r-- 1 travis travis   856 Jul  8 01:41 ModularCodeGen3_A1.mk
-rw-rw-r-- 1 travis travis  1445 Jul  8 01:41 ModularCodeGen3_A1_profile.class
-rw-rw-r-- 1 travis travis  1716 Jul  8 01:41 ModularCodeGen3_A1_profile.java
-rw-rw-r-- 1 travis travis  3887 Jul  8 01:41 ModularCodeGen3_A2_B1.class
-rw-rw-r-- 1 travis travis 10955 Jul  8 01:41 ModularCodeGen3_A2_B1.java
-rw-rw-r-- 1 travis travis   880 Jul  8 01:41 ModularCodeGen3_A2_B1.mk
-rw-rw-r-- 1 travis travis  1393 Jul  8 01:41 ModularCodeGen3_A2_B1_profile.class
-rw-rw-r-- 1 travis travis  1458 Jul  8 01:41 ModularCodeGen3_A2_B1_profile.java
-rw-rw-r-- 1 travis travis  3741 Jul  8 01:41 ModularCodeGen3_A2_B2.class
-rw-rw-r-- 1 travis travis  9958 Jul  8 01:41 ModularCodeGen3_A2_B2.java
-rw-rw-r-- 1 travis travis   880 Jul  8 01:41 ModularCodeGen3_A2_B2.mk
-rw-rw-r-- 1 travis travis  1330 Jul  8 01:41 ModularCodeGen3_A2_B2_profile.class
-rw-rw-r-- 1 travis travis  1274 Jul  8 01:41 ModularCodeGen3_A2_B2_profile.java
-rw-rw-r-- 1 travis travis  5038 Jul  8 01:41 ModularCodeGen3_A2.class
-rw-rw-r-- 1 travis travis 15957 Jul  8 01:41 ModularCodeGen3_A2.java
-rw-rw-r-- 1 travis travis   856 Jul  8 01:41 ModularCodeGen3_A2.mk
-rw-rw-r-- 1 travis travis  1445 Jul  8 01:41 ModularCodeGen3_A2_profile.class
-rw-rw-r-- 1 travis travis  1716 Jul  8 01:41 ModularCodeGen3_A2_profile.java
-rw-rw-r-- 1 travis travis  3794 Jul  8 01:41 ModularCodeGen4_A1_B1.class
-rw-rw-r-- 1 travis travis 10312 Jul  8 01:41 ModularCodeGen4_A1_B1.java
-rw-rw-r-- 1 travis travis   880 Jul  8 01:41 ModularCodeGen4_A1_B1.mk
-rw-rw-r-- 1 travis travis  1330 Jul  8 01:41 ModularCodeGen4_A1_B1_profile.class
-rw-rw-r-- 1 travis travis  1273 Jul  8 01:41 ModularCodeGen4_A1_B1_profile.java
-rw-rw-r-- 1 travis travis  3794 Jul  8 01:41 ModularCodeGen4_A1_B2.class
-rw-rw-r-- 1 travis travis 10312 Jul  8 01:41 ModularCodeGen4_A1_B2.java
-rw-rw-r-- 1 travis travis   880 Jul  8 01:41 ModularCodeGen4_A1_B2.mk
-rw-rw-r-- 1 travis travis  1330 Jul  8 01:41 ModularCodeGen4_A1_B2_profile.class
-rw-rw-r-- 1 travis travis  1273 Jul  8 01:41 ModularCodeGen4_A1_B2_profile.java
-rw-rw-r-- 1 travis travis  5101 Jul  8 01:41 ModularCodeGen4_A1.class
-rw-rw-r-- 1 travis travis 16245 Jul  8 01:41 ModularCodeGen4_A1.java
-rw-rw-r-- 1 travis travis   856 Jul  8 01:41 ModularCodeGen4_A1.mk
-rw-rw-r-- 1 travis travis  1445 Jul  8 01:41 ModularCodeGen4_A1_profile.class
-rw-rw-r-- 1 travis travis  1712 Jul  8 01:41 ModularCodeGen4_A1_profile.java
-rw-rw-r-- 1 travis travis  3988 Jul  8 01:41 ModularCodeGen4_A2_B1.class
-rw-rw-r-- 1 travis travis 11375 Jul  8 01:41 ModularCodeGen4_A2_B1.java
-rw-rw-r-- 1 travis travis   880 Jul  8 01:41 ModularCodeGen4_A2_B1.mk
-rw-rw-r-- 1 travis travis  1393 Jul  8 01:41 ModularCodeGen4_A2_B1_profile.class
-rw-rw-r-- 1 travis travis  1454 Jul  8 01:41 ModularCodeGen4_A2_B1_profile.java
-rw-rw-r-- 1 travis travis  3842 Jul  8 01:41 ModularCodeGen4_A2_B2.class
-rw-rw-r-- 1 travis travis 10378 Jul  8 01:41 ModularCodeGen4_A2_B2.java
-rw-rw-r-- 1 travis travis   880 Jul  8 01:41 ModularCodeGen4_A2_B2.mk
-rw-rw-r-- 1 travis travis  1330 Jul  8 01:41 ModularCodeGen4_A2_B2_profile.class
-rw-rw-r-- 1 travis travis  1270 Jul  8 01:41 ModularCodeGen4_A2_B2_profile.java
-rw-rw-r-- 1 travis travis  5274 Jul  8 01:41 ModularCodeGen4_A2.class
-rw-rw-r-- 1 travis travis 16770 Jul  8 01:41 ModularCodeGen4_A2.java
-rw-rw-r-- 1 travis travis   856 Jul  8 01:41 ModularCodeGen4_A2.mk
-rw-rw-r-- 1 travis travis  1445 Jul  8 01:41 ModularCodeGen4_A2_profile.class
-rw-rw-r-- 1 travis travis  1712 Jul  8 01:41 ModularCodeGen4_A2_profile.java
-rw-rw-r-- 1 travis travis  6838 Jul  8 01:41 ModularCodeGen5_A_A.class
-rw-rw-r-- 1 travis travis 28721 Jul  8 01:41 ModularCodeGen5_A_A.java
-rw-rw-r-- 1 travis travis   864 Jul  8 01:41 ModularCodeGen5_A_A.mk
-rw-rw-r-- 1 travis travis  1520 Jul  8 01:41 ModularCodeGen5_A_A_profile.class
-rw-rw-r-- 1 travis travis  1815 Jul  8 01:41 ModularCodeGen5_A_A_profile.java
-rw-rw-r-- 1 travis travis  5115 Jul  8 01:41 ModularCodeGen5_A.class
-rw-rw-r-- 1 travis travis 13769 Jul  8 01:41 ModularCodeGen5_A.java
-rw-rw-r-- 1 travis travis   848 Jul  8 01:41 ModularCodeGen5_A.mk
-rw-rw-r-- 1 travis travis  1422 Jul  8 01:41 ModularCodeGen5_A_profile.class
-rw-rw-r-- 1 travis travis  1605 Jul  8 01:41 ModularCodeGen5_A_profile.java
-rw-rw-r-- 1 travis travis  1364 Jul  8 01:41 ModularCodeGen6_A_A2_profile.java
-rw-rw-r-- 1 travis travis  4108 Jul  8 01:41 ModularCodeGen6_A_A.class
-rw-rw-r-- 1 travis travis 11221 Jul  8 01:41 ModularCodeGen6_A_A.java
-rw-rw-r-- 1 travis travis   864 Jul  8 01:41 ModularCodeGen6_A_A.mk
-rw-rw-r-- 1 travis travis  1348 Jul  8 01:41 ModularCodeGen6_A_A_profile.class
-rw-rw-r-- 1 travis travis  1361 Jul  8 01:41 ModularCodeGen6_A_A_profile.java
-rw-rw-r-- 1 travis travis  3954 Jul  8 01:41 ModularCodeGen_ModularCodeGenTypedCompositeActor.class
-rw-rw-r-- 1 travis travis 10970 Jul  8 01:41 ModularCodeGen_ModularCodeGenTypedCompositeActor.java
-rw-rw-r-- 1 travis travis  1096 Jul  8 01:41 ModularCodeGen_ModularCodeGenTypedCompositeActor.mk
-rw-rw-r-- 1 travis travis  1384 Jul  8 01:41 ModularCodeGen_ModularCodeGenTypedCompositeActor_profile.class
-rw-rw-r-- 1 travis travis  1328 Jul  8 01:41 ModularCodeGen_ModularCodeGenTypedCompositeActor_profile.java
-rw-rw-r-- 1 travis travis  3492 Jul  8 01:40 ModularCodeGenTest_A1_A2.class
-rw-rw-r-- 1 travis travis  9164 Jul  8 01:40 ModularCodeGenTest_A1_A2.java
-rw-rw-r-- 1 travis travis   904 Jul  8 01:40 ModularCodeGenTest_A1_A2.mk
-rw-rw-r-- 1 travis travis  1306 Jul  8 01:40 ModularCodeGenTest_A1_A2_profile.class
-rw-rw-r-- 1 travis travis  1228 Jul  8 01:40 ModularCodeGenTest_A1_A2_profile.java
-rw-rw-r-- 1 travis travis  3823 Jul  8 01:40 ModularCodeGenTest_A1.class
-rw-rw-r-- 1 travis travis  9968 Jul  8 01:40 ModularCodeGenTest_A1.java
-rw-rw-r-- 1 travis travis   880 Jul  8 01:40 ModularCodeGenTest_A1.mk
-rw-rw-r-- 1 travis travis  1352 Jul  8 01:40 ModularCodeGenTest_A1_profile.class
-rw-rw-r-- 1 travis travis  1394 Jul  8 01:40 ModularCodeGenTest_A1_profile.java
-rw-rw-r-- 1 travis travis   432 Jul  8 01:41 Token.class
-rw-rw-r-- 1 travis travis   251 Jul  8 01:41 Token.java
In "/home/travis/cg", about to execute:
    javac -classpath
.:/home/travis/build/icyphy/ptII:/home/travis/build/icyphy/ptII/lib/bsh-2.0b4.j
ar:/home/travis/build/icyphy/ptII/lib/ptCal.jar:/home/travis/build/icyphy/ptII/
lib/java_cup.jar:/home/travis/build/icyphy/ptII/lib/saxon8.jar:/home/travis/bui
ld/icyphy/ptII/lib/saxon8-dom.jar:/home/travis/build/icyphy/ptII/lib/chic.jar:/
home/travis/build/icyphy/ptII/lib/ptcolt.jar:/usr/lib/jvm/java-8-oracle/lib/too
ls.jar:/usr/lib/eclipse/plugins/org.eclipse.jdt.core_3.8.2.dist.jar:/usr/lib/ec
lipse/plugins/org.eclipse.core.runtime_3.8.0.dist.jar:/usr/lib/eclipse/plugins/
org.eclipse.osgi_3.8.1.dist.jar:/usr/lib/eclipse/plugins/org.eclipse.core.resou
rces_3.8.1.dist.jar:/usr/lib/eclipse/plugins/org.eclipse.equinox.common_3.6.100
.dist.jar:/usr/lib/eclipse/plugins/org.eclipse.core.jobs_3.5.200.dist.jar:/usr/
lib/eclipse/plugins/org.eclipse.core.contenttype_3.4.200.dist.jar:/usr/lib/ecli
pse/plugins/org.eclipse.equinox.preferences_3.5.0.dist.jar:/usr/lib/eclipse/plu
gins/org.eclipse.text_3.5.200.dist.jar:/usr/lib/eclipse/plugins/org.eclipse.ui.
workbench_3.8.1.dist.jar:/usr/lib/eclipse/plugins/org.eclipse.jface_3.8.0.dist.
jar:/usr/lib/eclipse/plugins/org.eclipse.swt_3.8.2.jar:/usr/lib/eclipse/plugins
/org.eclipse.jface.text_3.8.1.dist.jar:/usr/lib/eclipse/plugins/org.eclipse.ui.
workbench.texteditor_3.8.0.dist.jar:/usr/lib/eclipse/plugins/org.eclipse.ui.edi
tors_3.8.0.dist.jar:/usr/lib/eclipse/plugins/org.eclipse.core.commands_3.6.1.di
st.jar:/usr/lib/eclipse/plugins/org.eclipse.equinox.registry_3.5.200.dist.jar:/
usr/lib/eclipse/plugins/org.eclipse.ui.console_3.5.100.dist.jar:/usr/lib/eclips
e/plugins/org.eclipse.ui.forms_3.5.200.dist.jar:/usr/lib/eclipse/plugins/org.ec
lipse.ui.ide_3.8.1.dist.jar:/home/travis/build/icyphy/ptII/vendors/oracle/dbxml
.jar:/home/travis/build/icyphy/ptII/vendors/oracle/db.jar:/home/travis/build/ic
yphy/ptII/vendors/misc/itext/iText.jar:/home/travis/build/icyphy/ptII/lib/g4ltl
.jar:/home/travis/build/icyphy/ptII/lib/StructuralCoder.jar:/home/travis/build/
icyphy/ptII/lib/org-openide-util.jar:/home/travis/build/icyphy/ptII/lib/org-ope
nide-util-lookup.jar:/home/travis/build/icyphy/ptII/lib/org-netbeans-api-visual
.jar:/home/travis/build/icyphy/ptII/vendors/jai-1_1_2_01/lib/jai_core.jar:/home
/travis/build/icyphy/ptII/vendors/jai-1_1_2_01/lib/jai_codec.jar:/home/travis/b
uild/icyphy/ptII/lib/jcerti.jar:/home/travis/build/icyphy/ptII/lib/smack.jar:/h
ome/travis/build/icyphy/ptII/lib/smackx.jar:/home/travis/build/icyphy/ptII/lib/
jetty-all-8.1.5-v20120716.jar:/home/travis/build/icyphy/ptII/lib/javax.servlet-
api-3.0.1.jar:/home/travis/build/icyphy/ptII/lib/javax.mail.jar:/home/travis/bu
ild/icyphy/ptII/vendors/JMF-2.1.1e/lib/jmf.jar:/home/travis/build/icyphy/ptII/l
ib/jna-4.0.0-variadic.jar:/home/travis/build/icyphy/ptII/vendors/misc/joystick/
Joystick.jar:/home/travis/build/icyphy/ptII/lib/ptjacl.jar:/home/travis/build/i
cyphy/ptII/lib/jsoup-1.8.2.jar:/home/travis/build/icyphy/ptII/lib/junit-4.8.2.j
ar:/home/travis/build/icyphy/ptII/lib/JUnitParams-0.4.0.jar:/home/travis/build/
icyphy/ptII/ptolemy/actor/lib/excel/jxl.jar:/home/travis/build/icyphy/ptII/lib/
jython.jar:/home/travis/build/icyphy/ptII/lib/kieler.jar:/home/travis/build/icy
phy/ptII/vendors/opencv/share/OpenCV/java/opencv-341.jar:/home/travis/build/icy
phy/ptII/lib/oscP5.jar:/home/travis/build/icyphy/ptII/lib/nrjavaserial-3.11.0.d
evel.jar:/home/travis/build/icyphy/ptII/vendors/j3d/lib/j3dcore.jar:/home/travi
s/build/icyphy/ptII/vendors/j3d/lib/j3dutils.jar:/home/travis/build/icyphy/ptII
/vendors/j3d/lib/vecmath.jar:/home/travis/build/icyphy/ptII/ptolemy/distributed
/jini/jar/jini-core.jar:/home/travis/build/icyphy/ptII/ptolemy/distributed/jini
/jar/jini-ext.jar:/home/travis/build/icyphy/ptII/ptolemy/distributed/jini/jar/s
un-util.jar:/home/travis/build/icyphy/ptII/lib/protobuf-java-2.4.1.jar:/home/tr
avis/build/icyphy/ptII/lib/org.eclipse.paho.client.mqttv3.jar:/home/travis/buil
d/icyphy/ptII/ptserver/lib/hessian-4.0.7.jar:/home/travis/build/icyphy/ptII/pts
erver/lib/wmqtt.jar:/home/travis/build/icyphy/ptII/lib/mapss.jar:/home/travis/b
uild/icyphy/ptII/ptolemy/actor/ptalon/antlr/antlr.jar:/home/travis/build/icyphy
/ptII/lib/JRI.jar:/home/travis/build/icyphy/ptII/lib/commons-lang-2.6.jar:/home
/travis/build/icyphy/ptII/lib/commons-logging-1.1.1.jar:/home/travis/build/icyp
hy/ptII/lib/sootclasses.jar:/home/travis/build/icyphy/ptII/ptolemy/actor/lib/da
tabase/mysql-connector-java-5.1.6-bin.jar:/home/travis/build/icyphy/ptII/vendor
s/misc/sphinx4/sphinx4-data-5prealpha.jar:/home/travis/build/icyphy/ptII/vendor
s/misc/sphinx4/sphinx4-core-5prealpha.jar:/home/travis/build/icyphy/ptII/lib/PD
FRenderer.jar:/home/travis/build/icyphy/ptII/lib/svgSalamander.jar:/home/travis
/build/icyphy/ptII/lib/rsyntaxtextarea-2.6.0-SNAPSHOT.jar:/home/travis/build/ic
yphy/ptII/lib/hazelcast-3.8.2.jar:/home/travis/build/icyphy/ptII/lib/jackson-an
notations-2.9.0.jar:/home/travis/build/icyphy/ptII/lib/jackson-core-2.9.3.jar:/
home/travis/build/icyphy/ptII/lib/jackson-databind-2.9.3.jar:/home/travis/build
/icyphy/ptII/lib/netty-buffer-4.1.19.Final.jar:/home/travis/build/icyphy/ptII/l
ib/netty-codec-4.1.19.Final.jar:/home/travis/build/icyphy/ptII/lib/netty-codec-
dns-4.1.19.Final.jar:/home/travis/build/icyphy/ptII/lib/netty-codec-http-4.1.19
.Final.jar:/home/travis/build/icyphy/ptII/lib/netty-codec-http2-4.1.19.Final.ja
r:/home/travis/build/icyphy/ptII/lib/netty-common-4.1.19.Final.jar:/home/travis
/build/icyphy/ptII/lib/netty-handler-4.1.19.Final.jar:/home/travis/build/icyphy
/ptII/lib/netty-resolver-4.1.19.Final.jar:/home/travis/build/icyphy/ptII/lib/ne
tty-resolver-dns-4.1.19.Final.jar:/home/travis/build/icyphy/ptII/lib/netty-tran
sport-4.1.19.Final.jar:/home/travis/build/icyphy/ptII/lib/vertx-codegen-3.5.1.j
ar:/home/travis/build/icyphy/ptII/lib/vertx-core-3.5.2-SNAPSHOT.jar:/home/travi
s/build/icyphy/ptII/lib/vertx-hazelcast-3.5.1.jar:/home/travis/build/icyphy/ptI
I/lib/vertx-lang-js-3.5.1.jar:/home/travis/build/icyphy/ptII/lib/vertx-service-
proxy-3.5.1.jar:/home/travis/build/icyphy/ptII/lib/vertx-web-3.5.1.jar:/home/tr
avis/build/icyphy/ptII/lib/slf4j-api-1.7.13.jar:/home/travis/build/icyphy/ptII/
lib/slf4j-simple-1.7.13.jar:/home/travis/build/icyphy/ptII/lib/webcam-capture-0
.3.12.jar:/home/travis/build/icyphy/ptII/lib/bridj-0.7.0.jar:/home/travis/build
/icyphy/ptII/lib/xbjlib-1.1.0.nrjavaserial.jar:/home/travis/build/icyphy/ptII/p
tolemy/moml/test:/home/travis/build/icyphy/ptII/ant/lib/ant-launcher.jar:/home/
travis/build/icyphy/ptII/ant/lib/ant.jar:/home/travis/build/icyphy/ptII/ant/lib
/ant-junit.jar:/home/travis/build/icyphy/ptII/ant/lib/ant-junit4.jar:/home/trav
is/build/icyphy/ptII ModularCodeGen6_A_A2_profile.java
warning: Supported source version 'RELEASE_6' from annotation processor 'org.netbeans.modules.openide.util.NbBundleProcessor' less than -source '1.8'
warning: Supported source version 'RELEASE_6' from annotation processor 'org.netbeans.modules.openide.util.URLStreamHandlerRegistrationProcessor' less than -source '1.8'
warning: Supported source version 'RELEASE_6' from annotation processor 'org.netbeans.modules.openide.util.ServiceProviderProcessor' less than -source '1.8'
3 warnings
All Done
Writing ModularCodeGen6_A_A2.java in file:/home/travis/cg/ (11329 characters)
Reading "ptolemy/cg/kernel/generic/program/procedural/java/modular/makefile.in",
    writing "/home/travis/cg/ModularCodeGen6_A_A2.mk"
Using ptolemy/cg/kernel/generic/program/procedural/java/modular/makefile.in
In "/home/travis/cg", about to execute:
    make -f ModularCodeGen6_A_A2.mk
javac -classpath ".:.."    ModularCodeGen6_A_A2.java
All Done
In "/home/travis/cg", about to execute:
    pwd
In "/home/travis/cg", about to execute:
    ls -l
/home/travis/cg
In "/home/travis/cg", about to execute:
    javac -classpath
.:/home/travis/build/icyphy/ptII:/home/travis/build/icyphy/ptII/lib/bsh-2.0b4.j
ar:/home/travis/build/icyphy/ptII/lib/ptCal.jar:/home/travis/build/icyphy/ptII/
lib/java_cup.jar:/home/travis/build/icyphy/ptII/lib/saxon8.jar:/home/travis/bui
ld/icyphy/ptII/lib/saxon8-dom.jar:/home/travis/build/icyphy/ptII/lib/chic.jar:/
home/travis/build/icyphy/ptII/lib/ptcolt.jar:/usr/lib/jvm/java-8-oracle/lib/too
ls.jar:/usr/lib/eclipse/plugins/org.eclipse.jdt.core_3.8.2.dist.jar:/usr/lib/ec
lipse/plugins/org.eclipse.core.runtime_3.8.0.dist.jar:/usr/lib/eclipse/plugins/
org.eclipse.osgi_3.8.1.dist.jar:/usr/lib/eclipse/plugins/org.eclipse.core.resou
rces_3.8.1.dist.jar:/usr/lib/eclipse/plugins/org.eclipse.equinox.common_3.6.100
.dist.jar:/usr/lib/eclipse/plugins/org.eclipse.core.jobs_3.5.200.dist.jar:/usr/
lib/eclipse/plugins/org.eclipse.core.contenttype_3.4.200.dist.jar:/usr/lib/ecli
pse/plugins/org.eclipse.equinox.preferences_3.5.0.dist.jar:/usr/lib/eclipse/plu
gins/org.eclipse.text_3.5.200.dist.jar:/usr/lib/eclipse/plugins/org.eclipse.ui.
workbench_3.8.1.dist.jar:/usr/lib/eclipse/plugins/org.eclipse.jface_3.8.0.dist.
jar:/usr/lib/eclipse/plugins/org.eclipse.swt_3.8.2.jar:/usr/lib/eclipse/plugins
/org.eclipse.jface.text_3.8.1.dist.jar:/usr/lib/eclipse/plugins/org.eclipse.ui.
workbench.texteditor_3.8.0.dist.jar:/usr/lib/eclipse/plugins/org.eclipse.ui.edi
tors_3.8.0.dist.jar:/usr/lib/eclipse/plugins/org.eclipse.core.commands_3.6.1.di
st.jar:/usr/lib/eclipse/plugins/org.eclipse.equinox.registry_3.5.200.dist.jar:/
usr/lib/eclipse/plugins/org.eclipse.ui.console_3.5.100.dist.jar:/usr/lib/eclips
e/plugins/org.eclipse.ui.forms_3.5.200.dist.jar:/usr/lib/eclipse/plugins/org.ec
lipse.ui.ide_3.8.1.dist.jar:/home/travis/build/icyphy/ptII/vendors/oracle/dbxml
.jar:/home/travis/build/icyphy/ptII/vendors/oracle/db.jar:/home/travis/build/ic
yphy/ptII/vendors/misc/itext/iText.jar:/home/travis/build/icyphy/ptII/lib/g4ltl
.jar:/home/travis/build/icyphy/ptII/lib/StructuralCoder.jar:/home/travis/build/
icyphy/ptII/lib/org-openide-util.jar:/home/travis/build/icyphy/ptII/lib/org-ope
nide-util-lookup.jar:/home/travis/build/icyphy/ptII/lib/org-netbeans-api-visual
.jar:/home/travis/build/icyphy/ptII/vendors/jai-1_1_2_01/lib/jai_core.jar:/home
/travis/build/icyphy/ptII/vendors/jai-1_1_2_01/lib/jai_codec.jar:/home/travis/b
uild/icyphy/ptII/lib/jcerti.jar:/home/travis/build/icyphy/ptII/lib/smack.jar:/h
ome/travis/build/icyphy/ptII/lib/smackx.jar:/home/travis/build/icyphy/ptII/lib/
jetty-all-8.1.5-v20120716.jar:/home/travis/build/icyphy/ptII/lib/javax.servlet-
api-3.0.1.jar:/home/travis/build/icyphy/ptII/lib/javax.mail.jar:/home/travis/bu
ild/icyphy/ptII/vendors/JMF-2.1.1e/lib/jmf.jar:/home/travis/build/icyphy/ptII/l
ib/jna-4.0.0-variadic.jar:/home/travis/build/icyphy/ptII/vendors/misc/joystick/
Joystick.jar:/home/travis/build/icyphy/ptII/lib/ptjacl.jar:/home/travis/build/i
cyphy/ptII/lib/jsoup-1.8.2.jar:/home/travis/build/icyphy/ptII/lib/junit-4.8.2.j
ar:/home/travis/build/icyphy/ptII/lib/JUnitParams-0.4.0.jar:/home/travis/build/
icyphy/ptII/ptolemy/actor/lib/excel/jxl.jar:/home/travis/build/icyphy/ptII/lib/
jython.jar:/home/travis/build/icyphy/ptII/lib/kieler.jar:/home/travis/build/icy
phy/ptII/vendors/opencv/share/OpenCV/java/opencv-341.jar:/home/travis/build/icy
phy/ptII/lib/oscP5.jar:/home/travis/build/icyphy/ptII/lib/nrjavaserial-3.11.0.d
evel.jar:/home/travis/build/icyphy/ptII/vendors/j3d/lib/j3dcore.jar:/home/travi
s/build/icyphy/ptII/vendors/j3d/lib/j3dutils.jar:/home/travis/build/icyphy/ptII
/vendors/j3d/lib/vecmath.jar:/home/travis/build/icyphy/ptII/ptolemy/distributed
/jini/jar/jini-core.jar:/home/travis/build/icyphy/ptII/ptolemy/distributed/jini
/jar/jini-ext.jar:/home/travis/build/icyphy/ptII/ptolemy/distributed/jini/jar/s
un-util.jar:/home/travis/build/icyphy/ptII/lib/protobuf-java-2.4.1.jar:/home/tr
avis/build/icyphy/ptII/lib/org.eclipse.paho.client.mqttv3.jar:/home/travis/buil
d/icyphy/ptII/ptserver/lib/hessian-4.0.7.jar:/home/travis/build/icyphy/ptII/pts
erver/lib/wmqtt.jar:/home/travis/build/icyphy/ptII/lib/mapss.jar:/home/travis/b
uild/icyphy/ptII/ptolemy/actor/ptalon/antlr/antlr.jar:/home/travis/build/icyphy
/ptII/lib/JRI.jar:/home/travis/build/icyphy/ptII/lib/commons-lang-2.6.jar:/home
/travis/build/icyphy/ptII/lib/commons-logging-1.1.1.jar:/home/travis/build/icyp
hy/ptII/lib/sootclasses.jar:/home/travis/build/icyphy/ptII/ptolemy/actor/lib/da
tabase/mysql-connector-java-5.1.6-bin.jar:/home/travis/build/icyphy/ptII/vendor
s/misc/sphinx4/sphinx4-data-5prealpha.jar:/home/travis/build/icyphy/ptII/vendor
s/misc/sphinx4/sphinx4-core-5prealpha.jar:/home/travis/build/icyphy/ptII/lib/PD
FRenderer.jar:/home/travis/build/icyphy/ptII/lib/svgSalamander.jar:/home/travis
/build/icyphy/ptII/lib/rsyntaxtextarea-2.6.0-SNAPSHOT.jar:/home/travis/build/ic
yphy/ptII/lib/hazelcast-3.8.2.jar:/home/travis/build/icyphy/ptII/lib/jackson-an
notations-2.9.0.jar:/home/travis/build/icyphy/ptII/lib/jackson-core-2.9.3.jar:/
home/travis/build/icyphy/ptII/lib/jackson-databind-2.9.3.jar:/home/travis/build
/icyphy/ptII/lib/netty-buffer-4.1.19.Final.jar:/home/travis/build/icyphy/ptII/l
ib/netty-codec-4.1.19.Final.jar:/home/travis/build/icyphy/ptII/lib/netty-codec-
dns-4.1.19.Final.jar:/home/travis/build/icyphy/ptII/lib/netty-codec-http-4.1.19
.Final.jar:/home/travis/build/icyphy/ptII/lib/netty-codec-http2-4.1.19.Final.ja
r:/home/travis/build/icyphy/ptII/lib/netty-common-4.1.19.Final.jar:/home/travis
/build/icyphy/ptII/lib/netty-handler-4.1.19.Final.jar:/home/travis/build/icyphy
/ptII/lib/netty-resolver-4.1.19.Final.jar:/home/travis/build/icyphy/ptII/lib/ne
tty-resolver-dns-4.1.19.Final.jar:/home/travis/build/icyphy/ptII/lib/netty-tran
sport-4.1.19.Final.jar:/home/travis/build/icyphy/ptII/lib/vertx-codegen-3.5.1.j
ar:/home/travis/build/icyphy/ptII/lib/vertx-core-3.5.2-SNAPSHOT.jar:/home/travi
s/build/icyphy/ptII/lib/vertx-hazelcast-3.5.1.jar:/home/travis/build/icyphy/ptI
I/lib/vertx-lang-js-3.5.1.jar:/home/travis/build/icyphy/ptII/lib/vertx-service-
proxy-3.5.1.jar:/home/travis/build/icyphy/ptII/lib/vertx-web-3.5.1.jar:/home/tr
avis/build/icyphy/ptII/lib/slf4j-api-1.7.13.jar:/home/travis/build/icyphy/ptII/
lib/slf4j-simple-1.7.13.jar:/home/travis/build/icyphy/ptII/lib/webcam-capture-0
.3.12.jar:/home/travis/build/icyphy/ptII/lib/bridj-0.7.0.jar:/home/travis/build
/icyphy/ptII/lib/xbjlib-1.1.0.nrjavaserial.jar:/home/travis/build/icyphy/ptII/p
tolemy/moml/test:/home/travis/build/icyphy/ptII/ant/lib/ant-launcher.jar:/home/
travis/build/icyphy/ptII/ant/lib/ant.jar:/home/travis/build/icyphy/ptII/ant/lib
/ant-junit.jar:/home/travis/build/icyphy/ptII/ant/lib/ant-junit4.jar:/home/trav
is/build/icyphy/ptII ModularCodeGen6_A_profile.java
total 1068
-rw-rw-r-- 1 travis travis  4895 Jul  8 01:40 CompiledCompositeActor_CompiledCompositeActor.class
-rw-rw-r-- 1 travis travis  1592 Jul  8 01:40 CompiledCompositeActor_CompiledCompositeActor$_CompiledCompositeActor_CompiledCompositeActor.class
-rw-rw-r-- 1 travis travis 13466 Jul  8 01:40 CompiledCompositeActor_CompiledCompositeActor.java
-rw-rw-r-- 1 travis travis  1593 Jul  8 01:40 CompiledCompositeActor_CompiledCompositeActor.mk
-rw-rw-r-- 1 travis travis  4457 Jul  8 01:40 JavaCompiledCompositeTest1_CompiledCompositeActor.class
-rw-rw-r-- 1 travis travis 11637 Jul  8 01:40 JavaCompiledCompositeTest1_CompiledCompositeActor.java
-rw-rw-r-- 1 travis travis  1198 Jul  8 01:40 JavaCompiledCompositeTest1_CompiledCompositeActor$_JavaCompiledCompositeTest1_CompiledCompositeActor.class
-rw-rw-r-- 1 travis travis  1625 Jul  8 01:40 JavaCompiledCompositeTest1_CompiledCompositeActor.mk
-rw-rw-r-- 1 travis travis  4888 Jul  8 01:40 JavaCompiledCompositeTest2_CompiledCompositeActor.class
-rw-rw-r-- 1 travis travis 14919 Jul  8 01:40 JavaCompiledCompositeTest2_CompiledCompositeActor.java
-rw-rw-r-- 1 travis travis  1793 Jul  8 01:40 JavaCompiledCompositeTest2_CompiledCompositeActor$_JavaCompiledCompositeTest2_CompiledCompositeActor.class
-rw-rw-r-- 1 travis travis  1625 Jul  8 01:40 JavaCompiledCompositeTest2_CompiledCompositeActor.mk
-rw-rw-r-- 1 travis travis  4505 Jul  8 01:40 JavaCompiledCompositeTest3_CompiledCompositeActor.class
-rw-rw-r-- 1 travis travis 13080 Jul  8 01:40 JavaCompiledCompositeTest3_CompiledCompositeActor.java
-rw-rw-r-- 1 travis travis  1378 Jul  8 01:40 JavaCompiledCompositeTest3_CompiledCompositeActor$_JavaCompiledCompositeTest3_CompiledCompositeActor.class
-rw-rw-r-- 1 travis travis  1625 Jul  8 01:40 JavaCompiledCompositeTest3_CompiledCompositeActor.mk
-rw-rw-r-- 1 travis travis  3953 Jul  8 01:40 JavaCompiledCompositeTest4_CompiledCompositeActor.class
-rw-rw-r-- 1 travis travis  9687 Jul  8 01:40 JavaCompiledCompositeTest4_CompiledCompositeActor.java
-rw-rw-r-- 1 travis travis   857 Jul  8 01:40 JavaCompiledCompositeTest4_CompiledCompositeActor$_JavaCompiledCompositeTest4_CompiledCompositeActor.class
-rw-rw-r-- 1 travis travis  1625 Jul  8 01:40 JavaCompiledCompositeTest4_CompiledCompositeActor.mk
-rw-rw-r-- 1 travis travis  3693 Jul  8 01:40 ModularCG_A1_B1.class
-rw-rw-r-- 1 travis travis  9730 Jul  8 01:40 ModularCG_A1_B1.java
-rw-rw-r-- 1 travis travis   832 Jul  8 01:40 ModularCG_A1_B1.mk
-rw-rw-r-- 1 travis travis  1318 Jul  8 01:40 ModularCG_A1_B1_profile.class
-rw-rw-r-- 1 travis travis  1262 Jul  8 01:40 ModularCG_A1_B1_profile.java
-rw-rw-r-- 1 travis travis  3693 Jul  8 01:40 ModularCG_A1_B2.class
-rw-rw-r-- 1 travis travis  9730 Jul  8 01:40 ModularCG_A1_B2.java
-rw-rw-r-- 1 travis travis   832 Jul  8 01:40 ModularCG_A1_B2.mk
-rw-rw-r-- 1 travis travis  1318 Jul  8 01:40 ModularCG_A1_B2_profile.class
-rw-rw-r-- 1 travis travis  1262 Jul  8 01:40 ModularCG_A1_B2_profile.java
-rw-rw-r-- 1 travis travis  4799 Jul  8 01:41 ModularCG_A1.class
-rw-rw-r-- 1 travis travis 14742 Jul  8 01:41 ModularCG_A1.java
-rw-rw-r-- 1 travis travis   808 Jul  8 01:41 ModularCG_A1.mk
-rw-rw-r-- 1 travis travis  1433 Jul  8 01:41 ModularCG_A1_profile.class
-rw-rw-r-- 1 travis travis  1704 Jul  8 01:40 ModularCG_A1_profile.java
-rw-rw-r-- 1 travis travis  3827 Jul  8 01:41 ModularCG_A2_B1.class
-rw-rw-r-- 1 travis travis 10667 Jul  8 01:41 ModularCG_A2_B1.java
-rw-rw-r-- 1 travis travis   832 Jul  8 01:41 ModularCG_A2_B1.mk
-rw-rw-r-- 1 travis travis  1381 Jul  8 01:41 ModularCG_A2_B1_profile.class
-rw-rw-r-- 1 travis travis  1446 Jul  8 01:41 ModularCG_A2_B1_profile.java
-rw-rw-r-- 1 travis travis  3693 Jul  8 01:41 ModularCG_A2_B2.class
-rw-rw-r-- 1 travis travis  9730 Jul  8 01:41 ModularCG_A2_B2.java
-rw-rw-r-- 1 travis travis   832 Jul  8 01:41 ModularCG_A2_B2.mk
-rw-rw-r-- 1 travis travis  1318 Jul  8 01:41 ModularCG_A2_B2_profile.class
-rw-rw-r-- 1 travis travis  1262 Jul  8 01:41 ModularCG_A2_B2_profile.java
-rw-rw-r-- 1 travis travis  4870 Jul  8 01:41 ModularCG_A2.class
-rw-rw-r-- 1 travis travis 15129 Jul  8 01:41 ModularCG_A2.java
-rw-rw-r-- 1 travis travis   808 Jul  8 01:41 ModularCG_A2.mk
-rw-rw-r-- 1 travis travis  1433 Jul  8 01:41 ModularCG_A2_profile.class
-rw-rw-r-- 1 travis travis  1704 Jul  8 01:41 ModularCG_A2_profile.java
-rw-rw-r-- 1 travis travis  3473 Jul  8 01:41 ModularCGPubSub_A1_A2.class
-rw-rw-r-- 1 travis travis  9076 Jul  8 01:41 ModularCGPubSub_A1_A2.java
-rw-rw-r-- 1 travis travis   880 Jul  8 01:41 ModularCGPubSub_A1_A2.mk
-rw-rw-r-- 1 travis travis  1300 Jul  8 01:41 ModularCGPubSub_A1_A2_profile.class
-rw-rw-r-- 1 travis travis  1222 Jul  8 01:41 ModularCGPubSub_A1_A2_profile.java
-rw-rw-r-- 1 travis travis  3790 Jul  8 01:41 ModularCGPubSub_A1.class
-rw-rw-r-- 1 travis travis  9836 Jul  8 01:41 ModularCGPubSub_A1.java
-rw-rw-r-- 1 travis travis   856 Jul  8 01:41 ModularCGPubSub_A1.mk
-rw-rw-r-- 1 travis travis  1346 Jul  8 01:41 ModularCGPubSub_A1_profile.class
-rw-rw-r-- 1 travis travis  1388 Jul  8 01:41 ModularCGPubSub_A1_profile.java
-rw-rw-r-- 1 travis travis  3988 Jul  8 01:41 ModularCodeGen2_ModularCodeGenTypedCompositeActor.class
-rw-rw-r-- 1 travis travis 11690 Jul  8 01:41 ModularCodeGen2_ModularCodeGenTypedCompositeActor.java
-rw-rw-r-- 1 travis travis  1104 Jul  8 01:41 ModularCodeGen2_ModularCodeGenTypedCompositeActor.mk
-rw-rw-r-- 1 travis travis  4272 Jul  8 01:41 ModularCodeGen2_ModularCodeGenTypedCompositeActor_ModularCodeGenTypedCompositeActor.class
-rw-rw-r-- 1 travis travis 11790 Jul  8 01:41 ModularCodeGen2_ModularCodeGenTypedCompositeActor_ModularCodeGenTypedCompositeActor.java
-rw-rw-r-- 1 travis travis  1376 Jul  8 01:41 ModularCodeGen2_ModularCodeGenTypedCompositeActor_ModularCodeGenTypedCompositeActor.mk
-rw-rw-r-- 1 travis travis  1421 Jul  8 01:41 ModularCodeGen2_ModularCodeGenTypedCompositeActor_ModularCodeGenTypedCompositeActor_profile.class
-rw-rw-r-- 1 travis travis  1294 Jul  8 01:41 ModularCodeGen2_ModularCodeGenTypedCompositeActor_ModularCodeGenTypedCompositeActor_profile.java
-rw-rw-r-- 1 travis travis   820 Jul  8 01:41 ModularCodeGen2_ModularCodeGenTypedCompositeActor_profile.class
-rw-rw-r-- 1 travis travis   693 Jul  8 01:41 ModularCodeGen2_ModularCodeGenTypedCompositeActor_profile.java
-rw-rw-r-- 1 travis travis  3741 Jul  8 01:41 ModularCodeGen3_A1_B1.class
-rw-rw-r-- 1 travis travis  9958 Jul  8 01:41 ModularCodeGen3_A1_B1.java
-rw-rw-r-- 1 travis travis   880 Jul  8 01:41 ModularCodeGen3_A1_B1.mk
-rw-rw-r-- 1 travis travis  1330 Jul  8 01:41 ModularCodeGen3_A1_B1_profile.class
-rw-rw-r-- 1 travis travis  1274 Jul  8 01:41 ModularCodeGen3_A1_B1_profile.java
-rw-rw-r-- 1 travis travis  3741 Jul  8 01:41 ModularCodeGen3_A1_B2.class
-rw-rw-r-- 1 travis travis  9958 Jul  8 01:41 ModularCodeGen3_A1_B2.java
-rw-rw-r-- 1 travis travis   880 Jul  8 01:41 ModularCodeGen3_A1_B2.mk
-rw-rw-r-- 1 travis travis  1330 Jul  8 01:41 ModularCodeGen3_A1_B2_profile.class
-rw-rw-r-- 1 travis travis  1274 Jul  8 01:41 ModularCodeGen3_A1_B2_profile.java
-rw-rw-r-- 1 travis travis  4961 Jul  8 01:41 ModularCodeGen3_A1.class
-rw-rw-r-- 1 travis travis 15564 Jul  8 01:41 ModularCodeGen3_A1.java
-rw-rw-r-- 1 travis travis   856 Jul  8 01:41 ModularCodeGen3_A1.mk
-rw-rw-r-- 1 travis travis  1445 Jul  8 01:41 ModularCodeGen3_A1_profile.class
-rw-rw-r-- 1 travis travis  1716 Jul  8 01:41 ModularCodeGen3_A1_profile.java
-rw-rw-r-- 1 travis travis  3887 Jul  8 01:41 ModularCodeGen3_A2_B1.class
-rw-rw-r-- 1 travis travis 10955 Jul  8 01:41 ModularCodeGen3_A2_B1.java
-rw-rw-r-- 1 travis travis   880 Jul  8 01:41 ModularCodeGen3_A2_B1.mk
-rw-rw-r-- 1 travis travis  1393 Jul  8 01:41 ModularCodeGen3_A2_B1_profile.class
-rw-rw-r-- 1 travis travis  1458 Jul  8 01:41 ModularCodeGen3_A2_B1_profile.java
-rw-rw-r-- 1 travis travis  3741 Jul  8 01:41 ModularCodeGen3_A2_B2.class
-rw-rw-r-- 1 travis travis  9958 Jul  8 01:41 ModularCodeGen3_A2_B2.java
-rw-rw-r-- 1 travis travis   880 Jul  8 01:41 ModularCodeGen3_A2_B2.mk
-rw-rw-r-- 1 travis travis  1330 Jul  8 01:41 ModularCodeGen3_A2_B2_profile.class
-rw-rw-r-- 1 travis travis  1274 Jul  8 01:41 ModularCodeGen3_A2_B2_profile.java
-rw-rw-r-- 1 travis travis  5038 Jul  8 01:41 ModularCodeGen3_A2.class
-rw-rw-r-- 1 travis travis 15957 Jul  8 01:41 ModularCodeGen3_A2.java
-rw-rw-r-- 1 travis travis   856 Jul  8 01:41 ModularCodeGen3_A2.mk
-rw-rw-r-- 1 travis travis  1445 Jul  8 01:41 ModularCodeGen3_A2_profile.class
-rw-rw-r-- 1 travis travis  1716 Jul  8 01:41 ModularCodeGen3_A2_profile.java
-rw-rw-r-- 1 travis travis  3794 Jul  8 01:41 ModularCodeGen4_A1_B1.class
-rw-rw-r-- 1 travis travis 10312 Jul  8 01:41 ModularCodeGen4_A1_B1.java
-rw-rw-r-- 1 travis travis   880 Jul  8 01:41 ModularCodeGen4_A1_B1.mk
-rw-rw-r-- 1 travis travis  1330 Jul  8 01:41 ModularCodeGen4_A1_B1_profile.class
-rw-rw-r-- 1 travis travis  1273 Jul  8 01:41 ModularCodeGen4_A1_B1_profile.java
-rw-rw-r-- 1 travis travis  3794 Jul  8 01:41 ModularCodeGen4_A1_B2.class
-rw-rw-r-- 1 travis travis 10312 Jul  8 01:41 ModularCodeGen4_A1_B2.java
-rw-rw-r-- 1 travis travis   880 Jul  8 01:41 ModularCodeGen4_A1_B2.mk
-rw-rw-r-- 1 travis travis  1330 Jul  8 01:41 ModularCodeGen4_A1_B2_profile.class
-rw-rw-r-- 1 travis travis  1273 Jul  8 01:41 ModularCodeGen4_A1_B2_profile.java
-rw-rw-r-- 1 travis travis  5101 Jul  8 01:41 ModularCodeGen4_A1.class
-rw-rw-r-- 1 travis travis 16245 Jul  8 01:41 ModularCodeGen4_A1.java
-rw-rw-r-- 1 travis travis   856 Jul  8 01:41 ModularCodeGen4_A1.mk
-rw-rw-r-- 1 travis travis  1445 Jul  8 01:41 ModularCodeGen4_A1_profile.class
-rw-rw-r-- 1 travis travis  1712 Jul  8 01:41 ModularCodeGen4_A1_profile.java
-rw-rw-r-- 1 travis travis  3988 Jul  8 01:41 ModularCodeGen4_A2_B1.class
-rw-rw-r-- 1 travis travis 11375 Jul  8 01:41 ModularCodeGen4_A2_B1.java
-rw-rw-r-- 1 travis travis   880 Jul  8 01:41 ModularCodeGen4_A2_B1.mk
-rw-rw-r-- 1 travis travis  1393 Jul  8 01:41 ModularCodeGen4_A2_B1_profile.class
-rw-rw-r-- 1 travis travis  1454 Jul  8 01:41 ModularCodeGen4_A2_B1_profile.java
-rw-rw-r-- 1 travis travis  3842 Jul  8 01:41 ModularCodeGen4_A2_B2.class
-rw-rw-r-- 1 travis travis 10378 Jul  8 01:41 ModularCodeGen4_A2_B2.java
-rw-rw-r-- 1 travis travis   880 Jul  8 01:41 ModularCodeGen4_A2_B2.mk
-rw-rw-r-- 1 travis travis  1330 Jul  8 01:41 ModularCodeGen4_A2_B2_profile.class
-rw-rw-r-- 1 travis travis  1270 Jul  8 01:41 ModularCodeGen4_A2_B2_profile.java
-rw-rw-r-- 1 travis travis  5274 Jul  8 01:41 ModularCodeGen4_A2.class
-rw-rw-r-- 1 travis travis 16770 Jul  8 01:41 ModularCodeGen4_A2.java
-rw-rw-r-- 1 travis travis   856 Jul  8 01:41 ModularCodeGen4_A2.mk
-rw-rw-r-- 1 travis travis  1445 Jul  8 01:41 ModularCodeGen4_A2_profile.class
-rw-rw-r-- 1 travis travis  1712 Jul  8 01:41 ModularCodeGen4_A2_profile.java
-rw-rw-r-- 1 travis travis  6838 Jul  8 01:41 ModularCodeGen5_A_A.class
-rw-rw-r-- 1 travis travis 28721 Jul  8 01:41 ModularCodeGen5_A_A.java
-rw-rw-r-- 1 travis travis   864 Jul  8 01:41 ModularCodeGen5_A_A.mk
-rw-rw-r-- 1 travis travis  1520 Jul  8 01:41 ModularCodeGen5_A_A_profile.class
-rw-rw-r-- 1 travis travis  1815 Jul  8 01:41 ModularCodeGen5_A_A_profile.java
-rw-rw-r-- 1 travis travis  5115 Jul  8 01:41 ModularCodeGen5_A.class
-rw-rw-r-- 1 travis travis 13769 Jul  8 01:41 ModularCodeGen5_A.java
-rw-rw-r-- 1 travis travis   848 Jul  8 01:41 ModularCodeGen5_A.mk
-rw-rw-r-- 1 travis travis  1422 Jul  8 01:41 ModularCodeGen5_A_profile.class
-rw-rw-r-- 1 travis travis  1605 Jul  8 01:41 ModularCodeGen5_A_profile.java
-rw-rw-r-- 1 travis travis  4125 Jul  8 01:41 ModularCodeGen6_A_A2.class
-rw-rw-r-- 1 travis travis 11329 Jul  8 01:41 ModularCodeGen6_A_A2.java
-rw-rw-r-- 1 travis travis   872 Jul  8 01:41 ModularCodeGen6_A_A2.mk
-rw-rw-r-- 1 travis travis  1351 Jul  8 01:41 ModularCodeGen6_A_A2_profile.class
-rw-rw-r-- 1 travis travis  1364 Jul  8 01:41 ModularCodeGen6_A_A2_profile.java
-rw-rw-r-- 1 travis travis  4108 Jul  8 01:41 ModularCodeGen6_A_A.class
-rw-rw-r-- 1 travis travis 11221 Jul  8 01:41 ModularCodeGen6_A_A.java
-rw-rw-r-- 1 travis travis   864 Jul  8 01:41 ModularCodeGen6_A_A.mk
-rw-rw-r-- 1 travis travis  1348 Jul  8 01:41 ModularCodeGen6_A_A_profile.class
-rw-rw-r-- 1 travis travis  1361 Jul  8 01:41 ModularCodeGen6_A_A_profile.java
-rw-rw-r-- 1 travis travis  1810 Jul  8 01:41 ModularCodeGen6_A_profile.java
-rw-rw-r-- 1 travis travis  3954 Jul  8 01:41 ModularCodeGen_ModularCodeGenTypedCompositeActor.class
-rw-rw-r-- 1 travis travis 10970 Jul  8 01:41 ModularCodeGen_ModularCodeGenTypedCompositeActor.java
-rw-rw-r-- 1 travis travis  1096 Jul  8 01:41 ModularCodeGen_ModularCodeGenTypedCompositeActor.mk
-rw-rw-r-- 1 travis travis  1384 Jul  8 01:41 ModularCodeGen_ModularCodeGenTypedCompositeActor_profile.class
-rw-rw-r-- 1 travis travis  1328 Jul  8 01:41 ModularCodeGen_ModularCodeGenTypedCompositeActor_profile.java
-rw-rw-r-- 1 travis travis  3492 Jul  8 01:40 ModularCodeGenTest_A1_A2.class
-rw-rw-r-- 1 travis travis  9164 Jul  8 01:40 ModularCodeGenTest_A1_A2.java
-rw-rw-r-- 1 travis travis   904 Jul  8 01:40 ModularCodeGenTest_A1_A2.mk
-rw-rw-r-- 1 travis travis  1306 Jul  8 01:40 ModularCodeGenTest_A1_A2_profile.class
-rw-rw-r-- 1 travis travis  1228 Jul  8 01:40 ModularCodeGenTest_A1_A2_profile.java
-rw-rw-r-- 1 travis travis  3823 Jul  8 01:40 ModularCodeGenTest_A1.class
-rw-rw-r-- 1 travis travis  9968 Jul  8 01:40 ModularCodeGenTest_A1.java
-rw-rw-r-- 1 travis travis   880 Jul  8 01:40 ModularCodeGenTest_A1.mk
-rw-rw-r-- 1 travis travis  1352 Jul  8 01:40 ModularCodeGenTest_A1_profile.class
-rw-rw-r-- 1 travis travis  1394 Jul  8 01:40 ModularCodeGenTest_A1_profile.java
-rw-rw-r-- 1 travis travis   432 Jul  8 01:41 Token.class
-rw-rw-r-- 1 travis travis   251 Jul  8 01:41 Token.java
warning: Supported source version 'RELEASE_6' from annotation processor 'org.netbeans.modules.openide.util.NbBundleProcessor' less than -source '1.8'
warning: Supported source version 'RELEASE_6' from annotation processor 'org.netbeans.modules.openide.util.URLStreamHandlerRegistrationProcessor' less than -source '1.8'
warning: Supported source version 'RELEASE_6' from annotation processor 'org.netbeans.modules.openide.util.ServiceProviderProcessor' less than -source '1.8'
3 warnings
All Done
Writing ModularCodeGen6_A.java in file:/home/travis/cg/ (26535 characters)
Reading "ptolemy/cg/kernel/generic/program/procedural/java/modular/makefile.in",
    writing "/home/travis/cg/ModularCodeGen6_A.mk"
Using ptolemy/cg/kernel/generic/program/procedural/java/modular/makefile.in
In "/home/travis/cg", about to execute:
    make -f ModularCodeGen6_A.mk
javac -classpath ".:.."    ModularCodeGen6_A.java
All Done
7049 ms. Memory: 491008K Free: 356891K (73%)
----------------- Invoking toplevel() on ptolemy.moml.MoMLSimpleApplication@6f333e55
----------------- Done invoking toplevel() on ptolemy.moml.MoMLSimpleApplication@6f333e55
reloadAllAccessors: .ModularCodeGen6

===========================================================================================
----------------- testing Sun Jul 08 01:42:00 UTC 2018 /home/travis/build/icyphy/ptII/ptolemy/cg/lib/test/auto/ModularCodeGenLazyPubSub.xml
----------------- Instantiating /home/travis/build/icyphy/ptII/ptolemy/cg/lib/test/auto/ModularCodeGenLazyPubSub.xml
In "/home/travis/cg", about to execute:
    pwd
In "/home/travis/cg", about to execute:
    ls -l
/home/travis/cg
In "/home/travis/cg", about to execute:
    javac -classpath
.:/home/travis/build/icyphy/ptII:/home/travis/build/icyphy/ptII/lib/bsh-2.0b4.j
ar:/home/travis/build/icyphy/ptII/lib/ptCal.jar:/home/travis/build/icyphy/ptII/
lib/java_cup.jar:/home/travis/build/icyphy/ptII/lib/saxon8.jar:/home/travis/bui
ld/icyphy/ptII/lib/saxon8-dom.jar:/home/travis/build/icyphy/ptII/lib/chic.jar:/
home/travis/build/icyphy/ptII/lib/ptcolt.jar:/usr/lib/jvm/java-8-oracle/lib/too
ls.jar:/usr/lib/eclipse/plugins/org.eclipse.jdt.core_3.8.2.dist.jar:/usr/lib/ec
lipse/plugins/org.eclipse.core.runtime_3.8.0.dist.jar:/usr/lib/eclipse/plugins/
org.eclipse.osgi_3.8.1.dist.jar:/usr/lib/eclipse/plugins/org.eclipse.core.resou
rces_3.8.1.dist.jar:/usr/lib/eclipse/plugins/org.eclipse.equinox.common_3.6.100
.dist.jar:/usr/lib/eclipse/plugins/org.eclipse.core.jobs_3.5.200.dist.jar:/usr/
lib/eclipse/plugins/org.eclipse.core.contenttype_3.4.200.dist.jar:/usr/lib/ecli
pse/plugins/org.eclipse.equinox.preferences_3.5.0.dist.jar:/usr/lib/eclipse/plu
gins/org.eclipse.text_3.5.200.dist.jar:/usr/lib/eclipse/plugins/org.eclipse.ui.
workbench_3.8.1.dist.jar:/usr/lib/eclipse/plugins/org.eclipse.jface_3.8.0.dist.
jar:/usr/lib/eclipse/plugins/org.eclipse.swt_3.8.2.jar:/usr/lib/eclipse/plugins
/org.eclipse.jface.text_3.8.1.dist.jar:/usr/lib/eclipse/plugins/org.eclipse.ui.
workbench.texteditor_3.8.0.dist.jar:/usr/lib/eclipse/plugins/org.eclipse.ui.edi
tors_3.8.0.dist.jar:/usr/lib/eclipse/plugins/org.eclipse.core.commands_3.6.1.di
st.jar:/usr/lib/eclipse/plugins/org.eclipse.equinox.registry_3.5.200.dist.jar:/
usr/lib/eclipse/plugins/org.eclipse.ui.console_3.5.100.dist.jar:/usr/lib/eclips
e/plugins/org.eclipse.ui.forms_3.5.200.dist.jar:/usr/lib/eclipse/plugins/org.ec
lipse.ui.ide_3.8.1.dist.jar:/home/travis/build/icyphy/ptII/vendors/oracle/dbxml
.jar:/home/travis/build/icyphy/ptII/vendors/oracle/db.jar:/home/travis/build/ic
yphy/ptII/vendors/misc/itext/iText.jar:/home/travis/build/icyphy/ptII/lib/g4ltl
.jar:/home/travis/build/icyphy/ptII/lib/StructuralCoder.jar:/home/travis/build/
icyphy/ptII/lib/org-openide-util.jar:/home/travis/build/icyphy/ptII/lib/org-ope
nide-util-lookup.jar:/home/travis/build/icyphy/ptII/lib/org-netbeans-api-visual
.jar:/home/travis/build/icyphy/ptII/vendors/jai-1_1_2_01/lib/jai_core.jar:/home
/travis/build/icyphy/ptII/vendors/jai-1_1_2_01/lib/jai_codec.jar:/home/travis/b
uild/icyphy/ptII/lib/jcerti.jar:/home/travis/build/icyphy/ptII/lib/smack.jar:/h
ome/travis/build/icyphy/ptII/lib/smackx.jar:/home/travis/build/icyphy/ptII/lib/
jetty-all-8.1.5-v20120716.jar:/home/travis/build/icyphy/ptII/lib/javax.servlet-
api-3.0.1.jar:/home/travis/build/icyphy/ptII/lib/javax.mail.jar:/home/travis/bu
ild/icyphy/ptII/vendors/JMF-2.1.1e/lib/jmf.jar:/home/travis/build/icyphy/ptII/l
ib/jna-4.0.0-variadic.jar:/home/travis/build/icyphy/ptII/vendors/misc/joystick/
Joystick.jar:/home/travis/build/icyphy/ptII/lib/ptjacl.jar:/home/travis/build/i
cyphy/ptII/lib/jsoup-1.8.2.jar:/home/travis/build/icyphy/ptII/lib/junit-4.8.2.j
ar:/home/travis/build/icyphy/ptII/lib/JUnitParams-0.4.0.jar:/home/travis/build/
icyphy/ptII/ptolemy/actor/lib/excel/jxl.jar:/home/travis/build/icyphy/ptII/lib/
jython.jar:/home/travis/build/icyphy/ptII/lib/kieler.jar:/home/travis/build/icy
phy/ptII/vendors/opencv/share/OpenCV/java/opencv-341.jar:/home/travis/build/icy
phy/ptII/lib/oscP5.jar:/home/travis/build/icyphy/ptII/lib/nrjavaserial-3.11.0.d
evel.jar:/home/travis/build/icyphy/ptII/vendors/j3d/lib/j3dcore.jar:/home/travi
s/build/icyphy/ptII/vendors/j3d/lib/j3dutils.jar:/home/travis/build/icyphy/ptII
/vendors/j3d/lib/vecmath.jar:/home/travis/build/icyphy/ptII/ptolemy/distributed
/jini/jar/jini-core.jar:/home/travis/build/icyphy/ptII/ptolemy/distributed/jini
/jar/jini-ext.jar:/home/travis/build/icyphy/ptII/ptolemy/distributed/jini/jar/s
un-util.jar:/home/travis/build/icyphy/ptII/lib/protobuf-java-2.4.1.jar:/home/tr
avis/build/icyphy/ptII/lib/org.eclipse.paho.client.mqttv3.jar:/home/travis/buil
d/icyphy/ptII/ptserver/lib/hessian-4.0.7.jar:/home/travis/build/icyphy/ptII/pts
erver/lib/wmqtt.jar:/home/travis/build/icyphy/ptII/lib/mapss.jar:/home/travis/b
uild/icyphy/ptII/ptolemy/actor/ptalon/antlr/antlr.jar:/home/travis/build/icyphy
/ptII/lib/JRI.jar:/home/travis/build/icyphy/ptII/lib/commons-lang-2.6.jar:/home
/travis/build/icyphy/ptII/lib/commons-logging-1.1.1.jar:/home/travis/build/icyp
hy/ptII/lib/sootclasses.jar:/home/travis/build/icyphy/ptII/ptolemy/actor/lib/da
tabase/mysql-connector-java-5.1.6-bin.jar:/home/travis/build/icyphy/ptII/vendor
s/misc/sphinx4/sphinx4-data-5prealpha.jar:/home/travis/build/icyphy/ptII/vendor
s/misc/sphinx4/sphinx4-core-5prealpha.jar:/home/travis/build/icyphy/ptII/lib/PD
FRenderer.jar:/home/travis/build/icyphy/ptII/lib/svgSalamander.jar:/home/travis
/build/icyphy/ptII/lib/rsyntaxtextarea-2.6.0-SNAPSHOT.jar:/home/travis/build/ic
yphy/ptII/lib/hazelcast-3.8.2.jar:/home/travis/build/icyphy/ptII/lib/jackson-an
notations-2.9.0.jar:/home/travis/build/icyphy/ptII/lib/jackson-core-2.9.3.jar:/
home/travis/build/icyphy/ptII/lib/jackson-databind-2.9.3.jar:/home/travis/build
/icyphy/ptII/lib/netty-buffer-4.1.19.Final.jar:/home/travis/build/icyphy/ptII/l
ib/netty-codec-4.1.19.Final.jar:/home/travis/build/icyphy/ptII/lib/netty-codec-
dns-4.1.19.Final.jar:/home/travis/build/icyphy/ptII/lib/netty-codec-http-4.1.19
.Final.jar:/home/travis/build/icyphy/ptII/lib/netty-codec-http2-4.1.19.Final.ja
r:/home/travis/build/icyphy/ptII/lib/netty-common-4.1.19.Final.jar:/home/travis
/build/icyphy/ptII/lib/netty-handler-4.1.19.Final.jar:/home/travis/build/icyphy
/ptII/lib/netty-resolver-4.1.19.Final.jar:/home/travis/build/icyphy/ptII/lib/ne
tty-resolver-dns-4.1.19.Final.jar:/home/travis/build/icyphy/ptII/lib/netty-tran
sport-4.1.19.Final.jar:/home/travis/build/icyphy/ptII/lib/vertx-codegen-3.5.1.j
ar:/home/travis/build/icyphy/ptII/lib/vertx-core-3.5.2-SNAPSHOT.jar:/home/travi
s/build/icyphy/ptII/lib/vertx-hazelcast-3.5.1.jar:/home/travis/build/icyphy/ptI
I/lib/vertx-lang-js-3.5.1.jar:/home/travis/build/icyphy/ptII/lib/vertx-service-
proxy-3.5.1.jar:/home/travis/build/icyphy/ptII/lib/vertx-web-3.5.1.jar:/home/tr
avis/build/icyphy/ptII/lib/slf4j-api-1.7.13.jar:/home/travis/build/icyphy/ptII/
lib/slf4j-simple-1.7.13.jar:/home/travis/build/icyphy/ptII/lib/webcam-capture-0
.3.12.jar:/home/travis/build/icyphy/ptII/lib/bridj-0.7.0.jar:/home/travis/build
/icyphy/ptII/lib/xbjlib-1.1.0.nrjavaserial.jar:/home/travis/build/icyphy/ptII/p
tolemy/moml/test:/home/travis/build/icyphy/ptII/ant/lib/ant-launcher.jar:/home/
travis/build/icyphy/ptII/ant/lib/ant.jar:/home/travis/build/icyphy/ptII/ant/lib
/ant-junit.jar:/home/travis/build/icyphy/ptII/ant/lib/ant-junit4.jar:/home/trav
is/build/icyphy/ptII ModularCodeGenLazyPubSub_LazyCompositeActor_profile.java
total 1116
-rw-rw-r-- 1 travis travis  4895 Jul  8 01:40 CompiledCompositeActor_CompiledCompositeActor.class
-rw-rw-r-- 1 travis travis  1592 Jul  8 01:40 CompiledCompositeActor_CompiledCompositeActor$_CompiledCompositeActor_CompiledCompositeActor.class
-rw-rw-r-- 1 travis travis 13466 Jul  8 01:40 CompiledCompositeActor_CompiledCompositeActor.java
-rw-rw-r-- 1 travis travis  1593 Jul  8 01:40 CompiledCompositeActor_CompiledCompositeActor.mk
-rw-rw-r-- 1 travis travis  4457 Jul  8 01:40 JavaCompiledCompositeTest1_CompiledCompositeActor.class
-rw-rw-r-- 1 travis travis 11637 Jul  8 01:40 JavaCompiledCompositeTest1_CompiledCompositeActor.java
-rw-rw-r-- 1 travis travis  1198 Jul  8 01:40 JavaCompiledCompositeTest1_CompiledCompositeActor$_JavaCompiledCompositeTest1_CompiledCompositeActor.class
-rw-rw-r-- 1 travis travis  1625 Jul  8 01:40 JavaCompiledCompositeTest1_CompiledCompositeActor.mk
-rw-rw-r-- 1 travis travis  4888 Jul  8 01:40 JavaCompiledCompositeTest2_CompiledCompositeActor.class
-rw-rw-r-- 1 travis travis 14919 Jul  8 01:40 JavaCompiledCompositeTest2_CompiledCompositeActor.java
-rw-rw-r-- 1 travis travis  1793 Jul  8 01:40 JavaCompiledCompositeTest2_CompiledCompositeActor$_JavaCompiledCompositeTest2_CompiledCompositeActor.class
-rw-rw-r-- 1 travis travis  1625 Jul  8 01:40 JavaCompiledCompositeTest2_CompiledCompositeActor.mk
-rw-rw-r-- 1 travis travis  4505 Jul  8 01:40 JavaCompiledCompositeTest3_CompiledCompositeActor.class
-rw-rw-r-- 1 travis travis 13080 Jul  8 01:40 JavaCompiledCompositeTest3_CompiledCompositeActor.java
-rw-rw-r-- 1 travis travis  1378 Jul  8 01:40 JavaCompiledCompositeTest3_CompiledCompositeActor$_JavaCompiledCompositeTest3_CompiledCompositeActor.class
-rw-rw-r-- 1 travis travis  1625 Jul  8 01:40 JavaCompiledCompositeTest3_CompiledCompositeActor.mk
-rw-rw-r-- 1 travis travis  3953 Jul  8 01:40 JavaCompiledCompositeTest4_CompiledCompositeActor.class
-rw-rw-r-- 1 travis travis  9687 Jul  8 01:40 JavaCompiledCompositeTest4_CompiledCompositeActor.java
-rw-rw-r-- 1 travis travis   857 Jul  8 01:40 JavaCompiledCompositeTest4_CompiledCompositeActor$_JavaCompiledCompositeTest4_CompiledCompositeActor.class
-rw-rw-r-- 1 travis travis  1625 Jul  8 01:40 JavaCompiledCompositeTest4_CompiledCompositeActor.mk
-rw-rw-r-- 1 travis travis  3693 Jul  8 01:40 ModularCG_A1_B1.class
-rw-rw-r-- 1 travis travis  9730 Jul  8 01:40 ModularCG_A1_B1.java
-rw-rw-r-- 1 travis travis   832 Jul  8 01:40 ModularCG_A1_B1.mk
-rw-rw-r-- 1 travis travis  1318 Jul  8 01:40 ModularCG_A1_B1_profile.class
-rw-rw-r-- 1 travis travis  1262 Jul  8 01:40 ModularCG_A1_B1_profile.java
-rw-rw-r-- 1 travis travis  3693 Jul  8 01:40 ModularCG_A1_B2.class
-rw-rw-r-- 1 travis travis  9730 Jul  8 01:40 ModularCG_A1_B2.java
-rw-rw-r-- 1 travis travis   832 Jul  8 01:40 ModularCG_A1_B2.mk
-rw-rw-r-- 1 travis travis  1318 Jul  8 01:40 ModularCG_A1_B2_profile.class
-rw-rw-r-- 1 travis travis  1262 Jul  8 01:40 ModularCG_A1_B2_profile.java
-rw-rw-r-- 1 travis travis  4799 Jul  8 01:41 ModularCG_A1.class
-rw-rw-r-- 1 travis travis 14742 Jul  8 01:41 ModularCG_A1.java
-rw-rw-r-- 1 travis travis   808 Jul  8 01:41 ModularCG_A1.mk
-rw-rw-r-- 1 travis travis  1433 Jul  8 01:41 ModularCG_A1_profile.class
-rw-rw-r-- 1 travis travis  1704 Jul  8 01:40 ModularCG_A1_profile.java
-rw-rw-r-- 1 travis travis  3827 Jul  8 01:41 ModularCG_A2_B1.class
-rw-rw-r-- 1 travis travis 10667 Jul  8 01:41 ModularCG_A2_B1.java
-rw-rw-r-- 1 travis travis   832 Jul  8 01:41 ModularCG_A2_B1.mk
-rw-rw-r-- 1 travis travis  1381 Jul  8 01:41 ModularCG_A2_B1_profile.class
-rw-rw-r-- 1 travis travis  1446 Jul  8 01:41 ModularCG_A2_B1_profile.java
-rw-rw-r-- 1 travis travis  3693 Jul  8 01:41 ModularCG_A2_B2.class
-rw-rw-r-- 1 travis travis  9730 Jul  8 01:41 ModularCG_A2_B2.java
-rw-rw-r-- 1 travis travis   832 Jul  8 01:41 ModularCG_A2_B2.mk
-rw-rw-r-- 1 travis travis  1318 Jul  8 01:41 ModularCG_A2_B2_profile.class
-rw-rw-r-- 1 travis travis  1262 Jul  8 01:41 ModularCG_A2_B2_profile.java
-rw-rw-r-- 1 travis travis  4870 Jul  8 01:41 ModularCG_A2.class
-rw-rw-r-- 1 travis travis 15129 Jul  8 01:41 ModularCG_A2.java
-rw-rw-r-- 1 travis travis   808 Jul  8 01:41 ModularCG_A2.mk
-rw-rw-r-- 1 travis travis  1433 Jul  8 01:41 ModularCG_A2_profile.class
-rw-rw-r-- 1 travis travis  1704 Jul  8 01:41 ModularCG_A2_profile.java
-rw-rw-r-- 1 travis travis  3473 Jul  8 01:41 ModularCGPubSub_A1_A2.class
-rw-rw-r-- 1 travis travis  9076 Jul  8 01:41 ModularCGPubSub_A1_A2.java
-rw-rw-r-- 1 travis travis   880 Jul  8 01:41 ModularCGPubSub_A1_A2.mk
-rw-rw-r-- 1 travis travis  1300 Jul  8 01:41 ModularCGPubSub_A1_A2_profile.class
-rw-rw-r-- 1 travis travis  1222 Jul  8 01:41 ModularCGPubSub_A1_A2_profile.java
-rw-rw-r-- 1 travis travis  3790 Jul  8 01:41 ModularCGPubSub_A1.class
-rw-rw-r-- 1 travis travis  9836 Jul  8 01:41 ModularCGPubSub_A1.java
-rw-rw-r-- 1 travis travis   856 Jul  8 01:41 ModularCGPubSub_A1.mk
-rw-rw-r-- 1 travis travis  1346 Jul  8 01:41 ModularCGPubSub_A1_profile.class
-rw-rw-r-- 1 travis travis  1388 Jul  8 01:41 ModularCGPubSub_A1_profile.java
-rw-rw-r-- 1 travis travis  3988 Jul  8 01:41 ModularCodeGen2_ModularCodeGenTypedCompositeActor.class
-rw-rw-r-- 1 travis travis 11690 Jul  8 01:41 ModularCodeGen2_ModularCodeGenTypedCompositeActor.java
-rw-rw-r-- 1 travis travis  1104 Jul  8 01:41 ModularCodeGen2_ModularCodeGenTypedCompositeActor.mk
-rw-rw-r-- 1 travis travis  4272 Jul  8 01:41 ModularCodeGen2_ModularCodeGenTypedCompositeActor_ModularCodeGenTypedCompositeActor.class
-rw-rw-r-- 1 travis travis 11790 Jul  8 01:41 ModularCodeGen2_ModularCodeGenTypedCompositeActor_ModularCodeGenTypedCompositeActor.java
-rw-rw-r-- 1 travis travis  1376 Jul  8 01:41 ModularCodeGen2_ModularCodeGenTypedCompositeActor_ModularCodeGenTypedCompositeActor.mk
-rw-rw-r-- 1 travis travis  1421 Jul  8 01:41 ModularCodeGen2_ModularCodeGenTypedCompositeActor_ModularCodeGenTypedCompositeActor_profile.class
-rw-rw-r-- 1 travis travis  1294 Jul  8 01:41 ModularCodeGen2_ModularCodeGenTypedCompositeActor_ModularCodeGenTypedCompositeActor_profile.java
-rw-rw-r-- 1 travis travis   820 Jul  8 01:41 ModularCodeGen2_ModularCodeGenTypedCompositeActor_profile.class
-rw-rw-r-- 1 travis travis   693 Jul  8 01:41 ModularCodeGen2_ModularCodeGenTypedCompositeActor_profile.java
-rw-rw-r-- 1 travis travis  3741 Jul  8 01:41 ModularCodeGen3_A1_B1.class
-rw-rw-r-- 1 travis travis  9958 Jul  8 01:41 ModularCodeGen3_A1_B1.java
-rw-rw-r-- 1 travis travis   880 Jul  8 01:41 ModularCodeGen3_A1_B1.mk
-rw-rw-r-- 1 travis travis  1330 Jul  8 01:41 ModularCodeGen3_A1_B1_profile.class
-rw-rw-r-- 1 travis travis  1274 Jul  8 01:41 ModularCodeGen3_A1_B1_profile.java
-rw-rw-r-- 1 travis travis  3741 Jul  8 01:41 ModularCodeGen3_A1_B2.class
-rw-rw-r-- 1 travis travis  9958 Jul  8 01:41 ModularCodeGen3_A1_B2.java
-rw-rw-r-- 1 travis travis   880 Jul  8 01:41 ModularCodeGen3_A1_B2.mk
-rw-rw-r-- 1 travis travis  1330 Jul  8 01:41 ModularCodeGen3_A1_B2_profile.class
-rw-rw-r-- 1 travis travis  1274 Jul  8 01:41 ModularCodeGen3_A1_B2_profile.java
-rw-rw-r-- 1 travis travis  4961 Jul  8 01:41 ModularCodeGen3_A1.class
-rw-rw-r-- 1 travis travis 15564 Jul  8 01:41 ModularCodeGen3_A1.java
-rw-rw-r-- 1 travis travis   856 Jul  8 01:41 ModularCodeGen3_A1.mk
-rw-rw-r-- 1 travis travis  1445 Jul  8 01:41 ModularCodeGen3_A1_profile.class
-rw-rw-r-- 1 travis travis  1716 Jul  8 01:41 ModularCodeGen3_A1_profile.java
-rw-rw-r-- 1 travis travis  3887 Jul  8 01:41 ModularCodeGen3_A2_B1.class
-rw-rw-r-- 1 travis travis 10955 Jul  8 01:41 ModularCodeGen3_A2_B1.java
-rw-rw-r-- 1 travis travis   880 Jul  8 01:41 ModularCodeGen3_A2_B1.mk
-rw-rw-r-- 1 travis travis  1393 Jul  8 01:41 ModularCodeGen3_A2_B1_profile.class
-rw-rw-r-- 1 travis travis  1458 Jul  8 01:41 ModularCodeGen3_A2_B1_profile.java
-rw-rw-r-- 1 travis travis  3741 Jul  8 01:41 ModularCodeGen3_A2_B2.class
-rw-rw-r-- 1 travis travis  9958 Jul  8 01:41 ModularCodeGen3_A2_B2.java
-rw-rw-r-- 1 travis travis   880 Jul  8 01:41 ModularCodeGen3_A2_B2.mk
-rw-rw-r-- 1 travis travis  1330 Jul  8 01:41 ModularCodeGen3_A2_B2_profile.class
-rw-rw-r-- 1 travis travis  1274 Jul  8 01:41 ModularCodeGen3_A2_B2_profile.java
-rw-rw-r-- 1 travis travis  5038 Jul  8 01:41 ModularCodeGen3_A2.class
-rw-rw-r-- 1 travis travis 15957 Jul  8 01:41 ModularCodeGen3_A2.java
-rw-rw-r-- 1 travis travis   856 Jul  8 01:41 ModularCodeGen3_A2.mk
-rw-rw-r-- 1 travis travis  1445 Jul  8 01:41 ModularCodeGen3_A2_profile.class
-rw-rw-r-- 1 travis travis  1716 Jul  8 01:41 ModularCodeGen3_A2_profile.java
-rw-rw-r-- 1 travis travis  3794 Jul  8 01:41 ModularCodeGen4_A1_B1.class
-rw-rw-r-- 1 travis travis 10312 Jul  8 01:41 ModularCodeGen4_A1_B1.java
-rw-rw-r-- 1 travis travis   880 Jul  8 01:41 ModularCodeGen4_A1_B1.mk
-rw-rw-r-- 1 travis travis  1330 Jul  8 01:41 ModularCodeGen4_A1_B1_profile.class
-rw-rw-r-- 1 travis travis  1273 Jul  8 01:41 ModularCodeGen4_A1_B1_profile.java
-rw-rw-r-- 1 travis travis  3794 Jul  8 01:41 ModularCodeGen4_A1_B2.class
-rw-rw-r-- 1 travis travis 10312 Jul  8 01:41 ModularCodeGen4_A1_B2.java
-rw-rw-r-- 1 travis travis   880 Jul  8 01:41 ModularCodeGen4_A1_B2.mk
-rw-rw-r-- 1 travis travis  1330 Jul  8 01:41 ModularCodeGen4_A1_B2_profile.class
-rw-rw-r-- 1 travis travis  1273 Jul  8 01:41 ModularCodeGen4_A1_B2_profile.java
-rw-rw-r-- 1 travis travis  5101 Jul  8 01:41 ModularCodeGen4_A1.class
-rw-rw-r-- 1 travis travis 16245 Jul  8 01:41 ModularCodeGen4_A1.java
-rw-rw-r-- 1 travis travis   856 Jul  8 01:41 ModularCodeGen4_A1.mk
-rw-rw-r-- 1 travis travis  1445 Jul  8 01:41 ModularCodeGen4_A1_profile.class
-rw-rw-r-- 1 travis travis  1712 Jul  8 01:41 ModularCodeGen4_A1_profile.java
-rw-rw-r-- 1 travis travis  3988 Jul  8 01:41 ModularCodeGen4_A2_B1.class
-rw-rw-r-- 1 travis travis 11375 Jul  8 01:41 ModularCodeGen4_A2_B1.java
-rw-rw-r-- 1 travis travis   880 Jul  8 01:41 ModularCodeGen4_A2_B1.mk
-rw-rw-r-- 1 travis travis  1393 Jul  8 01:41 ModularCodeGen4_A2_B1_profile.class
-rw-rw-r-- 1 travis travis  1454 Jul  8 01:41 ModularCodeGen4_A2_B1_profile.java
-rw-rw-r-- 1 travis travis  3842 Jul  8 01:41 ModularCodeGen4_A2_B2.class
-rw-rw-r-- 1 travis travis 10378 Jul  8 01:41 ModularCodeGen4_A2_B2.java
-rw-rw-r-- 1 travis travis   880 Jul  8 01:41 ModularCodeGen4_A2_B2.mk
-rw-rw-r-- 1 travis travis  1330 Jul  8 01:41 ModularCodeGen4_A2_B2_profile.class
-rw-rw-r-- 1 travis travis  1270 Jul  8 01:41 ModularCodeGen4_A2_B2_profile.java
-rw-rw-r-- 1 travis travis  5274 Jul  8 01:41 ModularCodeGen4_A2.class
-rw-rw-r-- 1 travis travis 16770 Jul  8 01:41 ModularCodeGen4_A2.java
-rw-rw-r-- 1 travis travis   856 Jul  8 01:41 ModularCodeGen4_A2.mk
-rw-rw-r-- 1 travis travis  1445 Jul  8 01:41 ModularCodeGen4_A2_profile.class
-rw-rw-r-- 1 travis travis  1712 Jul  8 01:41 ModularCodeGen4_A2_profile.java
-rw-rw-r-- 1 travis travis  6838 Jul  8 01:41 ModularCodeGen5_A_A.class
-rw-rw-r-- 1 travis travis 28721 Jul  8 01:41 ModularCodeGen5_A_A.java
-rw-rw-r-- 1 travis travis   864 Jul  8 01:41 ModularCodeGen5_A_A.mk
-rw-rw-r-- 1 travis travis  1520 Jul  8 01:41 ModularCodeGen5_A_A_profile.class
-rw-rw-r-- 1 travis travis  1815 Jul  8 01:41 ModularCodeGen5_A_A_profile.java
-rw-rw-r-- 1 travis travis  5115 Jul  8 01:41 ModularCodeGen5_A.class
-rw-rw-r-- 1 travis travis 13769 Jul  8 01:41 ModularCodeGen5_A.java
-rw-rw-r-- 1 travis travis   848 Jul  8 01:41 ModularCodeGen5_A.mk
-rw-rw-r-- 1 travis travis  1422 Jul  8 01:41 ModularCodeGen5_A_profile.class
-rw-rw-r-- 1 travis travis  1605 Jul  8 01:41 ModularCodeGen5_A_profile.java
-rw-rw-r-- 1 travis travis  4125 Jul  8 01:41 ModularCodeGen6_A_A2.class
-rw-rw-r-- 1 travis travis 11329 Jul  8 01:41 ModularCodeGen6_A_A2.java
-rw-rw-r-- 1 travis travis   872 Jul  8 01:41 ModularCodeGen6_A_A2.mk
-rw-rw-r-- 1 travis travis  1351 Jul  8 01:41 ModularCodeGen6_A_A2_profile.class
-rw-rw-r-- 1 travis travis  1364 Jul  8 01:41 ModularCodeGen6_A_A2_profile.java
-rw-rw-r-- 1 travis travis  4108 Jul  8 01:41 ModularCodeGen6_A_A.class
-rw-rw-r-- 1 travis travis 11221 Jul  8 01:41 ModularCodeGen6_A_A.java
-rw-rw-r-- 1 travis travis   864 Jul  8 01:41 ModularCodeGen6_A_A.mk
-rw-rw-r-- 1 travis travis  1348 Jul  8 01:41 ModularCodeGen6_A_A_profile.class
-rw-rw-r-- 1 travis travis  1361 Jul  8 01:41 ModularCodeGen6_A_A_profile.java
-rw-rw-r-- 1 travis travis  7237 Jul  8 01:42 ModularCodeGen6_A.class
-rw-rw-r-- 1 travis travis 26535 Jul  8 01:41 ModularCodeGen6_A.java
-rw-rw-r-- 1 travis travis   848 Jul  8 01:41 ModularCodeGen6_A.mk
-rw-rw-r-- 1 travis travis  1483 Jul  8 01:41 ModularCodeGen6_A_profile.class
-rw-rw-r-- 1 travis travis  1810 Jul  8 01:41 ModularCodeGen6_A_profile.java
-rw-rw-r-- 1 travis travis  1091 Jul  8 01:42 ModularCodeGenLazyPubSub_LazyCompositeActor_profile.java
-rw-rw-r-- 1 travis travis  3954 Jul  8 01:41 ModularCodeGen_ModularCodeGenTypedCompositeActor.class
-rw-rw-r-- 1 travis travis 10970 Jul  8 01:41 ModularCodeGen_ModularCodeGenTypedCompositeActor.java
-rw-rw-r-- 1 travis travis  1096 Jul  8 01:41 ModularCodeGen_ModularCodeGenTypedCompositeActor.mk
-rw-rw-r-- 1 travis travis  1384 Jul  8 01:41 ModularCodeGen_ModularCodeGenTypedCompositeActor_profile.class
-rw-rw-r-- 1 travis travis  1328 Jul  8 01:41 ModularCodeGen_ModularCodeGenTypedCompositeActor_profile.java
-rw-rw-r-- 1 travis travis  3492 Jul  8 01:40 ModularCodeGenTest_A1_A2.class
-rw-rw-r-- 1 travis travis  9164 Jul  8 01:40 ModularCodeGenTest_A1_A2.java
-rw-rw-r-- 1 travis travis   904 Jul  8 01:40 ModularCodeGenTest_A1_A2.mk
-rw-rw-r-- 1 travis travis  1306 Jul  8 01:40 ModularCodeGenTest_A1_A2_profile.class
-rw-rw-r-- 1 travis travis  1228 Jul  8 01:40 ModularCodeGenTest_A1_A2_profile.java
-rw-rw-r-- 1 travis travis  3823 Jul  8 01:40 ModularCodeGenTest_A1.class
-rw-rw-r-- 1 travis travis  9968 Jul  8 01:40 ModularCodeGenTest_A1.java
-rw-rw-r-- 1 travis travis   880 Jul  8 01:40 ModularCodeGenTest_A1.mk
-rw-rw-r-- 1 travis travis  1352 Jul  8 01:40 ModularCodeGenTest_A1_profile.class
-rw-rw-r-- 1 travis travis  1394 Jul  8 01:40 ModularCodeGenTest_A1_profile.java
-rw-rw-r-- 1 travis travis   432 Jul  8 01:42 Token.class
-rw-rw-r-- 1 travis travis   251 Jul  8 01:41 Token.java
warning: Supported source version 'RELEASE_6' from annotation processor 'org.netbeans.modules.openide.util.NbBundleProcessor' less than -source '1.8'
warning: Supported source version 'RELEASE_6' from annotation processor 'org.netbeans.modules.openide.util.URLStreamHandlerRegistrationProcessor' less than -source '1.8'
warning: Supported source version 'RELEASE_6' from annotation processor 'org.netbeans.modules.openide.util.ServiceProviderProcessor' less than -source '1.8'
3 warnings
All Done
Writing ModularCodeGenLazyPubSub_LazyCompositeActor.java in file:/home/travis/cg/ (11122 characters)
Reading "ptolemy/cg/kernel/generic/program/procedural/java/modular/makefile.in",
    writing "/home/travis/cg/ModularCodeGenLazyPubSub_LazyCompositeActor.mk"
Using ptolemy/cg/kernel/generic/program/procedural/java/modular/makefile.in
In "/home/travis/cg", about to execute:
    make -f ModularCodeGenLazyPubSub_LazyCompositeActor.mk
javac -classpath ".:.."    ModularCodeGenLazyPubSub_LazyCompositeActor.java
All Done
2896 ms. Memory: 491008K Free: 294121K (60%)
----------------- Invoking toplevel() on ptolemy.moml.MoMLSimpleApplication@3928ff53
----------------- Done invoking toplevel() on ptolemy.moml.MoMLSimpleApplication@3928ff53
reloadAllAccessors: .ModularCodeGenLazyPubSub

===========================================================================================
----------------- testing Sun Jul 08 01:42:03 UTC 2018 /home/travis/build/icyphy/ptII/ptolemy/cg/lib/test/auto/ModularCodeGenLazyPubSubGlobal.xml
----------------- Instantiating /home/travis/build/icyphy/ptII/ptolemy/cg/lib/test/auto/ModularCodeGenLazyPubSubGlobal.xml
In "/home/travis/cg", about to execute:
    pwd
In "/home/travis/cg", about to execute:
    ls -l
/home/travis/cg
In "/home/travis/cg", about to execute:
    javac -classpath
.:/home/travis/build/icyphy/ptII:/home/travis/build/icyphy/ptII/lib/bsh-2.0b4.j
ar:/home/travis/build/icyphy/ptII/lib/ptCal.jar:/home/travis/build/icyphy/ptII/
lib/java_cup.jar:/home/travis/build/icyphy/ptII/lib/saxon8.jar:/home/travis/bui
ld/icyphy/ptII/lib/saxon8-dom.jar:/home/travis/build/icyphy/ptII/lib/chic.jar:/
home/travis/build/icyphy/ptII/lib/ptcolt.jar:/usr/lib/jvm/java-8-oracle/lib/too
ls.jar:/usr/lib/eclipse/plugins/org.eclipse.jdt.core_3.8.2.dist.jar:/usr/lib/ec
lipse/plugins/org.eclipse.core.runtime_3.8.0.dist.jar:/usr/lib/eclipse/plugins/
org.eclipse.osgi_3.8.1.dist.jar:/usr/lib/eclipse/plugins/org.eclipse.core.resou
rces_3.8.1.dist.jar:/usr/lib/eclipse/plugins/org.eclipse.equinox.common_3.6.100
.dist.jar:/usr/lib/eclipse/plugins/org.eclipse.core.jobs_3.5.200.dist.jar:/usr/
lib/eclipse/plugins/org.eclipse.core.contenttype_3.4.200.dist.jar:/usr/lib/ecli
pse/plugins/org.eclipse.equinox.preferences_3.5.0.dist.jar:/usr/lib/eclipse/plu
gins/org.eclipse.text_3.5.200.dist.jar:/usr/lib/eclipse/plugins/org.eclipse.ui.
workbench_3.8.1.dist.jar:/usr/lib/eclipse/plugins/org.eclipse.jface_3.8.0.dist.
jar:/usr/lib/eclipse/plugins/org.eclipse.swt_3.8.2.jar:/usr/lib/eclipse/plugins
/org.eclipse.jface.text_3.8.1.dist.jar:/usr/lib/eclipse/plugins/org.eclipse.ui.
workbench.texteditor_3.8.0.dist.jar:/usr/lib/eclipse/plugins/org.eclipse.ui.edi
tors_3.8.0.dist.jar:/usr/lib/eclipse/plugins/org.eclipse.core.commands_3.6.1.di
st.jar:/usr/lib/eclipse/plugins/org.eclipse.equinox.registry_3.5.200.dist.jar:/
usr/lib/eclipse/plugins/org.eclipse.ui.console_3.5.100.dist.jar:/usr/lib/eclips
e/plugins/org.eclipse.ui.forms_3.5.200.dist.jar:/usr/lib/eclipse/plugins/org.ec
lipse.ui.ide_3.8.1.dist.jar:/home/travis/build/icyphy/ptII/vendors/oracle/dbxml
.jar:/home/travis/build/icyphy/ptII/vendors/oracle/db.jar:/home/travis/build/ic
yphy/ptII/vendors/misc/itext/iText.jar:/home/travis/build/icyphy/ptII/lib/g4ltl
.jar:/home/travis/build/icyphy/ptII/lib/StructuralCoder.jar:/home/travis/build/
icyphy/ptII/lib/org-openide-util.jar:/home/travis/build/icyphy/ptII/lib/org-ope
nide-util-lookup.jar:/home/travis/build/icyphy/ptII/lib/org-netbeans-api-visual
.jar:/home/travis/build/icyphy/ptII/vendors/jai-1_1_2_01/lib/jai_core.jar:/home
/travis/build/icyphy/ptII/vendors/jai-1_1_2_01/lib/jai_codec.jar:/home/travis/b
uild/icyphy/ptII/lib/jcerti.jar:/home/travis/build/icyphy/ptII/lib/smack.jar:/h
ome/travis/build/icyphy/ptII/lib/smackx.jar:/home/travis/build/icyphy/ptII/lib/
jetty-all-8.1.5-v20120716.jar:/home/travis/build/icyphy/ptII/lib/javax.servlet-
api-3.0.1.jar:/home/travis/build/icyphy/ptII/lib/javax.mail.jar:/home/travis/bu
ild/icyphy/ptII/vendors/JMF-2.1.1e/lib/jmf.jar:/home/travis/build/icyphy/ptII/l
ib/jna-4.0.0-variadic.jar:/home/travis/build/icyphy/ptII/vendors/misc/joystick/
Joystick.jar:/home/travis/build/icyphy/ptII/lib/ptjacl.jar:/home/travis/build/i
cyphy/ptII/lib/jsoup-1.8.2.jar:/home/travis/build/icyphy/ptII/lib/junit-4.8.2.j
ar:/home/travis/build/icyphy/ptII/lib/JUnitParams-0.4.0.jar:/home/travis/build/
icyphy/ptII/ptolemy/actor/lib/excel/jxl.jar:/home/travis/build/icyphy/ptII/lib/
jython.jar:/home/travis/build/icyphy/ptII/lib/kieler.jar:/home/travis/build/icy
phy/ptII/vendors/opencv/share/OpenCV/java/opencv-341.jar:/home/travis/build/icy
phy/ptII/lib/oscP5.jar:/home/travis/build/icyphy/ptII/lib/nrjavaserial-3.11.0.d
evel.jar:/home/travis/build/icyphy/ptII/vendors/j3d/lib/j3dcore.jar:/home/travi
s/build/icyphy/ptII/vendors/j3d/lib/j3dutils.jar:/home/travis/build/icyphy/ptII
/vendors/j3d/lib/vecmath.jar:/home/travis/build/icyphy/ptII/ptolemy/distributed
/jini/jar/jini-core.jar:/home/travis/build/icyphy/ptII/ptolemy/distributed/jini
/jar/jini-ext.jar:/home/travis/build/icyphy/ptII/ptolemy/distributed/jini/jar/s
un-util.jar:/home/travis/build/icyphy/ptII/lib/protobuf-java-2.4.1.jar:/home/tr
avis/build/icyphy/ptII/lib/org.eclipse.paho.client.mqttv3.jar:/home/travis/buil
d/icyphy/ptII/ptserver/lib/hessian-4.0.7.jar:/home/travis/build/icyphy/ptII/pts
erver/lib/wmqtt.jar:/home/travis/build/icyphy/ptII/lib/mapss.jar:/home/travis/b
uild/icyphy/ptII/ptolemy/actor/ptalon/antlr/antlr.jar:/home/travis/build/icyphy
/ptII/lib/JRI.jar:/home/travis/build/icyphy/ptII/lib/commons-lang-2.6.jar:/home
/travis/build/icyphy/ptII/lib/commons-logging-1.1.1.jar:/home/travis/build/icyp
hy/ptII/lib/sootclasses.jar:/home/travis/build/icyphy/ptII/ptolemy/actor/lib/da
tabase/mysql-connector-java-5.1.6-bin.jar:/home/travis/build/icyphy/ptII/vendor
s/misc/sphinx4/sphinx4-data-5prealpha.jar:/home/travis/build/icyphy/ptII/vendor
s/misc/sphinx4/sphinx4-core-5prealpha.jar:/home/travis/build/icyphy/ptII/lib/PD
FRenderer.jar:/home/travis/build/icyphy/ptII/lib/svgSalamander.jar:/home/travis
/build/icyphy/ptII/lib/rsyntaxtextarea-2.6.0-SNAPSHOT.jar:/home/travis/build/ic
yphy/ptII/lib/hazelcast-3.8.2.jar:/home/travis/build/icyphy/ptII/lib/jackson-an
notations-2.9.0.jar:/home/travis/build/icyphy/ptII/lib/jackson-core-2.9.3.jar:/
home/travis/build/icyphy/ptII/lib/jackson-databind-2.9.3.jar:/home/travis/build
/icyphy/ptII/lib/netty-buffer-4.1.19.Final.jar:/home/travis/build/icyphy/ptII/l
ib/netty-codec-4.1.19.Final.jar:/home/travis/build/icyphy/ptII/lib/netty-codec-
dns-4.1.19.Final.jar:/home/travis/build/icyphy/ptII/lib/netty-codec-http-4.1.19
.Final.jar:/home/travis/build/icyphy/ptII/lib/netty-codec-http2-4.1.19.Final.ja
r:/home/travis/build/icyphy/ptII/lib/netty-common-4.1.19.Final.jar:/home/travis
/build/icyphy/ptII/lib/netty-handler-4.1.19.Final.jar:/home/travis/build/icyphy
/ptII/lib/netty-resolver-4.1.19.Final.jar:/home/travis/build/icyphy/ptII/lib/ne
tty-resolver-dns-4.1.19.Final.jar:/home/travis/build/icyphy/ptII/lib/netty-tran
sport-4.1.19.Final.jar:/home/travis/build/icyphy/ptII/lib/vertx-codegen-3.5.1.j
ar:/home/travis/build/icyphy/ptII/lib/vertx-core-3.5.2-SNAPSHOT.jar:/home/travi
s/build/icyphy/ptII/lib/vertx-hazelcast-3.5.1.jar:/home/travis/build/icyphy/ptI
I/lib/vertx-lang-js-3.5.1.jar:/home/travis/build/icyphy/ptII/lib/vertx-service-
proxy-3.5.1.jar:/home/travis/build/icyphy/ptII/lib/vertx-web-3.5.1.jar:/home/tr
avis/build/icyphy/ptII/lib/slf4j-api-1.7.13.jar:/home/travis/build/icyphy/ptII/
lib/slf4j-simple-1.7.13.jar:/home/travis/build/icyphy/ptII/lib/webcam-capture-0
.3.12.jar:/home/travis/build/icyphy/ptII/lib/bridj-0.7.0.jar:/home/travis/build
/icyphy/ptII/lib/xbjlib-1.1.0.nrjavaserial.jar:/home/travis/build/icyphy/ptII/p
tolemy/moml/test:/home/travis/build/icyphy/ptII/ant/lib/ant-launcher.jar:/home/
travis/build/icyphy/ptII/ant/lib/ant.jar:/home/travis/build/icyphy/ptII/ant/lib
/ant-junit.jar:/home/travis/build/icyphy/ptII/ant/lib/ant-junit4.jar:/home/trav
is/build/icyphy/ptII
ModularCodeGenLazyPubSubGlobal_CompositeActor_ModularCodeGenTypedComposite_prof
ile.java
total 1144
-rw-rw-r-- 1 travis travis  4895 Jul  8 01:40 CompiledCompositeActor_CompiledCompositeActor.class
-rw-rw-r-- 1 travis travis  1592 Jul  8 01:40 CompiledCompositeActor_CompiledCompositeActor$_CompiledCompositeActor_CompiledCompositeActor.class
-rw-rw-r-- 1 travis travis 13466 Jul  8 01:40 CompiledCompositeActor_CompiledCompositeActor.java
-rw-rw-r-- 1 travis travis  1593 Jul  8 01:40 CompiledCompositeActor_CompiledCompositeActor.mk
-rw-rw-r-- 1 travis travis  4457 Jul  8 01:40 JavaCompiledCompositeTest1_CompiledCompositeActor.class
-rw-rw-r-- 1 travis travis 11637 Jul  8 01:40 JavaCompiledCompositeTest1_CompiledCompositeActor.java
-rw-rw-r-- 1 travis travis  1198 Jul  8 01:40 JavaCompiledCompositeTest1_CompiledCompositeActor$_JavaCompiledCompositeTest1_CompiledCompositeActor.class
-rw-rw-r-- 1 travis travis  1625 Jul  8 01:40 JavaCompiledCompositeTest1_CompiledCompositeActor.mk
-rw-rw-r-- 1 travis travis  4888 Jul  8 01:40 JavaCompiledCompositeTest2_CompiledCompositeActor.class
-rw-rw-r-- 1 travis travis 14919 Jul  8 01:40 JavaCompiledCompositeTest2_CompiledCompositeActor.java
-rw-rw-r-- 1 travis travis  1793 Jul  8 01:40 JavaCompiledCompositeTest2_CompiledCompositeActor$_JavaCompiledCompositeTest2_CompiledCompositeActor.class
-rw-rw-r-- 1 travis travis  1625 Jul  8 01:40 JavaCompiledCompositeTest2_CompiledCompositeActor.mk
-rw-rw-r-- 1 travis travis  4505 Jul  8 01:40 JavaCompiledCompositeTest3_CompiledCompositeActor.class
-rw-rw-r-- 1 travis travis 13080 Jul  8 01:40 JavaCompiledCompositeTest3_CompiledCompositeActor.java
-rw-rw-r-- 1 travis travis  1378 Jul  8 01:40 JavaCompiledCompositeTest3_CompiledCompositeActor$_JavaCompiledCompositeTest3_CompiledCompositeActor.class
-rw-rw-r-- 1 travis travis  1625 Jul  8 01:40 JavaCompiledCompositeTest3_CompiledCompositeActor.mk
-rw-rw-r-- 1 travis travis  3953 Jul  8 01:40 JavaCompiledCompositeTest4_CompiledCompositeActor.class
-rw-rw-r-- 1 travis travis  9687 Jul  8 01:40 JavaCompiledCompositeTest4_CompiledCompositeActor.java
-rw-rw-r-- 1 travis travis   857 Jul  8 01:40 JavaCompiledCompositeTest4_CompiledCompositeActor$_JavaCompiledCompositeTest4_CompiledCompositeActor.class
-rw-rw-r-- 1 travis travis  1625 Jul  8 01:40 JavaCompiledCompositeTest4_CompiledCompositeActor.mk
-rw-rw-r-- 1 travis travis  3693 Jul  8 01:40 ModularCG_A1_B1.class
-rw-rw-r-- 1 travis travis  9730 Jul  8 01:40 ModularCG_A1_B1.java
-rw-rw-r-- 1 travis travis   832 Jul  8 01:40 ModularCG_A1_B1.mk
-rw-rw-r-- 1 travis travis  1318 Jul  8 01:40 ModularCG_A1_B1_profile.class
-rw-rw-r-- 1 travis travis  1262 Jul  8 01:40 ModularCG_A1_B1_profile.java
-rw-rw-r-- 1 travis travis  3693 Jul  8 01:40 ModularCG_A1_B2.class
-rw-rw-r-- 1 travis travis  9730 Jul  8 01:40 ModularCG_A1_B2.java
-rw-rw-r-- 1 travis travis   832 Jul  8 01:40 ModularCG_A1_B2.mk
-rw-rw-r-- 1 travis travis  1318 Jul  8 01:40 ModularCG_A1_B2_profile.class
-rw-rw-r-- 1 travis travis  1262 Jul  8 01:40 ModularCG_A1_B2_profile.java
-rw-rw-r-- 1 travis travis  4799 Jul  8 01:41 ModularCG_A1.class
-rw-rw-r-- 1 travis travis 14742 Jul  8 01:41 ModularCG_A1.java
-rw-rw-r-- 1 travis travis   808 Jul  8 01:41 ModularCG_A1.mk
-rw-rw-r-- 1 travis travis  1433 Jul  8 01:41 ModularCG_A1_profile.class
-rw-rw-r-- 1 travis travis  1704 Jul  8 01:40 ModularCG_A1_profile.java
-rw-rw-r-- 1 travis travis  3827 Jul  8 01:41 ModularCG_A2_B1.class
-rw-rw-r-- 1 travis travis 10667 Jul  8 01:41 ModularCG_A2_B1.java
-rw-rw-r-- 1 travis travis   832 Jul  8 01:41 ModularCG_A2_B1.mk
-rw-rw-r-- 1 travis travis  1381 Jul  8 01:41 ModularCG_A2_B1_profile.class
-rw-rw-r-- 1 travis travis  1446 Jul  8 01:41 ModularCG_A2_B1_profile.java
-rw-rw-r-- 1 travis travis  3693 Jul  8 01:41 ModularCG_A2_B2.class
-rw-rw-r-- 1 travis travis  9730 Jul  8 01:41 ModularCG_A2_B2.java
-rw-rw-r-- 1 travis travis   832 Jul  8 01:41 ModularCG_A2_B2.mk
-rw-rw-r-- 1 travis travis  1318 Jul  8 01:41 ModularCG_A2_B2_profile.class
-rw-rw-r-- 1 travis travis  1262 Jul  8 01:41 ModularCG_A2_B2_profile.java
-rw-rw-r-- 1 travis travis  4870 Jul  8 01:41 ModularCG_A2.class
-rw-rw-r-- 1 travis travis 15129 Jul  8 01:41 ModularCG_A2.java
-rw-rw-r-- 1 travis travis   808 Jul  8 01:41 ModularCG_A2.mk
-rw-rw-r-- 1 travis travis  1433 Jul  8 01:41 ModularCG_A2_profile.class
-rw-rw-r-- 1 travis travis  1704 Jul  8 01:41 ModularCG_A2_profile.java
-rw-rw-r-- 1 travis travis  3473 Jul  8 01:41 ModularCGPubSub_A1_A2.class
-rw-rw-r-- 1 travis travis  9076 Jul  8 01:41 ModularCGPubSub_A1_A2.java
-rw-rw-r-- 1 travis travis   880 Jul  8 01:41 ModularCGPubSub_A1_A2.mk
-rw-rw-r-- 1 travis travis  1300 Jul  8 01:41 ModularCGPubSub_A1_A2_profile.class
-rw-rw-r-- 1 travis travis  1222 Jul  8 01:41 ModularCGPubSub_A1_A2_profile.java
-rw-rw-r-- 1 travis travis  3790 Jul  8 01:41 ModularCGPubSub_A1.class
-rw-rw-r-- 1 travis travis  9836 Jul  8 01:41 ModularCGPubSub_A1.java
-rw-rw-r-- 1 travis travis   856 Jul  8 01:41 ModularCGPubSub_A1.mk
-rw-rw-r-- 1 travis travis  1346 Jul  8 01:41 ModularCGPubSub_A1_profile.class
-rw-rw-r-- 1 travis travis  1388 Jul  8 01:41 ModularCGPubSub_A1_profile.java
-rw-rw-r-- 1 travis travis  3988 Jul  8 01:41 ModularCodeGen2_ModularCodeGenTypedCompositeActor.class
-rw-rw-r-- 1 travis travis 11690 Jul  8 01:41 ModularCodeGen2_ModularCodeGenTypedCompositeActor.java
-rw-rw-r-- 1 travis travis  1104 Jul  8 01:41 ModularCodeGen2_ModularCodeGenTypedCompositeActor.mk
-rw-rw-r-- 1 travis travis  4272 Jul  8 01:41 ModularCodeGen2_ModularCodeGenTypedCompositeActor_ModularCodeGenTypedCompositeActor.class
-rw-rw-r-- 1 travis travis 11790 Jul  8 01:41 ModularCodeGen2_ModularCodeGenTypedCompositeActor_ModularCodeGenTypedCompositeActor.java
-rw-rw-r-- 1 travis travis  1376 Jul  8 01:41 ModularCodeGen2_ModularCodeGenTypedCompositeActor_ModularCodeGenTypedCompositeActor.mk
-rw-rw-r-- 1 travis travis  1421 Jul  8 01:41 ModularCodeGen2_ModularCodeGenTypedCompositeActor_ModularCodeGenTypedCompositeActor_profile.class
-rw-rw-r-- 1 travis travis  1294 Jul  8 01:41 ModularCodeGen2_ModularCodeGenTypedCompositeActor_ModularCodeGenTypedCompositeActor_profile.java
-rw-rw-r-- 1 travis travis   820 Jul  8 01:41 ModularCodeGen2_ModularCodeGenTypedCompositeActor_profile.class
-rw-rw-r-- 1 travis travis   693 Jul  8 01:41 ModularCodeGen2_ModularCodeGenTypedCompositeActor_profile.java
-rw-rw-r-- 1 travis travis  3741 Jul  8 01:41 ModularCodeGen3_A1_B1.class
-rw-rw-r-- 1 travis travis  9958 Jul  8 01:41 ModularCodeGen3_A1_B1.java
-rw-rw-r-- 1 travis travis   880 Jul  8 01:41 ModularCodeGen3_A1_B1.mk
-rw-rw-r-- 1 travis travis  1330 Jul  8 01:41 ModularCodeGen3_A1_B1_profile.class
-rw-rw-r-- 1 travis travis  1274 Jul  8 01:41 ModularCodeGen3_A1_B1_profile.java
-rw-rw-r-- 1 travis travis  3741 Jul  8 01:41 ModularCodeGen3_A1_B2.class
-rw-rw-r-- 1 travis travis  9958 Jul  8 01:41 ModularCodeGen3_A1_B2.java
-rw-rw-r-- 1 travis travis   880 Jul  8 01:41 ModularCodeGen3_A1_B2.mk
-rw-rw-r-- 1 travis travis  1330 Jul  8 01:41 ModularCodeGen3_A1_B2_profile.class
-rw-rw-r-- 1 travis travis  1274 Jul  8 01:41 ModularCodeGen3_A1_B2_profile.java
-rw-rw-r-- 1 travis travis  4961 Jul  8 01:41 ModularCodeGen3_A1.class
-rw-rw-r-- 1 travis travis 15564 Jul  8 01:41 ModularCodeGen3_A1.java
-rw-rw-r-- 1 travis travis   856 Jul  8 01:41 ModularCodeGen3_A1.mk
-rw-rw-r-- 1 travis travis  1445 Jul  8 01:41 ModularCodeGen3_A1_profile.class
-rw-rw-r-- 1 travis travis  1716 Jul  8 01:41 ModularCodeGen3_A1_profile.java
-rw-rw-r-- 1 travis travis  3887 Jul  8 01:41 ModularCodeGen3_A2_B1.class
-rw-rw-r-- 1 travis travis 10955 Jul  8 01:41 ModularCodeGen3_A2_B1.java
-rw-rw-r-- 1 travis travis   880 Jul  8 01:41 ModularCodeGen3_A2_B1.mk
-rw-rw-r-- 1 travis travis  1393 Jul  8 01:41 ModularCodeGen3_A2_B1_profile.class
-rw-rw-r-- 1 travis travis  1458 Jul  8 01:41 ModularCodeGen3_A2_B1_profile.java
-rw-rw-r-- 1 travis travis  3741 Jul  8 01:41 ModularCodeGen3_A2_B2.class
-rw-rw-r-- 1 travis travis  9958 Jul  8 01:41 ModularCodeGen3_A2_B2.java
-rw-rw-r-- 1 travis travis   880 Jul  8 01:41 ModularCodeGen3_A2_B2.mk
-rw-rw-r-- 1 travis travis  1330 Jul  8 01:41 ModularCodeGen3_A2_B2_profile.class
-rw-rw-r-- 1 travis travis  1274 Jul  8 01:41 ModularCodeGen3_A2_B2_profile.java
-rw-rw-r-- 1 travis travis  5038 Jul  8 01:41 ModularCodeGen3_A2.class
-rw-rw-r-- 1 travis travis 15957 Jul  8 01:41 ModularCodeGen3_A2.java
-rw-rw-r-- 1 travis travis   856 Jul  8 01:41 ModularCodeGen3_A2.mk
-rw-rw-r-- 1 travis travis  1445 Jul  8 01:41 ModularCodeGen3_A2_profile.class
-rw-rw-r-- 1 travis travis  1716 Jul  8 01:41 ModularCodeGen3_A2_profile.java
-rw-rw-r-- 1 travis travis  3794 Jul  8 01:41 ModularCodeGen4_A1_B1.class
-rw-rw-r-- 1 travis travis 10312 Jul  8 01:41 ModularCodeGen4_A1_B1.java
-rw-rw-r-- 1 travis travis   880 Jul  8 01:41 ModularCodeGen4_A1_B1.mk
-rw-rw-r-- 1 travis travis  1330 Jul  8 01:41 ModularCodeGen4_A1_B1_profile.class
-rw-rw-r-- 1 travis travis  1273 Jul  8 01:41 ModularCodeGen4_A1_B1_profile.java
-rw-rw-r-- 1 travis travis  3794 Jul  8 01:41 ModularCodeGen4_A1_B2.class
-rw-rw-r-- 1 travis travis 10312 Jul  8 01:41 ModularCodeGen4_A1_B2.java
-rw-rw-r-- 1 travis travis   880 Jul  8 01:41 ModularCodeGen4_A1_B2.mk
-rw-rw-r-- 1 travis travis  1330 Jul  8 01:41 ModularCodeGen4_A1_B2_profile.class
-rw-rw-r-- 1 travis travis  1273 Jul  8 01:41 ModularCodeGen4_A1_B2_profile.java
-rw-rw-r-- 1 travis travis  5101 Jul  8 01:41 ModularCodeGen4_A1.class
-rw-rw-r-- 1 travis travis 16245 Jul  8 01:41 ModularCodeGen4_A1.java
-rw-rw-r-- 1 travis travis   856 Jul  8 01:41 ModularCodeGen4_A1.mk
-rw-rw-r-- 1 travis travis  1445 Jul  8 01:41 ModularCodeGen4_A1_profile.class
-rw-rw-r-- 1 travis travis  1712 Jul  8 01:41 ModularCodeGen4_A1_profile.java
-rw-rw-r-- 1 travis travis  3988 Jul  8 01:41 ModularCodeGen4_A2_B1.class
-rw-rw-r-- 1 travis travis 11375 Jul  8 01:41 ModularCodeGen4_A2_B1.java
-rw-rw-r-- 1 travis travis   880 Jul  8 01:41 ModularCodeGen4_A2_B1.mk
-rw-rw-r-- 1 travis travis  1393 Jul  8 01:41 ModularCodeGen4_A2_B1_profile.class
-rw-rw-r-- 1 travis travis  1454 Jul  8 01:41 ModularCodeGen4_A2_B1_profile.java
-rw-rw-r-- 1 travis travis  3842 Jul  8 01:41 ModularCodeGen4_A2_B2.class
-rw-rw-r-- 1 travis travis 10378 Jul  8 01:41 ModularCodeGen4_A2_B2.java
-rw-rw-r-- 1 travis travis   880 Jul  8 01:41 ModularCodeGen4_A2_B2.mk
-rw-rw-r-- 1 travis travis  1330 Jul  8 01:41 ModularCodeGen4_A2_B2_profile.class
-rw-rw-r-- 1 travis travis  1270 Jul  8 01:41 ModularCodeGen4_A2_B2_profile.java
-rw-rw-r-- 1 travis travis  5274 Jul  8 01:41 ModularCodeGen4_A2.class
-rw-rw-r-- 1 travis travis 16770 Jul  8 01:41 ModularCodeGen4_A2.java
-rw-rw-r-- 1 travis travis   856 Jul  8 01:41 ModularCodeGen4_A2.mk
-rw-rw-r-- 1 travis travis  1445 Jul  8 01:41 ModularCodeGen4_A2_profile.class
-rw-rw-r-- 1 travis travis  1712 Jul  8 01:41 ModularCodeGen4_A2_profile.java
-rw-rw-r-- 1 travis travis  6838 Jul  8 01:41 ModularCodeGen5_A_A.class
-rw-rw-r-- 1 travis travis 28721 Jul  8 01:41 ModularCodeGen5_A_A.java
-rw-rw-r-- 1 travis travis   864 Jul  8 01:41 ModularCodeGen5_A_A.mk
-rw-rw-r-- 1 travis travis  1520 Jul  8 01:41 ModularCodeGen5_A_A_profile.class
-rw-rw-r-- 1 travis travis  1815 Jul  8 01:41 ModularCodeGen5_A_A_profile.java
-rw-rw-r-- 1 travis travis  5115 Jul  8 01:41 ModularCodeGen5_A.class
-rw-rw-r-- 1 travis travis 13769 Jul  8 01:41 ModularCodeGen5_A.java
-rw-rw-r-- 1 travis travis   848 Jul  8 01:41 ModularCodeGen5_A.mk
-rw-rw-r-- 1 travis travis  1422 Jul  8 01:41 ModularCodeGen5_A_profile.class
-rw-rw-r-- 1 travis travis  1605 Jul  8 01:41 ModularCodeGen5_A_profile.java
-rw-rw-r-- 1 travis travis  4125 Jul  8 01:41 ModularCodeGen6_A_A2.class
-rw-rw-r-- 1 travis travis 11329 Jul  8 01:41 ModularCodeGen6_A_A2.java
-rw-rw-r-- 1 travis travis   872 Jul  8 01:41 ModularCodeGen6_A_A2.mk
-rw-rw-r-- 1 travis travis  1351 Jul  8 01:41 ModularCodeGen6_A_A2_profile.class
-rw-rw-r-- 1 travis travis  1364 Jul  8 01:41 ModularCodeGen6_A_A2_profile.java
-rw-rw-r-- 1 travis travis  4108 Jul  8 01:41 ModularCodeGen6_A_A.class
-rw-rw-r-- 1 travis travis 11221 Jul  8 01:41 ModularCodeGen6_A_A.java
-rw-rw-r-- 1 travis travis   864 Jul  8 01:41 ModularCodeGen6_A_A.mk
-rw-rw-r-- 1 travis travis  1348 Jul  8 01:41 ModularCodeGen6_A_A_profile.class
-rw-rw-r-- 1 travis travis  1361 Jul  8 01:41 ModularCodeGen6_A_A_profile.java
-rw-rw-r-- 1 travis travis  7237 Jul  8 01:42 ModularCodeGen6_A.class
-rw-rw-r-- 1 travis travis 26535 Jul  8 01:41 ModularCodeGen6_A.java
-rw-rw-r-- 1 travis travis   848 Jul  8 01:41 ModularCodeGen6_A.mk
-rw-rw-r-- 1 travis travis  1483 Jul  8 01:41 ModularCodeGen6_A_profile.class
-rw-rw-r-- 1 travis travis  1810 Jul  8 01:41 ModularCodeGen6_A_profile.java
-rw-rw-r-- 1 travis travis  1384 Jul  8 01:42 ModularCodeGenLazyPubSubGlobal_CompositeActor_ModularCodeGenTypedComposite_profile.java
-rw-rw-r-- 1 travis travis  3952 Jul  8 01:42 ModularCodeGenLazyPubSub_LazyCompositeActor.class
-rw-rw-r-- 1 travis travis 11122 Jul  8 01:42 ModularCodeGenLazyPubSub_LazyCompositeActor.java
-rw-rw-r-- 1 travis travis  1056 Jul  8 01:42 ModularCodeGenLazyPubSub_LazyCompositeActor.mk
-rw-rw-r-- 1 travis travis  1286 Jul  8 01:42 ModularCodeGenLazyPubSub_LazyCompositeActor_profile.class
-rw-rw-r-- 1 travis travis  1091 Jul  8 01:42 ModularCodeGenLazyPubSub_LazyCompositeActor_profile.java
-rw-rw-r-- 1 travis travis  3954 Jul  8 01:41 ModularCodeGen_ModularCodeGenTypedCompositeActor.class
-rw-rw-r-- 1 travis travis 10970 Jul  8 01:41 ModularCodeGen_ModularCodeGenTypedCompositeActor.java
-rw-rw-r-- 1 travis travis  1096 Jul  8 01:41 ModularCodeGen_ModularCodeGenTypedCompositeActor.mk
-rw-rw-r-- 1 travis travis  1384 Jul  8 01:41 ModularCodeGen_ModularCodeGenTypedCompositeActor_profile.class
-rw-rw-r-- 1 travis travis  1328 Jul  8 01:41 ModularCodeGen_ModularCodeGenTypedCompositeActor_profile.java
-rw-rw-r-- 1 travis travis  3492 Jul  8 01:40 ModularCodeGenTest_A1_A2.class
-rw-rw-r-- 1 travis travis  9164 Jul  8 01:40 ModularCodeGenTest_A1_A2.java
-rw-rw-r-- 1 travis travis   904 Jul  8 01:40 ModularCodeGenTest_A1_A2.mk
-rw-rw-r-- 1 travis travis  1306 Jul  8 01:40 ModularCodeGenTest_A1_A2_profile.class
-rw-rw-r-- 1 travis travis  1228 Jul  8 01:40 ModularCodeGenTest_A1_A2_profile.java
-rw-rw-r-- 1 travis travis  3823 Jul  8 01:40 ModularCodeGenTest_A1.class
-rw-rw-r-- 1 travis travis  9968 Jul  8 01:40 ModularCodeGenTest_A1.java
-rw-rw-r-- 1 travis travis   880 Jul  8 01:40 ModularCodeGenTest_A1.mk
-rw-rw-r-- 1 travis travis  1352 Jul  8 01:40 ModularCodeGenTest_A1_profile.class
-rw-rw-r-- 1 travis travis  1394 Jul  8 01:40 ModularCodeGenTest_A1_profile.java
-rw-rw-r-- 1 travis travis   432 Jul  8 01:42 Token.class
-rw-rw-r-- 1 travis travis   251 Jul  8 01:42 Token.java
warning: Supported source version 'RELEASE_6' from annotation processor 'org.netbeans.modules.openide.util.NbBundleProcessor' less than -source '1.8'
warning: Supported source version 'RELEASE_6' from annotation processor 'org.netbeans.modules.openide.util.URLStreamHandlerRegistrationProcessor' less than -source '1.8'
warning: Supported source version 'RELEASE_6' from annotation processor 'org.netbeans.modules.openide.util.ServiceProviderProcessor' less than -source '1.8'
3 warnings
All Done
Writing ModularCodeGenLazyPubSubGlobal_CompositeActor_ModularCodeGenTypedComposite.java in file:/home/travis/cg/ (30161 characters)
Reading "ptolemy/cg/kernel/generic/program/procedural/java/modular/makefile.in",
    writing "/home/travis/cg/ModularCodeGenLazyPubSubGlobal_CompositeActor_ModularCodeGenTypedComposite.mk"
Using ptolemy/cg/kernel/generic/program/procedural/java/modular/makefile.in
In "/home/travis/cg", about to execute:
    make -f
ModularCodeGenLazyPubSubGlobal_CompositeActor_ModularCodeGenTypedComposite.mk
javac -classpath ".:.."    ModularCodeGenLazyPubSubGlobal_CompositeActor_ModularCodeGenTypedComposite.java
All Done
2457 ms. Memory: 491008K Free: 198554K (40%)
----------------- Invoking toplevel() on ptolemy.moml.MoMLSimpleApplication@525647f3
----------------- Done invoking toplevel() on ptolemy.moml.MoMLSimpleApplication@525647f3
reloadAllAccessors: .ModularCodeGenLazyPubSubGlobal

===========================================================================================
----------------- testing Sun Jul 08 01:42:05 UTC 2018 /home/travis/build/icyphy/ptII/ptolemy/cg/lib/test/auto/ModularCodeGenPubSub1.xml
----------------- Instantiating /home/travis/build/icyphy/ptII/ptolemy/cg/lib/test/auto/ModularCodeGenPubSub1.xml
In "/home/travis/cg", about to execute:
    pwd
In "/home/travis/cg", about to execute:
    ls -l
/home/travis/cg
In "/home/travis/cg", about to execute:
total 1208
-rw-rw-r-- 1 travis travis   233 Jul  8 01:42 Array.class
-rw-rw-r-- 1 travis travis   459 Jul  8 01:42 Array.java
-rw-rw-r-- 1 travis travis  4895 Jul  8 01:40 CompiledCompositeActor_CompiledCompositeActor.class
-rw-rw-r-- 1 travis travis  1592 Jul  8 01:40 CompiledCompositeActor_CompiledCompositeActor$_CompiledCompositeActor_CompiledCompositeActor.class
-rw-rw-r-- 1 travis travis 13466 Jul  8 01:40 CompiledCompositeActor_CompiledCompositeActor.java
-rw-rw-r-- 1 travis travis  1593 Jul  8 01:40 CompiledCompositeActor_CompiledCompositeActor.mk
-rw-rw-r-- 1 travis travis  4457 Jul  8 01:40 JavaCompiledCompositeTest1_CompiledCompositeActor.class
-rw-rw-r-- 1 travis travis 11637 Jul  8 01:40 JavaCompiledCompositeTest1_CompiledCompositeActor.java
-rw-rw-r-- 1 travis travis  1198 Jul  8 01:40 JavaCompiledCompositeTest1_CompiledCompositeActor$_JavaCompiledCompositeTest1_CompiledCompositeActor.class
-rw-rw-r-- 1 travis travis  1625 Jul  8 01:40 JavaCompiledCompositeTest1_CompiledCompositeActor.mk
-rw-rw-r-- 1 travis travis  4888 Jul  8 01:40 JavaCompiledCompositeTest2_CompiledCompositeActor.class
-rw-rw-r-- 1 travis travis 14919 Jul  8 01:40 JavaCompiledCompositeTest2_CompiledCompositeActor.java
-rw-rw-r-- 1 travis travis  1793 Jul  8 01:40 JavaCompiledCompositeTest2_CompiledCompositeActor$_JavaCompiledCompositeTest2_CompiledCompositeActor.class
-rw-rw-r-- 1 travis travis  1625 Jul  8 01:40 JavaCompiledCompositeTest2_CompiledCompositeActor.mk
-rw-rw-r-- 1 travis travis  4505 Jul  8 01:40 JavaCompiledCompositeTest3_CompiledCompositeActor.class
-rw-rw-r-- 1 travis travis 13080 Jul  8 01:40 JavaCompiledCompositeTest3_CompiledCompositeActor.java
-rw-rw-r-- 1 travis travis  1378 Jul  8 01:40 JavaCompiledCompositeTest3_CompiledCompositeActor$_JavaCompiledCompositeTest3_CompiledCompositeActor.class
-rw-rw-r-- 1 travis travis  1625 Jul  8 01:40 JavaCompiledCompositeTest3_CompiledCompositeActor.mk
-rw-rw-r-- 1 travis travis  3953 Jul  8 01:40 JavaCompiledCompositeTest4_CompiledCompositeActor.class
-rw-rw-r-- 1 travis travis  9687 Jul  8 01:40 JavaCompiledCompositeTest4_CompiledCompositeActor.java
-rw-rw-r-- 1 travis travis   857 Jul  8 01:40 JavaCompiledCompositeTest4_CompiledCompositeActor$_JavaCompiledCompositeTest4_CompiledCompositeActor.class
-rw-rw-r-- 1 travis travis  1625 Jul  8 01:40 JavaCompiledCompositeTest4_CompiledCompositeActor.mk
-rw-rw-r-- 1 travis travis  3693 Jul  8 01:40 ModularCG_A1_B1.class
-rw-rw-r-- 1 travis travis  9730 Jul  8 01:40 ModularCG_A1_B1.java
-rw-rw-r-- 1 travis travis   832 Jul  8 01:40 ModularCG_A1_B1.mk
-rw-rw-r-- 1 travis travis  1318 Jul  8 01:40 ModularCG_A1_B1_profile.class
-rw-rw-r-- 1 travis travis  1262 Jul  8 01:40 ModularCG_A1_B1_profile.java
-rw-rw-r-- 1 travis travis  3693 Jul  8 01:40 ModularCG_A1_B2.class
-rw-rw-r-- 1 travis travis  9730 Jul  8 01:40 ModularCG_A1_B2.java
-rw-rw-r-- 1 travis travis   832 Jul  8 01:40 ModularCG_A1_B2.mk
-rw-rw-r-- 1 travis travis  1318 Jul  8 01:40 ModularCG_A1_B2_profile.class
-rw-rw-r-- 1 travis travis  1262 Jul  8 01:40 ModularCG_A1_B2_profile.java
-rw-rw-r-- 1 travis travis  4799 Jul  8 01:41 ModularCG_A1.class
-rw-rw-r-- 1 travis travis 14742 Jul  8 01:41 ModularCG_A1.java
-rw-rw-r-- 1 travis travis   808 Jul  8 01:41 ModularCG_A1.mk
-rw-rw-r-- 1 travis travis  1433 Jul  8 01:41 ModularCG_A1_profile.class
-rw-rw-r-- 1 travis travis  1704 Jul  8 01:40 ModularCG_A1_profile.java
-rw-rw-r-- 1 travis travis  3827 Jul  8 01:41 ModularCG_A2_B1.class
-rw-rw-r-- 1 travis travis 10667 Jul  8 01:41 ModularCG_A2_B1.java
-rw-rw-r-- 1 travis travis   832 Jul  8 01:41 ModularCG_A2_B1.mk
-rw-rw-r-- 1 travis travis  1381 Jul  8 01:41 ModularCG_A2_B1_profile.class
-rw-rw-r-- 1 travis travis  1446 Jul  8 01:41 ModularCG_A2_B1_profile.java
-rw-rw-r-- 1 travis travis  3693 Jul  8 01:41 ModularCG_A2_B2.class
-rw-rw-r-- 1 travis travis  9730 Jul  8 01:41 ModularCG_A2_B2.java
-rw-rw-r-- 1 travis travis   832 Jul  8 01:41 ModularCG_A2_B2.mk
-rw-rw-r-- 1 travis travis  1318 Jul  8 01:41 ModularCG_A2_B2_profile.class
-rw-rw-r-- 1 travis travis  1262 Jul  8 01:41 ModularCG_A2_B2_profile.java
-rw-rw-r-- 1 travis travis  4870 Jul  8 01:41 ModularCG_A2.class
-rw-rw-r-- 1 travis travis 15129 Jul  8 01:41 ModularCG_A2.java
-rw-rw-r-- 1 travis travis   808 Jul  8 01:41 ModularCG_A2.mk
-rw-rw-r-- 1 travis travis  1433 Jul  8 01:41 ModularCG_A2_profile.class
-rw-rw-r-- 1 travis travis  1704 Jul  8 01:41 ModularCG_A2_profile.java
-rw-rw-r-- 1 travis travis  3473 Jul  8 01:41 ModularCGPubSub_A1_A2.class
-rw-rw-r-- 1 travis travis  9076 Jul  8 01:41 ModularCGPubSub_A1_A2.java
-rw-rw-r-- 1 travis travis   880 Jul  8 01:41 ModularCGPubSub_A1_A2.mk
-rw-rw-r-- 1 travis travis  1300 Jul  8 01:41 ModularCGPubSub_A1_A2_profile.class
-rw-rw-r-- 1 travis travis  1222 Jul  8 01:41 ModularCGPubSub_A1_A2_profile.java
-rw-rw-r-- 1 travis travis  3790 Jul  8 01:41 ModularCGPubSub_A1.class
-rw-rw-r-- 1 travis travis  9836 Jul  8 01:41 ModularCGPubSub_A1.java
-rw-rw-r-- 1 travis travis   856 Jul  8 01:41 ModularCGPubSub_A1.mk
-rw-rw-r-- 1 travis travis  1346 Jul  8 01:41 ModularCGPubSub_A1_profile.class
-rw-rw-r-- 1 travis travis  1388 Jul  8 01:41 ModularCGPubSub_A1_profile.java
-rw-rw-r-- 1 travis travis  3988 Jul  8 01:41 ModularCodeGen2_ModularCodeGenTypedCompositeActor.class
    javac -classpath
.:/home/travis/build/icyphy/ptII:/home/travis/build/icyphy/ptII/lib/bsh-2.0b4.j
ar:/home/travis/build/icyphy/ptII/lib/ptCal.jar:/home/travis/build/icyphy/ptII/
lib/java_cup.jar:/home/travis/build/icyphy/ptII/lib/saxon8.jar:/home/travis/bui
ld/icyphy/ptII/lib/saxon8-dom.jar:/home/travis/build/icyphy/ptII/lib/chic.jar:/
home/travis/build/icyphy/ptII/lib/ptcolt.jar:/usr/lib/jvm/java-8-oracle/lib/too
ls.jar:/usr/lib/eclipse/plugins/org.eclipse.jdt.core_3.8.2.dist.jar:/usr/lib/ec
lipse/plugins/org.eclipse.core.runtime_3.8.0.dist.jar:/usr/lib/eclipse/plugins/
org.eclipse.osgi_3.8.1.dist.jar:/usr/lib/eclipse/plugins/org.eclipse.core.resou
rces_3.8.1.dist.jar:/usr/lib/eclipse/plugins/org.eclipse.equinox.common_3.6.100
.dist.jar:/usr/lib/eclipse/plugins/org.eclipse.core.jobs_3.5.200.dist.jar:/usr/
lib/eclipse/plugins/org.eclipse.core.contenttype_3.4.200.dist.jar:/usr/lib/ecli
pse/plugins/org.eclipse.equinox.preferences_3.5.0.dist.jar:/usr/lib/eclipse/plu
gins/org.eclipse.text_3.5.200.dist.jar:/usr/lib/eclipse/plugins/org.eclipse.ui.
workbench_3.8.1.dist.jar:/usr/lib/eclipse/plugins/org.eclipse.jface_3.8.0.dist.
jar:/usr/lib/eclipse/plugins/org.eclipse.swt_3.8.2.jar:/usr/lib/eclipse/plugins
/org.eclipse.jface.text_3.8.1.dist.jar:/usr/lib/eclipse/plugins/org.eclipse.ui.
workbench.texteditor_3.8.0.dist.jar:/usr/lib/eclipse/plugins/org.eclipse.ui.edi
tors_3.8.0.dist.jar:/usr/lib/eclipse/plugins/org.eclipse.core.commands_3.6.1.di
st.jar:/usr/lib/eclipse/plugins/org.eclipse.equinox.registry_3.5.200.dist.jar:/
usr/lib/eclipse/plugins/org.eclipse.ui.console_3.5.100.dist.jar:/usr/lib/eclips
e/plugins/org.eclipse.ui.forms_3.5.200.dist.jar:/usr/lib/eclipse/plugins/org.ec
lipse.ui.ide_3.8.1.dist.jar:/home/travis/build/icyphy/ptII/vendors/oracle/dbxml
.jar:/home/travis/build/icyphy/ptII/vendors/oracle/db.jar:/home/travis/build/ic
yphy/ptII/vendors/misc/itext/iText.jar:/home/travis/build/icyphy/ptII/lib/g4ltl
.jar:/home/travis/build/icyphy/ptII/lib/StructuralCoder.jar:/home/travis/build/
icyphy/ptII/lib/org-openide-util.jar:/home/travis/build/icyphy/ptII/lib/org-ope
nide-util-lookup.jar:/home/travis/build/icyphy/ptII/lib/org-netbeans-api-visual
.jar:/home/travis/build/icyphy/ptII/vendors/jai-1_1_2_01/lib/jai_core.jar:/home
/travis/build/icyphy/ptII/vendors/jai-1_1_2_01/lib/jai_codec.jar:/home/travis/b
uild/icyphy/ptII/lib/jcerti.jar:/home/travis/build/icyphy/ptII/lib/smack.jar:/h
ome/travis/build/icyphy/ptII/lib/smackx.jar:/home/travis/build/icyphy/ptII/lib/
jetty-all-8.1.5-v20120716.jar:/home/travis/build/icyphy/ptII/lib/javax.servlet-
api-3.0.1.jar:/home/travis/build/icyphy/ptII/lib/javax.mail.jar:/home/travis/bu
ild/icyphy/ptII/vendors/JMF-2.1.1e/lib/jmf.jar:/home/travis/build/icyphy/ptII/l
ib/jna-4.0.0-variadic.jar:/home/travis/build/icyphy/ptII/vendors/misc/joystick/
Joystick.jar:/home/travis/build/icyphy/ptII/lib/ptjacl.jar:/home/travis/build/i
cyphy/ptII/lib/jsoup-1.8.2.jar:/home/travis/build/icyphy/ptII/lib/junit-4.8.2.j
ar:/home/travis/build/icyphy/ptII/lib/JUnitParams-0.4.0.jar:/home/travis/build/
icyphy/ptII/ptolemy/actor/lib/excel/jxl.jar:/home/travis/build/icyphy/ptII/lib/
jython.jar:/home/travis/build/icyphy/ptII/lib/kieler.jar:/home/travis/build/icy
phy/ptII/vendors/opencv/share/OpenCV/java/opencv-341.jar:/home/travis/build/icy
phy/ptII/lib/oscP5.jar:/home/travis/build/icyphy/ptII/lib/nrjavaserial-3.11.0.d
evel.jar:/home/travis/build/icyphy/ptII/vendors/j3d/lib/j3dcore.jar:/home/travi
s/build/icyphy/ptII/vendors/j3d/lib/j3dutils.jar:/home/travis/build/icyphy/ptII
/vendors/j3d/lib/vecmath.jar:/home/travis/build/icyphy/ptII/ptolemy/distributed
/jini/jar/jini-core.jar:/home/travis/build/icyphy/ptII/ptolemy/distributed/jini
/jar/jini-ext.jar:/home/travis/build/icyphy/ptII/ptolemy/distributed/jini/jar/s
un-util.jar:/home/travis/build/icyphy/ptII/lib/protobuf-java-2.4.1.jar:/home/tr
avis/build/icyphy/ptII/lib/org.eclipse.paho.client.mqttv3.jar:/home/travis/buil
d/icyphy/ptII/ptserver/lib/hessian-4.0.7.jar:/home/travis/build/icyphy/ptII/pts
erver/lib/wmqtt.jar:/home/travis/build/icyphy/ptII/lib/mapss.jar:/home/travis/b
uild/icyphy/ptII/ptolemy/actor/ptalon/antlr/antlr.jar:/home/travis/build/icyphy
/ptII/lib/JRI.jar:/home/travis/build/icyphy/ptII/lib/commons-lang-2.6.jar:/home
/travis/build/icyphy/ptII/lib/commons-logging-1.1.1.jar:/home/travis/build/icyp
hy/ptII/lib/sootclasses.jar:/home/travis/build/icyphy/ptII/ptolemy/actor/lib/da
tabase/mysql-connector-java-5.1.6-bin.jar:/home/travis/build/icyphy/ptII/vendor
s/misc/sphinx4/sphinx4-data-5prealpha.jar:/home/travis/build/icyphy/ptII/vendor
s/misc/sphinx4/sphinx4-core-5prealpha.jar:/home/travis/build/icyphy/ptII/lib/PD
FRenderer.jar:/home/travis/build/icyphy/ptII/lib/svgSalamander.jar:/home/travis
/build/icyphy/ptII/lib/rsyntaxtextarea-2.6.0-SNAPSHOT.jar:/home/travis/build/ic
yphy/ptII/lib/hazelcast-3.8.2.jar:/home/travis/build/icyphy/ptII/lib/jackson-an
notations-2.9.0.jar:/home/travis/build/icyphy/ptII/lib/jackson-core-2.9.3.jar:/
home/travis/build/icyphy/ptII/lib/jackson-databind-2.9.3.jar:/home/travis/build
/icyphy/ptII/lib/netty-buffer-4.1.19.Final.jar:/home/travis/build/icyphy/ptII/l
ib/netty-codec-4.1.19.Final.jar:/home/travis/build/icyphy/ptII/lib/netty-codec-
dns-4.1.19.Final.jar:/home/travis/build/icyphy/ptII/lib/netty-codec-http-4.1.19
.Final.jar:/home/travis/build/icyphy/ptII/lib/netty-codec-http2-4.1.19.Final.ja
r:/home/travis/build/icyphy/ptII/lib/netty-common-4.1.19.Final.jar:/home/travis
/build/icyphy/ptII/lib/netty-handler-4.1.19.Final.jar:/home/travis/build/icyphy
/ptII/lib/netty-resolver-4.1.19.Final.jar:/home/travis/build/icyphy/ptII/lib/ne
tty-resolver-dns-4.1.19.Final.jar:/home/travis/build/icyphy/ptII/lib/netty-tran
sport-4.1.19.Final.jar:/home/travis/build/icyphy/ptII/lib/vertx-codegen-3.5.1.j
ar:/home/travis/build/icyphy/ptII/lib/vertx-core-3.5.2-SNAPSHOT.jar:/home/travi
s/build/icyphy/ptII/lib/vertx-hazelcast-3.5.1.jar:/home/travis/build/icyphy/ptI
I/lib/vertx-lang-js-3.5.1.jar:/home/travis/build/icyphy/ptII/lib/vertx-service-
proxy-3.5.1.jar:/home/travis/build/icyphy/ptII/lib/vertx-web-3.5.1.jar:/home/tr
avis/build/icyphy/ptII/lib/slf4j-api-1.7.13.jar:/home/travis/build/icyphy/ptII/
lib/slf4j-simple-1.7.13.jar:/home/travis/build/icyphy/ptII/lib/webcam-capture-0
.3.12.jar:/home/travis/build/icyphy/ptII/lib/bridj-0.7.0.jar:/home/travis/build
/icyphy/ptII/lib/xbjlib-1.1.0.nrjavaserial.jar:/home/travis/build/icyphy/ptII/p
tolemy/moml/test:/home/travis/build/icyphy/ptII/ant/lib/ant-launcher.jar:/home/
travis/build/icyphy/ptII/ant/lib/ant.jar:/home/travis/build/icyphy/ptII/ant/lib
/ant-junit.jar:/home/travis/build/icyphy/ptII/ant/lib/ant-junit4.jar:/home/trav
is/build/icyphy/ptII ModularCodeGenPubSub_A1_profile.java
-rw-rw-r-- 1 travis travis 11690 Jul  8 01:41 ModularCodeGen2_ModularCodeGenTypedCompositeActor.java
-rw-rw-r-- 1 travis travis  1104 Jul  8 01:41 ModularCodeGen2_ModularCodeGenTypedCompositeActor.mk
-rw-rw-r-- 1 travis travis  4272 Jul  8 01:41 ModularCodeGen2_ModularCodeGenTypedCompositeActor_ModularCodeGenTypedCompositeActor.class
-rw-rw-r-- 1 travis travis 11790 Jul  8 01:41 ModularCodeGen2_ModularCodeGenTypedCompositeActor_ModularCodeGenTypedCompositeActor.java
-rw-rw-r-- 1 travis travis  1376 Jul  8 01:41 ModularCodeGen2_ModularCodeGenTypedCompositeActor_ModularCodeGenTypedCompositeActor.mk
-rw-rw-r-- 1 travis travis  1421 Jul  8 01:41 ModularCodeGen2_ModularCodeGenTypedCompositeActor_ModularCodeGenTypedCompositeActor_profile.class
-rw-rw-r-- 1 travis travis  1294 Jul  8 01:41 ModularCodeGen2_ModularCodeGenTypedCompositeActor_ModularCodeGenTypedCompositeActor_profile.java
-rw-rw-r-- 1 travis travis   820 Jul  8 01:41 ModularCodeGen2_ModularCodeGenTypedCompositeActor_profile.class
-rw-rw-r-- 1 travis travis   693 Jul  8 01:41 ModularCodeGen2_ModularCodeGenTypedCompositeActor_profile.java
-rw-rw-r-- 1 travis travis  3741 Jul  8 01:41 ModularCodeGen3_A1_B1.class
-rw-rw-r-- 1 travis travis  9958 Jul  8 01:41 ModularCodeGen3_A1_B1.java
-rw-rw-r-- 1 travis travis   880 Jul  8 01:41 ModularCodeGen3_A1_B1.mk
-rw-rw-r-- 1 travis travis  1330 Jul  8 01:41 ModularCodeGen3_A1_B1_profile.class
-rw-rw-r-- 1 travis travis  1274 Jul  8 01:41 ModularCodeGen3_A1_B1_profile.java
-rw-rw-r-- 1 travis travis  3741 Jul  8 01:41 ModularCodeGen3_A1_B2.class
-rw-rw-r-- 1 travis travis  9958 Jul  8 01:41 ModularCodeGen3_A1_B2.java
-rw-rw-r-- 1 travis travis   880 Jul  8 01:41 ModularCodeGen3_A1_B2.mk
-rw-rw-r-- 1 travis travis  1330 Jul  8 01:41 ModularCodeGen3_A1_B2_profile.class
-rw-rw-r-- 1 travis travis  1274 Jul  8 01:41 ModularCodeGen3_A1_B2_profile.java
-rw-rw-r-- 1 travis travis  4961 Jul  8 01:41 ModularCodeGen3_A1.class
-rw-rw-r-- 1 travis travis 15564 Jul  8 01:41 ModularCodeGen3_A1.java
-rw-rw-r-- 1 travis travis   856 Jul  8 01:41 ModularCodeGen3_A1.mk
-rw-rw-r-- 1 travis travis  1445 Jul  8 01:41 ModularCodeGen3_A1_profile.class
-rw-rw-r-- 1 travis travis  1716 Jul  8 01:41 ModularCodeGen3_A1_profile.java
-rw-rw-r-- 1 travis travis  3887 Jul  8 01:41 ModularCodeGen3_A2_B1.class
-rw-rw-r-- 1 travis travis 10955 Jul  8 01:41 ModularCodeGen3_A2_B1.java
-rw-rw-r-- 1 travis travis   880 Jul  8 01:41 ModularCodeGen3_A2_B1.mk
-rw-rw-r-- 1 travis travis  1393 Jul  8 01:41 ModularCodeGen3_A2_B1_profile.class
-rw-rw-r-- 1 travis travis  1458 Jul  8 01:41 ModularCodeGen3_A2_B1_profile.java
-rw-rw-r-- 1 travis travis  3741 Jul  8 01:41 ModularCodeGen3_A2_B2.class
-rw-rw-r-- 1 travis travis  9958 Jul  8 01:41 ModularCodeGen3_A2_B2.java
-rw-rw-r-- 1 travis travis   880 Jul  8 01:41 ModularCodeGen3_A2_B2.mk
-rw-rw-r-- 1 travis travis  1330 Jul  8 01:41 ModularCodeGen3_A2_B2_profile.class
-rw-rw-r-- 1 travis travis  1274 Jul  8 01:41 ModularCodeGen3_A2_B2_profile.java
-rw-rw-r-- 1 travis travis  5038 Jul  8 01:41 ModularCodeGen3_A2.class
-rw-rw-r-- 1 travis travis 15957 Jul  8 01:41 ModularCodeGen3_A2.java
-rw-rw-r-- 1 travis travis   856 Jul  8 01:41 ModularCodeGen3_A2.mk
-rw-rw-r-- 1 travis travis  1445 Jul  8 01:41 ModularCodeGen3_A2_profile.class
-rw-rw-r-- 1 travis travis  1716 Jul  8 01:41 ModularCodeGen3_A2_profile.java
-rw-rw-r-- 1 travis travis  3794 Jul  8 01:41 ModularCodeGen4_A1_B1.class
-rw-rw-r-- 1 travis travis 10312 Jul  8 01:41 ModularCodeGen4_A1_B1.java
-rw-rw-r-- 1 travis travis   880 Jul  8 01:41 ModularCodeGen4_A1_B1.mk
-rw-rw-r-- 1 travis travis  1330 Jul  8 01:41 ModularCodeGen4_A1_B1_profile.class
-rw-rw-r-- 1 travis travis  1273 Jul  8 01:41 ModularCodeGen4_A1_B1_profile.java
-rw-rw-r-- 1 travis travis  3794 Jul  8 01:41 ModularCodeGen4_A1_B2.class
-rw-rw-r-- 1 travis travis 10312 Jul  8 01:41 ModularCodeGen4_A1_B2.java
-rw-rw-r-- 1 travis travis   880 Jul  8 01:41 ModularCodeGen4_A1_B2.mk
-rw-rw-r-- 1 travis travis  1330 Jul  8 01:41 ModularCodeGen4_A1_B2_profile.class
-rw-rw-r-- 1 travis travis  1273 Jul  8 01:41 ModularCodeGen4_A1_B2_profile.java
-rw-rw-r-- 1 travis travis  5101 Jul  8 01:41 ModularCodeGen4_A1.class
-rw-rw-r-- 1 travis travis 16245 Jul  8 01:41 ModularCodeGen4_A1.java
-rw-rw-r-- 1 travis travis   856 Jul  8 01:41 ModularCodeGen4_A1.mk
-rw-rw-r-- 1 travis travis  1445 Jul  8 01:41 ModularCodeGen4_A1_profile.class
-rw-rw-r-- 1 travis travis  1712 Jul  8 01:41 ModularCodeGen4_A1_profile.java
-rw-rw-r-- 1 travis travis  3988 Jul  8 01:41 ModularCodeGen4_A2_B1.class
-rw-rw-r-- 1 travis travis 11375 Jul  8 01:41 ModularCodeGen4_A2_B1.java
-rw-rw-r-- 1 travis travis   880 Jul  8 01:41 ModularCodeGen4_A2_B1.mk
-rw-rw-r-- 1 travis travis  1393 Jul  8 01:41 ModularCodeGen4_A2_B1_profile.class
-rw-rw-r-- 1 travis travis  1454 Jul  8 01:41 ModularCodeGen4_A2_B1_profile.java
-rw-rw-r-- 1 travis travis  3842 Jul  8 01:41 ModularCodeGen4_A2_B2.class
-rw-rw-r-- 1 travis travis 10378 Jul  8 01:41 ModularCodeGen4_A2_B2.java
-rw-rw-r-- 1 travis travis   880 Jul  8 01:41 ModularCodeGen4_A2_B2.mk
-rw-rw-r-- 1 travis travis  1330 Jul  8 01:41 ModularCodeGen4_A2_B2_profile.class
-rw-rw-r-- 1 travis travis  1270 Jul  8 01:41 ModularCodeGen4_A2_B2_profile.java
-rw-rw-r-- 1 travis travis  5274 Jul  8 01:41 ModularCodeGen4_A2.class
-rw-rw-r-- 1 travis travis 16770 Jul  8 01:41 ModularCodeGen4_A2.java
-rw-rw-r-- 1 travis travis   856 Jul  8 01:41 ModularCodeGen4_A2.mk
-rw-rw-r-- 1 travis travis  1445 Jul  8 01:41 ModularCodeGen4_A2_profile.class
-rw-rw-r-- 1 travis travis  1712 Jul  8 01:41 ModularCodeGen4_A2_profile.java
-rw-rw-r-- 1 travis travis  6838 Jul  8 01:41 ModularCodeGen5_A_A.class
-rw-rw-r-- 1 travis travis 28721 Jul  8 01:41 ModularCodeGen5_A_A.java
-rw-rw-r-- 1 travis travis   864 Jul  8 01:41 ModularCodeGen5_A_A.mk
-rw-rw-r-- 1 travis travis  1520 Jul  8 01:41 ModularCodeGen5_A_A_profile.class
-rw-rw-r-- 1 travis travis  1815 Jul  8 01:41 ModularCodeGen5_A_A_profile.java
-rw-rw-r-- 1 travis travis  5115 Jul  8 01:41 ModularCodeGen5_A.class
-rw-rw-r-- 1 travis travis 13769 Jul  8 01:41 ModularCodeGen5_A.java
-rw-rw-r-- 1 travis travis   848 Jul  8 01:41 ModularCodeGen5_A.mk
-rw-rw-r-- 1 travis travis  1422 Jul  8 01:41 ModularCodeGen5_A_profile.class
-rw-rw-r-- 1 travis travis  1605 Jul  8 01:41 ModularCodeGen5_A_profile.java
-rw-rw-r-- 1 travis travis  4125 Jul  8 01:41 ModularCodeGen6_A_A2.class
-rw-rw-r-- 1 travis travis 11329 Jul  8 01:41 ModularCodeGen6_A_A2.java
-rw-rw-r-- 1 travis travis   872 Jul  8 01:41 ModularCodeGen6_A_A2.mk
-rw-rw-r-- 1 travis travis  1351 Jul  8 01:41 ModularCodeGen6_A_A2_profile.class
-rw-rw-r-- 1 travis travis  1364 Jul  8 01:41 ModularCodeGen6_A_A2_profile.java
-rw-rw-r-- 1 travis travis  4108 Jul  8 01:41 ModularCodeGen6_A_A.class
-rw-rw-r-- 1 travis travis 11221 Jul  8 01:41 ModularCodeGen6_A_A.java
-rw-rw-r-- 1 travis travis   864 Jul  8 01:41 ModularCodeGen6_A_A.mk
-rw-rw-r-- 1 travis travis  1348 Jul  8 01:41 ModularCodeGen6_A_A_profile.class
-rw-rw-r-- 1 travis travis  1361 Jul  8 01:41 ModularCodeGen6_A_A_profile.java
-rw-rw-r-- 1 travis travis  7237 Jul  8 01:42 ModularCodeGen6_A.class
-rw-rw-r-- 1 travis travis 26535 Jul  8 01:41 ModularCodeGen6_A.java
-rw-rw-r-- 1 travis travis   848 Jul  8 01:41 ModularCodeGen6_A.mk
-rw-rw-r-- 1 travis travis  1483 Jul  8 01:41 ModularCodeGen6_A_profile.class
-rw-rw-r-- 1 travis travis  1810 Jul  8 01:41 ModularCodeGen6_A_profile.java
-rw-rw-r-- 1 travis travis  9439 Jul  8 01:42 ModularCodeGenLazyPubSubGlobal_CompositeActor_ModularCodeGenTypedComposite.class
-rw-rw-r-- 1 travis travis 30161 Jul  8 01:42 ModularCodeGenLazyPubSubGlobal_CompositeActor_ModularCodeGenTypedComposite.java
-rw-rw-r-- 1 travis travis  1304 Jul  8 01:42 ModularCodeGenLazyPubSubGlobal_CompositeActor_ModularCodeGenTypedComposite.mk
-rw-rw-r-- 1 travis travis  1438 Jul  8 01:42 ModularCodeGenLazyPubSubGlobal_CompositeActor_ModularCodeGenTypedComposite_profile.class
-rw-rw-r-- 1 travis travis  1384 Jul  8 01:42 ModularCodeGenLazyPubSubGlobal_CompositeActor_ModularCodeGenTypedComposite_profile.java
-rw-rw-r-- 1 travis travis  3952 Jul  8 01:42 ModularCodeGenLazyPubSub_LazyCompositeActor.class
-rw-rw-r-- 1 travis travis 11122 Jul  8 01:42 ModularCodeGenLazyPubSub_LazyCompositeActor.java
-rw-rw-r-- 1 travis travis  1056 Jul  8 01:42 ModularCodeGenLazyPubSub_LazyCompositeActor.mk
-rw-rw-r-- 1 travis travis  1286 Jul  8 01:42 ModularCodeGenLazyPubSub_LazyCompositeActor_profile.class
-rw-rw-r-- 1 travis travis  1091 Jul  8 01:42 ModularCodeGenLazyPubSub_LazyCompositeActor_profile.java
-rw-rw-r-- 1 travis travis  3954 Jul  8 01:41 ModularCodeGen_ModularCodeGenTypedCompositeActor.class
-rw-rw-r-- 1 travis travis 10970 Jul  8 01:41 ModularCodeGen_ModularCodeGenTypedCompositeActor.java
-rw-rw-r-- 1 travis travis  1096 Jul  8 01:41 ModularCodeGen_ModularCodeGenTypedCompositeActor.mk
-rw-rw-r-- 1 travis travis  1384 Jul  8 01:41 ModularCodeGen_ModularCodeGenTypedCompositeActor_profile.class
-rw-rw-r-- 1 travis travis  1328 Jul  8 01:41 ModularCodeGen_ModularCodeGenTypedCompositeActor_profile.java
-rw-rw-r-- 1 travis travis  1195 Jul  8 01:42 ModularCodeGenPubSub_A1_profile.java
-rw-rw-r-- 1 travis travis  3492 Jul  8 01:40 ModularCodeGenTest_A1_A2.class
-rw-rw-r-- 1 travis travis  9164 Jul  8 01:40 ModularCodeGenTest_A1_A2.java
-rw-rw-r-- 1 travis travis   904 Jul  8 01:40 ModularCodeGenTest_A1_A2.mk
-rw-rw-r-- 1 travis travis  1306 Jul  8 01:40 ModularCodeGenTest_A1_A2_profile.class
-rw-rw-r-- 1 travis travis  1228 Jul  8 01:40 ModularCodeGenTest_A1_A2_profile.java
-rw-rw-r-- 1 travis travis  3823 Jul  8 01:40 ModularCodeGenTest_A1.class
-rw-rw-r-- 1 travis travis  9968 Jul  8 01:40 ModularCodeGenTest_A1.java
-rw-rw-r-- 1 travis travis   880 Jul  8 01:40 ModularCodeGenTest_A1.mk
-rw-rw-r-- 1 travis travis  1352 Jul  8 01:40 ModularCodeGenTest_A1_profile.class
-rw-rw-r-- 1 travis travis  1394 Jul  8 01:40 ModularCodeGenTest_A1_profile.java
-rw-rw-r-- 1 travis travis   432 Jul  8 01:42 Token.class
-rw-rw-r-- 1 travis travis   251 Jul  8 01:42 Token.java
warning: Supported source version 'RELEASE_6' from annotation processor 'org.netbeans.modules.openide.util.NbBundleProcessor' less than -source '1.8'
warning: Supported source version 'RELEASE_6' from annotation processor 'org.netbeans.modules.openide.util.URLStreamHandlerRegistrationProcessor' less than -source '1.8'
warning: Supported source version 'RELEASE_6' from annotation processor 'org.netbeans.modules.openide.util.ServiceProviderProcessor' less than -source '1.8'
3 warnings
All Done
Writing ModularCodeGenPubSub_A1.java in file:/home/travis/cg/ (9060 characters)
Reading "ptolemy/cg/kernel/generic/program/procedural/java/modular/makefile.in",
    writing "/home/travis/cg/ModularCodeGenPubSub_A1.mk"
Using ptolemy/cg/kernel/generic/program/procedural/java/modular/makefile.in
In "/home/travis/cg", about to execute:
    make -f ModularCodeGenPubSub_A1.mk
javac -classpath ".:.."    ModularCodeGenPubSub_A1.java
All Done
2256 ms. Memory: 491008K Free: 136972K (28%)
----------------- Invoking toplevel() on ptolemy.moml.MoMLSimpleApplication@497f12c7
----------------- Done invoking toplevel() on ptolemy.moml.MoMLSimpleApplication@497f12c7
reloadAllAccessors: .ModularCodeGenPubSub

===========================================================================================
----------------- testing Sun Jul 08 01:42:07 UTC 2018 /home/travis/build/icyphy/ptII/ptolemy/cg/lib/test/auto/ModularCodeGenPubSub2.xml
----------------- Instantiating /home/travis/build/icyphy/ptII/ptolemy/cg/lib/test/auto/ModularCodeGenPubSub2.xml
In "/home/travis/cg", about to execute:
    pwd
In "/home/travis/cg", about to execute:
    ls -l
/home/travis/cg
In "/home/travis/cg", about to execute:
    javac -classpath
.:/home/travis/build/icyphy/ptII:/home/travis/build/icyphy/ptII/lib/bsh-2.0b4.j
ar:/home/travis/build/icyphy/ptII/lib/ptCal.jar:/home/travis/build/icyphy/ptII/
lib/java_cup.jar:/home/travis/build/icyphy/ptII/lib/saxon8.jar:/home/travis/bui
ld/icyphy/ptII/lib/saxon8-dom.jar:/home/travis/build/icyphy/ptII/lib/chic.jar:/
home/travis/build/icyphy/ptII/lib/ptcolt.jar:/usr/lib/jvm/java-8-oracle/lib/too
ls.jar:/usr/lib/eclipse/plugins/org.eclipse.jdt.core_3.8.2.dist.jar:/usr/lib/ec
lipse/plugins/org.eclipse.core.runtime_3.8.0.dist.jar:/usr/lib/eclipse/plugins/
org.eclipse.osgi_3.8.1.dist.jar:/usr/lib/eclipse/plugins/org.eclipse.core.resou
rces_3.8.1.dist.jar:/usr/lib/eclipse/plugins/org.eclipse.equinox.common_3.6.100
.dist.jar:/usr/lib/eclipse/plugins/org.eclipse.core.jobs_3.5.200.dist.jar:/usr/
lib/eclipse/plugins/org.eclipse.core.contenttype_3.4.200.dist.jar:/usr/lib/ecli
pse/plugins/org.eclipse.equinox.preferences_3.5.0.dist.jar:/usr/lib/eclipse/plu
gins/org.eclipse.text_3.5.200.dist.jar:/usr/lib/eclipse/plugins/org.eclipse.ui.
workbench_3.8.1.dist.jar:/usr/lib/eclipse/plugins/org.eclipse.jface_3.8.0.dist.
jar:/usr/lib/eclipse/plugins/org.eclipse.swt_3.8.2.jar:/usr/lib/eclipse/plugins
/org.eclipse.jface.text_3.8.1.dist.jar:/usr/lib/eclipse/plugins/org.eclipse.ui.
workbench.texteditor_3.8.0.dist.jar:/usr/lib/eclipse/plugins/org.eclipse.ui.edi
tors_3.8.0.dist.jar:/usr/lib/eclipse/plugins/org.eclipse.core.commands_3.6.1.di
st.jar:/usr/lib/eclipse/plugins/org.eclipse.equinox.registry_3.5.200.dist.jar:/
usr/lib/eclipse/plugins/org.eclipse.ui.console_3.5.100.dist.jar:/usr/lib/eclips
e/plugins/org.eclipse.ui.forms_3.5.200.dist.jar:/usr/lib/eclipse/plugins/org.ec
lipse.ui.ide_3.8.1.dist.jar:/home/travis/build/icyphy/ptII/vendors/oracle/dbxml
.jar:/home/travis/build/icyphy/ptII/vendors/oracle/db.jar:/home/travis/build/ic
yphy/ptII/vendors/misc/itext/iText.jar:/home/travis/build/icyphy/ptII/lib/g4ltl
.jar:/home/travis/build/icyphy/ptII/lib/StructuralCoder.jar:/home/travis/build/
icyphy/ptII/lib/org-openide-util.jar:/home/travis/build/icyphy/ptII/lib/org-ope
nide-util-lookup.jar:/home/travis/build/icyphy/ptII/lib/org-netbeans-api-visual
.jar:/home/travis/build/icyphy/ptII/vendors/jai-1_1_2_01/lib/jai_core.jar:/home
/travis/build/icyphy/ptII/vendors/jai-1_1_2_01/lib/jai_codec.jar:/home/travis/b
uild/icyphy/ptII/lib/jcerti.jar:/home/travis/build/icyphy/ptII/lib/smack.jar:/h
ome/travis/build/icyphy/ptII/lib/smackx.jar:/home/travis/build/icyphy/ptII/lib/
jetty-all-8.1.5-v20120716.jar:/home/travis/build/icyphy/ptII/lib/javax.servlet-
api-3.0.1.jar:/home/travis/build/icyphy/ptII/lib/javax.mail.jar:/home/travis/bu
ild/icyphy/ptII/vendors/JMF-2.1.1e/lib/jmf.jar:/home/travis/build/icyphy/ptII/l
ib/jna-4.0.0-variadic.jar:/home/travis/build/icyphy/ptII/vendors/misc/joystick/
Joystick.jar:/home/travis/build/icyphy/ptII/lib/ptjacl.jar:/home/travis/build/i
cyphy/ptII/lib/jsoup-1.8.2.jar:/home/travis/build/icyphy/ptII/lib/junit-4.8.2.j
ar:/home/travis/build/icyphy/ptII/lib/JUnitParams-0.4.0.jar:/home/travis/build/
icyphy/ptII/ptolemy/actor/lib/excel/jxl.jar:/home/travis/build/icyphy/ptII/lib/
jython.jar:/home/travis/build/icyphy/ptII/lib/kieler.jar:/home/travis/build/icy
phy/ptII/vendors/opencv/share/OpenCV/java/opencv-341.jar:/home/travis/build/icy
phy/ptII/lib/oscP5.jar:/home/travis/build/icyphy/ptII/lib/nrjavaserial-3.11.0.d
evel.jar:/home/travis/build/icyphy/ptII/vendors/j3d/lib/j3dcore.jar:/home/travi
s/build/icyphy/ptII/vendors/j3d/lib/j3dutils.jar:/home/travis/build/icyphy/ptII
/vendors/j3d/lib/vecmath.jar:/home/travis/build/icyphy/ptII/ptolemy/distributed
/jini/jar/jini-core.jar:/home/travis/build/icyphy/ptII/ptolemy/distributed/jini
/jar/jini-ext.jar:/home/travis/build/icyphy/ptII/ptolemy/distributed/jini/jar/s
un-util.jar:/home/travis/build/icyphy/ptII/lib/protobuf-java-2.4.1.jar:/home/tr
avis/build/icyphy/ptII/lib/org.eclipse.paho.client.mqttv3.jar:/home/travis/buil
d/icyphy/ptII/ptserver/lib/hessian-4.0.7.jar:/home/travis/build/icyphy/ptII/pts
erver/lib/wmqtt.jar:/home/travis/build/icyphy/ptII/lib/mapss.jar:/home/travis/b
uild/icyphy/ptII/ptolemy/actor/ptalon/antlr/antlr.jar:/home/travis/build/icyphy
/ptII/lib/JRI.jar:/home/travis/build/icyphy/ptII/lib/commons-lang-2.6.jar:/home
/travis/build/icyphy/ptII/lib/commons-logging-1.1.1.jar:/home/travis/build/icyp
hy/ptII/lib/sootclasses.jar:/home/travis/build/icyphy/ptII/ptolemy/actor/lib/da
tabase/mysql-connector-java-5.1.6-bin.jar:/home/travis/build/icyphy/ptII/vendor
s/misc/sphinx4/sphinx4-data-5prealpha.jar:/home/travis/build/icyphy/ptII/vendor
s/misc/sphinx4/sphinx4-core-5prealpha.jar:/home/travis/build/icyphy/ptII/lib/PD
FRenderer.jar:/home/travis/build/icyphy/ptII/lib/svgSalamander.jar:/home/travis
/build/icyphy/ptII/lib/rsyntaxtextarea-2.6.0-SNAPSHOT.jar:/home/travis/build/ic
yphy/ptII/lib/hazelcast-3.8.2.jar:/home/travis/build/icyphy/ptII/lib/jackson-an
notations-2.9.0.jar:/home/travis/build/icyphy/ptII/lib/jackson-core-2.9.3.jar:/
home/travis/build/icyphy/ptII/lib/jackson-databind-2.9.3.jar:/home/travis/build
/icyphy/ptII/lib/netty-buffer-4.1.19.Final.jar:/home/travis/build/icyphy/ptII/l
ib/netty-codec-4.1.19.Final.jar:/home/travis/build/icyphy/ptII/lib/netty-codec-
dns-4.1.19.Final.jar:/home/travis/build/icyphy/ptII/lib/netty-codec-http-4.1.19
.Final.jar:/home/travis/build/icyphy/ptII/lib/netty-codec-http2-4.1.19.Final.ja
r:/home/travis/build/icyphy/ptII/lib/netty-common-4.1.19.Final.jar:/home/travis
/build/icyphy/ptII/lib/netty-handler-4.1.19.Final.jar:/home/travis/build/icyphy
/ptII/lib/netty-resolver-4.1.19.Final.jar:/home/travis/build/icyphy/ptII/lib/ne
tty-resolver-dns-4.1.19.Final.jar:/home/travis/build/icyphy/ptII/lib/netty-tran
sport-4.1.19.Final.jar:/home/travis/build/icyphy/ptII/lib/vertx-codegen-3.5.1.j
ar:/home/travis/build/icyphy/ptII/lib/vertx-core-3.5.2-SNAPSHOT.jar:/home/travi
s/build/icyphy/ptII/lib/vertx-hazelcast-3.5.1.jar:/home/travis/build/icyphy/ptI
I/lib/vertx-lang-js-3.5.1.jar:/home/travis/build/icyphy/ptII/lib/vertx-service-
proxy-3.5.1.jar:/home/travis/build/icyphy/ptII/lib/vertx-web-3.5.1.jar:/home/tr
avis/build/icyphy/ptII/lib/slf4j-api-1.7.13.jar:/home/travis/build/icyphy/ptII/
lib/slf4j-simple-1.7.13.jar:/home/travis/build/icyphy/ptII/lib/webcam-capture-0
.3.12.jar:/home/travis/build/icyphy/ptII/lib/bridj-0.7.0.jar:/home/travis/build
/icyphy/ptII/lib/xbjlib-1.1.0.nrjavaserial.jar:/home/travis/build/icyphy/ptII/p
tolemy/moml/test:/home/travis/build/icyphy/ptII/ant/lib/ant-launcher.jar:/home/
travis/build/icyphy/ptII/ant/lib/ant.jar:/home/travis/build/icyphy/ptII/ant/lib
/ant-junit.jar:/home/travis/build/icyphy/ptII/ant/lib/ant-junit4.jar:/home/trav
is/build/icyphy/ptII ModularCodeGenPubSub2_A1_A_profile.java
total 1236
-rw-rw-r-- 1 travis travis   233 Jul  8 01:42 Array.class
-rw-rw-r-- 1 travis travis   459 Jul  8 01:42 Array.java
-rw-rw-r-- 1 travis travis  4895 Jul  8 01:40 CompiledCompositeActor_CompiledCompositeActor.class
-rw-rw-r-- 1 travis travis  1592 Jul  8 01:40 CompiledCompositeActor_CompiledCompositeActor$_CompiledCompositeActor_CompiledCompositeActor.class
-rw-rw-r-- 1 travis travis 13466 Jul  8 01:40 CompiledCompositeActor_CompiledCompositeActor.java
-rw-rw-r-- 1 travis travis  1593 Jul  8 01:40 CompiledCompositeActor_CompiledCompositeActor.mk
-rw-rw-r-- 1 travis travis  4457 Jul  8 01:40 JavaCompiledCompositeTest1_CompiledCompositeActor.class
-rw-rw-r-- 1 travis travis 11637 Jul  8 01:40 JavaCompiledCompositeTest1_CompiledCompositeActor.java
-rw-rw-r-- 1 travis travis  1198 Jul  8 01:40 JavaCompiledCompositeTest1_CompiledCompositeActor$_JavaCompiledCompositeTest1_CompiledCompositeActor.class
-rw-rw-r-- 1 travis travis  1625 Jul  8 01:40 JavaCompiledCompositeTest1_CompiledCompositeActor.mk
-rw-rw-r-- 1 travis travis  4888 Jul  8 01:40 JavaCompiledCompositeTest2_CompiledCompositeActor.class
-rw-rw-r-- 1 travis travis 14919 Jul  8 01:40 JavaCompiledCompositeTest2_CompiledCompositeActor.java
-rw-rw-r-- 1 travis travis  1793 Jul  8 01:40 JavaCompiledCompositeTest2_CompiledCompositeActor$_JavaCompiledCompositeTest2_CompiledCompositeActor.class
-rw-rw-r-- 1 travis travis  1625 Jul  8 01:40 JavaCompiledCompositeTest2_CompiledCompositeActor.mk
-rw-rw-r-- 1 travis travis  4505 Jul  8 01:40 JavaCompiledCompositeTest3_CompiledCompositeActor.class
-rw-rw-r-- 1 travis travis 13080 Jul  8 01:40 JavaCompiledCompositeTest3_CompiledCompositeActor.java
-rw-rw-r-- 1 travis travis  1378 Jul  8 01:40 JavaCompiledCompositeTest3_CompiledCompositeActor$_JavaCompiledCompositeTest3_CompiledCompositeActor.class
-rw-rw-r-- 1 travis travis  1625 Jul  8 01:40 JavaCompiledCompositeTest3_CompiledCompositeActor.mk
-rw-rw-r-- 1 travis travis  3953 Jul  8 01:40 JavaCompiledCompositeTest4_CompiledCompositeActor.class
-rw-rw-r-- 1 travis travis  9687 Jul  8 01:40 JavaCompiledCompositeTest4_CompiledCompositeActor.java
-rw-rw-r-- 1 travis travis   857 Jul  8 01:40 JavaCompiledCompositeTest4_CompiledCompositeActor$_JavaCompiledCompositeTest4_CompiledCompositeActor.class
-rw-rw-r-- 1 travis travis  1625 Jul  8 01:40 JavaCompiledCompositeTest4_CompiledCompositeActor.mk
-rw-rw-r-- 1 travis travis  3693 Jul  8 01:40 ModularCG_A1_B1.class
-rw-rw-r-- 1 travis travis  9730 Jul  8 01:40 ModularCG_A1_B1.java
-rw-rw-r-- 1 travis travis   832 Jul  8 01:40 ModularCG_A1_B1.mk
-rw-rw-r-- 1 travis travis  1318 Jul  8 01:40 ModularCG_A1_B1_profile.class
-rw-rw-r-- 1 travis travis  1262 Jul  8 01:40 ModularCG_A1_B1_profile.java
-rw-rw-r-- 1 travis travis  3693 Jul  8 01:40 ModularCG_A1_B2.class
-rw-rw-r-- 1 travis travis  9730 Jul  8 01:40 ModularCG_A1_B2.java
-rw-rw-r-- 1 travis travis   832 Jul  8 01:40 ModularCG_A1_B2.mk
-rw-rw-r-- 1 travis travis  1318 Jul  8 01:40 ModularCG_A1_B2_profile.class
-rw-rw-r-- 1 travis travis  1262 Jul  8 01:40 ModularCG_A1_B2_profile.java
-rw-rw-r-- 1 travis travis  4799 Jul  8 01:41 ModularCG_A1.class
-rw-rw-r-- 1 travis travis 14742 Jul  8 01:41 ModularCG_A1.java
-rw-rw-r-- 1 travis travis   808 Jul  8 01:41 ModularCG_A1.mk
-rw-rw-r-- 1 travis travis  1433 Jul  8 01:41 ModularCG_A1_profile.class
-rw-rw-r-- 1 travis travis  1704 Jul  8 01:40 ModularCG_A1_profile.java
-rw-rw-r-- 1 travis travis  3827 Jul  8 01:41 ModularCG_A2_B1.class
-rw-rw-r-- 1 travis travis 10667 Jul  8 01:41 ModularCG_A2_B1.java
-rw-rw-r-- 1 travis travis   832 Jul  8 01:41 ModularCG_A2_B1.mk
-rw-rw-r-- 1 travis travis  1381 Jul  8 01:41 ModularCG_A2_B1_profile.class
-rw-rw-r-- 1 travis travis  1446 Jul  8 01:41 ModularCG_A2_B1_profile.java
-rw-rw-r-- 1 travis travis  3693 Jul  8 01:41 ModularCG_A2_B2.class
-rw-rw-r-- 1 travis travis  9730 Jul  8 01:41 ModularCG_A2_B2.java
-rw-rw-r-- 1 travis travis   832 Jul  8 01:41 ModularCG_A2_B2.mk
-rw-rw-r-- 1 travis travis  1318 Jul  8 01:41 ModularCG_A2_B2_profile.class
-rw-rw-r-- 1 travis travis  1262 Jul  8 01:41 ModularCG_A2_B2_profile.java
-rw-rw-r-- 1 travis travis  4870 Jul  8 01:41 ModularCG_A2.class
-rw-rw-r-- 1 travis travis 15129 Jul  8 01:41 ModularCG_A2.java
-rw-rw-r-- 1 travis travis   808 Jul  8 01:41 ModularCG_A2.mk
-rw-rw-r-- 1 travis travis  1433 Jul  8 01:41 ModularCG_A2_profile.class
-rw-rw-r-- 1 travis travis  1704 Jul  8 01:41 ModularCG_A2_profile.java
-rw-rw-r-- 1 travis travis  3473 Jul  8 01:41 ModularCGPubSub_A1_A2.class
-rw-rw-r-- 1 travis travis  9076 Jul  8 01:41 ModularCGPubSub_A1_A2.java
-rw-rw-r-- 1 travis travis   880 Jul  8 01:41 ModularCGPubSub_A1_A2.mk
-rw-rw-r-- 1 travis travis  1300 Jul  8 01:41 ModularCGPubSub_A1_A2_profile.class
-rw-rw-r-- 1 travis travis  1222 Jul  8 01:41 ModularCGPubSub_A1_A2_profile.java
-rw-rw-r-- 1 travis travis  3790 Jul  8 01:41 ModularCGPubSub_A1.class
-rw-rw-r-- 1 travis travis  9836 Jul  8 01:41 ModularCGPubSub_A1.java
-rw-rw-r-- 1 travis travis   856 Jul  8 01:41 ModularCGPubSub_A1.mk
-rw-rw-r-- 1 travis travis  1346 Jul  8 01:41 ModularCGPubSub_A1_profile.class
-rw-rw-r-- 1 travis travis  1388 Jul  8 01:41 ModularCGPubSub_A1_profile.java
-rw-rw-r-- 1 travis travis  3988 Jul  8 01:41 ModularCodeGen2_ModularCodeGenTypedCompositeActor.class
-rw-rw-r-- 1 travis travis 11690 Jul  8 01:41 ModularCodeGen2_ModularCodeGenTypedCompositeActor.java
-rw-rw-r-- 1 travis travis  1104 Jul  8 01:41 ModularCodeGen2_ModularCodeGenTypedCompositeActor.mk
-rw-rw-r-- 1 travis travis  4272 Jul  8 01:41 ModularCodeGen2_ModularCodeGenTypedCompositeActor_ModularCodeGenTypedCompositeActor.class
-rw-rw-r-- 1 travis travis 11790 Jul  8 01:41 ModularCodeGen2_ModularCodeGenTypedCompositeActor_ModularCodeGenTypedCompositeActor.java
-rw-rw-r-- 1 travis travis  1376 Jul  8 01:41 ModularCodeGen2_ModularCodeGenTypedCompositeActor_ModularCodeGenTypedCompositeActor.mk
-rw-rw-r-- 1 travis travis  1421 Jul  8 01:41 ModularCodeGen2_ModularCodeGenTypedCompositeActor_ModularCodeGenTypedCompositeActor_profile.class
-rw-rw-r-- 1 travis travis  1294 Jul  8 01:41 ModularCodeGen2_ModularCodeGenTypedCompositeActor_ModularCodeGenTypedCompositeActor_profile.java
-rw-rw-r-- 1 travis travis   820 Jul  8 01:41 ModularCodeGen2_ModularCodeGenTypedCompositeActor_profile.class
-rw-rw-r-- 1 travis travis   693 Jul  8 01:41 ModularCodeGen2_ModularCodeGenTypedCompositeActor_profile.java
-rw-rw-r-- 1 travis travis  3741 Jul  8 01:41 ModularCodeGen3_A1_B1.class
-rw-rw-r-- 1 travis travis  9958 Jul  8 01:41 ModularCodeGen3_A1_B1.java
-rw-rw-r-- 1 travis travis   880 Jul  8 01:41 ModularCodeGen3_A1_B1.mk
-rw-rw-r-- 1 travis travis  1330 Jul  8 01:41 ModularCodeGen3_A1_B1_profile.class
-rw-rw-r-- 1 travis travis  1274 Jul  8 01:41 ModularCodeGen3_A1_B1_profile.java
-rw-rw-r-- 1 travis travis  3741 Jul  8 01:41 ModularCodeGen3_A1_B2.class
-rw-rw-r-- 1 travis travis  9958 Jul  8 01:41 ModularCodeGen3_A1_B2.java
-rw-rw-r-- 1 travis travis   880 Jul  8 01:41 ModularCodeGen3_A1_B2.mk
-rw-rw-r-- 1 travis travis  1330 Jul  8 01:41 ModularCodeGen3_A1_B2_profile.class
-rw-rw-r-- 1 travis travis  1274 Jul  8 01:41 ModularCodeGen3_A1_B2_profile.java
-rw-rw-r-- 1 travis travis  4961 Jul  8 01:41 ModularCodeGen3_A1.class
-rw-rw-r-- 1 travis travis 15564 Jul  8 01:41 ModularCodeGen3_A1.java
-rw-rw-r-- 1 travis travis   856 Jul  8 01:41 ModularCodeGen3_A1.mk
-rw-rw-r-- 1 travis travis  1445 Jul  8 01:41 ModularCodeGen3_A1_profile.class
-rw-rw-r-- 1 travis travis  1716 Jul  8 01:41 ModularCodeGen3_A1_profile.java
-rw-rw-r-- 1 travis travis  3887 Jul  8 01:41 ModularCodeGen3_A2_B1.class
-rw-rw-r-- 1 travis travis 10955 Jul  8 01:41 ModularCodeGen3_A2_B1.java
-rw-rw-r-- 1 travis travis   880 Jul  8 01:41 ModularCodeGen3_A2_B1.mk
-rw-rw-r-- 1 travis travis  1393 Jul  8 01:41 ModularCodeGen3_A2_B1_profile.class
-rw-rw-r-- 1 travis travis  1458 Jul  8 01:41 ModularCodeGen3_A2_B1_profile.java
-rw-rw-r-- 1 travis travis  3741 Jul  8 01:41 ModularCodeGen3_A2_B2.class
-rw-rw-r-- 1 travis travis  9958 Jul  8 01:41 ModularCodeGen3_A2_B2.java
-rw-rw-r-- 1 travis travis   880 Jul  8 01:41 ModularCodeGen3_A2_B2.mk
-rw-rw-r-- 1 travis travis  1330 Jul  8 01:41 ModularCodeGen3_A2_B2_profile.class
-rw-rw-r-- 1 travis travis  1274 Jul  8 01:41 ModularCodeGen3_A2_B2_profile.java
-rw-rw-r-- 1 travis travis  5038 Jul  8 01:41 ModularCodeGen3_A2.class
-rw-rw-r-- 1 travis travis 15957 Jul  8 01:41 ModularCodeGen3_A2.java
-rw-rw-r-- 1 travis travis   856 Jul  8 01:41 ModularCodeGen3_A2.mk
-rw-rw-r-- 1 travis travis  1445 Jul  8 01:41 ModularCodeGen3_A2_profile.class
-rw-rw-r-- 1 travis travis  1716 Jul  8 01:41 ModularCodeGen3_A2_profile.java
-rw-rw-r-- 1 travis travis  3794 Jul  8 01:41 ModularCodeGen4_A1_B1.class
-rw-rw-r-- 1 travis travis 10312 Jul  8 01:41 ModularCodeGen4_A1_B1.java
-rw-rw-r-- 1 travis travis   880 Jul  8 01:41 ModularCodeGen4_A1_B1.mk
-rw-rw-r-- 1 travis travis  1330 Jul  8 01:41 ModularCodeGen4_A1_B1_profile.class
-rw-rw-r-- 1 travis travis  1273 Jul  8 01:41 ModularCodeGen4_A1_B1_profile.java
-rw-rw-r-- 1 travis travis  3794 Jul  8 01:41 ModularCodeGen4_A1_B2.class
-rw-rw-r-- 1 travis travis 10312 Jul  8 01:41 ModularCodeGen4_A1_B2.java
-rw-rw-r-- 1 travis travis   880 Jul  8 01:41 ModularCodeGen4_A1_B2.mk
-rw-rw-r-- 1 travis travis  1330 Jul  8 01:41 ModularCodeGen4_A1_B2_profile.class
-rw-rw-r-- 1 travis travis  1273 Jul  8 01:41 ModularCodeGen4_A1_B2_profile.java
-rw-rw-r-- 1 travis travis  5101 Jul  8 01:41 ModularCodeGen4_A1.class
-rw-rw-r-- 1 travis travis 16245 Jul  8 01:41 ModularCodeGen4_A1.java
-rw-rw-r-- 1 travis travis   856 Jul  8 01:41 ModularCodeGen4_A1.mk
-rw-rw-r-- 1 travis travis  1445 Jul  8 01:41 ModularCodeGen4_A1_profile.class
-rw-rw-r-- 1 travis travis  1712 Jul  8 01:41 ModularCodeGen4_A1_profile.java
-rw-rw-r-- 1 travis travis  3988 Jul  8 01:41 ModularCodeGen4_A2_B1.class
-rw-rw-r-- 1 travis travis 11375 Jul  8 01:41 ModularCodeGen4_A2_B1.java
-rw-rw-r-- 1 travis travis   880 Jul  8 01:41 ModularCodeGen4_A2_B1.mk
-rw-rw-r-- 1 travis travis  1393 Jul  8 01:41 ModularCodeGen4_A2_B1_profile.class
-rw-rw-r-- 1 travis travis  1454 Jul  8 01:41 ModularCodeGen4_A2_B1_profile.java
-rw-rw-r-- 1 travis travis  3842 Jul  8 01:41 ModularCodeGen4_A2_B2.class
-rw-rw-r-- 1 travis travis 10378 Jul  8 01:41 ModularCodeGen4_A2_B2.java
-rw-rw-r-- 1 travis travis   880 Jul  8 01:41 ModularCodeGen4_A2_B2.mk
-rw-rw-r-- 1 travis travis  1330 Jul  8 01:41 ModularCodeGen4_A2_B2_profile.class
-rw-rw-r-- 1 travis travis  1270 Jul  8 01:41 ModularCodeGen4_A2_B2_profile.java
-rw-rw-r-- 1 travis travis  5274 Jul  8 01:41 ModularCodeGen4_A2.class
-rw-rw-r-- 1 travis travis 16770 Jul  8 01:41 ModularCodeGen4_A2.java
-rw-rw-r-- 1 travis travis   856 Jul  8 01:41 ModularCodeGen4_A2.mk
-rw-rw-r-- 1 travis travis  1445 Jul  8 01:41 ModularCodeGen4_A2_profile.class
-rw-rw-r-- 1 travis travis  1712 Jul  8 01:41 ModularCodeGen4_A2_profile.java
-rw-rw-r-- 1 travis travis  6838 Jul  8 01:41 ModularCodeGen5_A_A.class
-rw-rw-r-- 1 travis travis 28721 Jul  8 01:41 ModularCodeGen5_A_A.java
-rw-rw-r-- 1 travis travis   864 Jul  8 01:41 ModularCodeGen5_A_A.mk
-rw-rw-r-- 1 travis travis  1520 Jul  8 01:41 ModularCodeGen5_A_A_profile.class
-rw-rw-r-- 1 travis travis  1815 Jul  8 01:41 ModularCodeGen5_A_A_profile.java
-rw-rw-r-- 1 travis travis  5115 Jul  8 01:41 ModularCodeGen5_A.class
-rw-rw-r-- 1 travis travis 13769 Jul  8 01:41 ModularCodeGen5_A.java
-rw-rw-r-- 1 travis travis   848 Jul  8 01:41 ModularCodeGen5_A.mk
-rw-rw-r-- 1 travis travis  1422 Jul  8 01:41 ModularCodeGen5_A_profile.class
-rw-rw-r-- 1 travis travis  1605 Jul  8 01:41 ModularCodeGen5_A_profile.java
-rw-rw-r-- 1 travis travis  4125 Jul  8 01:41 ModularCodeGen6_A_A2.class
-rw-rw-r-- 1 travis travis 11329 Jul  8 01:41 ModularCodeGen6_A_A2.java
-rw-rw-r-- 1 travis travis   872 Jul  8 01:41 ModularCodeGen6_A_A2.mk
-rw-rw-r-- 1 travis travis  1351 Jul  8 01:41 ModularCodeGen6_A_A2_profile.class
-rw-rw-r-- 1 travis travis  1364 Jul  8 01:41 ModularCodeGen6_A_A2_profile.java
-rw-rw-r-- 1 travis travis  4108 Jul  8 01:41 ModularCodeGen6_A_A.class
-rw-rw-r-- 1 travis travis 11221 Jul  8 01:41 ModularCodeGen6_A_A.java
-rw-rw-r-- 1 travis travis   864 Jul  8 01:41 ModularCodeGen6_A_A.mk
-rw-rw-r-- 1 travis travis  1348 Jul  8 01:41 ModularCodeGen6_A_A_profile.class
-rw-rw-r-- 1 travis travis  1361 Jul  8 01:41 ModularCodeGen6_A_A_profile.java
-rw-rw-r-- 1 travis travis  7237 Jul  8 01:42 ModularCodeGen6_A.class
-rw-rw-r-- 1 travis travis 26535 Jul  8 01:41 ModularCodeGen6_A.java
-rw-rw-r-- 1 travis travis   848 Jul  8 01:41 ModularCodeGen6_A.mk
-rw-rw-r-- 1 travis travis  1483 Jul  8 01:41 ModularCodeGen6_A_profile.class
-rw-rw-r-- 1 travis travis  1810 Jul  8 01:41 ModularCodeGen6_A_profile.java
-rw-rw-r-- 1 travis travis  9439 Jul  8 01:42 ModularCodeGenLazyPubSubGlobal_CompositeActor_ModularCodeGenTypedComposite.class
-rw-rw-r-- 1 travis travis 30161 Jul  8 01:42 ModularCodeGenLazyPubSubGlobal_CompositeActor_ModularCodeGenTypedComposite.java
-rw-rw-r-- 1 travis travis  1304 Jul  8 01:42 ModularCodeGenLazyPubSubGlobal_CompositeActor_ModularCodeGenTypedComposite.mk
-rw-rw-r-- 1 travis travis  1438 Jul  8 01:42 ModularCodeGenLazyPubSubGlobal_CompositeActor_ModularCodeGenTypedComposite_profile.class
-rw-rw-r-- 1 travis travis  1384 Jul  8 01:42 ModularCodeGenLazyPubSubGlobal_CompositeActor_ModularCodeGenTypedComposite_profile.java
-rw-rw-r-- 1 travis travis  3952 Jul  8 01:42 ModularCodeGenLazyPubSub_LazyCompositeActor.class
-rw-rw-r-- 1 travis travis 11122 Jul  8 01:42 ModularCodeGenLazyPubSub_LazyCompositeActor.java
-rw-rw-r-- 1 travis travis  1056 Jul  8 01:42 ModularCodeGenLazyPubSub_LazyCompositeActor.mk
-rw-rw-r-- 1 travis travis  1286 Jul  8 01:42 ModularCodeGenLazyPubSub_LazyCompositeActor_profile.class
-rw-rw-r-- 1 travis travis  1091 Jul  8 01:42 ModularCodeGenLazyPubSub_LazyCompositeActor_profile.java
-rw-rw-r-- 1 travis travis  3954 Jul  8 01:41 ModularCodeGen_ModularCodeGenTypedCompositeActor.class
-rw-rw-r-- 1 travis travis 10970 Jul  8 01:41 ModularCodeGen_ModularCodeGenTypedCompositeActor.java
-rw-rw-r-- 1 travis travis  1096 Jul  8 01:41 ModularCodeGen_ModularCodeGenTypedCompositeActor.mk
-rw-rw-r-- 1 travis travis  1384 Jul  8 01:41 ModularCodeGen_ModularCodeGenTypedCompositeActor_profile.class
-rw-rw-r-- 1 travis travis  1328 Jul  8 01:41 ModularCodeGen_ModularCodeGenTypedCompositeActor_profile.java
-rw-rw-r-- 1 travis travis  1128 Jul  8 01:42 ModularCodeGenPubSub2_A1_A_profile.java
-rw-rw-r-- 1 travis travis  3475 Jul  8 01:42 ModularCodeGenPubSub_A1.class
-rw-rw-r-- 1 travis travis  9060 Jul  8 01:42 ModularCodeGenPubSub_A1.java
-rw-rw-r-- 1 travis travis   896 Jul  8 01:42 ModularCodeGenPubSub_A1.mk
-rw-rw-r-- 1 travis travis  1278 Jul  8 01:42 ModularCodeGenPubSub_A1_profile.class
-rw-rw-r-- 1 travis travis  1195 Jul  8 01:42 ModularCodeGenPubSub_A1_profile.java
-rw-rw-r-- 1 travis travis  3492 Jul  8 01:40 ModularCodeGenTest_A1_A2.class
-rw-rw-r-- 1 travis travis  9164 Jul  8 01:40 ModularCodeGenTest_A1_A2.java
-rw-rw-r-- 1 travis travis   904 Jul  8 01:40 ModularCodeGenTest_A1_A2.mk
-rw-rw-r-- 1 travis travis  1306 Jul  8 01:40 ModularCodeGenTest_A1_A2_profile.class
-rw-rw-r-- 1 travis travis  1228 Jul  8 01:40 ModularCodeGenTest_A1_A2_profile.java
-rw-rw-r-- 1 travis travis  3823 Jul  8 01:40 ModularCodeGenTest_A1.class
-rw-rw-r-- 1 travis travis  9968 Jul  8 01:40 ModularCodeGenTest_A1.java
-rw-rw-r-- 1 travis travis   880 Jul  8 01:40 ModularCodeGenTest_A1.mk
-rw-rw-r-- 1 travis travis  1352 Jul  8 01:40 ModularCodeGenTest_A1_profile.class
-rw-rw-r-- 1 travis travis  1394 Jul  8 01:40 ModularCodeGenTest_A1_profile.java
-rw-rw-r-- 1 travis travis   432 Jul  8 01:42 Token.class
-rw-rw-r-- 1 travis travis   251 Jul  8 01:42 Token.java
warning: Supported source version 'RELEASE_6' from annotation processor 'org.netbeans.modules.openide.util.NbBundleProcessor' less than -source '1.8'
warning: Supported source version 'RELEASE_6' from annotation processor 'org.netbeans.modules.openide.util.URLStreamHandlerRegistrationProcessor' less than -source '1.8'
warning: Supported source version 'RELEASE_6' from annotation processor 'org.netbeans.modules.openide.util.ServiceProviderProcessor' less than -source '1.8'
3 warnings
All Done
Writing ModularCodeGenPubSub2_A1_A.java in file:/home/travis/cg/ (8578 characters)
Reading "ptolemy/cg/kernel/generic/program/procedural/java/modular/makefile.in",
    writing "/home/travis/cg/ModularCodeGenPubSub2_A1_A.mk"
Using ptolemy/cg/kernel/generic/program/procedural/java/modular/makefile.in
In "/home/travis/cg", about to execute:
    make -f ModularCodeGenPubSub2_A1_A.mk
javac -classpath ".:.."    ModularCodeGenPubSub2_A1_A.java
All Done
In "/home/travis/cg", about to execute:
    pwd
/home/travis/cg
In "/home/travis/cg", about to execute:
    ls -l
total 1264
-rw-rw-r-- 1 travis travis   233 Jul  8 01:42 Array.class
-rw-rw-r-- 1 travis travis   459 Jul  8 01:42 Array.java
-rw-rw-r-- 1 travis travis  4895 Jul  8 01:40 CompiledCompositeActor_CompiledCompositeActor.class
-rw-rw-r-- 1 travis travis  1592 Jul  8 01:40 CompiledCompositeActor_CompiledCompositeActor$_CompiledCompositeActor_CompiledCompositeActor.class
-rw-rw-r-- 1 travis travis 13466 Jul  8 01:40 CompiledCompositeActor_CompiledCompositeActor.java
-rw-rw-r-- 1 travis travis  1593 Jul  8 01:40 CompiledCompositeActor_CompiledCompositeActor.mk
-rw-rw-r-- 1 travis travis  4457 Jul  8 01:40 JavaCompiledCompositeTest1_CompiledCompositeActor.class
-rw-rw-r-- 1 travis travis 11637 Jul  8 01:40 JavaCompiledCompositeTest1_CompiledCompositeActor.java
-rw-rw-r-- 1 travis travis  1198 Jul  8 01:40 JavaCompiledCompositeTest1_CompiledCompositeActor$_JavaCompiledCompositeTest1_CompiledCompositeActor.class
-rw-rw-r-- 1 travis travis  1625 Jul  8 01:40 JavaCompiledCompositeTest1_CompiledCompositeActor.mk
-rw-rw-r-- 1 travis travis  4888 Jul  8 01:40 JavaCompiledCompositeTest2_CompiledCompositeActor.class
-rw-rw-r-- 1 travis travis 14919 Jul  8 01:40 JavaCompiledCompositeTest2_CompiledCompositeActor.java
-rw-rw-r-- 1 travis travis  1793 Jul  8 01:40 JavaCompiledCompositeTest2_CompiledCompositeActor$_JavaCompiledCompositeTest2_CompiledCompositeActor.class
-rw-rw-r-- 1 travis travis  1625 Jul  8 01:40 JavaCompiledCompositeTest2_CompiledCompositeActor.mk
-rw-rw-r-- 1 travis travis  4505 Jul  8 01:40 JavaCompiledCompositeTest3_CompiledCompositeActor.class
-rw-rw-r-- 1 travis travis 13080 Jul  8 01:40 JavaCompiledCompositeTest3_CompiledCompositeActor.java
-rw-rw-r-- 1 travis travis  1378 Jul  8 01:40 JavaCompiledCompositeTest3_CompiledCompositeActor$_JavaCompiledCompositeTest3_CompiledCompositeActor.class
-rw-rw-r-- 1 travis travis  1625 Jul  8 01:40 JavaCompiledCompositeTest3_CompiledCompositeActor.mk
-rw-rw-r-- 1 travis travis  3953 Jul  8 01:40 JavaCompiledCompositeTest4_CompiledCompositeActor.class
-rw-rw-r-- 1 travis travis  9687 Jul  8 01:40 JavaCompiledCompositeTest4_CompiledCompositeActor.java
-rw-rw-r-- 1 travis travis   857 Jul  8 01:40 JavaCompiledCompositeTest4_CompiledCompositeActor$_JavaCompiledCompositeTest4_CompiledCompositeActor.class
-rw-rw-r-- 1 travis travis  1625 Jul  8 01:40 JavaCompiledCompositeTest4_CompiledCompositeActor.mk
-rw-rw-r-- 1 travis travis  3693 Jul  8 01:40 ModularCG_A1_B1.class
-rw-rw-r-- 1 travis travis  9730 Jul  8 01:40 ModularCG_A1_B1.java
-rw-rw-r-- 1 travis travis   832 Jul  8 01:40 ModularCG_A1_B1.mk
-rw-rw-r-- 1 travis travis  1318 Jul  8 01:40 ModularCG_A1_B1_profile.class
-rw-rw-r-- 1 travis travis  1262 Jul  8 01:40 ModularCG_A1_B1_profile.java
-rw-rw-r-- 1 travis travis  3693 Jul  8 01:40 ModularCG_A1_B2.class
-rw-rw-r-- 1 travis travis  9730 Jul  8 01:40 ModularCG_A1_B2.java
-rw-rw-r-- 1 travis travis   832 Jul  8 01:40 ModularCG_A1_B2.mk
-rw-rw-r-- 1 travis travis  1318 Jul  8 01:40 ModularCG_A1_B2_profile.class
-rw-rw-r-- 1 travis travis  1262 Jul  8 01:40 ModularCG_A1_B2_profile.java
-rw-rw-r-- 1 travis travis  4799 Jul  8 01:41 ModularCG_A1.class
-rw-rw-r-- 1 travis travis 14742 Jul  8 01:41 ModularCG_A1.java
-rw-rw-r-- 1 travis travis   808 Jul  8 01:41 ModularCG_A1.mk
-rw-rw-r-- 1 travis travis  1433 Jul  8 01:41 ModularCG_A1_profile.class
-rw-rw-r-- 1 travis travis  1704 Jul  8 01:40 ModularCG_A1_profile.java
-rw-rw-r-- 1 travis travis  3827 Jul  8 01:41 ModularCG_A2_B1.class
-rw-rw-r-- 1 travis travis 10667 Jul  8 01:41 ModularCG_A2_B1.java
-rw-rw-r-- 1 travis travis   832 Jul  8 01:41 ModularCG_A2_B1.mk
-rw-rw-r-- 1 travis travis  1381 Jul  8 01:41 ModularCG_A2_B1_profile.class
-rw-rw-r-- 1 travis travis  1446 Jul  8 01:41 ModularCG_A2_B1_profile.java
-rw-rw-r-- 1 travis travis  3693 Jul  8 01:41 ModularCG_A2_B2.class
-rw-rw-r-- 1 travis travis  9730 Jul  8 01:41 ModularCG_A2_B2.java
-rw-rw-r-- 1 travis travis   832 Jul  8 01:41 ModularCG_A2_B2.mk
-rw-rw-r-- 1 travis travis  1318 Jul  8 01:41 ModularCG_A2_B2_profile.class
-rw-rw-r-- 1 travis travis  1262 Jul  8 01:41 ModularCG_A2_B2_profile.java
-rw-rw-r-- 1 travis travis  4870 Jul  8 01:41 ModularCG_A2.class
-rw-rw-r-- 1 travis travis 15129 Jul  8 01:41 ModularCG_A2.java
-rw-rw-r-- 1 travis travis   808 Jul  8 01:41 ModularCG_A2.mk
-rw-rw-r-- 1 travis travis  1433 Jul  8 01:41 ModularCG_A2_profile.class
-rw-rw-r-- 1 travis travis  1704 Jul  8 01:41 ModularCG_A2_profile.java
-rw-rw-r-- 1 travis travis  3473 Jul  8 01:41 ModularCGPubSub_A1_A2.class
-rw-rw-r-- 1 travis travis  9076 Jul  8 01:41 ModularCGPubSub_A1_A2.java
-rw-rw-r-- 1 travis travis   880 Jul  8 01:41 ModularCGPubSub_A1_A2.mk
-rw-rw-r-- 1 travis travis  1300 Jul  8 01:41 ModularCGPubSub_A1_A2_profile.class
-rw-rw-r-- 1 travis travis  1222 Jul  8 01:41 ModularCGPubSub_A1_A2_profile.java
-rw-rw-r-- 1 travis travis  3790 Jul  8 01:41 ModularCGPubSub_A1.class
-rw-rw-r-- 1 travis travis  9836 Jul  8 01:41 ModularCGPubSub_A1.java
-rw-rw-r-- 1 travis travis   856 Jul  8 01:41 ModularCGPubSub_A1.mk
-rw-rw-r-- 1 travis travis  1346 Jul  8 01:41 ModularCGPubSub_A1_profile.class
-rw-rw-r-- 1 travis travis  1388 Jul  8 01:41 ModularCGPubSub_A1_profile.java
-rw-rw-r-- 1 travis travis  3988 Jul  8 01:41 ModularCodeGen2_ModularCodeGenTypedCompositeActor.class
-rw-rw-r-- 1 travis travis 11690 Jul  8 01:41 ModularCodeGen2_ModularCodeGenTypedCompositeActor.java
-rw-rw-r-- 1 travis travis  1104 Jul  8 01:41 ModularCodeGen2_ModularCodeGenTypedCompositeActor.mk
-rw-rw-r-- 1 travis travis  4272 Jul  8 01:41 ModularCodeGen2_ModularCodeGenTypedCompositeActor_ModularCodeGenTypedCompositeActor.class
-rw-rw-r-- 1 travis travis 11790 Jul  8 01:41 ModularCodeGen2_ModularCodeGenTypedCompositeActor_ModularCodeGenTypedCompositeActor.java
-rw-rw-r-- 1 travis travis  1376 Jul  8 01:41 ModularCodeGen2_ModularCodeGenTypedCompositeActor_ModularCodeGenTypedCompositeActor.mk
-rw-rw-r-- 1 travis travis  1421 Jul  8 01:41 ModularCodeGen2_ModularCodeGenTypedCompositeActor_ModularCodeGenTypedCompositeActor_profile.class
-rw-rw-r-- 1 travis travis  1294 Jul  8 01:41 ModularCodeGen2_ModularCodeGenTypedCompositeActor_ModularCodeGenTypedCompositeActor_profile.java
-rw-rw-r-- 1 travis travis   820 Jul  8 01:41 ModularCodeGen2_ModularCodeGenTypedCompositeActor_profile.class
-rw-rw-r-- 1 travis travis   693 Jul  8 01:41 ModularCodeGen2_ModularCodeGenTypedCompositeActor_profile.java
-rw-rw-r-- 1 travis travis  3741 Jul  8 01:41 ModularCodeGen3_A1_B1.class
-rw-rw-r-- 1 travis travis  9958 Jul  8 01:41 ModularCodeGen3_A1_B1.java
-rw-rw-r-- 1 travis travis   880 Jul  8 01:41 ModularCodeGen3_A1_B1.mk
-rw-rw-r-- 1 travis travis  1330 Jul  8 01:41 ModularCodeGen3_A1_B1_profile.class
-rw-rw-r-- 1 travis travis  1274 Jul  8 01:41 ModularCodeGen3_A1_B1_profile.java
-rw-rw-r-- 1 travis travis  3741 Jul  8 01:41 ModularCodeGen3_A1_B2.class
-rw-rw-r-- 1 travis travis  9958 Jul  8 01:41 ModularCodeGen3_A1_B2.java
-rw-rw-r-- 1 travis travis   880 Jul  8 01:41 ModularCodeGen3_A1_B2.mk
-rw-rw-r-- 1 travis travis  1330 Jul  8 01:41 ModularCodeGen3_A1_B2_profile.class
-rw-rw-r-- 1 travis travis  1274 Jul  8 01:41 ModularCodeGen3_A1_B2_profile.java
-rw-rw-r-- 1 travis travis  4961 Jul  8 01:41 ModularCodeGen3_A1.class
-rw-rw-r-- 1 travis travis 15564 Jul  8 01:41 ModularCodeGen3_A1.java
-rw-rw-r-- 1 travis travis   856 Jul  8 01:41 ModularCodeGen3_A1.mk
-rw-rw-r-- 1 travis travis  1445 Jul  8 01:41 ModularCodeGen3_A1_profile.class
-rw-rw-r-- 1 travis travis  1716 Jul  8 01:41 ModularCodeGen3_A1_profile.java
-rw-rw-r-- 1 travis travis  3887 Jul  8 01:41 ModularCodeGen3_A2_B1.class
-rw-rw-r-- 1 travis travis 10955 Jul  8 01:41 ModularCodeGen3_A2_B1.java
-rw-rw-r-- 1 travis travis   880 Jul  8 01:41 ModularCodeGen3_A2_B1.mk
-rw-rw-r-- 1 travis travis  1393 Jul  8 01:41 ModularCodeGen3_A2_B1_profile.class
-rw-rw-r-- 1 travis travis  1458 Jul  8 01:41 ModularCodeGen3_A2_B1_profile.java
-rw-rw-r-- 1 travis travis  3741 Jul  8 01:41 ModularCodeGen3_A2_B2.class
-rw-rw-r-- 1 travis travis  9958 Jul  8 01:41 ModularCodeGen3_A2_B2.java
-rw-rw-r-- 1 travis travis   880 Jul  8 01:41 ModularCodeGen3_A2_B2.mk
-rw-rw-r-- 1 travis travis  1330 Jul  8 01:41 ModularCodeGen3_A2_B2_profile.class
-rw-rw-r-- 1 travis travis  1274 Jul  8 01:41 ModularCodeGen3_A2_B2_profile.java
-rw-rw-r-- 1 travis travis  5038 Jul  8 01:41 ModularCodeGen3_A2.class
-rw-rw-r-- 1 travis travis 15957 Jul  8 01:41 ModularCodeGen3_A2.java
-rw-rw-r-- 1 travis travis   856 Jul  8 01:41 ModularCodeGen3_A2.mk
-rw-rw-r-- 1 travis travis  1445 Jul  8 01:41 ModularCodeGen3_A2_profile.class
-rw-rw-r-- 1 travis travis  1716 Jul  8 01:41 ModularCodeGen3_A2_profile.java
-rw-rw-r-- 1 travis travis  3794 Jul  8 01:41 ModularCodeGen4_A1_B1.class
-rw-rw-r-- 1 travis travis 10312 Jul  8 01:41 ModularCodeGen4_A1_B1.java
-rw-rw-r-- 1 travis travis   880 Jul  8 01:41 ModularCodeGen4_A1_B1.mk
-rw-rw-r-- 1 travis travis  1330 Jul  8 01:41 ModularCodeGen4_A1_B1_profile.class
-rw-rw-r-- 1 travis travis  1273 Jul  8 01:41 ModularCodeGen4_A1_B1_profile.java
-rw-rw-r-- 1 travis travis  3794 Jul  8 01:41 ModularCodeGen4_A1_B2.class
-rw-rw-r-- 1 travis travis 10312 Jul  8 01:41 ModularCodeGen4_A1_B2.java
-rw-rw-r-- 1 travis travis   880 Jul  8 01:41 ModularCodeGen4_A1_B2.mk
-rw-rw-r-- 1 travis travis  1330 Jul  8 01:41 ModularCodeGen4_A1_B2_profile.class
-rw-rw-r-- 1 travis travis  1273 Jul  8 01:41 ModularCodeGen4_A1_B2_profile.java
-rw-rw-r-- 1 travis travis  5101 Jul  8 01:41 ModularCodeGen4_A1.class
-rw-rw-r-- 1 travis travis 16245 Jul  8 01:41 ModularCodeGen4_A1.java
-rw-rw-r-- 1 travis travis   856 Jul  8 01:41 ModularCodeGen4_A1.mk
-rw-rw-r-- 1 travis travis  1445 Jul  8 01:41 ModularCodeGen4_A1_profile.class
-rw-rw-r-- 1 travis travis  1712 Jul  8 01:41 ModularCodeGen4_A1_profile.java
-rw-rw-r-- 1 travis travis  3988 Jul  8 01:41 ModularCodeGen4_A2_B1.class
-rw-rw-r-- 1 travis travis 11375 Jul  8 01:41 ModularCodeGen4_A2_B1.java
-rw-rw-r-- 1 travis travis   880 Jul  8 01:41 ModularCodeGen4_A2_B1.mk
-rw-rw-r-- 1 travis travis  1393 Jul  8 01:41 ModularCodeGen4_A2_B1_profile.class
-rw-rw-r-- 1 travis travis  1454 Jul  8 01:41 ModularCodeGen4_A2_B1_profile.java
-rw-rw-r-- 1 travis travis  3842 Jul  8 01:41 ModularCodeGen4_A2_B2.class
-rw-rw-r-- 1 travis travis 10378 Jul  8 01:41 ModularCodeGen4_A2_B2.java
-rw-rw-r-- 1 travis travis   880 Jul  8 01:41 ModularCodeGen4_A2_B2.mk
-rw-rw-r-- 1 travis travis  1330 Jul  8 01:41 ModularCodeGen4_A2_B2_profile.class
-rw-rw-r-- 1 travis travis  1270 Jul  8 01:41 ModularCodeGen4_A2_B2_profile.java
-rw-rw-r-- 1 travis travis  5274 Jul  8 01:41 ModularCodeGen4_A2.class
-rw-rw-r-- 1 travis travis 16770 Jul  8 01:41 ModularCodeGen4_A2.java
-rw-rw-r-- 1 travis travis   856 Jul  8 01:41 ModularCodeGen4_A2.mk
-rw-rw-r-- 1 travis travis  1445 Jul  8 01:41 ModularCodeGen4_A2_profile.class
-rw-rw-r-- 1 travis travis  1712 Jul  8 01:41 ModularCodeGen4_A2_profile.java
-rw-rw-r-- 1 travis travis  6838 Jul  8 01:41 ModularCodeGen5_A_A.class
-rw-rw-r-- 1 travis travis 28721 Jul  8 01:41 ModularCodeGen5_A_A.java
-rw-rw-r-- 1 travis travis   864 Jul  8 01:41 ModularCodeGen5_A_A.mk
-rw-rw-r-- 1 travis travis  1520 Jul  8 01:41 ModularCodeGen5_A_A_profile.class
-rw-rw-r-- 1 travis travis  1815 Jul  8 01:41 ModularCodeGen5_A_A_profile.java
-rw-rw-r-- 1 travis travis  5115 Jul  8 01:41 ModularCodeGen5_A.class
-rw-rw-r-- 1 travis travis 13769 Jul  8 01:41 ModularCodeGen5_A.java
-rw-rw-r-- 1 travis travis   848 Jul  8 01:41 ModularCodeGen5_A.mk
-rw-rw-r-- 1 travis travis  1422 Jul  8 01:41 ModularCodeGen5_A_profile.class
-rw-rw-r-- 1 travis travis  1605 Jul  8 01:41 ModularCodeGen5_A_profile.java
-rw-rw-r-- 1 travis travis  4125 Jul  8 01:41 ModularCodeGen6_A_A2.class
-rw-rw-r-- 1 travis travis 11329 Jul  8 01:41 ModularCodeGen6_A_A2.java
-rw-rw-r-- 1 travis travis   872 Jul  8 01:41 ModularCodeGen6_A_A2.mk
-rw-rw-r-- 1 travis travis  1351 Jul  8 01:41 ModularCodeGen6_A_A2_profile.class
-rw-rw-r-- 1 travis travis  1364 Jul  8 01:41 ModularCodeGen6_A_A2_profile.java
-rw-rw-r-- 1 travis travis  4108 Jul  8 01:41 ModularCodeGen6_A_A.class
-rw-rw-r-- 1 travis travis 11221 Jul  8 01:41 ModularCodeGen6_A_A.java
-rw-rw-r-- 1 travis travis   864 Jul  8 01:41 ModularCodeGen6_A_A.mk
-rw-rw-r-- 1 travis travis  1348 Jul  8 01:41 ModularCodeGen6_A_A_profile.class
-rw-rw-r-- 1 travis travis  1361 Jul  8 01:41 ModularCodeGen6_A_A_profile.java
-rw-rw-r-- 1 travis travis  7237 Jul  8 01:42 ModularCodeGen6_A.class
-rw-rw-r-- 1 travis travis 26535 Jul  8 01:41 ModularCodeGen6_A.java
-rw-rw-r-- 1 travis travis   848 Jul  8 01:41 ModularCodeGen6_A.mk
-rw-rw-r-- 1 travis travis  1483 Jul  8 01:41 ModularCodeGen6_A_profile.class
-rw-rw-r-- 1 travis travis  1810 Jul  8 01:41 ModularCodeGen6_A_profile.java
-rw-rw-r-- 1 travis travis  9439 Jul  8 01:42 ModularCodeGenLazyPubSubGlobal_CompositeActor_ModularCodeGenTypedComposite.class
-rw-rw-r-- 1 travis travis 30161 Jul  8 01:42 ModularCodeGenLazyPubSubGlobal_CompositeActor_ModularCodeGenTypedComposite.java
-rw-rw-r-- 1 travis travis  1304 Jul  8 01:42 ModularCodeGenLazyPubSubGlobal_CompositeActor_ModularCodeGenTypedComposite.mk
-rw-rw-r-- 1 travis travis  1438 Jul  8 01:42 ModularCodeGenLazyPubSubGlobal_CompositeActor_ModularCodeGenTypedComposite_profile.class
-rw-rw-r-- 1 travis travis  1384 Jul  8 01:42 ModularCodeGenLazyPubSubGlobal_CompositeActor_ModularCodeGenTypedComposite_profile.java
-rw-rw-r-- 1 travis travis  3952 Jul  8 01:42 ModularCodeGenLazyPubSub_LazyCompositeActor.class
-rw-rw-r-- 1 travis travis 11122 Jul  8 01:42 ModularCodeGenLazyPubSub_LazyCompositeActor.java
-rw-rw-r-- 1 travis travis  1056 Jul  8 01:42 ModularCodeGenLazyPubSub_LazyCompositeActor.mk
-rw-rw-r-- 1 travis travis  1286 Jul  8 01:42 ModularCodeGenLazyPubSub_LazyCompositeActor_profile.class
-rw-rw-r-- 1 travis travis  1091 Jul  8 01:42 ModularCodeGenLazyPubSub_LazyCompositeActor_profile.java
-rw-rw-r-- 1 travis travis  3954 Jul  8 01:41 ModularCodeGen_ModularCodeGenTypedCompositeActor.class
-rw-rw-r-- 1 travis travis 10970 Jul  8 01:41 ModularCodeGen_ModularCodeGenTypedCompositeActor.java
-rw-rw-r-- 1 travis travis  1096 Jul  8 01:41 ModularCodeGen_ModularCodeGenTypedCompositeActor.mk
-rw-rw-r-- 1 travis travis  1384 Jul  8 01:41 ModularCodeGen_ModularCodeGenTypedCompositeActor_profile.class
-rw-rw-r-- 1 travis travis  1328 Jul  8 01:41 ModularCodeGen_ModularCodeGenTypedCompositeActor_profile.java
-rw-rw-r-- 1 travis travis  3441 Jul  8 01:42 ModularCodeGenPubSub2_A1_A.class
-rw-rw-r-- 1 travis travis  8578 Jul  8 01:42 ModularCodeGenPubSub2_A1_A.java
-rw-rw-r-- 1 travis travis   920 Jul  8 01:42 ModularCodeGenPubSub2_A1_A.mk
-rw-rw-r-- 1 travis travis  1274 Jul  8 01:42 ModularCodeGenPubSub2_A1_A_profile.class
-rw-rw-r-- 1 travis travis  1128 Jul  8 01:42 ModularCodeGenPubSub2_A1_A_profile.java
-rw-rw-r-- 1 travis travis  1196 Jul  8 01:42 ModularCodeGenPubSub2_A1_profile.java
-rw-rw-r-- 1 travis travis  3475 Jul  8 01:42 ModularCodeGenPubSub_A1.class
-rw-rw-r-- 1 travis travis  9060 Jul  8 01:42 ModularCodeGenPubSub_A1.java
-rw-rw-r-- 1 travis travis   896 Jul  8 01:42 ModularCodeGenPubSub_A1.mk
-rw-rw-r-- 1 travis travis  1278 Jul  8 01:42 ModularCodeGenPubSub_A1_profile.class
-rw-rw-r-- 1 travis travis  1195 Jul  8 01:42 ModularCodeGenPubSub_A1_profile.java
-rw-rw-r-- 1 travis travis  3492 Jul  8 01:40 ModularCodeGenTest_A1_A2.class
-rw-rw-r-- 1 travis travis  9164 Jul  8 01:40 ModularCodeGenTest_A1_A2.java
-rw-rw-r-- 1 travis travis   904 Jul  8 01:40 ModularCodeGenTest_A1_A2.mk
-rw-rw-r-- 1 travis travis  1306 Jul  8 01:40 ModularCodeGenTest_A1_A2_profile.class
-rw-rw-r-- 1 travis travis  1228 Jul  8 01:40 ModularCodeGenTest_A1_A2_profile.java
-rw-rw-r-- 1 travis travis  3823 Jul  8 01:40 ModularCodeGenTest_A1.class
-rw-rw-r-- 1 travis travis  9968 Jul  8 01:40 ModularCodeGenTest_A1.java
-rw-rw-r-- 1 travis travis   880 Jul  8 01:40 ModularCodeGenTest_A1.mk
-rw-rw-r-- 1 travis travis  1352 Jul  8 01:40 ModularCodeGenTest_A1_profile.class
-rw-rw-r-- 1 travis travis  1394 Jul  8 01:40 ModularCodeGenTest_A1_profile.java
-rw-rw-r-- 1 travis travis   432 Jul  8 01:42 Token.class
-rw-rw-r-- 1 travis travis   251 Jul  8 01:42 Token.java
In "/home/travis/cg", about to execute:
    javac -classpath
.:/home/travis/build/icyphy/ptII:/home/travis/build/icyphy/ptII/lib/bsh-2.0b4.j
ar:/home/travis/build/icyphy/ptII/lib/ptCal.jar:/home/travis/build/icyphy/ptII/
lib/java_cup.jar:/home/travis/build/icyphy/ptII/lib/saxon8.jar:/home/travis/bui
ld/icyphy/ptII/lib/saxon8-dom.jar:/home/travis/build/icyphy/ptII/lib/chic.jar:/
home/travis/build/icyphy/ptII/lib/ptcolt.jar:/usr/lib/jvm/java-8-oracle/lib/too
ls.jar:/usr/lib/eclipse/plugins/org.eclipse.jdt.core_3.8.2.dist.jar:/usr/lib/ec
lipse/plugins/org.eclipse.core.runtime_3.8.0.dist.jar:/usr/lib/eclipse/plugins/
org.eclipse.osgi_3.8.1.dist.jar:/usr/lib/eclipse/plugins/org.eclipse.core.resou
rces_3.8.1.dist.jar:/usr/lib/eclipse/plugins/org.eclipse.equinox.common_3.6.100
.dist.jar:/usr/lib/eclipse/plugins/org.eclipse.core.jobs_3.5.200.dist.jar:/usr/
lib/eclipse/plugins/org.eclipse.core.contenttype_3.4.200.dist.jar:/usr/lib/ecli
pse/plugins/org.eclipse.equinox.preferences_3.5.0.dist.jar:/usr/lib/eclipse/plu
gins/org.eclipse.text_3.5.200.dist.jar:/usr/lib/eclipse/plugins/org.eclipse.ui.
workbench_3.8.1.dist.jar:/usr/lib/eclipse/plugins/org.eclipse.jface_3.8.0.dist.
jar:/usr/lib/eclipse/plugins/org.eclipse.swt_3.8.2.jar:/usr/lib/eclipse/plugins
/org.eclipse.jface.text_3.8.1.dist.jar:/usr/lib/eclipse/plugins/org.eclipse.ui.
workbench.texteditor_3.8.0.dist.jar:/usr/lib/eclipse/plugins/org.eclipse.ui.edi
tors_3.8.0.dist.jar:/usr/lib/eclipse/plugins/org.eclipse.core.commands_3.6.1.di
st.jar:/usr/lib/eclipse/plugins/org.eclipse.equinox.registry_3.5.200.dist.jar:/
usr/lib/eclipse/plugins/org.eclipse.ui.console_3.5.100.dist.jar:/usr/lib/eclips
e/plugins/org.eclipse.ui.forms_3.5.200.dist.jar:/usr/lib/eclipse/plugins/org.ec
lipse.ui.ide_3.8.1.dist.jar:/home/travis/build/icyphy/ptII/vendors/oracle/dbxml
.jar:/home/travis/build/icyphy/ptII/vendors/oracle/db.jar:/home/travis/build/ic
yphy/ptII/vendors/misc/itext/iText.jar:/home/travis/build/icyphy/ptII/lib/g4ltl
.jar:/home/travis/build/icyphy/ptII/lib/StructuralCoder.jar:/home/travis/build/
icyphy/ptII/lib/org-openide-util.jar:/home/travis/build/icyphy/ptII/lib/org-ope
nide-util-lookup.jar:/home/travis/build/icyphy/ptII/lib/org-netbeans-api-visual
.jar:/home/travis/build/icyphy/ptII/vendors/jai-1_1_2_01/lib/jai_core.jar:/home
/travis/build/icyphy/ptII/vendors/jai-1_1_2_01/lib/jai_codec.jar:/home/travis/b
uild/icyphy/ptII/lib/jcerti.jar:/home/travis/build/icyphy/ptII/lib/smack.jar:/h
ome/travis/build/icyphy/ptII/lib/smackx.jar:/home/travis/build/icyphy/ptII/lib/
jetty-all-8.1.5-v20120716.jar:/home/travis/build/icyphy/ptII/lib/javax.servlet-
api-3.0.1.jar:/home/travis/build/icyphy/ptII/lib/javax.mail.jar:/home/travis/bu
ild/icyphy/ptII/vendors/JMF-2.1.1e/lib/jmf.jar:/home/travis/build/icyphy/ptII/l
ib/jna-4.0.0-variadic.jar:/home/travis/build/icyphy/ptII/vendors/misc/joystick/
Joystick.jar:/home/travis/build/icyphy/ptII/lib/ptjacl.jar:/home/travis/build/i
cyphy/ptII/lib/jsoup-1.8.2.jar:/home/travis/build/icyphy/ptII/lib/junit-4.8.2.j
ar:/home/travis/build/icyphy/ptII/lib/JUnitParams-0.4.0.jar:/home/travis/build/
icyphy/ptII/ptolemy/actor/lib/excel/jxl.jar:/home/travis/build/icyphy/ptII/lib/
jython.jar:/home/travis/build/icyphy/ptII/lib/kieler.jar:/home/travis/build/icy
phy/ptII/vendors/opencv/share/OpenCV/java/opencv-341.jar:/home/travis/build/icy
phy/ptII/lib/oscP5.jar:/home/travis/build/icyphy/ptII/lib/nrjavaserial-3.11.0.d
evel.jar:/home/travis/build/icyphy/ptII/vendors/j3d/lib/j3dcore.jar:/home/travi
s/build/icyphy/ptII/vendors/j3d/lib/j3dutils.jar:/home/travis/build/icyphy/ptII
/vendors/j3d/lib/vecmath.jar:/home/travis/build/icyphy/ptII/ptolemy/distributed
/jini/jar/jini-core.jar:/home/travis/build/icyphy/ptII/ptolemy/distributed/jini
/jar/jini-ext.jar:/home/travis/build/icyphy/ptII/ptolemy/distributed/jini/jar/s
un-util.jar:/home/travis/build/icyphy/ptII/lib/protobuf-java-2.4.1.jar:/home/tr
avis/build/icyphy/ptII/lib/org.eclipse.paho.client.mqttv3.jar:/home/travis/buil
d/icyphy/ptII/ptserver/lib/hessian-4.0.7.jar:/home/travis/build/icyphy/ptII/pts
erver/lib/wmqtt.jar:/home/travis/build/icyphy/ptII/lib/mapss.jar:/home/travis/b
uild/icyphy/ptII/ptolemy/actor/ptalon/antlr/antlr.jar:/home/travis/build/icyphy
/ptII/lib/JRI.jar:/home/travis/build/icyphy/ptII/lib/commons-lang-2.6.jar:/home
/travis/build/icyphy/ptII/lib/commons-logging-1.1.1.jar:/home/travis/build/icyp
hy/ptII/lib/sootclasses.jar:/home/travis/build/icyphy/ptII/ptolemy/actor/lib/da
tabase/mysql-connector-java-5.1.6-bin.jar:/home/travis/build/icyphy/ptII/vendor
s/misc/sphinx4/sphinx4-data-5prealpha.jar:/home/travis/build/icyphy/ptII/vendor
s/misc/sphinx4/sphinx4-core-5prealpha.jar:/home/travis/build/icyphy/ptII/lib/PD
FRenderer.jar:/home/travis/build/icyphy/ptII/lib/svgSalamander.jar:/home/travis
/build/icyphy/ptII/lib/rsyntaxtextarea-2.6.0-SNAPSHOT.jar:/home/travis/build/ic
yphy/ptII/lib/hazelcast-3.8.2.jar:/home/travis/build/icyphy/ptII/lib/jackson-an
notations-2.9.0.jar:/home/travis/build/icyphy/ptII/lib/jackson-core-2.9.3.jar:/
home/travis/build/icyphy/ptII/lib/jackson-databind-2.9.3.jar:/home/travis/build
/icyphy/ptII/lib/netty-buffer-4.1.19.Final.jar:/home/travis/build/icyphy/ptII/l
ib/netty-codec-4.1.19.Final.jar:/home/travis/build/icyphy/ptII/lib/netty-codec-
dns-4.1.19.Final.jar:/home/travis/build/icyphy/ptII/lib/netty-codec-http-4.1.19
.Final.jar:/home/travis/build/icyphy/ptII/lib/netty-codec-http2-4.1.19.Final.ja
r:/home/travis/build/icyphy/ptII/lib/netty-common-4.1.19.Final.jar:/home/travis
/build/icyphy/ptII/lib/netty-handler-4.1.19.Final.jar:/home/travis/build/icyphy
/ptII/lib/netty-resolver-4.1.19.Final.jar:/home/travis/build/icyphy/ptII/lib/ne
tty-resolver-dns-4.1.19.Final.jar:/home/travis/build/icyphy/ptII/lib/netty-tran
sport-4.1.19.Final.jar:/home/travis/build/icyphy/ptII/lib/vertx-codegen-3.5.1.j
ar:/home/travis/build/icyphy/ptII/lib/vertx-core-3.5.2-SNAPSHOT.jar:/home/travi
s/build/icyphy/ptII/lib/vertx-hazelcast-3.5.1.jar:/home/travis/build/icyphy/ptI
I/lib/vertx-lang-js-3.5.1.jar:/home/travis/build/icyphy/ptII/lib/vertx-service-
proxy-3.5.1.jar:/home/travis/build/icyphy/ptII/lib/vertx-web-3.5.1.jar:/home/tr
avis/build/icyphy/ptII/lib/slf4j-api-1.7.13.jar:/home/travis/build/icyphy/ptII/
lib/slf4j-simple-1.7.13.jar:/home/travis/build/icyphy/ptII/lib/webcam-capture-0
.3.12.jar:/home/travis/build/icyphy/ptII/lib/bridj-0.7.0.jar:/home/travis/build
/icyphy/ptII/lib/xbjlib-1.1.0.nrjavaserial.jar:/home/travis/build/icyphy/ptII/p
tolemy/moml/test:/home/travis/build/icyphy/ptII/ant/lib/ant-launcher.jar:/home/
travis/build/icyphy/ptII/ant/lib/ant.jar:/home/travis/build/icyphy/ptII/ant/lib
/ant-junit.jar:/home/travis/build/icyphy/ptII/ant/lib/ant-junit4.jar:/home/trav
is/build/icyphy/ptII ModularCodeGenPubSub2_A1_profile.java
warning: Supported source version 'RELEASE_6' from annotation processor 'org.netbeans.modules.openide.util.NbBundleProcessor' less than -source '1.8'
warning: Supported source version 'RELEASE_6' from annotation processor 'org.netbeans.modules.openide.util.URLStreamHandlerRegistrationProcessor' less than -source '1.8'
warning: Supported source version 'RELEASE_6' from annotation processor 'org.netbeans.modules.openide.util.ServiceProviderProcessor' less than -source '1.8'
3 warnings
All Done
Writing ModularCodeGenPubSub2_A1.java in file:/home/travis/cg/ (9781 characters)
Reading "ptolemy/cg/kernel/generic/program/procedural/java/modular/makefile.in",
    writing "/home/travis/cg/ModularCodeGenPubSub2_A1.mk"
Using ptolemy/cg/kernel/generic/program/procedural/java/modular/makefile.in
In "/home/travis/cg", about to execute:
    make -f ModularCodeGenPubSub2_A1.mk
javac -classpath ".:.."    ModularCodeGenPubSub2_A1.java
All Done
4449 ms. Memory: 434176K Free: 405992K (94%)
----------------- Invoking toplevel() on ptolemy.moml.MoMLSimpleApplication@3b5b618c
----------------- Done invoking toplevel() on ptolemy.moml.MoMLSimpleApplication@3b5b618c
reloadAllAccessors: .ModularCodeGenPubSub2

===========================================================================================
----------------- testing Sun Jul 08 01:42:12 UTC 2018 /home/travis/build/icyphy/ptII/ptolemy/cg/lib/test/auto/ModularCodeGenPubSub3.xml
----------------- Instantiating /home/travis/build/icyphy/ptII/ptolemy/cg/lib/test/auto/ModularCodeGenPubSub3.xml
In "/home/travis/cg", about to execute:
    pwd
In "/home/travis/cg", about to execute:
    ls -l
/home/travis/cg
In "/home/travis/cg", about to execute:
    javac -classpath
.:/home/travis/build/icyphy/ptII:/home/travis/build/icyphy/ptII/lib/bsh-2.0b4.j
ar:/home/travis/build/icyphy/ptII/lib/ptCal.jar:/home/travis/build/icyphy/ptII/
lib/java_cup.jar:/home/travis/build/icyphy/ptII/lib/saxon8.jar:/home/travis/bui
ld/icyphy/ptII/lib/saxon8-dom.jar:/home/travis/build/icyphy/ptII/lib/chic.jar:/
home/travis/build/icyphy/ptII/lib/ptcolt.jar:/usr/lib/jvm/java-8-oracle/lib/too
ls.jar:/usr/lib/eclipse/plugins/org.eclipse.jdt.core_3.8.2.dist.jar:/usr/lib/ec
lipse/plugins/org.eclipse.core.runtime_3.8.0.dist.jar:/usr/lib/eclipse/plugins/
org.eclipse.osgi_3.8.1.dist.jar:/usr/lib/eclipse/plugins/org.eclipse.core.resou
rces_3.8.1.dist.jar:/usr/lib/eclipse/plugins/org.eclipse.equinox.common_3.6.100
.dist.jar:/usr/lib/eclipse/plugins/org.eclipse.core.jobs_3.5.200.dist.jar:/usr/
lib/eclipse/plugins/org.eclipse.core.contenttype_3.4.200.dist.jar:/usr/lib/ecli
pse/plugins/org.eclipse.equinox.preferences_3.5.0.dist.jar:/usr/lib/eclipse/plu
gins/org.eclipse.text_3.5.200.dist.jar:/usr/lib/eclipse/plugins/org.eclipse.ui.
workbench_3.8.1.dist.jar:/usr/lib/eclipse/plugins/org.eclipse.jface_3.8.0.dist.
jar:/usr/lib/eclipse/plugins/org.eclipse.swt_3.8.2.jar:/usr/lib/eclipse/plugins
/org.eclipse.jface.text_3.8.1.dist.jar:/usr/lib/eclipse/plugins/org.eclipse.ui.
workbench.texteditor_3.8.0.dist.jar:/usr/lib/eclipse/plugins/org.eclipse.ui.edi
tors_3.8.0.dist.jar:/usr/lib/eclipse/plugins/org.eclipse.core.commands_3.6.1.di
st.jar:/usr/lib/eclipse/plugins/org.eclipse.equinox.registry_3.5.200.dist.jar:/
usr/lib/eclipse/plugins/org.eclipse.ui.console_3.5.100.dist.jar:/usr/lib/eclips
e/plugins/org.eclipse.ui.forms_3.5.200.dist.jar:/usr/lib/eclipse/plugins/org.ec
lipse.ui.ide_3.8.1.dist.jar:/home/travis/build/icyphy/ptII/vendors/oracle/dbxml
.jar:/home/travis/build/icyphy/ptII/vendors/oracle/db.jar:/home/travis/build/ic
yphy/ptII/vendors/misc/itext/iText.jar:/home/travis/build/icyphy/ptII/lib/g4ltl
.jar:/home/travis/build/icyphy/ptII/lib/StructuralCoder.jar:/home/travis/build/
icyphy/ptII/lib/org-openide-util.jar:/home/travis/build/icyphy/ptII/lib/org-ope
nide-util-lookup.jar:/home/travis/build/icyphy/ptII/lib/org-netbeans-api-visual
.jar:/home/travis/build/icyphy/ptII/vendors/jai-1_1_2_01/lib/jai_core.jar:/home
/travis/build/icyphy/ptII/vendors/jai-1_1_2_01/lib/jai_codec.jar:/home/travis/b
uild/icyphy/ptII/lib/jcerti.jar:/home/travis/build/icyphy/ptII/lib/smack.jar:/h
ome/travis/build/icyphy/ptII/lib/smackx.jar:/home/travis/build/icyphy/ptII/lib/
jetty-all-8.1.5-v20120716.jar:/home/travis/build/icyphy/ptII/lib/javax.servlet-
api-3.0.1.jar:/home/travis/build/icyphy/ptII/lib/javax.mail.jar:/home/travis/bu
ild/icyphy/ptII/vendors/JMF-2.1.1e/lib/jmf.jar:/home/travis/build/icyphy/ptII/l
ib/jna-4.0.0-variadic.jar:/home/travis/build/icyphy/ptII/vendors/misc/joystick/
Joystick.jar:/home/travis/build/icyphy/ptII/lib/ptjacl.jar:/home/travis/build/i
cyphy/ptII/lib/jsoup-1.8.2.jar:/home/travis/build/icyphy/ptII/lib/junit-4.8.2.j
ar:/home/travis/build/icyphy/ptII/lib/JUnitParams-0.4.0.jar:/home/travis/build/
icyphy/ptII/ptolemy/actor/lib/excel/jxl.jar:/home/travis/build/icyphy/ptII/lib/
jython.jar:/home/travis/build/icyphy/ptII/lib/kieler.jar:/home/travis/build/icy
phy/ptII/vendors/opencv/share/OpenCV/java/opencv-341.jar:/home/travis/build/icy
phy/ptII/lib/oscP5.jar:/home/travis/build/icyphy/ptII/lib/nrjavaserial-3.11.0.d
evel.jar:/home/travis/build/icyphy/ptII/vendors/j3d/lib/j3dcore.jar:/home/travi
s/build/icyphy/ptII/vendors/j3d/lib/j3dutils.jar:/home/travis/build/icyphy/ptII
/vendors/j3d/lib/vecmath.jar:/home/travis/build/icyphy/ptII/ptolemy/distributed
/jini/jar/jini-core.jar:/home/travis/build/icyphy/ptII/ptolemy/distributed/jini
/jar/jini-ext.jar:/home/travis/build/icyphy/ptII/ptolemy/distributed/jini/jar/s
un-util.jar:/home/travis/build/icyphy/ptII/lib/protobuf-java-2.4.1.jar:/home/tr
avis/build/icyphy/ptII/lib/org.eclipse.paho.client.mqttv3.jar:/home/travis/buil
d/icyphy/ptII/ptserver/lib/hessian-4.0.7.jar:/home/travis/build/icyphy/ptII/pts
erver/lib/wmqtt.jar:/home/travis/build/icyphy/ptII/lib/mapss.jar:/home/travis/b
uild/icyphy/ptII/ptolemy/actor/ptalon/antlr/antlr.jar:/home/travis/build/icyphy
/ptII/lib/JRI.jar:/home/travis/build/icyphy/ptII/lib/commons-lang-2.6.jar:/home
/travis/build/icyphy/ptII/lib/commons-logging-1.1.1.jar:/home/travis/build/icyp
hy/ptII/lib/sootclasses.jar:/home/travis/build/icyphy/ptII/ptolemy/actor/lib/da
tabase/mysql-connector-java-5.1.6-bin.jar:/home/travis/build/icyphy/ptII/vendor
s/misc/sphinx4/sphinx4-data-5prealpha.jar:/home/travis/build/icyphy/ptII/vendor
s/misc/sphinx4/sphinx4-core-5prealpha.jar:/home/travis/build/icyphy/ptII/lib/PD
FRenderer.jar:/home/travis/build/icyphy/ptII/lib/svgSalamander.jar:/home/travis
/build/icyphy/ptII/lib/rsyntaxtextarea-2.6.0-SNAPSHOT.jar:/home/travis/build/ic
yphy/ptII/lib/hazelcast-3.8.2.jar:/home/travis/build/icyphy/ptII/lib/jackson-an
notations-2.9.0.jar:/home/travis/build/icyphy/ptII/lib/jackson-core-2.9.3.jar:/
home/travis/build/icyphy/ptII/lib/jackson-databind-2.9.3.jar:/home/travis/build
/icyphy/ptII/lib/netty-buffer-4.1.19.Final.jar:/home/travis/build/icyphy/ptII/l
ib/netty-codec-4.1.19.Final.jar:/home/travis/build/icyphy/ptII/lib/netty-codec-
dns-4.1.19.Final.jar:/home/travis/build/icyphy/ptII/lib/netty-codec-http-4.1.19
.Final.jar:/home/travis/build/icyphy/ptII/lib/netty-codec-http2-4.1.19.Final.ja
r:/home/travis/build/icyphy/ptII/lib/netty-common-4.1.19.Final.jar:/home/travis
/build/icyphy/ptII/lib/netty-handler-4.1.19.Final.jar:/home/travis/build/icyphy
/ptII/lib/netty-resolver-4.1.19.Final.jar:/home/travis/build/icyphy/ptII/lib/ne
tty-resolver-dns-4.1.19.Final.jar:/home/travis/build/icyphy/ptII/lib/netty-tran
sport-4.1.19.Final.jar:/home/travis/build/icyphy/ptII/lib/vertx-codegen-3.5.1.j
ar:/home/travis/build/icyphy/ptII/lib/vertx-core-3.5.2-SNAPSHOT.jar:/home/travi
s/build/icyphy/ptII/lib/vertx-hazelcast-3.5.1.jar:/home/travis/build/icyphy/ptI
I/lib/vertx-lang-js-3.5.1.jar:/home/travis/build/icyphy/ptII/lib/vertx-service-
proxy-3.5.1.jar:/home/travis/build/icyphy/ptII/lib/vertx-web-3.5.1.jar:/home/tr
avis/build/icyphy/ptII/lib/slf4j-api-1.7.13.jar:/home/travis/build/icyphy/ptII/
lib/slf4j-simple-1.7.13.jar:/home/travis/build/icyphy/ptII/lib/webcam-capture-0
.3.12.jar:/home/travis/build/icyphy/ptII/lib/bridj-0.7.0.jar:/home/travis/build
/icyphy/ptII/lib/xbjlib-1.1.0.nrjavaserial.jar:/home/travis/build/icyphy/ptII/p
tolemy/moml/test:/home/travis/build/icyphy/ptII/ant/lib/ant-launcher.jar:/home/
travis/build/icyphy/ptII/ant/lib/ant.jar:/home/travis/build/icyphy/ptII/ant/lib
/ant-junit.jar:/home/travis/build/icyphy/ptII/ant/lib/ant-junit4.jar:/home/trav
is/build/icyphy/ptII ModularCodeGenPubSub3_A1_A2_profile.java
total 1292
-rw-rw-r-- 1 travis travis   233 Jul  8 01:42 Array.class
-rw-rw-r-- 1 travis travis   459 Jul  8 01:42 Array.java
-rw-rw-r-- 1 travis travis  4895 Jul  8 01:40 CompiledCompositeActor_CompiledCompositeActor.class
-rw-rw-r-- 1 travis travis  1592 Jul  8 01:40 CompiledCompositeActor_CompiledCompositeActor$_CompiledCompositeActor_CompiledCompositeActor.class
-rw-rw-r-- 1 travis travis 13466 Jul  8 01:40 CompiledCompositeActor_CompiledCompositeActor.java
-rw-rw-r-- 1 travis travis  1593 Jul  8 01:40 CompiledCompositeActor_CompiledCompositeActor.mk
-rw-rw-r-- 1 travis travis  4457 Jul  8 01:40 JavaCompiledCompositeTest1_CompiledCompositeActor.class
-rw-rw-r-- 1 travis travis 11637 Jul  8 01:40 JavaCompiledCompositeTest1_CompiledCompositeActor.java
-rw-rw-r-- 1 travis travis  1198 Jul  8 01:40 JavaCompiledCompositeTest1_CompiledCompositeActor$_JavaCompiledCompositeTest1_CompiledCompositeActor.class
-rw-rw-r-- 1 travis travis  1625 Jul  8 01:40 JavaCompiledCompositeTest1_CompiledCompositeActor.mk
-rw-rw-r-- 1 travis travis  4888 Jul  8 01:40 JavaCompiledCompositeTest2_CompiledCompositeActor.class
-rw-rw-r-- 1 travis travis 14919 Jul  8 01:40 JavaCompiledCompositeTest2_CompiledCompositeActor.java
-rw-rw-r-- 1 travis travis  1793 Jul  8 01:40 JavaCompiledCompositeTest2_CompiledCompositeActor$_JavaCompiledCompositeTest2_CompiledCompositeActor.class
-rw-rw-r-- 1 travis travis  1625 Jul  8 01:40 JavaCompiledCompositeTest2_CompiledCompositeActor.mk
-rw-rw-r-- 1 travis travis  4505 Jul  8 01:40 JavaCompiledCompositeTest3_CompiledCompositeActor.class
-rw-rw-r-- 1 travis travis 13080 Jul  8 01:40 JavaCompiledCompositeTest3_CompiledCompositeActor.java
-rw-rw-r-- 1 travis travis  1378 Jul  8 01:40 JavaCompiledCompositeTest3_CompiledCompositeActor$_JavaCompiledCompositeTest3_CompiledCompositeActor.class
-rw-rw-r-- 1 travis travis  1625 Jul  8 01:40 JavaCompiledCompositeTest3_CompiledCompositeActor.mk
-rw-rw-r-- 1 travis travis  3953 Jul  8 01:40 JavaCompiledCompositeTest4_CompiledCompositeActor.class
-rw-rw-r-- 1 travis travis  9687 Jul  8 01:40 JavaCompiledCompositeTest4_CompiledCompositeActor.java
-rw-rw-r-- 1 travis travis   857 Jul  8 01:40 JavaCompiledCompositeTest4_CompiledCompositeActor$_JavaCompiledCompositeTest4_CompiledCompositeActor.class
-rw-rw-r-- 1 travis travis  1625 Jul  8 01:40 JavaCompiledCompositeTest4_CompiledCompositeActor.mk
-rw-rw-r-- 1 travis travis  3693 Jul  8 01:40 ModularCG_A1_B1.class
-rw-rw-r-- 1 travis travis  9730 Jul  8 01:40 ModularCG_A1_B1.java
-rw-rw-r-- 1 travis travis   832 Jul  8 01:40 ModularCG_A1_B1.mk
-rw-rw-r-- 1 travis travis  1318 Jul  8 01:40 ModularCG_A1_B1_profile.class
-rw-rw-r-- 1 travis travis  1262 Jul  8 01:40 ModularCG_A1_B1_profile.java
-rw-rw-r-- 1 travis travis  3693 Jul  8 01:40 ModularCG_A1_B2.class
-rw-rw-r-- 1 travis travis  9730 Jul  8 01:40 ModularCG_A1_B2.java
-rw-rw-r-- 1 travis travis   832 Jul  8 01:40 ModularCG_A1_B2.mk
-rw-rw-r-- 1 travis travis  1318 Jul  8 01:40 ModularCG_A1_B2_profile.class
-rw-rw-r-- 1 travis travis  1262 Jul  8 01:40 ModularCG_A1_B2_profile.java
-rw-rw-r-- 1 travis travis  4799 Jul  8 01:41 ModularCG_A1.class
-rw-rw-r-- 1 travis travis 14742 Jul  8 01:41 ModularCG_A1.java
-rw-rw-r-- 1 travis travis   808 Jul  8 01:41 ModularCG_A1.mk
-rw-rw-r-- 1 travis travis  1433 Jul  8 01:41 ModularCG_A1_profile.class
-rw-rw-r-- 1 travis travis  1704 Jul  8 01:40 ModularCG_A1_profile.java
-rw-rw-r-- 1 travis travis  3827 Jul  8 01:41 ModularCG_A2_B1.class
-rw-rw-r-- 1 travis travis 10667 Jul  8 01:41 ModularCG_A2_B1.java
-rw-rw-r-- 1 travis travis   832 Jul  8 01:41 ModularCG_A2_B1.mk
-rw-rw-r-- 1 travis travis  1381 Jul  8 01:41 ModularCG_A2_B1_profile.class
-rw-rw-r-- 1 travis travis  1446 Jul  8 01:41 ModularCG_A2_B1_profile.java
-rw-rw-r-- 1 travis travis  3693 Jul  8 01:41 ModularCG_A2_B2.class
-rw-rw-r-- 1 travis travis  9730 Jul  8 01:41 ModularCG_A2_B2.java
-rw-rw-r-- 1 travis travis   832 Jul  8 01:41 ModularCG_A2_B2.mk
-rw-rw-r-- 1 travis travis  1318 Jul  8 01:41 ModularCG_A2_B2_profile.class
-rw-rw-r-- 1 travis travis  1262 Jul  8 01:41 ModularCG_A2_B2_profile.java
-rw-rw-r-- 1 travis travis  4870 Jul  8 01:41 ModularCG_A2.class
-rw-rw-r-- 1 travis travis 15129 Jul  8 01:41 ModularCG_A2.java
-rw-rw-r-- 1 travis travis   808 Jul  8 01:41 ModularCG_A2.mk
-rw-rw-r-- 1 travis travis  1433 Jul  8 01:41 ModularCG_A2_profile.class
-rw-rw-r-- 1 travis travis  1704 Jul  8 01:41 ModularCG_A2_profile.java
-rw-rw-r-- 1 travis travis  3473 Jul  8 01:41 ModularCGPubSub_A1_A2.class
-rw-rw-r-- 1 travis travis  9076 Jul  8 01:41 ModularCGPubSub_A1_A2.java
-rw-rw-r-- 1 travis travis   880 Jul  8 01:41 ModularCGPubSub_A1_A2.mk
-rw-rw-r-- 1 travis travis  1300 Jul  8 01:41 ModularCGPubSub_A1_A2_profile.class
-rw-rw-r-- 1 travis travis  1222 Jul  8 01:41 ModularCGPubSub_A1_A2_profile.java
-rw-rw-r-- 1 travis travis  3790 Jul  8 01:41 ModularCGPubSub_A1.class
-rw-rw-r-- 1 travis travis  9836 Jul  8 01:41 ModularCGPubSub_A1.java
-rw-rw-r-- 1 travis travis   856 Jul  8 01:41 ModularCGPubSub_A1.mk
-rw-rw-r-- 1 travis travis  1346 Jul  8 01:41 ModularCGPubSub_A1_profile.class
-rw-rw-r-- 1 travis travis  1388 Jul  8 01:41 ModularCGPubSub_A1_profile.java
-rw-rw-r-- 1 travis travis  3988 Jul  8 01:41 ModularCodeGen2_ModularCodeGenTypedCompositeActor.class
-rw-rw-r-- 1 travis travis 11690 Jul  8 01:41 ModularCodeGen2_ModularCodeGenTypedCompositeActor.java
-rw-rw-r-- 1 travis travis  1104 Jul  8 01:41 ModularCodeGen2_ModularCodeGenTypedCompositeActor.mk
-rw-rw-r-- 1 travis travis  4272 Jul  8 01:41 ModularCodeGen2_ModularCodeGenTypedCompositeActor_ModularCodeGenTypedCompositeActor.class
-rw-rw-r-- 1 travis travis 11790 Jul  8 01:41 ModularCodeGen2_ModularCodeGenTypedCompositeActor_ModularCodeGenTypedCompositeActor.java
-rw-rw-r-- 1 travis travis  1376 Jul  8 01:41 ModularCodeGen2_ModularCodeGenTypedCompositeActor_ModularCodeGenTypedCompositeActor.mk
-rw-rw-r-- 1 travis travis  1421 Jul  8 01:41 ModularCodeGen2_ModularCodeGenTypedCompositeActor_ModularCodeGenTypedCompositeActor_profile.class
-rw-rw-r-- 1 travis travis  1294 Jul  8 01:41 ModularCodeGen2_ModularCodeGenTypedCompositeActor_ModularCodeGenTypedCompositeActor_profile.java
-rw-rw-r-- 1 travis travis   820 Jul  8 01:41 ModularCodeGen2_ModularCodeGenTypedCompositeActor_profile.class
-rw-rw-r-- 1 travis travis   693 Jul  8 01:41 ModularCodeGen2_ModularCodeGenTypedCompositeActor_profile.java
-rw-rw-r-- 1 travis travis  3741 Jul  8 01:41 ModularCodeGen3_A1_B1.class
-rw-rw-r-- 1 travis travis  9958 Jul  8 01:41 ModularCodeGen3_A1_B1.java
-rw-rw-r-- 1 travis travis   880 Jul  8 01:41 ModularCodeGen3_A1_B1.mk
-rw-rw-r-- 1 travis travis  1330 Jul  8 01:41 ModularCodeGen3_A1_B1_profile.class
-rw-rw-r-- 1 travis travis  1274 Jul  8 01:41 ModularCodeGen3_A1_B1_profile.java
-rw-rw-r-- 1 travis travis  3741 Jul  8 01:41 ModularCodeGen3_A1_B2.class
-rw-rw-r-- 1 travis travis  9958 Jul  8 01:41 ModularCodeGen3_A1_B2.java
-rw-rw-r-- 1 travis travis   880 Jul  8 01:41 ModularCodeGen3_A1_B2.mk
-rw-rw-r-- 1 travis travis  1330 Jul  8 01:41 ModularCodeGen3_A1_B2_profile.class
-rw-rw-r-- 1 travis travis  1274 Jul  8 01:41 ModularCodeGen3_A1_B2_profile.java
-rw-rw-r-- 1 travis travis  4961 Jul  8 01:41 ModularCodeGen3_A1.class
-rw-rw-r-- 1 travis travis 15564 Jul  8 01:41 ModularCodeGen3_A1.java
-rw-rw-r-- 1 travis travis   856 Jul  8 01:41 ModularCodeGen3_A1.mk
-rw-rw-r-- 1 travis travis  1445 Jul  8 01:41 ModularCodeGen3_A1_profile.class
-rw-rw-r-- 1 travis travis  1716 Jul  8 01:41 ModularCodeGen3_A1_profile.java
-rw-rw-r-- 1 travis travis  3887 Jul  8 01:41 ModularCodeGen3_A2_B1.class
-rw-rw-r-- 1 travis travis 10955 Jul  8 01:41 ModularCodeGen3_A2_B1.java
-rw-rw-r-- 1 travis travis   880 Jul  8 01:41 ModularCodeGen3_A2_B1.mk
-rw-rw-r-- 1 travis travis  1393 Jul  8 01:41 ModularCodeGen3_A2_B1_profile.class
-rw-rw-r-- 1 travis travis  1458 Jul  8 01:41 ModularCodeGen3_A2_B1_profile.java
-rw-rw-r-- 1 travis travis  3741 Jul  8 01:41 ModularCodeGen3_A2_B2.class
-rw-rw-r-- 1 travis travis  9958 Jul  8 01:41 ModularCodeGen3_A2_B2.java
-rw-rw-r-- 1 travis travis   880 Jul  8 01:41 ModularCodeGen3_A2_B2.mk
-rw-rw-r-- 1 travis travis  1330 Jul  8 01:41 ModularCodeGen3_A2_B2_profile.class
-rw-rw-r-- 1 travis travis  1274 Jul  8 01:41 ModularCodeGen3_A2_B2_profile.java
-rw-rw-r-- 1 travis travis  5038 Jul  8 01:41 ModularCodeGen3_A2.class
-rw-rw-r-- 1 travis travis 15957 Jul  8 01:41 ModularCodeGen3_A2.java
-rw-rw-r-- 1 travis travis   856 Jul  8 01:41 ModularCodeGen3_A2.mk
-rw-rw-r-- 1 travis travis  1445 Jul  8 01:41 ModularCodeGen3_A2_profile.class
-rw-rw-r-- 1 travis travis  1716 Jul  8 01:41 ModularCodeGen3_A2_profile.java
-rw-rw-r-- 1 travis travis  3794 Jul  8 01:41 ModularCodeGen4_A1_B1.class
-rw-rw-r-- 1 travis travis 10312 Jul  8 01:41 ModularCodeGen4_A1_B1.java
-rw-rw-r-- 1 travis travis   880 Jul  8 01:41 ModularCodeGen4_A1_B1.mk
-rw-rw-r-- 1 travis travis  1330 Jul  8 01:41 ModularCodeGen4_A1_B1_profile.class
-rw-rw-r-- 1 travis travis  1273 Jul  8 01:41 ModularCodeGen4_A1_B1_profile.java
-rw-rw-r-- 1 travis travis  3794 Jul  8 01:41 ModularCodeGen4_A1_B2.class
-rw-rw-r-- 1 travis travis 10312 Jul  8 01:41 ModularCodeGen4_A1_B2.java
-rw-rw-r-- 1 travis travis   880 Jul  8 01:41 ModularCodeGen4_A1_B2.mk
-rw-rw-r-- 1 travis travis  1330 Jul  8 01:41 ModularCodeGen4_A1_B2_profile.class
-rw-rw-r-- 1 travis travis  1273 Jul  8 01:41 ModularCodeGen4_A1_B2_profile.java
-rw-rw-r-- 1 travis travis  5101 Jul  8 01:41 ModularCodeGen4_A1.class
-rw-rw-r-- 1 travis travis 16245 Jul  8 01:41 ModularCodeGen4_A1.java
-rw-rw-r-- 1 travis travis   856 Jul  8 01:41 ModularCodeGen4_A1.mk
-rw-rw-r-- 1 travis travis  1445 Jul  8 01:41 ModularCodeGen4_A1_profile.class
-rw-rw-r-- 1 travis travis  1712 Jul  8 01:41 ModularCodeGen4_A1_profile.java
-rw-rw-r-- 1 travis travis  3988 Jul  8 01:41 ModularCodeGen4_A2_B1.class
-rw-rw-r-- 1 travis travis 11375 Jul  8 01:41 ModularCodeGen4_A2_B1.java
-rw-rw-r-- 1 travis travis   880 Jul  8 01:41 ModularCodeGen4_A2_B1.mk
-rw-rw-r-- 1 travis travis  1393 Jul  8 01:41 ModularCodeGen4_A2_B1_profile.class
-rw-rw-r-- 1 travis travis  1454 Jul  8 01:41 ModularCodeGen4_A2_B1_profile.java
-rw-rw-r-- 1 travis travis  3842 Jul  8 01:41 ModularCodeGen4_A2_B2.class
-rw-rw-r-- 1 travis travis 10378 Jul  8 01:41 ModularCodeGen4_A2_B2.java
-rw-rw-r-- 1 travis travis   880 Jul  8 01:41 ModularCodeGen4_A2_B2.mk
-rw-rw-r-- 1 travis travis  1330 Jul  8 01:41 ModularCodeGen4_A2_B2_profile.class
-rw-rw-r-- 1 travis travis  1270 Jul  8 01:41 ModularCodeGen4_A2_B2_profile.java
-rw-rw-r-- 1 travis travis  5274 Jul  8 01:41 ModularCodeGen4_A2.class
-rw-rw-r-- 1 travis travis 16770 Jul  8 01:41 ModularCodeGen4_A2.java
-rw-rw-r-- 1 travis travis   856 Jul  8 01:41 ModularCodeGen4_A2.mk
-rw-rw-r-- 1 travis travis  1445 Jul  8 01:41 ModularCodeGen4_A2_profile.class
-rw-rw-r-- 1 travis travis  1712 Jul  8 01:41 ModularCodeGen4_A2_profile.java
-rw-rw-r-- 1 travis travis  6838 Jul  8 01:41 ModularCodeGen5_A_A.class
-rw-rw-r-- 1 travis travis 28721 Jul  8 01:41 ModularCodeGen5_A_A.java
-rw-rw-r-- 1 travis travis   864 Jul  8 01:41 ModularCodeGen5_A_A.mk
-rw-rw-r-- 1 travis travis  1520 Jul  8 01:41 ModularCodeGen5_A_A_profile.class
-rw-rw-r-- 1 travis travis  1815 Jul  8 01:41 ModularCodeGen5_A_A_profile.java
-rw-rw-r-- 1 travis travis  5115 Jul  8 01:41 ModularCodeGen5_A.class
-rw-rw-r-- 1 travis travis 13769 Jul  8 01:41 ModularCodeGen5_A.java
-rw-rw-r-- 1 travis travis   848 Jul  8 01:41 ModularCodeGen5_A.mk
-rw-rw-r-- 1 travis travis  1422 Jul  8 01:41 ModularCodeGen5_A_profile.class
-rw-rw-r-- 1 travis travis  1605 Jul  8 01:41 ModularCodeGen5_A_profile.java
-rw-rw-r-- 1 travis travis  4125 Jul  8 01:41 ModularCodeGen6_A_A2.class
-rw-rw-r-- 1 travis travis 11329 Jul  8 01:41 ModularCodeGen6_A_A2.java
-rw-rw-r-- 1 travis travis   872 Jul  8 01:41 ModularCodeGen6_A_A2.mk
-rw-rw-r-- 1 travis travis  1351 Jul  8 01:41 ModularCodeGen6_A_A2_profile.class
-rw-rw-r-- 1 travis travis  1364 Jul  8 01:41 ModularCodeGen6_A_A2_profile.java
-rw-rw-r-- 1 travis travis  4108 Jul  8 01:41 ModularCodeGen6_A_A.class
-rw-rw-r-- 1 travis travis 11221 Jul  8 01:41 ModularCodeGen6_A_A.java
-rw-rw-r-- 1 travis travis   864 Jul  8 01:41 ModularCodeGen6_A_A.mk
-rw-rw-r-- 1 travis travis  1348 Jul  8 01:41 ModularCodeGen6_A_A_profile.class
-rw-rw-r-- 1 travis travis  1361 Jul  8 01:41 ModularCodeGen6_A_A_profile.java
-rw-rw-r-- 1 travis travis  7237 Jul  8 01:42 ModularCodeGen6_A.class
-rw-rw-r-- 1 travis travis 26535 Jul  8 01:41 ModularCodeGen6_A.java
-rw-rw-r-- 1 travis travis   848 Jul  8 01:41 ModularCodeGen6_A.mk
-rw-rw-r-- 1 travis travis  1483 Jul  8 01:41 ModularCodeGen6_A_profile.class
-rw-rw-r-- 1 travis travis  1810 Jul  8 01:41 ModularCodeGen6_A_profile.java
-rw-rw-r-- 1 travis travis  9439 Jul  8 01:42 ModularCodeGenLazyPubSubGlobal_CompositeActor_ModularCodeGenTypedComposite.class
-rw-rw-r-- 1 travis travis 30161 Jul  8 01:42 ModularCodeGenLazyPubSubGlobal_CompositeActor_ModularCodeGenTypedComposite.java
-rw-rw-r-- 1 travis travis  1304 Jul  8 01:42 ModularCodeGenLazyPubSubGlobal_CompositeActor_ModularCodeGenTypedComposite.mk
-rw-rw-r-- 1 travis travis  1438 Jul  8 01:42 ModularCodeGenLazyPubSubGlobal_CompositeActor_ModularCodeGenTypedComposite_profile.class
-rw-rw-r-- 1 travis travis  1384 Jul  8 01:42 ModularCodeGenLazyPubSubGlobal_CompositeActor_ModularCodeGenTypedComposite_profile.java
-rw-rw-r-- 1 travis travis  3952 Jul  8 01:42 ModularCodeGenLazyPubSub_LazyCompositeActor.class
-rw-rw-r-- 1 travis travis 11122 Jul  8 01:42 ModularCodeGenLazyPubSub_LazyCompositeActor.java
-rw-rw-r-- 1 travis travis  1056 Jul  8 01:42 ModularCodeGenLazyPubSub_LazyCompositeActor.mk
-rw-rw-r-- 1 travis travis  1286 Jul  8 01:42 ModularCodeGenLazyPubSub_LazyCompositeActor_profile.class
-rw-rw-r-- 1 travis travis  1091 Jul  8 01:42 ModularCodeGenLazyPubSub_LazyCompositeActor_profile.java
-rw-rw-r-- 1 travis travis  3954 Jul  8 01:41 ModularCodeGen_ModularCodeGenTypedCompositeActor.class
-rw-rw-r-- 1 travis travis 10970 Jul  8 01:41 ModularCodeGen_ModularCodeGenTypedCompositeActor.java
-rw-rw-r-- 1 travis travis  1096 Jul  8 01:41 ModularCodeGen_ModularCodeGenTypedCompositeActor.mk
-rw-rw-r-- 1 travis travis  1384 Jul  8 01:41 ModularCodeGen_ModularCodeGenTypedCompositeActor_profile.class
-rw-rw-r-- 1 travis travis  1328 Jul  8 01:41 ModularCodeGen_ModularCodeGenTypedCompositeActor_profile.java
-rw-rw-r-- 1 travis travis  3441 Jul  8 01:42 ModularCodeGenPubSub2_A1_A.class
-rw-rw-r-- 1 travis travis  8578 Jul  8 01:42 ModularCodeGenPubSub2_A1_A.java
-rw-rw-r-- 1 travis travis   920 Jul  8 01:42 ModularCodeGenPubSub2_A1_A.mk
-rw-rw-r-- 1 travis travis  1274 Jul  8 01:42 ModularCodeGenPubSub2_A1_A_profile.class
-rw-rw-r-- 1 travis travis  1128 Jul  8 01:42 ModularCodeGenPubSub2_A1_A_profile.java
-rw-rw-r-- 1 travis travis  3733 Jul  8 01:42 ModularCodeGenPubSub2_A1.class
-rw-rw-r-- 1 travis travis  9781 Jul  8 01:42 ModularCodeGenPubSub2_A1.java
-rw-rw-r-- 1 travis travis   904 Jul  8 01:42 ModularCodeGenPubSub2_A1.mk
-rw-rw-r-- 1 travis travis  1268 Jul  8 01:42 ModularCodeGenPubSub2_A1_profile.class
-rw-rw-r-- 1 travis travis  1196 Jul  8 01:42 ModularCodeGenPubSub2_A1_profile.java
-rw-rw-r-- 1 travis travis  1132 Jul  8 01:42 ModularCodeGenPubSub3_A1_A2_profile.java
-rw-rw-r-- 1 travis travis  3475 Jul  8 01:42 ModularCodeGenPubSub_A1.class
-rw-rw-r-- 1 travis travis  9060 Jul  8 01:42 ModularCodeGenPubSub_A1.java
-rw-rw-r-- 1 travis travis   896 Jul  8 01:42 ModularCodeGenPubSub_A1.mk
-rw-rw-r-- 1 travis travis  1278 Jul  8 01:42 ModularCodeGenPubSub_A1_profile.class
-rw-rw-r-- 1 travis travis  1195 Jul  8 01:42 ModularCodeGenPubSub_A1_profile.java
-rw-rw-r-- 1 travis travis  3492 Jul  8 01:40 ModularCodeGenTest_A1_A2.class
-rw-rw-r-- 1 travis travis  9164 Jul  8 01:40 ModularCodeGenTest_A1_A2.java
-rw-rw-r-- 1 travis travis   904 Jul  8 01:40 ModularCodeGenTest_A1_A2.mk
-rw-rw-r-- 1 travis travis  1306 Jul  8 01:40 ModularCodeGenTest_A1_A2_profile.class
-rw-rw-r-- 1 travis travis  1228 Jul  8 01:40 ModularCodeGenTest_A1_A2_profile.java
-rw-rw-r-- 1 travis travis  3823 Jul  8 01:40 ModularCodeGenTest_A1.class
-rw-rw-r-- 1 travis travis  9968 Jul  8 01:40 ModularCodeGenTest_A1.java
-rw-rw-r-- 1 travis travis   880 Jul  8 01:40 ModularCodeGenTest_A1.mk
-rw-rw-r-- 1 travis travis  1352 Jul  8 01:40 ModularCodeGenTest_A1_profile.class
-rw-rw-r-- 1 travis travis  1394 Jul  8 01:40 ModularCodeGenTest_A1_profile.java
-rw-rw-r-- 1 travis travis   432 Jul  8 01:42 Token.class
-rw-rw-r-- 1 travis travis   251 Jul  8 01:42 Token.java
warning: Supported source version 'RELEASE_6' from annotation processor 'org.netbeans.modules.openide.util.NbBundleProcessor' less than -source '1.8'
warning: Supported source version 'RELEASE_6' from annotation processor 'org.netbeans.modules.openide.util.URLStreamHandlerRegistrationProcessor' less than -source '1.8'
warning: Supported source version 'RELEASE_6' from annotation processor 'org.netbeans.modules.openide.util.ServiceProviderProcessor' less than -source '1.8'
3 warnings
All Done
Writing ModularCodeGenPubSub3_A1_A2.java in file:/home/travis/cg/ (8599 characters)
Reading "ptolemy/cg/kernel/generic/program/procedural/java/modular/makefile.in",
    writing "/home/travis/cg/ModularCodeGenPubSub3_A1_A2.mk"
Using ptolemy/cg/kernel/generic/program/procedural/java/modular/makefile.in
In "/home/travis/cg", about to execute:
    make -f ModularCodeGenPubSub3_A1_A2.mk
javac -classpath ".:.."    ModularCodeGenPubSub3_A1_A2.java
All Done
In "/home/travis/cg", about to execute:
    pwd
/home/travis/cg
In "/home/travis/cg", about to execute:
    ls -l
In "/home/travis/cg", about to execute:
    javac -classpath
.:/home/travis/build/icyphy/ptII:/home/travis/build/icyphy/ptII/lib/bsh-2.0b4.j
ar:/home/travis/build/icyphy/ptII/lib/ptCal.jar:/home/travis/build/icyphy/ptII/
lib/java_cup.jar:/home/travis/build/icyphy/ptII/lib/saxon8.jar:/home/travis/bui
ld/icyphy/ptII/lib/saxon8-dom.jar:/home/travis/build/icyphy/ptII/lib/chic.jar:/
home/travis/build/icyphy/ptII/lib/ptcolt.jar:/usr/lib/jvm/java-8-oracle/lib/too
ls.jar:/usr/lib/eclipse/plugins/org.eclipse.jdt.core_3.8.2.dist.jar:/usr/lib/ec
lipse/plugins/org.eclipse.core.runtime_3.8.0.dist.jar:/usr/lib/eclipse/plugins/
org.eclipse.osgi_3.8.1.dist.jar:/usr/lib/eclipse/plugins/org.eclipse.core.resou
rces_3.8.1.dist.jar:/usr/lib/eclipse/plugins/org.eclipse.equinox.common_3.6.100
.dist.jar:/usr/lib/eclipse/plugins/org.eclipse.core.jobs_3.5.200.dist.jar:/usr/
lib/eclipse/plugins/org.eclipse.core.contenttype_3.4.200.dist.jar:/usr/lib/ecli
pse/plugins/org.eclipse.equinox.preferences_3.5.0.dist.jar:/usr/lib/eclipse/plu
gins/org.eclipse.text_3.5.200.dist.jar:/usr/lib/eclipse/plugins/org.eclipse.ui.
workbench_3.8.1.dist.jar:/usr/lib/eclipse/plugins/org.eclipse.jface_3.8.0.dist.
jar:/usr/lib/eclipse/plugins/org.eclipse.swt_3.8.2.jar:/usr/lib/eclipse/plugins
/org.eclipse.jface.text_3.8.1.dist.jar:/usr/lib/eclipse/plugins/org.eclipse.ui.
workbench.texteditor_3.8.0.dist.jar:/usr/lib/eclipse/plugins/org.eclipse.ui.edi
tors_3.8.0.dist.jar:/usr/lib/eclipse/plugins/org.eclipse.core.commands_3.6.1.di
st.jar:/usr/lib/eclipse/plugins/org.eclipse.equinox.registry_3.5.200.dist.jar:/
usr/lib/eclipse/plugins/org.eclipse.ui.console_3.5.100.dist.jar:/usr/lib/eclips
e/plugins/org.eclipse.ui.forms_3.5.200.dist.jar:/usr/lib/eclipse/plugins/org.ec
lipse.ui.ide_3.8.1.dist.jar:/home/travis/build/icyphy/ptII/vendors/oracle/dbxml
.jar:/home/travis/build/icyphy/ptII/vendors/oracle/db.jar:/home/travis/build/ic
yphy/ptII/vendors/misc/itext/iText.jar:/home/travis/build/icyphy/ptII/lib/g4ltl
.jar:/home/travis/build/icyphy/ptII/lib/StructuralCoder.jar:/home/travis/build/
icyphy/ptII/lib/org-openide-util.jar:/home/travis/build/icyphy/ptII/lib/org-ope
nide-util-lookup.jar:/home/travis/build/icyphy/ptII/lib/org-netbeans-api-visual
.jar:/home/travis/build/icyphy/ptII/vendors/jai-1_1_2_01/lib/jai_core.jar:/home
/travis/build/icyphy/ptII/vendors/jai-1_1_2_01/lib/jai_codec.jar:/home/travis/b
uild/icyphy/ptII/lib/jcerti.jar:/home/travis/build/icyphy/ptII/lib/smack.jar:/h
ome/travis/build/icyphy/ptII/lib/smackx.jar:/home/travis/build/icyphy/ptII/lib/
jetty-all-8.1.5-v20120716.jar:/home/travis/build/icyphy/ptII/lib/javax.servlet-
api-3.0.1.jar:/home/travis/build/icyphy/ptII/lib/javax.mail.jar:/home/travis/bu
ild/icyphy/ptII/vendors/JMF-2.1.1e/lib/jmf.jar:/home/travis/build/icyphy/ptII/l
ib/jna-4.0.0-variadic.jar:/home/travis/build/icyphy/ptII/vendors/misc/joystick/
Joystick.jar:/home/travis/build/icyphy/ptII/lib/ptjacl.jar:/home/travis/build/i
cyphy/ptII/lib/jsoup-1.8.2.jar:/home/travis/build/icyphy/ptII/lib/junit-4.8.2.j
ar:/home/travis/build/icyphy/ptII/lib/JUnitParams-0.4.0.jar:/home/travis/build/
icyphy/ptII/ptolemy/actor/lib/excel/jxl.jar:/home/travis/build/icyphy/ptII/lib/
jython.jar:/home/travis/build/icyphy/ptII/lib/kieler.jar:/home/travis/build/icy
phy/ptII/vendors/opencv/share/OpenCV/java/opencv-341.jar:/home/travis/build/icy
phy/ptII/lib/oscP5.jar:/home/travis/build/icyphy/ptII/lib/nrjavaserial-3.11.0.d
evel.jar:/home/travis/build/icyphy/ptII/vendors/j3d/lib/j3dcore.jar:/home/travi
s/build/icyphy/ptII/vendors/j3d/lib/j3dutils.jar:/home/travis/build/icyphy/ptII
/vendors/j3d/lib/vecmath.jar:/home/travis/build/icyphy/ptII/ptolemy/distributed
/jini/jar/jini-core.jar:/home/travis/build/icyphy/ptII/ptolemy/distributed/jini
/jar/jini-ext.jar:/home/travis/build/icyphy/ptII/ptolemy/distributed/jini/jar/s
un-util.jar:/home/travis/build/icyphy/ptII/lib/protobuf-java-2.4.1.jar:/home/tr
avis/build/icyphy/ptII/lib/org.eclipse.paho.client.mqttv3.jar:/home/travis/buil
d/icyphy/ptII/ptserver/lib/hessian-4.0.7.jar:/home/travis/build/icyphy/ptII/pts
erver/lib/wmqtt.jar:/home/travis/build/icyphy/ptII/lib/mapss.jar:/home/travis/b
uild/icyphy/ptII/ptolemy/actor/ptalon/antlr/antlr.jar:/home/travis/build/icyphy
/ptII/lib/JRI.jar:/home/travis/build/icyphy/ptII/lib/commons-lang-2.6.jar:/home
/travis/build/icyphy/ptII/lib/commons-logging-1.1.1.jar:/home/travis/build/icyp
hy/ptII/lib/sootclasses.jar:/home/travis/build/icyphy/ptII/ptolemy/actor/lib/da
tabase/mysql-connector-java-5.1.6-bin.jar:/home/travis/build/icyphy/ptII/vendor
s/misc/sphinx4/sphinx4-data-5prealpha.jar:/home/travis/build/icyphy/ptII/vendor
s/misc/sphinx4/sphinx4-core-5prealpha.jar:/home/travis/build/icyphy/ptII/lib/PD
FRenderer.jar:/home/travis/build/icyphy/ptII/lib/svgSalamander.jar:/home/travis
/build/icyphy/ptII/lib/rsyntaxtextarea-2.6.0-SNAPSHOT.jar:/home/travis/build/ic
yphy/ptII/lib/hazelcast-3.8.2.jar:/home/travis/build/icyphy/ptII/lib/jackson-an
notations-2.9.0.jar:/home/travis/build/icyphy/ptII/lib/jackson-core-2.9.3.jar:/
home/travis/build/icyphy/ptII/lib/jackson-databind-2.9.3.jar:/home/travis/build
/icyphy/ptII/lib/netty-buffer-4.1.19.Final.jar:/home/travis/build/icyphy/ptII/l
ib/netty-codec-4.1.19.Final.jar:/home/travis/build/icyphy/ptII/lib/netty-codec-
dns-4.1.19.Final.jar:/home/travis/build/icyphy/ptII/lib/netty-codec-http-4.1.19
.Final.jar:/home/travis/build/icyphy/ptII/lib/netty-codec-http2-4.1.19.Final.ja
r:/home/travis/build/icyphy/ptII/lib/netty-common-4.1.19.Final.jar:/home/travis
/build/icyphy/ptII/lib/netty-handler-4.1.19.Final.jar:/home/travis/build/icyphy
/ptII/lib/netty-resolver-4.1.19.Final.jar:/home/travis/build/icyphy/ptII/lib/ne
tty-resolver-dns-4.1.19.Final.jar:/home/travis/build/icyphy/ptII/lib/netty-tran
sport-4.1.19.Final.jar:/home/travis/build/icyphy/ptII/lib/vertx-codegen-3.5.1.j
ar:/home/travis/build/icyphy/ptII/lib/vertx-core-3.5.2-SNAPSHOT.jar:/home/travi
s/build/icyphy/ptII/lib/vertx-hazelcast-3.5.1.jar:/home/travis/build/icyphy/ptI
I/lib/vertx-lang-js-3.5.1.jar:/home/travis/build/icyphy/ptII/lib/vertx-service-
proxy-3.5.1.jar:/home/travis/build/icyphy/ptII/lib/vertx-web-3.5.1.jar:/home/tr
avis/build/icyphy/ptII/lib/slf4j-api-1.7.13.jar:/home/travis/build/icyphy/ptII/
lib/slf4j-simple-1.7.13.jar:/home/travis/build/icyphy/ptII/lib/webcam-capture-0
.3.12.jar:/home/travis/build/icyphy/ptII/lib/bridj-0.7.0.jar:/home/travis/build
/icyphy/ptII/lib/xbjlib-1.1.0.nrjavaserial.jar:/home/travis/build/icyphy/ptII/p
tolemy/moml/test:/home/travis/build/icyphy/ptII/ant/lib/ant-launcher.jar:/home/
travis/build/icyphy/ptII/ant/lib/ant.jar:/home/travis/build/icyphy/ptII/ant/lib
/ant-junit.jar:/home/travis/build/icyphy/ptII/ant/lib/ant-junit4.jar:/home/trav
is/build/icyphy/ptII ModularCodeGenPubSub3_A1_profile.java
total 1320
-rw-rw-r-- 1 travis travis   233 Jul  8 01:42 Array.class
-rw-rw-r-- 1 travis travis   459 Jul  8 01:42 Array.java
-rw-rw-r-- 1 travis travis  4895 Jul  8 01:40 CompiledCompositeActor_CompiledCompositeActor.class
-rw-rw-r-- 1 travis travis  1592 Jul  8 01:40 CompiledCompositeActor_CompiledCompositeActor$_CompiledCompositeActor_CompiledCompositeActor.class
-rw-rw-r-- 1 travis travis 13466 Jul  8 01:40 CompiledCompositeActor_CompiledCompositeActor.java
-rw-rw-r-- 1 travis travis  1593 Jul  8 01:40 CompiledCompositeActor_CompiledCompositeActor.mk
-rw-rw-r-- 1 travis travis  4457 Jul  8 01:40 JavaCompiledCompositeTest1_CompiledCompositeActor.class
-rw-rw-r-- 1 travis travis 11637 Jul  8 01:40 JavaCompiledCompositeTest1_CompiledCompositeActor.java
-rw-rw-r-- 1 travis travis  1198 Jul  8 01:40 JavaCompiledCompositeTest1_CompiledCompositeActor$_JavaCompiledCompositeTest1_CompiledCompositeActor.class
-rw-rw-r-- 1 travis travis  1625 Jul  8 01:40 JavaCompiledCompositeTest1_CompiledCompositeActor.mk
-rw-rw-r-- 1 travis travis  4888 Jul  8 01:40 JavaCompiledCompositeTest2_CompiledCompositeActor.class
-rw-rw-r-- 1 travis travis 14919 Jul  8 01:40 JavaCompiledCompositeTest2_CompiledCompositeActor.java
-rw-rw-r-- 1 travis travis  1793 Jul  8 01:40 JavaCompiledCompositeTest2_CompiledCompositeActor$_JavaCompiledCompositeTest2_CompiledCompositeActor.class
-rw-rw-r-- 1 travis travis  1625 Jul  8 01:40 JavaCompiledCompositeTest2_CompiledCompositeActor.mk
-rw-rw-r-- 1 travis travis  4505 Jul  8 01:40 JavaCompiledCompositeTest3_CompiledCompositeActor.class
-rw-rw-r-- 1 travis travis 13080 Jul  8 01:40 JavaCompiledCompositeTest3_CompiledCompositeActor.java
-rw-rw-r-- 1 travis travis  1378 Jul  8 01:40 JavaCompiledCompositeTest3_CompiledCompositeActor$_JavaCompiledCompositeTest3_CompiledCompositeActor.class
-rw-rw-r-- 1 travis travis  1625 Jul  8 01:40 JavaCompiledCompositeTest3_CompiledCompositeActor.mk
-rw-rw-r-- 1 travis travis  3953 Jul  8 01:40 JavaCompiledCompositeTest4_CompiledCompositeActor.class
-rw-rw-r-- 1 travis travis  9687 Jul  8 01:40 JavaCompiledCompositeTest4_CompiledCompositeActor.java
-rw-rw-r-- 1 travis travis   857 Jul  8 01:40 JavaCompiledCompositeTest4_CompiledCompositeActor$_JavaCompiledCompositeTest4_CompiledCompositeActor.class
-rw-rw-r-- 1 travis travis  1625 Jul  8 01:40 JavaCompiledCompositeTest4_CompiledCompositeActor.mk
-rw-rw-r-- 1 travis travis  3693 Jul  8 01:40 ModularCG_A1_B1.class
-rw-rw-r-- 1 travis travis  9730 Jul  8 01:40 ModularCG_A1_B1.java
-rw-rw-r-- 1 travis travis   832 Jul  8 01:40 ModularCG_A1_B1.mk
-rw-rw-r-- 1 travis travis  1318 Jul  8 01:40 ModularCG_A1_B1_profile.class
-rw-rw-r-- 1 travis travis  1262 Jul  8 01:40 ModularCG_A1_B1_profile.java
-rw-rw-r-- 1 travis travis  3693 Jul  8 01:40 ModularCG_A1_B2.class
-rw-rw-r-- 1 travis travis  9730 Jul  8 01:40 ModularCG_A1_B2.java
-rw-rw-r-- 1 travis travis   832 Jul  8 01:40 ModularCG_A1_B2.mk
-rw-rw-r-- 1 travis travis  1318 Jul  8 01:40 ModularCG_A1_B2_profile.class
-rw-rw-r-- 1 travis travis  1262 Jul  8 01:40 ModularCG_A1_B2_profile.java
-rw-rw-r-- 1 travis travis  4799 Jul  8 01:41 ModularCG_A1.class
-rw-rw-r-- 1 travis travis 14742 Jul  8 01:41 ModularCG_A1.java
-rw-rw-r-- 1 travis travis   808 Jul  8 01:41 ModularCG_A1.mk
-rw-rw-r-- 1 travis travis  1433 Jul  8 01:41 ModularCG_A1_profile.class
-rw-rw-r-- 1 travis travis  1704 Jul  8 01:40 ModularCG_A1_profile.java
-rw-rw-r-- 1 travis travis  3827 Jul  8 01:41 ModularCG_A2_B1.class
-rw-rw-r-- 1 travis travis 10667 Jul  8 01:41 ModularCG_A2_B1.java
-rw-rw-r-- 1 travis travis   832 Jul  8 01:41 ModularCG_A2_B1.mk
-rw-rw-r-- 1 travis travis  1381 Jul  8 01:41 ModularCG_A2_B1_profile.class
-rw-rw-r-- 1 travis travis  1446 Jul  8 01:41 ModularCG_A2_B1_profile.java
-rw-rw-r-- 1 travis travis  3693 Jul  8 01:41 ModularCG_A2_B2.class
-rw-rw-r-- 1 travis travis  9730 Jul  8 01:41 ModularCG_A2_B2.java
-rw-rw-r-- 1 travis travis   832 Jul  8 01:41 ModularCG_A2_B2.mk
-rw-rw-r-- 1 travis travis  1318 Jul  8 01:41 ModularCG_A2_B2_profile.class
-rw-rw-r-- 1 travis travis  1262 Jul  8 01:41 ModularCG_A2_B2_profile.java
-rw-rw-r-- 1 travis travis  4870 Jul  8 01:41 ModularCG_A2.class
-rw-rw-r-- 1 travis travis 15129 Jul  8 01:41 ModularCG_A2.java
-rw-rw-r-- 1 travis travis   808 Jul  8 01:41 ModularCG_A2.mk
-rw-rw-r-- 1 travis travis  1433 Jul  8 01:41 ModularCG_A2_profile.class
-rw-rw-r-- 1 travis travis  1704 Jul  8 01:41 ModularCG_A2_profile.java
-rw-rw-r-- 1 travis travis  3473 Jul  8 01:41 ModularCGPubSub_A1_A2.class
-rw-rw-r-- 1 travis travis  9076 Jul  8 01:41 ModularCGPubSub_A1_A2.java
-rw-rw-r-- 1 travis travis   880 Jul  8 01:41 ModularCGPubSub_A1_A2.mk
-rw-rw-r-- 1 travis travis  1300 Jul  8 01:41 ModularCGPubSub_A1_A2_profile.class
-rw-rw-r-- 1 travis travis  1222 Jul  8 01:41 ModularCGPubSub_A1_A2_profile.java
-rw-rw-r-- 1 travis travis  3790 Jul  8 01:41 ModularCGPubSub_A1.class
-rw-rw-r-- 1 travis travis  9836 Jul  8 01:41 ModularCGPubSub_A1.java
-rw-rw-r-- 1 travis travis   856 Jul  8 01:41 ModularCGPubSub_A1.mk
-rw-rw-r-- 1 travis travis  1346 Jul  8 01:41 ModularCGPubSub_A1_profile.class
-rw-rw-r-- 1 travis travis  1388 Jul  8 01:41 ModularCGPubSub_A1_profile.java
-rw-rw-r-- 1 travis travis  3988 Jul  8 01:41 ModularCodeGen2_ModularCodeGenTypedCompositeActor.class
-rw-rw-r-- 1 travis travis 11690 Jul  8 01:41 ModularCodeGen2_ModularCodeGenTypedCompositeActor.java
-rw-rw-r-- 1 travis travis  1104 Jul  8 01:41 ModularCodeGen2_ModularCodeGenTypedCompositeActor.mk
-rw-rw-r-- 1 travis travis  4272 Jul  8 01:41 ModularCodeGen2_ModularCodeGenTypedCompositeActor_ModularCodeGenTypedCompositeActor.class
-rw-rw-r-- 1 travis travis 11790 Jul  8 01:41 ModularCodeGen2_ModularCodeGenTypedCompositeActor_ModularCodeGenTypedCompositeActor.java
-rw-rw-r-- 1 travis travis  1376 Jul  8 01:41 ModularCodeGen2_ModularCodeGenTypedCompositeActor_ModularCodeGenTypedCompositeActor.mk
-rw-rw-r-- 1 travis travis  1421 Jul  8 01:41 ModularCodeGen2_ModularCodeGenTypedCompositeActor_ModularCodeGenTypedCompositeActor_profile.class
-rw-rw-r-- 1 travis travis  1294 Jul  8 01:41 ModularCodeGen2_ModularCodeGenTypedCompositeActor_ModularCodeGenTypedCompositeActor_profile.java
-rw-rw-r-- 1 travis travis   820 Jul  8 01:41 ModularCodeGen2_ModularCodeGenTypedCompositeActor_profile.class
-rw-rw-r-- 1 travis travis   693 Jul  8 01:41 ModularCodeGen2_ModularCodeGenTypedCompositeActor_profile.java
-rw-rw-r-- 1 travis travis  3741 Jul  8 01:41 ModularCodeGen3_A1_B1.class
-rw-rw-r-- 1 travis travis  9958 Jul  8 01:41 ModularCodeGen3_A1_B1.java
-rw-rw-r-- 1 travis travis   880 Jul  8 01:41 ModularCodeGen3_A1_B1.mk
-rw-rw-r-- 1 travis travis  1330 Jul  8 01:41 ModularCodeGen3_A1_B1_profile.class
-rw-rw-r-- 1 travis travis  1274 Jul  8 01:41 ModularCodeGen3_A1_B1_profile.java
-rw-rw-r-- 1 travis travis  3741 Jul  8 01:41 ModularCodeGen3_A1_B2.class
-rw-rw-r-- 1 travis travis  9958 Jul  8 01:41 ModularCodeGen3_A1_B2.java
-rw-rw-r-- 1 travis travis   880 Jul  8 01:41 ModularCodeGen3_A1_B2.mk
-rw-rw-r-- 1 travis travis  1330 Jul  8 01:41 ModularCodeGen3_A1_B2_profile.class
-rw-rw-r-- 1 travis travis  1274 Jul  8 01:41 ModularCodeGen3_A1_B2_profile.java
-rw-rw-r-- 1 travis travis  4961 Jul  8 01:41 ModularCodeGen3_A1.class
-rw-rw-r-- 1 travis travis 15564 Jul  8 01:41 ModularCodeGen3_A1.java
-rw-rw-r-- 1 travis travis   856 Jul  8 01:41 ModularCodeGen3_A1.mk
-rw-rw-r-- 1 travis travis  1445 Jul  8 01:41 ModularCodeGen3_A1_profile.class
-rw-rw-r-- 1 travis travis  1716 Jul  8 01:41 ModularCodeGen3_A1_profile.java
-rw-rw-r-- 1 travis travis  3887 Jul  8 01:41 ModularCodeGen3_A2_B1.class
-rw-rw-r-- 1 travis travis 10955 Jul  8 01:41 ModularCodeGen3_A2_B1.java
-rw-rw-r-- 1 travis travis   880 Jul  8 01:41 ModularCodeGen3_A2_B1.mk
-rw-rw-r-- 1 travis travis  1393 Jul  8 01:41 ModularCodeGen3_A2_B1_profile.class
-rw-rw-r-- 1 travis travis  1458 Jul  8 01:41 ModularCodeGen3_A2_B1_profile.java
-rw-rw-r-- 1 travis travis  3741 Jul  8 01:41 ModularCodeGen3_A2_B2.class
-rw-rw-r-- 1 travis travis  9958 Jul  8 01:41 ModularCodeGen3_A2_B2.java
-rw-rw-r-- 1 travis travis   880 Jul  8 01:41 ModularCodeGen3_A2_B2.mk
-rw-rw-r-- 1 travis travis  1330 Jul  8 01:41 ModularCodeGen3_A2_B2_profile.class
-rw-rw-r-- 1 travis travis  1274 Jul  8 01:41 ModularCodeGen3_A2_B2_profile.java
-rw-rw-r-- 1 travis travis  5038 Jul  8 01:41 ModularCodeGen3_A2.class
-rw-rw-r-- 1 travis travis 15957 Jul  8 01:41 ModularCodeGen3_A2.java
-rw-rw-r-- 1 travis travis   856 Jul  8 01:41 ModularCodeGen3_A2.mk
-rw-rw-r-- 1 travis travis  1445 Jul  8 01:41 ModularCodeGen3_A2_profile.class
-rw-rw-r-- 1 travis travis  1716 Jul  8 01:41 ModularCodeGen3_A2_profile.java
-rw-rw-r-- 1 travis travis  3794 Jul  8 01:41 ModularCodeGen4_A1_B1.class
-rw-rw-r-- 1 travis travis 10312 Jul  8 01:41 ModularCodeGen4_A1_B1.java
-rw-rw-r-- 1 travis travis   880 Jul  8 01:41 ModularCodeGen4_A1_B1.mk
-rw-rw-r-- 1 travis travis  1330 Jul  8 01:41 ModularCodeGen4_A1_B1_profile.class
-rw-rw-r-- 1 travis travis  1273 Jul  8 01:41 ModularCodeGen4_A1_B1_profile.java
-rw-rw-r-- 1 travis travis  3794 Jul  8 01:41 ModularCodeGen4_A1_B2.class
-rw-rw-r-- 1 travis travis 10312 Jul  8 01:41 ModularCodeGen4_A1_B2.java
-rw-rw-r-- 1 travis travis   880 Jul  8 01:41 ModularCodeGen4_A1_B2.mk
-rw-rw-r-- 1 travis travis  1330 Jul  8 01:41 ModularCodeGen4_A1_B2_profile.class
-rw-rw-r-- 1 travis travis  1273 Jul  8 01:41 ModularCodeGen4_A1_B2_profile.java
-rw-rw-r-- 1 travis travis  5101 Jul  8 01:41 ModularCodeGen4_A1.class
-rw-rw-r-- 1 travis travis 16245 Jul  8 01:41 ModularCodeGen4_A1.java
-rw-rw-r-- 1 travis travis   856 Jul  8 01:41 ModularCodeGen4_A1.mk
-rw-rw-r-- 1 travis travis  1445 Jul  8 01:41 ModularCodeGen4_A1_profile.class
-rw-rw-r-- 1 travis travis  1712 Jul  8 01:41 ModularCodeGen4_A1_profile.java
-rw-rw-r-- 1 travis travis  3988 Jul  8 01:41 ModularCodeGen4_A2_B1.class
-rw-rw-r-- 1 travis travis 11375 Jul  8 01:41 ModularCodeGen4_A2_B1.java
-rw-rw-r-- 1 travis travis   880 Jul  8 01:41 ModularCodeGen4_A2_B1.mk
-rw-rw-r-- 1 travis travis  1393 Jul  8 01:41 ModularCodeGen4_A2_B1_profile.class
-rw-rw-r-- 1 travis travis  1454 Jul  8 01:41 ModularCodeGen4_A2_B1_profile.java
-rw-rw-r-- 1 travis travis  3842 Jul  8 01:41 ModularCodeGen4_A2_B2.class
-rw-rw-r-- 1 travis travis 10378 Jul  8 01:41 ModularCodeGen4_A2_B2.java
-rw-rw-r-- 1 travis travis   880 Jul  8 01:41 ModularCodeGen4_A2_B2.mk
-rw-rw-r-- 1 travis travis  1330 Jul  8 01:41 ModularCodeGen4_A2_B2_profile.class
-rw-rw-r-- 1 travis travis  1270 Jul  8 01:41 ModularCodeGen4_A2_B2_profile.java
-rw-rw-r-- 1 travis travis  5274 Jul  8 01:41 ModularCodeGen4_A2.class
-rw-rw-r-- 1 travis travis 16770 Jul  8 01:41 ModularCodeGen4_A2.java
-rw-rw-r-- 1 travis travis   856 Jul  8 01:41 ModularCodeGen4_A2.mk
-rw-rw-r-- 1 travis travis  1445 Jul  8 01:41 ModularCodeGen4_A2_profile.class
-rw-rw-r-- 1 travis travis  1712 Jul  8 01:41 ModularCodeGen4_A2_profile.java
-rw-rw-r-- 1 travis travis  6838 Jul  8 01:41 ModularCodeGen5_A_A.class
-rw-rw-r-- 1 travis travis 28721 Jul  8 01:41 ModularCodeGen5_A_A.java
-rw-rw-r-- 1 travis travis   864 Jul  8 01:41 ModularCodeGen5_A_A.mk
-rw-rw-r-- 1 travis travis  1520 Jul  8 01:41 ModularCodeGen5_A_A_profile.class
-rw-rw-r-- 1 travis travis  1815 Jul  8 01:41 ModularCodeGen5_A_A_profile.java
-rw-rw-r-- 1 travis travis  5115 Jul  8 01:41 ModularCodeGen5_A.class
-rw-rw-r-- 1 travis travis 13769 Jul  8 01:41 ModularCodeGen5_A.java
-rw-rw-r-- 1 travis travis   848 Jul  8 01:41 ModularCodeGen5_A.mk
-rw-rw-r-- 1 travis travis  1422 Jul  8 01:41 ModularCodeGen5_A_profile.class
-rw-rw-r-- 1 travis travis  1605 Jul  8 01:41 ModularCodeGen5_A_profile.java
-rw-rw-r-- 1 travis travis  4125 Jul  8 01:41 ModularCodeGen6_A_A2.class
-rw-rw-r-- 1 travis travis 11329 Jul  8 01:41 ModularCodeGen6_A_A2.java
-rw-rw-r-- 1 travis travis   872 Jul  8 01:41 ModularCodeGen6_A_A2.mk
-rw-rw-r-- 1 travis travis  1351 Jul  8 01:41 ModularCodeGen6_A_A2_profile.class
-rw-rw-r-- 1 travis travis  1364 Jul  8 01:41 ModularCodeGen6_A_A2_profile.java
-rw-rw-r-- 1 travis travis  4108 Jul  8 01:41 ModularCodeGen6_A_A.class
-rw-rw-r-- 1 travis travis 11221 Jul  8 01:41 ModularCodeGen6_A_A.java
-rw-rw-r-- 1 travis travis   864 Jul  8 01:41 ModularCodeGen6_A_A.mk
-rw-rw-r-- 1 travis travis  1348 Jul  8 01:41 ModularCodeGen6_A_A_profile.class
-rw-rw-r-- 1 travis travis  1361 Jul  8 01:41 ModularCodeGen6_A_A_profile.java
-rw-rw-r-- 1 travis travis  7237 Jul  8 01:42 ModularCodeGen6_A.class
-rw-rw-r-- 1 travis travis 26535 Jul  8 01:41 ModularCodeGen6_A.java
-rw-rw-r-- 1 travis travis   848 Jul  8 01:41 ModularCodeGen6_A.mk
-rw-rw-r-- 1 travis travis  1483 Jul  8 01:41 ModularCodeGen6_A_profile.class
-rw-rw-r-- 1 travis travis  1810 Jul  8 01:41 ModularCodeGen6_A_profile.java
-rw-rw-r-- 1 travis travis  9439 Jul  8 01:42 ModularCodeGenLazyPubSubGlobal_CompositeActor_ModularCodeGenTypedComposite.class
-rw-rw-r-- 1 travis travis 30161 Jul  8 01:42 ModularCodeGenLazyPubSubGlobal_CompositeActor_ModularCodeGenTypedComposite.java
-rw-rw-r-- 1 travis travis  1304 Jul  8 01:42 ModularCodeGenLazyPubSubGlobal_CompositeActor_ModularCodeGenTypedComposite.mk
-rw-rw-r-- 1 travis travis  1438 Jul  8 01:42 ModularCodeGenLazyPubSubGlobal_CompositeActor_ModularCodeGenTypedComposite_profile.class
-rw-rw-r-- 1 travis travis  1384 Jul  8 01:42 ModularCodeGenLazyPubSubGlobal_CompositeActor_ModularCodeGenTypedComposite_profile.java
-rw-rw-r-- 1 travis travis  3952 Jul  8 01:42 ModularCodeGenLazyPubSub_LazyCompositeActor.class
-rw-rw-r-- 1 travis travis 11122 Jul  8 01:42 ModularCodeGenLazyPubSub_LazyCompositeActor.java
-rw-rw-r-- 1 travis travis  1056 Jul  8 01:42 ModularCodeGenLazyPubSub_LazyCompositeActor.mk
-rw-rw-r-- 1 travis travis  1286 Jul  8 01:42 ModularCodeGenLazyPubSub_LazyCompositeActor_profile.class
-rw-rw-r-- 1 travis travis  1091 Jul  8 01:42 ModularCodeGenLazyPubSub_LazyCompositeActor_profile.java
-rw-rw-r-- 1 travis travis  3954 Jul  8 01:41 ModularCodeGen_ModularCodeGenTypedCompositeActor.class
-rw-rw-r-- 1 travis travis 10970 Jul  8 01:41 ModularCodeGen_ModularCodeGenTypedCompositeActor.java
-rw-rw-r-- 1 travis travis  1096 Jul  8 01:41 ModularCodeGen_ModularCodeGenTypedCompositeActor.mk
-rw-rw-r-- 1 travis travis  1384 Jul  8 01:41 ModularCodeGen_ModularCodeGenTypedCompositeActor_profile.class
-rw-rw-r-- 1 travis travis  1328 Jul  8 01:41 ModularCodeGen_ModularCodeGenTypedCompositeActor_profile.java
-rw-rw-r-- 1 travis travis  3441 Jul  8 01:42 ModularCodeGenPubSub2_A1_A.class
-rw-rw-r-- 1 travis travis  8578 Jul  8 01:42 ModularCodeGenPubSub2_A1_A.java
-rw-rw-r-- 1 travis travis   920 Jul  8 01:42 ModularCodeGenPubSub2_A1_A.mk
-rw-rw-r-- 1 travis travis  1274 Jul  8 01:42 ModularCodeGenPubSub2_A1_A_profile.class
-rw-rw-r-- 1 travis travis  1128 Jul  8 01:42 ModularCodeGenPubSub2_A1_A_profile.java
-rw-rw-r-- 1 travis travis  3733 Jul  8 01:42 ModularCodeGenPubSub2_A1.class
-rw-rw-r-- 1 travis travis  9781 Jul  8 01:42 ModularCodeGenPubSub2_A1.java
-rw-rw-r-- 1 travis travis   904 Jul  8 01:42 ModularCodeGenPubSub2_A1.mk
-rw-rw-r-- 1 travis travis  1268 Jul  8 01:42 ModularCodeGenPubSub2_A1_profile.class
-rw-rw-r-- 1 travis travis  1196 Jul  8 01:42 ModularCodeGenPubSub2_A1_profile.java
-rw-rw-r-- 1 travis travis  3437 Jul  8 01:42 ModularCodeGenPubSub3_A1_A2.class
-rw-rw-r-- 1 travis travis  8599 Jul  8 01:42 ModularCodeGenPubSub3_A1_A2.java
-rw-rw-r-- 1 travis travis   928 Jul  8 01:42 ModularCodeGenPubSub3_A1_A2.mk
-rw-rw-r-- 1 travis travis  1287 Jul  8 01:42 ModularCodeGenPubSub3_A1_A2_profile.class
-rw-rw-r-- 1 travis travis  1132 Jul  8 01:42 ModularCodeGenPubSub3_A1_A2_profile.java
-rw-rw-r-- 1 travis travis  1400 Jul  8 01:42 ModularCodeGenPubSub3_A1_profile.java
-rw-rw-r-- 1 travis travis  3475 Jul  8 01:42 ModularCodeGenPubSub_A1.class
-rw-rw-r-- 1 travis travis  9060 Jul  8 01:42 ModularCodeGenPubSub_A1.java
-rw-rw-r-- 1 travis travis   896 Jul  8 01:42 ModularCodeGenPubSub_A1.mk
-rw-rw-r-- 1 travis travis  1278 Jul  8 01:42 ModularCodeGenPubSub_A1_profile.class
-rw-rw-r-- 1 travis travis  1195 Jul  8 01:42 ModularCodeGenPubSub_A1_profile.java
-rw-rw-r-- 1 travis travis  3492 Jul  8 01:40 ModularCodeGenTest_A1_A2.class
-rw-rw-r-- 1 travis travis  9164 Jul  8 01:40 ModularCodeGenTest_A1_A2.java
-rw-rw-r-- 1 travis travis   904 Jul  8 01:40 ModularCodeGenTest_A1_A2.mk
-rw-rw-r-- 1 travis travis  1306 Jul  8 01:40 ModularCodeGenTest_A1_A2_profile.class
-rw-rw-r-- 1 travis travis  1228 Jul  8 01:40 ModularCodeGenTest_A1_A2_profile.java
-rw-rw-r-- 1 travis travis  3823 Jul  8 01:40 ModularCodeGenTest_A1.class
-rw-rw-r-- 1 travis travis  9968 Jul  8 01:40 ModularCodeGenTest_A1.java
-rw-rw-r-- 1 travis travis   880 Jul  8 01:40 ModularCodeGenTest_A1.mk
-rw-rw-r-- 1 travis travis  1352 Jul  8 01:40 ModularCodeGenTest_A1_profile.class
-rw-rw-r-- 1 travis travis  1394 Jul  8 01:40 ModularCodeGenTest_A1_profile.java
-rw-rw-r-- 1 travis travis   432 Jul  8 01:42 Token.class
-rw-rw-r-- 1 travis travis   251 Jul  8 01:42 Token.java
warning: Supported source version 'RELEASE_6' from annotation processor 'org.netbeans.modules.openide.util.NbBundleProcessor' less than -source '1.8'
warning: Supported source version 'RELEASE_6' from annotation processor 'org.netbeans.modules.openide.util.URLStreamHandlerRegistrationProcessor' less than -source '1.8'
warning: Supported source version 'RELEASE_6' from annotation processor 'org.netbeans.modules.openide.util.ServiceProviderProcessor' less than -source '1.8'
3 warnings
All Done
Writing ModularCodeGenPubSub3_A1.java in file:/home/travis/cg/ (10100 characters)
Reading "ptolemy/cg/kernel/generic/program/procedural/java/modular/makefile.in",
    writing "/home/travis/cg/ModularCodeGenPubSub3_A1.mk"
Using ptolemy/cg/kernel/generic/program/procedural/java/modular/makefile.in
In "/home/travis/cg", about to execute:
    make -f ModularCodeGenPubSub3_A1.mk
javac -classpath ".:.."    ModularCodeGenPubSub3_A1.java
All Done
4352 ms. Memory: 434176K Free: 307847K (71%)
----------------- Invoking toplevel() on ptolemy.moml.MoMLSimpleApplication@7e667107
----------------- Done invoking toplevel() on ptolemy.moml.MoMLSimpleApplication@7e667107
reloadAllAccessors: .ModularCodeGenPubSub3

===========================================================================================
----------------- testing Sun Jul 08 01:42:16 UTC 2018 /home/travis/build/icyphy/ptII/ptolemy/cg/lib/test/auto/ModularCodeGenPubSub4.xml
----------------- Instantiating /home/travis/build/icyphy/ptII/ptolemy/cg/lib/test/auto/ModularCodeGenPubSub4.xml
In "/home/travis/cg", about to execute:
    pwd
In "/home/travis/cg", about to execute:
    ls -l
/home/travis/cg
In "/home/travis/cg", about to execute:
    javac -classpath
.:/home/travis/build/icyphy/ptII:/home/travis/build/icyphy/ptII/lib/bsh-2.0b4.j
ar:/home/travis/build/icyphy/ptII/lib/ptCal.jar:/home/travis/build/icyphy/ptII/
lib/java_cup.jar:/home/travis/build/icyphy/ptII/lib/saxon8.jar:/home/travis/bui
ld/icyphy/ptII/lib/saxon8-dom.jar:/home/travis/build/icyphy/ptII/lib/chic.jar:/
home/travis/build/icyphy/ptII/lib/ptcolt.jar:/usr/lib/jvm/java-8-oracle/lib/too
ls.jar:/usr/lib/eclipse/plugins/org.eclipse.jdt.core_3.8.2.dist.jar:/usr/lib/ec
lipse/plugins/org.eclipse.core.runtime_3.8.0.dist.jar:/usr/lib/eclipse/plugins/
org.eclipse.osgi_3.8.1.dist.jar:/usr/lib/eclipse/plugins/org.eclipse.core.resou
rces_3.8.1.dist.jar:/usr/lib/eclipse/plugins/org.eclipse.equinox.common_3.6.100
.dist.jar:/usr/lib/eclipse/plugins/org.eclipse.core.jobs_3.5.200.dist.jar:/usr/
lib/eclipse/plugins/org.eclipse.core.contenttype_3.4.200.dist.jar:/usr/lib/ecli
pse/plugins/org.eclipse.equinox.preferences_3.5.0.dist.jar:/usr/lib/eclipse/plu
gins/org.eclipse.text_3.5.200.dist.jar:/usr/lib/eclipse/plugins/org.eclipse.ui.
workbench_3.8.1.dist.jar:/usr/lib/eclipse/plugins/org.eclipse.jface_3.8.0.dist.
jar:/usr/lib/eclipse/plugins/org.eclipse.swt_3.8.2.jar:/usr/lib/eclipse/plugins
/org.eclipse.jface.text_3.8.1.dist.jar:/usr/lib/eclipse/plugins/org.eclipse.ui.
workbench.texteditor_3.8.0.dist.jar:/usr/lib/eclipse/plugins/org.eclipse.ui.edi
tors_3.8.0.dist.jar:/usr/lib/eclipse/plugins/org.eclipse.core.commands_3.6.1.di
st.jar:/usr/lib/eclipse/plugins/org.eclipse.equinox.registry_3.5.200.dist.jar:/
usr/lib/eclipse/plugins/org.eclipse.ui.console_3.5.100.dist.jar:/usr/lib/eclips
e/plugins/org.eclipse.ui.forms_3.5.200.dist.jar:/usr/lib/eclipse/plugins/org.ec
lipse.ui.ide_3.8.1.dist.jar:/home/travis/build/icyphy/ptII/vendors/oracle/dbxml
.jar:/home/travis/build/icyphy/ptII/vendors/oracle/db.jar:/home/travis/build/ic
yphy/ptII/vendors/misc/itext/iText.jar:/home/travis/build/icyphy/ptII/lib/g4ltl
.jar:/home/travis/build/icyphy/ptII/lib/StructuralCoder.jar:/home/travis/build/
icyphy/ptII/lib/org-openide-util.jar:/home/travis/build/icyphy/ptII/lib/org-ope
nide-util-lookup.jar:/home/travis/build/icyphy/ptII/lib/org-netbeans-api-visual
.jar:/home/travis/build/icyphy/ptII/vendors/jai-1_1_2_01/lib/jai_core.jar:/home
/travis/build/icyphy/ptII/vendors/jai-1_1_2_01/lib/jai_codec.jar:/home/travis/b
uild/icyphy/ptII/lib/jcerti.jar:/home/travis/build/icyphy/ptII/lib/smack.jar:/h
ome/travis/build/icyphy/ptII/lib/smackx.jar:/home/travis/build/icyphy/ptII/lib/
jetty-all-8.1.5-v20120716.jar:/home/travis/build/icyphy/ptII/lib/javax.servlet-
api-3.0.1.jar:/home/travis/build/icyphy/ptII/lib/javax.mail.jar:/home/travis/bu
ild/icyphy/ptII/vendors/JMF-2.1.1e/lib/jmf.jar:/home/travis/build/icyphy/ptII/l
ib/jna-4.0.0-variadic.jar:/home/travis/build/icyphy/ptII/vendors/misc/joystick/
Joystick.jar:/home/travis/build/icyphy/ptII/lib/ptjacl.jar:/home/travis/build/i
cyphy/ptII/lib/jsoup-1.8.2.jar:/home/travis/build/icyphy/ptII/lib/junit-4.8.2.j
ar:/home/travis/build/icyphy/ptII/lib/JUnitParams-0.4.0.jar:/home/travis/build/
icyphy/ptII/ptolemy/actor/lib/excel/jxl.jar:/home/travis/build/icyphy/ptII/lib/
jython.jar:/home/travis/build/icyphy/ptII/lib/kieler.jar:/home/travis/build/icy
phy/ptII/vendors/opencv/share/OpenCV/java/opencv-341.jar:/home/travis/build/icy
phy/ptII/lib/oscP5.jar:/home/travis/build/icyphy/ptII/lib/nrjavaserial-3.11.0.d
evel.jar:/home/travis/build/icyphy/ptII/vendors/j3d/lib/j3dcore.jar:/home/travi
s/build/icyphy/ptII/vendors/j3d/lib/j3dutils.jar:/home/travis/build/icyphy/ptII
/vendors/j3d/lib/vecmath.jar:/home/travis/build/icyphy/ptII/ptolemy/distributed
/jini/jar/jini-core.jar:/home/travis/build/icyphy/ptII/ptolemy/distributed/jini
/jar/jini-ext.jar:/home/travis/build/icyphy/ptII/ptolemy/distributed/jini/jar/s
un-util.jar:/home/travis/build/icyphy/ptII/lib/protobuf-java-2.4.1.jar:/home/tr
avis/build/icyphy/ptII/lib/org.eclipse.paho.client.mqttv3.jar:/home/travis/buil
d/icyphy/ptII/ptserver/lib/hessian-4.0.7.jar:/home/travis/build/icyphy/ptII/pts
erver/lib/wmqtt.jar:/home/travis/build/icyphy/ptII/lib/mapss.jar:/home/travis/b
uild/icyphy/ptII/ptolemy/actor/ptalon/antlr/antlr.jar:/home/travis/build/icyphy
/ptII/lib/JRI.jar:/home/travis/build/icyphy/ptII/lib/commons-lang-2.6.jar:/home
/travis/build/icyphy/ptII/lib/commons-logging-1.1.1.jar:/home/travis/build/icyp
hy/ptII/lib/sootclasses.jar:/home/travis/build/icyphy/ptII/ptolemy/actor/lib/da
tabase/mysql-connector-java-5.1.6-bin.jar:/home/travis/build/icyphy/ptII/vendor
s/misc/sphinx4/sphinx4-data-5prealpha.jar:/home/travis/build/icyphy/ptII/vendor
s/misc/sphinx4/sphinx4-core-5prealpha.jar:/home/travis/build/icyphy/ptII/lib/PD
FRenderer.jar:/home/travis/build/icyphy/ptII/lib/svgSalamander.jar:/home/travis
/build/icyphy/ptII/lib/rsyntaxtextarea-2.6.0-SNAPSHOT.jar:/home/travis/build/ic
yphy/ptII/lib/hazelcast-3.8.2.jar:/home/travis/build/icyphy/ptII/lib/jackson-an
notations-2.9.0.jar:/home/travis/build/icyphy/ptII/lib/jackson-core-2.9.3.jar:/
home/travis/build/icyphy/ptII/lib/jackson-databind-2.9.3.jar:/home/travis/build
/icyphy/ptII/lib/netty-buffer-4.1.19.Final.jar:/home/travis/build/icyphy/ptII/l
ib/netty-codec-4.1.19.Final.jar:/home/travis/build/icyphy/ptII/lib/netty-codec-
dns-4.1.19.Final.jar:/home/travis/build/icyphy/ptII/lib/netty-codec-http-4.1.19
.Final.jar:/home/travis/build/icyphy/ptII/lib/netty-codec-http2-4.1.19.Final.ja
r:/home/travis/build/icyphy/ptII/lib/netty-common-4.1.19.Final.jar:/home/travis
/build/icyphy/ptII/lib/netty-handler-4.1.19.Final.jar:/home/travis/build/icyphy
/ptII/lib/netty-resolver-4.1.19.Final.jar:/home/travis/build/icyphy/ptII/lib/ne
tty-resolver-dns-4.1.19.Final.jar:/home/travis/build/icyphy/ptII/lib/netty-tran
sport-4.1.19.Final.jar:/home/travis/build/icyphy/ptII/lib/vertx-codegen-3.5.1.j
ar:/home/travis/build/icyphy/ptII/lib/vertx-core-3.5.2-SNAPSHOT.jar:/home/travi
s/build/icyphy/ptII/lib/vertx-hazelcast-3.5.1.jar:/home/travis/build/icyphy/ptI
I/lib/vertx-lang-js-3.5.1.jar:/home/travis/build/icyphy/ptII/lib/vertx-service-
proxy-3.5.1.jar:/home/travis/build/icyphy/ptII/lib/vertx-web-3.5.1.jar:/home/tr
avis/build/icyphy/ptII/lib/slf4j-api-1.7.13.jar:/home/travis/build/icyphy/ptII/
lib/slf4j-simple-1.7.13.jar:/home/travis/build/icyphy/ptII/lib/webcam-capture-0
.3.12.jar:/home/travis/build/icyphy/ptII/lib/bridj-0.7.0.jar:/home/travis/build
/icyphy/ptII/lib/xbjlib-1.1.0.nrjavaserial.jar:/home/travis/build/icyphy/ptII/p
tolemy/moml/test:/home/travis/build/icyphy/ptII/ant/lib/ant-launcher.jar:/home/
travis/build/icyphy/ptII/ant/lib/ant.jar:/home/travis/build/icyphy/ptII/ant/lib
/ant-junit.jar:/home/travis/build/icyphy/ptII/ant/lib/ant-junit4.jar:/home/trav
is/build/icyphy/ptII ModularCodeGenPubSub4_A1_A_profile.java
total 1348
-rw-rw-r-- 1 travis travis   233 Jul  8 01:42 Array.class
-rw-rw-r-- 1 travis travis   459 Jul  8 01:42 Array.java
-rw-rw-r-- 1 travis travis  4895 Jul  8 01:40 CompiledCompositeActor_CompiledCompositeActor.class
-rw-rw-r-- 1 travis travis  1592 Jul  8 01:40 CompiledCompositeActor_CompiledCompositeActor$_CompiledCompositeActor_CompiledCompositeActor.class
-rw-rw-r-- 1 travis travis 13466 Jul  8 01:40 CompiledCompositeActor_CompiledCompositeActor.java
-rw-rw-r-- 1 travis travis  1593 Jul  8 01:40 CompiledCompositeActor_CompiledCompositeActor.mk
-rw-rw-r-- 1 travis travis  4457 Jul  8 01:40 JavaCompiledCompositeTest1_CompiledCompositeActor.class
-rw-rw-r-- 1 travis travis 11637 Jul  8 01:40 JavaCompiledCompositeTest1_CompiledCompositeActor.java
-rw-rw-r-- 1 travis travis  1198 Jul  8 01:40 JavaCompiledCompositeTest1_CompiledCompositeActor$_JavaCompiledCompositeTest1_CompiledCompositeActor.class
-rw-rw-r-- 1 travis travis  1625 Jul  8 01:40 JavaCompiledCompositeTest1_CompiledCompositeActor.mk
-rw-rw-r-- 1 travis travis  4888 Jul  8 01:40 JavaCompiledCompositeTest2_CompiledCompositeActor.class
-rw-rw-r-- 1 travis travis 14919 Jul  8 01:40 JavaCompiledCompositeTest2_CompiledCompositeActor.java
-rw-rw-r-- 1 travis travis  1793 Jul  8 01:40 JavaCompiledCompositeTest2_CompiledCompositeActor$_JavaCompiledCompositeTest2_CompiledCompositeActor.class
-rw-rw-r-- 1 travis travis  1625 Jul  8 01:40 JavaCompiledCompositeTest2_CompiledCompositeActor.mk
-rw-rw-r-- 1 travis travis  4505 Jul  8 01:40 JavaCompiledCompositeTest3_CompiledCompositeActor.class
-rw-rw-r-- 1 travis travis 13080 Jul  8 01:40 JavaCompiledCompositeTest3_CompiledCompositeActor.java
-rw-rw-r-- 1 travis travis  1378 Jul  8 01:40 JavaCompiledCompositeTest3_CompiledCompositeActor$_JavaCompiledCompositeTest3_CompiledCompositeActor.class
-rw-rw-r-- 1 travis travis  1625 Jul  8 01:40 JavaCompiledCompositeTest3_CompiledCompositeActor.mk
-rw-rw-r-- 1 travis travis  3953 Jul  8 01:40 JavaCompiledCompositeTest4_CompiledCompositeActor.class
-rw-rw-r-- 1 travis travis  9687 Jul  8 01:40 JavaCompiledCompositeTest4_CompiledCompositeActor.java
-rw-rw-r-- 1 travis travis   857 Jul  8 01:40 JavaCompiledCompositeTest4_CompiledCompositeActor$_JavaCompiledCompositeTest4_CompiledCompositeActor.class
-rw-rw-r-- 1 travis travis  1625 Jul  8 01:40 JavaCompiledCompositeTest4_CompiledCompositeActor.mk
-rw-rw-r-- 1 travis travis  3693 Jul  8 01:40 ModularCG_A1_B1.class
-rw-rw-r-- 1 travis travis  9730 Jul  8 01:40 ModularCG_A1_B1.java
-rw-rw-r-- 1 travis travis   832 Jul  8 01:40 ModularCG_A1_B1.mk
-rw-rw-r-- 1 travis travis  1318 Jul  8 01:40 ModularCG_A1_B1_profile.class
-rw-rw-r-- 1 travis travis  1262 Jul  8 01:40 ModularCG_A1_B1_profile.java
-rw-rw-r-- 1 travis travis  3693 Jul  8 01:40 ModularCG_A1_B2.class
-rw-rw-r-- 1 travis travis  9730 Jul  8 01:40 ModularCG_A1_B2.java
-rw-rw-r-- 1 travis travis   832 Jul  8 01:40 ModularCG_A1_B2.mk
-rw-rw-r-- 1 travis travis  1318 Jul  8 01:40 ModularCG_A1_B2_profile.class
-rw-rw-r-- 1 travis travis  1262 Jul  8 01:40 ModularCG_A1_B2_profile.java
-rw-rw-r-- 1 travis travis  4799 Jul  8 01:41 ModularCG_A1.class
-rw-rw-r-- 1 travis travis 14742 Jul  8 01:41 ModularCG_A1.java
-rw-rw-r-- 1 travis travis   808 Jul  8 01:41 ModularCG_A1.mk
-rw-rw-r-- 1 travis travis  1433 Jul  8 01:41 ModularCG_A1_profile.class
-rw-rw-r-- 1 travis travis  1704 Jul  8 01:40 ModularCG_A1_profile.java
-rw-rw-r-- 1 travis travis  3827 Jul  8 01:41 ModularCG_A2_B1.class
-rw-rw-r-- 1 travis travis 10667 Jul  8 01:41 ModularCG_A2_B1.java
-rw-rw-r-- 1 travis travis   832 Jul  8 01:41 ModularCG_A2_B1.mk
-rw-rw-r-- 1 travis travis  1381 Jul  8 01:41 ModularCG_A2_B1_profile.class
-rw-rw-r-- 1 travis travis  1446 Jul  8 01:41 ModularCG_A2_B1_profile.java
-rw-rw-r-- 1 travis travis  3693 Jul  8 01:41 ModularCG_A2_B2.class
-rw-rw-r-- 1 travis travis  9730 Jul  8 01:41 ModularCG_A2_B2.java
-rw-rw-r-- 1 travis travis   832 Jul  8 01:41 ModularCG_A2_B2.mk
-rw-rw-r-- 1 travis travis  1318 Jul  8 01:41 ModularCG_A2_B2_profile.class
-rw-rw-r-- 1 travis travis  1262 Jul  8 01:41 ModularCG_A2_B2_profile.java
-rw-rw-r-- 1 travis travis  4870 Jul  8 01:41 ModularCG_A2.class
-rw-rw-r-- 1 travis travis 15129 Jul  8 01:41 ModularCG_A2.java
-rw-rw-r-- 1 travis travis   808 Jul  8 01:41 ModularCG_A2.mk
-rw-rw-r-- 1 travis travis  1433 Jul  8 01:41 ModularCG_A2_profile.class
-rw-rw-r-- 1 travis travis  1704 Jul  8 01:41 ModularCG_A2_profile.java
-rw-rw-r-- 1 travis travis  3473 Jul  8 01:41 ModularCGPubSub_A1_A2.class
-rw-rw-r-- 1 travis travis  9076 Jul  8 01:41 ModularCGPubSub_A1_A2.java
-rw-rw-r-- 1 travis travis   880 Jul  8 01:41 ModularCGPubSub_A1_A2.mk
-rw-rw-r-- 1 travis travis  1300 Jul  8 01:41 ModularCGPubSub_A1_A2_profile.class
-rw-rw-r-- 1 travis travis  1222 Jul  8 01:41 ModularCGPubSub_A1_A2_profile.java
-rw-rw-r-- 1 travis travis  3790 Jul  8 01:41 ModularCGPubSub_A1.class
-rw-rw-r-- 1 travis travis  9836 Jul  8 01:41 ModularCGPubSub_A1.java
-rw-rw-r-- 1 travis travis   856 Jul  8 01:41 ModularCGPubSub_A1.mk
-rw-rw-r-- 1 travis travis  1346 Jul  8 01:41 ModularCGPubSub_A1_profile.class
-rw-rw-r-- 1 travis travis  1388 Jul  8 01:41 ModularCGPubSub_A1_profile.java
-rw-rw-r-- 1 travis travis  3988 Jul  8 01:41 ModularCodeGen2_ModularCodeGenTypedCompositeActor.class
-rw-rw-r-- 1 travis travis 11690 Jul  8 01:41 ModularCodeGen2_ModularCodeGenTypedCompositeActor.java
-rw-rw-r-- 1 travis travis  1104 Jul  8 01:41 ModularCodeGen2_ModularCodeGenTypedCompositeActor.mk
-rw-rw-r-- 1 travis travis  4272 Jul  8 01:41 ModularCodeGen2_ModularCodeGenTypedCompositeActor_ModularCodeGenTypedCompositeActor.class
-rw-rw-r-- 1 travis travis 11790 Jul  8 01:41 ModularCodeGen2_ModularCodeGenTypedCompositeActor_ModularCodeGenTypedCompositeActor.java
-rw-rw-r-- 1 travis travis  1376 Jul  8 01:41 ModularCodeGen2_ModularCodeGenTypedCompositeActor_ModularCodeGenTypedCompositeActor.mk
-rw-rw-r-- 1 travis travis  1421 Jul  8 01:41 ModularCodeGen2_ModularCodeGenTypedCompositeActor_ModularCodeGenTypedCompositeActor_profile.class
-rw-rw-r-- 1 travis travis  1294 Jul  8 01:41 ModularCodeGen2_ModularCodeGenTypedCompositeActor_ModularCodeGenTypedCompositeActor_profile.java
-rw-rw-r-- 1 travis travis   820 Jul  8 01:41 ModularCodeGen2_ModularCodeGenTypedCompositeActor_profile.class
-rw-rw-r-- 1 travis travis   693 Jul  8 01:41 ModularCodeGen2_ModularCodeGenTypedCompositeActor_profile.java
-rw-rw-r-- 1 travis travis  3741 Jul  8 01:41 ModularCodeGen3_A1_B1.class
-rw-rw-r-- 1 travis travis  9958 Jul  8 01:41 ModularCodeGen3_A1_B1.java
-rw-rw-r-- 1 travis travis   880 Jul  8 01:41 ModularCodeGen3_A1_B1.mk
-rw-rw-r-- 1 travis travis  1330 Jul  8 01:41 ModularCodeGen3_A1_B1_profile.class
-rw-rw-r-- 1 travis travis  1274 Jul  8 01:41 ModularCodeGen3_A1_B1_profile.java
-rw-rw-r-- 1 travis travis  3741 Jul  8 01:41 ModularCodeGen3_A1_B2.class
-rw-rw-r-- 1 travis travis  9958 Jul  8 01:41 ModularCodeGen3_A1_B2.java
-rw-rw-r-- 1 travis travis   880 Jul  8 01:41 ModularCodeGen3_A1_B2.mk
-rw-rw-r-- 1 travis travis  1330 Jul  8 01:41 ModularCodeGen3_A1_B2_profile.class
-rw-rw-r-- 1 travis travis  1274 Jul  8 01:41 ModularCodeGen3_A1_B2_profile.java
-rw-rw-r-- 1 travis travis  4961 Jul  8 01:41 ModularCodeGen3_A1.class
-rw-rw-r-- 1 travis travis 15564 Jul  8 01:41 ModularCodeGen3_A1.java
-rw-rw-r-- 1 travis travis   856 Jul  8 01:41 ModularCodeGen3_A1.mk
-rw-rw-r-- 1 travis travis  1445 Jul  8 01:41 ModularCodeGen3_A1_profile.class
-rw-rw-r-- 1 travis travis  1716 Jul  8 01:41 ModularCodeGen3_A1_profile.java
-rw-rw-r-- 1 travis travis  3887 Jul  8 01:41 ModularCodeGen3_A2_B1.class
-rw-rw-r-- 1 travis travis 10955 Jul  8 01:41 ModularCodeGen3_A2_B1.java
-rw-rw-r-- 1 travis travis   880 Jul  8 01:41 ModularCodeGen3_A2_B1.mk
-rw-rw-r-- 1 travis travis  1393 Jul  8 01:41 ModularCodeGen3_A2_B1_profile.class
-rw-rw-r-- 1 travis travis  1458 Jul  8 01:41 ModularCodeGen3_A2_B1_profile.java
-rw-rw-r-- 1 travis travis  3741 Jul  8 01:41 ModularCodeGen3_A2_B2.class
-rw-rw-r-- 1 travis travis  9958 Jul  8 01:41 ModularCodeGen3_A2_B2.java
-rw-rw-r-- 1 travis travis   880 Jul  8 01:41 ModularCodeGen3_A2_B2.mk
-rw-rw-r-- 1 travis travis  1330 Jul  8 01:41 ModularCodeGen3_A2_B2_profile.class
-rw-rw-r-- 1 travis travis  1274 Jul  8 01:41 ModularCodeGen3_A2_B2_profile.java
-rw-rw-r-- 1 travis travis  5038 Jul  8 01:41 ModularCodeGen3_A2.class
-rw-rw-r-- 1 travis travis 15957 Jul  8 01:41 ModularCodeGen3_A2.java
-rw-rw-r-- 1 travis travis   856 Jul  8 01:41 ModularCodeGen3_A2.mk
-rw-rw-r-- 1 travis travis  1445 Jul  8 01:41 ModularCodeGen3_A2_profile.class
-rw-rw-r-- 1 travis travis  1716 Jul  8 01:41 ModularCodeGen3_A2_profile.java
-rw-rw-r-- 1 travis travis  3794 Jul  8 01:41 ModularCodeGen4_A1_B1.class
-rw-rw-r-- 1 travis travis 10312 Jul  8 01:41 ModularCodeGen4_A1_B1.java
-rw-rw-r-- 1 travis travis   880 Jul  8 01:41 ModularCodeGen4_A1_B1.mk
-rw-rw-r-- 1 travis travis  1330 Jul  8 01:41 ModularCodeGen4_A1_B1_profile.class
-rw-rw-r-- 1 travis travis  1273 Jul  8 01:41 ModularCodeGen4_A1_B1_profile.java
-rw-rw-r-- 1 travis travis  3794 Jul  8 01:41 ModularCodeGen4_A1_B2.class
-rw-rw-r-- 1 travis travis 10312 Jul  8 01:41 ModularCodeGen4_A1_B2.java
-rw-rw-r-- 1 travis travis   880 Jul  8 01:41 ModularCodeGen4_A1_B2.mk
-rw-rw-r-- 1 travis travis  1330 Jul  8 01:41 ModularCodeGen4_A1_B2_profile.class
-rw-rw-r-- 1 travis travis  1273 Jul  8 01:41 ModularCodeGen4_A1_B2_profile.java
-rw-rw-r-- 1 travis travis  5101 Jul  8 01:41 ModularCodeGen4_A1.class
-rw-rw-r-- 1 travis travis 16245 Jul  8 01:41 ModularCodeGen4_A1.java
-rw-rw-r-- 1 travis travis   856 Jul  8 01:41 ModularCodeGen4_A1.mk
-rw-rw-r-- 1 travis travis  1445 Jul  8 01:41 ModularCodeGen4_A1_profile.class
-rw-rw-r-- 1 travis travis  1712 Jul  8 01:41 ModularCodeGen4_A1_profile.java
-rw-rw-r-- 1 travis travis  3988 Jul  8 01:41 ModularCodeGen4_A2_B1.class
-rw-rw-r-- 1 travis travis 11375 Jul  8 01:41 ModularCodeGen4_A2_B1.java
-rw-rw-r-- 1 travis travis   880 Jul  8 01:41 ModularCodeGen4_A2_B1.mk
-rw-rw-r-- 1 travis travis  1393 Jul  8 01:41 ModularCodeGen4_A2_B1_profile.class
-rw-rw-r-- 1 travis travis  1454 Jul  8 01:41 ModularCodeGen4_A2_B1_profile.java
-rw-rw-r-- 1 travis travis  3842 Jul  8 01:41 ModularCodeGen4_A2_B2.class
-rw-rw-r-- 1 travis travis 10378 Jul  8 01:41 ModularCodeGen4_A2_B2.java
-rw-rw-r-- 1 travis travis   880 Jul  8 01:41 ModularCodeGen4_A2_B2.mk
-rw-rw-r-- 1 travis travis  1330 Jul  8 01:41 ModularCodeGen4_A2_B2_profile.class
-rw-rw-r-- 1 travis travis  1270 Jul  8 01:41 ModularCodeGen4_A2_B2_profile.java
-rw-rw-r-- 1 travis travis  5274 Jul  8 01:41 ModularCodeGen4_A2.class
-rw-rw-r-- 1 travis travis 16770 Jul  8 01:41 ModularCodeGen4_A2.java
-rw-rw-r-- 1 travis travis   856 Jul  8 01:41 ModularCodeGen4_A2.mk
-rw-rw-r-- 1 travis travis  1445 Jul  8 01:41 ModularCodeGen4_A2_profile.class
-rw-rw-r-- 1 travis travis  1712 Jul  8 01:41 ModularCodeGen4_A2_profile.java
-rw-rw-r-- 1 travis travis  6838 Jul  8 01:41 ModularCodeGen5_A_A.class
-rw-rw-r-- 1 travis travis 28721 Jul  8 01:41 ModularCodeGen5_A_A.java
-rw-rw-r-- 1 travis travis   864 Jul  8 01:41 ModularCodeGen5_A_A.mk
-rw-rw-r-- 1 travis travis  1520 Jul  8 01:41 ModularCodeGen5_A_A_profile.class
-rw-rw-r-- 1 travis travis  1815 Jul  8 01:41 ModularCodeGen5_A_A_profile.java
-rw-rw-r-- 1 travis travis  5115 Jul  8 01:41 ModularCodeGen5_A.class
-rw-rw-r-- 1 travis travis 13769 Jul  8 01:41 ModularCodeGen5_A.java
-rw-rw-r-- 1 travis travis   848 Jul  8 01:41 ModularCodeGen5_A.mk
-rw-rw-r-- 1 travis travis  1422 Jul  8 01:41 ModularCodeGen5_A_profile.class
-rw-rw-r-- 1 travis travis  1605 Jul  8 01:41 ModularCodeGen5_A_profile.java
-rw-rw-r-- 1 travis travis  4125 Jul  8 01:41 ModularCodeGen6_A_A2.class
-rw-rw-r-- 1 travis travis 11329 Jul  8 01:41 ModularCodeGen6_A_A2.java
-rw-rw-r-- 1 travis travis   872 Jul  8 01:41 ModularCodeGen6_A_A2.mk
-rw-rw-r-- 1 travis travis  1351 Jul  8 01:41 ModularCodeGen6_A_A2_profile.class
-rw-rw-r-- 1 travis travis  1364 Jul  8 01:41 ModularCodeGen6_A_A2_profile.java
-rw-rw-r-- 1 travis travis  4108 Jul  8 01:41 ModularCodeGen6_A_A.class
-rw-rw-r-- 1 travis travis 11221 Jul  8 01:41 ModularCodeGen6_A_A.java
-rw-rw-r-- 1 travis travis   864 Jul  8 01:41 ModularCodeGen6_A_A.mk
-rw-rw-r-- 1 travis travis  1348 Jul  8 01:41 ModularCodeGen6_A_A_profile.class
-rw-rw-r-- 1 travis travis  1361 Jul  8 01:41 ModularCodeGen6_A_A_profile.java
-rw-rw-r-- 1 travis travis  7237 Jul  8 01:42 ModularCodeGen6_A.class
-rw-rw-r-- 1 travis travis 26535 Jul  8 01:41 ModularCodeGen6_A.java
-rw-rw-r-- 1 travis travis   848 Jul  8 01:41 ModularCodeGen6_A.mk
-rw-rw-r-- 1 travis travis  1483 Jul  8 01:41 ModularCodeGen6_A_profile.class
-rw-rw-r-- 1 travis travis  1810 Jul  8 01:41 ModularCodeGen6_A_profile.java
-rw-rw-r-- 1 travis travis  9439 Jul  8 01:42 ModularCodeGenLazyPubSubGlobal_CompositeActor_ModularCodeGenTypedComposite.class
-rw-rw-r-- 1 travis travis 30161 Jul  8 01:42 ModularCodeGenLazyPubSubGlobal_CompositeActor_ModularCodeGenTypedComposite.java
-rw-rw-r-- 1 travis travis  1304 Jul  8 01:42 ModularCodeGenLazyPubSubGlobal_CompositeActor_ModularCodeGenTypedComposite.mk
-rw-rw-r-- 1 travis travis  1438 Jul  8 01:42 ModularCodeGenLazyPubSubGlobal_CompositeActor_ModularCodeGenTypedComposite_profile.class
-rw-rw-r-- 1 travis travis  1384 Jul  8 01:42 ModularCodeGenLazyPubSubGlobal_CompositeActor_ModularCodeGenTypedComposite_profile.java
-rw-rw-r-- 1 travis travis  3952 Jul  8 01:42 ModularCodeGenLazyPubSub_LazyCompositeActor.class
-rw-rw-r-- 1 travis travis 11122 Jul  8 01:42 ModularCodeGenLazyPubSub_LazyCompositeActor.java
-rw-rw-r-- 1 travis travis  1056 Jul  8 01:42 ModularCodeGenLazyPubSub_LazyCompositeActor.mk
-rw-rw-r-- 1 travis travis  1286 Jul  8 01:42 ModularCodeGenLazyPubSub_LazyCompositeActor_profile.class
-rw-rw-r-- 1 travis travis  1091 Jul  8 01:42 ModularCodeGenLazyPubSub_LazyCompositeActor_profile.java
-rw-rw-r-- 1 travis travis  3954 Jul  8 01:41 ModularCodeGen_ModularCodeGenTypedCompositeActor.class
-rw-rw-r-- 1 travis travis 10970 Jul  8 01:41 ModularCodeGen_ModularCodeGenTypedCompositeActor.java
-rw-rw-r-- 1 travis travis  1096 Jul  8 01:41 ModularCodeGen_ModularCodeGenTypedCompositeActor.mk
-rw-rw-r-- 1 travis travis  1384 Jul  8 01:41 ModularCodeGen_ModularCodeGenTypedCompositeActor_profile.class
-rw-rw-r-- 1 travis travis  1328 Jul  8 01:41 ModularCodeGen_ModularCodeGenTypedCompositeActor_profile.java
-rw-rw-r-- 1 travis travis  3441 Jul  8 01:42 ModularCodeGenPubSub2_A1_A.class
-rw-rw-r-- 1 travis travis  8578 Jul  8 01:42 ModularCodeGenPubSub2_A1_A.java
-rw-rw-r-- 1 travis travis   920 Jul  8 01:42 ModularCodeGenPubSub2_A1_A.mk
-rw-rw-r-- 1 travis travis  1274 Jul  8 01:42 ModularCodeGenPubSub2_A1_A_profile.class
-rw-rw-r-- 1 travis travis  1128 Jul  8 01:42 ModularCodeGenPubSub2_A1_A_profile.java
-rw-rw-r-- 1 travis travis  3733 Jul  8 01:42 ModularCodeGenPubSub2_A1.class
-rw-rw-r-- 1 travis travis  9781 Jul  8 01:42 ModularCodeGenPubSub2_A1.java
-rw-rw-r-- 1 travis travis   904 Jul  8 01:42 ModularCodeGenPubSub2_A1.mk
-rw-rw-r-- 1 travis travis  1268 Jul  8 01:42 ModularCodeGenPubSub2_A1_profile.class
-rw-rw-r-- 1 travis travis  1196 Jul  8 01:42 ModularCodeGenPubSub2_A1_profile.java
-rw-rw-r-- 1 travis travis  3437 Jul  8 01:42 ModularCodeGenPubSub3_A1_A2.class
-rw-rw-r-- 1 travis travis  8599 Jul  8 01:42 ModularCodeGenPubSub3_A1_A2.java
-rw-rw-r-- 1 travis travis   928 Jul  8 01:42 ModularCodeGenPubSub3_A1_A2.mk
-rw-rw-r-- 1 travis travis  1287 Jul  8 01:42 ModularCodeGenPubSub3_A1_A2_profile.class
-rw-rw-r-- 1 travis travis  1132 Jul  8 01:42 ModularCodeGenPubSub3_A1_A2_profile.java
-rw-rw-r-- 1 travis travis  3856 Jul  8 01:42 ModularCodeGenPubSub3_A1.class
-rw-rw-r-- 1 travis travis 10100 Jul  8 01:42 ModularCodeGenPubSub3_A1.java
-rw-rw-r-- 1 travis travis   904 Jul  8 01:42 ModularCodeGenPubSub3_A1.mk
-rw-rw-r-- 1 travis travis  1358 Jul  8 01:42 ModularCodeGenPubSub3_A1_profile.class
-rw-rw-r-- 1 travis travis  1400 Jul  8 01:42 ModularCodeGenPubSub3_A1_profile.java
-rw-rw-r-- 1 travis travis  1128 Jul  8 01:42 ModularCodeGenPubSub4_A1_A_profile.java
-rw-rw-r-- 1 travis travis  3475 Jul  8 01:42 ModularCodeGenPubSub_A1.class
-rw-rw-r-- 1 travis travis  9060 Jul  8 01:42 ModularCodeGenPubSub_A1.java
-rw-rw-r-- 1 travis travis   896 Jul  8 01:42 ModularCodeGenPubSub_A1.mk
-rw-rw-r-- 1 travis travis  1278 Jul  8 01:42 ModularCodeGenPubSub_A1_profile.class
-rw-rw-r-- 1 travis travis  1195 Jul  8 01:42 ModularCodeGenPubSub_A1_profile.java
-rw-rw-r-- 1 travis travis  3492 Jul  8 01:40 ModularCodeGenTest_A1_A2.class
-rw-rw-r-- 1 travis travis  9164 Jul  8 01:40 ModularCodeGenTest_A1_A2.java
-rw-rw-r-- 1 travis travis   904 Jul  8 01:40 ModularCodeGenTest_A1_A2.mk
-rw-rw-r-- 1 travis travis  1306 Jul  8 01:40 ModularCodeGenTest_A1_A2_profile.class
-rw-rw-r-- 1 travis travis  1228 Jul  8 01:40 ModularCodeGenTest_A1_A2_profile.java
-rw-rw-r-- 1 travis travis  3823 Jul  8 01:40 ModularCodeGenTest_A1.class
-rw-rw-r-- 1 travis travis  9968 Jul  8 01:40 ModularCodeGenTest_A1.java
-rw-rw-r-- 1 travis travis   880 Jul  8 01:40 ModularCodeGenTest_A1.mk
-rw-rw-r-- 1 travis travis  1352 Jul  8 01:40 ModularCodeGenTest_A1_profile.class
-rw-rw-r-- 1 travis travis  1394 Jul  8 01:40 ModularCodeGenTest_A1_profile.java
-rw-rw-r-- 1 travis travis   432 Jul  8 01:42 Token.class
-rw-rw-r-- 1 travis travis   251 Jul  8 01:42 Token.java
warning: Supported source version 'RELEASE_6' from annotation processor 'org.netbeans.modules.openide.util.NbBundleProcessor' less than -source '1.8'
warning: Supported source version 'RELEASE_6' from annotation processor 'org.netbeans.modules.openide.util.URLStreamHandlerRegistrationProcessor' less than -source '1.8'
warning: Supported source version 'RELEASE_6' from annotation processor 'org.netbeans.modules.openide.util.ServiceProviderProcessor' less than -source '1.8'
3 warnings
All Done
Writing ModularCodeGenPubSub4_A1_A.java in file:/home/travis/cg/ (8578 characters)
Reading "ptolemy/cg/kernel/generic/program/procedural/java/modular/makefile.in",
    writing "/home/travis/cg/ModularCodeGenPubSub4_A1_A.mk"
Using ptolemy/cg/kernel/generic/program/procedural/java/modular/makefile.in
In "/home/travis/cg", about to execute:
    make -f ModularCodeGenPubSub4_A1_A.mk
javac -classpath ".:.."    ModularCodeGenPubSub4_A1_A.java
All Done
In "/home/travis/cg", about to execute:
    pwd
In "/home/travis/cg", about to execute:
    ls -l
/home/travis/cg
In "/home/travis/cg", about to execute:
    javac -classpath
.:/home/travis/build/icyphy/ptII:/home/travis/build/icyphy/ptII/lib/bsh-2.0b4.j
ar:/home/travis/build/icyphy/ptII/lib/ptCal.jar:/home/travis/build/icyphy/ptII/
lib/java_cup.jar:/home/travis/build/icyphy/ptII/lib/saxon8.jar:/home/travis/bui
ld/icyphy/ptII/lib/saxon8-dom.jar:/home/travis/build/icyphy/ptII/lib/chic.jar:/
home/travis/build/icyphy/ptII/lib/ptcolt.jar:/usr/lib/jvm/java-8-oracle/lib/too
ls.jar:/usr/lib/eclipse/plugins/org.eclipse.jdt.core_3.8.2.dist.jar:/usr/lib/ec
lipse/plugins/org.eclipse.core.runtime_3.8.0.dist.jar:/usr/lib/eclipse/plugins/
org.eclipse.osgi_3.8.1.dist.jar:/usr/lib/eclipse/plugins/org.eclipse.core.resou
rces_3.8.1.dist.jar:/usr/lib/eclipse/plugins/org.eclipse.equinox.common_3.6.100
.dist.jar:/usr/lib/eclipse/plugins/org.eclipse.core.jobs_3.5.200.dist.jar:/usr/
lib/eclipse/plugins/org.eclipse.core.contenttype_3.4.200.dist.jar:/usr/lib/ecli
pse/plugins/org.eclipse.equinox.preferences_3.5.0.dist.jar:/usr/lib/eclipse/plu
gins/org.eclipse.text_3.5.200.dist.jar:/usr/lib/eclipse/plugins/org.eclipse.ui.
workbench_3.8.1.dist.jar:/usr/lib/eclipse/plugins/org.eclipse.jface_3.8.0.dist.
jar:/usr/lib/eclipse/plugins/org.eclipse.swt_3.8.2.jar:/usr/lib/eclipse/plugins
/org.eclipse.jface.text_3.8.1.dist.jar:/usr/lib/eclipse/plugins/org.eclipse.ui.
workbench.texteditor_3.8.0.dist.jar:/usr/lib/eclipse/plugins/org.eclipse.ui.edi
tors_3.8.0.dist.jar:/usr/lib/eclipse/plugins/org.eclipse.core.commands_3.6.1.di
st.jar:/usr/lib/eclipse/plugins/org.eclipse.equinox.registry_3.5.200.dist.jar:/
usr/lib/eclipse/plugins/org.eclipse.ui.console_3.5.100.dist.jar:/usr/lib/eclips
e/plugins/org.eclipse.ui.forms_3.5.200.dist.jar:/usr/lib/eclipse/plugins/org.ec
lipse.ui.ide_3.8.1.dist.jar:/home/travis/build/icyphy/ptII/vendors/oracle/dbxml
.jar:/home/travis/build/icyphy/ptII/vendors/oracle/db.jar:/home/travis/build/ic
yphy/ptII/vendors/misc/itext/iText.jar:/home/travis/build/icyphy/ptII/lib/g4ltl
.jar:/home/travis/build/icyphy/ptII/lib/StructuralCoder.jar:/home/travis/build/
icyphy/ptII/lib/org-openide-util.jar:/home/travis/build/icyphy/ptII/lib/org-ope
nide-util-lookup.jar:/home/travis/build/icyphy/ptII/lib/org-netbeans-api-visual
.jar:/home/travis/build/icyphy/ptII/vendors/jai-1_1_2_01/lib/jai_core.jar:/home
/travis/build/icyphy/ptII/vendors/jai-1_1_2_01/lib/jai_codec.jar:/home/travis/b
uild/icyphy/ptII/lib/jcerti.jar:/home/travis/build/icyphy/ptII/lib/smack.jar:/h
ome/travis/build/icyphy/ptII/lib/smackx.jar:/home/travis/build/icyphy/ptII/lib/
jetty-all-8.1.5-v20120716.jar:/home/travis/build/icyphy/ptII/lib/javax.servlet-
api-3.0.1.jar:/home/travis/build/icyphy/ptII/lib/javax.mail.jar:/home/travis/bu
ild/icyphy/ptII/vendors/JMF-2.1.1e/lib/jmf.jar:/home/travis/build/icyphy/ptII/l
ib/jna-4.0.0-variadic.jar:/home/travis/build/icyphy/ptII/vendors/misc/joystick/
Joystick.jar:/home/travis/build/icyphy/ptII/lib/ptjacl.jar:/home/travis/build/i
cyphy/ptII/lib/jsoup-1.8.2.jar:/home/travis/build/icyphy/ptII/lib/junit-4.8.2.j
ar:/home/travis/build/icyphy/ptII/lib/JUnitParams-0.4.0.jar:/home/travis/build/
icyphy/ptII/ptolemy/actor/lib/excel/jxl.jar:/home/travis/build/icyphy/ptII/lib/
jython.jar:/home/travis/build/icyphy/ptII/lib/kieler.jar:/home/travis/build/icy
phy/ptII/vendors/opencv/share/OpenCV/java/opencv-341.jar:/home/travis/build/icy
phy/ptII/lib/oscP5.jar:/home/travis/build/icyphy/ptII/lib/nrjavaserial-3.11.0.d
evel.jar:/home/travis/build/icyphy/ptII/vendors/j3d/lib/j3dcore.jar:/home/travi
s/build/icyphy/ptII/vendors/j3d/lib/j3dutils.jar:/home/travis/build/icyphy/ptII
/vendors/j3d/lib/vecmath.jar:/home/travis/build/icyphy/ptII/ptolemy/distributed
/jini/jar/jini-core.jar:/home/travis/build/icyphy/ptII/ptolemy/distributed/jini
/jar/jini-ext.jar:/home/travis/build/icyphy/ptII/ptolemy/distributed/jini/jar/s
un-util.jar:/home/travis/build/icyphy/ptII/lib/protobuf-java-2.4.1.jar:/home/tr
avis/build/icyphy/ptII/lib/org.eclipse.paho.client.mqttv3.jar:/home/travis/buil
d/icyphy/ptII/ptserver/lib/hessian-4.0.7.jar:/home/travis/build/icyphy/ptII/pts
erver/lib/wmqtt.jar:/home/travis/build/icyphy/ptII/lib/mapss.jar:/home/travis/b
uild/icyphy/ptII/ptolemy/actor/ptalon/antlr/antlr.jar:/home/travis/build/icyphy
/ptII/lib/JRI.jar:/home/travis/build/icyphy/ptII/lib/commons-lang-2.6.jar:/home
/travis/build/icyphy/ptII/lib/commons-logging-1.1.1.jar:/home/travis/build/icyp
hy/ptII/lib/sootclasses.jar:/home/travis/build/icyphy/ptII/ptolemy/actor/lib/da
tabase/mysql-connector-java-5.1.6-bin.jar:/home/travis/build/icyphy/ptII/vendor
s/misc/sphinx4/sphinx4-data-5prealpha.jar:/home/travis/build/icyphy/ptII/vendor
s/misc/sphinx4/sphinx4-core-5prealpha.jar:/home/travis/build/icyphy/ptII/lib/PD
FRenderer.jar:/home/travis/build/icyphy/ptII/lib/svgSalamander.jar:/home/travis
/build/icyphy/ptII/lib/rsyntaxtextarea-2.6.0-SNAPSHOT.jar:/home/travis/build/ic
yphy/ptII/lib/hazelcast-3.8.2.jar:/home/travis/build/icyphy/ptII/lib/jackson-an
notations-2.9.0.jar:/home/travis/build/icyphy/ptII/lib/jackson-core-2.9.3.jar:/
home/travis/build/icyphy/ptII/lib/jackson-databind-2.9.3.jar:/home/travis/build
/icyphy/ptII/lib/netty-buffer-4.1.19.Final.jar:/home/travis/build/icyphy/ptII/l
ib/netty-codec-4.1.19.Final.jar:/home/travis/build/icyphy/ptII/lib/netty-codec-
dns-4.1.19.Final.jar:/home/travis/build/icyphy/ptII/lib/netty-codec-http-4.1.19
.Final.jar:/home/travis/build/icyphy/ptII/lib/netty-codec-http2-4.1.19.Final.ja
r:/home/travis/build/icyphy/ptII/lib/netty-common-4.1.19.Final.jar:/home/travis
/build/icyphy/ptII/lib/netty-handler-4.1.19.Final.jar:/home/travis/build/icyphy
/ptII/lib/netty-resolver-4.1.19.Final.jar:/home/travis/build/icyphy/ptII/lib/ne
tty-resolver-dns-4.1.19.Final.jar:/home/travis/build/icyphy/ptII/lib/netty-tran
sport-4.1.19.Final.jar:/home/travis/build/icyphy/ptII/lib/vertx-codegen-3.5.1.j
ar:/home/travis/build/icyphy/ptII/lib/vertx-core-3.5.2-SNAPSHOT.jar:/home/travi
s/build/icyphy/ptII/lib/vertx-hazelcast-3.5.1.jar:/home/travis/build/icyphy/ptI
I/lib/vertx-lang-js-3.5.1.jar:/home/travis/build/icyphy/ptII/lib/vertx-service-
proxy-3.5.1.jar:/home/travis/build/icyphy/ptII/lib/vertx-web-3.5.1.jar:/home/tr
avis/build/icyphy/ptII/lib/slf4j-api-1.7.13.jar:/home/travis/build/icyphy/ptII/
lib/slf4j-simple-1.7.13.jar:/home/travis/build/icyphy/ptII/lib/webcam-capture-0
.3.12.jar:/home/travis/build/icyphy/ptII/lib/bridj-0.7.0.jar:/home/travis/build
/icyphy/ptII/lib/xbjlib-1.1.0.nrjavaserial.jar:/home/travis/build/icyphy/ptII/p
tolemy/moml/test:/home/travis/build/icyphy/ptII/ant/lib/ant-launcher.jar:/home/
travis/build/icyphy/ptII/ant/lib/ant.jar:/home/travis/build/icyphy/ptII/ant/lib
/ant-junit.jar:/home/travis/build/icyphy/ptII/ant/lib/ant-junit4.jar:/home/trav
is/build/icyphy/ptII ModularCodeGenPubSub4_A1_profile.java
total 1376
-rw-rw-r-- 1 travis travis   233 Jul  8 01:42 Array.class
-rw-rw-r-- 1 travis travis   459 Jul  8 01:42 Array.java
-rw-rw-r-- 1 travis travis  4895 Jul  8 01:40 CompiledCompositeActor_CompiledCompositeActor.class
-rw-rw-r-- 1 travis travis  1592 Jul  8 01:40 CompiledCompositeActor_CompiledCompositeActor$_CompiledCompositeActor_CompiledCompositeActor.class
-rw-rw-r-- 1 travis travis 13466 Jul  8 01:40 CompiledCompositeActor_CompiledCompositeActor.java
-rw-rw-r-- 1 travis travis  1593 Jul  8 01:40 CompiledCompositeActor_CompiledCompositeActor.mk
-rw-rw-r-- 1 travis travis  4457 Jul  8 01:40 JavaCompiledCompositeTest1_CompiledCompositeActor.class
-rw-rw-r-- 1 travis travis 11637 Jul  8 01:40 JavaCompiledCompositeTest1_CompiledCompositeActor.java
-rw-rw-r-- 1 travis travis  1198 Jul  8 01:40 JavaCompiledCompositeTest1_CompiledCompositeActor$_JavaCompiledCompositeTest1_CompiledCompositeActor.class
-rw-rw-r-- 1 travis travis  1625 Jul  8 01:40 JavaCompiledCompositeTest1_CompiledCompositeActor.mk
-rw-rw-r-- 1 travis travis  4888 Jul  8 01:40 JavaCompiledCompositeTest2_CompiledCompositeActor.class
-rw-rw-r-- 1 travis travis 14919 Jul  8 01:40 JavaCompiledCompositeTest2_CompiledCompositeActor.java
-rw-rw-r-- 1 travis travis  1793 Jul  8 01:40 JavaCompiledCompositeTest2_CompiledCompositeActor$_JavaCompiledCompositeTest2_CompiledCompositeActor.class
-rw-rw-r-- 1 travis travis  1625 Jul  8 01:40 JavaCompiledCompositeTest2_CompiledCompositeActor.mk
-rw-rw-r-- 1 travis travis  4505 Jul  8 01:40 JavaCompiledCompositeTest3_CompiledCompositeActor.class
-rw-rw-r-- 1 travis travis 13080 Jul  8 01:40 JavaCompiledCompositeTest3_CompiledCompositeActor.java
-rw-rw-r-- 1 travis travis  1378 Jul  8 01:40 JavaCompiledCompositeTest3_CompiledCompositeActor$_JavaCompiledCompositeTest3_CompiledCompositeActor.class
-rw-rw-r-- 1 travis travis  1625 Jul  8 01:40 JavaCompiledCompositeTest3_CompiledCompositeActor.mk
-rw-rw-r-- 1 travis travis  3953 Jul  8 01:40 JavaCompiledCompositeTest4_CompiledCompositeActor.class
-rw-rw-r-- 1 travis travis  9687 Jul  8 01:40 JavaCompiledCompositeTest4_CompiledCompositeActor.java
-rw-rw-r-- 1 travis travis   857 Jul  8 01:40 JavaCompiledCompositeTest4_CompiledCompositeActor$_JavaCompiledCompositeTest4_CompiledCompositeActor.class
-rw-rw-r-- 1 travis travis  1625 Jul  8 01:40 JavaCompiledCompositeTest4_CompiledCompositeActor.mk
-rw-rw-r-- 1 travis travis  3693 Jul  8 01:40 ModularCG_A1_B1.class
-rw-rw-r-- 1 travis travis  9730 Jul  8 01:40 ModularCG_A1_B1.java
-rw-rw-r-- 1 travis travis   832 Jul  8 01:40 ModularCG_A1_B1.mk
-rw-rw-r-- 1 travis travis  1318 Jul  8 01:40 ModularCG_A1_B1_profile.class
-rw-rw-r-- 1 travis travis  1262 Jul  8 01:40 ModularCG_A1_B1_profile.java
-rw-rw-r-- 1 travis travis  3693 Jul  8 01:40 ModularCG_A1_B2.class
-rw-rw-r-- 1 travis travis  9730 Jul  8 01:40 ModularCG_A1_B2.java
-rw-rw-r-- 1 travis travis   832 Jul  8 01:40 ModularCG_A1_B2.mk
-rw-rw-r-- 1 travis travis  1318 Jul  8 01:40 ModularCG_A1_B2_profile.class
-rw-rw-r-- 1 travis travis  1262 Jul  8 01:40 ModularCG_A1_B2_profile.java
-rw-rw-r-- 1 travis travis  4799 Jul  8 01:41 ModularCG_A1.class
-rw-rw-r-- 1 travis travis 14742 Jul  8 01:41 ModularCG_A1.java
-rw-rw-r-- 1 travis travis   808 Jul  8 01:41 ModularCG_A1.mk
-rw-rw-r-- 1 travis travis  1433 Jul  8 01:41 ModularCG_A1_profile.class
-rw-rw-r-- 1 travis travis  1704 Jul  8 01:40 ModularCG_A1_profile.java
-rw-rw-r-- 1 travis travis  3827 Jul  8 01:41 ModularCG_A2_B1.class
-rw-rw-r-- 1 travis travis 10667 Jul  8 01:41 ModularCG_A2_B1.java
-rw-rw-r-- 1 travis travis   832 Jul  8 01:41 ModularCG_A2_B1.mk
-rw-rw-r-- 1 travis travis  1381 Jul  8 01:41 ModularCG_A2_B1_profile.class
-rw-rw-r-- 1 travis travis  1446 Jul  8 01:41 ModularCG_A2_B1_profile.java
-rw-rw-r-- 1 travis travis  3693 Jul  8 01:41 ModularCG_A2_B2.class
-rw-rw-r-- 1 travis travis  9730 Jul  8 01:41 ModularCG_A2_B2.java
-rw-rw-r-- 1 travis travis   832 Jul  8 01:41 ModularCG_A2_B2.mk
-rw-rw-r-- 1 travis travis  1318 Jul  8 01:41 ModularCG_A2_B2_profile.class
-rw-rw-r-- 1 travis travis  1262 Jul  8 01:41 ModularCG_A2_B2_profile.java
-rw-rw-r-- 1 travis travis  4870 Jul  8 01:41 ModularCG_A2.class
-rw-rw-r-- 1 travis travis 15129 Jul  8 01:41 ModularCG_A2.java
-rw-rw-r-- 1 travis travis   808 Jul  8 01:41 ModularCG_A2.mk
-rw-rw-r-- 1 travis travis  1433 Jul  8 01:41 ModularCG_A2_profile.class
-rw-rw-r-- 1 travis travis  1704 Jul  8 01:41 ModularCG_A2_profile.java
-rw-rw-r-- 1 travis travis  3473 Jul  8 01:41 ModularCGPubSub_A1_A2.class
-rw-rw-r-- 1 travis travis  9076 Jul  8 01:41 ModularCGPubSub_A1_A2.java
-rw-rw-r-- 1 travis travis   880 Jul  8 01:41 ModularCGPubSub_A1_A2.mk
-rw-rw-r-- 1 travis travis  1300 Jul  8 01:41 ModularCGPubSub_A1_A2_profile.class
-rw-rw-r-- 1 travis travis  1222 Jul  8 01:41 ModularCGPubSub_A1_A2_profile.java
-rw-rw-r-- 1 travis travis  3790 Jul  8 01:41 ModularCGPubSub_A1.class
-rw-rw-r-- 1 travis travis  9836 Jul  8 01:41 ModularCGPubSub_A1.java
-rw-rw-r-- 1 travis travis   856 Jul  8 01:41 ModularCGPubSub_A1.mk
-rw-rw-r-- 1 travis travis  1346 Jul  8 01:41 ModularCGPubSub_A1_profile.class
-rw-rw-r-- 1 travis travis  1388 Jul  8 01:41 ModularCGPubSub_A1_profile.java
-rw-rw-r-- 1 travis travis  3988 Jul  8 01:41 ModularCodeGen2_ModularCodeGenTypedCompositeActor.class
-rw-rw-r-- 1 travis travis 11690 Jul  8 01:41 ModularCodeGen2_ModularCodeGenTypedCompositeActor.java
-rw-rw-r-- 1 travis travis  1104 Jul  8 01:41 ModularCodeGen2_ModularCodeGenTypedCompositeActor.mk
-rw-rw-r-- 1 travis travis  4272 Jul  8 01:41 ModularCodeGen2_ModularCodeGenTypedCompositeActor_ModularCodeGenTypedCompositeActor.class
-rw-rw-r-- 1 travis travis 11790 Jul  8 01:41 ModularCodeGen2_ModularCodeGenTypedCompositeActor_ModularCodeGenTypedCompositeActor.java
-rw-rw-r-- 1 travis travis  1376 Jul  8 01:41 ModularCodeGen2_ModularCodeGenTypedCompositeActor_ModularCodeGenTypedCompositeActor.mk
-rw-rw-r-- 1 travis travis  1421 Jul  8 01:41 ModularCodeGen2_ModularCodeGenTypedCompositeActor_ModularCodeGenTypedCompositeActor_profile.class
-rw-rw-r-- 1 travis travis  1294 Jul  8 01:41 ModularCodeGen2_ModularCodeGenTypedCompositeActor_ModularCodeGenTypedCompositeActor_profile.java
-rw-rw-r-- 1 travis travis   820 Jul  8 01:41 ModularCodeGen2_ModularCodeGenTypedCompositeActor_profile.class
-rw-rw-r-- 1 travis travis   693 Jul  8 01:41 ModularCodeGen2_ModularCodeGenTypedCompositeActor_profile.java
-rw-rw-r-- 1 travis travis  3741 Jul  8 01:41 ModularCodeGen3_A1_B1.class
-rw-rw-r-- 1 travis travis  9958 Jul  8 01:41 ModularCodeGen3_A1_B1.java
-rw-rw-r-- 1 travis travis   880 Jul  8 01:41 ModularCodeGen3_A1_B1.mk
-rw-rw-r-- 1 travis travis  1330 Jul  8 01:41 ModularCodeGen3_A1_B1_profile.class
-rw-rw-r-- 1 travis travis  1274 Jul  8 01:41 ModularCodeGen3_A1_B1_profile.java
-rw-rw-r-- 1 travis travis  3741 Jul  8 01:41 ModularCodeGen3_A1_B2.class
-rw-rw-r-- 1 travis travis  9958 Jul  8 01:41 ModularCodeGen3_A1_B2.java
-rw-rw-r-- 1 travis travis   880 Jul  8 01:41 ModularCodeGen3_A1_B2.mk
-rw-rw-r-- 1 travis travis  1330 Jul  8 01:41 ModularCodeGen3_A1_B2_profile.class
-rw-rw-r-- 1 travis travis  1274 Jul  8 01:41 ModularCodeGen3_A1_B2_profile.java
-rw-rw-r-- 1 travis travis  4961 Jul  8 01:41 ModularCodeGen3_A1.class
-rw-rw-r-- 1 travis travis 15564 Jul  8 01:41 ModularCodeGen3_A1.java
-rw-rw-r-- 1 travis travis   856 Jul  8 01:41 ModularCodeGen3_A1.mk
-rw-rw-r-- 1 travis travis  1445 Jul  8 01:41 ModularCodeGen3_A1_profile.class
-rw-rw-r-- 1 travis travis  1716 Jul  8 01:41 ModularCodeGen3_A1_profile.java
-rw-rw-r-- 1 travis travis  3887 Jul  8 01:41 ModularCodeGen3_A2_B1.class
-rw-rw-r-- 1 travis travis 10955 Jul  8 01:41 ModularCodeGen3_A2_B1.java
-rw-rw-r-- 1 travis travis   880 Jul  8 01:41 ModularCodeGen3_A2_B1.mk
-rw-rw-r-- 1 travis travis  1393 Jul  8 01:41 ModularCodeGen3_A2_B1_profile.class
-rw-rw-r-- 1 travis travis  1458 Jul  8 01:41 ModularCodeGen3_A2_B1_profile.java
-rw-rw-r-- 1 travis travis  3741 Jul  8 01:41 ModularCodeGen3_A2_B2.class
-rw-rw-r-- 1 travis travis  9958 Jul  8 01:41 ModularCodeGen3_A2_B2.java
-rw-rw-r-- 1 travis travis   880 Jul  8 01:41 ModularCodeGen3_A2_B2.mk
-rw-rw-r-- 1 travis travis  1330 Jul  8 01:41 ModularCodeGen3_A2_B2_profile.class
-rw-rw-r-- 1 travis travis  1274 Jul  8 01:41 ModularCodeGen3_A2_B2_profile.java
-rw-rw-r-- 1 travis travis  5038 Jul  8 01:41 ModularCodeGen3_A2.class
-rw-rw-r-- 1 travis travis 15957 Jul  8 01:41 ModularCodeGen3_A2.java
-rw-rw-r-- 1 travis travis   856 Jul  8 01:41 ModularCodeGen3_A2.mk
-rw-rw-r-- 1 travis travis  1445 Jul  8 01:41 ModularCodeGen3_A2_profile.class
-rw-rw-r-- 1 travis travis  1716 Jul  8 01:41 ModularCodeGen3_A2_profile.java
-rw-rw-r-- 1 travis travis  3794 Jul  8 01:41 ModularCodeGen4_A1_B1.class
-rw-rw-r-- 1 travis travis 10312 Jul  8 01:41 ModularCodeGen4_A1_B1.java
-rw-rw-r-- 1 travis travis   880 Jul  8 01:41 ModularCodeGen4_A1_B1.mk
-rw-rw-r-- 1 travis travis  1330 Jul  8 01:41 ModularCodeGen4_A1_B1_profile.class
-rw-rw-r-- 1 travis travis  1273 Jul  8 01:41 ModularCodeGen4_A1_B1_profile.java
-rw-rw-r-- 1 travis travis  3794 Jul  8 01:41 ModularCodeGen4_A1_B2.class
-rw-rw-r-- 1 travis travis 10312 Jul  8 01:41 ModularCodeGen4_A1_B2.java
-rw-rw-r-- 1 travis travis   880 Jul  8 01:41 ModularCodeGen4_A1_B2.mk
-rw-rw-r-- 1 travis travis  1330 Jul  8 01:41 ModularCodeGen4_A1_B2_profile.class
-rw-rw-r-- 1 travis travis  1273 Jul  8 01:41 ModularCodeGen4_A1_B2_profile.java
-rw-rw-r-- 1 travis travis  5101 Jul  8 01:41 ModularCodeGen4_A1.class
-rw-rw-r-- 1 travis travis 16245 Jul  8 01:41 ModularCodeGen4_A1.java
-rw-rw-r-- 1 travis travis   856 Jul  8 01:41 ModularCodeGen4_A1.mk
-rw-rw-r-- 1 travis travis  1445 Jul  8 01:41 ModularCodeGen4_A1_profile.class
-rw-rw-r-- 1 travis travis  1712 Jul  8 01:41 ModularCodeGen4_A1_profile.java
-rw-rw-r-- 1 travis travis  3988 Jul  8 01:41 ModularCodeGen4_A2_B1.class
-rw-rw-r-- 1 travis travis 11375 Jul  8 01:41 ModularCodeGen4_A2_B1.java
-rw-rw-r-- 1 travis travis   880 Jul  8 01:41 ModularCodeGen4_A2_B1.mk
-rw-rw-r-- 1 travis travis  1393 Jul  8 01:41 ModularCodeGen4_A2_B1_profile.class
-rw-rw-r-- 1 travis travis  1454 Jul  8 01:41 ModularCodeGen4_A2_B1_profile.java
-rw-rw-r-- 1 travis travis  3842 Jul  8 01:41 ModularCodeGen4_A2_B2.class
-rw-rw-r-- 1 travis travis 10378 Jul  8 01:41 ModularCodeGen4_A2_B2.java
-rw-rw-r-- 1 travis travis   880 Jul  8 01:41 ModularCodeGen4_A2_B2.mk
-rw-rw-r-- 1 travis travis  1330 Jul  8 01:41 ModularCodeGen4_A2_B2_profile.class
-rw-rw-r-- 1 travis travis  1270 Jul  8 01:41 ModularCodeGen4_A2_B2_profile.java
-rw-rw-r-- 1 travis travis  5274 Jul  8 01:41 ModularCodeGen4_A2.class
-rw-rw-r-- 1 travis travis 16770 Jul  8 01:41 ModularCodeGen4_A2.java
-rw-rw-r-- 1 travis travis   856 Jul  8 01:41 ModularCodeGen4_A2.mk
-rw-rw-r-- 1 travis travis  1445 Jul  8 01:41 ModularCodeGen4_A2_profile.class
-rw-rw-r-- 1 travis travis  1712 Jul  8 01:41 ModularCodeGen4_A2_profile.java
-rw-rw-r-- 1 travis travis  6838 Jul  8 01:41 ModularCodeGen5_A_A.class
-rw-rw-r-- 1 travis travis 28721 Jul  8 01:41 ModularCodeGen5_A_A.java
-rw-rw-r-- 1 travis travis   864 Jul  8 01:41 ModularCodeGen5_A_A.mk
-rw-rw-r-- 1 travis travis  1520 Jul  8 01:41 ModularCodeGen5_A_A_profile.class
-rw-rw-r-- 1 travis travis  1815 Jul  8 01:41 ModularCodeGen5_A_A_profile.java
-rw-rw-r-- 1 travis travis  5115 Jul  8 01:41 ModularCodeGen5_A.class
-rw-rw-r-- 1 travis travis 13769 Jul  8 01:41 ModularCodeGen5_A.java
-rw-rw-r-- 1 travis travis   848 Jul  8 01:41 ModularCodeGen5_A.mk
-rw-rw-r-- 1 travis travis  1422 Jul  8 01:41 ModularCodeGen5_A_profile.class
-rw-rw-r-- 1 travis travis  1605 Jul  8 01:41 ModularCodeGen5_A_profile.java
-rw-rw-r-- 1 travis travis  4125 Jul  8 01:41 ModularCodeGen6_A_A2.class
-rw-rw-r-- 1 travis travis 11329 Jul  8 01:41 ModularCodeGen6_A_A2.java
-rw-rw-r-- 1 travis travis   872 Jul  8 01:41 ModularCodeGen6_A_A2.mk
-rw-rw-r-- 1 travis travis  1351 Jul  8 01:41 ModularCodeGen6_A_A2_profile.class
-rw-rw-r-- 1 travis travis  1364 Jul  8 01:41 ModularCodeGen6_A_A2_profile.java
-rw-rw-r-- 1 travis travis  4108 Jul  8 01:41 ModularCodeGen6_A_A.class
-rw-rw-r-- 1 travis travis 11221 Jul  8 01:41 ModularCodeGen6_A_A.java
-rw-rw-r-- 1 travis travis   864 Jul  8 01:41 ModularCodeGen6_A_A.mk
-rw-rw-r-- 1 travis travis  1348 Jul  8 01:41 ModularCodeGen6_A_A_profile.class
-rw-rw-r-- 1 travis travis  1361 Jul  8 01:41 ModularCodeGen6_A_A_profile.java
-rw-rw-r-- 1 travis travis  7237 Jul  8 01:42 ModularCodeGen6_A.class
-rw-rw-r-- 1 travis travis 26535 Jul  8 01:41 ModularCodeGen6_A.java
-rw-rw-r-- 1 travis travis   848 Jul  8 01:41 ModularCodeGen6_A.mk
-rw-rw-r-- 1 travis travis  1483 Jul  8 01:41 ModularCodeGen6_A_profile.class
-rw-rw-r-- 1 travis travis  1810 Jul  8 01:41 ModularCodeGen6_A_profile.java
-rw-rw-r-- 1 travis travis  9439 Jul  8 01:42 ModularCodeGenLazyPubSubGlobal_CompositeActor_ModularCodeGenTypedComposite.class
-rw-rw-r-- 1 travis travis 30161 Jul  8 01:42 ModularCodeGenLazyPubSubGlobal_CompositeActor_ModularCodeGenTypedComposite.java
-rw-rw-r-- 1 travis travis  1304 Jul  8 01:42 ModularCodeGenLazyPubSubGlobal_CompositeActor_ModularCodeGenTypedComposite.mk
-rw-rw-r-- 1 travis travis  1438 Jul  8 01:42 ModularCodeGenLazyPubSubGlobal_CompositeActor_ModularCodeGenTypedComposite_profile.class
-rw-rw-r-- 1 travis travis  1384 Jul  8 01:42 ModularCodeGenLazyPubSubGlobal_CompositeActor_ModularCodeGenTypedComposite_profile.java
-rw-rw-r-- 1 travis travis  3952 Jul  8 01:42 ModularCodeGenLazyPubSub_LazyCompositeActor.class
-rw-rw-r-- 1 travis travis 11122 Jul  8 01:42 ModularCodeGenLazyPubSub_LazyCompositeActor.java
-rw-rw-r-- 1 travis travis  1056 Jul  8 01:42 ModularCodeGenLazyPubSub_LazyCompositeActor.mk
-rw-rw-r-- 1 travis travis  1286 Jul  8 01:42 ModularCodeGenLazyPubSub_LazyCompositeActor_profile.class
-rw-rw-r-- 1 travis travis  1091 Jul  8 01:42 ModularCodeGenLazyPubSub_LazyCompositeActor_profile.java
-rw-rw-r-- 1 travis travis  3954 Jul  8 01:41 ModularCodeGen_ModularCodeGenTypedCompositeActor.class
-rw-rw-r-- 1 travis travis 10970 Jul  8 01:41 ModularCodeGen_ModularCodeGenTypedCompositeActor.java
-rw-rw-r-- 1 travis travis  1096 Jul  8 01:41 ModularCodeGen_ModularCodeGenTypedCompositeActor.mk
-rw-rw-r-- 1 travis travis  1384 Jul  8 01:41 ModularCodeGen_ModularCodeGenTypedCompositeActor_profile.class
-rw-rw-r-- 1 travis travis  1328 Jul  8 01:41 ModularCodeGen_ModularCodeGenTypedCompositeActor_profile.java
-rw-rw-r-- 1 travis travis  3441 Jul  8 01:42 ModularCodeGenPubSub2_A1_A.class
-rw-rw-r-- 1 travis travis  8578 Jul  8 01:42 ModularCodeGenPubSub2_A1_A.java
-rw-rw-r-- 1 travis travis   920 Jul  8 01:42 ModularCodeGenPubSub2_A1_A.mk
-rw-rw-r-- 1 travis travis  1274 Jul  8 01:42 ModularCodeGenPubSub2_A1_A_profile.class
-rw-rw-r-- 1 travis travis  1128 Jul  8 01:42 ModularCodeGenPubSub2_A1_A_profile.java
-rw-rw-r-- 1 travis travis  3733 Jul  8 01:42 ModularCodeGenPubSub2_A1.class
-rw-rw-r-- 1 travis travis  9781 Jul  8 01:42 ModularCodeGenPubSub2_A1.java
-rw-rw-r-- 1 travis travis   904 Jul  8 01:42 ModularCodeGenPubSub2_A1.mk
-rw-rw-r-- 1 travis travis  1268 Jul  8 01:42 ModularCodeGenPubSub2_A1_profile.class
-rw-rw-r-- 1 travis travis  1196 Jul  8 01:42 ModularCodeGenPubSub2_A1_profile.java
-rw-rw-r-- 1 travis travis  3437 Jul  8 01:42 ModularCodeGenPubSub3_A1_A2.class
-rw-rw-r-- 1 travis travis  8599 Jul  8 01:42 ModularCodeGenPubSub3_A1_A2.java
-rw-rw-r-- 1 travis travis   928 Jul  8 01:42 ModularCodeGenPubSub3_A1_A2.mk
-rw-rw-r-- 1 travis travis  1287 Jul  8 01:42 ModularCodeGenPubSub3_A1_A2_profile.class
-rw-rw-r-- 1 travis travis  1132 Jul  8 01:42 ModularCodeGenPubSub3_A1_A2_profile.java
-rw-rw-r-- 1 travis travis  3856 Jul  8 01:42 ModularCodeGenPubSub3_A1.class
-rw-rw-r-- 1 travis travis 10100 Jul  8 01:42 ModularCodeGenPubSub3_A1.java
-rw-rw-r-- 1 travis travis   904 Jul  8 01:42 ModularCodeGenPubSub3_A1.mk
-rw-rw-r-- 1 travis travis  1358 Jul  8 01:42 ModularCodeGenPubSub3_A1_profile.class
-rw-rw-r-- 1 travis travis  1400 Jul  8 01:42 ModularCodeGenPubSub3_A1_profile.java
-rw-rw-r-- 1 travis travis  3441 Jul  8 01:42 ModularCodeGenPubSub4_A1_A.class
-rw-rw-r-- 1 travis travis  8578 Jul  8 01:42 ModularCodeGenPubSub4_A1_A.java
-rw-rw-r-- 1 travis travis   920 Jul  8 01:42 ModularCodeGenPubSub4_A1_A.mk
-rw-rw-r-- 1 travis travis  1274 Jul  8 01:42 ModularCodeGenPubSub4_A1_A_profile.class
-rw-rw-r-- 1 travis travis  1128 Jul  8 01:42 ModularCodeGenPubSub4_A1_A_profile.java
-rw-rw-r-- 1 travis travis  1137 Jul  8 01:42 ModularCodeGenPubSub4_A1_profile.java
-rw-rw-r-- 1 travis travis  3475 Jul  8 01:42 ModularCodeGenPubSub_A1.class
-rw-rw-r-- 1 travis travis  9060 Jul  8 01:42 ModularCodeGenPubSub_A1.java
-rw-rw-r-- 1 travis travis   896 Jul  8 01:42 ModularCodeGenPubSub_A1.mk
-rw-rw-r-- 1 travis travis  1278 Jul  8 01:42 ModularCodeGenPubSub_A1_profile.class
-rw-rw-r-- 1 travis travis  1195 Jul  8 01:42 ModularCodeGenPubSub_A1_profile.java
-rw-rw-r-- 1 travis travis  3492 Jul  8 01:40 ModularCodeGenTest_A1_A2.class
-rw-rw-r-- 1 travis travis  9164 Jul  8 01:40 ModularCodeGenTest_A1_A2.java
-rw-rw-r-- 1 travis travis   904 Jul  8 01:40 ModularCodeGenTest_A1_A2.mk
-rw-rw-r-- 1 travis travis  1306 Jul  8 01:40 ModularCodeGenTest_A1_A2_profile.class
-rw-rw-r-- 1 travis travis  1228 Jul  8 01:40 ModularCodeGenTest_A1_A2_profile.java
-rw-rw-r-- 1 travis travis  3823 Jul  8 01:40 ModularCodeGenTest_A1.class
-rw-rw-r-- 1 travis travis  9968 Jul  8 01:40 ModularCodeGenTest_A1.java
-rw-rw-r-- 1 travis travis   880 Jul  8 01:40 ModularCodeGenTest_A1.mk
-rw-rw-r-- 1 travis travis  1352 Jul  8 01:40 ModularCodeGenTest_A1_profile.class
-rw-rw-r-- 1 travis travis  1394 Jul  8 01:40 ModularCodeGenTest_A1_profile.java
-rw-rw-r-- 1 travis travis   432 Jul  8 01:42 Token.class
-rw-rw-r-- 1 travis travis   251 Jul  8 01:42 Token.java
warning: Supported source version 'RELEASE_6' from annotation processor 'org.netbeans.modules.openide.util.NbBundleProcessor' less than -source '1.8'
warning: Supported source version 'RELEASE_6' from annotation processor 'org.netbeans.modules.openide.util.URLStreamHandlerRegistrationProcessor' less than -source '1.8'
warning: Supported source version 'RELEASE_6' from annotation processor 'org.netbeans.modules.openide.util.ServiceProviderProcessor' less than -source '1.8'
3 warnings
All Done
Writing ModularCodeGenPubSub4_A1.java in file:/home/travis/cg/ (9231 characters)
Reading "ptolemy/cg/kernel/generic/program/procedural/java/modular/makefile.in",
    writing "/home/travis/cg/ModularCodeGenPubSub4_A1.mk"
Using ptolemy/cg/kernel/generic/program/procedural/java/modular/makefile.in
In "/home/travis/cg", about to execute:
    make -f ModularCodeGenPubSub4_A1.mk
javac -classpath ".:.."    ModularCodeGenPubSub4_A1.java
All Done
4443 ms. Memory: 434176K Free: 228854K (53%)
----------------- Invoking toplevel() on ptolemy.moml.MoMLSimpleApplication@52a2631b
----------------- Done invoking toplevel() on ptolemy.moml.MoMLSimpleApplication@52a2631b
reloadAllAccessors: .ModularCodeGenPubSub4

===========================================================================================
----------------- testing Sun Jul 08 01:42:21 UTC 2018 /home/travis/build/icyphy/ptII/ptolemy/cg/lib/test/auto/PubSubAggLazy.xml
----------------- Instantiating /home/travis/build/icyphy/ptII/ptolemy/cg/lib/test/auto/PubSubAggLazy.xml
8 ms. Memory: 434176K Free: 221438K (51%)
----------------- Invoking toplevel() on ptolemy.moml.MoMLSimpleApplication@644ebdc9
----------------- Done invoking toplevel() on ptolemy.moml.MoMLSimpleApplication@644ebdc9
reloadAllAccessors: .PubSubAggLazy

===========================================================================================
----------------- testing Sun Jul 08 01:42:21 UTC 2018 /home/travis/build/icyphy/ptII/ptolemy/cg/lib/test/auto/PubSubAggModularCodeGen.xml
----------------- Instantiating /home/travis/build/icyphy/ptII/ptolemy/cg/lib/test/auto/PubSubAggModularCodeGen.xml
In "/home/travis/cg", about to execute:
    pwd
In "/home/travis/cg", about to execute:
    ls -l
/home/travis/cg
In "/home/travis/cg", about to execute:
    javac -classpath
.:/home/travis/build/icyphy/ptII:/home/travis/build/icyphy/ptII/lib/bsh-2.0b4.j
ar:/home/travis/build/icyphy/ptII/lib/ptCal.jar:/home/travis/build/icyphy/ptII/
lib/java_cup.jar:/home/travis/build/icyphy/ptII/lib/saxon8.jar:/home/travis/bui
ld/icyphy/ptII/lib/saxon8-dom.jar:/home/travis/build/icyphy/ptII/lib/chic.jar:/
home/travis/build/icyphy/ptII/lib/ptcolt.jar:/usr/lib/jvm/java-8-oracle/lib/too
ls.jar:/usr/lib/eclipse/plugins/org.eclipse.jdt.core_3.8.2.dist.jar:/usr/lib/ec
lipse/plugins/org.eclipse.core.runtime_3.8.0.dist.jar:/usr/lib/eclipse/plugins/
org.eclipse.osgi_3.8.1.dist.jar:/usr/lib/eclipse/plugins/org.eclipse.core.resou
rces_3.8.1.dist.jar:/usr/lib/eclipse/plugins/org.eclipse.equinox.common_3.6.100
.dist.jar:/usr/lib/eclipse/plugins/org.eclipse.core.jobs_3.5.200.dist.jar:/usr/
lib/eclipse/plugins/org.eclipse.core.contenttype_3.4.200.dist.jar:/usr/lib/ecli
pse/plugins/org.eclipse.equinox.preferences_3.5.0.dist.jar:/usr/lib/eclipse/plu
gins/org.eclipse.text_3.5.200.dist.jar:/usr/lib/eclipse/plugins/org.eclipse.ui.
workbench_3.8.1.dist.jar:/usr/lib/eclipse/plugins/org.eclipse.jface_3.8.0.dist.
jar:/usr/lib/eclipse/plugins/org.eclipse.swt_3.8.2.jar:/usr/lib/eclipse/plugins
/org.eclipse.jface.text_3.8.1.dist.jar:/usr/lib/eclipse/plugins/org.eclipse.ui.
workbench.texteditor_3.8.0.dist.jar:/usr/lib/eclipse/plugins/org.eclipse.ui.edi
tors_3.8.0.dist.jar:/usr/lib/eclipse/plugins/org.eclipse.core.commands_3.6.1.di
st.jar:/usr/lib/eclipse/plugins/org.eclipse.equinox.registry_3.5.200.dist.jar:/
usr/lib/eclipse/plugins/org.eclipse.ui.console_3.5.100.dist.jar:/usr/lib/eclips
e/plugins/org.eclipse.ui.forms_3.5.200.dist.jar:/usr/lib/eclipse/plugins/org.ec
lipse.ui.ide_3.8.1.dist.jar:/home/travis/build/icyphy/ptII/vendors/oracle/dbxml
.jar:/home/travis/build/icyphy/ptII/vendors/oracle/db.jar:/home/travis/build/ic
yphy/ptII/vendors/misc/itext/iText.jar:/home/travis/build/icyphy/ptII/lib/g4ltl
.jar:/home/travis/build/icyphy/ptII/lib/StructuralCoder.jar:/home/travis/build/
icyphy/ptII/lib/org-openide-util.jar:/home/travis/build/icyphy/ptII/lib/org-ope
nide-util-lookup.jar:/home/travis/build/icyphy/ptII/lib/org-netbeans-api-visual
.jar:/home/travis/build/icyphy/ptII/vendors/jai-1_1_2_01/lib/jai_core.jar:/home
/travis/build/icyphy/ptII/vendors/jai-1_1_2_01/lib/jai_codec.jar:/home/travis/b
uild/icyphy/ptII/lib/jcerti.jar:/home/travis/build/icyphy/ptII/lib/smack.jar:/h
ome/travis/build/icyphy/ptII/lib/smackx.jar:/home/travis/build/icyphy/ptII/lib/
jetty-all-8.1.5-v20120716.jar:/home/travis/build/icyphy/ptII/lib/javax.servlet-
api-3.0.1.jar:/home/travis/build/icyphy/ptII/lib/javax.mail.jar:/home/travis/bu
ild/icyphy/ptII/vendors/JMF-2.1.1e/lib/jmf.jar:/home/travis/build/icyphy/ptII/l
ib/jna-4.0.0-variadic.jar:/home/travis/build/icyphy/ptII/vendors/misc/joystick/
Joystick.jar:/home/travis/build/icyphy/ptII/lib/ptjacl.jar:/home/travis/build/i
cyphy/ptII/lib/jsoup-1.8.2.jar:/home/travis/build/icyphy/ptII/lib/junit-4.8.2.j
ar:/home/travis/build/icyphy/ptII/lib/JUnitParams-0.4.0.jar:/home/travis/build/
icyphy/ptII/ptolemy/actor/lib/excel/jxl.jar:/home/travis/build/icyphy/ptII/lib/
jython.jar:/home/travis/build/icyphy/ptII/lib/kieler.jar:/home/travis/build/icy
phy/ptII/vendors/opencv/share/OpenCV/java/opencv-341.jar:/home/travis/build/icy
phy/ptII/lib/oscP5.jar:/home/travis/build/icyphy/ptII/lib/nrjavaserial-3.11.0.d
evel.jar:/home/travis/build/icyphy/ptII/vendors/j3d/lib/j3dcore.jar:/home/travi
s/build/icyphy/ptII/vendors/j3d/lib/j3dutils.jar:/home/travis/build/icyphy/ptII
/vendors/j3d/lib/vecmath.jar:/home/travis/build/icyphy/ptII/ptolemy/distributed
/jini/jar/jini-core.jar:/home/travis/build/icyphy/ptII/ptolemy/distributed/jini
/jar/jini-ext.jar:/home/travis/build/icyphy/ptII/ptolemy/distributed/jini/jar/s
un-util.jar:/home/travis/build/icyphy/ptII/lib/protobuf-java-2.4.1.jar:/home/tr
avis/build/icyphy/ptII/lib/org.eclipse.paho.client.mqttv3.jar:/home/travis/buil
d/icyphy/ptII/ptserver/lib/hessian-4.0.7.jar:/home/travis/build/icyphy/ptII/pts
erver/lib/wmqtt.jar:/home/travis/build/icyphy/ptII/lib/mapss.jar:/home/travis/b
uild/icyphy/ptII/ptolemy/actor/ptalon/antlr/antlr.jar:/home/travis/build/icyphy
/ptII/lib/JRI.jar:/home/travis/build/icyphy/ptII/lib/commons-lang-2.6.jar:/home
/travis/build/icyphy/ptII/lib/commons-logging-1.1.1.jar:/home/travis/build/icyp
hy/ptII/lib/sootclasses.jar:/home/travis/build/icyphy/ptII/ptolemy/actor/lib/da
tabase/mysql-connector-java-5.1.6-bin.jar:/home/travis/build/icyphy/ptII/vendor
s/misc/sphinx4/sphinx4-data-5prealpha.jar:/home/travis/build/icyphy/ptII/vendor
s/misc/sphinx4/sphinx4-core-5prealpha.jar:/home/travis/build/icyphy/ptII/lib/PD
FRenderer.jar:/home/travis/build/icyphy/ptII/lib/svgSalamander.jar:/home/travis
/build/icyphy/ptII/lib/rsyntaxtextarea-2.6.0-SNAPSHOT.jar:/home/travis/build/ic
yphy/ptII/lib/hazelcast-3.8.2.jar:/home/travis/build/icyphy/ptII/lib/jackson-an
notations-2.9.0.jar:/home/travis/build/icyphy/ptII/lib/jackson-core-2.9.3.jar:/
home/travis/build/icyphy/ptII/lib/jackson-databind-2.9.3.jar:/home/travis/build
/icyphy/ptII/lib/netty-buffer-4.1.19.Final.jar:/home/travis/build/icyphy/ptII/l
ib/netty-codec-4.1.19.Final.jar:/home/travis/build/icyphy/ptII/lib/netty-codec-
dns-4.1.19.Final.jar:/home/travis/build/icyphy/ptII/lib/netty-codec-http-4.1.19
.Final.jar:/home/travis/build/icyphy/ptII/lib/netty-codec-http2-4.1.19.Final.ja
r:/home/travis/build/icyphy/ptII/lib/netty-common-4.1.19.Final.jar:/home/travis
/build/icyphy/ptII/lib/netty-handler-4.1.19.Final.jar:/home/travis/build/icyphy
/ptII/lib/netty-resolver-4.1.19.Final.jar:/home/travis/build/icyphy/ptII/lib/ne
tty-resolver-dns-4.1.19.Final.jar:/home/travis/build/icyphy/ptII/lib/netty-tran
sport-4.1.19.Final.jar:/home/travis/build/icyphy/ptII/lib/vertx-codegen-3.5.1.j
ar:/home/travis/build/icyphy/ptII/lib/vertx-core-3.5.2-SNAPSHOT.jar:/home/travi
s/build/icyphy/ptII/lib/vertx-hazelcast-3.5.1.jar:/home/travis/build/icyphy/ptI
I/lib/vertx-lang-js-3.5.1.jar:/home/travis/build/icyphy/ptII/lib/vertx-service-
proxy-3.5.1.jar:/home/travis/build/icyphy/ptII/lib/vertx-web-3.5.1.jar:/home/tr
avis/build/icyphy/ptII/lib/slf4j-api-1.7.13.jar:/home/travis/build/icyphy/ptII/
lib/slf4j-simple-1.7.13.jar:/home/travis/build/icyphy/ptII/lib/webcam-capture-0
.3.12.jar:/home/travis/build/icyphy/ptII/lib/bridj-0.7.0.jar:/home/travis/build
/icyphy/ptII/lib/xbjlib-1.1.0.nrjavaserial.jar:/home/travis/build/icyphy/ptII/p
tolemy/moml/test:/home/travis/build/icyphy/ptII/ant/lib/ant-launcher.jar:/home/
travis/build/icyphy/ptII/ant/lib/ant.jar:/home/travis/build/icyphy/ptII/ant/lib
/ant-junit.jar:/home/travis/build/icyphy/ptII/ant/lib/ant-junit4.jar:/home/trav
is/build/icyphy/ptII
PubSubAggModularCodeGen_ModularCodeGenTypedComposite_profile.java
total 1404
-rw-rw-r-- 1 travis travis   233 Jul  8 01:42 Array.class
-rw-rw-r-- 1 travis travis   459 Jul  8 01:42 Array.java
-rw-rw-r-- 1 travis travis  4895 Jul  8 01:40 CompiledCompositeActor_CompiledCompositeActor.class
-rw-rw-r-- 1 travis travis  1592 Jul  8 01:40 CompiledCompositeActor_CompiledCompositeActor$_CompiledCompositeActor_CompiledCompositeActor.class
-rw-rw-r-- 1 travis travis 13466 Jul  8 01:40 CompiledCompositeActor_CompiledCompositeActor.java
-rw-rw-r-- 1 travis travis  1593 Jul  8 01:40 CompiledCompositeActor_CompiledCompositeActor.mk
-rw-rw-r-- 1 travis travis  4457 Jul  8 01:40 JavaCompiledCompositeTest1_CompiledCompositeActor.class
-rw-rw-r-- 1 travis travis 11637 Jul  8 01:40 JavaCompiledCompositeTest1_CompiledCompositeActor.java
-rw-rw-r-- 1 travis travis  1198 Jul  8 01:40 JavaCompiledCompositeTest1_CompiledCompositeActor$_JavaCompiledCompositeTest1_CompiledCompositeActor.class
-rw-rw-r-- 1 travis travis  1625 Jul  8 01:40 JavaCompiledCompositeTest1_CompiledCompositeActor.mk
-rw-rw-r-- 1 travis travis  4888 Jul  8 01:40 JavaCompiledCompositeTest2_CompiledCompositeActor.class
-rw-rw-r-- 1 travis travis 14919 Jul  8 01:40 JavaCompiledCompositeTest2_CompiledCompositeActor.java
-rw-rw-r-- 1 travis travis  1793 Jul  8 01:40 JavaCompiledCompositeTest2_CompiledCompositeActor$_JavaCompiledCompositeTest2_CompiledCompositeActor.class
-rw-rw-r-- 1 travis travis  1625 Jul  8 01:40 JavaCompiledCompositeTest2_CompiledCompositeActor.mk
-rw-rw-r-- 1 travis travis  4505 Jul  8 01:40 JavaCompiledCompositeTest3_CompiledCompositeActor.class
-rw-rw-r-- 1 travis travis 13080 Jul  8 01:40 JavaCompiledCompositeTest3_CompiledCompositeActor.java
-rw-rw-r-- 1 travis travis  1378 Jul  8 01:40 JavaCompiledCompositeTest3_CompiledCompositeActor$_JavaCompiledCompositeTest3_CompiledCompositeActor.class
-rw-rw-r-- 1 travis travis  1625 Jul  8 01:40 JavaCompiledCompositeTest3_CompiledCompositeActor.mk
-rw-rw-r-- 1 travis travis  3953 Jul  8 01:40 JavaCompiledCompositeTest4_CompiledCompositeActor.class
-rw-rw-r-- 1 travis travis  9687 Jul  8 01:40 JavaCompiledCompositeTest4_CompiledCompositeActor.java
-rw-rw-r-- 1 travis travis   857 Jul  8 01:40 JavaCompiledCompositeTest4_CompiledCompositeActor$_JavaCompiledCompositeTest4_CompiledCompositeActor.class
-rw-rw-r-- 1 travis travis  1625 Jul  8 01:40 JavaCompiledCompositeTest4_CompiledCompositeActor.mk
-rw-rw-r-- 1 travis travis  3693 Jul  8 01:40 ModularCG_A1_B1.class
-rw-rw-r-- 1 travis travis  9730 Jul  8 01:40 ModularCG_A1_B1.java
-rw-rw-r-- 1 travis travis   832 Jul  8 01:40 ModularCG_A1_B1.mk
-rw-rw-r-- 1 travis travis  1318 Jul  8 01:40 ModularCG_A1_B1_profile.class
-rw-rw-r-- 1 travis travis  1262 Jul  8 01:40 ModularCG_A1_B1_profile.java
-rw-rw-r-- 1 travis travis  3693 Jul  8 01:40 ModularCG_A1_B2.class
-rw-rw-r-- 1 travis travis  9730 Jul  8 01:40 ModularCG_A1_B2.java
-rw-rw-r-- 1 travis travis   832 Jul  8 01:40 ModularCG_A1_B2.mk
-rw-rw-r-- 1 travis travis  1318 Jul  8 01:40 ModularCG_A1_B2_profile.class
-rw-rw-r-- 1 travis travis  1262 Jul  8 01:40 ModularCG_A1_B2_profile.java
-rw-rw-r-- 1 travis travis  4799 Jul  8 01:41 ModularCG_A1.class
-rw-rw-r-- 1 travis travis 14742 Jul  8 01:41 ModularCG_A1.java
-rw-rw-r-- 1 travis travis   808 Jul  8 01:41 ModularCG_A1.mk
-rw-rw-r-- 1 travis travis  1433 Jul  8 01:41 ModularCG_A1_profile.class
-rw-rw-r-- 1 travis travis  1704 Jul  8 01:40 ModularCG_A1_profile.java
-rw-rw-r-- 1 travis travis  3827 Jul  8 01:41 ModularCG_A2_B1.class
-rw-rw-r-- 1 travis travis 10667 Jul  8 01:41 ModularCG_A2_B1.java
-rw-rw-r-- 1 travis travis   832 Jul  8 01:41 ModularCG_A2_B1.mk
-rw-rw-r-- 1 travis travis  1381 Jul  8 01:41 ModularCG_A2_B1_profile.class
-rw-rw-r-- 1 travis travis  1446 Jul  8 01:41 ModularCG_A2_B1_profile.java
-rw-rw-r-- 1 travis travis  3693 Jul  8 01:41 ModularCG_A2_B2.class
-rw-rw-r-- 1 travis travis  9730 Jul  8 01:41 ModularCG_A2_B2.java
-rw-rw-r-- 1 travis travis   832 Jul  8 01:41 ModularCG_A2_B2.mk
-rw-rw-r-- 1 travis travis  1318 Jul  8 01:41 ModularCG_A2_B2_profile.class
-rw-rw-r-- 1 travis travis  1262 Jul  8 01:41 ModularCG_A2_B2_profile.java
-rw-rw-r-- 1 travis travis  4870 Jul  8 01:41 ModularCG_A2.class
-rw-rw-r-- 1 travis travis 15129 Jul  8 01:41 ModularCG_A2.java
-rw-rw-r-- 1 travis travis   808 Jul  8 01:41 ModularCG_A2.mk
-rw-rw-r-- 1 travis travis  1433 Jul  8 01:41 ModularCG_A2_profile.class
-rw-rw-r-- 1 travis travis  1704 Jul  8 01:41 ModularCG_A2_profile.java
-rw-rw-r-- 1 travis travis  3473 Jul  8 01:41 ModularCGPubSub_A1_A2.class
-rw-rw-r-- 1 travis travis  9076 Jul  8 01:41 ModularCGPubSub_A1_A2.java
-rw-rw-r-- 1 travis travis   880 Jul  8 01:41 ModularCGPubSub_A1_A2.mk
-rw-rw-r-- 1 travis travis  1300 Jul  8 01:41 ModularCGPubSub_A1_A2_profile.class
-rw-rw-r-- 1 travis travis  1222 Jul  8 01:41 ModularCGPubSub_A1_A2_profile.java
-rw-rw-r-- 1 travis travis  3790 Jul  8 01:41 ModularCGPubSub_A1.class
-rw-rw-r-- 1 travis travis  9836 Jul  8 01:41 ModularCGPubSub_A1.java
-rw-rw-r-- 1 travis travis   856 Jul  8 01:41 ModularCGPubSub_A1.mk
-rw-rw-r-- 1 travis travis  1346 Jul  8 01:41 ModularCGPubSub_A1_profile.class
-rw-rw-r-- 1 travis travis  1388 Jul  8 01:41 ModularCGPubSub_A1_profile.java
-rw-rw-r-- 1 travis travis  3988 Jul  8 01:41 ModularCodeGen2_ModularCodeGenTypedCompositeActor.class
-rw-rw-r-- 1 travis travis 11690 Jul  8 01:41 ModularCodeGen2_ModularCodeGenTypedCompositeActor.java
-rw-rw-r-- 1 travis travis  1104 Jul  8 01:41 ModularCodeGen2_ModularCodeGenTypedCompositeActor.mk
-rw-rw-r-- 1 travis travis  4272 Jul  8 01:41 ModularCodeGen2_ModularCodeGenTypedCompositeActor_ModularCodeGenTypedCompositeActor.class
-rw-rw-r-- 1 travis travis 11790 Jul  8 01:41 ModularCodeGen2_ModularCodeGenTypedCompositeActor_ModularCodeGenTypedCompositeActor.java
-rw-rw-r-- 1 travis travis  1376 Jul  8 01:41 ModularCodeGen2_ModularCodeGenTypedCompositeActor_ModularCodeGenTypedCompositeActor.mk
-rw-rw-r-- 1 travis travis  1421 Jul  8 01:41 ModularCodeGen2_ModularCodeGenTypedCompositeActor_ModularCodeGenTypedCompositeActor_profile.class
-rw-rw-r-- 1 travis travis  1294 Jul  8 01:41 ModularCodeGen2_ModularCodeGenTypedCompositeActor_ModularCodeGenTypedCompositeActor_profile.java
-rw-rw-r-- 1 travis travis   820 Jul  8 01:41 ModularCodeGen2_ModularCodeGenTypedCompositeActor_profile.class
-rw-rw-r-- 1 travis travis   693 Jul  8 01:41 ModularCodeGen2_ModularCodeGenTypedCompositeActor_profile.java
-rw-rw-r-- 1 travis travis  3741 Jul  8 01:41 ModularCodeGen3_A1_B1.class
-rw-rw-r-- 1 travis travis  9958 Jul  8 01:41 ModularCodeGen3_A1_B1.java
-rw-rw-r-- 1 travis travis   880 Jul  8 01:41 ModularCodeGen3_A1_B1.mk
-rw-rw-r-- 1 travis travis  1330 Jul  8 01:41 ModularCodeGen3_A1_B1_profile.class
-rw-rw-r-- 1 travis travis  1274 Jul  8 01:41 ModularCodeGen3_A1_B1_profile.java
-rw-rw-r-- 1 travis travis  3741 Jul  8 01:41 ModularCodeGen3_A1_B2.class
-rw-rw-r-- 1 travis travis  9958 Jul  8 01:41 ModularCodeGen3_A1_B2.java
-rw-rw-r-- 1 travis travis   880 Jul  8 01:41 ModularCodeGen3_A1_B2.mk
-rw-rw-r-- 1 travis travis  1330 Jul  8 01:41 ModularCodeGen3_A1_B2_profile.class
-rw-rw-r-- 1 travis travis  1274 Jul  8 01:41 ModularCodeGen3_A1_B2_profile.java
-rw-rw-r-- 1 travis travis  4961 Jul  8 01:41 ModularCodeGen3_A1.class
-rw-rw-r-- 1 travis travis 15564 Jul  8 01:41 ModularCodeGen3_A1.java
-rw-rw-r-- 1 travis travis   856 Jul  8 01:41 ModularCodeGen3_A1.mk
-rw-rw-r-- 1 travis travis  1445 Jul  8 01:41 ModularCodeGen3_A1_profile.class
-rw-rw-r-- 1 travis travis  1716 Jul  8 01:41 ModularCodeGen3_A1_profile.java
-rw-rw-r-- 1 travis travis  3887 Jul  8 01:41 ModularCodeGen3_A2_B1.class
-rw-rw-r-- 1 travis travis 10955 Jul  8 01:41 ModularCodeGen3_A2_B1.java
-rw-rw-r-- 1 travis travis   880 Jul  8 01:41 ModularCodeGen3_A2_B1.mk
-rw-rw-r-- 1 travis travis  1393 Jul  8 01:41 ModularCodeGen3_A2_B1_profile.class
-rw-rw-r-- 1 travis travis  1458 Jul  8 01:41 ModularCodeGen3_A2_B1_profile.java
-rw-rw-r-- 1 travis travis  3741 Jul  8 01:41 ModularCodeGen3_A2_B2.class
-rw-rw-r-- 1 travis travis  9958 Jul  8 01:41 ModularCodeGen3_A2_B2.java
-rw-rw-r-- 1 travis travis   880 Jul  8 01:41 ModularCodeGen3_A2_B2.mk
-rw-rw-r-- 1 travis travis  1330 Jul  8 01:41 ModularCodeGen3_A2_B2_profile.class
-rw-rw-r-- 1 travis travis  1274 Jul  8 01:41 ModularCodeGen3_A2_B2_profile.java
-rw-rw-r-- 1 travis travis  5038 Jul  8 01:41 ModularCodeGen3_A2.class
-rw-rw-r-- 1 travis travis 15957 Jul  8 01:41 ModularCodeGen3_A2.java
-rw-rw-r-- 1 travis travis   856 Jul  8 01:41 ModularCodeGen3_A2.mk
-rw-rw-r-- 1 travis travis  1445 Jul  8 01:41 ModularCodeGen3_A2_profile.class
-rw-rw-r-- 1 travis travis  1716 Jul  8 01:41 ModularCodeGen3_A2_profile.java
-rw-rw-r-- 1 travis travis  3794 Jul  8 01:41 ModularCodeGen4_A1_B1.class
-rw-rw-r-- 1 travis travis 10312 Jul  8 01:41 ModularCodeGen4_A1_B1.java
-rw-rw-r-- 1 travis travis   880 Jul  8 01:41 ModularCodeGen4_A1_B1.mk
-rw-rw-r-- 1 travis travis  1330 Jul  8 01:41 ModularCodeGen4_A1_B1_profile.class
-rw-rw-r-- 1 travis travis  1273 Jul  8 01:41 ModularCodeGen4_A1_B1_profile.java
-rw-rw-r-- 1 travis travis  3794 Jul  8 01:41 ModularCodeGen4_A1_B2.class
-rw-rw-r-- 1 travis travis 10312 Jul  8 01:41 ModularCodeGen4_A1_B2.java
-rw-rw-r-- 1 travis travis   880 Jul  8 01:41 ModularCodeGen4_A1_B2.mk
-rw-rw-r-- 1 travis travis  1330 Jul  8 01:41 ModularCodeGen4_A1_B2_profile.class
-rw-rw-r-- 1 travis travis  1273 Jul  8 01:41 ModularCodeGen4_A1_B2_profile.java
-rw-rw-r-- 1 travis travis  5101 Jul  8 01:41 ModularCodeGen4_A1.class
-rw-rw-r-- 1 travis travis 16245 Jul  8 01:41 ModularCodeGen4_A1.java
-rw-rw-r-- 1 travis travis   856 Jul  8 01:41 ModularCodeGen4_A1.mk
-rw-rw-r-- 1 travis travis  1445 Jul  8 01:41 ModularCodeGen4_A1_profile.class
-rw-rw-r-- 1 travis travis  1712 Jul  8 01:41 ModularCodeGen4_A1_profile.java
-rw-rw-r-- 1 travis travis  3988 Jul  8 01:41 ModularCodeGen4_A2_B1.class
-rw-rw-r-- 1 travis travis 11375 Jul  8 01:41 ModularCodeGen4_A2_B1.java
-rw-rw-r-- 1 travis travis   880 Jul  8 01:41 ModularCodeGen4_A2_B1.mk
-rw-rw-r-- 1 travis travis  1393 Jul  8 01:41 ModularCodeGen4_A2_B1_profile.class
-rw-rw-r-- 1 travis travis  1454 Jul  8 01:41 ModularCodeGen4_A2_B1_profile.java
-rw-rw-r-- 1 travis travis  3842 Jul  8 01:41 ModularCodeGen4_A2_B2.class
-rw-rw-r-- 1 travis travis 10378 Jul  8 01:41 ModularCodeGen4_A2_B2.java
-rw-rw-r-- 1 travis travis   880 Jul  8 01:41 ModularCodeGen4_A2_B2.mk
-rw-rw-r-- 1 travis travis  1330 Jul  8 01:41 ModularCodeGen4_A2_B2_profile.class
-rw-rw-r-- 1 travis travis  1270 Jul  8 01:41 ModularCodeGen4_A2_B2_profile.java
-rw-rw-r-- 1 travis travis  5274 Jul  8 01:41 ModularCodeGen4_A2.class
-rw-rw-r-- 1 travis travis 16770 Jul  8 01:41 ModularCodeGen4_A2.java
-rw-rw-r-- 1 travis travis   856 Jul  8 01:41 ModularCodeGen4_A2.mk
-rw-rw-r-- 1 travis travis  1445 Jul  8 01:41 ModularCodeGen4_A2_profile.class
-rw-rw-r-- 1 travis travis  1712 Jul  8 01:41 ModularCodeGen4_A2_profile.java
-rw-rw-r-- 1 travis travis  6838 Jul  8 01:41 ModularCodeGen5_A_A.class
-rw-rw-r-- 1 travis travis 28721 Jul  8 01:41 ModularCodeGen5_A_A.java
-rw-rw-r-- 1 travis travis   864 Jul  8 01:41 ModularCodeGen5_A_A.mk
-rw-rw-r-- 1 travis travis  1520 Jul  8 01:41 ModularCodeGen5_A_A_profile.class
-rw-rw-r-- 1 travis travis  1815 Jul  8 01:41 ModularCodeGen5_A_A_profile.java
-rw-rw-r-- 1 travis travis  5115 Jul  8 01:41 ModularCodeGen5_A.class
-rw-rw-r-- 1 travis travis 13769 Jul  8 01:41 ModularCodeGen5_A.java
-rw-rw-r-- 1 travis travis   848 Jul  8 01:41 ModularCodeGen5_A.mk
-rw-rw-r-- 1 travis travis  1422 Jul  8 01:41 ModularCodeGen5_A_profile.class
-rw-rw-r-- 1 travis travis  1605 Jul  8 01:41 ModularCodeGen5_A_profile.java
-rw-rw-r-- 1 travis travis  4125 Jul  8 01:41 ModularCodeGen6_A_A2.class
-rw-rw-r-- 1 travis travis 11329 Jul  8 01:41 ModularCodeGen6_A_A2.java
-rw-rw-r-- 1 travis travis   872 Jul  8 01:41 ModularCodeGen6_A_A2.mk
-rw-rw-r-- 1 travis travis  1351 Jul  8 01:41 ModularCodeGen6_A_A2_profile.class
-rw-rw-r-- 1 travis travis  1364 Jul  8 01:41 ModularCodeGen6_A_A2_profile.java
-rw-rw-r-- 1 travis travis  4108 Jul  8 01:41 ModularCodeGen6_A_A.class
-rw-rw-r-- 1 travis travis 11221 Jul  8 01:41 ModularCodeGen6_A_A.java
-rw-rw-r-- 1 travis travis   864 Jul  8 01:41 ModularCodeGen6_A_A.mk
-rw-rw-r-- 1 travis travis  1348 Jul  8 01:41 ModularCodeGen6_A_A_profile.class
-rw-rw-r-- 1 travis travis  1361 Jul  8 01:41 ModularCodeGen6_A_A_profile.java
-rw-rw-r-- 1 travis travis  7237 Jul  8 01:42 ModularCodeGen6_A.class
-rw-rw-r-- 1 travis travis 26535 Jul  8 01:41 ModularCodeGen6_A.java
-rw-rw-r-- 1 travis travis   848 Jul  8 01:41 ModularCodeGen6_A.mk
-rw-rw-r-- 1 travis travis  1483 Jul  8 01:41 ModularCodeGen6_A_profile.class
-rw-rw-r-- 1 travis travis  1810 Jul  8 01:41 ModularCodeGen6_A_profile.java
-rw-rw-r-- 1 travis travis  9439 Jul  8 01:42 ModularCodeGenLazyPubSubGlobal_CompositeActor_ModularCodeGenTypedComposite.class
-rw-rw-r-- 1 travis travis 30161 Jul  8 01:42 ModularCodeGenLazyPubSubGlobal_CompositeActor_ModularCodeGenTypedComposite.java
-rw-rw-r-- 1 travis travis  1304 Jul  8 01:42 ModularCodeGenLazyPubSubGlobal_CompositeActor_ModularCodeGenTypedComposite.mk
-rw-rw-r-- 1 travis travis  1438 Jul  8 01:42 ModularCodeGenLazyPubSubGlobal_CompositeActor_ModularCodeGenTypedComposite_profile.class
-rw-rw-r-- 1 travis travis  1384 Jul  8 01:42 ModularCodeGenLazyPubSubGlobal_CompositeActor_ModularCodeGenTypedComposite_profile.java
-rw-rw-r-- 1 travis travis  3952 Jul  8 01:42 ModularCodeGenLazyPubSub_LazyCompositeActor.class
-rw-rw-r-- 1 travis travis 11122 Jul  8 01:42 ModularCodeGenLazyPubSub_LazyCompositeActor.java
-rw-rw-r-- 1 travis travis  1056 Jul  8 01:42 ModularCodeGenLazyPubSub_LazyCompositeActor.mk
-rw-rw-r-- 1 travis travis  1286 Jul  8 01:42 ModularCodeGenLazyPubSub_LazyCompositeActor_profile.class
-rw-rw-r-- 1 travis travis  1091 Jul  8 01:42 ModularCodeGenLazyPubSub_LazyCompositeActor_profile.java
-rw-rw-r-- 1 travis travis  3954 Jul  8 01:41 ModularCodeGen_ModularCodeGenTypedCompositeActor.class
-rw-rw-r-- 1 travis travis 10970 Jul  8 01:41 ModularCodeGen_ModularCodeGenTypedCompositeActor.java
-rw-rw-r-- 1 travis travis  1096 Jul  8 01:41 ModularCodeGen_ModularCodeGenTypedCompositeActor.mk
-rw-rw-r-- 1 travis travis  1384 Jul  8 01:41 ModularCodeGen_ModularCodeGenTypedCompositeActor_profile.class
-rw-rw-r-- 1 travis travis  1328 Jul  8 01:41 ModularCodeGen_ModularCodeGenTypedCompositeActor_profile.java
-rw-rw-r-- 1 travis travis  3441 Jul  8 01:42 ModularCodeGenPubSub2_A1_A.class
-rw-rw-r-- 1 travis travis  8578 Jul  8 01:42 ModularCodeGenPubSub2_A1_A.java
-rw-rw-r-- 1 travis travis   920 Jul  8 01:42 ModularCodeGenPubSub2_A1_A.mk
-rw-rw-r-- 1 travis travis  1274 Jul  8 01:42 ModularCodeGenPubSub2_A1_A_profile.class
-rw-rw-r-- 1 travis travis  1128 Jul  8 01:42 ModularCodeGenPubSub2_A1_A_profile.java
-rw-rw-r-- 1 travis travis  3733 Jul  8 01:42 ModularCodeGenPubSub2_A1.class
-rw-rw-r-- 1 travis travis  9781 Jul  8 01:42 ModularCodeGenPubSub2_A1.java
-rw-rw-r-- 1 travis travis   904 Jul  8 01:42 ModularCodeGenPubSub2_A1.mk
-rw-rw-r-- 1 travis travis  1268 Jul  8 01:42 ModularCodeGenPubSub2_A1_profile.class
-rw-rw-r-- 1 travis travis  1196 Jul  8 01:42 ModularCodeGenPubSub2_A1_profile.java
-rw-rw-r-- 1 travis travis  3437 Jul  8 01:42 ModularCodeGenPubSub3_A1_A2.class
-rw-rw-r-- 1 travis travis  8599 Jul  8 01:42 ModularCodeGenPubSub3_A1_A2.java
-rw-rw-r-- 1 travis travis   928 Jul  8 01:42 ModularCodeGenPubSub3_A1_A2.mk
-rw-rw-r-- 1 travis travis  1287 Jul  8 01:42 ModularCodeGenPubSub3_A1_A2_profile.class
-rw-rw-r-- 1 travis travis  1132 Jul  8 01:42 ModularCodeGenPubSub3_A1_A2_profile.java
-rw-rw-r-- 1 travis travis  3856 Jul  8 01:42 ModularCodeGenPubSub3_A1.class
-rw-rw-r-- 1 travis travis 10100 Jul  8 01:42 ModularCodeGenPubSub3_A1.java
-rw-rw-r-- 1 travis travis   904 Jul  8 01:42 ModularCodeGenPubSub3_A1.mk
-rw-rw-r-- 1 travis travis  1358 Jul  8 01:42 ModularCodeGenPubSub3_A1_profile.class
-rw-rw-r-- 1 travis travis  1400 Jul  8 01:42 ModularCodeGenPubSub3_A1_profile.java
-rw-rw-r-- 1 travis travis  3441 Jul  8 01:42 ModularCodeGenPubSub4_A1_A.class
-rw-rw-r-- 1 travis travis  8578 Jul  8 01:42 ModularCodeGenPubSub4_A1_A.java
-rw-rw-r-- 1 travis travis   920 Jul  8 01:42 ModularCodeGenPubSub4_A1_A.mk
-rw-rw-r-- 1 travis travis  1274 Jul  8 01:42 ModularCodeGenPubSub4_A1_A_profile.class
-rw-rw-r-- 1 travis travis  1128 Jul  8 01:42 ModularCodeGenPubSub4_A1_A_profile.java
-rw-rw-r-- 1 travis travis  3683 Jul  8 01:42 ModularCodeGenPubSub4_A1.class
-rw-rw-r-- 1 travis travis  9231 Jul  8 01:42 ModularCodeGenPubSub4_A1.java
-rw-rw-r-- 1 travis travis   904 Jul  8 01:42 ModularCodeGenPubSub4_A1.mk
-rw-rw-r-- 1 travis travis  1247 Jul  8 01:42 ModularCodeGenPubSub4_A1_profile.class
-rw-rw-r-- 1 travis travis  1137 Jul  8 01:42 ModularCodeGenPubSub4_A1_profile.java
-rw-rw-r-- 1 travis travis  3475 Jul  8 01:42 ModularCodeGenPubSub_A1.class
-rw-rw-r-- 1 travis travis  9060 Jul  8 01:42 ModularCodeGenPubSub_A1.java
-rw-rw-r-- 1 travis travis   896 Jul  8 01:42 ModularCodeGenPubSub_A1.mk
-rw-rw-r-- 1 travis travis  1278 Jul  8 01:42 ModularCodeGenPubSub_A1_profile.class
-rw-rw-r-- 1 travis travis  1195 Jul  8 01:42 ModularCodeGenPubSub_A1_profile.java
-rw-rw-r-- 1 travis travis  3492 Jul  8 01:40 ModularCodeGenTest_A1_A2.class
-rw-rw-r-- 1 travis travis  9164 Jul  8 01:40 ModularCodeGenTest_A1_A2.java
-rw-rw-r-- 1 travis travis   904 Jul  8 01:40 ModularCodeGenTest_A1_A2.mk
-rw-rw-r-- 1 travis travis  1306 Jul  8 01:40 ModularCodeGenTest_A1_A2_profile.class
-rw-rw-r-- 1 travis travis  1228 Jul  8 01:40 ModularCodeGenTest_A1_A2_profile.java
-rw-rw-r-- 1 travis travis  3823 Jul  8 01:40 ModularCodeGenTest_A1.class
-rw-rw-r-- 1 travis travis  9968 Jul  8 01:40 ModularCodeGenTest_A1.java
-rw-rw-r-- 1 travis travis   880 Jul  8 01:40 ModularCodeGenTest_A1.mk
-rw-rw-r-- 1 travis travis  1352 Jul  8 01:40 ModularCodeGenTest_A1_profile.class
-rw-rw-r-- 1 travis travis  1394 Jul  8 01:40 ModularCodeGenTest_A1_profile.java
-rw-rw-r-- 1 travis travis  1007 Jul  8 01:42 PubSubAggModularCodeGen_ModularCodeGenTypedComposite_profile.java
-rw-rw-r-- 1 travis travis   432 Jul  8 01:42 Token.class
-rw-rw-r-- 1 travis travis   251 Jul  8 01:42 Token.java
warning: Supported source version 'RELEASE_6' from annotation processor 'org.netbeans.modules.openide.util.NbBundleProcessor' less than -source '1.8'
warning: Supported source version 'RELEASE_6' from annotation processor 'org.netbeans.modules.openide.util.URLStreamHandlerRegistrationProcessor' less than -source '1.8'
warning: Supported source version 'RELEASE_6' from annotation processor 'org.netbeans.modules.openide.util.ServiceProviderProcessor' less than -source '1.8'
3 warnings
All Done
Writing PubSubAggModularCodeGen_ModularCodeGenTypedComposite.java in file:/home/travis/cg/ (27850 characters)
Reading "ptolemy/cg/kernel/generic/program/procedural/java/modular/makefile.in",
    writing "/home/travis/cg/PubSubAggModularCodeGen_ModularCodeGenTypedComposite.mk"
Using ptolemy/cg/kernel/generic/program/procedural/java/modular/makefile.in
In "/home/travis/cg", about to execute:
    make -f PubSubAggModularCodeGen_ModularCodeGenTypedComposite.mk
javac -classpath ".:.."    PubSubAggModularCodeGen_ModularCodeGenTypedComposite.java
All Done
2419 ms. Memory: 434176K Free: 139012K (32%)
----------------- Invoking toplevel() on ptolemy.moml.MoMLSimpleApplication@152732c3
----------------- Done invoking toplevel() on ptolemy.moml.MoMLSimpleApplication@152732c3
reloadAllAccessors: .PubSubAggModularCodeGen

===========================================================================================
----------------- testing Sun Jul 08 01:42:23 UTC 2018 /home/travis/build/icyphy/ptII/ptolemy/cg/lib/test/auto/PubSubAggTypedComposite.xml
----------------- Instantiating /home/travis/build/icyphy/ptII/ptolemy/cg/lib/test/auto/PubSubAggTypedComposite.xml
4 ms. Memory: 434176K Free: 131613K (30%)
----------------- Invoking toplevel() on ptolemy.moml.MoMLSimpleApplication@68904eb1
----------------- Done invoking toplevel() on ptolemy.moml.MoMLSimpleApplication@68904eb1
reloadAllAccessors: .PubSubAggTypedComposite

===========================================================================================
----------------- testing Sun Jul 08 01:42:23 UTC 2018 /home/travis/build/icyphy/ptII/ptolemy/cg/lib/test/auto/PubSubAggTypedCompositeWidth2.xml
----------------- Instantiating /home/travis/build/icyphy/ptII/ptolemy/cg/lib/test/auto/PubSubAggTypedCompositeWidth2.xml
5 ms. Memory: 434176K Free: 122298K (28%)
----------------- Invoking toplevel() on ptolemy.moml.MoMLSimpleApplication@4cfe4832
----------------- Done invoking toplevel() on ptolemy.moml.MoMLSimpleApplication@4cfe4832
reloadAllAccessors: .PubSubAggTypedCompositeWidth2

===========================================================================================
----------------- testing Sun Jul 08 01:42:23 UTC 2018 /home/travis/build/icyphy/ptII/ptolemy/cg/lib/test/auto/ScaleJava.xml
----------------- Instantiating /home/travis/build/icyphy/ptII/ptolemy/cg/lib/test/auto/ScaleJava.xml
CompiledCompositeActor: Building shared object: The sharedObjectFile has a modification time that is earlier than the modelFile modification time.
Writing ScaleJava_EmbeddedActor.java in file:/home/travis/cg/ (9202 characters)
Reading "ptolemy/cg/kernel/generic/program/procedural/java/makefile.in",
    writing "/home/travis/cg/ScaleJava_EmbeddedActor.mk"
Using ptolemy/cg/kernel/generic/program/procedural/java/makefile.in
In "/home/travis/cg", about to execute:
    make -f ScaleJava_EmbeddedActor.mk
javac -classpath ".:."    ScaleJava_EmbeddedActor.java
All Done
914 ms. Memory: 434176K Free: 97020K (22%)
----------------- Invoking toplevel() on ptolemy.moml.MoMLSimpleApplication@71a71dd6
----------------- Done invoking toplevel() on ptolemy.moml.MoMLSimpleApplication@71a71dd6
reloadAllAccessors: .ScaleJava
AutoTests.java: About to close Vertx.
AutoTests.java: Vertx closed.
]]></system-out>
  <system-err><![CDATA[]]></system-err>
</testsuite>
