<?xml version="1.0" encoding="UTF-8" ?>
<testsuite errors="0" failures="0" hostname="travis-job-bb5d9908-6b13-4475-aacc-55dd9c0a40d0" name="ptolemy.domains.de.test.junit.JUnitTclTest" skipped="0" tests="101" time="131.602" timestamp="2019-11-26T06:16:39">
  <properties>
    <property name="npm.executable" value="npm" />
    <property name="env.TRAVIS_ROOT" value="/" />
    <property name="ptII.mk.exists" value="true" />
    <property name="env.TRAVIS_APP_HOST" value="build.travis-ci.org" />
    <property name="env.rvm_bin_path" value="/home/travis/.rvm/bin" />
    <property name="java.home" value="/usr/local/lib/jvm/openjdk11" />
    <property name="env.TRAVIS_JOB_NUMBER" value="1409.9" />
    <property name="env.TRAVIS_HOME" value="/home/travis" />
    <property name="env.DISPLAY" value=":99.0" />
    <property name="env.TRAVIS_INIT" value="systemd" />
    <property name="env.SSH_TTY" value="/dev/pts/0" />
    <property name="java.net.preferIPv4Stack" value="true" />
    <property name="env.RUN_TESTS" value="true" />
    <property name="timeout.short" value="1000000" />
    <property name="junit.formatter" value="xml" />
    <property name="env.TRAVIS_SUDO" value="true" />
    <property name="env.TRAVIS_JOB_NAME" value="" />
    <property name="env.TRAVIS_STACK_NODE_ATTRIBUTES" value="/.node-attributes.yml" />
    <property name="env.LOGNAME" value="travis" />
    <property name="jsdoc.home" value="node_modules/@terraswarm/jsdoc" />
    <property name="debuglevel" value="source,lines,vars" />
    <property name="checkstyle.formatter" value="xml" />
    <property name="env._system_version" value="16.04" />
    <property name="bin.vergil.makeable" value="true" />
    <property name="sun.os.patch.level" value="unknown" />
    <property name="java.vendor.url" value="http://java.oracle.com/" />
    <property name="env.TRAVIS_BUILD_WEB_URL" value="https://travis-ci.org/icyphy/ptII/builds/617048067" />
    <property name="java.version" value="11.0.2" />
    <property name="env.TZ" value="UTC" />
    <property name="env.TRAVIS_PULL_REQUEST_SHA" value="" />
    <property name="env.PT_NO_NET" value="true" />
    <property name="env.TRAVIS_SECURE_ENV_VARS" value="true" />
    <property name="env._system_type" value="Linux" />
    <property name="java.vendor.url.bug" value="http://bugreport.java.com/bugreport/" />
    <property name="npmjs-org-is-up" value="true" />
    <property name="env.LANGUAGE" value="en_US.UTF-8" />
    <property name="env.SSH_CLIENT" value="10.16.4.7 40384 22" />
    <property name="env.GEM_HOME" value="/home/travis/.rvm/gems/ruby-2.5.3" />
    <property name="env.HAS_ANTARES_THREE_LITTLE_FRONZIES_BADGE" value="true" />
    <property name="java.version.date" value="2019-01-15" />
    <property name="env.PS4" value="+" />
    <property name="ant.project.invoked-targets" value="build,test.core2.xml" />
    <property name="env.TRAVIS_PULL_REQUEST_BRANCH" value="" />
    <property name="env.TRAVIS_REPO_SLUG" value="icyphy/ptII" />
    <property name="env.XDG_DATA_DIRS" value="/usr/local/share:/usr/share:/var/lib/snapd/desktop" />
    <property name="jdk.debug" value="release" />
    <property name="env.TRAVIS_APT_PROXY" value="http://apt.cache.travis-ci.com" />
    <property name="env.TRAVIS_CPU_ARCH" value="amd64" />
    <property name="node.in.path" value="true" />
    <property name="user.name" value="travis" />
    <property name="java.maxmemory" value="1400m" />
    <property name="env.RUBY_VERSION" value="ruby-2.5.3" />
    <property name="env.LANG" value="en_US.UTF-8" />
    <property name="sun.io.unicode.encoding" value="UnicodeLittle" />
    <property name="sun.jnu.encoding" value="UTF-8" />
    <property name="java.runtime.name" value="OpenJDK Runtime Environment" />
    <property name="usefile" value="false" />
    <property name="return.code" value="0" />
    <property name="junit.single.formatter" value="plain" />
    <property name="env.DYLD_LIBRARY_PATH" value="/home/travis/pthla/certi-tools/lib:" />
    <property name="env.DEBIAN_FRONTEND" value="noninteractive" />
    <property name="env.SSH_CONNECTION" value="10.16.4.7 40384 10.20.0.34 22" />
    <property name="env.MYSQL_UNIX_PORT" value="/var/run/mysqld/mysqld.sock" />
    <property name="env.LC_ALL" value="en_US.UTF-8" />
    <property name="env.TRAVIS_ALLOW_FAILURE" value="false" />
    <property name="env.TRAVIS_JOB_WEB_URL" value="https://travis-ci.org/icyphy/ptII/jobs/617048076" />
    <property name="java.specification.name" value="Java Platform API Specification" />
    <property name="node.works" value="true" />
    <property name="user.timezone" value="" />
    <property name="path.separator" value=":" />
    <property name="env.TRAVIS_ENABLE_INFRA_DETECTION" value="true" />
    <property name="env.PYTHON_CFLAGS" value="-g -fstack-protector --param=ssp-buffer-size=4 -Wformat -Werror=format-security" />
    <property name="timeout.long" value="4000000" />
    <property name="env.CERTI_HOME" value="/home/travis/pthla/certi-tools" />
    <property name="ant.file.ptII" value="/home/travis/build/icyphy/ptII/build.xml" />
    <property name="javadoc.packagenames" value="com.*,diva.*,lbnl.*,org.hlacerti.*,org.json.*,org.ptolemy.*,org.terraswarm.*,ptolemy.*,ptserver.*" />
    <property name="file.encoding" value="UTF-8" />
    <property name="env.TRAVIS_PULL_REQUEST_SLUG" value="" />
    <property name="ant.project.default-target" value="build" />
    <property name="env.GIT_ASKPASS" value="echo" />
    <property name="env.HOME" value="/home/travis" />
    <property name="sun.java.command" value="org.apache.tools.ant.taskdefs.optional.junit.JUnitTestRunner ptolemy.domains.de.test.junit.JUnitTclTest skipNonTests=false filtertrace=true haltOnError=false haltOnFailure=false formatter=org.apache.tools.ant.taskdefs.optional.junit.OutErrSummaryJUnitResultFormatter showoutput=true outputtoformatters=true logfailedtests=true threadid=0 logtestlistenerevents=false formatter=org.apache.tools.ant.taskdefs.optional.junit.XMLJUnitResultFormatter,/home/travis/build/icyphy/ptII/reports/junit/TEST-ptolemy.domains.de.test.junit.JUnitTclTest.xml crashfile=/home/travis/build/icyphy/ptII/junitvmwatcher6359727120710721567.properties propsfile=/home/travis/build/icyphy/ptII/junit4749227381248854112.properties" />
    <property name="env.COMPOSER_NO_INTERACTION" value="1" />
    <property name="env.MANPATH" value="/home/travis/.nvm/versions/node/v7.10.1/share/man:/home/travis/.rvm/rubies/ruby-2.5.3/share/man:/usr/local/cmake-3.12.4/man:/usr/local/clang-7.0.0/share/man:/usr/local/man:/usr/local/share/man:/usr/share/man:/home/travis/.rvm/man" />
    <property name="env.TRAVIS_TIMER_ID" value="04157052" />
    <property name="ant.file" value="/home/travis/build/icyphy/ptII/build.xml" />
    <property name="env.TRAVIS_COMMIT_RANGE" value="45a1af74cde64810f1a740ff9bd66386be4e642c...11deb69804adb5926cd4863c8231df6048994796" />
    <property name="env._system_name" value="Ubuntu" />
    <property name="ptII.classpath.optional.property" value="/home/travis/build/icyphy/ptII/lib/bsh-2.0b4.jar:/home/travis/build/icyphy/ptII/lib/ptCal.jar:/home/travis/build/icyphy/ptII/lib/java_cup.jar:/home/travis/build/icyphy/ptII/lib/saxon8.jar:/home/travis/build/icyphy/ptII/lib/saxon8-dom.jar:/home/travis/build/icyphy/ptII/lib/chic.jar:/home/travis/build/icyphy/ptII/lib/ptcolt.jar:/home/travis/build/icyphy/ptII/vendors/misc/itext/iText.jar:/home/travis/build/icyphy/ptII/lib/g4ltl.jar:/home/travis/build/icyphy/ptII/lib/StructuralCoder.jar:/home/travis/build/icyphy/ptII/lib/jcerti.jar:/home/travis/build/icyphy/ptII/lib/javax.mail.jar:/home/travis/build/icyphy/ptII/vendors/JMF-2.1.1e/lib/jmf.jar:/home/travis/build/icyphy/ptII/lib/jna-4.0.0-variadic.jar:/home/travis/build/icyphy/ptII/vendors/misc/joystick/Joystick.jar:/home/travis/build/icyphy/ptII/lib/ptjacl.jar:/home/travis/build/icyphy/ptII/lib/jsoup-1.8.2.jar:/home/travis/build/icyphy/ptII/lib/junit-4.8.2.jar:/home/travis/build/icyphy/ptII/lib/JUnitParams-0.4.0.jar:/home/travis/build/icyphy/ptII/ptolemy/actor/lib/excel/jxl.jar:/home/travis/build/icyphy/ptII/lib/jython.jar:/home/travis/build/icyphy/ptII/lib/kieler.jar:/home/travis/build/icyphy/ptII/vendors/opencv/share/OpenCV/java/opencv-341.jar:/home/travis/build/icyphy/ptII/lib/oscP5.jar:/home/travis/build/icyphy/ptII/lib/nrjavaserial-3.11.0.devel.jar:/home/travis/build/icyphy/ptII/vendors/j3d/lib/Linux/j3dcore.jar:/home/travis/build/icyphy/ptII/vendors/j3d/lib/Linux/j3dutils.jar:/home/travis/build/icyphy/ptII/vendors/j3d/lib/Linux/vecmath.jar:/home/travis/build/icyphy/ptII/vendors/jogl/lib/Linux/gluegen-rt-natives-linux-amd64.jar:/home/travis/build/icyphy/ptII/vendors/jogl/lib/Linux/gluegen-rt.jar:/home/travis/build/icyphy/ptII/vendors/jogl/lib/Linux/jogl-all-natives-linux-amd64.jar:/home/travis/build/icyphy/ptII/vendors/jogl/lib/Linux/jogl-all.jar:/home/travis/build/icyphy/ptII/ptolemy/distributed/jini/jar/jini-core.jar:/home/travis/build/icyphy/ptII/ptolemy/distributed/jini/jar/jini-ext.jar:/home/travis/build/icyphy/ptII/ptolemy/distributed/jini/jar/sun-util.jar:/home/travis/build/icyphy/ptII/lib/protobuf-java-2.4.1.jar:/home/travis/build/icyphy/ptII/lib/org.eclipse.paho.client.mqttv3.jar:/home/travis/build/icyphy/ptII/lib/mapss.jar:/home/travis/build/icyphy/ptII/ptolemy/actor/ptalon/antlr/antlr.jar:/home/travis/build/icyphy/ptII/lib/JRI.jar:/home/travis/build/icyphy/ptII/lib/commons-lang-2.6.jar:/home/travis/build/icyphy/ptII/lib/commons-logging-1.1.1.jar:/home/travis/build/icyphy/ptII/lib/sootclasses.jar:/home/travis/build/icyphy/ptII/ptolemy/actor/lib/database/mysql-connector-java-5.1.6-bin.jar:/home/travis/build/icyphy/ptII/vendors/misc/sphinx4/sphinx4-data-5prealpha.jar:/home/travis/build/icyphy/ptII/vendors/misc/sphinx4/sphinx4-core-5prealpha.jar:/home/travis/build/icyphy/ptII/lib/PDFRenderer.jar:/home/travis/build/icyphy/ptII/lib/svgSalamander.jar:/home/travis/build/icyphy/ptII/lib/rsyntaxtextarea-2.6.0-SNAPSHOT.jar:/home/travis/build/icyphy/ptII/lib/hazelcast-3.8.2.jar:/home/travis/build/icyphy/ptII/lib/jackson-annotations-2.9.0.jar:/home/travis/build/icyphy/ptII/lib/jackson-core-2.9.3.jar:/home/travis/build/icyphy/ptII/lib/jackson-databind-2.9.3.jar:/home/travis/build/icyphy/ptII/lib/netty-buffer-4.1.19.Final.jar:/home/travis/build/icyphy/ptII/lib/netty-codec-4.1.19.Final.jar:/home/travis/build/icyphy/ptII/lib/netty-codec-dns-4.1.19.Final.jar:/home/travis/build/icyphy/ptII/lib/netty-codec-http-4.1.19.Final.jar:/home/travis/build/icyphy/ptII/lib/netty-codec-http2-4.1.19.Final.jar:/home/travis/build/icyphy/ptII/lib/netty-common-4.1.19.Final.jar:/home/travis/build/icyphy/ptII/lib/netty-handler-4.1.19.Final.jar:/home/travis/build/icyphy/ptII/lib/netty-resolver-4.1.19.Final.jar:/home/travis/build/icyphy/ptII/lib/netty-resolver-dns-4.1.19.Final.jar:/home/travis/build/icyphy/ptII/lib/netty-transport-4.1.19.Final.jar:/home/travis/build/icyphy/ptII/lib/vertx-codegen-3.5.1.jar:/home/travis/build/icyphy/ptII/lib/vertx-core-3.5.2-SNAPSHOT.jar:/home/travis/build/icyphy/ptII/lib/vertx-hazelcast-3.5.1.jar:/home/travis/build/icyphy/ptII/lib/vertx-lang-js-3.5.1.jar:/home/travis/build/icyphy/ptII/lib/vertx-service-proxy-3.5.1.jar:/home/travis/build/icyphy/ptII/lib/vertx-web-3.5.1.jar:/home/travis/build/icyphy/ptII/lib/slf4j-api-1.7.13.jar:/home/travis/build/icyphy/ptII/lib/slf4j-simple-1.7.13.jar:/home/travis/build/icyphy/ptII/lib/webcam-capture-0.3.12.jar:/home/travis/build/icyphy/ptII/lib/bridj-0.7.0.jar:/home/travis/build/icyphy/ptII/lib/xbjlib-1.1.0.nrjavaserial.jar" />
    <property name="timeout" value="2400000" />
    <property name="test.batch" value="**/junit/*.java" />
    <property name="env._" value="/usr/bin/timeout" />
    <property name="java.io.tmpdir" value="/tmp" />
    <property name="user.language" value="en" />
    <property name="env.TRAVIS_INTERNAL_RUBY_REGEX" value="^ruby-(2\.[0-4]\.[0-9]|1\.9\.3)" />
    <property name="env.HISTCONTROL" value="ignoredups:ignorespace" />
    <property name="env.GOROOT" value="/home/travis/.gimme/versions/go1.11.1.linux.amd64" />
    <property name="line.separator" value="&#xa;" />
    <property name="target" value="11" />
    <property name="env.TRAVIS_BUILD_DIR" value="/home/travis/build/icyphy/ptII" />
    <property name="env.ANT_OPTS" value="-Xmx2048m" />
    <property name="ant.file.type" value="file" />
    <property name="ptolemy.ptII.batchMode" value="true" />
    <property name="env.HISTSIZE" value="1000" />
    <property name="env.MERB_ENV" value="test" />
    <property name="java.vm.info" value="mixed mode" />
    <property name="source" value="11" />
    <property name="java.vm.specification.name" value="Java Virtual Machine Specification" />
    <property name="env.TRAVIS_TEST_RESULT" value="0" />
    <property name="jsdoc.command" value="node_modules/@terraswarm/jsdoc/jsdoc.js" />
    <property name="npm.works" value="true" />
    <property name="cobertura.dir" value="/home/travis/build/icyphy/ptII/vendors/cobertura-2.0.3" />
    <property name="jsdoc.command.exists" value="true" />
    <property name="env.rvm_path" value="/home/travis/.rvm" />
    <property name="env.GEM_PATH" value="/home/travis/.rvm/gems/ruby-2.5.3:/home/travis/.rvm/gems/ruby-2.5.3@global" />
    <property name="env.LC_CTYPE" value="en_US.UTF-8" />
    <property name="env.TRAVIS_CMD" value="$PTII/bin/ptIITravisBuild.sh $SECONDS" />
    <property name="java.awt.printerjob" value="sun.print.PSPrinterJob" />
    <property name="env.TRAVIS_STACK_NAME" value="sardonyx" />
    <property name="env.TRAVIS_TIMER_START_TIME" value="1574748780726057036" />
    <property name="ant.version" value="Apache Ant(TM) version 1.10.1 compiled on February 2 2017" />
    <property name="ptII.reports" value="/home/travis/build/icyphy/ptII/reports" />
    <property name="env.TRAVIS_STACK_TIMESTAMP" value="2019-03-25 16:16:56 UTC" />
    <property name="ant.file.type.ptII" value="file" />
    <property name="env.RBENV_SHELL" value="bash" />
    <property name="os.name" value="Linux" />
    <property name="java.specification.vendor" value="Oracle Corporation" />
    <property name="env.rvm_version" value="1.29.7 (latest)" />
    <property name="env.TRAVIS_INFRA" value="gce" />
    <property name="env.TERM" value="xterm" />
    <property name="java.vm.name" value="OpenJDK 64-Bit Server VM" />
    <property name="env.TRAVIS_BUILD_NUMBER" value="1409" />
    <property name="env.CI" value="true" />
    <property name="java.library.path" value="/home/travis/pthla/certi-tools/lib:/usr/lib/jni:/usr/local/share/OpenCV/java/:/usr/share/OpenCV/java::/usr/java/packages/lib:/usr/lib64:/lib64:/lib:/usr/lib" />
    <property name="jdk.module.path" value="/home/travis/build/icyphy/ptII/vendors/javafx/javafx-sdk-11.0.2/lib:" />
    <property name="env.rvm_prefix" value="/home/travis" />
    <property name="env.PATH" value="/home/travis/pthla/certi-tools/share/scripts:/home/travis/.rvm/gems/ruby-2.5.3/bin:/home/travis/.rvm/gems/ruby-2.5.3@global/bin:/home/travis/.rvm/rubies/ruby-2.5.3/bin:/home/travis/.rvm/bin:/home/travis/.nvm/versions/node/v7.10.1/bin:./node_modules/.bin:/home/travis/build/icyphy/ptII/bin:/home/travis/pthla/certi-tools/bin:/home/travis/bin:/home/travis/.local/bin:/usr/local/lib/jvm/openjdk11/bin:/opt/pyenv/shims:/home/travis/.phpenv/shims:/home/travis/perl5/perlbrew/bin:/home/travis/gopath/bin:/home/travis/.gimme/versions/go1.11.1.linux.amd64/bin:/usr/local/maven-3.6.0/bin:/usr/local/cmake-3.12.4/bin:/usr/local/clang-7.0.0/bin:/usr/local/sbin:/usr/local/bin:/usr/sbin:/usr/bin:/sbin:/bin:/snap/bin:/home/travis/.phpenv/bin:/opt/pyenv/bin:/home/travis/.yarn/bin" />
    <property name="env.TRAVIS_OS_NAME" value="linux" />
    <property name="ant.java.version" value="9" />
    <property name="basedir" value="/home/travis/build/icyphy/ptII" />
    <property name="java.class.version" value="55.0" />
    <property name="env.SHLVL" value="3" />
    <property name="env.LD_LIBRARY_PATH" value="/home/travis/pthla/certi-tools/lib:/usr/lib/jni:/usr/local/share/OpenCV/java/:/usr/share/OpenCV/java:" />
    <property name="env.RACK_ENV" value="test" />
    <property name="ant.home" value="/home/travis/build/icyphy/ptII/ant" />
    <property name="env.NVM_DIR" value="/home/travis/.nvm" />
    <property name="env.CERTI_FOM_PATH" value="/home/travis/pthla/certi-tools/share/federations" />
    <property name="env.TRAVIS_BUILD_ID" value="617048067" />
    <property name="env.PYENV_ROOT" value="/opt/pyenv" />
    <property name="env.TRAVIS_UID" value="2000" />
    <property name="prism.verbose" value="true" />
    <property name="env.NVM_BIN" value="/home/travis/.nvm/versions/node/v7.10.1/bin" />
    <property name="env.TRAVIS_COMMIT" value="11deb69804adb5926cd4863c8231df6048994796" />
    <property name="env._system_arch" value="x86_64" />
    <property name="node.executable" value="node" />
    <property name="sun.boot.library.path" value="/usr/local/lib/jvm/openjdk11/lib" />
    <property name="sun.management.compiler" value="HotSpot 64-Bit Tiered Compilers" />
    <property name="java.awt.graphicsenv" value="sun.awt.X11GraphicsEnvironment" />
    <property name="env.GOPATH" value="/home/travis/gopath" />
    <property name="ptolemy.ptII.dir" value="/home/travis/build/icyphy/ptII" />
    <property name="env.USER" value="travis" />
    <property name="env.HISTFILESIZE" value="2000" />
    <property name="timeout.longest" value="19000000" />
    <property name="env.PERLBREW_SHELLRC_VERSION" value="0.86" />
    <property name="env.TRAVIS_STACK_FEATURES" value="basic couchdb disabled-ipv6 docker docker-compose elasticsearch firefox go-toolchain google-chrome jdk memcached mongodb mysql nodejs_interpreter perl_interpreter perlbrew phantomjs postgresql python_interpreter redis ruby_interpreter sqlite xserver" />
    <property name="env.TRAVIS_PULL_REQUEST" value="false" />
    <property name="env.PYENV_SHELL" value="bash" />
    <property name="ant.project.name" value="ptII" />
    <property name="env.ANSI_RESET" value="\033[0m" />
    <property name="java.vm.specification.version" value="11" />
    <property name="env.TRAVIS_DIST" value="xenial" />
    <property name="env.CERTI_VERSION" value="4.0.0" />
    <property name="env.CERTI_HOST" value="localhost" />
    <property name="awt.toolkit" value="sun.awt.X11.XToolkit" />
    <property name="env.MY_RUBY_HOME" value="/home/travis/.rvm/rubies/ruby-2.5.3" />
    <property name="sun.cpu.isalist" value="" />
    <property name="env.TRAVIS_TMPDIR" value="/tmp/tmp.aLk1ka1K8b" />
    <property name="java.vm.compressedOopsMode" value="Zero based" />
    <property name="os.version" value="4.15.0-1028-gcp" />
    <property name="user.home" value="/home/travis" />
    <property name="java.vm.vendor" value="Oracle Corporation" />
    <property name="env.TRAVIS_TAG" value="nightly" />
    <property name="env.ANSI_YELLOW" value="\033[33;1m" />
    <property name="env.TRAVIS_FILTERED" value="redirect_io" />
    <property name="env.ANSI_GREEN" value="\033[32;1m" />
    <property name="env.JAVA_HOME" value="/usr/local/lib/jvm/openjdk11" />
    <property name="javadoc.excludepackagenames" value="adm.cvs2svn.*,build.*,config.*,doc.coding.templates.*,jni.test.jni.meaningOfLife.*,jni.test.jni.testDeux.*,jni.test.jni.testTrois.*,org.terraswarm.accessor.accessors.web.node_modules.*,org.terraswarm.accessor.accessors.web.hosts.cordova.demo.*,org.terraswarm.accessor.accessors.web.hosts.cordova.plugins.*,org.terraswarm.accessor.accessors-svn.*,pt-modules.*,ptolemy.apps.agilent.*,ptolemy.apps.anytimecontrol.*,ptolemy.apps.apes.*,ptolemy.apps.charon.*,ptolemy.apps.crazyboard.*,ptolemy.apps.eclipse.*,ptolemy.apps.etherealSting.*,ptolemy.apps.fullscreen.*,ptolemy.apps.giotto.*,ptolemy.apps.ia.*,ptolemy.apps.interfaces.*,ptolemy.apps.jmf.*,ptolemy.apps.kurt.*,ptolemy.apps.kvm.*,ptolemy.apps.lego.*,ptolemy.apps.lejos.*,ptolemy.apps.midp.*,ptolemy.apps.mobileCoding.*,ptolemy.apps.pendulum.*,ptolemy.apps.rijndael.*,ptolemy.apps.robot.*,ptolemy.apps.security.*,ptolemy.apps.sobel.*,ptolemy.apps.soot.*,ptolemy.apps.throttle.*,ptolemy.apps.tini.*,ptolemy.apps.transmission.*,ptolemy.apps.vergil.*,ptolemy.apps.waba.*,ptolemy.apps.websensor.*,ptolemy.apps.webstart.*,ptolemy.apps.xsl.*,ptolemy.apps.zaurus.*,ptolemy.codegen.c.actor.lib.oldJavaFiles.*,ptolemy.codegen.dsp.lib.*,ptolemy.codegen.kernel.newInterfaces.*,ptolemy.codegen.lib.*,ptolemy.copernicus.kernel.fragment.*,ptolemy.copernicus.shallow.cg.*,ptolemy.domains.giotto.demo.Hierarchy.Hierarchy.*,ptolemy.domains.giotto.demo.Multimode.Multimode.*,ptolemy.domains.giotto.demo.Simple.Simple.*,ptolemy.domains.gr.lib.experimental.*,ptolemy.domains.gro.*,ptolemy.domains.pdf.*,ptolemy.domains.ptinyos.demo.Surge.output.*,ptolemy.moml.test.NoPackageActor.java*,ptolemy.plot.adm.*,ptolemy.plot.servlet.*,reports.*,signed.*,src.*,target.*,vendors.*,ptolemy.copernicus.applet.*,ptolemy.media.viewer.*,ptolemy.actor.corba.*,doc.doclets.*,ptolemy.apps.eclipse.awt.*,ptolemy.backtrack.*,ptolemy.backtrack.ast.*,ptolemy.cg.adapter.generic.program.procedural.c.mbed*,ptolemy.homer.*,ptolemy.actor.lib.jai.*,org.ptolemy.scala.*,diva.util.java2d.svg.*,ptolemy.domains.ptinyos.*,ptolemy.actor.lib.fmi.fmipp.*,,org.terraswarm.accessor.accessors.web.node_modules.*,org.terraswarm.accessor.accessors-svn,ptolemy.apps.*,ptolemy.actor.ptalon.demo.ptinyos.SendAndReceiveCnt.output,ptolemy.actor.ptalon.demo.ptinyos.SenseToLeds.output,ptolemy.domains.ptinyos.demo.CntToLedsAndRfm.output,ptolemy.domains.ptinyos.demo.RfmToLeds.output,ptolemy.domains.ptinyos.demo.SendAndReceiveCnt.output,ptolemy.domains.ptinyos.demo.SenseToLeds.output,ptolemy.actor.lib.jjs.modules.udpSocket.*" />
    <property name="env.PTII" value="/home/travis/build/icyphy/ptII" />
    <property name="env.XDG_SESSION_ID" value="2" />
    <property name="keystore" value="ptKeystore" />
    <property name="env.TRAVIS_COMMIT_MESSAGE" value="Conform a model to new HlaManager design." />
    <property name="junit.output.dir" value="/home/travis/build/icyphy/ptII/reports/junit" />
    <property name="npm.return.code" value="0" />
    <property name="user.dir" value="/home/travis/build/icyphy/ptII/ptolemy/domains/de/test" />
    <property name="env.TRAVIS_NODE_VERSION" value="7" />
    <property name="env.TRAVIS_EVENT_TYPE" value="cron" />
    <property name="env.MAIL" value="/var/mail/travis" />
    <property name="env.PERLBREW_ROOT" value="/home/travis/perl5/perlbrew" />
    <property name="env.PWD" value="/home/travis/build/icyphy/ptII" />
    <property name="timeout.npm" value="45000" />
    <property name="env.PT_TRAVIS_TEST_CORE2_XML" value="true" />
    <property name="env.TRAVIS_ARCH" value="amd64" />
    <property name="sun.cpu.endian" value="little" />
    <property name="env.PAGER" value="cat" />
    <property name="env.TRAVIS_BUILD_STAGE_NAME" value="Test" />
    <property name="env.PERLBREW_HOME" value="/home/travis/.perlbrew" />
    <property name="java.vm.version" value="11.0.2+9" />
    <property name="env.RAILS_ENV" value="test" />
    <property name="java.class.path" value="/home/travis/build/icyphy/ptII:/home/travis/build/icyphy/ptII/lib/bsh-2.0b4.jar:/home/travis/build/icyphy/ptII/lib/ptCal.jar:/home/travis/build/icyphy/ptII/lib/java_cup.jar:/home/travis/build/icyphy/ptII/lib/saxon8.jar:/home/travis/build/icyphy/ptII/lib/saxon8-dom.jar:/home/travis/build/icyphy/ptII/lib/chic.jar:/home/travis/build/icyphy/ptII/lib/ptcolt.jar:/home/travis/build/icyphy/ptII/vendors/misc/itext/iText.jar:/home/travis/build/icyphy/ptII/lib/g4ltl.jar:/home/travis/build/icyphy/ptII/lib/StructuralCoder.jar:/home/travis/build/icyphy/ptII/lib/jcerti.jar:/home/travis/build/icyphy/ptII/lib/javax.mail.jar:/home/travis/build/icyphy/ptII/vendors/JMF-2.1.1e/lib/jmf.jar:/home/travis/build/icyphy/ptII/lib/jna-4.0.0-variadic.jar:/home/travis/build/icyphy/ptII/vendors/misc/joystick/Joystick.jar:/home/travis/build/icyphy/ptII/lib/ptjacl.jar:/home/travis/build/icyphy/ptII/lib/jsoup-1.8.2.jar:/home/travis/build/icyphy/ptII/lib/junit-4.8.2.jar:/home/travis/build/icyphy/ptII/lib/JUnitParams-0.4.0.jar:/home/travis/build/icyphy/ptII/ptolemy/actor/lib/excel/jxl.jar:/home/travis/build/icyphy/ptII/lib/jython.jar:/home/travis/build/icyphy/ptII/lib/kieler.jar:/home/travis/build/icyphy/ptII/vendors/opencv/share/OpenCV/java/opencv-341.jar:/home/travis/build/icyphy/ptII/lib/oscP5.jar:/home/travis/build/icyphy/ptII/lib/nrjavaserial-3.11.0.devel.jar:/home/travis/build/icyphy/ptII/vendors/j3d/lib/Linux/j3dcore.jar:/home/travis/build/icyphy/ptII/vendors/j3d/lib/Linux/j3dutils.jar:/home/travis/build/icyphy/ptII/vendors/j3d/lib/Linux/vecmath.jar:/home/travis/build/icyphy/ptII/vendors/jogl/lib/Linux/gluegen-rt-natives-linux-amd64.jar:/home/travis/build/icyphy/ptII/vendors/jogl/lib/Linux/gluegen-rt.jar:/home/travis/build/icyphy/ptII/vendors/jogl/lib/Linux/jogl-all-natives-linux-amd64.jar:/home/travis/build/icyphy/ptII/vendors/jogl/lib/Linux/jogl-all.jar:/home/travis/build/icyphy/ptII/ptolemy/distributed/jini/jar/jini-core.jar:/home/travis/build/icyphy/ptII/ptolemy/distributed/jini/jar/jini-ext.jar:/home/travis/build/icyphy/ptII/ptolemy/distributed/jini/jar/sun-util.jar:/home/travis/build/icyphy/ptII/lib/protobuf-java-2.4.1.jar:/home/travis/build/icyphy/ptII/lib/org.eclipse.paho.client.mqttv3.jar:/home/travis/build/icyphy/ptII/lib/mapss.jar:/home/travis/build/icyphy/ptII/ptolemy/actor/ptalon/antlr/antlr.jar:/home/travis/build/icyphy/ptII/lib/JRI.jar:/home/travis/build/icyphy/ptII/lib/commons-lang-2.6.jar:/home/travis/build/icyphy/ptII/lib/commons-logging-1.1.1.jar:/home/travis/build/icyphy/ptII/lib/sootclasses.jar:/home/travis/build/icyphy/ptII/ptolemy/actor/lib/database/mysql-connector-java-5.1.6-bin.jar:/home/travis/build/icyphy/ptII/vendors/misc/sphinx4/sphinx4-data-5prealpha.jar:/home/travis/build/icyphy/ptII/vendors/misc/sphinx4/sphinx4-core-5prealpha.jar:/home/travis/build/icyphy/ptII/lib/PDFRenderer.jar:/home/travis/build/icyphy/ptII/lib/svgSalamander.jar:/home/travis/build/icyphy/ptII/lib/rsyntaxtextarea-2.6.0-SNAPSHOT.jar:/home/travis/build/icyphy/ptII/lib/hazelcast-3.8.2.jar:/home/travis/build/icyphy/ptII/lib/jackson-annotations-2.9.0.jar:/home/travis/build/icyphy/ptII/lib/jackson-core-2.9.3.jar:/home/travis/build/icyphy/ptII/lib/jackson-databind-2.9.3.jar:/home/travis/build/icyphy/ptII/lib/netty-buffer-4.1.19.Final.jar:/home/travis/build/icyphy/ptII/lib/netty-codec-4.1.19.Final.jar:/home/travis/build/icyphy/ptII/lib/netty-codec-dns-4.1.19.Final.jar:/home/travis/build/icyphy/ptII/lib/netty-codec-http-4.1.19.Final.jar:/home/travis/build/icyphy/ptII/lib/netty-codec-http2-4.1.19.Final.jar:/home/travis/build/icyphy/ptII/lib/netty-common-4.1.19.Final.jar:/home/travis/build/icyphy/ptII/lib/netty-handler-4.1.19.Final.jar:/home/travis/build/icyphy/ptII/lib/netty-resolver-4.1.19.Final.jar:/home/travis/build/icyphy/ptII/lib/netty-resolver-dns-4.1.19.Final.jar:/home/travis/build/icyphy/ptII/lib/netty-transport-4.1.19.Final.jar:/home/travis/build/icyphy/ptII/lib/vertx-codegen-3.5.1.jar:/home/travis/build/icyphy/ptII/lib/vertx-core-3.5.2-SNAPSHOT.jar:/home/travis/build/icyphy/ptII/lib/vertx-hazelcast-3.5.1.jar:/home/travis/build/icyphy/ptII/lib/vertx-lang-js-3.5.1.jar:/home/travis/build/icyphy/ptII/lib/vertx-service-proxy-3.5.1.jar:/home/travis/build/icyphy/ptII/lib/vertx-web-3.5.1.jar:/home/travis/build/icyphy/ptII/lib/slf4j-api-1.7.13.jar:/home/travis/build/icyphy/ptII/lib/slf4j-simple-1.7.13.jar:/home/travis/build/icyphy/ptII/lib/webcam-capture-0.3.12.jar:/home/travis/build/icyphy/ptII/lib/bridj-0.7.0.jar:/home/travis/build/icyphy/ptII/lib/xbjlib-1.1.0.nrjavaserial.jar:/home/travis/build/icyphy/ptII/ptolemy/moml/test:/home/travis/build/icyphy/ptII/ant/lib/ant-launcher.jar:/home/travis/build/icyphy/ptII/ant/lib/ant.jar:/home/travis/build/icyphy/ptII/ant/lib/ant-junit.jar:/home/travis/build/icyphy/ptII/ant/lib/ant-junit4.jar" />
    <property name="ant.library.dir" value="/home/travis/build/icyphy/ptII/ant/lib" />
    <property name="os.arch" value="amd64" />
    <property name="env.CONTINUOUS_INTEGRATION" value="true" />
    <property name="env.TRAVIS_LANGUAGE" value="node_js" />
    <property name="env.TRAVIS_STACK_LANGUAGES" value="__sardonyx__ c c++ clojure cplusplus cpp default generic go groovy java node_js php pure_java python ruby scala" />
    <property name="test.name" value="ptolemy.actor.lib.test.junit.JUnitTclTest" />
    <property name="env.APT_KEY_DONT_WARN_ON_DANGEROUS_USAGE" value="1" />
    <property name="sun.java.launcher" value="SUN_STANDARD" />
    <property name="env.PYTHON_CONFIGURE_OPTS" value="--enable-unicode=ucs4 --with-wide-unicode --enable-shared --enable-ipv6 --enable-loadable-sqlite-extensions --with-computed-gotos" />
    <property name="ant.core.lib" value="/home/travis/build/icyphy/ptII/ant/lib/ant.jar" />
    <property name="java.vm.specification.vendor" value="Oracle Corporation" />
    <property name="env.BCVTB_HOME" value="/home/travis/build/icyphy/ptII/lbnl" />
    <property name="file.separator" value="/" />
    <property name="spotbugs.home" value="/home/travis/build/icyphy/ptII/vendors/spotbugs-3.1.1" />
    <property name="java.runtime.version" value="11.0.2+9" />
    <property name="env.ANSI_CLEAR" value="\033[0K" />
    <property name="javafx.verbose" value="true" />
    <property name="env.HAS_JOSH_K_SEAL_OF_APPROVAL" value="true" />
    <property name="env.XDG_RUNTIME_DIR" value="/run/user/2000" />
    <property name="env.TRAVIS_OSX_IMAGE" value="" />
    <property name="env.TRAVIS_JOB_ID" value="617048076" />
    <property name="env.TRAVIS_BRANCH" value="master" />
    <property name="user.country" value="US" />
    <property name="env.CERTI_HOME_TRAVIS" value="/home/travis/pthla/certi-tools" />
    <property name="env.SHELL" value="/bin/bash" />
    <property name="java.maxmemory.large" value="3200m" />
    <property name="model" value="" />
    <property name="env.CASHER_DIR" value="/home/travis/.casher" />
    <property name="env.NVM_CD_FLAGS" value="" />
    <property name="java.vendor.version" value="18.9" />
    <property name="jshint.executable" value="/home/travis/node_modules/jshint/bin/jshint" />
    <property name="env.JRUBY_OPTS" value=" --client -J-XX:+TieredCompilation -J-XX:TieredStopAtLevel=1 -J-Xss2m -Xcompile.invokedynamic=false" />
    <property name="java.vendor" value="Oracle Corporation" />
    <property name="env.TRAVIS_PRE_CHEF_BOOTSTRAP_TIME" value="2019-03-25T16:16:42" />
    <property name="env.TRAVIS_STACK_JOB_BOARD_REGISTER" value="/.job-board-register.yml" />
    <property name="env.ANSI_RED" value="\033[31;1m" />
    <property name="java.specification.version" value="11" />
    <property name="env.IRBRC" value="/home/travis/.rvm/rubies/ruby-2.5.3/.irbrc" />
    <property name="env.TRAVIS" value="true" />
    <property name="sun.arch.data.model" value="64" />
  </properties>
  <testcase classname="ptolemy.util.test.junit.TclTests" name="[0] /home/travis/build/icyphy/ptII/ptolemy/domains/de/test/DependencyLoop.tcl (RunTclFile)" time="0.997" />
  <testcase classname="ptolemy.util.test.junit.TclTests" name="[1] /home/travis/build/icyphy/ptII/ptolemy/domains/de/test/RunDETestsAsQSS.tcl (RunTclFile)" time="88.832" />
  <testcase classname="ptolemy.util.test.junit.AutoKnownFailedTests" name="[0] /home/travis/build/icyphy/ptII/ptolemy/domains/de/test/auto/knownFailedTests/DESDFClockTest.xml (RunModel)" time="2.054" />
  <testcase classname="ptolemy.util.test.junit.AutoKnownFailedTests" name="[1] /home/travis/build/icyphy/ptII/ptolemy/domains/de/test/auto/knownFailedTests/DirectFeedback.xml (RunModel)" time="0.012" />
  <testcase classname="ptolemy.util.test.junit.AutoKnownFailedTests" name="[2] /home/travis/build/icyphy/ptII/ptolemy/domains/de/test/auto/knownFailedTests/FSMSource.xml (RunModel)" time="0.034" />
  <testcase classname="ptolemy.util.test.junit.AutoKnownFailedTests" name="[3] /home/travis/build/icyphy/ptII/ptolemy/domains/de/test/auto/knownFailedTests/HierarchicalModel.xml (RunModel)" time="0.048" />
  <testcase classname="ptolemy.util.test.junit.AutoKnownFailedTests" name="[4] /home/travis/build/icyphy/ptII/ptolemy/domains/de/test/auto/knownFailedTests/dependencyLoop.xml (RunModel)" time="0.095" />
  <testcase classname="ptolemy.util.test.junit.AutoKnownFailedTests" name="[5] /home/travis/build/icyphy/ptII/ptolemy/domains/de/test/auto/knownFailedTests/dependencyLoop2.xml (RunModel)" time="0.091" />
  <testcase classname="ptolemy.util.test.junit.AutoNameArchTests" name="[0] ThereAreNoAutoArchTests (RunModel)" time="0.008" />
  <testcase classname="ptolemy.util.test.junit.AutoTests" name="[0] /home/travis/build/icyphy/ptII/ptolemy/domains/de/test/auto/ActorDepthCalculation_actorWithoutPorts.xml (RunModel)" time="0.041" />
  <testcase classname="ptolemy.util.test.junit.AutoTests" name="[1] /home/travis/build/icyphy/ptII/ptolemy/domains/de/test/auto/AssemblyLine.xml (RunModel)" time="0.05" />
  <testcase classname="ptolemy.util.test.junit.AutoTests" name="[2] /home/travis/build/icyphy/ptII/ptolemy/domains/de/test/auto/CQBug1.xml (RunModel)" time="0.02" />
  <testcase classname="ptolemy.util.test.junit.AutoTests" name="[3] /home/travis/build/icyphy/ptII/ptolemy/domains/de/test/auto/CancelFireAt.xml (RunModel)" time="0.012" />
  <testcase classname="ptolemy.util.test.junit.AutoTests" name="[4] /home/travis/build/icyphy/ptII/ptolemy/domains/de/test/auto/CausalityAndComposabilityAnalysis.xml (RunModel)" time="0.011" />
  <testcase classname="ptolemy.util.test.junit.AutoTests" name="[5] /home/travis/build/icyphy/ptII/ptolemy/domains/de/test/auto/CausalityInterface1.xml (RunModel)" time="0.012" />
  <testcase classname="ptolemy.util.test.junit.AutoTests" name="[6] /home/travis/build/icyphy/ptII/ptolemy/domains/de/test/auto/CausalityInterface15.xml (RunModel)" time="0.016" />
  <testcase classname="ptolemy.util.test.junit.AutoTests" name="[7] /home/travis/build/icyphy/ptII/ptolemy/domains/de/test/auto/CausalityInterface2.xml (RunModel)" time="0.011" />
  <testcase classname="ptolemy.util.test.junit.AutoTests" name="[8] /home/travis/build/icyphy/ptII/ptolemy/domains/de/test/auto/CausalityInterface3.xml (RunModel)" time="0.011" />
  <testcase classname="ptolemy.util.test.junit.AutoTests" name="[9] /home/travis/build/icyphy/ptII/ptolemy/domains/de/test/auto/ClockDrift.xml (RunModel)" time="0.039" />
  <testcase classname="ptolemy.util.test.junit.AutoTests" name="[10] /home/travis/build/icyphy/ptII/ptolemy/domains/de/test/auto/ClockDriftAndValueChange.xml (RunModel)" time="0.036" />
  <testcase classname="ptolemy.util.test.junit.AutoTests" name="[11] /home/travis/build/icyphy/ptII/ptolemy/domains/de/test/auto/ClockDriftChange.xml (RunModel)" time="0.028" />
  <testcase classname="ptolemy.util.test.junit.AutoTests" name="[12] /home/travis/build/icyphy/ptII/ptolemy/domains/de/test/auto/ComposableCausalityAnalysis.xml (RunModel)" time="0.015" />
  <testcase classname="ptolemy.util.test.junit.AutoTests" name="[13] /home/travis/build/icyphy/ptII/ptolemy/domains/de/test/auto/DEFixedPointLimitation.xml (RunModel)" time="0.012" />
  <testcase classname="ptolemy.util.test.junit.AutoTests" name="[14] /home/travis/build/icyphy/ptII/ptolemy/domains/de/test/auto/DEScheduleTest.xml (RunModel)" time="0.015" />
  <testcase classname="ptolemy.util.test.junit.AutoTests" name="[15] /home/travis/build/icyphy/ptII/ptolemy/domains/de/test/auto/DEinDEwithStartTimes.xml (RunModel)" time="0.015" />
  <testcase classname="ptolemy.util.test.junit.AutoTests" name="[16] /home/travis/build/icyphy/ptII/ptolemy/domains/de/test/auto/DEinDEwithStartTimes2.xml (RunModel)" time="0.018" />
  <testcase classname="ptolemy.util.test.junit.AutoTests" name="[17] /home/travis/build/icyphy/ptII/ptolemy/domains/de/test/auto/DateDemo.xml (RunModel)" time="0.032" />
  <testcase classname="ptolemy.util.test.junit.AutoTests" name="[18] /home/travis/build/icyphy/ptII/ptolemy/domains/de/test/auto/DateToEvent.xml (RunModel)" time="2.041" />
  <testcase classname="ptolemy.util.test.junit.AutoTests" name="[19] /home/travis/build/icyphy/ptII/ptolemy/domains/de/test/auto/DepthTest1.xml (RunModel)" time="0.016" />
  <testcase classname="ptolemy.util.test.junit.AutoTests" name="[20] /home/travis/build/icyphy/ptII/ptolemy/domains/de/test/auto/DepthTest2.xml (RunModel)" time="0.022" />
  <testcase classname="ptolemy.util.test.junit.AutoTests" name="[21] /home/travis/build/icyphy/ptII/ptolemy/domains/de/test/auto/DepthTest3.xml (RunModel)" time="0.009" />
  <testcase classname="ptolemy.util.test.junit.AutoTests" name="[22] /home/travis/build/icyphy/ptII/ptolemy/domains/de/test/auto/DepthTest4.xml (RunModel)" time="0.02" />
  <testcase classname="ptolemy.util.test.junit.AutoTests" name="[23] /home/travis/build/icyphy/ptII/ptolemy/domains/de/test/auto/DepthTest5.xml (RunModel)" time="0.015" />
  <testcase classname="ptolemy.util.test.junit.AutoTests" name="[24] /home/travis/build/icyphy/ptII/ptolemy/domains/de/test/auto/DepthTest6.xml (RunModel)" time="0.013" />
  <testcase classname="ptolemy.util.test.junit.AutoTests" name="[25] /home/travis/build/icyphy/ptII/ptolemy/domains/de/test/auto/DepthTest7.xml (RunModel)" time="0.014" />
  <testcase classname="ptolemy.util.test.junit.AutoTests" name="[26] /home/travis/build/icyphy/ptII/ptolemy/domains/de/test/auto/EventToDate.xml (RunModel)" time="3.05" />
  <testcase classname="ptolemy.util.test.junit.AutoTests" name="[27] /home/travis/build/icyphy/ptII/ptolemy/domains/de/test/auto/FSM1.xml (RunModel)" time="0.046" />
  <testcase classname="ptolemy.util.test.junit.AutoTests" name="[28] /home/travis/build/icyphy/ptII/ptolemy/domains/de/test/auto/FSM7.xml (RunModel)" time="0.042" />
  <testcase classname="ptolemy.util.test.junit.AutoTests" name="[29] /home/travis/build/icyphy/ptII/ptolemy/domains/de/test/auto/Inspection.xml (RunModel)" time="0.042" />
  <testcase classname="ptolemy.util.test.junit.AutoTests" name="[30] /home/travis/build/icyphy/ptII/ptolemy/domains/de/test/auto/Iteration.xml (RunModel)" time="0.022" />
  <testcase classname="ptolemy.util.test.junit.AutoTests" name="[31] /home/travis/build/icyphy/ptII/ptolemy/domains/de/test/auto/LineFault.xml (RunModel)" time="0.627" />
  <testcase classname="ptolemy.util.test.junit.AutoTests" name="[32] /home/travis/build/icyphy/ptII/ptolemy/domains/de/test/auto/MergeModel1Add.xml (RunModel)" time="0.052" />
  <testcase classname="ptolemy.util.test.junit.AutoTests" name="[33] /home/travis/build/icyphy/ptII/ptolemy/domains/de/test/auto/MergeModel2Add.xml (RunModel)" time="0.045" />
  <testcase classname="ptolemy.util.test.junit.AutoTests" name="[34] /home/travis/build/icyphy/ptII/ptolemy/domains/de/test/auto/MergeModel3Add.xml (RunModel)" time="0.049" />
  <testcase classname="ptolemy.util.test.junit.AutoTests" name="[35] /home/travis/build/icyphy/ptII/ptolemy/domains/de/test/auto/MergeWithoutDiscard.xml (RunModel)" time="0.018" />
  <testcase classname="ptolemy.util.test.junit.AutoTests" name="[36] /home/travis/build/icyphy/ptII/ptolemy/domains/de/test/auto/Modal1.xml (RunModel)" time="0.025" />
  <testcase classname="ptolemy.util.test.junit.AutoTests" name="[37] /home/travis/build/icyphy/ptII/ptolemy/domains/de/test/auto/Modal2.xml (RunModel)" time="0.039" />
  <testcase classname="ptolemy.util.test.junit.AutoTests" name="[38] /home/travis/build/icyphy/ptII/ptolemy/domains/de/test/auto/Modal3.xml (RunModel)" time="0.027" />
  <testcase classname="ptolemy.util.test.junit.AutoTests" name="[39] /home/travis/build/icyphy/ptII/ptolemy/domains/de/test/auto/Modal4.xml (RunModel)" time="0.042" />
  <testcase classname="ptolemy.util.test.junit.AutoTests" name="[40] /home/travis/build/icyphy/ptII/ptolemy/domains/de/test/auto/Modal5.xml (RunModel)" time="0.029" />
  <testcase classname="ptolemy.util.test.junit.AutoTests" name="[41] /home/travis/build/icyphy/ptII/ptolemy/domains/de/test/auto/Modal6.xml (RunModel)" time="0.044" />
  <testcase classname="ptolemy.util.test.junit.AutoTests" name="[42] /home/travis/build/icyphy/ptII/ptolemy/domains/de/test/auto/Modal7.xml (RunModel)" time="0.049" />
  <testcase classname="ptolemy.util.test.junit.AutoTests" name="[43] /home/travis/build/icyphy/ptII/ptolemy/domains/de/test/auto/ModalModel.xml (RunModel)" time="0.179" />
  <testcase classname="ptolemy.util.test.junit.AutoTests" name="[44] /home/travis/build/icyphy/ptII/ptolemy/domains/de/test/auto/ModalSource.xml (RunModel)" time="0.026" />
  <testcase classname="ptolemy.util.test.junit.AutoTests" name="[45] /home/travis/build/icyphy/ptII/ptolemy/domains/de/test/auto/NonInterruptibleTimerZeroDelay.xml (RunModel)" time="0.01" />
  <testcase classname="ptolemy.util.test.junit.AutoTests" name="[46] /home/travis/build/icyphy/ptII/ptolemy/domains/de/test/auto/OpenQueueingNetwork.xml (RunModel)" time="2.423" />
  <testcase classname="ptolemy.util.test.junit.AutoTests" name="[47] /home/travis/build/icyphy/ptII/ptolemy/domains/de/test/auto/OpenQueuingNetwork.xml (RunModel)" time="0.312" />
  <testcase classname="ptolemy.util.test.junit.AutoTests" name="[48] /home/travis/build/icyphy/ptII/ptolemy/domains/de/test/auto/PeriodicSampler.xml (RunModel)" time="0.015" />
  <testcase classname="ptolemy.util.test.junit.AutoTests" name="[49] /home/travis/build/icyphy/ptII/ptolemy/domains/de/test/auto/PersistentIO.xml (RunModel)" time="0.023" />
  <testcase classname="ptolemy.util.test.junit.AutoTests" name="[50] /home/travis/build/icyphy/ptII/ptolemy/domains/de/test/auto/PortParameterResetOnInitialize.xml (RunModel)" time="0.009" />
  <testcase classname="ptolemy.util.test.junit.AutoTests" name="[51] /home/travis/build/icyphy/ptII/ptolemy/domains/de/test/auto/PortParameterUpdates.xml (RunModel)" time="0.015" />
  <testcase classname="ptolemy.util.test.junit.AutoTests" name="[52] /home/travis/build/icyphy/ptII/ptolemy/domains/de/test/auto/QueueAndServer.xml (RunModel)" time="0.024" />
  <testcase classname="ptolemy.util.test.junit.AutoTests" name="[53] /home/travis/build/icyphy/ptII/ptolemy/domains/de/test/auto/Records.xml (RunModel)" time="0.014" />
  <testcase classname="ptolemy.util.test.junit.AutoTests" name="[54] /home/travis/build/icyphy/ptII/ptolemy/domains/de/test/auto/ResetTransitionWithStartTime1.xml (RunModel)" time="0.023" />
  <testcase classname="ptolemy.util.test.junit.AutoTests" name="[55] /home/travis/build/icyphy/ptII/ptolemy/domains/de/test/auto/ResetTransitionWithStartTime2.xml (RunModel)" time="0.025" />
  <testcase classname="ptolemy.util.test.junit.AutoTests" name="[56] /home/travis/build/icyphy/ptII/ptolemy/domains/de/test/auto/ResetTransitionWithStartTime3.xml (RunModel)" time="0.02" />
  <testcase classname="ptolemy.util.test.junit.AutoTests" name="[57] /home/travis/build/icyphy/ptII/ptolemy/domains/de/test/auto/ResetTransitionWithStartTime4.xml (RunModel)" time="0.017" />
  <testcase classname="ptolemy.util.test.junit.AutoTests" name="[58] /home/travis/build/icyphy/ptII/ptolemy/domains/de/test/auto/ResettableTimer1.xml (RunModel)" time="0.009" />
  <testcase classname="ptolemy.util.test.junit.AutoTests" name="[59] /home/travis/build/icyphy/ptII/ptolemy/domains/de/test/auto/ResettableTimer2.xml (RunModel)" time="0.008" />
  <testcase classname="ptolemy.util.test.junit.AutoTests" name="[60] /home/travis/build/icyphy/ptII/ptolemy/domains/de/test/auto/ResettableTimer3.xml (RunModel)" time="0.009" />
  <testcase classname="ptolemy.util.test.junit.AutoTests" name="[61] /home/travis/build/icyphy/ptII/ptolemy/domains/de/test/auto/ResettableTimer4.xml (RunModel)" time="0.008" />
  <testcase classname="ptolemy.util.test.junit.AutoTests" name="[62] /home/travis/build/icyphy/ptII/ptolemy/domains/de/test/auto/ResettableTimer5.xml (RunModel)" time="0.008" />
  <testcase classname="ptolemy.util.test.junit.AutoTests" name="[63] /home/travis/build/icyphy/ptII/ptolemy/domains/de/test/auto/ResettableTimer6.xml (RunModel)" time="0.016" />
  <testcase classname="ptolemy.util.test.junit.AutoTests" name="[64] /home/travis/build/icyphy/ptII/ptolemy/domains/de/test/auto/ServerZeroDelay.xml (RunModel)" time="0.008" />
  <testcase classname="ptolemy.util.test.junit.AutoTests" name="[65] /home/travis/build/icyphy/ptII/ptolemy/domains/de/test/auto/SmartSender.xml (RunModel)" time="3.007" />
  <testcase classname="ptolemy.util.test.junit.AutoTests" name="[66] /home/travis/build/icyphy/ptII/ptolemy/domains/de/test/auto/ThreadedComposite.xml (RunModel)" time="0.233" />
  <testcase classname="ptolemy.util.test.junit.AutoTests" name="[67] /home/travis/build/icyphy/ptII/ptolemy/domains/de/test/auto/Time.xml (RunModel)" time="0.484" />
  <testcase classname="ptolemy.util.test.junit.AutoTests" name="[68] /home/travis/build/icyphy/ptII/ptolemy/domains/de/test/auto/TimeDelayZeroDelay.xml (RunModel)" time="0.011" />
  <testcase classname="ptolemy.util.test.junit.AutoTests" name="[69] /home/travis/build/icyphy/ptII/ptolemy/domains/de/test/auto/TimerZeroDelay.xml (RunModel)" time="0.014" />
  <testcase classname="ptolemy.util.test.junit.AutoTests" name="[70] /home/travis/build/icyphy/ptII/ptolemy/domains/de/test/auto/TimingParadox.xml (RunModel)" time="0.383" />
  <testcase classname="ptolemy.util.test.junit.AutoTests" name="[71] /home/travis/build/icyphy/ptII/ptolemy/domains/de/test/auto/TransferInputs.xml (RunModel)" time="0.014" />
  <testcase classname="ptolemy.util.test.junit.AutoTests" name="[72] /home/travis/build/icyphy/ptII/ptolemy/domains/de/test/auto/TransferOutputs2.xml (RunModel)" time="0.014" />
  <testcase classname="ptolemy.util.test.junit.AutoTests" name="[73] /home/travis/build/icyphy/ptII/ptolemy/domains/de/test/auto/Trilateration.xml (RunModel)" time="12.501" />
  <testcase classname="ptolemy.util.test.junit.AutoTests" name="[74] /home/travis/build/icyphy/ptII/ptolemy/domains/de/test/auto/TwoSigmaDelta.xml (RunModel)" time="2.124" />
  <testcase classname="ptolemy.util.test.junit.AutoTests" name="[75] /home/travis/build/icyphy/ptII/ptolemy/domains/de/test/auto/VariableDelay.xml (RunModel)" time="0.014" />
  <testcase classname="ptolemy.util.test.junit.AutoTests" name="[76] /home/travis/build/icyphy/ptII/ptolemy/domains/de/test/auto/VariableDelay2.xml (RunModel)" time="0.012" />
  <testcase classname="ptolemy.util.test.junit.AutoTests" name="[77] /home/travis/build/icyphy/ptII/ptolemy/domains/de/test/auto/VariableDelayZeroDelay.xml (RunModel)" time="0.012" />
  <testcase classname="ptolemy.util.test.junit.AutoTests" name="[78] /home/travis/build/icyphy/ptII/ptolemy/domains/de/test/auto/VariableDelayZeroDelay2.xml (RunModel)" time="0.015" />
  <testcase classname="ptolemy.util.test.junit.AutoTests" name="[79] /home/travis/build/icyphy/ptII/ptolemy/domains/de/test/auto/deInCt.xml (RunModel)" time="0.014" />
  <testcase classname="ptolemy.util.test.junit.AutoTests" name="[80] /home/travis/build/icyphy/ptII/ptolemy/domains/de/test/auto/deInCt2.xml (RunModel)" time="0.014" />
  <testcase classname="ptolemy.util.test.junit.AutoTests" name="[81] /home/travis/build/icyphy/ptII/ptolemy/domains/de/test/auto/dynamicCausalityInterface1.xml (RunModel)" time="0.016" />
  <testcase classname="ptolemy.util.test.junit.AutoTests" name="[82] /home/travis/build/icyphy/ptII/ptolemy/domains/de/test/auto/fsm_de_test.xml (RunModel)" time="0.022" />
  <testcase classname="ptolemy.util.test.junit.AutoTests" name="[83] /home/travis/build/icyphy/ptII/ptolemy/domains/de/test/auto/functionDependencyReconstruction.xml (RunModel)" time="0.028" />
  <testcase classname="ptolemy.util.test.junit.AutoTests" name="[84] /home/travis/build/icyphy/ptII/ptolemy/domains/de/test/auto/multirate.xml (RunModel)" time="0.014" />
  <testcase classname="ptolemy.util.test.junit.AutoTests" name="[85] /home/travis/build/icyphy/ptII/ptolemy/domains/de/test/auto/multirate2.xml (RunModel)" time="0.015" />
  <testcase classname="ptolemy.util.test.junit.AutoTests" name="[86] /home/travis/build/icyphy/ptII/ptolemy/domains/de/test/auto/realtime.xml (RunModel)" time="10.015" />
  <testcase classname="ptolemy.util.test.junit.AutoTests" name="[87] /home/travis/build/icyphy/ptII/ptolemy/domains/de/test/auto/relationGroup.xml (RunModel)" time="0.008" />
  <testcase classname="ptolemy.util.test.junit.AutoTests" name="[88] /home/travis/build/icyphy/ptII/ptolemy/domains/de/test/auto/relationGroup2.xml (RunModel)" time="0.008" />
  <testcase classname="ptolemy.util.test.junit.AutoTests" name="[89] /home/travis/build/icyphy/ptII/ptolemy/domains/de/test/auto/sortWithOpaquePorts.xml (RunModel)" time="0.013" />
  <testcase classname="ptolemy.util.test.junit.AutoTests" name="[90] /home/travis/build/icyphy/ptII/ptolemy/domains/de/test/auto/transferInputsandOutputs.xml (RunModel)" time="0.02" />
  <testcase classname="ptolemy.util.test.junit.AutoTests" name="[91] /home/travis/build/icyphy/ptII/ptolemy/domains/de/test/auto/triggerType.xml (RunModel)" time="0.011" />
  <system-out><![CDATA[/home/travis/build/icyphy/ptII/ptolemy/domains/de/test/DependencyLoop.tcl
testDefs.tcl: setting time out to 9000 seconds at Tue Nov 26 06:16:39 UTC 2019
65 ms. Memory: 120832K Free: 71623K (59%)
15 ms. Memory: 120832K Free: 54215K (45%)
/home/travis/build/icyphy/ptII/ptolemy/domains/de/test/RunDETestsAsQSS.tcl
Run the DE tests using ptolemy.domains.qss.test.QSSDirectorTest, which extends QSSDirector and prints a message in the constructors.
------------------ testing $PTII/ptolemy/domains/de/test/auto/knownFailedTests/DirectFeedback.xml (Known Failure) 
33 ms. Memory: 120832K Free: 48581K (40%)


==== $PTIIhome/travis/build/icyphy/ptII/ptolemy/domains/de/test/../../../../: Auto Automatic test in file $PTII/ptolemy/domains/de/test/auto/knownFailedTests/DirectFeedback.xml
==== Contents of test case:

	    # FIXME: we should use $relativeFilename here, but it
	    # might have backslashes under Windows, which causes no end
	    # of trouble.
	    createAndExecute $file
	    list {}
	
.... Test generated KNOWN error:
    while executing
ptolemy.kernel.util.IllegalActionException: Test fails in iteration 1.
Value was: 1.0. Should have been: 2.0
  in .DirectFeedback.Test
	at ptolemy.actor.lib.Test.fire(Test.java:268)
	at ptolemy.domains.de.kernel.DEDirector._fire(DEDirector.java:1949)
	at ptolemy.domains.de.kernel.DEDirector.fire(DEDirector.java:502)
	at ptolemy.actor.CompositeActor.fire(CompositeActor.java:455)
	at ptolemy.actor.Manager.iterate(Manager.java:851)
	at ptolemy.actor.Manager.execute(Manager.java:369)
	at ptolemy.actor.Manager.run(Manager.java:1263)
	at ptolemy.actor.Manager$PtolemyRunThread.run(Manager.java:1933)

    while executing
ptolemy.kernel.util.IllegalActionException: Test fails in iteration 1.
Value was: 1.0. Should have been: 2.0
  in .DirectFeedback.Test
    while executing
"java::new ptolemy.moml.MoMLSimpleApplication $file
"
    (procedure "createAndExecute" line 2)
    invoked from within
"createAndExecute $file"
    ("uplevel" body line 5)
    invoked from within
"uplevel $contents_of_test"
------------------ testing $PTII/ptolemy/domains/de/test/auto/knownFailedTests/dependencyLoop.xml (Known Failure) 
39 ms. Memory: 120832K Free: 108101K (89%)


==== $PTIIhome/travis/build/icyphy/ptII/ptolemy/domains/de/test/../../../../: Auto Automatic test in file $PTII/ptolemy/domains/de/test/auto/knownFailedTests/dependencyLoop.xml
==== Contents of test case:

	    # FIXME: we should use $relativeFilename here, but it
	    # might have backslashes under Windows, which causes no end
	    # of trouble.
	    createAndExecute $file
	    list {}
	
.... Test generated KNOWN error:
    while executing
ptolemy.kernel.util.IllegalActionException: Found a zero delay loop containing .dependencyLoop.original
  in .dependencyLoop and .dependencyLoop.original
	at ptolemy.actor.util.CausalityInterfaceForComposites._computeOutputPortDepth(CausalityInterfaceForComposites.java:759)
	at ptolemy.actor.util.CausalityInterfaceForComposites._computeInputDepth(CausalityInterfaceForComposites.java:696)
	at ptolemy.actor.util.CausalityInterfaceForComposites._computeOutputPortDepth(CausalityInterfaceForComposites.java:765)
	at ptolemy.actor.util.CausalityInterfaceForComposites._computeInputDepth(CausalityInterfaceForComposites.java:696)
	at ptolemy.actor.util.CausalityInterfaceForComposites._computeOutputPortDepth(CausalityInterfaceForComposites.java:765)
	at ptolemy.actor.util.CausalityInterfaceForComposites._computeInputDepth(CausalityInterfaceForComposites.java:696)
	at ptolemy.actor.util.CausalityInterfaceForComposites._computeActorDepth(CausalityInterfaceForComposites.java:532)
	at ptolemy.actor.util.CausalityInterfaceForComposites.checkForCycles(CausalityInterfaceForComposites.java:96)
	at ptolemy.domains.de.kernel.DEDirector.preinitialize(DEDirector.java:1338)
	at ptolemy.actor.CompositeActor.preinitialize(CompositeActor.java:1828)
	at ptolemy.actor.Manager.preinitializeAndResolveTypes(Manager.java:1040)
	at ptolemy.actor.Manager.initialize(Manager.java:710)
	at ptolemy.actor.Manager.execute(Manager.java:356)
	at ptolemy.actor.Manager.run(Manager.java:1263)
	at ptolemy.actor.Manager$PtolemyRunThread.run(Manager.java:1933)

    while executing
ptolemy.kernel.util.IllegalActionException: Found a zero delay loop containing .dependencyLoop.original
  in .dependencyLoop and .dependencyLoop.original
    while executing
"java::new ptolemy.moml.MoMLSimpleApplication $file
"
    (procedure "createAndExecute" line 2)
    invoked from within
"createAndExecute $file"
    ("uplevel" body line 5)
    invoked from within
"uplevel $contents_of_test"
------------------ testing $PTII/ptolemy/domains/de/test/auto/knownFailedTests/FSMSource.xml (Known Failure) 
39 ms. Memory: 120832K Free: 99232K (82%)
!!!! Auto was marked as failing, but now passes
------------------ testing $PTII/ptolemy/domains/de/test/auto/knownFailedTests/HierarchicalModel.xml (Known Failure) 
13 ms. Memory: 120832K Free: 81786K (68%)


==== $PTIIhome/travis/build/icyphy/ptII/ptolemy/domains/de/test/../../../../: Auto Automatic test in file $PTII/ptolemy/domains/de/test/auto/knownFailedTests/HierarchicalModel.xml
==== Contents of test case:

	    # FIXME: we should use $relativeFilename here, but it
	    # might have backslashes under Windows, which causes no end
	    # of trouble.
	    createAndExecute $file
	    list {}
	
.... Test generated KNOWN error:
    while executing
ptolemy.kernel.util.IllegalActionException: Found a zero delay loop containing .HierarchicalModel.A
  in .HierarchicalModel and .HierarchicalModel.A
	at ptolemy.actor.util.CausalityInterfaceForComposites._computeOutputPortDepth(CausalityInterfaceForComposites.java:759)
	at ptolemy.actor.util.CausalityInterfaceForComposites._computeInputDepth(CausalityInterfaceForComposites.java:696)
	at ptolemy.actor.util.CausalityInterfaceForComposites._computeOutputPortDepth(CausalityInterfaceForComposites.java:765)
	at ptolemy.actor.util.CausalityInterfaceForComposites._computeInputDepth(CausalityInterfaceForComposites.java:696)
	at ptolemy.actor.util.CausalityInterfaceForComposites._computeOutputPortDepth(CausalityInterfaceForComposites.java:765)
	at ptolemy.actor.util.CausalityInterfaceForComposites._computeInputDepth(CausalityInterfaceForComposites.java:696)
	at ptolemy.actor.util.CausalityInterfaceForComposites._computeActorDepth(CausalityInterfaceForComposites.java:532)
	at ptolemy.actor.util.CausalityInterfaceForComposites.checkForCycles(CausalityInterfaceForComposites.java:96)
	at ptolemy.domains.de.kernel.DEDirector.preinitialize(DEDirector.java:1338)
	at ptolemy.actor.CompositeActor.preinitialize(CompositeActor.java:1828)
	at ptolemy.actor.Manager.preinitializeAndResolveTypes(Manager.java:1040)
	at ptolemy.actor.Manager.initialize(Manager.java:710)
	at ptolemy.actor.Manager.execute(Manager.java:356)
	at ptolemy.actor.Manager.run(Manager.java:1263)
	at ptolemy.actor.Manager$PtolemyRunThread.run(Manager.java:1933)

    while executing
ptolemy.kernel.util.IllegalActionException: Found a zero delay loop containing .HierarchicalModel.A
  in .HierarchicalModel and .HierarchicalModel.A
    while executing
"java::new ptolemy.moml.MoMLSimpleApplication $file
"
    (procedure "createAndExecute" line 2)
    invoked from within
"createAndExecute $file"
    ("uplevel" body line 5)
    invoked from within
"uplevel $contents_of_test"
------------------ testing $PTII/ptolemy/domains/de/test/auto/knownFailedTests/dependencyLoop2.xml (Known Failure) 
5 ms. Memory: 120832K Free: 65877K (55%)


==== $PTIIhome/travis/build/icyphy/ptII/ptolemy/domains/de/test/../../../../: Auto Automatic test in file $PTII/ptolemy/domains/de/test/auto/knownFailedTests/dependencyLoop2.xml
==== Contents of test case:

	    # FIXME: we should use $relativeFilename here, but it
	    # might have backslashes under Windows, which causes no end
	    # of trouble.
	    createAndExecute $file
	    list {}
	
.... Test generated KNOWN error:
    while executing
ptolemy.kernel.util.IllegalActionException: Found a zero delay loop containing .dependencyLoop2.original
  in .dependencyLoop2 and .dependencyLoop2.original
	at ptolemy.actor.util.CausalityInterfaceForComposites._computeOutputPortDepth(CausalityInterfaceForComposites.java:759)
	at ptolemy.actor.util.CausalityInterfaceForComposites._computeInputDepth(CausalityInterfaceForComposites.java:696)
	at ptolemy.actor.util.CausalityInterfaceForComposites._computeOutputPortDepth(CausalityInterfaceForComposites.java:765)
	at ptolemy.actor.util.CausalityInterfaceForComposites._computeInputDepth(CausalityInterfaceForComposites.java:696)
	at ptolemy.actor.util.CausalityInterfaceForComposites._computeOutputPortDepth(CausalityInterfaceForComposites.java:765)
	at ptolemy.actor.util.CausalityInterfaceForComposites._computeInputDepth(CausalityInterfaceForComposites.java:696)
	at ptolemy.actor.util.CausalityInterfaceForComposites._computeActorDepth(CausalityInterfaceForComposites.java:532)
	at ptolemy.actor.util.CausalityInterfaceForComposites.checkForCycles(CausalityInterfaceForComposites.java:96)
	at ptolemy.domains.de.kernel.DEDirector.preinitialize(DEDirector.java:1338)
	at ptolemy.actor.CompositeActor.preinitialize(CompositeActor.java:1828)
	at ptolemy.actor.Manager.preinitializeAndResolveTypes(Manager.java:1040)
	at ptolemy.actor.Manager.initialize(Manager.java:710)
	at ptolemy.actor.Manager.execute(Manager.java:356)
	at ptolemy.actor.Manager.run(Manager.java:1263)
	at ptolemy.actor.Manager$PtolemyRunThread.run(Manager.java:1933)

    while executing
ptolemy.kernel.util.IllegalActionException: Found a zero delay loop containing .dependencyLoop2.original
  in .dependencyLoop2 and .dependencyLoop2.original
    while executing
"java::new ptolemy.moml.MoMLSimpleApplication $file
"
    (procedure "createAndExecute" line 2)
    invoked from within
"createAndExecute $file"
    ("uplevel" body line 5)
    invoked from within
"uplevel $contents_of_test"
------------------ testing $PTII/ptolemy/domains/de/test/auto/knownFailedTests/DESDFClockTest.xml (Known Failure) 
2064 ms. Memory: 120832K Free: 95718K (79%)


==== $PTIIhome/travis/build/icyphy/ptII/ptolemy/domains/de/test/../../../../: Auto Automatic test in file $PTII/ptolemy/domains/de/test/auto/knownFailedTests/DESDFClockTest.xml
==== Contents of test case:

	    # FIXME: we should use $relativeFilename here, but it
	    # might have backslashes under Windows, which causes no end
	    # of trouble.
	    createAndExecute $file
	    list {}
	
.... Test generated KNOWN error:
    while executing
ptolemy.kernel.util.IllegalActionException: Actor is not ready to fire.  Perhaps UpSample.prefire() returned false? Try debugging the actor by selecting "Listen to Actor".  Also, for SDF check moml for tokenConsumptionRate on input.
  in .DESDFClockTest.Play Bell.Copy1:SDF Director and .DESDFClockTest.Play Bell.UpSample
	at ptolemy.actor.sched.StaticSchedulingDirector.fire(StaticSchedulingDirector.java:227)
	at ptolemy.domains.sdf.kernel.SDFDirector.fire(SDFDirector.java:500)
	at ptolemy.actor.CompositeActor.fire(CompositeActor.java:455)
	at ptolemy.domains.de.kernel.DEDirector._fire(DEDirector.java:1949)
	at ptolemy.domains.de.kernel.DEDirector.fire(DEDirector.java:502)
	at ptolemy.actor.CompositeActor.fire(CompositeActor.java:455)
	at ptolemy.actor.Manager.iterate(Manager.java:851)
	at ptolemy.actor.Manager.execute(Manager.java:369)
	at ptolemy.actor.Manager.run(Manager.java:1263)
	at ptolemy.actor.Manager$PtolemyRunThread.run(Manager.java:1933)

    while executing
ptolemy.kernel.util.IllegalActionException: Actor is not ready to fire.  Perhaps UpSample.prefire() returned false? Try debugging the actor by selecting "Listen to Actor".  Also, for SDF check moml for tokenConsumptionRate on input.
  in .DESDFClockTest.Play Bell.Copy1:SDF Director and .DESDFClockTest.Play Bell.UpSample
    while executing
"java::new ptolemy.moml.MoMLSimpleApplication $file
"
    (procedure "createAndExecute" line 2)
    invoked from within
"createAndExecute $file"
    ("uplevel" body line 5)
    invoked from within
"uplevel $contents_of_test"
------------------ testing $PTII/ptolemy/domains/de/test/auto/ActorDepthCalculation_actorWithoutPorts.xml
auto.tcl: Setting watchdog for 200 seconds at Tue Nov 26 06:16:43 UTC 2019
8 ms. Memory: 120832K Free: 88512K (73%)
ptolemy.util.test.WatchDog.cancel(): canceling Tue Nov 26 06:16:43 UTC 2019
auto.tcl: Setting watchdog for 200 seconds at Tue Nov 26 06:16:43 UTC 2019
4 ms. Memory: 120832K Free: 87269K (72%)
ptolemy.util.test.WatchDog.cancel(): canceling Tue Nov 26 06:16:43 UTC 2019
------------------ testing $PTII/ptolemy/domains/de/test/auto/AssemblyLine.xml
auto.tcl: Setting watchdog for 200 seconds at Tue Nov 26 06:16:43 UTC 2019
11 ms. Memory: 48128K Free: 25525K (53%)
ptolemy.util.test.WatchDog.cancel(): canceling Tue Nov 26 06:16:44 UTC 2019
auto.tcl: Setting watchdog for 200 seconds at Tue Nov 26 06:16:44 UTC 2019
7 ms. Memory: 48128K Free: 25087K (52%)
ptolemy.util.test.WatchDog.cancel(): canceling Tue Nov 26 06:16:44 UTC 2019
------------------ testing $PTII/ptolemy/domains/de/test/auto/CQBug1.xml
auto.tcl: Setting watchdog for 200 seconds at Tue Nov 26 06:16:44 UTC 2019
6 ms. Memory: 48128K Free: 31557K (66%)
ptolemy.util.test.WatchDog.cancel(): canceling Tue Nov 26 06:16:44 UTC 2019
auto.tcl: Setting watchdog for 200 seconds at Tue Nov 26 06:16:44 UTC 2019
2 ms. Memory: 48128K Free: 31126K (65%)
ptolemy.util.test.WatchDog.cancel(): canceling Tue Nov 26 06:16:44 UTC 2019
------------------ testing $PTII/ptolemy/domains/de/test/auto/CancelFireAt.xml
auto.tcl: Setting watchdog for 200 seconds at Tue Nov 26 06:16:44 UTC 2019
8 ms. Memory: 45056K Free: 29743K (66%)
ptolemy.util.test.WatchDog.cancel(): canceling Tue Nov 26 06:16:44 UTC 2019
auto.tcl: Setting watchdog for 200 seconds at Tue Nov 26 06:16:44 UTC 2019
2 ms. Memory: 45056K Free: 28954K (64%)
ptolemy.util.test.WatchDog.cancel(): canceling Tue Nov 26 06:16:44 UTC 2019
------------------ testing $PTII/ptolemy/domains/de/test/auto/CausalityAndComposabilityAnalysis.xml
auto.tcl: Setting watchdog for 200 seconds at Tue Nov 26 06:16:44 UTC 2019
6 ms. Memory: 45056K Free: 27463K (61%)
ptolemy.util.test.WatchDog.cancel(): canceling Tue Nov 26 06:16:44 UTC 2019
auto.tcl: Setting watchdog for 200 seconds at Tue Nov 26 06:16:44 UTC 2019
8 ms. Memory: 45056K Free: 27037K (60%)
ptolemy.util.test.WatchDog.cancel(): canceling Tue Nov 26 06:16:44 UTC 2019
------------------ testing $PTII/ptolemy/domains/de/test/auto/CausalityInterface1.xml
auto.tcl: Setting watchdog for 200 seconds at Tue Nov 26 06:16:44 UTC 2019
20 ms. Memory: 45056K Free: 26411K (59%)
ptolemy.util.test.WatchDog.cancel(): canceling Tue Nov 26 06:16:44 UTC 2019
auto.tcl: Setting watchdog for 200 seconds at Tue Nov 26 06:16:44 UTC 2019
5 ms. Memory: 45056K Free: 25419K (56%)
ptolemy.util.test.WatchDog.cancel(): canceling Tue Nov 26 06:16:44 UTC 2019
------------------ testing $PTII/ptolemy/domains/de/test/auto/CausalityInterface15.xml
auto.tcl: Setting watchdog for 200 seconds at Tue Nov 26 06:16:44 UTC 2019
8 ms. Memory: 45056K Free: 26271K (58%)
ptolemy.util.test.WatchDog.cancel(): canceling Tue Nov 26 06:16:44 UTC 2019
auto.tcl: Setting watchdog for 200 seconds at Tue Nov 26 06:16:44 UTC 2019
6 ms. Memory: 45056K Free: 25361K (56%)
ptolemy.util.test.WatchDog.cancel(): canceling Tue Nov 26 06:16:44 UTC 2019
------------------ testing $PTII/ptolemy/domains/de/test/auto/CausalityInterface2.xml
auto.tcl: Setting watchdog for 200 seconds at Tue Nov 26 06:16:44 UTC 2019
3 ms. Memory: 45056K Free: 27101K (60%)
ptolemy.util.test.WatchDog.cancel(): canceling Tue Nov 26 06:16:44 UTC 2019
auto.tcl: Setting watchdog for 200 seconds at Tue Nov 26 06:16:44 UTC 2019
3 ms. Memory: 45056K Free: 26346K (58%)
ptolemy.util.test.WatchDog.cancel(): canceling Tue Nov 26 06:16:44 UTC 2019
------------------ testing $PTII/ptolemy/domains/de/test/auto/CausalityInterface3.xml
auto.tcl: Setting watchdog for 200 seconds at Tue Nov 26 06:16:44 UTC 2019
3 ms. Memory: 45056K Free: 26572K (59%)
ptolemy.util.test.WatchDog.cancel(): canceling Tue Nov 26 06:16:44 UTC 2019
auto.tcl: Setting watchdog for 200 seconds at Tue Nov 26 06:16:44 UTC 2019
2 ms. Memory: 45056K Free: 25811K (57%)
ptolemy.util.test.WatchDog.cancel(): canceling Tue Nov 26 06:16:44 UTC 2019
------------------ testing $PTII/ptolemy/domains/de/test/auto/ClockDrift.xml
auto.tcl: Setting watchdog for 200 seconds at Tue Nov 26 06:16:44 UTC 2019
71 ms. Memory: 45056K Free: 18741K (42%)
ptolemy.util.test.WatchDog.cancel(): canceling Tue Nov 26 06:16:44 UTC 2019
auto.tcl: Setting watchdog for 200 seconds at Tue Nov 26 06:16:44 UTC 2019
70 ms. Memory: 45056K Free: 15777K (35%)
ptolemy.util.test.WatchDog.cancel(): canceling Tue Nov 26 06:16:44 UTC 2019
------------------ testing $PTII/ptolemy/domains/de/test/auto/ClockDriftAndValueChange.xml
auto.tcl: Setting watchdog for 200 seconds at Tue Nov 26 06:16:44 UTC 2019
52 ms. Memory: 45056K Free: 19229K (43%)
ptolemy.util.test.WatchDog.cancel(): canceling Tue Nov 26 06:16:45 UTC 2019
auto.tcl: Setting watchdog for 200 seconds at Tue Nov 26 06:16:45 UTC 2019
32 ms. Memory: 45056K Free: 16374K (36%)
ptolemy.util.test.WatchDog.cancel(): canceling Tue Nov 26 06:16:45 UTC 2019
------------------ testing $PTII/ptolemy/domains/de/test/auto/ClockDriftChange.xml
auto.tcl: Setting watchdog for 200 seconds at Tue Nov 26 06:16:45 UTC 2019
29 ms. Memory: 45056K Free: 21276K (47%)
ptolemy.util.test.WatchDog.cancel(): canceling Tue Nov 26 06:16:45 UTC 2019
auto.tcl: Setting watchdog for 200 seconds at Tue Nov 26 06:16:45 UTC 2019
26 ms. Memory: 45056K Free: 18422K (41%)
ptolemy.util.test.WatchDog.cancel(): canceling Tue Nov 26 06:16:45 UTC 2019
------------------ testing $PTII/ptolemy/domains/de/test/auto/ComposableCausalityAnalysis.xml
auto.tcl: Setting watchdog for 200 seconds at Tue Nov 26 06:16:45 UTC 2019
2 ms. Memory: 45056K Free: 25854K (57%)
ptolemy.util.test.WatchDog.cancel(): canceling Tue Nov 26 06:16:45 UTC 2019
auto.tcl: Setting watchdog for 200 seconds at Tue Nov 26 06:16:45 UTC 2019
5 ms. Memory: 45056K Free: 24604K (55%)
ptolemy.util.test.WatchDog.cancel(): canceling Tue Nov 26 06:16:45 UTC 2019
------------------ testing $PTII/ptolemy/domains/de/test/auto/DEFixedPointLimitation.xml
auto.tcl: Setting watchdog for 200 seconds at Tue Nov 26 06:16:45 UTC 2019
2 ms. Memory: 45056K Free: 27040K (60%)
ptolemy.util.test.WatchDog.cancel(): canceling Tue Nov 26 06:16:45 UTC 2019
auto.tcl: Setting watchdog for 200 seconds at Tue Nov 26 06:16:45 UTC 2019
2 ms. Memory: 45056K Free: 26172K (58%)
ptolemy.util.test.WatchDog.cancel(): canceling Tue Nov 26 06:16:45 UTC 2019
------------------ testing $PTII/ptolemy/domains/de/test/auto/DEScheduleTest.xml
auto.tcl: Setting watchdog for 200 seconds at Tue Nov 26 06:16:45 UTC 2019
3 ms. Memory: 45056K Free: 27305K (61%)
ptolemy.util.test.WatchDog.cancel(): canceling Tue Nov 26 06:16:45 UTC 2019
auto.tcl: Setting watchdog for 200 seconds at Tue Nov 26 06:16:45 UTC 2019
2 ms. Memory: 45056K Free: 26582K (59%)
ptolemy.util.test.WatchDog.cancel(): canceling Tue Nov 26 06:16:45 UTC 2019
------------------ testing $PTII/ptolemy/domains/de/test/auto/DEinDEwithStartTimes.xml
auto.tcl: Setting watchdog for 200 seconds at Tue Nov 26 06:16:45 UTC 2019
3 ms. Memory: 45056K Free: 25514K (57%)
ptolemy.util.test.WatchDog.cancel(): canceling Tue Nov 26 06:16:45 UTC 2019
auto.tcl: Setting watchdog for 200 seconds at Tue Nov 26 06:16:45 UTC 2019
4 ms. Memory: 45056K Free: 24469K (54%)
ptolemy.util.test.WatchDog.cancel(): canceling Tue Nov 26 06:16:45 UTC 2019
------------------ testing $PTII/ptolemy/domains/de/test/auto/DEinDEwithStartTimes2.xml
auto.tcl: Setting watchdog for 200 seconds at Tue Nov 26 06:16:45 UTC 2019
4 ms. Memory: 45056K Free: 24781K (55%)
ptolemy.util.test.WatchDog.cancel(): canceling Tue Nov 26 06:16:45 UTC 2019
auto.tcl: Setting watchdog for 200 seconds at Tue Nov 26 06:16:45 UTC 2019
4 ms. Memory: 45056K Free: 23427K (52%)
ptolemy.util.test.WatchDog.cancel(): canceling Tue Nov 26 06:16:45 UTC 2019
------------------ testing $PTII/ptolemy/domains/de/test/auto/DateDemo.xml
auto.tcl: Setting watchdog for 200 seconds at Tue Nov 26 06:16:45 UTC 2019
25 ms. Memory: 45056K Free: 19089K (42%)
ptolemy.util.test.WatchDog.cancel(): canceling Tue Nov 26 06:16:45 UTC 2019
auto.tcl: Setting watchdog for 200 seconds at Tue Nov 26 06:16:45 UTC 2019
6 ms. Memory: 45056K Free: 17557K (39%)
ptolemy.util.test.WatchDog.cancel(): canceling Tue Nov 26 06:16:45 UTC 2019
------------------ testing $PTII/ptolemy/domains/de/test/auto/DateToEvent.xml
auto.tcl: Setting watchdog for 200 seconds at Tue Nov 26 06:16:45 UTC 2019
2016 ms. Memory: 45056K Free: 14991K (33%)
ptolemy.util.test.WatchDog.cancel(): canceling Tue Nov 26 06:16:47 UTC 2019
auto.tcl: Setting watchdog for 200 seconds at Tue Nov 26 06:16:47 UTC 2019
2004 ms. Memory: 45056K Free: 14264K (32%)
ptolemy.util.test.WatchDog.cancel(): canceling Tue Nov 26 06:16:49 UTC 2019
------------------ testing $PTII/ptolemy/domains/de/test/auto/DepthTest1.xml
auto.tcl: Setting watchdog for 200 seconds at Tue Nov 26 06:16:49 UTC 2019
4 ms. Memory: 45056K Free: 28279K (63%)
ptolemy.util.test.WatchDog.cancel(): canceling Tue Nov 26 06:16:49 UTC 2019
auto.tcl: Setting watchdog for 200 seconds at Tue Nov 26 06:16:49 UTC 2019
4 ms. Memory: 45056K Free: 27761K (62%)
ptolemy.util.test.WatchDog.cancel(): canceling Tue Nov 26 06:16:50 UTC 2019
------------------ testing $PTII/ptolemy/domains/de/test/auto/DepthTest2.xml
auto.tcl: Setting watchdog for 200 seconds at Tue Nov 26 06:16:50 UTC 2019
5 ms. Memory: 45056K Free: 24795K (55%)
ptolemy.util.test.WatchDog.cancel(): canceling Tue Nov 26 06:16:50 UTC 2019
auto.tcl: Setting watchdog for 200 seconds at Tue Nov 26 06:16:50 UTC 2019
2 ms. Memory: 45056K Free: 24070K (53%)
ptolemy.util.test.WatchDog.cancel(): canceling Tue Nov 26 06:16:50 UTC 2019
------------------ testing $PTII/ptolemy/domains/de/test/auto/DepthTest3.xml
auto.tcl: Setting watchdog for 200 seconds at Tue Nov 26 06:16:50 UTC 2019
2 ms. Memory: 45056K Free: 28609K (63%)
ptolemy.util.test.WatchDog.cancel(): canceling Tue Nov 26 06:16:50 UTC 2019
auto.tcl: Setting watchdog for 200 seconds at Tue Nov 26 06:16:50 UTC 2019
2 ms. Memory: 45056K Free: 28071K (62%)
ptolemy.util.test.WatchDog.cancel(): canceling Tue Nov 26 06:16:50 UTC 2019
------------------ testing $PTII/ptolemy/domains/de/test/auto/DepthTest4.xml
auto.tcl: Setting watchdog for 200 seconds at Tue Nov 26 06:16:50 UTC 2019
6 ms. Memory: 45056K Free: 26831K (60%)
ptolemy.util.test.WatchDog.cancel(): canceling Tue Nov 26 06:16:50 UTC 2019
auto.tcl: Setting watchdog for 200 seconds at Tue Nov 26 06:16:50 UTC 2019
2 ms. Memory: 45056K Free: 26106K (58%)
ptolemy.util.test.WatchDog.cancel(): canceling Tue Nov 26 06:16:50 UTC 2019
------------------ testing $PTII/ptolemy/domains/de/test/auto/DepthTest5.xml
auto.tcl: Setting watchdog for 200 seconds at Tue Nov 26 06:16:50 UTC 2019
3 ms. Memory: 45056K Free: 25982K (58%)
ptolemy.util.test.WatchDog.cancel(): canceling Tue Nov 26 06:16:50 UTC 2019
auto.tcl: Setting watchdog for 200 seconds at Tue Nov 26 06:16:50 UTC 2019
2 ms. Memory: 45056K Free: 25602K (57%)
ptolemy.util.test.WatchDog.cancel(): canceling Tue Nov 26 06:16:50 UTC 2019
------------------ testing $PTII/ptolemy/domains/de/test/auto/DepthTest6.xml
auto.tcl: Setting watchdog for 200 seconds at Tue Nov 26 06:16:50 UTC 2019
4 ms. Memory: 45056K Free: 25896K (57%)
ptolemy.util.test.WatchDog.cancel(): canceling Tue Nov 26 06:16:50 UTC 2019
auto.tcl: Setting watchdog for 200 seconds at Tue Nov 26 06:16:50 UTC 2019
3 ms. Memory: 45056K Free: 25406K (56%)
ptolemy.util.test.WatchDog.cancel(): canceling Tue Nov 26 06:16:50 UTC 2019
------------------ testing $PTII/ptolemy/domains/de/test/auto/DepthTest7.xml
auto.tcl: Setting watchdog for 200 seconds at Tue Nov 26 06:16:50 UTC 2019
3 ms. Memory: 45056K Free: 26756K (59%)
ptolemy.util.test.WatchDog.cancel(): canceling Tue Nov 26 06:16:50 UTC 2019
auto.tcl: Setting watchdog for 200 seconds at Tue Nov 26 06:16:50 UTC 2019
2 ms. Memory: 45056K Free: 26038K (58%)
ptolemy.util.test.WatchDog.cancel(): canceling Tue Nov 26 06:16:50 UTC 2019
------------------ testing $PTII/ptolemy/domains/de/test/auto/EventToDate.xml
auto.tcl: Setting watchdog for 200 seconds at Tue Nov 26 06:16:50 UTC 2019
3005 ms. Memory: 45056K Free: 17570K (39%)
ptolemy.util.test.WatchDog.cancel(): canceling Tue Nov 26 06:16:53 UTC 2019
auto.tcl: Setting watchdog for 200 seconds at Tue Nov 26 06:16:53 UTC 2019
3005 ms. Memory: 45056K Free: 16865K (37%)
ptolemy.util.test.WatchDog.cancel(): canceling Tue Nov 26 06:16:56 UTC 2019
------------------ testing $PTII/ptolemy/domains/de/test/auto/FSM1.xml
auto.tcl: Setting watchdog for 200 seconds at Tue Nov 26 06:16:56 UTC 2019
22 ms. Memory: 45056K Free: 18753K (42%)
ptolemy.util.test.WatchDog.cancel(): canceling Tue Nov 26 06:16:56 UTC 2019
auto.tcl: Setting watchdog for 200 seconds at Tue Nov 26 06:16:56 UTC 2019
33 ms. Memory: 45056K Free: 15503K (34%)
ptolemy.util.test.WatchDog.cancel(): canceling Tue Nov 26 06:16:56 UTC 2019
------------------ testing $PTII/ptolemy/domains/de/test/auto/FSM7.xml
auto.tcl: Setting watchdog for 200 seconds at Tue Nov 26 06:16:56 UTC 2019
18 ms. Memory: 45056K Free: 18461K (41%)
ptolemy.util.test.WatchDog.cancel(): canceling Tue Nov 26 06:16:56 UTC 2019
auto.tcl: Setting watchdog for 200 seconds at Tue Nov 26 06:16:56 UTC 2019
24 ms. Memory: 45056K Free: 15345K (34%)
ptolemy.util.test.WatchDog.cancel(): canceling Tue Nov 26 06:16:56 UTC 2019
------------------ testing $PTII/ptolemy/domains/de/test/auto/Inspection.xml
auto.tcl: Setting watchdog for 200 seconds at Tue Nov 26 06:16:56 UTC 2019
29 ms. Memory: 45056K Free: 18512K (41%)
ptolemy.util.test.WatchDog.cancel(): canceling Tue Nov 26 06:16:56 UTC 2019
auto.tcl: Setting watchdog for 200 seconds at Tue Nov 26 06:16:56 UTC 2019
28 ms. Memory: 45056K Free: 16760K (37%)
ptolemy.util.test.WatchDog.cancel(): canceling Tue Nov 26 06:16:56 UTC 2019
------------------ testing $PTII/ptolemy/domains/de/test/auto/Iteration.xml
auto.tcl: Setting watchdog for 200 seconds at Tue Nov 26 06:16:57 UTC 2019
8 ms. Memory: 45056K Free: 23989K (53%)
ptolemy.util.test.WatchDog.cancel(): canceling Tue Nov 26 06:16:57 UTC 2019
auto.tcl: Setting watchdog for 200 seconds at Tue Nov 26 06:16:57 UTC 2019
8 ms. Memory: 45056K Free: 22600K (50%)
ptolemy.util.test.WatchDog.cancel(): canceling Tue Nov 26 06:16:57 UTC 2019
------------------ testing $PTII/ptolemy/domains/de/test/auto/LineFault.xml
auto.tcl: Setting watchdog for 200 seconds at Tue Nov 26 06:16:57 UTC 2019
738 ms. Memory: 45056K Free: 10964K (24%)
ptolemy.util.test.WatchDog.cancel(): canceling Tue Nov 26 06:16:58 UTC 2019
auto.tcl: Setting watchdog for 200 seconds at Tue Nov 26 06:16:58 UTC 2019
641 ms. Memory: 54272K Free: 24479K (45%)
ptolemy.util.test.WatchDog.cancel(): canceling Tue Nov 26 06:16:58 UTC 2019
------------------ testing $PTII/ptolemy/domains/de/test/auto/MergeModel1Add.xml
auto.tcl: Setting watchdog for 200 seconds at Tue Nov 26 06:16:58 UTC 2019
35 ms. Memory: 54272K Free: 19196K (35%)
ptolemy.util.test.WatchDog.cancel(): canceling Tue Nov 26 06:16:59 UTC 2019
auto.tcl: Setting watchdog for 200 seconds at Tue Nov 26 06:16:59 UTC 2019
8 ms. Memory: 54272K Free: 17577K (32%)
ptolemy.util.test.WatchDog.cancel(): canceling Tue Nov 26 06:16:59 UTC 2019
------------------ testing $PTII/ptolemy/domains/de/test/auto/MergeModel2Add.xml
auto.tcl: Setting watchdog for 200 seconds at Tue Nov 26 06:16:59 UTC 2019
8 ms. Memory: 51200K Free: 17971K (35%)
ptolemy.util.test.WatchDog.cancel(): canceling Tue Nov 26 06:16:59 UTC 2019
auto.tcl: Setting watchdog for 200 seconds at Tue Nov 26 06:16:59 UTC 2019
7 ms. Memory: 51200K Free: 16211K (32%)
ptolemy.util.test.WatchDog.cancel(): canceling Tue Nov 26 06:16:59 UTC 2019
------------------ testing $PTII/ptolemy/domains/de/test/auto/MergeModel3Add.xml
auto.tcl: Setting watchdog for 200 seconds at Tue Nov 26 06:16:59 UTC 2019
9 ms. Memory: 48128K Free: 15134K (31%)
ptolemy.util.test.WatchDog.cancel(): canceling Tue Nov 26 06:16:59 UTC 2019
auto.tcl: Setting watchdog for 200 seconds at Tue Nov 26 06:16:59 UTC 2019
10 ms. Memory: 48128K Free: 13569K (28%)
ptolemy.util.test.WatchDog.cancel(): canceling Tue Nov 26 06:16:59 UTC 2019
------------------ testing $PTII/ptolemy/domains/de/test/auto/MergeWithoutDiscard.xml
auto.tcl: Setting watchdog for 200 seconds at Tue Nov 26 06:16:59 UTC 2019
1 ms. Memory: 48128K Free: 29679K (62%)
ptolemy.util.test.WatchDog.cancel(): canceling Tue Nov 26 06:16:59 UTC 2019
auto.tcl: Setting watchdog for 200 seconds at Tue Nov 26 06:16:59 UTC 2019
1 ms. Memory: 48128K Free: 29300K (61%)
ptolemy.util.test.WatchDog.cancel(): canceling Tue Nov 26 06:16:59 UTC 2019
------------------ testing $PTII/ptolemy/domains/de/test/auto/Modal1.xml
auto.tcl: Setting watchdog for 200 seconds at Tue Nov 26 06:16:59 UTC 2019
18 ms. Memory: 48128K Free: 21622K (45%)
ptolemy.util.test.WatchDog.cancel(): canceling Tue Nov 26 06:16:59 UTC 2019
auto.tcl: Setting watchdog for 200 seconds at Tue Nov 26 06:16:59 UTC 2019
27 ms. Memory: 48128K Free: 17974K (37%)
ptolemy.util.test.WatchDog.cancel(): canceling Tue Nov 26 06:16:59 UTC 2019
------------------ testing $PTII/ptolemy/domains/de/test/auto/Modal2.xml
auto.tcl: Setting watchdog for 200 seconds at Tue Nov 26 06:16:59 UTC 2019
11 ms. Memory: 48128K Free: 21707K (45%)
ptolemy.util.test.WatchDog.cancel(): canceling Tue Nov 26 06:16:59 UTC 2019
auto.tcl: Setting watchdog for 200 seconds at Tue Nov 26 06:16:59 UTC 2019
12 ms. Memory: 48128K Free: 18480K (38%)
ptolemy.util.test.WatchDog.cancel(): canceling Tue Nov 26 06:16:59 UTC 2019
------------------ testing $PTII/ptolemy/domains/de/test/auto/Modal3.xml
auto.tcl: Setting watchdog for 200 seconds at Tue Nov 26 06:16:59 UTC 2019
9 ms. Memory: 48128K Free: 21430K (45%)
ptolemy.util.test.WatchDog.cancel(): canceling Tue Nov 26 06:16:59 UTC 2019
auto.tcl: Setting watchdog for 200 seconds at Tue Nov 26 06:16:59 UTC 2019
11 ms. Memory: 48128K Free: 18489K (38%)
ptolemy.util.test.WatchDog.cancel(): canceling Tue Nov 26 06:16:59 UTC 2019
------------------ testing $PTII/ptolemy/domains/de/test/auto/Modal4.xml
auto.tcl: Setting watchdog for 200 seconds at Tue Nov 26 06:16:59 UTC 2019
26 ms. Memory: 48128K Free: 20670K (43%)
ptolemy.util.test.WatchDog.cancel(): canceling Tue Nov 26 06:16:59 UTC 2019
auto.tcl: Setting watchdog for 200 seconds at Tue Nov 26 06:16:59 UTC 2019
19 ms. Memory: 48128K Free: 16821K (35%)
ptolemy.util.test.WatchDog.cancel(): canceling Tue Nov 26 06:16:59 UTC 2019
------------------ testing $PTII/ptolemy/domains/de/test/auto/Modal5.xml
auto.tcl: Setting watchdog for 200 seconds at Tue Nov 26 06:16:59 UTC 2019
15 ms. Memory: 48128K Free: 20673K (43%)
ptolemy.util.test.WatchDog.cancel(): canceling Tue Nov 26 06:16:59 UTC 2019
auto.tcl: Setting watchdog for 200 seconds at Tue Nov 26 06:16:59 UTC 2019
15 ms. Memory: 48128K Free: 16808K (35%)
ptolemy.util.test.WatchDog.cancel(): canceling Tue Nov 26 06:16:59 UTC 2019
------------------ testing $PTII/ptolemy/domains/de/test/auto/Modal6.xml
auto.tcl: Setting watchdog for 200 seconds at Tue Nov 26 06:16:59 UTC 2019
18 ms. Memory: 48128K Free: 21448K (45%)
ptolemy.util.test.WatchDog.cancel(): canceling Tue Nov 26 06:16:59 UTC 2019
auto.tcl: Setting watchdog for 200 seconds at Tue Nov 26 06:16:59 UTC 2019
17 ms. Memory: 48128K Free: 17472K (36%)
ptolemy.util.test.WatchDog.cancel(): canceling Tue Nov 26 06:16:59 UTC 2019
------------------ testing $PTII/ptolemy/domains/de/test/auto/Modal7.xml
auto.tcl: Setting watchdog for 200 seconds at Tue Nov 26 06:17:00 UTC 2019
17 ms. Memory: 48128K Free: 20457K (43%)
ptolemy.util.test.WatchDog.cancel(): canceling Tue Nov 26 06:17:00 UTC 2019
auto.tcl: Setting watchdog for 200 seconds at Tue Nov 26 06:17:00 UTC 2019
21 ms. Memory: 48128K Free: 16840K (35%)
ptolemy.util.test.WatchDog.cancel(): canceling Tue Nov 26 06:17:00 UTC 2019
------------------ testing $PTII/ptolemy/domains/de/test/auto/ModalModel.xml
auto.tcl: Setting watchdog for 200 seconds at Tue Nov 26 06:17:00 UTC 2019
204 ms. Memory: 58368K Free: 38058K (65%)
ptolemy.util.test.WatchDog.cancel(): canceling Tue Nov 26 06:17:00 UTC 2019
auto.tcl: Setting watchdog for 200 seconds at Tue Nov 26 06:17:00 UTC 2019
182 ms. Memory: 58368K Free: 32838K (56%)
ptolemy.util.test.WatchDog.cancel(): canceling Tue Nov 26 06:17:00 UTC 2019
------------------ testing $PTII/ptolemy/domains/de/test/auto/ModalSource.xml
auto.tcl: Setting watchdog for 200 seconds at Tue Nov 26 06:17:00 UTC 2019
7 ms. Memory: 51200K Free: 28562K (56%)
ptolemy.util.test.WatchDog.cancel(): canceling Tue Nov 26 06:17:00 UTC 2019
auto.tcl: Setting watchdog for 200 seconds at Tue Nov 26 06:17:00 UTC 2019
7 ms. Memory: 51200K Free: 26505K (52%)
ptolemy.util.test.WatchDog.cancel(): canceling Tue Nov 26 06:17:00 UTC 2019
------------------ testing $PTII/ptolemy/domains/de/test/auto/NonInterruptibleTimerZeroDelay.xml
auto.tcl: Setting watchdog for 200 seconds at Tue Nov 26 06:17:00 UTC 2019
4 ms. Memory: 48128K Free: 30487K (63%)
ptolemy.util.test.WatchDog.cancel(): canceling Tue Nov 26 06:17:00 UTC 2019
auto.tcl: Setting watchdog for 200 seconds at Tue Nov 26 06:17:00 UTC 2019
2 ms. Memory: 48128K Free: 29768K (62%)
ptolemy.util.test.WatchDog.cancel(): canceling Tue Nov 26 06:17:00 UTC 2019
------------------ testing $PTII/ptolemy/domains/de/test/auto/OpenQueueingNetwork.xml
auto.tcl: Setting watchdog for 200 seconds at Tue Nov 26 06:17:00 UTC 2019
3182 ms. Memory: 109568K Free: 92500K (84%)
ptolemy.util.test.WatchDog.cancel(): canceling Tue Nov 26 06:17:04 UTC 2019
auto.tcl: Setting watchdog for 200 seconds at Tue Nov 26 06:17:04 UTC 2019
2670 ms. Memory: 132096K Free: 83196K (63%)
ptolemy.util.test.WatchDog.cancel(): canceling Tue Nov 26 06:17:06 UTC 2019
------------------ testing $PTII/ptolemy/domains/de/test/auto/OpenQueuingNetwork.xml
auto.tcl: Setting watchdog for 200 seconds at Tue Nov 26 06:17:06 UTC 2019
245 ms. Memory: 55296K Free: 26181K (47%)
ptolemy.util.test.WatchDog.cancel(): canceling Tue Nov 26 06:17:07 UTC 2019
auto.tcl: Setting watchdog for 200 seconds at Tue Nov 26 06:17:07 UTC 2019
263 ms. Memory: 55296K Free: 35657K (64%)
ptolemy.util.test.WatchDog.cancel(): canceling Tue Nov 26 06:17:07 UTC 2019
------------------ testing $PTII/ptolemy/domains/de/test/auto/PeriodicSampler.xml
auto.tcl: Setting watchdog for 200 seconds at Tue Nov 26 06:17:07 UTC 2019
4 ms. Memory: 51200K Free: 32686K (64%)
ptolemy.util.test.WatchDog.cancel(): canceling Tue Nov 26 06:17:07 UTC 2019
auto.tcl: Setting watchdog for 200 seconds at Tue Nov 26 06:17:07 UTC 2019
2 ms. Memory: 51200K Free: 32167K (63%)
ptolemy.util.test.WatchDog.cancel(): canceling Tue Nov 26 06:17:07 UTC 2019
------------------ testing $PTII/ptolemy/domains/de/test/auto/PersistentIO.xml
auto.tcl: Setting watchdog for 200 seconds at Tue Nov 26 06:17:07 UTC 2019
17 ms. Memory: 48128K Free: 24523K (51%)
ptolemy.util.test.WatchDog.cancel(): canceling Tue Nov 26 06:17:07 UTC 2019
auto.tcl: Setting watchdog for 200 seconds at Tue Nov 26 06:17:07 UTC 2019
4 ms. Memory: 48128K Free: 23047K (48%)
ptolemy.util.test.WatchDog.cancel(): canceling Tue Nov 26 06:17:07 UTC 2019
------------------ testing $PTII/ptolemy/domains/de/test/auto/PortParameterResetOnInitialize.xml
auto.tcl: Setting watchdog for 200 seconds at Tue Nov 26 06:17:07 UTC 2019
7 ms. Memory: 48128K Free: 29523K (61%)
ptolemy.util.test.WatchDog.cancel(): canceling Tue Nov 26 06:17:07 UTC 2019
auto.tcl: Setting watchdog for 200 seconds at Tue Nov 26 06:17:07 UTC 2019
2 ms. Memory: 48128K Free: 29047K (60%)
ptolemy.util.test.WatchDog.cancel(): canceling Tue Nov 26 06:17:07 UTC 2019
------------------ testing $PTII/ptolemy/domains/de/test/auto/PortParameterUpdates.xml
auto.tcl: Setting watchdog for 200 seconds at Tue Nov 26 06:17:07 UTC 2019
6 ms. Memory: 48128K Free: 27591K (57%)
ptolemy.util.test.WatchDog.cancel(): canceling Tue Nov 26 06:17:07 UTC 2019
auto.tcl: Setting watchdog for 200 seconds at Tue Nov 26 06:17:07 UTC 2019
4 ms. Memory: 48128K Free: 26137K (54%)
ptolemy.util.test.WatchDog.cancel(): canceling Tue Nov 26 06:17:07 UTC 2019
------------------ testing $PTII/ptolemy/domains/de/test/auto/QueueAndServer.xml
auto.tcl: Setting watchdog for 200 seconds at Tue Nov 26 06:17:07 UTC 2019
14 ms. Memory: 48128K Free: 26539K (55%)
ptolemy.util.test.WatchDog.cancel(): canceling Tue Nov 26 06:17:07 UTC 2019
auto.tcl: Setting watchdog for 200 seconds at Tue Nov 26 06:17:07 UTC 2019
8 ms. Memory: 48128K Free: 25097K (52%)
ptolemy.util.test.WatchDog.cancel(): canceling Tue Nov 26 06:17:07 UTC 2019
------------------ testing $PTII/ptolemy/domains/de/test/auto/Records.xml
auto.tcl: Setting watchdog for 200 seconds at Tue Nov 26 06:17:08 UTC 2019
5 ms. Memory: 48128K Free: 28785K (60%)
ptolemy.util.test.WatchDog.cancel(): canceling Tue Nov 26 06:17:08 UTC 2019
auto.tcl: Setting watchdog for 200 seconds at Tue Nov 26 06:17:08 UTC 2019
2 ms. Memory: 48128K Free: 28275K (59%)
ptolemy.util.test.WatchDog.cancel(): canceling Tue Nov 26 06:17:08 UTC 2019
------------------ testing $PTII/ptolemy/domains/de/test/auto/ResetTransitionWithStartTime1.xml
auto.tcl: Setting watchdog for 200 seconds at Tue Nov 26 06:17:08 UTC 2019
7 ms. Memory: 48128K Free: 26023K (54%)
ptolemy.util.test.WatchDog.cancel(): canceling Tue Nov 26 06:17:08 UTC 2019
auto.tcl: Setting watchdog for 200 seconds at Tue Nov 26 06:17:08 UTC 2019
6 ms. Memory: 48128K Free: 23975K (50%)
ptolemy.util.test.WatchDog.cancel(): canceling Tue Nov 26 06:17:08 UTC 2019
------------------ testing $PTII/ptolemy/domains/de/test/auto/ResetTransitionWithStartTime2.xml
auto.tcl: Setting watchdog for 200 seconds at Tue Nov 26 06:17:08 UTC 2019
4 ms. Memory: 48128K Free: 25978K (54%)
ptolemy.util.test.WatchDog.cancel(): canceling Tue Nov 26 06:17:08 UTC 2019
auto.tcl: Setting watchdog for 200 seconds at Tue Nov 26 06:17:08 UTC 2019
5 ms. Memory: 48128K Free: 23966K (50%)
ptolemy.util.test.WatchDog.cancel(): canceling Tue Nov 26 06:17:08 UTC 2019
------------------ testing $PTII/ptolemy/domains/de/test/auto/ResetTransitionWithStartTime3.xml
auto.tcl: Setting watchdog for 200 seconds at Tue Nov 26 06:17:08 UTC 2019
11 ms. Memory: 48128K Free: 26090K (54%)
ptolemy.util.test.WatchDog.cancel(): canceling Tue Nov 26 06:17:08 UTC 2019
auto.tcl: Setting watchdog for 200 seconds at Tue Nov 26 06:17:08 UTC 2019
6 ms. Memory: 48128K Free: 24014K (50%)
ptolemy.util.test.WatchDog.cancel(): canceling Tue Nov 26 06:17:08 UTC 2019
------------------ testing $PTII/ptolemy/domains/de/test/auto/ResetTransitionWithStartTime4.xml
auto.tcl: Setting watchdog for 200 seconds at Tue Nov 26 06:17:08 UTC 2019
7 ms. Memory: 48128K Free: 26441K (55%)
ptolemy.util.test.WatchDog.cancel(): canceling Tue Nov 26 06:17:08 UTC 2019
auto.tcl: Setting watchdog for 200 seconds at Tue Nov 26 06:17:08 UTC 2019
3 ms. Memory: 48128K Free: 25023K (52%)
ptolemy.util.test.WatchDog.cancel(): canceling Tue Nov 26 06:17:08 UTC 2019
------------------ testing $PTII/ptolemy/domains/de/test/auto/ResettableTimer1.xml
auto.tcl: Setting watchdog for 200 seconds at Tue Nov 26 06:17:08 UTC 2019
8 ms. Memory: 48128K Free: 30465K (63%)
ptolemy.util.test.WatchDog.cancel(): canceling Tue Nov 26 06:17:08 UTC 2019
auto.tcl: Setting watchdog for 200 seconds at Tue Nov 26 06:17:08 UTC 2019
2 ms. Memory: 48128K Free: 29591K (61%)
ptolemy.util.test.WatchDog.cancel(): canceling Tue Nov 26 06:17:08 UTC 2019
------------------ testing $PTII/ptolemy/domains/de/test/auto/ResettableTimer2.xml
auto.tcl: Setting watchdog for 200 seconds at Tue Nov 26 06:17:08 UTC 2019
3 ms. Memory: 48128K Free: 30271K (63%)
ptolemy.util.test.WatchDog.cancel(): canceling Tue Nov 26 06:17:08 UTC 2019
auto.tcl: Setting watchdog for 200 seconds at Tue Nov 26 06:17:08 UTC 2019
3 ms. Memory: 48128K Free: 29157K (61%)
ptolemy.util.test.WatchDog.cancel(): canceling Tue Nov 26 06:17:08 UTC 2019
------------------ testing $PTII/ptolemy/domains/de/test/auto/ResettableTimer3.xml
auto.tcl: Setting watchdog for 200 seconds at Tue Nov 26 06:17:08 UTC 2019
2 ms. Memory: 48128K Free: 30109K (63%)
ptolemy.util.test.WatchDog.cancel(): canceling Tue Nov 26 06:17:08 UTC 2019
auto.tcl: Setting watchdog for 200 seconds at Tue Nov 26 06:17:08 UTC 2019
1 ms. Memory: 48128K Free: 29647K (62%)
ptolemy.util.test.WatchDog.cancel(): canceling Tue Nov 26 06:17:08 UTC 2019
------------------ testing $PTII/ptolemy/domains/de/test/auto/ResettableTimer4.xml
auto.tcl: Setting watchdog for 200 seconds at Tue Nov 26 06:17:08 UTC 2019
1 ms. Memory: 48128K Free: 30159K (63%)
ptolemy.util.test.WatchDog.cancel(): canceling Tue Nov 26 06:17:08 UTC 2019
auto.tcl: Setting watchdog for 200 seconds at Tue Nov 26 06:17:08 UTC 2019
2 ms. Memory: 48128K Free: 29661K (62%)
ptolemy.util.test.WatchDog.cancel(): canceling Tue Nov 26 06:17:08 UTC 2019
------------------ testing $PTII/ptolemy/domains/de/test/auto/ResettableTimer5.xml
auto.tcl: Setting watchdog for 200 seconds at Tue Nov 26 06:17:08 UTC 2019
2 ms. Memory: 48128K Free: 29593K (61%)
ptolemy.util.test.WatchDog.cancel(): canceling Tue Nov 26 06:17:08 UTC 2019
auto.tcl: Setting watchdog for 200 seconds at Tue Nov 26 06:17:08 UTC 2019
1 ms. Memory: 48128K Free: 29117K (60%)
ptolemy.util.test.WatchDog.cancel(): canceling Tue Nov 26 06:17:08 UTC 2019
------------------ testing $PTII/ptolemy/domains/de/test/auto/ResettableTimer6.xml
auto.tcl: Setting watchdog for 200 seconds at Tue Nov 26 06:17:08 UTC 2019
1 ms. Memory: 48128K Free: 29584K (61%)
ptolemy.util.test.WatchDog.cancel(): canceling Tue Nov 26 06:17:08 UTC 2019
auto.tcl: Setting watchdog for 200 seconds at Tue Nov 26 06:17:08 UTC 2019
1 ms. Memory: 48128K Free: 29091K (60%)
ptolemy.util.test.WatchDog.cancel(): canceling Tue Nov 26 06:17:08 UTC 2019
------------------ testing $PTII/ptolemy/domains/de/test/auto/ServerZeroDelay.xml
auto.tcl: Setting watchdog for 200 seconds at Tue Nov 26 06:17:08 UTC 2019
3 ms. Memory: 48128K Free: 30103K (63%)
ptolemy.util.test.WatchDog.cancel(): canceling Tue Nov 26 06:17:08 UTC 2019
auto.tcl: Setting watchdog for 200 seconds at Tue Nov 26 06:17:08 UTC 2019
2 ms. Memory: 48128K Free: 29102K (60%)
ptolemy.util.test.WatchDog.cancel(): canceling Tue Nov 26 06:17:08 UTC 2019
------------------ testing $PTII/ptolemy/domains/de/test/auto/SmartSender.xml
auto.tcl: Setting watchdog for 200 seconds at Tue Nov 26 06:17:08 UTC 2019
3001 ms. Memory: 48128K Free: 30133K (63%)
ptolemy.util.test.WatchDog.cancel(): canceling Tue Nov 26 06:17:11 UTC 2019
auto.tcl: Setting watchdog for 200 seconds at Tue Nov 26 06:17:11 UTC 2019
3001 ms. Memory: 48128K Free: 29635K (62%)
ptolemy.util.test.WatchDog.cancel(): canceling Tue Nov 26 06:17:14 UTC 2019
------------------ testing $PTII/ptolemy/domains/de/test/auto/ThreadedComposite.xml
auto.tcl: Setting watchdog for 200 seconds at Tue Nov 26 06:17:14 UTC 2019
196 ms. Memory: 48128K Free: 11678K (24%)
ptolemy.util.test.WatchDog.cancel(): canceling Tue Nov 26 06:17:15 UTC 2019
auto.tcl: Setting watchdog for 200 seconds at Tue Nov 26 06:17:15 UTC 2019
169 ms. Memory: 48128K Free: 24510K (51%)
ptolemy.util.test.WatchDog.cancel(): canceling Tue Nov 26 06:17:15 UTC 2019
------------------ testing $PTII/ptolemy/domains/de/test/auto/Time.xml
auto.tcl: Setting watchdog for 200 seconds at Tue Nov 26 06:17:15 UTC 2019
583 ms. Memory: 72704K Free: 28131K (39%)
ptolemy.util.test.WatchDog.cancel(): canceling Tue Nov 26 06:17:15 UTC 2019
auto.tcl: Setting watchdog for 200 seconds at Tue Nov 26 06:17:15 UTC 2019
503 ms. Memory: 72704K Free: 55272K (76%)
ptolemy.util.test.WatchDog.cancel(): canceling Tue Nov 26 06:17:16 UTC 2019
------------------ testing $PTII/ptolemy/domains/de/test/auto/TimeDelayZeroDelay.xml
auto.tcl: Setting watchdog for 200 seconds at Tue Nov 26 06:17:16 UTC 2019
3 ms. Memory: 48128K Free: 30537K (63%)
ptolemy.util.test.WatchDog.cancel(): canceling Tue Nov 26 06:17:16 UTC 2019
auto.tcl: Setting watchdog for 200 seconds at Tue Nov 26 06:17:16 UTC 2019
3 ms. Memory: 48128K Free: 29655K (62%)
ptolemy.util.test.WatchDog.cancel(): canceling Tue Nov 26 06:17:16 UTC 2019
------------------ testing $PTII/ptolemy/domains/de/test/auto/TimerZeroDelay.xml
auto.tcl: Setting watchdog for 200 seconds at Tue Nov 26 06:17:16 UTC 2019
4 ms. Memory: 48128K Free: 30546K (63%)
ptolemy.util.test.WatchDog.cancel(): canceling Tue Nov 26 06:17:16 UTC 2019
auto.tcl: Setting watchdog for 200 seconds at Tue Nov 26 06:17:16 UTC 2019
2 ms. Memory: 48128K Free: 29719K (62%)
ptolemy.util.test.WatchDog.cancel(): canceling Tue Nov 26 06:17:16 UTC 2019
------------------ testing $PTII/ptolemy/domains/de/test/auto/TimingParadox.xml
auto.tcl: Setting watchdog for 200 seconds at Tue Nov 26 06:17:16 UTC 2019
364 ms. Memory: 48128K Free: 13138K (27%)
ptolemy.util.test.WatchDog.cancel(): canceling Tue Nov 26 06:17:17 UTC 2019
auto.tcl: Setting watchdog for 200 seconds at Tue Nov 26 06:17:17 UTC 2019
351 ms. Memory: 48128K Free: 25262K (52%)
ptolemy.util.test.WatchDog.cancel(): canceling Tue Nov 26 06:17:17 UTC 2019
------------------ testing $PTII/ptolemy/domains/de/test/auto/TransferInputs.xml
auto.tcl: Setting watchdog for 200 seconds at Tue Nov 26 06:17:17 UTC 2019
1 ms. Memory: 48128K Free: 28552K (59%)
ptolemy.util.test.WatchDog.cancel(): canceling Tue Nov 26 06:17:17 UTC 2019
auto.tcl: Setting watchdog for 200 seconds at Tue Nov 26 06:17:17 UTC 2019
1 ms. Memory: 48128K Free: 27683K (58%)
ptolemy.util.test.WatchDog.cancel(): canceling Tue Nov 26 06:17:17 UTC 2019
------------------ testing $PTII/ptolemy/domains/de/test/auto/TransferOutputs2.xml
auto.tcl: Setting watchdog for 200 seconds at Tue Nov 26 06:17:17 UTC 2019
3 ms. Memory: 48128K Free: 25980K (54%)
ptolemy.util.test.WatchDog.cancel(): canceling Tue Nov 26 06:17:17 UTC 2019
auto.tcl: Setting watchdog for 200 seconds at Tue Nov 26 06:17:17 UTC 2019
4 ms. Memory: 48128K Free: 24576K (51%)
ptolemy.util.test.WatchDog.cancel(): canceling Tue Nov 26 06:17:17 UTC 2019
------------------ testing $PTII/ptolemy/domains/de/test/auto/Trilateration.xml
auto.tcl: Setting watchdog for 200 seconds at Tue Nov 26 06:17:17 UTC 2019
13410 ms. Memory: 386048K Free: 238756K (62%)
ptolemy.util.test.WatchDog.cancel(): canceling Tue Nov 26 06:17:32 UTC 2019
auto.tcl: Setting watchdog for 200 seconds at Tue Nov 26 06:17:32 UTC 2019
10729 ms. Memory: 386048K Free: 357467K (93%)
ptolemy.util.test.WatchDog.cancel(): canceling Tue Nov 26 06:17:43 UTC 2019
------------------ testing $PTII/ptolemy/domains/de/test/auto/TwoSigmaDelta.xml
auto.tcl: Setting watchdog for 200 seconds at Tue Nov 26 06:17:43 UTC 2019
2865 ms. Memory: 89088K Free: 22610K (25%)
ptolemy.util.test.WatchDog.cancel(): canceling Tue Nov 26 06:17:46 UTC 2019
auto.tcl: Setting watchdog for 200 seconds at Tue Nov 26 06:17:46 UTC 2019
1982 ms. Memory: 89088K Free: 21561K (24%)
ptolemy.util.test.WatchDog.cancel(): canceling Tue Nov 26 06:17:48 UTC 2019
------------------ testing $PTII/ptolemy/domains/de/test/auto/VariableDelay.xml
auto.tcl: Setting watchdog for 200 seconds at Tue Nov 26 06:17:48 UTC 2019
2 ms. Memory: 51200K Free: 32101K (63%)
ptolemy.util.test.WatchDog.cancel(): canceling Tue Nov 26 06:17:48 UTC 2019
auto.tcl: Setting watchdog for 200 seconds at Tue Nov 26 06:17:48 UTC 2019
2 ms. Memory: 51200K Free: 31085K (61%)
ptolemy.util.test.WatchDog.cancel(): canceling Tue Nov 26 06:17:48 UTC 2019
------------------ testing $PTII/ptolemy/domains/de/test/auto/VariableDelay2.xml
auto.tcl: Setting watchdog for 200 seconds at Tue Nov 26 06:17:48 UTC 2019
2 ms. Memory: 51200K Free: 32410K (63%)
ptolemy.util.test.WatchDog.cancel(): canceling Tue Nov 26 06:17:48 UTC 2019
auto.tcl: Setting watchdog for 200 seconds at Tue Nov 26 06:17:48 UTC 2019
1 ms. Memory: 51200K Free: 31459K (61%)
ptolemy.util.test.WatchDog.cancel(): canceling Tue Nov 26 06:17:48 UTC 2019
------------------ testing $PTII/ptolemy/domains/de/test/auto/VariableDelayZeroDelay.xml
auto.tcl: Setting watchdog for 200 seconds at Tue Nov 26 06:17:48 UTC 2019
2 ms. Memory: 51200K Free: 33125K (65%)
ptolemy.util.test.WatchDog.cancel(): canceling Tue Nov 26 06:17:48 UTC 2019
auto.tcl: Setting watchdog for 200 seconds at Tue Nov 26 06:17:48 UTC 2019
2 ms. Memory: 51200K Free: 32498K (63%)
ptolemy.util.test.WatchDog.cancel(): canceling Tue Nov 26 06:17:48 UTC 2019
------------------ testing $PTII/ptolemy/domains/de/test/auto/VariableDelayZeroDelay2.xml
auto.tcl: Setting watchdog for 200 seconds at Tue Nov 26 06:17:48 UTC 2019
2 ms. Memory: 51200K Free: 33025K (65%)
ptolemy.util.test.WatchDog.cancel(): canceling Tue Nov 26 06:17:48 UTC 2019
auto.tcl: Setting watchdog for 200 seconds at Tue Nov 26 06:17:48 UTC 2019
2 ms. Memory: 51200K Free: 32001K (63%)
ptolemy.util.test.WatchDog.cancel(): canceling Tue Nov 26 06:17:48 UTC 2019
------------------ testing $PTII/ptolemy/domains/de/test/auto/deInCt.xml
auto.tcl: Setting watchdog for 200 seconds at Tue Nov 26 06:17:48 UTC 2019
0
1
1
1
0
0
0
0
1
1
1
0
0
0
0
0
0
1
1
0
0
0
0
1
1
1
1
1
1
15 ms. Memory: 51200K Free: 31998K (62%)
ptolemy.util.test.WatchDog.cancel(): canceling Tue Nov 26 06:17:48 UTC 2019
auto.tcl: Setting watchdog for 200 seconds at Tue Nov 26 06:17:48 UTC 2019
0
1
1
1
0
0
1
1
0
0
0
0
0
0
1
1
1
0
0
1
1
1
0
0
1
1
1
0
0
0
1
1
1
1
0
0
0
1
1
1
0
0
0
1
1
1
0
0
0
0
11 ms. Memory: 51200K Free: 30460K (59%)
ptolemy.util.test.WatchDog.cancel(): canceling Tue Nov 26 06:17:48 UTC 2019
------------------ testing $PTII/ptolemy/domains/de/test/auto/deInCt2.xml
auto.tcl: Setting watchdog for 200 seconds at Tue Nov 26 06:17:48 UTC 2019
0
1
1
1
0
0
1
1
1
0
0
1
1
1
0
0
1
1
1
0
0
1
1
1
0
0
1
1
1
0
0
1
1
1
0
0
1
1
1
0
0
0
13 ms. Memory: 51200K Free: 32046K (63%)
ptolemy.util.test.WatchDog.cancel(): canceling Tue Nov 26 06:17:48 UTC 2019
auto.tcl: Setting watchdog for 200 seconds at Tue Nov 26 06:17:48 UTC 2019
0
1
1
1
0
0
1
1
1
0
0
1
1
1
0
0
1
1
1
0
0
1
1
1
0
0
1
1
1
0
0
1
1
1
0
0
1
1
1
0
0
0
6 ms. Memory: 51200K Free: 30433K (59%)
ptolemy.util.test.WatchDog.cancel(): canceling Tue Nov 26 06:17:48 UTC 2019
------------------ testing $PTII/ptolemy/domains/de/test/auto/dynamicCausalityInterface1.xml
auto.tcl: Setting watchdog for 200 seconds at Tue Nov 26 06:17:48 UTC 2019
1 ms. Memory: 51200K Free: 27899K (54%)
ptolemy.util.test.WatchDog.cancel(): canceling Tue Nov 26 06:17:48 UTC 2019
auto.tcl: Setting watchdog for 200 seconds at Tue Nov 26 06:17:48 UTC 2019
1 ms. Memory: 51200K Free: 27385K (53%)
ptolemy.util.test.WatchDog.cancel(): canceling Tue Nov 26 06:17:48 UTC 2019
------------------ testing $PTII/ptolemy/domains/de/test/auto/fsm_de_test.xml
auto.tcl: Setting watchdog for 200 seconds at Tue Nov 26 06:17:48 UTC 2019
7 ms. Memory: 48128K Free: 24726K (51%)
ptolemy.util.test.WatchDog.cancel(): canceling Tue Nov 26 06:17:48 UTC 2019
auto.tcl: Setting watchdog for 200 seconds at Tue Nov 26 06:17:48 UTC 2019
6 ms. Memory: 48128K Free: 22716K (47%)
ptolemy.util.test.WatchDog.cancel(): canceling Tue Nov 26 06:17:48 UTC 2019
------------------ testing $PTII/ptolemy/domains/de/test/auto/functionDependencyReconstruction.xml
auto.tcl: Setting watchdog for 200 seconds at Tue Nov 26 06:17:48 UTC 2019
3 ms. Memory: 48128K Free: 18571K (39%)
ptolemy.util.test.WatchDog.cancel(): canceling Tue Nov 26 06:17:48 UTC 2019
auto.tcl: Setting watchdog for 200 seconds at Tue Nov 26 06:17:48 UTC 2019
3 ms. Memory: 48128K Free: 16557K (34%)
ptolemy.util.test.WatchDog.cancel(): canceling Tue Nov 26 06:17:48 UTC 2019
------------------ testing $PTII/ptolemy/domains/de/test/auto/multirate.xml
auto.tcl: Setting watchdog for 200 seconds at Tue Nov 26 06:17:48 UTC 2019
9 ms. Memory: 48128K Free: 27141K (56%)
ptolemy.util.test.WatchDog.cancel(): canceling Tue Nov 26 06:17:48 UTC 2019
auto.tcl: Setting watchdog for 200 seconds at Tue Nov 26 06:17:48 UTC 2019
3 ms. Memory: 48128K Free: 25658K (53%)
ptolemy.util.test.WatchDog.cancel(): canceling Tue Nov 26 06:17:48 UTC 2019
------------------ testing $PTII/ptolemy/domains/de/test/auto/multirate2.xml
auto.tcl: Setting watchdog for 200 seconds at Tue Nov 26 06:17:48 UTC 2019
2 ms. Memory: 48128K Free: 27322K (57%)
ptolemy.util.test.WatchDog.cancel(): canceling Tue Nov 26 06:17:49 UTC 2019
auto.tcl: Setting watchdog for 200 seconds at Tue Nov 26 06:17:49 UTC 2019
3 ms. Memory: 48128K Free: 25819K (54%)
ptolemy.util.test.WatchDog.cancel(): canceling Tue Nov 26 06:17:49 UTC 2019
------------------ testing $PTII/ptolemy/domains/de/test/auto/realtime.xml
auto.tcl: Setting watchdog for 200 seconds at Tue Nov 26 06:17:49 UTC 2019
10001 ms. Memory: 48128K Free: 29541K (61%)
ptolemy.util.test.WatchDog.cancel(): canceling Tue Nov 26 06:17:59 UTC 2019
auto.tcl: Setting watchdog for 200 seconds at Tue Nov 26 06:17:59 UTC 2019
10001 ms. Memory: 48128K Free: 28872K (60%)
ptolemy.util.test.WatchDog.cancel(): canceling Tue Nov 26 06:18:09 UTC 2019
------------------ testing $PTII/ptolemy/domains/de/test/auto/relationGroup.xml
auto.tcl: Setting watchdog for 200 seconds at Tue Nov 26 06:18:09 UTC 2019
11 ms. Memory: 48128K Free: 30675K (64%)
ptolemy.util.test.WatchDog.cancel(): canceling Tue Nov 26 06:18:09 UTC 2019
auto.tcl: Setting watchdog for 200 seconds at Tue Nov 26 06:18:09 UTC 2019
2 ms. Memory: 48128K Free: 29953K (62%)
ptolemy.util.test.WatchDog.cancel(): canceling Tue Nov 26 06:18:09 UTC 2019
------------------ testing $PTII/ptolemy/domains/de/test/auto/relationGroup2.xml
auto.tcl: Setting watchdog for 200 seconds at Tue Nov 26 06:18:09 UTC 2019
1 ms. Memory: 48128K Free: 30713K (64%)
ptolemy.util.test.WatchDog.cancel(): canceling Tue Nov 26 06:18:09 UTC 2019
auto.tcl: Setting watchdog for 200 seconds at Tue Nov 26 06:18:09 UTC 2019
2 ms. Memory: 48128K Free: 29980K (62%)
ptolemy.util.test.WatchDog.cancel(): canceling Tue Nov 26 06:18:09 UTC 2019
------------------ testing $PTII/ptolemy/domains/de/test/auto/sortWithOpaquePorts.xml
auto.tcl: Setting watchdog for 200 seconds at Tue Nov 26 06:18:09 UTC 2019
2 ms. Memory: 48128K Free: 29453K (61%)
ptolemy.util.test.WatchDog.cancel(): canceling Tue Nov 26 06:18:09 UTC 2019
auto.tcl: Setting watchdog for 200 seconds at Tue Nov 26 06:18:09 UTC 2019
2 ms. Memory: 48128K Free: 28493K (59%)
ptolemy.util.test.WatchDog.cancel(): canceling Tue Nov 26 06:18:09 UTC 2019
------------------ testing $PTII/ptolemy/domains/de/test/auto/transferInputsandOutputs.xml
auto.tcl: Setting watchdog for 200 seconds at Tue Nov 26 06:18:09 UTC 2019
4 ms. Memory: 48128K Free: 26896K (56%)
ptolemy.util.test.WatchDog.cancel(): canceling Tue Nov 26 06:18:09 UTC 2019
auto.tcl: Setting watchdog for 200 seconds at Tue Nov 26 06:18:09 UTC 2019
3 ms. Memory: 48128K Free: 25925K (54%)
ptolemy.util.test.WatchDog.cancel(): canceling Tue Nov 26 06:18:09 UTC 2019
------------------ testing $PTII/ptolemy/domains/de/test/auto/triggerType.xml
auto.tcl: Setting watchdog for 200 seconds at Tue Nov 26 06:18:09 UTC 2019
1 ms. Memory: 48128K Free: 29920K (62%)
ptolemy.util.test.WatchDog.cancel(): canceling Tue Nov 26 06:18:09 UTC 2019
auto.tcl: Setting watchdog for 200 seconds at Tue Nov 26 06:18:09 UTC 2019
2 ms. Memory: 48128K Free: 28960K (60%)
ptolemy.util.test.WatchDog.cancel(): canceling Tue Nov 26 06:18:09 UTC 2019
11/26/19 06:18:09
Failed: 0  Total Tests: 192  ((Passed: 187, Newly Passed: 1)  Known Failed: 5) /home/travis/build/icyphy/ptII/ptolemy/domains/de/test
11/26/19 06:18:09
Failed: 0  Total Tests: 192  ((Passed: 187, Newly Passed: 1)  Known Failed: 5) /home/travis/build/icyphy/ptII/ptolemy/domains/de/test
----------------- testing (KnownFailure) /home/travis/build/icyphy/ptII/ptolemy/domains/de/test/auto/knownFailedTests/DESDFClockTest.xml
2011 ms. Memory: 48128K Free: 23316K (48%)
Known Failure: java.lang.reflect.InvocationTargetException
----------------- testing (KnownFailure) /home/travis/build/icyphy/ptII/ptolemy/domains/de/test/auto/knownFailedTests/DirectFeedback.xml
2 ms. Memory: 48128K Free: 19734K (41%)
Known Failure: java.lang.reflect.InvocationTargetException
----------------- testing (KnownFailure) /home/travis/build/icyphy/ptII/ptolemy/domains/de/test/auto/knownFailedTests/FSMSource.xml
15 ms. Memory: 48128K Free: 12038K (25%)
----------------- testing (KnownFailure) /home/travis/build/icyphy/ptII/ptolemy/domains/de/test/auto/knownFailedTests/HierarchicalModel.xml
3 ms. Memory: 48128K Free: 21744K (45%)
Known Failure: java.lang.reflect.InvocationTargetException
----------------- testing (KnownFailure) /home/travis/build/icyphy/ptII/ptolemy/domains/de/test/auto/knownFailedTests/dependencyLoop.xml
14 ms. Memory: 48128K Free: 31623K (66%)
Known Failure: java.lang.reflect.InvocationTargetException
----------------- testing (KnownFailure) /home/travis/build/icyphy/ptII/ptolemy/domains/de/test/auto/knownFailedTests/dependencyLoop2.xml
2 ms. Memory: 48128K Free: 16005K (33%)
Known Failure: java.lang.reflect.InvocationTargetException
No auto/linux-amd64/*.xml tests in /home/travis/build/icyphy/ptII/ptolemy/domains/de/test
AutoTests.java: About to close Vertx.
AutoTests.java: Vertx closed.

===========================================================================================
----------------- testing Tue Nov 26 06:18:11 UTC 2019 /home/travis/build/icyphy/ptII/ptolemy/domains/de/test/auto/ActorDepthCalculation_actorWithoutPorts.xml
----------------- Instantiating /home/travis/build/icyphy/ptII/ptolemy/domains/de/test/auto/ActorDepthCalculation_actorWithoutPorts.xml
2 ms. Memory: 48128K Free: 9502K (20%)
----------------- Invoking toplevel() on ptolemy.moml.MoMLSimpleApplication@1b09d1e9
----------------- Done invoking toplevel() on ptolemy.moml.MoMLSimpleApplication@1b09d1e9
reloadAllAccessors: .ActorDepthCalculation_actorWithoutPorts

===========================================================================================
----------------- testing Tue Nov 26 06:18:11 UTC 2019 /home/travis/build/icyphy/ptII/ptolemy/domains/de/test/auto/AssemblyLine.xml
----------------- Instantiating /home/travis/build/icyphy/ptII/ptolemy/domains/de/test/auto/AssemblyLine.xml
2 ms. Memory: 48128K Free: 28017K (58%)
----------------- Invoking toplevel() on ptolemy.moml.MoMLSimpleApplication@4abceec6
----------------- Done invoking toplevel() on ptolemy.moml.MoMLSimpleApplication@4abceec6
reloadAllAccessors: .AssemblyLine

===========================================================================================
----------------- testing Tue Nov 26 06:18:11 UTC 2019 /home/travis/build/icyphy/ptII/ptolemy/domains/de/test/auto/CQBug1.xml
----------------- Instantiating /home/travis/build/icyphy/ptII/ptolemy/domains/de/test/auto/CQBug1.xml
2 ms. Memory: 48128K Free: 25263K (52%)
----------------- Invoking toplevel() on ptolemy.moml.MoMLSimpleApplication@25951dbb
----------------- Done invoking toplevel() on ptolemy.moml.MoMLSimpleApplication@25951dbb
reloadAllAccessors: .CQBug1

===========================================================================================
----------------- testing Tue Nov 26 06:18:12 UTC 2019 /home/travis/build/icyphy/ptII/ptolemy/domains/de/test/auto/CancelFireAt.xml
----------------- Instantiating /home/travis/build/icyphy/ptII/ptolemy/domains/de/test/auto/CancelFireAt.xml
1 ms. Memory: 48128K Free: 22657K (47%)
----------------- Invoking toplevel() on ptolemy.moml.MoMLSimpleApplication@753b8cf5
----------------- Done invoking toplevel() on ptolemy.moml.MoMLSimpleApplication@753b8cf5
reloadAllAccessors: .CancelFireAt

===========================================================================================
----------------- testing Tue Nov 26 06:18:12 UTC 2019 /home/travis/build/icyphy/ptII/ptolemy/domains/de/test/auto/CausalityAndComposabilityAnalysis.xml
----------------- Instantiating /home/travis/build/icyphy/ptII/ptolemy/domains/de/test/auto/CausalityAndComposabilityAnalysis.xml
2 ms. Memory: 48128K Free: 18512K (38%)
----------------- Invoking toplevel() on ptolemy.moml.MoMLSimpleApplication@1189c274
----------------- Done invoking toplevel() on ptolemy.moml.MoMLSimpleApplication@1189c274
reloadAllAccessors: .CausalityAndComposabilityAnalysis

===========================================================================================
----------------- testing Tue Nov 26 06:18:12 UTC 2019 /home/travis/build/icyphy/ptII/ptolemy/domains/de/test/auto/CausalityInterface1.xml
----------------- Instantiating /home/travis/build/icyphy/ptII/ptolemy/domains/de/test/auto/CausalityInterface1.xml
3 ms. Memory: 48128K Free: 13233K (27%)
----------------- Invoking toplevel() on ptolemy.moml.MoMLSimpleApplication@3c5abe86
----------------- Done invoking toplevel() on ptolemy.moml.MoMLSimpleApplication@3c5abe86
reloadAllAccessors: .CausalityInterface1

===========================================================================================
----------------- testing Tue Nov 26 06:18:12 UTC 2019 /home/travis/build/icyphy/ptII/ptolemy/domains/de/test/auto/CausalityInterface15.xml
----------------- Instantiating /home/travis/build/icyphy/ptII/ptolemy/domains/de/test/auto/CausalityInterface15.xml
6 ms. Memory: 48128K Free: 33525K (70%)
----------------- Invoking toplevel() on ptolemy.moml.MoMLSimpleApplication@7ed13b54
----------------- Done invoking toplevel() on ptolemy.moml.MoMLSimpleApplication@7ed13b54
reloadAllAccessors: .CausalityInterface15

===========================================================================================
----------------- testing Tue Nov 26 06:18:12 UTC 2019 /home/travis/build/icyphy/ptII/ptolemy/domains/de/test/auto/CausalityInterface2.xml
----------------- Instantiating /home/travis/build/icyphy/ptII/ptolemy/domains/de/test/auto/CausalityInterface2.xml
1 ms. Memory: 48128K Free: 28680K (60%)
----------------- Invoking toplevel() on ptolemy.moml.MoMLSimpleApplication@21483bf2
----------------- Done invoking toplevel() on ptolemy.moml.MoMLSimpleApplication@21483bf2
reloadAllAccessors: .CausalityInterface2

===========================================================================================
----------------- testing Tue Nov 26 06:18:12 UTC 2019 /home/travis/build/icyphy/ptII/ptolemy/domains/de/test/auto/CausalityInterface3.xml
----------------- Instantiating /home/travis/build/icyphy/ptII/ptolemy/domains/de/test/auto/CausalityInterface3.xml
2 ms. Memory: 48128K Free: 23770K (49%)
----------------- Invoking toplevel() on ptolemy.moml.MoMLSimpleApplication@4a3738eb
----------------- Done invoking toplevel() on ptolemy.moml.MoMLSimpleApplication@4a3738eb
reloadAllAccessors: .CausalityInterface3

===========================================================================================
----------------- testing Tue Nov 26 06:18:12 UTC 2019 /home/travis/build/icyphy/ptII/ptolemy/domains/de/test/auto/ClockDrift.xml
----------------- Instantiating /home/travis/build/icyphy/ptII/ptolemy/domains/de/test/auto/ClockDrift.xml
17 ms. Memory: 48128K Free: 11950K (25%)
----------------- Invoking toplevel() on ptolemy.moml.MoMLSimpleApplication@35c92c49
----------------- Done invoking toplevel() on ptolemy.moml.MoMLSimpleApplication@35c92c49
reloadAllAccessors: .ClockDrift

===========================================================================================
----------------- testing Tue Nov 26 06:18:12 UTC 2019 /home/travis/build/icyphy/ptII/ptolemy/domains/de/test/auto/ClockDriftAndValueChange.xml
----------------- Instantiating /home/travis/build/icyphy/ptII/ptolemy/domains/de/test/auto/ClockDriftAndValueChange.xml
11 ms. Memory: 48128K Free: 25922K (54%)
----------------- Invoking toplevel() on ptolemy.moml.MoMLSimpleApplication@1c445f4c
----------------- Done invoking toplevel() on ptolemy.moml.MoMLSimpleApplication@1c445f4c
reloadAllAccessors: .ClockDriftAndValueChange

===========================================================================================
----------------- testing Tue Nov 26 06:18:12 UTC 2019 /home/travis/build/icyphy/ptII/ptolemy/domains/de/test/auto/ClockDriftChange.xml
----------------- Instantiating /home/travis/build/icyphy/ptII/ptolemy/domains/de/test/auto/ClockDriftChange.xml
11 ms. Memory: 48128K Free: 15938K (33%)
----------------- Invoking toplevel() on ptolemy.moml.MoMLSimpleApplication@4c266b2e
----------------- Done invoking toplevel() on ptolemy.moml.MoMLSimpleApplication@4c266b2e
reloadAllAccessors: .ClockDriftChange

===========================================================================================
----------------- testing Tue Nov 26 06:18:12 UTC 2019 /home/travis/build/icyphy/ptII/ptolemy/domains/de/test/auto/ComposableCausalityAnalysis.xml
----------------- Instantiating /home/travis/build/icyphy/ptII/ptolemy/domains/de/test/auto/ComposableCausalityAnalysis.xml
1 ms. Memory: 48128K Free: 10249K (21%)
----------------- Invoking toplevel() on ptolemy.moml.MoMLSimpleApplication@345dd1e9
----------------- Done invoking toplevel() on ptolemy.moml.MoMLSimpleApplication@345dd1e9
reloadAllAccessors: .ComposableCausalityAnalysis

===========================================================================================
----------------- testing Tue Nov 26 06:18:12 UTC 2019 /home/travis/build/icyphy/ptII/ptolemy/domains/de/test/auto/DEFixedPointLimitation.xml
----------------- Instantiating /home/travis/build/icyphy/ptII/ptolemy/domains/de/test/auto/DEFixedPointLimitation.xml
1 ms. Memory: 48128K Free: 31392K (65%)
----------------- Invoking toplevel() on ptolemy.moml.MoMLSimpleApplication@1ff3675b
----------------- Done invoking toplevel() on ptolemy.moml.MoMLSimpleApplication@1ff3675b
reloadAllAccessors: .DEFixedPointLimitation

===========================================================================================
----------------- testing Tue Nov 26 06:18:12 UTC 2019 /home/travis/build/icyphy/ptII/ptolemy/domains/de/test/auto/DEScheduleTest.xml
----------------- Instantiating /home/travis/build/icyphy/ptII/ptolemy/domains/de/test/auto/DEScheduleTest.xml
2 ms. Memory: 48128K Free: 27266K (57%)
----------------- Invoking toplevel() on ptolemy.moml.MoMLSimpleApplication@6cb73fa2
----------------- Done invoking toplevel() on ptolemy.moml.MoMLSimpleApplication@6cb73fa2
reloadAllAccessors: .DEScheduleTest

===========================================================================================
----------------- testing Tue Nov 26 06:18:12 UTC 2019 /home/travis/build/icyphy/ptII/ptolemy/domains/de/test/auto/DEinDEwithStartTimes.xml
----------------- Instantiating /home/travis/build/icyphy/ptII/ptolemy/domains/de/test/auto/DEinDEwithStartTimes.xml
2 ms. Memory: 48128K Free: 21410K (44%)
----------------- Invoking toplevel() on ptolemy.moml.MoMLSimpleApplication@70ccb2f8
----------------- Done invoking toplevel() on ptolemy.moml.MoMLSimpleApplication@70ccb2f8
reloadAllAccessors: .DEinDEwithStartTimes

===========================================================================================
----------------- testing Tue Nov 26 06:18:12 UTC 2019 /home/travis/build/icyphy/ptII/ptolemy/domains/de/test/auto/DEinDEwithStartTimes2.xml
----------------- Instantiating /home/travis/build/icyphy/ptII/ptolemy/domains/de/test/auto/DEinDEwithStartTimes2.xml
5 ms. Memory: 48128K Free: 14986K (31%)
----------------- Invoking toplevel() on ptolemy.moml.MoMLSimpleApplication@481c1b5b
----------------- Done invoking toplevel() on ptolemy.moml.MoMLSimpleApplication@481c1b5b
reloadAllAccessors: .DEinDEwithStartTimes2

===========================================================================================
----------------- testing Tue Nov 26 06:18:12 UTC 2019 /home/travis/build/icyphy/ptII/ptolemy/domains/de/test/auto/DateDemo.xml
----------------- Instantiating /home/travis/build/icyphy/ptII/ptolemy/domains/de/test/auto/DateDemo.xml
8 ms. Memory: 48128K Free: 29010K (60%)
----------------- Invoking toplevel() on ptolemy.moml.MoMLSimpleApplication@2568fec2
----------------- Done invoking toplevel() on ptolemy.moml.MoMLSimpleApplication@2568fec2
reloadAllAccessors: .DateDemo

===========================================================================================
----------------- testing Tue Nov 26 06:18:12 UTC 2019 /home/travis/build/icyphy/ptII/ptolemy/domains/de/test/auto/DateToEvent.xml
----------------- Instantiating /home/travis/build/icyphy/ptII/ptolemy/domains/de/test/auto/DateToEvent.xml
2005 ms. Memory: 48128K Free: 13437K (28%)
----------------- Invoking toplevel() on ptolemy.moml.MoMLSimpleApplication@18843013
----------------- Done invoking toplevel() on ptolemy.moml.MoMLSimpleApplication@18843013
reloadAllAccessors: .DateToEvent

===========================================================================================
----------------- testing Tue Nov 26 06:18:14 UTC 2019 /home/travis/build/icyphy/ptII/ptolemy/domains/de/test/auto/DepthTest1.xml
----------------- Instantiating /home/travis/build/icyphy/ptII/ptolemy/domains/de/test/auto/DepthTest1.xml
1 ms. Memory: 48128K Free: 10549K (22%)
----------------- Invoking toplevel() on ptolemy.moml.MoMLSimpleApplication@720084b2
----------------- Done invoking toplevel() on ptolemy.moml.MoMLSimpleApplication@720084b2
reloadAllAccessors: .DepthTest1

===========================================================================================
----------------- testing Tue Nov 26 06:18:14 UTC 2019 /home/travis/build/icyphy/ptII/ptolemy/domains/de/test/auto/DepthTest2.xml
----------------- Instantiating /home/travis/build/icyphy/ptII/ptolemy/domains/de/test/auto/DepthTest2.xml
2 ms. Memory: 48128K Free: 28773K (60%)
----------------- Invoking toplevel() on ptolemy.moml.MoMLSimpleApplication@2fe7358e
----------------- Done invoking toplevel() on ptolemy.moml.MoMLSimpleApplication@2fe7358e
reloadAllAccessors: .DepthTest2

===========================================================================================
----------------- testing Tue Nov 26 06:18:14 UTC 2019 /home/travis/build/icyphy/ptII/ptolemy/domains/de/test/auto/DepthTest3.xml
----------------- Instantiating /home/travis/build/icyphy/ptII/ptolemy/domains/de/test/auto/DepthTest3.xml
1 ms. Memory: 48128K Free: 25693K (53%)
----------------- Invoking toplevel() on ptolemy.moml.MoMLSimpleApplication@60e8b471
----------------- Done invoking toplevel() on ptolemy.moml.MoMLSimpleApplication@60e8b471
reloadAllAccessors: .DepthTest3

===========================================================================================
----------------- testing Tue Nov 26 06:18:14 UTC 2019 /home/travis/build/icyphy/ptII/ptolemy/domains/de/test/auto/DepthTest4.xml
----------------- Instantiating /home/travis/build/icyphy/ptII/ptolemy/domains/de/test/auto/DepthTest4.xml
2 ms. Memory: 48128K Free: 20823K (43%)
----------------- Invoking toplevel() on ptolemy.moml.MoMLSimpleApplication@3c77da68
----------------- Done invoking toplevel() on ptolemy.moml.MoMLSimpleApplication@3c77da68
reloadAllAccessors: .DepthTest4

===========================================================================================
----------------- testing Tue Nov 26 06:18:14 UTC 2019 /home/travis/build/icyphy/ptII/ptolemy/domains/de/test/auto/DepthTest5.xml
----------------- Instantiating /home/travis/build/icyphy/ptII/ptolemy/domains/de/test/auto/DepthTest5.xml
3 ms. Memory: 48128K Free: 15498K (32%)
----------------- Invoking toplevel() on ptolemy.moml.MoMLSimpleApplication@e0ca20e
----------------- Done invoking toplevel() on ptolemy.moml.MoMLSimpleApplication@e0ca20e
reloadAllAccessors: .DepthTest5

===========================================================================================
----------------- testing Tue Nov 26 06:18:14 UTC 2019 /home/travis/build/icyphy/ptII/ptolemy/domains/de/test/auto/DepthTest6.xml
----------------- Instantiating /home/travis/build/icyphy/ptII/ptolemy/domains/de/test/auto/DepthTest6.xml
3 ms. Memory: 48128K Free: 10143K (21%)
----------------- Invoking toplevel() on ptolemy.moml.MoMLSimpleApplication@34a4803e
----------------- Done invoking toplevel() on ptolemy.moml.MoMLSimpleApplication@34a4803e
reloadAllAccessors: .DepthTest6

===========================================================================================
----------------- testing Tue Nov 26 06:18:14 UTC 2019 /home/travis/build/icyphy/ptII/ptolemy/domains/de/test/auto/DepthTest7.xml
----------------- Instantiating /home/travis/build/icyphy/ptII/ptolemy/domains/de/test/auto/DepthTest7.xml
1 ms. Memory: 48128K Free: 30058K (62%)
----------------- Invoking toplevel() on ptolemy.moml.MoMLSimpleApplication@58954e70
----------------- Done invoking toplevel() on ptolemy.moml.MoMLSimpleApplication@58954e70
reloadAllAccessors: .DepthTest7

===========================================================================================
----------------- testing Tue Nov 26 06:18:14 UTC 2019 /home/travis/build/icyphy/ptII/ptolemy/domains/de/test/auto/EventToDate.xml
----------------- Instantiating /home/travis/build/icyphy/ptII/ptolemy/domains/de/test/auto/EventToDate.xml
3011 ms. Memory: 48128K Free: 16816K (35%)
----------------- Invoking toplevel() on ptolemy.moml.MoMLSimpleApplication@6c8fea7b
----------------- Done invoking toplevel() on ptolemy.moml.MoMLSimpleApplication@6c8fea7b
reloadAllAccessors: .EventToDate

===========================================================================================
----------------- testing Tue Nov 26 06:18:17 UTC 2019 /home/travis/build/icyphy/ptII/ptolemy/domains/de/test/auto/FSM1.xml
----------------- Instantiating /home/travis/build/icyphy/ptII/ptolemy/domains/de/test/auto/FSM1.xml
19 ms. Memory: 48128K Free: 29368K (61%)
----------------- Invoking toplevel() on ptolemy.moml.MoMLSimpleApplication@3b5faf4b
----------------- Done invoking toplevel() on ptolemy.moml.MoMLSimpleApplication@3b5faf4b
reloadAllAccessors: .FSM1

===========================================================================================
----------------- testing Tue Nov 26 06:18:17 UTC 2019 /home/travis/build/icyphy/ptII/ptolemy/domains/de/test/auto/FSM7.xml
----------------- Instantiating /home/travis/build/icyphy/ptII/ptolemy/domains/de/test/auto/FSM7.xml
15 ms. Memory: 48128K Free: 16900K (35%)
----------------- Invoking toplevel() on ptolemy.moml.MoMLSimpleApplication@4399151d
----------------- Done invoking toplevel() on ptolemy.moml.MoMLSimpleApplication@4399151d
reloadAllAccessors: .FSM7

===========================================================================================
----------------- testing Tue Nov 26 06:18:17 UTC 2019 /home/travis/build/icyphy/ptII/ptolemy/domains/de/test/auto/Inspection.xml
----------------- Instantiating /home/travis/build/icyphy/ptII/ptolemy/domains/de/test/auto/Inspection.xml
12 ms. Memory: 48128K Free: 29129K (61%)
----------------- Invoking toplevel() on ptolemy.moml.MoMLSimpleApplication@4419d7d0
----------------- Done invoking toplevel() on ptolemy.moml.MoMLSimpleApplication@4419d7d0
reloadAllAccessors: .Inspection

===========================================================================================
----------------- testing Tue Nov 26 06:18:17 UTC 2019 /home/travis/build/icyphy/ptII/ptolemy/domains/de/test/auto/Iteration.xml
----------------- Instantiating /home/travis/build/icyphy/ptII/ptolemy/domains/de/test/auto/Iteration.xml
9 ms. Memory: 48128K Free: 22187K (46%)
----------------- Invoking toplevel() on ptolemy.moml.MoMLSimpleApplication@35695afc
----------------- Done invoking toplevel() on ptolemy.moml.MoMLSimpleApplication@35695afc
reloadAllAccessors: .Iteration

===========================================================================================
----------------- testing Tue Nov 26 06:18:17 UTC 2019 /home/travis/build/icyphy/ptII/ptolemy/domains/de/test/auto/LineFault.xml
----------------- Instantiating /home/travis/build/icyphy/ptII/ptolemy/domains/de/test/auto/LineFault.xml
501 ms. Memory: 48128K Free: 24665K (51%)
----------------- Invoking toplevel() on ptolemy.moml.MoMLSimpleApplication@4b62c245
----------------- Done invoking toplevel() on ptolemy.moml.MoMLSimpleApplication@4b62c245
reloadAllAccessors: .LineFault

===========================================================================================
----------------- testing Tue Nov 26 06:18:18 UTC 2019 /home/travis/build/icyphy/ptII/ptolemy/domains/de/test/auto/MergeModel1Add.xml
----------------- Instantiating /home/travis/build/icyphy/ptII/ptolemy/domains/de/test/auto/MergeModel1Add.xml
6 ms. Memory: 48128K Free: 27169K (56%)
----------------- Invoking toplevel() on ptolemy.moml.MoMLSimpleApplication@35b2556c
----------------- Done invoking toplevel() on ptolemy.moml.MoMLSimpleApplication@35b2556c
reloadAllAccessors: .MergeModel1Add

===========================================================================================
----------------- testing Tue Nov 26 06:18:18 UTC 2019 /home/travis/build/icyphy/ptII/ptolemy/domains/de/test/auto/MergeModel2Add.xml
----------------- Instantiating /home/travis/build/icyphy/ptII/ptolemy/domains/de/test/auto/MergeModel2Add.xml
6 ms. Memory: 48128K Free: 29291K (61%)
----------------- Invoking toplevel() on ptolemy.moml.MoMLSimpleApplication@319941e2
----------------- Done invoking toplevel() on ptolemy.moml.MoMLSimpleApplication@319941e2
reloadAllAccessors: .MergeModel2Add

===========================================================================================
----------------- testing Tue Nov 26 06:18:18 UTC 2019 /home/travis/build/icyphy/ptII/ptolemy/domains/de/test/auto/MergeModel3Add.xml
----------------- Instantiating /home/travis/build/icyphy/ptII/ptolemy/domains/de/test/auto/MergeModel3Add.xml
6 ms. Memory: 48128K Free: 11697K (24%)
----------------- Invoking toplevel() on ptolemy.moml.MoMLSimpleApplication@30d277a2
----------------- Done invoking toplevel() on ptolemy.moml.MoMLSimpleApplication@30d277a2
reloadAllAccessors: .MergeModel3Add

===========================================================================================
----------------- testing Tue Nov 26 06:18:18 UTC 2019 /home/travis/build/icyphy/ptII/ptolemy/domains/de/test/auto/MergeWithoutDiscard.xml
----------------- Instantiating /home/travis/build/icyphy/ptII/ptolemy/domains/de/test/auto/MergeWithoutDiscard.xml
1 ms. Memory: 48128K Free: 28467K (59%)
----------------- Invoking toplevel() on ptolemy.moml.MoMLSimpleApplication@5af11d33
----------------- Done invoking toplevel() on ptolemy.moml.MoMLSimpleApplication@5af11d33
reloadAllAccessors: .MergeWithoutDiscard

===========================================================================================
----------------- testing Tue Nov 26 06:18:18 UTC 2019 /home/travis/build/icyphy/ptII/ptolemy/domains/de/test/auto/Modal1.xml
----------------- Instantiating /home/travis/build/icyphy/ptII/ptolemy/domains/de/test/auto/Modal1.xml
7 ms. Memory: 48128K Free: 16467K (34%)
----------------- Invoking toplevel() on ptolemy.moml.MoMLSimpleApplication@46893eea
----------------- Done invoking toplevel() on ptolemy.moml.MoMLSimpleApplication@46893eea
reloadAllAccessors: .Modal1

===========================================================================================
----------------- testing Tue Nov 26 06:18:18 UTC 2019 /home/travis/build/icyphy/ptII/ptolemy/domains/de/test/auto/Modal2.xml
----------------- Instantiating /home/travis/build/icyphy/ptII/ptolemy/domains/de/test/auto/Modal2.xml
12 ms. Memory: 48128K Free: 25786K (54%)
----------------- Invoking toplevel() on ptolemy.moml.MoMLSimpleApplication@28e83f39
----------------- Done invoking toplevel() on ptolemy.moml.MoMLSimpleApplication@28e83f39
reloadAllAccessors: .Modal2

===========================================================================================
----------------- testing Tue Nov 26 06:18:18 UTC 2019 /home/travis/build/icyphy/ptII/ptolemy/domains/de/test/auto/Modal3.xml
----------------- Instantiating /home/travis/build/icyphy/ptII/ptolemy/domains/de/test/auto/Modal3.xml
9 ms. Memory: 48128K Free: 13528K (28%)
----------------- Invoking toplevel() on ptolemy.moml.MoMLSimpleApplication@5307f7b8
----------------- Done invoking toplevel() on ptolemy.moml.MoMLSimpleApplication@5307f7b8
reloadAllAccessors: .Modal3

===========================================================================================
----------------- testing Tue Nov 26 06:18:18 UTC 2019 /home/travis/build/icyphy/ptII/ptolemy/domains/de/test/auto/Modal4.xml
----------------- Instantiating /home/travis/build/icyphy/ptII/ptolemy/domains/de/test/auto/Modal4.xml
12 ms. Memory: 59392K Free: 33483K (56%)
----------------- Invoking toplevel() on ptolemy.moml.MoMLSimpleApplication@37254e0
----------------- Done invoking toplevel() on ptolemy.moml.MoMLSimpleApplication@37254e0
reloadAllAccessors: .Modal4

===========================================================================================
----------------- testing Tue Nov 26 06:18:18 UTC 2019 /home/travis/build/icyphy/ptII/ptolemy/domains/de/test/auto/Modal5.xml
----------------- Instantiating /home/travis/build/icyphy/ptII/ptolemy/domains/de/test/auto/Modal5.xml
10 ms. Memory: 59392K Free: 20387K (34%)
----------------- Invoking toplevel() on ptolemy.moml.MoMLSimpleApplication@6eed91e7
----------------- Done invoking toplevel() on ptolemy.moml.MoMLSimpleApplication@6eed91e7
reloadAllAccessors: .Modal5

===========================================================================================
----------------- testing Tue Nov 26 06:18:18 UTC 2019 /home/travis/build/icyphy/ptII/ptolemy/domains/de/test/auto/Modal6.xml
----------------- Instantiating /home/travis/build/icyphy/ptII/ptolemy/domains/de/test/auto/Modal6.xml
9 ms. Memory: 59392K Free: 33538K (56%)
----------------- Invoking toplevel() on ptolemy.moml.MoMLSimpleApplication@6d41f732
----------------- Done invoking toplevel() on ptolemy.moml.MoMLSimpleApplication@6d41f732
reloadAllAccessors: .Modal6

===========================================================================================
----------------- testing Tue Nov 26 06:18:18 UTC 2019 /home/travis/build/icyphy/ptII/ptolemy/domains/de/test/auto/Modal7.xml
----------------- Instantiating /home/travis/build/icyphy/ptII/ptolemy/domains/de/test/auto/Modal7.xml
7 ms. Memory: 59392K Free: 20202K (34%)
----------------- Invoking toplevel() on ptolemy.moml.MoMLSimpleApplication@15a88cd0
----------------- Done invoking toplevel() on ptolemy.moml.MoMLSimpleApplication@15a88cd0
reloadAllAccessors: .Modal7

===========================================================================================
----------------- testing Tue Nov 26 06:18:18 UTC 2019 /home/travis/build/icyphy/ptII/ptolemy/domains/de/test/auto/ModalModel.xml
----------------- Instantiating /home/travis/build/icyphy/ptII/ptolemy/domains/de/test/auto/ModalModel.xml
132 ms. Memory: 88064K Free: 61180K (69%)
----------------- Invoking toplevel() on ptolemy.moml.MoMLSimpleApplication@35ccc80
----------------- Done invoking toplevel() on ptolemy.moml.MoMLSimpleApplication@35ccc80
reloadAllAccessors: .ModalModel

===========================================================================================
----------------- testing Tue Nov 26 06:18:18 UTC 2019 /home/travis/build/icyphy/ptII/ptolemy/domains/de/test/auto/ModalSource.xml
----------------- Instantiating /home/travis/build/icyphy/ptII/ptolemy/domains/de/test/auto/ModalSource.xml
6 ms. Memory: 88064K Free: 52628K (60%)
----------------- Invoking toplevel() on ptolemy.moml.MoMLSimpleApplication@33a3d03a
----------------- Done invoking toplevel() on ptolemy.moml.MoMLSimpleApplication@33a3d03a
reloadAllAccessors: .ModalSource

===========================================================================================
----------------- testing Tue Nov 26 06:18:18 UTC 2019 /home/travis/build/icyphy/ptII/ptolemy/domains/de/test/auto/NonInterruptibleTimerZeroDelay.xml
----------------- Instantiating /home/travis/build/icyphy/ptII/ptolemy/domains/de/test/auto/NonInterruptibleTimerZeroDelay.xml
2 ms. Memory: 88064K Free: 48554K (55%)
----------------- Invoking toplevel() on ptolemy.moml.MoMLSimpleApplication@79795c13
----------------- Done invoking toplevel() on ptolemy.moml.MoMLSimpleApplication@79795c13
reloadAllAccessors: .NonInterruptibleTimerZeroDelay

===========================================================================================
----------------- testing Tue Nov 26 06:18:18 UTC 2019 /home/travis/build/icyphy/ptII/ptolemy/domains/de/test/auto/OpenQueueingNetwork.xml
----------------- Instantiating /home/travis/build/icyphy/ptII/ptolemy/domains/de/test/auto/OpenQueueingNetwork.xml
2335 ms. Memory: 172032K Free: 134440K (78%)
----------------- Invoking toplevel() on ptolemy.moml.MoMLSimpleApplication@5da1c46
----------------- Done invoking toplevel() on ptolemy.moml.MoMLSimpleApplication@5da1c46
reloadAllAccessors: .OpenQueueingNetwork

===========================================================================================
----------------- testing Tue Nov 26 06:18:21 UTC 2019 /home/travis/build/icyphy/ptII/ptolemy/domains/de/test/auto/OpenQueuingNetwork.xml
----------------- Instantiating /home/travis/build/icyphy/ptII/ptolemy/domains/de/test/auto/OpenQueuingNetwork.xml
261 ms. Memory: 172032K Free: 58150K (34%)
----------------- Invoking toplevel() on ptolemy.moml.MoMLSimpleApplication@332f8cd5
----------------- Done invoking toplevel() on ptolemy.moml.MoMLSimpleApplication@332f8cd5
reloadAllAccessors: .OpenQueuingNetwork

===========================================================================================
----------------- testing Tue Nov 26 06:18:21 UTC 2019 /home/travis/build/icyphy/ptII/ptolemy/domains/de/test/auto/PeriodicSampler.xml
----------------- Instantiating /home/travis/build/icyphy/ptII/ptolemy/domains/de/test/auto/PeriodicSampler.xml
5 ms. Memory: 172032K Free: 155241K (90%)
----------------- Invoking toplevel() on ptolemy.moml.MoMLSimpleApplication@7aae0db6
----------------- Done invoking toplevel() on ptolemy.moml.MoMLSimpleApplication@7aae0db6
reloadAllAccessors: .PeriodicSampler

===========================================================================================
----------------- testing Tue Nov 26 06:18:21 UTC 2019 /home/travis/build/icyphy/ptII/ptolemy/domains/de/test/auto/PersistentIO.xml
----------------- Instantiating /home/travis/build/icyphy/ptII/ptolemy/domains/de/test/auto/PersistentIO.xml
4 ms. Memory: 172032K Free: 145269K (84%)
----------------- Invoking toplevel() on ptolemy.moml.MoMLSimpleApplication@6926f325
----------------- Done invoking toplevel() on ptolemy.moml.MoMLSimpleApplication@6926f325
reloadAllAccessors: .PersistentIO

===========================================================================================
----------------- testing Tue Nov 26 06:18:21 UTC 2019 /home/travis/build/icyphy/ptII/ptolemy/domains/de/test/auto/PortParameterResetOnInitialize.xml
----------------- Instantiating /home/travis/build/icyphy/ptII/ptolemy/domains/de/test/auto/PortParameterResetOnInitialize.xml
1 ms. Memory: 172032K Free: 140645K (82%)
----------------- Invoking toplevel() on ptolemy.moml.MoMLSimpleApplication@1c049010
----------------- Done invoking toplevel() on ptolemy.moml.MoMLSimpleApplication@1c049010
reloadAllAccessors: .PortParameterResetOnInitialize

===========================================================================================
----------------- testing Tue Nov 26 06:18:21 UTC 2019 /home/travis/build/icyphy/ptII/ptolemy/domains/de/test/auto/PortParameterUpdates.xml
----------------- Instantiating /home/travis/build/icyphy/ptII/ptolemy/domains/de/test/auto/PortParameterUpdates.xml
5 ms. Memory: 172032K Free: 134005K (78%)
----------------- Invoking toplevel() on ptolemy.moml.MoMLSimpleApplication@4ff2ed39
----------------- Done invoking toplevel() on ptolemy.moml.MoMLSimpleApplication@4ff2ed39
reloadAllAccessors: .PortParameterUpdates

===========================================================================================
----------------- testing Tue Nov 26 06:18:21 UTC 2019 /home/travis/build/icyphy/ptII/ptolemy/domains/de/test/auto/QueueAndServer.xml
----------------- Instantiating /home/travis/build/icyphy/ptII/ptolemy/domains/de/test/auto/QueueAndServer.xml
6 ms. Memory: 172032K Free: 126323K (73%)
----------------- Invoking toplevel() on ptolemy.moml.MoMLSimpleApplication@5b848ba2
----------------- Done invoking toplevel() on ptolemy.moml.MoMLSimpleApplication@5b848ba2
reloadAllAccessors: .QueueAndServer

===========================================================================================
----------------- testing Tue Nov 26 06:18:21 UTC 2019 /home/travis/build/icyphy/ptII/ptolemy/domains/de/test/auto/Records.xml
----------------- Instantiating /home/travis/build/icyphy/ptII/ptolemy/domains/de/test/auto/Records.xml
4 ms. Memory: 172032K Free: 120693K (70%)
----------------- Invoking toplevel() on ptolemy.moml.MoMLSimpleApplication@5a8edf50
----------------- Done invoking toplevel() on ptolemy.moml.MoMLSimpleApplication@5a8edf50
reloadAllAccessors: .Records

===========================================================================================
----------------- testing Tue Nov 26 06:18:21 UTC 2019 /home/travis/build/icyphy/ptII/ptolemy/domains/de/test/auto/ResetTransitionWithStartTime1.xml
----------------- Instantiating /home/travis/build/icyphy/ptII/ptolemy/domains/de/test/auto/ResetTransitionWithStartTime1.xml
10 ms. Memory: 172032K Free: 112501K (65%)
----------------- Invoking toplevel() on ptolemy.moml.MoMLSimpleApplication@2d70d6e8
----------------- Done invoking toplevel() on ptolemy.moml.MoMLSimpleApplication@2d70d6e8
reloadAllAccessors: .ResetTransitionWithStartTime1

===========================================================================================
----------------- testing Tue Nov 26 06:18:21 UTC 2019 /home/travis/build/icyphy/ptII/ptolemy/domains/de/test/auto/ResetTransitionWithStartTime2.xml
----------------- Instantiating /home/travis/build/icyphy/ptII/ptolemy/domains/de/test/auto/ResetTransitionWithStartTime2.xml
8 ms. Memory: 172032K Free: 104309K (61%)
----------------- Invoking toplevel() on ptolemy.moml.MoMLSimpleApplication@618b091c
----------------- Done invoking toplevel() on ptolemy.moml.MoMLSimpleApplication@618b091c
reloadAllAccessors: .ResetTransitionWithStartTime2

===========================================================================================
----------------- testing Tue Nov 26 06:18:21 UTC 2019 /home/travis/build/icyphy/ptII/ptolemy/domains/de/test/auto/ResetTransitionWithStartTime3.xml
----------------- Instantiating /home/travis/build/icyphy/ptII/ptolemy/domains/de/test/auto/ResetTransitionWithStartTime3.xml
4 ms. Memory: 172032K Free: 96117K (56%)
----------------- Invoking toplevel() on ptolemy.moml.MoMLSimpleApplication@68af5737
----------------- Done invoking toplevel() on ptolemy.moml.MoMLSimpleApplication@68af5737
reloadAllAccessors: .ResetTransitionWithStartTime3

===========================================================================================
----------------- testing Tue Nov 26 06:18:21 UTC 2019 /home/travis/build/icyphy/ptII/ptolemy/domains/de/test/auto/ResetTransitionWithStartTime4.xml
----------------- Instantiating /home/travis/build/icyphy/ptII/ptolemy/domains/de/test/auto/ResetTransitionWithStartTime4.xml
3 ms. Memory: 172032K Free: 88429K (51%)
----------------- Invoking toplevel() on ptolemy.moml.MoMLSimpleApplication@1b1905eb
----------------- Done invoking toplevel() on ptolemy.moml.MoMLSimpleApplication@1b1905eb
reloadAllAccessors: .ResetTransitionWithStartTime4

===========================================================================================
----------------- testing Tue Nov 26 06:18:21 UTC 2019 /home/travis/build/icyphy/ptII/ptolemy/domains/de/test/auto/ResettableTimer1.xml
----------------- Instantiating /home/travis/build/icyphy/ptII/ptolemy/domains/de/test/auto/ResettableTimer1.xml
2 ms. Memory: 172032K Free: 84339K (49%)
----------------- Invoking toplevel() on ptolemy.moml.MoMLSimpleApplication@1cc76fb3
----------------- Done invoking toplevel() on ptolemy.moml.MoMLSimpleApplication@1cc76fb3
reloadAllAccessors: .ResettableTimer1

===========================================================================================
----------------- testing Tue Nov 26 06:18:21 UTC 2019 /home/travis/build/icyphy/ptII/ptolemy/domains/de/test/auto/ResettableTimer2.xml
----------------- Instantiating /home/travis/build/icyphy/ptII/ptolemy/domains/de/test/auto/ResettableTimer2.xml
1 ms. Memory: 172032K Free: 80229K (47%)
----------------- Invoking toplevel() on ptolemy.moml.MoMLSimpleApplication@31d6b37b
----------------- Done invoking toplevel() on ptolemy.moml.MoMLSimpleApplication@31d6b37b
reloadAllAccessors: .ResettableTimer2

===========================================================================================
----------------- testing Tue Nov 26 06:18:21 UTC 2019 /home/travis/build/icyphy/ptII/ptolemy/domains/de/test/auto/ResettableTimer3.xml
----------------- Instantiating /home/travis/build/icyphy/ptII/ptolemy/domains/de/test/auto/ResettableTimer3.xml
2 ms. Memory: 172032K Free: 76661K (45%)
----------------- Invoking toplevel() on ptolemy.moml.MoMLSimpleApplication@6f05f05f
----------------- Done invoking toplevel() on ptolemy.moml.MoMLSimpleApplication@6f05f05f
reloadAllAccessors: .ResettableTimer3

===========================================================================================
----------------- testing Tue Nov 26 06:18:21 UTC 2019 /home/travis/build/icyphy/ptII/ptolemy/domains/de/test/auto/ResettableTimer4.xml
----------------- Instantiating /home/travis/build/icyphy/ptII/ptolemy/domains/de/test/auto/ResettableTimer4.xml
1 ms. Memory: 172032K Free: 72565K (42%)
----------------- Invoking toplevel() on ptolemy.moml.MoMLSimpleApplication@2ae2685e
----------------- Done invoking toplevel() on ptolemy.moml.MoMLSimpleApplication@2ae2685e
reloadAllAccessors: .ResettableTimer4

===========================================================================================
----------------- testing Tue Nov 26 06:18:21 UTC 2019 /home/travis/build/icyphy/ptII/ptolemy/domains/de/test/auto/ResettableTimer5.xml
----------------- Instantiating /home/travis/build/icyphy/ptII/ptolemy/domains/de/test/auto/ResettableTimer5.xml
1 ms. Memory: 172032K Free: 68469K (40%)
----------------- Invoking toplevel() on ptolemy.moml.MoMLSimpleApplication@7062932e
----------------- Done invoking toplevel() on ptolemy.moml.MoMLSimpleApplication@7062932e
reloadAllAccessors: .ResettableTimer5

===========================================================================================
----------------- testing Tue Nov 26 06:18:21 UTC 2019 /home/travis/build/icyphy/ptII/ptolemy/domains/de/test/auto/ResettableTimer6.xml
----------------- Instantiating /home/travis/build/icyphy/ptII/ptolemy/domains/de/test/auto/ResettableTimer6.xml
7 ms. Memory: 172032K Free: 63859K (37%)
----------------- Invoking toplevel() on ptolemy.moml.MoMLSimpleApplication@70ad8d74
----------------- Done invoking toplevel() on ptolemy.moml.MoMLSimpleApplication@70ad8d74
reloadAllAccessors: .ResettableTimer6

===========================================================================================
----------------- testing Tue Nov 26 06:18:21 UTC 2019 /home/travis/build/icyphy/ptII/ptolemy/domains/de/test/auto/ServerZeroDelay.xml
----------------- Instantiating /home/travis/build/icyphy/ptII/ptolemy/domains/de/test/auto/ServerZeroDelay.xml
2 ms. Memory: 172032K Free: 59733K (35%)
----------------- Invoking toplevel() on ptolemy.moml.MoMLSimpleApplication@3f0986a3
----------------- Done invoking toplevel() on ptolemy.moml.MoMLSimpleApplication@3f0986a3
reloadAllAccessors: .ServerZeroDelay

===========================================================================================
----------------- testing Tue Nov 26 06:18:21 UTC 2019 /home/travis/build/icyphy/ptII/ptolemy/domains/de/test/auto/SmartSender.xml
----------------- Instantiating /home/travis/build/icyphy/ptII/ptolemy/domains/de/test/auto/SmartSender.xml
3000 ms. Memory: 172032K Free: 55667K (32%)
----------------- Invoking toplevel() on ptolemy.moml.MoMLSimpleApplication@30357e6d
----------------- Done invoking toplevel() on ptolemy.moml.MoMLSimpleApplication@30357e6d
reloadAllAccessors: .SmartSender

===========================================================================================
----------------- testing Tue Nov 26 06:18:25 UTC 2019 /home/travis/build/icyphy/ptII/ptolemy/domains/de/test/auto/ThreadedComposite.xml
----------------- Instantiating /home/travis/build/icyphy/ptII/ptolemy/domains/de/test/auto/ThreadedComposite.xml
201 ms. Memory: 172032K Free: 133617K (78%)
----------------- Invoking toplevel() on ptolemy.moml.MoMLSimpleApplication@1795fcd1
----------------- Done invoking toplevel() on ptolemy.moml.MoMLSimpleApplication@1795fcd1
reloadAllAccessors: .ThreadedComposite

===========================================================================================
----------------- testing Tue Nov 26 06:18:25 UTC 2019 /home/travis/build/icyphy/ptII/ptolemy/domains/de/test/auto/Time.xml
----------------- Instantiating /home/travis/build/icyphy/ptII/ptolemy/domains/de/test/auto/Time.xml
471 ms. Memory: 172032K Free: 80369K (47%)
----------------- Invoking toplevel() on ptolemy.moml.MoMLSimpleApplication@3dc577c0
----------------- Done invoking toplevel() on ptolemy.moml.MoMLSimpleApplication@3dc577c0
reloadAllAccessors: .Time

===========================================================================================
----------------- testing Tue Nov 26 06:18:25 UTC 2019 /home/travis/build/icyphy/ptII/ptolemy/domains/de/test/auto/TimeDelayZeroDelay.xml
----------------- Instantiating /home/travis/build/icyphy/ptII/ptolemy/domains/de/test/auto/TimeDelayZeroDelay.xml
1 ms. Memory: 172032K Free: 76273K (44%)
----------------- Invoking toplevel() on ptolemy.moml.MoMLSimpleApplication@4e6c97ea
----------------- Done invoking toplevel() on ptolemy.moml.MoMLSimpleApplication@4e6c97ea
reloadAllAccessors: .TimeDelayZeroDelay

===========================================================================================
----------------- testing Tue Nov 26 06:18:25 UTC 2019 /home/travis/build/icyphy/ptII/ptolemy/domains/de/test/auto/TimerZeroDelay.xml
----------------- Instantiating /home/travis/build/icyphy/ptII/ptolemy/domains/de/test/auto/TimerZeroDelay.xml
6 ms. Memory: 172032K Free: 72177K (42%)
----------------- Invoking toplevel() on ptolemy.moml.MoMLSimpleApplication@14d842
----------------- Done invoking toplevel() on ptolemy.moml.MoMLSimpleApplication@14d842
reloadAllAccessors: .TimerZeroDelay

===========================================================================================
----------------- testing Tue Nov 26 06:18:25 UTC 2019 /home/travis/build/icyphy/ptII/ptolemy/domains/de/test/auto/TimingParadox.xml
----------------- Instantiating /home/travis/build/icyphy/ptII/ptolemy/domains/de/test/auto/TimingParadox.xml
311 ms. Memory: 172032K Free: 105005K (61%)
----------------- Invoking toplevel() on ptolemy.moml.MoMLSimpleApplication@4d46da57
----------------- Done invoking toplevel() on ptolemy.moml.MoMLSimpleApplication@4d46da57
reloadAllAccessors: .TimingParadox

===========================================================================================
----------------- testing Tue Nov 26 06:18:26 UTC 2019 /home/travis/build/icyphy/ptII/ptolemy/domains/de/test/auto/TransferInputs.xml
----------------- Instantiating /home/travis/build/icyphy/ptII/ptolemy/domains/de/test/auto/TransferInputs.xml
1 ms. Memory: 172032K Free: 100399K (58%)
----------------- Invoking toplevel() on ptolemy.moml.MoMLSimpleApplication@443de318
----------------- Done invoking toplevel() on ptolemy.moml.MoMLSimpleApplication@443de318
reloadAllAccessors: .TransferInputs

===========================================================================================
----------------- testing Tue Nov 26 06:18:26 UTC 2019 /home/travis/build/icyphy/ptII/ptolemy/domains/de/test/auto/TransferOutputs2.xml
----------------- Instantiating /home/travis/build/icyphy/ptII/ptolemy/domains/de/test/auto/TransferOutputs2.xml
2 ms. Memory: 172032K Free: 92207K (54%)
----------------- Invoking toplevel() on ptolemy.moml.MoMLSimpleApplication@6fc6cb80
----------------- Done invoking toplevel() on ptolemy.moml.MoMLSimpleApplication@6fc6cb80
reloadAllAccessors: .TransferOutputs2

===========================================================================================
----------------- testing Tue Nov 26 06:18:26 UTC 2019 /home/travis/build/icyphy/ptII/ptolemy/domains/de/test/auto/Trilateration.xml
----------------- Instantiating /home/travis/build/icyphy/ptII/ptolemy/domains/de/test/auto/Trilateration.xml
11782 ms. Memory: 439296K Free: 343772K (78%)
----------------- Invoking toplevel() on ptolemy.moml.MoMLSimpleApplication@3f31c2e
----------------- Done invoking toplevel() on ptolemy.moml.MoMLSimpleApplication@3f31c2e
reloadAllAccessors: .Trilateration

===========================================================================================
----------------- testing Tue Nov 26 06:18:38 UTC 2019 /home/travis/build/icyphy/ptII/ptolemy/domains/de/test/auto/TwoSigmaDelta.xml
----------------- Instantiating /home/travis/build/icyphy/ptII/ptolemy/domains/de/test/auto/TwoSigmaDelta.xml
2082 ms. Memory: 439296K Free: 401278K (91%)
----------------- Invoking toplevel() on ptolemy.moml.MoMLSimpleApplication@6e4ea56e
----------------- Done invoking toplevel() on ptolemy.moml.MoMLSimpleApplication@6e4ea56e
reloadAllAccessors: .TwoSigmaDelta

===========================================================================================
----------------- testing Tue Nov 26 06:18:40 UTC 2019 /home/travis/build/icyphy/ptII/ptolemy/domains/de/test/auto/VariableDelay.xml
----------------- Instantiating /home/travis/build/icyphy/ptII/ptolemy/domains/de/test/auto/VariableDelay.xml
2 ms. Memory: 439296K Free: 396152K (90%)
----------------- Invoking toplevel() on ptolemy.moml.MoMLSimpleApplication@6f6c0d2e
----------------- Done invoking toplevel() on ptolemy.moml.MoMLSimpleApplication@6f6c0d2e
reloadAllAccessors: .VariableDelay

===========================================================================================
----------------- testing Tue Nov 26 06:18:40 UTC 2019 /home/travis/build/icyphy/ptII/ptolemy/domains/de/test/auto/VariableDelay2.xml
----------------- Instantiating /home/travis/build/icyphy/ptII/ptolemy/domains/de/test/auto/VariableDelay2.xml
2 ms. Memory: 439296K Free: 391552K (89%)
----------------- Invoking toplevel() on ptolemy.moml.MoMLSimpleApplication@1dda8e53
----------------- Done invoking toplevel() on ptolemy.moml.MoMLSimpleApplication@1dda8e53
reloadAllAccessors: .VariableDelay2

===========================================================================================
----------------- testing Tue Nov 26 06:18:40 UTC 2019 /home/travis/build/icyphy/ptII/ptolemy/domains/de/test/auto/VariableDelayZeroDelay.xml
----------------- Instantiating /home/travis/build/icyphy/ptII/ptolemy/domains/de/test/auto/VariableDelayZeroDelay.xml
4 ms. Memory: 439296K Free: 387456K (88%)
----------------- Invoking toplevel() on ptolemy.moml.MoMLSimpleApplication@51770bb1
----------------- Done invoking toplevel() on ptolemy.moml.MoMLSimpleApplication@51770bb1
reloadAllAccessors: .VariableDelayZeroDelay

===========================================================================================
----------------- testing Tue Nov 26 06:18:40 UTC 2019 /home/travis/build/icyphy/ptII/ptolemy/domains/de/test/auto/VariableDelayZeroDelay2.xml
----------------- Instantiating /home/travis/build/icyphy/ptII/ptolemy/domains/de/test/auto/VariableDelayZeroDelay2.xml
1 ms. Memory: 439296K Free: 383360K (87%)
----------------- Invoking toplevel() on ptolemy.moml.MoMLSimpleApplication@16ef3dae
----------------- Done invoking toplevel() on ptolemy.moml.MoMLSimpleApplication@16ef3dae
reloadAllAccessors: .VariableDelayZeroDelay2

===========================================================================================
----------------- testing Tue Nov 26 06:18:40 UTC 2019 /home/travis/build/icyphy/ptII/ptolemy/domains/de/test/auto/deInCt.xml
----------------- Instantiating /home/travis/build/icyphy/ptII/ptolemy/domains/de/test/auto/deInCt.xml
0
1
1
1
1
0
0
0
1
1
1
1
1
1
0
0
0
0
0
1
1
1
0
0
1
1
1
0
0
1
1
1
0
0
0
1
1
1
1
6 ms. Memory: 439296K Free: 378240K (86%)
----------------- Invoking toplevel() on ptolemy.moml.MoMLSimpleApplication@19723b0d
----------------- Done invoking toplevel() on ptolemy.moml.MoMLSimpleApplication@19723b0d
reloadAllAccessors: .deInCt

===========================================================================================
----------------- testing Tue Nov 26 06:18:40 UTC 2019 /home/travis/build/icyphy/ptII/ptolemy/domains/de/test/auto/deInCt2.xml
----------------- Instantiating /home/travis/build/icyphy/ptII/ptolemy/domains/de/test/auto/deInCt2.xml
0
1
1
1
0
0
1
1
1
0
0
1
1
1
0
0
1
1
1
0
0
1
1
1
0
0
1
1
1
0
0
1
1
1
0
0
1
1
1
0
0
0
6 ms. Memory: 439296K Free: 373120K (85%)
----------------- Invoking toplevel() on ptolemy.moml.MoMLSimpleApplication@2e036950
----------------- Done invoking toplevel() on ptolemy.moml.MoMLSimpleApplication@2e036950
reloadAllAccessors: .deInCt2

===========================================================================================
----------------- testing Tue Nov 26 06:18:40 UTC 2019 /home/travis/build/icyphy/ptII/ptolemy/domains/de/test/auto/dynamicCausalityInterface1.xml
----------------- Instantiating /home/travis/build/icyphy/ptII/ptolemy/domains/de/test/auto/dynamicCausalityInterface1.xml
1 ms. Memory: 439296K Free: 363904K (83%)
----------------- Invoking toplevel() on ptolemy.moml.MoMLSimpleApplication@4d7c147f
----------------- Done invoking toplevel() on ptolemy.moml.MoMLSimpleApplication@4d7c147f
reloadAllAccessors: .dynamicCausalityInterface1

===========================================================================================
----------------- testing Tue Nov 26 06:18:40 UTC 2019 /home/travis/build/icyphy/ptII/ptolemy/domains/de/test/auto/fsm_de_test.xml
----------------- Instantiating /home/travis/build/icyphy/ptII/ptolemy/domains/de/test/auto/fsm_de_test.xml
5 ms. Memory: 439296K Free: 354688K (81%)
----------------- Invoking toplevel() on ptolemy.moml.MoMLSimpleApplication@7315037b
----------------- Done invoking toplevel() on ptolemy.moml.MoMLSimpleApplication@7315037b
reloadAllAccessors: .fsm_de_test

===========================================================================================
----------------- testing Tue Nov 26 06:18:40 UTC 2019 /home/travis/build/icyphy/ptII/ptolemy/domains/de/test/auto/functionDependencyReconstruction.xml
----------------- Instantiating /home/travis/build/icyphy/ptII/ptolemy/domains/de/test/auto/functionDependencyReconstruction.xml
3 ms. Memory: 439296K Free: 339832K (77%)
----------------- Invoking toplevel() on ptolemy.moml.MoMLSimpleApplication@3207e044
----------------- Done invoking toplevel() on ptolemy.moml.MoMLSimpleApplication@3207e044
reloadAllAccessors: .functionDependencyReconstruction

===========================================================================================
----------------- testing Tue Nov 26 06:18:40 UTC 2019 /home/travis/build/icyphy/ptII/ptolemy/domains/de/test/auto/multirate.xml
----------------- Instantiating /home/travis/build/icyphy/ptII/ptolemy/domains/de/test/auto/multirate.xml
3 ms. Memory: 439296K Free: 333184K (76%)
----------------- Invoking toplevel() on ptolemy.moml.MoMLSimpleApplication@68d2d69
----------------- Done invoking toplevel() on ptolemy.moml.MoMLSimpleApplication@68d2d69
reloadAllAccessors: .multirate

===========================================================================================
----------------- testing Tue Nov 26 06:18:40 UTC 2019 /home/travis/build/icyphy/ptII/ptolemy/domains/de/test/auto/multirate2.xml
----------------- Instantiating /home/travis/build/icyphy/ptII/ptolemy/domains/de/test/auto/multirate2.xml
2 ms. Memory: 439296K Free: 326512K (74%)
----------------- Invoking toplevel() on ptolemy.moml.MoMLSimpleApplication@55962763
----------------- Done invoking toplevel() on ptolemy.moml.MoMLSimpleApplication@55962763
reloadAllAccessors: .multirate2

===========================================================================================
----------------- testing Tue Nov 26 06:18:40 UTC 2019 /home/travis/build/icyphy/ptII/ptolemy/domains/de/test/auto/realtime.xml
----------------- Instantiating /home/travis/build/icyphy/ptII/ptolemy/domains/de/test/auto/realtime.xml
10002 ms. Memory: 439296K Free: 321920K (73%)
----------------- Invoking toplevel() on ptolemy.moml.MoMLSimpleApplication@18829300
----------------- Done invoking toplevel() on ptolemy.moml.MoMLSimpleApplication@18829300
reloadAllAccessors: .realtime

===========================================================================================
----------------- testing Tue Nov 26 06:18:51 UTC 2019 /home/travis/build/icyphy/ptII/ptolemy/domains/de/test/auto/relationGroup.xml
----------------- Instantiating /home/travis/build/icyphy/ptII/ptolemy/domains/de/test/auto/relationGroup.xml
2 ms. Memory: 439296K Free: 318334K (72%)
----------------- Invoking toplevel() on ptolemy.moml.MoMLSimpleApplication@7cf7db05
----------------- Done invoking toplevel() on ptolemy.moml.MoMLSimpleApplication@7cf7db05
reloadAllAccessors: .relationGroup

===========================================================================================
----------------- testing Tue Nov 26 06:18:51 UTC 2019 /home/travis/build/icyphy/ptII/ptolemy/domains/de/test/auto/relationGroup2.xml
----------------- Instantiating /home/travis/build/icyphy/ptII/ptolemy/domains/de/test/auto/relationGroup2.xml
1 ms. Memory: 439296K Free: 314752K (72%)
----------------- Invoking toplevel() on ptolemy.moml.MoMLSimpleApplication@3bd928a0
----------------- Done invoking toplevel() on ptolemy.moml.MoMLSimpleApplication@3bd928a0
reloadAllAccessors: .relationGroup2

===========================================================================================
----------------- testing Tue Nov 26 06:18:51 UTC 2019 /home/travis/build/icyphy/ptII/ptolemy/domains/de/test/auto/sortWithOpaquePorts.xml
----------------- Instantiating /home/travis/build/icyphy/ptII/ptolemy/domains/de/test/auto/sortWithOpaquePorts.xml
2 ms. Memory: 439296K Free: 310112K (71%)
----------------- Invoking toplevel() on ptolemy.moml.MoMLSimpleApplication@3891940
----------------- Done invoking toplevel() on ptolemy.moml.MoMLSimpleApplication@3891940
reloadAllAccessors: .sortWithOpaquePorts

===========================================================================================
----------------- testing Tue Nov 26 06:18:51 UTC 2019 /home/travis/build/icyphy/ptII/ptolemy/domains/de/test/auto/transferInputsandOutputs.xml
----------------- Instantiating /home/travis/build/icyphy/ptII/ptolemy/domains/de/test/auto/transferInputsandOutputs.xml
2 ms. Memory: 439296K Free: 302974K (69%)
----------------- Invoking toplevel() on ptolemy.moml.MoMLSimpleApplication@5a446bed
----------------- Done invoking toplevel() on ptolemy.moml.MoMLSimpleApplication@5a446bed
reloadAllAccessors: .transferInputsandOutputs

===========================================================================================
----------------- testing Tue Nov 26 06:18:51 UTC 2019 /home/travis/build/icyphy/ptII/ptolemy/domains/de/test/auto/triggerType.xml
----------------- Instantiating /home/travis/build/icyphy/ptII/ptolemy/domains/de/test/auto/triggerType.xml
1 ms. Memory: 439296K Free: 298864K (68%)
----------------- Invoking toplevel() on ptolemy.moml.MoMLSimpleApplication@2179b9b0
----------------- Done invoking toplevel() on ptolemy.moml.MoMLSimpleApplication@2179b9b0
reloadAllAccessors: .triggerType
AutoTests.java: About to close Vertx.
AutoTests.java: Vertx closed.
]]></system-out>
  <system-err><![CDATA[java.lang.RuntimeException: Execution failed
	at ptolemy.moml.MoMLSimpleApplication$UnloadThread.run(MoMLSimpleApplication.java:402)
Caused by: ptolemy.kernel.util.IllegalActionException: Found a zero delay loop containing .dependencyLoop.original
  in .dependencyLoop and .dependencyLoop.original
	at ptolemy.actor.util.CausalityInterfaceForComposites._computeOutputPortDepth(CausalityInterfaceForComposites.java:759)
	at ptolemy.actor.util.CausalityInterfaceForComposites._computeInputDepth(CausalityInterfaceForComposites.java:696)
	at ptolemy.actor.util.CausalityInterfaceForComposites._computeOutputPortDepth(CausalityInterfaceForComposites.java:765)
	at ptolemy.actor.util.CausalityInterfaceForComposites._computeInputDepth(CausalityInterfaceForComposites.java:696)
	at ptolemy.actor.util.CausalityInterfaceForComposites._computeOutputPortDepth(CausalityInterfaceForComposites.java:765)
	at ptolemy.actor.util.CausalityInterfaceForComposites._computeInputDepth(CausalityInterfaceForComposites.java:696)
	at ptolemy.actor.util.CausalityInterfaceForComposites._computeActorDepth(CausalityInterfaceForComposites.java:532)
	at ptolemy.actor.util.CausalityInterfaceForComposites.checkForCycles(CausalityInterfaceForComposites.java:96)
	at ptolemy.domains.de.kernel.DEDirector.preinitialize(DEDirector.java:1338)
	at ptolemy.actor.CompositeActor.preinitialize(CompositeActor.java:1828)
	at ptolemy.actor.Manager.preinitializeAndResolveTypes(Manager.java:1040)
	at ptolemy.actor.Manager.initialize(Manager.java:710)
	at ptolemy.actor.Manager.execute(Manager.java:356)
	at ptolemy.actor.Manager.run(Manager.java:1263)
	at ptolemy.actor.Manager$PtolemyRunThread.run(Manager.java:1933)
java.lang.RuntimeException: Execution failed
	at ptolemy.moml.MoMLSimpleApplication$UnloadThread.run(MoMLSimpleApplication.java:402)
Caused by: ptolemy.kernel.util.IllegalActionException: Found a zero delay loop containing .dependencyLoop2.original
  in .dependencyLoop2 and .dependencyLoop2.original
	at ptolemy.actor.util.CausalityInterfaceForComposites._computeOutputPortDepth(CausalityInterfaceForComposites.java:759)
	at ptolemy.actor.util.CausalityInterfaceForComposites._computeInputDepth(CausalityInterfaceForComposites.java:696)
	at ptolemy.actor.util.CausalityInterfaceForComposites._computeOutputPortDepth(CausalityInterfaceForComposites.java:765)
	at ptolemy.actor.util.CausalityInterfaceForComposites._computeInputDepth(CausalityInterfaceForComposites.java:696)
	at ptolemy.actor.util.CausalityInterfaceForComposites._computeOutputPortDepth(CausalityInterfaceForComposites.java:765)
	at ptolemy.actor.util.CausalityInterfaceForComposites._computeInputDepth(CausalityInterfaceForComposites.java:696)
	at ptolemy.actor.util.CausalityInterfaceForComposites._computeActorDepth(CausalityInterfaceForComposites.java:532)
	at ptolemy.actor.util.CausalityInterfaceForComposites.checkForCycles(CausalityInterfaceForComposites.java:96)
	at ptolemy.domains.de.kernel.DEDirector.preinitialize(DEDirector.java:1338)
	at ptolemy.actor.CompositeActor.preinitialize(CompositeActor.java:1828)
	at ptolemy.actor.Manager.preinitializeAndResolveTypes(Manager.java:1040)
	at ptolemy.actor.Manager.initialize(Manager.java:710)
	at ptolemy.actor.Manager.execute(Manager.java:356)
	at ptolemy.actor.Manager.run(Manager.java:1263)
	at ptolemy.actor.Manager$PtolemyRunThread.run(Manager.java:1933)
java.lang.RuntimeException: Execution failed
	at ptolemy.moml.MoMLSimpleApplication$UnloadThread.run(MoMLSimpleApplication.java:402)
Caused by: ptolemy.kernel.util.IllegalActionException: Test fails in iteration 1.
Value was: 1.0. Should have been: 2.0
  in .DirectFeedback.Test
	at ptolemy.actor.lib.Test.fire(Test.java:268)
	at ptolemy.domains.de.kernel.DEDirector._fire(DEDirector.java:1949)
	at ptolemy.domains.de.kernel.DEDirector.fire(DEDirector.java:502)
	at ptolemy.actor.CompositeActor.fire(CompositeActor.java:455)
	at ptolemy.actor.Manager.iterate(Manager.java:851)
	at ptolemy.actor.Manager.execute(Manager.java:369)
	at ptolemy.actor.Manager.run(Manager.java:1263)
	at ptolemy.actor.Manager$PtolemyRunThread.run(Manager.java:1933)
java.lang.RuntimeException: Execution failed
	at ptolemy.moml.MoMLSimpleApplication$UnloadThread.run(MoMLSimpleApplication.java:402)
Caused by: ptolemy.kernel.util.IllegalActionException: Found a zero delay loop containing .dependencyLoop.original
  in .dependencyLoop and .dependencyLoop.original
	at ptolemy.actor.util.CausalityInterfaceForComposites._computeOutputPortDepth(CausalityInterfaceForComposites.java:759)
	at ptolemy.actor.util.CausalityInterfaceForComposites._computeInputDepth(CausalityInterfaceForComposites.java:696)
	at ptolemy.actor.util.CausalityInterfaceForComposites._computeOutputPortDepth(CausalityInterfaceForComposites.java:765)
	at ptolemy.actor.util.CausalityInterfaceForComposites._computeInputDepth(CausalityInterfaceForComposites.java:696)
	at ptolemy.actor.util.CausalityInterfaceForComposites._computeOutputPortDepth(CausalityInterfaceForComposites.java:765)
	at ptolemy.actor.util.CausalityInterfaceForComposites._computeInputDepth(CausalityInterfaceForComposites.java:696)
	at ptolemy.actor.util.CausalityInterfaceForComposites._computeActorDepth(CausalityInterfaceForComposites.java:532)
	at ptolemy.actor.util.CausalityInterfaceForComposites.checkForCycles(CausalityInterfaceForComposites.java:96)
	at ptolemy.domains.de.kernel.DEDirector.preinitialize(DEDirector.java:1338)
	at ptolemy.actor.CompositeActor.preinitialize(CompositeActor.java:1828)
	at ptolemy.actor.Manager.preinitializeAndResolveTypes(Manager.java:1040)
	at ptolemy.actor.Manager.initialize(Manager.java:710)
	at ptolemy.actor.Manager.execute(Manager.java:356)
	at ptolemy.actor.Manager.run(Manager.java:1263)
	at ptolemy.actor.Manager$PtolemyRunThread.run(Manager.java:1933)
java.lang.RuntimeException: Execution failed
	at ptolemy.moml.MoMLSimpleApplication$UnloadThread.run(MoMLSimpleApplication.java:402)
Caused by: ptolemy.kernel.util.IllegalActionException: Found a zero delay loop containing .HierarchicalModel.A
  in .HierarchicalModel and .HierarchicalModel.A
	at ptolemy.actor.util.CausalityInterfaceForComposites._computeOutputPortDepth(CausalityInterfaceForComposites.java:759)
	at ptolemy.actor.util.CausalityInterfaceForComposites._computeInputDepth(CausalityInterfaceForComposites.java:696)
	at ptolemy.actor.util.CausalityInterfaceForComposites._computeOutputPortDepth(CausalityInterfaceForComposites.java:765)
	at ptolemy.actor.util.CausalityInterfaceForComposites._computeInputDepth(CausalityInterfaceForComposites.java:696)
	at ptolemy.actor.util.CausalityInterfaceForComposites._computeOutputPortDepth(CausalityInterfaceForComposites.java:765)
	at ptolemy.actor.util.CausalityInterfaceForComposites._computeInputDepth(CausalityInterfaceForComposites.java:696)
	at ptolemy.actor.util.CausalityInterfaceForComposites._computeActorDepth(CausalityInterfaceForComposites.java:532)
	at ptolemy.actor.util.CausalityInterfaceForComposites.checkForCycles(CausalityInterfaceForComposites.java:96)
	at ptolemy.domains.de.kernel.DEDirector.preinitialize(DEDirector.java:1338)
	at ptolemy.actor.CompositeActor.preinitialize(CompositeActor.java:1828)
	at ptolemy.actor.Manager.preinitializeAndResolveTypes(Manager.java:1040)
	at ptolemy.actor.Manager.initialize(Manager.java:710)
	at ptolemy.actor.Manager.execute(Manager.java:356)
	at ptolemy.actor.Manager.run(Manager.java:1263)
	at ptolemy.actor.Manager$PtolemyRunThread.run(Manager.java:1933)
java.lang.RuntimeException: Execution failed
	at ptolemy.moml.MoMLSimpleApplication$UnloadThread.run(MoMLSimpleApplication.java:402)
Caused by: ptolemy.kernel.util.IllegalActionException: Found a zero delay loop containing .dependencyLoop2.original
  in .dependencyLoop2 and .dependencyLoop2.original
	at ptolemy.actor.util.CausalityInterfaceForComposites._computeOutputPortDepth(CausalityInterfaceForComposites.java:759)
	at ptolemy.actor.util.CausalityInterfaceForComposites._computeInputDepth(CausalityInterfaceForComposites.java:696)
	at ptolemy.actor.util.CausalityInterfaceForComposites._computeOutputPortDepth(CausalityInterfaceForComposites.java:765)
	at ptolemy.actor.util.CausalityInterfaceForComposites._computeInputDepth(CausalityInterfaceForComposites.java:696)
	at ptolemy.actor.util.CausalityInterfaceForComposites._computeOutputPortDepth(CausalityInterfaceForComposites.java:765)
	at ptolemy.actor.util.CausalityInterfaceForComposites._computeInputDepth(CausalityInterfaceForComposites.java:696)
	at ptolemy.actor.util.CausalityInterfaceForComposites._computeActorDepth(CausalityInterfaceForComposites.java:532)
	at ptolemy.actor.util.CausalityInterfaceForComposites.checkForCycles(CausalityInterfaceForComposites.java:96)
	at ptolemy.domains.de.kernel.DEDirector.preinitialize(DEDirector.java:1338)
	at ptolemy.actor.CompositeActor.preinitialize(CompositeActor.java:1828)
	at ptolemy.actor.Manager.preinitializeAndResolveTypes(Manager.java:1040)
	at ptolemy.actor.Manager.initialize(Manager.java:710)
	at ptolemy.actor.Manager.execute(Manager.java:356)
	at ptolemy.actor.Manager.run(Manager.java:1263)
	at ptolemy.actor.Manager$PtolemyRunThread.run(Manager.java:1933)
java.lang.RuntimeException: Execution failed
	at ptolemy.moml.MoMLSimpleApplication$UnloadThread.run(MoMLSimpleApplication.java:402)
Caused by: ptolemy.kernel.util.IllegalActionException: Actor is not ready to fire.  Perhaps UpSample.prefire() returned false? Try debugging the actor by selecting "Listen to Actor".  Also, for SDF check moml for tokenConsumptionRate on input.
  in .DESDFClockTest.Play Bell.Copy1:SDF Director and .DESDFClockTest.Play Bell.UpSample
	at ptolemy.actor.sched.StaticSchedulingDirector.fire(StaticSchedulingDirector.java:227)
	at ptolemy.domains.sdf.kernel.SDFDirector.fire(SDFDirector.java:500)
	at ptolemy.actor.CompositeActor.fire(CompositeActor.java:455)
	at ptolemy.domains.de.kernel.DEDirector._fire(DEDirector.java:1949)
	at ptolemy.domains.de.kernel.DEDirector.fire(DEDirector.java:502)
	at ptolemy.actor.CompositeActor.fire(CompositeActor.java:455)
	at ptolemy.actor.Manager.iterate(Manager.java:851)
	at ptolemy.actor.Manager.execute(Manager.java:369)
	at ptolemy.actor.Manager.run(Manager.java:1263)
	at ptolemy.actor.Manager$PtolemyRunThread.run(Manager.java:1933)
java.lang.RuntimeException: Execution failed
	at ptolemy.moml.MoMLSimpleApplication$UnloadThread.run(MoMLSimpleApplication.java:402)
Caused by: ptolemy.kernel.util.IllegalActionException: Actor is not ready to fire.  Perhaps UpSample.prefire() returned false? Try debugging the actor by selecting "Listen to Actor".  Also, for SDF check moml for tokenConsumptionRate on input.
  in .DESDFClockTest.Play Bell.Copy1:SDF Director and .DESDFClockTest.Play Bell.UpSample
	at ptolemy.actor.sched.StaticSchedulingDirector.fire(StaticSchedulingDirector.java:227)
	at ptolemy.domains.sdf.kernel.SDFDirector.fire(SDFDirector.java:500)
	at ptolemy.actor.CompositeActor.fire(CompositeActor.java:455)
	at ptolemy.domains.de.kernel.DEDirector._fire(DEDirector.java:1949)
	at ptolemy.domains.de.kernel.DEDirector.fire(DEDirector.java:502)
	at ptolemy.actor.CompositeActor.fire(CompositeActor.java:455)
	at ptolemy.actor.Manager.iterate(Manager.java:851)
	at ptolemy.actor.Manager.execute(Manager.java:369)
	at ptolemy.actor.Manager.run(Manager.java:1263)
	at ptolemy.actor.Manager$PtolemyRunThread.run(Manager.java:1933)
java.lang.reflect.InvocationTargetException
	at java.base/jdk.internal.reflect.NativeConstructorAccessorImpl.newInstance0(Native Method)
	at java.base/jdk.internal.reflect.NativeConstructorAccessorImpl.newInstance(NativeConstructorAccessorImpl.java:62)
	at java.base/jdk.internal.reflect.DelegatingConstructorAccessorImpl.newInstance(DelegatingConstructorAccessorImpl.java:45)
	at java.base/java.lang.reflect.Constructor.newInstance(Constructor.java:490)
	at ptolemy.util.test.junit.AutoKnownFailedTests.RunModel(AutoKnownFailedTests.java:105)
	at java.base/jdk.internal.reflect.NativeMethodAccessorImpl.invoke0(Native Method)
	at java.base/jdk.internal.reflect.NativeMethodAccessorImpl.invoke(NativeMethodAccessorImpl.java:62)
	at java.base/jdk.internal.reflect.DelegatingMethodAccessorImpl.invoke(DelegatingMethodAccessorImpl.java:43)
	at java.base/java.lang.reflect.Method.invoke(Method.java:566)
	at org.junit.runners.model.FrameworkMethod$1.runReflectiveCall(FrameworkMethod.java:44)
	at org.junit.internal.runners.model.ReflectiveCallable.run(ReflectiveCallable.java:15)
	at org.junit.runners.model.FrameworkMethod.invokeExplosively(FrameworkMethod.java:41)
	at junitparams.internal.InvokeParameterisedMethod.evaluate(InvokeParameterisedMethod.java:102)
	at org.junit.internal.runners.statements.FailOnTimeout$1.run(FailOnTimeout.java:28)
Caused by: ptolemy.kernel.util.IllegalActionException: Actor is not ready to fire.  Perhaps UpSample.prefire() returned false? Try debugging the actor by selecting "Listen to Actor".  Also, for SDF check moml for tokenConsumptionRate on input.
  in .DESDFClockTest.Play Bell.Copy1:SDF Director and .DESDFClockTest.Play Bell.UpSample
	at ptolemy.actor.sched.StaticSchedulingDirector.fire(StaticSchedulingDirector.java:227)
	at ptolemy.domains.sdf.kernel.SDFDirector.fire(SDFDirector.java:500)
	at ptolemy.actor.CompositeActor.fire(CompositeActor.java:455)
	at ptolemy.domains.de.kernel.DEDirector._fire(DEDirector.java:1949)
	at ptolemy.domains.de.kernel.DEDirector.fire(DEDirector.java:502)
	at ptolemy.actor.CompositeActor.fire(CompositeActor.java:455)
	at ptolemy.actor.Manager.iterate(Manager.java:851)
	at ptolemy.actor.Manager.execute(Manager.java:369)
	at ptolemy.actor.Manager.run(Manager.java:1263)
	at ptolemy.actor.Manager$PtolemyRunThread.run(Manager.java:1933)
java.lang.RuntimeException: Execution failed
	at ptolemy.moml.MoMLSimpleApplication$UnloadThread.run(MoMLSimpleApplication.java:402)
Caused by: ptolemy.kernel.util.IllegalActionException: Test fails in iteration 1.
Value was: 1.0. Should have been: 2.0
  in .DirectFeedback.Test
	at ptolemy.actor.lib.Test.fire(Test.java:268)
	at ptolemy.domains.de.kernel.DEDirector._fire(DEDirector.java:1949)
	at ptolemy.domains.de.kernel.DEDirector.fire(DEDirector.java:502)
	at ptolemy.actor.CompositeActor.fire(CompositeActor.java:455)
	at ptolemy.actor.Manager.iterate(Manager.java:851)
	at ptolemy.actor.Manager.execute(Manager.java:369)
	at ptolemy.actor.Manager.run(Manager.java:1263)
	at ptolemy.actor.Manager$PtolemyRunThread.run(Manager.java:1933)
java.lang.reflect.InvocationTargetException
	at java.base/jdk.internal.reflect.NativeConstructorAccessorImpl.newInstance0(Native Method)
	at java.base/jdk.internal.reflect.NativeConstructorAccessorImpl.newInstance(NativeConstructorAccessorImpl.java:62)
	at java.base/jdk.internal.reflect.DelegatingConstructorAccessorImpl.newInstance(DelegatingConstructorAccessorImpl.java:45)
	at java.base/java.lang.reflect.Constructor.newInstance(Constructor.java:490)
	at ptolemy.util.test.junit.AutoKnownFailedTests.RunModel(AutoKnownFailedTests.java:105)
	at java.base/jdk.internal.reflect.NativeMethodAccessorImpl.invoke0(Native Method)
	at java.base/jdk.internal.reflect.NativeMethodAccessorImpl.invoke(NativeMethodAccessorImpl.java:62)
	at java.base/jdk.internal.reflect.DelegatingMethodAccessorImpl.invoke(DelegatingMethodAccessorImpl.java:43)
	at java.base/java.lang.reflect.Method.invoke(Method.java:566)
	at org.junit.runners.model.FrameworkMethod$1.runReflectiveCall(FrameworkMethod.java:44)
	at org.junit.internal.runners.model.ReflectiveCallable.run(ReflectiveCallable.java:15)
	at org.junit.runners.model.FrameworkMethod.invokeExplosively(FrameworkMethod.java:41)
	at junitparams.internal.InvokeParameterisedMethod.evaluate(InvokeParameterisedMethod.java:102)
	at org.junit.internal.runners.statements.FailOnTimeout$1.run(FailOnTimeout.java:28)
Caused by: ptolemy.kernel.util.IllegalActionException: Test fails in iteration 1.
Value was: 1.0. Should have been: 2.0
  in .DirectFeedback.Test
	at ptolemy.actor.lib.Test.fire(Test.java:268)
	at ptolemy.domains.de.kernel.DEDirector._fire(DEDirector.java:1949)
	at ptolemy.domains.de.kernel.DEDirector.fire(DEDirector.java:502)
	at ptolemy.actor.CompositeActor.fire(CompositeActor.java:455)
	at ptolemy.actor.Manager.iterate(Manager.java:851)
	at ptolemy.actor.Manager.execute(Manager.java:369)
	at ptolemy.actor.Manager.run(Manager.java:1263)
	at ptolemy.actor.Manager$PtolemyRunThread.run(Manager.java:1933)
java.lang.RuntimeException: Execution failed
	at ptolemy.moml.MoMLSimpleApplication$UnloadThread.run(MoMLSimpleApplication.java:402)
Caused by: ptolemy.kernel.util.IllegalActionException: Found a zero delay loop containing .HierarchicalModel.A
  in .HierarchicalModel and .HierarchicalModel.A
	at ptolemy.actor.util.CausalityInterfaceForComposites._computeOutputPortDepth(CausalityInterfaceForComposites.java:759)
	at ptolemy.actor.util.CausalityInterfaceForComposites._computeInputDepth(CausalityInterfaceForComposites.java:696)
	at ptolemy.actor.util.CausalityInterfaceForComposites._computeOutputPortDepth(CausalityInterfaceForComposites.java:765)
	at ptolemy.actor.util.CausalityInterfaceForComposites._computeInputDepth(CausalityInterfaceForComposites.java:696)
	at ptolemy.actor.util.CausalityInterfaceForComposites._computeOutputPortDepth(CausalityInterfaceForComposites.java:765)
	at ptolemy.actor.util.CausalityInterfaceForComposites._computeInputDepth(CausalityInterfaceForComposites.java:696)
	at ptolemy.actor.util.CausalityInterfaceForComposites._computeActorDepth(CausalityInterfaceForComposites.java:532)
	at ptolemy.actor.util.CausalityInterfaceForComposites.checkForCycles(CausalityInterfaceForComposites.java:96)
	at ptolemy.domains.de.kernel.DEDirector.preinitialize(DEDirector.java:1338)
	at ptolemy.actor.CompositeActor.preinitialize(CompositeActor.java:1828)
	at ptolemy.actor.Manager.preinitializeAndResolveTypes(Manager.java:1040)
	at ptolemy.actor.Manager.initialize(Manager.java:710)
	at ptolemy.actor.Manager.execute(Manager.java:356)
	at ptolemy.actor.Manager.run(Manager.java:1263)
	at ptolemy.actor.Manager$PtolemyRunThread.run(Manager.java:1933)
java.lang.reflect.InvocationTargetException
	at java.base/jdk.internal.reflect.NativeConstructorAccessorImpl.newInstance0(Native Method)
	at java.base/jdk.internal.reflect.NativeConstructorAccessorImpl.newInstance(NativeConstructorAccessorImpl.java:62)
	at java.base/jdk.internal.reflect.DelegatingConstructorAccessorImpl.newInstance(DelegatingConstructorAccessorImpl.java:45)
	at java.base/java.lang.reflect.Constructor.newInstance(Constructor.java:490)
	at ptolemy.util.test.junit.AutoKnownFailedTests.RunModel(AutoKnownFailedTests.java:105)
	at java.base/jdk.internal.reflect.NativeMethodAccessorImpl.invoke0(Native Method)
	at java.base/jdk.internal.reflect.NativeMethodAccessorImpl.invoke(NativeMethodAccessorImpl.java:62)
	at java.base/jdk.internal.reflect.DelegatingMethodAccessorImpl.invoke(DelegatingMethodAccessorImpl.java:43)
	at java.base/java.lang.reflect.Method.invoke(Method.java:566)
	at org.junit.runners.model.FrameworkMethod$1.runReflectiveCall(FrameworkMethod.java:44)
	at org.junit.internal.runners.model.ReflectiveCallable.run(ReflectiveCallable.java:15)
	at org.junit.runners.model.FrameworkMethod.invokeExplosively(FrameworkMethod.java:41)
	at junitparams.internal.InvokeParameterisedMethod.evaluate(InvokeParameterisedMethod.java:102)
	at org.junit.internal.runners.statements.FailOnTimeout$1.run(FailOnTimeout.java:28)
Caused by: ptolemy.kernel.util.IllegalActionException: Found a zero delay loop containing .HierarchicalModel.A
  in .HierarchicalModel and .HierarchicalModel.A
	at ptolemy.actor.util.CausalityInterfaceForComposites._computeOutputPortDepth(CausalityInterfaceForComposites.java:759)
	at ptolemy.actor.util.CausalityInterfaceForComposites._computeInputDepth(CausalityInterfaceForComposites.java:696)
	at ptolemy.actor.util.CausalityInterfaceForComposites._computeOutputPortDepth(CausalityInterfaceForComposites.java:765)
	at ptolemy.actor.util.CausalityInterfaceForComposites._computeInputDepth(CausalityInterfaceForComposites.java:696)
	at ptolemy.actor.util.CausalityInterfaceForComposites._computeOutputPortDepth(CausalityInterfaceForComposites.java:765)
	at ptolemy.actor.util.CausalityInterfaceForComposites._computeInputDepth(CausalityInterfaceForComposites.java:696)
	at ptolemy.actor.util.CausalityInterfaceForComposites._computeActorDepth(CausalityInterfaceForComposites.java:532)
	at ptolemy.actor.util.CausalityInterfaceForComposites.checkForCycles(CausalityInterfaceForComposites.java:96)
	at ptolemy.domains.de.kernel.DEDirector.preinitialize(DEDirector.java:1338)
	at ptolemy.actor.CompositeActor.preinitialize(CompositeActor.java:1828)
	at ptolemy.actor.Manager.preinitializeAndResolveTypes(Manager.java:1040)
	at ptolemy.actor.Manager.initialize(Manager.java:710)
	at ptolemy.actor.Manager.execute(Manager.java:356)
	at ptolemy.actor.Manager.run(Manager.java:1263)
	at ptolemy.actor.Manager$PtolemyRunThread.run(Manager.java:1933)
java.lang.RuntimeException: Execution failed
	at ptolemy.moml.MoMLSimpleApplication$UnloadThread.run(MoMLSimpleApplication.java:402)
Caused by: ptolemy.kernel.util.IllegalActionException: Found a zero delay loop containing .dependencyLoop.original
  in .dependencyLoop and .dependencyLoop.original
	at ptolemy.actor.util.CausalityInterfaceForComposites._computeOutputPortDepth(CausalityInterfaceForComposites.java:759)
	at ptolemy.actor.util.CausalityInterfaceForComposites._computeInputDepth(CausalityInterfaceForComposites.java:696)
	at ptolemy.actor.util.CausalityInterfaceForComposites._computeOutputPortDepth(CausalityInterfaceForComposites.java:765)
	at ptolemy.actor.util.CausalityInterfaceForComposites._computeInputDepth(CausalityInterfaceForComposites.java:696)
	at ptolemy.actor.util.CausalityInterfaceForComposites._computeOutputPortDepth(CausalityInterfaceForComposites.java:765)
	at ptolemy.actor.util.CausalityInterfaceForComposites._computeInputDepth(CausalityInterfaceForComposites.java:696)
	at ptolemy.actor.util.CausalityInterfaceForComposites._computeActorDepth(CausalityInterfaceForComposites.java:532)
	at ptolemy.actor.util.CausalityInterfaceForComposites.checkForCycles(CausalityInterfaceForComposites.java:96)
	at ptolemy.domains.de.kernel.DEDirector.preinitialize(DEDirector.java:1338)
	at ptolemy.actor.CompositeActor.preinitialize(CompositeActor.java:1828)
	at ptolemy.actor.Manager.preinitializeAndResolveTypes(Manager.java:1040)
	at ptolemy.actor.Manager.initialize(Manager.java:710)
	at ptolemy.actor.Manager.execute(Manager.java:356)
	at ptolemy.actor.Manager.run(Manager.java:1263)
	at ptolemy.actor.Manager$PtolemyRunThread.run(Manager.java:1933)
java.lang.reflect.InvocationTargetException
	at java.base/jdk.internal.reflect.NativeConstructorAccessorImpl.newInstance0(Native Method)
	at java.base/jdk.internal.reflect.NativeConstructorAccessorImpl.newInstance(NativeConstructorAccessorImpl.java:62)
	at java.base/jdk.internal.reflect.DelegatingConstructorAccessorImpl.newInstance(DelegatingConstructorAccessorImpl.java:45)
	at java.base/java.lang.reflect.Constructor.newInstance(Constructor.java:490)
	at ptolemy.util.test.junit.AutoKnownFailedTests.RunModel(AutoKnownFailedTests.java:105)
	at java.base/jdk.internal.reflect.NativeMethodAccessorImpl.invoke0(Native Method)
	at java.base/jdk.internal.reflect.NativeMethodAccessorImpl.invoke(NativeMethodAccessorImpl.java:62)
	at java.base/jdk.internal.reflect.DelegatingMethodAccessorImpl.invoke(DelegatingMethodAccessorImpl.java:43)
	at java.base/java.lang.reflect.Method.invoke(Method.java:566)
	at org.junit.runners.model.FrameworkMethod$1.runReflectiveCall(FrameworkMethod.java:44)
	at org.junit.internal.runners.model.ReflectiveCallable.run(ReflectiveCallable.java:15)
	at org.junit.runners.model.FrameworkMethod.invokeExplosively(FrameworkMethod.java:41)
	at junitparams.internal.InvokeParameterisedMethod.evaluate(InvokeParameterisedMethod.java:102)
	at org.junit.internal.runners.statements.FailOnTimeout$1.run(FailOnTimeout.java:28)
Caused by: ptolemy.kernel.util.IllegalActionException: Found a zero delay loop containing .dependencyLoop.original
  in .dependencyLoop and .dependencyLoop.original
	at ptolemy.actor.util.CausalityInterfaceForComposites._computeOutputPortDepth(CausalityInterfaceForComposites.java:759)
	at ptolemy.actor.util.CausalityInterfaceForComposites._computeInputDepth(CausalityInterfaceForComposites.java:696)
	at ptolemy.actor.util.CausalityInterfaceForComposites._computeOutputPortDepth(CausalityInterfaceForComposites.java:765)
	at ptolemy.actor.util.CausalityInterfaceForComposites._computeInputDepth(CausalityInterfaceForComposites.java:696)
	at ptolemy.actor.util.CausalityInterfaceForComposites._computeOutputPortDepth(CausalityInterfaceForComposites.java:765)
	at ptolemy.actor.util.CausalityInterfaceForComposites._computeInputDepth(CausalityInterfaceForComposites.java:696)
	at ptolemy.actor.util.CausalityInterfaceForComposites._computeActorDepth(CausalityInterfaceForComposites.java:532)
	at ptolemy.actor.util.CausalityInterfaceForComposites.checkForCycles(CausalityInterfaceForComposites.java:96)
	at ptolemy.domains.de.kernel.DEDirector.preinitialize(DEDirector.java:1338)
	at ptolemy.actor.CompositeActor.preinitialize(CompositeActor.java:1828)
	at ptolemy.actor.Manager.preinitializeAndResolveTypes(Manager.java:1040)
	at ptolemy.actor.Manager.initialize(Manager.java:710)
	at ptolemy.actor.Manager.execute(Manager.java:356)
	at ptolemy.actor.Manager.run(Manager.java:1263)
	at ptolemy.actor.Manager$PtolemyRunThread.run(Manager.java:1933)
java.lang.RuntimeException: Execution failed
	at ptolemy.moml.MoMLSimpleApplication$UnloadThread.run(MoMLSimpleApplication.java:402)
Caused by: ptolemy.kernel.util.IllegalActionException: Found a zero delay loop containing .dependencyLoop2.original
  in .dependencyLoop2 and .dependencyLoop2.original
	at ptolemy.actor.util.CausalityInterfaceForComposites._computeOutputPortDepth(CausalityInterfaceForComposites.java:759)
	at ptolemy.actor.util.CausalityInterfaceForComposites._computeInputDepth(CausalityInterfaceForComposites.java:696)
	at ptolemy.actor.util.CausalityInterfaceForComposites._computeOutputPortDepth(CausalityInterfaceForComposites.java:765)
	at ptolemy.actor.util.CausalityInterfaceForComposites._computeInputDepth(CausalityInterfaceForComposites.java:696)
	at ptolemy.actor.util.CausalityInterfaceForComposites._computeOutputPortDepth(CausalityInterfaceForComposites.java:765)
	at ptolemy.actor.util.CausalityInterfaceForComposites._computeInputDepth(CausalityInterfaceForComposites.java:696)
	at ptolemy.actor.util.CausalityInterfaceForComposites._computeActorDepth(CausalityInterfaceForComposites.java:532)
	at ptolemy.actor.util.CausalityInterfaceForComposites.checkForCycles(CausalityInterfaceForComposites.java:96)
	at ptolemy.domains.de.kernel.DEDirector.preinitialize(DEDirector.java:1338)
	at ptolemy.actor.CompositeActor.preinitialize(CompositeActor.java:1828)
	at ptolemy.actor.Manager.preinitializeAndResolveTypes(Manager.java:1040)
	at ptolemy.actor.Manager.initialize(Manager.java:710)
	at ptolemy.actor.Manager.execute(Manager.java:356)
	at ptolemy.actor.Manager.run(Manager.java:1263)
	at ptolemy.actor.Manager$PtolemyRunThread.run(Manager.java:1933)
java.lang.reflect.InvocationTargetException
	at java.base/jdk.internal.reflect.NativeConstructorAccessorImpl.newInstance0(Native Method)
	at java.base/jdk.internal.reflect.NativeConstructorAccessorImpl.newInstance(NativeConstructorAccessorImpl.java:62)
	at java.base/jdk.internal.reflect.DelegatingConstructorAccessorImpl.newInstance(DelegatingConstructorAccessorImpl.java:45)
	at java.base/java.lang.reflect.Constructor.newInstance(Constructor.java:490)
	at ptolemy.util.test.junit.AutoKnownFailedTests.RunModel(AutoKnownFailedTests.java:105)
	at java.base/jdk.internal.reflect.NativeMethodAccessorImpl.invoke0(Native Method)
	at java.base/jdk.internal.reflect.NativeMethodAccessorImpl.invoke(NativeMethodAccessorImpl.java:62)
	at java.base/jdk.internal.reflect.DelegatingMethodAccessorImpl.invoke(DelegatingMethodAccessorImpl.java:43)
	at java.base/java.lang.reflect.Method.invoke(Method.java:566)
	at org.junit.runners.model.FrameworkMethod$1.runReflectiveCall(FrameworkMethod.java:44)
	at org.junit.internal.runners.model.ReflectiveCallable.run(ReflectiveCallable.java:15)
	at org.junit.runners.model.FrameworkMethod.invokeExplosively(FrameworkMethod.java:41)
	at junitparams.internal.InvokeParameterisedMethod.evaluate(InvokeParameterisedMethod.java:102)
	at org.junit.internal.runners.statements.FailOnTimeout$1.run(FailOnTimeout.java:28)
Caused by: ptolemy.kernel.util.IllegalActionException: Found a zero delay loop containing .dependencyLoop2.original
  in .dependencyLoop2 and .dependencyLoop2.original
	at ptolemy.actor.util.CausalityInterfaceForComposites._computeOutputPortDepth(CausalityInterfaceForComposites.java:759)
	at ptolemy.actor.util.CausalityInterfaceForComposites._computeInputDepth(CausalityInterfaceForComposites.java:696)
	at ptolemy.actor.util.CausalityInterfaceForComposites._computeOutputPortDepth(CausalityInterfaceForComposites.java:765)
	at ptolemy.actor.util.CausalityInterfaceForComposites._computeInputDepth(CausalityInterfaceForComposites.java:696)
	at ptolemy.actor.util.CausalityInterfaceForComposites._computeOutputPortDepth(CausalityInterfaceForComposites.java:765)
	at ptolemy.actor.util.CausalityInterfaceForComposites._computeInputDepth(CausalityInterfaceForComposites.java:696)
	at ptolemy.actor.util.CausalityInterfaceForComposites._computeActorDepth(CausalityInterfaceForComposites.java:532)
	at ptolemy.actor.util.CausalityInterfaceForComposites.checkForCycles(CausalityInterfaceForComposites.java:96)
	at ptolemy.domains.de.kernel.DEDirector.preinitialize(DEDirector.java:1338)
	at ptolemy.actor.CompositeActor.preinitialize(CompositeActor.java:1828)
	at ptolemy.actor.Manager.preinitializeAndResolveTypes(Manager.java:1040)
	at ptolemy.actor.Manager.initialize(Manager.java:710)
	at ptolemy.actor.Manager.execute(Manager.java:356)
	at ptolemy.actor.Manager.run(Manager.java:1263)
	at ptolemy.actor.Manager$PtolemyRunThread.run(Manager.java:1933)
]]></system-err>
</testsuite>
