<?xml version="1.0" encoding="UTF-8" ?>
<testsuite errors="0" failures="1" hostname="travis-job-c726f21f-f2ba-426b-820b-99d9a2ab5346" name="ptolemy.actor.lib.test.junit.JUnitTclTest" skipped="0" tests="517" time="68.836" timestamp="2019-11-17T06:24:00">
  <properties>
    <property name="npm.executable" value="npm" />
    <property name="env.TRAVIS_ROOT" value="/" />
    <property name="ptII.mk.exists" value="true" />
    <property name="env.TRAVIS_APP_HOST" value="build.travis-ci.org" />
    <property name="env.rvm_bin_path" value="/home/travis/.rvm/bin" />
    <property name="java.home" value="/usr/local/lib/jvm/openjdk11" />
    <property name="env.TRAVIS_JOB_NUMBER" value="1400.8" />
    <property name="env.TRAVIS_HOME" value="/home/travis" />
    <property name="env.DISPLAY" value=":99.0" />
    <property name="env.TRAVIS_INIT" value="systemd" />
    <property name="env.SSH_TTY" value="/dev/pts/0" />
    <property name="java.net.preferIPv4Stack" value="true" />
    <property name="env.RUN_TESTS" value="true" />
    <property name="timeout.short" value="1000000" />
    <property name="junit.formatter" value="xml" />
    <property name="env.TRAVIS_SUDO" value="true" />
    <property name="env.TRAVIS_JOB_NAME" value="" />
    <property name="env.TRAVIS_STACK_NODE_ATTRIBUTES" value="/.node-attributes.yml" />
    <property name="env.LOGNAME" value="travis" />
    <property name="env.PT_TRAVIS_TEST_CORE1_XML" value="true" />
    <property name="jsdoc.home" value="node_modules/@terraswarm/jsdoc" />
    <property name="debuglevel" value="source,lines,vars" />
    <property name="checkstyle.formatter" value="xml" />
    <property name="env._system_version" value="16.04" />
    <property name="bin.vergil.makeable" value="true" />
    <property name="sun.os.patch.level" value="unknown" />
    <property name="java.vendor.url" value="http://java.oracle.com/" />
    <property name="env.TRAVIS_BUILD_WEB_URL" value="https://travis-ci.org/icyphy/ptII/builds/613011187" />
    <property name="java.version" value="11.0.2" />
    <property name="env.TZ" value="UTC" />
    <property name="env.TRAVIS_PULL_REQUEST_SHA" value="" />
    <property name="env.PT_NO_NET" value="true" />
    <property name="env.TRAVIS_SECURE_ENV_VARS" value="true" />
    <property name="env._system_type" value="Linux" />
    <property name="java.vendor.url.bug" value="http://bugreport.java.com/bugreport/" />
    <property name="npmjs-org-is-up" value="true" />
    <property name="env.LANGUAGE" value="en_US.UTF-8" />
    <property name="env.SSH_CLIENT" value="10.16.4.10 40146 22" />
    <property name="env.GEM_HOME" value="/home/travis/.rvm/gems/ruby-2.5.3" />
    <property name="env.HAS_ANTARES_THREE_LITTLE_FRONZIES_BADGE" value="true" />
    <property name="java.version.date" value="2019-01-15" />
    <property name="env.PS4" value="+" />
    <property name="ant.project.invoked-targets" value="build,test.core1.xml" />
    <property name="env.TRAVIS_PULL_REQUEST_BRANCH" value="" />
    <property name="env.TRAVIS_REPO_SLUG" value="icyphy/ptII" />
    <property name="env.XDG_DATA_DIRS" value="/usr/local/share:/usr/share:/var/lib/snapd/desktop" />
    <property name="jdk.debug" value="release" />
    <property name="env.TRAVIS_APT_PROXY" value="http://apt.cache.travis-ci.com" />
    <property name="env.TRAVIS_CPU_ARCH" value="amd64" />
    <property name="node.in.path" value="true" />
    <property name="user.name" value="travis" />
    <property name="java.maxmemory" value="1400m" />
    <property name="env.RUBY_VERSION" value="ruby-2.5.3" />
    <property name="env.LANG" value="en_US.UTF-8" />
    <property name="sun.io.unicode.encoding" value="UnicodeLittle" />
    <property name="sun.jnu.encoding" value="UTF-8" />
    <property name="java.runtime.name" value="OpenJDK Runtime Environment" />
    <property name="usefile" value="false" />
    <property name="return.code" value="0" />
    <property name="junit.single.formatter" value="plain" />
    <property name="env.DYLD_LIBRARY_PATH" value="/home/travis/pthla/certi-tools/lib:" />
    <property name="env.DEBIAN_FRONTEND" value="noninteractive" />
    <property name="env.SSH_CONNECTION" value="10.16.4.10 40146 10.20.0.69 22" />
    <property name="env.MYSQL_UNIX_PORT" value="/var/run/mysqld/mysqld.sock" />
    <property name="env.LC_ALL" value="en_US.UTF-8" />
    <property name="env.TRAVIS_ALLOW_FAILURE" value="false" />
    <property name="env.TRAVIS_JOB_WEB_URL" value="https://travis-ci.org/icyphy/ptII/jobs/613011195" />
    <property name="java.specification.name" value="Java Platform API Specification" />
    <property name="node.works" value="true" />
    <property name="user.timezone" value="" />
    <property name="path.separator" value=":" />
    <property name="env.TRAVIS_ENABLE_INFRA_DETECTION" value="true" />
    <property name="env.PYTHON_CFLAGS" value="-g -fstack-protector --param=ssp-buffer-size=4 -Wformat -Werror=format-security" />
    <property name="timeout.long" value="4000000" />
    <property name="env.CERTI_HOME" value="/home/travis/pthla/certi-tools" />
    <property name="ant.file.ptII" value="/home/travis/build/icyphy/ptII/build.xml" />
    <property name="javadoc.packagenames" value="com.*,diva.*,lbnl.*,org.hlacerti.*,org.json.*,org.ptolemy.*,org.terraswarm.*,ptolemy.*,ptserver.*" />
    <property name="file.encoding" value="UTF-8" />
    <property name="env.TRAVIS_PULL_REQUEST_SLUG" value="" />
    <property name="ant.project.default-target" value="build" />
    <property name="env.GIT_ASKPASS" value="echo" />
    <property name="env.HOME" value="/home/travis" />
    <property name="sun.java.command" value="org.apache.tools.ant.taskdefs.optional.junit.JUnitTestRunner ptolemy.actor.lib.test.junit.JUnitTclTest skipNonTests=false filtertrace=true haltOnError=false haltOnFailure=false formatter=org.apache.tools.ant.taskdefs.optional.junit.OutErrSummaryJUnitResultFormatter showoutput=true outputtoformatters=true logfailedtests=true threadid=0 logtestlistenerevents=false formatter=org.apache.tools.ant.taskdefs.optional.junit.XMLJUnitResultFormatter,/home/travis/build/icyphy/ptII/reports/junit/TEST-ptolemy.actor.lib.test.junit.JUnitTclTest.xml crashfile=/home/travis/build/icyphy/ptII/junitvmwatcher13893487259539346799.properties propsfile=/home/travis/build/icyphy/ptII/junit9698279429619982862.properties" />
    <property name="env.COMPOSER_NO_INTERACTION" value="1" />
    <property name="env.MANPATH" value="/home/travis/.nvm/versions/node/v7.10.1/share/man:/home/travis/.rvm/rubies/ruby-2.5.3/share/man:/usr/local/cmake-3.12.4/man:/usr/local/clang-7.0.0/share/man:/usr/local/man:/usr/local/share/man:/usr/share/man:/home/travis/.rvm/man" />
    <property name="env.TRAVIS_TIMER_ID" value="196ebd90" />
    <property name="ant.file" value="/home/travis/build/icyphy/ptII/build.xml" />
    <property name="env.TRAVIS_COMMIT_RANGE" value="45a1af74cde64810f1a740ff9bd66386be4e642c...11deb69804adb5926cd4863c8231df6048994796" />
    <property name="env._system_name" value="Ubuntu" />
    <property name="ptII.classpath.optional.property" value="/home/travis/build/icyphy/ptII/lib/bsh-2.0b4.jar:/home/travis/build/icyphy/ptII/lib/ptCal.jar:/home/travis/build/icyphy/ptII/lib/java_cup.jar:/home/travis/build/icyphy/ptII/lib/saxon8.jar:/home/travis/build/icyphy/ptII/lib/saxon8-dom.jar:/home/travis/build/icyphy/ptII/lib/chic.jar:/home/travis/build/icyphy/ptII/lib/ptcolt.jar:/home/travis/build/icyphy/ptII/vendors/misc/itext/iText.jar:/home/travis/build/icyphy/ptII/lib/g4ltl.jar:/home/travis/build/icyphy/ptII/lib/StructuralCoder.jar:/home/travis/build/icyphy/ptII/lib/jcerti.jar:/home/travis/build/icyphy/ptII/lib/javax.mail.jar:/home/travis/build/icyphy/ptII/vendors/JMF-2.1.1e/lib/jmf.jar:/home/travis/build/icyphy/ptII/lib/jna-4.0.0-variadic.jar:/home/travis/build/icyphy/ptII/vendors/misc/joystick/Joystick.jar:/home/travis/build/icyphy/ptII/lib/ptjacl.jar:/home/travis/build/icyphy/ptII/lib/jsoup-1.8.2.jar:/home/travis/build/icyphy/ptII/lib/junit-4.8.2.jar:/home/travis/build/icyphy/ptII/lib/JUnitParams-0.4.0.jar:/home/travis/build/icyphy/ptII/ptolemy/actor/lib/excel/jxl.jar:/home/travis/build/icyphy/ptII/lib/jython.jar:/home/travis/build/icyphy/ptII/lib/kieler.jar:/home/travis/build/icyphy/ptII/vendors/opencv/share/OpenCV/java/opencv-341.jar:/home/travis/build/icyphy/ptII/lib/oscP5.jar:/home/travis/build/icyphy/ptII/lib/nrjavaserial-3.11.0.devel.jar:/home/travis/build/icyphy/ptII/vendors/j3d/lib/Linux/j3dcore.jar:/home/travis/build/icyphy/ptII/vendors/j3d/lib/Linux/j3dutils.jar:/home/travis/build/icyphy/ptII/vendors/j3d/lib/Linux/vecmath.jar:/home/travis/build/icyphy/ptII/vendors/jogl/lib/Linux/gluegen-rt-natives-linux-amd64.jar:/home/travis/build/icyphy/ptII/vendors/jogl/lib/Linux/gluegen-rt.jar:/home/travis/build/icyphy/ptII/vendors/jogl/lib/Linux/jogl-all-natives-linux-amd64.jar:/home/travis/build/icyphy/ptII/vendors/jogl/lib/Linux/jogl-all.jar:/home/travis/build/icyphy/ptII/ptolemy/distributed/jini/jar/jini-core.jar:/home/travis/build/icyphy/ptII/ptolemy/distributed/jini/jar/jini-ext.jar:/home/travis/build/icyphy/ptII/ptolemy/distributed/jini/jar/sun-util.jar:/home/travis/build/icyphy/ptII/lib/protobuf-java-2.4.1.jar:/home/travis/build/icyphy/ptII/lib/org.eclipse.paho.client.mqttv3.jar:/home/travis/build/icyphy/ptII/lib/mapss.jar:/home/travis/build/icyphy/ptII/ptolemy/actor/ptalon/antlr/antlr.jar:/home/travis/build/icyphy/ptII/lib/JRI.jar:/home/travis/build/icyphy/ptII/lib/commons-lang-2.6.jar:/home/travis/build/icyphy/ptII/lib/commons-logging-1.1.1.jar:/home/travis/build/icyphy/ptII/lib/sootclasses.jar:/home/travis/build/icyphy/ptII/ptolemy/actor/lib/database/mysql-connector-java-5.1.6-bin.jar:/home/travis/build/icyphy/ptII/vendors/misc/sphinx4/sphinx4-data-5prealpha.jar:/home/travis/build/icyphy/ptII/vendors/misc/sphinx4/sphinx4-core-5prealpha.jar:/home/travis/build/icyphy/ptII/lib/PDFRenderer.jar:/home/travis/build/icyphy/ptII/lib/svgSalamander.jar:/home/travis/build/icyphy/ptII/lib/rsyntaxtextarea-2.6.0-SNAPSHOT.jar:/home/travis/build/icyphy/ptII/lib/hazelcast-3.8.2.jar:/home/travis/build/icyphy/ptII/lib/jackson-annotations-2.9.0.jar:/home/travis/build/icyphy/ptII/lib/jackson-core-2.9.3.jar:/home/travis/build/icyphy/ptII/lib/jackson-databind-2.9.3.jar:/home/travis/build/icyphy/ptII/lib/netty-buffer-4.1.19.Final.jar:/home/travis/build/icyphy/ptII/lib/netty-codec-4.1.19.Final.jar:/home/travis/build/icyphy/ptII/lib/netty-codec-dns-4.1.19.Final.jar:/home/travis/build/icyphy/ptII/lib/netty-codec-http-4.1.19.Final.jar:/home/travis/build/icyphy/ptII/lib/netty-codec-http2-4.1.19.Final.jar:/home/travis/build/icyphy/ptII/lib/netty-common-4.1.19.Final.jar:/home/travis/build/icyphy/ptII/lib/netty-handler-4.1.19.Final.jar:/home/travis/build/icyphy/ptII/lib/netty-resolver-4.1.19.Final.jar:/home/travis/build/icyphy/ptII/lib/netty-resolver-dns-4.1.19.Final.jar:/home/travis/build/icyphy/ptII/lib/netty-transport-4.1.19.Final.jar:/home/travis/build/icyphy/ptII/lib/vertx-codegen-3.5.1.jar:/home/travis/build/icyphy/ptII/lib/vertx-core-3.5.2-SNAPSHOT.jar:/home/travis/build/icyphy/ptII/lib/vertx-hazelcast-3.5.1.jar:/home/travis/build/icyphy/ptII/lib/vertx-lang-js-3.5.1.jar:/home/travis/build/icyphy/ptII/lib/vertx-service-proxy-3.5.1.jar:/home/travis/build/icyphy/ptII/lib/vertx-web-3.5.1.jar:/home/travis/build/icyphy/ptII/lib/slf4j-api-1.7.13.jar:/home/travis/build/icyphy/ptII/lib/slf4j-simple-1.7.13.jar:/home/travis/build/icyphy/ptII/lib/webcam-capture-0.3.12.jar:/home/travis/build/icyphy/ptII/lib/bridj-0.7.0.jar:/home/travis/build/icyphy/ptII/lib/xbjlib-1.1.0.nrjavaserial.jar" />
    <property name="timeout" value="2400000" />
    <property name="test.batch" value="**/junit/*.java" />
    <property name="env._" value="/usr/bin/timeout" />
    <property name="java.io.tmpdir" value="/tmp" />
    <property name="user.language" value="en" />
    <property name="env.TRAVIS_INTERNAL_RUBY_REGEX" value="^ruby-(2\.[0-4]\.[0-9]|1\.9\.3)" />
    <property name="env.HISTCONTROL" value="ignoredups:ignorespace" />
    <property name="env.GOROOT" value="/home/travis/.gimme/versions/go1.11.1.linux.amd64" />
    <property name="line.separator" value="&#xa;" />
    <property name="target" value="11" />
    <property name="env.TRAVIS_BUILD_DIR" value="/home/travis/build/icyphy/ptII" />
    <property name="env.ANT_OPTS" value="-Xmx2048m" />
    <property name="ant.file.type" value="file" />
    <property name="ptolemy.ptII.batchMode" value="true" />
    <property name="env.HISTSIZE" value="1000" />
    <property name="env.MERB_ENV" value="test" />
    <property name="java.vm.info" value="mixed mode" />
    <property name="source" value="11" />
    <property name="java.vm.specification.name" value="Java Virtual Machine Specification" />
    <property name="env.TRAVIS_TEST_RESULT" value="0" />
    <property name="jsdoc.command" value="node_modules/@terraswarm/jsdoc/jsdoc.js" />
    <property name="npm.works" value="true" />
    <property name="cobertura.dir" value="/home/travis/build/icyphy/ptII/vendors/cobertura-2.0.3" />
    <property name="jsdoc.command.exists" value="true" />
    <property name="env.rvm_path" value="/home/travis/.rvm" />
    <property name="env.GEM_PATH" value="/home/travis/.rvm/gems/ruby-2.5.3:/home/travis/.rvm/gems/ruby-2.5.3@global" />
    <property name="env.LC_CTYPE" value="en_US.UTF-8" />
    <property name="env.TRAVIS_CMD" value="$PTII/bin/ptIITravisBuild.sh $SECONDS" />
    <property name="java.awt.printerjob" value="sun.print.PSPrinterJob" />
    <property name="env.TRAVIS_STACK_NAME" value="sardonyx" />
    <property name="env.TRAVIS_TIMER_START_TIME" value="1573971033608535786" />
    <property name="ant.version" value="Apache Ant(TM) version 1.10.1 compiled on February 2 2017" />
    <property name="ptII.reports" value="/home/travis/build/icyphy/ptII/reports" />
    <property name="env.TRAVIS_STACK_TIMESTAMP" value="2019-03-25 16:16:56 UTC" />
    <property name="ant.file.type.ptII" value="file" />
    <property name="env.RBENV_SHELL" value="bash" />
    <property name="os.name" value="Linux" />
    <property name="java.specification.vendor" value="Oracle Corporation" />
    <property name="env.rvm_version" value="1.29.7 (latest)" />
    <property name="env.TRAVIS_INFRA" value="unknown" />
    <property name="env.TERM" value="xterm" />
    <property name="java.vm.name" value="OpenJDK 64-Bit Server VM" />
    <property name="env.TRAVIS_BUILD_NUMBER" value="1400" />
    <property name="env.CI" value="true" />
    <property name="java.library.path" value="/home/travis/pthla/certi-tools/lib:/usr/lib/jni:/usr/local/share/OpenCV/java/:/usr/share/OpenCV/java::/usr/java/packages/lib:/usr/lib64:/lib64:/lib:/usr/lib" />
    <property name="jdk.module.path" value="/home/travis/build/icyphy/ptII/vendors/javafx/javafx-sdk-11.0.2/lib:" />
    <property name="env.rvm_prefix" value="/home/travis" />
    <property name="env.PATH" value="/home/travis/pthla/certi-tools/share/scripts:/home/travis/.rvm/gems/ruby-2.5.3/bin:/home/travis/.rvm/gems/ruby-2.5.3@global/bin:/home/travis/.rvm/rubies/ruby-2.5.3/bin:/home/travis/.rvm/bin:/home/travis/.nvm/versions/node/v7.10.1/bin:./node_modules/.bin:/home/travis/build/icyphy/ptII/bin:/home/travis/pthla/certi-tools/bin:/home/travis/bin:/home/travis/.local/bin:/usr/local/lib/jvm/openjdk11/bin:/opt/pyenv/shims:/home/travis/.phpenv/shims:/home/travis/perl5/perlbrew/bin:/home/travis/gopath/bin:/home/travis/.gimme/versions/go1.11.1.linux.amd64/bin:/usr/local/maven-3.6.0/bin:/usr/local/cmake-3.12.4/bin:/usr/local/clang-7.0.0/bin:/usr/local/sbin:/usr/local/bin:/usr/sbin:/usr/bin:/sbin:/bin:/snap/bin:/home/travis/.phpenv/bin:/opt/pyenv/bin:/home/travis/.yarn/bin" />
    <property name="env.TRAVIS_OS_NAME" value="linux" />
    <property name="ant.java.version" value="9" />
    <property name="basedir" value="/home/travis/build/icyphy/ptII" />
    <property name="java.class.version" value="55.0" />
    <property name="env.SHLVL" value="3" />
    <property name="env.LD_LIBRARY_PATH" value="/home/travis/pthla/certi-tools/lib:/usr/lib/jni:/usr/local/share/OpenCV/java/:/usr/share/OpenCV/java:" />
    <property name="env.RACK_ENV" value="test" />
    <property name="ant.home" value="/home/travis/build/icyphy/ptII/ant" />
    <property name="env.NVM_DIR" value="/home/travis/.nvm" />
    <property name="env.CERTI_FOM_PATH" value="/home/travis/pthla/certi-tools/share/federations" />
    <property name="env.TRAVIS_BUILD_ID" value="613011187" />
    <property name="env.PYENV_ROOT" value="/opt/pyenv" />
    <property name="env.TRAVIS_UID" value="2000" />
    <property name="prism.verbose" value="true" />
    <property name="env.NVM_BIN" value="/home/travis/.nvm/versions/node/v7.10.1/bin" />
    <property name="env.TRAVIS_COMMIT" value="11deb69804adb5926cd4863c8231df6048994796" />
    <property name="env._system_arch" value="x86_64" />
    <property name="node.executable" value="node" />
    <property name="sun.boot.library.path" value="/usr/local/lib/jvm/openjdk11/lib" />
    <property name="sun.management.compiler" value="HotSpot 64-Bit Tiered Compilers" />
    <property name="java.awt.graphicsenv" value="sun.awt.X11GraphicsEnvironment" />
    <property name="env.GOPATH" value="/home/travis/gopath" />
    <property name="ptolemy.ptII.dir" value="/home/travis/build/icyphy/ptII" />
    <property name="env.USER" value="travis" />
    <property name="env.HISTFILESIZE" value="2000" />
    <property name="timeout.longest" value="19000000" />
    <property name="env.PERLBREW_SHELLRC_VERSION" value="0.86" />
    <property name="env.TRAVIS_STACK_FEATURES" value="basic couchdb disabled-ipv6 docker docker-compose elasticsearch firefox go-toolchain google-chrome jdk memcached mongodb mysql nodejs_interpreter perl_interpreter perlbrew phantomjs postgresql python_interpreter redis ruby_interpreter sqlite xserver" />
    <property name="env.TRAVIS_PULL_REQUEST" value="false" />
    <property name="env.PYENV_SHELL" value="bash" />
    <property name="ant.project.name" value="ptII" />
    <property name="env.ANSI_RESET" value="\033[0m" />
    <property name="java.vm.specification.version" value="11" />
    <property name="env.TRAVIS_DIST" value="xenial" />
    <property name="env.CERTI_VERSION" value="4.0.0" />
    <property name="env.CERTI_HOST" value="localhost" />
    <property name="awt.toolkit" value="sun.awt.X11.XToolkit" />
    <property name="env.MY_RUBY_HOME" value="/home/travis/.rvm/rubies/ruby-2.5.3" />
    <property name="sun.cpu.isalist" value="" />
    <property name="env.TRAVIS_TMPDIR" value="/tmp/tmp.Hf3icrpxwH" />
    <property name="java.vm.compressedOopsMode" value="Zero based" />
    <property name="os.version" value="4.15.0-1028-gcp" />
    <property name="user.home" value="/home/travis" />
    <property name="java.vm.vendor" value="Oracle Corporation" />
    <property name="env.TRAVIS_TAG" value="nightly" />
    <property name="env.ANSI_YELLOW" value="\033[33;1m" />
    <property name="env.TRAVIS_FILTERED" value="redirect_io" />
    <property name="env.ANSI_GREEN" value="\033[32;1m" />
    <property name="env.JAVA_HOME" value="/usr/local/lib/jvm/openjdk11" />
    <property name="javadoc.excludepackagenames" value="adm.cvs2svn.*,build.*,config.*,doc.coding.templates.*,jni.test.jni.meaningOfLife.*,jni.test.jni.testDeux.*,jni.test.jni.testTrois.*,org.terraswarm.accessor.accessors.web.node_modules.*,org.terraswarm.accessor.accessors.web.hosts.cordova.demo.*,org.terraswarm.accessor.accessors.web.hosts.cordova.plugins.*,org.terraswarm.accessor.accessors-svn.*,pt-modules.*,ptolemy.apps.agilent.*,ptolemy.apps.anytimecontrol.*,ptolemy.apps.apes.*,ptolemy.apps.charon.*,ptolemy.apps.crazyboard.*,ptolemy.apps.eclipse.*,ptolemy.apps.etherealSting.*,ptolemy.apps.fullscreen.*,ptolemy.apps.giotto.*,ptolemy.apps.ia.*,ptolemy.apps.interfaces.*,ptolemy.apps.jmf.*,ptolemy.apps.kurt.*,ptolemy.apps.kvm.*,ptolemy.apps.lego.*,ptolemy.apps.lejos.*,ptolemy.apps.midp.*,ptolemy.apps.mobileCoding.*,ptolemy.apps.pendulum.*,ptolemy.apps.rijndael.*,ptolemy.apps.robot.*,ptolemy.apps.security.*,ptolemy.apps.sobel.*,ptolemy.apps.soot.*,ptolemy.apps.throttle.*,ptolemy.apps.tini.*,ptolemy.apps.transmission.*,ptolemy.apps.vergil.*,ptolemy.apps.waba.*,ptolemy.apps.websensor.*,ptolemy.apps.webstart.*,ptolemy.apps.xsl.*,ptolemy.apps.zaurus.*,ptolemy.codegen.c.actor.lib.oldJavaFiles.*,ptolemy.codegen.dsp.lib.*,ptolemy.codegen.kernel.newInterfaces.*,ptolemy.codegen.lib.*,ptolemy.copernicus.kernel.fragment.*,ptolemy.copernicus.shallow.cg.*,ptolemy.domains.giotto.demo.Hierarchy.Hierarchy.*,ptolemy.domains.giotto.demo.Multimode.Multimode.*,ptolemy.domains.giotto.demo.Simple.Simple.*,ptolemy.domains.gr.lib.experimental.*,ptolemy.domains.gro.*,ptolemy.domains.pdf.*,ptolemy.domains.ptinyos.demo.Surge.output.*,ptolemy.moml.test.NoPackageActor.java*,ptolemy.plot.adm.*,ptolemy.plot.servlet.*,reports.*,signed.*,src.*,target.*,vendors.*,ptolemy.copernicus.applet.*,ptolemy.media.viewer.*,ptolemy.actor.corba.*,doc.doclets.*,ptolemy.apps.eclipse.awt.*,ptolemy.backtrack.*,ptolemy.backtrack.ast.*,ptolemy.cg.adapter.generic.program.procedural.c.mbed*,ptolemy.homer.*,ptolemy.actor.lib.jai.*,org.ptolemy.scala.*,diva.util.java2d.svg.*,ptolemy.domains.ptinyos.*,ptolemy.actor.lib.fmi.fmipp.*,,org.terraswarm.accessor.accessors.web.node_modules.*,org.terraswarm.accessor.accessors-svn,ptolemy.apps.*,ptolemy.actor.ptalon.demo.ptinyos.SendAndReceiveCnt.output,ptolemy.actor.ptalon.demo.ptinyos.SenseToLeds.output,ptolemy.domains.ptinyos.demo.CntToLedsAndRfm.output,ptolemy.domains.ptinyos.demo.RfmToLeds.output,ptolemy.domains.ptinyos.demo.SendAndReceiveCnt.output,ptolemy.domains.ptinyos.demo.SenseToLeds.output,ptolemy.actor.lib.jjs.modules.udpSocket.*" />
    <property name="env.PTII" value="/home/travis/build/icyphy/ptII" />
    <property name="env.XDG_SESSION_ID" value="2" />
    <property name="keystore" value="ptKeystore" />
    <property name="env.TRAVIS_COMMIT_MESSAGE" value="Conform a model to new HlaManager design." />
    <property name="junit.output.dir" value="/home/travis/build/icyphy/ptII/reports/junit" />
    <property name="npm.return.code" value="0" />
    <property name="user.dir" value="/home/travis/build/icyphy/ptII/ptolemy/actor/lib/test" />
    <property name="env.TRAVIS_NODE_VERSION" value="7" />
    <property name="env.TRAVIS_EVENT_TYPE" value="cron" />
    <property name="env.MAIL" value="/var/mail/travis" />
    <property name="env.PERLBREW_ROOT" value="/home/travis/perl5/perlbrew" />
    <property name="env.PWD" value="/home/travis/build/icyphy/ptII" />
    <property name="timeout.npm" value="45000" />
    <property name="env.TRAVIS_ARCH" value="amd64" />
    <property name="sun.cpu.endian" value="little" />
    <property name="env.PAGER" value="cat" />
    <property name="env.TRAVIS_BUILD_STAGE_NAME" value="Test" />
    <property name="env.PERLBREW_HOME" value="/home/travis/.perlbrew" />
    <property name="java.vm.version" value="11.0.2+9" />
    <property name="env.RAILS_ENV" value="test" />
    <property name="java.class.path" value="/home/travis/.ptolemyII:/home/travis/.ptolemyII/*:/home/travis/build/icyphy/ptII:/home/travis/build/icyphy/ptII/lib/bsh-2.0b4.jar:/home/travis/build/icyphy/ptII/lib/ptCal.jar:/home/travis/build/icyphy/ptII/lib/java_cup.jar:/home/travis/build/icyphy/ptII/lib/saxon8.jar:/home/travis/build/icyphy/ptII/lib/saxon8-dom.jar:/home/travis/build/icyphy/ptII/lib/chic.jar:/home/travis/build/icyphy/ptII/lib/ptcolt.jar:/home/travis/build/icyphy/ptII/vendors/misc/itext/iText.jar:/home/travis/build/icyphy/ptII/lib/g4ltl.jar:/home/travis/build/icyphy/ptII/lib/StructuralCoder.jar:/home/travis/build/icyphy/ptII/lib/jcerti.jar:/home/travis/build/icyphy/ptII/lib/javax.mail.jar:/home/travis/build/icyphy/ptII/vendors/JMF-2.1.1e/lib/jmf.jar:/home/travis/build/icyphy/ptII/lib/jna-4.0.0-variadic.jar:/home/travis/build/icyphy/ptII/vendors/misc/joystick/Joystick.jar:/home/travis/build/icyphy/ptII/lib/ptjacl.jar:/home/travis/build/icyphy/ptII/lib/jsoup-1.8.2.jar:/home/travis/build/icyphy/ptII/lib/junit-4.8.2.jar:/home/travis/build/icyphy/ptII/lib/JUnitParams-0.4.0.jar:/home/travis/build/icyphy/ptII/ptolemy/actor/lib/excel/jxl.jar:/home/travis/build/icyphy/ptII/lib/jython.jar:/home/travis/build/icyphy/ptII/lib/kieler.jar:/home/travis/build/icyphy/ptII/vendors/opencv/share/OpenCV/java/opencv-341.jar:/home/travis/build/icyphy/ptII/lib/oscP5.jar:/home/travis/build/icyphy/ptII/lib/nrjavaserial-3.11.0.devel.jar:/home/travis/build/icyphy/ptII/vendors/j3d/lib/Linux/j3dcore.jar:/home/travis/build/icyphy/ptII/vendors/j3d/lib/Linux/j3dutils.jar:/home/travis/build/icyphy/ptII/vendors/j3d/lib/Linux/vecmath.jar:/home/travis/build/icyphy/ptII/vendors/jogl/lib/Linux/gluegen-rt-natives-linux-amd64.jar:/home/travis/build/icyphy/ptII/vendors/jogl/lib/Linux/gluegen-rt.jar:/home/travis/build/icyphy/ptII/vendors/jogl/lib/Linux/jogl-all-natives-linux-amd64.jar:/home/travis/build/icyphy/ptII/vendors/jogl/lib/Linux/jogl-all.jar:/home/travis/build/icyphy/ptII/ptolemy/distributed/jini/jar/jini-core.jar:/home/travis/build/icyphy/ptII/ptolemy/distributed/jini/jar/jini-ext.jar:/home/travis/build/icyphy/ptII/ptolemy/distributed/jini/jar/sun-util.jar:/home/travis/build/icyphy/ptII/lib/protobuf-java-2.4.1.jar:/home/travis/build/icyphy/ptII/lib/org.eclipse.paho.client.mqttv3.jar:/home/travis/build/icyphy/ptII/lib/mapss.jar:/home/travis/build/icyphy/ptII/ptolemy/actor/ptalon/antlr/antlr.jar:/home/travis/build/icyphy/ptII/lib/JRI.jar:/home/travis/build/icyphy/ptII/lib/commons-lang-2.6.jar:/home/travis/build/icyphy/ptII/lib/commons-logging-1.1.1.jar:/home/travis/build/icyphy/ptII/lib/sootclasses.jar:/home/travis/build/icyphy/ptII/ptolemy/actor/lib/database/mysql-connector-java-5.1.6-bin.jar:/home/travis/build/icyphy/ptII/vendors/misc/sphinx4/sphinx4-data-5prealpha.jar:/home/travis/build/icyphy/ptII/vendors/misc/sphinx4/sphinx4-core-5prealpha.jar:/home/travis/build/icyphy/ptII/lib/PDFRenderer.jar:/home/travis/build/icyphy/ptII/lib/svgSalamander.jar:/home/travis/build/icyphy/ptII/lib/rsyntaxtextarea-2.6.0-SNAPSHOT.jar:/home/travis/build/icyphy/ptII/lib/hazelcast-3.8.2.jar:/home/travis/build/icyphy/ptII/lib/jackson-annotations-2.9.0.jar:/home/travis/build/icyphy/ptII/lib/jackson-core-2.9.3.jar:/home/travis/build/icyphy/ptII/lib/jackson-databind-2.9.3.jar:/home/travis/build/icyphy/ptII/lib/netty-buffer-4.1.19.Final.jar:/home/travis/build/icyphy/ptII/lib/netty-codec-4.1.19.Final.jar:/home/travis/build/icyphy/ptII/lib/netty-codec-dns-4.1.19.Final.jar:/home/travis/build/icyphy/ptII/lib/netty-codec-http-4.1.19.Final.jar:/home/travis/build/icyphy/ptII/lib/netty-codec-http2-4.1.19.Final.jar:/home/travis/build/icyphy/ptII/lib/netty-common-4.1.19.Final.jar:/home/travis/build/icyphy/ptII/lib/netty-handler-4.1.19.Final.jar:/home/travis/build/icyphy/ptII/lib/netty-resolver-4.1.19.Final.jar:/home/travis/build/icyphy/ptII/lib/netty-resolver-dns-4.1.19.Final.jar:/home/travis/build/icyphy/ptII/lib/netty-transport-4.1.19.Final.jar:/home/travis/build/icyphy/ptII/lib/vertx-codegen-3.5.1.jar:/home/travis/build/icyphy/ptII/lib/vertx-core-3.5.2-SNAPSHOT.jar:/home/travis/build/icyphy/ptII/lib/vertx-hazelcast-3.5.1.jar:/home/travis/build/icyphy/ptII/lib/vertx-lang-js-3.5.1.jar:/home/travis/build/icyphy/ptII/lib/vertx-service-proxy-3.5.1.jar:/home/travis/build/icyphy/ptII/lib/vertx-web-3.5.1.jar:/home/travis/build/icyphy/ptII/lib/slf4j-api-1.7.13.jar:/home/travis/build/icyphy/ptII/lib/slf4j-simple-1.7.13.jar:/home/travis/build/icyphy/ptII/lib/webcam-capture-0.3.12.jar:/home/travis/build/icyphy/ptII/lib/bridj-0.7.0.jar:/home/travis/build/icyphy/ptII/lib/xbjlib-1.1.0.nrjavaserial.jar:/home/travis/build/icyphy/ptII/ptolemy/moml/test:/home/travis/build/icyphy/ptII/ant/lib/ant-launcher.jar:/home/travis/build/icyphy/ptII/ant/lib/ant.jar:/home/travis/build/icyphy/ptII/ant/lib/ant-junit.jar:/home/travis/build/icyphy/ptII/ant/lib/ant-junit4.jar" />
    <property name="ant.library.dir" value="/home/travis/build/icyphy/ptII/ant/lib" />
    <property name="os.arch" value="amd64" />
    <property name="env.CONTINUOUS_INTEGRATION" value="true" />
    <property name="env.TRAVIS_LANGUAGE" value="node_js" />
    <property name="env.TRAVIS_STACK_LANGUAGES" value="__sardonyx__ c c++ clojure cplusplus cpp default generic go groovy java node_js php pure_java python ruby scala" />
    <property name="test.name" value="ptolemy.actor.lib.test.junit.JUnitTclTest" />
    <property name="env.APT_KEY_DONT_WARN_ON_DANGEROUS_USAGE" value="1" />
    <property name="sun.java.launcher" value="SUN_STANDARD" />
    <property name="env.PYTHON_CONFIGURE_OPTS" value="--enable-unicode=ucs4 --with-wide-unicode --enable-shared --enable-ipv6 --enable-loadable-sqlite-extensions --with-computed-gotos" />
    <property name="ant.core.lib" value="/home/travis/build/icyphy/ptII/ant/lib/ant.jar" />
    <property name="java.vm.specification.vendor" value="Oracle Corporation" />
    <property name="env.BCVTB_HOME" value="/home/travis/build/icyphy/ptII/lbnl" />
    <property name="file.separator" value="/" />
    <property name="spotbugs.home" value="/home/travis/build/icyphy/ptII/vendors/spotbugs-3.1.1" />
    <property name="java.runtime.version" value="11.0.2+9" />
    <property name="env.ANSI_CLEAR" value="\033[0K" />
    <property name="javafx.verbose" value="true" />
    <property name="env.HAS_JOSH_K_SEAL_OF_APPROVAL" value="true" />
    <property name="env.XDG_RUNTIME_DIR" value="/run/user/2000" />
    <property name="env.TRAVIS_OSX_IMAGE" value="" />
    <property name="env.TRAVIS_JOB_ID" value="613011195" />
    <property name="env.TRAVIS_BRANCH" value="master" />
    <property name="user.country" value="US" />
    <property name="env.CERTI_HOME_TRAVIS" value="/home/travis/pthla/certi-tools" />
    <property name="env.SHELL" value="/bin/bash" />
    <property name="java.maxmemory.large" value="3200m" />
    <property name="model" value="" />
    <property name="env.CASHER_DIR" value="/home/travis/.casher" />
    <property name="env.NVM_CD_FLAGS" value="" />
    <property name="java.vendor.version" value="18.9" />
    <property name="jshint.executable" value="/home/travis/node_modules/jshint/bin/jshint" />
    <property name="env.JRUBY_OPTS" value=" --client -J-XX:+TieredCompilation -J-XX:TieredStopAtLevel=1 -J-Xss2m -Xcompile.invokedynamic=false" />
    <property name="java.vendor" value="Oracle Corporation" />
    <property name="env.TRAVIS_PRE_CHEF_BOOTSTRAP_TIME" value="2019-03-25T16:16:42" />
    <property name="env.TRAVIS_STACK_JOB_BOARD_REGISTER" value="/.job-board-register.yml" />
    <property name="env.ANSI_RED" value="\033[31;1m" />
    <property name="java.specification.version" value="11" />
    <property name="env.IRBRC" value="/home/travis/.rvm/rubies/ruby-2.5.3/.irbrc" />
    <property name="env.TRAVIS" value="true" />
    <property name="sun.arch.data.model" value="64" />
  </properties>
  <testcase classname="ptolemy.util.test.junit.TclTests" name="[0] /home/travis/build/icyphy/ptII/ptolemy/actor/lib/test/AbsoluteValue.tcl (RunTclFile)" time="0.594" />
  <testcase classname="ptolemy.util.test.junit.TclTests" name="[1] /home/travis/build/icyphy/ptII/ptolemy/actor/lib/test/AddSubtract.tcl (RunTclFile)" time="0.174" />
  <testcase classname="ptolemy.util.test.junit.TclTests" name="[2] /home/travis/build/icyphy/ptII/ptolemy/actor/lib/test/Average.tcl (RunTclFile)" time="0.08" />
  <testcase classname="ptolemy.util.test.junit.TclTests" name="[3] /home/travis/build/icyphy/ptII/ptolemy/actor/lib/test/Bernoulli.tcl (RunTclFile)" time="0.054" />
  <testcase classname="ptolemy.util.test.junit.TclTests" name="[4] /home/travis/build/icyphy/ptII/ptolemy/actor/lib/test/Clock.tcl (RunTclFile)" time="0.108" />
  <testcase classname="ptolemy.util.test.junit.TclTests" name="[5] /home/travis/build/icyphy/ptII/ptolemy/actor/lib/test/Commutator.tcl (RunTclFile)" time="0.173" />
  <testcase classname="ptolemy.util.test.junit.TclTests" name="[6] /home/travis/build/icyphy/ptII/ptolemy/actor/lib/test/Const.tcl (RunTclFile)" time="0.112" />
  <testcase classname="ptolemy.util.test.junit.TclTests" name="[7] /home/travis/build/icyphy/ptII/ptolemy/actor/lib/test/CurrentTime.tcl (RunTclFile)" time="0.051" />
  <testcase classname="ptolemy.util.test.junit.TclTests" name="[8] /home/travis/build/icyphy/ptII/ptolemy/actor/lib/test/DB.tcl (RunTclFile)" time="0.095" />
  <testcase classname="ptolemy.util.test.junit.TclTests" name="[9] /home/travis/build/icyphy/ptII/ptolemy/actor/lib/test/DiscreteRandomSource.tcl (RunTclFile)" time="0.033" />
  <testcase classname="ptolemy.util.test.junit.TclTests" name="[10] /home/travis/build/icyphy/ptII/ptolemy/actor/lib/test/Distributor.tcl (RunTclFile)" time="0.057" />
  <testcase classname="ptolemy.util.test.junit.TclTests" name="[11] /home/travis/build/icyphy/ptII/ptolemy/actor/lib/test/Exit.tcl (RunTclFile)" time="0.112" />
  <testcase classname="ptolemy.util.test.junit.TclTests" name="[12] /home/travis/build/icyphy/ptII/ptolemy/actor/lib/test/Expression.tcl (RunTclFile)" time="0.143" />
  <testcase classname="ptolemy.util.test.junit.TclTests" name="[13] /home/travis/build/icyphy/ptII/ptolemy/actor/lib/test/Gaussian.tcl (RunTclFile)" time="0.79" />
  <testcase classname="ptolemy.util.test.junit.TclTests" name="[14] /home/travis/build/icyphy/ptII/ptolemy/actor/lib/test/IIR.tcl (RunTclFile)" time="0.025" />
  <testcase classname="ptolemy.util.test.junit.TclTests" name="[15] /home/travis/build/icyphy/ptII/ptolemy/actor/lib/test/Interpolator.tcl (RunTclFile)" time="0.132" />
  <testcase classname="ptolemy.util.test.junit.TclTests" name="[16] /home/travis/build/icyphy/ptII/ptolemy/actor/lib/test/MathFunction.tcl (RunTclFile)" time="0.095" />
  <testcase classname="ptolemy.util.test.junit.TclTests" name="[17] /home/travis/build/icyphy/ptII/ptolemy/actor/lib/test/Maximum.tcl (RunTclFile)" time="0.046" />
  <testcase classname="ptolemy.util.test.junit.TclTests" name="[18] /home/travis/build/icyphy/ptII/ptolemy/actor/lib/test/Minimum.tcl (RunTclFile)" time="0.037" />
  <testcase classname="ptolemy.util.test.junit.TclTests" name="[19] /home/travis/build/icyphy/ptII/ptolemy/actor/lib/test/MultiplyDivide.tcl (RunTclFile)" time="0.051" />
  <testcase classname="ptolemy.util.test.junit.TclTests" name="[20] /home/travis/build/icyphy/ptII/ptolemy/actor/lib/test/OrderedMerge.tcl (RunTclFile)" time="0.138" />
  <testcase classname="ptolemy.util.test.junit.TclTests" name="[21] /home/travis/build/icyphy/ptII/ptolemy/actor/lib/test/Publisher.tcl (RunTclFile)" time="0.87" />
  <testcase classname="ptolemy.util.test.junit.TclTests" name="[22] /home/travis/build/icyphy/ptII/ptolemy/actor/lib/test/Pulse.tcl (RunTclFile)" time="0.041" />
  <testcase classname="ptolemy.util.test.junit.TclTests" name="[23] /home/travis/build/icyphy/ptII/ptolemy/actor/lib/test/Ramp.tcl (RunTclFile)" time="2.324" />
  <testcase classname="ptolemy.util.test.junit.TclTests" name="[24] /home/travis/build/icyphy/ptII/ptolemy/actor/lib/test/RampContinuous.tcl (RunTclFile)" time="0.024" />
  <testcase classname="ptolemy.util.test.junit.TclTests" name="[25] /home/travis/build/icyphy/ptII/ptolemy/actor/lib/test/RecordAssembler.tcl (RunTclFile)" time="0.019" />
  <testcase classname="ptolemy.util.test.junit.TclTests" name="[26] /home/travis/build/icyphy/ptII/ptolemy/actor/lib/test/RecordDisassembler.tcl (RunTclFile)" time="0.068" />
  <testcase classname="ptolemy.util.test.junit.TclTests" name="[27] /home/travis/build/icyphy/ptII/ptolemy/actor/lib/test/Scale.tcl (RunTclFile)" time="0.031" />
  <testcase classname="ptolemy.util.test.junit.TclTests" name="[28] /home/travis/build/icyphy/ptII/ptolemy/actor/lib/test/SequentialClock.tcl (RunTclFile)" time="0.02" />
  <testcase classname="ptolemy.util.test.junit.TclTests" name="[29] /home/travis/build/icyphy/ptII/ptolemy/actor/lib/test/SetVariable.tcl (RunTclFile)" time="0.027">
    <failure message="Number of failed tests is has increased. expected:&lt;0&gt; but was:&lt;1&gt;" type="junit.framework.AssertionFailedError">junit.framework.AssertionFailedError: Number of failed tests is has increased. expected:&lt;0&gt; but was:&lt;1&gt;
	at ptolemy.util.test.junit.TclTests.RunTclFile(TclTests.java:286)
	at jdk.internal.reflect.GeneratedMethodAccessor19.invoke(Unknown Source)
	at java.base/jdk.internal.reflect.DelegatingMethodAccessorImpl.invoke(DelegatingMethodAccessorImpl.java:43)
	at junitparams.internal.InvokeParameterisedMethod.evaluate(InvokeParameterisedMethod.java:102)
	at junitparams.internal.ParameterisedTestMethodRunner.runMethodInvoker(ParameterisedTestMethodRunner.java:47)
	at junitparams.internal.ParameterisedTestMethodRunner.runTestMethod(ParameterisedTestMethodRunner.java:41)
	at junitparams.internal.ParameterisedTestClassRunner.runParameterisedTest(ParameterisedTestClassRunner.java:143)
	at junitparams.JUnitParamsRunner.runChild(JUnitParamsRunner.java:237)
	at junitparams.JUnitParamsRunner.runChild(JUnitParamsRunner.java:215)
</failure>
  </testcase>
  <testcase classname="ptolemy.util.test.junit.TclTests" name="[30] /home/travis/build/icyphy/ptII/ptolemy/actor/lib/test/Sinewave.tcl (RunTclFile)" time="0.07" />
  <testcase classname="ptolemy.util.test.junit.TclTests" name="[31] /home/travis/build/icyphy/ptII/ptolemy/actor/lib/test/SubscriptionAggregator.tcl (RunTclFile)" time="2.835" />
  <testcase classname="ptolemy.util.test.junit.TclTests" name="[32] /home/travis/build/icyphy/ptII/ptolemy/actor/lib/test/Test.tcl (RunTclFile)" time="0.141" />
  <testcase classname="ptolemy.util.test.junit.TclTests" name="[33] /home/travis/build/icyphy/ptII/ptolemy/actor/lib/test/TestExceptionHandler.tcl (RunTclFile)" time="0.013" />
  <testcase classname="ptolemy.util.test.junit.TclTests" name="[34] /home/travis/build/icyphy/ptII/ptolemy/actor/lib/test/UnionDisassembler.tcl (RunTclFile)" time="0.082" />
  <testcase classname="ptolemy.util.test.junit.TclTests" name="[35] /home/travis/build/icyphy/ptII/ptolemy/actor/lib/test/VariableClock.tcl (RunTclFile)" time="0.027" />
  <testcase classname="ptolemy.util.test.junit.AutoKnownFailedTests" name="[0] /home/travis/build/icyphy/ptII/ptolemy/actor/lib/test/auto/knownFailedTests/PublisherPortToplevelSubscriber.xml (RunModel)" time="0.022" />
  <testcase classname="ptolemy.util.test.junit.AutoKnownFailedTests" name="[1] /home/travis/build/icyphy/ptII/ptolemy/actor/lib/test/auto/knownFailedTests/PublisherSubscriberPortToplevel.xml (RunModel)" time="0.133" />
  <testcase classname="ptolemy.util.test.junit.AutoKnownFailedTests" name="[2] /home/travis/build/icyphy/ptII/ptolemy/actor/lib/test/auto/knownFailedTests/PublisherSubscriptionAggregatorPort.xml (RunModel)" time="0.023" />
  <testcase classname="ptolemy.util.test.junit.AutoKnownFailedTests" name="[3] /home/travis/build/icyphy/ptII/ptolemy/actor/lib/test/auto/knownFailedTests/sizedarray3.xml (RunModel)" time="0.031" />
  <testcase classname="ptolemy.util.test.junit.AutoNameArchTests" name="[0] ThereAreNoAutoArchTests (RunModel)" time="0.004" />
  <testcase classname="ptolemy.util.test.junit.AutoTests" name="[0] /home/travis/build/icyphy/ptII/ptolemy/actor/lib/test/auto/AbsoluteValue.xml (RunModel)" time="0.101" />
  <testcase classname="ptolemy.util.test.junit.AutoTests" name="[1] /home/travis/build/icyphy/ptII/ptolemy/actor/lib/test/auto/AbsoluteValue2.xml (RunModel)" time="0.032" />
  <testcase classname="ptolemy.util.test.junit.AutoTests" name="[2] /home/travis/build/icyphy/ptII/ptolemy/actor/lib/test/auto/Accumulator.xml (RunModel)" time="0.068" />
  <testcase classname="ptolemy.util.test.junit.AutoTests" name="[3] /home/travis/build/icyphy/ptII/ptolemy/actor/lib/test/auto/Accumulator2.xml (RunModel)" time="0.059" />
  <testcase classname="ptolemy.util.test.junit.AutoTests" name="[4] /home/travis/build/icyphy/ptII/ptolemy/actor/lib/test/auto/Accumulator3.xml (RunModel)" time="0.016" />
  <testcase classname="ptolemy.util.test.junit.AutoTests" name="[5] /home/travis/build/icyphy/ptII/ptolemy/actor/lib/test/auto/ArrayAppend.xml (RunModel)" time="0.069" />
  <testcase classname="ptolemy.util.test.junit.AutoTests" name="[6] /home/travis/build/icyphy/ptII/ptolemy/actor/lib/test/auto/ArrayAppend2.xml (RunModel)" time="0.319" />
  <testcase classname="ptolemy.util.test.junit.AutoTests" name="[7] /home/travis/build/icyphy/ptII/ptolemy/actor/lib/test/auto/ArrayAppend3.xml (RunModel)" time="0.024" />
  <testcase classname="ptolemy.util.test.junit.AutoTests" name="[8] /home/travis/build/icyphy/ptII/ptolemy/actor/lib/test/auto/ArrayAppend4.xml (RunModel)" time="0.08" />
  <testcase classname="ptolemy.util.test.junit.AutoTests" name="[9] /home/travis/build/icyphy/ptII/ptolemy/actor/lib/test/auto/ArrayAppend5.xml (RunModel)" time="0.027" />
  <testcase classname="ptolemy.util.test.junit.AutoTests" name="[10] /home/travis/build/icyphy/ptII/ptolemy/actor/lib/test/auto/ArrayAppend6.xml (RunModel)" time="0.027" />
  <testcase classname="ptolemy.util.test.junit.AutoTests" name="[11] /home/travis/build/icyphy/ptII/ptolemy/actor/lib/test/auto/ArrayAppendPerformanceTest.xml (RunModel)" time="0.076" />
  <testcase classname="ptolemy.util.test.junit.AutoTests" name="[12] /home/travis/build/icyphy/ptII/ptolemy/actor/lib/test/auto/ArrayAppendWithEmptyInput.xml (RunModel)" time="0.076" />
  <testcase classname="ptolemy.util.test.junit.AutoTests" name="[13] /home/travis/build/icyphy/ptII/ptolemy/actor/lib/test/auto/ArrayAverage.xml (RunModel)" time="0.088" />
  <testcase classname="ptolemy.util.test.junit.AutoTests" name="[14] /home/travis/build/icyphy/ptII/ptolemy/actor/lib/test/auto/ArrayContains.xml (RunModel)" time="0.029" />
  <testcase classname="ptolemy.util.test.junit.AutoTests" name="[15] /home/travis/build/icyphy/ptII/ptolemy/actor/lib/test/auto/ArrayElement.xml (RunModel)" time="0.033" />
  <testcase classname="ptolemy.util.test.junit.AutoTests" name="[16] /home/travis/build/icyphy/ptII/ptolemy/actor/lib/test/auto/ArrayElementAsMatrix.xml (RunModel)" time="0.09" />
  <testcase classname="ptolemy.util.test.junit.AutoTests" name="[17] /home/travis/build/icyphy/ptII/ptolemy/actor/lib/test/auto/ArrayElementI.xml (RunModel)" time="0.023" />
  <testcase classname="ptolemy.util.test.junit.AutoTests" name="[18] /home/travis/build/icyphy/ptII/ptolemy/actor/lib/test/auto/ArrayExtract.xml (RunModel)" time="0.066" />
  <testcase classname="ptolemy.util.test.junit.AutoTests" name="[19] /home/travis/build/icyphy/ptII/ptolemy/actor/lib/test/auto/ArrayExtract2.xml (RunModel)" time="0.023" />
  <testcase classname="ptolemy.util.test.junit.AutoTests" name="[20] /home/travis/build/icyphy/ptII/ptolemy/actor/lib/test/auto/ArrayLength.xml (RunModel)" time="0.032" />
  <testcase classname="ptolemy.util.test.junit.AutoTests" name="[21] /home/travis/build/icyphy/ptII/ptolemy/actor/lib/test/auto/ArrayLevelCrossing.xml (RunModel)" time="0.041" />
  <testcase classname="ptolemy.util.test.junit.AutoTests" name="[22] /home/travis/build/icyphy/ptII/ptolemy/actor/lib/test/auto/ArrayLevelCrossing2.xml (RunModel)" time="0.052" />
  <testcase classname="ptolemy.util.test.junit.AutoTests" name="[23] /home/travis/build/icyphy/ptII/ptolemy/actor/lib/test/auto/ArrayPeakSearch.xml (RunModel)" time="0.061" />
  <testcase classname="ptolemy.util.test.junit.AutoTests" name="[24] /home/travis/build/icyphy/ptII/ptolemy/actor/lib/test/auto/ArrayPeakSearch2.xml (RunModel)" time="0.055" />
  <testcase classname="ptolemy.util.test.junit.AutoTests" name="[25] /home/travis/build/icyphy/ptII/ptolemy/actor/lib/test/auto/ArrayPeakSearch3.xml (RunModel)" time="0.05" />
  <testcase classname="ptolemy.util.test.junit.AutoTests" name="[26] /home/travis/build/icyphy/ptII/ptolemy/actor/lib/test/auto/ArrayRemoveElement.xml (RunModel)" time="0.04" />
  <testcase classname="ptolemy.util.test.junit.AutoTests" name="[27] /home/travis/build/icyphy/ptII/ptolemy/actor/lib/test/auto/ArraySort.xml (RunModel)" time="0.049" />
  <testcase classname="ptolemy.util.test.junit.AutoTests" name="[28] /home/travis/build/icyphy/ptII/ptolemy/actor/lib/test/auto/ArraySum.xml (RunModel)" time="0.026" />
  <testcase classname="ptolemy.util.test.junit.AutoTests" name="[29] /home/travis/build/icyphy/ptII/ptolemy/actor/lib/test/auto/ArrayToElements.xml (RunModel)" time="0.034" />
  <testcase classname="ptolemy.util.test.junit.AutoTests" name="[30] /home/travis/build/icyphy/ptII/ptolemy/actor/lib/test/auto/ArrayToMatrix.xml (RunModel)" time="0.082" />
  <testcase classname="ptolemy.util.test.junit.AutoTests" name="[31] /home/travis/build/icyphy/ptII/ptolemy/actor/lib/test/auto/ArrayUpdate1.xml (RunModel)" time="0.035" />
  <testcase classname="ptolemy.util.test.junit.AutoTests" name="[32] /home/travis/build/icyphy/ptII/ptolemy/actor/lib/test/auto/ArrayUpdate2.xml (RunModel)" time="0.036" />
  <testcase classname="ptolemy.util.test.junit.AutoTests" name="[33] /home/travis/build/icyphy/ptII/ptolemy/actor/lib/test/auto/ArrayUpdate3.xml (RunModel)" time="0.018" />
  <testcase classname="ptolemy.util.test.junit.AutoTests" name="[34] /home/travis/build/icyphy/ptII/ptolemy/actor/lib/test/auto/Assert1.xml (RunModel)" time="0.032" />
  <testcase classname="ptolemy.util.test.junit.AutoTests" name="[35] /home/travis/build/icyphy/ptII/ptolemy/actor/lib/test/auto/Assert2.xml (RunModel)" time="0.018" />
  <testcase classname="ptolemy.util.test.junit.AutoTests" name="[36] /home/travis/build/icyphy/ptII/ptolemy/actor/lib/test/auto/BooleanMultiplexor.xml (RunModel)" time="0.022" />
  <testcase classname="ptolemy.util.test.junit.AutoTests" name="[37] /home/travis/build/icyphy/ptII/ptolemy/actor/lib/test/auto/BooleanMultiplexor2.xml (RunModel)" time="0.03" />
  <testcase classname="ptolemy.util.test.junit.AutoTests" name="[38] /home/travis/build/icyphy/ptII/ptolemy/actor/lib/test/auto/BooleanMultiplexor3.xml (RunModel)" time="0.03" />
  <testcase classname="ptolemy.util.test.junit.AutoTests" name="[39] /home/travis/build/icyphy/ptII/ptolemy/actor/lib/test/auto/BooleanSelect.xml (RunModel)" time="0.024" />
  <testcase classname="ptolemy.util.test.junit.AutoTests" name="[40] /home/travis/build/icyphy/ptII/ptolemy/actor/lib/test/auto/BooleanSelect2.xml (RunModel)" time="0.02" />
  <testcase classname="ptolemy.util.test.junit.AutoTests" name="[41] /home/travis/build/icyphy/ptII/ptolemy/actor/lib/test/auto/BooleanSwitch.xml (RunModel)" time="0.022" />
  <testcase classname="ptolemy.util.test.junit.AutoTests" name="[42] /home/travis/build/icyphy/ptII/ptolemy/actor/lib/test/auto/BooleanSwitch2.xml (RunModel)" time="0.019" />
  <testcase classname="ptolemy.util.test.junit.AutoTests" name="[43] /home/travis/build/icyphy/ptII/ptolemy/actor/lib/test/auto/BooleanSwitchCloningBugWithClassRelationGroup.xml (RunModel)" time="0.027" />
  <testcase classname="ptolemy.util.test.junit.AutoTests" name="[44] /home/travis/build/icyphy/ptII/ptolemy/actor/lib/test/auto/BusActors.xml (RunModel)" time="0.03" />
  <testcase classname="ptolemy.util.test.junit.AutoTests" name="[45] /home/travis/build/icyphy/ptII/ptolemy/actor/lib/test/auto/ClassWrapper.xml (RunModel)" time="0.018" />
  <testcase classname="ptolemy.util.test.junit.AutoTests" name="[46] /home/travis/build/icyphy/ptII/ptolemy/actor/lib/test/auto/Clock.xml (RunModel)" time="0.01" />
  <testcase classname="ptolemy.util.test.junit.AutoTests" name="[47] /home/travis/build/icyphy/ptII/ptolemy/actor/lib/test/auto/Clock10.xml (RunModel)" time="0.018" />
  <testcase classname="ptolemy.util.test.junit.AutoTests" name="[48] /home/travis/build/icyphy/ptII/ptolemy/actor/lib/test/auto/Clock11.xml (RunModel)" time="0.027" />
  <testcase classname="ptolemy.util.test.junit.AutoTests" name="[49] /home/travis/build/icyphy/ptII/ptolemy/actor/lib/test/auto/Clock12.xml (RunModel)" time="0.023" />
  <testcase classname="ptolemy.util.test.junit.AutoTests" name="[50] /home/travis/build/icyphy/ptII/ptolemy/actor/lib/test/auto/Clock13.xml (RunModel)" time="0.016" />
  <testcase classname="ptolemy.util.test.junit.AutoTests" name="[51] /home/travis/build/icyphy/ptII/ptolemy/actor/lib/test/auto/Clock14.xml (RunModel)" time="0.018" />
  <testcase classname="ptolemy.util.test.junit.AutoTests" name="[52] /home/travis/build/icyphy/ptII/ptolemy/actor/lib/test/auto/Clock15.xml (RunModel)" time="0.013" />
  <testcase classname="ptolemy.util.test.junit.AutoTests" name="[53] /home/travis/build/icyphy/ptII/ptolemy/actor/lib/test/auto/Clock16.xml (RunModel)" time="0.107" />
  <testcase classname="ptolemy.util.test.junit.AutoTests" name="[54] /home/travis/build/icyphy/ptII/ptolemy/actor/lib/test/auto/Clock17.xml (RunModel)" time="0.084" />
  <testcase classname="ptolemy.util.test.junit.AutoTests" name="[55] /home/travis/build/icyphy/ptII/ptolemy/actor/lib/test/auto/Clock18.xml (RunModel)" time="0.06" />
  <testcase classname="ptolemy.util.test.junit.AutoTests" name="[56] /home/travis/build/icyphy/ptII/ptolemy/actor/lib/test/auto/Clock19.xml (RunModel)" time="0.044" />
  <testcase classname="ptolemy.util.test.junit.AutoTests" name="[57] /home/travis/build/icyphy/ptII/ptolemy/actor/lib/test/auto/Clock2.xml (RunModel)" time="0.016" />
  <testcase classname="ptolemy.util.test.junit.AutoTests" name="[58] /home/travis/build/icyphy/ptII/ptolemy/actor/lib/test/auto/Clock20.xml (RunModel)" time="0.025" />
  <testcase classname="ptolemy.util.test.junit.AutoTests" name="[59] /home/travis/build/icyphy/ptII/ptolemy/actor/lib/test/auto/Clock21.xml (RunModel)" time="0.019" />
  <testcase classname="ptolemy.util.test.junit.AutoTests" name="[60] /home/travis/build/icyphy/ptII/ptolemy/actor/lib/test/auto/Clock22.xml (RunModel)" time="0.017" />
  <testcase classname="ptolemy.util.test.junit.AutoTests" name="[61] /home/travis/build/icyphy/ptII/ptolemy/actor/lib/test/auto/Clock23.xml (RunModel)" time="0.02" />
  <testcase classname="ptolemy.util.test.junit.AutoTests" name="[62] /home/travis/build/icyphy/ptII/ptolemy/actor/lib/test/auto/Clock24.xml (RunModel)" time="0.018" />
  <testcase classname="ptolemy.util.test.junit.AutoTests" name="[63] /home/travis/build/icyphy/ptII/ptolemy/actor/lib/test/auto/Clock4.xml (RunModel)" time="0.014" />
  <testcase classname="ptolemy.util.test.junit.AutoTests" name="[64] /home/travis/build/icyphy/ptII/ptolemy/actor/lib/test/auto/Clock5.xml (RunModel)" time="0.013" />
  <testcase classname="ptolemy.util.test.junit.AutoTests" name="[65] /home/travis/build/icyphy/ptII/ptolemy/actor/lib/test/auto/Clock6.xml (RunModel)" time="0.019" />
  <testcase classname="ptolemy.util.test.junit.AutoTests" name="[66] /home/travis/build/icyphy/ptII/ptolemy/actor/lib/test/auto/Clock7.xml (RunModel)" time="0.013" />
  <testcase classname="ptolemy.util.test.junit.AutoTests" name="[67] /home/travis/build/icyphy/ptII/ptolemy/actor/lib/test/auto/Clock8.xml (RunModel)" time="0.02" />
  <testcase classname="ptolemy.util.test.junit.AutoTests" name="[68] /home/travis/build/icyphy/ptII/ptolemy/actor/lib/test/auto/Clock9.xml (RunModel)" time="0.02" />
  <testcase classname="ptolemy.util.test.junit.AutoTests" name="[69] /home/travis/build/icyphy/ptII/ptolemy/actor/lib/test/auto/CommDistDiscard.xml (RunModel)" time="0.046" />
  <testcase classname="ptolemy.util.test.junit.AutoTests" name="[70] /home/travis/build/icyphy/ptII/ptolemy/actor/lib/test/auto/Commutator.xml (RunModel)" time="0.021" />
  <testcase classname="ptolemy.util.test.junit.AutoTests" name="[71] /home/travis/build/icyphy/ptII/ptolemy/actor/lib/test/auto/Commutator2.xml (RunModel)" time="0.014" />
  <testcase classname="ptolemy.util.test.junit.AutoTests" name="[72] /home/travis/build/icyphy/ptII/ptolemy/actor/lib/test/auto/Commutator3.xml (RunModel)" time="0.015" />
  <testcase classname="ptolemy.util.test.junit.AutoTests" name="[73] /home/travis/build/icyphy/ptII/ptolemy/actor/lib/test/auto/Compare.xml (RunModel)" time="0.025" />
  <testcase classname="ptolemy.util.test.junit.AutoTests" name="[74] /home/travis/build/icyphy/ptII/ptolemy/actor/lib/test/auto/CompareDE.xml (RunModel)" time="0.03" />
  <testcase classname="ptolemy.util.test.junit.AutoTests" name="[75] /home/travis/build/icyphy/ptII/ptolemy/actor/lib/test/auto/ComplexDivide.xml (RunModel)" time="0.012" />
  <testcase classname="ptolemy.util.test.junit.AutoTests" name="[76] /home/travis/build/icyphy/ptII/ptolemy/actor/lib/test/auto/ComputeHistogram.xml (RunModel)" time="0.085" />
  <testcase classname="ptolemy.util.test.junit.AutoTests" name="[77] /home/travis/build/icyphy/ptII/ptolemy/actor/lib/test/auto/ConfigurationSelect.xml (RunModel)" time="0.029" />
  <testcase classname="ptolemy.util.test.junit.AutoTests" name="[78] /home/travis/build/icyphy/ptII/ptolemy/actor/lib/test/auto/ConfigurationSelect2.xml (RunModel)" time="0.017" />
  <testcase classname="ptolemy.util.test.junit.AutoTests" name="[79] /home/travis/build/icyphy/ptII/ptolemy/actor/lib/test/auto/ConfigurationSwitch.xml (RunModel)" time="0.032" />
  <testcase classname="ptolemy.util.test.junit.AutoTests" name="[80] /home/travis/build/icyphy/ptII/ptolemy/actor/lib/test/auto/ConfigurationSwitch2.xml (RunModel)" time="0.028" />
  <testcase classname="ptolemy.util.test.junit.AutoTests" name="[81] /home/travis/build/icyphy/ptII/ptolemy/actor/lib/test/auto/ConfigurationSwitchCloningBugWithClassRelationGroup.xml (RunModel)" time="0.022" />
  <testcase classname="ptolemy.util.test.junit.AutoTests" name="[82] /home/travis/build/icyphy/ptII/ptolemy/actor/lib/test/auto/ConfigurationSwitchSelectSDF.xml (RunModel)" time="0.017" />
  <testcase classname="ptolemy.util.test.junit.AutoTests" name="[83] /home/travis/build/icyphy/ptII/ptolemy/actor/lib/test/auto/ConfigurationSwitchSelectSDF2.xml (RunModel)" time="0.017" />
  <testcase classname="ptolemy.util.test.junit.AutoTests" name="[84] /home/travis/build/icyphy/ptII/ptolemy/actor/lib/test/auto/Const.xml (RunModel)" time="0.01" />
  <testcase classname="ptolemy.util.test.junit.AutoTests" name="[85] /home/travis/build/icyphy/ptII/ptolemy/actor/lib/test/auto/Const2.xml (RunModel)" time="0.029" />
  <testcase classname="ptolemy.util.test.junit.AutoTests" name="[86] /home/travis/build/icyphy/ptII/ptolemy/actor/lib/test/auto/Const3.xml (RunModel)" time="0.013" />
  <testcase classname="ptolemy.util.test.junit.AutoTests" name="[87] /home/travis/build/icyphy/ptII/ptolemy/actor/lib/test/auto/ConstantPublisherPort1.xml (RunModel)" time="0.033" />
  <testcase classname="ptolemy.util.test.junit.AutoTests" name="[88] /home/travis/build/icyphy/ptII/ptolemy/actor/lib/test/auto/ConstantPublisherPort2.xml (RunModel)" time="0.038" />
  <testcase classname="ptolemy.util.test.junit.AutoTests" name="[89] /home/travis/build/icyphy/ptII/ptolemy/actor/lib/test/auto/ConstantPublisherPort3.xml (RunModel)" time="0.028" />
  <testcase classname="ptolemy.util.test.junit.AutoTests" name="[90] /home/travis/build/icyphy/ptII/ptolemy/actor/lib/test/auto/ConstantPublisherPort4.xml (RunModel)" time="0.02" />
  <testcase classname="ptolemy.util.test.junit.AutoTests" name="[91] /home/travis/build/icyphy/ptII/ptolemy/actor/lib/test/auto/ConstantPublisherPort5.xml (RunModel)" time="0.054" />
  <testcase classname="ptolemy.util.test.junit.AutoTests" name="[92] /home/travis/build/icyphy/ptII/ptolemy/actor/lib/test/auto/ConstantPublisherPort6.xml (RunModel)" time="0.033" />
  <testcase classname="ptolemy.util.test.junit.AutoTests" name="[93] /home/travis/build/icyphy/ptII/ptolemy/actor/lib/test/auto/ConstantPublisherPort7.xml (RunModel)" time="0.034" />
  <testcase classname="ptolemy.util.test.junit.AutoTests" name="[94] /home/travis/build/icyphy/ptII/ptolemy/actor/lib/test/auto/ConstraintMonitor1.xml (RunModel)" time="0.042" />
  <testcase classname="ptolemy.util.test.junit.AutoTests" name="[95] /home/travis/build/icyphy/ptII/ptolemy/actor/lib/test/auto/ConstraintMonitor2.xml (RunModel)" time="0.011" />
  <testcase classname="ptolemy.util.test.junit.AutoTests" name="[96] /home/travis/build/icyphy/ptII/ptolemy/actor/lib/test/auto/ConstraintMonitor3.xml (RunModel)" time="0.022" />
  <testcase classname="ptolemy.util.test.junit.AutoTests" name="[97] /home/travis/build/icyphy/ptII/ptolemy/actor/lib/test/auto/ConstraintMonitor4.xml (RunModel)" time="0.02" />
  <testcase classname="ptolemy.util.test.junit.AutoTests" name="[98] /home/travis/build/icyphy/ptII/ptolemy/actor/lib/test/auto/ConstraintMonitor5.xml (RunModel)" time="0.016" />
  <testcase classname="ptolemy.util.test.junit.AutoTests" name="[99] /home/travis/build/icyphy/ptII/ptolemy/actor/lib/test/auto/ConstraintMonitor6.xml (RunModel)" time="0.027" />
  <testcase classname="ptolemy.util.test.junit.AutoTests" name="[100] /home/travis/build/icyphy/ptII/ptolemy/actor/lib/test/auto/ConstraintMonitor7.xml (RunModel)" time="0.03" />
  <testcase classname="ptolemy.util.test.junit.AutoTests" name="[101] /home/travis/build/icyphy/ptII/ptolemy/actor/lib/test/auto/ConstraintMonitor8.xml (RunModel)" time="0.021" />
  <testcase classname="ptolemy.util.test.junit.AutoTests" name="[102] /home/travis/build/icyphy/ptII/ptolemy/actor/lib/test/auto/Counter.xml (RunModel)" time="0.014" />
  <testcase classname="ptolemy.util.test.junit.AutoTests" name="[103] /home/travis/build/icyphy/ptII/ptolemy/actor/lib/test/auto/CurrentTimeSDF.xml (RunModel)" time="0.011" />
  <testcase classname="ptolemy.util.test.junit.AutoTests" name="[104] /home/travis/build/icyphy/ptII/ptolemy/actor/lib/test/auto/DB.xml (RunModel)" time="0.015" />
  <testcase classname="ptolemy.util.test.junit.AutoTests" name="[105] /home/travis/build/icyphy/ptII/ptolemy/actor/lib/test/auto/DBDE.xml (RunModel)" time="0.015" />
  <testcase classname="ptolemy.util.test.junit.AutoTests" name="[106] /home/travis/build/icyphy/ptII/ptolemy/actor/lib/test/auto/DateConstructor.xml (RunModel)" time="0.105" />
  <testcase classname="ptolemy.util.test.junit.AutoTests" name="[107] /home/travis/build/icyphy/ptII/ptolemy/actor/lib/test/auto/DelayTime.xml (RunModel)" time="0.016" />
  <testcase classname="ptolemy.util.test.junit.AutoTests" name="[108] /home/travis/build/icyphy/ptII/ptolemy/actor/lib/test/auto/Dictionary1.xml (RunModel)" time="0.019" />
  <testcase classname="ptolemy.util.test.junit.AutoTests" name="[109] /home/travis/build/icyphy/ptII/ptolemy/actor/lib/test/auto/Dictionary2.xml (RunModel)" time="0.017" />
  <testcase classname="ptolemy.util.test.junit.AutoTests" name="[110] /home/travis/build/icyphy/ptII/ptolemy/actor/lib/test/auto/Dictionary3.xml (RunModel)" time="0.015" />
  <testcase classname="ptolemy.util.test.junit.AutoTests" name="[111] /home/travis/build/icyphy/ptII/ptolemy/actor/lib/test/auto/Dictionary4.xml (RunModel)" time="0.029" />
  <testcase classname="ptolemy.util.test.junit.AutoTests" name="[112] /home/travis/build/icyphy/ptII/ptolemy/actor/lib/test/auto/Differential.xml (RunModel)" time="0.015" />
  <testcase classname="ptolemy.util.test.junit.AutoTests" name="[113] /home/travis/build/icyphy/ptII/ptolemy/actor/lib/test/auto/Director.xml (RunModel)" time="0.014" />
  <testcase classname="ptolemy.util.test.junit.AutoTests" name="[114] /home/travis/build/icyphy/ptII/ptolemy/actor/lib/test/auto/DiscreteClock.xml (RunModel)" time="0.015" />
  <testcase classname="ptolemy.util.test.junit.AutoTests" name="[115] /home/travis/build/icyphy/ptII/ptolemy/actor/lib/test/auto/DiscreteClock10.xml (RunModel)" time="0.015" />
  <testcase classname="ptolemy.util.test.junit.AutoTests" name="[116] /home/travis/build/icyphy/ptII/ptolemy/actor/lib/test/auto/DiscreteClock11.xml (RunModel)" time="0.015" />
  <testcase classname="ptolemy.util.test.junit.AutoTests" name="[117] /home/travis/build/icyphy/ptII/ptolemy/actor/lib/test/auto/DiscreteClock12.xml (RunModel)" time="0.019" />
  <testcase classname="ptolemy.util.test.junit.AutoTests" name="[118] /home/travis/build/icyphy/ptII/ptolemy/actor/lib/test/auto/DiscreteClock13.xml (RunModel)" time="0.021" />
  <testcase classname="ptolemy.util.test.junit.AutoTests" name="[119] /home/travis/build/icyphy/ptII/ptolemy/actor/lib/test/auto/DiscreteClock14.xml (RunModel)" time="0.017" />
  <testcase classname="ptolemy.util.test.junit.AutoTests" name="[120] /home/travis/build/icyphy/ptII/ptolemy/actor/lib/test/auto/DiscreteClock15.xml (RunModel)" time="0.015" />
  <testcase classname="ptolemy.util.test.junit.AutoTests" name="[121] /home/travis/build/icyphy/ptII/ptolemy/actor/lib/test/auto/DiscreteClock16.xml (RunModel)" time="0.067" />
  <testcase classname="ptolemy.util.test.junit.AutoTests" name="[122] /home/travis/build/icyphy/ptII/ptolemy/actor/lib/test/auto/DiscreteClock17.xml (RunModel)" time="0.054" />
  <testcase classname="ptolemy.util.test.junit.AutoTests" name="[123] /home/travis/build/icyphy/ptII/ptolemy/actor/lib/test/auto/DiscreteClock18.xml (RunModel)" time="0.056" />
  <testcase classname="ptolemy.util.test.junit.AutoTests" name="[124] /home/travis/build/icyphy/ptII/ptolemy/actor/lib/test/auto/DiscreteClock19.xml (RunModel)" time="0.069" />
  <testcase classname="ptolemy.util.test.junit.AutoTests" name="[125] /home/travis/build/icyphy/ptII/ptolemy/actor/lib/test/auto/DiscreteClock2.xml (RunModel)" time="0.019" />
  <testcase classname="ptolemy.util.test.junit.AutoTests" name="[126] /home/travis/build/icyphy/ptII/ptolemy/actor/lib/test/auto/DiscreteClock20.xml (RunModel)" time="0.024" />
  <testcase classname="ptolemy.util.test.junit.AutoTests" name="[127] /home/travis/build/icyphy/ptII/ptolemy/actor/lib/test/auto/DiscreteClock21.xml (RunModel)" time="0.023" />
  <testcase classname="ptolemy.util.test.junit.AutoTests" name="[128] /home/travis/build/icyphy/ptII/ptolemy/actor/lib/test/auto/DiscreteClock22.xml (RunModel)" time="0.019" />
  <testcase classname="ptolemy.util.test.junit.AutoTests" name="[129] /home/travis/build/icyphy/ptII/ptolemy/actor/lib/test/auto/DiscreteClock23.xml (RunModel)" time="0.026" />
  <testcase classname="ptolemy.util.test.junit.AutoTests" name="[130] /home/travis/build/icyphy/ptII/ptolemy/actor/lib/test/auto/DiscreteClock24.xml (RunModel)" time="0.016" />
  <testcase classname="ptolemy.util.test.junit.AutoTests" name="[131] /home/travis/build/icyphy/ptII/ptolemy/actor/lib/test/auto/DiscreteClock4.xml (RunModel)" time="0.014" />
  <testcase classname="ptolemy.util.test.junit.AutoTests" name="[132] /home/travis/build/icyphy/ptII/ptolemy/actor/lib/test/auto/DiscreteClock5.xml (RunModel)" time="0.013" />
  <testcase classname="ptolemy.util.test.junit.AutoTests" name="[133] /home/travis/build/icyphy/ptII/ptolemy/actor/lib/test/auto/DiscreteClock6.xml (RunModel)" time="0.016" />
  <testcase classname="ptolemy.util.test.junit.AutoTests" name="[134] /home/travis/build/icyphy/ptII/ptolemy/actor/lib/test/auto/DiscreteClock7.xml (RunModel)" time="0.012" />
  <testcase classname="ptolemy.util.test.junit.AutoTests" name="[135] /home/travis/build/icyphy/ptII/ptolemy/actor/lib/test/auto/DiscreteClock8.xml (RunModel)" time="0.033" />
  <testcase classname="ptolemy.util.test.junit.AutoTests" name="[136] /home/travis/build/icyphy/ptII/ptolemy/actor/lib/test/auto/DiscreteClock9.xml (RunModel)" time="0.016" />
  <testcase classname="ptolemy.util.test.junit.AutoTests" name="[137] /home/travis/build/icyphy/ptII/ptolemy/actor/lib/test/auto/DisplayArray.xml (RunModel)" time="0.012" />
  <testcase classname="ptolemy.util.test.junit.AutoTests" name="[138] /home/travis/build/icyphy/ptII/ptolemy/actor/lib/test/auto/Distributor.xml (RunModel)" time="0.012" />
  <testcase classname="ptolemy.util.test.junit.AutoTests" name="[139] /home/travis/build/icyphy/ptII/ptolemy/actor/lib/test/auto/Distributor2.xml (RunModel)" time="0.014" />
  <testcase classname="ptolemy.util.test.junit.AutoTests" name="[140] /home/travis/build/icyphy/ptII/ptolemy/actor/lib/test/auto/DownSample.xml (RunModel)" time="0.015" />
  <testcase classname="ptolemy.util.test.junit.AutoTests" name="[141] /home/travis/build/icyphy/ptII/ptolemy/actor/lib/test/auto/ElectronicUnitBase1.xml (RunModel)" time="0.07" />
  <testcase classname="ptolemy.util.test.junit.AutoTests" name="[142] /home/travis/build/icyphy/ptII/ptolemy/actor/lib/test/auto/ElementsToArray.xml (RunModel)" time="0.013" />
  <testcase classname="ptolemy.util.test.junit.AutoTests" name="[143] /home/travis/build/icyphy/ptII/ptolemy/actor/lib/test/auto/Equals.xml (RunModel)" time="0.017" />
  <testcase classname="ptolemy.util.test.junit.AutoTests" name="[144] /home/travis/build/icyphy/ptII/ptolemy/actor/lib/test/auto/Exec.xml (RunModel)" time="0.034" />
  <testcase classname="ptolemy.util.test.junit.AutoTests" name="[145] /home/travis/build/icyphy/ptII/ptolemy/actor/lib/test/auto/ExecEnvironment.xml (RunModel)" time="0.046" />
  <testcase classname="ptolemy.util.test.junit.AutoTests" name="[146] /home/travis/build/icyphy/ptII/ptolemy/actor/lib/test/auto/ExecNonZeroReturnOutput.xml (RunModel)" time="0.232" />
  <testcase classname="ptolemy.util.test.junit.AutoTests" name="[147] /home/travis/build/icyphy/ptII/ptolemy/actor/lib/test/auto/ExecRunDemos.xml (RunModel)" time="11.897" />
  <testcase classname="ptolemy.util.test.junit.AutoTests" name="[148] /home/travis/build/icyphy/ptII/ptolemy/actor/lib/test/auto/ExecStop.xml (RunModel)" time="5.053" />
  <testcase classname="ptolemy.util.test.junit.AutoTests" name="[149] /home/travis/build/icyphy/ptII/ptolemy/actor/lib/test/auto/ExecutionTimeSDF.xml (RunModel)" time="6.041" />
  <testcase classname="ptolemy.util.test.junit.AutoTests" name="[150] /home/travis/build/icyphy/ptII/ptolemy/actor/lib/test/auto/Expression1.xml (RunModel)" time="0.016" />
  <testcase classname="ptolemy.util.test.junit.AutoTests" name="[151] /home/travis/build/icyphy/ptII/ptolemy/actor/lib/test/auto/Expression10.xml (RunModel)" time="0.018" />
  <testcase classname="ptolemy.util.test.junit.AutoTests" name="[152] /home/travis/build/icyphy/ptII/ptolemy/actor/lib/test/auto/Expression11.xml (RunModel)" time="0.013" />
  <testcase classname="ptolemy.util.test.junit.AutoTests" name="[153] /home/travis/build/icyphy/ptII/ptolemy/actor/lib/test/auto/Expression12.xml (RunModel)" time="0.019" />
  <testcase classname="ptolemy.util.test.junit.AutoTests" name="[154] /home/travis/build/icyphy/ptII/ptolemy/actor/lib/test/auto/Expression13.xml (RunModel)" time="0.013" />
  <testcase classname="ptolemy.util.test.junit.AutoTests" name="[155] /home/travis/build/icyphy/ptII/ptolemy/actor/lib/test/auto/Expression14.xml (RunModel)" time="0.023" />
  <testcase classname="ptolemy.util.test.junit.AutoTests" name="[156] /home/travis/build/icyphy/ptII/ptolemy/actor/lib/test/auto/Expression15.xml (RunModel)" time="0.009" />
  <testcase classname="ptolemy.util.test.junit.AutoTests" name="[157] /home/travis/build/icyphy/ptII/ptolemy/actor/lib/test/auto/Expression16.xml (RunModel)" time="0.017" />
  <testcase classname="ptolemy.util.test.junit.AutoTests" name="[158] /home/travis/build/icyphy/ptII/ptolemy/actor/lib/test/auto/Expression17.xml (RunModel)" time="0.012" />
  <testcase classname="ptolemy.util.test.junit.AutoTests" name="[159] /home/travis/build/icyphy/ptII/ptolemy/actor/lib/test/auto/Expression18.xml (RunModel)" time="0.019" />
  <testcase classname="ptolemy.util.test.junit.AutoTests" name="[160] /home/travis/build/icyphy/ptII/ptolemy/actor/lib/test/auto/Expression2.xml (RunModel)" time="0.016" />
  <testcase classname="ptolemy.util.test.junit.AutoTests" name="[161] /home/travis/build/icyphy/ptII/ptolemy/actor/lib/test/auto/Expression3.xml (RunModel)" time="0.016" />
  <testcase classname="ptolemy.util.test.junit.AutoTests" name="[162] /home/travis/build/icyphy/ptII/ptolemy/actor/lib/test/auto/Expression4.xml (RunModel)" time="0.02" />
  <testcase classname="ptolemy.util.test.junit.AutoTests" name="[163] /home/travis/build/icyphy/ptII/ptolemy/actor/lib/test/auto/Expression5.xml (RunModel)" time="0.015" />
  <testcase classname="ptolemy.util.test.junit.AutoTests" name="[164] /home/travis/build/icyphy/ptII/ptolemy/actor/lib/test/auto/Expression6.xml (RunModel)" time="0.01" />
  <testcase classname="ptolemy.util.test.junit.AutoTests" name="[165] /home/travis/build/icyphy/ptII/ptolemy/actor/lib/test/auto/Expression7.xml (RunModel)" time="0.012" />
  <testcase classname="ptolemy.util.test.junit.AutoTests" name="[166] /home/travis/build/icyphy/ptII/ptolemy/actor/lib/test/auto/Expression8.xml (RunModel)" time="0.017" />
  <testcase classname="ptolemy.util.test.junit.AutoTests" name="[167] /home/travis/build/icyphy/ptII/ptolemy/actor/lib/test/auto/Expression9.xml (RunModel)" time="0.009" />
  <testcase classname="ptolemy.util.test.junit.AutoTests" name="[168] /home/travis/build/icyphy/ptII/ptolemy/actor/lib/test/auto/ExpressionConcatenateArrayType.xml (RunModel)" time="0.027" />
  <testcase classname="ptolemy.util.test.junit.AutoTests" name="[169] /home/travis/build/icyphy/ptII/ptolemy/actor/lib/test/auto/ExpressionConcatenateArrayType2.xml (RunModel)" time="0.024" />
  <testcase classname="ptolemy.util.test.junit.AutoTests" name="[170] /home/travis/build/icyphy/ptII/ptolemy/actor/lib/test/auto/ExpressionFix.xml (RunModel)" time="0.047" />
  <testcase classname="ptolemy.util.test.junit.AutoTests" name="[171] /home/travis/build/icyphy/ptII/ptolemy/actor/lib/test/auto/ExpressionFix2.xml (RunModel)" time="0.023" />
  <testcase classname="ptolemy.util.test.junit.AutoTests" name="[172] /home/travis/build/icyphy/ptII/ptolemy/actor/lib/test/auto/ExpressionFix3.xml (RunModel)" time="0.01" />
  <testcase classname="ptolemy.util.test.junit.AutoTests" name="[173] /home/travis/build/icyphy/ptII/ptolemy/actor/lib/test/auto/FileWriter1.xml (RunModel)" time="0.01" />
  <testcase classname="ptolemy.util.test.junit.AutoTests" name="[174] /home/travis/build/icyphy/ptII/ptolemy/actor/lib/test/auto/FileWriter2.xml (RunModel)" time="0.012" />
  <testcase classname="ptolemy.util.test.junit.AutoTests" name="[175] /home/travis/build/icyphy/ptII/ptolemy/actor/lib/test/auto/FileWriter3.xml (RunModel)" time="0.013" />
  <testcase classname="ptolemy.util.test.junit.AutoTests" name="[176] /home/travis/build/icyphy/ptII/ptolemy/actor/lib/test/auto/Gaussian.xml (RunModel)" time="0.013" />
  <testcase classname="ptolemy.util.test.junit.AutoTests" name="[177] /home/travis/build/icyphy/ptII/ptolemy/actor/lib/test/auto/Gaussian1.xml (RunModel)" time="0.017" />
  <testcase classname="ptolemy.util.test.junit.AutoTests" name="[178] /home/travis/build/icyphy/ptII/ptolemy/actor/lib/test/auto/Gaussian2.xml (RunModel)" time="0.026" />
  <testcase classname="ptolemy.util.test.junit.AutoTests" name="[179] /home/travis/build/icyphy/ptII/ptolemy/actor/lib/test/auto/GradientAdaptiveLattice.xml (RunModel)" time="0.022" />
  <testcase classname="ptolemy.util.test.junit.AutoTests" name="[180] /home/travis/build/icyphy/ptII/ptolemy/actor/lib/test/auto/IIR.xml (RunModel)" time="0.012" />
  <testcase classname="ptolemy.util.test.junit.AutoTests" name="[181] /home/travis/build/icyphy/ptII/ptolemy/actor/lib/test/auto/InputOutputTransparentPorts.xml (RunModel)" time="0.023" />
  <testcase classname="ptolemy.util.test.junit.AutoTests" name="[182] /home/travis/build/icyphy/ptII/ptolemy/actor/lib/test/auto/Interpolator.xml (RunModel)" time="0.015" />
  <testcase classname="ptolemy.util.test.junit.AutoTests" name="[183] /home/travis/build/icyphy/ptII/ptolemy/actor/lib/test/auto/InterpolatorFiringLimitDE.xml (RunModel)" time="0.021" />
  <testcase classname="ptolemy.util.test.junit.AutoTests" name="[184] /home/travis/build/icyphy/ptII/ptolemy/actor/lib/test/auto/Lattice.xml (RunModel)" time="0.01" />
  <testcase classname="ptolemy.util.test.junit.AutoTests" name="[185] /home/travis/build/icyphy/ptII/ptolemy/actor/lib/test/auto/LazyAOCTestLazy.xml (RunModel)" time="0.033" />
  <testcase classname="ptolemy.util.test.junit.AutoTests" name="[186] /home/travis/build/icyphy/ptII/ptolemy/actor/lib/test/auto/LazyAOCTestNonLazy.xml (RunModel)" time="0.053" />
  <testcase classname="ptolemy.util.test.junit.AutoTests" name="[187] /home/travis/build/icyphy/ptII/ptolemy/actor/lib/test/auto/LazyInnerClass.xml (RunModel)" time="0.038" />
  <testcase classname="ptolemy.util.test.junit.AutoTests" name="[188] /home/travis/build/icyphy/ptII/ptolemy/actor/lib/test/auto/LazyPubSub.xml (RunModel)" time="0.066" />
  <testcase classname="ptolemy.util.test.junit.AutoTests" name="[189] /home/travis/build/icyphy/ptII/ptolemy/actor/lib/test/auto/LazyPubSub2.xml (RunModel)" time="0.066" />
  <testcase classname="ptolemy.util.test.junit.AutoTests" name="[190] /home/travis/build/icyphy/ptII/ptolemy/actor/lib/test/auto/LazyPubSub3.xml (RunModel)" time="0.024" />
  <testcase classname="ptolemy.util.test.junit.AutoTests" name="[191] /home/travis/build/icyphy/ptII/ptolemy/actor/lib/test/auto/LazySubClassModel.xml (RunModel)" time="0.02" />
  <testcase classname="ptolemy.util.test.junit.AutoTests" name="[192] /home/travis/build/icyphy/ptII/ptolemy/actor/lib/test/auto/LevelCrossTest1.xml (RunModel)" time="0.011" />
  <testcase classname="ptolemy.util.test.junit.AutoTests" name="[193] /home/travis/build/icyphy/ptII/ptolemy/actor/lib/test/auto/LevelCrossTest10.xml (RunModel)" time="0.014" />
  <testcase classname="ptolemy.util.test.junit.AutoTests" name="[194] /home/travis/build/icyphy/ptII/ptolemy/actor/lib/test/auto/LevelCrossTest11.xml (RunModel)" time="0.014" />
  <testcase classname="ptolemy.util.test.junit.AutoTests" name="[195] /home/travis/build/icyphy/ptII/ptolemy/actor/lib/test/auto/LevelCrossTest12.xml (RunModel)" time="0.02" />
  <testcase classname="ptolemy.util.test.junit.AutoTests" name="[196] /home/travis/build/icyphy/ptII/ptolemy/actor/lib/test/auto/LevelCrossTest13.xml (RunModel)" time="0.016" />
  <testcase classname="ptolemy.util.test.junit.AutoTests" name="[197] /home/travis/build/icyphy/ptII/ptolemy/actor/lib/test/auto/LevelCrossTest2.xml (RunModel)" time="0.018" />
  <testcase classname="ptolemy.util.test.junit.AutoTests" name="[198] /home/travis/build/icyphy/ptII/ptolemy/actor/lib/test/auto/LevelCrossTest3.xml (RunModel)" time="0.013" />
  <testcase classname="ptolemy.util.test.junit.AutoTests" name="[199] /home/travis/build/icyphy/ptII/ptolemy/actor/lib/test/auto/LevelCrossTest4.xml (RunModel)" time="0.014" />
  <testcase classname="ptolemy.util.test.junit.AutoTests" name="[200] /home/travis/build/icyphy/ptII/ptolemy/actor/lib/test/auto/LevelCrossTest5.xml (RunModel)" time="0.018" />
  <testcase classname="ptolemy.util.test.junit.AutoTests" name="[201] /home/travis/build/icyphy/ptII/ptolemy/actor/lib/test/auto/LevelCrossTest6.xml (RunModel)" time="0.021" />
  <testcase classname="ptolemy.util.test.junit.AutoTests" name="[202] /home/travis/build/icyphy/ptII/ptolemy/actor/lib/test/auto/LevelCrossTest7.xml (RunModel)" time="0.02" />
  <testcase classname="ptolemy.util.test.junit.AutoTests" name="[203] /home/travis/build/icyphy/ptII/ptolemy/actor/lib/test/auto/LevelCrossTest8.xml (RunModel)" time="0.018" />
  <testcase classname="ptolemy.util.test.junit.AutoTests" name="[204] /home/travis/build/icyphy/ptII/ptolemy/actor/lib/test/auto/LevelCrossTest9.xml (RunModel)" time="0.017" />
  <testcase classname="ptolemy.util.test.junit.AutoTests" name="[205] /home/travis/build/icyphy/ptII/ptolemy/actor/lib/test/auto/LevinsonDurbin.xml (RunModel)" time="0.022" />
  <testcase classname="ptolemy.util.test.junit.AutoTests" name="[206] /home/travis/build/icyphy/ptII/ptolemy/actor/lib/test/auto/LevinsonDurbin2.xml (RunModel)" time="0.013" />
  <testcase classname="ptolemy.util.test.junit.AutoTests" name="[207] /home/travis/build/icyphy/ptII/ptolemy/actor/lib/test/auto/LevinsonDurbin3.xml (RunModel)" time="0.011" />
  <testcase classname="ptolemy.util.test.junit.AutoTests" name="[208] /home/travis/build/icyphy/ptII/ptolemy/actor/lib/test/auto/Limiter.xml (RunModel)" time="0.047" />
  <testcase classname="ptolemy.util.test.junit.AutoTests" name="[209] /home/travis/build/icyphy/ptII/ptolemy/actor/lib/test/auto/LinearDifferenceEquationSystem.xml (RunModel)" time="0.034" />
  <testcase classname="ptolemy.util.test.junit.AutoTests" name="[210] /home/travis/build/icyphy/ptII/ptolemy/actor/lib/test/auto/LookupTable.xml (RunModel)" time="0.032" />
  <testcase classname="ptolemy.util.test.junit.AutoTests" name="[211] /home/travis/build/icyphy/ptII/ptolemy/actor/lib/test/auto/MathFunction.xml (RunModel)" time="0.024" />
  <testcase classname="ptolemy.util.test.junit.AutoTests" name="[212] /home/travis/build/icyphy/ptII/ptolemy/actor/lib/test/auto/MathFunction2.xml (RunModel)" time="0.018" />
  <testcase classname="ptolemy.util.test.junit.AutoTests" name="[213] /home/travis/build/icyphy/ptII/ptolemy/actor/lib/test/auto/MathFunction3.xml (RunModel)" time="0.023" />
  <testcase classname="ptolemy.util.test.junit.AutoTests" name="[214] /home/travis/build/icyphy/ptII/ptolemy/actor/lib/test/auto/MatrixCropBoolean.xml (RunModel)" time="0.015" />
  <testcase classname="ptolemy.util.test.junit.AutoTests" name="[215] /home/travis/build/icyphy/ptII/ptolemy/actor/lib/test/auto/MatrixCropComplex.xml (RunModel)" time="0.012" />
  <testcase classname="ptolemy.util.test.junit.AutoTests" name="[216] /home/travis/build/icyphy/ptII/ptolemy/actor/lib/test/auto/MatrixCropDouble.xml (RunModel)" time="0.014" />
  <testcase classname="ptolemy.util.test.junit.AutoTests" name="[217] /home/travis/build/icyphy/ptII/ptolemy/actor/lib/test/auto/MatrixCropFix.xml (RunModel)" time="0.019" />
  <testcase classname="ptolemy.util.test.junit.AutoTests" name="[218] /home/travis/build/icyphy/ptII/ptolemy/actor/lib/test/auto/MatrixCropInt.xml (RunModel)" time="0.013" />
  <testcase classname="ptolemy.util.test.junit.AutoTests" name="[219] /home/travis/build/icyphy/ptII/ptolemy/actor/lib/test/auto/MatrixCropLong.xml (RunModel)" time="0.01" />
  <testcase classname="ptolemy.util.test.junit.AutoTests" name="[220] /home/travis/build/icyphy/ptII/ptolemy/actor/lib/test/auto/MatrixToArray.xml (RunModel)" time="0.068" />
  <testcase classname="ptolemy.util.test.junit.AutoTests" name="[221] /home/travis/build/icyphy/ptII/ptolemy/actor/lib/test/auto/MaxIndex.xml (RunModel)" time="0.024" />
  <testcase classname="ptolemy.util.test.junit.AutoTests" name="[222] /home/travis/build/icyphy/ptII/ptolemy/actor/lib/test/auto/Maximum.xml (RunModel)" time="0.017" />
  <testcase classname="ptolemy.util.test.junit.AutoTests" name="[223] /home/travis/build/icyphy/ptII/ptolemy/actor/lib/test/auto/MaximumComplex.xml (RunModel)" time="0.02" />
  <testcase classname="ptolemy.util.test.junit.AutoTests" name="[224] /home/travis/build/icyphy/ptII/ptolemy/actor/lib/test/auto/MethodCallTest.xml (RunModel)" time="0.034" />
  <testcase classname="ptolemy.util.test.junit.AutoTests" name="[225] /home/travis/build/icyphy/ptII/ptolemy/actor/lib/test/auto/Minimum.xml (RunModel)" time="0.015" />
  <testcase classname="ptolemy.util.test.junit.AutoTests" name="[226] /home/travis/build/icyphy/ptII/ptolemy/actor/lib/test/auto/MinimumComplex.xml (RunModel)" time="0.016" />
  <testcase classname="ptolemy.util.test.junit.AutoTests" name="[227] /home/travis/build/icyphy/ptII/ptolemy/actor/lib/test/auto/MinimumMultiports.xml (RunModel)" time="0.023" />
  <testcase classname="ptolemy.util.test.junit.AutoTests" name="[228] /home/travis/build/icyphy/ptII/ptolemy/actor/lib/test/auto/ModifyDate.xml (RunModel)" time="0.056" />
  <testcase classname="ptolemy.util.test.junit.AutoTests" name="[229] /home/travis/build/icyphy/ptII/ptolemy/actor/lib/test/auto/ModifyDate2.xml (RunModel)" time="0.031" />
  <testcase classname="ptolemy.util.test.junit.AutoTests" name="[230] /home/travis/build/icyphy/ptII/ptolemy/actor/lib/test/auto/MovingAverage.xml (RunModel)" time="0.016" />
  <testcase classname="ptolemy.util.test.junit.AutoTests" name="[231] /home/travis/build/icyphy/ptII/ptolemy/actor/lib/test/auto/MovingMaximum.xml (RunModel)" time="0.014" />
  <testcase classname="ptolemy.util.test.junit.AutoTests" name="[232] /home/travis/build/icyphy/ptII/ptolemy/actor/lib/test/auto/MultipleLinksToSameRelation.xml (RunModel)" time="0.009" />
  <testcase classname="ptolemy.util.test.junit.AutoTests" name="[233] /home/travis/build/icyphy/ptII/ptolemy/actor/lib/test/auto/MultipleLinksToSameRelationDE.xml (RunModel)" time="0.018" />
  <testcase classname="ptolemy.util.test.junit.AutoTests" name="[234] /home/travis/build/icyphy/ptII/ptolemy/actor/lib/test/auto/Multiplexor.xml (RunModel)" time="0.015" />
  <testcase classname="ptolemy.util.test.junit.AutoTests" name="[235] /home/travis/build/icyphy/ptII/ptolemy/actor/lib/test/auto/Multiplexor1.xml (RunModel)" time="0.014" />
  <testcase classname="ptolemy.util.test.junit.AutoTests" name="[236] /home/travis/build/icyphy/ptII/ptolemy/actor/lib/test/auto/Multiplexor2.xml (RunModel)" time="0.019" />
  <testcase classname="ptolemy.util.test.junit.AutoTests" name="[237] /home/travis/build/icyphy/ptII/ptolemy/actor/lib/test/auto/Multiplexor3.xml (RunModel)" time="0.013" />
  <testcase classname="ptolemy.util.test.junit.AutoTests" name="[238] /home/travis/build/icyphy/ptII/ptolemy/actor/lib/test/auto/MultiplexorDE.xml (RunModel)" time="0.021" />
  <testcase classname="ptolemy.util.test.junit.AutoTests" name="[239] /home/travis/build/icyphy/ptII/ptolemy/actor/lib/test/auto/MultiportBroadcastTest.xml (RunModel)" time="0.129" />
  <testcase classname="ptolemy.util.test.junit.AutoTests" name="[240] /home/travis/build/icyphy/ptII/ptolemy/actor/lib/test/auto/MultiportOutHangDuringGetWidth.xml (RunModel)" time="0.039" />
  <testcase classname="ptolemy.util.test.junit.AutoTests" name="[241] /home/travis/build/icyphy/ptII/ptolemy/actor/lib/test/auto/NilToken.xml (RunModel)" time="0.009" />
  <testcase classname="ptolemy.util.test.junit.AutoTests" name="[242] /home/travis/build/icyphy/ptII/ptolemy/actor/lib/test/auto/NilTokenNonStrictTest.xml (RunModel)" time="0.011" />
  <testcase classname="ptolemy.util.test.junit.AutoTests" name="[243] /home/travis/build/icyphy/ptII/ptolemy/actor/lib/test/auto/NilTokenRecord.xml (RunModel)" time="0.028" />
  <testcase classname="ptolemy.util.test.junit.AutoTests" name="[244] /home/travis/build/icyphy/ptII/ptolemy/actor/lib/test/auto/NilTokenTypeTest.xml (RunModel)" time="0.04" />
  <testcase classname="ptolemy.util.test.junit.AutoTests" name="[245] /home/travis/build/icyphy/ptII/ptolemy/actor/lib/test/auto/ObjectToken1.xml (RunModel)" time="0.012" />
  <testcase classname="ptolemy.util.test.junit.AutoTests" name="[246] /home/travis/build/icyphy/ptII/ptolemy/actor/lib/test/auto/OrderedMerge.xml (RunModel)" time="0.02" />
  <testcase classname="ptolemy.util.test.junit.AutoTests" name="[247] /home/travis/build/icyphy/ptII/ptolemy/actor/lib/test/auto/OrderedRecordDisassembler.xml (RunModel)" time="0.023" />
  <testcase classname="ptolemy.util.test.junit.AutoTests" name="[248] /home/travis/build/icyphy/ptII/ptolemy/actor/lib/test/auto/OrderedRecordDisassembler2.xml (RunModel)" time="0.023" />
  <testcase classname="ptolemy.util.test.junit.AutoTests" name="[249] /home/travis/build/icyphy/ptII/ptolemy/actor/lib/test/auto/OrderedRecordUpdater.xml (RunModel)" time="0.019" />
  <testcase classname="ptolemy.util.test.junit.AutoTests" name="[250] /home/travis/build/icyphy/ptII/ptolemy/actor/lib/test/auto/OrderedRecordUpdater2.xml (RunModel)" time="0.018" />
  <testcase classname="ptolemy.util.test.junit.AutoTests" name="[251] /home/travis/build/icyphy/ptII/ptolemy/actor/lib/test/auto/PhaseUnwrap.xml (RunModel)" time="0.018" />
  <testcase classname="ptolemy.util.test.junit.AutoTests" name="[252] /home/travis/build/icyphy/ptII/ptolemy/actor/lib/test/auto/PoissonClock.xml (RunModel)" time="0.015" />
  <testcase classname="ptolemy.util.test.junit.AutoTests" name="[253] /home/travis/build/icyphy/ptII/ptolemy/actor/lib/test/auto/PoissonClock2.xml (RunModel)" time="0.01" />
  <testcase classname="ptolemy.util.test.junit.AutoTests" name="[254] /home/travis/build/icyphy/ptII/ptolemy/actor/lib/test/auto/PoissonClock3.xml (RunModel)" time="0.032" />
  <testcase classname="ptolemy.util.test.junit.AutoTests" name="[255] /home/travis/build/icyphy/ptII/ptolemy/actor/lib/test/auto/PubSubWithInitialTokens.xml (RunModel)" time="0.021" />
  <testcase classname="ptolemy.util.test.junit.AutoTests" name="[256] /home/travis/build/icyphy/ptII/ptolemy/actor/lib/test/auto/PubSubWithInitialTokens2.xml (RunModel)" time="0.016" />
  <testcase classname="ptolemy.util.test.junit.AutoTests" name="[257] /home/travis/build/icyphy/ptII/ptolemy/actor/lib/test/auto/PublisherClassNoParameter.xml (RunModel)" time="0.03" />
  <testcase classname="ptolemy.util.test.junit.AutoTests" name="[258] /home/travis/build/icyphy/ptII/ptolemy/actor/lib/test/auto/PublisherClassParameter.xml (RunModel)" time="0.025" />
  <testcase classname="ptolemy.util.test.junit.AutoTests" name="[259] /home/travis/build/icyphy/ptII/ptolemy/actor/lib/test/auto/PublisherNonStrictTest.xml (RunModel)" time="0.019" />
  <testcase classname="ptolemy.util.test.junit.AutoTests" name="[260] /home/travis/build/icyphy/ptII/ptolemy/actor/lib/test/auto/PublisherPort1.xml (RunModel)" time="0.025" />
  <testcase classname="ptolemy.util.test.junit.AutoTests" name="[261] /home/travis/build/icyphy/ptII/ptolemy/actor/lib/test/auto/PublisherPort2.xml (RunModel)" time="0.011" />
  <testcase classname="ptolemy.util.test.junit.AutoTests" name="[262] /home/travis/build/icyphy/ptII/ptolemy/actor/lib/test/auto/PublisherPort3.xml (RunModel)" time="0.016" />
  <testcase classname="ptolemy.util.test.junit.AutoTests" name="[263] /home/travis/build/icyphy/ptII/ptolemy/actor/lib/test/auto/PublisherPort4.xml (RunModel)" time="0.033" />
  <testcase classname="ptolemy.util.test.junit.AutoTests" name="[264] /home/travis/build/icyphy/ptII/ptolemy/actor/lib/test/auto/PublisherPort5.xml (RunModel)" time="0.019" />
  <testcase classname="ptolemy.util.test.junit.AutoTests" name="[265] /home/travis/build/icyphy/ptII/ptolemy/actor/lib/test/auto/PublisherPort5LookAlike.xml (RunModel)" time="0.023" />
  <testcase classname="ptolemy.util.test.junit.AutoTests" name="[266] /home/travis/build/icyphy/ptII/ptolemy/actor/lib/test/auto/PublisherPort6.xml (RunModel)" time="0.014" />
  <testcase classname="ptolemy.util.test.junit.AutoTests" name="[267] /home/travis/build/icyphy/ptII/ptolemy/actor/lib/test/auto/PublisherPort7.xml (RunModel)" time="0.018" />
  <testcase classname="ptolemy.util.test.junit.AutoTests" name="[268] /home/travis/build/icyphy/ptII/ptolemy/actor/lib/test/auto/PublisherPort8.xml (RunModel)" time="0.031" />
  <testcase classname="ptolemy.util.test.junit.AutoTests" name="[269] /home/travis/build/icyphy/ptII/ptolemy/actor/lib/test/auto/PublisherPortSubscriberChannelVariablesAOC2.xml (RunModel)" time="0.039" />
  <testcase classname="ptolemy.util.test.junit.AutoTests" name="[270] /home/travis/build/icyphy/ptII/ptolemy/actor/lib/test/auto/PublisherPortSubscriberOpaqueWidthInference.xml (RunModel)" time="0.015" />
  <testcase classname="ptolemy.util.test.junit.AutoTests" name="[271] /home/travis/build/icyphy/ptII/ptolemy/actor/lib/test/auto/PublisherPortSubscriberPortAdjacent.xml (RunModel)" time="0.019" />
  <testcase classname="ptolemy.util.test.junit.AutoTests" name="[272] /home/travis/build/icyphy/ptII/ptolemy/actor/lib/test/auto/PublisherPortSubscriberPortExpression.xml (RunModel)" time="0.016" />
  <testcase classname="ptolemy.util.test.junit.AutoTests" name="[273] /home/travis/build/icyphy/ptII/ptolemy/actor/lib/test/auto/PublisherPortSubscriberPortOpaqueD3Reverse.xml (RunModel)" time="0.021" />
  <testcase classname="ptolemy.util.test.junit.AutoTests" name="[274] /home/travis/build/icyphy/ptII/ptolemy/actor/lib/test/auto/PublisherPortSubscriberPortOpaqueWidthInference.xml (RunModel)" time="0.016" />
  <testcase classname="ptolemy.util.test.junit.AutoTests" name="[275] /home/travis/build/icyphy/ptII/ptolemy/actor/lib/test/auto/PublisherPortToplevelSubscriberPortAOC.xml (RunModel)" time="0.011" />
  <testcase classname="ptolemy.util.test.junit.AutoTests" name="[276] /home/travis/build/icyphy/ptII/ptolemy/actor/lib/test/auto/PublisherSubscriber.xml (RunModel)" time="0.022" />
  <testcase classname="ptolemy.util.test.junit.AutoTests" name="[277] /home/travis/build/icyphy/ptII/ptolemy/actor/lib/test/auto/PublisherSubscriber10.xml (RunModel)" time="0.022" />
  <testcase classname="ptolemy.util.test.junit.AutoTests" name="[278] /home/travis/build/icyphy/ptII/ptolemy/actor/lib/test/auto/PublisherSubscriber10InitialOutputs.xml (RunModel)" time="0.037" />
  <testcase classname="ptolemy.util.test.junit.AutoTests" name="[279] /home/travis/build/icyphy/ptII/ptolemy/actor/lib/test/auto/PublisherSubscriber11.xml (RunModel)" time="0.018" />
  <testcase classname="ptolemy.util.test.junit.AutoTests" name="[280] /home/travis/build/icyphy/ptII/ptolemy/actor/lib/test/auto/PublisherSubscriber12.xml (RunModel)" time="0.018" />
  <testcase classname="ptolemy.util.test.junit.AutoTests" name="[281] /home/travis/build/icyphy/ptII/ptolemy/actor/lib/test/auto/PublisherSubscriber13.xml (RunModel)" time="0.013" />
  <testcase classname="ptolemy.util.test.junit.AutoTests" name="[282] /home/travis/build/icyphy/ptII/ptolemy/actor/lib/test/auto/PublisherSubscriber14.xml (RunModel)" time="0.025" />
  <testcase classname="ptolemy.util.test.junit.AutoTests" name="[283] /home/travis/build/icyphy/ptII/ptolemy/actor/lib/test/auto/PublisherSubscriber2.xml (RunModel)" time="0.014" />
  <testcase classname="ptolemy.util.test.junit.AutoTests" name="[284] /home/travis/build/icyphy/ptII/ptolemy/actor/lib/test/auto/PublisherSubscriber3.xml (RunModel)" time="0.012" />
  <testcase classname="ptolemy.util.test.junit.AutoTests" name="[285] /home/travis/build/icyphy/ptII/ptolemy/actor/lib/test/auto/PublisherSubscriber4.xml (RunModel)" time="0.01" />
  <testcase classname="ptolemy.util.test.junit.AutoTests" name="[286] /home/travis/build/icyphy/ptII/ptolemy/actor/lib/test/auto/PublisherSubscriber5.xml (RunModel)" time="0.014" />
  <testcase classname="ptolemy.util.test.junit.AutoTests" name="[287] /home/travis/build/icyphy/ptII/ptolemy/actor/lib/test/auto/PublisherSubscriber6.xml (RunModel)" time="0.016" />
  <testcase classname="ptolemy.util.test.junit.AutoTests" name="[288] /home/travis/build/icyphy/ptII/ptolemy/actor/lib/test/auto/PublisherSubscriber7.xml (RunModel)" time="0.023" />
  <testcase classname="ptolemy.util.test.junit.AutoTests" name="[289] /home/travis/build/icyphy/ptII/ptolemy/actor/lib/test/auto/PublisherSubscriber8.xml (RunModel)" time="0.042" />
  <testcase classname="ptolemy.util.test.junit.AutoTests" name="[290] /home/travis/build/icyphy/ptII/ptolemy/actor/lib/test/auto/PublisherSubscriber9.xml (RunModel)" time="0.017" />
  <testcase classname="ptolemy.util.test.junit.AutoTests" name="[291] /home/travis/build/icyphy/ptII/ptolemy/actor/lib/test/auto/PublisherSubscriberAdjacent.xml (RunModel)" time="0.018" />
  <testcase classname="ptolemy.util.test.junit.AutoTests" name="[292] /home/travis/build/icyphy/ptII/ptolemy/actor/lib/test/auto/PublisherSubscriberChannelVariablesAOC2.xml (RunModel)" time="0.03" />
  <testcase classname="ptolemy.util.test.junit.AutoTests" name="[293] /home/travis/build/icyphy/ptII/ptolemy/actor/lib/test/auto/PublisherSubscriberD3.xml (RunModel)" time="0.015" />
  <testcase classname="ptolemy.util.test.junit.AutoTests" name="[294] /home/travis/build/icyphy/ptII/ptolemy/actor/lib/test/auto/PublisherSubscriberD3Reverse.xml (RunModel)" time="0.023" />
  <testcase classname="ptolemy.util.test.junit.AutoTests" name="[295] /home/travis/build/icyphy/ptII/ptolemy/actor/lib/test/auto/PublisherSubscriberExpression.xml (RunModel)" time="0.022" />
  <testcase classname="ptolemy.util.test.junit.AutoTests" name="[296] /home/travis/build/icyphy/ptII/ptolemy/actor/lib/test/auto/PublisherSubscriberOpaque.xml (RunModel)" time="0.018" />
  <testcase classname="ptolemy.util.test.junit.AutoTests" name="[297] /home/travis/build/icyphy/ptII/ptolemy/actor/lib/test/auto/PublisherSubscriberOpaqueD3.xml (RunModel)" time="0.028" />
  <testcase classname="ptolemy.util.test.junit.AutoTests" name="[298] /home/travis/build/icyphy/ptII/ptolemy/actor/lib/test/auto/PublisherSubscriberOpaqueD3Reverse.xml (RunModel)" time="0.026" />
  <testcase classname="ptolemy.util.test.junit.AutoTests" name="[299] /home/travis/build/icyphy/ptII/ptolemy/actor/lib/test/auto/PublisherSubscriberOpaqueWidthInference.xml (RunModel)" time="0.038" />
  <testcase classname="ptolemy.util.test.junit.AutoTests" name="[300] /home/travis/build/icyphy/ptII/ptolemy/actor/lib/test/auto/PublisherTestSubscriber.xml (RunModel)" time="0.017" />
  <testcase classname="ptolemy.util.test.junit.AutoTests" name="[301] /home/travis/build/icyphy/ptII/ptolemy/actor/lib/test/auto/PublisherToplevelSubscriberPortAOC.xml (RunModel)" time="0.013" />
  <testcase classname="ptolemy.util.test.junit.AutoTests" name="[302] /home/travis/build/icyphy/ptII/ptolemy/actor/lib/test/auto/PulseFiringLimitDE.xml (RunModel)" time="0.015" />
  <testcase classname="ptolemy.util.test.junit.AutoTests" name="[303] /home/travis/build/icyphy/ptII/ptolemy/actor/lib/test/auto/Ramp1.xml (RunModel)" time="0.007" />
  <testcase classname="ptolemy.util.test.junit.AutoTests" name="[304] /home/travis/build/icyphy/ptII/ptolemy/actor/lib/test/auto/RampFiringLimitDE.xml (RunModel)" time="0.013" />
  <testcase classname="ptolemy.util.test.junit.AutoTests" name="[305] /home/travis/build/icyphy/ptII/ptolemy/actor/lib/test/auto/RampFiringLimitSDF.xml (RunModel)" time="0.009" />
  <testcase classname="ptolemy.util.test.junit.AutoTests" name="[306] /home/travis/build/icyphy/ptII/ptolemy/actor/lib/test/auto/RandomInteger.xml (RunModel)" time="0.008" />
  <testcase classname="ptolemy.util.test.junit.AutoTests" name="[307] /home/travis/build/icyphy/ptII/ptolemy/actor/lib/test/auto/ReadFile1.xml (RunModel)" time="0.008" />
  <testcase classname="ptolemy.util.test.junit.AutoTests" name="[308] /home/travis/build/icyphy/ptII/ptolemy/actor/lib/test/auto/ReadFile2.xml (RunModel)" time="0.007" />
  <testcase classname="ptolemy.util.test.junit.AutoTests" name="[309] /home/travis/build/icyphy/ptII/ptolemy/actor/lib/test/auto/Reader.xml (RunModel)" time="0.015" />
  <testcase classname="ptolemy.util.test.junit.AutoTests" name="[310] /home/travis/build/icyphy/ptII/ptolemy/actor/lib/test/auto/RecordAssemblerDisplayNameTest.xml (RunModel)" time="3.538" />
  <testcase classname="ptolemy.util.test.junit.AutoTests" name="[311] /home/travis/build/icyphy/ptII/ptolemy/actor/lib/test/auto/RecordAssemblerTypeError.xml (RunModel)" time="0.048" />
  <testcase classname="ptolemy.util.test.junit.AutoTests" name="[312] /home/travis/build/icyphy/ptII/ptolemy/actor/lib/test/auto/RecordDisassember.xml (RunModel)" time="0.012" />
  <testcase classname="ptolemy.util.test.junit.AutoTests" name="[313] /home/travis/build/icyphy/ptII/ptolemy/actor/lib/test/auto/RecordDisassemberDisplayNameTest.xml (RunModel)" time="0.02" />
  <testcase classname="ptolemy.util.test.junit.AutoTests" name="[314] /home/travis/build/icyphy/ptII/ptolemy/actor/lib/test/auto/RecordDisassembler.xml (RunModel)" time="0.01" />
  <testcase classname="ptolemy.util.test.junit.AutoTests" name="[315] /home/travis/build/icyphy/ptII/ptolemy/actor/lib/test/auto/RecordDisassembler2.xml (RunModel)" time="0.013" />
  <testcase classname="ptolemy.util.test.junit.AutoTests" name="[316] /home/travis/build/icyphy/ptII/ptolemy/actor/lib/test/auto/RecordUpdater.xml (RunModel)" time="0.012" />
  <testcase classname="ptolemy.util.test.junit.AutoTests" name="[317] /home/travis/build/icyphy/ptII/ptolemy/actor/lib/test/auto/RecordUpdater2.xml (RunModel)" time="0.011" />
  <testcase classname="ptolemy.util.test.junit.AutoTests" name="[318] /home/travis/build/icyphy/ptII/ptolemy/actor/lib/test/auto/RecursiveLattice.xml (RunModel)" time="0.01" />
  <testcase classname="ptolemy.util.test.junit.AutoTests" name="[319] /home/travis/build/icyphy/ptII/ptolemy/actor/lib/test/auto/Router.xml (RunModel)" time="3.028" />
  <testcase classname="ptolemy.util.test.junit.AutoTests" name="[320] /home/travis/build/icyphy/ptII/ptolemy/actor/lib/test/auto/Router2.xml (RunModel)" time="3.033" />
  <testcase classname="ptolemy.util.test.junit.AutoTests" name="[321] /home/travis/build/icyphy/ptII/ptolemy/actor/lib/test/auto/RunningMaximum.xml (RunModel)" time="0.014" />
  <testcase classname="ptolemy.util.test.junit.AutoTests" name="[322] /home/travis/build/icyphy/ptII/ptolemy/actor/lib/test/auto/RunningMinimum.xml (RunModel)" time="0.031" />
  <testcase classname="ptolemy.util.test.junit.AutoTests" name="[323] /home/travis/build/icyphy/ptII/ptolemy/actor/lib/test/auto/Scale.xml (RunModel)" time="0.015" />
  <testcase classname="ptolemy.util.test.junit.AutoTests" name="[324] /home/travis/build/icyphy/ptII/ptolemy/actor/lib/test/auto/Scale2.xml (RunModel)" time="0.018" />
  <testcase classname="ptolemy.util.test.junit.AutoTests" name="[325] /home/travis/build/icyphy/ptII/ptolemy/actor/lib/test/auto/Scale3.xml (RunModel)" time="0.021" />
  <testcase classname="ptolemy.util.test.junit.AutoTests" name="[326] /home/travis/build/icyphy/ptII/ptolemy/actor/lib/test/auto/ScaleArray.xml (RunModel)" time="0.009" />
  <testcase classname="ptolemy.util.test.junit.AutoTests" name="[327] /home/travis/build/icyphy/ptII/ptolemy/actor/lib/test/auto/ScaleArray2.xml (RunModel)" time="0.015" />
  <testcase classname="ptolemy.util.test.junit.AutoTests" name="[328] /home/travis/build/icyphy/ptII/ptolemy/actor/lib/test/auto/ScaleMatrix.xml (RunModel)" time="0.155" />
  <testcase classname="ptolemy.util.test.junit.AutoTests" name="[329] /home/travis/build/icyphy/ptII/ptolemy/actor/lib/test/auto/Select.xml (RunModel)" time="0.017" />
  <testcase classname="ptolemy.util.test.junit.AutoTests" name="[330] /home/travis/build/icyphy/ptII/ptolemy/actor/lib/test/auto/Select2.xml (RunModel)" time="0.011" />
  <testcase classname="ptolemy.util.test.junit.AutoTests" name="[331] /home/travis/build/icyphy/ptII/ptolemy/actor/lib/test/auto/SequenceToArray2.xml (RunModel)" time="0.162" />
  <testcase classname="ptolemy.util.test.junit.AutoTests" name="[332] /home/travis/build/icyphy/ptII/ptolemy/actor/lib/test/auto/SequentialClock.xml (RunModel)" time="0.014" />
  <testcase classname="ptolemy.util.test.junit.AutoTests" name="[333] /home/travis/build/icyphy/ptII/ptolemy/actor/lib/test/auto/SetVariable.xml (RunModel)" time="0.012" />
  <testcase classname="ptolemy.util.test.junit.AutoTests" name="[334] /home/travis/build/icyphy/ptII/ptolemy/actor/lib/test/auto/SetVariable2.xml (RunModel)" time="0.019" />
  <testcase classname="ptolemy.util.test.junit.AutoTests" name="[335] /home/travis/build/icyphy/ptII/ptolemy/actor/lib/test/auto/SetVariable3.xml (RunModel)" time="0.021" />
  <testcase classname="ptolemy.util.test.junit.AutoTests" name="[336] /home/travis/build/icyphy/ptII/ptolemy/actor/lib/test/auto/SetVariable4.xml (RunModel)" time="0.029" />
  <testcase classname="ptolemy.util.test.junit.AutoTests" name="[337] /home/travis/build/icyphy/ptII/ptolemy/actor/lib/test/auto/SetVariable5.xml (RunModel)" time="0.043" />
  <testcase classname="ptolemy.util.test.junit.AutoTests" name="[338] /home/travis/build/icyphy/ptII/ptolemy/actor/lib/test/auto/Sinewave.xml (RunModel)" time="0.029" />
  <testcase classname="ptolemy.util.test.junit.AutoTests" name="[339] /home/travis/build/icyphy/ptII/ptolemy/actor/lib/test/auto/Sinewave2.xml (RunModel)" time="0.024" />
  <testcase classname="ptolemy.util.test.junit.AutoTests" name="[340] /home/travis/build/icyphy/ptII/ptolemy/actor/lib/test/auto/Sinewave3.xml (RunModel)" time="0.031" />
  <testcase classname="ptolemy.util.test.junit.AutoTests" name="[341] /home/travis/build/icyphy/ptII/ptolemy/actor/lib/test/auto/SingleEvent.xml (RunModel)" time="0.01" />
  <testcase classname="ptolemy.util.test.junit.AutoTests" name="[342] /home/travis/build/icyphy/ptII/ptolemy/actor/lib/test/auto/Sleep.xml (RunModel)" time="6.021" />
  <testcase classname="ptolemy.util.test.junit.AutoTests" name="[343] /home/travis/build/icyphy/ptII/ptolemy/actor/lib/test/auto/SleepMultipleFire.xml (RunModel)" time="1.021" />
  <testcase classname="ptolemy.util.test.junit.AutoTests" name="[344] /home/travis/build/icyphy/ptII/ptolemy/actor/lib/test/auto/StopDE.xml (RunModel)" time="0.018" />
  <testcase classname="ptolemy.util.test.junit.AutoTests" name="[345] /home/travis/build/icyphy/ptII/ptolemy/actor/lib/test/auto/StopSDF.xml (RunModel)" time="0.021" />
  <testcase classname="ptolemy.util.test.junit.AutoTests" name="[346] /home/travis/build/icyphy/ptII/ptolemy/actor/lib/test/auto/StringConstant.xml (RunModel)" time="0.026" />
  <testcase classname="ptolemy.util.test.junit.AutoTests" name="[347] /home/travis/build/icyphy/ptII/ptolemy/actor/lib/test/auto/SubscriberPortInitialValues1.xml (RunModel)" time="0.034" />
  <testcase classname="ptolemy.util.test.junit.AutoTests" name="[348] /home/travis/build/icyphy/ptII/ptolemy/actor/lib/test/auto/SubscriberPortInitialValues13.xml (RunModel)" time="0.054" />
  <testcase classname="ptolemy.util.test.junit.AutoTests" name="[349] /home/travis/build/icyphy/ptII/ptolemy/actor/lib/test/auto/SubscriberPortInitialValues14.xml (RunModel)" time="0.018" />
  <testcase classname="ptolemy.util.test.junit.AutoTests" name="[350] /home/travis/build/icyphy/ptII/ptolemy/actor/lib/test/auto/SubscriberPortInitialValues2.xml (RunModel)" time="0.033" />
  <testcase classname="ptolemy.util.test.junit.AutoTests" name="[351] /home/travis/build/icyphy/ptII/ptolemy/actor/lib/test/auto/SubscriberPortInitialValues3.xml (RunModel)" time="0.037" />
  <testcase classname="ptolemy.util.test.junit.AutoTests" name="[352] /home/travis/build/icyphy/ptII/ptolemy/actor/lib/test/auto/SubscriptionAggregator.xml (RunModel)" time="0.02" />
  <testcase classname="ptolemy.util.test.junit.AutoTests" name="[353] /home/travis/build/icyphy/ptII/ptolemy/actor/lib/test/auto/SubscriptionAggregator2.xml (RunModel)" time="0.022" />
  <testcase classname="ptolemy.util.test.junit.AutoTests" name="[354] /home/travis/build/icyphy/ptII/ptolemy/actor/lib/test/auto/SubscriptionAggregator3.xml (RunModel)" time="0.029" />
  <testcase classname="ptolemy.util.test.junit.AutoTests" name="[355] /home/travis/build/icyphy/ptII/ptolemy/actor/lib/test/auto/SubscriptionAggregatorMultiply.xml (RunModel)" time="0.043" />
  <testcase classname="ptolemy.util.test.junit.AutoTests" name="[356] /home/travis/build/icyphy/ptII/ptolemy/actor/lib/test/auto/SubscriptionAggregatorPortMultiply1.xml (RunModel)" time="0.051" />
  <testcase classname="ptolemy.util.test.junit.AutoTests" name="[357] /home/travis/build/icyphy/ptII/ptolemy/actor/lib/test/auto/Switch.xml (RunModel)" time="0.041" />
  <testcase classname="ptolemy.util.test.junit.AutoTests" name="[358] /home/travis/build/icyphy/ptII/ptolemy/actor/lib/test/auto/Switch2.xml (RunModel)" time="0.019" />
  <testcase classname="ptolemy.util.test.junit.AutoTests" name="[359] /home/travis/build/icyphy/ptII/ptolemy/actor/lib/test/auto/SwitchDE.xml (RunModel)" time="0.027" />
  <testcase classname="ptolemy.util.test.junit.AutoTests" name="[360] /home/travis/build/icyphy/ptII/ptolemy/actor/lib/test/auto/SynchronizerDE.xml (RunModel)" time="0.037" />
  <testcase classname="ptolemy.util.test.junit.AutoTests" name="[361] /home/travis/build/icyphy/ptII/ptolemy/actor/lib/test/auto/Test.xml (RunModel)" time="0.043" />
  <testcase classname="ptolemy.util.test.junit.AutoTests" name="[362] /home/travis/build/icyphy/ptII/ptolemy/actor/lib/test/auto/TestExceptionAttribute1.xml (RunModel)" time="0.013" />
  <testcase classname="ptolemy.util.test.junit.AutoTests" name="[363] /home/travis/build/icyphy/ptII/ptolemy/actor/lib/test/auto/TestExceptionAttribute2.xml (RunModel)" time="0.026" />
  <testcase classname="ptolemy.util.test.junit.AutoTests" name="[364] /home/travis/build/icyphy/ptII/ptolemy/actor/lib/test/auto/TestExceptionAttribute3.xml (RunModel)" time="0.022" />
  <testcase classname="ptolemy.util.test.junit.AutoTests" name="[365] /home/travis/build/icyphy/ptII/ptolemy/actor/lib/test/auto/TestExceptionAttribute4.xml (RunModel)" time="0.032" />
  <testcase classname="ptolemy.util.test.junit.AutoTests" name="[366] /home/travis/build/icyphy/ptII/ptolemy/actor/lib/test/auto/TestExceptionHandler1.xml (RunModel)" time="0.027" />
  <testcase classname="ptolemy.util.test.junit.AutoTests" name="[367] /home/travis/build/icyphy/ptII/ptolemy/actor/lib/test/auto/TestExceptionHandler2.xml (RunModel)" time="0.023" />
  <testcase classname="ptolemy.util.test.junit.AutoTests" name="[368] /home/travis/build/icyphy/ptII/ptolemy/actor/lib/test/auto/TestExceptionHandler3.xml (RunModel)" time="0.018" />
  <testcase classname="ptolemy.util.test.junit.AutoTests" name="[369] /home/travis/build/icyphy/ptII/ptolemy/actor/lib/test/auto/TestExceptionHandler4.xml (RunModel)" time="0.021" />
  <testcase classname="ptolemy.util.test.junit.AutoTests" name="[370] /home/travis/build/icyphy/ptII/ptolemy/actor/lib/test/auto/TestRequireCorrectOrder.xml (RunModel)" time="0.02" />
  <testcase classname="ptolemy.util.test.junit.AutoTests" name="[371] /home/travis/build/icyphy/ptII/ptolemy/actor/lib/test/auto/TestSimple.xml (RunModel)" time="0.012" />
  <testcase classname="ptolemy.util.test.junit.AutoTests" name="[372] /home/travis/build/icyphy/ptII/ptolemy/actor/lib/test/auto/ThrowModelError.xml (RunModel)" time="0.031" />
  <testcase classname="ptolemy.util.test.junit.AutoTests" name="[373] /home/travis/build/icyphy/ptII/ptolemy/actor/lib/test/auto/TimeDelayMicrosteps.xml (RunModel)" time="0.033" />
  <testcase classname="ptolemy.util.test.junit.AutoTests" name="[374] /home/travis/build/icyphy/ptII/ptolemy/actor/lib/test/auto/TimeDelayMicrosteps2.xml (RunModel)" time="0.026" />
  <testcase classname="ptolemy.util.test.junit.AutoTests" name="[375] /home/travis/build/icyphy/ptII/ptolemy/actor/lib/test/auto/TimeDelayMicrosteps3.xml (RunModel)" time="0.028" />
  <testcase classname="ptolemy.util.test.junit.AutoTests" name="[376] /home/travis/build/icyphy/ptII/ptolemy/actor/lib/test/auto/TimeDelayVariableMicrosteps.xml (RunModel)" time="0.034" />
  <testcase classname="ptolemy.util.test.junit.AutoTests" name="[377] /home/travis/build/icyphy/ptII/ptolemy/actor/lib/test/auto/TimeGap.xml (RunModel)" time="0.031" />
  <testcase classname="ptolemy.util.test.junit.AutoTests" name="[378] /home/travis/build/icyphy/ptII/ptolemy/actor/lib/test/auto/TimeGap2.xml (RunModel)" time="0.015" />
  <testcase classname="ptolemy.util.test.junit.AutoTests" name="[379] /home/travis/build/icyphy/ptII/ptolemy/actor/lib/test/auto/TimedSinewave.xml (RunModel)" time="0.07" />
  <testcase classname="ptolemy.util.test.junit.AutoTests" name="[380] /home/travis/build/icyphy/ptII/ptolemy/actor/lib/test/auto/TimedSinewavePhase.xml (RunModel)" time="0.039" />
  <testcase classname="ptolemy.util.test.junit.AutoTests" name="[381] /home/travis/build/icyphy/ptII/ptolemy/actor/lib/test/auto/Timer.xml (RunModel)" time="0.033" />
  <testcase classname="ptolemy.util.test.junit.AutoTests" name="[382] /home/travis/build/icyphy/ptII/ptolemy/actor/lib/test/auto/TriangularDistTestModel.xml (RunModel)" time="0.029" />
  <testcase classname="ptolemy.util.test.junit.AutoTests" name="[383] /home/travis/build/icyphy/ptII/ptolemy/actor/lib/test/auto/TrigFunction.xml (RunModel)" time="0.016" />
  <testcase classname="ptolemy.util.test.junit.AutoTests" name="[384] /home/travis/build/icyphy/ptII/ptolemy/actor/lib/test/auto/TrigFunctionDE.xml (RunModel)" time="0.018" />
  <testcase classname="ptolemy.util.test.junit.AutoTests" name="[385] /home/travis/build/icyphy/ptII/ptolemy/actor/lib/test/auto/TrigFunctionInverse.xml (RunModel)" time="0.017" />
  <testcase classname="ptolemy.util.test.junit.AutoTests" name="[386] /home/travis/build/icyphy/ptII/ptolemy/actor/lib/test/auto/TrigFunctionTan.xml (RunModel)" time="0.013" />
  <testcase classname="ptolemy.util.test.junit.AutoTests" name="[387] /home/travis/build/icyphy/ptII/ptolemy/actor/lib/test/auto/TriggeredClock.xml (RunModel)" time="0.016" />
  <testcase classname="ptolemy.util.test.junit.AutoTests" name="[388] /home/travis/build/icyphy/ptII/ptolemy/actor/lib/test/auto/URLDirectoryReader.xml (RunModel)" time="0.175" />
  <testcase classname="ptolemy.util.test.junit.AutoTests" name="[389] /home/travis/build/icyphy/ptII/ptolemy/actor/lib/test/auto/URLDirectoryReader3.xml (RunModel)" time="1.531" />
  <testcase classname="ptolemy.util.test.junit.AutoTests" name="[390] /home/travis/build/icyphy/ptII/ptolemy/actor/lib/test/auto/UnaryMathFunction.xml (RunModel)" time="0.041" />
  <testcase classname="ptolemy.util.test.junit.AutoTests" name="[391] /home/travis/build/icyphy/ptII/ptolemy/actor/lib/test/auto/Uniform.xml (RunModel)" time="0.025" />
  <testcase classname="ptolemy.util.test.junit.AutoTests" name="[392] /home/travis/build/icyphy/ptII/ptolemy/actor/lib/test/auto/UnionDisassemblerTest.xml (RunModel)" time="0.034" />
  <testcase classname="ptolemy.util.test.junit.AutoTests" name="[393] /home/travis/build/icyphy/ptII/ptolemy/actor/lib/test/auto/UtilityFunctions.xml (RunModel)" time="0.022" />
  <testcase classname="ptolemy.util.test.junit.AutoTests" name="[394] /home/travis/build/icyphy/ptII/ptolemy/actor/lib/test/auto/VariableSleep.xml (RunModel)" time="0.522" />
  <testcase classname="ptolemy.util.test.junit.AutoTests" name="[395] /home/travis/build/icyphy/ptII/ptolemy/actor/lib/test/auto/VectorAssemblerDisassemblerCT.xml (RunModel)" time="0.137" />
  <testcase classname="ptolemy.util.test.junit.AutoTests" name="[396] /home/travis/build/icyphy/ptII/ptolemy/actor/lib/test/auto/VectorAssemblerDisassemblerDE.xml (RunModel)" time="0.028" />
  <testcase classname="ptolemy.util.test.junit.AutoTests" name="[397] /home/travis/build/icyphy/ptII/ptolemy/actor/lib/test/auto/VectorAssemblerDisassemblerSDF.xml (RunModel)" time="0.014" />
  <testcase classname="ptolemy.util.test.junit.AutoTests" name="[398] /home/travis/build/icyphy/ptII/ptolemy/actor/lib/test/auto/WallClockTime.xml (RunModel)" time="1.015" />
  <testcase classname="ptolemy.util.test.junit.AutoTests" name="[399] /home/travis/build/icyphy/ptII/ptolemy/actor/lib/test/auto/WidthTestWithSubscriberPublisher.xml (RunModel)" time="0.077" />
  <testcase classname="ptolemy.util.test.junit.AutoTests" name="[400] /home/travis/build/icyphy/ptII/ptolemy/actor/lib/test/auto/WidthTestWithSubscriberPublisher2.xml (RunModel)" time="0.051" />
  <testcase classname="ptolemy.util.test.junit.AutoTests" name="[401] /home/travis/build/icyphy/ptII/ptolemy/actor/lib/test/auto/WidthTestWithSubscriberPublisher3.xml (RunModel)" time="0.025" />
  <testcase classname="ptolemy.util.test.junit.AutoTests" name="[402] /home/travis/build/icyphy/ptII/ptolemy/actor/lib/test/auto/Writer.xml (RunModel)" time="0.021" />
  <testcase classname="ptolemy.util.test.junit.AutoTests" name="[403] /home/travis/build/icyphy/ptII/ptolemy/actor/lib/test/auto/array.xml (RunModel)" time="0.014" />
  <testcase classname="ptolemy.util.test.junit.AutoTests" name="[404] /home/travis/build/icyphy/ptII/ptolemy/actor/lib/test/auto/array2.xml (RunModel)" time="0.042" />
  <testcase classname="ptolemy.util.test.junit.AutoTests" name="[405] /home/travis/build/icyphy/ptII/ptolemy/actor/lib/test/auto/arrayType.xml (RunModel)" time="0.01" />
  <testcase classname="ptolemy.util.test.junit.AutoTests" name="[406] /home/travis/build/icyphy/ptII/ptolemy/actor/lib/test/auto/arrayType10.xml (RunModel)" time="0.013" />
  <testcase classname="ptolemy.util.test.junit.AutoTests" name="[407] /home/travis/build/icyphy/ptII/ptolemy/actor/lib/test/auto/arrayType11.xml (RunModel)" time="0.012" />
  <testcase classname="ptolemy.util.test.junit.AutoTests" name="[408] /home/travis/build/icyphy/ptII/ptolemy/actor/lib/test/auto/arrayType12.xml (RunModel)" time="0.012" />
  <testcase classname="ptolemy.util.test.junit.AutoTests" name="[409] /home/travis/build/icyphy/ptII/ptolemy/actor/lib/test/auto/arrayType13.xml (RunModel)" time="0.015" />
  <testcase classname="ptolemy.util.test.junit.AutoTests" name="[410] /home/travis/build/icyphy/ptII/ptolemy/actor/lib/test/auto/arrayType14.xml (RunModel)" time="0.016" />
  <testcase classname="ptolemy.util.test.junit.AutoTests" name="[411] /home/travis/build/icyphy/ptII/ptolemy/actor/lib/test/auto/arrayType15.xml (RunModel)" time="0.019" />
  <testcase classname="ptolemy.util.test.junit.AutoTests" name="[412] /home/travis/build/icyphy/ptII/ptolemy/actor/lib/test/auto/arrayType16.xml (RunModel)" time="0.023" />
  <testcase classname="ptolemy.util.test.junit.AutoTests" name="[413] /home/travis/build/icyphy/ptII/ptolemy/actor/lib/test/auto/arrayType17.xml (RunModel)" time="0.019" />
  <testcase classname="ptolemy.util.test.junit.AutoTests" name="[414] /home/travis/build/icyphy/ptII/ptolemy/actor/lib/test/auto/arrayType18.xml (RunModel)" time="0.023" />
  <testcase classname="ptolemy.util.test.junit.AutoTests" name="[415] /home/travis/build/icyphy/ptII/ptolemy/actor/lib/test/auto/arrayType19.xml (RunModel)" time="0.018" />
  <testcase classname="ptolemy.util.test.junit.AutoTests" name="[416] /home/travis/build/icyphy/ptII/ptolemy/actor/lib/test/auto/arrayType2.xml (RunModel)" time="0.018" />
  <testcase classname="ptolemy.util.test.junit.AutoTests" name="[417] /home/travis/build/icyphy/ptII/ptolemy/actor/lib/test/auto/arrayType20.xml (RunModel)" time="0.018" />
  <testcase classname="ptolemy.util.test.junit.AutoTests" name="[418] /home/travis/build/icyphy/ptII/ptolemy/actor/lib/test/auto/arrayType21.xml (RunModel)" time="0.027" />
  <testcase classname="ptolemy.util.test.junit.AutoTests" name="[419] /home/travis/build/icyphy/ptII/ptolemy/actor/lib/test/auto/arrayType22.xml (RunModel)" time="0.015" />
  <testcase classname="ptolemy.util.test.junit.AutoTests" name="[420] /home/travis/build/icyphy/ptII/ptolemy/actor/lib/test/auto/arrayType23.xml (RunModel)" time="0.016" />
  <testcase classname="ptolemy.util.test.junit.AutoTests" name="[421] /home/travis/build/icyphy/ptII/ptolemy/actor/lib/test/auto/arrayType24.xml (RunModel)" time="0.016" />
  <testcase classname="ptolemy.util.test.junit.AutoTests" name="[422] /home/travis/build/icyphy/ptII/ptolemy/actor/lib/test/auto/arrayType25.xml (RunModel)" time="0.016" />
  <testcase classname="ptolemy.util.test.junit.AutoTests" name="[423] /home/travis/build/icyphy/ptII/ptolemy/actor/lib/test/auto/arrayType26.xml (RunModel)" time="0.016" />
  <testcase classname="ptolemy.util.test.junit.AutoTests" name="[424] /home/travis/build/icyphy/ptII/ptolemy/actor/lib/test/auto/arrayType27.xml (RunModel)" time="0.016" />
  <testcase classname="ptolemy.util.test.junit.AutoTests" name="[425] /home/travis/build/icyphy/ptII/ptolemy/actor/lib/test/auto/arrayType28.xml (RunModel)" time="0.02" />
  <testcase classname="ptolemy.util.test.junit.AutoTests" name="[426] /home/travis/build/icyphy/ptII/ptolemy/actor/lib/test/auto/arrayType3.xml (RunModel)" time="0.015" />
  <testcase classname="ptolemy.util.test.junit.AutoTests" name="[427] /home/travis/build/icyphy/ptII/ptolemy/actor/lib/test/auto/arrayType4.xml (RunModel)" time="0.014" />
  <testcase classname="ptolemy.util.test.junit.AutoTests" name="[428] /home/travis/build/icyphy/ptII/ptolemy/actor/lib/test/auto/arrayType5.xml (RunModel)" time="0.015" />
  <testcase classname="ptolemy.util.test.junit.AutoTests" name="[429] /home/travis/build/icyphy/ptII/ptolemy/actor/lib/test/auto/arrayType6.xml (RunModel)" time="0.015" />
  <testcase classname="ptolemy.util.test.junit.AutoTests" name="[430] /home/travis/build/icyphy/ptII/ptolemy/actor/lib/test/auto/arrayType7.xml (RunModel)" time="0.023" />
  <testcase classname="ptolemy.util.test.junit.AutoTests" name="[431] /home/travis/build/icyphy/ptII/ptolemy/actor/lib/test/auto/arrayType8.xml (RunModel)" time="0.032" />
  <testcase classname="ptolemy.util.test.junit.AutoTests" name="[432] /home/travis/build/icyphy/ptII/ptolemy/actor/lib/test/auto/arrayType9.xml (RunModel)" time="0.032" />
  <testcase classname="ptolemy.util.test.junit.AutoTests" name="[433] /home/travis/build/icyphy/ptII/ptolemy/actor/lib/test/auto/cast.xml (RunModel)" time="0.033" />
  <testcase classname="ptolemy.util.test.junit.AutoTests" name="[434] /home/travis/build/icyphy/ptII/ptolemy/actor/lib/test/auto/compositeMultiPort.xml (RunModel)" time="0.062" />
  <testcase classname="ptolemy.util.test.junit.AutoTests" name="[435] /home/travis/build/icyphy/ptII/ptolemy/actor/lib/test/auto/expressionCastInference.xml (RunModel)" time="0.02" />
  <testcase classname="ptolemy.util.test.junit.AutoTests" name="[436] /home/travis/build/icyphy/ptII/ptolemy/actor/lib/test/auto/expressionCastInference2.xml (RunModel)" time="0.012" />
  <testcase classname="ptolemy.util.test.junit.AutoTests" name="[437] /home/travis/build/icyphy/ptII/ptolemy/actor/lib/test/auto/expressionInference.xml (RunModel)" time="0.01" />
  <testcase classname="ptolemy.util.test.junit.AutoTests" name="[438] /home/travis/build/icyphy/ptII/ptolemy/actor/lib/test/auto/expression_bug.xml (RunModel)" time="0.012" />
  <testcase classname="ptolemy.util.test.junit.AutoTests" name="[439] /home/travis/build/icyphy/ptII/ptolemy/actor/lib/test/auto/factorial.xml (RunModel)" time="0.108" />
  <testcase classname="ptolemy.util.test.junit.AutoTests" name="[440] /home/travis/build/icyphy/ptII/ptolemy/actor/lib/test/auto/filterTest1.xml (RunModel)" time="0.025" />
  <testcase classname="ptolemy.util.test.junit.AutoTests" name="[441] /home/travis/build/icyphy/ptII/ptolemy/actor/lib/test/auto/funcApplyInConst.xml (RunModel)" time="0.016" />
  <testcase classname="ptolemy.util.test.junit.AutoTests" name="[442] /home/travis/build/icyphy/ptII/ptolemy/actor/lib/test/auto/funcApplyInExpr.xml (RunModel)" time="0.019" />
  <testcase classname="ptolemy.util.test.junit.AutoTests" name="[443] /home/travis/build/icyphy/ptII/ptolemy/actor/lib/test/auto/function.xml (RunModel)" time="0.03" />
  <testcase classname="ptolemy.util.test.junit.AutoTests" name="[444] /home/travis/build/icyphy/ptII/ptolemy/actor/lib/test/auto/function2.xml (RunModel)" time="0.034" />
  <testcase classname="ptolemy.util.test.junit.AutoTests" name="[445] /home/travis/build/icyphy/ptII/ptolemy/actor/lib/test/auto/function3.xml (RunModel)" time="0.025" />
  <testcase classname="ptolemy.util.test.junit.AutoTests" name="[446] /home/travis/build/icyphy/ptII/ptolemy/actor/lib/test/auto/functionClosureTest1.xml (RunModel)" time="0.02" />
  <testcase classname="ptolemy.util.test.junit.AutoTests" name="[447] /home/travis/build/icyphy/ptII/ptolemy/actor/lib/test/auto/functionClosureTest2.xml (RunModel)" time="0.026" />
  <testcase classname="ptolemy.util.test.junit.AutoTests" name="[448] /home/travis/build/icyphy/ptII/ptolemy/actor/lib/test/auto/functionClosureTest3.xml (RunModel)" time="0.024" />
  <testcase classname="ptolemy.util.test.junit.AutoTests" name="[449] /home/travis/build/icyphy/ptII/ptolemy/actor/lib/test/auto/functionClosureTest4.xml (RunModel)" time="0.032" />
  <testcase classname="ptolemy.util.test.junit.AutoTests" name="[450] /home/travis/build/icyphy/ptII/ptolemy/actor/lib/test/auto/functionClosureTest5.xml (RunModel)" time="0.03" />
  <testcase classname="ptolemy.util.test.junit.AutoTests" name="[451] /home/travis/build/icyphy/ptII/ptolemy/actor/lib/test/auto/functionClosureTest6.xml (RunModel)" time="0.028" />
  <testcase classname="ptolemy.util.test.junit.AutoTests" name="[452] /home/travis/build/icyphy/ptII/ptolemy/actor/lib/test/auto/functionsOnArcs.xml (RunModel)" time="0.026" />
  <testcase classname="ptolemy.util.test.junit.AutoTests" name="[453] /home/travis/build/icyphy/ptII/ptolemy/actor/lib/test/auto/functionsOnArcsHOF.xml (RunModel)" time="0.022" />
  <testcase classname="ptolemy.util.test.junit.AutoTests" name="[454] /home/travis/build/icyphy/ptII/ptolemy/actor/lib/test/auto/logic.xml (RunModel)" time="0.034" />
  <testcase classname="ptolemy.util.test.junit.AutoTests" name="[455] /home/travis/build/icyphy/ptII/ptolemy/actor/lib/test/auto/matrixType.xml (RunModel)" time="0.021" />
  <testcase classname="ptolemy.util.test.junit.AutoTests" name="[456] /home/travis/build/icyphy/ptII/ptolemy/actor/lib/test/auto/matrixType10.xml (RunModel)" time="0.03" />
  <testcase classname="ptolemy.util.test.junit.AutoTests" name="[457] /home/travis/build/icyphy/ptII/ptolemy/actor/lib/test/auto/matrixType11.xml (RunModel)" time="0.024" />
  <testcase classname="ptolemy.util.test.junit.AutoTests" name="[458] /home/travis/build/icyphy/ptII/ptolemy/actor/lib/test/auto/matrixType12.xml (RunModel)" time="0.037" />
  <testcase classname="ptolemy.util.test.junit.AutoTests" name="[459] /home/travis/build/icyphy/ptII/ptolemy/actor/lib/test/auto/matrixType13.xml (RunModel)" time="0.03" />
  <testcase classname="ptolemy.util.test.junit.AutoTests" name="[460] /home/travis/build/icyphy/ptII/ptolemy/actor/lib/test/auto/matrixType14.xml (RunModel)" time="0.025" />
  <testcase classname="ptolemy.util.test.junit.AutoTests" name="[461] /home/travis/build/icyphy/ptII/ptolemy/actor/lib/test/auto/matrixType2.xml (RunModel)" time="0.03" />
  <testcase classname="ptolemy.util.test.junit.AutoTests" name="[462] /home/travis/build/icyphy/ptII/ptolemy/actor/lib/test/auto/matrixType3.xml (RunModel)" time="0.022" />
  <testcase classname="ptolemy.util.test.junit.AutoTests" name="[463] /home/travis/build/icyphy/ptII/ptolemy/actor/lib/test/auto/matrixType4.xml (RunModel)" time="0.018" />
  <testcase classname="ptolemy.util.test.junit.AutoTests" name="[464] /home/travis/build/icyphy/ptII/ptolemy/actor/lib/test/auto/matrixType5.xml (RunModel)" time="0.032" />
  <testcase classname="ptolemy.util.test.junit.AutoTests" name="[465] /home/travis/build/icyphy/ptII/ptolemy/actor/lib/test/auto/matrixType6.xml (RunModel)" time="0.033" />
  <testcase classname="ptolemy.util.test.junit.AutoTests" name="[466] /home/travis/build/icyphy/ptII/ptolemy/actor/lib/test/auto/matrixType7.xml (RunModel)" time="0.031" />
  <testcase classname="ptolemy.util.test.junit.AutoTests" name="[467] /home/travis/build/icyphy/ptII/ptolemy/actor/lib/test/auto/matrixType8.xml (RunModel)" time="0.024" />
  <testcase classname="ptolemy.util.test.junit.AutoTests" name="[468] /home/travis/build/icyphy/ptII/ptolemy/actor/lib/test/auto/matrixType9.xml (RunModel)" time="0.045" />
  <testcase classname="ptolemy.util.test.junit.AutoTests" name="[469] /home/travis/build/icyphy/ptII/ptolemy/actor/lib/test/auto/paraFunctest.xml (RunModel)" time="0.034" />
  <testcase classname="ptolemy.util.test.junit.AutoTests" name="[470] /home/travis/build/icyphy/ptII/ptolemy/actor/lib/test/auto/paraFunctest2.xml (RunModel)" time="0.032" />
  <testcase classname="ptolemy.util.test.junit.AutoTests" name="[471] /home/travis/build/icyphy/ptII/ptolemy/actor/lib/test/auto/parameterPassing.xml (RunModel)" time="0.018" />
  <testcase classname="ptolemy.util.test.junit.AutoTests" name="[472] /home/travis/build/icyphy/ptII/ptolemy/actor/lib/test/auto/record.xml (RunModel)" time="0.037" />
  <testcase classname="ptolemy.util.test.junit.AutoTests" name="[473] /home/travis/build/icyphy/ptII/ptolemy/actor/lib/test/auto/sizedarray1.xml (RunModel)" time="0.012" />
  <testcase classname="ptolemy.util.test.junit.AutoTests" name="[474] /home/travis/build/icyphy/ptII/ptolemy/actor/lib/test/auto/sizedarray2.xml (RunModel)" time="0.012" />
  <testcase classname="ptolemy.util.test.junit.AutoTests" name="[475] /home/travis/build/icyphy/ptII/ptolemy/actor/lib/test/auto/twoPublishers.xml (RunModel)" time="0.029" />
  <system-out><![CDATA[/home/travis/build/icyphy/ptII/ptolemy/actor/lib/test/AbsoluteValue.tcl
testDefs.tcl: setting time out to 9000 seconds at Sun Nov 17 06:24:00 UTC 2019
108 ms. Memory: 120832K Free: 85430K (71%)
6 ms. Memory: 120832K Free: 83910K (69%)
5 ms. Memory: 120832K Free: 82886K (69%)
6 ms. Memory: 120832K Free: 82358K (68%)
/home/travis/build/icyphy/ptII/ptolemy/actor/lib/test/AddSubtract.tcl
11 ms. Memory: 120832K Free: 80310K (66%)
7 ms. Memory: 120832K Free: 79286K (66%)
15 ms. Memory: 120832K Free: 78790K (65%)
17 ms. Memory: 120832K Free: 77766K (64%)
84 ms. Memory: 120832K Free: 75204K (62%)
6 ms. Memory: 120832K Free: 74180K (61%)
/home/travis/build/icyphy/ptII/ptolemy/actor/lib/test/Average.tcl
15 ms. Memory: 120832K Free: 72646K (60%)
28 ms. Memory: 120832K Free: 71620K (59%)
/home/travis/build/icyphy/ptII/ptolemy/actor/lib/test/Bernoulli.tcl
6 ms. Memory: 120832K Free: 69574K (58%)
3 ms. Memory: 120832K Free: 69574K (58%)
/home/travis/build/icyphy/ptII/ptolemy/actor/lib/test/Clock.tcl
preinitializing
resolving types
initializing
executing number 1
wrapping up
idle
31 ms. Memory: 120832K Free: 66502K (55%)
Completed execution with 5 iterations
preinitializing
resolving types
initializing
executing number 1
wrapping up
idle
5 ms. Memory: 120832K Free: 65974K (55%)
Completed execution with 5 iterations
preinitializing
resolving types
initializing
executing number 1
wrapping up
idle
5 ms. Memory: 120832K Free: 65478K (54%)
Completed execution with 5 iterations
/home/travis/build/icyphy/ptII/ptolemy/actor/lib/test/Commutator.tcl
12 ms. Memory: 120832K Free: 63430K (52%)
16 ms. Memory: 120832K Free: 62406K (52%)
24 ms. Memory: 120832K Free: 56758K (47%)
/home/travis/build/icyphy/ptII/ptolemy/actor/lib/test/Const.tcl
5 ms. Memory: 120832K Free: 55238K (46%)
2 ms. Memory: 120832K Free: 54724K (45%)
4 ms. Memory: 120832K Free: 54214K (45%)
3 ms. Memory: 120832K Free: 53700K (44%)
3 ms. Memory: 120832K Free: 52676K (44%)
14 ms. Memory: 120832K Free: 51142K (42%)
6 ms. Memory: 120832K Free: 50118K (41%)
3 ms. Memory: 120832K Free: 49590K (41%)
/home/travis/build/icyphy/ptII/ptolemy/actor/lib/test/CurrentTime.tcl
preinitializing
resolving types
initializing
executing number 1
wrapping up
idle
13 ms. Memory: 120832K Free: 47542K (39%)
Completed execution with 11 iterations
/home/travis/build/icyphy/ptII/ptolemy/actor/lib/test/DB.tcl
43 ms. Memory: 120832K Free: 107223K (89%)
5 ms. Memory: 120832K Free: 106713K (88%)
2 ms. Memory: 120832K Free: 106713K (88%)
/home/travis/build/icyphy/ptII/ptolemy/actor/lib/test/DiscreteRandomSource.tcl
preinitializing
resolving types
initializing
executing number 1
wrapping up
idle
6 ms. Memory: 120832K Free: 104665K (87%)
Completed execution with 4 iterations
preinitializing
resolving types
initializing
executing number 1
wrapping up
idle
3 ms. Memory: 120832K Free: 104136K (86%)
Completed execution with 4 iterations
preinitializing
resolving types
initializing
executing number 1
wrapping up
idle
3 ms. Memory: 120832K Free: 104136K (86%)
Completed execution with 4 iterations
preinitializing
resolving types
initializing
executing number 1
wrapping up
idle
3 ms. Memory: 120832K Free: 103641K (86%)
Completed execution with 4 iterations
preinitializing
resolving types
initializing
executing number 1
wrapping up
idle
5 ms. Memory: 120832K Free: 103127K (85%)
Completed execution with 4 iterations
/home/travis/build/icyphy/ptII/ptolemy/actor/lib/test/Distributor.tcl
6 ms. Memory: 120832K Free: 101593K (84%)
5 ms. Memory: 120832K Free: 100569K (83%)
StreamChangeRequest.changeExecuted(): <deleteEntity name="rec2"/> succeeded
StreamChangeRequest.changeExecuted(): <deleteRelation name="r2"/> succeeded
StreamChangeRequest.changeExecuted(): Record firings per iteration succeeded
7 ms. Memory: 120832K Free: 97992K (81%)
/home/travis/build/icyphy/ptII/ptolemy/actor/lib/test/Exit.tcl
Exit.tcl: this will print a message about Manager.exitAfterWrapup, which can be ignored.
14 ms. Memory: 120832K Free: 95449K (79%)
/home/travis/build/icyphy/ptII/ptolemy/actor/lib/test/Expression.tcl
51 ms. Memory: 120832K Free: 105195K (87%)
13 ms. Memory: 120832K Free: 104683K (87%)
4 ms. Memory: 120832K Free: 103653K (86%)
preinitializing
resolving types
initializing
executing number 1
wrapping up
idle
8 ms. Memory: 120832K Free: 102123K (85%)
Completed execution with 6 iterations
5 ms. Memory: 120832K Free: 101611K (84%)
3 ms. Memory: 120832K Free: 100581K (83%)
6 ms. Memory: 120832K Free: 99557K (82%)
6 ms. Memory: 120832K Free: 98027K (81%)
5 ms. Memory: 120832K Free: 97003K (80%)
/home/travis/build/icyphy/ptII/ptolemy/actor/lib/test/Gaussian.tcl
5 ms. Memory: 120832K Free: 95461K (79%)
sleeping 1 seconds: ........................................................................................................................................................................................................................................................................................................................................................................................................................................................................................................................................................................................................................................................................................................................................................................................................................................................................................................................................................................................................................................................................................................................................................................................................................................................................................................................................................................................................................................................................................................................................................................................................................................................................................................................................................................................................................................................................................................................................................................................................................................................................................................................................................................................................................................................................................................................................................................................................................................................................................................................................................................................................................................................................................................................................................................................................................................................................................................................................................................................................................................................................................................................................................................................................................................................................................................................................................................................................................................................................................................................................................................................................................................................................................................................................................................................................................................................................................................................................................................................................................................................................................................................................................................................................................................................................................................................................................................................................................................................................................................................................................................................................................................................................................................................................................................................................................................................................................................................................................................................................................................................................................................................................................................................................................................................................................................................................................................................................................................................................................................................................................................................................................................................................................................................................................................................................................................................................................................................................................................................................................................................................................................................................................................................................................................................................................................................................................................................................................................................................................................................................................................................................................................................................................................................................................................................................................................................................................................................................................................................................................................................................................................................................................................................................................................................................................................................................................................................................................................................................................................................................................................................................................................................................................................................................................................................................................................................................................................................................................................................................................................................................................................................................................................................................................................................................................................................................................................................................................................................................................................................................................................................................................................................................................................................................................................................................................................................................................................................................................................................................................................................................................................................................................................................................................................................................................................................................................................................................................................................................................................................................................................................................................................................................................................................................................................................................................................................................................................................................................................................................................................................................................................................................................................................................................................................................................................................................................................................................................................................................................................................................................................................................................................................................................................................................................................................................................................................................................................................................................................................................................................................................................................................................................................................................................................................................................................................................................................................................................................................................................................................................................................................................................................................................................................................................................................................................................................................................................................................................................................................................................................................................................................................................................................................................................................................................................................................................................................................................................................................................................................................................................................................................................................................................................................................................................................................................................................................................................................................................................................................................................................................................................................................................................................................................................................................................................................................................................................................................................................................................................................................................................................................................................................................................................................................................................................................................................................................................................................................................................................................................................................................................................................................................................................................................................................................................................................................................................................................................................................................................................................................................................................................................................................................................................................................................................................................................................................................................................................................................................................................................................................................................................................................................................................................................................................................................................................................................................................................................................................................................................................................................................................................................................................................................................................................................................................................................................................................................................................................................................................................................................................................................................................................................................................................................................................................................................................................................................................................................................................................................................................................................................................................................................................................................................................................................................................................................................................................................................................................................................................................................................................................................................................................................................................................................................................................................................................................................................................................................................................................................................................................................................................................................................................................................................................................................................................................................................................................................................................................................................................................................................................................................................................................................................................................................................................................................................................................................................................................................................................................................................................................................................................................................................................................................................................................................................................................................................................................................................................................................................................................................................................................................................................................................................................................................................................................................................................................................................................................................................................................................................................................................................................................................................................................................................................................................................................................................................................................................................................................................................................................................................................................................................................................................................................................................................................................................................................................................................................................................................................................................................................................................................................................................................................................................................................................................................................................................................................................................................................................................................................................................................................................................................................................................................................................................................................................................................................................................................................................................................................................................................................................................................................................................................................................................................................................................................................................................................................................................................................................................................................................................................................................................................................................................................................................................................................................................................................................................................................................................................................................................................................................................................................................................................................................................................................................................................................................................................................................................................................................................................................................................................................................................................................................................................................................................................................................................................................................................................................................................................................................................................................................................................................................................................................................................................................................................................................................................................................................................................................................................................................................................................................................................................................................................................................................................................................................................................................................................................................................................................................................................................................................................................................................................................................................................................................................................................................................................................................................................................................................................................................................................................................................................................................................................................................................................................................................................................................................................................................................................................................................................................................................................................................................................................................................................................................................................................................................................................................................................................................................................................................................................................................................................................................................................................................................................................................................................................................................................................................................................................................................................................................................................................................................................................................................................................................................................................................................................................................................................................................................................................................................................................................................................................................................................................................................................................................................................................................................................................................................................................................................................................................................................................................................................................................................................................................................................................................................................................................................................................................................................................................................................................................................................................................................................................................................................................................................................................................................................................................................................................................................................................................................................................................................................................................................................................................................................................................................................................................................................................................................................................................................................................................................................................................................................................................................................................................................................................................................................................................................................................................................................................................................................................................................................................................................................................................................................................................................................................................................................................................................................................................................................................................................................................................................................................................................................................................................................................................................................................................................................................................................................................................................................................................................................................................................................................................................................................................................................................................................................................................................................................................................................................................................................................................................................................................................................................................................................................................................................................................................................................................................................................................................................................................................................................................................................................................................................................................................................................................................................................................................................................................................................................................................................................................................................................................................................................................................................................................................................................................................................................................................................................................................................................................................................................................................................................................................................................................................................................................................................................................................................................................................................................................................................................................................................................................................................................................................................................................................................................................................................................................................................................................................................................................................................................................................................................................................................................................................................................................................................................................................................................................................................................................................................................................................................................................................................................................................................................................................................................................................................................................................................................................................................................................................................................................................................................................................................................................................................................................................................................................................................................................................................................................................................................................................................................................................................................................................................................................................................................................................................................................................................................................................................................................................................................................................................................................................................................................................................................................................................................................................................................................................................................................................................................................................................................................................................................................................................................................................................................................................3 ms. Memory: 145408K Free: 82697K (57%)
2 ms. Memory: 145408K Free: 81703K (56%)
2 ms. Memory: 145408K Free: 81193K (56%)
2 ms. Memory: 145408K Free: 80504K (55%)
2 ms. Memory: 145408K Free: 80169K (55%)
/home/travis/build/icyphy/ptII/ptolemy/actor/lib/test/IIR.tcl
/home/travis/build/icyphy/ptII/ptolemy/actor/lib/test/Interpolator.tcl
4 ms. Memory: 145408K Free: 76073K (52%)
12 ms. Memory: 145408K Free: 75545K (52%)
8 ms. Memory: 145408K Free: 75049K (52%)
2 ms. Memory: 145408K Free: 74521K (51%)
7 ms. Memory: 145408K Free: 73497K (51%)
7 ms. Memory: 145408K Free: 73001K (50%)
2 ms. Memory: 145408K Free: 130021K (89%)
15 ms. Memory: 145408K Free: 128995K (89%)
6 ms. Memory: 145408K Free: 128483K (88%)
2 ms. Memory: 145408K Free: 127445K (88%)
/home/travis/build/icyphy/ptII/ptolemy/actor/lib/test/MathFunction.tcl
7 ms. Memory: 145408K Free: 125397K (86%)
2 ms. Memory: 145408K Free: 124373K (86%)
3 ms. Memory: 145408K Free: 123363K (85%)
2 ms. Memory: 145408K Free: 122339K (84%)
4 ms. Memory: 145408K Free: 120805K (83%)
12 ms. Memory: 145408K Free: 119267K (82%)
/home/travis/build/icyphy/ptII/ptolemy/actor/lib/test/Maximum.tcl
6 ms. Memory: 145408K Free: 117219K (81%)
10 ms. Memory: 145408K Free: 116707K (80%)
7 ms. Memory: 145408K Free: 115683K (80%)
3 ms. Memory: 145408K Free: 115171K (79%)
/home/travis/build/icyphy/ptII/ptolemy/actor/lib/test/Minimum.tcl
9 ms. Memory: 145408K Free: 113637K (78%)
4 ms. Memory: 145408K Free: 112613K (77%)
3 ms. Memory: 145408K Free: 112099K (77%)
4 ms. Memory: 145408K Free: 111589K (77%)
/home/travis/build/icyphy/ptII/ptolemy/actor/lib/test/MultiplyDivide.tcl
13 ms. Memory: 145408K Free: 109541K (75%)
9 ms. Memory: 145408K Free: 109013K (75%)
2 ms. Memory: 145408K Free: 108003K (74%)
4 ms. Memory: 145408K Free: 107493K (74%)
3 ms. Memory: 145408K Free: 106469K (73%)
/home/travis/build/icyphy/ptII/ptolemy/actor/lib/test/OrderedMerge.tcl
Connections changed on port: inputA
Connections changed on port: inputB
Connections changed on port: output
Connections changed on port: output
Connections changed on port: output
Connections changed on port: input
.top. Preinitializing ...
Invoking preinitialize():  .top.OrderedMerge
Called preinitialize()
Invoking preinitialize():  .top.Ramp
Called preinitialize()
Invoking preinitialize():  .top.Ramp2
Called preinitialize()
Invoking preinitialize():  .top.Test
Called preinitialize()
Connections changed on port: inputA
Connections changed on port: output
Connections changed on port: output
Connections changed on port: input
Connections changed on port: inputB
Connections changed on port: output
.top. Finished preinitialize().
Called initialize().
Invoking initialize():  .top.OrderedMerge
Initializing actor: .top.OrderedMerge
Adding a thread: .top.OrderedMerge
Invoking initialize():  .top.Ramp
Initializing actor: .top.Ramp
Adding a thread: .top.Ramp
Invoking initialize():  .top.Ramp2
Initializing actor: .top.Ramp2
Adding a thread: .top.Ramp2
Invoking initialize():  .top.Test
Initializing actor: .top.Test
Adding a thread: .top.Test
Called fire().
Checking for deadlock:
-- Starting thread.
Called initialize()
Called prefire()
Called fire()
-- Starting thread.
Called initialize()
Called prefire()
Called fire()
-- Starting thread.
Called initialize()
Called prefire()
Called fire()
-- Starting thread.
Called initialize()
Called prefire()
Called fire()
There are 0 Blocked actors, 0 Stopped actors, and 4 active threads.
Waiting for actors to stop.
Called postfire()
Called prefire()
Called fire()
Called postfire()
Called prefire()
Called fire()
Read input token from inputA with value 0.0
Next port to read input from is inputB
Called postfire()
Called prefire()
Called fire()
Read input token from inputB with value 0.0
Sent output token with value 0.0
Next port to read input from is inputA
Called postfire()
Called prefire()
Called fire()
Checking for deadlock:
There are 1 Blocked actors, 0 Stopped actors, and 4 active threads.
Waiting for actors to stop.
Called postfire()
Called prefire()
Called fire()
Called postfire()
Called prefire()
Called fire()
-- Read input: 0.0, which is expected to match: 0.0
Called prefire()
Called fire()
Checking for deadlock:
There are 3 Blocked actors, 0 Stopped actors, and 4 active threads.
Waiting for actors to stop.
Called postfire()
Called prefire()
Called fire()
Read input token from inputA with value 1.0
Sent output token with value 0.0
Next port to read input from is inputB
Called postfire()
Called prefire()
Called fire()
Read input token from inputB with value 1.5
Checking for deadlock:
There are 2 Blocked actors, 0 Stopped actors, and 4 active threads.
Waiting for actors to stop.
Called postfire()
Called prefire()
Called fire()
-- Read input: 0.0, which is expected to match: 0.0
Called prefire()
Called fire()
Checking for deadlock:
There are 3 Blocked actors, 0 Stopped actors, and 4 active threads.
Waiting for actors to stop.
-- Read input: 1.0, which is expected to match: 1.0
Called prefire()
Called fire()
Sent output token with value 1.0
Next port to read input from is inputA
Called postfire()
Called prefire()
Called fire()
Read input token from inputA with value 2.0
Sent output token with value 1.5
Next port to read input from is inputB
Called postfire()
Called prefire()
Called fire()
Read input token from inputB with value 3.0
Checking for deadlock:
There are 1 Blocked actors, 0 Stopped actors, and 4 active threads.
Waiting for actors to stop.
Called postfire()
Called prefire()
Called fire()
Called postfire()
Called prefire()
Called fire()
-- Read input: 1.5, which is expected to match: 1.5
Called prefire()
Called fire()
Checking for deadlock:
There are 3 Blocked actors, 0 Stopped actors, and 4 active threads.
Waiting for actors to stop.
-- Read input: 2.0, which is expected to match: 2.0
Called prefire()
Called fire()
Sent output token with value 2.0
Next port to read input from is inputA
Called postfire()
Called prefire()
Called fire()
Read input token from inputA with value 3.0
Sent output token with value 3.0
Next port to read input from is inputB
Called postfire()
Called prefire()
Called fire()
Read input token from inputB with value 4.5
Checking for deadlock:
There are 1 Blocked actors, 0 Stopped actors, and 4 active threads.
Waiting for actors to stop.
Called postfire()
Called prefire()
Called fire()
Called postfire()
Called prefire()
Called fire()
-- Read input: 3.0, which is expected to match: 3.0
Called prefire()
Called fire()
Checking for deadlock:
There are 3 Blocked actors, 0 Stopped actors, and 4 active threads.
Waiting for actors to stop.
-- Read input: 3.0, which is expected to match: 3.0
Called prefire()
Called fire()
Sent output token with value 3.0
Next port to read input from is inputA
Called postfire()
Called prefire()
Called fire()
Read input token from inputA with value 4.0
Sent output token with value 4.0
Next port to read input from is inputA
Called postfire()
Called prefire()
Called fire()
Checking for deadlock:
There are 2 Blocked actors, 0 Stopped actors, and 4 active threads.
Waiting for actors to stop.
Called postfire()
Called prefire()
Called fire()
-- Read input: 4.0, which is expected to match: 4.0
Called prefire()
Called fire()
Past the end of training data. Read and discard all inputs.
Checking for deadlock:
There are 3 Blocked actors, 0 Stopped actors, and 4 active threads.
Waiting for actors to stop.
Called postfire()
Called prefire()
Called fire()
Checking for deadlock:
There are 3 Blocked actors, 0 Stopped actors, and 4 active threads.
Waiting for actors to stop.
Read input token from inputA with value 5.0
Called prefire()
Called fire()
Past the end of training data. Read and discard all inputs.
Checking for deadlock:
There are 3 Blocked actors, 0 Stopped actors, and 4 active threads.
Waiting for actors to stop.
Sent output token with value 4.5
Next port to read input from is inputB
Called postfire()
Called prefire()
Called fire()
Called postfire()
Called prefire()
Called fire()
Checking for deadlock:
There are 3 Blocked actors, 0 Stopped actors, and 4 active threads.
Waiting for actors to stop.
Read input token from inputB with value 6.0
Called prefire()
Called fire()
Past the end of training data. Read and discard all inputs.
Checking for deadlock:
There are 3 Blocked actors, 0 Stopped actors, and 4 active threads.
Waiting for actors to stop.
Sent output token with value 5.0
Next port to read input from is inputA
Called postfire()
Called prefire()
Called fire()
Checking for deadlock:
There are 2 Blocked actors, 0 Stopped actors, and 4 active threads.
Waiting for actors to stop.
Called postfire()
Called prefire()
Called fire()
Checking for deadlock:
There are 3 Blocked actors, 0 Stopped actors, and 4 active threads.
Waiting for actors to stop.
Read input token from inputA with value 6.0
Checking for deadlock:
There are 2 Blocked actors, 0 Stopped actors, and 4 active threads.
Waiting for actors to stop.
Called prefire()
Called fire()
Past the end of training data. Read and discard all inputs.
Checking for deadlock:
There are 3 Blocked actors, 0 Stopped actors, and 4 active threads.
Waiting for actors to stop.
Sent output token with value 6.0
Next port to read input from is inputB
Called postfire()
Called prefire()
Called fire()
Called postfire()
Called prefire()
Called fire()
Checking for deadlock:
There are 3 Blocked actors, 0 Stopped actors, and 4 active threads.
Waiting for actors to stop.
Read input token from inputB with value 7.5
Called prefire()
Called fire()
Past the end of training data. Read and discard all inputs.
Checking for deadlock:
There are 3 Blocked actors, 0 Stopped actors, and 4 active threads.
Waiting for actors to stop.
Sent output token with value 6.0
Next port to read input from is inputA
Called postfire()
Called prefire()
Called fire()
Checking for deadlock:
There are 2 Blocked actors, 0 Stopped actors, and 4 active threads.
Waiting for actors to stop.
Called postfire()
Called prefire()
Called fire()
Checking for deadlock:
There are 3 Blocked actors, 0 Stopped actors, and 4 active threads.
Waiting for actors to stop.
Read input token from inputA with value 7.0
Checking for deadlock:
There are 2 Blocked actors, 0 Stopped actors, and 4 active threads.
Waiting for actors to stop.
Called prefire()
Called fire()
Past the end of training data. Read and discard all inputs.
Checking for deadlock:
There are 3 Blocked actors, 0 Stopped actors, and 4 active threads.
Waiting for actors to stop.
Sent output token with value 7.0
Next port to read input from is inputA
Called postfire()
Called prefire()
Called fire()
Checking for deadlock:
There are 2 Blocked actors, 0 Stopped actors, and 4 active threads.
Waiting for actors to stop.
-- Thread wrapup() called.
Called wrapup()
Thread .top.Ramp is exiting.
-- Thread stopped.
Checking for deadlock:
There are 2 Blocked actors, 0 Stopped actors, and 3 active threads.
Waiting for actors to stop.
Read input token from inputA with value 8.0
Called prefire()
Called fire()
Past the end of training data. Read and discard all inputs.
Checking for deadlock:
There are 2 Blocked actors, 0 Stopped actors, and 3 active threads.
Waiting for actors to stop.
Sent output token with value 7.5
Next port to read input from is inputB
Called postfire()
Called prefire()
Called fire()
Checking for deadlock:
There are 1 Blocked actors, 0 Stopped actors, and 3 active threads.
Waiting for actors to stop.
Called postfire()
Called prefire()
Called fire()
Checking for deadlock:
There are 2 Blocked actors, 0 Stopped actors, and 3 active threads.
Waiting for actors to stop.
Read input token from inputB with value 9.0
Checking for deadlock:
There are 1 Blocked actors, 0 Stopped actors, and 3 active threads.
Waiting for actors to stop.
Called prefire()
Called fire()
Past the end of training data. Read and discard all inputs.
Checking for deadlock:
There are 2 Blocked actors, 0 Stopped actors, and 3 active threads.
Waiting for actors to stop.
Sent output token with value 8.0
Next port to read input from is inputA
Called postfire()
Called prefire()
Called fire()
Read input token from inputA with value 9.0
Called prefire()
Called fire()
Past the end of training data. Read and discard all inputs.
Checking for deadlock:
There are 2 Blocked actors, 0 Stopped actors, and 3 active threads.
Waiting for actors to stop.
Sent output token with value 9.0
Next port to read input from is inputB
Called postfire()
Called prefire()
Called fire()
Called postfire()
Called prefire()
Called fire()
Checking for deadlock:
There are 2 Blocked actors, 0 Stopped actors, and 3 active threads.
Waiting for actors to stop.
Read input token from inputB with value 10.5
Called prefire()
Called fire()
Past the end of training data. Read and discard all inputs.
Checking for deadlock:
There are 2 Blocked actors, 0 Stopped actors, and 3 active threads.
Waiting for actors to stop.
Sent output token with value 9.0
Next port to read input from is inputA
Called postfire()
Called prefire()
Called fire()
Checking for deadlock:
There are 3 Blocked actors, 0 Stopped actors, and 3 active threads.
Actors have stopped.
Checking for deadlock:
There are 3 Blocked actors, 0 Stopped actors, and 3 active threads.
Deadlock detected.
Resolving Deadlock
Checking for deadlock:
There are 3 Blocked actors, 0 Stopped actors, and 3 active threads.
Artificial Deadlock - increasing queue capacity.
increasing the capacity of receiver ptolemy.actor.TypedIOPort {.top.OrderedMerge.inputB} to 2
Director: Called postfire().
Called postfire().
_stopRequested = false
_stopFireRequested = false
Returning from postfire(): true
Called fire().
Checking for deadlock:
There are 2 Blocked actors, 0 Stopped actors, and 3 active threads.
Waiting for actors to stop.
-- Thread wrapup() called.
Called wrapup()
Thread .top.Ramp2 is exiting.
-- Thread stopped.
Checking for deadlock:
There are 2 Blocked actors, 0 Stopped actors, and 2 active threads.
Actors have stopped.
Checking for deadlock:
There are 2 Blocked actors, 0 Stopped actors, and 2 active threads.
Deadlock detected.
Resolving Deadlock
Checking for deadlock:
There are 2 Blocked actors, 0 Stopped actors, and 2 active threads.
Deadlock detected: no processes blocked on write, but some are blocked on read.
Called postfire().
_stopRequested = false
_stopFireRequested = false
Returning from postfire(): false
Finished deactivating branches.
Called wrapup().
-- Thread wrapup() called.
Called wrapup()
Thread .top.Test is exiting.
-- Thread stopped.
-- Blocked Receiver call threw TerminateProcessException.
-- Thread wrapup() called.
Called wrapup()
Thread .top.OrderedMerge is exiting.
-- Thread stopped.
-- Blocked Receiver call threw TerminateProcessException.
74 ms. Memory: 145408K Free: 101349K (70%)
.top. Preinitializing ...
Invoking preinitialize():  .top.OrderedMerge
Called preinitialize()
Invoking preinitialize():  .top.Ramp
Called preinitialize()
Invoking preinitialize():  .top.Ramp2
Called preinitialize()
Invoking preinitialize():  .top.Test
Called preinitialize()
.top. Finished preinitialize().
Called initialize().
Invoking initialize():  .top.OrderedMerge
Initializing actor: .top.OrderedMerge
Adding a thread: .top.OrderedMerge
Invoking initialize():  .top.Ramp
Initializing actor: .top.Ramp
Adding a thread: .top.Ramp
Invoking initialize():  .top.Ramp2
Initializing actor: .top.Ramp2
Adding a thread: .top.Ramp2
Invoking initialize():  .top.Test
Initializing actor: .top.Test
Adding a thread: .top.Test
-- Starting thread.
Called initialize()
Called prefire()
Called fire()
Called postfire()
Called prefire()
Called fire()
-- Starting thread.
Called initialize()
Called prefire()
Called fire()
Called postfire()
Called prefire()
Called fire()
Called fire().
Checking for deadlock:
There are 2 Blocked actors, 0 Stopped actors, and 4 active threads.
Waiting for actors to stop.
-- Starting thread.
Called initialize()
Called prefire()
Called fire()
Checking for deadlock:
There are 3 Blocked actors, 0 Stopped actors, and 4 active threads.
Waiting for actors to stop.
-- Starting thread.
Called initialize()
Called prefire()
Called fire()
Called postfire()
Called prefire()
Called fire()
Checking for deadlock:
There are 3 Blocked actors, 0 Stopped actors, and 4 active threads.
Waiting for actors to stop.
Read input token from inputA with value 0.0
Next port to read input from is inputB
Called postfire()
Called prefire()
Called fire()
Checking for deadlock:
There are 2 Blocked actors, 0 Stopped actors, and 4 active threads.
Waiting for actors to stop.
Called postfire()
Called prefire()
Called fire()
Checking for deadlock:
There are 3 Blocked actors, 0 Stopped actors, and 4 active threads.
Waiting for actors to stop.
Read input token from inputB with value 0.0
Checking for deadlock:
There are 2 Blocked actors, 0 Stopped actors, and 4 active threads.
Waiting for actors to stop.
-- Read input: 0.0, which is expected to match: 0.0
Called prefire()
Called fire()
Checking for deadlock:
There are 3 Blocked actors, 0 Stopped actors, and 4 active threads.
Waiting for actors to stop.
Sent output token with value 0.0
Next port to read input from is inputA
Called postfire()
Called prefire()
Called fire()
Checking for deadlock:
There are 2 Blocked actors, 0 Stopped actors, and 4 active threads.
Waiting for actors to stop.
Called postfire()
Called prefire()
Called fire()
Checking for deadlock:
There are 3 Blocked actors, 0 Stopped actors, and 4 active threads.
Waiting for actors to stop.
Read input token from inputA with value 1.0
Checking for deadlock:
There are 2 Blocked actors, 0 Stopped actors, and 4 active threads.
Waiting for actors to stop.
-- Read input: 0.0, which is expected to match: 0.0
Called prefire()
Called fire()
Checking for deadlock:
There are 3 Blocked actors, 0 Stopped actors, and 4 active threads.
Waiting for actors to stop.
Sent output token with value 0.0
Next port to read input from is inputB
Called postfire()
Called prefire()
Called fire()
Called postfire()
Called prefire()
Called fire()
Checking for deadlock:
There are 3 Blocked actors, 0 Stopped actors, and 4 active threads.
Waiting for actors to stop.
Read input token from inputB with value 1.5
-- Read input: 1.0, which is expected to match: 1.0
Called prefire()
Called fire()
Checking for deadlock:
There are 3 Blocked actors, 0 Stopped actors, and 4 active threads.
Waiting for actors to stop.
Sent output token with value 1.0
Next port to read input from is inputA
Called postfire()
Called prefire()
Called fire()
Called postfire()
Called prefire()
Called fire()
Checking for deadlock:
There are 3 Blocked actors, 0 Stopped actors, and 4 active threads.
Waiting for actors to stop.
Read input token from inputA with value 2.0
-- Read input: 1.5, which is expected to match: 1.5
Called prefire()
Called fire()
Checking for deadlock:
There are 3 Blocked actors, 0 Stopped actors, and 4 active threads.
Waiting for actors to stop.
Sent output token with value 1.5
Next port to read input from is inputB
Called postfire()
Called prefire()
Called fire()
Called postfire()
Called prefire()
Called fire()
Checking for deadlock:
There are 3 Blocked actors, 0 Stopped actors, and 4 active threads.
Waiting for actors to stop.
Read input token from inputB with value 3.0
-- Read input: 2.0, which is expected to match: 2.0
Called prefire()
Called fire()
Checking for deadlock:
There are 3 Blocked actors, 0 Stopped actors, and 4 active threads.
Waiting for actors to stop.
Sent output token with value 2.0
Next port to read input from is inputA
Called postfire()
Called prefire()
Called fire()
Called postfire()
Called prefire()
Called fire()
Checking for deadlock:
There are 3 Blocked actors, 0 Stopped actors, and 4 active threads.
Waiting for actors to stop.
Read input token from inputA with value 3.0
-- Read input: 3.0, which is expected to match: 3.0
Called prefire()
Called fire()
Checking for deadlock:
There are 3 Blocked actors, 0 Stopped actors, and 4 active threads.
Waiting for actors to stop.
Sent output token with value 3.0
Next port to read input from is inputB
Called postfire()
Called prefire()
Called fire()
Called postfire()
Called prefire()
Called fire()
Checking for deadlock:
There are 3 Blocked actors, 0 Stopped actors, and 4 active threads.
Waiting for actors to stop.
Read input token from inputB with value 4.5
-- Read input: 3.0, which is expected to match: 3.0
Called prefire()
Called fire()
Checking for deadlock:
There are 3 Blocked actors, 0 Stopped actors, and 4 active threads.
Waiting for actors to stop.
Sent output token with value 3.0
Next port to read input from is inputA
Called postfire()
Called prefire()
Called fire()
Called postfire()
Called prefire()
Called fire()
Checking for deadlock:
There are 3 Blocked actors, 0 Stopped actors, and 4 active threads.
Waiting for actors to stop.
Read input token from inputA with value 4.0
-- Read input: 4.0, which is expected to match: 4.0
Called prefire()
Called fire()
Past the end of training data. Read and discard all inputs.
Checking for deadlock:
There are 3 Blocked actors, 0 Stopped actors, and 4 active threads.
Waiting for actors to stop.
Sent output token with value 4.0
Next port to read input from is inputA
Called postfire()
Called prefire()
Called fire()
Called postfire()
Called prefire()
Called fire()
Checking for deadlock:
There are 3 Blocked actors, 0 Stopped actors, and 4 active threads.
Waiting for actors to stop.
Read input token from inputA with value 5.0
Called prefire()
Called fire()
Past the end of training data. Read and discard all inputs.
Checking for deadlock:
There are 3 Blocked actors, 0 Stopped actors, and 4 active threads.
Waiting for actors to stop.
Sent output token with value 4.5
Next port to read input from is inputB
Called postfire()
Called prefire()
Called fire()
Checking for deadlock:
There are 2 Blocked actors, 0 Stopped actors, and 4 active threads.
Waiting for actors to stop.
Called postfire()
Called prefire()
Called fire()
Checking for deadlock:
There are 3 Blocked actors, 0 Stopped actors, and 4 active threads.
Waiting for actors to stop.
Read input token from inputB with value 6.0
Checking for deadlock:
There are 2 Blocked actors, 0 Stopped actors, and 4 active threads.
Waiting for actors to stop.
Called prefire()
Called fire()
Past the end of training data. Read and discard all inputs.
Checking for deadlock:
There are 3 Blocked actors, 0 Stopped actors, and 4 active threads.
Waiting for actors to stop.
Sent output token with value 5.0
Next port to read input from is inputA
Called postfire()
Called prefire()
Called fire()
Called postfire()
Called prefire()
Called fire()
Checking for deadlock:
There are 3 Blocked actors, 0 Stopped actors, and 4 active threads.
Waiting for actors to stop.
Read input token from inputA with value 6.0
Called prefire()
Called fire()
Past the end of training data. Read and discard all inputs.
Checking for deadlock:
There are 3 Blocked actors, 0 Stopped actors, and 4 active threads.
Waiting for actors to stop.
Sent output token with value 6.0
Next port to read input from is inputB
Called postfire()
Called prefire()
Called fire()
Checking for deadlock:
There are 2 Blocked actors, 0 Stopped actors, and 4 active threads.
Waiting for actors to stop.
Called postfire()
Called prefire()
Called fire()
Checking for deadlock:
There are 3 Blocked actors, 0 Stopped actors, and 4 active threads.
Waiting for actors to stop.
Read input token from inputB with value 7.5
Checking for deadlock:
There are 2 Blocked actors, 0 Stopped actors, and 4 active threads.
Waiting for actors to stop.
Called prefire()
Called fire()
Past the end of training data. Read and discard all inputs.
Checking for deadlock:
There are 3 Blocked actors, 0 Stopped actors, and 4 active threads.
Waiting for actors to stop.
Sent output token with value 6.0
Next port to read input from is inputA
Called postfire()
Called prefire()
Called fire()
Called postfire()
Called prefire()
Called fire()
Checking for deadlock:
There are 3 Blocked actors, 0 Stopped actors, and 4 active threads.
Waiting for actors to stop.
Read input token from inputA with value 7.0
Called prefire()
Called fire()
Past the end of training data. Read and discard all inputs.
Checking for deadlock:
There are 3 Blocked actors, 0 Stopped actors, and 4 active threads.
Waiting for actors to stop.
Sent output token with value 7.0
Next port to read input from is inputA
Called postfire()
Called prefire()
Called fire()
-- Thread wrapup() called.
Called wrapup()
Thread .top.Ramp is exiting.
-- Thread stopped.
Checking for deadlock:
There are 2 Blocked actors, 0 Stopped actors, and 3 active threads.
Waiting for actors to stop.
Read input token from inputA with value 8.0
Checking for deadlock:
There are 1 Blocked actors, 0 Stopped actors, and 3 active threads.
Waiting for actors to stop.
Called prefire()
Called fire()
Past the end of training data. Read and discard all inputs.
Checking for deadlock:
There are 2 Blocked actors, 0 Stopped actors, and 3 active threads.
Waiting for actors to stop.
Sent output token with value 7.5
Next port to read input from is inputB
Called postfire()
Called prefire()
Called fire()
Checking for deadlock:
There are 1 Blocked actors, 0 Stopped actors, and 3 active threads.
Waiting for actors to stop.
Called postfire()
Called prefire()
Called fire()
Checking for deadlock:
There are 2 Blocked actors, 0 Stopped actors, and 3 active threads.
Waiting for actors to stop.
Read input token from inputB with value 9.0
Checking for deadlock:
There are 1 Blocked actors, 0 Stopped actors, and 3 active threads.
Waiting for actors to stop.
Called prefire()
Called fire()
Past the end of training data. Read and discard all inputs.
Checking for deadlock:
There are 2 Blocked actors, 0 Stopped actors, and 3 active threads.
Waiting for actors to stop.
Sent output token with value 8.0
Next port to read input from is inputA
Called postfire()
Called prefire()
Called fire()
Read input token from inputA with value 9.0
Called prefire()
Called fire()
Past the end of training data. Read and discard all inputs.
Checking for deadlock:
There are 2 Blocked actors, 0 Stopped actors, and 3 active threads.
Waiting for actors to stop.
Sent output token with value 9.0
Next port to read input from is inputB
Called postfire()
Called prefire()
Called fire()
Called postfire()
Called prefire()
Called fire()
Checking for deadlock:
There are 2 Blocked actors, 0 Stopped actors, and 3 active threads.
Waiting for actors to stop.
Read input token from inputB with value 10.5
Called prefire()
Called fire()
Past the end of training data. Read and discard all inputs.
Checking for deadlock:
There are 2 Blocked actors, 0 Stopped actors, and 3 active threads.
Waiting for actors to stop.
Sent output token with value 9.0
Next port to read input from is inputA
Called postfire()
Called prefire()
Called fire()
Checking for deadlock:
There are 3 Blocked actors, 0 Stopped actors, and 3 active threads.
Actors have stopped.
Checking for deadlock:
There are 3 Blocked actors, 0 Stopped actors, and 3 active threads.
Deadlock detected.
Resolving Deadlock
Checking for deadlock:
There are 3 Blocked actors, 0 Stopped actors, and 3 active threads.
Artificial Deadlock - increasing queue capacity.
increasing the capacity of receiver ptolemy.actor.TypedIOPort {.top.OrderedMerge.inputB} to 2
Director: Called postfire().
Called postfire().
_stopRequested = false
_stopFireRequested = false
Returning from postfire(): true
Called fire().
Checking for deadlock:
There are 2 Blocked actors, 0 Stopped actors, and 3 active threads.
Waiting for actors to stop.
-- Thread wrapup() called.
Called wrapup()
Thread .top.Ramp2 is exiting.
-- Thread stopped.
Checking for deadlock:
There are 2 Blocked actors, 0 Stopped actors, and 2 active threads.
Actors have stopped.
Checking for deadlock:
There are 2 Blocked actors, 0 Stopped actors, and 2 active threads.
Deadlock detected.
Resolving Deadlock
Checking for deadlock:
There are 2 Blocked actors, 0 Stopped actors, and 2 active threads.
Deadlock detected: no processes blocked on write, but some are blocked on read.
Called postfire().
_stopRequested = false
_stopFireRequested = false
Returning from postfire(): false
Finished deactivating branches.
Called wrapup().
-- Thread wrapup() called.
Called wrapup()
-- Thread wrapup() called.
Called wrapup()
Thread .top.OrderedMerge is exiting.
-- Thread stopped.
-- Blocked Receiver call threw TerminateProcessException.
Thread .top.Test is exiting.
-- Thread stopped.
-- Blocked Receiver call threw TerminateProcessException.
39 ms. Memory: 145408K Free: 99301K (68%)
/home/travis/build/icyphy/ptII/ptolemy/actor/lib/test/Publisher.tcl
32 ms. Memory: 145408K Free: 93157K (64%)
6 ms. Memory: 145408K Free: 87509K (60%)
2 ms. Memory: 145408K Free: 126388K (87%)
4 ms. Memory: 145408K Free: 125356K (86%)
2 ms. Memory: 145408K Free: 124340K (86%)
3 ms. Memory: 145408K Free: 123836K (85%)
3 ms. Memory: 145408K Free: 122812K (84%)
3 ms. Memory: 145408K Free: 122268K (84%)
16 ms. Memory: 145408K Free: 112058K (77%)
3 ms. Memory: 145408K Free: 108476K (75%)
3 ms. Memory: 145408K Free: 107452K (74%)
3 ms. Memory: 145408K Free: 105404K (72%)
12 ms. Memory: 145408K Free: 97722K (67%)
5 ms. Memory: 145408K Free: 88506K (61%)
7 ms. Memory: 145408K Free: 77242K (53%)
/home/travis/build/icyphy/ptII/ptolemy/actor/lib/test/Pulse.tcl
2 ms. Memory: 145408K Free: 107736K (74%)
2 ms. Memory: 145408K Free: 107208K (74%)
1 ms. Memory: 145408K Free: 106710K (73%)
2 ms. Memory: 145408K Free: 106198K (73%)
1 ms. Memory: 145408K Free: 105688K (73%)
6 ms. Memory: 145408K Free: 104664K (72%)
2 ms. Memory: 145408K Free: 103640K (71%)
1 ms. Memory: 145408K Free: 102616K (71%)
1 ms. Memory: 145408K Free: 102102K (70%)
/home/travis/build/icyphy/ptII/ptolemy/actor/lib/test/Ramp.tcl
3 ms. Memory: 145408K Free: 100040K (69%)
2 ms. Memory: 145408K Free: 99544K (68%)
2 ms. Memory: 145408K Free: 98520K (68%)
2 ms. Memory: 145408K Free: 97992K (67%)
3 ms. Memory: 145408K Free: 96982K (67%)
4 ms. Memory: 145408K Free: 96472K (66%)
4 ms. Memory: 145408K Free: 95448K (66%)
5 actors
5000 microseconds per iteration to create
5 ms. Memory: 145408K Free: 92856K (64%)
2 ms. Memory: 145408K Free: 91856K (63%)
2 ms. Memory: 145408K Free: 91352K (63%)
2 ms. Memory: 145408K Free: 90824K (62%)
50 actors
41000 microseconds per iteration to create
48 ms. Memory: 145408K Free: 75478K (52%)
26 ms. Memory: 145408K Free: 74454K (51%)
6 ms. Memory: 145408K Free: 73430K (50%)
5 ms. Memory: 145408K Free: 72406K (50%)
500 actors
1724000 microseconds per iteration to create
264 ms. Memory: 175104K Free: 88702K (51%)
49 ms. Memory: 175104K Free: 83582K (48%)
50 ms. Memory: 175104K Free: 78462K (45%)
50 ms. Memory: 175104K Free: 72832K (42%)
/home/travis/build/icyphy/ptII/ptolemy/actor/lib/test/RampContinuous.tcl
14 ms. Memory: 175104K Free: 71294K (41%)
/home/travis/build/icyphy/ptII/ptolemy/actor/lib/test/RecordAssembler.tcl
6 ms. Memory: 175104K Free: 69760K (40%)
3 ms. Memory: 175104K Free: 68736K (39%)
/home/travis/build/icyphy/ptII/ptolemy/actor/lib/test/RecordDisassembler.tcl
16 ms. Memory: 175104K Free: 67183K (38%)
5 ms. Memory: 175104K Free: 66688K (38%)
33 ms. Memory: 175104K Free: 152459K (87%)
/home/travis/build/icyphy/ptII/ptolemy/actor/lib/test/Scale.tcl
2 ms. Memory: 175104K Free: 150925K (86%)
2 ms. Memory: 175104K Free: 149901K (86%)
2 ms. Memory: 175104K Free: 149373K (85%)
2 ms. Memory: 175104K Free: 148363K (85%)
4 ms. Memory: 175104K Free: 147339K (84%)
/home/travis/build/icyphy/ptII/ptolemy/actor/lib/test/SequentialClock.tcl
preinitializing
resolving types
initializing
executing number 1
wrapping up
idle
5 ms. Memory: 175104K Free: 146295K (84%)
Completed execution with 5 iterations
preinitializing
resolving types
initializing
executing number 1
wrapping up
idle
2 ms. Memory: 175104K Free: 145805K (83%)
Completed execution with 5 iterations
preinitializing
resolving types
initializing
executing number 1
wrapping up
idle
1 ms. Memory: 175104K Free: 145261K (83%)
Completed execution with 5 iterations
/home/travis/build/icyphy/ptII/ptolemy/actor/lib/test/SetVariable.tcl
4 ms. Memory: 175104K Free: 143243K (82%)


==== $PTII/ptolemy/actor/lib/test/SetVariable.tcl: SetVariable-3.1 changeFailed
==== Contents of test case:

    #Uses 2.1 above
    jdkCaptureErr {
        # This test was failing if we ran Exit.tcl and then this test.
        # MessageHandler.error() now actually throws the Exception.
	catch {$setVariable changeFailed [java::null]  [java::new Exception {Test exception for SetVariable.changeFailed()}]} errMsg
    } results
    list [string range $results 0 89] "\n" $errMsg

==== Result was:
{java.lang.Exception: Test exception for SetVariable.changeFailed()
	at java.base/jdk.inter} {
} {java.lang.RuntimeException: java.lang.Exception: Test exception for SetVariable.changeFailed()}
---- Result should have been:
{Failed to set variable.
java.lang.Exception: Test exception for SetVariable.changeFailed()} {
} {java.lang.RuntimeException: java.lang.Exception: Test exception for SetVariable.changeFailed()}
---- SetVariable-3.1 FAILED
/home/travis/build/icyphy/ptII/ptolemy/actor/lib/test/Sinewave.tcl
/home/travis/build/icyphy/ptII/ptolemy/actor/lib/test/SubscriptionAggregator.tcl
5 ms. Memory: 175104K Free: 131469K (75%)
4 ms. Memory: 175104K Free: 130445K (74%)
1 ms. Memory: 175104K Free: 129931K (74%)
1 ms. Memory: 175104K Free: 129931K (74%)
2 ms. Memory: 175104K Free: 126349K (72%)
17 ms. Memory: 175104K Free: 124301K (71%)
...............................................................1407 ms. Memory: 240640K Free: 112187K (47%)
/home/travis/build/icyphy/ptII/ptolemy/actor/lib/test/Test.tcl
 The next command will produce a warning about training mode,
   which may be ignored.
9 ms. Memory: 240640K Free: 110141K (46%)
7 ms. Memory: 240640K Free: 109612K (46%)
1 ms. Memory: 240640K Free: 108603K (45%)
2 ms. Memory: 240640K Free: 108093K (45%)
7 ms. Memory: 240640K Free: 107572K (45%)
3 ms. Memory: 240640K Free: 106540K (44%)
7 ms. Memory: 240640K Free: 105021K (44%)
 The next command will produce a warning about training mode,
   which may be ignored.
3 ms. Memory: 240640K Free: 102444K (43%)
 The next command will produce a warning about training mode,
   which may be ignored.
2 ms. Memory: 240640K Free: 101428K (42%)
1 ms. Memory: 240640K Free: 100925K (42%)
1 ms. Memory: 240640K Free: 100396K (42%)
2 ms. Memory: 240640K Free: 99901K (42%)
8 ms. Memory: 240640K Free: 98877K (41%)
4 ms. Memory: 240640K Free: 95260K (40%)
/home/travis/build/icyphy/ptII/ptolemy/actor/lib/test/TestExceptionHandler.tcl
 The next command will produce a warning about training mode,
   which may be ignored.
3 ms. Memory: 240640K Free: 93757K (39%)
0 ms. Memory: 240640K Free: 93212K (39%)
1 ms. Memory: 240640K Free: 92733K (39%)
/home/travis/build/icyphy/ptII/ptolemy/actor/lib/test/UnionDisassembler.tcl
30 ms. Memory: 240640K Free: 85565K (36%)
/home/travis/build/icyphy/ptII/ptolemy/actor/lib/test/VariableClock.tcl
preinitializing
resolving types
initializing
executing number 1
wrapping up
idle
9 ms. Memory: 240640K Free: 83517K (35%)
Completed execution with 11 iterations
preinitializing
resolving types
initializing
executing number 1
wrapping up
idle
3 ms. Memory: 240640K Free: 82493K (34%)
Completed execution with 10 iterations
11/17/19 06:24:10
Failed: 1  Total Tests: 234  ((Passed: 233, Newly Passed: 0)  Known Failed: 0) /home/travis/build/icyphy/ptII/ptolemy/actor/lib/test
----------------- testing (KnownFailure) /home/travis/build/icyphy/ptII/ptolemy/actor/lib/test/auto/knownFailedTests/PublisherPortToplevelSubscriber.xml
0 ms. Memory: 240640K Free: 78907K (33%)
Known Failure: java.lang.reflect.InvocationTargetException
----------------- testing (KnownFailure) /home/travis/build/icyphy/ptII/ptolemy/actor/lib/test/auto/knownFailedTests/PublisherSubscriberPortToplevel.xml
105 ms. Memory: 240640K Free: 194551K (81%)
Known Failure: java.lang.reflect.InvocationTargetException
----------------- testing (KnownFailure) /home/travis/build/icyphy/ptII/ptolemy/actor/lib/test/auto/knownFailedTests/PublisherSubscriptionAggregatorPort.xml
6 ms. Memory: 240640K Free: 189940K (79%)
Known Failure: java.lang.reflect.InvocationTargetException
----------------- testing (KnownFailure) /home/travis/build/icyphy/ptII/ptolemy/actor/lib/test/auto/knownFailedTests/sizedarray3.xml
3 ms. Memory: 240640K Free: 185330K (77%)
Known Failure: java.lang.reflect.InvocationTargetException
No auto/linux-amd64/*.xml tests in /home/travis/build/icyphy/ptII/ptolemy/actor/lib/test
AutoTests.java: About to close Vertx.
AutoTests.java: Vertx closed.

===========================================================================================
----------------- testing Sun Nov 17 06:24:10 UTC 2019 /home/travis/build/icyphy/ptII/ptolemy/actor/lib/test/auto/AbsoluteValue.xml
----------------- Instantiating /home/travis/build/icyphy/ptII/ptolemy/actor/lib/test/auto/AbsoluteValue.xml
5 ms. Memory: 240640K Free: 162292K (67%)
----------------- Invoking toplevel() on ptolemy.moml.MoMLSimpleApplication@31812aa4
----------------- Done invoking toplevel() on ptolemy.moml.MoMLSimpleApplication@31812aa4
reloadAllAccessors: .AbsoluteValue

===========================================================================================
----------------- testing Sun Nov 17 06:24:10 UTC 2019 /home/travis/build/icyphy/ptII/ptolemy/actor/lib/test/auto/AbsoluteValue2.xml
----------------- Instantiating /home/travis/build/icyphy/ptII/ptolemy/actor/lib/test/auto/AbsoluteValue2.xml
6 ms. Memory: 240640K Free: 155634K (65%)
----------------- Invoking toplevel() on ptolemy.moml.MoMLSimpleApplication@2a19c533
----------------- Done invoking toplevel() on ptolemy.moml.MoMLSimpleApplication@2a19c533
reloadAllAccessors: .AbsoluteValue2

===========================================================================================
----------------- testing Sun Nov 17 06:24:10 UTC 2019 /home/travis/build/icyphy/ptII/ptolemy/actor/lib/test/auto/Accumulator.xml
----------------- Instantiating /home/travis/build/icyphy/ptII/ptolemy/actor/lib/test/auto/Accumulator.xml
8 ms. Memory: 240640K Free: 148980K (62%)
----------------- Invoking toplevel() on ptolemy.moml.MoMLSimpleApplication@21b79ce5
----------------- Done invoking toplevel() on ptolemy.moml.MoMLSimpleApplication@21b79ce5
reloadAllAccessors: .Accumulator

===========================================================================================
----------------- testing Sun Nov 17 06:24:10 UTC 2019 /home/travis/build/icyphy/ptII/ptolemy/actor/lib/test/auto/Accumulator2.xml
----------------- Instantiating /home/travis/build/icyphy/ptII/ptolemy/actor/lib/test/auto/Accumulator2.xml
7 ms. Memory: 240640K Free: 143860K (60%)
----------------- Invoking toplevel() on ptolemy.moml.MoMLSimpleApplication@7a8e27f9
----------------- Done invoking toplevel() on ptolemy.moml.MoMLSimpleApplication@7a8e27f9
reloadAllAccessors: .Accumulator2

===========================================================================================
----------------- testing Sun Nov 17 06:24:11 UTC 2019 /home/travis/build/icyphy/ptII/ptolemy/actor/lib/test/auto/Accumulator3.xml
----------------- Instantiating /home/travis/build/icyphy/ptII/ptolemy/actor/lib/test/auto/Accumulator3.xml
3 ms. Memory: 240640K Free: 139764K (58%)
----------------- Invoking toplevel() on ptolemy.moml.MoMLSimpleApplication@63e846a7
----------------- Done invoking toplevel() on ptolemy.moml.MoMLSimpleApplication@63e846a7
reloadAllAccessors: .Accumulator3

===========================================================================================
----------------- testing Sun Nov 17 06:24:11 UTC 2019 /home/travis/build/icyphy/ptII/ptolemy/actor/lib/test/auto/ArrayAppend.xml
----------------- Instantiating /home/travis/build/icyphy/ptII/ptolemy/actor/lib/test/auto/ArrayAppend.xml
8 ms. Memory: 240640K Free: 133106K (55%)
----------------- Invoking toplevel() on ptolemy.moml.MoMLSimpleApplication@4803221e
----------------- Done invoking toplevel() on ptolemy.moml.MoMLSimpleApplication@4803221e
reloadAllAccessors: .ArrayAppend

===========================================================================================
----------------- testing Sun Nov 17 06:24:11 UTC 2019 /home/travis/build/icyphy/ptII/ptolemy/actor/lib/test/auto/ArrayAppend2.xml
----------------- Instantiating /home/travis/build/icyphy/ptII/ptolemy/actor/lib/test/auto/ArrayAppend2.xml
289 ms. Memory: 240640K Free: 74228K (31%)
----------------- Invoking toplevel() on ptolemy.moml.MoMLSimpleApplication@60791064
----------------- Done invoking toplevel() on ptolemy.moml.MoMLSimpleApplication@60791064
reloadAllAccessors: .ArrayAppend2

===========================================================================================
----------------- testing Sun Nov 17 06:24:11 UTC 2019 /home/travis/build/icyphy/ptII/ptolemy/actor/lib/test/auto/ArrayAppend3.xml
----------------- Instantiating /home/travis/build/icyphy/ptII/ptolemy/actor/lib/test/auto/ArrayAppend3.xml
4 ms. Memory: 240640K Free: 68594K (29%)
----------------- Invoking toplevel() on ptolemy.moml.MoMLSimpleApplication@5444c446
----------------- Done invoking toplevel() on ptolemy.moml.MoMLSimpleApplication@5444c446
reloadAllAccessors: .ArrayAppend3

===========================================================================================
----------------- testing Sun Nov 17 06:24:11 UTC 2019 /home/travis/build/icyphy/ptII/ptolemy/actor/lib/test/auto/ArrayAppend4.xml
----------------- Instantiating /home/travis/build/icyphy/ptII/ptolemy/actor/lib/test/auto/ArrayAppend4.xml
3 ms. Memory: 420864K Free: 369664K (88%)
----------------- Invoking toplevel() on ptolemy.moml.MoMLSimpleApplication@695bca0d
----------------- Done invoking toplevel() on ptolemy.moml.MoMLSimpleApplication@695bca0d
reloadAllAccessors: .ArrayAppend4

===========================================================================================
----------------- testing Sun Nov 17 06:24:11 UTC 2019 /home/travis/build/icyphy/ptII/ptolemy/actor/lib/test/auto/ArrayAppend5.xml
----------------- Instantiating /home/travis/build/icyphy/ptII/ptolemy/actor/lib/test/auto/ArrayAppend5.xml
3 ms. Memory: 420864K Free: 364030K (86%)
----------------- Invoking toplevel() on ptolemy.moml.MoMLSimpleApplication@13c510c2
----------------- Done invoking toplevel() on ptolemy.moml.MoMLSimpleApplication@13c510c2
reloadAllAccessors: .ArrayAppend5

===========================================================================================
----------------- testing Sun Nov 17 06:24:11 UTC 2019 /home/travis/build/icyphy/ptII/ptolemy/actor/lib/test/auto/ArrayAppend6.xml
----------------- Instantiating /home/travis/build/icyphy/ptII/ptolemy/actor/lib/test/auto/ArrayAppend6.xml
4 ms. Memory: 420864K Free: 358910K (85%)
----------------- Invoking toplevel() on ptolemy.moml.MoMLSimpleApplication@4a29ae12
----------------- Done invoking toplevel() on ptolemy.moml.MoMLSimpleApplication@4a29ae12
reloadAllAccessors: .ArrayAppend6

===========================================================================================
----------------- testing Sun Nov 17 06:24:11 UTC 2019 /home/travis/build/icyphy/ptII/ptolemy/actor/lib/test/auto/ArrayAppendPerformanceTest.xml
----------------- Instantiating /home/travis/build/icyphy/ptII/ptolemy/actor/lib/test/auto/ArrayAppendPerformanceTest.xml
43 ms. Memory: 420864K Free: 346622K (82%)
----------------- Invoking toplevel() on ptolemy.moml.MoMLSimpleApplication@a994bc4
----------------- Done invoking toplevel() on ptolemy.moml.MoMLSimpleApplication@a994bc4
reloadAllAccessors: .ArrayAppendPerformanceTest

===========================================================================================
----------------- testing Sun Nov 17 06:24:11 UTC 2019 /home/travis/build/icyphy/ptII/ptolemy/actor/lib/test/auto/ArrayAppendWithEmptyInput.xml
----------------- Instantiating /home/travis/build/icyphy/ptII/ptolemy/actor/lib/test/auto/ArrayAppendWithEmptyInput.xml
23 ms. Memory: 420864K Free: 338944K (81%)
----------------- Invoking toplevel() on ptolemy.moml.MoMLSimpleApplication@2cd105de
----------------- Done invoking toplevel() on ptolemy.moml.MoMLSimpleApplication@2cd105de
reloadAllAccessors: .ArrayAppendWithEmptyInput

===========================================================================================
----------------- testing Sun Nov 17 06:24:11 UTC 2019 /home/travis/build/icyphy/ptII/ptolemy/actor/lib/test/auto/ArrayAverage.xml
----------------- Instantiating /home/travis/build/icyphy/ptII/ptolemy/actor/lib/test/auto/ArrayAverage.xml
7 ms. Memory: 420864K Free: 330752K (79%)
----------------- Invoking toplevel() on ptolemy.moml.MoMLSimpleApplication@4f194849
----------------- Done invoking toplevel() on ptolemy.moml.MoMLSimpleApplication@4f194849
reloadAllAccessors: .ArrayAverage

===========================================================================================
----------------- testing Sun Nov 17 06:24:11 UTC 2019 /home/travis/build/icyphy/ptII/ptolemy/actor/lib/test/auto/ArrayContains.xml
----------------- Instantiating /home/travis/build/icyphy/ptII/ptolemy/actor/lib/test/auto/ArrayContains.xml
4 ms. Memory: 420864K Free: 325118K (77%)
----------------- Invoking toplevel() on ptolemy.moml.MoMLSimpleApplication@2fc8237b
----------------- Done invoking toplevel() on ptolemy.moml.MoMLSimpleApplication@2fc8237b
reloadAllAccessors: .ArrayContains

===========================================================================================
----------------- testing Sun Nov 17 06:24:11 UTC 2019 /home/travis/build/icyphy/ptII/ptolemy/actor/lib/test/auto/ArrayElement.xml
----------------- Instantiating /home/travis/build/icyphy/ptII/ptolemy/actor/lib/test/auto/ArrayElement.xml
14 ms. Memory: 420864K Free: 318974K (76%)
----------------- Invoking toplevel() on ptolemy.moml.MoMLSimpleApplication@582759db
----------------- Done invoking toplevel() on ptolemy.moml.MoMLSimpleApplication@582759db
reloadAllAccessors: .ArrayElement

===========================================================================================
----------------- testing Sun Nov 17 06:24:11 UTC 2019 /home/travis/build/icyphy/ptII/ptolemy/actor/lib/test/auto/ArrayElementAsMatrix.xml
----------------- Instantiating /home/travis/build/icyphy/ptII/ptolemy/actor/lib/test/auto/ArrayElementAsMatrix.xml
31 ms. Memory: 420864K Free: 309248K (73%)
----------------- Invoking toplevel() on ptolemy.moml.MoMLSimpleApplication@18f50044
----------------- Done invoking toplevel() on ptolemy.moml.MoMLSimpleApplication@18f50044
reloadAllAccessors: .ArrayElementAsMatrix

===========================================================================================
----------------- testing Sun Nov 17 06:24:12 UTC 2019 /home/travis/build/icyphy/ptII/ptolemy/actor/lib/test/auto/ArrayElementI.xml
----------------- Instantiating /home/travis/build/icyphy/ptII/ptolemy/actor/lib/test/auto/ArrayElementI.xml
4 ms. Memory: 420864K Free: 304623K (72%)
----------------- Invoking toplevel() on ptolemy.moml.MoMLSimpleApplication@760acd3
----------------- Done invoking toplevel() on ptolemy.moml.MoMLSimpleApplication@760acd3
reloadAllAccessors: .ArrayElementI

===========================================================================================
----------------- testing Sun Nov 17 06:24:12 UTC 2019 /home/travis/build/icyphy/ptII/ptolemy/actor/lib/test/auto/ArrayExtract.xml
----------------- Instantiating /home/travis/build/icyphy/ptII/ptolemy/actor/lib/test/auto/ArrayExtract.xml
8 ms. Memory: 420864K Free: 296446K (70%)
----------------- Invoking toplevel() on ptolemy.moml.MoMLSimpleApplication@3bef09e5
----------------- Done invoking toplevel() on ptolemy.moml.MoMLSimpleApplication@3bef09e5
reloadAllAccessors: .ArrayExtract

===========================================================================================
----------------- testing Sun Nov 17 06:24:12 UTC 2019 /home/travis/build/icyphy/ptII/ptolemy/actor/lib/test/auto/ArrayExtract2.xml
----------------- Instantiating /home/travis/build/icyphy/ptII/ptolemy/actor/lib/test/auto/ArrayExtract2.xml
3 ms. Memory: 420864K Free: 291295K (69%)
----------------- Invoking toplevel() on ptolemy.moml.MoMLSimpleApplication@643eb2e8
----------------- Done invoking toplevel() on ptolemy.moml.MoMLSimpleApplication@643eb2e8
reloadAllAccessors: .ArrayExtract2

===========================================================================================
----------------- testing Sun Nov 17 06:24:12 UTC 2019 /home/travis/build/icyphy/ptII/ptolemy/actor/lib/test/auto/ArrayLength.xml
----------------- Instantiating /home/travis/build/icyphy/ptII/ptolemy/actor/lib/test/auto/ArrayLength.xml
2 ms. Memory: 420864K Free: 287230K (68%)
----------------- Invoking toplevel() on ptolemy.moml.MoMLSimpleApplication@68c8d3dc
----------------- Done invoking toplevel() on ptolemy.moml.MoMLSimpleApplication@68c8d3dc
reloadAllAccessors: .ArrayLength

===========================================================================================
----------------- testing Sun Nov 17 06:24:12 UTC 2019 /home/travis/build/icyphy/ptII/ptolemy/actor/lib/test/auto/ArrayLevelCrossing.xml
----------------- Instantiating /home/travis/build/icyphy/ptII/ptolemy/actor/lib/test/auto/ArrayLevelCrossing.xml
8 ms. Memory: 420864K Free: 279038K (66%)
----------------- Invoking toplevel() on ptolemy.moml.MoMLSimpleApplication@5697e151
----------------- Done invoking toplevel() on ptolemy.moml.MoMLSimpleApplication@5697e151
reloadAllAccessors: .ArrayLevelCrossing

===========================================================================================
----------------- testing Sun Nov 17 06:24:12 UTC 2019 /home/travis/build/icyphy/ptII/ptolemy/actor/lib/test/auto/ArrayLevelCrossing2.xml
----------------- Instantiating /home/travis/build/icyphy/ptII/ptolemy/actor/lib/test/auto/ArrayLevelCrossing2.xml
5 ms. Memory: 420864K Free: 271870K (65%)
----------------- Invoking toplevel() on ptolemy.moml.MoMLSimpleApplication@5481c37b
----------------- Done invoking toplevel() on ptolemy.moml.MoMLSimpleApplication@5481c37b
reloadAllAccessors: .ArrayLevelCrossing2

===========================================================================================
----------------- testing Sun Nov 17 06:24:12 UTC 2019 /home/travis/build/icyphy/ptII/ptolemy/actor/lib/test/auto/ArrayPeakSearch.xml
----------------- Instantiating /home/travis/build/icyphy/ptII/ptolemy/actor/lib/test/auto/ArrayPeakSearch.xml
10 ms. Memory: 420864K Free: 263168K (63%)
----------------- Invoking toplevel() on ptolemy.moml.MoMLSimpleApplication@c97aab2
----------------- Done invoking toplevel() on ptolemy.moml.MoMLSimpleApplication@c97aab2
reloadAllAccessors: .ArrayPeakSearch

===========================================================================================
----------------- testing Sun Nov 17 06:24:12 UTC 2019 /home/travis/build/icyphy/ptII/ptolemy/actor/lib/test/auto/ArrayPeakSearch2.xml
----------------- Instantiating /home/travis/build/icyphy/ptII/ptolemy/actor/lib/test/auto/ArrayPeakSearch2.xml
10 ms. Memory: 420864K Free: 252407K (60%)
----------------- Invoking toplevel() on ptolemy.moml.MoMLSimpleApplication@600200cc
----------------- Done invoking toplevel() on ptolemy.moml.MoMLSimpleApplication@600200cc
reloadAllAccessors: .ArrayPeakSearch2

===========================================================================================
----------------- testing Sun Nov 17 06:24:12 UTC 2019 /home/travis/build/icyphy/ptII/ptolemy/actor/lib/test/auto/ArrayPeakSearch3.xml
----------------- Instantiating /home/travis/build/icyphy/ptII/ptolemy/actor/lib/test/auto/ArrayPeakSearch3.xml
8 ms. Memory: 420864K Free: 243712K (58%)
----------------- Invoking toplevel() on ptolemy.moml.MoMLSimpleApplication@7639b006
----------------- Done invoking toplevel() on ptolemy.moml.MoMLSimpleApplication@7639b006
reloadAllAccessors: .ArrayPeakSearch3

===========================================================================================
----------------- testing Sun Nov 17 06:24:12 UTC 2019 /home/travis/build/icyphy/ptII/ptolemy/actor/lib/test/auto/ArrayRemoveElement.xml
----------------- Instantiating /home/travis/build/icyphy/ptII/ptolemy/actor/lib/test/auto/ArrayRemoveElement.xml
5 ms. Memory: 420864K Free: 235520K (56%)
----------------- Invoking toplevel() on ptolemy.moml.MoMLSimpleApplication@5be43b2c
----------------- Done invoking toplevel() on ptolemy.moml.MoMLSimpleApplication@5be43b2c
reloadAllAccessors: .ArrayRemoveElement

===========================================================================================
----------------- testing Sun Nov 17 06:24:12 UTC 2019 /home/travis/build/icyphy/ptII/ptolemy/actor/lib/test/auto/ArraySort.xml
----------------- Instantiating /home/travis/build/icyphy/ptII/ptolemy/actor/lib/test/auto/ArraySort.xml
11 ms. Memory: 420864K Free: 226814K (54%)
----------------- Invoking toplevel() on ptolemy.moml.MoMLSimpleApplication@1a4d04ea
----------------- Done invoking toplevel() on ptolemy.moml.MoMLSimpleApplication@1a4d04ea
reloadAllAccessors: .ArraySort

===========================================================================================
----------------- testing Sun Nov 17 06:24:12 UTC 2019 /home/travis/build/icyphy/ptII/ptolemy/actor/lib/test/auto/ArraySum.xml
----------------- Instantiating /home/travis/build/icyphy/ptII/ptolemy/actor/lib/test/auto/ArraySum.xml
7 ms. Memory: 420864K Free: 221184K (53%)
----------------- Invoking toplevel() on ptolemy.moml.MoMLSimpleApplication@68cbed62
----------------- Done invoking toplevel() on ptolemy.moml.MoMLSimpleApplication@68cbed62
reloadAllAccessors: .ArraySum

===========================================================================================
----------------- testing Sun Nov 17 06:24:12 UTC 2019 /home/travis/build/icyphy/ptII/ptolemy/actor/lib/test/auto/ArrayToElements.xml
----------------- Instantiating /home/travis/build/icyphy/ptII/ptolemy/actor/lib/test/auto/ArrayToElements.xml
9 ms. Memory: 420864K Free: 216064K (51%)
----------------- Invoking toplevel() on ptolemy.moml.MoMLSimpleApplication@8075c3b
----------------- Done invoking toplevel() on ptolemy.moml.MoMLSimpleApplication@8075c3b
reloadAllAccessors: .ArrayToElements

===========================================================================================
----------------- testing Sun Nov 17 06:24:12 UTC 2019 /home/travis/build/icyphy/ptII/ptolemy/actor/lib/test/auto/ArrayToMatrix.xml
----------------- Instantiating /home/travis/build/icyphy/ptII/ptolemy/actor/lib/test/auto/ArrayToMatrix.xml
14 ms. Memory: 420864K Free: 201728K (48%)
----------------- Invoking toplevel() on ptolemy.moml.MoMLSimpleApplication@d5700e3
----------------- Done invoking toplevel() on ptolemy.moml.MoMLSimpleApplication@d5700e3
reloadAllAccessors: .ArrayToMatrix

===========================================================================================
----------------- testing Sun Nov 17 06:24:12 UTC 2019 /home/travis/build/icyphy/ptII/ptolemy/actor/lib/test/auto/ArrayUpdate1.xml
----------------- Instantiating /home/travis/build/icyphy/ptII/ptolemy/actor/lib/test/auto/ArrayUpdate1.xml
10 ms. Memory: 420864K Free: 197118K (47%)
----------------- Invoking toplevel() on ptolemy.moml.MoMLSimpleApplication@854d075
----------------- Done invoking toplevel() on ptolemy.moml.MoMLSimpleApplication@854d075
reloadAllAccessors: .ArrayUpdate1

===========================================================================================
----------------- testing Sun Nov 17 06:24:12 UTC 2019 /home/travis/build/icyphy/ptII/ptolemy/actor/lib/test/auto/ArrayUpdate2.xml
----------------- Instantiating /home/travis/build/icyphy/ptII/ptolemy/actor/lib/test/auto/ArrayUpdate2.xml
9 ms. Memory: 420864K Free: 190464K (45%)
----------------- Invoking toplevel() on ptolemy.moml.MoMLSimpleApplication@4397861a
----------------- Done invoking toplevel() on ptolemy.moml.MoMLSimpleApplication@4397861a
reloadAllAccessors: .ArrayUpdate2

===========================================================================================
----------------- testing Sun Nov 17 06:24:12 UTC 2019 /home/travis/build/icyphy/ptII/ptolemy/actor/lib/test/auto/ArrayUpdate3.xml
----------------- Instantiating /home/travis/build/icyphy/ptII/ptolemy/actor/lib/test/auto/ArrayUpdate3.xml
3 ms. Memory: 420864K Free: 185854K (44%)
----------------- Invoking toplevel() on ptolemy.moml.MoMLSimpleApplication@9f5f45d
----------------- Done invoking toplevel() on ptolemy.moml.MoMLSimpleApplication@9f5f45d
reloadAllAccessors: .ArrayUpdate3

===========================================================================================
----------------- testing Sun Nov 17 06:24:12 UTC 2019 /home/travis/build/icyphy/ptII/ptolemy/actor/lib/test/auto/Assert1.xml
----------------- Instantiating /home/travis/build/icyphy/ptII/ptolemy/actor/lib/test/auto/Assert1.xml
6 ms. Memory: 420864K Free: 181248K (43%)
----------------- Invoking toplevel() on ptolemy.moml.MoMLSimpleApplication@59a1dde5
----------------- Done invoking toplevel() on ptolemy.moml.MoMLSimpleApplication@59a1dde5
reloadAllAccessors: .Assert1

===========================================================================================
----------------- testing Sun Nov 17 06:24:12 UTC 2019 /home/travis/build/icyphy/ptII/ptolemy/actor/lib/test/auto/Assert2.xml
----------------- Instantiating /home/travis/build/icyphy/ptII/ptolemy/actor/lib/test/auto/Assert2.xml
2 ms. Memory: 420864K Free: 176638K (42%)
----------------- Invoking toplevel() on ptolemy.moml.MoMLSimpleApplication@68745ac
----------------- Done invoking toplevel() on ptolemy.moml.MoMLSimpleApplication@68745ac
reloadAllAccessors: .Assert2

===========================================================================================
----------------- testing Sun Nov 17 06:24:12 UTC 2019 /home/travis/build/icyphy/ptII/ptolemy/actor/lib/test/auto/BooleanMultiplexor.xml
----------------- Instantiating /home/travis/build/icyphy/ptII/ptolemy/actor/lib/test/auto/BooleanMultiplexor.xml
2 ms. Memory: 420864K Free: 171008K (41%)
----------------- Invoking toplevel() on ptolemy.moml.MoMLSimpleApplication@1a13f0c
----------------- Done invoking toplevel() on ptolemy.moml.MoMLSimpleApplication@1a13f0c
reloadAllAccessors: .BooleanMultiplexor

===========================================================================================
----------------- testing Sun Nov 17 06:24:13 UTC 2019 /home/travis/build/icyphy/ptII/ptolemy/actor/lib/test/auto/BooleanMultiplexor2.xml
----------------- Instantiating /home/travis/build/icyphy/ptII/ptolemy/actor/lib/test/auto/BooleanMultiplexor2.xml
13 ms. Memory: 420864K Free: 164864K (39%)
----------------- Invoking toplevel() on ptolemy.moml.MoMLSimpleApplication@39179a1a
----------------- Done invoking toplevel() on ptolemy.moml.MoMLSimpleApplication@39179a1a
reloadAllAccessors: .BooleanMultiplexor2

===========================================================================================
----------------- testing Sun Nov 17 06:24:13 UTC 2019 /home/travis/build/icyphy/ptII/ptolemy/actor/lib/test/auto/BooleanMultiplexor3.xml
----------------- Instantiating /home/travis/build/icyphy/ptII/ptolemy/actor/lib/test/auto/BooleanMultiplexor3.xml
6 ms. Memory: 420864K Free: 160768K (38%)
----------------- Invoking toplevel() on ptolemy.moml.MoMLSimpleApplication@21f7cea5
----------------- Done invoking toplevel() on ptolemy.moml.MoMLSimpleApplication@21f7cea5
reloadAllAccessors: .BooleanMultiplexor3

===========================================================================================
----------------- testing Sun Nov 17 06:24:13 UTC 2019 /home/travis/build/icyphy/ptII/ptolemy/actor/lib/test/auto/BooleanSelect.xml
----------------- Instantiating /home/travis/build/icyphy/ptII/ptolemy/actor/lib/test/auto/BooleanSelect.xml
9 ms. Memory: 420864K Free: 154624K (37%)
----------------- Invoking toplevel() on ptolemy.moml.MoMLSimpleApplication@17afdd6d
----------------- Done invoking toplevel() on ptolemy.moml.MoMLSimpleApplication@17afdd6d
reloadAllAccessors: .BooleanSelect

===========================================================================================
----------------- testing Sun Nov 17 06:24:13 UTC 2019 /home/travis/build/icyphy/ptII/ptolemy/actor/lib/test/auto/BooleanSelect2.xml
----------------- Instantiating /home/travis/build/icyphy/ptII/ptolemy/actor/lib/test/auto/BooleanSelect2.xml
2 ms. Memory: 420864K Free: 150014K (36%)
----------------- Invoking toplevel() on ptolemy.moml.MoMLSimpleApplication@7abfdb5a
----------------- Done invoking toplevel() on ptolemy.moml.MoMLSimpleApplication@7abfdb5a
reloadAllAccessors: .BooleanSelect2

===========================================================================================
----------------- testing Sun Nov 17 06:24:13 UTC 2019 /home/travis/build/icyphy/ptII/ptolemy/actor/lib/test/auto/BooleanSwitch.xml
----------------- Instantiating /home/travis/build/icyphy/ptII/ptolemy/actor/lib/test/auto/BooleanSwitch.xml
6 ms. Memory: 420864K Free: 144384K (34%)
----------------- Invoking toplevel() on ptolemy.moml.MoMLSimpleApplication@15f5eb68
----------------- Done invoking toplevel() on ptolemy.moml.MoMLSimpleApplication@15f5eb68
reloadAllAccessors: .BooleanSwitch

===========================================================================================
----------------- testing Sun Nov 17 06:24:13 UTC 2019 /home/travis/build/icyphy/ptII/ptolemy/actor/lib/test/auto/BooleanSwitch2.xml
----------------- Instantiating /home/travis/build/icyphy/ptII/ptolemy/actor/lib/test/auto/BooleanSwitch2.xml
2 ms. Memory: 420864K Free: 139774K (33%)
----------------- Invoking toplevel() on ptolemy.moml.MoMLSimpleApplication@3724adbe
----------------- Done invoking toplevel() on ptolemy.moml.MoMLSimpleApplication@3724adbe
reloadAllAccessors: .BooleanSwitch2

===========================================================================================
----------------- testing Sun Nov 17 06:24:13 UTC 2019 /home/travis/build/icyphy/ptII/ptolemy/actor/lib/test/auto/BooleanSwitchCloningBugWithClassRelationGroup.xml
----------------- Instantiating /home/travis/build/icyphy/ptII/ptolemy/actor/lib/test/auto/BooleanSwitchCloningBugWithClassRelationGroup.xml
2 ms. Memory: 420864K Free: 133630K (32%)
----------------- Invoking toplevel() on ptolemy.moml.MoMLSimpleApplication@ea4d059
----------------- Done invoking toplevel() on ptolemy.moml.MoMLSimpleApplication@ea4d059
reloadAllAccessors: .BooleanSwitchCloningBugWithClassRelationGroup

===========================================================================================
----------------- testing Sun Nov 17 06:24:13 UTC 2019 /home/travis/build/icyphy/ptII/ptolemy/actor/lib/test/auto/BusActors.xml
----------------- Instantiating /home/travis/build/icyphy/ptII/ptolemy/actor/lib/test/auto/BusActors.xml
6 ms. Memory: 420864K Free: 125438K (30%)
----------------- Invoking toplevel() on ptolemy.moml.MoMLSimpleApplication@1b1af7a1
----------------- Done invoking toplevel() on ptolemy.moml.MoMLSimpleApplication@1b1af7a1
reloadAllAccessors: .BusActors

===========================================================================================
----------------- testing Sun Nov 17 06:24:13 UTC 2019 /home/travis/build/icyphy/ptII/ptolemy/actor/lib/test/auto/ClassWrapper.xml
----------------- Instantiating /home/travis/build/icyphy/ptII/ptolemy/actor/lib/test/auto/ClassWrapper.xml
3 ms. Memory: 420864K Free: 371278K (88%)
----------------- Invoking toplevel() on ptolemy.moml.MoMLSimpleApplication@391445f0
----------------- Done invoking toplevel() on ptolemy.moml.MoMLSimpleApplication@391445f0
reloadAllAccessors: .ClassWrapper

===========================================================================================
----------------- testing Sun Nov 17 06:24:13 UTC 2019 /home/travis/build/icyphy/ptII/ptolemy/actor/lib/test/auto/Clock.xml
----------------- Instantiating /home/travis/build/icyphy/ptII/ptolemy/actor/lib/test/auto/Clock.xml
1 ms. Memory: 420864K Free: 367182K (87%)
----------------- Invoking toplevel() on ptolemy.moml.MoMLSimpleApplication@52674596
----------------- Done invoking toplevel() on ptolemy.moml.MoMLSimpleApplication@52674596
reloadAllAccessors: .Clock

===========================================================================================
----------------- testing Sun Nov 17 06:24:13 UTC 2019 /home/travis/build/icyphy/ptII/ptolemy/actor/lib/test/auto/Clock10.xml
----------------- Instantiating /home/travis/build/icyphy/ptII/ptolemy/actor/lib/test/auto/Clock10.xml
3 ms. Memory: 420864K Free: 361038K (86%)
----------------- Invoking toplevel() on ptolemy.moml.MoMLSimpleApplication@4ba7c7d6
----------------- Done invoking toplevel() on ptolemy.moml.MoMLSimpleApplication@4ba7c7d6
reloadAllAccessors: .Clock10

===========================================================================================
----------------- testing Sun Nov 17 06:24:13 UTC 2019 /home/travis/build/icyphy/ptII/ptolemy/actor/lib/test/auto/Clock11.xml
----------------- Instantiating /home/travis/build/icyphy/ptII/ptolemy/actor/lib/test/auto/Clock11.xml
3 ms. Memory: 420864K Free: 355404K (84%)
----------------- Invoking toplevel() on ptolemy.moml.MoMLSimpleApplication@15df0827
----------------- Done invoking toplevel() on ptolemy.moml.MoMLSimpleApplication@15df0827
reloadAllAccessors: .Clock11

===========================================================================================
----------------- testing Sun Nov 17 06:24:13 UTC 2019 /home/travis/build/icyphy/ptII/ptolemy/actor/lib/test/auto/Clock12.xml
----------------- Instantiating /home/travis/build/icyphy/ptII/ptolemy/actor/lib/test/auto/Clock12.xml
5 ms. Memory: 420864K Free: 349260K (83%)
----------------- Invoking toplevel() on ptolemy.moml.MoMLSimpleApplication@37353a78
----------------- Done invoking toplevel() on ptolemy.moml.MoMLSimpleApplication@37353a78
reloadAllAccessors: .Clock12

===========================================================================================
----------------- testing Sun Nov 17 06:24:13 UTC 2019 /home/travis/build/icyphy/ptII/ptolemy/actor/lib/test/auto/Clock13.xml
----------------- Instantiating /home/travis/build/icyphy/ptII/ptolemy/actor/lib/test/auto/Clock13.xml
3 ms. Memory: 420864K Free: 343630K (82%)
----------------- Invoking toplevel() on ptolemy.moml.MoMLSimpleApplication@2da17ecd
----------------- Done invoking toplevel() on ptolemy.moml.MoMLSimpleApplication@2da17ecd
reloadAllAccessors: .Clock13

===========================================================================================
----------------- testing Sun Nov 17 06:24:13 UTC 2019 /home/travis/build/icyphy/ptII/ptolemy/actor/lib/test/auto/Clock14.xml
----------------- Instantiating /home/travis/build/icyphy/ptII/ptolemy/actor/lib/test/auto/Clock14.xml
3 ms. Memory: 420864K Free: 337486K (80%)
----------------- Invoking toplevel() on ptolemy.moml.MoMLSimpleApplication@6fea29f
----------------- Done invoking toplevel() on ptolemy.moml.MoMLSimpleApplication@6fea29f
reloadAllAccessors: .Clock14

===========================================================================================
----------------- testing Sun Nov 17 06:24:13 UTC 2019 /home/travis/build/icyphy/ptII/ptolemy/actor/lib/test/auto/Clock15.xml
----------------- Instantiating /home/travis/build/icyphy/ptII/ptolemy/actor/lib/test/auto/Clock15.xml
2 ms. Memory: 420864K Free: 331838K (79%)
----------------- Invoking toplevel() on ptolemy.moml.MoMLSimpleApplication@4a7fa8f4
----------------- Done invoking toplevel() on ptolemy.moml.MoMLSimpleApplication@4a7fa8f4
reloadAllAccessors: .Clock15

===========================================================================================
----------------- testing Sun Nov 17 06:24:13 UTC 2019 /home/travis/build/icyphy/ptII/ptolemy/actor/lib/test/auto/Clock16.xml
----------------- Instantiating /home/travis/build/icyphy/ptII/ptolemy/actor/lib/test/auto/Clock16.xml
41 ms. Memory: 420864K Free: 316974K (75%)
----------------- Invoking toplevel() on ptolemy.moml.MoMLSimpleApplication@3502a2fb
----------------- Done invoking toplevel() on ptolemy.moml.MoMLSimpleApplication@3502a2fb
reloadAllAccessors: .Clock16

===========================================================================================
----------------- testing Sun Nov 17 06:24:13 UTC 2019 /home/travis/build/icyphy/ptII/ptolemy/actor/lib/test/auto/Clock17.xml
----------------- Instantiating /home/travis/build/icyphy/ptII/ptolemy/actor/lib/test/auto/Clock17.xml
32 ms. Memory: 420864K Free: 303694K (72%)
----------------- Invoking toplevel() on ptolemy.moml.MoMLSimpleApplication@2433985c
----------------- Done invoking toplevel() on ptolemy.moml.MoMLSimpleApplication@2433985c
reloadAllAccessors: .Clock17

===========================================================================================
----------------- testing Sun Nov 17 06:24:13 UTC 2019 /home/travis/build/icyphy/ptII/ptolemy/actor/lib/test/auto/Clock18.xml
----------------- Instantiating /home/travis/build/icyphy/ptII/ptolemy/actor/lib/test/auto/Clock18.xml
26 ms. Memory: 420864K Free: 290382K (69%)
----------------- Invoking toplevel() on ptolemy.moml.MoMLSimpleApplication@f7dcc03
----------------- Done invoking toplevel() on ptolemy.moml.MoMLSimpleApplication@f7dcc03
reloadAllAccessors: .Clock18

===========================================================================================
----------------- testing Sun Nov 17 06:24:13 UTC 2019 /home/travis/build/icyphy/ptII/ptolemy/actor/lib/test/auto/Clock19.xml
----------------- Instantiating /home/travis/build/icyphy/ptII/ptolemy/actor/lib/test/auto/Clock19.xml
12 ms. Memory: 420864K Free: 277070K (66%)
----------------- Invoking toplevel() on ptolemy.moml.MoMLSimpleApplication@374229f1
----------------- Done invoking toplevel() on ptolemy.moml.MoMLSimpleApplication@374229f1
reloadAllAccessors: .Clock19

===========================================================================================
----------------- testing Sun Nov 17 06:24:13 UTC 2019 /home/travis/build/icyphy/ptII/ptolemy/actor/lib/test/auto/Clock2.xml
----------------- Instantiating /home/travis/build/icyphy/ptII/ptolemy/actor/lib/test/auto/Clock2.xml
5 ms. Memory: 420864K Free: 272446K (65%)
----------------- Invoking toplevel() on ptolemy.moml.MoMLSimpleApplication@470b18e6
----------------- Done invoking toplevel() on ptolemy.moml.MoMLSimpleApplication@470b18e6
reloadAllAccessors: .Clock2

===========================================================================================
----------------- testing Sun Nov 17 06:24:13 UTC 2019 /home/travis/build/icyphy/ptII/ptolemy/actor/lib/test/auto/Clock20.xml
----------------- Instantiating /home/travis/build/icyphy/ptII/ptolemy/actor/lib/test/auto/Clock20.xml
11 ms. Memory: 420864K Free: 266830K (63%)
----------------- Invoking toplevel() on ptolemy.moml.MoMLSimpleApplication@57828845
----------------- Done invoking toplevel() on ptolemy.moml.MoMLSimpleApplication@57828845
reloadAllAccessors: .Clock20

===========================================================================================
----------------- testing Sun Nov 17 06:24:13 UTC 2019 /home/travis/build/icyphy/ptII/ptolemy/actor/lib/test/auto/Clock21.xml
----------------- Instantiating /home/travis/build/icyphy/ptII/ptolemy/actor/lib/test/auto/Clock21.xml
4 ms. Memory: 420864K Free: 261710K (62%)
----------------- Invoking toplevel() on ptolemy.moml.MoMLSimpleApplication@6fb6d113
----------------- Done invoking toplevel() on ptolemy.moml.MoMLSimpleApplication@6fb6d113
reloadAllAccessors: .Clock21

===========================================================================================
----------------- testing Sun Nov 17 06:24:13 UTC 2019 /home/travis/build/icyphy/ptII/ptolemy/actor/lib/test/auto/Clock22.xml
----------------- Instantiating /home/travis/build/icyphy/ptII/ptolemy/actor/lib/test/auto/Clock22.xml
2 ms. Memory: 420864K Free: 256076K (61%)
----------------- Invoking toplevel() on ptolemy.moml.MoMLSimpleApplication@50f73e48
----------------- Done invoking toplevel() on ptolemy.moml.MoMLSimpleApplication@50f73e48
reloadAllAccessors: .Clock22

===========================================================================================
----------------- testing Sun Nov 17 06:24:13 UTC 2019 /home/travis/build/icyphy/ptII/ptolemy/actor/lib/test/auto/Clock23.xml
----------------- Instantiating /home/travis/build/icyphy/ptII/ptolemy/actor/lib/test/auto/Clock23.xml
4 ms. Memory: 420864K Free: 250956K (60%)
----------------- Invoking toplevel() on ptolemy.moml.MoMLSimpleApplication@140637a4
----------------- Done invoking toplevel() on ptolemy.moml.MoMLSimpleApplication@140637a4
reloadAllAccessors: .Clock23

===========================================================================================
----------------- testing Sun Nov 17 06:24:13 UTC 2019 /home/travis/build/icyphy/ptII/ptolemy/actor/lib/test/auto/Clock24.xml
----------------- Instantiating /home/travis/build/icyphy/ptII/ptolemy/actor/lib/test/auto/Clock24.xml
2 ms. Memory: 420864K Free: 245326K (58%)
----------------- Invoking toplevel() on ptolemy.moml.MoMLSimpleApplication@6eb22eee
----------------- Done invoking toplevel() on ptolemy.moml.MoMLSimpleApplication@6eb22eee
reloadAllAccessors: .Clock24

===========================================================================================
----------------- testing Sun Nov 17 06:24:13 UTC 2019 /home/travis/build/icyphy/ptII/ptolemy/actor/lib/test/auto/Clock4.xml
----------------- Instantiating /home/travis/build/icyphy/ptII/ptolemy/actor/lib/test/auto/Clock4.xml
2 ms. Memory: 420864K Free: 240206K (57%)
----------------- Invoking toplevel() on ptolemy.moml.MoMLSimpleApplication@43fef36d
----------------- Done invoking toplevel() on ptolemy.moml.MoMLSimpleApplication@43fef36d
reloadAllAccessors: .Clock4

===========================================================================================
----------------- testing Sun Nov 17 06:24:13 UTC 2019 /home/travis/build/icyphy/ptII/ptolemy/actor/lib/test/auto/Clock5.xml
----------------- Instantiating /home/travis/build/icyphy/ptII/ptolemy/actor/lib/test/auto/Clock5.xml
2 ms. Memory: 420864K Free: 235086K (56%)
----------------- Invoking toplevel() on ptolemy.moml.MoMLSimpleApplication@5a340edf
----------------- Done invoking toplevel() on ptolemy.moml.MoMLSimpleApplication@5a340edf
reloadAllAccessors: .Clock5

===========================================================================================
----------------- testing Sun Nov 17 06:24:13 UTC 2019 /home/travis/build/icyphy/ptII/ptolemy/actor/lib/test/auto/Clock6.xml
----------------- Instantiating /home/travis/build/icyphy/ptII/ptolemy/actor/lib/test/auto/Clock6.xml
4 ms. Memory: 420864K Free: 230990K (55%)
----------------- Invoking toplevel() on ptolemy.moml.MoMLSimpleApplication@4b7371db
----------------- Done invoking toplevel() on ptolemy.moml.MoMLSimpleApplication@4b7371db
reloadAllAccessors: .Clock6

===========================================================================================
----------------- testing Sun Nov 17 06:24:13 UTC 2019 /home/travis/build/icyphy/ptII/ptolemy/actor/lib/test/auto/Clock7.xml
----------------- Instantiating /home/travis/build/icyphy/ptII/ptolemy/actor/lib/test/auto/Clock7.xml
3 ms. Memory: 420864K Free: 226892K (54%)
----------------- Invoking toplevel() on ptolemy.moml.MoMLSimpleApplication@5149807b
----------------- Done invoking toplevel() on ptolemy.moml.MoMLSimpleApplication@5149807b
reloadAllAccessors: .Clock7

===========================================================================================
----------------- testing Sun Nov 17 06:24:13 UTC 2019 /home/travis/build/icyphy/ptII/ptolemy/actor/lib/test/auto/Clock8.xml
----------------- Instantiating /home/travis/build/icyphy/ptII/ptolemy/actor/lib/test/auto/Clock8.xml
7 ms. Memory: 420864K Free: 220750K (52%)
----------------- Invoking toplevel() on ptolemy.moml.MoMLSimpleApplication@40304f3c
----------------- Done invoking toplevel() on ptolemy.moml.MoMLSimpleApplication@40304f3c
reloadAllAccessors: .Clock8

===========================================================================================
----------------- testing Sun Nov 17 06:24:14 UTC 2019 /home/travis/build/icyphy/ptII/ptolemy/actor/lib/test/auto/Clock9.xml
----------------- Instantiating /home/travis/build/icyphy/ptII/ptolemy/actor/lib/test/auto/Clock9.xml
7 ms. Memory: 420864K Free: 215086K (51%)
----------------- Invoking toplevel() on ptolemy.moml.MoMLSimpleApplication@6e25ccb9
----------------- Done invoking toplevel() on ptolemy.moml.MoMLSimpleApplication@6e25ccb9
reloadAllAccessors: .Clock9

===========================================================================================
----------------- testing Sun Nov 17 06:24:14 UTC 2019 /home/travis/build/icyphy/ptII/ptolemy/actor/lib/test/auto/CommDistDiscard.xml
----------------- Instantiating /home/travis/build/icyphy/ptII/ptolemy/actor/lib/test/auto/CommDistDiscard.xml
7 ms. Memory: 420864K Free: 209996K (50%)
----------------- Invoking toplevel() on ptolemy.moml.MoMLSimpleApplication@52d5c8d6
----------------- Done invoking toplevel() on ptolemy.moml.MoMLSimpleApplication@52d5c8d6
reloadAllAccessors: .CommDistDiscard

===========================================================================================
----------------- testing Sun Nov 17 06:24:14 UTC 2019 /home/travis/build/icyphy/ptII/ptolemy/actor/lib/test/auto/Commutator.xml
----------------- Instantiating /home/travis/build/icyphy/ptII/ptolemy/actor/lib/test/auto/Commutator.xml
2 ms. Memory: 420864K Free: 205390K (49%)
----------------- Invoking toplevel() on ptolemy.moml.MoMLSimpleApplication@7990be2f
----------------- Done invoking toplevel() on ptolemy.moml.MoMLSimpleApplication@7990be2f
reloadAllAccessors: .Commutator

===========================================================================================
----------------- testing Sun Nov 17 06:24:14 UTC 2019 /home/travis/build/icyphy/ptII/ptolemy/actor/lib/test/auto/Commutator2.xml
----------------- Instantiating /home/travis/build/icyphy/ptII/ptolemy/actor/lib/test/auto/Commutator2.xml
2 ms. Memory: 420864K Free: 201294K (48%)
----------------- Invoking toplevel() on ptolemy.moml.MoMLSimpleApplication@490a57e2
----------------- Done invoking toplevel() on ptolemy.moml.MoMLSimpleApplication@490a57e2
reloadAllAccessors: .Commutator2

===========================================================================================
----------------- testing Sun Nov 17 06:24:14 UTC 2019 /home/travis/build/icyphy/ptII/ptolemy/actor/lib/test/auto/Commutator3.xml
----------------- Instantiating /home/travis/build/icyphy/ptII/ptolemy/actor/lib/test/auto/Commutator3.xml
3 ms. Memory: 420864K Free: 196684K (47%)
----------------- Invoking toplevel() on ptolemy.moml.MoMLSimpleApplication@317394c6
----------------- Done invoking toplevel() on ptolemy.moml.MoMLSimpleApplication@317394c6
reloadAllAccessors: .Commutator3

===========================================================================================
----------------- testing Sun Nov 17 06:24:14 UTC 2019 /home/travis/build/icyphy/ptII/ptolemy/actor/lib/test/auto/Compare.xml
----------------- Instantiating /home/travis/build/icyphy/ptII/ptolemy/actor/lib/test/auto/Compare.xml
3 ms. Memory: 420864K Free: 190030K (45%)
----------------- Invoking toplevel() on ptolemy.moml.MoMLSimpleApplication@183a23c5
----------------- Done invoking toplevel() on ptolemy.moml.MoMLSimpleApplication@183a23c5
reloadAllAccessors: .Compare

===========================================================================================
----------------- testing Sun Nov 17 06:24:14 UTC 2019 /home/travis/build/icyphy/ptII/ptolemy/actor/lib/test/auto/CompareDE.xml
----------------- Instantiating /home/travis/build/icyphy/ptII/ptolemy/actor/lib/test/auto/CompareDE.xml
5 ms. Memory: 420864K Free: 183886K (44%)
----------------- Invoking toplevel() on ptolemy.moml.MoMLSimpleApplication@4825c1d2
----------------- Done invoking toplevel() on ptolemy.moml.MoMLSimpleApplication@4825c1d2
reloadAllAccessors: .CompareDE

===========================================================================================
----------------- testing Sun Nov 17 06:24:14 UTC 2019 /home/travis/build/icyphy/ptII/ptolemy/actor/lib/test/auto/ComplexDivide.xml
----------------- Instantiating /home/travis/build/icyphy/ptII/ptolemy/actor/lib/test/auto/ComplexDivide.xml
1 ms. Memory: 420864K Free: 179790K (43%)
----------------- Invoking toplevel() on ptolemy.moml.MoMLSimpleApplication@72ff5378
----------------- Done invoking toplevel() on ptolemy.moml.MoMLSimpleApplication@72ff5378
reloadAllAccessors: .ComplexDivide

===========================================================================================
----------------- testing Sun Nov 17 06:24:14 UTC 2019 /home/travis/build/icyphy/ptII/ptolemy/actor/lib/test/auto/ComputeHistogram.xml
----------------- Instantiating /home/travis/build/icyphy/ptII/ptolemy/actor/lib/test/auto/ComputeHistogram.xml
42 ms. Memory: 420864K Free: 167502K (40%)
----------------- Invoking toplevel() on ptolemy.moml.MoMLSimpleApplication@dc4ea55
----------------- Done invoking toplevel() on ptolemy.moml.MoMLSimpleApplication@dc4ea55
reloadAllAccessors: .ComputeHistogram

===========================================================================================
----------------- testing Sun Nov 17 06:24:14 UTC 2019 /home/travis/build/icyphy/ptII/ptolemy/actor/lib/test/auto/ConfigurationSelect.xml
----------------- Instantiating /home/travis/build/icyphy/ptII/ptolemy/actor/lib/test/auto/ConfigurationSelect.xml
13 ms. Memory: 420864K Free: 161854K (38%)
----------------- Invoking toplevel() on ptolemy.moml.MoMLSimpleApplication@46d7559e
----------------- Done invoking toplevel() on ptolemy.moml.MoMLSimpleApplication@46d7559e
reloadAllAccessors: .ConfigurationSelect

===========================================================================================
----------------- testing Sun Nov 17 06:24:14 UTC 2019 /home/travis/build/icyphy/ptII/ptolemy/actor/lib/test/auto/ConfigurationSelect2.xml
----------------- Instantiating /home/travis/build/icyphy/ptII/ptolemy/actor/lib/test/auto/ConfigurationSelect2.xml
2 ms. Memory: 420864K Free: 157262K (37%)
----------------- Invoking toplevel() on ptolemy.moml.MoMLSimpleApplication@fd88a96
----------------- Done invoking toplevel() on ptolemy.moml.MoMLSimpleApplication@fd88a96
reloadAllAccessors: .ConfigurationSelect2

===========================================================================================
----------------- testing Sun Nov 17 06:24:14 UTC 2019 /home/travis/build/icyphy/ptII/ptolemy/actor/lib/test/auto/ConfigurationSwitch.xml
----------------- Instantiating /home/travis/build/icyphy/ptII/ptolemy/actor/lib/test/auto/ConfigurationSwitch.xml
3 ms. Memory: 420864K Free: 152142K (36%)
----------------- Invoking toplevel() on ptolemy.moml.MoMLSimpleApplication@72c87e63
----------------- Done invoking toplevel() on ptolemy.moml.MoMLSimpleApplication@72c87e63
reloadAllAccessors: .ConfigurationSwitch

===========================================================================================
----------------- testing Sun Nov 17 06:24:14 UTC 2019 /home/travis/build/icyphy/ptII/ptolemy/actor/lib/test/auto/ConfigurationSwitch2.xml
----------------- Instantiating /home/travis/build/icyphy/ptII/ptolemy/actor/lib/test/auto/ConfigurationSwitch2.xml
3 ms. Memory: 420864K Free: 146508K (35%)
----------------- Invoking toplevel() on ptolemy.moml.MoMLSimpleApplication@69b3a992
----------------- Done invoking toplevel() on ptolemy.moml.MoMLSimpleApplication@69b3a992
reloadAllAccessors: .ConfigurationSwitch2

===========================================================================================
----------------- testing Sun Nov 17 06:24:14 UTC 2019 /home/travis/build/icyphy/ptII/ptolemy/actor/lib/test/auto/ConfigurationSwitchCloningBugWithClassRelationGroup.xml
----------------- Instantiating /home/travis/build/icyphy/ptII/ptolemy/actor/lib/test/auto/ConfigurationSwitchCloningBugWithClassRelationGroup.xml
2 ms. Memory: 420864K Free: 139854K (33%)
----------------- Invoking toplevel() on ptolemy.moml.MoMLSimpleApplication@46dbebf0
----------------- Done invoking toplevel() on ptolemy.moml.MoMLSimpleApplication@46dbebf0
reloadAllAccessors: .ConfigurationSwitchCloningBugWithClassRelationGroup

===========================================================================================
----------------- testing Sun Nov 17 06:24:14 UTC 2019 /home/travis/build/icyphy/ptII/ptolemy/actor/lib/test/auto/ConfigurationSwitchSelectSDF.xml
----------------- Instantiating /home/travis/build/icyphy/ptII/ptolemy/actor/lib/test/auto/ConfigurationSwitchSelectSDF.xml
3 ms. Memory: 420864K Free: 134734K (32%)
----------------- Invoking toplevel() on ptolemy.moml.MoMLSimpleApplication@38b1e351
----------------- Done invoking toplevel() on ptolemy.moml.MoMLSimpleApplication@38b1e351
reloadAllAccessors: .ConfigurationSwitchSelectSDF

===========================================================================================
----------------- testing Sun Nov 17 06:24:14 UTC 2019 /home/travis/build/icyphy/ptII/ptolemy/actor/lib/test/auto/ConfigurationSwitchSelectSDF2.xml
----------------- Instantiating /home/travis/build/icyphy/ptII/ptolemy/actor/lib/test/auto/ConfigurationSwitchSelectSDF2.xml
3 ms. Memory: 420864K Free: 129100K (31%)
----------------- Invoking toplevel() on ptolemy.moml.MoMLSimpleApplication@15e7d58a
----------------- Done invoking toplevel() on ptolemy.moml.MoMLSimpleApplication@15e7d58a
reloadAllAccessors: .ConfigurationSwitchSelectSDF2

===========================================================================================
----------------- testing Sun Nov 17 06:24:14 UTC 2019 /home/travis/build/icyphy/ptII/ptolemy/actor/lib/test/auto/Const.xml
----------------- Instantiating /home/travis/build/icyphy/ptII/ptolemy/actor/lib/test/auto/Const.xml
2 ms. Memory: 420864K Free: 126028K (30%)
----------------- Invoking toplevel() on ptolemy.moml.MoMLSimpleApplication@7fd361c8
----------------- Done invoking toplevel() on ptolemy.moml.MoMLSimpleApplication@7fd361c8
reloadAllAccessors: .Const

===========================================================================================
----------------- testing Sun Nov 17 06:24:14 UTC 2019 /home/travis/build/icyphy/ptII/ptolemy/actor/lib/test/auto/Const2.xml
----------------- Instantiating /home/travis/build/icyphy/ptII/ptolemy/actor/lib/test/auto/Const2.xml
2 ms. Memory: 420864K Free: 371817K (88%)
----------------- Invoking toplevel() on ptolemy.moml.MoMLSimpleApplication@4efa3b53
----------------- Done invoking toplevel() on ptolemy.moml.MoMLSimpleApplication@4efa3b53
reloadAllAccessors: .Const2

===========================================================================================
----------------- testing Sun Nov 17 06:24:14 UTC 2019 /home/travis/build/icyphy/ptII/ptolemy/actor/lib/test/auto/Const3.xml
----------------- Instantiating /home/travis/build/icyphy/ptII/ptolemy/actor/lib/test/auto/Const3.xml
2 ms. Memory: 420864K Free: 368745K (88%)
----------------- Invoking toplevel() on ptolemy.moml.MoMLSimpleApplication@2954d200
----------------- Done invoking toplevel() on ptolemy.moml.MoMLSimpleApplication@2954d200
reloadAllAccessors: .Const3

===========================================================================================
----------------- testing Sun Nov 17 06:24:14 UTC 2019 /home/travis/build/icyphy/ptII/ptolemy/actor/lib/test/auto/ConstantPublisherPort1.xml
----------------- Instantiating /home/travis/build/icyphy/ptII/ptolemy/actor/lib/test/auto/ConstantPublisherPort1.xml
8 ms. Memory: 420864K Free: 360043K (86%)
----------------- Invoking toplevel() on ptolemy.moml.MoMLSimpleApplication@462303c1
----------------- Done invoking toplevel() on ptolemy.moml.MoMLSimpleApplication@462303c1
reloadAllAccessors: .ConstantPublisherPort1

===========================================================================================
----------------- testing Sun Nov 17 06:24:14 UTC 2019 /home/travis/build/icyphy/ptII/ptolemy/actor/lib/test/auto/ConstantPublisherPort2.xml
----------------- Instantiating /home/travis/build/icyphy/ptII/ptolemy/actor/lib/test/auto/ConstantPublisherPort2.xml
16 ms. Memory: 420864K Free: 352875K (84%)
----------------- Invoking toplevel() on ptolemy.moml.MoMLSimpleApplication@7c1a55ae
----------------- Done invoking toplevel() on ptolemy.moml.MoMLSimpleApplication@7c1a55ae
reloadAllAccessors: .ConstantPublisherPort2

===========================================================================================
----------------- testing Sun Nov 17 06:24:14 UTC 2019 /home/travis/build/icyphy/ptII/ptolemy/actor/lib/test/auto/ConstantPublisherPort3.xml
----------------- Instantiating /home/travis/build/icyphy/ptII/ptolemy/actor/lib/test/auto/ConstantPublisherPort3.xml
8 ms. Memory: 420864K Free: 345193K (82%)
----------------- Invoking toplevel() on ptolemy.moml.MoMLSimpleApplication@2a9c93d5
----------------- Done invoking toplevel() on ptolemy.moml.MoMLSimpleApplication@2a9c93d5
reloadAllAccessors: .ConstantPublisherPort3

===========================================================================================
----------------- testing Sun Nov 17 06:24:14 UTC 2019 /home/travis/build/icyphy/ptII/ptolemy/actor/lib/test/auto/ConstantPublisherPort4.xml
----------------- Instantiating /home/travis/build/icyphy/ptII/ptolemy/actor/lib/test/auto/ConstantPublisherPort4.xml
3 ms. Memory: 420864K Free: 338025K (80%)
----------------- Invoking toplevel() on ptolemy.moml.MoMLSimpleApplication@71ea8058
----------------- Done invoking toplevel() on ptolemy.moml.MoMLSimpleApplication@71ea8058
reloadAllAccessors: .ConstantPublisherPort4

===========================================================================================
----------------- testing Sun Nov 17 06:24:14 UTC 2019 /home/travis/build/icyphy/ptII/ptolemy/actor/lib/test/auto/ConstantPublisherPort5.xml
----------------- Instantiating /home/travis/build/icyphy/ptII/ptolemy/actor/lib/test/auto/ConstantPublisherPort5.xml
35 ms. Memory: 420864K Free: 328809K (78%)
----------------- Invoking toplevel() on ptolemy.moml.MoMLSimpleApplication@322e41b3
----------------- Done invoking toplevel() on ptolemy.moml.MoMLSimpleApplication@322e41b3
reloadAllAccessors: .ConstantPublisherPort5

===========================================================================================
----------------- testing Sun Nov 17 06:24:14 UTC 2019 /home/travis/build/icyphy/ptII/ptolemy/actor/lib/test/auto/ConstantPublisherPort6.xml
----------------- Instantiating /home/travis/build/icyphy/ptII/ptolemy/actor/lib/test/auto/ConstantPublisherPort6.xml
14 ms. Memory: 420864K Free: 319593K (76%)
----------------- Invoking toplevel() on ptolemy.moml.MoMLSimpleApplication@479b5e64
----------------- Done invoking toplevel() on ptolemy.moml.MoMLSimpleApplication@479b5e64
reloadAllAccessors: .ConstantPublisherPort6

===========================================================================================
----------------- testing Sun Nov 17 06:24:14 UTC 2019 /home/travis/build/icyphy/ptII/ptolemy/actor/lib/test/auto/ConstantPublisherPort7.xml
----------------- Instantiating /home/travis/build/icyphy/ptII/ptolemy/actor/lib/test/auto/ConstantPublisherPort7.xml
15 ms. Memory: 420864K Free: 310377K (74%)
----------------- Invoking toplevel() on ptolemy.moml.MoMLSimpleApplication@21432d12
----------------- Done invoking toplevel() on ptolemy.moml.MoMLSimpleApplication@21432d12
reloadAllAccessors: .ConstantPublisherPort7

===========================================================================================
----------------- testing Sun Nov 17 06:24:14 UTC 2019 /home/travis/build/icyphy/ptII/ptolemy/actor/lib/test/auto/ConstraintMonitor1.xml
----------------- Instantiating /home/travis/build/icyphy/ptII/ptolemy/actor/lib/test/auto/ConstraintMonitor1.xml
3 ms. Memory: 420864K Free: 305257K (73%)
----------------- Invoking toplevel() on ptolemy.moml.MoMLSimpleApplication@14a1b0fb
----------------- Done invoking toplevel() on ptolemy.moml.MoMLSimpleApplication@14a1b0fb
reloadAllAccessors: .ConstraintMonitor1

===========================================================================================
----------------- testing Sun Nov 17 06:24:14 UTC 2019 /home/travis/build/icyphy/ptII/ptolemy/actor/lib/test/auto/ConstraintMonitor2.xml
----------------- Instantiating /home/travis/build/icyphy/ptII/ptolemy/actor/lib/test/auto/ConstraintMonitor2.xml
3 ms. Memory: 420864K Free: 300651K (71%)
----------------- Invoking toplevel() on ptolemy.moml.MoMLSimpleApplication@63de774b
----------------- Done invoking toplevel() on ptolemy.moml.MoMLSimpleApplication@63de774b
reloadAllAccessors: .ConstraintMonitor2

===========================================================================================
----------------- testing Sun Nov 17 06:24:14 UTC 2019 /home/travis/build/icyphy/ptII/ptolemy/actor/lib/test/auto/ConstraintMonitor3.xml
----------------- Instantiating /home/travis/build/icyphy/ptII/ptolemy/actor/lib/test/auto/ConstraintMonitor3.xml
5 ms. Memory: 420864K Free: 296041K (70%)
----------------- Invoking toplevel() on ptolemy.moml.MoMLSimpleApplication@77d48051
----------------- Done invoking toplevel() on ptolemy.moml.MoMLSimpleApplication@77d48051
reloadAllAccessors: .ConstraintMonitor3

===========================================================================================
----------------- testing Sun Nov 17 06:24:14 UTC 2019 /home/travis/build/icyphy/ptII/ptolemy/actor/lib/test/auto/ConstraintMonitor4.xml
----------------- Instantiating /home/travis/build/icyphy/ptII/ptolemy/actor/lib/test/auto/ConstraintMonitor4.xml
6 ms. Memory: 420864K Free: 291435K (69%)
----------------- Invoking toplevel() on ptolemy.moml.MoMLSimpleApplication@505a2660
----------------- Done invoking toplevel() on ptolemy.moml.MoMLSimpleApplication@505a2660
reloadAllAccessors: .ConstraintMonitor4

===========================================================================================
----------------- testing Sun Nov 17 06:24:15 UTC 2019 /home/travis/build/icyphy/ptII/ptolemy/actor/lib/test/auto/ConstraintMonitor5.xml
----------------- Instantiating /home/travis/build/icyphy/ptII/ptolemy/actor/lib/test/auto/ConstraintMonitor5.xml
6 ms. Memory: 420864K Free: 285801K (68%)
----------------- Invoking toplevel() on ptolemy.moml.MoMLSimpleApplication@711dc9f8
----------------- Done invoking toplevel() on ptolemy.moml.MoMLSimpleApplication@711dc9f8
reloadAllAccessors: .ConstraintMonitor5

===========================================================================================
----------------- testing Sun Nov 17 06:24:15 UTC 2019 /home/travis/build/icyphy/ptII/ptolemy/actor/lib/test/auto/ConstraintMonitor6.xml
----------------- Instantiating /home/travis/build/icyphy/ptII/ptolemy/actor/lib/test/auto/ConstraintMonitor6.xml
6 ms. Memory: 420864K Free: 279147K (66%)
----------------- Invoking toplevel() on ptolemy.moml.MoMLSimpleApplication@522691b
----------------- Done invoking toplevel() on ptolemy.moml.MoMLSimpleApplication@522691b
reloadAllAccessors: .ConstraintMonitor6

===========================================================================================
----------------- testing Sun Nov 17 06:24:15 UTC 2019 /home/travis/build/icyphy/ptII/ptolemy/actor/lib/test/auto/ConstraintMonitor7.xml
----------------- Instantiating /home/travis/build/icyphy/ptII/ptolemy/actor/lib/test/auto/ConstraintMonitor7.xml
7 ms. Memory: 420864K Free: 273003K (65%)
----------------- Invoking toplevel() on ptolemy.moml.MoMLSimpleApplication@4f636e24
----------------- Done invoking toplevel() on ptolemy.moml.MoMLSimpleApplication@4f636e24
reloadAllAccessors: .ConstraintMonitor7

===========================================================================================
----------------- testing Sun Nov 17 06:24:15 UTC 2019 /home/travis/build/icyphy/ptII/ptolemy/actor/lib/test/auto/ConstraintMonitor8.xml
----------------- Instantiating /home/travis/build/icyphy/ptII/ptolemy/actor/lib/test/auto/ConstraintMonitor8.xml
7 ms. Memory: 420864K Free: 265321K (63%)
----------------- Invoking toplevel() on ptolemy.moml.MoMLSimpleApplication@6d5f29e1
----------------- Done invoking toplevel() on ptolemy.moml.MoMLSimpleApplication@6d5f29e1
reloadAllAccessors: .ConstraintMonitor8

===========================================================================================
----------------- testing Sun Nov 17 06:24:15 UTC 2019 /home/travis/build/icyphy/ptII/ptolemy/actor/lib/test/auto/Counter.xml
----------------- Instantiating /home/travis/build/icyphy/ptII/ptolemy/actor/lib/test/auto/Counter.xml
3 ms. Memory: 420864K Free: 260201K (62%)
----------------- Invoking toplevel() on ptolemy.moml.MoMLSimpleApplication@2594883b
----------------- Done invoking toplevel() on ptolemy.moml.MoMLSimpleApplication@2594883b
reloadAllAccessors: .Counter

===========================================================================================
----------------- testing Sun Nov 17 06:24:15 UTC 2019 /home/travis/build/icyphy/ptII/ptolemy/actor/lib/test/auto/CurrentTimeSDF.xml
----------------- Instantiating /home/travis/build/icyphy/ptII/ptolemy/actor/lib/test/auto/CurrentTimeSDF.xml
2 ms. Memory: 420864K Free: 256105K (61%)
----------------- Invoking toplevel() on ptolemy.moml.MoMLSimpleApplication@17ba057
----------------- Done invoking toplevel() on ptolemy.moml.MoMLSimpleApplication@17ba057
reloadAllAccessors: .CurrentTimeSDF

===========================================================================================
----------------- testing Sun Nov 17 06:24:15 UTC 2019 /home/travis/build/icyphy/ptII/ptolemy/actor/lib/test/auto/DB.xml
----------------- Instantiating /home/travis/build/icyphy/ptII/ptolemy/actor/lib/test/auto/DB.xml
2 ms. Memory: 420864K Free: 251499K (60%)
----------------- Invoking toplevel() on ptolemy.moml.MoMLSimpleApplication@66854718
----------------- Done invoking toplevel() on ptolemy.moml.MoMLSimpleApplication@66854718
reloadAllAccessors: .DB

===========================================================================================
----------------- testing Sun Nov 17 06:24:15 UTC 2019 /home/travis/build/icyphy/ptII/ptolemy/actor/lib/test/auto/DBDE.xml
----------------- Instantiating /home/travis/build/icyphy/ptII/ptolemy/actor/lib/test/auto/DBDE.xml
2 ms. Memory: 420864K Free: 245355K (58%)
----------------- Invoking toplevel() on ptolemy.moml.MoMLSimpleApplication@aa57c51
----------------- Done invoking toplevel() on ptolemy.moml.MoMLSimpleApplication@aa57c51
reloadAllAccessors: .DBDE

===========================================================================================
----------------- testing Sun Nov 17 06:24:15 UTC 2019 /home/travis/build/icyphy/ptII/ptolemy/actor/lib/test/auto/DateConstructor.xml
----------------- Instantiating /home/travis/build/icyphy/ptII/ptolemy/actor/lib/test/auto/DateConstructor.xml
52 ms. Memory: 420864K Free: 227433K (54%)
----------------- Invoking toplevel() on ptolemy.moml.MoMLSimpleApplication@d7067f1
----------------- Done invoking toplevel() on ptolemy.moml.MoMLSimpleApplication@d7067f1
reloadAllAccessors: .DateConstructor

===========================================================================================
----------------- testing Sun Nov 17 06:24:15 UTC 2019 /home/travis/build/icyphy/ptII/ptolemy/actor/lib/test/auto/DelayTime.xml
----------------- Instantiating /home/travis/build/icyphy/ptII/ptolemy/actor/lib/test/auto/DelayTime.xml
4 ms. Memory: 420864K Free: 222827K (53%)
----------------- Invoking toplevel() on ptolemy.moml.MoMLSimpleApplication@554e0e0c
----------------- Done invoking toplevel() on ptolemy.moml.MoMLSimpleApplication@554e0e0c
reloadAllAccessors: .DelayTime

===========================================================================================
----------------- testing Sun Nov 17 06:24:15 UTC 2019 /home/travis/build/icyphy/ptII/ptolemy/actor/lib/test/auto/Dictionary1.xml
----------------- Instantiating /home/travis/build/icyphy/ptII/ptolemy/actor/lib/test/auto/Dictionary1.xml
2 ms. Memory: 420864K Free: 217707K (52%)
----------------- Invoking toplevel() on ptolemy.moml.MoMLSimpleApplication@6938efd7
----------------- Done invoking toplevel() on ptolemy.moml.MoMLSimpleApplication@6938efd7
reloadAllAccessors: .Dictionary1

===========================================================================================
----------------- testing Sun Nov 17 06:24:15 UTC 2019 /home/travis/build/icyphy/ptII/ptolemy/actor/lib/test/auto/Dictionary2.xml
----------------- Instantiating /home/travis/build/icyphy/ptII/ptolemy/actor/lib/test/auto/Dictionary2.xml
3 ms. Memory: 420864K Free: 212073K (50%)
----------------- Invoking toplevel() on ptolemy.moml.MoMLSimpleApplication@6282a05d
----------------- Done invoking toplevel() on ptolemy.moml.MoMLSimpleApplication@6282a05d
reloadAllAccessors: .Dictionary2

===========================================================================================
----------------- testing Sun Nov 17 06:24:15 UTC 2019 /home/travis/build/icyphy/ptII/ptolemy/actor/lib/test/auto/Dictionary3.xml
----------------- Instantiating /home/travis/build/icyphy/ptII/ptolemy/actor/lib/test/auto/Dictionary3.xml
2 ms. Memory: 420864K Free: 206953K (49%)
----------------- Invoking toplevel() on ptolemy.moml.MoMLSimpleApplication@612ec74c
----------------- Done invoking toplevel() on ptolemy.moml.MoMLSimpleApplication@612ec74c
reloadAllAccessors: .Dictionary3

===========================================================================================
----------------- testing Sun Nov 17 06:24:15 UTC 2019 /home/travis/build/icyphy/ptII/ptolemy/actor/lib/test/auto/Dictionary4.xml
----------------- Instantiating /home/travis/build/icyphy/ptII/ptolemy/actor/lib/test/auto/Dictionary4.xml
7 ms. Memory: 420864K Free: 199779K (47%)
----------------- Invoking toplevel() on ptolemy.moml.MoMLSimpleApplication@52482ffb
----------------- Done invoking toplevel() on ptolemy.moml.MoMLSimpleApplication@52482ffb
reloadAllAccessors: .Dictionary4

===========================================================================================
----------------- testing Sun Nov 17 06:24:15 UTC 2019 /home/travis/build/icyphy/ptII/ptolemy/actor/lib/test/auto/Differential.xml
----------------- Instantiating /home/travis/build/icyphy/ptII/ptolemy/actor/lib/test/auto/Differential.xml
2 ms. Memory: 420864K Free: 195179K (46%)
----------------- Invoking toplevel() on ptolemy.moml.MoMLSimpleApplication@356cd97a
----------------- Done invoking toplevel() on ptolemy.moml.MoMLSimpleApplication@356cd97a
reloadAllAccessors: .Differential

===========================================================================================
----------------- testing Sun Nov 17 06:24:15 UTC 2019 /home/travis/build/icyphy/ptII/ptolemy/actor/lib/test/auto/Director.xml
----------------- Instantiating /home/travis/build/icyphy/ptII/ptolemy/actor/lib/test/auto/Director.xml
2 ms. Memory: 420864K Free: 191593K (46%)
----------------- Invoking toplevel() on ptolemy.moml.MoMLSimpleApplication@260c4bd8
----------------- Done invoking toplevel() on ptolemy.moml.MoMLSimpleApplication@260c4bd8
reloadAllAccessors: .Director

===========================================================================================
----------------- testing Sun Nov 17 06:24:15 UTC 2019 /home/travis/build/icyphy/ptII/ptolemy/actor/lib/test/auto/DiscreteClock.xml
----------------- Instantiating /home/travis/build/icyphy/ptII/ptolemy/actor/lib/test/auto/DiscreteClock.xml
4 ms. Memory: 420864K Free: 188011K (45%)
----------------- Invoking toplevel() on ptolemy.moml.MoMLSimpleApplication@5ece4248
----------------- Done invoking toplevel() on ptolemy.moml.MoMLSimpleApplication@5ece4248
reloadAllAccessors: .DiscreteClock

===========================================================================================
----------------- testing Sun Nov 17 06:24:15 UTC 2019 /home/travis/build/icyphy/ptII/ptolemy/actor/lib/test/auto/DiscreteClock10.xml
----------------- Instantiating /home/travis/build/icyphy/ptII/ptolemy/actor/lib/test/auto/DiscreteClock10.xml
2 ms. Memory: 420864K Free: 181867K (43%)
----------------- Invoking toplevel() on ptolemy.moml.MoMLSimpleApplication@5c343331
----------------- Done invoking toplevel() on ptolemy.moml.MoMLSimpleApplication@5c343331
reloadAllAccessors: .DiscreteClock10

===========================================================================================
----------------- testing Sun Nov 17 06:24:15 UTC 2019 /home/travis/build/icyphy/ptII/ptolemy/actor/lib/test/auto/DiscreteClock11.xml
----------------- Instantiating /home/travis/build/icyphy/ptII/ptolemy/actor/lib/test/auto/DiscreteClock11.xml
2 ms. Memory: 420864K Free: 175723K (42%)
----------------- Invoking toplevel() on ptolemy.moml.MoMLSimpleApplication@1a6e5e2d
----------------- Done invoking toplevel() on ptolemy.moml.MoMLSimpleApplication@1a6e5e2d
reloadAllAccessors: .DiscreteClock11

===========================================================================================
----------------- testing Sun Nov 17 06:24:15 UTC 2019 /home/travis/build/icyphy/ptII/ptolemy/actor/lib/test/auto/DiscreteClock12.xml
----------------- Instantiating /home/travis/build/icyphy/ptII/ptolemy/actor/lib/test/auto/DiscreteClock12.xml
4 ms. Memory: 420864K Free: 170089K (40%)
----------------- Invoking toplevel() on ptolemy.moml.MoMLSimpleApplication@39a1ba55
----------------- Done invoking toplevel() on ptolemy.moml.MoMLSimpleApplication@39a1ba55
reloadAllAccessors: .DiscreteClock12

===========================================================================================
----------------- testing Sun Nov 17 06:24:15 UTC 2019 /home/travis/build/icyphy/ptII/ptolemy/actor/lib/test/auto/DiscreteClock13.xml
----------------- Instantiating /home/travis/build/icyphy/ptII/ptolemy/actor/lib/test/auto/DiscreteClock13.xml
6 ms. Memory: 420864K Free: 163915K (39%)
----------------- Invoking toplevel() on ptolemy.moml.MoMLSimpleApplication@24be518e
----------------- Done invoking toplevel() on ptolemy.moml.MoMLSimpleApplication@24be518e
reloadAllAccessors: .DiscreteClock13

===========================================================================================
----------------- testing Sun Nov 17 06:24:15 UTC 2019 /home/travis/build/icyphy/ptII/ptolemy/actor/lib/test/auto/DiscreteClock14.xml
----------------- Instantiating /home/travis/build/icyphy/ptII/ptolemy/actor/lib/test/auto/DiscreteClock14.xml
3 ms. Memory: 420864K Free: 157787K (37%)
----------------- Invoking toplevel() on ptolemy.moml.MoMLSimpleApplication@45544cb9
----------------- Done invoking toplevel() on ptolemy.moml.MoMLSimpleApplication@45544cb9
reloadAllAccessors: .DiscreteClock14

===========================================================================================
----------------- testing Sun Nov 17 06:24:15 UTC 2019 /home/travis/build/icyphy/ptII/ptolemy/actor/lib/test/auto/DiscreteClock15.xml
----------------- Instantiating /home/travis/build/icyphy/ptII/ptolemy/actor/lib/test/auto/DiscreteClock15.xml
2 ms. Memory: 420864K Free: 151643K (36%)
----------------- Invoking toplevel() on ptolemy.moml.MoMLSimpleApplication@76730c63
----------------- Done invoking toplevel() on ptolemy.moml.MoMLSimpleApplication@76730c63
reloadAllAccessors: .DiscreteClock15

===========================================================================================
----------------- testing Sun Nov 17 06:24:15 UTC 2019 /home/travis/build/icyphy/ptII/ptolemy/actor/lib/test/auto/DiscreteClock16.xml
----------------- Instantiating /home/travis/build/icyphy/ptII/ptolemy/actor/lib/test/auto/DiscreteClock16.xml
29 ms. Memory: 420864K Free: 138339K (33%)
----------------- Invoking toplevel() on ptolemy.moml.MoMLSimpleApplication@34c58125
----------------- Done invoking toplevel() on ptolemy.moml.MoMLSimpleApplication@34c58125
reloadAllAccessors: .DiscreteClock16

===========================================================================================
----------------- testing Sun Nov 17 06:24:15 UTC 2019 /home/travis/build/icyphy/ptII/ptolemy/actor/lib/test/auto/DiscreteClock17.xml
----------------- Instantiating /home/travis/build/icyphy/ptII/ptolemy/actor/lib/test/auto/DiscreteClock17.xml
20 ms. Memory: 420864K Free: 125019K (30%)
----------------- Invoking toplevel() on ptolemy.moml.MoMLSimpleApplication@2dc57374
----------------- Done invoking toplevel() on ptolemy.moml.MoMLSimpleApplication@2dc57374
reloadAllAccessors: .DiscreteClock17

===========================================================================================
----------------- testing Sun Nov 17 06:24:15 UTC 2019 /home/travis/build/icyphy/ptII/ptolemy/actor/lib/test/auto/DiscreteClock18.xml
----------------- Instantiating /home/travis/build/icyphy/ptII/ptolemy/actor/lib/test/auto/DiscreteClock18.xml
15 ms. Memory: 420864K Free: 361282K (86%)
----------------- Invoking toplevel() on ptolemy.moml.MoMLSimpleApplication@6f3dcb19
----------------- Done invoking toplevel() on ptolemy.moml.MoMLSimpleApplication@6f3dcb19
reloadAllAccessors: .DiscreteClock18

===========================================================================================
----------------- testing Sun Nov 17 06:24:15 UTC 2019 /home/travis/build/icyphy/ptII/ptolemy/actor/lib/test/auto/DiscreteClock19.xml
----------------- Instantiating /home/travis/build/icyphy/ptII/ptolemy/actor/lib/test/auto/DiscreteClock19.xml
22 ms. Memory: 420864K Free: 347956K (83%)
----------------- Invoking toplevel() on ptolemy.moml.MoMLSimpleApplication@2ce6b5bd
----------------- Done invoking toplevel() on ptolemy.moml.MoMLSimpleApplication@2ce6b5bd
reloadAllAccessors: .DiscreteClock19

===========================================================================================
----------------- testing Sun Nov 17 06:24:15 UTC 2019 /home/travis/build/icyphy/ptII/ptolemy/actor/lib/test/auto/DiscreteClock2.xml
----------------- Instantiating /home/travis/build/icyphy/ptII/ptolemy/actor/lib/test/auto/DiscreteClock2.xml
8 ms. Memory: 420864K Free: 342340K (81%)
----------------- Invoking toplevel() on ptolemy.moml.MoMLSimpleApplication@4c03f124
----------------- Done invoking toplevel() on ptolemy.moml.MoMLSimpleApplication@4c03f124
reloadAllAccessors: .DiscreteClock2

===========================================================================================
----------------- testing Sun Nov 17 06:24:15 UTC 2019 /home/travis/build/icyphy/ptII/ptolemy/actor/lib/test/auto/DiscreteClock20.xml
----------------- Instantiating /home/travis/build/icyphy/ptII/ptolemy/actor/lib/test/auto/DiscreteClock20.xml
9 ms. Memory: 420864K Free: 336706K (80%)
----------------- Invoking toplevel() on ptolemy.moml.MoMLSimpleApplication@55e736f
----------------- Done invoking toplevel() on ptolemy.moml.MoMLSimpleApplication@55e736f
reloadAllAccessors: .DiscreteClock20

===========================================================================================
----------------- testing Sun Nov 17 06:24:15 UTC 2019 /home/travis/build/icyphy/ptII/ptolemy/actor/lib/test/auto/DiscreteClock21.xml
----------------- Instantiating /home/travis/build/icyphy/ptII/ptolemy/actor/lib/test/auto/DiscreteClock21.xml
7 ms. Memory: 420864K Free: 331076K (79%)
----------------- Invoking toplevel() on ptolemy.moml.MoMLSimpleApplication@541671a5
----------------- Done invoking toplevel() on ptolemy.moml.MoMLSimpleApplication@541671a5
reloadAllAccessors: .DiscreteClock21

===========================================================================================
----------------- testing Sun Nov 17 06:24:15 UTC 2019 /home/travis/build/icyphy/ptII/ptolemy/actor/lib/test/auto/DiscreteClock22.xml
----------------- Instantiating /home/travis/build/icyphy/ptII/ptolemy/actor/lib/test/auto/DiscreteClock22.xml
7 ms. Memory: 420864K Free: 325956K (77%)
----------------- Invoking toplevel() on ptolemy.moml.MoMLSimpleApplication@e50db4e
----------------- Done invoking toplevel() on ptolemy.moml.MoMLSimpleApplication@e50db4e
reloadAllAccessors: .DiscreteClock22

===========================================================================================
----------------- testing Sun Nov 17 06:24:16 UTC 2019 /home/travis/build/icyphy/ptII/ptolemy/actor/lib/test/auto/DiscreteClock23.xml
----------------- Instantiating /home/travis/build/icyphy/ptII/ptolemy/actor/lib/test/auto/DiscreteClock23.xml
12 ms. Memory: 420864K Free: 320322K (76%)
----------------- Invoking toplevel() on ptolemy.moml.MoMLSimpleApplication@5e00f90
----------------- Done invoking toplevel() on ptolemy.moml.MoMLSimpleApplication@5e00f90
reloadAllAccessors: .DiscreteClock23

===========================================================================================
----------------- testing Sun Nov 17 06:24:16 UTC 2019 /home/travis/build/icyphy/ptII/ptolemy/actor/lib/test/auto/DiscreteClock24.xml
----------------- Instantiating /home/travis/build/icyphy/ptII/ptolemy/actor/lib/test/auto/DiscreteClock24.xml
6 ms. Memory: 420864K Free: 314692K (75%)
----------------- Invoking toplevel() on ptolemy.moml.MoMLSimpleApplication@7820915e
----------------- Done invoking toplevel() on ptolemy.moml.MoMLSimpleApplication@7820915e
reloadAllAccessors: .DiscreteClock24

===========================================================================================
----------------- testing Sun Nov 17 06:24:16 UTC 2019 /home/travis/build/icyphy/ptII/ptolemy/actor/lib/test/auto/DiscreteClock4.xml
----------------- Instantiating /home/travis/build/icyphy/ptII/ptolemy/actor/lib/test/auto/DiscreteClock4.xml
5 ms. Memory: 420864K Free: 309058K (73%)
----------------- Invoking toplevel() on ptolemy.moml.MoMLSimpleApplication@4ca86b0c
----------------- Done invoking toplevel() on ptolemy.moml.MoMLSimpleApplication@4ca86b0c
reloadAllAccessors: .DiscreteClock4

===========================================================================================
----------------- testing Sun Nov 17 06:24:16 UTC 2019 /home/travis/build/icyphy/ptII/ptolemy/actor/lib/test/auto/DiscreteClock5.xml
----------------- Instantiating /home/travis/build/icyphy/ptII/ptolemy/actor/lib/test/auto/DiscreteClock5.xml
2 ms. Memory: 420864K Free: 303924K (72%)
----------------- Invoking toplevel() on ptolemy.moml.MoMLSimpleApplication@1fa79425
----------------- Done invoking toplevel() on ptolemy.moml.MoMLSimpleApplication@1fa79425
reloadAllAccessors: .DiscreteClock5

===========================================================================================
----------------- testing Sun Nov 17 06:24:16 UTC 2019 /home/travis/build/icyphy/ptII/ptolemy/actor/lib/test/auto/DiscreteClock6.xml
----------------- Instantiating /home/travis/build/icyphy/ptII/ptolemy/actor/lib/test/auto/DiscreteClock6.xml
5 ms. Memory: 420864K Free: 299842K (71%)
----------------- Invoking toplevel() on ptolemy.moml.MoMLSimpleApplication@600d06d5
----------------- Done invoking toplevel() on ptolemy.moml.MoMLSimpleApplication@600d06d5
reloadAllAccessors: .DiscreteClock6

===========================================================================================
----------------- testing Sun Nov 17 06:24:16 UTC 2019 /home/travis/build/icyphy/ptII/ptolemy/actor/lib/test/auto/DiscreteClock7.xml
----------------- Instantiating /home/travis/build/icyphy/ptII/ptolemy/actor/lib/test/auto/DiscreteClock7.xml
2 ms. Memory: 420864K Free: 294722K (70%)
----------------- Invoking toplevel() on ptolemy.moml.MoMLSimpleApplication@5b9e69f3
----------------- Done invoking toplevel() on ptolemy.moml.MoMLSimpleApplication@5b9e69f3
reloadAllAccessors: .DiscreteClock7

===========================================================================================
----------------- testing Sun Nov 17 06:24:16 UTC 2019 /home/travis/build/icyphy/ptII/ptolemy/actor/lib/test/auto/DiscreteClock8.xml
----------------- Instantiating /home/travis/build/icyphy/ptII/ptolemy/actor/lib/test/auto/DiscreteClock8.xml
6 ms. Memory: 420864K Free: 289092K (69%)
----------------- Invoking toplevel() on ptolemy.moml.MoMLSimpleApplication@6d2cddfa
----------------- Done invoking toplevel() on ptolemy.moml.MoMLSimpleApplication@6d2cddfa
reloadAllAccessors: .DiscreteClock8

===========================================================================================
----------------- testing Sun Nov 17 06:24:16 UTC 2019 /home/travis/build/icyphy/ptII/ptolemy/actor/lib/test/auto/DiscreteClock9.xml
----------------- Instantiating /home/travis/build/icyphy/ptII/ptolemy/actor/lib/test/auto/DiscreteClock9.xml
5 ms. Memory: 420864K Free: 283428K (67%)
----------------- Invoking toplevel() on ptolemy.moml.MoMLSimpleApplication@355e063f
----------------- Done invoking toplevel() on ptolemy.moml.MoMLSimpleApplication@355e063f
reloadAllAccessors: .DiscreteClock9

===========================================================================================
----------------- testing Sun Nov 17 06:24:16 UTC 2019 /home/travis/build/icyphy/ptII/ptolemy/actor/lib/test/auto/DisplayArray.xml
----------------- Instantiating /home/travis/build/icyphy/ptII/ptolemy/actor/lib/test/auto/DisplayArray.xml
1 ms. Memory: 420864K Free: 279876K (67%)
----------------- Invoking toplevel() on ptolemy.moml.MoMLSimpleApplication@6d3d245e
----------------- Done invoking toplevel() on ptolemy.moml.MoMLSimpleApplication@6d3d245e
reloadAllAccessors: .DisplayArray

===========================================================================================
----------------- testing Sun Nov 17 06:24:16 UTC 2019 /home/travis/build/icyphy/ptII/ptolemy/actor/lib/test/auto/Distributor.xml
----------------- Instantiating /home/travis/build/icyphy/ptII/ptolemy/actor/lib/test/auto/Distributor.xml
2 ms. Memory: 420864K Free: 274756K (65%)
----------------- Invoking toplevel() on ptolemy.moml.MoMLSimpleApplication@64e6c03a
----------------- Done invoking toplevel() on ptolemy.moml.MoMLSimpleApplication@64e6c03a
reloadAllAccessors: .Distributor

===========================================================================================
----------------- testing Sun Nov 17 06:24:16 UTC 2019 /home/travis/build/icyphy/ptII/ptolemy/actor/lib/test/auto/Distributor2.xml
----------------- Instantiating /home/travis/build/icyphy/ptII/ptolemy/actor/lib/test/auto/Distributor2.xml
2 ms. Memory: 420864K Free: 269636K (64%)
----------------- Invoking toplevel() on ptolemy.moml.MoMLSimpleApplication@657dea2e
----------------- Done invoking toplevel() on ptolemy.moml.MoMLSimpleApplication@657dea2e
reloadAllAccessors: .Distributor2

===========================================================================================
----------------- testing Sun Nov 17 06:24:16 UTC 2019 /home/travis/build/icyphy/ptII/ptolemy/actor/lib/test/auto/DownSample.xml
----------------- Instantiating /home/travis/build/icyphy/ptII/ptolemy/actor/lib/test/auto/DownSample.xml
1 ms. Memory: 420864K Free: 265026K (63%)
----------------- Invoking toplevel() on ptolemy.moml.MoMLSimpleApplication@7cb00f4d
----------------- Done invoking toplevel() on ptolemy.moml.MoMLSimpleApplication@7cb00f4d
reloadAllAccessors: .DownSample

===========================================================================================
----------------- testing Sun Nov 17 06:24:16 UTC 2019 /home/travis/build/icyphy/ptII/ptolemy/actor/lib/test/auto/ElectronicUnitBase1.xml
----------------- Instantiating /home/travis/build/icyphy/ptII/ptolemy/actor/lib/test/auto/ElectronicUnitBase1.xml
18 ms. Memory: 420864K Free: 249666K (59%)
----------------- Invoking toplevel() on ptolemy.moml.MoMLSimpleApplication@742d703a
----------------- Done invoking toplevel() on ptolemy.moml.MoMLSimpleApplication@742d703a
reloadAllAccessors: .ElectronicUnitBase1

===========================================================================================
----------------- testing Sun Nov 17 06:24:16 UTC 2019 /home/travis/build/icyphy/ptII/ptolemy/actor/lib/test/auto/ElementsToArray.xml
----------------- Instantiating /home/travis/build/icyphy/ptII/ptolemy/actor/lib/test/auto/ElementsToArray.xml
4 ms. Memory: 420864K Free: 244546K (58%)
----------------- Invoking toplevel() on ptolemy.moml.MoMLSimpleApplication@b7ec459
----------------- Done invoking toplevel() on ptolemy.moml.MoMLSimpleApplication@b7ec459
reloadAllAccessors: .ElementsToArray

===========================================================================================
----------------- testing Sun Nov 17 06:24:16 UTC 2019 /home/travis/build/icyphy/ptII/ptolemy/actor/lib/test/auto/Equals.xml
----------------- Instantiating /home/travis/build/icyphy/ptII/ptolemy/actor/lib/test/auto/Equals.xml
4 ms. Memory: 420864K Free: 239940K (57%)
----------------- Invoking toplevel() on ptolemy.moml.MoMLSimpleApplication@7031db58
----------------- Done invoking toplevel() on ptolemy.moml.MoMLSimpleApplication@7031db58
reloadAllAccessors: .Equals

===========================================================================================
----------------- testing Sun Nov 17 06:24:16 UTC 2019 /home/travis/build/icyphy/ptII/ptolemy/actor/lib/test/auto/Exec.xml
----------------- Instantiating /home/travis/build/icyphy/ptII/ptolemy/actor/lib/test/auto/Exec.xml
22 ms. Memory: 420864K Free: 234306K (56%)
----------------- Invoking toplevel() on ptolemy.moml.MoMLSimpleApplication@32d7ceb
----------------- Done invoking toplevel() on ptolemy.moml.MoMLSimpleApplication@32d7ceb
reloadAllAccessors: .Exec

===========================================================================================
----------------- testing Sun Nov 17 06:24:16 UTC 2019 /home/travis/build/icyphy/ptII/ptolemy/actor/lib/test/auto/ExecEnvironment.xml
----------------- Instantiating /home/travis/build/icyphy/ptII/ptolemy/actor/lib/test/auto/ExecEnvironment.xml
30 ms. Memory: 420864K Free: 229700K (55%)
----------------- Invoking toplevel() on ptolemy.moml.MoMLSimpleApplication@61ef8ac3
----------------- Done invoking toplevel() on ptolemy.moml.MoMLSimpleApplication@61ef8ac3
reloadAllAccessors: .ExecEnvironment

===========================================================================================
----------------- testing Sun Nov 17 06:24:16 UTC 2019 /home/travis/build/icyphy/ptII/ptolemy/actor/lib/test/auto/ExecNonZeroReturnOutput.xml
----------------- Instantiating /home/travis/build/icyphy/ptII/ptolemy/actor/lib/test/auto/ExecNonZeroReturnOutput.xml
210 ms. Memory: 420864K Free: 218436K (52%)
----------------- Invoking toplevel() on ptolemy.moml.MoMLSimpleApplication@41b215a9
----------------- Done invoking toplevel() on ptolemy.moml.MoMLSimpleApplication@41b215a9
reloadAllAccessors: .ExecNonZeroReturnOutput

===========================================================================================
----------------- testing Sun Nov 17 06:24:16 UTC 2019 /home/travis/build/icyphy/ptII/ptolemy/actor/lib/test/auto/ExecRunDemos.xml
----------------- Instantiating /home/travis/build/icyphy/ptII/ptolemy/actor/lib/test/auto/ExecRunDemos.xml
Finished: 84 ms. Memory: 120832K Free: 104208K (86%)

Finished: 111 ms. Memory: 120832K Free: 110753K (92%)

Finished: 159 ms. Memory: 120832K Free: 110762K (92%)

Finished: 78 ms. Memory: 120832K Free: 103198K (85%)

Finished: 66 ms. Memory: 120832K Free: 104163K (86%)

11823 ms. Memory: 420864K Free: 196930K (47%)
----------------- Invoking toplevel() on ptolemy.moml.MoMLSimpleApplication@6313f1e7
----------------- Done invoking toplevel() on ptolemy.moml.MoMLSimpleApplication@6313f1e7
reloadAllAccessors: .ExecRunDemos

===========================================================================================
----------------- testing Sun Nov 17 06:24:28 UTC 2019 /home/travis/build/icyphy/ptII/ptolemy/actor/lib/test/auto/ExecStop.xml
----------------- Instantiating /home/travis/build/icyphy/ptII/ptolemy/actor/lib/test/auto/ExecStop.xml
5023 ms. Memory: 420864K Free: 321239K (76%)
----------------- Invoking toplevel() on ptolemy.moml.MoMLSimpleApplication@2486fedd
----------------- Done invoking toplevel() on ptolemy.moml.MoMLSimpleApplication@2486fedd
reloadAllAccessors: .ExecStop

===========================================================================================
----------------- testing Sun Nov 17 06:24:33 UTC 2019 /home/travis/build/icyphy/ptII/ptolemy/actor/lib/test/auto/ExecutionTimeSDF.xml
----------------- Instantiating /home/travis/build/icyphy/ptII/ptolemy/actor/lib/test/auto/ExecutionTimeSDF.xml
Fired ExecutionTime: -1872567296
Fired ExecutionTime: 1063600000
Fired ExecutionTime: -1039767296
6005 ms. Memory: 420864K Free: 308185K (73%)
----------------- Invoking toplevel() on ptolemy.moml.MoMLSimpleApplication@787c30c7
----------------- Done invoking toplevel() on ptolemy.moml.MoMLSimpleApplication@787c30c7
reloadAllAccessors: .ExecutionTimeSDF

===========================================================================================
----------------- testing Sun Nov 17 06:24:39 UTC 2019 /home/travis/build/icyphy/ptII/ptolemy/actor/lib/test/auto/Expression1.xml
----------------- Instantiating /home/travis/build/icyphy/ptII/ptolemy/actor/lib/test/auto/Expression1.xml
1 ms. Memory: 420864K Free: 304599K (72%)
----------------- Invoking toplevel() on ptolemy.moml.MoMLSimpleApplication@2c82d8d3
----------------- Done invoking toplevel() on ptolemy.moml.MoMLSimpleApplication@2c82d8d3
reloadAllAccessors: .Expression1

===========================================================================================
----------------- testing Sun Nov 17 06:24:39 UTC 2019 /home/travis/build/icyphy/ptII/ptolemy/actor/lib/test/auto/Expression10.xml
----------------- Instantiating /home/travis/build/icyphy/ptII/ptolemy/actor/lib/test/auto/Expression10.xml
7 ms. Memory: 420864K Free: 299479K (71%)
----------------- Invoking toplevel() on ptolemy.moml.MoMLSimpleApplication@4715d2cd
----------------- Done invoking toplevel() on ptolemy.moml.MoMLSimpleApplication@4715d2cd
reloadAllAccessors: .Expression10

===========================================================================================
----------------- testing Sun Nov 17 06:24:39 UTC 2019 /home/travis/build/icyphy/ptII/ptolemy/actor/lib/test/auto/Expression11.xml
----------------- Instantiating /home/travis/build/icyphy/ptII/ptolemy/actor/lib/test/auto/Expression11.xml
2 ms. Memory: 420864K Free: 294873K (70%)
----------------- Invoking toplevel() on ptolemy.moml.MoMLSimpleApplication@4bb2973
----------------- Done invoking toplevel() on ptolemy.moml.MoMLSimpleApplication@4bb2973
reloadAllAccessors: .Expression11

===========================================================================================
----------------- testing Sun Nov 17 06:24:39 UTC 2019 /home/travis/build/icyphy/ptII/ptolemy/actor/lib/test/auto/Expression12.xml
----------------- Instantiating /home/travis/build/icyphy/ptII/ptolemy/actor/lib/test/auto/Expression12.xml
3 ms. Memory: 420864K Free: 289753K (69%)
----------------- Invoking toplevel() on ptolemy.moml.MoMLSimpleApplication@496be9b2
----------------- Done invoking toplevel() on ptolemy.moml.MoMLSimpleApplication@496be9b2
reloadAllAccessors: .Expression12

===========================================================================================
----------------- testing Sun Nov 17 06:24:39 UTC 2019 /home/travis/build/icyphy/ptII/ptolemy/actor/lib/test/auto/Expression13.xml
----------------- Instantiating /home/travis/build/icyphy/ptII/ptolemy/actor/lib/test/auto/Expression13.xml
3 ms. Memory: 420864K Free: 284633K (68%)
----------------- Invoking toplevel() on ptolemy.moml.MoMLSimpleApplication@169797f5
----------------- Done invoking toplevel() on ptolemy.moml.MoMLSimpleApplication@169797f5
reloadAllAccessors: .Expression13

===========================================================================================
----------------- testing Sun Nov 17 06:24:39 UTC 2019 /home/travis/build/icyphy/ptII/ptolemy/actor/lib/test/auto/Expression14.xml
----------------- Instantiating /home/travis/build/icyphy/ptII/ptolemy/actor/lib/test/auto/Expression14.xml
8 ms. Memory: 420864K Free: 278489K (66%)
----------------- Invoking toplevel() on ptolemy.moml.MoMLSimpleApplication@679d620c
----------------- Done invoking toplevel() on ptolemy.moml.MoMLSimpleApplication@679d620c
reloadAllAccessors: .Expression14

===========================================================================================
----------------- testing Sun Nov 17 06:24:39 UTC 2019 /home/travis/build/icyphy/ptII/ptolemy/actor/lib/test/auto/Expression15.xml
----------------- Instantiating /home/travis/build/icyphy/ptII/ptolemy/actor/lib/test/auto/Expression15.xml
2 ms. Memory: 420864K Free: 274903K (65%)
----------------- Invoking toplevel() on ptolemy.moml.MoMLSimpleApplication@7c8ffab8
----------------- Done invoking toplevel() on ptolemy.moml.MoMLSimpleApplication@7c8ffab8
reloadAllAccessors: .Expression15

===========================================================================================
----------------- testing Sun Nov 17 06:24:39 UTC 2019 /home/travis/build/icyphy/ptII/ptolemy/actor/lib/test/auto/Expression16.xml
----------------- Instantiating /home/travis/build/icyphy/ptII/ptolemy/actor/lib/test/auto/Expression16.xml
4 ms. Memory: 420864K Free: 269783K (64%)
----------------- Invoking toplevel() on ptolemy.moml.MoMLSimpleApplication@2a3718f2
----------------- Done invoking toplevel() on ptolemy.moml.MoMLSimpleApplication@2a3718f2
reloadAllAccessors: .Expression16

===========================================================================================
----------------- testing Sun Nov 17 06:24:39 UTC 2019 /home/travis/build/icyphy/ptII/ptolemy/actor/lib/test/auto/Expression17.xml
----------------- Instantiating /home/travis/build/icyphy/ptII/ptolemy/actor/lib/test/auto/Expression17.xml
4 ms. Memory: 420864K Free: 265177K (63%)
----------------- Invoking toplevel() on ptolemy.moml.MoMLSimpleApplication@18f2c20
----------------- Done invoking toplevel() on ptolemy.moml.MoMLSimpleApplication@18f2c20
reloadAllAccessors: .Expression17

===========================================================================================
----------------- testing Sun Nov 17 06:24:39 UTC 2019 /home/travis/build/icyphy/ptII/ptolemy/actor/lib/test/auto/Expression18.xml
----------------- Instantiating /home/travis/build/icyphy/ptII/ptolemy/actor/lib/test/auto/Expression18.xml
3 ms. Memory: 420864K Free: 260537K (62%)
----------------- Invoking toplevel() on ptolemy.moml.MoMLSimpleApplication@3fb24fe6
----------------- Done invoking toplevel() on ptolemy.moml.MoMLSimpleApplication@3fb24fe6
reloadAllAccessors: .Expression18

===========================================================================================
----------------- testing Sun Nov 17 06:24:39 UTC 2019 /home/travis/build/icyphy/ptII/ptolemy/actor/lib/test/auto/Expression2.xml
----------------- Instantiating /home/travis/build/icyphy/ptII/ptolemy/actor/lib/test/auto/Expression2.xml
3 ms. Memory: 420864K Free: 255447K (61%)
----------------- Invoking toplevel() on ptolemy.moml.MoMLSimpleApplication@5bf7968
----------------- Done invoking toplevel() on ptolemy.moml.MoMLSimpleApplication@5bf7968
reloadAllAccessors: .Expression2

===========================================================================================
----------------- testing Sun Nov 17 06:24:39 UTC 2019 /home/travis/build/icyphy/ptII/ptolemy/actor/lib/test/auto/Expression3.xml
----------------- Instantiating /home/travis/build/icyphy/ptII/ptolemy/actor/lib/test/auto/Expression3.xml
7 ms. Memory: 420864K Free: 250841K (60%)
----------------- Invoking toplevel() on ptolemy.moml.MoMLSimpleApplication@7360c2a1
----------------- Done invoking toplevel() on ptolemy.moml.MoMLSimpleApplication@7360c2a1
reloadAllAccessors: .Expression3

===========================================================================================
----------------- testing Sun Nov 17 06:24:39 UTC 2019 /home/travis/build/icyphy/ptII/ptolemy/actor/lib/test/auto/Expression4.xml
----------------- Instantiating /home/travis/build/icyphy/ptII/ptolemy/actor/lib/test/auto/Expression4.xml
4 ms. Memory: 420864K Free: 243159K (58%)
----------------- Invoking toplevel() on ptolemy.moml.MoMLSimpleApplication@40b6b84
----------------- Done invoking toplevel() on ptolemy.moml.MoMLSimpleApplication@40b6b84
reloadAllAccessors: .Expression4

===========================================================================================
----------------- testing Sun Nov 17 06:24:40 UTC 2019 /home/travis/build/icyphy/ptII/ptolemy/actor/lib/test/auto/Expression5.xml
----------------- Instantiating /home/travis/build/icyphy/ptII/ptolemy/actor/lib/test/auto/Expression5.xml
6 ms. Memory: 420864K Free: 238553K (57%)
----------------- Invoking toplevel() on ptolemy.moml.MoMLSimpleApplication@a0155cd
----------------- Done invoking toplevel() on ptolemy.moml.MoMLSimpleApplication@a0155cd
reloadAllAccessors: .Expression5

===========================================================================================
----------------- testing Sun Nov 17 06:24:40 UTC 2019 /home/travis/build/icyphy/ptII/ptolemy/actor/lib/test/auto/Expression6.xml
----------------- Instantiating /home/travis/build/icyphy/ptII/ptolemy/actor/lib/test/auto/Expression6.xml
2 ms. Memory: 420864K Free: 233943K (56%)
----------------- Invoking toplevel() on ptolemy.moml.MoMLSimpleApplication@52d8de8a
----------------- Done invoking toplevel() on ptolemy.moml.MoMLSimpleApplication@52d8de8a
reloadAllAccessors: .Expression6

===========================================================================================
----------------- testing Sun Nov 17 06:24:40 UTC 2019 /home/travis/build/icyphy/ptII/ptolemy/actor/lib/test/auto/Expression7.xml
----------------- Instantiating /home/travis/build/icyphy/ptII/ptolemy/actor/lib/test/auto/Expression7.xml
3 ms. Memory: 420864K Free: 228823K (54%)
----------------- Invoking toplevel() on ptolemy.moml.MoMLSimpleApplication@25225685
----------------- Done invoking toplevel() on ptolemy.moml.MoMLSimpleApplication@25225685
reloadAllAccessors: .Expression7

===========================================================================================
----------------- testing Sun Nov 17 06:24:40 UTC 2019 /home/travis/build/icyphy/ptII/ptolemy/actor/lib/test/auto/Expression8.xml
----------------- Instantiating /home/travis/build/icyphy/ptII/ptolemy/actor/lib/test/auto/Expression8.xml
10 ms. Memory: 420864K Free: 224217K (53%)
----------------- Invoking toplevel() on ptolemy.moml.MoMLSimpleApplication@354e835e
----------------- Done invoking toplevel() on ptolemy.moml.MoMLSimpleApplication@354e835e
reloadAllAccessors: .Expression8

===========================================================================================
----------------- testing Sun Nov 17 06:24:40 UTC 2019 /home/travis/build/icyphy/ptII/ptolemy/actor/lib/test/auto/Expression9.xml
----------------- Instantiating /home/travis/build/icyphy/ptII/ptolemy/actor/lib/test/auto/Expression9.xml
1 ms. Memory: 420864K Free: 220121K (52%)
----------------- Invoking toplevel() on ptolemy.moml.MoMLSimpleApplication@48002e08
----------------- Done invoking toplevel() on ptolemy.moml.MoMLSimpleApplication@48002e08
reloadAllAccessors: .Expression9

===========================================================================================
----------------- testing Sun Nov 17 06:24:40 UTC 2019 /home/travis/build/icyphy/ptII/ptolemy/actor/lib/test/auto/ExpressionConcatenateArrayType.xml
----------------- Instantiating /home/travis/build/icyphy/ptII/ptolemy/actor/lib/test/auto/ExpressionConcatenateArrayType.xml
3 ms. Memory: 420864K Free: 213977K (51%)
----------------- Invoking toplevel() on ptolemy.moml.MoMLSimpleApplication@2792395c
----------------- Done invoking toplevel() on ptolemy.moml.MoMLSimpleApplication@2792395c
reloadAllAccessors: .ExpressionConcatenateArrayType

===========================================================================================
----------------- testing Sun Nov 17 06:24:40 UTC 2019 /home/travis/build/icyphy/ptII/ptolemy/actor/lib/test/auto/ExpressionConcatenateArrayType2.xml
----------------- Instantiating /home/travis/build/icyphy/ptII/ptolemy/actor/lib/test/auto/ExpressionConcatenateArrayType2.xml
4 ms. Memory: 420864K Free: 208343K (50%)
----------------- Invoking toplevel() on ptolemy.moml.MoMLSimpleApplication@2dcae85a
----------------- Done invoking toplevel() on ptolemy.moml.MoMLSimpleApplication@2dcae85a
reloadAllAccessors: .ExpressionConcatenateArrayType2

===========================================================================================
----------------- testing Sun Nov 17 06:24:40 UTC 2019 /home/travis/build/icyphy/ptII/ptolemy/actor/lib/test/auto/ExpressionFix.xml
----------------- Instantiating /home/travis/build/icyphy/ptII/ptolemy/actor/lib/test/auto/ExpressionFix.xml
20 ms. Memory: 420864K Free: 201689K (48%)
----------------- Invoking toplevel() on ptolemy.moml.MoMLSimpleApplication@379c6a7b
----------------- Done invoking toplevel() on ptolemy.moml.MoMLSimpleApplication@379c6a7b
reloadAllAccessors: .ExpressionFix

===========================================================================================
----------------- testing Sun Nov 17 06:24:40 UTC 2019 /home/travis/build/icyphy/ptII/ptolemy/actor/lib/test/auto/ExpressionFix2.xml
----------------- Instantiating /home/travis/build/icyphy/ptII/ptolemy/actor/lib/test/auto/ExpressionFix2.xml
5 ms. Memory: 420864K Free: 198103K (47%)
----------------- Invoking toplevel() on ptolemy.moml.MoMLSimpleApplication@ad13aca
----------------- Done invoking toplevel() on ptolemy.moml.MoMLSimpleApplication@ad13aca
reloadAllAccessors: .ExpressionFix2

===========================================================================================
----------------- testing Sun Nov 17 06:24:40 UTC 2019 /home/travis/build/icyphy/ptII/ptolemy/actor/lib/test/auto/ExpressionFix3.xml
----------------- Instantiating /home/travis/build/icyphy/ptII/ptolemy/actor/lib/test/auto/ExpressionFix3.xml
2 ms. Memory: 420864K Free: 193497K (46%)
----------------- Invoking toplevel() on ptolemy.moml.MoMLSimpleApplication@32ec261a
----------------- Done invoking toplevel() on ptolemy.moml.MoMLSimpleApplication@32ec261a
reloadAllAccessors: .ExpressionFix3

===========================================================================================
----------------- testing Sun Nov 17 06:24:40 UTC 2019 /home/travis/build/icyphy/ptII/ptolemy/actor/lib/test/auto/FileWriter1.xml
----------------- Instantiating /home/travis/build/icyphy/ptII/ptolemy/actor/lib/test/auto/FileWriter1.xml
2 ms. Memory: 420864K Free: 189401K (45%)
----------------- Invoking toplevel() on ptolemy.moml.MoMLSimpleApplication@1fbc88c5
----------------- Done invoking toplevel() on ptolemy.moml.MoMLSimpleApplication@1fbc88c5
reloadAllAccessors: .FileWriter1

===========================================================================================
----------------- testing Sun Nov 17 06:24:40 UTC 2019 /home/travis/build/icyphy/ptII/ptolemy/actor/lib/test/auto/FileWriter2.xml
----------------- Instantiating /home/travis/build/icyphy/ptII/ptolemy/actor/lib/test/auto/FileWriter2.xml
2 ms. Memory: 420864K Free: 185305K (44%)
----------------- Invoking toplevel() on ptolemy.moml.MoMLSimpleApplication@2a790c22
----------------- Done invoking toplevel() on ptolemy.moml.MoMLSimpleApplication@2a790c22
reloadAllAccessors: .FileWriter2

===========================================================================================
----------------- testing Sun Nov 17 06:24:40 UTC 2019 /home/travis/build/icyphy/ptII/ptolemy/actor/lib/test/auto/FileWriter3.xml
----------------- Instantiating /home/travis/build/icyphy/ptII/ptolemy/actor/lib/test/auto/FileWriter3.xml
2 ms. Memory: 420864K Free: 181209K (43%)
----------------- Invoking toplevel() on ptolemy.moml.MoMLSimpleApplication@4391203b
----------------- Done invoking toplevel() on ptolemy.moml.MoMLSimpleApplication@4391203b
reloadAllAccessors: .FileWriter3

===========================================================================================
----------------- testing Sun Nov 17 06:24:40 UTC 2019 /home/travis/build/icyphy/ptII/ptolemy/actor/lib/test/auto/Gaussian.xml
----------------- Instantiating /home/travis/build/icyphy/ptII/ptolemy/actor/lib/test/auto/Gaussian.xml
3 ms. Memory: 420864K Free: 176599K (42%)
----------------- Invoking toplevel() on ptolemy.moml.MoMLSimpleApplication@68cc0d17
----------------- Done invoking toplevel() on ptolemy.moml.MoMLSimpleApplication@68cc0d17
reloadAllAccessors: .Gaussian

===========================================================================================
----------------- testing Sun Nov 17 06:24:40 UTC 2019 /home/travis/build/icyphy/ptII/ptolemy/actor/lib/test/auto/Gaussian1.xml
----------------- Instantiating /home/travis/build/icyphy/ptII/ptolemy/actor/lib/test/auto/Gaussian1.xml
4 ms. Memory: 420864K Free: 171449K (41%)
----------------- Invoking toplevel() on ptolemy.moml.MoMLSimpleApplication@574a001d
----------------- Done invoking toplevel() on ptolemy.moml.MoMLSimpleApplication@574a001d
reloadAllAccessors: .Gaussian1

===========================================================================================
----------------- testing Sun Nov 17 06:24:40 UTC 2019 /home/travis/build/icyphy/ptII/ptolemy/actor/lib/test/auto/Gaussian2.xml
----------------- Instantiating /home/travis/build/icyphy/ptII/ptolemy/actor/lib/test/auto/Gaussian2.xml
12 ms. Memory: 420864K Free: 165849K (39%)
----------------- Invoking toplevel() on ptolemy.moml.MoMLSimpleApplication@3ff39b74
----------------- Done invoking toplevel() on ptolemy.moml.MoMLSimpleApplication@3ff39b74
reloadAllAccessors: .Gaussian2

===========================================================================================
----------------- testing Sun Nov 17 06:24:40 UTC 2019 /home/travis/build/icyphy/ptII/ptolemy/actor/lib/test/auto/GradientAdaptiveLattice.xml
----------------- Instantiating /home/travis/build/icyphy/ptII/ptolemy/actor/lib/test/auto/GradientAdaptiveLattice.xml
4 ms. Memory: 420864K Free: 160729K (38%)
----------------- Invoking toplevel() on ptolemy.moml.MoMLSimpleApplication@7a76826b
----------------- Done invoking toplevel() on ptolemy.moml.MoMLSimpleApplication@7a76826b
reloadAllAccessors: .GradientAdaptiveLattice

===========================================================================================
----------------- testing Sun Nov 17 06:24:40 UTC 2019 /home/travis/build/icyphy/ptII/ptolemy/actor/lib/test/auto/IIR.xml
----------------- Instantiating /home/travis/build/icyphy/ptII/ptolemy/actor/lib/test/auto/IIR.xml
1 ms. Memory: 420864K Free: 156633K (37%)
----------------- Invoking toplevel() on ptolemy.moml.MoMLSimpleApplication@76069c04
----------------- Done invoking toplevel() on ptolemy.moml.MoMLSimpleApplication@76069c04
reloadAllAccessors: .IIR

===========================================================================================
----------------- testing Sun Nov 17 06:24:40 UTC 2019 /home/travis/build/icyphy/ptII/ptolemy/actor/lib/test/auto/InputOutputTransparentPorts.xml
----------------- Instantiating /home/travis/build/icyphy/ptII/ptolemy/actor/lib/test/auto/InputOutputTransparentPorts.xml
4 ms. Memory: 420864K Free: 148951K (35%)
----------------- Invoking toplevel() on ptolemy.moml.MoMLSimpleApplication@61e11f3a
----------------- Done invoking toplevel() on ptolemy.moml.MoMLSimpleApplication@61e11f3a
reloadAllAccessors: .InputOutputTransparentPorts

===========================================================================================
----------------- testing Sun Nov 17 06:24:40 UTC 2019 /home/travis/build/icyphy/ptII/ptolemy/actor/lib/test/auto/Interpolator.xml
----------------- Instantiating /home/travis/build/icyphy/ptII/ptolemy/actor/lib/test/auto/Interpolator.xml
6 ms. Memory: 420864K Free: 144855K (34%)
----------------- Invoking toplevel() on ptolemy.moml.MoMLSimpleApplication@27797efc
----------------- Done invoking toplevel() on ptolemy.moml.MoMLSimpleApplication@27797efc
reloadAllAccessors: .Interpolator

===========================================================================================
----------------- testing Sun Nov 17 06:24:40 UTC 2019 /home/travis/build/icyphy/ptII/ptolemy/actor/lib/test/auto/InterpolatorFiringLimitDE.xml
----------------- Instantiating /home/travis/build/icyphy/ptII/ptolemy/actor/lib/test/auto/InterpolatorFiringLimitDE.xml
3 ms. Memory: 420864K Free: 139225K (33%)
----------------- Invoking toplevel() on ptolemy.moml.MoMLSimpleApplication@7f555e1
----------------- Done invoking toplevel() on ptolemy.moml.MoMLSimpleApplication@7f555e1
reloadAllAccessors: .InterpolatorFiringLimitDE

===========================================================================================
----------------- testing Sun Nov 17 06:24:40 UTC 2019 /home/travis/build/icyphy/ptII/ptolemy/actor/lib/test/auto/Lattice.xml
----------------- Instantiating /home/travis/build/icyphy/ptII/ptolemy/actor/lib/test/auto/Lattice.xml
1 ms. Memory: 420864K Free: 135129K (32%)
----------------- Invoking toplevel() on ptolemy.moml.MoMLSimpleApplication@536714bd
----------------- Done invoking toplevel() on ptolemy.moml.MoMLSimpleApplication@536714bd
reloadAllAccessors: .Lattice

===========================================================================================
----------------- testing Sun Nov 17 06:24:40 UTC 2019 /home/travis/build/icyphy/ptII/ptolemy/actor/lib/test/auto/LazyAOCTestLazy.xml
----------------- Instantiating /home/travis/build/icyphy/ptII/ptolemy/actor/lib/test/auto/LazyAOCTestLazy.xml
18 ms. Memory: 420864K Free: 128985K (31%)
----------------- Invoking toplevel() on ptolemy.moml.MoMLSimpleApplication@2adcd80c
----------------- Done invoking toplevel() on ptolemy.moml.MoMLSimpleApplication@2adcd80c
reloadAllAccessors: .LazyAOCTestLazy

===========================================================================================
----------------- testing Sun Nov 17 06:24:40 UTC 2019 /home/travis/build/icyphy/ptII/ptolemy/actor/lib/test/auto/LazyAOCTestNonLazy.xml
----------------- Instantiating /home/travis/build/icyphy/ptII/ptolemy/actor/lib/test/auto/LazyAOCTestNonLazy.xml
16 ms. Memory: 420864K Free: 371526K (88%)
----------------- Invoking toplevel() on ptolemy.moml.MoMLSimpleApplication@3260cc8a
----------------- Done invoking toplevel() on ptolemy.moml.MoMLSimpleApplication@3260cc8a
reloadAllAccessors: .LazyAOCTestNonLazy

===========================================================================================
----------------- testing Sun Nov 17 06:24:40 UTC 2019 /home/travis/build/icyphy/ptII/ptolemy/actor/lib/test/auto/LazyInnerClass.xml
----------------- Instantiating /home/travis/build/icyphy/ptII/ptolemy/actor/lib/test/auto/LazyInnerClass.xml
11 ms. Memory: 420864K Free: 362308K (86%)
----------------- Invoking toplevel() on ptolemy.moml.MoMLSimpleApplication@3e224514
----------------- Done invoking toplevel() on ptolemy.moml.MoMLSimpleApplication@3e224514
reloadAllAccessors: .LazyInnerClass

===========================================================================================
----------------- testing Sun Nov 17 06:24:40 UTC 2019 /home/travis/build/icyphy/ptII/ptolemy/actor/lib/test/auto/LazyPubSub.xml
----------------- Instantiating /home/travis/build/icyphy/ptII/ptolemy/actor/lib/test/auto/LazyPubSub.xml
29 ms. Memory: 420864K Free: 352580K (84%)
----------------- Invoking toplevel() on ptolemy.moml.MoMLSimpleApplication@186ed15e
----------------- Done invoking toplevel() on ptolemy.moml.MoMLSimpleApplication@186ed15e
reloadAllAccessors: .LazyPubSub

===========================================================================================
----------------- testing Sun Nov 17 06:24:40 UTC 2019 /home/travis/build/icyphy/ptII/ptolemy/actor/lib/test/auto/LazyPubSub2.xml
----------------- Instantiating /home/travis/build/icyphy/ptII/ptolemy/actor/lib/test/auto/LazyPubSub2.xml
22 ms. Memory: 420864K Free: 342854K (81%)
----------------- Invoking toplevel() on ptolemy.moml.MoMLSimpleApplication@1b9e48a3
----------------- Done invoking toplevel() on ptolemy.moml.MoMLSimpleApplication@1b9e48a3
reloadAllAccessors: .LazyPubSub2

===========================================================================================
----------------- testing Sun Nov 17 06:24:40 UTC 2019 /home/travis/build/icyphy/ptII/ptolemy/actor/lib/test/auto/LazyPubSub3.xml
----------------- Instantiating /home/travis/build/icyphy/ptII/ptolemy/actor/lib/test/auto/LazyPubSub3.xml
11 ms. Memory: 420864K Free: 332614K (79%)
----------------- Invoking toplevel() on ptolemy.moml.MoMLSimpleApplication@7b900395
----------------- Done invoking toplevel() on ptolemy.moml.MoMLSimpleApplication@7b900395
reloadAllAccessors: .LazyPubSub3

===========================================================================================
----------------- testing Sun Nov 17 06:24:40 UTC 2019 /home/travis/build/icyphy/ptII/ptolemy/actor/lib/test/auto/LazySubClassModel.xml
----------------- Instantiating /home/travis/build/icyphy/ptII/ptolemy/actor/lib/test/auto/LazySubClassModel.xml
2 ms. Memory: 420864K Free: 323908K (77%)
----------------- Invoking toplevel() on ptolemy.moml.MoMLSimpleApplication@5a91b074
----------------- Done invoking toplevel() on ptolemy.moml.MoMLSimpleApplication@5a91b074
reloadAllAccessors: .LazySubClassModel

===========================================================================================
----------------- testing Sun Nov 17 06:24:40 UTC 2019 /home/travis/build/icyphy/ptII/ptolemy/actor/lib/test/auto/LevelCrossTest1.xml
----------------- Instantiating /home/travis/build/icyphy/ptII/ptolemy/actor/lib/test/auto/LevelCrossTest1.xml
1 ms. Memory: 420864K Free: 318278K (76%)
----------------- Invoking toplevel() on ptolemy.moml.MoMLSimpleApplication@171a6a67
----------------- Done invoking toplevel() on ptolemy.moml.MoMLSimpleApplication@171a6a67
reloadAllAccessors: .broken

===========================================================================================
----------------- testing Sun Nov 17 06:24:40 UTC 2019 /home/travis/build/icyphy/ptII/ptolemy/actor/lib/test/auto/LevelCrossTest10.xml
----------------- Instantiating /home/travis/build/icyphy/ptII/ptolemy/actor/lib/test/auto/LevelCrossTest10.xml
2 ms. Memory: 420864K Free: 310596K (74%)
----------------- Invoking toplevel() on ptolemy.moml.MoMLSimpleApplication@4ddbcf66
----------------- Done invoking toplevel() on ptolemy.moml.MoMLSimpleApplication@4ddbcf66
reloadAllAccessors: .LevelCrossTest10

===========================================================================================
----------------- testing Sun Nov 17 06:24:40 UTC 2019 /home/travis/build/icyphy/ptII/ptolemy/actor/lib/test/auto/LevelCrossTest11.xml
----------------- Instantiating /home/travis/build/icyphy/ptII/ptolemy/actor/lib/test/auto/LevelCrossTest11.xml
1 ms. Memory: 420864K Free: 303428K (72%)
----------------- Invoking toplevel() on ptolemy.moml.MoMLSimpleApplication@67f5122e
----------------- Done invoking toplevel() on ptolemy.moml.MoMLSimpleApplication@67f5122e
reloadAllAccessors: .LevelCrossTest11

===========================================================================================
----------------- testing Sun Nov 17 06:24:40 UTC 2019 /home/travis/build/icyphy/ptII/ptolemy/actor/lib/test/auto/LevelCrossTest12.xml
----------------- Instantiating /home/travis/build/icyphy/ptII/ptolemy/actor/lib/test/auto/LevelCrossTest12.xml
1 ms. Memory: 420864K Free: 296260K (70%)
----------------- Invoking toplevel() on ptolemy.moml.MoMLSimpleApplication@1b087b24
----------------- Done invoking toplevel() on ptolemy.moml.MoMLSimpleApplication@1b087b24
reloadAllAccessors: .LevelCrossTest12

===========================================================================================
----------------- testing Sun Nov 17 06:24:40 UTC 2019 /home/travis/build/icyphy/ptII/ptolemy/actor/lib/test/auto/LevelCrossTest13.xml
----------------- Instantiating /home/travis/build/icyphy/ptII/ptolemy/actor/lib/test/auto/LevelCrossTest13.xml
1 ms. Memory: 420864K Free: 288582K (69%)
----------------- Invoking toplevel() on ptolemy.moml.MoMLSimpleApplication@126be235
----------------- Done invoking toplevel() on ptolemy.moml.MoMLSimpleApplication@126be235
reloadAllAccessors: .LevelCrossTest13

===========================================================================================
----------------- testing Sun Nov 17 06:24:40 UTC 2019 /home/travis/build/icyphy/ptII/ptolemy/actor/lib/test/auto/LevelCrossTest2.xml
----------------- Instantiating /home/travis/build/icyphy/ptII/ptolemy/actor/lib/test/auto/LevelCrossTest2.xml
7 ms. Memory: 420864K Free: 282948K (67%)
----------------- Invoking toplevel() on ptolemy.moml.MoMLSimpleApplication@6a8f8bde
----------------- Done invoking toplevel() on ptolemy.moml.MoMLSimpleApplication@6a8f8bde
reloadAllAccessors: .broken

===========================================================================================
----------------- testing Sun Nov 17 06:24:40 UTC 2019 /home/travis/build/icyphy/ptII/ptolemy/actor/lib/test/auto/LevelCrossTest3.xml
----------------- Instantiating /home/travis/build/icyphy/ptII/ptolemy/actor/lib/test/auto/LevelCrossTest3.xml
2 ms. Memory: 420864K Free: 277318K (66%)
----------------- Invoking toplevel() on ptolemy.moml.MoMLSimpleApplication@64c8c574
----------------- Done invoking toplevel() on ptolemy.moml.MoMLSimpleApplication@64c8c574
reloadAllAccessors: .LevelCrossTest3

===========================================================================================
----------------- testing Sun Nov 17 06:24:40 UTC 2019 /home/travis/build/icyphy/ptII/ptolemy/actor/lib/test/auto/LevelCrossTest4.xml
----------------- Instantiating /home/travis/build/icyphy/ptII/ptolemy/actor/lib/test/auto/LevelCrossTest4.xml
2 ms. Memory: 420864K Free: 271684K (65%)
----------------- Invoking toplevel() on ptolemy.moml.MoMLSimpleApplication@6f25eb66
----------------- Done invoking toplevel() on ptolemy.moml.MoMLSimpleApplication@6f25eb66
reloadAllAccessors: .broken

===========================================================================================
----------------- testing Sun Nov 17 06:24:40 UTC 2019 /home/travis/build/icyphy/ptII/ptolemy/actor/lib/test/auto/LevelCrossTest5.xml
----------------- Instantiating /home/travis/build/icyphy/ptII/ptolemy/actor/lib/test/auto/LevelCrossTest5.xml
4 ms. Memory: 420864K Free: 265540K (63%)
----------------- Invoking toplevel() on ptolemy.moml.MoMLSimpleApplication@1947981b
----------------- Done invoking toplevel() on ptolemy.moml.MoMLSimpleApplication@1947981b
reloadAllAccessors: .LevelCrossTest5

===========================================================================================
----------------- testing Sun Nov 17 06:24:40 UTC 2019 /home/travis/build/icyphy/ptII/ptolemy/actor/lib/test/auto/LevelCrossTest6.xml
----------------- Instantiating /home/travis/build/icyphy/ptII/ptolemy/actor/lib/test/auto/LevelCrossTest6.xml
1 ms. Memory: 420864K Free: 259396K (62%)
----------------- Invoking toplevel() on ptolemy.moml.MoMLSimpleApplication@5f1a6f4d
----------------- Done invoking toplevel() on ptolemy.moml.MoMLSimpleApplication@5f1a6f4d
reloadAllAccessors: .LevelCrossTest6

===========================================================================================
----------------- testing Sun Nov 17 06:24:40 UTC 2019 /home/travis/build/icyphy/ptII/ptolemy/actor/lib/test/auto/LevelCrossTest7.xml
----------------- Instantiating /home/travis/build/icyphy/ptII/ptolemy/actor/lib/test/auto/LevelCrossTest7.xml
2 ms. Memory: 420864K Free: 250694K (60%)
----------------- Invoking toplevel() on ptolemy.moml.MoMLSimpleApplication@57788d9d
----------------- Done invoking toplevel() on ptolemy.moml.MoMLSimpleApplication@57788d9d
reloadAllAccessors: .LevelCrossTest7

===========================================================================================
----------------- testing Sun Nov 17 06:24:41 UTC 2019 /home/travis/build/icyphy/ptII/ptolemy/actor/lib/test/auto/LevelCrossTest8.xml
----------------- Instantiating /home/travis/build/icyphy/ptII/ptolemy/actor/lib/test/auto/LevelCrossTest8.xml
1 ms. Memory: 420864K Free: 243526K (58%)
----------------- Invoking toplevel() on ptolemy.moml.MoMLSimpleApplication@3e464904
----------------- Done invoking toplevel() on ptolemy.moml.MoMLSimpleApplication@3e464904
reloadAllAccessors: .LevelCrossTest8

===========================================================================================
----------------- testing Sun Nov 17 06:24:41 UTC 2019 /home/travis/build/icyphy/ptII/ptolemy/actor/lib/test/auto/LevelCrossTest9.xml
----------------- Instantiating /home/travis/build/icyphy/ptII/ptolemy/actor/lib/test/auto/LevelCrossTest9.xml
2 ms. Memory: 420864K Free: 236868K (56%)
----------------- Invoking toplevel() on ptolemy.moml.MoMLSimpleApplication@41a7f457
----------------- Done invoking toplevel() on ptolemy.moml.MoMLSimpleApplication@41a7f457
reloadAllAccessors: .LevelCrossTest9

===========================================================================================
----------------- testing Sun Nov 17 06:24:41 UTC 2019 /home/travis/build/icyphy/ptII/ptolemy/actor/lib/test/auto/LevinsonDurbin.xml
----------------- Instantiating /home/travis/build/icyphy/ptII/ptolemy/actor/lib/test/auto/LevinsonDurbin.xml
13 ms. Memory: 420864K Free: 233286K (55%)
----------------- Invoking toplevel() on ptolemy.moml.MoMLSimpleApplication@1b90f2ea
----------------- Done invoking toplevel() on ptolemy.moml.MoMLSimpleApplication@1b90f2ea
reloadAllAccessors: .LevinsonDurbin

===========================================================================================
----------------- testing Sun Nov 17 06:24:41 UTC 2019 /home/travis/build/icyphy/ptII/ptolemy/actor/lib/test/auto/LevinsonDurbin2.xml
----------------- Instantiating /home/travis/build/icyphy/ptII/ptolemy/actor/lib/test/auto/LevinsonDurbin2.xml
2 ms. Memory: 420864K Free: 229190K (54%)
----------------- Invoking toplevel() on ptolemy.moml.MoMLSimpleApplication@37ee3c7c
----------------- Done invoking toplevel() on ptolemy.moml.MoMLSimpleApplication@37ee3c7c
reloadAllAccessors: .LevinsonDurbin2

===========================================================================================
----------------- testing Sun Nov 17 06:24:41 UTC 2019 /home/travis/build/icyphy/ptII/ptolemy/actor/lib/test/auto/LevinsonDurbin3.xml
----------------- Instantiating /home/travis/build/icyphy/ptII/ptolemy/actor/lib/test/auto/LevinsonDurbin3.xml
3 ms. Memory: 420864K Free: 225094K (53%)
----------------- Invoking toplevel() on ptolemy.moml.MoMLSimpleApplication@745c7679
----------------- Done invoking toplevel() on ptolemy.moml.MoMLSimpleApplication@745c7679
reloadAllAccessors: .LevinsonDurbin3

===========================================================================================
----------------- testing Sun Nov 17 06:24:41 UTC 2019 /home/travis/build/icyphy/ptII/ptolemy/actor/lib/test/auto/Limiter.xml
----------------- Instantiating /home/travis/build/icyphy/ptII/ptolemy/actor/lib/test/auto/Limiter.xml
5 ms. Memory: 420864K Free: 215878K (51%)
----------------- Invoking toplevel() on ptolemy.moml.MoMLSimpleApplication@cafe50f
----------------- Done invoking toplevel() on ptolemy.moml.MoMLSimpleApplication@cafe50f
reloadAllAccessors: .Limiter

===========================================================================================
----------------- testing Sun Nov 17 06:24:41 UTC 2019 /home/travis/build/icyphy/ptII/ptolemy/actor/lib/test/auto/LinearDifferenceEquationSystem.xml
----------------- Instantiating /home/travis/build/icyphy/ptII/ptolemy/actor/lib/test/auto/LinearDifferenceEquationSystem.xml
11 ms. Memory: 420864K Free: 209220K (50%)
----------------- Invoking toplevel() on ptolemy.moml.MoMLSimpleApplication@403f16e0
----------------- Done invoking toplevel() on ptolemy.moml.MoMLSimpleApplication@403f16e0
reloadAllAccessors: .LinearDifferenceEquationSystem

===========================================================================================
----------------- testing Sun Nov 17 06:24:41 UTC 2019 /home/travis/build/icyphy/ptII/ptolemy/actor/lib/test/auto/LookupTable.xml
----------------- Instantiating /home/travis/build/icyphy/ptII/ptolemy/actor/lib/test/auto/LookupTable.xml
3 ms. Memory: 420864K Free: 204614K (49%)
----------------- Invoking toplevel() on ptolemy.moml.MoMLSimpleApplication@1c3ddc6e
----------------- Done invoking toplevel() on ptolemy.moml.MoMLSimpleApplication@1c3ddc6e
reloadAllAccessors: .LookupTable

===========================================================================================
----------------- testing Sun Nov 17 06:24:41 UTC 2019 /home/travis/build/icyphy/ptII/ptolemy/actor/lib/test/auto/MathFunction.xml
----------------- Instantiating /home/travis/build/icyphy/ptII/ptolemy/actor/lib/test/auto/MathFunction.xml
3 ms. Memory: 420864K Free: 196422K (47%)
----------------- Invoking toplevel() on ptolemy.moml.MoMLSimpleApplication@2f77b972
----------------- Done invoking toplevel() on ptolemy.moml.MoMLSimpleApplication@2f77b972
reloadAllAccessors: .MathFunction

===========================================================================================
----------------- testing Sun Nov 17 06:24:41 UTC 2019 /home/travis/build/icyphy/ptII/ptolemy/actor/lib/test/auto/MathFunction2.xml
----------------- Instantiating /home/travis/build/icyphy/ptII/ptolemy/actor/lib/test/auto/MathFunction2.xml
6 ms. Memory: 420864K Free: 192836K (46%)
----------------- Invoking toplevel() on ptolemy.moml.MoMLSimpleApplication@354acd3a
----------------- Done invoking toplevel() on ptolemy.moml.MoMLSimpleApplication@354acd3a
reloadAllAccessors: .MathFunction2

===========================================================================================
----------------- testing Sun Nov 17 06:24:41 UTC 2019 /home/travis/build/icyphy/ptII/ptolemy/actor/lib/test/auto/MathFunction3.xml
----------------- Instantiating /home/travis/build/icyphy/ptII/ptolemy/actor/lib/test/auto/MathFunction3.xml
3 ms. Memory: 420864K Free: 185668K (44%)
----------------- Invoking toplevel() on ptolemy.moml.MoMLSimpleApplication@52fc7b29
----------------- Done invoking toplevel() on ptolemy.moml.MoMLSimpleApplication@52fc7b29
reloadAllAccessors: .MathFunction3

===========================================================================================
----------------- testing Sun Nov 17 06:24:41 UTC 2019 /home/travis/build/icyphy/ptII/ptolemy/actor/lib/test/auto/MatrixCropBoolean.xml
----------------- Instantiating /home/travis/build/icyphy/ptII/ptolemy/actor/lib/test/auto/MatrixCropBoolean.xml
2 ms. Memory: 420864K Free: 180518K (43%)
----------------- Invoking toplevel() on ptolemy.moml.MoMLSimpleApplication@63f7e36c
----------------- Done invoking toplevel() on ptolemy.moml.MoMLSimpleApplication@63f7e36c
reloadAllAccessors: .MatrixCropBoolean

===========================================================================================
----------------- testing Sun Nov 17 06:24:41 UTC 2019 /home/travis/build/icyphy/ptII/ptolemy/actor/lib/test/auto/MatrixCropComplex.xml
----------------- Instantiating /home/travis/build/icyphy/ptII/ptolemy/actor/lib/test/auto/MatrixCropComplex.xml
2 ms. Memory: 420864K Free: 175414K (42%)
----------------- Invoking toplevel() on ptolemy.moml.MoMLSimpleApplication@7624dc0d
----------------- Done invoking toplevel() on ptolemy.moml.MoMLSimpleApplication@7624dc0d
reloadAllAccessors: .MatrixCropComplex

===========================================================================================
----------------- testing Sun Nov 17 06:24:41 UTC 2019 /home/travis/build/icyphy/ptII/ptolemy/actor/lib/test/auto/MatrixCropDouble.xml
----------------- Instantiating /home/travis/build/icyphy/ptII/ptolemy/actor/lib/test/auto/MatrixCropDouble.xml
3 ms. Memory: 420864K Free: 170822K (41%)
----------------- Invoking toplevel() on ptolemy.moml.MoMLSimpleApplication@5d306146
----------------- Done invoking toplevel() on ptolemy.moml.MoMLSimpleApplication@5d306146
reloadAllAccessors: .MatrixCropDouble

===========================================================================================
----------------- testing Sun Nov 17 06:24:41 UTC 2019 /home/travis/build/icyphy/ptII/ptolemy/actor/lib/test/auto/MatrixCropFix.xml
----------------- Instantiating /home/travis/build/icyphy/ptII/ptolemy/actor/lib/test/auto/MatrixCropFix.xml
2 ms. Memory: 420864K Free: 166206K (39%)
----------------- Invoking toplevel() on ptolemy.moml.MoMLSimpleApplication@76b90c4b
----------------- Done invoking toplevel() on ptolemy.moml.MoMLSimpleApplication@76b90c4b
reloadAllAccessors: .MatrixCropFix

===========================================================================================
----------------- testing Sun Nov 17 06:24:41 UTC 2019 /home/travis/build/icyphy/ptII/ptolemy/actor/lib/test/auto/MatrixCropInt.xml
----------------- Instantiating /home/travis/build/icyphy/ptII/ptolemy/actor/lib/test/auto/MatrixCropInt.xml
2 ms. Memory: 420864K Free: 161606K (38%)
----------------- Invoking toplevel() on ptolemy.moml.MoMLSimpleApplication@399c1abe
----------------- Done invoking toplevel() on ptolemy.moml.MoMLSimpleApplication@399c1abe
reloadAllAccessors: .MatrixCropInt

===========================================================================================
----------------- testing Sun Nov 17 06:24:41 UTC 2019 /home/travis/build/icyphy/ptII/ptolemy/actor/lib/test/auto/MatrixCropLong.xml
----------------- Instantiating /home/travis/build/icyphy/ptII/ptolemy/actor/lib/test/auto/MatrixCropLong.xml
2 ms. Memory: 420864K Free: 156982K (37%)
----------------- Invoking toplevel() on ptolemy.moml.MoMLSimpleApplication@5c44af41
----------------- Done invoking toplevel() on ptolemy.moml.MoMLSimpleApplication@5c44af41
reloadAllAccessors: .MatrixCropLong

===========================================================================================
----------------- testing Sun Nov 17 06:24:41 UTC 2019 /home/travis/build/icyphy/ptII/ptolemy/actor/lib/test/auto/MatrixToArray.xml
----------------- Instantiating /home/travis/build/icyphy/ptII/ptolemy/actor/lib/test/auto/MatrixToArray.xml
8 ms. Memory: 420864K Free: 142150K (34%)
----------------- Invoking toplevel() on ptolemy.moml.MoMLSimpleApplication@3194890b
----------------- Done invoking toplevel() on ptolemy.moml.MoMLSimpleApplication@3194890b
reloadAllAccessors: .MatrixToArray

===========================================================================================
----------------- testing Sun Nov 17 06:24:41 UTC 2019 /home/travis/build/icyphy/ptII/ptolemy/actor/lib/test/auto/MaxIndex.xml
----------------- Instantiating /home/travis/build/icyphy/ptII/ptolemy/actor/lib/test/auto/MaxIndex.xml
10 ms. Memory: 420864K Free: 137030K (33%)
----------------- Invoking toplevel() on ptolemy.moml.MoMLSimpleApplication@53d8e3f0
----------------- Done invoking toplevel() on ptolemy.moml.MoMLSimpleApplication@53d8e3f0
reloadAllAccessors: .MaxIndex

===========================================================================================
----------------- testing Sun Nov 17 06:24:41 UTC 2019 /home/travis/build/icyphy/ptII/ptolemy/actor/lib/test/auto/Maximum.xml
----------------- Instantiating /home/travis/build/icyphy/ptII/ptolemy/actor/lib/test/auto/Maximum.xml
4 ms. Memory: 420864K Free: 130342K (31%)
----------------- Invoking toplevel() on ptolemy.moml.MoMLSimpleApplication@3760164
----------------- Done invoking toplevel() on ptolemy.moml.MoMLSimpleApplication@3760164
reloadAllAccessors: .Maximum

===========================================================================================
----------------- testing Sun Nov 17 06:24:41 UTC 2019 /home/travis/build/icyphy/ptII/ptolemy/actor/lib/test/auto/MaximumComplex.xml
----------------- Instantiating /home/travis/build/icyphy/ptII/ptolemy/actor/lib/test/auto/MaximumComplex.xml
7 ms. Memory: 420864K Free: 124198K (30%)
----------------- Invoking toplevel() on ptolemy.moml.MoMLSimpleApplication@6ff786bf
----------------- Done invoking toplevel() on ptolemy.moml.MoMLSimpleApplication@6ff786bf
reloadAllAccessors: .MaximumComplex

===========================================================================================
----------------- testing Sun Nov 17 06:24:41 UTC 2019 /home/travis/build/icyphy/ptII/ptolemy/actor/lib/test/auto/MethodCallTest.xml
----------------- Instantiating /home/travis/build/icyphy/ptII/ptolemy/actor/lib/test/auto/MethodCallTest.xml
3 ms. Memory: 420864K Free: 366157K (87%)
----------------- Invoking toplevel() on ptolemy.moml.MoMLSimpleApplication@36461b5e
----------------- Done invoking toplevel() on ptolemy.moml.MoMLSimpleApplication@36461b5e
reloadAllAccessors: .MethodCallTest

===========================================================================================
----------------- testing Sun Nov 17 06:24:41 UTC 2019 /home/travis/build/icyphy/ptII/ptolemy/actor/lib/test/auto/Minimum.xml
----------------- Instantiating /home/travis/build/icyphy/ptII/ptolemy/actor/lib/test/auto/Minimum.xml
3 ms. Memory: 420864K Free: 360013K (86%)
----------------- Invoking toplevel() on ptolemy.moml.MoMLSimpleApplication@419429ee
----------------- Done invoking toplevel() on ptolemy.moml.MoMLSimpleApplication@419429ee
reloadAllAccessors: .Minimum

===========================================================================================
----------------- testing Sun Nov 17 06:24:41 UTC 2019 /home/travis/build/icyphy/ptII/ptolemy/actor/lib/test/auto/MinimumComplex.xml
----------------- Instantiating /home/travis/build/icyphy/ptII/ptolemy/actor/lib/test/auto/MinimumComplex.xml
3 ms. Memory: 420864K Free: 354379K (84%)
----------------- Invoking toplevel() on ptolemy.moml.MoMLSimpleApplication@1f303058
----------------- Done invoking toplevel() on ptolemy.moml.MoMLSimpleApplication@1f303058
reloadAllAccessors: .MinimumComplex

===========================================================================================
----------------- testing Sun Nov 17 06:24:41 UTC 2019 /home/travis/build/icyphy/ptII/ptolemy/actor/lib/test/auto/MinimumMultiports.xml
----------------- Instantiating /home/travis/build/icyphy/ptII/ptolemy/actor/lib/test/auto/MinimumMultiports.xml
4 ms. Memory: 420864K Free: 345677K (82%)
----------------- Invoking toplevel() on ptolemy.moml.MoMLSimpleApplication@6090e249
----------------- Done invoking toplevel() on ptolemy.moml.MoMLSimpleApplication@6090e249
reloadAllAccessors: .MinimumMultiports

===========================================================================================
----------------- testing Sun Nov 17 06:24:41 UTC 2019 /home/travis/build/icyphy/ptII/ptolemy/actor/lib/test/auto/ModifyDate.xml
----------------- Instantiating /home/travis/build/icyphy/ptII/ptolemy/actor/lib/test/auto/ModifyDate.xml
12 ms. Memory: 420864K Free: 332875K (79%)
----------------- Invoking toplevel() on ptolemy.moml.MoMLSimpleApplication@2cab233d
----------------- Done invoking toplevel() on ptolemy.moml.MoMLSimpleApplication@2cab233d
reloadAllAccessors: .ModifyDate

===========================================================================================
----------------- testing Sun Nov 17 06:24:41 UTC 2019 /home/travis/build/icyphy/ptII/ptolemy/actor/lib/test/auto/ModifyDate2.xml
----------------- Instantiating /home/travis/build/icyphy/ptII/ptolemy/actor/lib/test/auto/ModifyDate2.xml
5 ms. Memory: 420864K Free: 324173K (77%)
----------------- Invoking toplevel() on ptolemy.moml.MoMLSimpleApplication@1d55cce6
----------------- Done invoking toplevel() on ptolemy.moml.MoMLSimpleApplication@1d55cce6
reloadAllAccessors: .ModifyDate2

===========================================================================================
----------------- testing Sun Nov 17 06:24:41 UTC 2019 /home/travis/build/icyphy/ptII/ptolemy/actor/lib/test/auto/MovingAverage.xml
----------------- Instantiating /home/travis/build/icyphy/ptII/ptolemy/actor/lib/test/auto/MovingAverage.xml
4 ms. Memory: 420864K Free: 319053K (76%)
----------------- Invoking toplevel() on ptolemy.moml.MoMLSimpleApplication@b44b166
----------------- Done invoking toplevel() on ptolemy.moml.MoMLSimpleApplication@b44b166
reloadAllAccessors: .MovingAverage

===========================================================================================
----------------- testing Sun Nov 17 06:24:41 UTC 2019 /home/travis/build/icyphy/ptII/ptolemy/actor/lib/test/auto/MovingMaximum.xml
----------------- Instantiating /home/travis/build/icyphy/ptII/ptolemy/actor/lib/test/auto/MovingMaximum.xml
2 ms. Memory: 420864K Free: 314957K (75%)
----------------- Invoking toplevel() on ptolemy.moml.MoMLSimpleApplication@76e56396
----------------- Done invoking toplevel() on ptolemy.moml.MoMLSimpleApplication@76e56396
reloadAllAccessors: .MovingMaximum

===========================================================================================
----------------- testing Sun Nov 17 06:24:41 UTC 2019 /home/travis/build/icyphy/ptII/ptolemy/actor/lib/test/auto/MultipleLinksToSameRelation.xml
----------------- Instantiating /home/travis/build/icyphy/ptII/ptolemy/actor/lib/test/auto/MultipleLinksToSameRelation.xml
2 ms. Memory: 420864K Free: 310861K (74%)
----------------- Invoking toplevel() on ptolemy.moml.MoMLSimpleApplication@19268f9d
----------------- Done invoking toplevel() on ptolemy.moml.MoMLSimpleApplication@19268f9d
reloadAllAccessors: .MultipleLinksToSameRelation

===========================================================================================
----------------- testing Sun Nov 17 06:24:41 UTC 2019 /home/travis/build/icyphy/ptII/ptolemy/actor/lib/test/auto/MultipleLinksToSameRelationDE.xml
----------------- Instantiating /home/travis/build/icyphy/ptII/ptolemy/actor/lib/test/auto/MultipleLinksToSameRelationDE.xml
2 ms. Memory: 420864K Free: 306245K (73%)
----------------- Invoking toplevel() on ptolemy.moml.MoMLSimpleApplication@64cb9e08
----------------- Done invoking toplevel() on ptolemy.moml.MoMLSimpleApplication@64cb9e08
reloadAllAccessors: .MultipleLinksToSameRelationDE

===========================================================================================
----------------- testing Sun Nov 17 06:24:41 UTC 2019 /home/travis/build/icyphy/ptII/ptolemy/actor/lib/test/auto/Multiplexor.xml
----------------- Instantiating /home/travis/build/icyphy/ptII/ptolemy/actor/lib/test/auto/Multiplexor.xml
2 ms. Memory: 420864K Free: 300621K (71%)
----------------- Invoking toplevel() on ptolemy.moml.MoMLSimpleApplication@d058401
----------------- Done invoking toplevel() on ptolemy.moml.MoMLSimpleApplication@d058401
reloadAllAccessors: .Multiplexor

===========================================================================================
----------------- testing Sun Nov 17 06:24:41 UTC 2019 /home/travis/build/icyphy/ptII/ptolemy/actor/lib/test/auto/Multiplexor1.xml
----------------- Instantiating /home/travis/build/icyphy/ptII/ptolemy/actor/lib/test/auto/Multiplexor1.xml
3 ms. Memory: 420864K Free: 294957K (70%)
----------------- Invoking toplevel() on ptolemy.moml.MoMLSimpleApplication@48df330e
----------------- Done invoking toplevel() on ptolemy.moml.MoMLSimpleApplication@48df330e
reloadAllAccessors: .Multiplexor1

===========================================================================================
----------------- testing Sun Nov 17 06:24:41 UTC 2019 /home/travis/build/icyphy/ptII/ptolemy/actor/lib/test/auto/Multiplexor2.xml
----------------- Instantiating /home/travis/build/icyphy/ptII/ptolemy/actor/lib/test/auto/Multiplexor2.xml
7 ms. Memory: 420864K Free: 288843K (69%)
----------------- Invoking toplevel() on ptolemy.moml.MoMLSimpleApplication@ee445d5
----------------- Done invoking toplevel() on ptolemy.moml.MoMLSimpleApplication@ee445d5
reloadAllAccessors: .Multiplexor2

===========================================================================================
----------------- testing Sun Nov 17 06:24:41 UTC 2019 /home/travis/build/icyphy/ptII/ptolemy/actor/lib/test/auto/Multiplexor3.xml
----------------- Instantiating /home/travis/build/icyphy/ptII/ptolemy/actor/lib/test/auto/Multiplexor3.xml
2 ms. Memory: 420864K Free: 284747K (68%)
----------------- Invoking toplevel() on ptolemy.moml.MoMLSimpleApplication@5a01f870
----------------- Done invoking toplevel() on ptolemy.moml.MoMLSimpleApplication@5a01f870
reloadAllAccessors: .Multiplexor3

===========================================================================================
----------------- testing Sun Nov 17 06:24:41 UTC 2019 /home/travis/build/icyphy/ptII/ptolemy/actor/lib/test/auto/MultiplexorDE.xml
----------------- Instantiating /home/travis/build/icyphy/ptII/ptolemy/actor/lib/test/auto/MultiplexorDE.xml
5 ms. Memory: 420864K Free: 277069K (66%)
----------------- Invoking toplevel() on ptolemy.moml.MoMLSimpleApplication@31c7be9f
----------------- Done invoking toplevel() on ptolemy.moml.MoMLSimpleApplication@31c7be9f
reloadAllAccessors: .MultiplexorDE

===========================================================================================
----------------- testing Sun Nov 17 06:24:41 UTC 2019 /home/travis/build/icyphy/ptII/ptolemy/actor/lib/test/auto/MultiportBroadcastTest.xml
----------------- Instantiating /home/travis/build/icyphy/ptII/ptolemy/actor/lib/test/auto/MultiportBroadcastTest.xml
118 ms. Memory: 420864K Free: 270925K (64%)
----------------- Invoking toplevel() on ptolemy.moml.MoMLSimpleApplication@6ecf4d9e
----------------- Done invoking toplevel() on ptolemy.moml.MoMLSimpleApplication@6ecf4d9e
reloadAllAccessors: .MultiportBroadcastTest

===========================================================================================
----------------- testing Sun Nov 17 06:24:42 UTC 2019 /home/travis/build/icyphy/ptII/ptolemy/actor/lib/test/auto/MultiportOutHangDuringGetWidth.xml
----------------- Instantiating /home/travis/build/icyphy/ptII/ptolemy/actor/lib/test/auto/MultiportOutHangDuringGetWidth.xml
6 ms. Memory: 420864K Free: 258637K (61%)
----------------- Invoking toplevel() on ptolemy.moml.MoMLSimpleApplication@79ea8f55
----------------- Done invoking toplevel() on ptolemy.moml.MoMLSimpleApplication@79ea8f55
reloadAllAccessors: .MultiportOutHangDuringGetWidth

===========================================================================================
----------------- testing Sun Nov 17 06:24:42 UTC 2019 /home/travis/build/icyphy/ptII/ptolemy/actor/lib/test/auto/NilToken.xml
----------------- Instantiating /home/travis/build/icyphy/ptII/ptolemy/actor/lib/test/auto/NilToken.xml
1 ms. Memory: 420864K Free: 254541K (60%)
----------------- Invoking toplevel() on ptolemy.moml.MoMLSimpleApplication@1ce9e092
----------------- Done invoking toplevel() on ptolemy.moml.MoMLSimpleApplication@1ce9e092
reloadAllAccessors: .NilToken

===========================================================================================
----------------- testing Sun Nov 17 06:24:42 UTC 2019 /home/travis/build/icyphy/ptII/ptolemy/actor/lib/test/auto/NilTokenNonStrictTest.xml
----------------- Instantiating /home/travis/build/icyphy/ptII/ptolemy/actor/lib/test/auto/NilTokenNonStrictTest.xml
2 ms. Memory: 420864K Free: 249931K (59%)
----------------- Invoking toplevel() on ptolemy.moml.MoMLSimpleApplication@75bb61a3
----------------- Done invoking toplevel() on ptolemy.moml.MoMLSimpleApplication@75bb61a3
reloadAllAccessors: .NilTokenNonStrictTest

===========================================================================================
----------------- testing Sun Nov 17 06:24:42 UTC 2019 /home/travis/build/icyphy/ptII/ptolemy/actor/lib/test/auto/NilTokenRecord.xml
----------------- Instantiating /home/travis/build/icyphy/ptII/ptolemy/actor/lib/test/auto/NilTokenRecord.xml
11 ms. Memory: 420864K Free: 243277K (58%)
----------------- Invoking toplevel() on ptolemy.moml.MoMLSimpleApplication@4b291f33
----------------- Done invoking toplevel() on ptolemy.moml.MoMLSimpleApplication@4b291f33
reloadAllAccessors: .NilTokenRecord

===========================================================================================
----------------- testing Sun Nov 17 06:24:42 UTC 2019 /home/travis/build/icyphy/ptII/ptolemy/actor/lib/test/auto/NilTokenTypeTest.xml
----------------- Instantiating /home/travis/build/icyphy/ptII/ptolemy/actor/lib/test/auto/NilTokenTypeTest.xml
14 ms. Memory: 420864K Free: 233547K (55%)
----------------- Invoking toplevel() on ptolemy.moml.MoMLSimpleApplication@cd3dfb0
----------------- Done invoking toplevel() on ptolemy.moml.MoMLSimpleApplication@cd3dfb0
reloadAllAccessors: .NilTokenTypeTest

===========================================================================================
----------------- testing Sun Nov 17 06:24:42 UTC 2019 /home/travis/build/icyphy/ptII/ptolemy/actor/lib/test/auto/ObjectToken1.xml
----------------- Instantiating /home/travis/build/icyphy/ptII/ptolemy/actor/lib/test/auto/ObjectToken1.xml
4 ms. Memory: 420864K Free: 229451K (55%)
----------------- Invoking toplevel() on ptolemy.moml.MoMLSimpleApplication@6f94c9b5
----------------- Done invoking toplevel() on ptolemy.moml.MoMLSimpleApplication@6f94c9b5
reloadAllAccessors: .ObjectToken1

===========================================================================================
----------------- testing Sun Nov 17 06:24:42 UTC 2019 /home/travis/build/icyphy/ptII/ptolemy/actor/lib/test/auto/OrderedMerge.xml
----------------- Instantiating /home/travis/build/icyphy/ptII/ptolemy/actor/lib/test/auto/OrderedMerge.xml
8 ms. Memory: 420864K Free: 223821K (53%)
----------------- Invoking toplevel() on ptolemy.moml.MoMLSimpleApplication@3d06ed51
----------------- Done invoking toplevel() on ptolemy.moml.MoMLSimpleApplication@3d06ed51
reloadAllAccessors: .OrderedMerge

===========================================================================================
----------------- testing Sun Nov 17 06:24:42 UTC 2019 /home/travis/build/icyphy/ptII/ptolemy/actor/lib/test/auto/OrderedRecordDisassembler.xml
----------------- Instantiating /home/travis/build/icyphy/ptII/ptolemy/actor/lib/test/auto/OrderedRecordDisassembler.xml
4 ms. Memory: 420864K Free: 218701K (52%)
----------------- Invoking toplevel() on ptolemy.moml.MoMLSimpleApplication@7a0b5fc5
----------------- Done invoking toplevel() on ptolemy.moml.MoMLSimpleApplication@7a0b5fc5
reloadAllAccessors: .OrderedRecordDisassembler

===========================================================================================
----------------- testing Sun Nov 17 06:24:42 UTC 2019 /home/travis/build/icyphy/ptII/ptolemy/actor/lib/test/auto/OrderedRecordDisassembler2.xml
----------------- Instantiating /home/travis/build/icyphy/ptII/ptolemy/actor/lib/test/auto/OrderedRecordDisassembler2.xml
5 ms. Memory: 420864K Free: 211533K (50%)
----------------- Invoking toplevel() on ptolemy.moml.MoMLSimpleApplication@143269f2
----------------- Done invoking toplevel() on ptolemy.moml.MoMLSimpleApplication@143269f2
reloadAllAccessors: .OrderedRecordDisassembler2

===========================================================================================
----------------- testing Sun Nov 17 06:24:42 UTC 2019 /home/travis/build/icyphy/ptII/ptolemy/actor/lib/test/auto/OrderedRecordUpdater.xml
----------------- Instantiating /home/travis/build/icyphy/ptII/ptolemy/actor/lib/test/auto/OrderedRecordUpdater.xml
2 ms. Memory: 420864K Free: 206413K (49%)
----------------- Invoking toplevel() on ptolemy.moml.MoMLSimpleApplication@28b9e598
----------------- Done invoking toplevel() on ptolemy.moml.MoMLSimpleApplication@28b9e598
reloadAllAccessors: .RecordUpdater

===========================================================================================
----------------- testing Sun Nov 17 06:24:42 UTC 2019 /home/travis/build/icyphy/ptII/ptolemy/actor/lib/test/auto/OrderedRecordUpdater2.xml
----------------- Instantiating /home/travis/build/icyphy/ptII/ptolemy/actor/lib/test/auto/OrderedRecordUpdater2.xml
2 ms. Memory: 420864K Free: 201803K (48%)
----------------- Invoking toplevel() on ptolemy.moml.MoMLSimpleApplication@393c6b70
----------------- Done invoking toplevel() on ptolemy.moml.MoMLSimpleApplication@393c6b70
reloadAllAccessors: .RecordUpdater2

===========================================================================================
----------------- testing Sun Nov 17 06:24:42 UTC 2019 /home/travis/build/icyphy/ptII/ptolemy/actor/lib/test/auto/PhaseUnwrap.xml
----------------- Instantiating /home/travis/build/icyphy/ptII/ptolemy/actor/lib/test/auto/PhaseUnwrap.xml
2 ms. Memory: 420864K Free: 197197K (47%)
----------------- Invoking toplevel() on ptolemy.moml.MoMLSimpleApplication@1afebb0
----------------- Done invoking toplevel() on ptolemy.moml.MoMLSimpleApplication@1afebb0
reloadAllAccessors: .PhaseUnwrap

===========================================================================================
----------------- testing Sun Nov 17 06:24:42 UTC 2019 /home/travis/build/icyphy/ptII/ptolemy/actor/lib/test/auto/PoissonClock.xml
----------------- Instantiating /home/travis/build/icyphy/ptII/ptolemy/actor/lib/test/auto/PoissonClock.xml
1 ms. Memory: 420864K Free: 193101K (46%)
----------------- Invoking toplevel() on ptolemy.moml.MoMLSimpleApplication@630e6e8e
----------------- Done invoking toplevel() on ptolemy.moml.MoMLSimpleApplication@630e6e8e
reloadAllAccessors: .PoissonClock

===========================================================================================
----------------- testing Sun Nov 17 06:24:42 UTC 2019 /home/travis/build/icyphy/ptII/ptolemy/actor/lib/test/auto/PoissonClock2.xml
----------------- Instantiating /home/travis/build/icyphy/ptII/ptolemy/actor/lib/test/auto/PoissonClock2.xml
2 ms. Memory: 420864K Free: 188491K (45%)
----------------- Invoking toplevel() on ptolemy.moml.MoMLSimpleApplication@2f7b02e4
----------------- Done invoking toplevel() on ptolemy.moml.MoMLSimpleApplication@2f7b02e4
reloadAllAccessors: .PoissonClock2

===========================================================================================
----------------- testing Sun Nov 17 06:24:42 UTC 2019 /home/travis/build/icyphy/ptII/ptolemy/actor/lib/test/auto/PoissonClock3.xml
----------------- Instantiating /home/travis/build/icyphy/ptII/ptolemy/actor/lib/test/auto/PoissonClock3.xml
2 ms. Memory: 420864K Free: 183885K (44%)
----------------- Invoking toplevel() on ptolemy.moml.MoMLSimpleApplication@24a759b3
----------------- Done invoking toplevel() on ptolemy.moml.MoMLSimpleApplication@24a759b3
reloadAllAccessors: .PoissonClock3

===========================================================================================
----------------- testing Sun Nov 17 06:24:42 UTC 2019 /home/travis/build/icyphy/ptII/ptolemy/actor/lib/test/auto/PubSubWithInitialTokens.xml
----------------- Instantiating /home/travis/build/icyphy/ptII/ptolemy/actor/lib/test/auto/PubSubWithInitialTokens.xml
2 ms. Memory: 420864K Free: 178765K (42%)
----------------- Invoking toplevel() on ptolemy.moml.MoMLSimpleApplication@3e2148a5
----------------- Done invoking toplevel() on ptolemy.moml.MoMLSimpleApplication@3e2148a5
reloadAllAccessors: .PubSubWithInitialTokens

===========================================================================================
----------------- testing Sun Nov 17 06:24:42 UTC 2019 /home/travis/build/icyphy/ptII/ptolemy/actor/lib/test/auto/PubSubWithInitialTokens2.xml
----------------- Instantiating /home/travis/build/icyphy/ptII/ptolemy/actor/lib/test/auto/PubSubWithInitialTokens2.xml
3 ms. Memory: 420864K Free: 172621K (41%)
----------------- Invoking toplevel() on ptolemy.moml.MoMLSimpleApplication@69661dd0
----------------- Done invoking toplevel() on ptolemy.moml.MoMLSimpleApplication@69661dd0
reloadAllAccessors: .PubSubWithInitialTokens2

===========================================================================================
----------------- testing Sun Nov 17 06:24:42 UTC 2019 /home/travis/build/icyphy/ptII/ptolemy/actor/lib/test/auto/PublisherClassNoParameter.xml
----------------- Instantiating /home/travis/build/icyphy/ptII/ptolemy/actor/lib/test/auto/PublisherClassNoParameter.xml
3 ms. Memory: 420864K Free: 162381K (39%)
----------------- Invoking toplevel() on ptolemy.moml.MoMLSimpleApplication@71c53e48
----------------- Done invoking toplevel() on ptolemy.moml.MoMLSimpleApplication@71c53e48
reloadAllAccessors: .PublisherClassNoParameter

===========================================================================================
----------------- testing Sun Nov 17 06:24:42 UTC 2019 /home/travis/build/icyphy/ptII/ptolemy/actor/lib/test/auto/PublisherClassParameter.xml
----------------- Instantiating /home/travis/build/icyphy/ptII/ptolemy/actor/lib/test/auto/PublisherClassParameter.xml
3 ms. Memory: 420864K Free: 152141K (36%)
----------------- Invoking toplevel() on ptolemy.moml.MoMLSimpleApplication@3bcfe136
----------------- Done invoking toplevel() on ptolemy.moml.MoMLSimpleApplication@3bcfe136
reloadAllAccessors: .PublisherClassParameter

===========================================================================================
----------------- testing Sun Nov 17 06:24:42 UTC 2019 /home/travis/build/icyphy/ptII/ptolemy/actor/lib/test/auto/PublisherNonStrictTest.xml
----------------- Instantiating /home/travis/build/icyphy/ptII/ptolemy/actor/lib/test/auto/PublisherNonStrictTest.xml
4 ms. Memory: 420864K Free: 144453K (34%)
----------------- Invoking toplevel() on ptolemy.moml.MoMLSimpleApplication@5853797a
----------------- Done invoking toplevel() on ptolemy.moml.MoMLSimpleApplication@5853797a
reloadAllAccessors: .PublisherNonStrictTest

===========================================================================================
----------------- testing Sun Nov 17 06:24:42 UTC 2019 /home/travis/build/icyphy/ptII/ptolemy/actor/lib/test/auto/PublisherPort1.xml
----------------- Instantiating /home/travis/build/icyphy/ptII/ptolemy/actor/lib/test/auto/PublisherPort1.xml
16 ms. Memory: 420864K Free: 138829K (33%)
----------------- Invoking toplevel() on ptolemy.moml.MoMLSimpleApplication@4380c30c
----------------- Done invoking toplevel() on ptolemy.moml.MoMLSimpleApplication@4380c30c
reloadAllAccessors: .PublisherPort1

===========================================================================================
----------------- testing Sun Nov 17 06:24:42 UTC 2019 /home/travis/build/icyphy/ptII/ptolemy/actor/lib/test/auto/PublisherPort2.xml
----------------- Instantiating /home/travis/build/icyphy/ptII/ptolemy/actor/lib/test/auto/PublisherPort2.xml
2 ms. Memory: 420864K Free: 133709K (32%)
----------------- Invoking toplevel() on ptolemy.moml.MoMLSimpleApplication@4f40d66
----------------- Done invoking toplevel() on ptolemy.moml.MoMLSimpleApplication@4f40d66
reloadAllAccessors: .PublisherPort2

===========================================================================================
----------------- testing Sun Nov 17 06:24:42 UTC 2019 /home/travis/build/icyphy/ptII/ptolemy/actor/lib/test/auto/PublisherPort3.xml
----------------- Instantiating /home/travis/build/icyphy/ptII/ptolemy/actor/lib/test/auto/PublisherPort3.xml
3 ms. Memory: 420864K Free: 127021K (30%)
----------------- Invoking toplevel() on ptolemy.moml.MoMLSimpleApplication@56266b4f
----------------- Done invoking toplevel() on ptolemy.moml.MoMLSimpleApplication@56266b4f
reloadAllAccessors: .PublisherPort3

===========================================================================================
----------------- testing Sun Nov 17 06:24:42 UTC 2019 /home/travis/build/icyphy/ptII/ptolemy/actor/lib/test/auto/PublisherPort4.xml
----------------- Instantiating /home/travis/build/icyphy/ptII/ptolemy/actor/lib/test/auto/PublisherPort4.xml
3 ms. Memory: 420864K Free: 370253K (88%)
----------------- Invoking toplevel() on ptolemy.moml.MoMLSimpleApplication@12c2d53a
----------------- Done invoking toplevel() on ptolemy.moml.MoMLSimpleApplication@12c2d53a
reloadAllAccessors: .PublisherPort4

===========================================================================================
----------------- testing Sun Nov 17 06:24:42 UTC 2019 /home/travis/build/icyphy/ptII/ptolemy/actor/lib/test/auto/PublisherPort5.xml
----------------- Instantiating /home/travis/build/icyphy/ptII/ptolemy/actor/lib/test/auto/PublisherPort5.xml
5 ms. Memory: 420864K Free: 362571K (86%)
----------------- Invoking toplevel() on ptolemy.moml.MoMLSimpleApplication@6faaced5
----------------- Done invoking toplevel() on ptolemy.moml.MoMLSimpleApplication@6faaced5
reloadAllAccessors: .PublisherPort5

===========================================================================================
----------------- testing Sun Nov 17 06:24:42 UTC 2019 /home/travis/build/icyphy/ptII/ptolemy/actor/lib/test/auto/PublisherPort5LookAlike.xml
----------------- Instantiating /home/travis/build/icyphy/ptII/ptolemy/actor/lib/test/auto/PublisherPort5LookAlike.xml
10 ms. Memory: 420864K Free: 354893K (84%)
----------------- Invoking toplevel() on ptolemy.moml.MoMLSimpleApplication@6324d085
----------------- Done invoking toplevel() on ptolemy.moml.MoMLSimpleApplication@6324d085
reloadAllAccessors: .PublisherPort5LookAlike

===========================================================================================
----------------- testing Sun Nov 17 06:24:42 UTC 2019 /home/travis/build/icyphy/ptII/ptolemy/actor/lib/test/auto/PublisherPort6.xml
----------------- Instantiating /home/travis/build/icyphy/ptII/ptolemy/actor/lib/test/auto/PublisherPort6.xml
2 ms. Memory: 420864K Free: 348221K (83%)
----------------- Invoking toplevel() on ptolemy.moml.MoMLSimpleApplication@436077f7
----------------- Done invoking toplevel() on ptolemy.moml.MoMLSimpleApplication@436077f7
reloadAllAccessors: .PublisherPort6

===========================================================================================
----------------- testing Sun Nov 17 06:24:42 UTC 2019 /home/travis/build/icyphy/ptII/ptolemy/actor/lib/test/auto/PublisherPort7.xml
----------------- Instantiating /home/travis/build/icyphy/ptII/ptolemy/actor/lib/test/auto/PublisherPort7.xml
4 ms. Memory: 420864K Free: 340557K (81%)
----------------- Invoking toplevel() on ptolemy.moml.MoMLSimpleApplication@d0b41b5
----------------- Done invoking toplevel() on ptolemy.moml.MoMLSimpleApplication@d0b41b5
reloadAllAccessors: .PublisherPort7

===========================================================================================
----------------- testing Sun Nov 17 06:24:42 UTC 2019 /home/travis/build/icyphy/ptII/ptolemy/actor/lib/test/auto/PublisherPort8.xml
----------------- Instantiating /home/travis/build/icyphy/ptII/ptolemy/actor/lib/test/auto/PublisherPort8.xml
6 ms. Memory: 420864K Free: 331851K (79%)
----------------- Invoking toplevel() on ptolemy.moml.MoMLSimpleApplication@19092f11
----------------- Done invoking toplevel() on ptolemy.moml.MoMLSimpleApplication@19092f11
reloadAllAccessors: .PublisherPort8

===========================================================================================
----------------- testing Sun Nov 17 06:24:42 UTC 2019 /home/travis/build/icyphy/ptII/ptolemy/actor/lib/test/auto/PublisherPortSubscriberChannelVariablesAOC2.xml
----------------- Instantiating /home/travis/build/icyphy/ptII/ptolemy/actor/lib/test/auto/PublisherPortSubscriberChannelVariablesAOC2.xml
3 ms. Memory: 420864K Free: 314443K (75%)
----------------- Invoking toplevel() on ptolemy.moml.MoMLSimpleApplication@b2f6d7f
----------------- Done invoking toplevel() on ptolemy.moml.MoMLSimpleApplication@b2f6d7f
reloadAllAccessors: .PublisherPortSubscriberChannelVariablesAOC2

===========================================================================================
----------------- testing Sun Nov 17 06:24:42 UTC 2019 /home/travis/build/icyphy/ptII/ptolemy/actor/lib/test/auto/PublisherPortSubscriberOpaqueWidthInference.xml
----------------- Instantiating /home/travis/build/icyphy/ptII/ptolemy/actor/lib/test/auto/PublisherPortSubscriberOpaqueWidthInference.xml
4 ms. Memory: 420864K Free: 306765K (73%)
----------------- Invoking toplevel() on ptolemy.moml.MoMLSimpleApplication@79e7282
----------------- Done invoking toplevel() on ptolemy.moml.MoMLSimpleApplication@79e7282
reloadAllAccessors: .PublisherPortSubscriberOpaqueWidthInference

===========================================================================================
----------------- testing Sun Nov 17 06:24:42 UTC 2019 /home/travis/build/icyphy/ptII/ptolemy/actor/lib/test/auto/PublisherPortSubscriberPortAdjacent.xml
----------------- Instantiating /home/travis/build/icyphy/ptII/ptolemy/actor/lib/test/auto/PublisherPortSubscriberPortAdjacent.xml
1 ms. Memory: 420864K Free: 298573K (71%)
----------------- Invoking toplevel() on ptolemy.moml.MoMLSimpleApplication@7fdf6f0f
----------------- Done invoking toplevel() on ptolemy.moml.MoMLSimpleApplication@7fdf6f0f
reloadAllAccessors: .PublisherPortSubscriberPortAdjacent

===========================================================================================
----------------- testing Sun Nov 17 06:24:42 UTC 2019 /home/travis/build/icyphy/ptII/ptolemy/actor/lib/test/auto/PublisherPortSubscriberPortExpression.xml
----------------- Instantiating /home/travis/build/icyphy/ptII/ptolemy/actor/lib/test/auto/PublisherPortSubscriberPortExpression.xml
4 ms. Memory: 420864K Free: 290877K (69%)
----------------- Invoking toplevel() on ptolemy.moml.MoMLSimpleApplication@1fdea65
----------------- Done invoking toplevel() on ptolemy.moml.MoMLSimpleApplication@1fdea65
reloadAllAccessors: .PublisherPortSubscriberPortExpression

===========================================================================================
----------------- testing Sun Nov 17 06:24:42 UTC 2019 /home/travis/build/icyphy/ptII/ptolemy/actor/lib/test/auto/PublisherPortSubscriberPortOpaqueD3Reverse.xml
----------------- Instantiating /home/travis/build/icyphy/ptII/ptolemy/actor/lib/test/auto/PublisherPortSubscriberPortOpaqueD3Reverse.xml
7 ms. Memory: 420864K Free: 280651K (67%)
----------------- Invoking toplevel() on ptolemy.moml.MoMLSimpleApplication@30ead879
----------------- Done invoking toplevel() on ptolemy.moml.MoMLSimpleApplication@30ead879
reloadAllAccessors: .PublisherPortSubscriberPortOpaqueD3Reverse

===========================================================================================
----------------- testing Sun Nov 17 06:24:42 UTC 2019 /home/travis/build/icyphy/ptII/ptolemy/actor/lib/test/auto/PublisherPortSubscriberPortOpaqueWidthInference.xml
----------------- Instantiating /home/travis/build/icyphy/ptII/ptolemy/actor/lib/test/auto/PublisherPortSubscriberPortOpaqueWidthInference.xml
4 ms. Memory: 420864K Free: 273469K (65%)
----------------- Invoking toplevel() on ptolemy.moml.MoMLSimpleApplication@4fcea099
----------------- Done invoking toplevel() on ptolemy.moml.MoMLSimpleApplication@4fcea099
reloadAllAccessors: .PublisherPortSubscriberPortOpaqueWidthInference

===========================================================================================
----------------- testing Sun Nov 17 06:24:42 UTC 2019 /home/travis/build/icyphy/ptII/ptolemy/actor/lib/test/auto/PublisherPortToplevelSubscriberPortAOC.xml
----------------- Instantiating /home/travis/build/icyphy/ptII/ptolemy/actor/lib/test/auto/PublisherPortToplevelSubscriberPortAOC.xml
.PublisherPortToplevelSubscriberPortAOC.TestExceptionAttribute: initialize() was not invoked, but wrapup() was.  This is unusual, but not always a problem.  For example, exporting JNLP will do this.
1 ms. Memory: 420864K Free: 267853K (64%)
----------------- Invoking toplevel() on ptolemy.moml.MoMLSimpleApplication@160b2b81
----------------- Done invoking toplevel() on ptolemy.moml.MoMLSimpleApplication@160b2b81
reloadAllAccessors: .PublisherPortToplevelSubscriberPortAOC

===========================================================================================
----------------- testing Sun Nov 17 06:24:42 UTC 2019 /home/travis/build/icyphy/ptII/ptolemy/actor/lib/test/auto/PublisherSubscriber.xml
----------------- Instantiating /home/travis/build/icyphy/ptII/ptolemy/actor/lib/test/auto/PublisherSubscriber.xml
3 ms. Memory: 420864K Free: 260141K (62%)
----------------- Invoking toplevel() on ptolemy.moml.MoMLSimpleApplication@7addba35
----------------- Done invoking toplevel() on ptolemy.moml.MoMLSimpleApplication@7addba35
reloadAllAccessors: .PublisherSubscriber

===========================================================================================
----------------- testing Sun Nov 17 06:24:43 UTC 2019 /home/travis/build/icyphy/ptII/ptolemy/actor/lib/test/auto/PublisherSubscriber10.xml
----------------- Instantiating /home/travis/build/icyphy/ptII/ptolemy/actor/lib/test/auto/PublisherSubscriber10.xml
6 ms. Memory: 420864K Free: 250445K (60%)
----------------- Invoking toplevel() on ptolemy.moml.MoMLSimpleApplication@28ac4641
----------------- Done invoking toplevel() on ptolemy.moml.MoMLSimpleApplication@28ac4641
reloadAllAccessors: .PublisherSubscriber10

===========================================================================================
----------------- testing Sun Nov 17 06:24:43 UTC 2019 /home/travis/build/icyphy/ptII/ptolemy/actor/lib/test/auto/PublisherSubscriber10InitialOutputs.xml
----------------- Instantiating /home/travis/build/icyphy/ptII/ptolemy/actor/lib/test/auto/PublisherSubscriber10InitialOutputs.xml
18 ms. Memory: 420864K Free: 241229K (57%)
----------------- Invoking toplevel() on ptolemy.moml.MoMLSimpleApplication@fb73b11
----------------- Done invoking toplevel() on ptolemy.moml.MoMLSimpleApplication@fb73b11
reloadAllAccessors: .PublisherSubscriber10InitialOutputs

===========================================================================================
----------------- testing Sun Nov 17 06:24:43 UTC 2019 /home/travis/build/icyphy/ptII/ptolemy/actor/lib/test/auto/PublisherSubscriber11.xml
----------------- Instantiating /home/travis/build/icyphy/ptII/ptolemy/actor/lib/test/auto/PublisherSubscriber11.xml
5 ms. Memory: 420864K Free: 235085K (56%)
----------------- Invoking toplevel() on ptolemy.moml.MoMLSimpleApplication@5adcd1ee
----------------- Done invoking toplevel() on ptolemy.moml.MoMLSimpleApplication@5adcd1ee
reloadAllAccessors: .PublisherSubscriber11

===========================================================================================
----------------- testing Sun Nov 17 06:24:43 UTC 2019 /home/travis/build/icyphy/ptII/ptolemy/actor/lib/test/auto/PublisherSubscriber12.xml
----------------- Instantiating /home/travis/build/icyphy/ptII/ptolemy/actor/lib/test/auto/PublisherSubscriber12.xml
7 ms. Memory: 420864K Free: 228427K (54%)
----------------- Invoking toplevel() on ptolemy.moml.MoMLSimpleApplication@5296bfc1
----------------- Done invoking toplevel() on ptolemy.moml.MoMLSimpleApplication@5296bfc1
reloadAllAccessors: .PublisherSubscriber12

===========================================================================================
----------------- testing Sun Nov 17 06:24:43 UTC 2019 /home/travis/build/icyphy/ptII/ptolemy/actor/lib/test/auto/PublisherSubscriber13.xml
----------------- Instantiating /home/travis/build/icyphy/ptII/ptolemy/actor/lib/test/auto/PublisherSubscriber13.xml
2 ms. Memory: 420864K Free: 222797K (53%)
----------------- Invoking toplevel() on ptolemy.moml.MoMLSimpleApplication@3ea702e1
----------------- Done invoking toplevel() on ptolemy.moml.MoMLSimpleApplication@3ea702e1
reloadAllAccessors: .PublisherSubscriber13

===========================================================================================
----------------- testing Sun Nov 17 06:24:43 UTC 2019 /home/travis/build/icyphy/ptII/ptolemy/actor/lib/test/auto/PublisherSubscriber14.xml
----------------- Instantiating /home/travis/build/icyphy/ptII/ptolemy/actor/lib/test/auto/PublisherSubscriber14.xml
2 ms. Memory: 420864K Free: 214061K (51%)
----------------- Invoking toplevel() on ptolemy.moml.MoMLSimpleApplication@d816970
----------------- Done invoking toplevel() on ptolemy.moml.MoMLSimpleApplication@d816970
reloadAllAccessors: .PublisherSubscriber14

===========================================================================================
----------------- testing Sun Nov 17 06:24:43 UTC 2019 /home/travis/build/icyphy/ptII/ptolemy/actor/lib/test/auto/PublisherSubscriber2.xml
----------------- Instantiating /home/travis/build/icyphy/ptII/ptolemy/actor/lib/test/auto/PublisherSubscriber2.xml
4 ms. Memory: 420864K Free: 208461K (50%)
----------------- Invoking toplevel() on ptolemy.moml.MoMLSimpleApplication@3448c317
----------------- Done invoking toplevel() on ptolemy.moml.MoMLSimpleApplication@3448c317
reloadAllAccessors: .PublisherSubscriber2

===========================================================================================
----------------- testing Sun Nov 17 06:24:43 UTC 2019 /home/travis/build/icyphy/ptII/ptolemy/actor/lib/test/auto/PublisherSubscriber3.xml
----------------- Instantiating /home/travis/build/icyphy/ptII/ptolemy/actor/lib/test/auto/PublisherSubscriber3.xml
3 ms. Memory: 420864K Free: 202813K (48%)
----------------- Invoking toplevel() on ptolemy.moml.MoMLSimpleApplication@6ab7a8c5
----------------- Done invoking toplevel() on ptolemy.moml.MoMLSimpleApplication@6ab7a8c5
reloadAllAccessors: .PublisherSubscriber3

===========================================================================================
----------------- testing Sun Nov 17 06:24:43 UTC 2019 /home/travis/build/icyphy/ptII/ptolemy/actor/lib/test/auto/PublisherSubscriber4.xml
----------------- Instantiating /home/travis/build/icyphy/ptII/ptolemy/actor/lib/test/auto/PublisherSubscriber4.xml
2 ms. Memory: 420864K Free: 197693K (47%)
----------------- Invoking toplevel() on ptolemy.moml.MoMLSimpleApplication@226f2e73
----------------- Done invoking toplevel() on ptolemy.moml.MoMLSimpleApplication@226f2e73
reloadAllAccessors: .PublisherSubscriber4

===========================================================================================
----------------- testing Sun Nov 17 06:24:43 UTC 2019 /home/travis/build/icyphy/ptII/ptolemy/actor/lib/test/auto/PublisherSubscriber5.xml
----------------- Instantiating /home/travis/build/icyphy/ptII/ptolemy/actor/lib/test/auto/PublisherSubscriber5.xml
3 ms. Memory: 420864K Free: 191053K (45%)
----------------- Invoking toplevel() on ptolemy.moml.MoMLSimpleApplication@4b6c6844
----------------- Done invoking toplevel() on ptolemy.moml.MoMLSimpleApplication@4b6c6844
reloadAllAccessors: .PublisherSubscriber5

===========================================================================================
----------------- testing Sun Nov 17 06:24:43 UTC 2019 /home/travis/build/icyphy/ptII/ptolemy/actor/lib/test/auto/PublisherSubscriber6.xml
----------------- Instantiating /home/travis/build/icyphy/ptII/ptolemy/actor/lib/test/auto/PublisherSubscriber6.xml
5 ms. Memory: 420864K Free: 184395K (44%)
----------------- Invoking toplevel() on ptolemy.moml.MoMLSimpleApplication@59cf6b3c
----------------- Done invoking toplevel() on ptolemy.moml.MoMLSimpleApplication@59cf6b3c
reloadAllAccessors: .PublisherSubscriber6

===========================================================================================
----------------- testing Sun Nov 17 06:24:43 UTC 2019 /home/travis/build/icyphy/ptII/ptolemy/actor/lib/test/auto/PublisherSubscriber7.xml
----------------- Instantiating /home/travis/build/icyphy/ptII/ptolemy/actor/lib/test/auto/PublisherSubscriber7.xml
9 ms. Memory: 420864K Free: 177741K (42%)
----------------- Invoking toplevel() on ptolemy.moml.MoMLSimpleApplication@6109d4c6
----------------- Done invoking toplevel() on ptolemy.moml.MoMLSimpleApplication@6109d4c6
reloadAllAccessors: .PublisherSubscriber7

===========================================================================================
----------------- testing Sun Nov 17 06:24:43 UTC 2019 /home/travis/build/icyphy/ptII/ptolemy/actor/lib/test/auto/PublisherSubscriber8.xml
----------------- Instantiating /home/travis/build/icyphy/ptII/ptolemy/actor/lib/test/auto/PublisherSubscriber8.xml
27 ms. Memory: 420864K Free: 165963K (39%)
----------------- Invoking toplevel() on ptolemy.moml.MoMLSimpleApplication@5f0e50fa
----------------- Done invoking toplevel() on ptolemy.moml.MoMLSimpleApplication@5f0e50fa
reloadAllAccessors: .PublisherSubscriber8

===========================================================================================
----------------- testing Sun Nov 17 06:24:43 UTC 2019 /home/travis/build/icyphy/ptII/ptolemy/actor/lib/test/auto/PublisherSubscriber9.xml
----------------- Instantiating /home/travis/build/icyphy/ptII/ptolemy/actor/lib/test/auto/PublisherSubscriber9.xml
3 ms. Memory: 420864K Free: 158781K (38%)
----------------- Invoking toplevel() on ptolemy.moml.MoMLSimpleApplication@46849a
----------------- Done invoking toplevel() on ptolemy.moml.MoMLSimpleApplication@46849a
reloadAllAccessors: .PublisherSubscriber9

===========================================================================================
----------------- testing Sun Nov 17 06:24:43 UTC 2019 /home/travis/build/icyphy/ptII/ptolemy/actor/lib/test/auto/PublisherSubscriberAdjacent.xml
----------------- Instantiating /home/travis/build/icyphy/ptII/ptolemy/actor/lib/test/auto/PublisherSubscriberAdjacent.xml
2 ms. Memory: 420864K Free: 150603K (36%)
----------------- Invoking toplevel() on ptolemy.moml.MoMLSimpleApplication@51331a0c
----------------- Done invoking toplevel() on ptolemy.moml.MoMLSimpleApplication@51331a0c
reloadAllAccessors: .PublisherSubscriberAdjacent

===========================================================================================
----------------- testing Sun Nov 17 06:24:43 UTC 2019 /home/travis/build/icyphy/ptII/ptolemy/actor/lib/test/auto/PublisherSubscriberChannelVariablesAOC2.xml
----------------- Instantiating /home/travis/build/icyphy/ptII/ptolemy/actor/lib/test/auto/PublisherSubscriberChannelVariablesAOC2.xml
3 ms. Memory: 420864K Free: 135757K (32%)
----------------- Invoking toplevel() on ptolemy.moml.MoMLSimpleApplication@290ec43b
----------------- Done invoking toplevel() on ptolemy.moml.MoMLSimpleApplication@290ec43b
reloadAllAccessors: .PublisherSubscriberChannelVariablesAOC2

===========================================================================================
----------------- testing Sun Nov 17 06:24:43 UTC 2019 /home/travis/build/icyphy/ptII/ptolemy/actor/lib/test/auto/PublisherSubscriberD3.xml
----------------- Instantiating /home/travis/build/icyphy/ptII/ptolemy/actor/lib/test/auto/PublisherSubscriberD3.xml
2 ms. Memory: 420864K Free: 128589K (31%)
----------------- Invoking toplevel() on ptolemy.moml.MoMLSimpleApplication@13b8689
----------------- Done invoking toplevel() on ptolemy.moml.MoMLSimpleApplication@13b8689
reloadAllAccessors: .PublisherSubscriberD3

===========================================================================================
----------------- testing Sun Nov 17 06:24:43 UTC 2019 /home/travis/build/icyphy/ptII/ptolemy/actor/lib/test/auto/PublisherSubscriberD3Reverse.xml
----------------- Instantiating /home/travis/build/icyphy/ptII/ptolemy/actor/lib/test/auto/PublisherSubscriberD3Reverse.xml
13 ms. Memory: 420864K Free: 371200K (88%)
----------------- Invoking toplevel() on ptolemy.moml.MoMLSimpleApplication@72c7840a
----------------- Done invoking toplevel() on ptolemy.moml.MoMLSimpleApplication@72c7840a
reloadAllAccessors: .PublisherSubscriberD3Reverse

===========================================================================================
----------------- testing Sun Nov 17 06:24:43 UTC 2019 /home/travis/build/icyphy/ptII/ptolemy/actor/lib/test/auto/PublisherSubscriberExpression.xml
----------------- Instantiating /home/travis/build/icyphy/ptII/ptolemy/actor/lib/test/auto/PublisherSubscriberExpression.xml
4 ms. Memory: 420864K Free: 361984K (86%)
----------------- Invoking toplevel() on ptolemy.moml.MoMLSimpleApplication@1d132b52
----------------- Done invoking toplevel() on ptolemy.moml.MoMLSimpleApplication@1d132b52
reloadAllAccessors: .PublisherSubscriberExpression

===========================================================================================
----------------- testing Sun Nov 17 06:24:43 UTC 2019 /home/travis/build/icyphy/ptII/ptolemy/actor/lib/test/auto/PublisherSubscriberOpaque.xml
----------------- Instantiating /home/travis/build/icyphy/ptII/ptolemy/actor/lib/test/auto/PublisherSubscriberOpaque.xml
4 ms. Memory: 420864K Free: 353792K (84%)
----------------- Invoking toplevel() on ptolemy.moml.MoMLSimpleApplication@654fc109
----------------- Done invoking toplevel() on ptolemy.moml.MoMLSimpleApplication@654fc109
reloadAllAccessors: .PublisherSubscriberOpaque

===========================================================================================
----------------- testing Sun Nov 17 06:24:43 UTC 2019 /home/travis/build/icyphy/ptII/ptolemy/actor/lib/test/auto/PublisherSubscriberOpaqueD3.xml
----------------- Instantiating /home/travis/build/icyphy/ptII/ptolemy/actor/lib/test/auto/PublisherSubscriberOpaqueD3.xml
7 ms. Memory: 420864K Free: 342014K (81%)
----------------- Invoking toplevel() on ptolemy.moml.MoMLSimpleApplication@16c023e5
----------------- Done invoking toplevel() on ptolemy.moml.MoMLSimpleApplication@16c023e5
reloadAllAccessors: .PublisherSubscriberOpaqueD3

===========================================================================================
----------------- testing Sun Nov 17 06:24:43 UTC 2019 /home/travis/build/icyphy/ptII/ptolemy/actor/lib/test/auto/PublisherSubscriberOpaqueD3Reverse.xml
----------------- Instantiating /home/travis/build/icyphy/ptII/ptolemy/actor/lib/test/auto/PublisherSubscriberOpaqueD3Reverse.xml
9 ms. Memory: 420864K Free: 331264K (79%)
----------------- Invoking toplevel() on ptolemy.moml.MoMLSimpleApplication@39e7bc6f
----------------- Done invoking toplevel() on ptolemy.moml.MoMLSimpleApplication@39e7bc6f
reloadAllAccessors: .PublisherSubscriberOpaqueD3Reverse

===========================================================================================
----------------- testing Sun Nov 17 06:24:43 UTC 2019 /home/travis/build/icyphy/ptII/ptolemy/actor/lib/test/auto/PublisherSubscriberOpaqueWidthInference.xml
----------------- Instantiating /home/travis/build/icyphy/ptII/ptolemy/actor/lib/test/auto/PublisherSubscriberOpaqueWidthInference.xml
5 ms. Memory: 420864K Free: 323072K (77%)
----------------- Invoking toplevel() on ptolemy.moml.MoMLSimpleApplication@fac7464
----------------- Done invoking toplevel() on ptolemy.moml.MoMLSimpleApplication@fac7464
reloadAllAccessors: .PublisherSubscriberOpaqueWidthInference

===========================================================================================
----------------- testing Sun Nov 17 06:24:43 UTC 2019 /home/travis/build/icyphy/ptII/ptolemy/actor/lib/test/auto/PublisherTestSubscriber.xml
----------------- Instantiating /home/travis/build/icyphy/ptII/ptolemy/actor/lib/test/auto/PublisherTestSubscriber.xml
3 ms. Memory: 420864K Free: 315383K (75%)
----------------- Invoking toplevel() on ptolemy.moml.MoMLSimpleApplication@51572d4a
----------------- Done invoking toplevel() on ptolemy.moml.MoMLSimpleApplication@51572d4a
reloadAllAccessors: .PublisherTestSubscriber

===========================================================================================
----------------- testing Sun Nov 17 06:24:43 UTC 2019 /home/travis/build/icyphy/ptII/ptolemy/actor/lib/test/auto/PublisherToplevelSubscriberPortAOC.xml
----------------- Instantiating /home/travis/build/icyphy/ptII/ptolemy/actor/lib/test/auto/PublisherToplevelSubscriberPortAOC.xml
2 ms. Memory: 420864K Free: 309231K (73%)
----------------- Invoking toplevel() on ptolemy.moml.MoMLSimpleApplication@2f7e6b5b
----------------- Done invoking toplevel() on ptolemy.moml.MoMLSimpleApplication@2f7e6b5b
reloadAllAccessors: .PublisherToplevelSubscriberPortAOC

===========================================================================================
----------------- testing Sun Nov 17 06:24:43 UTC 2019 /home/travis/build/icyphy/ptII/ptolemy/actor/lib/test/auto/PulseFiringLimitDE.xml
----------------- Instantiating /home/travis/build/icyphy/ptII/ptolemy/actor/lib/test/auto/PulseFiringLimitDE.xml
2 ms. Memory: 420864K Free: 303102K (72%)
----------------- Invoking toplevel() on ptolemy.moml.MoMLSimpleApplication@1fcdea77
----------------- Done invoking toplevel() on ptolemy.moml.MoMLSimpleApplication@1fcdea77
reloadAllAccessors: .PulseFiringLimitDE

===========================================================================================
----------------- testing Sun Nov 17 06:24:43 UTC 2019 /home/travis/build/icyphy/ptII/ptolemy/actor/lib/test/auto/Ramp1.xml
----------------- Instantiating /home/travis/build/icyphy/ptII/ptolemy/actor/lib/test/auto/Ramp1.xml
1 ms. Memory: 420864K Free: 298991K (71%)
----------------- Invoking toplevel() on ptolemy.moml.MoMLSimpleApplication@1d31b27f
----------------- Done invoking toplevel() on ptolemy.moml.MoMLSimpleApplication@1d31b27f
reloadAllAccessors: .Ramp1

===========================================================================================
----------------- testing Sun Nov 17 06:24:43 UTC 2019 /home/travis/build/icyphy/ptII/ptolemy/actor/lib/test/auto/RampFiringLimitDE.xml
----------------- Instantiating /home/travis/build/icyphy/ptII/ptolemy/actor/lib/test/auto/RampFiringLimitDE.xml
3 ms. Memory: 420864K Free: 292847K (70%)
----------------- Invoking toplevel() on ptolemy.moml.MoMLSimpleApplication@483cc084
----------------- Done invoking toplevel() on ptolemy.moml.MoMLSimpleApplication@483cc084
reloadAllAccessors: .RampFiringLimitDE

===========================================================================================
----------------- testing Sun Nov 17 06:24:43 UTC 2019 /home/travis/build/icyphy/ptII/ptolemy/actor/lib/test/auto/RampFiringLimitSDF.xml
----------------- Instantiating /home/travis/build/icyphy/ptII/ptolemy/actor/lib/test/auto/RampFiringLimitSDF.xml
2 ms. Memory: 420864K Free: 287711K (68%)
----------------- Invoking toplevel() on ptolemy.moml.MoMLSimpleApplication@25b04b3a
----------------- Done invoking toplevel() on ptolemy.moml.MoMLSimpleApplication@25b04b3a
reloadAllAccessors: .RampFiringLimitSDF

===========================================================================================
----------------- testing Sun Nov 17 06:24:43 UTC 2019 /home/travis/build/icyphy/ptII/ptolemy/actor/lib/test/auto/RandomInteger.xml
----------------- Instantiating /home/travis/build/icyphy/ptII/ptolemy/actor/lib/test/auto/RandomInteger.xml
1 ms. Memory: 420864K Free: 283646K (67%)
----------------- Invoking toplevel() on ptolemy.moml.MoMLSimpleApplication@14d96c2a
----------------- Done invoking toplevel() on ptolemy.moml.MoMLSimpleApplication@14d96c2a
reloadAllAccessors: .RandomInteger

===========================================================================================
----------------- testing Sun Nov 17 06:24:43 UTC 2019 /home/travis/build/icyphy/ptII/ptolemy/actor/lib/test/auto/ReadFile1.xml
----------------- Instantiating /home/travis/build/icyphy/ptII/ptolemy/actor/lib/test/auto/ReadFile1.xml
2 ms. Memory: 420864K Free: 279040K (66%)
----------------- Invoking toplevel() on ptolemy.moml.MoMLSimpleApplication@6368b505
----------------- Done invoking toplevel() on ptolemy.moml.MoMLSimpleApplication@6368b505
reloadAllAccessors: .ReadFile1

===========================================================================================
----------------- testing Sun Nov 17 06:24:43 UTC 2019 /home/travis/build/icyphy/ptII/ptolemy/actor/lib/test/auto/ReadFile2.xml
----------------- Instantiating /home/travis/build/icyphy/ptII/ptolemy/actor/lib/test/auto/ReadFile2.xml
1 ms. Memory: 420864K Free: 274944K (65%)
----------------- Invoking toplevel() on ptolemy.moml.MoMLSimpleApplication@6ff3a154
----------------- Done invoking toplevel() on ptolemy.moml.MoMLSimpleApplication@6ff3a154
reloadAllAccessors: .ReadFile2

===========================================================================================
----------------- testing Sun Nov 17 06:24:43 UTC 2019 /home/travis/build/icyphy/ptII/ptolemy/actor/lib/test/auto/Reader.xml
----------------- Instantiating /home/travis/build/icyphy/ptII/ptolemy/actor/lib/test/auto/Reader.xml
actor.lib.Reader is obsolete, use actor.lib.io.ExpressionReader instead
4 ms. Memory: 420864K Free: 270848K (64%)
----------------- Invoking toplevel() on ptolemy.moml.MoMLSimpleApplication@75d8f621
----------------- Done invoking toplevel() on ptolemy.moml.MoMLSimpleApplication@75d8f621
reloadAllAccessors: .Reader

===========================================================================================
----------------- testing Sun Nov 17 06:24:43 UTC 2019 /home/travis/build/icyphy/ptII/ptolemy/actor/lib/test/auto/RecordAssemblerDisplayNameTest.xml
----------------- Instantiating /home/travis/build/icyphy/ptII/ptolemy/actor/lib/test/auto/RecordAssemblerDisplayNameTest.xml
3527 ms. Memory: 420864K Free: 296925K (71%)
----------------- Invoking toplevel() on ptolemy.moml.MoMLSimpleApplication@65295fd8
----------------- Done invoking toplevel() on ptolemy.moml.MoMLSimpleApplication@65295fd8
reloadAllAccessors: .RecordAssemblerDisplayNameTest

===========================================================================================
----------------- testing Sun Nov 17 06:24:47 UTC 2019 /home/travis/build/icyphy/ptII/ptolemy/actor/lib/test/auto/RecordAssemblerTypeError.xml
----------------- Instantiating /home/travis/build/icyphy/ptII/ptolemy/actor/lib/test/auto/RecordAssemblerTypeError.xml
19 ms. Memory: 420864K Free: 287195K (68%)
----------------- Invoking toplevel() on ptolemy.moml.MoMLSimpleApplication@3bdb074f
----------------- Done invoking toplevel() on ptolemy.moml.MoMLSimpleApplication@3bdb074f
reloadAllAccessors: .RecordAssemblerTypeError

===========================================================================================
----------------- testing Sun Nov 17 06:24:47 UTC 2019 /home/travis/build/icyphy/ptII/ptolemy/actor/lib/test/auto/RecordDisassember.xml
----------------- Instantiating /home/travis/build/icyphy/ptII/ptolemy/actor/lib/test/auto/RecordDisassember.xml
4 ms. Memory: 420864K Free: 282589K (67%)
----------------- Invoking toplevel() on ptolemy.moml.MoMLSimpleApplication@30f875b7
----------------- Done invoking toplevel() on ptolemy.moml.MoMLSimpleApplication@30f875b7
reloadAllAccessors: .RecordDisassember

===========================================================================================
----------------- testing Sun Nov 17 06:24:47 UTC 2019 /home/travis/build/icyphy/ptII/ptolemy/actor/lib/test/auto/RecordDisassemberDisplayNameTest.xml
----------------- Instantiating /home/travis/build/icyphy/ptII/ptolemy/actor/lib/test/auto/RecordDisassemberDisplayNameTest.xml
6 ms. Memory: 420864K Free: 274907K (65%)
----------------- Invoking toplevel() on ptolemy.moml.MoMLSimpleApplication@ad6487b
----------------- Done invoking toplevel() on ptolemy.moml.MoMLSimpleApplication@ad6487b
reloadAllAccessors: .RecordDisassemberDisplayNameTest

===========================================================================================
----------------- testing Sun Nov 17 06:24:47 UTC 2019 /home/travis/build/icyphy/ptII/ptolemy/actor/lib/test/auto/RecordDisassembler.xml
----------------- Instantiating /home/travis/build/icyphy/ptII/ptolemy/actor/lib/test/auto/RecordDisassembler.xml
2 ms. Memory: 420864K Free: 269773K (64%)
----------------- Invoking toplevel() on ptolemy.moml.MoMLSimpleApplication@5669d4d6
----------------- Done invoking toplevel() on ptolemy.moml.MoMLSimpleApplication@5669d4d6
reloadAllAccessors: .RecordDisassembler

===========================================================================================
----------------- testing Sun Nov 17 06:24:47 UTC 2019 /home/travis/build/icyphy/ptII/ptolemy/actor/lib/test/auto/RecordDisassembler2.xml
----------------- Instantiating /home/travis/build/icyphy/ptII/ptolemy/actor/lib/test/auto/RecordDisassembler2.xml
3 ms. Memory: 420864K Free: 264637K (63%)
----------------- Invoking toplevel() on ptolemy.moml.MoMLSimpleApplication@2cccb29c
----------------- Done invoking toplevel() on ptolemy.moml.MoMLSimpleApplication@2cccb29c
reloadAllAccessors: .RecordDisassembler2

===========================================================================================
----------------- testing Sun Nov 17 06:24:47 UTC 2019 /home/travis/build/icyphy/ptII/ptolemy/actor/lib/test/auto/RecordUpdater.xml
----------------- Instantiating /home/travis/build/icyphy/ptII/ptolemy/actor/lib/test/auto/RecordUpdater.xml
2 ms. Memory: 420864K Free: 259547K (62%)
----------------- Invoking toplevel() on ptolemy.moml.MoMLSimpleApplication@7887ef0c
----------------- Done invoking toplevel() on ptolemy.moml.MoMLSimpleApplication@7887ef0c
reloadAllAccessors: .RecordUpdater

===========================================================================================
----------------- testing Sun Nov 17 06:24:47 UTC 2019 /home/travis/build/icyphy/ptII/ptolemy/actor/lib/test/auto/RecordUpdater2.xml
----------------- Instantiating /home/travis/build/icyphy/ptII/ptolemy/actor/lib/test/auto/RecordUpdater2.xml
2 ms. Memory: 420864K Free: 254427K (60%)
----------------- Invoking toplevel() on ptolemy.moml.MoMLSimpleApplication@59b27803
----------------- Done invoking toplevel() on ptolemy.moml.MoMLSimpleApplication@59b27803
reloadAllAccessors: .RecordUpdater2

===========================================================================================
----------------- testing Sun Nov 17 06:24:47 UTC 2019 /home/travis/build/icyphy/ptII/ptolemy/actor/lib/test/auto/RecursiveLattice.xml
----------------- Instantiating /home/travis/build/icyphy/ptII/ptolemy/actor/lib/test/auto/RecursiveLattice.xml
2 ms. Memory: 420864K Free: 250331K (59%)
----------------- Invoking toplevel() on ptolemy.moml.MoMLSimpleApplication@3312ea04
----------------- Done invoking toplevel() on ptolemy.moml.MoMLSimpleApplication@3312ea04
reloadAllAccessors: .RecursiveLattice

===========================================================================================
----------------- testing Sun Nov 17 06:24:47 UTC 2019 /home/travis/build/icyphy/ptII/ptolemy/actor/lib/test/auto/Router.xml
----------------- Instantiating /home/travis/build/icyphy/ptII/ptolemy/actor/lib/test/auto/Router.xml
3003 ms. Memory: 420864K Free: 239067K (57%)
----------------- Invoking toplevel() on ptolemy.moml.MoMLSimpleApplication@3070c512
----------------- Done invoking toplevel() on ptolemy.moml.MoMLSimpleApplication@3070c512
reloadAllAccessors: .Router

===========================================================================================
----------------- testing Sun Nov 17 06:24:50 UTC 2019 /home/travis/build/icyphy/ptII/ptolemy/actor/lib/test/auto/Router2.xml
----------------- Instantiating /home/travis/build/icyphy/ptII/ptolemy/actor/lib/test/auto/Router2.xml
3011 ms. Memory: 420864K Free: 226779K (54%)
----------------- Invoking toplevel() on ptolemy.moml.MoMLSimpleApplication@74715899
----------------- Done invoking toplevel() on ptolemy.moml.MoMLSimpleApplication@74715899
reloadAllAccessors: .Router2

===========================================================================================
----------------- testing Sun Nov 17 06:24:53 UTC 2019 /home/travis/build/icyphy/ptII/ptolemy/actor/lib/test/auto/RunningMaximum.xml
----------------- Instantiating /home/travis/build/icyphy/ptII/ptolemy/actor/lib/test/auto/RunningMaximum.xml
2 ms. Memory: 420864K Free: 221659K (53%)
----------------- Invoking toplevel() on ptolemy.moml.MoMLSimpleApplication@20dbbaa2
----------------- Done invoking toplevel() on ptolemy.moml.MoMLSimpleApplication@20dbbaa2
reloadAllAccessors: .RunningMaximum

===========================================================================================
----------------- testing Sun Nov 17 06:24:53 UTC 2019 /home/travis/build/icyphy/ptII/ptolemy/actor/lib/test/auto/RunningMinimum.xml
----------------- Instantiating /home/travis/build/icyphy/ptII/ptolemy/actor/lib/test/auto/RunningMinimum.xml
2 ms. Memory: 420864K Free: 217053K (52%)
----------------- Invoking toplevel() on ptolemy.moml.MoMLSimpleApplication@6ca34bcc
----------------- Done invoking toplevel() on ptolemy.moml.MoMLSimpleApplication@6ca34bcc
reloadAllAccessors: .RunningMinimum

===========================================================================================
----------------- testing Sun Nov 17 06:24:53 UTC 2019 /home/travis/build/icyphy/ptII/ptolemy/actor/lib/test/auto/Scale.xml
----------------- Instantiating /home/travis/build/icyphy/ptII/ptolemy/actor/lib/test/auto/Scale.xml
1 ms. Memory: 420864K Free: 212443K (50%)
----------------- Invoking toplevel() on ptolemy.moml.MoMLSimpleApplication@121284a
----------------- Done invoking toplevel() on ptolemy.moml.MoMLSimpleApplication@121284a
reloadAllAccessors: .Scale

===========================================================================================
----------------- testing Sun Nov 17 06:24:53 UTC 2019 /home/travis/build/icyphy/ptII/ptolemy/actor/lib/test/auto/Scale2.xml
----------------- Instantiating /home/travis/build/icyphy/ptII/ptolemy/actor/lib/test/auto/Scale2.xml
2 ms. Memory: 420864K Free: 207837K (49%)
----------------- Invoking toplevel() on ptolemy.moml.MoMLSimpleApplication@2715378b
----------------- Done invoking toplevel() on ptolemy.moml.MoMLSimpleApplication@2715378b
reloadAllAccessors: .Scale2

===========================================================================================
----------------- testing Sun Nov 17 06:24:53 UTC 2019 /home/travis/build/icyphy/ptII/ptolemy/actor/lib/test/auto/Scale3.xml
----------------- Instantiating /home/travis/build/icyphy/ptII/ptolemy/actor/lib/test/auto/Scale3.xml
9 ms. Memory: 420864K Free: 201179K (48%)
----------------- Invoking toplevel() on ptolemy.moml.MoMLSimpleApplication@101c1ff8
----------------- Done invoking toplevel() on ptolemy.moml.MoMLSimpleApplication@101c1ff8
reloadAllAccessors: .Scale3

===========================================================================================
----------------- testing Sun Nov 17 06:24:53 UTC 2019 /home/travis/build/icyphy/ptII/ptolemy/actor/lib/test/auto/ScaleArray.xml
----------------- Instantiating /home/travis/build/icyphy/ptII/ptolemy/actor/lib/test/auto/ScaleArray.xml
2 ms. Memory: 420864K Free: 196573K (47%)
----------------- Invoking toplevel() on ptolemy.moml.MoMLSimpleApplication@726633a4
----------------- Done invoking toplevel() on ptolemy.moml.MoMLSimpleApplication@726633a4
reloadAllAccessors: .ScaleArray

===========================================================================================
----------------- testing Sun Nov 17 06:24:53 UTC 2019 /home/travis/build/icyphy/ptII/ptolemy/actor/lib/test/auto/ScaleArray2.xml
----------------- Instantiating /home/travis/build/icyphy/ptII/ptolemy/actor/lib/test/auto/ScaleArray2.xml
1 ms. Memory: 420864K Free: 191963K (46%)
----------------- Invoking toplevel() on ptolemy.moml.MoMLSimpleApplication@37d82dd9
----------------- Done invoking toplevel() on ptolemy.moml.MoMLSimpleApplication@37d82dd9
reloadAllAccessors: .ScaleArray2

===========================================================================================
----------------- testing Sun Nov 17 06:24:53 UTC 2019 /home/travis/build/icyphy/ptII/ptolemy/actor/lib/test/auto/ScaleMatrix.xml
----------------- Instantiating /home/travis/build/icyphy/ptII/ptolemy/actor/lib/test/auto/ScaleMatrix.xml
146 ms. Memory: 420864K Free: 178141K (42%)
----------------- Invoking toplevel() on ptolemy.moml.MoMLSimpleApplication@4950500e
----------------- Done invoking toplevel() on ptolemy.moml.MoMLSimpleApplication@4950500e
reloadAllAccessors: .ScaleMatrix

===========================================================================================
----------------- testing Sun Nov 17 06:24:53 UTC 2019 /home/travis/build/icyphy/ptII/ptolemy/actor/lib/test/auto/Select.xml
----------------- Instantiating /home/travis/build/icyphy/ptII/ptolemy/actor/lib/test/auto/Select.xml
2 ms. Memory: 420864K Free: 171997K (41%)
----------------- Invoking toplevel() on ptolemy.moml.MoMLSimpleApplication@13deb0a
----------------- Done invoking toplevel() on ptolemy.moml.MoMLSimpleApplication@13deb0a
reloadAllAccessors: .Select

===========================================================================================
----------------- testing Sun Nov 17 06:24:53 UTC 2019 /home/travis/build/icyphy/ptII/ptolemy/actor/lib/test/auto/Select2.xml
----------------- Instantiating /home/travis/build/icyphy/ptII/ptolemy/actor/lib/test/auto/Select2.xml
1 ms. Memory: 420864K Free: 167387K (40%)
----------------- Invoking toplevel() on ptolemy.moml.MoMLSimpleApplication@207675c7
----------------- Done invoking toplevel() on ptolemy.moml.MoMLSimpleApplication@207675c7
reloadAllAccessors: .Select2

===========================================================================================
----------------- testing Sun Nov 17 06:24:53 UTC 2019 /home/travis/build/icyphy/ptII/ptolemy/actor/lib/test/auto/SequenceToArray2.xml
----------------- Instantiating /home/travis/build/icyphy/ptII/ptolemy/actor/lib/test/auto/SequenceToArray2.xml
117 ms. Memory: 420864K Free: 143325K (34%)
----------------- Invoking toplevel() on ptolemy.moml.MoMLSimpleApplication@2a60fd3f
----------------- Done invoking toplevel() on ptolemy.moml.MoMLSimpleApplication@2a60fd3f
reloadAllAccessors: .SequenceToArray2

===========================================================================================
----------------- testing Sun Nov 17 06:24:54 UTC 2019 /home/travis/build/icyphy/ptII/ptolemy/actor/lib/test/auto/SequentialClock.xml
----------------- Instantiating /home/travis/build/icyphy/ptII/ptolemy/actor/lib/test/auto/SequentialClock.xml
1 ms. Memory: 420864K Free: 139229K (33%)
----------------- Invoking toplevel() on ptolemy.moml.MoMLSimpleApplication@6f44cca3
----------------- Done invoking toplevel() on ptolemy.moml.MoMLSimpleApplication@6f44cca3
reloadAllAccessors: .SequentialClock

===========================================================================================
----------------- testing Sun Nov 17 06:24:54 UTC 2019 /home/travis/build/icyphy/ptII/ptolemy/actor/lib/test/auto/SetVariable.xml
----------------- Instantiating /home/travis/build/icyphy/ptII/ptolemy/actor/lib/test/auto/SetVariable.xml
2 ms. Memory: 420864K Free: 134619K (32%)
----------------- Invoking toplevel() on ptolemy.moml.MoMLSimpleApplication@7a9dae23
----------------- Done invoking toplevel() on ptolemy.moml.MoMLSimpleApplication@7a9dae23
reloadAllAccessors: .SetVariable

===========================================================================================
----------------- testing Sun Nov 17 06:24:54 UTC 2019 /home/travis/build/icyphy/ptII/ptolemy/actor/lib/test/auto/SetVariable2.xml
----------------- Instantiating /home/travis/build/icyphy/ptII/ptolemy/actor/lib/test/auto/SetVariable2.xml
6 ms. Memory: 420864K Free: 129499K (31%)
----------------- Invoking toplevel() on ptolemy.moml.MoMLSimpleApplication@71371e4c
----------------- Done invoking toplevel() on ptolemy.moml.MoMLSimpleApplication@71371e4c
reloadAllAccessors: .SetVariable2

===========================================================================================
----------------- testing Sun Nov 17 06:24:54 UTC 2019 /home/travis/build/icyphy/ptII/ptolemy/actor/lib/test/auto/SetVariable3.xml
----------------- Instantiating /home/travis/build/icyphy/ptII/ptolemy/actor/lib/test/auto/SetVariable3.xml
9 ms. Memory: 420864K Free: 124379K (30%)
----------------- Invoking toplevel() on ptolemy.moml.MoMLSimpleApplication@5d18a200
----------------- Done invoking toplevel() on ptolemy.moml.MoMLSimpleApplication@5d18a200
reloadAllAccessors: .SetVariable3

===========================================================================================
----------------- testing Sun Nov 17 06:24:54 UTC 2019 /home/travis/build/icyphy/ptII/ptolemy/actor/lib/test/auto/SetVariable4.xml
----------------- Instantiating /home/travis/build/icyphy/ptII/ptolemy/actor/lib/test/auto/SetVariable4.xml
17 ms. Memory: 420864K Free: 362723K (86%)
----------------- Invoking toplevel() on ptolemy.moml.MoMLSimpleApplication@3eff7891
----------------- Done invoking toplevel() on ptolemy.moml.MoMLSimpleApplication@3eff7891
reloadAllAccessors: .SetVariable4

===========================================================================================
----------------- testing Sun Nov 17 06:24:54 UTC 2019 /home/travis/build/icyphy/ptII/ptolemy/actor/lib/test/auto/SetVariable5.xml
----------------- Instantiating /home/travis/build/icyphy/ptII/ptolemy/actor/lib/test/auto/SetVariable5.xml
22 ms. Memory: 420864K Free: 353507K (84%)
----------------- Invoking toplevel() on ptolemy.moml.MoMLSimpleApplication@11a19bad
----------------- Done invoking toplevel() on ptolemy.moml.MoMLSimpleApplication@11a19bad
reloadAllAccessors: .SetVariable5

===========================================================================================
----------------- testing Sun Nov 17 06:24:54 UTC 2019 /home/travis/build/icyphy/ptII/ptolemy/actor/lib/test/auto/Sinewave.xml
----------------- Instantiating /home/travis/build/icyphy/ptII/ptolemy/actor/lib/test/auto/Sinewave.xml
4 ms. Memory: 420864K Free: 343267K (82%)
----------------- Invoking toplevel() on ptolemy.moml.MoMLSimpleApplication@580df342
----------------- Done invoking toplevel() on ptolemy.moml.MoMLSimpleApplication@580df342
reloadAllAccessors: .Sinewave

===========================================================================================
----------------- testing Sun Nov 17 06:24:54 UTC 2019 /home/travis/build/icyphy/ptII/ptolemy/actor/lib/test/auto/Sinewave2.xml
----------------- Instantiating /home/travis/build/icyphy/ptII/ptolemy/actor/lib/test/auto/Sinewave2.xml
9 ms. Memory: 420864K Free: 335075K (80%)
----------------- Invoking toplevel() on ptolemy.moml.MoMLSimpleApplication@112d26ad
----------------- Done invoking toplevel() on ptolemy.moml.MoMLSimpleApplication@112d26ad
reloadAllAccessors: .Sinewave2

===========================================================================================
----------------- testing Sun Nov 17 06:24:54 UTC 2019 /home/travis/build/icyphy/ptII/ptolemy/actor/lib/test/auto/Sinewave3.xml
----------------- Instantiating /home/travis/build/icyphy/ptII/ptolemy/actor/lib/test/auto/Sinewave3.xml
16 ms. Memory: 420864K Free: 326881K (78%)
----------------- Invoking toplevel() on ptolemy.moml.MoMLSimpleApplication@775e4e8d
----------------- Done invoking toplevel() on ptolemy.moml.MoMLSimpleApplication@775e4e8d
reloadAllAccessors: .Sinewave3

===========================================================================================
----------------- testing Sun Nov 17 06:24:54 UTC 2019 /home/travis/build/icyphy/ptII/ptolemy/actor/lib/test/auto/SingleEvent.xml
----------------- Instantiating /home/travis/build/icyphy/ptII/ptolemy/actor/lib/test/auto/SingleEvent.xml
1 ms. Memory: 420864K Free: 322273K (77%)
----------------- Invoking toplevel() on ptolemy.moml.MoMLSimpleApplication@19fe28e6
----------------- Done invoking toplevel() on ptolemy.moml.MoMLSimpleApplication@19fe28e6
reloadAllAccessors: .SingleEvent

===========================================================================================
----------------- testing Sun Nov 17 06:24:54 UTC 2019 /home/travis/build/icyphy/ptII/ptolemy/actor/lib/test/auto/Sleep.xml
----------------- Instantiating /home/travis/build/icyphy/ptII/ptolemy/actor/lib/test/auto/Sleep.xml
6004 ms. Memory: 420864K Free: 316643K (75%)
----------------- Invoking toplevel() on ptolemy.moml.MoMLSimpleApplication@22191768
----------------- Done invoking toplevel() on ptolemy.moml.MoMLSimpleApplication@22191768
reloadAllAccessors: .Sleep

===========================================================================================
----------------- testing Sun Nov 17 06:25:00 UTC 2019 /home/travis/build/icyphy/ptII/ptolemy/actor/lib/test/auto/SleepMultipleFire.xml
----------------- Instantiating /home/travis/build/icyphy/ptII/ptolemy/actor/lib/test/auto/SleepMultipleFire.xml
1007 ms. Memory: 420864K Free: 311009K (74%)
----------------- Invoking toplevel() on ptolemy.moml.MoMLSimpleApplication@4aec7938
----------------- Done invoking toplevel() on ptolemy.moml.MoMLSimpleApplication@4aec7938
reloadAllAccessors: .SleepMultipleFire

===========================================================================================
----------------- testing Sun Nov 17 06:25:01 UTC 2019 /home/travis/build/icyphy/ptII/ptolemy/actor/lib/test/auto/StopDE.xml
----------------- Instantiating /home/travis/build/icyphy/ptII/ptolemy/actor/lib/test/auto/StopDE.xml
4 ms. Memory: 420864K Free: 305379K (73%)
----------------- Invoking toplevel() on ptolemy.moml.MoMLSimpleApplication@622a8c80
----------------- Done invoking toplevel() on ptolemy.moml.MoMLSimpleApplication@622a8c80
reloadAllAccessors: .StopDE

===========================================================================================
----------------- testing Sun Nov 17 06:25:01 UTC 2019 /home/travis/build/icyphy/ptII/ptolemy/actor/lib/test/auto/StopSDF.xml
----------------- Instantiating /home/travis/build/icyphy/ptII/ptolemy/actor/lib/test/auto/StopSDF.xml
4 ms. Memory: 420864K Free: 299745K (71%)
----------------- Invoking toplevel() on ptolemy.moml.MoMLSimpleApplication@5200b94a
----------------- Done invoking toplevel() on ptolemy.moml.MoMLSimpleApplication@5200b94a
reloadAllAccessors: .StopSDF

===========================================================================================
----------------- testing Sun Nov 17 06:25:01 UTC 2019 /home/travis/build/icyphy/ptII/ptolemy/actor/lib/test/auto/StringConstant.xml
----------------- Instantiating /home/travis/build/icyphy/ptII/ptolemy/actor/lib/test/auto/StringConstant.xml
16 ms. Memory: 420864K Free: 295649K (70%)
----------------- Invoking toplevel() on ptolemy.moml.MoMLSimpleApplication@68ac4ee6
----------------- Done invoking toplevel() on ptolemy.moml.MoMLSimpleApplication@68ac4ee6
reloadAllAccessors: .StringConstant

===========================================================================================
----------------- testing Sun Nov 17 06:25:01 UTC 2019 /home/travis/build/icyphy/ptII/ptolemy/actor/lib/test/auto/SubscriberPortInitialValues1.xml
----------------- Instantiating /home/travis/build/icyphy/ptII/ptolemy/actor/lib/test/auto/SubscriberPortInitialValues1.xml
15 ms. Memory: 420864K Free: 286947K (68%)
----------------- Invoking toplevel() on ptolemy.moml.MoMLSimpleApplication@7067d483
----------------- Done invoking toplevel() on ptolemy.moml.MoMLSimpleApplication@7067d483
reloadAllAccessors: .SubscriberPortInitialValues1

===========================================================================================
----------------- testing Sun Nov 17 06:25:01 UTC 2019 /home/travis/build/icyphy/ptII/ptolemy/actor/lib/test/auto/SubscriberPortInitialValues13.xml
----------------- Instantiating /home/travis/build/icyphy/ptII/ptolemy/actor/lib/test/auto/SubscriberPortInitialValues13.xml
8 ms. Memory: 420864K Free: 274145K (65%)
----------------- Invoking toplevel() on ptolemy.moml.MoMLSimpleApplication@37dd4adf
----------------- Done invoking toplevel() on ptolemy.moml.MoMLSimpleApplication@37dd4adf
reloadAllAccessors: .SubscriberPortInitialValues13

===========================================================================================
----------------- testing Sun Nov 17 06:25:01 UTC 2019 /home/travis/build/icyphy/ptII/ptolemy/actor/lib/test/auto/SubscriberPortInitialValues14.xml
----------------- Instantiating /home/travis/build/icyphy/ptII/ptolemy/actor/lib/test/auto/SubscriberPortInitialValues14.xml
5 ms. Memory: 420864K Free: 266467K (63%)
----------------- Invoking toplevel() on ptolemy.moml.MoMLSimpleApplication@1e5561cf
----------------- Done invoking toplevel() on ptolemy.moml.MoMLSimpleApplication@1e5561cf
reloadAllAccessors: .SubscriberPortInitialValues14

===========================================================================================
----------------- testing Sun Nov 17 06:25:01 UTC 2019 /home/travis/build/icyphy/ptII/ptolemy/actor/lib/test/auto/SubscriberPortInitialValues2.xml
----------------- Instantiating /home/travis/build/icyphy/ptII/ptolemy/actor/lib/test/auto/SubscriberPortInitialValues2.xml
5 ms. Memory: 420864K Free: 258785K (61%)
----------------- Invoking toplevel() on ptolemy.moml.MoMLSimpleApplication@7cca33bf
----------------- Done invoking toplevel() on ptolemy.moml.MoMLSimpleApplication@7cca33bf
reloadAllAccessors: .SubscriberPortInitialValues2

===========================================================================================
----------------- testing Sun Nov 17 06:25:01 UTC 2019 /home/travis/build/icyphy/ptII/ptolemy/actor/lib/test/auto/SubscriberPortInitialValues3.xml
----------------- Instantiating /home/travis/build/icyphy/ptII/ptolemy/actor/lib/test/auto/SubscriberPortInitialValues3.xml
8 ms. Memory: 420864K Free: 248035K (59%)
----------------- Invoking toplevel() on ptolemy.moml.MoMLSimpleApplication@74477409
----------------- Done invoking toplevel() on ptolemy.moml.MoMLSimpleApplication@74477409
reloadAllAccessors: .SubscriberPortInitialValues3

===========================================================================================
----------------- testing Sun Nov 17 06:25:01 UTC 2019 /home/travis/build/icyphy/ptII/ptolemy/actor/lib/test/auto/SubscriptionAggregator.xml
----------------- Instantiating /home/travis/build/icyphy/ptII/ptolemy/actor/lib/test/auto/SubscriptionAggregator.xml
4 ms. Memory: 420864K Free: 240867K (57%)
----------------- Invoking toplevel() on ptolemy.moml.MoMLSimpleApplication@376ba511
----------------- Done invoking toplevel() on ptolemy.moml.MoMLSimpleApplication@376ba511
reloadAllAccessors: .SubscriptionAggregator

===========================================================================================
----------------- testing Sun Nov 17 06:25:01 UTC 2019 /home/travis/build/icyphy/ptII/ptolemy/actor/lib/test/auto/SubscriptionAggregator2.xml
----------------- Instantiating /home/travis/build/icyphy/ptII/ptolemy/actor/lib/test/auto/SubscriptionAggregator2.xml
6 ms. Memory: 420864K Free: 233699K (56%)
----------------- Invoking toplevel() on ptolemy.moml.MoMLSimpleApplication@2b742cfb
----------------- Done invoking toplevel() on ptolemy.moml.MoMLSimpleApplication@2b742cfb
reloadAllAccessors: .SubscriptionAggregator2

===========================================================================================
----------------- testing Sun Nov 17 06:25:01 UTC 2019 /home/travis/build/icyphy/ptII/ptolemy/actor/lib/test/auto/SubscriptionAggregator3.xml
----------------- Instantiating /home/travis/build/icyphy/ptII/ptolemy/actor/lib/test/auto/SubscriptionAggregator3.xml
3 ms. Memory: 420864K Free: 225507K (54%)
----------------- Invoking toplevel() on ptolemy.moml.MoMLSimpleApplication@570b2295
----------------- Done invoking toplevel() on ptolemy.moml.MoMLSimpleApplication@570b2295
reloadAllAccessors: .SubscriptionAggregator3

===========================================================================================
----------------- testing Sun Nov 17 06:25:01 UTC 2019 /home/travis/build/icyphy/ptII/ptolemy/actor/lib/test/auto/SubscriptionAggregatorMultiply.xml
----------------- Instantiating /home/travis/build/icyphy/ptII/ptolemy/actor/lib/test/auto/SubscriptionAggregatorMultiply.xml
14 ms. Memory: 420864K Free: 216801K (52%)
----------------- Invoking toplevel() on ptolemy.moml.MoMLSimpleApplication@2d1f3d2a
----------------- Done invoking toplevel() on ptolemy.moml.MoMLSimpleApplication@2d1f3d2a
reloadAllAccessors: .SubscriptionAggregatorMultiply

===========================================================================================
----------------- testing Sun Nov 17 06:25:01 UTC 2019 /home/travis/build/icyphy/ptII/ptolemy/actor/lib/test/auto/SubscriptionAggregatorPortMultiply1.xml
----------------- Instantiating /home/travis/build/icyphy/ptII/ptolemy/actor/lib/test/auto/SubscriptionAggregatorPortMultiply1.xml
18 ms. Memory: 420864K Free: 209123K (50%)
----------------- Invoking toplevel() on ptolemy.moml.MoMLSimpleApplication@4aff25a8
----------------- Done invoking toplevel() on ptolemy.moml.MoMLSimpleApplication@4aff25a8
reloadAllAccessors: .SubscriptionAggregatorPortMultiply1

===========================================================================================
----------------- testing Sun Nov 17 06:25:01 UTC 2019 /home/travis/build/icyphy/ptII/ptolemy/actor/lib/test/auto/Switch.xml
----------------- Instantiating /home/travis/build/icyphy/ptII/ptolemy/actor/lib/test/auto/Switch.xml
25 ms. Memory: 420864K Free: 200931K (48%)
----------------- Invoking toplevel() on ptolemy.moml.MoMLSimpleApplication@1f7b4ca4
----------------- Done invoking toplevel() on ptolemy.moml.MoMLSimpleApplication@1f7b4ca4
reloadAllAccessors: .Switch

===========================================================================================
----------------- testing Sun Nov 17 06:25:01 UTC 2019 /home/travis/build/icyphy/ptII/ptolemy/actor/lib/test/auto/Switch2.xml
----------------- Instantiating /home/travis/build/icyphy/ptII/ptolemy/actor/lib/test/auto/Switch2.xml
1 ms. Memory: 420864K Free: 196321K (47%)
----------------- Invoking toplevel() on ptolemy.moml.MoMLSimpleApplication@4d61f8b1
----------------- Done invoking toplevel() on ptolemy.moml.MoMLSimpleApplication@4d61f8b1
reloadAllAccessors: .Switch2

===========================================================================================
----------------- testing Sun Nov 17 06:25:01 UTC 2019 /home/travis/build/icyphy/ptII/ptolemy/actor/lib/test/auto/SwitchDE.xml
----------------- Instantiating /home/travis/build/icyphy/ptII/ptolemy/actor/lib/test/auto/SwitchDE.xml
6 ms. Memory: 420864K Free: 190163K (45%)
----------------- Invoking toplevel() on ptolemy.moml.MoMLSimpleApplication@55c1ca49
----------------- Done invoking toplevel() on ptolemy.moml.MoMLSimpleApplication@55c1ca49
reloadAllAccessors: .SwitchDE

===========================================================================================
----------------- testing Sun Nov 17 06:25:02 UTC 2019 /home/travis/build/icyphy/ptII/ptolemy/actor/lib/test/auto/SynchronizerDE.xml
----------------- Instantiating /home/travis/build/icyphy/ptII/ptolemy/actor/lib/test/auto/SynchronizerDE.xml
14 ms. Memory: 420864K Free: 181475K (43%)
----------------- Invoking toplevel() on ptolemy.moml.MoMLSimpleApplication@70df8f0
----------------- Done invoking toplevel() on ptolemy.moml.MoMLSimpleApplication@70df8f0
reloadAllAccessors: .SynchronizerDE

===========================================================================================
----------------- testing Sun Nov 17 06:25:02 UTC 2019 /home/travis/build/icyphy/ptII/ptolemy/actor/lib/test/auto/Test.xml
----------------- Instantiating /home/travis/build/icyphy/ptII/ptolemy/actor/lib/test/auto/Test.xml
4 ms. Memory: 420864K Free: 175331K (42%)
----------------- Invoking toplevel() on ptolemy.moml.MoMLSimpleApplication@3a9f0364
----------------- Done invoking toplevel() on ptolemy.moml.MoMLSimpleApplication@3a9f0364
reloadAllAccessors: .Test

===========================================================================================
----------------- testing Sun Nov 17 06:25:02 UTC 2019 /home/travis/build/icyphy/ptII/ptolemy/actor/lib/test/auto/TestExceptionAttribute1.xml
----------------- Instantiating /home/travis/build/icyphy/ptII/ptolemy/actor/lib/test/auto/TestExceptionAttribute1.xml
2 ms. Memory: 420864K Free: 171745K (41%)
----------------- Invoking toplevel() on ptolemy.moml.MoMLSimpleApplication@7efbbbc6
----------------- Done invoking toplevel() on ptolemy.moml.MoMLSimpleApplication@7efbbbc6
reloadAllAccessors: .TestExceptionAttribute1

===========================================================================================
----------------- testing Sun Nov 17 06:25:02 UTC 2019 /home/travis/build/icyphy/ptII/ptolemy/actor/lib/test/auto/TestExceptionAttribute2.xml
----------------- Instantiating /home/travis/build/icyphy/ptII/ptolemy/actor/lib/test/auto/TestExceptionAttribute2.xml
2 ms. Memory: 420864K Free: 168163K (40%)
----------------- Invoking toplevel() on ptolemy.moml.MoMLSimpleApplication@5a7dc61a
----------------- Done invoking toplevel() on ptolemy.moml.MoMLSimpleApplication@5a7dc61a
reloadAllAccessors: .TestExceptionAttribute2

===========================================================================================
----------------- testing Sun Nov 17 06:25:02 UTC 2019 /home/travis/build/icyphy/ptII/ptolemy/actor/lib/test/auto/TestExceptionAttribute3.xml
----------------- Instantiating /home/travis/build/icyphy/ptII/ptolemy/actor/lib/test/auto/TestExceptionAttribute3.xml
.TestExceptionAttribute3.TestExceptionAttribute: initialize() was not invoked, but wrapup() was.  This is unusual, but not always a problem.  For example, exporting JNLP will do this.
3 ms. Memory: 420864K Free: 164577K (39%)
----------------- Invoking toplevel() on ptolemy.moml.MoMLSimpleApplication@3db91d5d
----------------- Done invoking toplevel() on ptolemy.moml.MoMLSimpleApplication@3db91d5d
reloadAllAccessors: .TestExceptionAttribute3

===========================================================================================
----------------- testing Sun Nov 17 06:25:02 UTC 2019 /home/travis/build/icyphy/ptII/ptolemy/actor/lib/test/auto/TestExceptionAttribute4.xml
----------------- Instantiating /home/travis/build/icyphy/ptII/ptolemy/actor/lib/test/auto/TestExceptionAttribute4.xml
.TestExceptionAttribute4.TestExceptionAttribute: initialize() was not invoked, but wrapup() was.  This is unusual, but not always a problem.  For example, exporting JNLP will do this.
.TestExceptionAttribute4.TestExceptionAttribute2: initialize() was not invoked, but wrapup() was.  This is unusual, but not always a problem.  For example, exporting JNLP will do this.
1 ms. Memory: 420864K Free: 160481K (38%)
----------------- Invoking toplevel() on ptolemy.moml.MoMLSimpleApplication@79fbbedd
----------------- Done invoking toplevel() on ptolemy.moml.MoMLSimpleApplication@79fbbedd
reloadAllAccessors: .TestExceptionAttribute4

===========================================================================================
----------------- testing Sun Nov 17 06:25:02 UTC 2019 /home/travis/build/icyphy/ptII/ptolemy/actor/lib/test/auto/TestExceptionHandler1.xml
----------------- Instantiating /home/travis/build/icyphy/ptII/ptolemy/actor/lib/test/auto/TestExceptionHandler1.xml
1 ms. Memory: 420864K Free: 156385K (37%)
----------------- Invoking toplevel() on ptolemy.moml.MoMLSimpleApplication@74c10b36
----------------- Done invoking toplevel() on ptolemy.moml.MoMLSimpleApplication@74c10b36
reloadAllAccessors: .TestExceptionHandler1

===========================================================================================
----------------- testing Sun Nov 17 06:25:02 UTC 2019 /home/travis/build/icyphy/ptII/ptolemy/actor/lib/test/auto/TestExceptionHandler2.xml
----------------- Instantiating /home/travis/build/icyphy/ptII/ptolemy/actor/lib/test/auto/TestExceptionHandler2.xml
3 ms. Memory: 420864K Free: 152803K (36%)
----------------- Invoking toplevel() on ptolemy.moml.MoMLSimpleApplication@da453f6
----------------- Done invoking toplevel() on ptolemy.moml.MoMLSimpleApplication@da453f6
reloadAllAccessors: .TestExceptionHandler2

===========================================================================================
----------------- testing Sun Nov 17 06:25:02 UTC 2019 /home/travis/build/icyphy/ptII/ptolemy/actor/lib/test/auto/TestExceptionHandler3.xml
----------------- Instantiating /home/travis/build/icyphy/ptII/ptolemy/actor/lib/test/auto/TestExceptionHandler3.xml
1 ms. Memory: 420864K Free: 149217K (35%)
----------------- Invoking toplevel() on ptolemy.moml.MoMLSimpleApplication@190f4017
----------------- Done invoking toplevel() on ptolemy.moml.MoMLSimpleApplication@190f4017
reloadAllAccessors: .TestExceptionHandler3

===========================================================================================
----------------- testing Sun Nov 17 06:25:02 UTC 2019 /home/travis/build/icyphy/ptII/ptolemy/actor/lib/test/auto/TestExceptionHandler4.xml
----------------- Instantiating /home/travis/build/icyphy/ptII/ptolemy/actor/lib/test/auto/TestExceptionHandler4.xml
5 ms. Memory: 420864K Free: 145121K (34%)
----------------- Invoking toplevel() on ptolemy.moml.MoMLSimpleApplication@4e1e200a
----------------- Done invoking toplevel() on ptolemy.moml.MoMLSimpleApplication@4e1e200a
reloadAllAccessors: .TestExceptionHandler4

===========================================================================================
----------------- testing Sun Nov 17 06:25:02 UTC 2019 /home/travis/build/icyphy/ptII/ptolemy/actor/lib/test/auto/TestRequireCorrectOrder.xml
----------------- Instantiating /home/travis/build/icyphy/ptII/ptolemy/actor/lib/test/auto/TestRequireCorrectOrder.xml
3 ms. Memory: 420864K Free: 139987K (33%)
----------------- Invoking toplevel() on ptolemy.moml.MoMLSimpleApplication@320b0599
----------------- Done invoking toplevel() on ptolemy.moml.MoMLSimpleApplication@320b0599
reloadAllAccessors: .TestRequireCorrectOrder

===========================================================================================
----------------- testing Sun Nov 17 06:25:02 UTC 2019 /home/travis/build/icyphy/ptII/ptolemy/actor/lib/test/auto/TestSimple.xml
----------------- Instantiating /home/travis/build/icyphy/ptII/ptolemy/actor/lib/test/auto/TestSimple.xml
3 ms. Memory: 420864K Free: 134875K (32%)
----------------- Invoking toplevel() on ptolemy.moml.MoMLSimpleApplication@3e79b9fa
----------------- Done invoking toplevel() on ptolemy.moml.MoMLSimpleApplication@3e79b9fa
reloadAllAccessors: .TestSimple

===========================================================================================
----------------- testing Sun Nov 17 06:25:02 UTC 2019 /home/travis/build/icyphy/ptII/ptolemy/actor/lib/test/auto/ThrowModelError.xml
----------------- Instantiating /home/travis/build/icyphy/ptII/ptolemy/actor/lib/test/auto/ThrowModelError.xml
2 ms. Memory: 420864K Free: 130275K (31%)
----------------- Invoking toplevel() on ptolemy.moml.MoMLSimpleApplication@589624da
----------------- Done invoking toplevel() on ptolemy.moml.MoMLSimpleApplication@589624da
reloadAllAccessors: .ThrowModelError

===========================================================================================
----------------- testing Sun Nov 17 06:25:02 UTC 2019 /home/travis/build/icyphy/ptII/ptolemy/actor/lib/test/auto/TimeDelayMicrosteps.xml
----------------- Instantiating /home/travis/build/icyphy/ptII/ptolemy/actor/lib/test/auto/TimeDelayMicrosteps.xml
7 ms. Memory: 420864K Free: 123611K (29%)
----------------- Invoking toplevel() on ptolemy.moml.MoMLSimpleApplication@6f7c0aeb
----------------- Done invoking toplevel() on ptolemy.moml.MoMLSimpleApplication@6f7c0aeb
reloadAllAccessors: .TimeDelayMicrosteps

===========================================================================================
----------------- testing Sun Nov 17 06:25:02 UTC 2019 /home/travis/build/icyphy/ptII/ptolemy/actor/lib/test/auto/TimeDelayMicrosteps2.xml
----------------- Instantiating /home/travis/build/icyphy/ptII/ptolemy/actor/lib/test/auto/TimeDelayMicrosteps2.xml
5 ms. Memory: 420864K Free: 364067K (87%)
----------------- Invoking toplevel() on ptolemy.moml.MoMLSimpleApplication@5bbe0332
----------------- Done invoking toplevel() on ptolemy.moml.MoMLSimpleApplication@5bbe0332
reloadAllAccessors: .TimeDelayMicrosteps2

===========================================================================================
----------------- testing Sun Nov 17 06:25:02 UTC 2019 /home/travis/build/icyphy/ptII/ptolemy/actor/lib/test/auto/TimeDelayMicrosteps3.xml
----------------- Instantiating /home/travis/build/icyphy/ptII/ptolemy/actor/lib/test/auto/TimeDelayMicrosteps3.xml
4 ms. Memory: 420864K Free: 357419K (85%)
----------------- Invoking toplevel() on ptolemy.moml.MoMLSimpleApplication@4f53ce1b
----------------- Done invoking toplevel() on ptolemy.moml.MoMLSimpleApplication@4f53ce1b
reloadAllAccessors: .TimeDelayMicrosteps3

===========================================================================================
----------------- testing Sun Nov 17 06:25:02 UTC 2019 /home/travis/build/icyphy/ptII/ptolemy/actor/lib/test/auto/TimeDelayVariableMicrosteps.xml
----------------- Instantiating /home/travis/build/icyphy/ptII/ptolemy/actor/lib/test/auto/TimeDelayVariableMicrosteps.xml
4 ms. Memory: 420864K Free: 350761K (83%)
----------------- Invoking toplevel() on ptolemy.moml.MoMLSimpleApplication@13483a60
----------------- Done invoking toplevel() on ptolemy.moml.MoMLSimpleApplication@13483a60
reloadAllAccessors: .TimeDelayVariableMicrosteps

===========================================================================================
----------------- testing Sun Nov 17 06:25:02 UTC 2019 /home/travis/build/icyphy/ptII/ptolemy/actor/lib/test/auto/TimeGap.xml
----------------- Instantiating /home/travis/build/icyphy/ptII/ptolemy/actor/lib/test/auto/TimeGap.xml
5 ms. Memory: 420864K Free: 345611K (82%)
----------------- Invoking toplevel() on ptolemy.moml.MoMLSimpleApplication@3657bdfa
----------------- Done invoking toplevel() on ptolemy.moml.MoMLSimpleApplication@3657bdfa
reloadAllAccessors: .TimeGap

===========================================================================================
----------------- testing Sun Nov 17 06:25:02 UTC 2019 /home/travis/build/icyphy/ptII/ptolemy/actor/lib/test/auto/TimeGap2.xml
----------------- Instantiating /home/travis/build/icyphy/ptII/ptolemy/actor/lib/test/auto/TimeGap2.xml
3 ms. Memory: 420864K Free: 340011K (81%)
----------------- Invoking toplevel() on ptolemy.moml.MoMLSimpleApplication@3d56a32
----------------- Done invoking toplevel() on ptolemy.moml.MoMLSimpleApplication@3d56a32
reloadAllAccessors: .TimeGap2

===========================================================================================
----------------- testing Sun Nov 17 06:25:02 UTC 2019 /home/travis/build/icyphy/ptII/ptolemy/actor/lib/test/auto/TimedSinewave.xml
----------------- Instantiating /home/travis/build/icyphy/ptII/ptolemy/actor/lib/test/auto/TimedSinewave.xml
36 ms. Memory: 420864K Free: 325675K (77%)
----------------- Invoking toplevel() on ptolemy.moml.MoMLSimpleApplication@6e9d3388
----------------- Done invoking toplevel() on ptolemy.moml.MoMLSimpleApplication@6e9d3388
reloadAllAccessors: .TimedSinewave

===========================================================================================
----------------- testing Sun Nov 17 06:25:02 UTC 2019 /home/travis/build/icyphy/ptII/ptolemy/actor/lib/test/auto/TimedSinewavePhase.xml
----------------- Instantiating /home/travis/build/icyphy/ptII/ptolemy/actor/lib/test/auto/TimedSinewavePhase.xml
11 ms. Memory: 420864K Free: 315945K (75%)
----------------- Invoking toplevel() on ptolemy.moml.MoMLSimpleApplication@3a746c52
----------------- Done invoking toplevel() on ptolemy.moml.MoMLSimpleApplication@3a746c52
reloadAllAccessors: .TimedSinewavePhase

===========================================================================================
----------------- testing Sun Nov 17 06:25:02 UTC 2019 /home/travis/build/icyphy/ptII/ptolemy/actor/lib/test/auto/Timer.xml
----------------- Instantiating /home/travis/build/icyphy/ptII/ptolemy/actor/lib/test/auto/Timer.xml
8 ms. Memory: 420864K Free: 309795K (74%)
----------------- Invoking toplevel() on ptolemy.moml.MoMLSimpleApplication@53a8a1fc
----------------- Done invoking toplevel() on ptolemy.moml.MoMLSimpleApplication@53a8a1fc
reloadAllAccessors: .Timer

===========================================================================================
----------------- testing Sun Nov 17 06:25:02 UTC 2019 /home/travis/build/icyphy/ptII/ptolemy/actor/lib/test/auto/TriangularDistTestModel.xml
----------------- Instantiating /home/travis/build/icyphy/ptII/ptolemy/actor/lib/test/auto/TriangularDistTestModel.xml
3 ms. Memory: 420864K Free: 304171K (72%)
----------------- Invoking toplevel() on ptolemy.moml.MoMLSimpleApplication@2ed86c88
----------------- Done invoking toplevel() on ptolemy.moml.MoMLSimpleApplication@2ed86c88
reloadAllAccessors: .TriangularDistTestModel

===========================================================================================
----------------- testing Sun Nov 17 06:25:02 UTC 2019 /home/travis/build/icyphy/ptII/ptolemy/actor/lib/test/auto/TrigFunction.xml
----------------- Instantiating /home/travis/build/icyphy/ptII/ptolemy/actor/lib/test/auto/TrigFunction.xml
5 ms. Memory: 420864K Free: 299561K (71%)
----------------- Invoking toplevel() on ptolemy.moml.MoMLSimpleApplication@3c33a6c6
----------------- Done invoking toplevel() on ptolemy.moml.MoMLSimpleApplication@3c33a6c6
reloadAllAccessors: .TrigFunction

===========================================================================================
----------------- testing Sun Nov 17 06:25:02 UTC 2019 /home/travis/build/icyphy/ptII/ptolemy/actor/lib/test/auto/TrigFunctionDE.xml
----------------- Instantiating /home/travis/build/icyphy/ptII/ptolemy/actor/lib/test/auto/TrigFunctionDE.xml
3 ms. Memory: 420864K Free: 293931K (70%)
----------------- Invoking toplevel() on ptolemy.moml.MoMLSimpleApplication@113abc30
----------------- Done invoking toplevel() on ptolemy.moml.MoMLSimpleApplication@113abc30
reloadAllAccessors: .TrigFunctionDE

===========================================================================================
----------------- testing Sun Nov 17 06:25:02 UTC 2019 /home/travis/build/icyphy/ptII/ptolemy/actor/lib/test/auto/TrigFunctionInverse.xml
----------------- Instantiating /home/travis/build/icyphy/ptII/ptolemy/actor/lib/test/auto/TrigFunctionInverse.xml
2 ms. Memory: 420864K Free: 288297K (69%)
----------------- Invoking toplevel() on ptolemy.moml.MoMLSimpleApplication@104c1548
----------------- Done invoking toplevel() on ptolemy.moml.MoMLSimpleApplication@104c1548
reloadAllAccessors: .TrigFunctionInverse

===========================================================================================
----------------- testing Sun Nov 17 06:25:02 UTC 2019 /home/travis/build/icyphy/ptII/ptolemy/actor/lib/test/auto/TrigFunctionTan.xml
----------------- Instantiating /home/travis/build/icyphy/ptII/ptolemy/actor/lib/test/auto/TrigFunctionTan.xml
3 ms. Memory: 420864K Free: 284201K (68%)
----------------- Invoking toplevel() on ptolemy.moml.MoMLSimpleApplication@67ffab5e
----------------- Done invoking toplevel() on ptolemy.moml.MoMLSimpleApplication@67ffab5e
reloadAllAccessors: .TrigFunctionTan

===========================================================================================
----------------- testing Sun Nov 17 06:25:02 UTC 2019 /home/travis/build/icyphy/ptII/ptolemy/actor/lib/test/auto/TriggeredClock.xml
----------------- Instantiating /home/travis/build/icyphy/ptII/ptolemy/actor/lib/test/auto/TriggeredClock.xml
3 ms. Memory: 420864K Free: 279075K (66%)
----------------- Invoking toplevel() on ptolemy.moml.MoMLSimpleApplication@46093cbb
----------------- Done invoking toplevel() on ptolemy.moml.MoMLSimpleApplication@46093cbb
reloadAllAccessors: .TriggeredClock

===========================================================================================
----------------- testing Sun Nov 17 06:25:02 UTC 2019 /home/travis/build/icyphy/ptII/ptolemy/actor/lib/test/auto/URLDirectoryReader.xml
----------------- Instantiating /home/travis/build/icyphy/ptII/ptolemy/actor/lib/test/auto/URLDirectoryReader.xml
39 ms. Memory: 420864K Free: 269355K (64%)
----------------- Invoking toplevel() on ptolemy.moml.MoMLSimpleApplication@742db7fd
----------------- Done invoking toplevel() on ptolemy.moml.MoMLSimpleApplication@742db7fd
reloadAllAccessors: .URLDirectoryReader

===========================================================================================
----------------- testing Sun Nov 17 06:25:03 UTC 2019 /home/travis/build/icyphy/ptII/ptolemy/actor/lib/test/auto/URLDirectoryReader3.xml
----------------- Instantiating /home/travis/build/icyphy/ptII/ptolemy/actor/lib/test/auto/URLDirectoryReader3.xml
1284 ms. Memory: 420864K Free: 361844K (86%)
----------------- Invoking toplevel() on ptolemy.moml.MoMLSimpleApplication@1cdfefc2
----------------- Done invoking toplevel() on ptolemy.moml.MoMLSimpleApplication@1cdfefc2
reloadAllAccessors: .URLDirectoryReader3

===========================================================================================
----------------- testing Sun Nov 17 06:25:04 UTC 2019 /home/travis/build/icyphy/ptII/ptolemy/actor/lib/test/auto/UnaryMathFunction.xml
----------------- Instantiating /home/travis/build/icyphy/ptII/ptolemy/actor/lib/test/auto/UnaryMathFunction.xml
4 ms. Memory: 420864K Free: 353652K (84%)
----------------- Invoking toplevel() on ptolemy.moml.MoMLSimpleApplication@76349264
----------------- Done invoking toplevel() on ptolemy.moml.MoMLSimpleApplication@76349264
reloadAllAccessors: .UnaryMathFunction

===========================================================================================
----------------- testing Sun Nov 17 06:25:04 UTC 2019 /home/travis/build/icyphy/ptII/ptolemy/actor/lib/test/auto/Uniform.xml
----------------- Instantiating /home/travis/build/icyphy/ptII/ptolemy/actor/lib/test/auto/Uniform.xml
2 ms. Memory: 420864K Free: 348532K (83%)
----------------- Invoking toplevel() on ptolemy.moml.MoMLSimpleApplication@39317faa
----------------- Done invoking toplevel() on ptolemy.moml.MoMLSimpleApplication@39317faa
reloadAllAccessors: .Uniform

===========================================================================================
----------------- testing Sun Nov 17 06:25:04 UTC 2019 /home/travis/build/icyphy/ptII/ptolemy/actor/lib/test/auto/UnionDisassemblerTest.xml
----------------- Instantiating /home/travis/build/icyphy/ptII/ptolemy/actor/lib/test/auto/UnionDisassemblerTest.xml
23 ms. Memory: 420864K Free: 344932K (82%)
----------------- Invoking toplevel() on ptolemy.moml.MoMLSimpleApplication@53a1322e
----------------- Done invoking toplevel() on ptolemy.moml.MoMLSimpleApplication@53a1322e
reloadAllAccessors: .UnionDisassemblerTest

===========================================================================================
----------------- testing Sun Nov 17 06:25:04 UTC 2019 /home/travis/build/icyphy/ptII/ptolemy/actor/lib/test/auto/UtilityFunctions.xml
----------------- Instantiating /home/travis/build/icyphy/ptII/ptolemy/actor/lib/test/auto/UtilityFunctions.xml
5 ms. Memory: 420864K Free: 340850K (81%)
----------------- Invoking toplevel() on ptolemy.moml.MoMLSimpleApplication@1567409e
----------------- Done invoking toplevel() on ptolemy.moml.MoMLSimpleApplication@1567409e
reloadAllAccessors: .UtilityFunctions

===========================================================================================
----------------- testing Sun Nov 17 06:25:04 UTC 2019 /home/travis/build/icyphy/ptII/ptolemy/actor/lib/test/auto/VariableSleep.xml
----------------- Instantiating /home/travis/build/icyphy/ptII/ptolemy/actor/lib/test/auto/VariableSleep.xml
504 ms. Memory: 420864K Free: 335730K (80%)
----------------- Invoking toplevel() on ptolemy.moml.MoMLSimpleApplication@53e56284
----------------- Done invoking toplevel() on ptolemy.moml.MoMLSimpleApplication@53e56284
reloadAllAccessors: .VariableSleep

===========================================================================================
----------------- testing Sun Nov 17 06:25:05 UTC 2019 /home/travis/build/icyphy/ptII/ptolemy/actor/lib/test/auto/VectorAssemblerDisassemblerCT.xml
----------------- Instantiating /home/travis/build/icyphy/ptII/ptolemy/actor/lib/test/auto/VectorAssemblerDisassemblerCT.xml
74 ms. Memory: 420864K Free: 314740K (75%)
----------------- Invoking toplevel() on ptolemy.moml.MoMLSimpleApplication@37f617f5
----------------- Done invoking toplevel() on ptolemy.moml.MoMLSimpleApplication@37f617f5
reloadAllAccessors: .VectorAssemblerDisassemblerCT

===========================================================================================
----------------- testing Sun Nov 17 06:25:05 UTC 2019 /home/travis/build/icyphy/ptII/ptolemy/actor/lib/test/auto/VectorAssemblerDisassemblerDE.xml
----------------- Instantiating /home/travis/build/icyphy/ptII/ptolemy/actor/lib/test/auto/VectorAssemblerDisassemblerDE.xml
4 ms. Memory: 420864K Free: 307572K (73%)
----------------- Invoking toplevel() on ptolemy.moml.MoMLSimpleApplication@8f350ee
----------------- Done invoking toplevel() on ptolemy.moml.MoMLSimpleApplication@8f350ee
reloadAllAccessors: .VectorAssemblerDisassemblerDE

===========================================================================================
----------------- testing Sun Nov 17 06:25:05 UTC 2019 /home/travis/build/icyphy/ptII/ptolemy/actor/lib/test/auto/VectorAssemblerDisassemblerSDF.xml
----------------- Instantiating /home/travis/build/icyphy/ptII/ptolemy/actor/lib/test/auto/VectorAssemblerDisassemblerSDF.xml
3 ms. Memory: 420864K Free: 301428K (72%)
----------------- Invoking toplevel() on ptolemy.moml.MoMLSimpleApplication@599e348b
----------------- Done invoking toplevel() on ptolemy.moml.MoMLSimpleApplication@599e348b
reloadAllAccessors: .VectorAssemblerDisassemblerSDF

===========================================================================================
----------------- testing Sun Nov 17 06:25:05 UTC 2019 /home/travis/build/icyphy/ptII/ptolemy/actor/lib/test/auto/WallClockTime.xml
----------------- Instantiating /home/travis/build/icyphy/ptII/ptolemy/actor/lib/test/auto/WallClockTime.xml
1005 ms. Memory: 420864K Free: 296308K (70%)
----------------- Invoking toplevel() on ptolemy.moml.MoMLSimpleApplication@68c05de9
----------------- Done invoking toplevel() on ptolemy.moml.MoMLSimpleApplication@68c05de9
reloadAllAccessors: .WallClockTime

===========================================================================================
----------------- testing Sun Nov 17 06:25:06 UTC 2019 /home/travis/build/icyphy/ptII/ptolemy/actor/lib/test/auto/WidthTestWithSubscriberPublisher.xml
----------------- Instantiating /home/travis/build/icyphy/ptII/ptolemy/actor/lib/test/auto/WidthTestWithSubscriberPublisher.xml
19 ms. Memory: 420864K Free: 278900K (66%)
----------------- Invoking toplevel() on ptolemy.moml.MoMLSimpleApplication@6caac03
----------------- Done invoking toplevel() on ptolemy.moml.MoMLSimpleApplication@6caac03
reloadAllAccessors: .WidthTestWithSubscriberPublisher

===========================================================================================
----------------- testing Sun Nov 17 06:25:06 UTC 2019 /home/travis/build/icyphy/ptII/ptolemy/actor/lib/test/auto/WidthTestWithSubscriberPublisher2.xml
----------------- Instantiating /home/travis/build/icyphy/ptII/ptolemy/actor/lib/test/auto/WidthTestWithSubscriberPublisher2.xml
8 ms. Memory: 420864K Free: 272242K (65%)
----------------- Invoking toplevel() on ptolemy.moml.MoMLSimpleApplication@4229f3b2
----------------- Done invoking toplevel() on ptolemy.moml.MoMLSimpleApplication@4229f3b2
reloadAllAccessors: .WidthTestWithSubscriberPublisher2

===========================================================================================
----------------- testing Sun Nov 17 06:25:06 UTC 2019 /home/travis/build/icyphy/ptII/ptolemy/actor/lib/test/auto/WidthTestWithSubscriberPublisher3.xml
----------------- Instantiating /home/travis/build/icyphy/ptII/ptolemy/actor/lib/test/auto/WidthTestWithSubscriberPublisher3.xml
3 ms. Memory: 420864K Free: 266612K (63%)
----------------- Invoking toplevel() on ptolemy.moml.MoMLSimpleApplication@27daccf4
----------------- Done invoking toplevel() on ptolemy.moml.MoMLSimpleApplication@27daccf4
reloadAllAccessors: .WidthTestWithSubscriberPublisher3

===========================================================================================
----------------- testing Sun Nov 17 06:25:06 UTC 2019 /home/travis/build/icyphy/ptII/ptolemy/actor/lib/test/auto/Writer.xml
----------------- Instantiating /home/travis/build/icyphy/ptII/ptolemy/actor/lib/test/auto/Writer.xml
0
1
2
3
4
3 ms. Memory: 420864K Free: 262516K (62%)
----------------- Invoking toplevel() on ptolemy.moml.MoMLSimpleApplication@1454012
----------------- Done invoking toplevel() on ptolemy.moml.MoMLSimpleApplication@1454012
reloadAllAccessors: .Writer

===========================================================================================
----------------- testing Sun Nov 17 06:25:06 UTC 2019 /home/travis/build/icyphy/ptII/ptolemy/actor/lib/test/auto/array.xml
----------------- Instantiating /home/travis/build/icyphy/ptII/ptolemy/actor/lib/test/auto/array.xml
4 ms. Memory: 420864K Free: 257906K (61%)
----------------- Invoking toplevel() on ptolemy.moml.MoMLSimpleApplication@4eada9f1
----------------- Done invoking toplevel() on ptolemy.moml.MoMLSimpleApplication@4eada9f1
reloadAllAccessors: .array

===========================================================================================
----------------- testing Sun Nov 17 06:25:06 UTC 2019 /home/travis/build/icyphy/ptII/ptolemy/actor/lib/test/auto/array2.xml
----------------- Instantiating /home/travis/build/icyphy/ptII/ptolemy/actor/lib/test/auto/array2.xml
4 ms. Memory: 420864K Free: 252772K (60%)
----------------- Invoking toplevel() on ptolemy.moml.MoMLSimpleApplication@481d233c
----------------- Done invoking toplevel() on ptolemy.moml.MoMLSimpleApplication@481d233c
reloadAllAccessors: .array2

===========================================================================================
----------------- testing Sun Nov 17 06:25:06 UTC 2019 /home/travis/build/icyphy/ptII/ptolemy/actor/lib/test/auto/arrayType.xml
----------------- Instantiating /home/travis/build/icyphy/ptII/ptolemy/actor/lib/test/auto/arrayType.xml
3 ms. Memory: 420864K Free: 247156K (59%)
----------------- Invoking toplevel() on ptolemy.moml.MoMLSimpleApplication@3c0700c9
----------------- Done invoking toplevel() on ptolemy.moml.MoMLSimpleApplication@3c0700c9
reloadAllAccessors: .arrayType

===========================================================================================
----------------- testing Sun Nov 17 06:25:06 UTC 2019 /home/travis/build/icyphy/ptII/ptolemy/actor/lib/test/auto/arrayType10.xml
----------------- Instantiating /home/travis/build/icyphy/ptII/ptolemy/actor/lib/test/auto/arrayType10.xml
2 ms. Memory: 420864K Free: 242546K (58%)
----------------- Invoking toplevel() on ptolemy.moml.MoMLSimpleApplication@52303e93
----------------- Done invoking toplevel() on ptolemy.moml.MoMLSimpleApplication@52303e93
reloadAllAccessors: .arrayType10

===========================================================================================
----------------- testing Sun Nov 17 06:25:06 UTC 2019 /home/travis/build/icyphy/ptII/ptolemy/actor/lib/test/auto/arrayType11.xml
----------------- Instantiating /home/travis/build/icyphy/ptII/ptolemy/actor/lib/test/auto/arrayType11.xml
2 ms. Memory: 420864K Free: 237940K (57%)
----------------- Invoking toplevel() on ptolemy.moml.MoMLSimpleApplication@36bb8a08
----------------- Done invoking toplevel() on ptolemy.moml.MoMLSimpleApplication@36bb8a08
reloadAllAccessors: .arrayType11

===========================================================================================
----------------- testing Sun Nov 17 06:25:06 UTC 2019 /home/travis/build/icyphy/ptII/ptolemy/actor/lib/test/auto/arrayType12.xml
----------------- Instantiating /home/travis/build/icyphy/ptII/ptolemy/actor/lib/test/auto/arrayType12.xml
2 ms. Memory: 420864K Free: 233330K (55%)
----------------- Invoking toplevel() on ptolemy.moml.MoMLSimpleApplication@775eaa1f
----------------- Done invoking toplevel() on ptolemy.moml.MoMLSimpleApplication@775eaa1f
reloadAllAccessors: .arrayType12

===========================================================================================
----------------- testing Sun Nov 17 06:25:06 UTC 2019 /home/travis/build/icyphy/ptII/ptolemy/actor/lib/test/auto/arrayType13.xml
----------------- Instantiating /home/travis/build/icyphy/ptII/ptolemy/actor/lib/test/auto/arrayType13.xml
3 ms. Memory: 420864K Free: 228210K (54%)
----------------- Invoking toplevel() on ptolemy.moml.MoMLSimpleApplication@4febd458
----------------- Done invoking toplevel() on ptolemy.moml.MoMLSimpleApplication@4febd458
reloadAllAccessors: .arrayType13

===========================================================================================
----------------- testing Sun Nov 17 06:25:06 UTC 2019 /home/travis/build/icyphy/ptII/ptolemy/actor/lib/test/auto/arrayType14.xml
----------------- Instantiating /home/travis/build/icyphy/ptII/ptolemy/actor/lib/test/auto/arrayType14.xml
2 ms. Memory: 420864K Free: 222580K (53%)
----------------- Invoking toplevel() on ptolemy.moml.MoMLSimpleApplication@75d12568
----------------- Done invoking toplevel() on ptolemy.moml.MoMLSimpleApplication@75d12568
reloadAllAccessors: .arrayType14

===========================================================================================
----------------- testing Sun Nov 17 06:25:06 UTC 2019 /home/travis/build/icyphy/ptII/ptolemy/actor/lib/test/auto/arrayType15.xml
----------------- Instantiating /home/travis/build/icyphy/ptII/ptolemy/actor/lib/test/auto/arrayType15.xml
3 ms. Memory: 420864K Free: 217460K (52%)
----------------- Invoking toplevel() on ptolemy.moml.MoMLSimpleApplication@11d31141
----------------- Done invoking toplevel() on ptolemy.moml.MoMLSimpleApplication@11d31141
reloadAllAccessors: .arrayType15

===========================================================================================
----------------- testing Sun Nov 17 06:25:06 UTC 2019 /home/travis/build/icyphy/ptII/ptolemy/actor/lib/test/auto/arrayType16.xml
----------------- Instantiating /home/travis/build/icyphy/ptII/ptolemy/actor/lib/test/auto/arrayType16.xml
7 ms. Memory: 420864K Free: 212340K (50%)
----------------- Invoking toplevel() on ptolemy.moml.MoMLSimpleApplication@45c4857
----------------- Done invoking toplevel() on ptolemy.moml.MoMLSimpleApplication@45c4857
reloadAllAccessors: .arrayType16

===========================================================================================
----------------- testing Sun Nov 17 06:25:06 UTC 2019 /home/travis/build/icyphy/ptII/ptolemy/actor/lib/test/auto/arrayType17.xml
----------------- Instantiating /home/travis/build/icyphy/ptII/ptolemy/actor/lib/test/auto/arrayType17.xml
3 ms. Memory: 420864K Free: 207220K (49%)
----------------- Invoking toplevel() on ptolemy.moml.MoMLSimpleApplication@49396cdf
----------------- Done invoking toplevel() on ptolemy.moml.MoMLSimpleApplication@49396cdf
reloadAllAccessors: .arrayType17

===========================================================================================
----------------- testing Sun Nov 17 06:25:06 UTC 2019 /home/travis/build/icyphy/ptII/ptolemy/actor/lib/test/auto/arrayType18.xml
----------------- Instantiating /home/travis/build/icyphy/ptII/ptolemy/actor/lib/test/auto/arrayType18.xml
3 ms. Memory: 420864K Free: 202100K (48%)
----------------- Invoking toplevel() on ptolemy.moml.MoMLSimpleApplication@13a83af6
----------------- Done invoking toplevel() on ptolemy.moml.MoMLSimpleApplication@13a83af6
reloadAllAccessors: .arrayType18

===========================================================================================
----------------- testing Sun Nov 17 06:25:07 UTC 2019 /home/travis/build/icyphy/ptII/ptolemy/actor/lib/test/auto/arrayType19.xml
----------------- Instantiating /home/travis/build/icyphy/ptII/ptolemy/actor/lib/test/auto/arrayType19.xml
2 ms. Memory: 420864K Free: 197490K (47%)
----------------- Invoking toplevel() on ptolemy.moml.MoMLSimpleApplication@75fe3dab
----------------- Done invoking toplevel() on ptolemy.moml.MoMLSimpleApplication@75fe3dab
reloadAllAccessors: .arrayType19

===========================================================================================
----------------- testing Sun Nov 17 06:25:07 UTC 2019 /home/travis/build/icyphy/ptII/ptolemy/actor/lib/test/auto/arrayType2.xml
----------------- Instantiating /home/travis/build/icyphy/ptII/ptolemy/actor/lib/test/auto/arrayType2.xml
3 ms. Memory: 420864K Free: 192356K (46%)
----------------- Invoking toplevel() on ptolemy.moml.MoMLSimpleApplication@66acf424
----------------- Done invoking toplevel() on ptolemy.moml.MoMLSimpleApplication@66acf424
reloadAllAccessors: .arrayType2

===========================================================================================
----------------- testing Sun Nov 17 06:25:07 UTC 2019 /home/travis/build/icyphy/ptII/ptolemy/actor/lib/test/auto/arrayType20.xml
----------------- Instantiating /home/travis/build/icyphy/ptII/ptolemy/actor/lib/test/auto/arrayType20.xml
2 ms. Memory: 420864K Free: 187764K (45%)
----------------- Invoking toplevel() on ptolemy.moml.MoMLSimpleApplication@3ee70c2b
----------------- Done invoking toplevel() on ptolemy.moml.MoMLSimpleApplication@3ee70c2b
reloadAllAccessors: .arrayType20

===========================================================================================
----------------- testing Sun Nov 17 06:25:07 UTC 2019 /home/travis/build/icyphy/ptII/ptolemy/actor/lib/test/auto/arrayType21.xml
----------------- Instantiating /home/travis/build/icyphy/ptII/ptolemy/actor/lib/test/auto/arrayType21.xml
2 ms. Memory: 420864K Free: 182644K (43%)
----------------- Invoking toplevel() on ptolemy.moml.MoMLSimpleApplication@342d9943
----------------- Done invoking toplevel() on ptolemy.moml.MoMLSimpleApplication@342d9943
reloadAllAccessors: .arrayType21

===========================================================================================
----------------- testing Sun Nov 17 06:25:07 UTC 2019 /home/travis/build/icyphy/ptII/ptolemy/actor/lib/test/auto/arrayType22.xml
----------------- Instantiating /home/travis/build/icyphy/ptII/ptolemy/actor/lib/test/auto/arrayType22.xml
3 ms. Memory: 420864K Free: 178034K (42%)
----------------- Invoking toplevel() on ptolemy.moml.MoMLSimpleApplication@6641d647
----------------- Done invoking toplevel() on ptolemy.moml.MoMLSimpleApplication@6641d647
reloadAllAccessors: .arrayType22

===========================================================================================
----------------- testing Sun Nov 17 06:25:07 UTC 2019 /home/travis/build/icyphy/ptII/ptolemy/actor/lib/test/auto/arrayType23.xml
----------------- Instantiating /home/travis/build/icyphy/ptII/ptolemy/actor/lib/test/auto/arrayType23.xml
2 ms. Memory: 420864K Free: 173428K (41%)
----------------- Invoking toplevel() on ptolemy.moml.MoMLSimpleApplication@5987098e
----------------- Done invoking toplevel() on ptolemy.moml.MoMLSimpleApplication@5987098e
reloadAllAccessors: .arrayType23

===========================================================================================
----------------- testing Sun Nov 17 06:25:07 UTC 2019 /home/travis/build/icyphy/ptII/ptolemy/actor/lib/test/auto/arrayType24.xml
----------------- Instantiating /home/travis/build/icyphy/ptII/ptolemy/actor/lib/test/auto/arrayType24.xml
3 ms. Memory: 420864K Free: 168818K (40%)
----------------- Invoking toplevel() on ptolemy.moml.MoMLSimpleApplication@1af02da3
----------------- Done invoking toplevel() on ptolemy.moml.MoMLSimpleApplication@1af02da3
reloadAllAccessors: .arrayType24

===========================================================================================
----------------- testing Sun Nov 17 06:25:07 UTC 2019 /home/travis/build/icyphy/ptII/ptolemy/actor/lib/test/auto/arrayType25.xml
----------------- Instantiating /home/travis/build/icyphy/ptII/ptolemy/actor/lib/test/auto/arrayType25.xml
3 ms. Memory: 420864K Free: 163188K (39%)
----------------- Invoking toplevel() on ptolemy.moml.MoMLSimpleApplication@13ba64b4
----------------- Done invoking toplevel() on ptolemy.moml.MoMLSimpleApplication@13ba64b4
reloadAllAccessors: .arrayType25

===========================================================================================
----------------- testing Sun Nov 17 06:25:07 UTC 2019 /home/travis/build/icyphy/ptII/ptolemy/actor/lib/test/auto/arrayType26.xml
----------------- Instantiating /home/travis/build/icyphy/ptII/ptolemy/actor/lib/test/auto/arrayType26.xml
3 ms. Memory: 420864K Free: 158068K (38%)
----------------- Invoking toplevel() on ptolemy.moml.MoMLSimpleApplication@405ccf4c
----------------- Done invoking toplevel() on ptolemy.moml.MoMLSimpleApplication@405ccf4c
reloadAllAccessors: .arrayType26

===========================================================================================
----------------- testing Sun Nov 17 06:25:07 UTC 2019 /home/travis/build/icyphy/ptII/ptolemy/actor/lib/test/auto/arrayType27.xml
----------------- Instantiating /home/travis/build/icyphy/ptII/ptolemy/actor/lib/test/auto/arrayType27.xml
3 ms. Memory: 420864K Free: 152948K (36%)
----------------- Invoking toplevel() on ptolemy.moml.MoMLSimpleApplication@59990c8e
----------------- Done invoking toplevel() on ptolemy.moml.MoMLSimpleApplication@59990c8e
reloadAllAccessors: .arrayType27

===========================================================================================
----------------- testing Sun Nov 17 06:25:07 UTC 2019 /home/travis/build/icyphy/ptII/ptolemy/actor/lib/test/auto/arrayType28.xml
----------------- Instantiating /home/travis/build/icyphy/ptII/ptolemy/actor/lib/test/auto/arrayType28.xml
5 ms. Memory: 420864K Free: 147828K (35%)
----------------- Invoking toplevel() on ptolemy.moml.MoMLSimpleApplication@5d4c87c0
----------------- Done invoking toplevel() on ptolemy.moml.MoMLSimpleApplication@5d4c87c0
reloadAllAccessors: .arrayType28

===========================================================================================
----------------- testing Sun Nov 17 06:25:07 UTC 2019 /home/travis/build/icyphy/ptII/ptolemy/actor/lib/test/auto/arrayType3.xml
----------------- Instantiating /home/travis/build/icyphy/ptII/ptolemy/actor/lib/test/auto/arrayType3.xml
2 ms. Memory: 420864K Free: 142194K (34%)
----------------- Invoking toplevel() on ptolemy.moml.MoMLSimpleApplication@40e3e001
----------------- Done invoking toplevel() on ptolemy.moml.MoMLSimpleApplication@40e3e001
reloadAllAccessors: .arrayType3

===========================================================================================
----------------- testing Sun Nov 17 06:25:07 UTC 2019 /home/travis/build/icyphy/ptII/ptolemy/actor/lib/test/auto/arrayType4.xml
----------------- Instantiating /home/travis/build/icyphy/ptII/ptolemy/actor/lib/test/auto/arrayType4.xml
2 ms. Memory: 420864K Free: 137060K (33%)
----------------- Invoking toplevel() on ptolemy.moml.MoMLSimpleApplication@7231b342
----------------- Done invoking toplevel() on ptolemy.moml.MoMLSimpleApplication@7231b342
reloadAllAccessors: .arrayType4

===========================================================================================
----------------- testing Sun Nov 17 06:25:07 UTC 2019 /home/travis/build/icyphy/ptII/ptolemy/actor/lib/test/auto/arrayType5.xml
----------------- Instantiating /home/travis/build/icyphy/ptII/ptolemy/actor/lib/test/auto/arrayType5.xml
3 ms. Memory: 420864K Free: 131940K (31%)
----------------- Invoking toplevel() on ptolemy.moml.MoMLSimpleApplication@24febf77
----------------- Done invoking toplevel() on ptolemy.moml.MoMLSimpleApplication@24febf77
reloadAllAccessors: .arrayType5

===========================================================================================
----------------- testing Sun Nov 17 06:25:07 UTC 2019 /home/travis/build/icyphy/ptII/ptolemy/actor/lib/test/auto/arrayType6.xml
----------------- Instantiating /home/travis/build/icyphy/ptII/ptolemy/actor/lib/test/auto/arrayType6.xml
2 ms. Memory: 420864K Free: 127348K (30%)
----------------- Invoking toplevel() on ptolemy.moml.MoMLSimpleApplication@c18355d
----------------- Done invoking toplevel() on ptolemy.moml.MoMLSimpleApplication@c18355d
reloadAllAccessors: .arrayType6

===========================================================================================
----------------- testing Sun Nov 17 06:25:07 UTC 2019 /home/travis/build/icyphy/ptII/ptolemy/actor/lib/test/auto/arrayType7.xml
----------------- Instantiating /home/travis/build/icyphy/ptII/ptolemy/actor/lib/test/auto/arrayType7.xml
11 ms. Memory: 420864K Free: 122228K (29%)
----------------- Invoking toplevel() on ptolemy.moml.MoMLSimpleApplication@4b3458ae
----------------- Done invoking toplevel() on ptolemy.moml.MoMLSimpleApplication@4b3458ae
reloadAllAccessors: .arrayType7

===========================================================================================
----------------- testing Sun Nov 17 06:25:07 UTC 2019 /home/travis/build/icyphy/ptII/ptolemy/actor/lib/test/auto/arrayType8.xml
----------------- Instantiating /home/travis/build/icyphy/ptII/ptolemy/actor/lib/test/auto/arrayType8.xml
3 ms. Memory: 420864K Free: 363887K (86%)
----------------- Invoking toplevel() on ptolemy.moml.MoMLSimpleApplication@464c1bfc
----------------- Done invoking toplevel() on ptolemy.moml.MoMLSimpleApplication@464c1bfc
reloadAllAccessors: .arrayType8

===========================================================================================
----------------- testing Sun Nov 17 06:25:07 UTC 2019 /home/travis/build/icyphy/ptII/ptolemy/actor/lib/test/auto/arrayType9.xml
----------------- Instantiating /home/travis/build/icyphy/ptII/ptolemy/actor/lib/test/auto/arrayType9.xml
6 ms. Memory: 420864K Free: 359277K (85%)
----------------- Invoking toplevel() on ptolemy.moml.MoMLSimpleApplication@2a19191b
----------------- Done invoking toplevel() on ptolemy.moml.MoMLSimpleApplication@2a19191b
reloadAllAccessors: .arrayType9

===========================================================================================
----------------- testing Sun Nov 17 06:25:07 UTC 2019 /home/travis/build/icyphy/ptII/ptolemy/actor/lib/test/auto/cast.xml
----------------- Instantiating /home/travis/build/icyphy/ptII/ptolemy/actor/lib/test/auto/cast.xml
9 ms. Memory: 420864K Free: 354157K (84%)
----------------- Invoking toplevel() on ptolemy.moml.MoMLSimpleApplication@22b74396
----------------- Done invoking toplevel() on ptolemy.moml.MoMLSimpleApplication@22b74396
reloadAllAccessors: .cast

===========================================================================================
----------------- testing Sun Nov 17 06:25:07 UTC 2019 /home/travis/build/icyphy/ptII/ptolemy/actor/lib/test/auto/compositeMultiPort.xml
----------------- Instantiating /home/travis/build/icyphy/ptII/ptolemy/actor/lib/test/auto/compositeMultiPort.xml
14 ms. Memory: 420864K Free: 345455K (82%)
----------------- Invoking toplevel() on ptolemy.moml.MoMLSimpleApplication@70605f0d
----------------- Done invoking toplevel() on ptolemy.moml.MoMLSimpleApplication@70605f0d
reloadAllAccessors: .compositeMultiPort

===========================================================================================
----------------- testing Sun Nov 17 06:25:07 UTC 2019 /home/travis/build/icyphy/ptII/ptolemy/actor/lib/test/auto/expressionCastInference.xml
----------------- Instantiating /home/travis/build/icyphy/ptII/ptolemy/actor/lib/test/auto/expressionCastInference.xml
3 ms. Memory: 420864K Free: 340845K (81%)
----------------- Invoking toplevel() on ptolemy.moml.MoMLSimpleApplication@425c2e3c
----------------- Done invoking toplevel() on ptolemy.moml.MoMLSimpleApplication@425c2e3c
reloadAllAccessors: .expressionCastInference

===========================================================================================
----------------- testing Sun Nov 17 06:25:07 UTC 2019 /home/travis/build/icyphy/ptII/ptolemy/actor/lib/test/auto/expressionCastInference2.xml
----------------- Instantiating /home/travis/build/icyphy/ptII/ptolemy/actor/lib/test/auto/expressionCastInference2.xml
3 ms. Memory: 420864K Free: 336239K (80%)
----------------- Invoking toplevel() on ptolemy.moml.MoMLSimpleApplication@b91e555
----------------- Done invoking toplevel() on ptolemy.moml.MoMLSimpleApplication@b91e555
reloadAllAccessors: .expressionCastInference2

===========================================================================================
----------------- testing Sun Nov 17 06:25:07 UTC 2019 /home/travis/build/icyphy/ptII/ptolemy/actor/lib/test/auto/expressionInference.xml
----------------- Instantiating /home/travis/build/icyphy/ptII/ptolemy/actor/lib/test/auto/expressionInference.xml
2 ms. Memory: 420864K Free: 331629K (79%)
----------------- Invoking toplevel() on ptolemy.moml.MoMLSimpleApplication@6b53a3d0
----------------- Done invoking toplevel() on ptolemy.moml.MoMLSimpleApplication@6b53a3d0
reloadAllAccessors: .expressionInference

===========================================================================================
----------------- testing Sun Nov 17 06:25:07 UTC 2019 /home/travis/build/icyphy/ptII/ptolemy/actor/lib/test/auto/expression_bug.xml
----------------- Instantiating /home/travis/build/icyphy/ptII/ptolemy/actor/lib/test/auto/expression_bug.xml
2 ms. Memory: 420864K Free: 327533K (78%)
----------------- Invoking toplevel() on ptolemy.moml.MoMLSimpleApplication@5c5ebd9a
----------------- Done invoking toplevel() on ptolemy.moml.MoMLSimpleApplication@5c5ebd9a
reloadAllAccessors: .expression_bug

===========================================================================================
----------------- testing Sun Nov 17 06:25:07 UTC 2019 /home/travis/build/icyphy/ptII/ptolemy/actor/lib/test/auto/factorial.xml
----------------- Instantiating /home/travis/build/icyphy/ptII/ptolemy/actor/lib/test/auto/factorial.xml
80 ms. Memory: 420864K Free: 319341K (76%)
----------------- Invoking toplevel() on ptolemy.moml.MoMLSimpleApplication@6df8f54f
----------------- Done invoking toplevel() on ptolemy.moml.MoMLSimpleApplication@6df8f54f
reloadAllAccessors: .factorial

===========================================================================================
----------------- testing Sun Nov 17 06:25:07 UTC 2019 /home/travis/build/icyphy/ptII/ptolemy/actor/lib/test/auto/filterTest1.xml
----------------- Instantiating /home/travis/build/icyphy/ptII/ptolemy/actor/lib/test/auto/filterTest1.xml
6 ms. Memory: 420864K Free: 313183K (74%)
----------------- Invoking toplevel() on ptolemy.moml.MoMLSimpleApplication@98067bf
----------------- Done invoking toplevel() on ptolemy.moml.MoMLSimpleApplication@98067bf
reloadAllAccessors: .filterTest1

===========================================================================================
----------------- testing Sun Nov 17 06:25:07 UTC 2019 /home/travis/build/icyphy/ptII/ptolemy/actor/lib/test/auto/funcApplyInConst.xml
----------------- Instantiating /home/travis/build/icyphy/ptII/ptolemy/actor/lib/test/auto/funcApplyInConst.xml
1 ms. Memory: 420864K Free: 309615K (74%)
----------------- Invoking toplevel() on ptolemy.moml.MoMLSimpleApplication@5227ce77
----------------- Done invoking toplevel() on ptolemy.moml.MoMLSimpleApplication@5227ce77
reloadAllAccessors: .funcApplyInConst

===========================================================================================
----------------- testing Sun Nov 17 06:25:07 UTC 2019 /home/travis/build/icyphy/ptII/ptolemy/actor/lib/test/auto/funcApplyInExpr.xml
----------------- Instantiating /home/travis/build/icyphy/ptII/ptolemy/actor/lib/test/auto/funcApplyInExpr.xml
2 ms. Memory: 420864K Free: 306029K (73%)
----------------- Invoking toplevel() on ptolemy.moml.MoMLSimpleApplication@78ff0e7c
----------------- Done invoking toplevel() on ptolemy.moml.MoMLSimpleApplication@78ff0e7c
reloadAllAccessors: .funcApplyInExpr

===========================================================================================
----------------- testing Sun Nov 17 06:25:07 UTC 2019 /home/travis/build/icyphy/ptII/ptolemy/actor/lib/test/auto/function.xml
----------------- Instantiating /home/travis/build/icyphy/ptII/ptolemy/actor/lib/test/auto/function.xml
4 ms. Memory: 420864K Free: 300909K (71%)
----------------- Invoking toplevel() on ptolemy.moml.MoMLSimpleApplication@5da78fd5
----------------- Done invoking toplevel() on ptolemy.moml.MoMLSimpleApplication@5da78fd5
reloadAllAccessors: .function

===========================================================================================
----------------- testing Sun Nov 17 06:25:07 UTC 2019 /home/travis/build/icyphy/ptII/ptolemy/actor/lib/test/auto/function2.xml
----------------- Instantiating /home/travis/build/icyphy/ptII/ptolemy/actor/lib/test/auto/function2.xml
3 ms. Memory: 420864K Free: 296303K (70%)
----------------- Invoking toplevel() on ptolemy.moml.MoMLSimpleApplication@6dcdc4ae
----------------- Done invoking toplevel() on ptolemy.moml.MoMLSimpleApplication@6dcdc4ae
reloadAllAccessors: .function2

===========================================================================================
----------------- testing Sun Nov 17 06:25:07 UTC 2019 /home/travis/build/icyphy/ptII/ptolemy/actor/lib/test/auto/function3.xml
----------------- Instantiating /home/travis/build/icyphy/ptII/ptolemy/actor/lib/test/auto/function3.xml
3 ms. Memory: 420864K Free: 292717K (70%)
----------------- Invoking toplevel() on ptolemy.moml.MoMLSimpleApplication@3ad6cd31
----------------- Done invoking toplevel() on ptolemy.moml.MoMLSimpleApplication@3ad6cd31
reloadAllAccessors: .function3

===========================================================================================
----------------- testing Sun Nov 17 06:25:07 UTC 2019 /home/travis/build/icyphy/ptII/ptolemy/actor/lib/test/auto/functionClosureTest1.xml
----------------- Instantiating /home/travis/build/icyphy/ptII/ptolemy/actor/lib/test/auto/functionClosureTest1.xml
3 ms. Memory: 420864K Free: 286559K (68%)
----------------- Invoking toplevel() on ptolemy.moml.MoMLSimpleApplication@5e8b6887
----------------- Done invoking toplevel() on ptolemy.moml.MoMLSimpleApplication@5e8b6887
reloadAllAccessors: .functionClosureTest1

===========================================================================================
----------------- testing Sun Nov 17 06:25:08 UTC 2019 /home/travis/build/icyphy/ptII/ptolemy/actor/lib/test/auto/functionClosureTest2.xml
----------------- Instantiating /home/travis/build/icyphy/ptII/ptolemy/actor/lib/test/auto/functionClosureTest2.xml
2 ms. Memory: 420864K Free: 282991K (67%)
----------------- Invoking toplevel() on ptolemy.moml.MoMLSimpleApplication@50993dd7
----------------- Done invoking toplevel() on ptolemy.moml.MoMLSimpleApplication@50993dd7
reloadAllAccessors: .functionClosureTest2

===========================================================================================
----------------- testing Sun Nov 17 06:25:08 UTC 2019 /home/travis/build/icyphy/ptII/ptolemy/actor/lib/test/auto/functionClosureTest3.xml
----------------- Instantiating /home/travis/build/icyphy/ptII/ptolemy/actor/lib/test/auto/functionClosureTest3.xml
2 ms. Memory: 420864K Free: 277871K (66%)
----------------- Invoking toplevel() on ptolemy.moml.MoMLSimpleApplication@1c976d17
----------------- Done invoking toplevel() on ptolemy.moml.MoMLSimpleApplication@1c976d17
reloadAllAccessors: .functionClosureTest3

===========================================================================================
----------------- testing Sun Nov 17 06:25:08 UTC 2019 /home/travis/build/icyphy/ptII/ptolemy/actor/lib/test/auto/functionClosureTest4.xml
----------------- Instantiating /home/travis/build/icyphy/ptII/ptolemy/actor/lib/test/auto/functionClosureTest4.xml
8 ms. Memory: 420864K Free: 271213K (64%)
----------------- Invoking toplevel() on ptolemy.moml.MoMLSimpleApplication@48fffda9
----------------- Done invoking toplevel() on ptolemy.moml.MoMLSimpleApplication@48fffda9
reloadAllAccessors: .functionClosureTest4

===========================================================================================
----------------- testing Sun Nov 17 06:25:08 UTC 2019 /home/travis/build/icyphy/ptII/ptolemy/actor/lib/test/auto/functionClosureTest5.xml
----------------- Instantiating /home/travis/build/icyphy/ptII/ptolemy/actor/lib/test/auto/functionClosureTest5.xml
9 ms. Memory: 420864K Free: 266079K (63%)
----------------- Invoking toplevel() on ptolemy.moml.MoMLSimpleApplication@24daf341
----------------- Done invoking toplevel() on ptolemy.moml.MoMLSimpleApplication@24daf341
reloadAllAccessors: .functionClosureTest5

===========================================================================================
----------------- testing Sun Nov 17 06:25:08 UTC 2019 /home/travis/build/icyphy/ptII/ptolemy/actor/lib/test/auto/functionClosureTest6.xml
----------------- Instantiating /home/travis/build/icyphy/ptII/ptolemy/actor/lib/test/auto/functionClosureTest6.xml
3 ms. Memory: 420864K Free: 261487K (62%)
----------------- Invoking toplevel() on ptolemy.moml.MoMLSimpleApplication@18fdce9a
----------------- Done invoking toplevel() on ptolemy.moml.MoMLSimpleApplication@18fdce9a
reloadAllAccessors: .functionClosureTest6

===========================================================================================
----------------- testing Sun Nov 17 06:25:08 UTC 2019 /home/travis/build/icyphy/ptII/ptolemy/actor/lib/test/auto/functionsOnArcs.xml
----------------- Instantiating /home/travis/build/icyphy/ptII/ptolemy/actor/lib/test/auto/functionsOnArcs.xml
5 ms. Memory: 420864K Free: 255853K (61%)
----------------- Invoking toplevel() on ptolemy.moml.MoMLSimpleApplication@5d7c2d35
----------------- Done invoking toplevel() on ptolemy.moml.MoMLSimpleApplication@5d7c2d35
reloadAllAccessors: .functionsOnArcs

===========================================================================================
----------------- testing Sun Nov 17 06:25:08 UTC 2019 /home/travis/build/icyphy/ptII/ptolemy/actor/lib/test/auto/functionsOnArcsHOF.xml
----------------- Instantiating /home/travis/build/icyphy/ptII/ptolemy/actor/lib/test/auto/functionsOnArcsHOF.xml
5 ms. Memory: 420864K Free: 250223K (59%)
----------------- Invoking toplevel() on ptolemy.moml.MoMLSimpleApplication@1e9efae5
----------------- Done invoking toplevel() on ptolemy.moml.MoMLSimpleApplication@1e9efae5
reloadAllAccessors: .functionsOnArcsHOF

===========================================================================================
----------------- testing Sun Nov 17 06:25:08 UTC 2019 /home/travis/build/icyphy/ptII/ptolemy/actor/lib/test/auto/logic.xml
----------------- Instantiating /home/travis/build/icyphy/ptII/ptolemy/actor/lib/test/auto/logic.xml
3 ms. Memory: 420864K Free: 243055K (58%)
----------------- Invoking toplevel() on ptolemy.moml.MoMLSimpleApplication@7ae64494
----------------- Done invoking toplevel() on ptolemy.moml.MoMLSimpleApplication@7ae64494
reloadAllAccessors: .logic

===========================================================================================
----------------- testing Sun Nov 17 06:25:08 UTC 2019 /home/travis/build/icyphy/ptII/ptolemy/actor/lib/test/auto/matrixType.xml
----------------- Instantiating /home/travis/build/icyphy/ptII/ptolemy/actor/lib/test/auto/matrixType.xml
3 ms. Memory: 420864K Free: 237407K (56%)
----------------- Invoking toplevel() on ptolemy.moml.MoMLSimpleApplication@25d63d31
----------------- Done invoking toplevel() on ptolemy.moml.MoMLSimpleApplication@25d63d31
reloadAllAccessors: .matrixType

===========================================================================================
----------------- testing Sun Nov 17 06:25:08 UTC 2019 /home/travis/build/icyphy/ptII/ptolemy/actor/lib/test/auto/matrixType10.xml
----------------- Instantiating /home/travis/build/icyphy/ptII/ptolemy/actor/lib/test/auto/matrixType10.xml
4 ms. Memory: 420864K Free: 232815K (55%)
----------------- Invoking toplevel() on ptolemy.moml.MoMLSimpleApplication@6256c091
----------------- Done invoking toplevel() on ptolemy.moml.MoMLSimpleApplication@6256c091
reloadAllAccessors: .matrixType10

===========================================================================================
----------------- testing Sun Nov 17 06:25:08 UTC 2019 /home/travis/build/icyphy/ptII/ptolemy/actor/lib/test/auto/matrixType11.xml
----------------- Instantiating /home/travis/build/icyphy/ptII/ptolemy/actor/lib/test/auto/matrixType11.xml
4 ms. Memory: 420864K Free: 227695K (54%)
----------------- Invoking toplevel() on ptolemy.moml.MoMLSimpleApplication@3a33d6f0
----------------- Done invoking toplevel() on ptolemy.moml.MoMLSimpleApplication@3a33d6f0
reloadAllAccessors: .matrixType11

===========================================================================================
----------------- testing Sun Nov 17 06:25:08 UTC 2019 /home/travis/build/icyphy/ptII/ptolemy/actor/lib/test/auto/matrixType12.xml
----------------- Instantiating /home/travis/build/icyphy/ptII/ptolemy/actor/lib/test/auto/matrixType12.xml
4 ms. Memory: 420864K Free: 222575K (53%)
----------------- Invoking toplevel() on ptolemy.moml.MoMLSimpleApplication@65bca245
----------------- Done invoking toplevel() on ptolemy.moml.MoMLSimpleApplication@65bca245
reloadAllAccessors: .matrixType12

===========================================================================================
----------------- testing Sun Nov 17 06:25:08 UTC 2019 /home/travis/build/icyphy/ptII/ptolemy/actor/lib/test/auto/matrixType13.xml
----------------- Instantiating /home/travis/build/icyphy/ptII/ptolemy/actor/lib/test/auto/matrixType13.xml
3 ms. Memory: 420864K Free: 217965K (52%)
----------------- Invoking toplevel() on ptolemy.moml.MoMLSimpleApplication@18bf2740
----------------- Done invoking toplevel() on ptolemy.moml.MoMLSimpleApplication@18bf2740
reloadAllAccessors: .matrixType13

===========================================================================================
----------------- testing Sun Nov 17 06:25:08 UTC 2019 /home/travis/build/icyphy/ptII/ptolemy/actor/lib/test/auto/matrixType14.xml
----------------- Instantiating /home/travis/build/icyphy/ptII/ptolemy/actor/lib/test/auto/matrixType14.xml
4 ms. Memory: 420864K Free: 212845K (51%)
----------------- Invoking toplevel() on ptolemy.moml.MoMLSimpleApplication@474eda2
----------------- Done invoking toplevel() on ptolemy.moml.MoMLSimpleApplication@474eda2
reloadAllAccessors: .matrixType14

===========================================================================================
----------------- testing Sun Nov 17 06:25:08 UTC 2019 /home/travis/build/icyphy/ptII/ptolemy/actor/lib/test/auto/matrixType2.xml
----------------- Instantiating /home/travis/build/icyphy/ptII/ptolemy/actor/lib/test/auto/matrixType2.xml
3 ms. Memory: 420864K Free: 207725K (49%)
----------------- Invoking toplevel() on ptolemy.moml.MoMLSimpleApplication@417469e8
----------------- Done invoking toplevel() on ptolemy.moml.MoMLSimpleApplication@417469e8
reloadAllAccessors: .matrixType2

===========================================================================================
----------------- testing Sun Nov 17 06:25:08 UTC 2019 /home/travis/build/icyphy/ptII/ptolemy/actor/lib/test/auto/matrixType3.xml
----------------- Instantiating /home/travis/build/icyphy/ptII/ptolemy/actor/lib/test/auto/matrixType3.xml
3 ms. Memory: 420864K Free: 203119K (48%)
----------------- Invoking toplevel() on ptolemy.moml.MoMLSimpleApplication@5f691da0
----------------- Done invoking toplevel() on ptolemy.moml.MoMLSimpleApplication@5f691da0
reloadAllAccessors: .matrixType3

===========================================================================================
----------------- testing Sun Nov 17 06:25:08 UTC 2019 /home/travis/build/icyphy/ptII/ptolemy/actor/lib/test/auto/matrixType4.xml
----------------- Instantiating /home/travis/build/icyphy/ptII/ptolemy/actor/lib/test/auto/matrixType4.xml
2 ms. Memory: 420864K Free: 197999K (47%)
----------------- Invoking toplevel() on ptolemy.moml.MoMLSimpleApplication@1e6d4455
----------------- Done invoking toplevel() on ptolemy.moml.MoMLSimpleApplication@1e6d4455
reloadAllAccessors: .matrixType4

===========================================================================================
----------------- testing Sun Nov 17 06:25:08 UTC 2019 /home/travis/build/icyphy/ptII/ptolemy/actor/lib/test/auto/matrixType5.xml
----------------- Instantiating /home/travis/build/icyphy/ptII/ptolemy/actor/lib/test/auto/matrixType5.xml
4 ms. Memory: 420864K Free: 193389K (46%)
----------------- Invoking toplevel() on ptolemy.moml.MoMLSimpleApplication@530a007a
----------------- Done invoking toplevel() on ptolemy.moml.MoMLSimpleApplication@530a007a
reloadAllAccessors: .matrixType5

===========================================================================================
----------------- testing Sun Nov 17 06:25:08 UTC 2019 /home/travis/build/icyphy/ptII/ptolemy/actor/lib/test/auto/matrixType6.xml
----------------- Instantiating /home/travis/build/icyphy/ptII/ptolemy/actor/lib/test/auto/matrixType6.xml
3 ms. Memory: 420864K Free: 188783K (45%)
----------------- Invoking toplevel() on ptolemy.moml.MoMLSimpleApplication@28c1bda4
----------------- Done invoking toplevel() on ptolemy.moml.MoMLSimpleApplication@28c1bda4
reloadAllAccessors: .matrixType6

===========================================================================================
----------------- testing Sun Nov 17 06:25:08 UTC 2019 /home/travis/build/icyphy/ptII/ptolemy/actor/lib/test/auto/matrixType7.xml
----------------- Instantiating /home/travis/build/icyphy/ptII/ptolemy/actor/lib/test/auto/matrixType7.xml
3 ms. Memory: 420864K Free: 183663K (44%)
----------------- Invoking toplevel() on ptolemy.moml.MoMLSimpleApplication@67e5e61
----------------- Done invoking toplevel() on ptolemy.moml.MoMLSimpleApplication@67e5e61
reloadAllAccessors: .matrixType7

===========================================================================================
----------------- testing Sun Nov 17 06:25:08 UTC 2019 /home/travis/build/icyphy/ptII/ptolemy/actor/lib/test/auto/matrixType8.xml
----------------- Instantiating /home/travis/build/icyphy/ptII/ptolemy/actor/lib/test/auto/matrixType8.xml
2 ms. Memory: 420864K Free: 179053K (43%)
----------------- Invoking toplevel() on ptolemy.moml.MoMLSimpleApplication@d7cecc4
----------------- Done invoking toplevel() on ptolemy.moml.MoMLSimpleApplication@d7cecc4
reloadAllAccessors: .matrixType8

===========================================================================================
----------------- testing Sun Nov 17 06:25:08 UTC 2019 /home/travis/build/icyphy/ptII/ptolemy/actor/lib/test/auto/matrixType9.xml
----------------- Instantiating /home/travis/build/icyphy/ptII/ptolemy/actor/lib/test/auto/matrixType9.xml
8 ms. Memory: 420864K Free: 173933K (41%)
----------------- Invoking toplevel() on ptolemy.moml.MoMLSimpleApplication@3dc06231
----------------- Done invoking toplevel() on ptolemy.moml.MoMLSimpleApplication@3dc06231
reloadAllAccessors: .matrixType9

===========================================================================================
----------------- testing Sun Nov 17 06:25:08 UTC 2019 /home/travis/build/icyphy/ptII/ptolemy/actor/lib/test/auto/paraFunctest.xml
----------------- Instantiating /home/travis/build/icyphy/ptII/ptolemy/actor/lib/test/auto/paraFunctest.xml
2 ms. Memory: 420864K Free: 170351K (40%)
----------------- Invoking toplevel() on ptolemy.moml.MoMLSimpleApplication@75c6a218
----------------- Done invoking toplevel() on ptolemy.moml.MoMLSimpleApplication@75c6a218
reloadAllAccessors: .paraFunctest

===========================================================================================
----------------- testing Sun Nov 17 06:25:08 UTC 2019 /home/travis/build/icyphy/ptII/ptolemy/actor/lib/test/auto/paraFunctest2.xml
----------------- Instantiating /home/travis/build/icyphy/ptII/ptolemy/actor/lib/test/auto/paraFunctest2.xml
2 ms. Memory: 420864K Free: 166765K (40%)
----------------- Invoking toplevel() on ptolemy.moml.MoMLSimpleApplication@26da3520
----------------- Done invoking toplevel() on ptolemy.moml.MoMLSimpleApplication@26da3520
reloadAllAccessors: .paraFunctest2

===========================================================================================
----------------- testing Sun Nov 17 06:25:08 UTC 2019 /home/travis/build/icyphy/ptII/ptolemy/actor/lib/test/auto/parameterPassing.xml
----------------- Instantiating /home/travis/build/icyphy/ptII/ptolemy/actor/lib/test/auto/parameterPassing.xml
1 ms. Memory: 420864K Free: 162159K (39%)
----------------- Invoking toplevel() on ptolemy.moml.MoMLSimpleApplication@46aba1e1
----------------- Done invoking toplevel() on ptolemy.moml.MoMLSimpleApplication@46aba1e1
reloadAllAccessors: .parameterPassing

===========================================================================================
----------------- testing Sun Nov 17 06:25:08 UTC 2019 /home/travis/build/icyphy/ptII/ptolemy/actor/lib/test/auto/record.xml
----------------- Instantiating /home/travis/build/icyphy/ptII/ptolemy/actor/lib/test/auto/record.xml
8 ms. Memory: 420864K Free: 157549K (37%)
----------------- Invoking toplevel() on ptolemy.moml.MoMLSimpleApplication@7bda56b1
----------------- Done invoking toplevel() on ptolemy.moml.MoMLSimpleApplication@7bda56b1
reloadAllAccessors: .record

===========================================================================================
----------------- testing Sun Nov 17 06:25:08 UTC 2019 /home/travis/build/icyphy/ptII/ptolemy/actor/lib/test/auto/sizedarray1.xml
----------------- Instantiating /home/travis/build/icyphy/ptII/ptolemy/actor/lib/test/auto/sizedarray1.xml
2 ms. Memory: 420864K Free: 151919K (36%)
----------------- Invoking toplevel() on ptolemy.moml.MoMLSimpleApplication@2bf43417
----------------- Done invoking toplevel() on ptolemy.moml.MoMLSimpleApplication@2bf43417
reloadAllAccessors: .sizedarray1

===========================================================================================
----------------- testing Sun Nov 17 06:25:08 UTC 2019 /home/travis/build/icyphy/ptII/ptolemy/actor/lib/test/auto/sizedarray2.xml
----------------- Instantiating /home/travis/build/icyphy/ptII/ptolemy/actor/lib/test/auto/sizedarray2.xml
4 ms. Memory: 420864K Free: 146799K (35%)
----------------- Invoking toplevel() on ptolemy.moml.MoMLSimpleApplication@740a46cd
----------------- Done invoking toplevel() on ptolemy.moml.MoMLSimpleApplication@740a46cd
reloadAllAccessors: .sizedarray2

===========================================================================================
----------------- testing Sun Nov 17 06:25:08 UTC 2019 /home/travis/build/icyphy/ptII/ptolemy/actor/lib/test/auto/twoPublishers.xml
----------------- Instantiating /home/travis/build/icyphy/ptII/ptolemy/actor/lib/test/auto/twoPublishers.xml
8 ms. Memory: 420864K Free: 136559K (32%)
----------------- Invoking toplevel() on ptolemy.moml.MoMLSimpleApplication@342b029
----------------- Done invoking toplevel() on ptolemy.moml.MoMLSimpleApplication@342b029
reloadAllAccessors: .twoPublishers
AutoTests.java: About to close Vertx.
AutoTests.java: Vertx closed.
]]></system-out>
  <system-err><![CDATA[java.lang.RuntimeException: Execution failed
	at ptolemy.moml.MoMLSimpleApplication$UnloadThread.run(MoMLSimpleApplication.java:402)
Caused by: java.lang.RuntimeException: StringUtilities.exit() was called. Normally, we would exit here because Manager.exitAfterWrapup() was called.  However, because the ptolemy.ptII.exitAfterWrapup property is set, we throw this exception instead.
	at ptolemy.util.StringUtilities.exit(StringUtilities.java:365)
	at ptolemy.actor.Manager.wrapup(Manager.java:1549)
	at ptolemy.actor.Manager.execute(Manager.java:407)
	at ptolemy.actor.Manager.run(Manager.java:1263)
	at ptolemy.actor.Manager$PtolemyRunThread.run(Manager.java:1933)
Warning: '.top.test' is in training mode, set the trainingMode parameter to false before checking in
Warning: '.top.test' is in training mode, set the trainingMode parameter to false before checking in
Warning: '.top.test' is in training mode, set the trainingMode parameter to false before checking in
Warning: '.BooleanSwitch_RegressionTest_WrongTrainingValues.Test' is in training mode, set the trainingMode parameter to false before checking in
Warning: '.BooleanSwitch_RegressionTest_WrongTrainingValues.Test2' is in training mode, set the trainingMode parameter to false before checking in
Warning: '.BooleanSwitch_RegressionTest_WrongTrainingValues.Test2' The test produced 0 tokens.
Warning: '.top.testExceptionHandler' is in training mode, set the trainingMode parameter to false before checking in
java.lang.RuntimeException: Execution failed
	at ptolemy.moml.MoMLSimpleApplication$UnloadThread.run(MoMLSimpleApplication.java:402)
Caused by: ptolemy.kernel.util.IllegalActionException: PublisherPorts cannot be used at the top level, use a Publisher actor instead.
  in .PublisherPortToplevelSubscriber.PublisherPort
	at ptolemy.actor.PublisherPort.preinitialize(PublisherPort.java:403)
	at ptolemy.actor.CompositeActor.preinitialize(CompositeActor.java:1769)
	at ptolemy.actor.Manager.preinitializeAndResolveTypes(Manager.java:1040)
	at ptolemy.actor.Manager.initialize(Manager.java:710)
	at ptolemy.actor.Manager.execute(Manager.java:356)
	at ptolemy.actor.Manager.run(Manager.java:1263)
	at ptolemy.actor.Manager$PtolemyRunThread.run(Manager.java:1933)
java.lang.reflect.InvocationTargetException
	at java.base/jdk.internal.reflect.NativeConstructorAccessorImpl.newInstance0(Native Method)
	at java.base/jdk.internal.reflect.NativeConstructorAccessorImpl.newInstance(NativeConstructorAccessorImpl.java:62)
	at java.base/jdk.internal.reflect.DelegatingConstructorAccessorImpl.newInstance(DelegatingConstructorAccessorImpl.java:45)
	at java.base/java.lang.reflect.Constructor.newInstance(Constructor.java:490)
	at ptolemy.util.test.junit.AutoKnownFailedTests.RunModel(AutoKnownFailedTests.java:105)
	at java.base/jdk.internal.reflect.NativeMethodAccessorImpl.invoke0(Native Method)
	at java.base/jdk.internal.reflect.NativeMethodAccessorImpl.invoke(NativeMethodAccessorImpl.java:62)
	at java.base/jdk.internal.reflect.DelegatingMethodAccessorImpl.invoke(DelegatingMethodAccessorImpl.java:43)
	at java.base/java.lang.reflect.Method.invoke(Method.java:566)
	at org.junit.runners.model.FrameworkMethod$1.runReflectiveCall(FrameworkMethod.java:44)
	at org.junit.internal.runners.model.ReflectiveCallable.run(ReflectiveCallable.java:15)
	at org.junit.runners.model.FrameworkMethod.invokeExplosively(FrameworkMethod.java:41)
	at junitparams.internal.InvokeParameterisedMethod.evaluate(InvokeParameterisedMethod.java:102)
	at org.junit.internal.runners.statements.FailOnTimeout$1.run(FailOnTimeout.java:28)
Caused by: ptolemy.kernel.util.IllegalActionException: PublisherPorts cannot be used at the top level, use a Publisher actor instead.
  in .PublisherPortToplevelSubscriber.PublisherPort
	at ptolemy.actor.PublisherPort.preinitialize(PublisherPort.java:403)
	at ptolemy.actor.CompositeActor.preinitialize(CompositeActor.java:1769)
	at ptolemy.actor.Manager.preinitializeAndResolveTypes(Manager.java:1040)
	at ptolemy.actor.Manager.initialize(Manager.java:710)
	at ptolemy.actor.Manager.execute(Manager.java:356)
	at ptolemy.actor.Manager.run(Manager.java:1263)
	at ptolemy.actor.Manager$PtolemyRunThread.run(Manager.java:1933)
java.lang.RuntimeException: Execution failed
	at ptolemy.moml.MoMLSimpleApplication$UnloadThread.run(MoMLSimpleApplication.java:402)
Caused by: ptolemy.kernel.util.IllegalActionException: SubscriberPorts cannot be used at the top level, use a Subscriber actor instead.
  in .PublisherSubscriberPortToplevel.SubscriberPort
	at ptolemy.actor.SubscriberPort.preinitialize(SubscriberPort.java:328)
	at ptolemy.actor.CompositeActor.preinitialize(CompositeActor.java:1769)
	at ptolemy.actor.Manager.preinitializeAndResolveTypes(Manager.java:1040)
	at ptolemy.actor.Manager.initialize(Manager.java:710)
	at ptolemy.actor.Manager.execute(Manager.java:356)
	at ptolemy.actor.Manager.run(Manager.java:1263)
	at ptolemy.actor.Manager$PtolemyRunThread.run(Manager.java:1933)
java.lang.reflect.InvocationTargetException
	at java.base/jdk.internal.reflect.NativeConstructorAccessorImpl.newInstance0(Native Method)
	at java.base/jdk.internal.reflect.NativeConstructorAccessorImpl.newInstance(NativeConstructorAccessorImpl.java:62)
	at java.base/jdk.internal.reflect.DelegatingConstructorAccessorImpl.newInstance(DelegatingConstructorAccessorImpl.java:45)
	at java.base/java.lang.reflect.Constructor.newInstance(Constructor.java:490)
	at ptolemy.util.test.junit.AutoKnownFailedTests.RunModel(AutoKnownFailedTests.java:105)
	at java.base/jdk.internal.reflect.NativeMethodAccessorImpl.invoke0(Native Method)
	at java.base/jdk.internal.reflect.NativeMethodAccessorImpl.invoke(NativeMethodAccessorImpl.java:62)
	at java.base/jdk.internal.reflect.DelegatingMethodAccessorImpl.invoke(DelegatingMethodAccessorImpl.java:43)
	at java.base/java.lang.reflect.Method.invoke(Method.java:566)
	at org.junit.runners.model.FrameworkMethod$1.runReflectiveCall(FrameworkMethod.java:44)
	at org.junit.internal.runners.model.ReflectiveCallable.run(ReflectiveCallable.java:15)
	at org.junit.runners.model.FrameworkMethod.invokeExplosively(FrameworkMethod.java:41)
	at junitparams.internal.InvokeParameterisedMethod.evaluate(InvokeParameterisedMethod.java:102)
	at org.junit.internal.runners.statements.FailOnTimeout$1.run(FailOnTimeout.java:28)
Caused by: ptolemy.kernel.util.IllegalActionException: SubscriberPorts cannot be used at the top level, use a Subscriber actor instead.
  in .PublisherSubscriberPortToplevel.SubscriberPort
	at ptolemy.actor.SubscriberPort.preinitialize(SubscriberPort.java:328)
	at ptolemy.actor.CompositeActor.preinitialize(CompositeActor.java:1769)
	at ptolemy.actor.Manager.preinitializeAndResolveTypes(Manager.java:1040)
	at ptolemy.actor.Manager.initialize(Manager.java:710)
	at ptolemy.actor.Manager.execute(Manager.java:356)
	at ptolemy.actor.Manager.run(Manager.java:1263)
	at ptolemy.actor.Manager$PtolemyRunThread.run(Manager.java:1933)
java.lang.RuntimeException: Execution failed
	at ptolemy.moml.MoMLSimpleApplication$UnloadThread.run(MoMLSimpleApplication.java:402)
Caused by: ptolemy.kernel.util.IllegalActionException: SubscriptionAggregatorPorts cannot be used at the top level, use a SubscriptionAggregator actor instead.
  in .PublisherSubscriptionAggregatorPort.SubscriptionAggregatorPort
	at ptolemy.actor.SubscriptionAggregatorPort.preinitialize(SubscriptionAggregatorPort.java:353)
	at ptolemy.actor.CompositeActor.preinitialize(CompositeActor.java:1769)
	at ptolemy.actor.Manager.preinitializeAndResolveTypes(Manager.java:1040)
	at ptolemy.actor.Manager.initialize(Manager.java:710)
	at ptolemy.actor.Manager.execute(Manager.java:356)
	at ptolemy.actor.Manager.run(Manager.java:1263)
	at ptolemy.actor.Manager$PtolemyRunThread.run(Manager.java:1933)
java.lang.reflect.InvocationTargetException
	at java.base/jdk.internal.reflect.NativeConstructorAccessorImpl.newInstance0(Native Method)
	at java.base/jdk.internal.reflect.NativeConstructorAccessorImpl.newInstance(NativeConstructorAccessorImpl.java:62)
	at java.base/jdk.internal.reflect.DelegatingConstructorAccessorImpl.newInstance(DelegatingConstructorAccessorImpl.java:45)
	at java.base/java.lang.reflect.Constructor.newInstance(Constructor.java:490)
	at ptolemy.util.test.junit.AutoKnownFailedTests.RunModel(AutoKnownFailedTests.java:105)
	at java.base/jdk.internal.reflect.NativeMethodAccessorImpl.invoke0(Native Method)
	at java.base/jdk.internal.reflect.NativeMethodAccessorImpl.invoke(NativeMethodAccessorImpl.java:62)
	at java.base/jdk.internal.reflect.DelegatingMethodAccessorImpl.invoke(DelegatingMethodAccessorImpl.java:43)
	at java.base/java.lang.reflect.Method.invoke(Method.java:566)
	at org.junit.runners.model.FrameworkMethod$1.runReflectiveCall(FrameworkMethod.java:44)
	at org.junit.internal.runners.model.ReflectiveCallable.run(ReflectiveCallable.java:15)
	at org.junit.runners.model.FrameworkMethod.invokeExplosively(FrameworkMethod.java:41)
	at junitparams.internal.InvokeParameterisedMethod.evaluate(InvokeParameterisedMethod.java:102)
	at org.junit.internal.runners.statements.FailOnTimeout$1.run(FailOnTimeout.java:28)
Caused by: ptolemy.kernel.util.IllegalActionException: SubscriptionAggregatorPorts cannot be used at the top level, use a SubscriptionAggregator actor instead.
  in .PublisherSubscriptionAggregatorPort.SubscriptionAggregatorPort
	at ptolemy.actor.SubscriptionAggregatorPort.preinitialize(SubscriptionAggregatorPort.java:353)
	at ptolemy.actor.CompositeActor.preinitialize(CompositeActor.java:1769)
	at ptolemy.actor.Manager.preinitializeAndResolveTypes(Manager.java:1040)
	at ptolemy.actor.Manager.initialize(Manager.java:710)
	at ptolemy.actor.Manager.execute(Manager.java:356)
	at ptolemy.actor.Manager.run(Manager.java:1263)
	at ptolemy.actor.Manager$PtolemyRunThread.run(Manager.java:1933)
java.lang.RuntimeException: Execution failed
	at ptolemy.moml.MoMLSimpleApplication$UnloadThread.run(MoMLSimpleApplication.java:402)
Caused by: ptolemy.kernel.util.IllegalActionException: TypeTest actor has no training data.
  in .sizedarray3.TypeTest
	at ptolemy.actor.lib.TypeTest.initialize(TypeTest.java:250)
	at ptolemy.actor.Director.initialize(Director.java:938)
	at ptolemy.actor.Director.initialize(Director.java:907)
	at ptolemy.actor.sched.StaticSchedulingDirector.initialize(StaticSchedulingDirector.java:159)
	at ptolemy.domains.sdf.kernel.SDFDirector.initialize(SDFDirector.java:544)
	at ptolemy.actor.CompositeActor.initialize(CompositeActor.java:935)
	at ptolemy.actor.Manager.initialize(Manager.java:724)
	at ptolemy.actor.Manager.execute(Manager.java:356)
	at ptolemy.actor.Manager.run(Manager.java:1263)
	at ptolemy.actor.Manager$PtolemyRunThread.run(Manager.java:1933)
java.lang.reflect.InvocationTargetException
	at java.base/jdk.internal.reflect.NativeConstructorAccessorImpl.newInstance0(Native Method)
	at java.base/jdk.internal.reflect.NativeConstructorAccessorImpl.newInstance(NativeConstructorAccessorImpl.java:62)
	at java.base/jdk.internal.reflect.DelegatingConstructorAccessorImpl.newInstance(DelegatingConstructorAccessorImpl.java:45)
	at java.base/java.lang.reflect.Constructor.newInstance(Constructor.java:490)
	at ptolemy.util.test.junit.AutoKnownFailedTests.RunModel(AutoKnownFailedTests.java:105)
	at java.base/jdk.internal.reflect.NativeMethodAccessorImpl.invoke0(Native Method)
	at java.base/jdk.internal.reflect.NativeMethodAccessorImpl.invoke(NativeMethodAccessorImpl.java:62)
	at java.base/jdk.internal.reflect.DelegatingMethodAccessorImpl.invoke(DelegatingMethodAccessorImpl.java:43)
	at java.base/java.lang.reflect.Method.invoke(Method.java:566)
	at org.junit.runners.model.FrameworkMethod$1.runReflectiveCall(FrameworkMethod.java:44)
	at org.junit.internal.runners.model.ReflectiveCallable.run(ReflectiveCallable.java:15)
	at org.junit.runners.model.FrameworkMethod.invokeExplosively(FrameworkMethod.java:41)
	at junitparams.internal.InvokeParameterisedMethod.evaluate(InvokeParameterisedMethod.java:102)
	at org.junit.internal.runners.statements.FailOnTimeout$1.run(FailOnTimeout.java:28)
Caused by: ptolemy.kernel.util.IllegalActionException: TypeTest actor has no training data.
  in .sizedarray3.TypeTest
	at ptolemy.actor.lib.TypeTest.initialize(TypeTest.java:250)
	at ptolemy.actor.Director.initialize(Director.java:938)
	at ptolemy.actor.Director.initialize(Director.java:907)
	at ptolemy.actor.sched.StaticSchedulingDirector.initialize(StaticSchedulingDirector.java:159)
	at ptolemy.domains.sdf.kernel.SDFDirector.initialize(SDFDirector.java:544)
	at ptolemy.actor.CompositeActor.initialize(CompositeActor.java:935)
	at ptolemy.actor.Manager.initialize(Manager.java:724)
	at ptolemy.actor.Manager.execute(Manager.java:356)
	at ptolemy.actor.Manager.run(Manager.java:1263)
	at ptolemy.actor.Manager$PtolemyRunThread.run(Manager.java:1933)
]]></system-err>
</testsuite>
