<?xml version="1.0" encoding="UTF-8" ?>
<testsuite errors="0" failures="0" hostname="travis-job-89fc5a8b-7f09-4927-adc5-a14ec7b538f4" name="ptolemy.actor.lib.test.junit.JUnitTclTest" skipped="0" tests="517" time="59.885" timestamp="2018-10-15T02:30:33">
  <properties>
    <property name="npm.executable" value="npm" />
    <property name="file.encoding.pkg" value="sun.io" />
    <property name="env.TRAVIS_ROOT" value="/" />
    <property name="ptII.mk.exists" value="true" />
    <property name="env.TRAVIS_APP_HOST" value="build.travis-ci.org" />
    <property name="env.rvm_bin_path" value="/home/travis/.rvm/bin" />
    <property name="java.home" value="/usr/lib/jvm/java-8-oracle/jre" />
    <property name="env.TRAVIS_JOB_NUMBER" value="779.8" />
    <property name="env.TRAVIS_HOME" value="/home/travis" />
    <property name="env.DISPLAY" value=":99.0" />
    <property name="java.net.preferIPv4Stack" value="true" />
    <property name="env.TRAVIS_INIT" value="upstart" />
    <property name="env.SSH_TTY" value="/dev/pts/0" />
    <property name="env.RUN_TESTS" value="false" />
    <property name="timeout.short" value="1000000" />
    <property name="env.TRAVIS_STACK_NODE_ATTRIBUTES" value="/.node-attributes.yml" />
    <property name="junit.formatter" value="xml" />
    <property name="java.endorsed.dirs" value="/usr/lib/jvm/java-8-oracle/jre/lib/endorsed" />
    <property name="env.TRAVIS_SUDO" value="true" />
    <property name="env.LOGNAME" value="travis" />
    <property name="env.PT_TRAVIS_TEST_CORE1_XML" value="true" />
    <property name="jsdoc.home" value="node_modules/@terraswarm/jsdoc" />
    <property name="debuglevel" value="source,lines,vars" />
    <property name="checkstyle.formatter" value="xml" />
    <property name="bin.vergil.makeable" value="true" />
    <property name="env._system_version" value="14.04" />
    <property name="sun.os.patch.level" value="unknown" />
    <property name="java.vendor.url" value="http://java.oracle.com/" />
    <property name="env.TRAVIS_BUILD_WEB_URL" value="https://travis-ci.org/icyphy/ptII/builds/441455079" />
    <property name="java.version" value="1.8.0_151" />
    <property name="env.TZ" value="UTC" />
    <property name="env.PT_NO_NET" value="true" />
    <property name="env.TRAVIS_PULL_REQUEST_SHA" value="" />
    <property name="env.TRAVIS_SECURE_ENV_VARS" value="true" />
    <property name="env._system_type" value="Linux" />
    <property name="java.vendor.url.bug" value="http://bugreport.sun.com/bugreport/" />
    <property name="env.SSH_CLIENT" value="10.10.4.75 37648 22" />
    <property name="npmjs-org-is-up" value="true" />
    <property name="env.GEM_HOME" value="/home/travis/.rvm/gems/ruby-2.4.1" />
    <property name="env.HAS_ANTARES_THREE_LITTLE_FRONZIES_BADGE" value="true" />
    <property name="env.PS4" value="+" />
    <property name="ant.project.invoked-targets" value="build,test.core1.xml" />
    <property name="env.TRAVIS_PULL_REQUEST_BRANCH" value="" />
    <property name="env.TRAVIS_REPO_SLUG" value="icyphy/ptII" />
    <property name="node.in.path" value="true" />
    <property name="java.maxmemory" value="1400m" />
    <property name="env.RUBY_VERSION" value="ruby-2.4.1" />
    <property name="user.name" value="travis" />
    <property name="env.LANG" value="en_US.UTF-8" />
    <property name="sun.io.unicode.encoding" value="UnicodeLittle" />
    <property name="sun.jnu.encoding" value="UTF-8" />
    <property name="java.runtime.name" value="Java(TM) SE Runtime Environment" />
    <property name="usefile" value="false" />
    <property name="return.code" value="0" />
    <property name="junit.single.formatter" value="plain" />
    <property name="env.DEBIAN_FRONTEND" value="noninteractive" />
    <property name="env.SSH_CONNECTION" value="10.10.4.75 37648 10.20.0.187 22" />
    <property name="env.MYSQL_UNIX_PORT" value="/var/run/mysqld/mysqld.sock" />
    <property name="env.TRAVIS_ALLOW_FAILURE" value="false" />
    <property name="env.LC_ALL" value="en_US.UTF-8" />
    <property name="env.TRAVIS_JOB_WEB_URL" value="https://travis-ci.org/icyphy/ptII/jobs/441455089" />
    <property name="java.specification.name" value="Java Platform API Specification" />
    <property name="node.works" value="true" />
    <property name="user.timezone" value="" />
    <property name="path.separator" value=":" />
    <property name="env.TRAVIS_ENABLE_INFRA_DETECTION" value="true" />
    <property name="env.PYTHON_CFLAGS" value="-g -fstack-protector --param=ssp-buffer-size=4 -Wformat -Werror=format-security" />
    <property name="timeout.long" value="4000000" />
    <property name="file.encoding" value="UTF-8" />
    <property name="ant.file.ptII" value="/home/travis/build/icyphy/ptII/build.xml" />
    <property name="javadoc.packagenames" value="com.*,diva.*,lbnl.*,org.hlacerti.*,org.json.*,org.ptolemy.*,org.terraswarm.*,ptolemy.*,ptserver.*" />
    <property name="env.TRAVIS_PULL_REQUEST_SLUG" value="" />
    <property name="ant.project.default-target" value="build" />
    <property name="env.GIT_ASKPASS" value="echo" />
    <property name="env.HOME" value="/home/travis" />
    <property name="sun.java.command" value="org.apache.tools.ant.taskdefs.optional.junit.JUnitTestRunner ptolemy.actor.lib.test.junit.JUnitTclTest skipNonTests=false filtertrace=true haltOnError=false haltOnFailure=false formatter=org.apache.tools.ant.taskdefs.optional.junit.OutErrSummaryJUnitResultFormatter showoutput=true outputtoformatters=true logfailedtests=true threadid=0 logtestlistenerevents=false formatter=org.apache.tools.ant.taskdefs.optional.junit.XMLJUnitResultFormatter,/home/travis/build/icyphy/ptII/reports/junit/TEST-ptolemy.actor.lib.test.junit.JUnitTclTest.xml crashfile=/home/travis/build/icyphy/ptII/junitvmwatcher2847186069780050320.properties propsfile=/home/travis/build/icyphy/ptII/junit2333365558418813072.properties" />
    <property name="env.MANPATH" value="/home/travis/.nvm/versions/node/v7.10.1/share/man:/home/travis/.kiex/elixirs/elixir-1.4.5/man:/home/travis/.rvm/rubies/ruby-2.4.1/share/man:/usr/local/man:/usr/local/cmake-3.9.2/man:/usr/local/clang-5.0.0/share/man:/usr/local/share/man:/usr/share/man:/home/travis/.rvm/man" />
    <property name="env.COMPOSER_NO_INTERACTION" value="1" />
    <property name="env.JDK_SWITCHER_DEFAULT" value="oraclejdk8" />
    <property name="env.TRAVIS_TIMER_ID" value="27d46118" />
    <property name="ant.file" value="/home/travis/build/icyphy/ptII/build.xml" />
    <property name="env.TRAVIS_COMMIT_RANGE" value="b01a34368636b71fc0214d6f1d4a9e008037287b...46fa5ae4eb0d551c71416d2b77857ba193c9edae" />
    <property name="env._system_name" value="Ubuntu" />
    <property name="timeout" value="2400000" />
    <property name="ptII.classpath.optional.property" value="/home/travis/build/icyphy/ptII/lib/bsh-2.0b4.jar:/home/travis/build/icyphy/ptII/lib/ptCal.jar:/home/travis/build/icyphy/ptII/lib/java_cup.jar:/home/travis/build/icyphy/ptII/lib/saxon8.jar:/home/travis/build/icyphy/ptII/lib/saxon8-dom.jar:/home/travis/build/icyphy/ptII/lib/chic.jar:/home/travis/build/icyphy/ptII/lib/ptcolt.jar:/usr/lib/jvm/java-8-oracle/lib/tools.jar:/usr/lib/eclipse/plugins/org.eclipse.jdt.core_3.8.2.dist.jar:/usr/lib/eclipse/plugins/org.eclipse.core.runtime_3.8.0.dist.jar:/usr/lib/eclipse/plugins/org.eclipse.osgi_3.8.1.dist.jar:/usr/lib/eclipse/plugins/org.eclipse.core.resources_3.8.1.dist.jar:/usr/lib/eclipse/plugins/org.eclipse.equinox.common_3.6.100.dist.jar:/usr/lib/eclipse/plugins/org.eclipse.core.jobs_3.5.200.dist.jar:/usr/lib/eclipse/plugins/org.eclipse.core.contenttype_3.4.200.dist.jar:/usr/lib/eclipse/plugins/org.eclipse.equinox.preferences_3.5.0.dist.jar:/usr/lib/eclipse/plugins/org.eclipse.text_3.5.200.dist.jar:/usr/lib/eclipse/plugins/org.eclipse.ui.workbench_3.8.1.dist.jar:/usr/lib/eclipse/plugins/org.eclipse.jface_3.8.0.dist.jar:/usr/lib/eclipse/plugins/org.eclipse.swt_3.8.2.jar:/usr/lib/eclipse/plugins/org.eclipse.jface.text_3.8.1.dist.jar:/usr/lib/eclipse/plugins/org.eclipse.ui.workbench.texteditor_3.8.0.dist.jar:/usr/lib/eclipse/plugins/org.eclipse.ui.editors_3.8.0.dist.jar:/usr/lib/eclipse/plugins/org.eclipse.core.commands_3.6.1.dist.jar:/usr/lib/eclipse/plugins/org.eclipse.equinox.registry_3.5.200.dist.jar:/usr/lib/eclipse/plugins/org.eclipse.ui.console_3.5.100.dist.jar:/usr/lib/eclipse/plugins/org.eclipse.ui.forms_3.5.200.dist.jar:/usr/lib/eclipse/plugins/org.eclipse.ui.ide_3.8.1.dist.jar:/home/travis/build/icyphy/ptII/vendors/oracle/dbxml.jar:/home/travis/build/icyphy/ptII/vendors/oracle/db.jar:/home/travis/build/icyphy/ptII/vendors/misc/itext/iText.jar:/home/travis/build/icyphy/ptII/lib/g4ltl.jar:/home/travis/build/icyphy/ptII/lib/StructuralCoder.jar:/home/travis/build/icyphy/ptII/lib/org-openide-util.jar:/home/travis/build/icyphy/ptII/lib/org-openide-util-lookup.jar:/home/travis/build/icyphy/ptII/lib/org-netbeans-api-visual.jar:/home/travis/build/icyphy/ptII/vendors/jai-1_1_2_01/lib/jai_core.jar:/home/travis/build/icyphy/ptII/vendors/jai-1_1_2_01/lib/jai_codec.jar:/home/travis/build/icyphy/ptII/lib/jcerti.jar:/home/travis/build/icyphy/ptII/lib/smack.jar:/home/travis/build/icyphy/ptII/lib/smackx.jar:/home/travis/build/icyphy/ptII/lib/jetty-all-8.1.5-v20120716.jar:/home/travis/build/icyphy/ptII/lib/javax.servlet-api-3.0.1.jar:/home/travis/build/icyphy/ptII/lib/javax.mail.jar:/home/travis/build/icyphy/ptII/vendors/JMF-2.1.1e/lib/jmf.jar:/home/travis/build/icyphy/ptII/lib/jna-4.0.0-variadic.jar:/home/travis/build/icyphy/ptII/vendors/misc/joystick/Joystick.jar:/home/travis/build/icyphy/ptII/lib/ptjacl.jar:/home/travis/build/icyphy/ptII/lib/jsoup-1.8.2.jar:/home/travis/build/icyphy/ptII/lib/junit-4.8.2.jar:/home/travis/build/icyphy/ptII/lib/JUnitParams-0.4.0.jar:/home/travis/build/icyphy/ptII/ptolemy/actor/lib/excel/jxl.jar:/home/travis/build/icyphy/ptII/lib/jython.jar:/home/travis/build/icyphy/ptII/lib/kieler.jar:/home/travis/build/icyphy/ptII/vendors/opencv/share/OpenCV/java/opencv-341.jar:/home/travis/build/icyphy/ptII/lib/oscP5.jar:/home/travis/build/icyphy/ptII/lib/nrjavaserial-3.11.0.devel.jar:/home/travis/build/icyphy/ptII/vendors/j3d/lib/j3dcore.jar:/home/travis/build/icyphy/ptII/vendors/j3d/lib/j3dutils.jar:/home/travis/build/icyphy/ptII/vendors/j3d/lib/vecmath.jar:/home/travis/build/icyphy/ptII/ptolemy/distributed/jini/jar/jini-core.jar:/home/travis/build/icyphy/ptII/ptolemy/distributed/jini/jar/jini-ext.jar:/home/travis/build/icyphy/ptII/ptolemy/distributed/jini/jar/sun-util.jar:/home/travis/build/icyphy/ptII/lib/protobuf-java-2.4.1.jar:/home/travis/build/icyphy/ptII/lib/org.eclipse.paho.client.mqttv3.jar:/home/travis/build/icyphy/ptII/ptserver/lib/hessian-4.0.7.jar:/home/travis/build/icyphy/ptII/ptserver/lib/wmqtt.jar:/home/travis/build/icyphy/ptII/lib/mapss.jar:/home/travis/build/icyphy/ptII/ptolemy/actor/ptalon/antlr/antlr.jar:/home/travis/build/icyphy/ptII/lib/JRI.jar:/home/travis/build/icyphy/ptII/lib/commons-lang-2.6.jar:/home/travis/build/icyphy/ptII/lib/commons-logging-1.1.1.jar:/home/travis/build/icyphy/ptII/lib/sootclasses.jar:/home/travis/build/icyphy/ptII/ptolemy/actor/lib/database/mysql-connector-java-5.1.6-bin.jar:/home/travis/build/icyphy/ptII/vendors/misc/sphinx4/sphinx4-data-5prealpha.jar:/home/travis/build/icyphy/ptII/vendors/misc/sphinx4/sphinx4-core-5prealpha.jar:/home/travis/build/icyphy/ptII/lib/PDFRenderer.jar:/home/travis/build/icyphy/ptII/lib/svgSalamander.jar:/home/travis/build/icyphy/ptII/lib/rsyntaxtextarea-2.6.0-SNAPSHOT.jar:/home/travis/build/icyphy/ptII/lib/hazelcast-3.8.2.jar:/home/travis/build/icyphy/ptII/lib/jackson-annotations-2.9.0.jar:/home/travis/build/icyphy/ptII/lib/jackson-core-2.9.3.jar:/home/travis/build/icyphy/ptII/lib/jackson-databind-2.9.3.jar:/home/travis/build/icyphy/ptII/lib/netty-buffer-4.1.19.Final.jar:/home/travis/build/icyphy/ptII/lib/netty-codec-4.1.19.Final.jar:/home/travis/build/icyphy/ptII/lib/netty-codec-dns-4.1.19.Final.jar:/home/travis/build/icyphy/ptII/lib/netty-codec-http-4.1.19.Final.jar:/home/travis/build/icyphy/ptII/lib/netty-codec-http2-4.1.19.Final.jar:/home/travis/build/icyphy/ptII/lib/netty-common-4.1.19.Final.jar:/home/travis/build/icyphy/ptII/lib/netty-handler-4.1.19.Final.jar:/home/travis/build/icyphy/ptII/lib/netty-resolver-4.1.19.Final.jar:/home/travis/build/icyphy/ptII/lib/netty-resolver-dns-4.1.19.Final.jar:/home/travis/build/icyphy/ptII/lib/netty-transport-4.1.19.Final.jar:/home/travis/build/icyphy/ptII/lib/vertx-codegen-3.5.1.jar:/home/travis/build/icyphy/ptII/lib/vertx-core-3.5.2-SNAPSHOT.jar:/home/travis/build/icyphy/ptII/lib/vertx-hazelcast-3.5.1.jar:/home/travis/build/icyphy/ptII/lib/vertx-lang-js-3.5.1.jar:/home/travis/build/icyphy/ptII/lib/vertx-service-proxy-3.5.1.jar:/home/travis/build/icyphy/ptII/lib/vertx-web-3.5.1.jar:/home/travis/build/icyphy/ptII/lib/slf4j-api-1.7.13.jar:/home/travis/build/icyphy/ptII/lib/slf4j-simple-1.7.13.jar:/home/travis/build/icyphy/ptII/lib/webcam-capture-0.3.12.jar:/home/travis/build/icyphy/ptII/lib/bridj-0.7.0.jar:/home/travis/build/icyphy/ptII/lib/xbjlib-1.1.0.nrjavaserial.jar" />
    <property name="test.batch" value="**/junit/*.java" />
    <property name="env._" value="/usr/bin/timeout" />
    <property name="java.io.tmpdir" value="/tmp" />
    <property name="env.TRAVIS_INTERNAL_RUBY_REGEX" value="^ruby-(2\.[0-2]\.[0-9]|1\.9\.3)" />
    <property name="user.language" value="en" />
    <property name="env.HISTCONTROL" value="ignoredups:ignorespace" />
    <property name="env.GOROOT" value="/home/travis/.gimme/versions/go1.7.4.linux.amd64" />
    <property name="line.separator" value="&#xa;" />
    <property name="target" value="1.8" />
    <property name="env.TRAVIS_BUILD_DIR" value="/home/travis/build/icyphy/ptII" />
    <property name="env.ANT_OPTS" value="-Xmx2048m" />
    <property name="ant.file.type" value="file" />
    <property name="ptolemy.ptII.batchMode" value="true" />
    <property name="env.HISTSIZE" value="1000" />
    <property name="env.MERB_ENV" value="test" />
    <property name="java.vm.info" value="mixed mode" />
    <property name="source" value="1.8" />
    <property name="java.vm.specification.name" value="Java Virtual Machine Specification" />
    <property name="env.TRAVIS_TEST_RESULT" value="0" />
    <property name="jsdoc.command" value="node_modules/@terraswarm/jsdoc/jsdoc.js" />
    <property name="npm.works" value="true" />
    <property name="cobertura.dir" value="/home/travis/build/icyphy/ptII/vendors/cobertura-2.0.3" />
    <property name="env.rvm_path" value="/home/travis/.rvm" />
    <property name="env.GEM_PATH" value="/home/travis/.rvm/gems/ruby-2.4.1:/home/travis/.rvm/gems/ruby-2.4.1@global" />
    <property name="env.LC_CTYPE" value="en_US.UTF-8" />
    <property name="java.awt.printerjob" value="sun.print.PSPrinterJob" />
    <property name="env.TRAVIS_CMD" value="$PTII/bin/ptIITravisBuild.sh $SECONDS" />
    <property name="env.TRAVIS_STACK_NAME" value="garnet" />
    <property name="env.TRAVIS_TIMER_START_TIME" value="1539570280167770462" />
    <property name="ant.version" value="Apache Ant(TM) version 1.10.1 compiled on February 2 2017" />
    <property name="ptII.reports" value="/home/travis/build/icyphy/ptII/reports" />
    <property name="env.TRAVIS_STACK_TIMESTAMP" value="2017-12-05 19:33:09 UTC" />
    <property name="ant.file.type.ptII" value="file" />
    <property name="env.RBENV_SHELL" value="bash" />
    <property name="os.name" value="Linux" />
    <property name="java.specification.vendor" value="Oracle Corporation" />
    <property name="env.rvm_version" value="1.29.3 (latest)" />
    <property name="env.TRAVIS_INFRA" value="gce" />
    <property name="env.TERM" value="xterm" />
    <property name="java.vm.name" value="Java HotSpot(TM) 64-Bit Server VM" />
    <property name="env.TRAVIS_BUILD_NUMBER" value="779" />
    <property name="env.CI" value="true" />
    <property name="java.library.path" value="/usr/lib/jni:/usr/local/share/OpenCV/java/:/usr/share/OpenCV/java::/usr/java/packages/lib/amd64:/usr/lib64:/lib64:/lib:/usr/lib" />
    <property name="env.rvm_prefix" value="/home/travis" />
    <property name="env.PATH" value="/home/travis/.rvm/gems/ruby-2.4.1/bin:/home/travis/.rvm/gems/ruby-2.4.1@global/bin:/home/travis/.rvm/rubies/ruby-2.4.1/bin:/home/travis/.rvm/bin:/home/travis/.nvm/versions/node/v7.10.1/bin:./node_modules/.bin:/home/travis/build/icyphy/ptII/bin:/home/travis/pthla/certi-tools/bin:/home/travis/bin:/home/travis/.local/bin:/opt/pyenv/shims:/home/travis/.phpenv/shims:/home/travis/perl5/perlbrew/bin:/home/travis/.kiex/elixirs/elixir-1.4.5/bin:/home/travis/.kiex/bin:/home/travis/gopath/bin:/home/travis/.gimme/versions/go1.7.4.linux.amd64/bin:/usr/local/phantomjs/bin:/usr/local/phantomjs:/usr/local/neo4j-3.2.7/bin:/usr/local/maven-3.5.2/bin:/usr/local/cmake-3.9.2/bin:/usr/local/clang-5.0.0/bin:/usr/local/sbin:/usr/local/bin:/usr/sbin:/usr/bin:/sbin:/bin:/home/travis/.phpenv/bin:/opt/pyenv/bin:/home/travis/.yarn/bin" />
    <property name="env.TRAVIS_OS_NAME" value="linux" />
    <property name="ant.java.version" value="1.8" />
    <property name="basedir" value="/home/travis/build/icyphy/ptII" />
    <property name="java.class.version" value="52.0" />
    <property name="env.SHLVL" value="3" />
    <property name="env.LD_LIBRARY_PATH" value="/usr/lib/jni:/usr/local/share/OpenCV/java/:/usr/share/OpenCV/java:" />
    <property name="env.RACK_ENV" value="test" />
    <property name="ant.home" value="/home/travis/build/icyphy/ptII/ant" />
    <property name="env.NVM_DIR" value="/home/travis/.nvm" />
    <property name="env.PERLBREW_BASHRC_VERSION" value="0.80" />
    <property name="env.TRAVIS_BUILD_ID" value="441455079" />
    <property name="env.PYENV_ROOT" value="/opt/pyenv" />
    <property name="env.TRAVIS_UID" value="2000" />
    <property name="env.rvm_pretty_print_flag" value="auto" />
    <property name="env.NVM_BIN" value="/home/travis/.nvm/versions/node/v7.10.1/bin" />
    <property name="env.TRAVIS_COMMIT" value="46fa5ae4eb0d551c71416d2b77857ba193c9edae" />
    <property name="env._system_arch" value="x86_64" />
    <property name="node.executable" value="node" />
    <property name="sun.boot.library.path" value="/usr/lib/jvm/java-8-oracle/jre/lib/amd64" />
    <property name="sun.management.compiler" value="HotSpot 64-Bit Tiered Compilers" />
    <property name="env.GOPATH" value="/home/travis/gopath" />
    <property name="java.awt.graphicsenv" value="sun.awt.X11GraphicsEnvironment" />
    <property name="ptolemy.ptII.dir" value="/home/travis/build/icyphy/ptII" />
    <property name="env.USER" value="travis" />
    <property name="env.HISTFILESIZE" value="2000" />
    <property name="timeout.longest" value="19000000" />
    <property name="env.TRAVIS_STACK_FEATURES" value="basic cassandra chromium couchdb disabled-ipv6 docker docker-compose elasticsearch firefox go-toolchain google-chrome jdk memcached mongodb mysql neo4j nodejs_interpreter perl_interpreter perlbrew phantomjs postgresql python_interpreter rabbitmq redis riak ruby_interpreter sqlite xserver" />
    <property name="env.TRAVIS_PULL_REQUEST" value="false" />
    <property name="env.PYENV_SHELL" value="bash" />
    <property name="ant.project.name" value="ptII" />
    <property name="java.vm.specification.version" value="1.8" />
    <property name="env.ANSI_RESET" value="\033[0m" />
    <property name="env.TRAVIS_DIST" value="trusty" />
    <property name="env.NLSPATH" value="/usr/dt/lib/nls/msg/%L/%N.cat" />
    <property name="awt.toolkit" value="sun.awt.X11.XToolkit" />
    <property name="env.MY_RUBY_HOME" value="/home/travis/.rvm/rubies/ruby-2.4.1" />
    <property name="sun.cpu.isalist" value="" />
    <property name="env.TRAVIS_TMPDIR" value="/tmp/tmp.TZogP5ODBS" />
    <property name="java.ext.dirs" value="/usr/lib/jvm/java-8-oracle/jre/lib/ext:/usr/java/packages/lib/ext" />
    <property name="os.version" value="4.4.0-101-generic" />
    <property name="user.home" value="/home/travis" />
    <property name="env.MIX_ARCHIVES" value="/home/travis/.kiex/mix/elixir-1.4.5" />
    <property name="java.vm.vendor" value="Oracle Corporation" />
    <property name="env.TRAVIS_TAG" value="nightly" />
    <property name="env.ANSI_YELLOW" value="\033[33;1m" />
    <property name="env.TRAVIS_FILTERED" value="redirect_io" />
    <property name="env.ANSI_GREEN" value="\033[32;1m" />
    <property name="env.JAVA_HOME" value="/usr/lib/jvm/java-8-oracle" />
    <property name="javadoc.excludepackagenames" value="adm.cvs2svn.*,build.*,config.*,doc.coding.templates.*,jni.test.jni.meaningOfLife.*,jni.test.jni.testDeux.*,jni.test.jni.testTrois.*,org.terraswarm.accessor.accessors.web.node_modules.*,org.terraswarm.accessor.accessors.web.hosts.cordova.demo.*,org.terraswarm.accessor.accessors.web.hosts.cordova.plugins.*,org.terraswarm.accessor.accessors-svn.*,pt-modules.*,ptolemy.apps.agilent.*,ptolemy.apps.anytimecontrol.*,ptolemy.apps.apes.*,ptolemy.apps.charon.*,ptolemy.apps.crazyboard.*,ptolemy.apps.eclipse.*,ptolemy.apps.etherealSting.*,ptolemy.apps.fullscreen.*,ptolemy.apps.giotto.*,ptolemy.apps.ia.*,ptolemy.apps.interfaces.*,ptolemy.apps.jmf.*,ptolemy.apps.kurt.*,ptolemy.apps.kvm.*,ptolemy.apps.lego.*,ptolemy.apps.lejos.*,ptolemy.apps.midp.*,ptolemy.apps.mobileCoding.*,ptolemy.apps.pendulum.*,ptolemy.apps.rijndael.*,ptolemy.apps.robot.*,ptolemy.apps.security.*,ptolemy.apps.sobel.*,ptolemy.apps.soot.*,ptolemy.apps.throttle.*,ptolemy.apps.tini.*,ptolemy.apps.transmission.*,ptolemy.apps.vergil.*,ptolemy.apps.waba.*,ptolemy.apps.websensor.*,ptolemy.apps.webstart.*,ptolemy.apps.xsl.*,ptolemy.apps.zaurus.*,ptolemy.backtrack.eclipse.plugin.*,ptolemy.backtrack.test.*,ptolemy.codegen.c.actor.lib.oldJavaFiles.*,ptolemy.codegen.dsp.lib.*,ptolemy.codegen.kernel.newInterfaces.*,ptolemy.codegen.lib.*,ptolemy.copernicus.kernel.fragment.*,ptolemy.copernicus.shallow.cg.*,ptolemy.domains.giotto.demo.Hierarchy.Hierarchy.*,ptolemy.domains.giotto.demo.Multimode.Multimode.*,ptolemy.domains.giotto.demo.Simple.Simple.*,ptolemy.domains.gr.lib.experimental.*,ptolemy.domains.gro.*,ptolemy.domains.pdf.*,ptolemy.domains.ptinyos.demo.Surge.output.*,ptolemy.moml.test.NoPackageActor.java*,ptolemy.plot.adm.*,ptolemy.plot.servlet.*,reports.*,signed.*,src.*,target.*,vendors.*,ptolemy.cg.adapter.generic.program.procedural.c.mbed*,ptolemy.actor.lib.fmi.fmus.omc*,ptolemy.domains.openmodelica*,ptdb.kernel.bl.save.test.*,ptdb.kernel.bl.load.test.*,ptdb.kernel.bl.search.test.*,ptdb.kernel.bl.migration.test.*,ptdb.kernel.database.test.*,ptdb.test.*,ptdb.gui.test.*,org.ptolemy.scala.*,diva.util.java2d.svg.*,ptolemy.domains.ptinyos.*,ptolemy.actor.lib.fmi.fmipp.*,,org.terraswarm.accessor.accessors.web.node_modules.*,org.terraswarm.accessor.accessors-svn,ptolemy.apps.*,ptolemy.actor.ptalon.demo.ptinyos.SendAndReceiveCnt.output,ptolemy.actor.ptalon.demo.ptinyos.SenseToLeds.output,ptolemy.domains.ptinyos.demo.CntToLedsAndRfm.output,ptolemy.domains.ptinyos.demo.RfmToLeds.output,ptolemy.domains.ptinyos.demo.SendAndReceiveCnt.output,ptolemy.domains.ptinyos.demo.SenseToLeds.output,ptolemy.actor.lib.jjs.modules.udpSocket.*" />
    <property name="env.PTII" value="/home/travis/build/icyphy/ptII" />
    <property name="env.XDG_SESSION_ID" value="2" />
    <property name="env.TRAVIS_COMMIT_MESSAGE" value="Fixed width of connections" />
    <property name="keystore" value="ptKeystore" />
    <property name="junit.output.dir" value="/home/travis/build/icyphy/ptII/reports/junit" />
    <property name="npm.return.code" value="0" />
    <property name="user.dir" value="/home/travis/build/icyphy/ptII/ptolemy/actor/lib/test" />
    <property name="env.XFILESEARCHPATH" value="/usr/dt/app-defaults/%L/Dt" />
    <property name="env.TRAVIS_NODE_VERSION" value="7" />
    <property name="env.TRAVIS_EVENT_TYPE" value="cron" />
    <property name="env.MAIL" value="/var/mail/travis" />
    <property name="env.PERLBREW_ROOT" value="/home/travis/perl5/perlbrew" />
    <property name="env.PWD" value="/home/travis/build/icyphy/ptII" />
    <property name="timeout.npm" value="45000" />
    <property name="env.TRAVIS_ARCH" value="amd64" />
    <property name="sun.cpu.endian" value="little" />
    <property name="env.PAGER" value="cat" />
    <property name="env.TRAVIS_BUILD_STAGE_NAME" value="Test" />
    <property name="env.PERLBREW_HOME" value="/home/travis/.perlbrew" />
    <property name="env.RAILS_ENV" value="test" />
    <property name="java.vm.version" value="25.151-b12" />
    <property name="java.class.path" value="/home/travis/.ptolemyII:/home/travis/.ptolemyII/*:/home/travis/build/icyphy/ptII:/home/travis/build/icyphy/ptII/lib/bsh-2.0b4.jar:/home/travis/build/icyphy/ptII/lib/ptCal.jar:/home/travis/build/icyphy/ptII/lib/java_cup.jar:/home/travis/build/icyphy/ptII/lib/saxon8.jar:/home/travis/build/icyphy/ptII/lib/saxon8-dom.jar:/home/travis/build/icyphy/ptII/lib/chic.jar:/home/travis/build/icyphy/ptII/lib/ptcolt.jar:/usr/lib/jvm/java-8-oracle/lib/tools.jar:/usr/lib/eclipse/plugins/org.eclipse.jdt.core_3.8.2.dist.jar:/usr/lib/eclipse/plugins/org.eclipse.core.runtime_3.8.0.dist.jar:/usr/lib/eclipse/plugins/org.eclipse.osgi_3.8.1.dist.jar:/usr/lib/eclipse/plugins/org.eclipse.core.resources_3.8.1.dist.jar:/usr/lib/eclipse/plugins/org.eclipse.equinox.common_3.6.100.dist.jar:/usr/lib/eclipse/plugins/org.eclipse.core.jobs_3.5.200.dist.jar:/usr/lib/eclipse/plugins/org.eclipse.core.contenttype_3.4.200.dist.jar:/usr/lib/eclipse/plugins/org.eclipse.equinox.preferences_3.5.0.dist.jar:/usr/lib/eclipse/plugins/org.eclipse.text_3.5.200.dist.jar:/usr/lib/eclipse/plugins/org.eclipse.ui.workbench_3.8.1.dist.jar:/usr/lib/eclipse/plugins/org.eclipse.jface_3.8.0.dist.jar:/usr/lib/eclipse/plugins/org.eclipse.swt_3.8.2.jar:/usr/lib/eclipse/plugins/org.eclipse.jface.text_3.8.1.dist.jar:/usr/lib/eclipse/plugins/org.eclipse.ui.workbench.texteditor_3.8.0.dist.jar:/usr/lib/eclipse/plugins/org.eclipse.ui.editors_3.8.0.dist.jar:/usr/lib/eclipse/plugins/org.eclipse.core.commands_3.6.1.dist.jar:/usr/lib/eclipse/plugins/org.eclipse.equinox.registry_3.5.200.dist.jar:/usr/lib/eclipse/plugins/org.eclipse.ui.console_3.5.100.dist.jar:/usr/lib/eclipse/plugins/org.eclipse.ui.forms_3.5.200.dist.jar:/usr/lib/eclipse/plugins/org.eclipse.ui.ide_3.8.1.dist.jar:/home/travis/build/icyphy/ptII/vendors/oracle/dbxml.jar:/home/travis/build/icyphy/ptII/vendors/oracle/db.jar:/home/travis/build/icyphy/ptII/vendors/misc/itext/iText.jar:/home/travis/build/icyphy/ptII/lib/g4ltl.jar:/home/travis/build/icyphy/ptII/lib/StructuralCoder.jar:/home/travis/build/icyphy/ptII/lib/org-openide-util.jar:/home/travis/build/icyphy/ptII/lib/org-openide-util-lookup.jar:/home/travis/build/icyphy/ptII/lib/org-netbeans-api-visual.jar:/home/travis/build/icyphy/ptII/vendors/jai-1_1_2_01/lib/jai_core.jar:/home/travis/build/icyphy/ptII/vendors/jai-1_1_2_01/lib/jai_codec.jar:/home/travis/build/icyphy/ptII/lib/jcerti.jar:/home/travis/build/icyphy/ptII/lib/smack.jar:/home/travis/build/icyphy/ptII/lib/smackx.jar:/home/travis/build/icyphy/ptII/lib/jetty-all-8.1.5-v20120716.jar:/home/travis/build/icyphy/ptII/lib/javax.servlet-api-3.0.1.jar:/home/travis/build/icyphy/ptII/lib/javax.mail.jar:/home/travis/build/icyphy/ptII/vendors/JMF-2.1.1e/lib/jmf.jar:/home/travis/build/icyphy/ptII/lib/jna-4.0.0-variadic.jar:/home/travis/build/icyphy/ptII/vendors/misc/joystick/Joystick.jar:/home/travis/build/icyphy/ptII/lib/ptjacl.jar:/home/travis/build/icyphy/ptII/lib/jsoup-1.8.2.jar:/home/travis/build/icyphy/ptII/lib/junit-4.8.2.jar:/home/travis/build/icyphy/ptII/lib/JUnitParams-0.4.0.jar:/home/travis/build/icyphy/ptII/ptolemy/actor/lib/excel/jxl.jar:/home/travis/build/icyphy/ptII/lib/jython.jar:/home/travis/build/icyphy/ptII/lib/kieler.jar:/home/travis/build/icyphy/ptII/vendors/opencv/share/OpenCV/java/opencv-341.jar:/home/travis/build/icyphy/ptII/lib/oscP5.jar:/home/travis/build/icyphy/ptII/lib/nrjavaserial-3.11.0.devel.jar:/home/travis/build/icyphy/ptII/vendors/j3d/lib/j3dcore.jar:/home/travis/build/icyphy/ptII/vendors/j3d/lib/j3dutils.jar:/home/travis/build/icyphy/ptII/vendors/j3d/lib/vecmath.jar:/home/travis/build/icyphy/ptII/ptolemy/distributed/jini/jar/jini-core.jar:/home/travis/build/icyphy/ptII/ptolemy/distributed/jini/jar/jini-ext.jar:/home/travis/build/icyphy/ptII/ptolemy/distributed/jini/jar/sun-util.jar:/home/travis/build/icyphy/ptII/lib/protobuf-java-2.4.1.jar:/home/travis/build/icyphy/ptII/lib/org.eclipse.paho.client.mqttv3.jar:/home/travis/build/icyphy/ptII/ptserver/lib/hessian-4.0.7.jar:/home/travis/build/icyphy/ptII/ptserver/lib/wmqtt.jar:/home/travis/build/icyphy/ptII/lib/mapss.jar:/home/travis/build/icyphy/ptII/ptolemy/actor/ptalon/antlr/antlr.jar:/home/travis/build/icyphy/ptII/lib/JRI.jar:/home/travis/build/icyphy/ptII/lib/commons-lang-2.6.jar:/home/travis/build/icyphy/ptII/lib/commons-logging-1.1.1.jar:/home/travis/build/icyphy/ptII/lib/sootclasses.jar:/home/travis/build/icyphy/ptII/ptolemy/actor/lib/database/mysql-connector-java-5.1.6-bin.jar:/home/travis/build/icyphy/ptII/vendors/misc/sphinx4/sphinx4-data-5prealpha.jar:/home/travis/build/icyphy/ptII/vendors/misc/sphinx4/sphinx4-core-5prealpha.jar:/home/travis/build/icyphy/ptII/lib/PDFRenderer.jar:/home/travis/build/icyphy/ptII/lib/svgSalamander.jar:/home/travis/build/icyphy/ptII/lib/rsyntaxtextarea-2.6.0-SNAPSHOT.jar:/home/travis/build/icyphy/ptII/lib/hazelcast-3.8.2.jar:/home/travis/build/icyphy/ptII/lib/jackson-annotations-2.9.0.jar:/home/travis/build/icyphy/ptII/lib/jackson-core-2.9.3.jar:/home/travis/build/icyphy/ptII/lib/jackson-databind-2.9.3.jar:/home/travis/build/icyphy/ptII/lib/netty-buffer-4.1.19.Final.jar:/home/travis/build/icyphy/ptII/lib/netty-codec-4.1.19.Final.jar:/home/travis/build/icyphy/ptII/lib/netty-codec-dns-4.1.19.Final.jar:/home/travis/build/icyphy/ptII/lib/netty-codec-http-4.1.19.Final.jar:/home/travis/build/icyphy/ptII/lib/netty-codec-http2-4.1.19.Final.jar:/home/travis/build/icyphy/ptII/lib/netty-common-4.1.19.Final.jar:/home/travis/build/icyphy/ptII/lib/netty-handler-4.1.19.Final.jar:/home/travis/build/icyphy/ptII/lib/netty-resolver-4.1.19.Final.jar:/home/travis/build/icyphy/ptII/lib/netty-resolver-dns-4.1.19.Final.jar:/home/travis/build/icyphy/ptII/lib/netty-transport-4.1.19.Final.jar:/home/travis/build/icyphy/ptII/lib/vertx-codegen-3.5.1.jar:/home/travis/build/icyphy/ptII/lib/vertx-core-3.5.2-SNAPSHOT.jar:/home/travis/build/icyphy/ptII/lib/vertx-hazelcast-3.5.1.jar:/home/travis/build/icyphy/ptII/lib/vertx-lang-js-3.5.1.jar:/home/travis/build/icyphy/ptII/lib/vertx-service-proxy-3.5.1.jar:/home/travis/build/icyphy/ptII/lib/vertx-web-3.5.1.jar:/home/travis/build/icyphy/ptII/lib/slf4j-api-1.7.13.jar:/home/travis/build/icyphy/ptII/lib/slf4j-simple-1.7.13.jar:/home/travis/build/icyphy/ptII/lib/webcam-capture-0.3.12.jar:/home/travis/build/icyphy/ptII/lib/bridj-0.7.0.jar:/home/travis/build/icyphy/ptII/lib/xbjlib-1.1.0.nrjavaserial.jar:/home/travis/build/icyphy/ptII/ptolemy/moml/test:/home/travis/build/icyphy/ptII/ant/lib/ant-launcher.jar:/home/travis/build/icyphy/ptII/ant/lib/ant.jar:/home/travis/build/icyphy/ptII/ant/lib/ant-junit.jar:/home/travis/build/icyphy/ptII/ant/lib/ant-junit4.jar" />
    <property name="ant.library.dir" value="/home/travis/build/icyphy/ptII/ant/lib" />
    <property name="os.arch" value="amd64" />
    <property name="env.CONTINUOUS_INTEGRATION" value="true" />
    <property name="env.TRAVIS_LANGUAGE" value="node_js" />
    <property name="env.TRAVIS_STACK_LANGUAGES" value="__garnet__ c c++ clojure cplusplus cpp default go groovy java node_js php pure_java python ruby scala" />
    <property name="test.name" value="ptolemy.actor.lib.test.junit.JUnitTclTest" />
    <property name="sun.java.launcher" value="SUN_STANDARD" />
    <property name="env.PYTHON_CONFIGURE_OPTS" value="--enable-unicode=ucs4 --with-wide-unicode --enable-shared --enable-ipv6 --enable-loadable-sqlite-extensions --with-computed-gotos" />
    <property name="ant.core.lib" value="/home/travis/build/icyphy/ptII/ant/lib/ant.jar" />
    <property name="java.vm.specification.vendor" value="Oracle Corporation" />
    <property name="env.BCVTB_HOME" value="/home/travis/build/icyphy/ptII/lbnl" />
    <property name="file.separator" value="/" />
    <property name="java.runtime.version" value="1.8.0_151-b12" />
    <property name="spotbugs.home" value="/home/travis/build/icyphy/ptII/vendors/spotbugs-3.1.1" />
    <property name="sun.boot.class.path" value="/usr/lib/jvm/java-8-oracle/jre/lib/resources.jar:/usr/lib/jvm/java-8-oracle/jre/lib/rt.jar:/usr/lib/jvm/java-8-oracle/jre/lib/sunrsasign.jar:/usr/lib/jvm/java-8-oracle/jre/lib/jsse.jar:/usr/lib/jvm/java-8-oracle/jre/lib/jce.jar:/usr/lib/jvm/java-8-oracle/jre/lib/charsets.jar:/usr/lib/jvm/java-8-oracle/jre/lib/jfr.jar:/usr/lib/jvm/java-8-oracle/jre/classes" />
    <property name="env.ANSI_CLEAR" value="\033[0K" />
    <property name="env.HAS_JOSH_K_SEAL_OF_APPROVAL" value="true" />
    <property name="env.TRAVIS_OSX_IMAGE" value="" />
    <property name="env.XDG_RUNTIME_DIR" value="/run/user/2000" />
    <property name="env.TRAVIS_JOB_ID" value="441455089" />
    <property name="env.TRAVIS_BRANCH" value="master" />
    <property name="user.country" value="US" />
    <property name="env.CERTI_HOME_TRAVIS" value="/home/travis/pthla/certi-tools" />
    <property name="env.SHELL" value="/bin/bash" />
    <property name="java.maxmemory.large" value="5000m" />
    <property name="model" value="" />
    <property name="env.CASHER_DIR" value="/home/travis/.casher" />
    <property name="env.NVM_CD_FLAGS" value="" />
    <property name="jshint.executable" value="/home/travis/node_modules/jshint/bin/jshint" />
    <property name="env.JRUBY_OPTS" value=" --client -J-XX:+TieredCompilation -J-XX:TieredStopAtLevel=1 -J-Xss2m -Xcompile.invokedynamic=false" />
    <property name="java.vendor" value="Oracle Corporation" />
    <property name="env.TRAVIS_PRE_CHEF_BOOTSTRAP_TIME" value="2017-12-05T19:32:55" />
    <property name="env.TRAVIS_STACK_JOB_BOARD_REGISTER" value="/.job-board-register.yml" />
    <property name="env.ELIXIR_VERSION" value="1.4.5" />
    <property name="env.ANSI_RED" value="\033[31;1m" />
    <property name="java.specification.version" value="1.8" />
    <property name="env.TRAVIS" value="true" />
    <property name="env.IRBRC" value="/home/travis/.rvm/rubies/ruby-2.4.1/.irbrc" />
    <property name="sun.arch.data.model" value="64" />
  </properties>
  <testcase classname="ptolemy.util.test.junit.TclTests" name="[0] /home/travis/build/icyphy/ptII/ptolemy/actor/lib/test/AbsoluteValue.tcl (RunTclFile)" time="0.438" />
  <testcase classname="ptolemy.util.test.junit.TclTests" name="[1] /home/travis/build/icyphy/ptII/ptolemy/actor/lib/test/AddSubtract.tcl (RunTclFile)" time="0.089" />
  <testcase classname="ptolemy.util.test.junit.TclTests" name="[2] /home/travis/build/icyphy/ptII/ptolemy/actor/lib/test/Average.tcl (RunTclFile)" time="0.028" />
  <testcase classname="ptolemy.util.test.junit.TclTests" name="[3] /home/travis/build/icyphy/ptII/ptolemy/actor/lib/test/Bernoulli.tcl (RunTclFile)" time="0.036" />
  <testcase classname="ptolemy.util.test.junit.TclTests" name="[4] /home/travis/build/icyphy/ptII/ptolemy/actor/lib/test/Clock.tcl (RunTclFile)" time="0.072" />
  <testcase classname="ptolemy.util.test.junit.TclTests" name="[5] /home/travis/build/icyphy/ptII/ptolemy/actor/lib/test/Commutator.tcl (RunTclFile)" time="0.104" />
  <testcase classname="ptolemy.util.test.junit.TclTests" name="[6] /home/travis/build/icyphy/ptII/ptolemy/actor/lib/test/Const.tcl (RunTclFile)" time="0.103" />
  <testcase classname="ptolemy.util.test.junit.TclTests" name="[7] /home/travis/build/icyphy/ptII/ptolemy/actor/lib/test/CurrentTime.tcl (RunTclFile)" time="0.021" />
  <testcase classname="ptolemy.util.test.junit.TclTests" name="[8] /home/travis/build/icyphy/ptII/ptolemy/actor/lib/test/DB.tcl (RunTclFile)" time="0.018" />
  <testcase classname="ptolemy.util.test.junit.TclTests" name="[9] /home/travis/build/icyphy/ptII/ptolemy/actor/lib/test/DiscreteRandomSource.tcl (RunTclFile)" time="0.025" />
  <testcase classname="ptolemy.util.test.junit.TclTests" name="[10] /home/travis/build/icyphy/ptII/ptolemy/actor/lib/test/Distributor.tcl (RunTclFile)" time="0.077" />
  <testcase classname="ptolemy.util.test.junit.TclTests" name="[11] /home/travis/build/icyphy/ptII/ptolemy/actor/lib/test/Exit.tcl (RunTclFile)" time="0.063" />
  <testcase classname="ptolemy.util.test.junit.TclTests" name="[12] /home/travis/build/icyphy/ptII/ptolemy/actor/lib/test/Expression.tcl (RunTclFile)" time="0.096" />
  <testcase classname="ptolemy.util.test.junit.TclTests" name="[13] /home/travis/build/icyphy/ptII/ptolemy/actor/lib/test/Gaussian.tcl (RunTclFile)" time="0.909" />
  <testcase classname="ptolemy.util.test.junit.TclTests" name="[14] /home/travis/build/icyphy/ptII/ptolemy/actor/lib/test/IIR.tcl (RunTclFile)" time="0.034" />
  <testcase classname="ptolemy.util.test.junit.TclTests" name="[15] /home/travis/build/icyphy/ptII/ptolemy/actor/lib/test/Interpolator.tcl (RunTclFile)" time="0.065" />
  <testcase classname="ptolemy.util.test.junit.TclTests" name="[16] /home/travis/build/icyphy/ptII/ptolemy/actor/lib/test/MathFunction.tcl (RunTclFile)" time="0.088" />
  <testcase classname="ptolemy.util.test.junit.TclTests" name="[17] /home/travis/build/icyphy/ptII/ptolemy/actor/lib/test/Maximum.tcl (RunTclFile)" time="0.027" />
  <testcase classname="ptolemy.util.test.junit.TclTests" name="[18] /home/travis/build/icyphy/ptII/ptolemy/actor/lib/test/Minimum.tcl (RunTclFile)" time="0.026" />
  <testcase classname="ptolemy.util.test.junit.TclTests" name="[19] /home/travis/build/icyphy/ptII/ptolemy/actor/lib/test/MultiplyDivide.tcl (RunTclFile)" time="0.055" />
  <testcase classname="ptolemy.util.test.junit.TclTests" name="[20] /home/travis/build/icyphy/ptII/ptolemy/actor/lib/test/OrderedMerge.tcl (RunTclFile)" time="0.071" />
  <testcase classname="ptolemy.util.test.junit.TclTests" name="[21] /home/travis/build/icyphy/ptII/ptolemy/actor/lib/test/Publisher.tcl (RunTclFile)" time="0.677" />
  <testcase classname="ptolemy.util.test.junit.TclTests" name="[22] /home/travis/build/icyphy/ptII/ptolemy/actor/lib/test/Pulse.tcl (RunTclFile)" time="0.051" />
  <testcase classname="ptolemy.util.test.junit.TclTests" name="[23] /home/travis/build/icyphy/ptII/ptolemy/actor/lib/test/Ramp.tcl (RunTclFile)" time="1.72" />
  <testcase classname="ptolemy.util.test.junit.TclTests" name="[24] /home/travis/build/icyphy/ptII/ptolemy/actor/lib/test/RampContinuous.tcl (RunTclFile)" time="0.019" />
  <testcase classname="ptolemy.util.test.junit.TclTests" name="[25] /home/travis/build/icyphy/ptII/ptolemy/actor/lib/test/RecordAssembler.tcl (RunTclFile)" time="0.019" />
  <testcase classname="ptolemy.util.test.junit.TclTests" name="[26] /home/travis/build/icyphy/ptII/ptolemy/actor/lib/test/RecordDisassembler.tcl (RunTclFile)" time="0.025" />
  <testcase classname="ptolemy.util.test.junit.TclTests" name="[27] /home/travis/build/icyphy/ptII/ptolemy/actor/lib/test/Scale.tcl (RunTclFile)" time="0.031" />
  <testcase classname="ptolemy.util.test.junit.TclTests" name="[28] /home/travis/build/icyphy/ptII/ptolemy/actor/lib/test/SequentialClock.tcl (RunTclFile)" time="0.014" />
  <testcase classname="ptolemy.util.test.junit.TclTests" name="[29] /home/travis/build/icyphy/ptII/ptolemy/actor/lib/test/SetVariable.tcl (RunTclFile)" time="0.013" />
  <testcase classname="ptolemy.util.test.junit.TclTests" name="[30] /home/travis/build/icyphy/ptII/ptolemy/actor/lib/test/Sinewave.tcl (RunTclFile)" time="0.035" />
  <testcase classname="ptolemy.util.test.junit.TclTests" name="[31] /home/travis/build/icyphy/ptII/ptolemy/actor/lib/test/SubscriptionAggregator.tcl (RunTclFile)" time="1.973" />
  <testcase classname="ptolemy.util.test.junit.TclTests" name="[32] /home/travis/build/icyphy/ptII/ptolemy/actor/lib/test/Test.tcl (RunTclFile)" time="0.08" />
  <testcase classname="ptolemy.util.test.junit.TclTests" name="[33] /home/travis/build/icyphy/ptII/ptolemy/actor/lib/test/TestExceptionHandler.tcl (RunTclFile)" time="0.012" />
  <testcase classname="ptolemy.util.test.junit.TclTests" name="[34] /home/travis/build/icyphy/ptII/ptolemy/actor/lib/test/UnionDisassembler.tcl (RunTclFile)" time="0.063" />
  <testcase classname="ptolemy.util.test.junit.TclTests" name="[35] /home/travis/build/icyphy/ptII/ptolemy/actor/lib/test/VariableClock.tcl (RunTclFile)" time="0.025" />
  <testcase classname="ptolemy.util.test.junit.AutoKnownFailedTests" name="[0] /home/travis/build/icyphy/ptII/ptolemy/actor/lib/test/auto/knownFailedTests/PublisherPortToplevelSubscriber.xml (RunModel)" time="0.019" />
  <testcase classname="ptolemy.util.test.junit.AutoKnownFailedTests" name="[1] /home/travis/build/icyphy/ptII/ptolemy/actor/lib/test/auto/knownFailedTests/PublisherSubscriberPortToplevel.xml (RunModel)" time="0.025" />
  <testcase classname="ptolemy.util.test.junit.AutoKnownFailedTests" name="[2] /home/travis/build/icyphy/ptII/ptolemy/actor/lib/test/auto/knownFailedTests/PublisherSubscriptionAggregatorPort.xml (RunModel)" time="0.023" />
  <testcase classname="ptolemy.util.test.junit.AutoKnownFailedTests" name="[3] /home/travis/build/icyphy/ptII/ptolemy/actor/lib/test/auto/knownFailedTests/sizedarray3.xml (RunModel)" time="0.024" />
  <testcase classname="ptolemy.util.test.junit.AutoNameArchTests" name="[0] ThereAreNoAutoArchTests (RunModel)" time="0.001" />
  <testcase classname="ptolemy.util.test.junit.AutoTests" name="[0] /home/travis/build/icyphy/ptII/ptolemy/actor/lib/test/auto/AbsoluteValue.xml (RunModel)" time="0.083" />
  <testcase classname="ptolemy.util.test.junit.AutoTests" name="[1] /home/travis/build/icyphy/ptII/ptolemy/actor/lib/test/auto/AbsoluteValue2.xml (RunModel)" time="0.057" />
  <testcase classname="ptolemy.util.test.junit.AutoTests" name="[2] /home/travis/build/icyphy/ptII/ptolemy/actor/lib/test/auto/Accumulator.xml (RunModel)" time="0.073" />
  <testcase classname="ptolemy.util.test.junit.AutoTests" name="[3] /home/travis/build/icyphy/ptII/ptolemy/actor/lib/test/auto/Accumulator2.xml (RunModel)" time="0.048" />
  <testcase classname="ptolemy.util.test.junit.AutoTests" name="[4] /home/travis/build/icyphy/ptII/ptolemy/actor/lib/test/auto/Accumulator3.xml (RunModel)" time="0.041" />
  <testcase classname="ptolemy.util.test.junit.AutoTests" name="[5] /home/travis/build/icyphy/ptII/ptolemy/actor/lib/test/auto/ArrayAppend.xml (RunModel)" time="0.037" />
  <testcase classname="ptolemy.util.test.junit.AutoTests" name="[6] /home/travis/build/icyphy/ptII/ptolemy/actor/lib/test/auto/ArrayAppend2.xml (RunModel)" time="0.532" />
  <testcase classname="ptolemy.util.test.junit.AutoTests" name="[7] /home/travis/build/icyphy/ptII/ptolemy/actor/lib/test/auto/ArrayAppend3.xml (RunModel)" time="0.028" />
  <testcase classname="ptolemy.util.test.junit.AutoTests" name="[8] /home/travis/build/icyphy/ptII/ptolemy/actor/lib/test/auto/ArrayAppend4.xml (RunModel)" time="0.045" />
  <testcase classname="ptolemy.util.test.junit.AutoTests" name="[9] /home/travis/build/icyphy/ptII/ptolemy/actor/lib/test/auto/ArrayAppend5.xml (RunModel)" time="0.026" />
  <testcase classname="ptolemy.util.test.junit.AutoTests" name="[10] /home/travis/build/icyphy/ptII/ptolemy/actor/lib/test/auto/ArrayAppend6.xml (RunModel)" time="0.026" />
  <testcase classname="ptolemy.util.test.junit.AutoTests" name="[11] /home/travis/build/icyphy/ptII/ptolemy/actor/lib/test/auto/ArrayAppendPerformanceTest.xml (RunModel)" time="0.045" />
  <testcase classname="ptolemy.util.test.junit.AutoTests" name="[12] /home/travis/build/icyphy/ptII/ptolemy/actor/lib/test/auto/ArrayAppendWithEmptyInput.xml (RunModel)" time="0.051" />
  <testcase classname="ptolemy.util.test.junit.AutoTests" name="[13] /home/travis/build/icyphy/ptII/ptolemy/actor/lib/test/auto/ArrayAverage.xml (RunModel)" time="0.061" />
  <testcase classname="ptolemy.util.test.junit.AutoTests" name="[14] /home/travis/build/icyphy/ptII/ptolemy/actor/lib/test/auto/ArrayContains.xml (RunModel)" time="0.028" />
  <testcase classname="ptolemy.util.test.junit.AutoTests" name="[15] /home/travis/build/icyphy/ptII/ptolemy/actor/lib/test/auto/ArrayElement.xml (RunModel)" time="0.017" />
  <testcase classname="ptolemy.util.test.junit.AutoTests" name="[16] /home/travis/build/icyphy/ptII/ptolemy/actor/lib/test/auto/ArrayElementAsMatrix.xml (RunModel)" time="0.107" />
  <testcase classname="ptolemy.util.test.junit.AutoTests" name="[17] /home/travis/build/icyphy/ptII/ptolemy/actor/lib/test/auto/ArrayElementI.xml (RunModel)" time="0.029" />
  <testcase classname="ptolemy.util.test.junit.AutoTests" name="[18] /home/travis/build/icyphy/ptII/ptolemy/actor/lib/test/auto/ArrayExtract.xml (RunModel)" time="0.039" />
  <testcase classname="ptolemy.util.test.junit.AutoTests" name="[19] /home/travis/build/icyphy/ptII/ptolemy/actor/lib/test/auto/ArrayExtract2.xml (RunModel)" time="0.041" />
  <testcase classname="ptolemy.util.test.junit.AutoTests" name="[20] /home/travis/build/icyphy/ptII/ptolemy/actor/lib/test/auto/ArrayLength.xml (RunModel)" time="0.019" />
  <testcase classname="ptolemy.util.test.junit.AutoTests" name="[21] /home/travis/build/icyphy/ptII/ptolemy/actor/lib/test/auto/ArrayLevelCrossing.xml (RunModel)" time="0.031" />
  <testcase classname="ptolemy.util.test.junit.AutoTests" name="[22] /home/travis/build/icyphy/ptII/ptolemy/actor/lib/test/auto/ArrayLevelCrossing2.xml (RunModel)" time="0.037" />
  <testcase classname="ptolemy.util.test.junit.AutoTests" name="[23] /home/travis/build/icyphy/ptII/ptolemy/actor/lib/test/auto/ArrayPeakSearch.xml (RunModel)" time="0.031" />
  <testcase classname="ptolemy.util.test.junit.AutoTests" name="[24] /home/travis/build/icyphy/ptII/ptolemy/actor/lib/test/auto/ArrayPeakSearch2.xml (RunModel)" time="0.041" />
  <testcase classname="ptolemy.util.test.junit.AutoTests" name="[25] /home/travis/build/icyphy/ptII/ptolemy/actor/lib/test/auto/ArrayPeakSearch3.xml (RunModel)" time="0.03" />
  <testcase classname="ptolemy.util.test.junit.AutoTests" name="[26] /home/travis/build/icyphy/ptII/ptolemy/actor/lib/test/auto/ArrayRemoveElement.xml (RunModel)" time="0.025" />
  <testcase classname="ptolemy.util.test.junit.AutoTests" name="[27] /home/travis/build/icyphy/ptII/ptolemy/actor/lib/test/auto/ArraySort.xml (RunModel)" time="0.035" />
  <testcase classname="ptolemy.util.test.junit.AutoTests" name="[28] /home/travis/build/icyphy/ptII/ptolemy/actor/lib/test/auto/ArraySum.xml (RunModel)" time="0.031" />
  <testcase classname="ptolemy.util.test.junit.AutoTests" name="[29] /home/travis/build/icyphy/ptII/ptolemy/actor/lib/test/auto/ArrayToElements.xml (RunModel)" time="0.029" />
  <testcase classname="ptolemy.util.test.junit.AutoTests" name="[30] /home/travis/build/icyphy/ptII/ptolemy/actor/lib/test/auto/ArrayToMatrix.xml (RunModel)" time="0.051" />
  <testcase classname="ptolemy.util.test.junit.AutoTests" name="[31] /home/travis/build/icyphy/ptII/ptolemy/actor/lib/test/auto/ArrayUpdate1.xml (RunModel)" time="0.015" />
  <testcase classname="ptolemy.util.test.junit.AutoTests" name="[32] /home/travis/build/icyphy/ptII/ptolemy/actor/lib/test/auto/ArrayUpdate2.xml (RunModel)" time="0.028" />
  <testcase classname="ptolemy.util.test.junit.AutoTests" name="[33] /home/travis/build/icyphy/ptII/ptolemy/actor/lib/test/auto/ArrayUpdate3.xml (RunModel)" time="0.028" />
  <testcase classname="ptolemy.util.test.junit.AutoTests" name="[34] /home/travis/build/icyphy/ptII/ptolemy/actor/lib/test/auto/Assert1.xml (RunModel)" time="0.026" />
  <testcase classname="ptolemy.util.test.junit.AutoTests" name="[35] /home/travis/build/icyphy/ptII/ptolemy/actor/lib/test/auto/Assert2.xml (RunModel)" time="0.017" />
  <testcase classname="ptolemy.util.test.junit.AutoTests" name="[36] /home/travis/build/icyphy/ptII/ptolemy/actor/lib/test/auto/BooleanMultiplexor.xml (RunModel)" time="0.02" />
  <testcase classname="ptolemy.util.test.junit.AutoTests" name="[37] /home/travis/build/icyphy/ptII/ptolemy/actor/lib/test/auto/BooleanMultiplexor2.xml (RunModel)" time="0.027" />
  <testcase classname="ptolemy.util.test.junit.AutoTests" name="[38] /home/travis/build/icyphy/ptII/ptolemy/actor/lib/test/auto/BooleanMultiplexor3.xml (RunModel)" time="0.022" />
  <testcase classname="ptolemy.util.test.junit.AutoTests" name="[39] /home/travis/build/icyphy/ptII/ptolemy/actor/lib/test/auto/BooleanSelect.xml (RunModel)" time="0.028" />
  <testcase classname="ptolemy.util.test.junit.AutoTests" name="[40] /home/travis/build/icyphy/ptII/ptolemy/actor/lib/test/auto/BooleanSelect2.xml (RunModel)" time="0.014" />
  <testcase classname="ptolemy.util.test.junit.AutoTests" name="[41] /home/travis/build/icyphy/ptII/ptolemy/actor/lib/test/auto/BooleanSwitch.xml (RunModel)" time="0.018" />
  <testcase classname="ptolemy.util.test.junit.AutoTests" name="[42] /home/travis/build/icyphy/ptII/ptolemy/actor/lib/test/auto/BooleanSwitch2.xml (RunModel)" time="0.015" />
  <testcase classname="ptolemy.util.test.junit.AutoTests" name="[43] /home/travis/build/icyphy/ptII/ptolemy/actor/lib/test/auto/BooleanSwitchCloningBugWithClassRelationGroup.xml (RunModel)" time="0.035" />
  <testcase classname="ptolemy.util.test.junit.AutoTests" name="[44] /home/travis/build/icyphy/ptII/ptolemy/actor/lib/test/auto/BusActors.xml (RunModel)" time="0.035" />
  <testcase classname="ptolemy.util.test.junit.AutoTests" name="[45] /home/travis/build/icyphy/ptII/ptolemy/actor/lib/test/auto/ClassWrapper.xml (RunModel)" time="0.011" />
  <testcase classname="ptolemy.util.test.junit.AutoTests" name="[46] /home/travis/build/icyphy/ptII/ptolemy/actor/lib/test/auto/Clock.xml (RunModel)" time="0.019" />
  <testcase classname="ptolemy.util.test.junit.AutoTests" name="[47] /home/travis/build/icyphy/ptII/ptolemy/actor/lib/test/auto/Clock10.xml (RunModel)" time="0.02" />
  <testcase classname="ptolemy.util.test.junit.AutoTests" name="[48] /home/travis/build/icyphy/ptII/ptolemy/actor/lib/test/auto/Clock11.xml (RunModel)" time="0.02" />
  <testcase classname="ptolemy.util.test.junit.AutoTests" name="[49] /home/travis/build/icyphy/ptII/ptolemy/actor/lib/test/auto/Clock12.xml (RunModel)" time="0.031" />
  <testcase classname="ptolemy.util.test.junit.AutoTests" name="[50] /home/travis/build/icyphy/ptII/ptolemy/actor/lib/test/auto/Clock13.xml (RunModel)" time="0.025" />
  <testcase classname="ptolemy.util.test.junit.AutoTests" name="[51] /home/travis/build/icyphy/ptII/ptolemy/actor/lib/test/auto/Clock14.xml (RunModel)" time="0.023" />
  <testcase classname="ptolemy.util.test.junit.AutoTests" name="[52] /home/travis/build/icyphy/ptII/ptolemy/actor/lib/test/auto/Clock15.xml (RunModel)" time="0.017" />
  <testcase classname="ptolemy.util.test.junit.AutoTests" name="[53] /home/travis/build/icyphy/ptII/ptolemy/actor/lib/test/auto/Clock16.xml (RunModel)" time="0.09" />
  <testcase classname="ptolemy.util.test.junit.AutoTests" name="[54] /home/travis/build/icyphy/ptII/ptolemy/actor/lib/test/auto/Clock17.xml (RunModel)" time="0.079" />
  <testcase classname="ptolemy.util.test.junit.AutoTests" name="[55] /home/travis/build/icyphy/ptII/ptolemy/actor/lib/test/auto/Clock18.xml (RunModel)" time="0.056" />
  <testcase classname="ptolemy.util.test.junit.AutoTests" name="[56] /home/travis/build/icyphy/ptII/ptolemy/actor/lib/test/auto/Clock19.xml (RunModel)" time="0.046" />
  <testcase classname="ptolemy.util.test.junit.AutoTests" name="[57] /home/travis/build/icyphy/ptII/ptolemy/actor/lib/test/auto/Clock2.xml (RunModel)" time="0.014" />
  <testcase classname="ptolemy.util.test.junit.AutoTests" name="[58] /home/travis/build/icyphy/ptII/ptolemy/actor/lib/test/auto/Clock20.xml (RunModel)" time="0.017" />
  <testcase classname="ptolemy.util.test.junit.AutoTests" name="[59] /home/travis/build/icyphy/ptII/ptolemy/actor/lib/test/auto/Clock21.xml (RunModel)" time="0.015" />
  <testcase classname="ptolemy.util.test.junit.AutoTests" name="[60] /home/travis/build/icyphy/ptII/ptolemy/actor/lib/test/auto/Clock22.xml (RunModel)" time="0.013" />
  <testcase classname="ptolemy.util.test.junit.AutoTests" name="[61] /home/travis/build/icyphy/ptII/ptolemy/actor/lib/test/auto/Clock23.xml (RunModel)" time="0.015" />
  <testcase classname="ptolemy.util.test.junit.AutoTests" name="[62] /home/travis/build/icyphy/ptII/ptolemy/actor/lib/test/auto/Clock24.xml (RunModel)" time="0.019" />
  <testcase classname="ptolemy.util.test.junit.AutoTests" name="[63] /home/travis/build/icyphy/ptII/ptolemy/actor/lib/test/auto/Clock4.xml (RunModel)" time="0.013" />
  <testcase classname="ptolemy.util.test.junit.AutoTests" name="[64] /home/travis/build/icyphy/ptII/ptolemy/actor/lib/test/auto/Clock5.xml (RunModel)" time="0.019" />
  <testcase classname="ptolemy.util.test.junit.AutoTests" name="[65] /home/travis/build/icyphy/ptII/ptolemy/actor/lib/test/auto/Clock6.xml (RunModel)" time="0.011" />
  <testcase classname="ptolemy.util.test.junit.AutoTests" name="[66] /home/travis/build/icyphy/ptII/ptolemy/actor/lib/test/auto/Clock7.xml (RunModel)" time="0.014" />
  <testcase classname="ptolemy.util.test.junit.AutoTests" name="[67] /home/travis/build/icyphy/ptII/ptolemy/actor/lib/test/auto/Clock8.xml (RunModel)" time="0.014" />
  <testcase classname="ptolemy.util.test.junit.AutoTests" name="[68] /home/travis/build/icyphy/ptII/ptolemy/actor/lib/test/auto/Clock9.xml (RunModel)" time="0.015" />
  <testcase classname="ptolemy.util.test.junit.AutoTests" name="[69] /home/travis/build/icyphy/ptII/ptolemy/actor/lib/test/auto/CommDistDiscard.xml (RunModel)" time="0.033" />
  <testcase classname="ptolemy.util.test.junit.AutoTests" name="[70] /home/travis/build/icyphy/ptII/ptolemy/actor/lib/test/auto/Commutator.xml (RunModel)" time="0.017" />
  <testcase classname="ptolemy.util.test.junit.AutoTests" name="[71] /home/travis/build/icyphy/ptII/ptolemy/actor/lib/test/auto/Commutator2.xml (RunModel)" time="0.057" />
  <testcase classname="ptolemy.util.test.junit.AutoTests" name="[72] /home/travis/build/icyphy/ptII/ptolemy/actor/lib/test/auto/Commutator3.xml (RunModel)" time="0.011" />
  <testcase classname="ptolemy.util.test.junit.AutoTests" name="[73] /home/travis/build/icyphy/ptII/ptolemy/actor/lib/test/auto/Compare.xml (RunModel)" time="0.017" />
  <testcase classname="ptolemy.util.test.junit.AutoTests" name="[74] /home/travis/build/icyphy/ptII/ptolemy/actor/lib/test/auto/CompareDE.xml (RunModel)" time="0.017" />
  <testcase classname="ptolemy.util.test.junit.AutoTests" name="[75] /home/travis/build/icyphy/ptII/ptolemy/actor/lib/test/auto/ComplexDivide.xml (RunModel)" time="0.01" />
  <testcase classname="ptolemy.util.test.junit.AutoTests" name="[76] /home/travis/build/icyphy/ptII/ptolemy/actor/lib/test/auto/ComputeHistogram.xml (RunModel)" time="0.05" />
  <testcase classname="ptolemy.util.test.junit.AutoTests" name="[77] /home/travis/build/icyphy/ptII/ptolemy/actor/lib/test/auto/ConfigurationSelect.xml (RunModel)" time="0.017" />
  <testcase classname="ptolemy.util.test.junit.AutoTests" name="[78] /home/travis/build/icyphy/ptII/ptolemy/actor/lib/test/auto/ConfigurationSelect2.xml (RunModel)" time="0.01" />
  <testcase classname="ptolemy.util.test.junit.AutoTests" name="[79] /home/travis/build/icyphy/ptII/ptolemy/actor/lib/test/auto/ConfigurationSwitch.xml (RunModel)" time="0.012" />
  <testcase classname="ptolemy.util.test.junit.AutoTests" name="[80] /home/travis/build/icyphy/ptII/ptolemy/actor/lib/test/auto/ConfigurationSwitch2.xml (RunModel)" time="0.012" />
  <testcase classname="ptolemy.util.test.junit.AutoTests" name="[81] /home/travis/build/icyphy/ptII/ptolemy/actor/lib/test/auto/ConfigurationSwitchCloningBugWithClassRelationGroup.xml (RunModel)" time="0.019" />
  <testcase classname="ptolemy.util.test.junit.AutoTests" name="[82] /home/travis/build/icyphy/ptII/ptolemy/actor/lib/test/auto/ConfigurationSwitchSelectSDF.xml (RunModel)" time="0.022" />
  <testcase classname="ptolemy.util.test.junit.AutoTests" name="[83] /home/travis/build/icyphy/ptII/ptolemy/actor/lib/test/auto/ConfigurationSwitchSelectSDF2.xml (RunModel)" time="0.013" />
  <testcase classname="ptolemy.util.test.junit.AutoTests" name="[84] /home/travis/build/icyphy/ptII/ptolemy/actor/lib/test/auto/Const.xml (RunModel)" time="0.007" />
  <testcase classname="ptolemy.util.test.junit.AutoTests" name="[85] /home/travis/build/icyphy/ptII/ptolemy/actor/lib/test/auto/Const2.xml (RunModel)" time="0.01" />
  <testcase classname="ptolemy.util.test.junit.AutoTests" name="[86] /home/travis/build/icyphy/ptII/ptolemy/actor/lib/test/auto/Const3.xml (RunModel)" time="0.007" />
  <testcase classname="ptolemy.util.test.junit.AutoTests" name="[87] /home/travis/build/icyphy/ptII/ptolemy/actor/lib/test/auto/ConstantPublisherPort1.xml (RunModel)" time="0.031" />
  <testcase classname="ptolemy.util.test.junit.AutoTests" name="[88] /home/travis/build/icyphy/ptII/ptolemy/actor/lib/test/auto/ConstantPublisherPort2.xml (RunModel)" time="0.026" />
  <testcase classname="ptolemy.util.test.junit.AutoTests" name="[89] /home/travis/build/icyphy/ptII/ptolemy/actor/lib/test/auto/ConstantPublisherPort3.xml (RunModel)" time="0.02" />
  <testcase classname="ptolemy.util.test.junit.AutoTests" name="[90] /home/travis/build/icyphy/ptII/ptolemy/actor/lib/test/auto/ConstantPublisherPort4.xml (RunModel)" time="0.015" />
  <testcase classname="ptolemy.util.test.junit.AutoTests" name="[91] /home/travis/build/icyphy/ptII/ptolemy/actor/lib/test/auto/ConstantPublisherPort5.xml (RunModel)" time="0.042" />
  <testcase classname="ptolemy.util.test.junit.AutoTests" name="[92] /home/travis/build/icyphy/ptII/ptolemy/actor/lib/test/auto/ConstantPublisherPort6.xml (RunModel)" time="0.034" />
  <testcase classname="ptolemy.util.test.junit.AutoTests" name="[93] /home/travis/build/icyphy/ptII/ptolemy/actor/lib/test/auto/ConstantPublisherPort7.xml (RunModel)" time="0.027" />
  <testcase classname="ptolemy.util.test.junit.AutoTests" name="[94] /home/travis/build/icyphy/ptII/ptolemy/actor/lib/test/auto/ConstraintMonitor1.xml (RunModel)" time="0.035" />
  <testcase classname="ptolemy.util.test.junit.AutoTests" name="[95] /home/travis/build/icyphy/ptII/ptolemy/actor/lib/test/auto/ConstraintMonitor2.xml (RunModel)" time="0.009" />
  <testcase classname="ptolemy.util.test.junit.AutoTests" name="[96] /home/travis/build/icyphy/ptII/ptolemy/actor/lib/test/auto/ConstraintMonitor3.xml (RunModel)" time="0.01" />
  <testcase classname="ptolemy.util.test.junit.AutoTests" name="[97] /home/travis/build/icyphy/ptII/ptolemy/actor/lib/test/auto/ConstraintMonitor4.xml (RunModel)" time="0.015" />
  <testcase classname="ptolemy.util.test.junit.AutoTests" name="[98] /home/travis/build/icyphy/ptII/ptolemy/actor/lib/test/auto/ConstraintMonitor5.xml (RunModel)" time="0.02" />
  <testcase classname="ptolemy.util.test.junit.AutoTests" name="[99] /home/travis/build/icyphy/ptII/ptolemy/actor/lib/test/auto/ConstraintMonitor6.xml (RunModel)" time="0.016" />
  <testcase classname="ptolemy.util.test.junit.AutoTests" name="[100] /home/travis/build/icyphy/ptII/ptolemy/actor/lib/test/auto/ConstraintMonitor7.xml (RunModel)" time="0.02" />
  <testcase classname="ptolemy.util.test.junit.AutoTests" name="[101] /home/travis/build/icyphy/ptII/ptolemy/actor/lib/test/auto/ConstraintMonitor8.xml (RunModel)" time="0.018" />
  <testcase classname="ptolemy.util.test.junit.AutoTests" name="[102] /home/travis/build/icyphy/ptII/ptolemy/actor/lib/test/auto/Counter.xml (RunModel)" time="0.014" />
  <testcase classname="ptolemy.util.test.junit.AutoTests" name="[103] /home/travis/build/icyphy/ptII/ptolemy/actor/lib/test/auto/CurrentTimeSDF.xml (RunModel)" time="0.011" />
  <testcase classname="ptolemy.util.test.junit.AutoTests" name="[104] /home/travis/build/icyphy/ptII/ptolemy/actor/lib/test/auto/DB.xml (RunModel)" time="0.017" />
  <testcase classname="ptolemy.util.test.junit.AutoTests" name="[105] /home/travis/build/icyphy/ptII/ptolemy/actor/lib/test/auto/DBDE.xml (RunModel)" time="0.015" />
  <testcase classname="ptolemy.util.test.junit.AutoTests" name="[106] /home/travis/build/icyphy/ptII/ptolemy/actor/lib/test/auto/DateConstructor.xml (RunModel)" time="0.057" />
  <testcase classname="ptolemy.util.test.junit.AutoTests" name="[107] /home/travis/build/icyphy/ptII/ptolemy/actor/lib/test/auto/DelayTime.xml (RunModel)" time="0.015" />
  <testcase classname="ptolemy.util.test.junit.AutoTests" name="[108] /home/travis/build/icyphy/ptII/ptolemy/actor/lib/test/auto/Dictionary1.xml (RunModel)" time="0.015" />
  <testcase classname="ptolemy.util.test.junit.AutoTests" name="[109] /home/travis/build/icyphy/ptII/ptolemy/actor/lib/test/auto/Dictionary2.xml (RunModel)" time="0.017" />
  <testcase classname="ptolemy.util.test.junit.AutoTests" name="[110] /home/travis/build/icyphy/ptII/ptolemy/actor/lib/test/auto/Dictionary3.xml (RunModel)" time="0.012" />
  <testcase classname="ptolemy.util.test.junit.AutoTests" name="[111] /home/travis/build/icyphy/ptII/ptolemy/actor/lib/test/auto/Dictionary4.xml (RunModel)" time="0.016" />
  <testcase classname="ptolemy.util.test.junit.AutoTests" name="[112] /home/travis/build/icyphy/ptII/ptolemy/actor/lib/test/auto/Differential.xml (RunModel)" time="0.01" />
  <testcase classname="ptolemy.util.test.junit.AutoTests" name="[113] /home/travis/build/icyphy/ptII/ptolemy/actor/lib/test/auto/Director.xml (RunModel)" time="0.01" />
  <testcase classname="ptolemy.util.test.junit.AutoTests" name="[114] /home/travis/build/icyphy/ptII/ptolemy/actor/lib/test/auto/DiscreteClock.xml (RunModel)" time="0.009" />
  <testcase classname="ptolemy.util.test.junit.AutoTests" name="[115] /home/travis/build/icyphy/ptII/ptolemy/actor/lib/test/auto/DiscreteClock10.xml (RunModel)" time="0.018" />
  <testcase classname="ptolemy.util.test.junit.AutoTests" name="[116] /home/travis/build/icyphy/ptII/ptolemy/actor/lib/test/auto/DiscreteClock11.xml (RunModel)" time="0.011" />
  <testcase classname="ptolemy.util.test.junit.AutoTests" name="[117] /home/travis/build/icyphy/ptII/ptolemy/actor/lib/test/auto/DiscreteClock12.xml (RunModel)" time="0.016" />
  <testcase classname="ptolemy.util.test.junit.AutoTests" name="[118] /home/travis/build/icyphy/ptII/ptolemy/actor/lib/test/auto/DiscreteClock13.xml (RunModel)" time="0.012" />
  <testcase classname="ptolemy.util.test.junit.AutoTests" name="[119] /home/travis/build/icyphy/ptII/ptolemy/actor/lib/test/auto/DiscreteClock14.xml (RunModel)" time="0.013" />
  <testcase classname="ptolemy.util.test.junit.AutoTests" name="[120] /home/travis/build/icyphy/ptII/ptolemy/actor/lib/test/auto/DiscreteClock15.xml (RunModel)" time="0.017" />
  <testcase classname="ptolemy.util.test.junit.AutoTests" name="[121] /home/travis/build/icyphy/ptII/ptolemy/actor/lib/test/auto/DiscreteClock16.xml (RunModel)" time="0.032" />
  <testcase classname="ptolemy.util.test.junit.AutoTests" name="[122] /home/travis/build/icyphy/ptII/ptolemy/actor/lib/test/auto/DiscreteClock17.xml (RunModel)" time="0.034" />
  <testcase classname="ptolemy.util.test.junit.AutoTests" name="[123] /home/travis/build/icyphy/ptII/ptolemy/actor/lib/test/auto/DiscreteClock18.xml (RunModel)" time="0.036" />
  <testcase classname="ptolemy.util.test.junit.AutoTests" name="[124] /home/travis/build/icyphy/ptII/ptolemy/actor/lib/test/auto/DiscreteClock19.xml (RunModel)" time="0.063" />
  <testcase classname="ptolemy.util.test.junit.AutoTests" name="[125] /home/travis/build/icyphy/ptII/ptolemy/actor/lib/test/auto/DiscreteClock2.xml (RunModel)" time="0.014" />
  <testcase classname="ptolemy.util.test.junit.AutoTests" name="[126] /home/travis/build/icyphy/ptII/ptolemy/actor/lib/test/auto/DiscreteClock20.xml (RunModel)" time="0.017" />
  <testcase classname="ptolemy.util.test.junit.AutoTests" name="[127] /home/travis/build/icyphy/ptII/ptolemy/actor/lib/test/auto/DiscreteClock21.xml (RunModel)" time="0.026" />
  <testcase classname="ptolemy.util.test.junit.AutoTests" name="[128] /home/travis/build/icyphy/ptII/ptolemy/actor/lib/test/auto/DiscreteClock22.xml (RunModel)" time="0.014" />
  <testcase classname="ptolemy.util.test.junit.AutoTests" name="[129] /home/travis/build/icyphy/ptII/ptolemy/actor/lib/test/auto/DiscreteClock23.xml (RunModel)" time="0.021" />
  <testcase classname="ptolemy.util.test.junit.AutoTests" name="[130] /home/travis/build/icyphy/ptII/ptolemy/actor/lib/test/auto/DiscreteClock24.xml (RunModel)" time="0.488" />
  <testcase classname="ptolemy.util.test.junit.AutoTests" name="[131] /home/travis/build/icyphy/ptII/ptolemy/actor/lib/test/auto/DiscreteClock4.xml (RunModel)" time="0.014" />
  <testcase classname="ptolemy.util.test.junit.AutoTests" name="[132] /home/travis/build/icyphy/ptII/ptolemy/actor/lib/test/auto/DiscreteClock5.xml (RunModel)" time="0.015" />
  <testcase classname="ptolemy.util.test.junit.AutoTests" name="[133] /home/travis/build/icyphy/ptII/ptolemy/actor/lib/test/auto/DiscreteClock6.xml (RunModel)" time="0.009" />
  <testcase classname="ptolemy.util.test.junit.AutoTests" name="[134] /home/travis/build/icyphy/ptII/ptolemy/actor/lib/test/auto/DiscreteClock7.xml (RunModel)" time="0.009" />
  <testcase classname="ptolemy.util.test.junit.AutoTests" name="[135] /home/travis/build/icyphy/ptII/ptolemy/actor/lib/test/auto/DiscreteClock8.xml (RunModel)" time="0.012" />
  <testcase classname="ptolemy.util.test.junit.AutoTests" name="[136] /home/travis/build/icyphy/ptII/ptolemy/actor/lib/test/auto/DiscreteClock9.xml (RunModel)" time="0.011" />
  <testcase classname="ptolemy.util.test.junit.AutoTests" name="[137] /home/travis/build/icyphy/ptII/ptolemy/actor/lib/test/auto/DisplayArray.xml (RunModel)" time="0.017" />
  <testcase classname="ptolemy.util.test.junit.AutoTests" name="[138] /home/travis/build/icyphy/ptII/ptolemy/actor/lib/test/auto/Distributor.xml (RunModel)" time="0.01" />
  <testcase classname="ptolemy.util.test.junit.AutoTests" name="[139] /home/travis/build/icyphy/ptII/ptolemy/actor/lib/test/auto/Distributor2.xml (RunModel)" time="0.01" />
  <testcase classname="ptolemy.util.test.junit.AutoTests" name="[140] /home/travis/build/icyphy/ptII/ptolemy/actor/lib/test/auto/DownSample.xml (RunModel)" time="0.036" />
  <testcase classname="ptolemy.util.test.junit.AutoTests" name="[141] /home/travis/build/icyphy/ptII/ptolemy/actor/lib/test/auto/ElectronicUnitBase1.xml (RunModel)" time="0.058" />
  <testcase classname="ptolemy.util.test.junit.AutoTests" name="[142] /home/travis/build/icyphy/ptII/ptolemy/actor/lib/test/auto/ElementsToArray.xml (RunModel)" time="0.01" />
  <testcase classname="ptolemy.util.test.junit.AutoTests" name="[143] /home/travis/build/icyphy/ptII/ptolemy/actor/lib/test/auto/Equals.xml (RunModel)" time="0.01" />
  <testcase classname="ptolemy.util.test.junit.AutoTests" name="[144] /home/travis/build/icyphy/ptII/ptolemy/actor/lib/test/auto/Exec.xml (RunModel)" time="0.022" />
  <testcase classname="ptolemy.util.test.junit.AutoTests" name="[145] /home/travis/build/icyphy/ptII/ptolemy/actor/lib/test/auto/ExecEnvironment.xml (RunModel)" time="0.04" />
  <testcase classname="ptolemy.util.test.junit.AutoTests" name="[146] /home/travis/build/icyphy/ptII/ptolemy/actor/lib/test/auto/ExecNonZeroReturnOutput.xml (RunModel)" time="0.144" />
  <testcase classname="ptolemy.util.test.junit.AutoTests" name="[147] /home/travis/build/icyphy/ptII/ptolemy/actor/lib/test/auto/ExecRunDemos.xml (RunModel)" time="9.105" />
  <testcase classname="ptolemy.util.test.junit.AutoTests" name="[148] /home/travis/build/icyphy/ptII/ptolemy/actor/lib/test/auto/ExecStop.xml (RunModel)" time="5.023" />
  <testcase classname="ptolemy.util.test.junit.AutoTests" name="[149] /home/travis/build/icyphy/ptII/ptolemy/actor/lib/test/auto/ExecutionTimeSDF.xml (RunModel)" time="6.026" />
  <testcase classname="ptolemy.util.test.junit.AutoTests" name="[150] /home/travis/build/icyphy/ptII/ptolemy/actor/lib/test/auto/Expression1.xml (RunModel)" time="0.011" />
  <testcase classname="ptolemy.util.test.junit.AutoTests" name="[151] /home/travis/build/icyphy/ptII/ptolemy/actor/lib/test/auto/Expression10.xml (RunModel)" time="0.013" />
  <testcase classname="ptolemy.util.test.junit.AutoTests" name="[152] /home/travis/build/icyphy/ptII/ptolemy/actor/lib/test/auto/Expression11.xml (RunModel)" time="0.011" />
  <testcase classname="ptolemy.util.test.junit.AutoTests" name="[153] /home/travis/build/icyphy/ptII/ptolemy/actor/lib/test/auto/Expression12.xml (RunModel)" time="0.013" />
  <testcase classname="ptolemy.util.test.junit.AutoTests" name="[154] /home/travis/build/icyphy/ptII/ptolemy/actor/lib/test/auto/Expression13.xml (RunModel)" time="0.012" />
  <testcase classname="ptolemy.util.test.junit.AutoTests" name="[155] /home/travis/build/icyphy/ptII/ptolemy/actor/lib/test/auto/Expression14.xml (RunModel)" time="0.017" />
  <testcase classname="ptolemy.util.test.junit.AutoTests" name="[156] /home/travis/build/icyphy/ptII/ptolemy/actor/lib/test/auto/Expression15.xml (RunModel)" time="0.01" />
  <testcase classname="ptolemy.util.test.junit.AutoTests" name="[157] /home/travis/build/icyphy/ptII/ptolemy/actor/lib/test/auto/Expression16.xml (RunModel)" time="0.013" />
  <testcase classname="ptolemy.util.test.junit.AutoTests" name="[158] /home/travis/build/icyphy/ptII/ptolemy/actor/lib/test/auto/Expression17.xml (RunModel)" time="0.012" />
  <testcase classname="ptolemy.util.test.junit.AutoTests" name="[159] /home/travis/build/icyphy/ptII/ptolemy/actor/lib/test/auto/Expression18.xml (RunModel)" time="0.014" />
  <testcase classname="ptolemy.util.test.junit.AutoTests" name="[160] /home/travis/build/icyphy/ptII/ptolemy/actor/lib/test/auto/Expression2.xml (RunModel)" time="0.014" />
  <testcase classname="ptolemy.util.test.junit.AutoTests" name="[161] /home/travis/build/icyphy/ptII/ptolemy/actor/lib/test/auto/Expression3.xml (RunModel)" time="0.012" />
  <testcase classname="ptolemy.util.test.junit.AutoTests" name="[162] /home/travis/build/icyphy/ptII/ptolemy/actor/lib/test/auto/Expression4.xml (RunModel)" time="0.019" />
  <testcase classname="ptolemy.util.test.junit.AutoTests" name="[163] /home/travis/build/icyphy/ptII/ptolemy/actor/lib/test/auto/Expression5.xml (RunModel)" time="0.014" />
  <testcase classname="ptolemy.util.test.junit.AutoTests" name="[164] /home/travis/build/icyphy/ptII/ptolemy/actor/lib/test/auto/Expression6.xml (RunModel)" time="0.01" />
  <testcase classname="ptolemy.util.test.junit.AutoTests" name="[165] /home/travis/build/icyphy/ptII/ptolemy/actor/lib/test/auto/Expression7.xml (RunModel)" time="0.012" />
  <testcase classname="ptolemy.util.test.junit.AutoTests" name="[166] /home/travis/build/icyphy/ptII/ptolemy/actor/lib/test/auto/Expression8.xml (RunModel)" time="0.012" />
  <testcase classname="ptolemy.util.test.junit.AutoTests" name="[167] /home/travis/build/icyphy/ptII/ptolemy/actor/lib/test/auto/Expression9.xml (RunModel)" time="0.01" />
  <testcase classname="ptolemy.util.test.junit.AutoTests" name="[168] /home/travis/build/icyphy/ptII/ptolemy/actor/lib/test/auto/ExpressionConcatenateArrayType.xml (RunModel)" time="0.023" />
  <testcase classname="ptolemy.util.test.junit.AutoTests" name="[169] /home/travis/build/icyphy/ptII/ptolemy/actor/lib/test/auto/ExpressionConcatenateArrayType2.xml (RunModel)" time="0.015" />
  <testcase classname="ptolemy.util.test.junit.AutoTests" name="[170] /home/travis/build/icyphy/ptII/ptolemy/actor/lib/test/auto/ExpressionFix.xml (RunModel)" time="0.027" />
  <testcase classname="ptolemy.util.test.junit.AutoTests" name="[171] /home/travis/build/icyphy/ptII/ptolemy/actor/lib/test/auto/ExpressionFix2.xml (RunModel)" time="0.014" />
  <testcase classname="ptolemy.util.test.junit.AutoTests" name="[172] /home/travis/build/icyphy/ptII/ptolemy/actor/lib/test/auto/ExpressionFix3.xml (RunModel)" time="0.015" />
  <testcase classname="ptolemy.util.test.junit.AutoTests" name="[173] /home/travis/build/icyphy/ptII/ptolemy/actor/lib/test/auto/FileWriter1.xml (RunModel)" time="0.012" />
  <testcase classname="ptolemy.util.test.junit.AutoTests" name="[174] /home/travis/build/icyphy/ptII/ptolemy/actor/lib/test/auto/FileWriter2.xml (RunModel)" time="0.013" />
  <testcase classname="ptolemy.util.test.junit.AutoTests" name="[175] /home/travis/build/icyphy/ptII/ptolemy/actor/lib/test/auto/FileWriter3.xml (RunModel)" time="0.013" />
  <testcase classname="ptolemy.util.test.junit.AutoTests" name="[176] /home/travis/build/icyphy/ptII/ptolemy/actor/lib/test/auto/Gaussian.xml (RunModel)" time="0.014" />
  <testcase classname="ptolemy.util.test.junit.AutoTests" name="[177] /home/travis/build/icyphy/ptII/ptolemy/actor/lib/test/auto/Gaussian1.xml (RunModel)" time="0.015" />
  <testcase classname="ptolemy.util.test.junit.AutoTests" name="[178] /home/travis/build/icyphy/ptII/ptolemy/actor/lib/test/auto/Gaussian2.xml (RunModel)" time="0.021" />
  <testcase classname="ptolemy.util.test.junit.AutoTests" name="[179] /home/travis/build/icyphy/ptII/ptolemy/actor/lib/test/auto/GradientAdaptiveLattice.xml (RunModel)" time="0.028" />
  <testcase classname="ptolemy.util.test.junit.AutoTests" name="[180] /home/travis/build/icyphy/ptII/ptolemy/actor/lib/test/auto/IIR.xml (RunModel)" time="0.013" />
  <testcase classname="ptolemy.util.test.junit.AutoTests" name="[181] /home/travis/build/icyphy/ptII/ptolemy/actor/lib/test/auto/InputOutputTransparentPorts.xml (RunModel)" time="0.019" />
  <testcase classname="ptolemy.util.test.junit.AutoTests" name="[182] /home/travis/build/icyphy/ptII/ptolemy/actor/lib/test/auto/Interpolator.xml (RunModel)" time="0.018" />
  <testcase classname="ptolemy.util.test.junit.AutoTests" name="[183] /home/travis/build/icyphy/ptII/ptolemy/actor/lib/test/auto/InterpolatorFiringLimitDE.xml (RunModel)" time="0.014" />
  <testcase classname="ptolemy.util.test.junit.AutoTests" name="[184] /home/travis/build/icyphy/ptII/ptolemy/actor/lib/test/auto/Lattice.xml (RunModel)" time="0.013" />
  <testcase classname="ptolemy.util.test.junit.AutoTests" name="[185] /home/travis/build/icyphy/ptII/ptolemy/actor/lib/test/auto/LazyAOCTestLazy.xml (RunModel)" time="0.025" />
  <testcase classname="ptolemy.util.test.junit.AutoTests" name="[186] /home/travis/build/icyphy/ptII/ptolemy/actor/lib/test/auto/LazyAOCTestNonLazy.xml (RunModel)" time="0.024" />
  <testcase classname="ptolemy.util.test.junit.AutoTests" name="[187] /home/travis/build/icyphy/ptII/ptolemy/actor/lib/test/auto/LazyInnerClass.xml (RunModel)" time="0.045" />
  <testcase classname="ptolemy.util.test.junit.AutoTests" name="[188] /home/travis/build/icyphy/ptII/ptolemy/actor/lib/test/auto/LazyPubSub.xml (RunModel)" time="0.069" />
  <testcase classname="ptolemy.util.test.junit.AutoTests" name="[189] /home/travis/build/icyphy/ptII/ptolemy/actor/lib/test/auto/LazyPubSub2.xml (RunModel)" time="0.03" />
  <testcase classname="ptolemy.util.test.junit.AutoTests" name="[190] /home/travis/build/icyphy/ptII/ptolemy/actor/lib/test/auto/LazyPubSub3.xml (RunModel)" time="0.027" />
  <testcase classname="ptolemy.util.test.junit.AutoTests" name="[191] /home/travis/build/icyphy/ptII/ptolemy/actor/lib/test/auto/LazySubClassModel.xml (RunModel)" time="0.021" />
  <testcase classname="ptolemy.util.test.junit.AutoTests" name="[192] /home/travis/build/icyphy/ptII/ptolemy/actor/lib/test/auto/LevelCrossTest1.xml (RunModel)" time="0.01" />
  <testcase classname="ptolemy.util.test.junit.AutoTests" name="[193] /home/travis/build/icyphy/ptII/ptolemy/actor/lib/test/auto/LevelCrossTest10.xml (RunModel)" time="0.015" />
  <testcase classname="ptolemy.util.test.junit.AutoTests" name="[194] /home/travis/build/icyphy/ptII/ptolemy/actor/lib/test/auto/LevelCrossTest11.xml (RunModel)" time="0.013" />
  <testcase classname="ptolemy.util.test.junit.AutoTests" name="[195] /home/travis/build/icyphy/ptII/ptolemy/actor/lib/test/auto/LevelCrossTest12.xml (RunModel)" time="0.014" />
  <testcase classname="ptolemy.util.test.junit.AutoTests" name="[196] /home/travis/build/icyphy/ptII/ptolemy/actor/lib/test/auto/LevelCrossTest13.xml (RunModel)" time="0.014" />
  <testcase classname="ptolemy.util.test.junit.AutoTests" name="[197] /home/travis/build/icyphy/ptII/ptolemy/actor/lib/test/auto/LevelCrossTest2.xml (RunModel)" time="0.012" />
  <testcase classname="ptolemy.util.test.junit.AutoTests" name="[198] /home/travis/build/icyphy/ptII/ptolemy/actor/lib/test/auto/LevelCrossTest3.xml (RunModel)" time="0.014" />
  <testcase classname="ptolemy.util.test.junit.AutoTests" name="[199] /home/travis/build/icyphy/ptII/ptolemy/actor/lib/test/auto/LevelCrossTest4.xml (RunModel)" time="0.014" />
  <testcase classname="ptolemy.util.test.junit.AutoTests" name="[200] /home/travis/build/icyphy/ptII/ptolemy/actor/lib/test/auto/LevelCrossTest5.xml (RunModel)" time="0.013" />
  <testcase classname="ptolemy.util.test.junit.AutoTests" name="[201] /home/travis/build/icyphy/ptII/ptolemy/actor/lib/test/auto/LevelCrossTest6.xml (RunModel)" time="0.013" />
  <testcase classname="ptolemy.util.test.junit.AutoTests" name="[202] /home/travis/build/icyphy/ptII/ptolemy/actor/lib/test/auto/LevelCrossTest7.xml (RunModel)" time="0.014" />
  <testcase classname="ptolemy.util.test.junit.AutoTests" name="[203] /home/travis/build/icyphy/ptII/ptolemy/actor/lib/test/auto/LevelCrossTest8.xml (RunModel)" time="0.014" />
  <testcase classname="ptolemy.util.test.junit.AutoTests" name="[204] /home/travis/build/icyphy/ptII/ptolemy/actor/lib/test/auto/LevelCrossTest9.xml (RunModel)" time="0.014" />
  <testcase classname="ptolemy.util.test.junit.AutoTests" name="[205] /home/travis/build/icyphy/ptII/ptolemy/actor/lib/test/auto/LevinsonDurbin.xml (RunModel)" time="0.01" />
  <testcase classname="ptolemy.util.test.junit.AutoTests" name="[206] /home/travis/build/icyphy/ptII/ptolemy/actor/lib/test/auto/LevinsonDurbin2.xml (RunModel)" time="0.009" />
  <testcase classname="ptolemy.util.test.junit.AutoTests" name="[207] /home/travis/build/icyphy/ptII/ptolemy/actor/lib/test/auto/LevinsonDurbin3.xml (RunModel)" time="0.009" />
  <testcase classname="ptolemy.util.test.junit.AutoTests" name="[208] /home/travis/build/icyphy/ptII/ptolemy/actor/lib/test/auto/Limiter.xml (RunModel)" time="0.024" />
  <testcase classname="ptolemy.util.test.junit.AutoTests" name="[209] /home/travis/build/icyphy/ptII/ptolemy/actor/lib/test/auto/LinearDifferenceEquationSystem.xml (RunModel)" time="0.021" />
  <testcase classname="ptolemy.util.test.junit.AutoTests" name="[210] /home/travis/build/icyphy/ptII/ptolemy/actor/lib/test/auto/LookupTable.xml (RunModel)" time="0.01" />
  <testcase classname="ptolemy.util.test.junit.AutoTests" name="[211] /home/travis/build/icyphy/ptII/ptolemy/actor/lib/test/auto/MathFunction.xml (RunModel)" time="0.019" />
  <testcase classname="ptolemy.util.test.junit.AutoTests" name="[212] /home/travis/build/icyphy/ptII/ptolemy/actor/lib/test/auto/MathFunction2.xml (RunModel)" time="0.01" />
  <testcase classname="ptolemy.util.test.junit.AutoTests" name="[213] /home/travis/build/icyphy/ptII/ptolemy/actor/lib/test/auto/MathFunction3.xml (RunModel)" time="0.028" />
  <testcase classname="ptolemy.util.test.junit.AutoTests" name="[214] /home/travis/build/icyphy/ptII/ptolemy/actor/lib/test/auto/MatrixCropBoolean.xml (RunModel)" time="0.01" />
  <testcase classname="ptolemy.util.test.junit.AutoTests" name="[215] /home/travis/build/icyphy/ptII/ptolemy/actor/lib/test/auto/MatrixCropComplex.xml (RunModel)" time="0.009" />
  <testcase classname="ptolemy.util.test.junit.AutoTests" name="[216] /home/travis/build/icyphy/ptII/ptolemy/actor/lib/test/auto/MatrixCropDouble.xml (RunModel)" time="0.011" />
  <testcase classname="ptolemy.util.test.junit.AutoTests" name="[217] /home/travis/build/icyphy/ptII/ptolemy/actor/lib/test/auto/MatrixCropFix.xml (RunModel)" time="0.01" />
  <testcase classname="ptolemy.util.test.junit.AutoTests" name="[218] /home/travis/build/icyphy/ptII/ptolemy/actor/lib/test/auto/MatrixCropInt.xml (RunModel)" time="0.008" />
  <testcase classname="ptolemy.util.test.junit.AutoTests" name="[219] /home/travis/build/icyphy/ptII/ptolemy/actor/lib/test/auto/MatrixCropLong.xml (RunModel)" time="0.013" />
  <testcase classname="ptolemy.util.test.junit.AutoTests" name="[220] /home/travis/build/icyphy/ptII/ptolemy/actor/lib/test/auto/MatrixToArray.xml (RunModel)" time="0.041" />
  <testcase classname="ptolemy.util.test.junit.AutoTests" name="[221] /home/travis/build/icyphy/ptII/ptolemy/actor/lib/test/auto/MaxIndex.xml (RunModel)" time="0.015" />
  <testcase classname="ptolemy.util.test.junit.AutoTests" name="[222] /home/travis/build/icyphy/ptII/ptolemy/actor/lib/test/auto/Maximum.xml (RunModel)" time="0.012" />
  <testcase classname="ptolemy.util.test.junit.AutoTests" name="[223] /home/travis/build/icyphy/ptII/ptolemy/actor/lib/test/auto/MaximumComplex.xml (RunModel)" time="0.013" />
  <testcase classname="ptolemy.util.test.junit.AutoTests" name="[224] /home/travis/build/icyphy/ptII/ptolemy/actor/lib/test/auto/MethodCallTest.xml (RunModel)" time="0.018" />
  <testcase classname="ptolemy.util.test.junit.AutoTests" name="[225] /home/travis/build/icyphy/ptII/ptolemy/actor/lib/test/auto/Minimum.xml (RunModel)" time="0.012" />
  <testcase classname="ptolemy.util.test.junit.AutoTests" name="[226] /home/travis/build/icyphy/ptII/ptolemy/actor/lib/test/auto/MinimumComplex.xml (RunModel)" time="0.012" />
  <testcase classname="ptolemy.util.test.junit.AutoTests" name="[227] /home/travis/build/icyphy/ptII/ptolemy/actor/lib/test/auto/MinimumMultiports.xml (RunModel)" time="0.02" />
  <testcase classname="ptolemy.util.test.junit.AutoTests" name="[228] /home/travis/build/icyphy/ptII/ptolemy/actor/lib/test/auto/ModifyDate.xml (RunModel)" time="0.035" />
  <testcase classname="ptolemy.util.test.junit.AutoTests" name="[229] /home/travis/build/icyphy/ptII/ptolemy/actor/lib/test/auto/ModifyDate2.xml (RunModel)" time="0.026" />
  <testcase classname="ptolemy.util.test.junit.AutoTests" name="[230] /home/travis/build/icyphy/ptII/ptolemy/actor/lib/test/auto/MovingAverage.xml (RunModel)" time="0.016" />
  <testcase classname="ptolemy.util.test.junit.AutoTests" name="[231] /home/travis/build/icyphy/ptII/ptolemy/actor/lib/test/auto/MovingMaximum.xml (RunModel)" time="0.01" />
  <testcase classname="ptolemy.util.test.junit.AutoTests" name="[232] /home/travis/build/icyphy/ptII/ptolemy/actor/lib/test/auto/MultipleLinksToSameRelation.xml (RunModel)" time="0.008" />
  <testcase classname="ptolemy.util.test.junit.AutoTests" name="[233] /home/travis/build/icyphy/ptII/ptolemy/actor/lib/test/auto/MultipleLinksToSameRelationDE.xml (RunModel)" time="0.009" />
  <testcase classname="ptolemy.util.test.junit.AutoTests" name="[234] /home/travis/build/icyphy/ptII/ptolemy/actor/lib/test/auto/Multiplexor.xml (RunModel)" time="0.013" />
  <testcase classname="ptolemy.util.test.junit.AutoTests" name="[235] /home/travis/build/icyphy/ptII/ptolemy/actor/lib/test/auto/Multiplexor1.xml (RunModel)" time="0.016" />
  <testcase classname="ptolemy.util.test.junit.AutoTests" name="[236] /home/travis/build/icyphy/ptII/ptolemy/actor/lib/test/auto/Multiplexor2.xml (RunModel)" time="0.016" />
  <testcase classname="ptolemy.util.test.junit.AutoTests" name="[237] /home/travis/build/icyphy/ptII/ptolemy/actor/lib/test/auto/Multiplexor3.xml (RunModel)" time="0.009" />
  <testcase classname="ptolemy.util.test.junit.AutoTests" name="[238] /home/travis/build/icyphy/ptII/ptolemy/actor/lib/test/auto/MultiplexorDE.xml (RunModel)" time="0.022" />
  <testcase classname="ptolemy.util.test.junit.AutoTests" name="[239] /home/travis/build/icyphy/ptII/ptolemy/actor/lib/test/auto/MultiportBroadcastTest.xml (RunModel)" time="0.061" />
  <testcase classname="ptolemy.util.test.junit.AutoTests" name="[240] /home/travis/build/icyphy/ptII/ptolemy/actor/lib/test/auto/MultiportOutHangDuringGetWidth.xml (RunModel)" time="0.038" />
  <testcase classname="ptolemy.util.test.junit.AutoTests" name="[241] /home/travis/build/icyphy/ptII/ptolemy/actor/lib/test/auto/NilToken.xml (RunModel)" time="0.013" />
  <testcase classname="ptolemy.util.test.junit.AutoTests" name="[242] /home/travis/build/icyphy/ptII/ptolemy/actor/lib/test/auto/NilTokenNonStrictTest.xml (RunModel)" time="0.013" />
  <testcase classname="ptolemy.util.test.junit.AutoTests" name="[243] /home/travis/build/icyphy/ptII/ptolemy/actor/lib/test/auto/NilTokenRecord.xml (RunModel)" time="0.031" />
  <testcase classname="ptolemy.util.test.junit.AutoTests" name="[244] /home/travis/build/icyphy/ptII/ptolemy/actor/lib/test/auto/NilTokenTypeTest.xml (RunModel)" time="0.038" />
  <testcase classname="ptolemy.util.test.junit.AutoTests" name="[245] /home/travis/build/icyphy/ptII/ptolemy/actor/lib/test/auto/ObjectToken1.xml (RunModel)" time="0.008" />
  <testcase classname="ptolemy.util.test.junit.AutoTests" name="[246] /home/travis/build/icyphy/ptII/ptolemy/actor/lib/test/auto/OrderedMerge.xml (RunModel)" time="0.02" />
  <testcase classname="ptolemy.util.test.junit.AutoTests" name="[247] /home/travis/build/icyphy/ptII/ptolemy/actor/lib/test/auto/OrderedRecordDisassembler.xml (RunModel)" time="0.012" />
  <testcase classname="ptolemy.util.test.junit.AutoTests" name="[248] /home/travis/build/icyphy/ptII/ptolemy/actor/lib/test/auto/OrderedRecordDisassembler2.xml (RunModel)" time="0.017" />
  <testcase classname="ptolemy.util.test.junit.AutoTests" name="[249] /home/travis/build/icyphy/ptII/ptolemy/actor/lib/test/auto/OrderedRecordUpdater.xml (RunModel)" time="0.012" />
  <testcase classname="ptolemy.util.test.junit.AutoTests" name="[250] /home/travis/build/icyphy/ptII/ptolemy/actor/lib/test/auto/OrderedRecordUpdater2.xml (RunModel)" time="0.017" />
  <testcase classname="ptolemy.util.test.junit.AutoTests" name="[251] /home/travis/build/icyphy/ptII/ptolemy/actor/lib/test/auto/PhaseUnwrap.xml (RunModel)" time="0.012" />
  <testcase classname="ptolemy.util.test.junit.AutoTests" name="[252] /home/travis/build/icyphy/ptII/ptolemy/actor/lib/test/auto/PoissonClock.xml (RunModel)" time="0.011" />
  <testcase classname="ptolemy.util.test.junit.AutoTests" name="[253] /home/travis/build/icyphy/ptII/ptolemy/actor/lib/test/auto/PoissonClock2.xml (RunModel)" time="0.014" />
  <testcase classname="ptolemy.util.test.junit.AutoTests" name="[254] /home/travis/build/icyphy/ptII/ptolemy/actor/lib/test/auto/PoissonClock3.xml (RunModel)" time="0.01" />
  <testcase classname="ptolemy.util.test.junit.AutoTests" name="[255] /home/travis/build/icyphy/ptII/ptolemy/actor/lib/test/auto/PubSubWithInitialTokens.xml (RunModel)" time="0.012" />
  <testcase classname="ptolemy.util.test.junit.AutoTests" name="[256] /home/travis/build/icyphy/ptII/ptolemy/actor/lib/test/auto/PubSubWithInitialTokens2.xml (RunModel)" time="0.013" />
  <testcase classname="ptolemy.util.test.junit.AutoTests" name="[257] /home/travis/build/icyphy/ptII/ptolemy/actor/lib/test/auto/PublisherClassNoParameter.xml (RunModel)" time="0.021" />
  <testcase classname="ptolemy.util.test.junit.AutoTests" name="[258] /home/travis/build/icyphy/ptII/ptolemy/actor/lib/test/auto/PublisherClassParameter.xml (RunModel)" time="0.023" />
  <testcase classname="ptolemy.util.test.junit.AutoTests" name="[259] /home/travis/build/icyphy/ptII/ptolemy/actor/lib/test/auto/PublisherNonStrictTest.xml (RunModel)" time="0.021" />
  <testcase classname="ptolemy.util.test.junit.AutoTests" name="[260] /home/travis/build/icyphy/ptII/ptolemy/actor/lib/test/auto/PublisherPort1.xml (RunModel)" time="0.012" />
  <testcase classname="ptolemy.util.test.junit.AutoTests" name="[261] /home/travis/build/icyphy/ptII/ptolemy/actor/lib/test/auto/PublisherPort2.xml (RunModel)" time="0.011" />
  <testcase classname="ptolemy.util.test.junit.AutoTests" name="[262] /home/travis/build/icyphy/ptII/ptolemy/actor/lib/test/auto/PublisherPort3.xml (RunModel)" time="0.017" />
  <testcase classname="ptolemy.util.test.junit.AutoTests" name="[263] /home/travis/build/icyphy/ptII/ptolemy/actor/lib/test/auto/PublisherPort4.xml (RunModel)" time="0.017" />
  <testcase classname="ptolemy.util.test.junit.AutoTests" name="[264] /home/travis/build/icyphy/ptII/ptolemy/actor/lib/test/auto/PublisherPort5.xml (RunModel)" time="0.016" />
  <testcase classname="ptolemy.util.test.junit.AutoTests" name="[265] /home/travis/build/icyphy/ptII/ptolemy/actor/lib/test/auto/PublisherPort5LookAlike.xml (RunModel)" time="0.017" />
  <testcase classname="ptolemy.util.test.junit.AutoTests" name="[266] /home/travis/build/icyphy/ptII/ptolemy/actor/lib/test/auto/PublisherPort6.xml (RunModel)" time="0.015" />
  <testcase classname="ptolemy.util.test.junit.AutoTests" name="[267] /home/travis/build/icyphy/ptII/ptolemy/actor/lib/test/auto/PublisherPort7.xml (RunModel)" time="0.022" />
  <testcase classname="ptolemy.util.test.junit.AutoTests" name="[268] /home/travis/build/icyphy/ptII/ptolemy/actor/lib/test/auto/PublisherPort8.xml (RunModel)" time="0.016" />
  <testcase classname="ptolemy.util.test.junit.AutoTests" name="[269] /home/travis/build/icyphy/ptII/ptolemy/actor/lib/test/auto/PublisherPortSubscriberChannelVariablesAOC2.xml (RunModel)" time="0.03" />
  <testcase classname="ptolemy.util.test.junit.AutoTests" name="[270] /home/travis/build/icyphy/ptII/ptolemy/actor/lib/test/auto/PublisherPortSubscriberOpaqueWidthInference.xml (RunModel)" time="0.014" />
  <testcase classname="ptolemy.util.test.junit.AutoTests" name="[271] /home/travis/build/icyphy/ptII/ptolemy/actor/lib/test/auto/PublisherPortSubscriberPortAdjacent.xml (RunModel)" time="0.017" />
  <testcase classname="ptolemy.util.test.junit.AutoTests" name="[272] /home/travis/build/icyphy/ptII/ptolemy/actor/lib/test/auto/PublisherPortSubscriberPortExpression.xml (RunModel)" time="0.017" />
  <testcase classname="ptolemy.util.test.junit.AutoTests" name="[273] /home/travis/build/icyphy/ptII/ptolemy/actor/lib/test/auto/PublisherPortSubscriberPortOpaqueD3Reverse.xml (RunModel)" time="0.019" />
  <testcase classname="ptolemy.util.test.junit.AutoTests" name="[274] /home/travis/build/icyphy/ptII/ptolemy/actor/lib/test/auto/PublisherPortSubscriberPortOpaqueWidthInference.xml (RunModel)" time="0.018" />
  <testcase classname="ptolemy.util.test.junit.AutoTests" name="[275] /home/travis/build/icyphy/ptII/ptolemy/actor/lib/test/auto/PublisherPortToplevelSubscriberPortAOC.xml (RunModel)" time="0.009" />
  <testcase classname="ptolemy.util.test.junit.AutoTests" name="[276] /home/travis/build/icyphy/ptII/ptolemy/actor/lib/test/auto/PublisherSubscriber.xml (RunModel)" time="0.015" />
  <testcase classname="ptolemy.util.test.junit.AutoTests" name="[277] /home/travis/build/icyphy/ptII/ptolemy/actor/lib/test/auto/PublisherSubscriber10.xml (RunModel)" time="0.02" />
  <testcase classname="ptolemy.util.test.junit.AutoTests" name="[278] /home/travis/build/icyphy/ptII/ptolemy/actor/lib/test/auto/PublisherSubscriber10InitialOutputs.xml (RunModel)" time="0.022" />
  <testcase classname="ptolemy.util.test.junit.AutoTests" name="[279] /home/travis/build/icyphy/ptII/ptolemy/actor/lib/test/auto/PublisherSubscriber11.xml (RunModel)" time="0.011" />
  <testcase classname="ptolemy.util.test.junit.AutoTests" name="[280] /home/travis/build/icyphy/ptII/ptolemy/actor/lib/test/auto/PublisherSubscriber12.xml (RunModel)" time="0.013" />
  <testcase classname="ptolemy.util.test.junit.AutoTests" name="[281] /home/travis/build/icyphy/ptII/ptolemy/actor/lib/test/auto/PublisherSubscriber13.xml (RunModel)" time="0.01" />
  <testcase classname="ptolemy.util.test.junit.AutoTests" name="[282] /home/travis/build/icyphy/ptII/ptolemy/actor/lib/test/auto/PublisherSubscriber14.xml (RunModel)" time="0.02" />
  <testcase classname="ptolemy.util.test.junit.AutoTests" name="[283] /home/travis/build/icyphy/ptII/ptolemy/actor/lib/test/auto/PublisherSubscriber2.xml (RunModel)" time="0.01" />
  <testcase classname="ptolemy.util.test.junit.AutoTests" name="[284] /home/travis/build/icyphy/ptII/ptolemy/actor/lib/test/auto/PublisherSubscriber3.xml (RunModel)" time="0.01" />
  <testcase classname="ptolemy.util.test.junit.AutoTests" name="[285] /home/travis/build/icyphy/ptII/ptolemy/actor/lib/test/auto/PublisherSubscriber4.xml (RunModel)" time="0.013" />
  <testcase classname="ptolemy.util.test.junit.AutoTests" name="[286] /home/travis/build/icyphy/ptII/ptolemy/actor/lib/test/auto/PublisherSubscriber5.xml (RunModel)" time="0.011" />
  <testcase classname="ptolemy.util.test.junit.AutoTests" name="[287] /home/travis/build/icyphy/ptII/ptolemy/actor/lib/test/auto/PublisherSubscriber6.xml (RunModel)" time="0.013" />
  <testcase classname="ptolemy.util.test.junit.AutoTests" name="[288] /home/travis/build/icyphy/ptII/ptolemy/actor/lib/test/auto/PublisherSubscriber7.xml (RunModel)" time="0.017" />
  <testcase classname="ptolemy.util.test.junit.AutoTests" name="[289] /home/travis/build/icyphy/ptII/ptolemy/actor/lib/test/auto/PublisherSubscriber8.xml (RunModel)" time="0.049" />
  <testcase classname="ptolemy.util.test.junit.AutoTests" name="[290] /home/travis/build/icyphy/ptII/ptolemy/actor/lib/test/auto/PublisherSubscriber9.xml (RunModel)" time="0.023" />
  <testcase classname="ptolemy.util.test.junit.AutoTests" name="[291] /home/travis/build/icyphy/ptII/ptolemy/actor/lib/test/auto/PublisherSubscriberAdjacent.xml (RunModel)" time="0.026" />
  <testcase classname="ptolemy.util.test.junit.AutoTests" name="[292] /home/travis/build/icyphy/ptII/ptolemy/actor/lib/test/auto/PublisherSubscriberChannelVariablesAOC2.xml (RunModel)" time="0.026" />
  <testcase classname="ptolemy.util.test.junit.AutoTests" name="[293] /home/travis/build/icyphy/ptII/ptolemy/actor/lib/test/auto/PublisherSubscriberD3.xml (RunModel)" time="0.013" />
  <testcase classname="ptolemy.util.test.junit.AutoTests" name="[294] /home/travis/build/icyphy/ptII/ptolemy/actor/lib/test/auto/PublisherSubscriberD3Reverse.xml (RunModel)" time="0.012" />
  <testcase classname="ptolemy.util.test.junit.AutoTests" name="[295] /home/travis/build/icyphy/ptII/ptolemy/actor/lib/test/auto/PublisherSubscriberExpression.xml (RunModel)" time="0.021" />
  <testcase classname="ptolemy.util.test.junit.AutoTests" name="[296] /home/travis/build/icyphy/ptII/ptolemy/actor/lib/test/auto/PublisherSubscriberOpaque.xml (RunModel)" time="0.015" />
  <testcase classname="ptolemy.util.test.junit.AutoTests" name="[297] /home/travis/build/icyphy/ptII/ptolemy/actor/lib/test/auto/PublisherSubscriberOpaqueD3.xml (RunModel)" time="0.021" />
  <testcase classname="ptolemy.util.test.junit.AutoTests" name="[298] /home/travis/build/icyphy/ptII/ptolemy/actor/lib/test/auto/PublisherSubscriberOpaqueD3Reverse.xml (RunModel)" time="0.024" />
  <testcase classname="ptolemy.util.test.junit.AutoTests" name="[299] /home/travis/build/icyphy/ptII/ptolemy/actor/lib/test/auto/PublisherSubscriberOpaqueWidthInference.xml (RunModel)" time="0.017" />
  <testcase classname="ptolemy.util.test.junit.AutoTests" name="[300] /home/travis/build/icyphy/ptII/ptolemy/actor/lib/test/auto/PublisherTestSubscriber.xml (RunModel)" time="0.015" />
  <testcase classname="ptolemy.util.test.junit.AutoTests" name="[301] /home/travis/build/icyphy/ptII/ptolemy/actor/lib/test/auto/PublisherToplevelSubscriberPortAOC.xml (RunModel)" time="0.011" />
  <testcase classname="ptolemy.util.test.junit.AutoTests" name="[302] /home/travis/build/icyphy/ptII/ptolemy/actor/lib/test/auto/PulseFiringLimitDE.xml (RunModel)" time="0.017" />
  <testcase classname="ptolemy.util.test.junit.AutoTests" name="[303] /home/travis/build/icyphy/ptII/ptolemy/actor/lib/test/auto/Ramp1.xml (RunModel)" time="0.007" />
  <testcase classname="ptolemy.util.test.junit.AutoTests" name="[304] /home/travis/build/icyphy/ptII/ptolemy/actor/lib/test/auto/RampFiringLimitDE.xml (RunModel)" time="0.015" />
  <testcase classname="ptolemy.util.test.junit.AutoTests" name="[305] /home/travis/build/icyphy/ptII/ptolemy/actor/lib/test/auto/RampFiringLimitSDF.xml (RunModel)" time="0.011" />
  <testcase classname="ptolemy.util.test.junit.AutoTests" name="[306] /home/travis/build/icyphy/ptII/ptolemy/actor/lib/test/auto/RandomInteger.xml (RunModel)" time="0.009" />
  <testcase classname="ptolemy.util.test.junit.AutoTests" name="[307] /home/travis/build/icyphy/ptII/ptolemy/actor/lib/test/auto/ReadFile1.xml (RunModel)" time="0.009" />
  <testcase classname="ptolemy.util.test.junit.AutoTests" name="[308] /home/travis/build/icyphy/ptII/ptolemy/actor/lib/test/auto/ReadFile2.xml (RunModel)" time="0.007" />
  <testcase classname="ptolemy.util.test.junit.AutoTests" name="[309] /home/travis/build/icyphy/ptII/ptolemy/actor/lib/test/auto/Reader.xml (RunModel)" time="0.022" />
  <testcase classname="ptolemy.util.test.junit.AutoTests" name="[310] /home/travis/build/icyphy/ptII/ptolemy/actor/lib/test/auto/RecordAssemblerDisplayNameTest.xml (RunModel)" time="3.18" />
  <testcase classname="ptolemy.util.test.junit.AutoTests" name="[311] /home/travis/build/icyphy/ptII/ptolemy/actor/lib/test/auto/RecordAssemblerTypeError.xml (RunModel)" time="0.033" />
  <testcase classname="ptolemy.util.test.junit.AutoTests" name="[312] /home/travis/build/icyphy/ptII/ptolemy/actor/lib/test/auto/RecordDisassember.xml (RunModel)" time="0.009" />
  <testcase classname="ptolemy.util.test.junit.AutoTests" name="[313] /home/travis/build/icyphy/ptII/ptolemy/actor/lib/test/auto/RecordDisassemberDisplayNameTest.xml (RunModel)" time="0.018" />
  <testcase classname="ptolemy.util.test.junit.AutoTests" name="[314] /home/travis/build/icyphy/ptII/ptolemy/actor/lib/test/auto/RecordDisassembler.xml (RunModel)" time="0.017" />
  <testcase classname="ptolemy.util.test.junit.AutoTests" name="[315] /home/travis/build/icyphy/ptII/ptolemy/actor/lib/test/auto/RecordDisassembler2.xml (RunModel)" time="0.011" />
  <testcase classname="ptolemy.util.test.junit.AutoTests" name="[316] /home/travis/build/icyphy/ptII/ptolemy/actor/lib/test/auto/RecordUpdater.xml (RunModel)" time="0.013" />
  <testcase classname="ptolemy.util.test.junit.AutoTests" name="[317] /home/travis/build/icyphy/ptII/ptolemy/actor/lib/test/auto/RecordUpdater2.xml (RunModel)" time="0.011" />
  <testcase classname="ptolemy.util.test.junit.AutoTests" name="[318] /home/travis/build/icyphy/ptII/ptolemy/actor/lib/test/auto/RecursiveLattice.xml (RunModel)" time="0.008" />
  <testcase classname="ptolemy.util.test.junit.AutoTests" name="[319] /home/travis/build/icyphy/ptII/ptolemy/actor/lib/test/auto/Router.xml (RunModel)" time="3.022" />
  <testcase classname="ptolemy.util.test.junit.AutoTests" name="[320] /home/travis/build/icyphy/ptII/ptolemy/actor/lib/test/auto/Router2.xml (RunModel)" time="3.023" />
  <testcase classname="ptolemy.util.test.junit.AutoTests" name="[321] /home/travis/build/icyphy/ptII/ptolemy/actor/lib/test/auto/RunningMaximum.xml (RunModel)" time="0.014" />
  <testcase classname="ptolemy.util.test.junit.AutoTests" name="[322] /home/travis/build/icyphy/ptII/ptolemy/actor/lib/test/auto/RunningMinimum.xml (RunModel)" time="0.017" />
  <testcase classname="ptolemy.util.test.junit.AutoTests" name="[323] /home/travis/build/icyphy/ptII/ptolemy/actor/lib/test/auto/Scale.xml (RunModel)" time="0.009" />
  <testcase classname="ptolemy.util.test.junit.AutoTests" name="[324] /home/travis/build/icyphy/ptII/ptolemy/actor/lib/test/auto/Scale2.xml (RunModel)" time="0.01" />
  <testcase classname="ptolemy.util.test.junit.AutoTests" name="[325] /home/travis/build/icyphy/ptII/ptolemy/actor/lib/test/auto/Scale3.xml (RunModel)" time="0.024" />
  <testcase classname="ptolemy.util.test.junit.AutoTests" name="[326] /home/travis/build/icyphy/ptII/ptolemy/actor/lib/test/auto/ScaleArray.xml (RunModel)" time="0.008" />
  <testcase classname="ptolemy.util.test.junit.AutoTests" name="[327] /home/travis/build/icyphy/ptII/ptolemy/actor/lib/test/auto/ScaleArray2.xml (RunModel)" time="0.009" />
  <testcase classname="ptolemy.util.test.junit.AutoTests" name="[328] /home/travis/build/icyphy/ptII/ptolemy/actor/lib/test/auto/ScaleMatrix.xml (RunModel)" time="0.137" />
  <testcase classname="ptolemy.util.test.junit.AutoTests" name="[329] /home/travis/build/icyphy/ptII/ptolemy/actor/lib/test/auto/Select.xml (RunModel)" time="0.016" />
  <testcase classname="ptolemy.util.test.junit.AutoTests" name="[330] /home/travis/build/icyphy/ptII/ptolemy/actor/lib/test/auto/Select2.xml (RunModel)" time="0.008" />
  <testcase classname="ptolemy.util.test.junit.AutoTests" name="[331] /home/travis/build/icyphy/ptII/ptolemy/actor/lib/test/auto/SequenceToArray2.xml (RunModel)" time="0.149" />
  <testcase classname="ptolemy.util.test.junit.AutoTests" name="[332] /home/travis/build/icyphy/ptII/ptolemy/actor/lib/test/auto/SequentialClock.xml (RunModel)" time="0.008" />
  <testcase classname="ptolemy.util.test.junit.AutoTests" name="[333] /home/travis/build/icyphy/ptII/ptolemy/actor/lib/test/auto/SetVariable.xml (RunModel)" time="0.011" />
  <testcase classname="ptolemy.util.test.junit.AutoTests" name="[334] /home/travis/build/icyphy/ptII/ptolemy/actor/lib/test/auto/SetVariable2.xml (RunModel)" time="0.01" />
  <testcase classname="ptolemy.util.test.junit.AutoTests" name="[335] /home/travis/build/icyphy/ptII/ptolemy/actor/lib/test/auto/SetVariable3.xml (RunModel)" time="0.012" />
  <testcase classname="ptolemy.util.test.junit.AutoTests" name="[336] /home/travis/build/icyphy/ptII/ptolemy/actor/lib/test/auto/SetVariable4.xml (RunModel)" time="0.029" />
  <testcase classname="ptolemy.util.test.junit.AutoTests" name="[337] /home/travis/build/icyphy/ptII/ptolemy/actor/lib/test/auto/SetVariable5.xml (RunModel)" time="0.031" />
  <testcase classname="ptolemy.util.test.junit.AutoTests" name="[338] /home/travis/build/icyphy/ptII/ptolemy/actor/lib/test/auto/Sinewave.xml (RunModel)" time="0.03" />
  <testcase classname="ptolemy.util.test.junit.AutoTests" name="[339] /home/travis/build/icyphy/ptII/ptolemy/actor/lib/test/auto/Sinewave2.xml (RunModel)" time="0.015" />
  <testcase classname="ptolemy.util.test.junit.AutoTests" name="[340] /home/travis/build/icyphy/ptII/ptolemy/actor/lib/test/auto/Sinewave3.xml (RunModel)" time="0.02" />
  <testcase classname="ptolemy.util.test.junit.AutoTests" name="[341] /home/travis/build/icyphy/ptII/ptolemy/actor/lib/test/auto/SingleEvent.xml (RunModel)" time="0.008" />
  <testcase classname="ptolemy.util.test.junit.AutoTests" name="[342] /home/travis/build/icyphy/ptII/ptolemy/actor/lib/test/auto/Sleep.xml (RunModel)" time="6.014" />
  <testcase classname="ptolemy.util.test.junit.AutoTests" name="[343] /home/travis/build/icyphy/ptII/ptolemy/actor/lib/test/auto/SleepMultipleFire.xml (RunModel)" time="1.017" />
  <testcase classname="ptolemy.util.test.junit.AutoTests" name="[344] /home/travis/build/icyphy/ptII/ptolemy/actor/lib/test/auto/StopDE.xml (RunModel)" time="0.012" />
  <testcase classname="ptolemy.util.test.junit.AutoTests" name="[345] /home/travis/build/icyphy/ptII/ptolemy/actor/lib/test/auto/StopSDF.xml (RunModel)" time="0.013" />
  <testcase classname="ptolemy.util.test.junit.AutoTests" name="[346] /home/travis/build/icyphy/ptII/ptolemy/actor/lib/test/auto/StringConstant.xml (RunModel)" time="0.011" />
  <testcase classname="ptolemy.util.test.junit.AutoTests" name="[347] /home/travis/build/icyphy/ptII/ptolemy/actor/lib/test/auto/SubscriberPortInitialValues1.xml (RunModel)" time="0.019" />
  <testcase classname="ptolemy.util.test.junit.AutoTests" name="[348] /home/travis/build/icyphy/ptII/ptolemy/actor/lib/test/auto/SubscriberPortInitialValues13.xml (RunModel)" time="0.025" />
  <testcase classname="ptolemy.util.test.junit.AutoTests" name="[349] /home/travis/build/icyphy/ptII/ptolemy/actor/lib/test/auto/SubscriberPortInitialValues14.xml (RunModel)" time="0.016" />
  <testcase classname="ptolemy.util.test.junit.AutoTests" name="[350] /home/travis/build/icyphy/ptII/ptolemy/actor/lib/test/auto/SubscriberPortInitialValues2.xml (RunModel)" time="0.015" />
  <testcase classname="ptolemy.util.test.junit.AutoTests" name="[351] /home/travis/build/icyphy/ptII/ptolemy/actor/lib/test/auto/SubscriberPortInitialValues3.xml (RunModel)" time="0.019" />
  <testcase classname="ptolemy.util.test.junit.AutoTests" name="[352] /home/travis/build/icyphy/ptII/ptolemy/actor/lib/test/auto/SubscriptionAggregator.xml (RunModel)" time="0.016" />
  <testcase classname="ptolemy.util.test.junit.AutoTests" name="[353] /home/travis/build/icyphy/ptII/ptolemy/actor/lib/test/auto/SubscriptionAggregator2.xml (RunModel)" time="0.013" />
  <testcase classname="ptolemy.util.test.junit.AutoTests" name="[354] /home/travis/build/icyphy/ptII/ptolemy/actor/lib/test/auto/SubscriptionAggregator3.xml (RunModel)" time="0.015" />
  <testcase classname="ptolemy.util.test.junit.AutoTests" name="[355] /home/travis/build/icyphy/ptII/ptolemy/actor/lib/test/auto/SubscriptionAggregatorMultiply.xml (RunModel)" time="0.014" />
  <testcase classname="ptolemy.util.test.junit.AutoTests" name="[356] /home/travis/build/icyphy/ptII/ptolemy/actor/lib/test/auto/SubscriptionAggregatorPortMultiply1.xml (RunModel)" time="0.013" />
  <testcase classname="ptolemy.util.test.junit.AutoTests" name="[357] /home/travis/build/icyphy/ptII/ptolemy/actor/lib/test/auto/Switch.xml (RunModel)" time="0.021" />
  <testcase classname="ptolemy.util.test.junit.AutoTests" name="[358] /home/travis/build/icyphy/ptII/ptolemy/actor/lib/test/auto/Switch2.xml (RunModel)" time="0.014" />
  <testcase classname="ptolemy.util.test.junit.AutoTests" name="[359] /home/travis/build/icyphy/ptII/ptolemy/actor/lib/test/auto/SwitchDE.xml (RunModel)" time="0.013" />
  <testcase classname="ptolemy.util.test.junit.AutoTests" name="[360] /home/travis/build/icyphy/ptII/ptolemy/actor/lib/test/auto/SynchronizerDE.xml (RunModel)" time="0.017" />
  <testcase classname="ptolemy.util.test.junit.AutoTests" name="[361] /home/travis/build/icyphy/ptII/ptolemy/actor/lib/test/auto/Test.xml (RunModel)" time="0.009" />
  <testcase classname="ptolemy.util.test.junit.AutoTests" name="[362] /home/travis/build/icyphy/ptII/ptolemy/actor/lib/test/auto/TestExceptionAttribute1.xml (RunModel)" time="0.007" />
  <testcase classname="ptolemy.util.test.junit.AutoTests" name="[363] /home/travis/build/icyphy/ptII/ptolemy/actor/lib/test/auto/TestExceptionAttribute2.xml (RunModel)" time="0.007" />
  <testcase classname="ptolemy.util.test.junit.AutoTests" name="[364] /home/travis/build/icyphy/ptII/ptolemy/actor/lib/test/auto/TestExceptionAttribute3.xml (RunModel)" time="0.006" />
  <testcase classname="ptolemy.util.test.junit.AutoTests" name="[365] /home/travis/build/icyphy/ptII/ptolemy/actor/lib/test/auto/TestExceptionAttribute4.xml (RunModel)" time="0.007" />
  <testcase classname="ptolemy.util.test.junit.AutoTests" name="[366] /home/travis/build/icyphy/ptII/ptolemy/actor/lib/test/auto/TestExceptionHandler1.xml (RunModel)" time="0.01" />
  <testcase classname="ptolemy.util.test.junit.AutoTests" name="[367] /home/travis/build/icyphy/ptII/ptolemy/actor/lib/test/auto/TestExceptionHandler2.xml (RunModel)" time="0.011" />
  <testcase classname="ptolemy.util.test.junit.AutoTests" name="[368] /home/travis/build/icyphy/ptII/ptolemy/actor/lib/test/auto/TestExceptionHandler3.xml (RunModel)" time="0.01" />
  <testcase classname="ptolemy.util.test.junit.AutoTests" name="[369] /home/travis/build/icyphy/ptII/ptolemy/actor/lib/test/auto/TestExceptionHandler4.xml (RunModel)" time="0.007" />
  <testcase classname="ptolemy.util.test.junit.AutoTests" name="[370] /home/travis/build/icyphy/ptII/ptolemy/actor/lib/test/auto/TestRequireCorrectOrder.xml (RunModel)" time="0.01" />
  <testcase classname="ptolemy.util.test.junit.AutoTests" name="[371] /home/travis/build/icyphy/ptII/ptolemy/actor/lib/test/auto/TestSimple.xml (RunModel)" time="0.01" />
  <testcase classname="ptolemy.util.test.junit.AutoTests" name="[372] /home/travis/build/icyphy/ptII/ptolemy/actor/lib/test/auto/ThrowModelError.xml (RunModel)" time="0.011" />
  <testcase classname="ptolemy.util.test.junit.AutoTests" name="[373] /home/travis/build/icyphy/ptII/ptolemy/actor/lib/test/auto/TimeDelayMicrosteps.xml (RunModel)" time="0.016" />
  <testcase classname="ptolemy.util.test.junit.AutoTests" name="[374] /home/travis/build/icyphy/ptII/ptolemy/actor/lib/test/auto/TimeDelayMicrosteps2.xml (RunModel)" time="0.015" />
  <testcase classname="ptolemy.util.test.junit.AutoTests" name="[375] /home/travis/build/icyphy/ptII/ptolemy/actor/lib/test/auto/TimeDelayMicrosteps3.xml (RunModel)" time="0.014" />
  <testcase classname="ptolemy.util.test.junit.AutoTests" name="[376] /home/travis/build/icyphy/ptII/ptolemy/actor/lib/test/auto/TimeDelayVariableMicrosteps.xml (RunModel)" time="0.012" />
  <testcase classname="ptolemy.util.test.junit.AutoTests" name="[377] /home/travis/build/icyphy/ptII/ptolemy/actor/lib/test/auto/TimeGap.xml (RunModel)" time="0.014" />
  <testcase classname="ptolemy.util.test.junit.AutoTests" name="[378] /home/travis/build/icyphy/ptII/ptolemy/actor/lib/test/auto/TimeGap2.xml (RunModel)" time="0.011" />
  <testcase classname="ptolemy.util.test.junit.AutoTests" name="[379] /home/travis/build/icyphy/ptII/ptolemy/actor/lib/test/auto/TimedSinewave.xml (RunModel)" time="0.057" />
  <testcase classname="ptolemy.util.test.junit.AutoTests" name="[380] /home/travis/build/icyphy/ptII/ptolemy/actor/lib/test/auto/TimedSinewavePhase.xml (RunModel)" time="0.031" />
  <testcase classname="ptolemy.util.test.junit.AutoTests" name="[381] /home/travis/build/icyphy/ptII/ptolemy/actor/lib/test/auto/Timer.xml (RunModel)" time="0.013" />
  <testcase classname="ptolemy.util.test.junit.AutoTests" name="[382] /home/travis/build/icyphy/ptII/ptolemy/actor/lib/test/auto/TriangularDistTestModel.xml (RunModel)" time="0.02" />
  <testcase classname="ptolemy.util.test.junit.AutoTests" name="[383] /home/travis/build/icyphy/ptII/ptolemy/actor/lib/test/auto/TrigFunction.xml (RunModel)" time="0.016" />
  <testcase classname="ptolemy.util.test.junit.AutoTests" name="[384] /home/travis/build/icyphy/ptII/ptolemy/actor/lib/test/auto/TrigFunctionDE.xml (RunModel)" time="0.012" />
  <testcase classname="ptolemy.util.test.junit.AutoTests" name="[385] /home/travis/build/icyphy/ptII/ptolemy/actor/lib/test/auto/TrigFunctionInverse.xml (RunModel)" time="0.011" />
  <testcase classname="ptolemy.util.test.junit.AutoTests" name="[386] /home/travis/build/icyphy/ptII/ptolemy/actor/lib/test/auto/TrigFunctionTan.xml (RunModel)" time="0.007" />
  <testcase classname="ptolemy.util.test.junit.AutoTests" name="[387] /home/travis/build/icyphy/ptII/ptolemy/actor/lib/test/auto/TriggeredClock.xml (RunModel)" time="0.008" />
  <testcase classname="ptolemy.util.test.junit.AutoTests" name="[388] /home/travis/build/icyphy/ptII/ptolemy/actor/lib/test/auto/URLDirectoryReader.xml (RunModel)" time="0.095" />
  <testcase classname="ptolemy.util.test.junit.AutoTests" name="[389] /home/travis/build/icyphy/ptII/ptolemy/actor/lib/test/auto/URLDirectoryReader3.xml (RunModel)" time="1.399" />
  <testcase classname="ptolemy.util.test.junit.AutoTests" name="[390] /home/travis/build/icyphy/ptII/ptolemy/actor/lib/test/auto/UnaryMathFunction.xml (RunModel)" time="0.02" />
  <testcase classname="ptolemy.util.test.junit.AutoTests" name="[391] /home/travis/build/icyphy/ptII/ptolemy/actor/lib/test/auto/Uniform.xml (RunModel)" time="0.043" />
  <testcase classname="ptolemy.util.test.junit.AutoTests" name="[392] /home/travis/build/icyphy/ptII/ptolemy/actor/lib/test/auto/UnionDisassemblerTest.xml (RunModel)" time="0.023" />
  <testcase classname="ptolemy.util.test.junit.AutoTests" name="[393] /home/travis/build/icyphy/ptII/ptolemy/actor/lib/test/auto/UtilityFunctions.xml (RunModel)" time="0.031" />
  <testcase classname="ptolemy.util.test.junit.AutoTests" name="[394] /home/travis/build/icyphy/ptII/ptolemy/actor/lib/test/auto/VariableSleep.xml (RunModel)" time="0.537" />
  <testcase classname="ptolemy.util.test.junit.AutoTests" name="[395] /home/travis/build/icyphy/ptII/ptolemy/actor/lib/test/auto/VectorAssemblerDisassemblerCT.xml (RunModel)" time="0.117" />
  <testcase classname="ptolemy.util.test.junit.AutoTests" name="[396] /home/travis/build/icyphy/ptII/ptolemy/actor/lib/test/auto/VectorAssemblerDisassemblerDE.xml (RunModel)" time="0.016" />
  <testcase classname="ptolemy.util.test.junit.AutoTests" name="[397] /home/travis/build/icyphy/ptII/ptolemy/actor/lib/test/auto/VectorAssemblerDisassemblerSDF.xml (RunModel)" time="0.015" />
  <testcase classname="ptolemy.util.test.junit.AutoTests" name="[398] /home/travis/build/icyphy/ptII/ptolemy/actor/lib/test/auto/WallClockTime.xml (RunModel)" time="1.015" />
  <testcase classname="ptolemy.util.test.junit.AutoTests" name="[399] /home/travis/build/icyphy/ptII/ptolemy/actor/lib/test/auto/WidthTestWithSubscriberPublisher.xml (RunModel)" time="0.041" />
  <testcase classname="ptolemy.util.test.junit.AutoTests" name="[400] /home/travis/build/icyphy/ptII/ptolemy/actor/lib/test/auto/WidthTestWithSubscriberPublisher2.xml (RunModel)" time="0.015" />
  <testcase classname="ptolemy.util.test.junit.AutoTests" name="[401] /home/travis/build/icyphy/ptII/ptolemy/actor/lib/test/auto/WidthTestWithSubscriberPublisher3.xml (RunModel)" time="0.011" />
  <testcase classname="ptolemy.util.test.junit.AutoTests" name="[402] /home/travis/build/icyphy/ptII/ptolemy/actor/lib/test/auto/Writer.xml (RunModel)" time="0.013" />
  <testcase classname="ptolemy.util.test.junit.AutoTests" name="[403] /home/travis/build/icyphy/ptII/ptolemy/actor/lib/test/auto/array.xml (RunModel)" time="0.009" />
  <testcase classname="ptolemy.util.test.junit.AutoTests" name="[404] /home/travis/build/icyphy/ptII/ptolemy/actor/lib/test/auto/array2.xml (RunModel)" time="0.01" />
  <testcase classname="ptolemy.util.test.junit.AutoTests" name="[405] /home/travis/build/icyphy/ptII/ptolemy/actor/lib/test/auto/arrayType.xml (RunModel)" time="0.009" />
  <testcase classname="ptolemy.util.test.junit.AutoTests" name="[406] /home/travis/build/icyphy/ptII/ptolemy/actor/lib/test/auto/arrayType10.xml (RunModel)" time="0.009" />
  <testcase classname="ptolemy.util.test.junit.AutoTests" name="[407] /home/travis/build/icyphy/ptII/ptolemy/actor/lib/test/auto/arrayType11.xml (RunModel)" time="0.009" />
  <testcase classname="ptolemy.util.test.junit.AutoTests" name="[408] /home/travis/build/icyphy/ptII/ptolemy/actor/lib/test/auto/arrayType12.xml (RunModel)" time="0.01" />
  <testcase classname="ptolemy.util.test.junit.AutoTests" name="[409] /home/travis/build/icyphy/ptII/ptolemy/actor/lib/test/auto/arrayType13.xml (RunModel)" time="0.01" />
  <testcase classname="ptolemy.util.test.junit.AutoTests" name="[410] /home/travis/build/icyphy/ptII/ptolemy/actor/lib/test/auto/arrayType14.xml (RunModel)" time="0.01" />
  <testcase classname="ptolemy.util.test.junit.AutoTests" name="[411] /home/travis/build/icyphy/ptII/ptolemy/actor/lib/test/auto/arrayType15.xml (RunModel)" time="0.01" />
  <testcase classname="ptolemy.util.test.junit.AutoTests" name="[412] /home/travis/build/icyphy/ptII/ptolemy/actor/lib/test/auto/arrayType16.xml (RunModel)" time="0.011" />
  <testcase classname="ptolemy.util.test.junit.AutoTests" name="[413] /home/travis/build/icyphy/ptII/ptolemy/actor/lib/test/auto/arrayType17.xml (RunModel)" time="0.01" />
  <testcase classname="ptolemy.util.test.junit.AutoTests" name="[414] /home/travis/build/icyphy/ptII/ptolemy/actor/lib/test/auto/arrayType18.xml (RunModel)" time="0.009" />
  <testcase classname="ptolemy.util.test.junit.AutoTests" name="[415] /home/travis/build/icyphy/ptII/ptolemy/actor/lib/test/auto/arrayType19.xml (RunModel)" time="0.017" />
  <testcase classname="ptolemy.util.test.junit.AutoTests" name="[416] /home/travis/build/icyphy/ptII/ptolemy/actor/lib/test/auto/arrayType2.xml (RunModel)" time="0.009" />
  <testcase classname="ptolemy.util.test.junit.AutoTests" name="[417] /home/travis/build/icyphy/ptII/ptolemy/actor/lib/test/auto/arrayType20.xml (RunModel)" time="0.009" />
  <testcase classname="ptolemy.util.test.junit.AutoTests" name="[418] /home/travis/build/icyphy/ptII/ptolemy/actor/lib/test/auto/arrayType21.xml (RunModel)" time="0.008" />
  <testcase classname="ptolemy.util.test.junit.AutoTests" name="[419] /home/travis/build/icyphy/ptII/ptolemy/actor/lib/test/auto/arrayType22.xml (RunModel)" time="0.009" />
  <testcase classname="ptolemy.util.test.junit.AutoTests" name="[420] /home/travis/build/icyphy/ptII/ptolemy/actor/lib/test/auto/arrayType23.xml (RunModel)" time="0.009" />
  <testcase classname="ptolemy.util.test.junit.AutoTests" name="[421] /home/travis/build/icyphy/ptII/ptolemy/actor/lib/test/auto/arrayType24.xml (RunModel)" time="0.01" />
  <testcase classname="ptolemy.util.test.junit.AutoTests" name="[422] /home/travis/build/icyphy/ptII/ptolemy/actor/lib/test/auto/arrayType25.xml (RunModel)" time="0.009" />
  <testcase classname="ptolemy.util.test.junit.AutoTests" name="[423] /home/travis/build/icyphy/ptII/ptolemy/actor/lib/test/auto/arrayType26.xml (RunModel)" time="0.01" />
  <testcase classname="ptolemy.util.test.junit.AutoTests" name="[424] /home/travis/build/icyphy/ptII/ptolemy/actor/lib/test/auto/arrayType27.xml (RunModel)" time="0.01" />
  <testcase classname="ptolemy.util.test.junit.AutoTests" name="[425] /home/travis/build/icyphy/ptII/ptolemy/actor/lib/test/auto/arrayType28.xml (RunModel)" time="0.009" />
  <testcase classname="ptolemy.util.test.junit.AutoTests" name="[426] /home/travis/build/icyphy/ptII/ptolemy/actor/lib/test/auto/arrayType3.xml (RunModel)" time="0.013" />
  <testcase classname="ptolemy.util.test.junit.AutoTests" name="[427] /home/travis/build/icyphy/ptII/ptolemy/actor/lib/test/auto/arrayType4.xml (RunModel)" time="0.009" />
  <testcase classname="ptolemy.util.test.junit.AutoTests" name="[428] /home/travis/build/icyphy/ptII/ptolemy/actor/lib/test/auto/arrayType5.xml (RunModel)" time="0.009" />
  <testcase classname="ptolemy.util.test.junit.AutoTests" name="[429] /home/travis/build/icyphy/ptII/ptolemy/actor/lib/test/auto/arrayType6.xml (RunModel)" time="0.009" />
  <testcase classname="ptolemy.util.test.junit.AutoTests" name="[430] /home/travis/build/icyphy/ptII/ptolemy/actor/lib/test/auto/arrayType7.xml (RunModel)" time="0.009" />
  <testcase classname="ptolemy.util.test.junit.AutoTests" name="[431] /home/travis/build/icyphy/ptII/ptolemy/actor/lib/test/auto/arrayType8.xml (RunModel)" time="0.011" />
  <testcase classname="ptolemy.util.test.junit.AutoTests" name="[432] /home/travis/build/icyphy/ptII/ptolemy/actor/lib/test/auto/arrayType9.xml (RunModel)" time="0.008" />
  <testcase classname="ptolemy.util.test.junit.AutoTests" name="[433] /home/travis/build/icyphy/ptII/ptolemy/actor/lib/test/auto/cast.xml (RunModel)" time="0.01" />
  <testcase classname="ptolemy.util.test.junit.AutoTests" name="[434] /home/travis/build/icyphy/ptII/ptolemy/actor/lib/test/auto/compositeMultiPort.xml (RunModel)" time="0.016" />
  <testcase classname="ptolemy.util.test.junit.AutoTests" name="[435] /home/travis/build/icyphy/ptII/ptolemy/actor/lib/test/auto/expressionCastInference.xml (RunModel)" time="0.008" />
  <testcase classname="ptolemy.util.test.junit.AutoTests" name="[436] /home/travis/build/icyphy/ptII/ptolemy/actor/lib/test/auto/expressionCastInference2.xml (RunModel)" time="0.008" />
  <testcase classname="ptolemy.util.test.junit.AutoTests" name="[437] /home/travis/build/icyphy/ptII/ptolemy/actor/lib/test/auto/expressionInference.xml (RunModel)" time="0.013" />
  <testcase classname="ptolemy.util.test.junit.AutoTests" name="[438] /home/travis/build/icyphy/ptII/ptolemy/actor/lib/test/auto/expression_bug.xml (RunModel)" time="0.008" />
  <testcase classname="ptolemy.util.test.junit.AutoTests" name="[439] /home/travis/build/icyphy/ptII/ptolemy/actor/lib/test/auto/factorial.xml (RunModel)" time="0.045" />
  <testcase classname="ptolemy.util.test.junit.AutoTests" name="[440] /home/travis/build/icyphy/ptII/ptolemy/actor/lib/test/auto/filterTest1.xml (RunModel)" time="0.014" />
  <testcase classname="ptolemy.util.test.junit.AutoTests" name="[441] /home/travis/build/icyphy/ptII/ptolemy/actor/lib/test/auto/funcApplyInConst.xml (RunModel)" time="0.007" />
  <testcase classname="ptolemy.util.test.junit.AutoTests" name="[442] /home/travis/build/icyphy/ptII/ptolemy/actor/lib/test/auto/funcApplyInExpr.xml (RunModel)" time="0.006" />
  <testcase classname="ptolemy.util.test.junit.AutoTests" name="[443] /home/travis/build/icyphy/ptII/ptolemy/actor/lib/test/auto/function.xml (RunModel)" time="0.009" />
  <testcase classname="ptolemy.util.test.junit.AutoTests" name="[444] /home/travis/build/icyphy/ptII/ptolemy/actor/lib/test/auto/function2.xml (RunModel)" time="0.009" />
  <testcase classname="ptolemy.util.test.junit.AutoTests" name="[445] /home/travis/build/icyphy/ptII/ptolemy/actor/lib/test/auto/function3.xml (RunModel)" time="0.008" />
  <testcase classname="ptolemy.util.test.junit.AutoTests" name="[446] /home/travis/build/icyphy/ptII/ptolemy/actor/lib/test/auto/functionClosureTest1.xml (RunModel)" time="0.01" />
  <testcase classname="ptolemy.util.test.junit.AutoTests" name="[447] /home/travis/build/icyphy/ptII/ptolemy/actor/lib/test/auto/functionClosureTest2.xml (RunModel)" time="0.007" />
  <testcase classname="ptolemy.util.test.junit.AutoTests" name="[448] /home/travis/build/icyphy/ptII/ptolemy/actor/lib/test/auto/functionClosureTest3.xml (RunModel)" time="0.011" />
  <testcase classname="ptolemy.util.test.junit.AutoTests" name="[449] /home/travis/build/icyphy/ptII/ptolemy/actor/lib/test/auto/functionClosureTest4.xml (RunModel)" time="0.014" />
  <testcase classname="ptolemy.util.test.junit.AutoTests" name="[450] /home/travis/build/icyphy/ptII/ptolemy/actor/lib/test/auto/functionClosureTest5.xml (RunModel)" time="0.011" />
  <testcase classname="ptolemy.util.test.junit.AutoTests" name="[451] /home/travis/build/icyphy/ptII/ptolemy/actor/lib/test/auto/functionClosureTest6.xml (RunModel)" time="0.011" />
  <testcase classname="ptolemy.util.test.junit.AutoTests" name="[452] /home/travis/build/icyphy/ptII/ptolemy/actor/lib/test/auto/functionsOnArcs.xml (RunModel)" time="0.011" />
  <testcase classname="ptolemy.util.test.junit.AutoTests" name="[453] /home/travis/build/icyphy/ptII/ptolemy/actor/lib/test/auto/functionsOnArcsHOF.xml (RunModel)" time="0.012" />
  <testcase classname="ptolemy.util.test.junit.AutoTests" name="[454] /home/travis/build/icyphy/ptII/ptolemy/actor/lib/test/auto/logic.xml (RunModel)" time="0.017" />
  <testcase classname="ptolemy.util.test.junit.AutoTests" name="[455] /home/travis/build/icyphy/ptII/ptolemy/actor/lib/test/auto/matrixType.xml (RunModel)" time="0.01" />
  <testcase classname="ptolemy.util.test.junit.AutoTests" name="[456] /home/travis/build/icyphy/ptII/ptolemy/actor/lib/test/auto/matrixType10.xml (RunModel)" time="0.009" />
  <testcase classname="ptolemy.util.test.junit.AutoTests" name="[457] /home/travis/build/icyphy/ptII/ptolemy/actor/lib/test/auto/matrixType11.xml (RunModel)" time="0.009" />
  <testcase classname="ptolemy.util.test.junit.AutoTests" name="[458] /home/travis/build/icyphy/ptII/ptolemy/actor/lib/test/auto/matrixType12.xml (RunModel)" time="0.009" />
  <testcase classname="ptolemy.util.test.junit.AutoTests" name="[459] /home/travis/build/icyphy/ptII/ptolemy/actor/lib/test/auto/matrixType13.xml (RunModel)" time="0.009" />
  <testcase classname="ptolemy.util.test.junit.AutoTests" name="[460] /home/travis/build/icyphy/ptII/ptolemy/actor/lib/test/auto/matrixType14.xml (RunModel)" time="0.009" />
  <testcase classname="ptolemy.util.test.junit.AutoTests" name="[461] /home/travis/build/icyphy/ptII/ptolemy/actor/lib/test/auto/matrixType2.xml (RunModel)" time="0.009" />
  <testcase classname="ptolemy.util.test.junit.AutoTests" name="[462] /home/travis/build/icyphy/ptII/ptolemy/actor/lib/test/auto/matrixType3.xml (RunModel)" time="0.009" />
  <testcase classname="ptolemy.util.test.junit.AutoTests" name="[463] /home/travis/build/icyphy/ptII/ptolemy/actor/lib/test/auto/matrixType4.xml (RunModel)" time="0.009" />
  <testcase classname="ptolemy.util.test.junit.AutoTests" name="[464] /home/travis/build/icyphy/ptII/ptolemy/actor/lib/test/auto/matrixType5.xml (RunModel)" time="0.009" />
  <testcase classname="ptolemy.util.test.junit.AutoTests" name="[465] /home/travis/build/icyphy/ptII/ptolemy/actor/lib/test/auto/matrixType6.xml (RunModel)" time="0.01" />
  <testcase classname="ptolemy.util.test.junit.AutoTests" name="[466] /home/travis/build/icyphy/ptII/ptolemy/actor/lib/test/auto/matrixType7.xml (RunModel)" time="0.009" />
  <testcase classname="ptolemy.util.test.junit.AutoTests" name="[467] /home/travis/build/icyphy/ptII/ptolemy/actor/lib/test/auto/matrixType8.xml (RunModel)" time="0.009" />
  <testcase classname="ptolemy.util.test.junit.AutoTests" name="[468] /home/travis/build/icyphy/ptII/ptolemy/actor/lib/test/auto/matrixType9.xml (RunModel)" time="0.009" />
  <testcase classname="ptolemy.util.test.junit.AutoTests" name="[469] /home/travis/build/icyphy/ptII/ptolemy/actor/lib/test/auto/paraFunctest.xml (RunModel)" time="0.009" />
  <testcase classname="ptolemy.util.test.junit.AutoTests" name="[470] /home/travis/build/icyphy/ptII/ptolemy/actor/lib/test/auto/paraFunctest2.xml (RunModel)" time="0.031" />
  <testcase classname="ptolemy.util.test.junit.AutoTests" name="[471] /home/travis/build/icyphy/ptII/ptolemy/actor/lib/test/auto/parameterPassing.xml (RunModel)" time="0.008" />
  <testcase classname="ptolemy.util.test.junit.AutoTests" name="[472] /home/travis/build/icyphy/ptII/ptolemy/actor/lib/test/auto/record.xml (RunModel)" time="0.009" />
  <testcase classname="ptolemy.util.test.junit.AutoTests" name="[473] /home/travis/build/icyphy/ptII/ptolemy/actor/lib/test/auto/sizedarray1.xml (RunModel)" time="0.009" />
  <testcase classname="ptolemy.util.test.junit.AutoTests" name="[474] /home/travis/build/icyphy/ptII/ptolemy/actor/lib/test/auto/sizedarray2.xml (RunModel)" time="0.009" />
  <testcase classname="ptolemy.util.test.junit.AutoTests" name="[475] /home/travis/build/icyphy/ptII/ptolemy/actor/lib/test/auto/twoPublishers.xml (RunModel)" time="0.018" />
  <system-out><![CDATA[/home/travis/build/icyphy/ptII/ptolemy/actor/lib/test/AbsoluteValue.tcl
testDefs.tcl: setting time out to 9000 seconds at Mon Oct 15 02:30:33 UTC 2018
70 ms. Memory: 116224K Free: 106799K (92%)
4 ms. Memory: 116224K Free: 105596K (91%)
4 ms. Memory: 116224K Free: 105004K (90%)
4 ms. Memory: 116224K Free: 103824K (89%)
/home/travis/build/icyphy/ptII/ptolemy/actor/lib/test/AddSubtract.tcl
12 ms. Memory: 116224K Free: 101992K (88%)
10 ms. Memory: 116224K Free: 101362K (87%)
17 ms. Memory: 116224K Free: 100183K (86%)
14 ms. Memory: 116224K Free: 99577K (86%)
5 ms. Memory: 116224K Free: 98988K (85%)
4 ms. Memory: 116224K Free: 97800K (84%)
/home/travis/build/icyphy/ptII/ptolemy/actor/lib/test/Average.tcl
6 ms. Memory: 116224K Free: 96613K (83%)
5 ms. Memory: 116224K Free: 94805K (82%)
/home/travis/build/icyphy/ptII/ptolemy/actor/lib/test/Bernoulli.tcl
12 ms. Memory: 116224K Free: 93601K (81%)
2 ms. Memory: 116224K Free: 92996K (80%)
/home/travis/build/icyphy/ptII/ptolemy/actor/lib/test/Clock.tcl
preinitializing
resolving types
initializing
executing number 1
wrapping up
idle
13 ms. Memory: 116224K Free: 90621K (78%)
Completed execution with 5 iterations
preinitializing
resolving types
initializing
executing number 1
wrapping up
idle
3 ms. Memory: 116224K Free: 89991K (77%)
Completed execution with 5 iterations
preinitializing
resolving types
initializing
executing number 1
wrapping up
idle
3 ms. Memory: 116224K Free: 89402K (77%)
Completed execution with 5 iterations
/home/travis/build/icyphy/ptII/ptolemy/actor/lib/test/Commutator.tcl
6 ms. Memory: 116224K Free: 87026K (75%)
5 ms. Memory: 116224K Free: 86421K (74%)
16 ms. Memory: 116224K Free: 81632K (70%)
/home/travis/build/icyphy/ptII/ptolemy/actor/lib/test/Const.tcl
3 ms. Memory: 146944K Free: 140358K (96%)
2 ms. Memory: 146944K Free: 139146K (95%)
2 ms. Memory: 146944K Free: 139146K (95%)
1 ms. Memory: 146944K Free: 137534K (94%)
1 ms. Memory: 146944K Free: 137534K (94%)
15 ms. Memory: 146944K Free: 135141K (92%)
11 ms. Memory: 146944K Free: 133944K (91%)
8 ms. Memory: 146944K Free: 133944K (91%)
/home/travis/build/icyphy/ptII/ptolemy/actor/lib/test/CurrentTime.tcl
preinitializing
resolving types
initializing
executing number 1
wrapping up
idle
6 ms. Memory: 146944K Free: 131535K (90%)
Completed execution with 11 iterations
/home/travis/build/icyphy/ptII/ptolemy/actor/lib/test/DB.tcl
3 ms. Memory: 146944K Free: 130339K (89%)
2 ms. Memory: 146944K Free: 129142K (88%)
2 ms. Memory: 146944K Free: 129142K (88%)
/home/travis/build/icyphy/ptII/ptolemy/actor/lib/test/DiscreteRandomSource.tcl
preinitializing
resolving types
initializing
executing number 1
wrapping up
idle
3 ms. Memory: 146944K Free: 127946K (87%)
Completed execution with 4 iterations
preinitializing
resolving types
initializing
executing number 1
wrapping up
idle
2 ms. Memory: 146944K Free: 126749K (86%)
Completed execution with 4 iterations
preinitializing
resolving types
initializing
executing number 1
wrapping up
idle
2 ms. Memory: 146944K Free: 126749K (86%)
Completed execution with 4 iterations
preinitializing
resolving types
initializing
executing number 1
wrapping up
idle
3 ms. Memory: 146944K Free: 125537K (85%)
Completed execution with 4 iterations
preinitializing
resolving types
initializing
executing number 1
wrapping up
idle
3 ms. Memory: 146944K Free: 125537K (85%)
Completed execution with 4 iterations
/home/travis/build/icyphy/ptII/ptolemy/actor/lib/test/Distributor.tcl
16 ms. Memory: 146944K Free: 123111K (84%)
11 ms. Memory: 146944K Free: 121914K (83%)
StreamChangeRequest.changeExecuted(): <deleteEntity name="rec2"/> succeeded
StreamChangeRequest.changeExecuted(): <deleteRelation name="r2"/> succeeded
StreamChangeRequest.changeExecuted(): Record firings per iteration succeeded
4 ms. Memory: 146944K Free: 119506K (81%)
/home/travis/build/icyphy/ptII/ptolemy/actor/lib/test/Exit.tcl
Exit.tcl: this will print a message about Manager.exitAfterWrapup, which can be ignored.
3 ms. Memory: 146944K Free: 116498K (79%)
/home/travis/build/icyphy/ptII/ptolemy/actor/lib/test/Expression.tcl
4 ms. Memory: 146944K Free: 112876K (77%)
7 ms. Memory: 146944K Free: 112876K (77%)
3 ms. Memory: 146944K Free: 111680K (76%)
preinitializing
resolving types
initializing
executing number 1
wrapping up
idle
7 ms. Memory: 146944K Free: 110483K (75%)
Completed execution with 6 iterations
4 ms. Memory: 146944K Free: 109287K (74%)
3 ms. Memory: 146944K Free: 108090K (74%)
4 ms. Memory: 146944K Free: 106894K (73%)
4 ms. Memory: 146944K Free: 105697K (72%)
3 ms. Memory: 146944K Free: 104501K (71%)
/home/travis/build/icyphy/ptII/ptolemy/actor/lib/test/Gaussian.tcl
8 ms. Memory: 146944K Free: 103304K (70%)
sleeping 1 seconds: ............................................................................................................................................................................................................................................................................................................................................................................................................................................................................................................................................................................................................................................................................................................................................................................................................................................................................................................................................................................................................................................................................................................................................................................................................................................................................................................................................................................................................................................................................................................................................................................................................................................................................................................................................................................................................................................................................................................................................................................................................................................................................................................................................................................................................................................................................................................................................................................................................................................................................................................................................................................................................................................................................................................................................................................................................................................................................................................................................................................................................................................................................................................................................................................................................................................................................................................................................................................................................................................................................................................................................................................................................................................................................................................................................................................................................................................................................................................................................................................................................................................................................................................................................................................................................................................................................................................................................................................................................................................................................................................................................................................................................................................................................................................................................................................................................................................................................................................................................................................................................................................................................................................................................................................................................................................................................................................................................................................................................................................................................................................................................................................................................................................................................................................................................................................................................................................................................................................................................................................................................................................................................................................................................................................................................................................................................................................................................................................................................................................................................................................................................................................................................................................................................................................................................................................................................................................................................................................................................................................................................................................................................................................................................................................................................................................................................................................................................................................................................................................................................................................................................................................................................................................................................................................................................................................................................................................................................................................................................................................................................................................................................................................................................................................................................................................................................................................................................................................................................................................................................................................................................................................................................................................................................................................................................................................................................................................................................................................................................................................................................................................................................................................................................................................................................................................................................................................................................................................................................................................................................................................................................................................................................................................................................................................................................................................................................................................................................................................................................................................................................................................................................................................................................................................................................................................................................................................................................................................................................................................................................................................................................................................................................................................................................................................................................................................................................................................................................................................................................................................................................................................................................................................................................................................................................................................................................................................................................................................................................................................................................................................................................................................................................................................................................................................................................................................................................................................................................................................................................................................................................................................................................................................................................................................................................................................................................................................................................................................................................................................................................................................................................................................................................................................................................................................................................................................................................................................................................................................................................................................................................................................................................................................................................................................................................................................................................................................................................................................................................................................................................................................................................................................................................................................................................................................................................................................................................................................................................................................................................................................................................................................................................................................................................................................................................................................................................................................................................................................................................................................................................................................................................................................................................................................................................................................................................................................................................................................................................................................................................................................................................................................................................................................................................................................................................................................................................................................................................................................................................................................................................................................................................................................................................................................................................................................................................................................................................................................................................................................................................................................................................................................................................................................................................................................................................................................................................................................................................................................................................................................................................................................................................................................................................................................................................................................................................................................................................................................................................................................................................................................................................................................................................................................................................................................................................................................................................................................................................................................................................................................................................................................................................................................................................................................................................................................................................................................................................................................................................................................................................................................................................................................................................................................................................................................................................................................................................................................................................................................................................................................................................................................................................................................................................................................................................................................................................................................................................................................................................................................................................................................................................................................................................................................................................................................................................................................................................................................................................................................................................................................................................................................................................................................................................................................................................................................................................................................................................................................................................................................................................................................................................................................................................................................................................................................................................................................................................................................................................................................................................................................................................................................................................................................................................................................................................................................................................................................................................................................................................................................................................................................................................................................................................................................................................................................................................................................................................................................................................................................................................................................................................................................................................................................................................................................................................................................................................................................................................................................................................................................................................................................................................................................................................................................................................................................................................................................................................................................................................................................................................................................................................................................................................................................................................................................................................................................................................................................................................................................................................................................................................................................................................................................................................................................................................................................................................................................................................................................................................................................................................................................................................................................................................................................................................................................................................................................................................................................................................................................................................................................................................................................................................................................................................................................................................................................................................................................................................................................................................................................................................................................................................................................................................................................................................................................................................................................................................................................................................................................................................................................................................................................................................................................................................................................................................................................................................................................................................................................................................................................................................................................................................................................................................................................................................................................................................................................................................................................................................................................................................................................................................................................................................................................................................................................................................................................................................................................................................................................................................................................................................................................................................................................................................................................................................................................................................................................................................................................................................................................................................................................................................................................................................................................................................................................................................................................................................................................................................................................................................................................................................................................................................................................................................................................................................................................................................................................................................................................................................................................................................................................................................................................................................................................................................................................................................................................................................................................................................................................................................................................................................................................................................................................................................................................................................................................................................................................................................................................................................................................................................................................................................................................................................................................................................................................................................................................................................................................................................................................................................................................................................................................................................................................................................................................................................................................................................................................................................................................................................................................................................................................................................................................................................................................................................................................................................................................................................................................................................................................................................................................................................................................................................................................................................................................................................................................................................................................................................................................................................................................................................................................................................................................................................................................................................................................................................................................................................................................................................................................................................................................................................................................................................................................................................................................................................................................................................................................................................................................................................................................................................................................................................................................................................................................................................................................................................................................................................................................................................................................................................................................................................................................................................................................................................................................................................................................................................................................................................................................................................................................................................................................................................................................................................................................................................................................................................................................................................................................................................................................................................................................................................................................................................................................................................................................................................................................................................................................................................................................................................................................................................................................................................................................................................................................................................................................................................................................................................................................................................................................................................................................................................................................................................................................................................................................................................................................................................................................................................................................................................................................................................................................................................................................................................................................................................................................................................................................................................................................................................................................................................................................................................................................................................................................................................................................................................................................................................................................................................................................................................................................................................................................................................................................................................................................................................................................................................................................................................................................................................................................................................................................................................................................................................................................................................................................................................................................................................................................................................................................................................................................................................................................................................................................................................................................................................................................................................................................................................................................................................................................................................................................................................................................................................................................................................................................................................................................................................................................................................................................................................................................................................................................................................................................................................................................................................................................................................................................................................................................................................................................................................................................................................................................................................................................................................................................................................................................................................................................................................................................................................................................................................................................................................................................................................................................................................................................................................................................................................................................................................................................................................................................................................................................................................................................................................................................................................................................................................................................................................................................................................................................................................................................................................................................................................................................................................................................................................................................................................................................................................................................................................................................................................................................................................................................................................................................................................................................................................................................................................................................................................................................................................................................................................................................................................................................................................................................................................................................................................................................................................................................................................................................................................................................................................................................................................................................................................................................................................................................................................................................................................................................................................................................................................................................................................................................................................................................................................................................................................................................................................................................................................................................................................................................................................................................................................................................................................................................................................................................................................................................................................................................................................................................................................................................................................................................................................................................................................................................................................................................................................................................................................................................................................................................................................................................................................................................................................................................................................................................................................................................................................................................................................................................................................................................................................................................................................................................................................................................................................................................................................................................................................................................................................................................................................................................................................................................................................................................................................................................................................................................................................................................................................................................................................................................................................................................................................................................................................................................................................................................................................................................................................................................................................................................................................................................................................................................................................................................................................................................................................................................................................................................................................................................................................................................................................................................................................................................................................................................................................................................................................................................................................................................................................................................................................................................................................................................................................................................................................................................................................................................................................................................................................................................................................................................................................................................................................................................................................................................................................................................................................................................................................................................................................................................................................................................................................................................................................................................................................................................................................................................................................................................................................................................................................................................................................................................................................................................................................................................................................................................................................................................................................................................................................................................................................................................................................................................................................................................................................................................................................................................................................................................................................................................................................................................................................................................................................................................................................................................................................................................................................................................................................................................................................................................................................................................................................................................................................................................................................................................................................................................................................................................................................................................................................................................................................................................................................................................................................................................................................................................................................................................................................................................................................................................................................................................................................................................................................................................................................................................................................................................................................................................................................................................................................................................................................................................................................................................................................................................................................................................................................................................................................................................................................................................................................................................................................................................................................................................................................................................................................................................................................................................................................................................................................................................................................................................................................................................................................................................................................................................................................................................................................................................................................................................................................................................................................................................................................................................................................................................................................................................................................................................................................................................................................................................................................................................................................................................................................................................................................................................................................................................................................................................................................................................................................................................................................................................................................................................................................................................................................................................................................................................................................................................................................................................................................................................................................................................................................................................................................................................................................................................................................................................................................................................................................................................................................................................................................................................................................................................................................................................................................................................................................................................................................................................................................................................................................................................................................................................................................................................................................................................................................................................................................................................................................................................................................................................................................................................................................................................................................................................................................................................................................................................................................................................................................................................................................................................................................................................................................................................................................................................................................................................................................................................................................................................................................................................................................................................................................................................................................................................................................................................................................................................................................................................................................................................................................................................................................................................................................................................................................................................................................................................................................................................................................................................................................................................................................................................................................................................................................................................................................................................................................................................................................................................................................................................................................................................................................................................................................................................................................................................................................................................................................................................................................................................................................................................................................................................................................................................................................................................................................................................................................................................................................................................................................................................................................................................................................................................................................................................................................................................................................................................................................................................................................................................................................................................................................................................................................................................................................................................................................................................................................................................................................................................................................................................................................................................................................................................................................................................................................................................................................................................................................................................................................................................................................................................................................................................................................................................................................................................................................................................................................................................................................................................................................................................................................................................................................................................................................................................................................................................................................................................................................................................................................................................................................................................................................................................................................................................................................................................................................................................................................................................................................................................................................................................................................................................................................................................................................................................................................................................................................................................................................................................................................................................................................................................................................................................................................................................................................................................................................................................................................................................................................................................................................................................................................................................................................................................................................................................................................................................................................................................................................................................................................................................................................................................................................................................................................................................................................................................................................................................................................................................................................................................................................................................................................................................................................................................................................................................................................................................................................................................................................................................................................................................................................................................................................................................................................................................................................................................................................................................................................................................................................................................................................................................................................................................................................................................................................................................................................................................................................................................................................................................................................................................................................................................................................................................................................................................................................................................................................................................................................................................................................................................................................................................................................................................................................................................................................................................................................................................................................................................................................................................................................................................................................................................................................................................................................................................................................................................................................................................................................................................................................................................................................................................................................................................................................................................................................................................................................................................................................................................................................................................................................................................................................................................................................................................................................................................................................................................................................................................................................................................................................................................................................................................................................................................................................................................................................................................................................................................................................................................................................................................................................................................................................................................................................................................................................................................................................................................................................................................................................................................................................................................................................................................................................................................................................................................................................................................................................................................................................................................................................................................................................................................................................................................................................................................................................................................................................................................................................................................................................................................................................................................................................................................................................................................................................................................................................................................................................................................................................................................................................................................................................................................................................................................................................................................................................................................................................................................................................................................................................................................................................................................................................................................................................................................................................................................................................................................................................................................................................................................................................................................................................................................................................................................................................................................................................................................................................................................................................................................................................................................................................................................................................................................................................................................................................................................................................................................................................................................................................................................................................................................................................................................................................................................................................................................................................................................................................................................................................................................................................................................................................................................................................................................................................................................................................................................................................................................................................................................................................2 ms. Memory: 208384K Free: 113529K (54%)
3 ms. Memory: 208384K Free: 111117K (53%)
2 ms. Memory: 208384K Free: 111117K (53%)
1 ms. Memory: 208384K Free: 111117K (53%)
1 ms. Memory: 208384K Free: 111117K (53%)
/home/travis/build/icyphy/ptII/ptolemy/actor/lib/test/IIR.tcl
/home/travis/build/icyphy/ptII/ptolemy/actor/lib/test/Interpolator.tcl
2 ms. Memory: 208384K Free: 106294K (51%)
1 ms. Memory: 208384K Free: 106294K (51%)
1 ms. Memory: 208384K Free: 103882K (50%)
2 ms. Memory: 208384K Free: 103882K (50%)
4 ms. Memory: 208384K Free: 103882K (50%)
2 ms. Memory: 208384K Free: 103882K (50%)
2 ms. Memory: 208384K Free: 101471K (49%)
2 ms. Memory: 208384K Free: 101471K (49%)
1 ms. Memory: 208384K Free: 99059K (48%)
2 ms. Memory: 208384K Free: 99059K (48%)
/home/travis/build/icyphy/ptII/ptolemy/actor/lib/test/MathFunction.tcl
8 ms. Memory: 208384K Free: 96648K (46%)
3 ms. Memory: 208384K Free: 96648K (46%)
2 ms. Memory: 208384K Free: 94236K (45%)
1 ms. Memory: 208384K Free: 94236K (45%)
3 ms. Memory: 208384K Free: 91825K (44%)
6 ms. Memory: 208384K Free: 91825K (44%)
/home/travis/build/icyphy/ptII/ptolemy/actor/lib/test/Maximum.tcl
4 ms. Memory: 208384K Free: 89413K (43%)
2 ms. Memory: 208384K Free: 87002K (42%)
2 ms. Memory: 208384K Free: 87002K (42%)
2 ms. Memory: 208384K Free: 87002K (42%)
/home/travis/build/icyphy/ptII/ptolemy/actor/lib/test/Minimum.tcl
3 ms. Memory: 208384K Free: 84590K (41%)
1 ms. Memory: 208384K Free: 84590K (41%)
2 ms. Memory: 208384K Free: 84590K (41%)
8 ms. Memory: 208384K Free: 82179K (39%)
/home/travis/build/icyphy/ptII/ptolemy/actor/lib/test/MultiplyDivide.tcl
7 ms. Memory: 208384K Free: 80395K (39%)
9 ms. Memory: 208384K Free: 80395K (39%)
2 ms. Memory: 208384K Free: 80395K (39%)
21 ms. Memory: 331264K Free: 319877K (97%)
2 ms. Memory: 331264K Free: 319877K (97%)
/home/travis/build/icyphy/ptII/ptolemy/actor/lib/test/OrderedMerge.tcl
Connections changed on port: inputA
Connections changed on port: inputB
Connections changed on port: output
Connections changed on port: output
Connections changed on port: output
Connections changed on port: input
.top. Preinitializing ...
Invoking preinitialize():  .top.OrderedMerge
Called preinitialize()
Invoking preinitialize():  .top.Ramp
Called preinitialize()
Invoking preinitialize():  .top.Ramp2
Called preinitialize()
Invoking preinitialize():  .top.Test
Called preinitialize()
Connections changed on port: inputA
Connections changed on port: output
Connections changed on port: inputB
Connections changed on port: output
Connections changed on port: output
Connections changed on port: input
.top. Finished preinitialize().
Called initialize().
Invoking initialize():  .top.OrderedMerge
Initializing actor: .top.OrderedMerge
Adding a thread: .top.OrderedMerge
Invoking initialize():  .top.Ramp
Initializing actor: .top.Ramp
Adding a thread: .top.Ramp
Invoking initialize():  .top.Ramp2
Initializing actor: .top.Ramp2
Adding a thread: .top.Ramp2
Invoking initialize():  .top.Test
Initializing actor: .top.Test
Adding a thread: .top.Test
-- Starting thread.
Called initialize()
Called prefire()
Called fire()
-- Starting thread.
Called initialize()
Called prefire()
Called fire()
Called postfire()
Called prefire()
Called fire()
-- Starting thread.
Called fire().
Called initialize()
Checking for deadlock:
There are 2 Blocked actors, 0 Stopped actors, and 4 active threads.
Waiting for actors to stop.
-- Starting thread.
Called initialize()
Called prefire()
Called fire()
Called prefire()
Called fire()
Checking for deadlock:
There are 3 Blocked actors, 0 Stopped actors, and 4 active threads.
Waiting for actors to stop.
Called postfire()
Called prefire()
Called fire()
Checking for deadlock:
There are 2 Blocked actors, 0 Stopped actors, and 4 active threads.
Waiting for actors to stop.
Checking for deadlock:
There are 3 Blocked actors, 0 Stopped actors, and 4 active threads.
Waiting for actors to stop.
Checking for deadlock:
There are 2 Blocked actors, 0 Stopped actors, and 4 active threads.
Waiting for actors to stop.
Called postfire()
Called prefire()
Called fire()
Checking for deadlock:
Read input token from inputA with value 0.0
There are 3 Blocked actors, 0 Stopped actors, and 4 active threads.
Waiting for actors to stop.
Next port to read input from is inputB
Called postfire()
Called prefire()
Called fire()
Called postfire()
Called prefire()
Called fire()
Checking for deadlock:
There are 3 Blocked actors, 0 Stopped actors, and 4 active threads.
Waiting for actors to stop.
Read input token from inputB with value 0.0
Sent output token with value 0.0
Checking for deadlock:
There are 2 Blocked actors, 0 Stopped actors, and 4 active threads.
Waiting for actors to stop.
-- Read input: 0.0, which is expected to match: 0.0
Called prefire()
Called fire()
Checking for deadlock:
There are 3 Blocked actors, 0 Stopped actors, and 4 active threads.
Waiting for actors to stop.
Next port to read input from is inputA
Called postfire()
Called prefire()
Called fire()
Called postfire()
Read input token from inputA with value 1.0
Checking for deadlock:
There are 2 Blocked actors, 0 Stopped actors, and 4 active threads.
Waiting for actors to stop.
Called prefire()
Called fire()
Checking for deadlock:
There are 2 Blocked actors, 0 Stopped actors, and 4 active threads.
Waiting for actors to stop.
-- Read input: 0.0, which is expected to match: 0.0
Called prefire()
Called fire()
Checking for deadlock:
There are 3 Blocked actors, 0 Stopped actors, and 4 active threads.
Waiting for actors to stop.
Sent output token with value 0.0
Next port to read input from is inputB
Called postfire()
Called prefire()
Called fire()
Checking for deadlock:
There are 2 Blocked actors, 0 Stopped actors, and 4 active threads.
Waiting for actors to stop.
Read input token from inputB with value 1.5
Called postfire()
Called prefire()
Called fire()
Checking for deadlock:
There are 3 Blocked actors, 0 Stopped actors, and 4 active threads.
Waiting for actors to stop.
Checking for deadlock:
Sent output token with value 1.0
There are 2 Blocked actors, 0 Stopped actors, and 4 active threads.
Waiting for actors to stop.
-- Read input: 1.0, which is expected to match: 1.0
Called prefire()
Called fire()
Checking for deadlock:
There are 3 Blocked actors, 0 Stopped actors, and 4 active threads.
Waiting for actors to stop.
Next port to read input from is inputA
Called postfire()
Called prefire()
Called fire()
Called postfire()
Called prefire()
Read input token from inputA with value 2.0
Called fire()
Checking for deadlock:
There are 2 Blocked actors, 0 Stopped actors, and 4 active threads.
Sent output token with value 1.5
Waiting for actors to stop.
-- Read input: 1.5, which is expected to match: 1.5
Called prefire()
Called fire()
Checking for deadlock:
There are 3 Blocked actors, 0 Stopped actors, and 4 active threads.
Waiting for actors to stop.
Next port to read input from is inputB
Called postfire()
Called prefire()
Called fire()
Checking for deadlock:
There are 2 Blocked actors, 0 Stopped actors, and 4 active threads.
Waiting for actors to stop.
Called postfire()
Called prefire()
Called fire()
Checking for deadlock:
There are 3 Blocked actors, 0 Stopped actors, and 4 active threads.
Waiting for actors to stop.
Read input token from inputB with value 3.0
Checking for deadlock:
There are 2 Blocked actors, 0 Stopped actors, and 4 active threads.
Waiting for actors to stop.
-- Read input: 2.0, which is expected to match: 2.0
Called prefire()
Called fire()
Checking for deadlock:
Sent output token with value 2.0
There are 3 Blocked actors, 0 Stopped actors, and 4 active threads.
Waiting for actors to stop.
Next port to read input from is inputA
Called postfire()
Called prefire()
Called fire()
Called postfire()
Read input token from inputA with value 3.0
Called prefire()
Called fire()
Sent output token with value 3.0
Checking for deadlock:
There are 2 Blocked actors, 0 Stopped actors, and 4 active threads.
Waiting for actors to stop.
Next port to read input from is inputB
-- Read input: 3.0, which is expected to match: 3.0
Called prefire()
Called fire()
Checking for deadlock:
Called postfire()
There are 3 Blocked actors, 0 Stopped actors, and 4 active threads.
Called prefire()
Waiting for actors to stop.
Called fire()
Checking for deadlock:
There are 2 Blocked actors, 0 Stopped actors, and 4 active threads.
Called postfire()
Waiting for actors to stop.
Called prefire()
Called fire()
Checking for deadlock:
There are 3 Blocked actors, 0 Stopped actors, and 4 active threads.
Waiting for actors to stop.
Read input token from inputB with value 4.5
Sent output token with value 3.0
Checking for deadlock:
There are 2 Blocked actors, 0 Stopped actors, and 4 active threads.
Waiting for actors to stop.
-- Read input: 3.0, which is expected to match: 3.0
Called prefire()
Called fire()
Checking for deadlock:
There are 3 Blocked actors, 0 Stopped actors, and 4 active threads.
Waiting for actors to stop.
Next port to read input from is inputA
Called postfire()
Called prefire()
Called fire()
Called postfire()
Called prefire()
Read input token from inputA with value 4.0
Called fire()
Checking for deadlock:
There are 1 Blocked actors, 0 Stopped actors, and 4 active threads.
Waiting for actors to stop.
Sent output token with value 4.0
Checking for deadlock:
-- Read input: 4.0, which is expected to match: 4.0
There are 2 Blocked actors, 0 Stopped actors, and 4 active threads.
Waiting for actors to stop.
Called prefire()
Called fire()
Past the end of training data. Read and discard all inputs.
Checking for deadlock:
There are 3 Blocked actors, 0 Stopped actors, and 4 active threads.
Waiting for actors to stop.
Next port to read input from is inputA
Called postfire()
Called prefire()
Called fire()
Called postfire()
Called prefire()
Called fire()
Read input token from inputA with value 5.0
Checking for deadlock:
There are 2 Blocked actors, 0 Stopped actors, and 4 active threads.
Waiting for actors to stop.
Sent output token with value 4.5
Called prefire()
Called fire()
Past the end of training data. Read and discard all inputs.
Checking for deadlock:
There are 3 Blocked actors, 0 Stopped actors, and 4 active threads.
Waiting for actors to stop.
Next port to read input from is inputB
Called postfire()
Called prefire()
Called fire()
Checking for deadlock:
There are 2 Blocked actors, 0 Stopped actors, and 4 active threads.
Waiting for actors to stop.
Read input token from inputB with value 6.0
Called postfire()
Called prefire()
Called fire()
Checking for deadlock:
There are 3 Blocked actors, 0 Stopped actors, and 4 active threads.
Waiting for actors to stop.
Checking for deadlock:
There are 2 Blocked actors, 0 Stopped actors, and 4 active threads.
Waiting for actors to stop.
Called prefire()
Called fire()
Past the end of training data. Read and discard all inputs.
Sent output token with value 5.0
Checking for deadlock:
There are 3 Blocked actors, 0 Stopped actors, and 4 active threads.
Waiting for actors to stop.
Next port to read input from is inputA
Called postfire()
Called prefire()
Called fire()
Checking for deadlock:
There are 2 Blocked actors, 0 Stopped actors, and 4 active threads.
Waiting for actors to stop.
Read input token from inputA with value 6.0
Called postfire()
Called prefire()
Called fire()
Checking for deadlock:
There are 3 Blocked actors, 0 Stopped actors, and 4 active threads.
Waiting for actors to stop.
Checking for deadlock:
There are 2 Blocked actors, 0 Stopped actors, and 4 active threads.
Waiting for actors to stop.
Called prefire()
Called fire()
Past the end of training data. Read and discard all inputs.
Sent output token with value 6.0
Checking for deadlock:
There are 3 Blocked actors, 0 Stopped actors, and 4 active threads.
Waiting for actors to stop.
Next port to read input from is inputB
Called postfire()
Called prefire()
Called fire()
Checking for deadlock:
There are 2 Blocked actors, 0 Stopped actors, and 4 active threads.
Waiting for actors to stop.
Called postfire()
Called prefire()
Called fire()
Read input token from inputB with value 7.5
Checking for deadlock:
There are 2 Blocked actors, 0 Stopped actors, and 4 active threads.
Waiting for actors to stop.
Sent output token with value 6.0
Called prefire()
Called fire()
Past the end of training data. Read and discard all inputs.
Next port to read input from is inputA
Checking for deadlock:
There are 3 Blocked actors, 0 Stopped actors, and 4 active threads.
Waiting for actors to stop.
Called postfire()
Called prefire()
Called fire()
Called postfire()
Called prefire()
Called fire()
Checking for deadlock:
There are 3 Blocked actors, 0 Stopped actors, and 4 active threads.
Waiting for actors to stop.
Read input token from inputA with value 7.0
Checking for deadlock:
There are 2 Blocked actors, 0 Stopped actors, and 4 active threads.
Called prefire()
Waiting for actors to stop.
Called fire()
Past the end of training data. Read and discard all inputs.
Sent output token with value 7.0
Checking for deadlock:
There are 3 Blocked actors, 0 Stopped actors, and 4 active threads.
Waiting for actors to stop.
Next port to read input from is inputA
Called postfire()
Called prefire()
Called fire()
Checking for deadlock:
There are 2 Blocked actors, 0 Stopped actors, and 4 active threads.
Waiting for actors to stop.
-- Thread wrapup() called.
Called wrapup()
Thread .top.Ramp is exiting.
-- Thread stopped.
Checking for deadlock:
There are 2 Blocked actors, 0 Stopped actors, and 3 active threads.
Waiting for actors to stop.
Read input token from inputA with value 8.0
Checking for deadlock:
There are 1 Blocked actors, 0 Stopped actors, and 3 active threads.
Waiting for actors to stop.
Called prefire()
Called fire()
Past the end of training data. Read and discard all inputs.
Checking for deadlock:
There are 2 Blocked actors, 0 Stopped actors, and 3 active threads.
Waiting for actors to stop.
Sent output token with value 7.5
Next port to read input from is inputB
Called postfire()
Called prefire()
Called fire()
Checking for deadlock:
There are 1 Blocked actors, 0 Stopped actors, and 3 active threads.
Waiting for actors to stop.
Called postfire()
Read input token from inputB with value 9.0
Called prefire()
Called fire()
Called prefire()
Called fire()
Past the end of training data. Read and discard all inputs.
Checking for deadlock:
There are 2 Blocked actors, 0 Stopped actors, and 3 active threads.
Waiting for actors to stop.
Sent output token with value 8.0
Next port to read input from is inputA
Called postfire()
Called prefire()
Called fire()
Read input token from inputA with value 9.0
Checking for deadlock:
There are 1 Blocked actors, 0 Stopped actors, and 3 active threads.
Waiting for actors to stop.
Called prefire()
Called fire()
Past the end of training data. Read and discard all inputs.
Checking for deadlock:
There are 2 Blocked actors, 0 Stopped actors, and 3 active threads.
Waiting for actors to stop.
Sent output token with value 9.0
Next port to read input from is inputB
Called postfire()
Called prefire()
Called fire()
Checking for deadlock:
There are 1 Blocked actors, 0 Stopped actors, and 3 active threads.
Waiting for actors to stop.
Called postfire()
Called prefire()
Read input token from inputB with value 10.5
Called fire()
Called prefire()
Called fire()
Past the end of training data. Read and discard all inputs.
Checking for deadlock:
There are 2 Blocked actors, 0 Stopped actors, and 3 active threads.
Waiting for actors to stop.
Sent output token with value 9.0
Next port to read input from is inputA
Called postfire()
Called prefire()
Called fire()
Checking for deadlock:
There are 3 Blocked actors, 0 Stopped actors, and 3 active threads.
Actors have stopped.
Checking for deadlock:
There are 3 Blocked actors, 0 Stopped actors, and 3 active threads.
Deadlock detected.
Resolving Deadlock
Checking for deadlock:
There are 3 Blocked actors, 0 Stopped actors, and 3 active threads.
Artificial Deadlock - increasing queue capacity.
increasing the capacity of receiver ptolemy.actor.TypedIOPort {.top.OrderedMerge.inputB} to 2
Director: Called postfire().
Called postfire().
_stopRequested = false
_stopFireRequested = false
Returning from postfire(): true
Called fire().
Checking for deadlock:
There are 2 Blocked actors, 0 Stopped actors, and 3 active threads.
Waiting for actors to stop.
-- Thread wrapup() called.
Called wrapup()
Thread .top.Ramp2 is exiting.
-- Thread stopped.
Checking for deadlock:
There are 2 Blocked actors, 0 Stopped actors, and 2 active threads.
Actors have stopped.
Checking for deadlock:
There are 2 Blocked actors, 0 Stopped actors, and 2 active threads.
Deadlock detected.
Resolving Deadlock
Checking for deadlock:
There are 2 Blocked actors, 0 Stopped actors, and 2 active threads.
Deadlock detected: no processes blocked on write, but some are blocked on read.
Called postfire().
_stopRequested = false
_stopFireRequested = false
Returning from postfire(): false
Finished deactivating branches.
Called wrapup().
-- Thread wrapup() called.
Called wrapup()
Thread .top.OrderedMerge is exiting.
-- Thread wrapup() called.
Called wrapup()
Thread .top.Test is exiting.
-- Thread stopped.
-- Blocked Receiver call threw TerminateProcessException.
32 ms. Memory: 331264K Free: 310067K (94%)
.top. Preinitializing ...
Invoking preinitialize():  .top.OrderedMerge
Called preinitialize()
Invoking preinitialize():  .top.Ramp
Called preinitialize()
Invoking preinitialize():  .top.Ramp2
Called preinitialize()
Invoking preinitialize():  .top.Test
Called preinitialize()
.top. Finished preinitialize().
Called initialize().
Invoking initialize():  .top.OrderedMerge
Initializing actor: .top.OrderedMerge
Adding a thread: .top.OrderedMerge
Invoking initialize():  .top.Ramp
Initializing actor: .top.Ramp
Adding a thread: .top.Ramp
Invoking initialize():  .top.Ramp2
Initializing actor: .top.Ramp2
Adding a thread: .top.Ramp2
Invoking initialize():  .top.Test
Initializing actor: .top.Test
Adding a thread: .top.Test
-- Thread stopped.
-- Blocked Receiver call threw TerminateProcessException.
-- Starting thread.
Called initialize()
Called prefire()
Called fire()
-- Starting thread.
Called initialize()
Called prefire()
Called fire()
Called postfire()
Called prefire()
Called fire()
-- Starting thread.
Called initialize()
Called prefire()
Called fire()
Called postfire()
Called prefire()
Called fire()
Called fire().
Checking for deadlock:
There are 3 Blocked actors, 0 Stopped actors, and 4 active threads.
Waiting for actors to stop.
-- Starting thread.
Called initialize()
Called prefire()
Called fire()
Checking for deadlock:
There are 2 Blocked actors, 0 Stopped actors, and 4 active threads.
Waiting for actors to stop.
Called postfire()
Called prefire()
Called fire()
Checking for deadlock:
There are 3 Blocked actors, 0 Stopped actors, and 4 active threads.
Waiting for actors to stop.
Read input token from inputA with value 0.0
Next port to read input from is inputB
Called postfire()
Called prefire()
Called fire()
Checking for deadlock:
There are 2 Blocked actors, 0 Stopped actors, and 4 active threads.
Waiting for actors to stop.
Called postfire()
Called prefire()
Called fire()
Checking for deadlock:
There are 3 Blocked actors, 0 Stopped actors, and 4 active threads.
Waiting for actors to stop.
Read input token from inputB with value 0.0
Checking for deadlock:
There are 2 Blocked actors, 0 Stopped actors, and 4 active threads.
Waiting for actors to stop.
-- Read input: 0.0, which is expected to match: 0.0
Called prefire()
Called fire()
Checking for deadlock:
There are 3 Blocked actors, 0 Stopped actors, and 4 active threads.
Waiting for actors to stop.
Sent output token with value 0.0
Next port to read input from is inputA
Called postfire()
Called prefire()
Called fire()
Checking for deadlock:
There are 2 Blocked actors, 0 Stopped actors, and 4 active threads.
Waiting for actors to stop.
Called postfire()
Called prefire()
Called fire()
Checking for deadlock:
There are 3 Blocked actors, 0 Stopped actors, and 4 active threads.
Waiting for actors to stop.
Read input token from inputA with value 1.0
Checking for deadlock:
There are 2 Blocked actors, 0 Stopped actors, and 4 active threads.
Waiting for actors to stop.
-- Read input: 0.0, which is expected to match: 0.0
Called prefire()
Called fire()
Checking for deadlock:
There are 3 Blocked actors, 0 Stopped actors, and 4 active threads.
Waiting for actors to stop.
Sent output token with value 0.0
Next port to read input from is inputB
Called postfire()
Called prefire()
Called fire()
Checking for deadlock:
There are 2 Blocked actors, 0 Stopped actors, and 4 active threads.
Waiting for actors to stop.
Called postfire()
Called prefire()
Called fire()
Checking for deadlock:
There are 3 Blocked actors, 0 Stopped actors, and 4 active threads.
Waiting for actors to stop.
Read input token from inputB with value 1.5
Checking for deadlock:
There are 2 Blocked actors, 0 Stopped actors, and 4 active threads.
Waiting for actors to stop.
-- Read input: 1.0, which is expected to match: 1.0
Called prefire()
Called fire()
Checking for deadlock:
There are 3 Blocked actors, 0 Stopped actors, and 4 active threads.
Waiting for actors to stop.
Sent output token with value 1.0
Next port to read input from is inputA
Called postfire()
Called prefire()
Called fire()
Checking for deadlock:
There are 2 Blocked actors, 0 Stopped actors, and 4 active threads.
Waiting for actors to stop.
Called postfire()
Called prefire()
Called fire()
Checking for deadlock:
There are 3 Blocked actors, 0 Stopped actors, and 4 active threads.
Waiting for actors to stop.
Read input token from inputA with value 2.0
Checking for deadlock:
There are 2 Blocked actors, 0 Stopped actors, and 4 active threads.
Waiting for actors to stop.
-- Read input: 1.5, which is expected to match: 1.5
Called prefire()
Called fire()
Checking for deadlock:
There are 3 Blocked actors, 0 Stopped actors, and 4 active threads.
Waiting for actors to stop.
Sent output token with value 1.5
Next port to read input from is inputB
Called postfire()
Called prefire()
Called fire()
Checking for deadlock:
There are 2 Blocked actors, 0 Stopped actors, and 4 active threads.
Waiting for actors to stop.
Called postfire()
Called prefire()
Called fire()
Checking for deadlock:
There are 3 Blocked actors, 0 Stopped actors, and 4 active threads.
Waiting for actors to stop.
Read input token from inputB with value 3.0
Checking for deadlock:
There are 2 Blocked actors, 0 Stopped actors, and 4 active threads.
Waiting for actors to stop.
-- Read input: 2.0, which is expected to match: 2.0
Called prefire()
Called fire()
Checking for deadlock:
There are 3 Blocked actors, 0 Stopped actors, and 4 active threads.
Waiting for actors to stop.
Sent output token with value 2.0
Next port to read input from is inputA
Called postfire()
Called prefire()
Called fire()
Checking for deadlock:
There are 2 Blocked actors, 0 Stopped actors, and 4 active threads.
Waiting for actors to stop.
Called postfire()
Called prefire()
Called fire()
Checking for deadlock:
There are 3 Blocked actors, 0 Stopped actors, and 4 active threads.
Waiting for actors to stop.
Read input token from inputA with value 3.0
Checking for deadlock:
There are 2 Blocked actors, 0 Stopped actors, and 4 active threads.
Waiting for actors to stop.
-- Read input: 3.0, which is expected to match: 3.0
Called prefire()
Called fire()
Checking for deadlock:
There are 3 Blocked actors, 0 Stopped actors, and 4 active threads.
Waiting for actors to stop.
Sent output token with value 3.0
Next port to read input from is inputB
Called postfire()
Called prefire()
Called fire()
Checking for deadlock:
There are 2 Blocked actors, 0 Stopped actors, and 4 active threads.
Waiting for actors to stop.
Called postfire()
Called prefire()
Called fire()
Checking for deadlock:
There are 3 Blocked actors, 0 Stopped actors, and 4 active threads.
Waiting for actors to stop.
Read input token from inputB with value 4.5
Checking for deadlock:
There are 2 Blocked actors, 0 Stopped actors, and 4 active threads.
Waiting for actors to stop.
-- Read input: 3.0, which is expected to match: 3.0
Called prefire()
Called fire()
Checking for deadlock:
There are 3 Blocked actors, 0 Stopped actors, and 4 active threads.
Waiting for actors to stop.
Sent output token with value 3.0
Next port to read input from is inputA
Called postfire()
Called prefire()
Called fire()
Checking for deadlock:
There are 2 Blocked actors, 0 Stopped actors, and 4 active threads.
Waiting for actors to stop.
Called postfire()
Called prefire()
Called fire()
Checking for deadlock:
There are 3 Blocked actors, 0 Stopped actors, and 4 active threads.
Waiting for actors to stop.
Read input token from inputA with value 4.0
Checking for deadlock:
There are 2 Blocked actors, 0 Stopped actors, and 4 active threads.
Waiting for actors to stop.
-- Read input: 4.0, which is expected to match: 4.0
Called prefire()
Called fire()
Past the end of training data. Read and discard all inputs.
Checking for deadlock:
There are 3 Blocked actors, 0 Stopped actors, and 4 active threads.
Waiting for actors to stop.
Sent output token with value 4.0
Next port to read input from is inputA
Called postfire()
Called prefire()
Called fire()
Checking for deadlock:
There are 2 Blocked actors, 0 Stopped actors, and 4 active threads.
Waiting for actors to stop.
Called postfire()
Called prefire()
Called fire()
Checking for deadlock:
There are 3 Blocked actors, 0 Stopped actors, and 4 active threads.
Waiting for actors to stop.
Read input token from inputA with value 5.0
Checking for deadlock:
There are 2 Blocked actors, 0 Stopped actors, and 4 active threads.
Waiting for actors to stop.
Called prefire()
Called fire()
Past the end of training data. Read and discard all inputs.
Checking for deadlock:
There are 3 Blocked actors, 0 Stopped actors, and 4 active threads.
Waiting for actors to stop.
Sent output token with value 4.5
Next port to read input from is inputB
Called postfire()
Called prefire()
Called fire()
Checking for deadlock:
There are 2 Blocked actors, 0 Stopped actors, and 4 active threads.
Waiting for actors to stop.
Called postfire()
Called prefire()
Called fire()
Checking for deadlock:
There are 3 Blocked actors, 0 Stopped actors, and 4 active threads.
Waiting for actors to stop.
Read input token from inputB with value 6.0
Checking for deadlock:
There are 2 Blocked actors, 0 Stopped actors, and 4 active threads.
Waiting for actors to stop.
Called prefire()
Called fire()
Past the end of training data. Read and discard all inputs.
Checking for deadlock:
There are 3 Blocked actors, 0 Stopped actors, and 4 active threads.
Waiting for actors to stop.
Sent output token with value 5.0
Next port to read input from is inputA
Called postfire()
Called prefire()
Called fire()
Checking for deadlock:
There are 2 Blocked actors, 0 Stopped actors, and 4 active threads.
Waiting for actors to stop.
Called postfire()
Called prefire()
Called fire()
Checking for deadlock:
There are 3 Blocked actors, 0 Stopped actors, and 4 active threads.
Waiting for actors to stop.
Read input token from inputA with value 6.0
Checking for deadlock:
There are 2 Blocked actors, 0 Stopped actors, and 4 active threads.
Waiting for actors to stop.
Called prefire()
Called fire()
Past the end of training data. Read and discard all inputs.
Checking for deadlock:
There are 3 Blocked actors, 0 Stopped actors, and 4 active threads.
Waiting for actors to stop.
Sent output token with value 6.0
Next port to read input from is inputB
Called postfire()
Called prefire()
Called fire()
Checking for deadlock:
There are 2 Blocked actors, 0 Stopped actors, and 4 active threads.
Waiting for actors to stop.
Called postfire()
Called prefire()
Called fire()
Checking for deadlock:
There are 3 Blocked actors, 0 Stopped actors, and 4 active threads.
Waiting for actors to stop.
Read input token from inputB with value 7.5
Checking for deadlock:
There are 2 Blocked actors, 0 Stopped actors, and 4 active threads.
Waiting for actors to stop.
Called prefire()
Called fire()
Past the end of training data. Read and discard all inputs.
Checking for deadlock:
There are 3 Blocked actors, 0 Stopped actors, and 4 active threads.
Waiting for actors to stop.
Sent output token with value 6.0
Next port to read input from is inputA
Called postfire()
Called prefire()
Called fire()
Checking for deadlock:
There are 2 Blocked actors, 0 Stopped actors, and 4 active threads.
Waiting for actors to stop.
Called postfire()
Called prefire()
Called fire()
Checking for deadlock:
There are 3 Blocked actors, 0 Stopped actors, and 4 active threads.
Waiting for actors to stop.
Read input token from inputA with value 7.0
Checking for deadlock:
There are 2 Blocked actors, 0 Stopped actors, and 4 active threads.
Waiting for actors to stop.
Called prefire()
Called fire()
Past the end of training data. Read and discard all inputs.
Checking for deadlock:
There are 3 Blocked actors, 0 Stopped actors, and 4 active threads.
Waiting for actors to stop.
Sent output token with value 7.0
Next port to read input from is inputA
Called postfire()
Called prefire()
Called fire()
Checking for deadlock:
There are 2 Blocked actors, 0 Stopped actors, and 4 active threads.
Waiting for actors to stop.
-- Thread wrapup() called.
Called wrapup()
Thread .top.Ramp is exiting.
Checking for deadlock:
There are 2 Blocked actors, 0 Stopped actors, and 3 active threads.
Waiting for actors to stop.
-- Thread stopped.
Read input token from inputA with value 8.0
Checking for deadlock:
There are 1 Blocked actors, 0 Stopped actors, and 3 active threads.
Waiting for actors to stop.
Called prefire()
Called fire()
Past the end of training data. Read and discard all inputs.
Checking for deadlock:
There are 2 Blocked actors, 0 Stopped actors, and 3 active threads.
Waiting for actors to stop.
Sent output token with value 7.5
Next port to read input from is inputB
Called postfire()
Called prefire()
Called fire()
Checking for deadlock:
There are 1 Blocked actors, 0 Stopped actors, and 3 active threads.
Waiting for actors to stop.
Called postfire()
Called prefire()
Called fire()
Checking for deadlock:
There are 2 Blocked actors, 0 Stopped actors, and 3 active threads.
Waiting for actors to stop.
Read input token from inputB with value 9.0
Checking for deadlock:
There are 1 Blocked actors, 0 Stopped actors, and 3 active threads.
Waiting for actors to stop.
Called prefire()
Called fire()
Past the end of training data. Read and discard all inputs.
Checking for deadlock:
There are 2 Blocked actors, 0 Stopped actors, and 3 active threads.
Waiting for actors to stop.
Sent output token with value 8.0
Next port to read input from is inputA
Called postfire()
Called prefire()
Called fire()
Read input token from inputA with value 9.0
Checking for deadlock:
There are 1 Blocked actors, 0 Stopped actors, and 3 active threads.
Waiting for actors to stop.
Called prefire()
Called fire()
Past the end of training data. Read and discard all inputs.
Checking for deadlock:
There are 2 Blocked actors, 0 Stopped actors, and 3 active threads.
Waiting for actors to stop.
Sent output token with value 9.0
Next port to read input from is inputB
Called postfire()
Called prefire()
Called fire()
Checking for deadlock:
There are 1 Blocked actors, 0 Stopped actors, and 3 active threads.
Waiting for actors to stop.
Called postfire()
Called prefire()
Called fire()
Checking for deadlock:
There are 2 Blocked actors, 0 Stopped actors, and 3 active threads.
Waiting for actors to stop.
Read input token from inputB with value 10.5
Checking for deadlock:
There are 1 Blocked actors, 0 Stopped actors, and 3 active threads.
Waiting for actors to stop.
Called prefire()
Called fire()
Past the end of training data. Read and discard all inputs.
Checking for deadlock:
There are 2 Blocked actors, 0 Stopped actors, and 3 active threads.
Waiting for actors to stop.
Sent output token with value 9.0
Next port to read input from is inputA
Called postfire()
Called prefire()
Called fire()
Checking for deadlock:
There are 3 Blocked actors, 0 Stopped actors, and 3 active threads.
Actors have stopped.
Checking for deadlock:
There are 3 Blocked actors, 0 Stopped actors, and 3 active threads.
Deadlock detected.
Resolving Deadlock
Checking for deadlock:
There are 3 Blocked actors, 0 Stopped actors, and 3 active threads.
Artificial Deadlock - increasing queue capacity.
increasing the capacity of receiver ptolemy.actor.TypedIOPort {.top.OrderedMerge.inputB} to 2
Director: Called postfire().
Called postfire().
_stopRequested = false
_stopFireRequested = false
Returning from postfire(): true
Called fire().
Checking for deadlock:
There are 2 Blocked actors, 0 Stopped actors, and 3 active threads.
Waiting for actors to stop.
-- Thread wrapup() called.
Called wrapup()
Thread .top.Ramp2 is exiting.
-- Thread stopped.
Checking for deadlock:
There are 2 Blocked actors, 0 Stopped actors, and 2 active threads.
Actors have stopped.
Checking for deadlock:
There are 2 Blocked actors, 0 Stopped actors, and 2 active threads.
Deadlock detected.
Resolving Deadlock
Checking for deadlock:
There are 2 Blocked actors, 0 Stopped actors, and 2 active threads.
Deadlock detected: no processes blocked on write, but some are blocked on read.
Called postfire().
_stopRequested = false
_stopFireRequested = false
Returning from postfire(): false
Finished deactivating branches.
Called wrapup().
-- Thread wrapup() called.
Called wrapup()
Thread .top.Test is exiting.
-- Thread stopped.
-- Blocked Receiver call threw TerminateProcessException.
-- Thread wrapup() called.
Called wrapup()
Thread .top.OrderedMerge is exiting.
11 ms. Memory: 331264K Free: 300257K (91%)
/home/travis/build/icyphy/ptII/ptolemy/actor/lib/test/Publisher.tcl
-- Thread stopped.
-- Blocked Receiver call threw TerminateProcessException.
12 ms. Memory: 331264K Free: 290566K (88%)
8 ms. Memory: 331264K Free: 285721K (86%)
3 ms. Memory: 331264K Free: 280860K (85%)
5 ms. Memory: 331264K Free: 280860K (85%)
3 ms. Memory: 331264K Free: 280860K (85%)
3 ms. Memory: 331264K Free: 280860K (85%)
2 ms. Memory: 331264K Free: 280860K (85%)
2 ms. Memory: 331264K Free: 276015K (83%)
1 ms. Memory: 331264K Free: 271170K (82%)
8 ms. Memory: 331264K Free: 266325K (80%)
3 ms. Memory: 331264K Free: 266325K (80%)
1 ms. Memory: 331264K Free: 261479K (79%)
8 ms. Memory: 331264K Free: 251789K (76%)
19 ms. Memory: 331264K Free: 242099K (73%)
10 ms. Memory: 331264K Free: 232409K (70%)
/home/travis/build/icyphy/ptII/ptolemy/actor/lib/test/Pulse.tcl
6 ms. Memory: 331264K Free: 188786K (57%)
9 ms. Memory: 331264K Free: 188786K (57%)
1 ms. Memory: 331264K Free: 188786K (57%)
1 ms. Memory: 331264K Free: 188786K (57%)
2 ms. Memory: 331264K Free: 188786K (57%)
1 ms. Memory: 331264K Free: 188786K (57%)
2 ms. Memory: 331264K Free: 183941K (56%)
1 ms. Memory: 331264K Free: 183941K (56%)
1 ms. Memory: 331264K Free: 183941K (56%)
/home/travis/build/icyphy/ptII/ptolemy/actor/lib/test/Ramp.tcl
2 ms. Memory: 331264K Free: 183941K (56%)
1 ms. Memory: 331264K Free: 179080K (54%)
1 ms. Memory: 331264K Free: 179080K (54%)
1 ms. Memory: 331264K Free: 179080K (54%)
3 ms. Memory: 331264K Free: 179080K (54%)
3 ms. Memory: 331264K Free: 179080K (54%)
3 ms. Memory: 331264K Free: 179080K (54%)
5 actors
5000 microseconds per iteration to create
5 ms. Memory: 331264K Free: 174235K (53%)
2 ms. Memory: 331264K Free: 174235K (53%)
2 ms. Memory: 331264K Free: 174235K (53%)
2 ms. Memory: 331264K Free: 174235K (53%)
50 actors
23000 microseconds per iteration to create
24 ms. Memory: 331264K Free: 154838K (47%)
5 ms. Memory: 331264K Free: 154838K (47%)
5 ms. Memory: 331264K Free: 154838K (47%)
5 ms. Memory: 331264K Free: 154838K (47%)
500 actors
1251000 microseconds per iteration to create
230 ms. Memory: 331776K Free: 224864K (68%)
41 ms. Memory: 331776K Free: 220093K (66%)
41 ms. Memory: 331776K Free: 215322K (65%)
39 ms. Memory: 331776K Free: 210551K (63%)
/home/travis/build/icyphy/ptII/ptolemy/actor/lib/test/RampContinuous.tcl
11 ms. Memory: 331776K Free: 205780K (62%)
/home/travis/build/icyphy/ptII/ptolemy/actor/lib/test/RecordAssembler.tcl
6 ms. Memory: 331776K Free: 205780K (62%)
4 ms. Memory: 331776K Free: 205780K (62%)
/home/travis/build/icyphy/ptII/ptolemy/actor/lib/test/RecordDisassembler.tcl
6 ms. Memory: 331776K Free: 205780K (62%)
5 ms. Memory: 331776K Free: 201001K (61%)
6 ms. Memory: 331776K Free: 201001K (61%)
/home/travis/build/icyphy/ptII/ptolemy/actor/lib/test/Scale.tcl
3 ms. Memory: 331776K Free: 201001K (61%)
1 ms. Memory: 331776K Free: 201001K (61%)
1 ms. Memory: 331776K Free: 196214K (59%)
3 ms. Memory: 331776K Free: 196214K (59%)
3 ms. Memory: 331776K Free: 196214K (59%)
/home/travis/build/icyphy/ptII/ptolemy/actor/lib/test/SequentialClock.tcl
preinitializing
resolving types
initializing
executing number 1
wrapping up
idle
3 ms. Memory: 331776K Free: 196214K (59%)
Completed execution with 5 iterations
preinitializing
resolving types
initializing
executing number 1
wrapping up
idle
2 ms. Memory: 331776K Free: 196214K (59%)
Completed execution with 5 iterations
preinitializing
resolving types
initializing
executing number 1
wrapping up
idle
2 ms. Memory: 331776K Free: 196214K (59%)
Completed execution with 5 iterations
/home/travis/build/icyphy/ptII/ptolemy/actor/lib/test/SetVariable.tcl
4 ms. Memory: 331776K Free: 191440K (58%)
/home/travis/build/icyphy/ptII/ptolemy/actor/lib/test/Sinewave.tcl
/home/travis/build/icyphy/ptII/ptolemy/actor/lib/test/SubscriptionAggregator.tcl
3 ms. Memory: 331776K Free: 177095K (53%)
2 ms. Memory: 331776K Free: 177095K (53%)
1 ms. Memory: 331776K Free: 177095K (53%)
1 ms. Memory: 331776K Free: 177095K (53%)
1 ms. Memory: 331776K Free: 172308K (52%)
3 ms. Memory: 331776K Free: 172308K (52%)
...............................................................1019 ms. Memory: 579584K Free: 531764K (92%)
/home/travis/build/icyphy/ptII/ptolemy/actor/lib/test/Test.tcl
 The next command will produce a warning about training mode,
   which may be ignored.
3 ms. Memory: 579584K Free: 522112K (90%)
1 ms. Memory: 579584K Free: 522112K (90%)
2 ms. Memory: 579584K Free: 522112K (90%)
1 ms. Memory: 579584K Free: 522112K (90%)
1 ms. Memory: 579584K Free: 522112K (90%)
2 ms. Memory: 579584K Free: 522112K (90%)
2 ms. Memory: 579584K Free: 522112K (90%)
 The next command will produce a warning about training mode,
   which may be ignored.
3 ms. Memory: 579584K Free: 522112K (90%)
 The next command will produce a warning about training mode,
   which may be ignored.
2 ms. Memory: 579584K Free: 522112K (90%)
1 ms. Memory: 579584K Free: 512476K (88%)
1 ms. Memory: 579584K Free: 512476K (88%)
1 ms. Memory: 579584K Free: 512476K (88%)
2 ms. Memory: 579584K Free: 512476K (88%)
5 ms. Memory: 579584K Free: 512476K (88%)
/home/travis/build/icyphy/ptII/ptolemy/actor/lib/test/TestExceptionHandler.tcl
 The next command will produce a warning about training mode,
   which may be ignored.
1 ms. Memory: 579584K Free: 512476K (88%)
1 ms. Memory: 579584K Free: 512476K (88%)
1 ms. Memory: 579584K Free: 512476K (88%)
/home/travis/build/icyphy/ptII/ptolemy/actor/lib/test/UnionDisassembler.tcl
23 ms. Memory: 579584K Free: 502840K (87%)
/home/travis/build/icyphy/ptII/ptolemy/actor/lib/test/VariableClock.tcl
preinitializing
resolving types
initializing
executing number 1
wrapping up
idle
9 ms. Memory: 579584K Free: 502840K (87%)
Completed execution with 11 iterations
preinitializing
resolving types
initializing
executing number 1
wrapping up
idle
5 ms. Memory: 579584K Free: 493196K (85%)
Completed execution with 10 iterations
10/15/18 02:30:41
Failed: 0  Total Tests: 234  ((Passed: 234, Newly Passed: 0)  Known Failed: 0) /home/travis/build/icyphy/ptII/ptolemy/actor/lib/test
----------------- testing (KnownFailure) /home/travis/build/icyphy/ptII/ptolemy/actor/lib/test/auto/knownFailedTests/PublisherPortToplevelSubscriber.xml
1 ms. Memory: 579584K Free: 483438K (83%)
Known Failure: java.lang.reflect.InvocationTargetException
----------------- testing (KnownFailure) /home/travis/build/icyphy/ptII/ptolemy/actor/lib/test/auto/knownFailedTests/PublisherSubscriberPortToplevel.xml
0 ms. Memory: 579584K Free: 463920K (80%)
Known Failure: java.lang.reflect.InvocationTargetException
----------------- testing (KnownFailure) /home/travis/build/icyphy/ptII/ptolemy/actor/lib/test/auto/knownFailedTests/PublisherSubscriptionAggregatorPort.xml
2 ms. Memory: 579584K Free: 444402K (77%)
Known Failure: java.lang.reflect.InvocationTargetException
----------------- testing (KnownFailure) /home/travis/build/icyphy/ptII/ptolemy/actor/lib/test/auto/knownFailedTests/sizedarray3.xml
3 ms. Memory: 579584K Free: 424885K (73%)
Known Failure: java.lang.reflect.InvocationTargetException
No auto/linux-amd64/*.xml tests in /home/travis/build/icyphy/ptII/ptolemy/actor/lib/test
AutoTests.java: About to close Vertx.
AutoTests.java: Vertx closed.

===========================================================================================
----------------- testing Mon Oct 15 02:30:41 UTC 2018 /home/travis/build/icyphy/ptII/ptolemy/actor/lib/test/auto/AbsoluteValue.xml
----------------- Instantiating /home/travis/build/icyphy/ptII/ptolemy/actor/lib/test/auto/AbsoluteValue.xml
5 ms. Memory: 579584K Free: 351939K (61%)
----------------- Invoking toplevel() on ptolemy.moml.MoMLSimpleApplication@17fa6844
----------------- Done invoking toplevel() on ptolemy.moml.MoMLSimpleApplication@17fa6844
reloadAllAccessors: .AbsoluteValue

===========================================================================================
----------------- testing Mon Oct 15 02:30:41 UTC 2018 /home/travis/build/icyphy/ptII/ptolemy/actor/lib/test/auto/AbsoluteValue2.xml
----------------- Instantiating /home/travis/build/icyphy/ptII/ptolemy/actor/lib/test/auto/AbsoluteValue2.xml
3 ms. Memory: 579584K Free: 322778K (56%)
----------------- Invoking toplevel() on ptolemy.moml.MoMLSimpleApplication@368a9c98
----------------- Done invoking toplevel() on ptolemy.moml.MoMLSimpleApplication@368a9c98
reloadAllAccessors: .AbsoluteValue2

===========================================================================================
----------------- testing Mon Oct 15 02:30:41 UTC 2018 /home/travis/build/icyphy/ptII/ptolemy/actor/lib/test/auto/Accumulator.xml
----------------- Instantiating /home/travis/build/icyphy/ptII/ptolemy/actor/lib/test/auto/Accumulator.xml
20 ms. Memory: 579584K Free: 313019K (54%)
----------------- Invoking toplevel() on ptolemy.moml.MoMLSimpleApplication@40d53226
----------------- Done invoking toplevel() on ptolemy.moml.MoMLSimpleApplication@40d53226
reloadAllAccessors: .Accumulator

===========================================================================================
----------------- testing Mon Oct 15 02:30:41 UTC 2018 /home/travis/build/icyphy/ptII/ptolemy/actor/lib/test/auto/Accumulator2.xml
----------------- Instantiating /home/travis/build/icyphy/ptII/ptolemy/actor/lib/test/auto/Accumulator2.xml
9 ms. Memory: 579584K Free: 303260K (52%)
----------------- Invoking toplevel() on ptolemy.moml.MoMLSimpleApplication@74a3bf5e
----------------- Done invoking toplevel() on ptolemy.moml.MoMLSimpleApplication@74a3bf5e
reloadAllAccessors: .Accumulator2

===========================================================================================
----------------- testing Mon Oct 15 02:30:41 UTC 2018 /home/travis/build/icyphy/ptII/ptolemy/actor/lib/test/auto/Accumulator3.xml
----------------- Instantiating /home/travis/build/icyphy/ptII/ptolemy/actor/lib/test/auto/Accumulator3.xml
3 ms. Memory: 579584K Free: 293501K (51%)
----------------- Invoking toplevel() on ptolemy.moml.MoMLSimpleApplication@3a2e4482
----------------- Done invoking toplevel() on ptolemy.moml.MoMLSimpleApplication@3a2e4482
reloadAllAccessors: .Accumulator3

===========================================================================================
----------------- testing Mon Oct 15 02:30:41 UTC 2018 /home/travis/build/icyphy/ptII/ptolemy/actor/lib/test/auto/ArrayAppend.xml
----------------- Instantiating /home/travis/build/icyphy/ptII/ptolemy/actor/lib/test/auto/ArrayAppend.xml
6 ms. Memory: 579584K Free: 283743K (49%)
----------------- Invoking toplevel() on ptolemy.moml.MoMLSimpleApplication@14cdcb15
----------------- Done invoking toplevel() on ptolemy.moml.MoMLSimpleApplication@14cdcb15
reloadAllAccessors: .ArrayAppend

===========================================================================================
----------------- testing Mon Oct 15 02:30:42 UTC 2018 /home/travis/build/icyphy/ptII/ptolemy/actor/lib/test/auto/ArrayAppend2.xml
----------------- Instantiating /home/travis/build/icyphy/ptII/ptolemy/actor/lib/test/auto/ArrayAppend2.xml
504 ms. Memory: 579584K Free: 186278K (32%)
----------------- Invoking toplevel() on ptolemy.moml.MoMLSimpleApplication@187f5254
----------------- Done invoking toplevel() on ptolemy.moml.MoMLSimpleApplication@187f5254
reloadAllAccessors: .ArrayAppend2

===========================================================================================
----------------- testing Mon Oct 15 02:30:42 UTC 2018 /home/travis/build/icyphy/ptII/ptolemy/actor/lib/test/auto/ArrayAppend3.xml
----------------- Instantiating /home/travis/build/icyphy/ptII/ptolemy/actor/lib/test/auto/ArrayAppend3.xml
3 ms. Memory: 579584K Free: 176519K (30%)
----------------- Invoking toplevel() on ptolemy.moml.MoMLSimpleApplication@69149916
----------------- Done invoking toplevel() on ptolemy.moml.MoMLSimpleApplication@69149916
reloadAllAccessors: .ArrayAppend3

===========================================================================================
----------------- testing Mon Oct 15 02:30:42 UTC 2018 /home/travis/build/icyphy/ptII/ptolemy/actor/lib/test/auto/ArrayAppend4.xml
----------------- Instantiating /home/travis/build/icyphy/ptII/ptolemy/actor/lib/test/auto/ArrayAppend4.xml
18 ms. Memory: 579584K Free: 166760K (29%)
----------------- Invoking toplevel() on ptolemy.moml.MoMLSimpleApplication@6df56a6
----------------- Done invoking toplevel() on ptolemy.moml.MoMLSimpleApplication@6df56a6
reloadAllAccessors: .ArrayAppend4

===========================================================================================
----------------- testing Mon Oct 15 02:30:42 UTC 2018 /home/travis/build/icyphy/ptII/ptolemy/actor/lib/test/auto/ArrayAppend5.xml
----------------- Instantiating /home/travis/build/icyphy/ptII/ptolemy/actor/lib/test/auto/ArrayAppend5.xml
4 ms. Memory: 579584K Free: 157001K (27%)
----------------- Invoking toplevel() on ptolemy.moml.MoMLSimpleApplication@a00fc43
----------------- Done invoking toplevel() on ptolemy.moml.MoMLSimpleApplication@a00fc43
reloadAllAccessors: .ArrayAppend5

===========================================================================================
----------------- testing Mon Oct 15 02:30:42 UTC 2018 /home/travis/build/icyphy/ptII/ptolemy/actor/lib/test/auto/ArrayAppend6.xml
----------------- Instantiating /home/travis/build/icyphy/ptII/ptolemy/actor/lib/test/auto/ArrayAppend6.xml
2 ms. Memory: 579584K Free: 137607K (24%)
----------------- Invoking toplevel() on ptolemy.moml.MoMLSimpleApplication@4e602636
----------------- Done invoking toplevel() on ptolemy.moml.MoMLSimpleApplication@4e602636
reloadAllAccessors: .ArrayAppend6

===========================================================================================
----------------- testing Mon Oct 15 02:30:42 UTC 2018 /home/travis/build/icyphy/ptII/ptolemy/actor/lib/test/auto/ArrayAppendPerformanceTest.xml
----------------- Instantiating /home/travis/build/icyphy/ptII/ptolemy/actor/lib/test/auto/ArrayAppendPerformanceTest.xml
18 ms. Memory: 579584K Free: 122953K (21%)
----------------- Invoking toplevel() on ptolemy.moml.MoMLSimpleApplication@4eab104a
----------------- Done invoking toplevel() on ptolemy.moml.MoMLSimpleApplication@4eab104a
reloadAllAccessors: .ArrayAppendPerformanceTest

===========================================================================================
----------------- testing Mon Oct 15 02:30:42 UTC 2018 /home/travis/build/icyphy/ptII/ptolemy/actor/lib/test/auto/ArrayAppendWithEmptyInput.xml
----------------- Instantiating /home/travis/build/icyphy/ptII/ptolemy/actor/lib/test/auto/ArrayAppendWithEmptyInput.xml
10 ms. Memory: 579584K Free: 108299K (19%)
----------------- Invoking toplevel() on ptolemy.moml.MoMLSimpleApplication@595bdf9d
----------------- Done invoking toplevel() on ptolemy.moml.MoMLSimpleApplication@595bdf9d
reloadAllAccessors: .ArrayAppendWithEmptyInput

===========================================================================================
----------------- testing Mon Oct 15 02:30:42 UTC 2018 /home/travis/build/icyphy/ptII/ptolemy/actor/lib/test/auto/ArrayAverage.xml
----------------- Instantiating /home/travis/build/icyphy/ptII/ptolemy/actor/lib/test/auto/ArrayAverage.xml
5 ms. Memory: 579584K Free: 93644K (16%)
----------------- Invoking toplevel() on ptolemy.moml.MoMLSimpleApplication@20bca4ea
----------------- Done invoking toplevel() on ptolemy.moml.MoMLSimpleApplication@20bca4ea
reloadAllAccessors: .ArrayAverage

===========================================================================================
----------------- testing Mon Oct 15 02:30:42 UTC 2018 /home/travis/build/icyphy/ptII/ptolemy/actor/lib/test/auto/ArrayContains.xml
----------------- Instantiating /home/travis/build/icyphy/ptII/ptolemy/actor/lib/test/auto/ArrayContains.xml
3 ms. Memory: 579584K Free: 74250K (13%)
----------------- Invoking toplevel() on ptolemy.moml.MoMLSimpleApplication@3334857f
----------------- Done invoking toplevel() on ptolemy.moml.MoMLSimpleApplication@3334857f
reloadAllAccessors: .ArrayContains

===========================================================================================
----------------- testing Mon Oct 15 02:30:42 UTC 2018 /home/travis/build/icyphy/ptII/ptolemy/actor/lib/test/auto/ArrayElement.xml
----------------- Instantiating /home/travis/build/icyphy/ptII/ptolemy/actor/lib/test/auto/ArrayElement.xml
3 ms. Memory: 579584K Free: 64491K (11%)
----------------- Invoking toplevel() on ptolemy.moml.MoMLSimpleApplication@20d3c849
----------------- Done invoking toplevel() on ptolemy.moml.MoMLSimpleApplication@20d3c849
reloadAllAccessors: .ArrayElement

===========================================================================================
----------------- testing Mon Oct 15 02:30:42 UTC 2018 /home/travis/build/icyphy/ptII/ptolemy/actor/lib/test/auto/ArrayElementAsMatrix.xml
----------------- Instantiating /home/travis/build/icyphy/ptII/ptolemy/actor/lib/test/auto/ArrayElementAsMatrix.xml
68 ms. Memory: 880640K Free: 833804K (95%)
----------------- Invoking toplevel() on ptolemy.moml.MoMLSimpleApplication@3bd4d5bb
----------------- Done invoking toplevel() on ptolemy.moml.MoMLSimpleApplication@3bd4d5bb
reloadAllAccessors: .ArrayElementAsMatrix

===========================================================================================
----------------- testing Mon Oct 15 02:30:43 UTC 2018 /home/travis/build/icyphy/ptII/ptolemy/actor/lib/test/auto/ArrayElementI.xml
----------------- Instantiating /home/travis/build/icyphy/ptII/ptolemy/actor/lib/test/auto/ArrayElementI.xml
3 ms. Memory: 880640K Free: 800523K (91%)
----------------- Invoking toplevel() on ptolemy.moml.MoMLSimpleApplication@6126c98
----------------- Done invoking toplevel() on ptolemy.moml.MoMLSimpleApplication@6126c98
reloadAllAccessors: .ArrayElementI

===========================================================================================
----------------- testing Mon Oct 15 02:30:43 UTC 2018 /home/travis/build/icyphy/ptII/ptolemy/actor/lib/test/auto/ArrayExtract.xml
----------------- Instantiating /home/travis/build/icyphy/ptII/ptolemy/actor/lib/test/auto/ArrayExtract.xml
4 ms. Memory: 880640K Free: 790119K (90%)
----------------- Invoking toplevel() on ptolemy.moml.MoMLSimpleApplication@771443e3
----------------- Done invoking toplevel() on ptolemy.moml.MoMLSimpleApplication@771443e3
reloadAllAccessors: .ArrayExtract

===========================================================================================
----------------- testing Mon Oct 15 02:30:43 UTC 2018 /home/travis/build/icyphy/ptII/ptolemy/actor/lib/test/auto/ArrayExtract2.xml
----------------- Instantiating /home/travis/build/icyphy/ptII/ptolemy/actor/lib/test/auto/ArrayExtract2.xml
7 ms. Memory: 880640K Free: 779715K (89%)
----------------- Invoking toplevel() on ptolemy.moml.MoMLSimpleApplication@cbe68b2
----------------- Done invoking toplevel() on ptolemy.moml.MoMLSimpleApplication@cbe68b2
reloadAllAccessors: .ArrayExtract2

===========================================================================================
----------------- testing Mon Oct 15 02:30:43 UTC 2018 /home/travis/build/icyphy/ptII/ptolemy/actor/lib/test/auto/ArrayLength.xml
----------------- Instantiating /home/travis/build/icyphy/ptII/ptolemy/actor/lib/test/auto/ArrayLength.xml
5 ms. Memory: 880640K Free: 769311K (87%)
----------------- Invoking toplevel() on ptolemy.moml.MoMLSimpleApplication@2572f0f
----------------- Done invoking toplevel() on ptolemy.moml.MoMLSimpleApplication@2572f0f
reloadAllAccessors: .ArrayLength

===========================================================================================
----------------- testing Mon Oct 15 02:30:43 UTC 2018 /home/travis/build/icyphy/ptII/ptolemy/actor/lib/test/auto/ArrayLevelCrossing.xml
----------------- Instantiating /home/travis/build/icyphy/ptII/ptolemy/actor/lib/test/auto/ArrayLevelCrossing.xml
3 ms. Memory: 880640K Free: 753689K (86%)
----------------- Invoking toplevel() on ptolemy.moml.MoMLSimpleApplication@6678314b
----------------- Done invoking toplevel() on ptolemy.moml.MoMLSimpleApplication@6678314b
reloadAllAccessors: .ArrayLevelCrossing

===========================================================================================
----------------- testing Mon Oct 15 02:30:43 UTC 2018 /home/travis/build/icyphy/ptII/ptolemy/actor/lib/test/auto/ArrayLevelCrossing2.xml
----------------- Instantiating /home/travis/build/icyphy/ptII/ptolemy/actor/lib/test/auto/ArrayLevelCrossing2.xml
6 ms. Memory: 880640K Free: 732190K (83%)
----------------- Invoking toplevel() on ptolemy.moml.MoMLSimpleApplication@22111a25
----------------- Done invoking toplevel() on ptolemy.moml.MoMLSimpleApplication@22111a25
reloadAllAccessors: .ArrayLevelCrossing2

===========================================================================================
----------------- testing Mon Oct 15 02:30:43 UTC 2018 /home/travis/build/icyphy/ptII/ptolemy/actor/lib/test/auto/ArrayPeakSearch.xml
----------------- Instantiating /home/travis/build/icyphy/ptII/ptolemy/actor/lib/test/auto/ArrayPeakSearch.xml
8 ms. Memory: 880640K Free: 716568K (81%)
----------------- Invoking toplevel() on ptolemy.moml.MoMLSimpleApplication@540eded5
----------------- Done invoking toplevel() on ptolemy.moml.MoMLSimpleApplication@540eded5
reloadAllAccessors: .ArrayPeakSearch

===========================================================================================
----------------- testing Mon Oct 15 02:30:43 UTC 2018 /home/travis/build/icyphy/ptII/ptolemy/actor/lib/test/auto/ArrayPeakSearch2.xml
----------------- Instantiating /home/travis/build/icyphy/ptII/ptolemy/actor/lib/test/auto/ArrayPeakSearch2.xml
9 ms. Memory: 880640K Free: 700955K (80%)
----------------- Invoking toplevel() on ptolemy.moml.MoMLSimpleApplication@53996334
----------------- Done invoking toplevel() on ptolemy.moml.MoMLSimpleApplication@53996334
reloadAllAccessors: .ArrayPeakSearch2

===========================================================================================
----------------- testing Mon Oct 15 02:30:43 UTC 2018 /home/travis/build/icyphy/ptII/ptolemy/actor/lib/test/auto/ArrayPeakSearch3.xml
----------------- Instantiating /home/travis/build/icyphy/ptII/ptolemy/actor/lib/test/auto/ArrayPeakSearch3.xml
3 ms. Memory: 880640K Free: 685333K (78%)
----------------- Invoking toplevel() on ptolemy.moml.MoMLSimpleApplication@94ca394
----------------- Done invoking toplevel() on ptolemy.moml.MoMLSimpleApplication@94ca394
reloadAllAccessors: .ArrayPeakSearch3

===========================================================================================
----------------- testing Mon Oct 15 02:30:43 UTC 2018 /home/travis/build/icyphy/ptII/ptolemy/actor/lib/test/auto/ArrayRemoveElement.xml
----------------- Instantiating /home/travis/build/icyphy/ptII/ptolemy/actor/lib/test/auto/ArrayRemoveElement.xml
2 ms. Memory: 880640K Free: 669711K (76%)
----------------- Invoking toplevel() on ptolemy.moml.MoMLSimpleApplication@25ed4155
----------------- Done invoking toplevel() on ptolemy.moml.MoMLSimpleApplication@25ed4155
reloadAllAccessors: .ArrayRemoveElement

===========================================================================================
----------------- testing Mon Oct 15 02:30:43 UTC 2018 /home/travis/build/icyphy/ptII/ptolemy/actor/lib/test/auto/ArraySort.xml
----------------- Instantiating /home/travis/build/icyphy/ptII/ptolemy/actor/lib/test/auto/ArraySort.xml
4 ms. Memory: 880640K Free: 643010K (73%)
----------------- Invoking toplevel() on ptolemy.moml.MoMLSimpleApplication@7bb531f5
----------------- Done invoking toplevel() on ptolemy.moml.MoMLSimpleApplication@7bb531f5
reloadAllAccessors: .ArraySort

===========================================================================================
----------------- testing Mon Oct 15 02:30:43 UTC 2018 /home/travis/build/icyphy/ptII/ptolemy/actor/lib/test/auto/ArraySum.xml
----------------- Instantiating /home/travis/build/icyphy/ptII/ptolemy/actor/lib/test/auto/ArraySum.xml
6 ms. Memory: 880640K Free: 632606K (72%)
----------------- Invoking toplevel() on ptolemy.moml.MoMLSimpleApplication@92284e5
----------------- Done invoking toplevel() on ptolemy.moml.MoMLSimpleApplication@92284e5
reloadAllAccessors: .ArraySum

===========================================================================================
----------------- testing Mon Oct 15 02:30:43 UTC 2018 /home/travis/build/icyphy/ptII/ptolemy/actor/lib/test/auto/ArrayToElements.xml
----------------- Instantiating /home/travis/build/icyphy/ptII/ptolemy/actor/lib/test/auto/ArrayToElements.xml
7 ms. Memory: 880640K Free: 622202K (71%)
----------------- Invoking toplevel() on ptolemy.moml.MoMLSimpleApplication@6f4b9904
----------------- Done invoking toplevel() on ptolemy.moml.MoMLSimpleApplication@6f4b9904
reloadAllAccessors: .ArrayToElements

===========================================================================================
----------------- testing Mon Oct 15 02:30:43 UTC 2018 /home/travis/build/icyphy/ptII/ptolemy/actor/lib/test/auto/ArrayToMatrix.xml
----------------- Instantiating /home/travis/build/icyphy/ptII/ptolemy/actor/lib/test/auto/ArrayToMatrix.xml
7 ms. Memory: 880640K Free: 601371K (68%)
----------------- Invoking toplevel() on ptolemy.moml.MoMLSimpleApplication@77d88e5d
----------------- Done invoking toplevel() on ptolemy.moml.MoMLSimpleApplication@77d88e5d
reloadAllAccessors: .ArrayToMatrix

===========================================================================================
----------------- testing Mon Oct 15 02:30:43 UTC 2018 /home/travis/build/icyphy/ptII/ptolemy/actor/lib/test/auto/ArrayUpdate1.xml
----------------- Instantiating /home/travis/build/icyphy/ptII/ptolemy/actor/lib/test/auto/ArrayUpdate1.xml
5 ms. Memory: 880640K Free: 590967K (67%)
----------------- Invoking toplevel() on ptolemy.moml.MoMLSimpleApplication@28b7d2ef
----------------- Done invoking toplevel() on ptolemy.moml.MoMLSimpleApplication@28b7d2ef
reloadAllAccessors: .ArrayUpdate1

===========================================================================================
----------------- testing Mon Oct 15 02:30:43 UTC 2018 /home/travis/build/icyphy/ptII/ptolemy/actor/lib/test/auto/ArrayUpdate2.xml
----------------- Instantiating /home/travis/build/icyphy/ptII/ptolemy/actor/lib/test/auto/ArrayUpdate2.xml
8 ms. Memory: 880640K Free: 569468K (65%)
----------------- Invoking toplevel() on ptolemy.moml.MoMLSimpleApplication@36d42810
----------------- Done invoking toplevel() on ptolemy.moml.MoMLSimpleApplication@36d42810
reloadAllAccessors: .ArrayUpdate2

===========================================================================================
----------------- testing Mon Oct 15 02:30:43 UTC 2018 /home/travis/build/icyphy/ptII/ptolemy/actor/lib/test/auto/ArrayUpdate3.xml
----------------- Instantiating /home/travis/build/icyphy/ptII/ptolemy/actor/lib/test/auto/ArrayUpdate3.xml
2 ms. Memory: 880640K Free: 559064K (63%)
----------------- Invoking toplevel() on ptolemy.moml.MoMLSimpleApplication@4a4eb36f
----------------- Done invoking toplevel() on ptolemy.moml.MoMLSimpleApplication@4a4eb36f
reloadAllAccessors: .ArrayUpdate3

===========================================================================================
----------------- testing Mon Oct 15 02:30:43 UTC 2018 /home/travis/build/icyphy/ptII/ptolemy/actor/lib/test/auto/Assert1.xml
----------------- Instantiating /home/travis/build/icyphy/ptII/ptolemy/actor/lib/test/auto/Assert1.xml
3 ms. Memory: 880640K Free: 548660K (62%)
----------------- Invoking toplevel() on ptolemy.moml.MoMLSimpleApplication@971e1e4
----------------- Done invoking toplevel() on ptolemy.moml.MoMLSimpleApplication@971e1e4
reloadAllAccessors: .Assert1

===========================================================================================
----------------- testing Mon Oct 15 02:30:43 UTC 2018 /home/travis/build/icyphy/ptII/ptolemy/actor/lib/test/auto/Assert2.xml
----------------- Instantiating /home/travis/build/icyphy/ptII/ptolemy/actor/lib/test/auto/Assert2.xml
7 ms. Memory: 880640K Free: 538256K (61%)
----------------- Invoking toplevel() on ptolemy.moml.MoMLSimpleApplication@62f3a98b
----------------- Done invoking toplevel() on ptolemy.moml.MoMLSimpleApplication@62f3a98b
reloadAllAccessors: .Assert2

===========================================================================================
----------------- testing Mon Oct 15 02:30:43 UTC 2018 /home/travis/build/icyphy/ptII/ptolemy/actor/lib/test/auto/BooleanMultiplexor.xml
----------------- Instantiating /home/travis/build/icyphy/ptII/ptolemy/actor/lib/test/auto/BooleanMultiplexor.xml
2 ms. Memory: 880640K Free: 527853K (60%)
----------------- Invoking toplevel() on ptolemy.moml.MoMLSimpleApplication@2293f781
----------------- Done invoking toplevel() on ptolemy.moml.MoMLSimpleApplication@2293f781
reloadAllAccessors: .BooleanMultiplexor

===========================================================================================
----------------- testing Mon Oct 15 02:30:43 UTC 2018 /home/travis/build/icyphy/ptII/ptolemy/actor/lib/test/auto/BooleanMultiplexor2.xml
----------------- Instantiating /home/travis/build/icyphy/ptII/ptolemy/actor/lib/test/auto/BooleanMultiplexor2.xml
9 ms. Memory: 880640K Free: 506354K (57%)
----------------- Invoking toplevel() on ptolemy.moml.MoMLSimpleApplication@285a893e
----------------- Done invoking toplevel() on ptolemy.moml.MoMLSimpleApplication@285a893e
reloadAllAccessors: .BooleanMultiplexor2

===========================================================================================
----------------- testing Mon Oct 15 02:30:43 UTC 2018 /home/travis/build/icyphy/ptII/ptolemy/actor/lib/test/auto/BooleanMultiplexor3.xml
----------------- Instantiating /home/travis/build/icyphy/ptII/ptolemy/actor/lib/test/auto/BooleanMultiplexor3.xml
3 ms. Memory: 880640K Free: 495950K (56%)
----------------- Invoking toplevel() on ptolemy.moml.MoMLSimpleApplication@1ba2fc8a
----------------- Done invoking toplevel() on ptolemy.moml.MoMLSimpleApplication@1ba2fc8a
reloadAllAccessors: .BooleanMultiplexor3

===========================================================================================
----------------- testing Mon Oct 15 02:30:43 UTC 2018 /home/travis/build/icyphy/ptII/ptolemy/actor/lib/test/auto/BooleanSelect.xml
----------------- Instantiating /home/travis/build/icyphy/ptII/ptolemy/actor/lib/test/auto/BooleanSelect.xml
6 ms. Memory: 880640K Free: 485546K (55%)
----------------- Invoking toplevel() on ptolemy.moml.MoMLSimpleApplication@52d56ef9
----------------- Done invoking toplevel() on ptolemy.moml.MoMLSimpleApplication@52d56ef9
reloadAllAccessors: .BooleanSelect

===========================================================================================
----------------- testing Mon Oct 15 02:30:43 UTC 2018 /home/travis/build/icyphy/ptII/ptolemy/actor/lib/test/auto/BooleanSelect2.xml
----------------- Instantiating /home/travis/build/icyphy/ptII/ptolemy/actor/lib/test/auto/BooleanSelect2.xml
1 ms. Memory: 880640K Free: 475142K (54%)
----------------- Invoking toplevel() on ptolemy.moml.MoMLSimpleApplication@790eb180
----------------- Done invoking toplevel() on ptolemy.moml.MoMLSimpleApplication@790eb180
reloadAllAccessors: .BooleanSelect2

===========================================================================================
----------------- testing Mon Oct 15 02:30:43 UTC 2018 /home/travis/build/icyphy/ptII/ptolemy/actor/lib/test/auto/BooleanSwitch.xml
----------------- Instantiating /home/travis/build/icyphy/ptII/ptolemy/actor/lib/test/auto/BooleanSwitch.xml
4 ms. Memory: 880640K Free: 464738K (53%)
----------------- Invoking toplevel() on ptolemy.moml.MoMLSimpleApplication@2bd9ad59
----------------- Done invoking toplevel() on ptolemy.moml.MoMLSimpleApplication@2bd9ad59
reloadAllAccessors: .BooleanSwitch

===========================================================================================
----------------- testing Mon Oct 15 02:30:43 UTC 2018 /home/travis/build/icyphy/ptII/ptolemy/actor/lib/test/auto/BooleanSwitch2.xml
----------------- Instantiating /home/travis/build/icyphy/ptII/ptolemy/actor/lib/test/auto/BooleanSwitch2.xml
2 ms. Memory: 880640K Free: 443239K (50%)
----------------- Invoking toplevel() on ptolemy.moml.MoMLSimpleApplication@4835edae
----------------- Done invoking toplevel() on ptolemy.moml.MoMLSimpleApplication@4835edae
reloadAllAccessors: .BooleanSwitch2

===========================================================================================
----------------- testing Mon Oct 15 02:30:43 UTC 2018 /home/travis/build/icyphy/ptII/ptolemy/actor/lib/test/auto/BooleanSwitchCloningBugWithClassRelationGroup.xml
----------------- Instantiating /home/travis/build/icyphy/ptII/ptolemy/actor/lib/test/auto/BooleanSwitchCloningBugWithClassRelationGroup.xml
4 ms. Memory: 880640K Free: 432836K (49%)
----------------- Invoking toplevel() on ptolemy.moml.MoMLSimpleApplication@364839bb
----------------- Done invoking toplevel() on ptolemy.moml.MoMLSimpleApplication@364839bb
reloadAllAccessors: .BooleanSwitchCloningBugWithClassRelationGroup

===========================================================================================
----------------- testing Mon Oct 15 02:30:43 UTC 2018 /home/travis/build/icyphy/ptII/ptolemy/actor/lib/test/auto/BusActors.xml
----------------- Instantiating /home/travis/build/icyphy/ptII/ptolemy/actor/lib/test/auto/BusActors.xml
3 ms. Memory: 880640K Free: 417222K (47%)
----------------- Invoking toplevel() on ptolemy.moml.MoMLSimpleApplication@693517ad
----------------- Done invoking toplevel() on ptolemy.moml.MoMLSimpleApplication@693517ad
reloadAllAccessors: .BusActors

===========================================================================================
----------------- testing Mon Oct 15 02:30:44 UTC 2018 /home/travis/build/icyphy/ptII/ptolemy/actor/lib/test/auto/ClassWrapper.xml
----------------- Instantiating /home/travis/build/icyphy/ptII/ptolemy/actor/lib/test/auto/ClassWrapper.xml
2 ms. Memory: 880640K Free: 406818K (46%)
----------------- Invoking toplevel() on ptolemy.moml.MoMLSimpleApplication@308429df
----------------- Done invoking toplevel() on ptolemy.moml.MoMLSimpleApplication@308429df
reloadAllAccessors: .ClassWrapper

===========================================================================================
----------------- testing Mon Oct 15 02:30:44 UTC 2018 /home/travis/build/icyphy/ptII/ptolemy/actor/lib/test/auto/Clock.xml
----------------- Instantiating /home/travis/build/icyphy/ptII/ptolemy/actor/lib/test/auto/Clock.xml
1 ms. Memory: 880640K Free: 396414K (45%)
----------------- Invoking toplevel() on ptolemy.moml.MoMLSimpleApplication@79e6b110
----------------- Done invoking toplevel() on ptolemy.moml.MoMLSimpleApplication@79e6b110
reloadAllAccessors: .Clock

===========================================================================================
----------------- testing Mon Oct 15 02:30:44 UTC 2018 /home/travis/build/icyphy/ptII/ptolemy/actor/lib/test/auto/Clock10.xml
----------------- Instantiating /home/travis/build/icyphy/ptII/ptolemy/actor/lib/test/auto/Clock10.xml
5 ms. Memory: 880640K Free: 374915K (43%)
----------------- Invoking toplevel() on ptolemy.moml.MoMLSimpleApplication@715bf700
----------------- Done invoking toplevel() on ptolemy.moml.MoMLSimpleApplication@715bf700
reloadAllAccessors: .Clock10

===========================================================================================
----------------- testing Mon Oct 15 02:30:44 UTC 2018 /home/travis/build/icyphy/ptII/ptolemy/actor/lib/test/auto/Clock11.xml
----------------- Instantiating /home/travis/build/icyphy/ptII/ptolemy/actor/lib/test/auto/Clock11.xml
5 ms. Memory: 880640K Free: 364511K (41%)
----------------- Invoking toplevel() on ptolemy.moml.MoMLSimpleApplication@9edde11
----------------- Done invoking toplevel() on ptolemy.moml.MoMLSimpleApplication@9edde11
reloadAllAccessors: .Clock11

===========================================================================================
----------------- testing Mon Oct 15 02:30:44 UTC 2018 /home/travis/build/icyphy/ptII/ptolemy/actor/lib/test/auto/Clock12.xml
----------------- Instantiating /home/travis/build/icyphy/ptII/ptolemy/actor/lib/test/auto/Clock12.xml
2 ms. Memory: 880640K Free: 354107K (40%)
----------------- Invoking toplevel() on ptolemy.moml.MoMLSimpleApplication@d14e8b6
----------------- Done invoking toplevel() on ptolemy.moml.MoMLSimpleApplication@d14e8b6
reloadAllAccessors: .Clock12

===========================================================================================
----------------- testing Mon Oct 15 02:30:44 UTC 2018 /home/travis/build/icyphy/ptII/ptolemy/actor/lib/test/auto/Clock13.xml
----------------- Instantiating /home/travis/build/icyphy/ptII/ptolemy/actor/lib/test/auto/Clock13.xml
9 ms. Memory: 880640K Free: 343704K (39%)
----------------- Invoking toplevel() on ptolemy.moml.MoMLSimpleApplication@6ed2fe98
----------------- Done invoking toplevel() on ptolemy.moml.MoMLSimpleApplication@6ed2fe98
reloadAllAccessors: .Clock13

===========================================================================================
----------------- testing Mon Oct 15 02:30:44 UTC 2018 /home/travis/build/icyphy/ptII/ptolemy/actor/lib/test/auto/Clock14.xml
----------------- Instantiating /home/travis/build/icyphy/ptII/ptolemy/actor/lib/test/auto/Clock14.xml
9 ms. Memory: 880640K Free: 333300K (38%)
----------------- Invoking toplevel() on ptolemy.moml.MoMLSimpleApplication@15f4ca5e
----------------- Done invoking toplevel() on ptolemy.moml.MoMLSimpleApplication@15f4ca5e
reloadAllAccessors: .Clock14

===========================================================================================
----------------- testing Mon Oct 15 02:30:44 UTC 2018 /home/travis/build/icyphy/ptII/ptolemy/actor/lib/test/auto/Clock15.xml
----------------- Instantiating /home/travis/build/icyphy/ptII/ptolemy/actor/lib/test/auto/Clock15.xml
6 ms. Memory: 880640K Free: 311801K (35%)
----------------- Invoking toplevel() on ptolemy.moml.MoMLSimpleApplication@5d030e26
----------------- Done invoking toplevel() on ptolemy.moml.MoMLSimpleApplication@5d030e26
reloadAllAccessors: .Clock15

===========================================================================================
----------------- testing Mon Oct 15 02:30:44 UTC 2018 /home/travis/build/icyphy/ptII/ptolemy/actor/lib/test/auto/Clock16.xml
----------------- Instantiating /home/travis/build/icyphy/ptII/ptolemy/actor/lib/test/auto/Clock16.xml
27 ms. Memory: 880640K Free: 290961K (33%)
----------------- Invoking toplevel() on ptolemy.moml.MoMLSimpleApplication@766e7e4
----------------- Done invoking toplevel() on ptolemy.moml.MoMLSimpleApplication@766e7e4
reloadAllAccessors: .Clock16

===========================================================================================
----------------- testing Mon Oct 15 02:30:44 UTC 2018 /home/travis/build/icyphy/ptII/ptolemy/actor/lib/test/auto/Clock17.xml
----------------- Instantiating /home/travis/build/icyphy/ptII/ptolemy/actor/lib/test/auto/Clock17.xml
29 ms. Memory: 880640K Free: 275355K (31%)
----------------- Invoking toplevel() on ptolemy.moml.MoMLSimpleApplication@6396d2fe
----------------- Done invoking toplevel() on ptolemy.moml.MoMLSimpleApplication@6396d2fe
reloadAllAccessors: .Clock17

===========================================================================================
----------------- testing Mon Oct 15 02:30:44 UTC 2018 /home/travis/build/icyphy/ptII/ptolemy/actor/lib/test/auto/Clock18.xml
----------------- Instantiating /home/travis/build/icyphy/ptII/ptolemy/actor/lib/test/auto/Clock18.xml
23 ms. Memory: 880640K Free: 259749K (29%)
----------------- Invoking toplevel() on ptolemy.moml.MoMLSimpleApplication@621ff7d9
----------------- Done invoking toplevel() on ptolemy.moml.MoMLSimpleApplication@621ff7d9
reloadAllAccessors: .Clock18

===========================================================================================
----------------- testing Mon Oct 15 02:30:44 UTC 2018 /home/travis/build/icyphy/ptII/ptolemy/actor/lib/test/auto/Clock19.xml
----------------- Instantiating /home/travis/build/icyphy/ptII/ptolemy/actor/lib/test/auto/Clock19.xml
12 ms. Memory: 880640K Free: 233033K (26%)
----------------- Invoking toplevel() on ptolemy.moml.MoMLSimpleApplication@36bac370
----------------- Done invoking toplevel() on ptolemy.moml.MoMLSimpleApplication@36bac370
reloadAllAccessors: .Clock19

===========================================================================================
----------------- testing Mon Oct 15 02:30:44 UTC 2018 /home/travis/build/icyphy/ptII/ptolemy/actor/lib/test/auto/Clock2.xml
----------------- Instantiating /home/travis/build/icyphy/ptII/ptolemy/actor/lib/test/auto/Clock2.xml
6 ms. Memory: 880640K Free: 222629K (25%)
----------------- Invoking toplevel() on ptolemy.moml.MoMLSimpleApplication@2c29bfb6
----------------- Done invoking toplevel() on ptolemy.moml.MoMLSimpleApplication@2c29bfb6
reloadAllAccessors: .Clock2

===========================================================================================
----------------- testing Mon Oct 15 02:30:44 UTC 2018 /home/travis/build/icyphy/ptII/ptolemy/actor/lib/test/auto/Clock20.xml
----------------- Instantiating /home/travis/build/icyphy/ptII/ptolemy/actor/lib/test/auto/Clock20.xml
4 ms. Memory: 880640K Free: 212225K (24%)
----------------- Invoking toplevel() on ptolemy.moml.MoMLSimpleApplication@1a3ead18
----------------- Done invoking toplevel() on ptolemy.moml.MoMLSimpleApplication@1a3ead18
reloadAllAccessors: .Clock20

===========================================================================================
----------------- testing Mon Oct 15 02:30:44 UTC 2018 /home/travis/build/icyphy/ptII/ptolemy/actor/lib/test/auto/Clock21.xml
----------------- Instantiating /home/travis/build/icyphy/ptII/ptolemy/actor/lib/test/auto/Clock21.xml
3 ms. Memory: 880640K Free: 201821K (23%)
----------------- Invoking toplevel() on ptolemy.moml.MoMLSimpleApplication@4193ed26
----------------- Done invoking toplevel() on ptolemy.moml.MoMLSimpleApplication@4193ed26
reloadAllAccessors: .Clock21

===========================================================================================
----------------- testing Mon Oct 15 02:30:44 UTC 2018 /home/travis/build/icyphy/ptII/ptolemy/actor/lib/test/auto/Clock22.xml
----------------- Instantiating /home/travis/build/icyphy/ptII/ptolemy/actor/lib/test/auto/Clock22.xml
2 ms. Memory: 880640K Free: 191417K (22%)
----------------- Invoking toplevel() on ptolemy.moml.MoMLSimpleApplication@da5799f
----------------- Done invoking toplevel() on ptolemy.moml.MoMLSimpleApplication@da5799f
reloadAllAccessors: .Clock22

===========================================================================================
----------------- testing Mon Oct 15 02:30:44 UTC 2018 /home/travis/build/icyphy/ptII/ptolemy/actor/lib/test/auto/Clock23.xml
----------------- Instantiating /home/travis/build/icyphy/ptII/ptolemy/actor/lib/test/auto/Clock23.xml
2 ms. Memory: 880640K Free: 169918K (19%)
----------------- Invoking toplevel() on ptolemy.moml.MoMLSimpleApplication@49baf942
----------------- Done invoking toplevel() on ptolemy.moml.MoMLSimpleApplication@49baf942
reloadAllAccessors: .Clock23

===========================================================================================
----------------- testing Mon Oct 15 02:30:44 UTC 2018 /home/travis/build/icyphy/ptII/ptolemy/actor/lib/test/auto/Clock24.xml
----------------- Instantiating /home/travis/build/icyphy/ptII/ptolemy/actor/lib/test/auto/Clock24.xml
3 ms. Memory: 880640K Free: 159515K (18%)
----------------- Invoking toplevel() on ptolemy.moml.MoMLSimpleApplication@6475c01d
----------------- Done invoking toplevel() on ptolemy.moml.MoMLSimpleApplication@6475c01d
reloadAllAccessors: .Clock24

===========================================================================================
----------------- testing Mon Oct 15 02:30:44 UTC 2018 /home/travis/build/icyphy/ptII/ptolemy/actor/lib/test/auto/Clock4.xml
----------------- Instantiating /home/travis/build/icyphy/ptII/ptolemy/actor/lib/test/auto/Clock4.xml
2 ms. Memory: 880640K Free: 149111K (17%)
----------------- Invoking toplevel() on ptolemy.moml.MoMLSimpleApplication@51c07920
----------------- Done invoking toplevel() on ptolemy.moml.MoMLSimpleApplication@51c07920
reloadAllAccessors: .Clock4

===========================================================================================
----------------- testing Mon Oct 15 02:30:44 UTC 2018 /home/travis/build/icyphy/ptII/ptolemy/actor/lib/test/auto/Clock5.xml
----------------- Instantiating /home/travis/build/icyphy/ptII/ptolemy/actor/lib/test/auto/Clock5.xml
2 ms. Memory: 880640K Free: 138707K (16%)
----------------- Invoking toplevel() on ptolemy.moml.MoMLSimpleApplication@77b11187
----------------- Done invoking toplevel() on ptolemy.moml.MoMLSimpleApplication@77b11187
reloadAllAccessors: .Clock5

===========================================================================================
----------------- testing Mon Oct 15 02:30:44 UTC 2018 /home/travis/build/icyphy/ptII/ptolemy/actor/lib/test/auto/Clock6.xml
----------------- Instantiating /home/travis/build/icyphy/ptII/ptolemy/actor/lib/test/auto/Clock6.xml
2 ms. Memory: 880640K Free: 128303K (15%)
----------------- Invoking toplevel() on ptolemy.moml.MoMLSimpleApplication@c295a7e
----------------- Done invoking toplevel() on ptolemy.moml.MoMLSimpleApplication@c295a7e
reloadAllAccessors: .Clock6

===========================================================================================
----------------- testing Mon Oct 15 02:30:44 UTC 2018 /home/travis/build/icyphy/ptII/ptolemy/actor/lib/test/auto/Clock7.xml
----------------- Instantiating /home/travis/build/icyphy/ptII/ptolemy/actor/lib/test/auto/Clock7.xml
3 ms. Memory: 880640K Free: 106804K (12%)
----------------- Invoking toplevel() on ptolemy.moml.MoMLSimpleApplication@78e3f703
----------------- Done invoking toplevel() on ptolemy.moml.MoMLSimpleApplication@78e3f703
reloadAllAccessors: .Clock7

===========================================================================================
----------------- testing Mon Oct 15 02:30:44 UTC 2018 /home/travis/build/icyphy/ptII/ptolemy/actor/lib/test/auto/Clock8.xml
----------------- Instantiating /home/travis/build/icyphy/ptII/ptolemy/actor/lib/test/auto/Clock8.xml
2 ms. Memory: 880640K Free: 96400K (11%)
----------------- Invoking toplevel() on ptolemy.moml.MoMLSimpleApplication@7b67df70
----------------- Done invoking toplevel() on ptolemy.moml.MoMLSimpleApplication@7b67df70
reloadAllAccessors: .Clock8

===========================================================================================
----------------- testing Mon Oct 15 02:30:44 UTC 2018 /home/travis/build/icyphy/ptII/ptolemy/actor/lib/test/auto/Clock9.xml
----------------- Instantiating /home/travis/build/icyphy/ptII/ptolemy/actor/lib/test/auto/Clock9.xml
4 ms. Memory: 880640K Free: 85996K (10%)
----------------- Invoking toplevel() on ptolemy.moml.MoMLSimpleApplication@40122e62
----------------- Done invoking toplevel() on ptolemy.moml.MoMLSimpleApplication@40122e62
reloadAllAccessors: .Clock9

===========================================================================================
----------------- testing Mon Oct 15 02:30:44 UTC 2018 /home/travis/build/icyphy/ptII/ptolemy/actor/lib/test/auto/CommDistDiscard.xml
----------------- Instantiating /home/travis/build/icyphy/ptII/ptolemy/actor/lib/test/auto/CommDistDiscard.xml
5 ms. Memory: 880640K Free: 75592K (9%)
----------------- Invoking toplevel() on ptolemy.moml.MoMLSimpleApplication@18bf2323
----------------- Done invoking toplevel() on ptolemy.moml.MoMLSimpleApplication@18bf2323
reloadAllAccessors: .CommDistDiscard

===========================================================================================
----------------- testing Mon Oct 15 02:30:44 UTC 2018 /home/travis/build/icyphy/ptII/ptolemy/actor/lib/test/auto/Commutator.xml
----------------- Instantiating /home/travis/build/icyphy/ptII/ptolemy/actor/lib/test/auto/Commutator.xml
2 ms. Memory: 880640K Free: 65189K (7%)
----------------- Invoking toplevel() on ptolemy.moml.MoMLSimpleApplication@42b73b52
----------------- Done invoking toplevel() on ptolemy.moml.MoMLSimpleApplication@42b73b52
reloadAllAccessors: .Commutator

===========================================================================================
----------------- testing Mon Oct 15 02:30:44 UTC 2018 /home/travis/build/icyphy/ptII/ptolemy/actor/lib/test/auto/Commutator2.xml
----------------- Instantiating /home/travis/build/icyphy/ptII/ptolemy/actor/lib/test/auto/Commutator2.xml
1 ms. Memory: 881152K Free: 828752K (94%)
----------------- Invoking toplevel() on ptolemy.moml.MoMLSimpleApplication@51471d6d
----------------- Done invoking toplevel() on ptolemy.moml.MoMLSimpleApplication@51471d6d
reloadAllAccessors: .Commutator2

===========================================================================================
----------------- testing Mon Oct 15 02:30:44 UTC 2018 /home/travis/build/icyphy/ptII/ptolemy/actor/lib/test/auto/Commutator3.xml
----------------- Instantiating /home/travis/build/icyphy/ptII/ptolemy/actor/lib/test/auto/Commutator3.xml
2 ms. Memory: 881152K Free: 810250K (92%)
----------------- Invoking toplevel() on ptolemy.moml.MoMLSimpleApplication@36cd34d
----------------- Done invoking toplevel() on ptolemy.moml.MoMLSimpleApplication@36cd34d
reloadAllAccessors: .Commutator3

===========================================================================================
----------------- testing Mon Oct 15 02:30:44 UTC 2018 /home/travis/build/icyphy/ptII/ptolemy/actor/lib/test/auto/Compare.xml
----------------- Instantiating /home/travis/build/icyphy/ptII/ptolemy/actor/lib/test/auto/Compare.xml
2 ms. Memory: 881152K Free: 799846K (91%)
----------------- Invoking toplevel() on ptolemy.moml.MoMLSimpleApplication@1f38e030
----------------- Done invoking toplevel() on ptolemy.moml.MoMLSimpleApplication@1f38e030
reloadAllAccessors: .Compare

===========================================================================================
----------------- testing Mon Oct 15 02:30:44 UTC 2018 /home/travis/build/icyphy/ptII/ptolemy/actor/lib/test/auto/CompareDE.xml
----------------- Instantiating /home/travis/build/icyphy/ptII/ptolemy/actor/lib/test/auto/CompareDE.xml
3 ms. Memory: 881152K Free: 789443K (90%)
----------------- Invoking toplevel() on ptolemy.moml.MoMLSimpleApplication@fc8d66e
----------------- Done invoking toplevel() on ptolemy.moml.MoMLSimpleApplication@fc8d66e
reloadAllAccessors: .CompareDE

===========================================================================================
----------------- testing Mon Oct 15 02:30:44 UTC 2018 /home/travis/build/icyphy/ptII/ptolemy/actor/lib/test/auto/ComplexDivide.xml
----------------- Instantiating /home/travis/build/icyphy/ptII/ptolemy/actor/lib/test/auto/ComplexDivide.xml
1 ms. Memory: 881152K Free: 770941K (87%)
----------------- Invoking toplevel() on ptolemy.moml.MoMLSimpleApplication@6c5b0822
----------------- Done invoking toplevel() on ptolemy.moml.MoMLSimpleApplication@6c5b0822
reloadAllAccessors: .ComplexDivide

===========================================================================================
----------------- testing Mon Oct 15 02:30:44 UTC 2018 /home/travis/build/icyphy/ptII/ptolemy/actor/lib/test/auto/ComputeHistogram.xml
----------------- Instantiating /home/travis/build/icyphy/ptII/ptolemy/actor/lib/test/auto/ComputeHistogram.xml
24 ms. Memory: 881152K Free: 755335K (86%)
----------------- Invoking toplevel() on ptolemy.moml.MoMLSimpleApplication@5a774822
----------------- Done invoking toplevel() on ptolemy.moml.MoMLSimpleApplication@5a774822
reloadAllAccessors: .ComputeHistogram

===========================================================================================
----------------- testing Mon Oct 15 02:30:45 UTC 2018 /home/travis/build/icyphy/ptII/ptolemy/actor/lib/test/auto/ConfigurationSelect.xml
----------------- Instantiating /home/travis/build/icyphy/ptII/ptolemy/actor/lib/test/auto/ConfigurationSelect.xml
2 ms. Memory: 881152K Free: 744931K (85%)
----------------- Invoking toplevel() on ptolemy.moml.MoMLSimpleApplication@338cc330
----------------- Done invoking toplevel() on ptolemy.moml.MoMLSimpleApplication@338cc330
reloadAllAccessors: .ConfigurationSelect

===========================================================================================
----------------- testing Mon Oct 15 02:30:45 UTC 2018 /home/travis/build/icyphy/ptII/ptolemy/actor/lib/test/auto/ConfigurationSelect2.xml
----------------- Instantiating /home/travis/build/icyphy/ptII/ptolemy/actor/lib/test/auto/ConfigurationSelect2.xml
1 ms. Memory: 881152K Free: 734527K (83%)
----------------- Invoking toplevel() on ptolemy.moml.MoMLSimpleApplication@be86c72
----------------- Done invoking toplevel() on ptolemy.moml.MoMLSimpleApplication@be86c72
reloadAllAccessors: .ConfigurationSelect2

===========================================================================================
----------------- testing Mon Oct 15 02:30:45 UTC 2018 /home/travis/build/icyphy/ptII/ptolemy/actor/lib/test/auto/ConfigurationSwitch.xml
----------------- Instantiating /home/travis/build/icyphy/ptII/ptolemy/actor/lib/test/auto/ConfigurationSwitch.xml
2 ms. Memory: 881152K Free: 716026K (81%)
----------------- Invoking toplevel() on ptolemy.moml.MoMLSimpleApplication@f045325
----------------- Done invoking toplevel() on ptolemy.moml.MoMLSimpleApplication@f045325
reloadAllAccessors: .ConfigurationSwitch

===========================================================================================
----------------- testing Mon Oct 15 02:30:45 UTC 2018 /home/travis/build/icyphy/ptII/ptolemy/actor/lib/test/auto/ConfigurationSwitch2.xml
----------------- Instantiating /home/travis/build/icyphy/ptII/ptolemy/actor/lib/test/auto/ConfigurationSwitch2.xml
1 ms. Memory: 881152K Free: 705622K (80%)
----------------- Invoking toplevel() on ptolemy.moml.MoMLSimpleApplication@14ae019f
----------------- Done invoking toplevel() on ptolemy.moml.MoMLSimpleApplication@14ae019f
reloadAllAccessors: .ConfigurationSwitch2

===========================================================================================
----------------- testing Mon Oct 15 02:30:45 UTC 2018 /home/travis/build/icyphy/ptII/ptolemy/actor/lib/test/auto/ConfigurationSwitchCloningBugWithClassRelationGroup.xml
----------------- Instantiating /home/travis/build/icyphy/ptII/ptolemy/actor/lib/test/auto/ConfigurationSwitchCloningBugWithClassRelationGroup.xml
1 ms. Memory: 881152K Free: 695218K (79%)
----------------- Invoking toplevel() on ptolemy.moml.MoMLSimpleApplication@625909d0
----------------- Done invoking toplevel() on ptolemy.moml.MoMLSimpleApplication@625909d0
reloadAllAccessors: .ConfigurationSwitchCloningBugWithClassRelationGroup

===========================================================================================
----------------- testing Mon Oct 15 02:30:45 UTC 2018 /home/travis/build/icyphy/ptII/ptolemy/actor/lib/test/auto/ConfigurationSwitchSelectSDF.xml
----------------- Instantiating /home/travis/build/icyphy/ptII/ptolemy/actor/lib/test/auto/ConfigurationSwitchSelectSDF.xml
2 ms. Memory: 881152K Free: 676717K (77%)
----------------- Invoking toplevel() on ptolemy.moml.MoMLSimpleApplication@39074968
----------------- Done invoking toplevel() on ptolemy.moml.MoMLSimpleApplication@39074968
reloadAllAccessors: .ConfigurationSwitchSelectSDF

===========================================================================================
----------------- testing Mon Oct 15 02:30:45 UTC 2018 /home/travis/build/icyphy/ptII/ptolemy/actor/lib/test/auto/ConfigurationSwitchSelectSDF2.xml
----------------- Instantiating /home/travis/build/icyphy/ptII/ptolemy/actor/lib/test/auto/ConfigurationSwitchSelectSDF2.xml
2 ms. Memory: 881152K Free: 666313K (76%)
----------------- Invoking toplevel() on ptolemy.moml.MoMLSimpleApplication@62fd1f0
----------------- Done invoking toplevel() on ptolemy.moml.MoMLSimpleApplication@62fd1f0
reloadAllAccessors: .ConfigurationSwitchSelectSDF2

===========================================================================================
----------------- testing Mon Oct 15 02:30:45 UTC 2018 /home/travis/build/icyphy/ptII/ptolemy/actor/lib/test/auto/Const.xml
----------------- Instantiating /home/travis/build/icyphy/ptII/ptolemy/actor/lib/test/auto/Const.xml
1 ms. Memory: 881152K Free: 655909K (74%)
----------------- Invoking toplevel() on ptolemy.moml.MoMLSimpleApplication@3b3a4f57
----------------- Done invoking toplevel() on ptolemy.moml.MoMLSimpleApplication@3b3a4f57
reloadAllAccessors: .Const

===========================================================================================
----------------- testing Mon Oct 15 02:30:45 UTC 2018 /home/travis/build/icyphy/ptII/ptolemy/actor/lib/test/auto/Const2.xml
----------------- Instantiating /home/travis/build/icyphy/ptII/ptolemy/actor/lib/test/auto/Const2.xml
1 ms. Memory: 881152K Free: 645505K (73%)
----------------- Invoking toplevel() on ptolemy.moml.MoMLSimpleApplication@62951b43
----------------- Done invoking toplevel() on ptolemy.moml.MoMLSimpleApplication@62951b43
reloadAllAccessors: .Const2

===========================================================================================
----------------- testing Mon Oct 15 02:30:45 UTC 2018 /home/travis/build/icyphy/ptII/ptolemy/actor/lib/test/auto/Const3.xml
----------------- Instantiating /home/travis/build/icyphy/ptII/ptolemy/actor/lib/test/auto/Const3.xml
1 ms. Memory: 881152K Free: 627004K (71%)
----------------- Invoking toplevel() on ptolemy.moml.MoMLSimpleApplication@5afbbee6
----------------- Done invoking toplevel() on ptolemy.moml.MoMLSimpleApplication@5afbbee6
reloadAllAccessors: .Const3

===========================================================================================
----------------- testing Mon Oct 15 02:30:45 UTC 2018 /home/travis/build/icyphy/ptII/ptolemy/actor/lib/test/auto/ConstantPublisherPort1.xml
----------------- Instantiating /home/travis/build/icyphy/ptII/ptolemy/actor/lib/test/auto/ConstantPublisherPort1.xml
10 ms. Memory: 881152K Free: 611398K (69%)
----------------- Invoking toplevel() on ptolemy.moml.MoMLSimpleApplication@26412910
----------------- Done invoking toplevel() on ptolemy.moml.MoMLSimpleApplication@26412910
reloadAllAccessors: .ConstantPublisherPort1

===========================================================================================
----------------- testing Mon Oct 15 02:30:45 UTC 2018 /home/travis/build/icyphy/ptII/ptolemy/actor/lib/test/auto/ConstantPublisherPort2.xml
----------------- Instantiating /home/travis/build/icyphy/ptII/ptolemy/actor/lib/test/auto/ConstantPublisherPort2.xml
8 ms. Memory: 881152K Free: 595776K (68%)
----------------- Invoking toplevel() on ptolemy.moml.MoMLSimpleApplication@7abcb130
----------------- Done invoking toplevel() on ptolemy.moml.MoMLSimpleApplication@7abcb130
reloadAllAccessors: .ConstantPublisherPort2

===========================================================================================
----------------- testing Mon Oct 15 02:30:45 UTC 2018 /home/travis/build/icyphy/ptII/ptolemy/actor/lib/test/auto/ConstantPublisherPort3.xml
----------------- Instantiating /home/travis/build/icyphy/ptII/ptolemy/actor/lib/test/auto/ConstantPublisherPort3.xml
6 ms. Memory: 881152K Free: 577275K (66%)
----------------- Invoking toplevel() on ptolemy.moml.MoMLSimpleApplication@24e10035
----------------- Done invoking toplevel() on ptolemy.moml.MoMLSimpleApplication@24e10035
reloadAllAccessors: .ConstantPublisherPort3

===========================================================================================
----------------- testing Mon Oct 15 02:30:45 UTC 2018 /home/travis/build/icyphy/ptII/ptolemy/actor/lib/test/auto/ConstantPublisherPort4.xml
----------------- Instantiating /home/travis/build/icyphy/ptII/ptolemy/actor/lib/test/auto/ConstantPublisherPort4.xml
2 ms. Memory: 881152K Free: 566871K (64%)
----------------- Invoking toplevel() on ptolemy.moml.MoMLSimpleApplication@68230a1d
----------------- Done invoking toplevel() on ptolemy.moml.MoMLSimpleApplication@68230a1d
reloadAllAccessors: .ConstantPublisherPort4

===========================================================================================
----------------- testing Mon Oct 15 02:30:45 UTC 2018 /home/travis/build/icyphy/ptII/ptolemy/actor/lib/test/auto/ConstantPublisherPort5.xml
----------------- Instantiating /home/travis/build/icyphy/ptII/ptolemy/actor/lib/test/auto/ConstantPublisherPort5.xml
25 ms. Memory: 881152K Free: 540845K (61%)
----------------- Invoking toplevel() on ptolemy.moml.MoMLSimpleApplication@14b700b2
----------------- Done invoking toplevel() on ptolemy.moml.MoMLSimpleApplication@14b700b2
reloadAllAccessors: .ConstantPublisherPort5

===========================================================================================
----------------- testing Mon Oct 15 02:30:45 UTC 2018 /home/travis/build/icyphy/ptII/ptolemy/actor/lib/test/auto/ConstantPublisherPort6.xml
----------------- Instantiating /home/travis/build/icyphy/ptII/ptolemy/actor/lib/test/auto/ConstantPublisherPort6.xml
17 ms. Memory: 881152K Free: 514835K (58%)
----------------- Invoking toplevel() on ptolemy.moml.MoMLSimpleApplication@56dc3d4a
----------------- Done invoking toplevel() on ptolemy.moml.MoMLSimpleApplication@56dc3d4a
reloadAllAccessors: .ConstantPublisherPort6

===========================================================================================
----------------- testing Mon Oct 15 02:30:45 UTC 2018 /home/travis/build/icyphy/ptII/ptolemy/actor/lib/test/auto/ConstantPublisherPort7.xml
----------------- Instantiating /home/travis/build/icyphy/ptII/ptolemy/actor/lib/test/auto/ConstantPublisherPort7.xml
13 ms. Memory: 881152K Free: 480728K (55%)
----------------- Invoking toplevel() on ptolemy.moml.MoMLSimpleApplication@3cfab472
----------------- Done invoking toplevel() on ptolemy.moml.MoMLSimpleApplication@3cfab472
reloadAllAccessors: .ConstantPublisherPort7

===========================================================================================
----------------- testing Mon Oct 15 02:30:45 UTC 2018 /home/travis/build/icyphy/ptII/ptolemy/actor/lib/test/auto/ConstraintMonitor1.xml
----------------- Instantiating /home/travis/build/icyphy/ptII/ptolemy/actor/lib/test/auto/ConstraintMonitor1.xml
2 ms. Memory: 881152K Free: 470324K (53%)
----------------- Invoking toplevel() on ptolemy.moml.MoMLSimpleApplication@374c45f0
----------------- Done invoking toplevel() on ptolemy.moml.MoMLSimpleApplication@374c45f0
reloadAllAccessors: .ConstraintMonitor1

===========================================================================================
----------------- testing Mon Oct 15 02:30:45 UTC 2018 /home/travis/build/icyphy/ptII/ptolemy/actor/lib/test/auto/ConstraintMonitor2.xml
----------------- Instantiating /home/travis/build/icyphy/ptII/ptolemy/actor/lib/test/auto/ConstraintMonitor2.xml
1 ms. Memory: 881152K Free: 459920K (52%)
----------------- Invoking toplevel() on ptolemy.moml.MoMLSimpleApplication@5a42c41b
----------------- Done invoking toplevel() on ptolemy.moml.MoMLSimpleApplication@5a42c41b
reloadAllAccessors: .ConstraintMonitor2

===========================================================================================
----------------- testing Mon Oct 15 02:30:45 UTC 2018 /home/travis/build/icyphy/ptII/ptolemy/actor/lib/test/auto/ConstraintMonitor3.xml
----------------- Instantiating /home/travis/build/icyphy/ptII/ptolemy/actor/lib/test/auto/ConstraintMonitor3.xml
1 ms. Memory: 881152K Free: 441419K (50%)
----------------- Invoking toplevel() on ptolemy.moml.MoMLSimpleApplication@62b20457
----------------- Done invoking toplevel() on ptolemy.moml.MoMLSimpleApplication@62b20457
reloadAllAccessors: .ConstraintMonitor3

===========================================================================================
----------------- testing Mon Oct 15 02:30:45 UTC 2018 /home/travis/build/icyphy/ptII/ptolemy/actor/lib/test/auto/ConstraintMonitor4.xml
----------------- Instantiating /home/travis/build/icyphy/ptII/ptolemy/actor/lib/test/auto/ConstraintMonitor4.xml
6 ms. Memory: 881152K Free: 431015K (49%)
----------------- Invoking toplevel() on ptolemy.moml.MoMLSimpleApplication@5a8c6d13
----------------- Done invoking toplevel() on ptolemy.moml.MoMLSimpleApplication@5a8c6d13
reloadAllAccessors: .ConstraintMonitor4

===========================================================================================
----------------- testing Mon Oct 15 02:30:45 UTC 2018 /home/travis/build/icyphy/ptII/ptolemy/actor/lib/test/auto/ConstraintMonitor5.xml
----------------- Instantiating /home/travis/build/icyphy/ptII/ptolemy/actor/lib/test/auto/ConstraintMonitor5.xml
6 ms. Memory: 881152K Free: 420611K (48%)
----------------- Invoking toplevel() on ptolemy.moml.MoMLSimpleApplication@7d38758d
----------------- Done invoking toplevel() on ptolemy.moml.MoMLSimpleApplication@7d38758d
reloadAllAccessors: .ConstraintMonitor5

===========================================================================================
----------------- testing Mon Oct 15 02:30:45 UTC 2018 /home/travis/build/icyphy/ptII/ptolemy/actor/lib/test/auto/ConstraintMonitor6.xml
----------------- Instantiating /home/travis/build/icyphy/ptII/ptolemy/actor/lib/test/auto/ConstraintMonitor6.xml
4 ms. Memory: 881152K Free: 410207K (47%)
----------------- Invoking toplevel() on ptolemy.moml.MoMLSimpleApplication@10d104c8
----------------- Done invoking toplevel() on ptolemy.moml.MoMLSimpleApplication@10d104c8
reloadAllAccessors: .ConstraintMonitor6

===========================================================================================
----------------- testing Mon Oct 15 02:30:45 UTC 2018 /home/travis/build/icyphy/ptII/ptolemy/actor/lib/test/auto/ConstraintMonitor7.xml
----------------- Instantiating /home/travis/build/icyphy/ptII/ptolemy/actor/lib/test/auto/ConstraintMonitor7.xml
4 ms. Memory: 881152K Free: 391706K (44%)
----------------- Invoking toplevel() on ptolemy.moml.MoMLSimpleApplication@18565f05
----------------- Done invoking toplevel() on ptolemy.moml.MoMLSimpleApplication@18565f05
reloadAllAccessors: .ConstraintMonitor7

===========================================================================================
----------------- testing Mon Oct 15 02:30:45 UTC 2018 /home/travis/build/icyphy/ptII/ptolemy/actor/lib/test/auto/ConstraintMonitor8.xml
----------------- Instantiating /home/travis/build/icyphy/ptII/ptolemy/actor/lib/test/auto/ConstraintMonitor8.xml
4 ms. Memory: 881152K Free: 381302K (43%)
----------------- Invoking toplevel() on ptolemy.moml.MoMLSimpleApplication@43a3270c
----------------- Done invoking toplevel() on ptolemy.moml.MoMLSimpleApplication@43a3270c
reloadAllAccessors: .ConstraintMonitor8

===========================================================================================
----------------- testing Mon Oct 15 02:30:45 UTC 2018 /home/travis/build/icyphy/ptII/ptolemy/actor/lib/test/auto/Counter.xml
----------------- Instantiating /home/travis/build/icyphy/ptII/ptolemy/actor/lib/test/auto/Counter.xml
3 ms. Memory: 881152K Free: 370898K (42%)
----------------- Invoking toplevel() on ptolemy.moml.MoMLSimpleApplication@6170e768
----------------- Done invoking toplevel() on ptolemy.moml.MoMLSimpleApplication@6170e768
reloadAllAccessors: .Counter

===========================================================================================
----------------- testing Mon Oct 15 02:30:45 UTC 2018 /home/travis/build/icyphy/ptII/ptolemy/actor/lib/test/auto/CurrentTimeSDF.xml
----------------- Instantiating /home/travis/build/icyphy/ptII/ptolemy/actor/lib/test/auto/CurrentTimeSDF.xml
1 ms. Memory: 881152K Free: 352397K (40%)
----------------- Invoking toplevel() on ptolemy.moml.MoMLSimpleApplication@2ada833c
----------------- Done invoking toplevel() on ptolemy.moml.MoMLSimpleApplication@2ada833c
reloadAllAccessors: .CurrentTimeSDF

===========================================================================================
----------------- testing Mon Oct 15 02:30:45 UTC 2018 /home/travis/build/icyphy/ptII/ptolemy/actor/lib/test/auto/DB.xml
----------------- Instantiating /home/travis/build/icyphy/ptII/ptolemy/actor/lib/test/auto/DB.xml
3 ms. Memory: 881152K Free: 341993K (39%)
----------------- Invoking toplevel() on ptolemy.moml.MoMLSimpleApplication@50510ec2
----------------- Done invoking toplevel() on ptolemy.moml.MoMLSimpleApplication@50510ec2
reloadAllAccessors: .DB

===========================================================================================
----------------- testing Mon Oct 15 02:30:45 UTC 2018 /home/travis/build/icyphy/ptII/ptolemy/actor/lib/test/auto/DBDE.xml
----------------- Instantiating /home/travis/build/icyphy/ptII/ptolemy/actor/lib/test/auto/DBDE.xml
2 ms. Memory: 881152K Free: 331589K (38%)
----------------- Invoking toplevel() on ptolemy.moml.MoMLSimpleApplication@94ca0f7
----------------- Done invoking toplevel() on ptolemy.moml.MoMLSimpleApplication@94ca0f7
reloadAllAccessors: .DBDE

===========================================================================================
----------------- testing Mon Oct 15 02:30:45 UTC 2018 /home/travis/build/icyphy/ptII/ptolemy/actor/lib/test/auto/DateConstructor.xml
----------------- Instantiating /home/travis/build/icyphy/ptII/ptolemy/actor/lib/test/auto/DateConstructor.xml
15 ms. Memory: 881152K Free: 310773K (35%)
----------------- Invoking toplevel() on ptolemy.moml.MoMLSimpleApplication@6baad9f2
----------------- Done invoking toplevel() on ptolemy.moml.MoMLSimpleApplication@6baad9f2
reloadAllAccessors: .DateConstructor

===========================================================================================
----------------- testing Mon Oct 15 02:30:45 UTC 2018 /home/travis/build/icyphy/ptII/ptolemy/actor/lib/test/auto/DelayTime.xml
----------------- Instantiating /home/travis/build/icyphy/ptII/ptolemy/actor/lib/test/auto/DelayTime.xml
3 ms. Memory: 881152K Free: 292272K (33%)
----------------- Invoking toplevel() on ptolemy.moml.MoMLSimpleApplication@724953f8
----------------- Done invoking toplevel() on ptolemy.moml.MoMLSimpleApplication@724953f8
reloadAllAccessors: .DelayTime

===========================================================================================
----------------- testing Mon Oct 15 02:30:45 UTC 2018 /home/travis/build/icyphy/ptII/ptolemy/actor/lib/test/auto/Dictionary1.xml
----------------- Instantiating /home/travis/build/icyphy/ptII/ptolemy/actor/lib/test/auto/Dictionary1.xml
1 ms. Memory: 881152K Free: 281868K (32%)
----------------- Invoking toplevel() on ptolemy.moml.MoMLSimpleApplication@69ee3e01
----------------- Done invoking toplevel() on ptolemy.moml.MoMLSimpleApplication@69ee3e01
reloadAllAccessors: .Dictionary1

===========================================================================================
----------------- testing Mon Oct 15 02:30:45 UTC 2018 /home/travis/build/icyphy/ptII/ptolemy/actor/lib/test/auto/Dictionary2.xml
----------------- Instantiating /home/travis/build/icyphy/ptII/ptolemy/actor/lib/test/auto/Dictionary2.xml
3 ms. Memory: 881152K Free: 271464K (31%)
----------------- Invoking toplevel() on ptolemy.moml.MoMLSimpleApplication@7531c096
----------------- Done invoking toplevel() on ptolemy.moml.MoMLSimpleApplication@7531c096
reloadAllAccessors: .Dictionary2

===========================================================================================
----------------- testing Mon Oct 15 02:30:45 UTC 2018 /home/travis/build/icyphy/ptII/ptolemy/actor/lib/test/auto/Dictionary3.xml
----------------- Instantiating /home/travis/build/icyphy/ptII/ptolemy/actor/lib/test/auto/Dictionary3.xml
1 ms. Memory: 881152K Free: 252963K (29%)
----------------- Invoking toplevel() on ptolemy.moml.MoMLSimpleApplication@9d98bc3
----------------- Done invoking toplevel() on ptolemy.moml.MoMLSimpleApplication@9d98bc3
reloadAllAccessors: .Dictionary3

===========================================================================================
----------------- testing Mon Oct 15 02:30:45 UTC 2018 /home/travis/build/icyphy/ptII/ptolemy/actor/lib/test/auto/Dictionary4.xml
----------------- Instantiating /home/travis/build/icyphy/ptII/ptolemy/actor/lib/test/auto/Dictionary4.xml
3 ms. Memory: 881152K Free: 242559K (28%)
----------------- Invoking toplevel() on ptolemy.moml.MoMLSimpleApplication@6ff6cf28
----------------- Done invoking toplevel() on ptolemy.moml.MoMLSimpleApplication@6ff6cf28
reloadAllAccessors: .Dictionary4

===========================================================================================
----------------- testing Mon Oct 15 02:30:45 UTC 2018 /home/travis/build/icyphy/ptII/ptolemy/actor/lib/test/auto/Differential.xml
----------------- Instantiating /home/travis/build/icyphy/ptII/ptolemy/actor/lib/test/auto/Differential.xml
2 ms. Memory: 881152K Free: 232155K (26%)
----------------- Invoking toplevel() on ptolemy.moml.MoMLSimpleApplication@23d155a3
----------------- Done invoking toplevel() on ptolemy.moml.MoMLSimpleApplication@23d155a3
reloadAllAccessors: .Differential

===========================================================================================
----------------- testing Mon Oct 15 02:30:45 UTC 2018 /home/travis/build/icyphy/ptII/ptolemy/actor/lib/test/auto/Director.xml
----------------- Instantiating /home/travis/build/icyphy/ptII/ptolemy/actor/lib/test/auto/Director.xml
2 ms. Memory: 881152K Free: 221751K (25%)
----------------- Invoking toplevel() on ptolemy.moml.MoMLSimpleApplication@56e7bd9
----------------- Done invoking toplevel() on ptolemy.moml.MoMLSimpleApplication@56e7bd9
reloadAllAccessors: .Director

===========================================================================================
----------------- testing Mon Oct 15 02:30:45 UTC 2018 /home/travis/build/icyphy/ptII/ptolemy/actor/lib/test/auto/DiscreteClock.xml
----------------- Instantiating /home/travis/build/icyphy/ptII/ptolemy/actor/lib/test/auto/DiscreteClock.xml
1 ms. Memory: 881152K Free: 203250K (23%)
----------------- Invoking toplevel() on ptolemy.moml.MoMLSimpleApplication@ec048b4
----------------- Done invoking toplevel() on ptolemy.moml.MoMLSimpleApplication@ec048b4
reloadAllAccessors: .DiscreteClock

===========================================================================================
----------------- testing Mon Oct 15 02:30:45 UTC 2018 /home/travis/build/icyphy/ptII/ptolemy/actor/lib/test/auto/DiscreteClock10.xml
----------------- Instantiating /home/travis/build/icyphy/ptII/ptolemy/actor/lib/test/auto/DiscreteClock10.xml
9 ms. Memory: 881152K Free: 192846K (22%)
----------------- Invoking toplevel() on ptolemy.moml.MoMLSimpleApplication@e879662
----------------- Done invoking toplevel() on ptolemy.moml.MoMLSimpleApplication@e879662
reloadAllAccessors: .DiscreteClock10

===========================================================================================
----------------- testing Mon Oct 15 02:30:45 UTC 2018 /home/travis/build/icyphy/ptII/ptolemy/actor/lib/test/auto/DiscreteClock11.xml
----------------- Instantiating /home/travis/build/icyphy/ptII/ptolemy/actor/lib/test/auto/DiscreteClock11.xml
2 ms. Memory: 881152K Free: 182442K (21%)
----------------- Invoking toplevel() on ptolemy.moml.MoMLSimpleApplication@51c1c0c6
----------------- Done invoking toplevel() on ptolemy.moml.MoMLSimpleApplication@51c1c0c6
reloadAllAccessors: .DiscreteClock11

===========================================================================================
----------------- testing Mon Oct 15 02:30:46 UTC 2018 /home/travis/build/icyphy/ptII/ptolemy/actor/lib/test/auto/DiscreteClock12.xml
----------------- Instantiating /home/travis/build/icyphy/ptII/ptolemy/actor/lib/test/auto/DiscreteClock12.xml
2 ms. Memory: 881152K Free: 163940K (19%)
----------------- Invoking toplevel() on ptolemy.moml.MoMLSimpleApplication@7b2f1f3a
----------------- Done invoking toplevel() on ptolemy.moml.MoMLSimpleApplication@7b2f1f3a
reloadAllAccessors: .DiscreteClock12

===========================================================================================
----------------- testing Mon Oct 15 02:30:46 UTC 2018 /home/travis/build/icyphy/ptII/ptolemy/actor/lib/test/auto/DiscreteClock13.xml
----------------- Instantiating /home/travis/build/icyphy/ptII/ptolemy/actor/lib/test/auto/DiscreteClock13.xml
2 ms. Memory: 881152K Free: 153537K (17%)
----------------- Invoking toplevel() on ptolemy.moml.MoMLSimpleApplication@1df24073
----------------- Done invoking toplevel() on ptolemy.moml.MoMLSimpleApplication@1df24073
reloadAllAccessors: .DiscreteClock13

===========================================================================================
----------------- testing Mon Oct 15 02:30:46 UTC 2018 /home/travis/build/icyphy/ptII/ptolemy/actor/lib/test/auto/DiscreteClock14.xml
----------------- Instantiating /home/travis/build/icyphy/ptII/ptolemy/actor/lib/test/auto/DiscreteClock14.xml
2 ms. Memory: 881152K Free: 143133K (16%)
----------------- Invoking toplevel() on ptolemy.moml.MoMLSimpleApplication@4796a34e
----------------- Done invoking toplevel() on ptolemy.moml.MoMLSimpleApplication@4796a34e
reloadAllAccessors: .DiscreteClock14

===========================================================================================
----------------- testing Mon Oct 15 02:30:46 UTC 2018 /home/travis/build/icyphy/ptII/ptolemy/actor/lib/test/auto/DiscreteClock15.xml
----------------- Instantiating /home/travis/build/icyphy/ptII/ptolemy/actor/lib/test/auto/DiscreteClock15.xml
2 ms. Memory: 881152K Free: 132729K (15%)
----------------- Invoking toplevel() on ptolemy.moml.MoMLSimpleApplication@5722cd23
----------------- Done invoking toplevel() on ptolemy.moml.MoMLSimpleApplication@5722cd23
reloadAllAccessors: .DiscreteClock15

===========================================================================================
----------------- testing Mon Oct 15 02:30:46 UTC 2018 /home/travis/build/icyphy/ptII/ptolemy/actor/lib/test/auto/DiscreteClock16.xml
----------------- Instantiating /home/travis/build/icyphy/ptII/ptolemy/actor/lib/test/auto/DiscreteClock16.xml
10 ms. Memory: 881152K Free: 109009K (12%)
----------------- Invoking toplevel() on ptolemy.moml.MoMLSimpleApplication@f845e7a
----------------- Done invoking toplevel() on ptolemy.moml.MoMLSimpleApplication@f845e7a
reloadAllAccessors: .DiscreteClock16

===========================================================================================
----------------- testing Mon Oct 15 02:30:46 UTC 2018 /home/travis/build/icyphy/ptII/ptolemy/actor/lib/test/auto/DiscreteClock17.xml
----------------- Instantiating /home/travis/build/icyphy/ptII/ptolemy/actor/lib/test/auto/DiscreteClock17.xml
11 ms. Memory: 881152K Free: 93403K (11%)
----------------- Invoking toplevel() on ptolemy.moml.MoMLSimpleApplication@6152ac65
----------------- Done invoking toplevel() on ptolemy.moml.MoMLSimpleApplication@6152ac65
reloadAllAccessors: .DiscreteClock17

===========================================================================================
----------------- testing Mon Oct 15 02:30:46 UTC 2018 /home/travis/build/icyphy/ptII/ptolemy/actor/lib/test/auto/DiscreteClock18.xml
----------------- Instantiating /home/travis/build/icyphy/ptII/ptolemy/actor/lib/test/auto/DiscreteClock18.xml
9 ms. Memory: 881152K Free: 77789K (9%)
----------------- Invoking toplevel() on ptolemy.moml.MoMLSimpleApplication@569c21b3
----------------- Done invoking toplevel() on ptolemy.moml.MoMLSimpleApplication@569c21b3
reloadAllAccessors: .DiscreteClock18

===========================================================================================
----------------- testing Mon Oct 15 02:30:46 UTC 2018 /home/travis/build/icyphy/ptII/ptolemy/actor/lib/test/auto/DiscreteClock19.xml
----------------- Instantiating /home/travis/build/icyphy/ptII/ptolemy/actor/lib/test/auto/DiscreteClock19.xml
29 ms. Memory: 1349120K Free: 1294315K (96%)
----------------- Invoking toplevel() on ptolemy.moml.MoMLSimpleApplication@6c2e1049
----------------- Done invoking toplevel() on ptolemy.moml.MoMLSimpleApplication@6c2e1049
reloadAllAccessors: .DiscreteClock19

===========================================================================================
----------------- testing Mon Oct 15 02:30:46 UTC 2018 /home/travis/build/icyphy/ptII/ptolemy/actor/lib/test/auto/DiscreteClock2.xml
----------------- Instantiating /home/travis/build/icyphy/ptII/ptolemy/actor/lib/test/auto/DiscreteClock2.xml
1 ms. Memory: 1349120K Free: 1263640K (94%)
----------------- Invoking toplevel() on ptolemy.moml.MoMLSimpleApplication@61928afd
----------------- Done invoking toplevel() on ptolemy.moml.MoMLSimpleApplication@61928afd
reloadAllAccessors: .DiscreteClock2

===========================================================================================
----------------- testing Mon Oct 15 02:30:46 UTC 2018 /home/travis/build/icyphy/ptII/ptolemy/actor/lib/test/auto/DiscreteClock20.xml
----------------- Instantiating /home/travis/build/icyphy/ptII/ptolemy/actor/lib/test/auto/DiscreteClock20.xml
4 ms. Memory: 1349120K Free: 1246997K (92%)
----------------- Invoking toplevel() on ptolemy.moml.MoMLSimpleApplication@5d2f6f8
----------------- Done invoking toplevel() on ptolemy.moml.MoMLSimpleApplication@5d2f6f8
reloadAllAccessors: .DiscreteClock20

===========================================================================================
----------------- testing Mon Oct 15 02:30:46 UTC 2018 /home/travis/build/icyphy/ptII/ptolemy/actor/lib/test/auto/DiscreteClock21.xml
----------------- Instantiating /home/travis/build/icyphy/ptII/ptolemy/actor/lib/test/auto/DiscreteClock21.xml
3 ms. Memory: 1349120K Free: 1230353K (91%)
----------------- Invoking toplevel() on ptolemy.moml.MoMLSimpleApplication@59122e64
----------------- Done invoking toplevel() on ptolemy.moml.MoMLSimpleApplication@59122e64
reloadAllAccessors: .DiscreteClock21

===========================================================================================
----------------- testing Mon Oct 15 02:30:46 UTC 2018 /home/travis/build/icyphy/ptII/ptolemy/actor/lib/test/auto/DiscreteClock22.xml
----------------- Instantiating /home/travis/build/icyphy/ptII/ptolemy/actor/lib/test/auto/DiscreteClock22.xml
4 ms. Memory: 1349120K Free: 1213710K (90%)
----------------- Invoking toplevel() on ptolemy.moml.MoMLSimpleApplication@151335f0
----------------- Done invoking toplevel() on ptolemy.moml.MoMLSimpleApplication@151335f0
reloadAllAccessors: .DiscreteClock22

===========================================================================================
----------------- testing Mon Oct 15 02:30:46 UTC 2018 /home/travis/build/icyphy/ptII/ptolemy/actor/lib/test/auto/DiscreteClock23.xml
----------------- Instantiating /home/travis/build/icyphy/ptII/ptolemy/actor/lib/test/auto/DiscreteClock23.xml
6 ms. Memory: 1349120K Free: 1187280K (88%)
----------------- Invoking toplevel() on ptolemy.moml.MoMLSimpleApplication@1e0c7628
----------------- Done invoking toplevel() on ptolemy.moml.MoMLSimpleApplication@1e0c7628
reloadAllAccessors: .DiscreteClock23

===========================================================================================
----------------- testing Mon Oct 15 02:30:46 UTC 2018 /home/travis/build/icyphy/ptII/ptolemy/actor/lib/test/auto/DiscreteClock24.xml
----------------- Instantiating /home/travis/build/icyphy/ptII/ptolemy/actor/lib/test/auto/DiscreteClock24.xml
6 ms. Memory: 1365504K Free: 1305349K (96%)
----------------- Invoking toplevel() on ptolemy.moml.MoMLSimpleApplication@68f5ab00
----------------- Done invoking toplevel() on ptolemy.moml.MoMLSimpleApplication@68f5ab00
reloadAllAccessors: .DiscreteClock24

===========================================================================================
----------------- testing Mon Oct 15 02:30:46 UTC 2018 /home/travis/build/icyphy/ptII/ptolemy/actor/lib/test/auto/DiscreteClock4.xml
----------------- Instantiating /home/travis/build/icyphy/ptII/ptolemy/actor/lib/test/auto/DiscreteClock4.xml
3 ms. Memory: 1365504K Free: 1283079K (94%)
----------------- Invoking toplevel() on ptolemy.moml.MoMLSimpleApplication@428b2ecb
----------------- Done invoking toplevel() on ptolemy.moml.MoMLSimpleApplication@428b2ecb
reloadAllAccessors: .DiscreteClock4

===========================================================================================
----------------- testing Mon Oct 15 02:30:46 UTC 2018 /home/travis/build/icyphy/ptII/ptolemy/actor/lib/test/auto/DiscreteClock5.xml
----------------- Instantiating /home/travis/build/icyphy/ptII/ptolemy/actor/lib/test/auto/DiscreteClock5.xml
2 ms. Memory: 1365504K Free: 1270597K (93%)
----------------- Invoking toplevel() on ptolemy.moml.MoMLSimpleApplication@5d6a5953
----------------- Done invoking toplevel() on ptolemy.moml.MoMLSimpleApplication@5d6a5953
reloadAllAccessors: .DiscreteClock5

===========================================================================================
----------------- testing Mon Oct 15 02:30:46 UTC 2018 /home/travis/build/icyphy/ptII/ptolemy/actor/lib/test/auto/DiscreteClock6.xml
----------------- Instantiating /home/travis/build/icyphy/ptII/ptolemy/actor/lib/test/auto/DiscreteClock6.xml
1 ms. Memory: 1365504K Free: 1258114K (92%)
----------------- Invoking toplevel() on ptolemy.moml.MoMLSimpleApplication@f431145
----------------- Done invoking toplevel() on ptolemy.moml.MoMLSimpleApplication@f431145
reloadAllAccessors: .DiscreteClock6

===========================================================================================
----------------- testing Mon Oct 15 02:30:46 UTC 2018 /home/travis/build/icyphy/ptII/ptolemy/actor/lib/test/auto/DiscreteClock7.xml
----------------- Instantiating /home/travis/build/icyphy/ptII/ptolemy/actor/lib/test/auto/DiscreteClock7.xml
2 ms. Memory: 1365504K Free: 1245631K (91%)
----------------- Invoking toplevel() on ptolemy.moml.MoMLSimpleApplication@644cdb3d
----------------- Done invoking toplevel() on ptolemy.moml.MoMLSimpleApplication@644cdb3d
reloadAllAccessors: .DiscreteClock7

===========================================================================================
----------------- testing Mon Oct 15 02:30:46 UTC 2018 /home/travis/build/icyphy/ptII/ptolemy/actor/lib/test/auto/DiscreteClock8.xml
----------------- Instantiating /home/travis/build/icyphy/ptII/ptolemy/actor/lib/test/auto/DiscreteClock8.xml
2 ms. Memory: 1365504K Free: 1223362K (90%)
----------------- Invoking toplevel() on ptolemy.moml.MoMLSimpleApplication@7f99945
----------------- Done invoking toplevel() on ptolemy.moml.MoMLSimpleApplication@7f99945
reloadAllAccessors: .DiscreteClock8

===========================================================================================
----------------- testing Mon Oct 15 02:30:46 UTC 2018 /home/travis/build/icyphy/ptII/ptolemy/actor/lib/test/auto/DiscreteClock9.xml
----------------- Instantiating /home/travis/build/icyphy/ptII/ptolemy/actor/lib/test/auto/DiscreteClock9.xml
2 ms. Memory: 1365504K Free: 1210879K (89%)
----------------- Invoking toplevel() on ptolemy.moml.MoMLSimpleApplication@5d6d42a0
----------------- Done invoking toplevel() on ptolemy.moml.MoMLSimpleApplication@5d6d42a0
reloadAllAccessors: .DiscreteClock9

===========================================================================================
----------------- testing Mon Oct 15 02:30:46 UTC 2018 /home/travis/build/icyphy/ptII/ptolemy/actor/lib/test/auto/DisplayArray.xml
----------------- Instantiating /home/travis/build/icyphy/ptII/ptolemy/actor/lib/test/auto/DisplayArray.xml
2 ms. Memory: 1365504K Free: 1198397K (88%)
----------------- Invoking toplevel() on ptolemy.moml.MoMLSimpleApplication@7b0f319a
----------------- Done invoking toplevel() on ptolemy.moml.MoMLSimpleApplication@7b0f319a
reloadAllAccessors: .DisplayArray

===========================================================================================
----------------- testing Mon Oct 15 02:30:47 UTC 2018 /home/travis/build/icyphy/ptII/ptolemy/actor/lib/test/auto/Distributor.xml
----------------- Instantiating /home/travis/build/icyphy/ptII/ptolemy/actor/lib/test/auto/Distributor.xml
2 ms. Memory: 1365504K Free: 1185914K (87%)
----------------- Invoking toplevel() on ptolemy.moml.MoMLSimpleApplication@34d54b72
----------------- Done invoking toplevel() on ptolemy.moml.MoMLSimpleApplication@34d54b72
reloadAllAccessors: .Distributor

===========================================================================================
----------------- testing Mon Oct 15 02:30:47 UTC 2018 /home/travis/build/icyphy/ptII/ptolemy/actor/lib/test/auto/Distributor2.xml
----------------- Instantiating /home/travis/build/icyphy/ptII/ptolemy/actor/lib/test/auto/Distributor2.xml
2 ms. Memory: 1365504K Free: 1163644K (85%)
----------------- Invoking toplevel() on ptolemy.moml.MoMLSimpleApplication@6a56fc0f
----------------- Done invoking toplevel() on ptolemy.moml.MoMLSimpleApplication@6a56fc0f
reloadAllAccessors: .Distributor2

===========================================================================================
----------------- testing Mon Oct 15 02:30:47 UTC 2018 /home/travis/build/icyphy/ptII/ptolemy/actor/lib/test/auto/DownSample.xml
----------------- Instantiating /home/travis/build/icyphy/ptII/ptolemy/actor/lib/test/auto/DownSample.xml
10 ms. Memory: 1365504K Free: 1151162K (84%)
----------------- Invoking toplevel() on ptolemy.moml.MoMLSimpleApplication@4c47e04d
----------------- Done invoking toplevel() on ptolemy.moml.MoMLSimpleApplication@4c47e04d
reloadAllAccessors: .DownSample

===========================================================================================
----------------- testing Mon Oct 15 02:30:47 UTC 2018 /home/travis/build/icyphy/ptII/ptolemy/actor/lib/test/auto/ElectronicUnitBase1.xml
----------------- Instantiating /home/travis/build/icyphy/ptII/ptolemy/actor/lib/test/auto/ElectronicUnitBase1.xml
19 ms. Memory: 1365504K Free: 1126164K (82%)
----------------- Invoking toplevel() on ptolemy.moml.MoMLSimpleApplication@7c49a353
----------------- Done invoking toplevel() on ptolemy.moml.MoMLSimpleApplication@7c49a353
reloadAllAccessors: .ElectronicUnitBase1

===========================================================================================
----------------- testing Mon Oct 15 02:30:47 UTC 2018 /home/travis/build/icyphy/ptII/ptolemy/actor/lib/test/auto/ElementsToArray.xml
----------------- Instantiating /home/travis/build/icyphy/ptII/ptolemy/actor/lib/test/auto/ElementsToArray.xml
2 ms. Memory: 1365504K Free: 1113682K (82%)
----------------- Invoking toplevel() on ptolemy.moml.MoMLSimpleApplication@1ed42dba
----------------- Done invoking toplevel() on ptolemy.moml.MoMLSimpleApplication@1ed42dba
reloadAllAccessors: .ElementsToArray

===========================================================================================
----------------- testing Mon Oct 15 02:30:47 UTC 2018 /home/travis/build/icyphy/ptII/ptolemy/actor/lib/test/auto/Equals.xml
----------------- Instantiating /home/travis/build/icyphy/ptII/ptolemy/actor/lib/test/auto/Equals.xml
1 ms. Memory: 1365504K Free: 1091412K (80%)
----------------- Invoking toplevel() on ptolemy.moml.MoMLSimpleApplication@7baeb899
----------------- Done invoking toplevel() on ptolemy.moml.MoMLSimpleApplication@7baeb899
reloadAllAccessors: .Equals

===========================================================================================
----------------- testing Mon Oct 15 02:30:47 UTC 2018 /home/travis/build/icyphy/ptII/ptolemy/actor/lib/test/auto/Exec.xml
----------------- Instantiating /home/travis/build/icyphy/ptII/ptolemy/actor/lib/test/auto/Exec.xml
13 ms. Memory: 1365504K Free: 1060205K (78%)
----------------- Invoking toplevel() on ptolemy.moml.MoMLSimpleApplication@5484c36a
----------------- Done invoking toplevel() on ptolemy.moml.MoMLSimpleApplication@5484c36a
reloadAllAccessors: .Exec

===========================================================================================
----------------- testing Mon Oct 15 02:30:47 UTC 2018 /home/travis/build/icyphy/ptII/ptolemy/actor/lib/test/auto/ExecEnvironment.xml
----------------- Instantiating /home/travis/build/icyphy/ptII/ptolemy/actor/lib/test/auto/ExecEnvironment.xml
30 ms. Memory: 1365504K Free: 1028998K (75%)
----------------- Invoking toplevel() on ptolemy.moml.MoMLSimpleApplication@339d7793
----------------- Done invoking toplevel() on ptolemy.moml.MoMLSimpleApplication@339d7793
reloadAllAccessors: .ExecEnvironment

===========================================================================================
----------------- testing Mon Oct 15 02:30:47 UTC 2018 /home/travis/build/icyphy/ptII/ptolemy/actor/lib/test/auto/ExecNonZeroReturnOutput.xml
----------------- Instantiating /home/travis/build/icyphy/ptII/ptolemy/actor/lib/test/auto/ExecNonZeroReturnOutput.xml
126 ms. Memory: 1365504K Free: 935378K (69%)
----------------- Invoking toplevel() on ptolemy.moml.MoMLSimpleApplication@1c5aa518
----------------- Done invoking toplevel() on ptolemy.moml.MoMLSimpleApplication@1c5aa518
reloadAllAccessors: .ExecNonZeroReturnOutput

===========================================================================================
----------------- testing Mon Oct 15 02:30:47 UTC 2018 /home/travis/build/icyphy/ptII/ptolemy/actor/lib/test/auto/ExecRunDemos.xml
----------------- Instantiating /home/travis/build/icyphy/ptII/ptolemy/actor/lib/test/auto/ExecRunDemos.xml
Finished: 52 ms. Memory: 116224K Free: 100104K (86%)

Finished: 51 ms. Memory: 116224K Free: 96352K (83%)

Finished: 74 ms. Memory: 116224K Free: 96891K (83%)

Finished: 57 ms. Memory: 116224K Free: 98268K (85%)

Finished: 36 ms. Memory: 116224K Free: 99464K (86%)

9060 ms. Memory: 1365504K Free: 838198K (61%)
----------------- Invoking toplevel() on ptolemy.moml.MoMLSimpleApplication@3001d2d9
----------------- Done invoking toplevel() on ptolemy.moml.MoMLSimpleApplication@3001d2d9
reloadAllAccessors: .ExecRunDemos

===========================================================================================
----------------- testing Mon Oct 15 02:30:56 UTC 2018 /home/travis/build/icyphy/ptII/ptolemy/actor/lib/test/auto/ExecStop.xml
----------------- Instantiating /home/travis/build/icyphy/ptII/ptolemy/actor/lib/test/auto/ExecStop.xml
5010 ms. Memory: 1365504K Free: 632235K (46%)
----------------- Invoking toplevel() on ptolemy.moml.MoMLSimpleApplication@3cffc321
----------------- Done invoking toplevel() on ptolemy.moml.MoMLSimpleApplication@3cffc321
reloadAllAccessors: .ExecStop

===========================================================================================
----------------- testing Mon Oct 15 02:31:01 UTC 2018 /home/travis/build/icyphy/ptII/ptolemy/actor/lib/test/auto/ExecutionTimeSDF.xml
----------------- Instantiating /home/travis/build/icyphy/ptII/ptolemy/actor/lib/test/auto/ExecutionTimeSDF.xml
Fired ExecutionTime: -580167296
Fired ExecutionTime: 986000000
Fired ExecutionTime: -818167296
6005 ms. Memory: 1365504K Free: 613511K (45%)
----------------- Invoking toplevel() on ptolemy.moml.MoMLSimpleApplication@4ce76454
----------------- Done invoking toplevel() on ptolemy.moml.MoMLSimpleApplication@4ce76454
reloadAllAccessors: .ExecutionTimeSDF

===========================================================================================
----------------- testing Mon Oct 15 02:31:07 UTC 2018 /home/travis/build/icyphy/ptII/ptolemy/actor/lib/test/auto/Expression1.xml
----------------- Instantiating /home/travis/build/icyphy/ptII/ptolemy/actor/lib/test/auto/Expression1.xml
1 ms. Memory: 1365504K Free: 601028K (44%)
----------------- Invoking toplevel() on ptolemy.moml.MoMLSimpleApplication@58556511
----------------- Done invoking toplevel() on ptolemy.moml.MoMLSimpleApplication@58556511
reloadAllAccessors: .Expression1

===========================================================================================
----------------- testing Mon Oct 15 02:31:07 UTC 2018 /home/travis/build/icyphy/ptII/ptolemy/actor/lib/test/auto/Expression10.xml
----------------- Instantiating /home/travis/build/icyphy/ptII/ptolemy/actor/lib/test/auto/Expression10.xml
5 ms. Memory: 1365504K Free: 578759K (42%)
----------------- Invoking toplevel() on ptolemy.moml.MoMLSimpleApplication@3132e764
----------------- Done invoking toplevel() on ptolemy.moml.MoMLSimpleApplication@3132e764
reloadAllAccessors: .Expression10

===========================================================================================
----------------- testing Mon Oct 15 02:31:07 UTC 2018 /home/travis/build/icyphy/ptII/ptolemy/actor/lib/test/auto/Expression11.xml
----------------- Instantiating /home/travis/build/icyphy/ptII/ptolemy/actor/lib/test/auto/Expression11.xml
2 ms. Memory: 1365504K Free: 566276K (41%)
----------------- Invoking toplevel() on ptolemy.moml.MoMLSimpleApplication@473ec4c7
----------------- Done invoking toplevel() on ptolemy.moml.MoMLSimpleApplication@473ec4c7
reloadAllAccessors: .Expression11

===========================================================================================
----------------- testing Mon Oct 15 02:31:07 UTC 2018 /home/travis/build/icyphy/ptII/ptolemy/actor/lib/test/auto/Expression12.xml
----------------- Instantiating /home/travis/build/icyphy/ptII/ptolemy/actor/lib/test/auto/Expression12.xml
2 ms. Memory: 1365504K Free: 553793K (41%)
----------------- Invoking toplevel() on ptolemy.moml.MoMLSimpleApplication@7617f4d5
----------------- Done invoking toplevel() on ptolemy.moml.MoMLSimpleApplication@7617f4d5
reloadAllAccessors: .Expression12

===========================================================================================
----------------- testing Mon Oct 15 02:31:07 UTC 2018 /home/travis/build/icyphy/ptII/ptolemy/actor/lib/test/auto/Expression13.xml
----------------- Instantiating /home/travis/build/icyphy/ptII/ptolemy/actor/lib/test/auto/Expression13.xml
2 ms. Memory: 1365504K Free: 541311K (40%)
----------------- Invoking toplevel() on ptolemy.moml.MoMLSimpleApplication@5d1e82bf
----------------- Done invoking toplevel() on ptolemy.moml.MoMLSimpleApplication@5d1e82bf
reloadAllAccessors: .Expression13

===========================================================================================
----------------- testing Mon Oct 15 02:31:07 UTC 2018 /home/travis/build/icyphy/ptII/ptolemy/actor/lib/test/auto/Expression14.xml
----------------- Instantiating /home/travis/build/icyphy/ptII/ptolemy/actor/lib/test/auto/Expression14.xml
4 ms. Memory: 1365504K Free: 528828K (39%)
----------------- Invoking toplevel() on ptolemy.moml.MoMLSimpleApplication@6d5fd081
----------------- Done invoking toplevel() on ptolemy.moml.MoMLSimpleApplication@6d5fd081
reloadAllAccessors: .Expression14

===========================================================================================
----------------- testing Mon Oct 15 02:31:07 UTC 2018 /home/travis/build/icyphy/ptII/ptolemy/actor/lib/test/auto/Expression15.xml
----------------- Instantiating /home/travis/build/icyphy/ptII/ptolemy/actor/lib/test/auto/Expression15.xml
2 ms. Memory: 1365504K Free: 506559K (37%)
----------------- Invoking toplevel() on ptolemy.moml.MoMLSimpleApplication@1d080399
----------------- Done invoking toplevel() on ptolemy.moml.MoMLSimpleApplication@1d080399
reloadAllAccessors: .Expression15

===========================================================================================
----------------- testing Mon Oct 15 02:31:07 UTC 2018 /home/travis/build/icyphy/ptII/ptolemy/actor/lib/test/auto/Expression16.xml
----------------- Instantiating /home/travis/build/icyphy/ptII/ptolemy/actor/lib/test/auto/Expression16.xml
2 ms. Memory: 1365504K Free: 494076K (36%)
----------------- Invoking toplevel() on ptolemy.moml.MoMLSimpleApplication@65a1cfc5
----------------- Done invoking toplevel() on ptolemy.moml.MoMLSimpleApplication@65a1cfc5
reloadAllAccessors: .Expression16

===========================================================================================
----------------- testing Mon Oct 15 02:31:07 UTC 2018 /home/travis/build/icyphy/ptII/ptolemy/actor/lib/test/auto/Expression17.xml
----------------- Instantiating /home/travis/build/icyphy/ptII/ptolemy/actor/lib/test/auto/Expression17.xml
3 ms. Memory: 1365504K Free: 481593K (35%)
----------------- Invoking toplevel() on ptolemy.moml.MoMLSimpleApplication@48c40688
----------------- Done invoking toplevel() on ptolemy.moml.MoMLSimpleApplication@48c40688
reloadAllAccessors: .Expression17

===========================================================================================
----------------- testing Mon Oct 15 02:31:07 UTC 2018 /home/travis/build/icyphy/ptII/ptolemy/actor/lib/test/auto/Expression18.xml
----------------- Instantiating /home/travis/build/icyphy/ptII/ptolemy/actor/lib/test/auto/Expression18.xml
1 ms. Memory: 1365504K Free: 469111K (34%)
----------------- Invoking toplevel() on ptolemy.moml.MoMLSimpleApplication@20c772c7
----------------- Done invoking toplevel() on ptolemy.moml.MoMLSimpleApplication@20c772c7
reloadAllAccessors: .Expression18

===========================================================================================
----------------- testing Mon Oct 15 02:31:07 UTC 2018 /home/travis/build/icyphy/ptII/ptolemy/actor/lib/test/auto/Expression2.xml
----------------- Instantiating /home/travis/build/icyphy/ptII/ptolemy/actor/lib/test/auto/Expression2.xml
3 ms. Memory: 1365504K Free: 446841K (33%)
----------------- Invoking toplevel() on ptolemy.moml.MoMLSimpleApplication@150f1da8
----------------- Done invoking toplevel() on ptolemy.moml.MoMLSimpleApplication@150f1da8
reloadAllAccessors: .Expression2

===========================================================================================
----------------- testing Mon Oct 15 02:31:07 UTC 2018 /home/travis/build/icyphy/ptII/ptolemy/actor/lib/test/auto/Expression3.xml
----------------- Instantiating /home/travis/build/icyphy/ptII/ptolemy/actor/lib/test/auto/Expression3.xml
3 ms. Memory: 1365504K Free: 434359K (32%)
----------------- Invoking toplevel() on ptolemy.moml.MoMLSimpleApplication@6ac16856
----------------- Done invoking toplevel() on ptolemy.moml.MoMLSimpleApplication@6ac16856
reloadAllAccessors: .Expression3

===========================================================================================
----------------- testing Mon Oct 15 02:31:07 UTC 2018 /home/travis/build/icyphy/ptII/ptolemy/actor/lib/test/auto/Expression4.xml
----------------- Instantiating /home/travis/build/icyphy/ptII/ptolemy/actor/lib/test/auto/Expression4.xml
4 ms. Memory: 1365504K Free: 421876K (31%)
----------------- Invoking toplevel() on ptolemy.moml.MoMLSimpleApplication@312cf407
----------------- Done invoking toplevel() on ptolemy.moml.MoMLSimpleApplication@312cf407
reloadAllAccessors: .Expression4

===========================================================================================
----------------- testing Mon Oct 15 02:31:07 UTC 2018 /home/travis/build/icyphy/ptII/ptolemy/actor/lib/test/auto/Expression5.xml
----------------- Instantiating /home/travis/build/icyphy/ptII/ptolemy/actor/lib/test/auto/Expression5.xml
3 ms. Memory: 1365504K Free: 409393K (30%)
----------------- Invoking toplevel() on ptolemy.moml.MoMLSimpleApplication@7207b12
----------------- Done invoking toplevel() on ptolemy.moml.MoMLSimpleApplication@7207b12
reloadAllAccessors: .Expression5

===========================================================================================
----------------- testing Mon Oct 15 02:31:07 UTC 2018 /home/travis/build/icyphy/ptII/ptolemy/actor/lib/test/auto/Expression6.xml
----------------- Instantiating /home/travis/build/icyphy/ptII/ptolemy/actor/lib/test/auto/Expression6.xml
3 ms. Memory: 1365504K Free: 387124K (28%)
----------------- Invoking toplevel() on ptolemy.moml.MoMLSimpleApplication@38248d4e
----------------- Done invoking toplevel() on ptolemy.moml.MoMLSimpleApplication@38248d4e
reloadAllAccessors: .Expression6

===========================================================================================
----------------- testing Mon Oct 15 02:31:07 UTC 2018 /home/travis/build/icyphy/ptII/ptolemy/actor/lib/test/auto/Expression7.xml
----------------- Instantiating /home/travis/build/icyphy/ptII/ptolemy/actor/lib/test/auto/Expression7.xml
2 ms. Memory: 1365504K Free: 374641K (27%)
----------------- Invoking toplevel() on ptolemy.moml.MoMLSimpleApplication@7c815779
----------------- Done invoking toplevel() on ptolemy.moml.MoMLSimpleApplication@7c815779
reloadAllAccessors: .Expression7

===========================================================================================
----------------- testing Mon Oct 15 02:31:07 UTC 2018 /home/travis/build/icyphy/ptII/ptolemy/actor/lib/test/auto/Expression8.xml
----------------- Instantiating /home/travis/build/icyphy/ptII/ptolemy/actor/lib/test/auto/Expression8.xml
3 ms. Memory: 1365504K Free: 362158K (27%)
----------------- Invoking toplevel() on ptolemy.moml.MoMLSimpleApplication@36068575
----------------- Done invoking toplevel() on ptolemy.moml.MoMLSimpleApplication@36068575
reloadAllAccessors: .Expression8

===========================================================================================
----------------- testing Mon Oct 15 02:31:07 UTC 2018 /home/travis/build/icyphy/ptII/ptolemy/actor/lib/test/auto/Expression9.xml
----------------- Instantiating /home/travis/build/icyphy/ptII/ptolemy/actor/lib/test/auto/Expression9.xml
1 ms. Memory: 1365504K Free: 349676K (26%)
----------------- Invoking toplevel() on ptolemy.moml.MoMLSimpleApplication@10f81b47
----------------- Done invoking toplevel() on ptolemy.moml.MoMLSimpleApplication@10f81b47
reloadAllAccessors: .Expression9

===========================================================================================
----------------- testing Mon Oct 15 02:31:07 UTC 2018 /home/travis/build/icyphy/ptII/ptolemy/actor/lib/test/auto/ExpressionConcatenateArrayType.xml
----------------- Instantiating /home/travis/build/icyphy/ptII/ptolemy/actor/lib/test/auto/ExpressionConcatenateArrayType.xml
2 ms. Memory: 1365504K Free: 337193K (25%)
----------------- Invoking toplevel() on ptolemy.moml.MoMLSimpleApplication@1d5477d1
----------------- Done invoking toplevel() on ptolemy.moml.MoMLSimpleApplication@1d5477d1
reloadAllAccessors: .ExpressionConcatenateArrayType

===========================================================================================
----------------- testing Mon Oct 15 02:31:07 UTC 2018 /home/travis/build/icyphy/ptII/ptolemy/actor/lib/test/auto/ExpressionConcatenateArrayType2.xml
----------------- Instantiating /home/travis/build/icyphy/ptII/ptolemy/actor/lib/test/auto/ExpressionConcatenateArrayType2.xml
2 ms. Memory: 1365504K Free: 314924K (23%)
----------------- Invoking toplevel() on ptolemy.moml.MoMLSimpleApplication@256b5462
----------------- Done invoking toplevel() on ptolemy.moml.MoMLSimpleApplication@256b5462
reloadAllAccessors: .ExpressionConcatenateArrayType2

===========================================================================================
----------------- testing Mon Oct 15 02:31:07 UTC 2018 /home/travis/build/icyphy/ptII/ptolemy/actor/lib/test/auto/ExpressionFix.xml
----------------- Instantiating /home/travis/build/icyphy/ptII/ptolemy/actor/lib/test/auto/ExpressionFix.xml
8 ms. Memory: 1365504K Free: 302441K (22%)
----------------- Invoking toplevel() on ptolemy.moml.MoMLSimpleApplication@2815614e
----------------- Done invoking toplevel() on ptolemy.moml.MoMLSimpleApplication@2815614e
reloadAllAccessors: .ExpressionFix

===========================================================================================
----------------- testing Mon Oct 15 02:31:07 UTC 2018 /home/travis/build/icyphy/ptII/ptolemy/actor/lib/test/auto/ExpressionFix2.xml
----------------- Instantiating /home/travis/build/icyphy/ptII/ptolemy/actor/lib/test/auto/ExpressionFix2.xml
3 ms. Memory: 1365504K Free: 289958K (21%)
----------------- Invoking toplevel() on ptolemy.moml.MoMLSimpleApplication@4b604e09
----------------- Done invoking toplevel() on ptolemy.moml.MoMLSimpleApplication@4b604e09
reloadAllAccessors: .ExpressionFix2

===========================================================================================
----------------- testing Mon Oct 15 02:31:07 UTC 2018 /home/travis/build/icyphy/ptII/ptolemy/actor/lib/test/auto/ExpressionFix3.xml
----------------- Instantiating /home/travis/build/icyphy/ptII/ptolemy/actor/lib/test/auto/ExpressionFix3.xml
4 ms. Memory: 1365504K Free: 277476K (20%)
----------------- Invoking toplevel() on ptolemy.moml.MoMLSimpleApplication@90fafe2
----------------- Done invoking toplevel() on ptolemy.moml.MoMLSimpleApplication@90fafe2
reloadAllAccessors: .ExpressionFix3

===========================================================================================
----------------- testing Mon Oct 15 02:31:08 UTC 2018 /home/travis/build/icyphy/ptII/ptolemy/actor/lib/test/auto/FileWriter1.xml
----------------- Instantiating /home/travis/build/icyphy/ptII/ptolemy/actor/lib/test/auto/FileWriter1.xml
2 ms. Memory: 1365504K Free: 255206K (19%)
----------------- Invoking toplevel() on ptolemy.moml.MoMLSimpleApplication@4db2a5d6
----------------- Done invoking toplevel() on ptolemy.moml.MoMLSimpleApplication@4db2a5d6
reloadAllAccessors: .FileWriter1

===========================================================================================
----------------- testing Mon Oct 15 02:31:08 UTC 2018 /home/travis/build/icyphy/ptII/ptolemy/actor/lib/test/auto/FileWriter2.xml
----------------- Instantiating /home/travis/build/icyphy/ptII/ptolemy/actor/lib/test/auto/FileWriter2.xml
3 ms. Memory: 1365504K Free: 242724K (18%)
----------------- Invoking toplevel() on ptolemy.moml.MoMLSimpleApplication@44d3a9d8
----------------- Done invoking toplevel() on ptolemy.moml.MoMLSimpleApplication@44d3a9d8
reloadAllAccessors: .FileWriter2

===========================================================================================
----------------- testing Mon Oct 15 02:31:08 UTC 2018 /home/travis/build/icyphy/ptII/ptolemy/actor/lib/test/auto/FileWriter3.xml
----------------- Instantiating /home/travis/build/icyphy/ptII/ptolemy/actor/lib/test/auto/FileWriter3.xml
2 ms. Memory: 1365504K Free: 230241K (17%)
----------------- Invoking toplevel() on ptolemy.moml.MoMLSimpleApplication@49688e9c
----------------- Done invoking toplevel() on ptolemy.moml.MoMLSimpleApplication@49688e9c
reloadAllAccessors: .FileWriter3

===========================================================================================
----------------- testing Mon Oct 15 02:31:08 UTC 2018 /home/travis/build/icyphy/ptII/ptolemy/actor/lib/test/auto/Gaussian.xml
----------------- Instantiating /home/travis/build/icyphy/ptII/ptolemy/actor/lib/test/auto/Gaussian.xml
3 ms. Memory: 1365504K Free: 217758K (16%)
----------------- Invoking toplevel() on ptolemy.moml.MoMLSimpleApplication@46470b7c
----------------- Done invoking toplevel() on ptolemy.moml.MoMLSimpleApplication@46470b7c
reloadAllAccessors: .Gaussian

===========================================================================================
----------------- testing Mon Oct 15 02:31:08 UTC 2018 /home/travis/build/icyphy/ptII/ptolemy/actor/lib/test/auto/Gaussian1.xml
----------------- Instantiating /home/travis/build/icyphy/ptII/ptolemy/actor/lib/test/auto/Gaussian1.xml
2 ms. Memory: 1365504K Free: 195489K (14%)
----------------- Invoking toplevel() on ptolemy.moml.MoMLSimpleApplication@3fb9f42e
----------------- Done invoking toplevel() on ptolemy.moml.MoMLSimpleApplication@3fb9f42e
reloadAllAccessors: .Gaussian1

===========================================================================================
----------------- testing Mon Oct 15 02:31:08 UTC 2018 /home/travis/build/icyphy/ptII/ptolemy/actor/lib/test/auto/Gaussian2.xml
----------------- Instantiating /home/travis/build/icyphy/ptII/ptolemy/actor/lib/test/auto/Gaussian2.xml
3 ms. Memory: 1365504K Free: 183006K (13%)
----------------- Invoking toplevel() on ptolemy.moml.MoMLSimpleApplication@3e2ab210
----------------- Done invoking toplevel() on ptolemy.moml.MoMLSimpleApplication@3e2ab210
reloadAllAccessors: .Gaussian2

===========================================================================================
----------------- testing Mon Oct 15 02:31:08 UTC 2018 /home/travis/build/icyphy/ptII/ptolemy/actor/lib/test/auto/GradientAdaptiveLattice.xml
----------------- Instantiating /home/travis/build/icyphy/ptII/ptolemy/actor/lib/test/auto/GradientAdaptiveLattice.xml
8 ms. Memory: 1365504K Free: 170524K (12%)
----------------- Invoking toplevel() on ptolemy.moml.MoMLSimpleApplication@65caf9dd
----------------- Done invoking toplevel() on ptolemy.moml.MoMLSimpleApplication@65caf9dd
reloadAllAccessors: .GradientAdaptiveLattice

===========================================================================================
----------------- testing Mon Oct 15 02:31:08 UTC 2018 /home/travis/build/icyphy/ptII/ptolemy/actor/lib/test/auto/IIR.xml
----------------- Instantiating /home/travis/build/icyphy/ptII/ptolemy/actor/lib/test/auto/IIR.xml
2 ms. Memory: 1365504K Free: 158041K (12%)
----------------- Invoking toplevel() on ptolemy.moml.MoMLSimpleApplication@2f7b45b8
----------------- Done invoking toplevel() on ptolemy.moml.MoMLSimpleApplication@2f7b45b8
reloadAllAccessors: .IIR

===========================================================================================
----------------- testing Mon Oct 15 02:31:08 UTC 2018 /home/travis/build/icyphy/ptII/ptolemy/actor/lib/test/auto/InputOutputTransparentPorts.xml
----------------- Instantiating /home/travis/build/icyphy/ptII/ptolemy/actor/lib/test/auto/InputOutputTransparentPorts.xml
2 ms. Memory: 1365504K Free: 145558K (11%)
----------------- Invoking toplevel() on ptolemy.moml.MoMLSimpleApplication@21610a3d
----------------- Done invoking toplevel() on ptolemy.moml.MoMLSimpleApplication@21610a3d
reloadAllAccessors: .InputOutputTransparentPorts

===========================================================================================
----------------- testing Mon Oct 15 02:31:08 UTC 2018 /home/travis/build/icyphy/ptII/ptolemy/actor/lib/test/auto/Interpolator.xml
----------------- Instantiating /home/travis/build/icyphy/ptII/ptolemy/actor/lib/test/auto/Interpolator.xml
7 ms. Memory: 1365504K Free: 123289K (9%)
----------------- Invoking toplevel() on ptolemy.moml.MoMLSimpleApplication@138bcfd1
----------------- Done invoking toplevel() on ptolemy.moml.MoMLSimpleApplication@138bcfd1
reloadAllAccessors: .Interpolator

===========================================================================================
----------------- testing Mon Oct 15 02:31:08 UTC 2018 /home/travis/build/icyphy/ptII/ptolemy/actor/lib/test/auto/InterpolatorFiringLimitDE.xml
----------------- Instantiating /home/travis/build/icyphy/ptII/ptolemy/actor/lib/test/auto/InterpolatorFiringLimitDE.xml
2 ms. Memory: 1365504K Free: 110806K (8%)
----------------- Invoking toplevel() on ptolemy.moml.MoMLSimpleApplication@14e82882
----------------- Done invoking toplevel() on ptolemy.moml.MoMLSimpleApplication@14e82882
reloadAllAccessors: .InterpolatorFiringLimitDE

===========================================================================================
----------------- testing Mon Oct 15 02:31:08 UTC 2018 /home/travis/build/icyphy/ptII/ptolemy/actor/lib/test/auto/Lattice.xml
----------------- Instantiating /home/travis/build/icyphy/ptII/ptolemy/actor/lib/test/auto/Lattice.xml
2 ms. Memory: 1365504K Free: 98324K (7%)
----------------- Invoking toplevel() on ptolemy.moml.MoMLSimpleApplication@221aee0
----------------- Done invoking toplevel() on ptolemy.moml.MoMLSimpleApplication@221aee0
reloadAllAccessors: .Lattice

===========================================================================================
----------------- testing Mon Oct 15 02:31:08 UTC 2018 /home/travis/build/icyphy/ptII/ptolemy/actor/lib/test/auto/LazyAOCTestLazy.xml
----------------- Instantiating /home/travis/build/icyphy/ptII/ptolemy/actor/lib/test/auto/LazyAOCTestLazy.xml
8 ms. Memory: 1365504K Free: 85841K (6%)
----------------- Invoking toplevel() on ptolemy.moml.MoMLSimpleApplication@6e4844fe
----------------- Done invoking toplevel() on ptolemy.moml.MoMLSimpleApplication@6e4844fe
reloadAllAccessors: .LazyAOCTestLazy

===========================================================================================
----------------- testing Mon Oct 15 02:31:08 UTC 2018 /home/travis/build/icyphy/ptII/ptolemy/actor/lib/test/auto/LazyAOCTestNonLazy.xml
----------------- Instantiating /home/travis/build/icyphy/ptII/ptolemy/actor/lib/test/auto/LazyAOCTestNonLazy.xml
2 ms. Memory: 1625088K Free: 1571723K (97%)
----------------- Invoking toplevel() on ptolemy.moml.MoMLSimpleApplication@40f1942c
----------------- Done invoking toplevel() on ptolemy.moml.MoMLSimpleApplication@40f1942c
reloadAllAccessors: .LazyAOCTestNonLazy

===========================================================================================
----------------- testing Mon Oct 15 02:31:08 UTC 2018 /home/travis/build/icyphy/ptII/ptolemy/actor/lib/test/auto/LazyInnerClass.xml
----------------- Instantiating /home/travis/build/icyphy/ptII/ptolemy/actor/lib/test/auto/LazyInnerClass.xml
27 ms. Memory: 1625088K Free: 1547493K (95%)
----------------- Invoking toplevel() on ptolemy.moml.MoMLSimpleApplication@37f66b89
----------------- Done invoking toplevel() on ptolemy.moml.MoMLSimpleApplication@37f66b89
reloadAllAccessors: .LazyInnerClass

===========================================================================================
----------------- testing Mon Oct 15 02:31:08 UTC 2018 /home/travis/build/icyphy/ptII/ptolemy/actor/lib/test/auto/LazyPubSub.xml
----------------- Instantiating /home/travis/build/icyphy/ptII/ptolemy/actor/lib/test/auto/LazyPubSub.xml
25 ms. Memory: 1625088K Free: 1532220K (94%)
----------------- Invoking toplevel() on ptolemy.moml.MoMLSimpleApplication@3c2872df
----------------- Done invoking toplevel() on ptolemy.moml.MoMLSimpleApplication@3c2872df
reloadAllAccessors: .LazyPubSub

===========================================================================================
----------------- testing Mon Oct 15 02:31:08 UTC 2018 /home/travis/build/icyphy/ptII/ptolemy/actor/lib/test/auto/LazyPubSub2.xml
----------------- Instantiating /home/travis/build/icyphy/ptII/ptolemy/actor/lib/test/auto/LazyPubSub2.xml
14 ms. Memory: 1625088K Free: 1516741K (93%)
----------------- Invoking toplevel() on ptolemy.moml.MoMLSimpleApplication@779e8ec8
----------------- Done invoking toplevel() on ptolemy.moml.MoMLSimpleApplication@779e8ec8
reloadAllAccessors: .LazyPubSub2

===========================================================================================
----------------- testing Mon Oct 15 02:31:08 UTC 2018 /home/travis/build/icyphy/ptII/ptolemy/actor/lib/test/auto/LazyPubSub3.xml
----------------- Instantiating /home/travis/build/icyphy/ptII/ptolemy/actor/lib/test/auto/LazyPubSub3.xml
14 ms. Memory: 1625088K Free: 1492511K (92%)
----------------- Invoking toplevel() on ptolemy.moml.MoMLSimpleApplication@24b09667
----------------- Done invoking toplevel() on ptolemy.moml.MoMLSimpleApplication@24b09667
reloadAllAccessors: .LazyPubSub3

===========================================================================================
----------------- testing Mon Oct 15 02:31:08 UTC 2018 /home/travis/build/icyphy/ptII/ptolemy/actor/lib/test/auto/LazySubClassModel.xml
----------------- Instantiating /home/travis/build/icyphy/ptII/ptolemy/actor/lib/test/auto/LazySubClassModel.xml
1 ms. Memory: 1625088K Free: 1477238K (91%)
----------------- Invoking toplevel() on ptolemy.moml.MoMLSimpleApplication@3377d2f
----------------- Done invoking toplevel() on ptolemy.moml.MoMLSimpleApplication@3377d2f
reloadAllAccessors: .LazySubClassModel

===========================================================================================
----------------- testing Mon Oct 15 02:31:08 UTC 2018 /home/travis/build/icyphy/ptII/ptolemy/actor/lib/test/auto/LevelCrossTest1.xml
----------------- Instantiating /home/travis/build/icyphy/ptII/ptolemy/actor/lib/test/auto/LevelCrossTest1.xml
1 ms. Memory: 1625088K Free: 1461965K (90%)
----------------- Invoking toplevel() on ptolemy.moml.MoMLSimpleApplication@768ec10f
----------------- Done invoking toplevel() on ptolemy.moml.MoMLSimpleApplication@768ec10f
reloadAllAccessors: .broken

===========================================================================================
----------------- testing Mon Oct 15 02:31:08 UTC 2018 /home/travis/build/icyphy/ptII/ptolemy/actor/lib/test/auto/LevelCrossTest10.xml
----------------- Instantiating /home/travis/build/icyphy/ptII/ptolemy/actor/lib/test/auto/LevelCrossTest10.xml
1 ms. Memory: 1625088K Free: 1446692K (89%)
----------------- Invoking toplevel() on ptolemy.moml.MoMLSimpleApplication@6ce7b583
----------------- Done invoking toplevel() on ptolemy.moml.MoMLSimpleApplication@6ce7b583
reloadAllAccessors: .LevelCrossTest10

===========================================================================================
----------------- testing Mon Oct 15 02:31:08 UTC 2018 /home/travis/build/icyphy/ptII/ptolemy/actor/lib/test/auto/LevelCrossTest11.xml
----------------- Instantiating /home/travis/build/icyphy/ptII/ptolemy/actor/lib/test/auto/LevelCrossTest11.xml
1 ms. Memory: 1625088K Free: 1422462K (88%)
----------------- Invoking toplevel() on ptolemy.moml.MoMLSimpleApplication@650903ba
----------------- Done invoking toplevel() on ptolemy.moml.MoMLSimpleApplication@650903ba
reloadAllAccessors: .LevelCrossTest11

===========================================================================================
----------------- testing Mon Oct 15 02:31:08 UTC 2018 /home/travis/build/icyphy/ptII/ptolemy/actor/lib/test/auto/LevelCrossTest12.xml
----------------- Instantiating /home/travis/build/icyphy/ptII/ptolemy/actor/lib/test/auto/LevelCrossTest12.xml
1 ms. Memory: 1625088K Free: 1407189K (87%)
----------------- Invoking toplevel() on ptolemy.moml.MoMLSimpleApplication@271f6973
----------------- Done invoking toplevel() on ptolemy.moml.MoMLSimpleApplication@271f6973
reloadAllAccessors: .LevelCrossTest12

===========================================================================================
----------------- testing Mon Oct 15 02:31:08 UTC 2018 /home/travis/build/icyphy/ptII/ptolemy/actor/lib/test/auto/LevelCrossTest13.xml
----------------- Instantiating /home/travis/build/icyphy/ptII/ptolemy/actor/lib/test/auto/LevelCrossTest13.xml
1 ms. Memory: 1625088K Free: 1391916K (86%)
----------------- Invoking toplevel() on ptolemy.moml.MoMLSimpleApplication@adaa8
----------------- Done invoking toplevel() on ptolemy.moml.MoMLSimpleApplication@adaa8
reloadAllAccessors: .LevelCrossTest13

===========================================================================================
----------------- testing Mon Oct 15 02:31:08 UTC 2018 /home/travis/build/icyphy/ptII/ptolemy/actor/lib/test/auto/LevelCrossTest2.xml
----------------- Instantiating /home/travis/build/icyphy/ptII/ptolemy/actor/lib/test/auto/LevelCrossTest2.xml
1 ms. Memory: 1625088K Free: 1376643K (85%)
----------------- Invoking toplevel() on ptolemy.moml.MoMLSimpleApplication@125c3dea
----------------- Done invoking toplevel() on ptolemy.moml.MoMLSimpleApplication@125c3dea
reloadAllAccessors: .broken

===========================================================================================
----------------- testing Mon Oct 15 02:31:08 UTC 2018 /home/travis/build/icyphy/ptII/ptolemy/actor/lib/test/auto/LevelCrossTest3.xml
----------------- Instantiating /home/travis/build/icyphy/ptII/ptolemy/actor/lib/test/auto/LevelCrossTest3.xml
2 ms. Memory: 1625088K Free: 1352412K (83%)
----------------- Invoking toplevel() on ptolemy.moml.MoMLSimpleApplication@401dbaf8
----------------- Done invoking toplevel() on ptolemy.moml.MoMLSimpleApplication@401dbaf8
reloadAllAccessors: .LevelCrossTest3

===========================================================================================
----------------- testing Mon Oct 15 02:31:08 UTC 2018 /home/travis/build/icyphy/ptII/ptolemy/actor/lib/test/auto/LevelCrossTest4.xml
----------------- Instantiating /home/travis/build/icyphy/ptII/ptolemy/actor/lib/test/auto/LevelCrossTest4.xml
1 ms. Memory: 1625088K Free: 1337139K (82%)
----------------- Invoking toplevel() on ptolemy.moml.MoMLSimpleApplication@58c2e82f
----------------- Done invoking toplevel() on ptolemy.moml.MoMLSimpleApplication@58c2e82f
reloadAllAccessors: .broken

===========================================================================================
----------------- testing Mon Oct 15 02:31:08 UTC 2018 /home/travis/build/icyphy/ptII/ptolemy/actor/lib/test/auto/LevelCrossTest5.xml
----------------- Instantiating /home/travis/build/icyphy/ptII/ptolemy/actor/lib/test/auto/LevelCrossTest5.xml
1 ms. Memory: 1625088K Free: 1321866K (81%)
----------------- Invoking toplevel() on ptolemy.moml.MoMLSimpleApplication@18612e3b
----------------- Done invoking toplevel() on ptolemy.moml.MoMLSimpleApplication@18612e3b
reloadAllAccessors: .LevelCrossTest5

===========================================================================================
----------------- testing Mon Oct 15 02:31:08 UTC 2018 /home/travis/build/icyphy/ptII/ptolemy/actor/lib/test/auto/LevelCrossTest6.xml
----------------- Instantiating /home/travis/build/icyphy/ptII/ptolemy/actor/lib/test/auto/LevelCrossTest6.xml
1 ms. Memory: 1625088K Free: 1306593K (80%)
----------------- Invoking toplevel() on ptolemy.moml.MoMLSimpleApplication@4b850e3d
----------------- Done invoking toplevel() on ptolemy.moml.MoMLSimpleApplication@4b850e3d
reloadAllAccessors: .LevelCrossTest6

===========================================================================================
----------------- testing Mon Oct 15 02:31:08 UTC 2018 /home/travis/build/icyphy/ptII/ptolemy/actor/lib/test/auto/LevelCrossTest7.xml
----------------- Instantiating /home/travis/build/icyphy/ptII/ptolemy/actor/lib/test/auto/LevelCrossTest7.xml
1 ms. Memory: 1625088K Free: 1282363K (79%)
----------------- Invoking toplevel() on ptolemy.moml.MoMLSimpleApplication@1f005c52
----------------- Done invoking toplevel() on ptolemy.moml.MoMLSimpleApplication@1f005c52
reloadAllAccessors: .LevelCrossTest7

===========================================================================================
----------------- testing Mon Oct 15 02:31:08 UTC 2018 /home/travis/build/icyphy/ptII/ptolemy/actor/lib/test/auto/LevelCrossTest8.xml
----------------- Instantiating /home/travis/build/icyphy/ptII/ptolemy/actor/lib/test/auto/LevelCrossTest8.xml
1 ms. Memory: 1625088K Free: 1267090K (78%)
----------------- Invoking toplevel() on ptolemy.moml.MoMLSimpleApplication@733e19a2
----------------- Done invoking toplevel() on ptolemy.moml.MoMLSimpleApplication@733e19a2
reloadAllAccessors: .LevelCrossTest8

===========================================================================================
----------------- testing Mon Oct 15 02:31:08 UTC 2018 /home/travis/build/icyphy/ptII/ptolemy/actor/lib/test/auto/LevelCrossTest9.xml
----------------- Instantiating /home/travis/build/icyphy/ptII/ptolemy/actor/lib/test/auto/LevelCrossTest9.xml
1 ms. Memory: 1625088K Free: 1251817K (77%)
----------------- Invoking toplevel() on ptolemy.moml.MoMLSimpleApplication@774d2206
----------------- Done invoking toplevel() on ptolemy.moml.MoMLSimpleApplication@774d2206
reloadAllAccessors: .LevelCrossTest9

===========================================================================================
----------------- testing Mon Oct 15 02:31:08 UTC 2018 /home/travis/build/icyphy/ptII/ptolemy/actor/lib/test/auto/LevinsonDurbin.xml
----------------- Instantiating /home/travis/build/icyphy/ptII/ptolemy/actor/lib/test/auto/LevinsonDurbin.xml
1 ms. Memory: 1625088K Free: 1236544K (76%)
----------------- Invoking toplevel() on ptolemy.moml.MoMLSimpleApplication@3b57fbc2
----------------- Done invoking toplevel() on ptolemy.moml.MoMLSimpleApplication@3b57fbc2
reloadAllAccessors: .LevinsonDurbin

===========================================================================================
----------------- testing Mon Oct 15 02:31:08 UTC 2018 /home/travis/build/icyphy/ptII/ptolemy/actor/lib/test/auto/LevinsonDurbin2.xml
----------------- Instantiating /home/travis/build/icyphy/ptII/ptolemy/actor/lib/test/auto/LevinsonDurbin2.xml
1 ms. Memory: 1625088K Free: 1212314K (75%)
----------------- Invoking toplevel() on ptolemy.moml.MoMLSimpleApplication@169e0512
----------------- Done invoking toplevel() on ptolemy.moml.MoMLSimpleApplication@169e0512
reloadAllAccessors: .LevinsonDurbin2

===========================================================================================
----------------- testing Mon Oct 15 02:31:08 UTC 2018 /home/travis/build/icyphy/ptII/ptolemy/actor/lib/test/auto/LevinsonDurbin3.xml
----------------- Instantiating /home/travis/build/icyphy/ptII/ptolemy/actor/lib/test/auto/LevinsonDurbin3.xml
1 ms. Memory: 1625088K Free: 1197040K (74%)
----------------- Invoking toplevel() on ptolemy.moml.MoMLSimpleApplication@665c01fc
----------------- Done invoking toplevel() on ptolemy.moml.MoMLSimpleApplication@665c01fc
reloadAllAccessors: .LevinsonDurbin3

===========================================================================================
----------------- testing Mon Oct 15 02:31:08 UTC 2018 /home/travis/build/icyphy/ptII/ptolemy/actor/lib/test/auto/Limiter.xml
----------------- Instantiating /home/travis/build/icyphy/ptII/ptolemy/actor/lib/test/auto/Limiter.xml
4 ms. Memory: 1625088K Free: 1181767K (73%)
----------------- Invoking toplevel() on ptolemy.moml.MoMLSimpleApplication@32164fd1
----------------- Done invoking toplevel() on ptolemy.moml.MoMLSimpleApplication@32164fd1
reloadAllAccessors: .Limiter

===========================================================================================
----------------- testing Mon Oct 15 02:31:08 UTC 2018 /home/travis/build/icyphy/ptII/ptolemy/actor/lib/test/auto/LinearDifferenceEquationSystem.xml
----------------- Instantiating /home/travis/build/icyphy/ptII/ptolemy/actor/lib/test/auto/LinearDifferenceEquationSystem.xml
3 ms. Memory: 1625088K Free: 1166494K (72%)
----------------- Invoking toplevel() on ptolemy.moml.MoMLSimpleApplication@76f24bc2
----------------- Done invoking toplevel() on ptolemy.moml.MoMLSimpleApplication@76f24bc2
reloadAllAccessors: .LinearDifferenceEquationSystem

===========================================================================================
----------------- testing Mon Oct 15 02:31:08 UTC 2018 /home/travis/build/icyphy/ptII/ptolemy/actor/lib/test/auto/LookupTable.xml
----------------- Instantiating /home/travis/build/icyphy/ptII/ptolemy/actor/lib/test/auto/LookupTable.xml
2 ms. Memory: 1625088K Free: 1142264K (70%)
----------------- Invoking toplevel() on ptolemy.moml.MoMLSimpleApplication@1ddfdf58
----------------- Done invoking toplevel() on ptolemy.moml.MoMLSimpleApplication@1ddfdf58
reloadAllAccessors: .LookupTable

===========================================================================================
----------------- testing Mon Oct 15 02:31:08 UTC 2018 /home/travis/build/icyphy/ptII/ptolemy/actor/lib/test/auto/MathFunction.xml
----------------- Instantiating /home/travis/build/icyphy/ptII/ptolemy/actor/lib/test/auto/MathFunction.xml
2 ms. Memory: 1625088K Free: 1126991K (69%)
----------------- Invoking toplevel() on ptolemy.moml.MoMLSimpleApplication@1ae0111d
----------------- Done invoking toplevel() on ptolemy.moml.MoMLSimpleApplication@1ae0111d
reloadAllAccessors: .MathFunction

===========================================================================================
----------------- testing Mon Oct 15 02:31:08 UTC 2018 /home/travis/build/icyphy/ptII/ptolemy/actor/lib/test/auto/MathFunction2.xml
----------------- Instantiating /home/travis/build/icyphy/ptII/ptolemy/actor/lib/test/auto/MathFunction2.xml
1 ms. Memory: 1625088K Free: 1111718K (68%)
----------------- Invoking toplevel() on ptolemy.moml.MoMLSimpleApplication@ca3f76e
----------------- Done invoking toplevel() on ptolemy.moml.MoMLSimpleApplication@ca3f76e
reloadAllAccessors: .MathFunction2

===========================================================================================
----------------- testing Mon Oct 15 02:31:08 UTC 2018 /home/travis/build/icyphy/ptII/ptolemy/actor/lib/test/auto/MathFunction3.xml
----------------- Instantiating /home/travis/build/icyphy/ptII/ptolemy/actor/lib/test/auto/MathFunction3.xml
2 ms. Memory: 1625088K Free: 1096445K (67%)
----------------- Invoking toplevel() on ptolemy.moml.MoMLSimpleApplication@8506059
----------------- Done invoking toplevel() on ptolemy.moml.MoMLSimpleApplication@8506059
reloadAllAccessors: .MathFunction3

===========================================================================================
----------------- testing Mon Oct 15 02:31:08 UTC 2018 /home/travis/build/icyphy/ptII/ptolemy/actor/lib/test/auto/MatrixCropBoolean.xml
----------------- Instantiating /home/travis/build/icyphy/ptII/ptolemy/actor/lib/test/auto/MatrixCropBoolean.xml
1 ms. Memory: 1625088K Free: 1072215K (66%)
----------------- Invoking toplevel() on ptolemy.moml.MoMLSimpleApplication@744eff7b
----------------- Done invoking toplevel() on ptolemy.moml.MoMLSimpleApplication@744eff7b
reloadAllAccessors: .MatrixCropBoolean

===========================================================================================
----------------- testing Mon Oct 15 02:31:08 UTC 2018 /home/travis/build/icyphy/ptII/ptolemy/actor/lib/test/auto/MatrixCropComplex.xml
----------------- Instantiating /home/travis/build/icyphy/ptII/ptolemy/actor/lib/test/auto/MatrixCropComplex.xml
1 ms. Memory: 1625088K Free: 1056942K (65%)
----------------- Invoking toplevel() on ptolemy.moml.MoMLSimpleApplication@37208ea3
----------------- Done invoking toplevel() on ptolemy.moml.MoMLSimpleApplication@37208ea3
reloadAllAccessors: .MatrixCropComplex

===========================================================================================
----------------- testing Mon Oct 15 02:31:08 UTC 2018 /home/travis/build/icyphy/ptII/ptolemy/actor/lib/test/auto/MatrixCropDouble.xml
----------------- Instantiating /home/travis/build/icyphy/ptII/ptolemy/actor/lib/test/auto/MatrixCropDouble.xml
1 ms. Memory: 1625088K Free: 1041669K (64%)
----------------- Invoking toplevel() on ptolemy.moml.MoMLSimpleApplication@15c5faae
----------------- Done invoking toplevel() on ptolemy.moml.MoMLSimpleApplication@15c5faae
reloadAllAccessors: .MatrixCropDouble

===========================================================================================
----------------- testing Mon Oct 15 02:31:08 UTC 2018 /home/travis/build/icyphy/ptII/ptolemy/actor/lib/test/auto/MatrixCropFix.xml
----------------- Instantiating /home/travis/build/icyphy/ptII/ptolemy/actor/lib/test/auto/MatrixCropFix.xml
1 ms. Memory: 1625088K Free: 1017439K (63%)
----------------- Invoking toplevel() on ptolemy.moml.MoMLSimpleApplication@7b578ff7
----------------- Done invoking toplevel() on ptolemy.moml.MoMLSimpleApplication@7b578ff7
reloadAllAccessors: .MatrixCropFix

===========================================================================================
----------------- testing Mon Oct 15 02:31:08 UTC 2018 /home/travis/build/icyphy/ptII/ptolemy/actor/lib/test/auto/MatrixCropInt.xml
----------------- Instantiating /home/travis/build/icyphy/ptII/ptolemy/actor/lib/test/auto/MatrixCropInt.xml
1 ms. Memory: 1625088K Free: 1002166K (62%)
----------------- Invoking toplevel() on ptolemy.moml.MoMLSimpleApplication@5e493e5b
----------------- Done invoking toplevel() on ptolemy.moml.MoMLSimpleApplication@5e493e5b
reloadAllAccessors: .MatrixCropInt

===========================================================================================
----------------- testing Mon Oct 15 02:31:09 UTC 2018 /home/travis/build/icyphy/ptII/ptolemy/actor/lib/test/auto/MatrixCropLong.xml
----------------- Instantiating /home/travis/build/icyphy/ptII/ptolemy/actor/lib/test/auto/MatrixCropLong.xml
2 ms. Memory: 1625088K Free: 986893K (61%)
----------------- Invoking toplevel() on ptolemy.moml.MoMLSimpleApplication@710f114d
----------------- Done invoking toplevel() on ptolemy.moml.MoMLSimpleApplication@710f114d
reloadAllAccessors: .MatrixCropLong

===========================================================================================
----------------- testing Mon Oct 15 02:31:09 UTC 2018 /home/travis/build/icyphy/ptII/ptolemy/actor/lib/test/auto/MatrixToArray.xml
----------------- Instantiating /home/travis/build/icyphy/ptII/ptolemy/actor/lib/test/auto/MatrixToArray.xml
5 ms. Memory: 1625088K Free: 963968K (59%)
----------------- Invoking toplevel() on ptolemy.moml.MoMLSimpleApplication@6961b9f9
----------------- Done invoking toplevel() on ptolemy.moml.MoMLSimpleApplication@6961b9f9
reloadAllAccessors: .MatrixToArray

===========================================================================================
----------------- testing Mon Oct 15 02:31:09 UTC 2018 /home/travis/build/icyphy/ptII/ptolemy/actor/lib/test/auto/MaxIndex.xml
----------------- Instantiating /home/travis/build/icyphy/ptII/ptolemy/actor/lib/test/auto/MaxIndex.xml
1 ms. Memory: 1625088K Free: 939737K (58%)
----------------- Invoking toplevel() on ptolemy.moml.MoMLSimpleApplication@6797c2fc
----------------- Done invoking toplevel() on ptolemy.moml.MoMLSimpleApplication@6797c2fc
reloadAllAccessors: .MaxIndex

===========================================================================================
----------------- testing Mon Oct 15 02:31:09 UTC 2018 /home/travis/build/icyphy/ptII/ptolemy/actor/lib/test/auto/Maximum.xml
----------------- Instantiating /home/travis/build/icyphy/ptII/ptolemy/actor/lib/test/auto/Maximum.xml
2 ms. Memory: 1625088K Free: 924464K (57%)
----------------- Invoking toplevel() on ptolemy.moml.MoMLSimpleApplication@6636c396
----------------- Done invoking toplevel() on ptolemy.moml.MoMLSimpleApplication@6636c396
reloadAllAccessors: .Maximum

===========================================================================================
----------------- testing Mon Oct 15 02:31:09 UTC 2018 /home/travis/build/icyphy/ptII/ptolemy/actor/lib/test/auto/MaximumComplex.xml
----------------- Instantiating /home/travis/build/icyphy/ptII/ptolemy/actor/lib/test/auto/MaximumComplex.xml
3 ms. Memory: 1625088K Free: 909191K (56%)
----------------- Invoking toplevel() on ptolemy.moml.MoMLSimpleApplication@51c51bd6
----------------- Done invoking toplevel() on ptolemy.moml.MoMLSimpleApplication@51c51bd6
reloadAllAccessors: .MaximumComplex

===========================================================================================
----------------- testing Mon Oct 15 02:31:09 UTC 2018 /home/travis/build/icyphy/ptII/ptolemy/actor/lib/test/auto/MethodCallTest.xml
----------------- Instantiating /home/travis/build/icyphy/ptII/ptolemy/actor/lib/test/auto/MethodCallTest.xml
2 ms. Memory: 1625088K Free: 893919K (55%)
----------------- Invoking toplevel() on ptolemy.moml.MoMLSimpleApplication@7f0df968
----------------- Done invoking toplevel() on ptolemy.moml.MoMLSimpleApplication@7f0df968
reloadAllAccessors: .MethodCallTest

===========================================================================================
----------------- testing Mon Oct 15 02:31:09 UTC 2018 /home/travis/build/icyphy/ptII/ptolemy/actor/lib/test/auto/Minimum.xml
----------------- Instantiating /home/travis/build/icyphy/ptII/ptolemy/actor/lib/test/auto/Minimum.xml
3 ms. Memory: 1625088K Free: 869688K (54%)
----------------- Invoking toplevel() on ptolemy.moml.MoMLSimpleApplication@3b11fe8d
----------------- Done invoking toplevel() on ptolemy.moml.MoMLSimpleApplication@3b11fe8d
reloadAllAccessors: .Minimum

===========================================================================================
----------------- testing Mon Oct 15 02:31:09 UTC 2018 /home/travis/build/icyphy/ptII/ptolemy/actor/lib/test/auto/MinimumComplex.xml
----------------- Instantiating /home/travis/build/icyphy/ptII/ptolemy/actor/lib/test/auto/MinimumComplex.xml
2 ms. Memory: 1625088K Free: 854415K (53%)
----------------- Invoking toplevel() on ptolemy.moml.MoMLSimpleApplication@662be34f
----------------- Done invoking toplevel() on ptolemy.moml.MoMLSimpleApplication@662be34f
reloadAllAccessors: .MinimumComplex

===========================================================================================
----------------- testing Mon Oct 15 02:31:09 UTC 2018 /home/travis/build/icyphy/ptII/ptolemy/actor/lib/test/auto/MinimumMultiports.xml
----------------- Instantiating /home/travis/build/icyphy/ptII/ptolemy/actor/lib/test/auto/MinimumMultiports.xml
3 ms. Memory: 1625088K Free: 839142K (52%)
----------------- Invoking toplevel() on ptolemy.moml.MoMLSimpleApplication@1be29fde
----------------- Done invoking toplevel() on ptolemy.moml.MoMLSimpleApplication@1be29fde
reloadAllAccessors: .MinimumMultiports

===========================================================================================
----------------- testing Mon Oct 15 02:31:09 UTC 2018 /home/travis/build/icyphy/ptII/ptolemy/actor/lib/test/auto/ModifyDate.xml
----------------- Instantiating /home/travis/build/icyphy/ptII/ptolemy/actor/lib/test/auto/ModifyDate.xml
5 ms. Memory: 1625088K Free: 816217K (50%)
----------------- Invoking toplevel() on ptolemy.moml.MoMLSimpleApplication@1487a830
----------------- Done invoking toplevel() on ptolemy.moml.MoMLSimpleApplication@1487a830
reloadAllAccessors: .ModifyDate

===========================================================================================
----------------- testing Mon Oct 15 02:31:09 UTC 2018 /home/travis/build/icyphy/ptII/ptolemy/actor/lib/test/auto/ModifyDate2.xml
----------------- Instantiating /home/travis/build/icyphy/ptII/ptolemy/actor/lib/test/auto/ModifyDate2.xml
3 ms. Memory: 1625088K Free: 784342K (48%)
----------------- Invoking toplevel() on ptolemy.moml.MoMLSimpleApplication@77e74a0b
----------------- Done invoking toplevel() on ptolemy.moml.MoMLSimpleApplication@77e74a0b
reloadAllAccessors: .ModifyDate2

===========================================================================================
----------------- testing Mon Oct 15 02:31:09 UTC 2018 /home/travis/build/icyphy/ptII/ptolemy/actor/lib/test/auto/MovingAverage.xml
----------------- Instantiating /home/travis/build/icyphy/ptII/ptolemy/actor/lib/test/auto/MovingAverage.xml
2 ms. Memory: 1625088K Free: 769069K (47%)
----------------- Invoking toplevel() on ptolemy.moml.MoMLSimpleApplication@d9738c2
----------------- Done invoking toplevel() on ptolemy.moml.MoMLSimpleApplication@d9738c2
reloadAllAccessors: .MovingAverage

===========================================================================================
----------------- testing Mon Oct 15 02:31:09 UTC 2018 /home/travis/build/icyphy/ptII/ptolemy/actor/lib/test/auto/MovingMaximum.xml
----------------- Instantiating /home/travis/build/icyphy/ptII/ptolemy/actor/lib/test/auto/MovingMaximum.xml
1 ms. Memory: 1625088K Free: 753796K (46%)
----------------- Invoking toplevel() on ptolemy.moml.MoMLSimpleApplication@366f10b5
----------------- Done invoking toplevel() on ptolemy.moml.MoMLSimpleApplication@366f10b5
reloadAllAccessors: .MovingMaximum

===========================================================================================
----------------- testing Mon Oct 15 02:31:09 UTC 2018 /home/travis/build/icyphy/ptII/ptolemy/actor/lib/test/auto/MultipleLinksToSameRelation.xml
----------------- Instantiating /home/travis/build/icyphy/ptII/ptolemy/actor/lib/test/auto/MultipleLinksToSameRelation.xml
1 ms. Memory: 1625088K Free: 738523K (45%)
----------------- Invoking toplevel() on ptolemy.moml.MoMLSimpleApplication@c0f3e18
----------------- Done invoking toplevel() on ptolemy.moml.MoMLSimpleApplication@c0f3e18
reloadAllAccessors: .MultipleLinksToSameRelation

===========================================================================================
----------------- testing Mon Oct 15 02:31:09 UTC 2018 /home/travis/build/icyphy/ptII/ptolemy/actor/lib/test/auto/MultipleLinksToSameRelationDE.xml
----------------- Instantiating /home/travis/build/icyphy/ptII/ptolemy/actor/lib/test/auto/MultipleLinksToSameRelationDE.xml
2 ms. Memory: 1625088K Free: 714293K (44%)
----------------- Invoking toplevel() on ptolemy.moml.MoMLSimpleApplication@5e5d7d06
----------------- Done invoking toplevel() on ptolemy.moml.MoMLSimpleApplication@5e5d7d06
reloadAllAccessors: .MultipleLinksToSameRelationDE

===========================================================================================
----------------- testing Mon Oct 15 02:31:09 UTC 2018 /home/travis/build/icyphy/ptII/ptolemy/actor/lib/test/auto/Multiplexor.xml
----------------- Instantiating /home/travis/build/icyphy/ptII/ptolemy/actor/lib/test/auto/Multiplexor.xml
2 ms. Memory: 1625088K Free: 699020K (43%)
----------------- Invoking toplevel() on ptolemy.moml.MoMLSimpleApplication@19c5f738
----------------- Done invoking toplevel() on ptolemy.moml.MoMLSimpleApplication@19c5f738
reloadAllAccessors: .Multiplexor

===========================================================================================
----------------- testing Mon Oct 15 02:31:09 UTC 2018 /home/travis/build/icyphy/ptII/ptolemy/actor/lib/test/auto/Multiplexor1.xml
----------------- Instantiating /home/travis/build/icyphy/ptII/ptolemy/actor/lib/test/auto/Multiplexor1.xml
2 ms. Memory: 1625088K Free: 683747K (42%)
----------------- Invoking toplevel() on ptolemy.moml.MoMLSimpleApplication@459157fe
----------------- Done invoking toplevel() on ptolemy.moml.MoMLSimpleApplication@459157fe
reloadAllAccessors: .Multiplexor1

===========================================================================================
----------------- testing Mon Oct 15 02:31:09 UTC 2018 /home/travis/build/icyphy/ptII/ptolemy/actor/lib/test/auto/Multiplexor2.xml
----------------- Instantiating /home/travis/build/icyphy/ptII/ptolemy/actor/lib/test/auto/Multiplexor2.xml
3 ms. Memory: 1625088K Free: 668474K (41%)
----------------- Invoking toplevel() on ptolemy.moml.MoMLSimpleApplication@4e761efd
----------------- Done invoking toplevel() on ptolemy.moml.MoMLSimpleApplication@4e761efd
reloadAllAccessors: .Multiplexor2

===========================================================================================
----------------- testing Mon Oct 15 02:31:09 UTC 2018 /home/travis/build/icyphy/ptII/ptolemy/actor/lib/test/auto/Multiplexor3.xml
----------------- Instantiating /home/travis/build/icyphy/ptII/ptolemy/actor/lib/test/auto/Multiplexor3.xml
2 ms. Memory: 1625088K Free: 644244K (40%)
----------------- Invoking toplevel() on ptolemy.moml.MoMLSimpleApplication@9b1edb1
----------------- Done invoking toplevel() on ptolemy.moml.MoMLSimpleApplication@9b1edb1
reloadAllAccessors: .Multiplexor3

===========================================================================================
----------------- testing Mon Oct 15 02:31:09 UTC 2018 /home/travis/build/icyphy/ptII/ptolemy/actor/lib/test/auto/MultiplexorDE.xml
----------------- Instantiating /home/travis/build/icyphy/ptII/ptolemy/actor/lib/test/auto/MultiplexorDE.xml
3 ms. Memory: 1625088K Free: 628971K (39%)
----------------- Invoking toplevel() on ptolemy.moml.MoMLSimpleApplication@97f84
----------------- Done invoking toplevel() on ptolemy.moml.MoMLSimpleApplication@97f84
reloadAllAccessors: .MultiplexorDE

===========================================================================================
----------------- testing Mon Oct 15 02:31:09 UTC 2018 /home/travis/build/icyphy/ptII/ptolemy/actor/lib/test/auto/MultiportBroadcastTest.xml
----------------- Instantiating /home/travis/build/icyphy/ptII/ptolemy/actor/lib/test/auto/MultiportBroadcastTest.xml
52 ms. Memory: 1625088K Free: 613698K (38%)
----------------- Invoking toplevel() on ptolemy.moml.MoMLSimpleApplication@2b318689
----------------- Done invoking toplevel() on ptolemy.moml.MoMLSimpleApplication@2b318689
reloadAllAccessors: .MultiportBroadcastTest

===========================================================================================
----------------- testing Mon Oct 15 02:31:09 UTC 2018 /home/travis/build/icyphy/ptII/ptolemy/actor/lib/test/auto/MultiportOutHangDuringGetWidth.xml
----------------- Instantiating /home/travis/build/icyphy/ptII/ptolemy/actor/lib/test/auto/MultiportOutHangDuringGetWidth.xml
7 ms. Memory: 1625088K Free: 581824K (36%)
----------------- Invoking toplevel() on ptolemy.moml.MoMLSimpleApplication@797921b0
----------------- Done invoking toplevel() on ptolemy.moml.MoMLSimpleApplication@797921b0
reloadAllAccessors: .MultiportOutHangDuringGetWidth

===========================================================================================
----------------- testing Mon Oct 15 02:31:09 UTC 2018 /home/travis/build/icyphy/ptII/ptolemy/actor/lib/test/auto/NilToken.xml
----------------- Instantiating /home/travis/build/icyphy/ptII/ptolemy/actor/lib/test/auto/NilToken.xml
1 ms. Memory: 1625088K Free: 566551K (35%)
----------------- Invoking toplevel() on ptolemy.moml.MoMLSimpleApplication@704f2082
----------------- Done invoking toplevel() on ptolemy.moml.MoMLSimpleApplication@704f2082
reloadAllAccessors: .NilToken

===========================================================================================
----------------- testing Mon Oct 15 02:31:09 UTC 2018 /home/travis/build/icyphy/ptII/ptolemy/actor/lib/test/auto/NilTokenNonStrictTest.xml
----------------- Instantiating /home/travis/build/icyphy/ptII/ptolemy/actor/lib/test/auto/NilTokenNonStrictTest.xml
1 ms. Memory: 1625088K Free: 551278K (34%)
----------------- Invoking toplevel() on ptolemy.moml.MoMLSimpleApplication@20de13e3
----------------- Done invoking toplevel() on ptolemy.moml.MoMLSimpleApplication@20de13e3
reloadAllAccessors: .NilTokenNonStrictTest

===========================================================================================
----------------- testing Mon Oct 15 02:31:09 UTC 2018 /home/travis/build/icyphy/ptII/ptolemy/actor/lib/test/auto/NilTokenRecord.xml
----------------- Instantiating /home/travis/build/icyphy/ptII/ptolemy/actor/lib/test/auto/NilTokenRecord.xml
4 ms. Memory: 1625088K Free: 536005K (33%)
----------------- Invoking toplevel() on ptolemy.moml.MoMLSimpleApplication@cce22f2
----------------- Done invoking toplevel() on ptolemy.moml.MoMLSimpleApplication@cce22f2
reloadAllAccessors: .NilTokenRecord

===========================================================================================
----------------- testing Mon Oct 15 02:31:09 UTC 2018 /home/travis/build/icyphy/ptII/ptolemy/actor/lib/test/auto/NilTokenTypeTest.xml
----------------- Instantiating /home/travis/build/icyphy/ptII/ptolemy/actor/lib/test/auto/NilTokenTypeTest.xml
13 ms. Memory: 1625088K Free: 504122K (31%)
----------------- Invoking toplevel() on ptolemy.moml.MoMLSimpleApplication@593debc5
----------------- Done invoking toplevel() on ptolemy.moml.MoMLSimpleApplication@593debc5
reloadAllAccessors: .NilTokenTypeTest

===========================================================================================
----------------- testing Mon Oct 15 02:31:09 UTC 2018 /home/travis/build/icyphy/ptII/ptolemy/actor/lib/test/auto/ObjectToken1.xml
----------------- Instantiating /home/travis/build/icyphy/ptII/ptolemy/actor/lib/test/auto/ObjectToken1.xml
1 ms. Memory: 1625088K Free: 488849K (30%)
----------------- Invoking toplevel() on ptolemy.moml.MoMLSimpleApplication@5ee73a6b
----------------- Done invoking toplevel() on ptolemy.moml.MoMLSimpleApplication@5ee73a6b
reloadAllAccessors: .ObjectToken1

===========================================================================================
----------------- testing Mon Oct 15 02:31:09 UTC 2018 /home/travis/build/icyphy/ptII/ptolemy/actor/lib/test/auto/OrderedMerge.xml
----------------- Instantiating /home/travis/build/icyphy/ptII/ptolemy/actor/lib/test/auto/OrderedMerge.xml
12 ms. Memory: 1625088K Free: 443030K (27%)
----------------- Invoking toplevel() on ptolemy.moml.MoMLSimpleApplication@1d45f2d0
----------------- Done invoking toplevel() on ptolemy.moml.MoMLSimpleApplication@1d45f2d0
reloadAllAccessors: .OrderedMerge

===========================================================================================
----------------- testing Mon Oct 15 02:31:09 UTC 2018 /home/travis/build/icyphy/ptII/ptolemy/actor/lib/test/auto/OrderedRecordDisassembler.xml
----------------- Instantiating /home/travis/build/icyphy/ptII/ptolemy/actor/lib/test/auto/OrderedRecordDisassembler.xml
3 ms. Memory: 1625088K Free: 427757K (26%)
----------------- Invoking toplevel() on ptolemy.moml.MoMLSimpleApplication@554d9dc5
----------------- Done invoking toplevel() on ptolemy.moml.MoMLSimpleApplication@554d9dc5
reloadAllAccessors: .OrderedRecordDisassembler

===========================================================================================
----------------- testing Mon Oct 15 02:31:09 UTC 2018 /home/travis/build/icyphy/ptII/ptolemy/actor/lib/test/auto/OrderedRecordDisassembler2.xml
----------------- Instantiating /home/travis/build/icyphy/ptII/ptolemy/actor/lib/test/auto/OrderedRecordDisassembler2.xml
3 ms. Memory: 1625088K Free: 403527K (25%)
----------------- Invoking toplevel() on ptolemy.moml.MoMLSimpleApplication@5290489f
----------------- Done invoking toplevel() on ptolemy.moml.MoMLSimpleApplication@5290489f
reloadAllAccessors: .OrderedRecordDisassembler2

===========================================================================================
----------------- testing Mon Oct 15 02:31:09 UTC 2018 /home/travis/build/icyphy/ptII/ptolemy/actor/lib/test/auto/OrderedRecordUpdater.xml
----------------- Instantiating /home/travis/build/icyphy/ptII/ptolemy/actor/lib/test/auto/OrderedRecordUpdater.xml
2 ms. Memory: 1625088K Free: 388254K (24%)
----------------- Invoking toplevel() on ptolemy.moml.MoMLSimpleApplication@1a30611c
----------------- Done invoking toplevel() on ptolemy.moml.MoMLSimpleApplication@1a30611c
reloadAllAccessors: .RecordUpdater

===========================================================================================
----------------- testing Mon Oct 15 02:31:09 UTC 2018 /home/travis/build/icyphy/ptII/ptolemy/actor/lib/test/auto/OrderedRecordUpdater2.xml
----------------- Instantiating /home/travis/build/icyphy/ptII/ptolemy/actor/lib/test/auto/OrderedRecordUpdater2.xml
2 ms. Memory: 1625088K Free: 372981K (23%)
----------------- Invoking toplevel() on ptolemy.moml.MoMLSimpleApplication@241f1e39
----------------- Done invoking toplevel() on ptolemy.moml.MoMLSimpleApplication@241f1e39
reloadAllAccessors: .RecordUpdater2

===========================================================================================
----------------- testing Mon Oct 15 02:31:09 UTC 2018 /home/travis/build/icyphy/ptII/ptolemy/actor/lib/test/auto/PhaseUnwrap.xml
----------------- Instantiating /home/travis/build/icyphy/ptII/ptolemy/actor/lib/test/auto/PhaseUnwrap.xml
1 ms. Memory: 1625088K Free: 357708K (22%)
----------------- Invoking toplevel() on ptolemy.moml.MoMLSimpleApplication@363ab345
----------------- Done invoking toplevel() on ptolemy.moml.MoMLSimpleApplication@363ab345
reloadAllAccessors: .PhaseUnwrap

===========================================================================================
----------------- testing Mon Oct 15 02:31:09 UTC 2018 /home/travis/build/icyphy/ptII/ptolemy/actor/lib/test/auto/PoissonClock.xml
----------------- Instantiating /home/travis/build/icyphy/ptII/ptolemy/actor/lib/test/auto/PoissonClock.xml
1 ms. Memory: 1625088K Free: 333478K (21%)
----------------- Invoking toplevel() on ptolemy.moml.MoMLSimpleApplication@3e25a9fa
----------------- Done invoking toplevel() on ptolemy.moml.MoMLSimpleApplication@3e25a9fa
reloadAllAccessors: .PoissonClock

===========================================================================================
----------------- testing Mon Oct 15 02:31:09 UTC 2018 /home/travis/build/icyphy/ptII/ptolemy/actor/lib/test/auto/PoissonClock2.xml
----------------- Instantiating /home/travis/build/icyphy/ptII/ptolemy/actor/lib/test/auto/PoissonClock2.xml
1 ms. Memory: 1625088K Free: 318205K (20%)
----------------- Invoking toplevel() on ptolemy.moml.MoMLSimpleApplication@58e3987e
----------------- Done invoking toplevel() on ptolemy.moml.MoMLSimpleApplication@58e3987e
reloadAllAccessors: .PoissonClock2

===========================================================================================
----------------- testing Mon Oct 15 02:31:09 UTC 2018 /home/travis/build/icyphy/ptII/ptolemy/actor/lib/test/auto/PoissonClock3.xml
----------------- Instantiating /home/travis/build/icyphy/ptII/ptolemy/actor/lib/test/auto/PoissonClock3.xml
1 ms. Memory: 1625088K Free: 302932K (19%)
----------------- Invoking toplevel() on ptolemy.moml.MoMLSimpleApplication@3b16475e
----------------- Done invoking toplevel() on ptolemy.moml.MoMLSimpleApplication@3b16475e
reloadAllAccessors: .PoissonClock3

===========================================================================================
----------------- testing Mon Oct 15 02:31:09 UTC 2018 /home/travis/build/icyphy/ptII/ptolemy/actor/lib/test/auto/PubSubWithInitialTokens.xml
----------------- Instantiating /home/travis/build/icyphy/ptII/ptolemy/actor/lib/test/auto/PubSubWithInitialTokens.xml
3 ms. Memory: 1625088K Free: 278702K (17%)
----------------- Invoking toplevel() on ptolemy.moml.MoMLSimpleApplication@2b81ad69
----------------- Done invoking toplevel() on ptolemy.moml.MoMLSimpleApplication@2b81ad69
reloadAllAccessors: .PubSubWithInitialTokens

===========================================================================================
----------------- testing Mon Oct 15 02:31:09 UTC 2018 /home/travis/build/icyphy/ptII/ptolemy/actor/lib/test/auto/PubSubWithInitialTokens2.xml
----------------- Instantiating /home/travis/build/icyphy/ptII/ptolemy/actor/lib/test/auto/PubSubWithInitialTokens2.xml
3 ms. Memory: 1625088K Free: 263429K (16%)
----------------- Invoking toplevel() on ptolemy.moml.MoMLSimpleApplication@40d768ad
----------------- Done invoking toplevel() on ptolemy.moml.MoMLSimpleApplication@40d768ad
reloadAllAccessors: .PubSubWithInitialTokens2

===========================================================================================
----------------- testing Mon Oct 15 02:31:09 UTC 2018 /home/travis/build/icyphy/ptII/ptolemy/actor/lib/test/auto/PublisherClassNoParameter.xml
----------------- Instantiating /home/travis/build/icyphy/ptII/ptolemy/actor/lib/test/auto/PublisherClassNoParameter.xml
2 ms. Memory: 1625088K Free: 240512K (15%)
----------------- Invoking toplevel() on ptolemy.moml.MoMLSimpleApplication@18f710d1
----------------- Done invoking toplevel() on ptolemy.moml.MoMLSimpleApplication@18f710d1
reloadAllAccessors: .PublisherClassNoParameter

===========================================================================================
----------------- testing Mon Oct 15 02:31:09 UTC 2018 /home/travis/build/icyphy/ptII/ptolemy/actor/lib/test/auto/PublisherClassParameter.xml
----------------- Instantiating /home/travis/build/icyphy/ptII/ptolemy/actor/lib/test/auto/PublisherClassParameter.xml
2 ms. Memory: 1625088K Free: 217602K (13%)
----------------- Invoking toplevel() on ptolemy.moml.MoMLSimpleApplication@d93f83b
----------------- Done invoking toplevel() on ptolemy.moml.MoMLSimpleApplication@d93f83b
reloadAllAccessors: .PublisherClassParameter

===========================================================================================
----------------- testing Mon Oct 15 02:31:09 UTC 2018 /home/travis/build/icyphy/ptII/ptolemy/actor/lib/test/auto/PublisherNonStrictTest.xml
----------------- Instantiating /home/travis/build/icyphy/ptII/ptolemy/actor/lib/test/auto/PublisherNonStrictTest.xml
3 ms. Memory: 1625088K Free: 193372K (12%)
----------------- Invoking toplevel() on ptolemy.moml.MoMLSimpleApplication@5dbdb1c8
----------------- Done invoking toplevel() on ptolemy.moml.MoMLSimpleApplication@5dbdb1c8
reloadAllAccessors: .PublisherNonStrictTest

===========================================================================================
----------------- testing Mon Oct 15 02:31:09 UTC 2018 /home/travis/build/icyphy/ptII/ptolemy/actor/lib/test/auto/PublisherPort1.xml
----------------- Instantiating /home/travis/build/icyphy/ptII/ptolemy/actor/lib/test/auto/PublisherPort1.xml
3 ms. Memory: 1625088K Free: 178099K (11%)
----------------- Invoking toplevel() on ptolemy.moml.MoMLSimpleApplication@1de55530
----------------- Done invoking toplevel() on ptolemy.moml.MoMLSimpleApplication@1de55530
reloadAllAccessors: .PublisherPort1

===========================================================================================
----------------- testing Mon Oct 15 02:31:09 UTC 2018 /home/travis/build/icyphy/ptII/ptolemy/actor/lib/test/auto/PublisherPort2.xml
----------------- Instantiating /home/travis/build/icyphy/ptII/ptolemy/actor/lib/test/auto/PublisherPort2.xml
2 ms. Memory: 1625088K Free: 162826K (10%)
----------------- Invoking toplevel() on ptolemy.moml.MoMLSimpleApplication@47141d50
----------------- Done invoking toplevel() on ptolemy.moml.MoMLSimpleApplication@47141d50
reloadAllAccessors: .PublisherPort2

===========================================================================================
----------------- testing Mon Oct 15 02:31:09 UTC 2018 /home/travis/build/icyphy/ptII/ptolemy/actor/lib/test/auto/PublisherPort3.xml
----------------- Instantiating /home/travis/build/icyphy/ptII/ptolemy/actor/lib/test/auto/PublisherPort3.xml
4 ms. Memory: 1625088K Free: 147553K (9%)
----------------- Invoking toplevel() on ptolemy.moml.MoMLSimpleApplication@ad72eab
----------------- Done invoking toplevel() on ptolemy.moml.MoMLSimpleApplication@ad72eab
reloadAllAccessors: .PublisherPort3

===========================================================================================
----------------- testing Mon Oct 15 02:31:10 UTC 2018 /home/travis/build/icyphy/ptII/ptolemy/actor/lib/test/auto/PublisherPort4.xml
----------------- Instantiating /home/travis/build/icyphy/ptII/ptolemy/actor/lib/test/auto/PublisherPort4.xml
3 ms. Memory: 1625088K Free: 123323K (8%)
----------------- Invoking toplevel() on ptolemy.moml.MoMLSimpleApplication@57981ad
----------------- Done invoking toplevel() on ptolemy.moml.MoMLSimpleApplication@57981ad
reloadAllAccessors: .PublisherPort4

===========================================================================================
----------------- testing Mon Oct 15 02:31:10 UTC 2018 /home/travis/build/icyphy/ptII/ptolemy/actor/lib/test/auto/PublisherPort5.xml
----------------- Instantiating /home/travis/build/icyphy/ptII/ptolemy/actor/lib/test/auto/PublisherPort5.xml
3 ms. Memory: 1625088K Free: 108050K (7%)
----------------- Invoking toplevel() on ptolemy.moml.MoMLSimpleApplication@c12f87d
----------------- Done invoking toplevel() on ptolemy.moml.MoMLSimpleApplication@c12f87d
reloadAllAccessors: .PublisherPort5

===========================================================================================
----------------- testing Mon Oct 15 02:31:10 UTC 2018 /home/travis/build/icyphy/ptII/ptolemy/actor/lib/test/auto/PublisherPort5LookAlike.xml
----------------- Instantiating /home/travis/build/icyphy/ptII/ptolemy/actor/lib/test/auto/PublisherPort5LookAlike.xml
4 ms. Memory: 1625088K Free: 92777K (6%)
----------------- Invoking toplevel() on ptolemy.moml.MoMLSimpleApplication@59faaf28
----------------- Done invoking toplevel() on ptolemy.moml.MoMLSimpleApplication@59faaf28
reloadAllAccessors: .PublisherPort5LookAlike

===========================================================================================
----------------- testing Mon Oct 15 02:31:10 UTC 2018 /home/travis/build/icyphy/ptII/ptolemy/actor/lib/test/auto/PublisherPort6.xml
----------------- Instantiating /home/travis/build/icyphy/ptII/ptolemy/actor/lib/test/auto/PublisherPort6.xml
3 ms. Memory: 1625088K Free: 77504K (5%)
----------------- Invoking toplevel() on ptolemy.moml.MoMLSimpleApplication@1fed1f6a
----------------- Done invoking toplevel() on ptolemy.moml.MoMLSimpleApplication@1fed1f6a
reloadAllAccessors: .PublisherPort6

===========================================================================================
----------------- testing Mon Oct 15 02:31:10 UTC 2018 /home/travis/build/icyphy/ptII/ptolemy/actor/lib/test/auto/PublisherPort7.xml
----------------- Instantiating /home/travis/build/icyphy/ptII/ptolemy/actor/lib/test/auto/PublisherPort7.xml
9 ms. Memory: 1763840K Free: 1720970K (98%)
----------------- Invoking toplevel() on ptolemy.moml.MoMLSimpleApplication@7c4f212a
----------------- Done invoking toplevel() on ptolemy.moml.MoMLSimpleApplication@7c4f212a
reloadAllAccessors: .PublisherPort7

===========================================================================================
----------------- testing Mon Oct 15 02:31:10 UTC 2018 /home/travis/build/icyphy/ptII/ptolemy/actor/lib/test/auto/PublisherPort8.xml
----------------- Instantiating /home/travis/build/icyphy/ptII/ptolemy/actor/lib/test/auto/PublisherPort8.xml
4 ms. Memory: 1763840K Free: 1692671K (96%)
----------------- Invoking toplevel() on ptolemy.moml.MoMLSimpleApplication@2ae5e029
----------------- Done invoking toplevel() on ptolemy.moml.MoMLSimpleApplication@2ae5e029
reloadAllAccessors: .PublisherPort8

===========================================================================================
----------------- testing Mon Oct 15 02:31:10 UTC 2018 /home/travis/build/icyphy/ptII/ptolemy/actor/lib/test/auto/PublisherPortSubscriberChannelVariablesAOC2.xml
----------------- Instantiating /home/travis/build/icyphy/ptII/ptolemy/actor/lib/test/auto/PublisherPortSubscriberChannelVariablesAOC2.xml
2 ms. Memory: 1763840K Free: 1667956K (95%)
----------------- Invoking toplevel() on ptolemy.moml.MoMLSimpleApplication@978e22e
----------------- Done invoking toplevel() on ptolemy.moml.MoMLSimpleApplication@978e22e
reloadAllAccessors: .PublisherPortSubscriberChannelVariablesAOC2

===========================================================================================
----------------- testing Mon Oct 15 02:31:10 UTC 2018 /home/travis/build/icyphy/ptII/ptolemy/actor/lib/test/auto/PublisherPortSubscriberOpaqueWidthInference.xml
----------------- Instantiating /home/travis/build/icyphy/ptII/ptolemy/actor/lib/test/auto/PublisherPortSubscriberOpaqueWidthInference.xml
3 ms. Memory: 1763840K Free: 1651485K (94%)
----------------- Invoking toplevel() on ptolemy.moml.MoMLSimpleApplication@28171cf
----------------- Done invoking toplevel() on ptolemy.moml.MoMLSimpleApplication@28171cf
reloadAllAccessors: .PublisherPortSubscriberOpaqueWidthInference

===========================================================================================
----------------- testing Mon Oct 15 02:31:10 UTC 2018 /home/travis/build/icyphy/ptII/ptolemy/actor/lib/test/auto/PublisherPortSubscriberPortAdjacent.xml
----------------- Instantiating /home/travis/build/icyphy/ptII/ptolemy/actor/lib/test/auto/PublisherPortSubscriberPortAdjacent.xml
2 ms. Memory: 1763840K Free: 1627304K (92%)
----------------- Invoking toplevel() on ptolemy.moml.MoMLSimpleApplication@2389a4f8
----------------- Done invoking toplevel() on ptolemy.moml.MoMLSimpleApplication@2389a4f8
reloadAllAccessors: .PublisherPortSubscriberPortAdjacent

===========================================================================================
----------------- testing Mon Oct 15 02:31:10 UTC 2018 /home/travis/build/icyphy/ptII/ptolemy/actor/lib/test/auto/PublisherPortSubscriberPortExpression.xml
----------------- Instantiating /home/travis/build/icyphy/ptII/ptolemy/actor/lib/test/auto/PublisherPortSubscriberPortExpression.xml
3 ms. Memory: 1763840K Free: 1610833K (91%)
----------------- Invoking toplevel() on ptolemy.moml.MoMLSimpleApplication@37806e0e
----------------- Done invoking toplevel() on ptolemy.moml.MoMLSimpleApplication@37806e0e
reloadAllAccessors: .PublisherPortSubscriberPortExpression

===========================================================================================
----------------- testing Mon Oct 15 02:31:10 UTC 2018 /home/travis/build/icyphy/ptII/ptolemy/actor/lib/test/auto/PublisherPortSubscriberPortOpaqueD3Reverse.xml
----------------- Instantiating /home/travis/build/icyphy/ptII/ptolemy/actor/lib/test/auto/PublisherPortSubscriberPortOpaqueD3Reverse.xml
5 ms. Memory: 1763840K Free: 1594361K (90%)
----------------- Invoking toplevel() on ptolemy.moml.MoMLSimpleApplication@1a6e4d30
----------------- Done invoking toplevel() on ptolemy.moml.MoMLSimpleApplication@1a6e4d30
reloadAllAccessors: .PublisherPortSubscriberPortOpaqueD3Reverse

===========================================================================================
----------------- testing Mon Oct 15 02:31:10 UTC 2018 /home/travis/build/icyphy/ptII/ptolemy/actor/lib/test/auto/PublisherPortSubscriberPortOpaqueWidthInference.xml
----------------- Instantiating /home/travis/build/icyphy/ptII/ptolemy/actor/lib/test/auto/PublisherPortSubscriberPortOpaqueWidthInference.xml
3 ms. Memory: 1763840K Free: 1570180K (89%)
----------------- Invoking toplevel() on ptolemy.moml.MoMLSimpleApplication@61e88b80
----------------- Done invoking toplevel() on ptolemy.moml.MoMLSimpleApplication@61e88b80
reloadAllAccessors: .PublisherPortSubscriberPortOpaqueWidthInference

===========================================================================================
----------------- testing Mon Oct 15 02:31:10 UTC 2018 /home/travis/build/icyphy/ptII/ptolemy/actor/lib/test/auto/PublisherPortToplevelSubscriberPortAOC.xml
----------------- Instantiating /home/travis/build/icyphy/ptII/ptolemy/actor/lib/test/auto/PublisherPortToplevelSubscriberPortAOC.xml
.PublisherPortToplevelSubscriberPortAOC.TestExceptionAttribute: initialize() was not invoked, but wrapup() was.  This is unusual, but not always a problem.  For example, exporting JNLP will do this.
0 ms. Memory: 1763840K Free: 1553709K (88%)
----------------- Invoking toplevel() on ptolemy.moml.MoMLSimpleApplication@6e288420
----------------- Done invoking toplevel() on ptolemy.moml.MoMLSimpleApplication@6e288420
reloadAllAccessors: .PublisherPortToplevelSubscriberPortAOC

===========================================================================================
----------------- testing Mon Oct 15 02:31:10 UTC 2018 /home/travis/build/icyphy/ptII/ptolemy/actor/lib/test/auto/PublisherSubscriber.xml
----------------- Instantiating /home/travis/build/icyphy/ptII/ptolemy/actor/lib/test/auto/PublisherSubscriber.xml
3 ms. Memory: 1763840K Free: 1537238K (87%)
----------------- Invoking toplevel() on ptolemy.moml.MoMLSimpleApplication@2dc97db2
----------------- Done invoking toplevel() on ptolemy.moml.MoMLSimpleApplication@2dc97db2
reloadAllAccessors: .PublisherSubscriber

===========================================================================================
----------------- testing Mon Oct 15 02:31:10 UTC 2018 /home/travis/build/icyphy/ptII/ptolemy/actor/lib/test/auto/PublisherSubscriber10.xml
----------------- Instantiating /home/travis/build/icyphy/ptII/ptolemy/actor/lib/test/auto/PublisherSubscriber10.xml
4 ms. Memory: 1763840K Free: 1513057K (86%)
----------------- Invoking toplevel() on ptolemy.moml.MoMLSimpleApplication@2d634d58
----------------- Done invoking toplevel() on ptolemy.moml.MoMLSimpleApplication@2d634d58
reloadAllAccessors: .PublisherSubscriber10

===========================================================================================
----------------- testing Mon Oct 15 02:31:10 UTC 2018 /home/travis/build/icyphy/ptII/ptolemy/actor/lib/test/auto/PublisherSubscriber10InitialOutputs.xml
----------------- Instantiating /home/travis/build/icyphy/ptII/ptolemy/actor/lib/test/auto/PublisherSubscriber10InitialOutputs.xml
4 ms. Memory: 1763840K Free: 1496586K (85%)
----------------- Invoking toplevel() on ptolemy.moml.MoMLSimpleApplication@4c580310
----------------- Done invoking toplevel() on ptolemy.moml.MoMLSimpleApplication@4c580310
reloadAllAccessors: .PublisherSubscriber10InitialOutputs

===========================================================================================
----------------- testing Mon Oct 15 02:31:10 UTC 2018 /home/travis/build/icyphy/ptII/ptolemy/actor/lib/test/auto/PublisherSubscriber11.xml
----------------- Instantiating /home/travis/build/icyphy/ptII/ptolemy/actor/lib/test/auto/PublisherSubscriber11.xml
2 ms. Memory: 1763840K Free: 1480115K (84%)
----------------- Invoking toplevel() on ptolemy.moml.MoMLSimpleApplication@75e3a0c8
----------------- Done invoking toplevel() on ptolemy.moml.MoMLSimpleApplication@75e3a0c8
reloadAllAccessors: .PublisherSubscriber11

===========================================================================================
----------------- testing Mon Oct 15 02:31:10 UTC 2018 /home/travis/build/icyphy/ptII/ptolemy/actor/lib/test/auto/PublisherSubscriber12.xml
----------------- Instantiating /home/travis/build/icyphy/ptII/ptolemy/actor/lib/test/auto/PublisherSubscriber12.xml
2 ms. Memory: 1763840K Free: 1455933K (83%)
----------------- Invoking toplevel() on ptolemy.moml.MoMLSimpleApplication@428e7194
----------------- Done invoking toplevel() on ptolemy.moml.MoMLSimpleApplication@428e7194
reloadAllAccessors: .PublisherSubscriber12

===========================================================================================
----------------- testing Mon Oct 15 02:31:10 UTC 2018 /home/travis/build/icyphy/ptII/ptolemy/actor/lib/test/auto/PublisherSubscriber13.xml
----------------- Instantiating /home/travis/build/icyphy/ptII/ptolemy/actor/lib/test/auto/PublisherSubscriber13.xml
2 ms. Memory: 1763840K Free: 1439462K (82%)
----------------- Invoking toplevel() on ptolemy.moml.MoMLSimpleApplication@29a9f267
----------------- Done invoking toplevel() on ptolemy.moml.MoMLSimpleApplication@29a9f267
reloadAllAccessors: .PublisherSubscriber13

===========================================================================================
----------------- testing Mon Oct 15 02:31:10 UTC 2018 /home/travis/build/icyphy/ptII/ptolemy/actor/lib/test/auto/PublisherSubscriber14.xml
----------------- Instantiating /home/travis/build/icyphy/ptII/ptolemy/actor/lib/test/auto/PublisherSubscriber14.xml
2 ms. Memory: 1763840K Free: 1422991K (81%)
----------------- Invoking toplevel() on ptolemy.moml.MoMLSimpleApplication@7b713745
----------------- Done invoking toplevel() on ptolemy.moml.MoMLSimpleApplication@7b713745
reloadAllAccessors: .PublisherSubscriber14

===========================================================================================
----------------- testing Mon Oct 15 02:31:10 UTC 2018 /home/travis/build/icyphy/ptII/ptolemy/actor/lib/test/auto/PublisherSubscriber2.xml
----------------- Instantiating /home/travis/build/icyphy/ptII/ptolemy/actor/lib/test/auto/PublisherSubscriber2.xml
2 ms. Memory: 1763840K Free: 1398810K (79%)
----------------- Invoking toplevel() on ptolemy.moml.MoMLSimpleApplication@1c0ce667
----------------- Done invoking toplevel() on ptolemy.moml.MoMLSimpleApplication@1c0ce667
reloadAllAccessors: .PublisherSubscriber2

===========================================================================================
----------------- testing Mon Oct 15 02:31:10 UTC 2018 /home/travis/build/icyphy/ptII/ptolemy/actor/lib/test/auto/PublisherSubscriber3.xml
----------------- Instantiating /home/travis/build/icyphy/ptII/ptolemy/actor/lib/test/auto/PublisherSubscriber3.xml
2 ms. Memory: 1763840K Free: 1382195K (78%)
----------------- Invoking toplevel() on ptolemy.moml.MoMLSimpleApplication@54138b8d
----------------- Done invoking toplevel() on ptolemy.moml.MoMLSimpleApplication@54138b8d
reloadAllAccessors: .PublisherSubscriber3

===========================================================================================
----------------- testing Mon Oct 15 02:31:10 UTC 2018 /home/travis/build/icyphy/ptII/ptolemy/actor/lib/test/auto/PublisherSubscriber4.xml
----------------- Instantiating /home/travis/build/icyphy/ptII/ptolemy/actor/lib/test/auto/PublisherSubscriber4.xml
1 ms. Memory: 1763840K Free: 1365724K (77%)
----------------- Invoking toplevel() on ptolemy.moml.MoMLSimpleApplication@4bf50e48
----------------- Done invoking toplevel() on ptolemy.moml.MoMLSimpleApplication@4bf50e48
reloadAllAccessors: .PublisherSubscriber4

===========================================================================================
----------------- testing Mon Oct 15 02:31:10 UTC 2018 /home/travis/build/icyphy/ptII/ptolemy/actor/lib/test/auto/PublisherSubscriber5.xml
----------------- Instantiating /home/travis/build/icyphy/ptII/ptolemy/actor/lib/test/auto/PublisherSubscriber5.xml
2 ms. Memory: 1763840K Free: 1349253K (76%)
----------------- Invoking toplevel() on ptolemy.moml.MoMLSimpleApplication@1221cd8a
----------------- Done invoking toplevel() on ptolemy.moml.MoMLSimpleApplication@1221cd8a
reloadAllAccessors: .PublisherSubscriber5

===========================================================================================
----------------- testing Mon Oct 15 02:31:10 UTC 2018 /home/travis/build/icyphy/ptII/ptolemy/actor/lib/test/auto/PublisherSubscriber6.xml
----------------- Instantiating /home/travis/build/icyphy/ptII/ptolemy/actor/lib/test/auto/PublisherSubscriber6.xml
2 ms. Memory: 1763840K Free: 1325071K (75%)
----------------- Invoking toplevel() on ptolemy.moml.MoMLSimpleApplication@ddce697
----------------- Done invoking toplevel() on ptolemy.moml.MoMLSimpleApplication@ddce697
reloadAllAccessors: .PublisherSubscriber6

===========================================================================================
----------------- testing Mon Oct 15 02:31:10 UTC 2018 /home/travis/build/icyphy/ptII/ptolemy/actor/lib/test/auto/PublisherSubscriber7.xml
----------------- Instantiating /home/travis/build/icyphy/ptII/ptolemy/actor/lib/test/auto/PublisherSubscriber7.xml
2 ms. Memory: 1763840K Free: 1308600K (74%)
----------------- Invoking toplevel() on ptolemy.moml.MoMLSimpleApplication@a9c9e80
----------------- Done invoking toplevel() on ptolemy.moml.MoMLSimpleApplication@a9c9e80
reloadAllAccessors: .PublisherSubscriber7

===========================================================================================
----------------- testing Mon Oct 15 02:31:10 UTC 2018 /home/travis/build/icyphy/ptII/ptolemy/actor/lib/test/auto/PublisherSubscriber8.xml
----------------- Instantiating /home/travis/build/icyphy/ptII/ptolemy/actor/lib/test/auto/PublisherSubscriber8.xml
35 ms. Memory: 1763840K Free: 1209774K (69%)
----------------- Invoking toplevel() on ptolemy.moml.MoMLSimpleApplication@4d1215d0
----------------- Done invoking toplevel() on ptolemy.moml.MoMLSimpleApplication@4d1215d0
reloadAllAccessors: .PublisherSubscriber8

===========================================================================================
----------------- testing Mon Oct 15 02:31:10 UTC 2018 /home/travis/build/icyphy/ptII/ptolemy/actor/lib/test/auto/PublisherSubscriber9.xml
----------------- Instantiating /home/travis/build/icyphy/ptII/ptolemy/actor/lib/test/auto/PublisherSubscriber9.xml
2 ms. Memory: 1763840K Free: 1185593K (67%)
----------------- Invoking toplevel() on ptolemy.moml.MoMLSimpleApplication@5158f487
----------------- Done invoking toplevel() on ptolemy.moml.MoMLSimpleApplication@5158f487
reloadAllAccessors: .PublisherSubscriber9

===========================================================================================
----------------- testing Mon Oct 15 02:31:10 UTC 2018 /home/travis/build/icyphy/ptII/ptolemy/actor/lib/test/auto/PublisherSubscriberAdjacent.xml
----------------- Instantiating /home/travis/build/icyphy/ptII/ptolemy/actor/lib/test/auto/PublisherSubscriberAdjacent.xml
2 ms. Memory: 1763840K Free: 1169122K (66%)
----------------- Invoking toplevel() on ptolemy.moml.MoMLSimpleApplication@4739baf7
----------------- Done invoking toplevel() on ptolemy.moml.MoMLSimpleApplication@4739baf7
reloadAllAccessors: .PublisherSubscriberAdjacent

===========================================================================================
----------------- testing Mon Oct 15 02:31:10 UTC 2018 /home/travis/build/icyphy/ptII/ptolemy/actor/lib/test/auto/PublisherSubscriberChannelVariablesAOC2.xml
----------------- Instantiating /home/travis/build/icyphy/ptII/ptolemy/actor/lib/test/auto/PublisherSubscriberChannelVariablesAOC2.xml
3 ms. Memory: 1763840K Free: 1144399K (65%)
----------------- Invoking toplevel() on ptolemy.moml.MoMLSimpleApplication@64a5362
----------------- Done invoking toplevel() on ptolemy.moml.MoMLSimpleApplication@64a5362
reloadAllAccessors: .PublisherSubscriberChannelVariablesAOC2

===========================================================================================
----------------- testing Mon Oct 15 02:31:10 UTC 2018 /home/travis/build/icyphy/ptII/ptolemy/actor/lib/test/auto/PublisherSubscriberD3.xml
----------------- Instantiating /home/travis/build/icyphy/ptII/ptolemy/actor/lib/test/auto/PublisherSubscriberD3.xml
2 ms. Memory: 1763840K Free: 1120217K (64%)
----------------- Invoking toplevel() on ptolemy.moml.MoMLSimpleApplication@79a56013
----------------- Done invoking toplevel() on ptolemy.moml.MoMLSimpleApplication@79a56013
reloadAllAccessors: .PublisherSubscriberD3

===========================================================================================
----------------- testing Mon Oct 15 02:31:10 UTC 2018 /home/travis/build/icyphy/ptII/ptolemy/actor/lib/test/auto/PublisherSubscriberD3Reverse.xml
----------------- Instantiating /home/travis/build/icyphy/ptII/ptolemy/actor/lib/test/auto/PublisherSubscriberD3Reverse.xml
1 ms. Memory: 1763840K Free: 1103746K (63%)
----------------- Invoking toplevel() on ptolemy.moml.MoMLSimpleApplication@357994ad
----------------- Done invoking toplevel() on ptolemy.moml.MoMLSimpleApplication@357994ad
reloadAllAccessors: .PublisherSubscriberD3Reverse

===========================================================================================
----------------- testing Mon Oct 15 02:31:10 UTC 2018 /home/travis/build/icyphy/ptII/ptolemy/actor/lib/test/auto/PublisherSubscriberExpression.xml
----------------- Instantiating /home/travis/build/icyphy/ptII/ptolemy/actor/lib/test/auto/PublisherSubscriberExpression.xml
3 ms. Memory: 1763840K Free: 1087275K (62%)
----------------- Invoking toplevel() on ptolemy.moml.MoMLSimpleApplication@40220cda
----------------- Done invoking toplevel() on ptolemy.moml.MoMLSimpleApplication@40220cda
reloadAllAccessors: .PublisherSubscriberExpression

===========================================================================================
----------------- testing Mon Oct 15 02:31:10 UTC 2018 /home/travis/build/icyphy/ptII/ptolemy/actor/lib/test/auto/PublisherSubscriberOpaque.xml
----------------- Instantiating /home/travis/build/icyphy/ptII/ptolemy/actor/lib/test/auto/PublisherSubscriberOpaque.xml
3 ms. Memory: 1763840K Free: 1063094K (60%)
----------------- Invoking toplevel() on ptolemy.moml.MoMLSimpleApplication@15df63df
----------------- Done invoking toplevel() on ptolemy.moml.MoMLSimpleApplication@15df63df
reloadAllAccessors: .PublisherSubscriberOpaque

===========================================================================================
----------------- testing Mon Oct 15 02:31:10 UTC 2018 /home/travis/build/icyphy/ptII/ptolemy/actor/lib/test/auto/PublisherSubscriberOpaqueD3.xml
----------------- Instantiating /home/travis/build/icyphy/ptII/ptolemy/actor/lib/test/auto/PublisherSubscriberOpaqueD3.xml
4 ms. Memory: 1763840K Free: 1046623K (59%)
----------------- Invoking toplevel() on ptolemy.moml.MoMLSimpleApplication@8118db0
----------------- Done invoking toplevel() on ptolemy.moml.MoMLSimpleApplication@8118db0
reloadAllAccessors: .PublisherSubscriberOpaqueD3

===========================================================================================
----------------- testing Mon Oct 15 02:31:10 UTC 2018 /home/travis/build/icyphy/ptII/ptolemy/actor/lib/test/auto/PublisherSubscriberOpaqueD3Reverse.xml
----------------- Instantiating /home/travis/build/icyphy/ptII/ptolemy/actor/lib/test/auto/PublisherSubscriberOpaqueD3Reverse.xml
8 ms. Memory: 1763840K Free: 1030152K (58%)
----------------- Invoking toplevel() on ptolemy.moml.MoMLSimpleApplication@5a586457
----------------- Done invoking toplevel() on ptolemy.moml.MoMLSimpleApplication@5a586457
reloadAllAccessors: .PublisherSubscriberOpaqueD3Reverse

===========================================================================================
----------------- testing Mon Oct 15 02:31:10 UTC 2018 /home/travis/build/icyphy/ptII/ptolemy/actor/lib/test/auto/PublisherSubscriberOpaqueWidthInference.xml
----------------- Instantiating /home/travis/build/icyphy/ptII/ptolemy/actor/lib/test/auto/PublisherSubscriberOpaqueWidthInference.xml
5 ms. Memory: 1763840K Free: 1005971K (57%)
----------------- Invoking toplevel() on ptolemy.moml.MoMLSimpleApplication@1a28c9a7
----------------- Done invoking toplevel() on ptolemy.moml.MoMLSimpleApplication@1a28c9a7
reloadAllAccessors: .PublisherSubscriberOpaqueWidthInference

===========================================================================================
----------------- testing Mon Oct 15 02:31:10 UTC 2018 /home/travis/build/icyphy/ptII/ptolemy/actor/lib/test/auto/PublisherTestSubscriber.xml
----------------- Instantiating /home/travis/build/icyphy/ptII/ptolemy/actor/lib/test/auto/PublisherTestSubscriber.xml
2 ms. Memory: 1763840K Free: 989500K (56%)
----------------- Invoking toplevel() on ptolemy.moml.MoMLSimpleApplication@3fffdb4e
----------------- Done invoking toplevel() on ptolemy.moml.MoMLSimpleApplication@3fffdb4e
reloadAllAccessors: .PublisherTestSubscriber

===========================================================================================
----------------- testing Mon Oct 15 02:31:10 UTC 2018 /home/travis/build/icyphy/ptII/ptolemy/actor/lib/test/auto/PublisherToplevelSubscriberPortAOC.xml
----------------- Instantiating /home/travis/build/icyphy/ptII/ptolemy/actor/lib/test/auto/PublisherToplevelSubscriberPortAOC.xml
1 ms. Memory: 1763840K Free: 973029K (55%)
----------------- Invoking toplevel() on ptolemy.moml.MoMLSimpleApplication@246b469a
----------------- Done invoking toplevel() on ptolemy.moml.MoMLSimpleApplication@246b469a
reloadAllAccessors: .PublisherToplevelSubscriberPortAOC

===========================================================================================
----------------- testing Mon Oct 15 02:31:10 UTC 2018 /home/travis/build/icyphy/ptII/ptolemy/actor/lib/test/auto/PulseFiringLimitDE.xml
----------------- Instantiating /home/travis/build/icyphy/ptII/ptolemy/actor/lib/test/auto/PulseFiringLimitDE.xml
2 ms. Memory: 1763840K Free: 948847K (54%)
----------------- Invoking toplevel() on ptolemy.moml.MoMLSimpleApplication@74fd0089
----------------- Done invoking toplevel() on ptolemy.moml.MoMLSimpleApplication@74fd0089
reloadAllAccessors: .PulseFiringLimitDE

===========================================================================================
----------------- testing Mon Oct 15 02:31:10 UTC 2018 /home/travis/build/icyphy/ptII/ptolemy/actor/lib/test/auto/Ramp1.xml
----------------- Instantiating /home/travis/build/icyphy/ptII/ptolemy/actor/lib/test/auto/Ramp1.xml
1 ms. Memory: 1763840K Free: 932376K (53%)
----------------- Invoking toplevel() on ptolemy.moml.MoMLSimpleApplication@1c229862
----------------- Done invoking toplevel() on ptolemy.moml.MoMLSimpleApplication@1c229862
reloadAllAccessors: .Ramp1

===========================================================================================
----------------- testing Mon Oct 15 02:31:10 UTC 2018 /home/travis/build/icyphy/ptII/ptolemy/actor/lib/test/auto/RampFiringLimitDE.xml
----------------- Instantiating /home/travis/build/icyphy/ptII/ptolemy/actor/lib/test/auto/RampFiringLimitDE.xml
3 ms. Memory: 1763840K Free: 915905K (52%)
----------------- Invoking toplevel() on ptolemy.moml.MoMLSimpleApplication@5d7641dc
----------------- Done invoking toplevel() on ptolemy.moml.MoMLSimpleApplication@5d7641dc
reloadAllAccessors: .RampFiringLimitDE

===========================================================================================
----------------- testing Mon Oct 15 02:31:10 UTC 2018 /home/travis/build/icyphy/ptII/ptolemy/actor/lib/test/auto/RampFiringLimitSDF.xml
----------------- Instantiating /home/travis/build/icyphy/ptII/ptolemy/actor/lib/test/auto/RampFiringLimitSDF.xml
2 ms. Memory: 1763840K Free: 899434K (51%)
----------------- Invoking toplevel() on ptolemy.moml.MoMLSimpleApplication@611b9f7e
----------------- Done invoking toplevel() on ptolemy.moml.MoMLSimpleApplication@611b9f7e
reloadAllAccessors: .RampFiringLimitSDF

===========================================================================================
----------------- testing Mon Oct 15 02:31:10 UTC 2018 /home/travis/build/icyphy/ptII/ptolemy/actor/lib/test/auto/RandomInteger.xml
----------------- Instantiating /home/travis/build/icyphy/ptII/ptolemy/actor/lib/test/auto/RandomInteger.xml
1 ms. Memory: 1763840K Free: 875253K (50%)
----------------- Invoking toplevel() on ptolemy.moml.MoMLSimpleApplication@7a00ae81
----------------- Done invoking toplevel() on ptolemy.moml.MoMLSimpleApplication@7a00ae81
reloadAllAccessors: .RandomInteger

===========================================================================================
----------------- testing Mon Oct 15 02:31:10 UTC 2018 /home/travis/build/icyphy/ptII/ptolemy/actor/lib/test/auto/ReadFile1.xml
----------------- Instantiating /home/travis/build/icyphy/ptII/ptolemy/actor/lib/test/auto/ReadFile1.xml
1 ms. Memory: 1763840K Free: 858782K (49%)
----------------- Invoking toplevel() on ptolemy.moml.MoMLSimpleApplication@7476a24e
----------------- Done invoking toplevel() on ptolemy.moml.MoMLSimpleApplication@7476a24e
reloadAllAccessors: .ReadFile1

===========================================================================================
----------------- testing Mon Oct 15 02:31:11 UTC 2018 /home/travis/build/icyphy/ptII/ptolemy/actor/lib/test/auto/ReadFile2.xml
----------------- Instantiating /home/travis/build/icyphy/ptII/ptolemy/actor/lib/test/auto/ReadFile2.xml
1 ms. Memory: 1763840K Free: 842311K (48%)
----------------- Invoking toplevel() on ptolemy.moml.MoMLSimpleApplication@6505df6b
----------------- Done invoking toplevel() on ptolemy.moml.MoMLSimpleApplication@6505df6b
reloadAllAccessors: .ReadFile2

===========================================================================================
----------------- testing Mon Oct 15 02:31:11 UTC 2018 /home/travis/build/icyphy/ptII/ptolemy/actor/lib/test/auto/Reader.xml
----------------- Instantiating /home/travis/build/icyphy/ptII/ptolemy/actor/lib/test/auto/Reader.xml
actor.lib.Reader is obsolete, use actor.lib.io.ExpressionReader instead
6 ms. Memory: 1763840K Free: 818129K (46%)
----------------- Invoking toplevel() on ptolemy.moml.MoMLSimpleApplication@baec4f1
----------------- Done invoking toplevel() on ptolemy.moml.MoMLSimpleApplication@baec4f1
reloadAllAccessors: .Reader

===========================================================================================
----------------- testing Mon Oct 15 02:31:11 UTC 2018 /home/travis/build/icyphy/ptII/ptolemy/actor/lib/test/auto/RecordAssemblerDisplayNameTest.xml
----------------- Instantiating /home/travis/build/icyphy/ptII/ptolemy/actor/lib/test/auto/RecordAssemblerDisplayNameTest.xml
3167 ms. Memory: 1780736K Free: 1193949K (67%)
----------------- Invoking toplevel() on ptolemy.moml.MoMLSimpleApplication@2db5d385
----------------- Done invoking toplevel() on ptolemy.moml.MoMLSimpleApplication@2db5d385
reloadAllAccessors: .RecordAssemblerDisplayNameTest

===========================================================================================
----------------- testing Mon Oct 15 02:31:14 UTC 2018 /home/travis/build/icyphy/ptII/ptolemy/actor/lib/test/auto/RecordAssemblerTypeError.xml
----------------- Instantiating /home/travis/build/icyphy/ptII/ptolemy/actor/lib/test/auto/RecordAssemblerTypeError.xml
4 ms. Memory: 1780736K Free: 1158962K (65%)
----------------- Invoking toplevel() on ptolemy.moml.MoMLSimpleApplication@6283f4fd
----------------- Done invoking toplevel() on ptolemy.moml.MoMLSimpleApplication@6283f4fd
reloadAllAccessors: .RecordAssemblerTypeError

===========================================================================================
----------------- testing Mon Oct 15 02:31:14 UTC 2018 /home/travis/build/icyphy/ptII/ptolemy/actor/lib/test/auto/RecordDisassember.xml
----------------- Instantiating /home/travis/build/icyphy/ptII/ptolemy/actor/lib/test/auto/RecordDisassember.xml
3 ms. Memory: 1780736K Free: 1142196K (64%)
----------------- Invoking toplevel() on ptolemy.moml.MoMLSimpleApplication@582f46cc
----------------- Done invoking toplevel() on ptolemy.moml.MoMLSimpleApplication@582f46cc
reloadAllAccessors: .RecordDisassember

===========================================================================================
----------------- testing Mon Oct 15 02:31:14 UTC 2018 /home/travis/build/icyphy/ptII/ptolemy/actor/lib/test/auto/RecordDisassemberDisplayNameTest.xml
----------------- Instantiating /home/travis/build/icyphy/ptII/ptolemy/actor/lib/test/auto/RecordDisassemberDisplayNameTest.xml
5 ms. Memory: 1780736K Free: 1119728K (63%)
----------------- Invoking toplevel() on ptolemy.moml.MoMLSimpleApplication@3930b7a
----------------- Done invoking toplevel() on ptolemy.moml.MoMLSimpleApplication@3930b7a
reloadAllAccessors: .RecordDisassemberDisplayNameTest

===========================================================================================
----------------- testing Mon Oct 15 02:31:14 UTC 2018 /home/travis/build/icyphy/ptII/ptolemy/actor/lib/test/auto/RecordDisassembler.xml
----------------- Instantiating /home/travis/build/icyphy/ptII/ptolemy/actor/lib/test/auto/RecordDisassembler.xml
2 ms. Memory: 1780736K Free: 1103057K (62%)
----------------- Invoking toplevel() on ptolemy.moml.MoMLSimpleApplication@6f6e6989
----------------- Done invoking toplevel() on ptolemy.moml.MoMLSimpleApplication@6f6e6989
reloadAllAccessors: .RecordDisassembler

===========================================================================================
----------------- testing Mon Oct 15 02:31:14 UTC 2018 /home/travis/build/icyphy/ptII/ptolemy/actor/lib/test/auto/RecordDisassembler2.xml
----------------- Instantiating /home/travis/build/icyphy/ptII/ptolemy/actor/lib/test/auto/RecordDisassembler2.xml
2 ms. Memory: 1780736K Free: 1080589K (61%)
----------------- Invoking toplevel() on ptolemy.moml.MoMLSimpleApplication@28b3b6e7
----------------- Done invoking toplevel() on ptolemy.moml.MoMLSimpleApplication@28b3b6e7
reloadAllAccessors: .RecordDisassembler2

===========================================================================================
----------------- testing Mon Oct 15 02:31:14 UTC 2018 /home/travis/build/icyphy/ptII/ptolemy/actor/lib/test/auto/RecordUpdater.xml
----------------- Instantiating /home/travis/build/icyphy/ptII/ptolemy/actor/lib/test/auto/RecordUpdater.xml
2 ms. Memory: 1780736K Free: 1063919K (60%)
----------------- Invoking toplevel() on ptolemy.moml.MoMLSimpleApplication@7c463941
----------------- Done invoking toplevel() on ptolemy.moml.MoMLSimpleApplication@7c463941
reloadAllAccessors: .RecordUpdater

===========================================================================================
----------------- testing Mon Oct 15 02:31:14 UTC 2018 /home/travis/build/icyphy/ptII/ptolemy/actor/lib/test/auto/RecordUpdater2.xml
----------------- Instantiating /home/travis/build/icyphy/ptII/ptolemy/actor/lib/test/auto/RecordUpdater2.xml
3 ms. Memory: 1780736K Free: 1047248K (59%)
----------------- Invoking toplevel() on ptolemy.moml.MoMLSimpleApplication@5a8c34e9
----------------- Done invoking toplevel() on ptolemy.moml.MoMLSimpleApplication@5a8c34e9
reloadAllAccessors: .RecordUpdater2

===========================================================================================
----------------- testing Mon Oct 15 02:31:14 UTC 2018 /home/travis/build/icyphy/ptII/ptolemy/actor/lib/test/auto/RecursiveLattice.xml
----------------- Instantiating /home/travis/build/icyphy/ptII/ptolemy/actor/lib/test/auto/RecursiveLattice.xml
1 ms. Memory: 1780736K Free: 1024780K (58%)
----------------- Invoking toplevel() on ptolemy.moml.MoMLSimpleApplication@305d3777
----------------- Done invoking toplevel() on ptolemy.moml.MoMLSimpleApplication@305d3777
reloadAllAccessors: .RecursiveLattice

===========================================================================================
----------------- testing Mon Oct 15 02:31:14 UTC 2018 /home/travis/build/icyphy/ptII/ptolemy/actor/lib/test/auto/Router.xml
----------------- Instantiating /home/travis/build/icyphy/ptII/ptolemy/actor/lib/test/auto/Router.xml
3003 ms. Memory: 1780736K Free: 1008109K (57%)
----------------- Invoking toplevel() on ptolemy.moml.MoMLSimpleApplication@3a7cf2ab
----------------- Done invoking toplevel() on ptolemy.moml.MoMLSimpleApplication@3a7cf2ab
reloadAllAccessors: .Router

===========================================================================================
----------------- testing Mon Oct 15 02:31:17 UTC 2018 /home/travis/build/icyphy/ptII/ptolemy/actor/lib/test/auto/Router2.xml
----------------- Instantiating /home/travis/build/icyphy/ptII/ptolemy/actor/lib/test/auto/Router2.xml
3003 ms. Memory: 1780736K Free: 985641K (55%)
----------------- Invoking toplevel() on ptolemy.moml.MoMLSimpleApplication@5a5f8fa5
----------------- Done invoking toplevel() on ptolemy.moml.MoMLSimpleApplication@5a5f8fa5
reloadAllAccessors: .Router2

===========================================================================================
----------------- testing Mon Oct 15 02:31:20 UTC 2018 /home/travis/build/icyphy/ptII/ptolemy/actor/lib/test/auto/RunningMaximum.xml
----------------- Instantiating /home/travis/build/icyphy/ptII/ptolemy/actor/lib/test/auto/RunningMaximum.xml
1 ms. Memory: 1780736K Free: 968970K (54%)
----------------- Invoking toplevel() on ptolemy.moml.MoMLSimpleApplication@33ce59d5
----------------- Done invoking toplevel() on ptolemy.moml.MoMLSimpleApplication@33ce59d5
reloadAllAccessors: .RunningMaximum

===========================================================================================
----------------- testing Mon Oct 15 02:31:20 UTC 2018 /home/travis/build/icyphy/ptII/ptolemy/actor/lib/test/auto/RunningMinimum.xml
----------------- Instantiating /home/travis/build/icyphy/ptII/ptolemy/actor/lib/test/auto/RunningMinimum.xml
3 ms. Memory: 1780736K Free: 946502K (53%)
----------------- Invoking toplevel() on ptolemy.moml.MoMLSimpleApplication@28e72de8
----------------- Done invoking toplevel() on ptolemy.moml.MoMLSimpleApplication@28e72de8
reloadAllAccessors: .RunningMinimum

===========================================================================================
----------------- testing Mon Oct 15 02:31:20 UTC 2018 /home/travis/build/icyphy/ptII/ptolemy/actor/lib/test/auto/Scale.xml
----------------- Instantiating /home/travis/build/icyphy/ptII/ptolemy/actor/lib/test/auto/Scale.xml
1 ms. Memory: 1780736K Free: 929831K (52%)
----------------- Invoking toplevel() on ptolemy.moml.MoMLSimpleApplication@9653a11
----------------- Done invoking toplevel() on ptolemy.moml.MoMLSimpleApplication@9653a11
reloadAllAccessors: .Scale

===========================================================================================
----------------- testing Mon Oct 15 02:31:20 UTC 2018 /home/travis/build/icyphy/ptII/ptolemy/actor/lib/test/auto/Scale2.xml
----------------- Instantiating /home/travis/build/icyphy/ptII/ptolemy/actor/lib/test/auto/Scale2.xml
1 ms. Memory: 1780736K Free: 913160K (51%)
----------------- Invoking toplevel() on ptolemy.moml.MoMLSimpleApplication@23e593cc
----------------- Done invoking toplevel() on ptolemy.moml.MoMLSimpleApplication@23e593cc
reloadAllAccessors: .Scale2

===========================================================================================
----------------- testing Mon Oct 15 02:31:20 UTC 2018 /home/travis/build/icyphy/ptII/ptolemy/actor/lib/test/auto/Scale3.xml
----------------- Instantiating /home/travis/build/icyphy/ptII/ptolemy/actor/lib/test/auto/Scale3.xml
8 ms. Memory: 1780736K Free: 890692K (50%)
----------------- Invoking toplevel() on ptolemy.moml.MoMLSimpleApplication@397be84
----------------- Done invoking toplevel() on ptolemy.moml.MoMLSimpleApplication@397be84
reloadAllAccessors: .Scale3

===========================================================================================
----------------- testing Mon Oct 15 02:31:20 UTC 2018 /home/travis/build/icyphy/ptII/ptolemy/actor/lib/test/auto/ScaleArray.xml
----------------- Instantiating /home/travis/build/icyphy/ptII/ptolemy/actor/lib/test/auto/ScaleArray.xml
2 ms. Memory: 1780736K Free: 874021K (49%)
----------------- Invoking toplevel() on ptolemy.moml.MoMLSimpleApplication@7b146dd4
----------------- Done invoking toplevel() on ptolemy.moml.MoMLSimpleApplication@7b146dd4
reloadAllAccessors: .ScaleArray

===========================================================================================
----------------- testing Mon Oct 15 02:31:20 UTC 2018 /home/travis/build/icyphy/ptII/ptolemy/actor/lib/test/auto/ScaleArray2.xml
----------------- Instantiating /home/travis/build/icyphy/ptII/ptolemy/actor/lib/test/auto/ScaleArray2.xml
1 ms. Memory: 1780736K Free: 851553K (48%)
----------------- Invoking toplevel() on ptolemy.moml.MoMLSimpleApplication@5ff5f8
----------------- Done invoking toplevel() on ptolemy.moml.MoMLSimpleApplication@5ff5f8
reloadAllAccessors: .ScaleArray2

===========================================================================================
----------------- testing Mon Oct 15 02:31:20 UTC 2018 /home/travis/build/icyphy/ptII/ptolemy/actor/lib/test/auto/ScaleMatrix.xml
----------------- Instantiating /home/travis/build/icyphy/ptII/ptolemy/actor/lib/test/auto/ScaleMatrix.xml
127 ms. Memory: 1780736K Free: 826547K (46%)
----------------- Invoking toplevel() on ptolemy.moml.MoMLSimpleApplication@4075e6c9
----------------- Done invoking toplevel() on ptolemy.moml.MoMLSimpleApplication@4075e6c9
reloadAllAccessors: .ScaleMatrix

===========================================================================================
----------------- testing Mon Oct 15 02:31:20 UTC 2018 /home/travis/build/icyphy/ptII/ptolemy/actor/lib/test/auto/Select.xml
----------------- Instantiating /home/travis/build/icyphy/ptII/ptolemy/actor/lib/test/auto/Select.xml
2 ms. Memory: 1780736K Free: 804079K (45%)
----------------- Invoking toplevel() on ptolemy.moml.MoMLSimpleApplication@6887d7
----------------- Done invoking toplevel() on ptolemy.moml.MoMLSimpleApplication@6887d7
reloadAllAccessors: .Select

===========================================================================================
----------------- testing Mon Oct 15 02:31:20 UTC 2018 /home/travis/build/icyphy/ptII/ptolemy/actor/lib/test/auto/Select2.xml
----------------- Instantiating /home/travis/build/icyphy/ptII/ptolemy/actor/lib/test/auto/Select2.xml
1 ms. Memory: 1780736K Free: 787408K (44%)
----------------- Invoking toplevel() on ptolemy.moml.MoMLSimpleApplication@7043cbc9
----------------- Done invoking toplevel() on ptolemy.moml.MoMLSimpleApplication@7043cbc9
reloadAllAccessors: .Select2

===========================================================================================
----------------- testing Mon Oct 15 02:31:20 UTC 2018 /home/travis/build/icyphy/ptII/ptolemy/actor/lib/test/auto/SequenceToArray2.xml
----------------- Instantiating /home/travis/build/icyphy/ptII/ptolemy/actor/lib/test/auto/SequenceToArray2.xml
113 ms. Memory: 1780736K Free: 687368K (39%)
----------------- Invoking toplevel() on ptolemy.moml.MoMLSimpleApplication@560aadff
----------------- Done invoking toplevel() on ptolemy.moml.MoMLSimpleApplication@560aadff
reloadAllAccessors: .SequenceToArray2

===========================================================================================
----------------- testing Mon Oct 15 02:31:20 UTC 2018 /home/travis/build/icyphy/ptII/ptolemy/actor/lib/test/auto/SequentialClock.xml
----------------- Instantiating /home/travis/build/icyphy/ptII/ptolemy/actor/lib/test/auto/SequentialClock.xml
1 ms. Memory: 1780736K Free: 664900K (37%)
----------------- Invoking toplevel() on ptolemy.moml.MoMLSimpleApplication@f320110
----------------- Done invoking toplevel() on ptolemy.moml.MoMLSimpleApplication@f320110
reloadAllAccessors: .SequentialClock

===========================================================================================
----------------- testing Mon Oct 15 02:31:20 UTC 2018 /home/travis/build/icyphy/ptII/ptolemy/actor/lib/test/auto/SetVariable.xml
----------------- Instantiating /home/travis/build/icyphy/ptII/ptolemy/actor/lib/test/auto/SetVariable.xml
2 ms. Memory: 1780736K Free: 648229K (36%)
----------------- Invoking toplevel() on ptolemy.moml.MoMLSimpleApplication@76f05e55
----------------- Done invoking toplevel() on ptolemy.moml.MoMLSimpleApplication@76f05e55
reloadAllAccessors: .SetVariable

===========================================================================================
----------------- testing Mon Oct 15 02:31:20 UTC 2018 /home/travis/build/icyphy/ptII/ptolemy/actor/lib/test/auto/SetVariable2.xml
----------------- Instantiating /home/travis/build/icyphy/ptII/ptolemy/actor/lib/test/auto/SetVariable2.xml
1 ms. Memory: 1780736K Free: 625760K (35%)
----------------- Invoking toplevel() on ptolemy.moml.MoMLSimpleApplication@5fe0c95
----------------- Done invoking toplevel() on ptolemy.moml.MoMLSimpleApplication@5fe0c95
reloadAllAccessors: .SetVariable2

===========================================================================================
----------------- testing Mon Oct 15 02:31:20 UTC 2018 /home/travis/build/icyphy/ptII/ptolemy/actor/lib/test/auto/SetVariable3.xml
----------------- Instantiating /home/travis/build/icyphy/ptII/ptolemy/actor/lib/test/auto/SetVariable3.xml
4 ms. Memory: 1780736K Free: 609090K (34%)
----------------- Invoking toplevel() on ptolemy.moml.MoMLSimpleApplication@25a84433
----------------- Done invoking toplevel() on ptolemy.moml.MoMLSimpleApplication@25a84433
reloadAllAccessors: .SetVariable3

===========================================================================================
----------------- testing Mon Oct 15 02:31:20 UTC 2018 /home/travis/build/icyphy/ptII/ptolemy/actor/lib/test/auto/SetVariable4.xml
----------------- Instantiating /home/travis/build/icyphy/ptII/ptolemy/actor/lib/test/auto/SetVariable4.xml
14 ms. Memory: 1780736K Free: 528274K (30%)
----------------- Invoking toplevel() on ptolemy.moml.MoMLSimpleApplication@1a5674cf
----------------- Done invoking toplevel() on ptolemy.moml.MoMLSimpleApplication@1a5674cf
reloadAllAccessors: .SetVariable4

===========================================================================================
----------------- testing Mon Oct 15 02:31:21 UTC 2018 /home/travis/build/icyphy/ptII/ptolemy/actor/lib/test/auto/SetVariable5.xml
----------------- Instantiating /home/travis/build/icyphy/ptII/ptolemy/actor/lib/test/auto/SetVariable5.xml
12 ms. Memory: 1780736K Free: 511603K (29%)
----------------- Invoking toplevel() on ptolemy.moml.MoMLSimpleApplication@3a594b83
----------------- Done invoking toplevel() on ptolemy.moml.MoMLSimpleApplication@3a594b83
reloadAllAccessors: .SetVariable5

===========================================================================================
----------------- testing Mon Oct 15 02:31:21 UTC 2018 /home/travis/build/icyphy/ptII/ptolemy/actor/lib/test/auto/Sinewave.xml
----------------- Instantiating /home/travis/build/icyphy/ptII/ptolemy/actor/lib/test/auto/Sinewave.xml
6 ms. Memory: 1780736K Free: 486597K (27%)
----------------- Invoking toplevel() on ptolemy.moml.MoMLSimpleApplication@2f2efcff
----------------- Done invoking toplevel() on ptolemy.moml.MoMLSimpleApplication@2f2efcff
reloadAllAccessors: .Sinewave

===========================================================================================
----------------- testing Mon Oct 15 02:31:21 UTC 2018 /home/travis/build/icyphy/ptII/ptolemy/actor/lib/test/auto/Sinewave2.xml
----------------- Instantiating /home/travis/build/icyphy/ptII/ptolemy/actor/lib/test/auto/Sinewave2.xml
5 ms. Memory: 1780736K Free: 464129K (26%)
----------------- Invoking toplevel() on ptolemy.moml.MoMLSimpleApplication@6126b9bf
----------------- Done invoking toplevel() on ptolemy.moml.MoMLSimpleApplication@6126b9bf
reloadAllAccessors: .Sinewave2

===========================================================================================
----------------- testing Mon Oct 15 02:31:21 UTC 2018 /home/travis/build/icyphy/ptII/ptolemy/actor/lib/test/auto/Sinewave3.xml
----------------- Instantiating /home/travis/build/icyphy/ptII/ptolemy/actor/lib/test/auto/Sinewave3.xml
8 ms. Memory: 1780736K Free: 447458K (25%)
----------------- Invoking toplevel() on ptolemy.moml.MoMLSimpleApplication@2716e21d
----------------- Done invoking toplevel() on ptolemy.moml.MoMLSimpleApplication@2716e21d
reloadAllAccessors: .Sinewave3

===========================================================================================
----------------- testing Mon Oct 15 02:31:21 UTC 2018 /home/travis/build/icyphy/ptII/ptolemy/actor/lib/test/auto/SingleEvent.xml
----------------- Instantiating /home/travis/build/icyphy/ptII/ptolemy/actor/lib/test/auto/SingleEvent.xml
1 ms. Memory: 1780736K Free: 424990K (24%)
----------------- Invoking toplevel() on ptolemy.moml.MoMLSimpleApplication@6b2ce48b
----------------- Done invoking toplevel() on ptolemy.moml.MoMLSimpleApplication@6b2ce48b
reloadAllAccessors: .SingleEvent

===========================================================================================
----------------- testing Mon Oct 15 02:31:21 UTC 2018 /home/travis/build/icyphy/ptII/ptolemy/actor/lib/test/auto/Sleep.xml
----------------- Instantiating /home/travis/build/icyphy/ptII/ptolemy/actor/lib/test/auto/Sleep.xml
6003 ms. Memory: 1780736K Free: 408319K (23%)
----------------- Invoking toplevel() on ptolemy.moml.MoMLSimpleApplication@3f63db1a
----------------- Done invoking toplevel() on ptolemy.moml.MoMLSimpleApplication@3f63db1a
reloadAllAccessors: .Sleep

===========================================================================================
----------------- testing Mon Oct 15 02:31:27 UTC 2018 /home/travis/build/icyphy/ptII/ptolemy/actor/lib/test/auto/SleepMultipleFire.xml
----------------- Instantiating /home/travis/build/icyphy/ptII/ptolemy/actor/lib/test/auto/SleepMultipleFire.xml
1005 ms. Memory: 1780736K Free: 385851K (22%)
----------------- Invoking toplevel() on ptolemy.moml.MoMLSimpleApplication@1d9e78bb
----------------- Done invoking toplevel() on ptolemy.moml.MoMLSimpleApplication@1d9e78bb
reloadAllAccessors: .SleepMultipleFire

===========================================================================================
----------------- testing Mon Oct 15 02:31:28 UTC 2018 /home/travis/build/icyphy/ptII/ptolemy/actor/lib/test/auto/StopDE.xml
----------------- Instantiating /home/travis/build/icyphy/ptII/ptolemy/actor/lib/test/auto/StopDE.xml
2 ms. Memory: 1780736K Free: 369181K (21%)
----------------- Invoking toplevel() on ptolemy.moml.MoMLSimpleApplication@6759ceb5
----------------- Done invoking toplevel() on ptolemy.moml.MoMLSimpleApplication@6759ceb5
reloadAllAccessors: .StopDE

===========================================================================================
----------------- testing Mon Oct 15 02:31:28 UTC 2018 /home/travis/build/icyphy/ptII/ptolemy/actor/lib/test/auto/StopSDF.xml
----------------- Instantiating /home/travis/build/icyphy/ptII/ptolemy/actor/lib/test/auto/StopSDF.xml
2 ms. Memory: 1780736K Free: 352510K (20%)
----------------- Invoking toplevel() on ptolemy.moml.MoMLSimpleApplication@76ae6ae3
----------------- Done invoking toplevel() on ptolemy.moml.MoMLSimpleApplication@76ae6ae3
reloadAllAccessors: .StopSDF

===========================================================================================
----------------- testing Mon Oct 15 02:31:28 UTC 2018 /home/travis/build/icyphy/ptII/ptolemy/actor/lib/test/auto/StringConstant.xml
----------------- Instantiating /home/travis/build/icyphy/ptII/ptolemy/actor/lib/test/auto/StringConstant.xml
1 ms. Memory: 1780736K Free: 330042K (19%)
----------------- Invoking toplevel() on ptolemy.moml.MoMLSimpleApplication@53df6464
----------------- Done invoking toplevel() on ptolemy.moml.MoMLSimpleApplication@53df6464
reloadAllAccessors: .StringConstant

===========================================================================================
----------------- testing Mon Oct 15 02:31:28 UTC 2018 /home/travis/build/icyphy/ptII/ptolemy/actor/lib/test/auto/SubscriberPortInitialValues1.xml
----------------- Instantiating /home/travis/build/icyphy/ptII/ptolemy/actor/lib/test/auto/SubscriberPortInitialValues1.xml
5 ms. Memory: 1780736K Free: 313371K (18%)
----------------- Invoking toplevel() on ptolemy.moml.MoMLSimpleApplication@575d14eb
----------------- Done invoking toplevel() on ptolemy.moml.MoMLSimpleApplication@575d14eb
reloadAllAccessors: .SubscriberPortInitialValues1

===========================================================================================
----------------- testing Mon Oct 15 02:31:28 UTC 2018 /home/travis/build/icyphy/ptII/ptolemy/actor/lib/test/auto/SubscriberPortInitialValues13.xml
----------------- Instantiating /home/travis/build/icyphy/ptII/ptolemy/actor/lib/test/auto/SubscriberPortInitialValues13.xml
5 ms. Memory: 1780736K Free: 282559K (16%)
----------------- Invoking toplevel() on ptolemy.moml.MoMLSimpleApplication@5952850
----------------- Done invoking toplevel() on ptolemy.moml.MoMLSimpleApplication@5952850
reloadAllAccessors: .SubscriberPortInitialValues13

===========================================================================================
----------------- testing Mon Oct 15 02:31:28 UTC 2018 /home/travis/build/icyphy/ptII/ptolemy/actor/lib/test/auto/SubscriberPortInitialValues14.xml
----------------- Instantiating /home/travis/build/icyphy/ptII/ptolemy/actor/lib/test/auto/SubscriberPortInitialValues14.xml
3 ms. Memory: 1780736K Free: 265889K (15%)
----------------- Invoking toplevel() on ptolemy.moml.MoMLSimpleApplication@55084eff
----------------- Done invoking toplevel() on ptolemy.moml.MoMLSimpleApplication@55084eff
reloadAllAccessors: .SubscriberPortInitialValues14

===========================================================================================
----------------- testing Mon Oct 15 02:31:28 UTC 2018 /home/travis/build/icyphy/ptII/ptolemy/actor/lib/test/auto/SubscriberPortInitialValues2.xml
----------------- Instantiating /home/travis/build/icyphy/ptII/ptolemy/actor/lib/test/auto/SubscriberPortInitialValues2.xml
4 ms. Memory: 1780736K Free: 243421K (14%)
----------------- Invoking toplevel() on ptolemy.moml.MoMLSimpleApplication@3efb1637
----------------- Done invoking toplevel() on ptolemy.moml.MoMLSimpleApplication@3efb1637
reloadAllAccessors: .SubscriberPortInitialValues2

===========================================================================================
----------------- testing Mon Oct 15 02:31:28 UTC 2018 /home/travis/build/icyphy/ptII/ptolemy/actor/lib/test/auto/SubscriberPortInitialValues3.xml
----------------- Instantiating /home/travis/build/icyphy/ptII/ptolemy/actor/lib/test/auto/SubscriberPortInitialValues3.xml
4 ms. Memory: 1780736K Free: 226750K (13%)
----------------- Invoking toplevel() on ptolemy.moml.MoMLSimpleApplication@55c377dc
----------------- Done invoking toplevel() on ptolemy.moml.MoMLSimpleApplication@55c377dc
reloadAllAccessors: .SubscriberPortInitialValues3

===========================================================================================
----------------- testing Mon Oct 15 02:31:28 UTC 2018 /home/travis/build/icyphy/ptII/ptolemy/actor/lib/test/auto/SubscriptionAggregator.xml
----------------- Instantiating /home/travis/build/icyphy/ptII/ptolemy/actor/lib/test/auto/SubscriptionAggregator.xml
3 ms. Memory: 1780736K Free: 204282K (11%)
----------------- Invoking toplevel() on ptolemy.moml.MoMLSimpleApplication@74f6c057
----------------- Done invoking toplevel() on ptolemy.moml.MoMLSimpleApplication@74f6c057
reloadAllAccessors: .SubscriptionAggregator

===========================================================================================
----------------- testing Mon Oct 15 02:31:28 UTC 2018 /home/travis/build/icyphy/ptII/ptolemy/actor/lib/test/auto/SubscriptionAggregator2.xml
----------------- Instantiating /home/travis/build/icyphy/ptII/ptolemy/actor/lib/test/auto/SubscriptionAggregator2.xml
3 ms. Memory: 1780736K Free: 187611K (11%)
----------------- Invoking toplevel() on ptolemy.moml.MoMLSimpleApplication@74e54563
----------------- Done invoking toplevel() on ptolemy.moml.MoMLSimpleApplication@74e54563
reloadAllAccessors: .SubscriptionAggregator2

===========================================================================================
----------------- testing Mon Oct 15 02:31:28 UTC 2018 /home/travis/build/icyphy/ptII/ptolemy/actor/lib/test/auto/SubscriptionAggregator3.xml
----------------- Instantiating /home/travis/build/icyphy/ptII/ptolemy/actor/lib/test/auto/SubscriptionAggregator3.xml
3 ms. Memory: 1780736K Free: 170940K (10%)
----------------- Invoking toplevel() on ptolemy.moml.MoMLSimpleApplication@35b00a03
----------------- Done invoking toplevel() on ptolemy.moml.MoMLSimpleApplication@35b00a03
reloadAllAccessors: .SubscriptionAggregator3

===========================================================================================
----------------- testing Mon Oct 15 02:31:28 UTC 2018 /home/travis/build/icyphy/ptII/ptolemy/actor/lib/test/auto/SubscriptionAggregatorMultiply.xml
----------------- Instantiating /home/travis/build/icyphy/ptII/ptolemy/actor/lib/test/auto/SubscriptionAggregatorMultiply.xml
3 ms. Memory: 1780736K Free: 148472K (8%)
----------------- Invoking toplevel() on ptolemy.moml.MoMLSimpleApplication@6b75bdd6
----------------- Done invoking toplevel() on ptolemy.moml.MoMLSimpleApplication@6b75bdd6
reloadAllAccessors: .SubscriptionAggregatorMultiply

===========================================================================================
----------------- testing Mon Oct 15 02:31:28 UTC 2018 /home/travis/build/icyphy/ptII/ptolemy/actor/lib/test/auto/SubscriptionAggregatorPortMultiply1.xml
----------------- Instantiating /home/travis/build/icyphy/ptII/ptolemy/actor/lib/test/auto/SubscriptionAggregatorPortMultiply1.xml
3 ms. Memory: 1780736K Free: 131801K (7%)
----------------- Invoking toplevel() on ptolemy.moml.MoMLSimpleApplication@6fa6d5fe
----------------- Done invoking toplevel() on ptolemy.moml.MoMLSimpleApplication@6fa6d5fe
reloadAllAccessors: .SubscriptionAggregatorPortMultiply1

===========================================================================================
----------------- testing Mon Oct 15 02:31:28 UTC 2018 /home/travis/build/icyphy/ptII/ptolemy/actor/lib/test/auto/Switch.xml
----------------- Instantiating /home/travis/build/icyphy/ptII/ptolemy/actor/lib/test/auto/Switch.xml
11 ms. Memory: 1782272K Free: 1713203K (96%)
----------------- Invoking toplevel() on ptolemy.moml.MoMLSimpleApplication@502b544e
----------------- Done invoking toplevel() on ptolemy.moml.MoMLSimpleApplication@502b544e
reloadAllAccessors: .Switch

===========================================================================================
----------------- testing Mon Oct 15 02:31:28 UTC 2018 /home/travis/build/icyphy/ptII/ptolemy/actor/lib/test/auto/Switch2.xml
----------------- Instantiating /home/travis/build/icyphy/ptII/ptolemy/actor/lib/test/auto/Switch2.xml
1 ms. Memory: 1782272K Free: 1693311K (95%)
----------------- Invoking toplevel() on ptolemy.moml.MoMLSimpleApplication@31959f7e
----------------- Done invoking toplevel() on ptolemy.moml.MoMLSimpleApplication@31959f7e
reloadAllAccessors: .Switch2

===========================================================================================
----------------- testing Mon Oct 15 02:31:28 UTC 2018 /home/travis/build/icyphy/ptII/ptolemy/actor/lib/test/auto/SwitchDE.xml
----------------- Instantiating /home/travis/build/icyphy/ptII/ptolemy/actor/lib/test/auto/SwitchDE.xml
1 ms. Memory: 1782272K Free: 1677587K (94%)
----------------- Invoking toplevel() on ptolemy.moml.MoMLSimpleApplication@61b2a070
----------------- Done invoking toplevel() on ptolemy.moml.MoMLSimpleApplication@61b2a070
reloadAllAccessors: .SwitchDE

===========================================================================================
----------------- testing Mon Oct 15 02:31:28 UTC 2018 /home/travis/build/icyphy/ptII/ptolemy/actor/lib/test/auto/SynchronizerDE.xml
----------------- Instantiating /home/travis/build/icyphy/ptII/ptolemy/actor/lib/test/auto/SynchronizerDE.xml
3 ms. Memory: 1782272K Free: 1660908K (93%)
----------------- Invoking toplevel() on ptolemy.moml.MoMLSimpleApplication@70a8d718
----------------- Done invoking toplevel() on ptolemy.moml.MoMLSimpleApplication@70a8d718
reloadAllAccessors: .SynchronizerDE

===========================================================================================
----------------- testing Mon Oct 15 02:31:28 UTC 2018 /home/travis/build/icyphy/ptII/ptolemy/actor/lib/test/auto/Test.xml
----------------- Instantiating /home/travis/build/icyphy/ptII/ptolemy/actor/lib/test/auto/Test.xml
2 ms. Memory: 1782272K Free: 1645184K (92%)
----------------- Invoking toplevel() on ptolemy.moml.MoMLSimpleApplication@6f95f13a
----------------- Done invoking toplevel() on ptolemy.moml.MoMLSimpleApplication@6f95f13a
reloadAllAccessors: .Test

===========================================================================================
----------------- testing Mon Oct 15 02:31:28 UTC 2018 /home/travis/build/icyphy/ptII/ptolemy/actor/lib/test/auto/TestExceptionAttribute1.xml
----------------- Instantiating /home/travis/build/icyphy/ptII/ptolemy/actor/lib/test/auto/TestExceptionAttribute1.xml
1 ms. Memory: 1782272K Free: 1634070K (92%)
----------------- Invoking toplevel() on ptolemy.moml.MoMLSimpleApplication@4d2fcdc9
----------------- Done invoking toplevel() on ptolemy.moml.MoMLSimpleApplication@4d2fcdc9
reloadAllAccessors: .TestExceptionAttribute1

===========================================================================================
----------------- testing Mon Oct 15 02:31:28 UTC 2018 /home/travis/build/icyphy/ptII/ptolemy/actor/lib/test/auto/TestExceptionAttribute2.xml
----------------- Instantiating /home/travis/build/icyphy/ptII/ptolemy/actor/lib/test/auto/TestExceptionAttribute2.xml
1 ms. Memory: 1782272K Free: 1618345K (91%)
----------------- Invoking toplevel() on ptolemy.moml.MoMLSimpleApplication@21c36512
----------------- Done invoking toplevel() on ptolemy.moml.MoMLSimpleApplication@21c36512
reloadAllAccessors: .TestExceptionAttribute2

===========================================================================================
----------------- testing Mon Oct 15 02:31:28 UTC 2018 /home/travis/build/icyphy/ptII/ptolemy/actor/lib/test/auto/TestExceptionAttribute3.xml
----------------- Instantiating /home/travis/build/icyphy/ptII/ptolemy/actor/lib/test/auto/TestExceptionAttribute3.xml
.TestExceptionAttribute3.TestExceptionAttribute: initialize() was not invoked, but wrapup() was.  This is unusual, but not always a problem.  For example, exporting JNLP will do this.
1 ms. Memory: 1782272K Free: 1607232K (90%)
----------------- Invoking toplevel() on ptolemy.moml.MoMLSimpleApplication@34cf41de
----------------- Done invoking toplevel() on ptolemy.moml.MoMLSimpleApplication@34cf41de
reloadAllAccessors: .TestExceptionAttribute3

===========================================================================================
----------------- testing Mon Oct 15 02:31:28 UTC 2018 /home/travis/build/icyphy/ptII/ptolemy/actor/lib/test/auto/TestExceptionAttribute4.xml
----------------- Instantiating /home/travis/build/icyphy/ptII/ptolemy/actor/lib/test/auto/TestExceptionAttribute4.xml
.TestExceptionAttribute4.TestExceptionAttribute: initialize() was not invoked, but wrapup() was.  This is unusual, but not always a problem.  For example, exporting JNLP will do this.
.TestExceptionAttribute4.TestExceptionAttribute2: initialize() was not invoked, but wrapup() was.  This is unusual, but not always a problem.  For example, exporting JNLP will do this.
0 ms. Memory: 1782272K Free: 1591507K (89%)
----------------- Invoking toplevel() on ptolemy.moml.MoMLSimpleApplication@1931f07a
----------------- Done invoking toplevel() on ptolemy.moml.MoMLSimpleApplication@1931f07a
reloadAllAccessors: .TestExceptionAttribute4

===========================================================================================
----------------- testing Mon Oct 15 02:31:28 UTC 2018 /home/travis/build/icyphy/ptII/ptolemy/actor/lib/test/auto/TestExceptionHandler1.xml
----------------- Instantiating /home/travis/build/icyphy/ptII/ptolemy/actor/lib/test/auto/TestExceptionHandler1.xml
1 ms. Memory: 1782272K Free: 1580394K (89%)
----------------- Invoking toplevel() on ptolemy.moml.MoMLSimpleApplication@1b3c3e7
----------------- Done invoking toplevel() on ptolemy.moml.MoMLSimpleApplication@1b3c3e7
reloadAllAccessors: .TestExceptionHandler1

===========================================================================================
----------------- testing Mon Oct 15 02:31:28 UTC 2018 /home/travis/build/icyphy/ptII/ptolemy/actor/lib/test/auto/TestExceptionHandler2.xml
----------------- Instantiating /home/travis/build/icyphy/ptII/ptolemy/actor/lib/test/auto/TestExceptionHandler2.xml
2 ms. Memory: 1782272K Free: 1564669K (88%)
----------------- Invoking toplevel() on ptolemy.moml.MoMLSimpleApplication@22ffa4bc
----------------- Done invoking toplevel() on ptolemy.moml.MoMLSimpleApplication@22ffa4bc
reloadAllAccessors: .TestExceptionHandler2

===========================================================================================
----------------- testing Mon Oct 15 02:31:28 UTC 2018 /home/travis/build/icyphy/ptII/ptolemy/actor/lib/test/auto/TestExceptionHandler3.xml
----------------- Instantiating /home/travis/build/icyphy/ptII/ptolemy/actor/lib/test/auto/TestExceptionHandler3.xml
0 ms. Memory: 1782272K Free: 1548945K (87%)
----------------- Invoking toplevel() on ptolemy.moml.MoMLSimpleApplication@22acbd6e
----------------- Done invoking toplevel() on ptolemy.moml.MoMLSimpleApplication@22acbd6e
reloadAllAccessors: .TestExceptionHandler3

===========================================================================================
----------------- testing Mon Oct 15 02:31:28 UTC 2018 /home/travis/build/icyphy/ptII/ptolemy/actor/lib/test/auto/TestExceptionHandler4.xml
----------------- Instantiating /home/travis/build/icyphy/ptII/ptolemy/actor/lib/test/auto/TestExceptionHandler4.xml
1 ms. Memory: 1782272K Free: 1537831K (86%)
----------------- Invoking toplevel() on ptolemy.moml.MoMLSimpleApplication@7136a684
----------------- Done invoking toplevel() on ptolemy.moml.MoMLSimpleApplication@7136a684
reloadAllAccessors: .TestExceptionHandler4

===========================================================================================
----------------- testing Mon Oct 15 02:31:28 UTC 2018 /home/travis/build/icyphy/ptII/ptolemy/actor/lib/test/auto/TestRequireCorrectOrder.xml
----------------- Instantiating /home/travis/build/icyphy/ptII/ptolemy/actor/lib/test/auto/TestRequireCorrectOrder.xml
2 ms. Memory: 1782272K Free: 1522107K (85%)
----------------- Invoking toplevel() on ptolemy.moml.MoMLSimpleApplication@55abbfa0
----------------- Done invoking toplevel() on ptolemy.moml.MoMLSimpleApplication@55abbfa0
reloadAllAccessors: .TestRequireCorrectOrder

===========================================================================================
----------------- testing Mon Oct 15 02:31:28 UTC 2018 /home/travis/build/icyphy/ptII/ptolemy/actor/lib/test/auto/TestSimple.xml
----------------- Instantiating /home/travis/build/icyphy/ptII/ptolemy/actor/lib/test/auto/TestSimple.xml
3 ms. Memory: 1782272K Free: 1510993K (85%)
----------------- Invoking toplevel() on ptolemy.moml.MoMLSimpleApplication@61e0d586
----------------- Done invoking toplevel() on ptolemy.moml.MoMLSimpleApplication@61e0d586
reloadAllAccessors: .TestSimple

===========================================================================================
----------------- testing Mon Oct 15 02:31:28 UTC 2018 /home/travis/build/icyphy/ptII/ptolemy/actor/lib/test/auto/ThrowModelError.xml
----------------- Instantiating /home/travis/build/icyphy/ptII/ptolemy/actor/lib/test/auto/ThrowModelError.xml
1 ms. Memory: 1782272K Free: 1495269K (84%)
----------------- Invoking toplevel() on ptolemy.moml.MoMLSimpleApplication@34ec221f
----------------- Done invoking toplevel() on ptolemy.moml.MoMLSimpleApplication@34ec221f
reloadAllAccessors: .ThrowModelError

===========================================================================================
----------------- testing Mon Oct 15 02:31:28 UTC 2018 /home/travis/build/icyphy/ptII/ptolemy/actor/lib/test/auto/TimeDelayMicrosteps.xml
----------------- Instantiating /home/travis/build/icyphy/ptII/ptolemy/actor/lib/test/auto/TimeDelayMicrosteps.xml
2 ms. Memory: 1782272K Free: 1484155K (83%)
----------------- Invoking toplevel() on ptolemy.moml.MoMLSimpleApplication@4c0c66c3
----------------- Done invoking toplevel() on ptolemy.moml.MoMLSimpleApplication@4c0c66c3
reloadAllAccessors: .TimeDelayMicrosteps

===========================================================================================
----------------- testing Mon Oct 15 02:31:28 UTC 2018 /home/travis/build/icyphy/ptII/ptolemy/actor/lib/test/auto/TimeDelayMicrosteps2.xml
----------------- Instantiating /home/travis/build/icyphy/ptII/ptolemy/actor/lib/test/auto/TimeDelayMicrosteps2.xml
3 ms. Memory: 1782272K Free: 1468431K (82%)
----------------- Invoking toplevel() on ptolemy.moml.MoMLSimpleApplication@b7632bf
----------------- Done invoking toplevel() on ptolemy.moml.MoMLSimpleApplication@b7632bf
reloadAllAccessors: .TimeDelayMicrosteps2

===========================================================================================
----------------- testing Mon Oct 15 02:31:28 UTC 2018 /home/travis/build/icyphy/ptII/ptolemy/actor/lib/test/auto/TimeDelayMicrosteps3.xml
----------------- Instantiating /home/travis/build/icyphy/ptII/ptolemy/actor/lib/test/auto/TimeDelayMicrosteps3.xml
2 ms. Memory: 1782272K Free: 1457317K (82%)
----------------- Invoking toplevel() on ptolemy.moml.MoMLSimpleApplication@324890a7
----------------- Done invoking toplevel() on ptolemy.moml.MoMLSimpleApplication@324890a7
reloadAllAccessors: .TimeDelayMicrosteps3

===========================================================================================
----------------- testing Mon Oct 15 02:31:28 UTC 2018 /home/travis/build/icyphy/ptII/ptolemy/actor/lib/test/auto/TimeDelayVariableMicrosteps.xml
----------------- Instantiating /home/travis/build/icyphy/ptII/ptolemy/actor/lib/test/auto/TimeDelayVariableMicrosteps.xml
3 ms. Memory: 1782272K Free: 1441593K (81%)
----------------- Invoking toplevel() on ptolemy.moml.MoMLSimpleApplication@46b06ca3
----------------- Done invoking toplevel() on ptolemy.moml.MoMLSimpleApplication@46b06ca3
reloadAllAccessors: .TimeDelayVariableMicrosteps

===========================================================================================
----------------- testing Mon Oct 15 02:31:28 UTC 2018 /home/travis/build/icyphy/ptII/ptolemy/actor/lib/test/auto/TimeGap.xml
----------------- Instantiating /home/travis/build/icyphy/ptII/ptolemy/actor/lib/test/auto/TimeGap.xml
3 ms. Memory: 1782272K Free: 1425869K (80%)
----------------- Invoking toplevel() on ptolemy.moml.MoMLSimpleApplication@2c0b5c8e
----------------- Done invoking toplevel() on ptolemy.moml.MoMLSimpleApplication@2c0b5c8e
reloadAllAccessors: .TimeGap

===========================================================================================
----------------- testing Mon Oct 15 02:31:28 UTC 2018 /home/travis/build/icyphy/ptII/ptolemy/actor/lib/test/auto/TimeGap2.xml
----------------- Instantiating /home/travis/build/icyphy/ptII/ptolemy/actor/lib/test/auto/TimeGap2.xml
1 ms. Memory: 1782272K Free: 1414755K (79%)
----------------- Invoking toplevel() on ptolemy.moml.MoMLSimpleApplication@2ea88287
----------------- Done invoking toplevel() on ptolemy.moml.MoMLSimpleApplication@2ea88287
reloadAllAccessors: .TimeGap2

===========================================================================================
----------------- testing Mon Oct 15 02:31:28 UTC 2018 /home/travis/build/icyphy/ptII/ptolemy/actor/lib/test/auto/TimedSinewave.xml
----------------- Instantiating /home/travis/build/icyphy/ptII/ptolemy/actor/lib/test/auto/TimedSinewave.xml
29 ms. Memory: 1782272K Free: 1387901K (78%)
----------------- Invoking toplevel() on ptolemy.moml.MoMLSimpleApplication@5694911f
----------------- Done invoking toplevel() on ptolemy.moml.MoMLSimpleApplication@5694911f
reloadAllAccessors: .TimedSinewave

===========================================================================================
----------------- testing Mon Oct 15 02:31:28 UTC 2018 /home/travis/build/icyphy/ptII/ptolemy/actor/lib/test/auto/TimedSinewavePhase.xml
----------------- Instantiating /home/travis/build/icyphy/ptII/ptolemy/actor/lib/test/auto/TimedSinewavePhase.xml
11 ms. Memory: 1782272K Free: 1371214K (77%)
----------------- Invoking toplevel() on ptolemy.moml.MoMLSimpleApplication@2678da12
----------------- Done invoking toplevel() on ptolemy.moml.MoMLSimpleApplication@2678da12
reloadAllAccessors: .TimedSinewavePhase

===========================================================================================
----------------- testing Mon Oct 15 02:31:28 UTC 2018 /home/travis/build/icyphy/ptII/ptolemy/actor/lib/test/auto/Timer.xml
----------------- Instantiating /home/travis/build/icyphy/ptII/ptolemy/actor/lib/test/auto/Timer.xml
2 ms. Memory: 1782272K Free: 1355490K (76%)
----------------- Invoking toplevel() on ptolemy.moml.MoMLSimpleApplication@67058ea5
----------------- Done invoking toplevel() on ptolemy.moml.MoMLSimpleApplication@67058ea5
reloadAllAccessors: .Timer

===========================================================================================
----------------- testing Mon Oct 15 02:31:28 UTC 2018 /home/travis/build/icyphy/ptII/ptolemy/actor/lib/test/auto/TriangularDistTestModel.xml
----------------- Instantiating /home/travis/build/icyphy/ptII/ptolemy/actor/lib/test/auto/TriangularDistTestModel.xml
2 ms. Memory: 1782272K Free: 1344376K (75%)
----------------- Invoking toplevel() on ptolemy.moml.MoMLSimpleApplication@301bf6c1
----------------- Done invoking toplevel() on ptolemy.moml.MoMLSimpleApplication@301bf6c1
reloadAllAccessors: .TriangularDistTestModel

===========================================================================================
----------------- testing Mon Oct 15 02:31:28 UTC 2018 /home/travis/build/icyphy/ptII/ptolemy/actor/lib/test/auto/TrigFunction.xml
----------------- Instantiating /home/travis/build/icyphy/ptII/ptolemy/actor/lib/test/auto/TrigFunction.xml
4 ms. Memory: 1782272K Free: 1328652K (75%)
----------------- Invoking toplevel() on ptolemy.moml.MoMLSimpleApplication@15b24044
----------------- Done invoking toplevel() on ptolemy.moml.MoMLSimpleApplication@15b24044
reloadAllAccessors: .TrigFunction

===========================================================================================
----------------- testing Mon Oct 15 02:31:29 UTC 2018 /home/travis/build/icyphy/ptII/ptolemy/actor/lib/test/auto/TrigFunctionDE.xml
----------------- Instantiating /home/travis/build/icyphy/ptII/ptolemy/actor/lib/test/auto/TrigFunctionDE.xml
1 ms. Memory: 1782272K Free: 1317538K (74%)
----------------- Invoking toplevel() on ptolemy.moml.MoMLSimpleApplication@4a4c3408
----------------- Done invoking toplevel() on ptolemy.moml.MoMLSimpleApplication@4a4c3408
reloadAllAccessors: .TrigFunctionDE

===========================================================================================
----------------- testing Mon Oct 15 02:31:29 UTC 2018 /home/travis/build/icyphy/ptII/ptolemy/actor/lib/test/auto/TrigFunctionInverse.xml
----------------- Instantiating /home/travis/build/icyphy/ptII/ptolemy/actor/lib/test/auto/TrigFunctionInverse.xml
2 ms. Memory: 1782272K Free: 1301814K (73%)
----------------- Invoking toplevel() on ptolemy.moml.MoMLSimpleApplication@60e939da
----------------- Done invoking toplevel() on ptolemy.moml.MoMLSimpleApplication@60e939da
reloadAllAccessors: .TrigFunctionInverse

===========================================================================================
----------------- testing Mon Oct 15 02:31:29 UTC 2018 /home/travis/build/icyphy/ptII/ptolemy/actor/lib/test/auto/TrigFunctionTan.xml
----------------- Instantiating /home/travis/build/icyphy/ptII/ptolemy/actor/lib/test/auto/TrigFunctionTan.xml
1 ms. Memory: 1782272K Free: 1290700K (72%)
----------------- Invoking toplevel() on ptolemy.moml.MoMLSimpleApplication@5ba21cdf
----------------- Done invoking toplevel() on ptolemy.moml.MoMLSimpleApplication@5ba21cdf
reloadAllAccessors: .TrigFunctionTan

===========================================================================================
----------------- testing Mon Oct 15 02:31:29 UTC 2018 /home/travis/build/icyphy/ptII/ptolemy/actor/lib/test/auto/TriggeredClock.xml
----------------- Instantiating /home/travis/build/icyphy/ptII/ptolemy/actor/lib/test/auto/TriggeredClock.xml
1 ms. Memory: 1782272K Free: 1274975K (72%)
----------------- Invoking toplevel() on ptolemy.moml.MoMLSimpleApplication@5e08db99
----------------- Done invoking toplevel() on ptolemy.moml.MoMLSimpleApplication@5e08db99
reloadAllAccessors: .TriggeredClock

===========================================================================================
----------------- testing Mon Oct 15 02:31:29 UTC 2018 /home/travis/build/icyphy/ptII/ptolemy/actor/lib/test/auto/URLDirectoryReader.xml
----------------- Instantiating /home/travis/build/icyphy/ptII/ptolemy/actor/lib/test/auto/URLDirectoryReader.xml
39 ms. Memory: 1782272K Free: 1253694K (70%)
----------------- Invoking toplevel() on ptolemy.moml.MoMLSimpleApplication@766cab21
----------------- Done invoking toplevel() on ptolemy.moml.MoMLSimpleApplication@766cab21
reloadAllAccessors: .URLDirectoryReader

===========================================================================================
----------------- testing Mon Oct 15 02:31:29 UTC 2018 /home/travis/build/icyphy/ptII/ptolemy/actor/lib/test/auto/URLDirectoryReader3.xml
----------------- Instantiating /home/travis/build/icyphy/ptII/ptolemy/actor/lib/test/auto/URLDirectoryReader3.xml
1185 ms. Memory: 1782272K Free: 1209237K (68%)
----------------- Invoking toplevel() on ptolemy.moml.MoMLSimpleApplication@3c4a4916
----------------- Done invoking toplevel() on ptolemy.moml.MoMLSimpleApplication@3c4a4916
reloadAllAccessors: .URLDirectoryReader3

===========================================================================================
----------------- testing Mon Oct 15 02:31:30 UTC 2018 /home/travis/build/icyphy/ptII/ptolemy/actor/lib/test/auto/UnaryMathFunction.xml
----------------- Instantiating /home/travis/build/icyphy/ptII/ptolemy/actor/lib/test/auto/UnaryMathFunction.xml
3 ms. Memory: 1782272K Free: 1193512K (67%)
----------------- Invoking toplevel() on ptolemy.moml.MoMLSimpleApplication@33ba5bb2
----------------- Done invoking toplevel() on ptolemy.moml.MoMLSimpleApplication@33ba5bb2
reloadAllAccessors: .UnaryMathFunction

===========================================================================================
----------------- testing Mon Oct 15 02:31:30 UTC 2018 /home/travis/build/icyphy/ptII/ptolemy/actor/lib/test/auto/Uniform.xml
----------------- Instantiating /home/travis/build/icyphy/ptII/ptolemy/actor/lib/test/auto/Uniform.xml
9 ms. Memory: 1782272K Free: 1182399K (66%)
----------------- Invoking toplevel() on ptolemy.moml.MoMLSimpleApplication@179d1df4
----------------- Done invoking toplevel() on ptolemy.moml.MoMLSimpleApplication@179d1df4
reloadAllAccessors: .Uniform

===========================================================================================
----------------- testing Mon Oct 15 02:31:30 UTC 2018 /home/travis/build/icyphy/ptII/ptolemy/actor/lib/test/auto/UnionDisassemblerTest.xml
----------------- Instantiating /home/travis/build/icyphy/ptII/ptolemy/actor/lib/test/auto/UnionDisassemblerTest.xml
10 ms. Memory: 1782272K Free: 1166674K (65%)
----------------- Invoking toplevel() on ptolemy.moml.MoMLSimpleApplication@1268b7ef
----------------- Done invoking toplevel() on ptolemy.moml.MoMLSimpleApplication@1268b7ef
reloadAllAccessors: .UnionDisassemblerTest

===========================================================================================
----------------- testing Mon Oct 15 02:31:30 UTC 2018 /home/travis/build/icyphy/ptII/ptolemy/actor/lib/test/auto/UtilityFunctions.xml
----------------- Instantiating /home/travis/build/icyphy/ptII/ptolemy/actor/lib/test/auto/UtilityFunctions.xml
5 ms. Memory: 1782272K Free: 1155560K (65%)
----------------- Invoking toplevel() on ptolemy.moml.MoMLSimpleApplication@5bc49145
----------------- Done invoking toplevel() on ptolemy.moml.MoMLSimpleApplication@5bc49145
reloadAllAccessors: .UtilityFunctions

===========================================================================================
----------------- testing Mon Oct 15 02:31:30 UTC 2018 /home/travis/build/icyphy/ptII/ptolemy/actor/lib/test/auto/VariableSleep.xml
----------------- Instantiating /home/travis/build/icyphy/ptII/ptolemy/actor/lib/test/auto/VariableSleep.xml
511 ms. Memory: 1782272K Free: 1139836K (64%)
----------------- Invoking toplevel() on ptolemy.moml.MoMLSimpleApplication@5bb288e5
----------------- Done invoking toplevel() on ptolemy.moml.MoMLSimpleApplication@5bb288e5
reloadAllAccessors: .VariableSleep

===========================================================================================
----------------- testing Mon Oct 15 02:31:31 UTC 2018 /home/travis/build/icyphy/ptII/ptolemy/actor/lib/test/auto/VectorAssemblerDisassemblerCT.xml
----------------- Instantiating /home/travis/build/icyphy/ptII/ptolemy/actor/lib/test/auto/VectorAssemblerDisassemblerCT.xml
69 ms. Memory: 1782272K Free: 1106462K (62%)
----------------- Invoking toplevel() on ptolemy.moml.MoMLSimpleApplication@3be74a70
----------------- Done invoking toplevel() on ptolemy.moml.MoMLSimpleApplication@3be74a70
reloadAllAccessors: .VectorAssemblerDisassemblerCT

===========================================================================================
----------------- testing Mon Oct 15 02:31:31 UTC 2018 /home/travis/build/icyphy/ptII/ptolemy/actor/lib/test/auto/VectorAssemblerDisassemblerDE.xml
----------------- Instantiating /home/travis/build/icyphy/ptII/ptolemy/actor/lib/test/auto/VectorAssemblerDisassemblerDE.xml
3 ms. Memory: 1782272K Free: 1090738K (61%)
----------------- Invoking toplevel() on ptolemy.moml.MoMLSimpleApplication@26b3717d
----------------- Done invoking toplevel() on ptolemy.moml.MoMLSimpleApplication@26b3717d
reloadAllAccessors: .VectorAssemblerDisassemblerDE

===========================================================================================
----------------- testing Mon Oct 15 02:31:31 UTC 2018 /home/travis/build/icyphy/ptII/ptolemy/actor/lib/test/auto/VectorAssemblerDisassemblerSDF.xml
----------------- Instantiating /home/travis/build/icyphy/ptII/ptolemy/actor/lib/test/auto/VectorAssemblerDisassemblerSDF.xml
3 ms. Memory: 1782272K Free: 1075013K (60%)
----------------- Invoking toplevel() on ptolemy.moml.MoMLSimpleApplication@1f3bb958
----------------- Done invoking toplevel() on ptolemy.moml.MoMLSimpleApplication@1f3bb958
reloadAllAccessors: .VectorAssemblerDisassemblerSDF

===========================================================================================
----------------- testing Mon Oct 15 02:31:31 UTC 2018 /home/travis/build/icyphy/ptII/ptolemy/actor/lib/test/auto/WallClockTime.xml
----------------- Instantiating /home/travis/build/icyphy/ptII/ptolemy/actor/lib/test/auto/WallClockTime.xml
1004 ms. Memory: 1782272K Free: 1063900K (60%)
----------------- Invoking toplevel() on ptolemy.moml.MoMLSimpleApplication@2edb2864
----------------- Done invoking toplevel() on ptolemy.moml.MoMLSimpleApplication@2edb2864
reloadAllAccessors: .WallClockTime

===========================================================================================
----------------- testing Mon Oct 15 02:31:32 UTC 2018 /home/travis/build/icyphy/ptII/ptolemy/actor/lib/test/auto/WidthTestWithSubscriberPublisher.xml
----------------- Instantiating /home/travis/build/icyphy/ptII/ptolemy/actor/lib/test/auto/WidthTestWithSubscriberPublisher.xml
6 ms. Memory: 1782272K Free: 1037053K (58%)
----------------- Invoking toplevel() on ptolemy.moml.MoMLSimpleApplication@5a90309c
----------------- Done invoking toplevel() on ptolemy.moml.MoMLSimpleApplication@5a90309c
reloadAllAccessors: .WidthTestWithSubscriberPublisher

===========================================================================================
----------------- testing Mon Oct 15 02:31:32 UTC 2018 /home/travis/build/icyphy/ptII/ptolemy/actor/lib/test/auto/WidthTestWithSubscriberPublisher2.xml
----------------- Instantiating /home/travis/build/icyphy/ptII/ptolemy/actor/lib/test/auto/WidthTestWithSubscriberPublisher2.xml
2 ms. Memory: 1782272K Free: 1025940K (58%)
----------------- Invoking toplevel() on ptolemy.moml.MoMLSimpleApplication@3ed5cd8f
----------------- Done invoking toplevel() on ptolemy.moml.MoMLSimpleApplication@3ed5cd8f
reloadAllAccessors: .WidthTestWithSubscriberPublisher2

===========================================================================================
----------------- testing Mon Oct 15 02:31:32 UTC 2018 /home/travis/build/icyphy/ptII/ptolemy/actor/lib/test/auto/WidthTestWithSubscriberPublisher3.xml
----------------- Instantiating /home/travis/build/icyphy/ptII/ptolemy/actor/lib/test/auto/WidthTestWithSubscriberPublisher3.xml
2 ms. Memory: 1782272K Free: 1010215K (57%)
----------------- Invoking toplevel() on ptolemy.moml.MoMLSimpleApplication@14c699ba
----------------- Done invoking toplevel() on ptolemy.moml.MoMLSimpleApplication@14c699ba
reloadAllAccessors: .WidthTestWithSubscriberPublisher3

===========================================================================================
----------------- testing Mon Oct 15 02:31:32 UTC 2018 /home/travis/build/icyphy/ptII/ptolemy/actor/lib/test/auto/Writer.xml
----------------- Instantiating /home/travis/build/icyphy/ptII/ptolemy/actor/lib/test/auto/Writer.xml
0
1
2
3
4
1 ms. Memory: 1782272K Free: 999101K (56%)
----------------- Invoking toplevel() on ptolemy.moml.MoMLSimpleApplication@36140c88
----------------- Done invoking toplevel() on ptolemy.moml.MoMLSimpleApplication@36140c88
reloadAllAccessors: .Writer

===========================================================================================
----------------- testing Mon Oct 15 02:31:32 UTC 2018 /home/travis/build/icyphy/ptII/ptolemy/actor/lib/test/auto/array.xml
----------------- Instantiating /home/travis/build/icyphy/ptII/ptolemy/actor/lib/test/auto/array.xml
2 ms. Memory: 1782272K Free: 983377K (55%)
----------------- Invoking toplevel() on ptolemy.moml.MoMLSimpleApplication@df0d47d
----------------- Done invoking toplevel() on ptolemy.moml.MoMLSimpleApplication@df0d47d
reloadAllAccessors: .array

===========================================================================================
----------------- testing Mon Oct 15 02:31:32 UTC 2018 /home/travis/build/icyphy/ptII/ptolemy/actor/lib/test/auto/array2.xml
----------------- Instantiating /home/travis/build/icyphy/ptII/ptolemy/actor/lib/test/auto/array2.xml
2 ms. Memory: 1782272K Free: 972263K (55%)
----------------- Invoking toplevel() on ptolemy.moml.MoMLSimpleApplication@3f189154
----------------- Done invoking toplevel() on ptolemy.moml.MoMLSimpleApplication@3f189154
reloadAllAccessors: .array2

===========================================================================================
----------------- testing Mon Oct 15 02:31:32 UTC 2018 /home/travis/build/icyphy/ptII/ptolemy/actor/lib/test/auto/arrayType.xml
----------------- Instantiating /home/travis/build/icyphy/ptII/ptolemy/actor/lib/test/auto/arrayType.xml
1 ms. Memory: 1782272K Free: 956539K (54%)
----------------- Invoking toplevel() on ptolemy.moml.MoMLSimpleApplication@7d4134a6
----------------- Done invoking toplevel() on ptolemy.moml.MoMLSimpleApplication@7d4134a6
reloadAllAccessors: .arrayType

===========================================================================================
----------------- testing Mon Oct 15 02:31:32 UTC 2018 /home/travis/build/icyphy/ptII/ptolemy/actor/lib/test/auto/arrayType10.xml
----------------- Instantiating /home/travis/build/icyphy/ptII/ptolemy/actor/lib/test/auto/arrayType10.xml
1 ms. Memory: 1782272K Free: 940815K (53%)
----------------- Invoking toplevel() on ptolemy.moml.MoMLSimpleApplication@65844ec2
----------------- Done invoking toplevel() on ptolemy.moml.MoMLSimpleApplication@65844ec2
reloadAllAccessors: .arrayType10

===========================================================================================
----------------- testing Mon Oct 15 02:31:32 UTC 2018 /home/travis/build/icyphy/ptII/ptolemy/actor/lib/test/auto/arrayType11.xml
----------------- Instantiating /home/travis/build/icyphy/ptII/ptolemy/actor/lib/test/auto/arrayType11.xml
1 ms. Memory: 1782272K Free: 929701K (52%)
----------------- Invoking toplevel() on ptolemy.moml.MoMLSimpleApplication@23a248a6
----------------- Done invoking toplevel() on ptolemy.moml.MoMLSimpleApplication@23a248a6
reloadAllAccessors: .arrayType11

===========================================================================================
----------------- testing Mon Oct 15 02:31:32 UTC 2018 /home/travis/build/icyphy/ptII/ptolemy/actor/lib/test/auto/arrayType12.xml
----------------- Instantiating /home/travis/build/icyphy/ptII/ptolemy/actor/lib/test/auto/arrayType12.xml
1 ms. Memory: 1782272K Free: 913977K (51%)
----------------- Invoking toplevel() on ptolemy.moml.MoMLSimpleApplication@73a648ac
----------------- Done invoking toplevel() on ptolemy.moml.MoMLSimpleApplication@73a648ac
reloadAllAccessors: .arrayType12

===========================================================================================
----------------- testing Mon Oct 15 02:31:32 UTC 2018 /home/travis/build/icyphy/ptII/ptolemy/actor/lib/test/auto/arrayType13.xml
----------------- Instantiating /home/travis/build/icyphy/ptII/ptolemy/actor/lib/test/auto/arrayType13.xml
2 ms. Memory: 1782272K Free: 902863K (51%)
----------------- Invoking toplevel() on ptolemy.moml.MoMLSimpleApplication@4b080eea
----------------- Done invoking toplevel() on ptolemy.moml.MoMLSimpleApplication@4b080eea
reloadAllAccessors: .arrayType13

===========================================================================================
----------------- testing Mon Oct 15 02:31:32 UTC 2018 /home/travis/build/icyphy/ptII/ptolemy/actor/lib/test/auto/arrayType14.xml
----------------- Instantiating /home/travis/build/icyphy/ptII/ptolemy/actor/lib/test/auto/arrayType14.xml
1 ms. Memory: 1782272K Free: 887139K (50%)
----------------- Invoking toplevel() on ptolemy.moml.MoMLSimpleApplication@628712e2
----------------- Done invoking toplevel() on ptolemy.moml.MoMLSimpleApplication@628712e2
reloadAllAccessors: .arrayType14

===========================================================================================
----------------- testing Mon Oct 15 02:31:32 UTC 2018 /home/travis/build/icyphy/ptII/ptolemy/actor/lib/test/auto/arrayType15.xml
----------------- Instantiating /home/travis/build/icyphy/ptII/ptolemy/actor/lib/test/auto/arrayType15.xml
1 ms. Memory: 1782272K Free: 876025K (49%)
----------------- Invoking toplevel() on ptolemy.moml.MoMLSimpleApplication@7bedaf1c
----------------- Done invoking toplevel() on ptolemy.moml.MoMLSimpleApplication@7bedaf1c
reloadAllAccessors: .arrayType15

===========================================================================================
----------------- testing Mon Oct 15 02:31:32 UTC 2018 /home/travis/build/icyphy/ptII/ptolemy/actor/lib/test/auto/arrayType16.xml
----------------- Instantiating /home/travis/build/icyphy/ptII/ptolemy/actor/lib/test/auto/arrayType16.xml
2 ms. Memory: 1782272K Free: 860299K (48%)
----------------- Invoking toplevel() on ptolemy.moml.MoMLSimpleApplication@5be4bea7
----------------- Done invoking toplevel() on ptolemy.moml.MoMLSimpleApplication@5be4bea7
reloadAllAccessors: .arrayType16

===========================================================================================
----------------- testing Mon Oct 15 02:31:32 UTC 2018 /home/travis/build/icyphy/ptII/ptolemy/actor/lib/test/auto/arrayType17.xml
----------------- Instantiating /home/travis/build/icyphy/ptII/ptolemy/actor/lib/test/auto/arrayType17.xml
2 ms. Memory: 1782272K Free: 849185K (48%)
----------------- Invoking toplevel() on ptolemy.moml.MoMLSimpleApplication@243c67a8
----------------- Done invoking toplevel() on ptolemy.moml.MoMLSimpleApplication@243c67a8
reloadAllAccessors: .arrayType17

===========================================================================================
----------------- testing Mon Oct 15 02:31:32 UTC 2018 /home/travis/build/icyphy/ptII/ptolemy/actor/lib/test/auto/arrayType18.xml
----------------- Instantiating /home/travis/build/icyphy/ptII/ptolemy/actor/lib/test/auto/arrayType18.xml
1 ms. Memory: 1782272K Free: 833461K (47%)
----------------- Invoking toplevel() on ptolemy.moml.MoMLSimpleApplication@7f041748
----------------- Done invoking toplevel() on ptolemy.moml.MoMLSimpleApplication@7f041748
reloadAllAccessors: .arrayType18

===========================================================================================
----------------- testing Mon Oct 15 02:31:32 UTC 2018 /home/travis/build/icyphy/ptII/ptolemy/actor/lib/test/auto/arrayType19.xml
----------------- Instantiating /home/travis/build/icyphy/ptII/ptolemy/actor/lib/test/auto/arrayType19.xml
1 ms. Memory: 1782272K Free: 822347K (46%)
----------------- Invoking toplevel() on ptolemy.moml.MoMLSimpleApplication@53ad6a2a
----------------- Done invoking toplevel() on ptolemy.moml.MoMLSimpleApplication@53ad6a2a
reloadAllAccessors: .arrayType19

===========================================================================================
----------------- testing Mon Oct 15 02:31:32 UTC 2018 /home/travis/build/icyphy/ptII/ptolemy/actor/lib/test/auto/arrayType2.xml
----------------- Instantiating /home/travis/build/icyphy/ptII/ptolemy/actor/lib/test/auto/arrayType2.xml
1 ms. Memory: 1782272K Free: 806623K (45%)
----------------- Invoking toplevel() on ptolemy.moml.MoMLSimpleApplication@58631a7a
----------------- Done invoking toplevel() on ptolemy.moml.MoMLSimpleApplication@58631a7a
reloadAllAccessors: .arrayType2

===========================================================================================
----------------- testing Mon Oct 15 02:31:32 UTC 2018 /home/travis/build/icyphy/ptII/ptolemy/actor/lib/test/auto/arrayType20.xml
----------------- Instantiating /home/travis/build/icyphy/ptII/ptolemy/actor/lib/test/auto/arrayType20.xml
1 ms. Memory: 1782272K Free: 790899K (44%)
----------------- Invoking toplevel() on ptolemy.moml.MoMLSimpleApplication@7e8942c5
----------------- Done invoking toplevel() on ptolemy.moml.MoMLSimpleApplication@7e8942c5
reloadAllAccessors: .arrayType20

===========================================================================================
----------------- testing Mon Oct 15 02:31:32 UTC 2018 /home/travis/build/icyphy/ptII/ptolemy/actor/lib/test/auto/arrayType21.xml
----------------- Instantiating /home/travis/build/icyphy/ptII/ptolemy/actor/lib/test/auto/arrayType21.xml
1 ms. Memory: 1782272K Free: 779785K (44%)
----------------- Invoking toplevel() on ptolemy.moml.MoMLSimpleApplication@22cac3af
----------------- Done invoking toplevel() on ptolemy.moml.MoMLSimpleApplication@22cac3af
reloadAllAccessors: .arrayType21

===========================================================================================
----------------- testing Mon Oct 15 02:31:32 UTC 2018 /home/travis/build/icyphy/ptII/ptolemy/actor/lib/test/auto/arrayType22.xml
----------------- Instantiating /home/travis/build/icyphy/ptII/ptolemy/actor/lib/test/auto/arrayType22.xml
2 ms. Memory: 1782272K Free: 764061K (43%)
----------------- Invoking toplevel() on ptolemy.moml.MoMLSimpleApplication@1f17153d
----------------- Done invoking toplevel() on ptolemy.moml.MoMLSimpleApplication@1f17153d
reloadAllAccessors: .arrayType22

===========================================================================================
----------------- testing Mon Oct 15 02:31:32 UTC 2018 /home/travis/build/icyphy/ptII/ptolemy/actor/lib/test/auto/arrayType23.xml
----------------- Instantiating /home/travis/build/icyphy/ptII/ptolemy/actor/lib/test/auto/arrayType23.xml
2 ms. Memory: 1782272K Free: 752947K (42%)
----------------- Invoking toplevel() on ptolemy.moml.MoMLSimpleApplication@1efa2ab3
----------------- Done invoking toplevel() on ptolemy.moml.MoMLSimpleApplication@1efa2ab3
reloadAllAccessors: .arrayType23

===========================================================================================
----------------- testing Mon Oct 15 02:31:32 UTC 2018 /home/travis/build/icyphy/ptII/ptolemy/actor/lib/test/auto/arrayType24.xml
----------------- Instantiating /home/travis/build/icyphy/ptII/ptolemy/actor/lib/test/auto/arrayType24.xml
1 ms. Memory: 1782272K Free: 737223K (41%)
----------------- Invoking toplevel() on ptolemy.moml.MoMLSimpleApplication@659bd782
----------------- Done invoking toplevel() on ptolemy.moml.MoMLSimpleApplication@659bd782
reloadAllAccessors: .arrayType24

===========================================================================================
----------------- testing Mon Oct 15 02:31:32 UTC 2018 /home/travis/build/icyphy/ptII/ptolemy/actor/lib/test/auto/arrayType25.xml
----------------- Instantiating /home/travis/build/icyphy/ptII/ptolemy/actor/lib/test/auto/arrayType25.xml
1 ms. Memory: 1782272K Free: 726109K (41%)
----------------- Invoking toplevel() on ptolemy.moml.MoMLSimpleApplication@2ade41aa
----------------- Done invoking toplevel() on ptolemy.moml.MoMLSimpleApplication@2ade41aa
reloadAllAccessors: .arrayType25

===========================================================================================
----------------- testing Mon Oct 15 02:31:32 UTC 2018 /home/travis/build/icyphy/ptII/ptolemy/actor/lib/test/auto/arrayType26.xml
----------------- Instantiating /home/travis/build/icyphy/ptII/ptolemy/actor/lib/test/auto/arrayType26.xml
2 ms. Memory: 1782272K Free: 710384K (40%)
----------------- Invoking toplevel() on ptolemy.moml.MoMLSimpleApplication@21ec219e
----------------- Done invoking toplevel() on ptolemy.moml.MoMLSimpleApplication@21ec219e
reloadAllAccessors: .arrayType26

===========================================================================================
----------------- testing Mon Oct 15 02:31:32 UTC 2018 /home/travis/build/icyphy/ptII/ptolemy/actor/lib/test/auto/arrayType27.xml
----------------- Instantiating /home/travis/build/icyphy/ptII/ptolemy/actor/lib/test/auto/arrayType27.xml
1 ms. Memory: 1782272K Free: 699271K (39%)
----------------- Invoking toplevel() on ptolemy.moml.MoMLSimpleApplication@445a3701
----------------- Done invoking toplevel() on ptolemy.moml.MoMLSimpleApplication@445a3701
reloadAllAccessors: .arrayType27

===========================================================================================
----------------- testing Mon Oct 15 02:31:32 UTC 2018 /home/travis/build/icyphy/ptII/ptolemy/actor/lib/test/auto/arrayType28.xml
----------------- Instantiating /home/travis/build/icyphy/ptII/ptolemy/actor/lib/test/auto/arrayType28.xml
1 ms. Memory: 1782272K Free: 683546K (38%)
----------------- Invoking toplevel() on ptolemy.moml.MoMLSimpleApplication@309130b9
----------------- Done invoking toplevel() on ptolemy.moml.MoMLSimpleApplication@309130b9
reloadAllAccessors: .arrayType28

===========================================================================================
----------------- testing Mon Oct 15 02:31:32 UTC 2018 /home/travis/build/icyphy/ptII/ptolemy/actor/lib/test/auto/arrayType3.xml
----------------- Instantiating /home/travis/build/icyphy/ptII/ptolemy/actor/lib/test/auto/arrayType3.xml
1 ms. Memory: 1782272K Free: 667822K (37%)
----------------- Invoking toplevel() on ptolemy.moml.MoMLSimpleApplication@308d13ea
----------------- Done invoking toplevel() on ptolemy.moml.MoMLSimpleApplication@308d13ea
reloadAllAccessors: .arrayType3

===========================================================================================
----------------- testing Mon Oct 15 02:31:32 UTC 2018 /home/travis/build/icyphy/ptII/ptolemy/actor/lib/test/auto/arrayType4.xml
----------------- Instantiating /home/travis/build/icyphy/ptII/ptolemy/actor/lib/test/auto/arrayType4.xml
1 ms. Memory: 1782272K Free: 656708K (37%)
----------------- Invoking toplevel() on ptolemy.moml.MoMLSimpleApplication@5873a2e4
----------------- Done invoking toplevel() on ptolemy.moml.MoMLSimpleApplication@5873a2e4
reloadAllAccessors: .arrayType4

===========================================================================================
----------------- testing Mon Oct 15 02:31:32 UTC 2018 /home/travis/build/icyphy/ptII/ptolemy/actor/lib/test/auto/arrayType5.xml
----------------- Instantiating /home/travis/build/icyphy/ptII/ptolemy/actor/lib/test/auto/arrayType5.xml
1 ms. Memory: 1782272K Free: 640984K (36%)
----------------- Invoking toplevel() on ptolemy.moml.MoMLSimpleApplication@7e378e9e
----------------- Done invoking toplevel() on ptolemy.moml.MoMLSimpleApplication@7e378e9e
reloadAllAccessors: .arrayType5

===========================================================================================
----------------- testing Mon Oct 15 02:31:32 UTC 2018 /home/travis/build/icyphy/ptII/ptolemy/actor/lib/test/auto/arrayType6.xml
----------------- Instantiating /home/travis/build/icyphy/ptII/ptolemy/actor/lib/test/auto/arrayType6.xml
1 ms. Memory: 1782272K Free: 629870K (35%)
----------------- Invoking toplevel() on ptolemy.moml.MoMLSimpleApplication@4538b183
----------------- Done invoking toplevel() on ptolemy.moml.MoMLSimpleApplication@4538b183
reloadAllAccessors: .arrayType6

===========================================================================================
----------------- testing Mon Oct 15 02:31:32 UTC 2018 /home/travis/build/icyphy/ptII/ptolemy/actor/lib/test/auto/arrayType7.xml
----------------- Instantiating /home/travis/build/icyphy/ptII/ptolemy/actor/lib/test/auto/arrayType7.xml
1 ms. Memory: 1782272K Free: 614145K (34%)
----------------- Invoking toplevel() on ptolemy.moml.MoMLSimpleApplication@346aeba0
----------------- Done invoking toplevel() on ptolemy.moml.MoMLSimpleApplication@346aeba0
reloadAllAccessors: .arrayType7

===========================================================================================
----------------- testing Mon Oct 15 02:31:32 UTC 2018 /home/travis/build/icyphy/ptII/ptolemy/actor/lib/test/auto/arrayType8.xml
----------------- Instantiating /home/travis/build/icyphy/ptII/ptolemy/actor/lib/test/auto/arrayType8.xml
1 ms. Memory: 1782272K Free: 603032K (34%)
----------------- Invoking toplevel() on ptolemy.moml.MoMLSimpleApplication@358103d
----------------- Done invoking toplevel() on ptolemy.moml.MoMLSimpleApplication@358103d
reloadAllAccessors: .arrayType8

===========================================================================================
----------------- testing Mon Oct 15 02:31:32 UTC 2018 /home/travis/build/icyphy/ptII/ptolemy/actor/lib/test/auto/arrayType9.xml
----------------- Instantiating /home/travis/build/icyphy/ptII/ptolemy/actor/lib/test/auto/arrayType9.xml
1 ms. Memory: 1782272K Free: 587307K (33%)
----------------- Invoking toplevel() on ptolemy.moml.MoMLSimpleApplication@1659de56
----------------- Done invoking toplevel() on ptolemy.moml.MoMLSimpleApplication@1659de56
reloadAllAccessors: .arrayType9

===========================================================================================
----------------- testing Mon Oct 15 02:31:32 UTC 2018 /home/travis/build/icyphy/ptII/ptolemy/actor/lib/test/auto/cast.xml
----------------- Instantiating /home/travis/build/icyphy/ptII/ptolemy/actor/lib/test/auto/cast.xml
1 ms. Memory: 1782272K Free: 571583K (32%)
----------------- Invoking toplevel() on ptolemy.moml.MoMLSimpleApplication@78ed98a8
----------------- Done invoking toplevel() on ptolemy.moml.MoMLSimpleApplication@78ed98a8
reloadAllAccessors: .cast

===========================================================================================
----------------- testing Mon Oct 15 02:31:33 UTC 2018 /home/travis/build/icyphy/ptII/ptolemy/actor/lib/test/auto/compositeMultiPort.xml
----------------- Instantiating /home/travis/build/icyphy/ptII/ptolemy/actor/lib/test/auto/compositeMultiPort.xml
2 ms. Memory: 1782272K Free: 554896K (31%)
----------------- Invoking toplevel() on ptolemy.moml.MoMLSimpleApplication@4c24631
----------------- Done invoking toplevel() on ptolemy.moml.MoMLSimpleApplication@4c24631
reloadAllAccessors: .compositeMultiPort

===========================================================================================
----------------- testing Mon Oct 15 02:31:33 UTC 2018 /home/travis/build/icyphy/ptII/ptolemy/actor/lib/test/auto/expressionCastInference.xml
----------------- Instantiating /home/travis/build/icyphy/ptII/ptolemy/actor/lib/test/auto/expressionCastInference.xml
2 ms. Memory: 1782272K Free: 539172K (30%)
----------------- Invoking toplevel() on ptolemy.moml.MoMLSimpleApplication@4cb45672
----------------- Done invoking toplevel() on ptolemy.moml.MoMLSimpleApplication@4cb45672
reloadAllAccessors: .expressionCastInference

===========================================================================================
----------------- testing Mon Oct 15 02:31:33 UTC 2018 /home/travis/build/icyphy/ptII/ptolemy/actor/lib/test/auto/expressionCastInference2.xml
----------------- Instantiating /home/travis/build/icyphy/ptII/ptolemy/actor/lib/test/auto/expressionCastInference2.xml
2 ms. Memory: 1782272K Free: 528058K (30%)
----------------- Invoking toplevel() on ptolemy.moml.MoMLSimpleApplication@387fb6d
----------------- Done invoking toplevel() on ptolemy.moml.MoMLSimpleApplication@387fb6d
reloadAllAccessors: .expressionCastInference2

===========================================================================================
----------------- testing Mon Oct 15 02:31:33 UTC 2018 /home/travis/build/icyphy/ptII/ptolemy/actor/lib/test/auto/expressionInference.xml
----------------- Instantiating /home/travis/build/icyphy/ptII/ptolemy/actor/lib/test/auto/expressionInference.xml
1 ms. Memory: 1782272K Free: 512334K (29%)
----------------- Invoking toplevel() on ptolemy.moml.MoMLSimpleApplication@c956ab3
----------------- Done invoking toplevel() on ptolemy.moml.MoMLSimpleApplication@c956ab3
reloadAllAccessors: .expressionInference

===========================================================================================
----------------- testing Mon Oct 15 02:31:33 UTC 2018 /home/travis/build/icyphy/ptII/ptolemy/actor/lib/test/auto/expression_bug.xml
----------------- Instantiating /home/travis/build/icyphy/ptII/ptolemy/actor/lib/test/auto/expression_bug.xml
1 ms. Memory: 1782272K Free: 501220K (28%)
----------------- Invoking toplevel() on ptolemy.moml.MoMLSimpleApplication@400dee29
----------------- Done invoking toplevel() on ptolemy.moml.MoMLSimpleApplication@400dee29
reloadAllAccessors: .expression_bug

===========================================================================================
----------------- testing Mon Oct 15 02:31:33 UTC 2018 /home/travis/build/icyphy/ptII/ptolemy/actor/lib/test/auto/factorial.xml
----------------- Instantiating /home/travis/build/icyphy/ptII/ptolemy/actor/lib/test/auto/factorial.xml
31 ms. Memory: 1782272K Free: 485496K (27%)
----------------- Invoking toplevel() on ptolemy.moml.MoMLSimpleApplication@66d15a0d
----------------- Done invoking toplevel() on ptolemy.moml.MoMLSimpleApplication@66d15a0d
reloadAllAccessors: .factorial

===========================================================================================
----------------- testing Mon Oct 15 02:31:33 UTC 2018 /home/travis/build/icyphy/ptII/ptolemy/actor/lib/test/auto/filterTest1.xml
----------------- Instantiating /home/travis/build/icyphy/ptII/ptolemy/actor/lib/test/auto/filterTest1.xml
3 ms. Memory: 1782272K Free: 474382K (27%)
----------------- Invoking toplevel() on ptolemy.moml.MoMLSimpleApplication@7b778cd0
----------------- Done invoking toplevel() on ptolemy.moml.MoMLSimpleApplication@7b778cd0
reloadAllAccessors: .filterTest1

===========================================================================================
----------------- testing Mon Oct 15 02:31:33 UTC 2018 /home/travis/build/icyphy/ptII/ptolemy/actor/lib/test/auto/funcApplyInConst.xml
----------------- Instantiating /home/travis/build/icyphy/ptII/ptolemy/actor/lib/test/auto/funcApplyInConst.xml
1 ms. Memory: 1782272K Free: 458658K (26%)
----------------- Invoking toplevel() on ptolemy.moml.MoMLSimpleApplication@67bf9074
----------------- Done invoking toplevel() on ptolemy.moml.MoMLSimpleApplication@67bf9074
reloadAllAccessors: .funcApplyInConst

===========================================================================================
----------------- testing Mon Oct 15 02:31:33 UTC 2018 /home/travis/build/icyphy/ptII/ptolemy/actor/lib/test/auto/funcApplyInExpr.xml
----------------- Instantiating /home/travis/build/icyphy/ptII/ptolemy/actor/lib/test/auto/funcApplyInExpr.xml
1 ms. Memory: 1782272K Free: 442933K (25%)
----------------- Invoking toplevel() on ptolemy.moml.MoMLSimpleApplication@a6db49a
----------------- Done invoking toplevel() on ptolemy.moml.MoMLSimpleApplication@a6db49a
reloadAllAccessors: .funcApplyInExpr

===========================================================================================
----------------- testing Mon Oct 15 02:31:33 UTC 2018 /home/travis/build/icyphy/ptII/ptolemy/actor/lib/test/auto/function.xml
----------------- Instantiating /home/travis/build/icyphy/ptII/ptolemy/actor/lib/test/auto/function.xml
2 ms. Memory: 1782272K Free: 431820K (24%)
----------------- Invoking toplevel() on ptolemy.moml.MoMLSimpleApplication@79088ba6
----------------- Done invoking toplevel() on ptolemy.moml.MoMLSimpleApplication@79088ba6
reloadAllAccessors: .function

===========================================================================================
----------------- testing Mon Oct 15 02:31:33 UTC 2018 /home/travis/build/icyphy/ptII/ptolemy/actor/lib/test/auto/function2.xml
----------------- Instantiating /home/travis/build/icyphy/ptII/ptolemy/actor/lib/test/auto/function2.xml
2 ms. Memory: 1782272K Free: 416095K (23%)
----------------- Invoking toplevel() on ptolemy.moml.MoMLSimpleApplication@3217d4dd
----------------- Done invoking toplevel() on ptolemy.moml.MoMLSimpleApplication@3217d4dd
reloadAllAccessors: .function2

===========================================================================================
----------------- testing Mon Oct 15 02:31:33 UTC 2018 /home/travis/build/icyphy/ptII/ptolemy/actor/lib/test/auto/function3.xml
----------------- Instantiating /home/travis/build/icyphy/ptII/ptolemy/actor/lib/test/auto/function3.xml
1 ms. Memory: 1782272K Free: 404981K (23%)
----------------- Invoking toplevel() on ptolemy.moml.MoMLSimpleApplication@2054a79a
----------------- Done invoking toplevel() on ptolemy.moml.MoMLSimpleApplication@2054a79a
reloadAllAccessors: .function3

===========================================================================================
----------------- testing Mon Oct 15 02:31:33 UTC 2018 /home/travis/build/icyphy/ptII/ptolemy/actor/lib/test/auto/functionClosureTest1.xml
----------------- Instantiating /home/travis/build/icyphy/ptII/ptolemy/actor/lib/test/auto/functionClosureTest1.xml
2 ms. Memory: 1782272K Free: 389257K (22%)
----------------- Invoking toplevel() on ptolemy.moml.MoMLSimpleApplication@20cf322b
----------------- Done invoking toplevel() on ptolemy.moml.MoMLSimpleApplication@20cf322b
reloadAllAccessors: .functionClosureTest1

===========================================================================================
----------------- testing Mon Oct 15 02:31:33 UTC 2018 /home/travis/build/icyphy/ptII/ptolemy/actor/lib/test/auto/functionClosureTest2.xml
----------------- Instantiating /home/travis/build/icyphy/ptII/ptolemy/actor/lib/test/auto/functionClosureTest2.xml
1 ms. Memory: 1782272K Free: 378143K (21%)
----------------- Invoking toplevel() on ptolemy.moml.MoMLSimpleApplication@7f4005a3
----------------- Done invoking toplevel() on ptolemy.moml.MoMLSimpleApplication@7f4005a3
reloadAllAccessors: .functionClosureTest2

===========================================================================================
----------------- testing Mon Oct 15 02:31:33 UTC 2018 /home/travis/build/icyphy/ptII/ptolemy/actor/lib/test/auto/functionClosureTest3.xml
----------------- Instantiating /home/travis/build/icyphy/ptII/ptolemy/actor/lib/test/auto/functionClosureTest3.xml
1 ms. Memory: 1782272K Free: 362419K (20%)
----------------- Invoking toplevel() on ptolemy.moml.MoMLSimpleApplication@76f2d19a
----------------- Done invoking toplevel() on ptolemy.moml.MoMLSimpleApplication@76f2d19a
reloadAllAccessors: .functionClosureTest3

===========================================================================================
----------------- testing Mon Oct 15 02:31:33 UTC 2018 /home/travis/build/icyphy/ptII/ptolemy/actor/lib/test/auto/functionClosureTest4.xml
----------------- Instantiating /home/travis/build/icyphy/ptII/ptolemy/actor/lib/test/auto/functionClosureTest4.xml
2 ms. Memory: 1782272K Free: 346695K (19%)
----------------- Invoking toplevel() on ptolemy.moml.MoMLSimpleApplication@28ad5dfd
----------------- Done invoking toplevel() on ptolemy.moml.MoMLSimpleApplication@28ad5dfd
reloadAllAccessors: .functionClosureTest4

===========================================================================================
----------------- testing Mon Oct 15 02:31:33 UTC 2018 /home/travis/build/icyphy/ptII/ptolemy/actor/lib/test/auto/functionClosureTest5.xml
----------------- Instantiating /home/travis/build/icyphy/ptII/ptolemy/actor/lib/test/auto/functionClosureTest5.xml
3 ms. Memory: 1782272K Free: 335581K (19%)
----------------- Invoking toplevel() on ptolemy.moml.MoMLSimpleApplication@2be269c7
----------------- Done invoking toplevel() on ptolemy.moml.MoMLSimpleApplication@2be269c7
reloadAllAccessors: .functionClosureTest5

===========================================================================================
----------------- testing Mon Oct 15 02:31:33 UTC 2018 /home/travis/build/icyphy/ptII/ptolemy/actor/lib/test/auto/functionClosureTest6.xml
----------------- Instantiating /home/travis/build/icyphy/ptII/ptolemy/actor/lib/test/auto/functionClosureTest6.xml
4 ms. Memory: 1782272K Free: 319857K (18%)
----------------- Invoking toplevel() on ptolemy.moml.MoMLSimpleApplication@499da51c
----------------- Done invoking toplevel() on ptolemy.moml.MoMLSimpleApplication@499da51c
reloadAllAccessors: .functionClosureTest6

===========================================================================================
----------------- testing Mon Oct 15 02:31:33 UTC 2018 /home/travis/build/icyphy/ptII/ptolemy/actor/lib/test/auto/functionsOnArcs.xml
----------------- Instantiating /home/travis/build/icyphy/ptII/ptolemy/actor/lib/test/auto/functionsOnArcs.xml
1 ms. Memory: 1782272K Free: 308743K (17%)
----------------- Invoking toplevel() on ptolemy.moml.MoMLSimpleApplication@535dd881
----------------- Done invoking toplevel() on ptolemy.moml.MoMLSimpleApplication@535dd881
reloadAllAccessors: .functionsOnArcs

===========================================================================================
----------------- testing Mon Oct 15 02:31:33 UTC 2018 /home/travis/build/icyphy/ptII/ptolemy/actor/lib/test/auto/functionsOnArcsHOF.xml
----------------- Instantiating /home/travis/build/icyphy/ptII/ptolemy/actor/lib/test/auto/functionsOnArcsHOF.xml
2 ms. Memory: 1782272K Free: 293019K (16%)
----------------- Invoking toplevel() on ptolemy.moml.MoMLSimpleApplication@183d9ab8
----------------- Done invoking toplevel() on ptolemy.moml.MoMLSimpleApplication@183d9ab8
reloadAllAccessors: .functionsOnArcsHOF

===========================================================================================
----------------- testing Mon Oct 15 02:31:33 UTC 2018 /home/travis/build/icyphy/ptII/ptolemy/actor/lib/test/auto/logic.xml
----------------- Instantiating /home/travis/build/icyphy/ptII/ptolemy/actor/lib/test/auto/logic.xml
2 ms. Memory: 1782272K Free: 281905K (16%)
----------------- Invoking toplevel() on ptolemy.moml.MoMLSimpleApplication@2bcdee96
----------------- Done invoking toplevel() on ptolemy.moml.MoMLSimpleApplication@2bcdee96
reloadAllAccessors: .logic

===========================================================================================
----------------- testing Mon Oct 15 02:31:33 UTC 2018 /home/travis/build/icyphy/ptII/ptolemy/actor/lib/test/auto/matrixType.xml
----------------- Instantiating /home/travis/build/icyphy/ptII/ptolemy/actor/lib/test/auto/matrixType.xml
1 ms. Memory: 1782272K Free: 266180K (15%)
----------------- Invoking toplevel() on ptolemy.moml.MoMLSimpleApplication@24dd595d
----------------- Done invoking toplevel() on ptolemy.moml.MoMLSimpleApplication@24dd595d
reloadAllAccessors: .matrixType

===========================================================================================
----------------- testing Mon Oct 15 02:31:33 UTC 2018 /home/travis/build/icyphy/ptII/ptolemy/actor/lib/test/auto/matrixType10.xml
----------------- Instantiating /home/travis/build/icyphy/ptII/ptolemy/actor/lib/test/auto/matrixType10.xml
1 ms. Memory: 1782272K Free: 255067K (14%)
----------------- Invoking toplevel() on ptolemy.moml.MoMLSimpleApplication@fc12271
----------------- Done invoking toplevel() on ptolemy.moml.MoMLSimpleApplication@fc12271
reloadAllAccessors: .matrixType10

===========================================================================================
----------------- testing Mon Oct 15 02:31:33 UTC 2018 /home/travis/build/icyphy/ptII/ptolemy/actor/lib/test/auto/matrixType11.xml
----------------- Instantiating /home/travis/build/icyphy/ptII/ptolemy/actor/lib/test/auto/matrixType11.xml
1 ms. Memory: 1782272K Free: 239342K (13%)
----------------- Invoking toplevel() on ptolemy.moml.MoMLSimpleApplication@6550a869
----------------- Done invoking toplevel() on ptolemy.moml.MoMLSimpleApplication@6550a869
reloadAllAccessors: .matrixType11

===========================================================================================
----------------- testing Mon Oct 15 02:31:33 UTC 2018 /home/travis/build/icyphy/ptII/ptolemy/actor/lib/test/auto/matrixType12.xml
----------------- Instantiating /home/travis/build/icyphy/ptII/ptolemy/actor/lib/test/auto/matrixType12.xml
1 ms. Memory: 1782272K Free: 223618K (13%)
----------------- Invoking toplevel() on ptolemy.moml.MoMLSimpleApplication@61a4041b
----------------- Done invoking toplevel() on ptolemy.moml.MoMLSimpleApplication@61a4041b
reloadAllAccessors: .matrixType12

===========================================================================================
----------------- testing Mon Oct 15 02:31:33 UTC 2018 /home/travis/build/icyphy/ptII/ptolemy/actor/lib/test/auto/matrixType13.xml
----------------- Instantiating /home/travis/build/icyphy/ptII/ptolemy/actor/lib/test/auto/matrixType13.xml
1 ms. Memory: 1782272K Free: 212504K (12%)
----------------- Invoking toplevel() on ptolemy.moml.MoMLSimpleApplication@1840a29f
----------------- Done invoking toplevel() on ptolemy.moml.MoMLSimpleApplication@1840a29f
reloadAllAccessors: .matrixType13

===========================================================================================
----------------- testing Mon Oct 15 02:31:33 UTC 2018 /home/travis/build/icyphy/ptII/ptolemy/actor/lib/test/auto/matrixType14.xml
----------------- Instantiating /home/travis/build/icyphy/ptII/ptolemy/actor/lib/test/auto/matrixType14.xml
1 ms. Memory: 1782272K Free: 196780K (11%)
----------------- Invoking toplevel() on ptolemy.moml.MoMLSimpleApplication@4d200c70
----------------- Done invoking toplevel() on ptolemy.moml.MoMLSimpleApplication@4d200c70
reloadAllAccessors: .matrixType14

===========================================================================================
----------------- testing Mon Oct 15 02:31:33 UTC 2018 /home/travis/build/icyphy/ptII/ptolemy/actor/lib/test/auto/matrixType2.xml
----------------- Instantiating /home/travis/build/icyphy/ptII/ptolemy/actor/lib/test/auto/matrixType2.xml
2 ms. Memory: 1782272K Free: 185666K (10%)
----------------- Invoking toplevel() on ptolemy.moml.MoMLSimpleApplication@66dc15e0
----------------- Done invoking toplevel() on ptolemy.moml.MoMLSimpleApplication@66dc15e0
reloadAllAccessors: .matrixType2

===========================================================================================
----------------- testing Mon Oct 15 02:31:33 UTC 2018 /home/travis/build/icyphy/ptII/ptolemy/actor/lib/test/auto/matrixType3.xml
----------------- Instantiating /home/travis/build/icyphy/ptII/ptolemy/actor/lib/test/auto/matrixType3.xml
1 ms. Memory: 1782272K Free: 169942K (10%)
----------------- Invoking toplevel() on ptolemy.moml.MoMLSimpleApplication@1d340885
----------------- Done invoking toplevel() on ptolemy.moml.MoMLSimpleApplication@1d340885
reloadAllAccessors: .matrixType3

===========================================================================================
----------------- testing Mon Oct 15 02:31:33 UTC 2018 /home/travis/build/icyphy/ptII/ptolemy/actor/lib/test/auto/matrixType4.xml
----------------- Instantiating /home/travis/build/icyphy/ptII/ptolemy/actor/lib/test/auto/matrixType4.xml
1 ms. Memory: 1782272K Free: 158828K (9%)
----------------- Invoking toplevel() on ptolemy.moml.MoMLSimpleApplication@52eaa3a1
----------------- Done invoking toplevel() on ptolemy.moml.MoMLSimpleApplication@52eaa3a1
reloadAllAccessors: .matrixType4

===========================================================================================
----------------- testing Mon Oct 15 02:31:33 UTC 2018 /home/travis/build/icyphy/ptII/ptolemy/actor/lib/test/auto/matrixType5.xml
----------------- Instantiating /home/travis/build/icyphy/ptII/ptolemy/actor/lib/test/auto/matrixType5.xml
1 ms. Memory: 1782272K Free: 143103K (8%)
----------------- Invoking toplevel() on ptolemy.moml.MoMLSimpleApplication@571b14f
----------------- Done invoking toplevel() on ptolemy.moml.MoMLSimpleApplication@571b14f
reloadAllAccessors: .matrixType5

===========================================================================================
----------------- testing Mon Oct 15 02:31:33 UTC 2018 /home/travis/build/icyphy/ptII/ptolemy/actor/lib/test/auto/matrixType6.xml
----------------- Instantiating /home/travis/build/icyphy/ptII/ptolemy/actor/lib/test/auto/matrixType6.xml
1 ms. Memory: 1782272K Free: 127379K (7%)
----------------- Invoking toplevel() on ptolemy.moml.MoMLSimpleApplication@15f144c1
----------------- Done invoking toplevel() on ptolemy.moml.MoMLSimpleApplication@15f144c1
reloadAllAccessors: .matrixType6

===========================================================================================
----------------- testing Mon Oct 15 02:31:33 UTC 2018 /home/travis/build/icyphy/ptII/ptolemy/actor/lib/test/auto/matrixType7.xml
----------------- Instantiating /home/travis/build/icyphy/ptII/ptolemy/actor/lib/test/auto/matrixType7.xml
1 ms. Memory: 1782272K Free: 116265K (7%)
----------------- Invoking toplevel() on ptolemy.moml.MoMLSimpleApplication@3977829f
----------------- Done invoking toplevel() on ptolemy.moml.MoMLSimpleApplication@3977829f
reloadAllAccessors: .matrixType7

===========================================================================================
----------------- testing Mon Oct 15 02:31:33 UTC 2018 /home/travis/build/icyphy/ptII/ptolemy/actor/lib/test/auto/matrixType8.xml
----------------- Instantiating /home/travis/build/icyphy/ptII/ptolemy/actor/lib/test/auto/matrixType8.xml
1 ms. Memory: 1782272K Free: 100541K (6%)
----------------- Invoking toplevel() on ptolemy.moml.MoMLSimpleApplication@548558d6
----------------- Done invoking toplevel() on ptolemy.moml.MoMLSimpleApplication@548558d6
reloadAllAccessors: .matrixType8

===========================================================================================
----------------- testing Mon Oct 15 02:31:33 UTC 2018 /home/travis/build/icyphy/ptII/ptolemy/actor/lib/test/auto/matrixType9.xml
----------------- Instantiating /home/travis/build/icyphy/ptII/ptolemy/actor/lib/test/auto/matrixType9.xml
2 ms. Memory: 1782272K Free: 89427K (5%)
----------------- Invoking toplevel() on ptolemy.moml.MoMLSimpleApplication@46c09561
----------------- Done invoking toplevel() on ptolemy.moml.MoMLSimpleApplication@46c09561
reloadAllAccessors: .matrixType9

===========================================================================================
----------------- testing Mon Oct 15 02:31:33 UTC 2018 /home/travis/build/icyphy/ptII/ptolemy/actor/lib/test/auto/paraFunctest.xml
----------------- Instantiating /home/travis/build/icyphy/ptII/ptolemy/actor/lib/test/auto/paraFunctest.xml
1 ms. Memory: 1782272K Free: 75366K (4%)
----------------- Invoking toplevel() on ptolemy.moml.MoMLSimpleApplication@552a8dee
----------------- Done invoking toplevel() on ptolemy.moml.MoMLSimpleApplication@552a8dee
reloadAllAccessors: .paraFunctest

===========================================================================================
----------------- testing Mon Oct 15 02:31:33 UTC 2018 /home/travis/build/icyphy/ptII/ptolemy/actor/lib/test/auto/paraFunctest2.xml
----------------- Instantiating /home/travis/build/icyphy/ptII/ptolemy/actor/lib/test/auto/paraFunctest2.xml
1 ms. Memory: 1783296K Free: 1722714K (97%)
----------------- Invoking toplevel() on ptolemy.moml.MoMLSimpleApplication@48a707f5
----------------- Done invoking toplevel() on ptolemy.moml.MoMLSimpleApplication@48a707f5
reloadAllAccessors: .paraFunctest2

===========================================================================================
----------------- testing Mon Oct 15 02:31:33 UTC 2018 /home/travis/build/icyphy/ptII/ptolemy/actor/lib/test/auto/parameterPassing.xml
----------------- Instantiating /home/travis/build/icyphy/ptII/ptolemy/actor/lib/test/auto/parameterPassing.xml
1 ms. Memory: 1783296K Free: 1704337K (96%)
----------------- Invoking toplevel() on ptolemy.moml.MoMLSimpleApplication@b655bff
----------------- Done invoking toplevel() on ptolemy.moml.MoMLSimpleApplication@b655bff
reloadAllAccessors: .parameterPassing

===========================================================================================
----------------- testing Mon Oct 15 02:31:33 UTC 2018 /home/travis/build/icyphy/ptII/ptolemy/actor/lib/test/auto/record.xml
----------------- Instantiating /home/travis/build/icyphy/ptII/ptolemy/actor/lib/test/auto/record.xml
2 ms. Memory: 1783296K Free: 1685961K (95%)
----------------- Invoking toplevel() on ptolemy.moml.MoMLSimpleApplication@5e5eaea7
----------------- Done invoking toplevel() on ptolemy.moml.MoMLSimpleApplication@5e5eaea7
reloadAllAccessors: .record

===========================================================================================
----------------- testing Mon Oct 15 02:31:33 UTC 2018 /home/travis/build/icyphy/ptII/ptolemy/actor/lib/test/auto/sizedarray1.xml
----------------- Instantiating /home/travis/build/icyphy/ptII/ptolemy/actor/lib/test/auto/sizedarray1.xml
1 ms. Memory: 1783296K Free: 1672600K (94%)
----------------- Invoking toplevel() on ptolemy.moml.MoMLSimpleApplication@71cd4856
----------------- Done invoking toplevel() on ptolemy.moml.MoMLSimpleApplication@71cd4856
reloadAllAccessors: .sizedarray1

===========================================================================================
----------------- testing Mon Oct 15 02:31:33 UTC 2018 /home/travis/build/icyphy/ptII/ptolemy/actor/lib/test/auto/sizedarray2.xml
----------------- Instantiating /home/travis/build/icyphy/ptII/ptolemy/actor/lib/test/auto/sizedarray2.xml
1 ms. Memory: 1783296K Free: 1654224K (93%)
----------------- Invoking toplevel() on ptolemy.moml.MoMLSimpleApplication@7402c227
----------------- Done invoking toplevel() on ptolemy.moml.MoMLSimpleApplication@7402c227
reloadAllAccessors: .sizedarray2

===========================================================================================
----------------- testing Mon Oct 15 02:31:33 UTC 2018 /home/travis/build/icyphy/ptII/ptolemy/actor/lib/test/auto/twoPublishers.xml
----------------- Instantiating /home/travis/build/icyphy/ptII/ptolemy/actor/lib/test/auto/twoPublishers.xml
2 ms. Memory: 1783296K Free: 1634166K (92%)
----------------- Invoking toplevel() on ptolemy.moml.MoMLSimpleApplication@5f08dafd
----------------- Done invoking toplevel() on ptolemy.moml.MoMLSimpleApplication@5f08dafd
reloadAllAccessors: .twoPublishers
AutoTests.java: About to close Vertx.
AutoTests.java: Vertx closed.
]]></system-out>
  <system-err><![CDATA[java.lang.RuntimeException: Execution failed
	at ptolemy.moml.MoMLSimpleApplication$UnloadThread.run(MoMLSimpleApplication.java:402)
Caused by: java.lang.RuntimeException: Normally, we would exit here because Manager.exitAfterWrapup() was called.  However, because the ptolemy.ptII.exitAfterWrapup property is set, we throw this exception instead.
	at ptolemy.util.StringUtilities.exit(StringUtilities.java:363)
	at ptolemy.actor.Manager.wrapup(Manager.java:1531)
	at ptolemy.actor.Manager.execute(Manager.java:407)
	at ptolemy.actor.Manager.run(Manager.java:1263)
	at ptolemy.actor.Manager$PtolemyRunThread.run(Manager.java:1915)
Warning: '.top.test' is in training mode, set the trainingMode parameter to false before checking in
Warning: '.top.test' is in training mode, set the trainingMode parameter to false before checking in
Warning: '.top.test' is in training mode, set the trainingMode parameter to false before checking in
Warning: '.BooleanSwitch_RegressionTest_WrongTrainingValues.Test' is in training mode, set the trainingMode parameter to false before checking in
Warning: '.BooleanSwitch_RegressionTest_WrongTrainingValues.Test2' is in training mode, set the trainingMode parameter to false before checking in
Warning: '.BooleanSwitch_RegressionTest_WrongTrainingValues.Test2' The test produced 0 tokens.
Warning: '.top.testExceptionHandler' is in training mode, set the trainingMode parameter to false before checking in
java.lang.RuntimeException: Execution failed
	at ptolemy.moml.MoMLSimpleApplication$UnloadThread.run(MoMLSimpleApplication.java:402)
Caused by: ptolemy.kernel.util.IllegalActionException: PublisherPorts cannot be used at the top level, use a Publisher actor instead.
  in .PublisherPortToplevelSubscriber.PublisherPort
	at ptolemy.actor.PublisherPort.preinitialize(PublisherPort.java:403)
	at ptolemy.actor.CompositeActor.preinitialize(CompositeActor.java:1769)
	at ptolemy.actor.Manager.preinitializeAndResolveTypes(Manager.java:1040)
	at ptolemy.actor.Manager.initialize(Manager.java:710)
	at ptolemy.actor.Manager.execute(Manager.java:356)
	at ptolemy.actor.Manager.run(Manager.java:1263)
	at ptolemy.actor.Manager$PtolemyRunThread.run(Manager.java:1915)
java.lang.reflect.InvocationTargetException
	at sun.reflect.NativeConstructorAccessorImpl.newInstance0(Native Method)
	at sun.reflect.NativeConstructorAccessorImpl.newInstance(NativeConstructorAccessorImpl.java:62)
	at sun.reflect.DelegatingConstructorAccessorImpl.newInstance(DelegatingConstructorAccessorImpl.java:45)
	at java.lang.reflect.Constructor.newInstance(Constructor.java:423)
	at ptolemy.util.test.junit.AutoKnownFailedTests.RunModel(AutoKnownFailedTests.java:107)
	at sun.reflect.NativeMethodAccessorImpl.invoke0(Native Method)
	at sun.reflect.NativeMethodAccessorImpl.invoke(NativeMethodAccessorImpl.java:62)
	at sun.reflect.DelegatingMethodAccessorImpl.invoke(DelegatingMethodAccessorImpl.java:43)
	at java.lang.reflect.Method.invoke(Method.java:498)
	at org.junit.runners.model.FrameworkMethod$1.runReflectiveCall(FrameworkMethod.java:44)
	at org.junit.internal.runners.model.ReflectiveCallable.run(ReflectiveCallable.java:15)
	at org.junit.runners.model.FrameworkMethod.invokeExplosively(FrameworkMethod.java:41)
	at junitparams.internal.InvokeParameterisedMethod.evaluate(InvokeParameterisedMethod.java:102)
	at org.junit.internal.runners.statements.FailOnTimeout$1.run(FailOnTimeout.java:28)
Caused by: ptolemy.kernel.util.IllegalActionException: PublisherPorts cannot be used at the top level, use a Publisher actor instead.
  in .PublisherPortToplevelSubscriber.PublisherPort
	at ptolemy.actor.PublisherPort.preinitialize(PublisherPort.java:403)
	at ptolemy.actor.CompositeActor.preinitialize(CompositeActor.java:1769)
	at ptolemy.actor.Manager.preinitializeAndResolveTypes(Manager.java:1040)
	at ptolemy.actor.Manager.initialize(Manager.java:710)
	at ptolemy.actor.Manager.execute(Manager.java:356)
	at ptolemy.actor.Manager.run(Manager.java:1263)
	at ptolemy.actor.Manager$PtolemyRunThread.run(Manager.java:1915)
java.lang.RuntimeException: Execution failed
	at ptolemy.moml.MoMLSimpleApplication$UnloadThread.run(MoMLSimpleApplication.java:402)
Caused by: ptolemy.kernel.util.IllegalActionException: SubscriberPorts cannot be used at the top level, use a Subscriber actor instead.
  in .PublisherSubscriberPortToplevel.SubscriberPort
	at ptolemy.actor.SubscriberPort.preinitialize(SubscriberPort.java:328)
	at ptolemy.actor.CompositeActor.preinitialize(CompositeActor.java:1769)
	at ptolemy.actor.Manager.preinitializeAndResolveTypes(Manager.java:1040)
	at ptolemy.actor.Manager.initialize(Manager.java:710)
	at ptolemy.actor.Manager.execute(Manager.java:356)
	at ptolemy.actor.Manager.run(Manager.java:1263)
	at ptolemy.actor.Manager$PtolemyRunThread.run(Manager.java:1915)
java.lang.reflect.InvocationTargetException
	at sun.reflect.NativeConstructorAccessorImpl.newInstance0(Native Method)
	at sun.reflect.NativeConstructorAccessorImpl.newInstance(NativeConstructorAccessorImpl.java:62)
	at sun.reflect.DelegatingConstructorAccessorImpl.newInstance(DelegatingConstructorAccessorImpl.java:45)
	at java.lang.reflect.Constructor.newInstance(Constructor.java:423)
	at ptolemy.util.test.junit.AutoKnownFailedTests.RunModel(AutoKnownFailedTests.java:107)
	at sun.reflect.NativeMethodAccessorImpl.invoke0(Native Method)
	at sun.reflect.NativeMethodAccessorImpl.invoke(NativeMethodAccessorImpl.java:62)
	at sun.reflect.DelegatingMethodAccessorImpl.invoke(DelegatingMethodAccessorImpl.java:43)
	at java.lang.reflect.Method.invoke(Method.java:498)
	at org.junit.runners.model.FrameworkMethod$1.runReflectiveCall(FrameworkMethod.java:44)
	at org.junit.internal.runners.model.ReflectiveCallable.run(ReflectiveCallable.java:15)
	at org.junit.runners.model.FrameworkMethod.invokeExplosively(FrameworkMethod.java:41)
	at junitparams.internal.InvokeParameterisedMethod.evaluate(InvokeParameterisedMethod.java:102)
	at org.junit.internal.runners.statements.FailOnTimeout$1.run(FailOnTimeout.java:28)
Caused by: ptolemy.kernel.util.IllegalActionException: SubscriberPorts cannot be used at the top level, use a Subscriber actor instead.
  in .PublisherSubscriberPortToplevel.SubscriberPort
	at ptolemy.actor.SubscriberPort.preinitialize(SubscriberPort.java:328)
	at ptolemy.actor.CompositeActor.preinitialize(CompositeActor.java:1769)
	at ptolemy.actor.Manager.preinitializeAndResolveTypes(Manager.java:1040)
	at ptolemy.actor.Manager.initialize(Manager.java:710)
	at ptolemy.actor.Manager.execute(Manager.java:356)
	at ptolemy.actor.Manager.run(Manager.java:1263)
	at ptolemy.actor.Manager$PtolemyRunThread.run(Manager.java:1915)
java.lang.RuntimeException: Execution failed
	at ptolemy.moml.MoMLSimpleApplication$UnloadThread.run(MoMLSimpleApplication.java:402)
Caused by: ptolemy.kernel.util.IllegalActionException: SubscriptionAggregatorPorts cannot be used at the top level, use a SubscriptionAggregator actor instead.
  in .PublisherSubscriptionAggregatorPort.SubscriptionAggregatorPort
	at ptolemy.actor.SubscriptionAggregatorPort.preinitialize(SubscriptionAggregatorPort.java:353)
	at ptolemy.actor.CompositeActor.preinitialize(CompositeActor.java:1769)
	at ptolemy.actor.Manager.preinitializeAndResolveTypes(Manager.java:1040)
	at ptolemy.actor.Manager.initialize(Manager.java:710)
	at ptolemy.actor.Manager.execute(Manager.java:356)
	at ptolemy.actor.Manager.run(Manager.java:1263)
	at ptolemy.actor.Manager$PtolemyRunThread.run(Manager.java:1915)
java.lang.reflect.InvocationTargetException
	at sun.reflect.NativeConstructorAccessorImpl.newInstance0(Native Method)
	at sun.reflect.NativeConstructorAccessorImpl.newInstance(NativeConstructorAccessorImpl.java:62)
	at sun.reflect.DelegatingConstructorAccessorImpl.newInstance(DelegatingConstructorAccessorImpl.java:45)
	at java.lang.reflect.Constructor.newInstance(Constructor.java:423)
	at ptolemy.util.test.junit.AutoKnownFailedTests.RunModel(AutoKnownFailedTests.java:107)
	at sun.reflect.NativeMethodAccessorImpl.invoke0(Native Method)
	at sun.reflect.NativeMethodAccessorImpl.invoke(NativeMethodAccessorImpl.java:62)
	at sun.reflect.DelegatingMethodAccessorImpl.invoke(DelegatingMethodAccessorImpl.java:43)
	at java.lang.reflect.Method.invoke(Method.java:498)
	at org.junit.runners.model.FrameworkMethod$1.runReflectiveCall(FrameworkMethod.java:44)
	at org.junit.internal.runners.model.ReflectiveCallable.run(ReflectiveCallable.java:15)
	at org.junit.runners.model.FrameworkMethod.invokeExplosively(FrameworkMethod.java:41)
	at junitparams.internal.InvokeParameterisedMethod.evaluate(InvokeParameterisedMethod.java:102)
	at org.junit.internal.runners.statements.FailOnTimeout$1.run(FailOnTimeout.java:28)
Caused by: ptolemy.kernel.util.IllegalActionException: SubscriptionAggregatorPorts cannot be used at the top level, use a SubscriptionAggregator actor instead.
  in .PublisherSubscriptionAggregatorPort.SubscriptionAggregatorPort
	at ptolemy.actor.SubscriptionAggregatorPort.preinitialize(SubscriptionAggregatorPort.java:353)
	at ptolemy.actor.CompositeActor.preinitialize(CompositeActor.java:1769)
	at ptolemy.actor.Manager.preinitializeAndResolveTypes(Manager.java:1040)
	at ptolemy.actor.Manager.initialize(Manager.java:710)
	at ptolemy.actor.Manager.execute(Manager.java:356)
	at ptolemy.actor.Manager.run(Manager.java:1263)
	at ptolemy.actor.Manager$PtolemyRunThread.run(Manager.java:1915)
java.lang.RuntimeException: Execution failed
	at ptolemy.moml.MoMLSimpleApplication$UnloadThread.run(MoMLSimpleApplication.java:402)
Caused by: ptolemy.kernel.util.IllegalActionException: TypeTest actor has no training data.
  in .sizedarray3.TypeTest
	at ptolemy.actor.lib.TypeTest.initialize(TypeTest.java:250)
	at ptolemy.actor.Director.initialize(Director.java:938)
	at ptolemy.actor.Director.initialize(Director.java:907)
	at ptolemy.actor.sched.StaticSchedulingDirector.initialize(StaticSchedulingDirector.java:159)
	at ptolemy.domains.sdf.kernel.SDFDirector.initialize(SDFDirector.java:544)
	at ptolemy.actor.CompositeActor.initialize(CompositeActor.java:935)
	at ptolemy.actor.Manager.initialize(Manager.java:724)
	at ptolemy.actor.Manager.execute(Manager.java:356)
	at ptolemy.actor.Manager.run(Manager.java:1263)
	at ptolemy.actor.Manager$PtolemyRunThread.run(Manager.java:1915)
java.lang.reflect.InvocationTargetException
	at sun.reflect.NativeConstructorAccessorImpl.newInstance0(Native Method)
	at sun.reflect.NativeConstructorAccessorImpl.newInstance(NativeConstructorAccessorImpl.java:62)
	at sun.reflect.DelegatingConstructorAccessorImpl.newInstance(DelegatingConstructorAccessorImpl.java:45)
	at java.lang.reflect.Constructor.newInstance(Constructor.java:423)
	at ptolemy.util.test.junit.AutoKnownFailedTests.RunModel(AutoKnownFailedTests.java:107)
	at sun.reflect.NativeMethodAccessorImpl.invoke0(Native Method)
	at sun.reflect.NativeMethodAccessorImpl.invoke(NativeMethodAccessorImpl.java:62)
	at sun.reflect.DelegatingMethodAccessorImpl.invoke(DelegatingMethodAccessorImpl.java:43)
	at java.lang.reflect.Method.invoke(Method.java:498)
	at org.junit.runners.model.FrameworkMethod$1.runReflectiveCall(FrameworkMethod.java:44)
	at org.junit.internal.runners.model.ReflectiveCallable.run(ReflectiveCallable.java:15)
	at org.junit.runners.model.FrameworkMethod.invokeExplosively(FrameworkMethod.java:41)
	at junitparams.internal.InvokeParameterisedMethod.evaluate(InvokeParameterisedMethod.java:102)
	at org.junit.internal.runners.statements.FailOnTimeout$1.run(FailOnTimeout.java:28)
Caused by: ptolemy.kernel.util.IllegalActionException: TypeTest actor has no training data.
  in .sizedarray3.TypeTest
	at ptolemy.actor.lib.TypeTest.initialize(TypeTest.java:250)
	at ptolemy.actor.Director.initialize(Director.java:938)
	at ptolemy.actor.Director.initialize(Director.java:907)
	at ptolemy.actor.sched.StaticSchedulingDirector.initialize(StaticSchedulingDirector.java:159)
	at ptolemy.domains.sdf.kernel.SDFDirector.initialize(SDFDirector.java:544)
	at ptolemy.actor.CompositeActor.initialize(CompositeActor.java:935)
	at ptolemy.actor.Manager.initialize(Manager.java:724)
	at ptolemy.actor.Manager.execute(Manager.java:356)
	at ptolemy.actor.Manager.run(Manager.java:1263)
	at ptolemy.actor.Manager$PtolemyRunThread.run(Manager.java:1915)
]]></system-err>
</testsuite>
