<?xml version="1.0" encoding="UTF-8" ?>
<testsuite errors="0" failures="0" hostname="travis-job-3c6cff5c-35af-4e92-b934-55e3d9dcf4da" name="ptolemy.domains.de.test.junit.JUnitTclTest" skipped="0" tests="101" time="125.592" timestamp="2018-06-01T21:48:46">
  <properties>
    <property name="npm.executable" value="npm" />
    <property name="file.encoding.pkg" value="sun.io" />
    <property name="ptII.mk.exists" value="true" />
    <property name="env.rvm_bin_path" value="/home/travis/.rvm/bin" />
    <property name="java.home" value="/usr/lib/jvm/java-8-oracle/jre" />
    <property name="env.TRAVIS_JOB_NUMBER" value="509.8" />
    <property name="env.DISPLAY" value=":99.0" />
    <property name="java.net.preferIPv4Stack" value="true" />
    <property name="env.SSH_TTY" value="/dev/pts/0" />
    <property name="env.RUN_TESTS" value="true" />
    <property name="timeout.short" value="1000000" />
    <property name="env.TRAVIS_STACK_NODE_ATTRIBUTES" value="/.node-attributes.yml" />
    <property name="junit.formatter" value="xml" />
    <property name="java.endorsed.dirs" value="/usr/lib/jvm/java-8-oracle/jre/lib/endorsed" />
    <property name="env.TRAVIS_SUDO" value="true" />
    <property name="env.LOGNAME" value="travis" />
    <property name="jsdoc.home" value="node_modules/@terraswarm/jsdoc" />
    <property name="debuglevel" value="source,lines,vars" />
    <property name="checkstyle.formatter" value="xml" />
    <property name="bin.vergil.makeable" value="true" />
    <property name="env._system_version" value="14.04" />
    <property name="sun.os.patch.level" value="unknown" />
    <property name="java.vendor.url" value="http://java.oracle.com/" />
    <property name="java.version" value="1.8.0_151" />
    <property name="env.TZ" value="UTC" />
    <property name="env.PT_NO_NET" value="true" />
    <property name="env.TRAVIS_PULL_REQUEST_SHA" value="" />
    <property name="env.TRAVIS_SECURE_ENV_VARS" value="true" />
    <property name="env._system_type" value="Linux" />
    <property name="java.vendor.url.bug" value="http://bugreport.sun.com/bugreport/" />
    <property name="env.SSH_CLIENT" value="10.10.4.38 41998 22" />
    <property name="npmjs-org-is-up" value="true" />
    <property name="env.GEM_HOME" value="/home/travis/.rvm/gems/ruby-2.4.1" />
    <property name="env.HAS_ANTARES_THREE_LITTLE_FRONZIES_BADGE" value="true" />
    <property name="env.PS4" value="+" />
    <property name="ant.project.invoked-targets" value="build,test.core2.xml" />
    <property name="env.TRAVIS_PULL_REQUEST_BRANCH" value="" />
    <property name="env.TRAVIS_REPO_SLUG" value="icyphy/ptII" />
    <property name="node.in.path" value="true" />
    <property name="java.maxmemory" value="1400m" />
    <property name="env.RUBY_VERSION" value="ruby-2.4.1" />
    <property name="user.name" value="travis" />
    <property name="env.LANG" value="en_US.UTF-8" />
    <property name="sun.io.unicode.encoding" value="UnicodeLittle" />
    <property name="sun.jnu.encoding" value="UTF-8" />
    <property name="java.runtime.name" value="Java(TM) SE Runtime Environment" />
    <property name="usefile" value="false" />
    <property name="return.code" value="0" />
    <property name="junit.single.formatter" value="plain" />
    <property name="env.DYLD_LIBRARY_PATH" value="/home/travis/pthla/certi-tools/lib:" />
    <property name="env.DEBIAN_FRONTEND" value="noninteractive" />
    <property name="env.SSH_CONNECTION" value="10.10.4.38 41998 10.20.0.115 22" />
    <property name="env.MYSQL_UNIX_PORT" value="/var/run/mysqld/mysqld.sock" />
    <property name="env.TRAVIS_ALLOW_FAILURE" value="false" />
    <property name="env.LC_ALL" value="en_US.UTF-8" />
    <property name="java.specification.name" value="Java Platform API Specification" />
    <property name="node.works" value="true" />
    <property name="user.timezone" value="" />
    <property name="path.separator" value=":" />
    <property name="env.PYTHON_CFLAGS" value="-g -fstack-protector --param=ssp-buffer-size=4 -Wformat -Werror=format-security" />
    <property name="timeout.long" value="4000000" />
    <property name="env.CERTI_HOME" value="/home/travis/pthla/certi-tools" />
    <property name="file.encoding" value="UTF-8" />
    <property name="ant.file.ptII" value="/home/travis/build/icyphy/ptII/build.xml" />
    <property name="javadoc.packagenames" value="com.*,diva.*,lbnl.*,org.hlacerti.*,org.json.*,org.ptolemy.*,org.terraswarm.*,ptolemy.*,ptserver.*" />
    <property name="env.TRAVIS_PULL_REQUEST_SLUG" value="" />
    <property name="ant.project.default-target" value="build" />
    <property name="env.GIT_ASKPASS" value="echo" />
    <property name="env.HOME" value="/home/travis" />
    <property name="sun.java.command" value="org.apache.tools.ant.taskdefs.optional.junit.JUnitTestRunner ptolemy.domains.de.test.junit.JUnitTclTest skipNonTests=false filtertrace=true haltOnError=false haltOnFailure=false formatter=org.apache.tools.ant.taskdefs.optional.junit.OutErrSummaryJUnitResultFormatter showoutput=true outputtoformatters=true logfailedtests=true threadid=0 logtestlistenerevents=false formatter=org.apache.tools.ant.taskdefs.optional.junit.XMLJUnitResultFormatter,/home/travis/build/icyphy/ptII/reports/junit/TEST-ptolemy.domains.de.test.junit.JUnitTclTest.xml crashfile=/home/travis/build/icyphy/ptII/junitvmwatcher7441919771764033129.properties propsfile=/home/travis/build/icyphy/ptII/junit2550003118547842391.properties" />
    <property name="env.MANPATH" value="/home/travis/.nvm/versions/node/v7.10.1/share/man:/home/travis/.kiex/elixirs/elixir-1.4.5/man:/home/travis/.rvm/rubies/ruby-2.4.1/share/man:/usr/local/man:/usr/local/cmake-3.9.2/man:/usr/local/clang-5.0.0/share/man:/usr/local/share/man:/usr/share/man:/home/travis/.rvm/man" />
    <property name="env.COMPOSER_NO_INTERACTION" value="1" />
    <property name="env.JDK_SWITCHER_DEFAULT" value="oraclejdk8" />
    <property name="ant.file" value="/home/travis/build/icyphy/ptII/build.xml" />
    <property name="env.TRAVIS_COMMIT_RANGE" value="d1fabf555814...a5eb64681c7a" />
    <property name="env._system_name" value="Ubuntu" />
    <property name="timeout" value="2400000" />
    <property name="ptII.classpath.optional.property" value="/home/travis/build/icyphy/ptII/lib/bsh-2.0b4.jar:/home/travis/build/icyphy/ptII/lib/ptCal.jar:/home/travis/build/icyphy/ptII/lib/java_cup.jar:/home/travis/build/icyphy/ptII/lib/saxon8.jar:/home/travis/build/icyphy/ptII/lib/saxon8-dom.jar:/home/travis/build/icyphy/ptII/lib/chic.jar:/home/travis/build/icyphy/ptII/lib/ptcolt.jar:/usr/lib/jvm/java-8-oracle/lib/tools.jar:/usr/lib/eclipse/plugins/org.eclipse.jdt.core_3.8.2.dist.jar:/usr/lib/eclipse/plugins/org.eclipse.core.runtime_3.8.0.dist.jar:/usr/lib/eclipse/plugins/org.eclipse.osgi_3.8.1.dist.jar:/usr/lib/eclipse/plugins/org.eclipse.core.resources_3.8.1.dist.jar:/usr/lib/eclipse/plugins/org.eclipse.equinox.common_3.6.100.dist.jar:/usr/lib/eclipse/plugins/org.eclipse.core.jobs_3.5.200.dist.jar:/usr/lib/eclipse/plugins/org.eclipse.core.contenttype_3.4.200.dist.jar:/usr/lib/eclipse/plugins/org.eclipse.equinox.preferences_3.5.0.dist.jar:/usr/lib/eclipse/plugins/org.eclipse.text_3.5.200.dist.jar:/usr/lib/eclipse/plugins/org.eclipse.ui.workbench_3.8.1.dist.jar:/usr/lib/eclipse/plugins/org.eclipse.jface_3.8.0.dist.jar:/usr/lib/eclipse/plugins/org.eclipse.swt_3.8.2.jar:/usr/lib/eclipse/plugins/org.eclipse.jface.text_3.8.1.dist.jar:/usr/lib/eclipse/plugins/org.eclipse.ui.workbench.texteditor_3.8.0.dist.jar:/usr/lib/eclipse/plugins/org.eclipse.ui.editors_3.8.0.dist.jar:/usr/lib/eclipse/plugins/org.eclipse.core.commands_3.6.1.dist.jar:/usr/lib/eclipse/plugins/org.eclipse.equinox.registry_3.5.200.dist.jar:/usr/lib/eclipse/plugins/org.eclipse.ui.console_3.5.100.dist.jar:/usr/lib/eclipse/plugins/org.eclipse.ui.forms_3.5.200.dist.jar:/usr/lib/eclipse/plugins/org.eclipse.ui.ide_3.8.1.dist.jar:/home/travis/build/icyphy/ptII/vendors/oracle/dbxml.jar:/home/travis/build/icyphy/ptII/vendors/oracle/db.jar:/home/travis/build/icyphy/ptII/vendors/misc/itext/iText.jar:/home/travis/build/icyphy/ptII/lib/g4ltl.jar:/home/travis/build/icyphy/ptII/lib/StructuralCoder.jar:/home/travis/build/icyphy/ptII/lib/org-openide-util.jar:/home/travis/build/icyphy/ptII/lib/org-openide-util-lookup.jar:/home/travis/build/icyphy/ptII/lib/org-netbeans-api-visual.jar:/home/travis/build/icyphy/ptII/vendors/jai-1_1_2_01/lib/jai_core.jar:/home/travis/build/icyphy/ptII/vendors/jai-1_1_2_01/lib/jai_codec.jar:/home/travis/build/icyphy/ptII/lib/jcerti.jar:/home/travis/build/icyphy/ptII/lib/smack.jar:/home/travis/build/icyphy/ptII/lib/smackx.jar:/home/travis/build/icyphy/ptII/lib/jetty-all-8.1.5-v20120716.jar:/home/travis/build/icyphy/ptII/lib/javax.servlet-api-3.0.1.jar:/home/travis/build/icyphy/ptII/lib/javax.mail.jar:/home/travis/build/icyphy/ptII/vendors/JMF-2.1.1e/lib/jmf.jar:/home/travis/build/icyphy/ptII/lib/jna-4.0.0-variadic.jar:/home/travis/build/icyphy/ptII/vendors/misc/joystick/Joystick.jar:/home/travis/build/icyphy/ptII/lib/ptjacl.jar:/home/travis/build/icyphy/ptII/lib/jsoup-1.8.2.jar:/home/travis/build/icyphy/ptII/lib/junit-4.8.2.jar:/home/travis/build/icyphy/ptII/lib/JUnitParams-0.4.0.jar:/home/travis/build/icyphy/ptII/ptolemy/actor/lib/excel/jxl.jar:/home/travis/build/icyphy/ptII/lib/jython.jar:/home/travis/build/icyphy/ptII/lib/kieler.jar:/home/travis/build/icyphy/ptII/vendors/opencv/share/OpenCV/java/opencv-341.jar:/home/travis/build/icyphy/ptII/lib/oscP5.jar:/home/travis/build/icyphy/ptII/lib/nrjavaserial-3.11.0.devel.jar:/usr/share/java/j3dcore.jar:/usr/share/java/j3dutils.jar:/usr/share/java/vecmath.jar:/home/travis/build/icyphy/ptII/ptolemy/distributed/jini/jar/jini-core.jar:/home/travis/build/icyphy/ptII/ptolemy/distributed/jini/jar/jini-ext.jar:/home/travis/build/icyphy/ptII/ptolemy/distributed/jini/jar/sun-util.jar:/home/travis/build/icyphy/ptII/lib/protobuf-java-2.4.1.jar:/home/travis/build/icyphy/ptII/lib/org.eclipse.paho.client.mqttv3.jar:/home/travis/build/icyphy/ptII/ptserver/lib/hessian-4.0.7.jar:/home/travis/build/icyphy/ptII/ptserver/lib/wmqtt.jar:/home/travis/build/icyphy/ptII/lib/mapss.jar:/home/travis/build/icyphy/ptII/ptolemy/actor/ptalon/antlr/antlr.jar:/home/travis/build/icyphy/ptII/lib/JRI.jar:/home/travis/build/icyphy/ptII/lib/commons-lang-2.6.jar:/home/travis/build/icyphy/ptII/lib/commons-logging-1.1.1.jar:/home/travis/build/icyphy/ptII/lib/sootclasses.jar:/home/travis/build/icyphy/ptII/ptolemy/actor/lib/database/mysql-connector-java-5.1.6-bin.jar:/home/travis/build/icyphy/ptII/vendors/misc/sphinx4/sphinx4-data-5prealpha.jar:/home/travis/build/icyphy/ptII/vendors/misc/sphinx4/sphinx4-core-5prealpha.jar:/home/travis/build/icyphy/ptII/lib/PDFRenderer.jar:/home/travis/build/icyphy/ptII/lib/svgSalamander.jar:/home/travis/build/icyphy/ptII/lib/rsyntaxtextarea-2.6.0-SNAPSHOT.jar:/home/travis/build/icyphy/ptII/lib/hazelcast-3.8.2.jar:/home/travis/build/icyphy/ptII/lib/jackson-annotations-2.9.0.jar:/home/travis/build/icyphy/ptII/lib/jackson-core-2.9.3.jar:/home/travis/build/icyphy/ptII/lib/jackson-databind-2.9.3.jar:/home/travis/build/icyphy/ptII/lib/netty-buffer-4.1.19.Final.jar:/home/travis/build/icyphy/ptII/lib/netty-codec-4.1.19.Final.jar:/home/travis/build/icyphy/ptII/lib/netty-codec-dns-4.1.19.Final.jar:/home/travis/build/icyphy/ptII/lib/netty-codec-http-4.1.19.Final.jar:/home/travis/build/icyphy/ptII/lib/netty-codec-http2-4.1.19.Final.jar:/home/travis/build/icyphy/ptII/lib/netty-common-4.1.19.Final.jar:/home/travis/build/icyphy/ptII/lib/netty-handler-4.1.19.Final.jar:/home/travis/build/icyphy/ptII/lib/netty-resolver-4.1.19.Final.jar:/home/travis/build/icyphy/ptII/lib/netty-resolver-dns-4.1.19.Final.jar:/home/travis/build/icyphy/ptII/lib/netty-transport-4.1.19.Final.jar:/home/travis/build/icyphy/ptII/lib/vertx-codegen-3.5.1.jar:/home/travis/build/icyphy/ptII/lib/vertx-core-3.5.2-SNAPSHOT.jar:/home/travis/build/icyphy/ptII/lib/vertx-hazelcast-3.5.1.jar:/home/travis/build/icyphy/ptII/lib/vertx-lang-js-3.5.1.jar:/home/travis/build/icyphy/ptII/lib/vertx-service-proxy-3.5.1.jar:/home/travis/build/icyphy/ptII/lib/vertx-web-3.5.1.jar:/home/travis/build/icyphy/ptII/lib/slf4j-api-1.7.13.jar:/home/travis/build/icyphy/ptII/lib/slf4j-simple-1.7.13.jar:/home/travis/build/icyphy/ptII/lib/webcam-capture-0.3.12.jar:/home/travis/build/icyphy/ptII/lib/bridj-0.7.0.jar:/home/travis/build/icyphy/ptII/lib/xbjlib-1.1.0.nrjavaserial.jar" />
    <property name="test.batch" value="**/junit/*.java" />
    <property name="env._" value="/usr/bin/timeout" />
    <property name="java.io.tmpdir" value="/tmp" />
    <property name="user.language" value="en" />
    <property name="env.HISTCONTROL" value="ignoredups:ignorespace" />
    <property name="env.GOROOT" value="/home/travis/.gimme/versions/go1.7.4.linux.amd64" />
    <property name="line.separator" value="&#xa;" />
    <property name="target" value="1.8" />
    <property name="env.TRAVIS_BUILD_DIR" value="/home/travis/build/icyphy/ptII" />
    <property name="env.ANT_OPTS" value="-Xmx2048m" />
    <property name="ant.file.type" value="file" />
    <property name="ptolemy.ptII.batchMode" value="true" />
    <property name="env.HISTSIZE" value="1000" />
    <property name="env.MERB_ENV" value="test" />
    <property name="java.vm.info" value="mixed mode" />
    <property name="source" value="1.8" />
    <property name="java.vm.specification.name" value="Java Virtual Machine Specification" />
    <property name="env.TRAVIS_TEST_RESULT" value="0" />
    <property name="jsdoc.command" value="node_modules/@terraswarm/jsdoc/jsdoc.js" />
    <property name="npm.works" value="true" />
    <property name="cobertura.dir" value="/home/travis/build/icyphy/ptII/vendors/cobertura-2.0.3" />
    <property name="env.rvm_path" value="/home/travis/.rvm" />
    <property name="env.GEM_PATH" value="/home/travis/.rvm/gems/ruby-2.4.1:/home/travis/.rvm/gems/ruby-2.4.1@global" />
    <property name="env.LC_CTYPE" value="en_US.UTF-8" />
    <property name="java.awt.printerjob" value="sun.print.PSPrinterJob" />
    <property name="env.TRAVIS_STACK_NAME" value="garnet" />
    <property name="ant.version" value="Apache Ant(TM) version 1.10.1 compiled on February 2 2017" />
    <property name="ptII.reports" value="/home/travis/build/icyphy/ptII/reports" />
    <property name="env.TRAVIS_STACK_TIMESTAMP" value="2017-12-05 19:33:09 UTC" />
    <property name="ant.file.type.ptII" value="file" />
    <property name="env.RBENV_SHELL" value="bash" />
    <property name="os.name" value="Linux" />
    <property name="java.specification.vendor" value="Oracle Corporation" />
    <property name="env.rvm_version" value="1.29.3 (latest)" />
    <property name="env.TERM" value="xterm" />
    <property name="java.vm.name" value="Java HotSpot(TM) 64-Bit Server VM" />
    <property name="env.TRAVIS_BUILD_NUMBER" value="509" />
    <property name="env.CI" value="true" />
    <property name="java.library.path" value="/home/travis/pthla/certi-tools/lib:/usr/lib/jni:/usr/local/share/OpenCV/java/:/usr/share/OpenCV/java::/usr/java/packages/lib/amd64:/usr/lib64:/lib64:/lib:/usr/lib" />
    <property name="env.rvm_prefix" value="/home/travis" />
    <property name="env.PATH" value="/home/travis/pthla/certi-tools/share/scripts:/home/travis/.rvm/gems/ruby-2.4.1/bin:/home/travis/.rvm/gems/ruby-2.4.1@global/bin:/home/travis/.rvm/rubies/ruby-2.4.1/bin:/home/travis/.rvm/bin:/home/travis/.nvm/versions/node/v7.10.1/bin:./node_modules/.bin:/home/travis/build/icyphy/ptII/bin:/home/travis/pthla/certi-tools/bin:/home/travis/bin:/home/travis/.local/bin:/opt/pyenv/shims:/home/travis/.phpenv/shims:/home/travis/perl5/perlbrew/bin:/home/travis/.kiex/elixirs/elixir-1.4.5/bin:/home/travis/.kiex/bin:/home/travis/gopath/bin:/home/travis/.gimme/versions/go1.7.4.linux.amd64/bin:/usr/local/phantomjs/bin:/usr/local/phantomjs:/usr/local/neo4j-3.2.7/bin:/usr/local/maven-3.5.2/bin:/usr/local/cmake-3.9.2/bin:/usr/local/clang-5.0.0/bin:/usr/local/sbin:/usr/local/bin:/usr/sbin:/usr/bin:/sbin:/bin:/home/travis/.phpenv/bin:/opt/pyenv/bin:/home/travis/.yarn/bin" />
    <property name="env.TRAVIS_OS_NAME" value="linux" />
    <property name="ant.java.version" value="1.8" />
    <property name="basedir" value="/home/travis/build/icyphy/ptII" />
    <property name="java.class.version" value="52.0" />
    <property name="env.SHLVL" value="3" />
    <property name="env.LD_LIBRARY_PATH" value="/home/travis/pthla/certi-tools/lib:/usr/lib/jni:/usr/local/share/OpenCV/java/:/usr/share/OpenCV/java:" />
    <property name="env.RACK_ENV" value="test" />
    <property name="ant.home" value="/home/travis/build/icyphy/ptII/ant" />
    <property name="env.NVM_DIR" value="/home/travis/.nvm" />
    <property name="env.PERLBREW_BASHRC_VERSION" value="0.80" />
    <property name="env.CERTI_FOM_PATH" value="/home/travis/pthla/certi-tools/share/federations" />
    <property name="env.TRAVIS_BUILD_ID" value="386873398" />
    <property name="env.PYENV_ROOT" value="/opt/pyenv" />
    <property name="env.TRAVIS_UID" value="2000" />
    <property name="env.rvm_pretty_print_flag" value="auto" />
    <property name="env.NVM_BIN" value="/home/travis/.nvm/versions/node/v7.10.1/bin" />
    <property name="env.TRAVIS_COMMIT" value="a5eb64681c7a99d3bbd173bdfd7ecc1f05d65e36" />
    <property name="env._system_arch" value="x86_64" />
    <property name="node.executable" value="node" />
    <property name="sun.boot.library.path" value="/usr/lib/jvm/java-8-oracle/jre/lib/amd64" />
    <property name="sun.management.compiler" value="HotSpot 64-Bit Tiered Compilers" />
    <property name="env.GOPATH" value="/home/travis/gopath" />
    <property name="java.awt.graphicsenv" value="sun.awt.X11GraphicsEnvironment" />
    <property name="ptolemy.ptII.dir" value="/home/travis/build/icyphy/ptII" />
    <property name="env.USER" value="travis" />
    <property name="env.HISTFILESIZE" value="2000" />
    <property name="timeout.longest" value="19000000" />
    <property name="env.TRAVIS_STACK_FEATURES" value="basic cassandra chromium couchdb disabled-ipv6 docker docker-compose elasticsearch firefox go-toolchain google-chrome jdk memcached mongodb mysql neo4j nodejs_interpreter perl_interpreter perlbrew phantomjs postgresql python_interpreter rabbitmq redis riak ruby_interpreter sqlite xserver" />
    <property name="env.TRAVIS_PULL_REQUEST" value="false" />
    <property name="env.PYENV_SHELL" value="bash" />
    <property name="ant.project.name" value="ptII" />
    <property name="java.vm.specification.version" value="1.8" />
    <property name="env.CERTI_VERSION" value="4.0.0" />
    <property name="env.NLSPATH" value="/usr/dt/lib/nls/msg/%L/%N.cat" />
    <property name="awt.toolkit" value="sun.awt.X11.XToolkit" />
    <property name="env.CERTI_HOST" value="localhost" />
    <property name="env.MY_RUBY_HOME" value="/home/travis/.rvm/rubies/ruby-2.4.1" />
    <property name="sun.cpu.isalist" value="" />
    <property name="java.ext.dirs" value="/usr/lib/jvm/java-8-oracle/jre/lib/ext:/usr/java/packages/lib/ext" />
    <property name="os.version" value="4.4.0-101-generic" />
    <property name="user.home" value="/home/travis" />
    <property name="env.MIX_ARCHIVES" value="/home/travis/.kiex/mix/elixir-1.4.5" />
    <property name="java.vm.vendor" value="Oracle Corporation" />
    <property name="env.TRAVIS_TAG" value="nightly" />
    <property name="env.TRAVIS_FILTERED" value="redirect_io" />
    <property name="javadoc.excludepackagenames" value="adm.cvs2svn.*,build.*,config.*,doc.coding.templates.*,jni.test.jni.meaningOfLife.*,jni.test.jni.testDeux.*,jni.test.jni.testTrois.*,org.terraswarm.accessor.accessors.web.node_modules.*,org.terraswarm.accessor.accessors.web.hosts.cordova.demo.*,org.terraswarm.accessor.accessors.web.hosts.cordova.plugins.*,org.terraswarm.accessor.accessors-svn.*,pt-modules.*,ptolemy.apps.agilent.*,ptolemy.apps.anytimecontrol.*,ptolemy.apps.apes.*,ptolemy.apps.charon.*,ptolemy.apps.crazyboard.*,ptolemy.apps.eclipse.*,ptolemy.apps.etherealSting.*,ptolemy.apps.fullscreen.*,ptolemy.apps.giotto.*,ptolemy.apps.ia.*,ptolemy.apps.interfaces.*,ptolemy.apps.jmf.*,ptolemy.apps.kurt.*,ptolemy.apps.kvm.*,ptolemy.apps.lego.*,ptolemy.apps.lejos.*,ptolemy.apps.midp.*,ptolemy.apps.mobileCoding.*,ptolemy.apps.pendulum.*,ptolemy.apps.rijndael.*,ptolemy.apps.robot.*,ptolemy.apps.security.*,ptolemy.apps.sobel.*,ptolemy.apps.soot.*,ptolemy.apps.throttle.*,ptolemy.apps.tini.*,ptolemy.apps.transmission.*,ptolemy.apps.vergil.*,ptolemy.apps.waba.*,ptolemy.apps.websensor.*,ptolemy.apps.webstart.*,ptolemy.apps.xsl.*,ptolemy.apps.zaurus.*,ptolemy.backtrack.eclipse.plugin.*,ptolemy.backtrack.test.*,ptolemy.codegen.c.actor.lib.oldJavaFiles.*,ptolemy.codegen.dsp.lib.*,ptolemy.codegen.kernel.newInterfaces.*,ptolemy.codegen.lib.*,ptolemy.copernicus.kernel.fragment.*,ptolemy.copernicus.shallow.cg.*,ptolemy.domains.giotto.demo.Hierarchy.Hierarchy.*,ptolemy.domains.giotto.demo.Multimode.Multimode.*,ptolemy.domains.giotto.demo.Simple.Simple.*,ptolemy.domains.gr.lib.experimental.*,ptolemy.domains.gro.*,ptolemy.domains.pdf.*,ptolemy.domains.ptinyos.demo.Surge.output.*,ptolemy.moml.test.NoPackageActor.java*,ptolemy.plot.adm.*,ptolemy.plot.servlet.*,reports.*,signed.*,src.*,target.*,vendors.*,ptolemy.cg.adapter.generic.program.procedural.c.mbed*,ptolemy.actor.lib.fmi.fmus.omc*,ptolemy.domains.openmodelica*,ptdb.kernel.bl.save.test.*,ptdb.kernel.bl.load.test.*,ptdb.kernel.bl.search.test.*,ptdb.kernel.bl.migration.test.*,ptdb.kernel.database.test.*,ptdb.test.*,ptdb.gui.test.*,org.ptolemy.scala.*,diva.util.java2d.svg.*,ptolemy.domains.ptinyos.*,ptolemy.actor.lib.fmi.fmipp.*,,org.terraswarm.accessor.accessors.web.node_modules.*,org.terraswarm.accessor.accessors-svn,ptolemy.actor.ptalon.demo.ptinyos.SendAndReceiveCnt.output,ptolemy.actor.ptalon.demo.ptinyos.SenseToLeds.output,ptolemy.domains.ptinyos.demo.CntToLedsAndRfm.output,ptolemy.domains.ptinyos.demo.RfmToLeds.output,ptolemy.domains.ptinyos.demo.SendAndReceiveCnt.output,ptolemy.domains.ptinyos.demo.SenseToLeds.output" />
    <property name="env.JAVA_HOME" value="/usr/lib/jvm/java-8-oracle" />
    <property name="env.PTII" value="/home/travis/build/icyphy/ptII" />
    <property name="env.TRAVIS_COMMIT_MESSAGE" value="Note that we use the ptII-test repo here instead of the ptII repo so as to avoid cluttering the ptII changelog." />
    <property name="keystore" value="ptKeystore" />
    <property name="env.XDG_SESSION_ID" value="2" />
    <property name="junit.output.dir" value="/home/travis/build/icyphy/ptII/reports/junit" />
    <property name="npm.return.code" value="0" />
    <property name="user.dir" value="/home/travis/build/icyphy/ptII/ptolemy/domains/de/test" />
    <property name="env.TRAVIS_NODE_VERSION" value="7" />
    <property name="env.XFILESEARCHPATH" value="/usr/dt/app-defaults/%L/Dt" />
    <property name="env.TRAVIS_EVENT_TYPE" value="push" />
    <property name="env.MAIL" value="/var/mail/travis" />
    <property name="env.PWD" value="/home/travis/build/icyphy/ptII" />
    <property name="env.PERLBREW_ROOT" value="/home/travis/perl5/perlbrew" />
    <property name="timeout.npm" value="45000" />
    <property name="env.PT_TRAVIS_TEST_CORE2_XML" value="true" />
    <property name="env.PAGER" value="cat" />
    <property name="sun.cpu.endian" value="little" />
    <property name="env.TRAVIS_BUILD_STAGE_NAME" value="Test" />
    <property name="env.PERLBREW_HOME" value="/home/travis/.perlbrew" />
    <property name="env.RAILS_ENV" value="test" />
    <property name="java.vm.version" value="25.151-b12" />
    <property name="java.class.path" value="/home/travis/build/icyphy/ptII:/home/travis/build/icyphy/ptII/lib/bsh-2.0b4.jar:/home/travis/build/icyphy/ptII/lib/ptCal.jar:/home/travis/build/icyphy/ptII/lib/java_cup.jar:/home/travis/build/icyphy/ptII/lib/saxon8.jar:/home/travis/build/icyphy/ptII/lib/saxon8-dom.jar:/home/travis/build/icyphy/ptII/lib/chic.jar:/home/travis/build/icyphy/ptII/lib/ptcolt.jar:/usr/lib/jvm/java-8-oracle/lib/tools.jar:/usr/lib/eclipse/plugins/org.eclipse.jdt.core_3.8.2.dist.jar:/usr/lib/eclipse/plugins/org.eclipse.core.runtime_3.8.0.dist.jar:/usr/lib/eclipse/plugins/org.eclipse.osgi_3.8.1.dist.jar:/usr/lib/eclipse/plugins/org.eclipse.core.resources_3.8.1.dist.jar:/usr/lib/eclipse/plugins/org.eclipse.equinox.common_3.6.100.dist.jar:/usr/lib/eclipse/plugins/org.eclipse.core.jobs_3.5.200.dist.jar:/usr/lib/eclipse/plugins/org.eclipse.core.contenttype_3.4.200.dist.jar:/usr/lib/eclipse/plugins/org.eclipse.equinox.preferences_3.5.0.dist.jar:/usr/lib/eclipse/plugins/org.eclipse.text_3.5.200.dist.jar:/usr/lib/eclipse/plugins/org.eclipse.ui.workbench_3.8.1.dist.jar:/usr/lib/eclipse/plugins/org.eclipse.jface_3.8.0.dist.jar:/usr/lib/eclipse/plugins/org.eclipse.swt_3.8.2.jar:/usr/lib/eclipse/plugins/org.eclipse.jface.text_3.8.1.dist.jar:/usr/lib/eclipse/plugins/org.eclipse.ui.workbench.texteditor_3.8.0.dist.jar:/usr/lib/eclipse/plugins/org.eclipse.ui.editors_3.8.0.dist.jar:/usr/lib/eclipse/plugins/org.eclipse.core.commands_3.6.1.dist.jar:/usr/lib/eclipse/plugins/org.eclipse.equinox.registry_3.5.200.dist.jar:/usr/lib/eclipse/plugins/org.eclipse.ui.console_3.5.100.dist.jar:/usr/lib/eclipse/plugins/org.eclipse.ui.forms_3.5.200.dist.jar:/usr/lib/eclipse/plugins/org.eclipse.ui.ide_3.8.1.dist.jar:/home/travis/build/icyphy/ptII/vendors/oracle/dbxml.jar:/home/travis/build/icyphy/ptII/vendors/oracle/db.jar:/home/travis/build/icyphy/ptII/vendors/misc/itext/iText.jar:/home/travis/build/icyphy/ptII/lib/g4ltl.jar:/home/travis/build/icyphy/ptII/lib/StructuralCoder.jar:/home/travis/build/icyphy/ptII/lib/org-openide-util.jar:/home/travis/build/icyphy/ptII/lib/org-openide-util-lookup.jar:/home/travis/build/icyphy/ptII/lib/org-netbeans-api-visual.jar:/home/travis/build/icyphy/ptII/vendors/jai-1_1_2_01/lib/jai_core.jar:/home/travis/build/icyphy/ptII/vendors/jai-1_1_2_01/lib/jai_codec.jar:/home/travis/build/icyphy/ptII/lib/jcerti.jar:/home/travis/build/icyphy/ptII/lib/smack.jar:/home/travis/build/icyphy/ptII/lib/smackx.jar:/home/travis/build/icyphy/ptII/lib/jetty-all-8.1.5-v20120716.jar:/home/travis/build/icyphy/ptII/lib/javax.servlet-api-3.0.1.jar:/home/travis/build/icyphy/ptII/lib/javax.mail.jar:/home/travis/build/icyphy/ptII/vendors/JMF-2.1.1e/lib/jmf.jar:/home/travis/build/icyphy/ptII/lib/jna-4.0.0-variadic.jar:/home/travis/build/icyphy/ptII/vendors/misc/joystick/Joystick.jar:/home/travis/build/icyphy/ptII/lib/ptjacl.jar:/home/travis/build/icyphy/ptII/lib/jsoup-1.8.2.jar:/home/travis/build/icyphy/ptII/lib/junit-4.8.2.jar:/home/travis/build/icyphy/ptII/lib/JUnitParams-0.4.0.jar:/home/travis/build/icyphy/ptII/ptolemy/actor/lib/excel/jxl.jar:/home/travis/build/icyphy/ptII/lib/jython.jar:/home/travis/build/icyphy/ptII/lib/kieler.jar:/home/travis/build/icyphy/ptII/vendors/opencv/share/OpenCV/java/opencv-341.jar:/home/travis/build/icyphy/ptII/lib/oscP5.jar:/home/travis/build/icyphy/ptII/lib/nrjavaserial-3.11.0.devel.jar:/usr/share/java/j3dcore.jar:/usr/share/java/j3dutils.jar:/usr/share/java/vecmath.jar:/home/travis/build/icyphy/ptII/ptolemy/distributed/jini/jar/jini-core.jar:/home/travis/build/icyphy/ptII/ptolemy/distributed/jini/jar/jini-ext.jar:/home/travis/build/icyphy/ptII/ptolemy/distributed/jini/jar/sun-util.jar:/home/travis/build/icyphy/ptII/lib/protobuf-java-2.4.1.jar:/home/travis/build/icyphy/ptII/lib/org.eclipse.paho.client.mqttv3.jar:/home/travis/build/icyphy/ptII/ptserver/lib/hessian-4.0.7.jar:/home/travis/build/icyphy/ptII/ptserver/lib/wmqtt.jar:/home/travis/build/icyphy/ptII/lib/mapss.jar:/home/travis/build/icyphy/ptII/ptolemy/actor/ptalon/antlr/antlr.jar:/home/travis/build/icyphy/ptII/lib/JRI.jar:/home/travis/build/icyphy/ptII/lib/commons-lang-2.6.jar:/home/travis/build/icyphy/ptII/lib/commons-logging-1.1.1.jar:/home/travis/build/icyphy/ptII/lib/sootclasses.jar:/home/travis/build/icyphy/ptII/ptolemy/actor/lib/database/mysql-connector-java-5.1.6-bin.jar:/home/travis/build/icyphy/ptII/vendors/misc/sphinx4/sphinx4-data-5prealpha.jar:/home/travis/build/icyphy/ptII/vendors/misc/sphinx4/sphinx4-core-5prealpha.jar:/home/travis/build/icyphy/ptII/lib/PDFRenderer.jar:/home/travis/build/icyphy/ptII/lib/svgSalamander.jar:/home/travis/build/icyphy/ptII/lib/rsyntaxtextarea-2.6.0-SNAPSHOT.jar:/home/travis/build/icyphy/ptII/lib/hazelcast-3.8.2.jar:/home/travis/build/icyphy/ptII/lib/jackson-annotations-2.9.0.jar:/home/travis/build/icyphy/ptII/lib/jackson-core-2.9.3.jar:/home/travis/build/icyphy/ptII/lib/jackson-databind-2.9.3.jar:/home/travis/build/icyphy/ptII/lib/netty-buffer-4.1.19.Final.jar:/home/travis/build/icyphy/ptII/lib/netty-codec-4.1.19.Final.jar:/home/travis/build/icyphy/ptII/lib/netty-codec-dns-4.1.19.Final.jar:/home/travis/build/icyphy/ptII/lib/netty-codec-http-4.1.19.Final.jar:/home/travis/build/icyphy/ptII/lib/netty-codec-http2-4.1.19.Final.jar:/home/travis/build/icyphy/ptII/lib/netty-common-4.1.19.Final.jar:/home/travis/build/icyphy/ptII/lib/netty-handler-4.1.19.Final.jar:/home/travis/build/icyphy/ptII/lib/netty-resolver-4.1.19.Final.jar:/home/travis/build/icyphy/ptII/lib/netty-resolver-dns-4.1.19.Final.jar:/home/travis/build/icyphy/ptII/lib/netty-transport-4.1.19.Final.jar:/home/travis/build/icyphy/ptII/lib/vertx-codegen-3.5.1.jar:/home/travis/build/icyphy/ptII/lib/vertx-core-3.5.2-SNAPSHOT.jar:/home/travis/build/icyphy/ptII/lib/vertx-hazelcast-3.5.1.jar:/home/travis/build/icyphy/ptII/lib/vertx-lang-js-3.5.1.jar:/home/travis/build/icyphy/ptII/lib/vertx-service-proxy-3.5.1.jar:/home/travis/build/icyphy/ptII/lib/vertx-web-3.5.1.jar:/home/travis/build/icyphy/ptII/lib/slf4j-api-1.7.13.jar:/home/travis/build/icyphy/ptII/lib/slf4j-simple-1.7.13.jar:/home/travis/build/icyphy/ptII/lib/webcam-capture-0.3.12.jar:/home/travis/build/icyphy/ptII/lib/bridj-0.7.0.jar:/home/travis/build/icyphy/ptII/lib/xbjlib-1.1.0.nrjavaserial.jar:/home/travis/build/icyphy/ptII/ptolemy/moml/test:/home/travis/build/icyphy/ptII/ant/lib/ant-launcher.jar:/home/travis/build/icyphy/ptII/ant/lib/ant.jar:/home/travis/build/icyphy/ptII/ant/lib/ant-junit.jar:/home/travis/build/icyphy/ptII/ant/lib/ant-junit4.jar" />
    <property name="ant.library.dir" value="/home/travis/build/icyphy/ptII/ant/lib" />
    <property name="os.arch" value="amd64" />
    <property name="env.TRAVIS_LANGUAGE" value="node_js" />
    <property name="env.CONTINUOUS_INTEGRATION" value="true" />
    <property name="env.TRAVIS_STACK_LANGUAGES" value="__garnet__ c c++ clojure cplusplus cpp default go groovy java node_js php pure_java python ruby scala" />
    <property name="test.name" value="ptolemy.actor.lib.test.junit.JUnitTclTest" />
    <property name="sun.java.launcher" value="SUN_STANDARD" />
    <property name="env.PYTHON_CONFIGURE_OPTS" value="--enable-unicode=ucs4 --with-wide-unicode --enable-shared --enable-ipv6 --enable-loadable-sqlite-extensions --with-computed-gotos" />
    <property name="ant.core.lib" value="/home/travis/build/icyphy/ptII/ant/lib/ant.jar" />
    <property name="java.vm.specification.vendor" value="Oracle Corporation" />
    <property name="env.BCVTB_HOME" value="/home/travis/build/icyphy/ptII/lbnl" />
    <property name="file.separator" value="/" />
    <property name="java.runtime.version" value="1.8.0_151-b12" />
    <property name="spotbugs.home" value="/home/travis/build/icyphy/ptII/vendors/spotbugs-3.1.1" />
    <property name="sun.boot.class.path" value="/usr/lib/jvm/java-8-oracle/jre/lib/resources.jar:/usr/lib/jvm/java-8-oracle/jre/lib/rt.jar:/usr/lib/jvm/java-8-oracle/jre/lib/sunrsasign.jar:/usr/lib/jvm/java-8-oracle/jre/lib/jsse.jar:/usr/lib/jvm/java-8-oracle/jre/lib/jce.jar:/usr/lib/jvm/java-8-oracle/jre/lib/charsets.jar:/usr/lib/jvm/java-8-oracle/jre/lib/jfr.jar:/usr/lib/jvm/java-8-oracle/jre/classes" />
    <property name="env.HAS_JOSH_K_SEAL_OF_APPROVAL" value="true" />
    <property name="env.TRAVIS_OSX_IMAGE" value="" />
    <property name="env.XDG_RUNTIME_DIR" value="/run/user/2000" />
    <property name="env.TRAVIS_BRANCH" value="master" />
    <property name="env.TRAVIS_JOB_ID" value="386873406" />
    <property name="env.CERTI_HOME_TRAVIS" value="/home/travis/pthla/certi-tools" />
    <property name="user.country" value="US" />
    <property name="env.SHELL" value="/bin/bash" />
    <property name="java.maxmemory.large" value="5000m" />
    <property name="model" value="" />
    <property name="env.CASHER_DIR" value="/home/travis/.casher" />
    <property name="env.NVM_CD_FLAGS" value="" />
    <property name="jshint.executable" value="/home/travis/node_modules/jshint/bin/jshint" />
    <property name="java.vendor" value="Oracle Corporation" />
    <property name="env.JRUBY_OPTS" value=" --client -J-XX:+TieredCompilation -J-XX:TieredStopAtLevel=1 -J-Xss2m -Xcompile.invokedynamic=false" />
    <property name="env.TRAVIS_PRE_CHEF_BOOTSTRAP_TIME" value="2017-12-05T19:32:55" />
    <property name="env.TRAVIS_STACK_JOB_BOARD_REGISTER" value="/.job-board-register.yml" />
    <property name="env.ELIXIR_VERSION" value="1.4.5" />
    <property name="java.specification.version" value="1.8" />
    <property name="env.IRBRC" value="/home/travis/.rvm/rubies/ruby-2.4.1/.irbrc" />
    <property name="env.TRAVIS" value="true" />
    <property name="sun.arch.data.model" value="64" />
  </properties>
  <testcase classname="ptolemy.util.test.junit.TclTests" name="[0] /home/travis/build/icyphy/ptII/ptolemy/domains/de/test/DependencyLoop.tcl (RunTclFile)" time="0.639" />
  <testcase classname="ptolemy.util.test.junit.TclTests" name="[1] /home/travis/build/icyphy/ptII/ptolemy/domains/de/test/RunDETestsAsQSS.tcl (RunTclFile)" time="86.812" />
  <testcase classname="ptolemy.util.test.junit.AutoKnownFailedTests" name="[0] /home/travis/build/icyphy/ptII/ptolemy/domains/de/test/auto/knownFailedTests/DESDFClockTest.xml (RunModel)" time="2.038" />
  <testcase classname="ptolemy.util.test.junit.AutoKnownFailedTests" name="[1] /home/travis/build/icyphy/ptII/ptolemy/domains/de/test/auto/knownFailedTests/DirectFeedback.xml (RunModel)" time="0.007" />
  <testcase classname="ptolemy.util.test.junit.AutoKnownFailedTests" name="[2] /home/travis/build/icyphy/ptII/ptolemy/domains/de/test/auto/knownFailedTests/FSMSource.xml (RunModel)" time="0.011" />
  <testcase classname="ptolemy.util.test.junit.AutoKnownFailedTests" name="[3] /home/travis/build/icyphy/ptII/ptolemy/domains/de/test/auto/knownFailedTests/HierarchicalModel.xml (RunModel)" time="0.024" />
  <testcase classname="ptolemy.util.test.junit.AutoKnownFailedTests" name="[4] /home/travis/build/icyphy/ptII/ptolemy/domains/de/test/auto/knownFailedTests/dependencyLoop.xml (RunModel)" time="0.022" />
  <testcase classname="ptolemy.util.test.junit.AutoKnownFailedTests" name="[5] /home/travis/build/icyphy/ptII/ptolemy/domains/de/test/auto/knownFailedTests/dependencyLoop2.xml (RunModel)" time="0.025" />
  <testcase classname="ptolemy.util.test.junit.AutoNameArchTests" name="[0] ThereAreNoAutoArchTests (RunModel)" time="0.004" />
  <testcase classname="ptolemy.util.test.junit.AutoTests" name="[0] /home/travis/build/icyphy/ptII/ptolemy/domains/de/test/auto/ActorDepthCalculation_actorWithoutPorts.xml (RunModel)" time="0.008" />
  <testcase classname="ptolemy.util.test.junit.AutoTests" name="[1] /home/travis/build/icyphy/ptII/ptolemy/domains/de/test/auto/AssemblyLine.xml (RunModel)" time="0.011" />
  <testcase classname="ptolemy.util.test.junit.AutoTests" name="[2] /home/travis/build/icyphy/ptII/ptolemy/domains/de/test/auto/CQBug1.xml (RunModel)" time="0.005" />
  <testcase classname="ptolemy.util.test.junit.AutoTests" name="[3] /home/travis/build/icyphy/ptII/ptolemy/domains/de/test/auto/CancelFireAt.xml (RunModel)" time="0.003" />
  <testcase classname="ptolemy.util.test.junit.AutoTests" name="[4] /home/travis/build/icyphy/ptII/ptolemy/domains/de/test/auto/CausalityAndComposabilityAnalysis.xml (RunModel)" time="0.007" />
  <testcase classname="ptolemy.util.test.junit.AutoTests" name="[5] /home/travis/build/icyphy/ptII/ptolemy/domains/de/test/auto/CausalityInterface1.xml (RunModel)" time="0.008" />
  <testcase classname="ptolemy.util.test.junit.AutoTests" name="[6] /home/travis/build/icyphy/ptII/ptolemy/domains/de/test/auto/CausalityInterface15.xml (RunModel)" time="0.008" />
  <testcase classname="ptolemy.util.test.junit.AutoTests" name="[7] /home/travis/build/icyphy/ptII/ptolemy/domains/de/test/auto/CausalityInterface2.xml (RunModel)" time="0.007" />
  <testcase classname="ptolemy.util.test.junit.AutoTests" name="[8] /home/travis/build/icyphy/ptII/ptolemy/domains/de/test/auto/CausalityInterface3.xml (RunModel)" time="0.008" />
  <testcase classname="ptolemy.util.test.junit.AutoTests" name="[9] /home/travis/build/icyphy/ptII/ptolemy/domains/de/test/auto/ClockDrift.xml (RunModel)" time="0.022" />
  <testcase classname="ptolemy.util.test.junit.AutoTests" name="[10] /home/travis/build/icyphy/ptII/ptolemy/domains/de/test/auto/ClockDriftAndValueChange.xml (RunModel)" time="0.021" />
  <testcase classname="ptolemy.util.test.junit.AutoTests" name="[11] /home/travis/build/icyphy/ptII/ptolemy/domains/de/test/auto/ClockDriftChange.xml (RunModel)" time="0.017" />
  <testcase classname="ptolemy.util.test.junit.AutoTests" name="[12] /home/travis/build/icyphy/ptII/ptolemy/domains/de/test/auto/ComposableCausalityAnalysis.xml (RunModel)" time="0.016" />
  <testcase classname="ptolemy.util.test.junit.AutoTests" name="[13] /home/travis/build/icyphy/ptII/ptolemy/domains/de/test/auto/DEFixedPointLimitation.xml (RunModel)" time="0.006" />
  <testcase classname="ptolemy.util.test.junit.AutoTests" name="[14] /home/travis/build/icyphy/ptII/ptolemy/domains/de/test/auto/DEScheduleTest.xml (RunModel)" time="0.008" />
  <testcase classname="ptolemy.util.test.junit.AutoTests" name="[15] /home/travis/build/icyphy/ptII/ptolemy/domains/de/test/auto/DEinDEwithStartTimes.xml (RunModel)" time="0.009" />
  <testcase classname="ptolemy.util.test.junit.AutoTests" name="[16] /home/travis/build/icyphy/ptII/ptolemy/domains/de/test/auto/DEinDEwithStartTimes2.xml (RunModel)" time="0.009" />
  <testcase classname="ptolemy.util.test.junit.AutoTests" name="[17] /home/travis/build/icyphy/ptII/ptolemy/domains/de/test/auto/DateDemo.xml (RunModel)" time="0.018" />
  <testcase classname="ptolemy.util.test.junit.AutoTests" name="[18] /home/travis/build/icyphy/ptII/ptolemy/domains/de/test/auto/DateToEvent.xml (RunModel)" time="2.031" />
  <testcase classname="ptolemy.util.test.junit.AutoTests" name="[19] /home/travis/build/icyphy/ptII/ptolemy/domains/de/test/auto/DepthTest1.xml (RunModel)" time="0.006" />
  <testcase classname="ptolemy.util.test.junit.AutoTests" name="[20] /home/travis/build/icyphy/ptII/ptolemy/domains/de/test/auto/DepthTest2.xml (RunModel)" time="0.01" />
  <testcase classname="ptolemy.util.test.junit.AutoTests" name="[21] /home/travis/build/icyphy/ptII/ptolemy/domains/de/test/auto/DepthTest3.xml (RunModel)" time="0.005" />
  <testcase classname="ptolemy.util.test.junit.AutoTests" name="[22] /home/travis/build/icyphy/ptII/ptolemy/domains/de/test/auto/DepthTest4.xml (RunModel)" time="0.007" />
  <testcase classname="ptolemy.util.test.junit.AutoTests" name="[23] /home/travis/build/icyphy/ptII/ptolemy/domains/de/test/auto/DepthTest5.xml (RunModel)" time="0.008" />
  <testcase classname="ptolemy.util.test.junit.AutoTests" name="[24] /home/travis/build/icyphy/ptII/ptolemy/domains/de/test/auto/DepthTest6.xml (RunModel)" time="0.008" />
  <testcase classname="ptolemy.util.test.junit.AutoTests" name="[25] /home/travis/build/icyphy/ptII/ptolemy/domains/de/test/auto/DepthTest7.xml (RunModel)" time="0.007" />
  <testcase classname="ptolemy.util.test.junit.AutoTests" name="[26] /home/travis/build/icyphy/ptII/ptolemy/domains/de/test/auto/EventToDate.xml (RunModel)" time="3.022" />
  <testcase classname="ptolemy.util.test.junit.AutoTests" name="[27] /home/travis/build/icyphy/ptII/ptolemy/domains/de/test/auto/FSM1.xml (RunModel)" time="0.029" />
  <testcase classname="ptolemy.util.test.junit.AutoTests" name="[28] /home/travis/build/icyphy/ptII/ptolemy/domains/de/test/auto/FSM7.xml (RunModel)" time="0.02" />
  <testcase classname="ptolemy.util.test.junit.AutoTests" name="[29] /home/travis/build/icyphy/ptII/ptolemy/domains/de/test/auto/Inspection.xml (RunModel)" time="0.037" />
  <testcase classname="ptolemy.util.test.junit.AutoTests" name="[30] /home/travis/build/icyphy/ptII/ptolemy/domains/de/test/auto/Iteration.xml (RunModel)" time="0.013" />
  <testcase classname="ptolemy.util.test.junit.AutoTests" name="[31] /home/travis/build/icyphy/ptII/ptolemy/domains/de/test/auto/LineFault.xml (RunModel)" time="0.37" />
  <testcase classname="ptolemy.util.test.junit.AutoTests" name="[32] /home/travis/build/icyphy/ptII/ptolemy/domains/de/test/auto/MergeModel1Add.xml (RunModel)" time="0.035" />
  <testcase classname="ptolemy.util.test.junit.AutoTests" name="[33] /home/travis/build/icyphy/ptII/ptolemy/domains/de/test/auto/MergeModel2Add.xml (RunModel)" time="0.026" />
  <testcase classname="ptolemy.util.test.junit.AutoTests" name="[34] /home/travis/build/icyphy/ptII/ptolemy/domains/de/test/auto/MergeModel3Add.xml (RunModel)" time="0.033" />
  <testcase classname="ptolemy.util.test.junit.AutoTests" name="[35] /home/travis/build/icyphy/ptII/ptolemy/domains/de/test/auto/MergeWithoutDiscard.xml (RunModel)" time="0.007" />
  <testcase classname="ptolemy.util.test.junit.AutoTests" name="[36] /home/travis/build/icyphy/ptII/ptolemy/domains/de/test/auto/Modal1.xml (RunModel)" time="0.017" />
  <testcase classname="ptolemy.util.test.junit.AutoTests" name="[37] /home/travis/build/icyphy/ptII/ptolemy/domains/de/test/auto/Modal2.xml (RunModel)" time="0.02" />
  <testcase classname="ptolemy.util.test.junit.AutoTests" name="[38] /home/travis/build/icyphy/ptII/ptolemy/domains/de/test/auto/Modal3.xml (RunModel)" time="0.017" />
  <testcase classname="ptolemy.util.test.junit.AutoTests" name="[39] /home/travis/build/icyphy/ptII/ptolemy/domains/de/test/auto/Modal4.xml (RunModel)" time="0.018" />
  <testcase classname="ptolemy.util.test.junit.AutoTests" name="[40] /home/travis/build/icyphy/ptII/ptolemy/domains/de/test/auto/Modal5.xml (RunModel)" time="0.018" />
  <testcase classname="ptolemy.util.test.junit.AutoTests" name="[41] /home/travis/build/icyphy/ptII/ptolemy/domains/de/test/auto/Modal6.xml (RunModel)" time="0.019" />
  <testcase classname="ptolemy.util.test.junit.AutoTests" name="[42] /home/travis/build/icyphy/ptII/ptolemy/domains/de/test/auto/Modal7.xml (RunModel)" time="0.018" />
  <testcase classname="ptolemy.util.test.junit.AutoTests" name="[43] /home/travis/build/icyphy/ptII/ptolemy/domains/de/test/auto/ModalModel.xml (RunModel)" time="0.092" />
  <testcase classname="ptolemy.util.test.junit.AutoTests" name="[44] /home/travis/build/icyphy/ptII/ptolemy/domains/de/test/auto/ModalSource.xml (RunModel)" time="0.011" />
  <testcase classname="ptolemy.util.test.junit.AutoTests" name="[45] /home/travis/build/icyphy/ptII/ptolemy/domains/de/test/auto/NonInterruptibleTimerZeroDelay.xml (RunModel)" time="0.006" />
  <testcase classname="ptolemy.util.test.junit.AutoTests" name="[46] /home/travis/build/icyphy/ptII/ptolemy/domains/de/test/auto/OpenQueueingNetwork.xml (RunModel)" time="1.804" />
  <testcase classname="ptolemy.util.test.junit.AutoTests" name="[47] /home/travis/build/icyphy/ptII/ptolemy/domains/de/test/auto/OpenQueuingNetwork.xml (RunModel)" time="0.252" />
  <testcase classname="ptolemy.util.test.junit.AutoTests" name="[48] /home/travis/build/icyphy/ptII/ptolemy/domains/de/test/auto/PeriodicSampler.xml (RunModel)" time="0.008" />
  <testcase classname="ptolemy.util.test.junit.AutoTests" name="[49] /home/travis/build/icyphy/ptII/ptolemy/domains/de/test/auto/PersistentIO.xml (RunModel)" time="0.017" />
  <testcase classname="ptolemy.util.test.junit.AutoTests" name="[50] /home/travis/build/icyphy/ptII/ptolemy/domains/de/test/auto/PortParameterResetOnInitialize.xml (RunModel)" time="0.008" />
  <testcase classname="ptolemy.util.test.junit.AutoTests" name="[51] /home/travis/build/icyphy/ptII/ptolemy/domains/de/test/auto/PortParameterUpdates.xml (RunModel)" time="0.011" />
  <testcase classname="ptolemy.util.test.junit.AutoTests" name="[52] /home/travis/build/icyphy/ptII/ptolemy/domains/de/test/auto/QueueAndServer.xml (RunModel)" time="0.016" />
  <testcase classname="ptolemy.util.test.junit.AutoTests" name="[53] /home/travis/build/icyphy/ptII/ptolemy/domains/de/test/auto/Records.xml (RunModel)" time="0.011" />
  <testcase classname="ptolemy.util.test.junit.AutoTests" name="[54] /home/travis/build/icyphy/ptII/ptolemy/domains/de/test/auto/ResetTransitionWithStartTime1.xml (RunModel)" time="0.015" />
  <testcase classname="ptolemy.util.test.junit.AutoTests" name="[55] /home/travis/build/icyphy/ptII/ptolemy/domains/de/test/auto/ResetTransitionWithStartTime2.xml (RunModel)" time="0.015" />
  <testcase classname="ptolemy.util.test.junit.AutoTests" name="[56] /home/travis/build/icyphy/ptII/ptolemy/domains/de/test/auto/ResetTransitionWithStartTime3.xml (RunModel)" time="0.016" />
  <testcase classname="ptolemy.util.test.junit.AutoTests" name="[57] /home/travis/build/icyphy/ptII/ptolemy/domains/de/test/auto/ResetTransitionWithStartTime4.xml (RunModel)" time="0.016" />
  <testcase classname="ptolemy.util.test.junit.AutoTests" name="[58] /home/travis/build/icyphy/ptII/ptolemy/domains/de/test/auto/ResettableTimer1.xml (RunModel)" time="0.009" />
  <testcase classname="ptolemy.util.test.junit.AutoTests" name="[59] /home/travis/build/icyphy/ptII/ptolemy/domains/de/test/auto/ResettableTimer2.xml (RunModel)" time="0.009" />
  <testcase classname="ptolemy.util.test.junit.AutoTests" name="[60] /home/travis/build/icyphy/ptII/ptolemy/domains/de/test/auto/ResettableTimer3.xml (RunModel)" time="0.007" />
  <testcase classname="ptolemy.util.test.junit.AutoTests" name="[61] /home/travis/build/icyphy/ptII/ptolemy/domains/de/test/auto/ResettableTimer4.xml (RunModel)" time="0.007" />
  <testcase classname="ptolemy.util.test.junit.AutoTests" name="[62] /home/travis/build/icyphy/ptII/ptolemy/domains/de/test/auto/ResettableTimer5.xml (RunModel)" time="0.009" />
  <testcase classname="ptolemy.util.test.junit.AutoTests" name="[63] /home/travis/build/icyphy/ptII/ptolemy/domains/de/test/auto/ResettableTimer6.xml (RunModel)" time="0.01" />
  <testcase classname="ptolemy.util.test.junit.AutoTests" name="[64] /home/travis/build/icyphy/ptII/ptolemy/domains/de/test/auto/ServerZeroDelay.xml (RunModel)" time="0.009" />
  <testcase classname="ptolemy.util.test.junit.AutoTests" name="[65] /home/travis/build/icyphy/ptII/ptolemy/domains/de/test/auto/SmartSender.xml (RunModel)" time="3.013" />
  <testcase classname="ptolemy.util.test.junit.AutoTests" name="[66] /home/travis/build/icyphy/ptII/ptolemy/domains/de/test/auto/ThreadedComposite.xml (RunModel)" time="0.153" />
  <testcase classname="ptolemy.util.test.junit.AutoTests" name="[67] /home/travis/build/icyphy/ptII/ptolemy/domains/de/test/auto/Time.xml (RunModel)" time="0.406" />
  <testcase classname="ptolemy.util.test.junit.AutoTests" name="[68] /home/travis/build/icyphy/ptII/ptolemy/domains/de/test/auto/TimeDelayZeroDelay.xml (RunModel)" time="0.011" />
  <testcase classname="ptolemy.util.test.junit.AutoTests" name="[69] /home/travis/build/icyphy/ptII/ptolemy/domains/de/test/auto/TimerZeroDelay.xml (RunModel)" time="0.008" />
  <testcase classname="ptolemy.util.test.junit.AutoTests" name="[70] /home/travis/build/icyphy/ptII/ptolemy/domains/de/test/auto/TimingParadox.xml (RunModel)" time="0.325" />
  <testcase classname="ptolemy.util.test.junit.AutoTests" name="[71] /home/travis/build/icyphy/ptII/ptolemy/domains/de/test/auto/TransferInputs.xml (RunModel)" time="0.009" />
  <testcase classname="ptolemy.util.test.junit.AutoTests" name="[72] /home/travis/build/icyphy/ptII/ptolemy/domains/de/test/auto/TransferOutputs2.xml (RunModel)" time="0.014" />
  <testcase classname="ptolemy.util.test.junit.AutoTests" name="[73] /home/travis/build/icyphy/ptII/ptolemy/domains/de/test/auto/Trilateration.xml (RunModel)" time="11.413" />
  <testcase classname="ptolemy.util.test.junit.AutoTests" name="[74] /home/travis/build/icyphy/ptII/ptolemy/domains/de/test/auto/TwoSigmaDelta.xml (RunModel)" time="1.862" />
  <testcase classname="ptolemy.util.test.junit.AutoTests" name="[75] /home/travis/build/icyphy/ptII/ptolemy/domains/de/test/auto/VariableDelay.xml (RunModel)" time="0.012" />
  <testcase classname="ptolemy.util.test.junit.AutoTests" name="[76] /home/travis/build/icyphy/ptII/ptolemy/domains/de/test/auto/VariableDelay2.xml (RunModel)" time="0.008" />
  <testcase classname="ptolemy.util.test.junit.AutoTests" name="[77] /home/travis/build/icyphy/ptII/ptolemy/domains/de/test/auto/VariableDelayZeroDelay.xml (RunModel)" time="0.009" />
  <testcase classname="ptolemy.util.test.junit.AutoTests" name="[78] /home/travis/build/icyphy/ptII/ptolemy/domains/de/test/auto/VariableDelayZeroDelay2.xml (RunModel)" time="0.009" />
  <testcase classname="ptolemy.util.test.junit.AutoTests" name="[79] /home/travis/build/icyphy/ptII/ptolemy/domains/de/test/auto/deInCt.xml (RunModel)" time="0.013" />
  <testcase classname="ptolemy.util.test.junit.AutoTests" name="[80] /home/travis/build/icyphy/ptII/ptolemy/domains/de/test/auto/deInCt2.xml (RunModel)" time="0.012" />
  <testcase classname="ptolemy.util.test.junit.AutoTests" name="[81] /home/travis/build/icyphy/ptII/ptolemy/domains/de/test/auto/dynamicCausalityInterface1.xml (RunModel)" time="0.016" />
  <testcase classname="ptolemy.util.test.junit.AutoTests" name="[82] /home/travis/build/icyphy/ptII/ptolemy/domains/de/test/auto/fsm_de_test.xml (RunModel)" time="0.024" />
  <testcase classname="ptolemy.util.test.junit.AutoTests" name="[83] /home/travis/build/icyphy/ptII/ptolemy/domains/de/test/auto/functionDependencyReconstruction.xml (RunModel)" time="0.03" />
  <testcase classname="ptolemy.util.test.junit.AutoTests" name="[84] /home/travis/build/icyphy/ptII/ptolemy/domains/de/test/auto/multirate.xml (RunModel)" time="0.016" />
  <testcase classname="ptolemy.util.test.junit.AutoTests" name="[85] /home/travis/build/icyphy/ptII/ptolemy/domains/de/test/auto/multirate2.xml (RunModel)" time="0.014" />
  <testcase classname="ptolemy.util.test.junit.AutoTests" name="[86] /home/travis/build/icyphy/ptII/ptolemy/domains/de/test/auto/realtime.xml (RunModel)" time="10.011" />
  <testcase classname="ptolemy.util.test.junit.AutoTests" name="[87] /home/travis/build/icyphy/ptII/ptolemy/domains/de/test/auto/relationGroup.xml (RunModel)" time="0.007" />
  <testcase classname="ptolemy.util.test.junit.AutoTests" name="[88] /home/travis/build/icyphy/ptII/ptolemy/domains/de/test/auto/relationGroup2.xml (RunModel)" time="0.007" />
  <testcase classname="ptolemy.util.test.junit.AutoTests" name="[89] /home/travis/build/icyphy/ptII/ptolemy/domains/de/test/auto/sortWithOpaquePorts.xml (RunModel)" time="0.012" />
  <testcase classname="ptolemy.util.test.junit.AutoTests" name="[90] /home/travis/build/icyphy/ptII/ptolemy/domains/de/test/auto/transferInputsandOutputs.xml (RunModel)" time="0.019" />
  <testcase classname="ptolemy.util.test.junit.AutoTests" name="[91] /home/travis/build/icyphy/ptII/ptolemy/domains/de/test/auto/triggerType.xml (RunModel)" time="0.009" />
  <system-out><![CDATA[/home/travis/build/icyphy/ptII/ptolemy/domains/de/test/DependencyLoop.tcl
testDefs.tcl: setting time out to 9000 seconds at Fri Jun 01 21:48:46 UTC 2018
13 ms. Memory: 116224K Free: 95180K (82%)
6 ms. Memory: 146944K Free: 137443K (94%)
/home/travis/build/icyphy/ptII/ptolemy/domains/de/test/RunDETestsAsQSS.tcl
Run the DE tests using ptolemy.domains.qss.test.QSSDirectorTest, which extends QSSDirector and prints a message in the constructors.
------------------ testing $PTII/ptolemy/domains/de/test/auto/knownFailedTests/dependencyLoop.xml (Known Failure) 
10 ms. Memory: 146944K Free: 133175K (91%)


==== $PTIIhome/travis/build/icyphy/ptII/ptolemy/domains/de/test/../../../../: Auto Automatic test in file $PTII/ptolemy/domains/de/test/auto/knownFailedTests/dependencyLoop.xml
==== Contents of test case:

	    # FIXME: we should use $relativeFilename here, but it
	    # might have backslashes under Windows, which causes no end
	    # of trouble.
	    createAndExecute $file
	    list {}
	
.... Test generated KNOWN error:
    while executing
ptolemy.kernel.util.IllegalActionException: Found a zero delay loop containing .dependencyLoop.original
  in .dependencyLoop and .dependencyLoop.original
	at ptolemy.actor.util.CausalityInterfaceForComposites._computeOutputPortDepth(CausalityInterfaceForComposites.java:759)
	at ptolemy.actor.util.CausalityInterfaceForComposites._computeInputDepth(CausalityInterfaceForComposites.java:696)
	at ptolemy.actor.util.CausalityInterfaceForComposites._computeOutputPortDepth(CausalityInterfaceForComposites.java:765)
	at ptolemy.actor.util.CausalityInterfaceForComposites._computeInputDepth(CausalityInterfaceForComposites.java:696)
	at ptolemy.actor.util.CausalityInterfaceForComposites._computeOutputPortDepth(CausalityInterfaceForComposites.java:765)
	at ptolemy.actor.util.CausalityInterfaceForComposites._computeInputDepth(CausalityInterfaceForComposites.java:696)
	at ptolemy.actor.util.CausalityInterfaceForComposites._computeActorDepth(CausalityInterfaceForComposites.java:532)
	at ptolemy.actor.util.CausalityInterfaceForComposites.checkForCycles(CausalityInterfaceForComposites.java:96)
	at ptolemy.domains.de.kernel.DEDirector.preinitialize(DEDirector.java:1337)
	at ptolemy.actor.CompositeActor.preinitialize(CompositeActor.java:1828)
	at ptolemy.actor.Manager.preinitializeAndResolveTypes(Manager.java:1040)
	at ptolemy.actor.Manager.initialize(Manager.java:710)
	at ptolemy.actor.Manager.execute(Manager.java:356)
	at ptolemy.actor.Manager.run(Manager.java:1263)
	at ptolemy.actor.Manager$PtolemyRunThread.run(Manager.java:1915)

    while executing
ptolemy.kernel.util.IllegalActionException: Found a zero delay loop containing .dependencyLoop.original
  in .dependencyLoop and .dependencyLoop.original
    while executing
"java::new ptolemy.moml.MoMLSimpleApplication $file
"
    (procedure "createAndExecute" line 2)
    invoked from within
"createAndExecute $file"
    ("uplevel" body line 5)
    invoked from within
"uplevel $contents_of_test"
------------------ testing $PTII/ptolemy/domains/de/test/auto/knownFailedTests/DESDFClockTest.xml (Known Failure) 
2087 ms. Memory: 146944K Free: 117734K (80%)


==== $PTIIhome/travis/build/icyphy/ptII/ptolemy/domains/de/test/../../../../: Auto Automatic test in file $PTII/ptolemy/domains/de/test/auto/knownFailedTests/DESDFClockTest.xml
==== Contents of test case:

	    # FIXME: we should use $relativeFilename here, but it
	    # might have backslashes under Windows, which causes no end
	    # of trouble.
	    createAndExecute $file
	    list {}
	
.... Test generated KNOWN error:
    while executing
ptolemy.kernel.util.IllegalActionException: Actor is not ready to fire.  Perhaps UpSample.prefire() returned false? Try debugging the actor by selecting "Listen to Actor".  Also, for SDF check moml for tokenConsumptionRate on input.
  in .DESDFClockTest.Play Bell.Copy1:SDF Director and .DESDFClockTest.Play Bell.UpSample
	at ptolemy.actor.sched.StaticSchedulingDirector.fire(StaticSchedulingDirector.java:227)
	at ptolemy.domains.sdf.kernel.SDFDirector.fire(SDFDirector.java:500)
	at ptolemy.actor.CompositeActor.fire(CompositeActor.java:455)
	at ptolemy.domains.de.kernel.DEDirector._fire(DEDirector.java:1948)
	at ptolemy.domains.de.kernel.DEDirector.fire(DEDirector.java:502)
	at ptolemy.actor.CompositeActor.fire(CompositeActor.java:455)
	at ptolemy.actor.Manager.iterate(Manager.java:851)
	at ptolemy.actor.Manager.execute(Manager.java:369)
	at ptolemy.actor.Manager.run(Manager.java:1263)
	at ptolemy.actor.Manager$PtolemyRunThread.run(Manager.java:1915)

    while executing
ptolemy.kernel.util.IllegalActionException: Actor is not ready to fire.  Perhaps UpSample.prefire() returned false? Try debugging the actor by selecting "Listen to Actor".  Also, for SDF check moml for tokenConsumptionRate on input.
  in .DESDFClockTest.Play Bell.Copy1:SDF Director and .DESDFClockTest.Play Bell.UpSample
    while executing
"java::new ptolemy.moml.MoMLSimpleApplication $file
"
    (procedure "createAndExecute" line 2)
    invoked from within
"createAndExecute $file"
    ("uplevel" body line 5)
    invoked from within
"uplevel $contents_of_test"
------------------ testing $PTII/ptolemy/domains/de/test/auto/knownFailedTests/FSMSource.xml (Known Failure) 
28 ms. Memory: 146944K Free: 108794K (74%)
!!!! Auto was marked as failing, but now passes
------------------ testing $PTII/ptolemy/domains/de/test/auto/knownFailedTests/dependencyLoop2.xml (Known Failure) 
12 ms. Memory: 146944K Free: 106911K (73%)


==== $PTIIhome/travis/build/icyphy/ptII/ptolemy/domains/de/test/../../../../: Auto Automatic test in file $PTII/ptolemy/domains/de/test/auto/knownFailedTests/dependencyLoop2.xml
==== Contents of test case:

	    # FIXME: we should use $relativeFilename here, but it
	    # might have backslashes under Windows, which causes no end
	    # of trouble.
	    createAndExecute $file
	    list {}
	
.... Test generated KNOWN error:
    while executing
ptolemy.kernel.util.IllegalActionException: Found a zero delay loop containing .dependencyLoop2.original
  in .dependencyLoop2 and .dependencyLoop2.original
	at ptolemy.actor.util.CausalityInterfaceForComposites._computeOutputPortDepth(CausalityInterfaceForComposites.java:759)
	at ptolemy.actor.util.CausalityInterfaceForComposites._computeInputDepth(CausalityInterfaceForComposites.java:696)
	at ptolemy.actor.util.CausalityInterfaceForComposites._computeOutputPortDepth(CausalityInterfaceForComposites.java:765)
	at ptolemy.actor.util.CausalityInterfaceForComposites._computeInputDepth(CausalityInterfaceForComposites.java:696)
	at ptolemy.actor.util.CausalityInterfaceForComposites._computeOutputPortDepth(CausalityInterfaceForComposites.java:765)
	at ptolemy.actor.util.CausalityInterfaceForComposites._computeInputDepth(CausalityInterfaceForComposites.java:696)
	at ptolemy.actor.util.CausalityInterfaceForComposites._computeActorDepth(CausalityInterfaceForComposites.java:532)
	at ptolemy.actor.util.CausalityInterfaceForComposites.checkForCycles(CausalityInterfaceForComposites.java:96)
	at ptolemy.domains.de.kernel.DEDirector.preinitialize(DEDirector.java:1337)
	at ptolemy.actor.CompositeActor.preinitialize(CompositeActor.java:1828)
	at ptolemy.actor.Manager.preinitializeAndResolveTypes(Manager.java:1040)
	at ptolemy.actor.Manager.initialize(Manager.java:710)
	at ptolemy.actor.Manager.execute(Manager.java:356)
	at ptolemy.actor.Manager.run(Manager.java:1263)
	at ptolemy.actor.Manager$PtolemyRunThread.run(Manager.java:1915)

    while executing
ptolemy.kernel.util.IllegalActionException: Found a zero delay loop containing .dependencyLoop2.original
  in .dependencyLoop2 and .dependencyLoop2.original
    while executing
"java::new ptolemy.moml.MoMLSimpleApplication $file
"
    (procedure "createAndExecute" line 2)
    invoked from within
"createAndExecute $file"
    ("uplevel" body line 5)
    invoked from within
"uplevel $contents_of_test"
------------------ testing $PTII/ptolemy/domains/de/test/auto/knownFailedTests/HierarchicalModel.xml (Known Failure) 
7 ms. Memory: 146944K Free: 86466K (59%)


==== $PTIIhome/travis/build/icyphy/ptII/ptolemy/domains/de/test/../../../../: Auto Automatic test in file $PTII/ptolemy/domains/de/test/auto/knownFailedTests/HierarchicalModel.xml
==== Contents of test case:

	    # FIXME: we should use $relativeFilename here, but it
	    # might have backslashes under Windows, which causes no end
	    # of trouble.
	    createAndExecute $file
	    list {}
	
.... Test generated KNOWN error:
    while executing
ptolemy.kernel.util.IllegalActionException: Found a zero delay loop containing .HierarchicalModel.A
  in .HierarchicalModel and .HierarchicalModel.A
	at ptolemy.actor.util.CausalityInterfaceForComposites._computeOutputPortDepth(CausalityInterfaceForComposites.java:759)
	at ptolemy.actor.util.CausalityInterfaceForComposites._computeInputDepth(CausalityInterfaceForComposites.java:696)
	at ptolemy.actor.util.CausalityInterfaceForComposites._computeOutputPortDepth(CausalityInterfaceForComposites.java:765)
	at ptolemy.actor.util.CausalityInterfaceForComposites._computeInputDepth(CausalityInterfaceForComposites.java:696)
	at ptolemy.actor.util.CausalityInterfaceForComposites._computeOutputPortDepth(CausalityInterfaceForComposites.java:765)
	at ptolemy.actor.util.CausalityInterfaceForComposites._computeInputDepth(CausalityInterfaceForComposites.java:696)
	at ptolemy.actor.util.CausalityInterfaceForComposites._computeActorDepth(CausalityInterfaceForComposites.java:532)
	at ptolemy.actor.util.CausalityInterfaceForComposites.checkForCycles(CausalityInterfaceForComposites.java:96)
	at ptolemy.domains.de.kernel.DEDirector.preinitialize(DEDirector.java:1337)
	at ptolemy.actor.CompositeActor.preinitialize(CompositeActor.java:1828)
	at ptolemy.actor.Manager.preinitializeAndResolveTypes(Manager.java:1040)
	at ptolemy.actor.Manager.initialize(Manager.java:710)
	at ptolemy.actor.Manager.execute(Manager.java:356)
	at ptolemy.actor.Manager.run(Manager.java:1263)
	at ptolemy.actor.Manager$PtolemyRunThread.run(Manager.java:1915)

    while executing
ptolemy.kernel.util.IllegalActionException: Found a zero delay loop containing .HierarchicalModel.A
  in .HierarchicalModel and .HierarchicalModel.A
    while executing
"java::new ptolemy.moml.MoMLSimpleApplication $file
"
    (procedure "createAndExecute" line 2)
    invoked from within
"createAndExecute $file"
    ("uplevel" body line 5)
    invoked from within
"uplevel $contents_of_test"
------------------ testing $PTII/ptolemy/domains/de/test/auto/knownFailedTests/DirectFeedback.xml (Known Failure) 
18 ms. Memory: 146944K Free: 142299K (97%)


==== $PTIIhome/travis/build/icyphy/ptII/ptolemy/domains/de/test/../../../../: Auto Automatic test in file $PTII/ptolemy/domains/de/test/auto/knownFailedTests/DirectFeedback.xml
==== Contents of test case:

	    # FIXME: we should use $relativeFilename here, but it
	    # might have backslashes under Windows, which causes no end
	    # of trouble.
	    createAndExecute $file
	    list {}
	
.... Test generated KNOWN error:
    while executing
ptolemy.kernel.util.IllegalActionException: Test fails in iteration 1.
Value was: 1.0. Should have been: 2.0
  in .DirectFeedback.Test
	at ptolemy.actor.lib.Test.fire(Test.java:268)
	at ptolemy.domains.de.kernel.DEDirector._fire(DEDirector.java:1948)
	at ptolemy.domains.de.kernel.DEDirector.fire(DEDirector.java:502)
	at ptolemy.actor.CompositeActor.fire(CompositeActor.java:455)
	at ptolemy.actor.Manager.iterate(Manager.java:851)
	at ptolemy.actor.Manager.execute(Manager.java:369)
	at ptolemy.actor.Manager.run(Manager.java:1263)
	at ptolemy.actor.Manager$PtolemyRunThread.run(Manager.java:1915)

    while executing
ptolemy.kernel.util.IllegalActionException: Test fails in iteration 1.
Value was: 1.0. Should have been: 2.0
  in .DirectFeedback.Test
    while executing
"java::new ptolemy.moml.MoMLSimpleApplication $file
"
    (procedure "createAndExecute" line 2)
    invoked from within
"createAndExecute $file"
    ("uplevel" body line 5)
    invoked from within
"uplevel $contents_of_test"
------------------ testing $PTII/ptolemy/domains/de/test/auto/ActorDepthCalculation_actorWithoutPorts.xml
auto.tcl: Setting watchdog for 200 seconds at Fri Jun 01 21:48:49 UTC 2018
7 ms. Memory: 146944K Free: 133621K (91%)
ptolemy.util.test.WatchDog.cancel(): canceling Fri Jun 01 21:48:50 UTC 2018
auto.tcl: Setting watchdog for 200 seconds at Fri Jun 01 21:48:50 UTC 2018
8 ms. Memory: 146944K Free: 132585K (90%)
ptolemy.util.test.WatchDog.cancel(): canceling Fri Jun 01 21:48:50 UTC 2018
------------------ testing $PTII/ptolemy/domains/de/test/auto/AssemblyLine.xml
auto.tcl: Setting watchdog for 200 seconds at Fri Jun 01 21:48:50 UTC 2018
17 ms. Memory: 208384K Free: 182858K (88%)
ptolemy.util.test.WatchDog.cancel(): canceling Fri Jun 01 21:48:50 UTC 2018
auto.tcl: Setting watchdog for 200 seconds at Fri Jun 01 21:48:50 UTC 2018
26 ms. Memory: 208384K Free: 182858K (88%)
ptolemy.util.test.WatchDog.cancel(): canceling Fri Jun 01 21:48:50 UTC 2018
------------------ testing $PTII/ptolemy/domains/de/test/auto/CQBug1.xml
auto.tcl: Setting watchdog for 200 seconds at Fri Jun 01 21:48:50 UTC 2018
8 ms. Memory: 208384K Free: 197388K (95%)
ptolemy.util.test.WatchDog.cancel(): canceling Fri Jun 01 21:48:50 UTC 2018
auto.tcl: Setting watchdog for 200 seconds at Fri Jun 01 21:48:50 UTC 2018
2 ms. Memory: 208384K Free: 197388K (95%)
ptolemy.util.test.WatchDog.cancel(): canceling Fri Jun 01 21:48:50 UTC 2018
------------------ testing $PTII/ptolemy/domains/de/test/auto/CancelFireAt.xml
auto.tcl: Setting watchdog for 200 seconds at Fri Jun 01 21:48:50 UTC 2018
9 ms. Memory: 208384K Free: 201097K (97%)
ptolemy.util.test.WatchDog.cancel(): canceling Fri Jun 01 21:48:50 UTC 2018
auto.tcl: Setting watchdog for 200 seconds at Fri Jun 01 21:48:50 UTC 2018
6 ms. Memory: 208384K Free: 198998K (95%)
ptolemy.util.test.WatchDog.cancel(): canceling Fri Jun 01 21:48:50 UTC 2018
------------------ testing $PTII/ptolemy/domains/de/test/auto/CausalityAndComposabilityAnalysis.xml
auto.tcl: Setting watchdog for 200 seconds at Fri Jun 01 21:48:50 UTC 2018
15 ms. Memory: 208384K Free: 196911K (94%)
ptolemy.util.test.WatchDog.cancel(): canceling Fri Jun 01 21:48:50 UTC 2018
auto.tcl: Setting watchdog for 200 seconds at Fri Jun 01 21:48:50 UTC 2018
8 ms. Memory: 208384K Free: 196911K (94%)
ptolemy.util.test.WatchDog.cancel(): canceling Fri Jun 01 21:48:50 UTC 2018
------------------ testing $PTII/ptolemy/domains/de/test/auto/CausalityInterface1.xml
auto.tcl: Setting watchdog for 200 seconds at Fri Jun 01 21:48:50 UTC 2018
16 ms. Memory: 208384K Free: 196439K (94%)
ptolemy.util.test.WatchDog.cancel(): canceling Fri Jun 01 21:48:50 UTC 2018
auto.tcl: Setting watchdog for 200 seconds at Fri Jun 01 21:48:50 UTC 2018
4 ms. Memory: 208384K Free: 196439K (94%)
ptolemy.util.test.WatchDog.cancel(): canceling Fri Jun 01 21:48:51 UTC 2018
------------------ testing $PTII/ptolemy/domains/de/test/auto/CausalityInterface15.xml
auto.tcl: Setting watchdog for 200 seconds at Fri Jun 01 21:48:51 UTC 2018
13 ms. Memory: 208384K Free: 196430K (94%)
ptolemy.util.test.WatchDog.cancel(): canceling Fri Jun 01 21:48:51 UTC 2018
auto.tcl: Setting watchdog for 200 seconds at Fri Jun 01 21:48:51 UTC 2018
3 ms. Memory: 208384K Free: 196430K (94%)
ptolemy.util.test.WatchDog.cancel(): canceling Fri Jun 01 21:48:51 UTC 2018
------------------ testing $PTII/ptolemy/domains/de/test/auto/CausalityInterface2.xml
auto.tcl: Setting watchdog for 200 seconds at Fri Jun 01 21:48:51 UTC 2018
7 ms. Memory: 208384K Free: 196414K (94%)
ptolemy.util.test.WatchDog.cancel(): canceling Fri Jun 01 21:48:51 UTC 2018
auto.tcl: Setting watchdog for 200 seconds at Fri Jun 01 21:48:51 UTC 2018
2 ms. Memory: 208384K Free: 196414K (94%)
ptolemy.util.test.WatchDog.cancel(): canceling Fri Jun 01 21:48:51 UTC 2018
------------------ testing $PTII/ptolemy/domains/de/test/auto/CausalityInterface3.xml
auto.tcl: Setting watchdog for 200 seconds at Fri Jun 01 21:48:51 UTC 2018
6 ms. Memory: 208384K Free: 196426K (94%)
ptolemy.util.test.WatchDog.cancel(): canceling Fri Jun 01 21:48:51 UTC 2018
auto.tcl: Setting watchdog for 200 seconds at Fri Jun 01 21:48:51 UTC 2018
7 ms. Memory: 208384K Free: 196426K (94%)
ptolemy.util.test.WatchDog.cancel(): canceling Fri Jun 01 21:48:51 UTC 2018
------------------ testing $PTII/ptolemy/domains/de/test/auto/ClockDrift.xml
auto.tcl: Setting watchdog for 200 seconds at Fri Jun 01 21:48:51 UTC 2018
83 ms. Memory: 208384K Free: 187669K (90%)
ptolemy.util.test.WatchDog.cancel(): canceling Fri Jun 01 21:48:51 UTC 2018
auto.tcl: Setting watchdog for 200 seconds at Fri Jun 01 21:48:51 UTC 2018
52 ms. Memory: 208384K Free: 185572K (89%)
ptolemy.util.test.WatchDog.cancel(): canceling Fri Jun 01 21:48:51 UTC 2018
------------------ testing $PTII/ptolemy/domains/de/test/auto/ClockDriftAndValueChange.xml
auto.tcl: Setting watchdog for 200 seconds at Fri Jun 01 21:48:51 UTC 2018
51 ms. Memory: 208384K Free: 187503K (90%)
ptolemy.util.test.WatchDog.cancel(): canceling Fri Jun 01 21:48:51 UTC 2018
auto.tcl: Setting watchdog for 200 seconds at Fri Jun 01 21:48:51 UTC 2018
38 ms. Memory: 208384K Free: 185407K (89%)
ptolemy.util.test.WatchDog.cancel(): canceling Fri Jun 01 21:48:51 UTC 2018
------------------ testing $PTII/ptolemy/domains/de/test/auto/ClockDriftChange.xml
auto.tcl: Setting watchdog for 200 seconds at Fri Jun 01 21:48:51 UTC 2018
26 ms. Memory: 208384K Free: 190823K (92%)
ptolemy.util.test.WatchDog.cancel(): canceling Fri Jun 01 21:48:51 UTC 2018
auto.tcl: Setting watchdog for 200 seconds at Fri Jun 01 21:48:51 UTC 2018
24 ms. Memory: 208384K Free: 188726K (91%)
ptolemy.util.test.WatchDog.cancel(): canceling Fri Jun 01 21:48:51 UTC 2018
------------------ testing $PTII/ptolemy/domains/de/test/auto/ComposableCausalityAnalysis.xml
auto.tcl: Setting watchdog for 200 seconds at Fri Jun 01 21:48:51 UTC 2018
6 ms. Memory: 208384K Free: 196283K (94%)
ptolemy.util.test.WatchDog.cancel(): canceling Fri Jun 01 21:48:51 UTC 2018
auto.tcl: Setting watchdog for 200 seconds at Fri Jun 01 21:48:51 UTC 2018
2 ms. Memory: 208384K Free: 194186K (93%)
ptolemy.util.test.WatchDog.cancel(): canceling Fri Jun 01 21:48:51 UTC 2018
------------------ testing $PTII/ptolemy/domains/de/test/auto/DEFixedPointLimitation.xml
auto.tcl: Setting watchdog for 200 seconds at Fri Jun 01 21:48:51 UTC 2018
2 ms. Memory: 208384K Free: 196160K (94%)
ptolemy.util.test.WatchDog.cancel(): canceling Fri Jun 01 21:48:52 UTC 2018
auto.tcl: Setting watchdog for 200 seconds at Fri Jun 01 21:48:52 UTC 2018
1 ms. Memory: 208384K Free: 196160K (94%)
ptolemy.util.test.WatchDog.cancel(): canceling Fri Jun 01 21:48:52 UTC 2018
------------------ testing $PTII/ptolemy/domains/de/test/auto/DEScheduleTest.xml
auto.tcl: Setting watchdog for 200 seconds at Fri Jun 01 21:48:52 UTC 2018
3 ms. Memory: 208384K Free: 198291K (95%)
ptolemy.util.test.WatchDog.cancel(): canceling Fri Jun 01 21:48:52 UTC 2018
auto.tcl: Setting watchdog for 200 seconds at Fri Jun 01 21:48:52 UTC 2018
6 ms. Memory: 208384K Free: 196195K (94%)
ptolemy.util.test.WatchDog.cancel(): canceling Fri Jun 01 21:48:52 UTC 2018
------------------ testing $PTII/ptolemy/domains/de/test/auto/DEinDEwithStartTimes.xml
auto.tcl: Setting watchdog for 200 seconds at Fri Jun 01 21:48:52 UTC 2018
3 ms. Memory: 208384K Free: 196164K (94%)
ptolemy.util.test.WatchDog.cancel(): canceling Fri Jun 01 21:48:52 UTC 2018
auto.tcl: Setting watchdog for 200 seconds at Fri Jun 01 21:48:52 UTC 2018
4 ms. Memory: 208384K Free: 194067K (93%)
ptolemy.util.test.WatchDog.cancel(): canceling Fri Jun 01 21:48:52 UTC 2018
------------------ testing $PTII/ptolemy/domains/de/test/auto/DEinDEwithStartTimes2.xml
auto.tcl: Setting watchdog for 200 seconds at Fri Jun 01 21:48:52 UTC 2018
4 ms. Memory: 208384K Free: 196143K (94%)
ptolemy.util.test.WatchDog.cancel(): canceling Fri Jun 01 21:48:52 UTC 2018
auto.tcl: Setting watchdog for 200 seconds at Fri Jun 01 21:48:52 UTC 2018
4 ms. Memory: 208384K Free: 194047K (93%)
ptolemy.util.test.WatchDog.cancel(): canceling Fri Jun 01 21:48:52 UTC 2018
------------------ testing $PTII/ptolemy/domains/de/test/auto/DateDemo.xml
auto.tcl: Setting watchdog for 200 seconds at Fri Jun 01 21:48:52 UTC 2018
7 ms. Memory: 208384K Free: 188592K (91%)
ptolemy.util.test.WatchDog.cancel(): canceling Fri Jun 01 21:48:52 UTC 2018
auto.tcl: Setting watchdog for 200 seconds at Fri Jun 01 21:48:52 UTC 2018
10 ms. Memory: 208384K Free: 186496K (89%)
ptolemy.util.test.WatchDog.cancel(): canceling Fri Jun 01 21:48:52 UTC 2018
------------------ testing $PTII/ptolemy/domains/de/test/auto/DateToEvent.xml
auto.tcl: Setting watchdog for 200 seconds at Fri Jun 01 21:48:52 UTC 2018
2009 ms. Memory: 208384K Free: 183324K (88%)
ptolemy.util.test.WatchDog.cancel(): canceling Fri Jun 01 21:48:54 UTC 2018
auto.tcl: Setting watchdog for 200 seconds at Fri Jun 01 21:48:54 UTC 2018
2005 ms. Memory: 208384K Free: 180866K (87%)
ptolemy.util.test.WatchDog.cancel(): canceling Fri Jun 01 21:48:56 UTC 2018
------------------ testing $PTII/ptolemy/domains/de/test/auto/DepthTest1.xml
auto.tcl: Setting watchdog for 200 seconds at Fri Jun 01 21:48:56 UTC 2018
3 ms. Memory: 208384K Free: 198158K (95%)
ptolemy.util.test.WatchDog.cancel(): canceling Fri Jun 01 21:48:56 UTC 2018
auto.tcl: Setting watchdog for 200 seconds at Fri Jun 01 21:48:56 UTC 2018
1 ms. Memory: 208384K Free: 198158K (95%)
ptolemy.util.test.WatchDog.cancel(): canceling Fri Jun 01 21:48:56 UTC 2018
------------------ testing $PTII/ptolemy/domains/de/test/auto/DepthTest2.xml
auto.tcl: Setting watchdog for 200 seconds at Fri Jun 01 21:48:56 UTC 2018
6 ms. Memory: 208384K Free: 194029K (93%)
ptolemy.util.test.WatchDog.cancel(): canceling Fri Jun 01 21:48:56 UTC 2018
auto.tcl: Setting watchdog for 200 seconds at Fri Jun 01 21:48:56 UTC 2018
5 ms. Memory: 208384K Free: 194029K (93%)
ptolemy.util.test.WatchDog.cancel(): canceling Fri Jun 01 21:48:56 UTC 2018
------------------ testing $PTII/ptolemy/domains/de/test/auto/DepthTest3.xml
auto.tcl: Setting watchdog for 200 seconds at Fri Jun 01 21:48:56 UTC 2018
1 ms. Memory: 208384K Free: 198154K (95%)
ptolemy.util.test.WatchDog.cancel(): canceling Fri Jun 01 21:48:56 UTC 2018
auto.tcl: Setting watchdog for 200 seconds at Fri Jun 01 21:48:56 UTC 2018
2 ms. Memory: 208384K Free: 198154K (95%)
ptolemy.util.test.WatchDog.cancel(): canceling Fri Jun 01 21:48:56 UTC 2018
------------------ testing $PTII/ptolemy/domains/de/test/auto/DepthTest4.xml
auto.tcl: Setting watchdog for 200 seconds at Fri Jun 01 21:48:56 UTC 2018
3 ms. Memory: 208384K Free: 196144K (94%)
ptolemy.util.test.WatchDog.cancel(): canceling Fri Jun 01 21:48:56 UTC 2018
auto.tcl: Setting watchdog for 200 seconds at Fri Jun 01 21:48:56 UTC 2018
2 ms. Memory: 208384K Free: 196144K (94%)
ptolemy.util.test.WatchDog.cancel(): canceling Fri Jun 01 21:48:56 UTC 2018
------------------ testing $PTII/ptolemy/domains/de/test/auto/DepthTest5.xml
auto.tcl: Setting watchdog for 200 seconds at Fri Jun 01 21:48:56 UTC 2018
3 ms. Memory: 208384K Free: 196092K (94%)
ptolemy.util.test.WatchDog.cancel(): canceling Fri Jun 01 21:48:56 UTC 2018
auto.tcl: Setting watchdog for 200 seconds at Fri Jun 01 21:48:56 UTC 2018
2 ms. Memory: 208384K Free: 196092K (94%)
ptolemy.util.test.WatchDog.cancel(): canceling Fri Jun 01 21:48:56 UTC 2018
------------------ testing $PTII/ptolemy/domains/de/test/auto/DepthTest6.xml
auto.tcl: Setting watchdog for 200 seconds at Fri Jun 01 21:48:56 UTC 2018
6 ms. Memory: 208384K Free: 196061K (94%)
ptolemy.util.test.WatchDog.cancel(): canceling Fri Jun 01 21:48:56 UTC 2018
auto.tcl: Setting watchdog for 200 seconds at Fri Jun 01 21:48:56 UTC 2018
3 ms. Memory: 208384K Free: 196061K (94%)
ptolemy.util.test.WatchDog.cancel(): canceling Fri Jun 01 21:48:56 UTC 2018
------------------ testing $PTII/ptolemy/domains/de/test/auto/DepthTest7.xml
auto.tcl: Setting watchdog for 200 seconds at Fri Jun 01 21:48:56 UTC 2018
3 ms. Memory: 208384K Free: 196048K (94%)
ptolemy.util.test.WatchDog.cancel(): canceling Fri Jun 01 21:48:56 UTC 2018
auto.tcl: Setting watchdog for 200 seconds at Fri Jun 01 21:48:56 UTC 2018
2 ms. Memory: 208384K Free: 196048K (94%)
ptolemy.util.test.WatchDog.cancel(): canceling Fri Jun 01 21:48:56 UTC 2018
------------------ testing $PTII/ptolemy/domains/de/test/auto/EventToDate.xml
auto.tcl: Setting watchdog for 200 seconds at Fri Jun 01 21:48:57 UTC 2018
3005 ms. Memory: 208384K Free: 185587K (89%)
ptolemy.util.test.WatchDog.cancel(): canceling Fri Jun 01 21:49:00 UTC 2018
auto.tcl: Setting watchdog for 200 seconds at Fri Jun 01 21:49:00 UTC 2018
3004 ms. Memory: 208384K Free: 185587K (89%)
ptolemy.util.test.WatchDog.cancel(): canceling Fri Jun 01 21:49:03 UTC 2018
------------------ testing $PTII/ptolemy/domains/de/test/auto/FSM1.xml
auto.tcl: Setting watchdog for 200 seconds at Fri Jun 01 21:49:03 UTC 2018
25 ms. Memory: 208384K Free: 187011K (90%)
ptolemy.util.test.WatchDog.cancel(): canceling Fri Jun 01 21:49:03 UTC 2018
auto.tcl: Setting watchdog for 200 seconds at Fri Jun 01 21:49:03 UTC 2018
14 ms. Memory: 208384K Free: 184914K (89%)
ptolemy.util.test.WatchDog.cancel(): canceling Fri Jun 01 21:49:03 UTC 2018
------------------ testing $PTII/ptolemy/domains/de/test/auto/FSM7.xml
auto.tcl: Setting watchdog for 200 seconds at Fri Jun 01 21:49:03 UTC 2018
15 ms. Memory: 208384K Free: 187551K (90%)
ptolemy.util.test.WatchDog.cancel(): canceling Fri Jun 01 21:49:03 UTC 2018
auto.tcl: Setting watchdog for 200 seconds at Fri Jun 01 21:49:03 UTC 2018
20 ms. Memory: 208384K Free: 185116K (89%)
ptolemy.util.test.WatchDog.cancel(): canceling Fri Jun 01 21:49:03 UTC 2018
------------------ testing $PTII/ptolemy/domains/de/test/auto/Inspection.xml
auto.tcl: Setting watchdog for 200 seconds at Fri Jun 01 21:49:03 UTC 2018
43 ms. Memory: 208384K Free: 188363K (90%)
ptolemy.util.test.WatchDog.cancel(): canceling Fri Jun 01 21:49:03 UTC 2018
auto.tcl: Setting watchdog for 200 seconds at Fri Jun 01 21:49:03 UTC 2018
16 ms. Memory: 208384K Free: 186259K (89%)
ptolemy.util.test.WatchDog.cancel(): canceling Fri Jun 01 21:49:03 UTC 2018
------------------ testing $PTII/ptolemy/domains/de/test/auto/Iteration.xml
auto.tcl: Setting watchdog for 200 seconds at Fri Jun 01 21:49:03 UTC 2018
11 ms. Memory: 208384K Free: 193733K (93%)
ptolemy.util.test.WatchDog.cancel(): canceling Fri Jun 01 21:49:03 UTC 2018
auto.tcl: Setting watchdog for 200 seconds at Fri Jun 01 21:49:03 UTC 2018
6 ms. Memory: 208384K Free: 193733K (93%)
ptolemy.util.test.WatchDog.cancel(): canceling Fri Jun 01 21:49:03 UTC 2018
------------------ testing $PTII/ptolemy/domains/de/test/auto/LineFault.xml
auto.tcl: Setting watchdog for 200 seconds at Fri Jun 01 21:49:03 UTC 2018
663 ms. Memory: 208384K Free: 196072K (94%)
ptolemy.util.test.WatchDog.cancel(): canceling Fri Jun 01 21:49:04 UTC 2018
auto.tcl: Setting watchdog for 200 seconds at Fri Jun 01 21:49:04 UTC 2018
604 ms. Memory: 208384K Free: 138761K (67%)
ptolemy.util.test.WatchDog.cancel(): canceling Fri Jun 01 21:49:05 UTC 2018
------------------ testing $PTII/ptolemy/domains/de/test/auto/MergeModel1Add.xml
auto.tcl: Setting watchdog for 200 seconds at Fri Jun 01 21:49:05 UTC 2018
22 ms. Memory: 331264K Free: 302529K (91%)
ptolemy.util.test.WatchDog.cancel(): canceling Fri Jun 01 21:49:05 UTC 2018
auto.tcl: Setting watchdog for 200 seconds at Fri Jun 01 21:49:05 UTC 2018
12 ms. Memory: 331264K Free: 298563K (90%)
ptolemy.util.test.WatchDog.cancel(): canceling Fri Jun 01 21:49:05 UTC 2018
------------------ testing $PTII/ptolemy/domains/de/test/auto/MergeModel2Add.xml
auto.tcl: Setting watchdog for 200 seconds at Fri Jun 01 21:49:05 UTC 2018
11 ms. Memory: 331264K Free: 303875K (92%)
ptolemy.util.test.WatchDog.cancel(): canceling Fri Jun 01 21:49:05 UTC 2018
auto.tcl: Setting watchdog for 200 seconds at Fri Jun 01 21:49:05 UTC 2018
10 ms. Memory: 331264K Free: 299917K (91%)
ptolemy.util.test.WatchDog.cancel(): canceling Fri Jun 01 21:49:05 UTC 2018
------------------ testing $PTII/ptolemy/domains/de/test/auto/MergeModel3Add.xml
auto.tcl: Setting watchdog for 200 seconds at Fri Jun 01 21:49:05 UTC 2018
12 ms. Memory: 331264K Free: 303885K (92%)
ptolemy.util.test.WatchDog.cancel(): canceling Fri Jun 01 21:49:05 UTC 2018
auto.tcl: Setting watchdog for 200 seconds at Fri Jun 01 21:49:05 UTC 2018
9 ms. Memory: 331264K Free: 299927K (91%)
ptolemy.util.test.WatchDog.cancel(): canceling Fri Jun 01 21:49:05 UTC 2018
------------------ testing $PTII/ptolemy/domains/de/test/auto/MergeWithoutDiscard.xml
auto.tcl: Setting watchdog for 200 seconds at Fri Jun 01 21:49:05 UTC 2018
2 ms. Memory: 331264K Free: 315656K (95%)
ptolemy.util.test.WatchDog.cancel(): canceling Fri Jun 01 21:49:05 UTC 2018
auto.tcl: Setting watchdog for 200 seconds at Fri Jun 01 21:49:05 UTC 2018
1 ms. Memory: 331264K Free: 315371K (95%)
ptolemy.util.test.WatchDog.cancel(): canceling Fri Jun 01 21:49:05 UTC 2018
------------------ testing $PTII/ptolemy/domains/de/test/auto/Modal1.xml
auto.tcl: Setting watchdog for 200 seconds at Fri Jun 01 21:49:05 UTC 2018
17 ms. Memory: 331264K Free: 309252K (93%)
ptolemy.util.test.WatchDog.cancel(): canceling Fri Jun 01 21:49:05 UTC 2018
auto.tcl: Setting watchdog for 200 seconds at Fri Jun 01 21:49:05 UTC 2018
17 ms. Memory: 331264K Free: 305295K (92%)
ptolemy.util.test.WatchDog.cancel(): canceling Fri Jun 01 21:49:05 UTC 2018
------------------ testing $PTII/ptolemy/domains/de/test/auto/Modal2.xml
auto.tcl: Setting watchdog for 200 seconds at Fri Jun 01 21:49:05 UTC 2018
14 ms. Memory: 331264K Free: 309126K (93%)
ptolemy.util.test.WatchDog.cancel(): canceling Fri Jun 01 21:49:05 UTC 2018
auto.tcl: Setting watchdog for 200 seconds at Fri Jun 01 21:49:05 UTC 2018
17 ms. Memory: 331264K Free: 305168K (92%)
ptolemy.util.test.WatchDog.cancel(): canceling Fri Jun 01 21:49:05 UTC 2018
------------------ testing $PTII/ptolemy/domains/de/test/auto/Modal3.xml
auto.tcl: Setting watchdog for 200 seconds at Fri Jun 01 21:49:05 UTC 2018
13 ms. Memory: 331264K Free: 309416K (93%)
ptolemy.util.test.WatchDog.cancel(): canceling Fri Jun 01 21:49:05 UTC 2018
auto.tcl: Setting watchdog for 200 seconds at Fri Jun 01 21:49:05 UTC 2018
14 ms. Memory: 331264K Free: 305164K (92%)
ptolemy.util.test.WatchDog.cancel(): canceling Fri Jun 01 21:49:05 UTC 2018
------------------ testing $PTII/ptolemy/domains/de/test/auto/Modal4.xml
auto.tcl: Setting watchdog for 200 seconds at Fri Jun 01 21:49:06 UTC 2018
25 ms. Memory: 331264K Free: 309122K (93%)
ptolemy.util.test.WatchDog.cancel(): canceling Fri Jun 01 21:49:06 UTC 2018
auto.tcl: Setting watchdog for 200 seconds at Fri Jun 01 21:49:06 UTC 2018
21 ms. Memory: 331264K Free: 300241K (91%)
ptolemy.util.test.WatchDog.cancel(): canceling Fri Jun 01 21:49:06 UTC 2018
------------------ testing $PTII/ptolemy/domains/de/test/auto/Modal5.xml
auto.tcl: Setting watchdog for 200 seconds at Fri Jun 01 21:49:06 UTC 2018
16 ms. Memory: 331264K Free: 309125K (93%)
ptolemy.util.test.WatchDog.cancel(): canceling Fri Jun 01 21:49:06 UTC 2018
auto.tcl: Setting watchdog for 200 seconds at Fri Jun 01 21:49:06 UTC 2018
13 ms. Memory: 331264K Free: 305151K (92%)
ptolemy.util.test.WatchDog.cancel(): canceling Fri Jun 01 21:49:06 UTC 2018
------------------ testing $PTII/ptolemy/domains/de/test/auto/Modal6.xml
auto.tcl: Setting watchdog for 200 seconds at Fri Jun 01 21:49:06 UTC 2018
13 ms. Memory: 331264K Free: 309106K (93%)
ptolemy.util.test.WatchDog.cancel(): canceling Fri Jun 01 21:49:06 UTC 2018
auto.tcl: Setting watchdog for 200 seconds at Fri Jun 01 21:49:06 UTC 2018
17 ms. Memory: 331264K Free: 305148K (92%)
ptolemy.util.test.WatchDog.cancel(): canceling Fri Jun 01 21:49:06 UTC 2018
------------------ testing $PTII/ptolemy/domains/de/test/auto/Modal7.xml
auto.tcl: Setting watchdog for 200 seconds at Fri Jun 01 21:49:06 UTC 2018
16 ms. Memory: 331264K Free: 309091K (93%)
ptolemy.util.test.WatchDog.cancel(): canceling Fri Jun 01 21:49:06 UTC 2018
auto.tcl: Setting watchdog for 200 seconds at Fri Jun 01 21:49:06 UTC 2018
10 ms. Memory: 331264K Free: 305117K (92%)
ptolemy.util.test.WatchDog.cancel(): canceling Fri Jun 01 21:49:06 UTC 2018
------------------ testing $PTII/ptolemy/domains/de/test/auto/ModalModel.xml
auto.tcl: Setting watchdog for 200 seconds at Fri Jun 01 21:49:06 UTC 2018
144 ms. Memory: 331264K Free: 247848K (75%)
ptolemy.util.test.WatchDog.cancel(): canceling Fri Jun 01 21:49:06 UTC 2018
auto.tcl: Setting watchdog for 200 seconds at Fri Jun 01 21:49:06 UTC 2018
160 ms. Memory: 331264K Free: 192335K (58%)
ptolemy.util.test.WatchDog.cancel(): canceling Fri Jun 01 21:49:06 UTC 2018
------------------ testing $PTII/ptolemy/domains/de/test/auto/ModalSource.xml
auto.tcl: Setting watchdog for 200 seconds at Fri Jun 01 21:49:06 UTC 2018
9 ms. Memory: 331264K Free: 315891K (95%)
ptolemy.util.test.WatchDog.cancel(): canceling Fri Jun 01 21:49:06 UTC 2018
auto.tcl: Setting watchdog for 200 seconds at Fri Jun 01 21:49:06 UTC 2018
6 ms. Memory: 331264K Free: 312352K (94%)
ptolemy.util.test.WatchDog.cancel(): canceling Fri Jun 01 21:49:06 UTC 2018
------------------ testing $PTII/ptolemy/domains/de/test/auto/NonInterruptibleTimerZeroDelay.xml
auto.tcl: Setting watchdog for 200 seconds at Fri Jun 01 21:49:06 UTC 2018
4 ms. Memory: 331264K Free: 320269K (97%)
ptolemy.util.test.WatchDog.cancel(): canceling Fri Jun 01 21:49:06 UTC 2018
auto.tcl: Setting watchdog for 200 seconds at Fri Jun 01 21:49:06 UTC 2018
2 ms. Memory: 331264K Free: 316729K (96%)
ptolemy.util.test.WatchDog.cancel(): canceling Fri Jun 01 21:49:06 UTC 2018
------------------ testing $PTII/ptolemy/domains/de/test/auto/OpenQueueingNetwork.xml
auto.tcl: Setting watchdog for 200 seconds at Fri Jun 01 21:49:06 UTC 2018
2610 ms. Memory: 573952K Free: 405145K (71%)
ptolemy.util.test.WatchDog.cancel(): canceling Fri Jun 01 21:49:09 UTC 2018
auto.tcl: Setting watchdog for 200 seconds at Fri Jun 01 21:49:09 UTC 2018
2198 ms. Memory: 574464K Free: 334632K (58%)
ptolemy.util.test.WatchDog.cancel(): canceling Fri Jun 01 21:49:11 UTC 2018
------------------ testing $PTII/ptolemy/domains/de/test/auto/OpenQueuingNetwork.xml
auto.tcl: Setting watchdog for 200 seconds at Fri Jun 01 21:49:12 UTC 2018
242 ms. Memory: 1064960K Free: 945662K (89%)
ptolemy.util.test.WatchDog.cancel(): canceling Fri Jun 01 21:49:12 UTC 2018
auto.tcl: Setting watchdog for 200 seconds at Fri Jun 01 21:49:12 UTC 2018
211 ms. Memory: 1064960K Free: 888869K (83%)
ptolemy.util.test.WatchDog.cancel(): canceling Fri Jun 01 21:49:12 UTC 2018
------------------ testing $PTII/ptolemy/domains/de/test/auto/PeriodicSampler.xml
auto.tcl: Setting watchdog for 200 seconds at Fri Jun 01 21:49:12 UTC 2018
3 ms. Memory: 1065472K Free: 1028871K (97%)
ptolemy.util.test.WatchDog.cancel(): canceling Fri Jun 01 21:49:12 UTC 2018
auto.tcl: Setting watchdog for 200 seconds at Fri Jun 01 21:49:12 UTC 2018
2 ms. Memory: 1065472K Free: 1028871K (97%)
ptolemy.util.test.WatchDog.cancel(): canceling Fri Jun 01 21:49:12 UTC 2018
------------------ testing $PTII/ptolemy/domains/de/test/auto/PersistentIO.xml
auto.tcl: Setting watchdog for 200 seconds at Fri Jun 01 21:49:12 UTC 2018
5 ms. Memory: 1065472K Free: 1029455K (97%)
ptolemy.util.test.WatchDog.cancel(): canceling Fri Jun 01 21:49:12 UTC 2018
auto.tcl: Setting watchdog for 200 seconds at Fri Jun 01 21:49:12 UTC 2018
4 ms. Memory: 1065472K Free: 1029455K (97%)
ptolemy.util.test.WatchDog.cancel(): canceling Fri Jun 01 21:49:12 UTC 2018
------------------ testing $PTII/ptolemy/domains/de/test/auto/PortParameterResetOnInitialize.xml
auto.tcl: Setting watchdog for 200 seconds at Fri Jun 01 21:49:12 UTC 2018
5 ms. Memory: 1065472K Free: 1029317K (97%)
ptolemy.util.test.WatchDog.cancel(): canceling Fri Jun 01 21:49:12 UTC 2018
auto.tcl: Setting watchdog for 200 seconds at Fri Jun 01 21:49:12 UTC 2018
2 ms. Memory: 1065472K Free: 1029317K (97%)
ptolemy.util.test.WatchDog.cancel(): canceling Fri Jun 01 21:49:12 UTC 2018
------------------ testing $PTII/ptolemy/domains/de/test/auto/PortParameterUpdates.xml
auto.tcl: Setting watchdog for 200 seconds at Fri Jun 01 21:49:12 UTC 2018
10 ms. Memory: 1065472K Free: 1029451K (97%)
ptolemy.util.test.WatchDog.cancel(): canceling Fri Jun 01 21:49:12 UTC 2018
auto.tcl: Setting watchdog for 200 seconds at Fri Jun 01 21:49:12 UTC 2018
3 ms. Memory: 1065472K Free: 1029451K (97%)
ptolemy.util.test.WatchDog.cancel(): canceling Fri Jun 01 21:49:12 UTC 2018
------------------ testing $PTII/ptolemy/domains/de/test/auto/QueueAndServer.xml
auto.tcl: Setting watchdog for 200 seconds at Fri Jun 01 21:49:12 UTC 2018
13 ms. Memory: 1065472K Free: 1009292K (95%)
ptolemy.util.test.WatchDog.cancel(): canceling Fri Jun 01 21:49:12 UTC 2018
auto.tcl: Setting watchdog for 200 seconds at Fri Jun 01 21:49:12 UTC 2018
6 ms. Memory: 1065472K Free: 1009292K (95%)
ptolemy.util.test.WatchDog.cancel(): canceling Fri Jun 01 21:49:12 UTC 2018
------------------ testing $PTII/ptolemy/domains/de/test/auto/Records.xml
auto.tcl: Setting watchdog for 200 seconds at Fri Jun 01 21:49:12 UTC 2018
6 ms. Memory: 1065472K Free: 1038694K (97%)
ptolemy.util.test.WatchDog.cancel(): canceling Fri Jun 01 21:49:12 UTC 2018
auto.tcl: Setting watchdog for 200 seconds at Fri Jun 01 21:49:12 UTC 2018
1 ms. Memory: 1065472K Free: 1038694K (97%)
ptolemy.util.test.WatchDog.cancel(): canceling Fri Jun 01 21:49:12 UTC 2018
------------------ testing $PTII/ptolemy/domains/de/test/auto/ResetTransitionWithStartTime1.xml
auto.tcl: Setting watchdog for 200 seconds at Fri Jun 01 21:49:13 UTC 2018
11 ms. Memory: 1065472K Free: 1038717K (97%)
ptolemy.util.test.WatchDog.cancel(): canceling Fri Jun 01 21:49:13 UTC 2018
auto.tcl: Setting watchdog for 200 seconds at Fri Jun 01 21:49:13 UTC 2018
4 ms. Memory: 1065472K Free: 1038717K (97%)
ptolemy.util.test.WatchDog.cancel(): canceling Fri Jun 01 21:49:13 UTC 2018
------------------ testing $PTII/ptolemy/domains/de/test/auto/ResetTransitionWithStartTime2.xml
auto.tcl: Setting watchdog for 200 seconds at Fri Jun 01 21:49:13 UTC 2018
5 ms. Memory: 1064448K Free: 1038165K (98%)
ptolemy.util.test.WatchDog.cancel(): canceling Fri Jun 01 21:49:13 UTC 2018
auto.tcl: Setting watchdog for 200 seconds at Fri Jun 01 21:49:13 UTC 2018
6 ms. Memory: 1064448K Free: 1038165K (98%)
ptolemy.util.test.WatchDog.cancel(): canceling Fri Jun 01 21:49:13 UTC 2018
------------------ testing $PTII/ptolemy/domains/de/test/auto/ResetTransitionWithStartTime3.xml
auto.tcl: Setting watchdog for 200 seconds at Fri Jun 01 21:49:13 UTC 2018
6 ms. Memory: 1064960K Free: 1038194K (97%)
ptolemy.util.test.WatchDog.cancel(): canceling Fri Jun 01 21:49:13 UTC 2018
auto.tcl: Setting watchdog for 200 seconds at Fri Jun 01 21:49:13 UTC 2018
5 ms. Memory: 1064960K Free: 1038194K (97%)
ptolemy.util.test.WatchDog.cancel(): canceling Fri Jun 01 21:49:13 UTC 2018
------------------ testing $PTII/ptolemy/domains/de/test/auto/ResetTransitionWithStartTime4.xml
auto.tcl: Setting watchdog for 200 seconds at Fri Jun 01 21:49:13 UTC 2018
5 ms. Memory: 1064960K Free: 1038193K (97%)
ptolemy.util.test.WatchDog.cancel(): canceling Fri Jun 01 21:49:13 UTC 2018
auto.tcl: Setting watchdog for 200 seconds at Fri Jun 01 21:49:13 UTC 2018
2 ms. Memory: 1064960K Free: 1038193K (97%)
ptolemy.util.test.WatchDog.cancel(): canceling Fri Jun 01 21:49:13 UTC 2018
------------------ testing $PTII/ptolemy/domains/de/test/auto/ResettableTimer1.xml
auto.tcl: Setting watchdog for 200 seconds at Fri Jun 01 21:49:13 UTC 2018
2 ms. Memory: 1064960K Free: 1038189K (97%)
ptolemy.util.test.WatchDog.cancel(): canceling Fri Jun 01 21:49:13 UTC 2018
auto.tcl: Setting watchdog for 200 seconds at Fri Jun 01 21:49:13 UTC 2018
2 ms. Memory: 1064960K Free: 1038189K (97%)
ptolemy.util.test.WatchDog.cancel(): canceling Fri Jun 01 21:49:13 UTC 2018
------------------ testing $PTII/ptolemy/domains/de/test/auto/ResettableTimer2.xml
auto.tcl: Setting watchdog for 200 seconds at Fri Jun 01 21:49:13 UTC 2018
5 ms. Memory: 1064960K Free: 1038729K (98%)
ptolemy.util.test.WatchDog.cancel(): canceling Fri Jun 01 21:49:13 UTC 2018
auto.tcl: Setting watchdog for 200 seconds at Fri Jun 01 21:49:13 UTC 2018
2 ms. Memory: 1064960K Free: 1038729K (98%)
ptolemy.util.test.WatchDog.cancel(): canceling Fri Jun 01 21:49:13 UTC 2018
------------------ testing $PTII/ptolemy/domains/de/test/auto/ResettableTimer3.xml
auto.tcl: Setting watchdog for 200 seconds at Fri Jun 01 21:49:13 UTC 2018
1 ms. Memory: 1064960K Free: 1038246K (97%)
ptolemy.util.test.WatchDog.cancel(): canceling Fri Jun 01 21:49:13 UTC 2018
auto.tcl: Setting watchdog for 200 seconds at Fri Jun 01 21:49:13 UTC 2018
1 ms. Memory: 1064960K Free: 1038246K (97%)
ptolemy.util.test.WatchDog.cancel(): canceling Fri Jun 01 21:49:13 UTC 2018
------------------ testing $PTII/ptolemy/domains/de/test/auto/ResettableTimer4.xml
auto.tcl: Setting watchdog for 200 seconds at Fri Jun 01 21:49:13 UTC 2018
1 ms. Memory: 1063936K Free: 1037717K (98%)
ptolemy.util.test.WatchDog.cancel(): canceling Fri Jun 01 21:49:13 UTC 2018
auto.tcl: Setting watchdog for 200 seconds at Fri Jun 01 21:49:13 UTC 2018
1 ms. Memory: 1063936K Free: 1037717K (98%)
ptolemy.util.test.WatchDog.cancel(): canceling Fri Jun 01 21:49:13 UTC 2018
------------------ testing $PTII/ptolemy/domains/de/test/auto/ResettableTimer5.xml
auto.tcl: Setting watchdog for 200 seconds at Fri Jun 01 21:49:13 UTC 2018
1 ms. Memory: 1064448K Free: 1028407K (97%)
ptolemy.util.test.WatchDog.cancel(): canceling Fri Jun 01 21:49:13 UTC 2018
auto.tcl: Setting watchdog for 200 seconds at Fri Jun 01 21:49:13 UTC 2018
1 ms. Memory: 1064448K Free: 1028407K (97%)
ptolemy.util.test.WatchDog.cancel(): canceling Fri Jun 01 21:49:13 UTC 2018
------------------ testing $PTII/ptolemy/domains/de/test/auto/ResettableTimer6.xml
auto.tcl: Setting watchdog for 200 seconds at Fri Jun 01 21:49:13 UTC 2018
2 ms. Memory: 1064448K Free: 1027874K (97%)
ptolemy.util.test.WatchDog.cancel(): canceling Fri Jun 01 21:49:13 UTC 2018
auto.tcl: Setting watchdog for 200 seconds at Fri Jun 01 21:49:13 UTC 2018
1 ms. Memory: 1064448K Free: 1027874K (97%)
ptolemy.util.test.WatchDog.cancel(): canceling Fri Jun 01 21:49:13 UTC 2018
------------------ testing $PTII/ptolemy/domains/de/test/auto/ServerZeroDelay.xml
auto.tcl: Setting watchdog for 200 seconds at Fri Jun 01 21:49:13 UTC 2018
4 ms. Memory: 1064448K Free: 1038166K (98%)
ptolemy.util.test.WatchDog.cancel(): canceling Fri Jun 01 21:49:13 UTC 2018
auto.tcl: Setting watchdog for 200 seconds at Fri Jun 01 21:49:13 UTC 2018
2 ms. Memory: 1064448K Free: 1038166K (98%)
ptolemy.util.test.WatchDog.cancel(): canceling Fri Jun 01 21:49:13 UTC 2018
------------------ testing $PTII/ptolemy/domains/de/test/auto/SmartSender.xml
auto.tcl: Setting watchdog for 200 seconds at Fri Jun 01 21:49:13 UTC 2018
3001 ms. Memory: 1064448K Free: 1028341K (97%)
ptolemy.util.test.WatchDog.cancel(): canceling Fri Jun 01 21:49:16 UTC 2018
auto.tcl: Setting watchdog for 200 seconds at Fri Jun 01 21:49:16 UTC 2018
3001 ms. Memory: 1064448K Free: 1028341K (97%)
ptolemy.util.test.WatchDog.cancel(): canceling Fri Jun 01 21:49:19 UTC 2018
------------------ testing $PTII/ptolemy/domains/de/test/auto/ThreadedComposite.xml
auto.tcl: Setting watchdog for 200 seconds at Fri Jun 01 21:49:19 UTC 2018
211 ms. Memory: 1064448K Free: 996869K (94%)
ptolemy.util.test.WatchDog.cancel(): canceling Fri Jun 01 21:49:20 UTC 2018
auto.tcl: Setting watchdog for 200 seconds at Fri Jun 01 21:49:20 UTC 2018
187 ms. Memory: 1064448K Free: 977228K (92%)
ptolemy.util.test.WatchDog.cancel(): canceling Fri Jun 01 21:49:20 UTC 2018
------------------ testing $PTII/ptolemy/domains/de/test/auto/Time.xml
auto.tcl: Setting watchdog for 200 seconds at Fri Jun 01 21:49:20 UTC 2018
491 ms. Memory: 1064448K Free: 988303K (93%)
ptolemy.util.test.WatchDog.cancel(): canceling Fri Jun 01 21:49:20 UTC 2018
auto.tcl: Setting watchdog for 200 seconds at Fri Jun 01 21:49:20 UTC 2018
463 ms. Memory: 1064448K Free: 942845K (89%)
ptolemy.util.test.WatchDog.cancel(): canceling Fri Jun 01 21:49:21 UTC 2018
------------------ testing $PTII/ptolemy/domains/de/test/auto/TimeDelayZeroDelay.xml
auto.tcl: Setting watchdog for 200 seconds at Fri Jun 01 21:49:21 UTC 2018
2 ms. Memory: 1064448K Free: 1037601K (97%)
ptolemy.util.test.WatchDog.cancel(): canceling Fri Jun 01 21:49:21 UTC 2018
auto.tcl: Setting watchdog for 200 seconds at Fri Jun 01 21:49:21 UTC 2018
2 ms. Memory: 1064448K Free: 1037601K (97%)
ptolemy.util.test.WatchDog.cancel(): canceling Fri Jun 01 21:49:21 UTC 2018
------------------ testing $PTII/ptolemy/domains/de/test/auto/TimerZeroDelay.xml
auto.tcl: Setting watchdog for 200 seconds at Fri Jun 01 21:49:21 UTC 2018
4 ms. Memory: 1063424K Free: 1037103K (98%)
ptolemy.util.test.WatchDog.cancel(): canceling Fri Jun 01 21:49:21 UTC 2018
auto.tcl: Setting watchdog for 200 seconds at Fri Jun 01 21:49:21 UTC 2018
2 ms. Memory: 1063424K Free: 1037103K (98%)
ptolemy.util.test.WatchDog.cancel(): canceling Fri Jun 01 21:49:21 UTC 2018
------------------ testing $PTII/ptolemy/domains/de/test/auto/TimingParadox.xml
auto.tcl: Setting watchdog for 200 seconds at Fri Jun 01 21:49:21 UTC 2018
339 ms. Memory: 1063936K Free: 973530K (92%)
ptolemy.util.test.WatchDog.cancel(): canceling Fri Jun 01 21:49:21 UTC 2018
auto.tcl: Setting watchdog for 200 seconds at Fri Jun 01 21:49:21 UTC 2018
314 ms. Memory: 1063936K Free: 939437K (88%)
ptolemy.util.test.WatchDog.cancel(): canceling Fri Jun 01 21:49:22 UTC 2018
------------------ testing $PTII/ptolemy/domains/de/test/auto/TransferInputs.xml
auto.tcl: Setting watchdog for 200 seconds at Fri Jun 01 21:49:22 UTC 2018
2 ms. Memory: 1063424K Free: 1036018K (97%)
ptolemy.util.test.WatchDog.cancel(): canceling Fri Jun 01 21:49:22 UTC 2018
auto.tcl: Setting watchdog for 200 seconds at Fri Jun 01 21:49:22 UTC 2018
1 ms. Memory: 1063424K Free: 1036018K (97%)
ptolemy.util.test.WatchDog.cancel(): canceling Fri Jun 01 21:49:22 UTC 2018
------------------ testing $PTII/ptolemy/domains/de/test/auto/TransferOutputs2.xml
auto.tcl: Setting watchdog for 200 seconds at Fri Jun 01 21:49:22 UTC 2018
8 ms. Memory: 1063936K Free: 1027817K (97%)
ptolemy.util.test.WatchDog.cancel(): canceling Fri Jun 01 21:49:22 UTC 2018
auto.tcl: Setting watchdog for 200 seconds at Fri Jun 01 21:49:22 UTC 2018
2 ms. Memory: 1063936K Free: 1027817K (97%)
ptolemy.util.test.WatchDog.cancel(): canceling Fri Jun 01 21:49:22 UTC 2018
------------------ testing $PTII/ptolemy/domains/de/test/auto/Trilateration.xml
auto.tcl: Setting watchdog for 200 seconds at Fri Jun 01 21:49:22 UTC 2018
14037 ms. Memory: 933376K Free: 791954K (85%)
ptolemy.util.test.WatchDog.cancel(): canceling Fri Jun 01 21:49:37 UTC 2018
auto.tcl: Setting watchdog for 200 seconds at Fri Jun 01 21:49:37 UTC 2018
10576 ms. Memory: 812544K Free: 510554K (63%)
ptolemy.util.test.WatchDog.cancel(): canceling Fri Jun 01 21:49:47 UTC 2018
------------------ testing $PTII/ptolemy/domains/de/test/auto/TwoSigmaDelta.xml
auto.tcl: Setting watchdog for 200 seconds at Fri Jun 01 21:49:48 UTC 2018
2671 ms. Memory: 816640K Free: 496827K (61%)
ptolemy.util.test.WatchDog.cancel(): canceling Fri Jun 01 21:49:50 UTC 2018
auto.tcl: Setting watchdog for 200 seconds at Fri Jun 01 21:49:50 UTC 2018
2021 ms. Memory: 816640K Free: 262161K (32%)
ptolemy.util.test.WatchDog.cancel(): canceling Fri Jun 01 21:49:52 UTC 2018
------------------ testing $PTII/ptolemy/domains/de/test/auto/VariableDelay.xml
auto.tcl: Setting watchdog for 200 seconds at Fri Jun 01 21:49:53 UTC 2018
2 ms. Memory: 813056K Free: 789632K (97%)
ptolemy.util.test.WatchDog.cancel(): canceling Fri Jun 01 21:49:53 UTC 2018
auto.tcl: Setting watchdog for 200 seconds at Fri Jun 01 21:49:53 UTC 2018
2 ms. Memory: 813056K Free: 789632K (97%)
ptolemy.util.test.WatchDog.cancel(): canceling Fri Jun 01 21:49:53 UTC 2018
------------------ testing $PTII/ptolemy/domains/de/test/auto/VariableDelay2.xml
auto.tcl: Setting watchdog for 200 seconds at Fri Jun 01 21:49:53 UTC 2018
3 ms. Memory: 812544K Free: 789576K (97%)
ptolemy.util.test.WatchDog.cancel(): canceling Fri Jun 01 21:49:53 UTC 2018
auto.tcl: Setting watchdog for 200 seconds at Fri Jun 01 21:49:53 UTC 2018
2 ms. Memory: 812544K Free: 789576K (97%)
ptolemy.util.test.WatchDog.cancel(): canceling Fri Jun 01 21:49:53 UTC 2018
------------------ testing $PTII/ptolemy/domains/de/test/auto/VariableDelayZeroDelay.xml
auto.tcl: Setting watchdog for 200 seconds at Fri Jun 01 21:49:53 UTC 2018
2 ms. Memory: 812544K Free: 789575K (97%)
ptolemy.util.test.WatchDog.cancel(): canceling Fri Jun 01 21:49:53 UTC 2018
auto.tcl: Setting watchdog for 200 seconds at Fri Jun 01 21:49:53 UTC 2018
2 ms. Memory: 812544K Free: 789575K (97%)
ptolemy.util.test.WatchDog.cancel(): canceling Fri Jun 01 21:49:53 UTC 2018
------------------ testing $PTII/ptolemy/domains/de/test/auto/VariableDelayZeroDelay2.xml
auto.tcl: Setting watchdog for 200 seconds at Fri Jun 01 21:49:53 UTC 2018
4 ms. Memory: 815616K Free: 785334K (96%)
ptolemy.util.test.WatchDog.cancel(): canceling Fri Jun 01 21:49:53 UTC 2018
auto.tcl: Setting watchdog for 200 seconds at Fri Jun 01 21:49:53 UTC 2018
2 ms. Memory: 815616K Free: 785334K (96%)
ptolemy.util.test.WatchDog.cancel(): canceling Fri Jun 01 21:49:53 UTC 2018
------------------ testing $PTII/ptolemy/domains/de/test/auto/deInCt.xml
auto.tcl: Setting watchdog for 200 seconds at Fri Jun 01 21:49:53 UTC 2018
0
1
1
1
1
0
0
1
1
1
0
0
0
1
1
1
0
0
0
1
1
1
1
0
0
0
1
1
1
1
0
0
0
0
1
1
1
1
1
10 ms. Memory: 812544K Free: 782217K (96%)
ptolemy.util.test.WatchDog.cancel(): canceling Fri Jun 01 21:49:53 UTC 2018
auto.tcl: Setting watchdog for 200 seconds at Fri Jun 01 21:49:53 UTC 2018
0
1
1
1
0
0
0
0
0
1
1
1
1
0
0
0
1
1
1
1
1
1
1
0
0
1
1
1
1
4 ms. Memory: 812544K Free: 782217K (96%)
ptolemy.util.test.WatchDog.cancel(): canceling Fri Jun 01 21:49:53 UTC 2018
------------------ testing $PTII/ptolemy/domains/de/test/auto/deInCt2.xml
auto.tcl: Setting watchdog for 200 seconds at Fri Jun 01 21:49:53 UTC 2018
0
1
1
1
0
0
1
1
1
0
0
1
1
1
0
0
1
1
1
0
0
1
1
1
0
0
1
1
1
0
0
1
1
1
0
0
1
1
1
0
0
0
12 ms. Memory: 815616K Free: 785289K (96%)
ptolemy.util.test.WatchDog.cancel(): canceling Fri Jun 01 21:49:53 UTC 2018
auto.tcl: Setting watchdog for 200 seconds at Fri Jun 01 21:49:53 UTC 2018
0
1
1
1
0
0
1
1
1
0
0
1
1
1
0
0
1
1
1
0
0
1
1
1
0
0
1
1
1
0
0
1
1
1
0
0
1
1
1
0
0
0
5 ms. Memory: 815616K Free: 785289K (96%)
ptolemy.util.test.WatchDog.cancel(): canceling Fri Jun 01 21:49:53 UTC 2018
------------------ testing $PTII/ptolemy/domains/de/test/auto/dynamicCausalityInterface1.xml
auto.tcl: Setting watchdog for 200 seconds at Fri Jun 01 21:49:53 UTC 2018
2 ms. Memory: 812544K Free: 789564K (97%)
ptolemy.util.test.WatchDog.cancel(): canceling Fri Jun 01 21:49:53 UTC 2018
auto.tcl: Setting watchdog for 200 seconds at Fri Jun 01 21:49:53 UTC 2018
0 ms. Memory: 812544K Free: 789564K (97%)
ptolemy.util.test.WatchDog.cancel(): canceling Fri Jun 01 21:49:53 UTC 2018
------------------ testing $PTII/ptolemy/domains/de/test/auto/fsm_de_test.xml
auto.tcl: Setting watchdog for 200 seconds at Fri Jun 01 21:49:53 UTC 2018
15 ms. Memory: 815104K Free: 784708K (96%)
ptolemy.util.test.WatchDog.cancel(): canceling Fri Jun 01 21:49:53 UTC 2018
auto.tcl: Setting watchdog for 200 seconds at Fri Jun 01 21:49:53 UTC 2018
5 ms. Memory: 815104K Free: 784708K (96%)
ptolemy.util.test.WatchDog.cancel(): canceling Fri Jun 01 21:49:53 UTC 2018
------------------ testing $PTII/ptolemy/domains/de/test/auto/functionDependencyReconstruction.xml
auto.tcl: Setting watchdog for 200 seconds at Fri Jun 01 21:49:53 UTC 2018
2 ms. Memory: 812544K Free: 771757K (95%)
ptolemy.util.test.WatchDog.cancel(): canceling Fri Jun 01 21:49:53 UTC 2018
auto.tcl: Setting watchdog for 200 seconds at Fri Jun 01 21:49:53 UTC 2018
2 ms. Memory: 812544K Free: 771757K (95%)
ptolemy.util.test.WatchDog.cancel(): canceling Fri Jun 01 21:49:53 UTC 2018
------------------ testing $PTII/ptolemy/domains/de/test/auto/multirate.xml
auto.tcl: Setting watchdog for 200 seconds at Fri Jun 01 21:49:53 UTC 2018
3 ms. Memory: 814592K Free: 791373K (97%)
ptolemy.util.test.WatchDog.cancel(): canceling Fri Jun 01 21:49:53 UTC 2018
auto.tcl: Setting watchdog for 200 seconds at Fri Jun 01 21:49:53 UTC 2018
2 ms. Memory: 814592K Free: 791373K (97%)
ptolemy.util.test.WatchDog.cancel(): canceling Fri Jun 01 21:49:53 UTC 2018
------------------ testing $PTII/ptolemy/domains/de/test/auto/multirate2.xml
auto.tcl: Setting watchdog for 200 seconds at Fri Jun 01 21:49:53 UTC 2018
4 ms. Memory: 812544K Free: 782202K (96%)
ptolemy.util.test.WatchDog.cancel(): canceling Fri Jun 01 21:49:53 UTC 2018
auto.tcl: Setting watchdog for 200 seconds at Fri Jun 01 21:49:53 UTC 2018
2 ms. Memory: 812544K Free: 782202K (96%)
ptolemy.util.test.WatchDog.cancel(): canceling Fri Jun 01 21:49:53 UTC 2018
------------------ testing $PTII/ptolemy/domains/de/test/auto/realtime.xml
auto.tcl: Setting watchdog for 200 seconds at Fri Jun 01 21:49:53 UTC 2018
10001 ms. Memory: 814592K Free: 784207K (96%)
ptolemy.util.test.WatchDog.cancel(): canceling Fri Jun 01 21:50:03 UTC 2018
auto.tcl: Setting watchdog for 200 seconds at Fri Jun 01 21:50:03 UTC 2018
10001 ms. Memory: 814592K Free: 784207K (96%)
ptolemy.util.test.WatchDog.cancel(): canceling Fri Jun 01 21:50:13 UTC 2018
------------------ testing $PTII/ptolemy/domains/de/test/auto/relationGroup.xml
auto.tcl: Setting watchdog for 200 seconds at Fri Jun 01 21:50:13 UTC 2018
1 ms. Memory: 812544K Free: 782227K (96%)
ptolemy.util.test.WatchDog.cancel(): canceling Fri Jun 01 21:50:13 UTC 2018
auto.tcl: Setting watchdog for 200 seconds at Fri Jun 01 21:50:13 UTC 2018
1 ms. Memory: 812544K Free: 782227K (96%)
ptolemy.util.test.WatchDog.cancel(): canceling Fri Jun 01 21:50:13 UTC 2018
------------------ testing $PTII/ptolemy/domains/de/test/auto/relationGroup2.xml
auto.tcl: Setting watchdog for 200 seconds at Fri Jun 01 21:50:13 UTC 2018
1 ms. Memory: 814080K Free: 783788K (96%)
ptolemy.util.test.WatchDog.cancel(): canceling Fri Jun 01 21:50:13 UTC 2018
auto.tcl: Setting watchdog for 200 seconds at Fri Jun 01 21:50:13 UTC 2018
1 ms. Memory: 814080K Free: 783788K (96%)
ptolemy.util.test.WatchDog.cancel(): canceling Fri Jun 01 21:50:13 UTC 2018
------------------ testing $PTII/ptolemy/domains/de/test/auto/sortWithOpaquePorts.xml
auto.tcl: Setting watchdog for 200 seconds at Fri Jun 01 21:50:14 UTC 2018
2 ms. Memory: 812544K Free: 789564K (97%)
ptolemy.util.test.WatchDog.cancel(): canceling Fri Jun 01 21:50:14 UTC 2018
auto.tcl: Setting watchdog for 200 seconds at Fri Jun 01 21:50:14 UTC 2018
1 ms. Memory: 812544K Free: 789564K (97%)
ptolemy.util.test.WatchDog.cancel(): canceling Fri Jun 01 21:50:14 UTC 2018
------------------ testing $PTII/ptolemy/domains/de/test/auto/transferInputsandOutputs.xml
auto.tcl: Setting watchdog for 200 seconds at Fri Jun 01 21:50:14 UTC 2018
4 ms. Memory: 814080K Free: 783776K (96%)
ptolemy.util.test.WatchDog.cancel(): canceling Fri Jun 01 21:50:14 UTC 2018
auto.tcl: Setting watchdog for 200 seconds at Fri Jun 01 21:50:14 UTC 2018
2 ms. Memory: 814080K Free: 783776K (96%)
ptolemy.util.test.WatchDog.cancel(): canceling Fri Jun 01 21:50:14 UTC 2018
------------------ testing $PTII/ptolemy/domains/de/test/auto/triggerType.xml
auto.tcl: Setting watchdog for 200 seconds at Fri Jun 01 21:50:14 UTC 2018
1 ms. Memory: 812544K Free: 782190K (96%)
ptolemy.util.test.WatchDog.cancel(): canceling Fri Jun 01 21:50:14 UTC 2018
auto.tcl: Setting watchdog for 200 seconds at Fri Jun 01 21:50:14 UTC 2018
1 ms. Memory: 812544K Free: 782190K (96%)
ptolemy.util.test.WatchDog.cancel(): canceling Fri Jun 01 21:50:14 UTC 2018
06/01/18 09:50:14
Failed: 0  Total Tests: 192  ((Passed: 187, Newly Passed: 1)  Known Failed: 5) /home/travis/build/icyphy/ptII/ptolemy/domains/de/test
06/01/18 09:50:14
Failed: 0  Total Tests: 192  ((Passed: 187, Newly Passed: 1)  Known Failed: 5) /home/travis/build/icyphy/ptII/ptolemy/domains/de/test
----------------- testing (KnownFailure) /home/travis/build/icyphy/ptII/ptolemy/domains/de/test/auto/knownFailedTests/DESDFClockTest.xml
2013 ms. Memory: 813568K Free: 768604K (94%)
Known Failure: java.lang.reflect.InvocationTargetException
----------------- testing (KnownFailure) /home/travis/build/icyphy/ptII/ptolemy/domains/de/test/auto/knownFailedTests/DirectFeedback.xml
1 ms. Memory: 813568K Free: 710113K (87%)
Known Failure: java.lang.reflect.InvocationTargetException
----------------- testing (KnownFailure) /home/travis/build/icyphy/ptII/ptolemy/domains/de/test/auto/knownFailedTests/FSMSource.xml
4 ms. Memory: 813568K Free: 651622K (80%)
----------------- testing (KnownFailure) /home/travis/build/icyphy/ptII/ptolemy/domains/de/test/auto/knownFailedTests/HierarchicalModel.xml
1 ms. Memory: 813568K Free: 607737K (75%)
Known Failure: java.lang.reflect.InvocationTargetException
----------------- testing (KnownFailure) /home/travis/build/icyphy/ptII/ptolemy/domains/de/test/auto/knownFailedTests/dependencyLoop.xml
1 ms. Memory: 813568K Free: 549246K (68%)
Known Failure: java.lang.reflect.InvocationTargetException
----------------- testing (KnownFailure) /home/travis/build/icyphy/ptII/ptolemy/domains/de/test/auto/knownFailedTests/dependencyLoop2.xml
1 ms. Memory: 813568K Free: 476132K (59%)
Known Failure: java.lang.reflect.InvocationTargetException
No auto/linux-amd64/*.xml tests in /home/travis/build/icyphy/ptII/ptolemy/domains/de/test
AutoTests.java: About to close Vertx.
AutoTests.java: Vertx closed.

===========================================================================================
----------------- testing Fri Jun 01 21:50:16 UTC 2018 /home/travis/build/icyphy/ptII/ptolemy/domains/de/test/auto/ActorDepthCalculation_actorWithoutPorts.xml
----------------- Instantiating /home/travis/build/icyphy/ptII/ptolemy/domains/de/test/auto/ActorDepthCalculation_actorWithoutPorts.xml
1 ms. Memory: 813568K Free: 388395K (48%)
----------------- Invoking toplevel() on ptolemy.moml.MoMLSimpleApplication@371d42b2
----------------- Done invoking toplevel() on ptolemy.moml.MoMLSimpleApplication@371d42b2
reloadAllAccessors: .ActorDepthCalculation_actorWithoutPorts

===========================================================================================
----------------- testing Fri Jun 01 21:50:16 UTC 2018 /home/travis/build/icyphy/ptII/ptolemy/domains/de/test/auto/AssemblyLine.xml
----------------- Instantiating /home/travis/build/icyphy/ptII/ptolemy/domains/de/test/auto/AssemblyLine.xml
1 ms. Memory: 813568K Free: 359150K (44%)
----------------- Invoking toplevel() on ptolemy.moml.MoMLSimpleApplication@41f7040c
----------------- Done invoking toplevel() on ptolemy.moml.MoMLSimpleApplication@41f7040c
reloadAllAccessors: .AssemblyLine

===========================================================================================
----------------- testing Fri Jun 01 21:50:16 UTC 2018 /home/travis/build/icyphy/ptII/ptolemy/domains/de/test/auto/CQBug1.xml
----------------- Instantiating /home/travis/build/icyphy/ptII/ptolemy/domains/de/test/auto/CQBug1.xml
0 ms. Memory: 813568K Free: 329904K (41%)
----------------- Invoking toplevel() on ptolemy.moml.MoMLSimpleApplication@3b403f0e
----------------- Done invoking toplevel() on ptolemy.moml.MoMLSimpleApplication@3b403f0e
reloadAllAccessors: .CQBug1

===========================================================================================
----------------- testing Fri Jun 01 21:50:16 UTC 2018 /home/travis/build/icyphy/ptII/ptolemy/domains/de/test/auto/CancelFireAt.xml
----------------- Instantiating /home/travis/build/icyphy/ptII/ptolemy/domains/de/test/auto/CancelFireAt.xml
0 ms. Memory: 813568K Free: 300659K (37%)
----------------- Invoking toplevel() on ptolemy.moml.MoMLSimpleApplication@1c56426f
----------------- Done invoking toplevel() on ptolemy.moml.MoMLSimpleApplication@1c56426f
reloadAllAccessors: .CancelFireAt

===========================================================================================
----------------- testing Fri Jun 01 21:50:16 UTC 2018 /home/travis/build/icyphy/ptII/ptolemy/domains/de/test/auto/CausalityAndComposabilityAnalysis.xml
----------------- Instantiating /home/travis/build/icyphy/ptII/ptolemy/domains/de/test/auto/CausalityAndComposabilityAnalysis.xml
1 ms. Memory: 813568K Free: 271413K (33%)
----------------- Invoking toplevel() on ptolemy.moml.MoMLSimpleApplication@479ce5d5
----------------- Done invoking toplevel() on ptolemy.moml.MoMLSimpleApplication@479ce5d5
reloadAllAccessors: .CausalityAndComposabilityAnalysis

===========================================================================================
----------------- testing Fri Jun 01 21:50:16 UTC 2018 /home/travis/build/icyphy/ptII/ptolemy/domains/de/test/auto/CausalityInterface1.xml
----------------- Instantiating /home/travis/build/icyphy/ptII/ptolemy/domains/de/test/auto/CausalityInterface1.xml
3 ms. Memory: 813568K Free: 242168K (30%)
----------------- Invoking toplevel() on ptolemy.moml.MoMLSimpleApplication@3ee4f0fe
----------------- Done invoking toplevel() on ptolemy.moml.MoMLSimpleApplication@3ee4f0fe
reloadAllAccessors: .CausalityInterface1

===========================================================================================
----------------- testing Fri Jun 01 21:50:16 UTC 2018 /home/travis/build/icyphy/ptII/ptolemy/domains/de/test/auto/CausalityInterface15.xml
----------------- Instantiating /home/travis/build/icyphy/ptII/ptolemy/domains/de/test/auto/CausalityInterface15.xml
1 ms. Memory: 813568K Free: 212922K (26%)
----------------- Invoking toplevel() on ptolemy.moml.MoMLSimpleApplication@5a66c95
----------------- Done invoking toplevel() on ptolemy.moml.MoMLSimpleApplication@5a66c95
reloadAllAccessors: .CausalityInterface15

===========================================================================================
----------------- testing Fri Jun 01 21:50:16 UTC 2018 /home/travis/build/icyphy/ptII/ptolemy/domains/de/test/auto/CausalityInterface2.xml
----------------- Instantiating /home/travis/build/icyphy/ptII/ptolemy/domains/de/test/auto/CausalityInterface2.xml
1 ms. Memory: 813568K Free: 183677K (23%)
----------------- Invoking toplevel() on ptolemy.moml.MoMLSimpleApplication@4c8fc866
----------------- Done invoking toplevel() on ptolemy.moml.MoMLSimpleApplication@4c8fc866
reloadAllAccessors: .CausalityInterface2

===========================================================================================
----------------- testing Fri Jun 01 21:50:16 UTC 2018 /home/travis/build/icyphy/ptII/ptolemy/domains/de/test/auto/CausalityInterface3.xml
----------------- Instantiating /home/travis/build/icyphy/ptII/ptolemy/domains/de/test/auto/CausalityInterface3.xml
1 ms. Memory: 813568K Free: 154431K (19%)
----------------- Invoking toplevel() on ptolemy.moml.MoMLSimpleApplication@3be25204
----------------- Done invoking toplevel() on ptolemy.moml.MoMLSimpleApplication@3be25204
reloadAllAccessors: .CausalityInterface3

===========================================================================================
----------------- testing Fri Jun 01 21:50:16 UTC 2018 /home/travis/build/icyphy/ptII/ptolemy/domains/de/test/auto/ClockDrift.xml
----------------- Instantiating /home/travis/build/icyphy/ptII/ptolemy/domains/de/test/auto/ClockDrift.xml
8 ms. Memory: 813568K Free: 125186K (15%)
----------------- Invoking toplevel() on ptolemy.moml.MoMLSimpleApplication@1748652f
----------------- Done invoking toplevel() on ptolemy.moml.MoMLSimpleApplication@1748652f
reloadAllAccessors: .ClockDrift

===========================================================================================
----------------- testing Fri Jun 01 21:50:16 UTC 2018 /home/travis/build/icyphy/ptII/ptolemy/domains/de/test/auto/ClockDriftAndValueChange.xml
----------------- Instantiating /home/travis/build/icyphy/ptII/ptolemy/domains/de/test/auto/ClockDriftAndValueChange.xml
7 ms. Memory: 813568K Free: 95940K (12%)
----------------- Invoking toplevel() on ptolemy.moml.MoMLSimpleApplication@46b99312
----------------- Done invoking toplevel() on ptolemy.moml.MoMLSimpleApplication@46b99312
reloadAllAccessors: .ClockDriftAndValueChange

===========================================================================================
----------------- testing Fri Jun 01 21:50:16 UTC 2018 /home/travis/build/icyphy/ptII/ptolemy/domains/de/test/auto/ClockDriftChange.xml
----------------- Instantiating /home/travis/build/icyphy/ptII/ptolemy/domains/de/test/auto/ClockDriftChange.xml
7 ms. Memory: 813568K Free: 77136K (9%)
----------------- Invoking toplevel() on ptolemy.moml.MoMLSimpleApplication@32e77b27
----------------- Done invoking toplevel() on ptolemy.moml.MoMLSimpleApplication@32e77b27
reloadAllAccessors: .ClockDriftChange

===========================================================================================
----------------- testing Fri Jun 01 21:50:16 UTC 2018 /home/travis/build/icyphy/ptII/ptolemy/domains/de/test/auto/ComposableCausalityAnalysis.xml
----------------- Instantiating /home/travis/build/icyphy/ptII/ptolemy/domains/de/test/auto/ComposableCausalityAnalysis.xml
0 ms. Memory: 777728K Free: 744322K (96%)
----------------- Invoking toplevel() on ptolemy.moml.MoMLSimpleApplication@56faf255
----------------- Done invoking toplevel() on ptolemy.moml.MoMLSimpleApplication@56faf255
reloadAllAccessors: .ComposableCausalityAnalysis

===========================================================================================
----------------- testing Fri Jun 01 21:50:16 UTC 2018 /home/travis/build/icyphy/ptII/ptolemy/domains/de/test/auto/DEFixedPointLimitation.xml
----------------- Instantiating /home/travis/build/icyphy/ptII/ptolemy/domains/de/test/auto/DEFixedPointLimitation.xml
1 ms. Memory: 777728K Free: 710043K (91%)
----------------- Invoking toplevel() on ptolemy.moml.MoMLSimpleApplication@3062c10
----------------- Done invoking toplevel() on ptolemy.moml.MoMLSimpleApplication@3062c10
reloadAllAccessors: .DEFixedPointLimitation

===========================================================================================
----------------- testing Fri Jun 01 21:50:16 UTC 2018 /home/travis/build/icyphy/ptII/ptolemy/domains/de/test/auto/DEScheduleTest.xml
----------------- Instantiating /home/travis/build/icyphy/ptII/ptolemy/domains/de/test/auto/DEScheduleTest.xml
1 ms. Memory: 777728K Free: 682190K (88%)
----------------- Invoking toplevel() on ptolemy.moml.MoMLSimpleApplication@7a348b02
----------------- Done invoking toplevel() on ptolemy.moml.MoMLSimpleApplication@7a348b02
reloadAllAccessors: .DEScheduleTest

===========================================================================================
----------------- testing Fri Jun 01 21:50:16 UTC 2018 /home/travis/build/icyphy/ptII/ptolemy/domains/de/test/auto/DEinDEwithStartTimes.xml
----------------- Instantiating /home/travis/build/icyphy/ptII/ptolemy/domains/de/test/auto/DEinDEwithStartTimes.xml
2 ms. Memory: 777728K Free: 654337K (84%)
----------------- Invoking toplevel() on ptolemy.moml.MoMLSimpleApplication@2f949c76
----------------- Done invoking toplevel() on ptolemy.moml.MoMLSimpleApplication@2f949c76
reloadAllAccessors: .DEinDEwithStartTimes

===========================================================================================
----------------- testing Fri Jun 01 21:50:16 UTC 2018 /home/travis/build/icyphy/ptII/ptolemy/domains/de/test/auto/DEinDEwithStartTimes2.xml
----------------- Instantiating /home/travis/build/icyphy/ptII/ptolemy/domains/de/test/auto/DEinDEwithStartTimes2.xml
2 ms. Memory: 777728K Free: 626459K (81%)
----------------- Invoking toplevel() on ptolemy.moml.MoMLSimpleApplication@3be1ee60
----------------- Done invoking toplevel() on ptolemy.moml.MoMLSimpleApplication@3be1ee60
reloadAllAccessors: .DEinDEwithStartTimes2

===========================================================================================
----------------- testing Fri Jun 01 21:50:16 UTC 2018 /home/travis/build/icyphy/ptII/ptolemy/domains/de/test/auto/DateDemo.xml
----------------- Instantiating /home/travis/build/icyphy/ptII/ptolemy/domains/de/test/auto/DateDemo.xml
3 ms. Memory: 777728K Free: 598606K (77%)
----------------- Invoking toplevel() on ptolemy.moml.MoMLSimpleApplication@7b947321
----------------- Done invoking toplevel() on ptolemy.moml.MoMLSimpleApplication@7b947321
reloadAllAccessors: .DateDemo

===========================================================================================
----------------- testing Fri Jun 01 21:50:16 UTC 2018 /home/travis/build/icyphy/ptII/ptolemy/domains/de/test/auto/DateToEvent.xml
----------------- Instantiating /home/travis/build/icyphy/ptII/ptolemy/domains/de/test/auto/DateToEvent.xml
2003 ms. Memory: 777728K Free: 556811K (72%)
----------------- Invoking toplevel() on ptolemy.moml.MoMLSimpleApplication@7d3a3aac
----------------- Done invoking toplevel() on ptolemy.moml.MoMLSimpleApplication@7d3a3aac
reloadAllAccessors: .DateToEvent

===========================================================================================
----------------- testing Fri Jun 01 21:50:18 UTC 2018 /home/travis/build/icyphy/ptII/ptolemy/domains/de/test/auto/DepthTest1.xml
----------------- Instantiating /home/travis/build/icyphy/ptII/ptolemy/domains/de/test/auto/DepthTest1.xml
0 ms. Memory: 777728K Free: 528958K (68%)
----------------- Invoking toplevel() on ptolemy.moml.MoMLSimpleApplication@6f808a82
----------------- Done invoking toplevel() on ptolemy.moml.MoMLSimpleApplication@6f808a82
reloadAllAccessors: .DepthTest1

===========================================================================================
----------------- testing Fri Jun 01 21:50:18 UTC 2018 /home/travis/build/icyphy/ptII/ptolemy/domains/de/test/auto/DepthTest2.xml
----------------- Instantiating /home/travis/build/icyphy/ptII/ptolemy/domains/de/test/auto/DepthTest2.xml
1 ms. Memory: 777728K Free: 501105K (64%)
----------------- Invoking toplevel() on ptolemy.moml.MoMLSimpleApplication@5ad69190
----------------- Done invoking toplevel() on ptolemy.moml.MoMLSimpleApplication@5ad69190
reloadAllAccessors: .DepthTest2

===========================================================================================
----------------- testing Fri Jun 01 21:50:18 UTC 2018 /home/travis/build/icyphy/ptII/ptolemy/domains/de/test/auto/DepthTest3.xml
----------------- Instantiating /home/travis/build/icyphy/ptII/ptolemy/domains/de/test/auto/DepthTest3.xml
0 ms. Memory: 777728K Free: 473252K (61%)
----------------- Invoking toplevel() on ptolemy.moml.MoMLSimpleApplication@20a464d6
----------------- Done invoking toplevel() on ptolemy.moml.MoMLSimpleApplication@20a464d6
reloadAllAccessors: .DepthTest3

===========================================================================================
----------------- testing Fri Jun 01 21:50:18 UTC 2018 /home/travis/build/icyphy/ptII/ptolemy/domains/de/test/auto/DepthTest4.xml
----------------- Instantiating /home/travis/build/icyphy/ptII/ptolemy/domains/de/test/auto/DepthTest4.xml
1 ms. Memory: 777728K Free: 445399K (57%)
----------------- Invoking toplevel() on ptolemy.moml.MoMLSimpleApplication@36e65b6f
----------------- Done invoking toplevel() on ptolemy.moml.MoMLSimpleApplication@36e65b6f
reloadAllAccessors: .DepthTest4

===========================================================================================
----------------- testing Fri Jun 01 21:50:18 UTC 2018 /home/travis/build/icyphy/ptII/ptolemy/domains/de/test/auto/DepthTest5.xml
----------------- Instantiating /home/travis/build/icyphy/ptII/ptolemy/domains/de/test/auto/DepthTest5.xml
1 ms. Memory: 777728K Free: 417546K (54%)
----------------- Invoking toplevel() on ptolemy.moml.MoMLSimpleApplication@68531870
----------------- Done invoking toplevel() on ptolemy.moml.MoMLSimpleApplication@68531870
reloadAllAccessors: .DepthTest5

===========================================================================================
----------------- testing Fri Jun 01 21:50:18 UTC 2018 /home/travis/build/icyphy/ptII/ptolemy/domains/de/test/auto/DepthTest6.xml
----------------- Instantiating /home/travis/build/icyphy/ptII/ptolemy/domains/de/test/auto/DepthTest6.xml
1 ms. Memory: 777728K Free: 389694K (50%)
----------------- Invoking toplevel() on ptolemy.moml.MoMLSimpleApplication@3838e0ea
----------------- Done invoking toplevel() on ptolemy.moml.MoMLSimpleApplication@3838e0ea
reloadAllAccessors: .DepthTest6

===========================================================================================
----------------- testing Fri Jun 01 21:50:18 UTC 2018 /home/travis/build/icyphy/ptII/ptolemy/domains/de/test/auto/DepthTest7.xml
----------------- Instantiating /home/travis/build/icyphy/ptII/ptolemy/domains/de/test/auto/DepthTest7.xml
1 ms. Memory: 777728K Free: 361841K (47%)
----------------- Invoking toplevel() on ptolemy.moml.MoMLSimpleApplication@610a3149
----------------- Done invoking toplevel() on ptolemy.moml.MoMLSimpleApplication@610a3149
reloadAllAccessors: .DepthTest7

===========================================================================================
----------------- testing Fri Jun 01 21:50:18 UTC 2018 /home/travis/build/icyphy/ptII/ptolemy/domains/de/test/auto/EventToDate.xml
----------------- Instantiating /home/travis/build/icyphy/ptII/ptolemy/domains/de/test/auto/EventToDate.xml
3002 ms. Memory: 777728K Free: 313619K (40%)
----------------- Invoking toplevel() on ptolemy.moml.MoMLSimpleApplication@43837569
----------------- Done invoking toplevel() on ptolemy.moml.MoMLSimpleApplication@43837569
reloadAllAccessors: .EventToDate

===========================================================================================
----------------- testing Fri Jun 01 21:50:21 UTC 2018 /home/travis/build/icyphy/ptII/ptolemy/domains/de/test/auto/FSM1.xml
----------------- Instantiating /home/travis/build/icyphy/ptII/ptolemy/domains/de/test/auto/FSM1.xml
10 ms. Memory: 777728K Free: 285766K (37%)
----------------- Invoking toplevel() on ptolemy.moml.MoMLSimpleApplication@7cbe4e08
----------------- Done invoking toplevel() on ptolemy.moml.MoMLSimpleApplication@7cbe4e08
reloadAllAccessors: .FSM1

===========================================================================================
----------------- testing Fri Jun 01 21:50:21 UTC 2018 /home/travis/build/icyphy/ptII/ptolemy/domains/de/test/auto/FSM7.xml
----------------- Instantiating /home/travis/build/icyphy/ptII/ptolemy/domains/de/test/auto/FSM7.xml
5 ms. Memory: 777728K Free: 257913K (33%)
----------------- Invoking toplevel() on ptolemy.moml.MoMLSimpleApplication@7da50e37
----------------- Done invoking toplevel() on ptolemy.moml.MoMLSimpleApplication@7da50e37
reloadAllAccessors: .FSM7

===========================================================================================
----------------- testing Fri Jun 01 21:50:21 UTC 2018 /home/travis/build/icyphy/ptII/ptolemy/domains/de/test/auto/Inspection.xml
----------------- Instantiating /home/travis/build/icyphy/ptII/ptolemy/domains/de/test/auto/Inspection.xml
18 ms. Memory: 777728K Free: 230060K (30%)
----------------- Invoking toplevel() on ptolemy.moml.MoMLSimpleApplication@1b6d884d
----------------- Done invoking toplevel() on ptolemy.moml.MoMLSimpleApplication@1b6d884d
reloadAllAccessors: .Inspection

===========================================================================================
----------------- testing Fri Jun 01 21:50:21 UTC 2018 /home/travis/build/icyphy/ptII/ptolemy/domains/de/test/auto/Iteration.xml
----------------- Instantiating /home/travis/build/icyphy/ptII/ptolemy/domains/de/test/auto/Iteration.xml
3 ms. Memory: 777728K Free: 202207K (26%)
----------------- Invoking toplevel() on ptolemy.moml.MoMLSimpleApplication@51ab88e7
----------------- Done invoking toplevel() on ptolemy.moml.MoMLSimpleApplication@51ab88e7
reloadAllAccessors: .Iteration

===========================================================================================
----------------- testing Fri Jun 01 21:50:21 UTC 2018 /home/travis/build/icyphy/ptII/ptolemy/domains/de/test/auto/LineFault.xml
----------------- Instantiating /home/travis/build/icyphy/ptII/ptolemy/domains/de/test/auto/LineFault.xml
290 ms. Memory: 777728K Free: 76838K (10%)
----------------- Invoking toplevel() on ptolemy.moml.MoMLSimpleApplication@738c5d37
----------------- Done invoking toplevel() on ptolemy.moml.MoMLSimpleApplication@738c5d37
reloadAllAccessors: .LineFault

===========================================================================================
----------------- testing Fri Jun 01 21:50:22 UTC 2018 /home/travis/build/icyphy/ptII/ptolemy/domains/de/test/auto/MergeModel1Add.xml
----------------- Instantiating /home/travis/build/icyphy/ptII/ptolemy/domains/de/test/auto/MergeModel1Add.xml
3 ms. Memory: 745472K Free: 712981K (96%)
----------------- Invoking toplevel() on ptolemy.moml.MoMLSimpleApplication@76465c18
----------------- Done invoking toplevel() on ptolemy.moml.MoMLSimpleApplication@76465c18
reloadAllAccessors: .MergeModel1Add

===========================================================================================
----------------- testing Fri Jun 01 21:50:22 UTC 2018 /home/travis/build/icyphy/ptII/ptolemy/domains/de/test/auto/MergeModel2Add.xml
----------------- Instantiating /home/travis/build/icyphy/ptII/ptolemy/domains/de/test/auto/MergeModel2Add.xml
5 ms. Memory: 745472K Free: 682394K (92%)
----------------- Invoking toplevel() on ptolemy.moml.MoMLSimpleApplication@76145a69
----------------- Done invoking toplevel() on ptolemy.moml.MoMLSimpleApplication@76145a69
reloadAllAccessors: .MergeModel2Add

===========================================================================================
----------------- testing Fri Jun 01 21:50:22 UTC 2018 /home/travis/build/icyphy/ptII/ptolemy/domains/de/test/auto/MergeModel3Add.xml
----------------- Instantiating /home/travis/build/icyphy/ptII/ptolemy/domains/de/test/auto/MergeModel3Add.xml
5 ms. Memory: 745472K Free: 655856K (88%)
----------------- Invoking toplevel() on ptolemy.moml.MoMLSimpleApplication@79a4095d
----------------- Done invoking toplevel() on ptolemy.moml.MoMLSimpleApplication@79a4095d
reloadAllAccessors: .MergeModel3Add

===========================================================================================
----------------- testing Fri Jun 01 21:50:22 UTC 2018 /home/travis/build/icyphy/ptII/ptolemy/domains/de/test/auto/MergeWithoutDiscard.xml
----------------- Instantiating /home/travis/build/icyphy/ptII/ptolemy/domains/de/test/auto/MergeWithoutDiscard.xml
1 ms. Memory: 745472K Free: 642595K (86%)
----------------- Invoking toplevel() on ptolemy.moml.MoMLSimpleApplication@41cd99f6
----------------- Done invoking toplevel() on ptolemy.moml.MoMLSimpleApplication@41cd99f6
reloadAllAccessors: .MergeWithoutDiscard

===========================================================================================
----------------- testing Fri Jun 01 21:50:22 UTC 2018 /home/travis/build/icyphy/ptII/ptolemy/domains/de/test/auto/Modal1.xml
----------------- Instantiating /home/travis/build/icyphy/ptII/ptolemy/domains/de/test/auto/Modal1.xml
4 ms. Memory: 745472K Free: 622704K (84%)
----------------- Invoking toplevel() on ptolemy.moml.MoMLSimpleApplication@5eaadc4
----------------- Done invoking toplevel() on ptolemy.moml.MoMLSimpleApplication@5eaadc4
reloadAllAccessors: .Modal1

===========================================================================================
----------------- testing Fri Jun 01 21:50:22 UTC 2018 /home/travis/build/icyphy/ptII/ptolemy/domains/de/test/auto/Modal2.xml
----------------- Instantiating /home/travis/build/icyphy/ptII/ptolemy/domains/de/test/auto/Modal2.xml
6 ms. Memory: 745472K Free: 602812K (81%)
----------------- Invoking toplevel() on ptolemy.moml.MoMLSimpleApplication@129b57dd
----------------- Done invoking toplevel() on ptolemy.moml.MoMLSimpleApplication@129b57dd
reloadAllAccessors: .Modal2

===========================================================================================
----------------- testing Fri Jun 01 21:50:22 UTC 2018 /home/travis/build/icyphy/ptII/ptolemy/domains/de/test/auto/Modal3.xml
----------------- Instantiating /home/travis/build/icyphy/ptII/ptolemy/domains/de/test/auto/Modal3.xml
3 ms. Memory: 745472K Free: 582913K (78%)
----------------- Invoking toplevel() on ptolemy.moml.MoMLSimpleApplication@7673202e
----------------- Done invoking toplevel() on ptolemy.moml.MoMLSimpleApplication@7673202e
reloadAllAccessors: .Modal3

===========================================================================================
----------------- testing Fri Jun 01 21:50:22 UTC 2018 /home/travis/build/icyphy/ptII/ptolemy/domains/de/test/auto/Modal4.xml
----------------- Instantiating /home/travis/build/icyphy/ptII/ptolemy/domains/de/test/auto/Modal4.xml
5 ms. Memory: 745472K Free: 563006K (76%)
----------------- Invoking toplevel() on ptolemy.moml.MoMLSimpleApplication@4d2caccf
----------------- Done invoking toplevel() on ptolemy.moml.MoMLSimpleApplication@4d2caccf
reloadAllAccessors: .Modal4

===========================================================================================
----------------- testing Fri Jun 01 21:50:22 UTC 2018 /home/travis/build/icyphy/ptII/ptolemy/domains/de/test/auto/Modal5.xml
----------------- Instantiating /home/travis/build/icyphy/ptII/ptolemy/domains/de/test/auto/Modal5.xml
5 ms. Memory: 745472K Free: 543099K (73%)
----------------- Invoking toplevel() on ptolemy.moml.MoMLSimpleApplication@6721dca0
----------------- Done invoking toplevel() on ptolemy.moml.MoMLSimpleApplication@6721dca0
reloadAllAccessors: .Modal5

===========================================================================================
----------------- testing Fri Jun 01 21:50:22 UTC 2018 /home/travis/build/icyphy/ptII/ptolemy/domains/de/test/auto/Modal6.xml
----------------- Instantiating /home/travis/build/icyphy/ptII/ptolemy/domains/de/test/auto/Modal6.xml
5 ms. Memory: 745472K Free: 519141K (70%)
----------------- Invoking toplevel() on ptolemy.moml.MoMLSimpleApplication@2005cb90
----------------- Done invoking toplevel() on ptolemy.moml.MoMLSimpleApplication@2005cb90
reloadAllAccessors: .Modal6

===========================================================================================
----------------- testing Fri Jun 01 21:50:22 UTC 2018 /home/travis/build/icyphy/ptII/ptolemy/domains/de/test/auto/Modal7.xml
----------------- Instantiating /home/travis/build/icyphy/ptII/ptolemy/domains/de/test/auto/Modal7.xml
4 ms. Memory: 745472K Free: 499234K (67%)
----------------- Invoking toplevel() on ptolemy.moml.MoMLSimpleApplication@7fb319e2
----------------- Done invoking toplevel() on ptolemy.moml.MoMLSimpleApplication@7fb319e2
reloadAllAccessors: .Modal7

===========================================================================================
----------------- testing Fri Jun 01 21:50:22 UTC 2018 /home/travis/build/icyphy/ptII/ptolemy/domains/de/test/auto/ModalModel.xml
----------------- Instantiating /home/travis/build/icyphy/ptII/ptolemy/domains/de/test/auto/ModalModel.xml
65 ms. Memory: 745472K Free: 426267K (57%)
----------------- Invoking toplevel() on ptolemy.moml.MoMLSimpleApplication@93bf941
----------------- Done invoking toplevel() on ptolemy.moml.MoMLSimpleApplication@93bf941
reloadAllAccessors: .ModalModel

===========================================================================================
----------------- testing Fri Jun 01 21:50:22 UTC 2018 /home/travis/build/icyphy/ptII/ptolemy/domains/de/test/auto/ModalSource.xml
----------------- Instantiating /home/travis/build/icyphy/ptII/ptolemy/domains/de/test/auto/ModalSource.xml
3 ms. Memory: 745472K Free: 413006K (55%)
----------------- Invoking toplevel() on ptolemy.moml.MoMLSimpleApplication@2c73148f
----------------- Done invoking toplevel() on ptolemy.moml.MoMLSimpleApplication@2c73148f
reloadAllAccessors: .ModalSource

===========================================================================================
----------------- testing Fri Jun 01 21:50:22 UTC 2018 /home/travis/build/icyphy/ptII/ptolemy/domains/de/test/auto/NonInterruptibleTimerZeroDelay.xml
----------------- Instantiating /home/travis/build/icyphy/ptII/ptolemy/domains/de/test/auto/NonInterruptibleTimerZeroDelay.xml
1 ms. Memory: 745472K Free: 399745K (54%)
----------------- Invoking toplevel() on ptolemy.moml.MoMLSimpleApplication@26945b91
----------------- Done invoking toplevel() on ptolemy.moml.MoMLSimpleApplication@26945b91
reloadAllAccessors: .NonInterruptibleTimerZeroDelay

===========================================================================================
----------------- testing Fri Jun 01 21:50:22 UTC 2018 /home/travis/build/icyphy/ptII/ptolemy/domains/de/test/auto/OpenQueueingNetwork.xml
----------------- Instantiating /home/travis/build/icyphy/ptII/ptolemy/domains/de/test/auto/OpenQueueingNetwork.xml
1751 ms. Memory: 714240K Free: 413309K (58%)
----------------- Invoking toplevel() on ptolemy.moml.MoMLSimpleApplication@644afe85
----------------- Done invoking toplevel() on ptolemy.moml.MoMLSimpleApplication@644afe85
reloadAllAccessors: .OpenQueueingNetwork

===========================================================================================
----------------- testing Fri Jun 01 21:50:24 UTC 2018 /home/travis/build/icyphy/ptII/ptolemy/domains/de/test/auto/OpenQueuingNetwork.xml
----------------- Instantiating /home/travis/build/icyphy/ptII/ptolemy/domains/de/test/auto/OpenQueuingNetwork.xml
203 ms. Memory: 714240K Free: 312447K (44%)
----------------- Invoking toplevel() on ptolemy.moml.MoMLSimpleApplication@48e5e80e
----------------- Done invoking toplevel() on ptolemy.moml.MoMLSimpleApplication@48e5e80e
reloadAllAccessors: .OpenQueuingNetwork

===========================================================================================
----------------- testing Fri Jun 01 21:50:24 UTC 2018 /home/travis/build/icyphy/ptII/ptolemy/domains/de/test/auto/PeriodicSampler.xml
----------------- Instantiating /home/travis/build/icyphy/ptII/ptolemy/domains/de/test/auto/PeriodicSampler.xml
1 ms. Memory: 714240K Free: 299811K (42%)
----------------- Invoking toplevel() on ptolemy.moml.MoMLSimpleApplication@75456afa
----------------- Done invoking toplevel() on ptolemy.moml.MoMLSimpleApplication@75456afa
reloadAllAccessors: .PeriodicSampler

===========================================================================================
----------------- testing Fri Jun 01 21:50:24 UTC 2018 /home/travis/build/icyphy/ptII/ptolemy/domains/de/test/auto/PersistentIO.xml
----------------- Instantiating /home/travis/build/icyphy/ptII/ptolemy/domains/de/test/auto/PersistentIO.xml
3 ms. Memory: 714240K Free: 280841K (39%)
----------------- Invoking toplevel() on ptolemy.moml.MoMLSimpleApplication@5cfae51a
----------------- Done invoking toplevel() on ptolemy.moml.MoMLSimpleApplication@5cfae51a
reloadAllAccessors: .PersistentIO

===========================================================================================
----------------- testing Fri Jun 01 21:50:24 UTC 2018 /home/travis/build/icyphy/ptII/ptolemy/domains/de/test/auto/PortParameterResetOnInitialize.xml
----------------- Instantiating /home/travis/build/icyphy/ptII/ptolemy/domains/de/test/auto/PortParameterResetOnInitialize.xml
2 ms. Memory: 714240K Free: 268205K (38%)
----------------- Invoking toplevel() on ptolemy.moml.MoMLSimpleApplication@c87dae9
----------------- Done invoking toplevel() on ptolemy.moml.MoMLSimpleApplication@c87dae9
reloadAllAccessors: .PortParameterResetOnInitialize

===========================================================================================
----------------- testing Fri Jun 01 21:50:24 UTC 2018 /home/travis/build/icyphy/ptII/ptolemy/domains/de/test/auto/PortParameterUpdates.xml
----------------- Instantiating /home/travis/build/icyphy/ptII/ptolemy/domains/de/test/auto/PortParameterUpdates.xml
3 ms. Memory: 714240K Free: 255553K (36%)
----------------- Invoking toplevel() on ptolemy.moml.MoMLSimpleApplication@369291d7
----------------- Done invoking toplevel() on ptolemy.moml.MoMLSimpleApplication@369291d7
reloadAllAccessors: .PortParameterUpdates

===========================================================================================
----------------- testing Fri Jun 01 21:50:24 UTC 2018 /home/travis/build/icyphy/ptII/ptolemy/domains/de/test/auto/QueueAndServer.xml
----------------- Instantiating /home/travis/build/icyphy/ptII/ptolemy/domains/de/test/auto/QueueAndServer.xml
4 ms. Memory: 714240K Free: 240352K (34%)
----------------- Invoking toplevel() on ptolemy.moml.MoMLSimpleApplication@6c8508aa
----------------- Done invoking toplevel() on ptolemy.moml.MoMLSimpleApplication@6c8508aa
reloadAllAccessors: .QueueAndServer

===========================================================================================
----------------- testing Fri Jun 01 21:50:24 UTC 2018 /home/travis/build/icyphy/ptII/ptolemy/domains/de/test/auto/Records.xml
----------------- Instantiating /home/travis/build/icyphy/ptII/ptolemy/domains/de/test/auto/Records.xml
2 ms. Memory: 714240K Free: 227715K (32%)
----------------- Invoking toplevel() on ptolemy.moml.MoMLSimpleApplication@3b1e3dd2
----------------- Done invoking toplevel() on ptolemy.moml.MoMLSimpleApplication@3b1e3dd2
reloadAllAccessors: .Records

===========================================================================================
----------------- testing Fri Jun 01 21:50:24 UTC 2018 /home/travis/build/icyphy/ptII/ptolemy/domains/de/test/auto/ResetTransitionWithStartTime1.xml
----------------- Instantiating /home/travis/build/icyphy/ptII/ptolemy/domains/de/test/auto/ResetTransitionWithStartTime1.xml
4 ms. Memory: 714240K Free: 215079K (30%)
----------------- Invoking toplevel() on ptolemy.moml.MoMLSimpleApplication@1ff9579e
----------------- Done invoking toplevel() on ptolemy.moml.MoMLSimpleApplication@1ff9579e
reloadAllAccessors: .ResetTransitionWithStartTime1

===========================================================================================
----------------- testing Fri Jun 01 21:50:24 UTC 2018 /home/travis/build/icyphy/ptII/ptolemy/domains/de/test/auto/ResetTransitionWithStartTime2.xml
----------------- Instantiating /home/travis/build/icyphy/ptII/ptolemy/domains/de/test/auto/ResetTransitionWithStartTime2.xml
3 ms. Memory: 714240K Free: 196109K (27%)
----------------- Invoking toplevel() on ptolemy.moml.MoMLSimpleApplication@55e0f68e
----------------- Done invoking toplevel() on ptolemy.moml.MoMLSimpleApplication@55e0f68e
reloadAllAccessors: .ResetTransitionWithStartTime2

===========================================================================================
----------------- testing Fri Jun 01 21:50:24 UTC 2018 /home/travis/build/icyphy/ptII/ptolemy/domains/de/test/auto/ResetTransitionWithStartTime3.xml
----------------- Instantiating /home/travis/build/icyphy/ptII/ptolemy/domains/de/test/auto/ResetTransitionWithStartTime3.xml
4 ms. Memory: 714240K Free: 183473K (26%)
----------------- Invoking toplevel() on ptolemy.moml.MoMLSimpleApplication@3b39f945
----------------- Done invoking toplevel() on ptolemy.moml.MoMLSimpleApplication@3b39f945
reloadAllAccessors: .ResetTransitionWithStartTime3

===========================================================================================
----------------- testing Fri Jun 01 21:50:24 UTC 2018 /home/travis/build/icyphy/ptII/ptolemy/domains/de/test/auto/ResetTransitionWithStartTime4.xml
----------------- Instantiating /home/travis/build/icyphy/ptII/ptolemy/domains/de/test/auto/ResetTransitionWithStartTime4.xml
3 ms. Memory: 714240K Free: 161937K (23%)
----------------- Invoking toplevel() on ptolemy.moml.MoMLSimpleApplication@1cd7dc6d
----------------- Done invoking toplevel() on ptolemy.moml.MoMLSimpleApplication@1cd7dc6d
reloadAllAccessors: .ResetTransitionWithStartTime4

===========================================================================================
----------------- testing Fri Jun 01 21:50:24 UTC 2018 /home/travis/build/icyphy/ptII/ptolemy/domains/de/test/auto/ResettableTimer1.xml
----------------- Instantiating /home/travis/build/icyphy/ptII/ptolemy/domains/de/test/auto/ResettableTimer1.xml
2 ms. Memory: 714240K Free: 149301K (21%)
----------------- Invoking toplevel() on ptolemy.moml.MoMLSimpleApplication@bcfaa29
----------------- Done invoking toplevel() on ptolemy.moml.MoMLSimpleApplication@bcfaa29
reloadAllAccessors: .ResettableTimer1

===========================================================================================
----------------- testing Fri Jun 01 21:50:24 UTC 2018 /home/travis/build/icyphy/ptII/ptolemy/domains/de/test/auto/ResettableTimer2.xml
----------------- Instantiating /home/travis/build/icyphy/ptII/ptolemy/domains/de/test/auto/ResettableTimer2.xml
1 ms. Memory: 714240K Free: 136665K (19%)
----------------- Invoking toplevel() on ptolemy.moml.MoMLSimpleApplication@1b5e00fd
----------------- Done invoking toplevel() on ptolemy.moml.MoMLSimpleApplication@1b5e00fd
reloadAllAccessors: .ResettableTimer2

===========================================================================================
----------------- testing Fri Jun 01 21:50:24 UTC 2018 /home/travis/build/icyphy/ptII/ptolemy/domains/de/test/auto/ResettableTimer3.xml
----------------- Instantiating /home/travis/build/icyphy/ptII/ptolemy/domains/de/test/auto/ResettableTimer3.xml
1 ms. Memory: 714240K Free: 124029K (17%)
----------------- Invoking toplevel() on ptolemy.moml.MoMLSimpleApplication@1ec5a39a
----------------- Done invoking toplevel() on ptolemy.moml.MoMLSimpleApplication@1ec5a39a
reloadAllAccessors: .ResettableTimer3

===========================================================================================
----------------- testing Fri Jun 01 21:50:24 UTC 2018 /home/travis/build/icyphy/ptII/ptolemy/domains/de/test/auto/ResettableTimer4.xml
----------------- Instantiating /home/travis/build/icyphy/ptII/ptolemy/domains/de/test/auto/ResettableTimer4.xml
1 ms. Memory: 714240K Free: 111392K (16%)
----------------- Invoking toplevel() on ptolemy.moml.MoMLSimpleApplication@50dd7f08
----------------- Done invoking toplevel() on ptolemy.moml.MoMLSimpleApplication@50dd7f08
reloadAllAccessors: .ResettableTimer4

===========================================================================================
----------------- testing Fri Jun 01 21:50:24 UTC 2018 /home/travis/build/icyphy/ptII/ptolemy/domains/de/test/auto/ResettableTimer5.xml
----------------- Instantiating /home/travis/build/icyphy/ptII/ptolemy/domains/de/test/auto/ResettableTimer5.xml
1 ms. Memory: 714240K Free: 96191K (13%)
----------------- Invoking toplevel() on ptolemy.moml.MoMLSimpleApplication@13897c6f
----------------- Done invoking toplevel() on ptolemy.moml.MoMLSimpleApplication@13897c6f
reloadAllAccessors: .ResettableTimer5

===========================================================================================
----------------- testing Fri Jun 01 21:50:24 UTC 2018 /home/travis/build/icyphy/ptII/ptolemy/domains/de/test/auto/ResettableTimer6.xml
----------------- Instantiating /home/travis/build/icyphy/ptII/ptolemy/domains/de/test/auto/ResettableTimer6.xml
1 ms. Memory: 714240K Free: 83555K (12%)
----------------- Invoking toplevel() on ptolemy.moml.MoMLSimpleApplication@f3f9c4c
----------------- Done invoking toplevel() on ptolemy.moml.MoMLSimpleApplication@f3f9c4c
reloadAllAccessors: .ResettableTimer6

===========================================================================================
----------------- testing Fri Jun 01 21:50:24 UTC 2018 /home/travis/build/icyphy/ptII/ptolemy/domains/de/test/auto/ServerZeroDelay.xml
----------------- Instantiating /home/travis/build/icyphy/ptII/ptolemy/domains/de/test/auto/ServerZeroDelay.xml
1 ms. Memory: 714240K Free: 74385K (10%)
----------------- Invoking toplevel() on ptolemy.moml.MoMLSimpleApplication@47fa57b8
----------------- Done invoking toplevel() on ptolemy.moml.MoMLSimpleApplication@47fa57b8
reloadAllAccessors: .ServerZeroDelay

===========================================================================================
----------------- testing Fri Jun 01 21:50:24 UTC 2018 /home/travis/build/icyphy/ptII/ptolemy/domains/de/test/auto/SmartSender.xml
----------------- Instantiating /home/travis/build/icyphy/ptII/ptolemy/domains/de/test/auto/SmartSender.xml
3002 ms. Memory: 683520K Free: 663278K (97%)
----------------- Invoking toplevel() on ptolemy.moml.MoMLSimpleApplication@153080c1
----------------- Done invoking toplevel() on ptolemy.moml.MoMLSimpleApplication@153080c1
reloadAllAccessors: .SmartSender

===========================================================================================
----------------- testing Fri Jun 01 21:50:27 UTC 2018 /home/travis/build/icyphy/ptII/ptolemy/domains/de/test/auto/ThreadedComposite.xml
----------------- Instantiating /home/travis/build/icyphy/ptII/ptolemy/domains/de/test/auto/ThreadedComposite.xml
129 ms. Memory: 683520K Free: 631503K (92%)
----------------- Invoking toplevel() on ptolemy.moml.MoMLSimpleApplication@7404439b
----------------- Done invoking toplevel() on ptolemy.moml.MoMLSimpleApplication@7404439b
reloadAllAccessors: .ThreadedComposite

===========================================================================================
----------------- testing Fri Jun 01 21:50:27 UTC 2018 /home/travis/build/icyphy/ptII/ptolemy/domains/de/test/auto/Time.xml
----------------- Instantiating /home/travis/build/icyphy/ptII/ptolemy/domains/de/test/auto/Time.xml
397 ms. Memory: 683520K Free: 571292K (84%)
----------------- Invoking toplevel() on ptolemy.moml.MoMLSimpleApplication@61891eb7
----------------- Done invoking toplevel() on ptolemy.moml.MoMLSimpleApplication@61891eb7
reloadAllAccessors: .Time

===========================================================================================
----------------- testing Fri Jun 01 21:50:28 UTC 2018 /home/travis/build/icyphy/ptII/ptolemy/domains/de/test/auto/TimeDelayZeroDelay.xml
----------------- Instantiating /home/travis/build/icyphy/ptII/ptolemy/domains/de/test/auto/TimeDelayZeroDelay.xml
3 ms. Memory: 683520K Free: 559250K (82%)
----------------- Invoking toplevel() on ptolemy.moml.MoMLSimpleApplication@590a5e38
----------------- Done invoking toplevel() on ptolemy.moml.MoMLSimpleApplication@590a5e38
reloadAllAccessors: .TimeDelayZeroDelay

===========================================================================================
----------------- testing Fri Jun 01 21:50:28 UTC 2018 /home/travis/build/icyphy/ptII/ptolemy/domains/de/test/auto/TimerZeroDelay.xml
----------------- Instantiating /home/travis/build/icyphy/ptII/ptolemy/domains/de/test/auto/TimerZeroDelay.xml
2 ms. Memory: 683520K Free: 545548K (80%)
----------------- Invoking toplevel() on ptolemy.moml.MoMLSimpleApplication@1892113b
----------------- Done invoking toplevel() on ptolemy.moml.MoMLSimpleApplication@1892113b
reloadAllAccessors: .TimerZeroDelay

===========================================================================================
----------------- testing Fri Jun 01 21:50:28 UTC 2018 /home/travis/build/icyphy/ptII/ptolemy/domains/de/test/auto/TimingParadox.xml
----------------- Instantiating /home/travis/build/icyphy/ptII/ptolemy/domains/de/test/auto/TimingParadox.xml
265 ms. Memory: 683520K Free: 473290K (69%)
----------------- Invoking toplevel() on ptolemy.moml.MoMLSimpleApplication@74cdd3d7
----------------- Done invoking toplevel() on ptolemy.moml.MoMLSimpleApplication@74cdd3d7
reloadAllAccessors: .TimingParadox

===========================================================================================
----------------- testing Fri Jun 01 21:50:28 UTC 2018 /home/travis/build/icyphy/ptII/ptolemy/domains/de/test/auto/TransferInputs.xml
----------------- Instantiating /home/travis/build/icyphy/ptII/ptolemy/domains/de/test/auto/TransferInputs.xml
1 ms. Memory: 683520K Free: 461248K (67%)
----------------- Invoking toplevel() on ptolemy.moml.MoMLSimpleApplication@13a66f6f
----------------- Done invoking toplevel() on ptolemy.moml.MoMLSimpleApplication@13a66f6f
reloadAllAccessors: .TransferInputs

===========================================================================================
----------------- testing Fri Jun 01 21:50:28 UTC 2018 /home/travis/build/icyphy/ptII/ptolemy/domains/de/test/auto/TransferOutputs2.xml
----------------- Instantiating /home/travis/build/icyphy/ptII/ptolemy/domains/de/test/auto/TransferOutputs2.xml
2 ms. Memory: 683520K Free: 441526K (65%)
----------------- Invoking toplevel() on ptolemy.moml.MoMLSimpleApplication@1b2391de
----------------- Done invoking toplevel() on ptolemy.moml.MoMLSimpleApplication@1b2391de
reloadAllAccessors: .TransferOutputs2

===========================================================================================
----------------- testing Fri Jun 01 21:50:28 UTC 2018 /home/travis/build/icyphy/ptII/ptolemy/domains/de/test/auto/Trilateration.xml
----------------- Instantiating /home/travis/build/icyphy/ptII/ptolemy/domains/de/test/auto/Trilateration.xml
10726 ms. Memory: 555008K Free: 173680K (31%)
----------------- Invoking toplevel() on ptolemy.moml.MoMLSimpleApplication@240d2834
----------------- Done invoking toplevel() on ptolemy.moml.MoMLSimpleApplication@240d2834
reloadAllAccessors: .Trilateration

===========================================================================================
----------------- testing Fri Jun 01 21:50:40 UTC 2018 /home/travis/build/icyphy/ptII/ptolemy/domains/de/test/auto/TwoSigmaDelta.xml
----------------- Instantiating /home/travis/build/icyphy/ptII/ptolemy/domains/de/test/auto/TwoSigmaDelta.xml
1813 ms. Memory: 537600K Free: 331431K (62%)
----------------- Invoking toplevel() on ptolemy.moml.MoMLSimpleApplication@40df4f5b
----------------- Done invoking toplevel() on ptolemy.moml.MoMLSimpleApplication@40df4f5b
reloadAllAccessors: .TwoSigmaDelta

===========================================================================================
----------------- testing Fri Jun 01 21:50:42 UTC 2018 /home/travis/build/icyphy/ptII/ptolemy/domains/de/test/auto/VariableDelay.xml
----------------- Instantiating /home/travis/build/icyphy/ptII/ptolemy/domains/de/test/auto/VariableDelay.xml
2 ms. Memory: 537600K Free: 317159K (59%)
----------------- Invoking toplevel() on ptolemy.moml.MoMLSimpleApplication@38886bf1
----------------- Done invoking toplevel() on ptolemy.moml.MoMLSimpleApplication@38886bf1
reloadAllAccessors: .VariableDelay

===========================================================================================
----------------- testing Fri Jun 01 21:50:42 UTC 2018 /home/travis/build/icyphy/ptII/ptolemy/domains/de/test/auto/VariableDelay2.xml
----------------- Instantiating /home/travis/build/icyphy/ptII/ptolemy/domains/de/test/auto/VariableDelay2.xml
2 ms. Memory: 537600K Free: 307583K (57%)
----------------- Invoking toplevel() on ptolemy.moml.MoMLSimpleApplication@1dee5b83
----------------- Done invoking toplevel() on ptolemy.moml.MoMLSimpleApplication@1dee5b83
reloadAllAccessors: .VariableDelay2

===========================================================================================
----------------- testing Fri Jun 01 21:50:42 UTC 2018 /home/travis/build/icyphy/ptII/ptolemy/domains/de/test/auto/VariableDelayZeroDelay.xml
----------------- Instantiating /home/travis/build/icyphy/ptII/ptolemy/domains/de/test/auto/VariableDelayZeroDelay.xml
1 ms. Memory: 537600K Free: 298007K (55%)
----------------- Invoking toplevel() on ptolemy.moml.MoMLSimpleApplication@11d7000d
----------------- Done invoking toplevel() on ptolemy.moml.MoMLSimpleApplication@11d7000d
reloadAllAccessors: .VariableDelayZeroDelay

===========================================================================================
----------------- testing Fri Jun 01 21:50:42 UTC 2018 /home/travis/build/icyphy/ptII/ptolemy/domains/de/test/auto/VariableDelayZeroDelay2.xml
----------------- Instantiating /home/travis/build/icyphy/ptII/ptolemy/domains/de/test/auto/VariableDelayZeroDelay2.xml
2 ms. Memory: 537600K Free: 288431K (54%)
----------------- Invoking toplevel() on ptolemy.moml.MoMLSimpleApplication@4e416c40
----------------- Done invoking toplevel() on ptolemy.moml.MoMLSimpleApplication@4e416c40
reloadAllAccessors: .VariableDelayZeroDelay2

===========================================================================================
----------------- testing Fri Jun 01 21:50:42 UTC 2018 /home/travis/build/icyphy/ptII/ptolemy/domains/de/test/auto/deInCt.xml
----------------- Instantiating /home/travis/build/icyphy/ptII/ptolemy/domains/de/test/auto/deInCt.xml
0
1
1
1
1
0
0
1
1
1
0
0
0
1
1
1
0
0
0
0
0
0
1
1
1
1
1
0
0
0
5 ms. Memory: 537600K Free: 278855K (52%)
----------------- Invoking toplevel() on ptolemy.moml.MoMLSimpleApplication@2e61a0e
----------------- Done invoking toplevel() on ptolemy.moml.MoMLSimpleApplication@2e61a0e
reloadAllAccessors: .deInCt

===========================================================================================
----------------- testing Fri Jun 01 21:50:42 UTC 2018 /home/travis/build/icyphy/ptII/ptolemy/domains/de/test/auto/deInCt2.xml
----------------- Instantiating /home/travis/build/icyphy/ptII/ptolemy/domains/de/test/auto/deInCt2.xml
0
1
1
1
0
0
1
1
1
0
0
1
1
1
0
0
1
1
1
0
0
1
1
1
0
0
1
1
1
0
0
1
1
1
0
0
1
1
1
0
0
0
4 ms. Memory: 537600K Free: 269279K (50%)
----------------- Invoking toplevel() on ptolemy.moml.MoMLSimpleApplication@1fb51735
----------------- Done invoking toplevel() on ptolemy.moml.MoMLSimpleApplication@1fb51735
reloadAllAccessors: .deInCt2

===========================================================================================
----------------- testing Fri Jun 01 21:50:42 UTC 2018 /home/travis/build/icyphy/ptII/ptolemy/domains/de/test/auto/dynamicCausalityInterface1.xml
----------------- Instantiating /home/travis/build/icyphy/ptII/ptolemy/domains/de/test/auto/dynamicCausalityInterface1.xml
1 ms. Memory: 537600K Free: 250640K (47%)
----------------- Invoking toplevel() on ptolemy.moml.MoMLSimpleApplication@19196f41
----------------- Done invoking toplevel() on ptolemy.moml.MoMLSimpleApplication@19196f41
reloadAllAccessors: .dynamicCausalityInterface1

===========================================================================================
----------------- testing Fri Jun 01 21:50:42 UTC 2018 /home/travis/build/icyphy/ptII/ptolemy/domains/de/test/auto/fsm_de_test.xml
----------------- Instantiating /home/travis/build/icyphy/ptII/ptolemy/domains/de/test/auto/fsm_de_test.xml
5 ms. Memory: 537600K Free: 236543K (44%)
----------------- Invoking toplevel() on ptolemy.moml.MoMLSimpleApplication@6e184541
----------------- Done invoking toplevel() on ptolemy.moml.MoMLSimpleApplication@6e184541
reloadAllAccessors: .fsm_de_test

===========================================================================================
----------------- testing Fri Jun 01 21:50:42 UTC 2018 /home/travis/build/icyphy/ptII/ptolemy/domains/de/test/auto/functionDependencyReconstruction.xml
----------------- Instantiating /home/travis/build/icyphy/ptII/ptolemy/domains/de/test/auto/functionDependencyReconstruction.xml
1 ms. Memory: 537600K Free: 212843K (40%)
----------------- Invoking toplevel() on ptolemy.moml.MoMLSimpleApplication@3808ef27
----------------- Done invoking toplevel() on ptolemy.moml.MoMLSimpleApplication@3808ef27
reloadAllAccessors: .functionDependencyReconstruction

===========================================================================================
----------------- testing Fri Jun 01 21:50:42 UTC 2018 /home/travis/build/icyphy/ptII/ptolemy/domains/de/test/auto/multirate.xml
----------------- Instantiating /home/travis/build/icyphy/ptII/ptolemy/domains/de/test/auto/multirate.xml
5 ms. Memory: 537600K Free: 198751K (37%)
----------------- Invoking toplevel() on ptolemy.moml.MoMLSimpleApplication@763470b9
----------------- Done invoking toplevel() on ptolemy.moml.MoMLSimpleApplication@763470b9
reloadAllAccessors: .multirate

===========================================================================================
----------------- testing Fri Jun 01 21:50:42 UTC 2018 /home/travis/build/icyphy/ptII/ptolemy/domains/de/test/auto/multirate2.xml
----------------- Instantiating /home/travis/build/icyphy/ptII/ptolemy/domains/de/test/auto/multirate2.xml
3 ms. Memory: 537600K Free: 184643K (34%)
----------------- Invoking toplevel() on ptolemy.moml.MoMLSimpleApplication@276993d9
----------------- Done invoking toplevel() on ptolemy.moml.MoMLSimpleApplication@276993d9
reloadAllAccessors: .multirate2

===========================================================================================
----------------- testing Fri Jun 01 21:50:42 UTC 2018 /home/travis/build/icyphy/ptII/ptolemy/domains/de/test/auto/realtime.xml
----------------- Instantiating /home/travis/build/icyphy/ptII/ptolemy/domains/de/test/auto/realtime.xml
10002 ms. Memory: 537600K Free: 175067K (33%)
----------------- Invoking toplevel() on ptolemy.moml.MoMLSimpleApplication@52a40367
----------------- Done invoking toplevel() on ptolemy.moml.MoMLSimpleApplication@52a40367
reloadAllAccessors: .realtime

===========================================================================================
----------------- testing Fri Jun 01 21:50:52 UTC 2018 /home/travis/build/icyphy/ptII/ptolemy/domains/de/test/auto/relationGroup.xml
----------------- Instantiating /home/travis/build/icyphy/ptII/ptolemy/domains/de/test/auto/relationGroup.xml
2 ms. Memory: 537600K Free: 165491K (31%)
----------------- Invoking toplevel() on ptolemy.moml.MoMLSimpleApplication@2fe2d320
----------------- Done invoking toplevel() on ptolemy.moml.MoMLSimpleApplication@2fe2d320
reloadAllAccessors: .relationGroup

===========================================================================================
----------------- testing Fri Jun 01 21:50:52 UTC 2018 /home/travis/build/icyphy/ptII/ptolemy/domains/de/test/auto/relationGroup2.xml
----------------- Instantiating /home/travis/build/icyphy/ptII/ptolemy/domains/de/test/auto/relationGroup2.xml
1 ms. Memory: 537600K Free: 155915K (29%)
----------------- Invoking toplevel() on ptolemy.moml.MoMLSimpleApplication@792646bd
----------------- Done invoking toplevel() on ptolemy.moml.MoMLSimpleApplication@792646bd
reloadAllAccessors: .relationGroup2

===========================================================================================
----------------- testing Fri Jun 01 21:50:52 UTC 2018 /home/travis/build/icyphy/ptII/ptolemy/domains/de/test/auto/sortWithOpaquePorts.xml
----------------- Instantiating /home/travis/build/icyphy/ptII/ptolemy/domains/de/test/auto/sortWithOpaquePorts.xml
1 ms. Memory: 537600K Free: 146339K (27%)
----------------- Invoking toplevel() on ptolemy.moml.MoMLSimpleApplication@634f1153
----------------- Done invoking toplevel() on ptolemy.moml.MoMLSimpleApplication@634f1153
reloadAllAccessors: .sortWithOpaquePorts

===========================================================================================
----------------- testing Fri Jun 01 21:50:52 UTC 2018 /home/travis/build/icyphy/ptII/ptolemy/domains/de/test/auto/transferInputsandOutputs.xml
----------------- Instantiating /home/travis/build/icyphy/ptII/ptolemy/domains/de/test/auto/transferInputsandOutputs.xml
1 ms. Memory: 537600K Free: 132248K (25%)
----------------- Invoking toplevel() on ptolemy.moml.MoMLSimpleApplication@1f81be90
----------------- Done invoking toplevel() on ptolemy.moml.MoMLSimpleApplication@1f81be90
reloadAllAccessors: .transferInputsandOutputs

===========================================================================================
----------------- testing Fri Jun 01 21:50:52 UTC 2018 /home/travis/build/icyphy/ptII/ptolemy/domains/de/test/auto/triggerType.xml
----------------- Instantiating /home/travis/build/icyphy/ptII/ptolemy/domains/de/test/auto/triggerType.xml
1 ms. Memory: 537600K Free: 122672K (23%)
----------------- Invoking toplevel() on ptolemy.moml.MoMLSimpleApplication@486e45e6
----------------- Done invoking toplevel() on ptolemy.moml.MoMLSimpleApplication@486e45e6
reloadAllAccessors: .triggerType
AutoTests.java: About to close Vertx.
AutoTests.java: Vertx closed.
]]></system-out>
  <system-err><![CDATA[java.lang.RuntimeException: Execution failed
	at ptolemy.moml.MoMLSimpleApplication$UnloadThread.run(MoMLSimpleApplication.java:402)
Caused by: ptolemy.kernel.util.IllegalActionException: Found a zero delay loop containing .dependencyLoop.original
  in .dependencyLoop and .dependencyLoop.original
	at ptolemy.actor.util.CausalityInterfaceForComposites._computeOutputPortDepth(CausalityInterfaceForComposites.java:759)
	at ptolemy.actor.util.CausalityInterfaceForComposites._computeInputDepth(CausalityInterfaceForComposites.java:696)
	at ptolemy.actor.util.CausalityInterfaceForComposites._computeOutputPortDepth(CausalityInterfaceForComposites.java:765)
	at ptolemy.actor.util.CausalityInterfaceForComposites._computeInputDepth(CausalityInterfaceForComposites.java:696)
	at ptolemy.actor.util.CausalityInterfaceForComposites._computeOutputPortDepth(CausalityInterfaceForComposites.java:765)
	at ptolemy.actor.util.CausalityInterfaceForComposites._computeInputDepth(CausalityInterfaceForComposites.java:696)
	at ptolemy.actor.util.CausalityInterfaceForComposites._computeActorDepth(CausalityInterfaceForComposites.java:532)
	at ptolemy.actor.util.CausalityInterfaceForComposites.checkForCycles(CausalityInterfaceForComposites.java:96)
	at ptolemy.domains.de.kernel.DEDirector.preinitialize(DEDirector.java:1337)
	at ptolemy.actor.CompositeActor.preinitialize(CompositeActor.java:1828)
	at ptolemy.actor.Manager.preinitializeAndResolveTypes(Manager.java:1040)
	at ptolemy.actor.Manager.initialize(Manager.java:710)
	at ptolemy.actor.Manager.execute(Manager.java:356)
	at ptolemy.actor.Manager.run(Manager.java:1263)
	at ptolemy.actor.Manager$PtolemyRunThread.run(Manager.java:1915)
java.lang.RuntimeException: Execution failed
	at ptolemy.moml.MoMLSimpleApplication$UnloadThread.run(MoMLSimpleApplication.java:402)
Caused by: ptolemy.kernel.util.IllegalActionException: Found a zero delay loop containing .dependencyLoop2.original
  in .dependencyLoop2 and .dependencyLoop2.original
	at ptolemy.actor.util.CausalityInterfaceForComposites._computeOutputPortDepth(CausalityInterfaceForComposites.java:759)
	at ptolemy.actor.util.CausalityInterfaceForComposites._computeInputDepth(CausalityInterfaceForComposites.java:696)
	at ptolemy.actor.util.CausalityInterfaceForComposites._computeOutputPortDepth(CausalityInterfaceForComposites.java:765)
	at ptolemy.actor.util.CausalityInterfaceForComposites._computeInputDepth(CausalityInterfaceForComposites.java:696)
	at ptolemy.actor.util.CausalityInterfaceForComposites._computeOutputPortDepth(CausalityInterfaceForComposites.java:765)
	at ptolemy.actor.util.CausalityInterfaceForComposites._computeInputDepth(CausalityInterfaceForComposites.java:696)
	at ptolemy.actor.util.CausalityInterfaceForComposites._computeActorDepth(CausalityInterfaceForComposites.java:532)
	at ptolemy.actor.util.CausalityInterfaceForComposites.checkForCycles(CausalityInterfaceForComposites.java:96)
	at ptolemy.domains.de.kernel.DEDirector.preinitialize(DEDirector.java:1337)
	at ptolemy.actor.CompositeActor.preinitialize(CompositeActor.java:1828)
	at ptolemy.actor.Manager.preinitializeAndResolveTypes(Manager.java:1040)
	at ptolemy.actor.Manager.initialize(Manager.java:710)
	at ptolemy.actor.Manager.execute(Manager.java:356)
	at ptolemy.actor.Manager.run(Manager.java:1263)
	at ptolemy.actor.Manager$PtolemyRunThread.run(Manager.java:1915)
java.lang.RuntimeException: Execution failed
	at ptolemy.moml.MoMLSimpleApplication$UnloadThread.run(MoMLSimpleApplication.java:402)
Caused by: ptolemy.kernel.util.IllegalActionException: Found a zero delay loop containing .dependencyLoop.original
  in .dependencyLoop and .dependencyLoop.original
	at ptolemy.actor.util.CausalityInterfaceForComposites._computeOutputPortDepth(CausalityInterfaceForComposites.java:759)
	at ptolemy.actor.util.CausalityInterfaceForComposites._computeInputDepth(CausalityInterfaceForComposites.java:696)
	at ptolemy.actor.util.CausalityInterfaceForComposites._computeOutputPortDepth(CausalityInterfaceForComposites.java:765)
	at ptolemy.actor.util.CausalityInterfaceForComposites._computeInputDepth(CausalityInterfaceForComposites.java:696)
	at ptolemy.actor.util.CausalityInterfaceForComposites._computeOutputPortDepth(CausalityInterfaceForComposites.java:765)
	at ptolemy.actor.util.CausalityInterfaceForComposites._computeInputDepth(CausalityInterfaceForComposites.java:696)
	at ptolemy.actor.util.CausalityInterfaceForComposites._computeActorDepth(CausalityInterfaceForComposites.java:532)
	at ptolemy.actor.util.CausalityInterfaceForComposites.checkForCycles(CausalityInterfaceForComposites.java:96)
	at ptolemy.domains.de.kernel.DEDirector.preinitialize(DEDirector.java:1337)
	at ptolemy.actor.CompositeActor.preinitialize(CompositeActor.java:1828)
	at ptolemy.actor.Manager.preinitializeAndResolveTypes(Manager.java:1040)
	at ptolemy.actor.Manager.initialize(Manager.java:710)
	at ptolemy.actor.Manager.execute(Manager.java:356)
	at ptolemy.actor.Manager.run(Manager.java:1263)
	at ptolemy.actor.Manager$PtolemyRunThread.run(Manager.java:1915)
java.lang.RuntimeException: Execution failed
	at ptolemy.moml.MoMLSimpleApplication$UnloadThread.run(MoMLSimpleApplication.java:402)
Caused by: ptolemy.kernel.util.IllegalActionException: Actor is not ready to fire.  Perhaps UpSample.prefire() returned false? Try debugging the actor by selecting "Listen to Actor".  Also, for SDF check moml for tokenConsumptionRate on input.
  in .DESDFClockTest.Play Bell.Copy1:SDF Director and .DESDFClockTest.Play Bell.UpSample
	at ptolemy.actor.sched.StaticSchedulingDirector.fire(StaticSchedulingDirector.java:227)
	at ptolemy.domains.sdf.kernel.SDFDirector.fire(SDFDirector.java:500)
	at ptolemy.actor.CompositeActor.fire(CompositeActor.java:455)
	at ptolemy.domains.de.kernel.DEDirector._fire(DEDirector.java:1948)
	at ptolemy.domains.de.kernel.DEDirector.fire(DEDirector.java:502)
	at ptolemy.actor.CompositeActor.fire(CompositeActor.java:455)
	at ptolemy.actor.Manager.iterate(Manager.java:851)
	at ptolemy.actor.Manager.execute(Manager.java:369)
	at ptolemy.actor.Manager.run(Manager.java:1263)
	at ptolemy.actor.Manager$PtolemyRunThread.run(Manager.java:1915)
java.lang.RuntimeException: Execution failed
	at ptolemy.moml.MoMLSimpleApplication$UnloadThread.run(MoMLSimpleApplication.java:402)
Caused by: ptolemy.kernel.util.IllegalActionException: Found a zero delay loop containing .dependencyLoop2.original
  in .dependencyLoop2 and .dependencyLoop2.original
	at ptolemy.actor.util.CausalityInterfaceForComposites._computeOutputPortDepth(CausalityInterfaceForComposites.java:759)
	at ptolemy.actor.util.CausalityInterfaceForComposites._computeInputDepth(CausalityInterfaceForComposites.java:696)
	at ptolemy.actor.util.CausalityInterfaceForComposites._computeOutputPortDepth(CausalityInterfaceForComposites.java:765)
	at ptolemy.actor.util.CausalityInterfaceForComposites._computeInputDepth(CausalityInterfaceForComposites.java:696)
	at ptolemy.actor.util.CausalityInterfaceForComposites._computeOutputPortDepth(CausalityInterfaceForComposites.java:765)
	at ptolemy.actor.util.CausalityInterfaceForComposites._computeInputDepth(CausalityInterfaceForComposites.java:696)
	at ptolemy.actor.util.CausalityInterfaceForComposites._computeActorDepth(CausalityInterfaceForComposites.java:532)
	at ptolemy.actor.util.CausalityInterfaceForComposites.checkForCycles(CausalityInterfaceForComposites.java:96)
	at ptolemy.domains.de.kernel.DEDirector.preinitialize(DEDirector.java:1337)
	at ptolemy.actor.CompositeActor.preinitialize(CompositeActor.java:1828)
	at ptolemy.actor.Manager.preinitializeAndResolveTypes(Manager.java:1040)
	at ptolemy.actor.Manager.initialize(Manager.java:710)
	at ptolemy.actor.Manager.execute(Manager.java:356)
	at ptolemy.actor.Manager.run(Manager.java:1263)
	at ptolemy.actor.Manager$PtolemyRunThread.run(Manager.java:1915)
java.lang.RuntimeException: Execution failed
	at ptolemy.moml.MoMLSimpleApplication$UnloadThread.run(MoMLSimpleApplication.java:402)
Caused by: ptolemy.kernel.util.IllegalActionException: Found a zero delay loop containing .HierarchicalModel.A
  in .HierarchicalModel and .HierarchicalModel.A
	at ptolemy.actor.util.CausalityInterfaceForComposites._computeOutputPortDepth(CausalityInterfaceForComposites.java:759)
	at ptolemy.actor.util.CausalityInterfaceForComposites._computeInputDepth(CausalityInterfaceForComposites.java:696)
	at ptolemy.actor.util.CausalityInterfaceForComposites._computeOutputPortDepth(CausalityInterfaceForComposites.java:765)
	at ptolemy.actor.util.CausalityInterfaceForComposites._computeInputDepth(CausalityInterfaceForComposites.java:696)
	at ptolemy.actor.util.CausalityInterfaceForComposites._computeOutputPortDepth(CausalityInterfaceForComposites.java:765)
	at ptolemy.actor.util.CausalityInterfaceForComposites._computeInputDepth(CausalityInterfaceForComposites.java:696)
	at ptolemy.actor.util.CausalityInterfaceForComposites._computeActorDepth(CausalityInterfaceForComposites.java:532)
	at ptolemy.actor.util.CausalityInterfaceForComposites.checkForCycles(CausalityInterfaceForComposites.java:96)
	at ptolemy.domains.de.kernel.DEDirector.preinitialize(DEDirector.java:1337)
	at ptolemy.actor.CompositeActor.preinitialize(CompositeActor.java:1828)
	at ptolemy.actor.Manager.preinitializeAndResolveTypes(Manager.java:1040)
	at ptolemy.actor.Manager.initialize(Manager.java:710)
	at ptolemy.actor.Manager.execute(Manager.java:356)
	at ptolemy.actor.Manager.run(Manager.java:1263)
	at ptolemy.actor.Manager$PtolemyRunThread.run(Manager.java:1915)
java.lang.RuntimeException: Execution failed
	at ptolemy.moml.MoMLSimpleApplication$UnloadThread.run(MoMLSimpleApplication.java:402)
Caused by: ptolemy.kernel.util.IllegalActionException: Test fails in iteration 1.
Value was: 1.0. Should have been: 2.0
  in .DirectFeedback.Test
	at ptolemy.actor.lib.Test.fire(Test.java:268)
	at ptolemy.domains.de.kernel.DEDirector._fire(DEDirector.java:1948)
	at ptolemy.domains.de.kernel.DEDirector.fire(DEDirector.java:502)
	at ptolemy.actor.CompositeActor.fire(CompositeActor.java:455)
	at ptolemy.actor.Manager.iterate(Manager.java:851)
	at ptolemy.actor.Manager.execute(Manager.java:369)
	at ptolemy.actor.Manager.run(Manager.java:1263)
	at ptolemy.actor.Manager$PtolemyRunThread.run(Manager.java:1915)
java.lang.RuntimeException: Execution failed
	at ptolemy.moml.MoMLSimpleApplication$UnloadThread.run(MoMLSimpleApplication.java:402)
Caused by: ptolemy.kernel.util.IllegalActionException: Actor is not ready to fire.  Perhaps UpSample.prefire() returned false? Try debugging the actor by selecting "Listen to Actor".  Also, for SDF check moml for tokenConsumptionRate on input.
  in .DESDFClockTest.Play Bell.Copy1:SDF Director and .DESDFClockTest.Play Bell.UpSample
	at ptolemy.actor.sched.StaticSchedulingDirector.fire(StaticSchedulingDirector.java:227)
	at ptolemy.domains.sdf.kernel.SDFDirector.fire(SDFDirector.java:500)
	at ptolemy.actor.CompositeActor.fire(CompositeActor.java:455)
	at ptolemy.domains.de.kernel.DEDirector._fire(DEDirector.java:1948)
	at ptolemy.domains.de.kernel.DEDirector.fire(DEDirector.java:502)
	at ptolemy.actor.CompositeActor.fire(CompositeActor.java:455)
	at ptolemy.actor.Manager.iterate(Manager.java:851)
	at ptolemy.actor.Manager.execute(Manager.java:369)
	at ptolemy.actor.Manager.run(Manager.java:1263)
	at ptolemy.actor.Manager$PtolemyRunThread.run(Manager.java:1915)
java.lang.reflect.InvocationTargetException
	at sun.reflect.NativeConstructorAccessorImpl.newInstance0(Native Method)
	at sun.reflect.NativeConstructorAccessorImpl.newInstance(NativeConstructorAccessorImpl.java:62)
	at sun.reflect.DelegatingConstructorAccessorImpl.newInstance(DelegatingConstructorAccessorImpl.java:45)
	at java.lang.reflect.Constructor.newInstance(Constructor.java:423)
	at ptolemy.util.test.junit.AutoKnownFailedTests.RunModel(AutoKnownFailedTests.java:107)
	at sun.reflect.NativeMethodAccessorImpl.invoke0(Native Method)
	at sun.reflect.NativeMethodAccessorImpl.invoke(NativeMethodAccessorImpl.java:62)
	at sun.reflect.DelegatingMethodAccessorImpl.invoke(DelegatingMethodAccessorImpl.java:43)
	at java.lang.reflect.Method.invoke(Method.java:498)
	at org.junit.runners.model.FrameworkMethod$1.runReflectiveCall(FrameworkMethod.java:44)
	at org.junit.internal.runners.model.ReflectiveCallable.run(ReflectiveCallable.java:15)
	at org.junit.runners.model.FrameworkMethod.invokeExplosively(FrameworkMethod.java:41)
	at junitparams.internal.InvokeParameterisedMethod.evaluate(InvokeParameterisedMethod.java:102)
	at org.junit.internal.runners.statements.FailOnTimeout$1.run(FailOnTimeout.java:28)
Caused by: ptolemy.kernel.util.IllegalActionException: Actor is not ready to fire.  Perhaps UpSample.prefire() returned false? Try debugging the actor by selecting "Listen to Actor".  Also, for SDF check moml for tokenConsumptionRate on input.
  in .DESDFClockTest.Play Bell.Copy1:SDF Director and .DESDFClockTest.Play Bell.UpSample
	at ptolemy.actor.sched.StaticSchedulingDirector.fire(StaticSchedulingDirector.java:227)
	at ptolemy.domains.sdf.kernel.SDFDirector.fire(SDFDirector.java:500)
	at ptolemy.actor.CompositeActor.fire(CompositeActor.java:455)
	at ptolemy.domains.de.kernel.DEDirector._fire(DEDirector.java:1948)
	at ptolemy.domains.de.kernel.DEDirector.fire(DEDirector.java:502)
	at ptolemy.actor.CompositeActor.fire(CompositeActor.java:455)
	at ptolemy.actor.Manager.iterate(Manager.java:851)
	at ptolemy.actor.Manager.execute(Manager.java:369)
	at ptolemy.actor.Manager.run(Manager.java:1263)
	at ptolemy.actor.Manager$PtolemyRunThread.run(Manager.java:1915)
java.lang.RuntimeException: Execution failed
	at ptolemy.moml.MoMLSimpleApplication$UnloadThread.run(MoMLSimpleApplication.java:402)
Caused by: ptolemy.kernel.util.IllegalActionException: Test fails in iteration 1.
Value was: 1.0. Should have been: 2.0
  in .DirectFeedback.Test
	at ptolemy.actor.lib.Test.fire(Test.java:268)
	at ptolemy.domains.de.kernel.DEDirector._fire(DEDirector.java:1948)
	at ptolemy.domains.de.kernel.DEDirector.fire(DEDirector.java:502)
	at ptolemy.actor.CompositeActor.fire(CompositeActor.java:455)
	at ptolemy.actor.Manager.iterate(Manager.java:851)
	at ptolemy.actor.Manager.execute(Manager.java:369)
	at ptolemy.actor.Manager.run(Manager.java:1263)
	at ptolemy.actor.Manager$PtolemyRunThread.run(Manager.java:1915)
java.lang.reflect.InvocationTargetException
	at sun.reflect.NativeConstructorAccessorImpl.newInstance0(Native Method)
	at sun.reflect.NativeConstructorAccessorImpl.newInstance(NativeConstructorAccessorImpl.java:62)
	at sun.reflect.DelegatingConstructorAccessorImpl.newInstance(DelegatingConstructorAccessorImpl.java:45)
	at java.lang.reflect.Constructor.newInstance(Constructor.java:423)
	at ptolemy.util.test.junit.AutoKnownFailedTests.RunModel(AutoKnownFailedTests.java:107)
	at sun.reflect.NativeMethodAccessorImpl.invoke0(Native Method)
	at sun.reflect.NativeMethodAccessorImpl.invoke(NativeMethodAccessorImpl.java:62)
	at sun.reflect.DelegatingMethodAccessorImpl.invoke(DelegatingMethodAccessorImpl.java:43)
	at java.lang.reflect.Method.invoke(Method.java:498)
	at org.junit.runners.model.FrameworkMethod$1.runReflectiveCall(FrameworkMethod.java:44)
	at org.junit.internal.runners.model.ReflectiveCallable.run(ReflectiveCallable.java:15)
	at org.junit.runners.model.FrameworkMethod.invokeExplosively(FrameworkMethod.java:41)
	at junitparams.internal.InvokeParameterisedMethod.evaluate(InvokeParameterisedMethod.java:102)
	at org.junit.internal.runners.statements.FailOnTimeout$1.run(FailOnTimeout.java:28)
Caused by: ptolemy.kernel.util.IllegalActionException: Test fails in iteration 1.
Value was: 1.0. Should have been: 2.0
  in .DirectFeedback.Test
	at ptolemy.actor.lib.Test.fire(Test.java:268)
	at ptolemy.domains.de.kernel.DEDirector._fire(DEDirector.java:1948)
	at ptolemy.domains.de.kernel.DEDirector.fire(DEDirector.java:502)
	at ptolemy.actor.CompositeActor.fire(CompositeActor.java:455)
	at ptolemy.actor.Manager.iterate(Manager.java:851)
	at ptolemy.actor.Manager.execute(Manager.java:369)
	at ptolemy.actor.Manager.run(Manager.java:1263)
	at ptolemy.actor.Manager$PtolemyRunThread.run(Manager.java:1915)
java.lang.RuntimeException: Execution failed
	at ptolemy.moml.MoMLSimpleApplication$UnloadThread.run(MoMLSimpleApplication.java:402)
Caused by: ptolemy.kernel.util.IllegalActionException: Found a zero delay loop containing .HierarchicalModel.A
  in .HierarchicalModel and .HierarchicalModel.A
	at ptolemy.actor.util.CausalityInterfaceForComposites._computeOutputPortDepth(CausalityInterfaceForComposites.java:759)
	at ptolemy.actor.util.CausalityInterfaceForComposites._computeInputDepth(CausalityInterfaceForComposites.java:696)
	at ptolemy.actor.util.CausalityInterfaceForComposites._computeOutputPortDepth(CausalityInterfaceForComposites.java:765)
	at ptolemy.actor.util.CausalityInterfaceForComposites._computeInputDepth(CausalityInterfaceForComposites.java:696)
	at ptolemy.actor.util.CausalityInterfaceForComposites._computeOutputPortDepth(CausalityInterfaceForComposites.java:765)
	at ptolemy.actor.util.CausalityInterfaceForComposites._computeInputDepth(CausalityInterfaceForComposites.java:696)
	at ptolemy.actor.util.CausalityInterfaceForComposites._computeActorDepth(CausalityInterfaceForComposites.java:532)
	at ptolemy.actor.util.CausalityInterfaceForComposites.checkForCycles(CausalityInterfaceForComposites.java:96)
	at ptolemy.domains.de.kernel.DEDirector.preinitialize(DEDirector.java:1337)
	at ptolemy.actor.CompositeActor.preinitialize(CompositeActor.java:1828)
	at ptolemy.actor.Manager.preinitializeAndResolveTypes(Manager.java:1040)
	at ptolemy.actor.Manager.initialize(Manager.java:710)
	at ptolemy.actor.Manager.execute(Manager.java:356)
	at ptolemy.actor.Manager.run(Manager.java:1263)
	at ptolemy.actor.Manager$PtolemyRunThread.run(Manager.java:1915)
java.lang.reflect.InvocationTargetException
	at sun.reflect.NativeConstructorAccessorImpl.newInstance0(Native Method)
	at sun.reflect.NativeConstructorAccessorImpl.newInstance(NativeConstructorAccessorImpl.java:62)
	at sun.reflect.DelegatingConstructorAccessorImpl.newInstance(DelegatingConstructorAccessorImpl.java:45)
	at java.lang.reflect.Constructor.newInstance(Constructor.java:423)
	at ptolemy.util.test.junit.AutoKnownFailedTests.RunModel(AutoKnownFailedTests.java:107)
	at sun.reflect.NativeMethodAccessorImpl.invoke0(Native Method)
	at sun.reflect.NativeMethodAccessorImpl.invoke(NativeMethodAccessorImpl.java:62)
	at sun.reflect.DelegatingMethodAccessorImpl.invoke(DelegatingMethodAccessorImpl.java:43)
	at java.lang.reflect.Method.invoke(Method.java:498)
	at org.junit.runners.model.FrameworkMethod$1.runReflectiveCall(FrameworkMethod.java:44)
	at org.junit.internal.runners.model.ReflectiveCallable.run(ReflectiveCallable.java:15)
	at org.junit.runners.model.FrameworkMethod.invokeExplosively(FrameworkMethod.java:41)
	at junitparams.internal.InvokeParameterisedMethod.evaluate(InvokeParameterisedMethod.java:102)
	at org.junit.internal.runners.statements.FailOnTimeout$1.run(FailOnTimeout.java:28)
Caused by: ptolemy.kernel.util.IllegalActionException: Found a zero delay loop containing .HierarchicalModel.A
  in .HierarchicalModel and .HierarchicalModel.A
	at ptolemy.actor.util.CausalityInterfaceForComposites._computeOutputPortDepth(CausalityInterfaceForComposites.java:759)
	at ptolemy.actor.util.CausalityInterfaceForComposites._computeInputDepth(CausalityInterfaceForComposites.java:696)
	at ptolemy.actor.util.CausalityInterfaceForComposites._computeOutputPortDepth(CausalityInterfaceForComposites.java:765)
	at ptolemy.actor.util.CausalityInterfaceForComposites._computeInputDepth(CausalityInterfaceForComposites.java:696)
	at ptolemy.actor.util.CausalityInterfaceForComposites._computeOutputPortDepth(CausalityInterfaceForComposites.java:765)
	at ptolemy.actor.util.CausalityInterfaceForComposites._computeInputDepth(CausalityInterfaceForComposites.java:696)
	at ptolemy.actor.util.CausalityInterfaceForComposites._computeActorDepth(CausalityInterfaceForComposites.java:532)
	at ptolemy.actor.util.CausalityInterfaceForComposites.checkForCycles(CausalityInterfaceForComposites.java:96)
	at ptolemy.domains.de.kernel.DEDirector.preinitialize(DEDirector.java:1337)
	at ptolemy.actor.CompositeActor.preinitialize(CompositeActor.java:1828)
	at ptolemy.actor.Manager.preinitializeAndResolveTypes(Manager.java:1040)
	at ptolemy.actor.Manager.initialize(Manager.java:710)
	at ptolemy.actor.Manager.execute(Manager.java:356)
	at ptolemy.actor.Manager.run(Manager.java:1263)
	at ptolemy.actor.Manager$PtolemyRunThread.run(Manager.java:1915)
java.lang.RuntimeException: Execution failed
	at ptolemy.moml.MoMLSimpleApplication$UnloadThread.run(MoMLSimpleApplication.java:402)
Caused by: ptolemy.kernel.util.IllegalActionException: Found a zero delay loop containing .dependencyLoop.original
  in .dependencyLoop and .dependencyLoop.original
	at ptolemy.actor.util.CausalityInterfaceForComposites._computeOutputPortDepth(CausalityInterfaceForComposites.java:759)
	at ptolemy.actor.util.CausalityInterfaceForComposites._computeInputDepth(CausalityInterfaceForComposites.java:696)
	at ptolemy.actor.util.CausalityInterfaceForComposites._computeOutputPortDepth(CausalityInterfaceForComposites.java:765)
	at ptolemy.actor.util.CausalityInterfaceForComposites._computeInputDepth(CausalityInterfaceForComposites.java:696)
	at ptolemy.actor.util.CausalityInterfaceForComposites._computeOutputPortDepth(CausalityInterfaceForComposites.java:765)
	at ptolemy.actor.util.CausalityInterfaceForComposites._computeInputDepth(CausalityInterfaceForComposites.java:696)
	at ptolemy.actor.util.CausalityInterfaceForComposites._computeActorDepth(CausalityInterfaceForComposites.java:532)
	at ptolemy.actor.util.CausalityInterfaceForComposites.checkForCycles(CausalityInterfaceForComposites.java:96)
	at ptolemy.domains.de.kernel.DEDirector.preinitialize(DEDirector.java:1337)
	at ptolemy.actor.CompositeActor.preinitialize(CompositeActor.java:1828)
	at ptolemy.actor.Manager.preinitializeAndResolveTypes(Manager.java:1040)
	at ptolemy.actor.Manager.initialize(Manager.java:710)
	at ptolemy.actor.Manager.execute(Manager.java:356)
	at ptolemy.actor.Manager.run(Manager.java:1263)
	at ptolemy.actor.Manager$PtolemyRunThread.run(Manager.java:1915)
java.lang.reflect.InvocationTargetException
	at sun.reflect.NativeConstructorAccessorImpl.newInstance0(Native Method)
	at sun.reflect.NativeConstructorAccessorImpl.newInstance(NativeConstructorAccessorImpl.java:62)
	at sun.reflect.DelegatingConstructorAccessorImpl.newInstance(DelegatingConstructorAccessorImpl.java:45)
	at java.lang.reflect.Constructor.newInstance(Constructor.java:423)
	at ptolemy.util.test.junit.AutoKnownFailedTests.RunModel(AutoKnownFailedTests.java:107)
	at sun.reflect.NativeMethodAccessorImpl.invoke0(Native Method)
	at sun.reflect.NativeMethodAccessorImpl.invoke(NativeMethodAccessorImpl.java:62)
	at sun.reflect.DelegatingMethodAccessorImpl.invoke(DelegatingMethodAccessorImpl.java:43)
	at java.lang.reflect.Method.invoke(Method.java:498)
	at org.junit.runners.model.FrameworkMethod$1.runReflectiveCall(FrameworkMethod.java:44)
	at org.junit.internal.runners.model.ReflectiveCallable.run(ReflectiveCallable.java:15)
	at org.junit.runners.model.FrameworkMethod.invokeExplosively(FrameworkMethod.java:41)
	at junitparams.internal.InvokeParameterisedMethod.evaluate(InvokeParameterisedMethod.java:102)
	at org.junit.internal.runners.statements.FailOnTimeout$1.run(FailOnTimeout.java:28)
Caused by: ptolemy.kernel.util.IllegalActionException: Found a zero delay loop containing .dependencyLoop.original
  in .dependencyLoop and .dependencyLoop.original
	at ptolemy.actor.util.CausalityInterfaceForComposites._computeOutputPortDepth(CausalityInterfaceForComposites.java:759)
	at ptolemy.actor.util.CausalityInterfaceForComposites._computeInputDepth(CausalityInterfaceForComposites.java:696)
	at ptolemy.actor.util.CausalityInterfaceForComposites._computeOutputPortDepth(CausalityInterfaceForComposites.java:765)
	at ptolemy.actor.util.CausalityInterfaceForComposites._computeInputDepth(CausalityInterfaceForComposites.java:696)
	at ptolemy.actor.util.CausalityInterfaceForComposites._computeOutputPortDepth(CausalityInterfaceForComposites.java:765)
	at ptolemy.actor.util.CausalityInterfaceForComposites._computeInputDepth(CausalityInterfaceForComposites.java:696)
	at ptolemy.actor.util.CausalityInterfaceForComposites._computeActorDepth(CausalityInterfaceForComposites.java:532)
	at ptolemy.actor.util.CausalityInterfaceForComposites.checkForCycles(CausalityInterfaceForComposites.java:96)
	at ptolemy.domains.de.kernel.DEDirector.preinitialize(DEDirector.java:1337)
	at ptolemy.actor.CompositeActor.preinitialize(CompositeActor.java:1828)
	at ptolemy.actor.Manager.preinitializeAndResolveTypes(Manager.java:1040)
	at ptolemy.actor.Manager.initialize(Manager.java:710)
	at ptolemy.actor.Manager.execute(Manager.java:356)
	at ptolemy.actor.Manager.run(Manager.java:1263)
	at ptolemy.actor.Manager$PtolemyRunThread.run(Manager.java:1915)
java.lang.RuntimeException: Execution failed
	at ptolemy.moml.MoMLSimpleApplication$UnloadThread.run(MoMLSimpleApplication.java:402)
Caused by: ptolemy.kernel.util.IllegalActionException: Found a zero delay loop containing .dependencyLoop2.original
  in .dependencyLoop2 and .dependencyLoop2.original
	at ptolemy.actor.util.CausalityInterfaceForComposites._computeOutputPortDepth(CausalityInterfaceForComposites.java:759)
	at ptolemy.actor.util.CausalityInterfaceForComposites._computeInputDepth(CausalityInterfaceForComposites.java:696)
	at ptolemy.actor.util.CausalityInterfaceForComposites._computeOutputPortDepth(CausalityInterfaceForComposites.java:765)
	at ptolemy.actor.util.CausalityInterfaceForComposites._computeInputDepth(CausalityInterfaceForComposites.java:696)
	at ptolemy.actor.util.CausalityInterfaceForComposites._computeOutputPortDepth(CausalityInterfaceForComposites.java:765)
	at ptolemy.actor.util.CausalityInterfaceForComposites._computeInputDepth(CausalityInterfaceForComposites.java:696)
	at ptolemy.actor.util.CausalityInterfaceForComposites._computeActorDepth(CausalityInterfaceForComposites.java:532)
	at ptolemy.actor.util.CausalityInterfaceForComposites.checkForCycles(CausalityInterfaceForComposites.java:96)
	at ptolemy.domains.de.kernel.DEDirector.preinitialize(DEDirector.java:1337)
	at ptolemy.actor.CompositeActor.preinitialize(CompositeActor.java:1828)
	at ptolemy.actor.Manager.preinitializeAndResolveTypes(Manager.java:1040)
	at ptolemy.actor.Manager.initialize(Manager.java:710)
	at ptolemy.actor.Manager.execute(Manager.java:356)
	at ptolemy.actor.Manager.run(Manager.java:1263)
	at ptolemy.actor.Manager$PtolemyRunThread.run(Manager.java:1915)
java.lang.reflect.InvocationTargetException
	at sun.reflect.NativeConstructorAccessorImpl.newInstance0(Native Method)
	at sun.reflect.NativeConstructorAccessorImpl.newInstance(NativeConstructorAccessorImpl.java:62)
	at sun.reflect.DelegatingConstructorAccessorImpl.newInstance(DelegatingConstructorAccessorImpl.java:45)
	at java.lang.reflect.Constructor.newInstance(Constructor.java:423)
	at ptolemy.util.test.junit.AutoKnownFailedTests.RunModel(AutoKnownFailedTests.java:107)
	at sun.reflect.NativeMethodAccessorImpl.invoke0(Native Method)
	at sun.reflect.NativeMethodAccessorImpl.invoke(NativeMethodAccessorImpl.java:62)
	at sun.reflect.DelegatingMethodAccessorImpl.invoke(DelegatingMethodAccessorImpl.java:43)
	at java.lang.reflect.Method.invoke(Method.java:498)
	at org.junit.runners.model.FrameworkMethod$1.runReflectiveCall(FrameworkMethod.java:44)
	at org.junit.internal.runners.model.ReflectiveCallable.run(ReflectiveCallable.java:15)
	at org.junit.runners.model.FrameworkMethod.invokeExplosively(FrameworkMethod.java:41)
	at junitparams.internal.InvokeParameterisedMethod.evaluate(InvokeParameterisedMethod.java:102)
	at org.junit.internal.runners.statements.FailOnTimeout$1.run(FailOnTimeout.java:28)
Caused by: ptolemy.kernel.util.IllegalActionException: Found a zero delay loop containing .dependencyLoop2.original
  in .dependencyLoop2 and .dependencyLoop2.original
	at ptolemy.actor.util.CausalityInterfaceForComposites._computeOutputPortDepth(CausalityInterfaceForComposites.java:759)
	at ptolemy.actor.util.CausalityInterfaceForComposites._computeInputDepth(CausalityInterfaceForComposites.java:696)
	at ptolemy.actor.util.CausalityInterfaceForComposites._computeOutputPortDepth(CausalityInterfaceForComposites.java:765)
	at ptolemy.actor.util.CausalityInterfaceForComposites._computeInputDepth(CausalityInterfaceForComposites.java:696)
	at ptolemy.actor.util.CausalityInterfaceForComposites._computeOutputPortDepth(CausalityInterfaceForComposites.java:765)
	at ptolemy.actor.util.CausalityInterfaceForComposites._computeInputDepth(CausalityInterfaceForComposites.java:696)
	at ptolemy.actor.util.CausalityInterfaceForComposites._computeActorDepth(CausalityInterfaceForComposites.java:532)
	at ptolemy.actor.util.CausalityInterfaceForComposites.checkForCycles(CausalityInterfaceForComposites.java:96)
	at ptolemy.domains.de.kernel.DEDirector.preinitialize(DEDirector.java:1337)
	at ptolemy.actor.CompositeActor.preinitialize(CompositeActor.java:1828)
	at ptolemy.actor.Manager.preinitializeAndResolveTypes(Manager.java:1040)
	at ptolemy.actor.Manager.initialize(Manager.java:710)
	at ptolemy.actor.Manager.execute(Manager.java:356)
	at ptolemy.actor.Manager.run(Manager.java:1263)
	at ptolemy.actor.Manager$PtolemyRunThread.run(Manager.java:1915)
]]></system-err>
</testsuite>
