<?xml version="1.0" encoding="UTF-8" ?>
<testsuite errors="0" failures="0" hostname="travis-job-fcf96c45-8151-4341-aa03-2947ce2790dd" name="ptolemy.domains.de.test.junit.JUnitTclTest" skipped="0" tests="101" time="128.518" timestamp="2020-10-02T15:42:03">
  <properties>
    <property name="npm.executable" value="npm" />
    <property name="env.TRAVIS_ROOT" value="/" />
    <property name="ptII.mk.exists" value="true" />
    <property name="env.TRAVIS_APP_HOST" value="build.travis-ci.com" />
    <property name="env.rvm_bin_path" value="/home/travis/.rvm/bin" />
    <property name="java.home" value="/usr/local/lib/jvm/openjdk11" />
    <property name="env.TRAVIS_JOB_NUMBER" value="1784.9" />
    <property name="env.TRAVIS_HOME" value="/home/travis" />
    <property name="env.DISPLAY" value=":99.0" />
    <property name="env.TRAVIS_INIT" value="systemd" />
    <property name="env.SSH_TTY" value="/dev/pts/0" />
    <property name="java.net.preferIPv4Stack" value="true" />
    <property name="env.RUN_TESTS" value="true" />
    <property name="timeout.short" value="1000000" />
    <property name="junit.formatter" value="xml" />
    <property name="env.TRAVIS_SUDO" value="true" />
    <property name="env.TRAVIS_JOB_NAME" value="" />
    <property name="env.TRAVIS_STACK_NODE_ATTRIBUTES" value="/.node-attributes.yml" />
    <property name="env.LOGNAME" value="travis" />
    <property name="jsdoc.home" value="node_modules/@terraswarm/jsdoc" />
    <property name="debuglevel" value="source,lines,vars" />
    <property name="checkstyle.formatter" value="xml" />
    <property name="bin.vergil.makeable" value="true" />
    <property name="sun.os.patch.level" value="unknown" />
    <property name="java.vendor.url" value="http://java.oracle.com/" />
    <property name="env.TRAVIS_BUILD_WEB_URL" value="https://travis-ci.com/icyphy/ptII/builds/187861406" />
    <property name="java.version" value="11.0.2" />
    <property name="env.TZ" value="UTC" />
    <property name="env.TRAVIS_PULL_REQUEST_SHA" value="" />
    <property name="env.PT_NO_NET" value="true" />
    <property name="env.TRAVIS_SECURE_ENV_VARS" value="true" />
    <property name="java.vendor.url.bug" value="http://bugreport.java.com/bugreport/" />
    <property name="npmjs-org-is-up" value="true" />
    <property name="env.LANGUAGE" value="en_US.UTF-8" />
    <property name="env.SSH_CLIENT" value="10.16.0.10 40212 22" />
    <property name="env.GEM_HOME" value="/home/travis/.rvm/gems/ruby-2.5.3" />
    <property name="env.HAS_ANTARES_THREE_LITTLE_FRONZIES_BADGE" value="true" />
    <property name="java.version.date" value="2019-01-15" />
    <property name="env.PS4" value="+" />
    <property name="ant.project.invoked-targets" value="build,test.core2.xml" />
    <property name="env.TRAVIS_PULL_REQUEST_BRANCH" value="" />
    <property name="env.TRAVIS_REPO_SLUG" value="icyphy/ptII" />
    <property name="env.XDG_DATA_DIRS" value="/usr/local/share:/usr/share:/var/lib/snapd/desktop" />
    <property name="jdk.debug" value="release" />
    <property name="env.TRAVIS_APT_PROXY" value="http://build-cache.travisci.net" />
    <property name="env.TRAVIS_CPU_ARCH" value="amd64" />
    <property name="node.in.path" value="true" />
    <property name="user.name" value="travis" />
    <property name="java.maxmemory" value="1400m" />
    <property name="env.RUBY_VERSION" value="ruby-2.5.3" />
    <property name="env.LANG" value="en_US.UTF-8" />
    <property name="sun.io.unicode.encoding" value="UnicodeLittle" />
    <property name="sun.jnu.encoding" value="UTF-8" />
    <property name="java.runtime.name" value="OpenJDK Runtime Environment" />
    <property name="usefile" value="false" />
    <property name="return.code" value="0" />
    <property name="junit.single.formatter" value="plain" />
    <property name="env.DYLD_LIBRARY_PATH" value="/home/travis/pthla/certi-tools/lib:" />
    <property name="env.DEBIAN_FRONTEND" value="noninteractive" />
    <property name="env.SSH_CONNECTION" value="10.16.0.10 40212 10.30.0.3 22" />
    <property name="env.MYSQL_UNIX_PORT" value="/var/run/mysqld/mysqld.sock" />
    <property name="env.LC_ALL" value="en_US.UTF-8" />
    <property name="env.TRAVIS_ALLOW_FAILURE" value="" />
    <property name="env.TRAVIS_JOB_WEB_URL" value="https://travis-ci.com/icyphy/ptII/jobs/394286655" />
    <property name="java.specification.name" value="Java Platform API Specification" />
    <property name="node.works" value="true" />
    <property name="user.timezone" value="" />
    <property name="path.separator" value=":" />
    <property name="env.TRAVIS_ENABLE_INFRA_DETECTION" value="true" />
    <property name="env.PYTHON_CFLAGS" value="-g -fstack-protector --param=ssp-buffer-size=4 -Wformat -Werror=format-security" />
    <property name="timeout.long" value="4000000" />
    <property name="env.CERTI_HOME" value="/home/travis/pthla/certi-tools" />
    <property name="ant.file.ptII" value="/home/travis/build/icyphy/ptII/build.xml" />
    <property name="javadoc.packagenames" value="com.*,diva.*,lbnl.*,org.hlacerti.*,org.json.*,org.ptolemy.*,org.terraswarm.*,ptolemy.*,ptserver.*" />
    <property name="file.encoding" value="UTF-8" />
    <property name="env.TRAVIS_PULL_REQUEST_SLUG" value="" />
    <property name="ant.project.default-target" value="build" />
    <property name="env.GIT_ASKPASS" value="echo" />
    <property name="env.HOME" value="/home/travis" />
    <property name="sun.java.command" value="org.apache.tools.ant.taskdefs.optional.junit.JUnitTestRunner ptolemy.domains.de.test.junit.JUnitTclTest skipNonTests=false filtertrace=true haltOnError=false haltOnFailure=false formatter=org.apache.tools.ant.taskdefs.optional.junit.OutErrSummaryJUnitResultFormatter showoutput=true outputtoformatters=true logfailedtests=true threadid=0 logtestlistenerevents=false formatter=org.apache.tools.ant.taskdefs.optional.junit.XMLJUnitResultFormatter,/home/travis/build/icyphy/ptII/reports/junit/TEST-ptolemy.domains.de.test.junit.JUnitTclTest.xml crashfile=/home/travis/build/icyphy/ptII/junitvmwatcher4028514751989708446.properties propsfile=/home/travis/build/icyphy/ptII/junit2997445388800004338.properties" />
    <property name="env.COMPOSER_NO_INTERACTION" value="1" />
    <property name="env.MANPATH" value="/home/travis/.nvm/versions/node/v7.10.1/share/man:/home/travis/.rvm/rubies/ruby-2.5.3/share/man:/usr/local/cmake-3.12.4/man:/usr/local/clang-7.0.0/share/man:/usr/local/man:/usr/local/share/man:/usr/share/man:/home/travis/.rvm/man" />
    <property name="env.TRAVIS_TIMER_ID" value="10d0faf6" />
    <property name="ant.file" value="/home/travis/build/icyphy/ptII/build.xml" />
    <property name="env.TRAVIS_COMMIT_RANGE" value="3bb573e462e9b4151952318d01b7e361e9f419ad...74248200255084cca0f8d02e5ad09f36c0965423" />
    <property name="ptII.classpath.optional.property" value="/home/travis/build/icyphy/ptII/lib/bsh-2.0b4.jar:/home/travis/build/icyphy/ptII/lib/ptCal.jar:/home/travis/build/icyphy/ptII/lib/java_cup.jar:/home/travis/build/icyphy/ptII/lib/saxon8.jar:/home/travis/build/icyphy/ptII/lib/saxon8-dom.jar:/home/travis/build/icyphy/ptII/lib/chic.jar:/home/travis/build/icyphy/ptII/lib/ptcolt.jar:/home/travis/build/icyphy/ptII/vendors/misc/itext/iText.jar:/home/travis/build/icyphy/ptII/lib/g4ltl.jar:/home/travis/build/icyphy/ptII/lib/StructuralCoder.jar:/home/travis/build/icyphy/ptII/lib/jcerti.jar:/home/travis/build/icyphy/ptII/lib/javax.mail.jar:/home/travis/build/icyphy/ptII/vendors/JMF-2.1.1e/lib/jmf.jar:/home/travis/build/icyphy/ptII/lib/jna-4.0.0-variadic.jar:/home/travis/build/icyphy/ptII/vendors/misc/joystick/Joystick.jar:/home/travis/build/icyphy/ptII/lib/ptjacl.jar:/home/travis/build/icyphy/ptII/lib/jsoup-1.8.2.jar:/home/travis/build/icyphy/ptII/lib/junit-4.8.2.jar:/home/travis/build/icyphy/ptII/lib/JUnitParams-0.4.0.jar:/home/travis/build/icyphy/ptII/ptolemy/actor/lib/excel/jxl.jar:/home/travis/build/icyphy/ptII/lib/jython.jar:/home/travis/build/icyphy/ptII/lib/kieler.jar:/home/travis/build/icyphy/ptII/vendors/opencv/share/OpenCV/java/opencv-341.jar:/home/travis/build/icyphy/ptII/lib/oscP5.jar:/home/travis/build/icyphy/ptII/lib/nrjavaserial-3.11.0.devel.jar:/home/travis/build/icyphy/ptII/vendors/j3d/lib/Linux/j3dcore.jar:/home/travis/build/icyphy/ptII/vendors/j3d/lib/Linux/j3dutils.jar:/home/travis/build/icyphy/ptII/vendors/j3d/lib/Linux/vecmath.jar:/home/travis/build/icyphy/ptII/vendors/jogl/lib/Linux/gluegen-rt-natives-linux-amd64.jar:/home/travis/build/icyphy/ptII/vendors/jogl/lib/Linux/gluegen-rt.jar:/home/travis/build/icyphy/ptII/vendors/jogl/lib/Linux/jogl-all-natives-linux-amd64.jar:/home/travis/build/icyphy/ptII/vendors/jogl/lib/Linux/jogl-all.jar:/home/travis/build/icyphy/ptII/ptolemy/distributed/jini/jar/jini-core.jar:/home/travis/build/icyphy/ptII/ptolemy/distributed/jini/jar/jini-ext.jar:/home/travis/build/icyphy/ptII/ptolemy/distributed/jini/jar/sun-util.jar:/home/travis/build/icyphy/ptII/lib/protobuf-java-2.4.1.jar:/home/travis/build/icyphy/ptII/lib/org.eclipse.paho.client.mqttv3.jar:/home/travis/build/icyphy/ptII/lib/mapss.jar:/home/travis/build/icyphy/ptII/ptolemy/actor/ptalon/antlr/antlr.jar:/home/travis/build/icyphy/ptII/lib/JRI.jar:/home/travis/build/icyphy/ptII/lib/commons-lang-2.6.jar:/home/travis/build/icyphy/ptII/lib/commons-logging-1.1.1.jar:/home/travis/build/icyphy/ptII/lib/sootclasses.jar:/home/travis/build/icyphy/ptII/ptolemy/actor/lib/database/mysql-connector-java-5.1.6-bin.jar:/home/travis/build/icyphy/ptII/vendors/misc/sphinx4/sphinx4-data-5prealpha.jar:/home/travis/build/icyphy/ptII/vendors/misc/sphinx4/sphinx4-core-5prealpha.jar:/home/travis/build/icyphy/ptII/lib/PDFRenderer.jar:/home/travis/build/icyphy/ptII/lib/svgSalamander.jar:/home/travis/build/icyphy/ptII/lib/rsyntaxtextarea-2.6.0-SNAPSHOT.jar:/home/travis/build/icyphy/ptII/lib/hazelcast-3.8.2.jar:/home/travis/build/icyphy/ptII/lib/jackson-annotations-2.9.0.jar:/home/travis/build/icyphy/ptII/lib/jackson-core-2.9.3.jar:/home/travis/build/icyphy/ptII/lib/jackson-databind-2.9.3.jar:/home/travis/build/icyphy/ptII/lib/netty-buffer-4.1.19.Final.jar:/home/travis/build/icyphy/ptII/lib/netty-codec-4.1.19.Final.jar:/home/travis/build/icyphy/ptII/lib/netty-codec-dns-4.1.19.Final.jar:/home/travis/build/icyphy/ptII/lib/netty-codec-http-4.1.19.Final.jar:/home/travis/build/icyphy/ptII/lib/netty-codec-http2-4.1.19.Final.jar:/home/travis/build/icyphy/ptII/lib/netty-common-4.1.19.Final.jar:/home/travis/build/icyphy/ptII/lib/netty-handler-4.1.19.Final.jar:/home/travis/build/icyphy/ptII/lib/netty-resolver-4.1.19.Final.jar:/home/travis/build/icyphy/ptII/lib/netty-resolver-dns-4.1.19.Final.jar:/home/travis/build/icyphy/ptII/lib/netty-transport-4.1.19.Final.jar:/home/travis/build/icyphy/ptII/lib/vertx-codegen-3.5.1.jar:/home/travis/build/icyphy/ptII/lib/vertx-core-3.5.2-SNAPSHOT.jar:/home/travis/build/icyphy/ptII/lib/vertx-hazelcast-3.5.1.jar:/home/travis/build/icyphy/ptII/lib/vertx-lang-js-3.5.1.jar:/home/travis/build/icyphy/ptII/lib/vertx-service-proxy-3.5.1.jar:/home/travis/build/icyphy/ptII/lib/vertx-web-3.5.1.jar:/home/travis/build/icyphy/ptII/lib/slf4j-api-1.7.13.jar:/home/travis/build/icyphy/ptII/lib/slf4j-simple-1.7.13.jar:/home/travis/build/icyphy/ptII/lib/webcam-capture-0.3.12.jar:/home/travis/build/icyphy/ptII/lib/bridj-0.7.0.jar:/home/travis/build/icyphy/ptII/lib/xbjlib-1.1.0.nrjavaserial.jar" />
    <property name="timeout" value="2400000" />
    <property name="test.batch" value="**/junit/*.java" />
    <property name="env._" value="/usr/bin/timeout" />
    <property name="java.io.tmpdir" value="/tmp" />
    <property name="user.language" value="en" />
    <property name="env.TRAVIS_INTERNAL_RUBY_REGEX" value="^ruby-(2\.[0-4]\.[0-9]|1\.9\.3)" />
    <property name="env.HISTCONTROL" value="ignoredups:ignorespace" />
    <property name="env.GOROOT" value="/home/travis/.gimme/versions/go1.11.1.linux.amd64" />
    <property name="line.separator" value="&#xa;" />
    <property name="target" value="11" />
    <property name="env.TRAVIS_BUILD_DIR" value="/home/travis/build/icyphy/ptII" />
    <property name="env.ANT_OPTS" value="-Xmx2048m" />
    <property name="ant.file.type" value="file" />
    <property name="ptolemy.ptII.batchMode" value="true" />
    <property name="env.HISTSIZE" value="1000" />
    <property name="env.MERB_ENV" value="test" />
    <property name="java.vm.info" value="mixed mode" />
    <property name="source" value="11" />
    <property name="java.vm.specification.name" value="Java Virtual Machine Specification" />
    <property name="env.TRAVIS_TEST_RESULT" value="0" />
    <property name="jsdoc.command" value="node_modules/@terraswarm/jsdoc/jsdoc.js" />
    <property name="npm.works" value="true" />
    <property name="cobertura.dir" value="/home/travis/build/icyphy/ptII/vendors/cobertura-2.0.3" />
    <property name="jsdoc.command.exists" value="true" />
    <property name="env.rvm_path" value="/home/travis/.rvm" />
    <property name="env.GEM_PATH" value="/home/travis/.rvm/gems/ruby-2.5.3:/home/travis/.rvm/gems/ruby-2.5.3@global" />
    <property name="env.LC_CTYPE" value="en_US.UTF-8" />
    <property name="env.TRAVIS_CMD" value="$PTII/bin/ptIITravisBuild.sh $SECONDS" />
    <property name="java.awt.printerjob" value="sun.print.PSPrinterJob" />
    <property name="env.TRAVIS_STACK_NAME" value="sardonyx" />
    <property name="env.TRAVIS_TIMER_START_TIME" value="1601653097760203527" />
    <property name="ant.version" value="Apache Ant(TM) version 1.10.1 compiled on February 2 2017" />
    <property name="ptII.reports" value="/home/travis/build/icyphy/ptII/reports" />
    <property name="env.TRAVIS_STACK_TIMESTAMP" value="2020-06-24 13:13:18 UTC" />
    <property name="ant.file.type.ptII" value="file" />
    <property name="env.RBENV_SHELL" value="bash" />
    <property name="os.name" value="Linux" />
    <property name="java.specification.vendor" value="Oracle Corporation" />
    <property name="env.rvm_version" value="1.29.10 (latest)" />
    <property name="env.TRAVIS_INFRA" value="unknown" />
    <property name="env.TERM" value="xterm" />
    <property name="java.vm.name" value="OpenJDK 64-Bit Server VM" />
    <property name="env.TRAVIS_BUILD_NUMBER" value="1784" />
    <property name="env.CI" value="true" />
    <property name="java.library.path" value="/home/travis/pthla/certi-tools/lib:/usr/lib/jni:/usr/local/share/OpenCV/java/:/usr/share/OpenCV/java::/usr/java/packages/lib:/usr/lib64:/lib64:/lib:/usr/lib" />
    <property name="jdk.module.path" value="/home/travis/build/icyphy/ptII/vendors/javafx/javafx-sdk-11.0.2/lib:" />
    <property name="env.rvm_prefix" value="/home/travis" />
    <property name="env.PATH" value="/home/travis/pthla/certi-tools/share/scripts:/home/travis/.rvm/gems/ruby-2.5.3/bin:/home/travis/.rvm/gems/ruby-2.5.3@global/bin:/home/travis/.rvm/rubies/ruby-2.5.3/bin:/home/travis/.rvm/bin:/home/travis/.nvm/versions/node/v7.10.1/bin:./node_modules/.bin:/home/travis/build/icyphy/ptII/bin:/home/travis/pthla/certi-tools/bin:/home/travis/bin:/home/travis/.local/bin:/usr/local/lib/jvm/openjdk11/bin:/opt/pyenv/shims:/home/travis/.phpenv/shims:/home/travis/perl5/perlbrew/bin:/home/travis/gopath/bin:/home/travis/.gimme/versions/go1.11.1.linux.amd64/bin:/usr/local/maven-3.6.3/bin:/usr/local/cmake-3.12.4/bin:/usr/local/clang-7.0.0/bin:/usr/local/sbin:/usr/local/bin:/usr/sbin:/usr/bin:/sbin:/bin:/snap/bin:/home/travis/.phpenv/bin:/opt/pyenv/bin:/home/travis/.yarn/bin" />
    <property name="env.TRAVIS_OS_NAME" value="linux" />
    <property name="ant.java.version" value="9" />
    <property name="basedir" value="/home/travis/build/icyphy/ptII" />
    <property name="java.class.version" value="55.0" />
    <property name="env.SHLVL" value="3" />
    <property name="env.LD_LIBRARY_PATH" value="/home/travis/pthla/certi-tools/lib:/usr/lib/jni:/usr/local/share/OpenCV/java/:/usr/share/OpenCV/java:" />
    <property name="env.RACK_ENV" value="test" />
    <property name="ant.home" value="/home/travis/build/icyphy/ptII/ant" />
    <property name="env.NVM_DIR" value="/home/travis/.nvm" />
    <property name="env.CERTI_FOM_PATH" value="/home/travis/pthla/certi-tools/share/federations" />
    <property name="env.TRAVIS_BUILD_ID" value="187861406" />
    <property name="env.PYENV_ROOT" value="/opt/pyenv" />
    <property name="env.TRAVIS_UID" value="2000" />
    <property name="prism.verbose" value="true" />
    <property name="env.NVM_BIN" value="/home/travis/.nvm/versions/node/v7.10.1/bin" />
    <property name="env.TRAVIS_COMMIT" value="74248200255084cca0f8d02e5ad09f36c0965423" />
    <property name="node.executable" value="node" />
    <property name="sun.boot.library.path" value="/usr/local/lib/jvm/openjdk11/lib" />
    <property name="sun.management.compiler" value="HotSpot 64-Bit Tiered Compilers" />
    <property name="java.awt.graphicsenv" value="sun.awt.X11GraphicsEnvironment" />
    <property name="env.GOPATH" value="/home/travis/gopath" />
    <property name="ptolemy.ptII.dir" value="/home/travis/build/icyphy/ptII" />
    <property name="env.USER" value="travis" />
    <property name="env.HISTFILESIZE" value="2000" />
    <property name="env.NVM_INC" value="/home/travis/.nvm/versions/node/v7.10.1/include/node" />
    <property name="timeout.longest" value="19000000" />
    <property name="env.PERLBREW_SHELLRC_VERSION" value="0.88" />
    <property name="env.TRAVIS_STACK_FEATURES" value="basic couchdb disabled-ipv6 docker docker-compose elasticsearch firefox go-toolchain google-chrome jdk memcached mongodb mysql nodejs_interpreter perl_interpreter perlbrew phantomjs postgresql python_interpreter redis ruby_interpreter sqlite xserver" />
    <property name="env.TRAVIS_PULL_REQUEST" value="false" />
    <property name="env.PYENV_SHELL" value="bash" />
    <property name="ant.project.name" value="ptII" />
    <property name="env.ANSI_RESET" value="\033[0m" />
    <property name="java.vm.specification.version" value="11" />
    <property name="env.TRAVIS_DIST" value="xenial" />
    <property name="env.CERTI_VERSION" value="4.0.0" />
    <property name="env.CERTI_HOST" value="localhost" />
    <property name="awt.toolkit" value="sun.awt.X11.XToolkit" />
    <property name="env.MY_RUBY_HOME" value="/home/travis/.rvm/rubies/ruby-2.5.3" />
    <property name="sun.cpu.isalist" value="" />
    <property name="env.TRAVIS_TMPDIR" value="/tmp/tmp.YkQD65jBeY" />
    <property name="java.vm.compressedOopsMode" value="Zero based" />
    <property name="os.version" value="4.15.0-1077-gcp" />
    <property name="user.home" value="/home/travis" />
    <property name="java.vm.vendor" value="Oracle Corporation" />
    <property name="env.TRAVIS_TAG" value="nightly" />
    <property name="env.ANSI_YELLOW" value="\033[33;1m" />
    <property name="env.TRAVIS_FILTERED" value="redirect_io" />
    <property name="env.ANSI_GREEN" value="\033[32;1m" />
    <property name="env.JAVA_HOME" value="/usr/local/lib/jvm/openjdk11" />
    <property name="javadoc.excludepackagenames" value="adm.cvs2svn.*,build.*,config.*,doc.coding.templates.*,jni.test.jni.meaningOfLife.*,jni.test.jni.testDeux.*,jni.test.jni.testTrois.*,org.terraswarm.accessor.accessors.web.node_modules.*,org.terraswarm.accessor.accessors.web.hosts.cordova.demo.*,org.terraswarm.accessor.accessors.web.hosts.cordova.plugins.*,org.terraswarm.accessor.accessors-svn.*,pt-modules.*,ptolemy.apps.agilent.*,ptolemy.apps.anytimecontrol.*,ptolemy.apps.apes.*,ptolemy.apps.charon.*,ptolemy.apps.crazyboard.*,ptolemy.apps.eclipse.*,ptolemy.apps.etherealSting.*,ptolemy.apps.fullscreen.*,ptolemy.apps.giotto.*,ptolemy.apps.ia.*,ptolemy.apps.interfaces.*,ptolemy.apps.jmf.*,ptolemy.apps.kurt.*,ptolemy.apps.kvm.*,ptolemy.apps.lego.*,ptolemy.apps.lejos.*,ptolemy.apps.midp.*,ptolemy.apps.mobileCoding.*,ptolemy.apps.pendulum.*,ptolemy.apps.rijndael.*,ptolemy.apps.robot.*,ptolemy.apps.security.*,ptolemy.apps.sobel.*,ptolemy.apps.soot.*,ptolemy.apps.throttle.*,ptolemy.apps.tini.*,ptolemy.apps.transmission.*,ptolemy.apps.vergil.*,ptolemy.apps.waba.*,ptolemy.apps.websensor.*,ptolemy.apps.webstart.*,ptolemy.apps.xsl.*,ptolemy.apps.zaurus.*,ptolemy.codegen.c.actor.lib.oldJavaFiles.*,ptolemy.codegen.dsp.lib.*,ptolemy.codegen.kernel.newInterfaces.*,ptolemy.codegen.lib.*,ptolemy.copernicus.kernel.fragment.*,ptolemy.copernicus.shallow.cg.*,ptolemy.domains.giotto.demo.Hierarchy.Hierarchy.*,ptolemy.domains.giotto.demo.Multimode.Multimode.*,ptolemy.domains.giotto.demo.Simple.Simple.*,ptolemy.domains.gr.lib.experimental.*,ptolemy.domains.gro.*,ptolemy.domains.pdf.*,ptolemy.domains.ptinyos.demo.Surge.output.*,ptolemy.moml.test.NoPackageActor.java*,ptolemy.plot.adm.*,ptolemy.plot.servlet.*,reports.*,signed.*,src.*,target.*,vendors.*,ptolemy.copernicus.applet.*,ptolemy.media.viewer.*,ptolemy.actor.corba.*,doc.doclets.*,ptolemy.apps.eclipse.awt.*,ptolemy.backtrack.*,ptolemy.backtrack.ast.*,ptolemy.cg.adapter.generic.program.procedural.c.mbed*,ptolemy.homer.*,ptolemy.actor.lib.jai.*,org.ptolemy.scala.*,diva.util.java2d.svg.*,ptolemy.domains.ptinyos.*,ptolemy.actor.lib.fmi.fmipp.*,,org.terraswarm.accessor.accessors.web.node_modules.*,org.terraswarm.accessor.accessors-svn,ptolemy.apps.*,ptolemy.actor.ptalon.demo.ptinyos.SendAndReceiveCnt.output,ptolemy.actor.ptalon.demo.ptinyos.SenseToLeds.output,ptolemy.domains.ptinyos.demo.CntToLedsAndRfm.output,ptolemy.domains.ptinyos.demo.RfmToLeds.output,ptolemy.domains.ptinyos.demo.SendAndReceiveCnt.output,ptolemy.domains.ptinyos.demo.SenseToLeds.output,ptolemy.actor.lib.jjs.modules.udpSocket.*" />
    <property name="env.PTII" value="/home/travis/build/icyphy/ptII" />
    <property name="env.XDG_SESSION_ID" value="2" />
    <property name="keystore" value="ptKeystore" />
    <property name="env.TRAVIS_COMMIT_MESSAGE" value="Exclude org/hlacerti/newModels1516e/VariableArrayPTIIJavaFed" />
    <property name="junit.output.dir" value="/home/travis/build/icyphy/ptII/reports/junit" />
    <property name="npm.return.code" value="0" />
    <property name="user.dir" value="/home/travis/build/icyphy/ptII/ptolemy/domains/de/test" />
    <property name="env.TRAVIS_NODE_VERSION" value="7" />
    <property name="env.TRAVIS_EVENT_TYPE" value="cron" />
    <property name="env.MAIL" value="/var/mail/travis" />
    <property name="env.PERLBREW_ROOT" value="/home/travis/perl5/perlbrew" />
    <property name="env.PWD" value="/home/travis/build/icyphy/ptII" />
    <property name="timeout.npm" value="45000" />
    <property name="env.PT_TRAVIS_TEST_CORE2_XML" value="true" />
    <property name="env.TRAVIS_ARCH" value="amd64" />
    <property name="sun.cpu.endian" value="little" />
    <property name="env.PAGER" value="cat" />
    <property name="env.TRAVIS_BUILD_STAGE_NAME" value="test" />
    <property name="env.PERLBREW_HOME" value="/home/travis/.perlbrew" />
    <property name="java.vm.version" value="11.0.2+9" />
    <property name="env.RAILS_ENV" value="test" />
    <property name="java.class.path" value="/home/travis/build/icyphy/ptII:/home/travis/build/icyphy/ptII/lib/bsh-2.0b4.jar:/home/travis/build/icyphy/ptII/lib/ptCal.jar:/home/travis/build/icyphy/ptII/lib/java_cup.jar:/home/travis/build/icyphy/ptII/lib/saxon8.jar:/home/travis/build/icyphy/ptII/lib/saxon8-dom.jar:/home/travis/build/icyphy/ptII/lib/chic.jar:/home/travis/build/icyphy/ptII/lib/ptcolt.jar:/home/travis/build/icyphy/ptII/vendors/misc/itext/iText.jar:/home/travis/build/icyphy/ptII/lib/g4ltl.jar:/home/travis/build/icyphy/ptII/lib/StructuralCoder.jar:/home/travis/build/icyphy/ptII/lib/jcerti.jar:/home/travis/build/icyphy/ptII/lib/javax.mail.jar:/home/travis/build/icyphy/ptII/vendors/JMF-2.1.1e/lib/jmf.jar:/home/travis/build/icyphy/ptII/lib/jna-4.0.0-variadic.jar:/home/travis/build/icyphy/ptII/vendors/misc/joystick/Joystick.jar:/home/travis/build/icyphy/ptII/lib/ptjacl.jar:/home/travis/build/icyphy/ptII/lib/jsoup-1.8.2.jar:/home/travis/build/icyphy/ptII/lib/junit-4.8.2.jar:/home/travis/build/icyphy/ptII/lib/JUnitParams-0.4.0.jar:/home/travis/build/icyphy/ptII/ptolemy/actor/lib/excel/jxl.jar:/home/travis/build/icyphy/ptII/lib/jython.jar:/home/travis/build/icyphy/ptII/lib/kieler.jar:/home/travis/build/icyphy/ptII/vendors/opencv/share/OpenCV/java/opencv-341.jar:/home/travis/build/icyphy/ptII/lib/oscP5.jar:/home/travis/build/icyphy/ptII/lib/nrjavaserial-3.11.0.devel.jar:/home/travis/build/icyphy/ptII/vendors/j3d/lib/Linux/j3dcore.jar:/home/travis/build/icyphy/ptII/vendors/j3d/lib/Linux/j3dutils.jar:/home/travis/build/icyphy/ptII/vendors/j3d/lib/Linux/vecmath.jar:/home/travis/build/icyphy/ptII/vendors/jogl/lib/Linux/gluegen-rt-natives-linux-amd64.jar:/home/travis/build/icyphy/ptII/vendors/jogl/lib/Linux/gluegen-rt.jar:/home/travis/build/icyphy/ptII/vendors/jogl/lib/Linux/jogl-all-natives-linux-amd64.jar:/home/travis/build/icyphy/ptII/vendors/jogl/lib/Linux/jogl-all.jar:/home/travis/build/icyphy/ptII/ptolemy/distributed/jini/jar/jini-core.jar:/home/travis/build/icyphy/ptII/ptolemy/distributed/jini/jar/jini-ext.jar:/home/travis/build/icyphy/ptII/ptolemy/distributed/jini/jar/sun-util.jar:/home/travis/build/icyphy/ptII/lib/protobuf-java-2.4.1.jar:/home/travis/build/icyphy/ptII/lib/org.eclipse.paho.client.mqttv3.jar:/home/travis/build/icyphy/ptII/lib/mapss.jar:/home/travis/build/icyphy/ptII/ptolemy/actor/ptalon/antlr/antlr.jar:/home/travis/build/icyphy/ptII/lib/JRI.jar:/home/travis/build/icyphy/ptII/lib/commons-lang-2.6.jar:/home/travis/build/icyphy/ptII/lib/commons-logging-1.1.1.jar:/home/travis/build/icyphy/ptII/lib/sootclasses.jar:/home/travis/build/icyphy/ptII/ptolemy/actor/lib/database/mysql-connector-java-5.1.6-bin.jar:/home/travis/build/icyphy/ptII/vendors/misc/sphinx4/sphinx4-data-5prealpha.jar:/home/travis/build/icyphy/ptII/vendors/misc/sphinx4/sphinx4-core-5prealpha.jar:/home/travis/build/icyphy/ptII/lib/PDFRenderer.jar:/home/travis/build/icyphy/ptII/lib/svgSalamander.jar:/home/travis/build/icyphy/ptII/lib/rsyntaxtextarea-2.6.0-SNAPSHOT.jar:/home/travis/build/icyphy/ptII/lib/hazelcast-3.8.2.jar:/home/travis/build/icyphy/ptII/lib/jackson-annotations-2.9.0.jar:/home/travis/build/icyphy/ptII/lib/jackson-core-2.9.3.jar:/home/travis/build/icyphy/ptII/lib/jackson-databind-2.9.3.jar:/home/travis/build/icyphy/ptII/lib/netty-buffer-4.1.19.Final.jar:/home/travis/build/icyphy/ptII/lib/netty-codec-4.1.19.Final.jar:/home/travis/build/icyphy/ptII/lib/netty-codec-dns-4.1.19.Final.jar:/home/travis/build/icyphy/ptII/lib/netty-codec-http-4.1.19.Final.jar:/home/travis/build/icyphy/ptII/lib/netty-codec-http2-4.1.19.Final.jar:/home/travis/build/icyphy/ptII/lib/netty-common-4.1.19.Final.jar:/home/travis/build/icyphy/ptII/lib/netty-handler-4.1.19.Final.jar:/home/travis/build/icyphy/ptII/lib/netty-resolver-4.1.19.Final.jar:/home/travis/build/icyphy/ptII/lib/netty-resolver-dns-4.1.19.Final.jar:/home/travis/build/icyphy/ptII/lib/netty-transport-4.1.19.Final.jar:/home/travis/build/icyphy/ptII/lib/vertx-codegen-3.5.1.jar:/home/travis/build/icyphy/ptII/lib/vertx-core-3.5.2-SNAPSHOT.jar:/home/travis/build/icyphy/ptII/lib/vertx-hazelcast-3.5.1.jar:/home/travis/build/icyphy/ptII/lib/vertx-lang-js-3.5.1.jar:/home/travis/build/icyphy/ptII/lib/vertx-service-proxy-3.5.1.jar:/home/travis/build/icyphy/ptII/lib/vertx-web-3.5.1.jar:/home/travis/build/icyphy/ptII/lib/slf4j-api-1.7.13.jar:/home/travis/build/icyphy/ptII/lib/slf4j-simple-1.7.13.jar:/home/travis/build/icyphy/ptII/lib/webcam-capture-0.3.12.jar:/home/travis/build/icyphy/ptII/lib/bridj-0.7.0.jar:/home/travis/build/icyphy/ptII/lib/xbjlib-1.1.0.nrjavaserial.jar:/home/travis/build/icyphy/ptII/ptolemy/moml/test:/home/travis/build/icyphy/ptII/ant/lib/ant-launcher.jar:/home/travis/build/icyphy/ptII/ant/lib/ant.jar:/home/travis/build/icyphy/ptII/ant/lib/ant-junit.jar:/home/travis/build/icyphy/ptII/ant/lib/ant-junit4.jar" />
    <property name="ant.library.dir" value="/home/travis/build/icyphy/ptII/ant/lib" />
    <property name="os.arch" value="amd64" />
    <property name="env.CONTINUOUS_INTEGRATION" value="true" />
    <property name="env.TRAVIS_LANGUAGE" value="node_js" />
    <property name="env.TRAVIS_STACK_LANGUAGES" value="__sardonyx__ c c++ clojure cplusplus cpp default generic go groovy java node_js php pure_java python ruby scala" />
    <property name="test.name" value="ptolemy.actor.lib.test.junit.JUnitTclTest" />
    <property name="env.APT_KEY_DONT_WARN_ON_DANGEROUS_USAGE" value="1" />
    <property name="sun.java.launcher" value="SUN_STANDARD" />
    <property name="env.PYTHON_CONFIGURE_OPTS" value="--enable-unicode=ucs4 --with-wide-unicode --enable-shared --enable-ipv6 --enable-loadable-sqlite-extensions --with-computed-gotos" />
    <property name="ant.core.lib" value="/home/travis/build/icyphy/ptII/ant/lib/ant.jar" />
    <property name="java.vm.specification.vendor" value="Oracle Corporation" />
    <property name="env.BCVTB_HOME" value="/home/travis/build/icyphy/ptII/lbnl" />
    <property name="file.separator" value="/" />
    <property name="spotbugs.home" value="/home/travis/build/icyphy/ptII/vendors/spotbugs-3.1.1" />
    <property name="java.runtime.version" value="11.0.2+9" />
    <property name="javafx.verbose" value="true" />
    <property name="env.ANSI_CLEAR" value="\033[0K" />
    <property name="env.HAS_JOSH_K_SEAL_OF_APPROVAL" value="true" />
    <property name="env.XDG_RUNTIME_DIR" value="/run/user/2000" />
    <property name="env.TRAVIS_OSX_IMAGE" value="" />
    <property name="env.TRAVIS_JOB_ID" value="394286655" />
    <property name="env.TRAVIS_BRANCH" value="master" />
    <property name="user.country" value="US" />
    <property name="env.CERTI_HOME_TRAVIS" value="/home/travis/pthla/certi-tools" />
    <property name="env.SHELL" value="/bin/bash" />
    <property name="java.maxmemory.large" value="3200m" />
    <property name="model" value="" />
    <property name="env.CASHER_DIR" value="/home/travis/.casher" />
    <property name="env.NVM_CD_FLAGS" value="" />
    <property name="java.vendor.version" value="18.9" />
    <property name="jshint.executable" value="/home/travis/node_modules/jshint/bin/jshint" />
    <property name="env.JRUBY_OPTS" value=" --client -J-XX:+TieredCompilation -J-XX:TieredStopAtLevel=1 -J-Xss2m -Xcompile.invokedynamic=false" />
    <property name="java.vendor" value="Oracle Corporation" />
    <property name="env.TRAVIS_PRE_CHEF_BOOTSTRAP_TIME" value="2020-06-24T13:13:03" />
    <property name="env.TRAVIS_STACK_JOB_BOARD_REGISTER" value="/.job-board-register.yml" />
    <property name="env.ANSI_RED" value="\033[31;1m" />
    <property name="java.specification.version" value="11" />
    <property name="env.IRBRC" value="/home/travis/.rvm/rubies/ruby-2.5.3/.irbrc" />
    <property name="env.TRAVIS" value="true" />
    <property name="sun.arch.data.model" value="64" />
  </properties>
  <testcase classname="ptolemy.util.test.junit.TclTests" name="[0] /home/travis/build/icyphy/ptII/ptolemy/domains/de/test/DependencyLoop.tcl (RunTclFile)" time="0.927" />
  <testcase classname="ptolemy.util.test.junit.TclTests" name="[1] /home/travis/build/icyphy/ptII/ptolemy/domains/de/test/RunDETestsAsQSS.tcl (RunTclFile)" time="87.938" />
  <testcase classname="ptolemy.util.test.junit.AutoKnownFailedTests" name="[0] /home/travis/build/icyphy/ptII/ptolemy/domains/de/test/auto/knownFailedTests/DESDFClockTest.xml (RunModel)" time="2.035" />
  <testcase classname="ptolemy.util.test.junit.AutoKnownFailedTests" name="[1] /home/travis/build/icyphy/ptII/ptolemy/domains/de/test/auto/knownFailedTests/DirectFeedback.xml (RunModel)" time="0.022" />
  <testcase classname="ptolemy.util.test.junit.AutoKnownFailedTests" name="[2] /home/travis/build/icyphy/ptII/ptolemy/domains/de/test/auto/knownFailedTests/FSMSource.xml (RunModel)" time="0.04" />
  <testcase classname="ptolemy.util.test.junit.AutoKnownFailedTests" name="[3] /home/travis/build/icyphy/ptII/ptolemy/domains/de/test/auto/knownFailedTests/HierarchicalModel.xml (RunModel)" time="0.051" />
  <testcase classname="ptolemy.util.test.junit.AutoKnownFailedTests" name="[4] /home/travis/build/icyphy/ptII/ptolemy/domains/de/test/auto/knownFailedTests/dependencyLoop.xml (RunModel)" time="0.046" />
  <testcase classname="ptolemy.util.test.junit.AutoKnownFailedTests" name="[5] /home/travis/build/icyphy/ptII/ptolemy/domains/de/test/auto/knownFailedTests/dependencyLoop2.xml (RunModel)" time="0.045" />
  <testcase classname="ptolemy.util.test.junit.AutoNameArchTests" name="[0] ThereAreNoAutoArchTests (RunModel)" time="0.001" />
  <testcase classname="ptolemy.util.test.junit.AutoTests" name="[0] /home/travis/build/icyphy/ptII/ptolemy/domains/de/test/auto/ActorDepthCalculation_actorWithoutPorts.xml (RunModel)" time="0.022" />
  <testcase classname="ptolemy.util.test.junit.AutoTests" name="[1] /home/travis/build/icyphy/ptII/ptolemy/domains/de/test/auto/AssemblyLine.xml (RunModel)" time="0.023" />
  <testcase classname="ptolemy.util.test.junit.AutoTests" name="[2] /home/travis/build/icyphy/ptII/ptolemy/domains/de/test/auto/CQBug1.xml (RunModel)" time="0.016" />
  <testcase classname="ptolemy.util.test.junit.AutoTests" name="[3] /home/travis/build/icyphy/ptII/ptolemy/domains/de/test/auto/CancelFireAt.xml (RunModel)" time="0.007" />
  <testcase classname="ptolemy.util.test.junit.AutoTests" name="[4] /home/travis/build/icyphy/ptII/ptolemy/domains/de/test/auto/CausalityAndComposabilityAnalysis.xml (RunModel)" time="0.022" />
  <testcase classname="ptolemy.util.test.junit.AutoTests" name="[5] /home/travis/build/icyphy/ptII/ptolemy/domains/de/test/auto/CausalityInterface1.xml (RunModel)" time="0.029" />
  <testcase classname="ptolemy.util.test.junit.AutoTests" name="[6] /home/travis/build/icyphy/ptII/ptolemy/domains/de/test/auto/CausalityInterface15.xml (RunModel)" time="0.019" />
  <testcase classname="ptolemy.util.test.junit.AutoTests" name="[7] /home/travis/build/icyphy/ptII/ptolemy/domains/de/test/auto/CausalityInterface2.xml (RunModel)" time="0.015" />
  <testcase classname="ptolemy.util.test.junit.AutoTests" name="[8] /home/travis/build/icyphy/ptII/ptolemy/domains/de/test/auto/CausalityInterface3.xml (RunModel)" time="0.014" />
  <testcase classname="ptolemy.util.test.junit.AutoTests" name="[9] /home/travis/build/icyphy/ptII/ptolemy/domains/de/test/auto/ClockDrift.xml (RunModel)" time="0.032" />
  <testcase classname="ptolemy.util.test.junit.AutoTests" name="[10] /home/travis/build/icyphy/ptII/ptolemy/domains/de/test/auto/ClockDriftAndValueChange.xml (RunModel)" time="0.033" />
  <testcase classname="ptolemy.util.test.junit.AutoTests" name="[11] /home/travis/build/icyphy/ptII/ptolemy/domains/de/test/auto/ClockDriftChange.xml (RunModel)" time="0.036" />
  <testcase classname="ptolemy.util.test.junit.AutoTests" name="[12] /home/travis/build/icyphy/ptII/ptolemy/domains/de/test/auto/ComposableCausalityAnalysis.xml (RunModel)" time="0.018" />
  <testcase classname="ptolemy.util.test.junit.AutoTests" name="[13] /home/travis/build/icyphy/ptII/ptolemy/domains/de/test/auto/DEFixedPointLimitation.xml (RunModel)" time="0.01" />
  <testcase classname="ptolemy.util.test.junit.AutoTests" name="[14] /home/travis/build/icyphy/ptII/ptolemy/domains/de/test/auto/DEScheduleTest.xml (RunModel)" time="0.014" />
  <testcase classname="ptolemy.util.test.junit.AutoTests" name="[15] /home/travis/build/icyphy/ptII/ptolemy/domains/de/test/auto/DEinDEwithStartTimes.xml (RunModel)" time="0.016" />
  <testcase classname="ptolemy.util.test.junit.AutoTests" name="[16] /home/travis/build/icyphy/ptII/ptolemy/domains/de/test/auto/DEinDEwithStartTimes2.xml (RunModel)" time="0.019" />
  <testcase classname="ptolemy.util.test.junit.AutoTests" name="[17] /home/travis/build/icyphy/ptII/ptolemy/domains/de/test/auto/DateDemo.xml (RunModel)" time="0.037" />
  <testcase classname="ptolemy.util.test.junit.AutoTests" name="[18] /home/travis/build/icyphy/ptII/ptolemy/domains/de/test/auto/DateToEvent.xml (RunModel)" time="2.052" />
  <testcase classname="ptolemy.util.test.junit.AutoTests" name="[19] /home/travis/build/icyphy/ptII/ptolemy/domains/de/test/auto/DepthTest1.xml (RunModel)" time="0.018" />
  <testcase classname="ptolemy.util.test.junit.AutoTests" name="[20] /home/travis/build/icyphy/ptII/ptolemy/domains/de/test/auto/DepthTest2.xml (RunModel)" time="0.018" />
  <testcase classname="ptolemy.util.test.junit.AutoTests" name="[21] /home/travis/build/icyphy/ptII/ptolemy/domains/de/test/auto/DepthTest3.xml (RunModel)" time="0.011" />
  <testcase classname="ptolemy.util.test.junit.AutoTests" name="[22] /home/travis/build/icyphy/ptII/ptolemy/domains/de/test/auto/DepthTest4.xml (RunModel)" time="0.02" />
  <testcase classname="ptolemy.util.test.junit.AutoTests" name="[23] /home/travis/build/icyphy/ptII/ptolemy/domains/de/test/auto/DepthTest5.xml (RunModel)" time="0.016" />
  <testcase classname="ptolemy.util.test.junit.AutoTests" name="[24] /home/travis/build/icyphy/ptII/ptolemy/domains/de/test/auto/DepthTest6.xml (RunModel)" time="0.014" />
  <testcase classname="ptolemy.util.test.junit.AutoTests" name="[25] /home/travis/build/icyphy/ptII/ptolemy/domains/de/test/auto/DepthTest7.xml (RunModel)" time="0.014" />
  <testcase classname="ptolemy.util.test.junit.AutoTests" name="[26] /home/travis/build/icyphy/ptII/ptolemy/domains/de/test/auto/EventToDate.xml (RunModel)" time="3.034" />
  <testcase classname="ptolemy.util.test.junit.AutoTests" name="[27] /home/travis/build/icyphy/ptII/ptolemy/domains/de/test/auto/FSM1.xml (RunModel)" time="0.048" />
  <testcase classname="ptolemy.util.test.junit.AutoTests" name="[28] /home/travis/build/icyphy/ptII/ptolemy/domains/de/test/auto/FSM7.xml (RunModel)" time="0.04" />
  <testcase classname="ptolemy.util.test.junit.AutoTests" name="[29] /home/travis/build/icyphy/ptII/ptolemy/domains/de/test/auto/Inspection.xml (RunModel)" time="0.041" />
  <testcase classname="ptolemy.util.test.junit.AutoTests" name="[30] /home/travis/build/icyphy/ptII/ptolemy/domains/de/test/auto/Iteration.xml (RunModel)" time="0.027" />
  <testcase classname="ptolemy.util.test.junit.AutoTests" name="[31] /home/travis/build/icyphy/ptII/ptolemy/domains/de/test/auto/LineFault.xml (RunModel)" time="0.573" />
  <testcase classname="ptolemy.util.test.junit.AutoTests" name="[32] /home/travis/build/icyphy/ptII/ptolemy/domains/de/test/auto/MergeModel1Add.xml (RunModel)" time="0.049" />
  <testcase classname="ptolemy.util.test.junit.AutoTests" name="[33] /home/travis/build/icyphy/ptII/ptolemy/domains/de/test/auto/MergeModel2Add.xml (RunModel)" time="0.039" />
  <testcase classname="ptolemy.util.test.junit.AutoTests" name="[34] /home/travis/build/icyphy/ptII/ptolemy/domains/de/test/auto/MergeModel3Add.xml (RunModel)" time="0.041" />
  <testcase classname="ptolemy.util.test.junit.AutoTests" name="[35] /home/travis/build/icyphy/ptII/ptolemy/domains/de/test/auto/MergeWithoutDiscard.xml (RunModel)" time="0.012" />
  <testcase classname="ptolemy.util.test.junit.AutoTests" name="[36] /home/travis/build/icyphy/ptII/ptolemy/domains/de/test/auto/Modal1.xml (RunModel)" time="0.034" />
  <testcase classname="ptolemy.util.test.junit.AutoTests" name="[37] /home/travis/build/icyphy/ptII/ptolemy/domains/de/test/auto/Modal2.xml (RunModel)" time="0.031" />
  <testcase classname="ptolemy.util.test.junit.AutoTests" name="[38] /home/travis/build/icyphy/ptII/ptolemy/domains/de/test/auto/Modal3.xml (RunModel)" time="0.028" />
  <testcase classname="ptolemy.util.test.junit.AutoTests" name="[39] /home/travis/build/icyphy/ptII/ptolemy/domains/de/test/auto/Modal4.xml (RunModel)" time="0.035" />
  <testcase classname="ptolemy.util.test.junit.AutoTests" name="[40] /home/travis/build/icyphy/ptII/ptolemy/domains/de/test/auto/Modal5.xml (RunModel)" time="0.03" />
  <testcase classname="ptolemy.util.test.junit.AutoTests" name="[41] /home/travis/build/icyphy/ptII/ptolemy/domains/de/test/auto/Modal6.xml (RunModel)" time="0.037" />
  <testcase classname="ptolemy.util.test.junit.AutoTests" name="[42] /home/travis/build/icyphy/ptII/ptolemy/domains/de/test/auto/Modal7.xml (RunModel)" time="0.027" />
  <testcase classname="ptolemy.util.test.junit.AutoTests" name="[43] /home/travis/build/icyphy/ptII/ptolemy/domains/de/test/auto/ModalModel.xml (RunModel)" time="0.163" />
  <testcase classname="ptolemy.util.test.junit.AutoTests" name="[44] /home/travis/build/icyphy/ptII/ptolemy/domains/de/test/auto/ModalSource.xml (RunModel)" time="0.018" />
  <testcase classname="ptolemy.util.test.junit.AutoTests" name="[45] /home/travis/build/icyphy/ptII/ptolemy/domains/de/test/auto/NonInterruptibleTimerZeroDelay.xml (RunModel)" time="0.008" />
  <testcase classname="ptolemy.util.test.junit.AutoTests" name="[46] /home/travis/build/icyphy/ptII/ptolemy/domains/de/test/auto/OpenQueueingNetwork.xml (RunModel)" time="2.361" />
  <testcase classname="ptolemy.util.test.junit.AutoTests" name="[47] /home/travis/build/icyphy/ptII/ptolemy/domains/de/test/auto/OpenQueuingNetwork.xml (RunModel)" time="0.296" />
  <testcase classname="ptolemy.util.test.junit.AutoTests" name="[48] /home/travis/build/icyphy/ptII/ptolemy/domains/de/test/auto/PeriodicSampler.xml (RunModel)" time="0.009" />
  <testcase classname="ptolemy.util.test.junit.AutoTests" name="[49] /home/travis/build/icyphy/ptII/ptolemy/domains/de/test/auto/PersistentIO.xml (RunModel)" time="0.021" />
  <testcase classname="ptolemy.util.test.junit.AutoTests" name="[50] /home/travis/build/icyphy/ptII/ptolemy/domains/de/test/auto/PortParameterResetOnInitialize.xml (RunModel)" time="0.011" />
  <testcase classname="ptolemy.util.test.junit.AutoTests" name="[51] /home/travis/build/icyphy/ptII/ptolemy/domains/de/test/auto/PortParameterUpdates.xml (RunModel)" time="0.014" />
  <testcase classname="ptolemy.util.test.junit.AutoTests" name="[52] /home/travis/build/icyphy/ptII/ptolemy/domains/de/test/auto/QueueAndServer.xml (RunModel)" time="0.022" />
  <testcase classname="ptolemy.util.test.junit.AutoTests" name="[53] /home/travis/build/icyphy/ptII/ptolemy/domains/de/test/auto/Records.xml (RunModel)" time="0.018" />
  <testcase classname="ptolemy.util.test.junit.AutoTests" name="[54] /home/travis/build/icyphy/ptII/ptolemy/domains/de/test/auto/ResetTransitionWithStartTime1.xml (RunModel)" time="0.024" />
  <testcase classname="ptolemy.util.test.junit.AutoTests" name="[55] /home/travis/build/icyphy/ptII/ptolemy/domains/de/test/auto/ResetTransitionWithStartTime2.xml (RunModel)" time="0.021" />
  <testcase classname="ptolemy.util.test.junit.AutoTests" name="[56] /home/travis/build/icyphy/ptII/ptolemy/domains/de/test/auto/ResetTransitionWithStartTime3.xml (RunModel)" time="0.021" />
  <testcase classname="ptolemy.util.test.junit.AutoTests" name="[57] /home/travis/build/icyphy/ptII/ptolemy/domains/de/test/auto/ResetTransitionWithStartTime4.xml (RunModel)" time="0.018" />
  <testcase classname="ptolemy.util.test.junit.AutoTests" name="[58] /home/travis/build/icyphy/ptII/ptolemy/domains/de/test/auto/ResettableTimer1.xml (RunModel)" time="0.011" />
  <testcase classname="ptolemy.util.test.junit.AutoTests" name="[59] /home/travis/build/icyphy/ptII/ptolemy/domains/de/test/auto/ResettableTimer2.xml (RunModel)" time="0.012" />
  <testcase classname="ptolemy.util.test.junit.AutoTests" name="[60] /home/travis/build/icyphy/ptII/ptolemy/domains/de/test/auto/ResettableTimer3.xml (RunModel)" time="0.01" />
  <testcase classname="ptolemy.util.test.junit.AutoTests" name="[61] /home/travis/build/icyphy/ptII/ptolemy/domains/de/test/auto/ResettableTimer4.xml (RunModel)" time="0.009" />
  <testcase classname="ptolemy.util.test.junit.AutoTests" name="[62] /home/travis/build/icyphy/ptII/ptolemy/domains/de/test/auto/ResettableTimer5.xml (RunModel)" time="0.01" />
  <testcase classname="ptolemy.util.test.junit.AutoTests" name="[63] /home/travis/build/icyphy/ptII/ptolemy/domains/de/test/auto/ResettableTimer6.xml (RunModel)" time="0.016" />
  <testcase classname="ptolemy.util.test.junit.AutoTests" name="[64] /home/travis/build/icyphy/ptII/ptolemy/domains/de/test/auto/ServerZeroDelay.xml (RunModel)" time="0.012" />
  <testcase classname="ptolemy.util.test.junit.AutoTests" name="[65] /home/travis/build/icyphy/ptII/ptolemy/domains/de/test/auto/SmartSender.xml (RunModel)" time="3.009" />
  <testcase classname="ptolemy.util.test.junit.AutoTests" name="[66] /home/travis/build/icyphy/ptII/ptolemy/domains/de/test/auto/ThreadedComposite.xml (RunModel)" time="0.266" />
  <testcase classname="ptolemy.util.test.junit.AutoTests" name="[67] /home/travis/build/icyphy/ptII/ptolemy/domains/de/test/auto/Time.xml (RunModel)" time="0.342" />
  <testcase classname="ptolemy.util.test.junit.AutoTests" name="[68] /home/travis/build/icyphy/ptII/ptolemy/domains/de/test/auto/TimeDelayZeroDelay.xml (RunModel)" time="0.01" />
  <testcase classname="ptolemy.util.test.junit.AutoTests" name="[69] /home/travis/build/icyphy/ptII/ptolemy/domains/de/test/auto/TimerZeroDelay.xml (RunModel)" time="0.011" />
  <testcase classname="ptolemy.util.test.junit.AutoTests" name="[70] /home/travis/build/icyphy/ptII/ptolemy/domains/de/test/auto/TimingParadox.xml (RunModel)" time="0.307" />
  <testcase classname="ptolemy.util.test.junit.AutoTests" name="[71] /home/travis/build/icyphy/ptII/ptolemy/domains/de/test/auto/TransferInputs.xml (RunModel)" time="0.018" />
  <testcase classname="ptolemy.util.test.junit.AutoTests" name="[72] /home/travis/build/icyphy/ptII/ptolemy/domains/de/test/auto/TransferOutputs2.xml (RunModel)" time="0.015" />
  <testcase classname="ptolemy.util.test.junit.AutoTests" name="[73] /home/travis/build/icyphy/ptII/ptolemy/domains/de/test/auto/Trilateration.xml (RunModel)" time="11.086" />
  <testcase classname="ptolemy.util.test.junit.AutoTests" name="[74] /home/travis/build/icyphy/ptII/ptolemy/domains/de/test/auto/TwoSigmaDelta.xml (RunModel)" time="1.911" />
  <testcase classname="ptolemy.util.test.junit.AutoTests" name="[75] /home/travis/build/icyphy/ptII/ptolemy/domains/de/test/auto/VariableDelay.xml (RunModel)" time="0.014" />
  <testcase classname="ptolemy.util.test.junit.AutoTests" name="[76] /home/travis/build/icyphy/ptII/ptolemy/domains/de/test/auto/VariableDelay2.xml (RunModel)" time="0.013" />
  <testcase classname="ptolemy.util.test.junit.AutoTests" name="[77] /home/travis/build/icyphy/ptII/ptolemy/domains/de/test/auto/VariableDelayZeroDelay.xml (RunModel)" time="0.017" />
  <testcase classname="ptolemy.util.test.junit.AutoTests" name="[78] /home/travis/build/icyphy/ptII/ptolemy/domains/de/test/auto/VariableDelayZeroDelay2.xml (RunModel)" time="0.011" />
  <testcase classname="ptolemy.util.test.junit.AutoTests" name="[79] /home/travis/build/icyphy/ptII/ptolemy/domains/de/test/auto/deInCt.xml (RunModel)" time="0.015" />
  <testcase classname="ptolemy.util.test.junit.AutoTests" name="[80] /home/travis/build/icyphy/ptII/ptolemy/domains/de/test/auto/deInCt2.xml (RunModel)" time="0.015" />
  <testcase classname="ptolemy.util.test.junit.AutoTests" name="[81] /home/travis/build/icyphy/ptII/ptolemy/domains/de/test/auto/dynamicCausalityInterface1.xml (RunModel)" time="0.016" />
  <testcase classname="ptolemy.util.test.junit.AutoTests" name="[82] /home/travis/build/icyphy/ptII/ptolemy/domains/de/test/auto/fsm_de_test.xml (RunModel)" time="0.026" />
  <testcase classname="ptolemy.util.test.junit.AutoTests" name="[83] /home/travis/build/icyphy/ptII/ptolemy/domains/de/test/auto/functionDependencyReconstruction.xml (RunModel)" time="0.053" />
  <testcase classname="ptolemy.util.test.junit.AutoTests" name="[84] /home/travis/build/icyphy/ptII/ptolemy/domains/de/test/auto/multirate.xml (RunModel)" time="0.017" />
  <testcase classname="ptolemy.util.test.junit.AutoTests" name="[85] /home/travis/build/icyphy/ptII/ptolemy/domains/de/test/auto/multirate2.xml (RunModel)" time="0.016" />
  <testcase classname="ptolemy.util.test.junit.AutoTests" name="[86] /home/travis/build/icyphy/ptII/ptolemy/domains/de/test/auto/realtime.xml (RunModel)" time="10.011" />
  <testcase classname="ptolemy.util.test.junit.AutoTests" name="[87] /home/travis/build/icyphy/ptII/ptolemy/domains/de/test/auto/relationGroup.xml (RunModel)" time="0.018" />
  <testcase classname="ptolemy.util.test.junit.AutoTests" name="[88] /home/travis/build/icyphy/ptII/ptolemy/domains/de/test/auto/relationGroup2.xml (RunModel)" time="0.015" />
  <testcase classname="ptolemy.util.test.junit.AutoTests" name="[89] /home/travis/build/icyphy/ptII/ptolemy/domains/de/test/auto/sortWithOpaquePorts.xml (RunModel)" time="0.024" />
  <testcase classname="ptolemy.util.test.junit.AutoTests" name="[90] /home/travis/build/icyphy/ptII/ptolemy/domains/de/test/auto/transferInputsandOutputs.xml (RunModel)" time="0.017" />
  <testcase classname="ptolemy.util.test.junit.AutoTests" name="[91] /home/travis/build/icyphy/ptII/ptolemy/domains/de/test/auto/triggerType.xml (RunModel)" time="0.011" />
  <system-out><![CDATA[/home/travis/build/icyphy/ptII/ptolemy/domains/de/test/DependencyLoop.tcl
testDefs.tcl: setting time out to 9000 seconds at Fri Oct 02 15:42:04 UTC 2020
78 ms. Memory: 129024K Free: 78792K (61%)
23 ms. Memory: 129024K Free: 61384K (48%)
/home/travis/build/icyphy/ptII/ptolemy/domains/de/test/RunDETestsAsQSS.tcl
Run the DE tests using ptolemy.domains.qss.test.QSSDirectorTest, which extends QSSDirector and prints a message in the constructors.
------------------ testing $PTII/ptolemy/domains/de/test/auto/knownFailedTests/DirectFeedback.xml (Known Failure) 
49 ms. Memory: 129024K Free: 55750K (43%)


==== $PTIIhome/travis/build/icyphy/ptII/ptolemy/domains/de/test/../../../../: Auto Automatic test in file $PTII/ptolemy/domains/de/test/auto/knownFailedTests/DirectFeedback.xml
==== Contents of test case:

	    # FIXME: we should use $relativeFilename here, but it
	    # might have backslashes under Windows, which causes no end
	    # of trouble.
	    createAndExecute $file
	    list {}
	
.... Test generated KNOWN error:
    while executing
ptolemy.kernel.util.IllegalActionException: Test fails in iteration 1.
Value was: 1.0. Should have been: 2.0
  in .DirectFeedback.Test
	at ptolemy.actor.lib.Test.fire(Test.java:268)
	at ptolemy.domains.de.kernel.DEDirector._fire(DEDirector.java:1949)
	at ptolemy.domains.de.kernel.DEDirector.fire(DEDirector.java:502)
	at ptolemy.actor.CompositeActor.fire(CompositeActor.java:455)
	at ptolemy.actor.Manager.iterate(Manager.java:851)
	at ptolemy.actor.Manager.execute(Manager.java:369)
	at ptolemy.actor.Manager.run(Manager.java:1263)
	at ptolemy.actor.Manager$PtolemyRunThread.run(Manager.java:1933)

    while executing
ptolemy.kernel.util.IllegalActionException: Test fails in iteration 1.
Value was: 1.0. Should have been: 2.0
  in .DirectFeedback.Test
    while executing
"java::new ptolemy.moml.MoMLSimpleApplication $file
"
    (procedure "createAndExecute" line 2)
    invoked from within
"createAndExecute $file"
    ("uplevel" body line 5)
    invoked from within
"uplevel $contents_of_test"
------------------ testing $PTII/ptolemy/domains/de/test/auto/knownFailedTests/dependencyLoop.xml (Known Failure) 
14 ms. Memory: 129024K Free: 52678K (41%)


==== $PTIIhome/travis/build/icyphy/ptII/ptolemy/domains/de/test/../../../../: Auto Automatic test in file $PTII/ptolemy/domains/de/test/auto/knownFailedTests/dependencyLoop.xml
==== Contents of test case:

	    # FIXME: we should use $relativeFilename here, but it
	    # might have backslashes under Windows, which causes no end
	    # of trouble.
	    createAndExecute $file
	    list {}
	
.... Test generated KNOWN error:
    while executing
ptolemy.kernel.util.IllegalActionException: Found a zero delay loop containing .dependencyLoop.original
  in .dependencyLoop and .dependencyLoop.original
	at ptolemy.actor.util.CausalityInterfaceForComposites._computeOutputPortDepth(CausalityInterfaceForComposites.java:759)
	at ptolemy.actor.util.CausalityInterfaceForComposites._computeInputDepth(CausalityInterfaceForComposites.java:696)
	at ptolemy.actor.util.CausalityInterfaceForComposites._computeOutputPortDepth(CausalityInterfaceForComposites.java:765)
	at ptolemy.actor.util.CausalityInterfaceForComposites._computeInputDepth(CausalityInterfaceForComposites.java:696)
	at ptolemy.actor.util.CausalityInterfaceForComposites._computeOutputPortDepth(CausalityInterfaceForComposites.java:765)
	at ptolemy.actor.util.CausalityInterfaceForComposites._computeInputDepth(CausalityInterfaceForComposites.java:696)
	at ptolemy.actor.util.CausalityInterfaceForComposites._computeActorDepth(CausalityInterfaceForComposites.java:532)
	at ptolemy.actor.util.CausalityInterfaceForComposites.checkForCycles(CausalityInterfaceForComposites.java:96)
	at ptolemy.domains.de.kernel.DEDirector.preinitialize(DEDirector.java:1338)
	at ptolemy.actor.CompositeActor.preinitialize(CompositeActor.java:1828)
	at ptolemy.actor.Manager.preinitializeAndResolveTypes(Manager.java:1040)
	at ptolemy.actor.Manager.initialize(Manager.java:710)
	at ptolemy.actor.Manager.execute(Manager.java:356)
	at ptolemy.actor.Manager.run(Manager.java:1263)
	at ptolemy.actor.Manager$PtolemyRunThread.run(Manager.java:1933)

    while executing
ptolemy.kernel.util.IllegalActionException: Found a zero delay loop containing .dependencyLoop.original
  in .dependencyLoop and .dependencyLoop.original
    while executing
"java::new ptolemy.moml.MoMLSimpleApplication $file
"
    (procedure "createAndExecute" line 2)
    invoked from within
"createAndExecute $file"
    ("uplevel" body line 5)
    invoked from within
"uplevel $contents_of_test"
------------------ testing $PTII/ptolemy/domains/de/test/auto/knownFailedTests/FSMSource.xml (Known Failure) 
45 ms. Memory: 129024K Free: 110527K (86%)
!!!! Auto was marked as failing, but now passes
------------------ testing $PTII/ptolemy/domains/de/test/auto/knownFailedTests/HierarchicalModel.xml (Known Failure) 
5 ms. Memory: 129024K Free: 93110K (72%)


==== $PTIIhome/travis/build/icyphy/ptII/ptolemy/domains/de/test/../../../../: Auto Automatic test in file $PTII/ptolemy/domains/de/test/auto/knownFailedTests/HierarchicalModel.xml
==== Contents of test case:

	    # FIXME: we should use $relativeFilename here, but it
	    # might have backslashes under Windows, which causes no end
	    # of trouble.
	    createAndExecute $file
	    list {}
	
.... Test generated KNOWN error:
    while executing
ptolemy.kernel.util.IllegalActionException: Found a zero delay loop containing .HierarchicalModel.A
  in .HierarchicalModel and .HierarchicalModel.A
	at ptolemy.actor.util.CausalityInterfaceForComposites._computeOutputPortDepth(CausalityInterfaceForComposites.java:759)
	at ptolemy.actor.util.CausalityInterfaceForComposites._computeInputDepth(CausalityInterfaceForComposites.java:696)
	at ptolemy.actor.util.CausalityInterfaceForComposites._computeOutputPortDepth(CausalityInterfaceForComposites.java:765)
	at ptolemy.actor.util.CausalityInterfaceForComposites._computeInputDepth(CausalityInterfaceForComposites.java:696)
	at ptolemy.actor.util.CausalityInterfaceForComposites._computeOutputPortDepth(CausalityInterfaceForComposites.java:765)
	at ptolemy.actor.util.CausalityInterfaceForComposites._computeInputDepth(CausalityInterfaceForComposites.java:696)
	at ptolemy.actor.util.CausalityInterfaceForComposites._computeActorDepth(CausalityInterfaceForComposites.java:532)
	at ptolemy.actor.util.CausalityInterfaceForComposites.checkForCycles(CausalityInterfaceForComposites.java:96)
	at ptolemy.domains.de.kernel.DEDirector.preinitialize(DEDirector.java:1338)
	at ptolemy.actor.CompositeActor.preinitialize(CompositeActor.java:1828)
	at ptolemy.actor.Manager.preinitializeAndResolveTypes(Manager.java:1040)
	at ptolemy.actor.Manager.initialize(Manager.java:710)
	at ptolemy.actor.Manager.execute(Manager.java:356)
	at ptolemy.actor.Manager.run(Manager.java:1263)
	at ptolemy.actor.Manager$PtolemyRunThread.run(Manager.java:1933)

    while executing
ptolemy.kernel.util.IllegalActionException: Found a zero delay loop containing .HierarchicalModel.A
  in .HierarchicalModel and .HierarchicalModel.A
    while executing
"java::new ptolemy.moml.MoMLSimpleApplication $file
"
    (procedure "createAndExecute" line 2)
    invoked from within
"createAndExecute $file"
    ("uplevel" body line 5)
    invoked from within
"uplevel $contents_of_test"
------------------ testing $PTII/ptolemy/domains/de/test/auto/knownFailedTests/dependencyLoop2.xml (Known Failure) 
4 ms. Memory: 129024K Free: 77153K (60%)


==== $PTIIhome/travis/build/icyphy/ptII/ptolemy/domains/de/test/../../../../: Auto Automatic test in file $PTII/ptolemy/domains/de/test/auto/knownFailedTests/dependencyLoop2.xml
==== Contents of test case:

	    # FIXME: we should use $relativeFilename here, but it
	    # might have backslashes under Windows, which causes no end
	    # of trouble.
	    createAndExecute $file
	    list {}
	
.... Test generated KNOWN error:
    while executing
ptolemy.kernel.util.IllegalActionException: Found a zero delay loop containing .dependencyLoop2.original
  in .dependencyLoop2 and .dependencyLoop2.original
	at ptolemy.actor.util.CausalityInterfaceForComposites._computeOutputPortDepth(CausalityInterfaceForComposites.java:759)
	at ptolemy.actor.util.CausalityInterfaceForComposites._computeInputDepth(CausalityInterfaceForComposites.java:696)
	at ptolemy.actor.util.CausalityInterfaceForComposites._computeOutputPortDepth(CausalityInterfaceForComposites.java:765)
	at ptolemy.actor.util.CausalityInterfaceForComposites._computeInputDepth(CausalityInterfaceForComposites.java:696)
	at ptolemy.actor.util.CausalityInterfaceForComposites._computeOutputPortDepth(CausalityInterfaceForComposites.java:765)
	at ptolemy.actor.util.CausalityInterfaceForComposites._computeInputDepth(CausalityInterfaceForComposites.java:696)
	at ptolemy.actor.util.CausalityInterfaceForComposites._computeActorDepth(CausalityInterfaceForComposites.java:532)
	at ptolemy.actor.util.CausalityInterfaceForComposites.checkForCycles(CausalityInterfaceForComposites.java:96)
	at ptolemy.domains.de.kernel.DEDirector.preinitialize(DEDirector.java:1338)
	at ptolemy.actor.CompositeActor.preinitialize(CompositeActor.java:1828)
	at ptolemy.actor.Manager.preinitializeAndResolveTypes(Manager.java:1040)
	at ptolemy.actor.Manager.initialize(Manager.java:710)
	at ptolemy.actor.Manager.execute(Manager.java:356)
	at ptolemy.actor.Manager.run(Manager.java:1263)
	at ptolemy.actor.Manager$PtolemyRunThread.run(Manager.java:1933)

    while executing
ptolemy.kernel.util.IllegalActionException: Found a zero delay loop containing .dependencyLoop2.original
  in .dependencyLoop2 and .dependencyLoop2.original
    while executing
"java::new ptolemy.moml.MoMLSimpleApplication $file
"
    (procedure "createAndExecute" line 2)
    invoked from within
"createAndExecute $file"
    ("uplevel" body line 5)
    invoked from within
"uplevel $contents_of_test"
------------------ testing $PTII/ptolemy/domains/de/test/auto/knownFailedTests/DESDFClockTest.xml (Known Failure) 
2067 ms. Memory: 129024K Free: 107569K (83%)


==== $PTIIhome/travis/build/icyphy/ptII/ptolemy/domains/de/test/../../../../: Auto Automatic test in file $PTII/ptolemy/domains/de/test/auto/knownFailedTests/DESDFClockTest.xml
==== Contents of test case:

	    # FIXME: we should use $relativeFilename here, but it
	    # might have backslashes under Windows, which causes no end
	    # of trouble.
	    createAndExecute $file
	    list {}
	
.... Test generated KNOWN error:
    while executing
ptolemy.kernel.util.IllegalActionException: Actor is not ready to fire.  Perhaps UpSample.prefire() returned false? Try debugging the actor by selecting "Listen to Actor".  Also, for SDF check moml for tokenConsumptionRate on input.
  in .DESDFClockTest.Play Bell.Copy1:SDF Director and .DESDFClockTest.Play Bell.UpSample
	at ptolemy.actor.sched.StaticSchedulingDirector.fire(StaticSchedulingDirector.java:227)
	at ptolemy.domains.sdf.kernel.SDFDirector.fire(SDFDirector.java:500)
	at ptolemy.actor.CompositeActor.fire(CompositeActor.java:455)
	at ptolemy.domains.de.kernel.DEDirector._fire(DEDirector.java:1949)
	at ptolemy.domains.de.kernel.DEDirector.fire(DEDirector.java:502)
	at ptolemy.actor.CompositeActor.fire(CompositeActor.java:455)
	at ptolemy.actor.Manager.iterate(Manager.java:851)
	at ptolemy.actor.Manager.execute(Manager.java:369)
	at ptolemy.actor.Manager.run(Manager.java:1263)
	at ptolemy.actor.Manager$PtolemyRunThread.run(Manager.java:1933)

    while executing
ptolemy.kernel.util.IllegalActionException: Actor is not ready to fire.  Perhaps UpSample.prefire() returned false? Try debugging the actor by selecting "Listen to Actor".  Also, for SDF check moml for tokenConsumptionRate on input.
  in .DESDFClockTest.Play Bell.Copy1:SDF Director and .DESDFClockTest.Play Bell.UpSample
    while executing
"java::new ptolemy.moml.MoMLSimpleApplication $file
"
    (procedure "createAndExecute" line 2)
    invoked from within
"createAndExecute $file"
    ("uplevel" body line 5)
    invoked from within
"uplevel $contents_of_test"
------------------ testing $PTII/ptolemy/domains/de/test/auto/ActorDepthCalculation_actorWithoutPorts.xml
auto.tcl: Setting watchdog for 200 seconds at Fri Oct 02 15:42:07 UTC 2020
8 ms. Memory: 129024K Free: 99891K (77%)
ptolemy.util.test.WatchDog.cancel(): canceling Fri Oct 02 15:42:07 UTC 2020
auto.tcl: Setting watchdog for 200 seconds at Fri Oct 02 15:42:07 UTC 2020
4 ms. Memory: 129024K Free: 98353K (76%)
ptolemy.util.test.WatchDog.cancel(): canceling Fri Oct 02 15:42:07 UTC 2020
------------------ testing $PTII/ptolemy/domains/de/test/auto/AssemblyLine.xml
auto.tcl: Setting watchdog for 200 seconds at Fri Oct 02 15:42:08 UTC 2020
17 ms. Memory: 51200K Free: 27486K (54%)
ptolemy.util.test.WatchDog.cancel(): canceling Fri Oct 02 15:42:08 UTC 2020
auto.tcl: Setting watchdog for 200 seconds at Fri Oct 02 15:42:08 UTC 2020
8 ms. Memory: 51200K Free: 27018K (53%)
ptolemy.util.test.WatchDog.cancel(): canceling Fri Oct 02 15:42:08 UTC 2020
------------------ testing $PTII/ptolemy/domains/de/test/auto/CQBug1.xml
auto.tcl: Setting watchdog for 200 seconds at Fri Oct 02 15:42:08 UTC 2020
3 ms. Memory: 51200K Free: 33835K (66%)
ptolemy.util.test.WatchDog.cancel(): canceling Fri Oct 02 15:42:08 UTC 2020
auto.tcl: Setting watchdog for 200 seconds at Fri Oct 02 15:42:08 UTC 2020
2 ms. Memory: 51200K Free: 33357K (65%)
ptolemy.util.test.WatchDog.cancel(): canceling Fri Oct 02 15:42:08 UTC 2020
------------------ testing $PTII/ptolemy/domains/de/test/auto/CancelFireAt.xml
auto.tcl: Setting watchdog for 200 seconds at Fri Oct 02 15:42:08 UTC 2020
2 ms. Memory: 51200K Free: 34468K (67%)
ptolemy.util.test.WatchDog.cancel(): canceling Fri Oct 02 15:42:08 UTC 2020
auto.tcl: Setting watchdog for 200 seconds at Fri Oct 02 15:42:08 UTC 2020
2 ms. Memory: 51200K Free: 34000K (66%)
ptolemy.util.test.WatchDog.cancel(): canceling Fri Oct 02 15:42:08 UTC 2020
------------------ testing $PTII/ptolemy/domains/de/test/auto/CausalityAndComposabilityAnalysis.xml
auto.tcl: Setting watchdog for 200 seconds at Fri Oct 02 15:42:08 UTC 2020
15 ms. Memory: 51200K Free: 32355K (63%)
ptolemy.util.test.WatchDog.cancel(): canceling Fri Oct 02 15:42:08 UTC 2020
auto.tcl: Setting watchdog for 200 seconds at Fri Oct 02 15:42:08 UTC 2020
4 ms. Memory: 51200K Free: 31960K (62%)
ptolemy.util.test.WatchDog.cancel(): canceling Fri Oct 02 15:42:08 UTC 2020
------------------ testing $PTII/ptolemy/domains/de/test/auto/CausalityInterface1.xml
auto.tcl: Setting watchdog for 200 seconds at Fri Oct 02 15:42:08 UTC 2020
29 ms. Memory: 51200K Free: 31364K (61%)
ptolemy.util.test.WatchDog.cancel(): canceling Fri Oct 02 15:42:08 UTC 2020
auto.tcl: Setting watchdog for 200 seconds at Fri Oct 02 15:42:08 UTC 2020
4 ms. Memory: 51200K Free: 30391K (59%)
ptolemy.util.test.WatchDog.cancel(): canceling Fri Oct 02 15:42:08 UTC 2020
------------------ testing $PTII/ptolemy/domains/de/test/auto/CausalityInterface15.xml
auto.tcl: Setting watchdog for 200 seconds at Fri Oct 02 15:42:08 UTC 2020
13 ms. Memory: 51200K Free: 31282K (61%)
ptolemy.util.test.WatchDog.cancel(): canceling Fri Oct 02 15:42:08 UTC 2020
auto.tcl: Setting watchdog for 200 seconds at Fri Oct 02 15:42:08 UTC 2020
9 ms. Memory: 51200K Free: 30340K (59%)
ptolemy.util.test.WatchDog.cancel(): canceling Fri Oct 02 15:42:08 UTC 2020
------------------ testing $PTII/ptolemy/domains/de/test/auto/CausalityInterface2.xml
auto.tcl: Setting watchdog for 200 seconds at Fri Oct 02 15:42:09 UTC 2020
9 ms. Memory: 51200K Free: 31544K (62%)
ptolemy.util.test.WatchDog.cancel(): canceling Fri Oct 02 15:42:09 UTC 2020
auto.tcl: Setting watchdog for 200 seconds at Fri Oct 02 15:42:09 UTC 2020
3 ms. Memory: 51200K Free: 31068K (61%)
ptolemy.util.test.WatchDog.cancel(): canceling Fri Oct 02 15:42:09 UTC 2020
------------------ testing $PTII/ptolemy/domains/de/test/auto/CausalityInterface3.xml
auto.tcl: Setting watchdog for 200 seconds at Fri Oct 02 15:42:09 UTC 2020
3 ms. Memory: 51200K Free: 31546K (62%)
ptolemy.util.test.WatchDog.cancel(): canceling Fri Oct 02 15:42:09 UTC 2020
auto.tcl: Setting watchdog for 200 seconds at Fri Oct 02 15:42:09 UTC 2020
3 ms. Memory: 51200K Free: 31062K (61%)
ptolemy.util.test.WatchDog.cancel(): canceling Fri Oct 02 15:42:09 UTC 2020
------------------ testing $PTII/ptolemy/domains/de/test/auto/ClockDrift.xml
auto.tcl: Setting watchdog for 200 seconds at Fri Oct 02 15:42:09 UTC 2020
74 ms. Memory: 51200K Free: 24149K (47%)
ptolemy.util.test.WatchDog.cancel(): canceling Fri Oct 02 15:42:09 UTC 2020
auto.tcl: Setting watchdog for 200 seconds at Fri Oct 02 15:42:09 UTC 2020
52 ms. Memory: 51200K Free: 21139K (41%)
ptolemy.util.test.WatchDog.cancel(): canceling Fri Oct 02 15:42:09 UTC 2020
------------------ testing $PTII/ptolemy/domains/de/test/auto/ClockDriftAndValueChange.xml
auto.tcl: Setting watchdog for 200 seconds at Fri Oct 02 15:42:09 UTC 2020
47 ms. Memory: 51200K Free: 24252K (47%)
ptolemy.util.test.WatchDog.cancel(): canceling Fri Oct 02 15:42:09 UTC 2020
auto.tcl: Setting watchdog for 200 seconds at Fri Oct 02 15:42:09 UTC 2020
54 ms. Memory: 51200K Free: 21438K (42%)
ptolemy.util.test.WatchDog.cancel(): canceling Fri Oct 02 15:42:09 UTC 2020
------------------ testing $PTII/ptolemy/domains/de/test/auto/ClockDriftChange.xml
auto.tcl: Setting watchdog for 200 seconds at Fri Oct 02 15:42:09 UTC 2020
32 ms. Memory: 51200K Free: 26019K (51%)
ptolemy.util.test.WatchDog.cancel(): canceling Fri Oct 02 15:42:09 UTC 2020
auto.tcl: Setting watchdog for 200 seconds at Fri Oct 02 15:42:09 UTC 2020
28 ms. Memory: 51200K Free: 23482K (46%)
ptolemy.util.test.WatchDog.cancel(): canceling Fri Oct 02 15:42:09 UTC 2020
------------------ testing $PTII/ptolemy/domains/de/test/auto/ComposableCausalityAnalysis.xml
auto.tcl: Setting watchdog for 200 seconds at Fri Oct 02 15:42:09 UTC 2020
3 ms. Memory: 51200K Free: 30823K (60%)
ptolemy.util.test.WatchDog.cancel(): canceling Fri Oct 02 15:42:09 UTC 2020
auto.tcl: Setting watchdog for 200 seconds at Fri Oct 02 15:42:09 UTC 2020
6 ms. Memory: 51200K Free: 29794K (58%)
ptolemy.util.test.WatchDog.cancel(): canceling Fri Oct 02 15:42:09 UTC 2020
------------------ testing $PTII/ptolemy/domains/de/test/auto/DEFixedPointLimitation.xml
auto.tcl: Setting watchdog for 200 seconds at Fri Oct 02 15:42:10 UTC 2020
3 ms. Memory: 51200K Free: 32257K (63%)
ptolemy.util.test.WatchDog.cancel(): canceling Fri Oct 02 15:42:10 UTC 2020
auto.tcl: Setting watchdog for 200 seconds at Fri Oct 02 15:42:10 UTC 2020
2 ms. Memory: 51200K Free: 31357K (61%)
ptolemy.util.test.WatchDog.cancel(): canceling Fri Oct 02 15:42:10 UTC 2020
------------------ testing $PTII/ptolemy/domains/de/test/auto/DEScheduleTest.xml
auto.tcl: Setting watchdog for 200 seconds at Fri Oct 02 15:42:10 UTC 2020
7 ms. Memory: 51200K Free: 32583K (64%)
ptolemy.util.test.WatchDog.cancel(): canceling Fri Oct 02 15:42:10 UTC 2020
auto.tcl: Setting watchdog for 200 seconds at Fri Oct 02 15:42:10 UTC 2020
4 ms. Memory: 51200K Free: 31827K (62%)
ptolemy.util.test.WatchDog.cancel(): canceling Fri Oct 02 15:42:10 UTC 2020
------------------ testing $PTII/ptolemy/domains/de/test/auto/DEinDEwithStartTimes.xml
auto.tcl: Setting watchdog for 200 seconds at Fri Oct 02 15:42:10 UTC 2020
7 ms. Memory: 51200K Free: 30754K (60%)
ptolemy.util.test.WatchDog.cancel(): canceling Fri Oct 02 15:42:10 UTC 2020
auto.tcl: Setting watchdog for 200 seconds at Fri Oct 02 15:42:10 UTC 2020
4 ms. Memory: 51200K Free: 29730K (58%)
ptolemy.util.test.WatchDog.cancel(): canceling Fri Oct 02 15:42:10 UTC 2020
------------------ testing $PTII/ptolemy/domains/de/test/auto/DEinDEwithStartTimes2.xml
auto.tcl: Setting watchdog for 200 seconds at Fri Oct 02 15:42:10 UTC 2020
10 ms. Memory: 51200K Free: 29862K (58%)
ptolemy.util.test.WatchDog.cancel(): canceling Fri Oct 02 15:42:10 UTC 2020
auto.tcl: Setting watchdog for 200 seconds at Fri Oct 02 15:42:10 UTC 2020
4 ms. Memory: 51200K Free: 28685K (56%)
ptolemy.util.test.WatchDog.cancel(): canceling Fri Oct 02 15:42:10 UTC 2020
------------------ testing $PTII/ptolemy/domains/de/test/auto/DateDemo.xml
auto.tcl: Setting watchdog for 200 seconds at Fri Oct 02 15:42:10 UTC 2020
22 ms. Memory: 51200K Free: 24297K (47%)
ptolemy.util.test.WatchDog.cancel(): canceling Fri Oct 02 15:42:10 UTC 2020
auto.tcl: Setting watchdog for 200 seconds at Fri Oct 02 15:42:10 UTC 2020
9 ms. Memory: 51200K Free: 22647K (44%)
ptolemy.util.test.WatchDog.cancel(): canceling Fri Oct 02 15:42:10 UTC 2020
------------------ testing $PTII/ptolemy/domains/de/test/auto/DateToEvent.xml
auto.tcl: Setting watchdog for 200 seconds at Fri Oct 02 15:42:10 UTC 2020
2020 ms. Memory: 51200K Free: 20250K (40%)
ptolemy.util.test.WatchDog.cancel(): canceling Fri Oct 02 15:42:12 UTC 2020
auto.tcl: Setting watchdog for 200 seconds at Fri Oct 02 15:42:12 UTC 2020
2006 ms. Memory: 51200K Free: 19357K (38%)
ptolemy.util.test.WatchDog.cancel(): canceling Fri Oct 02 15:42:14 UTC 2020
------------------ testing $PTII/ptolemy/domains/de/test/auto/DepthTest1.xml
auto.tcl: Setting watchdog for 200 seconds at Fri Oct 02 15:42:14 UTC 2020
3 ms. Memory: 51200K Free: 33413K (65%)
ptolemy.util.test.WatchDog.cancel(): canceling Fri Oct 02 15:42:14 UTC 2020
auto.tcl: Setting watchdog for 200 seconds at Fri Oct 02 15:42:14 UTC 2020
2 ms. Memory: 51200K Free: 32927K (64%)
ptolemy.util.test.WatchDog.cancel(): canceling Fri Oct 02 15:42:14 UTC 2020
------------------ testing $PTII/ptolemy/domains/de/test/auto/DepthTest2.xml
auto.tcl: Setting watchdog for 200 seconds at Fri Oct 02 15:42:14 UTC 2020
11 ms. Memory: 51200K Free: 30184K (59%)
ptolemy.util.test.WatchDog.cancel(): canceling Fri Oct 02 15:42:14 UTC 2020
auto.tcl: Setting watchdog for 200 seconds at Fri Oct 02 15:42:14 UTC 2020
2 ms. Memory: 51200K Free: 29739K (58%)
ptolemy.util.test.WatchDog.cancel(): canceling Fri Oct 02 15:42:14 UTC 2020
------------------ testing $PTII/ptolemy/domains/de/test/auto/DepthTest3.xml
auto.tcl: Setting watchdog for 200 seconds at Fri Oct 02 15:42:14 UTC 2020
4 ms. Memory: 51200K Free: 33121K (65%)
ptolemy.util.test.WatchDog.cancel(): canceling Fri Oct 02 15:42:14 UTC 2020
auto.tcl: Setting watchdog for 200 seconds at Fri Oct 02 15:42:14 UTC 2020
1 ms. Memory: 51200K Free: 32702K (64%)
ptolemy.util.test.WatchDog.cancel(): canceling Fri Oct 02 15:42:14 UTC 2020
------------------ testing $PTII/ptolemy/domains/de/test/auto/DepthTest4.xml
auto.tcl: Setting watchdog for 200 seconds at Fri Oct 02 15:42:14 UTC 2020
4 ms. Memory: 51200K Free: 31975K (62%)
ptolemy.util.test.WatchDog.cancel(): canceling Fri Oct 02 15:42:15 UTC 2020
auto.tcl: Setting watchdog for 200 seconds at Fri Oct 02 15:42:15 UTC 2020
2 ms. Memory: 51200K Free: 31300K (61%)
ptolemy.util.test.WatchDog.cancel(): canceling Fri Oct 02 15:42:15 UTC 2020
------------------ testing $PTII/ptolemy/domains/de/test/auto/DepthTest5.xml
auto.tcl: Setting watchdog for 200 seconds at Fri Oct 02 15:42:15 UTC 2020
3 ms. Memory: 51200K Free: 31423K (61%)
ptolemy.util.test.WatchDog.cancel(): canceling Fri Oct 02 15:42:15 UTC 2020
auto.tcl: Setting watchdog for 200 seconds at Fri Oct 02 15:42:15 UTC 2020
2 ms. Memory: 51200K Free: 30687K (60%)
ptolemy.util.test.WatchDog.cancel(): canceling Fri Oct 02 15:42:15 UTC 2020
------------------ testing $PTII/ptolemy/domains/de/test/auto/DepthTest6.xml
auto.tcl: Setting watchdog for 200 seconds at Fri Oct 02 15:42:15 UTC 2020
11 ms. Memory: 51200K Free: 31153K (61%)
ptolemy.util.test.WatchDog.cancel(): canceling Fri Oct 02 15:42:15 UTC 2020
auto.tcl: Setting watchdog for 200 seconds at Fri Oct 02 15:42:15 UTC 2020
4 ms. Memory: 51200K Free: 30700K (60%)
ptolemy.util.test.WatchDog.cancel(): canceling Fri Oct 02 15:42:15 UTC 2020
------------------ testing $PTII/ptolemy/domains/de/test/auto/DepthTest7.xml
auto.tcl: Setting watchdog for 200 seconds at Fri Oct 02 15:42:15 UTC 2020
3 ms. Memory: 51200K Free: 31899K (62%)
ptolemy.util.test.WatchDog.cancel(): canceling Fri Oct 02 15:42:15 UTC 2020
auto.tcl: Setting watchdog for 200 seconds at Fri Oct 02 15:42:15 UTC 2020
3 ms. Memory: 51200K Free: 31238K (61%)
ptolemy.util.test.WatchDog.cancel(): canceling Fri Oct 02 15:42:15 UTC 2020
------------------ testing $PTII/ptolemy/domains/de/test/auto/EventToDate.xml
auto.tcl: Setting watchdog for 200 seconds at Fri Oct 02 15:42:15 UTC 2020
3005 ms. Memory: 51200K Free: 22707K (44%)
ptolemy.util.test.WatchDog.cancel(): canceling Fri Oct 02 15:42:18 UTC 2020
auto.tcl: Setting watchdog for 200 seconds at Fri Oct 02 15:42:18 UTC 2020
3004 ms. Memory: 51200K Free: 22051K (43%)
ptolemy.util.test.WatchDog.cancel(): canceling Fri Oct 02 15:42:21 UTC 2020
------------------ testing $PTII/ptolemy/domains/de/test/auto/FSM1.xml
auto.tcl: Setting watchdog for 200 seconds at Fri Oct 02 15:42:21 UTC 2020
30 ms. Memory: 51200K Free: 23962K (47%)
ptolemy.util.test.WatchDog.cancel(): canceling Fri Oct 02 15:42:21 UTC 2020
auto.tcl: Setting watchdog for 200 seconds at Fri Oct 02 15:42:21 UTC 2020
22 ms. Memory: 51200K Free: 20692K (40%)
ptolemy.util.test.WatchDog.cancel(): canceling Fri Oct 02 15:42:21 UTC 2020
------------------ testing $PTII/ptolemy/domains/de/test/auto/FSM7.xml
auto.tcl: Setting watchdog for 200 seconds at Fri Oct 02 15:42:21 UTC 2020
28 ms. Memory: 51200K Free: 23622K (46%)
ptolemy.util.test.WatchDog.cancel(): canceling Fri Oct 02 15:42:21 UTC 2020
auto.tcl: Setting watchdog for 200 seconds at Fri Oct 02 15:42:21 UTC 2020
25 ms. Memory: 51200K Free: 20467K (40%)
ptolemy.util.test.WatchDog.cancel(): canceling Fri Oct 02 15:42:21 UTC 2020
------------------ testing $PTII/ptolemy/domains/de/test/auto/Inspection.xml
auto.tcl: Setting watchdog for 200 seconds at Fri Oct 02 15:42:21 UTC 2020
25 ms. Memory: 51200K Free: 23618K (46%)
ptolemy.util.test.WatchDog.cancel(): canceling Fri Oct 02 15:42:21 UTC 2020
auto.tcl: Setting watchdog for 200 seconds at Fri Oct 02 15:42:21 UTC 2020
22 ms. Memory: 51200K Free: 21935K (43%)
ptolemy.util.test.WatchDog.cancel(): canceling Fri Oct 02 15:42:21 UTC 2020
------------------ testing $PTII/ptolemy/domains/de/test/auto/Iteration.xml
auto.tcl: Setting watchdog for 200 seconds at Fri Oct 02 15:42:21 UTC 2020
6 ms. Memory: 51200K Free: 29194K (57%)
ptolemy.util.test.WatchDog.cancel(): canceling Fri Oct 02 15:42:21 UTC 2020
auto.tcl: Setting watchdog for 200 seconds at Fri Oct 02 15:42:21 UTC 2020
7 ms. Memory: 51200K Free: 28011K (55%)
ptolemy.util.test.WatchDog.cancel(): canceling Fri Oct 02 15:42:21 UTC 2020
------------------ testing $PTII/ptolemy/domains/de/test/auto/LineFault.xml
auto.tcl: Setting watchdog for 200 seconds at Fri Oct 02 15:42:21 UTC 2020
643 ms. Memory: 51200K Free: 17306K (34%)
ptolemy.util.test.WatchDog.cancel(): canceling Fri Oct 02 15:42:22 UTC 2020
auto.tcl: Setting watchdog for 200 seconds at Fri Oct 02 15:42:22 UTC 2020
546 ms. Memory: 61440K Free: 20501K (33%)
ptolemy.util.test.WatchDog.cancel(): canceling Fri Oct 02 15:42:23 UTC 2020
------------------ testing $PTII/ptolemy/domains/de/test/auto/MergeModel1Add.xml
auto.tcl: Setting watchdog for 200 seconds at Fri Oct 02 15:42:23 UTC 2020
34 ms. Memory: 55296K Free: 19523K (35%)
ptolemy.util.test.WatchDog.cancel(): canceling Fri Oct 02 15:42:23 UTC 2020
auto.tcl: Setting watchdog for 200 seconds at Fri Oct 02 15:42:23 UTC 2020
12 ms. Memory: 55296K Free: 17904K (32%)
ptolemy.util.test.WatchDog.cancel(): canceling Fri Oct 02 15:42:23 UTC 2020
------------------ testing $PTII/ptolemy/domains/de/test/auto/MergeModel2Add.xml
auto.tcl: Setting watchdog for 200 seconds at Fri Oct 02 15:42:23 UTC 2020
8 ms. Memory: 55296K Free: 21504K (39%)
ptolemy.util.test.WatchDog.cancel(): canceling Fri Oct 02 15:42:23 UTC 2020
auto.tcl: Setting watchdog for 200 seconds at Fri Oct 02 15:42:23 UTC 2020
7 ms. Memory: 55296K Free: 19608K (35%)
ptolemy.util.test.WatchDog.cancel(): canceling Fri Oct 02 15:42:23 UTC 2020
------------------ testing $PTII/ptolemy/domains/de/test/auto/MergeModel3Add.xml
auto.tcl: Setting watchdog for 200 seconds at Fri Oct 02 15:42:23 UTC 2020
10 ms. Memory: 55296K Free: 21583K (39%)
ptolemy.util.test.WatchDog.cancel(): canceling Fri Oct 02 15:42:23 UTC 2020
auto.tcl: Setting watchdog for 200 seconds at Fri Oct 02 15:42:23 UTC 2020
10 ms. Memory: 55296K Free: 20166K (36%)
ptolemy.util.test.WatchDog.cancel(): canceling Fri Oct 02 15:42:23 UTC 2020
------------------ testing $PTII/ptolemy/domains/de/test/auto/MergeWithoutDiscard.xml
auto.tcl: Setting watchdog for 200 seconds at Fri Oct 02 15:42:23 UTC 2020
2 ms. Memory: 51200K Free: 32027K (63%)
ptolemy.util.test.WatchDog.cancel(): canceling Fri Oct 02 15:42:23 UTC 2020
auto.tcl: Setting watchdog for 200 seconds at Fri Oct 02 15:42:23 UTC 2020
2 ms. Memory: 51200K Free: 31583K (62%)
ptolemy.util.test.WatchDog.cancel(): canceling Fri Oct 02 15:42:23 UTC 2020
------------------ testing $PTII/ptolemy/domains/de/test/auto/Modal1.xml
auto.tcl: Setting watchdog for 200 seconds at Fri Oct 02 15:42:23 UTC 2020
15 ms. Memory: 51200K Free: 23959K (47%)
ptolemy.util.test.WatchDog.cancel(): canceling Fri Oct 02 15:42:23 UTC 2020
auto.tcl: Setting watchdog for 200 seconds at Fri Oct 02 15:42:23 UTC 2020
12 ms. Memory: 51200K Free: 20510K (40%)
ptolemy.util.test.WatchDog.cancel(): canceling Fri Oct 02 15:42:23 UTC 2020
------------------ testing $PTII/ptolemy/domains/de/test/auto/Modal2.xml
auto.tcl: Setting watchdog for 200 seconds at Fri Oct 02 15:42:24 UTC 2020
16 ms. Memory: 51200K Free: 24093K (47%)
ptolemy.util.test.WatchDog.cancel(): canceling Fri Oct 02 15:42:24 UTC 2020
auto.tcl: Setting watchdog for 200 seconds at Fri Oct 02 15:42:24 UTC 2020
18 ms. Memory: 51200K Free: 20853K (41%)
ptolemy.util.test.WatchDog.cancel(): canceling Fri Oct 02 15:42:24 UTC 2020
------------------ testing $PTII/ptolemy/domains/de/test/auto/Modal3.xml
auto.tcl: Setting watchdog for 200 seconds at Fri Oct 02 15:42:24 UTC 2020
15 ms. Memory: 51200K Free: 24062K (47%)
ptolemy.util.test.WatchDog.cancel(): canceling Fri Oct 02 15:42:24 UTC 2020
auto.tcl: Setting watchdog for 200 seconds at Fri Oct 02 15:42:24 UTC 2020
13 ms. Memory: 51200K Free: 20835K (41%)
ptolemy.util.test.WatchDog.cancel(): canceling Fri Oct 02 15:42:24 UTC 2020
------------------ testing $PTII/ptolemy/domains/de/test/auto/Modal4.xml
auto.tcl: Setting watchdog for 200 seconds at Fri Oct 02 15:42:24 UTC 2020
24 ms. Memory: 51200K Free: 23044K (45%)
ptolemy.util.test.WatchDog.cancel(): canceling Fri Oct 02 15:42:24 UTC 2020
auto.tcl: Setting watchdog for 200 seconds at Fri Oct 02 15:42:24 UTC 2020
22 ms. Memory: 51200K Free: 19226K (38%)
ptolemy.util.test.WatchDog.cancel(): canceling Fri Oct 02 15:42:24 UTC 2020
------------------ testing $PTII/ptolemy/domains/de/test/auto/Modal5.xml
auto.tcl: Setting watchdog for 200 seconds at Fri Oct 02 15:42:24 UTC 2020
14 ms. Memory: 51200K Free: 23061K (45%)
ptolemy.util.test.WatchDog.cancel(): canceling Fri Oct 02 15:42:24 UTC 2020
auto.tcl: Setting watchdog for 200 seconds at Fri Oct 02 15:42:24 UTC 2020
14 ms. Memory: 51200K Free: 19213K (38%)
ptolemy.util.test.WatchDog.cancel(): canceling Fri Oct 02 15:42:24 UTC 2020
------------------ testing $PTII/ptolemy/domains/de/test/auto/Modal6.xml
auto.tcl: Setting watchdog for 200 seconds at Fri Oct 02 15:42:24 UTC 2020
17 ms. Memory: 51200K Free: 23823K (47%)
ptolemy.util.test.WatchDog.cancel(): canceling Fri Oct 02 15:42:24 UTC 2020
auto.tcl: Setting watchdog for 200 seconds at Fri Oct 02 15:42:24 UTC 2020
16 ms. Memory: 51200K Free: 19825K (39%)
ptolemy.util.test.WatchDog.cancel(): canceling Fri Oct 02 15:42:24 UTC 2020
------------------ testing $PTII/ptolemy/domains/de/test/auto/Modal7.xml
auto.tcl: Setting watchdog for 200 seconds at Fri Oct 02 15:42:24 UTC 2020
13 ms. Memory: 51200K Free: 22780K (44%)
ptolemy.util.test.WatchDog.cancel(): canceling Fri Oct 02 15:42:24 UTC 2020
auto.tcl: Setting watchdog for 200 seconds at Fri Oct 02 15:42:24 UTC 2020
9 ms. Memory: 51200K Free: 19212K (38%)
ptolemy.util.test.WatchDog.cancel(): canceling Fri Oct 02 15:42:24 UTC 2020
------------------ testing $PTII/ptolemy/domains/de/test/auto/ModalModel.xml
auto.tcl: Setting watchdog for 200 seconds at Fri Oct 02 15:42:24 UTC 2020
199 ms. Memory: 51200K Free: 17312K (34%)
ptolemy.util.test.WatchDog.cancel(): canceling Fri Oct 02 15:42:24 UTC 2020
auto.tcl: Setting watchdog for 200 seconds at Fri Oct 02 15:42:24 UTC 2020
195 ms. Memory: 67584K Free: 27084K (40%)
ptolemy.util.test.WatchDog.cancel(): canceling Fri Oct 02 15:42:25 UTC 2020
------------------ testing $PTII/ptolemy/domains/de/test/auto/ModalSource.xml
auto.tcl: Setting watchdog for 200 seconds at Fri Oct 02 15:42:25 UTC 2020
6 ms. Memory: 51200K Free: 27886K (54%)
ptolemy.util.test.WatchDog.cancel(): canceling Fri Oct 02 15:42:25 UTC 2020
auto.tcl: Setting watchdog for 200 seconds at Fri Oct 02 15:42:25 UTC 2020
6 ms. Memory: 51200K Free: 25838K (50%)
ptolemy.util.test.WatchDog.cancel(): canceling Fri Oct 02 15:42:25 UTC 2020
------------------ testing $PTII/ptolemy/domains/de/test/auto/NonInterruptibleTimerZeroDelay.xml
auto.tcl: Setting watchdog for 200 seconds at Fri Oct 02 15:42:25 UTC 2020
3 ms. Memory: 51200K Free: 32822K (64%)
ptolemy.util.test.WatchDog.cancel(): canceling Fri Oct 02 15:42:25 UTC 2020
auto.tcl: Setting watchdog for 200 seconds at Fri Oct 02 15:42:25 UTC 2020
2 ms. Memory: 51200K Free: 32163K (63%)
ptolemy.util.test.WatchDog.cancel(): canceling Fri Oct 02 15:42:25 UTC 2020
------------------ testing $PTII/ptolemy/domains/de/test/auto/OpenQueueingNetwork.xml
auto.tcl: Setting watchdog for 200 seconds at Fri Oct 02 15:42:25 UTC 2020
2723 ms. Memory: 128000K Free: 88824K (69%)
ptolemy.util.test.WatchDog.cancel(): canceling Fri Oct 02 15:42:28 UTC 2020
auto.tcl: Setting watchdog for 200 seconds at Fri Oct 02 15:42:28 UTC 2020
2285 ms. Memory: 153600K Free: 115281K (75%)
ptolemy.util.test.WatchDog.cancel(): canceling Fri Oct 02 15:42:30 UTC 2020
------------------ testing $PTII/ptolemy/domains/de/test/auto/OpenQueuingNetwork.xml
auto.tcl: Setting watchdog for 200 seconds at Fri Oct 02 15:42:30 UTC 2020
233 ms. Memory: 58368K Free: 32044K (55%)
ptolemy.util.test.WatchDog.cancel(): canceling Fri Oct 02 15:42:30 UTC 2020
auto.tcl: Setting watchdog for 200 seconds at Fri Oct 02 15:42:30 UTC 2020
227 ms. Memory: 58368K Free: 13519K (23%)
ptolemy.util.test.WatchDog.cancel(): canceling Fri Oct 02 15:42:31 UTC 2020
------------------ testing $PTII/ptolemy/domains/de/test/auto/PeriodicSampler.xml
auto.tcl: Setting watchdog for 200 seconds at Fri Oct 02 15:42:31 UTC 2020
4 ms. Memory: 55296K Free: 36115K (65%)
ptolemy.util.test.WatchDog.cancel(): canceling Fri Oct 02 15:42:31 UTC 2020
auto.tcl: Setting watchdog for 200 seconds at Fri Oct 02 15:42:31 UTC 2020
3 ms. Memory: 55296K Free: 35595K (64%)
ptolemy.util.test.WatchDog.cancel(): canceling Fri Oct 02 15:42:31 UTC 2020
------------------ testing $PTII/ptolemy/domains/de/test/auto/PersistentIO.xml
auto.tcl: Setting watchdog for 200 seconds at Fri Oct 02 15:42:31 UTC 2020
5 ms. Memory: 55296K Free: 31040K (56%)
ptolemy.util.test.WatchDog.cancel(): canceling Fri Oct 02 15:42:31 UTC 2020
auto.tcl: Setting watchdog for 200 seconds at Fri Oct 02 15:42:31 UTC 2020
4 ms. Memory: 55296K Free: 29520K (53%)
ptolemy.util.test.WatchDog.cancel(): canceling Fri Oct 02 15:42:31 UTC 2020
------------------ testing $PTII/ptolemy/domains/de/test/auto/PortParameterResetOnInitialize.xml
auto.tcl: Setting watchdog for 200 seconds at Fri Oct 02 15:42:31 UTC 2020
7 ms. Memory: 55296K Free: 36034K (65%)
ptolemy.util.test.WatchDog.cancel(): canceling Fri Oct 02 15:42:31 UTC 2020
auto.tcl: Setting watchdog for 200 seconds at Fri Oct 02 15:42:31 UTC 2020
4 ms. Memory: 55296K Free: 35527K (64%)
ptolemy.util.test.WatchDog.cancel(): canceling Fri Oct 02 15:42:31 UTC 2020
------------------ testing $PTII/ptolemy/domains/de/test/auto/PortParameterUpdates.xml
auto.tcl: Setting watchdog for 200 seconds at Fri Oct 02 15:42:31 UTC 2020
6 ms. Memory: 55296K Free: 34107K (62%)
ptolemy.util.test.WatchDog.cancel(): canceling Fri Oct 02 15:42:31 UTC 2020
auto.tcl: Setting watchdog for 200 seconds at Fri Oct 02 15:42:31 UTC 2020
4 ms. Memory: 55296K Free: 33083K (60%)
ptolemy.util.test.WatchDog.cancel(): canceling Fri Oct 02 15:42:31 UTC 2020
------------------ testing $PTII/ptolemy/domains/de/test/auto/QueueAndServer.xml
auto.tcl: Setting watchdog for 200 seconds at Fri Oct 02 15:42:31 UTC 2020
5 ms. Memory: 55296K Free: 33061K (60%)
ptolemy.util.test.WatchDog.cancel(): canceling Fri Oct 02 15:42:31 UTC 2020
auto.tcl: Setting watchdog for 200 seconds at Fri Oct 02 15:42:31 UTC 2020
6 ms. Memory: 55296K Free: 31527K (57%)
ptolemy.util.test.WatchDog.cancel(): canceling Fri Oct 02 15:42:31 UTC 2020
------------------ testing $PTII/ptolemy/domains/de/test/auto/Records.xml
auto.tcl: Setting watchdog for 200 seconds at Fri Oct 02 15:42:31 UTC 2020
4 ms. Memory: 51200K Free: 31172K (61%)
ptolemy.util.test.WatchDog.cancel(): canceling Fri Oct 02 15:42:31 UTC 2020
auto.tcl: Setting watchdog for 200 seconds at Fri Oct 02 15:42:31 UTC 2020
2 ms. Memory: 51200K Free: 30660K (60%)
ptolemy.util.test.WatchDog.cancel(): canceling Fri Oct 02 15:42:31 UTC 2020
------------------ testing $PTII/ptolemy/domains/de/test/auto/ResetTransitionWithStartTime1.xml
auto.tcl: Setting watchdog for 200 seconds at Fri Oct 02 15:42:31 UTC 2020
14 ms. Memory: 51200K Free: 28428K (56%)
ptolemy.util.test.WatchDog.cancel(): canceling Fri Oct 02 15:42:31 UTC 2020
auto.tcl: Setting watchdog for 200 seconds at Fri Oct 02 15:42:31 UTC 2020
6 ms. Memory: 51200K Free: 26380K (52%)
ptolemy.util.test.WatchDog.cancel(): canceling Fri Oct 02 15:42:31 UTC 2020
------------------ testing $PTII/ptolemy/domains/de/test/auto/ResetTransitionWithStartTime2.xml
auto.tcl: Setting watchdog for 200 seconds at Fri Oct 02 15:42:31 UTC 2020
5 ms. Memory: 51200K Free: 28420K (56%)
ptolemy.util.test.WatchDog.cancel(): canceling Fri Oct 02 15:42:31 UTC 2020
auto.tcl: Setting watchdog for 200 seconds at Fri Oct 02 15:42:31 UTC 2020
5 ms. Memory: 51200K Free: 26335K (51%)
ptolemy.util.test.WatchDog.cancel(): canceling Fri Oct 02 15:42:31 UTC 2020
------------------ testing $PTII/ptolemy/domains/de/test/auto/ResetTransitionWithStartTime3.xml
auto.tcl: Setting watchdog for 200 seconds at Fri Oct 02 15:42:31 UTC 2020
13 ms. Memory: 51200K Free: 28419K (56%)
ptolemy.util.test.WatchDog.cancel(): canceling Fri Oct 02 15:42:31 UTC 2020
auto.tcl: Setting watchdog for 200 seconds at Fri Oct 02 15:42:31 UTC 2020
6 ms. Memory: 51200K Free: 26334K (51%)
ptolemy.util.test.WatchDog.cancel(): canceling Fri Oct 02 15:42:31 UTC 2020
------------------ testing $PTII/ptolemy/domains/de/test/auto/ResetTransitionWithStartTime4.xml
auto.tcl: Setting watchdog for 200 seconds at Fri Oct 02 15:42:31 UTC 2020
12 ms. Memory: 51200K Free: 28829K (56%)
ptolemy.util.test.WatchDog.cancel(): canceling Fri Oct 02 15:42:31 UTC 2020
auto.tcl: Setting watchdog for 200 seconds at Fri Oct 02 15:42:31 UTC 2020
4 ms. Memory: 51200K Free: 27357K (53%)
ptolemy.util.test.WatchDog.cancel(): canceling Fri Oct 02 15:42:31 UTC 2020
------------------ testing $PTII/ptolemy/domains/de/test/auto/ResettableTimer1.xml
auto.tcl: Setting watchdog for 200 seconds at Fri Oct 02 15:42:31 UTC 2020
2 ms. Memory: 51200K Free: 32549K (64%)
ptolemy.util.test.WatchDog.cancel(): canceling Fri Oct 02 15:42:31 UTC 2020
auto.tcl: Setting watchdog for 200 seconds at Fri Oct 02 15:42:31 UTC 2020
2 ms. Memory: 51200K Free: 31929K (62%)
ptolemy.util.test.WatchDog.cancel(): canceling Fri Oct 02 15:42:31 UTC 2020
------------------ testing $PTII/ptolemy/domains/de/test/auto/ResettableTimer2.xml
auto.tcl: Setting watchdog for 200 seconds at Fri Oct 02 15:42:32 UTC 2020
2 ms. Memory: 51200K Free: 32653K (64%)
ptolemy.util.test.WatchDog.cancel(): canceling Fri Oct 02 15:42:32 UTC 2020
auto.tcl: Setting watchdog for 200 seconds at Fri Oct 02 15:42:32 UTC 2020
3 ms. Memory: 51200K Free: 31996K (62%)
ptolemy.util.test.WatchDog.cancel(): canceling Fri Oct 02 15:42:32 UTC 2020
------------------ testing $PTII/ptolemy/domains/de/test/auto/ResettableTimer3.xml
auto.tcl: Setting watchdog for 200 seconds at Fri Oct 02 15:42:32 UTC 2020
2 ms. Memory: 51200K Free: 32515K (64%)
ptolemy.util.test.WatchDog.cancel(): canceling Fri Oct 02 15:42:32 UTC 2020
auto.tcl: Setting watchdog for 200 seconds at Fri Oct 02 15:42:32 UTC 2020
1 ms. Memory: 51200K Free: 32515K (64%)
ptolemy.util.test.WatchDog.cancel(): canceling Fri Oct 02 15:42:32 UTC 2020
------------------ testing $PTII/ptolemy/domains/de/test/auto/ResettableTimer4.xml
auto.tcl: Setting watchdog for 200 seconds at Fri Oct 02 15:42:32 UTC 2020
2 ms. Memory: 51200K Free: 32528K (64%)
ptolemy.util.test.WatchDog.cancel(): canceling Fri Oct 02 15:42:32 UTC 2020
auto.tcl: Setting watchdog for 200 seconds at Fri Oct 02 15:42:32 UTC 2020
2 ms. Memory: 51200K Free: 32022K (63%)
ptolemy.util.test.WatchDog.cancel(): canceling Fri Oct 02 15:42:32 UTC 2020
------------------ testing $PTII/ptolemy/domains/de/test/auto/ResettableTimer5.xml
auto.tcl: Setting watchdog for 200 seconds at Fri Oct 02 15:42:32 UTC 2020
2 ms. Memory: 51200K Free: 32006K (63%)
ptolemy.util.test.WatchDog.cancel(): canceling Fri Oct 02 15:42:32 UTC 2020
auto.tcl: Setting watchdog for 200 seconds at Fri Oct 02 15:42:32 UTC 2020
1 ms. Memory: 51200K Free: 31503K (62%)
ptolemy.util.test.WatchDog.cancel(): canceling Fri Oct 02 15:42:32 UTC 2020
------------------ testing $PTII/ptolemy/domains/de/test/auto/ResettableTimer6.xml
auto.tcl: Setting watchdog for 200 seconds at Fri Oct 02 15:42:32 UTC 2020
2 ms. Memory: 51200K Free: 32003K (63%)
ptolemy.util.test.WatchDog.cancel(): canceling Fri Oct 02 15:42:32 UTC 2020
auto.tcl: Setting watchdog for 200 seconds at Fri Oct 02 15:42:32 UTC 2020
1 ms. Memory: 51200K Free: 31493K (62%)
ptolemy.util.test.WatchDog.cancel(): canceling Fri Oct 02 15:42:32 UTC 2020
------------------ testing $PTII/ptolemy/domains/de/test/auto/ServerZeroDelay.xml
auto.tcl: Setting watchdog for 200 seconds at Fri Oct 02 15:42:32 UTC 2020
4 ms. Memory: 51200K Free: 32508K (63%)
ptolemy.util.test.WatchDog.cancel(): canceling Fri Oct 02 15:42:32 UTC 2020
auto.tcl: Setting watchdog for 200 seconds at Fri Oct 02 15:42:32 UTC 2020
3 ms. Memory: 51200K Free: 31484K (61%)
ptolemy.util.test.WatchDog.cancel(): canceling Fri Oct 02 15:42:32 UTC 2020
------------------ testing $PTII/ptolemy/domains/de/test/auto/SmartSender.xml
auto.tcl: Setting watchdog for 200 seconds at Fri Oct 02 15:42:32 UTC 2020
3001 ms. Memory: 51200K Free: 32503K (63%)
ptolemy.util.test.WatchDog.cancel(): canceling Fri Oct 02 15:42:35 UTC 2020
auto.tcl: Setting watchdog for 200 seconds at Fri Oct 02 15:42:35 UTC 2020
3001 ms. Memory: 51200K Free: 31983K (62%)
ptolemy.util.test.WatchDog.cancel(): canceling Fri Oct 02 15:42:38 UTC 2020
------------------ testing $PTII/ptolemy/domains/de/test/auto/ThreadedComposite.xml
auto.tcl: Setting watchdog for 200 seconds at Fri Oct 02 15:42:38 UTC 2020
203 ms. Memory: 51200K Free: 13570K (27%)
ptolemy.util.test.WatchDog.cancel(): canceling Fri Oct 02 15:42:38 UTC 2020
auto.tcl: Setting watchdog for 200 seconds at Fri Oct 02 15:42:38 UTC 2020
185 ms. Memory: 61440K Free: 38547K (63%)
ptolemy.util.test.WatchDog.cancel(): canceling Fri Oct 02 15:42:38 UTC 2020
------------------ testing $PTII/ptolemy/domains/de/test/auto/Time.xml
auto.tcl: Setting watchdog for 200 seconds at Fri Oct 02 15:42:38 UTC 2020
420 ms. Memory: 51200K Free: 35732K (70%)
ptolemy.util.test.WatchDog.cancel(): canceling Fri Oct 02 15:42:39 UTC 2020
auto.tcl: Setting watchdog for 200 seconds at Fri Oct 02 15:42:39 UTC 2020
412 ms. Memory: 51200K Free: 9542K (19%)
ptolemy.util.test.WatchDog.cancel(): canceling Fri Oct 02 15:42:39 UTC 2020
------------------ testing $PTII/ptolemy/domains/de/test/auto/TimeDelayZeroDelay.xml
auto.tcl: Setting watchdog for 200 seconds at Fri Oct 02 15:42:39 UTC 2020
2 ms. Memory: 51200K Free: 32431K (63%)
ptolemy.util.test.WatchDog.cancel(): canceling Fri Oct 02 15:42:39 UTC 2020
auto.tcl: Setting watchdog for 200 seconds at Fri Oct 02 15:42:39 UTC 2020
2 ms. Memory: 51200K Free: 31965K (62%)
ptolemy.util.test.WatchDog.cancel(): canceling Fri Oct 02 15:42:39 UTC 2020
------------------ testing $PTII/ptolemy/domains/de/test/auto/TimerZeroDelay.xml
auto.tcl: Setting watchdog for 200 seconds at Fri Oct 02 15:42:39 UTC 2020
3 ms. Memory: 51200K Free: 32622K (64%)
ptolemy.util.test.WatchDog.cancel(): canceling Fri Oct 02 15:42:39 UTC 2020
auto.tcl: Setting watchdog for 200 seconds at Fri Oct 02 15:42:39 UTC 2020
2 ms. Memory: 51200K Free: 31994K (62%)
ptolemy.util.test.WatchDog.cancel(): canceling Fri Oct 02 15:42:39 UTC 2020
------------------ testing $PTII/ptolemy/domains/de/test/auto/TimingParadox.xml
auto.tcl: Setting watchdog for 200 seconds at Fri Oct 02 15:42:39 UTC 2020
347 ms. Memory: 51200K Free: 18096K (35%)
ptolemy.util.test.WatchDog.cancel(): canceling Fri Oct 02 15:42:40 UTC 2020
auto.tcl: Setting watchdog for 200 seconds at Fri Oct 02 15:42:40 UTC 2020
288 ms. Memory: 51200K Free: 32258K (63%)
ptolemy.util.test.WatchDog.cancel(): canceling Fri Oct 02 15:42:40 UTC 2020
------------------ testing $PTII/ptolemy/domains/de/test/auto/TransferInputs.xml
auto.tcl: Setting watchdog for 200 seconds at Fri Oct 02 15:42:40 UTC 2020
3 ms. Memory: 51200K Free: 30956K (60%)
ptolemy.util.test.WatchDog.cancel(): canceling Fri Oct 02 15:42:40 UTC 2020
auto.tcl: Setting watchdog for 200 seconds at Fri Oct 02 15:42:40 UTC 2020
2 ms. Memory: 51200K Free: 30033K (59%)
ptolemy.util.test.WatchDog.cancel(): canceling Fri Oct 02 15:42:40 UTC 2020
------------------ testing $PTII/ptolemy/domains/de/test/auto/TransferOutputs2.xml
auto.tcl: Setting watchdog for 200 seconds at Fri Oct 02 15:42:40 UTC 2020
4 ms. Memory: 51200K Free: 28384K (55%)
ptolemy.util.test.WatchDog.cancel(): canceling Fri Oct 02 15:42:40 UTC 2020
auto.tcl: Setting watchdog for 200 seconds at Fri Oct 02 15:42:40 UTC 2020
3 ms. Memory: 51200K Free: 26963K (53%)
ptolemy.util.test.WatchDog.cancel(): canceling Fri Oct 02 15:42:40 UTC 2020
------------------ testing $PTII/ptolemy/domains/de/test/auto/Trilateration.xml
auto.tcl: Setting watchdog for 200 seconds at Fri Oct 02 15:42:40 UTC 2020
14437 ms. Memory: 393216K Free: 344863K (88%)
ptolemy.util.test.WatchDog.cancel(): canceling Fri Oct 02 15:42:56 UTC 2020
auto.tcl: Setting watchdog for 200 seconds at Fri Oct 02 15:42:56 UTC 2020
10829 ms. Memory: 393216K Free: 278271K (71%)
ptolemy.util.test.WatchDog.cancel(): canceling Fri Oct 02 15:43:07 UTC 2020
------------------ testing $PTII/ptolemy/domains/de/test/auto/TwoSigmaDelta.xml
auto.tcl: Setting watchdog for 200 seconds at Fri Oct 02 15:43:07 UTC 2020
2325 ms. Memory: 92160K Free: 34235K (37%)
ptolemy.util.test.WatchDog.cancel(): canceling Fri Oct 02 15:43:09 UTC 2020
auto.tcl: Setting watchdog for 200 seconds at Fri Oct 02 15:43:09 UTC 2020
1816 ms. Memory: 92160K Free: 35749K (39%)
ptolemy.util.test.WatchDog.cancel(): canceling Fri Oct 02 15:43:11 UTC 2020
------------------ testing $PTII/ptolemy/domains/de/test/auto/VariableDelay.xml
auto.tcl: Setting watchdog for 200 seconds at Fri Oct 02 15:43:11 UTC 2020
3 ms. Memory: 55296K Free: 35516K (64%)
ptolemy.util.test.WatchDog.cancel(): canceling Fri Oct 02 15:43:11 UTC 2020
auto.tcl: Setting watchdog for 200 seconds at Fri Oct 02 15:43:11 UTC 2020
3 ms. Memory: 55296K Free: 34508K (62%)
ptolemy.util.test.WatchDog.cancel(): canceling Fri Oct 02 15:43:11 UTC 2020
------------------ testing $PTII/ptolemy/domains/de/test/auto/VariableDelay2.xml
auto.tcl: Setting watchdog for 200 seconds at Fri Oct 02 15:43:11 UTC 2020
2 ms. Memory: 55296K Free: 36495K (66%)
ptolemy.util.test.WatchDog.cancel(): canceling Fri Oct 02 15:43:11 UTC 2020
auto.tcl: Setting watchdog for 200 seconds at Fri Oct 02 15:43:11 UTC 2020
2 ms. Memory: 55296K Free: 35434K (64%)
ptolemy.util.test.WatchDog.cancel(): canceling Fri Oct 02 15:43:11 UTC 2020
------------------ testing $PTII/ptolemy/domains/de/test/auto/VariableDelayZeroDelay.xml
auto.tcl: Setting watchdog for 200 seconds at Fri Oct 02 15:43:11 UTC 2020
2 ms. Memory: 55296K Free: 36458K (66%)
ptolemy.util.test.WatchDog.cancel(): canceling Fri Oct 02 15:43:11 UTC 2020
auto.tcl: Setting watchdog for 200 seconds at Fri Oct 02 15:43:11 UTC 2020
2 ms. Memory: 55296K Free: 35914K (65%)
ptolemy.util.test.WatchDog.cancel(): canceling Fri Oct 02 15:43:11 UTC 2020
------------------ testing $PTII/ptolemy/domains/de/test/auto/VariableDelayZeroDelay2.xml
auto.tcl: Setting watchdog for 200 seconds at Fri Oct 02 15:43:11 UTC 2020
2 ms. Memory: 51200K Free: 32360K (63%)
ptolemy.util.test.WatchDog.cancel(): canceling Fri Oct 02 15:43:11 UTC 2020
auto.tcl: Setting watchdog for 200 seconds at Fri Oct 02 15:43:11 UTC 2020
2 ms. Memory: 51200K Free: 31336K (61%)
ptolemy.util.test.WatchDog.cancel(): canceling Fri Oct 02 15:43:11 UTC 2020
------------------ testing $PTII/ptolemy/domains/de/test/auto/deInCt.xml
auto.tcl: Setting watchdog for 200 seconds at Fri Oct 02 15:43:11 UTC 2020
0
1
1
0
0
0
1
1
1
1
1
0
0
0
1
1
1
0
0
0
0
1
1
1
1
0
0
0
1
1
1
1
1
1
16 ms. Memory: 51200K Free: 31334K (61%)
ptolemy.util.test.WatchDog.cancel(): canceling Fri Oct 02 15:43:11 UTC 2020
auto.tcl: Setting watchdog for 200 seconds at Fri Oct 02 15:43:11 UTC 2020
0
1
1
1
1
0
0
1
1
0
0
0
1
1
1
1
0
0
0
0
0
1
1
1
0
0
0
1
1
1
0
0
0
0
0
8 ms. Memory: 51200K Free: 29796K (58%)
ptolemy.util.test.WatchDog.cancel(): canceling Fri Oct 02 15:43:11 UTC 2020
------------------ testing $PTII/ptolemy/domains/de/test/auto/deInCt2.xml
auto.tcl: Setting watchdog for 200 seconds at Fri Oct 02 15:43:12 UTC 2020
0
1
1
1
0
0
1
1
1
0
0
1
1
1
0
0
1
1
1
0
0
1
1
1
0
0
1
1
1
0
0
1
1
1
0
0
1
1
1
0
0
0
11 ms. Memory: 51200K Free: 31336K (61%)
ptolemy.util.test.WatchDog.cancel(): canceling Fri Oct 02 15:43:12 UTC 2020
auto.tcl: Setting watchdog for 200 seconds at Fri Oct 02 15:43:12 UTC 2020
0
1
1
1
0
0
1
1
1
0
0
1
1
1
0
0
1
1
1
0
0
1
1
1
0
0
1
1
1
0
0
1
1
1
0
0
1
1
1
0
0
0
6 ms. Memory: 51200K Free: 29801K (58%)
ptolemy.util.test.WatchDog.cancel(): canceling Fri Oct 02 15:43:12 UTC 2020
------------------ testing $PTII/ptolemy/domains/de/test/auto/dynamicCausalityInterface1.xml
auto.tcl: Setting watchdog for 200 seconds at Fri Oct 02 15:43:12 UTC 2020
2 ms. Memory: 51200K Free: 26651K (52%)
ptolemy.util.test.WatchDog.cancel(): canceling Fri Oct 02 15:43:12 UTC 2020
auto.tcl: Setting watchdog for 200 seconds at Fri Oct 02 15:43:12 UTC 2020
1 ms. Memory: 51200K Free: 26651K (52%)
ptolemy.util.test.WatchDog.cancel(): canceling Fri Oct 02 15:43:12 UTC 2020
------------------ testing $PTII/ptolemy/domains/de/test/auto/fsm_de_test.xml
auto.tcl: Setting watchdog for 200 seconds at Fri Oct 02 15:43:12 UTC 2020
10 ms. Memory: 51200K Free: 27133K (53%)
ptolemy.util.test.WatchDog.cancel(): canceling Fri Oct 02 15:43:12 UTC 2020
auto.tcl: Setting watchdog for 200 seconds at Fri Oct 02 15:43:12 UTC 2020
10 ms. Memory: 51200K Free: 25085K (49%)
ptolemy.util.test.WatchDog.cancel(): canceling Fri Oct 02 15:43:12 UTC 2020
------------------ testing $PTII/ptolemy/domains/de/test/auto/functionDependencyReconstruction.xml
auto.tcl: Setting watchdog for 200 seconds at Fri Oct 02 15:43:12 UTC 2020
3 ms. Memory: 51200K Free: 20979K (41%)
ptolemy.util.test.WatchDog.cancel(): canceling Fri Oct 02 15:43:12 UTC 2020
auto.tcl: Setting watchdog for 200 seconds at Fri Oct 02 15:43:12 UTC 2020
3 ms. Memory: 51200K Free: 18931K (37%)
ptolemy.util.test.WatchDog.cancel(): canceling Fri Oct 02 15:43:12 UTC 2020
------------------ testing $PTII/ptolemy/domains/de/test/auto/multirate.xml
auto.tcl: Setting watchdog for 200 seconds at Fri Oct 02 15:43:12 UTC 2020
3 ms. Memory: 51200K Free: 29756K (58%)
ptolemy.util.test.WatchDog.cancel(): canceling Fri Oct 02 15:43:12 UTC 2020
auto.tcl: Setting watchdog for 200 seconds at Fri Oct 02 15:43:12 UTC 2020
4 ms. Memory: 51200K Free: 28027K (55%)
ptolemy.util.test.WatchDog.cancel(): canceling Fri Oct 02 15:43:12 UTC 2020
------------------ testing $PTII/ptolemy/domains/de/test/auto/multirate2.xml
auto.tcl: Setting watchdog for 200 seconds at Fri Oct 02 15:43:12 UTC 2020
9 ms. Memory: 51200K Free: 29729K (58%)
ptolemy.util.test.WatchDog.cancel(): canceling Fri Oct 02 15:43:12 UTC 2020
auto.tcl: Setting watchdog for 200 seconds at Fri Oct 02 15:43:12 UTC 2020
8 ms. Memory: 51200K Free: 28209K (55%)
ptolemy.util.test.WatchDog.cancel(): canceling Fri Oct 02 15:43:12 UTC 2020
------------------ testing $PTII/ptolemy/domains/de/test/auto/realtime.xml
auto.tcl: Setting watchdog for 200 seconds at Fri Oct 02 15:43:12 UTC 2020
10001 ms. Memory: 51200K Free: 32005K (63%)
ptolemy.util.test.WatchDog.cancel(): canceling Fri Oct 02 15:43:22 UTC 2020
auto.tcl: Setting watchdog for 200 seconds at Fri Oct 02 15:43:22 UTC 2020
10001 ms. Memory: 51200K Free: 31280K (61%)
ptolemy.util.test.WatchDog.cancel(): canceling Fri Oct 02 15:43:32 UTC 2020
------------------ testing $PTII/ptolemy/domains/de/test/auto/relationGroup.xml
auto.tcl: Setting watchdog for 200 seconds at Fri Oct 02 15:43:32 UTC 2020
1 ms. Memory: 51200K Free: 33096K (65%)
ptolemy.util.test.WatchDog.cancel(): canceling Fri Oct 02 15:43:32 UTC 2020
auto.tcl: Setting watchdog for 200 seconds at Fri Oct 02 15:43:32 UTC 2020
2 ms. Memory: 51200K Free: 32361K (63%)
ptolemy.util.test.WatchDog.cancel(): canceling Fri Oct 02 15:43:32 UTC 2020
------------------ testing $PTII/ptolemy/domains/de/test/auto/relationGroup2.xml
auto.tcl: Setting watchdog for 200 seconds at Fri Oct 02 15:43:32 UTC 2020
2 ms. Memory: 51200K Free: 32897K (64%)
ptolemy.util.test.WatchDog.cancel(): canceling Fri Oct 02 15:43:32 UTC 2020
auto.tcl: Setting watchdog for 200 seconds at Fri Oct 02 15:43:32 UTC 2020
2 ms. Memory: 51200K Free: 31883K (62%)
ptolemy.util.test.WatchDog.cancel(): canceling Fri Oct 02 15:43:32 UTC 2020
------------------ testing $PTII/ptolemy/domains/de/test/auto/sortWithOpaquePorts.xml
auto.tcl: Setting watchdog for 200 seconds at Fri Oct 02 15:43:32 UTC 2020
3 ms. Memory: 51200K Free: 31868K (62%)
ptolemy.util.test.WatchDog.cancel(): canceling Fri Oct 02 15:43:32 UTC 2020
auto.tcl: Setting watchdog for 200 seconds at Fri Oct 02 15:43:32 UTC 2020
2 ms. Memory: 51200K Free: 30846K (60%)
ptolemy.util.test.WatchDog.cancel(): canceling Fri Oct 02 15:43:32 UTC 2020
------------------ testing $PTII/ptolemy/domains/de/test/auto/transferInputsandOutputs.xml
auto.tcl: Setting watchdog for 200 seconds at Fri Oct 02 15:43:32 UTC 2020
2 ms. Memory: 51200K Free: 29303K (57%)
ptolemy.util.test.WatchDog.cancel(): canceling Fri Oct 02 15:43:32 UTC 2020
auto.tcl: Setting watchdog for 200 seconds at Fri Oct 02 15:43:32 UTC 2020
2 ms. Memory: 51200K Free: 28279K (55%)
ptolemy.util.test.WatchDog.cancel(): canceling Fri Oct 02 15:43:32 UTC 2020
------------------ testing $PTII/ptolemy/domains/de/test/auto/triggerType.xml
auto.tcl: Setting watchdog for 200 seconds at Fri Oct 02 15:43:32 UTC 2020
1 ms. Memory: 51200K Free: 32328K (63%)
ptolemy.util.test.WatchDog.cancel(): canceling Fri Oct 02 15:43:32 UTC 2020
auto.tcl: Setting watchdog for 200 seconds at Fri Oct 02 15:43:32 UTC 2020
1 ms. Memory: 51200K Free: 31306K (61%)
ptolemy.util.test.WatchDog.cancel(): canceling Fri Oct 02 15:43:32 UTC 2020
10/02/20 03:43:32
Failed: 0  Total Tests: 192  ((Passed: 187, Newly Passed: 1)  Known Failed: 5) /home/travis/build/icyphy/ptII/ptolemy/domains/de/test
10/02/20 03:43:32
Failed: 0  Total Tests: 192  ((Passed: 187, Newly Passed: 1)  Known Failed: 5) /home/travis/build/icyphy/ptII/ptolemy/domains/de/test
----------------- testing (KnownFailure) /home/travis/build/icyphy/ptII/ptolemy/domains/de/test/auto/knownFailedTests/DESDFClockTest.xml
2010 ms. Memory: 51200K Free: 25213K (49%)
Known Failure: java.lang.reflect.InvocationTargetException
----------------- testing (KnownFailure) /home/travis/build/icyphy/ptII/ptolemy/domains/de/test/auto/knownFailedTests/DirectFeedback.xml
2 ms. Memory: 51200K Free: 21117K (41%)
Known Failure: java.lang.reflect.InvocationTargetException
----------------- testing (KnownFailure) /home/travis/build/icyphy/ptII/ptolemy/domains/de/test/auto/knownFailedTests/FSMSource.xml
20 ms. Memory: 51200K Free: 13949K (27%)
----------------- testing (KnownFailure) /home/travis/build/icyphy/ptII/ptolemy/domains/de/test/auto/knownFailedTests/HierarchicalModel.xml
5 ms. Memory: 51200K Free: 26117K (51%)
Known Failure: java.lang.reflect.InvocationTargetException
----------------- testing (KnownFailure) /home/travis/build/icyphy/ptII/ptolemy/domains/de/test/auto/knownFailedTests/dependencyLoop.xml
2 ms. Memory: 51200K Free: 10440K (20%)
Known Failure: java.lang.reflect.InvocationTargetException
----------------- testing (KnownFailure) /home/travis/build/icyphy/ptII/ptolemy/domains/de/test/auto/knownFailedTests/dependencyLoop2.xml
7 ms. Memory: 51200K Free: 23423K (46%)
Known Failure: java.lang.reflect.InvocationTargetException
No auto/linux-amd64/*.xml tests in /home/travis/build/icyphy/ptII/ptolemy/domains/de/test
AutoTests.java: About to close Vertx.
AutoTests.java: Vertx closed.

===========================================================================================
----------------- testing Fri Oct 02 15:43:35 UTC 2020 /home/travis/build/icyphy/ptII/ptolemy/domains/de/test/auto/ActorDepthCalculation_actorWithoutPorts.xml
----------------- Instantiating /home/travis/build/icyphy/ptII/ptolemy/domains/de/test/auto/ActorDepthCalculation_actorWithoutPorts.xml
1 ms. Memory: 51200K Free: 16247K (32%)
----------------- Invoking toplevel() on ptolemy.moml.MoMLSimpleApplication@5062a183
----------------- Done invoking toplevel() on ptolemy.moml.MoMLSimpleApplication@5062a183
reloadAllAccessors: .ActorDepthCalculation_actorWithoutPorts

===========================================================================================
----------------- testing Fri Oct 02 15:43:35 UTC 2020 /home/travis/build/icyphy/ptII/ptolemy/domains/de/test/auto/AssemblyLine.xml
----------------- Instantiating /home/travis/build/icyphy/ptII/ptolemy/domains/de/test/auto/AssemblyLine.xml
2 ms. Memory: 51200K Free: 9379K (18%)
----------------- Invoking toplevel() on ptolemy.moml.MoMLSimpleApplication@718f393e
----------------- Done invoking toplevel() on ptolemy.moml.MoMLSimpleApplication@718f393e
reloadAllAccessors: .AssemblyLine

===========================================================================================
----------------- testing Fri Oct 02 15:43:35 UTC 2020 /home/travis/build/icyphy/ptII/ptolemy/domains/de/test/auto/CQBug1.xml
----------------- Instantiating /home/travis/build/icyphy/ptII/ptolemy/domains/de/test/auto/CQBug1.xml
0 ms. Memory: 51200K Free: 34269K (67%)
----------------- Invoking toplevel() on ptolemy.moml.MoMLSimpleApplication@5b72042f
----------------- Done invoking toplevel() on ptolemy.moml.MoMLSimpleApplication@5b72042f
reloadAllAccessors: .CQBug1

===========================================================================================
----------------- testing Fri Oct 02 15:43:35 UTC 2020 /home/travis/build/icyphy/ptII/ptolemy/domains/de/test/auto/CancelFireAt.xml
----------------- Instantiating /home/travis/build/icyphy/ptII/ptolemy/domains/de/test/auto/CancelFireAt.xml
1 ms. Memory: 51200K Free: 31745K (62%)
----------------- Invoking toplevel() on ptolemy.moml.MoMLSimpleApplication@7ad000c7
----------------- Done invoking toplevel() on ptolemy.moml.MoMLSimpleApplication@7ad000c7
reloadAllAccessors: .CancelFireAt

===========================================================================================
----------------- testing Fri Oct 02 15:43:35 UTC 2020 /home/travis/build/icyphy/ptII/ptolemy/domains/de/test/auto/CausalityAndComposabilityAnalysis.xml
----------------- Instantiating /home/travis/build/icyphy/ptII/ptolemy/domains/de/test/auto/CausalityAndComposabilityAnalysis.xml
9 ms. Memory: 51200K Free: 27402K (54%)
----------------- Invoking toplevel() on ptolemy.moml.MoMLSimpleApplication@ad51de6
----------------- Done invoking toplevel() on ptolemy.moml.MoMLSimpleApplication@ad51de6
reloadAllAccessors: .CausalityAndComposabilityAnalysis

===========================================================================================
----------------- testing Fri Oct 02 15:43:35 UTC 2020 /home/travis/build/icyphy/ptII/ptolemy/domains/de/test/auto/CausalityInterface1.xml
----------------- Instantiating /home/travis/build/icyphy/ptII/ptolemy/domains/de/test/auto/CausalityInterface1.xml
6 ms. Memory: 51200K Free: 22317K (44%)
----------------- Invoking toplevel() on ptolemy.moml.MoMLSimpleApplication@659c0562
----------------- Done invoking toplevel() on ptolemy.moml.MoMLSimpleApplication@659c0562
reloadAllAccessors: .CausalityInterface1

===========================================================================================
----------------- testing Fri Oct 02 15:43:35 UTC 2020 /home/travis/build/icyphy/ptII/ptolemy/domains/de/test/auto/CausalityInterface15.xml
----------------- Instantiating /home/travis/build/icyphy/ptII/ptolemy/domains/de/test/auto/CausalityInterface15.xml
2 ms. Memory: 51200K Free: 16926K (33%)
----------------- Invoking toplevel() on ptolemy.moml.MoMLSimpleApplication@34a30088
----------------- Done invoking toplevel() on ptolemy.moml.MoMLSimpleApplication@34a30088
reloadAllAccessors: .CausalityInterface15

===========================================================================================
----------------- testing Fri Oct 02 15:43:35 UTC 2020 /home/travis/build/icyphy/ptII/ptolemy/domains/de/test/auto/CausalityInterface2.xml
----------------- Instantiating /home/travis/build/icyphy/ptII/ptolemy/domains/de/test/auto/CausalityInterface2.xml
2 ms. Memory: 51200K Free: 12329K (24%)
----------------- Invoking toplevel() on ptolemy.moml.MoMLSimpleApplication@1855c758
----------------- Done invoking toplevel() on ptolemy.moml.MoMLSimpleApplication@1855c758
reloadAllAccessors: .CausalityInterface2

===========================================================================================
----------------- testing Fri Oct 02 15:43:35 UTC 2020 /home/travis/build/icyphy/ptII/ptolemy/domains/de/test/auto/CausalityInterface3.xml
----------------- Instantiating /home/travis/build/icyphy/ptII/ptolemy/domains/de/test/auto/CausalityInterface3.xml
2 ms. Memory: 51200K Free: 34914K (68%)
----------------- Invoking toplevel() on ptolemy.moml.MoMLSimpleApplication@690499a
----------------- Done invoking toplevel() on ptolemy.moml.MoMLSimpleApplication@690499a
reloadAllAccessors: .CausalityInterface3

===========================================================================================
----------------- testing Fri Oct 02 15:43:35 UTC 2020 /home/travis/build/icyphy/ptII/ptolemy/domains/de/test/auto/ClockDrift.xml
----------------- Instantiating /home/travis/build/icyphy/ptII/ptolemy/domains/de/test/auto/ClockDrift.xml
12 ms. Memory: 51200K Free: 22912K (45%)
----------------- Invoking toplevel() on ptolemy.moml.MoMLSimpleApplication@60b31fcf
----------------- Done invoking toplevel() on ptolemy.moml.MoMLSimpleApplication@60b31fcf
reloadAllAccessors: .ClockDrift

===========================================================================================
----------------- testing Fri Oct 02 15:43:35 UTC 2020 /home/travis/build/icyphy/ptII/ptolemy/domains/de/test/auto/ClockDriftAndValueChange.xml
----------------- Instantiating /home/travis/build/icyphy/ptII/ptolemy/domains/de/test/auto/ClockDriftAndValueChange.xml
10 ms. Memory: 51200K Free: 11178K (22%)
----------------- Invoking toplevel() on ptolemy.moml.MoMLSimpleApplication@bca7418
----------------- Done invoking toplevel() on ptolemy.moml.MoMLSimpleApplication@bca7418
reloadAllAccessors: .ClockDriftAndValueChange

===========================================================================================
----------------- testing Fri Oct 02 15:43:35 UTC 2020 /home/travis/build/icyphy/ptII/ptolemy/domains/de/test/auto/ClockDriftChange.xml
----------------- Instantiating /home/travis/build/icyphy/ptII/ptolemy/domains/de/test/auto/ClockDriftChange.xml
9 ms. Memory: 51200K Free: 29000K (57%)
----------------- Invoking toplevel() on ptolemy.moml.MoMLSimpleApplication@59a95e86
----------------- Done invoking toplevel() on ptolemy.moml.MoMLSimpleApplication@59a95e86
reloadAllAccessors: .ClockDriftChange

===========================================================================================
----------------- testing Fri Oct 02 15:43:35 UTC 2020 /home/travis/build/icyphy/ptII/ptolemy/domains/de/test/auto/ComposableCausalityAnalysis.xml
----------------- Instantiating /home/travis/build/icyphy/ptII/ptolemy/domains/de/test/auto/ComposableCausalityAnalysis.xml
1 ms. Memory: 51200K Free: 23163K (45%)
----------------- Invoking toplevel() on ptolemy.moml.MoMLSimpleApplication@e3fd17a
----------------- Done invoking toplevel() on ptolemy.moml.MoMLSimpleApplication@e3fd17a
reloadAllAccessors: .ComposableCausalityAnalysis

===========================================================================================
----------------- testing Fri Oct 02 15:43:35 UTC 2020 /home/travis/build/icyphy/ptII/ptolemy/domains/de/test/auto/DEFixedPointLimitation.xml
----------------- Instantiating /home/travis/build/icyphy/ptII/ptolemy/domains/de/test/auto/DEFixedPointLimitation.xml
1 ms. Memory: 51200K Free: 18660K (36%)
----------------- Invoking toplevel() on ptolemy.moml.MoMLSimpleApplication@7cfccdb3
----------------- Done invoking toplevel() on ptolemy.moml.MoMLSimpleApplication@7cfccdb3
reloadAllAccessors: .DEFixedPointLimitation

===========================================================================================
----------------- testing Fri Oct 02 15:43:35 UTC 2020 /home/travis/build/icyphy/ptII/ptolemy/domains/de/test/auto/DEScheduleTest.xml
----------------- Instantiating /home/travis/build/icyphy/ptII/ptolemy/domains/de/test/auto/DEScheduleTest.xml
2 ms. Memory: 51200K Free: 14564K (28%)
----------------- Invoking toplevel() on ptolemy.moml.MoMLSimpleApplication@6fa8218e
----------------- Done invoking toplevel() on ptolemy.moml.MoMLSimpleApplication@6fa8218e
reloadAllAccessors: .DEScheduleTest

===========================================================================================
----------------- testing Fri Oct 02 15:43:35 UTC 2020 /home/travis/build/icyphy/ptII/ptolemy/domains/de/test/auto/DEinDEwithStartTimes.xml
----------------- Instantiating /home/travis/build/icyphy/ptII/ptolemy/domains/de/test/auto/DEinDEwithStartTimes.xml
2 ms. Memory: 51200K Free: 8610K (17%)
----------------- Invoking toplevel() on ptolemy.moml.MoMLSimpleApplication@4f076ba0
----------------- Done invoking toplevel() on ptolemy.moml.MoMLSimpleApplication@4f076ba0
reloadAllAccessors: .DEinDEwithStartTimes

===========================================================================================
----------------- testing Fri Oct 02 15:43:35 UTC 2020 /home/travis/build/icyphy/ptII/ptolemy/domains/de/test/auto/DEinDEwithStartTimes2.xml
----------------- Instantiating /home/travis/build/icyphy/ptII/ptolemy/domains/de/test/auto/DEinDEwithStartTimes2.xml
3 ms. Memory: 51200K Free: 29948K (58%)
----------------- Invoking toplevel() on ptolemy.moml.MoMLSimpleApplication@382e377a
----------------- Done invoking toplevel() on ptolemy.moml.MoMLSimpleApplication@382e377a
reloadAllAccessors: .DEinDEwithStartTimes2

===========================================================================================
----------------- testing Fri Oct 02 15:43:35 UTC 2020 /home/travis/build/icyphy/ptII/ptolemy/domains/de/test/auto/DateDemo.xml
----------------- Instantiating /home/travis/build/icyphy/ptII/ptolemy/domains/de/test/auto/DateDemo.xml
17 ms. Memory: 51200K Free: 18776K (37%)
----------------- Invoking toplevel() on ptolemy.moml.MoMLSimpleApplication@111f062b
----------------- Done invoking toplevel() on ptolemy.moml.MoMLSimpleApplication@111f062b
reloadAllAccessors: .DateDemo

===========================================================================================
----------------- testing Fri Oct 02 15:43:35 UTC 2020 /home/travis/build/icyphy/ptII/ptolemy/domains/de/test/auto/DateToEvent.xml
----------------- Instantiating /home/travis/build/icyphy/ptII/ptolemy/domains/de/test/auto/DateToEvent.xml
2004 ms. Memory: 51200K Free: 29179K (57%)
----------------- Invoking toplevel() on ptolemy.moml.MoMLSimpleApplication@5d834e79
----------------- Done invoking toplevel() on ptolemy.moml.MoMLSimpleApplication@5d834e79
reloadAllAccessors: .DateToEvent

===========================================================================================
----------------- testing Fri Oct 02 15:43:37 UTC 2020 /home/travis/build/icyphy/ptII/ptolemy/domains/de/test/auto/DepthTest1.xml
----------------- Instantiating /home/travis/build/icyphy/ptII/ptolemy/domains/de/test/auto/DepthTest1.xml
2 ms. Memory: 51200K Free: 26285K (51%)
----------------- Invoking toplevel() on ptolemy.moml.MoMLSimpleApplication@1ed5c5c4
----------------- Done invoking toplevel() on ptolemy.moml.MoMLSimpleApplication@1ed5c5c4
reloadAllAccessors: .DepthTest1

===========================================================================================
----------------- testing Fri Oct 02 15:43:37 UTC 2020 /home/travis/build/icyphy/ptII/ptolemy/domains/de/test/auto/DepthTest2.xml
----------------- Instantiating /home/travis/build/icyphy/ptII/ptolemy/domains/de/test/auto/DepthTest2.xml
1 ms. Memory: 51200K Free: 19901K (39%)
----------------- Invoking toplevel() on ptolemy.moml.MoMLSimpleApplication@1e9abe92
----------------- Done invoking toplevel() on ptolemy.moml.MoMLSimpleApplication@1e9abe92
reloadAllAccessors: .DepthTest2

===========================================================================================
----------------- testing Fri Oct 02 15:43:37 UTC 2020 /home/travis/build/icyphy/ptII/ptolemy/domains/de/test/auto/DepthTest3.xml
----------------- Instantiating /home/travis/build/icyphy/ptII/ptolemy/domains/de/test/auto/DepthTest3.xml
1 ms. Memory: 51200K Free: 16869K (33%)
----------------- Invoking toplevel() on ptolemy.moml.MoMLSimpleApplication@12ce198b
----------------- Done invoking toplevel() on ptolemy.moml.MoMLSimpleApplication@12ce198b
reloadAllAccessors: .DepthTest3

===========================================================================================
----------------- testing Fri Oct 02 15:43:37 UTC 2020 /home/travis/build/icyphy/ptII/ptolemy/domains/de/test/auto/DepthTest4.xml
----------------- Instantiating /home/travis/build/icyphy/ptII/ptolemy/domains/de/test/auto/DepthTest4.xml
2 ms. Memory: 51200K Free: 11911K (23%)
----------------- Invoking toplevel() on ptolemy.moml.MoMLSimpleApplication@78f6a484
----------------- Done invoking toplevel() on ptolemy.moml.MoMLSimpleApplication@78f6a484
reloadAllAccessors: .DepthTest4

===========================================================================================
----------------- testing Fri Oct 02 15:43:37 UTC 2020 /home/travis/build/icyphy/ptII/ptolemy/domains/de/test/auto/DepthTest5.xml
----------------- Instantiating /home/travis/build/icyphy/ptII/ptolemy/domains/de/test/auto/DepthTest5.xml
3 ms. Memory: 51200K Free: 33546K (66%)
----------------- Invoking toplevel() on ptolemy.moml.MoMLSimpleApplication@5ab82ea8
----------------- Done invoking toplevel() on ptolemy.moml.MoMLSimpleApplication@5ab82ea8
reloadAllAccessors: .DepthTest5

===========================================================================================
----------------- testing Fri Oct 02 15:43:37 UTC 2020 /home/travis/build/icyphy/ptII/ptolemy/domains/de/test/auto/DepthTest6.xml
----------------- Instantiating /home/travis/build/icyphy/ptII/ptolemy/domains/de/test/auto/DepthTest6.xml
2 ms. Memory: 51200K Free: 28138K (55%)
----------------- Invoking toplevel() on ptolemy.moml.MoMLSimpleApplication@551cdfbc
----------------- Done invoking toplevel() on ptolemy.moml.MoMLSimpleApplication@551cdfbc
reloadAllAccessors: .DepthTest6

===========================================================================================
----------------- testing Fri Oct 02 15:43:37 UTC 2020 /home/travis/build/icyphy/ptII/ptolemy/domains/de/test/auto/DepthTest7.xml
----------------- Instantiating /home/travis/build/icyphy/ptII/ptolemy/domains/de/test/auto/DepthTest7.xml
2 ms. Memory: 51200K Free: 23235K (45%)
----------------- Invoking toplevel() on ptolemy.moml.MoMLSimpleApplication@5ad7e2b0
----------------- Done invoking toplevel() on ptolemy.moml.MoMLSimpleApplication@5ad7e2b0
reloadAllAccessors: .DepthTest7

===========================================================================================
----------------- testing Fri Oct 02 15:43:37 UTC 2020 /home/travis/build/icyphy/ptII/ptolemy/domains/de/test/auto/EventToDate.xml
----------------- Instantiating /home/travis/build/icyphy/ptII/ptolemy/domains/de/test/auto/EventToDate.xml
3005 ms. Memory: 51200K Free: 9817K (19%)
----------------- Invoking toplevel() on ptolemy.moml.MoMLSimpleApplication@213596ec
----------------- Done invoking toplevel() on ptolemy.moml.MoMLSimpleApplication@213596ec
reloadAllAccessors: .EventToDate

===========================================================================================
----------------- testing Fri Oct 02 15:43:40 UTC 2020 /home/travis/build/icyphy/ptII/ptolemy/domains/de/test/auto/FSM1.xml
----------------- Instantiating /home/travis/build/icyphy/ptII/ptolemy/domains/de/test/auto/FSM1.xml
26 ms. Memory: 51200K Free: 24535K (48%)
----------------- Invoking toplevel() on ptolemy.moml.MoMLSimpleApplication@4953f5fe
----------------- Done invoking toplevel() on ptolemy.moml.MoMLSimpleApplication@4953f5fe
reloadAllAccessors: .FSM1

===========================================================================================
----------------- testing Fri Oct 02 15:43:40 UTC 2020 /home/travis/build/icyphy/ptII/ptolemy/domains/de/test/auto/FSM7.xml
----------------- Instantiating /home/travis/build/icyphy/ptII/ptolemy/domains/de/test/auto/FSM7.xml
19 ms. Memory: 51200K Free: 12239K (24%)
----------------- Invoking toplevel() on ptolemy.moml.MoMLSimpleApplication@10eb5e38
----------------- Done invoking toplevel() on ptolemy.moml.MoMLSimpleApplication@10eb5e38
reloadAllAccessors: .FSM7

===========================================================================================
----------------- testing Fri Oct 02 15:43:40 UTC 2020 /home/travis/build/icyphy/ptII/ptolemy/domains/de/test/auto/Inspection.xml
----------------- Instantiating /home/travis/build/icyphy/ptII/ptolemy/domains/de/test/auto/Inspection.xml
11 ms. Memory: 51200K Free: 26557K (52%)
----------------- Invoking toplevel() on ptolemy.moml.MoMLSimpleApplication@4e1f31f5
----------------- Done invoking toplevel() on ptolemy.moml.MoMLSimpleApplication@4e1f31f5
reloadAllAccessors: .Inspection

===========================================================================================
----------------- testing Fri Oct 02 15:43:40 UTC 2020 /home/travis/build/icyphy/ptII/ptolemy/domains/de/test/auto/Iteration.xml
----------------- Instantiating /home/travis/build/icyphy/ptII/ptolemy/domains/de/test/auto/Iteration.xml
12 ms. Memory: 51200K Free: 19582K (38%)
----------------- Invoking toplevel() on ptolemy.moml.MoMLSimpleApplication@75393e76
----------------- Done invoking toplevel() on ptolemy.moml.MoMLSimpleApplication@75393e76
reloadAllAccessors: .Iteration

===========================================================================================
----------------- testing Fri Oct 02 15:43:40 UTC 2020 /home/travis/build/icyphy/ptII/ptolemy/domains/de/test/auto/LineFault.xml
----------------- Instantiating /home/travis/build/icyphy/ptII/ptolemy/domains/de/test/auto/LineFault.xml
450 ms. Memory: 51200K Free: 33922K (66%)
----------------- Invoking toplevel() on ptolemy.moml.MoMLSimpleApplication@53d09389
----------------- Done invoking toplevel() on ptolemy.moml.MoMLSimpleApplication@53d09389
reloadAllAccessors: .LineFault

===========================================================================================
----------------- testing Fri Oct 02 15:43:41 UTC 2020 /home/travis/build/icyphy/ptII/ptolemy/domains/de/test/auto/MergeModel1Add.xml
----------------- Instantiating /home/travis/build/icyphy/ptII/ptolemy/domains/de/test/auto/MergeModel1Add.xml
6 ms. Memory: 51200K Free: 14848K (29%)
----------------- Invoking toplevel() on ptolemy.moml.MoMLSimpleApplication@6c15a6a5
----------------- Done invoking toplevel() on ptolemy.moml.MoMLSimpleApplication@6c15a6a5
reloadAllAccessors: .MergeModel1Add

===========================================================================================
----------------- testing Fri Oct 02 15:43:41 UTC 2020 /home/travis/build/icyphy/ptII/ptolemy/domains/de/test/auto/MergeModel2Add.xml
----------------- Instantiating /home/travis/build/icyphy/ptII/ptolemy/domains/de/test/auto/MergeModel2Add.xml
5 ms. Memory: 51200K Free: 22284K (44%)
----------------- Invoking toplevel() on ptolemy.moml.MoMLSimpleApplication@6f227ca6
----------------- Done invoking toplevel() on ptolemy.moml.MoMLSimpleApplication@6f227ca6
reloadAllAccessors: .MergeModel2Add

===========================================================================================
----------------- testing Fri Oct 02 15:43:41 UTC 2020 /home/travis/build/icyphy/ptII/ptolemy/domains/de/test/auto/MergeModel3Add.xml
----------------- Instantiating /home/travis/build/icyphy/ptII/ptolemy/domains/de/test/auto/MergeModel3Add.xml
4 ms. Memory: 51200K Free: 29081K (57%)
----------------- Invoking toplevel() on ptolemy.moml.MoMLSimpleApplication@22dea147
----------------- Done invoking toplevel() on ptolemy.moml.MoMLSimpleApplication@22dea147
reloadAllAccessors: .MergeModel3Add

===========================================================================================
----------------- testing Fri Oct 02 15:43:41 UTC 2020 /home/travis/build/icyphy/ptII/ptolemy/domains/de/test/auto/MergeWithoutDiscard.xml
----------------- Instantiating /home/travis/build/icyphy/ptII/ptolemy/domains/de/test/auto/MergeWithoutDiscard.xml
1 ms. Memory: 51200K Free: 24971K (49%)
----------------- Invoking toplevel() on ptolemy.moml.MoMLSimpleApplication@13fb55bf
----------------- Done invoking toplevel() on ptolemy.moml.MoMLSimpleApplication@13fb55bf
reloadAllAccessors: .MergeWithoutDiscard

===========================================================================================
----------------- testing Fri Oct 02 15:43:41 UTC 2020 /home/travis/build/icyphy/ptII/ptolemy/domains/de/test/auto/Modal1.xml
----------------- Instantiating /home/travis/build/icyphy/ptII/ptolemy/domains/de/test/auto/Modal1.xml
9 ms. Memory: 51200K Free: 12697K (25%)
----------------- Invoking toplevel() on ptolemy.moml.MoMLSimpleApplication@41e0d344
----------------- Done invoking toplevel() on ptolemy.moml.MoMLSimpleApplication@41e0d344
reloadAllAccessors: .Modal1

===========================================================================================
----------------- testing Fri Oct 02 15:43:41 UTC 2020 /home/travis/build/icyphy/ptII/ptolemy/domains/de/test/auto/Modal2.xml
----------------- Instantiating /home/travis/build/icyphy/ptII/ptolemy/domains/de/test/auto/Modal2.xml
9 ms. Memory: 51200K Free: 25423K (50%)
----------------- Invoking toplevel() on ptolemy.moml.MoMLSimpleApplication@404a74a3
----------------- Done invoking toplevel() on ptolemy.moml.MoMLSimpleApplication@404a74a3
reloadAllAccessors: .Modal2

===========================================================================================
----------------- testing Fri Oct 02 15:43:41 UTC 2020 /home/travis/build/icyphy/ptII/ptolemy/domains/de/test/auto/Modal3.xml
----------------- Instantiating /home/travis/build/icyphy/ptII/ptolemy/domains/de/test/auto/Modal3.xml
7 ms. Memory: 51200K Free: 13135K (26%)
----------------- Invoking toplevel() on ptolemy.moml.MoMLSimpleApplication@792dfdd
----------------- Done invoking toplevel() on ptolemy.moml.MoMLSimpleApplication@792dfdd
reloadAllAccessors: .Modal3

===========================================================================================
----------------- testing Fri Oct 02 15:43:41 UTC 2020 /home/travis/build/icyphy/ptII/ptolemy/domains/de/test/auto/Modal4.xml
----------------- Instantiating /home/travis/build/icyphy/ptII/ptolemy/domains/de/test/auto/Modal4.xml
12 ms. Memory: 51200K Free: 24654K (48%)
----------------- Invoking toplevel() on ptolemy.moml.MoMLSimpleApplication@530e480b
----------------- Done invoking toplevel() on ptolemy.moml.MoMLSimpleApplication@530e480b
reloadAllAccessors: .Modal4

===========================================================================================
----------------- testing Fri Oct 02 15:43:41 UTC 2020 /home/travis/build/icyphy/ptII/ptolemy/domains/de/test/auto/Modal5.xml
----------------- Instantiating /home/travis/build/icyphy/ptII/ptolemy/domains/de/test/auto/Modal5.xml
10 ms. Memory: 51200K Free: 11666K (23%)
----------------- Invoking toplevel() on ptolemy.moml.MoMLSimpleApplication@6f6df75c
----------------- Done invoking toplevel() on ptolemy.moml.MoMLSimpleApplication@6f6df75c
reloadAllAccessors: .Modal5

===========================================================================================
----------------- testing Fri Oct 02 15:43:41 UTC 2020 /home/travis/build/icyphy/ptII/ptolemy/domains/de/test/auto/Modal6.xml
----------------- Instantiating /home/travis/build/icyphy/ptII/ptolemy/domains/de/test/auto/Modal6.xml
11 ms. Memory: 61440K Free: 34483K (56%)
----------------- Invoking toplevel() on ptolemy.moml.MoMLSimpleApplication@30606b49
----------------- Done invoking toplevel() on ptolemy.moml.MoMLSimpleApplication@30606b49
reloadAllAccessors: .Modal6

===========================================================================================
----------------- testing Fri Oct 02 15:43:41 UTC 2020 /home/travis/build/icyphy/ptII/ptolemy/domains/de/test/auto/Modal7.xml
----------------- Instantiating /home/travis/build/icyphy/ptII/ptolemy/domains/de/test/auto/Modal7.xml
7 ms. Memory: 61440K Free: 21187K (34%)
----------------- Invoking toplevel() on ptolemy.moml.MoMLSimpleApplication@32b336bf
----------------- Done invoking toplevel() on ptolemy.moml.MoMLSimpleApplication@32b336bf
reloadAllAccessors: .Modal7

===========================================================================================
----------------- testing Fri Oct 02 15:43:41 UTC 2020 /home/travis/build/icyphy/ptII/ptolemy/domains/de/test/auto/ModalModel.xml
----------------- Instantiating /home/travis/build/icyphy/ptII/ptolemy/domains/de/test/auto/ModalModel.xml
114 ms. Memory: 61440K Free: 14730K (24%)
----------------- Invoking toplevel() on ptolemy.moml.MoMLSimpleApplication@b3ab5a1
----------------- Done invoking toplevel() on ptolemy.moml.MoMLSimpleApplication@b3ab5a1
reloadAllAccessors: .ModalModel

===========================================================================================
----------------- testing Fri Oct 02 15:43:42 UTC 2020 /home/travis/build/icyphy/ptII/ptolemy/domains/de/test/auto/ModalSource.xml
----------------- Instantiating /home/travis/build/icyphy/ptII/ptolemy/domains/de/test/auto/ModalSource.xml
5 ms. Memory: 61440K Free: 36923K (60%)
----------------- Invoking toplevel() on ptolemy.moml.MoMLSimpleApplication@757f0fc4
----------------- Done invoking toplevel() on ptolemy.moml.MoMLSimpleApplication@757f0fc4
reloadAllAccessors: .ModalSource

===========================================================================================
----------------- testing Fri Oct 02 15:43:42 UTC 2020 /home/travis/build/icyphy/ptII/ptolemy/domains/de/test/auto/NonInterruptibleTimerZeroDelay.xml
----------------- Instantiating /home/travis/build/icyphy/ptII/ptolemy/domains/de/test/auto/NonInterruptibleTimerZeroDelay.xml
2 ms. Memory: 61440K Free: 33166K (54%)
----------------- Invoking toplevel() on ptolemy.moml.MoMLSimpleApplication@6f395f3
----------------- Done invoking toplevel() on ptolemy.moml.MoMLSimpleApplication@6f395f3
reloadAllAccessors: .NonInterruptibleTimerZeroDelay

===========================================================================================
----------------- testing Fri Oct 02 15:43:42 UTC 2020 /home/travis/build/icyphy/ptII/ptolemy/domains/de/test/auto/OpenQueueingNetwork.xml
----------------- Instantiating /home/travis/build/icyphy/ptII/ptolemy/domains/de/test/auto/OpenQueueingNetwork.xml
2261 ms. Memory: 214016K Free: 155656K (73%)
----------------- Invoking toplevel() on ptolemy.moml.MoMLSimpleApplication@b053d9c
----------------- Done invoking toplevel() on ptolemy.moml.MoMLSimpleApplication@b053d9c
reloadAllAccessors: .OpenQueueingNetwork

===========================================================================================
----------------- testing Fri Oct 02 15:43:44 UTC 2020 /home/travis/build/icyphy/ptII/ptolemy/domains/de/test/auto/OpenQueuingNetwork.xml
----------------- Instantiating /home/travis/build/icyphy/ptII/ptolemy/domains/de/test/auto/OpenQueuingNetwork.xml
230 ms. Memory: 214016K Free: 185847K (87%)
----------------- Invoking toplevel() on ptolemy.moml.MoMLSimpleApplication@242021bc
----------------- Done invoking toplevel() on ptolemy.moml.MoMLSimpleApplication@242021bc
reloadAllAccessors: .OpenQueuingNetwork

===========================================================================================
----------------- testing Fri Oct 02 15:43:44 UTC 2020 /home/travis/build/icyphy/ptII/ptolemy/domains/de/test/auto/PeriodicSampler.xml
----------------- Instantiating /home/travis/build/icyphy/ptII/ptolemy/domains/de/test/auto/PeriodicSampler.xml
2 ms. Memory: 214016K Free: 181237K (85%)
----------------- Invoking toplevel() on ptolemy.moml.MoMLSimpleApplication@32469683
----------------- Done invoking toplevel() on ptolemy.moml.MoMLSimpleApplication@32469683
reloadAllAccessors: .PeriodicSampler

===========================================================================================
----------------- testing Fri Oct 02 15:43:44 UTC 2020 /home/travis/build/icyphy/ptII/ptolemy/domains/de/test/auto/PersistentIO.xml
----------------- Instantiating /home/travis/build/icyphy/ptII/ptolemy/domains/de/test/auto/PersistentIO.xml
6 ms. Memory: 214016K Free: 171511K (80%)
----------------- Invoking toplevel() on ptolemy.moml.MoMLSimpleApplication@5c79f94b
----------------- Done invoking toplevel() on ptolemy.moml.MoMLSimpleApplication@5c79f94b
reloadAllAccessors: .PersistentIO

===========================================================================================
----------------- testing Fri Oct 02 15:43:44 UTC 2020 /home/travis/build/icyphy/ptII/ptolemy/domains/de/test/auto/PortParameterResetOnInitialize.xml
----------------- Instantiating /home/travis/build/icyphy/ptII/ptolemy/domains/de/test/auto/PortParameterResetOnInitialize.xml
2 ms. Memory: 214016K Free: 166901K (78%)
----------------- Invoking toplevel() on ptolemy.moml.MoMLSimpleApplication@400823d9
----------------- Done invoking toplevel() on ptolemy.moml.MoMLSimpleApplication@400823d9
reloadAllAccessors: .PortParameterResetOnInitialize

===========================================================================================
----------------- testing Fri Oct 02 15:43:44 UTC 2020 /home/travis/build/icyphy/ptII/ptolemy/domains/de/test/auto/PortParameterUpdates.xml
----------------- Instantiating /home/travis/build/icyphy/ptII/ptolemy/domains/de/test/auto/PortParameterUpdates.xml
3 ms. Memory: 214016K Free: 160247K (75%)
----------------- Invoking toplevel() on ptolemy.moml.MoMLSimpleApplication@7024e8a6
----------------- Done invoking toplevel() on ptolemy.moml.MoMLSimpleApplication@7024e8a6
reloadAllAccessors: .PortParameterUpdates

===========================================================================================
----------------- testing Fri Oct 02 15:43:44 UTC 2020 /home/travis/build/icyphy/ptII/ptolemy/domains/de/test/auto/QueueAndServer.xml
----------------- Instantiating /home/travis/build/icyphy/ptII/ptolemy/domains/de/test/auto/QueueAndServer.xml
6 ms. Memory: 214016K Free: 152565K (71%)
----------------- Invoking toplevel() on ptolemy.moml.MoMLSimpleApplication@20e7d085
----------------- Done invoking toplevel() on ptolemy.moml.MoMLSimpleApplication@20e7d085
reloadAllAccessors: .QueueAndServer

===========================================================================================
----------------- testing Fri Oct 02 15:43:44 UTC 2020 /home/travis/build/icyphy/ptII/ptolemy/domains/de/test/auto/Records.xml
----------------- Instantiating /home/travis/build/icyphy/ptII/ptolemy/domains/de/test/auto/Records.xml
7 ms. Memory: 214016K Free: 146935K (69%)
----------------- Invoking toplevel() on ptolemy.moml.MoMLSimpleApplication@1094fde9
----------------- Done invoking toplevel() on ptolemy.moml.MoMLSimpleApplication@1094fde9
reloadAllAccessors: .Records

===========================================================================================
----------------- testing Fri Oct 02 15:43:44 UTC 2020 /home/travis/build/icyphy/ptII/ptolemy/domains/de/test/auto/ResetTransitionWithStartTime1.xml
----------------- Instantiating /home/travis/build/icyphy/ptII/ptolemy/domains/de/test/auto/ResetTransitionWithStartTime1.xml
7 ms. Memory: 214016K Free: 138743K (65%)
----------------- Invoking toplevel() on ptolemy.moml.MoMLSimpleApplication@2f9358bf
----------------- Done invoking toplevel() on ptolemy.moml.MoMLSimpleApplication@2f9358bf
reloadAllAccessors: .ResetTransitionWithStartTime1

===========================================================================================
----------------- testing Fri Oct 02 15:43:44 UTC 2020 /home/travis/build/icyphy/ptII/ptolemy/domains/de/test/auto/ResetTransitionWithStartTime2.xml
----------------- Instantiating /home/travis/build/icyphy/ptII/ptolemy/domains/de/test/auto/ResetTransitionWithStartTime2.xml
5 ms. Memory: 214016K Free: 130551K (61%)
----------------- Invoking toplevel() on ptolemy.moml.MoMLSimpleApplication@46eb1371
----------------- Done invoking toplevel() on ptolemy.moml.MoMLSimpleApplication@46eb1371
reloadAllAccessors: .ResetTransitionWithStartTime2

===========================================================================================
----------------- testing Fri Oct 02 15:43:44 UTC 2020 /home/travis/build/icyphy/ptII/ptolemy/domains/de/test/auto/ResetTransitionWithStartTime3.xml
----------------- Instantiating /home/travis/build/icyphy/ptII/ptolemy/domains/de/test/auto/ResetTransitionWithStartTime3.xml
6 ms. Memory: 214016K Free: 122359K (57%)
----------------- Invoking toplevel() on ptolemy.moml.MoMLSimpleApplication@3039c771
----------------- Done invoking toplevel() on ptolemy.moml.MoMLSimpleApplication@3039c771
reloadAllAccessors: .ResetTransitionWithStartTime3

===========================================================================================
----------------- testing Fri Oct 02 15:43:44 UTC 2020 /home/travis/build/icyphy/ptII/ptolemy/domains/de/test/auto/ResetTransitionWithStartTime4.xml
----------------- Instantiating /home/travis/build/icyphy/ptII/ptolemy/domains/de/test/auto/ResetTransitionWithStartTime4.xml
3 ms. Memory: 214016K Free: 114671K (54%)
----------------- Invoking toplevel() on ptolemy.moml.MoMLSimpleApplication@7c2c89e3
----------------- Done invoking toplevel() on ptolemy.moml.MoMLSimpleApplication@7c2c89e3
reloadAllAccessors: .ResetTransitionWithStartTime4

===========================================================================================
----------------- testing Fri Oct 02 15:43:44 UTC 2020 /home/travis/build/icyphy/ptII/ptolemy/domains/de/test/auto/ResettableTimer1.xml
----------------- Instantiating /home/travis/build/icyphy/ptII/ptolemy/domains/de/test/auto/ResettableTimer1.xml
2 ms. Memory: 214016K Free: 110567K (52%)
----------------- Invoking toplevel() on ptolemy.moml.MoMLSimpleApplication@3a4d5faa
----------------- Done invoking toplevel() on ptolemy.moml.MoMLSimpleApplication@3a4d5faa
reloadAllAccessors: .ResettableTimer1

===========================================================================================
----------------- testing Fri Oct 02 15:43:44 UTC 2020 /home/travis/build/icyphy/ptII/ptolemy/domains/de/test/auto/ResettableTimer2.xml
----------------- Instantiating /home/travis/build/icyphy/ptII/ptolemy/domains/de/test/auto/ResettableTimer2.xml
4 ms. Memory: 214016K Free: 106471K (50%)
----------------- Invoking toplevel() on ptolemy.moml.MoMLSimpleApplication@5c58cbce
----------------- Done invoking toplevel() on ptolemy.moml.MoMLSimpleApplication@5c58cbce
reloadAllAccessors: .ResettableTimer2

===========================================================================================
----------------- testing Fri Oct 02 15:43:44 UTC 2020 /home/travis/build/icyphy/ptII/ptolemy/domains/de/test/auto/ResettableTimer3.xml
----------------- Instantiating /home/travis/build/icyphy/ptII/ptolemy/domains/de/test/auto/ResettableTimer3.xml
2 ms. Memory: 214016K Free: 101879K (48%)
----------------- Invoking toplevel() on ptolemy.moml.MoMLSimpleApplication@69ee541d
----------------- Done invoking toplevel() on ptolemy.moml.MoMLSimpleApplication@69ee541d
reloadAllAccessors: .ResettableTimer3

===========================================================================================
----------------- testing Fri Oct 02 15:43:44 UTC 2020 /home/travis/build/icyphy/ptII/ptolemy/domains/de/test/auto/ResettableTimer4.xml
----------------- Instantiating /home/travis/build/icyphy/ptII/ptolemy/domains/de/test/auto/ResettableTimer4.xml
1 ms. Memory: 214016K Free: 97783K (46%)
----------------- Invoking toplevel() on ptolemy.moml.MoMLSimpleApplication@1d64c032
----------------- Done invoking toplevel() on ptolemy.moml.MoMLSimpleApplication@1d64c032
reloadAllAccessors: .ResettableTimer4

===========================================================================================
----------------- testing Fri Oct 02 15:43:45 UTC 2020 /home/travis/build/icyphy/ptII/ptolemy/domains/de/test/auto/ResettableTimer5.xml
----------------- Instantiating /home/travis/build/icyphy/ptII/ptolemy/domains/de/test/auto/ResettableTimer5.xml
2 ms. Memory: 214016K Free: 93173K (44%)
----------------- Invoking toplevel() on ptolemy.moml.MoMLSimpleApplication@71f55f49
----------------- Done invoking toplevel() on ptolemy.moml.MoMLSimpleApplication@71f55f49
reloadAllAccessors: .ResettableTimer5

===========================================================================================
----------------- testing Fri Oct 02 15:43:45 UTC 2020 /home/travis/build/icyphy/ptII/ptolemy/domains/de/test/auto/ResettableTimer6.xml
----------------- Instantiating /home/travis/build/icyphy/ptII/ptolemy/domains/de/test/auto/ResettableTimer6.xml
6 ms. Memory: 214016K Free: 88567K (41%)
----------------- Invoking toplevel() on ptolemy.moml.MoMLSimpleApplication@2e826e60
----------------- Done invoking toplevel() on ptolemy.moml.MoMLSimpleApplication@2e826e60
reloadAllAccessors: .ResettableTimer6

===========================================================================================
----------------- testing Fri Oct 02 15:43:45 UTC 2020 /home/travis/build/icyphy/ptII/ptolemy/domains/de/test/auto/ServerZeroDelay.xml
----------------- Instantiating /home/travis/build/icyphy/ptII/ptolemy/domains/de/test/auto/ServerZeroDelay.xml
2 ms. Memory: 214016K Free: 196441K (92%)
----------------- Invoking toplevel() on ptolemy.moml.MoMLSimpleApplication@8c1a168
----------------- Done invoking toplevel() on ptolemy.moml.MoMLSimpleApplication@8c1a168
reloadAllAccessors: .ServerZeroDelay

===========================================================================================
----------------- testing Fri Oct 02 15:43:45 UTC 2020 /home/travis/build/icyphy/ptII/ptolemy/domains/de/test/auto/SmartSender.xml
----------------- Instantiating /home/travis/build/icyphy/ptII/ptolemy/domains/de/test/auto/SmartSender.xml
3002 ms. Memory: 214016K Free: 192345K (90%)
----------------- Invoking toplevel() on ptolemy.moml.MoMLSimpleApplication@3e02f3c
----------------- Done invoking toplevel() on ptolemy.moml.MoMLSimpleApplication@3e02f3c
reloadAllAccessors: .SmartSender

===========================================================================================
----------------- testing Fri Oct 02 15:43:48 UTC 2020 /home/travis/build/icyphy/ptII/ptolemy/domains/de/test/auto/ThreadedComposite.xml
----------------- Instantiating /home/travis/build/icyphy/ptII/ptolemy/domains/de/test/auto/ThreadedComposite.xml
243 ms. Memory: 214016K Free: 162649K (76%)
----------------- Invoking toplevel() on ptolemy.moml.MoMLSimpleApplication@556c7d93
----------------- Done invoking toplevel() on ptolemy.moml.MoMLSimpleApplication@556c7d93
reloadAllAccessors: .ThreadedComposite

===========================================================================================
----------------- testing Fri Oct 02 15:43:48 UTC 2020 /home/travis/build/icyphy/ptII/ptolemy/domains/de/test/auto/Time.xml
----------------- Instantiating /home/travis/build/icyphy/ptII/ptolemy/domains/de/test/auto/Time.xml
331 ms. Memory: 214016K Free: 110935K (52%)
----------------- Invoking toplevel() on ptolemy.moml.MoMLSimpleApplication@b2ab35b
----------------- Done invoking toplevel() on ptolemy.moml.MoMLSimpleApplication@b2ab35b
reloadAllAccessors: .Time

===========================================================================================
----------------- testing Fri Oct 02 15:43:48 UTC 2020 /home/travis/build/icyphy/ptII/ptolemy/domains/de/test/auto/TimeDelayZeroDelay.xml
----------------- Instantiating /home/travis/build/icyphy/ptII/ptolemy/domains/de/test/auto/TimeDelayZeroDelay.xml
2 ms. Memory: 214016K Free: 106825K (50%)
----------------- Invoking toplevel() on ptolemy.moml.MoMLSimpleApplication@7cb141a4
----------------- Done invoking toplevel() on ptolemy.moml.MoMLSimpleApplication@7cb141a4
reloadAllAccessors: .TimeDelayZeroDelay

===========================================================================================
----------------- testing Fri Oct 02 15:43:48 UTC 2020 /home/travis/build/icyphy/ptII/ptolemy/domains/de/test/auto/TimerZeroDelay.xml
----------------- Instantiating /home/travis/build/icyphy/ptII/ptolemy/domains/de/test/auto/TimerZeroDelay.xml
3 ms. Memory: 214016K Free: 102729K (48%)
----------------- Invoking toplevel() on ptolemy.moml.MoMLSimpleApplication@51d21f8
----------------- Done invoking toplevel() on ptolemy.moml.MoMLSimpleApplication@51d21f8
reloadAllAccessors: .TimerZeroDelay

===========================================================================================
----------------- testing Fri Oct 02 15:43:48 UTC 2020 /home/travis/build/icyphy/ptII/ptolemy/domains/de/test/auto/TimingParadox.xml
----------------- Instantiating /home/travis/build/icyphy/ptII/ptolemy/domains/de/test/auto/TimingParadox.xml
247 ms. Memory: 214016K Free: 153682K (72%)
----------------- Invoking toplevel() on ptolemy.moml.MoMLSimpleApplication@45194c97
----------------- Done invoking toplevel() on ptolemy.moml.MoMLSimpleApplication@45194c97
reloadAllAccessors: .TimingParadox

===========================================================================================
----------------- testing Fri Oct 02 15:43:49 UTC 2020 /home/travis/build/icyphy/ptII/ptolemy/domains/de/test/auto/TransferInputs.xml
----------------- Instantiating /home/travis/build/icyphy/ptII/ptolemy/domains/de/test/auto/TransferInputs.xml
2 ms. Memory: 214016K Free: 149072K (70%)
----------------- Invoking toplevel() on ptolemy.moml.MoMLSimpleApplication@f4e3614
----------------- Done invoking toplevel() on ptolemy.moml.MoMLSimpleApplication@f4e3614
reloadAllAccessors: .TransferInputs

===========================================================================================
----------------- testing Fri Oct 02 15:43:49 UTC 2020 /home/travis/build/icyphy/ptII/ptolemy/domains/de/test/auto/TransferOutputs2.xml
----------------- Instantiating /home/travis/build/icyphy/ptII/ptolemy/domains/de/test/auto/TransferOutputs2.xml
2 ms. Memory: 214016K Free: 140880K (66%)
----------------- Invoking toplevel() on ptolemy.moml.MoMLSimpleApplication@20750f90
----------------- Done invoking toplevel() on ptolemy.moml.MoMLSimpleApplication@20750f90
reloadAllAccessors: .TransferOutputs2

===========================================================================================
----------------- testing Fri Oct 02 15:43:49 UTC 2020 /home/travis/build/icyphy/ptII/ptolemy/domains/de/test/auto/Trilateration.xml
----------------- Instantiating /home/travis/build/icyphy/ptII/ptolemy/domains/de/test/auto/Trilateration.xml
10418 ms. Memory: 372736K Free: 162157K (44%)
----------------- Invoking toplevel() on ptolemy.moml.MoMLSimpleApplication@710a80ba
----------------- Done invoking toplevel() on ptolemy.moml.MoMLSimpleApplication@710a80ba
reloadAllAccessors: .Trilateration

===========================================================================================
----------------- testing Fri Oct 02 15:44:00 UTC 2020 /home/travis/build/icyphy/ptII/ptolemy/domains/de/test/auto/TwoSigmaDelta.xml
----------------- Instantiating /home/travis/build/icyphy/ptII/ptolemy/domains/de/test/auto/TwoSigmaDelta.xml
1858 ms. Memory: 372736K Free: 175056K (47%)
----------------- Invoking toplevel() on ptolemy.moml.MoMLSimpleApplication@8fd3c56
----------------- Done invoking toplevel() on ptolemy.moml.MoMLSimpleApplication@8fd3c56
reloadAllAccessors: .TwoSigmaDelta

===========================================================================================
----------------- testing Fri Oct 02 15:44:02 UTC 2020 /home/travis/build/icyphy/ptII/ptolemy/domains/de/test/auto/VariableDelay.xml
----------------- Instantiating /home/travis/build/icyphy/ptII/ptolemy/domains/de/test/auto/VariableDelay.xml
3 ms. Memory: 372736K Free: 169813K (46%)
----------------- Invoking toplevel() on ptolemy.moml.MoMLSimpleApplication@157205f5
----------------- Done invoking toplevel() on ptolemy.moml.MoMLSimpleApplication@157205f5
reloadAllAccessors: .VariableDelay

===========================================================================================
----------------- testing Fri Oct 02 15:44:02 UTC 2020 /home/travis/build/icyphy/ptII/ptolemy/domains/de/test/auto/VariableDelay2.xml
----------------- Instantiating /home/travis/build/icyphy/ptII/ptolemy/domains/de/test/auto/VariableDelay2.xml
2 ms. Memory: 372736K Free: 165237K (44%)
----------------- Invoking toplevel() on ptolemy.moml.MoMLSimpleApplication@43f7f23e
----------------- Done invoking toplevel() on ptolemy.moml.MoMLSimpleApplication@43f7f23e
reloadAllAccessors: .VariableDelay2

===========================================================================================
----------------- testing Fri Oct 02 15:44:02 UTC 2020 /home/travis/build/icyphy/ptII/ptolemy/domains/de/test/auto/VariableDelayZeroDelay.xml
----------------- Instantiating /home/travis/build/icyphy/ptII/ptolemy/domains/de/test/auto/VariableDelayZeroDelay.xml
4 ms. Memory: 372736K Free: 161141K (43%)
----------------- Invoking toplevel() on ptolemy.moml.MoMLSimpleApplication@44823f63
----------------- Done invoking toplevel() on ptolemy.moml.MoMLSimpleApplication@44823f63
reloadAllAccessors: .VariableDelayZeroDelay

===========================================================================================
----------------- testing Fri Oct 02 15:44:02 UTC 2020 /home/travis/build/icyphy/ptII/ptolemy/domains/de/test/auto/VariableDelayZeroDelay2.xml
----------------- Instantiating /home/travis/build/icyphy/ptII/ptolemy/domains/de/test/auto/VariableDelayZeroDelay2.xml
2 ms. Memory: 372736K Free: 156531K (42%)
----------------- Invoking toplevel() on ptolemy.moml.MoMLSimpleApplication@26f64e88
----------------- Done invoking toplevel() on ptolemy.moml.MoMLSimpleApplication@26f64e88
reloadAllAccessors: .VariableDelayZeroDelay2

===========================================================================================
----------------- testing Fri Oct 02 15:44:02 UTC 2020 /home/travis/build/icyphy/ptII/ptolemy/domains/de/test/auto/deInCt.xml
----------------- Instantiating /home/travis/build/icyphy/ptII/ptolemy/domains/de/test/auto/deInCt.xml
0
1
1
1
0
0
1
1
1
0
0
0
0
0
1
1
1
0
0
0
0
1
1
1
0
0
0
1
1
1
0
0
0
0
0
1
1
1
1
7 ms. Memory: 372736K Free: 151411K (41%)
----------------- Invoking toplevel() on ptolemy.moml.MoMLSimpleApplication@1d5bfbc3
----------------- Done invoking toplevel() on ptolemy.moml.MoMLSimpleApplication@1d5bfbc3
reloadAllAccessors: .deInCt

===========================================================================================
----------------- testing Fri Oct 02 15:44:02 UTC 2020 /home/travis/build/icyphy/ptII/ptolemy/domains/de/test/auto/deInCt2.xml
----------------- Instantiating /home/travis/build/icyphy/ptII/ptolemy/domains/de/test/auto/deInCt2.xml
0
1
1
1
0
0
1
1
1
0
0
1
1
1
0
0
1
1
1
0
0
1
1
1
0
0
1
1
1
0
0
1
1
1
0
0
1
1
1
0
0
0
6 ms. Memory: 372736K Free: 146285K (39%)
----------------- Invoking toplevel() on ptolemy.moml.MoMLSimpleApplication@1d2a5c84
----------------- Done invoking toplevel() on ptolemy.moml.MoMLSimpleApplication@1d2a5c84
reloadAllAccessors: .deInCt2

===========================================================================================
----------------- testing Fri Oct 02 15:44:02 UTC 2020 /home/travis/build/icyphy/ptII/ptolemy/domains/de/test/auto/dynamicCausalityInterface1.xml
----------------- Instantiating /home/travis/build/icyphy/ptII/ptolemy/domains/de/test/auto/dynamicCausalityInterface1.xml
1 ms. Memory: 372736K Free: 137075K (37%)
----------------- Invoking toplevel() on ptolemy.moml.MoMLSimpleApplication@1b041eb7
----------------- Done invoking toplevel() on ptolemy.moml.MoMLSimpleApplication@1b041eb7
reloadAllAccessors: .dynamicCausalityInterface1

===========================================================================================
----------------- testing Fri Oct 02 15:44:02 UTC 2020 /home/travis/build/icyphy/ptII/ptolemy/domains/de/test/auto/fsm_de_test.xml
----------------- Instantiating /home/travis/build/icyphy/ptII/ptolemy/domains/de/test/auto/fsm_de_test.xml
5 ms. Memory: 372736K Free: 127829K (34%)
----------------- Invoking toplevel() on ptolemy.moml.MoMLSimpleApplication@6c5e9087
----------------- Done invoking toplevel() on ptolemy.moml.MoMLSimpleApplication@6c5e9087
reloadAllAccessors: .fsm_de_test

===========================================================================================
----------------- testing Fri Oct 02 15:44:02 UTC 2020 /home/travis/build/icyphy/ptII/ptolemy/domains/de/test/auto/functionDependencyReconstruction.xml
----------------- Instantiating /home/travis/build/icyphy/ptII/ptolemy/domains/de/test/auto/functionDependencyReconstruction.xml
2 ms. Memory: 372736K Free: 331444K (89%)
----------------- Invoking toplevel() on ptolemy.moml.MoMLSimpleApplication@6ceefaf5
----------------- Done invoking toplevel() on ptolemy.moml.MoMLSimpleApplication@6ceefaf5
reloadAllAccessors: .functionDependencyReconstruction

===========================================================================================
----------------- testing Fri Oct 02 15:44:02 UTC 2020 /home/travis/build/icyphy/ptII/ptolemy/domains/de/test/auto/multirate.xml
----------------- Instantiating /home/travis/build/icyphy/ptII/ptolemy/domains/de/test/auto/multirate.xml
2 ms. Memory: 372736K Free: 324772K (87%)
----------------- Invoking toplevel() on ptolemy.moml.MoMLSimpleApplication@73d5b006
----------------- Done invoking toplevel() on ptolemy.moml.MoMLSimpleApplication@73d5b006
reloadAllAccessors: .multirate

===========================================================================================
----------------- testing Fri Oct 02 15:44:02 UTC 2020 /home/travis/build/icyphy/ptII/ptolemy/domains/de/test/auto/multirate2.xml
----------------- Instantiating /home/travis/build/icyphy/ptII/ptolemy/domains/de/test/auto/multirate2.xml
2 ms. Memory: 372736K Free: 318132K (85%)
----------------- Invoking toplevel() on ptolemy.moml.MoMLSimpleApplication@26f579c9
----------------- Done invoking toplevel() on ptolemy.moml.MoMLSimpleApplication@26f579c9
reloadAllAccessors: .multirate2

===========================================================================================
----------------- testing Fri Oct 02 15:44:02 UTC 2020 /home/travis/build/icyphy/ptII/ptolemy/domains/de/test/auto/realtime.xml
----------------- Instantiating /home/travis/build/icyphy/ptII/ptolemy/domains/de/test/auto/realtime.xml
10002 ms. Memory: 372736K Free: 313522K (84%)
----------------- Invoking toplevel() on ptolemy.moml.MoMLSimpleApplication@26fda49b
----------------- Done invoking toplevel() on ptolemy.moml.MoMLSimpleApplication@26fda49b
reloadAllAccessors: .realtime

===========================================================================================
----------------- testing Fri Oct 02 15:44:12 UTC 2020 /home/travis/build/icyphy/ptII/ptolemy/domains/de/test/auto/relationGroup.xml
----------------- Instantiating /home/travis/build/icyphy/ptII/ptolemy/domains/de/test/auto/relationGroup.xml
1 ms. Memory: 372736K Free: 309940K (83%)
----------------- Invoking toplevel() on ptolemy.moml.MoMLSimpleApplication@10b1def2
----------------- Done invoking toplevel() on ptolemy.moml.MoMLSimpleApplication@10b1def2
reloadAllAccessors: .relationGroup

===========================================================================================
----------------- testing Fri Oct 02 15:44:12 UTC 2020 /home/travis/build/icyphy/ptII/ptolemy/domains/de/test/auto/relationGroup2.xml
----------------- Instantiating /home/travis/build/icyphy/ptII/ptolemy/domains/de/test/auto/relationGroup2.xml
1 ms. Memory: 372736K Free: 306354K (82%)
----------------- Invoking toplevel() on ptolemy.moml.MoMLSimpleApplication@2a50f32a
----------------- Done invoking toplevel() on ptolemy.moml.MoMLSimpleApplication@2a50f32a
reloadAllAccessors: .relationGroup2

===========================================================================================
----------------- testing Fri Oct 02 15:44:12 UTC 2020 /home/travis/build/icyphy/ptII/ptolemy/domains/de/test/auto/sortWithOpaquePorts.xml
----------------- Instantiating /home/travis/build/icyphy/ptII/ptolemy/domains/de/test/auto/sortWithOpaquePorts.xml
1 ms. Memory: 372736K Free: 301748K (81%)
----------------- Invoking toplevel() on ptolemy.moml.MoMLSimpleApplication@42bda4db
----------------- Done invoking toplevel() on ptolemy.moml.MoMLSimpleApplication@42bda4db
reloadAllAccessors: .sortWithOpaquePorts

===========================================================================================
----------------- testing Fri Oct 02 15:44:12 UTC 2020 /home/travis/build/icyphy/ptII/ptolemy/domains/de/test/auto/transferInputsandOutputs.xml
----------------- Instantiating /home/travis/build/icyphy/ptII/ptolemy/domains/de/test/auto/transferInputsandOutputs.xml
1 ms. Memory: 372736K Free: 294580K (79%)
----------------- Invoking toplevel() on ptolemy.moml.MoMLSimpleApplication@417d214b
----------------- Done invoking toplevel() on ptolemy.moml.MoMLSimpleApplication@417d214b
reloadAllAccessors: .transferInputsandOutputs

===========================================================================================
----------------- testing Fri Oct 02 15:44:12 UTC 2020 /home/travis/build/icyphy/ptII/ptolemy/domains/de/test/auto/triggerType.xml
----------------- Instantiating /home/travis/build/icyphy/ptII/ptolemy/domains/de/test/auto/triggerType.xml
3 ms. Memory: 372736K Free: 290484K (78%)
----------------- Invoking toplevel() on ptolemy.moml.MoMLSimpleApplication@4ef78a4c
----------------- Done invoking toplevel() on ptolemy.moml.MoMLSimpleApplication@4ef78a4c
reloadAllAccessors: .triggerType
AutoTests.java: About to close Vertx.
AutoTests.java: Vertx closed.
]]></system-out>
  <system-err><![CDATA[java.lang.RuntimeException: Execution failed
	at ptolemy.moml.MoMLSimpleApplication$UnloadThread.run(MoMLSimpleApplication.java:402)
Caused by: ptolemy.kernel.util.IllegalActionException: Found a zero delay loop containing .dependencyLoop.original
  in .dependencyLoop and .dependencyLoop.original
	at ptolemy.actor.util.CausalityInterfaceForComposites._computeOutputPortDepth(CausalityInterfaceForComposites.java:759)
	at ptolemy.actor.util.CausalityInterfaceForComposites._computeInputDepth(CausalityInterfaceForComposites.java:696)
	at ptolemy.actor.util.CausalityInterfaceForComposites._computeOutputPortDepth(CausalityInterfaceForComposites.java:765)
	at ptolemy.actor.util.CausalityInterfaceForComposites._computeInputDepth(CausalityInterfaceForComposites.java:696)
	at ptolemy.actor.util.CausalityInterfaceForComposites._computeOutputPortDepth(CausalityInterfaceForComposites.java:765)
	at ptolemy.actor.util.CausalityInterfaceForComposites._computeInputDepth(CausalityInterfaceForComposites.java:696)
	at ptolemy.actor.util.CausalityInterfaceForComposites._computeActorDepth(CausalityInterfaceForComposites.java:532)
	at ptolemy.actor.util.CausalityInterfaceForComposites.checkForCycles(CausalityInterfaceForComposites.java:96)
	at ptolemy.domains.de.kernel.DEDirector.preinitialize(DEDirector.java:1338)
	at ptolemy.actor.CompositeActor.preinitialize(CompositeActor.java:1828)
	at ptolemy.actor.Manager.preinitializeAndResolveTypes(Manager.java:1040)
	at ptolemy.actor.Manager.initialize(Manager.java:710)
	at ptolemy.actor.Manager.execute(Manager.java:356)
	at ptolemy.actor.Manager.run(Manager.java:1263)
	at ptolemy.actor.Manager$PtolemyRunThread.run(Manager.java:1933)
java.lang.RuntimeException: Execution failed
	at ptolemy.moml.MoMLSimpleApplication$UnloadThread.run(MoMLSimpleApplication.java:402)
Caused by: ptolemy.kernel.util.IllegalActionException: Found a zero delay loop containing .dependencyLoop2.original
  in .dependencyLoop2 and .dependencyLoop2.original
	at ptolemy.actor.util.CausalityInterfaceForComposites._computeOutputPortDepth(CausalityInterfaceForComposites.java:759)
	at ptolemy.actor.util.CausalityInterfaceForComposites._computeInputDepth(CausalityInterfaceForComposites.java:696)
	at ptolemy.actor.util.CausalityInterfaceForComposites._computeOutputPortDepth(CausalityInterfaceForComposites.java:765)
	at ptolemy.actor.util.CausalityInterfaceForComposites._computeInputDepth(CausalityInterfaceForComposites.java:696)
	at ptolemy.actor.util.CausalityInterfaceForComposites._computeOutputPortDepth(CausalityInterfaceForComposites.java:765)
	at ptolemy.actor.util.CausalityInterfaceForComposites._computeInputDepth(CausalityInterfaceForComposites.java:696)
	at ptolemy.actor.util.CausalityInterfaceForComposites._computeActorDepth(CausalityInterfaceForComposites.java:532)
	at ptolemy.actor.util.CausalityInterfaceForComposites.checkForCycles(CausalityInterfaceForComposites.java:96)
	at ptolemy.domains.de.kernel.DEDirector.preinitialize(DEDirector.java:1338)
	at ptolemy.actor.CompositeActor.preinitialize(CompositeActor.java:1828)
	at ptolemy.actor.Manager.preinitializeAndResolveTypes(Manager.java:1040)
	at ptolemy.actor.Manager.initialize(Manager.java:710)
	at ptolemy.actor.Manager.execute(Manager.java:356)
	at ptolemy.actor.Manager.run(Manager.java:1263)
	at ptolemy.actor.Manager$PtolemyRunThread.run(Manager.java:1933)
java.lang.RuntimeException: Execution failed
	at ptolemy.moml.MoMLSimpleApplication$UnloadThread.run(MoMLSimpleApplication.java:402)
Caused by: ptolemy.kernel.util.IllegalActionException: Test fails in iteration 1.
Value was: 1.0. Should have been: 2.0
  in .DirectFeedback.Test
	at ptolemy.actor.lib.Test.fire(Test.java:268)
	at ptolemy.domains.de.kernel.DEDirector._fire(DEDirector.java:1949)
	at ptolemy.domains.de.kernel.DEDirector.fire(DEDirector.java:502)
	at ptolemy.actor.CompositeActor.fire(CompositeActor.java:455)
	at ptolemy.actor.Manager.iterate(Manager.java:851)
	at ptolemy.actor.Manager.execute(Manager.java:369)
	at ptolemy.actor.Manager.run(Manager.java:1263)
	at ptolemy.actor.Manager$PtolemyRunThread.run(Manager.java:1933)
java.lang.RuntimeException: Execution failed
	at ptolemy.moml.MoMLSimpleApplication$UnloadThread.run(MoMLSimpleApplication.java:402)
Caused by: ptolemy.kernel.util.IllegalActionException: Found a zero delay loop containing .dependencyLoop.original
  in .dependencyLoop and .dependencyLoop.original
	at ptolemy.actor.util.CausalityInterfaceForComposites._computeOutputPortDepth(CausalityInterfaceForComposites.java:759)
	at ptolemy.actor.util.CausalityInterfaceForComposites._computeInputDepth(CausalityInterfaceForComposites.java:696)
	at ptolemy.actor.util.CausalityInterfaceForComposites._computeOutputPortDepth(CausalityInterfaceForComposites.java:765)
	at ptolemy.actor.util.CausalityInterfaceForComposites._computeInputDepth(CausalityInterfaceForComposites.java:696)
	at ptolemy.actor.util.CausalityInterfaceForComposites._computeOutputPortDepth(CausalityInterfaceForComposites.java:765)
	at ptolemy.actor.util.CausalityInterfaceForComposites._computeInputDepth(CausalityInterfaceForComposites.java:696)
	at ptolemy.actor.util.CausalityInterfaceForComposites._computeActorDepth(CausalityInterfaceForComposites.java:532)
	at ptolemy.actor.util.CausalityInterfaceForComposites.checkForCycles(CausalityInterfaceForComposites.java:96)
	at ptolemy.domains.de.kernel.DEDirector.preinitialize(DEDirector.java:1338)
	at ptolemy.actor.CompositeActor.preinitialize(CompositeActor.java:1828)
	at ptolemy.actor.Manager.preinitializeAndResolveTypes(Manager.java:1040)
	at ptolemy.actor.Manager.initialize(Manager.java:710)
	at ptolemy.actor.Manager.execute(Manager.java:356)
	at ptolemy.actor.Manager.run(Manager.java:1263)
	at ptolemy.actor.Manager$PtolemyRunThread.run(Manager.java:1933)
java.lang.RuntimeException: Execution failed
	at ptolemy.moml.MoMLSimpleApplication$UnloadThread.run(MoMLSimpleApplication.java:402)
Caused by: ptolemy.kernel.util.IllegalActionException: Found a zero delay loop containing .HierarchicalModel.A
  in .HierarchicalModel and .HierarchicalModel.A
	at ptolemy.actor.util.CausalityInterfaceForComposites._computeOutputPortDepth(CausalityInterfaceForComposites.java:759)
	at ptolemy.actor.util.CausalityInterfaceForComposites._computeInputDepth(CausalityInterfaceForComposites.java:696)
	at ptolemy.actor.util.CausalityInterfaceForComposites._computeOutputPortDepth(CausalityInterfaceForComposites.java:765)
	at ptolemy.actor.util.CausalityInterfaceForComposites._computeInputDepth(CausalityInterfaceForComposites.java:696)
	at ptolemy.actor.util.CausalityInterfaceForComposites._computeOutputPortDepth(CausalityInterfaceForComposites.java:765)
	at ptolemy.actor.util.CausalityInterfaceForComposites._computeInputDepth(CausalityInterfaceForComposites.java:696)
	at ptolemy.actor.util.CausalityInterfaceForComposites._computeActorDepth(CausalityInterfaceForComposites.java:532)
	at ptolemy.actor.util.CausalityInterfaceForComposites.checkForCycles(CausalityInterfaceForComposites.java:96)
	at ptolemy.domains.de.kernel.DEDirector.preinitialize(DEDirector.java:1338)
	at ptolemy.actor.CompositeActor.preinitialize(CompositeActor.java:1828)
	at ptolemy.actor.Manager.preinitializeAndResolveTypes(Manager.java:1040)
	at ptolemy.actor.Manager.initialize(Manager.java:710)
	at ptolemy.actor.Manager.execute(Manager.java:356)
	at ptolemy.actor.Manager.run(Manager.java:1263)
	at ptolemy.actor.Manager$PtolemyRunThread.run(Manager.java:1933)
java.lang.RuntimeException: Execution failed
	at ptolemy.moml.MoMLSimpleApplication$UnloadThread.run(MoMLSimpleApplication.java:402)
Caused by: ptolemy.kernel.util.IllegalActionException: Found a zero delay loop containing .dependencyLoop2.original
  in .dependencyLoop2 and .dependencyLoop2.original
	at ptolemy.actor.util.CausalityInterfaceForComposites._computeOutputPortDepth(CausalityInterfaceForComposites.java:759)
	at ptolemy.actor.util.CausalityInterfaceForComposites._computeInputDepth(CausalityInterfaceForComposites.java:696)
	at ptolemy.actor.util.CausalityInterfaceForComposites._computeOutputPortDepth(CausalityInterfaceForComposites.java:765)
	at ptolemy.actor.util.CausalityInterfaceForComposites._computeInputDepth(CausalityInterfaceForComposites.java:696)
	at ptolemy.actor.util.CausalityInterfaceForComposites._computeOutputPortDepth(CausalityInterfaceForComposites.java:765)
	at ptolemy.actor.util.CausalityInterfaceForComposites._computeInputDepth(CausalityInterfaceForComposites.java:696)
	at ptolemy.actor.util.CausalityInterfaceForComposites._computeActorDepth(CausalityInterfaceForComposites.java:532)
	at ptolemy.actor.util.CausalityInterfaceForComposites.checkForCycles(CausalityInterfaceForComposites.java:96)
	at ptolemy.domains.de.kernel.DEDirector.preinitialize(DEDirector.java:1338)
	at ptolemy.actor.CompositeActor.preinitialize(CompositeActor.java:1828)
	at ptolemy.actor.Manager.preinitializeAndResolveTypes(Manager.java:1040)
	at ptolemy.actor.Manager.initialize(Manager.java:710)
	at ptolemy.actor.Manager.execute(Manager.java:356)
	at ptolemy.actor.Manager.run(Manager.java:1263)
	at ptolemy.actor.Manager$PtolemyRunThread.run(Manager.java:1933)
java.lang.RuntimeException: Execution failed
	at ptolemy.moml.MoMLSimpleApplication$UnloadThread.run(MoMLSimpleApplication.java:402)
Caused by: ptolemy.kernel.util.IllegalActionException: Actor is not ready to fire.  Perhaps UpSample.prefire() returned false? Try debugging the actor by selecting "Listen to Actor".  Also, for SDF check moml for tokenConsumptionRate on input.
  in .DESDFClockTest.Play Bell.Copy1:SDF Director and .DESDFClockTest.Play Bell.UpSample
	at ptolemy.actor.sched.StaticSchedulingDirector.fire(StaticSchedulingDirector.java:227)
	at ptolemy.domains.sdf.kernel.SDFDirector.fire(SDFDirector.java:500)
	at ptolemy.actor.CompositeActor.fire(CompositeActor.java:455)
	at ptolemy.domains.de.kernel.DEDirector._fire(DEDirector.java:1949)
	at ptolemy.domains.de.kernel.DEDirector.fire(DEDirector.java:502)
	at ptolemy.actor.CompositeActor.fire(CompositeActor.java:455)
	at ptolemy.actor.Manager.iterate(Manager.java:851)
	at ptolemy.actor.Manager.execute(Manager.java:369)
	at ptolemy.actor.Manager.run(Manager.java:1263)
	at ptolemy.actor.Manager$PtolemyRunThread.run(Manager.java:1933)
java.lang.RuntimeException: Execution failed
	at ptolemy.moml.MoMLSimpleApplication$UnloadThread.run(MoMLSimpleApplication.java:402)
Caused by: ptolemy.kernel.util.IllegalActionException: Actor is not ready to fire.  Perhaps UpSample.prefire() returned false? Try debugging the actor by selecting "Listen to Actor".  Also, for SDF check moml for tokenConsumptionRate on input.
  in .DESDFClockTest.Play Bell.Copy1:SDF Director and .DESDFClockTest.Play Bell.UpSample
	at ptolemy.actor.sched.StaticSchedulingDirector.fire(StaticSchedulingDirector.java:227)
	at ptolemy.domains.sdf.kernel.SDFDirector.fire(SDFDirector.java:500)
	at ptolemy.actor.CompositeActor.fire(CompositeActor.java:455)
	at ptolemy.domains.de.kernel.DEDirector._fire(DEDirector.java:1949)
	at ptolemy.domains.de.kernel.DEDirector.fire(DEDirector.java:502)
	at ptolemy.actor.CompositeActor.fire(CompositeActor.java:455)
	at ptolemy.actor.Manager.iterate(Manager.java:851)
	at ptolemy.actor.Manager.execute(Manager.java:369)
	at ptolemy.actor.Manager.run(Manager.java:1263)
	at ptolemy.actor.Manager$PtolemyRunThread.run(Manager.java:1933)
java.lang.reflect.InvocationTargetException
	at java.base/jdk.internal.reflect.NativeConstructorAccessorImpl.newInstance0(Native Method)
	at java.base/jdk.internal.reflect.NativeConstructorAccessorImpl.newInstance(NativeConstructorAccessorImpl.java:62)
	at java.base/jdk.internal.reflect.DelegatingConstructorAccessorImpl.newInstance(DelegatingConstructorAccessorImpl.java:45)
	at java.base/java.lang.reflect.Constructor.newInstance(Constructor.java:490)
	at ptolemy.util.test.junit.AutoKnownFailedTests.RunModel(AutoKnownFailedTests.java:105)
	at java.base/jdk.internal.reflect.NativeMethodAccessorImpl.invoke0(Native Method)
	at java.base/jdk.internal.reflect.NativeMethodAccessorImpl.invoke(NativeMethodAccessorImpl.java:62)
	at java.base/jdk.internal.reflect.DelegatingMethodAccessorImpl.invoke(DelegatingMethodAccessorImpl.java:43)
	at java.base/java.lang.reflect.Method.invoke(Method.java:566)
	at org.junit.runners.model.FrameworkMethod$1.runReflectiveCall(FrameworkMethod.java:44)
	at org.junit.internal.runners.model.ReflectiveCallable.run(ReflectiveCallable.java:15)
	at org.junit.runners.model.FrameworkMethod.invokeExplosively(FrameworkMethod.java:41)
	at junitparams.internal.InvokeParameterisedMethod.evaluate(InvokeParameterisedMethod.java:102)
	at org.junit.internal.runners.statements.FailOnTimeout$1.run(FailOnTimeout.java:28)
Caused by: ptolemy.kernel.util.IllegalActionException: Actor is not ready to fire.  Perhaps UpSample.prefire() returned false? Try debugging the actor by selecting "Listen to Actor".  Also, for SDF check moml for tokenConsumptionRate on input.
  in .DESDFClockTest.Play Bell.Copy1:SDF Director and .DESDFClockTest.Play Bell.UpSample
	at ptolemy.actor.sched.StaticSchedulingDirector.fire(StaticSchedulingDirector.java:227)
	at ptolemy.domains.sdf.kernel.SDFDirector.fire(SDFDirector.java:500)
	at ptolemy.actor.CompositeActor.fire(CompositeActor.java:455)
	at ptolemy.domains.de.kernel.DEDirector._fire(DEDirector.java:1949)
	at ptolemy.domains.de.kernel.DEDirector.fire(DEDirector.java:502)
	at ptolemy.actor.CompositeActor.fire(CompositeActor.java:455)
	at ptolemy.actor.Manager.iterate(Manager.java:851)
	at ptolemy.actor.Manager.execute(Manager.java:369)
	at ptolemy.actor.Manager.run(Manager.java:1263)
	at ptolemy.actor.Manager$PtolemyRunThread.run(Manager.java:1933)
java.lang.RuntimeException: Execution failed
	at ptolemy.moml.MoMLSimpleApplication$UnloadThread.run(MoMLSimpleApplication.java:402)
Caused by: ptolemy.kernel.util.IllegalActionException: Test fails in iteration 1.
Value was: 1.0. Should have been: 2.0
  in .DirectFeedback.Test
	at ptolemy.actor.lib.Test.fire(Test.java:268)
	at ptolemy.domains.de.kernel.DEDirector._fire(DEDirector.java:1949)
	at ptolemy.domains.de.kernel.DEDirector.fire(DEDirector.java:502)
	at ptolemy.actor.CompositeActor.fire(CompositeActor.java:455)
	at ptolemy.actor.Manager.iterate(Manager.java:851)
	at ptolemy.actor.Manager.execute(Manager.java:369)
	at ptolemy.actor.Manager.run(Manager.java:1263)
	at ptolemy.actor.Manager$PtolemyRunThread.run(Manager.java:1933)
java.lang.reflect.InvocationTargetException
	at java.base/jdk.internal.reflect.NativeConstructorAccessorImpl.newInstance0(Native Method)
	at java.base/jdk.internal.reflect.NativeConstructorAccessorImpl.newInstance(NativeConstructorAccessorImpl.java:62)
	at java.base/jdk.internal.reflect.DelegatingConstructorAccessorImpl.newInstance(DelegatingConstructorAccessorImpl.java:45)
	at java.base/java.lang.reflect.Constructor.newInstance(Constructor.java:490)
	at ptolemy.util.test.junit.AutoKnownFailedTests.RunModel(AutoKnownFailedTests.java:105)
	at java.base/jdk.internal.reflect.NativeMethodAccessorImpl.invoke0(Native Method)
	at java.base/jdk.internal.reflect.NativeMethodAccessorImpl.invoke(NativeMethodAccessorImpl.java:62)
	at java.base/jdk.internal.reflect.DelegatingMethodAccessorImpl.invoke(DelegatingMethodAccessorImpl.java:43)
	at java.base/java.lang.reflect.Method.invoke(Method.java:566)
	at org.junit.runners.model.FrameworkMethod$1.runReflectiveCall(FrameworkMethod.java:44)
	at org.junit.internal.runners.model.ReflectiveCallable.run(ReflectiveCallable.java:15)
	at org.junit.runners.model.FrameworkMethod.invokeExplosively(FrameworkMethod.java:41)
	at junitparams.internal.InvokeParameterisedMethod.evaluate(InvokeParameterisedMethod.java:102)
	at org.junit.internal.runners.statements.FailOnTimeout$1.run(FailOnTimeout.java:28)
Caused by: ptolemy.kernel.util.IllegalActionException: Test fails in iteration 1.
Value was: 1.0. Should have been: 2.0
  in .DirectFeedback.Test
	at ptolemy.actor.lib.Test.fire(Test.java:268)
	at ptolemy.domains.de.kernel.DEDirector._fire(DEDirector.java:1949)
	at ptolemy.domains.de.kernel.DEDirector.fire(DEDirector.java:502)
	at ptolemy.actor.CompositeActor.fire(CompositeActor.java:455)
	at ptolemy.actor.Manager.iterate(Manager.java:851)
	at ptolemy.actor.Manager.execute(Manager.java:369)
	at ptolemy.actor.Manager.run(Manager.java:1263)
	at ptolemy.actor.Manager$PtolemyRunThread.run(Manager.java:1933)
java.lang.RuntimeException: Execution failed
	at ptolemy.moml.MoMLSimpleApplication$UnloadThread.run(MoMLSimpleApplication.java:402)
Caused by: ptolemy.kernel.util.IllegalActionException: Found a zero delay loop containing .HierarchicalModel.A
  in .HierarchicalModel and .HierarchicalModel.A
	at ptolemy.actor.util.CausalityInterfaceForComposites._computeOutputPortDepth(CausalityInterfaceForComposites.java:759)
	at ptolemy.actor.util.CausalityInterfaceForComposites._computeInputDepth(CausalityInterfaceForComposites.java:696)
	at ptolemy.actor.util.CausalityInterfaceForComposites._computeOutputPortDepth(CausalityInterfaceForComposites.java:765)
	at ptolemy.actor.util.CausalityInterfaceForComposites._computeInputDepth(CausalityInterfaceForComposites.java:696)
	at ptolemy.actor.util.CausalityInterfaceForComposites._computeOutputPortDepth(CausalityInterfaceForComposites.java:765)
	at ptolemy.actor.util.CausalityInterfaceForComposites._computeInputDepth(CausalityInterfaceForComposites.java:696)
	at ptolemy.actor.util.CausalityInterfaceForComposites._computeActorDepth(CausalityInterfaceForComposites.java:532)
	at ptolemy.actor.util.CausalityInterfaceForComposites.checkForCycles(CausalityInterfaceForComposites.java:96)
	at ptolemy.domains.de.kernel.DEDirector.preinitialize(DEDirector.java:1338)
	at ptolemy.actor.CompositeActor.preinitialize(CompositeActor.java:1828)
	at ptolemy.actor.Manager.preinitializeAndResolveTypes(Manager.java:1040)
	at ptolemy.actor.Manager.initialize(Manager.java:710)
	at ptolemy.actor.Manager.execute(Manager.java:356)
	at ptolemy.actor.Manager.run(Manager.java:1263)
	at ptolemy.actor.Manager$PtolemyRunThread.run(Manager.java:1933)
java.lang.reflect.InvocationTargetException
	at java.base/jdk.internal.reflect.NativeConstructorAccessorImpl.newInstance0(Native Method)
	at java.base/jdk.internal.reflect.NativeConstructorAccessorImpl.newInstance(NativeConstructorAccessorImpl.java:62)
	at java.base/jdk.internal.reflect.DelegatingConstructorAccessorImpl.newInstance(DelegatingConstructorAccessorImpl.java:45)
	at java.base/java.lang.reflect.Constructor.newInstance(Constructor.java:490)
	at ptolemy.util.test.junit.AutoKnownFailedTests.RunModel(AutoKnownFailedTests.java:105)
	at java.base/jdk.internal.reflect.NativeMethodAccessorImpl.invoke0(Native Method)
	at java.base/jdk.internal.reflect.NativeMethodAccessorImpl.invoke(NativeMethodAccessorImpl.java:62)
	at java.base/jdk.internal.reflect.DelegatingMethodAccessorImpl.invoke(DelegatingMethodAccessorImpl.java:43)
	at java.base/java.lang.reflect.Method.invoke(Method.java:566)
	at org.junit.runners.model.FrameworkMethod$1.runReflectiveCall(FrameworkMethod.java:44)
	at org.junit.internal.runners.model.ReflectiveCallable.run(ReflectiveCallable.java:15)
	at org.junit.runners.model.FrameworkMethod.invokeExplosively(FrameworkMethod.java:41)
	at junitparams.internal.InvokeParameterisedMethod.evaluate(InvokeParameterisedMethod.java:102)
	at org.junit.internal.runners.statements.FailOnTimeout$1.run(FailOnTimeout.java:28)
Caused by: ptolemy.kernel.util.IllegalActionException: Found a zero delay loop containing .HierarchicalModel.A
  in .HierarchicalModel and .HierarchicalModel.A
	at ptolemy.actor.util.CausalityInterfaceForComposites._computeOutputPortDepth(CausalityInterfaceForComposites.java:759)
	at ptolemy.actor.util.CausalityInterfaceForComposites._computeInputDepth(CausalityInterfaceForComposites.java:696)
	at ptolemy.actor.util.CausalityInterfaceForComposites._computeOutputPortDepth(CausalityInterfaceForComposites.java:765)
	at ptolemy.actor.util.CausalityInterfaceForComposites._computeInputDepth(CausalityInterfaceForComposites.java:696)
	at ptolemy.actor.util.CausalityInterfaceForComposites._computeOutputPortDepth(CausalityInterfaceForComposites.java:765)
	at ptolemy.actor.util.CausalityInterfaceForComposites._computeInputDepth(CausalityInterfaceForComposites.java:696)
	at ptolemy.actor.util.CausalityInterfaceForComposites._computeActorDepth(CausalityInterfaceForComposites.java:532)
	at ptolemy.actor.util.CausalityInterfaceForComposites.checkForCycles(CausalityInterfaceForComposites.java:96)
	at ptolemy.domains.de.kernel.DEDirector.preinitialize(DEDirector.java:1338)
	at ptolemy.actor.CompositeActor.preinitialize(CompositeActor.java:1828)
	at ptolemy.actor.Manager.preinitializeAndResolveTypes(Manager.java:1040)
	at ptolemy.actor.Manager.initialize(Manager.java:710)
	at ptolemy.actor.Manager.execute(Manager.java:356)
	at ptolemy.actor.Manager.run(Manager.java:1263)
	at ptolemy.actor.Manager$PtolemyRunThread.run(Manager.java:1933)
java.lang.RuntimeException: Execution failed
	at ptolemy.moml.MoMLSimpleApplication$UnloadThread.run(MoMLSimpleApplication.java:402)
Caused by: ptolemy.kernel.util.IllegalActionException: Found a zero delay loop containing .dependencyLoop.original
  in .dependencyLoop and .dependencyLoop.original
	at ptolemy.actor.util.CausalityInterfaceForComposites._computeOutputPortDepth(CausalityInterfaceForComposites.java:759)
	at ptolemy.actor.util.CausalityInterfaceForComposites._computeInputDepth(CausalityInterfaceForComposites.java:696)
	at ptolemy.actor.util.CausalityInterfaceForComposites._computeOutputPortDepth(CausalityInterfaceForComposites.java:765)
	at ptolemy.actor.util.CausalityInterfaceForComposites._computeInputDepth(CausalityInterfaceForComposites.java:696)
	at ptolemy.actor.util.CausalityInterfaceForComposites._computeOutputPortDepth(CausalityInterfaceForComposites.java:765)
	at ptolemy.actor.util.CausalityInterfaceForComposites._computeInputDepth(CausalityInterfaceForComposites.java:696)
	at ptolemy.actor.util.CausalityInterfaceForComposites._computeActorDepth(CausalityInterfaceForComposites.java:532)
	at ptolemy.actor.util.CausalityInterfaceForComposites.checkForCycles(CausalityInterfaceForComposites.java:96)
	at ptolemy.domains.de.kernel.DEDirector.preinitialize(DEDirector.java:1338)
	at ptolemy.actor.CompositeActor.preinitialize(CompositeActor.java:1828)
	at ptolemy.actor.Manager.preinitializeAndResolveTypes(Manager.java:1040)
	at ptolemy.actor.Manager.initialize(Manager.java:710)
	at ptolemy.actor.Manager.execute(Manager.java:356)
	at ptolemy.actor.Manager.run(Manager.java:1263)
	at ptolemy.actor.Manager$PtolemyRunThread.run(Manager.java:1933)
java.lang.reflect.InvocationTargetException
	at java.base/jdk.internal.reflect.NativeConstructorAccessorImpl.newInstance0(Native Method)
	at java.base/jdk.internal.reflect.NativeConstructorAccessorImpl.newInstance(NativeConstructorAccessorImpl.java:62)
	at java.base/jdk.internal.reflect.DelegatingConstructorAccessorImpl.newInstance(DelegatingConstructorAccessorImpl.java:45)
	at java.base/java.lang.reflect.Constructor.newInstance(Constructor.java:490)
	at ptolemy.util.test.junit.AutoKnownFailedTests.RunModel(AutoKnownFailedTests.java:105)
	at java.base/jdk.internal.reflect.NativeMethodAccessorImpl.invoke0(Native Method)
	at java.base/jdk.internal.reflect.NativeMethodAccessorImpl.invoke(NativeMethodAccessorImpl.java:62)
	at java.base/jdk.internal.reflect.DelegatingMethodAccessorImpl.invoke(DelegatingMethodAccessorImpl.java:43)
	at java.base/java.lang.reflect.Method.invoke(Method.java:566)
	at org.junit.runners.model.FrameworkMethod$1.runReflectiveCall(FrameworkMethod.java:44)
	at org.junit.internal.runners.model.ReflectiveCallable.run(ReflectiveCallable.java:15)
	at org.junit.runners.model.FrameworkMethod.invokeExplosively(FrameworkMethod.java:41)
	at junitparams.internal.InvokeParameterisedMethod.evaluate(InvokeParameterisedMethod.java:102)
	at org.junit.internal.runners.statements.FailOnTimeout$1.run(FailOnTimeout.java:28)
Caused by: ptolemy.kernel.util.IllegalActionException: Found a zero delay loop containing .dependencyLoop.original
  in .dependencyLoop and .dependencyLoop.original
	at ptolemy.actor.util.CausalityInterfaceForComposites._computeOutputPortDepth(CausalityInterfaceForComposites.java:759)
	at ptolemy.actor.util.CausalityInterfaceForComposites._computeInputDepth(CausalityInterfaceForComposites.java:696)
	at ptolemy.actor.util.CausalityInterfaceForComposites._computeOutputPortDepth(CausalityInterfaceForComposites.java:765)
	at ptolemy.actor.util.CausalityInterfaceForComposites._computeInputDepth(CausalityInterfaceForComposites.java:696)
	at ptolemy.actor.util.CausalityInterfaceForComposites._computeOutputPortDepth(CausalityInterfaceForComposites.java:765)
	at ptolemy.actor.util.CausalityInterfaceForComposites._computeInputDepth(CausalityInterfaceForComposites.java:696)
	at ptolemy.actor.util.CausalityInterfaceForComposites._computeActorDepth(CausalityInterfaceForComposites.java:532)
	at ptolemy.actor.util.CausalityInterfaceForComposites.checkForCycles(CausalityInterfaceForComposites.java:96)
	at ptolemy.domains.de.kernel.DEDirector.preinitialize(DEDirector.java:1338)
	at ptolemy.actor.CompositeActor.preinitialize(CompositeActor.java:1828)
	at ptolemy.actor.Manager.preinitializeAndResolveTypes(Manager.java:1040)
	at ptolemy.actor.Manager.initialize(Manager.java:710)
	at ptolemy.actor.Manager.execute(Manager.java:356)
	at ptolemy.actor.Manager.run(Manager.java:1263)
	at ptolemy.actor.Manager$PtolemyRunThread.run(Manager.java:1933)
java.lang.RuntimeException: Execution failed
	at ptolemy.moml.MoMLSimpleApplication$UnloadThread.run(MoMLSimpleApplication.java:402)
Caused by: ptolemy.kernel.util.IllegalActionException: Found a zero delay loop containing .dependencyLoop2.original
  in .dependencyLoop2 and .dependencyLoop2.original
	at ptolemy.actor.util.CausalityInterfaceForComposites._computeOutputPortDepth(CausalityInterfaceForComposites.java:759)
	at ptolemy.actor.util.CausalityInterfaceForComposites._computeInputDepth(CausalityInterfaceForComposites.java:696)
	at ptolemy.actor.util.CausalityInterfaceForComposites._computeOutputPortDepth(CausalityInterfaceForComposites.java:765)
	at ptolemy.actor.util.CausalityInterfaceForComposites._computeInputDepth(CausalityInterfaceForComposites.java:696)
	at ptolemy.actor.util.CausalityInterfaceForComposites._computeOutputPortDepth(CausalityInterfaceForComposites.java:765)
	at ptolemy.actor.util.CausalityInterfaceForComposites._computeInputDepth(CausalityInterfaceForComposites.java:696)
	at ptolemy.actor.util.CausalityInterfaceForComposites._computeActorDepth(CausalityInterfaceForComposites.java:532)
	at ptolemy.actor.util.CausalityInterfaceForComposites.checkForCycles(CausalityInterfaceForComposites.java:96)
	at ptolemy.domains.de.kernel.DEDirector.preinitialize(DEDirector.java:1338)
	at ptolemy.actor.CompositeActor.preinitialize(CompositeActor.java:1828)
	at ptolemy.actor.Manager.preinitializeAndResolveTypes(Manager.java:1040)
	at ptolemy.actor.Manager.initialize(Manager.java:710)
	at ptolemy.actor.Manager.execute(Manager.java:356)
	at ptolemy.actor.Manager.run(Manager.java:1263)
	at ptolemy.actor.Manager$PtolemyRunThread.run(Manager.java:1933)
java.lang.reflect.InvocationTargetException
	at java.base/jdk.internal.reflect.NativeConstructorAccessorImpl.newInstance0(Native Method)
	at java.base/jdk.internal.reflect.NativeConstructorAccessorImpl.newInstance(NativeConstructorAccessorImpl.java:62)
	at java.base/jdk.internal.reflect.DelegatingConstructorAccessorImpl.newInstance(DelegatingConstructorAccessorImpl.java:45)
	at java.base/java.lang.reflect.Constructor.newInstance(Constructor.java:490)
	at ptolemy.util.test.junit.AutoKnownFailedTests.RunModel(AutoKnownFailedTests.java:105)
	at java.base/jdk.internal.reflect.NativeMethodAccessorImpl.invoke0(Native Method)
	at java.base/jdk.internal.reflect.NativeMethodAccessorImpl.invoke(NativeMethodAccessorImpl.java:62)
	at java.base/jdk.internal.reflect.DelegatingMethodAccessorImpl.invoke(DelegatingMethodAccessorImpl.java:43)
	at java.base/java.lang.reflect.Method.invoke(Method.java:566)
	at org.junit.runners.model.FrameworkMethod$1.runReflectiveCall(FrameworkMethod.java:44)
	at org.junit.internal.runners.model.ReflectiveCallable.run(ReflectiveCallable.java:15)
	at org.junit.runners.model.FrameworkMethod.invokeExplosively(FrameworkMethod.java:41)
	at junitparams.internal.InvokeParameterisedMethod.evaluate(InvokeParameterisedMethod.java:102)
	at org.junit.internal.runners.statements.FailOnTimeout$1.run(FailOnTimeout.java:28)
Caused by: ptolemy.kernel.util.IllegalActionException: Found a zero delay loop containing .dependencyLoop2.original
  in .dependencyLoop2 and .dependencyLoop2.original
	at ptolemy.actor.util.CausalityInterfaceForComposites._computeOutputPortDepth(CausalityInterfaceForComposites.java:759)
	at ptolemy.actor.util.CausalityInterfaceForComposites._computeInputDepth(CausalityInterfaceForComposites.java:696)
	at ptolemy.actor.util.CausalityInterfaceForComposites._computeOutputPortDepth(CausalityInterfaceForComposites.java:765)
	at ptolemy.actor.util.CausalityInterfaceForComposites._computeInputDepth(CausalityInterfaceForComposites.java:696)
	at ptolemy.actor.util.CausalityInterfaceForComposites._computeOutputPortDepth(CausalityInterfaceForComposites.java:765)
	at ptolemy.actor.util.CausalityInterfaceForComposites._computeInputDepth(CausalityInterfaceForComposites.java:696)
	at ptolemy.actor.util.CausalityInterfaceForComposites._computeActorDepth(CausalityInterfaceForComposites.java:532)
	at ptolemy.actor.util.CausalityInterfaceForComposites.checkForCycles(CausalityInterfaceForComposites.java:96)
	at ptolemy.domains.de.kernel.DEDirector.preinitialize(DEDirector.java:1338)
	at ptolemy.actor.CompositeActor.preinitialize(CompositeActor.java:1828)
	at ptolemy.actor.Manager.preinitializeAndResolveTypes(Manager.java:1040)
	at ptolemy.actor.Manager.initialize(Manager.java:710)
	at ptolemy.actor.Manager.execute(Manager.java:356)
	at ptolemy.actor.Manager.run(Manager.java:1263)
	at ptolemy.actor.Manager$PtolemyRunThread.run(Manager.java:1933)
]]></system-err>
</testsuite>
