<?xml version="1.0" encoding="UTF-8" ?>
<testsuite errors="0" failures="1" hostname="travis-job-93298716-bb88-4a04-a602-c2a74abc362d" name="ptolemy.actor.lib.test.junit.JUnitTclTest" skipped="0" tests="517" time="61.447" timestamp="2019-12-21T06:23:46">
  <properties>
    <property name="npm.executable" value="npm" />
    <property name="env.TRAVIS_ROOT" value="/" />
    <property name="ptII.mk.exists" value="true" />
    <property name="env.TRAVIS_APP_HOST" value="build.travis-ci.org" />
    <property name="env.rvm_bin_path" value="/home/travis/.rvm/bin" />
    <property name="java.home" value="/usr/local/lib/jvm/openjdk11" />
    <property name="env.TRAVIS_JOB_NUMBER" value="1436.8" />
    <property name="env.TRAVIS_HOME" value="/home/travis" />
    <property name="env.DISPLAY" value=":99.0" />
    <property name="env.TRAVIS_INIT" value="systemd" />
    <property name="env.SSH_TTY" value="/dev/pts/0" />
    <property name="java.net.preferIPv4Stack" value="true" />
    <property name="env.RUN_TESTS" value="true" />
    <property name="timeout.short" value="1000000" />
    <property name="junit.formatter" value="xml" />
    <property name="env.TRAVIS_SUDO" value="true" />
    <property name="env.TRAVIS_JOB_NAME" value="" />
    <property name="env.TRAVIS_STACK_NODE_ATTRIBUTES" value="/.node-attributes.yml" />
    <property name="env.LOGNAME" value="travis" />
    <property name="env.PT_TRAVIS_TEST_CORE1_XML" value="true" />
    <property name="jsdoc.home" value="node_modules/@terraswarm/jsdoc" />
    <property name="debuglevel" value="source,lines,vars" />
    <property name="checkstyle.formatter" value="xml" />
    <property name="env._system_version" value="16.04" />
    <property name="bin.vergil.makeable" value="true" />
    <property name="sun.os.patch.level" value="unknown" />
    <property name="java.vendor.url" value="http://java.oracle.com/" />
    <property name="env.TRAVIS_BUILD_WEB_URL" value="https://travis-ci.org/icyphy/ptII/builds/628021422" />
    <property name="java.version" value="11.0.2" />
    <property name="env.TZ" value="UTC" />
    <property name="env.TRAVIS_PULL_REQUEST_SHA" value="" />
    <property name="env.PT_NO_NET" value="true" />
    <property name="env.TRAVIS_SECURE_ENV_VARS" value="true" />
    <property name="env._system_type" value="Linux" />
    <property name="java.vendor.url.bug" value="http://bugreport.java.com/bugreport/" />
    <property name="npmjs-org-is-up" value="true" />
    <property name="env.LANGUAGE" value="en_US.UTF-8" />
    <property name="env.SSH_CLIENT" value="10.16.5.52 35498 22" />
    <property name="env.GEM_HOME" value="/home/travis/.rvm/gems/ruby-2.5.3" />
    <property name="env.HAS_ANTARES_THREE_LITTLE_FRONZIES_BADGE" value="true" />
    <property name="java.version.date" value="2019-01-15" />
    <property name="env.PS4" value="+" />
    <property name="ant.project.invoked-targets" value="build,test.core1.xml" />
    <property name="env.TRAVIS_PULL_REQUEST_BRANCH" value="" />
    <property name="env.TRAVIS_REPO_SLUG" value="icyphy/ptII" />
    <property name="env.XDG_DATA_DIRS" value="/usr/local/share:/usr/share:/var/lib/snapd/desktop" />
    <property name="jdk.debug" value="release" />
    <property name="env.TRAVIS_APT_PROXY" value="http://build-cache.travisci.net" />
    <property name="env.TRAVIS_CPU_ARCH" value="amd64" />
    <property name="node.in.path" value="true" />
    <property name="user.name" value="travis" />
    <property name="java.maxmemory" value="1400m" />
    <property name="env.RUBY_VERSION" value="ruby-2.5.3" />
    <property name="env.LANG" value="en_US.UTF-8" />
    <property name="sun.io.unicode.encoding" value="UnicodeLittle" />
    <property name="sun.jnu.encoding" value="UTF-8" />
    <property name="java.runtime.name" value="OpenJDK Runtime Environment" />
    <property name="usefile" value="false" />
    <property name="return.code" value="0" />
    <property name="junit.single.formatter" value="plain" />
    <property name="env.DYLD_LIBRARY_PATH" value="/home/travis/pthla/certi-tools/lib:" />
    <property name="env.DEBIAN_FRONTEND" value="noninteractive" />
    <property name="env.SSH_CONNECTION" value="10.16.5.52 35498 10.20.0.166 22" />
    <property name="env.MYSQL_UNIX_PORT" value="/var/run/mysqld/mysqld.sock" />
    <property name="env.LC_ALL" value="en_US.UTF-8" />
    <property name="env.TRAVIS_ALLOW_FAILURE" value="false" />
    <property name="env.TRAVIS_JOB_WEB_URL" value="https://travis-ci.org/icyphy/ptII/jobs/628021430" />
    <property name="java.specification.name" value="Java Platform API Specification" />
    <property name="node.works" value="true" />
    <property name="user.timezone" value="" />
    <property name="path.separator" value=":" />
    <property name="env.TRAVIS_ENABLE_INFRA_DETECTION" value="true" />
    <property name="env.PYTHON_CFLAGS" value="-g -fstack-protector --param=ssp-buffer-size=4 -Wformat -Werror=format-security" />
    <property name="timeout.long" value="4000000" />
    <property name="env.CERTI_HOME" value="/home/travis/pthla/certi-tools" />
    <property name="ant.file.ptII" value="/home/travis/build/icyphy/ptII/build.xml" />
    <property name="javadoc.packagenames" value="com.*,diva.*,lbnl.*,org.hlacerti.*,org.json.*,org.ptolemy.*,org.terraswarm.*,ptolemy.*,ptserver.*" />
    <property name="file.encoding" value="UTF-8" />
    <property name="env.TRAVIS_PULL_REQUEST_SLUG" value="" />
    <property name="ant.project.default-target" value="build" />
    <property name="env.GIT_ASKPASS" value="echo" />
    <property name="env.HOME" value="/home/travis" />
    <property name="sun.java.command" value="org.apache.tools.ant.taskdefs.optional.junit.JUnitTestRunner ptolemy.actor.lib.test.junit.JUnitTclTest skipNonTests=false filtertrace=true haltOnError=false haltOnFailure=false formatter=org.apache.tools.ant.taskdefs.optional.junit.OutErrSummaryJUnitResultFormatter showoutput=true outputtoformatters=true logfailedtests=true threadid=0 logtestlistenerevents=false formatter=org.apache.tools.ant.taskdefs.optional.junit.XMLJUnitResultFormatter,/home/travis/build/icyphy/ptII/reports/junit/TEST-ptolemy.actor.lib.test.junit.JUnitTclTest.xml crashfile=/home/travis/build/icyphy/ptII/junitvmwatcher1217084318069948861.properties propsfile=/home/travis/build/icyphy/ptII/junit12191516089403207618.properties" />
    <property name="env.COMPOSER_NO_INTERACTION" value="1" />
    <property name="env.MANPATH" value="/home/travis/.nvm/versions/node/v7.10.1/share/man:/home/travis/.rvm/rubies/ruby-2.5.3/share/man:/usr/local/cmake-3.12.4/man:/usr/local/clang-7.0.0/share/man:/usr/local/man:/usr/local/share/man:/usr/share/man:/home/travis/.rvm/man" />
    <property name="env.TRAVIS_TIMER_ID" value="2653d967" />
    <property name="ant.file" value="/home/travis/build/icyphy/ptII/build.xml" />
    <property name="env.TRAVIS_COMMIT_RANGE" value="c7ad326c8bb61863fc0b87bc56a33674fe4fd789...687bb808dc5adecbfa0f708fbf7527a5d6554d96" />
    <property name="env._system_name" value="Ubuntu" />
    <property name="ptII.classpath.optional.property" value="/home/travis/build/icyphy/ptII/lib/bsh-2.0b4.jar:/home/travis/build/icyphy/ptII/lib/ptCal.jar:/home/travis/build/icyphy/ptII/lib/java_cup.jar:/home/travis/build/icyphy/ptII/lib/saxon8.jar:/home/travis/build/icyphy/ptII/lib/saxon8-dom.jar:/home/travis/build/icyphy/ptII/lib/chic.jar:/home/travis/build/icyphy/ptII/lib/ptcolt.jar:/home/travis/build/icyphy/ptII/vendors/misc/itext/iText.jar:/home/travis/build/icyphy/ptII/lib/g4ltl.jar:/home/travis/build/icyphy/ptII/lib/StructuralCoder.jar:/home/travis/build/icyphy/ptII/lib/jcerti.jar:/home/travis/build/icyphy/ptII/lib/javax.mail.jar:/home/travis/build/icyphy/ptII/vendors/JMF-2.1.1e/lib/jmf.jar:/home/travis/build/icyphy/ptII/lib/jna-4.0.0-variadic.jar:/home/travis/build/icyphy/ptII/vendors/misc/joystick/Joystick.jar:/home/travis/build/icyphy/ptII/lib/ptjacl.jar:/home/travis/build/icyphy/ptII/lib/jsoup-1.8.2.jar:/home/travis/build/icyphy/ptII/lib/junit-4.8.2.jar:/home/travis/build/icyphy/ptII/lib/JUnitParams-0.4.0.jar:/home/travis/build/icyphy/ptII/ptolemy/actor/lib/excel/jxl.jar:/home/travis/build/icyphy/ptII/lib/jython.jar:/home/travis/build/icyphy/ptII/lib/kieler.jar:/home/travis/build/icyphy/ptII/vendors/opencv/share/OpenCV/java/opencv-341.jar:/home/travis/build/icyphy/ptII/lib/oscP5.jar:/home/travis/build/icyphy/ptII/lib/nrjavaserial-3.11.0.devel.jar:/home/travis/build/icyphy/ptII/vendors/j3d/lib/Linux/j3dcore.jar:/home/travis/build/icyphy/ptII/vendors/j3d/lib/Linux/j3dutils.jar:/home/travis/build/icyphy/ptII/vendors/j3d/lib/Linux/vecmath.jar:/home/travis/build/icyphy/ptII/vendors/jogl/lib/Linux/gluegen-rt-natives-linux-amd64.jar:/home/travis/build/icyphy/ptII/vendors/jogl/lib/Linux/gluegen-rt.jar:/home/travis/build/icyphy/ptII/vendors/jogl/lib/Linux/jogl-all-natives-linux-amd64.jar:/home/travis/build/icyphy/ptII/vendors/jogl/lib/Linux/jogl-all.jar:/home/travis/build/icyphy/ptII/ptolemy/distributed/jini/jar/jini-core.jar:/home/travis/build/icyphy/ptII/ptolemy/distributed/jini/jar/jini-ext.jar:/home/travis/build/icyphy/ptII/ptolemy/distributed/jini/jar/sun-util.jar:/home/travis/build/icyphy/ptII/lib/protobuf-java-2.4.1.jar:/home/travis/build/icyphy/ptII/lib/org.eclipse.paho.client.mqttv3.jar:/home/travis/build/icyphy/ptII/lib/mapss.jar:/home/travis/build/icyphy/ptII/ptolemy/actor/ptalon/antlr/antlr.jar:/home/travis/build/icyphy/ptII/lib/JRI.jar:/home/travis/build/icyphy/ptII/lib/commons-lang-2.6.jar:/home/travis/build/icyphy/ptII/lib/commons-logging-1.1.1.jar:/home/travis/build/icyphy/ptII/lib/sootclasses.jar:/home/travis/build/icyphy/ptII/ptolemy/actor/lib/database/mysql-connector-java-5.1.6-bin.jar:/home/travis/build/icyphy/ptII/vendors/misc/sphinx4/sphinx4-data-5prealpha.jar:/home/travis/build/icyphy/ptII/vendors/misc/sphinx4/sphinx4-core-5prealpha.jar:/home/travis/build/icyphy/ptII/lib/PDFRenderer.jar:/home/travis/build/icyphy/ptII/lib/svgSalamander.jar:/home/travis/build/icyphy/ptII/lib/rsyntaxtextarea-2.6.0-SNAPSHOT.jar:/home/travis/build/icyphy/ptII/lib/hazelcast-3.8.2.jar:/home/travis/build/icyphy/ptII/lib/jackson-annotations-2.9.0.jar:/home/travis/build/icyphy/ptII/lib/jackson-core-2.9.3.jar:/home/travis/build/icyphy/ptII/lib/jackson-databind-2.9.3.jar:/home/travis/build/icyphy/ptII/lib/netty-buffer-4.1.19.Final.jar:/home/travis/build/icyphy/ptII/lib/netty-codec-4.1.19.Final.jar:/home/travis/build/icyphy/ptII/lib/netty-codec-dns-4.1.19.Final.jar:/home/travis/build/icyphy/ptII/lib/netty-codec-http-4.1.19.Final.jar:/home/travis/build/icyphy/ptII/lib/netty-codec-http2-4.1.19.Final.jar:/home/travis/build/icyphy/ptII/lib/netty-common-4.1.19.Final.jar:/home/travis/build/icyphy/ptII/lib/netty-handler-4.1.19.Final.jar:/home/travis/build/icyphy/ptII/lib/netty-resolver-4.1.19.Final.jar:/home/travis/build/icyphy/ptII/lib/netty-resolver-dns-4.1.19.Final.jar:/home/travis/build/icyphy/ptII/lib/netty-transport-4.1.19.Final.jar:/home/travis/build/icyphy/ptII/lib/vertx-codegen-3.5.1.jar:/home/travis/build/icyphy/ptII/lib/vertx-core-3.5.2-SNAPSHOT.jar:/home/travis/build/icyphy/ptII/lib/vertx-hazelcast-3.5.1.jar:/home/travis/build/icyphy/ptII/lib/vertx-lang-js-3.5.1.jar:/home/travis/build/icyphy/ptII/lib/vertx-service-proxy-3.5.1.jar:/home/travis/build/icyphy/ptII/lib/vertx-web-3.5.1.jar:/home/travis/build/icyphy/ptII/lib/slf4j-api-1.7.13.jar:/home/travis/build/icyphy/ptII/lib/slf4j-simple-1.7.13.jar:/home/travis/build/icyphy/ptII/lib/webcam-capture-0.3.12.jar:/home/travis/build/icyphy/ptII/lib/bridj-0.7.0.jar:/home/travis/build/icyphy/ptII/lib/xbjlib-1.1.0.nrjavaserial.jar" />
    <property name="timeout" value="2400000" />
    <property name="test.batch" value="**/junit/*.java" />
    <property name="env._" value="/usr/bin/timeout" />
    <property name="java.io.tmpdir" value="/tmp" />
    <property name="user.language" value="en" />
    <property name="env.TRAVIS_INTERNAL_RUBY_REGEX" value="^ruby-(2\.[0-4]\.[0-9]|1\.9\.3)" />
    <property name="env.HISTCONTROL" value="ignoredups:ignorespace" />
    <property name="env.GOROOT" value="/home/travis/.gimme/versions/go1.11.1.linux.amd64" />
    <property name="line.separator" value="&#xa;" />
    <property name="target" value="11" />
    <property name="env.TRAVIS_BUILD_DIR" value="/home/travis/build/icyphy/ptII" />
    <property name="env.ANT_OPTS" value="-Xmx2048m" />
    <property name="ant.file.type" value="file" />
    <property name="ptolemy.ptII.batchMode" value="true" />
    <property name="env.HISTSIZE" value="1000" />
    <property name="env.MERB_ENV" value="test" />
    <property name="java.vm.info" value="mixed mode" />
    <property name="source" value="11" />
    <property name="java.vm.specification.name" value="Java Virtual Machine Specification" />
    <property name="env.TRAVIS_TEST_RESULT" value="0" />
    <property name="jsdoc.command" value="node_modules/@terraswarm/jsdoc/jsdoc.js" />
    <property name="npm.works" value="true" />
    <property name="cobertura.dir" value="/home/travis/build/icyphy/ptII/vendors/cobertura-2.0.3" />
    <property name="jsdoc.command.exists" value="true" />
    <property name="env.rvm_path" value="/home/travis/.rvm" />
    <property name="env.GEM_PATH" value="/home/travis/.rvm/gems/ruby-2.5.3:/home/travis/.rvm/gems/ruby-2.5.3@global" />
    <property name="env.LC_CTYPE" value="en_US.UTF-8" />
    <property name="env.TRAVIS_CMD" value="$PTII/bin/ptIITravisBuild.sh $SECONDS" />
    <property name="java.awt.printerjob" value="sun.print.PSPrinterJob" />
    <property name="env.TRAVIS_STACK_NAME" value="sardonyx" />
    <property name="env.TRAVIS_TIMER_START_TIME" value="1576908791572658909" />
    <property name="ant.version" value="Apache Ant(TM) version 1.10.1 compiled on February 2 2017" />
    <property name="ptII.reports" value="/home/travis/build/icyphy/ptII/reports" />
    <property name="env.TRAVIS_STACK_TIMESTAMP" value="2019-03-25 16:16:56 UTC" />
    <property name="ant.file.type.ptII" value="file" />
    <property name="env.RBENV_SHELL" value="bash" />
    <property name="os.name" value="Linux" />
    <property name="java.specification.vendor" value="Oracle Corporation" />
    <property name="env.rvm_version" value="1.29.7 (latest)" />
    <property name="env.TRAVIS_INFRA" value="unknown" />
    <property name="env.TERM" value="xterm" />
    <property name="java.vm.name" value="OpenJDK 64-Bit Server VM" />
    <property name="env.TRAVIS_BUILD_NUMBER" value="1436" />
    <property name="env.CI" value="true" />
    <property name="java.library.path" value="/home/travis/pthla/certi-tools/lib:/usr/lib/jni:/usr/local/share/OpenCV/java/:/usr/share/OpenCV/java::/usr/java/packages/lib:/usr/lib64:/lib64:/lib:/usr/lib" />
    <property name="jdk.module.path" value="/home/travis/build/icyphy/ptII/vendors/javafx/javafx-sdk-11.0.2/lib:" />
    <property name="env.rvm_prefix" value="/home/travis" />
    <property name="env.PATH" value="/home/travis/pthla/certi-tools/share/scripts:/home/travis/.rvm/gems/ruby-2.5.3/bin:/home/travis/.rvm/gems/ruby-2.5.3@global/bin:/home/travis/.rvm/rubies/ruby-2.5.3/bin:/home/travis/.rvm/bin:/home/travis/.nvm/versions/node/v7.10.1/bin:./node_modules/.bin:/home/travis/build/icyphy/ptII/bin:/home/travis/pthla/certi-tools/bin:/home/travis/bin:/home/travis/.local/bin:/usr/local/lib/jvm/openjdk11/bin:/opt/pyenv/shims:/home/travis/.phpenv/shims:/home/travis/perl5/perlbrew/bin:/home/travis/gopath/bin:/home/travis/.gimme/versions/go1.11.1.linux.amd64/bin:/usr/local/maven-3.6.0/bin:/usr/local/cmake-3.12.4/bin:/usr/local/clang-7.0.0/bin:/usr/local/sbin:/usr/local/bin:/usr/sbin:/usr/bin:/sbin:/bin:/snap/bin:/home/travis/.phpenv/bin:/opt/pyenv/bin:/home/travis/.yarn/bin" />
    <property name="env.TRAVIS_OS_NAME" value="linux" />
    <property name="ant.java.version" value="9" />
    <property name="basedir" value="/home/travis/build/icyphy/ptII" />
    <property name="java.class.version" value="55.0" />
    <property name="env.SHLVL" value="3" />
    <property name="env.LD_LIBRARY_PATH" value="/home/travis/pthla/certi-tools/lib:/usr/lib/jni:/usr/local/share/OpenCV/java/:/usr/share/OpenCV/java:" />
    <property name="env.RACK_ENV" value="test" />
    <property name="ant.home" value="/home/travis/build/icyphy/ptII/ant" />
    <property name="env.NVM_DIR" value="/home/travis/.nvm" />
    <property name="env.CERTI_FOM_PATH" value="/home/travis/pthla/certi-tools/share/federations" />
    <property name="env.TRAVIS_BUILD_ID" value="628021422" />
    <property name="env.PYENV_ROOT" value="/opt/pyenv" />
    <property name="env.TRAVIS_UID" value="2000" />
    <property name="prism.verbose" value="true" />
    <property name="env.NVM_BIN" value="/home/travis/.nvm/versions/node/v7.10.1/bin" />
    <property name="env.TRAVIS_COMMIT" value="687bb808dc5adecbfa0f708fbf7527a5d6554d96" />
    <property name="env._system_arch" value="x86_64" />
    <property name="node.executable" value="node" />
    <property name="sun.boot.library.path" value="/usr/local/lib/jvm/openjdk11/lib" />
    <property name="sun.management.compiler" value="HotSpot 64-Bit Tiered Compilers" />
    <property name="java.awt.graphicsenv" value="sun.awt.X11GraphicsEnvironment" />
    <property name="env.GOPATH" value="/home/travis/gopath" />
    <property name="ptolemy.ptII.dir" value="/home/travis/build/icyphy/ptII" />
    <property name="env.USER" value="travis" />
    <property name="env.HISTFILESIZE" value="2000" />
    <property name="timeout.longest" value="19000000" />
    <property name="env.PERLBREW_SHELLRC_VERSION" value="0.86" />
    <property name="env.TRAVIS_STACK_FEATURES" value="basic couchdb disabled-ipv6 docker docker-compose elasticsearch firefox go-toolchain google-chrome jdk memcached mongodb mysql nodejs_interpreter perl_interpreter perlbrew phantomjs postgresql python_interpreter redis ruby_interpreter sqlite xserver" />
    <property name="env.TRAVIS_PULL_REQUEST" value="false" />
    <property name="env.PYENV_SHELL" value="bash" />
    <property name="ant.project.name" value="ptII" />
    <property name="env.ANSI_RESET" value="\033[0m" />
    <property name="java.vm.specification.version" value="11" />
    <property name="env.TRAVIS_DIST" value="xenial" />
    <property name="env.CERTI_VERSION" value="4.0.0" />
    <property name="env.CERTI_HOST" value="localhost" />
    <property name="awt.toolkit" value="sun.awt.X11.XToolkit" />
    <property name="env.MY_RUBY_HOME" value="/home/travis/.rvm/rubies/ruby-2.5.3" />
    <property name="sun.cpu.isalist" value="" />
    <property name="env.TRAVIS_TMPDIR" value="/tmp/tmp.GuONBmXXGy" />
    <property name="java.vm.compressedOopsMode" value="Zero based" />
    <property name="os.version" value="4.15.0-1028-gcp" />
    <property name="user.home" value="/home/travis" />
    <property name="java.vm.vendor" value="Oracle Corporation" />
    <property name="env.TRAVIS_TAG" value="nightly" />
    <property name="env.ANSI_YELLOW" value="\033[33;1m" />
    <property name="env.TRAVIS_FILTERED" value="redirect_io" />
    <property name="env.ANSI_GREEN" value="\033[32;1m" />
    <property name="env.JAVA_HOME" value="/usr/local/lib/jvm/openjdk11" />
    <property name="javadoc.excludepackagenames" value="adm.cvs2svn.*,build.*,config.*,doc.coding.templates.*,jni.test.jni.meaningOfLife.*,jni.test.jni.testDeux.*,jni.test.jni.testTrois.*,org.terraswarm.accessor.accessors.web.node_modules.*,org.terraswarm.accessor.accessors.web.hosts.cordova.demo.*,org.terraswarm.accessor.accessors.web.hosts.cordova.plugins.*,org.terraswarm.accessor.accessors-svn.*,pt-modules.*,ptolemy.apps.agilent.*,ptolemy.apps.anytimecontrol.*,ptolemy.apps.apes.*,ptolemy.apps.charon.*,ptolemy.apps.crazyboard.*,ptolemy.apps.eclipse.*,ptolemy.apps.etherealSting.*,ptolemy.apps.fullscreen.*,ptolemy.apps.giotto.*,ptolemy.apps.ia.*,ptolemy.apps.interfaces.*,ptolemy.apps.jmf.*,ptolemy.apps.kurt.*,ptolemy.apps.kvm.*,ptolemy.apps.lego.*,ptolemy.apps.lejos.*,ptolemy.apps.midp.*,ptolemy.apps.mobileCoding.*,ptolemy.apps.pendulum.*,ptolemy.apps.rijndael.*,ptolemy.apps.robot.*,ptolemy.apps.security.*,ptolemy.apps.sobel.*,ptolemy.apps.soot.*,ptolemy.apps.throttle.*,ptolemy.apps.tini.*,ptolemy.apps.transmission.*,ptolemy.apps.vergil.*,ptolemy.apps.waba.*,ptolemy.apps.websensor.*,ptolemy.apps.webstart.*,ptolemy.apps.xsl.*,ptolemy.apps.zaurus.*,ptolemy.codegen.c.actor.lib.oldJavaFiles.*,ptolemy.codegen.dsp.lib.*,ptolemy.codegen.kernel.newInterfaces.*,ptolemy.codegen.lib.*,ptolemy.copernicus.kernel.fragment.*,ptolemy.copernicus.shallow.cg.*,ptolemy.domains.giotto.demo.Hierarchy.Hierarchy.*,ptolemy.domains.giotto.demo.Multimode.Multimode.*,ptolemy.domains.giotto.demo.Simple.Simple.*,ptolemy.domains.gr.lib.experimental.*,ptolemy.domains.gro.*,ptolemy.domains.pdf.*,ptolemy.domains.ptinyos.demo.Surge.output.*,ptolemy.moml.test.NoPackageActor.java*,ptolemy.plot.adm.*,ptolemy.plot.servlet.*,reports.*,signed.*,src.*,target.*,vendors.*,ptolemy.copernicus.applet.*,ptolemy.media.viewer.*,ptolemy.actor.corba.*,doc.doclets.*,ptolemy.apps.eclipse.awt.*,ptolemy.backtrack.*,ptolemy.backtrack.ast.*,ptolemy.cg.adapter.generic.program.procedural.c.mbed*,ptolemy.homer.*,ptolemy.actor.lib.jai.*,org.ptolemy.scala.*,diva.util.java2d.svg.*,ptolemy.domains.ptinyos.*,ptolemy.actor.lib.fmi.fmipp.*,,org.terraswarm.accessor.accessors.web.node_modules.*,org.terraswarm.accessor.accessors-svn,ptolemy.apps.*,ptolemy.actor.ptalon.demo.ptinyos.SendAndReceiveCnt.output,ptolemy.actor.ptalon.demo.ptinyos.SenseToLeds.output,ptolemy.domains.ptinyos.demo.CntToLedsAndRfm.output,ptolemy.domains.ptinyos.demo.RfmToLeds.output,ptolemy.domains.ptinyos.demo.SendAndReceiveCnt.output,ptolemy.domains.ptinyos.demo.SenseToLeds.output,ptolemy.actor.lib.jjs.modules.udpSocket.*" />
    <property name="env.PTII" value="/home/travis/build/icyphy/ptII" />
    <property name="env.XDG_SESSION_ID" value="2" />
    <property name="keystore" value="ptKeystore" />
    <property name="env.TRAVIS_COMMIT_MESSAGE" value="Minor changes." />
    <property name="junit.output.dir" value="/home/travis/build/icyphy/ptII/reports/junit" />
    <property name="npm.return.code" value="0" />
    <property name="user.dir" value="/home/travis/build/icyphy/ptII/ptolemy/actor/lib/test" />
    <property name="env.TRAVIS_NODE_VERSION" value="7" />
    <property name="env.TRAVIS_EVENT_TYPE" value="cron" />
    <property name="env.MAIL" value="/var/mail/travis" />
    <property name="env.PERLBREW_ROOT" value="/home/travis/perl5/perlbrew" />
    <property name="env.PWD" value="/home/travis/build/icyphy/ptII" />
    <property name="timeout.npm" value="45000" />
    <property name="env.TRAVIS_ARCH" value="amd64" />
    <property name="sun.cpu.endian" value="little" />
    <property name="env.PAGER" value="cat" />
    <property name="env.TRAVIS_BUILD_STAGE_NAME" value="Test" />
    <property name="env.PERLBREW_HOME" value="/home/travis/.perlbrew" />
    <property name="java.vm.version" value="11.0.2+9" />
    <property name="env.RAILS_ENV" value="test" />
    <property name="java.class.path" value="/home/travis/.ptolemyII:/home/travis/.ptolemyII/*:/home/travis/build/icyphy/ptII:/home/travis/build/icyphy/ptII/lib/bsh-2.0b4.jar:/home/travis/build/icyphy/ptII/lib/ptCal.jar:/home/travis/build/icyphy/ptII/lib/java_cup.jar:/home/travis/build/icyphy/ptII/lib/saxon8.jar:/home/travis/build/icyphy/ptII/lib/saxon8-dom.jar:/home/travis/build/icyphy/ptII/lib/chic.jar:/home/travis/build/icyphy/ptII/lib/ptcolt.jar:/home/travis/build/icyphy/ptII/vendors/misc/itext/iText.jar:/home/travis/build/icyphy/ptII/lib/g4ltl.jar:/home/travis/build/icyphy/ptII/lib/StructuralCoder.jar:/home/travis/build/icyphy/ptII/lib/jcerti.jar:/home/travis/build/icyphy/ptII/lib/javax.mail.jar:/home/travis/build/icyphy/ptII/vendors/JMF-2.1.1e/lib/jmf.jar:/home/travis/build/icyphy/ptII/lib/jna-4.0.0-variadic.jar:/home/travis/build/icyphy/ptII/vendors/misc/joystick/Joystick.jar:/home/travis/build/icyphy/ptII/lib/ptjacl.jar:/home/travis/build/icyphy/ptII/lib/jsoup-1.8.2.jar:/home/travis/build/icyphy/ptII/lib/junit-4.8.2.jar:/home/travis/build/icyphy/ptII/lib/JUnitParams-0.4.0.jar:/home/travis/build/icyphy/ptII/ptolemy/actor/lib/excel/jxl.jar:/home/travis/build/icyphy/ptII/lib/jython.jar:/home/travis/build/icyphy/ptII/lib/kieler.jar:/home/travis/build/icyphy/ptII/vendors/opencv/share/OpenCV/java/opencv-341.jar:/home/travis/build/icyphy/ptII/lib/oscP5.jar:/home/travis/build/icyphy/ptII/lib/nrjavaserial-3.11.0.devel.jar:/home/travis/build/icyphy/ptII/vendors/j3d/lib/Linux/j3dcore.jar:/home/travis/build/icyphy/ptII/vendors/j3d/lib/Linux/j3dutils.jar:/home/travis/build/icyphy/ptII/vendors/j3d/lib/Linux/vecmath.jar:/home/travis/build/icyphy/ptII/vendors/jogl/lib/Linux/gluegen-rt-natives-linux-amd64.jar:/home/travis/build/icyphy/ptII/vendors/jogl/lib/Linux/gluegen-rt.jar:/home/travis/build/icyphy/ptII/vendors/jogl/lib/Linux/jogl-all-natives-linux-amd64.jar:/home/travis/build/icyphy/ptII/vendors/jogl/lib/Linux/jogl-all.jar:/home/travis/build/icyphy/ptII/ptolemy/distributed/jini/jar/jini-core.jar:/home/travis/build/icyphy/ptII/ptolemy/distributed/jini/jar/jini-ext.jar:/home/travis/build/icyphy/ptII/ptolemy/distributed/jini/jar/sun-util.jar:/home/travis/build/icyphy/ptII/lib/protobuf-java-2.4.1.jar:/home/travis/build/icyphy/ptII/lib/org.eclipse.paho.client.mqttv3.jar:/home/travis/build/icyphy/ptII/lib/mapss.jar:/home/travis/build/icyphy/ptII/ptolemy/actor/ptalon/antlr/antlr.jar:/home/travis/build/icyphy/ptII/lib/JRI.jar:/home/travis/build/icyphy/ptII/lib/commons-lang-2.6.jar:/home/travis/build/icyphy/ptII/lib/commons-logging-1.1.1.jar:/home/travis/build/icyphy/ptII/lib/sootclasses.jar:/home/travis/build/icyphy/ptII/ptolemy/actor/lib/database/mysql-connector-java-5.1.6-bin.jar:/home/travis/build/icyphy/ptII/vendors/misc/sphinx4/sphinx4-data-5prealpha.jar:/home/travis/build/icyphy/ptII/vendors/misc/sphinx4/sphinx4-core-5prealpha.jar:/home/travis/build/icyphy/ptII/lib/PDFRenderer.jar:/home/travis/build/icyphy/ptII/lib/svgSalamander.jar:/home/travis/build/icyphy/ptII/lib/rsyntaxtextarea-2.6.0-SNAPSHOT.jar:/home/travis/build/icyphy/ptII/lib/hazelcast-3.8.2.jar:/home/travis/build/icyphy/ptII/lib/jackson-annotations-2.9.0.jar:/home/travis/build/icyphy/ptII/lib/jackson-core-2.9.3.jar:/home/travis/build/icyphy/ptII/lib/jackson-databind-2.9.3.jar:/home/travis/build/icyphy/ptII/lib/netty-buffer-4.1.19.Final.jar:/home/travis/build/icyphy/ptII/lib/netty-codec-4.1.19.Final.jar:/home/travis/build/icyphy/ptII/lib/netty-codec-dns-4.1.19.Final.jar:/home/travis/build/icyphy/ptII/lib/netty-codec-http-4.1.19.Final.jar:/home/travis/build/icyphy/ptII/lib/netty-codec-http2-4.1.19.Final.jar:/home/travis/build/icyphy/ptII/lib/netty-common-4.1.19.Final.jar:/home/travis/build/icyphy/ptII/lib/netty-handler-4.1.19.Final.jar:/home/travis/build/icyphy/ptII/lib/netty-resolver-4.1.19.Final.jar:/home/travis/build/icyphy/ptII/lib/netty-resolver-dns-4.1.19.Final.jar:/home/travis/build/icyphy/ptII/lib/netty-transport-4.1.19.Final.jar:/home/travis/build/icyphy/ptII/lib/vertx-codegen-3.5.1.jar:/home/travis/build/icyphy/ptII/lib/vertx-core-3.5.2-SNAPSHOT.jar:/home/travis/build/icyphy/ptII/lib/vertx-hazelcast-3.5.1.jar:/home/travis/build/icyphy/ptII/lib/vertx-lang-js-3.5.1.jar:/home/travis/build/icyphy/ptII/lib/vertx-service-proxy-3.5.1.jar:/home/travis/build/icyphy/ptII/lib/vertx-web-3.5.1.jar:/home/travis/build/icyphy/ptII/lib/slf4j-api-1.7.13.jar:/home/travis/build/icyphy/ptII/lib/slf4j-simple-1.7.13.jar:/home/travis/build/icyphy/ptII/lib/webcam-capture-0.3.12.jar:/home/travis/build/icyphy/ptII/lib/bridj-0.7.0.jar:/home/travis/build/icyphy/ptII/lib/xbjlib-1.1.0.nrjavaserial.jar:/home/travis/build/icyphy/ptII/ptolemy/moml/test:/home/travis/build/icyphy/ptII/ant/lib/ant-launcher.jar:/home/travis/build/icyphy/ptII/ant/lib/ant.jar:/home/travis/build/icyphy/ptII/ant/lib/ant-junit.jar:/home/travis/build/icyphy/ptII/ant/lib/ant-junit4.jar" />
    <property name="ant.library.dir" value="/home/travis/build/icyphy/ptII/ant/lib" />
    <property name="os.arch" value="amd64" />
    <property name="env.CONTINUOUS_INTEGRATION" value="true" />
    <property name="env.TRAVIS_LANGUAGE" value="node_js" />
    <property name="env.TRAVIS_STACK_LANGUAGES" value="__sardonyx__ c c++ clojure cplusplus cpp default generic go groovy java node_js php pure_java python ruby scala" />
    <property name="test.name" value="ptolemy.actor.lib.test.junit.JUnitTclTest" />
    <property name="env.APT_KEY_DONT_WARN_ON_DANGEROUS_USAGE" value="1" />
    <property name="sun.java.launcher" value="SUN_STANDARD" />
    <property name="env.PYTHON_CONFIGURE_OPTS" value="--enable-unicode=ucs4 --with-wide-unicode --enable-shared --enable-ipv6 --enable-loadable-sqlite-extensions --with-computed-gotos" />
    <property name="ant.core.lib" value="/home/travis/build/icyphy/ptII/ant/lib/ant.jar" />
    <property name="java.vm.specification.vendor" value="Oracle Corporation" />
    <property name="env.BCVTB_HOME" value="/home/travis/build/icyphy/ptII/lbnl" />
    <property name="file.separator" value="/" />
    <property name="spotbugs.home" value="/home/travis/build/icyphy/ptII/vendors/spotbugs-3.1.1" />
    <property name="java.runtime.version" value="11.0.2+9" />
    <property name="env.ANSI_CLEAR" value="\033[0K" />
    <property name="javafx.verbose" value="true" />
    <property name="env.HAS_JOSH_K_SEAL_OF_APPROVAL" value="true" />
    <property name="env.XDG_RUNTIME_DIR" value="/run/user/2000" />
    <property name="env.TRAVIS_OSX_IMAGE" value="" />
    <property name="env.TRAVIS_JOB_ID" value="628021430" />
    <property name="env.TRAVIS_BRANCH" value="master" />
    <property name="user.country" value="US" />
    <property name="env.CERTI_HOME_TRAVIS" value="/home/travis/pthla/certi-tools" />
    <property name="env.SHELL" value="/bin/bash" />
    <property name="java.maxmemory.large" value="3200m" />
    <property name="model" value="" />
    <property name="env.CASHER_DIR" value="/home/travis/.casher" />
    <property name="env.NVM_CD_FLAGS" value="" />
    <property name="java.vendor.version" value="18.9" />
    <property name="jshint.executable" value="/home/travis/node_modules/jshint/bin/jshint" />
    <property name="env.JRUBY_OPTS" value=" --client -J-XX:+TieredCompilation -J-XX:TieredStopAtLevel=1 -J-Xss2m -Xcompile.invokedynamic=false" />
    <property name="java.vendor" value="Oracle Corporation" />
    <property name="env.TRAVIS_PRE_CHEF_BOOTSTRAP_TIME" value="2019-03-25T16:16:42" />
    <property name="env.TRAVIS_STACK_JOB_BOARD_REGISTER" value="/.job-board-register.yml" />
    <property name="env.ANSI_RED" value="\033[31;1m" />
    <property name="java.specification.version" value="11" />
    <property name="env.IRBRC" value="/home/travis/.rvm/rubies/ruby-2.5.3/.irbrc" />
    <property name="env.TRAVIS" value="true" />
    <property name="sun.arch.data.model" value="64" />
  </properties>
  <testcase classname="ptolemy.util.test.junit.TclTests" name="[0] /home/travis/build/icyphy/ptII/ptolemy/actor/lib/test/AbsoluteValue.tcl (RunTclFile)" time="0.533" />
  <testcase classname="ptolemy.util.test.junit.TclTests" name="[1] /home/travis/build/icyphy/ptII/ptolemy/actor/lib/test/AddSubtract.tcl (RunTclFile)" time="0.193" />
  <testcase classname="ptolemy.util.test.junit.TclTests" name="[2] /home/travis/build/icyphy/ptII/ptolemy/actor/lib/test/Average.tcl (RunTclFile)" time="0.067" />
  <testcase classname="ptolemy.util.test.junit.TclTests" name="[3] /home/travis/build/icyphy/ptII/ptolemy/actor/lib/test/Bernoulli.tcl (RunTclFile)" time="0.046" />
  <testcase classname="ptolemy.util.test.junit.TclTests" name="[4] /home/travis/build/icyphy/ptII/ptolemy/actor/lib/test/Clock.tcl (RunTclFile)" time="0.128" />
  <testcase classname="ptolemy.util.test.junit.TclTests" name="[5] /home/travis/build/icyphy/ptII/ptolemy/actor/lib/test/Commutator.tcl (RunTclFile)" time="0.175" />
  <testcase classname="ptolemy.util.test.junit.TclTests" name="[6] /home/travis/build/icyphy/ptII/ptolemy/actor/lib/test/Const.tcl (RunTclFile)" time="0.13" />
  <testcase classname="ptolemy.util.test.junit.TclTests" name="[7] /home/travis/build/icyphy/ptII/ptolemy/actor/lib/test/CurrentTime.tcl (RunTclFile)" time="0.019" />
  <testcase classname="ptolemy.util.test.junit.TclTests" name="[8] /home/travis/build/icyphy/ptII/ptolemy/actor/lib/test/DB.tcl (RunTclFile)" time="0.03" />
  <testcase classname="ptolemy.util.test.junit.TclTests" name="[9] /home/travis/build/icyphy/ptII/ptolemy/actor/lib/test/DiscreteRandomSource.tcl (RunTclFile)" time="0.05" />
  <testcase classname="ptolemy.util.test.junit.TclTests" name="[10] /home/travis/build/icyphy/ptII/ptolemy/actor/lib/test/Distributor.tcl (RunTclFile)" time="0.084" />
  <testcase classname="ptolemy.util.test.junit.TclTests" name="[11] /home/travis/build/icyphy/ptII/ptolemy/actor/lib/test/Exit.tcl (RunTclFile)" time="0.104" />
  <testcase classname="ptolemy.util.test.junit.TclTests" name="[12] /home/travis/build/icyphy/ptII/ptolemy/actor/lib/test/Expression.tcl (RunTclFile)" time="0.082" />
  <testcase classname="ptolemy.util.test.junit.TclTests" name="[13] /home/travis/build/icyphy/ptII/ptolemy/actor/lib/test/Gaussian.tcl (RunTclFile)" time="0.552" />
  <testcase classname="ptolemy.util.test.junit.TclTests" name="[14] /home/travis/build/icyphy/ptII/ptolemy/actor/lib/test/IIR.tcl (RunTclFile)" time="0.041" />
  <testcase classname="ptolemy.util.test.junit.TclTests" name="[15] /home/travis/build/icyphy/ptII/ptolemy/actor/lib/test/Interpolator.tcl (RunTclFile)" time="0.1" />
  <testcase classname="ptolemy.util.test.junit.TclTests" name="[16] /home/travis/build/icyphy/ptII/ptolemy/actor/lib/test/MathFunction.tcl (RunTclFile)" time="0.077" />
  <testcase classname="ptolemy.util.test.junit.TclTests" name="[17] /home/travis/build/icyphy/ptII/ptolemy/actor/lib/test/Maximum.tcl (RunTclFile)" time="0.037" />
  <testcase classname="ptolemy.util.test.junit.TclTests" name="[18] /home/travis/build/icyphy/ptII/ptolemy/actor/lib/test/Minimum.tcl (RunTclFile)" time="0.03" />
  <testcase classname="ptolemy.util.test.junit.TclTests" name="[19] /home/travis/build/icyphy/ptII/ptolemy/actor/lib/test/MultiplyDivide.tcl (RunTclFile)" time="0.039" />
  <testcase classname="ptolemy.util.test.junit.TclTests" name="[20] /home/travis/build/icyphy/ptII/ptolemy/actor/lib/test/OrderedMerge.tcl (RunTclFile)" time="0.125" />
  <testcase classname="ptolemy.util.test.junit.TclTests" name="[21] /home/travis/build/icyphy/ptII/ptolemy/actor/lib/test/Publisher.tcl (RunTclFile)" time="0.93" />
  <testcase classname="ptolemy.util.test.junit.TclTests" name="[22] /home/travis/build/icyphy/ptII/ptolemy/actor/lib/test/Pulse.tcl (RunTclFile)" time="0.067" />
  <testcase classname="ptolemy.util.test.junit.TclTests" name="[23] /home/travis/build/icyphy/ptII/ptolemy/actor/lib/test/Ramp.tcl (RunTclFile)" time="2.037" />
  <testcase classname="ptolemy.util.test.junit.TclTests" name="[24] /home/travis/build/icyphy/ptII/ptolemy/actor/lib/test/RampContinuous.tcl (RunTclFile)" time="0.017" />
  <testcase classname="ptolemy.util.test.junit.TclTests" name="[25] /home/travis/build/icyphy/ptII/ptolemy/actor/lib/test/RecordAssembler.tcl (RunTclFile)" time="0.015" />
  <testcase classname="ptolemy.util.test.junit.TclTests" name="[26] /home/travis/build/icyphy/ptII/ptolemy/actor/lib/test/RecordDisassembler.tcl (RunTclFile)" time="0.019" />
  <testcase classname="ptolemy.util.test.junit.TclTests" name="[27] /home/travis/build/icyphy/ptII/ptolemy/actor/lib/test/Scale.tcl (RunTclFile)" time="0.032" />
  <testcase classname="ptolemy.util.test.junit.TclTests" name="[28] /home/travis/build/icyphy/ptII/ptolemy/actor/lib/test/SequentialClock.tcl (RunTclFile)" time="0.014" />
  <testcase classname="ptolemy.util.test.junit.TclTests" name="[29] /home/travis/build/icyphy/ptII/ptolemy/actor/lib/test/SetVariable.tcl (RunTclFile)" time="0.034">
    <failure message="Number of failed tests is has increased. expected:&lt;0&gt; but was:&lt;1&gt;" type="junit.framework.AssertionFailedError">junit.framework.AssertionFailedError: Number of failed tests is has increased. expected:&lt;0&gt; but was:&lt;1&gt;
	at ptolemy.util.test.junit.TclTests.RunTclFile(TclTests.java:286)
	at jdk.internal.reflect.GeneratedMethodAccessor19.invoke(Unknown Source)
	at java.base/jdk.internal.reflect.DelegatingMethodAccessorImpl.invoke(DelegatingMethodAccessorImpl.java:43)
	at junitparams.internal.InvokeParameterisedMethod.evaluate(InvokeParameterisedMethod.java:102)
	at junitparams.internal.ParameterisedTestMethodRunner.runMethodInvoker(ParameterisedTestMethodRunner.java:47)
	at junitparams.internal.ParameterisedTestMethodRunner.runTestMethod(ParameterisedTestMethodRunner.java:41)
	at junitparams.internal.ParameterisedTestClassRunner.runParameterisedTest(ParameterisedTestClassRunner.java:143)
	at junitparams.JUnitParamsRunner.runChild(JUnitParamsRunner.java:237)
	at junitparams.JUnitParamsRunner.runChild(JUnitParamsRunner.java:215)
</failure>
  </testcase>
  <testcase classname="ptolemy.util.test.junit.TclTests" name="[30] /home/travis/build/icyphy/ptII/ptolemy/actor/lib/test/Sinewave.tcl (RunTclFile)" time="0.063" />
  <testcase classname="ptolemy.util.test.junit.TclTests" name="[31] /home/travis/build/icyphy/ptII/ptolemy/actor/lib/test/SubscriptionAggregator.tcl (RunTclFile)" time="2.162" />
  <testcase classname="ptolemy.util.test.junit.TclTests" name="[32] /home/travis/build/icyphy/ptII/ptolemy/actor/lib/test/Test.tcl (RunTclFile)" time="0.082" />
  <testcase classname="ptolemy.util.test.junit.TclTests" name="[33] /home/travis/build/icyphy/ptII/ptolemy/actor/lib/test/TestExceptionHandler.tcl (RunTclFile)" time="0.012" />
  <testcase classname="ptolemy.util.test.junit.TclTests" name="[34] /home/travis/build/icyphy/ptII/ptolemy/actor/lib/test/UnionDisassembler.tcl (RunTclFile)" time="0.047" />
  <testcase classname="ptolemy.util.test.junit.TclTests" name="[35] /home/travis/build/icyphy/ptII/ptolemy/actor/lib/test/VariableClock.tcl (RunTclFile)" time="0.016" />
  <testcase classname="ptolemy.util.test.junit.AutoKnownFailedTests" name="[0] /home/travis/build/icyphy/ptII/ptolemy/actor/lib/test/auto/knownFailedTests/PublisherPortToplevelSubscriber.xml (RunModel)" time="0.023" />
  <testcase classname="ptolemy.util.test.junit.AutoKnownFailedTests" name="[1] /home/travis/build/icyphy/ptII/ptolemy/actor/lib/test/auto/knownFailedTests/PublisherSubscriberPortToplevel.xml (RunModel)" time="0.014" />
  <testcase classname="ptolemy.util.test.junit.AutoKnownFailedTests" name="[2] /home/travis/build/icyphy/ptII/ptolemy/actor/lib/test/auto/knownFailedTests/PublisherSubscriptionAggregatorPort.xml (RunModel)" time="0.017" />
  <testcase classname="ptolemy.util.test.junit.AutoKnownFailedTests" name="[3] /home/travis/build/icyphy/ptII/ptolemy/actor/lib/test/auto/knownFailedTests/sizedarray3.xml (RunModel)" time="0.023" />
  <testcase classname="ptolemy.util.test.junit.AutoNameArchTests" name="[0] ThereAreNoAutoArchTests (RunModel)" time="0.005" />
  <testcase classname="ptolemy.util.test.junit.AutoTests" name="[0] /home/travis/build/icyphy/ptII/ptolemy/actor/lib/test/auto/AbsoluteValue.xml (RunModel)" time="0.162" />
  <testcase classname="ptolemy.util.test.junit.AutoTests" name="[1] /home/travis/build/icyphy/ptII/ptolemy/actor/lib/test/auto/AbsoluteValue2.xml (RunModel)" time="0.052" />
  <testcase classname="ptolemy.util.test.junit.AutoTests" name="[2] /home/travis/build/icyphy/ptII/ptolemy/actor/lib/test/auto/Accumulator.xml (RunModel)" time="0.063" />
  <testcase classname="ptolemy.util.test.junit.AutoTests" name="[3] /home/travis/build/icyphy/ptII/ptolemy/actor/lib/test/auto/Accumulator2.xml (RunModel)" time="0.045" />
  <testcase classname="ptolemy.util.test.junit.AutoTests" name="[4] /home/travis/build/icyphy/ptII/ptolemy/actor/lib/test/auto/Accumulator3.xml (RunModel)" time="0.045" />
  <testcase classname="ptolemy.util.test.junit.AutoTests" name="[5] /home/travis/build/icyphy/ptII/ptolemy/actor/lib/test/auto/ArrayAppend.xml (RunModel)" time="0.038" />
  <testcase classname="ptolemy.util.test.junit.AutoTests" name="[6] /home/travis/build/icyphy/ptII/ptolemy/actor/lib/test/auto/ArrayAppend2.xml (RunModel)" time="0.282" />
  <testcase classname="ptolemy.util.test.junit.AutoTests" name="[7] /home/travis/build/icyphy/ptII/ptolemy/actor/lib/test/auto/ArrayAppend3.xml (RunModel)" time="0.019" />
  <testcase classname="ptolemy.util.test.junit.AutoTests" name="[8] /home/travis/build/icyphy/ptII/ptolemy/actor/lib/test/auto/ArrayAppend4.xml (RunModel)" time="0.026" />
  <testcase classname="ptolemy.util.test.junit.AutoTests" name="[9] /home/travis/build/icyphy/ptII/ptolemy/actor/lib/test/auto/ArrayAppend5.xml (RunModel)" time="0.017" />
  <testcase classname="ptolemy.util.test.junit.AutoTests" name="[10] /home/travis/build/icyphy/ptII/ptolemy/actor/lib/test/auto/ArrayAppend6.xml (RunModel)" time="0.031" />
  <testcase classname="ptolemy.util.test.junit.AutoTests" name="[11] /home/travis/build/icyphy/ptII/ptolemy/actor/lib/test/auto/ArrayAppendPerformanceTest.xml (RunModel)" time="0.058" />
  <testcase classname="ptolemy.util.test.junit.AutoTests" name="[12] /home/travis/build/icyphy/ptII/ptolemy/actor/lib/test/auto/ArrayAppendWithEmptyInput.xml (RunModel)" time="0.032" />
  <testcase classname="ptolemy.util.test.junit.AutoTests" name="[13] /home/travis/build/icyphy/ptII/ptolemy/actor/lib/test/auto/ArrayAverage.xml (RunModel)" time="0.059" />
  <testcase classname="ptolemy.util.test.junit.AutoTests" name="[14] /home/travis/build/icyphy/ptII/ptolemy/actor/lib/test/auto/ArrayContains.xml (RunModel)" time="0.049" />
  <testcase classname="ptolemy.util.test.junit.AutoTests" name="[15] /home/travis/build/icyphy/ptII/ptolemy/actor/lib/test/auto/ArrayElement.xml (RunModel)" time="0.035" />
  <testcase classname="ptolemy.util.test.junit.AutoTests" name="[16] /home/travis/build/icyphy/ptII/ptolemy/actor/lib/test/auto/ArrayElementAsMatrix.xml (RunModel)" time="0.069" />
  <testcase classname="ptolemy.util.test.junit.AutoTests" name="[17] /home/travis/build/icyphy/ptII/ptolemy/actor/lib/test/auto/ArrayElementI.xml (RunModel)" time="0.024" />
  <testcase classname="ptolemy.util.test.junit.AutoTests" name="[18] /home/travis/build/icyphy/ptII/ptolemy/actor/lib/test/auto/ArrayExtract.xml (RunModel)" time="0.04" />
  <testcase classname="ptolemy.util.test.junit.AutoTests" name="[19] /home/travis/build/icyphy/ptII/ptolemy/actor/lib/test/auto/ArrayExtract2.xml (RunModel)" time="0.022" />
  <testcase classname="ptolemy.util.test.junit.AutoTests" name="[20] /home/travis/build/icyphy/ptII/ptolemy/actor/lib/test/auto/ArrayLength.xml (RunModel)" time="0.021" />
  <testcase classname="ptolemy.util.test.junit.AutoTests" name="[21] /home/travis/build/icyphy/ptII/ptolemy/actor/lib/test/auto/ArrayLevelCrossing.xml (RunModel)" time="0.033" />
  <testcase classname="ptolemy.util.test.junit.AutoTests" name="[22] /home/travis/build/icyphy/ptII/ptolemy/actor/lib/test/auto/ArrayLevelCrossing2.xml (RunModel)" time="0.026" />
  <testcase classname="ptolemy.util.test.junit.AutoTests" name="[23] /home/travis/build/icyphy/ptII/ptolemy/actor/lib/test/auto/ArrayPeakSearch.xml (RunModel)" time="0.044" />
  <testcase classname="ptolemy.util.test.junit.AutoTests" name="[24] /home/travis/build/icyphy/ptII/ptolemy/actor/lib/test/auto/ArrayPeakSearch2.xml (RunModel)" time="0.034" />
  <testcase classname="ptolemy.util.test.junit.AutoTests" name="[25] /home/travis/build/icyphy/ptII/ptolemy/actor/lib/test/auto/ArrayPeakSearch3.xml (RunModel)" time="0.038" />
  <testcase classname="ptolemy.util.test.junit.AutoTests" name="[26] /home/travis/build/icyphy/ptII/ptolemy/actor/lib/test/auto/ArrayRemoveElement.xml (RunModel)" time="0.028" />
  <testcase classname="ptolemy.util.test.junit.AutoTests" name="[27] /home/travis/build/icyphy/ptII/ptolemy/actor/lib/test/auto/ArraySort.xml (RunModel)" time="0.042" />
  <testcase classname="ptolemy.util.test.junit.AutoTests" name="[28] /home/travis/build/icyphy/ptII/ptolemy/actor/lib/test/auto/ArraySum.xml (RunModel)" time="0.02" />
  <testcase classname="ptolemy.util.test.junit.AutoTests" name="[29] /home/travis/build/icyphy/ptII/ptolemy/actor/lib/test/auto/ArrayToElements.xml (RunModel)" time="0.028" />
  <testcase classname="ptolemy.util.test.junit.AutoTests" name="[30] /home/travis/build/icyphy/ptII/ptolemy/actor/lib/test/auto/ArrayToMatrix.xml (RunModel)" time="0.064" />
  <testcase classname="ptolemy.util.test.junit.AutoTests" name="[31] /home/travis/build/icyphy/ptII/ptolemy/actor/lib/test/auto/ArrayUpdate1.xml (RunModel)" time="0.021" />
  <testcase classname="ptolemy.util.test.junit.AutoTests" name="[32] /home/travis/build/icyphy/ptII/ptolemy/actor/lib/test/auto/ArrayUpdate2.xml (RunModel)" time="0.026" />
  <testcase classname="ptolemy.util.test.junit.AutoTests" name="[33] /home/travis/build/icyphy/ptII/ptolemy/actor/lib/test/auto/ArrayUpdate3.xml (RunModel)" time="0.016" />
  <testcase classname="ptolemy.util.test.junit.AutoTests" name="[34] /home/travis/build/icyphy/ptII/ptolemy/actor/lib/test/auto/Assert1.xml (RunModel)" time="0.028" />
  <testcase classname="ptolemy.util.test.junit.AutoTests" name="[35] /home/travis/build/icyphy/ptII/ptolemy/actor/lib/test/auto/Assert2.xml (RunModel)" time="0.017" />
  <testcase classname="ptolemy.util.test.junit.AutoTests" name="[36] /home/travis/build/icyphy/ptII/ptolemy/actor/lib/test/auto/BooleanMultiplexor.xml (RunModel)" time="0.015" />
  <testcase classname="ptolemy.util.test.junit.AutoTests" name="[37] /home/travis/build/icyphy/ptII/ptolemy/actor/lib/test/auto/BooleanMultiplexor2.xml (RunModel)" time="0.027" />
  <testcase classname="ptolemy.util.test.junit.AutoTests" name="[38] /home/travis/build/icyphy/ptII/ptolemy/actor/lib/test/auto/BooleanMultiplexor3.xml (RunModel)" time="0.024" />
  <testcase classname="ptolemy.util.test.junit.AutoTests" name="[39] /home/travis/build/icyphy/ptII/ptolemy/actor/lib/test/auto/BooleanSelect.xml (RunModel)" time="0.031" />
  <testcase classname="ptolemy.util.test.junit.AutoTests" name="[40] /home/travis/build/icyphy/ptII/ptolemy/actor/lib/test/auto/BooleanSelect2.xml (RunModel)" time="0.02" />
  <testcase classname="ptolemy.util.test.junit.AutoTests" name="[41] /home/travis/build/icyphy/ptII/ptolemy/actor/lib/test/auto/BooleanSwitch.xml (RunModel)" time="0.031" />
  <testcase classname="ptolemy.util.test.junit.AutoTests" name="[42] /home/travis/build/icyphy/ptII/ptolemy/actor/lib/test/auto/BooleanSwitch2.xml (RunModel)" time="0.015" />
  <testcase classname="ptolemy.util.test.junit.AutoTests" name="[43] /home/travis/build/icyphy/ptII/ptolemy/actor/lib/test/auto/BooleanSwitchCloningBugWithClassRelationGroup.xml (RunModel)" time="0.032" />
  <testcase classname="ptolemy.util.test.junit.AutoTests" name="[44] /home/travis/build/icyphy/ptII/ptolemy/actor/lib/test/auto/BusActors.xml (RunModel)" time="0.03" />
  <testcase classname="ptolemy.util.test.junit.AutoTests" name="[45] /home/travis/build/icyphy/ptII/ptolemy/actor/lib/test/auto/ClassWrapper.xml (RunModel)" time="0.022" />
  <testcase classname="ptolemy.util.test.junit.AutoTests" name="[46] /home/travis/build/icyphy/ptII/ptolemy/actor/lib/test/auto/Clock.xml (RunModel)" time="0.019" />
  <testcase classname="ptolemy.util.test.junit.AutoTests" name="[47] /home/travis/build/icyphy/ptII/ptolemy/actor/lib/test/auto/Clock10.xml (RunModel)" time="0.03" />
  <testcase classname="ptolemy.util.test.junit.AutoTests" name="[48] /home/travis/build/icyphy/ptII/ptolemy/actor/lib/test/auto/Clock11.xml (RunModel)" time="0.019" />
  <testcase classname="ptolemy.util.test.junit.AutoTests" name="[49] /home/travis/build/icyphy/ptII/ptolemy/actor/lib/test/auto/Clock12.xml (RunModel)" time="0.023" />
  <testcase classname="ptolemy.util.test.junit.AutoTests" name="[50] /home/travis/build/icyphy/ptII/ptolemy/actor/lib/test/auto/Clock13.xml (RunModel)" time="0.014" />
  <testcase classname="ptolemy.util.test.junit.AutoTests" name="[51] /home/travis/build/icyphy/ptII/ptolemy/actor/lib/test/auto/Clock14.xml (RunModel)" time="0.015" />
  <testcase classname="ptolemy.util.test.junit.AutoTests" name="[52] /home/travis/build/icyphy/ptII/ptolemy/actor/lib/test/auto/Clock15.xml (RunModel)" time="0.012" />
  <testcase classname="ptolemy.util.test.junit.AutoTests" name="[53] /home/travis/build/icyphy/ptII/ptolemy/actor/lib/test/auto/Clock16.xml (RunModel)" time="0.098" />
  <testcase classname="ptolemy.util.test.junit.AutoTests" name="[54] /home/travis/build/icyphy/ptII/ptolemy/actor/lib/test/auto/Clock17.xml (RunModel)" time="0.07" />
  <testcase classname="ptolemy.util.test.junit.AutoTests" name="[55] /home/travis/build/icyphy/ptII/ptolemy/actor/lib/test/auto/Clock18.xml (RunModel)" time="0.047" />
  <testcase classname="ptolemy.util.test.junit.AutoTests" name="[56] /home/travis/build/icyphy/ptII/ptolemy/actor/lib/test/auto/Clock19.xml (RunModel)" time="0.042" />
  <testcase classname="ptolemy.util.test.junit.AutoTests" name="[57] /home/travis/build/icyphy/ptII/ptolemy/actor/lib/test/auto/Clock2.xml (RunModel)" time="0.01" />
  <testcase classname="ptolemy.util.test.junit.AutoTests" name="[58] /home/travis/build/icyphy/ptII/ptolemy/actor/lib/test/auto/Clock20.xml (RunModel)" time="0.023" />
  <testcase classname="ptolemy.util.test.junit.AutoTests" name="[59] /home/travis/build/icyphy/ptII/ptolemy/actor/lib/test/auto/Clock21.xml (RunModel)" time="0.016" />
  <testcase classname="ptolemy.util.test.junit.AutoTests" name="[60] /home/travis/build/icyphy/ptII/ptolemy/actor/lib/test/auto/Clock22.xml (RunModel)" time="0.016" />
  <testcase classname="ptolemy.util.test.junit.AutoTests" name="[61] /home/travis/build/icyphy/ptII/ptolemy/actor/lib/test/auto/Clock23.xml (RunModel)" time="0.017" />
  <testcase classname="ptolemy.util.test.junit.AutoTests" name="[62] /home/travis/build/icyphy/ptII/ptolemy/actor/lib/test/auto/Clock24.xml (RunModel)" time="0.018" />
  <testcase classname="ptolemy.util.test.junit.AutoTests" name="[63] /home/travis/build/icyphy/ptII/ptolemy/actor/lib/test/auto/Clock4.xml (RunModel)" time="0.011" />
  <testcase classname="ptolemy.util.test.junit.AutoTests" name="[64] /home/travis/build/icyphy/ptII/ptolemy/actor/lib/test/auto/Clock5.xml (RunModel)" time="0.024" />
  <testcase classname="ptolemy.util.test.junit.AutoTests" name="[65] /home/travis/build/icyphy/ptII/ptolemy/actor/lib/test/auto/Clock6.xml (RunModel)" time="0.008" />
  <testcase classname="ptolemy.util.test.junit.AutoTests" name="[66] /home/travis/build/icyphy/ptII/ptolemy/actor/lib/test/auto/Clock7.xml (RunModel)" time="0.008" />
  <testcase classname="ptolemy.util.test.junit.AutoTests" name="[67] /home/travis/build/icyphy/ptII/ptolemy/actor/lib/test/auto/Clock8.xml (RunModel)" time="0.013" />
  <testcase classname="ptolemy.util.test.junit.AutoTests" name="[68] /home/travis/build/icyphy/ptII/ptolemy/actor/lib/test/auto/Clock9.xml (RunModel)" time="0.016" />
  <testcase classname="ptolemy.util.test.junit.AutoTests" name="[69] /home/travis/build/icyphy/ptII/ptolemy/actor/lib/test/auto/CommDistDiscard.xml (RunModel)" time="0.023" />
  <testcase classname="ptolemy.util.test.junit.AutoTests" name="[70] /home/travis/build/icyphy/ptII/ptolemy/actor/lib/test/auto/Commutator.xml (RunModel)" time="0.015" />
  <testcase classname="ptolemy.util.test.junit.AutoTests" name="[71] /home/travis/build/icyphy/ptII/ptolemy/actor/lib/test/auto/Commutator2.xml (RunModel)" time="0.01" />
  <testcase classname="ptolemy.util.test.junit.AutoTests" name="[72] /home/travis/build/icyphy/ptII/ptolemy/actor/lib/test/auto/Commutator3.xml (RunModel)" time="0.022" />
  <testcase classname="ptolemy.util.test.junit.AutoTests" name="[73] /home/travis/build/icyphy/ptII/ptolemy/actor/lib/test/auto/Compare.xml (RunModel)" time="0.021" />
  <testcase classname="ptolemy.util.test.junit.AutoTests" name="[74] /home/travis/build/icyphy/ptII/ptolemy/actor/lib/test/auto/CompareDE.xml (RunModel)" time="0.018" />
  <testcase classname="ptolemy.util.test.junit.AutoTests" name="[75] /home/travis/build/icyphy/ptII/ptolemy/actor/lib/test/auto/ComplexDivide.xml (RunModel)" time="0.01" />
  <testcase classname="ptolemy.util.test.junit.AutoTests" name="[76] /home/travis/build/icyphy/ptII/ptolemy/actor/lib/test/auto/ComputeHistogram.xml (RunModel)" time="0.069" />
  <testcase classname="ptolemy.util.test.junit.AutoTests" name="[77] /home/travis/build/icyphy/ptII/ptolemy/actor/lib/test/auto/ConfigurationSelect.xml (RunModel)" time="0.021" />
  <testcase classname="ptolemy.util.test.junit.AutoTests" name="[78] /home/travis/build/icyphy/ptII/ptolemy/actor/lib/test/auto/ConfigurationSelect2.xml (RunModel)" time="0.011" />
  <testcase classname="ptolemy.util.test.junit.AutoTests" name="[79] /home/travis/build/icyphy/ptII/ptolemy/actor/lib/test/auto/ConfigurationSwitch.xml (RunModel)" time="0.031" />
  <testcase classname="ptolemy.util.test.junit.AutoTests" name="[80] /home/travis/build/icyphy/ptII/ptolemy/actor/lib/test/auto/ConfigurationSwitch2.xml (RunModel)" time="0.013" />
  <testcase classname="ptolemy.util.test.junit.AutoTests" name="[81] /home/travis/build/icyphy/ptII/ptolemy/actor/lib/test/auto/ConfigurationSwitchCloningBugWithClassRelationGroup.xml (RunModel)" time="0.016" />
  <testcase classname="ptolemy.util.test.junit.AutoTests" name="[82] /home/travis/build/icyphy/ptII/ptolemy/actor/lib/test/auto/ConfigurationSwitchSelectSDF.xml (RunModel)" time="0.013" />
  <testcase classname="ptolemy.util.test.junit.AutoTests" name="[83] /home/travis/build/icyphy/ptII/ptolemy/actor/lib/test/auto/ConfigurationSwitchSelectSDF2.xml (RunModel)" time="0.011" />
  <testcase classname="ptolemy.util.test.junit.AutoTests" name="[84] /home/travis/build/icyphy/ptII/ptolemy/actor/lib/test/auto/Const.xml (RunModel)" time="0.006" />
  <testcase classname="ptolemy.util.test.junit.AutoTests" name="[85] /home/travis/build/icyphy/ptII/ptolemy/actor/lib/test/auto/Const2.xml (RunModel)" time="0.008" />
  <testcase classname="ptolemy.util.test.junit.AutoTests" name="[86] /home/travis/build/icyphy/ptII/ptolemy/actor/lib/test/auto/Const3.xml (RunModel)" time="0.005" />
  <testcase classname="ptolemy.util.test.junit.AutoTests" name="[87] /home/travis/build/icyphy/ptII/ptolemy/actor/lib/test/auto/ConstantPublisherPort1.xml (RunModel)" time="0.018" />
  <testcase classname="ptolemy.util.test.junit.AutoTests" name="[88] /home/travis/build/icyphy/ptII/ptolemy/actor/lib/test/auto/ConstantPublisherPort2.xml (RunModel)" time="0.021" />
  <testcase classname="ptolemy.util.test.junit.AutoTests" name="[89] /home/travis/build/icyphy/ptII/ptolemy/actor/lib/test/auto/ConstantPublisherPort3.xml (RunModel)" time="0.022" />
  <testcase classname="ptolemy.util.test.junit.AutoTests" name="[90] /home/travis/build/icyphy/ptII/ptolemy/actor/lib/test/auto/ConstantPublisherPort4.xml (RunModel)" time="0.014" />
  <testcase classname="ptolemy.util.test.junit.AutoTests" name="[91] /home/travis/build/icyphy/ptII/ptolemy/actor/lib/test/auto/ConstantPublisherPort5.xml (RunModel)" time="0.047" />
  <testcase classname="ptolemy.util.test.junit.AutoTests" name="[92] /home/travis/build/icyphy/ptII/ptolemy/actor/lib/test/auto/ConstantPublisherPort6.xml (RunModel)" time="0.035" />
  <testcase classname="ptolemy.util.test.junit.AutoTests" name="[93] /home/travis/build/icyphy/ptII/ptolemy/actor/lib/test/auto/ConstantPublisherPort7.xml (RunModel)" time="0.034" />
  <testcase classname="ptolemy.util.test.junit.AutoTests" name="[94] /home/travis/build/icyphy/ptII/ptolemy/actor/lib/test/auto/ConstraintMonitor1.xml (RunModel)" time="0.036" />
  <testcase classname="ptolemy.util.test.junit.AutoTests" name="[95] /home/travis/build/icyphy/ptII/ptolemy/actor/lib/test/auto/ConstraintMonitor2.xml (RunModel)" time="0.01" />
  <testcase classname="ptolemy.util.test.junit.AutoTests" name="[96] /home/travis/build/icyphy/ptII/ptolemy/actor/lib/test/auto/ConstraintMonitor3.xml (RunModel)" time="0.014" />
  <testcase classname="ptolemy.util.test.junit.AutoTests" name="[97] /home/travis/build/icyphy/ptII/ptolemy/actor/lib/test/auto/ConstraintMonitor4.xml (RunModel)" time="0.014" />
  <testcase classname="ptolemy.util.test.junit.AutoTests" name="[98] /home/travis/build/icyphy/ptII/ptolemy/actor/lib/test/auto/ConstraintMonitor5.xml (RunModel)" time="0.012" />
  <testcase classname="ptolemy.util.test.junit.AutoTests" name="[99] /home/travis/build/icyphy/ptII/ptolemy/actor/lib/test/auto/ConstraintMonitor6.xml (RunModel)" time="0.017" />
  <testcase classname="ptolemy.util.test.junit.AutoTests" name="[100] /home/travis/build/icyphy/ptII/ptolemy/actor/lib/test/auto/ConstraintMonitor7.xml (RunModel)" time="0.02" />
  <testcase classname="ptolemy.util.test.junit.AutoTests" name="[101] /home/travis/build/icyphy/ptII/ptolemy/actor/lib/test/auto/ConstraintMonitor8.xml (RunModel)" time="0.019" />
  <testcase classname="ptolemy.util.test.junit.AutoTests" name="[102] /home/travis/build/icyphy/ptII/ptolemy/actor/lib/test/auto/Counter.xml (RunModel)" time="0.018" />
  <testcase classname="ptolemy.util.test.junit.AutoTests" name="[103] /home/travis/build/icyphy/ptII/ptolemy/actor/lib/test/auto/CurrentTimeSDF.xml (RunModel)" time="0.01" />
  <testcase classname="ptolemy.util.test.junit.AutoTests" name="[104] /home/travis/build/icyphy/ptII/ptolemy/actor/lib/test/auto/DB.xml (RunModel)" time="0.012" />
  <testcase classname="ptolemy.util.test.junit.AutoTests" name="[105] /home/travis/build/icyphy/ptII/ptolemy/actor/lib/test/auto/DBDE.xml (RunModel)" time="0.013" />
  <testcase classname="ptolemy.util.test.junit.AutoTests" name="[106] /home/travis/build/icyphy/ptII/ptolemy/actor/lib/test/auto/DateConstructor.xml (RunModel)" time="0.069" />
  <testcase classname="ptolemy.util.test.junit.AutoTests" name="[107] /home/travis/build/icyphy/ptII/ptolemy/actor/lib/test/auto/DelayTime.xml (RunModel)" time="0.017" />
  <testcase classname="ptolemy.util.test.junit.AutoTests" name="[108] /home/travis/build/icyphy/ptII/ptolemy/actor/lib/test/auto/Dictionary1.xml (RunModel)" time="0.022" />
  <testcase classname="ptolemy.util.test.junit.AutoTests" name="[109] /home/travis/build/icyphy/ptII/ptolemy/actor/lib/test/auto/Dictionary2.xml (RunModel)" time="0.013" />
  <testcase classname="ptolemy.util.test.junit.AutoTests" name="[110] /home/travis/build/icyphy/ptII/ptolemy/actor/lib/test/auto/Dictionary3.xml (RunModel)" time="0.011" />
  <testcase classname="ptolemy.util.test.junit.AutoTests" name="[111] /home/travis/build/icyphy/ptII/ptolemy/actor/lib/test/auto/Dictionary4.xml (RunModel)" time="0.017" />
  <testcase classname="ptolemy.util.test.junit.AutoTests" name="[112] /home/travis/build/icyphy/ptII/ptolemy/actor/lib/test/auto/Differential.xml (RunModel)" time="0.015" />
  <testcase classname="ptolemy.util.test.junit.AutoTests" name="[113] /home/travis/build/icyphy/ptII/ptolemy/actor/lib/test/auto/Director.xml (RunModel)" time="0.013" />
  <testcase classname="ptolemy.util.test.junit.AutoTests" name="[114] /home/travis/build/icyphy/ptII/ptolemy/actor/lib/test/auto/DiscreteClock.xml (RunModel)" time="0.008" />
  <testcase classname="ptolemy.util.test.junit.AutoTests" name="[115] /home/travis/build/icyphy/ptII/ptolemy/actor/lib/test/auto/DiscreteClock10.xml (RunModel)" time="0.012" />
  <testcase classname="ptolemy.util.test.junit.AutoTests" name="[116] /home/travis/build/icyphy/ptII/ptolemy/actor/lib/test/auto/DiscreteClock11.xml (RunModel)" time="0.013" />
  <testcase classname="ptolemy.util.test.junit.AutoTests" name="[117] /home/travis/build/icyphy/ptII/ptolemy/actor/lib/test/auto/DiscreteClock12.xml (RunModel)" time="0.014" />
  <testcase classname="ptolemy.util.test.junit.AutoTests" name="[118] /home/travis/build/icyphy/ptII/ptolemy/actor/lib/test/auto/DiscreteClock13.xml (RunModel)" time="0.014" />
  <testcase classname="ptolemy.util.test.junit.AutoTests" name="[119] /home/travis/build/icyphy/ptII/ptolemy/actor/lib/test/auto/DiscreteClock14.xml (RunModel)" time="0.015" />
  <testcase classname="ptolemy.util.test.junit.AutoTests" name="[120] /home/travis/build/icyphy/ptII/ptolemy/actor/lib/test/auto/DiscreteClock15.xml (RunModel)" time="0.021" />
  <testcase classname="ptolemy.util.test.junit.AutoTests" name="[121] /home/travis/build/icyphy/ptII/ptolemy/actor/lib/test/auto/DiscreteClock16.xml (RunModel)" time="0.039" />
  <testcase classname="ptolemy.util.test.junit.AutoTests" name="[122] /home/travis/build/icyphy/ptII/ptolemy/actor/lib/test/auto/DiscreteClock17.xml (RunModel)" time="0.035" />
  <testcase classname="ptolemy.util.test.junit.AutoTests" name="[123] /home/travis/build/icyphy/ptII/ptolemy/actor/lib/test/auto/DiscreteClock18.xml (RunModel)" time="0.039" />
  <testcase classname="ptolemy.util.test.junit.AutoTests" name="[124] /home/travis/build/icyphy/ptII/ptolemy/actor/lib/test/auto/DiscreteClock19.xml (RunModel)" time="0.042" />
  <testcase classname="ptolemy.util.test.junit.AutoTests" name="[125] /home/travis/build/icyphy/ptII/ptolemy/actor/lib/test/auto/DiscreteClock2.xml (RunModel)" time="0.009" />
  <testcase classname="ptolemy.util.test.junit.AutoTests" name="[126] /home/travis/build/icyphy/ptII/ptolemy/actor/lib/test/auto/DiscreteClock20.xml (RunModel)" time="0.018" />
  <testcase classname="ptolemy.util.test.junit.AutoTests" name="[127] /home/travis/build/icyphy/ptII/ptolemy/actor/lib/test/auto/DiscreteClock21.xml (RunModel)" time="0.017" />
  <testcase classname="ptolemy.util.test.junit.AutoTests" name="[128] /home/travis/build/icyphy/ptII/ptolemy/actor/lib/test/auto/DiscreteClock22.xml (RunModel)" time="0.015" />
  <testcase classname="ptolemy.util.test.junit.AutoTests" name="[129] /home/travis/build/icyphy/ptII/ptolemy/actor/lib/test/auto/DiscreteClock23.xml (RunModel)" time="0.019" />
  <testcase classname="ptolemy.util.test.junit.AutoTests" name="[130] /home/travis/build/icyphy/ptII/ptolemy/actor/lib/test/auto/DiscreteClock24.xml (RunModel)" time="0.015" />
  <testcase classname="ptolemy.util.test.junit.AutoTests" name="[131] /home/travis/build/icyphy/ptII/ptolemy/actor/lib/test/auto/DiscreteClock4.xml (RunModel)" time="0.012" />
  <testcase classname="ptolemy.util.test.junit.AutoTests" name="[132] /home/travis/build/icyphy/ptII/ptolemy/actor/lib/test/auto/DiscreteClock5.xml (RunModel)" time="0.014" />
  <testcase classname="ptolemy.util.test.junit.AutoTests" name="[133] /home/travis/build/icyphy/ptII/ptolemy/actor/lib/test/auto/DiscreteClock6.xml (RunModel)" time="0.011" />
  <testcase classname="ptolemy.util.test.junit.AutoTests" name="[134] /home/travis/build/icyphy/ptII/ptolemy/actor/lib/test/auto/DiscreteClock7.xml (RunModel)" time="0.01" />
  <testcase classname="ptolemy.util.test.junit.AutoTests" name="[135] /home/travis/build/icyphy/ptII/ptolemy/actor/lib/test/auto/DiscreteClock8.xml (RunModel)" time="0.019" />
  <testcase classname="ptolemy.util.test.junit.AutoTests" name="[136] /home/travis/build/icyphy/ptII/ptolemy/actor/lib/test/auto/DiscreteClock9.xml (RunModel)" time="0.012" />
  <testcase classname="ptolemy.util.test.junit.AutoTests" name="[137] /home/travis/build/icyphy/ptII/ptolemy/actor/lib/test/auto/DisplayArray.xml (RunModel)" time="0.008" />
  <testcase classname="ptolemy.util.test.junit.AutoTests" name="[138] /home/travis/build/icyphy/ptII/ptolemy/actor/lib/test/auto/Distributor.xml (RunModel)" time="0.009" />
  <testcase classname="ptolemy.util.test.junit.AutoTests" name="[139] /home/travis/build/icyphy/ptII/ptolemy/actor/lib/test/auto/Distributor2.xml (RunModel)" time="0.01" />
  <testcase classname="ptolemy.util.test.junit.AutoTests" name="[140] /home/travis/build/icyphy/ptII/ptolemy/actor/lib/test/auto/DownSample.xml (RunModel)" time="0.025" />
  <testcase classname="ptolemy.util.test.junit.AutoTests" name="[141] /home/travis/build/icyphy/ptII/ptolemy/actor/lib/test/auto/ElectronicUnitBase1.xml (RunModel)" time="0.075" />
  <testcase classname="ptolemy.util.test.junit.AutoTests" name="[142] /home/travis/build/icyphy/ptII/ptolemy/actor/lib/test/auto/ElementsToArray.xml (RunModel)" time="0.024" />
  <testcase classname="ptolemy.util.test.junit.AutoTests" name="[143] /home/travis/build/icyphy/ptII/ptolemy/actor/lib/test/auto/Equals.xml (RunModel)" time="0.017" />
  <testcase classname="ptolemy.util.test.junit.AutoTests" name="[144] /home/travis/build/icyphy/ptII/ptolemy/actor/lib/test/auto/Exec.xml (RunModel)" time="0.032" />
  <testcase classname="ptolemy.util.test.junit.AutoTests" name="[145] /home/travis/build/icyphy/ptII/ptolemy/actor/lib/test/auto/ExecEnvironment.xml (RunModel)" time="0.036" />
  <testcase classname="ptolemy.util.test.junit.AutoTests" name="[146] /home/travis/build/icyphy/ptII/ptolemy/actor/lib/test/auto/ExecNonZeroReturnOutput.xml (RunModel)" time="0.184" />
  <testcase classname="ptolemy.util.test.junit.AutoTests" name="[147] /home/travis/build/icyphy/ptII/ptolemy/actor/lib/test/auto/ExecRunDemos.xml (RunModel)" time="10.783" />
  <testcase classname="ptolemy.util.test.junit.AutoTests" name="[148] /home/travis/build/icyphy/ptII/ptolemy/actor/lib/test/auto/ExecStop.xml (RunModel)" time="5.033" />
  <testcase classname="ptolemy.util.test.junit.AutoTests" name="[149] /home/travis/build/icyphy/ptII/ptolemy/actor/lib/test/auto/ExecutionTimeSDF.xml (RunModel)" time="6.026" />
  <testcase classname="ptolemy.util.test.junit.AutoTests" name="[150] /home/travis/build/icyphy/ptII/ptolemy/actor/lib/test/auto/Expression1.xml (RunModel)" time="0.013" />
  <testcase classname="ptolemy.util.test.junit.AutoTests" name="[151] /home/travis/build/icyphy/ptII/ptolemy/actor/lib/test/auto/Expression10.xml (RunModel)" time="0.013" />
  <testcase classname="ptolemy.util.test.junit.AutoTests" name="[152] /home/travis/build/icyphy/ptII/ptolemy/actor/lib/test/auto/Expression11.xml (RunModel)" time="0.011" />
  <testcase classname="ptolemy.util.test.junit.AutoTests" name="[153] /home/travis/build/icyphy/ptII/ptolemy/actor/lib/test/auto/Expression12.xml (RunModel)" time="0.012" />
  <testcase classname="ptolemy.util.test.junit.AutoTests" name="[154] /home/travis/build/icyphy/ptII/ptolemy/actor/lib/test/auto/Expression13.xml (RunModel)" time="0.011" />
  <testcase classname="ptolemy.util.test.junit.AutoTests" name="[155] /home/travis/build/icyphy/ptII/ptolemy/actor/lib/test/auto/Expression14.xml (RunModel)" time="0.019" />
  <testcase classname="ptolemy.util.test.junit.AutoTests" name="[156] /home/travis/build/icyphy/ptII/ptolemy/actor/lib/test/auto/Expression15.xml (RunModel)" time="0.011" />
  <testcase classname="ptolemy.util.test.junit.AutoTests" name="[157] /home/travis/build/icyphy/ptII/ptolemy/actor/lib/test/auto/Expression16.xml (RunModel)" time="0.012" />
  <testcase classname="ptolemy.util.test.junit.AutoTests" name="[158] /home/travis/build/icyphy/ptII/ptolemy/actor/lib/test/auto/Expression17.xml (RunModel)" time="0.011" />
  <testcase classname="ptolemy.util.test.junit.AutoTests" name="[159] /home/travis/build/icyphy/ptII/ptolemy/actor/lib/test/auto/Expression18.xml (RunModel)" time="0.013" />
  <testcase classname="ptolemy.util.test.junit.AutoTests" name="[160] /home/travis/build/icyphy/ptII/ptolemy/actor/lib/test/auto/Expression2.xml (RunModel)" time="0.015" />
  <testcase classname="ptolemy.util.test.junit.AutoTests" name="[161] /home/travis/build/icyphy/ptII/ptolemy/actor/lib/test/auto/Expression3.xml (RunModel)" time="0.015" />
  <testcase classname="ptolemy.util.test.junit.AutoTests" name="[162] /home/travis/build/icyphy/ptII/ptolemy/actor/lib/test/auto/Expression4.xml (RunModel)" time="0.018" />
  <testcase classname="ptolemy.util.test.junit.AutoTests" name="[163] /home/travis/build/icyphy/ptII/ptolemy/actor/lib/test/auto/Expression5.xml (RunModel)" time="0.014" />
  <testcase classname="ptolemy.util.test.junit.AutoTests" name="[164] /home/travis/build/icyphy/ptII/ptolemy/actor/lib/test/auto/Expression6.xml (RunModel)" time="0.009" />
  <testcase classname="ptolemy.util.test.junit.AutoTests" name="[165] /home/travis/build/icyphy/ptII/ptolemy/actor/lib/test/auto/Expression7.xml (RunModel)" time="0.012" />
  <testcase classname="ptolemy.util.test.junit.AutoTests" name="[166] /home/travis/build/icyphy/ptII/ptolemy/actor/lib/test/auto/Expression8.xml (RunModel)" time="0.015" />
  <testcase classname="ptolemy.util.test.junit.AutoTests" name="[167] /home/travis/build/icyphy/ptII/ptolemy/actor/lib/test/auto/Expression9.xml (RunModel)" time="0.007" />
  <testcase classname="ptolemy.util.test.junit.AutoTests" name="[168] /home/travis/build/icyphy/ptII/ptolemy/actor/lib/test/auto/ExpressionConcatenateArrayType.xml (RunModel)" time="0.027" />
  <testcase classname="ptolemy.util.test.junit.AutoTests" name="[169] /home/travis/build/icyphy/ptII/ptolemy/actor/lib/test/auto/ExpressionConcatenateArrayType2.xml (RunModel)" time="0.02" />
  <testcase classname="ptolemy.util.test.junit.AutoTests" name="[170] /home/travis/build/icyphy/ptII/ptolemy/actor/lib/test/auto/ExpressionFix.xml (RunModel)" time="0.048" />
  <testcase classname="ptolemy.util.test.junit.AutoTests" name="[171] /home/travis/build/icyphy/ptII/ptolemy/actor/lib/test/auto/ExpressionFix2.xml (RunModel)" time="0.012" />
  <testcase classname="ptolemy.util.test.junit.AutoTests" name="[172] /home/travis/build/icyphy/ptII/ptolemy/actor/lib/test/auto/ExpressionFix3.xml (RunModel)" time="0.013" />
  <testcase classname="ptolemy.util.test.junit.AutoTests" name="[173] /home/travis/build/icyphy/ptII/ptolemy/actor/lib/test/auto/FileWriter1.xml (RunModel)" time="0.01" />
  <testcase classname="ptolemy.util.test.junit.AutoTests" name="[174] /home/travis/build/icyphy/ptII/ptolemy/actor/lib/test/auto/FileWriter2.xml (RunModel)" time="0.015" />
  <testcase classname="ptolemy.util.test.junit.AutoTests" name="[175] /home/travis/build/icyphy/ptII/ptolemy/actor/lib/test/auto/FileWriter3.xml (RunModel)" time="0.012" />
  <testcase classname="ptolemy.util.test.junit.AutoTests" name="[176] /home/travis/build/icyphy/ptII/ptolemy/actor/lib/test/auto/Gaussian.xml (RunModel)" time="0.014" />
  <testcase classname="ptolemy.util.test.junit.AutoTests" name="[177] /home/travis/build/icyphy/ptII/ptolemy/actor/lib/test/auto/Gaussian1.xml (RunModel)" time="0.024" />
  <testcase classname="ptolemy.util.test.junit.AutoTests" name="[178] /home/travis/build/icyphy/ptII/ptolemy/actor/lib/test/auto/Gaussian2.xml (RunModel)" time="0.018" />
  <testcase classname="ptolemy.util.test.junit.AutoTests" name="[179] /home/travis/build/icyphy/ptII/ptolemy/actor/lib/test/auto/GradientAdaptiveLattice.xml (RunModel)" time="0.015" />
  <testcase classname="ptolemy.util.test.junit.AutoTests" name="[180] /home/travis/build/icyphy/ptII/ptolemy/actor/lib/test/auto/IIR.xml (RunModel)" time="0.025" />
  <testcase classname="ptolemy.util.test.junit.AutoTests" name="[181] /home/travis/build/icyphy/ptII/ptolemy/actor/lib/test/auto/InputOutputTransparentPorts.xml (RunModel)" time="0.018" />
  <testcase classname="ptolemy.util.test.junit.AutoTests" name="[182] /home/travis/build/icyphy/ptII/ptolemy/actor/lib/test/auto/Interpolator.xml (RunModel)" time="0.01" />
  <testcase classname="ptolemy.util.test.junit.AutoTests" name="[183] /home/travis/build/icyphy/ptII/ptolemy/actor/lib/test/auto/InterpolatorFiringLimitDE.xml (RunModel)" time="0.015" />
  <testcase classname="ptolemy.util.test.junit.AutoTests" name="[184] /home/travis/build/icyphy/ptII/ptolemy/actor/lib/test/auto/Lattice.xml (RunModel)" time="0.009" />
  <testcase classname="ptolemy.util.test.junit.AutoTests" name="[185] /home/travis/build/icyphy/ptII/ptolemy/actor/lib/test/auto/LazyAOCTestLazy.xml (RunModel)" time="0.021" />
  <testcase classname="ptolemy.util.test.junit.AutoTests" name="[186] /home/travis/build/icyphy/ptII/ptolemy/actor/lib/test/auto/LazyAOCTestNonLazy.xml (RunModel)" time="0.044" />
  <testcase classname="ptolemy.util.test.junit.AutoTests" name="[187] /home/travis/build/icyphy/ptII/ptolemy/actor/lib/test/auto/LazyInnerClass.xml (RunModel)" time="0.03" />
  <testcase classname="ptolemy.util.test.junit.AutoTests" name="[188] /home/travis/build/icyphy/ptII/ptolemy/actor/lib/test/auto/LazyPubSub.xml (RunModel)" time="0.077" />
  <testcase classname="ptolemy.util.test.junit.AutoTests" name="[189] /home/travis/build/icyphy/ptII/ptolemy/actor/lib/test/auto/LazyPubSub2.xml (RunModel)" time="0.031" />
  <testcase classname="ptolemy.util.test.junit.AutoTests" name="[190] /home/travis/build/icyphy/ptII/ptolemy/actor/lib/test/auto/LazyPubSub3.xml (RunModel)" time="0.028" />
  <testcase classname="ptolemy.util.test.junit.AutoTests" name="[191] /home/travis/build/icyphy/ptII/ptolemy/actor/lib/test/auto/LazySubClassModel.xml (RunModel)" time="0.02" />
  <testcase classname="ptolemy.util.test.junit.AutoTests" name="[192] /home/travis/build/icyphy/ptII/ptolemy/actor/lib/test/auto/LevelCrossTest1.xml (RunModel)" time="0.01" />
  <testcase classname="ptolemy.util.test.junit.AutoTests" name="[193] /home/travis/build/icyphy/ptII/ptolemy/actor/lib/test/auto/LevelCrossTest10.xml (RunModel)" time="0.014" />
  <testcase classname="ptolemy.util.test.junit.AutoTests" name="[194] /home/travis/build/icyphy/ptII/ptolemy/actor/lib/test/auto/LevelCrossTest11.xml (RunModel)" time="0.018" />
  <testcase classname="ptolemy.util.test.junit.AutoTests" name="[195] /home/travis/build/icyphy/ptII/ptolemy/actor/lib/test/auto/LevelCrossTest12.xml (RunModel)" time="0.017" />
  <testcase classname="ptolemy.util.test.junit.AutoTests" name="[196] /home/travis/build/icyphy/ptII/ptolemy/actor/lib/test/auto/LevelCrossTest13.xml (RunModel)" time="0.013" />
  <testcase classname="ptolemy.util.test.junit.AutoTests" name="[197] /home/travis/build/icyphy/ptII/ptolemy/actor/lib/test/auto/LevelCrossTest2.xml (RunModel)" time="0.01" />
  <testcase classname="ptolemy.util.test.junit.AutoTests" name="[198] /home/travis/build/icyphy/ptII/ptolemy/actor/lib/test/auto/LevelCrossTest3.xml (RunModel)" time="0.013" />
  <testcase classname="ptolemy.util.test.junit.AutoTests" name="[199] /home/travis/build/icyphy/ptII/ptolemy/actor/lib/test/auto/LevelCrossTest4.xml (RunModel)" time="0.011" />
  <testcase classname="ptolemy.util.test.junit.AutoTests" name="[200] /home/travis/build/icyphy/ptII/ptolemy/actor/lib/test/auto/LevelCrossTest5.xml (RunModel)" time="0.012" />
  <testcase classname="ptolemy.util.test.junit.AutoTests" name="[201] /home/travis/build/icyphy/ptII/ptolemy/actor/lib/test/auto/LevelCrossTest6.xml (RunModel)" time="0.012" />
  <testcase classname="ptolemy.util.test.junit.AutoTests" name="[202] /home/travis/build/icyphy/ptII/ptolemy/actor/lib/test/auto/LevelCrossTest7.xml (RunModel)" time="0.021" />
  <testcase classname="ptolemy.util.test.junit.AutoTests" name="[203] /home/travis/build/icyphy/ptII/ptolemy/actor/lib/test/auto/LevelCrossTest8.xml (RunModel)" time="0.014" />
  <testcase classname="ptolemy.util.test.junit.AutoTests" name="[204] /home/travis/build/icyphy/ptII/ptolemy/actor/lib/test/auto/LevelCrossTest9.xml (RunModel)" time="0.029" />
  <testcase classname="ptolemy.util.test.junit.AutoTests" name="[205] /home/travis/build/icyphy/ptII/ptolemy/actor/lib/test/auto/LevinsonDurbin.xml (RunModel)" time="0.009" />
  <testcase classname="ptolemy.util.test.junit.AutoTests" name="[206] /home/travis/build/icyphy/ptII/ptolemy/actor/lib/test/auto/LevinsonDurbin2.xml (RunModel)" time="0.008" />
  <testcase classname="ptolemy.util.test.junit.AutoTests" name="[207] /home/travis/build/icyphy/ptII/ptolemy/actor/lib/test/auto/LevinsonDurbin3.xml (RunModel)" time="0.013" />
  <testcase classname="ptolemy.util.test.junit.AutoTests" name="[208] /home/travis/build/icyphy/ptII/ptolemy/actor/lib/test/auto/Limiter.xml (RunModel)" time="0.042" />
  <testcase classname="ptolemy.util.test.junit.AutoTests" name="[209] /home/travis/build/icyphy/ptII/ptolemy/actor/lib/test/auto/LinearDifferenceEquationSystem.xml (RunModel)" time="0.029" />
  <testcase classname="ptolemy.util.test.junit.AutoTests" name="[210] /home/travis/build/icyphy/ptII/ptolemy/actor/lib/test/auto/LookupTable.xml (RunModel)" time="0.016" />
  <testcase classname="ptolemy.util.test.junit.AutoTests" name="[211] /home/travis/build/icyphy/ptII/ptolemy/actor/lib/test/auto/MathFunction.xml (RunModel)" time="0.024" />
  <testcase classname="ptolemy.util.test.junit.AutoTests" name="[212] /home/travis/build/icyphy/ptII/ptolemy/actor/lib/test/auto/MathFunction2.xml (RunModel)" time="0.011" />
  <testcase classname="ptolemy.util.test.junit.AutoTests" name="[213] /home/travis/build/icyphy/ptII/ptolemy/actor/lib/test/auto/MathFunction3.xml (RunModel)" time="0.017" />
  <testcase classname="ptolemy.util.test.junit.AutoTests" name="[214] /home/travis/build/icyphy/ptII/ptolemy/actor/lib/test/auto/MatrixCropBoolean.xml (RunModel)" time="0.01" />
  <testcase classname="ptolemy.util.test.junit.AutoTests" name="[215] /home/travis/build/icyphy/ptII/ptolemy/actor/lib/test/auto/MatrixCropComplex.xml (RunModel)" time="0.008" />
  <testcase classname="ptolemy.util.test.junit.AutoTests" name="[216] /home/travis/build/icyphy/ptII/ptolemy/actor/lib/test/auto/MatrixCropDouble.xml (RunModel)" time="0.009" />
  <testcase classname="ptolemy.util.test.junit.AutoTests" name="[217] /home/travis/build/icyphy/ptII/ptolemy/actor/lib/test/auto/MatrixCropFix.xml (RunModel)" time="0.01" />
  <testcase classname="ptolemy.util.test.junit.AutoTests" name="[218] /home/travis/build/icyphy/ptII/ptolemy/actor/lib/test/auto/MatrixCropInt.xml (RunModel)" time="0.012" />
  <testcase classname="ptolemy.util.test.junit.AutoTests" name="[219] /home/travis/build/icyphy/ptII/ptolemy/actor/lib/test/auto/MatrixCropLong.xml (RunModel)" time="0.009" />
  <testcase classname="ptolemy.util.test.junit.AutoTests" name="[220] /home/travis/build/icyphy/ptII/ptolemy/actor/lib/test/auto/MatrixToArray.xml (RunModel)" time="0.049" />
  <testcase classname="ptolemy.util.test.junit.AutoTests" name="[221] /home/travis/build/icyphy/ptII/ptolemy/actor/lib/test/auto/MaxIndex.xml (RunModel)" time="0.012" />
  <testcase classname="ptolemy.util.test.junit.AutoTests" name="[222] /home/travis/build/icyphy/ptII/ptolemy/actor/lib/test/auto/Maximum.xml (RunModel)" time="0.017" />
  <testcase classname="ptolemy.util.test.junit.AutoTests" name="[223] /home/travis/build/icyphy/ptII/ptolemy/actor/lib/test/auto/MaximumComplex.xml (RunModel)" time="0.015" />
  <testcase classname="ptolemy.util.test.junit.AutoTests" name="[224] /home/travis/build/icyphy/ptII/ptolemy/actor/lib/test/auto/MethodCallTest.xml (RunModel)" time="0.021" />
  <testcase classname="ptolemy.util.test.junit.AutoTests" name="[225] /home/travis/build/icyphy/ptII/ptolemy/actor/lib/test/auto/Minimum.xml (RunModel)" time="0.014" />
  <testcase classname="ptolemy.util.test.junit.AutoTests" name="[226] /home/travis/build/icyphy/ptII/ptolemy/actor/lib/test/auto/MinimumComplex.xml (RunModel)" time="0.025" />
  <testcase classname="ptolemy.util.test.junit.AutoTests" name="[227] /home/travis/build/icyphy/ptII/ptolemy/actor/lib/test/auto/MinimumMultiports.xml (RunModel)" time="0.016" />
  <testcase classname="ptolemy.util.test.junit.AutoTests" name="[228] /home/travis/build/icyphy/ptII/ptolemy/actor/lib/test/auto/ModifyDate.xml (RunModel)" time="0.042" />
  <testcase classname="ptolemy.util.test.junit.AutoTests" name="[229] /home/travis/build/icyphy/ptII/ptolemy/actor/lib/test/auto/ModifyDate2.xml (RunModel)" time="0.05" />
  <testcase classname="ptolemy.util.test.junit.AutoTests" name="[230] /home/travis/build/icyphy/ptII/ptolemy/actor/lib/test/auto/MovingAverage.xml (RunModel)" time="0.011" />
  <testcase classname="ptolemy.util.test.junit.AutoTests" name="[231] /home/travis/build/icyphy/ptII/ptolemy/actor/lib/test/auto/MovingMaximum.xml (RunModel)" time="0.011" />
  <testcase classname="ptolemy.util.test.junit.AutoTests" name="[232] /home/travis/build/icyphy/ptII/ptolemy/actor/lib/test/auto/MultipleLinksToSameRelation.xml (RunModel)" time="0.011" />
  <testcase classname="ptolemy.util.test.junit.AutoTests" name="[233] /home/travis/build/icyphy/ptII/ptolemy/actor/lib/test/auto/MultipleLinksToSameRelationDE.xml (RunModel)" time="0.017" />
  <testcase classname="ptolemy.util.test.junit.AutoTests" name="[234] /home/travis/build/icyphy/ptII/ptolemy/actor/lib/test/auto/Multiplexor.xml (RunModel)" time="0.011" />
  <testcase classname="ptolemy.util.test.junit.AutoTests" name="[235] /home/travis/build/icyphy/ptII/ptolemy/actor/lib/test/auto/Multiplexor1.xml (RunModel)" time="0.012" />
  <testcase classname="ptolemy.util.test.junit.AutoTests" name="[236] /home/travis/build/icyphy/ptII/ptolemy/actor/lib/test/auto/Multiplexor2.xml (RunModel)" time="0.015" />
  <testcase classname="ptolemy.util.test.junit.AutoTests" name="[237] /home/travis/build/icyphy/ptII/ptolemy/actor/lib/test/auto/Multiplexor3.xml (RunModel)" time="0.01" />
  <testcase classname="ptolemy.util.test.junit.AutoTests" name="[238] /home/travis/build/icyphy/ptII/ptolemy/actor/lib/test/auto/MultiplexorDE.xml (RunModel)" time="0.015" />
  <testcase classname="ptolemy.util.test.junit.AutoTests" name="[239] /home/travis/build/icyphy/ptII/ptolemy/actor/lib/test/auto/MultiportBroadcastTest.xml (RunModel)" time="0.097" />
  <testcase classname="ptolemy.util.test.junit.AutoTests" name="[240] /home/travis/build/icyphy/ptII/ptolemy/actor/lib/test/auto/MultiportOutHangDuringGetWidth.xml (RunModel)" time="0.039" />
  <testcase classname="ptolemy.util.test.junit.AutoTests" name="[241] /home/travis/build/icyphy/ptII/ptolemy/actor/lib/test/auto/NilToken.xml (RunModel)" time="0.012" />
  <testcase classname="ptolemy.util.test.junit.AutoTests" name="[242] /home/travis/build/icyphy/ptII/ptolemy/actor/lib/test/auto/NilTokenNonStrictTest.xml (RunModel)" time="0.012" />
  <testcase classname="ptolemy.util.test.junit.AutoTests" name="[243] /home/travis/build/icyphy/ptII/ptolemy/actor/lib/test/auto/NilTokenRecord.xml (RunModel)" time="0.024" />
  <testcase classname="ptolemy.util.test.junit.AutoTests" name="[244] /home/travis/build/icyphy/ptII/ptolemy/actor/lib/test/auto/NilTokenTypeTest.xml (RunModel)" time="0.033" />
  <testcase classname="ptolemy.util.test.junit.AutoTests" name="[245] /home/travis/build/icyphy/ptII/ptolemy/actor/lib/test/auto/ObjectToken1.xml (RunModel)" time="0.008" />
  <testcase classname="ptolemy.util.test.junit.AutoTests" name="[246] /home/travis/build/icyphy/ptII/ptolemy/actor/lib/test/auto/OrderedMerge.xml (RunModel)" time="0.016" />
  <testcase classname="ptolemy.util.test.junit.AutoTests" name="[247] /home/travis/build/icyphy/ptII/ptolemy/actor/lib/test/auto/OrderedRecordDisassembler.xml (RunModel)" time="0.018" />
  <testcase classname="ptolemy.util.test.junit.AutoTests" name="[248] /home/travis/build/icyphy/ptII/ptolemy/actor/lib/test/auto/OrderedRecordDisassembler2.xml (RunModel)" time="0.017" />
  <testcase classname="ptolemy.util.test.junit.AutoTests" name="[249] /home/travis/build/icyphy/ptII/ptolemy/actor/lib/test/auto/OrderedRecordUpdater.xml (RunModel)" time="0.01" />
  <testcase classname="ptolemy.util.test.junit.AutoTests" name="[250] /home/travis/build/icyphy/ptII/ptolemy/actor/lib/test/auto/OrderedRecordUpdater2.xml (RunModel)" time="0.016" />
  <testcase classname="ptolemy.util.test.junit.AutoTests" name="[251] /home/travis/build/icyphy/ptII/ptolemy/actor/lib/test/auto/PhaseUnwrap.xml (RunModel)" time="0.011" />
  <testcase classname="ptolemy.util.test.junit.AutoTests" name="[252] /home/travis/build/icyphy/ptII/ptolemy/actor/lib/test/auto/PoissonClock.xml (RunModel)" time="0.011" />
  <testcase classname="ptolemy.util.test.junit.AutoTests" name="[253] /home/travis/build/icyphy/ptII/ptolemy/actor/lib/test/auto/PoissonClock2.xml (RunModel)" time="0.007" />
  <testcase classname="ptolemy.util.test.junit.AutoTests" name="[254] /home/travis/build/icyphy/ptII/ptolemy/actor/lib/test/auto/PoissonClock3.xml (RunModel)" time="0.024" />
  <testcase classname="ptolemy.util.test.junit.AutoTests" name="[255] /home/travis/build/icyphy/ptII/ptolemy/actor/lib/test/auto/PubSubWithInitialTokens.xml (RunModel)" time="0.018" />
  <testcase classname="ptolemy.util.test.junit.AutoTests" name="[256] /home/travis/build/icyphy/ptII/ptolemy/actor/lib/test/auto/PubSubWithInitialTokens2.xml (RunModel)" time="0.013" />
  <testcase classname="ptolemy.util.test.junit.AutoTests" name="[257] /home/travis/build/icyphy/ptII/ptolemy/actor/lib/test/auto/PublisherClassNoParameter.xml (RunModel)" time="0.023" />
  <testcase classname="ptolemy.util.test.junit.AutoTests" name="[258] /home/travis/build/icyphy/ptII/ptolemy/actor/lib/test/auto/PublisherClassParameter.xml (RunModel)" time="0.032" />
  <testcase classname="ptolemy.util.test.junit.AutoTests" name="[259] /home/travis/build/icyphy/ptII/ptolemy/actor/lib/test/auto/PublisherNonStrictTest.xml (RunModel)" time="0.014" />
  <testcase classname="ptolemy.util.test.junit.AutoTests" name="[260] /home/travis/build/icyphy/ptII/ptolemy/actor/lib/test/auto/PublisherPort1.xml (RunModel)" time="0.009" />
  <testcase classname="ptolemy.util.test.junit.AutoTests" name="[261] /home/travis/build/icyphy/ptII/ptolemy/actor/lib/test/auto/PublisherPort2.xml (RunModel)" time="0.009" />
  <testcase classname="ptolemy.util.test.junit.AutoTests" name="[262] /home/travis/build/icyphy/ptII/ptolemy/actor/lib/test/auto/PublisherPort3.xml (RunModel)" time="0.018" />
  <testcase classname="ptolemy.util.test.junit.AutoTests" name="[263] /home/travis/build/icyphy/ptII/ptolemy/actor/lib/test/auto/PublisherPort4.xml (RunModel)" time="0.016" />
  <testcase classname="ptolemy.util.test.junit.AutoTests" name="[264] /home/travis/build/icyphy/ptII/ptolemy/actor/lib/test/auto/PublisherPort5.xml (RunModel)" time="0.014" />
  <testcase classname="ptolemy.util.test.junit.AutoTests" name="[265] /home/travis/build/icyphy/ptII/ptolemy/actor/lib/test/auto/PublisherPort5LookAlike.xml (RunModel)" time="0.018" />
  <testcase classname="ptolemy.util.test.junit.AutoTests" name="[266] /home/travis/build/icyphy/ptII/ptolemy/actor/lib/test/auto/PublisherPort6.xml (RunModel)" time="0.012" />
  <testcase classname="ptolemy.util.test.junit.AutoTests" name="[267] /home/travis/build/icyphy/ptII/ptolemy/actor/lib/test/auto/PublisherPort7.xml (RunModel)" time="0.016" />
  <testcase classname="ptolemy.util.test.junit.AutoTests" name="[268] /home/travis/build/icyphy/ptII/ptolemy/actor/lib/test/auto/PublisherPort8.xml (RunModel)" time="0.016" />
  <testcase classname="ptolemy.util.test.junit.AutoTests" name="[269] /home/travis/build/icyphy/ptII/ptolemy/actor/lib/test/auto/PublisherPortSubscriberChannelVariablesAOC2.xml (RunModel)" time="0.031" />
  <testcase classname="ptolemy.util.test.junit.AutoTests" name="[270] /home/travis/build/icyphy/ptII/ptolemy/actor/lib/test/auto/PublisherPortSubscriberOpaqueWidthInference.xml (RunModel)" time="0.021" />
  <testcase classname="ptolemy.util.test.junit.AutoTests" name="[271] /home/travis/build/icyphy/ptII/ptolemy/actor/lib/test/auto/PublisherPortSubscriberPortAdjacent.xml (RunModel)" time="0.019" />
  <testcase classname="ptolemy.util.test.junit.AutoTests" name="[272] /home/travis/build/icyphy/ptII/ptolemy/actor/lib/test/auto/PublisherPortSubscriberPortExpression.xml (RunModel)" time="0.014" />
  <testcase classname="ptolemy.util.test.junit.AutoTests" name="[273] /home/travis/build/icyphy/ptII/ptolemy/actor/lib/test/auto/PublisherPortSubscriberPortOpaqueD3Reverse.xml (RunModel)" time="0.018" />
  <testcase classname="ptolemy.util.test.junit.AutoTests" name="[274] /home/travis/build/icyphy/ptII/ptolemy/actor/lib/test/auto/PublisherPortSubscriberPortOpaqueWidthInference.xml (RunModel)" time="0.015" />
  <testcase classname="ptolemy.util.test.junit.AutoTests" name="[275] /home/travis/build/icyphy/ptII/ptolemy/actor/lib/test/auto/PublisherPortToplevelSubscriberPortAOC.xml (RunModel)" time="0.011" />
  <testcase classname="ptolemy.util.test.junit.AutoTests" name="[276] /home/travis/build/icyphy/ptII/ptolemy/actor/lib/test/auto/PublisherSubscriber.xml (RunModel)" time="0.013" />
  <testcase classname="ptolemy.util.test.junit.AutoTests" name="[277] /home/travis/build/icyphy/ptII/ptolemy/actor/lib/test/auto/PublisherSubscriber10.xml (RunModel)" time="0.022" />
  <testcase classname="ptolemy.util.test.junit.AutoTests" name="[278] /home/travis/build/icyphy/ptII/ptolemy/actor/lib/test/auto/PublisherSubscriber10InitialOutputs.xml (RunModel)" time="0.033" />
  <testcase classname="ptolemy.util.test.junit.AutoTests" name="[279] /home/travis/build/icyphy/ptII/ptolemy/actor/lib/test/auto/PublisherSubscriber11.xml (RunModel)" time="0.019" />
  <testcase classname="ptolemy.util.test.junit.AutoTests" name="[280] /home/travis/build/icyphy/ptII/ptolemy/actor/lib/test/auto/PublisherSubscriber12.xml (RunModel)" time="0.011" />
  <testcase classname="ptolemy.util.test.junit.AutoTests" name="[281] /home/travis/build/icyphy/ptII/ptolemy/actor/lib/test/auto/PublisherSubscriber13.xml (RunModel)" time="0.012" />
  <testcase classname="ptolemy.util.test.junit.AutoTests" name="[282] /home/travis/build/icyphy/ptII/ptolemy/actor/lib/test/auto/PublisherSubscriber14.xml (RunModel)" time="0.02" />
  <testcase classname="ptolemy.util.test.junit.AutoTests" name="[283] /home/travis/build/icyphy/ptII/ptolemy/actor/lib/test/auto/PublisherSubscriber2.xml (RunModel)" time="0.01" />
  <testcase classname="ptolemy.util.test.junit.AutoTests" name="[284] /home/travis/build/icyphy/ptII/ptolemy/actor/lib/test/auto/PublisherSubscriber3.xml (RunModel)" time="0.009" />
  <testcase classname="ptolemy.util.test.junit.AutoTests" name="[285] /home/travis/build/icyphy/ptII/ptolemy/actor/lib/test/auto/PublisherSubscriber4.xml (RunModel)" time="0.009" />
  <testcase classname="ptolemy.util.test.junit.AutoTests" name="[286] /home/travis/build/icyphy/ptII/ptolemy/actor/lib/test/auto/PublisherSubscriber5.xml (RunModel)" time="0.013" />
  <testcase classname="ptolemy.util.test.junit.AutoTests" name="[287] /home/travis/build/icyphy/ptII/ptolemy/actor/lib/test/auto/PublisherSubscriber6.xml (RunModel)" time="0.015" />
  <testcase classname="ptolemy.util.test.junit.AutoTests" name="[288] /home/travis/build/icyphy/ptII/ptolemy/actor/lib/test/auto/PublisherSubscriber7.xml (RunModel)" time="0.018" />
  <testcase classname="ptolemy.util.test.junit.AutoTests" name="[289] /home/travis/build/icyphy/ptII/ptolemy/actor/lib/test/auto/PublisherSubscriber8.xml (RunModel)" time="0.029" />
  <testcase classname="ptolemy.util.test.junit.AutoTests" name="[290] /home/travis/build/icyphy/ptII/ptolemy/actor/lib/test/auto/PublisherSubscriber9.xml (RunModel)" time="0.014" />
  <testcase classname="ptolemy.util.test.junit.AutoTests" name="[291] /home/travis/build/icyphy/ptII/ptolemy/actor/lib/test/auto/PublisherSubscriberAdjacent.xml (RunModel)" time="0.014" />
  <testcase classname="ptolemy.util.test.junit.AutoTests" name="[292] /home/travis/build/icyphy/ptII/ptolemy/actor/lib/test/auto/PublisherSubscriberChannelVariablesAOC2.xml (RunModel)" time="0.025" />
  <testcase classname="ptolemy.util.test.junit.AutoTests" name="[293] /home/travis/build/icyphy/ptII/ptolemy/actor/lib/test/auto/PublisherSubscriberD3.xml (RunModel)" time="0.012" />
  <testcase classname="ptolemy.util.test.junit.AutoTests" name="[294] /home/travis/build/icyphy/ptII/ptolemy/actor/lib/test/auto/PublisherSubscriberD3Reverse.xml (RunModel)" time="0.01" />
  <testcase classname="ptolemy.util.test.junit.AutoTests" name="[295] /home/travis/build/icyphy/ptII/ptolemy/actor/lib/test/auto/PublisherSubscriberExpression.xml (RunModel)" time="0.016" />
  <testcase classname="ptolemy.util.test.junit.AutoTests" name="[296] /home/travis/build/icyphy/ptII/ptolemy/actor/lib/test/auto/PublisherSubscriberOpaque.xml (RunModel)" time="0.015" />
  <testcase classname="ptolemy.util.test.junit.AutoTests" name="[297] /home/travis/build/icyphy/ptII/ptolemy/actor/lib/test/auto/PublisherSubscriberOpaqueD3.xml (RunModel)" time="0.021" />
  <testcase classname="ptolemy.util.test.junit.AutoTests" name="[298] /home/travis/build/icyphy/ptII/ptolemy/actor/lib/test/auto/PublisherSubscriberOpaqueD3Reverse.xml (RunModel)" time="0.022" />
  <testcase classname="ptolemy.util.test.junit.AutoTests" name="[299] /home/travis/build/icyphy/ptII/ptolemy/actor/lib/test/auto/PublisherSubscriberOpaqueWidthInference.xml (RunModel)" time="0.015" />
  <testcase classname="ptolemy.util.test.junit.AutoTests" name="[300] /home/travis/build/icyphy/ptII/ptolemy/actor/lib/test/auto/PublisherTestSubscriber.xml (RunModel)" time="0.028" />
  <testcase classname="ptolemy.util.test.junit.AutoTests" name="[301] /home/travis/build/icyphy/ptII/ptolemy/actor/lib/test/auto/PublisherToplevelSubscriberPortAOC.xml (RunModel)" time="0.01" />
  <testcase classname="ptolemy.util.test.junit.AutoTests" name="[302] /home/travis/build/icyphy/ptII/ptolemy/actor/lib/test/auto/PulseFiringLimitDE.xml (RunModel)" time="0.014" />
  <testcase classname="ptolemy.util.test.junit.AutoTests" name="[303] /home/travis/build/icyphy/ptII/ptolemy/actor/lib/test/auto/Ramp1.xml (RunModel)" time="0.007" />
  <testcase classname="ptolemy.util.test.junit.AutoTests" name="[304] /home/travis/build/icyphy/ptII/ptolemy/actor/lib/test/auto/RampFiringLimitDE.xml (RunModel)" time="0.011" />
  <testcase classname="ptolemy.util.test.junit.AutoTests" name="[305] /home/travis/build/icyphy/ptII/ptolemy/actor/lib/test/auto/RampFiringLimitSDF.xml (RunModel)" time="0.009" />
  <testcase classname="ptolemy.util.test.junit.AutoTests" name="[306] /home/travis/build/icyphy/ptII/ptolemy/actor/lib/test/auto/RandomInteger.xml (RunModel)" time="0.009" />
  <testcase classname="ptolemy.util.test.junit.AutoTests" name="[307] /home/travis/build/icyphy/ptII/ptolemy/actor/lib/test/auto/ReadFile1.xml (RunModel)" time="0.007" />
  <testcase classname="ptolemy.util.test.junit.AutoTests" name="[308] /home/travis/build/icyphy/ptII/ptolemy/actor/lib/test/auto/ReadFile2.xml (RunModel)" time="0.007" />
  <testcase classname="ptolemy.util.test.junit.AutoTests" name="[309] /home/travis/build/icyphy/ptII/ptolemy/actor/lib/test/auto/Reader.xml (RunModel)" time="0.012" />
  <testcase classname="ptolemy.util.test.junit.AutoTests" name="[310] /home/travis/build/icyphy/ptII/ptolemy/actor/lib/test/auto/RecordAssemblerDisplayNameTest.xml (RunModel)" time="3.087" />
  <testcase classname="ptolemy.util.test.junit.AutoTests" name="[311] /home/travis/build/icyphy/ptII/ptolemy/actor/lib/test/auto/RecordAssemblerTypeError.xml (RunModel)" time="0.036" />
  <testcase classname="ptolemy.util.test.junit.AutoTests" name="[312] /home/travis/build/icyphy/ptII/ptolemy/actor/lib/test/auto/RecordDisassember.xml (RunModel)" time="0.011" />
  <testcase classname="ptolemy.util.test.junit.AutoTests" name="[313] /home/travis/build/icyphy/ptII/ptolemy/actor/lib/test/auto/RecordDisassemberDisplayNameTest.xml (RunModel)" time="0.022" />
  <testcase classname="ptolemy.util.test.junit.AutoTests" name="[314] /home/travis/build/icyphy/ptII/ptolemy/actor/lib/test/auto/RecordDisassembler.xml (RunModel)" time="0.01" />
  <testcase classname="ptolemy.util.test.junit.AutoTests" name="[315] /home/travis/build/icyphy/ptII/ptolemy/actor/lib/test/auto/RecordDisassembler2.xml (RunModel)" time="0.009" />
  <testcase classname="ptolemy.util.test.junit.AutoTests" name="[316] /home/travis/build/icyphy/ptII/ptolemy/actor/lib/test/auto/RecordUpdater.xml (RunModel)" time="0.008" />
  <testcase classname="ptolemy.util.test.junit.AutoTests" name="[317] /home/travis/build/icyphy/ptII/ptolemy/actor/lib/test/auto/RecordUpdater2.xml (RunModel)" time="0.008" />
  <testcase classname="ptolemy.util.test.junit.AutoTests" name="[318] /home/travis/build/icyphy/ptII/ptolemy/actor/lib/test/auto/RecursiveLattice.xml (RunModel)" time="0.009" />
  <testcase classname="ptolemy.util.test.junit.AutoTests" name="[319] /home/travis/build/icyphy/ptII/ptolemy/actor/lib/test/auto/Router.xml (RunModel)" time="3.025" />
  <testcase classname="ptolemy.util.test.junit.AutoTests" name="[320] /home/travis/build/icyphy/ptII/ptolemy/actor/lib/test/auto/Router2.xml (RunModel)" time="3.031" />
  <testcase classname="ptolemy.util.test.junit.AutoTests" name="[321] /home/travis/build/icyphy/ptII/ptolemy/actor/lib/test/auto/RunningMaximum.xml (RunModel)" time="0.023" />
  <testcase classname="ptolemy.util.test.junit.AutoTests" name="[322] /home/travis/build/icyphy/ptII/ptolemy/actor/lib/test/auto/RunningMinimum.xml (RunModel)" time="0.022" />
  <testcase classname="ptolemy.util.test.junit.AutoTests" name="[323] /home/travis/build/icyphy/ptII/ptolemy/actor/lib/test/auto/Scale.xml (RunModel)" time="0.007" />
  <testcase classname="ptolemy.util.test.junit.AutoTests" name="[324] /home/travis/build/icyphy/ptII/ptolemy/actor/lib/test/auto/Scale2.xml (RunModel)" time="0.008" />
  <testcase classname="ptolemy.util.test.junit.AutoTests" name="[325] /home/travis/build/icyphy/ptII/ptolemy/actor/lib/test/auto/Scale3.xml (RunModel)" time="0.024" />
  <testcase classname="ptolemy.util.test.junit.AutoTests" name="[326] /home/travis/build/icyphy/ptII/ptolemy/actor/lib/test/auto/ScaleArray.xml (RunModel)" time="0.012" />
  <testcase classname="ptolemy.util.test.junit.AutoTests" name="[327] /home/travis/build/icyphy/ptII/ptolemy/actor/lib/test/auto/ScaleArray2.xml (RunModel)" time="0.007" />
  <testcase classname="ptolemy.util.test.junit.AutoTests" name="[328] /home/travis/build/icyphy/ptII/ptolemy/actor/lib/test/auto/ScaleMatrix.xml (RunModel)" time="0.235" />
  <testcase classname="ptolemy.util.test.junit.AutoTests" name="[329] /home/travis/build/icyphy/ptII/ptolemy/actor/lib/test/auto/Select.xml (RunModel)" time="0.017" />
  <testcase classname="ptolemy.util.test.junit.AutoTests" name="[330] /home/travis/build/icyphy/ptII/ptolemy/actor/lib/test/auto/Select2.xml (RunModel)" time="0.007" />
  <testcase classname="ptolemy.util.test.junit.AutoTests" name="[331] /home/travis/build/icyphy/ptII/ptolemy/actor/lib/test/auto/SequenceToArray2.xml (RunModel)" time="0.135" />
  <testcase classname="ptolemy.util.test.junit.AutoTests" name="[332] /home/travis/build/icyphy/ptII/ptolemy/actor/lib/test/auto/SequentialClock.xml (RunModel)" time="0.01" />
  <testcase classname="ptolemy.util.test.junit.AutoTests" name="[333] /home/travis/build/icyphy/ptII/ptolemy/actor/lib/test/auto/SetVariable.xml (RunModel)" time="0.009" />
  <testcase classname="ptolemy.util.test.junit.AutoTests" name="[334] /home/travis/build/icyphy/ptII/ptolemy/actor/lib/test/auto/SetVariable2.xml (RunModel)" time="0.013" />
  <testcase classname="ptolemy.util.test.junit.AutoTests" name="[335] /home/travis/build/icyphy/ptII/ptolemy/actor/lib/test/auto/SetVariable3.xml (RunModel)" time="0.014" />
  <testcase classname="ptolemy.util.test.junit.AutoTests" name="[336] /home/travis/build/icyphy/ptII/ptolemy/actor/lib/test/auto/SetVariable4.xml (RunModel)" time="0.023" />
  <testcase classname="ptolemy.util.test.junit.AutoTests" name="[337] /home/travis/build/icyphy/ptII/ptolemy/actor/lib/test/auto/SetVariable5.xml (RunModel)" time="0.037" />
  <testcase classname="ptolemy.util.test.junit.AutoTests" name="[338] /home/travis/build/icyphy/ptII/ptolemy/actor/lib/test/auto/Sinewave.xml (RunModel)" time="0.025" />
  <testcase classname="ptolemy.util.test.junit.AutoTests" name="[339] /home/travis/build/icyphy/ptII/ptolemy/actor/lib/test/auto/Sinewave2.xml (RunModel)" time="0.018" />
  <testcase classname="ptolemy.util.test.junit.AutoTests" name="[340] /home/travis/build/icyphy/ptII/ptolemy/actor/lib/test/auto/Sinewave3.xml (RunModel)" time="0.019" />
  <testcase classname="ptolemy.util.test.junit.AutoTests" name="[341] /home/travis/build/icyphy/ptII/ptolemy/actor/lib/test/auto/SingleEvent.xml (RunModel)" time="0.007" />
  <testcase classname="ptolemy.util.test.junit.AutoTests" name="[342] /home/travis/build/icyphy/ptII/ptolemy/actor/lib/test/auto/Sleep.xml (RunModel)" time="6.018" />
  <testcase classname="ptolemy.util.test.junit.AutoTests" name="[343] /home/travis/build/icyphy/ptII/ptolemy/actor/lib/test/auto/SleepMultipleFire.xml (RunModel)" time="1.015" />
  <testcase classname="ptolemy.util.test.junit.AutoTests" name="[344] /home/travis/build/icyphy/ptII/ptolemy/actor/lib/test/auto/StopDE.xml (RunModel)" time="0.012" />
  <testcase classname="ptolemy.util.test.junit.AutoTests" name="[345] /home/travis/build/icyphy/ptII/ptolemy/actor/lib/test/auto/StopSDF.xml (RunModel)" time="0.012" />
  <testcase classname="ptolemy.util.test.junit.AutoTests" name="[346] /home/travis/build/icyphy/ptII/ptolemy/actor/lib/test/auto/StringConstant.xml (RunModel)" time="0.016" />
  <testcase classname="ptolemy.util.test.junit.AutoTests" name="[347] /home/travis/build/icyphy/ptII/ptolemy/actor/lib/test/auto/SubscriberPortInitialValues1.xml (RunModel)" time="0.019" />
  <testcase classname="ptolemy.util.test.junit.AutoTests" name="[348] /home/travis/build/icyphy/ptII/ptolemy/actor/lib/test/auto/SubscriberPortInitialValues13.xml (RunModel)" time="0.029" />
  <testcase classname="ptolemy.util.test.junit.AutoTests" name="[349] /home/travis/build/icyphy/ptII/ptolemy/actor/lib/test/auto/SubscriberPortInitialValues14.xml (RunModel)" time="0.013" />
  <testcase classname="ptolemy.util.test.junit.AutoTests" name="[350] /home/travis/build/icyphy/ptII/ptolemy/actor/lib/test/auto/SubscriberPortInitialValues2.xml (RunModel)" time="0.015" />
  <testcase classname="ptolemy.util.test.junit.AutoTests" name="[351] /home/travis/build/icyphy/ptII/ptolemy/actor/lib/test/auto/SubscriberPortInitialValues3.xml (RunModel)" time="0.017" />
  <testcase classname="ptolemy.util.test.junit.AutoTests" name="[352] /home/travis/build/icyphy/ptII/ptolemy/actor/lib/test/auto/SubscriptionAggregator.xml (RunModel)" time="0.01" />
  <testcase classname="ptolemy.util.test.junit.AutoTests" name="[353] /home/travis/build/icyphy/ptII/ptolemy/actor/lib/test/auto/SubscriptionAggregator2.xml (RunModel)" time="0.01" />
  <testcase classname="ptolemy.util.test.junit.AutoTests" name="[354] /home/travis/build/icyphy/ptII/ptolemy/actor/lib/test/auto/SubscriptionAggregator3.xml (RunModel)" time="0.015" />
  <testcase classname="ptolemy.util.test.junit.AutoTests" name="[355] /home/travis/build/icyphy/ptII/ptolemy/actor/lib/test/auto/SubscriptionAggregatorMultiply.xml (RunModel)" time="0.023" />
  <testcase classname="ptolemy.util.test.junit.AutoTests" name="[356] /home/travis/build/icyphy/ptII/ptolemy/actor/lib/test/auto/SubscriptionAggregatorPortMultiply1.xml (RunModel)" time="0.016" />
  <testcase classname="ptolemy.util.test.junit.AutoTests" name="[357] /home/travis/build/icyphy/ptII/ptolemy/actor/lib/test/auto/Switch.xml (RunModel)" time="0.017" />
  <testcase classname="ptolemy.util.test.junit.AutoTests" name="[358] /home/travis/build/icyphy/ptII/ptolemy/actor/lib/test/auto/Switch2.xml (RunModel)" time="0.009" />
  <testcase classname="ptolemy.util.test.junit.AutoTests" name="[359] /home/travis/build/icyphy/ptII/ptolemy/actor/lib/test/auto/SwitchDE.xml (RunModel)" time="0.013" />
  <testcase classname="ptolemy.util.test.junit.AutoTests" name="[360] /home/travis/build/icyphy/ptII/ptolemy/actor/lib/test/auto/SynchronizerDE.xml (RunModel)" time="0.019" />
  <testcase classname="ptolemy.util.test.junit.AutoTests" name="[361] /home/travis/build/icyphy/ptII/ptolemy/actor/lib/test/auto/Test.xml (RunModel)" time="0.014" />
  <testcase classname="ptolemy.util.test.junit.AutoTests" name="[362] /home/travis/build/icyphy/ptII/ptolemy/actor/lib/test/auto/TestExceptionAttribute1.xml (RunModel)" time="0.01" />
  <testcase classname="ptolemy.util.test.junit.AutoTests" name="[363] /home/travis/build/icyphy/ptII/ptolemy/actor/lib/test/auto/TestExceptionAttribute2.xml (RunModel)" time="0.007" />
  <testcase classname="ptolemy.util.test.junit.AutoTests" name="[364] /home/travis/build/icyphy/ptII/ptolemy/actor/lib/test/auto/TestExceptionAttribute3.xml (RunModel)" time="0.009" />
  <testcase classname="ptolemy.util.test.junit.AutoTests" name="[365] /home/travis/build/icyphy/ptII/ptolemy/actor/lib/test/auto/TestExceptionAttribute4.xml (RunModel)" time="0.007" />
  <testcase classname="ptolemy.util.test.junit.AutoTests" name="[366] /home/travis/build/icyphy/ptII/ptolemy/actor/lib/test/auto/TestExceptionHandler1.xml (RunModel)" time="0.006" />
  <testcase classname="ptolemy.util.test.junit.AutoTests" name="[367] /home/travis/build/icyphy/ptII/ptolemy/actor/lib/test/auto/TestExceptionHandler2.xml (RunModel)" time="0.011" />
  <testcase classname="ptolemy.util.test.junit.AutoTests" name="[368] /home/travis/build/icyphy/ptII/ptolemy/actor/lib/test/auto/TestExceptionHandler3.xml (RunModel)" time="0.004" />
  <testcase classname="ptolemy.util.test.junit.AutoTests" name="[369] /home/travis/build/icyphy/ptII/ptolemy/actor/lib/test/auto/TestExceptionHandler4.xml (RunModel)" time="0.005" />
  <testcase classname="ptolemy.util.test.junit.AutoTests" name="[370] /home/travis/build/icyphy/ptII/ptolemy/actor/lib/test/auto/TestRequireCorrectOrder.xml (RunModel)" time="0.011" />
  <testcase classname="ptolemy.util.test.junit.AutoTests" name="[371] /home/travis/build/icyphy/ptII/ptolemy/actor/lib/test/auto/TestSimple.xml (RunModel)" time="0.005" />
  <testcase classname="ptolemy.util.test.junit.AutoTests" name="[372] /home/travis/build/icyphy/ptII/ptolemy/actor/lib/test/auto/ThrowModelError.xml (RunModel)" time="0.01" />
  <testcase classname="ptolemy.util.test.junit.AutoTests" name="[373] /home/travis/build/icyphy/ptII/ptolemy/actor/lib/test/auto/TimeDelayMicrosteps.xml (RunModel)" time="0.026" />
  <testcase classname="ptolemy.util.test.junit.AutoTests" name="[374] /home/travis/build/icyphy/ptII/ptolemy/actor/lib/test/auto/TimeDelayMicrosteps2.xml (RunModel)" time="0.013" />
  <testcase classname="ptolemy.util.test.junit.AutoTests" name="[375] /home/travis/build/icyphy/ptII/ptolemy/actor/lib/test/auto/TimeDelayMicrosteps3.xml (RunModel)" time="0.011" />
  <testcase classname="ptolemy.util.test.junit.AutoTests" name="[376] /home/travis/build/icyphy/ptII/ptolemy/actor/lib/test/auto/TimeDelayVariableMicrosteps.xml (RunModel)" time="0.011" />
  <testcase classname="ptolemy.util.test.junit.AutoTests" name="[377] /home/travis/build/icyphy/ptII/ptolemy/actor/lib/test/auto/TimeGap.xml (RunModel)" time="0.015" />
  <testcase classname="ptolemy.util.test.junit.AutoTests" name="[378] /home/travis/build/icyphy/ptII/ptolemy/actor/lib/test/auto/TimeGap2.xml (RunModel)" time="0.01" />
  <testcase classname="ptolemy.util.test.junit.AutoTests" name="[379] /home/travis/build/icyphy/ptII/ptolemy/actor/lib/test/auto/TimedSinewave.xml (RunModel)" time="0.049" />
  <testcase classname="ptolemy.util.test.junit.AutoTests" name="[380] /home/travis/build/icyphy/ptII/ptolemy/actor/lib/test/auto/TimedSinewavePhase.xml (RunModel)" time="0.037" />
  <testcase classname="ptolemy.util.test.junit.AutoTests" name="[381] /home/travis/build/icyphy/ptII/ptolemy/actor/lib/test/auto/Timer.xml (RunModel)" time="0.015" />
  <testcase classname="ptolemy.util.test.junit.AutoTests" name="[382] /home/travis/build/icyphy/ptII/ptolemy/actor/lib/test/auto/TriangularDistTestModel.xml (RunModel)" time="0.017" />
  <testcase classname="ptolemy.util.test.junit.AutoTests" name="[383] /home/travis/build/icyphy/ptII/ptolemy/actor/lib/test/auto/TrigFunction.xml (RunModel)" time="0.009" />
  <testcase classname="ptolemy.util.test.junit.AutoTests" name="[384] /home/travis/build/icyphy/ptII/ptolemy/actor/lib/test/auto/TrigFunctionDE.xml (RunModel)" time="0.01" />
  <testcase classname="ptolemy.util.test.junit.AutoTests" name="[385] /home/travis/build/icyphy/ptII/ptolemy/actor/lib/test/auto/TrigFunctionInverse.xml (RunModel)" time="0.008" />
  <testcase classname="ptolemy.util.test.junit.AutoTests" name="[386] /home/travis/build/icyphy/ptII/ptolemy/actor/lib/test/auto/TrigFunctionTan.xml (RunModel)" time="0.006" />
  <testcase classname="ptolemy.util.test.junit.AutoTests" name="[387] /home/travis/build/icyphy/ptII/ptolemy/actor/lib/test/auto/TriggeredClock.xml (RunModel)" time="0.009" />
  <testcase classname="ptolemy.util.test.junit.AutoTests" name="[388] /home/travis/build/icyphy/ptII/ptolemy/actor/lib/test/auto/URLDirectoryReader.xml (RunModel)" time="0.119" />
  <testcase classname="ptolemy.util.test.junit.AutoTests" name="[389] /home/travis/build/icyphy/ptII/ptolemy/actor/lib/test/auto/URLDirectoryReader3.xml (RunModel)" time="1.274" />
  <testcase classname="ptolemy.util.test.junit.AutoTests" name="[390] /home/travis/build/icyphy/ptII/ptolemy/actor/lib/test/auto/UnaryMathFunction.xml (RunModel)" time="0.03" />
  <testcase classname="ptolemy.util.test.junit.AutoTests" name="[391] /home/travis/build/icyphy/ptII/ptolemy/actor/lib/test/auto/Uniform.xml (RunModel)" time="0.013" />
  <testcase classname="ptolemy.util.test.junit.AutoTests" name="[392] /home/travis/build/icyphy/ptII/ptolemy/actor/lib/test/auto/UnionDisassemblerTest.xml (RunModel)" time="0.015" />
  <testcase classname="ptolemy.util.test.junit.AutoTests" name="[393] /home/travis/build/icyphy/ptII/ptolemy/actor/lib/test/auto/UtilityFunctions.xml (RunModel)" time="0.006" />
  <testcase classname="ptolemy.util.test.junit.AutoTests" name="[394] /home/travis/build/icyphy/ptII/ptolemy/actor/lib/test/auto/VariableSleep.xml (RunModel)" time="0.509" />
  <testcase classname="ptolemy.util.test.junit.AutoTests" name="[395] /home/travis/build/icyphy/ptII/ptolemy/actor/lib/test/auto/VectorAssemblerDisassemblerCT.xml (RunModel)" time="0.105" />
  <testcase classname="ptolemy.util.test.junit.AutoTests" name="[396] /home/travis/build/icyphy/ptII/ptolemy/actor/lib/test/auto/VectorAssemblerDisassemblerDE.xml (RunModel)" time="0.019" />
  <testcase classname="ptolemy.util.test.junit.AutoTests" name="[397] /home/travis/build/icyphy/ptII/ptolemy/actor/lib/test/auto/VectorAssemblerDisassemblerSDF.xml (RunModel)" time="0.012" />
  <testcase classname="ptolemy.util.test.junit.AutoTests" name="[398] /home/travis/build/icyphy/ptII/ptolemy/actor/lib/test/auto/WallClockTime.xml (RunModel)" time="1.011" />
  <testcase classname="ptolemy.util.test.junit.AutoTests" name="[399] /home/travis/build/icyphy/ptII/ptolemy/actor/lib/test/auto/WidthTestWithSubscriberPublisher.xml (RunModel)" time="0.034" />
  <testcase classname="ptolemy.util.test.junit.AutoTests" name="[400] /home/travis/build/icyphy/ptII/ptolemy/actor/lib/test/auto/WidthTestWithSubscriberPublisher2.xml (RunModel)" time="0.013" />
  <testcase classname="ptolemy.util.test.junit.AutoTests" name="[401] /home/travis/build/icyphy/ptII/ptolemy/actor/lib/test/auto/WidthTestWithSubscriberPublisher3.xml (RunModel)" time="0.009" />
  <testcase classname="ptolemy.util.test.junit.AutoTests" name="[402] /home/travis/build/icyphy/ptII/ptolemy/actor/lib/test/auto/Writer.xml (RunModel)" time="0.006" />
  <testcase classname="ptolemy.util.test.junit.AutoTests" name="[403] /home/travis/build/icyphy/ptII/ptolemy/actor/lib/test/auto/array.xml (RunModel)" time="0.013" />
  <testcase classname="ptolemy.util.test.junit.AutoTests" name="[404] /home/travis/build/icyphy/ptII/ptolemy/actor/lib/test/auto/array2.xml (RunModel)" time="0.017" />
  <testcase classname="ptolemy.util.test.junit.AutoTests" name="[405] /home/travis/build/icyphy/ptII/ptolemy/actor/lib/test/auto/arrayType.xml (RunModel)" time="0.01" />
  <testcase classname="ptolemy.util.test.junit.AutoTests" name="[406] /home/travis/build/icyphy/ptII/ptolemy/actor/lib/test/auto/arrayType10.xml (RunModel)" time="0.009" />
  <testcase classname="ptolemy.util.test.junit.AutoTests" name="[407] /home/travis/build/icyphy/ptII/ptolemy/actor/lib/test/auto/arrayType11.xml (RunModel)" time="0.009" />
  <testcase classname="ptolemy.util.test.junit.AutoTests" name="[408] /home/travis/build/icyphy/ptII/ptolemy/actor/lib/test/auto/arrayType12.xml (RunModel)" time="0.007" />
  <testcase classname="ptolemy.util.test.junit.AutoTests" name="[409] /home/travis/build/icyphy/ptII/ptolemy/actor/lib/test/auto/arrayType13.xml (RunModel)" time="0.007" />
  <testcase classname="ptolemy.util.test.junit.AutoTests" name="[410] /home/travis/build/icyphy/ptII/ptolemy/actor/lib/test/auto/arrayType14.xml (RunModel)" time="0.007" />
  <testcase classname="ptolemy.util.test.junit.AutoTests" name="[411] /home/travis/build/icyphy/ptII/ptolemy/actor/lib/test/auto/arrayType15.xml (RunModel)" time="0.009" />
  <testcase classname="ptolemy.util.test.junit.AutoTests" name="[412] /home/travis/build/icyphy/ptII/ptolemy/actor/lib/test/auto/arrayType16.xml (RunModel)" time="0.008" />
  <testcase classname="ptolemy.util.test.junit.AutoTests" name="[413] /home/travis/build/icyphy/ptII/ptolemy/actor/lib/test/auto/arrayType17.xml (RunModel)" time="0.008" />
  <testcase classname="ptolemy.util.test.junit.AutoTests" name="[414] /home/travis/build/icyphy/ptII/ptolemy/actor/lib/test/auto/arrayType18.xml (RunModel)" time="0.008" />
  <testcase classname="ptolemy.util.test.junit.AutoTests" name="[415] /home/travis/build/icyphy/ptII/ptolemy/actor/lib/test/auto/arrayType19.xml (RunModel)" time="0.032" />
  <testcase classname="ptolemy.util.test.junit.AutoTests" name="[416] /home/travis/build/icyphy/ptII/ptolemy/actor/lib/test/auto/arrayType2.xml (RunModel)" time="0.008" />
  <testcase classname="ptolemy.util.test.junit.AutoTests" name="[417] /home/travis/build/icyphy/ptII/ptolemy/actor/lib/test/auto/arrayType20.xml (RunModel)" time="0.008" />
  <testcase classname="ptolemy.util.test.junit.AutoTests" name="[418] /home/travis/build/icyphy/ptII/ptolemy/actor/lib/test/auto/arrayType21.xml (RunModel)" time="0.007" />
  <testcase classname="ptolemy.util.test.junit.AutoTests" name="[419] /home/travis/build/icyphy/ptII/ptolemy/actor/lib/test/auto/arrayType22.xml (RunModel)" time="0.033" />
  <testcase classname="ptolemy.util.test.junit.AutoTests" name="[420] /home/travis/build/icyphy/ptII/ptolemy/actor/lib/test/auto/arrayType23.xml (RunModel)" time="0.028" />
  <testcase classname="ptolemy.util.test.junit.AutoTests" name="[421] /home/travis/build/icyphy/ptII/ptolemy/actor/lib/test/auto/arrayType24.xml (RunModel)" time="0.051" />
  <testcase classname="ptolemy.util.test.junit.AutoTests" name="[422] /home/travis/build/icyphy/ptII/ptolemy/actor/lib/test/auto/arrayType25.xml (RunModel)" time="0.033" />
  <testcase classname="ptolemy.util.test.junit.AutoTests" name="[423] /home/travis/build/icyphy/ptII/ptolemy/actor/lib/test/auto/arrayType26.xml (RunModel)" time="0.033" />
  <testcase classname="ptolemy.util.test.junit.AutoTests" name="[424] /home/travis/build/icyphy/ptII/ptolemy/actor/lib/test/auto/arrayType27.xml (RunModel)" time="0.021" />
  <testcase classname="ptolemy.util.test.junit.AutoTests" name="[425] /home/travis/build/icyphy/ptII/ptolemy/actor/lib/test/auto/arrayType28.xml (RunModel)" time="0.008" />
  <testcase classname="ptolemy.util.test.junit.AutoTests" name="[426] /home/travis/build/icyphy/ptII/ptolemy/actor/lib/test/auto/arrayType3.xml (RunModel)" time="0.011" />
  <testcase classname="ptolemy.util.test.junit.AutoTests" name="[427] /home/travis/build/icyphy/ptII/ptolemy/actor/lib/test/auto/arrayType4.xml (RunModel)" time="0.008" />
  <testcase classname="ptolemy.util.test.junit.AutoTests" name="[428] /home/travis/build/icyphy/ptII/ptolemy/actor/lib/test/auto/arrayType5.xml (RunModel)" time="0.008" />
  <testcase classname="ptolemy.util.test.junit.AutoTests" name="[429] /home/travis/build/icyphy/ptII/ptolemy/actor/lib/test/auto/arrayType6.xml (RunModel)" time="0.006" />
  <testcase classname="ptolemy.util.test.junit.AutoTests" name="[430] /home/travis/build/icyphy/ptII/ptolemy/actor/lib/test/auto/arrayType7.xml (RunModel)" time="0.007" />
  <testcase classname="ptolemy.util.test.junit.AutoTests" name="[431] /home/travis/build/icyphy/ptII/ptolemy/actor/lib/test/auto/arrayType8.xml (RunModel)" time="0.017" />
  <testcase classname="ptolemy.util.test.junit.AutoTests" name="[432] /home/travis/build/icyphy/ptII/ptolemy/actor/lib/test/auto/arrayType9.xml (RunModel)" time="0.012" />
  <testcase classname="ptolemy.util.test.junit.AutoTests" name="[433] /home/travis/build/icyphy/ptII/ptolemy/actor/lib/test/auto/cast.xml (RunModel)" time="0.007" />
  <testcase classname="ptolemy.util.test.junit.AutoTests" name="[434] /home/travis/build/icyphy/ptII/ptolemy/actor/lib/test/auto/compositeMultiPort.xml (RunModel)" time="0.016" />
  <testcase classname="ptolemy.util.test.junit.AutoTests" name="[435] /home/travis/build/icyphy/ptII/ptolemy/actor/lib/test/auto/expressionCastInference.xml (RunModel)" time="0.007" />
  <testcase classname="ptolemy.util.test.junit.AutoTests" name="[436] /home/travis/build/icyphy/ptII/ptolemy/actor/lib/test/auto/expressionCastInference2.xml (RunModel)" time="0.008" />
  <testcase classname="ptolemy.util.test.junit.AutoTests" name="[437] /home/travis/build/icyphy/ptII/ptolemy/actor/lib/test/auto/expressionInference.xml (RunModel)" time="0.006" />
  <testcase classname="ptolemy.util.test.junit.AutoTests" name="[438] /home/travis/build/icyphy/ptII/ptolemy/actor/lib/test/auto/expression_bug.xml (RunModel)" time="0.008" />
  <testcase classname="ptolemy.util.test.junit.AutoTests" name="[439] /home/travis/build/icyphy/ptII/ptolemy/actor/lib/test/auto/factorial.xml (RunModel)" time="0.056" />
  <testcase classname="ptolemy.util.test.junit.AutoTests" name="[440] /home/travis/build/icyphy/ptII/ptolemy/actor/lib/test/auto/filterTest1.xml (RunModel)" time="0.014" />
  <testcase classname="ptolemy.util.test.junit.AutoTests" name="[441] /home/travis/build/icyphy/ptII/ptolemy/actor/lib/test/auto/funcApplyInConst.xml (RunModel)" time="0.005" />
  <testcase classname="ptolemy.util.test.junit.AutoTests" name="[442] /home/travis/build/icyphy/ptII/ptolemy/actor/lib/test/auto/funcApplyInExpr.xml (RunModel)" time="0.006" />
  <testcase classname="ptolemy.util.test.junit.AutoTests" name="[443] /home/travis/build/icyphy/ptII/ptolemy/actor/lib/test/auto/function.xml (RunModel)" time="0.009" />
  <testcase classname="ptolemy.util.test.junit.AutoTests" name="[444] /home/travis/build/icyphy/ptII/ptolemy/actor/lib/test/auto/function2.xml (RunModel)" time="0.008" />
  <testcase classname="ptolemy.util.test.junit.AutoTests" name="[445] /home/travis/build/icyphy/ptII/ptolemy/actor/lib/test/auto/function3.xml (RunModel)" time="0.006" />
  <testcase classname="ptolemy.util.test.junit.AutoTests" name="[446] /home/travis/build/icyphy/ptII/ptolemy/actor/lib/test/auto/functionClosureTest1.xml (RunModel)" time="0.008" />
  <testcase classname="ptolemy.util.test.junit.AutoTests" name="[447] /home/travis/build/icyphy/ptII/ptolemy/actor/lib/test/auto/functionClosureTest2.xml (RunModel)" time="0.006" />
  <testcase classname="ptolemy.util.test.junit.AutoTests" name="[448] /home/travis/build/icyphy/ptII/ptolemy/actor/lib/test/auto/functionClosureTest3.xml (RunModel)" time="0.02" />
  <testcase classname="ptolemy.util.test.junit.AutoTests" name="[449] /home/travis/build/icyphy/ptII/ptolemy/actor/lib/test/auto/functionClosureTest4.xml (RunModel)" time="0.014" />
  <testcase classname="ptolemy.util.test.junit.AutoTests" name="[450] /home/travis/build/icyphy/ptII/ptolemy/actor/lib/test/auto/functionClosureTest5.xml (RunModel)" time="0.011" />
  <testcase classname="ptolemy.util.test.junit.AutoTests" name="[451] /home/travis/build/icyphy/ptII/ptolemy/actor/lib/test/auto/functionClosureTest6.xml (RunModel)" time="0.007" />
  <testcase classname="ptolemy.util.test.junit.AutoTests" name="[452] /home/travis/build/icyphy/ptII/ptolemy/actor/lib/test/auto/functionsOnArcs.xml (RunModel)" time="0.008" />
  <testcase classname="ptolemy.util.test.junit.AutoTests" name="[453] /home/travis/build/icyphy/ptII/ptolemy/actor/lib/test/auto/functionsOnArcsHOF.xml (RunModel)" time="0.011" />
  <testcase classname="ptolemy.util.test.junit.AutoTests" name="[454] /home/travis/build/icyphy/ptII/ptolemy/actor/lib/test/auto/logic.xml (RunModel)" time="0.014" />
  <testcase classname="ptolemy.util.test.junit.AutoTests" name="[455] /home/travis/build/icyphy/ptII/ptolemy/actor/lib/test/auto/matrixType.xml (RunModel)" time="0.008" />
  <testcase classname="ptolemy.util.test.junit.AutoTests" name="[456] /home/travis/build/icyphy/ptII/ptolemy/actor/lib/test/auto/matrixType10.xml (RunModel)" time="0.007" />
  <testcase classname="ptolemy.util.test.junit.AutoTests" name="[457] /home/travis/build/icyphy/ptII/ptolemy/actor/lib/test/auto/matrixType11.xml (RunModel)" time="0.007" />
  <testcase classname="ptolemy.util.test.junit.AutoTests" name="[458] /home/travis/build/icyphy/ptII/ptolemy/actor/lib/test/auto/matrixType12.xml (RunModel)" time="0.01" />
  <testcase classname="ptolemy.util.test.junit.AutoTests" name="[459] /home/travis/build/icyphy/ptII/ptolemy/actor/lib/test/auto/matrixType13.xml (RunModel)" time="0.007" />
  <testcase classname="ptolemy.util.test.junit.AutoTests" name="[460] /home/travis/build/icyphy/ptII/ptolemy/actor/lib/test/auto/matrixType14.xml (RunModel)" time="0.009" />
  <testcase classname="ptolemy.util.test.junit.AutoTests" name="[461] /home/travis/build/icyphy/ptII/ptolemy/actor/lib/test/auto/matrixType2.xml (RunModel)" time="0.007" />
  <testcase classname="ptolemy.util.test.junit.AutoTests" name="[462] /home/travis/build/icyphy/ptII/ptolemy/actor/lib/test/auto/matrixType3.xml (RunModel)" time="0.009" />
  <testcase classname="ptolemy.util.test.junit.AutoTests" name="[463] /home/travis/build/icyphy/ptII/ptolemy/actor/lib/test/auto/matrixType4.xml (RunModel)" time="0.007" />
  <testcase classname="ptolemy.util.test.junit.AutoTests" name="[464] /home/travis/build/icyphy/ptII/ptolemy/actor/lib/test/auto/matrixType5.xml (RunModel)" time="0.007" />
  <testcase classname="ptolemy.util.test.junit.AutoTests" name="[465] /home/travis/build/icyphy/ptII/ptolemy/actor/lib/test/auto/matrixType6.xml (RunModel)" time="0.007" />
  <testcase classname="ptolemy.util.test.junit.AutoTests" name="[466] /home/travis/build/icyphy/ptII/ptolemy/actor/lib/test/auto/matrixType7.xml (RunModel)" time="0.008" />
  <testcase classname="ptolemy.util.test.junit.AutoTests" name="[467] /home/travis/build/icyphy/ptII/ptolemy/actor/lib/test/auto/matrixType8.xml (RunModel)" time="0.008" />
  <testcase classname="ptolemy.util.test.junit.AutoTests" name="[468] /home/travis/build/icyphy/ptII/ptolemy/actor/lib/test/auto/matrixType9.xml (RunModel)" time="0.007" />
  <testcase classname="ptolemy.util.test.junit.AutoTests" name="[469] /home/travis/build/icyphy/ptII/ptolemy/actor/lib/test/auto/paraFunctest.xml (RunModel)" time="0.006" />
  <testcase classname="ptolemy.util.test.junit.AutoTests" name="[470] /home/travis/build/icyphy/ptII/ptolemy/actor/lib/test/auto/paraFunctest2.xml (RunModel)" time="0.011" />
  <testcase classname="ptolemy.util.test.junit.AutoTests" name="[471] /home/travis/build/icyphy/ptII/ptolemy/actor/lib/test/auto/parameterPassing.xml (RunModel)" time="0.007" />
  <testcase classname="ptolemy.util.test.junit.AutoTests" name="[472] /home/travis/build/icyphy/ptII/ptolemy/actor/lib/test/auto/record.xml (RunModel)" time="0.008" />
  <testcase classname="ptolemy.util.test.junit.AutoTests" name="[473] /home/travis/build/icyphy/ptII/ptolemy/actor/lib/test/auto/sizedarray1.xml (RunModel)" time="0.008" />
  <testcase classname="ptolemy.util.test.junit.AutoTests" name="[474] /home/travis/build/icyphy/ptII/ptolemy/actor/lib/test/auto/sizedarray2.xml (RunModel)" time="0.009" />
  <testcase classname="ptolemy.util.test.junit.AutoTests" name="[475] /home/travis/build/icyphy/ptII/ptolemy/actor/lib/test/auto/twoPublishers.xml (RunModel)" time="0.023" />
  <system-out><![CDATA[/home/travis/build/icyphy/ptII/ptolemy/actor/lib/test/AbsoluteValue.tcl
testDefs.tcl: setting time out to 9000 seconds at Sat Dec 21 06:23:46 UTC 2019
92 ms. Memory: 129024K Free: 94152K (73%)
5 ms. Memory: 129024K Free: 92607K (72%)
5 ms. Memory: 129024K Free: 91575K (71%)
8 ms. Memory: 129024K Free: 91080K (71%)
/home/travis/build/icyphy/ptII/ptolemy/actor/lib/test/AddSubtract.tcl
21 ms. Memory: 129024K Free: 89032K (69%)
17 ms. Memory: 129024K Free: 88511K (69%)
13 ms. Memory: 129024K Free: 87494K (68%)
17 ms. Memory: 129024K Free: 86470K (67%)
68 ms. Memory: 129024K Free: 83912K (65%)
11 ms. Memory: 129024K Free: 82888K (64%)
/home/travis/build/icyphy/ptII/ptolemy/actor/lib/test/Average.tcl
14 ms. Memory: 129024K Free: 81350K (63%)
19 ms. Memory: 129024K Free: 80311K (62%)
/home/travis/build/icyphy/ptII/ptolemy/actor/lib/test/Bernoulli.tcl
18 ms. Memory: 129024K Free: 78792K (61%)
2 ms. Memory: 129024K Free: 78278K (61%)
/home/travis/build/icyphy/ptII/ptolemy/actor/lib/test/Clock.tcl
preinitializing
resolving types
initializing
executing number 1
wrapping up
idle
44 ms. Memory: 129024K Free: 75720K (59%)
Completed execution with 5 iterations
preinitializing
resolving types
initializing
executing number 1
wrapping up
idle
10 ms. Memory: 129024K Free: 74696K (58%)
Completed execution with 5 iterations
preinitializing
resolving types
initializing
executing number 1
wrapping up
idle
7 ms. Memory: 129024K Free: 74175K (57%)
Completed execution with 5 iterations
/home/travis/build/icyphy/ptII/ptolemy/actor/lib/test/Commutator.tcl
12 ms. Memory: 129024K Free: 72119K (56%)
8 ms. Memory: 129024K Free: 71110K (55%)
11 ms. Memory: 129024K Free: 65480K (51%)
/home/travis/build/icyphy/ptII/ptolemy/actor/lib/test/Const.tcl
10 ms. Memory: 129024K Free: 63911K (50%)
2 ms. Memory: 129024K Free: 63432K (49%)
8 ms. Memory: 129024K Free: 62918K (49%)
6 ms. Memory: 129024K Free: 62408K (48%)
4 ms. Memory: 129024K Free: 61384K (48%)
16 ms. Memory: 129024K Free: 59846K (46%)
5 ms. Memory: 129024K Free: 58822K (46%)
3 ms. Memory: 129024K Free: 58312K (45%)
/home/travis/build/icyphy/ptII/ptolemy/actor/lib/test/CurrentTime.tcl
preinitializing
resolving types
initializing
executing number 1
wrapping up
idle
7 ms. Memory: 129024K Free: 56264K (44%)
Completed execution with 11 iterations
/home/travis/build/icyphy/ptII/ptolemy/actor/lib/test/DB.tcl
5 ms. Memory: 129024K Free: 54216K (42%)
8 ms. Memory: 129024K Free: 53687K (42%)
3 ms. Memory: 129024K Free: 53687K (42%)
/home/travis/build/icyphy/ptII/ptolemy/actor/lib/test/DiscreteRandomSource.tcl
preinitializing
resolving types
initializing
executing number 1
wrapping up
idle
6 ms. Memory: 129024K Free: 52168K (40%)
Completed execution with 4 iterations
preinitializing
resolving types
initializing
executing number 1
wrapping up
idle
7 ms. Memory: 129024K Free: 51639K (40%)
Completed execution with 4 iterations
preinitializing
resolving types
initializing
executing number 1
wrapping up
idle
5 ms. Memory: 129024K Free: 51144K (40%)
Completed execution with 4 iterations
preinitializing
resolving types
initializing
executing number 1
wrapping up
idle
10 ms. Memory: 129024K Free: 50599K (39%)
Completed execution with 4 iterations
preinitializing
resolving types
initializing
executing number 1
wrapping up
idle
7 ms. Memory: 129024K Free: 50120K (39%)
Completed execution with 4 iterations
/home/travis/build/icyphy/ptII/ptolemy/actor/lib/test/Distributor.tcl
28 ms. Memory: 129024K Free: 115023K (89%)
13 ms. Memory: 129024K Free: 113977K (88%)
StreamChangeRequest.changeExecuted(): <deleteEntity name="rec2"/> succeeded
StreamChangeRequest.changeExecuted(): <deleteRelation name="r2"/> succeeded
StreamChangeRequest.changeExecuted(): Record firings per iteration succeeded
13 ms. Memory: 129024K Free: 111929K (87%)
/home/travis/build/icyphy/ptII/ptolemy/actor/lib/test/Exit.tcl
Exit.tcl: this will print a message about Manager.exitAfterWrapup, which can be ignored.
13 ms. Memory: 129024K Free: 108840K (84%)
/home/travis/build/icyphy/ptII/ptolemy/actor/lib/test/Expression.tcl
13 ms. Memory: 129024K Free: 105329K (82%)
3 ms. Memory: 129024K Free: 104753K (81%)
2 ms. Memory: 129024K Free: 104226K (81%)
preinitializing
resolving types
initializing
executing number 1
wrapping up
idle
6 ms. Memory: 129024K Free: 102705K (80%)
Completed execution with 6 iterations
3 ms. Memory: 129024K Free: 101689K (79%)
3 ms. Memory: 129024K Free: 101154K (78%)
8 ms. Memory: 129024K Free: 99649K (77%)
7 ms. Memory: 129024K Free: 98609K (76%)
6 ms. Memory: 129024K Free: 97089K (75%)
/home/travis/build/icyphy/ptII/ptolemy/actor/lib/test/Gaussian.tcl
5 ms. Memory: 129024K Free: 95553K (74%)
sleeping 1 seconds: ............................................................................................................................................................................................................................................................................................................................................................................................................................................................................................................................................................................................................................................................................................................................................................................................................................................................................................................................................................................................................................................................................................................................................................................................................................................................................................................................................................................................................................................................................................................................................................................................................................................................................................................................................................................................................................................................................................................................................................................................................................................................................................................................................................................................................................................................................................................................................................................................................................................................................................................................................................................................................................................................................................................................................................................................................................................................................................................................................................................................................................................................................................................................................................................................................................................................................................................................................................................................................................................................................................................................................................................................................................................................................................................................................................................................................................................................................................................................................................................................................................................................................................................................................................................................................................................................................................................................................................................................................................................................................................................................................................................................................................................................................................................................................................................................................................................................................................................................................................................................................................................................................................................................................................................................................................................................................................................................................................................................................................................................................................................................................................................................................................................................................................................................................................................................................................................................................................................................................................................................................................................................................................................................................................................................................................................................................................................................................................................................................................................................................................................................................................................................................................................................................................................................................................................................................................................................................................................................................................................................................................................................................................................................................................................................................................................................................................................................................................................................................................................................................................................................................................................................................................................................................................................................................................................................................................................................................................................................................................................................................................................................................................................................................................................................................................................................................................................................................................................................................................................................................................................................................................................................................................................................................................................................................................................................................................................................................................................................................................................................................................................................................................................................................................................................................................................................................................................................................................................................................................................................................................................................................................................................................................................................................................................................................................................................................................................................................................................................................................................................................................................................................................................................................................................................................................................................................................................................................................................................................................................................................................................................................................................................................................................................................................................................................................................................................................................................................................................................................................................................................................................................................................................................................................................................................................................................................................................................................................................................................................................................................................................................................................................................................................................................................................................................................................................................................................................................................................................................................................................................................................................................................................................................................................................................................................................................................................................................................................................................................................................................................................................................................................................................................................................................................................................................................................................................................................................................................................................................................................................................................................................................................................................................................................................................................................................................................................................................................................................................................................................................................................................................................................................................................................................................................................................................................................................................................................................................................................................................................................................................................................................................................................................................................................................................................................................................................................................................................................................................................................................................................................................................................................................................................................................................................................................................................................................................................................................................................................................................................................................................................................................................................................................................................................................................................................................................................................................................................................................................................................................................................................................................................................................................................................................................................................................................................................................................................................................................................................................................................................................................................................................................................................................................................................................................................................................................................................................................................................................................................................................................................................................................................................................................................................................................................................................................................................................................................................................................................................................................................................................................................................................................................................................................................................................................................................................................................................................................................................................................................................................................................................................................................................................................................................................................................................................................................................................................................................................................................................................................................................................................................................................................................................................................................................................................................................................................................................................................................................................................................................................................................................................................................................................................................................................................................................................................................................................................................................................................................................................................................................................................................................................................................................................................................................................................................................................................................................................................................................................................................................................................................................................................................................................................................................................................................................................................................................................................................................................................................................................................................................................................................................................................................................................................................................................................................................................................................................................................................................................................................................................................................................................................................................................................................................................................................................................................................................................................................................................................................................................................................................................................................................................................................................................................................................................................................................................................................................................................................................................................................................................................................................................................................................................................................................................................................................................................................................................................................................................................................................................................................................................................................................................................................................................................................................................................................................................................................................................................................................................................................................................................................................................................................................................................................................................................................................................................................................................................................................................................................................................................................................................................................................................................................................................................................................................................................................................................................................................................................................................................................................................................................................................................................................................................................................................................................................................................................................................................................................................................................................................................................................................................................................................................................................................................................................................................................................................................................................................................................................................................................................................................................................................................................................................................................................................................................................................................................................................................................................................................................................................................................................................................................................................................................................................................................................................................................................................................................................................................................................................................................................................................................................................................................................................................................................................................................................................................................................................................................................................................................................................................................................................................................................................................................................................................................................................................................................................................................................................................................................................................................................................................................................................................................................................................................................................................................................................................................................................................................................................................................................................3 ms. Memory: 129024K Free: 93195K (72%)
3 ms. Memory: 129024K Free: 92685K (72%)
3 ms. Memory: 129024K Free: 92141K (71%)
2 ms. Memory: 129024K Free: 91133K (71%)
3 ms. Memory: 129024K Free: 90637K (70%)
/home/travis/build/icyphy/ptII/ptolemy/actor/lib/test/IIR.tcl
/home/travis/build/icyphy/ptII/ptolemy/actor/lib/test/Interpolator.tcl
4 ms. Memory: 129024K Free: 87037K (67%)
3 ms. Memory: 129024K Free: 86541K (67%)
2 ms. Memory: 129024K Free: 86027K (67%)
2 ms. Memory: 129024K Free: 85515K (66%)
2 ms. Memory: 129024K Free: 84493K (65%)
8 ms. Memory: 129024K Free: 83469K (65%)
4 ms. Memory: 129024K Free: 82955K (64%)
2 ms. Memory: 129024K Free: 81917K (63%)
6 ms. Memory: 129024K Free: 80901K (63%)
2 ms. Memory: 129024K Free: 79869K (62%)
/home/travis/build/icyphy/ptII/ptolemy/actor/lib/test/MathFunction.tcl
5 ms. Memory: 129024K Free: 77835K (60%)
2 ms. Memory: 129024K Free: 76797K (60%)
2 ms. Memory: 129024K Free: 75773K (59%)
4 ms. Memory: 129024K Free: 74763K (58%)
3 ms. Memory: 129024K Free: 73725K (57%)
6 ms. Memory: 129024K Free: 71691K (56%)
/home/travis/build/icyphy/ptII/ptolemy/actor/lib/test/Maximum.tcl
4 ms. Memory: 129024K Free: 69629K (54%)
3 ms. Memory: 129024K Free: 69133K (54%)
5 ms. Memory: 129024K Free: 68619K (53%)
3 ms. Memory: 129024K Free: 67565K (52%)
/home/travis/build/icyphy/ptII/ptolemy/actor/lib/test/Minimum.tcl
6 ms. Memory: 129024K Free: 66061K (51%)
3 ms. Memory: 129024K Free: 65533K (51%)
3 ms. Memory: 129024K Free: 64509K (50%)
2 ms. Memory: 129024K Free: 64013K (50%)
/home/travis/build/icyphy/ptII/ptolemy/actor/lib/test/MultiplyDivide.tcl
9 ms. Memory: 129024K Free: 61965K (48%)
7 ms. Memory: 129024K Free: 61451K (48%)
3 ms. Memory: 129024K Free: 60941K (47%)
3 ms. Memory: 129024K Free: 59917K (46%)
4 ms. Memory: 129024K Free: 59389K (46%)
/home/travis/build/icyphy/ptII/ptolemy/actor/lib/test/OrderedMerge.tcl
Connections changed on port: inputA
Connections changed on port: inputB
Connections changed on port: output
Connections changed on port: output
Connections changed on port: output
Connections changed on port: input
.top. Preinitializing ...
Invoking preinitialize():  .top.OrderedMerge
Called preinitialize()
Invoking preinitialize():  .top.Ramp
Called preinitialize()
Invoking preinitialize():  .top.Ramp2
Called preinitialize()
Invoking preinitialize():  .top.Test
Called preinitialize()
Connections changed on port: inputA
Connections changed on port: output
Connections changed on port: output
Connections changed on port: input
Connections changed on port: inputB
Connections changed on port: output
.top. Finished preinitialize().
Called initialize().
Invoking initialize():  .top.OrderedMerge
Initializing actor: .top.OrderedMerge
Adding a thread: .top.OrderedMerge
Invoking initialize():  .top.Ramp
Initializing actor: .top.Ramp
Adding a thread: .top.Ramp
Invoking initialize():  .top.Ramp2
Initializing actor: .top.Ramp2
Adding a thread: .top.Ramp2
Invoking initialize():  .top.Test
Initializing actor: .top.Test
Adding a thread: .top.Test
Called fire().
Checking for deadlock:
-- Starting thread.
-- Starting thread.
Called initialize()
-- Starting thread.
Called initialize()
Called prefire()
Called fire()
Called initialize()
Called prefire()
Called fire()
Called prefire()
-- Starting thread.
Called initialize()
Called fire()
Called prefire()
There are 0 Blocked actors, 0 Stopped actors, and 4 active threads.
Waiting for actors to stop.
Called fire()
Called postfire()
Called postfire()
Called prefire()
Called prefire()
Called fire()
Called fire()
Checking for deadlock:
There are 1 Blocked actors, 0 Stopped actors, and 4 active threads.
Waiting for actors to stop.
Called postfire()
Called prefire()
Called fire()
Checking for deadlock:
There are 3 Blocked actors, 0 Stopped actors, and 4 active threads.
Waiting for actors to stop.
Read input token from inputA with value 0.0
Next port to read input from is inputB
Called postfire()
Called prefire()
Called fire()
Read input token from inputB with value 0.0
Sent output token with value 0.0
Next port to read input from is inputA
Called postfire()
Called prefire()
Called fire()
Read input token from inputA with value 1.0
Checking for deadlock:
There are 1 Blocked actors, 0 Stopped actors, and 4 active threads.
Waiting for actors to stop.
Called postfire()
Called postfire()
Checking for deadlock:
Called prefire()
There are 0 Blocked actors, 0 Stopped actors, and 4 active threads.
Waiting for actors to stop.
Called prefire()
Called fire()
Called fire()
-- Read input: 0.0, which is expected to match: 0.0
Called prefire()
Called fire()
Checking for deadlock:
There are 3 Blocked actors, 0 Stopped actors, and 4 active threads.
Waiting for actors to stop.
Sent output token with value 0.0
Next port to read input from is inputB
Called postfire()
Called prefire()
Called fire()
Read input token from inputB with value 1.5
Checking for deadlock:
-- Read input: 0.0, which is expected to match: 0.0
There are 1 Blocked actors, 0 Stopped actors, and 4 active threads.
Waiting for actors to stop.
Called postfire()
Called prefire()
Called fire()
Called prefire()
Called fire()
Checking for deadlock:
Sent output token with value 1.0
There are 2 Blocked actors, 0 Stopped actors, and 4 active threads.
Waiting for actors to stop.
-- Read input: 1.0, which is expected to match: 1.0
Next port to read input from is inputA
Called postfire()
Called prefire()
Called prefire()
Called fire()
Called fire()
Checking for deadlock:
There are 3 Blocked actors, 0 Stopped actors, and 4 active threads.
Waiting for actors to stop.
Called postfire()
Called prefire()
Called fire()
Read input token from inputA with value 2.0
Checking for deadlock:
There are 3 Blocked actors, 0 Stopped actors, and 4 active threads.
Waiting for actors to stop.
Checking for deadlock:
There are 2 Blocked actors, 0 Stopped actors, and 4 active threads.
Waiting for actors to stop.
-- Read input: 1.5, which is expected to match: 1.5
Called prefire()
Called fire()
Checking for deadlock:
There are 3 Blocked actors, 0 Stopped actors, and 4 active threads.
Waiting for actors to stop.
Sent output token with value 1.5
Next port to read input from is inputB
Called postfire()
Called prefire()
Called fire()
Read input token from inputB with value 3.0
Sent output token with value 2.0
Next port to read input from is inputA
Called postfire()
Called prefire()
Called fire()
Called postfire()
Read input token from inputA with value 3.0
Called prefire()
Called fire()
Sent output token with value 3.0
Checking for deadlock:
There are 1 Blocked actors, 0 Stopped actors, and 4 active threads.
Next port to read input from is inputB
Waiting for actors to stop.
Called postfire()
Called prefire()
Called fire()
Checking for deadlock:
Called postfire()
There are 2 Blocked actors, 0 Stopped actors, and 4 active threads.
-- Read input: 2.0, which is expected to match: 2.0
Waiting for actors to stop.
Called prefire()
Called fire()
-- Read input: 3.0, which is expected to match: 3.0
Called prefire()
Called fire()
Checking for deadlock:
There are 3 Blocked actors, 0 Stopped actors, and 4 active threads.
Called prefire()
Waiting for actors to stop.
Called fire()
Read input token from inputB with value 4.5
Sent output token with value 3.0
Next port to read input from is inputA
Called postfire()
Called prefire()
Called fire()
Read input token from inputA with value 4.0
Called postfire()
Checking for deadlock:
There are 0 Blocked actors, 0 Stopped actors, and 4 active threads.
Waiting for actors to stop.
-- Read input: 3.0, which is expected to match: 3.0
Called postfire()
Called prefire()
Called fire()
Called prefire()
Called fire()
Called prefire()
Called fire()
Checking for deadlock:
There are 3 Blocked actors, 0 Stopped actors, and 4 active threads.
Waiting for actors to stop.
Checking for deadlock:
There are 2 Blocked actors, 0 Stopped actors, and 4 active threads.
Waiting for actors to stop.
-- Read input: 4.0, which is expected to match: 4.0
Called prefire()
Called fire()
Past the end of training data. Read and discard all inputs.
Checking for deadlock:
There are 3 Blocked actors, 0 Stopped actors, and 4 active threads.
Waiting for actors to stop.
Sent output token with value 4.0
Next port to read input from is inputA
Called postfire()
Called prefire()
Called fire()
Called postfire()
Called prefire()
Read input token from inputA with value 5.0
Called fire()
Checking for deadlock:
Sent output token with value 4.5
There are 2 Blocked actors, 0 Stopped actors, and 4 active threads.
Waiting for actors to stop.
Called prefire()
Called fire()
Past the end of training data. Read and discard all inputs.
Checking for deadlock:
Next port to read input from is inputB
Called postfire()
There are 3 Blocked actors, 0 Stopped actors, and 4 active threads.
Waiting for actors to stop.
Called prefire()
Called fire()
Checking for deadlock:
There are 2 Blocked actors, 0 Stopped actors, and 4 active threads.
Waiting for actors to stop.
Called postfire()
Called prefire()
Called fire()
Checking for deadlock:
Read input token from inputB with value 6.0
There are 3 Blocked actors, 0 Stopped actors, and 4 active threads.
Waiting for actors to stop.
Checking for deadlock:
Called prefire()
Called fire()
There are 2 Blocked actors, 0 Stopped actors, and 4 active threads.
Past the end of training data. Read and discard all inputs.
Waiting for actors to stop.
Checking for deadlock:
There are 3 Blocked actors, 0 Stopped actors, and 4 active threads.
Waiting for actors to stop.
Sent output token with value 5.0
Next port to read input from is inputA
Called postfire()
Called prefire()
Called fire()
Checking for deadlock:
There are 2 Blocked actors, 0 Stopped actors, and 4 active threads.
Waiting for actors to stop.
Called postfire()
Called prefire()
Called fire()
Read input token from inputA with value 6.0
Checking for deadlock:
There are 3 Blocked actors, 0 Stopped actors, and 4 active threads.
Waiting for actors to stop.
Checking for deadlock:
Called prefire()
There are 2 Blocked actors, 0 Stopped actors, and 4 active threads.
Waiting for actors to stop.
Called fire()
Past the end of training data. Read and discard all inputs.
Checking for deadlock:
There are 3 Blocked actors, 0 Stopped actors, and 4 active threads.
Sent output token with value 6.0
Waiting for actors to stop.
Next port to read input from is inputB
Called postfire()
Called prefire()
Called fire()
Checking for deadlock:
Read input token from inputB with value 7.5
There are 2 Blocked actors, 0 Stopped actors, and 4 active threads.
Waiting for actors to stop.
Called postfire()
Called prefire()
Called fire()
Checking for deadlock:
There are 3 Blocked actors, 0 Stopped actors, and 4 active threads.
Waiting for actors to stop.
Checking for deadlock:
Sent output token with value 6.0
There are 2 Blocked actors, 0 Stopped actors, and 4 active threads.
Waiting for actors to stop.
Next port to read input from is inputA
Called prefire()
Called fire()
Past the end of training data. Read and discard all inputs.
Checking for deadlock:
There are 3 Blocked actors, 0 Stopped actors, and 4 active threads.
Waiting for actors to stop.
Called postfire()
Called prefire()
Called fire()
Called postfire()
Read input token from inputA with value 7.0
Checking for deadlock:
There are 2 Blocked actors, 0 Stopped actors, and 4 active threads.
Waiting for actors to stop.
Called prefire()
Called fire()
Checking for deadlock:
Sent output token with value 7.0
There are 2 Blocked actors, 0 Stopped actors, and 4 active threads.
Waiting for actors to stop.
Next port to read input from is inputA
Called prefire()
Called fire()
Past the end of training data. Read and discard all inputs.
Called postfire()
Checking for deadlock:
Called prefire()
Called fire()
There are 3 Blocked actors, 0 Stopped actors, and 4 active threads.
Waiting for actors to stop.
Checking for deadlock:
There are 2 Blocked actors, 0 Stopped actors, and 4 active threads.
Waiting for actors to stop.
Read input token from inputA with value 8.0
-- Thread wrapup() called.
Called prefire()
Called fire()
Checking for deadlock:
There are 1 Blocked actors, 0 Stopped actors, and 4 active threads.
Waiting for actors to stop.
Called wrapup()
Sent output token with value 7.5
Past the end of training data. Read and discard all inputs.
Next port to read input from is inputB
Called postfire()
Called prefire()
Called fire()
Thread .top.Ramp is exiting.
-- Thread stopped.
Checking for deadlock:
There are 1 Blocked actors, 0 Stopped actors, and 3 active threads.
Waiting for actors to stop.
Checking for deadlock:
There are 1 Blocked actors, 0 Stopped actors, and 3 active threads.
Waiting for actors to stop.
Called postfire()
Called prefire()
Called fire()
Checking for deadlock:
There are 2 Blocked actors, 0 Stopped actors, and 3 active threads.
Waiting for actors to stop.
Read input token from inputB with value 9.0
Checking for deadlock:
There are 1 Blocked actors, 0 Stopped actors, and 3 active threads.
Waiting for actors to stop.
Called prefire()
Called fire()
Past the end of training data. Read and discard all inputs.
Checking for deadlock:
There are 2 Blocked actors, 0 Stopped actors, and 3 active threads.
Waiting for actors to stop.
Sent output token with value 8.0
Next port to read input from is inputA
Called postfire()
Called prefire()
Called fire()
Read input token from inputA with value 9.0
Checking for deadlock:
There are 1 Blocked actors, 0 Stopped actors, and 3 active threads.
Waiting for actors to stop.
Called prefire()
Called fire()
Past the end of training data. Read and discard all inputs.
Checking for deadlock:
There are 2 Blocked actors, 0 Stopped actors, and 3 active threads.
Waiting for actors to stop.
Sent output token with value 9.0
Next port to read input from is inputB
Called postfire()
Called prefire()
Called fire()
Called postfire()
Called prefire()
Called fire()
Checking for deadlock:
There are 2 Blocked actors, 0 Stopped actors, and 3 active threads.
Waiting for actors to stop.
Read input token from inputB with value 10.5
Checking for deadlock:
There are 1 Blocked actors, 0 Stopped actors, and 3 active threads.
Waiting for actors to stop.
Called prefire()
Called fire()
Past the end of training data. Read and discard all inputs.
Checking for deadlock:
There are 2 Blocked actors, 0 Stopped actors, and 3 active threads.
Waiting for actors to stop.
Sent output token with value 9.0
Next port to read input from is inputA
Called postfire()
Called prefire()
Called fire()
Checking for deadlock:
There are 3 Blocked actors, 0 Stopped actors, and 3 active threads.
Actors have stopped.
Checking for deadlock:
There are 3 Blocked actors, 0 Stopped actors, and 3 active threads.
Deadlock detected.
Resolving Deadlock
Checking for deadlock:
There are 3 Blocked actors, 0 Stopped actors, and 3 active threads.
Artificial Deadlock - increasing queue capacity.
increasing the capacity of receiver ptolemy.actor.TypedIOPort {.top.OrderedMerge.inputB} to 2
-- Thread wrapup() called.
Called wrapup()
Thread .top.Ramp2 is exiting.
-- Thread stopped.
Director: Called postfire().
Called postfire().
_stopRequested = false
_stopFireRequested = false
Returning from postfire(): true
Called fire().
Checking for deadlock:
There are 2 Blocked actors, 0 Stopped actors, and 2 active threads.
Actors have stopped.
Checking for deadlock:
There are 2 Blocked actors, 0 Stopped actors, and 2 active threads.
Deadlock detected.
Resolving Deadlock
Checking for deadlock:
There are 2 Blocked actors, 0 Stopped actors, and 2 active threads.
Deadlock detected: no processes blocked on write, but some are blocked on read.
Called postfire().
_stopRequested = false
_stopFireRequested = false
Returning from postfire(): false
Finished deactivating branches.
Called wrapup().
-- Thread wrapup() called.
Called wrapup()
Thread .top.Test is exiting.
-- Thread stopped.
-- Blocked Receiver call threw TerminateProcessException.
-- Thread wrapup() called.
Called wrapup()
Thread .top.OrderedMerge is exiting.
-- Thread stopped.
-- Blocked Receiver call threw TerminateProcessException.
70 ms. Memory: 129024K Free: 111900K (87%)
.top. Preinitializing ...
Invoking preinitialize():  .top.OrderedMerge
Called preinitialize()
Invoking preinitialize():  .top.Ramp
Called preinitialize()
Invoking preinitialize():  .top.Ramp2
Called preinitialize()
Invoking preinitialize():  .top.Test
Called preinitialize()
.top. Finished preinitialize().
Called initialize().
Invoking initialize():  .top.OrderedMerge
Initializing actor: .top.OrderedMerge
Adding a thread: .top.OrderedMerge
Invoking initialize():  .top.Ramp
Initializing actor: .top.Ramp
Adding a thread: .top.Ramp
Invoking initialize():  .top.Ramp2
Initializing actor: .top.Ramp2
Adding a thread: .top.Ramp2
Invoking initialize():  .top.Test
Initializing actor: .top.Test
Adding a thread: .top.Test
-- Starting thread.
Called initialize()
Called prefire()
Called fire()
Called postfire()
Called prefire()
Called fire()
-- Starting thread.
Called initialize()
Called prefire()
Called fire()
Called postfire()
Called prefire()
Called fire()
Called fire().
Checking for deadlock:
There are 2 Blocked actors, 0 Stopped actors, and 4 active threads.
Waiting for actors to stop.
-- Starting thread.
Called initialize()
Called prefire()
Called fire()
Checking for deadlock:
There are 3 Blocked actors, 0 Stopped actors, and 4 active threads.
Waiting for actors to stop.
-- Starting thread.
Called initialize()
Called prefire()
Called fire()
Called postfire()
Called prefire()
Called fire()
Checking for deadlock:
There are 3 Blocked actors, 0 Stopped actors, and 4 active threads.
Waiting for actors to stop.
Read input token from inputA with value 0.0
Next port to read input from is inputB
Called postfire()
Called prefire()
Called fire()
Checking for deadlock:
There are 2 Blocked actors, 0 Stopped actors, and 4 active threads.
Waiting for actors to stop.
Called postfire()
Called prefire()
Called fire()
Checking for deadlock:
There are 3 Blocked actors, 0 Stopped actors, and 4 active threads.
Waiting for actors to stop.
Read input token from inputB with value 0.0
-- Read input: 0.0, which is expected to match: 0.0
Called prefire()
Called fire()
Checking for deadlock:
There are 3 Blocked actors, 0 Stopped actors, and 4 active threads.
Waiting for actors to stop.
Sent output token with value 0.0
Next port to read input from is inputA
Called postfire()
Called prefire()
Called fire()
Called postfire()
Called prefire()
Called fire()
Checking for deadlock:
There are 3 Blocked actors, 0 Stopped actors, and 4 active threads.
Waiting for actors to stop.
Read input token from inputA with value 1.0
-- Read input: 0.0, which is expected to match: 0.0
Called prefire()
Called fire()
Checking for deadlock:
There are 3 Blocked actors, 0 Stopped actors, and 4 active threads.
Waiting for actors to stop.
Sent output token with value 0.0
Next port to read input from is inputB
Called postfire()
Called prefire()
Called fire()
Checking for deadlock:
There are 2 Blocked actors, 0 Stopped actors, and 4 active threads.
Waiting for actors to stop.
Called postfire()
Called prefire()
Called fire()
Checking for deadlock:
There are 3 Blocked actors, 0 Stopped actors, and 4 active threads.
Waiting for actors to stop.
Read input token from inputB with value 1.5
Checking for deadlock:
There are 2 Blocked actors, 0 Stopped actors, and 4 active threads.
Waiting for actors to stop.
-- Read input: 1.0, which is expected to match: 1.0
Called prefire()
Called fire()
Checking for deadlock:
There are 3 Blocked actors, 0 Stopped actors, and 4 active threads.
Waiting for actors to stop.
Sent output token with value 1.0
Next port to read input from is inputA
Called postfire()
Called prefire()
Called fire()
Called postfire()
Called prefire()
Called fire()
Checking for deadlock:
There are 3 Blocked actors, 0 Stopped actors, and 4 active threads.
Waiting for actors to stop.
Read input token from inputA with value 2.0
-- Read input: 1.5, which is expected to match: 1.5
Called prefire()
Called fire()
Checking for deadlock:
There are 3 Blocked actors, 0 Stopped actors, and 4 active threads.
Waiting for actors to stop.
Sent output token with value 1.5
Next port to read input from is inputB
Called postfire()
Called prefire()
Called fire()
Checking for deadlock:
There are 2 Blocked actors, 0 Stopped actors, and 4 active threads.
Waiting for actors to stop.
Called postfire()
Called prefire()
Called fire()
Checking for deadlock:
There are 3 Blocked actors, 0 Stopped actors, and 4 active threads.
Waiting for actors to stop.
Read input token from inputB with value 3.0
Checking for deadlock:
There are 2 Blocked actors, 0 Stopped actors, and 4 active threads.
Waiting for actors to stop.
-- Read input: 2.0, which is expected to match: 2.0
Called prefire()
Called fire()
Checking for deadlock:
There are 3 Blocked actors, 0 Stopped actors, and 4 active threads.
Waiting for actors to stop.
Sent output token with value 2.0
Next port to read input from is inputA
Called postfire()
Called prefire()
Called fire()
Called postfire()
Called prefire()
Called fire()
Checking for deadlock:
There are 3 Blocked actors, 0 Stopped actors, and 4 active threads.
Waiting for actors to stop.
Read input token from inputA with value 3.0
-- Read input: 3.0, which is expected to match: 3.0
Called prefire()
Called fire()
Checking for deadlock:
There are 3 Blocked actors, 0 Stopped actors, and 4 active threads.
Waiting for actors to stop.
Sent output token with value 3.0
Next port to read input from is inputB
Called postfire()
Called prefire()
Called fire()
Called postfire()
Called prefire()
Called fire()
Checking for deadlock:
There are 3 Blocked actors, 0 Stopped actors, and 4 active threads.
Waiting for actors to stop.
Read input token from inputB with value 4.5
-- Read input: 3.0, which is expected to match: 3.0
Called prefire()
Called fire()
Checking for deadlock:
There are 3 Blocked actors, 0 Stopped actors, and 4 active threads.
Waiting for actors to stop.
Sent output token with value 3.0
Next port to read input from is inputA
Called postfire()
Called prefire()
Called fire()
Called postfire()
Called prefire()
Called fire()
Checking for deadlock:
There are 3 Blocked actors, 0 Stopped actors, and 4 active threads.
Waiting for actors to stop.
Read input token from inputA with value 4.0
-- Read input: 4.0, which is expected to match: 4.0
Called prefire()
Called fire()
Past the end of training data. Read and discard all inputs.
Checking for deadlock:
There are 3 Blocked actors, 0 Stopped actors, and 4 active threads.
Waiting for actors to stop.
Sent output token with value 4.0
Next port to read input from is inputA
Called postfire()
Called prefire()
Called fire()
Called postfire()
Called prefire()
Called fire()
Checking for deadlock:
There are 3 Blocked actors, 0 Stopped actors, and 4 active threads.
Waiting for actors to stop.
Read input token from inputA with value 5.0
Called prefire()
Called fire()
Past the end of training data. Read and discard all inputs.
Checking for deadlock:
There are 3 Blocked actors, 0 Stopped actors, and 4 active threads.
Waiting for actors to stop.
Sent output token with value 4.5
Next port to read input from is inputB
Called postfire()
Called prefire()
Called fire()
Called postfire()
Called prefire()
Called fire()
Checking for deadlock:
There are 3 Blocked actors, 0 Stopped actors, and 4 active threads.
Waiting for actors to stop.
Read input token from inputB with value 6.0
Called prefire()
Called fire()
Past the end of training data. Read and discard all inputs.
Checking for deadlock:
There are 3 Blocked actors, 0 Stopped actors, and 4 active threads.
Waiting for actors to stop.
Sent output token with value 5.0
Next port to read input from is inputA
Called postfire()
Called prefire()
Called fire()
Called postfire()
Called prefire()
Called fire()
Checking for deadlock:
There are 3 Blocked actors, 0 Stopped actors, and 4 active threads.
Waiting for actors to stop.
Read input token from inputA with value 6.0
Called prefire()
Called fire()
Past the end of training data. Read and discard all inputs.
Checking for deadlock:
There are 3 Blocked actors, 0 Stopped actors, and 4 active threads.
Waiting for actors to stop.
Sent output token with value 6.0
Next port to read input from is inputB
Called postfire()
Called prefire()
Called fire()
Called postfire()
Called prefire()
Called fire()
Checking for deadlock:
There are 3 Blocked actors, 0 Stopped actors, and 4 active threads.
Waiting for actors to stop.
Read input token from inputB with value 7.5
Called prefire()
Called fire()
Past the end of training data. Read and discard all inputs.
Checking for deadlock:
There are 3 Blocked actors, 0 Stopped actors, and 4 active threads.
Waiting for actors to stop.
Sent output token with value 6.0
Next port to read input from is inputA
Called postfire()
Called prefire()
Called fire()
Checking for deadlock:
There are 2 Blocked actors, 0 Stopped actors, and 4 active threads.
Waiting for actors to stop.
Called postfire()
Called prefire()
Called fire()
Checking for deadlock:
There are 3 Blocked actors, 0 Stopped actors, and 4 active threads.
Waiting for actors to stop.
Read input token from inputA with value 7.0
Checking for deadlock:
There are 2 Blocked actors, 0 Stopped actors, and 4 active threads.
Waiting for actors to stop.
Called prefire()
Called fire()
Past the end of training data. Read and discard all inputs.
Checking for deadlock:
There are 3 Blocked actors, 0 Stopped actors, and 4 active threads.
Waiting for actors to stop.
Sent output token with value 7.0
Next port to read input from is inputA
Called postfire()
Called prefire()
Called fire()
Checking for deadlock:
There are 2 Blocked actors, 0 Stopped actors, and 4 active threads.
Waiting for actors to stop.
-- Thread wrapup() called.
Called wrapup()
Thread .top.Ramp is exiting.
-- Thread stopped.
Checking for deadlock:
There are 2 Blocked actors, 0 Stopped actors, and 3 active threads.
Waiting for actors to stop.
Read input token from inputA with value 8.0
Called prefire()
Called fire()
Past the end of training data. Read and discard all inputs.
Checking for deadlock:
There are 2 Blocked actors, 0 Stopped actors, and 3 active threads.
Waiting for actors to stop.
Sent output token with value 7.5
Next port to read input from is inputB
Called postfire()
Called prefire()
Called fire()
Checking for deadlock:
There are 1 Blocked actors, 0 Stopped actors, and 3 active threads.
Waiting for actors to stop.
Called postfire()
Called prefire()
Called fire()
Checking for deadlock:
There are 2 Blocked actors, 0 Stopped actors, and 3 active threads.
Waiting for actors to stop.
Read input token from inputB with value 9.0
Checking for deadlock:
There are 1 Blocked actors, 0 Stopped actors, and 3 active threads.
Waiting for actors to stop.
Called prefire()
Called fire()
Past the end of training data. Read and discard all inputs.
Checking for deadlock:
There are 2 Blocked actors, 0 Stopped actors, and 3 active threads.
Waiting for actors to stop.
Sent output token with value 8.0
Next port to read input from is inputA
Called postfire()
Called prefire()
Called fire()
Read input token from inputA with value 9.0
Called prefire()
Called fire()
Past the end of training data. Read and discard all inputs.
Checking for deadlock:
There are 2 Blocked actors, 0 Stopped actors, and 3 active threads.
Waiting for actors to stop.
Sent output token with value 9.0
Next port to read input from is inputB
Called postfire()
Called prefire()
Called fire()
Called postfire()
Called prefire()
Called fire()
Checking for deadlock:
There are 2 Blocked actors, 0 Stopped actors, and 3 active threads.
Waiting for actors to stop.
Read input token from inputB with value 10.5
Called prefire()
Called fire()
Past the end of training data. Read and discard all inputs.
Checking for deadlock:
There are 2 Blocked actors, 0 Stopped actors, and 3 active threads.
Waiting for actors to stop.
Sent output token with value 9.0
Next port to read input from is inputA
Called postfire()
Called prefire()
Called fire()
Checking for deadlock:
There are 3 Blocked actors, 0 Stopped actors, and 3 active threads.
Actors have stopped.
Checking for deadlock:
There are 3 Blocked actors, 0 Stopped actors, and 3 active threads.
Deadlock detected.
Resolving Deadlock
Checking for deadlock:
There are 3 Blocked actors, 0 Stopped actors, and 3 active threads.
Artificial Deadlock - increasing queue capacity.
increasing the capacity of receiver ptolemy.actor.TypedIOPort {.top.OrderedMerge.inputB} to 2
Director: Called postfire().
Called postfire().
_stopRequested = false
_stopFireRequested = false
Returning from postfire(): true
Called fire().
Checking for deadlock:
There are 2 Blocked actors, 0 Stopped actors, and 3 active threads.
Waiting for actors to stop.
-- Thread wrapup() called.
Called wrapup()
Thread .top.Ramp2 is exiting.
-- Thread stopped.
Checking for deadlock:
There are 2 Blocked actors, 0 Stopped actors, and 2 active threads.
Actors have stopped.
Checking for deadlock:
There are 2 Blocked actors, 0 Stopped actors, and 2 active threads.
Deadlock detected.
Resolving Deadlock
Checking for deadlock:
There are 2 Blocked actors, 0 Stopped actors, and 2 active threads.
Deadlock detected: no processes blocked on write, but some are blocked on read.
Called postfire().
_stopRequested = false
_stopFireRequested = false
Returning from postfire(): false
Finished deactivating branches.
Called wrapup().
-- Thread wrapup() called.
Called wrapup()
-- Thread wrapup() called.
Called wrapup()
Thread .top.Test is exiting.
-- Thread stopped.
-- Blocked Receiver call threw TerminateProcessException.
Thread .top.OrderedMerge is exiting.
35 ms. Memory: 129024K Free: 109342K (85%)
-- Thread stopped.
-- Blocked Receiver call threw TerminateProcessException.
/home/travis/build/icyphy/ptII/ptolemy/actor/lib/test/Publisher.tcl
22 ms. Memory: 129024K Free: 113440K (88%)
24 ms. Memory: 129024K Free: 108468K (84%)
5 ms. Memory: 129024K Free: 104402K (81%)
15 ms. Memory: 129024K Free: 103892K (81%)
4 ms. Memory: 129024K Free: 102868K (80%)
16 ms. Memory: 129024K Free: 102324K (79%)
2 ms. Memory: 129024K Free: 101330K (79%)
3 ms. Memory: 129024K Free: 100306K (78%)
20 ms. Memory: 129024K Free: 90580K (70%)
6 ms. Memory: 129024K Free: 85970K (67%)
2 ms. Memory: 129024K Free: 85460K (66%)
3 ms. Memory: 129024K Free: 83412K (65%)
5 ms. Memory: 129024K Free: 75730K (59%)
5 ms. Memory: 129024K Free: 66004K (51%)
14 ms. Memory: 129024K Free: 55250K (43%)
/home/travis/build/icyphy/ptII/ptolemy/actor/lib/test/Pulse.tcl
4 ms. Memory: 155648K Free: 108725K (70%)
9 ms. Memory: 155648K Free: 108221K (70%)
2 ms. Memory: 155648K Free: 107701K (69%)
5 ms. Memory: 155648K Free: 107197K (69%)
3 ms. Memory: 155648K Free: 106683K (69%)
8 ms. Memory: 155648K Free: 105149K (68%)
4 ms. Memory: 155648K Free: 104621K (67%)
5 ms. Memory: 155648K Free: 103597K (67%)
2 ms. Memory: 155648K Free: 103101K (66%)
/home/travis/build/icyphy/ptII/ptolemy/actor/lib/test/Ramp.tcl
5 ms. Memory: 155648K Free: 101053K (65%)
3 ms. Memory: 155648K Free: 100525K (65%)
3 ms. Memory: 155648K Free: 99501K (64%)
2 ms. Memory: 155648K Free: 99005K (64%)
5 ms. Memory: 155648K Free: 97981K (63%)
8 ms. Memory: 155648K Free: 96957K (62%)
6 ms. Memory: 155648K Free: 96429K (62%)
5 actors
12000 microseconds per iteration to create
5 ms. Memory: 155648K Free: 93371K (60%)
2 ms. Memory: 155648K Free: 92861K (60%)
1 ms. Memory: 155648K Free: 92317K (59%)
2 ms. Memory: 155648K Free: 91837K (59%)
50 actors
28000 microseconds per iteration to create
23 ms. Memory: 155648K Free: 75963K (49%)
5 ms. Memory: 155648K Free: 74925K (48%)
5 ms. Memory: 155648K Free: 73901K (47%)
5 ms. Memory: 155648K Free: 72891K (47%)
500 actors
1535000 microseconds per iteration to create
217 ms. Memory: 155648K Free: 63981K (41%)
38 ms. Memory: 155648K Free: 58861K (38%)
37 ms. Memory: 155648K Free: 53741K (35%)
63 ms. Memory: 155648K Free: 129493K (83%)
/home/travis/build/icyphy/ptII/ptolemy/actor/lib/test/RampContinuous.tcl
7 ms. Memory: 155648K Free: 128421K (83%)
/home/travis/build/icyphy/ptII/ptolemy/actor/lib/test/RecordAssembler.tcl
5 ms. Memory: 155648K Free: 126935K (82%)
3 ms. Memory: 155648K Free: 125911K (81%)
/home/travis/build/icyphy/ptII/ptolemy/actor/lib/test/RecordDisassembler.tcl
5 ms. Memory: 155648K Free: 123863K (80%)
2 ms. Memory: 155648K Free: 123318K (79%)
3 ms. Memory: 155648K Free: 121815K (78%)
/home/travis/build/icyphy/ptII/ptolemy/actor/lib/test/Scale.tcl
2 ms. Memory: 155648K Free: 120262K (77%)
2 ms. Memory: 155648K Free: 119238K (77%)
2 ms. Memory: 155648K Free: 118743K (76%)
3 ms. Memory: 155648K Free: 117719K (76%)
3 ms. Memory: 155648K Free: 117190K (75%)
/home/travis/build/icyphy/ptII/ptolemy/actor/lib/test/SequentialClock.tcl
preinitializing
resolving types
initializing
executing number 1
wrapping up
idle
4 ms. Memory: 155648K Free: 115671K (74%)
Completed execution with 5 iterations
preinitializing
resolving types
initializing
executing number 1
wrapping up
idle
1 ms. Memory: 155648K Free: 115157K (74%)
Completed execution with 5 iterations
preinitializing
resolving types
initializing
executing number 1
wrapping up
idle
1 ms. Memory: 155648K Free: 114647K (74%)
Completed execution with 5 iterations
/home/travis/build/icyphy/ptII/ptolemy/actor/lib/test/SetVariable.tcl
4 ms. Memory: 155648K Free: 112599K (72%)


==== $PTII/ptolemy/actor/lib/test/SetVariable.tcl: SetVariable-3.1 changeFailed
==== Contents of test case:

    #Uses 2.1 above
    jdkCaptureErr {
        # This test was failing if we ran Exit.tcl and then this test.
        # MessageHandler.error() now actually throws the Exception.
	catch {$setVariable changeFailed [java::null]  [java::new Exception {Test exception for SetVariable.changeFailed()}]} errMsg
    } results
    list [string range $results 0 89] "\n" $errMsg

==== Result was:
{java.lang.Exception: Test exception for SetVariable.changeFailed()
	at java.base/jdk.inter} {
} {java.lang.RuntimeException: java.lang.Exception: Test exception for SetVariable.changeFailed()}
---- Result should have been:
{Failed to set variable.
java.lang.Exception: Test exception for SetVariable.changeFailed()} {
} {java.lang.RuntimeException: java.lang.Exception: Test exception for SetVariable.changeFailed()}
---- SetVariable-3.1 FAILED
/home/travis/build/icyphy/ptII/ptolemy/actor/lib/test/Sinewave.tcl
/home/travis/build/icyphy/ptII/ptolemy/actor/lib/test/SubscriptionAggregator.tcl
10 ms. Memory: 155648K Free: 100806K (65%)
3 ms. Memory: 155648K Free: 100311K (64%)
0 ms. Memory: 155648K Free: 99797K (64%)
1 ms. Memory: 155648K Free: 99287K (64%)
1 ms. Memory: 155648K Free: 95686K (61%)
8 ms. Memory: 155648K Free: 93653K (60%)
...............................................................988 ms. Memory: 283648K Free: 174749K (62%)
/home/travis/build/icyphy/ptII/ptolemy/actor/lib/test/Test.tcl
 The next command will produce a warning about training mode,
   which may be ignored.
4 ms. Memory: 283648K Free: 172701K (61%)
3 ms. Memory: 283648K Free: 172191K (61%)
2 ms. Memory: 283648K Free: 171671K (61%)
2 ms. Memory: 283648K Free: 171167K (60%)
1 ms. Memory: 283648K Free: 170143K (60%)
3 ms. Memory: 283648K Free: 169119K (60%)
3 ms. Memory: 283648K Free: 167581K (59%)
 The next command will produce a warning about training mode,
   which may be ignored.
4 ms. Memory: 283648K Free: 165533K (58%)
 The next command will produce a warning about training mode,
   which may be ignored.
3 ms. Memory: 283648K Free: 163999K (58%)
1 ms. Memory: 283648K Free: 163999K (58%)
1 ms. Memory: 283648K Free: 163479K (58%)
1 ms. Memory: 283648K Free: 162975K (57%)
6 ms. Memory: 283648K Free: 161951K (57%)
3 ms. Memory: 283648K Free: 157855K (56%)
/home/travis/build/icyphy/ptII/ptolemy/actor/lib/test/TestExceptionHandler.tcl
 The next command will produce a warning about training mode,
   which may be ignored.
3 ms. Memory: 283648K Free: 156831K (55%)
1 ms. Memory: 283648K Free: 156311K (55%)
1 ms. Memory: 283648K Free: 155807K (55%)
/home/travis/build/icyphy/ptII/ptolemy/actor/lib/test/UnionDisassembler.tcl
12 ms. Memory: 283648K Free: 148125K (52%)
/home/travis/build/icyphy/ptII/ptolemy/actor/lib/test/VariableClock.tcl
preinitializing
resolving types
initializing
executing number 1
wrapping up
idle
3 ms. Memory: 283648K Free: 146591K (52%)
Completed execution with 11 iterations
preinitializing
resolving types
initializing
executing number 1
wrapping up
idle
3 ms. Memory: 283648K Free: 145039K (51%)
Completed execution with 10 iterations
12/21/19 06:23:55
Failed: 1  Total Tests: 234  ((Passed: 233, Newly Passed: 0)  Known Failed: 0) /home/travis/build/icyphy/ptII/ptolemy/actor/lib/test
----------------- testing (KnownFailure) /home/travis/build/icyphy/ptII/ptolemy/actor/lib/test/auto/knownFailedTests/PublisherPortToplevelSubscriber.xml
1 ms. Memory: 283648K Free: 141471K (50%)
Known Failure: java.lang.reflect.InvocationTargetException
----------------- testing (KnownFailure) /home/travis/build/icyphy/ptII/ptolemy/actor/lib/test/auto/knownFailedTests/PublisherSubscriberPortToplevel.xml
1 ms. Memory: 283648K Free: 137885K (49%)
Known Failure: java.lang.reflect.InvocationTargetException
----------------- testing (KnownFailure) /home/travis/build/icyphy/ptII/ptolemy/actor/lib/test/auto/knownFailedTests/PublisherSubscriptionAggregatorPort.xml
0 ms. Memory: 283648K Free: 133789K (47%)
Known Failure: java.lang.reflect.InvocationTargetException
----------------- testing (KnownFailure) /home/travis/build/icyphy/ptII/ptolemy/actor/lib/test/auto/knownFailedTests/sizedarray3.xml
9 ms. Memory: 283648K Free: 129183K (46%)
Known Failure: java.lang.reflect.InvocationTargetException
No auto/linux-amd64/*.xml tests in /home/travis/build/icyphy/ptII/ptolemy/actor/lib/test
AutoTests.java: About to close Vertx.
AutoTests.java: Vertx closed.

===========================================================================================
----------------- testing Sat Dec 21 06:23:55 UTC 2019 /home/travis/build/icyphy/ptII/ptolemy/actor/lib/test/auto/AbsoluteValue.xml
----------------- Instantiating /home/travis/build/icyphy/ptII/ptolemy/actor/lib/test/auto/AbsoluteValue.xml
61 ms. Memory: 283648K Free: 237416K (84%)
----------------- Invoking toplevel() on ptolemy.moml.MoMLSimpleApplication@3b9acb
----------------- Done invoking toplevel() on ptolemy.moml.MoMLSimpleApplication@3b9acb
reloadAllAccessors: .AbsoluteValue

===========================================================================================
----------------- testing Sat Dec 21 06:23:55 UTC 2019 /home/travis/build/icyphy/ptII/ptolemy/actor/lib/test/auto/AbsoluteValue2.xml
----------------- Instantiating /home/travis/build/icyphy/ptII/ptolemy/actor/lib/test/auto/AbsoluteValue2.xml
4 ms. Memory: 283648K Free: 229503K (81%)
----------------- Invoking toplevel() on ptolemy.moml.MoMLSimpleApplication@6dc5197c
----------------- Done invoking toplevel() on ptolemy.moml.MoMLSimpleApplication@6dc5197c
reloadAllAccessors: .AbsoluteValue2

===========================================================================================
----------------- testing Sat Dec 21 06:23:55 UTC 2019 /home/travis/build/icyphy/ptII/ptolemy/actor/lib/test/auto/Accumulator.xml
----------------- Instantiating /home/travis/build/icyphy/ptII/ptolemy/actor/lib/test/auto/Accumulator.xml
8 ms. Memory: 283648K Free: 223359K (79%)
----------------- Invoking toplevel() on ptolemy.moml.MoMLSimpleApplication@34c7668b
----------------- Done invoking toplevel() on ptolemy.moml.MoMLSimpleApplication@34c7668b
reloadAllAccessors: .Accumulator

===========================================================================================
----------------- testing Sat Dec 21 06:23:55 UTC 2019 /home/travis/build/icyphy/ptII/ptolemy/actor/lib/test/auto/Accumulator2.xml
----------------- Instantiating /home/travis/build/icyphy/ptII/ptolemy/actor/lib/test/auto/Accumulator2.xml
4 ms. Memory: 283648K Free: 217725K (77%)
----------------- Invoking toplevel() on ptolemy.moml.MoMLSimpleApplication@4bc2a48f
----------------- Done invoking toplevel() on ptolemy.moml.MoMLSimpleApplication@4bc2a48f
reloadAllAccessors: .Accumulator2

===========================================================================================
----------------- testing Sat Dec 21 06:23:55 UTC 2019 /home/travis/build/icyphy/ptII/ptolemy/actor/lib/test/auto/Accumulator3.xml
----------------- Instantiating /home/travis/build/icyphy/ptII/ptolemy/actor/lib/test/auto/Accumulator3.xml
3 ms. Memory: 283648K Free: 213629K (75%)
----------------- Invoking toplevel() on ptolemy.moml.MoMLSimpleApplication@33045a16
----------------- Done invoking toplevel() on ptolemy.moml.MoMLSimpleApplication@33045a16
reloadAllAccessors: .Accumulator3

===========================================================================================
----------------- testing Sat Dec 21 06:23:55 UTC 2019 /home/travis/build/icyphy/ptII/ptolemy/actor/lib/test/auto/ArrayAppend.xml
----------------- Instantiating /home/travis/build/icyphy/ptII/ptolemy/actor/lib/test/auto/ArrayAppend.xml
8 ms. Memory: 283648K Free: 206975K (73%)
----------------- Invoking toplevel() on ptolemy.moml.MoMLSimpleApplication@63528e92
----------------- Done invoking toplevel() on ptolemy.moml.MoMLSimpleApplication@63528e92
reloadAllAccessors: .ArrayAppend

===========================================================================================
----------------- testing Sat Dec 21 06:23:55 UTC 2019 /home/travis/build/icyphy/ptII/ptolemy/actor/lib/test/auto/ArrayAppend2.xml
----------------- Instantiating /home/travis/build/icyphy/ptII/ptolemy/actor/lib/test/auto/ArrayAppend2.xml
258 ms. Memory: 283648K Free: 145021K (51%)
----------------- Invoking toplevel() on ptolemy.moml.MoMLSimpleApplication@6b44803c
----------------- Done invoking toplevel() on ptolemy.moml.MoMLSimpleApplication@6b44803c
reloadAllAccessors: .ArrayAppend2

===========================================================================================
----------------- testing Sat Dec 21 06:23:56 UTC 2019 /home/travis/build/icyphy/ptII/ptolemy/actor/lib/test/auto/ArrayAppend3.xml
----------------- Instantiating /home/travis/build/icyphy/ptII/ptolemy/actor/lib/test/auto/ArrayAppend3.xml
4 ms. Memory: 283648K Free: 139901K (49%)
----------------- Invoking toplevel() on ptolemy.moml.MoMLSimpleApplication@280bba2d
----------------- Done invoking toplevel() on ptolemy.moml.MoMLSimpleApplication@280bba2d
reloadAllAccessors: .ArrayAppend3

===========================================================================================
----------------- testing Sat Dec 21 06:23:56 UTC 2019 /home/travis/build/icyphy/ptII/ptolemy/actor/lib/test/auto/ArrayAppend4.xml
----------------- Instantiating /home/travis/build/icyphy/ptII/ptolemy/actor/lib/test/auto/ArrayAppend4.xml
3 ms. Memory: 283648K Free: 134271K (47%)
----------------- Invoking toplevel() on ptolemy.moml.MoMLSimpleApplication@5bb3da32
----------------- Done invoking toplevel() on ptolemy.moml.MoMLSimpleApplication@5bb3da32
reloadAllAccessors: .ArrayAppend4

===========================================================================================
----------------- testing Sat Dec 21 06:23:56 UTC 2019 /home/travis/build/icyphy/ptII/ptolemy/actor/lib/test/auto/ArrayAppend5.xml
----------------- Instantiating /home/travis/build/icyphy/ptII/ptolemy/actor/lib/test/auto/ArrayAppend5.xml
4 ms. Memory: 283648K Free: 129661K (46%)
----------------- Invoking toplevel() on ptolemy.moml.MoMLSimpleApplication@59c82a3d
----------------- Done invoking toplevel() on ptolemy.moml.MoMLSimpleApplication@59c82a3d
reloadAllAccessors: .ArrayAppend5

===========================================================================================
----------------- testing Sat Dec 21 06:23:56 UTC 2019 /home/travis/build/icyphy/ptII/ptolemy/actor/lib/test/auto/ArrayAppend6.xml
----------------- Instantiating /home/travis/build/icyphy/ptII/ptolemy/actor/lib/test/auto/ArrayAppend6.xml
7 ms. Memory: 283648K Free: 123517K (44%)
----------------- Invoking toplevel() on ptolemy.moml.MoMLSimpleApplication@2e12505
----------------- Done invoking toplevel() on ptolemy.moml.MoMLSimpleApplication@2e12505
reloadAllAccessors: .ArrayAppend6

===========================================================================================
----------------- testing Sat Dec 21 06:23:56 UTC 2019 /home/travis/build/icyphy/ptII/ptolemy/actor/lib/test/auto/ArrayAppendPerformanceTest.xml
----------------- Instantiating /home/travis/build/icyphy/ptII/ptolemy/actor/lib/test/auto/ArrayAppendPerformanceTest.xml
29 ms. Memory: 283648K Free: 113277K (40%)
----------------- Invoking toplevel() on ptolemy.moml.MoMLSimpleApplication@7b25bb26
----------------- Done invoking toplevel() on ptolemy.moml.MoMLSimpleApplication@7b25bb26
reloadAllAccessors: .ArrayAppendPerformanceTest

===========================================================================================
----------------- testing Sat Dec 21 06:23:56 UTC 2019 /home/travis/build/icyphy/ptII/ptolemy/actor/lib/test/auto/ArrayAppendWithEmptyInput.xml
----------------- Instantiating /home/travis/build/icyphy/ptII/ptolemy/actor/lib/test/auto/ArrayAppendWithEmptyInput.xml
11 ms. Memory: 283648K Free: 104575K (37%)
----------------- Invoking toplevel() on ptolemy.moml.MoMLSimpleApplication@78d2e9eb
----------------- Done invoking toplevel() on ptolemy.moml.MoMLSimpleApplication@78d2e9eb
reloadAllAccessors: .ArrayAppendWithEmptyInput

===========================================================================================
----------------- testing Sat Dec 21 06:23:56 UTC 2019 /home/travis/build/icyphy/ptII/ptolemy/actor/lib/test/auto/ArrayAverage.xml
----------------- Instantiating /home/travis/build/icyphy/ptII/ptolemy/actor/lib/test/auto/ArrayAverage.xml
5 ms. Memory: 283648K Free: 96893K (34%)
----------------- Invoking toplevel() on ptolemy.moml.MoMLSimpleApplication@26513cbb
----------------- Done invoking toplevel() on ptolemy.moml.MoMLSimpleApplication@26513cbb
reloadAllAccessors: .ArrayAverage

===========================================================================================
----------------- testing Sat Dec 21 06:23:56 UTC 2019 /home/travis/build/icyphy/ptII/ptolemy/actor/lib/test/auto/ArrayContains.xml
----------------- Instantiating /home/travis/build/icyphy/ptII/ptolemy/actor/lib/test/auto/ArrayContains.xml
12 ms. Memory: 283648K Free: 90749K (32%)
----------------- Invoking toplevel() on ptolemy.moml.MoMLSimpleApplication@3e969353
----------------- Done invoking toplevel() on ptolemy.moml.MoMLSimpleApplication@3e969353
reloadAllAccessors: .ArrayContains

===========================================================================================
----------------- testing Sat Dec 21 06:23:56 UTC 2019 /home/travis/build/icyphy/ptII/ptolemy/actor/lib/test/auto/ArrayElement.xml
----------------- Instantiating /home/travis/build/icyphy/ptII/ptolemy/actor/lib/test/auto/ArrayElement.xml
7 ms. Memory: 283648K Free: 231787K (82%)
----------------- Invoking toplevel() on ptolemy.moml.MoMLSimpleApplication@36311925
----------------- Done invoking toplevel() on ptolemy.moml.MoMLSimpleApplication@36311925
reloadAllAccessors: .ArrayElement

===========================================================================================
----------------- testing Sat Dec 21 06:23:56 UTC 2019 /home/travis/build/icyphy/ptII/ptolemy/actor/lib/test/auto/ArrayElementAsMatrix.xml
----------------- Instantiating /home/travis/build/icyphy/ptII/ptolemy/actor/lib/test/auto/ArrayElementAsMatrix.xml
20 ms. Memory: 283648K Free: 221577K (78%)
----------------- Invoking toplevel() on ptolemy.moml.MoMLSimpleApplication@2d978224
----------------- Done invoking toplevel() on ptolemy.moml.MoMLSimpleApplication@2d978224
reloadAllAccessors: .ArrayElementAsMatrix

===========================================================================================
----------------- testing Sat Dec 21 06:23:56 UTC 2019 /home/travis/build/icyphy/ptII/ptolemy/actor/lib/test/auto/ArrayElementI.xml
----------------- Instantiating /home/travis/build/icyphy/ptII/ptolemy/actor/lib/test/auto/ArrayElementI.xml
4 ms. Memory: 283648K Free: 215947K (76%)
----------------- Invoking toplevel() on ptolemy.moml.MoMLSimpleApplication@4bbad3bb
----------------- Done invoking toplevel() on ptolemy.moml.MoMLSimpleApplication@4bbad3bb
reloadAllAccessors: .ArrayElementI

===========================================================================================
----------------- testing Sat Dec 21 06:23:56 UTC 2019 /home/travis/build/icyphy/ptII/ptolemy/actor/lib/test/auto/ArrayExtract.xml
----------------- Instantiating /home/travis/build/icyphy/ptII/ptolemy/actor/lib/test/auto/ArrayExtract.xml
4 ms. Memory: 283648K Free: 207755K (73%)
----------------- Invoking toplevel() on ptolemy.moml.MoMLSimpleApplication@2464ade5
----------------- Done invoking toplevel() on ptolemy.moml.MoMLSimpleApplication@2464ade5
reloadAllAccessors: .ArrayExtract

===========================================================================================
----------------- testing Sat Dec 21 06:23:56 UTC 2019 /home/travis/build/icyphy/ptII/ptolemy/actor/lib/test/auto/ArrayExtract2.xml
----------------- Instantiating /home/travis/build/icyphy/ptII/ptolemy/actor/lib/test/auto/ArrayExtract2.xml
2 ms. Memory: 283648K Free: 202107K (71%)
----------------- Invoking toplevel() on ptolemy.moml.MoMLSimpleApplication@47e54d16
----------------- Done invoking toplevel() on ptolemy.moml.MoMLSimpleApplication@47e54d16
reloadAllAccessors: .ArrayExtract2

===========================================================================================
----------------- testing Sat Dec 21 06:23:56 UTC 2019 /home/travis/build/icyphy/ptII/ptolemy/actor/lib/test/auto/ArrayLength.xml
----------------- Instantiating /home/travis/build/icyphy/ptII/ptolemy/actor/lib/test/auto/ArrayLength.xml
2 ms. Memory: 283648K Free: 198539K (70%)
----------------- Invoking toplevel() on ptolemy.moml.MoMLSimpleApplication@4b49fe38
----------------- Done invoking toplevel() on ptolemy.moml.MoMLSimpleApplication@4b49fe38
reloadAllAccessors: .ArrayLength

===========================================================================================
----------------- testing Sat Dec 21 06:23:56 UTC 2019 /home/travis/build/icyphy/ptII/ptolemy/actor/lib/test/auto/ArrayLevelCrossing.xml
----------------- Instantiating /home/travis/build/icyphy/ptII/ptolemy/actor/lib/test/auto/ArrayLevelCrossing.xml
8 ms. Memory: 283648K Free: 190347K (67%)
----------------- Invoking toplevel() on ptolemy.moml.MoMLSimpleApplication@7b4f1c7c
----------------- Done invoking toplevel() on ptolemy.moml.MoMLSimpleApplication@7b4f1c7c
reloadAllAccessors: .ArrayLevelCrossing

===========================================================================================
----------------- testing Sat Dec 21 06:23:56 UTC 2019 /home/travis/build/icyphy/ptII/ptolemy/actor/lib/test/auto/ArrayLevelCrossing2.xml
----------------- Instantiating /home/travis/build/icyphy/ptII/ptolemy/actor/lib/test/auto/ArrayLevelCrossing2.xml
3 ms. Memory: 283648K Free: 183179K (65%)
----------------- Invoking toplevel() on ptolemy.moml.MoMLSimpleApplication@635ea449
----------------- Done invoking toplevel() on ptolemy.moml.MoMLSimpleApplication@635ea449
reloadAllAccessors: .ArrayLevelCrossing2

===========================================================================================
----------------- testing Sat Dec 21 06:23:56 UTC 2019 /home/travis/build/icyphy/ptII/ptolemy/actor/lib/test/auto/ArrayPeakSearch.xml
----------------- Instantiating /home/travis/build/icyphy/ptII/ptolemy/actor/lib/test/auto/ArrayPeakSearch.xml
6 ms. Memory: 283648K Free: 173963K (61%)
----------------- Invoking toplevel() on ptolemy.moml.MoMLSimpleApplication@4aa65c63
----------------- Done invoking toplevel() on ptolemy.moml.MoMLSimpleApplication@4aa65c63
reloadAllAccessors: .ArrayPeakSearch

===========================================================================================
----------------- testing Sat Dec 21 06:23:57 UTC 2019 /home/travis/build/icyphy/ptII/ptolemy/actor/lib/test/auto/ArrayPeakSearch2.xml
----------------- Instantiating /home/travis/build/icyphy/ptII/ptolemy/actor/lib/test/auto/ArrayPeakSearch2.xml
5 ms. Memory: 283648K Free: 163723K (58%)
----------------- Invoking toplevel() on ptolemy.moml.MoMLSimpleApplication@7eea07a4
----------------- Done invoking toplevel() on ptolemy.moml.MoMLSimpleApplication@7eea07a4
reloadAllAccessors: .ArrayPeakSearch2

===========================================================================================
----------------- testing Sat Dec 21 06:23:57 UTC 2019 /home/travis/build/icyphy/ptII/ptolemy/actor/lib/test/auto/ArrayPeakSearch3.xml
----------------- Instantiating /home/travis/build/icyphy/ptII/ptolemy/actor/lib/test/auto/ArrayPeakSearch3.xml
5 ms. Memory: 283648K Free: 154507K (54%)
----------------- Invoking toplevel() on ptolemy.moml.MoMLSimpleApplication@714c94a6
----------------- Done invoking toplevel() on ptolemy.moml.MoMLSimpleApplication@714c94a6
reloadAllAccessors: .ArrayPeakSearch3

===========================================================================================
----------------- testing Sat Dec 21 06:23:57 UTC 2019 /home/travis/build/icyphy/ptII/ptolemy/actor/lib/test/auto/ArrayRemoveElement.xml
----------------- Instantiating /home/travis/build/icyphy/ptII/ptolemy/actor/lib/test/auto/ArrayRemoveElement.xml
3 ms. Memory: 283648K Free: 146825K (52%)
----------------- Invoking toplevel() on ptolemy.moml.MoMLSimpleApplication@42fe5d96
----------------- Done invoking toplevel() on ptolemy.moml.MoMLSimpleApplication@42fe5d96
reloadAllAccessors: .ArrayRemoveElement

===========================================================================================
----------------- testing Sat Dec 21 06:23:57 UTC 2019 /home/travis/build/icyphy/ptII/ptolemy/actor/lib/test/auto/ArraySort.xml
----------------- Instantiating /home/travis/build/icyphy/ptII/ptolemy/actor/lib/test/auto/ArraySort.xml
5 ms. Memory: 283648K Free: 137609K (49%)
----------------- Invoking toplevel() on ptolemy.moml.MoMLSimpleApplication@4553b8a5
----------------- Done invoking toplevel() on ptolemy.moml.MoMLSimpleApplication@4553b8a5
reloadAllAccessors: .ArraySort

===========================================================================================
----------------- testing Sat Dec 21 06:23:57 UTC 2019 /home/travis/build/icyphy/ptII/ptolemy/actor/lib/test/auto/ArraySum.xml
----------------- Instantiating /home/travis/build/icyphy/ptII/ptolemy/actor/lib/test/auto/ArraySum.xml
7 ms. Memory: 283648K Free: 132489K (47%)
----------------- Invoking toplevel() on ptolemy.moml.MoMLSimpleApplication@63b0610b
----------------- Done invoking toplevel() on ptolemy.moml.MoMLSimpleApplication@63b0610b
reloadAllAccessors: .ArraySum

===========================================================================================
----------------- testing Sat Dec 21 06:23:57 UTC 2019 /home/travis/build/icyphy/ptII/ptolemy/actor/lib/test/auto/ArrayToElements.xml
----------------- Instantiating /home/travis/build/icyphy/ptII/ptolemy/actor/lib/test/auto/ArrayToElements.xml
14 ms. Memory: 283648K Free: 126859K (45%)
----------------- Invoking toplevel() on ptolemy.moml.MoMLSimpleApplication@26f0afb1
----------------- Done invoking toplevel() on ptolemy.moml.MoMLSimpleApplication@26f0afb1
reloadAllAccessors: .ArrayToElements

===========================================================================================
----------------- testing Sat Dec 21 06:23:57 UTC 2019 /home/travis/build/icyphy/ptII/ptolemy/actor/lib/test/auto/ArrayToMatrix.xml
----------------- Instantiating /home/travis/build/icyphy/ptII/ptolemy/actor/lib/test/auto/ArrayToMatrix.xml
14 ms. Memory: 283648K Free: 112523K (40%)
----------------- Invoking toplevel() on ptolemy.moml.MoMLSimpleApplication@7a67e5f9
----------------- Done invoking toplevel() on ptolemy.moml.MoMLSimpleApplication@7a67e5f9
reloadAllAccessors: .ArrayToMatrix

===========================================================================================
----------------- testing Sat Dec 21 06:23:57 UTC 2019 /home/travis/build/icyphy/ptII/ptolemy/actor/lib/test/auto/ArrayUpdate1.xml
----------------- Instantiating /home/travis/build/icyphy/ptII/ptolemy/actor/lib/test/auto/ArrayUpdate1.xml
3 ms. Memory: 283648K Free: 107403K (38%)
----------------- Invoking toplevel() on ptolemy.moml.MoMLSimpleApplication@224a00a7
----------------- Done invoking toplevel() on ptolemy.moml.MoMLSimpleApplication@224a00a7
reloadAllAccessors: .ArrayUpdate1

===========================================================================================
----------------- testing Sat Dec 21 06:23:57 UTC 2019 /home/travis/build/icyphy/ptII/ptolemy/actor/lib/test/auto/ArrayUpdate2.xml
----------------- Instantiating /home/travis/build/icyphy/ptII/ptolemy/actor/lib/test/auto/ArrayUpdate2.xml
12 ms. Memory: 283648K Free: 101259K (36%)
----------------- Invoking toplevel() on ptolemy.moml.MoMLSimpleApplication@51af52cf
----------------- Done invoking toplevel() on ptolemy.moml.MoMLSimpleApplication@51af52cf
reloadAllAccessors: .ArrayUpdate2

===========================================================================================
----------------- testing Sat Dec 21 06:23:57 UTC 2019 /home/travis/build/icyphy/ptII/ptolemy/actor/lib/test/auto/ArrayUpdate3.xml
----------------- Instantiating /home/travis/build/icyphy/ptII/ptolemy/actor/lib/test/auto/ArrayUpdate3.xml
2 ms. Memory: 283648K Free: 96139K (34%)
----------------- Invoking toplevel() on ptolemy.moml.MoMLSimpleApplication@75206ee9
----------------- Done invoking toplevel() on ptolemy.moml.MoMLSimpleApplication@75206ee9
reloadAllAccessors: .ArrayUpdate3

===========================================================================================
----------------- testing Sat Dec 21 06:23:57 UTC 2019 /home/travis/build/icyphy/ptII/ptolemy/actor/lib/test/auto/Assert1.xml
----------------- Instantiating /home/travis/build/icyphy/ptII/ptolemy/actor/lib/test/auto/Assert1.xml
6 ms. Memory: 283648K Free: 92043K (32%)
----------------- Invoking toplevel() on ptolemy.moml.MoMLSimpleApplication@70ffdca2
----------------- Done invoking toplevel() on ptolemy.moml.MoMLSimpleApplication@70ffdca2
reloadAllAccessors: .Assert1

===========================================================================================
----------------- testing Sat Dec 21 06:23:57 UTC 2019 /home/travis/build/icyphy/ptII/ptolemy/actor/lib/test/auto/Assert2.xml
----------------- Instantiating /home/travis/build/icyphy/ptII/ptolemy/actor/lib/test/auto/Assert2.xml
3 ms. Memory: 283648K Free: 86409K (30%)
----------------- Invoking toplevel() on ptolemy.moml.MoMLSimpleApplication@18388238
----------------- Done invoking toplevel() on ptolemy.moml.MoMLSimpleApplication@18388238
reloadAllAccessors: .Assert2

===========================================================================================
----------------- testing Sat Dec 21 06:23:57 UTC 2019 /home/travis/build/icyphy/ptII/ptolemy/actor/lib/test/auto/BooleanMultiplexor.xml
----------------- Instantiating /home/travis/build/icyphy/ptII/ptolemy/actor/lib/test/auto/BooleanMultiplexor.xml
2 ms. Memory: 283648K Free: 81259K (29%)
----------------- Invoking toplevel() on ptolemy.moml.MoMLSimpleApplication@1a0e4e10
----------------- Done invoking toplevel() on ptolemy.moml.MoMLSimpleApplication@1a0e4e10
reloadAllAccessors: .BooleanMultiplexor

===========================================================================================
----------------- testing Sat Dec 21 06:23:57 UTC 2019 /home/travis/build/icyphy/ptII/ptolemy/actor/lib/test/auto/BooleanMultiplexor2.xml
----------------- Instantiating /home/travis/build/icyphy/ptII/ptolemy/actor/lib/test/auto/BooleanMultiplexor2.xml
12 ms. Memory: 283648K Free: 74635K (26%)
----------------- Invoking toplevel() on ptolemy.moml.MoMLSimpleApplication@2f565879
----------------- Done invoking toplevel() on ptolemy.moml.MoMLSimpleApplication@2f565879
reloadAllAccessors: .BooleanMultiplexor2

===========================================================================================
----------------- testing Sat Dec 21 06:23:57 UTC 2019 /home/travis/build/icyphy/ptII/ptolemy/actor/lib/test/auto/BooleanMultiplexor3.xml
----------------- Instantiating /home/travis/build/icyphy/ptII/ptolemy/actor/lib/test/auto/BooleanMultiplexor3.xml
8 ms. Memory: 283648K Free: 71049K (25%)
----------------- Invoking toplevel() on ptolemy.moml.MoMLSimpleApplication@47e90b32
----------------- Done invoking toplevel() on ptolemy.moml.MoMLSimpleApplication@47e90b32
reloadAllAccessors: .BooleanMultiplexor3

===========================================================================================
----------------- testing Sat Dec 21 06:23:57 UTC 2019 /home/travis/build/icyphy/ptII/ptolemy/actor/lib/test/auto/BooleanSelect.xml
----------------- Instantiating /home/travis/build/icyphy/ptII/ptolemy/actor/lib/test/auto/BooleanSelect.xml
7 ms. Memory: 283648K Free: 233319K (82%)
----------------- Invoking toplevel() on ptolemy.moml.MoMLSimpleApplication@78183f8d
----------------- Done invoking toplevel() on ptolemy.moml.MoMLSimpleApplication@78183f8d
reloadAllAccessors: .BooleanSelect

===========================================================================================
----------------- testing Sat Dec 21 06:23:57 UTC 2019 /home/travis/build/icyphy/ptII/ptolemy/actor/lib/test/auto/BooleanSelect2.xml
----------------- Instantiating /home/travis/build/icyphy/ptII/ptolemy/actor/lib/test/auto/BooleanSelect2.xml
2 ms. Memory: 283648K Free: 228747K (81%)
----------------- Invoking toplevel() on ptolemy.moml.MoMLSimpleApplication@7107d287
----------------- Done invoking toplevel() on ptolemy.moml.MoMLSimpleApplication@7107d287
reloadAllAccessors: .BooleanSelect2

===========================================================================================
----------------- testing Sat Dec 21 06:23:57 UTC 2019 /home/travis/build/icyphy/ptII/ptolemy/actor/lib/test/auto/BooleanSwitch.xml
----------------- Instantiating /home/travis/build/icyphy/ptII/ptolemy/actor/lib/test/auto/BooleanSwitch.xml
10 ms. Memory: 283648K Free: 222603K (78%)
----------------- Invoking toplevel() on ptolemy.moml.MoMLSimpleApplication@3e90915b
----------------- Done invoking toplevel() on ptolemy.moml.MoMLSimpleApplication@3e90915b
reloadAllAccessors: .BooleanSwitch

===========================================================================================
----------------- testing Sat Dec 21 06:23:57 UTC 2019 /home/travis/build/icyphy/ptII/ptolemy/actor/lib/test/auto/BooleanSwitch2.xml
----------------- Instantiating /home/travis/build/icyphy/ptII/ptolemy/actor/lib/test/auto/BooleanSwitch2.xml
3 ms. Memory: 283648K Free: 218507K (77%)
----------------- Invoking toplevel() on ptolemy.moml.MoMLSimpleApplication@2a33557d
----------------- Done invoking toplevel() on ptolemy.moml.MoMLSimpleApplication@2a33557d
reloadAllAccessors: .BooleanSwitch2

===========================================================================================
----------------- testing Sat Dec 21 06:23:57 UTC 2019 /home/travis/build/icyphy/ptII/ptolemy/actor/lib/test/auto/BooleanSwitchCloningBugWithClassRelationGroup.xml
----------------- Instantiating /home/travis/build/icyphy/ptII/ptolemy/actor/lib/test/auto/BooleanSwitchCloningBugWithClassRelationGroup.xml
7 ms. Memory: 283648K Free: 211849K (75%)
----------------- Invoking toplevel() on ptolemy.moml.MoMLSimpleApplication@51cac75c
----------------- Done invoking toplevel() on ptolemy.moml.MoMLSimpleApplication@51cac75c
reloadAllAccessors: .BooleanSwitchCloningBugWithClassRelationGroup

===========================================================================================
----------------- testing Sat Dec 21 06:23:57 UTC 2019 /home/travis/build/icyphy/ptII/ptolemy/actor/lib/test/auto/BusActors.xml
----------------- Instantiating /home/travis/build/icyphy/ptII/ptolemy/actor/lib/test/auto/BusActors.xml
4 ms. Memory: 283648K Free: 204681K (72%)
----------------- Invoking toplevel() on ptolemy.moml.MoMLSimpleApplication@4c3cbf23
----------------- Done invoking toplevel() on ptolemy.moml.MoMLSimpleApplication@4c3cbf23
reloadAllAccessors: .BusActors

===========================================================================================
----------------- testing Sat Dec 21 06:23:57 UTC 2019 /home/travis/build/icyphy/ptII/ptolemy/actor/lib/test/auto/ClassWrapper.xml
----------------- Instantiating /home/travis/build/icyphy/ptII/ptolemy/actor/lib/test/auto/ClassWrapper.xml
3 ms. Memory: 283648K Free: 200075K (71%)
----------------- Invoking toplevel() on ptolemy.moml.MoMLSimpleApplication@506f59e1
----------------- Done invoking toplevel() on ptolemy.moml.MoMLSimpleApplication@506f59e1
reloadAllAccessors: .ClassWrapper

===========================================================================================
----------------- testing Sat Dec 21 06:23:57 UTC 2019 /home/travis/build/icyphy/ptII/ptolemy/actor/lib/test/auto/Clock.xml
----------------- Instantiating /home/travis/build/icyphy/ptII/ptolemy/actor/lib/test/auto/Clock.xml
10 ms. Memory: 283648K Free: 196489K (69%)
----------------- Invoking toplevel() on ptolemy.moml.MoMLSimpleApplication@1a8b972
----------------- Done invoking toplevel() on ptolemy.moml.MoMLSimpleApplication@1a8b972
reloadAllAccessors: .Clock

===========================================================================================
----------------- testing Sat Dec 21 06:23:57 UTC 2019 /home/travis/build/icyphy/ptII/ptolemy/actor/lib/test/auto/Clock10.xml
----------------- Instantiating /home/travis/build/icyphy/ptII/ptolemy/actor/lib/test/auto/Clock10.xml
6 ms. Memory: 283648K Free: 190345K (67%)
----------------- Invoking toplevel() on ptolemy.moml.MoMLSimpleApplication@1e0bea4a
----------------- Done invoking toplevel() on ptolemy.moml.MoMLSimpleApplication@1e0bea4a
reloadAllAccessors: .Clock10

===========================================================================================
----------------- testing Sat Dec 21 06:23:57 UTC 2019 /home/travis/build/icyphy/ptII/ptolemy/actor/lib/test/auto/Clock11.xml
----------------- Instantiating /home/travis/build/icyphy/ptII/ptolemy/actor/lib/test/auto/Clock11.xml
7 ms. Memory: 283648K Free: 184715K (65%)
----------------- Invoking toplevel() on ptolemy.moml.MoMLSimpleApplication@65bc6f6c
----------------- Done invoking toplevel() on ptolemy.moml.MoMLSimpleApplication@65bc6f6c
reloadAllAccessors: .Clock11

===========================================================================================
----------------- testing Sat Dec 21 06:23:57 UTC 2019 /home/travis/build/icyphy/ptII/ptolemy/actor/lib/test/auto/Clock12.xml
----------------- Instantiating /home/travis/build/icyphy/ptII/ptolemy/actor/lib/test/auto/Clock12.xml
5 ms. Memory: 283648K Free: 178571K (63%)
----------------- Invoking toplevel() on ptolemy.moml.MoMLSimpleApplication@246aee34
----------------- Done invoking toplevel() on ptolemy.moml.MoMLSimpleApplication@246aee34
reloadAllAccessors: .Clock12

===========================================================================================
----------------- testing Sat Dec 21 06:23:57 UTC 2019 /home/travis/build/icyphy/ptII/ptolemy/actor/lib/test/auto/Clock13.xml
----------------- Instantiating /home/travis/build/icyphy/ptII/ptolemy/actor/lib/test/auto/Clock13.xml
4 ms. Memory: 283648K Free: 172907K (61%)
----------------- Invoking toplevel() on ptolemy.moml.MoMLSimpleApplication@3dc76b9
----------------- Done invoking toplevel() on ptolemy.moml.MoMLSimpleApplication@3dc76b9
reloadAllAccessors: .Clock13

===========================================================================================
----------------- testing Sat Dec 21 06:23:57 UTC 2019 /home/travis/build/icyphy/ptII/ptolemy/actor/lib/test/auto/Clock14.xml
----------------- Instantiating /home/travis/build/icyphy/ptII/ptolemy/actor/lib/test/auto/Clock14.xml
3 ms. Memory: 283648K Free: 166787K (59%)
----------------- Invoking toplevel() on ptolemy.moml.MoMLSimpleApplication@3f5a2f53
----------------- Done invoking toplevel() on ptolemy.moml.MoMLSimpleApplication@3f5a2f53
reloadAllAccessors: .Clock14

===========================================================================================
----------------- testing Sat Dec 21 06:23:57 UTC 2019 /home/travis/build/icyphy/ptII/ptolemy/actor/lib/test/auto/Clock15.xml
----------------- Instantiating /home/travis/build/icyphy/ptII/ptolemy/actor/lib/test/auto/Clock15.xml
3 ms. Memory: 283648K Free: 160643K (57%)
----------------- Invoking toplevel() on ptolemy.moml.MoMLSimpleApplication@5a0f11c0
----------------- Done invoking toplevel() on ptolemy.moml.MoMLSimpleApplication@5a0f11c0
reloadAllAccessors: .Clock15

===========================================================================================
----------------- testing Sat Dec 21 06:23:57 UTC 2019 /home/travis/build/icyphy/ptII/ptolemy/actor/lib/test/auto/Clock16.xml
----------------- Instantiating /home/travis/build/icyphy/ptII/ptolemy/actor/lib/test/auto/Clock16.xml
39 ms. Memory: 283648K Free: 146299K (52%)
----------------- Invoking toplevel() on ptolemy.moml.MoMLSimpleApplication@241ebb3d
----------------- Done invoking toplevel() on ptolemy.moml.MoMLSimpleApplication@241ebb3d
reloadAllAccessors: .Clock16

===========================================================================================
----------------- testing Sat Dec 21 06:23:57 UTC 2019 /home/travis/build/icyphy/ptII/ptolemy/actor/lib/test/auto/Clock17.xml
----------------- Instantiating /home/travis/build/icyphy/ptII/ptolemy/actor/lib/test/auto/Clock17.xml
24 ms. Memory: 283648K Free: 132491K (47%)
----------------- Invoking toplevel() on ptolemy.moml.MoMLSimpleApplication@2838ab4
----------------- Done invoking toplevel() on ptolemy.moml.MoMLSimpleApplication@2838ab4
reloadAllAccessors: .Clock17

===========================================================================================
----------------- testing Sat Dec 21 06:23:58 UTC 2019 /home/travis/build/icyphy/ptII/ptolemy/actor/lib/test/auto/Clock18.xml
----------------- Instantiating /home/travis/build/icyphy/ptII/ptolemy/actor/lib/test/auto/Clock18.xml
19 ms. Memory: 283648K Free: 119675K (42%)
----------------- Invoking toplevel() on ptolemy.moml.MoMLSimpleApplication@437992b3
----------------- Done invoking toplevel() on ptolemy.moml.MoMLSimpleApplication@437992b3
reloadAllAccessors: .Clock18

===========================================================================================
----------------- testing Sat Dec 21 06:23:58 UTC 2019 /home/travis/build/icyphy/ptII/ptolemy/actor/lib/test/auto/Clock19.xml
----------------- Instantiating /home/travis/build/icyphy/ptII/ptolemy/actor/lib/test/auto/Clock19.xml
13 ms. Memory: 283648K Free: 106363K (37%)
----------------- Invoking toplevel() on ptolemy.moml.MoMLSimpleApplication@4dbca0be
----------------- Done invoking toplevel() on ptolemy.moml.MoMLSimpleApplication@4dbca0be
reloadAllAccessors: .Clock19

===========================================================================================
----------------- testing Sat Dec 21 06:23:58 UTC 2019 /home/travis/build/icyphy/ptII/ptolemy/actor/lib/test/auto/Clock2.xml
----------------- Instantiating /home/travis/build/icyphy/ptII/ptolemy/actor/lib/test/auto/Clock2.xml
4 ms. Memory: 283648K Free: 102251K (36%)
----------------- Invoking toplevel() on ptolemy.moml.MoMLSimpleApplication@31a42acb
----------------- Done invoking toplevel() on ptolemy.moml.MoMLSimpleApplication@31a42acb
reloadAllAccessors: .Clock2

===========================================================================================
----------------- testing Sat Dec 21 06:23:58 UTC 2019 /home/travis/build/icyphy/ptII/ptolemy/actor/lib/test/auto/Clock20.xml
----------------- Instantiating /home/travis/build/icyphy/ptII/ptolemy/actor/lib/test/auto/Clock20.xml
6 ms. Memory: 283648K Free: 96651K (34%)
----------------- Invoking toplevel() on ptolemy.moml.MoMLSimpleApplication@122f9bcb
----------------- Done invoking toplevel() on ptolemy.moml.MoMLSimpleApplication@122f9bcb
reloadAllAccessors: .Clock20

===========================================================================================
----------------- testing Sat Dec 21 06:23:58 UTC 2019 /home/travis/build/icyphy/ptII/ptolemy/actor/lib/test/auto/Clock21.xml
----------------- Instantiating /home/travis/build/icyphy/ptII/ptolemy/actor/lib/test/auto/Clock21.xml
3 ms. Memory: 283648K Free: 91017K (32%)
----------------- Invoking toplevel() on ptolemy.moml.MoMLSimpleApplication@2e05bffb
----------------- Done invoking toplevel() on ptolemy.moml.MoMLSimpleApplication@2e05bffb
reloadAllAccessors: .Clock21

===========================================================================================
----------------- testing Sat Dec 21 06:23:58 UTC 2019 /home/travis/build/icyphy/ptII/ptolemy/actor/lib/test/auto/Clock22.xml
----------------- Instantiating /home/travis/build/icyphy/ptII/ptolemy/actor/lib/test/auto/Clock22.xml
6 ms. Memory: 283648K Free: 85897K (30%)
----------------- Invoking toplevel() on ptolemy.moml.MoMLSimpleApplication@7e7af899
----------------- Done invoking toplevel() on ptolemy.moml.MoMLSimpleApplication@7e7af899
reloadAllAccessors: .Clock22

===========================================================================================
----------------- testing Sat Dec 21 06:23:58 UTC 2019 /home/travis/build/icyphy/ptII/ptolemy/actor/lib/test/auto/Clock23.xml
----------------- Instantiating /home/travis/build/icyphy/ptII/ptolemy/actor/lib/test/auto/Clock23.xml
4 ms. Memory: 283648K Free: 80267K (28%)
----------------- Invoking toplevel() on ptolemy.moml.MoMLSimpleApplication@6bb92f53
----------------- Done invoking toplevel() on ptolemy.moml.MoMLSimpleApplication@6bb92f53
reloadAllAccessors: .Clock23

===========================================================================================
----------------- testing Sat Dec 21 06:23:58 UTC 2019 /home/travis/build/icyphy/ptII/ptolemy/actor/lib/test/auto/Clock24.xml
----------------- Instantiating /home/travis/build/icyphy/ptII/ptolemy/actor/lib/test/auto/Clock24.xml
3 ms. Memory: 283648K Free: 75147K (26%)
----------------- Invoking toplevel() on ptolemy.moml.MoMLSimpleApplication@127c0dbd
----------------- Done invoking toplevel() on ptolemy.moml.MoMLSimpleApplication@127c0dbd
reloadAllAccessors: .Clock24

===========================================================================================
----------------- testing Sat Dec 21 06:23:58 UTC 2019 /home/travis/build/icyphy/ptII/ptolemy/actor/lib/test/auto/Clock4.xml
----------------- Instantiating /home/travis/build/icyphy/ptII/ptolemy/actor/lib/test/auto/Clock4.xml
1 ms. Memory: 283648K Free: 70027K (25%)
----------------- Invoking toplevel() on ptolemy.moml.MoMLSimpleApplication@35b70f01
----------------- Done invoking toplevel() on ptolemy.moml.MoMLSimpleApplication@35b70f01
reloadAllAccessors: .Clock4

===========================================================================================
----------------- testing Sat Dec 21 06:23:58 UTC 2019 /home/travis/build/icyphy/ptII/ptolemy/actor/lib/test/auto/Clock5.xml
----------------- Instantiating /home/travis/build/icyphy/ptII/ptolemy/actor/lib/test/auto/Clock5.xml
2 ms. Memory: 283648K Free: 234189K (83%)
----------------- Invoking toplevel() on ptolemy.moml.MoMLSimpleApplication@32e64f09
----------------- Done invoking toplevel() on ptolemy.moml.MoMLSimpleApplication@32e64f09
reloadAllAccessors: .Clock5

===========================================================================================
----------------- testing Sat Dec 21 06:23:58 UTC 2019 /home/travis/build/icyphy/ptII/ptolemy/actor/lib/test/auto/Clock6.xml
----------------- Instantiating /home/travis/build/icyphy/ptII/ptolemy/actor/lib/test/auto/Clock6.xml
1 ms. Memory: 283648K Free: 229583K (81%)
----------------- Invoking toplevel() on ptolemy.moml.MoMLSimpleApplication@5aaeda8f
----------------- Done invoking toplevel() on ptolemy.moml.MoMLSimpleApplication@5aaeda8f
reloadAllAccessors: .Clock6

===========================================================================================
----------------- testing Sat Dec 21 06:23:58 UTC 2019 /home/travis/build/icyphy/ptII/ptolemy/actor/lib/test/auto/Clock7.xml
----------------- Instantiating /home/travis/build/icyphy/ptII/ptolemy/actor/lib/test/auto/Clock7.xml
2 ms. Memory: 283648K Free: 224973K (79%)
----------------- Invoking toplevel() on ptolemy.moml.MoMLSimpleApplication@34a3e14a
----------------- Done invoking toplevel() on ptolemy.moml.MoMLSimpleApplication@34a3e14a
reloadAllAccessors: .Clock7

===========================================================================================
----------------- testing Sat Dec 21 06:23:58 UTC 2019 /home/travis/build/icyphy/ptII/ptolemy/actor/lib/test/auto/Clock8.xml
----------------- Instantiating /home/travis/build/icyphy/ptII/ptolemy/actor/lib/test/auto/Clock8.xml
4 ms. Memory: 283648K Free: 219823K (77%)
----------------- Invoking toplevel() on ptolemy.moml.MoMLSimpleApplication@20818c41
----------------- Done invoking toplevel() on ptolemy.moml.MoMLSimpleApplication@20818c41
reloadAllAccessors: .Clock8

===========================================================================================
----------------- testing Sat Dec 21 06:23:58 UTC 2019 /home/travis/build/icyphy/ptII/ptolemy/actor/lib/test/auto/Clock9.xml
----------------- Instantiating /home/travis/build/icyphy/ptII/ptolemy/actor/lib/test/auto/Clock9.xml
5 ms. Memory: 283648K Free: 214223K (76%)
----------------- Invoking toplevel() on ptolemy.moml.MoMLSimpleApplication@30f558e2
----------------- Done invoking toplevel() on ptolemy.moml.MoMLSimpleApplication@30f558e2
reloadAllAccessors: .Clock9

===========================================================================================
----------------- testing Sat Dec 21 06:23:58 UTC 2019 /home/travis/build/icyphy/ptII/ptolemy/actor/lib/test/auto/CommDistDiscard.xml
----------------- Instantiating /home/travis/build/icyphy/ptII/ptolemy/actor/lib/test/auto/CommDistDiscard.xml
4 ms. Memory: 283648K Free: 208589K (74%)
----------------- Invoking toplevel() on ptolemy.moml.MoMLSimpleApplication@1834a278
----------------- Done invoking toplevel() on ptolemy.moml.MoMLSimpleApplication@1834a278
reloadAllAccessors: .CommDistDiscard

===========================================================================================
----------------- testing Sat Dec 21 06:23:58 UTC 2019 /home/travis/build/icyphy/ptII/ptolemy/actor/lib/test/auto/Commutator.xml
----------------- Instantiating /home/travis/build/icyphy/ptII/ptolemy/actor/lib/test/auto/Commutator.xml
4 ms. Memory: 283648K Free: 204493K (72%)
----------------- Invoking toplevel() on ptolemy.moml.MoMLSimpleApplication@592416ca
----------------- Done invoking toplevel() on ptolemy.moml.MoMLSimpleApplication@592416ca
reloadAllAccessors: .Commutator

===========================================================================================
----------------- testing Sat Dec 21 06:23:58 UTC 2019 /home/travis/build/icyphy/ptII/ptolemy/actor/lib/test/auto/Commutator2.xml
----------------- Instantiating /home/travis/build/icyphy/ptII/ptolemy/actor/lib/test/auto/Commutator2.xml
1 ms. Memory: 283648K Free: 199887K (70%)
----------------- Invoking toplevel() on ptolemy.moml.MoMLSimpleApplication@3b83e277
----------------- Done invoking toplevel() on ptolemy.moml.MoMLSimpleApplication@3b83e277
reloadAllAccessors: .Commutator2

===========================================================================================
----------------- testing Sat Dec 21 06:23:58 UTC 2019 /home/travis/build/icyphy/ptII/ptolemy/actor/lib/test/auto/Commutator3.xml
----------------- Instantiating /home/travis/build/icyphy/ptII/ptolemy/actor/lib/test/auto/Commutator3.xml
2 ms. Memory: 283648K Free: 195791K (69%)
----------------- Invoking toplevel() on ptolemy.moml.MoMLSimpleApplication@6265c88f
----------------- Done invoking toplevel() on ptolemy.moml.MoMLSimpleApplication@6265c88f
reloadAllAccessors: .Commutator3

===========================================================================================
----------------- testing Sat Dec 21 06:23:58 UTC 2019 /home/travis/build/icyphy/ptII/ptolemy/actor/lib/test/auto/Compare.xml
----------------- Instantiating /home/travis/build/icyphy/ptII/ptolemy/actor/lib/test/auto/Compare.xml
3 ms. Memory: 283648K Free: 189133K (67%)
----------------- Invoking toplevel() on ptolemy.moml.MoMLSimpleApplication@15f4511d
----------------- Done invoking toplevel() on ptolemy.moml.MoMLSimpleApplication@15f4511d
reloadAllAccessors: .Compare

===========================================================================================
----------------- testing Sat Dec 21 06:23:58 UTC 2019 /home/travis/build/icyphy/ptII/ptolemy/actor/lib/test/auto/CompareDE.xml
----------------- Instantiating /home/travis/build/icyphy/ptII/ptolemy/actor/lib/test/auto/CompareDE.xml
4 ms. Memory: 283648K Free: 181965K (64%)
----------------- Invoking toplevel() on ptolemy.moml.MoMLSimpleApplication@6eae3ea3
----------------- Done invoking toplevel() on ptolemy.moml.MoMLSimpleApplication@6eae3ea3
reloadAllAccessors: .CompareDE

===========================================================================================
----------------- testing Sat Dec 21 06:23:58 UTC 2019 /home/travis/build/icyphy/ptII/ptolemy/actor/lib/test/auto/ComplexDivide.xml
----------------- Instantiating /home/travis/build/icyphy/ptII/ptolemy/actor/lib/test/auto/ComplexDivide.xml
2 ms. Memory: 283648K Free: 178383K (63%)
----------------- Invoking toplevel() on ptolemy.moml.MoMLSimpleApplication@70bc0837
----------------- Done invoking toplevel() on ptolemy.moml.MoMLSimpleApplication@70bc0837
reloadAllAccessors: .ComplexDivide

===========================================================================================
----------------- testing Sat Dec 21 06:23:58 UTC 2019 /home/travis/build/icyphy/ptII/ptolemy/actor/lib/test/auto/ComputeHistogram.xml
----------------- Instantiating /home/travis/build/icyphy/ptII/ptolemy/actor/lib/test/auto/ComputeHistogram.xml
35 ms. Memory: 283648K Free: 165071K (58%)
----------------- Invoking toplevel() on ptolemy.moml.MoMLSimpleApplication@3ca95aeb
----------------- Done invoking toplevel() on ptolemy.moml.MoMLSimpleApplication@3ca95aeb
reloadAllAccessors: .ComputeHistogram

===========================================================================================
----------------- testing Sat Dec 21 06:23:58 UTC 2019 /home/travis/build/icyphy/ptII/ptolemy/actor/lib/test/auto/ConfigurationSelect.xml
----------------- Instantiating /home/travis/build/icyphy/ptII/ptolemy/actor/lib/test/auto/ConfigurationSelect.xml
9 ms. Memory: 283648K Free: 159951K (56%)
----------------- Invoking toplevel() on ptolemy.moml.MoMLSimpleApplication@75993b1f
----------------- Done invoking toplevel() on ptolemy.moml.MoMLSimpleApplication@75993b1f
reloadAllAccessors: .ConfigurationSelect

===========================================================================================
----------------- testing Sat Dec 21 06:23:58 UTC 2019 /home/travis/build/icyphy/ptII/ptolemy/actor/lib/test/auto/ConfigurationSelect2.xml
----------------- Instantiating /home/travis/build/icyphy/ptII/ptolemy/actor/lib/test/auto/ConfigurationSelect2.xml
1 ms. Memory: 283648K Free: 155341K (55%)
----------------- Invoking toplevel() on ptolemy.moml.MoMLSimpleApplication@3ee5e255
----------------- Done invoking toplevel() on ptolemy.moml.MoMLSimpleApplication@3ee5e255
reloadAllAccessors: .ConfigurationSelect2

===========================================================================================
----------------- testing Sat Dec 21 06:23:58 UTC 2019 /home/travis/build/icyphy/ptII/ptolemy/actor/lib/test/auto/ConfigurationSwitch.xml
----------------- Instantiating /home/travis/build/icyphy/ptII/ptolemy/actor/lib/test/auto/ConfigurationSwitch.xml
3 ms. Memory: 283648K Free: 149711K (53%)
----------------- Invoking toplevel() on ptolemy.moml.MoMLSimpleApplication@61c653c8
----------------- Done invoking toplevel() on ptolemy.moml.MoMLSimpleApplication@61c653c8
reloadAllAccessors: .ConfigurationSwitch

===========================================================================================
----------------- testing Sat Dec 21 06:23:58 UTC 2019 /home/travis/build/icyphy/ptII/ptolemy/actor/lib/test/auto/ConfigurationSwitch2.xml
----------------- Instantiating /home/travis/build/icyphy/ptII/ptolemy/actor/lib/test/auto/ConfigurationSwitch2.xml
2 ms. Memory: 283648K Free: 144591K (51%)
----------------- Invoking toplevel() on ptolemy.moml.MoMLSimpleApplication@4d5912fc
----------------- Done invoking toplevel() on ptolemy.moml.MoMLSimpleApplication@4d5912fc
reloadAllAccessors: .ConfigurationSwitch2

===========================================================================================
----------------- testing Sat Dec 21 06:23:58 UTC 2019 /home/travis/build/icyphy/ptII/ptolemy/actor/lib/test/auto/ConfigurationSwitchCloningBugWithClassRelationGroup.xml
----------------- Instantiating /home/travis/build/icyphy/ptII/ptolemy/actor/lib/test/auto/ConfigurationSwitchCloningBugWithClassRelationGroup.xml
1 ms. Memory: 283648K Free: 137933K (49%)
----------------- Invoking toplevel() on ptolemy.moml.MoMLSimpleApplication@6f8b1547
----------------- Done invoking toplevel() on ptolemy.moml.MoMLSimpleApplication@6f8b1547
reloadAllAccessors: .ConfigurationSwitchCloningBugWithClassRelationGroup

===========================================================================================
----------------- testing Sat Dec 21 06:23:58 UTC 2019 /home/travis/build/icyphy/ptII/ptolemy/actor/lib/test/auto/ConfigurationSwitchSelectSDF.xml
----------------- Instantiating /home/travis/build/icyphy/ptII/ptolemy/actor/lib/test/auto/ConfigurationSwitchSelectSDF.xml
3 ms. Memory: 283648K Free: 132813K (47%)
----------------- Invoking toplevel() on ptolemy.moml.MoMLSimpleApplication@39e02e37
----------------- Done invoking toplevel() on ptolemy.moml.MoMLSimpleApplication@39e02e37
reloadAllAccessors: .ConfigurationSwitchSelectSDF

===========================================================================================
----------------- testing Sat Dec 21 06:23:58 UTC 2019 /home/travis/build/icyphy/ptII/ptolemy/actor/lib/test/auto/ConfigurationSwitchSelectSDF2.xml
----------------- Instantiating /home/travis/build/icyphy/ptII/ptolemy/actor/lib/test/auto/ConfigurationSwitchSelectSDF2.xml
2 ms. Memory: 283648K Free: 126669K (45%)
----------------- Invoking toplevel() on ptolemy.moml.MoMLSimpleApplication@5859641b
----------------- Done invoking toplevel() on ptolemy.moml.MoMLSimpleApplication@5859641b
reloadAllAccessors: .ConfigurationSwitchSelectSDF2

===========================================================================================
----------------- testing Sat Dec 21 06:23:58 UTC 2019 /home/travis/build/icyphy/ptII/ptolemy/actor/lib/test/auto/Const.xml
----------------- Instantiating /home/travis/build/icyphy/ptII/ptolemy/actor/lib/test/auto/Const.xml
1 ms. Memory: 283648K Free: 123087K (43%)
----------------- Invoking toplevel() on ptolemy.moml.MoMLSimpleApplication@22e08d21
----------------- Done invoking toplevel() on ptolemy.moml.MoMLSimpleApplication@22e08d21
reloadAllAccessors: .Const

===========================================================================================
----------------- testing Sat Dec 21 06:23:58 UTC 2019 /home/travis/build/icyphy/ptII/ptolemy/actor/lib/test/auto/Const2.xml
----------------- Instantiating /home/travis/build/icyphy/ptII/ptolemy/actor/lib/test/auto/Const2.xml
2 ms. Memory: 283648K Free: 119501K (42%)
----------------- Invoking toplevel() on ptolemy.moml.MoMLSimpleApplication@2e23c20b
----------------- Done invoking toplevel() on ptolemy.moml.MoMLSimpleApplication@2e23c20b
reloadAllAccessors: .Const2

===========================================================================================
----------------- testing Sat Dec 21 06:23:58 UTC 2019 /home/travis/build/icyphy/ptII/ptolemy/actor/lib/test/auto/Const3.xml
----------------- Instantiating /home/travis/build/icyphy/ptII/ptolemy/actor/lib/test/auto/Const3.xml
1 ms. Memory: 283648K Free: 116429K (41%)
----------------- Invoking toplevel() on ptolemy.moml.MoMLSimpleApplication@67c820ce
----------------- Done invoking toplevel() on ptolemy.moml.MoMLSimpleApplication@67c820ce
reloadAllAccessors: .Const3

===========================================================================================
----------------- testing Sat Dec 21 06:23:58 UTC 2019 /home/travis/build/icyphy/ptII/ptolemy/actor/lib/test/auto/ConstantPublisherPort1.xml
----------------- Instantiating /home/travis/build/icyphy/ptII/ptolemy/actor/lib/test/auto/ConstantPublisherPort1.xml
5 ms. Memory: 283648K Free: 107727K (38%)
----------------- Invoking toplevel() on ptolemy.moml.MoMLSimpleApplication@7ceb8eba
----------------- Done invoking toplevel() on ptolemy.moml.MoMLSimpleApplication@7ceb8eba
reloadAllAccessors: .ConstantPublisherPort1

===========================================================================================
----------------- testing Sat Dec 21 06:23:58 UTC 2019 /home/travis/build/icyphy/ptII/ptolemy/actor/lib/test/auto/ConstantPublisherPort2.xml
----------------- Instantiating /home/travis/build/icyphy/ptII/ptolemy/actor/lib/test/auto/ConstantPublisherPort2.xml
4 ms. Memory: 283648K Free: 100045K (35%)
----------------- Invoking toplevel() on ptolemy.moml.MoMLSimpleApplication@475303b3
----------------- Done invoking toplevel() on ptolemy.moml.MoMLSimpleApplication@475303b3
reloadAllAccessors: .ConstantPublisherPort2

===========================================================================================
----------------- testing Sat Dec 21 06:23:58 UTC 2019 /home/travis/build/icyphy/ptII/ptolemy/actor/lib/test/auto/ConstantPublisherPort3.xml
----------------- Instantiating /home/travis/build/icyphy/ptII/ptolemy/actor/lib/test/auto/ConstantPublisherPort3.xml
6 ms. Memory: 283648K Free: 92367K (33%)
----------------- Invoking toplevel() on ptolemy.moml.MoMLSimpleApplication@1f451dd
----------------- Done invoking toplevel() on ptolemy.moml.MoMLSimpleApplication@1f451dd
reloadAllAccessors: .ConstantPublisherPort3

===========================================================================================
----------------- testing Sat Dec 21 06:23:58 UTC 2019 /home/travis/build/icyphy/ptII/ptolemy/actor/lib/test/auto/ConstantPublisherPort4.xml
----------------- Instantiating /home/travis/build/icyphy/ptII/ptolemy/actor/lib/test/auto/ConstantPublisherPort4.xml
2 ms. Memory: 283648K Free: 85199K (30%)
----------------- Invoking toplevel() on ptolemy.moml.MoMLSimpleApplication@6d6770c6
----------------- Done invoking toplevel() on ptolemy.moml.MoMLSimpleApplication@6d6770c6
reloadAllAccessors: .ConstantPublisherPort4

===========================================================================================
----------------- testing Sat Dec 21 06:23:58 UTC 2019 /home/travis/build/icyphy/ptII/ptolemy/actor/lib/test/auto/ConstantPublisherPort5.xml
----------------- Instantiating /home/travis/build/icyphy/ptII/ptolemy/actor/lib/test/auto/ConstantPublisherPort5.xml
34 ms. Memory: 283648K Free: 75469K (27%)
----------------- Invoking toplevel() on ptolemy.moml.MoMLSimpleApplication@299c7698
----------------- Done invoking toplevel() on ptolemy.moml.MoMLSimpleApplication@299c7698
reloadAllAccessors: .ConstantPublisherPort5

===========================================================================================
----------------- testing Sat Dec 21 06:23:58 UTC 2019 /home/travis/build/icyphy/ptII/ptolemy/actor/lib/test/auto/ConstantPublisherPort6.xml
----------------- Instantiating /home/travis/build/icyphy/ptII/ptolemy/actor/lib/test/auto/ConstantPublisherPort6.xml
21 ms. Memory: 283648K Free: 234149K (83%)
----------------- Invoking toplevel() on ptolemy.moml.MoMLSimpleApplication@3bc63c15
----------------- Done invoking toplevel() on ptolemy.moml.MoMLSimpleApplication@3bc63c15
reloadAllAccessors: .ConstantPublisherPort6

===========================================================================================
----------------- testing Sat Dec 21 06:23:58 UTC 2019 /home/travis/build/icyphy/ptII/ptolemy/actor/lib/test/auto/ConstantPublisherPort7.xml
----------------- Instantiating /home/travis/build/icyphy/ptII/ptolemy/actor/lib/test/auto/ConstantPublisherPort7.xml
17 ms. Memory: 283648K Free: 223909K (79%)
----------------- Invoking toplevel() on ptolemy.moml.MoMLSimpleApplication@573db1d8
----------------- Done invoking toplevel() on ptolemy.moml.MoMLSimpleApplication@573db1d8
reloadAllAccessors: .ConstantPublisherPort7

===========================================================================================
----------------- testing Sat Dec 21 06:23:59 UTC 2019 /home/travis/build/icyphy/ptII/ptolemy/actor/lib/test/auto/ConstraintMonitor1.xml
----------------- Instantiating /home/travis/build/icyphy/ptII/ptolemy/actor/lib/test/auto/ConstraintMonitor1.xml
2 ms. Memory: 283648K Free: 219301K (77%)
----------------- Invoking toplevel() on ptolemy.moml.MoMLSimpleApplication@38f635cb
----------------- Done invoking toplevel() on ptolemy.moml.MoMLSimpleApplication@38f635cb
reloadAllAccessors: .ConstraintMonitor1

===========================================================================================
----------------- testing Sat Dec 21 06:23:59 UTC 2019 /home/travis/build/icyphy/ptII/ptolemy/actor/lib/test/auto/ConstraintMonitor2.xml
----------------- Instantiating /home/travis/build/icyphy/ptII/ptolemy/actor/lib/test/auto/ConstraintMonitor2.xml
3 ms. Memory: 283648K Free: 214693K (76%)
----------------- Invoking toplevel() on ptolemy.moml.MoMLSimpleApplication@a8fb6aa
----------------- Done invoking toplevel() on ptolemy.moml.MoMLSimpleApplication@a8fb6aa
reloadAllAccessors: .ConstraintMonitor2

===========================================================================================
----------------- testing Sat Dec 21 06:23:59 UTC 2019 /home/travis/build/icyphy/ptII/ptolemy/actor/lib/test/auto/ConstraintMonitor3.xml
----------------- Instantiating /home/travis/build/icyphy/ptII/ptolemy/actor/lib/test/auto/ConstraintMonitor3.xml
4 ms. Memory: 283648K Free: 210087K (74%)
----------------- Invoking toplevel() on ptolemy.moml.MoMLSimpleApplication@79c3961f
----------------- Done invoking toplevel() on ptolemy.moml.MoMLSimpleApplication@79c3961f
reloadAllAccessors: .ConstraintMonitor3

===========================================================================================
----------------- testing Sat Dec 21 06:23:59 UTC 2019 /home/travis/build/icyphy/ptII/ptolemy/actor/lib/test/auto/ConstraintMonitor4.xml
----------------- Instantiating /home/travis/build/icyphy/ptII/ptolemy/actor/lib/test/auto/ConstraintMonitor4.xml
3 ms. Memory: 283648K Free: 205477K (72%)
----------------- Invoking toplevel() on ptolemy.moml.MoMLSimpleApplication@2b7dc23c
----------------- Done invoking toplevel() on ptolemy.moml.MoMLSimpleApplication@2b7dc23c
reloadAllAccessors: .ConstraintMonitor4

===========================================================================================
----------------- testing Sat Dec 21 06:23:59 UTC 2019 /home/travis/build/icyphy/ptII/ptolemy/actor/lib/test/auto/ConstraintMonitor5.xml
----------------- Instantiating /home/travis/build/icyphy/ptII/ptolemy/actor/lib/test/auto/ConstraintMonitor5.xml
1 ms. Memory: 283648K Free: 200357K (71%)
----------------- Invoking toplevel() on ptolemy.moml.MoMLSimpleApplication@28554391
----------------- Done invoking toplevel() on ptolemy.moml.MoMLSimpleApplication@28554391
reloadAllAccessors: .ConstraintMonitor5

===========================================================================================
----------------- testing Sat Dec 21 06:23:59 UTC 2019 /home/travis/build/icyphy/ptII/ptolemy/actor/lib/test/auto/ConstraintMonitor6.xml
----------------- Instantiating /home/travis/build/icyphy/ptII/ptolemy/actor/lib/test/auto/ConstraintMonitor6.xml
2 ms. Memory: 283648K Free: 194199K (68%)
----------------- Invoking toplevel() on ptolemy.moml.MoMLSimpleApplication@746b26a9
----------------- Done invoking toplevel() on ptolemy.moml.MoMLSimpleApplication@746b26a9
reloadAllAccessors: .ConstraintMonitor6

===========================================================================================
----------------- testing Sat Dec 21 06:23:59 UTC 2019 /home/travis/build/icyphy/ptII/ptolemy/actor/lib/test/auto/ConstraintMonitor7.xml
----------------- Instantiating /home/travis/build/icyphy/ptII/ptolemy/actor/lib/test/auto/ConstraintMonitor7.xml
3 ms. Memory: 283648K Free: 188063K (66%)
----------------- Invoking toplevel() on ptolemy.moml.MoMLSimpleApplication@6ef3b8cd
----------------- Done invoking toplevel() on ptolemy.moml.MoMLSimpleApplication@6ef3b8cd
reloadAllAccessors: .ConstraintMonitor7

===========================================================================================
----------------- testing Sat Dec 21 06:23:59 UTC 2019 /home/travis/build/icyphy/ptII/ptolemy/actor/lib/test/auto/ConstraintMonitor8.xml
----------------- Instantiating /home/travis/build/icyphy/ptII/ptolemy/actor/lib/test/auto/ConstraintMonitor8.xml
6 ms. Memory: 283648K Free: 180391K (64%)
----------------- Invoking toplevel() on ptolemy.moml.MoMLSimpleApplication@183d56e8
----------------- Done invoking toplevel() on ptolemy.moml.MoMLSimpleApplication@183d56e8
reloadAllAccessors: .ConstraintMonitor8

===========================================================================================
----------------- testing Sat Dec 21 06:23:59 UTC 2019 /home/travis/build/icyphy/ptII/ptolemy/actor/lib/test/auto/Counter.xml
----------------- Instantiating /home/travis/build/icyphy/ptII/ptolemy/actor/lib/test/auto/Counter.xml
2 ms. Memory: 283648K Free: 175271K (62%)
----------------- Invoking toplevel() on ptolemy.moml.MoMLSimpleApplication@10534d00
----------------- Done invoking toplevel() on ptolemy.moml.MoMLSimpleApplication@10534d00
reloadAllAccessors: .Counter

===========================================================================================
----------------- testing Sat Dec 21 06:23:59 UTC 2019 /home/travis/build/icyphy/ptII/ptolemy/actor/lib/test/auto/CurrentTimeSDF.xml
----------------- Instantiating /home/travis/build/icyphy/ptII/ptolemy/actor/lib/test/auto/CurrentTimeSDF.xml
3 ms. Memory: 283648K Free: 171685K (61%)
----------------- Invoking toplevel() on ptolemy.moml.MoMLSimpleApplication@77802972
----------------- Done invoking toplevel() on ptolemy.moml.MoMLSimpleApplication@77802972
reloadAllAccessors: .CurrentTimeSDF

===========================================================================================
----------------- testing Sat Dec 21 06:23:59 UTC 2019 /home/travis/build/icyphy/ptII/ptolemy/actor/lib/test/auto/DB.xml
----------------- Instantiating /home/travis/build/icyphy/ptII/ptolemy/actor/lib/test/auto/DB.xml
2 ms. Memory: 283648K Free: 166055K (59%)
----------------- Invoking toplevel() on ptolemy.moml.MoMLSimpleApplication@49a64589
----------------- Done invoking toplevel() on ptolemy.moml.MoMLSimpleApplication@49a64589
reloadAllAccessors: .DB

===========================================================================================
----------------- testing Sat Dec 21 06:23:59 UTC 2019 /home/travis/build/icyphy/ptII/ptolemy/actor/lib/test/auto/DBDE.xml
----------------- Instantiating /home/travis/build/icyphy/ptII/ptolemy/actor/lib/test/auto/DBDE.xml
2 ms. Memory: 283648K Free: 159911K (56%)
----------------- Invoking toplevel() on ptolemy.moml.MoMLSimpleApplication@5a96d77
----------------- Done invoking toplevel() on ptolemy.moml.MoMLSimpleApplication@5a96d77
reloadAllAccessors: .DBDE

===========================================================================================
----------------- testing Sat Dec 21 06:23:59 UTC 2019 /home/travis/build/icyphy/ptII/ptolemy/actor/lib/test/auto/DateConstructor.xml
----------------- Instantiating /home/travis/build/icyphy/ptII/ptolemy/actor/lib/test/auto/DateConstructor.xml
26 ms. Memory: 283648K Free: 142503K (50%)
----------------- Invoking toplevel() on ptolemy.moml.MoMLSimpleApplication@673f47ee
----------------- Done invoking toplevel() on ptolemy.moml.MoMLSimpleApplication@673f47ee
reloadAllAccessors: .DateConstructor

===========================================================================================
----------------- testing Sat Dec 21 06:23:59 UTC 2019 /home/travis/build/icyphy/ptII/ptolemy/actor/lib/test/auto/DelayTime.xml
----------------- Instantiating /home/travis/build/icyphy/ptII/ptolemy/actor/lib/test/auto/DelayTime.xml
4 ms. Memory: 283648K Free: 136869K (48%)
----------------- Invoking toplevel() on ptolemy.moml.MoMLSimpleApplication@60c196f1
----------------- Done invoking toplevel() on ptolemy.moml.MoMLSimpleApplication@60c196f1
reloadAllAccessors: .DelayTime

===========================================================================================
----------------- testing Sat Dec 21 06:23:59 UTC 2019 /home/travis/build/icyphy/ptII/ptolemy/actor/lib/test/auto/Dictionary1.xml
----------------- Instantiating /home/travis/build/icyphy/ptII/ptolemy/actor/lib/test/auto/Dictionary1.xml
2 ms. Memory: 283648K Free: 131239K (46%)
----------------- Invoking toplevel() on ptolemy.moml.MoMLSimpleApplication@1443e9ad
----------------- Done invoking toplevel() on ptolemy.moml.MoMLSimpleApplication@1443e9ad
reloadAllAccessors: .Dictionary1

===========================================================================================
----------------- testing Sat Dec 21 06:23:59 UTC 2019 /home/travis/build/icyphy/ptII/ptolemy/actor/lib/test/auto/Dictionary2.xml
----------------- Instantiating /home/travis/build/icyphy/ptII/ptolemy/actor/lib/test/auto/Dictionary2.xml
2 ms. Memory: 283648K Free: 126119K (44%)
----------------- Invoking toplevel() on ptolemy.moml.MoMLSimpleApplication@3eb68f06
----------------- Done invoking toplevel() on ptolemy.moml.MoMLSimpleApplication@3eb68f06
reloadAllAccessors: .Dictionary2

===========================================================================================
----------------- testing Sat Dec 21 06:23:59 UTC 2019 /home/travis/build/icyphy/ptII/ptolemy/actor/lib/test/auto/Dictionary3.xml
----------------- Instantiating /home/travis/build/icyphy/ptII/ptolemy/actor/lib/test/auto/Dictionary3.xml
2 ms. Memory: 283648K Free: 120485K (42%)
----------------- Invoking toplevel() on ptolemy.moml.MoMLSimpleApplication@12b073f9
----------------- Done invoking toplevel() on ptolemy.moml.MoMLSimpleApplication@12b073f9
reloadAllAccessors: .Dictionary3

===========================================================================================
----------------- testing Sat Dec 21 06:23:59 UTC 2019 /home/travis/build/icyphy/ptII/ptolemy/actor/lib/test/auto/Dictionary4.xml
----------------- Instantiating /home/travis/build/icyphy/ptII/ptolemy/actor/lib/test/auto/Dictionary4.xml
2 ms. Memory: 283648K Free: 113317K (40%)
----------------- Invoking toplevel() on ptolemy.moml.MoMLSimpleApplication@3ea74b2e
----------------- Done invoking toplevel() on ptolemy.moml.MoMLSimpleApplication@3ea74b2e
reloadAllAccessors: .Dictionary4

===========================================================================================
----------------- testing Sat Dec 21 06:23:59 UTC 2019 /home/travis/build/icyphy/ptII/ptolemy/actor/lib/test/auto/Differential.xml
----------------- Instantiating /home/travis/build/icyphy/ptII/ptolemy/actor/lib/test/auto/Differential.xml
3 ms. Memory: 283648K Free: 109221K (39%)
----------------- Invoking toplevel() on ptolemy.moml.MoMLSimpleApplication@65d921d1
----------------- Done invoking toplevel() on ptolemy.moml.MoMLSimpleApplication@65d921d1
reloadAllAccessors: .Differential

===========================================================================================
----------------- testing Sat Dec 21 06:23:59 UTC 2019 /home/travis/build/icyphy/ptII/ptolemy/actor/lib/test/auto/Director.xml
----------------- Instantiating /home/travis/build/icyphy/ptII/ptolemy/actor/lib/test/auto/Director.xml
3 ms. Memory: 283648K Free: 105639K (37%)
----------------- Invoking toplevel() on ptolemy.moml.MoMLSimpleApplication@afedc5d
----------------- Done invoking toplevel() on ptolemy.moml.MoMLSimpleApplication@afedc5d
reloadAllAccessors: .Director

===========================================================================================
----------------- testing Sat Dec 21 06:23:59 UTC 2019 /home/travis/build/icyphy/ptII/ptolemy/actor/lib/test/auto/DiscreteClock.xml
----------------- Instantiating /home/travis/build/icyphy/ptII/ptolemy/actor/lib/test/auto/DiscreteClock.xml
1 ms. Memory: 283648K Free: 101543K (36%)
----------------- Invoking toplevel() on ptolemy.moml.MoMLSimpleApplication@96322bd
----------------- Done invoking toplevel() on ptolemy.moml.MoMLSimpleApplication@96322bd
reloadAllAccessors: .DiscreteClock

===========================================================================================
----------------- testing Sat Dec 21 06:23:59 UTC 2019 /home/travis/build/icyphy/ptII/ptolemy/actor/lib/test/auto/DiscreteClock10.xml
----------------- Instantiating /home/travis/build/icyphy/ptII/ptolemy/actor/lib/test/auto/DiscreteClock10.xml
2 ms. Memory: 283648K Free: 95399K (34%)
----------------- Invoking toplevel() on ptolemy.moml.MoMLSimpleApplication@1416edc5
----------------- Done invoking toplevel() on ptolemy.moml.MoMLSimpleApplication@1416edc5
reloadAllAccessors: .DiscreteClock10

===========================================================================================
----------------- testing Sat Dec 21 06:23:59 UTC 2019 /home/travis/build/icyphy/ptII/ptolemy/actor/lib/test/auto/DiscreteClock11.xml
----------------- Instantiating /home/travis/build/icyphy/ptII/ptolemy/actor/lib/test/auto/DiscreteClock11.xml
2 ms. Memory: 283648K Free: 89765K (32%)
----------------- Invoking toplevel() on ptolemy.moml.MoMLSimpleApplication@68378872
----------------- Done invoking toplevel() on ptolemy.moml.MoMLSimpleApplication@68378872
reloadAllAccessors: .DiscreteClock11

===========================================================================================
----------------- testing Sat Dec 21 06:23:59 UTC 2019 /home/travis/build/icyphy/ptII/ptolemy/actor/lib/test/auto/DiscreteClock12.xml
----------------- Instantiating /home/travis/build/icyphy/ptII/ptolemy/actor/lib/test/auto/DiscreteClock12.xml
3 ms. Memory: 283648K Free: 83621K (29%)
----------------- Invoking toplevel() on ptolemy.moml.MoMLSimpleApplication@1ecb8eba
----------------- Done invoking toplevel() on ptolemy.moml.MoMLSimpleApplication@1ecb8eba
reloadAllAccessors: .DiscreteClock12

===========================================================================================
----------------- testing Sat Dec 21 06:23:59 UTC 2019 /home/travis/build/icyphy/ptII/ptolemy/actor/lib/test/auto/DiscreteClock13.xml
----------------- Instantiating /home/travis/build/icyphy/ptII/ptolemy/actor/lib/test/auto/DiscreteClock13.xml
4 ms. Memory: 283648K Free: 77471K (27%)
----------------- Invoking toplevel() on ptolemy.moml.MoMLSimpleApplication@cc4bcaa
----------------- Done invoking toplevel() on ptolemy.moml.MoMLSimpleApplication@cc4bcaa
reloadAllAccessors: .DiscreteClock13

===========================================================================================
----------------- testing Sat Dec 21 06:23:59 UTC 2019 /home/travis/build/icyphy/ptII/ptolemy/actor/lib/test/auto/DiscreteClock14.xml
----------------- Instantiating /home/travis/build/icyphy/ptII/ptolemy/actor/lib/test/auto/DiscreteClock14.xml
6 ms. Memory: 283648K Free: 71303K (25%)
----------------- Invoking toplevel() on ptolemy.moml.MoMLSimpleApplication@38fd429b
----------------- Done invoking toplevel() on ptolemy.moml.MoMLSimpleApplication@38fd429b
reloadAllAccessors: .DiscreteClock14

===========================================================================================
----------------- testing Sat Dec 21 06:23:59 UTC 2019 /home/travis/build/icyphy/ptII/ptolemy/actor/lib/test/auto/DiscreteClock15.xml
----------------- Instantiating /home/travis/build/icyphy/ptII/ptolemy/actor/lib/test/auto/DiscreteClock15.xml
5 ms. Memory: 283648K Free: 233263K (82%)
----------------- Invoking toplevel() on ptolemy.moml.MoMLSimpleApplication@1db1a348
----------------- Done invoking toplevel() on ptolemy.moml.MoMLSimpleApplication@1db1a348
reloadAllAccessors: .DiscreteClock15

===========================================================================================
----------------- testing Sat Dec 21 06:23:59 UTC 2019 /home/travis/build/icyphy/ptII/ptolemy/actor/lib/test/auto/DiscreteClock16.xml
----------------- Instantiating /home/travis/build/icyphy/ptII/ptolemy/actor/lib/test/auto/DiscreteClock16.xml
16 ms. Memory: 283648K Free: 219437K (77%)
----------------- Invoking toplevel() on ptolemy.moml.MoMLSimpleApplication@6be90b63
----------------- Done invoking toplevel() on ptolemy.moml.MoMLSimpleApplication@6be90b63
reloadAllAccessors: .DiscreteClock16

===========================================================================================
----------------- testing Sat Dec 21 06:23:59 UTC 2019 /home/travis/build/icyphy/ptII/ptolemy/actor/lib/test/auto/DiscreteClock17.xml
----------------- Instantiating /home/travis/build/icyphy/ptII/ptolemy/actor/lib/test/auto/DiscreteClock17.xml
15 ms. Memory: 283648K Free: 205101K (72%)
----------------- Invoking toplevel() on ptolemy.moml.MoMLSimpleApplication@1f52ca48
----------------- Done invoking toplevel() on ptolemy.moml.MoMLSimpleApplication@1f52ca48
reloadAllAccessors: .DiscreteClock17

===========================================================================================
----------------- testing Sat Dec 21 06:23:59 UTC 2019 /home/travis/build/icyphy/ptII/ptolemy/actor/lib/test/auto/DiscreteClock18.xml
----------------- Instantiating /home/travis/build/icyphy/ptII/ptolemy/actor/lib/test/auto/DiscreteClock18.xml
20 ms. Memory: 283648K Free: 191789K (68%)
----------------- Invoking toplevel() on ptolemy.moml.MoMLSimpleApplication@4971fd5f
----------------- Done invoking toplevel() on ptolemy.moml.MoMLSimpleApplication@4971fd5f
reloadAllAccessors: .DiscreteClock18

===========================================================================================
----------------- testing Sat Dec 21 06:23:59 UTC 2019 /home/travis/build/icyphy/ptII/ptolemy/actor/lib/test/auto/DiscreteClock19.xml
----------------- Instantiating /home/travis/build/icyphy/ptII/ptolemy/actor/lib/test/auto/DiscreteClock19.xml
17 ms. Memory: 283648K Free: 178463K (63%)
----------------- Invoking toplevel() on ptolemy.moml.MoMLSimpleApplication@5aa8c5c
----------------- Done invoking toplevel() on ptolemy.moml.MoMLSimpleApplication@5aa8c5c
reloadAllAccessors: .DiscreteClock19

===========================================================================================
----------------- testing Sat Dec 21 06:23:59 UTC 2019 /home/travis/build/icyphy/ptII/ptolemy/actor/lib/test/auto/DiscreteClock2.xml
----------------- Instantiating /home/travis/build/icyphy/ptII/ptolemy/actor/lib/test/auto/DiscreteClock2.xml
3 ms. Memory: 283648K Free: 173343K (61%)
----------------- Invoking toplevel() on ptolemy.moml.MoMLSimpleApplication@59080ca9
----------------- Done invoking toplevel() on ptolemy.moml.MoMLSimpleApplication@59080ca9
reloadAllAccessors: .DiscreteClock2

===========================================================================================
----------------- testing Sat Dec 21 06:23:59 UTC 2019 /home/travis/build/icyphy/ptII/ptolemy/actor/lib/test/auto/DiscreteClock20.xml
----------------- Instantiating /home/travis/build/icyphy/ptII/ptolemy/actor/lib/test/auto/DiscreteClock20.xml
7 ms. Memory: 283648K Free: 167727K (59%)
----------------- Invoking toplevel() on ptolemy.moml.MoMLSimpleApplication@358c414c
----------------- Done invoking toplevel() on ptolemy.moml.MoMLSimpleApplication@358c414c
reloadAllAccessors: .DiscreteClock20

===========================================================================================
----------------- testing Sat Dec 21 06:23:59 UTC 2019 /home/travis/build/icyphy/ptII/ptolemy/actor/lib/test/auto/DiscreteClock21.xml
----------------- Instantiating /home/travis/build/icyphy/ptII/ptolemy/actor/lib/test/auto/DiscreteClock21.xml
5 ms. Memory: 283648K Free: 162093K (57%)
----------------- Invoking toplevel() on ptolemy.moml.MoMLSimpleApplication@77f43d84
----------------- Done invoking toplevel() on ptolemy.moml.MoMLSimpleApplication@77f43d84
reloadAllAccessors: .DiscreteClock21

===========================================================================================
----------------- testing Sat Dec 21 06:23:59 UTC 2019 /home/travis/build/icyphy/ptII/ptolemy/actor/lib/test/auto/DiscreteClock22.xml
----------------- Instantiating /home/travis/build/icyphy/ptII/ptolemy/actor/lib/test/auto/DiscreteClock22.xml
5 ms. Memory: 283648K Free: 156463K (55%)
----------------- Invoking toplevel() on ptolemy.moml.MoMLSimpleApplication@5c6b9b59
----------------- Done invoking toplevel() on ptolemy.moml.MoMLSimpleApplication@5c6b9b59
reloadAllAccessors: .DiscreteClock22

===========================================================================================
----------------- testing Sat Dec 21 06:23:59 UTC 2019 /home/travis/build/icyphy/ptII/ptolemy/actor/lib/test/auto/DiscreteClock23.xml
----------------- Instantiating /home/travis/build/icyphy/ptII/ptolemy/actor/lib/test/auto/DiscreteClock23.xml
8 ms. Memory: 283648K Free: 151343K (53%)
----------------- Invoking toplevel() on ptolemy.moml.MoMLSimpleApplication@f6c8059
----------------- Done invoking toplevel() on ptolemy.moml.MoMLSimpleApplication@f6c8059
reloadAllAccessors: .DiscreteClock23

===========================================================================================
----------------- testing Sat Dec 21 06:23:59 UTC 2019 /home/travis/build/icyphy/ptII/ptolemy/actor/lib/test/auto/DiscreteClock24.xml
----------------- Instantiating /home/travis/build/icyphy/ptII/ptolemy/actor/lib/test/auto/DiscreteClock24.xml
4 ms. Memory: 283648K Free: 145709K (51%)
----------------- Invoking toplevel() on ptolemy.moml.MoMLSimpleApplication@6587e26b
----------------- Done invoking toplevel() on ptolemy.moml.MoMLSimpleApplication@6587e26b
reloadAllAccessors: .DiscreteClock24

===========================================================================================
----------------- testing Sat Dec 21 06:23:59 UTC 2019 /home/travis/build/icyphy/ptII/ptolemy/actor/lib/test/auto/DiscreteClock4.xml
----------------- Instantiating /home/travis/build/icyphy/ptII/ptolemy/actor/lib/test/auto/DiscreteClock4.xml
4 ms. Memory: 283648K Free: 140079K (49%)
----------------- Invoking toplevel() on ptolemy.moml.MoMLSimpleApplication@5853e533
----------------- Done invoking toplevel() on ptolemy.moml.MoMLSimpleApplication@5853e533
reloadAllAccessors: .DiscreteClock4

===========================================================================================
----------------- testing Sat Dec 21 06:23:59 UTC 2019 /home/travis/build/icyphy/ptII/ptolemy/actor/lib/test/auto/DiscreteClock5.xml
----------------- Instantiating /home/travis/build/icyphy/ptII/ptolemy/actor/lib/test/auto/DiscreteClock5.xml
1 ms. Memory: 283648K Free: 134431K (47%)
----------------- Invoking toplevel() on ptolemy.moml.MoMLSimpleApplication@ad63805
----------------- Done invoking toplevel() on ptolemy.moml.MoMLSimpleApplication@ad63805
reloadAllAccessors: .DiscreteClock5

===========================================================================================
----------------- testing Sat Dec 21 06:23:59 UTC 2019 /home/travis/build/icyphy/ptII/ptolemy/actor/lib/test/auto/DiscreteClock6.xml
----------------- Instantiating /home/travis/build/icyphy/ptII/ptolemy/actor/lib/test/auto/DiscreteClock6.xml
1 ms. Memory: 283648K Free: 130349K (46%)
----------------- Invoking toplevel() on ptolemy.moml.MoMLSimpleApplication@1e3b8a60
----------------- Done invoking toplevel() on ptolemy.moml.MoMLSimpleApplication@1e3b8a60
reloadAllAccessors: .DiscreteClock6

===========================================================================================
----------------- testing Sat Dec 21 06:23:59 UTC 2019 /home/travis/build/icyphy/ptII/ptolemy/actor/lib/test/auto/DiscreteClock7.xml
----------------- Instantiating /home/travis/build/icyphy/ptII/ptolemy/actor/lib/test/auto/DiscreteClock7.xml
1 ms. Memory: 283648K Free: 125229K (44%)
----------------- Invoking toplevel() on ptolemy.moml.MoMLSimpleApplication@38c8aa62
----------------- Done invoking toplevel() on ptolemy.moml.MoMLSimpleApplication@38c8aa62
reloadAllAccessors: .DiscreteClock7

===========================================================================================
----------------- testing Sat Dec 21 06:23:59 UTC 2019 /home/travis/build/icyphy/ptII/ptolemy/actor/lib/test/auto/DiscreteClock8.xml
----------------- Instantiating /home/travis/build/icyphy/ptII/ptolemy/actor/lib/test/auto/DiscreteClock8.xml
4 ms. Memory: 283648K Free: 119599K (42%)
----------------- Invoking toplevel() on ptolemy.moml.MoMLSimpleApplication@531bdffc
----------------- Done invoking toplevel() on ptolemy.moml.MoMLSimpleApplication@531bdffc
reloadAllAccessors: .DiscreteClock8

===========================================================================================
----------------- testing Sat Dec 21 06:23:59 UTC 2019 /home/travis/build/icyphy/ptII/ptolemy/actor/lib/test/auto/DiscreteClock9.xml
----------------- Instantiating /home/travis/build/icyphy/ptII/ptolemy/actor/lib/test/auto/DiscreteClock9.xml
4 ms. Memory: 283648K Free: 113455K (40%)
----------------- Invoking toplevel() on ptolemy.moml.MoMLSimpleApplication@680dfd5f
----------------- Done invoking toplevel() on ptolemy.moml.MoMLSimpleApplication@680dfd5f
reloadAllAccessors: .DiscreteClock9

===========================================================================================
----------------- testing Sat Dec 21 06:24:00 UTC 2019 /home/travis/build/icyphy/ptII/ptolemy/actor/lib/test/auto/DisplayArray.xml
----------------- Instantiating /home/travis/build/icyphy/ptII/ptolemy/actor/lib/test/auto/DisplayArray.xml
1 ms. Memory: 283648K Free: 109869K (39%)
----------------- Invoking toplevel() on ptolemy.moml.MoMLSimpleApplication@55098f5d
----------------- Done invoking toplevel() on ptolemy.moml.MoMLSimpleApplication@55098f5d
reloadAllAccessors: .DisplayArray

===========================================================================================
----------------- testing Sat Dec 21 06:24:00 UTC 2019 /home/travis/build/icyphy/ptII/ptolemy/actor/lib/test/auto/Distributor.xml
----------------- Instantiating /home/travis/build/icyphy/ptII/ptolemy/actor/lib/test/auto/Distributor.xml
2 ms. Memory: 283648K Free: 105263K (37%)
----------------- Invoking toplevel() on ptolemy.moml.MoMLSimpleApplication@2ab1d63d
----------------- Done invoking toplevel() on ptolemy.moml.MoMLSimpleApplication@2ab1d63d
reloadAllAccessors: .Distributor

===========================================================================================
----------------- testing Sat Dec 21 06:24:00 UTC 2019 /home/travis/build/icyphy/ptII/ptolemy/actor/lib/test/auto/Distributor2.xml
----------------- Instantiating /home/travis/build/icyphy/ptII/ptolemy/actor/lib/test/auto/Distributor2.xml
1 ms. Memory: 283648K Free: 100143K (35%)
----------------- Invoking toplevel() on ptolemy.moml.MoMLSimpleApplication@19f7dd3b
----------------- Done invoking toplevel() on ptolemy.moml.MoMLSimpleApplication@19f7dd3b
reloadAllAccessors: .Distributor2

===========================================================================================
----------------- testing Sat Dec 21 06:24:00 UTC 2019 /home/travis/build/icyphy/ptII/ptolemy/actor/lib/test/auto/DownSample.xml
----------------- Instantiating /home/travis/build/icyphy/ptII/ptolemy/actor/lib/test/auto/DownSample.xml
2 ms. Memory: 283648K Free: 95533K (34%)
----------------- Invoking toplevel() on ptolemy.moml.MoMLSimpleApplication@63404964
----------------- Done invoking toplevel() on ptolemy.moml.MoMLSimpleApplication@63404964
reloadAllAccessors: .DownSample

===========================================================================================
----------------- testing Sat Dec 21 06:24:00 UTC 2019 /home/travis/build/icyphy/ptII/ptolemy/actor/lib/test/auto/ElectronicUnitBase1.xml
----------------- Instantiating /home/travis/build/icyphy/ptII/ptolemy/actor/lib/test/auto/ElectronicUnitBase1.xml
15 ms. Memory: 283648K Free: 79149K (28%)
----------------- Invoking toplevel() on ptolemy.moml.MoMLSimpleApplication@2c1303dd
----------------- Done invoking toplevel() on ptolemy.moml.MoMLSimpleApplication@2c1303dd
reloadAllAccessors: .ElectronicUnitBase1

===========================================================================================
----------------- testing Sat Dec 21 06:24:00 UTC 2019 /home/travis/build/icyphy/ptII/ptolemy/actor/lib/test/auto/ElementsToArray.xml
----------------- Instantiating /home/travis/build/icyphy/ptII/ptolemy/actor/lib/test/auto/ElementsToArray.xml
3 ms. Memory: 283648K Free: 74543K (26%)
----------------- Invoking toplevel() on ptolemy.moml.MoMLSimpleApplication@4e99b7ba
----------------- Done invoking toplevel() on ptolemy.moml.MoMLSimpleApplication@4e99b7ba
reloadAllAccessors: .ElementsToArray

===========================================================================================
----------------- testing Sat Dec 21 06:24:00 UTC 2019 /home/travis/build/icyphy/ptII/ptolemy/actor/lib/test/auto/Equals.xml
----------------- Instantiating /home/travis/build/icyphy/ptII/ptolemy/actor/lib/test/auto/Equals.xml
3 ms. Memory: 283648K Free: 69933K (25%)
----------------- Invoking toplevel() on ptolemy.moml.MoMLSimpleApplication@1e344800
----------------- Done invoking toplevel() on ptolemy.moml.MoMLSimpleApplication@1e344800
reloadAllAccessors: .Equals

===========================================================================================
----------------- testing Sat Dec 21 06:24:00 UTC 2019 /home/travis/build/icyphy/ptII/ptolemy/actor/lib/test/auto/Exec.xml
----------------- Instantiating /home/travis/build/icyphy/ptII/ptolemy/actor/lib/test/auto/Exec.xml
18 ms. Memory: 283648K Free: 231666K (82%)
----------------- Invoking toplevel() on ptolemy.moml.MoMLSimpleApplication@5f1c32
----------------- Done invoking toplevel() on ptolemy.moml.MoMLSimpleApplication@5f1c32
reloadAllAccessors: .Exec

===========================================================================================
----------------- testing Sat Dec 21 06:24:00 UTC 2019 /home/travis/build/icyphy/ptII/ptolemy/actor/lib/test/auto/ExecEnvironment.xml
----------------- Instantiating /home/travis/build/icyphy/ptII/ptolemy/actor/lib/test/auto/ExecEnvironment.xml
23 ms. Memory: 283648K Free: 226036K (80%)
----------------- Invoking toplevel() on ptolemy.moml.MoMLSimpleApplication@442e72b9
----------------- Done invoking toplevel() on ptolemy.moml.MoMLSimpleApplication@442e72b9
reloadAllAccessors: .ExecEnvironment

===========================================================================================
----------------- testing Sat Dec 21 06:24:00 UTC 2019 /home/travis/build/icyphy/ptII/ptolemy/actor/lib/test/auto/ExecNonZeroReturnOutput.xml
----------------- Instantiating /home/travis/build/icyphy/ptII/ptolemy/actor/lib/test/auto/ExecNonZeroReturnOutput.xml
167 ms. Memory: 283648K Free: 214772K (76%)
----------------- Invoking toplevel() on ptolemy.moml.MoMLSimpleApplication@3c60a384
----------------- Done invoking toplevel() on ptolemy.moml.MoMLSimpleApplication@3c60a384
reloadAllAccessors: .ExecNonZeroReturnOutput

===========================================================================================
----------------- testing Sat Dec 21 06:24:00 UTC 2019 /home/travis/build/icyphy/ptII/ptolemy/actor/lib/test/auto/ExecRunDemos.xml
----------------- Instantiating /home/travis/build/icyphy/ptII/ptolemy/actor/lib/test/auto/ExecRunDemos.xml
Finished: 123 ms. Memory: 129024K Free: 113538K (88%)

Finished: 101 ms. Memory: 129024K Free: 110521K (86%)

Finished: 81 ms. Memory: 129024K Free: 110651K (86%)

Finished: 60 ms. Memory: 129024K Free: 112255K (87%)

Finished: 69 ms. Memory: 129024K Free: 112924K (88%)

10738 ms. Memory: 283648K Free: 193266K (68%)
----------------- Invoking toplevel() on ptolemy.moml.MoMLSimpleApplication@585424fb
----------------- Done invoking toplevel() on ptolemy.moml.MoMLSimpleApplication@585424fb
reloadAllAccessors: .ExecRunDemos

===========================================================================================
----------------- testing Sat Dec 21 06:24:11 UTC 2019 /home/travis/build/icyphy/ptII/ptolemy/actor/lib/test/auto/ExecStop.xml
----------------- Instantiating /home/travis/build/icyphy/ptII/ptolemy/actor/lib/test/auto/ExecStop.xml
5021 ms. Memory: 283648K Free: 227317K (80%)
----------------- Invoking toplevel() on ptolemy.moml.MoMLSimpleApplication@560e1c88
----------------- Done invoking toplevel() on ptolemy.moml.MoMLSimpleApplication@560e1c88
reloadAllAccessors: .ExecStop

===========================================================================================
----------------- testing Sat Dec 21 06:24:16 UTC 2019 /home/travis/build/icyphy/ptII/ptolemy/actor/lib/test/auto/ExecutionTimeSDF.xml
----------------- Instantiating /home/travis/build/icyphy/ptII/ptolemy/actor/lib/test/auto/ExecutionTimeSDF.xml
Fired ExecutionTime: -534967296
Fired ExecutionTime: 1567200000
Fired ExecutionTime: -177767296
6004 ms. Memory: 283648K Free: 214520K (76%)
----------------- Invoking toplevel() on ptolemy.moml.MoMLSimpleApplication@37ecedb0
----------------- Done invoking toplevel() on ptolemy.moml.MoMLSimpleApplication@37ecedb0
reloadAllAccessors: .ExecutionTimeSDF

===========================================================================================
----------------- testing Sat Dec 21 06:24:22 UTC 2019 /home/travis/build/icyphy/ptII/ptolemy/actor/lib/test/auto/Expression1.xml
----------------- Instantiating /home/travis/build/icyphy/ptII/ptolemy/actor/lib/test/auto/Expression1.xml
2 ms. Memory: 283648K Free: 211448K (75%)
----------------- Invoking toplevel() on ptolemy.moml.MoMLSimpleApplication@57b4846
----------------- Done invoking toplevel() on ptolemy.moml.MoMLSimpleApplication@57b4846
reloadAllAccessors: .Expression1

===========================================================================================
----------------- testing Sat Dec 21 06:24:22 UTC 2019 /home/travis/build/icyphy/ptII/ptolemy/actor/lib/test/auto/Expression10.xml
----------------- Instantiating /home/travis/build/icyphy/ptII/ptolemy/actor/lib/test/auto/Expression10.xml
5 ms. Memory: 283648K Free: 205906K (73%)
----------------- Invoking toplevel() on ptolemy.moml.MoMLSimpleApplication@4dac54f7
----------------- Done invoking toplevel() on ptolemy.moml.MoMLSimpleApplication@4dac54f7
reloadAllAccessors: .Expression10

===========================================================================================
----------------- testing Sat Dec 21 06:24:22 UTC 2019 /home/travis/build/icyphy/ptII/ptolemy/actor/lib/test/auto/Expression11.xml
----------------- Instantiating /home/travis/build/icyphy/ptII/ptolemy/actor/lib/test/auto/Expression11.xml
2 ms. Memory: 283648K Free: 201779K (71%)
----------------- Invoking toplevel() on ptolemy.moml.MoMLSimpleApplication@7bd99d0
----------------- Done invoking toplevel() on ptolemy.moml.MoMLSimpleApplication@7bd99d0
reloadAllAccessors: .Expression11

===========================================================================================
----------------- testing Sat Dec 21 06:24:22 UTC 2019 /home/travis/build/icyphy/ptII/ptolemy/actor/lib/test/auto/Expression12.xml
----------------- Instantiating /home/travis/build/icyphy/ptII/ptolemy/actor/lib/test/auto/Expression12.xml
2 ms. Memory: 283648K Free: 196208K (69%)
----------------- Invoking toplevel() on ptolemy.moml.MoMLSimpleApplication@30e84b3a
----------------- Done invoking toplevel() on ptolemy.moml.MoMLSimpleApplication@30e84b3a
reloadAllAccessors: .Expression12

===========================================================================================
----------------- testing Sat Dec 21 06:24:22 UTC 2019 /home/travis/build/icyphy/ptII/ptolemy/actor/lib/test/auto/Expression13.xml
----------------- Instantiating /home/travis/build/icyphy/ptII/ptolemy/actor/lib/test/auto/Expression13.xml
3 ms. Memory: 283648K Free: 191532K (68%)
----------------- Invoking toplevel() on ptolemy.moml.MoMLSimpleApplication@768c605d
----------------- Done invoking toplevel() on ptolemy.moml.MoMLSimpleApplication@768c605d
reloadAllAccessors: .Expression13

===========================================================================================
----------------- testing Sat Dec 21 06:24:22 UTC 2019 /home/travis/build/icyphy/ptII/ptolemy/actor/lib/test/auto/Expression14.xml
----------------- Instantiating /home/travis/build/icyphy/ptII/ptolemy/actor/lib/test/auto/Expression14.xml
5 ms. Memory: 283648K Free: 185426K (65%)
----------------- Invoking toplevel() on ptolemy.moml.MoMLSimpleApplication@1893f2d0
----------------- Done invoking toplevel() on ptolemy.moml.MoMLSimpleApplication@1893f2d0
reloadAllAccessors: .Expression14

===========================================================================================
----------------- testing Sat Dec 21 06:24:22 UTC 2019 /home/travis/build/icyphy/ptII/ptolemy/actor/lib/test/auto/Expression15.xml
----------------- Instantiating /home/travis/build/icyphy/ptII/ptolemy/actor/lib/test/auto/Expression15.xml
2 ms. Memory: 283648K Free: 181888K (64%)
----------------- Invoking toplevel() on ptolemy.moml.MoMLSimpleApplication@24282ebf
----------------- Done invoking toplevel() on ptolemy.moml.MoMLSimpleApplication@24282ebf
reloadAllAccessors: .Expression15

===========================================================================================
----------------- testing Sat Dec 21 06:24:22 UTC 2019 /home/travis/build/icyphy/ptII/ptolemy/actor/lib/test/auto/Expression16.xml
----------------- Instantiating /home/travis/build/icyphy/ptII/ptolemy/actor/lib/test/auto/Expression16.xml
4 ms. Memory: 283648K Free: 177234K (62%)
----------------- Invoking toplevel() on ptolemy.moml.MoMLSimpleApplication@7a5b3615
----------------- Done invoking toplevel() on ptolemy.moml.MoMLSimpleApplication@7a5b3615
reloadAllAccessors: .Expression16

===========================================================================================
----------------- testing Sat Dec 21 06:24:22 UTC 2019 /home/travis/build/icyphy/ptII/ptolemy/actor/lib/test/auto/Expression17.xml
----------------- Instantiating /home/travis/build/icyphy/ptII/ptolemy/actor/lib/test/auto/Expression17.xml
2 ms. Memory: 283648K Free: 172100K (61%)
----------------- Invoking toplevel() on ptolemy.moml.MoMLSimpleApplication@33720913
----------------- Done invoking toplevel() on ptolemy.moml.MoMLSimpleApplication@33720913
reloadAllAccessors: .Expression17

===========================================================================================
----------------- testing Sat Dec 21 06:24:22 UTC 2019 /home/travis/build/icyphy/ptII/ptolemy/actor/lib/test/auto/Expression18.xml
----------------- Instantiating /home/travis/build/icyphy/ptII/ptolemy/actor/lib/test/auto/Expression18.xml
3 ms. Memory: 283648K Free: 167416K (59%)
----------------- Invoking toplevel() on ptolemy.moml.MoMLSimpleApplication@2b22e819
----------------- Done invoking toplevel() on ptolemy.moml.MoMLSimpleApplication@2b22e819
reloadAllAccessors: .Expression18

===========================================================================================
----------------- testing Sat Dec 21 06:24:22 UTC 2019 /home/travis/build/icyphy/ptII/ptolemy/actor/lib/test/auto/Expression2.xml
----------------- Instantiating /home/travis/build/icyphy/ptII/ptolemy/actor/lib/test/auto/Expression2.xml
4 ms. Memory: 283648K Free: 162423K (57%)
----------------- Invoking toplevel() on ptolemy.moml.MoMLSimpleApplication@230e7f7a
----------------- Done invoking toplevel() on ptolemy.moml.MoMLSimpleApplication@230e7f7a
reloadAllAccessors: .Expression2

===========================================================================================
----------------- testing Sat Dec 21 06:24:22 UTC 2019 /home/travis/build/icyphy/ptII/ptolemy/actor/lib/test/auto/Expression3.xml
----------------- Instantiating /home/travis/build/icyphy/ptII/ptolemy/actor/lib/test/auto/Expression3.xml
6 ms. Memory: 283648K Free: 157740K (56%)
----------------- Invoking toplevel() on ptolemy.moml.MoMLSimpleApplication@7b162699
----------------- Done invoking toplevel() on ptolemy.moml.MoMLSimpleApplication@7b162699
reloadAllAccessors: .Expression3

===========================================================================================
----------------- testing Sat Dec 21 06:24:22 UTC 2019 /home/travis/build/icyphy/ptII/ptolemy/actor/lib/test/auto/Expression4.xml
----------------- Instantiating /home/travis/build/icyphy/ptII/ptolemy/actor/lib/test/auto/Expression4.xml
5 ms. Memory: 283648K Free: 150149K (53%)
----------------- Invoking toplevel() on ptolemy.moml.MoMLSimpleApplication@2267ca56
----------------- Done invoking toplevel() on ptolemy.moml.MoMLSimpleApplication@2267ca56
reloadAllAccessors: .Expression4

===========================================================================================
----------------- testing Sat Dec 21 06:24:22 UTC 2019 /home/travis/build/icyphy/ptII/ptolemy/actor/lib/test/auto/Expression5.xml
----------------- Instantiating /home/travis/build/icyphy/ptII/ptolemy/actor/lib/test/auto/Expression5.xml
6 ms. Memory: 283648K Free: 145490K (51%)
----------------- Invoking toplevel() on ptolemy.moml.MoMLSimpleApplication@2cceae30
----------------- Done invoking toplevel() on ptolemy.moml.MoMLSimpleApplication@2cceae30
reloadAllAccessors: .Expression5

===========================================================================================
----------------- testing Sat Dec 21 06:24:22 UTC 2019 /home/travis/build/icyphy/ptII/ptolemy/actor/lib/test/auto/Expression6.xml
----------------- Instantiating /home/travis/build/icyphy/ptII/ptolemy/actor/lib/test/auto/Expression6.xml
2 ms. Memory: 283648K Free: 140920K (50%)
----------------- Invoking toplevel() on ptolemy.moml.MoMLSimpleApplication@7253a42f
----------------- Done invoking toplevel() on ptolemy.moml.MoMLSimpleApplication@7253a42f
reloadAllAccessors: .Expression6

===========================================================================================
----------------- testing Sat Dec 21 06:24:22 UTC 2019 /home/travis/build/icyphy/ptII/ptolemy/actor/lib/test/auto/Expression7.xml
----------------- Instantiating /home/travis/build/icyphy/ptII/ptolemy/actor/lib/test/auto/Expression7.xml
2 ms. Memory: 283648K Free: 136236K (48%)
----------------- Invoking toplevel() on ptolemy.moml.MoMLSimpleApplication@1e8c74d7
----------------- Done invoking toplevel() on ptolemy.moml.MoMLSimpleApplication@1e8c74d7
reloadAllAccessors: .Expression7

===========================================================================================
----------------- testing Sat Dec 21 06:24:22 UTC 2019 /home/travis/build/icyphy/ptII/ptolemy/actor/lib/test/auto/Expression8.xml
----------------- Instantiating /home/travis/build/icyphy/ptII/ptolemy/actor/lib/test/auto/Expression8.xml
8 ms. Memory: 283648K Free: 131744K (46%)
----------------- Invoking toplevel() on ptolemy.moml.MoMLSimpleApplication@7eea07a
----------------- Done invoking toplevel() on ptolemy.moml.MoMLSimpleApplication@7eea07a
reloadAllAccessors: .Expression8

===========================================================================================
----------------- testing Sat Dec 21 06:24:22 UTC 2019 /home/travis/build/icyphy/ptII/ptolemy/actor/lib/test/auto/Expression9.xml
----------------- Instantiating /home/travis/build/icyphy/ptII/ptolemy/actor/lib/test/auto/Expression9.xml
1 ms. Memory: 283648K Free: 127648K (45%)
----------------- Invoking toplevel() on ptolemy.moml.MoMLSimpleApplication@5d851456
----------------- Done invoking toplevel() on ptolemy.moml.MoMLSimpleApplication@5d851456
reloadAllAccessors: .Expression9

===========================================================================================
----------------- testing Sat Dec 21 06:24:22 UTC 2019 /home/travis/build/icyphy/ptII/ptolemy/actor/lib/test/auto/ExpressionConcatenateArrayType.xml
----------------- Instantiating /home/travis/build/icyphy/ptII/ptolemy/actor/lib/test/auto/ExpressionConcatenateArrayType.xml
4 ms. Memory: 283648K Free: 121924K (43%)
----------------- Invoking toplevel() on ptolemy.moml.MoMLSimpleApplication@6ee4e548
----------------- Done invoking toplevel() on ptolemy.moml.MoMLSimpleApplication@6ee4e548
reloadAllAccessors: .ExpressionConcatenateArrayType

===========================================================================================
----------------- testing Sat Dec 21 06:24:22 UTC 2019 /home/travis/build/icyphy/ptII/ptolemy/actor/lib/test/auto/ExpressionConcatenateArrayType2.xml
----------------- Instantiating /home/travis/build/icyphy/ptII/ptolemy/actor/lib/test/auto/ExpressionConcatenateArrayType2.xml
2 ms. Memory: 283648K Free: 116818K (41%)
----------------- Invoking toplevel() on ptolemy.moml.MoMLSimpleApplication@4d621675
----------------- Done invoking toplevel() on ptolemy.moml.MoMLSimpleApplication@4d621675
reloadAllAccessors: .ExpressionConcatenateArrayType2

===========================================================================================
----------------- testing Sat Dec 21 06:24:22 UTC 2019 /home/travis/build/icyphy/ptII/ptolemy/actor/lib/test/auto/ExpressionFix.xml
----------------- Instantiating /home/travis/build/icyphy/ptII/ptolemy/actor/lib/test/auto/ExpressionFix.xml
23 ms. Memory: 283648K Free: 110232K (39%)
----------------- Invoking toplevel() on ptolemy.moml.MoMLSimpleApplication@6b6c5b42
----------------- Done invoking toplevel() on ptolemy.moml.MoMLSimpleApplication@6b6c5b42
reloadAllAccessors: .ExpressionFix

===========================================================================================
----------------- testing Sat Dec 21 06:24:22 UTC 2019 /home/travis/build/icyphy/ptII/ptolemy/actor/lib/test/auto/ExpressionFix2.xml
----------------- Instantiating /home/travis/build/icyphy/ptII/ptolemy/actor/lib/test/auto/ExpressionFix2.xml
4 ms. Memory: 283648K Free: 106564K (38%)
----------------- Invoking toplevel() on ptolemy.moml.MoMLSimpleApplication@1b6e2311
----------------- Done invoking toplevel() on ptolemy.moml.MoMLSimpleApplication@1b6e2311
reloadAllAccessors: .ExpressionFix2

===========================================================================================
----------------- testing Sat Dec 21 06:24:22 UTC 2019 /home/travis/build/icyphy/ptII/ptolemy/actor/lib/test/auto/ExpressionFix3.xml
----------------- Instantiating /home/travis/build/icyphy/ptII/ptolemy/actor/lib/test/auto/ExpressionFix3.xml
4 ms. Memory: 283648K Free: 102046K (36%)
----------------- Invoking toplevel() on ptolemy.moml.MoMLSimpleApplication@35e5caea
----------------- Done invoking toplevel() on ptolemy.moml.MoMLSimpleApplication@35e5caea
reloadAllAccessors: .ExpressionFix3

===========================================================================================
----------------- testing Sat Dec 21 06:24:22 UTC 2019 /home/travis/build/icyphy/ptII/ptolemy/actor/lib/test/auto/FileWriter1.xml
----------------- Instantiating /home/travis/build/icyphy/ptII/ptolemy/actor/lib/test/auto/FileWriter1.xml
2 ms. Memory: 283648K Free: 98386K (35%)
----------------- Invoking toplevel() on ptolemy.moml.MoMLSimpleApplication@c8ec3c6
----------------- Done invoking toplevel() on ptolemy.moml.MoMLSimpleApplication@c8ec3c6
reloadAllAccessors: .FileWriter1

===========================================================================================
----------------- testing Sat Dec 21 06:24:22 UTC 2019 /home/travis/build/icyphy/ptII/ptolemy/actor/lib/test/auto/FileWriter2.xml
----------------- Instantiating /home/travis/build/icyphy/ptII/ptolemy/actor/lib/test/auto/FileWriter2.xml
5 ms. Memory: 283648K Free: 94260K (33%)
----------------- Invoking toplevel() on ptolemy.moml.MoMLSimpleApplication@19f9a8dc
----------------- Done invoking toplevel() on ptolemy.moml.MoMLSimpleApplication@19f9a8dc
reloadAllAccessors: .FileWriter2

===========================================================================================
----------------- testing Sat Dec 21 06:24:22 UTC 2019 /home/travis/build/icyphy/ptII/ptolemy/actor/lib/test/auto/FileWriter3.xml
----------------- Instantiating /home/travis/build/icyphy/ptII/ptolemy/actor/lib/test/auto/FileWriter3.xml
3 ms. Memory: 283648K Free: 89758K (32%)
----------------- Invoking toplevel() on ptolemy.moml.MoMLSimpleApplication@3903b9be
----------------- Done invoking toplevel() on ptolemy.moml.MoMLSimpleApplication@3903b9be
reloadAllAccessors: .FileWriter3

===========================================================================================
----------------- testing Sat Dec 21 06:24:22 UTC 2019 /home/travis/build/icyphy/ptII/ptolemy/actor/lib/test/auto/Gaussian.xml
----------------- Instantiating /home/travis/build/icyphy/ptII/ptolemy/actor/lib/test/auto/Gaussian.xml
3 ms. Memory: 283648K Free: 85662K (30%)
----------------- Invoking toplevel() on ptolemy.moml.MoMLSimpleApplication@160801a0
----------------- Done invoking toplevel() on ptolemy.moml.MoMLSimpleApplication@160801a0
reloadAllAccessors: .Gaussian

===========================================================================================
----------------- testing Sat Dec 21 06:24:22 UTC 2019 /home/travis/build/icyphy/ptII/ptolemy/actor/lib/test/auto/Gaussian1.xml
----------------- Instantiating /home/travis/build/icyphy/ptII/ptolemy/actor/lib/test/auto/Gaussian1.xml
10 ms. Memory: 283648K Free: 79954K (28%)
----------------- Invoking toplevel() on ptolemy.moml.MoMLSimpleApplication@6e155228
----------------- Done invoking toplevel() on ptolemy.moml.MoMLSimpleApplication@6e155228
reloadAllAccessors: .Gaussian1

===========================================================================================
----------------- testing Sat Dec 21 06:24:22 UTC 2019 /home/travis/build/icyphy/ptII/ptolemy/actor/lib/test/auto/Gaussian2.xml
----------------- Instantiating /home/travis/build/icyphy/ptII/ptolemy/actor/lib/test/auto/Gaussian2.xml
2 ms. Memory: 283648K Free: 74834K (26%)
----------------- Invoking toplevel() on ptolemy.moml.MoMLSimpleApplication@7aa9833f
----------------- Done invoking toplevel() on ptolemy.moml.MoMLSimpleApplication@7aa9833f
reloadAllAccessors: .Gaussian2

===========================================================================================
----------------- testing Sat Dec 21 06:24:22 UTC 2019 /home/travis/build/icyphy/ptII/ptolemy/actor/lib/test/auto/GradientAdaptiveLattice.xml
----------------- Instantiating /home/travis/build/icyphy/ptII/ptolemy/actor/lib/test/auto/GradientAdaptiveLattice.xml
3 ms. Memory: 283648K Free: 69692K (25%)
----------------- Invoking toplevel() on ptolemy.moml.MoMLSimpleApplication@37e13f57
----------------- Done invoking toplevel() on ptolemy.moml.MoMLSimpleApplication@37e13f57
reloadAllAccessors: .GradientAdaptiveLattice

===========================================================================================
----------------- testing Sat Dec 21 06:24:22 UTC 2019 /home/travis/build/icyphy/ptII/ptolemy/actor/lib/test/auto/IIR.xml
----------------- Instantiating /home/travis/build/icyphy/ptII/ptolemy/actor/lib/test/auto/IIR.xml
1 ms. Memory: 283648K Free: 233221K (82%)
----------------- Invoking toplevel() on ptolemy.moml.MoMLSimpleApplication@158c3642
----------------- Done invoking toplevel() on ptolemy.moml.MoMLSimpleApplication@158c3642
reloadAllAccessors: .IIR

===========================================================================================
----------------- testing Sat Dec 21 06:24:22 UTC 2019 /home/travis/build/icyphy/ptII/ptolemy/actor/lib/test/auto/InputOutputTransparentPorts.xml
----------------- Instantiating /home/travis/build/icyphy/ptII/ptolemy/actor/lib/test/auto/InputOutputTransparentPorts.xml
2 ms. Memory: 283648K Free: 226029K (80%)
----------------- Invoking toplevel() on ptolemy.moml.MoMLSimpleApplication@492d4826
----------------- Done invoking toplevel() on ptolemy.moml.MoMLSimpleApplication@492d4826
reloadAllAccessors: .InputOutputTransparentPorts

===========================================================================================
----------------- testing Sat Dec 21 06:24:22 UTC 2019 /home/travis/build/icyphy/ptII/ptolemy/actor/lib/test/auto/Interpolator.xml
----------------- Instantiating /home/travis/build/icyphy/ptII/ptolemy/actor/lib/test/auto/Interpolator.xml
3 ms. Memory: 283648K Free: 221965K (78%)
----------------- Invoking toplevel() on ptolemy.moml.MoMLSimpleApplication@2137ea83
----------------- Done invoking toplevel() on ptolemy.moml.MoMLSimpleApplication@2137ea83
reloadAllAccessors: .Interpolator

===========================================================================================
----------------- testing Sat Dec 21 06:24:22 UTC 2019 /home/travis/build/icyphy/ptII/ptolemy/actor/lib/test/auto/InterpolatorFiringLimitDE.xml
----------------- Instantiating /home/travis/build/icyphy/ptII/ptolemy/actor/lib/test/auto/InterpolatorFiringLimitDE.xml
4 ms. Memory: 283648K Free: 216360K (76%)
----------------- Invoking toplevel() on ptolemy.moml.MoMLSimpleApplication@3c864c80
----------------- Done invoking toplevel() on ptolemy.moml.MoMLSimpleApplication@3c864c80
reloadAllAccessors: .InterpolatorFiringLimitDE

===========================================================================================
----------------- testing Sat Dec 21 06:24:22 UTC 2019 /home/travis/build/icyphy/ptII/ptolemy/actor/lib/test/auto/Lattice.xml
----------------- Instantiating /home/travis/build/icyphy/ptII/ptolemy/actor/lib/test/auto/Lattice.xml
1 ms. Memory: 283648K Free: 212285K (75%)
----------------- Invoking toplevel() on ptolemy.moml.MoMLSimpleApplication@321430dc
----------------- Done invoking toplevel() on ptolemy.moml.MoMLSimpleApplication@321430dc
reloadAllAccessors: .Lattice

===========================================================================================
----------------- testing Sat Dec 21 06:24:23 UTC 2019 /home/travis/build/icyphy/ptII/ptolemy/actor/lib/test/auto/LazyAOCTestLazy.xml
----------------- Instantiating /home/travis/build/icyphy/ptII/ptolemy/actor/lib/test/auto/LazyAOCTestLazy.xml
8 ms. Memory: 283648K Free: 206080K (73%)
----------------- Invoking toplevel() on ptolemy.moml.MoMLSimpleApplication@608a9f1c
----------------- Done invoking toplevel() on ptolemy.moml.MoMLSimpleApplication@608a9f1c
reloadAllAccessors: .LazyAOCTestLazy

===========================================================================================
----------------- testing Sat Dec 21 06:24:23 UTC 2019 /home/travis/build/icyphy/ptII/ptolemy/actor/lib/test/auto/LazyAOCTestNonLazy.xml
----------------- Instantiating /home/travis/build/icyphy/ptII/ptolemy/actor/lib/test/auto/LazyAOCTestNonLazy.xml
2 ms. Memory: 283648K Free: 199998K (71%)
----------------- Invoking toplevel() on ptolemy.moml.MoMLSimpleApplication@27a9a31e
----------------- Done invoking toplevel() on ptolemy.moml.MoMLSimpleApplication@27a9a31e
reloadAllAccessors: .LazyAOCTestNonLazy

===========================================================================================
----------------- testing Sat Dec 21 06:24:23 UTC 2019 /home/travis/build/icyphy/ptII/ptolemy/actor/lib/test/auto/LazyInnerClass.xml
----------------- Instantiating /home/travis/build/icyphy/ptII/ptolemy/actor/lib/test/auto/LazyInnerClass.xml
10 ms. Memory: 283648K Free: 191237K (67%)
----------------- Invoking toplevel() on ptolemy.moml.MoMLSimpleApplication@7608ad10
----------------- Done invoking toplevel() on ptolemy.moml.MoMLSimpleApplication@7608ad10
reloadAllAccessors: .LazyInnerClass

===========================================================================================
----------------- testing Sat Dec 21 06:24:23 UTC 2019 /home/travis/build/icyphy/ptII/ptolemy/actor/lib/test/auto/LazyPubSub.xml
----------------- Instantiating /home/travis/build/icyphy/ptII/ptolemy/actor/lib/test/auto/LazyPubSub.xml
38 ms. Memory: 283648K Free: 182043K (64%)
----------------- Invoking toplevel() on ptolemy.moml.MoMLSimpleApplication@6308829e
----------------- Done invoking toplevel() on ptolemy.moml.MoMLSimpleApplication@6308829e
reloadAllAccessors: .LazyPubSub

===========================================================================================
----------------- testing Sat Dec 21 06:24:23 UTC 2019 /home/travis/build/icyphy/ptII/ptolemy/actor/lib/test/auto/LazyPubSub2.xml
----------------- Instantiating /home/travis/build/icyphy/ptII/ptolemy/actor/lib/test/auto/LazyPubSub2.xml
17 ms. Memory: 283648K Free: 171296K (60%)
----------------- Invoking toplevel() on ptolemy.moml.MoMLSimpleApplication@33848453
----------------- Done invoking toplevel() on ptolemy.moml.MoMLSimpleApplication@33848453
reloadAllAccessors: .LazyPubSub2

===========================================================================================
----------------- testing Sat Dec 21 06:24:23 UTC 2019 /home/travis/build/icyphy/ptII/ptolemy/actor/lib/test/auto/LazyPubSub3.xml
----------------- Instantiating /home/travis/build/icyphy/ptII/ptolemy/actor/lib/test/auto/LazyPubSub3.xml
15 ms. Memory: 283648K Free: 161056K (57%)
----------------- Invoking toplevel() on ptolemy.moml.MoMLSimpleApplication@3455d76f
----------------- Done invoking toplevel() on ptolemy.moml.MoMLSimpleApplication@3455d76f
reloadAllAccessors: .LazyPubSub3

===========================================================================================
----------------- testing Sat Dec 21 06:24:23 UTC 2019 /home/travis/build/icyphy/ptII/ptolemy/actor/lib/test/auto/LazySubClassModel.xml
----------------- Instantiating /home/travis/build/icyphy/ptII/ptolemy/actor/lib/test/auto/LazySubClassModel.xml
1 ms. Memory: 283648K Free: 152347K (54%)
----------------- Invoking toplevel() on ptolemy.moml.MoMLSimpleApplication@1b1973bd
----------------- Done invoking toplevel() on ptolemy.moml.MoMLSimpleApplication@1b1973bd
reloadAllAccessors: .LazySubClassModel

===========================================================================================
----------------- testing Sat Dec 21 06:24:23 UTC 2019 /home/travis/build/icyphy/ptII/ptolemy/actor/lib/test/auto/LevelCrossTest1.xml
----------------- Instantiating /home/travis/build/icyphy/ptII/ptolemy/actor/lib/test/auto/LevelCrossTest1.xml
1 ms. Memory: 283648K Free: 146720K (52%)
----------------- Invoking toplevel() on ptolemy.moml.MoMLSimpleApplication@180a9476
----------------- Done invoking toplevel() on ptolemy.moml.MoMLSimpleApplication@180a9476
reloadAllAccessors: .broken

===========================================================================================
----------------- testing Sat Dec 21 06:24:23 UTC 2019 /home/travis/build/icyphy/ptII/ptolemy/actor/lib/test/auto/LevelCrossTest10.xml
----------------- Instantiating /home/travis/build/icyphy/ptII/ptolemy/actor/lib/test/auto/LevelCrossTest10.xml
2 ms. Memory: 283648K Free: 139552K (49%)
----------------- Invoking toplevel() on ptolemy.moml.MoMLSimpleApplication@3765f26a
----------------- Done invoking toplevel() on ptolemy.moml.MoMLSimpleApplication@3765f26a
reloadAllAccessors: .LevelCrossTest10

===========================================================================================
----------------- testing Sat Dec 21 06:24:23 UTC 2019 /home/travis/build/icyphy/ptII/ptolemy/actor/lib/test/auto/LevelCrossTest11.xml
----------------- Instantiating /home/travis/build/icyphy/ptII/ptolemy/actor/lib/test/auto/LevelCrossTest11.xml
3 ms. Memory: 283648K Free: 132877K (47%)
----------------- Invoking toplevel() on ptolemy.moml.MoMLSimpleApplication@19915226
----------------- Done invoking toplevel() on ptolemy.moml.MoMLSimpleApplication@19915226
reloadAllAccessors: .LevelCrossTest11

===========================================================================================
----------------- testing Sat Dec 21 06:24:23 UTC 2019 /home/travis/build/icyphy/ptII/ptolemy/actor/lib/test/auto/LevelCrossTest12.xml
----------------- Instantiating /home/travis/build/icyphy/ptII/ptolemy/actor/lib/test/auto/LevelCrossTest12.xml
1 ms. Memory: 283648K Free: 125246K (44%)
----------------- Invoking toplevel() on ptolemy.moml.MoMLSimpleApplication@1e44f9d1
----------------- Done invoking toplevel() on ptolemy.moml.MoMLSimpleApplication@1e44f9d1
reloadAllAccessors: .LevelCrossTest12

===========================================================================================
----------------- testing Sat Dec 21 06:24:23 UTC 2019 /home/travis/build/icyphy/ptII/ptolemy/actor/lib/test/auto/LevelCrossTest13.xml
----------------- Instantiating /home/travis/build/icyphy/ptII/ptolemy/actor/lib/test/auto/LevelCrossTest13.xml
1 ms. Memory: 283648K Free: 117501K (41%)
----------------- Invoking toplevel() on ptolemy.moml.MoMLSimpleApplication@428a8c75
----------------- Done invoking toplevel() on ptolemy.moml.MoMLSimpleApplication@428a8c75
reloadAllAccessors: .LevelCrossTest13

===========================================================================================
----------------- testing Sat Dec 21 06:24:23 UTC 2019 /home/travis/build/icyphy/ptII/ptolemy/actor/lib/test/auto/LevelCrossTest2.xml
----------------- Instantiating /home/travis/build/icyphy/ptII/ptolemy/actor/lib/test/auto/LevelCrossTest2.xml
1 ms. Memory: 283648K Free: 111904K (39%)
----------------- Invoking toplevel() on ptolemy.moml.MoMLSimpleApplication@25e62de8
----------------- Done invoking toplevel() on ptolemy.moml.MoMLSimpleApplication@25e62de8
reloadAllAccessors: .broken

===========================================================================================
----------------- testing Sat Dec 21 06:24:23 UTC 2019 /home/travis/build/icyphy/ptII/ptolemy/actor/lib/test/auto/LevelCrossTest3.xml
----------------- Instantiating /home/travis/build/icyphy/ptII/ptolemy/actor/lib/test/auto/LevelCrossTest3.xml
1 ms. Memory: 283648K Free: 105776K (37%)
----------------- Invoking toplevel() on ptolemy.moml.MoMLSimpleApplication@1aca7179
----------------- Done invoking toplevel() on ptolemy.moml.MoMLSimpleApplication@1aca7179
reloadAllAccessors: .LevelCrossTest3

===========================================================================================
----------------- testing Sat Dec 21 06:24:23 UTC 2019 /home/travis/build/icyphy/ptII/ptolemy/actor/lib/test/auto/LevelCrossTest4.xml
----------------- Instantiating /home/travis/build/icyphy/ptII/ptolemy/actor/lib/test/auto/LevelCrossTest4.xml
2 ms. Memory: 283648K Free: 100656K (35%)
----------------- Invoking toplevel() on ptolemy.moml.MoMLSimpleApplication@219e027f
----------------- Done invoking toplevel() on ptolemy.moml.MoMLSimpleApplication@219e027f
reloadAllAccessors: .broken

===========================================================================================
----------------- testing Sat Dec 21 06:24:23 UTC 2019 /home/travis/build/icyphy/ptII/ptolemy/actor/lib/test/auto/LevelCrossTest5.xml
----------------- Instantiating /home/travis/build/icyphy/ptII/ptolemy/actor/lib/test/auto/LevelCrossTest5.xml
1 ms. Memory: 283648K Free: 93965K (33%)
----------------- Invoking toplevel() on ptolemy.moml.MoMLSimpleApplication@5ab0ce35
----------------- Done invoking toplevel() on ptolemy.moml.MoMLSimpleApplication@5ab0ce35
reloadAllAccessors: .LevelCrossTest5

===========================================================================================
----------------- testing Sat Dec 21 06:24:23 UTC 2019 /home/travis/build/icyphy/ptII/ptolemy/actor/lib/test/auto/LevelCrossTest6.xml
----------------- Instantiating /home/travis/build/icyphy/ptII/ptolemy/actor/lib/test/auto/LevelCrossTest6.xml
1 ms. Memory: 283648K Free: 86789K (31%)
----------------- Invoking toplevel() on ptolemy.moml.MoMLSimpleApplication@5648d30d
----------------- Done invoking toplevel() on ptolemy.moml.MoMLSimpleApplication@5648d30d
reloadAllAccessors: .LevelCrossTest6

===========================================================================================
----------------- testing Sat Dec 21 06:24:23 UTC 2019 /home/travis/build/icyphy/ptII/ptolemy/actor/lib/test/auto/LevelCrossTest7.xml
----------------- Instantiating /home/travis/build/icyphy/ptII/ptolemy/actor/lib/test/auto/LevelCrossTest7.xml
1 ms. Memory: 283648K Free: 79128K (28%)
----------------- Invoking toplevel() on ptolemy.moml.MoMLSimpleApplication@1f88c094
----------------- Done invoking toplevel() on ptolemy.moml.MoMLSimpleApplication@1f88c094
reloadAllAccessors: .LevelCrossTest7

===========================================================================================
----------------- testing Sat Dec 21 06:24:23 UTC 2019 /home/travis/build/icyphy/ptII/ptolemy/actor/lib/test/auto/LevelCrossTest8.xml
----------------- Instantiating /home/travis/build/icyphy/ptII/ptolemy/actor/lib/test/auto/LevelCrossTest8.xml
2 ms. Memory: 283648K Free: 71968K (25%)
----------------- Invoking toplevel() on ptolemy.moml.MoMLSimpleApplication@3942e823
----------------- Done invoking toplevel() on ptolemy.moml.MoMLSimpleApplication@3942e823
reloadAllAccessors: .LevelCrossTest8

===========================================================================================
----------------- testing Sat Dec 21 06:24:23 UTC 2019 /home/travis/build/icyphy/ptII/ptolemy/actor/lib/test/auto/LevelCrossTest9.xml
----------------- Instantiating /home/travis/build/icyphy/ptII/ptolemy/actor/lib/test/auto/LevelCrossTest9.xml
3 ms. Memory: 283648K Free: 230697K (81%)
----------------- Invoking toplevel() on ptolemy.moml.MoMLSimpleApplication@4e9e32c8
----------------- Done invoking toplevel() on ptolemy.moml.MoMLSimpleApplication@4e9e32c8
reloadAllAccessors: .LevelCrossTest9

===========================================================================================
----------------- testing Sat Dec 21 06:24:23 UTC 2019 /home/travis/build/icyphy/ptII/ptolemy/actor/lib/test/auto/LevinsonDurbin.xml
----------------- Instantiating /home/travis/build/icyphy/ptII/ptolemy/actor/lib/test/auto/LevinsonDurbin.xml
2 ms. Memory: 283648K Free: 226377K (80%)
----------------- Invoking toplevel() on ptolemy.moml.MoMLSimpleApplication@40b5b200
----------------- Done invoking toplevel() on ptolemy.moml.MoMLSimpleApplication@40b5b200
reloadAllAccessors: .LevinsonDurbin

===========================================================================================
----------------- testing Sat Dec 21 06:24:23 UTC 2019 /home/travis/build/icyphy/ptII/ptolemy/actor/lib/test/auto/LevinsonDurbin2.xml
----------------- Instantiating /home/travis/build/icyphy/ptII/ptolemy/actor/lib/test/auto/LevinsonDurbin2.xml
1 ms. Memory: 283648K Free: 222281K (78%)
----------------- Invoking toplevel() on ptolemy.moml.MoMLSimpleApplication@4ccbfc7
----------------- Done invoking toplevel() on ptolemy.moml.MoMLSimpleApplication@4ccbfc7
reloadAllAccessors: .LevinsonDurbin2

===========================================================================================
----------------- testing Sat Dec 21 06:24:23 UTC 2019 /home/travis/build/icyphy/ptII/ptolemy/actor/lib/test/auto/LevinsonDurbin3.xml
----------------- Instantiating /home/travis/build/icyphy/ptII/ptolemy/actor/lib/test/auto/LevinsonDurbin3.xml
2 ms. Memory: 283648K Free: 218695K (77%)
----------------- Invoking toplevel() on ptolemy.moml.MoMLSimpleApplication@473f9c58
----------------- Done invoking toplevel() on ptolemy.moml.MoMLSimpleApplication@473f9c58
reloadAllAccessors: .LevinsonDurbin3

===========================================================================================
----------------- testing Sat Dec 21 06:24:23 UTC 2019 /home/travis/build/icyphy/ptII/ptolemy/actor/lib/test/auto/Limiter.xml
----------------- Instantiating /home/travis/build/icyphy/ptII/ptolemy/actor/lib/test/auto/Limiter.xml
8 ms. Memory: 283648K Free: 209449K (74%)
----------------- Invoking toplevel() on ptolemy.moml.MoMLSimpleApplication@69d8253f
----------------- Done invoking toplevel() on ptolemy.moml.MoMLSimpleApplication@69d8253f
reloadAllAccessors: .Limiter

===========================================================================================
----------------- testing Sat Dec 21 06:24:23 UTC 2019 /home/travis/build/icyphy/ptII/ptolemy/actor/lib/test/auto/LinearDifferenceEquationSystem.xml
----------------- Instantiating /home/travis/build/icyphy/ptII/ptolemy/actor/lib/test/auto/LinearDifferenceEquationSystem.xml
12 ms. Memory: 283648K Free: 202311K (71%)
----------------- Invoking toplevel() on ptolemy.moml.MoMLSimpleApplication@2d3334bc
----------------- Done invoking toplevel() on ptolemy.moml.MoMLSimpleApplication@2d3334bc
reloadAllAccessors: .LinearDifferenceEquationSystem

===========================================================================================
----------------- testing Sat Dec 21 06:24:23 UTC 2019 /home/travis/build/icyphy/ptII/ptolemy/actor/lib/test/auto/LookupTable.xml
----------------- Instantiating /home/travis/build/icyphy/ptII/ptolemy/actor/lib/test/auto/LookupTable.xml
1 ms. Memory: 283648K Free: 197705K (70%)
----------------- Invoking toplevel() on ptolemy.moml.MoMLSimpleApplication@3467d7fe
----------------- Done invoking toplevel() on ptolemy.moml.MoMLSimpleApplication@3467d7fe
reloadAllAccessors: .LookupTable

===========================================================================================
----------------- testing Sat Dec 21 06:24:23 UTC 2019 /home/travis/build/icyphy/ptII/ptolemy/actor/lib/test/auto/MathFunction.xml
----------------- Instantiating /home/travis/build/icyphy/ptII/ptolemy/actor/lib/test/auto/MathFunction.xml
2 ms. Memory: 283648K Free: 190023K (67%)
----------------- Invoking toplevel() on ptolemy.moml.MoMLSimpleApplication@512170f8
----------------- Done invoking toplevel() on ptolemy.moml.MoMLSimpleApplication@512170f8
reloadAllAccessors: .MathFunction

===========================================================================================
----------------- testing Sat Dec 21 06:24:23 UTC 2019 /home/travis/build/icyphy/ptII/ptolemy/actor/lib/test/auto/MathFunction2.xml
----------------- Instantiating /home/travis/build/icyphy/ptII/ptolemy/actor/lib/test/auto/MathFunction2.xml
1 ms. Memory: 283648K Free: 185927K (66%)
----------------- Invoking toplevel() on ptolemy.moml.MoMLSimpleApplication@566c902d
----------------- Done invoking toplevel() on ptolemy.moml.MoMLSimpleApplication@566c902d
reloadAllAccessors: .MathFunction2

===========================================================================================
----------------- testing Sat Dec 21 06:24:23 UTC 2019 /home/travis/build/icyphy/ptII/ptolemy/actor/lib/test/auto/MathFunction3.xml
----------------- Instantiating /home/travis/build/icyphy/ptII/ptolemy/actor/lib/test/auto/MathFunction3.xml
2 ms. Memory: 283648K Free: 178759K (63%)
----------------- Invoking toplevel() on ptolemy.moml.MoMLSimpleApplication@1055c5a3
----------------- Done invoking toplevel() on ptolemy.moml.MoMLSimpleApplication@1055c5a3
reloadAllAccessors: .MathFunction3

===========================================================================================
----------------- testing Sat Dec 21 06:24:23 UTC 2019 /home/travis/build/icyphy/ptII/ptolemy/actor/lib/test/auto/MatrixCropBoolean.xml
----------------- Instantiating /home/travis/build/icyphy/ptII/ptolemy/actor/lib/test/auto/MatrixCropBoolean.xml
1 ms. Memory: 283648K Free: 174153K (61%)
----------------- Invoking toplevel() on ptolemy.moml.MoMLSimpleApplication@73bb12b1
----------------- Done invoking toplevel() on ptolemy.moml.MoMLSimpleApplication@73bb12b1
reloadAllAccessors: .MatrixCropBoolean

===========================================================================================
----------------- testing Sat Dec 21 06:24:23 UTC 2019 /home/travis/build/icyphy/ptII/ptolemy/actor/lib/test/auto/MatrixCropComplex.xml
----------------- Instantiating /home/travis/build/icyphy/ptII/ptolemy/actor/lib/test/auto/MatrixCropComplex.xml
2 ms. Memory: 283648K Free: 169033K (60%)
----------------- Invoking toplevel() on ptolemy.moml.MoMLSimpleApplication@44369852
----------------- Done invoking toplevel() on ptolemy.moml.MoMLSimpleApplication@44369852
reloadAllAccessors: .MatrixCropComplex

===========================================================================================
----------------- testing Sat Dec 21 06:24:23 UTC 2019 /home/travis/build/icyphy/ptII/ptolemy/actor/lib/test/auto/MatrixCropDouble.xml
----------------- Instantiating /home/travis/build/icyphy/ptII/ptolemy/actor/lib/test/auto/MatrixCropDouble.xml
1 ms. Memory: 283648K Free: 163913K (58%)
----------------- Invoking toplevel() on ptolemy.moml.MoMLSimpleApplication@5a2c1bc
----------------- Done invoking toplevel() on ptolemy.moml.MoMLSimpleApplication@5a2c1bc
reloadAllAccessors: .MatrixCropDouble

===========================================================================================
----------------- testing Sat Dec 21 06:24:23 UTC 2019 /home/travis/build/icyphy/ptII/ptolemy/actor/lib/test/auto/MatrixCropFix.xml
----------------- Instantiating /home/travis/build/icyphy/ptII/ptolemy/actor/lib/test/auto/MatrixCropFix.xml
1 ms. Memory: 283648K Free: 158793K (56%)
----------------- Invoking toplevel() on ptolemy.moml.MoMLSimpleApplication@b45674b
----------------- Done invoking toplevel() on ptolemy.moml.MoMLSimpleApplication@b45674b
reloadAllAccessors: .MatrixCropFix

===========================================================================================
----------------- testing Sat Dec 21 06:24:23 UTC 2019 /home/travis/build/icyphy/ptII/ptolemy/actor/lib/test/auto/MatrixCropInt.xml
----------------- Instantiating /home/travis/build/icyphy/ptII/ptolemy/actor/lib/test/auto/MatrixCropInt.xml
2 ms. Memory: 283648K Free: 153673K (54%)
----------------- Invoking toplevel() on ptolemy.moml.MoMLSimpleApplication@11db8c2b
----------------- Done invoking toplevel() on ptolemy.moml.MoMLSimpleApplication@11db8c2b
reloadAllAccessors: .MatrixCropInt

===========================================================================================
----------------- testing Sat Dec 21 06:24:23 UTC 2019 /home/travis/build/icyphy/ptII/ptolemy/actor/lib/test/auto/MatrixCropLong.xml
----------------- Instantiating /home/travis/build/icyphy/ptII/ptolemy/actor/lib/test/auto/MatrixCropLong.xml
1 ms. Memory: 283648K Free: 149057K (53%)
----------------- Invoking toplevel() on ptolemy.moml.MoMLSimpleApplication@676a523
----------------- Done invoking toplevel() on ptolemy.moml.MoMLSimpleApplication@676a523
reloadAllAccessors: .MatrixCropLong

===========================================================================================
----------------- testing Sat Dec 21 06:24:23 UTC 2019 /home/travis/build/icyphy/ptII/ptolemy/actor/lib/test/auto/MatrixToArray.xml
----------------- Instantiating /home/travis/build/icyphy/ptII/ptolemy/actor/lib/test/auto/MatrixToArray.xml
6 ms. Memory: 283648K Free: 133703K (47%)
----------------- Invoking toplevel() on ptolemy.moml.MoMLSimpleApplication@26472169
----------------- Done invoking toplevel() on ptolemy.moml.MoMLSimpleApplication@26472169
reloadAllAccessors: .MatrixToArray

===========================================================================================
----------------- testing Sat Dec 21 06:24:23 UTC 2019 /home/travis/build/icyphy/ptII/ptolemy/actor/lib/test/auto/MaxIndex.xml
----------------- Instantiating /home/travis/build/icyphy/ptII/ptolemy/actor/lib/test/auto/MaxIndex.xml
2 ms. Memory: 283648K Free: 128583K (45%)
----------------- Invoking toplevel() on ptolemy.moml.MoMLSimpleApplication@7adefa2
----------------- Done invoking toplevel() on ptolemy.moml.MoMLSimpleApplication@7adefa2
reloadAllAccessors: .MaxIndex

===========================================================================================
----------------- testing Sat Dec 21 06:24:23 UTC 2019 /home/travis/build/icyphy/ptII/ptolemy/actor/lib/test/auto/Maximum.xml
----------------- Instantiating /home/travis/build/icyphy/ptII/ptolemy/actor/lib/test/auto/Maximum.xml
6 ms. Memory: 283648K Free: 121929K (43%)
----------------- Invoking toplevel() on ptolemy.moml.MoMLSimpleApplication@29f8109e
----------------- Done invoking toplevel() on ptolemy.moml.MoMLSimpleApplication@29f8109e
reloadAllAccessors: .Maximum

===========================================================================================
----------------- testing Sat Dec 21 06:24:23 UTC 2019 /home/travis/build/icyphy/ptII/ptolemy/actor/lib/test/auto/MaximumComplex.xml
----------------- Instantiating /home/travis/build/icyphy/ptII/ptolemy/actor/lib/test/auto/MaximumComplex.xml
4 ms. Memory: 283648K Free: 116281K (41%)
----------------- Invoking toplevel() on ptolemy.moml.MoMLSimpleApplication@272016e3
----------------- Done invoking toplevel() on ptolemy.moml.MoMLSimpleApplication@272016e3
reloadAllAccessors: .MaximumComplex

===========================================================================================
----------------- testing Sat Dec 21 06:24:23 UTC 2019 /home/travis/build/icyphy/ptII/ptolemy/actor/lib/test/auto/MethodCallTest.xml
----------------- Instantiating /home/travis/build/icyphy/ptII/ptolemy/actor/lib/test/auto/MethodCallTest.xml
2 ms. Memory: 283648K Free: 109641K (39%)
----------------- Invoking toplevel() on ptolemy.moml.MoMLSimpleApplication@2c9e16cb
----------------- Done invoking toplevel() on ptolemy.moml.MoMLSimpleApplication@2c9e16cb
reloadAllAccessors: .MethodCallTest

===========================================================================================
----------------- testing Sat Dec 21 06:24:23 UTC 2019 /home/travis/build/icyphy/ptII/ptolemy/actor/lib/test/auto/Minimum.xml
----------------- Instantiating /home/travis/build/icyphy/ptII/ptolemy/actor/lib/test/auto/Minimum.xml
3 ms. Memory: 283648K Free: 102983K (36%)
----------------- Invoking toplevel() on ptolemy.moml.MoMLSimpleApplication@3636ecf0
----------------- Done invoking toplevel() on ptolemy.moml.MoMLSimpleApplication@3636ecf0
reloadAllAccessors: .Minimum

===========================================================================================
----------------- testing Sat Dec 21 06:24:23 UTC 2019 /home/travis/build/icyphy/ptII/ptolemy/actor/lib/test/auto/MinimumComplex.xml
----------------- Instantiating /home/travis/build/icyphy/ptII/ptolemy/actor/lib/test/auto/MinimumComplex.xml
2 ms. Memory: 283648K Free: 96839K (34%)
----------------- Invoking toplevel() on ptolemy.moml.MoMLSimpleApplication@295a5f9
----------------- Done invoking toplevel() on ptolemy.moml.MoMLSimpleApplication@295a5f9
reloadAllAccessors: .MinimumComplex

===========================================================================================
----------------- testing Sat Dec 21 06:24:24 UTC 2019 /home/travis/build/icyphy/ptII/ptolemy/actor/lib/test/auto/MinimumMultiports.xml
----------------- Instantiating /home/travis/build/icyphy/ptII/ptolemy/actor/lib/test/auto/MinimumMultiports.xml
3 ms. Memory: 283648K Free: 88137K (31%)
----------------- Invoking toplevel() on ptolemy.moml.MoMLSimpleApplication@6b58b1c4
----------------- Done invoking toplevel() on ptolemy.moml.MoMLSimpleApplication@6b58b1c4
reloadAllAccessors: .MinimumMultiports

===========================================================================================
----------------- testing Sat Dec 21 06:24:24 UTC 2019 /home/travis/build/icyphy/ptII/ptolemy/actor/lib/test/auto/ModifyDate.xml
----------------- Instantiating /home/travis/build/icyphy/ptII/ptolemy/actor/lib/test/auto/ModifyDate.xml
7 ms. Memory: 283648K Free: 75335K (27%)
----------------- Invoking toplevel() on ptolemy.moml.MoMLSimpleApplication@252759e6
----------------- Done invoking toplevel() on ptolemy.moml.MoMLSimpleApplication@252759e6
reloadAllAccessors: .ModifyDate

===========================================================================================
----------------- testing Sat Dec 21 06:24:24 UTC 2019 /home/travis/build/icyphy/ptII/ptolemy/actor/lib/test/auto/ModifyDate2.xml
----------------- Instantiating /home/travis/build/icyphy/ptII/ptolemy/actor/lib/test/auto/ModifyDate2.xml
6 ms. Memory: 283648K Free: 234009K (82%)
----------------- Invoking toplevel() on ptolemy.moml.MoMLSimpleApplication@172d6c7b
----------------- Done invoking toplevel() on ptolemy.moml.MoMLSimpleApplication@172d6c7b
reloadAllAccessors: .ModifyDate2

===========================================================================================
----------------- testing Sat Dec 21 06:24:24 UTC 2019 /home/travis/build/icyphy/ptII/ptolemy/actor/lib/test/auto/MovingAverage.xml
----------------- Instantiating /home/travis/build/icyphy/ptII/ptolemy/actor/lib/test/auto/MovingAverage.xml
1 ms. Memory: 283648K Free: 228889K (81%)
----------------- Invoking toplevel() on ptolemy.moml.MoMLSimpleApplication@6d56e2fb
----------------- Done invoking toplevel() on ptolemy.moml.MoMLSimpleApplication@6d56e2fb
reloadAllAccessors: .MovingAverage

===========================================================================================
----------------- testing Sat Dec 21 06:24:24 UTC 2019 /home/travis/build/icyphy/ptII/ptolemy/actor/lib/test/auto/MovingMaximum.xml
----------------- Instantiating /home/travis/build/icyphy/ptII/ptolemy/actor/lib/test/auto/MovingMaximum.xml
1 ms. Memory: 283648K Free: 224283K (79%)
----------------- Invoking toplevel() on ptolemy.moml.MoMLSimpleApplication@75753017
----------------- Done invoking toplevel() on ptolemy.moml.MoMLSimpleApplication@75753017
reloadAllAccessors: .MovingMaximum

===========================================================================================
----------------- testing Sat Dec 21 06:24:24 UTC 2019 /home/travis/build/icyphy/ptII/ptolemy/actor/lib/test/auto/MultipleLinksToSameRelation.xml
----------------- Instantiating /home/travis/build/icyphy/ptII/ptolemy/actor/lib/test/auto/MultipleLinksToSameRelation.xml
5 ms. Memory: 283648K Free: 220187K (78%)
----------------- Invoking toplevel() on ptolemy.moml.MoMLSimpleApplication@2e444503
----------------- Done invoking toplevel() on ptolemy.moml.MoMLSimpleApplication@2e444503
reloadAllAccessors: .MultipleLinksToSameRelation

===========================================================================================
----------------- testing Sat Dec 21 06:24:24 UTC 2019 /home/travis/build/icyphy/ptII/ptolemy/actor/lib/test/auto/MultipleLinksToSameRelationDE.xml
----------------- Instantiating /home/travis/build/icyphy/ptII/ptolemy/actor/lib/test/auto/MultipleLinksToSameRelationDE.xml
9 ms. Memory: 283648K Free: 215563K (76%)
----------------- Invoking toplevel() on ptolemy.moml.MoMLSimpleApplication@76ead94e
----------------- Done invoking toplevel() on ptolemy.moml.MoMLSimpleApplication@76ead94e
reloadAllAccessors: .MultipleLinksToSameRelationDE

===========================================================================================
----------------- testing Sat Dec 21 06:24:24 UTC 2019 /home/travis/build/icyphy/ptII/ptolemy/actor/lib/test/auto/Multiplexor.xml
----------------- Instantiating /home/travis/build/icyphy/ptII/ptolemy/actor/lib/test/auto/Multiplexor.xml
1 ms. Memory: 283648K Free: 209947K (74%)
----------------- Invoking toplevel() on ptolemy.moml.MoMLSimpleApplication@6329a77
----------------- Done invoking toplevel() on ptolemy.moml.MoMLSimpleApplication@6329a77
reloadAllAccessors: .Multiplexor

===========================================================================================
----------------- testing Sat Dec 21 06:24:24 UTC 2019 /home/travis/build/icyphy/ptII/ptolemy/actor/lib/test/auto/Multiplexor1.xml
----------------- Instantiating /home/travis/build/icyphy/ptII/ptolemy/actor/lib/test/auto/Multiplexor1.xml
3 ms. Memory: 283648K Free: 204827K (72%)
----------------- Invoking toplevel() on ptolemy.moml.MoMLSimpleApplication@4d1649df
----------------- Done invoking toplevel() on ptolemy.moml.MoMLSimpleApplication@4d1649df
reloadAllAccessors: .Multiplexor1

===========================================================================================
----------------- testing Sat Dec 21 06:24:24 UTC 2019 /home/travis/build/icyphy/ptII/ptolemy/actor/lib/test/auto/Multiplexor2.xml
----------------- Instantiating /home/travis/build/icyphy/ptII/ptolemy/actor/lib/test/auto/Multiplexor2.xml
5 ms. Memory: 283648K Free: 198166K (70%)
----------------- Invoking toplevel() on ptolemy.moml.MoMLSimpleApplication@27ea29d5
----------------- Done invoking toplevel() on ptolemy.moml.MoMLSimpleApplication@27ea29d5
reloadAllAccessors: .Multiplexor2

===========================================================================================
----------------- testing Sat Dec 21 06:24:24 UTC 2019 /home/travis/build/icyphy/ptII/ptolemy/actor/lib/test/auto/Multiplexor3.xml
----------------- Instantiating /home/travis/build/icyphy/ptII/ptolemy/actor/lib/test/auto/Multiplexor3.xml
2 ms. Memory: 283648K Free: 194073K (68%)
----------------- Invoking toplevel() on ptolemy.moml.MoMLSimpleApplication@54b2a15c
----------------- Done invoking toplevel() on ptolemy.moml.MoMLSimpleApplication@54b2a15c
reloadAllAccessors: .Multiplexor3

===========================================================================================
----------------- testing Sat Dec 21 06:24:24 UTC 2019 /home/travis/build/icyphy/ptII/ptolemy/actor/lib/test/auto/MultiplexorDE.xml
----------------- Instantiating /home/travis/build/icyphy/ptII/ptolemy/actor/lib/test/auto/MultiplexorDE.xml
2 ms. Memory: 283648K Free: 186395K (66%)
----------------- Invoking toplevel() on ptolemy.moml.MoMLSimpleApplication@1986eacb
----------------- Done invoking toplevel() on ptolemy.moml.MoMLSimpleApplication@1986eacb
reloadAllAccessors: .MultiplexorDE

===========================================================================================
----------------- testing Sat Dec 21 06:24:24 UTC 2019 /home/travis/build/icyphy/ptII/ptolemy/actor/lib/test/auto/MultiportBroadcastTest.xml
----------------- Instantiating /home/travis/build/icyphy/ptII/ptolemy/actor/lib/test/auto/MultiportBroadcastTest.xml
89 ms. Memory: 283648K Free: 179731K (63%)
----------------- Invoking toplevel() on ptolemy.moml.MoMLSimpleApplication@5a5423c3
----------------- Done invoking toplevel() on ptolemy.moml.MoMLSimpleApplication@5a5423c3
reloadAllAccessors: .MultiportBroadcastTest

===========================================================================================
----------------- testing Sat Dec 21 06:24:24 UTC 2019 /home/travis/build/icyphy/ptII/ptolemy/actor/lib/test/auto/MultiportOutHangDuringGetWidth.xml
----------------- Instantiating /home/travis/build/icyphy/ptII/ptolemy/actor/lib/test/auto/MultiportOutHangDuringGetWidth.xml
5 ms. Memory: 283648K Free: 168473K (59%)
----------------- Invoking toplevel() on ptolemy.moml.MoMLSimpleApplication@d2a44dc
----------------- Done invoking toplevel() on ptolemy.moml.MoMLSimpleApplication@d2a44dc
reloadAllAccessors: .MultiportOutHangDuringGetWidth

===========================================================================================
----------------- testing Sat Dec 21 06:24:24 UTC 2019 /home/travis/build/icyphy/ptII/ptolemy/actor/lib/test/auto/NilToken.xml
----------------- Instantiating /home/travis/build/icyphy/ptII/ptolemy/actor/lib/test/auto/NilToken.xml
2 ms. Memory: 283648K Free: 164377K (58%)
----------------- Invoking toplevel() on ptolemy.moml.MoMLSimpleApplication@70b0c028
----------------- Done invoking toplevel() on ptolemy.moml.MoMLSimpleApplication@70b0c028
reloadAllAccessors: .NilToken

===========================================================================================
----------------- testing Sat Dec 21 06:24:24 UTC 2019 /home/travis/build/icyphy/ptII/ptolemy/actor/lib/test/auto/NilTokenNonStrictTest.xml
----------------- Instantiating /home/travis/build/icyphy/ptII/ptolemy/actor/lib/test/auto/NilTokenNonStrictTest.xml
1 ms. Memory: 283648K Free: 159771K (56%)
----------------- Invoking toplevel() on ptolemy.moml.MoMLSimpleApplication@658aeb45
----------------- Done invoking toplevel() on ptolemy.moml.MoMLSimpleApplication@658aeb45
reloadAllAccessors: .NilTokenNonStrictTest

===========================================================================================
----------------- testing Sat Dec 21 06:24:24 UTC 2019 /home/travis/build/icyphy/ptII/ptolemy/actor/lib/test/auto/NilTokenRecord.xml
----------------- Instantiating /home/travis/build/icyphy/ptII/ptolemy/actor/lib/test/auto/NilTokenRecord.xml
6 ms. Memory: 283648K Free: 153113K (54%)
----------------- Invoking toplevel() on ptolemy.moml.MoMLSimpleApplication@4d9ebc87
----------------- Done invoking toplevel() on ptolemy.moml.MoMLSimpleApplication@4d9ebc87
reloadAllAccessors: .NilTokenRecord

===========================================================================================
----------------- testing Sat Dec 21 06:24:24 UTC 2019 /home/travis/build/icyphy/ptII/ptolemy/actor/lib/test/auto/NilTokenTypeTest.xml
----------------- Instantiating /home/travis/build/icyphy/ptII/ptolemy/actor/lib/test/auto/NilTokenTypeTest.xml
11 ms. Memory: 283648K Free: 143387K (51%)
----------------- Invoking toplevel() on ptolemy.moml.MoMLSimpleApplication@4029cc8a
----------------- Done invoking toplevel() on ptolemy.moml.MoMLSimpleApplication@4029cc8a
reloadAllAccessors: .NilTokenTypeTest

===========================================================================================
----------------- testing Sat Dec 21 06:24:24 UTC 2019 /home/travis/build/icyphy/ptII/ptolemy/actor/lib/test/auto/ObjectToken1.xml
----------------- Instantiating /home/travis/build/icyphy/ptII/ptolemy/actor/lib/test/auto/ObjectToken1.xml
3 ms. Memory: 283648K Free: 139291K (49%)
----------------- Invoking toplevel() on ptolemy.moml.MoMLSimpleApplication@24171fb0
----------------- Done invoking toplevel() on ptolemy.moml.MoMLSimpleApplication@24171fb0
reloadAllAccessors: .ObjectToken1

===========================================================================================
----------------- testing Sat Dec 21 06:24:24 UTC 2019 /home/travis/build/icyphy/ptII/ptolemy/actor/lib/test/auto/OrderedMerge.xml
----------------- Instantiating /home/travis/build/icyphy/ptII/ptolemy/actor/lib/test/auto/OrderedMerge.xml
7 ms. Memory: 283648K Free: 134171K (47%)
----------------- Invoking toplevel() on ptolemy.moml.MoMLSimpleApplication@4ed7e90b
----------------- Done invoking toplevel() on ptolemy.moml.MoMLSimpleApplication@4ed7e90b
reloadAllAccessors: .OrderedMerge

===========================================================================================
----------------- testing Sat Dec 21 06:24:24 UTC 2019 /home/travis/build/icyphy/ptII/ptolemy/actor/lib/test/auto/OrderedRecordDisassembler.xml
----------------- Instantiating /home/travis/build/icyphy/ptII/ptolemy/actor/lib/test/auto/OrderedRecordDisassembler.xml
3 ms. Memory: 283648K Free: 129051K (45%)
----------------- Invoking toplevel() on ptolemy.moml.MoMLSimpleApplication@d796fe1
----------------- Done invoking toplevel() on ptolemy.moml.MoMLSimpleApplication@d796fe1
reloadAllAccessors: .OrderedRecordDisassembler

===========================================================================================
----------------- testing Sat Dec 21 06:24:24 UTC 2019 /home/travis/build/icyphy/ptII/ptolemy/actor/lib/test/auto/OrderedRecordDisassembler2.xml
----------------- Instantiating /home/travis/build/icyphy/ptII/ptolemy/actor/lib/test/auto/OrderedRecordDisassembler2.xml
4 ms. Memory: 283648K Free: 121369K (43%)
----------------- Invoking toplevel() on ptolemy.moml.MoMLSimpleApplication@4bc3b457
----------------- Done invoking toplevel() on ptolemy.moml.MoMLSimpleApplication@4bc3b457
reloadAllAccessors: .OrderedRecordDisassembler2

===========================================================================================
----------------- testing Sat Dec 21 06:24:24 UTC 2019 /home/travis/build/icyphy/ptII/ptolemy/actor/lib/test/auto/OrderedRecordUpdater.xml
----------------- Instantiating /home/travis/build/icyphy/ptII/ptolemy/actor/lib/test/auto/OrderedRecordUpdater.xml
2 ms. Memory: 283648K Free: 116249K (41%)
----------------- Invoking toplevel() on ptolemy.moml.MoMLSimpleApplication@4d51c240
----------------- Done invoking toplevel() on ptolemy.moml.MoMLSimpleApplication@4d51c240
reloadAllAccessors: .RecordUpdater

===========================================================================================
----------------- testing Sat Dec 21 06:24:24 UTC 2019 /home/travis/build/icyphy/ptII/ptolemy/actor/lib/test/auto/OrderedRecordUpdater2.xml
----------------- Instantiating /home/travis/build/icyphy/ptII/ptolemy/actor/lib/test/auto/OrderedRecordUpdater2.xml
3 ms. Memory: 283648K Free: 111129K (39%)
----------------- Invoking toplevel() on ptolemy.moml.MoMLSimpleApplication@666dcb8a
----------------- Done invoking toplevel() on ptolemy.moml.MoMLSimpleApplication@666dcb8a
reloadAllAccessors: .RecordUpdater2

===========================================================================================
----------------- testing Sat Dec 21 06:24:24 UTC 2019 /home/travis/build/icyphy/ptII/ptolemy/actor/lib/test/auto/PhaseUnwrap.xml
----------------- Instantiating /home/travis/build/icyphy/ptII/ptolemy/actor/lib/test/auto/PhaseUnwrap.xml
1 ms. Memory: 283648K Free: 106523K (38%)
----------------- Invoking toplevel() on ptolemy.moml.MoMLSimpleApplication@7ee3550d
----------------- Done invoking toplevel() on ptolemy.moml.MoMLSimpleApplication@7ee3550d
reloadAllAccessors: .PhaseUnwrap

===========================================================================================
----------------- testing Sat Dec 21 06:24:24 UTC 2019 /home/travis/build/icyphy/ptII/ptolemy/actor/lib/test/auto/PoissonClock.xml
----------------- Instantiating /home/travis/build/icyphy/ptII/ptolemy/actor/lib/test/auto/PoissonClock.xml
1 ms. Memory: 283648K Free: 102427K (36%)
----------------- Invoking toplevel() on ptolemy.moml.MoMLSimpleApplication@26d7ac30
----------------- Done invoking toplevel() on ptolemy.moml.MoMLSimpleApplication@26d7ac30
reloadAllAccessors: .PoissonClock

===========================================================================================
----------------- testing Sat Dec 21 06:24:24 UTC 2019 /home/travis/build/icyphy/ptII/ptolemy/actor/lib/test/auto/PoissonClock2.xml
----------------- Instantiating /home/travis/build/icyphy/ptII/ptolemy/actor/lib/test/auto/PoissonClock2.xml
1 ms. Memory: 283648K Free: 98331K (35%)
----------------- Invoking toplevel() on ptolemy.moml.MoMLSimpleApplication@189daeec
----------------- Done invoking toplevel() on ptolemy.moml.MoMLSimpleApplication@189daeec
reloadAllAccessors: .PoissonClock2

===========================================================================================
----------------- testing Sat Dec 21 06:24:24 UTC 2019 /home/travis/build/icyphy/ptII/ptolemy/actor/lib/test/auto/PoissonClock3.xml
----------------- Instantiating /home/travis/build/icyphy/ptII/ptolemy/actor/lib/test/auto/PoissonClock3.xml
1 ms. Memory: 283648K Free: 93721K (33%)
----------------- Invoking toplevel() on ptolemy.moml.MoMLSimpleApplication@7e41ece2
----------------- Done invoking toplevel() on ptolemy.moml.MoMLSimpleApplication@7e41ece2
reloadAllAccessors: .PoissonClock3

===========================================================================================
----------------- testing Sat Dec 21 06:24:24 UTC 2019 /home/travis/build/icyphy/ptII/ptolemy/actor/lib/test/auto/PubSubWithInitialTokens.xml
----------------- Instantiating /home/travis/build/icyphy/ptII/ptolemy/actor/lib/test/auto/PubSubWithInitialTokens.xml
2 ms. Memory: 283648K Free: 88091K (31%)
----------------- Invoking toplevel() on ptolemy.moml.MoMLSimpleApplication@37ba2e7e
----------------- Done invoking toplevel() on ptolemy.moml.MoMLSimpleApplication@37ba2e7e
reloadAllAccessors: .PubSubWithInitialTokens

===========================================================================================
----------------- testing Sat Dec 21 06:24:24 UTC 2019 /home/travis/build/icyphy/ptII/ptolemy/actor/lib/test/auto/PubSubWithInitialTokens2.xml
----------------- Instantiating /home/travis/build/icyphy/ptII/ptolemy/actor/lib/test/auto/PubSubWithInitialTokens2.xml
2 ms. Memory: 283648K Free: 81947K (29%)
----------------- Invoking toplevel() on ptolemy.moml.MoMLSimpleApplication@2bcb5e0e
----------------- Done invoking toplevel() on ptolemy.moml.MoMLSimpleApplication@2bcb5e0e
reloadAllAccessors: .PubSubWithInitialTokens2

===========================================================================================
----------------- testing Sat Dec 21 06:24:24 UTC 2019 /home/travis/build/icyphy/ptII/ptolemy/actor/lib/test/auto/PublisherClassNoParameter.xml
----------------- Instantiating /home/travis/build/icyphy/ptII/ptolemy/actor/lib/test/auto/PublisherClassNoParameter.xml
2 ms. Memory: 283648K Free: 72211K (25%)
----------------- Invoking toplevel() on ptolemy.moml.MoMLSimpleApplication@40c35373
----------------- Done invoking toplevel() on ptolemy.moml.MoMLSimpleApplication@40c35373
reloadAllAccessors: .PublisherClassNoParameter

===========================================================================================
----------------- testing Sat Dec 21 06:24:24 UTC 2019 /home/travis/build/icyphy/ptII/ptolemy/actor/lib/test/auto/PublisherClassParameter.xml
----------------- Instantiating /home/travis/build/icyphy/ptII/ptolemy/actor/lib/test/auto/PublisherClassParameter.xml
2 ms. Memory: 283648K Free: 228582K (81%)
----------------- Invoking toplevel() on ptolemy.moml.MoMLSimpleApplication@38f274de
----------------- Done invoking toplevel() on ptolemy.moml.MoMLSimpleApplication@38f274de
reloadAllAccessors: .PublisherClassParameter

===========================================================================================
----------------- testing Sat Dec 21 06:24:24 UTC 2019 /home/travis/build/icyphy/ptII/ptolemy/actor/lib/test/auto/PublisherNonStrictTest.xml
----------------- Instantiating /home/travis/build/icyphy/ptII/ptolemy/actor/lib/test/auto/PublisherNonStrictTest.xml
2 ms. Memory: 283648K Free: 220904K (78%)
----------------- Invoking toplevel() on ptolemy.moml.MoMLSimpleApplication@22c3d30b
----------------- Done invoking toplevel() on ptolemy.moml.MoMLSimpleApplication@22c3d30b
reloadAllAccessors: .PublisherNonStrictTest

===========================================================================================
----------------- testing Sat Dec 21 06:24:24 UTC 2019 /home/travis/build/icyphy/ptII/ptolemy/actor/lib/test/auto/PublisherPort1.xml
----------------- Instantiating /home/travis/build/icyphy/ptII/ptolemy/actor/lib/test/auto/PublisherPort1.xml
2 ms. Memory: 283648K Free: 215256K (76%)
----------------- Invoking toplevel() on ptolemy.moml.MoMLSimpleApplication@30dab523
----------------- Done invoking toplevel() on ptolemy.moml.MoMLSimpleApplication@30dab523
reloadAllAccessors: .PublisherPort1

===========================================================================================
----------------- testing Sat Dec 21 06:24:24 UTC 2019 /home/travis/build/icyphy/ptII/ptolemy/actor/lib/test/auto/PublisherPort2.xml
----------------- Instantiating /home/travis/build/icyphy/ptII/ptolemy/actor/lib/test/auto/PublisherPort2.xml
1 ms. Memory: 283648K Free: 210150K (74%)
----------------- Invoking toplevel() on ptolemy.moml.MoMLSimpleApplication@2ab9c922
----------------- Done invoking toplevel() on ptolemy.moml.MoMLSimpleApplication@2ab9c922
reloadAllAccessors: .PublisherPort2

===========================================================================================
----------------- testing Sat Dec 21 06:24:24 UTC 2019 /home/travis/build/icyphy/ptII/ptolemy/actor/lib/test/auto/PublisherPort3.xml
----------------- Instantiating /home/travis/build/icyphy/ptII/ptolemy/actor/lib/test/auto/PublisherPort3.xml
10 ms. Memory: 283648K Free: 203496K (72%)
----------------- Invoking toplevel() on ptolemy.moml.MoMLSimpleApplication@bebbc4c
----------------- Done invoking toplevel() on ptolemy.moml.MoMLSimpleApplication@bebbc4c
reloadAllAccessors: .PublisherPort3

===========================================================================================
----------------- testing Sat Dec 21 06:24:24 UTC 2019 /home/travis/build/icyphy/ptII/ptolemy/actor/lib/test/auto/PublisherPort4.xml
----------------- Instantiating /home/travis/build/icyphy/ptII/ptolemy/actor/lib/test/auto/PublisherPort4.xml
2 ms. Memory: 283648K Free: 197856K (70%)
----------------- Invoking toplevel() on ptolemy.moml.MoMLSimpleApplication@27efa386
----------------- Done invoking toplevel() on ptolemy.moml.MoMLSimpleApplication@27efa386
reloadAllAccessors: .PublisherPort4

===========================================================================================
----------------- testing Sat Dec 21 06:24:24 UTC 2019 /home/travis/build/icyphy/ptII/ptolemy/actor/lib/test/auto/PublisherPort5.xml
----------------- Instantiating /home/travis/build/icyphy/ptII/ptolemy/actor/lib/test/auto/PublisherPort5.xml
4 ms. Memory: 283648K Free: 190184K (67%)
----------------- Invoking toplevel() on ptolemy.moml.MoMLSimpleApplication@7599014
----------------- Done invoking toplevel() on ptolemy.moml.MoMLSimpleApplication@7599014
reloadAllAccessors: .PublisherPort5

===========================================================================================
----------------- testing Sat Dec 21 06:24:24 UTC 2019 /home/travis/build/icyphy/ptII/ptolemy/actor/lib/test/auto/PublisherPort5LookAlike.xml
----------------- Instantiating /home/travis/build/icyphy/ptII/ptolemy/actor/lib/test/auto/PublisherPort5LookAlike.xml
8 ms. Memory: 283648K Free: 182502K (64%)
----------------- Invoking toplevel() on ptolemy.moml.MoMLSimpleApplication@5f86c9b8
----------------- Done invoking toplevel() on ptolemy.moml.MoMLSimpleApplication@5f86c9b8
reloadAllAccessors: .PublisherPort5LookAlike

===========================================================================================
----------------- testing Sat Dec 21 06:24:24 UTC 2019 /home/travis/build/icyphy/ptII/ptolemy/actor/lib/test/auto/PublisherPort6.xml
----------------- Instantiating /home/travis/build/icyphy/ptII/ptolemy/actor/lib/test/auto/PublisherPort6.xml
2 ms. Memory: 283648K Free: 175848K (62%)
----------------- Invoking toplevel() on ptolemy.moml.MoMLSimpleApplication@500d18cc
----------------- Done invoking toplevel() on ptolemy.moml.MoMLSimpleApplication@500d18cc
reloadAllAccessors: .PublisherPort6

===========================================================================================
----------------- testing Sat Dec 21 06:24:24 UTC 2019 /home/travis/build/icyphy/ptII/ptolemy/actor/lib/test/auto/PublisherPort7.xml
----------------- Instantiating /home/travis/build/icyphy/ptII/ptolemy/actor/lib/test/auto/PublisherPort7.xml
4 ms. Memory: 283648K Free: 168166K (59%)
----------------- Invoking toplevel() on ptolemy.moml.MoMLSimpleApplication@48774ba1
----------------- Done invoking toplevel() on ptolemy.moml.MoMLSimpleApplication@48774ba1
reloadAllAccessors: .PublisherPort7

===========================================================================================
----------------- testing Sat Dec 21 06:24:24 UTC 2019 /home/travis/build/icyphy/ptII/ptolemy/actor/lib/test/auto/PublisherPort8.xml
----------------- Instantiating /home/travis/build/icyphy/ptII/ptolemy/actor/lib/test/auto/PublisherPort8.xml
4 ms. Memory: 283648K Free: 159974K (56%)
----------------- Invoking toplevel() on ptolemy.moml.MoMLSimpleApplication@79313b2c
----------------- Done invoking toplevel() on ptolemy.moml.MoMLSimpleApplication@79313b2c
reloadAllAccessors: .PublisherPort8

===========================================================================================
----------------- testing Sat Dec 21 06:24:24 UTC 2019 /home/travis/build/icyphy/ptII/ptolemy/actor/lib/test/auto/PublisherPortSubscriberChannelVariablesAOC2.xml
----------------- Instantiating /home/travis/build/icyphy/ptII/ptolemy/actor/lib/test/auto/PublisherPortSubscriberChannelVariablesAOC2.xml
3 ms. Memory: 283648K Free: 143080K (50%)
----------------- Invoking toplevel() on ptolemy.moml.MoMLSimpleApplication@512dc38a
----------------- Done invoking toplevel() on ptolemy.moml.MoMLSimpleApplication@512dc38a
reloadAllAccessors: .PublisherPortSubscriberChannelVariablesAOC2

===========================================================================================
----------------- testing Sat Dec 21 06:24:24 UTC 2019 /home/travis/build/icyphy/ptII/ptolemy/actor/lib/test/auto/PublisherPortSubscriberOpaqueWidthInference.xml
----------------- Instantiating /home/travis/build/icyphy/ptII/ptolemy/actor/lib/test/auto/PublisherPortSubscriberOpaqueWidthInference.xml
3 ms. Memory: 283648K Free: 135384K (48%)
----------------- Invoking toplevel() on ptolemy.moml.MoMLSimpleApplication@6772d878
----------------- Done invoking toplevel() on ptolemy.moml.MoMLSimpleApplication@6772d878
reloadAllAccessors: .PublisherPortSubscriberOpaqueWidthInference

===========================================================================================
----------------- testing Sat Dec 21 06:24:25 UTC 2019 /home/travis/build/icyphy/ptII/ptolemy/actor/lib/test/auto/PublisherPortSubscriberPortAdjacent.xml
----------------- Instantiating /home/travis/build/icyphy/ptII/ptolemy/actor/lib/test/auto/PublisherPortSubscriberPortAdjacent.xml
1 ms. Memory: 283648K Free: 127206K (45%)
----------------- Invoking toplevel() on ptolemy.moml.MoMLSimpleApplication@20cb55dd
----------------- Done invoking toplevel() on ptolemy.moml.MoMLSimpleApplication@20cb55dd
reloadAllAccessors: .PublisherPortSubscriberPortAdjacent

===========================================================================================
----------------- testing Sat Dec 21 06:24:25 UTC 2019 /home/travis/build/icyphy/ptII/ptolemy/actor/lib/test/auto/PublisherPortSubscriberPortExpression.xml
----------------- Instantiating /home/travis/build/icyphy/ptII/ptolemy/actor/lib/test/auto/PublisherPortSubscriberPortExpression.xml
3 ms. Memory: 283648K Free: 119528K (42%)
----------------- Invoking toplevel() on ptolemy.moml.MoMLSimpleApplication@1d191935
----------------- Done invoking toplevel() on ptolemy.moml.MoMLSimpleApplication@1d191935
reloadAllAccessors: .PublisherPortSubscriberPortExpression

===========================================================================================
----------------- testing Sat Dec 21 06:24:25 UTC 2019 /home/travis/build/icyphy/ptII/ptolemy/actor/lib/test/auto/PublisherPortSubscriberPortOpaqueD3Reverse.xml
----------------- Instantiating /home/travis/build/icyphy/ptII/ptolemy/actor/lib/test/auto/PublisherPortSubscriberPortOpaqueD3Reverse.xml
6 ms. Memory: 283648K Free: 109288K (39%)
----------------- Invoking toplevel() on ptolemy.moml.MoMLSimpleApplication@2798e2a8
----------------- Done invoking toplevel() on ptolemy.moml.MoMLSimpleApplication@2798e2a8
reloadAllAccessors: .PublisherPortSubscriberPortOpaqueD3Reverse

===========================================================================================
----------------- testing Sat Dec 21 06:24:25 UTC 2019 /home/travis/build/icyphy/ptII/ptolemy/actor/lib/test/auto/PublisherPortSubscriberPortOpaqueWidthInference.xml
----------------- Instantiating /home/travis/build/icyphy/ptII/ptolemy/actor/lib/test/auto/PublisherPortSubscriberPortOpaqueWidthInference.xml
3 ms. Memory: 283648K Free: 101592K (36%)
----------------- Invoking toplevel() on ptolemy.moml.MoMLSimpleApplication@6a7eb2e5
----------------- Done invoking toplevel() on ptolemy.moml.MoMLSimpleApplication@6a7eb2e5
reloadAllAccessors: .PublisherPortSubscriberPortOpaqueWidthInference

===========================================================================================
----------------- testing Sat Dec 21 06:24:25 UTC 2019 /home/travis/build/icyphy/ptII/ptolemy/actor/lib/test/auto/PublisherPortToplevelSubscriberPortAOC.xml
----------------- Instantiating /home/travis/build/icyphy/ptII/ptolemy/actor/lib/test/auto/PublisherPortToplevelSubscriberPortAOC.xml
.PublisherPortToplevelSubscriberPortAOC.TestExceptionAttribute: initialize() was not invoked, but wrapup() was.  This is unusual, but not always a problem.  For example, exporting JNLP will do this.
1 ms. Memory: 283648K Free: 95462K (34%)
----------------- Invoking toplevel() on ptolemy.moml.MoMLSimpleApplication@5e9ce9c9
----------------- Done invoking toplevel() on ptolemy.moml.MoMLSimpleApplication@5e9ce9c9
reloadAllAccessors: .PublisherPortToplevelSubscriberPortAOC

===========================================================================================
----------------- testing Sat Dec 21 06:24:25 UTC 2019 /home/travis/build/icyphy/ptII/ptolemy/actor/lib/test/auto/PublisherSubscriber.xml
----------------- Instantiating /home/travis/build/icyphy/ptII/ptolemy/actor/lib/test/auto/PublisherSubscriber.xml
3 ms. Memory: 283648K Free: 87784K (31%)
----------------- Invoking toplevel() on ptolemy.moml.MoMLSimpleApplication@1495f001
----------------- Done invoking toplevel() on ptolemy.moml.MoMLSimpleApplication@1495f001
reloadAllAccessors: .PublisherSubscriber

===========================================================================================
----------------- testing Sat Dec 21 06:24:25 UTC 2019 /home/travis/build/icyphy/ptII/ptolemy/actor/lib/test/auto/PublisherSubscriber10.xml
----------------- Instantiating /home/travis/build/icyphy/ptII/ptolemy/actor/lib/test/auto/PublisherSubscriber10.xml
7 ms. Memory: 283648K Free: 78054K (28%)
----------------- Invoking toplevel() on ptolemy.moml.MoMLSimpleApplication@74755c2a
----------------- Done invoking toplevel() on ptolemy.moml.MoMLSimpleApplication@74755c2a
reloadAllAccessors: .PublisherSubscriber10

===========================================================================================
----------------- testing Sat Dec 21 06:24:25 UTC 2019 /home/travis/build/icyphy/ptII/ptolemy/actor/lib/test/auto/PublisherSubscriber10InitialOutputs.xml
----------------- Instantiating /home/travis/build/icyphy/ptII/ptolemy/actor/lib/test/auto/PublisherSubscriber10InitialOutputs.xml
10 ms. Memory: 283648K Free: 68838K (24%)
----------------- Invoking toplevel() on ptolemy.moml.MoMLSimpleApplication@15a33329
----------------- Done invoking toplevel() on ptolemy.moml.MoMLSimpleApplication@15a33329
reloadAllAccessors: .PublisherSubscriber10InitialOutputs

===========================================================================================
----------------- testing Sat Dec 21 06:24:25 UTC 2019 /home/travis/build/icyphy/ptII/ptolemy/actor/lib/test/auto/PublisherSubscriber11.xml
----------------- Instantiating /home/travis/build/icyphy/ptII/ptolemy/actor/lib/test/auto/PublisherSubscriber11.xml
2 ms. Memory: 283648K Free: 229706K (81%)
----------------- Invoking toplevel() on ptolemy.moml.MoMLSimpleApplication@4bf45a3b
----------------- Done invoking toplevel() on ptolemy.moml.MoMLSimpleApplication@4bf45a3b
reloadAllAccessors: .PublisherSubscriber11

===========================================================================================
----------------- testing Sat Dec 21 06:24:25 UTC 2019 /home/travis/build/icyphy/ptII/ptolemy/actor/lib/test/auto/PublisherSubscriber12.xml
----------------- Instantiating /home/travis/build/icyphy/ptII/ptolemy/actor/lib/test/auto/PublisherSubscriber12.xml
3 ms. Memory: 283648K Free: 222552K (78%)
----------------- Invoking toplevel() on ptolemy.moml.MoMLSimpleApplication@412ed65
----------------- Done invoking toplevel() on ptolemy.moml.MoMLSimpleApplication@412ed65
reloadAllAccessors: .PublisherSubscriber12

===========================================================================================
----------------- testing Sat Dec 21 06:24:25 UTC 2019 /home/travis/build/icyphy/ptII/ptolemy/actor/lib/test/auto/PublisherSubscriber13.xml
----------------- Instantiating /home/travis/build/icyphy/ptII/ptolemy/actor/lib/test/auto/PublisherSubscriber13.xml
2 ms. Memory: 283648K Free: 217402K (77%)
----------------- Invoking toplevel() on ptolemy.moml.MoMLSimpleApplication@7c2c1218
----------------- Done invoking toplevel() on ptolemy.moml.MoMLSimpleApplication@7c2c1218
reloadAllAccessors: .PublisherSubscriber13

===========================================================================================
----------------- testing Sat Dec 21 06:24:25 UTC 2019 /home/travis/build/icyphy/ptII/ptolemy/actor/lib/test/auto/PublisherSubscriber14.xml
----------------- Instantiating /home/travis/build/icyphy/ptII/ptolemy/actor/lib/test/auto/PublisherSubscriber14.xml
2 ms. Memory: 283648K Free: 208730K (74%)
----------------- Invoking toplevel() on ptolemy.moml.MoMLSimpleApplication@4f205348
----------------- Done invoking toplevel() on ptolemy.moml.MoMLSimpleApplication@4f205348
reloadAllAccessors: .PublisherSubscriber14

===========================================================================================
----------------- testing Sat Dec 21 06:24:25 UTC 2019 /home/travis/build/icyphy/ptII/ptolemy/actor/lib/test/auto/PublisherSubscriber2.xml
----------------- Instantiating /home/travis/build/icyphy/ptII/ptolemy/actor/lib/test/auto/PublisherSubscriber2.xml
3 ms. Memory: 283648K Free: 203066K (72%)
----------------- Invoking toplevel() on ptolemy.moml.MoMLSimpleApplication@6f46f390
----------------- Done invoking toplevel() on ptolemy.moml.MoMLSimpleApplication@6f46f390
reloadAllAccessors: .PublisherSubscriber2

===========================================================================================
----------------- testing Sat Dec 21 06:24:25 UTC 2019 /home/travis/build/icyphy/ptII/ptolemy/actor/lib/test/auto/PublisherSubscriber3.xml
----------------- Instantiating /home/travis/build/icyphy/ptII/ptolemy/actor/lib/test/auto/PublisherSubscriber3.xml
1 ms. Memory: 283648K Free: 197466K (70%)
----------------- Invoking toplevel() on ptolemy.moml.MoMLSimpleApplication@17462161
----------------- Done invoking toplevel() on ptolemy.moml.MoMLSimpleApplication@17462161
reloadAllAccessors: .PublisherSubscriber3

===========================================================================================
----------------- testing Sat Dec 21 06:24:25 UTC 2019 /home/travis/build/icyphy/ptII/ptolemy/actor/lib/test/auto/PublisherSubscriber4.xml
----------------- Instantiating /home/travis/build/icyphy/ptII/ptolemy/actor/lib/test/auto/PublisherSubscriber4.xml
1 ms. Memory: 283648K Free: 192346K (68%)
----------------- Invoking toplevel() on ptolemy.moml.MoMLSimpleApplication@4a7ff77c
----------------- Done invoking toplevel() on ptolemy.moml.MoMLSimpleApplication@4a7ff77c
reloadAllAccessors: .PublisherSubscriber4

===========================================================================================
----------------- testing Sat Dec 21 06:24:25 UTC 2019 /home/travis/build/icyphy/ptII/ptolemy/actor/lib/test/auto/PublisherSubscriber5.xml
----------------- Instantiating /home/travis/build/icyphy/ptII/ptolemy/actor/lib/test/auto/PublisherSubscriber5.xml
2 ms. Memory: 283648K Free: 185682K (65%)
----------------- Invoking toplevel() on ptolemy.moml.MoMLSimpleApplication@476196e6
----------------- Done invoking toplevel() on ptolemy.moml.MoMLSimpleApplication@476196e6
reloadAllAccessors: .PublisherSubscriber5

===========================================================================================
----------------- testing Sat Dec 21 06:24:25 UTC 2019 /home/travis/build/icyphy/ptII/ptolemy/actor/lib/test/auto/PublisherSubscriber6.xml
----------------- Instantiating /home/travis/build/icyphy/ptII/ptolemy/actor/lib/test/auto/PublisherSubscriber6.xml
4 ms. Memory: 283648K Free: 179034K (63%)
----------------- Invoking toplevel() on ptolemy.moml.MoMLSimpleApplication@4d180724
----------------- Done invoking toplevel() on ptolemy.moml.MoMLSimpleApplication@4d180724
reloadAllAccessors: .PublisherSubscriber6

===========================================================================================
----------------- testing Sat Dec 21 06:24:25 UTC 2019 /home/travis/build/icyphy/ptII/ptolemy/actor/lib/test/auto/PublisherSubscriber7.xml
----------------- Instantiating /home/travis/build/icyphy/ptII/ptolemy/actor/lib/test/auto/PublisherSubscriber7.xml
8 ms. Memory: 283648K Free: 172376K (61%)
----------------- Invoking toplevel() on ptolemy.moml.MoMLSimpleApplication@307422f9
----------------- Done invoking toplevel() on ptolemy.moml.MoMLSimpleApplication@307422f9
reloadAllAccessors: .PublisherSubscriber7

===========================================================================================
----------------- testing Sat Dec 21 06:24:25 UTC 2019 /home/travis/build/icyphy/ptII/ptolemy/actor/lib/test/auto/PublisherSubscriber8.xml
----------------- Instantiating /home/travis/build/icyphy/ptII/ptolemy/actor/lib/test/auto/PublisherSubscriber8.xml
17 ms. Memory: 283648K Free: 160602K (57%)
----------------- Invoking toplevel() on ptolemy.moml.MoMLSimpleApplication@4d1fbdfb
----------------- Done invoking toplevel() on ptolemy.moml.MoMLSimpleApplication@4d1fbdfb
reloadAllAccessors: .PublisherSubscriber8

===========================================================================================
----------------- testing Sat Dec 21 06:24:25 UTC 2019 /home/travis/build/icyphy/ptII/ptolemy/actor/lib/test/auto/PublisherSubscriber9.xml
----------------- Instantiating /home/travis/build/icyphy/ptII/ptolemy/actor/lib/test/auto/PublisherSubscriber9.xml
2 ms. Memory: 283648K Free: 153434K (54%)
----------------- Invoking toplevel() on ptolemy.moml.MoMLSimpleApplication@334bde9a
----------------- Done invoking toplevel() on ptolemy.moml.MoMLSimpleApplication@334bde9a
reloadAllAccessors: .PublisherSubscriber9

===========================================================================================
----------------- testing Sat Dec 21 06:24:25 UTC 2019 /home/travis/build/icyphy/ptII/ptolemy/actor/lib/test/auto/PublisherSubscriberAdjacent.xml
----------------- Instantiating /home/travis/build/icyphy/ptII/ptolemy/actor/lib/test/auto/PublisherSubscriberAdjacent.xml
2 ms. Memory: 283648K Free: 144728K (51%)
----------------- Invoking toplevel() on ptolemy.moml.MoMLSimpleApplication@483090ec
----------------- Done invoking toplevel() on ptolemy.moml.MoMLSimpleApplication@483090ec
reloadAllAccessors: .PublisherSubscriberAdjacent

===========================================================================================
----------------- testing Sat Dec 21 06:24:25 UTC 2019 /home/travis/build/icyphy/ptII/ptolemy/actor/lib/test/auto/PublisherSubscriberChannelVariablesAOC2.xml
----------------- Instantiating /home/travis/build/icyphy/ptII/ptolemy/actor/lib/test/auto/PublisherSubscriberChannelVariablesAOC2.xml
3 ms. Memory: 283648K Free: 129882K (46%)
----------------- Invoking toplevel() on ptolemy.moml.MoMLSimpleApplication@5c5122be
----------------- Done invoking toplevel() on ptolemy.moml.MoMLSimpleApplication@5c5122be
reloadAllAccessors: .PublisherSubscriberChannelVariablesAOC2

===========================================================================================
----------------- testing Sat Dec 21 06:24:25 UTC 2019 /home/travis/build/icyphy/ptII/ptolemy/actor/lib/test/auto/PublisherSubscriberD3.xml
----------------- Instantiating /home/travis/build/icyphy/ptII/ptolemy/actor/lib/test/auto/PublisherSubscriberD3.xml
2 ms. Memory: 283648K Free: 122714K (43%)
----------------- Invoking toplevel() on ptolemy.moml.MoMLSimpleApplication@8f82b39
----------------- Done invoking toplevel() on ptolemy.moml.MoMLSimpleApplication@8f82b39
reloadAllAccessors: .PublisherSubscriberD3

===========================================================================================
----------------- testing Sat Dec 21 06:24:25 UTC 2019 /home/travis/build/icyphy/ptII/ptolemy/actor/lib/test/auto/PublisherSubscriberD3Reverse.xml
----------------- Instantiating /home/travis/build/icyphy/ptII/ptolemy/actor/lib/test/auto/PublisherSubscriberD3Reverse.xml
2 ms. Memory: 283648K Free: 116570K (41%)
----------------- Invoking toplevel() on ptolemy.moml.MoMLSimpleApplication@2f7e7320
----------------- Done invoking toplevel() on ptolemy.moml.MoMLSimpleApplication@2f7e7320
reloadAllAccessors: .PublisherSubscriberD3Reverse

===========================================================================================
----------------- testing Sat Dec 21 06:24:25 UTC 2019 /home/travis/build/icyphy/ptII/ptolemy/actor/lib/test/auto/PublisherSubscriberExpression.xml
----------------- Instantiating /home/travis/build/icyphy/ptII/ptolemy/actor/lib/test/auto/PublisherSubscriberExpression.xml
3 ms. Memory: 283648K Free: 108378K (38%)
----------------- Invoking toplevel() on ptolemy.moml.MoMLSimpleApplication@b21d7e6
----------------- Done invoking toplevel() on ptolemy.moml.MoMLSimpleApplication@b21d7e6
reloadAllAccessors: .PublisherSubscriberExpression

===========================================================================================
----------------- testing Sat Dec 21 06:24:25 UTC 2019 /home/travis/build/icyphy/ptII/ptolemy/actor/lib/test/auto/PublisherSubscriberOpaque.xml
----------------- Instantiating /home/travis/build/icyphy/ptII/ptolemy/actor/lib/test/auto/PublisherSubscriberOpaque.xml
4 ms. Memory: 283648K Free: 100186K (35%)
----------------- Invoking toplevel() on ptolemy.moml.MoMLSimpleApplication@3a57eaf9
----------------- Done invoking toplevel() on ptolemy.moml.MoMLSimpleApplication@3a57eaf9
reloadAllAccessors: .PublisherSubscriberOpaque

===========================================================================================
----------------- testing Sat Dec 21 06:24:25 UTC 2019 /home/travis/build/icyphy/ptII/ptolemy/actor/lib/test/auto/PublisherSubscriberOpaqueD3.xml
----------------- Instantiating /home/travis/build/icyphy/ptII/ptolemy/actor/lib/test/auto/PublisherSubscriberOpaqueD3.xml
5 ms. Memory: 283648K Free: 88922K (31%)
----------------- Invoking toplevel() on ptolemy.moml.MoMLSimpleApplication@62b57b34
----------------- Done invoking toplevel() on ptolemy.moml.MoMLSimpleApplication@62b57b34
reloadAllAccessors: .PublisherSubscriberOpaqueD3

===========================================================================================
----------------- testing Sat Dec 21 06:24:25 UTC 2019 /home/travis/build/icyphy/ptII/ptolemy/actor/lib/test/auto/PublisherSubscriberOpaqueD3Reverse.xml
----------------- Instantiating /home/travis/build/icyphy/ptII/ptolemy/actor/lib/test/auto/PublisherSubscriberOpaqueD3Reverse.xml
7 ms. Memory: 283648K Free: 78168K (28%)
----------------- Invoking toplevel() on ptolemy.moml.MoMLSimpleApplication@40afb36a
----------------- Done invoking toplevel() on ptolemy.moml.MoMLSimpleApplication@40afb36a
reloadAllAccessors: .PublisherSubscriberOpaqueD3Reverse

===========================================================================================
----------------- testing Sat Dec 21 06:24:25 UTC 2019 /home/travis/build/icyphy/ptII/ptolemy/actor/lib/test/auto/PublisherSubscriberOpaqueWidthInference.xml
----------------- Instantiating /home/travis/build/icyphy/ptII/ptolemy/actor/lib/test/auto/PublisherSubscriberOpaqueWidthInference.xml
5 ms. Memory: 283648K Free: 69962K (25%)
----------------- Invoking toplevel() on ptolemy.moml.MoMLSimpleApplication@2e3d9848
----------------- Done invoking toplevel() on ptolemy.moml.MoMLSimpleApplication@2e3d9848
reloadAllAccessors: .PublisherSubscriberOpaqueWidthInference

===========================================================================================
----------------- testing Sat Dec 21 06:24:25 UTC 2019 /home/travis/build/icyphy/ptII/ptolemy/actor/lib/test/auto/PublisherTestSubscriber.xml
----------------- Instantiating /home/travis/build/icyphy/ptII/ptolemy/actor/lib/test/auto/PublisherTestSubscriber.xml
6 ms. Memory: 283648K Free: 229380K (81%)
----------------- Invoking toplevel() on ptolemy.moml.MoMLSimpleApplication@7b956617
----------------- Done invoking toplevel() on ptolemy.moml.MoMLSimpleApplication@7b956617
reloadAllAccessors: .PublisherTestSubscriber

===========================================================================================
----------------- testing Sat Dec 21 06:24:25 UTC 2019 /home/travis/build/icyphy/ptII/ptolemy/actor/lib/test/auto/PublisherToplevelSubscriberPortAOC.xml
----------------- Instantiating /home/travis/build/icyphy/ptII/ptolemy/actor/lib/test/auto/PublisherToplevelSubscriberPortAOC.xml
2 ms. Memory: 283648K Free: 223236K (79%)
----------------- Invoking toplevel() on ptolemy.moml.MoMLSimpleApplication@4b4e8602
----------------- Done invoking toplevel() on ptolemy.moml.MoMLSimpleApplication@4b4e8602
reloadAllAccessors: .PublisherToplevelSubscriberPortAOC

===========================================================================================
----------------- testing Sat Dec 21 06:24:25 UTC 2019 /home/travis/build/icyphy/ptII/ptolemy/actor/lib/test/auto/PulseFiringLimitDE.xml
----------------- Instantiating /home/travis/build/icyphy/ptII/ptolemy/actor/lib/test/auto/PulseFiringLimitDE.xml
2 ms. Memory: 283648K Free: 217092K (77%)
----------------- Invoking toplevel() on ptolemy.moml.MoMLSimpleApplication@1a0a082c
----------------- Done invoking toplevel() on ptolemy.moml.MoMLSimpleApplication@1a0a082c
reloadAllAccessors: .PulseFiringLimitDE

===========================================================================================
----------------- testing Sat Dec 21 06:24:25 UTC 2019 /home/travis/build/icyphy/ptII/ptolemy/actor/lib/test/auto/Ramp1.xml
----------------- Instantiating /home/travis/build/icyphy/ptII/ptolemy/actor/lib/test/auto/Ramp1.xml
1 ms. Memory: 283648K Free: 212996K (75%)
----------------- Invoking toplevel() on ptolemy.moml.MoMLSimpleApplication@6771835d
----------------- Done invoking toplevel() on ptolemy.moml.MoMLSimpleApplication@6771835d
reloadAllAccessors: .Ramp1

===========================================================================================
----------------- testing Sat Dec 21 06:24:25 UTC 2019 /home/travis/build/icyphy/ptII/ptolemy/actor/lib/test/auto/RampFiringLimitDE.xml
----------------- Instantiating /home/travis/build/icyphy/ptII/ptolemy/actor/lib/test/auto/RampFiringLimitDE.xml
3 ms. Memory: 283648K Free: 206852K (73%)
----------------- Invoking toplevel() on ptolemy.moml.MoMLSimpleApplication@5edd6964
----------------- Done invoking toplevel() on ptolemy.moml.MoMLSimpleApplication@5edd6964
reloadAllAccessors: .RampFiringLimitDE

===========================================================================================
----------------- testing Sat Dec 21 06:24:25 UTC 2019 /home/travis/build/icyphy/ptII/ptolemy/actor/lib/test/auto/RampFiringLimitSDF.xml
----------------- Instantiating /home/travis/build/icyphy/ptII/ptolemy/actor/lib/test/auto/RampFiringLimitSDF.xml
2 ms. Memory: 283648K Free: 201732K (71%)
----------------- Invoking toplevel() on ptolemy.moml.MoMLSimpleApplication@6c01a217
----------------- Done invoking toplevel() on ptolemy.moml.MoMLSimpleApplication@6c01a217
reloadAllAccessors: .RampFiringLimitSDF

===========================================================================================
----------------- testing Sat Dec 21 06:24:25 UTC 2019 /home/travis/build/icyphy/ptII/ptolemy/actor/lib/test/auto/RandomInteger.xml
----------------- Instantiating /home/travis/build/icyphy/ptII/ptolemy/actor/lib/test/auto/RandomInteger.xml
2 ms. Memory: 283648K Free: 197636K (70%)
----------------- Invoking toplevel() on ptolemy.moml.MoMLSimpleApplication@5f2dc0e3
----------------- Done invoking toplevel() on ptolemy.moml.MoMLSimpleApplication@5f2dc0e3
reloadAllAccessors: .RandomInteger

===========================================================================================
----------------- testing Sat Dec 21 06:24:25 UTC 2019 /home/travis/build/icyphy/ptII/ptolemy/actor/lib/test/auto/ReadFile1.xml
----------------- Instantiating /home/travis/build/icyphy/ptII/ptolemy/actor/lib/test/auto/ReadFile1.xml
2 ms. Memory: 283648K Free: 193026K (68%)
----------------- Invoking toplevel() on ptolemy.moml.MoMLSimpleApplication@5617db8d
----------------- Done invoking toplevel() on ptolemy.moml.MoMLSimpleApplication@5617db8d
reloadAllAccessors: .ReadFile1

===========================================================================================
----------------- testing Sat Dec 21 06:24:25 UTC 2019 /home/travis/build/icyphy/ptII/ptolemy/actor/lib/test/auto/ReadFile2.xml
----------------- Instantiating /home/travis/build/icyphy/ptII/ptolemy/actor/lib/test/auto/ReadFile2.xml
1 ms. Memory: 283648K Free: 188930K (67%)
----------------- Invoking toplevel() on ptolemy.moml.MoMLSimpleApplication@17fbebb7
----------------- Done invoking toplevel() on ptolemy.moml.MoMLSimpleApplication@17fbebb7
reloadAllAccessors: .ReadFile2

===========================================================================================
----------------- testing Sat Dec 21 06:24:25 UTC 2019 /home/travis/build/icyphy/ptII/ptolemy/actor/lib/test/auto/Reader.xml
----------------- Instantiating /home/travis/build/icyphy/ptII/ptolemy/actor/lib/test/auto/Reader.xml
actor.lib.Reader is obsolete, use actor.lib.io.ExpressionReader instead
1 ms. Memory: 283648K Free: 184324K (65%)
----------------- Invoking toplevel() on ptolemy.moml.MoMLSimpleApplication@487e5ec8
----------------- Done invoking toplevel() on ptolemy.moml.MoMLSimpleApplication@487e5ec8
reloadAllAccessors: .Reader

===========================================================================================
----------------- testing Sat Dec 21 06:24:25 UTC 2019 /home/travis/build/icyphy/ptII/ptolemy/actor/lib/test/auto/RecordAssemblerDisplayNameTest.xml
----------------- Instantiating /home/travis/build/icyphy/ptII/ptolemy/actor/lib/test/auto/RecordAssemblerDisplayNameTest.xml
3075 ms. Memory: 283648K Free: 143798K (51%)
----------------- Invoking toplevel() on ptolemy.moml.MoMLSimpleApplication@2d69bd9b
----------------- Done invoking toplevel() on ptolemy.moml.MoMLSimpleApplication@2d69bd9b
reloadAllAccessors: .RecordAssemblerDisplayNameTest

===========================================================================================
----------------- testing Sat Dec 21 06:24:28 UTC 2019 /home/travis/build/icyphy/ptII/ptolemy/actor/lib/test/auto/RecordAssemblerTypeError.xml
----------------- Instantiating /home/travis/build/icyphy/ptII/ptolemy/actor/lib/test/auto/RecordAssemblerTypeError.xml
15 ms. Memory: 283648K Free: 134072K (47%)
----------------- Invoking toplevel() on ptolemy.moml.MoMLSimpleApplication@78f6e74f
----------------- Done invoking toplevel() on ptolemy.moml.MoMLSimpleApplication@78f6e74f
reloadAllAccessors: .RecordAssemblerTypeError

===========================================================================================
----------------- testing Sat Dec 21 06:24:28 UTC 2019 /home/travis/build/icyphy/ptII/ptolemy/actor/lib/test/auto/RecordDisassember.xml
----------------- Instantiating /home/travis/build/icyphy/ptII/ptolemy/actor/lib/test/auto/RecordDisassember.xml
3 ms. Memory: 283648K Free: 129432K (46%)
----------------- Invoking toplevel() on ptolemy.moml.MoMLSimpleApplication@2d52d9fa
----------------- Done invoking toplevel() on ptolemy.moml.MoMLSimpleApplication@2d52d9fa
reloadAllAccessors: .RecordDisassember

===========================================================================================
----------------- testing Sat Dec 21 06:24:28 UTC 2019 /home/travis/build/icyphy/ptII/ptolemy/actor/lib/test/auto/RecordDisassemberDisplayNameTest.xml
----------------- Instantiating /home/travis/build/icyphy/ptII/ptolemy/actor/lib/test/auto/RecordDisassemberDisplayNameTest.xml
6 ms. Memory: 283648K Free: 121784K (43%)
----------------- Invoking toplevel() on ptolemy.moml.MoMLSimpleApplication@3eed18c7
----------------- Done invoking toplevel() on ptolemy.moml.MoMLSimpleApplication@3eed18c7
reloadAllAccessors: .RecordDisassemberDisplayNameTest

===========================================================================================
----------------- testing Sat Dec 21 06:24:28 UTC 2019 /home/travis/build/icyphy/ptII/ptolemy/actor/lib/test/auto/RecordDisassembler.xml
----------------- Instantiating /home/travis/build/icyphy/ptII/ptolemy/actor/lib/test/auto/RecordDisassembler.xml
3 ms. Memory: 283648K Free: 116664K (41%)
----------------- Invoking toplevel() on ptolemy.moml.MoMLSimpleApplication@125457fa
----------------- Done invoking toplevel() on ptolemy.moml.MoMLSimpleApplication@125457fa
reloadAllAccessors: .RecordDisassembler

===========================================================================================
----------------- testing Sat Dec 21 06:24:28 UTC 2019 /home/travis/build/icyphy/ptII/ptolemy/actor/lib/test/auto/RecordDisassembler2.xml
----------------- Instantiating /home/travis/build/icyphy/ptII/ptolemy/actor/lib/test/auto/RecordDisassembler2.xml
2 ms. Memory: 283648K Free: 111544K (39%)
----------------- Invoking toplevel() on ptolemy.moml.MoMLSimpleApplication@17389427
----------------- Done invoking toplevel() on ptolemy.moml.MoMLSimpleApplication@17389427
reloadAllAccessors: .RecordDisassembler2

===========================================================================================
----------------- testing Sat Dec 21 06:24:28 UTC 2019 /home/travis/build/icyphy/ptII/ptolemy/actor/lib/test/auto/RecordUpdater.xml
----------------- Instantiating /home/travis/build/icyphy/ptII/ptolemy/actor/lib/test/auto/RecordUpdater.xml
2 ms. Memory: 283648K Free: 106934K (38%)
----------------- Invoking toplevel() on ptolemy.moml.MoMLSimpleApplication@c258bb2
----------------- Done invoking toplevel() on ptolemy.moml.MoMLSimpleApplication@c258bb2
reloadAllAccessors: .RecordUpdater

===========================================================================================
----------------- testing Sat Dec 21 06:24:28 UTC 2019 /home/travis/build/icyphy/ptII/ptolemy/actor/lib/test/auto/RecordUpdater2.xml
----------------- Instantiating /home/travis/build/icyphy/ptII/ptolemy/actor/lib/test/auto/RecordUpdater2.xml
1 ms. Memory: 283648K Free: 101814K (36%)
----------------- Invoking toplevel() on ptolemy.moml.MoMLSimpleApplication@6501675b
----------------- Done invoking toplevel() on ptolemy.moml.MoMLSimpleApplication@6501675b
reloadAllAccessors: .RecordUpdater2

===========================================================================================
----------------- testing Sat Dec 21 06:24:28 UTC 2019 /home/travis/build/icyphy/ptII/ptolemy/actor/lib/test/auto/RecursiveLattice.xml
----------------- Instantiating /home/travis/build/icyphy/ptII/ptolemy/actor/lib/test/auto/RecursiveLattice.xml
2 ms. Memory: 283648K Free: 97718K (34%)
----------------- Invoking toplevel() on ptolemy.moml.MoMLSimpleApplication@20df3989
----------------- Done invoking toplevel() on ptolemy.moml.MoMLSimpleApplication@20df3989
reloadAllAccessors: .RecursiveLattice

===========================================================================================
----------------- testing Sat Dec 21 06:24:28 UTC 2019 /home/travis/build/icyphy/ptII/ptolemy/actor/lib/test/auto/Router.xml
----------------- Instantiating /home/travis/build/icyphy/ptII/ptolemy/actor/lib/test/auto/Router.xml
3004 ms. Memory: 283648K Free: 87478K (31%)
----------------- Invoking toplevel() on ptolemy.moml.MoMLSimpleApplication@4e257553
----------------- Done invoking toplevel() on ptolemy.moml.MoMLSimpleApplication@4e257553
reloadAllAccessors: .Router

===========================================================================================
----------------- testing Sat Dec 21 06:24:32 UTC 2019 /home/travis/build/icyphy/ptII/ptolemy/actor/lib/test/auto/Router2.xml
----------------- Instantiating /home/travis/build/icyphy/ptII/ptolemy/actor/lib/test/auto/Router2.xml
3004 ms. Memory: 283648K Free: 76214K (27%)
----------------- Invoking toplevel() on ptolemy.moml.MoMLSimpleApplication@64a52429
----------------- Done invoking toplevel() on ptolemy.moml.MoMLSimpleApplication@64a52429
reloadAllAccessors: .Router2

===========================================================================================
----------------- testing Sat Dec 21 06:24:35 UTC 2019 /home/travis/build/icyphy/ptII/ptolemy/actor/lib/test/auto/RunningMaximum.xml
----------------- Instantiating /home/travis/build/icyphy/ptII/ptolemy/actor/lib/test/auto/RunningMaximum.xml
3 ms. Memory: 283648K Free: 71094K (25%)
----------------- Invoking toplevel() on ptolemy.moml.MoMLSimpleApplication@67506fb3
----------------- Done invoking toplevel() on ptolemy.moml.MoMLSimpleApplication@67506fb3
reloadAllAccessors: .RunningMaximum

===========================================================================================
----------------- testing Sat Dec 21 06:24:35 UTC 2019 /home/travis/build/icyphy/ptII/ptolemy/actor/lib/test/auto/RunningMinimum.xml
----------------- Instantiating /home/travis/build/icyphy/ptII/ptolemy/actor/lib/test/auto/RunningMinimum.xml
1 ms. Memory: 283648K Free: 234189K (83%)
----------------- Invoking toplevel() on ptolemy.moml.MoMLSimpleApplication@67416598
----------------- Done invoking toplevel() on ptolemy.moml.MoMLSimpleApplication@67416598
reloadAllAccessors: .RunningMinimum

===========================================================================================
----------------- testing Sat Dec 21 06:24:35 UTC 2019 /home/travis/build/icyphy/ptII/ptolemy/actor/lib/test/auto/Scale.xml
----------------- Instantiating /home/travis/build/icyphy/ptII/ptolemy/actor/lib/test/auto/Scale.xml
1 ms. Memory: 283648K Free: 229367K (81%)
----------------- Invoking toplevel() on ptolemy.moml.MoMLSimpleApplication@4123b6ad
----------------- Done invoking toplevel() on ptolemy.moml.MoMLSimpleApplication@4123b6ad
reloadAllAccessors: .Scale

===========================================================================================
----------------- testing Sat Dec 21 06:24:35 UTC 2019 /home/travis/build/icyphy/ptII/ptolemy/actor/lib/test/auto/Scale2.xml
----------------- Instantiating /home/travis/build/icyphy/ptII/ptolemy/actor/lib/test/auto/Scale2.xml
2 ms. Memory: 283648K Free: 224761K (79%)
----------------- Invoking toplevel() on ptolemy.moml.MoMLSimpleApplication@73426dc0
----------------- Done invoking toplevel() on ptolemy.moml.MoMLSimpleApplication@73426dc0
reloadAllAccessors: .Scale2

===========================================================================================
----------------- testing Sat Dec 21 06:24:35 UTC 2019 /home/travis/build/icyphy/ptII/ptolemy/actor/lib/test/auto/Scale3.xml
----------------- Instantiating /home/travis/build/icyphy/ptII/ptolemy/actor/lib/test/auto/Scale3.xml
14 ms. Memory: 283648K Free: 218617K (77%)
----------------- Invoking toplevel() on ptolemy.moml.MoMLSimpleApplication@4a742eb0
----------------- Done invoking toplevel() on ptolemy.moml.MoMLSimpleApplication@4a742eb0
reloadAllAccessors: .Scale3

===========================================================================================
----------------- testing Sat Dec 21 06:24:35 UTC 2019 /home/travis/build/icyphy/ptII/ptolemy/actor/lib/test/auto/ScaleArray.xml
----------------- Instantiating /home/travis/build/icyphy/ptII/ptolemy/actor/lib/test/auto/ScaleArray.xml
7 ms. Memory: 283648K Free: 213497K (75%)
----------------- Invoking toplevel() on ptolemy.moml.MoMLSimpleApplication@2750e738
----------------- Done invoking toplevel() on ptolemy.moml.MoMLSimpleApplication@2750e738
reloadAllAccessors: .ScaleArray

===========================================================================================
----------------- testing Sat Dec 21 06:24:35 UTC 2019 /home/travis/build/icyphy/ptII/ptolemy/actor/lib/test/auto/ScaleArray2.xml
----------------- Instantiating /home/travis/build/icyphy/ptII/ptolemy/actor/lib/test/auto/ScaleArray2.xml
1 ms. Memory: 283648K Free: 208887K (74%)
----------------- Invoking toplevel() on ptolemy.moml.MoMLSimpleApplication@10c337df
----------------- Done invoking toplevel() on ptolemy.moml.MoMLSimpleApplication@10c337df
reloadAllAccessors: .ScaleArray2

===========================================================================================
----------------- testing Sat Dec 21 06:24:35 UTC 2019 /home/travis/build/icyphy/ptII/ptolemy/actor/lib/test/auto/ScaleMatrix.xml
----------------- Instantiating /home/travis/build/icyphy/ptII/ptolemy/actor/lib/test/auto/ScaleMatrix.xml
228 ms. Memory: 283648K Free: 196599K (69%)
----------------- Invoking toplevel() on ptolemy.moml.MoMLSimpleApplication@4dee7324
----------------- Done invoking toplevel() on ptolemy.moml.MoMLSimpleApplication@4dee7324
reloadAllAccessors: .ScaleMatrix

===========================================================================================
----------------- testing Sat Dec 21 06:24:35 UTC 2019 /home/travis/build/icyphy/ptII/ptolemy/actor/lib/test/auto/Select.xml
----------------- Instantiating /home/travis/build/icyphy/ptII/ptolemy/actor/lib/test/auto/Select.xml
3 ms. Memory: 283648K Free: 190441K (67%)
----------------- Invoking toplevel() on ptolemy.moml.MoMLSimpleApplication@236a2e32
----------------- Done invoking toplevel() on ptolemy.moml.MoMLSimpleApplication@236a2e32
reloadAllAccessors: .Select

===========================================================================================
----------------- testing Sat Dec 21 06:24:35 UTC 2019 /home/travis/build/icyphy/ptII/ptolemy/actor/lib/test/auto/Select2.xml
----------------- Instantiating /home/travis/build/icyphy/ptII/ptolemy/actor/lib/test/auto/Select2.xml
1 ms. Memory: 283648K Free: 185849K (66%)
----------------- Invoking toplevel() on ptolemy.moml.MoMLSimpleApplication@d2ff58c
----------------- Done invoking toplevel() on ptolemy.moml.MoMLSimpleApplication@d2ff58c
reloadAllAccessors: .Select2

===========================================================================================
----------------- testing Sat Dec 21 06:24:35 UTC 2019 /home/travis/build/icyphy/ptII/ptolemy/actor/lib/test/auto/SequenceToArray2.xml
----------------- Instantiating /home/travis/build/icyphy/ptII/ptolemy/actor/lib/test/auto/SequenceToArray2.xml
100 ms. Memory: 283648K Free: 161783K (57%)
----------------- Invoking toplevel() on ptolemy.moml.MoMLSimpleApplication@7ddfcdf3
----------------- Done invoking toplevel() on ptolemy.moml.MoMLSimpleApplication@7ddfcdf3
reloadAllAccessors: .SequenceToArray2

===========================================================================================
----------------- testing Sat Dec 21 06:24:35 UTC 2019 /home/travis/build/icyphy/ptII/ptolemy/actor/lib/test/auto/SequentialClock.xml
----------------- Instantiating /home/travis/build/icyphy/ptII/ptolemy/actor/lib/test/auto/SequentialClock.xml
1 ms. Memory: 283648K Free: 158201K (56%)
----------------- Invoking toplevel() on ptolemy.moml.MoMLSimpleApplication@1200a775
----------------- Done invoking toplevel() on ptolemy.moml.MoMLSimpleApplication@1200a775
reloadAllAccessors: .SequentialClock

===========================================================================================
----------------- testing Sat Dec 21 06:24:35 UTC 2019 /home/travis/build/icyphy/ptII/ptolemy/actor/lib/test/auto/SetVariable.xml
----------------- Instantiating /home/travis/build/icyphy/ptII/ptolemy/actor/lib/test/auto/SetVariable.xml
2 ms. Memory: 283648K Free: 153081K (54%)
----------------- Invoking toplevel() on ptolemy.moml.MoMLSimpleApplication@7b92b52e
----------------- Done invoking toplevel() on ptolemy.moml.MoMLSimpleApplication@7b92b52e
reloadAllAccessors: .SetVariable

===========================================================================================
----------------- testing Sat Dec 21 06:24:35 UTC 2019 /home/travis/build/icyphy/ptII/ptolemy/actor/lib/test/auto/SetVariable2.xml
----------------- Instantiating /home/travis/build/icyphy/ptII/ptolemy/actor/lib/test/auto/SetVariable2.xml
7 ms. Memory: 283648K Free: 147961K (52%)
----------------- Invoking toplevel() on ptolemy.moml.MoMLSimpleApplication@253636db
----------------- Done invoking toplevel() on ptolemy.moml.MoMLSimpleApplication@253636db
reloadAllAccessors: .SetVariable2

===========================================================================================
----------------- testing Sat Dec 21 06:24:35 UTC 2019 /home/travis/build/icyphy/ptII/ptolemy/actor/lib/test/auto/SetVariable3.xml
----------------- Instantiating /home/travis/build/icyphy/ptII/ptolemy/actor/lib/test/auto/SetVariable3.xml
7 ms. Memory: 283648K Free: 142841K (50%)
----------------- Invoking toplevel() on ptolemy.moml.MoMLSimpleApplication@77e9b2c0
----------------- Done invoking toplevel() on ptolemy.moml.MoMLSimpleApplication@77e9b2c0
reloadAllAccessors: .SetVariable3

===========================================================================================
----------------- testing Sat Dec 21 06:24:35 UTC 2019 /home/travis/build/icyphy/ptII/ptolemy/actor/lib/test/auto/SetVariable4.xml
----------------- Instantiating /home/travis/build/icyphy/ptII/ptolemy/actor/lib/test/auto/SetVariable4.xml
14 ms. Memory: 283648K Free: 133625K (47%)
----------------- Invoking toplevel() on ptolemy.moml.MoMLSimpleApplication@3b8d485f
----------------- Done invoking toplevel() on ptolemy.moml.MoMLSimpleApplication@3b8d485f
reloadAllAccessors: .SetVariable4

===========================================================================================
----------------- testing Sat Dec 21 06:24:35 UTC 2019 /home/travis/build/icyphy/ptII/ptolemy/actor/lib/test/auto/SetVariable5.xml
----------------- Instantiating /home/travis/build/icyphy/ptII/ptolemy/actor/lib/test/auto/SetVariable5.xml
19 ms. Memory: 283648K Free: 124409K (44%)
----------------- Invoking toplevel() on ptolemy.moml.MoMLSimpleApplication@20eff168
----------------- Done invoking toplevel() on ptolemy.moml.MoMLSimpleApplication@20eff168
reloadAllAccessors: .SetVariable5

===========================================================================================
----------------- testing Sat Dec 21 06:24:35 UTC 2019 /home/travis/build/icyphy/ptII/ptolemy/actor/lib/test/auto/Sinewave.xml
----------------- Instantiating /home/travis/build/icyphy/ptII/ptolemy/actor/lib/test/auto/Sinewave.xml
5 ms. Memory: 283648K Free: 114169K (40%)
----------------- Invoking toplevel() on ptolemy.moml.MoMLSimpleApplication@1d7d0888
----------------- Done invoking toplevel() on ptolemy.moml.MoMLSimpleApplication@1d7d0888
reloadAllAccessors: .Sinewave

===========================================================================================
----------------- testing Sat Dec 21 06:24:35 UTC 2019 /home/travis/build/icyphy/ptII/ptolemy/actor/lib/test/auto/Sinewave2.xml
----------------- Instantiating /home/travis/build/icyphy/ptII/ptolemy/actor/lib/test/auto/Sinewave2.xml
7 ms. Memory: 283648K Free: 105977K (37%)
----------------- Invoking toplevel() on ptolemy.moml.MoMLSimpleApplication@78e0b2c
----------------- Done invoking toplevel() on ptolemy.moml.MoMLSimpleApplication@78e0b2c
reloadAllAccessors: .Sinewave2

===========================================================================================
----------------- testing Sat Dec 21 06:24:35 UTC 2019 /home/travis/build/icyphy/ptII/ptolemy/actor/lib/test/auto/Sinewave3.xml
----------------- Instantiating /home/travis/build/icyphy/ptII/ptolemy/actor/lib/test/auto/Sinewave3.xml
7 ms. Memory: 283648K Free: 97257K (34%)
----------------- Invoking toplevel() on ptolemy.moml.MoMLSimpleApplication@3b69b05b
----------------- Done invoking toplevel() on ptolemy.moml.MoMLSimpleApplication@3b69b05b
reloadAllAccessors: .Sinewave3

===========================================================================================
----------------- testing Sat Dec 21 06:24:35 UTC 2019 /home/travis/build/icyphy/ptII/ptolemy/actor/lib/test/auto/SingleEvent.xml
----------------- Instantiating /home/travis/build/icyphy/ptII/ptolemy/actor/lib/test/auto/SingleEvent.xml
1 ms. Memory: 283648K Free: 93175K (33%)
----------------- Invoking toplevel() on ptolemy.moml.MoMLSimpleApplication@6290d408
----------------- Done invoking toplevel() on ptolemy.moml.MoMLSimpleApplication@6290d408
reloadAllAccessors: .SingleEvent

===========================================================================================
----------------- testing Sat Dec 21 06:24:35 UTC 2019 /home/travis/build/icyphy/ptII/ptolemy/actor/lib/test/auto/Sleep.xml
----------------- Instantiating /home/travis/build/icyphy/ptII/ptolemy/actor/lib/test/auto/Sleep.xml
6004 ms. Memory: 283648K Free: 87545K (31%)
----------------- Invoking toplevel() on ptolemy.moml.MoMLSimpleApplication@155c64c7
----------------- Done invoking toplevel() on ptolemy.moml.MoMLSimpleApplication@155c64c7
reloadAllAccessors: .Sleep

===========================================================================================
----------------- testing Sat Dec 21 06:24:41 UTC 2019 /home/travis/build/icyphy/ptII/ptolemy/actor/lib/test/auto/SleepMultipleFire.xml
----------------- Instantiating /home/travis/build/icyphy/ptII/ptolemy/actor/lib/test/auto/SleepMultipleFire.xml
1004 ms. Memory: 283648K Free: 81911K (29%)
----------------- Invoking toplevel() on ptolemy.moml.MoMLSimpleApplication@3ab0e31
----------------- Done invoking toplevel() on ptolemy.moml.MoMLSimpleApplication@3ab0e31
reloadAllAccessors: .SleepMultipleFire

===========================================================================================
----------------- testing Sat Dec 21 06:24:42 UTC 2019 /home/travis/build/icyphy/ptII/ptolemy/actor/lib/test/auto/StopDE.xml
----------------- Instantiating /home/travis/build/icyphy/ptII/ptolemy/actor/lib/test/auto/StopDE.xml
3 ms. Memory: 283648K Free: 75767K (27%)
----------------- Invoking toplevel() on ptolemy.moml.MoMLSimpleApplication@1a8af75
----------------- Done invoking toplevel() on ptolemy.moml.MoMLSimpleApplication@1a8af75
reloadAllAccessors: .StopDE

===========================================================================================
----------------- testing Sat Dec 21 06:24:42 UTC 2019 /home/travis/build/icyphy/ptII/ptolemy/actor/lib/test/auto/StopSDF.xml
----------------- Instantiating /home/travis/build/icyphy/ptII/ptolemy/actor/lib/test/auto/StopSDF.xml
3 ms. Memory: 283648K Free: 70647K (25%)
----------------- Invoking toplevel() on ptolemy.moml.MoMLSimpleApplication@59398692
----------------- Done invoking toplevel() on ptolemy.moml.MoMLSimpleApplication@59398692
reloadAllAccessors: .StopSDF

===========================================================================================
----------------- testing Sat Dec 21 06:24:42 UTC 2019 /home/travis/build/icyphy/ptII/ptolemy/actor/lib/test/auto/StringConstant.xml
----------------- Instantiating /home/travis/build/icyphy/ptII/ptolemy/actor/lib/test/auto/StringConstant.xml
8 ms. Memory: 283648K Free: 234405K (83%)
----------------- Invoking toplevel() on ptolemy.moml.MoMLSimpleApplication@61d1d731
----------------- Done invoking toplevel() on ptolemy.moml.MoMLSimpleApplication@61d1d731
reloadAllAccessors: .StringConstant

===========================================================================================
----------------- testing Sat Dec 21 06:24:42 UTC 2019 /home/travis/build/icyphy/ptII/ptolemy/actor/lib/test/auto/SubscriberPortInitialValues1.xml
----------------- Instantiating /home/travis/build/icyphy/ptII/ptolemy/actor/lib/test/auto/SubscriberPortInitialValues1.xml
8 ms. Memory: 283648K Free: 225189K (79%)
----------------- Invoking toplevel() on ptolemy.moml.MoMLSimpleApplication@64947e6d
----------------- Done invoking toplevel() on ptolemy.moml.MoMLSimpleApplication@64947e6d
reloadAllAccessors: .SubscriberPortInitialValues1

===========================================================================================
----------------- testing Sat Dec 21 06:24:42 UTC 2019 /home/travis/build/icyphy/ptII/ptolemy/actor/lib/test/auto/SubscriberPortInitialValues13.xml
----------------- Instantiating /home/travis/build/icyphy/ptII/ptolemy/actor/lib/test/auto/SubscriberPortInitialValues13.xml
10 ms. Memory: 283648K Free: 212901K (75%)
----------------- Invoking toplevel() on ptolemy.moml.MoMLSimpleApplication@2313ea8e
----------------- Done invoking toplevel() on ptolemy.moml.MoMLSimpleApplication@2313ea8e
reloadAllAccessors: .SubscriberPortInitialValues13

===========================================================================================
----------------- testing Sat Dec 21 06:24:42 UTC 2019 /home/travis/build/icyphy/ptII/ptolemy/actor/lib/test/auto/SubscriberPortInitialValues14.xml
----------------- Instantiating /home/travis/build/icyphy/ptII/ptolemy/actor/lib/test/auto/SubscriberPortInitialValues14.xml
4 ms. Memory: 283648K Free: 205223K (72%)
----------------- Invoking toplevel() on ptolemy.moml.MoMLSimpleApplication@7d463be4
----------------- Done invoking toplevel() on ptolemy.moml.MoMLSimpleApplication@7d463be4
reloadAllAccessors: .SubscriberPortInitialValues14

===========================================================================================
----------------- testing Sat Dec 21 06:24:42 UTC 2019 /home/travis/build/icyphy/ptII/ptolemy/actor/lib/test/auto/SubscriberPortInitialValues2.xml
----------------- Instantiating /home/travis/build/icyphy/ptII/ptolemy/actor/lib/test/auto/SubscriberPortInitialValues2.xml
4 ms. Memory: 283648K Free: 197031K (69%)
----------------- Invoking toplevel() on ptolemy.moml.MoMLSimpleApplication@1983e1e2
----------------- Done invoking toplevel() on ptolemy.moml.MoMLSimpleApplication@1983e1e2
reloadAllAccessors: .SubscriberPortInitialValues2

===========================================================================================
----------------- testing Sat Dec 21 06:24:42 UTC 2019 /home/travis/build/icyphy/ptII/ptolemy/actor/lib/test/auto/SubscriberPortInitialValues3.xml
----------------- Instantiating /home/travis/build/icyphy/ptII/ptolemy/actor/lib/test/auto/SubscriberPortInitialValues3.xml
4 ms. Memory: 283648K Free: 185767K (65%)
----------------- Invoking toplevel() on ptolemy.moml.MoMLSimpleApplication@458f5fc1
----------------- Done invoking toplevel() on ptolemy.moml.MoMLSimpleApplication@458f5fc1
reloadAllAccessors: .SubscriberPortInitialValues3

===========================================================================================
----------------- testing Sat Dec 21 06:24:43 UTC 2019 /home/travis/build/icyphy/ptII/ptolemy/actor/lib/test/auto/SubscriptionAggregator.xml
----------------- Instantiating /home/travis/build/icyphy/ptII/ptolemy/actor/lib/test/auto/SubscriptionAggregator.xml
3 ms. Memory: 283648K Free: 179095K (63%)
----------------- Invoking toplevel() on ptolemy.moml.MoMLSimpleApplication@35bc4e79
----------------- Done invoking toplevel() on ptolemy.moml.MoMLSimpleApplication@35bc4e79
reloadAllAccessors: .SubscriptionAggregator

===========================================================================================
----------------- testing Sat Dec 21 06:24:43 UTC 2019 /home/travis/build/icyphy/ptII/ptolemy/actor/lib/test/auto/SubscriptionAggregator2.xml
----------------- Instantiating /home/travis/build/icyphy/ptII/ptolemy/actor/lib/test/auto/SubscriptionAggregator2.xml
2 ms. Memory: 283648K Free: 171927K (61%)
----------------- Invoking toplevel() on ptolemy.moml.MoMLSimpleApplication@1bd8d1fe
----------------- Done invoking toplevel() on ptolemy.moml.MoMLSimpleApplication@1bd8d1fe
reloadAllAccessors: .SubscriptionAggregator2

===========================================================================================
----------------- testing Sat Dec 21 06:24:43 UTC 2019 /home/travis/build/icyphy/ptII/ptolemy/actor/lib/test/auto/SubscriptionAggregator3.xml
----------------- Instantiating /home/travis/build/icyphy/ptII/ptolemy/actor/lib/test/auto/SubscriptionAggregator3.xml
3 ms. Memory: 283648K Free: 163749K (58%)
----------------- Invoking toplevel() on ptolemy.moml.MoMLSimpleApplication@4c376575
----------------- Done invoking toplevel() on ptolemy.moml.MoMLSimpleApplication@4c376575
reloadAllAccessors: .SubscriptionAggregator3

===========================================================================================
----------------- testing Sat Dec 21 06:24:43 UTC 2019 /home/travis/build/icyphy/ptII/ptolemy/actor/lib/test/auto/SubscriptionAggregatorMultiply.xml
----------------- Instantiating /home/travis/build/icyphy/ptII/ptolemy/actor/lib/test/auto/SubscriptionAggregatorMultiply.xml
12 ms. Memory: 283648K Free: 155047K (55%)
----------------- Invoking toplevel() on ptolemy.moml.MoMLSimpleApplication@c09706e
----------------- Done invoking toplevel() on ptolemy.moml.MoMLSimpleApplication@c09706e
reloadAllAccessors: .SubscriptionAggregatorMultiply

===========================================================================================
----------------- testing Sat Dec 21 06:24:43 UTC 2019 /home/travis/build/icyphy/ptII/ptolemy/actor/lib/test/auto/SubscriptionAggregatorPortMultiply1.xml
----------------- Instantiating /home/travis/build/icyphy/ptII/ptolemy/actor/lib/test/auto/SubscriptionAggregatorPortMultiply1.xml
4 ms. Memory: 283648K Free: 147365K (52%)
----------------- Invoking toplevel() on ptolemy.moml.MoMLSimpleApplication@44659c5f
----------------- Done invoking toplevel() on ptolemy.moml.MoMLSimpleApplication@44659c5f
reloadAllAccessors: .SubscriptionAggregatorPortMultiply1

===========================================================================================
----------------- testing Sat Dec 21 06:24:43 UTC 2019 /home/travis/build/icyphy/ptII/ptolemy/actor/lib/test/auto/Switch.xml
----------------- Instantiating /home/travis/build/icyphy/ptII/ptolemy/actor/lib/test/auto/Switch.xml
8 ms. Memory: 283648K Free: 138663K (49%)
----------------- Invoking toplevel() on ptolemy.moml.MoMLSimpleApplication@5c4800db
----------------- Done invoking toplevel() on ptolemy.moml.MoMLSimpleApplication@5c4800db
reloadAllAccessors: .Switch

===========================================================================================
----------------- testing Sat Dec 21 06:24:43 UTC 2019 /home/travis/build/icyphy/ptII/ptolemy/actor/lib/test/auto/Switch2.xml
----------------- Instantiating /home/travis/build/icyphy/ptII/ptolemy/actor/lib/test/auto/Switch2.xml
1 ms. Memory: 283648K Free: 134053K (47%)
----------------- Invoking toplevel() on ptolemy.moml.MoMLSimpleApplication@10267ba0
----------------- Done invoking toplevel() on ptolemy.moml.MoMLSimpleApplication@10267ba0
reloadAllAccessors: .Switch2

===========================================================================================
----------------- testing Sat Dec 21 06:24:43 UTC 2019 /home/travis/build/icyphy/ptII/ptolemy/actor/lib/test/auto/SwitchDE.xml
----------------- Instantiating /home/travis/build/icyphy/ptII/ptolemy/actor/lib/test/auto/SwitchDE.xml
3 ms. Memory: 283648K Free: 127879K (45%)
----------------- Invoking toplevel() on ptolemy.moml.MoMLSimpleApplication@178e2dd
----------------- Done invoking toplevel() on ptolemy.moml.MoMLSimpleApplication@178e2dd
reloadAllAccessors: .SwitchDE

===========================================================================================
----------------- testing Sat Dec 21 06:24:43 UTC 2019 /home/travis/build/icyphy/ptII/ptolemy/actor/lib/test/auto/SynchronizerDE.xml
----------------- Instantiating /home/travis/build/icyphy/ptII/ptolemy/actor/lib/test/auto/SynchronizerDE.xml
7 ms. Memory: 283648K Free: 119687K (42%)
----------------- Invoking toplevel() on ptolemy.moml.MoMLSimpleApplication@324e88dc
----------------- Done invoking toplevel() on ptolemy.moml.MoMLSimpleApplication@324e88dc
reloadAllAccessors: .SynchronizerDE

===========================================================================================
----------------- testing Sat Dec 21 06:24:43 UTC 2019 /home/travis/build/icyphy/ptII/ptolemy/actor/lib/test/auto/Test.xml
----------------- Instantiating /home/travis/build/icyphy/ptII/ptolemy/actor/lib/test/auto/Test.xml
8 ms. Memory: 283648K Free: 114583K (40%)
----------------- Invoking toplevel() on ptolemy.moml.MoMLSimpleApplication@15a57a45
----------------- Done invoking toplevel() on ptolemy.moml.MoMLSimpleApplication@15a57a45
reloadAllAccessors: .Test

===========================================================================================
----------------- testing Sat Dec 21 06:24:43 UTC 2019 /home/travis/build/icyphy/ptII/ptolemy/actor/lib/test/auto/TestExceptionAttribute1.xml
----------------- Instantiating /home/travis/build/icyphy/ptII/ptolemy/actor/lib/test/auto/TestExceptionAttribute1.xml
2 ms. Memory: 283648K Free: 110501K (39%)
----------------- Invoking toplevel() on ptolemy.moml.MoMLSimpleApplication@5148a39f
----------------- Done invoking toplevel() on ptolemy.moml.MoMLSimpleApplication@5148a39f
reloadAllAccessors: .TestExceptionAttribute1

===========================================================================================
----------------- testing Sat Dec 21 06:24:43 UTC 2019 /home/travis/build/icyphy/ptII/ptolemy/actor/lib/test/auto/TestExceptionAttribute2.xml
----------------- Instantiating /home/travis/build/icyphy/ptII/ptolemy/actor/lib/test/auto/TestExceptionAttribute2.xml
1 ms. Memory: 283648K Free: 106919K (38%)
----------------- Invoking toplevel() on ptolemy.moml.MoMLSimpleApplication@949e824
----------------- Done invoking toplevel() on ptolemy.moml.MoMLSimpleApplication@949e824
reloadAllAccessors: .TestExceptionAttribute2

===========================================================================================
----------------- testing Sat Dec 21 06:24:43 UTC 2019 /home/travis/build/icyphy/ptII/ptolemy/actor/lib/test/auto/TestExceptionAttribute3.xml
----------------- Instantiating /home/travis/build/icyphy/ptII/ptolemy/actor/lib/test/auto/TestExceptionAttribute3.xml
.TestExceptionAttribute3.TestExceptionAttribute: initialize() was not invoked, but wrapup() was.  This is unusual, but not always a problem.  For example, exporting JNLP will do this.
1 ms. Memory: 283648K Free: 103333K (36%)
----------------- Invoking toplevel() on ptolemy.moml.MoMLSimpleApplication@274de3f0
----------------- Done invoking toplevel() on ptolemy.moml.MoMLSimpleApplication@274de3f0
reloadAllAccessors: .TestExceptionAttribute3

===========================================================================================
----------------- testing Sat Dec 21 06:24:43 UTC 2019 /home/travis/build/icyphy/ptII/ptolemy/actor/lib/test/auto/TestExceptionAttribute4.xml
----------------- Instantiating /home/travis/build/icyphy/ptII/ptolemy/actor/lib/test/auto/TestExceptionAttribute4.xml
.TestExceptionAttribute4.TestExceptionAttribute: initialize() was not invoked, but wrapup() was.  This is unusual, but not always a problem.  For example, exporting JNLP will do this.
.TestExceptionAttribute4.TestExceptionAttribute2: initialize() was not invoked, but wrapup() was.  This is unusual, but not always a problem.  For example, exporting JNLP will do this.
1 ms. Memory: 283648K Free: 99237K (35%)
----------------- Invoking toplevel() on ptolemy.moml.MoMLSimpleApplication@23c9cea7
----------------- Done invoking toplevel() on ptolemy.moml.MoMLSimpleApplication@23c9cea7
reloadAllAccessors: .TestExceptionAttribute4

===========================================================================================
----------------- testing Sat Dec 21 06:24:43 UTC 2019 /home/travis/build/icyphy/ptII/ptolemy/actor/lib/test/auto/TestExceptionHandler1.xml
----------------- Instantiating /home/travis/build/icyphy/ptII/ptolemy/actor/lib/test/auto/TestExceptionHandler1.xml
1 ms. Memory: 283648K Free: 95655K (34%)
----------------- Invoking toplevel() on ptolemy.moml.MoMLSimpleApplication@30c312b9
----------------- Done invoking toplevel() on ptolemy.moml.MoMLSimpleApplication@30c312b9
reloadAllAccessors: .TestExceptionHandler1

===========================================================================================
----------------- testing Sat Dec 21 06:24:43 UTC 2019 /home/travis/build/icyphy/ptII/ptolemy/actor/lib/test/auto/TestExceptionHandler2.xml
----------------- Instantiating /home/travis/build/icyphy/ptII/ptolemy/actor/lib/test/auto/TestExceptionHandler2.xml
2 ms. Memory: 283648K Free: 92069K (32%)
----------------- Invoking toplevel() on ptolemy.moml.MoMLSimpleApplication@5a2d7cb7
----------------- Done invoking toplevel() on ptolemy.moml.MoMLSimpleApplication@5a2d7cb7
reloadAllAccessors: .TestExceptionHandler2

===========================================================================================
----------------- testing Sat Dec 21 06:24:43 UTC 2019 /home/travis/build/icyphy/ptII/ptolemy/actor/lib/test/auto/TestExceptionHandler3.xml
----------------- Instantiating /home/travis/build/icyphy/ptII/ptolemy/actor/lib/test/auto/TestExceptionHandler3.xml
1 ms. Memory: 283648K Free: 87973K (31%)
----------------- Invoking toplevel() on ptolemy.moml.MoMLSimpleApplication@53ee9a8
----------------- Done invoking toplevel() on ptolemy.moml.MoMLSimpleApplication@53ee9a8
reloadAllAccessors: .TestExceptionHandler3

===========================================================================================
----------------- testing Sat Dec 21 06:24:43 UTC 2019 /home/travis/build/icyphy/ptII/ptolemy/actor/lib/test/auto/TestExceptionHandler4.xml
----------------- Instantiating /home/travis/build/icyphy/ptII/ptolemy/actor/lib/test/auto/TestExceptionHandler4.xml
1 ms. Memory: 283648K Free: 83877K (30%)
----------------- Invoking toplevel() on ptolemy.moml.MoMLSimpleApplication@61b057d3
----------------- Done invoking toplevel() on ptolemy.moml.MoMLSimpleApplication@61b057d3
reloadAllAccessors: .TestExceptionHandler4

===========================================================================================
----------------- testing Sat Dec 21 06:24:43 UTC 2019 /home/travis/build/icyphy/ptII/ptolemy/actor/lib/test/auto/TestRequireCorrectOrder.xml
----------------- Instantiating /home/travis/build/icyphy/ptII/ptolemy/actor/lib/test/auto/TestRequireCorrectOrder.xml
5 ms. Memory: 283648K Free: 78727K (28%)
----------------- Invoking toplevel() on ptolemy.moml.MoMLSimpleApplication@4cc5c442
----------------- Done invoking toplevel() on ptolemy.moml.MoMLSimpleApplication@4cc5c442
reloadAllAccessors: .TestRequireCorrectOrder

===========================================================================================
----------------- testing Sat Dec 21 06:24:43 UTC 2019 /home/travis/build/icyphy/ptII/ptolemy/actor/lib/test/auto/TestSimple.xml
----------------- Instantiating /home/travis/build/icyphy/ptII/ptolemy/actor/lib/test/auto/TestSimple.xml
1 ms. Memory: 283648K Free: 74661K (26%)
----------------- Invoking toplevel() on ptolemy.moml.MoMLSimpleApplication@67c946c4
----------------- Done invoking toplevel() on ptolemy.moml.MoMLSimpleApplication@67c946c4
reloadAllAccessors: .TestSimple

===========================================================================================
----------------- testing Sat Dec 21 06:24:43 UTC 2019 /home/travis/build/icyphy/ptII/ptolemy/actor/lib/test/auto/ThrowModelError.xml
----------------- Instantiating /home/travis/build/icyphy/ptII/ptolemy/actor/lib/test/auto/ThrowModelError.xml
1 ms. Memory: 283648K Free: 70055K (25%)
----------------- Invoking toplevel() on ptolemy.moml.MoMLSimpleApplication@76cb5860
----------------- Done invoking toplevel() on ptolemy.moml.MoMLSimpleApplication@76cb5860
reloadAllAccessors: .ThrowModelError

===========================================================================================
----------------- testing Sat Dec 21 06:24:43 UTC 2019 /home/travis/build/icyphy/ptII/ptolemy/actor/lib/test/auto/TimeDelayMicrosteps.xml
----------------- Instantiating /home/travis/build/icyphy/ptII/ptolemy/actor/lib/test/auto/TimeDelayMicrosteps.xml
4 ms. Memory: 283648K Free: 229512K (81%)
----------------- Invoking toplevel() on ptolemy.moml.MoMLSimpleApplication@128ff09a
----------------- Done invoking toplevel() on ptolemy.moml.MoMLSimpleApplication@128ff09a
reloadAllAccessors: .TimeDelayMicrosteps

===========================================================================================
----------------- testing Sat Dec 21 06:24:43 UTC 2019 /home/travis/build/icyphy/ptII/ptolemy/actor/lib/test/auto/TimeDelayMicrosteps2.xml
----------------- Instantiating /home/travis/build/icyphy/ptII/ptolemy/actor/lib/test/auto/TimeDelayMicrosteps2.xml
3 ms. Memory: 283648K Free: 221816K (78%)
----------------- Invoking toplevel() on ptolemy.moml.MoMLSimpleApplication@3f37d1c9
----------------- Done invoking toplevel() on ptolemy.moml.MoMLSimpleApplication@3f37d1c9
reloadAllAccessors: .TimeDelayMicrosteps2

===========================================================================================
----------------- testing Sat Dec 21 06:24:43 UTC 2019 /home/travis/build/icyphy/ptII/ptolemy/actor/lib/test/auto/TimeDelayMicrosteps3.xml
----------------- Instantiating /home/travis/build/icyphy/ptII/ptolemy/actor/lib/test/auto/TimeDelayMicrosteps3.xml
2 ms. Memory: 283648K Free: 215176K (76%)
----------------- Invoking toplevel() on ptolemy.moml.MoMLSimpleApplication@19f486c1
----------------- Done invoking toplevel() on ptolemy.moml.MoMLSimpleApplication@19f486c1
reloadAllAccessors: .TimeDelayMicrosteps3

===========================================================================================
----------------- testing Sat Dec 21 06:24:43 UTC 2019 /home/travis/build/icyphy/ptII/ptolemy/actor/lib/test/auto/TimeDelayVariableMicrosteps.xml
----------------- Instantiating /home/travis/build/icyphy/ptII/ptolemy/actor/lib/test/auto/TimeDelayVariableMicrosteps.xml
2 ms. Memory: 283648K Free: 208518K (74%)
----------------- Invoking toplevel() on ptolemy.moml.MoMLSimpleApplication@742b1879
----------------- Done invoking toplevel() on ptolemy.moml.MoMLSimpleApplication@742b1879
reloadAllAccessors: .TimeDelayVariableMicrosteps

===========================================================================================
----------------- testing Sat Dec 21 06:24:43 UTC 2019 /home/travis/build/icyphy/ptII/ptolemy/actor/lib/test/auto/TimeGap.xml
----------------- Instantiating /home/travis/build/icyphy/ptII/ptolemy/actor/lib/test/auto/TimeGap.xml
3 ms. Memory: 283648K Free: 203368K (72%)
----------------- Invoking toplevel() on ptolemy.moml.MoMLSimpleApplication@250c443f
----------------- Done invoking toplevel() on ptolemy.moml.MoMLSimpleApplication@250c443f
reloadAllAccessors: .TimeGap

===========================================================================================
----------------- testing Sat Dec 21 06:24:43 UTC 2019 /home/travis/build/icyphy/ptII/ptolemy/actor/lib/test/auto/TimeGap2.xml
----------------- Instantiating /home/travis/build/icyphy/ptII/ptolemy/actor/lib/test/auto/TimeGap2.xml
2 ms. Memory: 283648K Free: 197224K (70%)
----------------- Invoking toplevel() on ptolemy.moml.MoMLSimpleApplication@1e850757
----------------- Done invoking toplevel() on ptolemy.moml.MoMLSimpleApplication@1e850757
reloadAllAccessors: .TimeGap2

===========================================================================================
----------------- testing Sat Dec 21 06:24:43 UTC 2019 /home/travis/build/icyphy/ptII/ptolemy/actor/lib/test/auto/TimedSinewave.xml
----------------- Instantiating /home/travis/build/icyphy/ptII/ptolemy/actor/lib/test/auto/TimedSinewave.xml
26 ms. Memory: 283648K Free: 182918K (64%)
----------------- Invoking toplevel() on ptolemy.moml.MoMLSimpleApplication@12d013ca
----------------- Done invoking toplevel() on ptolemy.moml.MoMLSimpleApplication@12d013ca
reloadAllAccessors: .TimedSinewave

===========================================================================================
----------------- testing Sat Dec 21 06:24:43 UTC 2019 /home/travis/build/icyphy/ptII/ptolemy/actor/lib/test/auto/TimedSinewavePhase.xml
----------------- Instantiating /home/travis/build/icyphy/ptII/ptolemy/actor/lib/test/auto/TimedSinewavePhase.xml
8 ms. Memory: 283648K Free: 173192K (61%)
----------------- Invoking toplevel() on ptolemy.moml.MoMLSimpleApplication@52bdfcf6
----------------- Done invoking toplevel() on ptolemy.moml.MoMLSimpleApplication@52bdfcf6
reloadAllAccessors: .TimedSinewavePhase

===========================================================================================
----------------- testing Sat Dec 21 06:24:43 UTC 2019 /home/travis/build/icyphy/ptII/ptolemy/actor/lib/test/auto/Timer.xml
----------------- Instantiating /home/travis/build/icyphy/ptII/ptolemy/actor/lib/test/auto/Timer.xml
2 ms. Memory: 283648K Free: 167552K (59%)
----------------- Invoking toplevel() on ptolemy.moml.MoMLSimpleApplication@c3423c8
----------------- Done invoking toplevel() on ptolemy.moml.MoMLSimpleApplication@c3423c8
reloadAllAccessors: .Timer

===========================================================================================
----------------- testing Sat Dec 21 06:24:43 UTC 2019 /home/travis/build/icyphy/ptII/ptolemy/actor/lib/test/auto/TriangularDistTestModel.xml
----------------- Instantiating /home/travis/build/icyphy/ptII/ptolemy/actor/lib/test/auto/TriangularDistTestModel.xml
2 ms. Memory: 283648K Free: 161400K (57%)
----------------- Invoking toplevel() on ptolemy.moml.MoMLSimpleApplication@1596e2f7
----------------- Done invoking toplevel() on ptolemy.moml.MoMLSimpleApplication@1596e2f7
reloadAllAccessors: .TriangularDistTestModel

===========================================================================================
----------------- testing Sat Dec 21 06:24:43 UTC 2019 /home/travis/build/icyphy/ptII/ptolemy/actor/lib/test/auto/TrigFunction.xml
----------------- Instantiating /home/travis/build/icyphy/ptII/ptolemy/actor/lib/test/auto/TrigFunction.xml
3 ms. Memory: 283648K Free: 156808K (55%)
----------------- Invoking toplevel() on ptolemy.moml.MoMLSimpleApplication@4b5b61c0
----------------- Done invoking toplevel() on ptolemy.moml.MoMLSimpleApplication@4b5b61c0
reloadAllAccessors: .TrigFunction

===========================================================================================
----------------- testing Sat Dec 21 06:24:43 UTC 2019 /home/travis/build/icyphy/ptII/ptolemy/actor/lib/test/auto/TrigFunctionDE.xml
----------------- Instantiating /home/travis/build/icyphy/ptII/ptolemy/actor/lib/test/auto/TrigFunctionDE.xml
1 ms. Memory: 283648K Free: 151168K (53%)
----------------- Invoking toplevel() on ptolemy.moml.MoMLSimpleApplication@7edabd15
----------------- Done invoking toplevel() on ptolemy.moml.MoMLSimpleApplication@7edabd15
reloadAllAccessors: .TrigFunctionDE

===========================================================================================
----------------- testing Sat Dec 21 06:24:43 UTC 2019 /home/travis/build/icyphy/ptII/ptolemy/actor/lib/test/auto/TrigFunctionInverse.xml
----------------- Instantiating /home/travis/build/icyphy/ptII/ptolemy/actor/lib/test/auto/TrigFunctionInverse.xml
1 ms. Memory: 283648K Free: 146054K (51%)
----------------- Invoking toplevel() on ptolemy.moml.MoMLSimpleApplication@639dd2b
----------------- Done invoking toplevel() on ptolemy.moml.MoMLSimpleApplication@639dd2b
reloadAllAccessors: .TrigFunctionInverse

===========================================================================================
----------------- testing Sat Dec 21 06:24:43 UTC 2019 /home/travis/build/icyphy/ptII/ptolemy/actor/lib/test/auto/TrigFunctionTan.xml
----------------- Instantiating /home/travis/build/icyphy/ptII/ptolemy/actor/lib/test/auto/TrigFunctionTan.xml
2 ms. Memory: 283648K Free: 141958K (50%)
----------------- Invoking toplevel() on ptolemy.moml.MoMLSimpleApplication@55ee7827
----------------- Done invoking toplevel() on ptolemy.moml.MoMLSimpleApplication@55ee7827
reloadAllAccessors: .TrigFunctionTan

===========================================================================================
----------------- testing Sat Dec 21 06:24:43 UTC 2019 /home/travis/build/icyphy/ptII/ptolemy/actor/lib/test/auto/TriggeredClock.xml
----------------- Instantiating /home/travis/build/icyphy/ptII/ptolemy/actor/lib/test/auto/TriggeredClock.xml
1 ms. Memory: 283648K Free: 136328K (48%)
----------------- Invoking toplevel() on ptolemy.moml.MoMLSimpleApplication@63f297d
----------------- Done invoking toplevel() on ptolemy.moml.MoMLSimpleApplication@63f297d
reloadAllAccessors: .TriggeredClock

===========================================================================================
----------------- testing Sat Dec 21 06:24:43 UTC 2019 /home/travis/build/icyphy/ptII/ptolemy/actor/lib/test/auto/URLDirectoryReader.xml
----------------- Instantiating /home/travis/build/icyphy/ptII/ptolemy/actor/lib/test/auto/URLDirectoryReader.xml
37 ms. Memory: 283648K Free: 127622K (45%)
----------------- Invoking toplevel() on ptolemy.moml.MoMLSimpleApplication@35406bda
----------------- Done invoking toplevel() on ptolemy.moml.MoMLSimpleApplication@35406bda
reloadAllAccessors: .URLDirectoryReader

===========================================================================================
----------------- testing Sat Dec 21 06:24:43 UTC 2019 /home/travis/build/icyphy/ptII/ptolemy/actor/lib/test/auto/URLDirectoryReader3.xml
----------------- Instantiating /home/travis/build/icyphy/ptII/ptolemy/actor/lib/test/auto/URLDirectoryReader3.xml
1057 ms. Memory: 283648K Free: 225332K (79%)
----------------- Invoking toplevel() on ptolemy.moml.MoMLSimpleApplication@4be8491b
----------------- Done invoking toplevel() on ptolemy.moml.MoMLSimpleApplication@4be8491b
reloadAllAccessors: .URLDirectoryReader3

===========================================================================================
----------------- testing Sat Dec 21 06:24:45 UTC 2019 /home/travis/build/icyphy/ptII/ptolemy/actor/lib/test/auto/UnaryMathFunction.xml
----------------- Instantiating /home/travis/build/icyphy/ptII/ptolemy/actor/lib/test/auto/UnaryMathFunction.xml
2 ms. Memory: 283648K Free: 217549K (77%)
----------------- Invoking toplevel() on ptolemy.moml.MoMLSimpleApplication@1ccc5d53
----------------- Done invoking toplevel() on ptolemy.moml.MoMLSimpleApplication@1ccc5d53
reloadAllAccessors: .UnaryMathFunction

===========================================================================================
----------------- testing Sat Dec 21 06:24:45 UTC 2019 /home/travis/build/icyphy/ptII/ptolemy/actor/lib/test/auto/Uniform.xml
----------------- Instantiating /home/travis/build/icyphy/ptII/ptolemy/actor/lib/test/auto/Uniform.xml
1 ms. Memory: 283648K Free: 212939K (75%)
----------------- Invoking toplevel() on ptolemy.moml.MoMLSimpleApplication@7de46861
----------------- Done invoking toplevel() on ptolemy.moml.MoMLSimpleApplication@7de46861
reloadAllAccessors: .Uniform

===========================================================================================
----------------- testing Sat Dec 21 06:24:45 UTC 2019 /home/travis/build/icyphy/ptII/ptolemy/actor/lib/test/auto/UnionDisassemblerTest.xml
----------------- Instantiating /home/travis/build/icyphy/ptII/ptolemy/actor/lib/test/auto/UnionDisassemblerTest.xml
14 ms. Memory: 283648K Free: 209357K (74%)
----------------- Invoking toplevel() on ptolemy.moml.MoMLSimpleApplication@408d3a38
----------------- Done invoking toplevel() on ptolemy.moml.MoMLSimpleApplication@408d3a38
reloadAllAccessors: .UnionDisassemblerTest

===========================================================================================
----------------- testing Sat Dec 21 06:24:45 UTC 2019 /home/travis/build/icyphy/ptII/ptolemy/actor/lib/test/auto/UtilityFunctions.xml
----------------- Instantiating /home/travis/build/icyphy/ptII/ptolemy/actor/lib/test/auto/UtilityFunctions.xml
1 ms. Memory: 283648K Free: 204747K (72%)
----------------- Invoking toplevel() on ptolemy.moml.MoMLSimpleApplication@75098aad
----------------- Done invoking toplevel() on ptolemy.moml.MoMLSimpleApplication@75098aad
reloadAllAccessors: .UtilityFunctions

===========================================================================================
----------------- testing Sat Dec 21 06:24:45 UTC 2019 /home/travis/build/icyphy/ptII/ptolemy/actor/lib/test/auto/VariableSleep.xml
----------------- Instantiating /home/travis/build/icyphy/ptII/ptolemy/actor/lib/test/auto/VariableSleep.xml
502 ms. Memory: 283648K Free: 199627K (70%)
----------------- Invoking toplevel() on ptolemy.moml.MoMLSimpleApplication@68b0e3df
----------------- Done invoking toplevel() on ptolemy.moml.MoMLSimpleApplication@68b0e3df
reloadAllAccessors: .VariableSleep

===========================================================================================
----------------- testing Sat Dec 21 06:24:45 UTC 2019 /home/travis/build/icyphy/ptII/ptolemy/actor/lib/test/auto/VectorAssemblerDisassemblerCT.xml
----------------- Instantiating /home/travis/build/icyphy/ptII/ptolemy/actor/lib/test/auto/VectorAssemblerDisassemblerCT.xml
66 ms. Memory: 283648K Free: 179661K (63%)
----------------- Invoking toplevel() on ptolemy.moml.MoMLSimpleApplication@c238893
----------------- Done invoking toplevel() on ptolemy.moml.MoMLSimpleApplication@c238893
reloadAllAccessors: .VectorAssemblerDisassemblerCT

===========================================================================================
----------------- testing Sat Dec 21 06:24:45 UTC 2019 /home/travis/build/icyphy/ptII/ptolemy/actor/lib/test/auto/VectorAssemblerDisassemblerDE.xml
----------------- Instantiating /home/travis/build/icyphy/ptII/ptolemy/actor/lib/test/auto/VectorAssemblerDisassemblerDE.xml
11 ms. Memory: 283648K Free: 172493K (61%)
----------------- Invoking toplevel() on ptolemy.moml.MoMLSimpleApplication@4d7a16ed
----------------- Done invoking toplevel() on ptolemy.moml.MoMLSimpleApplication@4d7a16ed
reloadAllAccessors: .VectorAssemblerDisassemblerDE

===========================================================================================
----------------- testing Sat Dec 21 06:24:45 UTC 2019 /home/travis/build/icyphy/ptII/ptolemy/actor/lib/test/auto/VectorAssemblerDisassemblerSDF.xml
----------------- Instantiating /home/travis/build/icyphy/ptII/ptolemy/actor/lib/test/auto/VectorAssemblerDisassemblerSDF.xml
3 ms. Memory: 283648K Free: 165835K (58%)
----------------- Invoking toplevel() on ptolemy.moml.MoMLSimpleApplication@47e53704
----------------- Done invoking toplevel() on ptolemy.moml.MoMLSimpleApplication@47e53704
reloadAllAccessors: .VectorAssemblerDisassemblerSDF

===========================================================================================
----------------- testing Sat Dec 21 06:24:45 UTC 2019 /home/travis/build/icyphy/ptII/ptolemy/actor/lib/test/auto/WallClockTime.xml
----------------- Instantiating /home/travis/build/icyphy/ptII/ptolemy/actor/lib/test/auto/WallClockTime.xml
1004 ms. Memory: 283648K Free: 160715K (57%)
----------------- Invoking toplevel() on ptolemy.moml.MoMLSimpleApplication@4cceda9d
----------------- Done invoking toplevel() on ptolemy.moml.MoMLSimpleApplication@4cceda9d
reloadAllAccessors: .WallClockTime

===========================================================================================
----------------- testing Sat Dec 21 06:24:46 UTC 2019 /home/travis/build/icyphy/ptII/ptolemy/actor/lib/test/auto/WidthTestWithSubscriberPublisher.xml
----------------- Instantiating /home/travis/build/icyphy/ptII/ptolemy/actor/lib/test/auto/WidthTestWithSubscriberPublisher.xml
7 ms. Memory: 283648K Free: 142283K (50%)
----------------- Invoking toplevel() on ptolemy.moml.MoMLSimpleApplication@7c266491
----------------- Done invoking toplevel() on ptolemy.moml.MoMLSimpleApplication@7c266491
reloadAllAccessors: .WidthTestWithSubscriberPublisher

===========================================================================================
----------------- testing Sat Dec 21 06:24:46 UTC 2019 /home/travis/build/icyphy/ptII/ptolemy/actor/lib/test/auto/WidthTestWithSubscriberPublisher2.xml
----------------- Instantiating /home/travis/build/icyphy/ptII/ptolemy/actor/lib/test/auto/WidthTestWithSubscriberPublisher2.xml
2 ms. Memory: 283648K Free: 136139K (48%)
----------------- Invoking toplevel() on ptolemy.moml.MoMLSimpleApplication@d05a0ba
----------------- Done invoking toplevel() on ptolemy.moml.MoMLSimpleApplication@d05a0ba
reloadAllAccessors: .WidthTestWithSubscriberPublisher2

===========================================================================================
----------------- testing Sat Dec 21 06:24:46 UTC 2019 /home/travis/build/icyphy/ptII/ptolemy/actor/lib/test/auto/WidthTestWithSubscriberPublisher3.xml
----------------- Instantiating /home/travis/build/icyphy/ptII/ptolemy/actor/lib/test/auto/WidthTestWithSubscriberPublisher3.xml
2 ms. Memory: 283648K Free: 130509K (46%)
----------------- Invoking toplevel() on ptolemy.moml.MoMLSimpleApplication@42734c33
----------------- Done invoking toplevel() on ptolemy.moml.MoMLSimpleApplication@42734c33
reloadAllAccessors: .WidthTestWithSubscriberPublisher3

===========================================================================================
----------------- testing Sat Dec 21 06:24:46 UTC 2019 /home/travis/build/icyphy/ptII/ptolemy/actor/lib/test/auto/Writer.xml
----------------- Instantiating /home/travis/build/icyphy/ptII/ptolemy/actor/lib/test/auto/Writer.xml
0
1
2
3
4
1 ms. Memory: 283648K Free: 126413K (45%)
----------------- Invoking toplevel() on ptolemy.moml.MoMLSimpleApplication@507924ce
----------------- Done invoking toplevel() on ptolemy.moml.MoMLSimpleApplication@507924ce
reloadAllAccessors: .Writer

===========================================================================================
----------------- testing Sat Dec 21 06:24:46 UTC 2019 /home/travis/build/icyphy/ptII/ptolemy/actor/lib/test/auto/array.xml
----------------- Instantiating /home/travis/build/icyphy/ptII/ptolemy/actor/lib/test/auto/array.xml
2 ms. Memory: 283648K Free: 121803K (43%)
----------------- Invoking toplevel() on ptolemy.moml.MoMLSimpleApplication@26b1b057
----------------- Done invoking toplevel() on ptolemy.moml.MoMLSimpleApplication@26b1b057
reloadAllAccessors: .array

===========================================================================================
----------------- testing Sat Dec 21 06:24:46 UTC 2019 /home/travis/build/icyphy/ptII/ptolemy/actor/lib/test/auto/array2.xml
----------------- Instantiating /home/travis/build/icyphy/ptII/ptolemy/actor/lib/test/auto/array2.xml
5 ms. Memory: 283648K Free: 116669K (41%)
----------------- Invoking toplevel() on ptolemy.moml.MoMLSimpleApplication@1d391589
----------------- Done invoking toplevel() on ptolemy.moml.MoMLSimpleApplication@1d391589
reloadAllAccessors: .array2

===========================================================================================
----------------- testing Sat Dec 21 06:24:46 UTC 2019 /home/travis/build/icyphy/ptII/ptolemy/actor/lib/test/auto/arrayType.xml
----------------- Instantiating /home/travis/build/icyphy/ptII/ptolemy/actor/lib/test/auto/arrayType.xml
1 ms. Memory: 283648K Free: 111563K (39%)
----------------- Invoking toplevel() on ptolemy.moml.MoMLSimpleApplication@643b86aa
----------------- Done invoking toplevel() on ptolemy.moml.MoMLSimpleApplication@643b86aa
reloadAllAccessors: .arrayType

===========================================================================================
----------------- testing Sat Dec 21 06:24:46 UTC 2019 /home/travis/build/icyphy/ptII/ptolemy/actor/lib/test/auto/arrayType10.xml
----------------- Instantiating /home/travis/build/icyphy/ptII/ptolemy/actor/lib/test/auto/arrayType10.xml
1 ms. Memory: 283648K Free: 106957K (38%)
----------------- Invoking toplevel() on ptolemy.moml.MoMLSimpleApplication@61294f50
----------------- Done invoking toplevel() on ptolemy.moml.MoMLSimpleApplication@61294f50
reloadAllAccessors: .arrayType10

===========================================================================================
----------------- testing Sat Dec 21 06:24:46 UTC 2019 /home/travis/build/icyphy/ptII/ptolemy/actor/lib/test/auto/arrayType11.xml
----------------- Instantiating /home/travis/build/icyphy/ptII/ptolemy/actor/lib/test/auto/arrayType11.xml
1 ms. Memory: 283648K Free: 102347K (36%)
----------------- Invoking toplevel() on ptolemy.moml.MoMLSimpleApplication@40ec7dba
----------------- Done invoking toplevel() on ptolemy.moml.MoMLSimpleApplication@40ec7dba
reloadAllAccessors: .arrayType11

===========================================================================================
----------------- testing Sat Dec 21 06:24:46 UTC 2019 /home/travis/build/icyphy/ptII/ptolemy/actor/lib/test/auto/arrayType12.xml
----------------- Instantiating /home/travis/build/icyphy/ptII/ptolemy/actor/lib/test/auto/arrayType12.xml
1 ms. Memory: 283648K Free: 97227K (34%)
----------------- Invoking toplevel() on ptolemy.moml.MoMLSimpleApplication@294b3961
----------------- Done invoking toplevel() on ptolemy.moml.MoMLSimpleApplication@294b3961
reloadAllAccessors: .arrayType12

===========================================================================================
----------------- testing Sat Dec 21 06:24:46 UTC 2019 /home/travis/build/icyphy/ptII/ptolemy/actor/lib/test/auto/arrayType13.xml
----------------- Instantiating /home/travis/build/icyphy/ptII/ptolemy/actor/lib/test/auto/arrayType13.xml
1 ms. Memory: 283648K Free: 91597K (32%)
----------------- Invoking toplevel() on ptolemy.moml.MoMLSimpleApplication@46acd075
----------------- Done invoking toplevel() on ptolemy.moml.MoMLSimpleApplication@46acd075
reloadAllAccessors: .arrayType13

===========================================================================================
----------------- testing Sat Dec 21 06:24:46 UTC 2019 /home/travis/build/icyphy/ptII/ptolemy/actor/lib/test/auto/arrayType14.xml
----------------- Instantiating /home/travis/build/icyphy/ptII/ptolemy/actor/lib/test/auto/arrayType14.xml
1 ms. Memory: 283648K Free: 86477K (30%)
----------------- Invoking toplevel() on ptolemy.moml.MoMLSimpleApplication@137e2daf
----------------- Done invoking toplevel() on ptolemy.moml.MoMLSimpleApplication@137e2daf
reloadAllAccessors: .arrayType14

===========================================================================================
----------------- testing Sat Dec 21 06:24:46 UTC 2019 /home/travis/build/icyphy/ptII/ptolemy/actor/lib/test/auto/arrayType15.xml
----------------- Instantiating /home/travis/build/icyphy/ptII/ptolemy/actor/lib/test/auto/arrayType15.xml
2 ms. Memory: 283648K Free: 81357K (29%)
----------------- Invoking toplevel() on ptolemy.moml.MoMLSimpleApplication@59e364e5
----------------- Done invoking toplevel() on ptolemy.moml.MoMLSimpleApplication@59e364e5
reloadAllAccessors: .arrayType15

===========================================================================================
----------------- testing Sat Dec 21 06:24:46 UTC 2019 /home/travis/build/icyphy/ptII/ptolemy/actor/lib/test/auto/arrayType16.xml
----------------- Instantiating /home/travis/build/icyphy/ptII/ptolemy/actor/lib/test/auto/arrayType16.xml
1 ms. Memory: 283648K Free: 76237K (27%)
----------------- Invoking toplevel() on ptolemy.moml.MoMLSimpleApplication@59990c8e
----------------- Done invoking toplevel() on ptolemy.moml.MoMLSimpleApplication@59990c8e
reloadAllAccessors: .arrayType16

===========================================================================================
----------------- testing Sat Dec 21 06:24:46 UTC 2019 /home/travis/build/icyphy/ptII/ptolemy/actor/lib/test/auto/arrayType17.xml
----------------- Instantiating /home/travis/build/icyphy/ptII/ptolemy/actor/lib/test/auto/arrayType17.xml
2 ms. Memory: 283648K Free: 70603K (25%)
----------------- Invoking toplevel() on ptolemy.moml.MoMLSimpleApplication@5d4c87c0
----------------- Done invoking toplevel() on ptolemy.moml.MoMLSimpleApplication@5d4c87c0
reloadAllAccessors: .arrayType17

===========================================================================================
----------------- testing Sat Dec 21 06:24:47 UTC 2019 /home/travis/build/icyphy/ptII/ptolemy/actor/lib/test/auto/arrayType18.xml
----------------- Instantiating /home/travis/build/icyphy/ptII/ptolemy/actor/lib/test/auto/arrayType18.xml
1 ms. Memory: 283648K Free: 65997K (23%)
----------------- Invoking toplevel() on ptolemy.moml.MoMLSimpleApplication@48d1b8b7
----------------- Done invoking toplevel() on ptolemy.moml.MoMLSimpleApplication@48d1b8b7
reloadAllAccessors: .arrayType18

===========================================================================================
----------------- testing Sat Dec 21 06:24:47 UTC 2019 /home/travis/build/icyphy/ptII/ptolemy/actor/lib/test/auto/arrayType19.xml
----------------- Instantiating /home/travis/build/icyphy/ptII/ptolemy/actor/lib/test/auto/arrayType19.xml
2 ms. Memory: 283648K Free: 226883K (80%)
----------------- Invoking toplevel() on ptolemy.moml.MoMLSimpleApplication@7a407be2
----------------- Done invoking toplevel() on ptolemy.moml.MoMLSimpleApplication@7a407be2
reloadAllAccessors: .arrayType19

===========================================================================================
----------------- testing Sat Dec 21 06:24:47 UTC 2019 /home/travis/build/icyphy/ptII/ptolemy/actor/lib/test/auto/arrayType2.xml
----------------- Instantiating /home/travis/build/icyphy/ptII/ptolemy/actor/lib/test/auto/arrayType2.xml
1 ms. Memory: 283648K Free: 221763K (78%)
----------------- Invoking toplevel() on ptolemy.moml.MoMLSimpleApplication@1edcd49e
----------------- Done invoking toplevel() on ptolemy.moml.MoMLSimpleApplication@1edcd49e
reloadAllAccessors: .arrayType2

===========================================================================================
----------------- testing Sat Dec 21 06:24:47 UTC 2019 /home/travis/build/icyphy/ptII/ptolemy/actor/lib/test/auto/arrayType20.xml
----------------- Instantiating /home/travis/build/icyphy/ptII/ptolemy/actor/lib/test/auto/arrayType20.xml
2 ms. Memory: 283648K Free: 216643K (76%)
----------------- Invoking toplevel() on ptolemy.moml.MoMLSimpleApplication@76455295
----------------- Done invoking toplevel() on ptolemy.moml.MoMLSimpleApplication@76455295
reloadAllAccessors: .arrayType20

===========================================================================================
----------------- testing Sat Dec 21 06:24:47 UTC 2019 /home/travis/build/icyphy/ptII/ptolemy/actor/lib/test/auto/arrayType21.xml
----------------- Instantiating /home/travis/build/icyphy/ptII/ptolemy/actor/lib/test/auto/arrayType21.xml
1 ms. Memory: 283648K Free: 212033K (75%)
----------------- Invoking toplevel() on ptolemy.moml.MoMLSimpleApplication@78828953
----------------- Done invoking toplevel() on ptolemy.moml.MoMLSimpleApplication@78828953
reloadAllAccessors: .arrayType21

===========================================================================================
----------------- testing Sat Dec 21 06:24:47 UTC 2019 /home/travis/build/icyphy/ptII/ptolemy/actor/lib/test/auto/arrayType22.xml
----------------- Instantiating /home/travis/build/icyphy/ptII/ptolemy/actor/lib/test/auto/arrayType22.xml
2 ms. Memory: 283648K Free: 207427K (73%)
----------------- Invoking toplevel() on ptolemy.moml.MoMLSimpleApplication@3bae6b6
----------------- Done invoking toplevel() on ptolemy.moml.MoMLSimpleApplication@3bae6b6
reloadAllAccessors: .arrayType22

===========================================================================================
----------------- testing Sat Dec 21 06:24:47 UTC 2019 /home/travis/build/icyphy/ptII/ptolemy/actor/lib/test/auto/arrayType23.xml
----------------- Instantiating /home/travis/build/icyphy/ptII/ptolemy/actor/lib/test/auto/arrayType23.xml
2 ms. Memory: 283648K Free: 202817K (72%)
----------------- Invoking toplevel() on ptolemy.moml.MoMLSimpleApplication@2c3459f1
----------------- Done invoking toplevel() on ptolemy.moml.MoMLSimpleApplication@2c3459f1
reloadAllAccessors: .arrayType23

===========================================================================================
----------------- testing Sat Dec 21 06:24:47 UTC 2019 /home/travis/build/icyphy/ptII/ptolemy/actor/lib/test/auto/arrayType24.xml
----------------- Instantiating /home/travis/build/icyphy/ptII/ptolemy/actor/lib/test/auto/arrayType24.xml
1 ms. Memory: 283648K Free: 197697K (70%)
----------------- Invoking toplevel() on ptolemy.moml.MoMLSimpleApplication@88553c7
----------------- Done invoking toplevel() on ptolemy.moml.MoMLSimpleApplication@88553c7
reloadAllAccessors: .arrayType24

===========================================================================================
----------------- testing Sat Dec 21 06:24:47 UTC 2019 /home/travis/build/icyphy/ptII/ptolemy/actor/lib/test/auto/arrayType25.xml
----------------- Instantiating /home/travis/build/icyphy/ptII/ptolemy/actor/lib/test/auto/arrayType25.xml
2 ms. Memory: 283648K Free: 192577K (68%)
----------------- Invoking toplevel() on ptolemy.moml.MoMLSimpleApplication@13acb410
----------------- Done invoking toplevel() on ptolemy.moml.MoMLSimpleApplication@13acb410
reloadAllAccessors: .arrayType25

===========================================================================================
----------------- testing Sat Dec 21 06:24:47 UTC 2019 /home/travis/build/icyphy/ptII/ptolemy/actor/lib/test/auto/arrayType26.xml
----------------- Instantiating /home/travis/build/icyphy/ptII/ptolemy/actor/lib/test/auto/arrayType26.xml
2 ms. Memory: 283648K Free: 187457K (66%)
----------------- Invoking toplevel() on ptolemy.moml.MoMLSimpleApplication@22104b7c
----------------- Done invoking toplevel() on ptolemy.moml.MoMLSimpleApplication@22104b7c
reloadAllAccessors: .arrayType26

===========================================================================================
----------------- testing Sat Dec 21 06:24:47 UTC 2019 /home/travis/build/icyphy/ptII/ptolemy/actor/lib/test/auto/arrayType27.xml
----------------- Instantiating /home/travis/build/icyphy/ptII/ptolemy/actor/lib/test/auto/arrayType27.xml
1 ms. Memory: 283648K Free: 182337K (64%)
----------------- Invoking toplevel() on ptolemy.moml.MoMLSimpleApplication@5619bd2a
----------------- Done invoking toplevel() on ptolemy.moml.MoMLSimpleApplication@5619bd2a
reloadAllAccessors: .arrayType27

===========================================================================================
----------------- testing Sat Dec 21 06:24:47 UTC 2019 /home/travis/build/icyphy/ptII/ptolemy/actor/lib/test/auto/arrayType28.xml
----------------- Instantiating /home/travis/build/icyphy/ptII/ptolemy/actor/lib/test/auto/arrayType28.xml
1 ms. Memory: 283648K Free: 176707K (62%)
----------------- Invoking toplevel() on ptolemy.moml.MoMLSimpleApplication@4713cd08
----------------- Done invoking toplevel() on ptolemy.moml.MoMLSimpleApplication@4713cd08
reloadAllAccessors: .arrayType28

===========================================================================================
----------------- testing Sat Dec 21 06:24:47 UTC 2019 /home/travis/build/icyphy/ptII/ptolemy/actor/lib/test/auto/arrayType3.xml
----------------- Instantiating /home/travis/build/icyphy/ptII/ptolemy/actor/lib/test/auto/arrayType3.xml
5 ms. Memory: 283648K Free: 171587K (60%)
----------------- Invoking toplevel() on ptolemy.moml.MoMLSimpleApplication@212af82f
----------------- Done invoking toplevel() on ptolemy.moml.MoMLSimpleApplication@212af82f
reloadAllAccessors: .arrayType3

===========================================================================================
----------------- testing Sat Dec 21 06:24:47 UTC 2019 /home/travis/build/icyphy/ptII/ptolemy/actor/lib/test/auto/arrayType4.xml
----------------- Instantiating /home/travis/build/icyphy/ptII/ptolemy/actor/lib/test/auto/arrayType4.xml
1 ms. Memory: 283648K Free: 166467K (59%)
----------------- Invoking toplevel() on ptolemy.moml.MoMLSimpleApplication@57070a96
----------------- Done invoking toplevel() on ptolemy.moml.MoMLSimpleApplication@57070a96
reloadAllAccessors: .arrayType4

===========================================================================================
----------------- testing Sat Dec 21 06:24:47 UTC 2019 /home/travis/build/icyphy/ptII/ptolemy/actor/lib/test/auto/arrayType5.xml
----------------- Instantiating /home/travis/build/icyphy/ptII/ptolemy/actor/lib/test/auto/arrayType5.xml
1 ms. Memory: 283648K Free: 161347K (57%)
----------------- Invoking toplevel() on ptolemy.moml.MoMLSimpleApplication@43bc3b8c
----------------- Done invoking toplevel() on ptolemy.moml.MoMLSimpleApplication@43bc3b8c
reloadAllAccessors: .arrayType5

===========================================================================================
----------------- testing Sat Dec 21 06:24:47 UTC 2019 /home/travis/build/icyphy/ptII/ptolemy/actor/lib/test/auto/arrayType6.xml
----------------- Instantiating /home/travis/build/icyphy/ptII/ptolemy/actor/lib/test/auto/arrayType6.xml
1 ms. Memory: 283648K Free: 156227K (55%)
----------------- Invoking toplevel() on ptolemy.moml.MoMLSimpleApplication@608bf8d4
----------------- Done invoking toplevel() on ptolemy.moml.MoMLSimpleApplication@608bf8d4
reloadAllAccessors: .arrayType6

===========================================================================================
----------------- testing Sat Dec 21 06:24:47 UTC 2019 /home/travis/build/icyphy/ptII/ptolemy/actor/lib/test/auto/arrayType7.xml
----------------- Instantiating /home/travis/build/icyphy/ptII/ptolemy/actor/lib/test/auto/arrayType7.xml
1 ms. Memory: 283648K Free: 151617K (53%)
----------------- Invoking toplevel() on ptolemy.moml.MoMLSimpleApplication@59909880
----------------- Done invoking toplevel() on ptolemy.moml.MoMLSimpleApplication@59909880
reloadAllAccessors: .arrayType7

===========================================================================================
----------------- testing Sat Dec 21 06:24:47 UTC 2019 /home/travis/build/icyphy/ptII/ptolemy/actor/lib/test/auto/arrayType8.xml
----------------- Instantiating /home/travis/build/icyphy/ptII/ptolemy/actor/lib/test/auto/arrayType8.xml
1 ms. Memory: 283648K Free: 147011K (52%)
----------------- Invoking toplevel() on ptolemy.moml.MoMLSimpleApplication@68d88173
----------------- Done invoking toplevel() on ptolemy.moml.MoMLSimpleApplication@68d88173
reloadAllAccessors: .arrayType8

===========================================================================================
----------------- testing Sat Dec 21 06:24:47 UTC 2019 /home/travis/build/icyphy/ptII/ptolemy/actor/lib/test/auto/arrayType9.xml
----------------- Instantiating /home/travis/build/icyphy/ptII/ptolemy/actor/lib/test/auto/arrayType9.xml
5 ms. Memory: 283648K Free: 141891K (50%)
----------------- Invoking toplevel() on ptolemy.moml.MoMLSimpleApplication@13021c0
----------------- Done invoking toplevel() on ptolemy.moml.MoMLSimpleApplication@13021c0
reloadAllAccessors: .arrayType9

===========================================================================================
----------------- testing Sat Dec 21 06:24:47 UTC 2019 /home/travis/build/icyphy/ptII/ptolemy/actor/lib/test/auto/cast.xml
----------------- Instantiating /home/travis/build/icyphy/ptII/ptolemy/actor/lib/test/auto/cast.xml
2 ms. Memory: 283648K Free: 137281K (48%)
----------------- Invoking toplevel() on ptolemy.moml.MoMLSimpleApplication@34f89298
----------------- Done invoking toplevel() on ptolemy.moml.MoMLSimpleApplication@34f89298
reloadAllAccessors: .cast

===========================================================================================
----------------- testing Sat Dec 21 06:24:47 UTC 2019 /home/travis/build/icyphy/ptII/ptolemy/actor/lib/test/auto/compositeMultiPort.xml
----------------- Instantiating /home/travis/build/icyphy/ptII/ptolemy/actor/lib/test/auto/compositeMultiPort.xml
3 ms. Memory: 283648K Free: 128579K (45%)
----------------- Invoking toplevel() on ptolemy.moml.MoMLSimpleApplication@6d3a582a
----------------- Done invoking toplevel() on ptolemy.moml.MoMLSimpleApplication@6d3a582a
reloadAllAccessors: .compositeMultiPort

===========================================================================================
----------------- testing Sat Dec 21 06:24:47 UTC 2019 /home/travis/build/icyphy/ptII/ptolemy/actor/lib/test/auto/expressionCastInference.xml
----------------- Instantiating /home/travis/build/icyphy/ptII/ptolemy/actor/lib/test/auto/expressionCastInference.xml
1 ms. Memory: 283648K Free: 123969K (44%)
----------------- Invoking toplevel() on ptolemy.moml.MoMLSimpleApplication@18e2bf4e
----------------- Done invoking toplevel() on ptolemy.moml.MoMLSimpleApplication@18e2bf4e
reloadAllAccessors: .expressionCastInference

===========================================================================================
----------------- testing Sat Dec 21 06:24:47 UTC 2019 /home/travis/build/icyphy/ptII/ptolemy/actor/lib/test/auto/expressionCastInference2.xml
----------------- Instantiating /home/travis/build/icyphy/ptII/ptolemy/actor/lib/test/auto/expressionCastInference2.xml
2 ms. Memory: 283648K Free: 118849K (42%)
----------------- Invoking toplevel() on ptolemy.moml.MoMLSimpleApplication@44d651e3
----------------- Done invoking toplevel() on ptolemy.moml.MoMLSimpleApplication@44d651e3
reloadAllAccessors: .expressionCastInference2

===========================================================================================
----------------- testing Sat Dec 21 06:24:47 UTC 2019 /home/travis/build/icyphy/ptII/ptolemy/actor/lib/test/auto/expressionInference.xml
----------------- Instantiating /home/travis/build/icyphy/ptII/ptolemy/actor/lib/test/auto/expressionInference.xml
1 ms. Memory: 283648K Free: 114753K (40%)
----------------- Invoking toplevel() on ptolemy.moml.MoMLSimpleApplication@f136873
----------------- Done invoking toplevel() on ptolemy.moml.MoMLSimpleApplication@f136873
reloadAllAccessors: .expressionInference

===========================================================================================
----------------- testing Sat Dec 21 06:24:47 UTC 2019 /home/travis/build/icyphy/ptII/ptolemy/actor/lib/test/auto/expression_bug.xml
----------------- Instantiating /home/travis/build/icyphy/ptII/ptolemy/actor/lib/test/auto/expression_bug.xml
3 ms. Memory: 283648K Free: 110657K (39%)
----------------- Invoking toplevel() on ptolemy.moml.MoMLSimpleApplication@4982b6d5
----------------- Done invoking toplevel() on ptolemy.moml.MoMLSimpleApplication@4982b6d5
reloadAllAccessors: .expression_bug

===========================================================================================
----------------- testing Sat Dec 21 06:24:47 UTC 2019 /home/travis/build/icyphy/ptII/ptolemy/actor/lib/test/auto/factorial.xml
----------------- Instantiating /home/travis/build/icyphy/ptII/ptolemy/actor/lib/test/auto/factorial.xml
37 ms. Memory: 283648K Free: 101955K (36%)
----------------- Invoking toplevel() on ptolemy.moml.MoMLSimpleApplication@3492e373
----------------- Done invoking toplevel() on ptolemy.moml.MoMLSimpleApplication@3492e373
reloadAllAccessors: .factorial

===========================================================================================
----------------- testing Sat Dec 21 06:24:47 UTC 2019 /home/travis/build/icyphy/ptII/ptolemy/actor/lib/test/auto/filterTest1.xml
----------------- Instantiating /home/travis/build/icyphy/ptII/ptolemy/actor/lib/test/auto/filterTest1.xml
3 ms. Memory: 283648K Free: 96321K (34%)
----------------- Invoking toplevel() on ptolemy.moml.MoMLSimpleApplication@2c5e42ba
----------------- Done invoking toplevel() on ptolemy.moml.MoMLSimpleApplication@2c5e42ba
reloadAllAccessors: .filterTest1

===========================================================================================
----------------- testing Sat Dec 21 06:24:47 UTC 2019 /home/travis/build/icyphy/ptII/ptolemy/actor/lib/test/auto/funcApplyInConst.xml
----------------- Instantiating /home/travis/build/icyphy/ptII/ptolemy/actor/lib/test/auto/funcApplyInConst.xml
1 ms. Memory: 283648K Free: 92739K (33%)
----------------- Invoking toplevel() on ptolemy.moml.MoMLSimpleApplication@5c55885b
----------------- Done invoking toplevel() on ptolemy.moml.MoMLSimpleApplication@5c55885b
reloadAllAccessors: .funcApplyInConst

===========================================================================================
----------------- testing Sat Dec 21 06:24:47 UTC 2019 /home/travis/build/icyphy/ptII/ptolemy/actor/lib/test/auto/funcApplyInExpr.xml
----------------- Instantiating /home/travis/build/icyphy/ptII/ptolemy/actor/lib/test/auto/funcApplyInExpr.xml
1 ms. Memory: 283648K Free: 88643K (31%)
----------------- Invoking toplevel() on ptolemy.moml.MoMLSimpleApplication@7aa9521
----------------- Done invoking toplevel() on ptolemy.moml.MoMLSimpleApplication@7aa9521
reloadAllAccessors: .funcApplyInExpr

===========================================================================================
----------------- testing Sat Dec 21 06:24:47 UTC 2019 /home/travis/build/icyphy/ptII/ptolemy/actor/lib/test/auto/function.xml
----------------- Instantiating /home/travis/build/icyphy/ptII/ptolemy/actor/lib/test/auto/function.xml
2 ms. Memory: 283648K Free: 84033K (30%)
----------------- Invoking toplevel() on ptolemy.moml.MoMLSimpleApplication@26aaba0c
----------------- Done invoking toplevel() on ptolemy.moml.MoMLSimpleApplication@26aaba0c
reloadAllAccessors: .function

===========================================================================================
----------------- testing Sat Dec 21 06:24:47 UTC 2019 /home/travis/build/icyphy/ptII/ptolemy/actor/lib/test/auto/function2.xml
----------------- Instantiating /home/travis/build/icyphy/ptII/ptolemy/actor/lib/test/auto/function2.xml
2 ms. Memory: 283648K Free: 79427K (28%)
----------------- Invoking toplevel() on ptolemy.moml.MoMLSimpleApplication@5820c3c1
----------------- Done invoking toplevel() on ptolemy.moml.MoMLSimpleApplication@5820c3c1
reloadAllAccessors: .function2

===========================================================================================
----------------- testing Sat Dec 21 06:24:47 UTC 2019 /home/travis/build/icyphy/ptII/ptolemy/actor/lib/test/auto/function3.xml
----------------- Instantiating /home/travis/build/icyphy/ptII/ptolemy/actor/lib/test/auto/function3.xml
2 ms. Memory: 283648K Free: 75331K (27%)
----------------- Invoking toplevel() on ptolemy.moml.MoMLSimpleApplication@1bd4214e
----------------- Done invoking toplevel() on ptolemy.moml.MoMLSimpleApplication@1bd4214e
reloadAllAccessors: .function3

===========================================================================================
----------------- testing Sat Dec 21 06:24:47 UTC 2019 /home/travis/build/icyphy/ptII/ptolemy/actor/lib/test/auto/functionClosureTest1.xml
----------------- Instantiating /home/travis/build/icyphy/ptII/ptolemy/actor/lib/test/auto/functionClosureTest1.xml
1 ms. Memory: 283648K Free: 69691K (25%)
----------------- Invoking toplevel() on ptolemy.moml.MoMLSimpleApplication@380bcb82
----------------- Done invoking toplevel() on ptolemy.moml.MoMLSimpleApplication@380bcb82
reloadAllAccessors: .functionClosureTest1

===========================================================================================
----------------- testing Sat Dec 21 06:24:47 UTC 2019 /home/travis/build/icyphy/ptII/ptolemy/actor/lib/test/auto/functionClosureTest2.xml
----------------- Instantiating /home/travis/build/icyphy/ptII/ptolemy/actor/lib/test/auto/functionClosureTest2.xml
1 ms. Memory: 283648K Free: 66115K (23%)
----------------- Invoking toplevel() on ptolemy.moml.MoMLSimpleApplication@11ab91af
----------------- Done invoking toplevel() on ptolemy.moml.MoMLSimpleApplication@11ab91af
reloadAllAccessors: .functionClosureTest2

===========================================================================================
----------------- testing Sat Dec 21 06:24:47 UTC 2019 /home/travis/build/icyphy/ptII/ptolemy/actor/lib/test/auto/functionClosureTest3.xml
----------------- Instantiating /home/travis/build/icyphy/ptII/ptolemy/actor/lib/test/auto/functionClosureTest3.xml
2 ms. Memory: 283648K Free: 226299K (80%)
----------------- Invoking toplevel() on ptolemy.moml.MoMLSimpleApplication@402b4e35
----------------- Done invoking toplevel() on ptolemy.moml.MoMLSimpleApplication@402b4e35
reloadAllAccessors: .functionClosureTest3

===========================================================================================
----------------- testing Sat Dec 21 06:24:47 UTC 2019 /home/travis/build/icyphy/ptII/ptolemy/actor/lib/test/auto/functionClosureTest4.xml
----------------- Instantiating /home/travis/build/icyphy/ptII/ptolemy/actor/lib/test/auto/functionClosureTest4.xml
4 ms. Memory: 283648K Free: 220169K (78%)
----------------- Invoking toplevel() on ptolemy.moml.MoMLSimpleApplication@3b18832f
----------------- Done invoking toplevel() on ptolemy.moml.MoMLSimpleApplication@3b18832f
reloadAllAccessors: .functionClosureTest4

===========================================================================================
----------------- testing Sat Dec 21 06:24:47 UTC 2019 /home/travis/build/icyphy/ptII/ptolemy/actor/lib/test/auto/functionClosureTest5.xml
----------------- Instantiating /home/travis/build/icyphy/ptII/ptolemy/actor/lib/test/auto/functionClosureTest5.xml
3 ms. Memory: 283648K Free: 215049K (76%)
----------------- Invoking toplevel() on ptolemy.moml.MoMLSimpleApplication@6821bd6e
----------------- Done invoking toplevel() on ptolemy.moml.MoMLSimpleApplication@6821bd6e
reloadAllAccessors: .functionClosureTest5

===========================================================================================
----------------- testing Sat Dec 21 06:24:47 UTC 2019 /home/travis/build/icyphy/ptII/ptolemy/actor/lib/test/auto/functionClosureTest6.xml
----------------- Instantiating /home/travis/build/icyphy/ptII/ptolemy/actor/lib/test/auto/functionClosureTest6.xml
2 ms. Memory: 283648K Free: 209929K (74%)
----------------- Invoking toplevel() on ptolemy.moml.MoMLSimpleApplication@34d0981b
----------------- Done invoking toplevel() on ptolemy.moml.MoMLSimpleApplication@34d0981b
reloadAllAccessors: .functionClosureTest6

===========================================================================================
----------------- testing Sat Dec 21 06:24:47 UTC 2019 /home/travis/build/icyphy/ptII/ptolemy/actor/lib/test/auto/functionsOnArcs.xml
----------------- Instantiating /home/travis/build/icyphy/ptII/ptolemy/actor/lib/test/auto/functionsOnArcs.xml
2 ms. Memory: 283648K Free: 204809K (72%)
----------------- Invoking toplevel() on ptolemy.moml.MoMLSimpleApplication@3c83d263
----------------- Done invoking toplevel() on ptolemy.moml.MoMLSimpleApplication@3c83d263
reloadAllAccessors: .functionsOnArcs

===========================================================================================
----------------- testing Sat Dec 21 06:24:47 UTC 2019 /home/travis/build/icyphy/ptII/ptolemy/actor/lib/test/auto/functionsOnArcsHOF.xml
----------------- Instantiating /home/travis/build/icyphy/ptII/ptolemy/actor/lib/test/auto/functionsOnArcsHOF.xml
4 ms. Memory: 283648K Free: 199179K (70%)
----------------- Invoking toplevel() on ptolemy.moml.MoMLSimpleApplication@104cbbdb
----------------- Done invoking toplevel() on ptolemy.moml.MoMLSimpleApplication@104cbbdb
reloadAllAccessors: .functionsOnArcsHOF

===========================================================================================
----------------- testing Sat Dec 21 06:24:47 UTC 2019 /home/travis/build/icyphy/ptII/ptolemy/actor/lib/test/auto/logic.xml
----------------- Instantiating /home/travis/build/icyphy/ptII/ptolemy/actor/lib/test/auto/logic.xml
2 ms. Memory: 283648K Free: 191497K (68%)
----------------- Invoking toplevel() on ptolemy.moml.MoMLSimpleApplication@180cd570
----------------- Done invoking toplevel() on ptolemy.moml.MoMLSimpleApplication@180cd570
reloadAllAccessors: .logic

===========================================================================================
----------------- testing Sat Dec 21 06:24:47 UTC 2019 /home/travis/build/icyphy/ptII/ptolemy/actor/lib/test/auto/matrixType.xml
----------------- Instantiating /home/travis/build/icyphy/ptII/ptolemy/actor/lib/test/auto/matrixType.xml
2 ms. Memory: 283648K Free: 186363K (66%)
----------------- Invoking toplevel() on ptolemy.moml.MoMLSimpleApplication@5028bfca
----------------- Done invoking toplevel() on ptolemy.moml.MoMLSimpleApplication@5028bfca
reloadAllAccessors: .matrixType

===========================================================================================
----------------- testing Sat Dec 21 06:24:47 UTC 2019 /home/travis/build/icyphy/ptII/ptolemy/actor/lib/test/auto/matrixType10.xml
----------------- Instantiating /home/travis/build/icyphy/ptII/ptolemy/actor/lib/test/auto/matrixType10.xml
2 ms. Memory: 283648K Free: 181771K (64%)
----------------- Invoking toplevel() on ptolemy.moml.MoMLSimpleApplication@37cc48ae
----------------- Done invoking toplevel() on ptolemy.moml.MoMLSimpleApplication@37cc48ae
reloadAllAccessors: .matrixType10

===========================================================================================
----------------- testing Sat Dec 21 06:24:47 UTC 2019 /home/travis/build/icyphy/ptII/ptolemy/actor/lib/test/auto/matrixType11.xml
----------------- Instantiating /home/travis/build/icyphy/ptII/ptolemy/actor/lib/test/auto/matrixType11.xml
1 ms. Memory: 283648K Free: 176651K (62%)
----------------- Invoking toplevel() on ptolemy.moml.MoMLSimpleApplication@6f87adeb
----------------- Done invoking toplevel() on ptolemy.moml.MoMLSimpleApplication@6f87adeb
reloadAllAccessors: .matrixType11

===========================================================================================
----------------- testing Sat Dec 21 06:24:47 UTC 2019 /home/travis/build/icyphy/ptII/ptolemy/actor/lib/test/auto/matrixType12.xml
----------------- Instantiating /home/travis/build/icyphy/ptII/ptolemy/actor/lib/test/auto/matrixType12.xml
1 ms. Memory: 283648K Free: 172041K (61%)
----------------- Invoking toplevel() on ptolemy.moml.MoMLSimpleApplication@3b44d1b3
----------------- Done invoking toplevel() on ptolemy.moml.MoMLSimpleApplication@3b44d1b3
reloadAllAccessors: .matrixType12

===========================================================================================
----------------- testing Sat Dec 21 06:24:47 UTC 2019 /home/travis/build/icyphy/ptII/ptolemy/actor/lib/test/auto/matrixType13.xml
----------------- Instantiating /home/travis/build/icyphy/ptII/ptolemy/actor/lib/test/auto/matrixType13.xml
2 ms. Memory: 283648K Free: 167435K (59%)
----------------- Invoking toplevel() on ptolemy.moml.MoMLSimpleApplication@520ab0f0
----------------- Done invoking toplevel() on ptolemy.moml.MoMLSimpleApplication@520ab0f0
reloadAllAccessors: .matrixType13

===========================================================================================
----------------- testing Sat Dec 21 06:24:47 UTC 2019 /home/travis/build/icyphy/ptII/ptolemy/actor/lib/test/auto/matrixType14.xml
----------------- Instantiating /home/travis/build/icyphy/ptII/ptolemy/actor/lib/test/auto/matrixType14.xml
1 ms. Memory: 283648K Free: 161787K (57%)
----------------- Invoking toplevel() on ptolemy.moml.MoMLSimpleApplication@119914b3
----------------- Done invoking toplevel() on ptolemy.moml.MoMLSimpleApplication@119914b3
reloadAllAccessors: .matrixType14

===========================================================================================
----------------- testing Sat Dec 21 06:24:47 UTC 2019 /home/travis/build/icyphy/ptII/ptolemy/actor/lib/test/auto/matrixType2.xml
----------------- Instantiating /home/travis/build/icyphy/ptII/ptolemy/actor/lib/test/auto/matrixType2.xml
2 ms. Memory: 283648K Free: 156667K (55%)
----------------- Invoking toplevel() on ptolemy.moml.MoMLSimpleApplication@1714952e
----------------- Done invoking toplevel() on ptolemy.moml.MoMLSimpleApplication@1714952e
reloadAllAccessors: .matrixType2

===========================================================================================
----------------- testing Sat Dec 21 06:24:47 UTC 2019 /home/travis/build/icyphy/ptII/ptolemy/actor/lib/test/auto/matrixType3.xml
----------------- Instantiating /home/travis/build/icyphy/ptII/ptolemy/actor/lib/test/auto/matrixType3.xml
4 ms. Memory: 283648K Free: 151561K (53%)
----------------- Invoking toplevel() on ptolemy.moml.MoMLSimpleApplication@7409ec4a
----------------- Done invoking toplevel() on ptolemy.moml.MoMLSimpleApplication@7409ec4a
reloadAllAccessors: .matrixType3

===========================================================================================
----------------- testing Sat Dec 21 06:24:47 UTC 2019 /home/travis/build/icyphy/ptII/ptolemy/actor/lib/test/auto/matrixType4.xml
----------------- Instantiating /home/travis/build/icyphy/ptII/ptolemy/actor/lib/test/auto/matrixType4.xml
1 ms. Memory: 283648K Free: 146955K (52%)
----------------- Invoking toplevel() on ptolemy.moml.MoMLSimpleApplication@335c3cc6
----------------- Done invoking toplevel() on ptolemy.moml.MoMLSimpleApplication@335c3cc6
reloadAllAccessors: .matrixType4

===========================================================================================
----------------- testing Sat Dec 21 06:24:47 UTC 2019 /home/travis/build/icyphy/ptII/ptolemy/actor/lib/test/auto/matrixType5.xml
----------------- Instantiating /home/travis/build/icyphy/ptII/ptolemy/actor/lib/test/auto/matrixType5.xml
1 ms. Memory: 283648K Free: 142345K (50%)
----------------- Invoking toplevel() on ptolemy.moml.MoMLSimpleApplication@3ddb0fe7
----------------- Done invoking toplevel() on ptolemy.moml.MoMLSimpleApplication@3ddb0fe7
reloadAllAccessors: .matrixType5

===========================================================================================
----------------- testing Sat Dec 21 06:24:47 UTC 2019 /home/travis/build/icyphy/ptII/ptolemy/actor/lib/test/auto/matrixType6.xml
----------------- Instantiating /home/travis/build/icyphy/ptII/ptolemy/actor/lib/test/auto/matrixType6.xml
2 ms. Memory: 283648K Free: 137225K (48%)
----------------- Invoking toplevel() on ptolemy.moml.MoMLSimpleApplication@47a457c4
----------------- Done invoking toplevel() on ptolemy.moml.MoMLSimpleApplication@47a457c4
reloadAllAccessors: .matrixType6

===========================================================================================
----------------- testing Sat Dec 21 06:24:47 UTC 2019 /home/travis/build/icyphy/ptII/ptolemy/actor/lib/test/auto/matrixType7.xml
----------------- Instantiating /home/travis/build/icyphy/ptII/ptolemy/actor/lib/test/auto/matrixType7.xml
2 ms. Memory: 283648K Free: 132619K (47%)
----------------- Invoking toplevel() on ptolemy.moml.MoMLSimpleApplication@2d10aa4f
----------------- Done invoking toplevel() on ptolemy.moml.MoMLSimpleApplication@2d10aa4f
reloadAllAccessors: .matrixType7

===========================================================================================
----------------- testing Sat Dec 21 06:24:47 UTC 2019 /home/travis/build/icyphy/ptII/ptolemy/actor/lib/test/auto/matrixType8.xml
----------------- Instantiating /home/travis/build/icyphy/ptII/ptolemy/actor/lib/test/auto/matrixType8.xml
1 ms. Memory: 283648K Free: 128009K (45%)
----------------- Invoking toplevel() on ptolemy.moml.MoMLSimpleApplication@240abd93
----------------- Done invoking toplevel() on ptolemy.moml.MoMLSimpleApplication@240abd93
reloadAllAccessors: .matrixType8

===========================================================================================
----------------- testing Sat Dec 21 06:24:47 UTC 2019 /home/travis/build/icyphy/ptII/ptolemy/actor/lib/test/auto/matrixType9.xml
----------------- Instantiating /home/travis/build/icyphy/ptII/ptolemy/actor/lib/test/auto/matrixType9.xml
1 ms. Memory: 283648K Free: 122889K (43%)
----------------- Invoking toplevel() on ptolemy.moml.MoMLSimpleApplication@1877ef22
----------------- Done invoking toplevel() on ptolemy.moml.MoMLSimpleApplication@1877ef22
reloadAllAccessors: .matrixType9

===========================================================================================
----------------- testing Sat Dec 21 06:24:47 UTC 2019 /home/travis/build/icyphy/ptII/ptolemy/actor/lib/test/auto/paraFunctest.xml
----------------- Instantiating /home/travis/build/icyphy/ptII/ptolemy/actor/lib/test/auto/paraFunctest.xml
2 ms. Memory: 283648K Free: 119307K (42%)
----------------- Invoking toplevel() on ptolemy.moml.MoMLSimpleApplication@3b123652
----------------- Done invoking toplevel() on ptolemy.moml.MoMLSimpleApplication@3b123652
reloadAllAccessors: .paraFunctest

===========================================================================================
----------------- testing Sat Dec 21 06:24:47 UTC 2019 /home/travis/build/icyphy/ptII/ptolemy/actor/lib/test/auto/paraFunctest2.xml
----------------- Instantiating /home/travis/build/icyphy/ptII/ptolemy/actor/lib/test/auto/paraFunctest2.xml
2 ms. Memory: 283648K Free: 114697K (40%)
----------------- Invoking toplevel() on ptolemy.moml.MoMLSimpleApplication@2e53f45
----------------- Done invoking toplevel() on ptolemy.moml.MoMLSimpleApplication@2e53f45
reloadAllAccessors: .paraFunctest2

===========================================================================================
----------------- testing Sat Dec 21 06:24:47 UTC 2019 /home/travis/build/icyphy/ptII/ptolemy/actor/lib/test/auto/parameterPassing.xml
----------------- Instantiating /home/travis/build/icyphy/ptII/ptolemy/actor/lib/test/auto/parameterPassing.xml
1 ms. Memory: 283648K Free: 110601K (39%)
----------------- Invoking toplevel() on ptolemy.moml.MoMLSimpleApplication@7ff2ca15
----------------- Done invoking toplevel() on ptolemy.moml.MoMLSimpleApplication@7ff2ca15
reloadAllAccessors: .parameterPassing

===========================================================================================
----------------- testing Sat Dec 21 06:24:47 UTC 2019 /home/travis/build/icyphy/ptII/ptolemy/actor/lib/test/auto/record.xml
----------------- Instantiating /home/travis/build/icyphy/ptII/ptolemy/actor/lib/test/auto/record.xml
3 ms. Memory: 283648K Free: 105995K (37%)
----------------- Invoking toplevel() on ptolemy.moml.MoMLSimpleApplication@2c1b3ca
----------------- Done invoking toplevel() on ptolemy.moml.MoMLSimpleApplication@2c1b3ca
reloadAllAccessors: .record

===========================================================================================
----------------- testing Sat Dec 21 06:24:47 UTC 2019 /home/travis/build/icyphy/ptII/ptolemy/actor/lib/test/auto/sizedarray1.xml
----------------- Instantiating /home/travis/build/icyphy/ptII/ptolemy/actor/lib/test/auto/sizedarray1.xml
2 ms. Memory: 283648K Free: 100361K (35%)
----------------- Invoking toplevel() on ptolemy.moml.MoMLSimpleApplication@4dda4836
----------------- Done invoking toplevel() on ptolemy.moml.MoMLSimpleApplication@4dda4836
reloadAllAccessors: .sizedarray1

===========================================================================================
----------------- testing Sat Dec 21 06:24:48 UTC 2019 /home/travis/build/icyphy/ptII/ptolemy/actor/lib/test/auto/sizedarray2.xml
----------------- Instantiating /home/travis/build/icyphy/ptII/ptolemy/actor/lib/test/auto/sizedarray2.xml
2 ms. Memory: 283648K Free: 95241K (34%)
----------------- Invoking toplevel() on ptolemy.moml.MoMLSimpleApplication@4cbdea40
----------------- Done invoking toplevel() on ptolemy.moml.MoMLSimpleApplication@4cbdea40
reloadAllAccessors: .sizedarray2

===========================================================================================
----------------- testing Sat Dec 21 06:24:48 UTC 2019 /home/travis/build/icyphy/ptII/ptolemy/actor/lib/test/auto/twoPublishers.xml
----------------- Instantiating /home/travis/build/icyphy/ptII/ptolemy/actor/lib/test/auto/twoPublishers.xml
6 ms. Memory: 283648K Free: 84987K (30%)
----------------- Invoking toplevel() on ptolemy.moml.MoMLSimpleApplication@14ea3880
----------------- Done invoking toplevel() on ptolemy.moml.MoMLSimpleApplication@14ea3880
reloadAllAccessors: .twoPublishers
AutoTests.java: About to close Vertx.
AutoTests.java: Vertx closed.
]]></system-out>
  <system-err><![CDATA[java.lang.RuntimeException: Execution failed
	at ptolemy.moml.MoMLSimpleApplication$UnloadThread.run(MoMLSimpleApplication.java:402)
Caused by: java.lang.RuntimeException: StringUtilities.exit() was called. Normally, we would exit here because Manager.exitAfterWrapup() was called.  However, because the ptolemy.ptII.exitAfterWrapup property is set, we throw this exception instead.
	at ptolemy.util.StringUtilities.exit(StringUtilities.java:365)
	at ptolemy.actor.Manager.wrapup(Manager.java:1549)
	at ptolemy.actor.Manager.execute(Manager.java:407)
	at ptolemy.actor.Manager.run(Manager.java:1263)
	at ptolemy.actor.Manager$PtolemyRunThread.run(Manager.java:1933)
Warning: '.top.test' is in training mode, set the trainingMode parameter to false before checking in
Warning: '.top.test' is in training mode, set the trainingMode parameter to false before checking in
Warning: '.top.test' is in training mode, set the trainingMode parameter to false before checking in
Warning: '.BooleanSwitch_RegressionTest_WrongTrainingValues.Test' is in training mode, set the trainingMode parameter to false before checking in
Warning: '.BooleanSwitch_RegressionTest_WrongTrainingValues.Test2' is in training mode, set the trainingMode parameter to false before checking in
Warning: '.BooleanSwitch_RegressionTest_WrongTrainingValues.Test2' The test produced 0 tokens.
Warning: '.top.testExceptionHandler' is in training mode, set the trainingMode parameter to false before checking in
java.lang.RuntimeException: Execution failed
	at ptolemy.moml.MoMLSimpleApplication$UnloadThread.run(MoMLSimpleApplication.java:402)
Caused by: ptolemy.kernel.util.IllegalActionException: PublisherPorts cannot be used at the top level, use a Publisher actor instead.
  in .PublisherPortToplevelSubscriber.PublisherPort
	at ptolemy.actor.PublisherPort.preinitialize(PublisherPort.java:403)
	at ptolemy.actor.CompositeActor.preinitialize(CompositeActor.java:1769)
	at ptolemy.actor.Manager.preinitializeAndResolveTypes(Manager.java:1040)
	at ptolemy.actor.Manager.initialize(Manager.java:710)
	at ptolemy.actor.Manager.execute(Manager.java:356)
	at ptolemy.actor.Manager.run(Manager.java:1263)
	at ptolemy.actor.Manager$PtolemyRunThread.run(Manager.java:1933)
java.lang.reflect.InvocationTargetException
	at java.base/jdk.internal.reflect.NativeConstructorAccessorImpl.newInstance0(Native Method)
	at java.base/jdk.internal.reflect.NativeConstructorAccessorImpl.newInstance(NativeConstructorAccessorImpl.java:62)
	at java.base/jdk.internal.reflect.DelegatingConstructorAccessorImpl.newInstance(DelegatingConstructorAccessorImpl.java:45)
	at java.base/java.lang.reflect.Constructor.newInstance(Constructor.java:490)
	at ptolemy.util.test.junit.AutoKnownFailedTests.RunModel(AutoKnownFailedTests.java:105)
	at java.base/jdk.internal.reflect.NativeMethodAccessorImpl.invoke0(Native Method)
	at java.base/jdk.internal.reflect.NativeMethodAccessorImpl.invoke(NativeMethodAccessorImpl.java:62)
	at java.base/jdk.internal.reflect.DelegatingMethodAccessorImpl.invoke(DelegatingMethodAccessorImpl.java:43)
	at java.base/java.lang.reflect.Method.invoke(Method.java:566)
	at org.junit.runners.model.FrameworkMethod$1.runReflectiveCall(FrameworkMethod.java:44)
	at org.junit.internal.runners.model.ReflectiveCallable.run(ReflectiveCallable.java:15)
	at org.junit.runners.model.FrameworkMethod.invokeExplosively(FrameworkMethod.java:41)
	at junitparams.internal.InvokeParameterisedMethod.evaluate(InvokeParameterisedMethod.java:102)
	at org.junit.internal.runners.statements.FailOnTimeout$1.run(FailOnTimeout.java:28)
Caused by: ptolemy.kernel.util.IllegalActionException: PublisherPorts cannot be used at the top level, use a Publisher actor instead.
  in .PublisherPortToplevelSubscriber.PublisherPort
	at ptolemy.actor.PublisherPort.preinitialize(PublisherPort.java:403)
	at ptolemy.actor.CompositeActor.preinitialize(CompositeActor.java:1769)
	at ptolemy.actor.Manager.preinitializeAndResolveTypes(Manager.java:1040)
	at ptolemy.actor.Manager.initialize(Manager.java:710)
	at ptolemy.actor.Manager.execute(Manager.java:356)
	at ptolemy.actor.Manager.run(Manager.java:1263)
	at ptolemy.actor.Manager$PtolemyRunThread.run(Manager.java:1933)
java.lang.RuntimeException: Execution failed
	at ptolemy.moml.MoMLSimpleApplication$UnloadThread.run(MoMLSimpleApplication.java:402)
Caused by: ptolemy.kernel.util.IllegalActionException: SubscriberPorts cannot be used at the top level, use a Subscriber actor instead.
  in .PublisherSubscriberPortToplevel.SubscriberPort
	at ptolemy.actor.SubscriberPort.preinitialize(SubscriberPort.java:328)
	at ptolemy.actor.CompositeActor.preinitialize(CompositeActor.java:1769)
	at ptolemy.actor.Manager.preinitializeAndResolveTypes(Manager.java:1040)
	at ptolemy.actor.Manager.initialize(Manager.java:710)
	at ptolemy.actor.Manager.execute(Manager.java:356)
	at ptolemy.actor.Manager.run(Manager.java:1263)
	at ptolemy.actor.Manager$PtolemyRunThread.run(Manager.java:1933)
java.lang.reflect.InvocationTargetException
	at java.base/jdk.internal.reflect.NativeConstructorAccessorImpl.newInstance0(Native Method)
	at java.base/jdk.internal.reflect.NativeConstructorAccessorImpl.newInstance(NativeConstructorAccessorImpl.java:62)
	at java.base/jdk.internal.reflect.DelegatingConstructorAccessorImpl.newInstance(DelegatingConstructorAccessorImpl.java:45)
	at java.base/java.lang.reflect.Constructor.newInstance(Constructor.java:490)
	at ptolemy.util.test.junit.AutoKnownFailedTests.RunModel(AutoKnownFailedTests.java:105)
	at java.base/jdk.internal.reflect.NativeMethodAccessorImpl.invoke0(Native Method)
	at java.base/jdk.internal.reflect.NativeMethodAccessorImpl.invoke(NativeMethodAccessorImpl.java:62)
	at java.base/jdk.internal.reflect.DelegatingMethodAccessorImpl.invoke(DelegatingMethodAccessorImpl.java:43)
	at java.base/java.lang.reflect.Method.invoke(Method.java:566)
	at org.junit.runners.model.FrameworkMethod$1.runReflectiveCall(FrameworkMethod.java:44)
	at org.junit.internal.runners.model.ReflectiveCallable.run(ReflectiveCallable.java:15)
	at org.junit.runners.model.FrameworkMethod.invokeExplosively(FrameworkMethod.java:41)
	at junitparams.internal.InvokeParameterisedMethod.evaluate(InvokeParameterisedMethod.java:102)
	at org.junit.internal.runners.statements.FailOnTimeout$1.run(FailOnTimeout.java:28)
Caused by: ptolemy.kernel.util.IllegalActionException: SubscriberPorts cannot be used at the top level, use a Subscriber actor instead.
  in .PublisherSubscriberPortToplevel.SubscriberPort
	at ptolemy.actor.SubscriberPort.preinitialize(SubscriberPort.java:328)
	at ptolemy.actor.CompositeActor.preinitialize(CompositeActor.java:1769)
	at ptolemy.actor.Manager.preinitializeAndResolveTypes(Manager.java:1040)
	at ptolemy.actor.Manager.initialize(Manager.java:710)
	at ptolemy.actor.Manager.execute(Manager.java:356)
	at ptolemy.actor.Manager.run(Manager.java:1263)
	at ptolemy.actor.Manager$PtolemyRunThread.run(Manager.java:1933)
java.lang.RuntimeException: Execution failed
	at ptolemy.moml.MoMLSimpleApplication$UnloadThread.run(MoMLSimpleApplication.java:402)
Caused by: ptolemy.kernel.util.IllegalActionException: SubscriptionAggregatorPorts cannot be used at the top level, use a SubscriptionAggregator actor instead.
  in .PublisherSubscriptionAggregatorPort.SubscriptionAggregatorPort
	at ptolemy.actor.SubscriptionAggregatorPort.preinitialize(SubscriptionAggregatorPort.java:353)
	at ptolemy.actor.CompositeActor.preinitialize(CompositeActor.java:1769)
	at ptolemy.actor.Manager.preinitializeAndResolveTypes(Manager.java:1040)
	at ptolemy.actor.Manager.initialize(Manager.java:710)
	at ptolemy.actor.Manager.execute(Manager.java:356)
	at ptolemy.actor.Manager.run(Manager.java:1263)
	at ptolemy.actor.Manager$PtolemyRunThread.run(Manager.java:1933)
java.lang.reflect.InvocationTargetException
	at java.base/jdk.internal.reflect.NativeConstructorAccessorImpl.newInstance0(Native Method)
	at java.base/jdk.internal.reflect.NativeConstructorAccessorImpl.newInstance(NativeConstructorAccessorImpl.java:62)
	at java.base/jdk.internal.reflect.DelegatingConstructorAccessorImpl.newInstance(DelegatingConstructorAccessorImpl.java:45)
	at java.base/java.lang.reflect.Constructor.newInstance(Constructor.java:490)
	at ptolemy.util.test.junit.AutoKnownFailedTests.RunModel(AutoKnownFailedTests.java:105)
	at java.base/jdk.internal.reflect.NativeMethodAccessorImpl.invoke0(Native Method)
	at java.base/jdk.internal.reflect.NativeMethodAccessorImpl.invoke(NativeMethodAccessorImpl.java:62)
	at java.base/jdk.internal.reflect.DelegatingMethodAccessorImpl.invoke(DelegatingMethodAccessorImpl.java:43)
	at java.base/java.lang.reflect.Method.invoke(Method.java:566)
	at org.junit.runners.model.FrameworkMethod$1.runReflectiveCall(FrameworkMethod.java:44)
	at org.junit.internal.runners.model.ReflectiveCallable.run(ReflectiveCallable.java:15)
	at org.junit.runners.model.FrameworkMethod.invokeExplosively(FrameworkMethod.java:41)
	at junitparams.internal.InvokeParameterisedMethod.evaluate(InvokeParameterisedMethod.java:102)
	at org.junit.internal.runners.statements.FailOnTimeout$1.run(FailOnTimeout.java:28)
Caused by: ptolemy.kernel.util.IllegalActionException: SubscriptionAggregatorPorts cannot be used at the top level, use a SubscriptionAggregator actor instead.
  in .PublisherSubscriptionAggregatorPort.SubscriptionAggregatorPort
	at ptolemy.actor.SubscriptionAggregatorPort.preinitialize(SubscriptionAggregatorPort.java:353)
	at ptolemy.actor.CompositeActor.preinitialize(CompositeActor.java:1769)
	at ptolemy.actor.Manager.preinitializeAndResolveTypes(Manager.java:1040)
	at ptolemy.actor.Manager.initialize(Manager.java:710)
	at ptolemy.actor.Manager.execute(Manager.java:356)
	at ptolemy.actor.Manager.run(Manager.java:1263)
	at ptolemy.actor.Manager$PtolemyRunThread.run(Manager.java:1933)
java.lang.RuntimeException: Execution failed
	at ptolemy.moml.MoMLSimpleApplication$UnloadThread.run(MoMLSimpleApplication.java:402)
Caused by: ptolemy.kernel.util.IllegalActionException: TypeTest actor has no training data.
  in .sizedarray3.TypeTest
	at ptolemy.actor.lib.TypeTest.initialize(TypeTest.java:250)
	at ptolemy.actor.Director.initialize(Director.java:938)
	at ptolemy.actor.Director.initialize(Director.java:907)
	at ptolemy.actor.sched.StaticSchedulingDirector.initialize(StaticSchedulingDirector.java:159)
	at ptolemy.domains.sdf.kernel.SDFDirector.initialize(SDFDirector.java:544)
	at ptolemy.actor.CompositeActor.initialize(CompositeActor.java:935)
	at ptolemy.actor.Manager.initialize(Manager.java:724)
	at ptolemy.actor.Manager.execute(Manager.java:356)
	at ptolemy.actor.Manager.run(Manager.java:1263)
	at ptolemy.actor.Manager$PtolemyRunThread.run(Manager.java:1933)
java.lang.reflect.InvocationTargetException
	at java.base/jdk.internal.reflect.NativeConstructorAccessorImpl.newInstance0(Native Method)
	at java.base/jdk.internal.reflect.NativeConstructorAccessorImpl.newInstance(NativeConstructorAccessorImpl.java:62)
	at java.base/jdk.internal.reflect.DelegatingConstructorAccessorImpl.newInstance(DelegatingConstructorAccessorImpl.java:45)
	at java.base/java.lang.reflect.Constructor.newInstance(Constructor.java:490)
	at ptolemy.util.test.junit.AutoKnownFailedTests.RunModel(AutoKnownFailedTests.java:105)
	at java.base/jdk.internal.reflect.NativeMethodAccessorImpl.invoke0(Native Method)
	at java.base/jdk.internal.reflect.NativeMethodAccessorImpl.invoke(NativeMethodAccessorImpl.java:62)
	at java.base/jdk.internal.reflect.DelegatingMethodAccessorImpl.invoke(DelegatingMethodAccessorImpl.java:43)
	at java.base/java.lang.reflect.Method.invoke(Method.java:566)
	at org.junit.runners.model.FrameworkMethod$1.runReflectiveCall(FrameworkMethod.java:44)
	at org.junit.internal.runners.model.ReflectiveCallable.run(ReflectiveCallable.java:15)
	at org.junit.runners.model.FrameworkMethod.invokeExplosively(FrameworkMethod.java:41)
	at junitparams.internal.InvokeParameterisedMethod.evaluate(InvokeParameterisedMethod.java:102)
	at org.junit.internal.runners.statements.FailOnTimeout$1.run(FailOnTimeout.java:28)
Caused by: ptolemy.kernel.util.IllegalActionException: TypeTest actor has no training data.
  in .sizedarray3.TypeTest
	at ptolemy.actor.lib.TypeTest.initialize(TypeTest.java:250)
	at ptolemy.actor.Director.initialize(Director.java:938)
	at ptolemy.actor.Director.initialize(Director.java:907)
	at ptolemy.actor.sched.StaticSchedulingDirector.initialize(StaticSchedulingDirector.java:159)
	at ptolemy.domains.sdf.kernel.SDFDirector.initialize(SDFDirector.java:544)
	at ptolemy.actor.CompositeActor.initialize(CompositeActor.java:935)
	at ptolemy.actor.Manager.initialize(Manager.java:724)
	at ptolemy.actor.Manager.execute(Manager.java:356)
	at ptolemy.actor.Manager.run(Manager.java:1263)
	at ptolemy.actor.Manager$PtolemyRunThread.run(Manager.java:1933)
]]></system-err>
</testsuite>
