<?xml version="1.0" encoding="UTF-8" ?>
<testsuite errors="0" failures="1" hostname="travis-job-f9cd4b1d-fa81-44e0-947c-55c8530ecdcc" name="ptolemy.actor.lib.test.junit.JUnitTclTest" skipped="0" tests="517" time="56.575" timestamp="2019-01-27T03:19:42">
  <properties>
    <property name="npm.executable" value="npm" />
    <property name="file.encoding.pkg" value="sun.io" />
    <property name="env.TRAVIS_ROOT" value="/" />
    <property name="ptII.mk.exists" value="true" />
    <property name="env.TRAVIS_APP_HOST" value="build.travis-ci.org" />
    <property name="env.rvm_bin_path" value="/home/travis/.rvm/bin" />
    <property name="java.home" value="/usr/lib/jvm/java-8-oracle/jre" />
    <property name="env.TRAVIS_JOB_NUMBER" value="972.8" />
    <property name="env.TRAVIS_HOME" value="/home/travis" />
    <property name="env.DISPLAY" value=":99.0" />
    <property name="java.net.preferIPv4Stack" value="true" />
    <property name="env.TRAVIS_INIT" value="upstart" />
    <property name="env.SSH_TTY" value="/dev/pts/0" />
    <property name="env.RUN_TESTS" value="false" />
    <property name="timeout.short" value="1000000" />
    <property name="env.TRAVIS_JOB_NAME" value="" />
    <property name="env.TRAVIS_STACK_NODE_ATTRIBUTES" value="/.node-attributes.yml" />
    <property name="junit.formatter" value="xml" />
    <property name="java.endorsed.dirs" value="/usr/lib/jvm/java-8-oracle/jre/lib/endorsed" />
    <property name="env.TRAVIS_SUDO" value="true" />
    <property name="env.LOGNAME" value="travis" />
    <property name="env.PT_TRAVIS_TEST_CORE1_XML" value="true" />
    <property name="jsdoc.home" value="node_modules/@terraswarm/jsdoc" />
    <property name="debuglevel" value="source,lines,vars" />
    <property name="checkstyle.formatter" value="xml" />
    <property name="bin.vergil.makeable" value="true" />
    <property name="env._system_version" value="14.04" />
    <property name="sun.os.patch.level" value="unknown" />
    <property name="java.vendor.url" value="http://java.oracle.com/" />
    <property name="env.TRAVIS_BUILD_WEB_URL" value="https://travis-ci.org/icyphy/ptII/builds/484918863" />
    <property name="java.version" value="1.8.0_151" />
    <property name="env.TZ" value="UTC" />
    <property name="env.PT_NO_NET" value="true" />
    <property name="env.TRAVIS_PULL_REQUEST_SHA" value="" />
    <property name="env.TRAVIS_SECURE_ENV_VARS" value="true" />
    <property name="env._system_type" value="Linux" />
    <property name="java.vendor.url.bug" value="http://bugreport.sun.com/bugreport/" />
    <property name="env.SSH_CLIENT" value="10.10.4.77 37330 22" />
    <property name="npmjs-org-is-up" value="true" />
    <property name="env.GEM_HOME" value="/home/travis/.rvm/gems/ruby-2.4.1" />
    <property name="env.HAS_ANTARES_THREE_LITTLE_FRONZIES_BADGE" value="true" />
    <property name="env.PS4" value="+" />
    <property name="ant.project.invoked-targets" value="build,test.core1.xml" />
    <property name="env.TRAVIS_PULL_REQUEST_BRANCH" value="" />
    <property name="env.TRAVIS_REPO_SLUG" value="icyphy/ptII" />
    <property name="env.TRAVIS_APT_PROXY" value="http://build-cache.travisci.net" />
    <property name="node.in.path" value="true" />
    <property name="java.maxmemory" value="1400m" />
    <property name="env.RUBY_VERSION" value="ruby-2.4.1" />
    <property name="user.name" value="travis" />
    <property name="env.LANG" value="en_US.UTF-8" />
    <property name="sun.io.unicode.encoding" value="UnicodeLittle" />
    <property name="sun.jnu.encoding" value="UTF-8" />
    <property name="java.runtime.name" value="Java(TM) SE Runtime Environment" />
    <property name="usefile" value="false" />
    <property name="return.code" value="0" />
    <property name="junit.single.formatter" value="plain" />
    <property name="env.DYLD_LIBRARY_PATH" value="/home/travis/pthla/certi-tools/lib:" />
    <property name="env.DEBIAN_FRONTEND" value="noninteractive" />
    <property name="env.SSH_CONNECTION" value="10.10.4.77 37330 10.20.1.219 22" />
    <property name="env.MYSQL_UNIX_PORT" value="/var/run/mysqld/mysqld.sock" />
    <property name="env.TRAVIS_ALLOW_FAILURE" value="false" />
    <property name="env.LC_ALL" value="en_US.UTF-8" />
    <property name="env.TRAVIS_JOB_WEB_URL" value="https://travis-ci.org/icyphy/ptII/jobs/484918871" />
    <property name="java.specification.name" value="Java Platform API Specification" />
    <property name="node.works" value="true" />
    <property name="user.timezone" value="" />
    <property name="path.separator" value=":" />
    <property name="env.TRAVIS_ENABLE_INFRA_DETECTION" value="true" />
    <property name="env.PYTHON_CFLAGS" value="-g -fstack-protector --param=ssp-buffer-size=4 -Wformat -Werror=format-security" />
    <property name="timeout.long" value="4000000" />
    <property name="env.CERTI_HOME" value="/home/travis/pthla/certi-tools" />
    <property name="file.encoding" value="UTF-8" />
    <property name="ant.file.ptII" value="/home/travis/build/icyphy/ptII/build.xml" />
    <property name="javadoc.packagenames" value="com.*,diva.*,lbnl.*,org.hlacerti.*,org.json.*,org.ptolemy.*,org.terraswarm.*,ptolemy.*,ptserver.*" />
    <property name="env.TRAVIS_PULL_REQUEST_SLUG" value="" />
    <property name="ant.project.default-target" value="build" />
    <property name="env.GIT_ASKPASS" value="echo" />
    <property name="env.HOME" value="/home/travis" />
    <property name="sun.java.command" value="org.apache.tools.ant.taskdefs.optional.junit.JUnitTestRunner ptolemy.actor.lib.test.junit.JUnitTclTest skipNonTests=false filtertrace=true haltOnError=false haltOnFailure=false formatter=org.apache.tools.ant.taskdefs.optional.junit.OutErrSummaryJUnitResultFormatter showoutput=true outputtoformatters=true logfailedtests=true threadid=0 logtestlistenerevents=false formatter=org.apache.tools.ant.taskdefs.optional.junit.XMLJUnitResultFormatter,/home/travis/build/icyphy/ptII/reports/junit/TEST-ptolemy.actor.lib.test.junit.JUnitTclTest.xml crashfile=/home/travis/build/icyphy/ptII/junitvmwatcher7582735898801069800.properties propsfile=/home/travis/build/icyphy/ptII/junit4344266923990855876.properties" />
    <property name="env.MANPATH" value="/home/travis/.nvm/versions/node/v7.10.1/share/man:/home/travis/.kiex/elixirs/elixir-1.4.5/man:/home/travis/.rvm/rubies/ruby-2.4.1/share/man:/usr/local/man:/usr/local/cmake-3.9.2/man:/usr/local/clang-5.0.0/share/man:/usr/local/share/man:/usr/share/man:/home/travis/.rvm/man" />
    <property name="env.COMPOSER_NO_INTERACTION" value="1" />
    <property name="env.JDK_SWITCHER_DEFAULT" value="oraclejdk8" />
    <property name="env.TRAVIS_TIMER_ID" value="08f1149d" />
    <property name="ant.file" value="/home/travis/build/icyphy/ptII/build.xml" />
    <property name="env.TRAVIS_COMMIT_RANGE" value="ba239b2ad9f946411c67987a8ba25ef4df75e53d...264bb9462771105fc8444c5b02eb6da2e880a9e5" />
    <property name="env._system_name" value="Ubuntu" />
    <property name="timeout" value="2400000" />
    <property name="ptII.classpath.optional.property" value="/home/travis/build/icyphy/ptII/lib/bsh-2.0b4.jar:/home/travis/build/icyphy/ptII/lib/ptCal.jar:/home/travis/build/icyphy/ptII/lib/java_cup.jar:/home/travis/build/icyphy/ptII/lib/saxon8.jar:/home/travis/build/icyphy/ptII/lib/saxon8-dom.jar:/home/travis/build/icyphy/ptII/lib/chic.jar:/home/travis/build/icyphy/ptII/lib/ptcolt.jar:/usr/lib/jvm/java-8-oracle/lib/tools.jar:/home/travis/build/icyphy/ptII/vendors/misc/itext/iText.jar:/home/travis/build/icyphy/ptII/lib/g4ltl.jar:/home/travis/build/icyphy/ptII/lib/StructuralCoder.jar:/home/travis/build/icyphy/ptII/vendors/jai-1_1_2_01/lib/jai_core.jar:/home/travis/build/icyphy/ptII/vendors/jai-1_1_2_01/lib/jai_codec.jar:/home/travis/build/icyphy/ptII/lib/jcerti.jar:/home/travis/build/icyphy/ptII/lib/javax.mail.jar:/home/travis/build/icyphy/ptII/vendors/JMF-2.1.1e/lib/jmf.jar:/home/travis/build/icyphy/ptII/lib/jna-4.0.0-variadic.jar:/home/travis/build/icyphy/ptII/vendors/misc/joystick/Joystick.jar:/home/travis/build/icyphy/ptII/lib/ptjacl.jar:/home/travis/build/icyphy/ptII/lib/jsoup-1.8.2.jar:/home/travis/build/icyphy/ptII/lib/junit-4.8.2.jar:/home/travis/build/icyphy/ptII/lib/JUnitParams-0.4.0.jar:/home/travis/build/icyphy/ptII/ptolemy/actor/lib/excel/jxl.jar:/home/travis/build/icyphy/ptII/lib/jython.jar:/home/travis/build/icyphy/ptII/lib/kieler.jar:/home/travis/build/icyphy/ptII/vendors/opencv/share/OpenCV/java/opencv-341.jar:/home/travis/build/icyphy/ptII/lib/oscP5.jar:/home/travis/build/icyphy/ptII/lib/nrjavaserial-3.11.0.devel.jar:/home/travis/build/icyphy/ptII/vendors/j3d/lib/j3dcore.jar:/home/travis/build/icyphy/ptII/vendors/j3d/lib/j3dutils.jar:/home/travis/build/icyphy/ptII/vendors/j3d/lib/vecmath.jar:/home/travis/build/icyphy/ptII/ptolemy/distributed/jini/jar/jini-core.jar:/home/travis/build/icyphy/ptII/ptolemy/distributed/jini/jar/jini-ext.jar:/home/travis/build/icyphy/ptII/ptolemy/distributed/jini/jar/sun-util.jar:/home/travis/build/icyphy/ptII/lib/protobuf-java-2.4.1.jar:/home/travis/build/icyphy/ptII/lib/org.eclipse.paho.client.mqttv3.jar:/home/travis/build/icyphy/ptII/lib/mapss.jar:/home/travis/build/icyphy/ptII/ptolemy/actor/ptalon/antlr/antlr.jar:/home/travis/build/icyphy/ptII/lib/JRI.jar:/home/travis/build/icyphy/ptII/lib/commons-lang-2.6.jar:/home/travis/build/icyphy/ptII/lib/commons-logging-1.1.1.jar:/home/travis/build/icyphy/ptII/lib/sootclasses.jar:/home/travis/build/icyphy/ptII/ptolemy/actor/lib/database/mysql-connector-java-5.1.6-bin.jar:/home/travis/build/icyphy/ptII/vendors/misc/sphinx4/sphinx4-data-5prealpha.jar:/home/travis/build/icyphy/ptII/vendors/misc/sphinx4/sphinx4-core-5prealpha.jar:/home/travis/build/icyphy/ptII/lib/PDFRenderer.jar:/home/travis/build/icyphy/ptII/lib/svgSalamander.jar:/home/travis/build/icyphy/ptII/lib/rsyntaxtextarea-2.6.0-SNAPSHOT.jar:/home/travis/build/icyphy/ptII/lib/hazelcast-3.8.2.jar:/home/travis/build/icyphy/ptII/lib/jackson-annotations-2.9.0.jar:/home/travis/build/icyphy/ptII/lib/jackson-core-2.9.3.jar:/home/travis/build/icyphy/ptII/lib/jackson-databind-2.9.3.jar:/home/travis/build/icyphy/ptII/lib/netty-buffer-4.1.19.Final.jar:/home/travis/build/icyphy/ptII/lib/netty-codec-4.1.19.Final.jar:/home/travis/build/icyphy/ptII/lib/netty-codec-dns-4.1.19.Final.jar:/home/travis/build/icyphy/ptII/lib/netty-codec-http-4.1.19.Final.jar:/home/travis/build/icyphy/ptII/lib/netty-codec-http2-4.1.19.Final.jar:/home/travis/build/icyphy/ptII/lib/netty-common-4.1.19.Final.jar:/home/travis/build/icyphy/ptII/lib/netty-handler-4.1.19.Final.jar:/home/travis/build/icyphy/ptII/lib/netty-resolver-4.1.19.Final.jar:/home/travis/build/icyphy/ptII/lib/netty-resolver-dns-4.1.19.Final.jar:/home/travis/build/icyphy/ptII/lib/netty-transport-4.1.19.Final.jar:/home/travis/build/icyphy/ptII/lib/vertx-codegen-3.5.1.jar:/home/travis/build/icyphy/ptII/lib/vertx-core-3.5.2-SNAPSHOT.jar:/home/travis/build/icyphy/ptII/lib/vertx-hazelcast-3.5.1.jar:/home/travis/build/icyphy/ptII/lib/vertx-lang-js-3.5.1.jar:/home/travis/build/icyphy/ptII/lib/vertx-service-proxy-3.5.1.jar:/home/travis/build/icyphy/ptII/lib/vertx-web-3.5.1.jar:/home/travis/build/icyphy/ptII/lib/slf4j-api-1.7.13.jar:/home/travis/build/icyphy/ptII/lib/slf4j-simple-1.7.13.jar:/home/travis/build/icyphy/ptII/lib/webcam-capture-0.3.12.jar:/home/travis/build/icyphy/ptII/lib/bridj-0.7.0.jar:/home/travis/build/icyphy/ptII/lib/xbjlib-1.1.0.nrjavaserial.jar" />
    <property name="test.batch" value="**/junit/*.java" />
    <property name="env._" value="/usr/bin/timeout" />
    <property name="java.io.tmpdir" value="/tmp" />
    <property name="env.TRAVIS_INTERNAL_RUBY_REGEX" value="^ruby-(2\.[0-4]\.[0-9]|1\.9\.3)" />
    <property name="user.language" value="en" />
    <property name="env.HISTCONTROL" value="ignoredups:ignorespace" />
    <property name="env.GOROOT" value="/home/travis/.gimme/versions/go1.7.4.linux.amd64" />
    <property name="line.separator" value="&#xa;" />
    <property name="target" value="1.8" />
    <property name="env.TRAVIS_BUILD_DIR" value="/home/travis/build/icyphy/ptII" />
    <property name="env.ANT_OPTS" value="-Xmx2048m" />
    <property name="ant.file.type" value="file" />
    <property name="ptolemy.ptII.batchMode" value="true" />
    <property name="env.HISTSIZE" value="1000" />
    <property name="env.MERB_ENV" value="test" />
    <property name="java.vm.info" value="mixed mode" />
    <property name="source" value="1.8" />
    <property name="java.vm.specification.name" value="Java Virtual Machine Specification" />
    <property name="env.TRAVIS_TEST_RESULT" value="0" />
    <property name="jsdoc.command" value="node_modules/@terraswarm/jsdoc/jsdoc.js" />
    <property name="npm.works" value="true" />
    <property name="cobertura.dir" value="/home/travis/build/icyphy/ptII/vendors/cobertura-2.0.3" />
    <property name="env.rvm_path" value="/home/travis/.rvm" />
    <property name="env.GEM_PATH" value="/home/travis/.rvm/gems/ruby-2.4.1:/home/travis/.rvm/gems/ruby-2.4.1@global" />
    <property name="env.LC_CTYPE" value="en_US.UTF-8" />
    <property name="java.awt.printerjob" value="sun.print.PSPrinterJob" />
    <property name="env.TRAVIS_CMD" value="$PTII/bin/ptIITravisBuild.sh $SECONDS" />
    <property name="env.TRAVIS_STACK_NAME" value="garnet" />
    <property name="env.TRAVIS_TIMER_START_TIME" value="1548558838242681531" />
    <property name="ant.version" value="Apache Ant(TM) version 1.10.1 compiled on February 2 2017" />
    <property name="ptII.reports" value="/home/travis/build/icyphy/ptII/reports" />
    <property name="env.TRAVIS_STACK_TIMESTAMP" value="2017-12-05 19:33:09 UTC" />
    <property name="ant.file.type.ptII" value="file" />
    <property name="env.RBENV_SHELL" value="bash" />
    <property name="os.name" value="Linux" />
    <property name="java.specification.vendor" value="Oracle Corporation" />
    <property name="env.rvm_version" value="1.29.3 (latest)" />
    <property name="env.TRAVIS_INFRA" value="gce" />
    <property name="env.TERM" value="xterm" />
    <property name="java.vm.name" value="Java HotSpot(TM) 64-Bit Server VM" />
    <property name="env.TRAVIS_BUILD_NUMBER" value="972" />
    <property name="env.CI" value="true" />
    <property name="java.library.path" value="/home/travis/pthla/certi-tools/lib:/usr/lib/jni:/usr/local/share/OpenCV/java/:/usr/share/OpenCV/java::/usr/java/packages/lib/amd64:/usr/lib64:/lib64:/lib:/usr/lib" />
    <property name="env.rvm_prefix" value="/home/travis" />
    <property name="env.PATH" value="/home/travis/pthla/certi-tools/share/scripts:/home/travis/.rvm/gems/ruby-2.4.1/bin:/home/travis/.rvm/gems/ruby-2.4.1@global/bin:/home/travis/.rvm/rubies/ruby-2.4.1/bin:/home/travis/.rvm/bin:/home/travis/.nvm/versions/node/v7.10.1/bin:./node_modules/.bin:/home/travis/build/icyphy/ptII/bin:/home/travis/pthla/certi-tools/bin:/home/travis/bin:/home/travis/.local/bin:/opt/pyenv/shims:/home/travis/.phpenv/shims:/home/travis/perl5/perlbrew/bin:/home/travis/.kiex/elixirs/elixir-1.4.5/bin:/home/travis/.kiex/bin:/home/travis/gopath/bin:/home/travis/.gimme/versions/go1.7.4.linux.amd64/bin:/usr/local/phantomjs/bin:/usr/local/phantomjs:/usr/local/neo4j-3.2.7/bin:/usr/local/maven-3.5.2/bin:/usr/local/cmake-3.9.2/bin:/usr/local/clang-5.0.0/bin:/usr/local/sbin:/usr/local/bin:/usr/sbin:/usr/bin:/sbin:/bin:/home/travis/.phpenv/bin:/opt/pyenv/bin:/home/travis/.yarn/bin" />
    <property name="env.TRAVIS_OS_NAME" value="linux" />
    <property name="ant.java.version" value="1.8" />
    <property name="basedir" value="/home/travis/build/icyphy/ptII" />
    <property name="java.class.version" value="52.0" />
    <property name="env.SHLVL" value="3" />
    <property name="env.LD_LIBRARY_PATH" value="/home/travis/pthla/certi-tools/lib:/usr/lib/jni:/usr/local/share/OpenCV/java/:/usr/share/OpenCV/java:" />
    <property name="env.RACK_ENV" value="test" />
    <property name="ant.home" value="/home/travis/build/icyphy/ptII/ant" />
    <property name="env.PERLBREW_BASHRC_VERSION" value="0.80" />
    <property name="env.NVM_DIR" value="/home/travis/.nvm" />
    <property name="env.TRAVIS_BUILD_ID" value="484918863" />
    <property name="env.CERTI_FOM_PATH" value="/home/travis/pthla/certi-tools/share/federations" />
    <property name="env.PYENV_ROOT" value="/opt/pyenv" />
    <property name="env.TRAVIS_UID" value="2000" />
    <property name="env.rvm_pretty_print_flag" value="auto" />
    <property name="env.NVM_BIN" value="/home/travis/.nvm/versions/node/v7.10.1/bin" />
    <property name="env.TRAVIS_COMMIT" value="264bb9462771105fc8444c5b02eb6da2e880a9e5" />
    <property name="env._system_arch" value="x86_64" />
    <property name="node.executable" value="node" />
    <property name="sun.boot.library.path" value="/usr/lib/jvm/java-8-oracle/jre/lib/amd64" />
    <property name="sun.management.compiler" value="HotSpot 64-Bit Tiered Compilers" />
    <property name="env.GOPATH" value="/home/travis/gopath" />
    <property name="java.awt.graphicsenv" value="sun.awt.X11GraphicsEnvironment" />
    <property name="ptolemy.ptII.dir" value="/home/travis/build/icyphy/ptII" />
    <property name="env.USER" value="travis" />
    <property name="env.HISTFILESIZE" value="2000" />
    <property name="timeout.longest" value="19000000" />
    <property name="env.TRAVIS_STACK_FEATURES" value="basic cassandra chromium couchdb disabled-ipv6 docker docker-compose elasticsearch firefox go-toolchain google-chrome jdk memcached mongodb mysql neo4j nodejs_interpreter perl_interpreter perlbrew phantomjs postgresql python_interpreter rabbitmq redis riak ruby_interpreter sqlite xserver" />
    <property name="env.TRAVIS_PULL_REQUEST" value="false" />
    <property name="env.PYENV_SHELL" value="bash" />
    <property name="ant.project.name" value="ptII" />
    <property name="java.vm.specification.version" value="1.8" />
    <property name="env.ANSI_RESET" value="\033[0m" />
    <property name="env.TRAVIS_DIST" value="trusty" />
    <property name="env.CERTI_VERSION" value="4.0.0" />
    <property name="env.NLSPATH" value="/usr/dt/lib/nls/msg/%L/%N.cat" />
    <property name="awt.toolkit" value="sun.awt.X11.XToolkit" />
    <property name="env.CERTI_HOST" value="localhost" />
    <property name="env.MY_RUBY_HOME" value="/home/travis/.rvm/rubies/ruby-2.4.1" />
    <property name="sun.cpu.isalist" value="" />
    <property name="env.TRAVIS_TMPDIR" value="/tmp/tmp.udStNyLbXQ" />
    <property name="java.ext.dirs" value="/usr/lib/jvm/java-8-oracle/jre/lib/ext:/usr/java/packages/lib/ext" />
    <property name="os.version" value="4.4.0-101-generic" />
    <property name="user.home" value="/home/travis" />
    <property name="env.MIX_ARCHIVES" value="/home/travis/.kiex/mix/elixir-1.4.5" />
    <property name="java.vm.vendor" value="Oracle Corporation" />
    <property name="env.TRAVIS_TAG" value="nightly" />
    <property name="env.ANSI_YELLOW" value="\033[33;1m" />
    <property name="env.TRAVIS_FILTERED" value="redirect_io" />
    <property name="env.ANSI_GREEN" value="\033[32;1m" />
    <property name="env.JAVA_HOME" value="/usr/lib/jvm/java-8-oracle" />
    <property name="env.PTII" value="/home/travis/build/icyphy/ptII" />
    <property name="javadoc.excludepackagenames" value="adm.cvs2svn.*,build.*,config.*,doc.coding.templates.*,jni.test.jni.meaningOfLife.*,jni.test.jni.testDeux.*,jni.test.jni.testTrois.*,org.terraswarm.accessor.accessors.web.node_modules.*,org.terraswarm.accessor.accessors.web.hosts.cordova.demo.*,org.terraswarm.accessor.accessors.web.hosts.cordova.plugins.*,org.terraswarm.accessor.accessors-svn.*,pt-modules.*,ptolemy.apps.agilent.*,ptolemy.apps.anytimecontrol.*,ptolemy.apps.apes.*,ptolemy.apps.charon.*,ptolemy.apps.crazyboard.*,ptolemy.apps.eclipse.*,ptolemy.apps.etherealSting.*,ptolemy.apps.fullscreen.*,ptolemy.apps.giotto.*,ptolemy.apps.ia.*,ptolemy.apps.interfaces.*,ptolemy.apps.jmf.*,ptolemy.apps.kurt.*,ptolemy.apps.kvm.*,ptolemy.apps.lego.*,ptolemy.apps.lejos.*,ptolemy.apps.midp.*,ptolemy.apps.mobileCoding.*,ptolemy.apps.pendulum.*,ptolemy.apps.rijndael.*,ptolemy.apps.robot.*,ptolemy.apps.security.*,ptolemy.apps.sobel.*,ptolemy.apps.soot.*,ptolemy.apps.throttle.*,ptolemy.apps.tini.*,ptolemy.apps.transmission.*,ptolemy.apps.vergil.*,ptolemy.apps.waba.*,ptolemy.apps.websensor.*,ptolemy.apps.webstart.*,ptolemy.apps.xsl.*,ptolemy.apps.zaurus.*,ptolemy.codegen.c.actor.lib.oldJavaFiles.*,ptolemy.codegen.dsp.lib.*,ptolemy.codegen.kernel.newInterfaces.*,ptolemy.codegen.lib.*,ptolemy.copernicus.kernel.fragment.*,ptolemy.copernicus.shallow.cg.*,ptolemy.domains.giotto.demo.Hierarchy.Hierarchy.*,ptolemy.domains.giotto.demo.Multimode.Multimode.*,ptolemy.domains.giotto.demo.Simple.Simple.*,ptolemy.domains.gr.lib.experimental.*,ptolemy.domains.gro.*,ptolemy.domains.pdf.*,ptolemy.domains.ptinyos.demo.Surge.output.*,ptolemy.moml.test.NoPackageActor.java*,ptolemy.plot.adm.*,ptolemy.plot.servlet.*,reports.*,signed.*,src.*,target.*,vendors.*,ptolemy.apps.eclipse.awt.*,ptolemy.backtrack.*,ptolemy.backtrack.ast.*,ptdb.kernel.database.*,ptolemy.cg.adapter.generic.program.procedural.c.mbed*,ptolemy.homer.*,org.ptolemy.scala.*,diva.util.java2d.svg.*,ptolemy.domains.ptinyos.*,ptolemy.actor.lib.fmi.fmipp.*,,org.terraswarm.accessor.accessors.web.node_modules.*,org.terraswarm.accessor.accessors-svn,ptolemy.apps.*,ptolemy.actor.ptalon.demo.ptinyos.SendAndReceiveCnt.output,ptolemy.actor.ptalon.demo.ptinyos.SenseToLeds.output,ptolemy.domains.ptinyos.demo.CntToLedsAndRfm.output,ptolemy.domains.ptinyos.demo.RfmToLeds.output,ptolemy.domains.ptinyos.demo.SendAndReceiveCnt.output,ptolemy.domains.ptinyos.demo.SenseToLeds.output,ptolemy.actor.lib.jjs.modules.udpSocket.*" />
    <property name="env.TRAVIS_COMMIT_MESSAGE" value="Cleaning." />
    <property name="keystore" value="ptKeystore" />
    <property name="env.XDG_SESSION_ID" value="2" />
    <property name="junit.output.dir" value="/home/travis/build/icyphy/ptII/reports/junit" />
    <property name="npm.return.code" value="0" />
    <property name="user.dir" value="/home/travis/build/icyphy/ptII/ptolemy/actor/lib/test" />
    <property name="env.TRAVIS_NODE_VERSION" value="7" />
    <property name="env.XFILESEARCHPATH" value="/usr/dt/app-defaults/%L/Dt" />
    <property name="env.TRAVIS_EVENT_TYPE" value="cron" />
    <property name="env.MAIL" value="/var/mail/travis" />
    <property name="env.PWD" value="/home/travis/build/icyphy/ptII" />
    <property name="env.PERLBREW_ROOT" value="/home/travis/perl5/perlbrew" />
    <property name="timeout.npm" value="45000" />
    <property name="env.TRAVIS_ARCH" value="amd64" />
    <property name="env.PAGER" value="cat" />
    <property name="sun.cpu.endian" value="little" />
    <property name="env.TRAVIS_BUILD_STAGE_NAME" value="Test" />
    <property name="env.PERLBREW_HOME" value="/home/travis/.perlbrew" />
    <property name="env.RAILS_ENV" value="test" />
    <property name="java.vm.version" value="25.151-b12" />
    <property name="java.class.path" value="/home/travis/.ptolemyII:/home/travis/.ptolemyII/*:/home/travis/build/icyphy/ptII:/home/travis/build/icyphy/ptII/lib/bsh-2.0b4.jar:/home/travis/build/icyphy/ptII/lib/ptCal.jar:/home/travis/build/icyphy/ptII/lib/java_cup.jar:/home/travis/build/icyphy/ptII/lib/saxon8.jar:/home/travis/build/icyphy/ptII/lib/saxon8-dom.jar:/home/travis/build/icyphy/ptII/lib/chic.jar:/home/travis/build/icyphy/ptII/lib/ptcolt.jar:/usr/lib/jvm/java-8-oracle/lib/tools.jar:/home/travis/build/icyphy/ptII/vendors/misc/itext/iText.jar:/home/travis/build/icyphy/ptII/lib/g4ltl.jar:/home/travis/build/icyphy/ptII/lib/StructuralCoder.jar:/home/travis/build/icyphy/ptII/vendors/jai-1_1_2_01/lib/jai_core.jar:/home/travis/build/icyphy/ptII/vendors/jai-1_1_2_01/lib/jai_codec.jar:/home/travis/build/icyphy/ptII/lib/jcerti.jar:/home/travis/build/icyphy/ptII/lib/javax.mail.jar:/home/travis/build/icyphy/ptII/vendors/JMF-2.1.1e/lib/jmf.jar:/home/travis/build/icyphy/ptII/lib/jna-4.0.0-variadic.jar:/home/travis/build/icyphy/ptII/vendors/misc/joystick/Joystick.jar:/home/travis/build/icyphy/ptII/lib/ptjacl.jar:/home/travis/build/icyphy/ptII/lib/jsoup-1.8.2.jar:/home/travis/build/icyphy/ptII/lib/junit-4.8.2.jar:/home/travis/build/icyphy/ptII/lib/JUnitParams-0.4.0.jar:/home/travis/build/icyphy/ptII/ptolemy/actor/lib/excel/jxl.jar:/home/travis/build/icyphy/ptII/lib/jython.jar:/home/travis/build/icyphy/ptII/lib/kieler.jar:/home/travis/build/icyphy/ptII/vendors/opencv/share/OpenCV/java/opencv-341.jar:/home/travis/build/icyphy/ptII/lib/oscP5.jar:/home/travis/build/icyphy/ptII/lib/nrjavaserial-3.11.0.devel.jar:/home/travis/build/icyphy/ptII/vendors/j3d/lib/j3dcore.jar:/home/travis/build/icyphy/ptII/vendors/j3d/lib/j3dutils.jar:/home/travis/build/icyphy/ptII/vendors/j3d/lib/vecmath.jar:/home/travis/build/icyphy/ptII/ptolemy/distributed/jini/jar/jini-core.jar:/home/travis/build/icyphy/ptII/ptolemy/distributed/jini/jar/jini-ext.jar:/home/travis/build/icyphy/ptII/ptolemy/distributed/jini/jar/sun-util.jar:/home/travis/build/icyphy/ptII/lib/protobuf-java-2.4.1.jar:/home/travis/build/icyphy/ptII/lib/org.eclipse.paho.client.mqttv3.jar:/home/travis/build/icyphy/ptII/lib/mapss.jar:/home/travis/build/icyphy/ptII/ptolemy/actor/ptalon/antlr/antlr.jar:/home/travis/build/icyphy/ptII/lib/JRI.jar:/home/travis/build/icyphy/ptII/lib/commons-lang-2.6.jar:/home/travis/build/icyphy/ptII/lib/commons-logging-1.1.1.jar:/home/travis/build/icyphy/ptII/lib/sootclasses.jar:/home/travis/build/icyphy/ptII/ptolemy/actor/lib/database/mysql-connector-java-5.1.6-bin.jar:/home/travis/build/icyphy/ptII/vendors/misc/sphinx4/sphinx4-data-5prealpha.jar:/home/travis/build/icyphy/ptII/vendors/misc/sphinx4/sphinx4-core-5prealpha.jar:/home/travis/build/icyphy/ptII/lib/PDFRenderer.jar:/home/travis/build/icyphy/ptII/lib/svgSalamander.jar:/home/travis/build/icyphy/ptII/lib/rsyntaxtextarea-2.6.0-SNAPSHOT.jar:/home/travis/build/icyphy/ptII/lib/hazelcast-3.8.2.jar:/home/travis/build/icyphy/ptII/lib/jackson-annotations-2.9.0.jar:/home/travis/build/icyphy/ptII/lib/jackson-core-2.9.3.jar:/home/travis/build/icyphy/ptII/lib/jackson-databind-2.9.3.jar:/home/travis/build/icyphy/ptII/lib/netty-buffer-4.1.19.Final.jar:/home/travis/build/icyphy/ptII/lib/netty-codec-4.1.19.Final.jar:/home/travis/build/icyphy/ptII/lib/netty-codec-dns-4.1.19.Final.jar:/home/travis/build/icyphy/ptII/lib/netty-codec-http-4.1.19.Final.jar:/home/travis/build/icyphy/ptII/lib/netty-codec-http2-4.1.19.Final.jar:/home/travis/build/icyphy/ptII/lib/netty-common-4.1.19.Final.jar:/home/travis/build/icyphy/ptII/lib/netty-handler-4.1.19.Final.jar:/home/travis/build/icyphy/ptII/lib/netty-resolver-4.1.19.Final.jar:/home/travis/build/icyphy/ptII/lib/netty-resolver-dns-4.1.19.Final.jar:/home/travis/build/icyphy/ptII/lib/netty-transport-4.1.19.Final.jar:/home/travis/build/icyphy/ptII/lib/vertx-codegen-3.5.1.jar:/home/travis/build/icyphy/ptII/lib/vertx-core-3.5.2-SNAPSHOT.jar:/home/travis/build/icyphy/ptII/lib/vertx-hazelcast-3.5.1.jar:/home/travis/build/icyphy/ptII/lib/vertx-lang-js-3.5.1.jar:/home/travis/build/icyphy/ptII/lib/vertx-service-proxy-3.5.1.jar:/home/travis/build/icyphy/ptII/lib/vertx-web-3.5.1.jar:/home/travis/build/icyphy/ptII/lib/slf4j-api-1.7.13.jar:/home/travis/build/icyphy/ptII/lib/slf4j-simple-1.7.13.jar:/home/travis/build/icyphy/ptII/lib/webcam-capture-0.3.12.jar:/home/travis/build/icyphy/ptII/lib/bridj-0.7.0.jar:/home/travis/build/icyphy/ptII/lib/xbjlib-1.1.0.nrjavaserial.jar:/home/travis/build/icyphy/ptII/ptolemy/moml/test:/home/travis/build/icyphy/ptII/ant/lib/ant-launcher.jar:/home/travis/build/icyphy/ptII/ant/lib/ant.jar:/home/travis/build/icyphy/ptII/ant/lib/ant-junit.jar:/home/travis/build/icyphy/ptII/ant/lib/ant-junit4.jar" />
    <property name="ant.library.dir" value="/home/travis/build/icyphy/ptII/ant/lib" />
    <property name="os.arch" value="amd64" />
    <property name="env.TRAVIS_LANGUAGE" value="node_js" />
    <property name="env.CONTINUOUS_INTEGRATION" value="true" />
    <property name="env.TRAVIS_STACK_LANGUAGES" value="__garnet__ c c++ clojure cplusplus cpp default go groovy java node_js php pure_java python ruby scala" />
    <property name="test.name" value="ptolemy.actor.lib.test.junit.JUnitTclTest" />
    <property name="sun.java.launcher" value="SUN_STANDARD" />
    <property name="env.PYTHON_CONFIGURE_OPTS" value="--enable-unicode=ucs4 --with-wide-unicode --enable-shared --enable-ipv6 --enable-loadable-sqlite-extensions --with-computed-gotos" />
    <property name="ant.core.lib" value="/home/travis/build/icyphy/ptII/ant/lib/ant.jar" />
    <property name="java.vm.specification.vendor" value="Oracle Corporation" />
    <property name="env.BCVTB_HOME" value="/home/travis/build/icyphy/ptII/lbnl" />
    <property name="file.separator" value="/" />
    <property name="spotbugs.home" value="/home/travis/build/icyphy/ptII/vendors/spotbugs-3.1.1" />
    <property name="java.runtime.version" value="1.8.0_151-b12" />
    <property name="sun.boot.class.path" value="/usr/lib/jvm/java-8-oracle/jre/lib/resources.jar:/usr/lib/jvm/java-8-oracle/jre/lib/rt.jar:/usr/lib/jvm/java-8-oracle/jre/lib/sunrsasign.jar:/usr/lib/jvm/java-8-oracle/jre/lib/jsse.jar:/usr/lib/jvm/java-8-oracle/jre/lib/jce.jar:/usr/lib/jvm/java-8-oracle/jre/lib/charsets.jar:/usr/lib/jvm/java-8-oracle/jre/lib/jfr.jar:/usr/lib/jvm/java-8-oracle/jre/classes" />
    <property name="env.ANSI_CLEAR" value="\033[0K" />
    <property name="env.HAS_JOSH_K_SEAL_OF_APPROVAL" value="true" />
    <property name="env.XDG_RUNTIME_DIR" value="/run/user/2000" />
    <property name="env.TRAVIS_OSX_IMAGE" value="" />
    <property name="env.TRAVIS_BRANCH" value="master" />
    <property name="env.TRAVIS_JOB_ID" value="484918871" />
    <property name="user.country" value="US" />
    <property name="env.CERTI_HOME_TRAVIS" value="/home/travis/pthla/certi-tools" />
    <property name="env.SHELL" value="/bin/bash" />
    <property name="java.maxmemory.large" value="5000m" />
    <property name="model" value="" />
    <property name="env.CASHER_DIR" value="/home/travis/.casher" />
    <property name="env.NVM_CD_FLAGS" value="" />
    <property name="jshint.executable" value="/home/travis/node_modules/jshint/bin/jshint" />
    <property name="java.vendor" value="Oracle Corporation" />
    <property name="env.JRUBY_OPTS" value=" --client -J-XX:+TieredCompilation -J-XX:TieredStopAtLevel=1 -J-Xss2m -Xcompile.invokedynamic=false" />
    <property name="env.TRAVIS_PRE_CHEF_BOOTSTRAP_TIME" value="2017-12-05T19:32:55" />
    <property name="env.TRAVIS_STACK_JOB_BOARD_REGISTER" value="/.job-board-register.yml" />
    <property name="env.ELIXIR_VERSION" value="1.4.5" />
    <property name="env.ANSI_RED" value="\033[31;1m" />
    <property name="java.specification.version" value="1.8" />
    <property name="env.TRAVIS" value="true" />
    <property name="env.IRBRC" value="/home/travis/.rvm/rubies/ruby-2.4.1/.irbrc" />
    <property name="sun.arch.data.model" value="64" />
  </properties>
  <testcase classname="ptolemy.util.test.junit.TclTests" name="[0] /home/travis/build/icyphy/ptII/ptolemy/actor/lib/test/AbsoluteValue.tcl (RunTclFile)" time="0.427" />
  <testcase classname="ptolemy.util.test.junit.TclTests" name="[1] /home/travis/build/icyphy/ptII/ptolemy/actor/lib/test/AddSubtract.tcl (RunTclFile)" time="0.097" />
  <testcase classname="ptolemy.util.test.junit.TclTests" name="[2] /home/travis/build/icyphy/ptII/ptolemy/actor/lib/test/Average.tcl (RunTclFile)" time="0.052" />
  <testcase classname="ptolemy.util.test.junit.TclTests" name="[3] /home/travis/build/icyphy/ptII/ptolemy/actor/lib/test/Bernoulli.tcl (RunTclFile)" time="0.021" />
  <testcase classname="ptolemy.util.test.junit.TclTests" name="[4] /home/travis/build/icyphy/ptII/ptolemy/actor/lib/test/Clock.tcl (RunTclFile)" time="0.088" />
  <testcase classname="ptolemy.util.test.junit.TclTests" name="[5] /home/travis/build/icyphy/ptII/ptolemy/actor/lib/test/Commutator.tcl (RunTclFile)" time="0.087" />
  <testcase classname="ptolemy.util.test.junit.TclTests" name="[6] /home/travis/build/icyphy/ptII/ptolemy/actor/lib/test/Const.tcl (RunTclFile)" time="0.08" />
  <testcase classname="ptolemy.util.test.junit.TclTests" name="[7] /home/travis/build/icyphy/ptII/ptolemy/actor/lib/test/CurrentTime.tcl (RunTclFile)" time="0.027" />
  <testcase classname="ptolemy.util.test.junit.TclTests" name="[8] /home/travis/build/icyphy/ptII/ptolemy/actor/lib/test/DB.tcl (RunTclFile)" time="0.018" />
  <testcase classname="ptolemy.util.test.junit.TclTests" name="[9] /home/travis/build/icyphy/ptII/ptolemy/actor/lib/test/DiscreteRandomSource.tcl (RunTclFile)" time="0.037" />
  <testcase classname="ptolemy.util.test.junit.TclTests" name="[10] /home/travis/build/icyphy/ptII/ptolemy/actor/lib/test/Distributor.tcl (RunTclFile)" time="0.065" />
  <testcase classname="ptolemy.util.test.junit.TclTests" name="[11] /home/travis/build/icyphy/ptII/ptolemy/actor/lib/test/Exit.tcl (RunTclFile)" time="0.065">
    <failure message="Number of failed tests is has increased. expected:&lt;0&gt; but was:&lt;1&gt;" type="junit.framework.AssertionFailedError">junit.framework.AssertionFailedError: Number of failed tests is has increased. expected:&lt;0&gt; but was:&lt;1&gt;
	at ptolemy.util.test.junit.TclTests.RunTclFile(TclTests.java:286)
	at junitparams.internal.InvokeParameterisedMethod.evaluate(InvokeParameterisedMethod.java:102)
	at junitparams.internal.ParameterisedTestMethodRunner.runMethodInvoker(ParameterisedTestMethodRunner.java:47)
	at junitparams.internal.ParameterisedTestMethodRunner.runTestMethod(ParameterisedTestMethodRunner.java:41)
	at junitparams.internal.ParameterisedTestClassRunner.runParameterisedTest(ParameterisedTestClassRunner.java:143)
	at junitparams.JUnitParamsRunner.runChild(JUnitParamsRunner.java:237)
	at junitparams.JUnitParamsRunner.runChild(JUnitParamsRunner.java:215)
</failure>
  </testcase>
  <testcase classname="ptolemy.util.test.junit.TclTests" name="[12] /home/travis/build/icyphy/ptII/ptolemy/actor/lib/test/Expression.tcl (RunTclFile)" time="0.08" />
  <testcase classname="ptolemy.util.test.junit.TclTests" name="[13] /home/travis/build/icyphy/ptII/ptolemy/actor/lib/test/Gaussian.tcl (RunTclFile)" time="0.13" />
  <testcase classname="ptolemy.util.test.junit.TclTests" name="[14] /home/travis/build/icyphy/ptII/ptolemy/actor/lib/test/IIR.tcl (RunTclFile)" time="0.035" />
  <testcase classname="ptolemy.util.test.junit.TclTests" name="[15] /home/travis/build/icyphy/ptII/ptolemy/actor/lib/test/Interpolator.tcl (RunTclFile)" time="0.112" />
  <testcase classname="ptolemy.util.test.junit.TclTests" name="[16] /home/travis/build/icyphy/ptII/ptolemy/actor/lib/test/MathFunction.tcl (RunTclFile)" time="0.035" />
  <testcase classname="ptolemy.util.test.junit.TclTests" name="[17] /home/travis/build/icyphy/ptII/ptolemy/actor/lib/test/Maximum.tcl (RunTclFile)" time="0.031" />
  <testcase classname="ptolemy.util.test.junit.TclTests" name="[18] /home/travis/build/icyphy/ptII/ptolemy/actor/lib/test/Minimum.tcl (RunTclFile)" time="0.029" />
  <testcase classname="ptolemy.util.test.junit.TclTests" name="[19] /home/travis/build/icyphy/ptII/ptolemy/actor/lib/test/MultiplyDivide.tcl (RunTclFile)" time="0.038" />
  <testcase classname="ptolemy.util.test.junit.TclTests" name="[20] /home/travis/build/icyphy/ptII/ptolemy/actor/lib/test/OrderedMerge.tcl (RunTclFile)" time="0.077" />
  <testcase classname="ptolemy.util.test.junit.TclTests" name="[21] /home/travis/build/icyphy/ptII/ptolemy/actor/lib/test/Publisher.tcl (RunTclFile)" time="0.667" />
  <testcase classname="ptolemy.util.test.junit.TclTests" name="[22] /home/travis/build/icyphy/ptII/ptolemy/actor/lib/test/Pulse.tcl (RunTclFile)" time="0.051" />
  <testcase classname="ptolemy.util.test.junit.TclTests" name="[23] /home/travis/build/icyphy/ptII/ptolemy/actor/lib/test/Ramp.tcl (RunTclFile)" time="1.678" />
  <testcase classname="ptolemy.util.test.junit.TclTests" name="[24] /home/travis/build/icyphy/ptII/ptolemy/actor/lib/test/RampContinuous.tcl (RunTclFile)" time="0.022" />
  <testcase classname="ptolemy.util.test.junit.TclTests" name="[25] /home/travis/build/icyphy/ptII/ptolemy/actor/lib/test/RecordAssembler.tcl (RunTclFile)" time="0.015" />
  <testcase classname="ptolemy.util.test.junit.TclTests" name="[26] /home/travis/build/icyphy/ptII/ptolemy/actor/lib/test/RecordDisassembler.tcl (RunTclFile)" time="0.022" />
  <testcase classname="ptolemy.util.test.junit.TclTests" name="[27] /home/travis/build/icyphy/ptII/ptolemy/actor/lib/test/Scale.tcl (RunTclFile)" time="0.022" />
  <testcase classname="ptolemy.util.test.junit.TclTests" name="[28] /home/travis/build/icyphy/ptII/ptolemy/actor/lib/test/SequentialClock.tcl (RunTclFile)" time="0.013" />
  <testcase classname="ptolemy.util.test.junit.TclTests" name="[29] /home/travis/build/icyphy/ptII/ptolemy/actor/lib/test/SetVariable.tcl (RunTclFile)" time="0.012" />
  <testcase classname="ptolemy.util.test.junit.TclTests" name="[30] /home/travis/build/icyphy/ptII/ptolemy/actor/lib/test/Sinewave.tcl (RunTclFile)" time="0.022" />
  <testcase classname="ptolemy.util.test.junit.TclTests" name="[31] /home/travis/build/icyphy/ptII/ptolemy/actor/lib/test/SubscriptionAggregator.tcl (RunTclFile)" time="1.887" />
  <testcase classname="ptolemy.util.test.junit.TclTests" name="[32] /home/travis/build/icyphy/ptII/ptolemy/actor/lib/test/Test.tcl (RunTclFile)" time="0.055" />
  <testcase classname="ptolemy.util.test.junit.TclTests" name="[33] /home/travis/build/icyphy/ptII/ptolemy/actor/lib/test/TestExceptionHandler.tcl (RunTclFile)" time="0.02" />
  <testcase classname="ptolemy.util.test.junit.TclTests" name="[34] /home/travis/build/icyphy/ptII/ptolemy/actor/lib/test/UnionDisassembler.tcl (RunTclFile)" time="0.053" />
  <testcase classname="ptolemy.util.test.junit.TclTests" name="[35] /home/travis/build/icyphy/ptII/ptolemy/actor/lib/test/VariableClock.tcl (RunTclFile)" time="0.025" />
  <testcase classname="ptolemy.util.test.junit.AutoKnownFailedTests" name="[0] /home/travis/build/icyphy/ptII/ptolemy/actor/lib/test/auto/knownFailedTests/PublisherPortToplevelSubscriber.xml (RunModel)" time="0.016" />
  <testcase classname="ptolemy.util.test.junit.AutoKnownFailedTests" name="[1] /home/travis/build/icyphy/ptII/ptolemy/actor/lib/test/auto/knownFailedTests/PublisherSubscriberPortToplevel.xml (RunModel)" time="0.024" />
  <testcase classname="ptolemy.util.test.junit.AutoKnownFailedTests" name="[2] /home/travis/build/icyphy/ptII/ptolemy/actor/lib/test/auto/knownFailedTests/PublisherSubscriptionAggregatorPort.xml (RunModel)" time="0.017" />
  <testcase classname="ptolemy.util.test.junit.AutoKnownFailedTests" name="[3] /home/travis/build/icyphy/ptII/ptolemy/actor/lib/test/auto/knownFailedTests/sizedarray3.xml (RunModel)" time="0.022" />
  <testcase classname="ptolemy.util.test.junit.AutoNameArchTests" name="[0] ThereAreNoAutoArchTests (RunModel)" time="0.001" />
  <testcase classname="ptolemy.util.test.junit.AutoTests" name="[0] /home/travis/build/icyphy/ptII/ptolemy/actor/lib/test/auto/AbsoluteValue.xml (RunModel)" time="0.089" />
  <testcase classname="ptolemy.util.test.junit.AutoTests" name="[1] /home/travis/build/icyphy/ptII/ptolemy/actor/lib/test/auto/AbsoluteValue2.xml (RunModel)" time="0.062" />
  <testcase classname="ptolemy.util.test.junit.AutoTests" name="[2] /home/travis/build/icyphy/ptII/ptolemy/actor/lib/test/auto/Accumulator.xml (RunModel)" time="0.082" />
  <testcase classname="ptolemy.util.test.junit.AutoTests" name="[3] /home/travis/build/icyphy/ptII/ptolemy/actor/lib/test/auto/Accumulator2.xml (RunModel)" time="0.034" />
  <testcase classname="ptolemy.util.test.junit.AutoTests" name="[4] /home/travis/build/icyphy/ptII/ptolemy/actor/lib/test/auto/Accumulator3.xml (RunModel)" time="0.032" />
  <testcase classname="ptolemy.util.test.junit.AutoTests" name="[5] /home/travis/build/icyphy/ptII/ptolemy/actor/lib/test/auto/ArrayAppend.xml (RunModel)" time="0.041" />
  <testcase classname="ptolemy.util.test.junit.AutoTests" name="[6] /home/travis/build/icyphy/ptII/ptolemy/actor/lib/test/auto/ArrayAppend2.xml (RunModel)" time="0.532" />
  <testcase classname="ptolemy.util.test.junit.AutoTests" name="[7] /home/travis/build/icyphy/ptII/ptolemy/actor/lib/test/auto/ArrayAppend3.xml (RunModel)" time="0.032" />
  <testcase classname="ptolemy.util.test.junit.AutoTests" name="[8] /home/travis/build/icyphy/ptII/ptolemy/actor/lib/test/auto/ArrayAppend4.xml (RunModel)" time="0.015" />
  <testcase classname="ptolemy.util.test.junit.AutoTests" name="[9] /home/travis/build/icyphy/ptII/ptolemy/actor/lib/test/auto/ArrayAppend5.xml (RunModel)" time="0.015" />
  <testcase classname="ptolemy.util.test.junit.AutoTests" name="[10] /home/travis/build/icyphy/ptII/ptolemy/actor/lib/test/auto/ArrayAppend6.xml (RunModel)" time="0.028" />
  <testcase classname="ptolemy.util.test.junit.AutoTests" name="[11] /home/travis/build/icyphy/ptII/ptolemy/actor/lib/test/auto/ArrayAppendPerformanceTest.xml (RunModel)" time="0.057" />
  <testcase classname="ptolemy.util.test.junit.AutoTests" name="[12] /home/travis/build/icyphy/ptII/ptolemy/actor/lib/test/auto/ArrayAppendWithEmptyInput.xml (RunModel)" time="0.05" />
  <testcase classname="ptolemy.util.test.junit.AutoTests" name="[13] /home/travis/build/icyphy/ptII/ptolemy/actor/lib/test/auto/ArrayAverage.xml (RunModel)" time="0.058" />
  <testcase classname="ptolemy.util.test.junit.AutoTests" name="[14] /home/travis/build/icyphy/ptII/ptolemy/actor/lib/test/auto/ArrayContains.xml (RunModel)" time="0.032" />
  <testcase classname="ptolemy.util.test.junit.AutoTests" name="[15] /home/travis/build/icyphy/ptII/ptolemy/actor/lib/test/auto/ArrayElement.xml (RunModel)" time="0.034" />
  <testcase classname="ptolemy.util.test.junit.AutoTests" name="[16] /home/travis/build/icyphy/ptII/ptolemy/actor/lib/test/auto/ArrayElementAsMatrix.xml (RunModel)" time="0.045" />
  <testcase classname="ptolemy.util.test.junit.AutoTests" name="[17] /home/travis/build/icyphy/ptII/ptolemy/actor/lib/test/auto/ArrayElementI.xml (RunModel)" time="0.012" />
  <testcase classname="ptolemy.util.test.junit.AutoTests" name="[18] /home/travis/build/icyphy/ptII/ptolemy/actor/lib/test/auto/ArrayExtract.xml (RunModel)" time="0.038" />
  <testcase classname="ptolemy.util.test.junit.AutoTests" name="[19] /home/travis/build/icyphy/ptII/ptolemy/actor/lib/test/auto/ArrayExtract2.xml (RunModel)" time="0.019" />
  <testcase classname="ptolemy.util.test.junit.AutoTests" name="[20] /home/travis/build/icyphy/ptII/ptolemy/actor/lib/test/auto/ArrayLength.xml (RunModel)" time="0.022" />
  <testcase classname="ptolemy.util.test.junit.AutoTests" name="[21] /home/travis/build/icyphy/ptII/ptolemy/actor/lib/test/auto/ArrayLevelCrossing.xml (RunModel)" time="0.049" />
  <testcase classname="ptolemy.util.test.junit.AutoTests" name="[22] /home/travis/build/icyphy/ptII/ptolemy/actor/lib/test/auto/ArrayLevelCrossing2.xml (RunModel)" time="0.021" />
  <testcase classname="ptolemy.util.test.junit.AutoTests" name="[23] /home/travis/build/icyphy/ptII/ptolemy/actor/lib/test/auto/ArrayPeakSearch.xml (RunModel)" time="0.045" />
  <testcase classname="ptolemy.util.test.junit.AutoTests" name="[24] /home/travis/build/icyphy/ptII/ptolemy/actor/lib/test/auto/ArrayPeakSearch2.xml (RunModel)" time="0.037" />
  <testcase classname="ptolemy.util.test.junit.AutoTests" name="[25] /home/travis/build/icyphy/ptII/ptolemy/actor/lib/test/auto/ArrayPeakSearch3.xml (RunModel)" time="0.03" />
  <testcase classname="ptolemy.util.test.junit.AutoTests" name="[26] /home/travis/build/icyphy/ptII/ptolemy/actor/lib/test/auto/ArrayRemoveElement.xml (RunModel)" time="0.019" />
  <testcase classname="ptolemy.util.test.junit.AutoTests" name="[27] /home/travis/build/icyphy/ptII/ptolemy/actor/lib/test/auto/ArraySort.xml (RunModel)" time="0.033" />
  <testcase classname="ptolemy.util.test.junit.AutoTests" name="[28] /home/travis/build/icyphy/ptII/ptolemy/actor/lib/test/auto/ArraySum.xml (RunModel)" time="0.016" />
  <testcase classname="ptolemy.util.test.junit.AutoTests" name="[29] /home/travis/build/icyphy/ptII/ptolemy/actor/lib/test/auto/ArrayToElements.xml (RunModel)" time="0.018" />
  <testcase classname="ptolemy.util.test.junit.AutoTests" name="[30] /home/travis/build/icyphy/ptII/ptolemy/actor/lib/test/auto/ArrayToMatrix.xml (RunModel)" time="0.044" />
  <testcase classname="ptolemy.util.test.junit.AutoTests" name="[31] /home/travis/build/icyphy/ptII/ptolemy/actor/lib/test/auto/ArrayUpdate1.xml (RunModel)" time="0.024" />
  <testcase classname="ptolemy.util.test.junit.AutoTests" name="[32] /home/travis/build/icyphy/ptII/ptolemy/actor/lib/test/auto/ArrayUpdate2.xml (RunModel)" time="0.024" />
  <testcase classname="ptolemy.util.test.junit.AutoTests" name="[33] /home/travis/build/icyphy/ptII/ptolemy/actor/lib/test/auto/ArrayUpdate3.xml (RunModel)" time="0.011" />
  <testcase classname="ptolemy.util.test.junit.AutoTests" name="[34] /home/travis/build/icyphy/ptII/ptolemy/actor/lib/test/auto/Assert1.xml (RunModel)" time="0.033" />
  <testcase classname="ptolemy.util.test.junit.AutoTests" name="[35] /home/travis/build/icyphy/ptII/ptolemy/actor/lib/test/auto/Assert2.xml (RunModel)" time="0.015" />
  <testcase classname="ptolemy.util.test.junit.AutoTests" name="[36] /home/travis/build/icyphy/ptII/ptolemy/actor/lib/test/auto/BooleanMultiplexor.xml (RunModel)" time="0.012" />
  <testcase classname="ptolemy.util.test.junit.AutoTests" name="[37] /home/travis/build/icyphy/ptII/ptolemy/actor/lib/test/auto/BooleanMultiplexor2.xml (RunModel)" time="0.028" />
  <testcase classname="ptolemy.util.test.junit.AutoTests" name="[38] /home/travis/build/icyphy/ptII/ptolemy/actor/lib/test/auto/BooleanMultiplexor3.xml (RunModel)" time="0.022" />
  <testcase classname="ptolemy.util.test.junit.AutoTests" name="[39] /home/travis/build/icyphy/ptII/ptolemy/actor/lib/test/auto/BooleanSelect.xml (RunModel)" time="0.024" />
  <testcase classname="ptolemy.util.test.junit.AutoTests" name="[40] /home/travis/build/icyphy/ptII/ptolemy/actor/lib/test/auto/BooleanSelect2.xml (RunModel)" time="0.015" />
  <testcase classname="ptolemy.util.test.junit.AutoTests" name="[41] /home/travis/build/icyphy/ptII/ptolemy/actor/lib/test/auto/BooleanSwitch.xml (RunModel)" time="0.017" />
  <testcase classname="ptolemy.util.test.junit.AutoTests" name="[42] /home/travis/build/icyphy/ptII/ptolemy/actor/lib/test/auto/BooleanSwitch2.xml (RunModel)" time="0.014" />
  <testcase classname="ptolemy.util.test.junit.AutoTests" name="[43] /home/travis/build/icyphy/ptII/ptolemy/actor/lib/test/auto/BooleanSwitchCloningBugWithClassRelationGroup.xml (RunModel)" time="0.039" />
  <testcase classname="ptolemy.util.test.junit.AutoTests" name="[44] /home/travis/build/icyphy/ptII/ptolemy/actor/lib/test/auto/BusActors.xml (RunModel)" time="0.033" />
  <testcase classname="ptolemy.util.test.junit.AutoTests" name="[45] /home/travis/build/icyphy/ptII/ptolemy/actor/lib/test/auto/ClassWrapper.xml (RunModel)" time="0.013" />
  <testcase classname="ptolemy.util.test.junit.AutoTests" name="[46] /home/travis/build/icyphy/ptII/ptolemy/actor/lib/test/auto/Clock.xml (RunModel)" time="0.017" />
  <testcase classname="ptolemy.util.test.junit.AutoTests" name="[47] /home/travis/build/icyphy/ptII/ptolemy/actor/lib/test/auto/Clock10.xml (RunModel)" time="0.017" />
  <testcase classname="ptolemy.util.test.junit.AutoTests" name="[48] /home/travis/build/icyphy/ptII/ptolemy/actor/lib/test/auto/Clock11.xml (RunModel)" time="0.017" />
  <testcase classname="ptolemy.util.test.junit.AutoTests" name="[49] /home/travis/build/icyphy/ptII/ptolemy/actor/lib/test/auto/Clock12.xml (RunModel)" time="0.018" />
  <testcase classname="ptolemy.util.test.junit.AutoTests" name="[50] /home/travis/build/icyphy/ptII/ptolemy/actor/lib/test/auto/Clock13.xml (RunModel)" time="0.024" />
  <testcase classname="ptolemy.util.test.junit.AutoTests" name="[51] /home/travis/build/icyphy/ptII/ptolemy/actor/lib/test/auto/Clock14.xml (RunModel)" time="0.018" />
  <testcase classname="ptolemy.util.test.junit.AutoTests" name="[52] /home/travis/build/icyphy/ptII/ptolemy/actor/lib/test/auto/Clock15.xml (RunModel)" time="0.014" />
  <testcase classname="ptolemy.util.test.junit.AutoTests" name="[53] /home/travis/build/icyphy/ptII/ptolemy/actor/lib/test/auto/Clock16.xml (RunModel)" time="0.077" />
  <testcase classname="ptolemy.util.test.junit.AutoTests" name="[54] /home/travis/build/icyphy/ptII/ptolemy/actor/lib/test/auto/Clock17.xml (RunModel)" time="0.054" />
  <testcase classname="ptolemy.util.test.junit.AutoTests" name="[55] /home/travis/build/icyphy/ptII/ptolemy/actor/lib/test/auto/Clock18.xml (RunModel)" time="0.053" />
  <testcase classname="ptolemy.util.test.junit.AutoTests" name="[56] /home/travis/build/icyphy/ptII/ptolemy/actor/lib/test/auto/Clock19.xml (RunModel)" time="0.034" />
  <testcase classname="ptolemy.util.test.junit.AutoTests" name="[57] /home/travis/build/icyphy/ptII/ptolemy/actor/lib/test/auto/Clock2.xml (RunModel)" time="0.014" />
  <testcase classname="ptolemy.util.test.junit.AutoTests" name="[58] /home/travis/build/icyphy/ptII/ptolemy/actor/lib/test/auto/Clock20.xml (RunModel)" time="0.019" />
  <testcase classname="ptolemy.util.test.junit.AutoTests" name="[59] /home/travis/build/icyphy/ptII/ptolemy/actor/lib/test/auto/Clock21.xml (RunModel)" time="0.014" />
  <testcase classname="ptolemy.util.test.junit.AutoTests" name="[60] /home/travis/build/icyphy/ptII/ptolemy/actor/lib/test/auto/Clock22.xml (RunModel)" time="0.01" />
  <testcase classname="ptolemy.util.test.junit.AutoTests" name="[61] /home/travis/build/icyphy/ptII/ptolemy/actor/lib/test/auto/Clock23.xml (RunModel)" time="0.01" />
  <testcase classname="ptolemy.util.test.junit.AutoTests" name="[62] /home/travis/build/icyphy/ptII/ptolemy/actor/lib/test/auto/Clock24.xml (RunModel)" time="0.009" />
  <testcase classname="ptolemy.util.test.junit.AutoTests" name="[63] /home/travis/build/icyphy/ptII/ptolemy/actor/lib/test/auto/Clock4.xml (RunModel)" time="0.01" />
  <testcase classname="ptolemy.util.test.junit.AutoTests" name="[64] /home/travis/build/icyphy/ptII/ptolemy/actor/lib/test/auto/Clock5.xml (RunModel)" time="0.009" />
  <testcase classname="ptolemy.util.test.junit.AutoTests" name="[65] /home/travis/build/icyphy/ptII/ptolemy/actor/lib/test/auto/Clock6.xml (RunModel)" time="0.012" />
  <testcase classname="ptolemy.util.test.junit.AutoTests" name="[66] /home/travis/build/icyphy/ptII/ptolemy/actor/lib/test/auto/Clock7.xml (RunModel)" time="0.007" />
  <testcase classname="ptolemy.util.test.junit.AutoTests" name="[67] /home/travis/build/icyphy/ptII/ptolemy/actor/lib/test/auto/Clock8.xml (RunModel)" time="0.014" />
  <testcase classname="ptolemy.util.test.junit.AutoTests" name="[68] /home/travis/build/icyphy/ptII/ptolemy/actor/lib/test/auto/Clock9.xml (RunModel)" time="0.013" />
  <testcase classname="ptolemy.util.test.junit.AutoTests" name="[69] /home/travis/build/icyphy/ptII/ptolemy/actor/lib/test/auto/CommDistDiscard.xml (RunModel)" time="0.017" />
  <testcase classname="ptolemy.util.test.junit.AutoTests" name="[70] /home/travis/build/icyphy/ptII/ptolemy/actor/lib/test/auto/Commutator.xml (RunModel)" time="0.011" />
  <testcase classname="ptolemy.util.test.junit.AutoTests" name="[71] /home/travis/build/icyphy/ptII/ptolemy/actor/lib/test/auto/Commutator2.xml (RunModel)" time="0.009" />
  <testcase classname="ptolemy.util.test.junit.AutoTests" name="[72] /home/travis/build/icyphy/ptII/ptolemy/actor/lib/test/auto/Commutator3.xml (RunModel)" time="0.01" />
  <testcase classname="ptolemy.util.test.junit.AutoTests" name="[73] /home/travis/build/icyphy/ptII/ptolemy/actor/lib/test/auto/Compare.xml (RunModel)" time="0.015" />
  <testcase classname="ptolemy.util.test.junit.AutoTests" name="[74] /home/travis/build/icyphy/ptII/ptolemy/actor/lib/test/auto/CompareDE.xml (RunModel)" time="0.015" />
  <testcase classname="ptolemy.util.test.junit.AutoTests" name="[75] /home/travis/build/icyphy/ptII/ptolemy/actor/lib/test/auto/ComplexDivide.xml (RunModel)" time="0.007" />
  <testcase classname="ptolemy.util.test.junit.AutoTests" name="[76] /home/travis/build/icyphy/ptII/ptolemy/actor/lib/test/auto/ComputeHistogram.xml (RunModel)" time="0.062" />
  <testcase classname="ptolemy.util.test.junit.AutoTests" name="[77] /home/travis/build/icyphy/ptII/ptolemy/actor/lib/test/auto/ConfigurationSelect.xml (RunModel)" time="0.016" />
  <testcase classname="ptolemy.util.test.junit.AutoTests" name="[78] /home/travis/build/icyphy/ptII/ptolemy/actor/lib/test/auto/ConfigurationSelect2.xml (RunModel)" time="0.016" />
  <testcase classname="ptolemy.util.test.junit.AutoTests" name="[79] /home/travis/build/icyphy/ptII/ptolemy/actor/lib/test/auto/ConfigurationSwitch.xml (RunModel)" time="0.024" />
  <testcase classname="ptolemy.util.test.junit.AutoTests" name="[80] /home/travis/build/icyphy/ptII/ptolemy/actor/lib/test/auto/ConfigurationSwitch2.xml (RunModel)" time="0.015" />
  <testcase classname="ptolemy.util.test.junit.AutoTests" name="[81] /home/travis/build/icyphy/ptII/ptolemy/actor/lib/test/auto/ConfigurationSwitchCloningBugWithClassRelationGroup.xml (RunModel)" time="0.021" />
  <testcase classname="ptolemy.util.test.junit.AutoTests" name="[82] /home/travis/build/icyphy/ptII/ptolemy/actor/lib/test/auto/ConfigurationSwitchSelectSDF.xml (RunModel)" time="0.013" />
  <testcase classname="ptolemy.util.test.junit.AutoTests" name="[83] /home/travis/build/icyphy/ptII/ptolemy/actor/lib/test/auto/ConfigurationSwitchSelectSDF2.xml (RunModel)" time="0.015" />
  <testcase classname="ptolemy.util.test.junit.AutoTests" name="[84] /home/travis/build/icyphy/ptII/ptolemy/actor/lib/test/auto/Const.xml (RunModel)" time="0.006" />
  <testcase classname="ptolemy.util.test.junit.AutoTests" name="[85] /home/travis/build/icyphy/ptII/ptolemy/actor/lib/test/auto/Const2.xml (RunModel)" time="0.012" />
  <testcase classname="ptolemy.util.test.junit.AutoTests" name="[86] /home/travis/build/icyphy/ptII/ptolemy/actor/lib/test/auto/Const3.xml (RunModel)" time="0.007" />
  <testcase classname="ptolemy.util.test.junit.AutoTests" name="[87] /home/travis/build/icyphy/ptII/ptolemy/actor/lib/test/auto/ConstantPublisherPort1.xml (RunModel)" time="0.022" />
  <testcase classname="ptolemy.util.test.junit.AutoTests" name="[88] /home/travis/build/icyphy/ptII/ptolemy/actor/lib/test/auto/ConstantPublisherPort2.xml (RunModel)" time="0.021" />
  <testcase classname="ptolemy.util.test.junit.AutoTests" name="[89] /home/travis/build/icyphy/ptII/ptolemy/actor/lib/test/auto/ConstantPublisherPort3.xml (RunModel)" time="0.019" />
  <testcase classname="ptolemy.util.test.junit.AutoTests" name="[90] /home/travis/build/icyphy/ptII/ptolemy/actor/lib/test/auto/ConstantPublisherPort4.xml (RunModel)" time="0.016" />
  <testcase classname="ptolemy.util.test.junit.AutoTests" name="[91] /home/travis/build/icyphy/ptII/ptolemy/actor/lib/test/auto/ConstantPublisherPort5.xml (RunModel)" time="0.04" />
  <testcase classname="ptolemy.util.test.junit.AutoTests" name="[92] /home/travis/build/icyphy/ptII/ptolemy/actor/lib/test/auto/ConstantPublisherPort6.xml (RunModel)" time="0.032" />
  <testcase classname="ptolemy.util.test.junit.AutoTests" name="[93] /home/travis/build/icyphy/ptII/ptolemy/actor/lib/test/auto/ConstantPublisherPort7.xml (RunModel)" time="0.033" />
  <testcase classname="ptolemy.util.test.junit.AutoTests" name="[94] /home/travis/build/icyphy/ptII/ptolemy/actor/lib/test/auto/ConstraintMonitor1.xml (RunModel)" time="0.039" />
  <testcase classname="ptolemy.util.test.junit.AutoTests" name="[95] /home/travis/build/icyphy/ptII/ptolemy/actor/lib/test/auto/ConstraintMonitor2.xml (RunModel)" time="0.013" />
  <testcase classname="ptolemy.util.test.junit.AutoTests" name="[96] /home/travis/build/icyphy/ptII/ptolemy/actor/lib/test/auto/ConstraintMonitor3.xml (RunModel)" time="0.018" />
  <testcase classname="ptolemy.util.test.junit.AutoTests" name="[97] /home/travis/build/icyphy/ptII/ptolemy/actor/lib/test/auto/ConstraintMonitor4.xml (RunModel)" time="0.014" />
  <testcase classname="ptolemy.util.test.junit.AutoTests" name="[98] /home/travis/build/icyphy/ptII/ptolemy/actor/lib/test/auto/ConstraintMonitor5.xml (RunModel)" time="0.013" />
  <testcase classname="ptolemy.util.test.junit.AutoTests" name="[99] /home/travis/build/icyphy/ptII/ptolemy/actor/lib/test/auto/ConstraintMonitor6.xml (RunModel)" time="0.016" />
  <testcase classname="ptolemy.util.test.junit.AutoTests" name="[100] /home/travis/build/icyphy/ptII/ptolemy/actor/lib/test/auto/ConstraintMonitor7.xml (RunModel)" time="0.02" />
  <testcase classname="ptolemy.util.test.junit.AutoTests" name="[101] /home/travis/build/icyphy/ptII/ptolemy/actor/lib/test/auto/ConstraintMonitor8.xml (RunModel)" time="0.021" />
  <testcase classname="ptolemy.util.test.junit.AutoTests" name="[102] /home/travis/build/icyphy/ptII/ptolemy/actor/lib/test/auto/Counter.xml (RunModel)" time="0.039" />
  <testcase classname="ptolemy.util.test.junit.AutoTests" name="[103] /home/travis/build/icyphy/ptII/ptolemy/actor/lib/test/auto/CurrentTimeSDF.xml (RunModel)" time="0.008" />
  <testcase classname="ptolemy.util.test.junit.AutoTests" name="[104] /home/travis/build/icyphy/ptII/ptolemy/actor/lib/test/auto/DB.xml (RunModel)" time="0.01" />
  <testcase classname="ptolemy.util.test.junit.AutoTests" name="[105] /home/travis/build/icyphy/ptII/ptolemy/actor/lib/test/auto/DBDE.xml (RunModel)" time="0.012" />
  <testcase classname="ptolemy.util.test.junit.AutoTests" name="[106] /home/travis/build/icyphy/ptII/ptolemy/actor/lib/test/auto/DateConstructor.xml (RunModel)" time="0.041" />
  <testcase classname="ptolemy.util.test.junit.AutoTests" name="[107] /home/travis/build/icyphy/ptII/ptolemy/actor/lib/test/auto/DelayTime.xml (RunModel)" time="0.015" />
  <testcase classname="ptolemy.util.test.junit.AutoTests" name="[108] /home/travis/build/icyphy/ptII/ptolemy/actor/lib/test/auto/Dictionary1.xml (RunModel)" time="0.446" />
  <testcase classname="ptolemy.util.test.junit.AutoTests" name="[109] /home/travis/build/icyphy/ptII/ptolemy/actor/lib/test/auto/Dictionary2.xml (RunModel)" time="0.011" />
  <testcase classname="ptolemy.util.test.junit.AutoTests" name="[110] /home/travis/build/icyphy/ptII/ptolemy/actor/lib/test/auto/Dictionary3.xml (RunModel)" time="0.011" />
  <testcase classname="ptolemy.util.test.junit.AutoTests" name="[111] /home/travis/build/icyphy/ptII/ptolemy/actor/lib/test/auto/Dictionary4.xml (RunModel)" time="0.014" />
  <testcase classname="ptolemy.util.test.junit.AutoTests" name="[112] /home/travis/build/icyphy/ptII/ptolemy/actor/lib/test/auto/Differential.xml (RunModel)" time="0.009" />
  <testcase classname="ptolemy.util.test.junit.AutoTests" name="[113] /home/travis/build/icyphy/ptII/ptolemy/actor/lib/test/auto/Director.xml (RunModel)" time="0.009" />
  <testcase classname="ptolemy.util.test.junit.AutoTests" name="[114] /home/travis/build/icyphy/ptII/ptolemy/actor/lib/test/auto/DiscreteClock.xml (RunModel)" time="0.008" />
  <testcase classname="ptolemy.util.test.junit.AutoTests" name="[115] /home/travis/build/icyphy/ptII/ptolemy/actor/lib/test/auto/DiscreteClock10.xml (RunModel)" time="0.015" />
  <testcase classname="ptolemy.util.test.junit.AutoTests" name="[116] /home/travis/build/icyphy/ptII/ptolemy/actor/lib/test/auto/DiscreteClock11.xml (RunModel)" time="0.014" />
  <testcase classname="ptolemy.util.test.junit.AutoTests" name="[117] /home/travis/build/icyphy/ptII/ptolemy/actor/lib/test/auto/DiscreteClock12.xml (RunModel)" time="0.011" />
  <testcase classname="ptolemy.util.test.junit.AutoTests" name="[118] /home/travis/build/icyphy/ptII/ptolemy/actor/lib/test/auto/DiscreteClock13.xml (RunModel)" time="0.009" />
  <testcase classname="ptolemy.util.test.junit.AutoTests" name="[119] /home/travis/build/icyphy/ptII/ptolemy/actor/lib/test/auto/DiscreteClock14.xml (RunModel)" time="0.011" />
  <testcase classname="ptolemy.util.test.junit.AutoTests" name="[120] /home/travis/build/icyphy/ptII/ptolemy/actor/lib/test/auto/DiscreteClock15.xml (RunModel)" time="0.021" />
  <testcase classname="ptolemy.util.test.junit.AutoTests" name="[121] /home/travis/build/icyphy/ptII/ptolemy/actor/lib/test/auto/DiscreteClock16.xml (RunModel)" time="0.046" />
  <testcase classname="ptolemy.util.test.junit.AutoTests" name="[122] /home/travis/build/icyphy/ptII/ptolemy/actor/lib/test/auto/DiscreteClock17.xml (RunModel)" time="0.035" />
  <testcase classname="ptolemy.util.test.junit.AutoTests" name="[123] /home/travis/build/icyphy/ptII/ptolemy/actor/lib/test/auto/DiscreteClock18.xml (RunModel)" time="0.041" />
  <testcase classname="ptolemy.util.test.junit.AutoTests" name="[124] /home/travis/build/icyphy/ptII/ptolemy/actor/lib/test/auto/DiscreteClock19.xml (RunModel)" time="0.042" />
  <testcase classname="ptolemy.util.test.junit.AutoTests" name="[125] /home/travis/build/icyphy/ptII/ptolemy/actor/lib/test/auto/DiscreteClock2.xml (RunModel)" time="0.012" />
  <testcase classname="ptolemy.util.test.junit.AutoTests" name="[126] /home/travis/build/icyphy/ptII/ptolemy/actor/lib/test/auto/DiscreteClock20.xml (RunModel)" time="0.017" />
  <testcase classname="ptolemy.util.test.junit.AutoTests" name="[127] /home/travis/build/icyphy/ptII/ptolemy/actor/lib/test/auto/DiscreteClock21.xml (RunModel)" time="0.013" />
  <testcase classname="ptolemy.util.test.junit.AutoTests" name="[128] /home/travis/build/icyphy/ptII/ptolemy/actor/lib/test/auto/DiscreteClock22.xml (RunModel)" time="0.014" />
  <testcase classname="ptolemy.util.test.junit.AutoTests" name="[129] /home/travis/build/icyphy/ptII/ptolemy/actor/lib/test/auto/DiscreteClock23.xml (RunModel)" time="0.014" />
  <testcase classname="ptolemy.util.test.junit.AutoTests" name="[130] /home/travis/build/icyphy/ptII/ptolemy/actor/lib/test/auto/DiscreteClock24.xml (RunModel)" time="0.014" />
  <testcase classname="ptolemy.util.test.junit.AutoTests" name="[131] /home/travis/build/icyphy/ptII/ptolemy/actor/lib/test/auto/DiscreteClock4.xml (RunModel)" time="0.013" />
  <testcase classname="ptolemy.util.test.junit.AutoTests" name="[132] /home/travis/build/icyphy/ptII/ptolemy/actor/lib/test/auto/DiscreteClock5.xml (RunModel)" time="0.008" />
  <testcase classname="ptolemy.util.test.junit.AutoTests" name="[133] /home/travis/build/icyphy/ptII/ptolemy/actor/lib/test/auto/DiscreteClock6.xml (RunModel)" time="0.007" />
  <testcase classname="ptolemy.util.test.junit.AutoTests" name="[134] /home/travis/build/icyphy/ptII/ptolemy/actor/lib/test/auto/DiscreteClock7.xml (RunModel)" time="0.008" />
  <testcase classname="ptolemy.util.test.junit.AutoTests" name="[135] /home/travis/build/icyphy/ptII/ptolemy/actor/lib/test/auto/DiscreteClock8.xml (RunModel)" time="0.014" />
  <testcase classname="ptolemy.util.test.junit.AutoTests" name="[136] /home/travis/build/icyphy/ptII/ptolemy/actor/lib/test/auto/DiscreteClock9.xml (RunModel)" time="0.016" />
  <testcase classname="ptolemy.util.test.junit.AutoTests" name="[137] /home/travis/build/icyphy/ptII/ptolemy/actor/lib/test/auto/DisplayArray.xml (RunModel)" time="0.008" />
  <testcase classname="ptolemy.util.test.junit.AutoTests" name="[138] /home/travis/build/icyphy/ptII/ptolemy/actor/lib/test/auto/Distributor.xml (RunModel)" time="0.009" />
  <testcase classname="ptolemy.util.test.junit.AutoTests" name="[139] /home/travis/build/icyphy/ptII/ptolemy/actor/lib/test/auto/Distributor2.xml (RunModel)" time="0.009" />
  <testcase classname="ptolemy.util.test.junit.AutoTests" name="[140] /home/travis/build/icyphy/ptII/ptolemy/actor/lib/test/auto/DownSample.xml (RunModel)" time="0.009" />
  <testcase classname="ptolemy.util.test.junit.AutoTests" name="[141] /home/travis/build/icyphy/ptII/ptolemy/actor/lib/test/auto/ElectronicUnitBase1.xml (RunModel)" time="0.053" />
  <testcase classname="ptolemy.util.test.junit.AutoTests" name="[142] /home/travis/build/icyphy/ptII/ptolemy/actor/lib/test/auto/ElementsToArray.xml (RunModel)" time="0.012" />
  <testcase classname="ptolemy.util.test.junit.AutoTests" name="[143] /home/travis/build/icyphy/ptII/ptolemy/actor/lib/test/auto/Equals.xml (RunModel)" time="0.01" />
  <testcase classname="ptolemy.util.test.junit.AutoTests" name="[144] /home/travis/build/icyphy/ptII/ptolemy/actor/lib/test/auto/Exec.xml (RunModel)" time="0.021" />
  <testcase classname="ptolemy.util.test.junit.AutoTests" name="[145] /home/travis/build/icyphy/ptII/ptolemy/actor/lib/test/auto/ExecEnvironment.xml (RunModel)" time="0.035" />
  <testcase classname="ptolemy.util.test.junit.AutoTests" name="[146] /home/travis/build/icyphy/ptII/ptolemy/actor/lib/test/auto/ExecNonZeroReturnOutput.xml (RunModel)" time="0.144" />
  <testcase classname="ptolemy.util.test.junit.AutoTests" name="[147] /home/travis/build/icyphy/ptII/ptolemy/actor/lib/test/auto/ExecRunDemos.xml (RunModel)" time="8.828" />
  <testcase classname="ptolemy.util.test.junit.AutoTests" name="[148] /home/travis/build/icyphy/ptII/ptolemy/actor/lib/test/auto/ExecStop.xml (RunModel)" time="5.023" />
  <testcase classname="ptolemy.util.test.junit.AutoTests" name="[149] /home/travis/build/icyphy/ptII/ptolemy/actor/lib/test/auto/ExecutionTimeSDF.xml (RunModel)" time="6.029" />
  <testcase classname="ptolemy.util.test.junit.AutoTests" name="[150] /home/travis/build/icyphy/ptII/ptolemy/actor/lib/test/auto/Expression1.xml (RunModel)" time="0.016" />
  <testcase classname="ptolemy.util.test.junit.AutoTests" name="[151] /home/travis/build/icyphy/ptII/ptolemy/actor/lib/test/auto/Expression10.xml (RunModel)" time="0.015" />
  <testcase classname="ptolemy.util.test.junit.AutoTests" name="[152] /home/travis/build/icyphy/ptII/ptolemy/actor/lib/test/auto/Expression11.xml (RunModel)" time="0.009" />
  <testcase classname="ptolemy.util.test.junit.AutoTests" name="[153] /home/travis/build/icyphy/ptII/ptolemy/actor/lib/test/auto/Expression12.xml (RunModel)" time="0.012" />
  <testcase classname="ptolemy.util.test.junit.AutoTests" name="[154] /home/travis/build/icyphy/ptII/ptolemy/actor/lib/test/auto/Expression13.xml (RunModel)" time="0.011" />
  <testcase classname="ptolemy.util.test.junit.AutoTests" name="[155] /home/travis/build/icyphy/ptII/ptolemy/actor/lib/test/auto/Expression14.xml (RunModel)" time="0.015" />
  <testcase classname="ptolemy.util.test.junit.AutoTests" name="[156] /home/travis/build/icyphy/ptII/ptolemy/actor/lib/test/auto/Expression15.xml (RunModel)" time="0.01" />
  <testcase classname="ptolemy.util.test.junit.AutoTests" name="[157] /home/travis/build/icyphy/ptII/ptolemy/actor/lib/test/auto/Expression16.xml (RunModel)" time="0.01" />
  <testcase classname="ptolemy.util.test.junit.AutoTests" name="[158] /home/travis/build/icyphy/ptII/ptolemy/actor/lib/test/auto/Expression17.xml (RunModel)" time="0.01" />
  <testcase classname="ptolemy.util.test.junit.AutoTests" name="[159] /home/travis/build/icyphy/ptII/ptolemy/actor/lib/test/auto/Expression18.xml (RunModel)" time="0.011" />
  <testcase classname="ptolemy.util.test.junit.AutoTests" name="[160] /home/travis/build/icyphy/ptII/ptolemy/actor/lib/test/auto/Expression2.xml (RunModel)" time="0.01" />
  <testcase classname="ptolemy.util.test.junit.AutoTests" name="[161] /home/travis/build/icyphy/ptII/ptolemy/actor/lib/test/auto/Expression3.xml (RunModel)" time="0.008" />
  <testcase classname="ptolemy.util.test.junit.AutoTests" name="[162] /home/travis/build/icyphy/ptII/ptolemy/actor/lib/test/auto/Expression4.xml (RunModel)" time="0.014" />
  <testcase classname="ptolemy.util.test.junit.AutoTests" name="[163] /home/travis/build/icyphy/ptII/ptolemy/actor/lib/test/auto/Expression5.xml (RunModel)" time="0.01" />
  <testcase classname="ptolemy.util.test.junit.AutoTests" name="[164] /home/travis/build/icyphy/ptII/ptolemy/actor/lib/test/auto/Expression6.xml (RunModel)" time="0.008" />
  <testcase classname="ptolemy.util.test.junit.AutoTests" name="[165] /home/travis/build/icyphy/ptII/ptolemy/actor/lib/test/auto/Expression7.xml (RunModel)" time="0.009" />
  <testcase classname="ptolemy.util.test.junit.AutoTests" name="[166] /home/travis/build/icyphy/ptII/ptolemy/actor/lib/test/auto/Expression8.xml (RunModel)" time="0.01" />
  <testcase classname="ptolemy.util.test.junit.AutoTests" name="[167] /home/travis/build/icyphy/ptII/ptolemy/actor/lib/test/auto/Expression9.xml (RunModel)" time="0.007" />
  <testcase classname="ptolemy.util.test.junit.AutoTests" name="[168] /home/travis/build/icyphy/ptII/ptolemy/actor/lib/test/auto/ExpressionConcatenateArrayType.xml (RunModel)" time="0.021" />
  <testcase classname="ptolemy.util.test.junit.AutoTests" name="[169] /home/travis/build/icyphy/ptII/ptolemy/actor/lib/test/auto/ExpressionConcatenateArrayType2.xml (RunModel)" time="0.012" />
  <testcase classname="ptolemy.util.test.junit.AutoTests" name="[170] /home/travis/build/icyphy/ptII/ptolemy/actor/lib/test/auto/ExpressionFix.xml (RunModel)" time="0.021" />
  <testcase classname="ptolemy.util.test.junit.AutoTests" name="[171] /home/travis/build/icyphy/ptII/ptolemy/actor/lib/test/auto/ExpressionFix2.xml (RunModel)" time="0.007" />
  <testcase classname="ptolemy.util.test.junit.AutoTests" name="[172] /home/travis/build/icyphy/ptII/ptolemy/actor/lib/test/auto/ExpressionFix3.xml (RunModel)" time="0.009" />
  <testcase classname="ptolemy.util.test.junit.AutoTests" name="[173] /home/travis/build/icyphy/ptII/ptolemy/actor/lib/test/auto/FileWriter1.xml (RunModel)" time="0.008" />
  <testcase classname="ptolemy.util.test.junit.AutoTests" name="[174] /home/travis/build/icyphy/ptII/ptolemy/actor/lib/test/auto/FileWriter2.xml (RunModel)" time="0.008" />
  <testcase classname="ptolemy.util.test.junit.AutoTests" name="[175] /home/travis/build/icyphy/ptII/ptolemy/actor/lib/test/auto/FileWriter3.xml (RunModel)" time="0.01" />
  <testcase classname="ptolemy.util.test.junit.AutoTests" name="[176] /home/travis/build/icyphy/ptII/ptolemy/actor/lib/test/auto/Gaussian.xml (RunModel)" time="0.008" />
  <testcase classname="ptolemy.util.test.junit.AutoTests" name="[177] /home/travis/build/icyphy/ptII/ptolemy/actor/lib/test/auto/Gaussian1.xml (RunModel)" time="0.011" />
  <testcase classname="ptolemy.util.test.junit.AutoTests" name="[178] /home/travis/build/icyphy/ptII/ptolemy/actor/lib/test/auto/Gaussian2.xml (RunModel)" time="0.014" />
  <testcase classname="ptolemy.util.test.junit.AutoTests" name="[179] /home/travis/build/icyphy/ptII/ptolemy/actor/lib/test/auto/GradientAdaptiveLattice.xml (RunModel)" time="0.014" />
  <testcase classname="ptolemy.util.test.junit.AutoTests" name="[180] /home/travis/build/icyphy/ptII/ptolemy/actor/lib/test/auto/IIR.xml (RunModel)" time="0.009" />
  <testcase classname="ptolemy.util.test.junit.AutoTests" name="[181] /home/travis/build/icyphy/ptII/ptolemy/actor/lib/test/auto/InputOutputTransparentPorts.xml (RunModel)" time="0.016" />
  <testcase classname="ptolemy.util.test.junit.AutoTests" name="[182] /home/travis/build/icyphy/ptII/ptolemy/actor/lib/test/auto/Interpolator.xml (RunModel)" time="0.009" />
  <testcase classname="ptolemy.util.test.junit.AutoTests" name="[183] /home/travis/build/icyphy/ptII/ptolemy/actor/lib/test/auto/InterpolatorFiringLimitDE.xml (RunModel)" time="0.011" />
  <testcase classname="ptolemy.util.test.junit.AutoTests" name="[184] /home/travis/build/icyphy/ptII/ptolemy/actor/lib/test/auto/Lattice.xml (RunModel)" time="0.007" />
  <testcase classname="ptolemy.util.test.junit.AutoTests" name="[185] /home/travis/build/icyphy/ptII/ptolemy/actor/lib/test/auto/LazyAOCTestLazy.xml (RunModel)" time="0.017" />
  <testcase classname="ptolemy.util.test.junit.AutoTests" name="[186] /home/travis/build/icyphy/ptII/ptolemy/actor/lib/test/auto/LazyAOCTestNonLazy.xml (RunModel)" time="0.014" />
  <testcase classname="ptolemy.util.test.junit.AutoTests" name="[187] /home/travis/build/icyphy/ptII/ptolemy/actor/lib/test/auto/LazyInnerClass.xml (RunModel)" time="0.016" />
  <testcase classname="ptolemy.util.test.junit.AutoTests" name="[188] /home/travis/build/icyphy/ptII/ptolemy/actor/lib/test/auto/LazyPubSub.xml (RunModel)" time="0.031" />
  <testcase classname="ptolemy.util.test.junit.AutoTests" name="[189] /home/travis/build/icyphy/ptII/ptolemy/actor/lib/test/auto/LazyPubSub2.xml (RunModel)" time="0.055" />
  <testcase classname="ptolemy.util.test.junit.AutoTests" name="[190] /home/travis/build/icyphy/ptII/ptolemy/actor/lib/test/auto/LazyPubSub3.xml (RunModel)" time="0.052" />
  <testcase classname="ptolemy.util.test.junit.AutoTests" name="[191] /home/travis/build/icyphy/ptII/ptolemy/actor/lib/test/auto/LazySubClassModel.xml (RunModel)" time="0.039" />
  <testcase classname="ptolemy.util.test.junit.AutoTests" name="[192] /home/travis/build/icyphy/ptII/ptolemy/actor/lib/test/auto/LevelCrossTest1.xml (RunModel)" time="0.01" />
  <testcase classname="ptolemy.util.test.junit.AutoTests" name="[193] /home/travis/build/icyphy/ptII/ptolemy/actor/lib/test/auto/LevelCrossTest10.xml (RunModel)" time="0.014" />
  <testcase classname="ptolemy.util.test.junit.AutoTests" name="[194] /home/travis/build/icyphy/ptII/ptolemy/actor/lib/test/auto/LevelCrossTest11.xml (RunModel)" time="0.015" />
  <testcase classname="ptolemy.util.test.junit.AutoTests" name="[195] /home/travis/build/icyphy/ptII/ptolemy/actor/lib/test/auto/LevelCrossTest12.xml (RunModel)" time="0.012" />
  <testcase classname="ptolemy.util.test.junit.AutoTests" name="[196] /home/travis/build/icyphy/ptII/ptolemy/actor/lib/test/auto/LevelCrossTest13.xml (RunModel)" time="0.012" />
  <testcase classname="ptolemy.util.test.junit.AutoTests" name="[197] /home/travis/build/icyphy/ptII/ptolemy/actor/lib/test/auto/LevelCrossTest2.xml (RunModel)" time="0.009" />
  <testcase classname="ptolemy.util.test.junit.AutoTests" name="[198] /home/travis/build/icyphy/ptII/ptolemy/actor/lib/test/auto/LevelCrossTest3.xml (RunModel)" time="0.011" />
  <testcase classname="ptolemy.util.test.junit.AutoTests" name="[199] /home/travis/build/icyphy/ptII/ptolemy/actor/lib/test/auto/LevelCrossTest4.xml (RunModel)" time="0.011" />
  <testcase classname="ptolemy.util.test.junit.AutoTests" name="[200] /home/travis/build/icyphy/ptII/ptolemy/actor/lib/test/auto/LevelCrossTest5.xml (RunModel)" time="0.013" />
  <testcase classname="ptolemy.util.test.junit.AutoTests" name="[201] /home/travis/build/icyphy/ptII/ptolemy/actor/lib/test/auto/LevelCrossTest6.xml (RunModel)" time="0.014" />
  <testcase classname="ptolemy.util.test.junit.AutoTests" name="[202] /home/travis/build/icyphy/ptII/ptolemy/actor/lib/test/auto/LevelCrossTest7.xml (RunModel)" time="0.014" />
  <testcase classname="ptolemy.util.test.junit.AutoTests" name="[203] /home/travis/build/icyphy/ptII/ptolemy/actor/lib/test/auto/LevelCrossTest8.xml (RunModel)" time="0.013" />
  <testcase classname="ptolemy.util.test.junit.AutoTests" name="[204] /home/travis/build/icyphy/ptII/ptolemy/actor/lib/test/auto/LevelCrossTest9.xml (RunModel)" time="0.012" />
  <testcase classname="ptolemy.util.test.junit.AutoTests" name="[205] /home/travis/build/icyphy/ptII/ptolemy/actor/lib/test/auto/LevinsonDurbin.xml (RunModel)" time="0.008" />
  <testcase classname="ptolemy.util.test.junit.AutoTests" name="[206] /home/travis/build/icyphy/ptII/ptolemy/actor/lib/test/auto/LevinsonDurbin2.xml (RunModel)" time="0.006" />
  <testcase classname="ptolemy.util.test.junit.AutoTests" name="[207] /home/travis/build/icyphy/ptII/ptolemy/actor/lib/test/auto/LevinsonDurbin3.xml (RunModel)" time="0.007" />
  <testcase classname="ptolemy.util.test.junit.AutoTests" name="[208] /home/travis/build/icyphy/ptII/ptolemy/actor/lib/test/auto/Limiter.xml (RunModel)" time="0.02" />
  <testcase classname="ptolemy.util.test.junit.AutoTests" name="[209] /home/travis/build/icyphy/ptII/ptolemy/actor/lib/test/auto/LinearDifferenceEquationSystem.xml (RunModel)" time="0.019" />
  <testcase classname="ptolemy.util.test.junit.AutoTests" name="[210] /home/travis/build/icyphy/ptII/ptolemy/actor/lib/test/auto/LookupTable.xml (RunModel)" time="0.014" />
  <testcase classname="ptolemy.util.test.junit.AutoTests" name="[211] /home/travis/build/icyphy/ptII/ptolemy/actor/lib/test/auto/MathFunction.xml (RunModel)" time="0.015" />
  <testcase classname="ptolemy.util.test.junit.AutoTests" name="[212] /home/travis/build/icyphy/ptII/ptolemy/actor/lib/test/auto/MathFunction2.xml (RunModel)" time="0.006" />
  <testcase classname="ptolemy.util.test.junit.AutoTests" name="[213] /home/travis/build/icyphy/ptII/ptolemy/actor/lib/test/auto/MathFunction3.xml (RunModel)" time="0.014" />
  <testcase classname="ptolemy.util.test.junit.AutoTests" name="[214] /home/travis/build/icyphy/ptII/ptolemy/actor/lib/test/auto/MatrixCropBoolean.xml (RunModel)" time="0.015" />
  <testcase classname="ptolemy.util.test.junit.AutoTests" name="[215] /home/travis/build/icyphy/ptII/ptolemy/actor/lib/test/auto/MatrixCropComplex.xml (RunModel)" time="0.007" />
  <testcase classname="ptolemy.util.test.junit.AutoTests" name="[216] /home/travis/build/icyphy/ptII/ptolemy/actor/lib/test/auto/MatrixCropDouble.xml (RunModel)" time="0.009" />
  <testcase classname="ptolemy.util.test.junit.AutoTests" name="[217] /home/travis/build/icyphy/ptII/ptolemy/actor/lib/test/auto/MatrixCropFix.xml (RunModel)" time="0.007" />
  <testcase classname="ptolemy.util.test.junit.AutoTests" name="[218] /home/travis/build/icyphy/ptII/ptolemy/actor/lib/test/auto/MatrixCropInt.xml (RunModel)" time="0.007" />
  <testcase classname="ptolemy.util.test.junit.AutoTests" name="[219] /home/travis/build/icyphy/ptII/ptolemy/actor/lib/test/auto/MatrixCropLong.xml (RunModel)" time="0.012" />
  <testcase classname="ptolemy.util.test.junit.AutoTests" name="[220] /home/travis/build/icyphy/ptII/ptolemy/actor/lib/test/auto/MatrixToArray.xml (RunModel)" time="0.034" />
  <testcase classname="ptolemy.util.test.junit.AutoTests" name="[221] /home/travis/build/icyphy/ptII/ptolemy/actor/lib/test/auto/MaxIndex.xml (RunModel)" time="0.009" />
  <testcase classname="ptolemy.util.test.junit.AutoTests" name="[222] /home/travis/build/icyphy/ptII/ptolemy/actor/lib/test/auto/Maximum.xml (RunModel)" time="0.012" />
  <testcase classname="ptolemy.util.test.junit.AutoTests" name="[223] /home/travis/build/icyphy/ptII/ptolemy/actor/lib/test/auto/MaximumComplex.xml (RunModel)" time="0.017" />
  <testcase classname="ptolemy.util.test.junit.AutoTests" name="[224] /home/travis/build/icyphy/ptII/ptolemy/actor/lib/test/auto/MethodCallTest.xml (RunModel)" time="0.017" />
  <testcase classname="ptolemy.util.test.junit.AutoTests" name="[225] /home/travis/build/icyphy/ptII/ptolemy/actor/lib/test/auto/Minimum.xml (RunModel)" time="0.017" />
  <testcase classname="ptolemy.util.test.junit.AutoTests" name="[226] /home/travis/build/icyphy/ptII/ptolemy/actor/lib/test/auto/MinimumComplex.xml (RunModel)" time="0.013" />
  <testcase classname="ptolemy.util.test.junit.AutoTests" name="[227] /home/travis/build/icyphy/ptII/ptolemy/actor/lib/test/auto/MinimumMultiports.xml (RunModel)" time="0.017" />
  <testcase classname="ptolemy.util.test.junit.AutoTests" name="[228] /home/travis/build/icyphy/ptII/ptolemy/actor/lib/test/auto/ModifyDate.xml (RunModel)" time="0.043" />
  <testcase classname="ptolemy.util.test.junit.AutoTests" name="[229] /home/travis/build/icyphy/ptII/ptolemy/actor/lib/test/auto/ModifyDate2.xml (RunModel)" time="0.024" />
  <testcase classname="ptolemy.util.test.junit.AutoTests" name="[230] /home/travis/build/icyphy/ptII/ptolemy/actor/lib/test/auto/MovingAverage.xml (RunModel)" time="0.01" />
  <testcase classname="ptolemy.util.test.junit.AutoTests" name="[231] /home/travis/build/icyphy/ptII/ptolemy/actor/lib/test/auto/MovingMaximum.xml (RunModel)" time="0.011" />
  <testcase classname="ptolemy.util.test.junit.AutoTests" name="[232] /home/travis/build/icyphy/ptII/ptolemy/actor/lib/test/auto/MultipleLinksToSameRelation.xml (RunModel)" time="0.009" />
  <testcase classname="ptolemy.util.test.junit.AutoTests" name="[233] /home/travis/build/icyphy/ptII/ptolemy/actor/lib/test/auto/MultipleLinksToSameRelationDE.xml (RunModel)" time="0.015" />
  <testcase classname="ptolemy.util.test.junit.AutoTests" name="[234] /home/travis/build/icyphy/ptII/ptolemy/actor/lib/test/auto/Multiplexor.xml (RunModel)" time="0.012" />
  <testcase classname="ptolemy.util.test.junit.AutoTests" name="[235] /home/travis/build/icyphy/ptII/ptolemy/actor/lib/test/auto/Multiplexor1.xml (RunModel)" time="0.01" />
  <testcase classname="ptolemy.util.test.junit.AutoTests" name="[236] /home/travis/build/icyphy/ptII/ptolemy/actor/lib/test/auto/Multiplexor2.xml (RunModel)" time="0.016" />
  <testcase classname="ptolemy.util.test.junit.AutoTests" name="[237] /home/travis/build/icyphy/ptII/ptolemy/actor/lib/test/auto/Multiplexor3.xml (RunModel)" time="0.009" />
  <testcase classname="ptolemy.util.test.junit.AutoTests" name="[238] /home/travis/build/icyphy/ptII/ptolemy/actor/lib/test/auto/MultiplexorDE.xml (RunModel)" time="0.014" />
  <testcase classname="ptolemy.util.test.junit.AutoTests" name="[239] /home/travis/build/icyphy/ptII/ptolemy/actor/lib/test/auto/MultiportBroadcastTest.xml (RunModel)" time="0.094" />
  <testcase classname="ptolemy.util.test.junit.AutoTests" name="[240] /home/travis/build/icyphy/ptII/ptolemy/actor/lib/test/auto/MultiportOutHangDuringGetWidth.xml (RunModel)" time="0.029" />
  <testcase classname="ptolemy.util.test.junit.AutoTests" name="[241] /home/travis/build/icyphy/ptII/ptolemy/actor/lib/test/auto/NilToken.xml (RunModel)" time="0.012" />
  <testcase classname="ptolemy.util.test.junit.AutoTests" name="[242] /home/travis/build/icyphy/ptII/ptolemy/actor/lib/test/auto/NilTokenNonStrictTest.xml (RunModel)" time="0.009" />
  <testcase classname="ptolemy.util.test.junit.AutoTests" name="[243] /home/travis/build/icyphy/ptII/ptolemy/actor/lib/test/auto/NilTokenRecord.xml (RunModel)" time="0.02" />
  <testcase classname="ptolemy.util.test.junit.AutoTests" name="[244] /home/travis/build/icyphy/ptII/ptolemy/actor/lib/test/auto/NilTokenTypeTest.xml (RunModel)" time="0.034" />
  <testcase classname="ptolemy.util.test.junit.AutoTests" name="[245] /home/travis/build/icyphy/ptII/ptolemy/actor/lib/test/auto/ObjectToken1.xml (RunModel)" time="0.01" />
  <testcase classname="ptolemy.util.test.junit.AutoTests" name="[246] /home/travis/build/icyphy/ptII/ptolemy/actor/lib/test/auto/OrderedMerge.xml (RunModel)" time="0.011" />
  <testcase classname="ptolemy.util.test.junit.AutoTests" name="[247] /home/travis/build/icyphy/ptII/ptolemy/actor/lib/test/auto/OrderedRecordDisassembler.xml (RunModel)" time="0.013" />
  <testcase classname="ptolemy.util.test.junit.AutoTests" name="[248] /home/travis/build/icyphy/ptII/ptolemy/actor/lib/test/auto/OrderedRecordDisassembler2.xml (RunModel)" time="0.014" />
  <testcase classname="ptolemy.util.test.junit.AutoTests" name="[249] /home/travis/build/icyphy/ptII/ptolemy/actor/lib/test/auto/OrderedRecordUpdater.xml (RunModel)" time="0.009" />
  <testcase classname="ptolemy.util.test.junit.AutoTests" name="[250] /home/travis/build/icyphy/ptII/ptolemy/actor/lib/test/auto/OrderedRecordUpdater2.xml (RunModel)" time="0.007" />
  <testcase classname="ptolemy.util.test.junit.AutoTests" name="[251] /home/travis/build/icyphy/ptII/ptolemy/actor/lib/test/auto/PhaseUnwrap.xml (RunModel)" time="0.011" />
  <testcase classname="ptolemy.util.test.junit.AutoTests" name="[252] /home/travis/build/icyphy/ptII/ptolemy/actor/lib/test/auto/PoissonClock.xml (RunModel)" time="0.008" />
  <testcase classname="ptolemy.util.test.junit.AutoTests" name="[253] /home/travis/build/icyphy/ptII/ptolemy/actor/lib/test/auto/PoissonClock2.xml (RunModel)" time="0.009" />
  <testcase classname="ptolemy.util.test.junit.AutoTests" name="[254] /home/travis/build/icyphy/ptII/ptolemy/actor/lib/test/auto/PoissonClock3.xml (RunModel)" time="0.007" />
  <testcase classname="ptolemy.util.test.junit.AutoTests" name="[255] /home/travis/build/icyphy/ptII/ptolemy/actor/lib/test/auto/PubSubWithInitialTokens.xml (RunModel)" time="0.01" />
  <testcase classname="ptolemy.util.test.junit.AutoTests" name="[256] /home/travis/build/icyphy/ptII/ptolemy/actor/lib/test/auto/PubSubWithInitialTokens2.xml (RunModel)" time="0.011" />
  <testcase classname="ptolemy.util.test.junit.AutoTests" name="[257] /home/travis/build/icyphy/ptII/ptolemy/actor/lib/test/auto/PublisherClassNoParameter.xml (RunModel)" time="0.018" />
  <testcase classname="ptolemy.util.test.junit.AutoTests" name="[258] /home/travis/build/icyphy/ptII/ptolemy/actor/lib/test/auto/PublisherClassParameter.xml (RunModel)" time="0.018" />
  <testcase classname="ptolemy.util.test.junit.AutoTests" name="[259] /home/travis/build/icyphy/ptII/ptolemy/actor/lib/test/auto/PublisherNonStrictTest.xml (RunModel)" time="0.013" />
  <testcase classname="ptolemy.util.test.junit.AutoTests" name="[260] /home/travis/build/icyphy/ptII/ptolemy/actor/lib/test/auto/PublisherPort1.xml (RunModel)" time="0.009" />
  <testcase classname="ptolemy.util.test.junit.AutoTests" name="[261] /home/travis/build/icyphy/ptII/ptolemy/actor/lib/test/auto/PublisherPort2.xml (RunModel)" time="0.01" />
  <testcase classname="ptolemy.util.test.junit.AutoTests" name="[262] /home/travis/build/icyphy/ptII/ptolemy/actor/lib/test/auto/PublisherPort3.xml (RunModel)" time="0.012" />
  <testcase classname="ptolemy.util.test.junit.AutoTests" name="[263] /home/travis/build/icyphy/ptII/ptolemy/actor/lib/test/auto/PublisherPort4.xml (RunModel)" time="0.01" />
  <testcase classname="ptolemy.util.test.junit.AutoTests" name="[264] /home/travis/build/icyphy/ptII/ptolemy/actor/lib/test/auto/PublisherPort5.xml (RunModel)" time="0.012" />
  <testcase classname="ptolemy.util.test.junit.AutoTests" name="[265] /home/travis/build/icyphy/ptII/ptolemy/actor/lib/test/auto/PublisherPort5LookAlike.xml (RunModel)" time="0.015" />
  <testcase classname="ptolemy.util.test.junit.AutoTests" name="[266] /home/travis/build/icyphy/ptII/ptolemy/actor/lib/test/auto/PublisherPort6.xml (RunModel)" time="0.018" />
  <testcase classname="ptolemy.util.test.junit.AutoTests" name="[267] /home/travis/build/icyphy/ptII/ptolemy/actor/lib/test/auto/PublisherPort7.xml (RunModel)" time="0.015" />
  <testcase classname="ptolemy.util.test.junit.AutoTests" name="[268] /home/travis/build/icyphy/ptII/ptolemy/actor/lib/test/auto/PublisherPort8.xml (RunModel)" time="0.017" />
  <testcase classname="ptolemy.util.test.junit.AutoTests" name="[269] /home/travis/build/icyphy/ptII/ptolemy/actor/lib/test/auto/PublisherPortSubscriberChannelVariablesAOC2.xml (RunModel)" time="0.032" />
  <testcase classname="ptolemy.util.test.junit.AutoTests" name="[270] /home/travis/build/icyphy/ptII/ptolemy/actor/lib/test/auto/PublisherPortSubscriberOpaqueWidthInference.xml (RunModel)" time="0.016" />
  <testcase classname="ptolemy.util.test.junit.AutoTests" name="[271] /home/travis/build/icyphy/ptII/ptolemy/actor/lib/test/auto/PublisherPortSubscriberPortAdjacent.xml (RunModel)" time="0.02" />
  <testcase classname="ptolemy.util.test.junit.AutoTests" name="[272] /home/travis/build/icyphy/ptII/ptolemy/actor/lib/test/auto/PublisherPortSubscriberPortExpression.xml (RunModel)" time="0.018" />
  <testcase classname="ptolemy.util.test.junit.AutoTests" name="[273] /home/travis/build/icyphy/ptII/ptolemy/actor/lib/test/auto/PublisherPortSubscriberPortOpaqueD3Reverse.xml (RunModel)" time="0.039" />
  <testcase classname="ptolemy.util.test.junit.AutoTests" name="[274] /home/travis/build/icyphy/ptII/ptolemy/actor/lib/test/auto/PublisherPortSubscriberPortOpaqueWidthInference.xml (RunModel)" time="0.015" />
  <testcase classname="ptolemy.util.test.junit.AutoTests" name="[275] /home/travis/build/icyphy/ptII/ptolemy/actor/lib/test/auto/PublisherPortToplevelSubscriberPortAOC.xml (RunModel)" time="0.01" />
  <testcase classname="ptolemy.util.test.junit.AutoTests" name="[276] /home/travis/build/icyphy/ptII/ptolemy/actor/lib/test/auto/PublisherSubscriber.xml (RunModel)" time="0.014" />
  <testcase classname="ptolemy.util.test.junit.AutoTests" name="[277] /home/travis/build/icyphy/ptII/ptolemy/actor/lib/test/auto/PublisherSubscriber10.xml (RunModel)" time="0.02" />
  <testcase classname="ptolemy.util.test.junit.AutoTests" name="[278] /home/travis/build/icyphy/ptII/ptolemy/actor/lib/test/auto/PublisherSubscriber10InitialOutputs.xml (RunModel)" time="0.024" />
  <testcase classname="ptolemy.util.test.junit.AutoTests" name="[279] /home/travis/build/icyphy/ptII/ptolemy/actor/lib/test/auto/PublisherSubscriber11.xml (RunModel)" time="0.018" />
  <testcase classname="ptolemy.util.test.junit.AutoTests" name="[280] /home/travis/build/icyphy/ptII/ptolemy/actor/lib/test/auto/PublisherSubscriber12.xml (RunModel)" time="0.011" />
  <testcase classname="ptolemy.util.test.junit.AutoTests" name="[281] /home/travis/build/icyphy/ptII/ptolemy/actor/lib/test/auto/PublisherSubscriber13.xml (RunModel)" time="0.009" />
  <testcase classname="ptolemy.util.test.junit.AutoTests" name="[282] /home/travis/build/icyphy/ptII/ptolemy/actor/lib/test/auto/PublisherSubscriber14.xml (RunModel)" time="0.024" />
  <testcase classname="ptolemy.util.test.junit.AutoTests" name="[283] /home/travis/build/icyphy/ptII/ptolemy/actor/lib/test/auto/PublisherSubscriber2.xml (RunModel)" time="0.007" />
  <testcase classname="ptolemy.util.test.junit.AutoTests" name="[284] /home/travis/build/icyphy/ptII/ptolemy/actor/lib/test/auto/PublisherSubscriber3.xml (RunModel)" time="0.008" />
  <testcase classname="ptolemy.util.test.junit.AutoTests" name="[285] /home/travis/build/icyphy/ptII/ptolemy/actor/lib/test/auto/PublisherSubscriber4.xml (RunModel)" time="0.009" />
  <testcase classname="ptolemy.util.test.junit.AutoTests" name="[286] /home/travis/build/icyphy/ptII/ptolemy/actor/lib/test/auto/PublisherSubscriber5.xml (RunModel)" time="0.011" />
  <testcase classname="ptolemy.util.test.junit.AutoTests" name="[287] /home/travis/build/icyphy/ptII/ptolemy/actor/lib/test/auto/PublisherSubscriber6.xml (RunModel)" time="0.011" />
  <testcase classname="ptolemy.util.test.junit.AutoTests" name="[288] /home/travis/build/icyphy/ptII/ptolemy/actor/lib/test/auto/PublisherSubscriber7.xml (RunModel)" time="0.012" />
  <testcase classname="ptolemy.util.test.junit.AutoTests" name="[289] /home/travis/build/icyphy/ptII/ptolemy/actor/lib/test/auto/PublisherSubscriber8.xml (RunModel)" time="0.04" />
  <testcase classname="ptolemy.util.test.junit.AutoTests" name="[290] /home/travis/build/icyphy/ptII/ptolemy/actor/lib/test/auto/PublisherSubscriber9.xml (RunModel)" time="0.023" />
  <testcase classname="ptolemy.util.test.junit.AutoTests" name="[291] /home/travis/build/icyphy/ptII/ptolemy/actor/lib/test/auto/PublisherSubscriberAdjacent.xml (RunModel)" time="0.014" />
  <testcase classname="ptolemy.util.test.junit.AutoTests" name="[292] /home/travis/build/icyphy/ptII/ptolemy/actor/lib/test/auto/PublisherSubscriberChannelVariablesAOC2.xml (RunModel)" time="0.025" />
  <testcase classname="ptolemy.util.test.junit.AutoTests" name="[293] /home/travis/build/icyphy/ptII/ptolemy/actor/lib/test/auto/PublisherSubscriberD3.xml (RunModel)" time="0.011" />
  <testcase classname="ptolemy.util.test.junit.AutoTests" name="[294] /home/travis/build/icyphy/ptII/ptolemy/actor/lib/test/auto/PublisherSubscriberD3Reverse.xml (RunModel)" time="0.01" />
  <testcase classname="ptolemy.util.test.junit.AutoTests" name="[295] /home/travis/build/icyphy/ptII/ptolemy/actor/lib/test/auto/PublisherSubscriberExpression.xml (RunModel)" time="0.015" />
  <testcase classname="ptolemy.util.test.junit.AutoTests" name="[296] /home/travis/build/icyphy/ptII/ptolemy/actor/lib/test/auto/PublisherSubscriberOpaque.xml (RunModel)" time="0.013" />
  <testcase classname="ptolemy.util.test.junit.AutoTests" name="[297] /home/travis/build/icyphy/ptII/ptolemy/actor/lib/test/auto/PublisherSubscriberOpaqueD3.xml (RunModel)" time="0.018" />
  <testcase classname="ptolemy.util.test.junit.AutoTests" name="[298] /home/travis/build/icyphy/ptII/ptolemy/actor/lib/test/auto/PublisherSubscriberOpaqueD3Reverse.xml (RunModel)" time="0.016" />
  <testcase classname="ptolemy.util.test.junit.AutoTests" name="[299] /home/travis/build/icyphy/ptII/ptolemy/actor/lib/test/auto/PublisherSubscriberOpaqueWidthInference.xml (RunModel)" time="0.014" />
  <testcase classname="ptolemy.util.test.junit.AutoTests" name="[300] /home/travis/build/icyphy/ptII/ptolemy/actor/lib/test/auto/PublisherTestSubscriber.xml (RunModel)" time="0.016" />
  <testcase classname="ptolemy.util.test.junit.AutoTests" name="[301] /home/travis/build/icyphy/ptII/ptolemy/actor/lib/test/auto/PublisherToplevelSubscriberPortAOC.xml (RunModel)" time="0.01" />
  <testcase classname="ptolemy.util.test.junit.AutoTests" name="[302] /home/travis/build/icyphy/ptII/ptolemy/actor/lib/test/auto/PulseFiringLimitDE.xml (RunModel)" time="0.011" />
  <testcase classname="ptolemy.util.test.junit.AutoTests" name="[303] /home/travis/build/icyphy/ptII/ptolemy/actor/lib/test/auto/Ramp1.xml (RunModel)" time="0.006" />
  <testcase classname="ptolemy.util.test.junit.AutoTests" name="[304] /home/travis/build/icyphy/ptII/ptolemy/actor/lib/test/auto/RampFiringLimitDE.xml (RunModel)" time="0.01" />
  <testcase classname="ptolemy.util.test.junit.AutoTests" name="[305] /home/travis/build/icyphy/ptII/ptolemy/actor/lib/test/auto/RampFiringLimitSDF.xml (RunModel)" time="0.009" />
  <testcase classname="ptolemy.util.test.junit.AutoTests" name="[306] /home/travis/build/icyphy/ptII/ptolemy/actor/lib/test/auto/RandomInteger.xml (RunModel)" time="0.007" />
  <testcase classname="ptolemy.util.test.junit.AutoTests" name="[307] /home/travis/build/icyphy/ptII/ptolemy/actor/lib/test/auto/ReadFile1.xml (RunModel)" time="0.008" />
  <testcase classname="ptolemy.util.test.junit.AutoTests" name="[308] /home/travis/build/icyphy/ptII/ptolemy/actor/lib/test/auto/ReadFile2.xml (RunModel)" time="0.007" />
  <testcase classname="ptolemy.util.test.junit.AutoTests" name="[309] /home/travis/build/icyphy/ptII/ptolemy/actor/lib/test/auto/Reader.xml (RunModel)" time="0.018" />
  <testcase classname="ptolemy.util.test.junit.AutoTests" name="[310] /home/travis/build/icyphy/ptII/ptolemy/actor/lib/test/auto/RecordAssemblerDisplayNameTest.xml (RunModel)" time="2.732" />
  <testcase classname="ptolemy.util.test.junit.AutoTests" name="[311] /home/travis/build/icyphy/ptII/ptolemy/actor/lib/test/auto/RecordAssemblerTypeError.xml (RunModel)" time="0.055" />
  <testcase classname="ptolemy.util.test.junit.AutoTests" name="[312] /home/travis/build/icyphy/ptII/ptolemy/actor/lib/test/auto/RecordDisassember.xml (RunModel)" time="0.013" />
  <testcase classname="ptolemy.util.test.junit.AutoTests" name="[313] /home/travis/build/icyphy/ptII/ptolemy/actor/lib/test/auto/RecordDisassemberDisplayNameTest.xml (RunModel)" time="0.027" />
  <testcase classname="ptolemy.util.test.junit.AutoTests" name="[314] /home/travis/build/icyphy/ptII/ptolemy/actor/lib/test/auto/RecordDisassembler.xml (RunModel)" time="0.014" />
  <testcase classname="ptolemy.util.test.junit.AutoTests" name="[315] /home/travis/build/icyphy/ptII/ptolemy/actor/lib/test/auto/RecordDisassembler2.xml (RunModel)" time="0.012" />
  <testcase classname="ptolemy.util.test.junit.AutoTests" name="[316] /home/travis/build/icyphy/ptII/ptolemy/actor/lib/test/auto/RecordUpdater.xml (RunModel)" time="0.011" />
  <testcase classname="ptolemy.util.test.junit.AutoTests" name="[317] /home/travis/build/icyphy/ptII/ptolemy/actor/lib/test/auto/RecordUpdater2.xml (RunModel)" time="0.008" />
  <testcase classname="ptolemy.util.test.junit.AutoTests" name="[318] /home/travis/build/icyphy/ptII/ptolemy/actor/lib/test/auto/RecursiveLattice.xml (RunModel)" time="0.011" />
  <testcase classname="ptolemy.util.test.junit.AutoTests" name="[319] /home/travis/build/icyphy/ptII/ptolemy/actor/lib/test/auto/Router.xml (RunModel)" time="3.024" />
  <testcase classname="ptolemy.util.test.junit.AutoTests" name="[320] /home/travis/build/icyphy/ptII/ptolemy/actor/lib/test/auto/Router2.xml (RunModel)" time="3.019" />
  <testcase classname="ptolemy.util.test.junit.AutoTests" name="[321] /home/travis/build/icyphy/ptII/ptolemy/actor/lib/test/auto/RunningMaximum.xml (RunModel)" time="0.019" />
  <testcase classname="ptolemy.util.test.junit.AutoTests" name="[322] /home/travis/build/icyphy/ptII/ptolemy/actor/lib/test/auto/RunningMinimum.xml (RunModel)" time="0.008" />
  <testcase classname="ptolemy.util.test.junit.AutoTests" name="[323] /home/travis/build/icyphy/ptII/ptolemy/actor/lib/test/auto/Scale.xml (RunModel)" time="0.007" />
  <testcase classname="ptolemy.util.test.junit.AutoTests" name="[324] /home/travis/build/icyphy/ptII/ptolemy/actor/lib/test/auto/Scale2.xml (RunModel)" time="0.008" />
  <testcase classname="ptolemy.util.test.junit.AutoTests" name="[325] /home/travis/build/icyphy/ptII/ptolemy/actor/lib/test/auto/Scale3.xml (RunModel)" time="0.012" />
  <testcase classname="ptolemy.util.test.junit.AutoTests" name="[326] /home/travis/build/icyphy/ptII/ptolemy/actor/lib/test/auto/ScaleArray.xml (RunModel)" time="0.007" />
  <testcase classname="ptolemy.util.test.junit.AutoTests" name="[327] /home/travis/build/icyphy/ptII/ptolemy/actor/lib/test/auto/ScaleArray2.xml (RunModel)" time="0.007" />
  <testcase classname="ptolemy.util.test.junit.AutoTests" name="[328] /home/travis/build/icyphy/ptII/ptolemy/actor/lib/test/auto/ScaleMatrix.xml (RunModel)" time="0.106" />
  <testcase classname="ptolemy.util.test.junit.AutoTests" name="[329] /home/travis/build/icyphy/ptII/ptolemy/actor/lib/test/auto/Select.xml (RunModel)" time="0.024" />
  <testcase classname="ptolemy.util.test.junit.AutoTests" name="[330] /home/travis/build/icyphy/ptII/ptolemy/actor/lib/test/auto/Select2.xml (RunModel)" time="0.008" />
  <testcase classname="ptolemy.util.test.junit.AutoTests" name="[331] /home/travis/build/icyphy/ptII/ptolemy/actor/lib/test/auto/SequenceToArray2.xml (RunModel)" time="0.111" />
  <testcase classname="ptolemy.util.test.junit.AutoTests" name="[332] /home/travis/build/icyphy/ptII/ptolemy/actor/lib/test/auto/SequentialClock.xml (RunModel)" time="0.007" />
  <testcase classname="ptolemy.util.test.junit.AutoTests" name="[333] /home/travis/build/icyphy/ptII/ptolemy/actor/lib/test/auto/SetVariable.xml (RunModel)" time="0.012" />
  <testcase classname="ptolemy.util.test.junit.AutoTests" name="[334] /home/travis/build/icyphy/ptII/ptolemy/actor/lib/test/auto/SetVariable2.xml (RunModel)" time="0.008" />
  <testcase classname="ptolemy.util.test.junit.AutoTests" name="[335] /home/travis/build/icyphy/ptII/ptolemy/actor/lib/test/auto/SetVariable3.xml (RunModel)" time="0.012" />
  <testcase classname="ptolemy.util.test.junit.AutoTests" name="[336] /home/travis/build/icyphy/ptII/ptolemy/actor/lib/test/auto/SetVariable4.xml (RunModel)" time="0.022" />
  <testcase classname="ptolemy.util.test.junit.AutoTests" name="[337] /home/travis/build/icyphy/ptII/ptolemy/actor/lib/test/auto/SetVariable5.xml (RunModel)" time="0.034" />
  <testcase classname="ptolemy.util.test.junit.AutoTests" name="[338] /home/travis/build/icyphy/ptII/ptolemy/actor/lib/test/auto/Sinewave.xml (RunModel)" time="0.021" />
  <testcase classname="ptolemy.util.test.junit.AutoTests" name="[339] /home/travis/build/icyphy/ptII/ptolemy/actor/lib/test/auto/Sinewave2.xml (RunModel)" time="0.017" />
  <testcase classname="ptolemy.util.test.junit.AutoTests" name="[340] /home/travis/build/icyphy/ptII/ptolemy/actor/lib/test/auto/Sinewave3.xml (RunModel)" time="0.02" />
  <testcase classname="ptolemy.util.test.junit.AutoTests" name="[341] /home/travis/build/icyphy/ptII/ptolemy/actor/lib/test/auto/SingleEvent.xml (RunModel)" time="0.008" />
  <testcase classname="ptolemy.util.test.junit.AutoTests" name="[342] /home/travis/build/icyphy/ptII/ptolemy/actor/lib/test/auto/Sleep.xml (RunModel)" time="6.016" />
  <testcase classname="ptolemy.util.test.junit.AutoTests" name="[343] /home/travis/build/icyphy/ptII/ptolemy/actor/lib/test/auto/SleepMultipleFire.xml (RunModel)" time="1.023" />
  <testcase classname="ptolemy.util.test.junit.AutoTests" name="[344] /home/travis/build/icyphy/ptII/ptolemy/actor/lib/test/auto/StopDE.xml (RunModel)" time="0.013" />
  <testcase classname="ptolemy.util.test.junit.AutoTests" name="[345] /home/travis/build/icyphy/ptII/ptolemy/actor/lib/test/auto/StopSDF.xml (RunModel)" time="0.012" />
  <testcase classname="ptolemy.util.test.junit.AutoTests" name="[346] /home/travis/build/icyphy/ptII/ptolemy/actor/lib/test/auto/StringConstant.xml (RunModel)" time="0.014" />
  <testcase classname="ptolemy.util.test.junit.AutoTests" name="[347] /home/travis/build/icyphy/ptII/ptolemy/actor/lib/test/auto/SubscriberPortInitialValues1.xml (RunModel)" time="0.014" />
  <testcase classname="ptolemy.util.test.junit.AutoTests" name="[348] /home/travis/build/icyphy/ptII/ptolemy/actor/lib/test/auto/SubscriberPortInitialValues13.xml (RunModel)" time="0.021" />
  <testcase classname="ptolemy.util.test.junit.AutoTests" name="[349] /home/travis/build/icyphy/ptII/ptolemy/actor/lib/test/auto/SubscriberPortInitialValues14.xml (RunModel)" time="0.013" />
  <testcase classname="ptolemy.util.test.junit.AutoTests" name="[350] /home/travis/build/icyphy/ptII/ptolemy/actor/lib/test/auto/SubscriberPortInitialValues2.xml (RunModel)" time="0.016" />
  <testcase classname="ptolemy.util.test.junit.AutoTests" name="[351] /home/travis/build/icyphy/ptII/ptolemy/actor/lib/test/auto/SubscriberPortInitialValues3.xml (RunModel)" time="0.016" />
  <testcase classname="ptolemy.util.test.junit.AutoTests" name="[352] /home/travis/build/icyphy/ptII/ptolemy/actor/lib/test/auto/SubscriptionAggregator.xml (RunModel)" time="0.011" />
  <testcase classname="ptolemy.util.test.junit.AutoTests" name="[353] /home/travis/build/icyphy/ptII/ptolemy/actor/lib/test/auto/SubscriptionAggregator2.xml (RunModel)" time="0.01" />
  <testcase classname="ptolemy.util.test.junit.AutoTests" name="[354] /home/travis/build/icyphy/ptII/ptolemy/actor/lib/test/auto/SubscriptionAggregator3.xml (RunModel)" time="0.014" />
  <testcase classname="ptolemy.util.test.junit.AutoTests" name="[355] /home/travis/build/icyphy/ptII/ptolemy/actor/lib/test/auto/SubscriptionAggregatorMultiply.xml (RunModel)" time="0.013" />
  <testcase classname="ptolemy.util.test.junit.AutoTests" name="[356] /home/travis/build/icyphy/ptII/ptolemy/actor/lib/test/auto/SubscriptionAggregatorPortMultiply1.xml (RunModel)" time="0.012" />
  <testcase classname="ptolemy.util.test.junit.AutoTests" name="[357] /home/travis/build/icyphy/ptII/ptolemy/actor/lib/test/auto/Switch.xml (RunModel)" time="0.013" />
  <testcase classname="ptolemy.util.test.junit.AutoTests" name="[358] /home/travis/build/icyphy/ptII/ptolemy/actor/lib/test/auto/Switch2.xml (RunModel)" time="0.012" />
  <testcase classname="ptolemy.util.test.junit.AutoTests" name="[359] /home/travis/build/icyphy/ptII/ptolemy/actor/lib/test/auto/SwitchDE.xml (RunModel)" time="0.018" />
  <testcase classname="ptolemy.util.test.junit.AutoTests" name="[360] /home/travis/build/icyphy/ptII/ptolemy/actor/lib/test/auto/SynchronizerDE.xml (RunModel)" time="0.02" />
  <testcase classname="ptolemy.util.test.junit.AutoTests" name="[361] /home/travis/build/icyphy/ptII/ptolemy/actor/lib/test/auto/Test.xml (RunModel)" time="0.017" />
  <testcase classname="ptolemy.util.test.junit.AutoTests" name="[362] /home/travis/build/icyphy/ptII/ptolemy/actor/lib/test/auto/TestExceptionAttribute1.xml (RunModel)" time="0.013" />
  <testcase classname="ptolemy.util.test.junit.AutoTests" name="[363] /home/travis/build/icyphy/ptII/ptolemy/actor/lib/test/auto/TestExceptionAttribute2.xml (RunModel)" time="0.006" />
  <testcase classname="ptolemy.util.test.junit.AutoTests" name="[364] /home/travis/build/icyphy/ptII/ptolemy/actor/lib/test/auto/TestExceptionAttribute3.xml (RunModel)" time="0.007" />
  <testcase classname="ptolemy.util.test.junit.AutoTests" name="[365] /home/travis/build/icyphy/ptII/ptolemy/actor/lib/test/auto/TestExceptionAttribute4.xml (RunModel)" time="0.006" />
  <testcase classname="ptolemy.util.test.junit.AutoTests" name="[366] /home/travis/build/icyphy/ptII/ptolemy/actor/lib/test/auto/TestExceptionHandler1.xml (RunModel)" time="0.006" />
  <testcase classname="ptolemy.util.test.junit.AutoTests" name="[367] /home/travis/build/icyphy/ptII/ptolemy/actor/lib/test/auto/TestExceptionHandler2.xml (RunModel)" time="0.009" />
  <testcase classname="ptolemy.util.test.junit.AutoTests" name="[368] /home/travis/build/icyphy/ptII/ptolemy/actor/lib/test/auto/TestExceptionHandler3.xml (RunModel)" time="0.006" />
  <testcase classname="ptolemy.util.test.junit.AutoTests" name="[369] /home/travis/build/icyphy/ptII/ptolemy/actor/lib/test/auto/TestExceptionHandler4.xml (RunModel)" time="0.004" />
  <testcase classname="ptolemy.util.test.junit.AutoTests" name="[370] /home/travis/build/icyphy/ptII/ptolemy/actor/lib/test/auto/TestRequireCorrectOrder.xml (RunModel)" time="0.009" />
  <testcase classname="ptolemy.util.test.junit.AutoTests" name="[371] /home/travis/build/icyphy/ptII/ptolemy/actor/lib/test/auto/TestSimple.xml (RunModel)" time="0.004" />
  <testcase classname="ptolemy.util.test.junit.AutoTests" name="[372] /home/travis/build/icyphy/ptII/ptolemy/actor/lib/test/auto/ThrowModelError.xml (RunModel)" time="0.007" />
  <testcase classname="ptolemy.util.test.junit.AutoTests" name="[373] /home/travis/build/icyphy/ptII/ptolemy/actor/lib/test/auto/TimeDelayMicrosteps.xml (RunModel)" time="0.008" />
  <testcase classname="ptolemy.util.test.junit.AutoTests" name="[374] /home/travis/build/icyphy/ptII/ptolemy/actor/lib/test/auto/TimeDelayMicrosteps2.xml (RunModel)" time="0.01" />
  <testcase classname="ptolemy.util.test.junit.AutoTests" name="[375] /home/travis/build/icyphy/ptII/ptolemy/actor/lib/test/auto/TimeDelayMicrosteps3.xml (RunModel)" time="0.008" />
  <testcase classname="ptolemy.util.test.junit.AutoTests" name="[376] /home/travis/build/icyphy/ptII/ptolemy/actor/lib/test/auto/TimeDelayVariableMicrosteps.xml (RunModel)" time="0.008" />
  <testcase classname="ptolemy.util.test.junit.AutoTests" name="[377] /home/travis/build/icyphy/ptII/ptolemy/actor/lib/test/auto/TimeGap.xml (RunModel)" time="0.009" />
  <testcase classname="ptolemy.util.test.junit.AutoTests" name="[378] /home/travis/build/icyphy/ptII/ptolemy/actor/lib/test/auto/TimeGap2.xml (RunModel)" time="0.008" />
  <testcase classname="ptolemy.util.test.junit.AutoTests" name="[379] /home/travis/build/icyphy/ptII/ptolemy/actor/lib/test/auto/TimedSinewave.xml (RunModel)" time="0.038" />
  <testcase classname="ptolemy.util.test.junit.AutoTests" name="[380] /home/travis/build/icyphy/ptII/ptolemy/actor/lib/test/auto/TimedSinewavePhase.xml (RunModel)" time="0.023" />
  <testcase classname="ptolemy.util.test.junit.AutoTests" name="[381] /home/travis/build/icyphy/ptII/ptolemy/actor/lib/test/auto/Timer.xml (RunModel)" time="0.009" />
  <testcase classname="ptolemy.util.test.junit.AutoTests" name="[382] /home/travis/build/icyphy/ptII/ptolemy/actor/lib/test/auto/TriangularDistTestModel.xml (RunModel)" time="0.015" />
  <testcase classname="ptolemy.util.test.junit.AutoTests" name="[383] /home/travis/build/icyphy/ptII/ptolemy/actor/lib/test/auto/TrigFunction.xml (RunModel)" time="0.007" />
  <testcase classname="ptolemy.util.test.junit.AutoTests" name="[384] /home/travis/build/icyphy/ptII/ptolemy/actor/lib/test/auto/TrigFunctionDE.xml (RunModel)" time="0.007" />
  <testcase classname="ptolemy.util.test.junit.AutoTests" name="[385] /home/travis/build/icyphy/ptII/ptolemy/actor/lib/test/auto/TrigFunctionInverse.xml (RunModel)" time="0.006" />
  <testcase classname="ptolemy.util.test.junit.AutoTests" name="[386] /home/travis/build/icyphy/ptII/ptolemy/actor/lib/test/auto/TrigFunctionTan.xml (RunModel)" time="0.004" />
  <testcase classname="ptolemy.util.test.junit.AutoTests" name="[387] /home/travis/build/icyphy/ptII/ptolemy/actor/lib/test/auto/TriggeredClock.xml (RunModel)" time="0.005" />
  <testcase classname="ptolemy.util.test.junit.AutoTests" name="[388] /home/travis/build/icyphy/ptII/ptolemy/actor/lib/test/auto/URLDirectoryReader.xml (RunModel)" time="0.07" />
  <testcase classname="ptolemy.util.test.junit.AutoTests" name="[389] /home/travis/build/icyphy/ptII/ptolemy/actor/lib/test/auto/URLDirectoryReader3.xml (RunModel)" time="1.293" />
  <testcase classname="ptolemy.util.test.junit.AutoTests" name="[390] /home/travis/build/icyphy/ptII/ptolemy/actor/lib/test/auto/UnaryMathFunction.xml (RunModel)" time="0.048" />
  <testcase classname="ptolemy.util.test.junit.AutoTests" name="[391] /home/travis/build/icyphy/ptII/ptolemy/actor/lib/test/auto/Uniform.xml (RunModel)" time="0.033" />
  <testcase classname="ptolemy.util.test.junit.AutoTests" name="[392] /home/travis/build/icyphy/ptII/ptolemy/actor/lib/test/auto/UnionDisassemblerTest.xml (RunModel)" time="0.023" />
  <testcase classname="ptolemy.util.test.junit.AutoTests" name="[393] /home/travis/build/icyphy/ptII/ptolemy/actor/lib/test/auto/UtilityFunctions.xml (RunModel)" time="0.026" />
  <testcase classname="ptolemy.util.test.junit.AutoTests" name="[394] /home/travis/build/icyphy/ptII/ptolemy/actor/lib/test/auto/VariableSleep.xml (RunModel)" time="0.541" />
  <testcase classname="ptolemy.util.test.junit.AutoTests" name="[395] /home/travis/build/icyphy/ptII/ptolemy/actor/lib/test/auto/VectorAssemblerDisassemblerCT.xml (RunModel)" time="0.079" />
  <testcase classname="ptolemy.util.test.junit.AutoTests" name="[396] /home/travis/build/icyphy/ptII/ptolemy/actor/lib/test/auto/VectorAssemblerDisassemblerDE.xml (RunModel)" time="0.012" />
  <testcase classname="ptolemy.util.test.junit.AutoTests" name="[397] /home/travis/build/icyphy/ptII/ptolemy/actor/lib/test/auto/VectorAssemblerDisassemblerSDF.xml (RunModel)" time="0.012" />
  <testcase classname="ptolemy.util.test.junit.AutoTests" name="[398] /home/travis/build/icyphy/ptII/ptolemy/actor/lib/test/auto/WallClockTime.xml (RunModel)" time="1.017" />
  <testcase classname="ptolemy.util.test.junit.AutoTests" name="[399] /home/travis/build/icyphy/ptII/ptolemy/actor/lib/test/auto/WidthTestWithSubscriberPublisher.xml (RunModel)" time="0.055" />
  <testcase classname="ptolemy.util.test.junit.AutoTests" name="[400] /home/travis/build/icyphy/ptII/ptolemy/actor/lib/test/auto/WidthTestWithSubscriberPublisher2.xml (RunModel)" time="0.011" />
  <testcase classname="ptolemy.util.test.junit.AutoTests" name="[401] /home/travis/build/icyphy/ptII/ptolemy/actor/lib/test/auto/WidthTestWithSubscriberPublisher3.xml (RunModel)" time="0.023" />
  <testcase classname="ptolemy.util.test.junit.AutoTests" name="[402] /home/travis/build/icyphy/ptII/ptolemy/actor/lib/test/auto/Writer.xml (RunModel)" time="0.008" />
  <testcase classname="ptolemy.util.test.junit.AutoTests" name="[403] /home/travis/build/icyphy/ptII/ptolemy/actor/lib/test/auto/array.xml (RunModel)" time="0.008" />
  <testcase classname="ptolemy.util.test.junit.AutoTests" name="[404] /home/travis/build/icyphy/ptII/ptolemy/actor/lib/test/auto/array2.xml (RunModel)" time="0.018" />
  <testcase classname="ptolemy.util.test.junit.AutoTests" name="[405] /home/travis/build/icyphy/ptII/ptolemy/actor/lib/test/auto/arrayType.xml (RunModel)" time="0.014" />
  <testcase classname="ptolemy.util.test.junit.AutoTests" name="[406] /home/travis/build/icyphy/ptII/ptolemy/actor/lib/test/auto/arrayType10.xml (RunModel)" time="0.011" />
  <testcase classname="ptolemy.util.test.junit.AutoTests" name="[407] /home/travis/build/icyphy/ptII/ptolemy/actor/lib/test/auto/arrayType11.xml (RunModel)" time="0.009" />
  <testcase classname="ptolemy.util.test.junit.AutoTests" name="[408] /home/travis/build/icyphy/ptII/ptolemy/actor/lib/test/auto/arrayType12.xml (RunModel)" time="0.022" />
  <testcase classname="ptolemy.util.test.junit.AutoTests" name="[409] /home/travis/build/icyphy/ptII/ptolemy/actor/lib/test/auto/arrayType13.xml (RunModel)" time="0.01" />
  <testcase classname="ptolemy.util.test.junit.AutoTests" name="[410] /home/travis/build/icyphy/ptII/ptolemy/actor/lib/test/auto/arrayType14.xml (RunModel)" time="0.009" />
  <testcase classname="ptolemy.util.test.junit.AutoTests" name="[411] /home/travis/build/icyphy/ptII/ptolemy/actor/lib/test/auto/arrayType15.xml (RunModel)" time="0.008" />
  <testcase classname="ptolemy.util.test.junit.AutoTests" name="[412] /home/travis/build/icyphy/ptII/ptolemy/actor/lib/test/auto/arrayType16.xml (RunModel)" time="0.007" />
  <testcase classname="ptolemy.util.test.junit.AutoTests" name="[413] /home/travis/build/icyphy/ptII/ptolemy/actor/lib/test/auto/arrayType17.xml (RunModel)" time="0.008" />
  <testcase classname="ptolemy.util.test.junit.AutoTests" name="[414] /home/travis/build/icyphy/ptII/ptolemy/actor/lib/test/auto/arrayType18.xml (RunModel)" time="0.007" />
  <testcase classname="ptolemy.util.test.junit.AutoTests" name="[415] /home/travis/build/icyphy/ptII/ptolemy/actor/lib/test/auto/arrayType19.xml (RunModel)" time="0.006" />
  <testcase classname="ptolemy.util.test.junit.AutoTests" name="[416] /home/travis/build/icyphy/ptII/ptolemy/actor/lib/test/auto/arrayType2.xml (RunModel)" time="0.012" />
  <testcase classname="ptolemy.util.test.junit.AutoTests" name="[417] /home/travis/build/icyphy/ptII/ptolemy/actor/lib/test/auto/arrayType20.xml (RunModel)" time="0.007" />
  <testcase classname="ptolemy.util.test.junit.AutoTests" name="[418] /home/travis/build/icyphy/ptII/ptolemy/actor/lib/test/auto/arrayType21.xml (RunModel)" time="0.007" />
  <testcase classname="ptolemy.util.test.junit.AutoTests" name="[419] /home/travis/build/icyphy/ptII/ptolemy/actor/lib/test/auto/arrayType22.xml (RunModel)" time="0.007" />
  <testcase classname="ptolemy.util.test.junit.AutoTests" name="[420] /home/travis/build/icyphy/ptII/ptolemy/actor/lib/test/auto/arrayType23.xml (RunModel)" time="0.007" />
  <testcase classname="ptolemy.util.test.junit.AutoTests" name="[421] /home/travis/build/icyphy/ptII/ptolemy/actor/lib/test/auto/arrayType24.xml (RunModel)" time="0.012" />
  <testcase classname="ptolemy.util.test.junit.AutoTests" name="[422] /home/travis/build/icyphy/ptII/ptolemy/actor/lib/test/auto/arrayType25.xml (RunModel)" time="0.009" />
  <testcase classname="ptolemy.util.test.junit.AutoTests" name="[423] /home/travis/build/icyphy/ptII/ptolemy/actor/lib/test/auto/arrayType26.xml (RunModel)" time="0.007" />
  <testcase classname="ptolemy.util.test.junit.AutoTests" name="[424] /home/travis/build/icyphy/ptII/ptolemy/actor/lib/test/auto/arrayType27.xml (RunModel)" time="0.007" />
  <testcase classname="ptolemy.util.test.junit.AutoTests" name="[425] /home/travis/build/icyphy/ptII/ptolemy/actor/lib/test/auto/arrayType28.xml (RunModel)" time="0.01" />
  <testcase classname="ptolemy.util.test.junit.AutoTests" name="[426] /home/travis/build/icyphy/ptII/ptolemy/actor/lib/test/auto/arrayType3.xml (RunModel)" time="0.008" />
  <testcase classname="ptolemy.util.test.junit.AutoTests" name="[427] /home/travis/build/icyphy/ptII/ptolemy/actor/lib/test/auto/arrayType4.xml (RunModel)" time="0.008" />
  <testcase classname="ptolemy.util.test.junit.AutoTests" name="[428] /home/travis/build/icyphy/ptII/ptolemy/actor/lib/test/auto/arrayType5.xml (RunModel)" time="0.008" />
  <testcase classname="ptolemy.util.test.junit.AutoTests" name="[429] /home/travis/build/icyphy/ptII/ptolemy/actor/lib/test/auto/arrayType6.xml (RunModel)" time="0.007" />
  <testcase classname="ptolemy.util.test.junit.AutoTests" name="[430] /home/travis/build/icyphy/ptII/ptolemy/actor/lib/test/auto/arrayType7.xml (RunModel)" time="0.014" />
  <testcase classname="ptolemy.util.test.junit.AutoTests" name="[431] /home/travis/build/icyphy/ptII/ptolemy/actor/lib/test/auto/arrayType8.xml (RunModel)" time="0.008" />
  <testcase classname="ptolemy.util.test.junit.AutoTests" name="[432] /home/travis/build/icyphy/ptII/ptolemy/actor/lib/test/auto/arrayType9.xml (RunModel)" time="0.018" />
  <testcase classname="ptolemy.util.test.junit.AutoTests" name="[433] /home/travis/build/icyphy/ptII/ptolemy/actor/lib/test/auto/cast.xml (RunModel)" time="0.007" />
  <testcase classname="ptolemy.util.test.junit.AutoTests" name="[434] /home/travis/build/icyphy/ptII/ptolemy/actor/lib/test/auto/compositeMultiPort.xml (RunModel)" time="0.016" />
  <testcase classname="ptolemy.util.test.junit.AutoTests" name="[435] /home/travis/build/icyphy/ptII/ptolemy/actor/lib/test/auto/expressionCastInference.xml (RunModel)" time="0.006" />
  <testcase classname="ptolemy.util.test.junit.AutoTests" name="[436] /home/travis/build/icyphy/ptII/ptolemy/actor/lib/test/auto/expressionCastInference2.xml (RunModel)" time="0.006" />
  <testcase classname="ptolemy.util.test.junit.AutoTests" name="[437] /home/travis/build/icyphy/ptII/ptolemy/actor/lib/test/auto/expressionInference.xml (RunModel)" time="0.006" />
  <testcase classname="ptolemy.util.test.junit.AutoTests" name="[438] /home/travis/build/icyphy/ptII/ptolemy/actor/lib/test/auto/expression_bug.xml (RunModel)" time="0.006" />
  <testcase classname="ptolemy.util.test.junit.AutoTests" name="[439] /home/travis/build/icyphy/ptII/ptolemy/actor/lib/test/auto/factorial.xml (RunModel)" time="0.05" />
  <testcase classname="ptolemy.util.test.junit.AutoTests" name="[440] /home/travis/build/icyphy/ptII/ptolemy/actor/lib/test/auto/filterTest1.xml (RunModel)" time="0.012" />
  <testcase classname="ptolemy.util.test.junit.AutoTests" name="[441] /home/travis/build/icyphy/ptII/ptolemy/actor/lib/test/auto/funcApplyInConst.xml (RunModel)" time="0.006" />
  <testcase classname="ptolemy.util.test.junit.AutoTests" name="[442] /home/travis/build/icyphy/ptII/ptolemy/actor/lib/test/auto/funcApplyInExpr.xml (RunModel)" time="0.005" />
  <testcase classname="ptolemy.util.test.junit.AutoTests" name="[443] /home/travis/build/icyphy/ptII/ptolemy/actor/lib/test/auto/function.xml (RunModel)" time="0.009" />
  <testcase classname="ptolemy.util.test.junit.AutoTests" name="[444] /home/travis/build/icyphy/ptII/ptolemy/actor/lib/test/auto/function2.xml (RunModel)" time="0.01" />
  <testcase classname="ptolemy.util.test.junit.AutoTests" name="[445] /home/travis/build/icyphy/ptII/ptolemy/actor/lib/test/auto/function3.xml (RunModel)" time="0.007" />
  <testcase classname="ptolemy.util.test.junit.AutoTests" name="[446] /home/travis/build/icyphy/ptII/ptolemy/actor/lib/test/auto/functionClosureTest1.xml (RunModel)" time="0.014" />
  <testcase classname="ptolemy.util.test.junit.AutoTests" name="[447] /home/travis/build/icyphy/ptII/ptolemy/actor/lib/test/auto/functionClosureTest2.xml (RunModel)" time="0.006" />
  <testcase classname="ptolemy.util.test.junit.AutoTests" name="[448] /home/travis/build/icyphy/ptII/ptolemy/actor/lib/test/auto/functionClosureTest3.xml (RunModel)" time="0.008" />
  <testcase classname="ptolemy.util.test.junit.AutoTests" name="[449] /home/travis/build/icyphy/ptII/ptolemy/actor/lib/test/auto/functionClosureTest4.xml (RunModel)" time="0.014" />
  <testcase classname="ptolemy.util.test.junit.AutoTests" name="[450] /home/travis/build/icyphy/ptII/ptolemy/actor/lib/test/auto/functionClosureTest5.xml (RunModel)" time="0.012" />
  <testcase classname="ptolemy.util.test.junit.AutoTests" name="[451] /home/travis/build/icyphy/ptII/ptolemy/actor/lib/test/auto/functionClosureTest6.xml (RunModel)" time="0.01" />
  <testcase classname="ptolemy.util.test.junit.AutoTests" name="[452] /home/travis/build/icyphy/ptII/ptolemy/actor/lib/test/auto/functionsOnArcs.xml (RunModel)" time="0.009" />
  <testcase classname="ptolemy.util.test.junit.AutoTests" name="[453] /home/travis/build/icyphy/ptII/ptolemy/actor/lib/test/auto/functionsOnArcsHOF.xml (RunModel)" time="0.011" />
  <testcase classname="ptolemy.util.test.junit.AutoTests" name="[454] /home/travis/build/icyphy/ptII/ptolemy/actor/lib/test/auto/logic.xml (RunModel)" time="0.016" />
  <testcase classname="ptolemy.util.test.junit.AutoTests" name="[455] /home/travis/build/icyphy/ptII/ptolemy/actor/lib/test/auto/matrixType.xml (RunModel)" time="0.008" />
  <testcase classname="ptolemy.util.test.junit.AutoTests" name="[456] /home/travis/build/icyphy/ptII/ptolemy/actor/lib/test/auto/matrixType10.xml (RunModel)" time="0.008" />
  <testcase classname="ptolemy.util.test.junit.AutoTests" name="[457] /home/travis/build/icyphy/ptII/ptolemy/actor/lib/test/auto/matrixType11.xml (RunModel)" time="0.007" />
  <testcase classname="ptolemy.util.test.junit.AutoTests" name="[458] /home/travis/build/icyphy/ptII/ptolemy/actor/lib/test/auto/matrixType12.xml (RunModel)" time="0.009" />
  <testcase classname="ptolemy.util.test.junit.AutoTests" name="[459] /home/travis/build/icyphy/ptII/ptolemy/actor/lib/test/auto/matrixType13.xml (RunModel)" time="0.008" />
  <testcase classname="ptolemy.util.test.junit.AutoTests" name="[460] /home/travis/build/icyphy/ptII/ptolemy/actor/lib/test/auto/matrixType14.xml (RunModel)" time="0.009" />
  <testcase classname="ptolemy.util.test.junit.AutoTests" name="[461] /home/travis/build/icyphy/ptII/ptolemy/actor/lib/test/auto/matrixType2.xml (RunModel)" time="0.008" />
  <testcase classname="ptolemy.util.test.junit.AutoTests" name="[462] /home/travis/build/icyphy/ptII/ptolemy/actor/lib/test/auto/matrixType3.xml (RunModel)" time="0.01" />
  <testcase classname="ptolemy.util.test.junit.AutoTests" name="[463] /home/travis/build/icyphy/ptII/ptolemy/actor/lib/test/auto/matrixType4.xml (RunModel)" time="0.008" />
  <testcase classname="ptolemy.util.test.junit.AutoTests" name="[464] /home/travis/build/icyphy/ptII/ptolemy/actor/lib/test/auto/matrixType5.xml (RunModel)" time="0.007" />
  <testcase classname="ptolemy.util.test.junit.AutoTests" name="[465] /home/travis/build/icyphy/ptII/ptolemy/actor/lib/test/auto/matrixType6.xml (RunModel)" time="0.007" />
  <testcase classname="ptolemy.util.test.junit.AutoTests" name="[466] /home/travis/build/icyphy/ptII/ptolemy/actor/lib/test/auto/matrixType7.xml (RunModel)" time="0.007" />
  <testcase classname="ptolemy.util.test.junit.AutoTests" name="[467] /home/travis/build/icyphy/ptII/ptolemy/actor/lib/test/auto/matrixType8.xml (RunModel)" time="0.008" />
  <testcase classname="ptolemy.util.test.junit.AutoTests" name="[468] /home/travis/build/icyphy/ptII/ptolemy/actor/lib/test/auto/matrixType9.xml (RunModel)" time="0.007" />
  <testcase classname="ptolemy.util.test.junit.AutoTests" name="[469] /home/travis/build/icyphy/ptII/ptolemy/actor/lib/test/auto/paraFunctest.xml (RunModel)" time="0.007" />
  <testcase classname="ptolemy.util.test.junit.AutoTests" name="[470] /home/travis/build/icyphy/ptII/ptolemy/actor/lib/test/auto/paraFunctest2.xml (RunModel)" time="0.009" />
  <testcase classname="ptolemy.util.test.junit.AutoTests" name="[471] /home/travis/build/icyphy/ptII/ptolemy/actor/lib/test/auto/parameterPassing.xml (RunModel)" time="0.008" />
  <testcase classname="ptolemy.util.test.junit.AutoTests" name="[472] /home/travis/build/icyphy/ptII/ptolemy/actor/lib/test/auto/record.xml (RunModel)" time="0.01" />
  <testcase classname="ptolemy.util.test.junit.AutoTests" name="[473] /home/travis/build/icyphy/ptII/ptolemy/actor/lib/test/auto/sizedarray1.xml (RunModel)" time="0.009" />
  <testcase classname="ptolemy.util.test.junit.AutoTests" name="[474] /home/travis/build/icyphy/ptII/ptolemy/actor/lib/test/auto/sizedarray2.xml (RunModel)" time="0.01" />
  <testcase classname="ptolemy.util.test.junit.AutoTests" name="[475] /home/travis/build/icyphy/ptII/ptolemy/actor/lib/test/auto/twoPublishers.xml (RunModel)" time="0.019" />
  <system-out><![CDATA[/home/travis/build/icyphy/ptII/ptolemy/actor/lib/test/AbsoluteValue.tcl
testDefs.tcl: setting time out to 9000 seconds at Sun Jan 27 03:19:42 UTC 2019
73 ms. Memory: 116224K Free: 109629K (94%)
7 ms. Memory: 116224K Free: 108441K (93%)
4 ms. Memory: 116224K Free: 107840K (93%)
7 ms. Memory: 116224K Free: 106645K (92%)
/home/travis/build/icyphy/ptII/ptolemy/actor/lib/test/AddSubtract.tcl
16 ms. Memory: 116224K Free: 104824K (90%)
9 ms. Memory: 116224K Free: 104191K (90%)
7 ms. Memory: 116224K Free: 102996K (89%)
11 ms. Memory: 116224K Free: 102395K (88%)
10 ms. Memory: 116224K Free: 101785K (88%)
7 ms. Memory: 116224K Free: 101168K (87%)
/home/travis/build/icyphy/ptII/ptolemy/actor/lib/test/Average.tcl
12 ms. Memory: 116224K Free: 99347K (85%)
5 ms. Memory: 116224K Free: 98120K (84%)
/home/travis/build/icyphy/ptII/ptolemy/actor/lib/test/Bernoulli.tcl
3 ms. Memory: 116224K Free: 96324K (83%)
2 ms. Memory: 116224K Free: 95730K (82%)
/home/travis/build/icyphy/ptII/ptolemy/actor/lib/test/Clock.tcl
preinitializing
resolving types
initializing
executing number 1
wrapping up
idle
20 ms. Memory: 116224K Free: 93917K (81%)
Completed execution with 5 iterations
preinitializing
resolving types
initializing
executing number 1
wrapping up
idle
16 ms. Memory: 116224K Free: 92715K (80%)
Completed execution with 5 iterations
preinitializing
resolving types
initializing
executing number 1
wrapping up
idle
10 ms. Memory: 116224K Free: 92105K (79%)
Completed execution with 5 iterations
/home/travis/build/icyphy/ptII/ptolemy/actor/lib/test/Commutator.tcl
12 ms. Memory: 116224K Free: 90308K (78%)
5 ms. Memory: 116224K Free: 89105K (77%)
7 ms. Memory: 116224K Free: 84895K (73%)
/home/travis/build/icyphy/ptII/ptolemy/actor/lib/test/Const.tcl
3 ms. Memory: 116224K Free: 82465K (71%)
2 ms. Memory: 116224K Free: 81872K (70%)
2 ms. Memory: 116224K Free: 81278K (70%)
11 ms. Memory: 146944K Free: 140033K (95%)
2 ms. Memory: 146944K Free: 140033K (95%)
10 ms. Memory: 146944K Free: 138833K (94%)
9 ms. Memory: 146944K Free: 137650K (94%)
7 ms. Memory: 146944K Free: 136466K (93%)
/home/travis/build/icyphy/ptII/ptolemy/actor/lib/test/CurrentTime.tcl
preinitializing
resolving types
initializing
executing number 1
wrapping up
idle
7 ms. Memory: 146944K Free: 134090K (91%)
Completed execution with 11 iterations
/home/travis/build/icyphy/ptII/ptolemy/actor/lib/test/DB.tcl
4 ms. Memory: 146944K Free: 132907K (90%)
2 ms. Memory: 146944K Free: 131723K (90%)
1 ms. Memory: 146944K Free: 131723K (90%)
/home/travis/build/icyphy/ptII/ptolemy/actor/lib/test/DiscreteRandomSource.tcl
preinitializing
resolving types
initializing
executing number 1
wrapping up
idle
7 ms. Memory: 146944K Free: 130539K (89%)
Completed execution with 4 iterations
preinitializing
resolving types
initializing
executing number 1
wrapping up
idle
7 ms. Memory: 146944K Free: 129339K (88%)
Completed execution with 4 iterations
preinitializing
resolving types
initializing
executing number 1
wrapping up
idle
2 ms. Memory: 146944K Free: 129339K (88%)
Completed execution with 4 iterations
preinitializing
resolving types
initializing
executing number 1
wrapping up
idle
2 ms. Memory: 146944K Free: 128140K (87%)
Completed execution with 4 iterations
preinitializing
resolving types
initializing
executing number 1
wrapping up
idle
9 ms. Memory: 146944K Free: 128140K (87%)
Completed execution with 4 iterations
/home/travis/build/icyphy/ptII/ptolemy/actor/lib/test/Distributor.tcl
3 ms. Memory: 146944K Free: 126956K (86%)
11 ms. Memory: 146944K Free: 125764K (86%)
StreamChangeRequest.changeExecuted(): <deleteEntity name="rec2"/> succeeded
StreamChangeRequest.changeExecuted(): <deleteRelation name="r2"/> succeeded
StreamChangeRequest.changeExecuted(): Record firings per iteration succeeded
5 ms. Memory: 146944K Free: 123380K (84%)
/home/travis/build/icyphy/ptII/ptolemy/actor/lib/test/Exit.tcl
Exit.tcl: this will print a message about Manager.exitAfterWrapup, which can be ignored.
5 ms. Memory: 146944K Free: 120399K (82%)


==== $PTII/ptolemy/actor/lib/test/Exit.tcl: Exit-1.1 
==== Contents of test case:

    # StringUtilities.exit() checks this property.
    java::call System setProperty ptolemy.ptII.doNotExit ""
    # The Manager uses this property to help us test the Exit actor.
    java::call System setProperty ptolemy.ptII.exitAfterWrapup true

    #puts "Exit.tcl: properties:"
    #set properties [java::call System getProperties]
    #puts [$properties toString]

    puts "Exit.tcl: this will print a message about Manager.exitAfterWrapup, which can be ignored."
    catch {java::new ptolemy.actor.gui.MoMLSimpleApplication Exit.xml} errMsg
    java::call System setProperty ptolemy.ptII.doNotExit true
    list $errMsg

==== Result was:
{java.lang.RuntimeException: StringUtilities.exit() was called. Normally, we would exit here because Manager.exitAfterWrapup() was called.  However, because the ptolemy.ptII.exitAfterWrapup property is set, we throw this exception instead.}
---- Result should have been:
{java.lang.RuntimeException: Normally, we would exit here because Manager.exitAfterWrapup() was called.  However, because the ptolemy.ptII.exitAfterWrapup property is set, we throw this exception instead.}
---- Exit-1.1 FAILED
/home/travis/build/icyphy/ptII/ptolemy/actor/lib/test/Expression.tcl
8 ms. Memory: 146944K Free: 116786K (79%)
10 ms. Memory: 146944K Free: 115587K (79%)
3 ms. Memory: 146944K Free: 115587K (79%)
preinitializing
resolving types
initializing
executing number 1
wrapping up
idle
5 ms. Memory: 146944K Free: 113203K (77%)
Completed execution with 6 iterations
3 ms. Memory: 146944K Free: 113203K (77%)
3 ms. Memory: 146944K Free: 112019K (76%)
4 ms. Memory: 146944K Free: 110827K (75%)
3 ms. Memory: 146944K Free: 109628K (75%)
3 ms. Memory: 146944K Free: 108428K (74%)
/home/travis/build/icyphy/ptII/ptolemy/actor/lib/test/Gaussian.tcl
8 ms. Memory: 146944K Free: 106028K (72%)
sleeping 1 seconds: .............................................................................................................................................................................................................................................................................................................................................................................................................................................................................................................................................................................................................................................................................................................................................................................................................................................................................................................................................................................................................................................................................................................................................................................................................................................................................................................................................................................................................................................................................................................................................................................................................................................................................................................................................................................................................................................................................................................................................................................................................................................................................................................................................................................................................................................................................................................................................................................................................................................................................................................................................................................................................................................................................................................................................................................................................................................................................................................................................................................................................................................................................................................................................................................................................................................................................................................................................................................................................................................................................4 ms. Memory: 146944K Free: 91823K (62%)
4 ms. Memory: 146944K Free: 90624K (62%)
2 ms. Memory: 146944K Free: 90624K (62%)
6 ms. Memory: 146944K Free: 89424K (61%)
1 ms. Memory: 146944K Free: 89424K (61%)
/home/travis/build/icyphy/ptII/ptolemy/actor/lib/test/IIR.tcl
/home/travis/build/icyphy/ptII/ptolemy/actor/lib/test/Interpolator.tcl
4 ms. Memory: 146944K Free: 84625K (58%)
3 ms. Memory: 146944K Free: 84625K (58%)
6 ms. Memory: 146944K Free: 83441K (57%)
1 ms. Memory: 146944K Free: 83441K (57%)
2 ms. Memory: 146944K Free: 82257K (56%)
5 ms. Memory: 146944K Free: 82257K (56%)
5 ms. Memory: 146944K Free: 81421K (55%)
3 ms. Memory: 146944K Free: 140275K (95%)
2 ms. Memory: 146944K Free: 139099K (95%)
11 ms. Memory: 146944K Free: 137923K (94%)
/home/travis/build/icyphy/ptII/ptolemy/actor/lib/test/MathFunction.tcl
4 ms. Memory: 146944K Free: 135571K (92%)
2 ms. Memory: 146944K Free: 134396K (91%)
1 ms. Memory: 146944K Free: 134396K (91%)
1 ms. Memory: 146944K Free: 133220K (91%)
2 ms. Memory: 146944K Free: 132044K (90%)
4 ms. Memory: 146944K Free: 129692K (88%)
/home/travis/build/icyphy/ptII/ptolemy/actor/lib/test/Maximum.tcl
4 ms. Memory: 146944K Free: 127340K (87%)
7 ms. Memory: 146944K Free: 127340K (87%)
1 ms. Memory: 146944K Free: 126164K (86%)
2 ms. Memory: 146944K Free: 126164K (86%)
/home/travis/build/icyphy/ptII/ptolemy/actor/lib/test/Minimum.tcl
6 ms. Memory: 146944K Free: 123812K (84%)
3 ms. Memory: 146944K Free: 123812K (84%)
2 ms. Memory: 146944K Free: 122636K (83%)
2 ms. Memory: 146944K Free: 121460K (83%)
/home/travis/build/icyphy/ptII/ptolemy/actor/lib/test/MultiplyDivide.tcl
9 ms. Memory: 146944K Free: 120284K (82%)
10 ms. Memory: 146944K Free: 119109K (81%)
2 ms. Memory: 146944K Free: 119109K (81%)
2 ms. Memory: 146944K Free: 117933K (80%)
1 ms. Memory: 146944K Free: 116757K (79%)
/home/travis/build/icyphy/ptII/ptolemy/actor/lib/test/OrderedMerge.tcl
Connections changed on port: inputA
Connections changed on port: inputB
Connections changed on port: output
Connections changed on port: output
Connections changed on port: output
Connections changed on port: input
.top. Preinitializing ...
Invoking preinitialize():  .top.OrderedMerge
Called preinitialize()
Invoking preinitialize():  .top.Ramp
Called preinitialize()
Invoking preinitialize():  .top.Ramp2
Called preinitialize()
Invoking preinitialize():  .top.Test
Called preinitialize()
Connections changed on port: inputA
Connections changed on port: output
Connections changed on port: output
Connections changed on port: input
Connections changed on port: inputB
Connections changed on port: output
.top. Finished preinitialize().
Called initialize().
Invoking initialize():  .top.OrderedMerge
Initializing actor: .top.OrderedMerge
Adding a thread: .top.OrderedMerge
Invoking initialize():  .top.Ramp
Initializing actor: .top.Ramp
Adding a thread: .top.Ramp
Invoking initialize():  .top.Ramp2
Initializing actor: .top.Ramp2
Adding a thread: .top.Ramp2
Invoking initialize():  .top.Test
Initializing actor: .top.Test
Adding a thread: .top.Test
-- Starting thread.
Called initialize()
Called prefire()
Called fire()
-- Starting thread.
Called initialize()
Called prefire()
Called fire()
Called postfire()
Called prefire()
Called fire()
-- Starting thread.
Called initialize()
Called prefire()
Called fire()
Called postfire()
Called prefire()
Called fire()
Called fire().
Checking for deadlock:
There are 3 Blocked actors, 0 Stopped actors, and 4 active threads.
Waiting for actors to stop.
-- Starting thread.
Called initialize()
Called prefire()
Called fire()
Checking for deadlock:
There are 2 Blocked actors, 0 Stopped actors, and 4 active threads.
Waiting for actors to stop.
Called postfire()
Called prefire()
Called fire()
Checking for deadlock:
There are 3 Blocked actors, 0 Stopped actors, and 4 active threads.
Waiting for actors to stop.
Read input token from inputA with value 0.0
Next port to read input from is inputB
Called postfire()
Called prefire()
Called fire()
Checking for deadlock:
There are 2 Blocked actors, 0 Stopped actors, and 4 active threads.
Waiting for actors to stop.
Called postfire()
Called prefire()
Called fire()
Checking for deadlock:
There are 3 Blocked actors, 0 Stopped actors, and 4 active threads.
Waiting for actors to stop.
Read input token from inputB with value 0.0
Checking for deadlock:
There are 2 Blocked actors, 0 Stopped actors, and 4 active threads.
Waiting for actors to stop.
-- Read input: 0.0, which is expected to match: 0.0
Called prefire()
Called fire()
Checking for deadlock:
There are 3 Blocked actors, 0 Stopped actors, and 4 active threads.
Waiting for actors to stop.
Sent output token with value 0.0
Next port to read input from is inputA
Called postfire()
Called prefire()
Called fire()
Called postfire()
Called prefire()
Called fire()
Checking for deadlock:
There are 3 Blocked actors, 0 Stopped actors, and 4 active threads.
Waiting for actors to stop.
Read input token from inputA with value 1.0
-- Read input: 0.0, which is expected to match: 0.0
Called prefire()
Called fire()
Checking for deadlock:
There are 3 Blocked actors, 0 Stopped actors, and 4 active threads.
Waiting for actors to stop.
Sent output token with value 0.0
Next port to read input from is inputB
Called postfire()
Called prefire()
Called fire()
Checking for deadlock:
There are 2 Blocked actors, 0 Stopped actors, and 4 active threads.
Waiting for actors to stop.
Called postfire()
Called prefire()
Called fire()
Checking for deadlock:
There are 3 Blocked actors, 0 Stopped actors, and 4 active threads.
Waiting for actors to stop.
Read input token from inputB with value 1.5
Checking for deadlock:
There are 2 Blocked actors, 0 Stopped actors, and 4 active threads.
Waiting for actors to stop.
-- Read input: 1.0, which is expected to match: 1.0
Called prefire()
Called fire()
Checking for deadlock:
There are 3 Blocked actors, 0 Stopped actors, and 4 active threads.
Waiting for actors to stop.
Sent output token with value 1.0
Next port to read input from is inputA
Called postfire()
Called prefire()
Called fire()
Called postfire()
Called prefire()
Called fire()
Checking for deadlock:
There are 3 Blocked actors, 0 Stopped actors, and 4 active threads.
Waiting for actors to stop.
Read input token from inputA with value 2.0
-- Read input: 1.5, which is expected to match: 1.5
Called prefire()
Called fire()
Checking for deadlock:
There are 3 Blocked actors, 0 Stopped actors, and 4 active threads.
Waiting for actors to stop.
Sent output token with value 1.5
Next port to read input from is inputB
Called postfire()
Called prefire()
Called fire()
Checking for deadlock:
There are 2 Blocked actors, 0 Stopped actors, and 4 active threads.
Waiting for actors to stop.
Called postfire()
Called prefire()
Called fire()
Checking for deadlock:
There are 3 Blocked actors, 0 Stopped actors, and 4 active threads.
Waiting for actors to stop.
Read input token from inputB with value 3.0
Checking for deadlock:
There are 2 Blocked actors, 0 Stopped actors, and 4 active threads.
Waiting for actors to stop.
-- Read input: 2.0, which is expected to match: 2.0
Called prefire()
Called fire()
Checking for deadlock:
There are 3 Blocked actors, 0 Stopped actors, and 4 active threads.
Waiting for actors to stop.
Sent output token with value 2.0
Next port to read input from is inputA
Called postfire()
Called prefire()
Called fire()
Read input token from inputA with value 3.0
Checking for deadlock:
There are 2 Blocked actors, 0 Stopped actors, and 4 active threads.
Waiting for actors to stop.
Called postfire()
Called prefire()
Called fire()
Checking for deadlock:
There are 2 Blocked actors, 0 Stopped actors, and 4 active threads.
Waiting for actors to stop.
-- Read input: 3.0, which is expected to match: 3.0
Called prefire()
Called fire()
Checking for deadlock:
Sent output token with value 3.0
There are 3 Blocked actors, 0 Stopped actors, and 4 active threads.
Waiting for actors to stop.
Next port to read input from is inputB
Called postfire()
Called prefire()
Called fire()
Checking for deadlock:
There are 2 Blocked actors, 0 Stopped actors, and 4 active threads.
Waiting for actors to stop.
Read input token from inputB with value 4.5
Called postfire()
Called prefire()
Called fire()
Checking for deadlock:
There are 3 Blocked actors, 0 Stopped actors, and 4 active threads.
Waiting for actors to stop.
Checking for deadlock:
There are 2 Blocked actors, 0 Stopped actors, and 4 active threads.
Waiting for actors to stop.
Sent output token with value 3.0
-- Read input: 3.0, which is expected to match: 3.0
Called prefire()
Called fire()
Checking for deadlock:
There are 3 Blocked actors, 0 Stopped actors, and 4 active threads.
Waiting for actors to stop.
Next port to read input from is inputA
Called postfire()
Called prefire()
Called fire()
Called postfire()
Read input token from inputA with value 4.0
Called prefire()
Called fire()
Sent output token with value 4.0
Checking for deadlock:
Next port to read input from is inputA
There are 2 Blocked actors, 0 Stopped actors, and 4 active threads.
Waiting for actors to stop.
Called postfire()
-- Read input: 4.0, which is expected to match: 4.0
Called prefire()
Called fire()
Past the end of training data. Read and discard all inputs.
Checking for deadlock:
Called prefire()
There are 3 Blocked actors, 0 Stopped actors, and 4 active threads.
Waiting for actors to stop.
Called fire()
Called postfire()
Called prefire()
Read input token from inputA with value 5.0
Called fire()
Checking for deadlock:
There are 2 Blocked actors, 0 Stopped actors, and 4 active threads.
Waiting for actors to stop.
Sent output token with value 4.5
Called prefire()
Called fire()
Past the end of training data. Read and discard all inputs.
Checking for deadlock:
There are 3 Blocked actors, 0 Stopped actors, and 4 active threads.
Waiting for actors to stop.
Next port to read input from is inputB
Called postfire()
Called prefire()
Called fire()
Checking for deadlock:
There are 2 Blocked actors, 0 Stopped actors, and 4 active threads.
Waiting for actors to stop.
Read input token from inputB with value 6.0
Called postfire()
Called prefire()
Called fire()
Checking for deadlock:
There are 2 Blocked actors, 0 Stopped actors, and 4 active threads.
Waiting for actors to stop.
Called prefire()
Called fire()
Past the end of training data. Read and discard all inputs.
Sent output token with value 5.0
Checking for deadlock:
There are 3 Blocked actors, 0 Stopped actors, and 4 active threads.
Waiting for actors to stop.
Next port to read input from is inputA
Called postfire()
Called prefire()
Called fire()
Checking for deadlock:
There are 2 Blocked actors, 0 Stopped actors, and 4 active threads.
Waiting for actors to stop.
Read input token from inputA with value 6.0
Called postfire()
Called prefire()
Called fire()
Called prefire()
Called fire()
Past the end of training data. Read and discard all inputs.
Checking for deadlock:
There are 3 Blocked actors, 0 Stopped actors, and 4 active threads.
Waiting for actors to stop.
Sent output token with value 6.0
Next port to read input from is inputB
Called postfire()
Called prefire()
Called fire()
Checking for deadlock:
Called postfire()
There are 2 Blocked actors, 0 Stopped actors, and 4 active threads.
Called prefire()
Waiting for actors to stop.
Called fire()
Checking for deadlock:
There are 3 Blocked actors, 0 Stopped actors, and 4 active threads.
Waiting for actors to stop.
Read input token from inputB with value 7.5
Checking for deadlock:
Sent output token with value 6.0
There are 2 Blocked actors, 0 Stopped actors, and 4 active threads.
Waiting for actors to stop.
Called prefire()
Called fire()
Past the end of training data. Read and discard all inputs.
Checking for deadlock:
There are 3 Blocked actors, 0 Stopped actors, and 4 active threads.
Waiting for actors to stop.
Next port to read input from is inputA
Called postfire()
Called prefire()
Called fire()
Called postfire()
Called prefire()
Read input token from inputA with value 7.0
Called fire()
Checking for deadlock:
Sent output token with value 7.0
There are 2 Blocked actors, 0 Stopped actors, and 4 active threads.
Waiting for actors to stop.
Next port to read input from is inputA
Called prefire()
Called fire()
Past the end of training data. Read and discard all inputs.
Checking for deadlock:
Called postfire()
There are 3 Blocked actors, 0 Stopped actors, and 4 active threads.
Called prefire()
Waiting for actors to stop.
Called fire()
Read input token from inputA with value 8.0
-- Thread wrapup() called.
Called wrapup()
Sent output token with value 7.5
Thread .top.Ramp is exiting.
-- Thread stopped.
Next port to read input from is inputB
Called postfire()
Called prefire()
Called fire()
Read input token from inputB with value 9.0
Checking for deadlock:
There are 1 Blocked actors, 0 Stopped actors, and 3 active threads.
Waiting for actors to stop.
Called prefire()
Called fire()
Past the end of training data. Read and discard all inputs.
Checking for deadlock:
Called postfire()
There are 1 Blocked actors, 0 Stopped actors, and 3 active threads.
Called prefire()
Called fire()
Waiting for actors to stop.
Checking for deadlock:
There are 2 Blocked actors, 0 Stopped actors, and 3 active threads.
Waiting for actors to stop.
Checking for deadlock:
There are 1 Blocked actors, 0 Stopped actors, and 3 active threads.
Called prefire()
Waiting for actors to stop.
Called fire()
Past the end of training data. Read and discard all inputs.
Checking for deadlock:
There are 2 Blocked actors, 0 Stopped actors, and 3 active threads.
Waiting for actors to stop.
Sent output token with value 8.0
Next port to read input from is inputA
Called postfire()
Called prefire()
Called fire()
Read input token from inputA with value 9.0
Checking for deadlock:
There are 1 Blocked actors, 0 Stopped actors, and 3 active threads.
Waiting for actors to stop.
Called prefire()
Called fire()
Past the end of training data. Read and discard all inputs.
Checking for deadlock:
Sent output token with value 9.0
There are 2 Blocked actors, 0 Stopped actors, and 3 active threads.
Waiting for actors to stop.
Next port to read input from is inputB
Called postfire()
Called prefire()
Called fire()
Checking for deadlock:
There are 1 Blocked actors, 0 Stopped actors, and 3 active threads.
Waiting for actors to stop.
Read input token from inputB with value 10.5
Called postfire()
Called prefire()
Called fire()
Checking for deadlock:
There are 2 Blocked actors, 0 Stopped actors, and 3 active threads.
Waiting for actors to stop.
Checking for deadlock:
There are 1 Blocked actors, 0 Stopped actors, and 3 active threads.
Waiting for actors to stop.
Sent output token with value 9.0
Called prefire()
Called fire()
Past the end of training data. Read and discard all inputs.
Checking for deadlock:
There are 2 Blocked actors, 0 Stopped actors, and 3 active threads.
Waiting for actors to stop.
Next port to read input from is inputA
Called postfire()
Called prefire()
Called fire()
Checking for deadlock:
There are 3 Blocked actors, 0 Stopped actors, and 3 active threads.
Actors have stopped.
Checking for deadlock:
There are 3 Blocked actors, 0 Stopped actors, and 3 active threads.
Deadlock detected.
Resolving Deadlock
Checking for deadlock:
There are 3 Blocked actors, 0 Stopped actors, and 3 active threads.
Artificial Deadlock - increasing queue capacity.
increasing the capacity of receiver ptolemy.actor.TypedIOPort {.top.OrderedMerge.inputB} to 2
Director: Called postfire().
Called postfire().
_stopRequested = false
-- Thread wrapup() called.
Called wrapup()
_stopFireRequested = false
Returning from postfire(): true
Thread .top.Ramp2 is exiting.
-- Thread stopped.
Called fire().
Checking for deadlock:
There are 2 Blocked actors, 0 Stopped actors, and 2 active threads.
Actors have stopped.
Checking for deadlock:
There are 2 Blocked actors, 0 Stopped actors, and 2 active threads.
Deadlock detected.
Resolving Deadlock
Checking for deadlock:
There are 2 Blocked actors, 0 Stopped actors, and 2 active threads.
Deadlock detected: no processes blocked on write, but some are blocked on read.
Called postfire().
_stopRequested = false
_stopFireRequested = false
Returning from postfire(): false
Finished deactivating branches.
Called wrapup().
-- Thread wrapup() called.
Called wrapup()
Thread .top.Test is exiting.
-- Thread stopped.
-- Blocked Receiver call threw TerminateProcessException.
-- Thread wrapup() called.
Called wrapup()
Thread .top.OrderedMerge is exiting.
-- Thread stopped.
-- Blocked Receiver call threw TerminateProcessException.
36 ms. Memory: 146944K Free: 112766K (77%)
.top. Preinitializing ...
Invoking preinitialize():  .top.OrderedMerge
Called preinitialize()
Invoking preinitialize():  .top.Ramp
Called preinitialize()
Invoking preinitialize():  .top.Ramp2
Called preinitialize()
Invoking preinitialize():  .top.Test
Called preinitialize()
.top. Finished preinitialize().
Called initialize().
Invoking initialize():  .top.OrderedMerge
Initializing actor: .top.OrderedMerge
Adding a thread: .top.OrderedMerge
Invoking initialize():  .top.Ramp
Initializing actor: .top.Ramp
Adding a thread: .top.Ramp
Invoking initialize():  .top.Ramp2
Initializing actor: .top.Ramp2
Adding a thread: .top.Ramp2
Invoking initialize():  .top.Test
Initializing actor: .top.Test
Adding a thread: .top.Test
-- Starting thread.
Called initialize()
Called prefire()
Called fire()
-- Starting thread.
Called initialize()
Called prefire()
Called fire()
Called postfire()
Called prefire()
Called fire()
-- Starting thread.
Called initialize()
Called prefire()
Called fire()
Called postfire()
Called prefire()
Called fire()
Called fire().
Checking for deadlock:
There are 3 Blocked actors, 0 Stopped actors, and 4 active threads.
Waiting for actors to stop.
-- Starting thread.
Called initialize()
Called prefire()
Called fire()
Checking for deadlock:
There are 2 Blocked actors, 0 Stopped actors, and 4 active threads.
Waiting for actors to stop.
Called postfire()
Called prefire()
Called fire()
Checking for deadlock:
There are 3 Blocked actors, 0 Stopped actors, and 4 active threads.
Waiting for actors to stop.
Read input token from inputA with value 0.0
Next port to read input from is inputB
Called postfire()
Called prefire()
Called fire()
Checking for deadlock:
There are 2 Blocked actors, 0 Stopped actors, and 4 active threads.
Waiting for actors to stop.
Called postfire()
Called prefire()
Called fire()
Checking for deadlock:
There are 3 Blocked actors, 0 Stopped actors, and 4 active threads.
Waiting for actors to stop.
Read input token from inputB with value 0.0
Checking for deadlock:
There are 2 Blocked actors, 0 Stopped actors, and 4 active threads.
Waiting for actors to stop.
-- Read input: 0.0, which is expected to match: 0.0
Called prefire()
Called fire()
Checking for deadlock:
There are 3 Blocked actors, 0 Stopped actors, and 4 active threads.
Waiting for actors to stop.
Sent output token with value 0.0
Next port to read input from is inputA
Called postfire()
Called prefire()
Called fire()
Checking for deadlock:
There are 2 Blocked actors, 0 Stopped actors, and 4 active threads.
Waiting for actors to stop.
Called postfire()
Called prefire()
Called fire()
Checking for deadlock:
There are 3 Blocked actors, 0 Stopped actors, and 4 active threads.
Waiting for actors to stop.
Read input token from inputA with value 1.0
Checking for deadlock:
There are 2 Blocked actors, 0 Stopped actors, and 4 active threads.
Waiting for actors to stop.
-- Read input: 0.0, which is expected to match: 0.0
Called prefire()
Called fire()
Checking for deadlock:
There are 3 Blocked actors, 0 Stopped actors, and 4 active threads.
Waiting for actors to stop.
Sent output token with value 0.0
Next port to read input from is inputB
Called postfire()
Called prefire()
Called fire()
Checking for deadlock:
There are 2 Blocked actors, 0 Stopped actors, and 4 active threads.
Waiting for actors to stop.
Called postfire()
Called prefire()
Called fire()
Checking for deadlock:
There are 3 Blocked actors, 0 Stopped actors, and 4 active threads.
Waiting for actors to stop.
Read input token from inputB with value 1.5
Checking for deadlock:
There are 2 Blocked actors, 0 Stopped actors, and 4 active threads.
Waiting for actors to stop.
-- Read input: 1.0, which is expected to match: 1.0
Called prefire()
Called fire()
Checking for deadlock:
There are 3 Blocked actors, 0 Stopped actors, and 4 active threads.
Waiting for actors to stop.
Sent output token with value 1.0
Next port to read input from is inputA
Called postfire()
Called prefire()
Called fire()
Called postfire()
Called prefire()
Called fire()
Checking for deadlock:
There are 3 Blocked actors, 0 Stopped actors, and 4 active threads.
Waiting for actors to stop.
Read input token from inputA with value 2.0
-- Read input: 1.5, which is expected to match: 1.5
Called prefire()
Called fire()
Checking for deadlock:
There are 3 Blocked actors, 0 Stopped actors, and 4 active threads.
Waiting for actors to stop.
Sent output token with value 1.5
Next port to read input from is inputB
Called postfire()
Called prefire()
Called fire()
Checking for deadlock:
There are 2 Blocked actors, 0 Stopped actors, and 4 active threads.
Waiting for actors to stop.
Called postfire()
Called prefire()
Called fire()
Checking for deadlock:
There are 3 Blocked actors, 0 Stopped actors, and 4 active threads.
Waiting for actors to stop.
Read input token from inputB with value 3.0
Checking for deadlock:
There are 2 Blocked actors, 0 Stopped actors, and 4 active threads.
Waiting for actors to stop.
-- Read input: 2.0, which is expected to match: 2.0
Called prefire()
Called fire()
Checking for deadlock:
There are 3 Blocked actors, 0 Stopped actors, and 4 active threads.
Waiting for actors to stop.
Sent output token with value 2.0
Next port to read input from is inputA
Called postfire()
Called prefire()
Called fire()
Called postfire()
Called prefire()
Called fire()
Checking for deadlock:
There are 2 Blocked actors, 0 Stopped actors, and 4 active threads.
Waiting for actors to stop.
Checking for deadlock:
There are 3 Blocked actors, 0 Stopped actors, and 4 active threads.
Waiting for actors to stop.
Read input token from inputA with value 3.0
Checking for deadlock:
There are 2 Blocked actors, 0 Stopped actors, and 4 active threads.
Waiting for actors to stop.
-- Read input: 3.0, which is expected to match: 3.0
Called prefire()
Called fire()
Checking for deadlock:
There are 3 Blocked actors, 0 Stopped actors, and 4 active threads.
Waiting for actors to stop.
Sent output token with value 3.0
Next port to read input from is inputB
Called postfire()
Called prefire()
Called fire()
Checking for deadlock:
There are 2 Blocked actors, 0 Stopped actors, and 4 active threads.
Waiting for actors to stop.
Called postfire()
Called prefire()
Called fire()
Checking for deadlock:
There are 3 Blocked actors, 0 Stopped actors, and 4 active threads.
Waiting for actors to stop.
Read input token from inputB with value 4.5
Checking for deadlock:
There are 2 Blocked actors, 0 Stopped actors, and 4 active threads.
Waiting for actors to stop.
-- Read input: 3.0, which is expected to match: 3.0
Called prefire()
Called fire()
Checking for deadlock:
There are 3 Blocked actors, 0 Stopped actors, and 4 active threads.
Waiting for actors to stop.
Sent output token with value 3.0
Next port to read input from is inputA
Called postfire()
Called prefire()
Called fire()
Checking for deadlock:
There are 2 Blocked actors, 0 Stopped actors, and 4 active threads.
Waiting for actors to stop.
Called postfire()
Called prefire()
Called fire()
Checking for deadlock:
There are 3 Blocked actors, 0 Stopped actors, and 4 active threads.
Waiting for actors to stop.
Read input token from inputA with value 4.0
Checking for deadlock:
There are 2 Blocked actors, 0 Stopped actors, and 4 active threads.
Waiting for actors to stop.
-- Read input: 4.0, which is expected to match: 4.0
Called prefire()
Called fire()
Past the end of training data. Read and discard all inputs.
Checking for deadlock:
There are 3 Blocked actors, 0 Stopped actors, and 4 active threads.
Waiting for actors to stop.
Sent output token with value 4.0
Next port to read input from is inputA
Called postfire()
Called prefire()
Called fire()
Checking for deadlock:
There are 2 Blocked actors, 0 Stopped actors, and 4 active threads.
Waiting for actors to stop.
Called postfire()
Called prefire()
Called fire()
Checking for deadlock:
There are 3 Blocked actors, 0 Stopped actors, and 4 active threads.
Waiting for actors to stop.
Read input token from inputA with value 5.0
Checking for deadlock:
There are 2 Blocked actors, 0 Stopped actors, and 4 active threads.
Waiting for actors to stop.
Called prefire()
Called fire()
Past the end of training data. Read and discard all inputs.
Checking for deadlock:
There are 3 Blocked actors, 0 Stopped actors, and 4 active threads.
Waiting for actors to stop.
Sent output token with value 4.5
Next port to read input from is inputB
Called postfire()
Called prefire()
Called fire()
Checking for deadlock:
There are 2 Blocked actors, 0 Stopped actors, and 4 active threads.
Waiting for actors to stop.
Called postfire()
Called prefire()
Called fire()
Checking for deadlock:
There are 3 Blocked actors, 0 Stopped actors, and 4 active threads.
Waiting for actors to stop.
Read input token from inputB with value 6.0
Checking for deadlock:
There are 2 Blocked actors, 0 Stopped actors, and 4 active threads.
Waiting for actors to stop.
Called prefire()
Called fire()
Past the end of training data. Read and discard all inputs.
Checking for deadlock:
There are 3 Blocked actors, 0 Stopped actors, and 4 active threads.
Waiting for actors to stop.
Sent output token with value 5.0
Next port to read input from is inputA
Called postfire()
Called prefire()
Called fire()
Checking for deadlock:
There are 2 Blocked actors, 0 Stopped actors, and 4 active threads.
Waiting for actors to stop.
Called postfire()
Called prefire()
Called fire()
Checking for deadlock:
There are 3 Blocked actors, 0 Stopped actors, and 4 active threads.
Waiting for actors to stop.
Read input token from inputA with value 6.0
Checking for deadlock:
There are 2 Blocked actors, 0 Stopped actors, and 4 active threads.
Waiting for actors to stop.
Called prefire()
Called fire()
Past the end of training data. Read and discard all inputs.
Checking for deadlock:
There are 3 Blocked actors, 0 Stopped actors, and 4 active threads.
Waiting for actors to stop.
Sent output token with value 6.0
Next port to read input from is inputB
Called postfire()
Called prefire()
Called fire()
Checking for deadlock:
There are 2 Blocked actors, 0 Stopped actors, and 4 active threads.
Waiting for actors to stop.
Called postfire()
Called prefire()
Called fire()
Checking for deadlock:
There are 3 Blocked actors, 0 Stopped actors, and 4 active threads.
Waiting for actors to stop.
Read input token from inputB with value 7.5
Checking for deadlock:
There are 2 Blocked actors, 0 Stopped actors, and 4 active threads.
Waiting for actors to stop.
Called prefire()
Called fire()
Past the end of training data. Read and discard all inputs.
Checking for deadlock:
There are 3 Blocked actors, 0 Stopped actors, and 4 active threads.
Waiting for actors to stop.
Sent output token with value 6.0
Next port to read input from is inputA
Called postfire()
Called prefire()
Called fire()
Checking for deadlock:
There are 2 Blocked actors, 0 Stopped actors, and 4 active threads.
Waiting for actors to stop.
Called postfire()
Called prefire()
Called fire()
Checking for deadlock:
There are 3 Blocked actors, 0 Stopped actors, and 4 active threads.
Waiting for actors to stop.
Read input token from inputA with value 7.0
Checking for deadlock:
There are 2 Blocked actors, 0 Stopped actors, and 4 active threads.
Waiting for actors to stop.
Called prefire()
Called fire()
Past the end of training data. Read and discard all inputs.
Checking for deadlock:
There are 3 Blocked actors, 0 Stopped actors, and 4 active threads.
Waiting for actors to stop.
Sent output token with value 7.0
Next port to read input from is inputA
Called postfire()
Called prefire()
Called fire()
Checking for deadlock:
There are 2 Blocked actors, 0 Stopped actors, and 4 active threads.
Waiting for actors to stop.
-- Thread wrapup() called.
Called wrapup()
Thread .top.Ramp is exiting.
-- Thread stopped.
Checking for deadlock:
There are 2 Blocked actors, 0 Stopped actors, and 3 active threads.
Waiting for actors to stop.
Read input token from inputA with value 8.0
Checking for deadlock:
There are 1 Blocked actors, 0 Stopped actors, and 3 active threads.
Waiting for actors to stop.
Called prefire()
Called fire()
Past the end of training data. Read and discard all inputs.
Checking for deadlock:
There are 2 Blocked actors, 0 Stopped actors, and 3 active threads.
Waiting for actors to stop.
Sent output token with value 7.5
Next port to read input from is inputB
Called postfire()
Called prefire()
Called fire()
Checking for deadlock:
There are 1 Blocked actors, 0 Stopped actors, and 3 active threads.
Waiting for actors to stop.
Called postfire()
Called prefire()
Called fire()
Checking for deadlock:
There are 2 Blocked actors, 0 Stopped actors, and 3 active threads.
Waiting for actors to stop.
Read input token from inputB with value 9.0
Checking for deadlock:
There are 1 Blocked actors, 0 Stopped actors, and 3 active threads.
Waiting for actors to stop.
Called prefire()
Called fire()
Past the end of training data. Read and discard all inputs.
Checking for deadlock:
There are 2 Blocked actors, 0 Stopped actors, and 3 active threads.
Waiting for actors to stop.
Sent output token with value 8.0
Next port to read input from is inputA
Called postfire()
Called prefire()
Called fire()
Read input token from inputA with value 9.0
Checking for deadlock:
There are 1 Blocked actors, 0 Stopped actors, and 3 active threads.
Waiting for actors to stop.
Called prefire()
Called fire()
Past the end of training data. Read and discard all inputs.
Checking for deadlock:
There are 2 Blocked actors, 0 Stopped actors, and 3 active threads.
Waiting for actors to stop.
Sent output token with value 9.0
Next port to read input from is inputB
Called postfire()
Called prefire()
Called fire()
Checking for deadlock:
There are 1 Blocked actors, 0 Stopped actors, and 3 active threads.
Waiting for actors to stop.
Called postfire()
Called prefire()
Called fire()
Checking for deadlock:
There are 2 Blocked actors, 0 Stopped actors, and 3 active threads.
Waiting for actors to stop.
Read input token from inputB with value 10.5
Checking for deadlock:
There are 1 Blocked actors, 0 Stopped actors, and 3 active threads.
Waiting for actors to stop.
Called prefire()
Called fire()
Past the end of training data. Read and discard all inputs.
Checking for deadlock:
There are 2 Blocked actors, 0 Stopped actors, and 3 active threads.
Waiting for actors to stop.
Sent output token with value 9.0
Next port to read input from is inputA
Called postfire()
Called prefire()
Called fire()
Checking for deadlock:
There are 3 Blocked actors, 0 Stopped actors, and 3 active threads.
Actors have stopped.
Checking for deadlock:
There are 3 Blocked actors, 0 Stopped actors, and 3 active threads.
Deadlock detected.
Resolving Deadlock
Checking for deadlock:
There are 3 Blocked actors, 0 Stopped actors, and 3 active threads.
Artificial Deadlock - increasing queue capacity.
increasing the capacity of receiver ptolemy.actor.TypedIOPort {.top.OrderedMerge.inputB} to 2
Director: Called postfire().
Called postfire().
_stopRequested = false
_stopFireRequested = false
Returning from postfire(): true
Called fire().
Checking for deadlock:
There are 2 Blocked actors, 0 Stopped actors, and 3 active threads.
Waiting for actors to stop.
-- Thread wrapup() called.
Called wrapup()
Thread .top.Ramp2 is exiting.
-- Thread stopped.
Checking for deadlock:
There are 2 Blocked actors, 0 Stopped actors, and 2 active threads.
Actors have stopped.
Checking for deadlock:
There are 2 Blocked actors, 0 Stopped actors, and 2 active threads.
Deadlock detected.
Resolving Deadlock
Checking for deadlock:
There are 2 Blocked actors, 0 Stopped actors, and 2 active threads.
Deadlock detected: no processes blocked on write, but some are blocked on read.
Called postfire().
_stopRequested = false
_stopFireRequested = false
Returning from postfire(): false
Finished deactivating branches.
Called wrapup().
-- Thread wrapup() called.
Called wrapup()
Thread .top.Test is exiting.
-- Thread stopped.
-- Blocked Receiver call threw TerminateProcessException.
-- Thread wrapup() called.
Called wrapup()
Thread .top.OrderedMerge is exiting.
15 ms. Memory: 146944K Free: 111128K (76%)
/home/travis/build/icyphy/ptII/ptolemy/actor/lib/test/Publisher.tcl
-- Thread stopped.
-- Blocked Receiver call threw TerminateProcessException.
9 ms. Memory: 146944K Free: 105216K (72%)
10 ms. Memory: 146944K Free: 99329K (68%)
6 ms. Memory: 146944K Free: 94625K (64%)
5 ms. Memory: 146944K Free: 94625K (64%)
7 ms. Memory: 146944K Free: 93449K (64%)
8 ms. Memory: 146944K Free: 92273K (63%)
2 ms. Memory: 146944K Free: 92273K (63%)
2 ms. Memory: 146944K Free: 91097K (62%)
1 ms. Memory: 146944K Free: 81689K (56%)
3 ms. Memory: 208384K Free: 199645K (96%)
2 ms. Memory: 208384K Free: 197289K (95%)
1 ms. Memory: 208384K Free: 197289K (95%)
5 ms. Memory: 208384K Free: 187524K (90%)
5 ms. Memory: 208384K Free: 178101K (85%)
5 ms. Memory: 208384K Free: 166321K (80%)
/home/travis/build/icyphy/ptII/ptolemy/actor/lib/test/Pulse.tcl
4 ms. Memory: 208384K Free: 126215K (61%)
5 ms. Memory: 208384K Free: 126215K (61%)
3 ms. Memory: 208384K Free: 123859K (59%)
2 ms. Memory: 208384K Free: 123859K (59%)
1 ms. Memory: 208384K Free: 123859K (59%)
1 ms. Memory: 208384K Free: 123859K (59%)
6 ms. Memory: 208384K Free: 121503K (58%)
3 ms. Memory: 208384K Free: 121503K (58%)
5 ms. Memory: 208384K Free: 119147K (57%)
/home/travis/build/icyphy/ptII/ptolemy/actor/lib/test/Ramp.tcl
3 ms. Memory: 208384K Free: 119147K (57%)
2 ms. Memory: 208384K Free: 116775K (56%)
1 ms. Memory: 208384K Free: 116775K (56%)
2 ms. Memory: 208384K Free: 116775K (56%)
4 ms. Memory: 208384K Free: 114403K (55%)
7 ms. Memory: 208384K Free: 114403K (55%)
4 ms. Memory: 208384K Free: 114403K (55%)
5 actors
8000 microseconds per iteration to create
9 ms. Memory: 208384K Free: 109691K (53%)
2 ms. Memory: 208384K Free: 109691K (53%)
5 ms. Memory: 208384K Free: 109691K (53%)
1 ms. Memory: 208384K Free: 109691K (53%)
50 actors
41000 microseconds per iteration to create
42 ms. Memory: 208384K Free: 93136K (45%)
4 ms. Memory: 208384K Free: 93136K (45%)
10 ms. Memory: 208384K Free: 90764K (44%)
4 ms. Memory: 208384K Free: 90764K (44%)
500 actors
1182000 microseconds per iteration to create
212 ms. Memory: 333312K Free: 287522K (86%)
35 ms. Memory: 333312K Free: 282719K (85%)
33 ms. Memory: 333312K Free: 277916K (83%)
33 ms. Memory: 333312K Free: 268310K (80%)
/home/travis/build/icyphy/ptII/ptolemy/actor/lib/test/RampContinuous.tcl
8 ms. Memory: 333312K Free: 268310K (80%)
/home/travis/build/icyphy/ptII/ptolemy/actor/lib/test/RecordAssembler.tcl
6 ms. Memory: 333312K Free: 268310K (80%)
3 ms. Memory: 333312K Free: 268310K (80%)
/home/travis/build/icyphy/ptII/ptolemy/actor/lib/test/RecordDisassembler.tcl
4 ms. Memory: 333312K Free: 263507K (79%)
3 ms. Memory: 333312K Free: 263507K (79%)
5 ms. Memory: 333312K Free: 263507K (79%)
/home/travis/build/icyphy/ptII/ptolemy/actor/lib/test/Scale.tcl
3 ms. Memory: 333312K Free: 258703K (78%)
1 ms. Memory: 333312K Free: 258703K (78%)
1 ms. Memory: 333312K Free: 258703K (78%)
1 ms. Memory: 333312K Free: 258703K (78%)
3 ms. Memory: 333312K Free: 258703K (78%)
/home/travis/build/icyphy/ptII/ptolemy/actor/lib/test/SequentialClock.tcl
preinitializing
resolving types
initializing
executing number 1
wrapping up
idle
3 ms. Memory: 333312K Free: 253892K (76%)
Completed execution with 5 iterations
preinitializing
resolving types
initializing
executing number 1
wrapping up
idle
2 ms. Memory: 333312K Free: 253892K (76%)
Completed execution with 5 iterations
preinitializing
resolving types
initializing
executing number 1
wrapping up
idle
1 ms. Memory: 333312K Free: 253892K (76%)
Completed execution with 5 iterations
/home/travis/build/icyphy/ptII/ptolemy/actor/lib/test/SetVariable.tcl
3 ms. Memory: 333312K Free: 253892K (76%)
/home/travis/build/icyphy/ptII/ptolemy/actor/lib/test/Sinewave.tcl
/home/travis/build/icyphy/ptII/ptolemy/actor/lib/test/SubscriptionAggregator.tcl
4 ms. Memory: 333312K Free: 239475K (72%)
2 ms. Memory: 333312K Free: 239475K (72%)
1 ms. Memory: 333312K Free: 239475K (72%)
0 ms. Memory: 333312K Free: 239475K (72%)
1 ms. Memory: 333312K Free: 234672K (70%)
3 ms. Memory: 333312K Free: 234672K (70%)
...............................................................922 ms. Memory: 583168K Free: 361458K (62%)
/home/travis/build/icyphy/ptII/ptolemy/actor/lib/test/Test.tcl
 The next command will produce a warning about training mode,
   which may be ignored.
4 ms. Memory: 583168K Free: 361458K (62%)
2 ms. Memory: 583168K Free: 361458K (62%)
1 ms. Memory: 583168K Free: 361458K (62%)
1 ms. Memory: 583168K Free: 351748K (60%)
1 ms. Memory: 583168K Free: 351748K (60%)
2 ms. Memory: 583168K Free: 351748K (60%)
2 ms. Memory: 583168K Free: 351748K (60%)
 The next command will produce a warning about training mode,
   which may be ignored.
3 ms. Memory: 583168K Free: 351748K (60%)
 The next command will produce a warning about training mode,
   which may be ignored.
2 ms. Memory: 583168K Free: 351748K (60%)
1 ms. Memory: 583168K Free: 351748K (60%)
0 ms. Memory: 583168K Free: 351748K (60%)
1 ms. Memory: 583168K Free: 351748K (60%)
2 ms. Memory: 583168K Free: 351748K (60%)
2 ms. Memory: 583168K Free: 342054K (59%)
/home/travis/build/icyphy/ptII/ptolemy/actor/lib/test/TestExceptionHandler.tcl
 The next command will produce a warning about training mode,
   which may be ignored.
2 ms. Memory: 583168K Free: 342054K (59%)
5 ms. Memory: 583168K Free: 342054K (59%)
1 ms. Memory: 583168K Free: 342054K (59%)
/home/travis/build/icyphy/ptII/ptolemy/actor/lib/test/UnionDisassembler.tcl
19 ms. Memory: 583168K Free: 332359K (57%)
/home/travis/build/icyphy/ptII/ptolemy/actor/lib/test/VariableClock.tcl
preinitializing
resolving types
initializing
executing number 1
wrapping up
idle
8 ms. Memory: 583168K Free: 332359K (57%)
Completed execution with 11 iterations
preinitializing
resolving types
initializing
executing number 1
wrapping up
idle
5 ms. Memory: 583168K Free: 332359K (57%)
Completed execution with 10 iterations
01/27/19 03:19:48
Failed: 1  Total Tests: 234  ((Passed: 233, Newly Passed: 0)  Known Failed: 0) /home/travis/build/icyphy/ptII/ptolemy/actor/lib/test
----------------- testing (KnownFailure) /home/travis/build/icyphy/ptII/ptolemy/actor/lib/test/auto/knownFailedTests/PublisherPortToplevelSubscriber.xml
0 ms. Memory: 583168K Free: 322580K (55%)
Known Failure: java.lang.reflect.InvocationTargetException
----------------- testing (KnownFailure) /home/travis/build/icyphy/ptII/ptolemy/actor/lib/test/auto/knownFailedTests/PublisherSubscriberPortToplevel.xml
0 ms. Memory: 583168K Free: 303021K (52%)
Known Failure: java.lang.reflect.InvocationTargetException
----------------- testing (KnownFailure) /home/travis/build/icyphy/ptII/ptolemy/actor/lib/test/auto/knownFailedTests/PublisherSubscriptionAggregatorPort.xml
2 ms. Memory: 583168K Free: 283463K (49%)
Known Failure: java.lang.reflect.InvocationTargetException
----------------- testing (KnownFailure) /home/travis/build/icyphy/ptII/ptolemy/actor/lib/test/auto/knownFailedTests/sizedarray3.xml
4 ms. Memory: 583168K Free: 263904K (45%)
Known Failure: java.lang.reflect.InvocationTargetException
No auto/linux-amd64/*.xml tests in /home/travis/build/icyphy/ptII/ptolemy/actor/lib/test
AutoTests.java: About to close Vertx.
AutoTests.java: Vertx closed.

===========================================================================================
----------------- testing Sun Jan 27 03:19:49 UTC 2019 /home/travis/build/icyphy/ptII/ptolemy/actor/lib/test/auto/AbsoluteValue.xml
----------------- Instantiating /home/travis/build/icyphy/ptII/ptolemy/actor/lib/test/auto/AbsoluteValue.xml
8 ms. Memory: 583168K Free: 176145K (30%)
----------------- Invoking toplevel() on ptolemy.moml.MoMLSimpleApplication@5b02101b
----------------- Done invoking toplevel() on ptolemy.moml.MoMLSimpleApplication@5b02101b
reloadAllAccessors: .AbsoluteValue

===========================================================================================
----------------- testing Sun Jan 27 03:19:49 UTC 2019 /home/travis/build/icyphy/ptII/ptolemy/actor/lib/test/auto/AbsoluteValue2.xml
----------------- Instantiating /home/travis/build/icyphy/ptII/ptolemy/actor/lib/test/auto/AbsoluteValue2.xml
13 ms. Memory: 583168K Free: 161476K (28%)
----------------- Invoking toplevel() on ptolemy.moml.MoMLSimpleApplication@44a9ca7f
----------------- Done invoking toplevel() on ptolemy.moml.MoMLSimpleApplication@44a9ca7f
reloadAllAccessors: .AbsoluteValue2

===========================================================================================
----------------- testing Sun Jan 27 03:19:49 UTC 2019 /home/travis/build/icyphy/ptII/ptolemy/actor/lib/test/auto/Accumulator.xml
----------------- Instantiating /home/travis/build/icyphy/ptII/ptolemy/actor/lib/test/auto/Accumulator.xml
27 ms. Memory: 583168K Free: 151697K (26%)
----------------- Invoking toplevel() on ptolemy.moml.MoMLSimpleApplication@78849a4a
----------------- Done invoking toplevel() on ptolemy.moml.MoMLSimpleApplication@78849a4a
reloadAllAccessors: .Accumulator

===========================================================================================
----------------- testing Sun Jan 27 03:19:49 UTC 2019 /home/travis/build/icyphy/ptII/ptolemy/actor/lib/test/auto/Accumulator2.xml
----------------- Instantiating /home/travis/build/icyphy/ptII/ptolemy/actor/lib/test/auto/Accumulator2.xml
4 ms. Memory: 583168K Free: 141917K (24%)
----------------- Invoking toplevel() on ptolemy.moml.MoMLSimpleApplication@3ac07006
----------------- Done invoking toplevel() on ptolemy.moml.MoMLSimpleApplication@3ac07006
reloadAllAccessors: .Accumulator2

===========================================================================================
----------------- testing Sun Jan 27 03:19:49 UTC 2019 /home/travis/build/icyphy/ptII/ptolemy/actor/lib/test/auto/Accumulator3.xml
----------------- Instantiating /home/travis/build/icyphy/ptII/ptolemy/actor/lib/test/auto/Accumulator3.xml
3 ms. Memory: 583168K Free: 122444K (21%)
----------------- Invoking toplevel() on ptolemy.moml.MoMLSimpleApplication@55380708
----------------- Done invoking toplevel() on ptolemy.moml.MoMLSimpleApplication@55380708
reloadAllAccessors: .Accumulator3

===========================================================================================
----------------- testing Sun Jan 27 03:19:49 UTC 2019 /home/travis/build/icyphy/ptII/ptolemy/actor/lib/test/auto/ArrayAppend.xml
----------------- Instantiating /home/travis/build/icyphy/ptII/ptolemy/actor/lib/test/auto/ArrayAppend.xml
4 ms. Memory: 583168K Free: 112665K (19%)
----------------- Invoking toplevel() on ptolemy.moml.MoMLSimpleApplication@4c568e99
----------------- Done invoking toplevel() on ptolemy.moml.MoMLSimpleApplication@4c568e99
reloadAllAccessors: .ArrayAppend

===========================================================================================
----------------- testing Sun Jan 27 03:19:49 UTC 2019 /home/travis/build/icyphy/ptII/ptolemy/actor/lib/test/auto/ArrayAppend2.xml
----------------- Instantiating /home/travis/build/icyphy/ptII/ptolemy/actor/lib/test/auto/ArrayAppend2.xml
511 ms. Memory: 583680K Free: 493859K (85%)
----------------- Invoking toplevel() on ptolemy.moml.MoMLSimpleApplication@536798f1
----------------- Done invoking toplevel() on ptolemy.moml.MoMLSimpleApplication@536798f1
reloadAllAccessors: .ArrayAppend2

===========================================================================================
----------------- testing Sun Jan 27 03:19:50 UTC 2019 /home/travis/build/icyphy/ptII/ptolemy/actor/lib/test/auto/ArrayAppend3.xml
----------------- Instantiating /home/travis/build/icyphy/ptII/ptolemy/actor/lib/test/auto/ArrayAppend3.xml
5 ms. Memory: 583680K Free: 476589K (82%)
----------------- Invoking toplevel() on ptolemy.moml.MoMLSimpleApplication@5189e430
----------------- Done invoking toplevel() on ptolemy.moml.MoMLSimpleApplication@5189e430
reloadAllAccessors: .ArrayAppend3

===========================================================================================
----------------- testing Sun Jan 27 03:19:50 UTC 2019 /home/travis/build/icyphy/ptII/ptolemy/actor/lib/test/auto/ArrayAppend4.xml
----------------- Instantiating /home/travis/build/icyphy/ptII/ptolemy/actor/lib/test/auto/ArrayAppend4.xml
1 ms. Memory: 583680K Free: 470069K (81%)
----------------- Invoking toplevel() on ptolemy.moml.MoMLSimpleApplication@fb6fb21
----------------- Done invoking toplevel() on ptolemy.moml.MoMLSimpleApplication@fb6fb21
reloadAllAccessors: .ArrayAppend4

===========================================================================================
----------------- testing Sun Jan 27 03:19:50 UTC 2019 /home/travis/build/icyphy/ptII/ptolemy/actor/lib/test/auto/ArrayAppend5.xml
----------------- Instantiating /home/travis/build/icyphy/ptII/ptolemy/actor/lib/test/auto/ArrayAppend5.xml
2 ms. Memory: 583680K Free: 463550K (79%)
----------------- Invoking toplevel() on ptolemy.moml.MoMLSimpleApplication@5e6a557a
----------------- Done invoking toplevel() on ptolemy.moml.MoMLSimpleApplication@5e6a557a
reloadAllAccessors: .ArrayAppend5

===========================================================================================
----------------- testing Sun Jan 27 03:19:50 UTC 2019 /home/travis/build/icyphy/ptII/ptolemy/actor/lib/test/auto/ArrayAppend6.xml
----------------- Instantiating /home/travis/build/icyphy/ptII/ptolemy/actor/lib/test/auto/ArrayAppend6.xml
6 ms. Memory: 583680K Free: 448964K (77%)
----------------- Invoking toplevel() on ptolemy.moml.MoMLSimpleApplication@26d5313b
----------------- Done invoking toplevel() on ptolemy.moml.MoMLSimpleApplication@26d5313b
reloadAllAccessors: .ArrayAppend6

===========================================================================================
----------------- testing Sun Jan 27 03:19:50 UTC 2019 /home/travis/build/icyphy/ptII/ptolemy/actor/lib/test/auto/ArrayAppendPerformanceTest.xml
----------------- Instantiating /home/travis/build/icyphy/ptII/ptolemy/actor/lib/test/auto/ArrayAppendPerformanceTest.xml
29 ms. Memory: 583680K Free: 435909K (75%)
----------------- Invoking toplevel() on ptolemy.moml.MoMLSimpleApplication@659a68bd
----------------- Done invoking toplevel() on ptolemy.moml.MoMLSimpleApplication@659a68bd
reloadAllAccessors: .ArrayAppendPerformanceTest

===========================================================================================
----------------- testing Sun Jan 27 03:19:50 UTC 2019 /home/travis/build/icyphy/ptII/ptolemy/actor/lib/test/auto/ArrayAppendWithEmptyInput.xml
----------------- Instantiating /home/travis/build/icyphy/ptII/ptolemy/actor/lib/test/auto/ArrayAppendWithEmptyInput.xml
13 ms. Memory: 583680K Free: 426114K (73%)
----------------- Invoking toplevel() on ptolemy.moml.MoMLSimpleApplication@2ec1081d
----------------- Done invoking toplevel() on ptolemy.moml.MoMLSimpleApplication@2ec1081d
reloadAllAccessors: .ArrayAppendWithEmptyInput

===========================================================================================
----------------- testing Sun Jan 27 03:19:50 UTC 2019 /home/travis/build/icyphy/ptII/ptolemy/actor/lib/test/auto/ArrayAverage.xml
----------------- Instantiating /home/travis/build/icyphy/ptII/ptolemy/actor/lib/test/auto/ArrayAverage.xml
5 ms. Memory: 583680K Free: 416319K (71%)
----------------- Invoking toplevel() on ptolemy.moml.MoMLSimpleApplication@41f6f828
----------------- Done invoking toplevel() on ptolemy.moml.MoMLSimpleApplication@41f6f828
reloadAllAccessors: .ArrayAverage

===========================================================================================
----------------- testing Sun Jan 27 03:19:50 UTC 2019 /home/travis/build/icyphy/ptII/ptolemy/actor/lib/test/auto/ArrayContains.xml
----------------- Instantiating /home/travis/build/icyphy/ptII/ptolemy/actor/lib/test/auto/ArrayContains.xml
13 ms. Memory: 583680K Free: 398458K (68%)
----------------- Invoking toplevel() on ptolemy.moml.MoMLSimpleApplication@554005eb
----------------- Done invoking toplevel() on ptolemy.moml.MoMLSimpleApplication@554005eb
reloadAllAccessors: .ArrayContains

===========================================================================================
----------------- testing Sun Jan 27 03:19:50 UTC 2019 /home/travis/build/icyphy/ptII/ptolemy/actor/lib/test/auto/ArrayElement.xml
----------------- Instantiating /home/travis/build/icyphy/ptII/ptolemy/actor/lib/test/auto/ArrayElement.xml
8 ms. Memory: 583680K Free: 391938K (67%)
----------------- Invoking toplevel() on ptolemy.moml.MoMLSimpleApplication@a9cd8ed
----------------- Done invoking toplevel() on ptolemy.moml.MoMLSimpleApplication@a9cd8ed
reloadAllAccessors: .ArrayElement

===========================================================================================
----------------- testing Sun Jan 27 03:19:50 UTC 2019 /home/travis/build/icyphy/ptII/ptolemy/actor/lib/test/auto/ArrayElementAsMatrix.xml
----------------- Instantiating /home/travis/build/icyphy/ptII/ptolemy/actor/lib/test/auto/ArrayElementAsMatrix.xml
15 ms. Memory: 583680K Free: 382158K (65%)
----------------- Invoking toplevel() on ptolemy.moml.MoMLSimpleApplication@74a10286
----------------- Done invoking toplevel() on ptolemy.moml.MoMLSimpleApplication@74a10286
reloadAllAccessors: .ArrayElementAsMatrix

===========================================================================================
----------------- testing Sun Jan 27 03:19:50 UTC 2019 /home/travis/build/icyphy/ptII/ptolemy/actor/lib/test/auto/ArrayElementI.xml
----------------- Instantiating /home/travis/build/icyphy/ptII/ptolemy/actor/lib/test/auto/ArrayElementI.xml
3 ms. Memory: 583680K Free: 375639K (64%)
----------------- Invoking toplevel() on ptolemy.moml.MoMLSimpleApplication@18250471
----------------- Done invoking toplevel() on ptolemy.moml.MoMLSimpleApplication@18250471
reloadAllAccessors: .ArrayElementI

===========================================================================================
----------------- testing Sun Jan 27 03:19:50 UTC 2019 /home/travis/build/icyphy/ptII/ptolemy/actor/lib/test/auto/ArrayExtract.xml
----------------- Instantiating /home/travis/build/icyphy/ptII/ptolemy/actor/lib/test/auto/ArrayExtract.xml
4 ms. Memory: 583680K Free: 357778K (61%)
----------------- Invoking toplevel() on ptolemy.moml.MoMLSimpleApplication@3fd0dca6
----------------- Done invoking toplevel() on ptolemy.moml.MoMLSimpleApplication@3fd0dca6
reloadAllAccessors: .ArrayExtract

===========================================================================================
----------------- testing Sun Jan 27 03:19:50 UTC 2019 /home/travis/build/icyphy/ptII/ptolemy/actor/lib/test/auto/ArrayExtract2.xml
----------------- Instantiating /home/travis/build/icyphy/ptII/ptolemy/actor/lib/test/auto/ArrayExtract2.xml
2 ms. Memory: 583680K Free: 351258K (60%)
----------------- Invoking toplevel() on ptolemy.moml.MoMLSimpleApplication@2f18010f
----------------- Done invoking toplevel() on ptolemy.moml.MoMLSimpleApplication@2f18010f
reloadAllAccessors: .ArrayExtract2

===========================================================================================
----------------- testing Sun Jan 27 03:19:50 UTC 2019 /home/travis/build/icyphy/ptII/ptolemy/actor/lib/test/auto/ArrayLength.xml
----------------- Instantiating /home/travis/build/icyphy/ptII/ptolemy/actor/lib/test/auto/ArrayLength.xml
2 ms. Memory: 583680K Free: 344739K (59%)
----------------- Invoking toplevel() on ptolemy.moml.MoMLSimpleApplication@38bc6b9f
----------------- Done invoking toplevel() on ptolemy.moml.MoMLSimpleApplication@38bc6b9f
reloadAllAccessors: .ArrayLength

===========================================================================================
----------------- testing Sun Jan 27 03:19:50 UTC 2019 /home/travis/build/icyphy/ptII/ptolemy/actor/lib/test/auto/ArrayLevelCrossing.xml
----------------- Instantiating /home/travis/build/icyphy/ptII/ptolemy/actor/lib/test/auto/ArrayLevelCrossing.xml
8 ms. Memory: 583680K Free: 326885K (56%)
----------------- Invoking toplevel() on ptolemy.moml.MoMLSimpleApplication@2d0e0c3f
----------------- Done invoking toplevel() on ptolemy.moml.MoMLSimpleApplication@2d0e0c3f
reloadAllAccessors: .ArrayLevelCrossing

===========================================================================================
----------------- testing Sun Jan 27 03:19:50 UTC 2019 /home/travis/build/icyphy/ptII/ptolemy/actor/lib/test/auto/ArrayLevelCrossing2.xml
----------------- Instantiating /home/travis/build/icyphy/ptII/ptolemy/actor/lib/test/auto/ArrayLevelCrossing2.xml
2 ms. Memory: 583680K Free: 317090K (54%)
----------------- Invoking toplevel() on ptolemy.moml.MoMLSimpleApplication@15ea7dc0
----------------- Done invoking toplevel() on ptolemy.moml.MoMLSimpleApplication@15ea7dc0
reloadAllAccessors: .ArrayLevelCrossing2

===========================================================================================
----------------- testing Sun Jan 27 03:19:50 UTC 2019 /home/travis/build/icyphy/ptII/ptolemy/actor/lib/test/auto/ArrayPeakSearch.xml
----------------- Instantiating /home/travis/build/icyphy/ptII/ptolemy/actor/lib/test/auto/ArrayPeakSearch.xml
8 ms. Memory: 583680K Free: 307295K (53%)
----------------- Invoking toplevel() on ptolemy.moml.MoMLSimpleApplication@3b5340fa
----------------- Done invoking toplevel() on ptolemy.moml.MoMLSimpleApplication@3b5340fa
reloadAllAccessors: .ArrayPeakSearch

===========================================================================================
----------------- testing Sun Jan 27 03:19:50 UTC 2019 /home/travis/build/icyphy/ptII/ptolemy/actor/lib/test/auto/ArrayPeakSearch2.xml
----------------- Instantiating /home/travis/build/icyphy/ptII/ptolemy/actor/lib/test/auto/ArrayPeakSearch2.xml
6 ms. Memory: 583680K Free: 294248K (50%)
----------------- Invoking toplevel() on ptolemy.moml.MoMLSimpleApplication@339153ec
----------------- Done invoking toplevel() on ptolemy.moml.MoMLSimpleApplication@339153ec
reloadAllAccessors: .ArrayPeakSearch2

===========================================================================================
----------------- testing Sun Jan 27 03:19:50 UTC 2019 /home/travis/build/icyphy/ptII/ptolemy/actor/lib/test/auto/ArrayPeakSearch3.xml
----------------- Instantiating /home/travis/build/icyphy/ptII/ptolemy/actor/lib/test/auto/ArrayPeakSearch3.xml
4 ms. Memory: 583680K Free: 273119K (47%)
----------------- Invoking toplevel() on ptolemy.moml.MoMLSimpleApplication@bca708b
----------------- Done invoking toplevel() on ptolemy.moml.MoMLSimpleApplication@bca708b
reloadAllAccessors: .ArrayPeakSearch3

===========================================================================================
----------------- testing Sun Jan 27 03:19:50 UTC 2019 /home/travis/build/icyphy/ptII/ptolemy/actor/lib/test/auto/ArrayRemoveElement.xml
----------------- Instantiating /home/travis/build/icyphy/ptII/ptolemy/actor/lib/test/auto/ArrayRemoveElement.xml
3 ms. Memory: 583680K Free: 263324K (45%)
----------------- Invoking toplevel() on ptolemy.moml.MoMLSimpleApplication@1e918858
----------------- Done invoking toplevel() on ptolemy.moml.MoMLSimpleApplication@1e918858
reloadAllAccessors: .ArrayRemoveElement

===========================================================================================
----------------- testing Sun Jan 27 03:19:51 UTC 2019 /home/travis/build/icyphy/ptII/ptolemy/actor/lib/test/auto/ArraySort.xml
----------------- Instantiating /home/travis/build/icyphy/ptII/ptolemy/actor/lib/test/auto/ArraySort.xml
4 ms. Memory: 583680K Free: 250261K (43%)
----------------- Invoking toplevel() on ptolemy.moml.MoMLSimpleApplication@3e0dd2c1
----------------- Done invoking toplevel() on ptolemy.moml.MoMLSimpleApplication@3e0dd2c1
reloadAllAccessors: .ArraySort

===========================================================================================
----------------- testing Sun Jan 27 03:19:51 UTC 2019 /home/travis/build/icyphy/ptII/ptolemy/actor/lib/test/auto/ArraySum.xml
----------------- Instantiating /home/travis/build/icyphy/ptII/ptolemy/actor/lib/test/auto/ArraySum.xml
6 ms. Memory: 583680K Free: 243741K (42%)
----------------- Invoking toplevel() on ptolemy.moml.MoMLSimpleApplication@79285385
----------------- Done invoking toplevel() on ptolemy.moml.MoMLSimpleApplication@79285385
reloadAllAccessors: .ArraySum

===========================================================================================
----------------- testing Sun Jan 27 03:19:51 UTC 2019 /home/travis/build/icyphy/ptII/ptolemy/actor/lib/test/auto/ArrayToElements.xml
----------------- Instantiating /home/travis/build/icyphy/ptII/ptolemy/actor/lib/test/auto/ArrayToElements.xml
3 ms. Memory: 583680K Free: 225896K (39%)
----------------- Invoking toplevel() on ptolemy.moml.MoMLSimpleApplication@9004f16
----------------- Done invoking toplevel() on ptolemy.moml.MoMLSimpleApplication@9004f16
reloadAllAccessors: .ArrayToElements

===========================================================================================
----------------- testing Sun Jan 27 03:19:51 UTC 2019 /home/travis/build/icyphy/ptII/ptolemy/actor/lib/test/auto/ArrayToMatrix.xml
----------------- Instantiating /home/travis/build/icyphy/ptII/ptolemy/actor/lib/test/auto/ArrayToMatrix.xml
7 ms. Memory: 583680K Free: 209573K (36%)
----------------- Invoking toplevel() on ptolemy.moml.MoMLSimpleApplication@47cd682
----------------- Done invoking toplevel() on ptolemy.moml.MoMLSimpleApplication@47cd682
reloadAllAccessors: .ArrayToMatrix

===========================================================================================
----------------- testing Sun Jan 27 03:19:51 UTC 2019 /home/travis/build/icyphy/ptII/ptolemy/actor/lib/test/auto/ArrayUpdate1.xml
----------------- Instantiating /home/travis/build/icyphy/ptII/ptolemy/actor/lib/test/auto/ArrayUpdate1.xml
10 ms. Memory: 583680K Free: 203054K (35%)
----------------- Invoking toplevel() on ptolemy.moml.MoMLSimpleApplication@9c1aa73
----------------- Done invoking toplevel() on ptolemy.moml.MoMLSimpleApplication@9c1aa73
reloadAllAccessors: .ArrayUpdate1

===========================================================================================
----------------- testing Sun Jan 27 03:19:51 UTC 2019 /home/travis/build/icyphy/ptII/ptolemy/actor/lib/test/auto/ArrayUpdate2.xml
----------------- Instantiating /home/travis/build/icyphy/ptII/ptolemy/actor/lib/test/auto/ArrayUpdate2.xml
5 ms. Memory: 583680K Free: 185193K (32%)
----------------- Invoking toplevel() on ptolemy.moml.MoMLSimpleApplication@11997526
----------------- Done invoking toplevel() on ptolemy.moml.MoMLSimpleApplication@11997526
reloadAllAccessors: .ArrayUpdate2

===========================================================================================
----------------- testing Sun Jan 27 03:19:51 UTC 2019 /home/travis/build/icyphy/ptII/ptolemy/actor/lib/test/auto/ArrayUpdate3.xml
----------------- Instantiating /home/travis/build/icyphy/ptII/ptolemy/actor/lib/test/auto/ArrayUpdate3.xml
1 ms. Memory: 583680K Free: 178673K (31%)
----------------- Invoking toplevel() on ptolemy.moml.MoMLSimpleApplication@225ace74
----------------- Done invoking toplevel() on ptolemy.moml.MoMLSimpleApplication@225ace74
reloadAllAccessors: .ArrayUpdate3

===========================================================================================
----------------- testing Sun Jan 27 03:19:51 UTC 2019 /home/travis/build/icyphy/ptII/ptolemy/actor/lib/test/auto/Assert1.xml
----------------- Instantiating /home/travis/build/icyphy/ptII/ptolemy/actor/lib/test/auto/Assert1.xml
3 ms. Memory: 583680K Free: 172154K (29%)
----------------- Invoking toplevel() on ptolemy.moml.MoMLSimpleApplication@52123106
----------------- Done invoking toplevel() on ptolemy.moml.MoMLSimpleApplication@52123106
reloadAllAccessors: .Assert1

===========================================================================================
----------------- testing Sun Jan 27 03:19:51 UTC 2019 /home/travis/build/icyphy/ptII/ptolemy/actor/lib/test/auto/Assert2.xml
----------------- Instantiating /home/travis/build/icyphy/ptII/ptolemy/actor/lib/test/auto/Assert2.xml
7 ms. Memory: 583680K Free: 165634K (28%)
----------------- Invoking toplevel() on ptolemy.moml.MoMLSimpleApplication@51621b40
----------------- Done invoking toplevel() on ptolemy.moml.MoMLSimpleApplication@51621b40
reloadAllAccessors: .Assert2

===========================================================================================
----------------- testing Sun Jan 27 03:19:51 UTC 2019 /home/travis/build/icyphy/ptII/ptolemy/actor/lib/test/auto/BooleanMultiplexor.xml
----------------- Instantiating /home/travis/build/icyphy/ptII/ptolemy/actor/lib/test/auto/BooleanMultiplexor.xml
2 ms. Memory: 583680K Free: 151048K (26%)
----------------- Invoking toplevel() on ptolemy.moml.MoMLSimpleApplication@3fdff136
----------------- Done invoking toplevel() on ptolemy.moml.MoMLSimpleApplication@3fdff136
reloadAllAccessors: .BooleanMultiplexor

===========================================================================================
----------------- testing Sun Jan 27 03:19:51 UTC 2019 /home/travis/build/icyphy/ptII/ptolemy/actor/lib/test/auto/BooleanMultiplexor2.xml
----------------- Instantiating /home/travis/build/icyphy/ptII/ptolemy/actor/lib/test/auto/BooleanMultiplexor2.xml
8 ms. Memory: 583680K Free: 141261K (24%)
----------------- Invoking toplevel() on ptolemy.moml.MoMLSimpleApplication@56b1ed3d
----------------- Done invoking toplevel() on ptolemy.moml.MoMLSimpleApplication@56b1ed3d
reloadAllAccessors: .BooleanMultiplexor2

===========================================================================================
----------------- testing Sun Jan 27 03:19:51 UTC 2019 /home/travis/build/icyphy/ptII/ptolemy/actor/lib/test/auto/BooleanMultiplexor3.xml
----------------- Instantiating /home/travis/build/icyphy/ptII/ptolemy/actor/lib/test/auto/BooleanMultiplexor3.xml
5 ms. Memory: 583680K Free: 134742K (23%)
----------------- Invoking toplevel() on ptolemy.moml.MoMLSimpleApplication@a3d0a12
----------------- Done invoking toplevel() on ptolemy.moml.MoMLSimpleApplication@a3d0a12
reloadAllAccessors: .BooleanMultiplexor3

===========================================================================================
----------------- testing Sun Jan 27 03:19:51 UTC 2019 /home/travis/build/icyphy/ptII/ptolemy/actor/lib/test/auto/BooleanSelect.xml
----------------- Instantiating /home/travis/build/icyphy/ptII/ptolemy/actor/lib/test/auto/BooleanSelect.xml
7 ms. Memory: 583680K Free: 116880K (20%)
----------------- Invoking toplevel() on ptolemy.moml.MoMLSimpleApplication@10b99501
----------------- Done invoking toplevel() on ptolemy.moml.MoMLSimpleApplication@10b99501
reloadAllAccessors: .BooleanSelect

===========================================================================================
----------------- testing Sun Jan 27 03:19:51 UTC 2019 /home/travis/build/icyphy/ptII/ptolemy/actor/lib/test/auto/BooleanSelect2.xml
----------------- Instantiating /home/travis/build/icyphy/ptII/ptolemy/actor/lib/test/auto/BooleanSelect2.xml
2 ms. Memory: 583680K Free: 110361K (19%)
----------------- Invoking toplevel() on ptolemy.moml.MoMLSimpleApplication@1282c4cf
----------------- Done invoking toplevel() on ptolemy.moml.MoMLSimpleApplication@1282c4cf
reloadAllAccessors: .BooleanSelect2

===========================================================================================
----------------- testing Sun Jan 27 03:19:51 UTC 2019 /home/travis/build/icyphy/ptII/ptolemy/actor/lib/test/auto/BooleanSwitch.xml
----------------- Instantiating /home/travis/build/icyphy/ptII/ptolemy/actor/lib/test/auto/BooleanSwitch.xml
4 ms. Memory: 583680K Free: 100574K (17%)
----------------- Invoking toplevel() on ptolemy.moml.MoMLSimpleApplication@59f51509
----------------- Done invoking toplevel() on ptolemy.moml.MoMLSimpleApplication@59f51509
reloadAllAccessors: .BooleanSwitch

===========================================================================================
----------------- testing Sun Jan 27 03:19:51 UTC 2019 /home/travis/build/icyphy/ptII/ptolemy/actor/lib/test/auto/BooleanSwitch2.xml
----------------- Instantiating /home/travis/build/icyphy/ptII/ptolemy/actor/lib/test/auto/BooleanSwitch2.xml
2 ms. Memory: 583680K Free: 94054K (16%)
----------------- Invoking toplevel() on ptolemy.moml.MoMLSimpleApplication@49acc09
----------------- Done invoking toplevel() on ptolemy.moml.MoMLSimpleApplication@49acc09
reloadAllAccessors: .BooleanSwitch2

===========================================================================================
----------------- testing Sun Jan 27 03:19:51 UTC 2019 /home/travis/build/icyphy/ptII/ptolemy/actor/lib/test/auto/BooleanSwitchCloningBugWithClassRelationGroup.xml
----------------- Instantiating /home/travis/build/icyphy/ptII/ptolemy/actor/lib/test/auto/BooleanSwitchCloningBugWithClassRelationGroup.xml
2 ms. Memory: 583680K Free: 76201K (13%)
----------------- Invoking toplevel() on ptolemy.moml.MoMLSimpleApplication@3505fffa
----------------- Done invoking toplevel() on ptolemy.moml.MoMLSimpleApplication@3505fffa
reloadAllAccessors: .BooleanSwitchCloningBugWithClassRelationGroup

===========================================================================================
----------------- testing Sun Jan 27 03:19:51 UTC 2019 /home/travis/build/icyphy/ptII/ptolemy/actor/lib/test/auto/BusActors.xml
----------------- Instantiating /home/travis/build/icyphy/ptII/ptolemy/actor/lib/test/auto/BusActors.xml
5 ms. Memory: 583680K Free: 66422K (11%)
----------------- Invoking toplevel() on ptolemy.moml.MoMLSimpleApplication@1f3a1e9d
----------------- Done invoking toplevel() on ptolemy.moml.MoMLSimpleApplication@1f3a1e9d
reloadAllAccessors: .BusActors

===========================================================================================
----------------- testing Sun Jan 27 03:19:51 UTC 2019 /home/travis/build/icyphy/ptII/ptolemy/actor/lib/test/auto/ClassWrapper.xml
----------------- Instantiating /home/travis/build/icyphy/ptII/ptolemy/actor/lib/test/auto/ClassWrapper.xml
2 ms. Memory: 583680K Free: 59902K (10%)
----------------- Invoking toplevel() on ptolemy.moml.MoMLSimpleApplication@72e4cb8f
----------------- Done invoking toplevel() on ptolemy.moml.MoMLSimpleApplication@72e4cb8f
reloadAllAccessors: .ClassWrapper

===========================================================================================
----------------- testing Sun Jan 27 03:19:51 UTC 2019 /home/travis/build/icyphy/ptII/ptolemy/actor/lib/test/auto/Clock.xml
----------------- Instantiating /home/travis/build/icyphy/ptII/ptolemy/actor/lib/test/auto/Clock.xml
4 ms. Memory: 583680K Free: 54992K (9%)
----------------- Invoking toplevel() on ptolemy.moml.MoMLSimpleApplication@260d5d05
----------------- Done invoking toplevel() on ptolemy.moml.MoMLSimpleApplication@260d5d05
reloadAllAccessors: .Clock

===========================================================================================
----------------- testing Sun Jan 27 03:19:51 UTC 2019 /home/travis/build/icyphy/ptII/ptolemy/actor/lib/test/auto/Clock10.xml
----------------- Instantiating /home/travis/build/icyphy/ptII/ptolemy/actor/lib/test/auto/Clock10.xml
5 ms. Memory: 882176K Free: 821540K (93%)
----------------- Invoking toplevel() on ptolemy.moml.MoMLSimpleApplication@4d79a2a5
----------------- Done invoking toplevel() on ptolemy.moml.MoMLSimpleApplication@4d79a2a5
reloadAllAccessors: .Clock10

===========================================================================================
----------------- testing Sun Jan 27 03:19:51 UTC 2019 /home/travis/build/icyphy/ptII/ptolemy/actor/lib/test/auto/Clock11.xml
----------------- Instantiating /home/travis/build/icyphy/ptII/ptolemy/actor/lib/test/auto/Clock11.xml
5 ms. Memory: 882176K Free: 811109K (92%)
----------------- Invoking toplevel() on ptolemy.moml.MoMLSimpleApplication@6a3f5dd3
----------------- Done invoking toplevel() on ptolemy.moml.MoMLSimpleApplication@6a3f5dd3
reloadAllAccessors: .Clock11

===========================================================================================
----------------- testing Sun Jan 27 03:19:51 UTC 2019 /home/travis/build/icyphy/ptII/ptolemy/actor/lib/test/auto/Clock12.xml
----------------- Instantiating /home/travis/build/icyphy/ptII/ptolemy/actor/lib/test/auto/Clock12.xml
4 ms. Memory: 882176K Free: 800677K (91%)
----------------- Invoking toplevel() on ptolemy.moml.MoMLSimpleApplication@dae0a39
----------------- Done invoking toplevel() on ptolemy.moml.MoMLSimpleApplication@dae0a39
reloadAllAccessors: .Clock12

===========================================================================================
----------------- testing Sun Jan 27 03:19:51 UTC 2019 /home/travis/build/icyphy/ptII/ptolemy/actor/lib/test/auto/Clock13.xml
----------------- Instantiating /home/travis/build/icyphy/ptII/ptolemy/actor/lib/test/auto/Clock13.xml
9 ms. Memory: 882176K Free: 790246K (90%)
----------------- Invoking toplevel() on ptolemy.moml.MoMLSimpleApplication@5263295b
----------------- Done invoking toplevel() on ptolemy.moml.MoMLSimpleApplication@5263295b
reloadAllAccessors: .Clock13

===========================================================================================
----------------- testing Sun Jan 27 03:19:51 UTC 2019 /home/travis/build/icyphy/ptII/ptolemy/actor/lib/test/auto/Clock14.xml
----------------- Instantiating /home/travis/build/icyphy/ptII/ptolemy/actor/lib/test/auto/Clock14.xml
7 ms. Memory: 882176K Free: 770290K (87%)
----------------- Invoking toplevel() on ptolemy.moml.MoMLSimpleApplication@674f6f04
----------------- Done invoking toplevel() on ptolemy.moml.MoMLSimpleApplication@674f6f04
reloadAllAccessors: .Clock14

===========================================================================================
----------------- testing Sun Jan 27 03:19:51 UTC 2019 /home/travis/build/icyphy/ptII/ptolemy/actor/lib/test/auto/Clock15.xml
----------------- Instantiating /home/travis/build/icyphy/ptII/ptolemy/actor/lib/test/auto/Clock15.xml
6 ms. Memory: 882176K Free: 759858K (86%)
----------------- Invoking toplevel() on ptolemy.moml.MoMLSimpleApplication@57d4b719
----------------- Done invoking toplevel() on ptolemy.moml.MoMLSimpleApplication@57d4b719
reloadAllAccessors: .Clock15

===========================================================================================
----------------- testing Sun Jan 27 03:19:51 UTC 2019 /home/travis/build/icyphy/ptII/ptolemy/actor/lib/test/auto/Clock16.xml
----------------- Instantiating /home/travis/build/icyphy/ptII/ptolemy/actor/lib/test/auto/Clock16.xml
25 ms. Memory: 882176K Free: 744196K (84%)
----------------- Invoking toplevel() on ptolemy.moml.MoMLSimpleApplication@43380dd8
----------------- Done invoking toplevel() on ptolemy.moml.MoMLSimpleApplication@43380dd8
reloadAllAccessors: .Clock16

===========================================================================================
----------------- testing Sun Jan 27 03:19:51 UTC 2019 /home/travis/build/icyphy/ptII/ptolemy/actor/lib/test/auto/Clock17.xml
----------------- Instantiating /home/travis/build/icyphy/ptII/ptolemy/actor/lib/test/auto/Clock17.xml
14 ms. Memory: 882176K Free: 728533K (83%)
----------------- Invoking toplevel() on ptolemy.moml.MoMLSimpleApplication@273ba671
----------------- Done invoking toplevel() on ptolemy.moml.MoMLSimpleApplication@273ba671
reloadAllAccessors: .Clock17

===========================================================================================
----------------- testing Sun Jan 27 03:19:51 UTC 2019 /home/travis/build/icyphy/ptII/ptolemy/actor/lib/test/auto/Clock18.xml
----------------- Instantiating /home/travis/build/icyphy/ptII/ptolemy/actor/lib/test/auto/Clock18.xml
18 ms. Memory: 882176K Free: 703353K (80%)
----------------- Invoking toplevel() on ptolemy.moml.MoMLSimpleApplication@7eefc36
----------------- Done invoking toplevel() on ptolemy.moml.MoMLSimpleApplication@7eefc36
reloadAllAccessors: .Clock18

===========================================================================================
----------------- testing Sun Jan 27 03:19:51 UTC 2019 /home/travis/build/icyphy/ptII/ptolemy/actor/lib/test/auto/Clock19.xml
----------------- Instantiating /home/travis/build/icyphy/ptII/ptolemy/actor/lib/test/auto/Clock19.xml
13 ms. Memory: 882176K Free: 687706K (78%)
----------------- Invoking toplevel() on ptolemy.moml.MoMLSimpleApplication@29c9e66d
----------------- Done invoking toplevel() on ptolemy.moml.MoMLSimpleApplication@29c9e66d
reloadAllAccessors: .Clock19

===========================================================================================
----------------- testing Sun Jan 27 03:19:51 UTC 2019 /home/travis/build/icyphy/ptII/ptolemy/actor/lib/test/auto/Clock2.xml
----------------- Instantiating /home/travis/build/icyphy/ptII/ptolemy/actor/lib/test/auto/Clock2.xml
9 ms. Memory: 882176K Free: 677275K (77%)
----------------- Invoking toplevel() on ptolemy.moml.MoMLSimpleApplication@448f59cf
----------------- Done invoking toplevel() on ptolemy.moml.MoMLSimpleApplication@448f59cf
reloadAllAccessors: .Clock2

===========================================================================================
----------------- testing Sun Jan 27 03:19:52 UTC 2019 /home/travis/build/icyphy/ptII/ptolemy/actor/lib/test/auto/Clock20.xml
----------------- Instantiating /home/travis/build/icyphy/ptII/ptolemy/actor/lib/test/auto/Clock20.xml
9 ms. Memory: 882176K Free: 666843K (76%)
----------------- Invoking toplevel() on ptolemy.moml.MoMLSimpleApplication@607c2f52
----------------- Done invoking toplevel() on ptolemy.moml.MoMLSimpleApplication@607c2f52
reloadAllAccessors: .Clock20

===========================================================================================
----------------- testing Sun Jan 27 03:19:52 UTC 2019 /home/travis/build/icyphy/ptII/ptolemy/actor/lib/test/auto/Clock21.xml
----------------- Instantiating /home/travis/build/icyphy/ptII/ptolemy/actor/lib/test/auto/Clock21.xml
2 ms. Memory: 882176K Free: 646887K (73%)
----------------- Invoking toplevel() on ptolemy.moml.MoMLSimpleApplication@33fa3754
----------------- Done invoking toplevel() on ptolemy.moml.MoMLSimpleApplication@33fa3754
reloadAllAccessors: .Clock21

===========================================================================================
----------------- testing Sun Jan 27 03:19:52 UTC 2019 /home/travis/build/icyphy/ptII/ptolemy/actor/lib/test/auto/Clock22.xml
----------------- Instantiating /home/travis/build/icyphy/ptII/ptolemy/actor/lib/test/auto/Clock22.xml
2 ms. Memory: 882176K Free: 636455K (72%)
----------------- Invoking toplevel() on ptolemy.moml.MoMLSimpleApplication@79056a69
----------------- Done invoking toplevel() on ptolemy.moml.MoMLSimpleApplication@79056a69
reloadAllAccessors: .Clock22

===========================================================================================
----------------- testing Sun Jan 27 03:19:52 UTC 2019 /home/travis/build/icyphy/ptII/ptolemy/actor/lib/test/auto/Clock23.xml
----------------- Instantiating /home/travis/build/icyphy/ptII/ptolemy/actor/lib/test/auto/Clock23.xml
1 ms. Memory: 882176K Free: 626024K (71%)
----------------- Invoking toplevel() on ptolemy.moml.MoMLSimpleApplication@c95cda7
----------------- Done invoking toplevel() on ptolemy.moml.MoMLSimpleApplication@c95cda7
reloadAllAccessors: .Clock23

===========================================================================================
----------------- testing Sun Jan 27 03:19:52 UTC 2019 /home/travis/build/icyphy/ptII/ptolemy/actor/lib/test/auto/Clock24.xml
----------------- Instantiating /home/travis/build/icyphy/ptII/ptolemy/actor/lib/test/auto/Clock24.xml
2 ms. Memory: 882176K Free: 615593K (70%)
----------------- Invoking toplevel() on ptolemy.moml.MoMLSimpleApplication@6883fc62
----------------- Done invoking toplevel() on ptolemy.moml.MoMLSimpleApplication@6883fc62
reloadAllAccessors: .Clock24

===========================================================================================
----------------- testing Sun Jan 27 03:19:52 UTC 2019 /home/travis/build/icyphy/ptII/ptolemy/actor/lib/test/auto/Clock4.xml
----------------- Instantiating /home/travis/build/icyphy/ptII/ptolemy/actor/lib/test/auto/Clock4.xml
1 ms. Memory: 882176K Free: 605162K (69%)
----------------- Invoking toplevel() on ptolemy.moml.MoMLSimpleApplication@8b721a6
----------------- Done invoking toplevel() on ptolemy.moml.MoMLSimpleApplication@8b721a6
reloadAllAccessors: .Clock4

===========================================================================================
----------------- testing Sun Jan 27 03:19:52 UTC 2019 /home/travis/build/icyphy/ptII/ptolemy/actor/lib/test/auto/Clock5.xml
----------------- Instantiating /home/travis/build/icyphy/ptII/ptolemy/actor/lib/test/auto/Clock5.xml
1 ms. Memory: 882176K Free: 585205K (66%)
----------------- Invoking toplevel() on ptolemy.moml.MoMLSimpleApplication@374129c4
----------------- Done invoking toplevel() on ptolemy.moml.MoMLSimpleApplication@374129c4
reloadAllAccessors: .Clock5

===========================================================================================
----------------- testing Sun Jan 27 03:19:52 UTC 2019 /home/travis/build/icyphy/ptII/ptolemy/actor/lib/test/auto/Clock6.xml
----------------- Instantiating /home/travis/build/icyphy/ptII/ptolemy/actor/lib/test/auto/Clock6.xml
2 ms. Memory: 882176K Free: 574774K (65%)
----------------- Invoking toplevel() on ptolemy.moml.MoMLSimpleApplication@4678cf6c
----------------- Done invoking toplevel() on ptolemy.moml.MoMLSimpleApplication@4678cf6c
reloadAllAccessors: .Clock6

===========================================================================================
----------------- testing Sun Jan 27 03:19:52 UTC 2019 /home/travis/build/icyphy/ptII/ptolemy/actor/lib/test/auto/Clock7.xml
----------------- Instantiating /home/travis/build/icyphy/ptII/ptolemy/actor/lib/test/auto/Clock7.xml
1 ms. Memory: 882176K Free: 564343K (64%)
----------------- Invoking toplevel() on ptolemy.moml.MoMLSimpleApplication@498b445b
----------------- Done invoking toplevel() on ptolemy.moml.MoMLSimpleApplication@498b445b
reloadAllAccessors: .Clock7

===========================================================================================
----------------- testing Sun Jan 27 03:19:52 UTC 2019 /home/travis/build/icyphy/ptII/ptolemy/actor/lib/test/auto/Clock8.xml
----------------- Instantiating /home/travis/build/icyphy/ptII/ptolemy/actor/lib/test/auto/Clock8.xml
6 ms. Memory: 882176K Free: 553912K (63%)
----------------- Invoking toplevel() on ptolemy.moml.MoMLSimpleApplication@2439c6ca
----------------- Done invoking toplevel() on ptolemy.moml.MoMLSimpleApplication@2439c6ca
reloadAllAccessors: .Clock8

===========================================================================================
----------------- testing Sun Jan 27 03:19:52 UTC 2019 /home/travis/build/icyphy/ptII/ptolemy/actor/lib/test/auto/Clock9.xml
----------------- Instantiating /home/travis/build/icyphy/ptII/ptolemy/actor/lib/test/auto/Clock9.xml
7 ms. Memory: 882176K Free: 533955K (61%)
----------------- Invoking toplevel() on ptolemy.moml.MoMLSimpleApplication@fb1bfc2
----------------- Done invoking toplevel() on ptolemy.moml.MoMLSimpleApplication@fb1bfc2
reloadAllAccessors: .Clock9

===========================================================================================
----------------- testing Sun Jan 27 03:19:52 UTC 2019 /home/travis/build/icyphy/ptII/ptolemy/actor/lib/test/auto/CommDistDiscard.xml
----------------- Instantiating /home/travis/build/icyphy/ptII/ptolemy/actor/lib/test/auto/CommDistDiscard.xml
3 ms. Memory: 882176K Free: 523524K (59%)
----------------- Invoking toplevel() on ptolemy.moml.MoMLSimpleApplication@16223362
----------------- Done invoking toplevel() on ptolemy.moml.MoMLSimpleApplication@16223362
reloadAllAccessors: .CommDistDiscard

===========================================================================================
----------------- testing Sun Jan 27 03:19:52 UTC 2019 /home/travis/build/icyphy/ptII/ptolemy/actor/lib/test/auto/Commutator.xml
----------------- Instantiating /home/travis/build/icyphy/ptII/ptolemy/actor/lib/test/auto/Commutator.xml
2 ms. Memory: 882176K Free: 513093K (58%)
----------------- Invoking toplevel() on ptolemy.moml.MoMLSimpleApplication@45d7d14d
----------------- Done invoking toplevel() on ptolemy.moml.MoMLSimpleApplication@45d7d14d
reloadAllAccessors: .Commutator

===========================================================================================
----------------- testing Sun Jan 27 03:19:52 UTC 2019 /home/travis/build/icyphy/ptII/ptolemy/actor/lib/test/auto/Commutator2.xml
----------------- Instantiating /home/travis/build/icyphy/ptII/ptolemy/actor/lib/test/auto/Commutator2.xml
1 ms. Memory: 882176K Free: 502661K (57%)
----------------- Invoking toplevel() on ptolemy.moml.MoMLSimpleApplication@5a5593bb
----------------- Done invoking toplevel() on ptolemy.moml.MoMLSimpleApplication@5a5593bb
reloadAllAccessors: .Commutator2

===========================================================================================
----------------- testing Sun Jan 27 03:19:52 UTC 2019 /home/travis/build/icyphy/ptII/ptolemy/actor/lib/test/auto/Commutator3.xml
----------------- Instantiating /home/travis/build/icyphy/ptII/ptolemy/actor/lib/test/auto/Commutator3.xml
2 ms. Memory: 882176K Free: 482704K (55%)
----------------- Invoking toplevel() on ptolemy.moml.MoMLSimpleApplication@8ec36df
----------------- Done invoking toplevel() on ptolemy.moml.MoMLSimpleApplication@8ec36df
reloadAllAccessors: .Commutator3

===========================================================================================
----------------- testing Sun Jan 27 03:19:52 UTC 2019 /home/travis/build/icyphy/ptII/ptolemy/actor/lib/test/auto/Compare.xml
----------------- Instantiating /home/travis/build/icyphy/ptII/ptolemy/actor/lib/test/auto/Compare.xml
1 ms. Memory: 882176K Free: 472273K (54%)
----------------- Invoking toplevel() on ptolemy.moml.MoMLSimpleApplication@2d2afd06
----------------- Done invoking toplevel() on ptolemy.moml.MoMLSimpleApplication@2d2afd06
reloadAllAccessors: .Compare

===========================================================================================
----------------- testing Sun Jan 27 03:19:52 UTC 2019 /home/travis/build/icyphy/ptII/ptolemy/actor/lib/test/auto/CompareDE.xml
----------------- Instantiating /home/travis/build/icyphy/ptII/ptolemy/actor/lib/test/auto/CompareDE.xml
4 ms. Memory: 882176K Free: 461842K (52%)
----------------- Invoking toplevel() on ptolemy.moml.MoMLSimpleApplication@14335f4b
----------------- Done invoking toplevel() on ptolemy.moml.MoMLSimpleApplication@14335f4b
reloadAllAccessors: .CompareDE

===========================================================================================
----------------- testing Sun Jan 27 03:19:52 UTC 2019 /home/travis/build/icyphy/ptII/ptolemy/actor/lib/test/auto/ComplexDivide.xml
----------------- Instantiating /home/travis/build/icyphy/ptII/ptolemy/actor/lib/test/auto/ComplexDivide.xml
1 ms. Memory: 882176K Free: 451411K (51%)
----------------- Invoking toplevel() on ptolemy.moml.MoMLSimpleApplication@44313894
----------------- Done invoking toplevel() on ptolemy.moml.MoMLSimpleApplication@44313894
reloadAllAccessors: .ComplexDivide

===========================================================================================
----------------- testing Sun Jan 27 03:19:52 UTC 2019 /home/travis/build/icyphy/ptII/ptolemy/actor/lib/test/auto/ComputeHistogram.xml
----------------- Instantiating /home/travis/build/icyphy/ptII/ptolemy/actor/lib/test/auto/ComputeHistogram.xml
33 ms. Memory: 882176K Free: 426238K (48%)
----------------- Invoking toplevel() on ptolemy.moml.MoMLSimpleApplication@78f5ae50
----------------- Done invoking toplevel() on ptolemy.moml.MoMLSimpleApplication@78f5ae50
reloadAllAccessors: .ComputeHistogram

===========================================================================================
----------------- testing Sun Jan 27 03:19:52 UTC 2019 /home/travis/build/icyphy/ptII/ptolemy/actor/lib/test/auto/ConfigurationSelect.xml
----------------- Instantiating /home/travis/build/icyphy/ptII/ptolemy/actor/lib/test/auto/ConfigurationSelect.xml
2 ms. Memory: 882176K Free: 415807K (47%)
----------------- Invoking toplevel() on ptolemy.moml.MoMLSimpleApplication@4860010d
----------------- Done invoking toplevel() on ptolemy.moml.MoMLSimpleApplication@4860010d
reloadAllAccessors: .ConfigurationSelect

===========================================================================================
----------------- testing Sun Jan 27 03:19:52 UTC 2019 /home/travis/build/icyphy/ptII/ptolemy/actor/lib/test/auto/ConfigurationSelect2.xml
----------------- Instantiating /home/travis/build/icyphy/ptII/ptolemy/actor/lib/test/auto/ConfigurationSelect2.xml
2 ms. Memory: 882176K Free: 405376K (46%)
----------------- Invoking toplevel() on ptolemy.moml.MoMLSimpleApplication@770d5c1
----------------- Done invoking toplevel() on ptolemy.moml.MoMLSimpleApplication@770d5c1
reloadAllAccessors: .ConfigurationSelect2

===========================================================================================
----------------- testing Sun Jan 27 03:19:52 UTC 2019 /home/travis/build/icyphy/ptII/ptolemy/actor/lib/test/auto/ConfigurationSwitch.xml
----------------- Instantiating /home/travis/build/icyphy/ptII/ptolemy/actor/lib/test/auto/ConfigurationSwitch.xml
1 ms. Memory: 882176K Free: 394945K (45%)
----------------- Invoking toplevel() on ptolemy.moml.MoMLSimpleApplication@3f799038
----------------- Done invoking toplevel() on ptolemy.moml.MoMLSimpleApplication@3f799038
reloadAllAccessors: .ConfigurationSwitch

===========================================================================================
----------------- testing Sun Jan 27 03:19:52 UTC 2019 /home/travis/build/icyphy/ptII/ptolemy/actor/lib/test/auto/ConfigurationSwitch2.xml
----------------- Instantiating /home/travis/build/icyphy/ptII/ptolemy/actor/lib/test/auto/ConfigurationSwitch2.xml
3 ms. Memory: 882176K Free: 374988K (43%)
----------------- Invoking toplevel() on ptolemy.moml.MoMLSimpleApplication@7c61f000
----------------- Done invoking toplevel() on ptolemy.moml.MoMLSimpleApplication@7c61f000
reloadAllAccessors: .ConfigurationSwitch2

===========================================================================================
----------------- testing Sun Jan 27 03:19:52 UTC 2019 /home/travis/build/icyphy/ptII/ptolemy/actor/lib/test/auto/ConfigurationSwitchCloningBugWithClassRelationGroup.xml
----------------- Instantiating /home/travis/build/icyphy/ptII/ptolemy/actor/lib/test/auto/ConfigurationSwitchCloningBugWithClassRelationGroup.xml
1 ms. Memory: 882176K Free: 364557K (41%)
----------------- Invoking toplevel() on ptolemy.moml.MoMLSimpleApplication@2c2ddaa8
----------------- Done invoking toplevel() on ptolemy.moml.MoMLSimpleApplication@2c2ddaa8
reloadAllAccessors: .ConfigurationSwitchCloningBugWithClassRelationGroup

===========================================================================================
----------------- testing Sun Jan 27 03:19:52 UTC 2019 /home/travis/build/icyphy/ptII/ptolemy/actor/lib/test/auto/ConfigurationSwitchSelectSDF.xml
----------------- Instantiating /home/travis/build/icyphy/ptII/ptolemy/actor/lib/test/auto/ConfigurationSwitchSelectSDF.xml
2 ms. Memory: 882176K Free: 354126K (40%)
----------------- Invoking toplevel() on ptolemy.moml.MoMLSimpleApplication@abe1956
----------------- Done invoking toplevel() on ptolemy.moml.MoMLSimpleApplication@abe1956
reloadAllAccessors: .ConfigurationSwitchSelectSDF

===========================================================================================
----------------- testing Sun Jan 27 03:19:52 UTC 2019 /home/travis/build/icyphy/ptII/ptolemy/actor/lib/test/auto/ConfigurationSwitchSelectSDF2.xml
----------------- Instantiating /home/travis/build/icyphy/ptII/ptolemy/actor/lib/test/auto/ConfigurationSwitchSelectSDF2.xml
2 ms. Memory: 882176K Free: 343695K (39%)
----------------- Invoking toplevel() on ptolemy.moml.MoMLSimpleApplication@61742972
----------------- Done invoking toplevel() on ptolemy.moml.MoMLSimpleApplication@61742972
reloadAllAccessors: .ConfigurationSwitchSelectSDF2

===========================================================================================
----------------- testing Sun Jan 27 03:19:52 UTC 2019 /home/travis/build/icyphy/ptII/ptolemy/actor/lib/test/auto/Const.xml
----------------- Instantiating /home/travis/build/icyphy/ptII/ptolemy/actor/lib/test/auto/Const.xml
1 ms. Memory: 882176K Free: 333263K (38%)
----------------- Invoking toplevel() on ptolemy.moml.MoMLSimpleApplication@6906e513
----------------- Done invoking toplevel() on ptolemy.moml.MoMLSimpleApplication@6906e513
reloadAllAccessors: .Const

===========================================================================================
----------------- testing Sun Jan 27 03:19:52 UTC 2019 /home/travis/build/icyphy/ptII/ptolemy/actor/lib/test/auto/Const2.xml
----------------- Instantiating /home/travis/build/icyphy/ptII/ptolemy/actor/lib/test/auto/Const2.xml
1 ms. Memory: 882176K Free: 313307K (36%)
----------------- Invoking toplevel() on ptolemy.moml.MoMLSimpleApplication@56cf2f8c
----------------- Done invoking toplevel() on ptolemy.moml.MoMLSimpleApplication@56cf2f8c
reloadAllAccessors: .Const2

===========================================================================================
----------------- testing Sun Jan 27 03:19:52 UTC 2019 /home/travis/build/icyphy/ptII/ptolemy/actor/lib/test/auto/Const3.xml
----------------- Instantiating /home/travis/build/icyphy/ptII/ptolemy/actor/lib/test/auto/Const3.xml
1 ms. Memory: 882176K Free: 302876K (34%)
----------------- Invoking toplevel() on ptolemy.moml.MoMLSimpleApplication@68516558
----------------- Done invoking toplevel() on ptolemy.moml.MoMLSimpleApplication@68516558
reloadAllAccessors: .Const3

===========================================================================================
----------------- testing Sun Jan 27 03:19:52 UTC 2019 /home/travis/build/icyphy/ptII/ptolemy/actor/lib/test/auto/ConstantPublisherPort1.xml
----------------- Instantiating /home/travis/build/icyphy/ptII/ptolemy/actor/lib/test/auto/ConstantPublisherPort1.xml
9 ms. Memory: 882176K Free: 287213K (33%)
----------------- Invoking toplevel() on ptolemy.moml.MoMLSimpleApplication@6b14e20c
----------------- Done invoking toplevel() on ptolemy.moml.MoMLSimpleApplication@6b14e20c
reloadAllAccessors: .ConstantPublisherPort1

===========================================================================================
----------------- testing Sun Jan 27 03:19:52 UTC 2019 /home/travis/build/icyphy/ptII/ptolemy/actor/lib/test/auto/ConstantPublisherPort2.xml
----------------- Instantiating /home/travis/build/icyphy/ptII/ptolemy/actor/lib/test/auto/ConstantPublisherPort2.xml
8 ms. Memory: 882176K Free: 276782K (31%)
----------------- Invoking toplevel() on ptolemy.moml.MoMLSimpleApplication@bcb8c7f
----------------- Done invoking toplevel() on ptolemy.moml.MoMLSimpleApplication@bcb8c7f
reloadAllAccessors: .ConstantPublisherPort2

===========================================================================================
----------------- testing Sun Jan 27 03:19:52 UTC 2019 /home/travis/build/icyphy/ptII/ptolemy/actor/lib/test/auto/ConstantPublisherPort3.xml
----------------- Instantiating /home/travis/build/icyphy/ptII/ptolemy/actor/lib/test/auto/ConstantPublisherPort3.xml
5 ms. Memory: 882176K Free: 256825K (29%)
----------------- Invoking toplevel() on ptolemy.moml.MoMLSimpleApplication@4baabfd9
----------------- Done invoking toplevel() on ptolemy.moml.MoMLSimpleApplication@4baabfd9
reloadAllAccessors: .ConstantPublisherPort3

===========================================================================================
----------------- testing Sun Jan 27 03:19:52 UTC 2019 /home/travis/build/icyphy/ptII/ptolemy/actor/lib/test/auto/ConstantPublisherPort4.xml
----------------- Instantiating /home/travis/build/icyphy/ptII/ptolemy/actor/lib/test/auto/ConstantPublisherPort4.xml
2 ms. Memory: 882176K Free: 246394K (28%)
----------------- Invoking toplevel() on ptolemy.moml.MoMLSimpleApplication@28650941
----------------- Done invoking toplevel() on ptolemy.moml.MoMLSimpleApplication@28650941
reloadAllAccessors: .ConstantPublisherPort4

===========================================================================================
----------------- testing Sun Jan 27 03:19:52 UTC 2019 /home/travis/build/icyphy/ptII/ptolemy/actor/lib/test/auto/ConstantPublisherPort5.xml
----------------- Instantiating /home/travis/build/icyphy/ptII/ptolemy/actor/lib/test/auto/ConstantPublisherPort5.xml
25 ms. Memory: 882176K Free: 220300K (25%)
----------------- Invoking toplevel() on ptolemy.moml.MoMLSimpleApplication@ffdd7c4
----------------- Done invoking toplevel() on ptolemy.moml.MoMLSimpleApplication@ffdd7c4
reloadAllAccessors: .ConstantPublisherPort5

===========================================================================================
----------------- testing Sun Jan 27 03:19:52 UTC 2019 /home/travis/build/icyphy/ptII/ptolemy/actor/lib/test/auto/ConstantPublisherPort6.xml
----------------- Instantiating /home/travis/build/icyphy/ptII/ptolemy/actor/lib/test/auto/ConstantPublisherPort6.xml
15 ms. Memory: 882176K Free: 194222K (22%)
----------------- Invoking toplevel() on ptolemy.moml.MoMLSimpleApplication@faa8cb1
----------------- Done invoking toplevel() on ptolemy.moml.MoMLSimpleApplication@faa8cb1
reloadAllAccessors: .ConstantPublisherPort6

===========================================================================================
----------------- testing Sun Jan 27 03:19:52 UTC 2019 /home/travis/build/icyphy/ptII/ptolemy/actor/lib/test/auto/ConstantPublisherPort7.xml
----------------- Instantiating /home/travis/build/icyphy/ptII/ptolemy/actor/lib/test/auto/ConstantPublisherPort7.xml
14 ms. Memory: 882176K Free: 158618K (18%)
----------------- Invoking toplevel() on ptolemy.moml.MoMLSimpleApplication@32de8573
----------------- Done invoking toplevel() on ptolemy.moml.MoMLSimpleApplication@32de8573
reloadAllAccessors: .ConstantPublisherPort7

===========================================================================================
----------------- testing Sun Jan 27 03:19:52 UTC 2019 /home/travis/build/icyphy/ptII/ptolemy/actor/lib/test/auto/ConstraintMonitor1.xml
----------------- Instantiating /home/travis/build/icyphy/ptII/ptolemy/actor/lib/test/auto/ConstraintMonitor1.xml
9 ms. Memory: 882176K Free: 148187K (17%)
----------------- Invoking toplevel() on ptolemy.moml.MoMLSimpleApplication@64aeabc2
----------------- Done invoking toplevel() on ptolemy.moml.MoMLSimpleApplication@64aeabc2
reloadAllAccessors: .ConstraintMonitor1

===========================================================================================
----------------- testing Sun Jan 27 03:19:52 UTC 2019 /home/travis/build/icyphy/ptII/ptolemy/actor/lib/test/auto/ConstraintMonitor2.xml
----------------- Instantiating /home/travis/build/icyphy/ptII/ptolemy/actor/lib/test/auto/ConstraintMonitor2.xml
2 ms. Memory: 882176K Free: 137756K (16%)
----------------- Invoking toplevel() on ptolemy.moml.MoMLSimpleApplication@269b7497
----------------- Done invoking toplevel() on ptolemy.moml.MoMLSimpleApplication@269b7497
reloadAllAccessors: .ConstraintMonitor2

===========================================================================================
----------------- testing Sun Jan 27 03:19:52 UTC 2019 /home/travis/build/icyphy/ptII/ptolemy/actor/lib/test/auto/ConstraintMonitor3.xml
----------------- Instantiating /home/travis/build/icyphy/ptII/ptolemy/actor/lib/test/auto/ConstraintMonitor3.xml
6 ms. Memory: 882176K Free: 127325K (14%)
----------------- Invoking toplevel() on ptolemy.moml.MoMLSimpleApplication@7ecc440f
----------------- Done invoking toplevel() on ptolemy.moml.MoMLSimpleApplication@7ecc440f
reloadAllAccessors: .ConstraintMonitor3

===========================================================================================
----------------- testing Sun Jan 27 03:19:52 UTC 2019 /home/travis/build/icyphy/ptII/ptolemy/actor/lib/test/auto/ConstraintMonitor4.xml
----------------- Instantiating /home/travis/build/icyphy/ptII/ptolemy/actor/lib/test/auto/ConstraintMonitor4.xml
6 ms. Memory: 882176K Free: 107368K (12%)
----------------- Invoking toplevel() on ptolemy.moml.MoMLSimpleApplication@5af995b0
----------------- Done invoking toplevel() on ptolemy.moml.MoMLSimpleApplication@5af995b0
reloadAllAccessors: .ConstraintMonitor4

===========================================================================================
----------------- testing Sun Jan 27 03:19:52 UTC 2019 /home/travis/build/icyphy/ptII/ptolemy/actor/lib/test/auto/ConstraintMonitor5.xml
----------------- Instantiating /home/travis/build/icyphy/ptII/ptolemy/actor/lib/test/auto/ConstraintMonitor5.xml
2 ms. Memory: 882176K Free: 96937K (11%)
----------------- Invoking toplevel() on ptolemy.moml.MoMLSimpleApplication@163d04d
----------------- Done invoking toplevel() on ptolemy.moml.MoMLSimpleApplication@163d04d
reloadAllAccessors: .ConstraintMonitor5

===========================================================================================
----------------- testing Sun Jan 27 03:19:52 UTC 2019 /home/travis/build/icyphy/ptII/ptolemy/actor/lib/test/auto/ConstraintMonitor6.xml
----------------- Instantiating /home/travis/build/icyphy/ptII/ptolemy/actor/lib/test/auto/ConstraintMonitor6.xml
2 ms. Memory: 882176K Free: 86506K (10%)
----------------- Invoking toplevel() on ptolemy.moml.MoMLSimpleApplication@6dd00eeb
----------------- Done invoking toplevel() on ptolemy.moml.MoMLSimpleApplication@6dd00eeb
reloadAllAccessors: .ConstraintMonitor6

===========================================================================================
----------------- testing Sun Jan 27 03:19:52 UTC 2019 /home/travis/build/icyphy/ptII/ptolemy/actor/lib/test/auto/ConstraintMonitor7.xml
----------------- Instantiating /home/travis/build/icyphy/ptII/ptolemy/actor/lib/test/auto/ConstraintMonitor7.xml
3 ms. Memory: 882176K Free: 76074K (9%)
----------------- Invoking toplevel() on ptolemy.moml.MoMLSimpleApplication@2f0f8429
----------------- Done invoking toplevel() on ptolemy.moml.MoMLSimpleApplication@2f0f8429
reloadAllAccessors: .ConstraintMonitor7

===========================================================================================
----------------- testing Sun Jan 27 03:19:53 UTC 2019 /home/travis/build/icyphy/ptII/ptolemy/actor/lib/test/auto/ConstraintMonitor8.xml
----------------- Instantiating /home/travis/build/icyphy/ptII/ptolemy/actor/lib/test/auto/ConstraintMonitor8.xml
3 ms. Memory: 882176K Free: 59410K (7%)
----------------- Invoking toplevel() on ptolemy.moml.MoMLSimpleApplication@4f1818db
----------------- Done invoking toplevel() on ptolemy.moml.MoMLSimpleApplication@4f1818db
reloadAllAccessors: .ConstraintMonitor8

===========================================================================================
----------------- testing Sun Jan 27 03:19:53 UTC 2019 /home/travis/build/icyphy/ptII/ptolemy/actor/lib/test/auto/Counter.xml
----------------- Instantiating /home/travis/build/icyphy/ptII/ptolemy/actor/lib/test/auto/Counter.xml
2 ms. Memory: 883200K Free: 826637K (94%)
----------------- Invoking toplevel() on ptolemy.moml.MoMLSimpleApplication@41563675
----------------- Done invoking toplevel() on ptolemy.moml.MoMLSimpleApplication@41563675
reloadAllAccessors: .Counter

===========================================================================================
----------------- testing Sun Jan 27 03:19:53 UTC 2019 /home/travis/build/icyphy/ptII/ptolemy/actor/lib/test/auto/CurrentTimeSDF.xml
----------------- Instantiating /home/travis/build/icyphy/ptII/ptolemy/actor/lib/test/auto/CurrentTimeSDF.xml
1 ms. Memory: 883200K Free: 809147K (92%)
----------------- Invoking toplevel() on ptolemy.moml.MoMLSimpleApplication@64706bd7
----------------- Done invoking toplevel() on ptolemy.moml.MoMLSimpleApplication@64706bd7
reloadAllAccessors: .CurrentTimeSDF

===========================================================================================
----------------- testing Sun Jan 27 03:19:53 UTC 2019 /home/travis/build/icyphy/ptII/ptolemy/actor/lib/test/auto/DB.xml
----------------- Instantiating /home/travis/build/icyphy/ptII/ptolemy/actor/lib/test/auto/DB.xml
2 ms. Memory: 883200K Free: 798716K (90%)
----------------- Invoking toplevel() on ptolemy.moml.MoMLSimpleApplication@8c42091
----------------- Done invoking toplevel() on ptolemy.moml.MoMLSimpleApplication@8c42091
reloadAllAccessors: .DB

===========================================================================================
----------------- testing Sun Jan 27 03:19:53 UTC 2019 /home/travis/build/icyphy/ptII/ptolemy/actor/lib/test/auto/DBDE.xml
----------------- Instantiating /home/travis/build/icyphy/ptII/ptolemy/actor/lib/test/auto/DBDE.xml
2 ms. Memory: 883200K Free: 788285K (89%)
----------------- Invoking toplevel() on ptolemy.moml.MoMLSimpleApplication@42a241bc
----------------- Done invoking toplevel() on ptolemy.moml.MoMLSimpleApplication@42a241bc
reloadAllAccessors: .DBDE

===========================================================================================
----------------- testing Sun Jan 27 03:19:53 UTC 2019 /home/travis/build/icyphy/ptII/ptolemy/actor/lib/test/auto/DateConstructor.xml
----------------- Instantiating /home/travis/build/icyphy/ptII/ptolemy/actor/lib/test/auto/DateConstructor.xml
11 ms. Memory: 883200K Free: 760356K (86%)
----------------- Invoking toplevel() on ptolemy.moml.MoMLSimpleApplication@3d27ffd9
----------------- Done invoking toplevel() on ptolemy.moml.MoMLSimpleApplication@3d27ffd9
reloadAllAccessors: .DateConstructor

===========================================================================================
----------------- testing Sun Jan 27 03:19:53 UTC 2019 /home/travis/build/icyphy/ptII/ptolemy/actor/lib/test/auto/DelayTime.xml
----------------- Instantiating /home/travis/build/icyphy/ptII/ptolemy/actor/lib/test/auto/DelayTime.xml
3 ms. Memory: 883200K Free: 749925K (85%)
----------------- Invoking toplevel() on ptolemy.moml.MoMLSimpleApplication@1cc35c0c
----------------- Done invoking toplevel() on ptolemy.moml.MoMLSimpleApplication@1cc35c0c
reloadAllAccessors: .DelayTime

===========================================================================================
----------------- testing Sun Jan 27 03:19:53 UTC 2019 /home/travis/build/icyphy/ptII/ptolemy/actor/lib/test/auto/Dictionary1.xml
----------------- Instantiating /home/travis/build/icyphy/ptII/ptolemy/actor/lib/test/auto/Dictionary1.xml
2 ms. Memory: 1368064K Free: 1314494K (96%)
----------------- Invoking toplevel() on ptolemy.moml.MoMLSimpleApplication@3e659f0f
----------------- Done invoking toplevel() on ptolemy.moml.MoMLSimpleApplication@3e659f0f
reloadAllAccessors: .Dictionary1

===========================================================================================
----------------- testing Sun Jan 27 03:19:53 UTC 2019 /home/travis/build/icyphy/ptII/ptolemy/actor/lib/test/auto/Dictionary2.xml
----------------- Instantiating /home/travis/build/icyphy/ptII/ptolemy/actor/lib/test/auto/Dictionary2.xml
1 ms. Memory: 1368064K Free: 1286520K (94%)
----------------- Invoking toplevel() on ptolemy.moml.MoMLSimpleApplication@27c8c6e3
----------------- Done invoking toplevel() on ptolemy.moml.MoMLSimpleApplication@27c8c6e3
reloadAllAccessors: .Dictionary2

===========================================================================================
----------------- testing Sun Jan 27 03:19:53 UTC 2019 /home/travis/build/icyphy/ptII/ptolemy/actor/lib/test/auto/Dictionary3.xml
----------------- Instantiating /home/travis/build/icyphy/ptII/ptolemy/actor/lib/test/auto/Dictionary3.xml
2 ms. Memory: 1368064K Free: 1269835K (93%)
----------------- Invoking toplevel() on ptolemy.moml.MoMLSimpleApplication@8304551
----------------- Done invoking toplevel() on ptolemy.moml.MoMLSimpleApplication@8304551
reloadAllAccessors: .Dictionary3

===========================================================================================
----------------- testing Sun Jan 27 03:19:53 UTC 2019 /home/travis/build/icyphy/ptII/ptolemy/actor/lib/test/auto/Dictionary4.xml
----------------- Instantiating /home/travis/build/icyphy/ptII/ptolemy/actor/lib/test/auto/Dictionary4.xml
2 ms. Memory: 1368064K Free: 1253151K (92%)
----------------- Invoking toplevel() on ptolemy.moml.MoMLSimpleApplication@7677d9d
----------------- Done invoking toplevel() on ptolemy.moml.MoMLSimpleApplication@7677d9d
reloadAllAccessors: .Dictionary4

===========================================================================================
----------------- testing Sun Jan 27 03:19:53 UTC 2019 /home/travis/build/icyphy/ptII/ptolemy/actor/lib/test/auto/Differential.xml
----------------- Instantiating /home/travis/build/icyphy/ptII/ptolemy/actor/lib/test/auto/Differential.xml
1 ms. Memory: 1368064K Free: 1236466K (90%)
----------------- Invoking toplevel() on ptolemy.moml.MoMLSimpleApplication@6a3c8970
----------------- Done invoking toplevel() on ptolemy.moml.MoMLSimpleApplication@6a3c8970
reloadAllAccessors: .Differential

===========================================================================================
----------------- testing Sun Jan 27 03:19:53 UTC 2019 /home/travis/build/icyphy/ptII/ptolemy/actor/lib/test/auto/Director.xml
----------------- Instantiating /home/travis/build/icyphy/ptII/ptolemy/actor/lib/test/auto/Director.xml
1 ms. Memory: 1368064K Free: 1208492K (88%)
----------------- Invoking toplevel() on ptolemy.moml.MoMLSimpleApplication@758eb115
----------------- Done invoking toplevel() on ptolemy.moml.MoMLSimpleApplication@758eb115
reloadAllAccessors: .Director

===========================================================================================
----------------- testing Sun Jan 27 03:19:53 UTC 2019 /home/travis/build/icyphy/ptII/ptolemy/actor/lib/test/auto/DiscreteClock.xml
----------------- Instantiating /home/travis/build/icyphy/ptII/ptolemy/actor/lib/test/auto/DiscreteClock.xml
1 ms. Memory: 1368064K Free: 1191548K (87%)
----------------- Invoking toplevel() on ptolemy.moml.MoMLSimpleApplication@77dffd54
----------------- Done invoking toplevel() on ptolemy.moml.MoMLSimpleApplication@77dffd54
reloadAllAccessors: .DiscreteClock

===========================================================================================
----------------- testing Sun Jan 27 03:19:53 UTC 2019 /home/travis/build/icyphy/ptII/ptolemy/actor/lib/test/auto/DiscreteClock10.xml
----------------- Instantiating /home/travis/build/icyphy/ptII/ptolemy/actor/lib/test/auto/DiscreteClock10.xml
2 ms. Memory: 1368064K Free: 1174863K (86%)
----------------- Invoking toplevel() on ptolemy.moml.MoMLSimpleApplication@36f6f828
----------------- Done invoking toplevel() on ptolemy.moml.MoMLSimpleApplication@36f6f828
reloadAllAccessors: .DiscreteClock10

===========================================================================================
----------------- testing Sun Jan 27 03:19:53 UTC 2019 /home/travis/build/icyphy/ptII/ptolemy/actor/lib/test/auto/DiscreteClock11.xml
----------------- Instantiating /home/travis/build/icyphy/ptII/ptolemy/actor/lib/test/auto/DiscreteClock11.xml
2 ms. Memory: 1368064K Free: 1158179K (85%)
----------------- Invoking toplevel() on ptolemy.moml.MoMLSimpleApplication@3a0d41bb
----------------- Done invoking toplevel() on ptolemy.moml.MoMLSimpleApplication@3a0d41bb
reloadAllAccessors: .DiscreteClock11

===========================================================================================
----------------- testing Sun Jan 27 03:19:53 UTC 2019 /home/travis/build/icyphy/ptII/ptolemy/actor/lib/test/auto/DiscreteClock12.xml
----------------- Instantiating /home/travis/build/icyphy/ptII/ptolemy/actor/lib/test/auto/DiscreteClock12.xml
2 ms. Memory: 1368064K Free: 1141495K (83%)
----------------- Invoking toplevel() on ptolemy.moml.MoMLSimpleApplication@378cfcd6
----------------- Done invoking toplevel() on ptolemy.moml.MoMLSimpleApplication@378cfcd6
reloadAllAccessors: .DiscreteClock12

===========================================================================================
----------------- testing Sun Jan 27 03:19:53 UTC 2019 /home/travis/build/icyphy/ptII/ptolemy/actor/lib/test/auto/DiscreteClock13.xml
----------------- Instantiating /home/travis/build/icyphy/ptII/ptolemy/actor/lib/test/auto/DiscreteClock13.xml
1 ms. Memory: 1368064K Free: 1113520K (81%)
----------------- Invoking toplevel() on ptolemy.moml.MoMLSimpleApplication@5c1b4426
----------------- Done invoking toplevel() on ptolemy.moml.MoMLSimpleApplication@5c1b4426
reloadAllAccessors: .DiscreteClock13

===========================================================================================
----------------- testing Sun Jan 27 03:19:53 UTC 2019 /home/travis/build/icyphy/ptII/ptolemy/actor/lib/test/auto/DiscreteClock14.xml
----------------- Instantiating /home/travis/build/icyphy/ptII/ptolemy/actor/lib/test/auto/DiscreteClock14.xml
1 ms. Memory: 1368064K Free: 1096836K (80%)
----------------- Invoking toplevel() on ptolemy.moml.MoMLSimpleApplication@4cd7701
----------------- Done invoking toplevel() on ptolemy.moml.MoMLSimpleApplication@4cd7701
reloadAllAccessors: .DiscreteClock14

===========================================================================================
----------------- testing Sun Jan 27 03:19:53 UTC 2019 /home/travis/build/icyphy/ptII/ptolemy/actor/lib/test/auto/DiscreteClock15.xml
----------------- Instantiating /home/travis/build/icyphy/ptII/ptolemy/actor/lib/test/auto/DiscreteClock15.xml
12 ms. Memory: 1368064K Free: 1080152K (79%)
----------------- Invoking toplevel() on ptolemy.moml.MoMLSimpleApplication@6f108be2
----------------- Done invoking toplevel() on ptolemy.moml.MoMLSimpleApplication@6f108be2
reloadAllAccessors: .DiscreteClock15

===========================================================================================
----------------- testing Sun Jan 27 03:19:53 UTC 2019 /home/travis/build/icyphy/ptII/ptolemy/actor/lib/test/auto/DiscreteClock16.xml
----------------- Instantiating /home/travis/build/icyphy/ptII/ptolemy/actor/lib/test/auto/DiscreteClock16.xml
20 ms. Memory: 1368064K Free: 1055109K (77%)
----------------- Invoking toplevel() on ptolemy.moml.MoMLSimpleApplication@1777e4de
----------------- Done invoking toplevel() on ptolemy.moml.MoMLSimpleApplication@1777e4de
reloadAllAccessors: .DiscreteClock16

===========================================================================================
----------------- testing Sun Jan 27 03:19:53 UTC 2019 /home/travis/build/icyphy/ptII/ptolemy/actor/lib/test/auto/DiscreteClock17.xml
----------------- Instantiating /home/travis/build/icyphy/ptII/ptolemy/actor/lib/test/auto/DiscreteClock17.xml
15 ms. Memory: 1368064K Free: 1030074K (75%)
----------------- Invoking toplevel() on ptolemy.moml.MoMLSimpleApplication@10b46331
----------------- Done invoking toplevel() on ptolemy.moml.MoMLSimpleApplication@10b46331
reloadAllAccessors: .DiscreteClock17

===========================================================================================
----------------- testing Sun Jan 27 03:19:53 UTC 2019 /home/travis/build/icyphy/ptII/ptolemy/actor/lib/test/auto/DiscreteClock18.xml
----------------- Instantiating /home/travis/build/icyphy/ptII/ptolemy/actor/lib/test/auto/DiscreteClock18.xml
21 ms. Memory: 1368064K Free: 993742K (73%)
----------------- Invoking toplevel() on ptolemy.moml.MoMLSimpleApplication@2af2f5
----------------- Done invoking toplevel() on ptolemy.moml.MoMLSimpleApplication@2af2f5
reloadAllAccessors: .DiscreteClock18

===========================================================================================
----------------- testing Sun Jan 27 03:19:53 UTC 2019 /home/travis/build/icyphy/ptII/ptolemy/actor/lib/test/auto/DiscreteClock19.xml
----------------- Instantiating /home/travis/build/icyphy/ptII/ptolemy/actor/lib/test/auto/DiscreteClock19.xml
18 ms. Memory: 1368064K Free: 968699K (71%)
----------------- Invoking toplevel() on ptolemy.moml.MoMLSimpleApplication@22f68929
----------------- Done invoking toplevel() on ptolemy.moml.MoMLSimpleApplication@22f68929
reloadAllAccessors: .DiscreteClock19

===========================================================================================
----------------- testing Sun Jan 27 03:19:54 UTC 2019 /home/travis/build/icyphy/ptII/ptolemy/actor/lib/test/auto/DiscreteClock2.xml
----------------- Instantiating /home/travis/build/icyphy/ptII/ptolemy/actor/lib/test/auto/DiscreteClock2.xml
6 ms. Memory: 1368064K Free: 952015K (70%)
----------------- Invoking toplevel() on ptolemy.moml.MoMLSimpleApplication@25c8485a
----------------- Done invoking toplevel() on ptolemy.moml.MoMLSimpleApplication@25c8485a
reloadAllAccessors: .DiscreteClock2

===========================================================================================
----------------- testing Sun Jan 27 03:19:54 UTC 2019 /home/travis/build/icyphy/ptII/ptolemy/actor/lib/test/auto/DiscreteClock20.xml
----------------- Instantiating /home/travis/build/icyphy/ptII/ptolemy/actor/lib/test/auto/DiscreteClock20.xml
8 ms. Memory: 1368064K Free: 935330K (68%)
----------------- Invoking toplevel() on ptolemy.moml.MoMLSimpleApplication@13529a61
----------------- Done invoking toplevel() on ptolemy.moml.MoMLSimpleApplication@13529a61
reloadAllAccessors: .DiscreteClock20

===========================================================================================
----------------- testing Sun Jan 27 03:19:54 UTC 2019 /home/travis/build/icyphy/ptII/ptolemy/actor/lib/test/auto/DiscreteClock21.xml
----------------- Instantiating /home/travis/build/icyphy/ptII/ptolemy/actor/lib/test/auto/DiscreteClock21.xml
6 ms. Memory: 1368064K Free: 918646K (67%)
----------------- Invoking toplevel() on ptolemy.moml.MoMLSimpleApplication@5ebdfd5e
----------------- Done invoking toplevel() on ptolemy.moml.MoMLSimpleApplication@5ebdfd5e
reloadAllAccessors: .DiscreteClock21

===========================================================================================
----------------- testing Sun Jan 27 03:19:54 UTC 2019 /home/travis/build/icyphy/ptII/ptolemy/actor/lib/test/auto/DiscreteClock22.xml
----------------- Instantiating /home/travis/build/icyphy/ptII/ptolemy/actor/lib/test/auto/DiscreteClock22.xml
6 ms. Memory: 1368064K Free: 890672K (65%)
----------------- Invoking toplevel() on ptolemy.moml.MoMLSimpleApplication@7347489c
----------------- Done invoking toplevel() on ptolemy.moml.MoMLSimpleApplication@7347489c
reloadAllAccessors: .DiscreteClock22

===========================================================================================
----------------- testing Sun Jan 27 03:19:54 UTC 2019 /home/travis/build/icyphy/ptII/ptolemy/actor/lib/test/auto/DiscreteClock23.xml
----------------- Instantiating /home/travis/build/icyphy/ptII/ptolemy/actor/lib/test/auto/DiscreteClock23.xml
6 ms. Memory: 1368064K Free: 873987K (64%)
----------------- Invoking toplevel() on ptolemy.moml.MoMLSimpleApplication@48b3a537
----------------- Done invoking toplevel() on ptolemy.moml.MoMLSimpleApplication@48b3a537
reloadAllAccessors: .DiscreteClock23

===========================================================================================
----------------- testing Sun Jan 27 03:19:54 UTC 2019 /home/travis/build/icyphy/ptII/ptolemy/actor/lib/test/auto/DiscreteClock24.xml
----------------- Instantiating /home/travis/build/icyphy/ptII/ptolemy/actor/lib/test/auto/DiscreteClock24.xml
6 ms. Memory: 1368064K Free: 857303K (63%)
----------------- Invoking toplevel() on ptolemy.moml.MoMLSimpleApplication@33dba55b
----------------- Done invoking toplevel() on ptolemy.moml.MoMLSimpleApplication@33dba55b
reloadAllAccessors: .DiscreteClock24

===========================================================================================
----------------- testing Sun Jan 27 03:19:54 UTC 2019 /home/travis/build/icyphy/ptII/ptolemy/actor/lib/test/auto/DiscreteClock4.xml
----------------- Instantiating /home/travis/build/icyphy/ptII/ptolemy/actor/lib/test/auto/DiscreteClock4.xml
1 ms. Memory: 1368064K Free: 840618K (61%)
----------------- Invoking toplevel() on ptolemy.moml.MoMLSimpleApplication@748fbdb1
----------------- Done invoking toplevel() on ptolemy.moml.MoMLSimpleApplication@748fbdb1
reloadAllAccessors: .DiscreteClock4

===========================================================================================
----------------- testing Sun Jan 27 03:19:54 UTC 2019 /home/travis/build/icyphy/ptII/ptolemy/actor/lib/test/auto/DiscreteClock5.xml
----------------- Instantiating /home/travis/build/icyphy/ptII/ptolemy/actor/lib/test/auto/DiscreteClock5.xml
1 ms. Memory: 1368064K Free: 823934K (60%)
----------------- Invoking toplevel() on ptolemy.moml.MoMLSimpleApplication@7efdd3
----------------- Done invoking toplevel() on ptolemy.moml.MoMLSimpleApplication@7efdd3
reloadAllAccessors: .DiscreteClock5

===========================================================================================
----------------- testing Sun Jan 27 03:19:54 UTC 2019 /home/travis/build/icyphy/ptII/ptolemy/actor/lib/test/auto/DiscreteClock6.xml
----------------- Instantiating /home/travis/build/icyphy/ptII/ptolemy/actor/lib/test/auto/DiscreteClock6.xml
1 ms. Memory: 1368064K Free: 795960K (58%)
----------------- Invoking toplevel() on ptolemy.moml.MoMLSimpleApplication@2d8304ee
----------------- Done invoking toplevel() on ptolemy.moml.MoMLSimpleApplication@2d8304ee
reloadAllAccessors: .DiscreteClock6

===========================================================================================
----------------- testing Sun Jan 27 03:19:54 UTC 2019 /home/travis/build/icyphy/ptII/ptolemy/actor/lib/test/auto/DiscreteClock7.xml
----------------- Instantiating /home/travis/build/icyphy/ptII/ptolemy/actor/lib/test/auto/DiscreteClock7.xml
1 ms. Memory: 1368064K Free: 779276K (57%)
----------------- Invoking toplevel() on ptolemy.moml.MoMLSimpleApplication@3db11590
----------------- Done invoking toplevel() on ptolemy.moml.MoMLSimpleApplication@3db11590
reloadAllAccessors: .DiscreteClock7

===========================================================================================
----------------- testing Sun Jan 27 03:19:54 UTC 2019 /home/travis/build/icyphy/ptII/ptolemy/actor/lib/test/auto/DiscreteClock8.xml
----------------- Instantiating /home/travis/build/icyphy/ptII/ptolemy/actor/lib/test/auto/DiscreteClock8.xml
6 ms. Memory: 1368064K Free: 762591K (56%)
----------------- Invoking toplevel() on ptolemy.moml.MoMLSimpleApplication@75db93ef
----------------- Done invoking toplevel() on ptolemy.moml.MoMLSimpleApplication@75db93ef
reloadAllAccessors: .DiscreteClock8

===========================================================================================
----------------- testing Sun Jan 27 03:19:54 UTC 2019 /home/travis/build/icyphy/ptII/ptolemy/actor/lib/test/auto/DiscreteClock9.xml
----------------- Instantiating /home/travis/build/icyphy/ptII/ptolemy/actor/lib/test/auto/DiscreteClock9.xml
6 ms. Memory: 1368064K Free: 745907K (55%)
----------------- Invoking toplevel() on ptolemy.moml.MoMLSimpleApplication@11bc9d73
----------------- Done invoking toplevel() on ptolemy.moml.MoMLSimpleApplication@11bc9d73
reloadAllAccessors: .DiscreteClock9

===========================================================================================
----------------- testing Sun Jan 27 03:19:54 UTC 2019 /home/travis/build/icyphy/ptII/ptolemy/actor/lib/test/auto/DisplayArray.xml
----------------- Instantiating /home/travis/build/icyphy/ptII/ptolemy/actor/lib/test/auto/DisplayArray.xml
1 ms. Memory: 1368064K Free: 729222K (53%)
----------------- Invoking toplevel() on ptolemy.moml.MoMLSimpleApplication@6cb2ef87
----------------- Done invoking toplevel() on ptolemy.moml.MoMLSimpleApplication@6cb2ef87
reloadAllAccessors: .DisplayArray

===========================================================================================
----------------- testing Sun Jan 27 03:19:54 UTC 2019 /home/travis/build/icyphy/ptII/ptolemy/actor/lib/test/auto/Distributor.xml
----------------- Instantiating /home/travis/build/icyphy/ptII/ptolemy/actor/lib/test/auto/Distributor.xml
1 ms. Memory: 1368064K Free: 701248K (51%)
----------------- Invoking toplevel() on ptolemy.moml.MoMLSimpleApplication@3e3f7259
----------------- Done invoking toplevel() on ptolemy.moml.MoMLSimpleApplication@3e3f7259
reloadAllAccessors: .Distributor

===========================================================================================
----------------- testing Sun Jan 27 03:19:54 UTC 2019 /home/travis/build/icyphy/ptII/ptolemy/actor/lib/test/auto/Distributor2.xml
----------------- Instantiating /home/travis/build/icyphy/ptII/ptolemy/actor/lib/test/auto/Distributor2.xml
1 ms. Memory: 1368064K Free: 684564K (50%)
----------------- Invoking toplevel() on ptolemy.moml.MoMLSimpleApplication@374aebd
----------------- Done invoking toplevel() on ptolemy.moml.MoMLSimpleApplication@374aebd
reloadAllAccessors: .Distributor2

===========================================================================================
----------------- testing Sun Jan 27 03:19:54 UTC 2019 /home/travis/build/icyphy/ptII/ptolemy/actor/lib/test/auto/DownSample.xml
----------------- Instantiating /home/travis/build/icyphy/ptII/ptolemy/actor/lib/test/auto/DownSample.xml
1 ms. Memory: 1368064K Free: 667879K (49%)
----------------- Invoking toplevel() on ptolemy.moml.MoMLSimpleApplication@7f5cb47d
----------------- Done invoking toplevel() on ptolemy.moml.MoMLSimpleApplication@7f5cb47d
reloadAllAccessors: .DownSample

===========================================================================================
----------------- testing Sun Jan 27 03:19:54 UTC 2019 /home/travis/build/icyphy/ptII/ptolemy/actor/lib/test/auto/ElectronicUnitBase1.xml
----------------- Instantiating /home/travis/build/icyphy/ptII/ptolemy/actor/lib/test/auto/ElectronicUnitBase1.xml
20 ms. Memory: 1368064K Free: 642837K (47%)
----------------- Invoking toplevel() on ptolemy.moml.MoMLSimpleApplication@729aba18
----------------- Done invoking toplevel() on ptolemy.moml.MoMLSimpleApplication@729aba18
reloadAllAccessors: .ElectronicUnitBase1

===========================================================================================
----------------- testing Sun Jan 27 03:19:54 UTC 2019 /home/travis/build/icyphy/ptII/ptolemy/actor/lib/test/auto/ElementsToArray.xml
----------------- Instantiating /home/travis/build/icyphy/ptII/ptolemy/actor/lib/test/auto/ElementsToArray.xml
2 ms. Memory: 1368064K Free: 614862K (45%)
----------------- Invoking toplevel() on ptolemy.moml.MoMLSimpleApplication@5bf05a7f
----------------- Done invoking toplevel() on ptolemy.moml.MoMLSimpleApplication@5bf05a7f
reloadAllAccessors: .ElementsToArray

===========================================================================================
----------------- testing Sun Jan 27 03:19:54 UTC 2019 /home/travis/build/icyphy/ptII/ptolemy/actor/lib/test/auto/Equals.xml
----------------- Instantiating /home/travis/build/icyphy/ptII/ptolemy/actor/lib/test/auto/Equals.xml
1 ms. Memory: 1368064K Free: 598178K (44%)
----------------- Invoking toplevel() on ptolemy.moml.MoMLSimpleApplication@59f4a2c3
----------------- Done invoking toplevel() on ptolemy.moml.MoMLSimpleApplication@59f4a2c3
reloadAllAccessors: .Equals

===========================================================================================
----------------- testing Sun Jan 27 03:19:54 UTC 2019 /home/travis/build/icyphy/ptII/ptolemy/actor/lib/test/auto/Exec.xml
----------------- Instantiating /home/travis/build/icyphy/ptII/ptolemy/actor/lib/test/auto/Exec.xml
14 ms. Memory: 1368064K Free: 552296K (40%)
----------------- Invoking toplevel() on ptolemy.moml.MoMLSimpleApplication@39e321f1
----------------- Done invoking toplevel() on ptolemy.moml.MoMLSimpleApplication@39e321f1
reloadAllAccessors: .Exec

===========================================================================================
----------------- testing Sun Jan 27 03:19:54 UTC 2019 /home/travis/build/icyphy/ptII/ptolemy/actor/lib/test/auto/ExecEnvironment.xml
----------------- Instantiating /home/travis/build/icyphy/ptII/ptolemy/actor/lib/test/auto/ExecEnvironment.xml
26 ms. Memory: 1368064K Free: 535611K (39%)
----------------- Invoking toplevel() on ptolemy.moml.MoMLSimpleApplication@10c83ff4
----------------- Done invoking toplevel() on ptolemy.moml.MoMLSimpleApplication@10c83ff4
reloadAllAccessors: .ExecEnvironment

===========================================================================================
----------------- testing Sun Jan 27 03:19:54 UTC 2019 /home/travis/build/icyphy/ptII/ptolemy/actor/lib/test/auto/ExecNonZeroReturnOutput.xml
----------------- Instantiating /home/travis/build/icyphy/ptII/ptolemy/actor/lib/test/auto/ExecNonZeroReturnOutput.xml
123 ms. Memory: 1368064K Free: 410478K (30%)
----------------- Invoking toplevel() on ptolemy.moml.MoMLSimpleApplication@1a01130e
----------------- Done invoking toplevel() on ptolemy.moml.MoMLSimpleApplication@1a01130e
reloadAllAccessors: .ExecNonZeroReturnOutput

===========================================================================================
----------------- testing Sun Jan 27 03:19:54 UTC 2019 /home/travis/build/icyphy/ptII/ptolemy/actor/lib/test/auto/ExecRunDemos.xml
----------------- Instantiating /home/travis/build/icyphy/ptII/ptolemy/actor/lib/test/auto/ExecRunDemos.xml
Finished: 44 ms. Memory: 116224K Free: 100560K (87%)

Finished: 32 ms. Memory: 116224K Free: 97676K (84%)

Finished: 61 ms. Memory: 116224K Free: 98219K (85%)

Finished: 38 ms. Memory: 116224K Free: 99544K (86%)

Finished: 33 ms. Memory: 116224K Free: 100658K (87%)

8766 ms. Memory: 1368064K Free: 290722K (21%)
----------------- Invoking toplevel() on ptolemy.moml.MoMLSimpleApplication@1562e252
----------------- Done invoking toplevel() on ptolemy.moml.MoMLSimpleApplication@1562e252
reloadAllAccessors: .ExecRunDemos

===========================================================================================
----------------- testing Sun Jan 27 03:20:03 UTC 2019 /home/travis/build/icyphy/ptII/ptolemy/actor/lib/test/auto/ExecStop.xml
----------------- Instantiating /home/travis/build/icyphy/ptII/ptolemy/actor/lib/test/auto/ExecStop.xml
5010 ms. Memory: 1368064K Free: 79850K (6%)
----------------- Invoking toplevel() on ptolemy.moml.MoMLSimpleApplication@464d493f
----------------- Done invoking toplevel() on ptolemy.moml.MoMLSimpleApplication@464d493f
reloadAllAccessors: .ExecStop

===========================================================================================
----------------- testing Sun Jan 27 03:20:08 UTC 2019 /home/travis/build/icyphy/ptII/ptolemy/actor/lib/test/auto/ExecutionTimeSDF.xml
----------------- Instantiating /home/travis/build/icyphy/ptII/ptolemy/actor/lib/test/auto/ExecutionTimeSDF.xml
Fired ExecutionTime: 1918400000
Fired ExecutionTime: 984800000
Fired ExecutionTime: -1682167296
6004 ms. Memory: 1368576K Free: 1305751K (95%)
----------------- Invoking toplevel() on ptolemy.moml.MoMLSimpleApplication@1ebed34a
----------------- Done invoking toplevel() on ptolemy.moml.MoMLSimpleApplication@1ebed34a
reloadAllAccessors: .ExecutionTimeSDF

===========================================================================================
----------------- testing Sun Jan 27 03:20:14 UTC 2019 /home/travis/build/icyphy/ptII/ptolemy/actor/lib/test/auto/Expression1.xml
----------------- Instantiating /home/travis/build/icyphy/ptII/ptolemy/actor/lib/test/auto/Expression1.xml
1 ms. Memory: 1368576K Free: 1281096K (94%)
----------------- Invoking toplevel() on ptolemy.moml.MoMLSimpleApplication@68e6edfe
----------------- Done invoking toplevel() on ptolemy.moml.MoMLSimpleApplication@68e6edfe
reloadAllAccessors: .Expression1

===========================================================================================
----------------- testing Sun Jan 27 03:20:14 UTC 2019 /home/travis/build/icyphy/ptII/ptolemy/actor/lib/test/auto/Expression10.xml
----------------- Instantiating /home/travis/build/icyphy/ptII/ptolemy/actor/lib/test/auto/Expression10.xml
6 ms. Memory: 1368576K Free: 1264411K (92%)
----------------- Invoking toplevel() on ptolemy.moml.MoMLSimpleApplication@16c805ef
----------------- Done invoking toplevel() on ptolemy.moml.MoMLSimpleApplication@16c805ef
reloadAllAccessors: .Expression10

===========================================================================================
----------------- testing Sun Jan 27 03:20:14 UTC 2019 /home/travis/build/icyphy/ptII/ptolemy/actor/lib/test/auto/Expression11.xml
----------------- Instantiating /home/travis/build/icyphy/ptII/ptolemy/actor/lib/test/auto/Expression11.xml
2 ms. Memory: 1368576K Free: 1247727K (91%)
----------------- Invoking toplevel() on ptolemy.moml.MoMLSimpleApplication@114eaed3
----------------- Done invoking toplevel() on ptolemy.moml.MoMLSimpleApplication@114eaed3
reloadAllAccessors: .Expression11

===========================================================================================
----------------- testing Sun Jan 27 03:20:14 UTC 2019 /home/travis/build/icyphy/ptII/ptolemy/actor/lib/test/auto/Expression12.xml
----------------- Instantiating /home/travis/build/icyphy/ptII/ptolemy/actor/lib/test/auto/Expression12.xml
2 ms. Memory: 1368576K Free: 1223072K (89%)
----------------- Invoking toplevel() on ptolemy.moml.MoMLSimpleApplication@5a43f538
----------------- Done invoking toplevel() on ptolemy.moml.MoMLSimpleApplication@5a43f538
reloadAllAccessors: .Expression12

===========================================================================================
----------------- testing Sun Jan 27 03:20:14 UTC 2019 /home/travis/build/icyphy/ptII/ptolemy/actor/lib/test/auto/Expression13.xml
----------------- Instantiating /home/travis/build/icyphy/ptII/ptolemy/actor/lib/test/auto/Expression13.xml
3 ms. Memory: 1368576K Free: 1206387K (88%)
----------------- Invoking toplevel() on ptolemy.moml.MoMLSimpleApplication@583eb466
----------------- Done invoking toplevel() on ptolemy.moml.MoMLSimpleApplication@583eb466
reloadAllAccessors: .Expression13

===========================================================================================
----------------- testing Sun Jan 27 03:20:14 UTC 2019 /home/travis/build/icyphy/ptII/ptolemy/actor/lib/test/auto/Expression14.xml
----------------- Instantiating /home/travis/build/icyphy/ptII/ptolemy/actor/lib/test/auto/Expression14.xml
4 ms. Memory: 1368576K Free: 1189703K (87%)
----------------- Invoking toplevel() on ptolemy.moml.MoMLSimpleApplication@47b05f35
----------------- Done invoking toplevel() on ptolemy.moml.MoMLSimpleApplication@47b05f35
reloadAllAccessors: .Expression14

===========================================================================================
----------------- testing Sun Jan 27 03:20:14 UTC 2019 /home/travis/build/icyphy/ptII/ptolemy/actor/lib/test/auto/Expression15.xml
----------------- Instantiating /home/travis/build/icyphy/ptII/ptolemy/actor/lib/test/auto/Expression15.xml
1 ms. Memory: 1368576K Free: 1164885K (85%)
----------------- Invoking toplevel() on ptolemy.moml.MoMLSimpleApplication@321b4ebe
----------------- Done invoking toplevel() on ptolemy.moml.MoMLSimpleApplication@321b4ebe
reloadAllAccessors: .Expression15

===========================================================================================
----------------- testing Sun Jan 27 03:20:14 UTC 2019 /home/travis/build/icyphy/ptII/ptolemy/actor/lib/test/auto/Expression16.xml
----------------- Instantiating /home/travis/build/icyphy/ptII/ptolemy/actor/lib/test/auto/Expression16.xml
2 ms. Memory: 1368576K Free: 1140229K (83%)
----------------- Invoking toplevel() on ptolemy.moml.MoMLSimpleApplication@140bdd62
----------------- Done invoking toplevel() on ptolemy.moml.MoMLSimpleApplication@140bdd62
reloadAllAccessors: .Expression16

===========================================================================================
----------------- testing Sun Jan 27 03:20:14 UTC 2019 /home/travis/build/icyphy/ptII/ptolemy/actor/lib/test/auto/Expression17.xml
----------------- Instantiating /home/travis/build/icyphy/ptII/ptolemy/actor/lib/test/auto/Expression17.xml
1 ms. Memory: 1368576K Free: 1123545K (82%)
----------------- Invoking toplevel() on ptolemy.moml.MoMLSimpleApplication@706660fb
----------------- Done invoking toplevel() on ptolemy.moml.MoMLSimpleApplication@706660fb
reloadAllAccessors: .Expression17

===========================================================================================
----------------- testing Sun Jan 27 03:20:14 UTC 2019 /home/travis/build/icyphy/ptII/ptolemy/actor/lib/test/auto/Expression18.xml
----------------- Instantiating /home/travis/build/icyphy/ptII/ptolemy/actor/lib/test/auto/Expression18.xml
1 ms. Memory: 1368576K Free: 1106861K (81%)
----------------- Invoking toplevel() on ptolemy.moml.MoMLSimpleApplication@243c56a9
----------------- Done invoking toplevel() on ptolemy.moml.MoMLSimpleApplication@243c56a9
reloadAllAccessors: .Expression18

===========================================================================================
----------------- testing Sun Jan 27 03:20:14 UTC 2019 /home/travis/build/icyphy/ptII/ptolemy/actor/lib/test/auto/Expression2.xml
----------------- Instantiating /home/travis/build/icyphy/ptII/ptolemy/actor/lib/test/auto/Expression2.xml
2 ms. Memory: 1368576K Free: 1082206K (79%)
----------------- Invoking toplevel() on ptolemy.moml.MoMLSimpleApplication@34b91e4b
----------------- Done invoking toplevel() on ptolemy.moml.MoMLSimpleApplication@34b91e4b
reloadAllAccessors: .Expression2

===========================================================================================
----------------- testing Sun Jan 27 03:20:14 UTC 2019 /home/travis/build/icyphy/ptII/ptolemy/actor/lib/test/auto/Expression3.xml
----------------- Instantiating /home/travis/build/icyphy/ptII/ptolemy/actor/lib/test/auto/Expression3.xml
2 ms. Memory: 1368576K Free: 1065521K (78%)
----------------- Invoking toplevel() on ptolemy.moml.MoMLSimpleApplication@7117b907
----------------- Done invoking toplevel() on ptolemy.moml.MoMLSimpleApplication@7117b907
reloadAllAccessors: .Expression3

===========================================================================================
----------------- testing Sun Jan 27 03:20:14 UTC 2019 /home/travis/build/icyphy/ptII/ptolemy/actor/lib/test/auto/Expression4.xml
----------------- Instantiating /home/travis/build/icyphy/ptII/ptolemy/actor/lib/test/auto/Expression4.xml
3 ms. Memory: 1368576K Free: 1048837K (77%)
----------------- Invoking toplevel() on ptolemy.moml.MoMLSimpleApplication@33ffe6c9
----------------- Done invoking toplevel() on ptolemy.moml.MoMLSimpleApplication@33ffe6c9
reloadAllAccessors: .Expression4

===========================================================================================
----------------- testing Sun Jan 27 03:20:14 UTC 2019 /home/travis/build/icyphy/ptII/ptolemy/actor/lib/test/auto/Expression5.xml
----------------- Instantiating /home/travis/build/icyphy/ptII/ptolemy/actor/lib/test/auto/Expression5.xml
2 ms. Memory: 1368576K Free: 1032152K (75%)
----------------- Invoking toplevel() on ptolemy.moml.MoMLSimpleApplication@63e90528
----------------- Done invoking toplevel() on ptolemy.moml.MoMLSimpleApplication@63e90528
reloadAllAccessors: .Expression5

===========================================================================================
----------------- testing Sun Jan 27 03:20:14 UTC 2019 /home/travis/build/icyphy/ptII/ptolemy/actor/lib/test/auto/Expression6.xml
----------------- Instantiating /home/travis/build/icyphy/ptII/ptolemy/actor/lib/test/auto/Expression6.xml
1 ms. Memory: 1368576K Free: 1007497K (74%)
----------------- Invoking toplevel() on ptolemy.moml.MoMLSimpleApplication@3f18f598
----------------- Done invoking toplevel() on ptolemy.moml.MoMLSimpleApplication@3f18f598
reloadAllAccessors: .Expression6

===========================================================================================
----------------- testing Sun Jan 27 03:20:14 UTC 2019 /home/travis/build/icyphy/ptII/ptolemy/actor/lib/test/auto/Expression7.xml
----------------- Instantiating /home/travis/build/icyphy/ptII/ptolemy/actor/lib/test/auto/Expression7.xml
2 ms. Memory: 1368576K Free: 990813K (72%)
----------------- Invoking toplevel() on ptolemy.moml.MoMLSimpleApplication@77f31a3f
----------------- Done invoking toplevel() on ptolemy.moml.MoMLSimpleApplication@77f31a3f
reloadAllAccessors: .Expression7

===========================================================================================
----------------- testing Sun Jan 27 03:20:14 UTC 2019 /home/travis/build/icyphy/ptII/ptolemy/actor/lib/test/auto/Expression8.xml
----------------- Instantiating /home/travis/build/icyphy/ptII/ptolemy/actor/lib/test/auto/Expression8.xml
3 ms. Memory: 1368576K Free: 974129K (71%)
----------------- Invoking toplevel() on ptolemy.moml.MoMLSimpleApplication@2774f566
----------------- Done invoking toplevel() on ptolemy.moml.MoMLSimpleApplication@2774f566
reloadAllAccessors: .Expression8

===========================================================================================
----------------- testing Sun Jan 27 03:20:14 UTC 2019 /home/travis/build/icyphy/ptII/ptolemy/actor/lib/test/auto/Expression9.xml
----------------- Instantiating /home/travis/build/icyphy/ptII/ptolemy/actor/lib/test/auto/Expression9.xml
1 ms. Memory: 1368576K Free: 949474K (69%)
----------------- Invoking toplevel() on ptolemy.moml.MoMLSimpleApplication@2430a34e
----------------- Done invoking toplevel() on ptolemy.moml.MoMLSimpleApplication@2430a34e
reloadAllAccessors: .Expression9

===========================================================================================
----------------- testing Sun Jan 27 03:20:14 UTC 2019 /home/travis/build/icyphy/ptII/ptolemy/actor/lib/test/auto/ExpressionConcatenateArrayType.xml
----------------- Instantiating /home/travis/build/icyphy/ptII/ptolemy/actor/lib/test/auto/ExpressionConcatenateArrayType.xml
2 ms. Memory: 1368576K Free: 932789K (68%)
----------------- Invoking toplevel() on ptolemy.moml.MoMLSimpleApplication@59dfc18
----------------- Done invoking toplevel() on ptolemy.moml.MoMLSimpleApplication@59dfc18
reloadAllAccessors: .ExpressionConcatenateArrayType

===========================================================================================
----------------- testing Sun Jan 27 03:20:14 UTC 2019 /home/travis/build/icyphy/ptII/ptolemy/actor/lib/test/auto/ExpressionConcatenateArrayType2.xml
----------------- Instantiating /home/travis/build/icyphy/ptII/ptolemy/actor/lib/test/auto/ExpressionConcatenateArrayType2.xml
1 ms. Memory: 1368576K Free: 916105K (67%)
----------------- Invoking toplevel() on ptolemy.moml.MoMLSimpleApplication@7d24752c
----------------- Done invoking toplevel() on ptolemy.moml.MoMLSimpleApplication@7d24752c
reloadAllAccessors: .ExpressionConcatenateArrayType2

===========================================================================================
----------------- testing Sun Jan 27 03:20:14 UTC 2019 /home/travis/build/icyphy/ptII/ptolemy/actor/lib/test/auto/ExpressionFix.xml
----------------- Instantiating /home/travis/build/icyphy/ptII/ptolemy/actor/lib/test/auto/ExpressionFix.xml
7 ms. Memory: 1368576K Free: 899421K (66%)
----------------- Invoking toplevel() on ptolemy.moml.MoMLSimpleApplication@44789e61
----------------- Done invoking toplevel() on ptolemy.moml.MoMLSimpleApplication@44789e61
reloadAllAccessors: .ExpressionFix

===========================================================================================
----------------- testing Sun Jan 27 03:20:14 UTC 2019 /home/travis/build/icyphy/ptII/ptolemy/actor/lib/test/auto/ExpressionFix2.xml
----------------- Instantiating /home/travis/build/icyphy/ptII/ptolemy/actor/lib/test/auto/ExpressionFix2.xml
2 ms. Memory: 1368576K Free: 874766K (64%)
----------------- Invoking toplevel() on ptolemy.moml.MoMLSimpleApplication@213eea
----------------- Done invoking toplevel() on ptolemy.moml.MoMLSimpleApplication@213eea
reloadAllAccessors: .ExpressionFix2

===========================================================================================
----------------- testing Sun Jan 27 03:20:14 UTC 2019 /home/travis/build/icyphy/ptII/ptolemy/actor/lib/test/auto/ExpressionFix3.xml
----------------- Instantiating /home/travis/build/icyphy/ptII/ptolemy/actor/lib/test/auto/ExpressionFix3.xml
2 ms. Memory: 1368576K Free: 858081K (63%)
----------------- Invoking toplevel() on ptolemy.moml.MoMLSimpleApplication@76ce1622
----------------- Done invoking toplevel() on ptolemy.moml.MoMLSimpleApplication@76ce1622
reloadAllAccessors: .ExpressionFix3

===========================================================================================
----------------- testing Sun Jan 27 03:20:14 UTC 2019 /home/travis/build/icyphy/ptII/ptolemy/actor/lib/test/auto/FileWriter1.xml
----------------- Instantiating /home/travis/build/icyphy/ptII/ptolemy/actor/lib/test/auto/FileWriter1.xml
1 ms. Memory: 1368576K Free: 841397K (61%)
----------------- Invoking toplevel() on ptolemy.moml.MoMLSimpleApplication@37cadf15
----------------- Done invoking toplevel() on ptolemy.moml.MoMLSimpleApplication@37cadf15
reloadAllAccessors: .FileWriter1

===========================================================================================
----------------- testing Sun Jan 27 03:20:14 UTC 2019 /home/travis/build/icyphy/ptII/ptolemy/actor/lib/test/auto/FileWriter2.xml
----------------- Instantiating /home/travis/build/icyphy/ptII/ptolemy/actor/lib/test/auto/FileWriter2.xml
2 ms. Memory: 1368576K Free: 816742K (60%)
----------------- Invoking toplevel() on ptolemy.moml.MoMLSimpleApplication@49bee752
----------------- Done invoking toplevel() on ptolemy.moml.MoMLSimpleApplication@49bee752
reloadAllAccessors: .FileWriter2

===========================================================================================
----------------- testing Sun Jan 27 03:20:14 UTC 2019 /home/travis/build/icyphy/ptII/ptolemy/actor/lib/test/auto/FileWriter3.xml
----------------- Instantiating /home/travis/build/icyphy/ptII/ptolemy/actor/lib/test/auto/FileWriter3.xml
1 ms. Memory: 1368576K Free: 800057K (58%)
----------------- Invoking toplevel() on ptolemy.moml.MoMLSimpleApplication@58b13453
----------------- Done invoking toplevel() on ptolemy.moml.MoMLSimpleApplication@58b13453
reloadAllAccessors: .FileWriter3

===========================================================================================
----------------- testing Sun Jan 27 03:20:14 UTC 2019 /home/travis/build/icyphy/ptII/ptolemy/actor/lib/test/auto/Gaussian.xml
----------------- Instantiating /home/travis/build/icyphy/ptII/ptolemy/actor/lib/test/auto/Gaussian.xml
1 ms. Memory: 1368576K Free: 783373K (57%)
----------------- Invoking toplevel() on ptolemy.moml.MoMLSimpleApplication@12b9ae5f
----------------- Done invoking toplevel() on ptolemy.moml.MoMLSimpleApplication@12b9ae5f
reloadAllAccessors: .Gaussian

===========================================================================================
----------------- testing Sun Jan 27 03:20:14 UTC 2019 /home/travis/build/icyphy/ptII/ptolemy/actor/lib/test/auto/Gaussian1.xml
----------------- Instantiating /home/travis/build/icyphy/ptII/ptolemy/actor/lib/test/auto/Gaussian1.xml
2 ms. Memory: 1368576K Free: 766689K (56%)
----------------- Invoking toplevel() on ptolemy.moml.MoMLSimpleApplication@10beefc
----------------- Done invoking toplevel() on ptolemy.moml.MoMLSimpleApplication@10beefc
reloadAllAccessors: .Gaussian1

===========================================================================================
----------------- testing Sun Jan 27 03:20:14 UTC 2019 /home/travis/build/icyphy/ptII/ptolemy/actor/lib/test/auto/Gaussian2.xml
----------------- Instantiating /home/travis/build/icyphy/ptII/ptolemy/actor/lib/test/auto/Gaussian2.xml
2 ms. Memory: 1368576K Free: 742034K (54%)
----------------- Invoking toplevel() on ptolemy.moml.MoMLSimpleApplication@65d0db73
----------------- Done invoking toplevel() on ptolemy.moml.MoMLSimpleApplication@65d0db73
reloadAllAccessors: .Gaussian2

===========================================================================================
----------------- testing Sun Jan 27 03:20:14 UTC 2019 /home/travis/build/icyphy/ptII/ptolemy/actor/lib/test/auto/GradientAdaptiveLattice.xml
----------------- Instantiating /home/travis/build/icyphy/ptII/ptolemy/actor/lib/test/auto/GradientAdaptiveLattice.xml
2 ms. Memory: 1368576K Free: 725349K (53%)
----------------- Invoking toplevel() on ptolemy.moml.MoMLSimpleApplication@dee8fcc
----------------- Done invoking toplevel() on ptolemy.moml.MoMLSimpleApplication@dee8fcc
reloadAllAccessors: .GradientAdaptiveLattice

===========================================================================================
----------------- testing Sun Jan 27 03:20:14 UTC 2019 /home/travis/build/icyphy/ptII/ptolemy/actor/lib/test/auto/IIR.xml
----------------- Instantiating /home/travis/build/icyphy/ptII/ptolemy/actor/lib/test/auto/IIR.xml
1 ms. Memory: 1368576K Free: 708665K (52%)
----------------- Invoking toplevel() on ptolemy.moml.MoMLSimpleApplication@7ccc61f
----------------- Done invoking toplevel() on ptolemy.moml.MoMLSimpleApplication@7ccc61f
reloadAllAccessors: .IIR

===========================================================================================
----------------- testing Sun Jan 27 03:20:14 UTC 2019 /home/travis/build/icyphy/ptII/ptolemy/actor/lib/test/auto/InputOutputTransparentPorts.xml
----------------- Instantiating /home/travis/build/icyphy/ptII/ptolemy/actor/lib/test/auto/InputOutputTransparentPorts.xml
1 ms. Memory: 1368576K Free: 684010K (50%)
----------------- Invoking toplevel() on ptolemy.moml.MoMLSimpleApplication@528f764b
----------------- Done invoking toplevel() on ptolemy.moml.MoMLSimpleApplication@528f764b
reloadAllAccessors: .InputOutputTransparentPorts

===========================================================================================
----------------- testing Sun Jan 27 03:20:15 UTC 2019 /home/travis/build/icyphy/ptII/ptolemy/actor/lib/test/auto/Interpolator.xml
----------------- Instantiating /home/travis/build/icyphy/ptII/ptolemy/actor/lib/test/auto/Interpolator.xml
2 ms. Memory: 1368576K Free: 667325K (49%)
----------------- Invoking toplevel() on ptolemy.moml.MoMLSimpleApplication@644cd037
----------------- Done invoking toplevel() on ptolemy.moml.MoMLSimpleApplication@644cd037
reloadAllAccessors: .Interpolator

===========================================================================================
----------------- testing Sun Jan 27 03:20:15 UTC 2019 /home/travis/build/icyphy/ptII/ptolemy/actor/lib/test/auto/InterpolatorFiringLimitDE.xml
----------------- Instantiating /home/travis/build/icyphy/ptII/ptolemy/actor/lib/test/auto/InterpolatorFiringLimitDE.xml
1 ms. Memory: 1368576K Free: 650641K (48%)
----------------- Invoking toplevel() on ptolemy.moml.MoMLSimpleApplication@38aafbd8
----------------- Done invoking toplevel() on ptolemy.moml.MoMLSimpleApplication@38aafbd8
reloadAllAccessors: .InterpolatorFiringLimitDE

===========================================================================================
----------------- testing Sun Jan 27 03:20:15 UTC 2019 /home/travis/build/icyphy/ptII/ptolemy/actor/lib/test/auto/Lattice.xml
----------------- Instantiating /home/travis/build/icyphy/ptII/ptolemy/actor/lib/test/auto/Lattice.xml
1 ms. Memory: 1368576K Free: 633957K (46%)
----------------- Invoking toplevel() on ptolemy.moml.MoMLSimpleApplication@2d1322fa
----------------- Done invoking toplevel() on ptolemy.moml.MoMLSimpleApplication@2d1322fa
reloadAllAccessors: .Lattice

===========================================================================================
----------------- testing Sun Jan 27 03:20:15 UTC 2019 /home/travis/build/icyphy/ptII/ptolemy/actor/lib/test/auto/LazyAOCTestLazy.xml
----------------- Instantiating /home/travis/build/icyphy/ptII/ptolemy/actor/lib/test/auto/LazyAOCTestLazy.xml
6 ms. Memory: 1368576K Free: 609302K (45%)
----------------- Invoking toplevel() on ptolemy.moml.MoMLSimpleApplication@54579e25
----------------- Done invoking toplevel() on ptolemy.moml.MoMLSimpleApplication@54579e25
reloadAllAccessors: .LazyAOCTestLazy

===========================================================================================
----------------- testing Sun Jan 27 03:20:15 UTC 2019 /home/travis/build/icyphy/ptII/ptolemy/actor/lib/test/auto/LazyAOCTestNonLazy.xml
----------------- Instantiating /home/travis/build/icyphy/ptII/ptolemy/actor/lib/test/auto/LazyAOCTestNonLazy.xml
1 ms. Memory: 1368576K Free: 592617K (43%)
----------------- Invoking toplevel() on ptolemy.moml.MoMLSimpleApplication@6ba07f96
----------------- Done invoking toplevel() on ptolemy.moml.MoMLSimpleApplication@6ba07f96
reloadAllAccessors: .LazyAOCTestNonLazy

===========================================================================================
----------------- testing Sun Jan 27 03:20:15 UTC 2019 /home/travis/build/icyphy/ptII/ptolemy/actor/lib/test/auto/LazyInnerClass.xml
----------------- Instantiating /home/travis/build/icyphy/ptII/ptolemy/actor/lib/test/auto/LazyInnerClass.xml
9 ms. Memory: 1368576K Free: 575933K (42%)
----------------- Invoking toplevel() on ptolemy.moml.MoMLSimpleApplication@14f50750
----------------- Done invoking toplevel() on ptolemy.moml.MoMLSimpleApplication@14f50750
reloadAllAccessors: .LazyInnerClass

===========================================================================================
----------------- testing Sun Jan 27 03:20:15 UTC 2019 /home/travis/build/icyphy/ptII/ptolemy/actor/lib/test/auto/LazyPubSub.xml
----------------- Instantiating /home/travis/build/icyphy/ptII/ptolemy/actor/lib/test/auto/LazyPubSub.xml
19 ms. Memory: 1368576K Free: 551278K (40%)
----------------- Invoking toplevel() on ptolemy.moml.MoMLSimpleApplication@68e052ed
----------------- Done invoking toplevel() on ptolemy.moml.MoMLSimpleApplication@68e052ed
reloadAllAccessors: .LazyPubSub

===========================================================================================
----------------- testing Sun Jan 27 03:20:15 UTC 2019 /home/travis/build/icyphy/ptII/ptolemy/actor/lib/test/auto/LazyPubSub2.xml
----------------- Instantiating /home/travis/build/icyphy/ptII/ptolemy/actor/lib/test/auto/LazyPubSub2.xml
16 ms. Memory: 1368576K Free: 534593K (39%)
----------------- Invoking toplevel() on ptolemy.moml.MoMLSimpleApplication@3221dcee
----------------- Done invoking toplevel() on ptolemy.moml.MoMLSimpleApplication@3221dcee
reloadAllAccessors: .LazyPubSub2

===========================================================================================
----------------- testing Sun Jan 27 03:20:15 UTC 2019 /home/travis/build/icyphy/ptII/ptolemy/actor/lib/test/auto/LazyPubSub3.xml
----------------- Instantiating /home/travis/build/icyphy/ptII/ptolemy/actor/lib/test/auto/LazyPubSub3.xml
25 ms. Memory: 1368576K Free: 517909K (38%)
----------------- Invoking toplevel() on ptolemy.moml.MoMLSimpleApplication@5013ac05
----------------- Done invoking toplevel() on ptolemy.moml.MoMLSimpleApplication@5013ac05
reloadAllAccessors: .LazyPubSub3

===========================================================================================
----------------- testing Sun Jan 27 03:20:15 UTC 2019 /home/travis/build/icyphy/ptII/ptolemy/actor/lib/test/auto/LazySubClassModel.xml
----------------- Instantiating /home/travis/build/icyphy/ptII/ptolemy/actor/lib/test/auto/LazySubClassModel.xml
2 ms. Memory: 1368576K Free: 501225K (37%)
----------------- Invoking toplevel() on ptolemy.moml.MoMLSimpleApplication@47db9652
----------------- Done invoking toplevel() on ptolemy.moml.MoMLSimpleApplication@47db9652
reloadAllAccessors: .LazySubClassModel

===========================================================================================
----------------- testing Sun Jan 27 03:20:15 UTC 2019 /home/travis/build/icyphy/ptII/ptolemy/actor/lib/test/auto/LevelCrossTest1.xml
----------------- Instantiating /home/travis/build/icyphy/ptII/ptolemy/actor/lib/test/auto/LevelCrossTest1.xml
2 ms. Memory: 1368576K Free: 476570K (35%)
----------------- Invoking toplevel() on ptolemy.moml.MoMLSimpleApplication@2db2f20f
----------------- Done invoking toplevel() on ptolemy.moml.MoMLSimpleApplication@2db2f20f
reloadAllAccessors: .broken

===========================================================================================
----------------- testing Sun Jan 27 03:20:15 UTC 2019 /home/travis/build/icyphy/ptII/ptolemy/actor/lib/test/auto/LevelCrossTest10.xml
----------------- Instantiating /home/travis/build/icyphy/ptII/ptolemy/actor/lib/test/auto/LevelCrossTest10.xml
1 ms. Memory: 1368576K Free: 459885K (34%)
----------------- Invoking toplevel() on ptolemy.moml.MoMLSimpleApplication@d50739a
----------------- Done invoking toplevel() on ptolemy.moml.MoMLSimpleApplication@d50739a
reloadAllAccessors: .LevelCrossTest10

===========================================================================================
----------------- testing Sun Jan 27 03:20:15 UTC 2019 /home/travis/build/icyphy/ptII/ptolemy/actor/lib/test/auto/LevelCrossTest11.xml
----------------- Instantiating /home/travis/build/icyphy/ptII/ptolemy/actor/lib/test/auto/LevelCrossTest11.xml
1 ms. Memory: 1368576K Free: 443201K (32%)
----------------- Invoking toplevel() on ptolemy.moml.MoMLSimpleApplication@b281e1d
----------------- Done invoking toplevel() on ptolemy.moml.MoMLSimpleApplication@b281e1d
reloadAllAccessors: .LevelCrossTest11

===========================================================================================
----------------- testing Sun Jan 27 03:20:15 UTC 2019 /home/travis/build/icyphy/ptII/ptolemy/actor/lib/test/auto/LevelCrossTest12.xml
----------------- Instantiating /home/travis/build/icyphy/ptII/ptolemy/actor/lib/test/auto/LevelCrossTest12.xml
1 ms. Memory: 1368576K Free: 418546K (31%)
----------------- Invoking toplevel() on ptolemy.moml.MoMLSimpleApplication@54d2ed70
----------------- Done invoking toplevel() on ptolemy.moml.MoMLSimpleApplication@54d2ed70
reloadAllAccessors: .LevelCrossTest12

===========================================================================================
----------------- testing Sun Jan 27 03:20:15 UTC 2019 /home/travis/build/icyphy/ptII/ptolemy/actor/lib/test/auto/LevelCrossTest13.xml
----------------- Instantiating /home/travis/build/icyphy/ptII/ptolemy/actor/lib/test/auto/LevelCrossTest13.xml
1 ms. Memory: 1368576K Free: 401861K (29%)
----------------- Invoking toplevel() on ptolemy.moml.MoMLSimpleApplication@456f3325
----------------- Done invoking toplevel() on ptolemy.moml.MoMLSimpleApplication@456f3325
reloadAllAccessors: .LevelCrossTest13

===========================================================================================
----------------- testing Sun Jan 27 03:20:15 UTC 2019 /home/travis/build/icyphy/ptII/ptolemy/actor/lib/test/auto/LevelCrossTest2.xml
----------------- Instantiating /home/travis/build/icyphy/ptII/ptolemy/actor/lib/test/auto/LevelCrossTest2.xml
1 ms. Memory: 1368576K Free: 385177K (28%)
----------------- Invoking toplevel() on ptolemy.moml.MoMLSimpleApplication@11271d91
----------------- Done invoking toplevel() on ptolemy.moml.MoMLSimpleApplication@11271d91
reloadAllAccessors: .broken

===========================================================================================
----------------- testing Sun Jan 27 03:20:15 UTC 2019 /home/travis/build/icyphy/ptII/ptolemy/actor/lib/test/auto/LevelCrossTest3.xml
----------------- Instantiating /home/travis/build/icyphy/ptII/ptolemy/actor/lib/test/auto/LevelCrossTest3.xml
1 ms. Memory: 1368576K Free: 368493K (27%)
----------------- Invoking toplevel() on ptolemy.moml.MoMLSimpleApplication@340ddbca
----------------- Done invoking toplevel() on ptolemy.moml.MoMLSimpleApplication@340ddbca
reloadAllAccessors: .LevelCrossTest3

===========================================================================================
----------------- testing Sun Jan 27 03:20:15 UTC 2019 /home/travis/build/icyphy/ptII/ptolemy/actor/lib/test/auto/LevelCrossTest4.xml
----------------- Instantiating /home/travis/build/icyphy/ptII/ptolemy/actor/lib/test/auto/LevelCrossTest4.xml
2 ms. Memory: 1368576K Free: 343838K (25%)
----------------- Invoking toplevel() on ptolemy.moml.MoMLSimpleApplication@4d5ea887
----------------- Done invoking toplevel() on ptolemy.moml.MoMLSimpleApplication@4d5ea887
reloadAllAccessors: .broken

===========================================================================================
----------------- testing Sun Jan 27 03:20:15 UTC 2019 /home/travis/build/icyphy/ptII/ptolemy/actor/lib/test/auto/LevelCrossTest5.xml
----------------- Instantiating /home/travis/build/icyphy/ptII/ptolemy/actor/lib/test/auto/LevelCrossTest5.xml
2 ms. Memory: 1368576K Free: 327153K (24%)
----------------- Invoking toplevel() on ptolemy.moml.MoMLSimpleApplication@16aacfef
----------------- Done invoking toplevel() on ptolemy.moml.MoMLSimpleApplication@16aacfef
reloadAllAccessors: .LevelCrossTest5

===========================================================================================
----------------- testing Sun Jan 27 03:20:15 UTC 2019 /home/travis/build/icyphy/ptII/ptolemy/actor/lib/test/auto/LevelCrossTest6.xml
----------------- Instantiating /home/travis/build/icyphy/ptII/ptolemy/actor/lib/test/auto/LevelCrossTest6.xml
2 ms. Memory: 1368576K Free: 310469K (23%)
----------------- Invoking toplevel() on ptolemy.moml.MoMLSimpleApplication@2d9f6619
----------------- Done invoking toplevel() on ptolemy.moml.MoMLSimpleApplication@2d9f6619
reloadAllAccessors: .LevelCrossTest6

===========================================================================================
----------------- testing Sun Jan 27 03:20:15 UTC 2019 /home/travis/build/icyphy/ptII/ptolemy/actor/lib/test/auto/LevelCrossTest7.xml
----------------- Instantiating /home/travis/build/icyphy/ptII/ptolemy/actor/lib/test/auto/LevelCrossTest7.xml
2 ms. Memory: 1368576K Free: 285814K (21%)
----------------- Invoking toplevel() on ptolemy.moml.MoMLSimpleApplication@620a26e7
----------------- Done invoking toplevel() on ptolemy.moml.MoMLSimpleApplication@620a26e7
reloadAllAccessors: .LevelCrossTest7

===========================================================================================
----------------- testing Sun Jan 27 03:20:15 UTC 2019 /home/travis/build/icyphy/ptII/ptolemy/actor/lib/test/auto/LevelCrossTest8.xml
----------------- Instantiating /home/travis/build/icyphy/ptII/ptolemy/actor/lib/test/auto/LevelCrossTest8.xml
2 ms. Memory: 1368576K Free: 269129K (20%)
----------------- Invoking toplevel() on ptolemy.moml.MoMLSimpleApplication@50dfa1a
----------------- Done invoking toplevel() on ptolemy.moml.MoMLSimpleApplication@50dfa1a
reloadAllAccessors: .LevelCrossTest8

===========================================================================================
----------------- testing Sun Jan 27 03:20:15 UTC 2019 /home/travis/build/icyphy/ptII/ptolemy/actor/lib/test/auto/LevelCrossTest9.xml
----------------- Instantiating /home/travis/build/icyphy/ptII/ptolemy/actor/lib/test/auto/LevelCrossTest9.xml
1 ms. Memory: 1368576K Free: 252445K (18%)
----------------- Invoking toplevel() on ptolemy.moml.MoMLSimpleApplication@4942e40a
----------------- Done invoking toplevel() on ptolemy.moml.MoMLSimpleApplication@4942e40a
reloadAllAccessors: .LevelCrossTest9

===========================================================================================
----------------- testing Sun Jan 27 03:20:15 UTC 2019 /home/travis/build/icyphy/ptII/ptolemy/actor/lib/test/auto/LevinsonDurbin.xml
----------------- Instantiating /home/travis/build/icyphy/ptII/ptolemy/actor/lib/test/auto/LevinsonDurbin.xml
1 ms. Memory: 1368576K Free: 227790K (17%)
----------------- Invoking toplevel() on ptolemy.moml.MoMLSimpleApplication@540b5bf9
----------------- Done invoking toplevel() on ptolemy.moml.MoMLSimpleApplication@540b5bf9
reloadAllAccessors: .LevinsonDurbin

===========================================================================================
----------------- testing Sun Jan 27 03:20:15 UTC 2019 /home/travis/build/icyphy/ptII/ptolemy/actor/lib/test/auto/LevinsonDurbin2.xml
----------------- Instantiating /home/travis/build/icyphy/ptII/ptolemy/actor/lib/test/auto/LevinsonDurbin2.xml
1 ms. Memory: 1368576K Free: 211106K (15%)
----------------- Invoking toplevel() on ptolemy.moml.MoMLSimpleApplication@1a294d48
----------------- Done invoking toplevel() on ptolemy.moml.MoMLSimpleApplication@1a294d48
reloadAllAccessors: .LevinsonDurbin2

===========================================================================================
----------------- testing Sun Jan 27 03:20:15 UTC 2019 /home/travis/build/icyphy/ptII/ptolemy/actor/lib/test/auto/LevinsonDurbin3.xml
----------------- Instantiating /home/travis/build/icyphy/ptII/ptolemy/actor/lib/test/auto/LevinsonDurbin3.xml
1 ms. Memory: 1368576K Free: 194421K (14%)
----------------- Invoking toplevel() on ptolemy.moml.MoMLSimpleApplication@6650dc2b
----------------- Done invoking toplevel() on ptolemy.moml.MoMLSimpleApplication@6650dc2b
reloadAllAccessors: .LevinsonDurbin3

===========================================================================================
----------------- testing Sun Jan 27 03:20:15 UTC 2019 /home/travis/build/icyphy/ptII/ptolemy/actor/lib/test/auto/Limiter.xml
----------------- Instantiating /home/travis/build/icyphy/ptII/ptolemy/actor/lib/test/auto/Limiter.xml
4 ms. Memory: 1368576K Free: 177737K (13%)
----------------- Invoking toplevel() on ptolemy.moml.MoMLSimpleApplication@2d7e3dab
----------------- Done invoking toplevel() on ptolemy.moml.MoMLSimpleApplication@2d7e3dab
reloadAllAccessors: .Limiter

===========================================================================================
----------------- testing Sun Jan 27 03:20:15 UTC 2019 /home/travis/build/icyphy/ptII/ptolemy/actor/lib/test/auto/LinearDifferenceEquationSystem.xml
----------------- Instantiating /home/travis/build/icyphy/ptII/ptolemy/actor/lib/test/auto/LinearDifferenceEquationSystem.xml
2 ms. Memory: 1368576K Free: 153082K (11%)
----------------- Invoking toplevel() on ptolemy.moml.MoMLSimpleApplication@7d2c7f49
----------------- Done invoking toplevel() on ptolemy.moml.MoMLSimpleApplication@7d2c7f49
reloadAllAccessors: .LinearDifferenceEquationSystem

===========================================================================================
----------------- testing Sun Jan 27 03:20:15 UTC 2019 /home/travis/build/icyphy/ptII/ptolemy/actor/lib/test/auto/LookupTable.xml
----------------- Instantiating /home/travis/build/icyphy/ptII/ptolemy/actor/lib/test/auto/LookupTable.xml
1 ms. Memory: 1368576K Free: 136397K (10%)
----------------- Invoking toplevel() on ptolemy.moml.MoMLSimpleApplication@4f634e2c
----------------- Done invoking toplevel() on ptolemy.moml.MoMLSimpleApplication@4f634e2c
reloadAllAccessors: .LookupTable

===========================================================================================
----------------- testing Sun Jan 27 03:20:15 UTC 2019 /home/travis/build/icyphy/ptII/ptolemy/actor/lib/test/auto/MathFunction.xml
----------------- Instantiating /home/travis/build/icyphy/ptII/ptolemy/actor/lib/test/auto/MathFunction.xml
1 ms. Memory: 1368576K Free: 119713K (9%)
----------------- Invoking toplevel() on ptolemy.moml.MoMLSimpleApplication@1bcea63
----------------- Done invoking toplevel() on ptolemy.moml.MoMLSimpleApplication@1bcea63
reloadAllAccessors: .MathFunction

===========================================================================================
----------------- testing Sun Jan 27 03:20:15 UTC 2019 /home/travis/build/icyphy/ptII/ptolemy/actor/lib/test/auto/MathFunction2.xml
----------------- Instantiating /home/travis/build/icyphy/ptII/ptolemy/actor/lib/test/auto/MathFunction2.xml
1 ms. Memory: 1368576K Free: 95058K (7%)
----------------- Invoking toplevel() on ptolemy.moml.MoMLSimpleApplication@57ed737d
----------------- Done invoking toplevel() on ptolemy.moml.MoMLSimpleApplication@57ed737d
reloadAllAccessors: .MathFunction2

===========================================================================================
----------------- testing Sun Jan 27 03:20:15 UTC 2019 /home/travis/build/icyphy/ptII/ptolemy/actor/lib/test/auto/MathFunction3.xml
----------------- Instantiating /home/travis/build/icyphy/ptII/ptolemy/actor/lib/test/auto/MathFunction3.xml
2 ms. Memory: 1368576K Free: 79618K (6%)
----------------- Invoking toplevel() on ptolemy.moml.MoMLSimpleApplication@2de7f730
----------------- Done invoking toplevel() on ptolemy.moml.MoMLSimpleApplication@2de7f730
reloadAllAccessors: .MathFunction3

===========================================================================================
----------------- testing Sun Jan 27 03:20:15 UTC 2019 /home/travis/build/icyphy/ptII/ptolemy/actor/lib/test/auto/MatrixCropBoolean.xml
----------------- Instantiating /home/travis/build/icyphy/ptII/ptolemy/actor/lib/test/auto/MatrixCropBoolean.xml
1 ms. Memory: 1582080K Free: 1524000K (96%)
----------------- Invoking toplevel() on ptolemy.moml.MoMLSimpleApplication@544609a1
----------------- Done invoking toplevel() on ptolemy.moml.MoMLSimpleApplication@544609a1
reloadAllAccessors: .MatrixCropBoolean

===========================================================================================
----------------- testing Sun Jan 27 03:20:15 UTC 2019 /home/travis/build/icyphy/ptII/ptolemy/actor/lib/test/auto/MatrixCropComplex.xml
----------------- Instantiating /home/travis/build/icyphy/ptII/ptolemy/actor/lib/test/auto/MatrixCropComplex.xml
1 ms. Memory: 1582080K Free: 1496825K (95%)
----------------- Invoking toplevel() on ptolemy.moml.MoMLSimpleApplication@7f510138
----------------- Done invoking toplevel() on ptolemy.moml.MoMLSimpleApplication@7f510138
reloadAllAccessors: .MatrixCropComplex

===========================================================================================
----------------- testing Sun Jan 27 03:20:15 UTC 2019 /home/travis/build/icyphy/ptII/ptolemy/actor/lib/test/auto/MatrixCropDouble.xml
----------------- Instantiating /home/travis/build/icyphy/ptII/ptolemy/actor/lib/test/auto/MatrixCropDouble.xml
1 ms. Memory: 1582080K Free: 1477034K (93%)
----------------- Invoking toplevel() on ptolemy.moml.MoMLSimpleApplication@177ef895
----------------- Done invoking toplevel() on ptolemy.moml.MoMLSimpleApplication@177ef895
reloadAllAccessors: .MatrixCropDouble

===========================================================================================
----------------- testing Sun Jan 27 03:20:15 UTC 2019 /home/travis/build/icyphy/ptII/ptolemy/actor/lib/test/auto/MatrixCropFix.xml
----------------- Instantiating /home/travis/build/icyphy/ptII/ptolemy/actor/lib/test/auto/MatrixCropFix.xml
1 ms. Memory: 1582080K Free: 1457244K (92%)
----------------- Invoking toplevel() on ptolemy.moml.MoMLSimpleApplication@2e628094
----------------- Done invoking toplevel() on ptolemy.moml.MoMLSimpleApplication@2e628094
reloadAllAccessors: .MatrixCropFix

===========================================================================================
----------------- testing Sun Jan 27 03:20:15 UTC 2019 /home/travis/build/icyphy/ptII/ptolemy/actor/lib/test/auto/MatrixCropInt.xml
----------------- Instantiating /home/travis/build/icyphy/ptII/ptolemy/actor/lib/test/auto/MatrixCropInt.xml
1 ms. Memory: 1582080K Free: 1430069K (90%)
----------------- Invoking toplevel() on ptolemy.moml.MoMLSimpleApplication@531db6b9
----------------- Done invoking toplevel() on ptolemy.moml.MoMLSimpleApplication@531db6b9
reloadAllAccessors: .MatrixCropInt

===========================================================================================
----------------- testing Sun Jan 27 03:20:15 UTC 2019 /home/travis/build/icyphy/ptII/ptolemy/actor/lib/test/auto/MatrixCropLong.xml
----------------- Instantiating /home/travis/build/icyphy/ptII/ptolemy/actor/lib/test/auto/MatrixCropLong.xml
1 ms. Memory: 1582080K Free: 1410278K (89%)
----------------- Invoking toplevel() on ptolemy.moml.MoMLSimpleApplication@3c940434
----------------- Done invoking toplevel() on ptolemy.moml.MoMLSimpleApplication@3c940434
reloadAllAccessors: .MatrixCropLong

===========================================================================================
----------------- testing Sun Jan 27 03:20:15 UTC 2019 /home/travis/build/icyphy/ptII/ptolemy/actor/lib/test/auto/MatrixToArray.xml
----------------- Instantiating /home/travis/build/icyphy/ptII/ptolemy/actor/lib/test/auto/MatrixToArray.xml
4 ms. Memory: 1582080K Free: 1380446K (87%)
----------------- Invoking toplevel() on ptolemy.moml.MoMLSimpleApplication@c738cec
----------------- Done invoking toplevel() on ptolemy.moml.MoMLSimpleApplication@c738cec
reloadAllAccessors: .MatrixToArray

===========================================================================================
----------------- testing Sun Jan 27 03:20:15 UTC 2019 /home/travis/build/icyphy/ptII/ptolemy/actor/lib/test/auto/MaxIndex.xml
----------------- Instantiating /home/travis/build/icyphy/ptII/ptolemy/actor/lib/test/auto/MaxIndex.xml
2 ms. Memory: 1582080K Free: 1353272K (86%)
----------------- Invoking toplevel() on ptolemy.moml.MoMLSimpleApplication@410c95c9
----------------- Done invoking toplevel() on ptolemy.moml.MoMLSimpleApplication@410c95c9
reloadAllAccessors: .MaxIndex

===========================================================================================
----------------- testing Sun Jan 27 03:20:15 UTC 2019 /home/travis/build/icyphy/ptII/ptolemy/actor/lib/test/auto/Maximum.xml
----------------- Instantiating /home/travis/build/icyphy/ptII/ptolemy/actor/lib/test/auto/Maximum.xml
2 ms. Memory: 1582080K Free: 1333481K (84%)
----------------- Invoking toplevel() on ptolemy.moml.MoMLSimpleApplication@f0a8da7
----------------- Done invoking toplevel() on ptolemy.moml.MoMLSimpleApplication@f0a8da7
reloadAllAccessors: .Maximum

===========================================================================================
----------------- testing Sun Jan 27 03:20:15 UTC 2019 /home/travis/build/icyphy/ptII/ptolemy/actor/lib/test/auto/MaximumComplex.xml
----------------- Instantiating /home/travis/build/icyphy/ptII/ptolemy/actor/lib/test/auto/MaximumComplex.xml
4 ms. Memory: 1582080K Free: 1313691K (83%)
----------------- Invoking toplevel() on ptolemy.moml.MoMLSimpleApplication@8f2e63b
----------------- Done invoking toplevel() on ptolemy.moml.MoMLSimpleApplication@8f2e63b
reloadAllAccessors: .MaximumComplex

===========================================================================================
----------------- testing Sun Jan 27 03:20:15 UTC 2019 /home/travis/build/icyphy/ptII/ptolemy/actor/lib/test/auto/MethodCallTest.xml
----------------- Instantiating /home/travis/build/icyphy/ptII/ptolemy/actor/lib/test/auto/MethodCallTest.xml
2 ms. Memory: 1582080K Free: 1286516K (81%)
----------------- Invoking toplevel() on ptolemy.moml.MoMLSimpleApplication@6826f2d7
----------------- Done invoking toplevel() on ptolemy.moml.MoMLSimpleApplication@6826f2d7
reloadAllAccessors: .MethodCallTest

===========================================================================================
----------------- testing Sun Jan 27 03:20:15 UTC 2019 /home/travis/build/icyphy/ptII/ptolemy/actor/lib/test/auto/Minimum.xml
----------------- Instantiating /home/travis/build/icyphy/ptII/ptolemy/actor/lib/test/auto/Minimum.xml
6 ms. Memory: 1582080K Free: 1266725K (80%)
----------------- Invoking toplevel() on ptolemy.moml.MoMLSimpleApplication@72600641
----------------- Done invoking toplevel() on ptolemy.moml.MoMLSimpleApplication@72600641
reloadAllAccessors: .Minimum

===========================================================================================
----------------- testing Sun Jan 27 03:20:15 UTC 2019 /home/travis/build/icyphy/ptII/ptolemy/actor/lib/test/auto/MinimumComplex.xml
----------------- Instantiating /home/travis/build/icyphy/ptII/ptolemy/actor/lib/test/auto/MinimumComplex.xml
2 ms. Memory: 1582080K Free: 1246935K (79%)
----------------- Invoking toplevel() on ptolemy.moml.MoMLSimpleApplication@5c2ee524
----------------- Done invoking toplevel() on ptolemy.moml.MoMLSimpleApplication@5c2ee524
reloadAllAccessors: .MinimumComplex

===========================================================================================
----------------- testing Sun Jan 27 03:20:15 UTC 2019 /home/travis/build/icyphy/ptII/ptolemy/actor/lib/test/auto/MinimumMultiports.xml
----------------- Instantiating /home/travis/build/icyphy/ptII/ptolemy/actor/lib/test/auto/MinimumMultiports.xml
3 ms. Memory: 1582080K Free: 1219760K (77%)
----------------- Invoking toplevel() on ptolemy.moml.MoMLSimpleApplication@7b02528
----------------- Done invoking toplevel() on ptolemy.moml.MoMLSimpleApplication@7b02528
reloadAllAccessors: .MinimumMultiports

===========================================================================================
----------------- testing Sun Jan 27 03:20:15 UTC 2019 /home/travis/build/icyphy/ptII/ptolemy/actor/lib/test/auto/ModifyDate.xml
----------------- Instantiating /home/travis/build/icyphy/ptII/ptolemy/actor/lib/test/auto/ModifyDate.xml
8 ms. Memory: 1582080K Free: 1190058K (75%)
----------------- Invoking toplevel() on ptolemy.moml.MoMLSimpleApplication@74697c27
----------------- Done invoking toplevel() on ptolemy.moml.MoMLSimpleApplication@74697c27
reloadAllAccessors: .ModifyDate

===========================================================================================
----------------- testing Sun Jan 27 03:20:15 UTC 2019 /home/travis/build/icyphy/ptII/ptolemy/actor/lib/test/auto/ModifyDate2.xml
----------------- Instantiating /home/travis/build/icyphy/ptII/ptolemy/actor/lib/test/auto/ModifyDate2.xml
4 ms. Memory: 1582080K Free: 1170268K (74%)
----------------- Invoking toplevel() on ptolemy.moml.MoMLSimpleApplication@3b70f528
----------------- Done invoking toplevel() on ptolemy.moml.MoMLSimpleApplication@3b70f528
reloadAllAccessors: .ModifyDate2

===========================================================================================
----------------- testing Sun Jan 27 03:20:16 UTC 2019 /home/travis/build/icyphy/ptII/ptolemy/actor/lib/test/auto/MovingAverage.xml
----------------- Instantiating /home/travis/build/icyphy/ptII/ptolemy/actor/lib/test/auto/MovingAverage.xml
1 ms. Memory: 1582080K Free: 1143093K (72%)
----------------- Invoking toplevel() on ptolemy.moml.MoMLSimpleApplication@6e0858ee
----------------- Done invoking toplevel() on ptolemy.moml.MoMLSimpleApplication@6e0858ee
reloadAllAccessors: .MovingAverage

===========================================================================================
----------------- testing Sun Jan 27 03:20:16 UTC 2019 /home/travis/build/icyphy/ptII/ptolemy/actor/lib/test/auto/MovingMaximum.xml
----------------- Instantiating /home/travis/build/icyphy/ptII/ptolemy/actor/lib/test/auto/MovingMaximum.xml
1 ms. Memory: 1582080K Free: 1123303K (71%)
----------------- Invoking toplevel() on ptolemy.moml.MoMLSimpleApplication@5677457f
----------------- Done invoking toplevel() on ptolemy.moml.MoMLSimpleApplication@5677457f
reloadAllAccessors: .MovingMaximum

===========================================================================================
----------------- testing Sun Jan 27 03:20:16 UTC 2019 /home/travis/build/icyphy/ptII/ptolemy/actor/lib/test/auto/MultipleLinksToSameRelation.xml
----------------- Instantiating /home/travis/build/icyphy/ptII/ptolemy/actor/lib/test/auto/MultipleLinksToSameRelation.xml
4 ms. Memory: 1582080K Free: 1103512K (70%)
----------------- Invoking toplevel() on ptolemy.moml.MoMLSimpleApplication@7ccb9af5
----------------- Done invoking toplevel() on ptolemy.moml.MoMLSimpleApplication@7ccb9af5
reloadAllAccessors: .MultipleLinksToSameRelation

===========================================================================================
----------------- testing Sun Jan 27 03:20:16 UTC 2019 /home/travis/build/icyphy/ptII/ptolemy/actor/lib/test/auto/MultipleLinksToSameRelationDE.xml
----------------- Instantiating /home/travis/build/icyphy/ptII/ptolemy/actor/lib/test/auto/MultipleLinksToSameRelationDE.xml
5 ms. Memory: 1582080K Free: 1076337K (68%)
----------------- Invoking toplevel() on ptolemy.moml.MoMLSimpleApplication@f7cb242
----------------- Done invoking toplevel() on ptolemy.moml.MoMLSimpleApplication@f7cb242
reloadAllAccessors: .MultipleLinksToSameRelationDE

===========================================================================================
----------------- testing Sun Jan 27 03:20:16 UTC 2019 /home/travis/build/icyphy/ptII/ptolemy/actor/lib/test/auto/Multiplexor.xml
----------------- Instantiating /home/travis/build/icyphy/ptII/ptolemy/actor/lib/test/auto/Multiplexor.xml
2 ms. Memory: 1582080K Free: 1056547K (67%)
----------------- Invoking toplevel() on ptolemy.moml.MoMLSimpleApplication@ab4b5be
----------------- Done invoking toplevel() on ptolemy.moml.MoMLSimpleApplication@ab4b5be
reloadAllAccessors: .Multiplexor

===========================================================================================
----------------- testing Sun Jan 27 03:20:16 UTC 2019 /home/travis/build/icyphy/ptII/ptolemy/actor/lib/test/auto/Multiplexor1.xml
----------------- Instantiating /home/travis/build/icyphy/ptII/ptolemy/actor/lib/test/auto/Multiplexor1.xml
2 ms. Memory: 1582080K Free: 1036756K (66%)
----------------- Invoking toplevel() on ptolemy.moml.MoMLSimpleApplication@19c84ffa
----------------- Done invoking toplevel() on ptolemy.moml.MoMLSimpleApplication@19c84ffa
reloadAllAccessors: .Multiplexor1

===========================================================================================
----------------- testing Sun Jan 27 03:20:16 UTC 2019 /home/travis/build/icyphy/ptII/ptolemy/actor/lib/test/auto/Multiplexor2.xml
----------------- Instantiating /home/travis/build/icyphy/ptII/ptolemy/actor/lib/test/auto/Multiplexor2.xml
7 ms. Memory: 1582080K Free: 1016966K (64%)
----------------- Invoking toplevel() on ptolemy.moml.MoMLSimpleApplication@50677562
----------------- Done invoking toplevel() on ptolemy.moml.MoMLSimpleApplication@50677562
reloadAllAccessors: .Multiplexor2

===========================================================================================
----------------- testing Sun Jan 27 03:20:16 UTC 2019 /home/travis/build/icyphy/ptII/ptolemy/actor/lib/test/auto/Multiplexor3.xml
----------------- Instantiating /home/travis/build/icyphy/ptII/ptolemy/actor/lib/test/auto/Multiplexor3.xml
1 ms. Memory: 1582080K Free: 989791K (63%)
----------------- Invoking toplevel() on ptolemy.moml.MoMLSimpleApplication@5329ae26
----------------- Done invoking toplevel() on ptolemy.moml.MoMLSimpleApplication@5329ae26
reloadAllAccessors: .Multiplexor3

===========================================================================================
----------------- testing Sun Jan 27 03:20:16 UTC 2019 /home/travis/build/icyphy/ptII/ptolemy/actor/lib/test/auto/MultiplexorDE.xml
----------------- Instantiating /home/travis/build/icyphy/ptII/ptolemy/actor/lib/test/auto/MultiplexorDE.xml
2 ms. Memory: 1582080K Free: 970001K (61%)
----------------- Invoking toplevel() on ptolemy.moml.MoMLSimpleApplication@5f88fb8e
----------------- Done invoking toplevel() on ptolemy.moml.MoMLSimpleApplication@5f88fb8e
reloadAllAccessors: .MultiplexorDE

===========================================================================================
----------------- testing Sun Jan 27 03:20:16 UTC 2019 /home/travis/build/icyphy/ptII/ptolemy/actor/lib/test/auto/MultiportBroadcastTest.xml
----------------- Instantiating /home/travis/build/icyphy/ptII/ptolemy/actor/lib/test/auto/MultiportBroadcastTest.xml
84 ms. Memory: 1582080K Free: 950210K (60%)
----------------- Invoking toplevel() on ptolemy.moml.MoMLSimpleApplication@2e7e97f6
----------------- Done invoking toplevel() on ptolemy.moml.MoMLSimpleApplication@2e7e97f6
reloadAllAccessors: .MultiportBroadcastTest

===========================================================================================
----------------- testing Sun Jan 27 03:20:16 UTC 2019 /home/travis/build/icyphy/ptII/ptolemy/actor/lib/test/auto/MultiportOutHangDuringGetWidth.xml
----------------- Instantiating /home/travis/build/icyphy/ptII/ptolemy/actor/lib/test/auto/MultiportOutHangDuringGetWidth.xml
4 ms. Memory: 1582080K Free: 923035K (58%)
----------------- Invoking toplevel() on ptolemy.moml.MoMLSimpleApplication@7a10951f
----------------- Done invoking toplevel() on ptolemy.moml.MoMLSimpleApplication@7a10951f
reloadAllAccessors: .MultiportOutHangDuringGetWidth

===========================================================================================
----------------- testing Sun Jan 27 03:20:16 UTC 2019 /home/travis/build/icyphy/ptII/ptolemy/actor/lib/test/auto/NilToken.xml
----------------- Instantiating /home/travis/build/icyphy/ptII/ptolemy/actor/lib/test/auto/NilToken.xml
1 ms. Memory: 1582080K Free: 903245K (57%)
----------------- Invoking toplevel() on ptolemy.moml.MoMLSimpleApplication@6113c9f7
----------------- Done invoking toplevel() on ptolemy.moml.MoMLSimpleApplication@6113c9f7
reloadAllAccessors: .NilToken

===========================================================================================
----------------- testing Sun Jan 27 03:20:16 UTC 2019 /home/travis/build/icyphy/ptII/ptolemy/actor/lib/test/auto/NilTokenNonStrictTest.xml
----------------- Instantiating /home/travis/build/icyphy/ptII/ptolemy/actor/lib/test/auto/NilTokenNonStrictTest.xml
1 ms. Memory: 1582080K Free: 883454K (56%)
----------------- Invoking toplevel() on ptolemy.moml.MoMLSimpleApplication@586801a7
----------------- Done invoking toplevel() on ptolemy.moml.MoMLSimpleApplication@586801a7
reloadAllAccessors: .NilTokenNonStrictTest

===========================================================================================
----------------- testing Sun Jan 27 03:20:16 UTC 2019 /home/travis/build/icyphy/ptII/ptolemy/actor/lib/test/auto/NilTokenRecord.xml
----------------- Instantiating /home/travis/build/icyphy/ptII/ptolemy/actor/lib/test/auto/NilTokenRecord.xml
8 ms. Memory: 1582080K Free: 856279K (54%)
----------------- Invoking toplevel() on ptolemy.moml.MoMLSimpleApplication@70afd103
----------------- Done invoking toplevel() on ptolemy.moml.MoMLSimpleApplication@70afd103
reloadAllAccessors: .NilTokenRecord

===========================================================================================
----------------- testing Sun Jan 27 03:20:16 UTC 2019 /home/travis/build/icyphy/ptII/ptolemy/actor/lib/test/auto/NilTokenTypeTest.xml
----------------- Instantiating /home/travis/build/icyphy/ptII/ptolemy/actor/lib/test/auto/NilTokenTypeTest.xml
10 ms. Memory: 1582080K Free: 836489K (53%)
----------------- Invoking toplevel() on ptolemy.moml.MoMLSimpleApplication@487c99ca
----------------- Done invoking toplevel() on ptolemy.moml.MoMLSimpleApplication@487c99ca
reloadAllAccessors: .NilTokenTypeTest

===========================================================================================
----------------- testing Sun Jan 27 03:20:16 UTC 2019 /home/travis/build/icyphy/ptII/ptolemy/actor/lib/test/auto/ObjectToken1.xml
----------------- Instantiating /home/travis/build/icyphy/ptII/ptolemy/actor/lib/test/auto/ObjectToken1.xml
1 ms. Memory: 1582080K Free: 816698K (52%)
----------------- Invoking toplevel() on ptolemy.moml.MoMLSimpleApplication@f25ea27
----------------- Done invoking toplevel() on ptolemy.moml.MoMLSimpleApplication@f25ea27
reloadAllAccessors: .ObjectToken1

===========================================================================================
----------------- testing Sun Jan 27 03:20:16 UTC 2019 /home/travis/build/icyphy/ptII/ptolemy/actor/lib/test/auto/OrderedMerge.xml
----------------- Instantiating /home/travis/build/icyphy/ptII/ptolemy/actor/lib/test/auto/OrderedMerge.xml
4 ms. Memory: 1582080K Free: 749943K (47%)
----------------- Invoking toplevel() on ptolemy.moml.MoMLSimpleApplication@66447af4
----------------- Done invoking toplevel() on ptolemy.moml.MoMLSimpleApplication@66447af4
reloadAllAccessors: .OrderedMerge

===========================================================================================
----------------- testing Sun Jan 27 03:20:16 UTC 2019 /home/travis/build/icyphy/ptII/ptolemy/actor/lib/test/auto/OrderedRecordDisassembler.xml
----------------- Instantiating /home/travis/build/icyphy/ptII/ptolemy/actor/lib/test/auto/OrderedRecordDisassembler.xml
3 ms. Memory: 1582080K Free: 730152K (46%)
----------------- Invoking toplevel() on ptolemy.moml.MoMLSimpleApplication@476181ad
----------------- Done invoking toplevel() on ptolemy.moml.MoMLSimpleApplication@476181ad
reloadAllAccessors: .OrderedRecordDisassembler

===========================================================================================
----------------- testing Sun Jan 27 03:20:16 UTC 2019 /home/travis/build/icyphy/ptII/ptolemy/actor/lib/test/auto/OrderedRecordDisassembler2.xml
----------------- Instantiating /home/travis/build/icyphy/ptII/ptolemy/actor/lib/test/auto/OrderedRecordDisassembler2.xml
4 ms. Memory: 1582080K Free: 710361K (45%)
----------------- Invoking toplevel() on ptolemy.moml.MoMLSimpleApplication@79223891
----------------- Done invoking toplevel() on ptolemy.moml.MoMLSimpleApplication@79223891
reloadAllAccessors: .OrderedRecordDisassembler2

===========================================================================================
----------------- testing Sun Jan 27 03:20:16 UTC 2019 /home/travis/build/icyphy/ptII/ptolemy/actor/lib/test/auto/OrderedRecordUpdater.xml
----------------- Instantiating /home/travis/build/icyphy/ptII/ptolemy/actor/lib/test/auto/OrderedRecordUpdater.xml
2 ms. Memory: 1582080K Free: 683187K (43%)
----------------- Invoking toplevel() on ptolemy.moml.MoMLSimpleApplication@16f93cbe
----------------- Done invoking toplevel() on ptolemy.moml.MoMLSimpleApplication@16f93cbe
reloadAllAccessors: .RecordUpdater

===========================================================================================
----------------- testing Sun Jan 27 03:20:16 UTC 2019 /home/travis/build/icyphy/ptII/ptolemy/actor/lib/test/auto/OrderedRecordUpdater2.xml
----------------- Instantiating /home/travis/build/icyphy/ptII/ptolemy/actor/lib/test/auto/OrderedRecordUpdater2.xml
1 ms. Memory: 1582080K Free: 663396K (42%)
----------------- Invoking toplevel() on ptolemy.moml.MoMLSimpleApplication@6488ccdc
----------------- Done invoking toplevel() on ptolemy.moml.MoMLSimpleApplication@6488ccdc
reloadAllAccessors: .RecordUpdater2

===========================================================================================
----------------- testing Sun Jan 27 03:20:16 UTC 2019 /home/travis/build/icyphy/ptII/ptolemy/actor/lib/test/auto/PhaseUnwrap.xml
----------------- Instantiating /home/travis/build/icyphy/ptII/ptolemy/actor/lib/test/auto/PhaseUnwrap.xml
1 ms. Memory: 1582080K Free: 643606K (41%)
----------------- Invoking toplevel() on ptolemy.moml.MoMLSimpleApplication@2696ac64
----------------- Done invoking toplevel() on ptolemy.moml.MoMLSimpleApplication@2696ac64
reloadAllAccessors: .PhaseUnwrap

===========================================================================================
----------------- testing Sun Jan 27 03:20:16 UTC 2019 /home/travis/build/icyphy/ptII/ptolemy/actor/lib/test/auto/PoissonClock.xml
----------------- Instantiating /home/travis/build/icyphy/ptII/ptolemy/actor/lib/test/auto/PoissonClock.xml
1 ms. Memory: 1582080K Free: 616431K (39%)
----------------- Invoking toplevel() on ptolemy.moml.MoMLSimpleApplication@64c63888
----------------- Done invoking toplevel() on ptolemy.moml.MoMLSimpleApplication@64c63888
reloadAllAccessors: .PoissonClock

===========================================================================================
----------------- testing Sun Jan 27 03:20:16 UTC 2019 /home/travis/build/icyphy/ptII/ptolemy/actor/lib/test/auto/PoissonClock2.xml
----------------- Instantiating /home/travis/build/icyphy/ptII/ptolemy/actor/lib/test/auto/PoissonClock2.xml
1 ms. Memory: 1582080K Free: 596640K (38%)
----------------- Invoking toplevel() on ptolemy.moml.MoMLSimpleApplication@5a1c6e65
----------------- Done invoking toplevel() on ptolemy.moml.MoMLSimpleApplication@5a1c6e65
reloadAllAccessors: .PoissonClock2

===========================================================================================
----------------- testing Sun Jan 27 03:20:16 UTC 2019 /home/travis/build/icyphy/ptII/ptolemy/actor/lib/test/auto/PoissonClock3.xml
----------------- Instantiating /home/travis/build/icyphy/ptII/ptolemy/actor/lib/test/auto/PoissonClock3.xml
1 ms. Memory: 1582080K Free: 576850K (36%)
----------------- Invoking toplevel() on ptolemy.moml.MoMLSimpleApplication@1455493f
----------------- Done invoking toplevel() on ptolemy.moml.MoMLSimpleApplication@1455493f
reloadAllAccessors: .PoissonClock3

===========================================================================================
----------------- testing Sun Jan 27 03:20:16 UTC 2019 /home/travis/build/icyphy/ptII/ptolemy/actor/lib/test/auto/PubSubWithInitialTokens.xml
----------------- Instantiating /home/travis/build/icyphy/ptII/ptolemy/actor/lib/test/auto/PubSubWithInitialTokens.xml
2 ms. Memory: 1582080K Free: 549675K (35%)
----------------- Invoking toplevel() on ptolemy.moml.MoMLSimpleApplication@439c92d2
----------------- Done invoking toplevel() on ptolemy.moml.MoMLSimpleApplication@439c92d2
reloadAllAccessors: .PubSubWithInitialTokens

===========================================================================================
----------------- testing Sun Jan 27 03:20:16 UTC 2019 /home/travis/build/icyphy/ptII/ptolemy/actor/lib/test/auto/PubSubWithInitialTokens2.xml
----------------- Instantiating /home/travis/build/icyphy/ptII/ptolemy/actor/lib/test/auto/PubSubWithInitialTokens2.xml
2 ms. Memory: 1582080K Free: 529884K (33%)
----------------- Invoking toplevel() on ptolemy.moml.MoMLSimpleApplication@b147805
----------------- Done invoking toplevel() on ptolemy.moml.MoMLSimpleApplication@b147805
reloadAllAccessors: .PubSubWithInitialTokens2

===========================================================================================
----------------- testing Sun Jan 27 03:20:16 UTC 2019 /home/travis/build/icyphy/ptII/ptolemy/actor/lib/test/auto/PublisherClassNoParameter.xml
----------------- Instantiating /home/travis/build/icyphy/ptII/ptolemy/actor/lib/test/auto/PublisherClassNoParameter.xml
1 ms. Memory: 1582080K Free: 510094K (32%)
----------------- Invoking toplevel() on ptolemy.moml.MoMLSimpleApplication@3f43721d
----------------- Done invoking toplevel() on ptolemy.moml.MoMLSimpleApplication@3f43721d
reloadAllAccessors: .PublisherClassNoParameter

===========================================================================================
----------------- testing Sun Jan 27 03:20:16 UTC 2019 /home/travis/build/icyphy/ptII/ptolemy/actor/lib/test/auto/PublisherClassParameter.xml
----------------- Instantiating /home/travis/build/icyphy/ptII/ptolemy/actor/lib/test/auto/PublisherClassParameter.xml
2 ms. Memory: 1582080K Free: 482919K (31%)
----------------- Invoking toplevel() on ptolemy.moml.MoMLSimpleApplication@5acfc4fc
----------------- Done invoking toplevel() on ptolemy.moml.MoMLSimpleApplication@5acfc4fc
reloadAllAccessors: .PublisherClassParameter

===========================================================================================
----------------- testing Sun Jan 27 03:20:16 UTC 2019 /home/travis/build/icyphy/ptII/ptolemy/actor/lib/test/auto/PublisherNonStrictTest.xml
----------------- Instantiating /home/travis/build/icyphy/ptII/ptolemy/actor/lib/test/auto/PublisherNonStrictTest.xml
2 ms. Memory: 1582080K Free: 463129K (29%)
----------------- Invoking toplevel() on ptolemy.moml.MoMLSimpleApplication@53c8f1dc
----------------- Done invoking toplevel() on ptolemy.moml.MoMLSimpleApplication@53c8f1dc
reloadAllAccessors: .PublisherNonStrictTest

===========================================================================================
----------------- testing Sun Jan 27 03:20:16 UTC 2019 /home/travis/build/icyphy/ptII/ptolemy/actor/lib/test/auto/PublisherPort1.xml
----------------- Instantiating /home/travis/build/icyphy/ptII/ptolemy/actor/lib/test/auto/PublisherPort1.xml
2 ms. Memory: 1582080K Free: 443338K (28%)
----------------- Invoking toplevel() on ptolemy.moml.MoMLSimpleApplication@772e03f1
----------------- Done invoking toplevel() on ptolemy.moml.MoMLSimpleApplication@772e03f1
reloadAllAccessors: .PublisherPort1

===========================================================================================
----------------- testing Sun Jan 27 03:20:16 UTC 2019 /home/travis/build/icyphy/ptII/ptolemy/actor/lib/test/auto/PublisherPort2.xml
----------------- Instantiating /home/travis/build/icyphy/ptII/ptolemy/actor/lib/test/auto/PublisherPort2.xml
1 ms. Memory: 1582080K Free: 416163K (26%)
----------------- Invoking toplevel() on ptolemy.moml.MoMLSimpleApplication@541feb35
----------------- Done invoking toplevel() on ptolemy.moml.MoMLSimpleApplication@541feb35
reloadAllAccessors: .PublisherPort2

===========================================================================================
----------------- testing Sun Jan 27 03:20:16 UTC 2019 /home/travis/build/icyphy/ptII/ptolemy/actor/lib/test/auto/PublisherPort3.xml
----------------- Instantiating /home/travis/build/icyphy/ptII/ptolemy/actor/lib/test/auto/PublisherPort3.xml
2 ms. Memory: 1582080K Free: 396373K (25%)
----------------- Invoking toplevel() on ptolemy.moml.MoMLSimpleApplication@65c18439
----------------- Done invoking toplevel() on ptolemy.moml.MoMLSimpleApplication@65c18439
reloadAllAccessors: .PublisherPort3

===========================================================================================
----------------- testing Sun Jan 27 03:20:16 UTC 2019 /home/travis/build/icyphy/ptII/ptolemy/actor/lib/test/auto/PublisherPort4.xml
----------------- Instantiating /home/travis/build/icyphy/ptII/ptolemy/actor/lib/test/auto/PublisherPort4.xml
2 ms. Memory: 1582080K Free: 376582K (24%)
----------------- Invoking toplevel() on ptolemy.moml.MoMLSimpleApplication@4fe8e281
----------------- Done invoking toplevel() on ptolemy.moml.MoMLSimpleApplication@4fe8e281
reloadAllAccessors: .PublisherPort4

===========================================================================================
----------------- testing Sun Jan 27 03:20:16 UTC 2019 /home/travis/build/icyphy/ptII/ptolemy/actor/lib/test/auto/PublisherPort5.xml
----------------- Instantiating /home/travis/build/icyphy/ptII/ptolemy/actor/lib/test/auto/PublisherPort5.xml
2 ms. Memory: 1582080K Free: 349408K (22%)
----------------- Invoking toplevel() on ptolemy.moml.MoMLSimpleApplication@563c01e0
----------------- Done invoking toplevel() on ptolemy.moml.MoMLSimpleApplication@563c01e0
reloadAllAccessors: .PublisherPort5

===========================================================================================
----------------- testing Sun Jan 27 03:20:16 UTC 2019 /home/travis/build/icyphy/ptII/ptolemy/actor/lib/test/auto/PublisherPort5LookAlike.xml
----------------- Instantiating /home/travis/build/icyphy/ptII/ptolemy/actor/lib/test/auto/PublisherPort5LookAlike.xml
6 ms. Memory: 1582080K Free: 329617K (21%)
----------------- Invoking toplevel() on ptolemy.moml.MoMLSimpleApplication@11679e85
----------------- Done invoking toplevel() on ptolemy.moml.MoMLSimpleApplication@11679e85
reloadAllAccessors: .PublisherPort5LookAlike

===========================================================================================
----------------- testing Sun Jan 27 03:20:16 UTC 2019 /home/travis/build/icyphy/ptII/ptolemy/actor/lib/test/auto/PublisherPort6.xml
----------------- Instantiating /home/travis/build/icyphy/ptII/ptolemy/actor/lib/test/auto/PublisherPort6.xml
5 ms. Memory: 1582080K Free: 309827K (20%)
----------------- Invoking toplevel() on ptolemy.moml.MoMLSimpleApplication@3d131a5d
----------------- Done invoking toplevel() on ptolemy.moml.MoMLSimpleApplication@3d131a5d
reloadAllAccessors: .PublisherPort6

===========================================================================================
----------------- testing Sun Jan 27 03:20:16 UTC 2019 /home/travis/build/icyphy/ptII/ptolemy/actor/lib/test/auto/PublisherPort7.xml
----------------- Instantiating /home/travis/build/icyphy/ptII/ptolemy/actor/lib/test/auto/PublisherPort7.xml
3 ms. Memory: 1582080K Free: 290036K (18%)
----------------- Invoking toplevel() on ptolemy.moml.MoMLSimpleApplication@5071c50
----------------- Done invoking toplevel() on ptolemy.moml.MoMLSimpleApplication@5071c50
reloadAllAccessors: .PublisherPort7

===========================================================================================
----------------- testing Sun Jan 27 03:20:16 UTC 2019 /home/travis/build/icyphy/ptII/ptolemy/actor/lib/test/auto/PublisherPort8.xml
----------------- Instantiating /home/travis/build/icyphy/ptII/ptolemy/actor/lib/test/auto/PublisherPort8.xml
4 ms. Memory: 1582080K Free: 262861K (17%)
----------------- Invoking toplevel() on ptolemy.moml.MoMLSimpleApplication@28febde2
----------------- Done invoking toplevel() on ptolemy.moml.MoMLSimpleApplication@28febde2
reloadAllAccessors: .PublisherPort8

===========================================================================================
----------------- testing Sun Jan 27 03:20:16 UTC 2019 /home/travis/build/icyphy/ptII/ptolemy/actor/lib/test/auto/PublisherPortSubscriberChannelVariablesAOC2.xml
----------------- Instantiating /home/travis/build/icyphy/ptII/ptolemy/actor/lib/test/auto/PublisherPortSubscriberChannelVariablesAOC2.xml
4 ms. Memory: 1582080K Free: 233168K (15%)
----------------- Invoking toplevel() on ptolemy.moml.MoMLSimpleApplication@2055005d
----------------- Done invoking toplevel() on ptolemy.moml.MoMLSimpleApplication@2055005d
reloadAllAccessors: .PublisherPortSubscriberChannelVariablesAOC2

===========================================================================================
----------------- testing Sun Jan 27 03:20:16 UTC 2019 /home/travis/build/icyphy/ptII/ptolemy/actor/lib/test/auto/PublisherPortSubscriberOpaqueWidthInference.xml
----------------- Instantiating /home/travis/build/icyphy/ptII/ptolemy/actor/lib/test/auto/PublisherPortSubscriberOpaqueWidthInference.xml
4 ms. Memory: 1582080K Free: 213377K (13%)
----------------- Invoking toplevel() on ptolemy.moml.MoMLSimpleApplication@fa92d77
----------------- Done invoking toplevel() on ptolemy.moml.MoMLSimpleApplication@fa92d77
reloadAllAccessors: .PublisherPortSubscriberOpaqueWidthInference

===========================================================================================
----------------- testing Sun Jan 27 03:20:16 UTC 2019 /home/travis/build/icyphy/ptII/ptolemy/actor/lib/test/auto/PublisherPortSubscriberPortAdjacent.xml
----------------- Instantiating /home/travis/build/icyphy/ptII/ptolemy/actor/lib/test/auto/PublisherPortSubscriberPortAdjacent.xml
2 ms. Memory: 1582080K Free: 186202K (12%)
----------------- Invoking toplevel() on ptolemy.moml.MoMLSimpleApplication@2b3678ce
----------------- Done invoking toplevel() on ptolemy.moml.MoMLSimpleApplication@2b3678ce
reloadAllAccessors: .PublisherPortSubscriberPortAdjacent

===========================================================================================
----------------- testing Sun Jan 27 03:20:16 UTC 2019 /home/travis/build/icyphy/ptII/ptolemy/actor/lib/test/auto/PublisherPortSubscriberPortExpression.xml
----------------- Instantiating /home/travis/build/icyphy/ptII/ptolemy/actor/lib/test/auto/PublisherPortSubscriberPortExpression.xml
5 ms. Memory: 1582080K Free: 166412K (11%)
----------------- Invoking toplevel() on ptolemy.moml.MoMLSimpleApplication@56e83d6b
----------------- Done invoking toplevel() on ptolemy.moml.MoMLSimpleApplication@56e83d6b
reloadAllAccessors: .PublisherPortSubscriberPortExpression

===========================================================================================
----------------- testing Sun Jan 27 03:20:16 UTC 2019 /home/travis/build/icyphy/ptII/ptolemy/actor/lib/test/auto/PublisherPortSubscriberPortOpaqueD3Reverse.xml
----------------- Instantiating /home/travis/build/icyphy/ptII/ptolemy/actor/lib/test/auto/PublisherPortSubscriberPortOpaqueD3Reverse.xml
8 ms. Memory: 1582080K Free: 146621K (9%)
----------------- Invoking toplevel() on ptolemy.moml.MoMLSimpleApplication@3cde552d
----------------- Done invoking toplevel() on ptolemy.moml.MoMLSimpleApplication@3cde552d
reloadAllAccessors: .PublisherPortSubscriberPortOpaqueD3Reverse

===========================================================================================
----------------- testing Sun Jan 27 03:20:16 UTC 2019 /home/travis/build/icyphy/ptII/ptolemy/actor/lib/test/auto/PublisherPortSubscriberPortOpaqueWidthInference.xml
----------------- Instantiating /home/travis/build/icyphy/ptII/ptolemy/actor/lib/test/auto/PublisherPortSubscriberPortOpaqueWidthInference.xml
4 ms. Memory: 1582080K Free: 119447K (8%)
----------------- Invoking toplevel() on ptolemy.moml.MoMLSimpleApplication@28b61298
----------------- Done invoking toplevel() on ptolemy.moml.MoMLSimpleApplication@28b61298
reloadAllAccessors: .PublisherPortSubscriberPortOpaqueWidthInference

===========================================================================================
----------------- testing Sun Jan 27 03:20:16 UTC 2019 /home/travis/build/icyphy/ptII/ptolemy/actor/lib/test/auto/PublisherPortToplevelSubscriberPortAOC.xml
----------------- Instantiating /home/travis/build/icyphy/ptII/ptolemy/actor/lib/test/auto/PublisherPortToplevelSubscriberPortAOC.xml
.PublisherPortToplevelSubscriberPortAOC.TestExceptionAttribute: initialize() was not invoked, but wrapup() was.  This is unusual, but not always a problem.  For example, exporting JNLP will do this.
0 ms. Memory: 1582080K Free: 99656K (6%)
----------------- Invoking toplevel() on ptolemy.moml.MoMLSimpleApplication@46685770
----------------- Done invoking toplevel() on ptolemy.moml.MoMLSimpleApplication@46685770
reloadAllAccessors: .PublisherPortToplevelSubscriberPortAOC

===========================================================================================
----------------- testing Sun Jan 27 03:20:16 UTC 2019 /home/travis/build/icyphy/ptII/ptolemy/actor/lib/test/auto/PublisherSubscriber.xml
----------------- Instantiating /home/travis/build/icyphy/ptII/ptolemy/actor/lib/test/auto/PublisherSubscriber.xml
4 ms. Memory: 1582080K Free: 79865K (5%)
----------------- Invoking toplevel() on ptolemy.moml.MoMLSimpleApplication@5ec6bcb3
----------------- Done invoking toplevel() on ptolemy.moml.MoMLSimpleApplication@5ec6bcb3
reloadAllAccessors: .PublisherSubscriber

===========================================================================================
----------------- testing Sun Jan 27 03:20:16 UTC 2019 /home/travis/build/icyphy/ptII/ptolemy/actor/lib/test/auto/PublisherSubscriber10.xml
----------------- Instantiating /home/travis/build/icyphy/ptII/ptolemy/actor/lib/test/auto/PublisherSubscriber10.xml
5 ms. Memory: 1582080K Free: 59502K (4%)
----------------- Invoking toplevel() on ptolemy.moml.MoMLSimpleApplication@6c494d0d
----------------- Done invoking toplevel() on ptolemy.moml.MoMLSimpleApplication@6c494d0d
reloadAllAccessors: .PublisherSubscriber10

===========================================================================================
----------------- testing Sun Jan 27 03:20:16 UTC 2019 /home/travis/build/icyphy/ptII/ptolemy/actor/lib/test/auto/PublisherSubscriber10InitialOutputs.xml
----------------- Instantiating /home/travis/build/icyphy/ptII/ptolemy/actor/lib/test/auto/PublisherSubscriber10InitialOutputs.xml
5 ms. Memory: 1628160K Free: 1569430K (96%)
----------------- Invoking toplevel() on ptolemy.moml.MoMLSimpleApplication@6ec22512
----------------- Done invoking toplevel() on ptolemy.moml.MoMLSimpleApplication@6ec22512
reloadAllAccessors: .PublisherSubscriber10InitialOutputs

===========================================================================================
----------------- testing Sun Jan 27 03:20:17 UTC 2019 /home/travis/build/icyphy/ptII/ptolemy/actor/lib/test/auto/PublisherSubscriber11.xml
----------------- Instantiating /home/travis/build/icyphy/ptII/ptolemy/actor/lib/test/auto/PublisherSubscriber11.xml
3 ms. Memory: 1628160K Free: 1543300K (95%)
----------------- Invoking toplevel() on ptolemy.moml.MoMLSimpleApplication@3c2a5882
----------------- Done invoking toplevel() on ptolemy.moml.MoMLSimpleApplication@3c2a5882
reloadAllAccessors: .PublisherSubscriber11

===========================================================================================
----------------- testing Sun Jan 27 03:20:17 UTC 2019 /home/travis/build/icyphy/ptII/ptolemy/actor/lib/test/auto/PublisherSubscriber12.xml
----------------- Instantiating /home/travis/build/icyphy/ptII/ptolemy/actor/lib/test/auto/PublisherSubscriber12.xml
3 ms. Memory: 1628160K Free: 1523148K (94%)
----------------- Invoking toplevel() on ptolemy.moml.MoMLSimpleApplication@743fa511
----------------- Done invoking toplevel() on ptolemy.moml.MoMLSimpleApplication@743fa511
reloadAllAccessors: .PublisherSubscriber12

===========================================================================================
----------------- testing Sun Jan 27 03:20:17 UTC 2019 /home/travis/build/icyphy/ptII/ptolemy/actor/lib/test/auto/PublisherSubscriber13.xml
----------------- Instantiating /home/travis/build/icyphy/ptII/ptolemy/actor/lib/test/auto/PublisherSubscriber13.xml
2 ms. Memory: 1628160K Free: 1496932K (92%)
----------------- Invoking toplevel() on ptolemy.moml.MoMLSimpleApplication@4dd03f32
----------------- Done invoking toplevel() on ptolemy.moml.MoMLSimpleApplication@4dd03f32
reloadAllAccessors: .PublisherSubscriber13

===========================================================================================
----------------- testing Sun Jan 27 03:20:17 UTC 2019 /home/travis/build/icyphy/ptII/ptolemy/actor/lib/test/auto/PublisherSubscriber14.xml
----------------- Instantiating /home/travis/build/icyphy/ptII/ptolemy/actor/lib/test/auto/PublisherSubscriber14.xml
1 ms. Memory: 1628160K Free: 1476779K (91%)
----------------- Invoking toplevel() on ptolemy.moml.MoMLSimpleApplication@2d51ad1d
----------------- Done invoking toplevel() on ptolemy.moml.MoMLSimpleApplication@2d51ad1d
reloadAllAccessors: .PublisherSubscriber14

===========================================================================================
----------------- testing Sun Jan 27 03:20:17 UTC 2019 /home/travis/build/icyphy/ptII/ptolemy/actor/lib/test/auto/PublisherSubscriber2.xml
----------------- Instantiating /home/travis/build/icyphy/ptII/ptolemy/actor/lib/test/auto/PublisherSubscriber2.xml
1 ms. Memory: 1628160K Free: 1450649K (89%)
----------------- Invoking toplevel() on ptolemy.moml.MoMLSimpleApplication@3448f7a4
----------------- Done invoking toplevel() on ptolemy.moml.MoMLSimpleApplication@3448f7a4
reloadAllAccessors: .PublisherSubscriber2

===========================================================================================
----------------- testing Sun Jan 27 03:20:17 UTC 2019 /home/travis/build/icyphy/ptII/ptolemy/actor/lib/test/auto/PublisherSubscriber3.xml
----------------- Instantiating /home/travis/build/icyphy/ptII/ptolemy/actor/lib/test/auto/PublisherSubscriber3.xml
2 ms. Memory: 1628160K Free: 1430497K (88%)
----------------- Invoking toplevel() on ptolemy.moml.MoMLSimpleApplication@1abe4015
----------------- Done invoking toplevel() on ptolemy.moml.MoMLSimpleApplication@1abe4015
reloadAllAccessors: .PublisherSubscriber3

===========================================================================================
----------------- testing Sun Jan 27 03:20:17 UTC 2019 /home/travis/build/icyphy/ptII/ptolemy/actor/lib/test/auto/PublisherSubscriber4.xml
----------------- Instantiating /home/travis/build/icyphy/ptII/ptolemy/actor/lib/test/auto/PublisherSubscriber4.xml
1 ms. Memory: 1628160K Free: 1410345K (87%)
----------------- Invoking toplevel() on ptolemy.moml.MoMLSimpleApplication@3816e6ee
----------------- Done invoking toplevel() on ptolemy.moml.MoMLSimpleApplication@3816e6ee
reloadAllAccessors: .PublisherSubscriber4

===========================================================================================
----------------- testing Sun Jan 27 03:20:17 UTC 2019 /home/travis/build/icyphy/ptII/ptolemy/actor/lib/test/auto/PublisherSubscriber5.xml
----------------- Instantiating /home/travis/build/icyphy/ptII/ptolemy/actor/lib/test/auto/PublisherSubscriber5.xml
1 ms. Memory: 1628160K Free: 1384215K (85%)
----------------- Invoking toplevel() on ptolemy.moml.MoMLSimpleApplication@6b53a2a3
----------------- Done invoking toplevel() on ptolemy.moml.MoMLSimpleApplication@6b53a2a3
reloadAllAccessors: .PublisherSubscriber5

===========================================================================================
----------------- testing Sun Jan 27 03:20:17 UTC 2019 /home/travis/build/icyphy/ptII/ptolemy/actor/lib/test/auto/PublisherSubscriber6.xml
----------------- Instantiating /home/travis/build/icyphy/ptII/ptolemy/actor/lib/test/auto/PublisherSubscriber6.xml
2 ms. Memory: 1628160K Free: 1364063K (84%)
----------------- Invoking toplevel() on ptolemy.moml.MoMLSimpleApplication@131e4d69
----------------- Done invoking toplevel() on ptolemy.moml.MoMLSimpleApplication@131e4d69
reloadAllAccessors: .PublisherSubscriber6

===========================================================================================
----------------- testing Sun Jan 27 03:20:17 UTC 2019 /home/travis/build/icyphy/ptII/ptolemy/actor/lib/test/auto/PublisherSubscriber7.xml
----------------- Instantiating /home/travis/build/icyphy/ptII/ptolemy/actor/lib/test/auto/PublisherSubscriber7.xml
2 ms. Memory: 1628160K Free: 1337933K (82%)
----------------- Invoking toplevel() on ptolemy.moml.MoMLSimpleApplication@473fb363
----------------- Done invoking toplevel() on ptolemy.moml.MoMLSimpleApplication@473fb363
reloadAllAccessors: .PublisherSubscriber7

===========================================================================================
----------------- testing Sun Jan 27 03:20:17 UTC 2019 /home/travis/build/icyphy/ptII/ptolemy/actor/lib/test/auto/PublisherSubscriber8.xml
----------------- Instantiating /home/travis/build/icyphy/ptII/ptolemy/actor/lib/test/auto/PublisherSubscriber8.xml
28 ms. Memory: 1628160K Free: 1217018K (75%)
----------------- Invoking toplevel() on ptolemy.moml.MoMLSimpleApplication@6be4214e
----------------- Done invoking toplevel() on ptolemy.moml.MoMLSimpleApplication@6be4214e
reloadAllAccessors: .PublisherSubscriber8

===========================================================================================
----------------- testing Sun Jan 27 03:20:17 UTC 2019 /home/travis/build/icyphy/ptII/ptolemy/actor/lib/test/auto/PublisherSubscriber9.xml
----------------- Instantiating /home/travis/build/icyphy/ptII/ptolemy/actor/lib/test/auto/PublisherSubscriber9.xml
3 ms. Memory: 1628160K Free: 1196866K (74%)
----------------- Invoking toplevel() on ptolemy.moml.MoMLSimpleApplication@5f8b1390
----------------- Done invoking toplevel() on ptolemy.moml.MoMLSimpleApplication@5f8b1390
reloadAllAccessors: .PublisherSubscriber9

===========================================================================================
----------------- testing Sun Jan 27 03:20:17 UTC 2019 /home/travis/build/icyphy/ptII/ptolemy/actor/lib/test/auto/PublisherSubscriberAdjacent.xml
----------------- Instantiating /home/travis/build/icyphy/ptII/ptolemy/actor/lib/test/auto/PublisherSubscriberAdjacent.xml
2 ms. Memory: 1628160K Free: 1170736K (72%)
----------------- Invoking toplevel() on ptolemy.moml.MoMLSimpleApplication@67e4b2d1
----------------- Done invoking toplevel() on ptolemy.moml.MoMLSimpleApplication@67e4b2d1
reloadAllAccessors: .PublisherSubscriberAdjacent

===========================================================================================
----------------- testing Sun Jan 27 03:20:17 UTC 2019 /home/travis/build/icyphy/ptII/ptolemy/actor/lib/test/auto/PublisherSubscriberChannelVariablesAOC2.xml
----------------- Instantiating /home/travis/build/icyphy/ptII/ptolemy/actor/lib/test/auto/PublisherSubscriberChannelVariablesAOC2.xml
2 ms. Memory: 1628160K Free: 1140492K (70%)
----------------- Invoking toplevel() on ptolemy.moml.MoMLSimpleApplication@19c1b6a0
----------------- Done invoking toplevel() on ptolemy.moml.MoMLSimpleApplication@19c1b6a0
reloadAllAccessors: .PublisherSubscriberChannelVariablesAOC2

===========================================================================================
----------------- testing Sun Jan 27 03:20:17 UTC 2019 /home/travis/build/icyphy/ptII/ptolemy/actor/lib/test/auto/PublisherSubscriberD3.xml
----------------- Instantiating /home/travis/build/icyphy/ptII/ptolemy/actor/lib/test/auto/PublisherSubscriberD3.xml
2 ms. Memory: 1628160K Free: 1114362K (68%)
----------------- Invoking toplevel() on ptolemy.moml.MoMLSimpleApplication@674a64d2
----------------- Done invoking toplevel() on ptolemy.moml.MoMLSimpleApplication@674a64d2
reloadAllAccessors: .PublisherSubscriberD3

===========================================================================================
----------------- testing Sun Jan 27 03:20:17 UTC 2019 /home/travis/build/icyphy/ptII/ptolemy/actor/lib/test/auto/PublisherSubscriberD3Reverse.xml
----------------- Instantiating /home/travis/build/icyphy/ptII/ptolemy/actor/lib/test/auto/PublisherSubscriberD3Reverse.xml
2 ms. Memory: 1628160K Free: 1094210K (67%)
----------------- Invoking toplevel() on ptolemy.moml.MoMLSimpleApplication@39e7bbbc
----------------- Done invoking toplevel() on ptolemy.moml.MoMLSimpleApplication@39e7bbbc
reloadAllAccessors: .PublisherSubscriberD3Reverse

===========================================================================================
----------------- testing Sun Jan 27 03:20:17 UTC 2019 /home/travis/build/icyphy/ptII/ptolemy/actor/lib/test/auto/PublisherSubscriberExpression.xml
----------------- Instantiating /home/travis/build/icyphy/ptII/ptolemy/actor/lib/test/auto/PublisherSubscriberExpression.xml
3 ms. Memory: 1628160K Free: 1074057K (66%)
----------------- Invoking toplevel() on ptolemy.moml.MoMLSimpleApplication@70937e5c
----------------- Done invoking toplevel() on ptolemy.moml.MoMLSimpleApplication@70937e5c
reloadAllAccessors: .PublisherSubscriberExpression

===========================================================================================
----------------- testing Sun Jan 27 03:20:17 UTC 2019 /home/travis/build/icyphy/ptII/ptolemy/actor/lib/test/auto/PublisherSubscriberOpaque.xml
----------------- Instantiating /home/travis/build/icyphy/ptII/ptolemy/actor/lib/test/auto/PublisherSubscriberOpaque.xml
4 ms. Memory: 1628160K Free: 1047927K (64%)
----------------- Invoking toplevel() on ptolemy.moml.MoMLSimpleApplication@8662505
----------------- Done invoking toplevel() on ptolemy.moml.MoMLSimpleApplication@8662505
reloadAllAccessors: .PublisherSubscriberOpaque

===========================================================================================
----------------- testing Sun Jan 27 03:20:17 UTC 2019 /home/travis/build/icyphy/ptII/ptolemy/actor/lib/test/auto/PublisherSubscriberOpaqueD3.xml
----------------- Instantiating /home/travis/build/icyphy/ptII/ptolemy/actor/lib/test/auto/PublisherSubscriberOpaqueD3.xml
4 ms. Memory: 1628160K Free: 1027775K (63%)
----------------- Invoking toplevel() on ptolemy.moml.MoMLSimpleApplication@1f47f591
----------------- Done invoking toplevel() on ptolemy.moml.MoMLSimpleApplication@1f47f591
reloadAllAccessors: .PublisherSubscriberOpaqueD3

===========================================================================================
----------------- testing Sun Jan 27 03:20:17 UTC 2019 /home/travis/build/icyphy/ptII/ptolemy/actor/lib/test/auto/PublisherSubscriberOpaqueD3Reverse.xml
----------------- Instantiating /home/travis/build/icyphy/ptII/ptolemy/actor/lib/test/auto/PublisherSubscriberOpaqueD3Reverse.xml
5 ms. Memory: 1628160K Free: 1001645K (62%)
----------------- Invoking toplevel() on ptolemy.moml.MoMLSimpleApplication@630c39c0
----------------- Done invoking toplevel() on ptolemy.moml.MoMLSimpleApplication@630c39c0
reloadAllAccessors: .PublisherSubscriberOpaqueD3Reverse

===========================================================================================
----------------- testing Sun Jan 27 03:20:17 UTC 2019 /home/travis/build/icyphy/ptII/ptolemy/actor/lib/test/auto/PublisherSubscriberOpaqueWidthInference.xml
----------------- Instantiating /home/travis/build/icyphy/ptII/ptolemy/actor/lib/test/auto/PublisherSubscriberOpaqueWidthInference.xml
3 ms. Memory: 1628160K Free: 981493K (60%)
----------------- Invoking toplevel() on ptolemy.moml.MoMLSimpleApplication@5a003e08
----------------- Done invoking toplevel() on ptolemy.moml.MoMLSimpleApplication@5a003e08
reloadAllAccessors: .PublisherSubscriberOpaqueWidthInference

===========================================================================================
----------------- testing Sun Jan 27 03:20:17 UTC 2019 /home/travis/build/icyphy/ptII/ptolemy/actor/lib/test/auto/PublisherTestSubscriber.xml
----------------- Instantiating /home/travis/build/icyphy/ptII/ptolemy/actor/lib/test/auto/PublisherTestSubscriber.xml
2 ms. Memory: 1628160K Free: 961341K (59%)
----------------- Invoking toplevel() on ptolemy.moml.MoMLSimpleApplication@3716c7c
----------------- Done invoking toplevel() on ptolemy.moml.MoMLSimpleApplication@3716c7c
reloadAllAccessors: .PublisherTestSubscriber

===========================================================================================
----------------- testing Sun Jan 27 03:20:17 UTC 2019 /home/travis/build/icyphy/ptII/ptolemy/actor/lib/test/auto/PublisherToplevelSubscriberPortAOC.xml
----------------- Instantiating /home/travis/build/icyphy/ptII/ptolemy/actor/lib/test/auto/PublisherToplevelSubscriberPortAOC.xml
2 ms. Memory: 1628160K Free: 935211K (57%)
----------------- Invoking toplevel() on ptolemy.moml.MoMLSimpleApplication@19652c6e
----------------- Done invoking toplevel() on ptolemy.moml.MoMLSimpleApplication@19652c6e
reloadAllAccessors: .PublisherToplevelSubscriberPortAOC

===========================================================================================
----------------- testing Sun Jan 27 03:20:17 UTC 2019 /home/travis/build/icyphy/ptII/ptolemy/actor/lib/test/auto/PulseFiringLimitDE.xml
----------------- Instantiating /home/travis/build/icyphy/ptII/ptolemy/actor/lib/test/auto/PulseFiringLimitDE.xml
2 ms. Memory: 1628160K Free: 915059K (56%)
----------------- Invoking toplevel() on ptolemy.moml.MoMLSimpleApplication@4d30d69c
----------------- Done invoking toplevel() on ptolemy.moml.MoMLSimpleApplication@4d30d69c
reloadAllAccessors: .PulseFiringLimitDE

===========================================================================================
----------------- testing Sun Jan 27 03:20:17 UTC 2019 /home/travis/build/icyphy/ptII/ptolemy/actor/lib/test/auto/Ramp1.xml
----------------- Instantiating /home/travis/build/icyphy/ptII/ptolemy/actor/lib/test/auto/Ramp1.xml
1 ms. Memory: 1628160K Free: 888929K (55%)
----------------- Invoking toplevel() on ptolemy.moml.MoMLSimpleApplication@28fea9ec
----------------- Done invoking toplevel() on ptolemy.moml.MoMLSimpleApplication@28fea9ec
reloadAllAccessors: .Ramp1

===========================================================================================
----------------- testing Sun Jan 27 03:20:17 UTC 2019 /home/travis/build/icyphy/ptII/ptolemy/actor/lib/test/auto/RampFiringLimitDE.xml
----------------- Instantiating /home/travis/build/icyphy/ptII/ptolemy/actor/lib/test/auto/RampFiringLimitDE.xml
3 ms. Memory: 1628160K Free: 868776K (53%)
----------------- Invoking toplevel() on ptolemy.moml.MoMLSimpleApplication@5abe1eb9
----------------- Done invoking toplevel() on ptolemy.moml.MoMLSimpleApplication@5abe1eb9
reloadAllAccessors: .RampFiringLimitDE

===========================================================================================
----------------- testing Sun Jan 27 03:20:17 UTC 2019 /home/travis/build/icyphy/ptII/ptolemy/actor/lib/test/auto/RampFiringLimitSDF.xml
----------------- Instantiating /home/travis/build/icyphy/ptII/ptolemy/actor/lib/test/auto/RampFiringLimitSDF.xml
2 ms. Memory: 1628160K Free: 848624K (52%)
----------------- Invoking toplevel() on ptolemy.moml.MoMLSimpleApplication@33b305a8
----------------- Done invoking toplevel() on ptolemy.moml.MoMLSimpleApplication@33b305a8
reloadAllAccessors: .RampFiringLimitSDF

===========================================================================================
----------------- testing Sun Jan 27 03:20:17 UTC 2019 /home/travis/build/icyphy/ptII/ptolemy/actor/lib/test/auto/RandomInteger.xml
----------------- Instantiating /home/travis/build/icyphy/ptII/ptolemy/actor/lib/test/auto/RandomInteger.xml
1 ms. Memory: 1628160K Free: 822494K (51%)
----------------- Invoking toplevel() on ptolemy.moml.MoMLSimpleApplication@26c505f6
----------------- Done invoking toplevel() on ptolemy.moml.MoMLSimpleApplication@26c505f6
reloadAllAccessors: .RandomInteger

===========================================================================================
----------------- testing Sun Jan 27 03:20:17 UTC 2019 /home/travis/build/icyphy/ptII/ptolemy/actor/lib/test/auto/ReadFile1.xml
----------------- Instantiating /home/travis/build/icyphy/ptII/ptolemy/actor/lib/test/auto/ReadFile1.xml
1 ms. Memory: 1628160K Free: 802342K (49%)
----------------- Invoking toplevel() on ptolemy.moml.MoMLSimpleApplication@533de76d
----------------- Done invoking toplevel() on ptolemy.moml.MoMLSimpleApplication@533de76d
reloadAllAccessors: .ReadFile1

===========================================================================================
----------------- testing Sun Jan 27 03:20:17 UTC 2019 /home/travis/build/icyphy/ptII/ptolemy/actor/lib/test/auto/ReadFile2.xml
----------------- Instantiating /home/travis/build/icyphy/ptII/ptolemy/actor/lib/test/auto/ReadFile2.xml
1 ms. Memory: 1628160K Free: 776212K (48%)
----------------- Invoking toplevel() on ptolemy.moml.MoMLSimpleApplication@45e46ae9
----------------- Done invoking toplevel() on ptolemy.moml.MoMLSimpleApplication@45e46ae9
reloadAllAccessors: .ReadFile2

===========================================================================================
----------------- testing Sun Jan 27 03:20:17 UTC 2019 /home/travis/build/icyphy/ptII/ptolemy/actor/lib/test/auto/Reader.xml
----------------- Instantiating /home/travis/build/icyphy/ptII/ptolemy/actor/lib/test/auto/Reader.xml
actor.lib.Reader is obsolete, use actor.lib.io.ExpressionReader instead
7 ms. Memory: 1628160K Free: 756060K (46%)
----------------- Invoking toplevel() on ptolemy.moml.MoMLSimpleApplication@4cf9daa5
----------------- Done invoking toplevel() on ptolemy.moml.MoMLSimpleApplication@4cf9daa5
reloadAllAccessors: .Reader

===========================================================================================
----------------- testing Sun Jan 27 03:20:17 UTC 2019 /home/travis/build/icyphy/ptII/ptolemy/actor/lib/test/auto/RecordAssemblerDisplayNameTest.xml
----------------- Instantiating /home/travis/build/icyphy/ptII/ptolemy/actor/lib/test/auto/RecordAssemblerDisplayNameTest.xml
2724 ms. Memory: 1779712K Free: 1152700K (65%)
----------------- Invoking toplevel() on ptolemy.moml.MoMLSimpleApplication@449832c4
----------------- Done invoking toplevel() on ptolemy.moml.MoMLSimpleApplication@449832c4
reloadAllAccessors: .RecordAssemblerDisplayNameTest

===========================================================================================
----------------- testing Sun Jan 27 03:20:20 UTC 2019 /home/travis/build/icyphy/ptII/ptolemy/actor/lib/test/auto/RecordAssemblerTypeError.xml
----------------- Instantiating /home/travis/build/icyphy/ptII/ptolemy/actor/lib/test/auto/RecordAssemblerTypeError.xml
13 ms. Memory: 1779712K Free: 1120063K (63%)
----------------- Invoking toplevel() on ptolemy.moml.MoMLSimpleApplication@79ef30cb
----------------- Done invoking toplevel() on ptolemy.moml.MoMLSimpleApplication@79ef30cb
reloadAllAccessors: .RecordAssemblerTypeError

===========================================================================================
----------------- testing Sun Jan 27 03:20:20 UTC 2019 /home/travis/build/icyphy/ptII/ptolemy/actor/lib/test/auto/RecordDisassember.xml
----------------- Instantiating /home/travis/build/icyphy/ptII/ptolemy/actor/lib/test/auto/RecordDisassember.xml
4 ms. Memory: 1779712K Free: 1097849K (62%)
----------------- Invoking toplevel() on ptolemy.moml.MoMLSimpleApplication@7acd384a
----------------- Done invoking toplevel() on ptolemy.moml.MoMLSimpleApplication@7acd384a
reloadAllAccessors: .RecordDisassember

===========================================================================================
----------------- testing Sun Jan 27 03:20:20 UTC 2019 /home/travis/build/icyphy/ptII/ptolemy/actor/lib/test/auto/RecordDisassemberDisplayNameTest.xml
----------------- Instantiating /home/travis/build/icyphy/ptII/ptolemy/actor/lib/test/auto/RecordDisassemberDisplayNameTest.xml
6 ms. Memory: 1779712K Free: 1070765K (60%)
----------------- Invoking toplevel() on ptolemy.moml.MoMLSimpleApplication@527c7c53
----------------- Done invoking toplevel() on ptolemy.moml.MoMLSimpleApplication@527c7c53
reloadAllAccessors: .RecordDisassemberDisplayNameTest

===========================================================================================
----------------- testing Sun Jan 27 03:20:20 UTC 2019 /home/travis/build/icyphy/ptII/ptolemy/actor/lib/test/auto/RecordDisassembler.xml
----------------- Instantiating /home/travis/build/icyphy/ptII/ptolemy/actor/lib/test/auto/RecordDisassembler.xml
5 ms. Memory: 1779712K Free: 1048551K (59%)
----------------- Invoking toplevel() on ptolemy.moml.MoMLSimpleApplication@7b49b752
----------------- Done invoking toplevel() on ptolemy.moml.MoMLSimpleApplication@7b49b752
reloadAllAccessors: .RecordDisassembler

===========================================================================================
----------------- testing Sun Jan 27 03:20:20 UTC 2019 /home/travis/build/icyphy/ptII/ptolemy/actor/lib/test/auto/RecordDisassembler2.xml
----------------- Instantiating /home/travis/build/icyphy/ptII/ptolemy/actor/lib/test/auto/RecordDisassembler2.xml
3 ms. Memory: 1779712K Free: 1021468K (57%)
----------------- Invoking toplevel() on ptolemy.moml.MoMLSimpleApplication@6d0251de
----------------- Done invoking toplevel() on ptolemy.moml.MoMLSimpleApplication@6d0251de
reloadAllAccessors: .RecordDisassembler2

===========================================================================================
----------------- testing Sun Jan 27 03:20:20 UTC 2019 /home/travis/build/icyphy/ptII/ptolemy/actor/lib/test/auto/RecordUpdater.xml
----------------- Instantiating /home/travis/build/icyphy/ptII/ptolemy/actor/lib/test/auto/RecordUpdater.xml
2 ms. Memory: 1779712K Free: 999254K (56%)
----------------- Invoking toplevel() on ptolemy.moml.MoMLSimpleApplication@5863fa84
----------------- Done invoking toplevel() on ptolemy.moml.MoMLSimpleApplication@5863fa84
reloadAllAccessors: .RecordUpdater

===========================================================================================
----------------- testing Sun Jan 27 03:20:20 UTC 2019 /home/travis/build/icyphy/ptII/ptolemy/actor/lib/test/auto/RecordUpdater2.xml
----------------- Instantiating /home/travis/build/icyphy/ptII/ptolemy/actor/lib/test/auto/RecordUpdater2.xml
1 ms. Memory: 1779712K Free: 972170K (55%)
----------------- Invoking toplevel() on ptolemy.moml.MoMLSimpleApplication@72435a1
----------------- Done invoking toplevel() on ptolemy.moml.MoMLSimpleApplication@72435a1
reloadAllAccessors: .RecordUpdater2

===========================================================================================
----------------- testing Sun Jan 27 03:20:20 UTC 2019 /home/travis/build/icyphy/ptII/ptolemy/actor/lib/test/auto/RecursiveLattice.xml
----------------- Instantiating /home/travis/build/icyphy/ptII/ptolemy/actor/lib/test/auto/RecursiveLattice.xml
1 ms. Memory: 1779712K Free: 949956K (53%)
----------------- Invoking toplevel() on ptolemy.moml.MoMLSimpleApplication@67b4ccec
----------------- Done invoking toplevel() on ptolemy.moml.MoMLSimpleApplication@67b4ccec
reloadAllAccessors: .RecursiveLattice

===========================================================================================
----------------- testing Sun Jan 27 03:20:20 UTC 2019 /home/travis/build/icyphy/ptII/ptolemy/actor/lib/test/auto/Router.xml
----------------- Instantiating /home/travis/build/icyphy/ptII/ptolemy/actor/lib/test/auto/Router.xml
3005 ms. Memory: 1779712K Free: 922873K (52%)
----------------- Invoking toplevel() on ptolemy.moml.MoMLSimpleApplication@79042e87
----------------- Done invoking toplevel() on ptolemy.moml.MoMLSimpleApplication@79042e87
reloadAllAccessors: .Router

===========================================================================================
----------------- testing Sun Jan 27 03:20:23 UTC 2019 /home/travis/build/icyphy/ptII/ptolemy/actor/lib/test/auto/Router2.xml
----------------- Instantiating /home/travis/build/icyphy/ptII/ptolemy/actor/lib/test/auto/Router2.xml
3003 ms. Memory: 1779712K Free: 900659K (51%)
----------------- Invoking toplevel() on ptolemy.moml.MoMLSimpleApplication@52010e5a
----------------- Done invoking toplevel() on ptolemy.moml.MoMLSimpleApplication@52010e5a
reloadAllAccessors: .Router2

===========================================================================================
----------------- testing Sun Jan 27 03:20:26 UTC 2019 /home/travis/build/icyphy/ptII/ptolemy/actor/lib/test/auto/RunningMaximum.xml
----------------- Instantiating /home/travis/build/icyphy/ptII/ptolemy/actor/lib/test/auto/RunningMaximum.xml
5 ms. Memory: 1779712K Free: 873575K (49%)
----------------- Invoking toplevel() on ptolemy.moml.MoMLSimpleApplication@566c49b8
----------------- Done invoking toplevel() on ptolemy.moml.MoMLSimpleApplication@566c49b8
reloadAllAccessors: .RunningMaximum

===========================================================================================
----------------- testing Sun Jan 27 03:20:26 UTC 2019 /home/travis/build/icyphy/ptII/ptolemy/actor/lib/test/auto/RunningMinimum.xml
----------------- Instantiating /home/travis/build/icyphy/ptII/ptolemy/actor/lib/test/auto/RunningMinimum.xml
1 ms. Memory: 1779712K Free: 851362K (48%)
----------------- Invoking toplevel() on ptolemy.moml.MoMLSimpleApplication@5cf8dc87
----------------- Done invoking toplevel() on ptolemy.moml.MoMLSimpleApplication@5cf8dc87
reloadAllAccessors: .RunningMinimum

===========================================================================================
----------------- testing Sun Jan 27 03:20:26 UTC 2019 /home/travis/build/icyphy/ptII/ptolemy/actor/lib/test/auto/Scale.xml
----------------- Instantiating /home/travis/build/icyphy/ptII/ptolemy/actor/lib/test/auto/Scale.xml
1 ms. Memory: 1779712K Free: 824278K (46%)
----------------- Invoking toplevel() on ptolemy.moml.MoMLSimpleApplication@3243a00c
----------------- Done invoking toplevel() on ptolemy.moml.MoMLSimpleApplication@3243a00c
reloadAllAccessors: .Scale

===========================================================================================
----------------- testing Sun Jan 27 03:20:26 UTC 2019 /home/travis/build/icyphy/ptII/ptolemy/actor/lib/test/auto/Scale2.xml
----------------- Instantiating /home/travis/build/icyphy/ptII/ptolemy/actor/lib/test/auto/Scale2.xml
2 ms. Memory: 1779712K Free: 802064K (45%)
----------------- Invoking toplevel() on ptolemy.moml.MoMLSimpleApplication@431c2335
----------------- Done invoking toplevel() on ptolemy.moml.MoMLSimpleApplication@431c2335
reloadAllAccessors: .Scale2

===========================================================================================
----------------- testing Sun Jan 27 03:20:26 UTC 2019 /home/travis/build/icyphy/ptII/ptolemy/actor/lib/test/auto/Scale3.xml
----------------- Instantiating /home/travis/build/icyphy/ptII/ptolemy/actor/lib/test/auto/Scale3.xml
2 ms. Memory: 1779712K Free: 774981K (44%)
----------------- Invoking toplevel() on ptolemy.moml.MoMLSimpleApplication@453572c0
----------------- Done invoking toplevel() on ptolemy.moml.MoMLSimpleApplication@453572c0
reloadAllAccessors: .Scale3

===========================================================================================
----------------- testing Sun Jan 27 03:20:26 UTC 2019 /home/travis/build/icyphy/ptII/ptolemy/actor/lib/test/auto/ScaleArray.xml
----------------- Instantiating /home/travis/build/icyphy/ptII/ptolemy/actor/lib/test/auto/ScaleArray.xml
1 ms. Memory: 1779712K Free: 752767K (42%)
----------------- Invoking toplevel() on ptolemy.moml.MoMLSimpleApplication@2ee83ab2
----------------- Done invoking toplevel() on ptolemy.moml.MoMLSimpleApplication@2ee83ab2
reloadAllAccessors: .ScaleArray

===========================================================================================
----------------- testing Sun Jan 27 03:20:26 UTC 2019 /home/travis/build/icyphy/ptII/ptolemy/actor/lib/test/auto/ScaleArray2.xml
----------------- Instantiating /home/travis/build/icyphy/ptII/ptolemy/actor/lib/test/auto/ScaleArray2.xml
1 ms. Memory: 1779712K Free: 725683K (41%)
----------------- Invoking toplevel() on ptolemy.moml.MoMLSimpleApplication@4fd238ba
----------------- Done invoking toplevel() on ptolemy.moml.MoMLSimpleApplication@4fd238ba
reloadAllAccessors: .ScaleArray2

===========================================================================================
----------------- testing Sun Jan 27 03:20:26 UTC 2019 /home/travis/build/icyphy/ptII/ptolemy/actor/lib/test/auto/ScaleMatrix.xml
----------------- Instantiating /home/travis/build/icyphy/ptII/ptolemy/actor/lib/test/auto/ScaleMatrix.xml
100 ms. Memory: 1779712K Free: 703407K (40%)
----------------- Invoking toplevel() on ptolemy.moml.MoMLSimpleApplication@54548c94
----------------- Done invoking toplevel() on ptolemy.moml.MoMLSimpleApplication@54548c94
reloadAllAccessors: .ScaleMatrix

===========================================================================================
----------------- testing Sun Jan 27 03:20:26 UTC 2019 /home/travis/build/icyphy/ptII/ptolemy/actor/lib/test/auto/Select.xml
----------------- Instantiating /home/travis/build/icyphy/ptII/ptolemy/actor/lib/test/auto/Select.xml
2 ms. Memory: 1779712K Free: 676324K (38%)
----------------- Invoking toplevel() on ptolemy.moml.MoMLSimpleApplication@89123c6
----------------- Done invoking toplevel() on ptolemy.moml.MoMLSimpleApplication@89123c6
reloadAllAccessors: .Select

===========================================================================================
----------------- testing Sun Jan 27 03:20:26 UTC 2019 /home/travis/build/icyphy/ptII/ptolemy/actor/lib/test/auto/Select2.xml
----------------- Instantiating /home/travis/build/icyphy/ptII/ptolemy/actor/lib/test/auto/Select2.xml
1 ms. Memory: 1779712K Free: 654110K (37%)
----------------- Invoking toplevel() on ptolemy.moml.MoMLSimpleApplication@683c62f5
----------------- Done invoking toplevel() on ptolemy.moml.MoMLSimpleApplication@683c62f5
reloadAllAccessors: .Select2

===========================================================================================
----------------- testing Sun Jan 27 03:20:26 UTC 2019 /home/travis/build/icyphy/ptII/ptolemy/actor/lib/test/auto/SequenceToArray2.xml
----------------- Instantiating /home/travis/build/icyphy/ptII/ptolemy/actor/lib/test/auto/SequenceToArray2.xml
79 ms. Memory: 1779712K Free: 515940K (29%)
----------------- Invoking toplevel() on ptolemy.moml.MoMLSimpleApplication@739613d0
----------------- Done invoking toplevel() on ptolemy.moml.MoMLSimpleApplication@739613d0
reloadAllAccessors: .SequenceToArray2

===========================================================================================
----------------- testing Sun Jan 27 03:20:26 UTC 2019 /home/travis/build/icyphy/ptII/ptolemy/actor/lib/test/auto/SequentialClock.xml
----------------- Instantiating /home/travis/build/icyphy/ptII/ptolemy/actor/lib/test/auto/SequentialClock.xml
1 ms. Memory: 1779712K Free: 493726K (28%)
----------------- Invoking toplevel() on ptolemy.moml.MoMLSimpleApplication@67e0b50b
----------------- Done invoking toplevel() on ptolemy.moml.MoMLSimpleApplication@67e0b50b
reloadAllAccessors: .SequentialClock

===========================================================================================
----------------- testing Sun Jan 27 03:20:26 UTC 2019 /home/travis/build/icyphy/ptII/ptolemy/actor/lib/test/auto/SetVariable.xml
----------------- Instantiating /home/travis/build/icyphy/ptII/ptolemy/actor/lib/test/auto/SetVariable.xml
2 ms. Memory: 1779712K Free: 466643K (26%)
----------------- Invoking toplevel() on ptolemy.moml.MoMLSimpleApplication@6d126b74
----------------- Done invoking toplevel() on ptolemy.moml.MoMLSimpleApplication@6d126b74
reloadAllAccessors: .SetVariable

===========================================================================================
----------------- testing Sun Jan 27 03:20:26 UTC 2019 /home/travis/build/icyphy/ptII/ptolemy/actor/lib/test/auto/SetVariable2.xml
----------------- Instantiating /home/travis/build/icyphy/ptII/ptolemy/actor/lib/test/auto/SetVariable2.xml
1 ms. Memory: 1779712K Free: 444429K (25%)
----------------- Invoking toplevel() on ptolemy.moml.MoMLSimpleApplication@222020d5
----------------- Done invoking toplevel() on ptolemy.moml.MoMLSimpleApplication@222020d5
reloadAllAccessors: .SetVariable2

===========================================================================================
----------------- testing Sun Jan 27 03:20:26 UTC 2019 /home/travis/build/icyphy/ptII/ptolemy/actor/lib/test/auto/SetVariable3.xml
----------------- Instantiating /home/travis/build/icyphy/ptII/ptolemy/actor/lib/test/auto/SetVariable3.xml
4 ms. Memory: 1779712K Free: 417345K (23%)
----------------- Invoking toplevel() on ptolemy.moml.MoMLSimpleApplication@329a8c1b
----------------- Done invoking toplevel() on ptolemy.moml.MoMLSimpleApplication@329a8c1b
reloadAllAccessors: .SetVariable3

===========================================================================================
----------------- testing Sun Jan 27 03:20:26 UTC 2019 /home/travis/build/icyphy/ptII/ptolemy/actor/lib/test/auto/SetVariable4.xml
----------------- Instantiating /home/travis/build/icyphy/ptII/ptolemy/actor/lib/test/auto/SetVariable4.xml
11 ms. Memory: 1779712K Free: 317382K (18%)
----------------- Invoking toplevel() on ptolemy.moml.MoMLSimpleApplication@225d1dc5
----------------- Done invoking toplevel() on ptolemy.moml.MoMLSimpleApplication@225d1dc5
reloadAllAccessors: .SetVariable4

===========================================================================================
----------------- testing Sun Jan 27 03:20:26 UTC 2019 /home/travis/build/icyphy/ptII/ptolemy/actor/lib/test/auto/SetVariable5.xml
----------------- Instantiating /home/travis/build/icyphy/ptII/ptolemy/actor/lib/test/auto/SetVariable5.xml
15 ms. Memory: 1779712K Free: 290299K (16%)
----------------- Invoking toplevel() on ptolemy.moml.MoMLSimpleApplication@33d9a6d0
----------------- Done invoking toplevel() on ptolemy.moml.MoMLSimpleApplication@33d9a6d0
reloadAllAccessors: .SetVariable5

===========================================================================================
----------------- testing Sun Jan 27 03:20:27 UTC 2019 /home/travis/build/icyphy/ptII/ptolemy/actor/lib/test/auto/Sinewave.xml
----------------- Instantiating /home/travis/build/icyphy/ptII/ptolemy/actor/lib/test/auto/Sinewave.xml
4 ms. Memory: 1779712K Free: 268085K (15%)
----------------- Invoking toplevel() on ptolemy.moml.MoMLSimpleApplication@6b8202f5
----------------- Done invoking toplevel() on ptolemy.moml.MoMLSimpleApplication@6b8202f5
reloadAllAccessors: .Sinewave

===========================================================================================
----------------- testing Sun Jan 27 03:20:27 UTC 2019 /home/travis/build/icyphy/ptII/ptolemy/actor/lib/test/auto/Sinewave2.xml
----------------- Instantiating /home/travis/build/icyphy/ptII/ptolemy/actor/lib/test/auto/Sinewave2.xml
8 ms. Memory: 1779712K Free: 241001K (14%)
----------------- Invoking toplevel() on ptolemy.moml.MoMLSimpleApplication@42ff2fff
----------------- Done invoking toplevel() on ptolemy.moml.MoMLSimpleApplication@42ff2fff
reloadAllAccessors: .Sinewave2

===========================================================================================
----------------- testing Sun Jan 27 03:20:27 UTC 2019 /home/travis/build/icyphy/ptII/ptolemy/actor/lib/test/auto/Sinewave3.xml
----------------- Instantiating /home/travis/build/icyphy/ptII/ptolemy/actor/lib/test/auto/Sinewave3.xml
10 ms. Memory: 1779712K Free: 218787K (12%)
----------------- Invoking toplevel() on ptolemy.moml.MoMLSimpleApplication@2b91d326
----------------- Done invoking toplevel() on ptolemy.moml.MoMLSimpleApplication@2b91d326
reloadAllAccessors: .Sinewave3

===========================================================================================
----------------- testing Sun Jan 27 03:20:27 UTC 2019 /home/travis/build/icyphy/ptII/ptolemy/actor/lib/test/auto/SingleEvent.xml
----------------- Instantiating /home/travis/build/icyphy/ptII/ptolemy/actor/lib/test/auto/SingleEvent.xml
2 ms. Memory: 1779712K Free: 191704K (11%)
----------------- Invoking toplevel() on ptolemy.moml.MoMLSimpleApplication@4ad73d46
----------------- Done invoking toplevel() on ptolemy.moml.MoMLSimpleApplication@4ad73d46
reloadAllAccessors: .SingleEvent

===========================================================================================
----------------- testing Sun Jan 27 03:20:27 UTC 2019 /home/travis/build/icyphy/ptII/ptolemy/actor/lib/test/auto/Sleep.xml
----------------- Instantiating /home/travis/build/icyphy/ptII/ptolemy/actor/lib/test/auto/Sleep.xml
6003 ms. Memory: 1779712K Free: 169490K (10%)
----------------- Invoking toplevel() on ptolemy.moml.MoMLSimpleApplication@64fe6180
----------------- Done invoking toplevel() on ptolemy.moml.MoMLSimpleApplication@64fe6180
reloadAllAccessors: .Sleep

===========================================================================================
----------------- testing Sun Jan 27 03:20:33 UTC 2019 /home/travis/build/icyphy/ptII/ptolemy/actor/lib/test/auto/SleepMultipleFire.xml
----------------- Instantiating /home/travis/build/icyphy/ptII/ptolemy/actor/lib/test/auto/SleepMultipleFire.xml
1010 ms. Memory: 1779712K Free: 142407K (8%)
----------------- Invoking toplevel() on ptolemy.moml.MoMLSimpleApplication@389b767c
----------------- Done invoking toplevel() on ptolemy.moml.MoMLSimpleApplication@389b767c
reloadAllAccessors: .SleepMultipleFire

===========================================================================================
----------------- testing Sun Jan 27 03:20:34 UTC 2019 /home/travis/build/icyphy/ptII/ptolemy/actor/lib/test/auto/StopDE.xml
----------------- Instantiating /home/travis/build/icyphy/ptII/ptolemy/actor/lib/test/auto/StopDE.xml
2 ms. Memory: 1779712K Free: 120193K (7%)
----------------- Invoking toplevel() on ptolemy.moml.MoMLSimpleApplication@5b871394
----------------- Done invoking toplevel() on ptolemy.moml.MoMLSimpleApplication@5b871394
reloadAllAccessors: .StopDE

===========================================================================================
----------------- testing Sun Jan 27 03:20:34 UTC 2019 /home/travis/build/icyphy/ptII/ptolemy/actor/lib/test/auto/StopSDF.xml
----------------- Instantiating /home/travis/build/icyphy/ptII/ptolemy/actor/lib/test/auto/StopSDF.xml
4 ms. Memory: 1779712K Free: 93109K (5%)
----------------- Invoking toplevel() on ptolemy.moml.MoMLSimpleApplication@47caae12
----------------- Done invoking toplevel() on ptolemy.moml.MoMLSimpleApplication@47caae12
reloadAllAccessors: .StopSDF

===========================================================================================
----------------- testing Sun Jan 27 03:20:34 UTC 2019 /home/travis/build/icyphy/ptII/ptolemy/actor/lib/test/auto/StringConstant.xml
----------------- Instantiating /home/travis/build/icyphy/ptII/ptolemy/actor/lib/test/auto/StringConstant.xml
5 ms. Memory: 1779712K Free: 74862K (4%)
----------------- Invoking toplevel() on ptolemy.moml.MoMLSimpleApplication@73027c23
----------------- Done invoking toplevel() on ptolemy.moml.MoMLSimpleApplication@73027c23
reloadAllAccessors: .StringConstant

===========================================================================================
----------------- testing Sun Jan 27 03:20:34 UTC 2019 /home/travis/build/icyphy/ptII/ptolemy/actor/lib/test/auto/SubscriberPortInitialValues1.xml
----------------- Instantiating /home/travis/build/icyphy/ptII/ptolemy/actor/lib/test/auto/SubscriberPortInitialValues1.xml
4 ms. Memory: 1781248K Free: 1716292K (96%)
----------------- Invoking toplevel() on ptolemy.moml.MoMLSimpleApplication@581dc17b
----------------- Done invoking toplevel() on ptolemy.moml.MoMLSimpleApplication@581dc17b
reloadAllAccessors: .SubscriberPortInitialValues1

===========================================================================================
----------------- testing Sun Jan 27 03:20:34 UTC 2019 /home/travis/build/icyphy/ptII/ptolemy/actor/lib/test/auto/SubscriberPortInitialValues13.xml
----------------- Instantiating /home/travis/build/icyphy/ptII/ptolemy/actor/lib/test/auto/SubscriberPortInitialValues13.xml
4 ms. Memory: 1781248K Free: 1690264K (95%)
----------------- Invoking toplevel() on ptolemy.moml.MoMLSimpleApplication@63d7e910
----------------- Done invoking toplevel() on ptolemy.moml.MoMLSimpleApplication@63d7e910
reloadAllAccessors: .SubscriberPortInitialValues13

===========================================================================================
----------------- testing Sun Jan 27 03:20:34 UTC 2019 /home/travis/build/icyphy/ptII/ptolemy/actor/lib/test/auto/SubscriberPortInitialValues14.xml
----------------- Instantiating /home/travis/build/icyphy/ptII/ptolemy/actor/lib/test/auto/SubscriberPortInitialValues14.xml
3 ms. Memory: 1781248K Free: 1668050K (94%)
----------------- Invoking toplevel() on ptolemy.moml.MoMLSimpleApplication@5bd1fb72
----------------- Done invoking toplevel() on ptolemy.moml.MoMLSimpleApplication@5bd1fb72
reloadAllAccessors: .SubscriberPortInitialValues14

===========================================================================================
----------------- testing Sun Jan 27 03:20:34 UTC 2019 /home/travis/build/icyphy/ptII/ptolemy/actor/lib/test/auto/SubscriberPortInitialValues2.xml
----------------- Instantiating /home/travis/build/icyphy/ptII/ptolemy/actor/lib/test/auto/SubscriberPortInitialValues2.xml
3 ms. Memory: 1781248K Free: 1642022K (92%)
----------------- Invoking toplevel() on ptolemy.moml.MoMLSimpleApplication@5d2ec757
----------------- Done invoking toplevel() on ptolemy.moml.MoMLSimpleApplication@5d2ec757
reloadAllAccessors: .SubscriberPortInitialValues2

===========================================================================================
----------------- testing Sun Jan 27 03:20:34 UTC 2019 /home/travis/build/icyphy/ptII/ptolemy/actor/lib/test/auto/SubscriberPortInitialValues3.xml
----------------- Instantiating /home/travis/build/icyphy/ptII/ptolemy/actor/lib/test/auto/SubscriberPortInitialValues3.xml
3 ms. Memory: 1781248K Free: 1615995K (91%)
----------------- Invoking toplevel() on ptolemy.moml.MoMLSimpleApplication@28e50403
----------------- Done invoking toplevel() on ptolemy.moml.MoMLSimpleApplication@28e50403
reloadAllAccessors: .SubscriberPortInitialValues3

===========================================================================================
----------------- testing Sun Jan 27 03:20:34 UTC 2019 /home/travis/build/icyphy/ptII/ptolemy/actor/lib/test/auto/SubscriptionAggregator.xml
----------------- Instantiating /home/travis/build/icyphy/ptII/ptolemy/actor/lib/test/auto/SubscriptionAggregator.xml
1 ms. Memory: 1781248K Free: 1593781K (89%)
----------------- Invoking toplevel() on ptolemy.moml.MoMLSimpleApplication@705ea4b6
----------------- Done invoking toplevel() on ptolemy.moml.MoMLSimpleApplication@705ea4b6
reloadAllAccessors: .SubscriptionAggregator

===========================================================================================
----------------- testing Sun Jan 27 03:20:34 UTC 2019 /home/travis/build/icyphy/ptII/ptolemy/actor/lib/test/auto/SubscriptionAggregator2.xml
----------------- Instantiating /home/travis/build/icyphy/ptII/ptolemy/actor/lib/test/auto/SubscriptionAggregator2.xml
1 ms. Memory: 1781248K Free: 1567753K (88%)
----------------- Invoking toplevel() on ptolemy.moml.MoMLSimpleApplication@7be133d7
----------------- Done invoking toplevel() on ptolemy.moml.MoMLSimpleApplication@7be133d7
reloadAllAccessors: .SubscriptionAggregator2

===========================================================================================
----------------- testing Sun Jan 27 03:20:34 UTC 2019 /home/travis/build/icyphy/ptII/ptolemy/actor/lib/test/auto/SubscriptionAggregator3.xml
----------------- Instantiating /home/travis/build/icyphy/ptII/ptolemy/actor/lib/test/auto/SubscriptionAggregator3.xml
2 ms. Memory: 1781248K Free: 1541725K (87%)
----------------- Invoking toplevel() on ptolemy.moml.MoMLSimpleApplication@2860e619
----------------- Done invoking toplevel() on ptolemy.moml.MoMLSimpleApplication@2860e619
reloadAllAccessors: .SubscriptionAggregator3

===========================================================================================
----------------- testing Sun Jan 27 03:20:34 UTC 2019 /home/travis/build/icyphy/ptII/ptolemy/actor/lib/test/auto/SubscriptionAggregatorMultiply.xml
----------------- Instantiating /home/travis/build/icyphy/ptII/ptolemy/actor/lib/test/auto/SubscriptionAggregatorMultiply.xml
3 ms. Memory: 1781248K Free: 1519511K (85%)
----------------- Invoking toplevel() on ptolemy.moml.MoMLSimpleApplication@668508f0
----------------- Done invoking toplevel() on ptolemy.moml.MoMLSimpleApplication@668508f0
reloadAllAccessors: .SubscriptionAggregatorMultiply

===========================================================================================
----------------- testing Sun Jan 27 03:20:34 UTC 2019 /home/travis/build/icyphy/ptII/ptolemy/actor/lib/test/auto/SubscriptionAggregatorPortMultiply1.xml
----------------- Instantiating /home/travis/build/icyphy/ptII/ptolemy/actor/lib/test/auto/SubscriptionAggregatorPortMultiply1.xml
2 ms. Memory: 1781248K Free: 1493483K (84%)
----------------- Invoking toplevel() on ptolemy.moml.MoMLSimpleApplication@4fed394e
----------------- Done invoking toplevel() on ptolemy.moml.MoMLSimpleApplication@4fed394e
reloadAllAccessors: .SubscriptionAggregatorPortMultiply1

===========================================================================================
----------------- testing Sun Jan 27 03:20:34 UTC 2019 /home/travis/build/icyphy/ptII/ptolemy/actor/lib/test/auto/Switch.xml
----------------- Instantiating /home/travis/build/icyphy/ptII/ptolemy/actor/lib/test/auto/Switch.xml
2 ms. Memory: 1781248K Free: 1400773K (79%)
----------------- Invoking toplevel() on ptolemy.moml.MoMLSimpleApplication@20d79763
----------------- Done invoking toplevel() on ptolemy.moml.MoMLSimpleApplication@20d79763
reloadAllAccessors: .Switch

===========================================================================================
----------------- testing Sun Jan 27 03:20:34 UTC 2019 /home/travis/build/icyphy/ptII/ptolemy/actor/lib/test/auto/Switch2.xml
----------------- Instantiating /home/travis/build/icyphy/ptII/ptolemy/actor/lib/test/auto/Switch2.xml
1 ms. Memory: 1781248K Free: 1378559K (77%)
----------------- Invoking toplevel() on ptolemy.moml.MoMLSimpleApplication@50899d51
----------------- Done invoking toplevel() on ptolemy.moml.MoMLSimpleApplication@50899d51
reloadAllAccessors: .Switch2

===========================================================================================
----------------- testing Sun Jan 27 03:20:34 UTC 2019 /home/travis/build/icyphy/ptII/ptolemy/actor/lib/test/auto/SwitchDE.xml
----------------- Instantiating /home/travis/build/icyphy/ptII/ptolemy/actor/lib/test/auto/SwitchDE.xml
6 ms. Memory: 1781248K Free: 1352532K (76%)
----------------- Invoking toplevel() on ptolemy.moml.MoMLSimpleApplication@43039f4c
----------------- Done invoking toplevel() on ptolemy.moml.MoMLSimpleApplication@43039f4c
reloadAllAccessors: .SwitchDE

===========================================================================================
----------------- testing Sun Jan 27 03:20:34 UTC 2019 /home/travis/build/icyphy/ptII/ptolemy/actor/lib/test/auto/SynchronizerDE.xml
----------------- Instantiating /home/travis/build/icyphy/ptII/ptolemy/actor/lib/test/auto/SynchronizerDE.xml
6 ms. Memory: 1781248K Free: 1330318K (75%)
----------------- Invoking toplevel() on ptolemy.moml.MoMLSimpleApplication@66514fd7
----------------- Done invoking toplevel() on ptolemy.moml.MoMLSimpleApplication@66514fd7
reloadAllAccessors: .SynchronizerDE

===========================================================================================
----------------- testing Sun Jan 27 03:20:34 UTC 2019 /home/travis/build/icyphy/ptII/ptolemy/actor/lib/test/auto/Test.xml
----------------- Instantiating /home/travis/build/icyphy/ptII/ptolemy/actor/lib/test/auto/Test.xml
4 ms. Memory: 1781248K Free: 1304290K (73%)
----------------- Invoking toplevel() on ptolemy.moml.MoMLSimpleApplication@5fcfed72
----------------- Done invoking toplevel() on ptolemy.moml.MoMLSimpleApplication@5fcfed72
reloadAllAccessors: .Test

===========================================================================================
----------------- testing Sun Jan 27 03:20:34 UTC 2019 /home/travis/build/icyphy/ptII/ptolemy/actor/lib/test/auto/TestExceptionAttribute1.xml
----------------- Instantiating /home/travis/build/icyphy/ptII/ptolemy/actor/lib/test/auto/TestExceptionAttribute1.xml
1 ms. Memory: 1781248K Free: 1278262K (72%)
----------------- Invoking toplevel() on ptolemy.moml.MoMLSimpleApplication@5e877043
----------------- Done invoking toplevel() on ptolemy.moml.MoMLSimpleApplication@5e877043
reloadAllAccessors: .TestExceptionAttribute1

===========================================================================================
----------------- testing Sun Jan 27 03:20:34 UTC 2019 /home/travis/build/icyphy/ptII/ptolemy/actor/lib/test/auto/TestExceptionAttribute2.xml
----------------- Instantiating /home/travis/build/icyphy/ptII/ptolemy/actor/lib/test/auto/TestExceptionAttribute2.xml
1 ms. Memory: 1781248K Free: 1256048K (71%)
----------------- Invoking toplevel() on ptolemy.moml.MoMLSimpleApplication@7d4d719c
----------------- Done invoking toplevel() on ptolemy.moml.MoMLSimpleApplication@7d4d719c
reloadAllAccessors: .TestExceptionAttribute2

===========================================================================================
----------------- testing Sun Jan 27 03:20:34 UTC 2019 /home/travis/build/icyphy/ptII/ptolemy/actor/lib/test/auto/TestExceptionAttribute3.xml
----------------- Instantiating /home/travis/build/icyphy/ptII/ptolemy/actor/lib/test/auto/TestExceptionAttribute3.xml
.TestExceptionAttribute3.TestExceptionAttribute: initialize() was not invoked, but wrapup() was.  This is unusual, but not always a problem.  For example, exporting JNLP will do this.
0 ms. Memory: 1781248K Free: 1230021K (69%)
----------------- Invoking toplevel() on ptolemy.moml.MoMLSimpleApplication@5cd49942
----------------- Done invoking toplevel() on ptolemy.moml.MoMLSimpleApplication@5cd49942
reloadAllAccessors: .TestExceptionAttribute3

===========================================================================================
----------------- testing Sun Jan 27 03:20:34 UTC 2019 /home/travis/build/icyphy/ptII/ptolemy/actor/lib/test/auto/TestExceptionAttribute4.xml
----------------- Instantiating /home/travis/build/icyphy/ptII/ptolemy/actor/lib/test/auto/TestExceptionAttribute4.xml
.TestExceptionAttribute4.TestExceptionAttribute: initialize() was not invoked, but wrapup() was.  This is unusual, but not always a problem.  For example, exporting JNLP will do this.
.TestExceptionAttribute4.TestExceptionAttribute2: initialize() was not invoked, but wrapup() was.  This is unusual, but not always a problem.  For example, exporting JNLP will do this.
1 ms. Memory: 1781248K Free: 1203993K (68%)
----------------- Invoking toplevel() on ptolemy.moml.MoMLSimpleApplication@37c97038
----------------- Done invoking toplevel() on ptolemy.moml.MoMLSimpleApplication@37c97038
reloadAllAccessors: .TestExceptionAttribute4

===========================================================================================
----------------- testing Sun Jan 27 03:20:34 UTC 2019 /home/travis/build/icyphy/ptII/ptolemy/actor/lib/test/auto/TestExceptionHandler1.xml
----------------- Instantiating /home/travis/build/icyphy/ptII/ptolemy/actor/lib/test/auto/TestExceptionHandler1.xml
1 ms. Memory: 1781248K Free: 1181779K (66%)
----------------- Invoking toplevel() on ptolemy.moml.MoMLSimpleApplication@7520c588
----------------- Done invoking toplevel() on ptolemy.moml.MoMLSimpleApplication@7520c588
reloadAllAccessors: .TestExceptionHandler1

===========================================================================================
----------------- testing Sun Jan 27 03:20:34 UTC 2019 /home/travis/build/icyphy/ptII/ptolemy/actor/lib/test/auto/TestExceptionHandler2.xml
----------------- Instantiating /home/travis/build/icyphy/ptII/ptolemy/actor/lib/test/auto/TestExceptionHandler2.xml
1 ms. Memory: 1781248K Free: 1155751K (65%)
----------------- Invoking toplevel() on ptolemy.moml.MoMLSimpleApplication@5beb3e04
----------------- Done invoking toplevel() on ptolemy.moml.MoMLSimpleApplication@5beb3e04
reloadAllAccessors: .TestExceptionHandler2

===========================================================================================
----------------- testing Sun Jan 27 03:20:34 UTC 2019 /home/travis/build/icyphy/ptII/ptolemy/actor/lib/test/auto/TestExceptionHandler3.xml
----------------- Instantiating /home/travis/build/icyphy/ptII/ptolemy/actor/lib/test/auto/TestExceptionHandler3.xml
0 ms. Memory: 1781248K Free: 1129723K (63%)
----------------- Invoking toplevel() on ptolemy.moml.MoMLSimpleApplication@6c5e80cf
----------------- Done invoking toplevel() on ptolemy.moml.MoMLSimpleApplication@6c5e80cf
reloadAllAccessors: .TestExceptionHandler3

===========================================================================================
----------------- testing Sun Jan 27 03:20:34 UTC 2019 /home/travis/build/icyphy/ptII/ptolemy/actor/lib/test/auto/TestExceptionHandler4.xml
----------------- Instantiating /home/travis/build/icyphy/ptII/ptolemy/actor/lib/test/auto/TestExceptionHandler4.xml
0 ms. Memory: 1781248K Free: 1107509K (62%)
----------------- Invoking toplevel() on ptolemy.moml.MoMLSimpleApplication@3b58f2d9
----------------- Done invoking toplevel() on ptolemy.moml.MoMLSimpleApplication@3b58f2d9
reloadAllAccessors: .TestExceptionHandler4

===========================================================================================
----------------- testing Sun Jan 27 03:20:34 UTC 2019 /home/travis/build/icyphy/ptII/ptolemy/actor/lib/test/auto/TestRequireCorrectOrder.xml
----------------- Instantiating /home/travis/build/icyphy/ptII/ptolemy/actor/lib/test/auto/TestRequireCorrectOrder.xml
5 ms. Memory: 1781248K Free: 1081481K (61%)
----------------- Invoking toplevel() on ptolemy.moml.MoMLSimpleApplication@5e3d8935
----------------- Done invoking toplevel() on ptolemy.moml.MoMLSimpleApplication@5e3d8935
reloadAllAccessors: .TestRequireCorrectOrder

===========================================================================================
----------------- testing Sun Jan 27 03:20:34 UTC 2019 /home/travis/build/icyphy/ptII/ptolemy/actor/lib/test/auto/TestSimple.xml
----------------- Instantiating /home/travis/build/icyphy/ptII/ptolemy/actor/lib/test/auto/TestSimple.xml
1 ms. Memory: 1781248K Free: 1055453K (59%)
----------------- Invoking toplevel() on ptolemy.moml.MoMLSimpleApplication@61b977cc
----------------- Done invoking toplevel() on ptolemy.moml.MoMLSimpleApplication@61b977cc
reloadAllAccessors: .TestSimple

===========================================================================================
----------------- testing Sun Jan 27 03:20:34 UTC 2019 /home/travis/build/icyphy/ptII/ptolemy/actor/lib/test/auto/ThrowModelError.xml
----------------- Instantiating /home/travis/build/icyphy/ptII/ptolemy/actor/lib/test/auto/ThrowModelError.xml
1 ms. Memory: 1781248K Free: 1033239K (58%)
----------------- Invoking toplevel() on ptolemy.moml.MoMLSimpleApplication@2323f59b
----------------- Done invoking toplevel() on ptolemy.moml.MoMLSimpleApplication@2323f59b
reloadAllAccessors: .ThrowModelError

===========================================================================================
----------------- testing Sun Jan 27 03:20:34 UTC 2019 /home/travis/build/icyphy/ptII/ptolemy/actor/lib/test/auto/TimeDelayMicrosteps.xml
----------------- Instantiating /home/travis/build/icyphy/ptII/ptolemy/actor/lib/test/auto/TimeDelayMicrosteps.xml
2 ms. Memory: 1781248K Free: 1007212K (57%)
----------------- Invoking toplevel() on ptolemy.moml.MoMLSimpleApplication@af15fc9
----------------- Done invoking toplevel() on ptolemy.moml.MoMLSimpleApplication@af15fc9
reloadAllAccessors: .TimeDelayMicrosteps

===========================================================================================
----------------- testing Sun Jan 27 03:20:34 UTC 2019 /home/travis/build/icyphy/ptII/ptolemy/actor/lib/test/auto/TimeDelayMicrosteps2.xml
----------------- Instantiating /home/travis/build/icyphy/ptII/ptolemy/actor/lib/test/auto/TimeDelayMicrosteps2.xml
3 ms. Memory: 1781248K Free: 981184K (55%)
----------------- Invoking toplevel() on ptolemy.moml.MoMLSimpleApplication@1368c5c6
----------------- Done invoking toplevel() on ptolemy.moml.MoMLSimpleApplication@1368c5c6
reloadAllAccessors: .TimeDelayMicrosteps2

===========================================================================================
----------------- testing Sun Jan 27 03:20:34 UTC 2019 /home/travis/build/icyphy/ptII/ptolemy/actor/lib/test/auto/TimeDelayMicrosteps3.xml
----------------- Instantiating /home/travis/build/icyphy/ptII/ptolemy/actor/lib/test/auto/TimeDelayMicrosteps3.xml
2 ms. Memory: 1781248K Free: 958970K (54%)
----------------- Invoking toplevel() on ptolemy.moml.MoMLSimpleApplication@6f1cc97c
----------------- Done invoking toplevel() on ptolemy.moml.MoMLSimpleApplication@6f1cc97c
reloadAllAccessors: .TimeDelayMicrosteps3

===========================================================================================
----------------- testing Sun Jan 27 03:20:34 UTC 2019 /home/travis/build/icyphy/ptII/ptolemy/actor/lib/test/auto/TimeDelayVariableMicrosteps.xml
----------------- Instantiating /home/travis/build/icyphy/ptII/ptolemy/actor/lib/test/auto/TimeDelayVariableMicrosteps.xml
2 ms. Memory: 1781248K Free: 932942K (52%)
----------------- Invoking toplevel() on ptolemy.moml.MoMLSimpleApplication@4b03ccf
----------------- Done invoking toplevel() on ptolemy.moml.MoMLSimpleApplication@4b03ccf
reloadAllAccessors: .TimeDelayVariableMicrosteps

===========================================================================================
----------------- testing Sun Jan 27 03:20:34 UTC 2019 /home/travis/build/icyphy/ptII/ptolemy/actor/lib/test/auto/TimeGap.xml
----------------- Instantiating /home/travis/build/icyphy/ptII/ptolemy/actor/lib/test/auto/TimeGap.xml
2 ms. Memory: 1781248K Free: 906915K (51%)
----------------- Invoking toplevel() on ptolemy.moml.MoMLSimpleApplication@7a87bac0
----------------- Done invoking toplevel() on ptolemy.moml.MoMLSimpleApplication@7a87bac0
reloadAllAccessors: .TimeGap

===========================================================================================
----------------- testing Sun Jan 27 03:20:34 UTC 2019 /home/travis/build/icyphy/ptII/ptolemy/actor/lib/test/auto/TimeGap2.xml
----------------- Instantiating /home/travis/build/icyphy/ptII/ptolemy/actor/lib/test/auto/TimeGap2.xml
1 ms. Memory: 1781248K Free: 884701K (50%)
----------------- Invoking toplevel() on ptolemy.moml.MoMLSimpleApplication@67c1b6d
----------------- Done invoking toplevel() on ptolemy.moml.MoMLSimpleApplication@67c1b6d
reloadAllAccessors: .TimeGap2

===========================================================================================
----------------- testing Sun Jan 27 03:20:34 UTC 2019 /home/travis/build/icyphy/ptII/ptolemy/actor/lib/test/auto/TimedSinewave.xml
----------------- Instantiating /home/travis/build/icyphy/ptII/ptolemy/actor/lib/test/auto/TimedSinewave.xml
17 ms. Memory: 1781248K Free: 858673K (48%)
----------------- Invoking toplevel() on ptolemy.moml.MoMLSimpleApplication@4b569688
----------------- Done invoking toplevel() on ptolemy.moml.MoMLSimpleApplication@4b569688
reloadAllAccessors: .TimedSinewave

===========================================================================================
----------------- testing Sun Jan 27 03:20:34 UTC 2019 /home/travis/build/icyphy/ptII/ptolemy/actor/lib/test/auto/TimedSinewavePhase.xml
----------------- Instantiating /home/travis/build/icyphy/ptII/ptolemy/actor/lib/test/auto/TimedSinewavePhase.xml
6 ms. Memory: 1781248K Free: 821538K (46%)
----------------- Invoking toplevel() on ptolemy.moml.MoMLSimpleApplication@f3af702
----------------- Done invoking toplevel() on ptolemy.moml.MoMLSimpleApplication@f3af702
reloadAllAccessors: .TimedSinewavePhase

===========================================================================================
----------------- testing Sun Jan 27 03:20:34 UTC 2019 /home/travis/build/icyphy/ptII/ptolemy/actor/lib/test/auto/Timer.xml
----------------- Instantiating /home/travis/build/icyphy/ptII/ptolemy/actor/lib/test/auto/Timer.xml
2 ms. Memory: 1781248K Free: 799324K (45%)
----------------- Invoking toplevel() on ptolemy.moml.MoMLSimpleApplication@7979081f
----------------- Done invoking toplevel() on ptolemy.moml.MoMLSimpleApplication@7979081f
reloadAllAccessors: .Timer

===========================================================================================
----------------- testing Sun Jan 27 03:20:34 UTC 2019 /home/travis/build/icyphy/ptII/ptolemy/actor/lib/test/auto/TriangularDistTestModel.xml
----------------- Instantiating /home/travis/build/icyphy/ptII/ptolemy/actor/lib/test/auto/TriangularDistTestModel.xml
1 ms. Memory: 1781248K Free: 773296K (43%)
----------------- Invoking toplevel() on ptolemy.moml.MoMLSimpleApplication@6e118dd8
----------------- Done invoking toplevel() on ptolemy.moml.MoMLSimpleApplication@6e118dd8
reloadAllAccessors: .TriangularDistTestModel

===========================================================================================
----------------- testing Sun Jan 27 03:20:34 UTC 2019 /home/travis/build/icyphy/ptII/ptolemy/actor/lib/test/auto/TrigFunction.xml
----------------- Instantiating /home/travis/build/icyphy/ptII/ptolemy/actor/lib/test/auto/TrigFunction.xml
1 ms. Memory: 1781248K Free: 751082K (42%)
----------------- Invoking toplevel() on ptolemy.moml.MoMLSimpleApplication@37bc0d79
----------------- Done invoking toplevel() on ptolemy.moml.MoMLSimpleApplication@37bc0d79
reloadAllAccessors: .TrigFunction

===========================================================================================
----------------- testing Sun Jan 27 03:20:34 UTC 2019 /home/travis/build/icyphy/ptII/ptolemy/actor/lib/test/auto/TrigFunctionDE.xml
----------------- Instantiating /home/travis/build/icyphy/ptII/ptolemy/actor/lib/test/auto/TrigFunctionDE.xml
1 ms. Memory: 1781248K Free: 725054K (41%)
----------------- Invoking toplevel() on ptolemy.moml.MoMLSimpleApplication@51b13cce
----------------- Done invoking toplevel() on ptolemy.moml.MoMLSimpleApplication@51b13cce
reloadAllAccessors: .TrigFunctionDE

===========================================================================================
----------------- testing Sun Jan 27 03:20:34 UTC 2019 /home/travis/build/icyphy/ptII/ptolemy/actor/lib/test/auto/TrigFunctionInverse.xml
----------------- Instantiating /home/travis/build/icyphy/ptII/ptolemy/actor/lib/test/auto/TrigFunctionInverse.xml
1 ms. Memory: 1781248K Free: 699027K (39%)
----------------- Invoking toplevel() on ptolemy.moml.MoMLSimpleApplication@168dadc3
----------------- Done invoking toplevel() on ptolemy.moml.MoMLSimpleApplication@168dadc3
reloadAllAccessors: .TrigFunctionInverse

===========================================================================================
----------------- testing Sun Jan 27 03:20:34 UTC 2019 /home/travis/build/icyphy/ptII/ptolemy/actor/lib/test/auto/TrigFunctionTan.xml
----------------- Instantiating /home/travis/build/icyphy/ptII/ptolemy/actor/lib/test/auto/TrigFunctionTan.xml
1 ms. Memory: 1781248K Free: 676813K (38%)
----------------- Invoking toplevel() on ptolemy.moml.MoMLSimpleApplication@2a13b1d4
----------------- Done invoking toplevel() on ptolemy.moml.MoMLSimpleApplication@2a13b1d4
reloadAllAccessors: .TrigFunctionTan

===========================================================================================
----------------- testing Sun Jan 27 03:20:34 UTC 2019 /home/travis/build/icyphy/ptII/ptolemy/actor/lib/test/auto/TriggeredClock.xml
----------------- Instantiating /home/travis/build/icyphy/ptII/ptolemy/actor/lib/test/auto/TriggeredClock.xml
1 ms. Memory: 1781248K Free: 650785K (37%)
----------------- Invoking toplevel() on ptolemy.moml.MoMLSimpleApplication@26a61173
----------------- Done invoking toplevel() on ptolemy.moml.MoMLSimpleApplication@26a61173
reloadAllAccessors: .TriggeredClock

===========================================================================================
----------------- testing Sun Jan 27 03:20:34 UTC 2019 /home/travis/build/icyphy/ptII/ptolemy/actor/lib/test/auto/URLDirectoryReader.xml
----------------- Instantiating /home/travis/build/icyphy/ptII/ptolemy/actor/lib/test/auto/URLDirectoryReader.xml
24 ms. Memory: 1781248K Free: 624757K (35%)
----------------- Invoking toplevel() on ptolemy.moml.MoMLSimpleApplication@3874154e
----------------- Done invoking toplevel() on ptolemy.moml.MoMLSimpleApplication@3874154e
reloadAllAccessors: .URLDirectoryReader

===========================================================================================
----------------- testing Sun Jan 27 03:20:34 UTC 2019 /home/travis/build/icyphy/ptII/ptolemy/actor/lib/test/auto/URLDirectoryReader3.xml
----------------- Instantiating /home/travis/build/icyphy/ptII/ptolemy/actor/lib/test/auto/URLDirectoryReader3.xml
1094 ms. Memory: 1781248K Free: 558113K (31%)
----------------- Invoking toplevel() on ptolemy.moml.MoMLSimpleApplication@4bd981b3
----------------- Done invoking toplevel() on ptolemy.moml.MoMLSimpleApplication@4bd981b3
reloadAllAccessors: .URLDirectoryReader3

===========================================================================================
----------------- testing Sun Jan 27 03:20:36 UTC 2019 /home/travis/build/icyphy/ptII/ptolemy/actor/lib/test/auto/UnaryMathFunction.xml
----------------- Instantiating /home/travis/build/icyphy/ptII/ptolemy/actor/lib/test/auto/UnaryMathFunction.xml
2 ms. Memory: 1781248K Free: 532085K (30%)
----------------- Invoking toplevel() on ptolemy.moml.MoMLSimpleApplication@1e64941d
----------------- Done invoking toplevel() on ptolemy.moml.MoMLSimpleApplication@1e64941d
reloadAllAccessors: .UnaryMathFunction

===========================================================================================
----------------- testing Sun Jan 27 03:20:36 UTC 2019 /home/travis/build/icyphy/ptII/ptolemy/actor/lib/test/auto/Uniform.xml
----------------- Instantiating /home/travis/build/icyphy/ptII/ptolemy/actor/lib/test/auto/Uniform.xml
9 ms. Memory: 1781248K Free: 506057K (28%)
----------------- Invoking toplevel() on ptolemy.moml.MoMLSimpleApplication@1f223548
----------------- Done invoking toplevel() on ptolemy.moml.MoMLSimpleApplication@1f223548
reloadAllAccessors: .Uniform

===========================================================================================
----------------- testing Sun Jan 27 03:20:36 UTC 2019 /home/travis/build/icyphy/ptII/ptolemy/actor/lib/test/auto/UnionDisassemblerTest.xml
----------------- Instantiating /home/travis/build/icyphy/ptII/ptolemy/actor/lib/test/auto/UnionDisassemblerTest.xml
10 ms. Memory: 1781248K Free: 483843K (27%)
----------------- Invoking toplevel() on ptolemy.moml.MoMLSimpleApplication@4cccb645
----------------- Done invoking toplevel() on ptolemy.moml.MoMLSimpleApplication@4cccb645
reloadAllAccessors: .UnionDisassemblerTest

===========================================================================================
----------------- testing Sun Jan 27 03:20:36 UTC 2019 /home/travis/build/icyphy/ptII/ptolemy/actor/lib/test/auto/UtilityFunctions.xml
----------------- Instantiating /home/travis/build/icyphy/ptII/ptolemy/actor/lib/test/auto/UtilityFunctions.xml
1 ms. Memory: 1781248K Free: 457816K (26%)
----------------- Invoking toplevel() on ptolemy.moml.MoMLSimpleApplication@40b33a89
----------------- Done invoking toplevel() on ptolemy.moml.MoMLSimpleApplication@40b33a89
reloadAllAccessors: .UtilityFunctions

===========================================================================================
----------------- testing Sun Jan 27 03:20:36 UTC 2019 /home/travis/build/icyphy/ptII/ptolemy/actor/lib/test/auto/VariableSleep.xml
----------------- Instantiating /home/travis/build/icyphy/ptII/ptolemy/actor/lib/test/auto/VariableSleep.xml
514 ms. Memory: 1781248K Free: 431788K (24%)
----------------- Invoking toplevel() on ptolemy.moml.MoMLSimpleApplication@14de5c36
----------------- Done invoking toplevel() on ptolemy.moml.MoMLSimpleApplication@14de5c36
reloadAllAccessors: .VariableSleep

===========================================================================================
----------------- testing Sun Jan 27 03:20:36 UTC 2019 /home/travis/build/icyphy/ptII/ptolemy/actor/lib/test/auto/VectorAssemblerDisassemblerCT.xml
----------------- Instantiating /home/travis/build/icyphy/ptII/ptolemy/actor/lib/test/auto/VectorAssemblerDisassemblerCT.xml
41 ms. Memory: 1781248K Free: 398451K (22%)
----------------- Invoking toplevel() on ptolemy.moml.MoMLSimpleApplication@f9f656
----------------- Done invoking toplevel() on ptolemy.moml.MoMLSimpleApplication@f9f656
reloadAllAccessors: .VectorAssemblerDisassemblerCT

===========================================================================================
----------------- testing Sun Jan 27 03:20:36 UTC 2019 /home/travis/build/icyphy/ptII/ptolemy/actor/lib/test/auto/VectorAssemblerDisassemblerDE.xml
----------------- Instantiating /home/travis/build/icyphy/ptII/ptolemy/actor/lib/test/auto/VectorAssemblerDisassemblerDE.xml
2 ms. Memory: 1781248K Free: 372423K (21%)
----------------- Invoking toplevel() on ptolemy.moml.MoMLSimpleApplication@23b0ff99
----------------- Done invoking toplevel() on ptolemy.moml.MoMLSimpleApplication@23b0ff99
reloadAllAccessors: .VectorAssemblerDisassemblerDE

===========================================================================================
----------------- testing Sun Jan 27 03:20:36 UTC 2019 /home/travis/build/icyphy/ptII/ptolemy/actor/lib/test/auto/VectorAssemblerDisassemblerSDF.xml
----------------- Instantiating /home/travis/build/icyphy/ptII/ptolemy/actor/lib/test/auto/VectorAssemblerDisassemblerSDF.xml
2 ms. Memory: 1781248K Free: 346396K (19%)
----------------- Invoking toplevel() on ptolemy.moml.MoMLSimpleApplication@439a4307
----------------- Done invoking toplevel() on ptolemy.moml.MoMLSimpleApplication@439a4307
reloadAllAccessors: .VectorAssemblerDisassemblerSDF

===========================================================================================
----------------- testing Sun Jan 27 03:20:36 UTC 2019 /home/travis/build/icyphy/ptII/ptolemy/actor/lib/test/auto/WallClockTime.xml
----------------- Instantiating /home/travis/build/icyphy/ptII/ptolemy/actor/lib/test/auto/WallClockTime.xml
1009 ms. Memory: 1781248K Free: 324182K (18%)
----------------- Invoking toplevel() on ptolemy.moml.MoMLSimpleApplication@7b0f402
----------------- Done invoking toplevel() on ptolemy.moml.MoMLSimpleApplication@7b0f402
reloadAllAccessors: .WallClockTime

===========================================================================================
----------------- testing Sun Jan 27 03:20:38 UTC 2019 /home/travis/build/icyphy/ptII/ptolemy/actor/lib/test/auto/WidthTestWithSubscriberPublisher.xml
----------------- Instantiating /home/travis/build/icyphy/ptII/ptolemy/actor/lib/test/auto/WidthTestWithSubscriberPublisher.xml
5 ms. Memory: 1781248K Free: 287031K (16%)
----------------- Invoking toplevel() on ptolemy.moml.MoMLSimpleApplication@56904ce0
----------------- Done invoking toplevel() on ptolemy.moml.MoMLSimpleApplication@56904ce0
reloadAllAccessors: .WidthTestWithSubscriberPublisher

===========================================================================================
----------------- testing Sun Jan 27 03:20:38 UTC 2019 /home/travis/build/icyphy/ptII/ptolemy/actor/lib/test/auto/WidthTestWithSubscriberPublisher2.xml
----------------- Instantiating /home/travis/build/icyphy/ptII/ptolemy/actor/lib/test/auto/WidthTestWithSubscriberPublisher2.xml
2 ms. Memory: 1781248K Free: 261003K (15%)
----------------- Invoking toplevel() on ptolemy.moml.MoMLSimpleApplication@5c7802b
----------------- Done invoking toplevel() on ptolemy.moml.MoMLSimpleApplication@5c7802b
reloadAllAccessors: .WidthTestWithSubscriberPublisher2

===========================================================================================
----------------- testing Sun Jan 27 03:20:38 UTC 2019 /home/travis/build/icyphy/ptII/ptolemy/actor/lib/test/auto/WidthTestWithSubscriberPublisher3.xml
----------------- Instantiating /home/travis/build/icyphy/ptII/ptolemy/actor/lib/test/auto/WidthTestWithSubscriberPublisher3.xml
5 ms. Memory: 1781248K Free: 238789K (13%)
----------------- Invoking toplevel() on ptolemy.moml.MoMLSimpleApplication@47aa9ff7
----------------- Done invoking toplevel() on ptolemy.moml.MoMLSimpleApplication@47aa9ff7
reloadAllAccessors: .WidthTestWithSubscriberPublisher3

===========================================================================================
----------------- testing Sun Jan 27 03:20:38 UTC 2019 /home/travis/build/icyphy/ptII/ptolemy/actor/lib/test/auto/Writer.xml
----------------- Instantiating /home/travis/build/icyphy/ptII/ptolemy/actor/lib/test/auto/Writer.xml
0
1
2
3
4
1 ms. Memory: 1781248K Free: 212761K (12%)
----------------- Invoking toplevel() on ptolemy.moml.MoMLSimpleApplication@3d0bac9d
----------------- Done invoking toplevel() on ptolemy.moml.MoMLSimpleApplication@3d0bac9d
reloadAllAccessors: .Writer

===========================================================================================
----------------- testing Sun Jan 27 03:20:38 UTC 2019 /home/travis/build/icyphy/ptII/ptolemy/actor/lib/test/auto/array.xml
----------------- Instantiating /home/travis/build/icyphy/ptII/ptolemy/actor/lib/test/auto/array.xml
2 ms. Memory: 1781248K Free: 186733K (10%)
----------------- Invoking toplevel() on ptolemy.moml.MoMLSimpleApplication@37332c3
----------------- Done invoking toplevel() on ptolemy.moml.MoMLSimpleApplication@37332c3
reloadAllAccessors: .array

===========================================================================================
----------------- testing Sun Jan 27 03:20:38 UTC 2019 /home/travis/build/icyphy/ptII/ptolemy/actor/lib/test/auto/array2.xml
----------------- Instantiating /home/travis/build/icyphy/ptII/ptolemy/actor/lib/test/auto/array2.xml
6 ms. Memory: 1781248K Free: 164519K (9%)
----------------- Invoking toplevel() on ptolemy.moml.MoMLSimpleApplication@928efbd
----------------- Done invoking toplevel() on ptolemy.moml.MoMLSimpleApplication@928efbd
reloadAllAccessors: .array2

===========================================================================================
----------------- testing Sun Jan 27 03:20:38 UTC 2019 /home/travis/build/icyphy/ptII/ptolemy/actor/lib/test/auto/arrayType.xml
----------------- Instantiating /home/travis/build/icyphy/ptII/ptolemy/actor/lib/test/auto/arrayType.xml
6 ms. Memory: 1781248K Free: 138491K (8%)
----------------- Invoking toplevel() on ptolemy.moml.MoMLSimpleApplication@5b09049d
----------------- Done invoking toplevel() on ptolemy.moml.MoMLSimpleApplication@5b09049d
reloadAllAccessors: .arrayType

===========================================================================================
----------------- testing Sun Jan 27 03:20:38 UTC 2019 /home/travis/build/icyphy/ptII/ptolemy/actor/lib/test/auto/arrayType10.xml
----------------- Instantiating /home/travis/build/icyphy/ptII/ptolemy/actor/lib/test/auto/arrayType10.xml
2 ms. Memory: 1781248K Free: 112464K (6%)
----------------- Invoking toplevel() on ptolemy.moml.MoMLSimpleApplication@1ec39924
----------------- Done invoking toplevel() on ptolemy.moml.MoMLSimpleApplication@1ec39924
reloadAllAccessors: .arrayType10

===========================================================================================
----------------- testing Sun Jan 27 03:20:38 UTC 2019 /home/travis/build/icyphy/ptII/ptolemy/actor/lib/test/auto/arrayType11.xml
----------------- Instantiating /home/travis/build/icyphy/ptII/ptolemy/actor/lib/test/auto/arrayType11.xml
2 ms. Memory: 1781248K Free: 90250K (5%)
----------------- Invoking toplevel() on ptolemy.moml.MoMLSimpleApplication@46d2bdc8
----------------- Done invoking toplevel() on ptolemy.moml.MoMLSimpleApplication@46d2bdc8
reloadAllAccessors: .arrayType11

===========================================================================================
----------------- testing Sun Jan 27 03:20:38 UTC 2019 /home/travis/build/icyphy/ptII/ptolemy/actor/lib/test/auto/arrayType12.xml
----------------- Instantiating /home/travis/build/icyphy/ptII/ptolemy/actor/lib/test/auto/arrayType12.xml
14 ms. Memory: 1782272K Free: 1727521K (97%)
----------------- Invoking toplevel() on ptolemy.moml.MoMLSimpleApplication@36f3aa69
----------------- Done invoking toplevel() on ptolemy.moml.MoMLSimpleApplication@36f3aa69
reloadAllAccessors: .arrayType12

===========================================================================================
----------------- testing Sun Jan 27 03:20:38 UTC 2019 /home/travis/build/icyphy/ptII/ptolemy/actor/lib/test/auto/arrayType13.xml
----------------- Instantiating /home/travis/build/icyphy/ptII/ptolemy/actor/lib/test/auto/arrayType13.xml
1 ms. Memory: 1782272K Free: 1690863K (95%)
----------------- Invoking toplevel() on ptolemy.moml.MoMLSimpleApplication@76d6446
----------------- Done invoking toplevel() on ptolemy.moml.MoMLSimpleApplication@76d6446
reloadAllAccessors: .arrayType13

===========================================================================================
----------------- testing Sun Jan 27 03:20:38 UTC 2019 /home/travis/build/icyphy/ptII/ptolemy/actor/lib/test/auto/arrayType14.xml
----------------- Instantiating /home/travis/build/icyphy/ptII/ptolemy/actor/lib/test/auto/arrayType14.xml
2 ms. Memory: 1782272K Free: 1670619K (94%)
----------------- Invoking toplevel() on ptolemy.moml.MoMLSimpleApplication@3655c562
----------------- Done invoking toplevel() on ptolemy.moml.MoMLSimpleApplication@3655c562
reloadAllAccessors: .arrayType14

===========================================================================================
----------------- testing Sun Jan 27 03:20:38 UTC 2019 /home/travis/build/icyphy/ptII/ptolemy/actor/lib/test/auto/arrayType15.xml
----------------- Instantiating /home/travis/build/icyphy/ptII/ptolemy/actor/lib/test/auto/arrayType15.xml
1 ms. Memory: 1782272K Free: 1650374K (93%)
----------------- Invoking toplevel() on ptolemy.moml.MoMLSimpleApplication@78da9db9
----------------- Done invoking toplevel() on ptolemy.moml.MoMLSimpleApplication@78da9db9
reloadAllAccessors: .arrayType15

===========================================================================================
----------------- testing Sun Jan 27 03:20:38 UTC 2019 /home/travis/build/icyphy/ptII/ptolemy/actor/lib/test/auto/arrayType16.xml
----------------- Instantiating /home/travis/build/icyphy/ptII/ptolemy/actor/lib/test/auto/arrayType16.xml
1 ms. Memory: 1782272K Free: 1633683K (92%)
----------------- Invoking toplevel() on ptolemy.moml.MoMLSimpleApplication@64dab960
----------------- Done invoking toplevel() on ptolemy.moml.MoMLSimpleApplication@64dab960
reloadAllAccessors: .arrayType16

===========================================================================================
----------------- testing Sun Jan 27 03:20:38 UTC 2019 /home/travis/build/icyphy/ptII/ptolemy/actor/lib/test/auto/arrayType17.xml
----------------- Instantiating /home/travis/build/icyphy/ptII/ptolemy/actor/lib/test/auto/arrayType17.xml
1 ms. Memory: 1782272K Free: 1613438K (91%)
----------------- Invoking toplevel() on ptolemy.moml.MoMLSimpleApplication@42fb2b58
----------------- Done invoking toplevel() on ptolemy.moml.MoMLSimpleApplication@42fb2b58
reloadAllAccessors: .arrayType17

===========================================================================================
----------------- testing Sun Jan 27 03:20:38 UTC 2019 /home/travis/build/icyphy/ptII/ptolemy/actor/lib/test/auto/arrayType18.xml
----------------- Instantiating /home/travis/build/icyphy/ptII/ptolemy/actor/lib/test/auto/arrayType18.xml
1 ms. Memory: 1782272K Free: 1593194K (89%)
----------------- Invoking toplevel() on ptolemy.moml.MoMLSimpleApplication@6cf37d90
----------------- Done invoking toplevel() on ptolemy.moml.MoMLSimpleApplication@6cf37d90
reloadAllAccessors: .arrayType18

===========================================================================================
----------------- testing Sun Jan 27 03:20:38 UTC 2019 /home/travis/build/icyphy/ptII/ptolemy/actor/lib/test/auto/arrayType19.xml
----------------- Instantiating /home/travis/build/icyphy/ptII/ptolemy/actor/lib/test/auto/arrayType19.xml
1 ms. Memory: 1782272K Free: 1572949K (88%)
----------------- Invoking toplevel() on ptolemy.moml.MoMLSimpleApplication@6170675b
----------------- Done invoking toplevel() on ptolemy.moml.MoMLSimpleApplication@6170675b
reloadAllAccessors: .arrayType19

===========================================================================================
----------------- testing Sun Jan 27 03:20:38 UTC 2019 /home/travis/build/icyphy/ptII/ptolemy/actor/lib/test/auto/arrayType2.xml
----------------- Instantiating /home/travis/build/icyphy/ptII/ptolemy/actor/lib/test/auto/arrayType2.xml
1 ms. Memory: 1782272K Free: 1556258K (87%)
----------------- Invoking toplevel() on ptolemy.moml.MoMLSimpleApplication@60a92726
----------------- Done invoking toplevel() on ptolemy.moml.MoMLSimpleApplication@60a92726
reloadAllAccessors: .arrayType2

===========================================================================================
----------------- testing Sun Jan 27 03:20:38 UTC 2019 /home/travis/build/icyphy/ptII/ptolemy/actor/lib/test/auto/arrayType20.xml
----------------- Instantiating /home/travis/build/icyphy/ptII/ptolemy/actor/lib/test/auto/arrayType20.xml
1 ms. Memory: 1782272K Free: 1536013K (86%)
----------------- Invoking toplevel() on ptolemy.moml.MoMLSimpleApplication@7c1de4
----------------- Done invoking toplevel() on ptolemy.moml.MoMLSimpleApplication@7c1de4
reloadAllAccessors: .arrayType20

===========================================================================================
----------------- testing Sun Jan 27 03:20:38 UTC 2019 /home/travis/build/icyphy/ptII/ptolemy/actor/lib/test/auto/arrayType21.xml
----------------- Instantiating /home/travis/build/icyphy/ptII/ptolemy/actor/lib/test/auto/arrayType21.xml
1 ms. Memory: 1782272K Free: 1515769K (85%)
----------------- Invoking toplevel() on ptolemy.moml.MoMLSimpleApplication@742c1720
----------------- Done invoking toplevel() on ptolemy.moml.MoMLSimpleApplication@742c1720
reloadAllAccessors: .arrayType21

===========================================================================================
----------------- testing Sun Jan 27 03:20:38 UTC 2019 /home/travis/build/icyphy/ptII/ptolemy/actor/lib/test/auto/arrayType22.xml
----------------- Instantiating /home/travis/build/icyphy/ptII/ptolemy/actor/lib/test/auto/arrayType22.xml
1 ms. Memory: 1782272K Free: 1499077K (84%)
----------------- Invoking toplevel() on ptolemy.moml.MoMLSimpleApplication@2e01e6bc
----------------- Done invoking toplevel() on ptolemy.moml.MoMLSimpleApplication@2e01e6bc
reloadAllAccessors: .arrayType22

===========================================================================================
----------------- testing Sun Jan 27 03:20:38 UTC 2019 /home/travis/build/icyphy/ptII/ptolemy/actor/lib/test/auto/arrayType23.xml
----------------- Instantiating /home/travis/build/icyphy/ptII/ptolemy/actor/lib/test/auto/arrayType23.xml
1 ms. Memory: 1782272K Free: 1478833K (83%)
----------------- Invoking toplevel() on ptolemy.moml.MoMLSimpleApplication@5c6d9b35
----------------- Done invoking toplevel() on ptolemy.moml.MoMLSimpleApplication@5c6d9b35
reloadAllAccessors: .arrayType23

===========================================================================================
----------------- testing Sun Jan 27 03:20:38 UTC 2019 /home/travis/build/icyphy/ptII/ptolemy/actor/lib/test/auto/arrayType24.xml
----------------- Instantiating /home/travis/build/icyphy/ptII/ptolemy/actor/lib/test/auto/arrayType24.xml
3 ms. Memory: 1782272K Free: 1458588K (82%)
----------------- Invoking toplevel() on ptolemy.moml.MoMLSimpleApplication@36f56dd5
----------------- Done invoking toplevel() on ptolemy.moml.MoMLSimpleApplication@36f56dd5
reloadAllAccessors: .arrayType24

===========================================================================================
----------------- testing Sun Jan 27 03:20:38 UTC 2019 /home/travis/build/icyphy/ptII/ptolemy/actor/lib/test/auto/arrayType25.xml
----------------- Instantiating /home/travis/build/icyphy/ptII/ptolemy/actor/lib/test/auto/arrayType25.xml
3 ms. Memory: 1782272K Free: 1438317K (81%)
----------------- Invoking toplevel() on ptolemy.moml.MoMLSimpleApplication@49eb97e8
----------------- Done invoking toplevel() on ptolemy.moml.MoMLSimpleApplication@49eb97e8
reloadAllAccessors: .arrayType25

===========================================================================================
----------------- testing Sun Jan 27 03:20:38 UTC 2019 /home/travis/build/icyphy/ptII/ptolemy/actor/lib/test/auto/arrayType26.xml
----------------- Instantiating /home/travis/build/icyphy/ptII/ptolemy/actor/lib/test/auto/arrayType26.xml
1 ms. Memory: 1782272K Free: 1421626K (80%)
----------------- Invoking toplevel() on ptolemy.moml.MoMLSimpleApplication@233cc6bd
----------------- Done invoking toplevel() on ptolemy.moml.MoMLSimpleApplication@233cc6bd
reloadAllAccessors: .arrayType26

===========================================================================================
----------------- testing Sun Jan 27 03:20:38 UTC 2019 /home/travis/build/icyphy/ptII/ptolemy/actor/lib/test/auto/arrayType27.xml
----------------- Instantiating /home/travis/build/icyphy/ptII/ptolemy/actor/lib/test/auto/arrayType27.xml
1 ms. Memory: 1782272K Free: 1401382K (79%)
----------------- Invoking toplevel() on ptolemy.moml.MoMLSimpleApplication@55c1c4a9
----------------- Done invoking toplevel() on ptolemy.moml.MoMLSimpleApplication@55c1c4a9
reloadAllAccessors: .arrayType27

===========================================================================================
----------------- testing Sun Jan 27 03:20:38 UTC 2019 /home/travis/build/icyphy/ptII/ptolemy/actor/lib/test/auto/arrayType28.xml
----------------- Instantiating /home/travis/build/icyphy/ptII/ptolemy/actor/lib/test/auto/arrayType28.xml
1 ms. Memory: 1782272K Free: 1381137K (77%)
----------------- Invoking toplevel() on ptolemy.moml.MoMLSimpleApplication@2d4dd10
----------------- Done invoking toplevel() on ptolemy.moml.MoMLSimpleApplication@2d4dd10
reloadAllAccessors: .arrayType28

===========================================================================================
----------------- testing Sun Jan 27 03:20:38 UTC 2019 /home/travis/build/icyphy/ptII/ptolemy/actor/lib/test/auto/arrayType3.xml
----------------- Instantiating /home/travis/build/icyphy/ptII/ptolemy/actor/lib/test/auto/arrayType3.xml
1 ms. Memory: 1782272K Free: 1364446K (77%)
----------------- Invoking toplevel() on ptolemy.moml.MoMLSimpleApplication@4c5417cd
----------------- Done invoking toplevel() on ptolemy.moml.MoMLSimpleApplication@4c5417cd
reloadAllAccessors: .arrayType3

===========================================================================================
----------------- testing Sun Jan 27 03:20:38 UTC 2019 /home/travis/build/icyphy/ptII/ptolemy/actor/lib/test/auto/arrayType4.xml
----------------- Instantiating /home/travis/build/icyphy/ptII/ptolemy/actor/lib/test/auto/arrayType4.xml
1 ms. Memory: 1782272K Free: 1344202K (75%)
----------------- Invoking toplevel() on ptolemy.moml.MoMLSimpleApplication@61c0dce4
----------------- Done invoking toplevel() on ptolemy.moml.MoMLSimpleApplication@61c0dce4
reloadAllAccessors: .arrayType4

===========================================================================================
----------------- testing Sun Jan 27 03:20:38 UTC 2019 /home/travis/build/icyphy/ptII/ptolemy/actor/lib/test/auto/arrayType5.xml
----------------- Instantiating /home/travis/build/icyphy/ptII/ptolemy/actor/lib/test/auto/arrayType5.xml
1 ms. Memory: 1782272K Free: 1323957K (74%)
----------------- Invoking toplevel() on ptolemy.moml.MoMLSimpleApplication@2bee53d7
----------------- Done invoking toplevel() on ptolemy.moml.MoMLSimpleApplication@2bee53d7
reloadAllAccessors: .arrayType5

===========================================================================================
----------------- testing Sun Jan 27 03:20:38 UTC 2019 /home/travis/build/icyphy/ptII/ptolemy/actor/lib/test/auto/arrayType6.xml
----------------- Instantiating /home/travis/build/icyphy/ptII/ptolemy/actor/lib/test/auto/arrayType6.xml
1 ms. Memory: 1782272K Free: 1303712K (73%)
----------------- Invoking toplevel() on ptolemy.moml.MoMLSimpleApplication@36a1d73a
----------------- Done invoking toplevel() on ptolemy.moml.MoMLSimpleApplication@36a1d73a
reloadAllAccessors: .arrayType6

===========================================================================================
----------------- testing Sun Jan 27 03:20:38 UTC 2019 /home/travis/build/icyphy/ptII/ptolemy/actor/lib/test/auto/arrayType7.xml
----------------- Instantiating /home/travis/build/icyphy/ptII/ptolemy/actor/lib/test/auto/arrayType7.xml
2 ms. Memory: 1782272K Free: 1287021K (72%)
----------------- Invoking toplevel() on ptolemy.moml.MoMLSimpleApplication@6363ac7e
----------------- Done invoking toplevel() on ptolemy.moml.MoMLSimpleApplication@6363ac7e
reloadAllAccessors: .arrayType7

===========================================================================================
----------------- testing Sun Jan 27 03:20:38 UTC 2019 /home/travis/build/icyphy/ptII/ptolemy/actor/lib/test/auto/arrayType8.xml
----------------- Instantiating /home/travis/build/icyphy/ptII/ptolemy/actor/lib/test/auto/arrayType8.xml
1 ms. Memory: 1782272K Free: 1266776K (71%)
----------------- Invoking toplevel() on ptolemy.moml.MoMLSimpleApplication@3891bf0a
----------------- Done invoking toplevel() on ptolemy.moml.MoMLSimpleApplication@3891bf0a
reloadAllAccessors: .arrayType8

===========================================================================================
----------------- testing Sun Jan 27 03:20:38 UTC 2019 /home/travis/build/icyphy/ptII/ptolemy/actor/lib/test/auto/arrayType9.xml
----------------- Instantiating /home/travis/build/icyphy/ptII/ptolemy/actor/lib/test/auto/arrayType9.xml
0 ms. Memory: 1782272K Free: 1246532K (70%)
----------------- Invoking toplevel() on ptolemy.moml.MoMLSimpleApplication@6d545a5
----------------- Done invoking toplevel() on ptolemy.moml.MoMLSimpleApplication@6d545a5
reloadAllAccessors: .arrayType9

===========================================================================================
----------------- testing Sun Jan 27 03:20:38 UTC 2019 /home/travis/build/icyphy/ptII/ptolemy/actor/lib/test/auto/cast.xml
----------------- Instantiating /home/travis/build/icyphy/ptII/ptolemy/actor/lib/test/auto/cast.xml
2 ms. Memory: 1782272K Free: 1229840K (69%)
----------------- Invoking toplevel() on ptolemy.moml.MoMLSimpleApplication@5f44d76a
----------------- Done invoking toplevel() on ptolemy.moml.MoMLSimpleApplication@5f44d76a
reloadAllAccessors: .cast

===========================================================================================
----------------- testing Sun Jan 27 03:20:38 UTC 2019 /home/travis/build/icyphy/ptII/ptolemy/actor/lib/test/auto/compositeMultiPort.xml
----------------- Instantiating /home/travis/build/icyphy/ptII/ptolemy/actor/lib/test/auto/compositeMultiPort.xml
2 ms. Memory: 1782272K Free: 1209596K (68%)
----------------- Invoking toplevel() on ptolemy.moml.MoMLSimpleApplication@7efc273
----------------- Done invoking toplevel() on ptolemy.moml.MoMLSimpleApplication@7efc273
reloadAllAccessors: .compositeMultiPort

===========================================================================================
----------------- testing Sun Jan 27 03:20:38 UTC 2019 /home/travis/build/icyphy/ptII/ptolemy/actor/lib/test/auto/expressionCastInference.xml
----------------- Instantiating /home/travis/build/icyphy/ptII/ptolemy/actor/lib/test/auto/expressionCastInference.xml
1 ms. Memory: 1782272K Free: 1189351K (67%)
----------------- Invoking toplevel() on ptolemy.moml.MoMLSimpleApplication@15760cbc
----------------- Done invoking toplevel() on ptolemy.moml.MoMLSimpleApplication@15760cbc
reloadAllAccessors: .expressionCastInference

===========================================================================================
----------------- testing Sun Jan 27 03:20:38 UTC 2019 /home/travis/build/icyphy/ptII/ptolemy/actor/lib/test/auto/expressionCastInference2.xml
----------------- Instantiating /home/travis/build/icyphy/ptII/ptolemy/actor/lib/test/auto/expressionCastInference2.xml
1 ms. Memory: 1782272K Free: 1169107K (66%)
----------------- Invoking toplevel() on ptolemy.moml.MoMLSimpleApplication@56e969c1
----------------- Done invoking toplevel() on ptolemy.moml.MoMLSimpleApplication@56e969c1
reloadAllAccessors: .expressionCastInference2

===========================================================================================
----------------- testing Sun Jan 27 03:20:38 UTC 2019 /home/travis/build/icyphy/ptII/ptolemy/actor/lib/test/auto/expressionInference.xml
----------------- Instantiating /home/travis/build/icyphy/ptII/ptolemy/actor/lib/test/auto/expressionInference.xml
1 ms. Memory: 1782272K Free: 1152415K (65%)
----------------- Invoking toplevel() on ptolemy.moml.MoMLSimpleApplication@5b9bed7d
----------------- Done invoking toplevel() on ptolemy.moml.MoMLSimpleApplication@5b9bed7d
reloadAllAccessors: .expressionInference

===========================================================================================
----------------- testing Sun Jan 27 03:20:38 UTC 2019 /home/travis/build/icyphy/ptII/ptolemy/actor/lib/test/auto/expression_bug.xml
----------------- Instantiating /home/travis/build/icyphy/ptII/ptolemy/actor/lib/test/auto/expression_bug.xml
1 ms. Memory: 1782272K Free: 1132171K (64%)
----------------- Invoking toplevel() on ptolemy.moml.MoMLSimpleApplication@4dcbc142
----------------- Done invoking toplevel() on ptolemy.moml.MoMLSimpleApplication@4dcbc142
reloadAllAccessors: .expression_bug

===========================================================================================
----------------- testing Sun Jan 27 03:20:38 UTC 2019 /home/travis/build/icyphy/ptII/ptolemy/actor/lib/test/auto/factorial.xml
----------------- Instantiating /home/travis/build/icyphy/ptII/ptolemy/actor/lib/test/auto/factorial.xml
31 ms. Memory: 1782272K Free: 1111926K (62%)
----------------- Invoking toplevel() on ptolemy.moml.MoMLSimpleApplication@1f79c041
----------------- Done invoking toplevel() on ptolemy.moml.MoMLSimpleApplication@1f79c041
reloadAllAccessors: .factorial

===========================================================================================
----------------- testing Sun Jan 27 03:20:38 UTC 2019 /home/travis/build/icyphy/ptII/ptolemy/actor/lib/test/auto/filterTest1.xml
----------------- Instantiating /home/travis/build/icyphy/ptII/ptolemy/actor/lib/test/auto/filterTest1.xml
2 ms. Memory: 1782272K Free: 1091682K (61%)
----------------- Invoking toplevel() on ptolemy.moml.MoMLSimpleApplication@48c14264
----------------- Done invoking toplevel() on ptolemy.moml.MoMLSimpleApplication@48c14264
reloadAllAccessors: .filterTest1

===========================================================================================
----------------- testing Sun Jan 27 03:20:38 UTC 2019 /home/travis/build/icyphy/ptII/ptolemy/actor/lib/test/auto/funcApplyInConst.xml
----------------- Instantiating /home/travis/build/icyphy/ptII/ptolemy/actor/lib/test/auto/funcApplyInConst.xml
0 ms. Memory: 1782272K Free: 1074991K (60%)
----------------- Invoking toplevel() on ptolemy.moml.MoMLSimpleApplication@630452a0
----------------- Done invoking toplevel() on ptolemy.moml.MoMLSimpleApplication@630452a0
reloadAllAccessors: .funcApplyInConst

===========================================================================================
----------------- testing Sun Jan 27 03:20:38 UTC 2019 /home/travis/build/icyphy/ptII/ptolemy/actor/lib/test/auto/funcApplyInExpr.xml
----------------- Instantiating /home/travis/build/icyphy/ptII/ptolemy/actor/lib/test/auto/funcApplyInExpr.xml
1 ms. Memory: 1782272K Free: 1054746K (59%)
----------------- Invoking toplevel() on ptolemy.moml.MoMLSimpleApplication@2fd6f74b
----------------- Done invoking toplevel() on ptolemy.moml.MoMLSimpleApplication@2fd6f74b
reloadAllAccessors: .funcApplyInExpr

===========================================================================================
----------------- testing Sun Jan 27 03:20:38 UTC 2019 /home/travis/build/icyphy/ptII/ptolemy/actor/lib/test/auto/function.xml
----------------- Instantiating /home/travis/build/icyphy/ptII/ptolemy/actor/lib/test/auto/function.xml
2 ms. Memory: 1782272K Free: 1034501K (58%)
----------------- Invoking toplevel() on ptolemy.moml.MoMLSimpleApplication@26dfac62
----------------- Done invoking toplevel() on ptolemy.moml.MoMLSimpleApplication@26dfac62
reloadAllAccessors: .function

===========================================================================================
----------------- testing Sun Jan 27 03:20:38 UTC 2019 /home/travis/build/icyphy/ptII/ptolemy/actor/lib/test/auto/function2.xml
----------------- Instantiating /home/travis/build/icyphy/ptII/ptolemy/actor/lib/test/auto/function2.xml
1 ms. Memory: 1782272K Free: 1017810K (57%)
----------------- Invoking toplevel() on ptolemy.moml.MoMLSimpleApplication@299f501d
----------------- Done invoking toplevel() on ptolemy.moml.MoMLSimpleApplication@299f501d
reloadAllAccessors: .function2

===========================================================================================
----------------- testing Sun Jan 27 03:20:38 UTC 2019 /home/travis/build/icyphy/ptII/ptolemy/actor/lib/test/auto/function3.xml
----------------- Instantiating /home/travis/build/icyphy/ptII/ptolemy/actor/lib/test/auto/function3.xml
2 ms. Memory: 1782272K Free: 997565K (56%)
----------------- Invoking toplevel() on ptolemy.moml.MoMLSimpleApplication@64864cdb
----------------- Done invoking toplevel() on ptolemy.moml.MoMLSimpleApplication@64864cdb
reloadAllAccessors: .function3

===========================================================================================
----------------- testing Sun Jan 27 03:20:38 UTC 2019 /home/travis/build/icyphy/ptII/ptolemy/actor/lib/test/auto/functionClosureTest1.xml
----------------- Instantiating /home/travis/build/icyphy/ptII/ptolemy/actor/lib/test/auto/functionClosureTest1.xml
6 ms. Memory: 1782272K Free: 977321K (55%)
----------------- Invoking toplevel() on ptolemy.moml.MoMLSimpleApplication@28d64510
----------------- Done invoking toplevel() on ptolemy.moml.MoMLSimpleApplication@28d64510
reloadAllAccessors: .functionClosureTest1

===========================================================================================
----------------- testing Sun Jan 27 03:20:38 UTC 2019 /home/travis/build/icyphy/ptII/ptolemy/actor/lib/test/auto/functionClosureTest2.xml
----------------- Instantiating /home/travis/build/icyphy/ptII/ptolemy/actor/lib/test/auto/functionClosureTest2.xml
1 ms. Memory: 1782272K Free: 957076K (54%)
----------------- Invoking toplevel() on ptolemy.moml.MoMLSimpleApplication@44b08399
----------------- Done invoking toplevel() on ptolemy.moml.MoMLSimpleApplication@44b08399
reloadAllAccessors: .functionClosureTest2

===========================================================================================
----------------- testing Sun Jan 27 03:20:38 UTC 2019 /home/travis/build/icyphy/ptII/ptolemy/actor/lib/test/auto/functionClosureTest3.xml
----------------- Instantiating /home/travis/build/icyphy/ptII/ptolemy/actor/lib/test/auto/functionClosureTest3.xml
2 ms. Memory: 1782272K Free: 940385K (53%)
----------------- Invoking toplevel() on ptolemy.moml.MoMLSimpleApplication@7c151968
----------------- Done invoking toplevel() on ptolemy.moml.MoMLSimpleApplication@7c151968
reloadAllAccessors: .functionClosureTest3

===========================================================================================
----------------- testing Sun Jan 27 03:20:38 UTC 2019 /home/travis/build/icyphy/ptII/ptolemy/actor/lib/test/auto/functionClosureTest4.xml
----------------- Instantiating /home/travis/build/icyphy/ptII/ptolemy/actor/lib/test/auto/functionClosureTest4.xml
2 ms. Memory: 1782272K Free: 920140K (52%)
----------------- Invoking toplevel() on ptolemy.moml.MoMLSimpleApplication@6c74471e
----------------- Done invoking toplevel() on ptolemy.moml.MoMLSimpleApplication@6c74471e
reloadAllAccessors: .functionClosureTest4

===========================================================================================
----------------- testing Sun Jan 27 03:20:38 UTC 2019 /home/travis/build/icyphy/ptII/ptolemy/actor/lib/test/auto/functionClosureTest5.xml
----------------- Instantiating /home/travis/build/icyphy/ptII/ptolemy/actor/lib/test/auto/functionClosureTest5.xml
5 ms. Memory: 1782272K Free: 899893K (50%)
----------------- Invoking toplevel() on ptolemy.moml.MoMLSimpleApplication@6d6e4d7a
----------------- Done invoking toplevel() on ptolemy.moml.MoMLSimpleApplication@6d6e4d7a
reloadAllAccessors: .functionClosureTest5

===========================================================================================
----------------- testing Sun Jan 27 03:20:38 UTC 2019 /home/travis/build/icyphy/ptII/ptolemy/actor/lib/test/auto/functionClosureTest6.xml
----------------- Instantiating /home/travis/build/icyphy/ptII/ptolemy/actor/lib/test/auto/functionClosureTest6.xml
4 ms. Memory: 1782272K Free: 879649K (49%)
----------------- Invoking toplevel() on ptolemy.moml.MoMLSimpleApplication@12717dc6
----------------- Done invoking toplevel() on ptolemy.moml.MoMLSimpleApplication@12717dc6
reloadAllAccessors: .functionClosureTest6

===========================================================================================
----------------- testing Sun Jan 27 03:20:38 UTC 2019 /home/travis/build/icyphy/ptII/ptolemy/actor/lib/test/auto/functionsOnArcs.xml
----------------- Instantiating /home/travis/build/icyphy/ptII/ptolemy/actor/lib/test/auto/functionsOnArcs.xml
2 ms. Memory: 1782272K Free: 862957K (48%)
----------------- Invoking toplevel() on ptolemy.moml.MoMLSimpleApplication@4b5c8f8c
----------------- Done invoking toplevel() on ptolemy.moml.MoMLSimpleApplication@4b5c8f8c
reloadAllAccessors: .functionsOnArcs

===========================================================================================
----------------- testing Sun Jan 27 03:20:38 UTC 2019 /home/travis/build/icyphy/ptII/ptolemy/actor/lib/test/auto/functionsOnArcsHOF.xml
----------------- Instantiating /home/travis/build/icyphy/ptII/ptolemy/actor/lib/test/auto/functionsOnArcsHOF.xml
2 ms. Memory: 1782272K Free: 842713K (47%)
----------------- Invoking toplevel() on ptolemy.moml.MoMLSimpleApplication@8d60fd0
----------------- Done invoking toplevel() on ptolemy.moml.MoMLSimpleApplication@8d60fd0
reloadAllAccessors: .functionsOnArcsHOF

===========================================================================================
----------------- testing Sun Jan 27 03:20:38 UTC 2019 /home/travis/build/icyphy/ptII/ptolemy/actor/lib/test/auto/logic.xml
----------------- Instantiating /home/travis/build/icyphy/ptII/ptolemy/actor/lib/test/auto/logic.xml
1 ms. Memory: 1782272K Free: 822468K (46%)
----------------- Invoking toplevel() on ptolemy.moml.MoMLSimpleApplication@147c8c97
----------------- Done invoking toplevel() on ptolemy.moml.MoMLSimpleApplication@147c8c97
reloadAllAccessors: .logic

===========================================================================================
----------------- testing Sun Jan 27 03:20:38 UTC 2019 /home/travis/build/icyphy/ptII/ptolemy/actor/lib/test/auto/matrixType.xml
----------------- Instantiating /home/travis/build/icyphy/ptII/ptolemy/actor/lib/test/auto/matrixType.xml
1 ms. Memory: 1782272K Free: 801193K (45%)
----------------- Invoking toplevel() on ptolemy.moml.MoMLSimpleApplication@36de84b9
----------------- Done invoking toplevel() on ptolemy.moml.MoMLSimpleApplication@36de84b9
reloadAllAccessors: .matrixType

===========================================================================================
----------------- testing Sun Jan 27 03:20:38 UTC 2019 /home/travis/build/icyphy/ptII/ptolemy/actor/lib/test/auto/matrixType10.xml
----------------- Instantiating /home/travis/build/icyphy/ptII/ptolemy/actor/lib/test/auto/matrixType10.xml
1 ms. Memory: 1782272K Free: 780949K (44%)
----------------- Invoking toplevel() on ptolemy.moml.MoMLSimpleApplication@1828bcf3
----------------- Done invoking toplevel() on ptolemy.moml.MoMLSimpleApplication@1828bcf3
reloadAllAccessors: .matrixType10

===========================================================================================
----------------- testing Sun Jan 27 03:20:38 UTC 2019 /home/travis/build/icyphy/ptII/ptolemy/actor/lib/test/auto/matrixType11.xml
----------------- Instantiating /home/travis/build/icyphy/ptII/ptolemy/actor/lib/test/auto/matrixType11.xml
1 ms. Memory: 1782272K Free: 760704K (43%)
----------------- Invoking toplevel() on ptolemy.moml.MoMLSimpleApplication@127f463c
----------------- Done invoking toplevel() on ptolemy.moml.MoMLSimpleApplication@127f463c
reloadAllAccessors: .matrixType11

===========================================================================================
----------------- testing Sun Jan 27 03:20:38 UTC 2019 /home/travis/build/icyphy/ptII/ptolemy/actor/lib/test/auto/matrixType12.xml
----------------- Instantiating /home/travis/build/icyphy/ptII/ptolemy/actor/lib/test/auto/matrixType12.xml
1 ms. Memory: 1782272K Free: 740459K (42%)
----------------- Invoking toplevel() on ptolemy.moml.MoMLSimpleApplication@7ffa492f
----------------- Done invoking toplevel() on ptolemy.moml.MoMLSimpleApplication@7ffa492f
reloadAllAccessors: .matrixType12

===========================================================================================
----------------- testing Sun Jan 27 03:20:38 UTC 2019 /home/travis/build/icyphy/ptII/ptolemy/actor/lib/test/auto/matrixType13.xml
----------------- Instantiating /home/travis/build/icyphy/ptII/ptolemy/actor/lib/test/auto/matrixType13.xml
1 ms. Memory: 1782272K Free: 723768K (41%)
----------------- Invoking toplevel() on ptolemy.moml.MoMLSimpleApplication@6c86fcb5
----------------- Done invoking toplevel() on ptolemy.moml.MoMLSimpleApplication@6c86fcb5
reloadAllAccessors: .matrixType13

===========================================================================================
----------------- testing Sun Jan 27 03:20:38 UTC 2019 /home/travis/build/icyphy/ptII/ptolemy/actor/lib/test/auto/matrixType14.xml
----------------- Instantiating /home/travis/build/icyphy/ptII/ptolemy/actor/lib/test/auto/matrixType14.xml
1 ms. Memory: 1782272K Free: 703523K (39%)
----------------- Invoking toplevel() on ptolemy.moml.MoMLSimpleApplication@2f337c34
----------------- Done invoking toplevel() on ptolemy.moml.MoMLSimpleApplication@2f337c34
reloadAllAccessors: .matrixType14

===========================================================================================
----------------- testing Sun Jan 27 03:20:38 UTC 2019 /home/travis/build/icyphy/ptII/ptolemy/actor/lib/test/auto/matrixType2.xml
----------------- Instantiating /home/travis/build/icyphy/ptII/ptolemy/actor/lib/test/auto/matrixType2.xml
1 ms. Memory: 1782272K Free: 683278K (38%)
----------------- Invoking toplevel() on ptolemy.moml.MoMLSimpleApplication@22274f92
----------------- Done invoking toplevel() on ptolemy.moml.MoMLSimpleApplication@22274f92
reloadAllAccessors: .matrixType2

===========================================================================================
----------------- testing Sun Jan 27 03:20:39 UTC 2019 /home/travis/build/icyphy/ptII/ptolemy/actor/lib/test/auto/matrixType3.xml
----------------- Instantiating /home/travis/build/icyphy/ptII/ptolemy/actor/lib/test/auto/matrixType3.xml
3 ms. Memory: 1782272K Free: 663034K (37%)
----------------- Invoking toplevel() on ptolemy.moml.MoMLSimpleApplication@3465f22
----------------- Done invoking toplevel() on ptolemy.moml.MoMLSimpleApplication@3465f22
reloadAllAccessors: .matrixType3

===========================================================================================
----------------- testing Sun Jan 27 03:20:39 UTC 2019 /home/travis/build/icyphy/ptII/ptolemy/actor/lib/test/auto/matrixType4.xml
----------------- Instantiating /home/travis/build/icyphy/ptII/ptolemy/actor/lib/test/auto/matrixType4.xml
1 ms. Memory: 1782272K Free: 646343K (36%)
----------------- Invoking toplevel() on ptolemy.moml.MoMLSimpleApplication@16c82bf2
----------------- Done invoking toplevel() on ptolemy.moml.MoMLSimpleApplication@16c82bf2
reloadAllAccessors: .matrixType4

===========================================================================================
----------------- testing Sun Jan 27 03:20:39 UTC 2019 /home/travis/build/icyphy/ptII/ptolemy/actor/lib/test/auto/matrixType5.xml
----------------- Instantiating /home/travis/build/icyphy/ptII/ptolemy/actor/lib/test/auto/matrixType5.xml
1 ms. Memory: 1782272K Free: 626098K (35%)
----------------- Invoking toplevel() on ptolemy.moml.MoMLSimpleApplication@3b85ca69
----------------- Done invoking toplevel() on ptolemy.moml.MoMLSimpleApplication@3b85ca69
reloadAllAccessors: .matrixType5

===========================================================================================
----------------- testing Sun Jan 27 03:20:39 UTC 2019 /home/travis/build/icyphy/ptII/ptolemy/actor/lib/test/auto/matrixType6.xml
----------------- Instantiating /home/travis/build/icyphy/ptII/ptolemy/actor/lib/test/auto/matrixType6.xml
1 ms. Memory: 1782272K Free: 605854K (34%)
----------------- Invoking toplevel() on ptolemy.moml.MoMLSimpleApplication@55559e3
----------------- Done invoking toplevel() on ptolemy.moml.MoMLSimpleApplication@55559e3
reloadAllAccessors: .matrixType6

===========================================================================================
----------------- testing Sun Jan 27 03:20:39 UTC 2019 /home/travis/build/icyphy/ptII/ptolemy/actor/lib/test/auto/matrixType7.xml
----------------- Instantiating /home/travis/build/icyphy/ptII/ptolemy/actor/lib/test/auto/matrixType7.xml
2 ms. Memory: 1782272K Free: 585609K (33%)
----------------- Invoking toplevel() on ptolemy.moml.MoMLSimpleApplication@3d94441f
----------------- Done invoking toplevel() on ptolemy.moml.MoMLSimpleApplication@3d94441f
reloadAllAccessors: .matrixType7

===========================================================================================
----------------- testing Sun Jan 27 03:20:39 UTC 2019 /home/travis/build/icyphy/ptII/ptolemy/actor/lib/test/auto/matrixType8.xml
----------------- Instantiating /home/travis/build/icyphy/ptII/ptolemy/actor/lib/test/auto/matrixType8.xml
2 ms. Memory: 1782272K Free: 568918K (32%)
----------------- Invoking toplevel() on ptolemy.moml.MoMLSimpleApplication@753ef7c3
----------------- Done invoking toplevel() on ptolemy.moml.MoMLSimpleApplication@753ef7c3
reloadAllAccessors: .matrixType8

===========================================================================================
----------------- testing Sun Jan 27 03:20:39 UTC 2019 /home/travis/build/icyphy/ptII/ptolemy/actor/lib/test/auto/matrixType9.xml
----------------- Instantiating /home/travis/build/icyphy/ptII/ptolemy/actor/lib/test/auto/matrixType9.xml
1 ms. Memory: 1782272K Free: 548673K (31%)
----------------- Invoking toplevel() on ptolemy.moml.MoMLSimpleApplication@299f6f03
----------------- Done invoking toplevel() on ptolemy.moml.MoMLSimpleApplication@299f6f03
reloadAllAccessors: .matrixType9

===========================================================================================
----------------- testing Sun Jan 27 03:20:39 UTC 2019 /home/travis/build/icyphy/ptII/ptolemy/actor/lib/test/auto/paraFunctest.xml
----------------- Instantiating /home/travis/build/icyphy/ptII/ptolemy/actor/lib/test/auto/paraFunctest.xml
1 ms. Memory: 1782272K Free: 528429K (30%)
----------------- Invoking toplevel() on ptolemy.moml.MoMLSimpleApplication@3d68e755
----------------- Done invoking toplevel() on ptolemy.moml.MoMLSimpleApplication@3d68e755
reloadAllAccessors: .paraFunctest

===========================================================================================
----------------- testing Sun Jan 27 03:20:39 UTC 2019 /home/travis/build/icyphy/ptII/ptolemy/actor/lib/test/auto/paraFunctest2.xml
----------------- Instantiating /home/travis/build/icyphy/ptII/ptolemy/actor/lib/test/auto/paraFunctest2.xml
1 ms. Memory: 1782272K Free: 511737K (29%)
----------------- Invoking toplevel() on ptolemy.moml.MoMLSimpleApplication@71ee0e44
----------------- Done invoking toplevel() on ptolemy.moml.MoMLSimpleApplication@71ee0e44
reloadAllAccessors: .paraFunctest2

===========================================================================================
----------------- testing Sun Jan 27 03:20:39 UTC 2019 /home/travis/build/icyphy/ptII/ptolemy/actor/lib/test/auto/parameterPassing.xml
----------------- Instantiating /home/travis/build/icyphy/ptII/ptolemy/actor/lib/test/auto/parameterPassing.xml
0 ms. Memory: 1782272K Free: 491493K (28%)
----------------- Invoking toplevel() on ptolemy.moml.MoMLSimpleApplication@34073de3
----------------- Done invoking toplevel() on ptolemy.moml.MoMLSimpleApplication@34073de3
reloadAllAccessors: .parameterPassing

===========================================================================================
----------------- testing Sun Jan 27 03:20:39 UTC 2019 /home/travis/build/icyphy/ptII/ptolemy/actor/lib/test/auto/record.xml
----------------- Instantiating /home/travis/build/icyphy/ptII/ptolemy/actor/lib/test/auto/record.xml
2 ms. Memory: 1782272K Free: 471248K (26%)
----------------- Invoking toplevel() on ptolemy.moml.MoMLSimpleApplication@124e5e66
----------------- Done invoking toplevel() on ptolemy.moml.MoMLSimpleApplication@124e5e66
reloadAllAccessors: .record

===========================================================================================
----------------- testing Sun Jan 27 03:20:39 UTC 2019 /home/travis/build/icyphy/ptII/ptolemy/actor/lib/test/auto/sizedarray1.xml
----------------- Instantiating /home/travis/build/icyphy/ptII/ptolemy/actor/lib/test/auto/sizedarray1.xml
1 ms. Memory: 1782272K Free: 451004K (25%)
----------------- Invoking toplevel() on ptolemy.moml.MoMLSimpleApplication@24de630d
----------------- Done invoking toplevel() on ptolemy.moml.MoMLSimpleApplication@24de630d
reloadAllAccessors: .sizedarray1

===========================================================================================
----------------- testing Sun Jan 27 03:20:39 UTC 2019 /home/travis/build/icyphy/ptII/ptolemy/actor/lib/test/auto/sizedarray2.xml
----------------- Instantiating /home/travis/build/icyphy/ptII/ptolemy/actor/lib/test/auto/sizedarray2.xml
2 ms. Memory: 1782272K Free: 434312K (24%)
----------------- Invoking toplevel() on ptolemy.moml.MoMLSimpleApplication@55f53147
----------------- Done invoking toplevel() on ptolemy.moml.MoMLSimpleApplication@55f53147
reloadAllAccessors: .sizedarray2

===========================================================================================
----------------- testing Sun Jan 27 03:20:39 UTC 2019 /home/travis/build/icyphy/ptII/ptolemy/actor/lib/test/auto/twoPublishers.xml
----------------- Instantiating /home/travis/build/icyphy/ptII/ptolemy/actor/lib/test/auto/twoPublishers.xml
4 ms. Memory: 1782272K Free: 414068K (23%)
----------------- Invoking toplevel() on ptolemy.moml.MoMLSimpleApplication@1358cf05
----------------- Done invoking toplevel() on ptolemy.moml.MoMLSimpleApplication@1358cf05
reloadAllAccessors: .twoPublishers
AutoTests.java: About to close Vertx.
AutoTests.java: Vertx closed.
]]></system-out>
  <system-err><![CDATA[java.lang.RuntimeException: Execution failed
	at ptolemy.moml.MoMLSimpleApplication$UnloadThread.run(MoMLSimpleApplication.java:402)
Caused by: java.lang.RuntimeException: StringUtilities.exit() was called. Normally, we would exit here because Manager.exitAfterWrapup() was called.  However, because the ptolemy.ptII.exitAfterWrapup property is set, we throw this exception instead.
	at ptolemy.util.StringUtilities.exit(StringUtilities.java:363)
	at ptolemy.actor.Manager.wrapup(Manager.java:1531)
	at ptolemy.actor.Manager.execute(Manager.java:407)
	at ptolemy.actor.Manager.run(Manager.java:1263)
	at ptolemy.actor.Manager$PtolemyRunThread.run(Manager.java:1915)
Warning: '.top.test' is in training mode, set the trainingMode parameter to false before checking in
Warning: '.top.test' is in training mode, set the trainingMode parameter to false before checking in
Warning: '.top.test' is in training mode, set the trainingMode parameter to false before checking in
Warning: '.BooleanSwitch_RegressionTest_WrongTrainingValues.Test' is in training mode, set the trainingMode parameter to false before checking in
Warning: '.BooleanSwitch_RegressionTest_WrongTrainingValues.Test2' is in training mode, set the trainingMode parameter to false before checking in
Warning: '.BooleanSwitch_RegressionTest_WrongTrainingValues.Test2' The test produced 0 tokens.
Warning: '.top.testExceptionHandler' is in training mode, set the trainingMode parameter to false before checking in
java.lang.RuntimeException: Execution failed
	at ptolemy.moml.MoMLSimpleApplication$UnloadThread.run(MoMLSimpleApplication.java:402)
Caused by: ptolemy.kernel.util.IllegalActionException: PublisherPorts cannot be used at the top level, use a Publisher actor instead.
  in .PublisherPortToplevelSubscriber.PublisherPort
	at ptolemy.actor.PublisherPort.preinitialize(PublisherPort.java:403)
	at ptolemy.actor.CompositeActor.preinitialize(CompositeActor.java:1769)
	at ptolemy.actor.Manager.preinitializeAndResolveTypes(Manager.java:1040)
	at ptolemy.actor.Manager.initialize(Manager.java:710)
	at ptolemy.actor.Manager.execute(Manager.java:356)
	at ptolemy.actor.Manager.run(Manager.java:1263)
	at ptolemy.actor.Manager$PtolemyRunThread.run(Manager.java:1915)
java.lang.reflect.InvocationTargetException
	at sun.reflect.NativeConstructorAccessorImpl.newInstance0(Native Method)
	at sun.reflect.NativeConstructorAccessorImpl.newInstance(NativeConstructorAccessorImpl.java:62)
	at sun.reflect.DelegatingConstructorAccessorImpl.newInstance(DelegatingConstructorAccessorImpl.java:45)
	at java.lang.reflect.Constructor.newInstance(Constructor.java:423)
	at ptolemy.util.test.junit.AutoKnownFailedTests.RunModel(AutoKnownFailedTests.java:105)
	at sun.reflect.NativeMethodAccessorImpl.invoke0(Native Method)
	at sun.reflect.NativeMethodAccessorImpl.invoke(NativeMethodAccessorImpl.java:62)
	at sun.reflect.DelegatingMethodAccessorImpl.invoke(DelegatingMethodAccessorImpl.java:43)
	at java.lang.reflect.Method.invoke(Method.java:498)
	at org.junit.runners.model.FrameworkMethod$1.runReflectiveCall(FrameworkMethod.java:44)
	at org.junit.internal.runners.model.ReflectiveCallable.run(ReflectiveCallable.java:15)
	at org.junit.runners.model.FrameworkMethod.invokeExplosively(FrameworkMethod.java:41)
	at junitparams.internal.InvokeParameterisedMethod.evaluate(InvokeParameterisedMethod.java:102)
	at org.junit.internal.runners.statements.FailOnTimeout$1.run(FailOnTimeout.java:28)
Caused by: ptolemy.kernel.util.IllegalActionException: PublisherPorts cannot be used at the top level, use a Publisher actor instead.
  in .PublisherPortToplevelSubscriber.PublisherPort
	at ptolemy.actor.PublisherPort.preinitialize(PublisherPort.java:403)
	at ptolemy.actor.CompositeActor.preinitialize(CompositeActor.java:1769)
	at ptolemy.actor.Manager.preinitializeAndResolveTypes(Manager.java:1040)
	at ptolemy.actor.Manager.initialize(Manager.java:710)
	at ptolemy.actor.Manager.execute(Manager.java:356)
	at ptolemy.actor.Manager.run(Manager.java:1263)
	at ptolemy.actor.Manager$PtolemyRunThread.run(Manager.java:1915)
java.lang.RuntimeException: Execution failed
	at ptolemy.moml.MoMLSimpleApplication$UnloadThread.run(MoMLSimpleApplication.java:402)
Caused by: ptolemy.kernel.util.IllegalActionException: SubscriberPorts cannot be used at the top level, use a Subscriber actor instead.
  in .PublisherSubscriberPortToplevel.SubscriberPort
	at ptolemy.actor.SubscriberPort.preinitialize(SubscriberPort.java:328)
	at ptolemy.actor.CompositeActor.preinitialize(CompositeActor.java:1769)
	at ptolemy.actor.Manager.preinitializeAndResolveTypes(Manager.java:1040)
	at ptolemy.actor.Manager.initialize(Manager.java:710)
	at ptolemy.actor.Manager.execute(Manager.java:356)
	at ptolemy.actor.Manager.run(Manager.java:1263)
	at ptolemy.actor.Manager$PtolemyRunThread.run(Manager.java:1915)
java.lang.reflect.InvocationTargetException
	at sun.reflect.NativeConstructorAccessorImpl.newInstance0(Native Method)
	at sun.reflect.NativeConstructorAccessorImpl.newInstance(NativeConstructorAccessorImpl.java:62)
	at sun.reflect.DelegatingConstructorAccessorImpl.newInstance(DelegatingConstructorAccessorImpl.java:45)
	at java.lang.reflect.Constructor.newInstance(Constructor.java:423)
	at ptolemy.util.test.junit.AutoKnownFailedTests.RunModel(AutoKnownFailedTests.java:105)
	at sun.reflect.NativeMethodAccessorImpl.invoke0(Native Method)
	at sun.reflect.NativeMethodAccessorImpl.invoke(NativeMethodAccessorImpl.java:62)
	at sun.reflect.DelegatingMethodAccessorImpl.invoke(DelegatingMethodAccessorImpl.java:43)
	at java.lang.reflect.Method.invoke(Method.java:498)
	at org.junit.runners.model.FrameworkMethod$1.runReflectiveCall(FrameworkMethod.java:44)
	at org.junit.internal.runners.model.ReflectiveCallable.run(ReflectiveCallable.java:15)
	at org.junit.runners.model.FrameworkMethod.invokeExplosively(FrameworkMethod.java:41)
	at junitparams.internal.InvokeParameterisedMethod.evaluate(InvokeParameterisedMethod.java:102)
	at org.junit.internal.runners.statements.FailOnTimeout$1.run(FailOnTimeout.java:28)
Caused by: ptolemy.kernel.util.IllegalActionException: SubscriberPorts cannot be used at the top level, use a Subscriber actor instead.
  in .PublisherSubscriberPortToplevel.SubscriberPort
	at ptolemy.actor.SubscriberPort.preinitialize(SubscriberPort.java:328)
	at ptolemy.actor.CompositeActor.preinitialize(CompositeActor.java:1769)
	at ptolemy.actor.Manager.preinitializeAndResolveTypes(Manager.java:1040)
	at ptolemy.actor.Manager.initialize(Manager.java:710)
	at ptolemy.actor.Manager.execute(Manager.java:356)
	at ptolemy.actor.Manager.run(Manager.java:1263)
	at ptolemy.actor.Manager$PtolemyRunThread.run(Manager.java:1915)
java.lang.RuntimeException: Execution failed
	at ptolemy.moml.MoMLSimpleApplication$UnloadThread.run(MoMLSimpleApplication.java:402)
Caused by: ptolemy.kernel.util.IllegalActionException: SubscriptionAggregatorPorts cannot be used at the top level, use a SubscriptionAggregator actor instead.
  in .PublisherSubscriptionAggregatorPort.SubscriptionAggregatorPort
	at ptolemy.actor.SubscriptionAggregatorPort.preinitialize(SubscriptionAggregatorPort.java:353)
	at ptolemy.actor.CompositeActor.preinitialize(CompositeActor.java:1769)
	at ptolemy.actor.Manager.preinitializeAndResolveTypes(Manager.java:1040)
	at ptolemy.actor.Manager.initialize(Manager.java:710)
	at ptolemy.actor.Manager.execute(Manager.java:356)
	at ptolemy.actor.Manager.run(Manager.java:1263)
	at ptolemy.actor.Manager$PtolemyRunThread.run(Manager.java:1915)
java.lang.reflect.InvocationTargetException
	at sun.reflect.NativeConstructorAccessorImpl.newInstance0(Native Method)
	at sun.reflect.NativeConstructorAccessorImpl.newInstance(NativeConstructorAccessorImpl.java:62)
	at sun.reflect.DelegatingConstructorAccessorImpl.newInstance(DelegatingConstructorAccessorImpl.java:45)
	at java.lang.reflect.Constructor.newInstance(Constructor.java:423)
	at ptolemy.util.test.junit.AutoKnownFailedTests.RunModel(AutoKnownFailedTests.java:105)
	at sun.reflect.NativeMethodAccessorImpl.invoke0(Native Method)
	at sun.reflect.NativeMethodAccessorImpl.invoke(NativeMethodAccessorImpl.java:62)
	at sun.reflect.DelegatingMethodAccessorImpl.invoke(DelegatingMethodAccessorImpl.java:43)
	at java.lang.reflect.Method.invoke(Method.java:498)
	at org.junit.runners.model.FrameworkMethod$1.runReflectiveCall(FrameworkMethod.java:44)
	at org.junit.internal.runners.model.ReflectiveCallable.run(ReflectiveCallable.java:15)
	at org.junit.runners.model.FrameworkMethod.invokeExplosively(FrameworkMethod.java:41)
	at junitparams.internal.InvokeParameterisedMethod.evaluate(InvokeParameterisedMethod.java:102)
	at org.junit.internal.runners.statements.FailOnTimeout$1.run(FailOnTimeout.java:28)
Caused by: ptolemy.kernel.util.IllegalActionException: SubscriptionAggregatorPorts cannot be used at the top level, use a SubscriptionAggregator actor instead.
  in .PublisherSubscriptionAggregatorPort.SubscriptionAggregatorPort
	at ptolemy.actor.SubscriptionAggregatorPort.preinitialize(SubscriptionAggregatorPort.java:353)
	at ptolemy.actor.CompositeActor.preinitialize(CompositeActor.java:1769)
	at ptolemy.actor.Manager.preinitializeAndResolveTypes(Manager.java:1040)
	at ptolemy.actor.Manager.initialize(Manager.java:710)
	at ptolemy.actor.Manager.execute(Manager.java:356)
	at ptolemy.actor.Manager.run(Manager.java:1263)
	at ptolemy.actor.Manager$PtolemyRunThread.run(Manager.java:1915)
java.lang.RuntimeException: Execution failed
	at ptolemy.moml.MoMLSimpleApplication$UnloadThread.run(MoMLSimpleApplication.java:402)
Caused by: ptolemy.kernel.util.IllegalActionException: TypeTest actor has no training data.
  in .sizedarray3.TypeTest
	at ptolemy.actor.lib.TypeTest.initialize(TypeTest.java:250)
	at ptolemy.actor.Director.initialize(Director.java:938)
	at ptolemy.actor.Director.initialize(Director.java:907)
	at ptolemy.actor.sched.StaticSchedulingDirector.initialize(StaticSchedulingDirector.java:159)
	at ptolemy.domains.sdf.kernel.SDFDirector.initialize(SDFDirector.java:544)
	at ptolemy.actor.CompositeActor.initialize(CompositeActor.java:935)
	at ptolemy.actor.Manager.initialize(Manager.java:724)
	at ptolemy.actor.Manager.execute(Manager.java:356)
	at ptolemy.actor.Manager.run(Manager.java:1263)
	at ptolemy.actor.Manager$PtolemyRunThread.run(Manager.java:1915)
java.lang.reflect.InvocationTargetException
	at sun.reflect.NativeConstructorAccessorImpl.newInstance0(Native Method)
	at sun.reflect.NativeConstructorAccessorImpl.newInstance(NativeConstructorAccessorImpl.java:62)
	at sun.reflect.DelegatingConstructorAccessorImpl.newInstance(DelegatingConstructorAccessorImpl.java:45)
	at java.lang.reflect.Constructor.newInstance(Constructor.java:423)
	at ptolemy.util.test.junit.AutoKnownFailedTests.RunModel(AutoKnownFailedTests.java:105)
	at sun.reflect.NativeMethodAccessorImpl.invoke0(Native Method)
	at sun.reflect.NativeMethodAccessorImpl.invoke(NativeMethodAccessorImpl.java:62)
	at sun.reflect.DelegatingMethodAccessorImpl.invoke(DelegatingMethodAccessorImpl.java:43)
	at java.lang.reflect.Method.invoke(Method.java:498)
	at org.junit.runners.model.FrameworkMethod$1.runReflectiveCall(FrameworkMethod.java:44)
	at org.junit.internal.runners.model.ReflectiveCallable.run(ReflectiveCallable.java:15)
	at org.junit.runners.model.FrameworkMethod.invokeExplosively(FrameworkMethod.java:41)
	at junitparams.internal.InvokeParameterisedMethod.evaluate(InvokeParameterisedMethod.java:102)
	at org.junit.internal.runners.statements.FailOnTimeout$1.run(FailOnTimeout.java:28)
Caused by: ptolemy.kernel.util.IllegalActionException: TypeTest actor has no training data.
  in .sizedarray3.TypeTest
	at ptolemy.actor.lib.TypeTest.initialize(TypeTest.java:250)
	at ptolemy.actor.Director.initialize(Director.java:938)
	at ptolemy.actor.Director.initialize(Director.java:907)
	at ptolemy.actor.sched.StaticSchedulingDirector.initialize(StaticSchedulingDirector.java:159)
	at ptolemy.domains.sdf.kernel.SDFDirector.initialize(SDFDirector.java:544)
	at ptolemy.actor.CompositeActor.initialize(CompositeActor.java:935)
	at ptolemy.actor.Manager.initialize(Manager.java:724)
	at ptolemy.actor.Manager.execute(Manager.java:356)
	at ptolemy.actor.Manager.run(Manager.java:1263)
	at ptolemy.actor.Manager$PtolemyRunThread.run(Manager.java:1915)
]]></system-err>
</testsuite>
