<?xml version="1.0" encoding="UTF-8" ?>
<testsuite errors="0" failures="0" hostname="travis-job-1e7b4171-2711-4258-8f99-17cf464e8482" name="ptolemy.domains.de.test.junit.JUnitTclTest" skipped="0" tests="101" time="122.927" timestamp="2019-02-27T20:57:49">
  <properties>
    <property name="npm.executable" value="npm" />
    <property name="file.encoding.pkg" value="sun.io" />
    <property name="env.TRAVIS_ROOT" value="/" />
    <property name="ptII.mk.exists" value="true" />
    <property name="env.TRAVIS_APP_HOST" value="build.travis-ci.org" />
    <property name="env.rvm_bin_path" value="/home/travis/.rvm/bin" />
    <property name="java.home" value="/usr/lib/jvm/java-8-oracle/jre" />
    <property name="env.TRAVIS_JOB_NUMBER" value="1022.9" />
    <property name="env.TRAVIS_HOME" value="/home/travis" />
    <property name="env.DISPLAY" value=":99.0" />
    <property name="java.net.preferIPv4Stack" value="true" />
    <property name="env.TRAVIS_INIT" value="upstart" />
    <property name="env.SSH_TTY" value="/dev/pts/0" />
    <property name="env.RUN_TESTS" value="true" />
    <property name="timeout.short" value="1000000" />
    <property name="env.TRAVIS_JOB_NAME" value="" />
    <property name="env.TRAVIS_STACK_NODE_ATTRIBUTES" value="/.node-attributes.yml" />
    <property name="junit.formatter" value="xml" />
    <property name="java.endorsed.dirs" value="/usr/lib/jvm/java-8-oracle/jre/lib/endorsed" />
    <property name="env.TRAVIS_SUDO" value="true" />
    <property name="env.LOGNAME" value="travis" />
    <property name="jsdoc.home" value="node_modules/@terraswarm/jsdoc" />
    <property name="debuglevel" value="source,lines,vars" />
    <property name="checkstyle.formatter" value="xml" />
    <property name="bin.vergil.makeable" value="true" />
    <property name="env._system_version" value="14.04" />
    <property name="sun.os.patch.level" value="unknown" />
    <property name="java.vendor.url" value="http://java.oracle.com/" />
    <property name="env.TRAVIS_BUILD_WEB_URL" value="https://travis-ci.org/icyphy/ptII/builds/499471654" />
    <property name="java.version" value="1.8.0_151" />
    <property name="env.TZ" value="UTC" />
    <property name="env.PT_NO_NET" value="true" />
    <property name="env.TRAVIS_PULL_REQUEST_SHA" value="" />
    <property name="env.TRAVIS_SECURE_ENV_VARS" value="true" />
    <property name="env._system_type" value="Linux" />
    <property name="java.vendor.url.bug" value="http://bugreport.sun.com/bugreport/" />
    <property name="env.SSH_CLIENT" value="10.10.4.109 39264 22" />
    <property name="npmjs-org-is-up" value="true" />
    <property name="env.GEM_HOME" value="/home/travis/.rvm/gems/ruby-2.4.1" />
    <property name="env.HAS_ANTARES_THREE_LITTLE_FRONZIES_BADGE" value="true" />
    <property name="env.PS4" value="+" />
    <property name="ant.project.invoked-targets" value="build,test.core2.xml" />
    <property name="env.TRAVIS_PULL_REQUEST_BRANCH" value="" />
    <property name="env.TRAVIS_REPO_SLUG" value="icyphy/ptII" />
    <property name="env.TRAVIS_APT_PROXY" value="http://build-cache.travisci.net" />
    <property name="node.in.path" value="true" />
    <property name="java.maxmemory" value="1400m" />
    <property name="env.RUBY_VERSION" value="ruby-2.4.1" />
    <property name="user.name" value="travis" />
    <property name="env.LANG" value="en_US.UTF-8" />
    <property name="sun.io.unicode.encoding" value="UnicodeLittle" />
    <property name="sun.jnu.encoding" value="UTF-8" />
    <property name="java.runtime.name" value="Java(TM) SE Runtime Environment" />
    <property name="usefile" value="false" />
    <property name="return.code" value="0" />
    <property name="junit.single.formatter" value="plain" />
    <property name="env.DYLD_LIBRARY_PATH" value="/home/travis/pthla/certi-tools/lib:" />
    <property name="env.DEBIAN_FRONTEND" value="noninteractive" />
    <property name="env.SSH_CONNECTION" value="10.10.4.109 39264 10.20.5.0 22" />
    <property name="env.MYSQL_UNIX_PORT" value="/var/run/mysqld/mysqld.sock" />
    <property name="env.TRAVIS_ALLOW_FAILURE" value="false" />
    <property name="env.LC_ALL" value="en_US.UTF-8" />
    <property name="env.TRAVIS_JOB_WEB_URL" value="https://travis-ci.org/icyphy/ptII/jobs/499471663" />
    <property name="java.specification.name" value="Java Platform API Specification" />
    <property name="node.works" value="true" />
    <property name="user.timezone" value="" />
    <property name="path.separator" value=":" />
    <property name="env.TRAVIS_ENABLE_INFRA_DETECTION" value="true" />
    <property name="env.PYTHON_CFLAGS" value="-g -fstack-protector --param=ssp-buffer-size=4 -Wformat -Werror=format-security" />
    <property name="timeout.long" value="4000000" />
    <property name="env.CERTI_HOME" value="/home/travis/pthla/certi-tools" />
    <property name="file.encoding" value="UTF-8" />
    <property name="ant.file.ptII" value="/home/travis/build/icyphy/ptII/build.xml" />
    <property name="javadoc.packagenames" value="com.*,diva.*,lbnl.*,org.hlacerti.*,org.json.*,org.ptolemy.*,org.terraswarm.*,ptolemy.*,ptserver.*" />
    <property name="env.TRAVIS_PULL_REQUEST_SLUG" value="" />
    <property name="ant.project.default-target" value="build" />
    <property name="env.GIT_ASKPASS" value="echo" />
    <property name="env.HOME" value="/home/travis" />
    <property name="sun.java.command" value="org.apache.tools.ant.taskdefs.optional.junit.JUnitTestRunner ptolemy.domains.de.test.junit.JUnitTclTest skipNonTests=false filtertrace=true haltOnError=false haltOnFailure=false formatter=org.apache.tools.ant.taskdefs.optional.junit.OutErrSummaryJUnitResultFormatter showoutput=true outputtoformatters=true logfailedtests=true threadid=0 logtestlistenerevents=false formatter=org.apache.tools.ant.taskdefs.optional.junit.XMLJUnitResultFormatter,/home/travis/build/icyphy/ptII/reports/junit/TEST-ptolemy.domains.de.test.junit.JUnitTclTest.xml crashfile=/home/travis/build/icyphy/ptII/junitvmwatcher7837202929542432403.properties propsfile=/home/travis/build/icyphy/ptII/junit3677976272007629870.properties" />
    <property name="env.MANPATH" value="/home/travis/.nvm/versions/node/v7.10.1/share/man:/home/travis/.kiex/elixirs/elixir-1.4.5/man:/home/travis/.rvm/rubies/ruby-2.4.1/share/man:/usr/local/man:/usr/local/cmake-3.9.2/man:/usr/local/clang-5.0.0/share/man:/usr/local/share/man:/usr/share/man:/home/travis/.rvm/man" />
    <property name="env.COMPOSER_NO_INTERACTION" value="1" />
    <property name="env.JDK_SWITCHER_DEFAULT" value="oraclejdk8" />
    <property name="env.TRAVIS_TIMER_ID" value="1888f122" />
    <property name="ant.file" value="/home/travis/build/icyphy/ptII/build.xml" />
    <property name="env.TRAVIS_COMMIT_RANGE" value="003cabe2a2ed...3b6362568b1e" />
    <property name="env._system_name" value="Ubuntu" />
    <property name="timeout" value="2400000" />
    <property name="ptII.classpath.optional.property" value="/home/travis/build/icyphy/ptII/lib/bsh-2.0b4.jar:/home/travis/build/icyphy/ptII/lib/ptCal.jar:/home/travis/build/icyphy/ptII/lib/java_cup.jar:/home/travis/build/icyphy/ptII/lib/saxon8.jar:/home/travis/build/icyphy/ptII/lib/saxon8-dom.jar:/home/travis/build/icyphy/ptII/lib/chic.jar:/home/travis/build/icyphy/ptII/lib/ptcolt.jar:/usr/lib/jvm/java-8-oracle/lib/tools.jar:/home/travis/build/icyphy/ptII/vendors/misc/itext/iText.jar:/home/travis/build/icyphy/ptII/lib/g4ltl.jar:/home/travis/build/icyphy/ptII/lib/StructuralCoder.jar:/home/travis/build/icyphy/ptII/vendors/jai-1_1_2_01/lib/jai_core.jar:/home/travis/build/icyphy/ptII/vendors/jai-1_1_2_01/lib/jai_codec.jar:/home/travis/build/icyphy/ptII/lib/jcerti.jar:/home/travis/build/icyphy/ptII/lib/javax.mail.jar:/home/travis/build/icyphy/ptII/vendors/JMF-2.1.1e/lib/jmf.jar:/home/travis/build/icyphy/ptII/lib/jna-4.0.0-variadic.jar:/home/travis/build/icyphy/ptII/vendors/misc/joystick/Joystick.jar:/home/travis/build/icyphy/ptII/lib/ptjacl.jar:/home/travis/build/icyphy/ptII/lib/jsoup-1.8.2.jar:/home/travis/build/icyphy/ptII/lib/junit-4.8.2.jar:/home/travis/build/icyphy/ptII/lib/JUnitParams-0.4.0.jar:/home/travis/build/icyphy/ptII/ptolemy/actor/lib/excel/jxl.jar:/home/travis/build/icyphy/ptII/lib/jython.jar:/home/travis/build/icyphy/ptII/lib/kieler.jar:/home/travis/build/icyphy/ptII/vendors/opencv/share/OpenCV/java/opencv-341.jar:/home/travis/build/icyphy/ptII/lib/oscP5.jar:/home/travis/build/icyphy/ptII/lib/nrjavaserial-3.11.0.devel.jar:/home/travis/build/icyphy/ptII/vendors/j3d/lib/j3dcore.jar:/home/travis/build/icyphy/ptII/vendors/j3d/lib/j3dutils.jar:/home/travis/build/icyphy/ptII/vendors/j3d/lib/vecmath.jar:/home/travis/build/icyphy/ptII/ptolemy/distributed/jini/jar/jini-core.jar:/home/travis/build/icyphy/ptII/ptolemy/distributed/jini/jar/jini-ext.jar:/home/travis/build/icyphy/ptII/ptolemy/distributed/jini/jar/sun-util.jar:/home/travis/build/icyphy/ptII/lib/protobuf-java-2.4.1.jar:/home/travis/build/icyphy/ptII/lib/org.eclipse.paho.client.mqttv3.jar:/home/travis/build/icyphy/ptII/lib/mapss.jar:/home/travis/build/icyphy/ptII/ptolemy/actor/ptalon/antlr/antlr.jar:/home/travis/build/icyphy/ptII/lib/JRI.jar:/home/travis/build/icyphy/ptII/lib/commons-lang-2.6.jar:/home/travis/build/icyphy/ptII/lib/commons-logging-1.1.1.jar:/home/travis/build/icyphy/ptII/lib/sootclasses.jar:/home/travis/build/icyphy/ptII/ptolemy/actor/lib/database/mysql-connector-java-5.1.6-bin.jar:/home/travis/build/icyphy/ptII/vendors/misc/sphinx4/sphinx4-data-5prealpha.jar:/home/travis/build/icyphy/ptII/vendors/misc/sphinx4/sphinx4-core-5prealpha.jar:/home/travis/build/icyphy/ptII/lib/PDFRenderer.jar:/home/travis/build/icyphy/ptII/lib/svgSalamander.jar:/home/travis/build/icyphy/ptII/lib/rsyntaxtextarea-2.6.0-SNAPSHOT.jar:/home/travis/build/icyphy/ptII/lib/hazelcast-3.8.2.jar:/home/travis/build/icyphy/ptII/lib/jackson-annotations-2.9.0.jar:/home/travis/build/icyphy/ptII/lib/jackson-core-2.9.3.jar:/home/travis/build/icyphy/ptII/lib/jackson-databind-2.9.3.jar:/home/travis/build/icyphy/ptII/lib/netty-buffer-4.1.19.Final.jar:/home/travis/build/icyphy/ptII/lib/netty-codec-4.1.19.Final.jar:/home/travis/build/icyphy/ptII/lib/netty-codec-dns-4.1.19.Final.jar:/home/travis/build/icyphy/ptII/lib/netty-codec-http-4.1.19.Final.jar:/home/travis/build/icyphy/ptII/lib/netty-codec-http2-4.1.19.Final.jar:/home/travis/build/icyphy/ptII/lib/netty-common-4.1.19.Final.jar:/home/travis/build/icyphy/ptII/lib/netty-handler-4.1.19.Final.jar:/home/travis/build/icyphy/ptII/lib/netty-resolver-4.1.19.Final.jar:/home/travis/build/icyphy/ptII/lib/netty-resolver-dns-4.1.19.Final.jar:/home/travis/build/icyphy/ptII/lib/netty-transport-4.1.19.Final.jar:/home/travis/build/icyphy/ptII/lib/vertx-codegen-3.5.1.jar:/home/travis/build/icyphy/ptII/lib/vertx-core-3.5.2-SNAPSHOT.jar:/home/travis/build/icyphy/ptII/lib/vertx-hazelcast-3.5.1.jar:/home/travis/build/icyphy/ptII/lib/vertx-lang-js-3.5.1.jar:/home/travis/build/icyphy/ptII/lib/vertx-service-proxy-3.5.1.jar:/home/travis/build/icyphy/ptII/lib/vertx-web-3.5.1.jar:/home/travis/build/icyphy/ptII/lib/slf4j-api-1.7.13.jar:/home/travis/build/icyphy/ptII/lib/slf4j-simple-1.7.13.jar:/home/travis/build/icyphy/ptII/lib/webcam-capture-0.3.12.jar:/home/travis/build/icyphy/ptII/lib/bridj-0.7.0.jar:/home/travis/build/icyphy/ptII/lib/xbjlib-1.1.0.nrjavaserial.jar" />
    <property name="test.batch" value="**/junit/*.java" />
    <property name="env._" value="/usr/bin/timeout" />
    <property name="java.io.tmpdir" value="/tmp" />
    <property name="env.TRAVIS_INTERNAL_RUBY_REGEX" value="^ruby-(2\.[0-4]\.[0-9]|1\.9\.3)" />
    <property name="user.language" value="en" />
    <property name="env.HISTCONTROL" value="ignoredups:ignorespace" />
    <property name="env.GOROOT" value="/home/travis/.gimme/versions/go1.7.4.linux.amd64" />
    <property name="line.separator" value="&#xa;" />
    <property name="target" value="1.8" />
    <property name="env.TRAVIS_BUILD_DIR" value="/home/travis/build/icyphy/ptII" />
    <property name="env.ANT_OPTS" value="-Xmx2048m" />
    <property name="ant.file.type" value="file" />
    <property name="ptolemy.ptII.batchMode" value="true" />
    <property name="env.HISTSIZE" value="1000" />
    <property name="env.MERB_ENV" value="test" />
    <property name="java.vm.info" value="mixed mode" />
    <property name="source" value="1.8" />
    <property name="java.vm.specification.name" value="Java Virtual Machine Specification" />
    <property name="env.TRAVIS_TEST_RESULT" value="0" />
    <property name="jsdoc.command" value="node_modules/@terraswarm/jsdoc/jsdoc.js" />
    <property name="npm.works" value="true" />
    <property name="cobertura.dir" value="/home/travis/build/icyphy/ptII/vendors/cobertura-2.0.3" />
    <property name="env.rvm_path" value="/home/travis/.rvm" />
    <property name="env.GEM_PATH" value="/home/travis/.rvm/gems/ruby-2.4.1:/home/travis/.rvm/gems/ruby-2.4.1@global" />
    <property name="env.LC_CTYPE" value="en_US.UTF-8" />
    <property name="java.awt.printerjob" value="sun.print.PSPrinterJob" />
    <property name="env.TRAVIS_CMD" value="$PTII/bin/ptIITravisBuild.sh $SECONDS" />
    <property name="env.TRAVIS_STACK_NAME" value="garnet" />
    <property name="env.TRAVIS_TIMER_START_TIME" value="1551300599020404869" />
    <property name="ant.version" value="Apache Ant(TM) version 1.10.1 compiled on February 2 2017" />
    <property name="ptII.reports" value="/home/travis/build/icyphy/ptII/reports" />
    <property name="env.TRAVIS_STACK_TIMESTAMP" value="2017-12-05 19:33:09 UTC" />
    <property name="ant.file.type.ptII" value="file" />
    <property name="env.RBENV_SHELL" value="bash" />
    <property name="os.name" value="Linux" />
    <property name="java.specification.vendor" value="Oracle Corporation" />
    <property name="env.rvm_version" value="1.29.3 (latest)" />
    <property name="env.TRAVIS_INFRA" value="gce" />
    <property name="env.TERM" value="xterm" />
    <property name="java.vm.name" value="Java HotSpot(TM) 64-Bit Server VM" />
    <property name="env.TRAVIS_BUILD_NUMBER" value="1022" />
    <property name="env.CI" value="true" />
    <property name="java.library.path" value="/home/travis/pthla/certi-tools/lib:/usr/lib/jni:/usr/local/share/OpenCV/java/:/usr/share/OpenCV/java::/usr/java/packages/lib/amd64:/usr/lib64:/lib64:/lib:/usr/lib" />
    <property name="env.rvm_prefix" value="/home/travis" />
    <property name="env.PATH" value="/home/travis/pthla/certi-tools/share/scripts:/home/travis/.rvm/gems/ruby-2.4.1/bin:/home/travis/.rvm/gems/ruby-2.4.1@global/bin:/home/travis/.rvm/rubies/ruby-2.4.1/bin:/home/travis/.rvm/bin:/home/travis/.nvm/versions/node/v7.10.1/bin:./node_modules/.bin:/home/travis/build/icyphy/ptII/bin:/home/travis/pthla/certi-tools/bin:/home/travis/bin:/home/travis/.local/bin:/opt/pyenv/shims:/home/travis/.phpenv/shims:/home/travis/perl5/perlbrew/bin:/home/travis/.kiex/elixirs/elixir-1.4.5/bin:/home/travis/.kiex/bin:/home/travis/gopath/bin:/home/travis/.gimme/versions/go1.7.4.linux.amd64/bin:/usr/local/phantomjs/bin:/usr/local/phantomjs:/usr/local/neo4j-3.2.7/bin:/usr/local/maven-3.5.2/bin:/usr/local/cmake-3.9.2/bin:/usr/local/clang-5.0.0/bin:/usr/local/sbin:/usr/local/bin:/usr/sbin:/usr/bin:/sbin:/bin:/home/travis/.phpenv/bin:/opt/pyenv/bin:/home/travis/.yarn/bin" />
    <property name="env.TRAVIS_OS_NAME" value="linux" />
    <property name="ant.java.version" value="1.8" />
    <property name="basedir" value="/home/travis/build/icyphy/ptII" />
    <property name="java.class.version" value="52.0" />
    <property name="env.SHLVL" value="3" />
    <property name="env.LD_LIBRARY_PATH" value="/home/travis/pthla/certi-tools/lib:/usr/lib/jni:/usr/local/share/OpenCV/java/:/usr/share/OpenCV/java:" />
    <property name="env.RACK_ENV" value="test" />
    <property name="ant.home" value="/home/travis/build/icyphy/ptII/ant" />
    <property name="env.PERLBREW_BASHRC_VERSION" value="0.80" />
    <property name="env.NVM_DIR" value="/home/travis/.nvm" />
    <property name="env.TRAVIS_BUILD_ID" value="499471654" />
    <property name="env.CERTI_FOM_PATH" value="/home/travis/pthla/certi-tools/share/federations" />
    <property name="env.PYENV_ROOT" value="/opt/pyenv" />
    <property name="env.TRAVIS_UID" value="2000" />
    <property name="env.rvm_pretty_print_flag" value="auto" />
    <property name="env.NVM_BIN" value="/home/travis/.nvm/versions/node/v7.10.1/bin" />
    <property name="env.TRAVIS_COMMIT" value="3b6362568b1e3a1bb803cf461e968ee49a58b967" />
    <property name="env._system_arch" value="x86_64" />
    <property name="node.executable" value="node" />
    <property name="sun.boot.library.path" value="/usr/lib/jvm/java-8-oracle/jre/lib/amd64" />
    <property name="sun.management.compiler" value="HotSpot 64-Bit Tiered Compilers" />
    <property name="env.GOPATH" value="/home/travis/gopath" />
    <property name="java.awt.graphicsenv" value="sun.awt.X11GraphicsEnvironment" />
    <property name="ptolemy.ptII.dir" value="/home/travis/build/icyphy/ptII" />
    <property name="env.USER" value="travis" />
    <property name="env.HISTFILESIZE" value="2000" />
    <property name="timeout.longest" value="19000000" />
    <property name="env.TRAVIS_STACK_FEATURES" value="basic cassandra chromium couchdb disabled-ipv6 docker docker-compose elasticsearch firefox go-toolchain google-chrome jdk memcached mongodb mysql neo4j nodejs_interpreter perl_interpreter perlbrew phantomjs postgresql python_interpreter rabbitmq redis riak ruby_interpreter sqlite xserver" />
    <property name="env.TRAVIS_PULL_REQUEST" value="false" />
    <property name="env.PYENV_SHELL" value="bash" />
    <property name="ant.project.name" value="ptII" />
    <property name="java.vm.specification.version" value="1.8" />
    <property name="env.ANSI_RESET" value="\033[0m" />
    <property name="env.TRAVIS_DIST" value="trusty" />
    <property name="env.CERTI_VERSION" value="4.0.0" />
    <property name="env.NLSPATH" value="/usr/dt/lib/nls/msg/%L/%N.cat" />
    <property name="awt.toolkit" value="sun.awt.X11.XToolkit" />
    <property name="env.CERTI_HOST" value="localhost" />
    <property name="env.MY_RUBY_HOME" value="/home/travis/.rvm/rubies/ruby-2.4.1" />
    <property name="sun.cpu.isalist" value="" />
    <property name="env.TRAVIS_TMPDIR" value="/tmp/tmp.lV3B44DauL" />
    <property name="java.ext.dirs" value="/usr/lib/jvm/java-8-oracle/jre/lib/ext:/usr/java/packages/lib/ext" />
    <property name="os.version" value="4.4.0-101-generic" />
    <property name="user.home" value="/home/travis" />
    <property name="env.MIX_ARCHIVES" value="/home/travis/.kiex/mix/elixir-1.4.5" />
    <property name="java.vm.vendor" value="Oracle Corporation" />
    <property name="env.TRAVIS_TAG" value="nightly" />
    <property name="env.ANSI_YELLOW" value="\033[33;1m" />
    <property name="env.TRAVIS_FILTERED" value="redirect_io" />
    <property name="env.ANSI_GREEN" value="\033[32;1m" />
    <property name="env.JAVA_HOME" value="/usr/lib/jvm/java-8-oracle" />
    <property name="env.PTII" value="/home/travis/build/icyphy/ptII" />
    <property name="javadoc.excludepackagenames" value="adm.cvs2svn.*,build.*,config.*,doc.coding.templates.*,jni.test.jni.meaningOfLife.*,jni.test.jni.testDeux.*,jni.test.jni.testTrois.*,org.terraswarm.accessor.accessors.web.node_modules.*,org.terraswarm.accessor.accessors.web.hosts.cordova.demo.*,org.terraswarm.accessor.accessors.web.hosts.cordova.plugins.*,org.terraswarm.accessor.accessors-svn.*,pt-modules.*,ptolemy.apps.agilent.*,ptolemy.apps.anytimecontrol.*,ptolemy.apps.apes.*,ptolemy.apps.charon.*,ptolemy.apps.crazyboard.*,ptolemy.apps.eclipse.*,ptolemy.apps.etherealSting.*,ptolemy.apps.fullscreen.*,ptolemy.apps.giotto.*,ptolemy.apps.ia.*,ptolemy.apps.interfaces.*,ptolemy.apps.jmf.*,ptolemy.apps.kurt.*,ptolemy.apps.kvm.*,ptolemy.apps.lego.*,ptolemy.apps.lejos.*,ptolemy.apps.midp.*,ptolemy.apps.mobileCoding.*,ptolemy.apps.pendulum.*,ptolemy.apps.rijndael.*,ptolemy.apps.robot.*,ptolemy.apps.security.*,ptolemy.apps.sobel.*,ptolemy.apps.soot.*,ptolemy.apps.throttle.*,ptolemy.apps.tini.*,ptolemy.apps.transmission.*,ptolemy.apps.vergil.*,ptolemy.apps.waba.*,ptolemy.apps.websensor.*,ptolemy.apps.webstart.*,ptolemy.apps.xsl.*,ptolemy.apps.zaurus.*,ptolemy.codegen.c.actor.lib.oldJavaFiles.*,ptolemy.codegen.dsp.lib.*,ptolemy.codegen.kernel.newInterfaces.*,ptolemy.codegen.lib.*,ptolemy.copernicus.kernel.fragment.*,ptolemy.copernicus.shallow.cg.*,ptolemy.domains.giotto.demo.Hierarchy.Hierarchy.*,ptolemy.domains.giotto.demo.Multimode.Multimode.*,ptolemy.domains.giotto.demo.Simple.Simple.*,ptolemy.domains.gr.lib.experimental.*,ptolemy.domains.gro.*,ptolemy.domains.pdf.*,ptolemy.domains.ptinyos.demo.Surge.output.*,ptolemy.moml.test.NoPackageActor.java*,ptolemy.plot.adm.*,ptolemy.plot.servlet.*,reports.*,signed.*,src.*,target.*,vendors.*,ptolemy.apps.eclipse.awt.*,ptolemy.backtrack.*,ptolemy.backtrack.ast.*,ptolemy.cg.adapter.generic.program.procedural.c.mbed*,ptolemy.homer.*,org.ptolemy.scala.*,diva.util.java2d.svg.*,ptolemy.domains.ptinyos.*,ptolemy.actor.lib.fmi.fmipp.*,,org.terraswarm.accessor.accessors.web.node_modules.*,org.terraswarm.accessor.accessors-svn,ptolemy.apps.*,ptolemy.actor.ptalon.demo.ptinyos.SendAndReceiveCnt.output,ptolemy.actor.ptalon.demo.ptinyos.SenseToLeds.output,ptolemy.domains.ptinyos.demo.CntToLedsAndRfm.output,ptolemy.domains.ptinyos.demo.RfmToLeds.output,ptolemy.domains.ptinyos.demo.SendAndReceiveCnt.output,ptolemy.domains.ptinyos.demo.SenseToLeds.output,ptolemy.actor.lib.jjs.modules.udpSocket.*" />
    <property name="env.TRAVIS_COMMIT_MESSAGE" value="Desk assignment" />
    <property name="keystore" value="ptKeystore" />
    <property name="env.XDG_SESSION_ID" value="2" />
    <property name="junit.output.dir" value="/home/travis/build/icyphy/ptII/reports/junit" />
    <property name="npm.return.code" value="0" />
    <property name="user.dir" value="/home/travis/build/icyphy/ptII/ptolemy/domains/de/test" />
    <property name="env.TRAVIS_NODE_VERSION" value="7" />
    <property name="env.XFILESEARCHPATH" value="/usr/dt/app-defaults/%L/Dt" />
    <property name="env.TRAVIS_EVENT_TYPE" value="push" />
    <property name="env.MAIL" value="/var/mail/travis" />
    <property name="env.PWD" value="/home/travis/build/icyphy/ptII" />
    <property name="env.PERLBREW_ROOT" value="/home/travis/perl5/perlbrew" />
    <property name="timeout.npm" value="45000" />
    <property name="env.PT_TRAVIS_TEST_CORE2_XML" value="true" />
    <property name="env.TRAVIS_ARCH" value="amd64" />
    <property name="env.PAGER" value="cat" />
    <property name="sun.cpu.endian" value="little" />
    <property name="env.TRAVIS_BUILD_STAGE_NAME" value="Test" />
    <property name="env.PERLBREW_HOME" value="/home/travis/.perlbrew" />
    <property name="env.RAILS_ENV" value="test" />
    <property name="java.vm.version" value="25.151-b12" />
    <property name="java.class.path" value="/home/travis/build/icyphy/ptII:/home/travis/build/icyphy/ptII/lib/bsh-2.0b4.jar:/home/travis/build/icyphy/ptII/lib/ptCal.jar:/home/travis/build/icyphy/ptII/lib/java_cup.jar:/home/travis/build/icyphy/ptII/lib/saxon8.jar:/home/travis/build/icyphy/ptII/lib/saxon8-dom.jar:/home/travis/build/icyphy/ptII/lib/chic.jar:/home/travis/build/icyphy/ptII/lib/ptcolt.jar:/usr/lib/jvm/java-8-oracle/lib/tools.jar:/home/travis/build/icyphy/ptII/vendors/misc/itext/iText.jar:/home/travis/build/icyphy/ptII/lib/g4ltl.jar:/home/travis/build/icyphy/ptII/lib/StructuralCoder.jar:/home/travis/build/icyphy/ptII/vendors/jai-1_1_2_01/lib/jai_core.jar:/home/travis/build/icyphy/ptII/vendors/jai-1_1_2_01/lib/jai_codec.jar:/home/travis/build/icyphy/ptII/lib/jcerti.jar:/home/travis/build/icyphy/ptII/lib/javax.mail.jar:/home/travis/build/icyphy/ptII/vendors/JMF-2.1.1e/lib/jmf.jar:/home/travis/build/icyphy/ptII/lib/jna-4.0.0-variadic.jar:/home/travis/build/icyphy/ptII/vendors/misc/joystick/Joystick.jar:/home/travis/build/icyphy/ptII/lib/ptjacl.jar:/home/travis/build/icyphy/ptII/lib/jsoup-1.8.2.jar:/home/travis/build/icyphy/ptII/lib/junit-4.8.2.jar:/home/travis/build/icyphy/ptII/lib/JUnitParams-0.4.0.jar:/home/travis/build/icyphy/ptII/ptolemy/actor/lib/excel/jxl.jar:/home/travis/build/icyphy/ptII/lib/jython.jar:/home/travis/build/icyphy/ptII/lib/kieler.jar:/home/travis/build/icyphy/ptII/vendors/opencv/share/OpenCV/java/opencv-341.jar:/home/travis/build/icyphy/ptII/lib/oscP5.jar:/home/travis/build/icyphy/ptII/lib/nrjavaserial-3.11.0.devel.jar:/home/travis/build/icyphy/ptII/vendors/j3d/lib/j3dcore.jar:/home/travis/build/icyphy/ptII/vendors/j3d/lib/j3dutils.jar:/home/travis/build/icyphy/ptII/vendors/j3d/lib/vecmath.jar:/home/travis/build/icyphy/ptII/ptolemy/distributed/jini/jar/jini-core.jar:/home/travis/build/icyphy/ptII/ptolemy/distributed/jini/jar/jini-ext.jar:/home/travis/build/icyphy/ptII/ptolemy/distributed/jini/jar/sun-util.jar:/home/travis/build/icyphy/ptII/lib/protobuf-java-2.4.1.jar:/home/travis/build/icyphy/ptII/lib/org.eclipse.paho.client.mqttv3.jar:/home/travis/build/icyphy/ptII/lib/mapss.jar:/home/travis/build/icyphy/ptII/ptolemy/actor/ptalon/antlr/antlr.jar:/home/travis/build/icyphy/ptII/lib/JRI.jar:/home/travis/build/icyphy/ptII/lib/commons-lang-2.6.jar:/home/travis/build/icyphy/ptII/lib/commons-logging-1.1.1.jar:/home/travis/build/icyphy/ptII/lib/sootclasses.jar:/home/travis/build/icyphy/ptII/ptolemy/actor/lib/database/mysql-connector-java-5.1.6-bin.jar:/home/travis/build/icyphy/ptII/vendors/misc/sphinx4/sphinx4-data-5prealpha.jar:/home/travis/build/icyphy/ptII/vendors/misc/sphinx4/sphinx4-core-5prealpha.jar:/home/travis/build/icyphy/ptII/lib/PDFRenderer.jar:/home/travis/build/icyphy/ptII/lib/svgSalamander.jar:/home/travis/build/icyphy/ptII/lib/rsyntaxtextarea-2.6.0-SNAPSHOT.jar:/home/travis/build/icyphy/ptII/lib/hazelcast-3.8.2.jar:/home/travis/build/icyphy/ptII/lib/jackson-annotations-2.9.0.jar:/home/travis/build/icyphy/ptII/lib/jackson-core-2.9.3.jar:/home/travis/build/icyphy/ptII/lib/jackson-databind-2.9.3.jar:/home/travis/build/icyphy/ptII/lib/netty-buffer-4.1.19.Final.jar:/home/travis/build/icyphy/ptII/lib/netty-codec-4.1.19.Final.jar:/home/travis/build/icyphy/ptII/lib/netty-codec-dns-4.1.19.Final.jar:/home/travis/build/icyphy/ptII/lib/netty-codec-http-4.1.19.Final.jar:/home/travis/build/icyphy/ptII/lib/netty-codec-http2-4.1.19.Final.jar:/home/travis/build/icyphy/ptII/lib/netty-common-4.1.19.Final.jar:/home/travis/build/icyphy/ptII/lib/netty-handler-4.1.19.Final.jar:/home/travis/build/icyphy/ptII/lib/netty-resolver-4.1.19.Final.jar:/home/travis/build/icyphy/ptII/lib/netty-resolver-dns-4.1.19.Final.jar:/home/travis/build/icyphy/ptII/lib/netty-transport-4.1.19.Final.jar:/home/travis/build/icyphy/ptII/lib/vertx-codegen-3.5.1.jar:/home/travis/build/icyphy/ptII/lib/vertx-core-3.5.2-SNAPSHOT.jar:/home/travis/build/icyphy/ptII/lib/vertx-hazelcast-3.5.1.jar:/home/travis/build/icyphy/ptII/lib/vertx-lang-js-3.5.1.jar:/home/travis/build/icyphy/ptII/lib/vertx-service-proxy-3.5.1.jar:/home/travis/build/icyphy/ptII/lib/vertx-web-3.5.1.jar:/home/travis/build/icyphy/ptII/lib/slf4j-api-1.7.13.jar:/home/travis/build/icyphy/ptII/lib/slf4j-simple-1.7.13.jar:/home/travis/build/icyphy/ptII/lib/webcam-capture-0.3.12.jar:/home/travis/build/icyphy/ptII/lib/bridj-0.7.0.jar:/home/travis/build/icyphy/ptII/lib/xbjlib-1.1.0.nrjavaserial.jar:/home/travis/build/icyphy/ptII/ptolemy/moml/test:/home/travis/build/icyphy/ptII/ant/lib/ant-launcher.jar:/home/travis/build/icyphy/ptII/ant/lib/ant.jar:/home/travis/build/icyphy/ptII/ant/lib/ant-junit.jar:/home/travis/build/icyphy/ptII/ant/lib/ant-junit4.jar" />
    <property name="ant.library.dir" value="/home/travis/build/icyphy/ptII/ant/lib" />
    <property name="os.arch" value="amd64" />
    <property name="env.TRAVIS_LANGUAGE" value="node_js" />
    <property name="env.CONTINUOUS_INTEGRATION" value="true" />
    <property name="env.TRAVIS_STACK_LANGUAGES" value="__garnet__ c c++ clojure cplusplus cpp default go groovy java node_js php pure_java python ruby scala" />
    <property name="test.name" value="ptolemy.actor.lib.test.junit.JUnitTclTest" />
    <property name="sun.java.launcher" value="SUN_STANDARD" />
    <property name="env.PYTHON_CONFIGURE_OPTS" value="--enable-unicode=ucs4 --with-wide-unicode --enable-shared --enable-ipv6 --enable-loadable-sqlite-extensions --with-computed-gotos" />
    <property name="ant.core.lib" value="/home/travis/build/icyphy/ptII/ant/lib/ant.jar" />
    <property name="java.vm.specification.vendor" value="Oracle Corporation" />
    <property name="env.BCVTB_HOME" value="/home/travis/build/icyphy/ptII/lbnl" />
    <property name="file.separator" value="/" />
    <property name="spotbugs.home" value="/home/travis/build/icyphy/ptII/vendors/spotbugs-3.1.1" />
    <property name="java.runtime.version" value="1.8.0_151-b12" />
    <property name="sun.boot.class.path" value="/usr/lib/jvm/java-8-oracle/jre/lib/resources.jar:/usr/lib/jvm/java-8-oracle/jre/lib/rt.jar:/usr/lib/jvm/java-8-oracle/jre/lib/sunrsasign.jar:/usr/lib/jvm/java-8-oracle/jre/lib/jsse.jar:/usr/lib/jvm/java-8-oracle/jre/lib/jce.jar:/usr/lib/jvm/java-8-oracle/jre/lib/charsets.jar:/usr/lib/jvm/java-8-oracle/jre/lib/jfr.jar:/usr/lib/jvm/java-8-oracle/jre/classes" />
    <property name="env.ANSI_CLEAR" value="\033[0K" />
    <property name="env.HAS_JOSH_K_SEAL_OF_APPROVAL" value="true" />
    <property name="env.XDG_RUNTIME_DIR" value="/run/user/2000" />
    <property name="env.TRAVIS_OSX_IMAGE" value="" />
    <property name="env.TRAVIS_BRANCH" value="master" />
    <property name="env.TRAVIS_JOB_ID" value="499471663" />
    <property name="user.country" value="US" />
    <property name="env.CERTI_HOME_TRAVIS" value="/home/travis/pthla/certi-tools" />
    <property name="env.SHELL" value="/bin/bash" />
    <property name="java.maxmemory.large" value="5000m" />
    <property name="model" value="" />
    <property name="env.CASHER_DIR" value="/home/travis/.casher" />
    <property name="env.NVM_CD_FLAGS" value="" />
    <property name="jshint.executable" value="/home/travis/node_modules/jshint/bin/jshint" />
    <property name="java.vendor" value="Oracle Corporation" />
    <property name="env.JRUBY_OPTS" value=" --client -J-XX:+TieredCompilation -J-XX:TieredStopAtLevel=1 -J-Xss2m -Xcompile.invokedynamic=false" />
    <property name="env.TRAVIS_PRE_CHEF_BOOTSTRAP_TIME" value="2017-12-05T19:32:55" />
    <property name="env.TRAVIS_STACK_JOB_BOARD_REGISTER" value="/.job-board-register.yml" />
    <property name="env.ELIXIR_VERSION" value="1.4.5" />
    <property name="env.ANSI_RED" value="\033[31;1m" />
    <property name="java.specification.version" value="1.8" />
    <property name="env.TRAVIS" value="true" />
    <property name="env.IRBRC" value="/home/travis/.rvm/rubies/ruby-2.4.1/.irbrc" />
    <property name="sun.arch.data.model" value="64" />
  </properties>
  <testcase classname="ptolemy.util.test.junit.TclTests" name="[0] /home/travis/build/icyphy/ptII/ptolemy/domains/de/test/DependencyLoop.tcl (RunTclFile)" time="0.725" />
  <testcase classname="ptolemy.util.test.junit.TclTests" name="[1] /home/travis/build/icyphy/ptII/ptolemy/domains/de/test/RunDETestsAsQSS.tcl (RunTclFile)" time="83.735" />
  <testcase classname="ptolemy.util.test.junit.AutoKnownFailedTests" name="[0] /home/travis/build/icyphy/ptII/ptolemy/domains/de/test/auto/knownFailedTests/DESDFClockTest.xml (RunModel)" time="2.042" />
  <testcase classname="ptolemy.util.test.junit.AutoKnownFailedTests" name="[1] /home/travis/build/icyphy/ptII/ptolemy/domains/de/test/auto/knownFailedTests/DirectFeedback.xml (RunModel)" time="0.02" />
  <testcase classname="ptolemy.util.test.junit.AutoKnownFailedTests" name="[2] /home/travis/build/icyphy/ptII/ptolemy/domains/de/test/auto/knownFailedTests/FSMSource.xml (RunModel)" time="0.042" />
  <testcase classname="ptolemy.util.test.junit.AutoKnownFailedTests" name="[3] /home/travis/build/icyphy/ptII/ptolemy/domains/de/test/auto/knownFailedTests/HierarchicalModel.xml (RunModel)" time="0.032" />
  <testcase classname="ptolemy.util.test.junit.AutoKnownFailedTests" name="[4] /home/travis/build/icyphy/ptII/ptolemy/domains/de/test/auto/knownFailedTests/dependencyLoop.xml (RunModel)" time="0.032" />
  <testcase classname="ptolemy.util.test.junit.AutoKnownFailedTests" name="[5] /home/travis/build/icyphy/ptII/ptolemy/domains/de/test/auto/knownFailedTests/dependencyLoop2.xml (RunModel)" time="0.034" />
  <testcase classname="ptolemy.util.test.junit.AutoNameArchTests" name="[0] ThereAreNoAutoArchTests (RunModel)" time="0.0" />
  <testcase classname="ptolemy.util.test.junit.AutoTests" name="[0] /home/travis/build/icyphy/ptII/ptolemy/domains/de/test/auto/ActorDepthCalculation_actorWithoutPorts.xml (RunModel)" time="0.014" />
  <testcase classname="ptolemy.util.test.junit.AutoTests" name="[1] /home/travis/build/icyphy/ptII/ptolemy/domains/de/test/auto/AssemblyLine.xml (RunModel)" time="0.015" />
  <testcase classname="ptolemy.util.test.junit.AutoTests" name="[2] /home/travis/build/icyphy/ptII/ptolemy/domains/de/test/auto/CQBug1.xml (RunModel)" time="0.007" />
  <testcase classname="ptolemy.util.test.junit.AutoTests" name="[3] /home/travis/build/icyphy/ptII/ptolemy/domains/de/test/auto/CancelFireAt.xml (RunModel)" time="0.008" />
  <testcase classname="ptolemy.util.test.junit.AutoTests" name="[4] /home/travis/build/icyphy/ptII/ptolemy/domains/de/test/auto/CausalityAndComposabilityAnalysis.xml (RunModel)" time="0.016" />
  <testcase classname="ptolemy.util.test.junit.AutoTests" name="[5] /home/travis/build/icyphy/ptII/ptolemy/domains/de/test/auto/CausalityInterface1.xml (RunModel)" time="0.016" />
  <testcase classname="ptolemy.util.test.junit.AutoTests" name="[6] /home/travis/build/icyphy/ptII/ptolemy/domains/de/test/auto/CausalityInterface15.xml (RunModel)" time="0.011" />
  <testcase classname="ptolemy.util.test.junit.AutoTests" name="[7] /home/travis/build/icyphy/ptII/ptolemy/domains/de/test/auto/CausalityInterface2.xml (RunModel)" time="0.01" />
  <testcase classname="ptolemy.util.test.junit.AutoTests" name="[8] /home/travis/build/icyphy/ptII/ptolemy/domains/de/test/auto/CausalityInterface3.xml (RunModel)" time="0.008" />
  <testcase classname="ptolemy.util.test.junit.AutoTests" name="[9] /home/travis/build/icyphy/ptII/ptolemy/domains/de/test/auto/ClockDrift.xml (RunModel)" time="0.041" />
  <testcase classname="ptolemy.util.test.junit.AutoTests" name="[10] /home/travis/build/icyphy/ptII/ptolemy/domains/de/test/auto/ClockDriftAndValueChange.xml (RunModel)" time="0.024" />
  <testcase classname="ptolemy.util.test.junit.AutoTests" name="[11] /home/travis/build/icyphy/ptII/ptolemy/domains/de/test/auto/ClockDriftChange.xml (RunModel)" time="0.021" />
  <testcase classname="ptolemy.util.test.junit.AutoTests" name="[12] /home/travis/build/icyphy/ptII/ptolemy/domains/de/test/auto/ComposableCausalityAnalysis.xml (RunModel)" time="0.019" />
  <testcase classname="ptolemy.util.test.junit.AutoTests" name="[13] /home/travis/build/icyphy/ptII/ptolemy/domains/de/test/auto/DEFixedPointLimitation.xml (RunModel)" time="0.008" />
  <testcase classname="ptolemy.util.test.junit.AutoTests" name="[14] /home/travis/build/icyphy/ptII/ptolemy/domains/de/test/auto/DEScheduleTest.xml (RunModel)" time="0.026" />
  <testcase classname="ptolemy.util.test.junit.AutoTests" name="[15] /home/travis/build/icyphy/ptII/ptolemy/domains/de/test/auto/DEinDEwithStartTimes.xml (RunModel)" time="0.023" />
  <testcase classname="ptolemy.util.test.junit.AutoTests" name="[16] /home/travis/build/icyphy/ptII/ptolemy/domains/de/test/auto/DEinDEwithStartTimes2.xml (RunModel)" time="0.013" />
  <testcase classname="ptolemy.util.test.junit.AutoTests" name="[17] /home/travis/build/icyphy/ptII/ptolemy/domains/de/test/auto/DateDemo.xml (RunModel)" time="0.021" />
  <testcase classname="ptolemy.util.test.junit.AutoTests" name="[18] /home/travis/build/icyphy/ptII/ptolemy/domains/de/test/auto/DateToEvent.xml (RunModel)" time="2.031" />
  <testcase classname="ptolemy.util.test.junit.AutoTests" name="[19] /home/travis/build/icyphy/ptII/ptolemy/domains/de/test/auto/DepthTest1.xml (RunModel)" time="0.012" />
  <testcase classname="ptolemy.util.test.junit.AutoTests" name="[20] /home/travis/build/icyphy/ptII/ptolemy/domains/de/test/auto/DepthTest2.xml (RunModel)" time="0.015" />
  <testcase classname="ptolemy.util.test.junit.AutoTests" name="[21] /home/travis/build/icyphy/ptII/ptolemy/domains/de/test/auto/DepthTest3.xml (RunModel)" time="0.006" />
  <testcase classname="ptolemy.util.test.junit.AutoTests" name="[22] /home/travis/build/icyphy/ptII/ptolemy/domains/de/test/auto/DepthTest4.xml (RunModel)" time="0.009" />
  <testcase classname="ptolemy.util.test.junit.AutoTests" name="[23] /home/travis/build/icyphy/ptII/ptolemy/domains/de/test/auto/DepthTest5.xml (RunModel)" time="0.015" />
  <testcase classname="ptolemy.util.test.junit.AutoTests" name="[24] /home/travis/build/icyphy/ptII/ptolemy/domains/de/test/auto/DepthTest6.xml (RunModel)" time="0.011" />
  <testcase classname="ptolemy.util.test.junit.AutoTests" name="[25] /home/travis/build/icyphy/ptII/ptolemy/domains/de/test/auto/DepthTest7.xml (RunModel)" time="0.014" />
  <testcase classname="ptolemy.util.test.junit.AutoTests" name="[26] /home/travis/build/icyphy/ptII/ptolemy/domains/de/test/auto/EventToDate.xml (RunModel)" time="3.03" />
  <testcase classname="ptolemy.util.test.junit.AutoTests" name="[27] /home/travis/build/icyphy/ptII/ptolemy/domains/de/test/auto/FSM1.xml (RunModel)" time="0.026" />
  <testcase classname="ptolemy.util.test.junit.AutoTests" name="[28] /home/travis/build/icyphy/ptII/ptolemy/domains/de/test/auto/FSM7.xml (RunModel)" time="0.024" />
  <testcase classname="ptolemy.util.test.junit.AutoTests" name="[29] /home/travis/build/icyphy/ptII/ptolemy/domains/de/test/auto/Inspection.xml (RunModel)" time="0.033" />
  <testcase classname="ptolemy.util.test.junit.AutoTests" name="[30] /home/travis/build/icyphy/ptII/ptolemy/domains/de/test/auto/Iteration.xml (RunModel)" time="0.015" />
  <testcase classname="ptolemy.util.test.junit.AutoTests" name="[31] /home/travis/build/icyphy/ptII/ptolemy/domains/de/test/auto/LineFault.xml (RunModel)" time="0.513" />
  <testcase classname="ptolemy.util.test.junit.AutoTests" name="[32] /home/travis/build/icyphy/ptII/ptolemy/domains/de/test/auto/MergeModel1Add.xml (RunModel)" time="0.039" />
  <testcase classname="ptolemy.util.test.junit.AutoTests" name="[33] /home/travis/build/icyphy/ptII/ptolemy/domains/de/test/auto/MergeModel2Add.xml (RunModel)" time="0.031" />
  <testcase classname="ptolemy.util.test.junit.AutoTests" name="[34] /home/travis/build/icyphy/ptII/ptolemy/domains/de/test/auto/MergeModel3Add.xml (RunModel)" time="0.036" />
  <testcase classname="ptolemy.util.test.junit.AutoTests" name="[35] /home/travis/build/icyphy/ptII/ptolemy/domains/de/test/auto/MergeWithoutDiscard.xml (RunModel)" time="0.008" />
  <testcase classname="ptolemy.util.test.junit.AutoTests" name="[36] /home/travis/build/icyphy/ptII/ptolemy/domains/de/test/auto/Modal1.xml (RunModel)" time="0.025" />
  <testcase classname="ptolemy.util.test.junit.AutoTests" name="[37] /home/travis/build/icyphy/ptII/ptolemy/domains/de/test/auto/Modal2.xml (RunModel)" time="0.023" />
  <testcase classname="ptolemy.util.test.junit.AutoTests" name="[38] /home/travis/build/icyphy/ptII/ptolemy/domains/de/test/auto/Modal3.xml (RunModel)" time="0.021" />
  <testcase classname="ptolemy.util.test.junit.AutoTests" name="[39] /home/travis/build/icyphy/ptII/ptolemy/domains/de/test/auto/Modal4.xml (RunModel)" time="0.022" />
  <testcase classname="ptolemy.util.test.junit.AutoTests" name="[40] /home/travis/build/icyphy/ptII/ptolemy/domains/de/test/auto/Modal5.xml (RunModel)" time="0.022" />
  <testcase classname="ptolemy.util.test.junit.AutoTests" name="[41] /home/travis/build/icyphy/ptII/ptolemy/domains/de/test/auto/Modal6.xml (RunModel)" time="0.022" />
  <testcase classname="ptolemy.util.test.junit.AutoTests" name="[42] /home/travis/build/icyphy/ptII/ptolemy/domains/de/test/auto/Modal7.xml (RunModel)" time="0.022" />
  <testcase classname="ptolemy.util.test.junit.AutoTests" name="[43] /home/travis/build/icyphy/ptII/ptolemy/domains/de/test/auto/ModalModel.xml (RunModel)" time="0.126" />
  <testcase classname="ptolemy.util.test.junit.AutoTests" name="[44] /home/travis/build/icyphy/ptII/ptolemy/domains/de/test/auto/ModalSource.xml (RunModel)" time="0.016" />
  <testcase classname="ptolemy.util.test.junit.AutoTests" name="[45] /home/travis/build/icyphy/ptII/ptolemy/domains/de/test/auto/NonInterruptibleTimerZeroDelay.xml (RunModel)" time="0.007" />
  <testcase classname="ptolemy.util.test.junit.AutoTests" name="[46] /home/travis/build/icyphy/ptII/ptolemy/domains/de/test/auto/OpenQueueingNetwork.xml (RunModel)" time="2.112" />
  <testcase classname="ptolemy.util.test.junit.AutoTests" name="[47] /home/travis/build/icyphy/ptII/ptolemy/domains/de/test/auto/OpenQueuingNetwork.xml (RunModel)" time="0.268" />
  <testcase classname="ptolemy.util.test.junit.AutoTests" name="[48] /home/travis/build/icyphy/ptII/ptolemy/domains/de/test/auto/PeriodicSampler.xml (RunModel)" time="0.008" />
  <testcase classname="ptolemy.util.test.junit.AutoTests" name="[49] /home/travis/build/icyphy/ptII/ptolemy/domains/de/test/auto/PersistentIO.xml (RunModel)" time="0.02" />
  <testcase classname="ptolemy.util.test.junit.AutoTests" name="[50] /home/travis/build/icyphy/ptII/ptolemy/domains/de/test/auto/PortParameterResetOnInitialize.xml (RunModel)" time="0.012" />
  <testcase classname="ptolemy.util.test.junit.AutoTests" name="[51] /home/travis/build/icyphy/ptII/ptolemy/domains/de/test/auto/PortParameterUpdates.xml (RunModel)" time="0.011" />
  <testcase classname="ptolemy.util.test.junit.AutoTests" name="[52] /home/travis/build/icyphy/ptII/ptolemy/domains/de/test/auto/QueueAndServer.xml (RunModel)" time="0.02" />
  <testcase classname="ptolemy.util.test.junit.AutoTests" name="[53] /home/travis/build/icyphy/ptII/ptolemy/domains/de/test/auto/Records.xml (RunModel)" time="0.017" />
  <testcase classname="ptolemy.util.test.junit.AutoTests" name="[54] /home/travis/build/icyphy/ptII/ptolemy/domains/de/test/auto/ResetTransitionWithStartTime1.xml (RunModel)" time="0.015" />
  <testcase classname="ptolemy.util.test.junit.AutoTests" name="[55] /home/travis/build/icyphy/ptII/ptolemy/domains/de/test/auto/ResetTransitionWithStartTime2.xml (RunModel)" time="0.012" />
  <testcase classname="ptolemy.util.test.junit.AutoTests" name="[56] /home/travis/build/icyphy/ptII/ptolemy/domains/de/test/auto/ResetTransitionWithStartTime3.xml (RunModel)" time="0.013" />
  <testcase classname="ptolemy.util.test.junit.AutoTests" name="[57] /home/travis/build/icyphy/ptII/ptolemy/domains/de/test/auto/ResetTransitionWithStartTime4.xml (RunModel)" time="0.016" />
  <testcase classname="ptolemy.util.test.junit.AutoTests" name="[58] /home/travis/build/icyphy/ptII/ptolemy/domains/de/test/auto/ResettableTimer1.xml (RunModel)" time="0.008" />
  <testcase classname="ptolemy.util.test.junit.AutoTests" name="[59] /home/travis/build/icyphy/ptII/ptolemy/domains/de/test/auto/ResettableTimer2.xml (RunModel)" time="0.007" />
  <testcase classname="ptolemy.util.test.junit.AutoTests" name="[60] /home/travis/build/icyphy/ptII/ptolemy/domains/de/test/auto/ResettableTimer3.xml (RunModel)" time="0.007" />
  <testcase classname="ptolemy.util.test.junit.AutoTests" name="[61] /home/travis/build/icyphy/ptII/ptolemy/domains/de/test/auto/ResettableTimer4.xml (RunModel)" time="0.008" />
  <testcase classname="ptolemy.util.test.junit.AutoTests" name="[62] /home/travis/build/icyphy/ptII/ptolemy/domains/de/test/auto/ResettableTimer5.xml (RunModel)" time="0.007" />
  <testcase classname="ptolemy.util.test.junit.AutoTests" name="[63] /home/travis/build/icyphy/ptII/ptolemy/domains/de/test/auto/ResettableTimer6.xml (RunModel)" time="0.015" />
  <testcase classname="ptolemy.util.test.junit.AutoTests" name="[64] /home/travis/build/icyphy/ptII/ptolemy/domains/de/test/auto/ServerZeroDelay.xml (RunModel)" time="0.009" />
  <testcase classname="ptolemy.util.test.junit.AutoTests" name="[65] /home/travis/build/icyphy/ptII/ptolemy/domains/de/test/auto/SmartSender.xml (RunModel)" time="3.008" />
  <testcase classname="ptolemy.util.test.junit.AutoTests" name="[66] /home/travis/build/icyphy/ptII/ptolemy/domains/de/test/auto/ThreadedComposite.xml (RunModel)" time="0.12" />
  <testcase classname="ptolemy.util.test.junit.AutoTests" name="[67] /home/travis/build/icyphy/ptII/ptolemy/domains/de/test/auto/Time.xml (RunModel)" time="0.392" />
  <testcase classname="ptolemy.util.test.junit.AutoTests" name="[68] /home/travis/build/icyphy/ptII/ptolemy/domains/de/test/auto/TimeDelayZeroDelay.xml (RunModel)" time="0.012" />
  <testcase classname="ptolemy.util.test.junit.AutoTests" name="[69] /home/travis/build/icyphy/ptII/ptolemy/domains/de/test/auto/TimerZeroDelay.xml (RunModel)" time="0.007" />
  <testcase classname="ptolemy.util.test.junit.AutoTests" name="[70] /home/travis/build/icyphy/ptII/ptolemy/domains/de/test/auto/TimingParadox.xml (RunModel)" time="0.33" />
  <testcase classname="ptolemy.util.test.junit.AutoTests" name="[71] /home/travis/build/icyphy/ptII/ptolemy/domains/de/test/auto/TransferInputs.xml (RunModel)" time="0.008" />
  <testcase classname="ptolemy.util.test.junit.AutoTests" name="[72] /home/travis/build/icyphy/ptII/ptolemy/domains/de/test/auto/TransferOutputs2.xml (RunModel)" time="0.013" />
  <testcase classname="ptolemy.util.test.junit.AutoTests" name="[73] /home/travis/build/icyphy/ptII/ptolemy/domains/de/test/auto/Trilateration.xml (RunModel)" time="10.799" />
  <testcase classname="ptolemy.util.test.junit.AutoTests" name="[74] /home/travis/build/icyphy/ptII/ptolemy/domains/de/test/auto/TwoSigmaDelta.xml (RunModel)" time="2.074" />
  <testcase classname="ptolemy.util.test.junit.AutoTests" name="[75] /home/travis/build/icyphy/ptII/ptolemy/domains/de/test/auto/VariableDelay.xml (RunModel)" time="0.01" />
  <testcase classname="ptolemy.util.test.junit.AutoTests" name="[76] /home/travis/build/icyphy/ptII/ptolemy/domains/de/test/auto/VariableDelay2.xml (RunModel)" time="0.007" />
  <testcase classname="ptolemy.util.test.junit.AutoTests" name="[77] /home/travis/build/icyphy/ptII/ptolemy/domains/de/test/auto/VariableDelayZeroDelay.xml (RunModel)" time="0.008" />
  <testcase classname="ptolemy.util.test.junit.AutoTests" name="[78] /home/travis/build/icyphy/ptII/ptolemy/domains/de/test/auto/VariableDelayZeroDelay2.xml (RunModel)" time="0.007" />
  <testcase classname="ptolemy.util.test.junit.AutoTests" name="[79] /home/travis/build/icyphy/ptII/ptolemy/domains/de/test/auto/deInCt.xml (RunModel)" time="0.013" />
  <testcase classname="ptolemy.util.test.junit.AutoTests" name="[80] /home/travis/build/icyphy/ptII/ptolemy/domains/de/test/auto/deInCt2.xml (RunModel)" time="0.01" />
  <testcase classname="ptolemy.util.test.junit.AutoTests" name="[81] /home/travis/build/icyphy/ptII/ptolemy/domains/de/test/auto/dynamicCausalityInterface1.xml (RunModel)" time="0.014" />
  <testcase classname="ptolemy.util.test.junit.AutoTests" name="[82] /home/travis/build/icyphy/ptII/ptolemy/domains/de/test/auto/fsm_de_test.xml (RunModel)" time="0.017" />
  <testcase classname="ptolemy.util.test.junit.AutoTests" name="[83] /home/travis/build/icyphy/ptII/ptolemy/domains/de/test/auto/functionDependencyReconstruction.xml (RunModel)" time="0.026" />
  <testcase classname="ptolemy.util.test.junit.AutoTests" name="[84] /home/travis/build/icyphy/ptII/ptolemy/domains/de/test/auto/multirate.xml (RunModel)" time="0.013" />
  <testcase classname="ptolemy.util.test.junit.AutoTests" name="[85] /home/travis/build/icyphy/ptII/ptolemy/domains/de/test/auto/multirate2.xml (RunModel)" time="0.013" />
  <testcase classname="ptolemy.util.test.junit.AutoTests" name="[86] /home/travis/build/icyphy/ptII/ptolemy/domains/de/test/auto/realtime.xml (RunModel)" time="10.008" />
  <testcase classname="ptolemy.util.test.junit.AutoTests" name="[87] /home/travis/build/icyphy/ptII/ptolemy/domains/de/test/auto/relationGroup.xml (RunModel)" time="0.01" />
  <testcase classname="ptolemy.util.test.junit.AutoTests" name="[88] /home/travis/build/icyphy/ptII/ptolemy/domains/de/test/auto/relationGroup2.xml (RunModel)" time="0.006" />
  <testcase classname="ptolemy.util.test.junit.AutoTests" name="[89] /home/travis/build/icyphy/ptII/ptolemy/domains/de/test/auto/sortWithOpaquePorts.xml (RunModel)" time="0.006" />
  <testcase classname="ptolemy.util.test.junit.AutoTests" name="[90] /home/travis/build/icyphy/ptII/ptolemy/domains/de/test/auto/transferInputsandOutputs.xml (RunModel)" time="0.011" />
  <testcase classname="ptolemy.util.test.junit.AutoTests" name="[91] /home/travis/build/icyphy/ptII/ptolemy/domains/de/test/auto/triggerType.xml (RunModel)" time="0.006" />
  <system-out><![CDATA[/home/travis/build/icyphy/ptII/ptolemy/domains/de/test/DependencyLoop.tcl
testDefs.tcl: setting time out to 9000 seconds at Wed Feb 27 20:57:49 UTC 2019
14 ms. Memory: 116224K Free: 97570K (84%)
21 ms. Memory: 146944K Free: 142371K (97%)
/home/travis/build/icyphy/ptII/ptolemy/domains/de/test/RunDETestsAsQSS.tcl
Run the DE tests using ptolemy.domains.qss.test.QSSDirectorTest, which extends QSSDirector and prints a message in the constructors.
------------------ testing $PTII/ptolemy/domains/de/test/auto/knownFailedTests/dependencyLoop.xml (Known Failure) 
11 ms. Memory: 146944K Free: 136896K (93%)


==== $PTIIhome/travis/build/icyphy/ptII/ptolemy/domains/de/test/../../../../: Auto Automatic test in file $PTII/ptolemy/domains/de/test/auto/knownFailedTests/dependencyLoop.xml
==== Contents of test case:

	    # FIXME: we should use $relativeFilename here, but it
	    # might have backslashes under Windows, which causes no end
	    # of trouble.
	    createAndExecute $file
	    list {}
	
.... Test generated KNOWN error:
    while executing
ptolemy.kernel.util.IllegalActionException: Found a zero delay loop containing .dependencyLoop.original
  in .dependencyLoop and .dependencyLoop.original
	at ptolemy.actor.util.CausalityInterfaceForComposites._computeOutputPortDepth(CausalityInterfaceForComposites.java:759)
	at ptolemy.actor.util.CausalityInterfaceForComposites._computeInputDepth(CausalityInterfaceForComposites.java:696)
	at ptolemy.actor.util.CausalityInterfaceForComposites._computeOutputPortDepth(CausalityInterfaceForComposites.java:765)
	at ptolemy.actor.util.CausalityInterfaceForComposites._computeInputDepth(CausalityInterfaceForComposites.java:696)
	at ptolemy.actor.util.CausalityInterfaceForComposites._computeOutputPortDepth(CausalityInterfaceForComposites.java:765)
	at ptolemy.actor.util.CausalityInterfaceForComposites._computeInputDepth(CausalityInterfaceForComposites.java:696)
	at ptolemy.actor.util.CausalityInterfaceForComposites._computeActorDepth(CausalityInterfaceForComposites.java:532)
	at ptolemy.actor.util.CausalityInterfaceForComposites.checkForCycles(CausalityInterfaceForComposites.java:96)
	at ptolemy.domains.de.kernel.DEDirector.preinitialize(DEDirector.java:1338)
	at ptolemy.actor.CompositeActor.preinitialize(CompositeActor.java:1828)
	at ptolemy.actor.Manager.preinitializeAndResolveTypes(Manager.java:1040)
	at ptolemy.actor.Manager.initialize(Manager.java:710)
	at ptolemy.actor.Manager.execute(Manager.java:356)
	at ptolemy.actor.Manager.run(Manager.java:1263)
	at ptolemy.actor.Manager$PtolemyRunThread.run(Manager.java:1915)

    while executing
ptolemy.kernel.util.IllegalActionException: Found a zero delay loop containing .dependencyLoop.original
  in .dependencyLoop and .dependencyLoop.original
    while executing
"java::new ptolemy.moml.MoMLSimpleApplication $file
"
    (procedure "createAndExecute" line 2)
    invoked from within
"createAndExecute $file"
    ("uplevel" body line 5)
    invoked from within
"uplevel $contents_of_test"
------------------ testing $PTII/ptolemy/domains/de/test/auto/knownFailedTests/DESDFClockTest.xml (Known Failure) 
2058 ms. Memory: 146944K Free: 121317K (83%)


==== $PTIIhome/travis/build/icyphy/ptII/ptolemy/domains/de/test/../../../../: Auto Automatic test in file $PTII/ptolemy/domains/de/test/auto/knownFailedTests/DESDFClockTest.xml
==== Contents of test case:

	    # FIXME: we should use $relativeFilename here, but it
	    # might have backslashes under Windows, which causes no end
	    # of trouble.
	    createAndExecute $file
	    list {}
	
.... Test generated KNOWN error:
    while executing
ptolemy.kernel.util.IllegalActionException: Actor is not ready to fire.  Perhaps UpSample.prefire() returned false? Try debugging the actor by selecting "Listen to Actor".  Also, for SDF check moml for tokenConsumptionRate on input.
  in .DESDFClockTest.Play Bell.Copy1:SDF Director and .DESDFClockTest.Play Bell.UpSample
	at ptolemy.actor.sched.StaticSchedulingDirector.fire(StaticSchedulingDirector.java:227)
	at ptolemy.domains.sdf.kernel.SDFDirector.fire(SDFDirector.java:500)
	at ptolemy.actor.CompositeActor.fire(CompositeActor.java:455)
	at ptolemy.domains.de.kernel.DEDirector._fire(DEDirector.java:1949)
	at ptolemy.domains.de.kernel.DEDirector.fire(DEDirector.java:502)
	at ptolemy.actor.CompositeActor.fire(CompositeActor.java:455)
	at ptolemy.actor.Manager.iterate(Manager.java:851)
	at ptolemy.actor.Manager.execute(Manager.java:369)
	at ptolemy.actor.Manager.run(Manager.java:1263)
	at ptolemy.actor.Manager$PtolemyRunThread.run(Manager.java:1915)

    while executing
ptolemy.kernel.util.IllegalActionException: Actor is not ready to fire.  Perhaps UpSample.prefire() returned false? Try debugging the actor by selecting "Listen to Actor".  Also, for SDF check moml for tokenConsumptionRate on input.
  in .DESDFClockTest.Play Bell.Copy1:SDF Director and .DESDFClockTest.Play Bell.UpSample
    while executing
"java::new ptolemy.moml.MoMLSimpleApplication $file
"
    (procedure "createAndExecute" line 2)
    invoked from within
"createAndExecute $file"
    ("uplevel" body line 5)
    invoked from within
"uplevel $contents_of_test"
------------------ testing $PTII/ptolemy/domains/de/test/auto/knownFailedTests/FSMSource.xml (Known Failure) 
24 ms. Memory: 146944K Free: 112466K (77%)
!!!! Auto was marked as failing, but now passes
------------------ testing $PTII/ptolemy/domains/de/test/auto/knownFailedTests/dependencyLoop2.xml (Known Failure) 
10 ms. Memory: 146944K Free: 110583K (75%)


==== $PTIIhome/travis/build/icyphy/ptII/ptolemy/domains/de/test/../../../../: Auto Automatic test in file $PTII/ptolemy/domains/de/test/auto/knownFailedTests/dependencyLoop2.xml
==== Contents of test case:

	    # FIXME: we should use $relativeFilename here, but it
	    # might have backslashes under Windows, which causes no end
	    # of trouble.
	    createAndExecute $file
	    list {}
	
.... Test generated KNOWN error:
    while executing
ptolemy.kernel.util.IllegalActionException: Found a zero delay loop containing .dependencyLoop2.original
  in .dependencyLoop2 and .dependencyLoop2.original
	at ptolemy.actor.util.CausalityInterfaceForComposites._computeOutputPortDepth(CausalityInterfaceForComposites.java:759)
	at ptolemy.actor.util.CausalityInterfaceForComposites._computeInputDepth(CausalityInterfaceForComposites.java:696)
	at ptolemy.actor.util.CausalityInterfaceForComposites._computeOutputPortDepth(CausalityInterfaceForComposites.java:765)
	at ptolemy.actor.util.CausalityInterfaceForComposites._computeInputDepth(CausalityInterfaceForComposites.java:696)
	at ptolemy.actor.util.CausalityInterfaceForComposites._computeOutputPortDepth(CausalityInterfaceForComposites.java:765)
	at ptolemy.actor.util.CausalityInterfaceForComposites._computeInputDepth(CausalityInterfaceForComposites.java:696)
	at ptolemy.actor.util.CausalityInterfaceForComposites._computeActorDepth(CausalityInterfaceForComposites.java:532)
	at ptolemy.actor.util.CausalityInterfaceForComposites.checkForCycles(CausalityInterfaceForComposites.java:96)
	at ptolemy.domains.de.kernel.DEDirector.preinitialize(DEDirector.java:1338)
	at ptolemy.actor.CompositeActor.preinitialize(CompositeActor.java:1828)
	at ptolemy.actor.Manager.preinitializeAndResolveTypes(Manager.java:1040)
	at ptolemy.actor.Manager.initialize(Manager.java:710)
	at ptolemy.actor.Manager.execute(Manager.java:356)
	at ptolemy.actor.Manager.run(Manager.java:1263)
	at ptolemy.actor.Manager$PtolemyRunThread.run(Manager.java:1915)

    while executing
ptolemy.kernel.util.IllegalActionException: Found a zero delay loop containing .dependencyLoop2.original
  in .dependencyLoop2 and .dependencyLoop2.original
    while executing
"java::new ptolemy.moml.MoMLSimpleApplication $file
"
    (procedure "createAndExecute" line 2)
    invoked from within
"createAndExecute $file"
    ("uplevel" body line 5)
    invoked from within
"uplevel $contents_of_test"
------------------ testing $PTII/ptolemy/domains/de/test/auto/knownFailedTests/HierarchicalModel.xml (Known Failure) 
5 ms. Memory: 146944K Free: 90342K (61%)


==== $PTIIhome/travis/build/icyphy/ptII/ptolemy/domains/de/test/../../../../: Auto Automatic test in file $PTII/ptolemy/domains/de/test/auto/knownFailedTests/HierarchicalModel.xml
==== Contents of test case:

	    # FIXME: we should use $relativeFilename here, but it
	    # might have backslashes under Windows, which causes no end
	    # of trouble.
	    createAndExecute $file
	    list {}
	
.... Test generated KNOWN error:
    while executing
ptolemy.kernel.util.IllegalActionException: Found a zero delay loop containing .HierarchicalModel.A
  in .HierarchicalModel and .HierarchicalModel.A
	at ptolemy.actor.util.CausalityInterfaceForComposites._computeOutputPortDepth(CausalityInterfaceForComposites.java:759)
	at ptolemy.actor.util.CausalityInterfaceForComposites._computeInputDepth(CausalityInterfaceForComposites.java:696)
	at ptolemy.actor.util.CausalityInterfaceForComposites._computeOutputPortDepth(CausalityInterfaceForComposites.java:765)
	at ptolemy.actor.util.CausalityInterfaceForComposites._computeInputDepth(CausalityInterfaceForComposites.java:696)
	at ptolemy.actor.util.CausalityInterfaceForComposites._computeOutputPortDepth(CausalityInterfaceForComposites.java:765)
	at ptolemy.actor.util.CausalityInterfaceForComposites._computeInputDepth(CausalityInterfaceForComposites.java:696)
	at ptolemy.actor.util.CausalityInterfaceForComposites._computeActorDepth(CausalityInterfaceForComposites.java:532)
	at ptolemy.actor.util.CausalityInterfaceForComposites.checkForCycles(CausalityInterfaceForComposites.java:96)
	at ptolemy.domains.de.kernel.DEDirector.preinitialize(DEDirector.java:1338)
	at ptolemy.actor.CompositeActor.preinitialize(CompositeActor.java:1828)
	at ptolemy.actor.Manager.preinitializeAndResolveTypes(Manager.java:1040)
	at ptolemy.actor.Manager.initialize(Manager.java:710)
	at ptolemy.actor.Manager.execute(Manager.java:356)
	at ptolemy.actor.Manager.run(Manager.java:1263)
	at ptolemy.actor.Manager$PtolemyRunThread.run(Manager.java:1915)

    while executing
ptolemy.kernel.util.IllegalActionException: Found a zero delay loop containing .HierarchicalModel.A
  in .HierarchicalModel and .HierarchicalModel.A
    while executing
"java::new ptolemy.moml.MoMLSimpleApplication $file
"
    (procedure "createAndExecute" line 2)
    invoked from within
"createAndExecute $file"
    ("uplevel" body line 5)
    invoked from within
"uplevel $contents_of_test"
------------------ testing $PTII/ptolemy/domains/de/test/auto/knownFailedTests/DirectFeedback.xml (Known Failure) 
4 ms. Memory: 146944K Free: 86184K (59%)


==== $PTIIhome/travis/build/icyphy/ptII/ptolemy/domains/de/test/../../../../: Auto Automatic test in file $PTII/ptolemy/domains/de/test/auto/knownFailedTests/DirectFeedback.xml
==== Contents of test case:

	    # FIXME: we should use $relativeFilename here, but it
	    # might have backslashes under Windows, which causes no end
	    # of trouble.
	    createAndExecute $file
	    list {}
	
.... Test generated KNOWN error:
    while executing
ptolemy.kernel.util.IllegalActionException: Test fails in iteration 1.
Value was: 1.0. Should have been: 2.0
  in .DirectFeedback.Test
	at ptolemy.actor.lib.Test.fire(Test.java:268)
	at ptolemy.domains.de.kernel.DEDirector._fire(DEDirector.java:1949)
	at ptolemy.domains.de.kernel.DEDirector.fire(DEDirector.java:502)
	at ptolemy.actor.CompositeActor.fire(CompositeActor.java:455)
	at ptolemy.actor.Manager.iterate(Manager.java:851)
	at ptolemy.actor.Manager.execute(Manager.java:369)
	at ptolemy.actor.Manager.run(Manager.java:1263)
	at ptolemy.actor.Manager$PtolemyRunThread.run(Manager.java:1915)

    while executing
ptolemy.kernel.util.IllegalActionException: Test fails in iteration 1.
Value was: 1.0. Should have been: 2.0
  in .DirectFeedback.Test
    while executing
"java::new ptolemy.moml.MoMLSimpleApplication $file
"
    (procedure "createAndExecute" line 2)
    invoked from within
"createAndExecute $file"
    ("uplevel" body line 5)
    invoked from within
"uplevel $contents_of_test"
------------------ testing $PTII/ptolemy/domains/de/test/auto/ActorDepthCalculation_actorWithoutPorts.xml
auto.tcl: Setting watchdog for 200 seconds at Wed Feb 27 20:57:52 UTC 2019
5 ms. Memory: 146944K Free: 139939K (95%)
ptolemy.util.test.WatchDog.cancel(): canceling Wed Feb 27 20:57:52 UTC 2019
auto.tcl: Setting watchdog for 200 seconds at Wed Feb 27 20:57:52 UTC 2019
4 ms. Memory: 146944K Free: 137650K (94%)
ptolemy.util.test.WatchDog.cancel(): canceling Wed Feb 27 20:57:52 UTC 2019
------------------ testing $PTII/ptolemy/domains/de/test/auto/AssemblyLine.xml
auto.tcl: Setting watchdog for 200 seconds at Wed Feb 27 20:57:52 UTC 2019
17 ms. Memory: 208384K Free: 183446K (88%)
ptolemy.util.test.WatchDog.cancel(): canceling Wed Feb 27 20:57:52 UTC 2019
auto.tcl: Setting watchdog for 200 seconds at Wed Feb 27 20:57:52 UTC 2019
6 ms. Memory: 208384K Free: 183446K (88%)
ptolemy.util.test.WatchDog.cancel(): canceling Wed Feb 27 20:57:52 UTC 2019
------------------ testing $PTII/ptolemy/domains/de/test/auto/CQBug1.xml
auto.tcl: Setting watchdog for 200 seconds at Wed Feb 27 20:57:53 UTC 2019
4 ms. Memory: 208384K Free: 197929K (95%)
ptolemy.util.test.WatchDog.cancel(): canceling Wed Feb 27 20:57:53 UTC 2019
auto.tcl: Setting watchdog for 200 seconds at Wed Feb 27 20:57:53 UTC 2019
2 ms. Memory: 208384K Free: 197929K (95%)
ptolemy.util.test.WatchDog.cancel(): canceling Wed Feb 27 20:57:53 UTC 2019
------------------ testing $PTII/ptolemy/domains/de/test/auto/CancelFireAt.xml
auto.tcl: Setting watchdog for 200 seconds at Wed Feb 27 20:57:53 UTC 2019
5 ms. Memory: 208384K Free: 201059K (96%)
ptolemy.util.test.WatchDog.cancel(): canceling Wed Feb 27 20:57:53 UTC 2019
auto.tcl: Setting watchdog for 200 seconds at Wed Feb 27 20:57:53 UTC 2019
4 ms. Memory: 208384K Free: 199030K (96%)
ptolemy.util.test.WatchDog.cancel(): canceling Wed Feb 27 20:57:53 UTC 2019
------------------ testing $PTII/ptolemy/domains/de/test/auto/CausalityAndComposabilityAnalysis.xml
auto.tcl: Setting watchdog for 200 seconds at Wed Feb 27 20:57:53 UTC 2019
7 ms. Memory: 208384K Free: 198626K (95%)
ptolemy.util.test.WatchDog.cancel(): canceling Wed Feb 27 20:57:53 UTC 2019
auto.tcl: Setting watchdog for 200 seconds at Wed Feb 27 20:57:53 UTC 2019
5 ms. Memory: 208384K Free: 196597K (94%)
ptolemy.util.test.WatchDog.cancel(): canceling Wed Feb 27 20:57:53 UTC 2019
------------------ testing $PTII/ptolemy/domains/de/test/auto/CausalityInterface1.xml
auto.tcl: Setting watchdog for 200 seconds at Wed Feb 27 20:57:53 UTC 2019
14 ms. Memory: 208384K Free: 196535K (94%)
ptolemy.util.test.WatchDog.cancel(): canceling Wed Feb 27 20:57:53 UTC 2019
auto.tcl: Setting watchdog for 200 seconds at Wed Feb 27 20:57:53 UTC 2019
8 ms. Memory: 208384K Free: 196535K (94%)
ptolemy.util.test.WatchDog.cancel(): canceling Wed Feb 27 20:57:53 UTC 2019
------------------ testing $PTII/ptolemy/domains/de/test/auto/CausalityInterface15.xml
auto.tcl: Setting watchdog for 200 seconds at Wed Feb 27 20:57:53 UTC 2019
11 ms. Memory: 208384K Free: 196494K (94%)
ptolemy.util.test.WatchDog.cancel(): canceling Wed Feb 27 20:57:53 UTC 2019
auto.tcl: Setting watchdog for 200 seconds at Wed Feb 27 20:57:53 UTC 2019
7 ms. Memory: 208384K Free: 196494K (94%)
ptolemy.util.test.WatchDog.cancel(): canceling Wed Feb 27 20:57:53 UTC 2019
------------------ testing $PTII/ptolemy/domains/de/test/auto/CausalityInterface2.xml
auto.tcl: Setting watchdog for 200 seconds at Wed Feb 27 20:57:53 UTC 2019
4 ms. Memory: 208384K Free: 196478K (94%)
ptolemy.util.test.WatchDog.cancel(): canceling Wed Feb 27 20:57:53 UTC 2019
auto.tcl: Setting watchdog for 200 seconds at Wed Feb 27 20:57:53 UTC 2019
3 ms. Memory: 208384K Free: 196478K (94%)
ptolemy.util.test.WatchDog.cancel(): canceling Wed Feb 27 20:57:53 UTC 2019
------------------ testing $PTII/ptolemy/domains/de/test/auto/CausalityInterface3.xml
auto.tcl: Setting watchdog for 200 seconds at Wed Feb 27 20:57:53 UTC 2019
8 ms. Memory: 208384K Free: 196522K (94%)
ptolemy.util.test.WatchDog.cancel(): canceling Wed Feb 27 20:57:53 UTC 2019
auto.tcl: Setting watchdog for 200 seconds at Wed Feb 27 20:57:53 UTC 2019
3 ms. Memory: 208384K Free: 196522K (94%)
ptolemy.util.test.WatchDog.cancel(): canceling Wed Feb 27 20:57:53 UTC 2019
------------------ testing $PTII/ptolemy/domains/de/test/auto/ClockDrift.xml
auto.tcl: Setting watchdog for 200 seconds at Wed Feb 27 20:57:53 UTC 2019
87 ms. Memory: 208384K Free: 187918K (90%)
ptolemy.util.test.WatchDog.cancel(): canceling Wed Feb 27 20:57:53 UTC 2019
auto.tcl: Setting watchdog for 200 seconds at Wed Feb 27 20:57:53 UTC 2019
58 ms. Memory: 208384K Free: 185889K (89%)
ptolemy.util.test.WatchDog.cancel(): canceling Wed Feb 27 20:57:53 UTC 2019
------------------ testing $PTII/ptolemy/domains/de/test/auto/ClockDriftAndValueChange.xml
auto.tcl: Setting watchdog for 200 seconds at Wed Feb 27 20:57:53 UTC 2019
43 ms. Memory: 208384K Free: 187740K (90%)
ptolemy.util.test.WatchDog.cancel(): canceling Wed Feb 27 20:57:54 UTC 2019
auto.tcl: Setting watchdog for 200 seconds at Wed Feb 27 20:57:54 UTC 2019
29 ms. Memory: 208384K Free: 185711K (89%)
ptolemy.util.test.WatchDog.cancel(): canceling Wed Feb 27 20:57:54 UTC 2019
------------------ testing $PTII/ptolemy/domains/de/test/auto/ClockDriftChange.xml
auto.tcl: Setting watchdog for 200 seconds at Wed Feb 27 20:57:54 UTC 2019
36 ms. Memory: 208384K Free: 191021K (92%)
ptolemy.util.test.WatchDog.cancel(): canceling Wed Feb 27 20:57:54 UTC 2019
auto.tcl: Setting watchdog for 200 seconds at Wed Feb 27 20:57:54 UTC 2019
27 ms. Memory: 208384K Free: 188992K (91%)
ptolemy.util.test.WatchDog.cancel(): canceling Wed Feb 27 20:57:54 UTC 2019
------------------ testing $PTII/ptolemy/domains/de/test/auto/ComposableCausalityAnalysis.xml
auto.tcl: Setting watchdog for 200 seconds at Wed Feb 27 20:57:54 UTC 2019
3 ms. Memory: 208384K Free: 196880K (94%)
ptolemy.util.test.WatchDog.cancel(): canceling Wed Feb 27 20:57:54 UTC 2019
auto.tcl: Setting watchdog for 200 seconds at Wed Feb 27 20:57:54 UTC 2019
2 ms. Memory: 208384K Free: 194851K (94%)
ptolemy.util.test.WatchDog.cancel(): canceling Wed Feb 27 20:57:54 UTC 2019
------------------ testing $PTII/ptolemy/domains/de/test/auto/DEFixedPointLimitation.xml
auto.tcl: Setting watchdog for 200 seconds at Wed Feb 27 20:57:54 UTC 2019
1 ms. Memory: 208384K Free: 196458K (94%)
ptolemy.util.test.WatchDog.cancel(): canceling Wed Feb 27 20:57:54 UTC 2019
auto.tcl: Setting watchdog for 200 seconds at Wed Feb 27 20:57:54 UTC 2019
1 ms. Memory: 208384K Free: 196458K (94%)
ptolemy.util.test.WatchDog.cancel(): canceling Wed Feb 27 20:57:54 UTC 2019
------------------ testing $PTII/ptolemy/domains/de/test/auto/DEScheduleTest.xml
auto.tcl: Setting watchdog for 200 seconds at Wed Feb 27 20:57:54 UTC 2019
4 ms. Memory: 208384K Free: 199026K (96%)
ptolemy.util.test.WatchDog.cancel(): canceling Wed Feb 27 20:57:54 UTC 2019
auto.tcl: Setting watchdog for 200 seconds at Wed Feb 27 20:57:54 UTC 2019
3 ms. Memory: 208384K Free: 196462K (94%)
ptolemy.util.test.WatchDog.cancel(): canceling Wed Feb 27 20:57:54 UTC 2019
------------------ testing $PTII/ptolemy/domains/de/test/auto/DEinDEwithStartTimes.xml
auto.tcl: Setting watchdog for 200 seconds at Wed Feb 27 20:57:54 UTC 2019
4 ms. Memory: 208384K Free: 196431K (94%)
ptolemy.util.test.WatchDog.cancel(): canceling Wed Feb 27 20:57:54 UTC 2019
auto.tcl: Setting watchdog for 200 seconds at Wed Feb 27 20:57:54 UTC 2019
3 ms. Memory: 208384K Free: 194402K (93%)
ptolemy.util.test.WatchDog.cancel(): canceling Wed Feb 27 20:57:54 UTC 2019
------------------ testing $PTII/ptolemy/domains/de/test/auto/DEinDEwithStartTimes2.xml
auto.tcl: Setting watchdog for 200 seconds at Wed Feb 27 20:57:54 UTC 2019
7 ms. Memory: 208384K Free: 196410K (94%)
ptolemy.util.test.WatchDog.cancel(): canceling Wed Feb 27 20:57:54 UTC 2019
auto.tcl: Setting watchdog for 200 seconds at Wed Feb 27 20:57:54 UTC 2019
5 ms. Memory: 208384K Free: 194365K (93%)
ptolemy.util.test.WatchDog.cancel(): canceling Wed Feb 27 20:57:54 UTC 2019
------------------ testing $PTII/ptolemy/domains/de/test/auto/DateDemo.xml
auto.tcl: Setting watchdog for 200 seconds at Wed Feb 27 20:57:54 UTC 2019
11 ms. Memory: 208384K Free: 189036K (91%)
ptolemy.util.test.WatchDog.cancel(): canceling Wed Feb 27 20:57:54 UTC 2019
auto.tcl: Setting watchdog for 200 seconds at Wed Feb 27 20:57:54 UTC 2019
6 ms. Memory: 208384K Free: 187007K (90%)
ptolemy.util.test.WatchDog.cancel(): canceling Wed Feb 27 20:57:54 UTC 2019
------------------ testing $PTII/ptolemy/domains/de/test/auto/DateToEvent.xml
auto.tcl: Setting watchdog for 200 seconds at Wed Feb 27 20:57:54 UTC 2019
2009 ms. Memory: 208384K Free: 183956K (88%)
ptolemy.util.test.WatchDog.cancel(): canceling Wed Feb 27 20:57:56 UTC 2019
auto.tcl: Setting watchdog for 200 seconds at Wed Feb 27 20:57:56 UTC 2019
2007 ms. Memory: 208384K Free: 183956K (88%)
ptolemy.util.test.WatchDog.cancel(): canceling Wed Feb 27 20:57:58 UTC 2019
------------------ testing $PTII/ptolemy/domains/de/test/auto/DepthTest1.xml
auto.tcl: Setting watchdog for 200 seconds at Wed Feb 27 20:57:58 UTC 2019
4 ms. Memory: 208384K Free: 198553K (95%)
ptolemy.util.test.WatchDog.cancel(): canceling Wed Feb 27 20:57:58 UTC 2019
auto.tcl: Setting watchdog for 200 seconds at Wed Feb 27 20:57:58 UTC 2019
1 ms. Memory: 208384K Free: 198553K (95%)
ptolemy.util.test.WatchDog.cancel(): canceling Wed Feb 27 20:57:58 UTC 2019
------------------ testing $PTII/ptolemy/domains/de/test/auto/DepthTest2.xml
auto.tcl: Setting watchdog for 200 seconds at Wed Feb 27 20:57:58 UTC 2019
4 ms. Memory: 208384K Free: 194378K (93%)
ptolemy.util.test.WatchDog.cancel(): canceling Wed Feb 27 20:57:59 UTC 2019
auto.tcl: Setting watchdog for 200 seconds at Wed Feb 27 20:57:59 UTC 2019
2 ms. Memory: 208384K Free: 194378K (93%)
ptolemy.util.test.WatchDog.cancel(): canceling Wed Feb 27 20:57:59 UTC 2019
------------------ testing $PTII/ptolemy/domains/de/test/auto/DepthTest3.xml
auto.tcl: Setting watchdog for 200 seconds at Wed Feb 27 20:57:59 UTC 2019
6 ms. Memory: 208384K Free: 198369K (95%)
ptolemy.util.test.WatchDog.cancel(): canceling Wed Feb 27 20:57:59 UTC 2019
auto.tcl: Setting watchdog for 200 seconds at Wed Feb 27 20:57:59 UTC 2019
5 ms. Memory: 208384K Free: 198369K (95%)
ptolemy.util.test.WatchDog.cancel(): canceling Wed Feb 27 20:57:59 UTC 2019
------------------ testing $PTII/ptolemy/domains/de/test/auto/DepthTest4.xml
auto.tcl: Setting watchdog for 200 seconds at Wed Feb 27 20:57:59 UTC 2019
6 ms. Memory: 208384K Free: 196427K (94%)
ptolemy.util.test.WatchDog.cancel(): canceling Wed Feb 27 20:57:59 UTC 2019
auto.tcl: Setting watchdog for 200 seconds at Wed Feb 27 20:57:59 UTC 2019
3 ms. Memory: 208384K Free: 196427K (94%)
ptolemy.util.test.WatchDog.cancel(): canceling Wed Feb 27 20:57:59 UTC 2019
------------------ testing $PTII/ptolemy/domains/de/test/auto/DepthTest5.xml
auto.tcl: Setting watchdog for 200 seconds at Wed Feb 27 20:57:59 UTC 2019
7 ms. Memory: 208384K Free: 196374K (94%)
ptolemy.util.test.WatchDog.cancel(): canceling Wed Feb 27 20:57:59 UTC 2019
auto.tcl: Setting watchdog for 200 seconds at Wed Feb 27 20:57:59 UTC 2019
2 ms. Memory: 208384K Free: 196374K (94%)
ptolemy.util.test.WatchDog.cancel(): canceling Wed Feb 27 20:57:59 UTC 2019
------------------ testing $PTII/ptolemy/domains/de/test/auto/DepthTest6.xml
auto.tcl: Setting watchdog for 200 seconds at Wed Feb 27 20:57:59 UTC 2019
5 ms. Memory: 208384K Free: 196367K (94%)
ptolemy.util.test.WatchDog.cancel(): canceling Wed Feb 27 20:57:59 UTC 2019
auto.tcl: Setting watchdog for 200 seconds at Wed Feb 27 20:57:59 UTC 2019
2 ms. Memory: 208384K Free: 196367K (94%)
ptolemy.util.test.WatchDog.cancel(): canceling Wed Feb 27 20:57:59 UTC 2019
------------------ testing $PTII/ptolemy/domains/de/test/auto/DepthTest7.xml
auto.tcl: Setting watchdog for 200 seconds at Wed Feb 27 20:57:59 UTC 2019
3 ms. Memory: 208384K Free: 196331K (94%)
ptolemy.util.test.WatchDog.cancel(): canceling Wed Feb 27 20:57:59 UTC 2019
auto.tcl: Setting watchdog for 200 seconds at Wed Feb 27 20:57:59 UTC 2019
2 ms. Memory: 208384K Free: 196331K (94%)
ptolemy.util.test.WatchDog.cancel(): canceling Wed Feb 27 20:57:59 UTC 2019
------------------ testing $PTII/ptolemy/domains/de/test/auto/EventToDate.xml
auto.tcl: Setting watchdog for 200 seconds at Wed Feb 27 20:57:59 UTC 2019
3008 ms. Memory: 208384K Free: 183694K (88%)
ptolemy.util.test.WatchDog.cancel(): canceling Wed Feb 27 20:58:02 UTC 2019
auto.tcl: Setting watchdog for 200 seconds at Wed Feb 27 20:58:02 UTC 2019
3005 ms. Memory: 208384K Free: 183694K (88%)
ptolemy.util.test.WatchDog.cancel(): canceling Wed Feb 27 20:58:05 UTC 2019
------------------ testing $PTII/ptolemy/domains/de/test/auto/FSM1.xml
auto.tcl: Setting watchdog for 200 seconds at Wed Feb 27 20:58:05 UTC 2019
15 ms. Memory: 208384K Free: 189485K (91%)
ptolemy.util.test.WatchDog.cancel(): canceling Wed Feb 27 20:58:05 UTC 2019
auto.tcl: Setting watchdog for 200 seconds at Wed Feb 27 20:58:05 UTC 2019
14 ms. Memory: 208384K Free: 185395K (89%)
ptolemy.util.test.WatchDog.cancel(): canceling Wed Feb 27 20:58:05 UTC 2019
------------------ testing $PTII/ptolemy/domains/de/test/auto/FSM7.xml
auto.tcl: Setting watchdog for 200 seconds at Wed Feb 27 20:58:05 UTC 2019
26 ms. Memory: 208384K Free: 187684K (90%)
ptolemy.util.test.WatchDog.cancel(): canceling Wed Feb 27 20:58:05 UTC 2019
auto.tcl: Setting watchdog for 200 seconds at Wed Feb 27 20:58:05 UTC 2019
20 ms. Memory: 208384K Free: 185654K (89%)
ptolemy.util.test.WatchDog.cancel(): canceling Wed Feb 27 20:58:05 UTC 2019
------------------ testing $PTII/ptolemy/domains/de/test/auto/Inspection.xml
auto.tcl: Setting watchdog for 200 seconds at Wed Feb 27 20:58:05 UTC 2019
40 ms. Memory: 208384K Free: 189432K (91%)
ptolemy.util.test.WatchDog.cancel(): canceling Wed Feb 27 20:58:05 UTC 2019
auto.tcl: Setting watchdog for 200 seconds at Wed Feb 27 20:58:05 UTC 2019
34 ms. Memory: 208384K Free: 186868K (90%)
ptolemy.util.test.WatchDog.cancel(): canceling Wed Feb 27 20:58:05 UTC 2019
------------------ testing $PTII/ptolemy/domains/de/test/auto/Iteration.xml
auto.tcl: Setting watchdog for 200 seconds at Wed Feb 27 20:58:05 UTC 2019
7 ms. Memory: 208384K Free: 196137K (94%)
ptolemy.util.test.WatchDog.cancel(): canceling Wed Feb 27 20:58:06 UTC 2019
auto.tcl: Setting watchdog for 200 seconds at Wed Feb 27 20:58:06 UTC 2019
8 ms. Memory: 208384K Free: 194092K (93%)
ptolemy.util.test.WatchDog.cancel(): canceling Wed Feb 27 20:58:06 UTC 2019
------------------ testing $PTII/ptolemy/domains/de/test/auto/LineFault.xml
auto.tcl: Setting watchdog for 200 seconds at Wed Feb 27 20:58:06 UTC 2019
486 ms. Memory: 208384K Free: 199858K (96%)
ptolemy.util.test.WatchDog.cancel(): canceling Wed Feb 27 20:58:06 UTC 2019
auto.tcl: Setting watchdog for 200 seconds at Wed Feb 27 20:58:06 UTC 2019
444 ms. Memory: 208384K Free: 142705K (68%)
ptolemy.util.test.WatchDog.cancel(): canceling Wed Feb 27 20:58:07 UTC 2019
------------------ testing $PTII/ptolemy/domains/de/test/auto/MergeModel1Add.xml
auto.tcl: Setting watchdog for 200 seconds at Wed Feb 27 20:58:07 UTC 2019
23 ms. Memory: 331264K Free: 300900K (91%)
ptolemy.util.test.WatchDog.cancel(): canceling Wed Feb 27 20:58:07 UTC 2019
auto.tcl: Setting watchdog for 200 seconds at Wed Feb 27 20:58:07 UTC 2019
7 ms. Memory: 331264K Free: 300900K (91%)
ptolemy.util.test.WatchDog.cancel(): canceling Wed Feb 27 20:58:07 UTC 2019
------------------ testing $PTII/ptolemy/domains/de/test/auto/MergeModel2Add.xml
auto.tcl: Setting watchdog for 200 seconds at Wed Feb 27 20:58:07 UTC 2019
10 ms. Memory: 331264K Free: 305794K (92%)
ptolemy.util.test.WatchDog.cancel(): canceling Wed Feb 27 20:58:07 UTC 2019
auto.tcl: Setting watchdog for 200 seconds at Wed Feb 27 20:58:07 UTC 2019
7 ms. Memory: 331264K Free: 302230K (91%)
ptolemy.util.test.WatchDog.cancel(): canceling Wed Feb 27 20:58:07 UTC 2019
------------------ testing $PTII/ptolemy/domains/de/test/auto/MergeModel3Add.xml
auto.tcl: Setting watchdog for 200 seconds at Wed Feb 27 20:58:07 UTC 2019
7 ms. Memory: 331264K Free: 305362K (92%)
ptolemy.util.test.WatchDog.cancel(): canceling Wed Feb 27 20:58:07 UTC 2019
auto.tcl: Setting watchdog for 200 seconds at Wed Feb 27 20:58:07 UTC 2019
7 ms. Memory: 331264K Free: 301797K (91%)
ptolemy.util.test.WatchDog.cancel(): canceling Wed Feb 27 20:58:07 UTC 2019
------------------ testing $PTII/ptolemy/domains/de/test/auto/MergeWithoutDiscard.xml
auto.tcl: Setting watchdog for 200 seconds at Wed Feb 27 20:58:07 UTC 2019
2 ms. Memory: 331264K Free: 316727K (96%)
ptolemy.util.test.WatchDog.cancel(): canceling Wed Feb 27 20:58:07 UTC 2019
auto.tcl: Setting watchdog for 200 seconds at Wed Feb 27 20:58:07 UTC 2019
1 ms. Memory: 331264K Free: 316727K (96%)
ptolemy.util.test.WatchDog.cancel(): canceling Wed Feb 27 20:58:07 UTC 2019
------------------ testing $PTII/ptolemy/domains/de/test/auto/Modal1.xml
auto.tcl: Setting watchdog for 200 seconds at Wed Feb 27 20:58:07 UTC 2019
11 ms. Memory: 331264K Free: 310367K (94%)
ptolemy.util.test.WatchDog.cancel(): canceling Wed Feb 27 20:58:07 UTC 2019
auto.tcl: Setting watchdog for 200 seconds at Wed Feb 27 20:58:07 UTC 2019
19 ms. Memory: 331264K Free: 306819K (93%)
ptolemy.util.test.WatchDog.cancel(): canceling Wed Feb 27 20:58:07 UTC 2019
------------------ testing $PTII/ptolemy/domains/de/test/auto/Modal2.xml
auto.tcl: Setting watchdog for 200 seconds at Wed Feb 27 20:58:07 UTC 2019
18 ms. Memory: 331264K Free: 310241K (94%)
ptolemy.util.test.WatchDog.cancel(): canceling Wed Feb 27 20:58:07 UTC 2019
auto.tcl: Setting watchdog for 200 seconds at Wed Feb 27 20:58:07 UTC 2019
17 ms. Memory: 331264K Free: 306677K (93%)
ptolemy.util.test.WatchDog.cancel(): canceling Wed Feb 27 20:58:07 UTC 2019
------------------ testing $PTII/ptolemy/domains/de/test/auto/Modal3.xml
auto.tcl: Setting watchdog for 200 seconds at Wed Feb 27 20:58:08 UTC 2019
10 ms. Memory: 331264K Free: 310200K (94%)
ptolemy.util.test.WatchDog.cancel(): canceling Wed Feb 27 20:58:08 UTC 2019
auto.tcl: Setting watchdog for 200 seconds at Wed Feb 27 20:58:08 UTC 2019
11 ms. Memory: 331264K Free: 306635K (93%)
ptolemy.util.test.WatchDog.cancel(): canceling Wed Feb 27 20:58:08 UTC 2019
------------------ testing $PTII/ptolemy/domains/de/test/auto/Modal4.xml
auto.tcl: Setting watchdog for 200 seconds at Wed Feb 27 20:58:08 UTC 2019
15 ms. Memory: 331264K Free: 310213K (94%)
ptolemy.util.test.WatchDog.cancel(): canceling Wed Feb 27 20:58:08 UTC 2019
auto.tcl: Setting watchdog for 200 seconds at Wed Feb 27 20:58:08 UTC 2019
17 ms. Memory: 331264K Free: 306649K (93%)
ptolemy.util.test.WatchDog.cancel(): canceling Wed Feb 27 20:58:08 UTC 2019
------------------ testing $PTII/ptolemy/domains/de/test/auto/Modal5.xml
auto.tcl: Setting watchdog for 200 seconds at Wed Feb 27 20:58:08 UTC 2019
11 ms. Memory: 331264K Free: 310215K (94%)
ptolemy.util.test.WatchDog.cancel(): canceling Wed Feb 27 20:58:08 UTC 2019
auto.tcl: Setting watchdog for 200 seconds at Wed Feb 27 20:58:08 UTC 2019
12 ms. Memory: 331264K Free: 306651K (93%)
ptolemy.util.test.WatchDog.cancel(): canceling Wed Feb 27 20:58:08 UTC 2019
------------------ testing $PTII/ptolemy/domains/de/test/auto/Modal6.xml
auto.tcl: Setting watchdog for 200 seconds at Wed Feb 27 20:58:08 UTC 2019
13 ms. Memory: 331264K Free: 310214K (94%)
ptolemy.util.test.WatchDog.cancel(): canceling Wed Feb 27 20:58:08 UTC 2019
auto.tcl: Setting watchdog for 200 seconds at Wed Feb 27 20:58:08 UTC 2019
12 ms. Memory: 331264K Free: 306665K (93%)
ptolemy.util.test.WatchDog.cancel(): canceling Wed Feb 27 20:58:08 UTC 2019
------------------ testing $PTII/ptolemy/domains/de/test/auto/Modal7.xml
auto.tcl: Setting watchdog for 200 seconds at Wed Feb 27 20:58:08 UTC 2019
9 ms. Memory: 331264K Free: 306642K (93%)
ptolemy.util.test.WatchDog.cancel(): canceling Wed Feb 27 20:58:08 UTC 2019
auto.tcl: Setting watchdog for 200 seconds at Wed Feb 27 20:58:08 UTC 2019
11 ms. Memory: 331264K Free: 303093K (91%)
ptolemy.util.test.WatchDog.cancel(): canceling Wed Feb 27 20:58:08 UTC 2019
------------------ testing $PTII/ptolemy/domains/de/test/auto/ModalModel.xml
auto.tcl: Setting watchdog for 200 seconds at Wed Feb 27 20:58:08 UTC 2019
186 ms. Memory: 331264K Free: 247638K (75%)
ptolemy.util.test.WatchDog.cancel(): canceling Wed Feb 27 20:58:08 UTC 2019
auto.tcl: Setting watchdog for 200 seconds at Wed Feb 27 20:58:08 UTC 2019
187 ms. Memory: 331264K Free: 190726K (58%)
ptolemy.util.test.WatchDog.cancel(): canceling Wed Feb 27 20:58:08 UTC 2019
------------------ testing $PTII/ptolemy/domains/de/test/auto/ModalSource.xml
auto.tcl: Setting watchdog for 200 seconds at Wed Feb 27 20:58:09 UTC 2019
9 ms. Memory: 331264K Free: 316921K (96%)
ptolemy.util.test.WatchDog.cancel(): canceling Wed Feb 27 20:58:09 UTC 2019
auto.tcl: Setting watchdog for 200 seconds at Wed Feb 27 20:58:09 UTC 2019
5 ms. Memory: 331264K Free: 313654K (95%)
ptolemy.util.test.WatchDog.cancel(): canceling Wed Feb 27 20:58:09 UTC 2019
------------------ testing $PTII/ptolemy/domains/de/test/auto/NonInterruptibleTimerZeroDelay.xml
auto.tcl: Setting watchdog for 200 seconds at Wed Feb 27 20:58:09 UTC 2019
4 ms. Memory: 331264K Free: 320826K (97%)
ptolemy.util.test.WatchDog.cancel(): canceling Wed Feb 27 20:58:09 UTC 2019
auto.tcl: Setting watchdog for 200 seconds at Wed Feb 27 20:58:09 UTC 2019
2 ms. Memory: 331264K Free: 317566K (96%)
ptolemy.util.test.WatchDog.cancel(): canceling Wed Feb 27 20:58:09 UTC 2019
------------------ testing $PTII/ptolemy/domains/de/test/auto/OpenQueueingNetwork.xml
auto.tcl: Setting watchdog for 200 seconds at Wed Feb 27 20:58:09 UTC 2019
2698 ms. Memory: 573952K Free: 418102K (73%)
ptolemy.util.test.WatchDog.cancel(): canceling Wed Feb 27 20:58:11 UTC 2019
auto.tcl: Setting watchdog for 200 seconds at Wed Feb 27 20:58:11 UTC 2019
2076 ms. Memory: 550912K Free: 334944K (61%)
ptolemy.util.test.WatchDog.cancel(): canceling Wed Feb 27 20:58:14 UTC 2019
------------------ testing $PTII/ptolemy/domains/de/test/auto/OpenQueuingNetwork.xml
auto.tcl: Setting watchdog for 200 seconds at Wed Feb 27 20:58:14 UTC 2019
232 ms. Memory: 549888K Free: 436608K (79%)
ptolemy.util.test.WatchDog.cancel(): canceling Wed Feb 27 20:58:14 UTC 2019
auto.tcl: Setting watchdog for 200 seconds at Wed Feb 27 20:58:14 UTC 2019
209 ms. Memory: 549888K Free: 379031K (69%)
ptolemy.util.test.WatchDog.cancel(): canceling Wed Feb 27 20:58:14 UTC 2019
------------------ testing $PTII/ptolemy/domains/de/test/auto/PeriodicSampler.xml
auto.tcl: Setting watchdog for 200 seconds at Wed Feb 27 20:58:14 UTC 2019
3 ms. Memory: 551936K Free: 536680K (97%)
ptolemy.util.test.WatchDog.cancel(): canceling Wed Feb 27 20:58:14 UTC 2019
auto.tcl: Setting watchdog for 200 seconds at Wed Feb 27 20:58:14 UTC 2019
1 ms. Memory: 551936K Free: 536680K (97%)
ptolemy.util.test.WatchDog.cancel(): canceling Wed Feb 27 20:58:14 UTC 2019
------------------ testing $PTII/ptolemy/domains/de/test/auto/PersistentIO.xml
auto.tcl: Setting watchdog for 200 seconds at Wed Feb 27 20:58:14 UTC 2019
12 ms. Memory: 549376K Free: 529469K (96%)
ptolemy.util.test.WatchDog.cancel(): canceling Wed Feb 27 20:58:14 UTC 2019
auto.tcl: Setting watchdog for 200 seconds at Wed Feb 27 20:58:14 UTC 2019
4 ms. Memory: 549376K Free: 529469K (96%)
ptolemy.util.test.WatchDog.cancel(): canceling Wed Feb 27 20:58:14 UTC 2019
------------------ testing $PTII/ptolemy/domains/de/test/auto/PortParameterResetOnInitialize.xml
auto.tcl: Setting watchdog for 200 seconds at Wed Feb 27 20:58:14 UTC 2019
2 ms. Memory: 551424K Free: 531949K (96%)
ptolemy.util.test.WatchDog.cancel(): canceling Wed Feb 27 20:58:14 UTC 2019
auto.tcl: Setting watchdog for 200 seconds at Wed Feb 27 20:58:14 UTC 2019
1 ms. Memory: 551424K Free: 531949K (96%)
ptolemy.util.test.WatchDog.cancel(): canceling Wed Feb 27 20:58:14 UTC 2019
------------------ testing $PTII/ptolemy/domains/de/test/auto/PortParameterUpdates.xml
auto.tcl: Setting watchdog for 200 seconds at Wed Feb 27 20:58:14 UTC 2019
3 ms. Memory: 549376K Free: 534714K (97%)
ptolemy.util.test.WatchDog.cancel(): canceling Wed Feb 27 20:58:14 UTC 2019
auto.tcl: Setting watchdog for 200 seconds at Wed Feb 27 20:58:14 UTC 2019
3 ms. Memory: 549376K Free: 529480K (96%)
ptolemy.util.test.WatchDog.cancel(): canceling Wed Feb 27 20:58:14 UTC 2019
------------------ testing $PTII/ptolemy/domains/de/test/auto/QueueAndServer.xml
auto.tcl: Setting watchdog for 200 seconds at Wed Feb 27 20:58:14 UTC 2019
10 ms. Memory: 551424K Free: 526253K (95%)
ptolemy.util.test.WatchDog.cancel(): canceling Wed Feb 27 20:58:14 UTC 2019
auto.tcl: Setting watchdog for 200 seconds at Wed Feb 27 20:58:14 UTC 2019
6 ms. Memory: 551424K Free: 526253K (95%)
ptolemy.util.test.WatchDog.cancel(): canceling Wed Feb 27 20:58:15 UTC 2019
------------------ testing $PTII/ptolemy/domains/de/test/auto/Records.xml
auto.tcl: Setting watchdog for 200 seconds at Wed Feb 27 20:58:15 UTC 2019
8 ms. Memory: 549376K Free: 534078K (97%)
ptolemy.util.test.WatchDog.cancel(): canceling Wed Feb 27 20:58:15 UTC 2019
auto.tcl: Setting watchdog for 200 seconds at Wed Feb 27 20:58:15 UTC 2019
2 ms. Memory: 549376K Free: 528843K (96%)
ptolemy.util.test.WatchDog.cancel(): canceling Wed Feb 27 20:58:15 UTC 2019
------------------ testing $PTII/ptolemy/domains/de/test/auto/ResetTransitionWithStartTime1.xml
auto.tcl: Setting watchdog for 200 seconds at Wed Feb 27 20:58:15 UTC 2019
15 ms. Memory: 551424K Free: 531443K (96%)
ptolemy.util.test.WatchDog.cancel(): canceling Wed Feb 27 20:58:15 UTC 2019
auto.tcl: Setting watchdog for 200 seconds at Wed Feb 27 20:58:15 UTC 2019
6 ms. Memory: 551424K Free: 530900K (96%)
ptolemy.util.test.WatchDog.cancel(): canceling Wed Feb 27 20:58:15 UTC 2019
------------------ testing $PTII/ptolemy/domains/de/test/auto/ResetTransitionWithStartTime2.xml
auto.tcl: Setting watchdog for 200 seconds at Wed Feb 27 20:58:15 UTC 2019
11 ms. Memory: 549376K Free: 529386K (96%)
ptolemy.util.test.WatchDog.cancel(): canceling Wed Feb 27 20:58:15 UTC 2019
auto.tcl: Setting watchdog for 200 seconds at Wed Feb 27 20:58:15 UTC 2019
5 ms. Memory: 549376K Free: 529386K (96%)
ptolemy.util.test.WatchDog.cancel(): canceling Wed Feb 27 20:58:15 UTC 2019
------------------ testing $PTII/ptolemy/domains/de/test/auto/ResetTransitionWithStartTime3.xml
auto.tcl: Setting watchdog for 200 seconds at Wed Feb 27 20:58:15 UTC 2019
4 ms. Memory: 550912K Free: 530240K (96%)
ptolemy.util.test.WatchDog.cancel(): canceling Wed Feb 27 20:58:15 UTC 2019
auto.tcl: Setting watchdog for 200 seconds at Wed Feb 27 20:58:15 UTC 2019
5 ms. Memory: 550912K Free: 530240K (96%)
ptolemy.util.test.WatchDog.cancel(): canceling Wed Feb 27 20:58:15 UTC 2019
------------------ testing $PTII/ptolemy/domains/de/test/auto/ResetTransitionWithStartTime4.xml
auto.tcl: Setting watchdog for 200 seconds at Wed Feb 27 20:58:15 UTC 2019
5 ms. Memory: 549376K Free: 528717K (96%)
ptolemy.util.test.WatchDog.cancel(): canceling Wed Feb 27 20:58:15 UTC 2019
auto.tcl: Setting watchdog for 200 seconds at Wed Feb 27 20:58:15 UTC 2019
4 ms. Memory: 549376K Free: 528717K (96%)
ptolemy.util.test.WatchDog.cancel(): canceling Wed Feb 27 20:58:15 UTC 2019
------------------ testing $PTII/ptolemy/domains/de/test/auto/ResettableTimer1.xml
auto.tcl: Setting watchdog for 200 seconds at Wed Feb 27 20:58:15 UTC 2019
4 ms. Memory: 550912K Free: 535482K (97%)
ptolemy.util.test.WatchDog.cancel(): canceling Wed Feb 27 20:58:15 UTC 2019
auto.tcl: Setting watchdog for 200 seconds at Wed Feb 27 20:58:15 UTC 2019
1 ms. Memory: 550912K Free: 535482K (97%)
ptolemy.util.test.WatchDog.cancel(): canceling Wed Feb 27 20:58:15 UTC 2019
------------------ testing $PTII/ptolemy/domains/de/test/auto/ResettableTimer2.xml
auto.tcl: Setting watchdog for 200 seconds at Wed Feb 27 20:58:15 UTC 2019
2 ms. Memory: 549376K Free: 534547K (97%)
ptolemy.util.test.WatchDog.cancel(): canceling Wed Feb 27 20:58:15 UTC 2019
auto.tcl: Setting watchdog for 200 seconds at Wed Feb 27 20:58:15 UTC 2019
2 ms. Memory: 549376K Free: 534547K (97%)
ptolemy.util.test.WatchDog.cancel(): canceling Wed Feb 27 20:58:15 UTC 2019
------------------ testing $PTII/ptolemy/domains/de/test/auto/ResettableTimer3.xml
auto.tcl: Setting watchdog for 200 seconds at Wed Feb 27 20:58:15 UTC 2019
1 ms. Memory: 550912K Free: 535540K (97%)
ptolemy.util.test.WatchDog.cancel(): canceling Wed Feb 27 20:58:15 UTC 2019
auto.tcl: Setting watchdog for 200 seconds at Wed Feb 27 20:58:15 UTC 2019
1 ms. Memory: 550912K Free: 535540K (97%)
ptolemy.util.test.WatchDog.cancel(): canceling Wed Feb 27 20:58:15 UTC 2019
------------------ testing $PTII/ptolemy/domains/de/test/auto/ResettableTimer4.xml
auto.tcl: Setting watchdog for 200 seconds at Wed Feb 27 20:58:15 UTC 2019
1 ms. Memory: 549376K Free: 534560K (97%)
ptolemy.util.test.WatchDog.cancel(): canceling Wed Feb 27 20:58:15 UTC 2019
auto.tcl: Setting watchdog for 200 seconds at Wed Feb 27 20:58:15 UTC 2019
1 ms. Memory: 549376K Free: 534560K (97%)
ptolemy.util.test.WatchDog.cancel(): canceling Wed Feb 27 20:58:15 UTC 2019
------------------ testing $PTII/ptolemy/domains/de/test/auto/ResettableTimer5.xml
auto.tcl: Setting watchdog for 200 seconds at Wed Feb 27 20:58:15 UTC 2019
2 ms. Memory: 550400K Free: 530902K (96%)
ptolemy.util.test.WatchDog.cancel(): canceling Wed Feb 27 20:58:15 UTC 2019
auto.tcl: Setting watchdog for 200 seconds at Wed Feb 27 20:58:15 UTC 2019
1 ms. Memory: 550400K Free: 530902K (96%)
ptolemy.util.test.WatchDog.cancel(): canceling Wed Feb 27 20:58:15 UTC 2019
------------------ testing $PTII/ptolemy/domains/de/test/auto/ResettableTimer6.xml
auto.tcl: Setting watchdog for 200 seconds at Wed Feb 27 20:58:15 UTC 2019
2 ms. Memory: 549376K Free: 529281K (96%)
ptolemy.util.test.WatchDog.cancel(): canceling Wed Feb 27 20:58:15 UTC 2019
auto.tcl: Setting watchdog for 200 seconds at Wed Feb 27 20:58:15 UTC 2019
1 ms. Memory: 549376K Free: 529281K (96%)
ptolemy.util.test.WatchDog.cancel(): canceling Wed Feb 27 20:58:15 UTC 2019
------------------ testing $PTII/ptolemy/domains/de/test/auto/ServerZeroDelay.xml
auto.tcl: Setting watchdog for 200 seconds at Wed Feb 27 20:58:15 UTC 2019
2 ms. Memory: 550400K Free: 535518K (97%)
ptolemy.util.test.WatchDog.cancel(): canceling Wed Feb 27 20:58:15 UTC 2019
auto.tcl: Setting watchdog for 200 seconds at Wed Feb 27 20:58:15 UTC 2019
2 ms. Memory: 550400K Free: 535518K (97%)
ptolemy.util.test.WatchDog.cancel(): canceling Wed Feb 27 20:58:15 UTC 2019
------------------ testing $PTII/ptolemy/domains/de/test/auto/SmartSender.xml
auto.tcl: Setting watchdog for 200 seconds at Wed Feb 27 20:58:15 UTC 2019
3002 ms. Memory: 549376K Free: 529810K (96%)
ptolemy.util.test.WatchDog.cancel(): canceling Wed Feb 27 20:58:18 UTC 2019
auto.tcl: Setting watchdog for 200 seconds at Wed Feb 27 20:58:18 UTC 2019
3002 ms. Memory: 549376K Free: 529810K (96%)
ptolemy.util.test.WatchDog.cancel(): canceling Wed Feb 27 20:58:21 UTC 2019
------------------ testing $PTII/ptolemy/domains/de/test/auto/ThreadedComposite.xml
auto.tcl: Setting watchdog for 200 seconds at Wed Feb 27 20:58:21 UTC 2019
257 ms. Memory: 550400K Free: 510461K (93%)
ptolemy.util.test.WatchDog.cancel(): canceling Wed Feb 27 20:58:22 UTC 2019
auto.tcl: Setting watchdog for 200 seconds at Wed Feb 27 20:58:22 UTC 2019
191 ms. Memory: 550400K Free: 486508K (88%)
ptolemy.util.test.WatchDog.cancel(): canceling Wed Feb 27 20:58:22 UTC 2019
------------------ testing $PTII/ptolemy/domains/de/test/auto/Time.xml
auto.tcl: Setting watchdog for 200 seconds at Wed Feb 27 20:58:22 UTC 2019
469 ms. Memory: 549376K Free: 482194K (88%)
ptolemy.util.test.WatchDog.cancel(): canceling Wed Feb 27 20:58:22 UTC 2019
auto.tcl: Setting watchdog for 200 seconds at Wed Feb 27 20:58:22 UTC 2019
473 ms. Memory: 549376K Free: 429852K (78%)
ptolemy.util.test.WatchDog.cancel(): canceling Wed Feb 27 20:58:23 UTC 2019
------------------ testing $PTII/ptolemy/domains/de/test/auto/TimeDelayZeroDelay.xml
auto.tcl: Setting watchdog for 200 seconds at Wed Feb 27 20:58:23 UTC 2019
1 ms. Memory: 550400K Free: 534893K (97%)
ptolemy.util.test.WatchDog.cancel(): canceling Wed Feb 27 20:58:23 UTC 2019
auto.tcl: Setting watchdog for 200 seconds at Wed Feb 27 20:58:23 UTC 2019
2 ms. Memory: 550400K Free: 534893K (97%)
ptolemy.util.test.WatchDog.cancel(): canceling Wed Feb 27 20:58:23 UTC 2019
------------------ testing $PTII/ptolemy/domains/de/test/auto/TimerZeroDelay.xml
auto.tcl: Setting watchdog for 200 seconds at Wed Feb 27 20:58:23 UTC 2019
3 ms. Memory: 549376K Free: 534456K (97%)
ptolemy.util.test.WatchDog.cancel(): canceling Wed Feb 27 20:58:23 UTC 2019
auto.tcl: Setting watchdog for 200 seconds at Wed Feb 27 20:58:23 UTC 2019
2 ms. Memory: 549376K Free: 534456K (97%)
ptolemy.util.test.WatchDog.cancel(): canceling Wed Feb 27 20:58:23 UTC 2019
------------------ testing $PTII/ptolemy/domains/de/test/auto/TimingParadox.xml
auto.tcl: Setting watchdog for 200 seconds at Wed Feb 27 20:58:23 UTC 2019
356 ms. Memory: 549888K Free: 470213K (86%)
ptolemy.util.test.WatchDog.cancel(): canceling Wed Feb 27 20:58:23 UTC 2019
auto.tcl: Setting watchdog for 200 seconds at Wed Feb 27 20:58:23 UTC 2019
361 ms. Memory: 549888K Free: 433574K (79%)
ptolemy.util.test.WatchDog.cancel(): canceling Wed Feb 27 20:58:24 UTC 2019
------------------ testing $PTII/ptolemy/domains/de/test/auto/TransferInputs.xml
auto.tcl: Setting watchdog for 200 seconds at Wed Feb 27 20:58:24 UTC 2019
2 ms. Memory: 549888K Free: 533929K (97%)
ptolemy.util.test.WatchDog.cancel(): canceling Wed Feb 27 20:58:24 UTC 2019
auto.tcl: Setting watchdog for 200 seconds at Wed Feb 27 20:58:24 UTC 2019
2 ms. Memory: 549888K Free: 533929K (97%)
ptolemy.util.test.WatchDog.cancel(): canceling Wed Feb 27 20:58:24 UTC 2019
------------------ testing $PTII/ptolemy/domains/de/test/auto/TransferOutputs2.xml
auto.tcl: Setting watchdog for 200 seconds at Wed Feb 27 20:58:24 UTC 2019
3 ms. Memory: 549376K Free: 524589K (95%)
ptolemy.util.test.WatchDog.cancel(): canceling Wed Feb 27 20:58:24 UTC 2019
auto.tcl: Setting watchdog for 200 seconds at Wed Feb 27 20:58:24 UTC 2019
2 ms. Memory: 549376K Free: 524589K (95%)
ptolemy.util.test.WatchDog.cancel(): canceling Wed Feb 27 20:58:24 UTC 2019
------------------ testing $PTII/ptolemy/domains/de/test/auto/Trilateration.xml
auto.tcl: Setting watchdog for 200 seconds at Wed Feb 27 20:58:24 UTC 2019
12515 ms. Memory: 766976K Free: 248555K (32%)
ptolemy.util.test.WatchDog.cancel(): canceling Wed Feb 27 20:58:37 UTC 2019
auto.tcl: Setting watchdog for 200 seconds at Wed Feb 27 20:58:37 UTC 2019
10017 ms. Memory: 646144K Free: 100885K (16%)
ptolemy.util.test.WatchDog.cancel(): canceling Wed Feb 27 20:58:47 UTC 2019
------------------ testing $PTII/ptolemy/domains/de/test/auto/TwoSigmaDelta.xml
auto.tcl: Setting watchdog for 200 seconds at Wed Feb 27 20:58:48 UTC 2019
2647 ms. Memory: 649728K Free: 341078K (52%)
ptolemy.util.test.WatchDog.cancel(): canceling Wed Feb 27 20:58:50 UTC 2019
auto.tcl: Setting watchdog for 200 seconds at Wed Feb 27 20:58:50 UTC 2019
1910 ms. Memory: 649728K Free: 105793K (16%)
ptolemy.util.test.WatchDog.cancel(): canceling Wed Feb 27 20:58:52 UTC 2019
------------------ testing $PTII/ptolemy/domains/de/test/auto/VariableDelay.xml
auto.tcl: Setting watchdog for 200 seconds at Wed Feb 27 20:58:52 UTC 2019
2 ms. Memory: 646656K Free: 626956K (97%)
ptolemy.util.test.WatchDog.cancel(): canceling Wed Feb 27 20:58:52 UTC 2019
auto.tcl: Setting watchdog for 200 seconds at Wed Feb 27 20:58:52 UTC 2019
2 ms. Memory: 646656K Free: 626956K (97%)
ptolemy.util.test.WatchDog.cancel(): canceling Wed Feb 27 20:58:52 UTC 2019
------------------ testing $PTII/ptolemy/domains/de/test/auto/VariableDelay2.xml
auto.tcl: Setting watchdog for 200 seconds at Wed Feb 27 20:58:52 UTC 2019
1 ms. Memory: 646144K Free: 626933K (97%)
ptolemy.util.test.WatchDog.cancel(): canceling Wed Feb 27 20:58:52 UTC 2019
auto.tcl: Setting watchdog for 200 seconds at Wed Feb 27 20:58:52 UTC 2019
2 ms. Memory: 646144K Free: 626933K (97%)
ptolemy.util.test.WatchDog.cancel(): canceling Wed Feb 27 20:58:52 UTC 2019
------------------ testing $PTII/ptolemy/domains/de/test/auto/VariableDelayZeroDelay.xml
auto.tcl: Setting watchdog for 200 seconds at Wed Feb 27 20:58:52 UTC 2019
2 ms. Memory: 646144K Free: 621284K (96%)
ptolemy.util.test.WatchDog.cancel(): canceling Wed Feb 27 20:58:52 UTC 2019
auto.tcl: Setting watchdog for 200 seconds at Wed Feb 27 20:58:52 UTC 2019
1 ms. Memory: 646144K Free: 621284K (96%)
ptolemy.util.test.WatchDog.cancel(): canceling Wed Feb 27 20:58:52 UTC 2019
------------------ testing $PTII/ptolemy/domains/de/test/auto/VariableDelayZeroDelay2.xml
auto.tcl: Setting watchdog for 200 seconds at Wed Feb 27 20:58:52 UTC 2019
2 ms. Memory: 649216K Free: 624354K (96%)
ptolemy.util.test.WatchDog.cancel(): canceling Wed Feb 27 20:58:52 UTC 2019
auto.tcl: Setting watchdog for 200 seconds at Wed Feb 27 20:58:52 UTC 2019
2 ms. Memory: 649216K Free: 624354K (96%)
ptolemy.util.test.WatchDog.cancel(): canceling Wed Feb 27 20:58:52 UTC 2019
------------------ testing $PTII/ptolemy/domains/de/test/auto/deInCt.xml
auto.tcl: Setting watchdog for 200 seconds at Wed Feb 27 20:58:52 UTC 2019
0
1
1
1
0
0
0
1
1
1
0
0
0
1
1
1
0
0
0
1
1
1
0
0
0
1
1
1
0
0
0
0
1
1
1
1
0
0
1
1
0
0
0
1
1
1
0
0
0
0
0
11 ms. Memory: 646144K Free: 621203K (96%)
ptolemy.util.test.WatchDog.cancel(): canceling Wed Feb 27 20:58:52 UTC 2019
auto.tcl: Setting watchdog for 200 seconds at Wed Feb 27 20:58:52 UTC 2019
0
1
1
1
0
0
0
1
1
1
0
0
0
1
1
1
1
0
0
0
1
1
1
0
0
0
1
1
1
0
0
0
0
0
1
1
1
0
0
0
1
1
0
0
0
1
1
1
1
0
0
0
0
9 ms. Memory: 646144K Free: 621203K (96%)
ptolemy.util.test.WatchDog.cancel(): canceling Wed Feb 27 20:58:52 UTC 2019
------------------ testing $PTII/ptolemy/domains/de/test/auto/deInCt2.xml
auto.tcl: Setting watchdog for 200 seconds at Wed Feb 27 20:58:53 UTC 2019
0
1
1
1
0
0
1
1
1
0
0
1
1
1
0
0
1
1
1
0
0
1
1
1
0
0
1
1
1
0
0
1
1
1
0
0
1
1
1
0
0
0
5 ms. Memory: 648704K Free: 623763K (96%)
ptolemy.util.test.WatchDog.cancel(): canceling Wed Feb 27 20:58:53 UTC 2019
auto.tcl: Setting watchdog for 200 seconds at Wed Feb 27 20:58:53 UTC 2019
0
1
1
1
0
0
1
1
1
0
0
1
1
1
0
0
1
1
1
0
0
1
1
1
0
0
1
1
1
0
0
1
1
1
0
0
1
1
1
0
0
0
8 ms. Memory: 648704K Free: 623763K (96%)
ptolemy.util.test.WatchDog.cancel(): canceling Wed Feb 27 20:58:53 UTC 2019
------------------ testing $PTII/ptolemy/domains/de/test/auto/dynamicCausalityInterface1.xml
auto.tcl: Setting watchdog for 200 seconds at Wed Feb 27 20:58:53 UTC 2019
3 ms. Memory: 646144K Free: 618431K (96%)
ptolemy.util.test.WatchDog.cancel(): canceling Wed Feb 27 20:58:53 UTC 2019
auto.tcl: Setting watchdog for 200 seconds at Wed Feb 27 20:58:53 UTC 2019
1 ms. Memory: 646144K Free: 618431K (96%)
ptolemy.util.test.WatchDog.cancel(): canceling Wed Feb 27 20:58:53 UTC 2019
------------------ testing $PTII/ptolemy/domains/de/test/auto/fsm_de_test.xml
auto.tcl: Setting watchdog for 200 seconds at Wed Feb 27 20:58:53 UTC 2019
12 ms. Memory: 648192K Free: 623217K (96%)
ptolemy.util.test.WatchDog.cancel(): canceling Wed Feb 27 20:58:53 UTC 2019
auto.tcl: Setting watchdog for 200 seconds at Wed Feb 27 20:58:53 UTC 2019
5 ms. Memory: 648192K Free: 614711K (95%)
ptolemy.util.test.WatchDog.cancel(): canceling Wed Feb 27 20:58:53 UTC 2019
------------------ testing $PTII/ptolemy/domains/de/test/auto/functionDependencyReconstruction.xml
auto.tcl: Setting watchdog for 200 seconds at Wed Feb 27 20:58:53 UTC 2019
2 ms. Memory: 646144K Free: 612653K (95%)
ptolemy.util.test.WatchDog.cancel(): canceling Wed Feb 27 20:58:53 UTC 2019
auto.tcl: Setting watchdog for 200 seconds at Wed Feb 27 20:58:53 UTC 2019
2 ms. Memory: 646144K Free: 612653K (95%)
ptolemy.util.test.WatchDog.cancel(): canceling Wed Feb 27 20:58:53 UTC 2019
------------------ testing $PTII/ptolemy/domains/de/test/auto/multirate.xml
auto.tcl: Setting watchdog for 200 seconds at Wed Feb 27 20:58:53 UTC 2019
3 ms. Memory: 648192K Free: 623008K (96%)
ptolemy.util.test.WatchDog.cancel(): canceling Wed Feb 27 20:58:53 UTC 2019
auto.tcl: Setting watchdog for 200 seconds at Wed Feb 27 20:58:53 UTC 2019
2 ms. Memory: 648192K Free: 623008K (96%)
ptolemy.util.test.WatchDog.cancel(): canceling Wed Feb 27 20:58:53 UTC 2019
------------------ testing $PTII/ptolemy/domains/de/test/auto/multirate2.xml
auto.tcl: Setting watchdog for 200 seconds at Wed Feb 27 20:58:53 UTC 2019
8 ms. Memory: 646144K Free: 621224K (96%)
ptolemy.util.test.WatchDog.cancel(): canceling Wed Feb 27 20:58:53 UTC 2019
auto.tcl: Setting watchdog for 200 seconds at Wed Feb 27 20:58:53 UTC 2019
3 ms. Memory: 646144K Free: 621224K (96%)
ptolemy.util.test.WatchDog.cancel(): canceling Wed Feb 27 20:58:53 UTC 2019
------------------ testing $PTII/ptolemy/domains/de/test/auto/realtime.xml
auto.tcl: Setting watchdog for 200 seconds at Wed Feb 27 20:58:53 UTC 2019
10002 ms. Memory: 647680K Free: 622682K (96%)
ptolemy.util.test.WatchDog.cancel(): canceling Wed Feb 27 20:59:03 UTC 2019
auto.tcl: Setting watchdog for 200 seconds at Wed Feb 27 20:59:03 UTC 2019
10002 ms. Memory: 647680K Free: 622682K (96%)
ptolemy.util.test.WatchDog.cancel(): canceling Wed Feb 27 20:59:13 UTC 2019
------------------ testing $PTII/ptolemy/domains/de/test/auto/relationGroup.xml
auto.tcl: Setting watchdog for 200 seconds at Wed Feb 27 20:59:13 UTC 2019
2 ms. Memory: 646144K Free: 626895K (97%)
ptolemy.util.test.WatchDog.cancel(): canceling Wed Feb 27 20:59:13 UTC 2019
auto.tcl: Setting watchdog for 200 seconds at Wed Feb 27 20:59:13 UTC 2019
1 ms. Memory: 646144K Free: 626895K (97%)
ptolemy.util.test.WatchDog.cancel(): canceling Wed Feb 27 20:59:13 UTC 2019
------------------ testing $PTII/ptolemy/domains/de/test/auto/relationGroup2.xml
auto.tcl: Setting watchdog for 200 seconds at Wed Feb 27 20:59:13 UTC 2019
1 ms. Memory: 647680K Free: 622810K (96%)
ptolemy.util.test.WatchDog.cancel(): canceling Wed Feb 27 20:59:13 UTC 2019
auto.tcl: Setting watchdog for 200 seconds at Wed Feb 27 20:59:13 UTC 2019
1 ms. Memory: 647680K Free: 622810K (96%)
ptolemy.util.test.WatchDog.cancel(): canceling Wed Feb 27 20:59:13 UTC 2019
------------------ testing $PTII/ptolemy/domains/de/test/auto/sortWithOpaquePorts.xml
auto.tcl: Setting watchdog for 200 seconds at Wed Feb 27 20:59:13 UTC 2019
2 ms. Memory: 646144K Free: 621275K (96%)
ptolemy.util.test.WatchDog.cancel(): canceling Wed Feb 27 20:59:13 UTC 2019
auto.tcl: Setting watchdog for 200 seconds at Wed Feb 27 20:59:13 UTC 2019
2 ms. Memory: 646144K Free: 621275K (96%)
ptolemy.util.test.WatchDog.cancel(): canceling Wed Feb 27 20:59:13 UTC 2019
------------------ testing $PTII/ptolemy/domains/de/test/auto/transferInputsandOutputs.xml
auto.tcl: Setting watchdog for 200 seconds at Wed Feb 27 20:59:13 UTC 2019
2 ms. Memory: 647168K Free: 622286K (96%)
ptolemy.util.test.WatchDog.cancel(): canceling Wed Feb 27 20:59:13 UTC 2019
auto.tcl: Setting watchdog for 200 seconds at Wed Feb 27 20:59:13 UTC 2019
2 ms. Memory: 647168K Free: 622286K (96%)
ptolemy.util.test.WatchDog.cancel(): canceling Wed Feb 27 20:59:13 UTC 2019
------------------ testing $PTII/ptolemy/domains/de/test/auto/triggerType.xml
auto.tcl: Setting watchdog for 200 seconds at Wed Feb 27 20:59:13 UTC 2019
1 ms. Memory: 646144K Free: 621212K (96%)
ptolemy.util.test.WatchDog.cancel(): canceling Wed Feb 27 20:59:13 UTC 2019
auto.tcl: Setting watchdog for 200 seconds at Wed Feb 27 20:59:13 UTC 2019
2 ms. Memory: 646144K Free: 621212K (96%)
ptolemy.util.test.WatchDog.cancel(): canceling Wed Feb 27 20:59:13 UTC 2019
02/27/19 08:59:13
Failed: 0  Total Tests: 192  ((Passed: 187, Newly Passed: 1)  Known Failed: 5) /home/travis/build/icyphy/ptII/ptolemy/domains/de/test
02/27/19 08:59:13
Failed: 0  Total Tests: 192  ((Passed: 187, Newly Passed: 1)  Known Failed: 5) /home/travis/build/icyphy/ptII/ptolemy/domains/de/test
----------------- testing (KnownFailure) /home/travis/build/icyphy/ptII/ptolemy/domains/de/test/auto/knownFailedTests/DESDFClockTest.xml
2014 ms. Memory: 647168K Free: 610919K (94%)
Known Failure: java.lang.reflect.InvocationTargetException
----------------- testing (KnownFailure) /home/travis/build/icyphy/ptII/ptolemy/domains/de/test/auto/knownFailedTests/DirectFeedback.xml
1 ms. Memory: 647168K Free: 565740K (87%)
Known Failure: java.lang.reflect.InvocationTargetException
----------------- testing (KnownFailure) /home/travis/build/icyphy/ptII/ptolemy/domains/de/test/auto/knownFailedTests/FSMSource.xml
15 ms. Memory: 647168K Free: 520561K (80%)
----------------- testing (KnownFailure) /home/travis/build/icyphy/ptII/ptolemy/domains/de/test/auto/knownFailedTests/HierarchicalModel.xml
2 ms. Memory: 647168K Free: 486660K (75%)
Known Failure: java.lang.reflect.InvocationTargetException
----------------- testing (KnownFailure) /home/travis/build/icyphy/ptII/ptolemy/domains/de/test/auto/knownFailedTests/dependencyLoop.xml
1 ms. Memory: 647168K Free: 430171K (66%)
Known Failure: java.lang.reflect.InvocationTargetException
----------------- testing (KnownFailure) /home/travis/build/icyphy/ptII/ptolemy/domains/de/test/auto/knownFailedTests/dependencyLoop2.xml
2 ms. Memory: 647168K Free: 373681K (58%)
Known Failure: java.lang.reflect.InvocationTargetException
No auto/linux-amd64/*.xml tests in /home/travis/build/icyphy/ptII/ptolemy/domains/de/test
AutoTests.java: About to close Vertx.
AutoTests.java: Vertx closed.

===========================================================================================
----------------- testing Wed Feb 27 20:59:15 UTC 2019 /home/travis/build/icyphy/ptII/ptolemy/domains/de/test/auto/ActorDepthCalculation_actorWithoutPorts.xml
----------------- Instantiating /home/travis/build/icyphy/ptII/ptolemy/domains/de/test/auto/ActorDepthCalculation_actorWithoutPorts.xml
2 ms. Memory: 647168K Free: 317207K (49%)
----------------- Invoking toplevel() on ptolemy.moml.MoMLSimpleApplication@3a82e501
----------------- Done invoking toplevel() on ptolemy.moml.MoMLSimpleApplication@3a82e501
reloadAllAccessors: .ActorDepthCalculation_actorWithoutPorts

===========================================================================================
----------------- testing Wed Feb 27 20:59:15 UTC 2019 /home/travis/build/icyphy/ptII/ptolemy/domains/de/test/auto/AssemblyLine.xml
----------------- Instantiating /home/travis/build/icyphy/ptII/ptolemy/domains/de/test/auto/AssemblyLine.xml
2 ms. Memory: 647168K Free: 294617K (46%)
----------------- Invoking toplevel() on ptolemy.moml.MoMLSimpleApplication@44b8b0e2
----------------- Done invoking toplevel() on ptolemy.moml.MoMLSimpleApplication@44b8b0e2
reloadAllAccessors: .AssemblyLine

===========================================================================================
----------------- testing Wed Feb 27 20:59:16 UTC 2019 /home/travis/build/icyphy/ptII/ptolemy/domains/de/test/auto/CQBug1.xml
----------------- Instantiating /home/travis/build/icyphy/ptII/ptolemy/domains/de/test/auto/CQBug1.xml
0 ms. Memory: 647168K Free: 272028K (42%)
----------------- Invoking toplevel() on ptolemy.moml.MoMLSimpleApplication@32ad4a5c
----------------- Done invoking toplevel() on ptolemy.moml.MoMLSimpleApplication@32ad4a5c
reloadAllAccessors: .CQBug1

===========================================================================================
----------------- testing Wed Feb 27 20:59:16 UTC 2019 /home/travis/build/icyphy/ptII/ptolemy/domains/de/test/auto/CancelFireAt.xml
----------------- Instantiating /home/travis/build/icyphy/ptII/ptolemy/domains/de/test/auto/CancelFireAt.xml
1 ms. Memory: 647168K Free: 249438K (39%)
----------------- Invoking toplevel() on ptolemy.moml.MoMLSimpleApplication@61da67b3
----------------- Done invoking toplevel() on ptolemy.moml.MoMLSimpleApplication@61da67b3
reloadAllAccessors: .CancelFireAt

===========================================================================================
----------------- testing Wed Feb 27 20:59:16 UTC 2019 /home/travis/build/icyphy/ptII/ptolemy/domains/de/test/auto/CausalityAndComposabilityAnalysis.xml
----------------- Instantiating /home/travis/build/icyphy/ptII/ptolemy/domains/de/test/auto/CausalityAndComposabilityAnalysis.xml
3 ms. Memory: 647168K Free: 226849K (35%)
----------------- Invoking toplevel() on ptolemy.moml.MoMLSimpleApplication@2f650f32
----------------- Done invoking toplevel() on ptolemy.moml.MoMLSimpleApplication@2f650f32
reloadAllAccessors: .CausalityAndComposabilityAnalysis

===========================================================================================
----------------- testing Wed Feb 27 20:59:16 UTC 2019 /home/travis/build/icyphy/ptII/ptolemy/domains/de/test/auto/CausalityInterface1.xml
----------------- Instantiating /home/travis/build/icyphy/ptII/ptolemy/domains/de/test/auto/CausalityInterface1.xml
4 ms. Memory: 647168K Free: 204259K (32%)
----------------- Invoking toplevel() on ptolemy.moml.MoMLSimpleApplication@6bb757b1
----------------- Done invoking toplevel() on ptolemy.moml.MoMLSimpleApplication@6bb757b1
reloadAllAccessors: .CausalityInterface1

===========================================================================================
----------------- testing Wed Feb 27 20:59:16 UTC 2019 /home/travis/build/icyphy/ptII/ptolemy/domains/de/test/auto/CausalityInterface15.xml
----------------- Instantiating /home/travis/build/icyphy/ptII/ptolemy/domains/de/test/auto/CausalityInterface15.xml
2 ms. Memory: 647168K Free: 181670K (28%)
----------------- Invoking toplevel() on ptolemy.moml.MoMLSimpleApplication@73fc0668
----------------- Done invoking toplevel() on ptolemy.moml.MoMLSimpleApplication@73fc0668
reloadAllAccessors: .CausalityInterface15

===========================================================================================
----------------- testing Wed Feb 27 20:59:16 UTC 2019 /home/travis/build/icyphy/ptII/ptolemy/domains/de/test/auto/CausalityInterface2.xml
----------------- Instantiating /home/travis/build/icyphy/ptII/ptolemy/domains/de/test/auto/CausalityInterface2.xml
2 ms. Memory: 647168K Free: 159080K (25%)
----------------- Invoking toplevel() on ptolemy.moml.MoMLSimpleApplication@6dee81dd
----------------- Done invoking toplevel() on ptolemy.moml.MoMLSimpleApplication@6dee81dd
reloadAllAccessors: .CausalityInterface2

===========================================================================================
----------------- testing Wed Feb 27 20:59:16 UTC 2019 /home/travis/build/icyphy/ptII/ptolemy/domains/de/test/auto/CausalityInterface3.xml
----------------- Instantiating /home/travis/build/icyphy/ptII/ptolemy/domains/de/test/auto/CausalityInterface3.xml
1 ms. Memory: 647168K Free: 136491K (21%)
----------------- Invoking toplevel() on ptolemy.moml.MoMLSimpleApplication@70123f05
----------------- Done invoking toplevel() on ptolemy.moml.MoMLSimpleApplication@70123f05
reloadAllAccessors: .CausalityInterface3

===========================================================================================
----------------- testing Wed Feb 27 20:59:16 UTC 2019 /home/travis/build/icyphy/ptII/ptolemy/domains/de/test/auto/ClockDrift.xml
----------------- Instantiating /home/travis/build/icyphy/ptII/ptolemy/domains/de/test/auto/ClockDrift.xml
15 ms. Memory: 647168K Free: 113901K (18%)
----------------- Invoking toplevel() on ptolemy.moml.MoMLSimpleApplication@72404a99
----------------- Done invoking toplevel() on ptolemy.moml.MoMLSimpleApplication@72404a99
reloadAllAccessors: .ClockDrift

===========================================================================================
----------------- testing Wed Feb 27 20:59:16 UTC 2019 /home/travis/build/icyphy/ptII/ptolemy/domains/de/test/auto/ClockDriftAndValueChange.xml
----------------- Instantiating /home/travis/build/icyphy/ptII/ptolemy/domains/de/test/auto/ClockDriftAndValueChange.xml
8 ms. Memory: 647168K Free: 91312K (14%)
----------------- Invoking toplevel() on ptolemy.moml.MoMLSimpleApplication@13b81eb3
----------------- Done invoking toplevel() on ptolemy.moml.MoMLSimpleApplication@13b81eb3
reloadAllAccessors: .ClockDriftAndValueChange

===========================================================================================
----------------- testing Wed Feb 27 20:59:16 UTC 2019 /home/travis/build/icyphy/ptII/ptolemy/domains/de/test/auto/ClockDriftChange.xml
----------------- Instantiating /home/travis/build/icyphy/ptII/ptolemy/domains/de/test/auto/ClockDriftChange.xml
8 ms. Memory: 647168K Free: 77339K (12%)
----------------- Invoking toplevel() on ptolemy.moml.MoMLSimpleApplication@3265d351
----------------- Done invoking toplevel() on ptolemy.moml.MoMLSimpleApplication@3265d351
reloadAllAccessors: .ClockDriftChange

===========================================================================================
----------------- testing Wed Feb 27 20:59:16 UTC 2019 /home/travis/build/icyphy/ptII/ptolemy/domains/de/test/auto/ComposableCausalityAnalysis.xml
----------------- Instantiating /home/travis/build/icyphy/ptII/ptolemy/domains/de/test/auto/ComposableCausalityAnalysis.xml
2 ms. Memory: 619520K Free: 592646K (96%)
----------------- Invoking toplevel() on ptolemy.moml.MoMLSimpleApplication@16764efc
----------------- Done invoking toplevel() on ptolemy.moml.MoMLSimpleApplication@16764efc
reloadAllAccessors: .ComposableCausalityAnalysis

===========================================================================================
----------------- testing Wed Feb 27 20:59:16 UTC 2019 /home/travis/build/icyphy/ptII/ptolemy/domains/de/test/auto/DEFixedPointLimitation.xml
----------------- Instantiating /home/travis/build/icyphy/ptII/ptolemy/domains/de/test/auto/DEFixedPointLimitation.xml
1 ms. Memory: 619520K Free: 565862K (91%)
----------------- Invoking toplevel() on ptolemy.moml.MoMLSimpleApplication@3c91e568
----------------- Done invoking toplevel() on ptolemy.moml.MoMLSimpleApplication@3c91e568
reloadAllAccessors: .DEFixedPointLimitation

===========================================================================================
----------------- testing Wed Feb 27 20:59:16 UTC 2019 /home/travis/build/icyphy/ptII/ptolemy/domains/de/test/auto/DEScheduleTest.xml
----------------- Instantiating /home/travis/build/icyphy/ptII/ptolemy/domains/de/test/auto/DEScheduleTest.xml
2 ms. Memory: 619520K Free: 544338K (88%)
----------------- Invoking toplevel() on ptolemy.moml.MoMLSimpleApplication@43b272b7
----------------- Done invoking toplevel() on ptolemy.moml.MoMLSimpleApplication@43b272b7
reloadAllAccessors: .DEScheduleTest

===========================================================================================
----------------- testing Wed Feb 27 20:59:16 UTC 2019 /home/travis/build/icyphy/ptII/ptolemy/domains/de/test/auto/DEinDEwithStartTimes.xml
----------------- Instantiating /home/travis/build/icyphy/ptII/ptolemy/domains/de/test/auto/DEinDEwithStartTimes.xml
2 ms. Memory: 619520K Free: 522813K (84%)
----------------- Invoking toplevel() on ptolemy.moml.MoMLSimpleApplication@172fd049
----------------- Done invoking toplevel() on ptolemy.moml.MoMLSimpleApplication@172fd049
reloadAllAccessors: .DEinDEwithStartTimes

===========================================================================================
----------------- testing Wed Feb 27 20:59:16 UTC 2019 /home/travis/build/icyphy/ptII/ptolemy/domains/de/test/auto/DEinDEwithStartTimes2.xml
----------------- Instantiating /home/travis/build/icyphy/ptII/ptolemy/domains/de/test/auto/DEinDEwithStartTimes2.xml
2 ms. Memory: 619520K Free: 501242K (81%)
----------------- Invoking toplevel() on ptolemy.moml.MoMLSimpleApplication@493ab6d
----------------- Done invoking toplevel() on ptolemy.moml.MoMLSimpleApplication@493ab6d
reloadAllAccessors: .DEinDEwithStartTimes2

===========================================================================================
----------------- testing Wed Feb 27 20:59:16 UTC 2019 /home/travis/build/icyphy/ptII/ptolemy/domains/de/test/auto/DateDemo.xml
----------------- Instantiating /home/travis/build/icyphy/ptII/ptolemy/domains/de/test/auto/DateDemo.xml
3 ms. Memory: 619520K Free: 479717K (77%)
----------------- Invoking toplevel() on ptolemy.moml.MoMLSimpleApplication@3b25a6d3
----------------- Done invoking toplevel() on ptolemy.moml.MoMLSimpleApplication@3b25a6d3
reloadAllAccessors: .DateDemo

===========================================================================================
----------------- testing Wed Feb 27 20:59:16 UTC 2019 /home/travis/build/icyphy/ptII/ptolemy/domains/de/test/auto/DateToEvent.xml
----------------- Instantiating /home/travis/build/icyphy/ptII/ptolemy/domains/de/test/auto/DateToEvent.xml
2005 ms. Memory: 619520K Free: 447414K (72%)
----------------- Invoking toplevel() on ptolemy.moml.MoMLSimpleApplication@3be6b7a2
----------------- Done invoking toplevel() on ptolemy.moml.MoMLSimpleApplication@3be6b7a2
reloadAllAccessors: .DateToEvent

===========================================================================================
----------------- testing Wed Feb 27 20:59:18 UTC 2019 /home/travis/build/icyphy/ptII/ptolemy/domains/de/test/auto/DepthTest1.xml
----------------- Instantiating /home/travis/build/icyphy/ptII/ptolemy/domains/de/test/auto/DepthTest1.xml
1 ms. Memory: 619520K Free: 425890K (69%)
----------------- Invoking toplevel() on ptolemy.moml.MoMLSimpleApplication@48337b3
----------------- Done invoking toplevel() on ptolemy.moml.MoMLSimpleApplication@48337b3
reloadAllAccessors: .DepthTest1

===========================================================================================
----------------- testing Wed Feb 27 20:59:18 UTC 2019 /home/travis/build/icyphy/ptII/ptolemy/domains/de/test/auto/DepthTest2.xml
----------------- Instantiating /home/travis/build/icyphy/ptII/ptolemy/domains/de/test/auto/DepthTest2.xml
2 ms. Memory: 619520K Free: 404365K (65%)
----------------- Invoking toplevel() on ptolemy.moml.MoMLSimpleApplication@22c63fb4
----------------- Done invoking toplevel() on ptolemy.moml.MoMLSimpleApplication@22c63fb4
reloadAllAccessors: .DepthTest2

===========================================================================================
----------------- testing Wed Feb 27 20:59:18 UTC 2019 /home/travis/build/icyphy/ptII/ptolemy/domains/de/test/auto/DepthTest3.xml
----------------- Instantiating /home/travis/build/icyphy/ptII/ptolemy/domains/de/test/auto/DepthTest3.xml
1 ms. Memory: 619520K Free: 382841K (62%)
----------------- Invoking toplevel() on ptolemy.moml.MoMLSimpleApplication@3982cfd
----------------- Done invoking toplevel() on ptolemy.moml.MoMLSimpleApplication@3982cfd
reloadAllAccessors: .DepthTest3

===========================================================================================
----------------- testing Wed Feb 27 20:59:18 UTC 2019 /home/travis/build/icyphy/ptII/ptolemy/domains/de/test/auto/DepthTest4.xml
----------------- Instantiating /home/travis/build/icyphy/ptII/ptolemy/domains/de/test/auto/DepthTest4.xml
1 ms. Memory: 619520K Free: 361316K (58%)
----------------- Invoking toplevel() on ptolemy.moml.MoMLSimpleApplication@735c7eb4
----------------- Done invoking toplevel() on ptolemy.moml.MoMLSimpleApplication@735c7eb4
reloadAllAccessors: .DepthTest4

===========================================================================================
----------------- testing Wed Feb 27 20:59:18 UTC 2019 /home/travis/build/icyphy/ptII/ptolemy/domains/de/test/auto/DepthTest5.xml
----------------- Instantiating /home/travis/build/icyphy/ptII/ptolemy/domains/de/test/auto/DepthTest5.xml
3 ms. Memory: 619520K Free: 339792K (55%)
----------------- Invoking toplevel() on ptolemy.moml.MoMLSimpleApplication@62952558
----------------- Done invoking toplevel() on ptolemy.moml.MoMLSimpleApplication@62952558
reloadAllAccessors: .DepthTest5

===========================================================================================
----------------- testing Wed Feb 27 20:59:18 UTC 2019 /home/travis/build/icyphy/ptII/ptolemy/domains/de/test/auto/DepthTest6.xml
----------------- Instantiating /home/travis/build/icyphy/ptII/ptolemy/domains/de/test/auto/DepthTest6.xml
1 ms. Memory: 619520K Free: 313009K (51%)
----------------- Invoking toplevel() on ptolemy.moml.MoMLSimpleApplication@1ef4ee63
----------------- Done invoking toplevel() on ptolemy.moml.MoMLSimpleApplication@1ef4ee63
reloadAllAccessors: .DepthTest6

===========================================================================================
----------------- testing Wed Feb 27 20:59:18 UTC 2019 /home/travis/build/icyphy/ptII/ptolemy/domains/de/test/auto/DepthTest7.xml
----------------- Instantiating /home/travis/build/icyphy/ptII/ptolemy/domains/de/test/auto/DepthTest7.xml
1 ms. Memory: 619520K Free: 291484K (47%)
----------------- Invoking toplevel() on ptolemy.moml.MoMLSimpleApplication@2e7d495a
----------------- Done invoking toplevel() on ptolemy.moml.MoMLSimpleApplication@2e7d495a
reloadAllAccessors: .DepthTest7

===========================================================================================
----------------- testing Wed Feb 27 20:59:18 UTC 2019 /home/travis/build/icyphy/ptII/ptolemy/domains/de/test/auto/EventToDate.xml
----------------- Instantiating /home/travis/build/icyphy/ptII/ptolemy/domains/de/test/auto/EventToDate.xml
3003 ms. Memory: 619520K Free: 259181K (42%)
----------------- Invoking toplevel() on ptolemy.moml.MoMLSimpleApplication@2efe15d4
----------------- Done invoking toplevel() on ptolemy.moml.MoMLSimpleApplication@2efe15d4
reloadAllAccessors: .EventToDate

===========================================================================================
----------------- testing Wed Feb 27 20:59:21 UTC 2019 /home/travis/build/icyphy/ptII/ptolemy/domains/de/test/auto/FSM1.xml
----------------- Instantiating /home/travis/build/icyphy/ptII/ptolemy/domains/de/test/auto/FSM1.xml
8 ms. Memory: 619520K Free: 237657K (38%)
----------------- Invoking toplevel() on ptolemy.moml.MoMLSimpleApplication@6204d5f9
----------------- Done invoking toplevel() on ptolemy.moml.MoMLSimpleApplication@6204d5f9
reloadAllAccessors: .FSM1

===========================================================================================
----------------- testing Wed Feb 27 20:59:21 UTC 2019 /home/travis/build/icyphy/ptII/ptolemy/domains/de/test/auto/FSM7.xml
----------------- Instantiating /home/travis/build/icyphy/ptII/ptolemy/domains/de/test/auto/FSM7.xml
8 ms. Memory: 619520K Free: 216132K (35%)
----------------- Invoking toplevel() on ptolemy.moml.MoMLSimpleApplication@64765a28
----------------- Done invoking toplevel() on ptolemy.moml.MoMLSimpleApplication@64765a28
reloadAllAccessors: .FSM7

===========================================================================================
----------------- testing Wed Feb 27 20:59:21 UTC 2019 /home/travis/build/icyphy/ptII/ptolemy/domains/de/test/auto/Inspection.xml
----------------- Instantiating /home/travis/build/icyphy/ptII/ptolemy/domains/de/test/auto/Inspection.xml
12 ms. Memory: 619520K Free: 183829K (30%)
----------------- Invoking toplevel() on ptolemy.moml.MoMLSimpleApplication@7550f901
----------------- Done invoking toplevel() on ptolemy.moml.MoMLSimpleApplication@7550f901
reloadAllAccessors: .Inspection

===========================================================================================
----------------- testing Wed Feb 27 20:59:21 UTC 2019 /home/travis/build/icyphy/ptII/ptolemy/domains/de/test/auto/Iteration.xml
----------------- Instantiating /home/travis/build/icyphy/ptII/ptolemy/domains/de/test/auto/Iteration.xml
4 ms. Memory: 619520K Free: 162305K (26%)
----------------- Invoking toplevel() on ptolemy.moml.MoMLSimpleApplication@162e7837
----------------- Done invoking toplevel() on ptolemy.moml.MoMLSimpleApplication@162e7837
reloadAllAccessors: .Iteration

===========================================================================================
----------------- testing Wed Feb 27 20:59:21 UTC 2019 /home/travis/build/icyphy/ptII/ptolemy/domains/de/test/auto/LineFault.xml
----------------- Instantiating /home/travis/build/icyphy/ptII/ptolemy/domains/de/test/auto/LineFault.xml
405 ms. Memory: 595456K Free: 553892K (93%)
----------------- Invoking toplevel() on ptolemy.moml.MoMLSimpleApplication@210ca091
----------------- Done invoking toplevel() on ptolemy.moml.MoMLSimpleApplication@210ca091
reloadAllAccessors: .LineFault

===========================================================================================
----------------- testing Wed Feb 27 20:59:22 UTC 2019 /home/travis/build/icyphy/ptII/ptolemy/domains/de/test/auto/MergeModel1Add.xml
----------------- Instantiating /home/travis/build/icyphy/ptII/ptolemy/domains/de/test/auto/MergeModel1Add.xml
9 ms. Memory: 595456K Free: 519243K (87%)
----------------- Invoking toplevel() on ptolemy.moml.MoMLSimpleApplication@2f08ba90
----------------- Done invoking toplevel() on ptolemy.moml.MoMLSimpleApplication@2f08ba90
reloadAllAccessors: .MergeModel1Add

===========================================================================================
----------------- testing Wed Feb 27 20:59:22 UTC 2019 /home/travis/build/icyphy/ptII/ptolemy/domains/de/test/auto/MergeModel2Add.xml
----------------- Instantiating /home/travis/build/icyphy/ptII/ptolemy/domains/de/test/auto/MergeModel2Add.xml
7 ms. Memory: 595456K Free: 493576K (83%)
----------------- Invoking toplevel() on ptolemy.moml.MoMLSimpleApplication@20797c8
----------------- Done invoking toplevel() on ptolemy.moml.MoMLSimpleApplication@20797c8
reloadAllAccessors: .MergeModel2Add

===========================================================================================
----------------- testing Wed Feb 27 20:59:22 UTC 2019 /home/travis/build/icyphy/ptII/ptolemy/domains/de/test/auto/MergeModel3Add.xml
----------------- Instantiating /home/travis/build/icyphy/ptII/ptolemy/domains/de/test/auto/MergeModel3Add.xml
5 ms. Memory: 595456K Free: 467916K (79%)
----------------- Invoking toplevel() on ptolemy.moml.MoMLSimpleApplication@7be817d1
----------------- Done invoking toplevel() on ptolemy.moml.MoMLSimpleApplication@7be817d1
reloadAllAccessors: .MergeModel3Add

===========================================================================================
----------------- testing Wed Feb 27 20:59:22 UTC 2019 /home/travis/build/icyphy/ptII/ptolemy/domains/de/test/auto/MergeWithoutDiscard.xml
----------------- Instantiating /home/travis/build/icyphy/ptII/ptolemy/domains/de/test/auto/MergeWithoutDiscard.xml
1 ms. Memory: 595456K Free: 457656K (77%)
----------------- Invoking toplevel() on ptolemy.moml.MoMLSimpleApplication@621c3c84
----------------- Done invoking toplevel() on ptolemy.moml.MoMLSimpleApplication@621c3c84
reloadAllAccessors: .MergeWithoutDiscard

===========================================================================================
----------------- testing Wed Feb 27 20:59:22 UTC 2019 /home/travis/build/icyphy/ptII/ptolemy/domains/de/test/auto/Modal1.xml
----------------- Instantiating /home/travis/build/icyphy/ptII/ptolemy/domains/de/test/auto/Modal1.xml
7 ms. Memory: 595456K Free: 442220K (74%)
----------------- Invoking toplevel() on ptolemy.moml.MoMLSimpleApplication@5da6c8fe
----------------- Done invoking toplevel() on ptolemy.moml.MoMLSimpleApplication@5da6c8fe
reloadAllAccessors: .Modal1

===========================================================================================
----------------- testing Wed Feb 27 20:59:22 UTC 2019 /home/travis/build/icyphy/ptII/ptolemy/domains/de/test/auto/Modal2.xml
----------------- Instantiating /home/travis/build/icyphy/ptII/ptolemy/domains/de/test/auto/Modal2.xml
7 ms. Memory: 595456K Free: 426821K (72%)
----------------- Invoking toplevel() on ptolemy.moml.MoMLSimpleApplication@280ce560
----------------- Done invoking toplevel() on ptolemy.moml.MoMLSimpleApplication@280ce560
reloadAllAccessors: .Modal2

===========================================================================================
----------------- testing Wed Feb 27 20:59:22 UTC 2019 /home/travis/build/icyphy/ptII/ptolemy/domains/de/test/auto/Modal3.xml
----------------- Instantiating /home/travis/build/icyphy/ptII/ptolemy/domains/de/test/auto/Modal3.xml
6 ms. Memory: 595456K Free: 408075K (69%)
----------------- Invoking toplevel() on ptolemy.moml.MoMLSimpleApplication@4bc319fc
----------------- Done invoking toplevel() on ptolemy.moml.MoMLSimpleApplication@4bc319fc
reloadAllAccessors: .Modal3

===========================================================================================
----------------- testing Wed Feb 27 20:59:22 UTC 2019 /home/travis/build/icyphy/ptII/ptolemy/domains/de/test/auto/Modal4.xml
----------------- Instantiating /home/travis/build/icyphy/ptII/ptolemy/domains/de/test/auto/Modal4.xml
6 ms. Memory: 595456K Free: 392669K (66%)
----------------- Invoking toplevel() on ptolemy.moml.MoMLSimpleApplication@456e432f
----------------- Done invoking toplevel() on ptolemy.moml.MoMLSimpleApplication@456e432f
reloadAllAccessors: .Modal4

===========================================================================================
----------------- testing Wed Feb 27 20:59:22 UTC 2019 /home/travis/build/icyphy/ptII/ptolemy/domains/de/test/auto/Modal5.xml
----------------- Instantiating /home/travis/build/icyphy/ptII/ptolemy/domains/de/test/auto/Modal5.xml
7 ms. Memory: 595456K Free: 377262K (63%)
----------------- Invoking toplevel() on ptolemy.moml.MoMLSimpleApplication@5b89cf3e
----------------- Done invoking toplevel() on ptolemy.moml.MoMLSimpleApplication@5b89cf3e
reloadAllAccessors: .Modal5

===========================================================================================
----------------- testing Wed Feb 27 20:59:22 UTC 2019 /home/travis/build/icyphy/ptII/ptolemy/domains/de/test/auto/Modal6.xml
----------------- Instantiating /home/travis/build/icyphy/ptII/ptolemy/domains/de/test/auto/Modal6.xml
6 ms. Memory: 595456K Free: 361855K (61%)
----------------- Invoking toplevel() on ptolemy.moml.MoMLSimpleApplication@29195c35
----------------- Done invoking toplevel() on ptolemy.moml.MoMLSimpleApplication@29195c35
reloadAllAccessors: .Modal6

===========================================================================================
----------------- testing Wed Feb 27 20:59:22 UTC 2019 /home/travis/build/icyphy/ptII/ptolemy/domains/de/test/auto/Modal7.xml
----------------- Instantiating /home/travis/build/icyphy/ptII/ptolemy/domains/de/test/auto/Modal7.xml
6 ms. Memory: 595456K Free: 341302K (57%)
----------------- Invoking toplevel() on ptolemy.moml.MoMLSimpleApplication@681abbe
----------------- Done invoking toplevel() on ptolemy.moml.MoMLSimpleApplication@681abbe
reloadAllAccessors: .Modal7

===========================================================================================
----------------- testing Wed Feb 27 20:59:22 UTC 2019 /home/travis/build/icyphy/ptII/ptolemy/domains/de/test/auto/ModalModel.xml
----------------- Instantiating /home/travis/build/icyphy/ptII/ptolemy/domains/de/test/auto/ModalModel.xml
93 ms. Memory: 595456K Free: 269350K (45%)
----------------- Invoking toplevel() on ptolemy.moml.MoMLSimpleApplication@6161b06
----------------- Done invoking toplevel() on ptolemy.moml.MoMLSimpleApplication@6161b06
reloadAllAccessors: .ModalModel

===========================================================================================
----------------- testing Wed Feb 27 20:59:22 UTC 2019 /home/travis/build/icyphy/ptII/ptolemy/domains/de/test/auto/ModalSource.xml
----------------- Instantiating /home/travis/build/icyphy/ptII/ptolemy/domains/de/test/auto/ModalSource.xml
4 ms. Memory: 595456K Free: 253943K (43%)
----------------- Invoking toplevel() on ptolemy.moml.MoMLSimpleApplication@5a77ecde
----------------- Done invoking toplevel() on ptolemy.moml.MoMLSimpleApplication@5a77ecde
reloadAllAccessors: .ModalSource

===========================================================================================
----------------- testing Wed Feb 27 20:59:22 UTC 2019 /home/travis/build/icyphy/ptII/ptolemy/domains/de/test/auto/NonInterruptibleTimerZeroDelay.xml
----------------- Instantiating /home/travis/build/icyphy/ptII/ptolemy/domains/de/test/auto/NonInterruptibleTimerZeroDelay.xml
2 ms. Memory: 595456K Free: 240344K (40%)
----------------- Invoking toplevel() on ptolemy.moml.MoMLSimpleApplication@5f7ac42a
----------------- Done invoking toplevel() on ptolemy.moml.MoMLSimpleApplication@5f7ac42a
reloadAllAccessors: .NonInterruptibleTimerZeroDelay

===========================================================================================
----------------- testing Wed Feb 27 20:59:22 UTC 2019 /home/travis/build/icyphy/ptII/ptolemy/domains/de/test/auto/OpenQueueingNetwork.xml
----------------- Instantiating /home/travis/build/icyphy/ptII/ptolemy/domains/de/test/auto/OpenQueueingNetwork.xml
2031 ms. Memory: 571392K Free: 92484K (16%)
----------------- Invoking toplevel() on ptolemy.moml.MoMLSimpleApplication@2d709e45
----------------- Done invoking toplevel() on ptolemy.moml.MoMLSimpleApplication@2d709e45
reloadAllAccessors: .OpenQueueingNetwork

===========================================================================================
----------------- testing Wed Feb 27 20:59:24 UTC 2019 /home/travis/build/icyphy/ptII/ptolemy/domains/de/test/auto/OpenQueuingNetwork.xml
----------------- Instantiating /home/travis/build/icyphy/ptII/ptolemy/domains/de/test/auto/OpenQueuingNetwork.xml
217 ms. Memory: 548352K Free: 466393K (85%)
----------------- Invoking toplevel() on ptolemy.moml.MoMLSimpleApplication@158555a9
----------------- Done invoking toplevel() on ptolemy.moml.MoMLSimpleApplication@158555a9
reloadAllAccessors: .OpenQueuingNetwork

===========================================================================================
----------------- testing Wed Feb 27 20:59:24 UTC 2019 /home/travis/build/icyphy/ptII/ptolemy/domains/de/test/auto/PeriodicSampler.xml
----------------- Instantiating /home/travis/build/icyphy/ptII/ptolemy/domains/de/test/auto/PeriodicSampler.xml
2 ms. Memory: 548352K Free: 458844K (84%)
----------------- Invoking toplevel() on ptolemy.moml.MoMLSimpleApplication@5a10cd12
----------------- Done invoking toplevel() on ptolemy.moml.MoMLSimpleApplication@5a10cd12
reloadAllAccessors: .PeriodicSampler

===========================================================================================
----------------- testing Wed Feb 27 20:59:24 UTC 2019 /home/travis/build/icyphy/ptII/ptolemy/domains/de/test/auto/PersistentIO.xml
----------------- Instantiating /home/travis/build/icyphy/ptII/ptolemy/domains/de/test/auto/PersistentIO.xml
8 ms. Memory: 548352K Free: 446397K (81%)
----------------- Invoking toplevel() on ptolemy.moml.MoMLSimpleApplication@23650c0b
----------------- Done invoking toplevel() on ptolemy.moml.MoMLSimpleApplication@23650c0b
reloadAllAccessors: .PersistentIO

===========================================================================================
----------------- testing Wed Feb 27 20:59:24 UTC 2019 /home/travis/build/icyphy/ptII/ptolemy/domains/de/test/auto/PortParameterResetOnInitialize.xml
----------------- Instantiating /home/travis/build/icyphy/ptII/ptolemy/domains/de/test/auto/PortParameterResetOnInitialize.xml
1 ms. Memory: 548352K Free: 435723K (79%)
----------------- Invoking toplevel() on ptolemy.moml.MoMLSimpleApplication@51f06f0d
----------------- Done invoking toplevel() on ptolemy.moml.MoMLSimpleApplication@51f06f0d
reloadAllAccessors: .PortParameterResetOnInitialize

===========================================================================================
----------------- testing Wed Feb 27 20:59:24 UTC 2019 /home/travis/build/icyphy/ptII/ptolemy/domains/de/test/auto/PortParameterUpdates.xml
----------------- Instantiating /home/travis/build/icyphy/ptII/ptolemy/domains/de/test/auto/PortParameterUpdates.xml
2 ms. Memory: 548352K Free: 426394K (78%)
----------------- Invoking toplevel() on ptolemy.moml.MoMLSimpleApplication@257b8d99
----------------- Done invoking toplevel() on ptolemy.moml.MoMLSimpleApplication@257b8d99
reloadAllAccessors: .PortParameterUpdates

===========================================================================================
----------------- testing Wed Feb 27 20:59:24 UTC 2019 /home/travis/build/icyphy/ptII/ptolemy/domains/de/test/auto/QueueAndServer.xml
----------------- Instantiating /home/travis/build/icyphy/ptII/ptolemy/domains/de/test/auto/QueueAndServer.xml
4 ms. Memory: 548352K Free: 417032K (76%)
----------------- Invoking toplevel() on ptolemy.moml.MoMLSimpleApplication@7648e232
----------------- Done invoking toplevel() on ptolemy.moml.MoMLSimpleApplication@7648e232
reloadAllAccessors: .QueueAndServer

===========================================================================================
----------------- testing Wed Feb 27 20:59:24 UTC 2019 /home/travis/build/icyphy/ptII/ptolemy/domains/de/test/auto/Records.xml
----------------- Instantiating /home/travis/build/icyphy/ptII/ptolemy/domains/de/test/auto/Records.xml
5 ms. Memory: 548352K Free: 406374K (74%)
----------------- Invoking toplevel() on ptolemy.moml.MoMLSimpleApplication@4b5e6a14
----------------- Done invoking toplevel() on ptolemy.moml.MoMLSimpleApplication@4b5e6a14
reloadAllAccessors: .Records

===========================================================================================
----------------- testing Wed Feb 27 20:59:25 UTC 2019 /home/travis/build/icyphy/ptII/ptolemy/domains/de/test/auto/ResetTransitionWithStartTime1.xml
----------------- Instantiating /home/travis/build/icyphy/ptII/ptolemy/domains/de/test/auto/ResetTransitionWithStartTime1.xml
4 ms. Memory: 548352K Free: 397037K (72%)
----------------- Invoking toplevel() on ptolemy.moml.MoMLSimpleApplication@6be7c948
----------------- Done invoking toplevel() on ptolemy.moml.MoMLSimpleApplication@6be7c948
reloadAllAccessors: .ResetTransitionWithStartTime1

===========================================================================================
----------------- testing Wed Feb 27 20:59:25 UTC 2019 /home/travis/build/icyphy/ptII/ptolemy/domains/de/test/auto/ResetTransitionWithStartTime2.xml
----------------- Instantiating /home/travis/build/icyphy/ptII/ptolemy/domains/de/test/auto/ResetTransitionWithStartTime2.xml
3 ms. Memory: 548352K Free: 386362K (70%)
----------------- Invoking toplevel() on ptolemy.moml.MoMLSimpleApplication@b42d99d
----------------- Done invoking toplevel() on ptolemy.moml.MoMLSimpleApplication@b42d99d
reloadAllAccessors: .ResetTransitionWithStartTime2

===========================================================================================
----------------- testing Wed Feb 27 20:59:25 UTC 2019 /home/travis/build/icyphy/ptII/ptolemy/domains/de/test/auto/ResetTransitionWithStartTime3.xml
----------------- Instantiating /home/travis/build/icyphy/ptII/ptolemy/domains/de/test/auto/ResetTransitionWithStartTime3.xml
3 ms. Memory: 548352K Free: 377018K (69%)
----------------- Invoking toplevel() on ptolemy.moml.MoMLSimpleApplication@45bea4af
----------------- Done invoking toplevel() on ptolemy.moml.MoMLSimpleApplication@45bea4af
reloadAllAccessors: .ResetTransitionWithStartTime3

===========================================================================================
----------------- testing Wed Feb 27 20:59:25 UTC 2019 /home/travis/build/icyphy/ptII/ptolemy/domains/de/test/auto/ResetTransitionWithStartTime4.xml
----------------- Instantiating /home/travis/build/icyphy/ptII/ptolemy/domains/de/test/auto/ResetTransitionWithStartTime4.xml
5 ms. Memory: 548352K Free: 367673K (67%)
----------------- Invoking toplevel() on ptolemy.moml.MoMLSimpleApplication@b8e72d9
----------------- Done invoking toplevel() on ptolemy.moml.MoMLSimpleApplication@b8e72d9
reloadAllAccessors: .ResetTransitionWithStartTime4

===========================================================================================
----------------- testing Wed Feb 27 20:59:25 UTC 2019 /home/travis/build/icyphy/ptII/ptolemy/domains/de/test/auto/ResettableTimer1.xml
----------------- Instantiating /home/travis/build/icyphy/ptII/ptolemy/domains/de/test/auto/ResettableTimer1.xml
1 ms. Memory: 548352K Free: 360124K (66%)
----------------- Invoking toplevel() on ptolemy.moml.MoMLSimpleApplication@422f2864
----------------- Done invoking toplevel() on ptolemy.moml.MoMLSimpleApplication@422f2864
reloadAllAccessors: .ResettableTimer1

===========================================================================================
----------------- testing Wed Feb 27 20:59:25 UTC 2019 /home/travis/build/icyphy/ptII/ptolemy/domains/de/test/auto/ResettableTimer2.xml
----------------- Instantiating /home/travis/build/icyphy/ptII/ptolemy/domains/de/test/auto/ResettableTimer2.xml
1 ms. Memory: 548352K Free: 353905K (65%)
----------------- Invoking toplevel() on ptolemy.moml.MoMLSimpleApplication@5e5b8ad4
----------------- Done invoking toplevel() on ptolemy.moml.MoMLSimpleApplication@5e5b8ad4
reloadAllAccessors: .ResettableTimer2

===========================================================================================
----------------- testing Wed Feb 27 20:59:25 UTC 2019 /home/travis/build/icyphy/ptII/ptolemy/domains/de/test/auto/ResettableTimer3.xml
----------------- Instantiating /home/travis/build/icyphy/ptII/ptolemy/domains/de/test/auto/ResettableTimer3.xml
1 ms. Memory: 548352K Free: 347686K (63%)
----------------- Invoking toplevel() on ptolemy.moml.MoMLSimpleApplication@2eaea74
----------------- Done invoking toplevel() on ptolemy.moml.MoMLSimpleApplication@2eaea74
reloadAllAccessors: .ResettableTimer3

===========================================================================================
----------------- testing Wed Feb 27 20:59:25 UTC 2019 /home/travis/build/icyphy/ptII/ptolemy/domains/de/test/auto/ResettableTimer4.xml
----------------- Instantiating /home/travis/build/icyphy/ptII/ptolemy/domains/de/test/auto/ResettableTimer4.xml
1 ms. Memory: 548352K Free: 340137K (62%)
----------------- Invoking toplevel() on ptolemy.moml.MoMLSimpleApplication@3b41d963
----------------- Done invoking toplevel() on ptolemy.moml.MoMLSimpleApplication@3b41d963
reloadAllAccessors: .ResettableTimer4

===========================================================================================
----------------- testing Wed Feb 27 20:59:25 UTC 2019 /home/travis/build/icyphy/ptII/ptolemy/domains/de/test/auto/ResettableTimer5.xml
----------------- Instantiating /home/travis/build/icyphy/ptII/ptolemy/domains/de/test/auto/ResettableTimer5.xml
0 ms. Memory: 548352K Free: 330792K (60%)
----------------- Invoking toplevel() on ptolemy.moml.MoMLSimpleApplication@3c1c459b
----------------- Done invoking toplevel() on ptolemy.moml.MoMLSimpleApplication@3c1c459b
reloadAllAccessors: .ResettableTimer5

===========================================================================================
----------------- testing Wed Feb 27 20:59:25 UTC 2019 /home/travis/build/icyphy/ptII/ptolemy/domains/de/test/auto/ResettableTimer6.xml
----------------- Instantiating /home/travis/build/icyphy/ptII/ptolemy/domains/de/test/auto/ResettableTimer6.xml
4 ms. Memory: 548352K Free: 320134K (58%)
----------------- Invoking toplevel() on ptolemy.moml.MoMLSimpleApplication@638b3ed2
----------------- Done invoking toplevel() on ptolemy.moml.MoMLSimpleApplication@638b3ed2
reloadAllAccessors: .ResettableTimer6

===========================================================================================
----------------- testing Wed Feb 27 20:59:25 UTC 2019 /home/travis/build/icyphy/ptII/ptolemy/domains/de/test/auto/ServerZeroDelay.xml
----------------- Instantiating /home/travis/build/icyphy/ptII/ptolemy/domains/de/test/auto/ServerZeroDelay.xml
2 ms. Memory: 548352K Free: 313915K (57%)
----------------- Invoking toplevel() on ptolemy.moml.MoMLSimpleApplication@4153f1f6
----------------- Done invoking toplevel() on ptolemy.moml.MoMLSimpleApplication@4153f1f6
reloadAllAccessors: .ServerZeroDelay

===========================================================================================
----------------- testing Wed Feb 27 20:59:25 UTC 2019 /home/travis/build/icyphy/ptII/ptolemy/domains/de/test/auto/SmartSender.xml
----------------- Instantiating /home/travis/build/icyphy/ptII/ptolemy/domains/de/test/auto/SmartSender.xml
3002 ms. Memory: 548352K Free: 304570K (56%)
----------------- Invoking toplevel() on ptolemy.moml.MoMLSimpleApplication@5e6ff3d2
----------------- Done invoking toplevel() on ptolemy.moml.MoMLSimpleApplication@5e6ff3d2
reloadAllAccessors: .SmartSender

===========================================================================================
----------------- testing Wed Feb 27 20:59:28 UTC 2019 /home/travis/build/icyphy/ptII/ptolemy/domains/de/test/auto/ThreadedComposite.xml
----------------- Instantiating /home/travis/build/icyphy/ptII/ptolemy/domains/de/test/auto/ThreadedComposite.xml
99 ms. Memory: 548352K Free: 275222K (50%)
----------------- Invoking toplevel() on ptolemy.moml.MoMLSimpleApplication@70094a66
----------------- Done invoking toplevel() on ptolemy.moml.MoMLSimpleApplication@70094a66
reloadAllAccessors: .ThreadedComposite

===========================================================================================
----------------- testing Wed Feb 27 20:59:28 UTC 2019 /home/travis/build/icyphy/ptII/ptolemy/domains/de/test/auto/Time.xml
----------------- Instantiating /home/travis/build/icyphy/ptII/ptolemy/domains/de/test/auto/Time.xml
383 ms. Memory: 548352K Free: 216132K (39%)
----------------- Invoking toplevel() on ptolemy.moml.MoMLSimpleApplication@502d07ac
----------------- Done invoking toplevel() on ptolemy.moml.MoMLSimpleApplication@502d07ac
reloadAllAccessors: .Time

===========================================================================================
----------------- testing Wed Feb 27 20:59:28 UTC 2019 /home/travis/build/icyphy/ptII/ptolemy/domains/de/test/auto/TimeDelayZeroDelay.xml
----------------- Instantiating /home/travis/build/icyphy/ptII/ptolemy/domains/de/test/auto/TimeDelayZeroDelay.xml
2 ms. Memory: 548352K Free: 208583K (38%)
----------------- Invoking toplevel() on ptolemy.moml.MoMLSimpleApplication@72f50040
----------------- Done invoking toplevel() on ptolemy.moml.MoMLSimpleApplication@72f50040
reloadAllAccessors: .TimeDelayZeroDelay

===========================================================================================
----------------- testing Wed Feb 27 20:59:28 UTC 2019 /home/travis/build/icyphy/ptII/ptolemy/domains/de/test/auto/TimerZeroDelay.xml
----------------- Instantiating /home/travis/build/icyphy/ptII/ptolemy/domains/de/test/auto/TimerZeroDelay.xml
1 ms. Memory: 548352K Free: 202364K (37%)
----------------- Invoking toplevel() on ptolemy.moml.MoMLSimpleApplication@15f7b9e5
----------------- Done invoking toplevel() on ptolemy.moml.MoMLSimpleApplication@15f7b9e5
reloadAllAccessors: .TimerZeroDelay

===========================================================================================
----------------- testing Wed Feb 27 20:59:28 UTC 2019 /home/travis/build/icyphy/ptII/ptolemy/domains/de/test/auto/TimingParadox.xml
----------------- Instantiating /home/travis/build/icyphy/ptII/ptolemy/domains/de/test/auto/TimingParadox.xml
276 ms. Memory: 548352K Free: 130780K (24%)
----------------- Invoking toplevel() on ptolemy.moml.MoMLSimpleApplication@51970614
----------------- Done invoking toplevel() on ptolemy.moml.MoMLSimpleApplication@51970614
reloadAllAccessors: .TimingParadox

===========================================================================================
----------------- testing Wed Feb 27 20:59:29 UTC 2019 /home/travis/build/icyphy/ptII/ptolemy/domains/de/test/auto/TransferInputs.xml
----------------- Instantiating /home/travis/build/icyphy/ptII/ptolemy/domains/de/test/auto/TransferInputs.xml
2 ms. Memory: 548352K Free: 120105K (22%)
----------------- Invoking toplevel() on ptolemy.moml.MoMLSimpleApplication@30b1a746
----------------- Done invoking toplevel() on ptolemy.moml.MoMLSimpleApplication@30b1a746
reloadAllAccessors: .TransferInputs

===========================================================================================
----------------- testing Wed Feb 27 20:59:29 UTC 2019 /home/travis/build/icyphy/ptII/ptolemy/domains/de/test/auto/TransferOutputs2.xml
----------------- Instantiating /home/travis/build/icyphy/ptII/ptolemy/domains/de/test/auto/TransferOutputs2.xml
2 ms. Memory: 548352K Free: 107651K (20%)
----------------- Invoking toplevel() on ptolemy.moml.MoMLSimpleApplication@604b5434
----------------- Done invoking toplevel() on ptolemy.moml.MoMLSimpleApplication@604b5434
reloadAllAccessors: .TransferOutputs2

===========================================================================================
----------------- testing Wed Feb 27 20:59:29 UTC 2019 /home/travis/build/icyphy/ptII/ptolemy/domains/de/test/auto/Trilateration.xml
----------------- Instantiating /home/travis/build/icyphy/ptII/ptolemy/domains/de/test/auto/Trilateration.xml
10178 ms. Memory: 409088K Free: 274521K (67%)
----------------- Invoking toplevel() on ptolemy.moml.MoMLSimpleApplication@5dc34400
----------------- Done invoking toplevel() on ptolemy.moml.MoMLSimpleApplication@5dc34400
reloadAllAccessors: .Trilateration

===========================================================================================
----------------- testing Wed Feb 27 20:59:39 UTC 2019 /home/travis/build/icyphy/ptII/ptolemy/domains/de/test/auto/TwoSigmaDelta.xml
----------------- Instantiating /home/travis/build/icyphy/ptII/ptolemy/domains/de/test/auto/TwoSigmaDelta.xml
2027 ms. Memory: 388608K Free: 285026K (73%)
----------------- Invoking toplevel() on ptolemy.moml.MoMLSimpleApplication@546f25d3
----------------- Done invoking toplevel() on ptolemy.moml.MoMLSimpleApplication@546f25d3
reloadAllAccessors: .TwoSigmaDelta

===========================================================================================
----------------- testing Wed Feb 27 20:59:41 UTC 2019 /home/travis/build/icyphy/ptII/ptolemy/domains/de/test/auto/VariableDelay.xml
----------------- Instantiating /home/travis/build/icyphy/ptII/ptolemy/domains/de/test/auto/VariableDelay.xml
2 ms. Memory: 388608K Free: 271799K (70%)
----------------- Invoking toplevel() on ptolemy.moml.MoMLSimpleApplication@74b687ce
----------------- Done invoking toplevel() on ptolemy.moml.MoMLSimpleApplication@74b687ce
reloadAllAccessors: .VariableDelay

===========================================================================================
----------------- testing Wed Feb 27 20:59:41 UTC 2019 /home/travis/build/icyphy/ptII/ptolemy/domains/de/test/auto/VariableDelay2.xml
----------------- Instantiating /home/travis/build/icyphy/ptII/ptolemy/domains/de/test/auto/VariableDelay2.xml
2 ms. Memory: 388608K Free: 265254K (68%)
----------------- Invoking toplevel() on ptolemy.moml.MoMLSimpleApplication@70e58d6f
----------------- Done invoking toplevel() on ptolemy.moml.MoMLSimpleApplication@70e58d6f
reloadAllAccessors: .VariableDelay2

===========================================================================================
----------------- testing Wed Feb 27 20:59:41 UTC 2019 /home/travis/build/icyphy/ptII/ptolemy/domains/de/test/auto/VariableDelayZeroDelay.xml
----------------- Instantiating /home/travis/build/icyphy/ptII/ptolemy/domains/de/test/auto/VariableDelayZeroDelay.xml
2 ms. Memory: 388608K Free: 258709K (67%)
----------------- Invoking toplevel() on ptolemy.moml.MoMLSimpleApplication@7205194a
----------------- Done invoking toplevel() on ptolemy.moml.MoMLSimpleApplication@7205194a
reloadAllAccessors: .VariableDelayZeroDelay

===========================================================================================
----------------- testing Wed Feb 27 20:59:41 UTC 2019 /home/travis/build/icyphy/ptII/ptolemy/domains/de/test/auto/VariableDelayZeroDelay2.xml
----------------- Instantiating /home/travis/build/icyphy/ptII/ptolemy/domains/de/test/auto/VariableDelayZeroDelay2.xml
2 ms. Memory: 388608K Free: 251754K (65%)
----------------- Invoking toplevel() on ptolemy.moml.MoMLSimpleApplication@7bb65383
----------------- Done invoking toplevel() on ptolemy.moml.MoMLSimpleApplication@7bb65383
reloadAllAccessors: .VariableDelayZeroDelay2

===========================================================================================
----------------- testing Wed Feb 27 20:59:41 UTC 2019 /home/travis/build/icyphy/ptII/ptolemy/domains/de/test/auto/deInCt.xml
----------------- Instantiating /home/travis/build/icyphy/ptII/ptolemy/domains/de/test/auto/deInCt.xml
0
1
1
1
0
0
0
1
1
0
0
0
1
1
1
1
0
0
0
1
1
1
0
0
0
0
1
1
1
0
0
0
0
1
1
1
0
0
0
1
1
1
1
0
0
0
0
6 ms. Memory: 388608K Free: 242126K (62%)
----------------- Invoking toplevel() on ptolemy.moml.MoMLSimpleApplication@7dc22ec9
----------------- Done invoking toplevel() on ptolemy.moml.MoMLSimpleApplication@7dc22ec9
reloadAllAccessors: .deInCt

===========================================================================================
----------------- testing Wed Feb 27 20:59:41 UTC 2019 /home/travis/build/icyphy/ptII/ptolemy/domains/de/test/auto/deInCt2.xml
----------------- Instantiating /home/travis/build/icyphy/ptII/ptolemy/domains/de/test/auto/deInCt2.xml
0
1
1
1
0
0
1
1
1
0
0
1
1
1
0
0
1
1
1
0
0
1
1
1
0
0
1
1
1
0
0
1
1
1
0
0
1
1
1
0
0
0
4 ms. Memory: 388608K Free: 232502K (60%)
----------------- Invoking toplevel() on ptolemy.moml.MoMLSimpleApplication@4d6149db
----------------- Done invoking toplevel() on ptolemy.moml.MoMLSimpleApplication@4d6149db
reloadAllAccessors: .deInCt2

===========================================================================================
----------------- testing Wed Feb 27 20:59:41 UTC 2019 /home/travis/build/icyphy/ptII/ptolemy/domains/de/test/auto/dynamicCausalityInterface1.xml
----------------- Instantiating /home/travis/build/icyphy/ptII/ptolemy/domains/de/test/auto/dynamicCausalityInterface1.xml
1 ms. Memory: 388608K Free: 219397K (56%)
----------------- Invoking toplevel() on ptolemy.moml.MoMLSimpleApplication@2956df43
----------------- Done invoking toplevel() on ptolemy.moml.MoMLSimpleApplication@2956df43
reloadAllAccessors: .dynamicCausalityInterface1

===========================================================================================
----------------- testing Wed Feb 27 20:59:42 UTC 2019 /home/travis/build/icyphy/ptII/ptolemy/domains/de/test/auto/fsm_de_test.xml
----------------- Instantiating /home/travis/build/icyphy/ptII/ptolemy/domains/de/test/auto/fsm_de_test.xml
4 ms. Memory: 388608K Free: 206702K (53%)
----------------- Invoking toplevel() on ptolemy.moml.MoMLSimpleApplication@1d916c9b
----------------- Done invoking toplevel() on ptolemy.moml.MoMLSimpleApplication@1d916c9b
reloadAllAccessors: .fsm_de_test

===========================================================================================
----------------- testing Wed Feb 27 20:59:42 UTC 2019 /home/travis/build/icyphy/ptII/ptolemy/domains/de/test/auto/functionDependencyReconstruction.xml
----------------- Instantiating /home/travis/build/icyphy/ptII/ptolemy/domains/de/test/auto/functionDependencyReconstruction.xml
2 ms. Memory: 388608K Free: 187890K (48%)
----------------- Invoking toplevel() on ptolemy.moml.MoMLSimpleApplication@7ff2599b
----------------- Done invoking toplevel() on ptolemy.moml.MoMLSimpleApplication@7ff2599b
reloadAllAccessors: .functionDependencyReconstruction

===========================================================================================
----------------- testing Wed Feb 27 20:59:42 UTC 2019 /home/travis/build/icyphy/ptII/ptolemy/domains/de/test/auto/multirate.xml
----------------- Instantiating /home/travis/build/icyphy/ptII/ptolemy/domains/de/test/auto/multirate.xml
3 ms. Memory: 388608K Free: 177852K (46%)
----------------- Invoking toplevel() on ptolemy.moml.MoMLSimpleApplication@59126e1
----------------- Done invoking toplevel() on ptolemy.moml.MoMLSimpleApplication@59126e1
reloadAllAccessors: .multirate

===========================================================================================
----------------- testing Wed Feb 27 20:59:42 UTC 2019 /home/travis/build/icyphy/ptII/ptolemy/domains/de/test/auto/multirate2.xml
----------------- Instantiating /home/travis/build/icyphy/ptII/ptolemy/domains/de/test/auto/multirate2.xml
2 ms. Memory: 388608K Free: 168224K (43%)
----------------- Invoking toplevel() on ptolemy.moml.MoMLSimpleApplication@1afe7c9d
----------------- Done invoking toplevel() on ptolemy.moml.MoMLSimpleApplication@1afe7c9d
reloadAllAccessors: .multirate2

===========================================================================================
----------------- testing Wed Feb 27 20:59:42 UTC 2019 /home/travis/build/icyphy/ptII/ptolemy/domains/de/test/auto/realtime.xml
----------------- Instantiating /home/travis/build/icyphy/ptII/ptolemy/domains/de/test/auto/realtime.xml
10002 ms. Memory: 388608K Free: 158612K (41%)
----------------- Invoking toplevel() on ptolemy.moml.MoMLSimpleApplication@46535be8
----------------- Done invoking toplevel() on ptolemy.moml.MoMLSimpleApplication@46535be8
reloadAllAccessors: .realtime

===========================================================================================
----------------- testing Wed Feb 27 20:59:52 UTC 2019 /home/travis/build/icyphy/ptII/ptolemy/domains/de/test/auto/relationGroup.xml
----------------- Instantiating /home/travis/build/icyphy/ptII/ptolemy/domains/de/test/auto/relationGroup.xml
2 ms. Memory: 388608K Free: 151657K (39%)
----------------- Invoking toplevel() on ptolemy.moml.MoMLSimpleApplication@2528404b
----------------- Done invoking toplevel() on ptolemy.moml.MoMLSimpleApplication@2528404b
reloadAllAccessors: .relationGroup

===========================================================================================
----------------- testing Wed Feb 27 20:59:52 UTC 2019 /home/travis/build/icyphy/ptII/ptolemy/domains/de/test/auto/relationGroup2.xml
----------------- Instantiating /home/travis/build/icyphy/ptII/ptolemy/domains/de/test/auto/relationGroup2.xml
1 ms. Memory: 388608K Free: 145112K (37%)
----------------- Invoking toplevel() on ptolemy.moml.MoMLSimpleApplication@1339beb4
----------------- Done invoking toplevel() on ptolemy.moml.MoMLSimpleApplication@1339beb4
reloadAllAccessors: .relationGroup2

===========================================================================================
----------------- testing Wed Feb 27 20:59:52 UTC 2019 /home/travis/build/icyphy/ptII/ptolemy/domains/de/test/auto/sortWithOpaquePorts.xml
----------------- Instantiating /home/travis/build/icyphy/ptII/ptolemy/domains/de/test/auto/sortWithOpaquePorts.xml
1 ms. Memory: 388608K Free: 138157K (36%)
----------------- Invoking toplevel() on ptolemy.moml.MoMLSimpleApplication@27386222
----------------- Done invoking toplevel() on ptolemy.moml.MoMLSimpleApplication@27386222
reloadAllAccessors: .sortWithOpaquePorts

===========================================================================================
----------------- testing Wed Feb 27 20:59:52 UTC 2019 /home/travis/build/icyphy/ptII/ptolemy/domains/de/test/auto/transferInputsandOutputs.xml
----------------- Instantiating /home/travis/build/icyphy/ptII/ptolemy/domains/de/test/auto/transferInputsandOutputs.xml
2 ms. Memory: 388608K Free: 128530K (33%)
----------------- Invoking toplevel() on ptolemy.moml.MoMLSimpleApplication@384ec517
----------------- Done invoking toplevel() on ptolemy.moml.MoMLSimpleApplication@384ec517
reloadAllAccessors: .transferInputsandOutputs

===========================================================================================
----------------- testing Wed Feb 27 20:59:52 UTC 2019 /home/travis/build/icyphy/ptII/ptolemy/domains/de/test/auto/triggerType.xml
----------------- Instantiating /home/travis/build/icyphy/ptII/ptolemy/domains/de/test/auto/triggerType.xml
1 ms. Memory: 388608K Free: 121985K (31%)
----------------- Invoking toplevel() on ptolemy.moml.MoMLSimpleApplication@468c9658
----------------- Done invoking toplevel() on ptolemy.moml.MoMLSimpleApplication@468c9658
reloadAllAccessors: .triggerType
AutoTests.java: About to close Vertx.
AutoTests.java: Vertx closed.
]]></system-out>
  <system-err><![CDATA[java.lang.RuntimeException: Execution failed
	at ptolemy.moml.MoMLSimpleApplication$UnloadThread.run(MoMLSimpleApplication.java:402)
Caused by: ptolemy.kernel.util.IllegalActionException: Found a zero delay loop containing .dependencyLoop.original
  in .dependencyLoop and .dependencyLoop.original
	at ptolemy.actor.util.CausalityInterfaceForComposites._computeOutputPortDepth(CausalityInterfaceForComposites.java:759)
	at ptolemy.actor.util.CausalityInterfaceForComposites._computeInputDepth(CausalityInterfaceForComposites.java:696)
	at ptolemy.actor.util.CausalityInterfaceForComposites._computeOutputPortDepth(CausalityInterfaceForComposites.java:765)
	at ptolemy.actor.util.CausalityInterfaceForComposites._computeInputDepth(CausalityInterfaceForComposites.java:696)
	at ptolemy.actor.util.CausalityInterfaceForComposites._computeOutputPortDepth(CausalityInterfaceForComposites.java:765)
	at ptolemy.actor.util.CausalityInterfaceForComposites._computeInputDepth(CausalityInterfaceForComposites.java:696)
	at ptolemy.actor.util.CausalityInterfaceForComposites._computeActorDepth(CausalityInterfaceForComposites.java:532)
	at ptolemy.actor.util.CausalityInterfaceForComposites.checkForCycles(CausalityInterfaceForComposites.java:96)
	at ptolemy.domains.de.kernel.DEDirector.preinitialize(DEDirector.java:1338)
	at ptolemy.actor.CompositeActor.preinitialize(CompositeActor.java:1828)
	at ptolemy.actor.Manager.preinitializeAndResolveTypes(Manager.java:1040)
	at ptolemy.actor.Manager.initialize(Manager.java:710)
	at ptolemy.actor.Manager.execute(Manager.java:356)
	at ptolemy.actor.Manager.run(Manager.java:1263)
	at ptolemy.actor.Manager$PtolemyRunThread.run(Manager.java:1915)
java.lang.RuntimeException: Execution failed
	at ptolemy.moml.MoMLSimpleApplication$UnloadThread.run(MoMLSimpleApplication.java:402)
Caused by: ptolemy.kernel.util.IllegalActionException: Found a zero delay loop containing .dependencyLoop2.original
  in .dependencyLoop2 and .dependencyLoop2.original
	at ptolemy.actor.util.CausalityInterfaceForComposites._computeOutputPortDepth(CausalityInterfaceForComposites.java:759)
	at ptolemy.actor.util.CausalityInterfaceForComposites._computeInputDepth(CausalityInterfaceForComposites.java:696)
	at ptolemy.actor.util.CausalityInterfaceForComposites._computeOutputPortDepth(CausalityInterfaceForComposites.java:765)
	at ptolemy.actor.util.CausalityInterfaceForComposites._computeInputDepth(CausalityInterfaceForComposites.java:696)
	at ptolemy.actor.util.CausalityInterfaceForComposites._computeOutputPortDepth(CausalityInterfaceForComposites.java:765)
	at ptolemy.actor.util.CausalityInterfaceForComposites._computeInputDepth(CausalityInterfaceForComposites.java:696)
	at ptolemy.actor.util.CausalityInterfaceForComposites._computeActorDepth(CausalityInterfaceForComposites.java:532)
	at ptolemy.actor.util.CausalityInterfaceForComposites.checkForCycles(CausalityInterfaceForComposites.java:96)
	at ptolemy.domains.de.kernel.DEDirector.preinitialize(DEDirector.java:1338)
	at ptolemy.actor.CompositeActor.preinitialize(CompositeActor.java:1828)
	at ptolemy.actor.Manager.preinitializeAndResolveTypes(Manager.java:1040)
	at ptolemy.actor.Manager.initialize(Manager.java:710)
	at ptolemy.actor.Manager.execute(Manager.java:356)
	at ptolemy.actor.Manager.run(Manager.java:1263)
	at ptolemy.actor.Manager$PtolemyRunThread.run(Manager.java:1915)
java.lang.RuntimeException: Execution failed
	at ptolemy.moml.MoMLSimpleApplication$UnloadThread.run(MoMLSimpleApplication.java:402)
Caused by: ptolemy.kernel.util.IllegalActionException: Found a zero delay loop containing .dependencyLoop.original
  in .dependencyLoop and .dependencyLoop.original
	at ptolemy.actor.util.CausalityInterfaceForComposites._computeOutputPortDepth(CausalityInterfaceForComposites.java:759)
	at ptolemy.actor.util.CausalityInterfaceForComposites._computeInputDepth(CausalityInterfaceForComposites.java:696)
	at ptolemy.actor.util.CausalityInterfaceForComposites._computeOutputPortDepth(CausalityInterfaceForComposites.java:765)
	at ptolemy.actor.util.CausalityInterfaceForComposites._computeInputDepth(CausalityInterfaceForComposites.java:696)
	at ptolemy.actor.util.CausalityInterfaceForComposites._computeOutputPortDepth(CausalityInterfaceForComposites.java:765)
	at ptolemy.actor.util.CausalityInterfaceForComposites._computeInputDepth(CausalityInterfaceForComposites.java:696)
	at ptolemy.actor.util.CausalityInterfaceForComposites._computeActorDepth(CausalityInterfaceForComposites.java:532)
	at ptolemy.actor.util.CausalityInterfaceForComposites.checkForCycles(CausalityInterfaceForComposites.java:96)
	at ptolemy.domains.de.kernel.DEDirector.preinitialize(DEDirector.java:1338)
	at ptolemy.actor.CompositeActor.preinitialize(CompositeActor.java:1828)
	at ptolemy.actor.Manager.preinitializeAndResolveTypes(Manager.java:1040)
	at ptolemy.actor.Manager.initialize(Manager.java:710)
	at ptolemy.actor.Manager.execute(Manager.java:356)
	at ptolemy.actor.Manager.run(Manager.java:1263)
	at ptolemy.actor.Manager$PtolemyRunThread.run(Manager.java:1915)
java.lang.RuntimeException: Execution failed
	at ptolemy.moml.MoMLSimpleApplication$UnloadThread.run(MoMLSimpleApplication.java:402)
Caused by: ptolemy.kernel.util.IllegalActionException: Actor is not ready to fire.  Perhaps UpSample.prefire() returned false? Try debugging the actor by selecting "Listen to Actor".  Also, for SDF check moml for tokenConsumptionRate on input.
  in .DESDFClockTest.Play Bell.Copy1:SDF Director and .DESDFClockTest.Play Bell.UpSample
	at ptolemy.actor.sched.StaticSchedulingDirector.fire(StaticSchedulingDirector.java:227)
	at ptolemy.domains.sdf.kernel.SDFDirector.fire(SDFDirector.java:500)
	at ptolemy.actor.CompositeActor.fire(CompositeActor.java:455)
	at ptolemy.domains.de.kernel.DEDirector._fire(DEDirector.java:1949)
	at ptolemy.domains.de.kernel.DEDirector.fire(DEDirector.java:502)
	at ptolemy.actor.CompositeActor.fire(CompositeActor.java:455)
	at ptolemy.actor.Manager.iterate(Manager.java:851)
	at ptolemy.actor.Manager.execute(Manager.java:369)
	at ptolemy.actor.Manager.run(Manager.java:1263)
	at ptolemy.actor.Manager$PtolemyRunThread.run(Manager.java:1915)
java.lang.RuntimeException: Execution failed
	at ptolemy.moml.MoMLSimpleApplication$UnloadThread.run(MoMLSimpleApplication.java:402)
Caused by: ptolemy.kernel.util.IllegalActionException: Found a zero delay loop containing .dependencyLoop2.original
  in .dependencyLoop2 and .dependencyLoop2.original
	at ptolemy.actor.util.CausalityInterfaceForComposites._computeOutputPortDepth(CausalityInterfaceForComposites.java:759)
	at ptolemy.actor.util.CausalityInterfaceForComposites._computeInputDepth(CausalityInterfaceForComposites.java:696)
	at ptolemy.actor.util.CausalityInterfaceForComposites._computeOutputPortDepth(CausalityInterfaceForComposites.java:765)
	at ptolemy.actor.util.CausalityInterfaceForComposites._computeInputDepth(CausalityInterfaceForComposites.java:696)
	at ptolemy.actor.util.CausalityInterfaceForComposites._computeOutputPortDepth(CausalityInterfaceForComposites.java:765)
	at ptolemy.actor.util.CausalityInterfaceForComposites._computeInputDepth(CausalityInterfaceForComposites.java:696)
	at ptolemy.actor.util.CausalityInterfaceForComposites._computeActorDepth(CausalityInterfaceForComposites.java:532)
	at ptolemy.actor.util.CausalityInterfaceForComposites.checkForCycles(CausalityInterfaceForComposites.java:96)
	at ptolemy.domains.de.kernel.DEDirector.preinitialize(DEDirector.java:1338)
	at ptolemy.actor.CompositeActor.preinitialize(CompositeActor.java:1828)
	at ptolemy.actor.Manager.preinitializeAndResolveTypes(Manager.java:1040)
	at ptolemy.actor.Manager.initialize(Manager.java:710)
	at ptolemy.actor.Manager.execute(Manager.java:356)
	at ptolemy.actor.Manager.run(Manager.java:1263)
	at ptolemy.actor.Manager$PtolemyRunThread.run(Manager.java:1915)
java.lang.RuntimeException: Execution failed
	at ptolemy.moml.MoMLSimpleApplication$UnloadThread.run(MoMLSimpleApplication.java:402)
Caused by: ptolemy.kernel.util.IllegalActionException: Found a zero delay loop containing .HierarchicalModel.A
  in .HierarchicalModel and .HierarchicalModel.A
	at ptolemy.actor.util.CausalityInterfaceForComposites._computeOutputPortDepth(CausalityInterfaceForComposites.java:759)
	at ptolemy.actor.util.CausalityInterfaceForComposites._computeInputDepth(CausalityInterfaceForComposites.java:696)
	at ptolemy.actor.util.CausalityInterfaceForComposites._computeOutputPortDepth(CausalityInterfaceForComposites.java:765)
	at ptolemy.actor.util.CausalityInterfaceForComposites._computeInputDepth(CausalityInterfaceForComposites.java:696)
	at ptolemy.actor.util.CausalityInterfaceForComposites._computeOutputPortDepth(CausalityInterfaceForComposites.java:765)
	at ptolemy.actor.util.CausalityInterfaceForComposites._computeInputDepth(CausalityInterfaceForComposites.java:696)
	at ptolemy.actor.util.CausalityInterfaceForComposites._computeActorDepth(CausalityInterfaceForComposites.java:532)
	at ptolemy.actor.util.CausalityInterfaceForComposites.checkForCycles(CausalityInterfaceForComposites.java:96)
	at ptolemy.domains.de.kernel.DEDirector.preinitialize(DEDirector.java:1338)
	at ptolemy.actor.CompositeActor.preinitialize(CompositeActor.java:1828)
	at ptolemy.actor.Manager.preinitializeAndResolveTypes(Manager.java:1040)
	at ptolemy.actor.Manager.initialize(Manager.java:710)
	at ptolemy.actor.Manager.execute(Manager.java:356)
	at ptolemy.actor.Manager.run(Manager.java:1263)
	at ptolemy.actor.Manager$PtolemyRunThread.run(Manager.java:1915)
java.lang.RuntimeException: Execution failed
	at ptolemy.moml.MoMLSimpleApplication$UnloadThread.run(MoMLSimpleApplication.java:402)
Caused by: ptolemy.kernel.util.IllegalActionException: Test fails in iteration 1.
Value was: 1.0. Should have been: 2.0
  in .DirectFeedback.Test
	at ptolemy.actor.lib.Test.fire(Test.java:268)
	at ptolemy.domains.de.kernel.DEDirector._fire(DEDirector.java:1949)
	at ptolemy.domains.de.kernel.DEDirector.fire(DEDirector.java:502)
	at ptolemy.actor.CompositeActor.fire(CompositeActor.java:455)
	at ptolemy.actor.Manager.iterate(Manager.java:851)
	at ptolemy.actor.Manager.execute(Manager.java:369)
	at ptolemy.actor.Manager.run(Manager.java:1263)
	at ptolemy.actor.Manager$PtolemyRunThread.run(Manager.java:1915)
java.lang.RuntimeException: Execution failed
	at ptolemy.moml.MoMLSimpleApplication$UnloadThread.run(MoMLSimpleApplication.java:402)
Caused by: ptolemy.kernel.util.IllegalActionException: Actor is not ready to fire.  Perhaps UpSample.prefire() returned false? Try debugging the actor by selecting "Listen to Actor".  Also, for SDF check moml for tokenConsumptionRate on input.
  in .DESDFClockTest.Play Bell.Copy1:SDF Director and .DESDFClockTest.Play Bell.UpSample
	at ptolemy.actor.sched.StaticSchedulingDirector.fire(StaticSchedulingDirector.java:227)
	at ptolemy.domains.sdf.kernel.SDFDirector.fire(SDFDirector.java:500)
	at ptolemy.actor.CompositeActor.fire(CompositeActor.java:455)
	at ptolemy.domains.de.kernel.DEDirector._fire(DEDirector.java:1949)
	at ptolemy.domains.de.kernel.DEDirector.fire(DEDirector.java:502)
	at ptolemy.actor.CompositeActor.fire(CompositeActor.java:455)
	at ptolemy.actor.Manager.iterate(Manager.java:851)
	at ptolemy.actor.Manager.execute(Manager.java:369)
	at ptolemy.actor.Manager.run(Manager.java:1263)
	at ptolemy.actor.Manager$PtolemyRunThread.run(Manager.java:1915)
java.lang.reflect.InvocationTargetException
	at sun.reflect.NativeConstructorAccessorImpl.newInstance0(Native Method)
	at sun.reflect.NativeConstructorAccessorImpl.newInstance(NativeConstructorAccessorImpl.java:62)
	at sun.reflect.DelegatingConstructorAccessorImpl.newInstance(DelegatingConstructorAccessorImpl.java:45)
	at java.lang.reflect.Constructor.newInstance(Constructor.java:423)
	at ptolemy.util.test.junit.AutoKnownFailedTests.RunModel(AutoKnownFailedTests.java:105)
	at sun.reflect.NativeMethodAccessorImpl.invoke0(Native Method)
	at sun.reflect.NativeMethodAccessorImpl.invoke(NativeMethodAccessorImpl.java:62)
	at sun.reflect.DelegatingMethodAccessorImpl.invoke(DelegatingMethodAccessorImpl.java:43)
	at java.lang.reflect.Method.invoke(Method.java:498)
	at org.junit.runners.model.FrameworkMethod$1.runReflectiveCall(FrameworkMethod.java:44)
	at org.junit.internal.runners.model.ReflectiveCallable.run(ReflectiveCallable.java:15)
	at org.junit.runners.model.FrameworkMethod.invokeExplosively(FrameworkMethod.java:41)
	at junitparams.internal.InvokeParameterisedMethod.evaluate(InvokeParameterisedMethod.java:102)
	at org.junit.internal.runners.statements.FailOnTimeout$1.run(FailOnTimeout.java:28)
Caused by: ptolemy.kernel.util.IllegalActionException: Actor is not ready to fire.  Perhaps UpSample.prefire() returned false? Try debugging the actor by selecting "Listen to Actor".  Also, for SDF check moml for tokenConsumptionRate on input.
  in .DESDFClockTest.Play Bell.Copy1:SDF Director and .DESDFClockTest.Play Bell.UpSample
	at ptolemy.actor.sched.StaticSchedulingDirector.fire(StaticSchedulingDirector.java:227)
	at ptolemy.domains.sdf.kernel.SDFDirector.fire(SDFDirector.java:500)
	at ptolemy.actor.CompositeActor.fire(CompositeActor.java:455)
	at ptolemy.domains.de.kernel.DEDirector._fire(DEDirector.java:1949)
	at ptolemy.domains.de.kernel.DEDirector.fire(DEDirector.java:502)
	at ptolemy.actor.CompositeActor.fire(CompositeActor.java:455)
	at ptolemy.actor.Manager.iterate(Manager.java:851)
	at ptolemy.actor.Manager.execute(Manager.java:369)
	at ptolemy.actor.Manager.run(Manager.java:1263)
	at ptolemy.actor.Manager$PtolemyRunThread.run(Manager.java:1915)
java.lang.RuntimeException: Execution failed
	at ptolemy.moml.MoMLSimpleApplication$UnloadThread.run(MoMLSimpleApplication.java:402)
Caused by: ptolemy.kernel.util.IllegalActionException: Test fails in iteration 1.
Value was: 1.0. Should have been: 2.0
  in .DirectFeedback.Test
	at ptolemy.actor.lib.Test.fire(Test.java:268)
	at ptolemy.domains.de.kernel.DEDirector._fire(DEDirector.java:1949)
	at ptolemy.domains.de.kernel.DEDirector.fire(DEDirector.java:502)
	at ptolemy.actor.CompositeActor.fire(CompositeActor.java:455)
	at ptolemy.actor.Manager.iterate(Manager.java:851)
	at ptolemy.actor.Manager.execute(Manager.java:369)
	at ptolemy.actor.Manager.run(Manager.java:1263)
	at ptolemy.actor.Manager$PtolemyRunThread.run(Manager.java:1915)
java.lang.reflect.InvocationTargetException
	at sun.reflect.NativeConstructorAccessorImpl.newInstance0(Native Method)
	at sun.reflect.NativeConstructorAccessorImpl.newInstance(NativeConstructorAccessorImpl.java:62)
	at sun.reflect.DelegatingConstructorAccessorImpl.newInstance(DelegatingConstructorAccessorImpl.java:45)
	at java.lang.reflect.Constructor.newInstance(Constructor.java:423)
	at ptolemy.util.test.junit.AutoKnownFailedTests.RunModel(AutoKnownFailedTests.java:105)
	at sun.reflect.NativeMethodAccessorImpl.invoke0(Native Method)
	at sun.reflect.NativeMethodAccessorImpl.invoke(NativeMethodAccessorImpl.java:62)
	at sun.reflect.DelegatingMethodAccessorImpl.invoke(DelegatingMethodAccessorImpl.java:43)
	at java.lang.reflect.Method.invoke(Method.java:498)
	at org.junit.runners.model.FrameworkMethod$1.runReflectiveCall(FrameworkMethod.java:44)
	at org.junit.internal.runners.model.ReflectiveCallable.run(ReflectiveCallable.java:15)
	at org.junit.runners.model.FrameworkMethod.invokeExplosively(FrameworkMethod.java:41)
	at junitparams.internal.InvokeParameterisedMethod.evaluate(InvokeParameterisedMethod.java:102)
	at org.junit.internal.runners.statements.FailOnTimeout$1.run(FailOnTimeout.java:28)
Caused by: ptolemy.kernel.util.IllegalActionException: Test fails in iteration 1.
Value was: 1.0. Should have been: 2.0
  in .DirectFeedback.Test
	at ptolemy.actor.lib.Test.fire(Test.java:268)
	at ptolemy.domains.de.kernel.DEDirector._fire(DEDirector.java:1949)
	at ptolemy.domains.de.kernel.DEDirector.fire(DEDirector.java:502)
	at ptolemy.actor.CompositeActor.fire(CompositeActor.java:455)
	at ptolemy.actor.Manager.iterate(Manager.java:851)
	at ptolemy.actor.Manager.execute(Manager.java:369)
	at ptolemy.actor.Manager.run(Manager.java:1263)
	at ptolemy.actor.Manager$PtolemyRunThread.run(Manager.java:1915)
java.lang.RuntimeException: Execution failed
	at ptolemy.moml.MoMLSimpleApplication$UnloadThread.run(MoMLSimpleApplication.java:402)
Caused by: ptolemy.kernel.util.IllegalActionException: Found a zero delay loop containing .HierarchicalModel.A
  in .HierarchicalModel and .HierarchicalModel.A
	at ptolemy.actor.util.CausalityInterfaceForComposites._computeOutputPortDepth(CausalityInterfaceForComposites.java:759)
	at ptolemy.actor.util.CausalityInterfaceForComposites._computeInputDepth(CausalityInterfaceForComposites.java:696)
	at ptolemy.actor.util.CausalityInterfaceForComposites._computeOutputPortDepth(CausalityInterfaceForComposites.java:765)
	at ptolemy.actor.util.CausalityInterfaceForComposites._computeInputDepth(CausalityInterfaceForComposites.java:696)
	at ptolemy.actor.util.CausalityInterfaceForComposites._computeOutputPortDepth(CausalityInterfaceForComposites.java:765)
	at ptolemy.actor.util.CausalityInterfaceForComposites._computeInputDepth(CausalityInterfaceForComposites.java:696)
	at ptolemy.actor.util.CausalityInterfaceForComposites._computeActorDepth(CausalityInterfaceForComposites.java:532)
	at ptolemy.actor.util.CausalityInterfaceForComposites.checkForCycles(CausalityInterfaceForComposites.java:96)
	at ptolemy.domains.de.kernel.DEDirector.preinitialize(DEDirector.java:1338)
	at ptolemy.actor.CompositeActor.preinitialize(CompositeActor.java:1828)
	at ptolemy.actor.Manager.preinitializeAndResolveTypes(Manager.java:1040)
	at ptolemy.actor.Manager.initialize(Manager.java:710)
	at ptolemy.actor.Manager.execute(Manager.java:356)
	at ptolemy.actor.Manager.run(Manager.java:1263)
	at ptolemy.actor.Manager$PtolemyRunThread.run(Manager.java:1915)
java.lang.reflect.InvocationTargetException
	at sun.reflect.NativeConstructorAccessorImpl.newInstance0(Native Method)
	at sun.reflect.NativeConstructorAccessorImpl.newInstance(NativeConstructorAccessorImpl.java:62)
	at sun.reflect.DelegatingConstructorAccessorImpl.newInstance(DelegatingConstructorAccessorImpl.java:45)
	at java.lang.reflect.Constructor.newInstance(Constructor.java:423)
	at ptolemy.util.test.junit.AutoKnownFailedTests.RunModel(AutoKnownFailedTests.java:105)
	at sun.reflect.NativeMethodAccessorImpl.invoke0(Native Method)
	at sun.reflect.NativeMethodAccessorImpl.invoke(NativeMethodAccessorImpl.java:62)
	at sun.reflect.DelegatingMethodAccessorImpl.invoke(DelegatingMethodAccessorImpl.java:43)
	at java.lang.reflect.Method.invoke(Method.java:498)
	at org.junit.runners.model.FrameworkMethod$1.runReflectiveCall(FrameworkMethod.java:44)
	at org.junit.internal.runners.model.ReflectiveCallable.run(ReflectiveCallable.java:15)
	at org.junit.runners.model.FrameworkMethod.invokeExplosively(FrameworkMethod.java:41)
	at junitparams.internal.InvokeParameterisedMethod.evaluate(InvokeParameterisedMethod.java:102)
	at org.junit.internal.runners.statements.FailOnTimeout$1.run(FailOnTimeout.java:28)
Caused by: ptolemy.kernel.util.IllegalActionException: Found a zero delay loop containing .HierarchicalModel.A
  in .HierarchicalModel and .HierarchicalModel.A
	at ptolemy.actor.util.CausalityInterfaceForComposites._computeOutputPortDepth(CausalityInterfaceForComposites.java:759)
	at ptolemy.actor.util.CausalityInterfaceForComposites._computeInputDepth(CausalityInterfaceForComposites.java:696)
	at ptolemy.actor.util.CausalityInterfaceForComposites._computeOutputPortDepth(CausalityInterfaceForComposites.java:765)
	at ptolemy.actor.util.CausalityInterfaceForComposites._computeInputDepth(CausalityInterfaceForComposites.java:696)
	at ptolemy.actor.util.CausalityInterfaceForComposites._computeOutputPortDepth(CausalityInterfaceForComposites.java:765)
	at ptolemy.actor.util.CausalityInterfaceForComposites._computeInputDepth(CausalityInterfaceForComposites.java:696)
	at ptolemy.actor.util.CausalityInterfaceForComposites._computeActorDepth(CausalityInterfaceForComposites.java:532)
	at ptolemy.actor.util.CausalityInterfaceForComposites.checkForCycles(CausalityInterfaceForComposites.java:96)
	at ptolemy.domains.de.kernel.DEDirector.preinitialize(DEDirector.java:1338)
	at ptolemy.actor.CompositeActor.preinitialize(CompositeActor.java:1828)
	at ptolemy.actor.Manager.preinitializeAndResolveTypes(Manager.java:1040)
	at ptolemy.actor.Manager.initialize(Manager.java:710)
	at ptolemy.actor.Manager.execute(Manager.java:356)
	at ptolemy.actor.Manager.run(Manager.java:1263)
	at ptolemy.actor.Manager$PtolemyRunThread.run(Manager.java:1915)
java.lang.RuntimeException: Execution failed
	at ptolemy.moml.MoMLSimpleApplication$UnloadThread.run(MoMLSimpleApplication.java:402)
Caused by: ptolemy.kernel.util.IllegalActionException: Found a zero delay loop containing .dependencyLoop.original
  in .dependencyLoop and .dependencyLoop.original
	at ptolemy.actor.util.CausalityInterfaceForComposites._computeOutputPortDepth(CausalityInterfaceForComposites.java:759)
	at ptolemy.actor.util.CausalityInterfaceForComposites._computeInputDepth(CausalityInterfaceForComposites.java:696)
	at ptolemy.actor.util.CausalityInterfaceForComposites._computeOutputPortDepth(CausalityInterfaceForComposites.java:765)
	at ptolemy.actor.util.CausalityInterfaceForComposites._computeInputDepth(CausalityInterfaceForComposites.java:696)
	at ptolemy.actor.util.CausalityInterfaceForComposites._computeOutputPortDepth(CausalityInterfaceForComposites.java:765)
	at ptolemy.actor.util.CausalityInterfaceForComposites._computeInputDepth(CausalityInterfaceForComposites.java:696)
	at ptolemy.actor.util.CausalityInterfaceForComposites._computeActorDepth(CausalityInterfaceForComposites.java:532)
	at ptolemy.actor.util.CausalityInterfaceForComposites.checkForCycles(CausalityInterfaceForComposites.java:96)
	at ptolemy.domains.de.kernel.DEDirector.preinitialize(DEDirector.java:1338)
	at ptolemy.actor.CompositeActor.preinitialize(CompositeActor.java:1828)
	at ptolemy.actor.Manager.preinitializeAndResolveTypes(Manager.java:1040)
	at ptolemy.actor.Manager.initialize(Manager.java:710)
	at ptolemy.actor.Manager.execute(Manager.java:356)
	at ptolemy.actor.Manager.run(Manager.java:1263)
	at ptolemy.actor.Manager$PtolemyRunThread.run(Manager.java:1915)
java.lang.reflect.InvocationTargetException
	at sun.reflect.NativeConstructorAccessorImpl.newInstance0(Native Method)
	at sun.reflect.NativeConstructorAccessorImpl.newInstance(NativeConstructorAccessorImpl.java:62)
	at sun.reflect.DelegatingConstructorAccessorImpl.newInstance(DelegatingConstructorAccessorImpl.java:45)
	at java.lang.reflect.Constructor.newInstance(Constructor.java:423)
	at ptolemy.util.test.junit.AutoKnownFailedTests.RunModel(AutoKnownFailedTests.java:105)
	at sun.reflect.NativeMethodAccessorImpl.invoke0(Native Method)
	at sun.reflect.NativeMethodAccessorImpl.invoke(NativeMethodAccessorImpl.java:62)
	at sun.reflect.DelegatingMethodAccessorImpl.invoke(DelegatingMethodAccessorImpl.java:43)
	at java.lang.reflect.Method.invoke(Method.java:498)
	at org.junit.runners.model.FrameworkMethod$1.runReflectiveCall(FrameworkMethod.java:44)
	at org.junit.internal.runners.model.ReflectiveCallable.run(ReflectiveCallable.java:15)
	at org.junit.runners.model.FrameworkMethod.invokeExplosively(FrameworkMethod.java:41)
	at junitparams.internal.InvokeParameterisedMethod.evaluate(InvokeParameterisedMethod.java:102)
	at org.junit.internal.runners.statements.FailOnTimeout$1.run(FailOnTimeout.java:28)
Caused by: ptolemy.kernel.util.IllegalActionException: Found a zero delay loop containing .dependencyLoop.original
  in .dependencyLoop and .dependencyLoop.original
	at ptolemy.actor.util.CausalityInterfaceForComposites._computeOutputPortDepth(CausalityInterfaceForComposites.java:759)
	at ptolemy.actor.util.CausalityInterfaceForComposites._computeInputDepth(CausalityInterfaceForComposites.java:696)
	at ptolemy.actor.util.CausalityInterfaceForComposites._computeOutputPortDepth(CausalityInterfaceForComposites.java:765)
	at ptolemy.actor.util.CausalityInterfaceForComposites._computeInputDepth(CausalityInterfaceForComposites.java:696)
	at ptolemy.actor.util.CausalityInterfaceForComposites._computeOutputPortDepth(CausalityInterfaceForComposites.java:765)
	at ptolemy.actor.util.CausalityInterfaceForComposites._computeInputDepth(CausalityInterfaceForComposites.java:696)
	at ptolemy.actor.util.CausalityInterfaceForComposites._computeActorDepth(CausalityInterfaceForComposites.java:532)
	at ptolemy.actor.util.CausalityInterfaceForComposites.checkForCycles(CausalityInterfaceForComposites.java:96)
	at ptolemy.domains.de.kernel.DEDirector.preinitialize(DEDirector.java:1338)
	at ptolemy.actor.CompositeActor.preinitialize(CompositeActor.java:1828)
	at ptolemy.actor.Manager.preinitializeAndResolveTypes(Manager.java:1040)
	at ptolemy.actor.Manager.initialize(Manager.java:710)
	at ptolemy.actor.Manager.execute(Manager.java:356)
	at ptolemy.actor.Manager.run(Manager.java:1263)
	at ptolemy.actor.Manager$PtolemyRunThread.run(Manager.java:1915)
java.lang.RuntimeException: Execution failed
	at ptolemy.moml.MoMLSimpleApplication$UnloadThread.run(MoMLSimpleApplication.java:402)
Caused by: ptolemy.kernel.util.IllegalActionException: Found a zero delay loop containing .dependencyLoop2.original
  in .dependencyLoop2 and .dependencyLoop2.original
	at ptolemy.actor.util.CausalityInterfaceForComposites._computeOutputPortDepth(CausalityInterfaceForComposites.java:759)
	at ptolemy.actor.util.CausalityInterfaceForComposites._computeInputDepth(CausalityInterfaceForComposites.java:696)
	at ptolemy.actor.util.CausalityInterfaceForComposites._computeOutputPortDepth(CausalityInterfaceForComposites.java:765)
	at ptolemy.actor.util.CausalityInterfaceForComposites._computeInputDepth(CausalityInterfaceForComposites.java:696)
	at ptolemy.actor.util.CausalityInterfaceForComposites._computeOutputPortDepth(CausalityInterfaceForComposites.java:765)
	at ptolemy.actor.util.CausalityInterfaceForComposites._computeInputDepth(CausalityInterfaceForComposites.java:696)
	at ptolemy.actor.util.CausalityInterfaceForComposites._computeActorDepth(CausalityInterfaceForComposites.java:532)
	at ptolemy.actor.util.CausalityInterfaceForComposites.checkForCycles(CausalityInterfaceForComposites.java:96)
	at ptolemy.domains.de.kernel.DEDirector.preinitialize(DEDirector.java:1338)
	at ptolemy.actor.CompositeActor.preinitialize(CompositeActor.java:1828)
	at ptolemy.actor.Manager.preinitializeAndResolveTypes(Manager.java:1040)
	at ptolemy.actor.Manager.initialize(Manager.java:710)
	at ptolemy.actor.Manager.execute(Manager.java:356)
	at ptolemy.actor.Manager.run(Manager.java:1263)
	at ptolemy.actor.Manager$PtolemyRunThread.run(Manager.java:1915)
java.lang.reflect.InvocationTargetException
	at sun.reflect.NativeConstructorAccessorImpl.newInstance0(Native Method)
	at sun.reflect.NativeConstructorAccessorImpl.newInstance(NativeConstructorAccessorImpl.java:62)
	at sun.reflect.DelegatingConstructorAccessorImpl.newInstance(DelegatingConstructorAccessorImpl.java:45)
	at java.lang.reflect.Constructor.newInstance(Constructor.java:423)
	at ptolemy.util.test.junit.AutoKnownFailedTests.RunModel(AutoKnownFailedTests.java:105)
	at sun.reflect.NativeMethodAccessorImpl.invoke0(Native Method)
	at sun.reflect.NativeMethodAccessorImpl.invoke(NativeMethodAccessorImpl.java:62)
	at sun.reflect.DelegatingMethodAccessorImpl.invoke(DelegatingMethodAccessorImpl.java:43)
	at java.lang.reflect.Method.invoke(Method.java:498)
	at org.junit.runners.model.FrameworkMethod$1.runReflectiveCall(FrameworkMethod.java:44)
	at org.junit.internal.runners.model.ReflectiveCallable.run(ReflectiveCallable.java:15)
	at org.junit.runners.model.FrameworkMethod.invokeExplosively(FrameworkMethod.java:41)
	at junitparams.internal.InvokeParameterisedMethod.evaluate(InvokeParameterisedMethod.java:102)
	at org.junit.internal.runners.statements.FailOnTimeout$1.run(FailOnTimeout.java:28)
Caused by: ptolemy.kernel.util.IllegalActionException: Found a zero delay loop containing .dependencyLoop2.original
  in .dependencyLoop2 and .dependencyLoop2.original
	at ptolemy.actor.util.CausalityInterfaceForComposites._computeOutputPortDepth(CausalityInterfaceForComposites.java:759)
	at ptolemy.actor.util.CausalityInterfaceForComposites._computeInputDepth(CausalityInterfaceForComposites.java:696)
	at ptolemy.actor.util.CausalityInterfaceForComposites._computeOutputPortDepth(CausalityInterfaceForComposites.java:765)
	at ptolemy.actor.util.CausalityInterfaceForComposites._computeInputDepth(CausalityInterfaceForComposites.java:696)
	at ptolemy.actor.util.CausalityInterfaceForComposites._computeOutputPortDepth(CausalityInterfaceForComposites.java:765)
	at ptolemy.actor.util.CausalityInterfaceForComposites._computeInputDepth(CausalityInterfaceForComposites.java:696)
	at ptolemy.actor.util.CausalityInterfaceForComposites._computeActorDepth(CausalityInterfaceForComposites.java:532)
	at ptolemy.actor.util.CausalityInterfaceForComposites.checkForCycles(CausalityInterfaceForComposites.java:96)
	at ptolemy.domains.de.kernel.DEDirector.preinitialize(DEDirector.java:1338)
	at ptolemy.actor.CompositeActor.preinitialize(CompositeActor.java:1828)
	at ptolemy.actor.Manager.preinitializeAndResolveTypes(Manager.java:1040)
	at ptolemy.actor.Manager.initialize(Manager.java:710)
	at ptolemy.actor.Manager.execute(Manager.java:356)
	at ptolemy.actor.Manager.run(Manager.java:1263)
	at ptolemy.actor.Manager$PtolemyRunThread.run(Manager.java:1915)
]]></system-err>
</testsuite>
