<?xml version="1.0" encoding="UTF-8" ?>
<testsuite errors="0" failures="0" hostname="travis-job-4b5aa0e8-8117-4822-aeaa-05ffbf8c932d" name="ptolemy.actor.lib.test.junit.JUnitTclTest" skipped="0" tests="517" time="59.814" timestamp="2020-05-24T14:30:53">
  <properties>
    <property name="npm.executable" value="npm" />
    <property name="env.TRAVIS_ROOT" value="/" />
    <property name="ptII.mk.exists" value="true" />
    <property name="env.TRAVIS_APP_HOST" value="build.travis-ci.org" />
    <property name="env.rvm_bin_path" value="/home/travis/.rvm/bin" />
    <property name="java.home" value="/usr/local/lib/jvm/openjdk11" />
    <property name="env.TRAVIS_JOB_NUMBER" value="1641.8" />
    <property name="env.TRAVIS_HOME" value="/home/travis" />
    <property name="env.DISPLAY" value=":99.0" />
    <property name="env.TRAVIS_INIT" value="systemd" />
    <property name="env.SSH_TTY" value="/dev/pts/0" />
    <property name="java.net.preferIPv4Stack" value="true" />
    <property name="env.RUN_TESTS" value="true" />
    <property name="timeout.short" value="1000000" />
    <property name="junit.formatter" value="xml" />
    <property name="env.TRAVIS_SUDO" value="true" />
    <property name="env.TRAVIS_JOB_NAME" value="" />
    <property name="env.TRAVIS_STACK_NODE_ATTRIBUTES" value="/.node-attributes.yml" />
    <property name="env.LOGNAME" value="travis" />
    <property name="env.PT_TRAVIS_TEST_CORE1_XML" value="true" />
    <property name="jsdoc.home" value="node_modules/@terraswarm/jsdoc" />
    <property name="debuglevel" value="source,lines,vars" />
    <property name="checkstyle.formatter" value="xml" />
    <property name="env._system_version" value="16.04" />
    <property name="bin.vergil.makeable" value="true" />
    <property name="sun.os.patch.level" value="unknown" />
    <property name="java.vendor.url" value="http://java.oracle.com/" />
    <property name="env.TRAVIS_BUILD_WEB_URL" value="https://travis-ci.org/icyphy/ptII/builds/690622855" />
    <property name="java.version" value="11.0.2" />
    <property name="env.TZ" value="UTC" />
    <property name="env.TRAVIS_PULL_REQUEST_SHA" value="" />
    <property name="env.PT_NO_NET" value="true" />
    <property name="env.TRAVIS_SECURE_ENV_VARS" value="true" />
    <property name="env._system_type" value="Linux" />
    <property name="java.vendor.url.bug" value="http://bugreport.java.com/bugreport/" />
    <property name="npmjs-org-is-up" value="true" />
    <property name="env.LANGUAGE" value="en_US.UTF-8" />
    <property name="env.SSH_CLIENT" value="10.44.0.100 50476 22" />
    <property name="env.GEM_HOME" value="/home/travis/.rvm/gems/ruby-2.5.3" />
    <property name="env.HAS_ANTARES_THREE_LITTLE_FRONZIES_BADGE" value="true" />
    <property name="java.version.date" value="2019-01-15" />
    <property name="env.PS4" value="+" />
    <property name="ant.project.invoked-targets" value="build,test.core1.xml" />
    <property name="env.TRAVIS_PULL_REQUEST_BRANCH" value="" />
    <property name="env.TRAVIS_REPO_SLUG" value="icyphy/ptII" />
    <property name="env.XDG_DATA_DIRS" value="/usr/local/share:/usr/share:/var/lib/snapd/desktop" />
    <property name="jdk.debug" value="release" />
    <property name="env.TRAVIS_APT_PROXY" value="http://build-cache.travisci.net" />
    <property name="env.TRAVIS_CPU_ARCH" value="amd64" />
    <property name="node.in.path" value="true" />
    <property name="user.name" value="travis" />
    <property name="java.maxmemory" value="1400m" />
    <property name="env.RUBY_VERSION" value="ruby-2.5.3" />
    <property name="env.LANG" value="en_US.UTF-8" />
    <property name="sun.io.unicode.encoding" value="UnicodeLittle" />
    <property name="sun.jnu.encoding" value="UTF-8" />
    <property name="java.runtime.name" value="OpenJDK Runtime Environment" />
    <property name="usefile" value="false" />
    <property name="return.code" value="0" />
    <property name="junit.single.formatter" value="plain" />
    <property name="env.DYLD_LIBRARY_PATH" value="/home/travis/pthla/certi-tools/lib:" />
    <property name="env.DEBIAN_FRONTEND" value="noninteractive" />
    <property name="env.SSH_CONNECTION" value="10.44.0.100 50476 10.20.0.224 22" />
    <property name="env.MYSQL_UNIX_PORT" value="/var/run/mysqld/mysqld.sock" />
    <property name="env.LC_ALL" value="en_US.UTF-8" />
    <property name="env.TRAVIS_ALLOW_FAILURE" value="" />
    <property name="env.TRAVIS_JOB_WEB_URL" value="https://travis-ci.org/icyphy/ptII/jobs/690622893" />
    <property name="java.specification.name" value="Java Platform API Specification" />
    <property name="node.works" value="true" />
    <property name="user.timezone" value="" />
    <property name="path.separator" value=":" />
    <property name="env.TRAVIS_ENABLE_INFRA_DETECTION" value="true" />
    <property name="env.PYTHON_CFLAGS" value="-g -fstack-protector --param=ssp-buffer-size=4 -Wformat -Werror=format-security" />
    <property name="timeout.long" value="4000000" />
    <property name="env.CERTI_HOME" value="/home/travis/pthla/certi-tools" />
    <property name="ant.file.ptII" value="/home/travis/build/icyphy/ptII/build.xml" />
    <property name="javadoc.packagenames" value="com.*,diva.*,lbnl.*,org.hlacerti.*,org.json.*,org.ptolemy.*,org.terraswarm.*,ptolemy.*,ptserver.*" />
    <property name="file.encoding" value="UTF-8" />
    <property name="env.TRAVIS_PULL_REQUEST_SLUG" value="" />
    <property name="ant.project.default-target" value="build" />
    <property name="env.GIT_ASKPASS" value="echo" />
    <property name="env.HOME" value="/home/travis" />
    <property name="sun.java.command" value="org.apache.tools.ant.taskdefs.optional.junit.JUnitTestRunner ptolemy.actor.lib.test.junit.JUnitTclTest skipNonTests=false filtertrace=true haltOnError=false haltOnFailure=false formatter=org.apache.tools.ant.taskdefs.optional.junit.OutErrSummaryJUnitResultFormatter showoutput=true outputtoformatters=true logfailedtests=true threadid=0 logtestlistenerevents=false formatter=org.apache.tools.ant.taskdefs.optional.junit.XMLJUnitResultFormatter,/home/travis/build/icyphy/ptII/reports/junit/TEST-ptolemy.actor.lib.test.junit.JUnitTclTest.xml crashfile=/home/travis/build/icyphy/ptII/junitvmwatcher14466306031785909589.properties propsfile=/home/travis/build/icyphy/ptII/junit6347799750726782610.properties" />
    <property name="env.COMPOSER_NO_INTERACTION" value="1" />
    <property name="env.MANPATH" value="/home/travis/.nvm/versions/node/v7.10.1/share/man:/home/travis/.rvm/rubies/ruby-2.5.3/share/man:/usr/local/cmake-3.12.4/man:/usr/local/clang-7.0.0/share/man:/usr/local/man:/usr/local/share/man:/usr/share/man:/home/travis/.rvm/man" />
    <property name="env.TRAVIS_TIMER_ID" value="0643184c" />
    <property name="ant.file" value="/home/travis/build/icyphy/ptII/build.xml" />
    <property name="env.TRAVIS_COMMIT_RANGE" value="3e950cfe0f3c004454147d0a7dfedd7f8d8e77cc...52bfcaaec950ad6b43d11ffdb9cd3f924b0c1f76" />
    <property name="env._system_name" value="Ubuntu" />
    <property name="ptII.classpath.optional.property" value="/home/travis/build/icyphy/ptII/lib/bsh-2.0b4.jar:/home/travis/build/icyphy/ptII/lib/ptCal.jar:/home/travis/build/icyphy/ptII/lib/java_cup.jar:/home/travis/build/icyphy/ptII/lib/saxon8.jar:/home/travis/build/icyphy/ptII/lib/saxon8-dom.jar:/home/travis/build/icyphy/ptII/lib/chic.jar:/home/travis/build/icyphy/ptII/lib/ptcolt.jar:/home/travis/build/icyphy/ptII/vendors/misc/itext/iText.jar:/home/travis/build/icyphy/ptII/lib/g4ltl.jar:/home/travis/build/icyphy/ptII/lib/StructuralCoder.jar:/home/travis/build/icyphy/ptII/lib/jcerti.jar:/home/travis/build/icyphy/ptII/lib/javax.mail.jar:/home/travis/build/icyphy/ptII/vendors/JMF-2.1.1e/lib/jmf.jar:/home/travis/build/icyphy/ptII/lib/jna-4.0.0-variadic.jar:/home/travis/build/icyphy/ptII/vendors/misc/joystick/Joystick.jar:/home/travis/build/icyphy/ptII/lib/ptjacl.jar:/home/travis/build/icyphy/ptII/lib/jsoup-1.8.2.jar:/home/travis/build/icyphy/ptII/lib/junit-4.8.2.jar:/home/travis/build/icyphy/ptII/lib/JUnitParams-0.4.0.jar:/home/travis/build/icyphy/ptII/ptolemy/actor/lib/excel/jxl.jar:/home/travis/build/icyphy/ptII/lib/jython.jar:/home/travis/build/icyphy/ptII/lib/kieler.jar:/home/travis/build/icyphy/ptII/vendors/opencv/share/OpenCV/java/opencv-341.jar:/home/travis/build/icyphy/ptII/lib/oscP5.jar:/home/travis/build/icyphy/ptII/lib/nrjavaserial-3.11.0.devel.jar:/home/travis/build/icyphy/ptII/vendors/j3d/lib/Linux/j3dcore.jar:/home/travis/build/icyphy/ptII/vendors/j3d/lib/Linux/j3dutils.jar:/home/travis/build/icyphy/ptII/vendors/j3d/lib/Linux/vecmath.jar:/home/travis/build/icyphy/ptII/vendors/jogl/lib/Linux/gluegen-rt-natives-linux-amd64.jar:/home/travis/build/icyphy/ptII/vendors/jogl/lib/Linux/gluegen-rt.jar:/home/travis/build/icyphy/ptII/vendors/jogl/lib/Linux/jogl-all-natives-linux-amd64.jar:/home/travis/build/icyphy/ptII/vendors/jogl/lib/Linux/jogl-all.jar:/home/travis/build/icyphy/ptII/ptolemy/distributed/jini/jar/jini-core.jar:/home/travis/build/icyphy/ptII/ptolemy/distributed/jini/jar/jini-ext.jar:/home/travis/build/icyphy/ptII/ptolemy/distributed/jini/jar/sun-util.jar:/home/travis/build/icyphy/ptII/lib/protobuf-java-2.4.1.jar:/home/travis/build/icyphy/ptII/lib/org.eclipse.paho.client.mqttv3.jar:/home/travis/build/icyphy/ptII/lib/mapss.jar:/home/travis/build/icyphy/ptII/ptolemy/actor/ptalon/antlr/antlr.jar:/home/travis/build/icyphy/ptII/lib/JRI.jar:/home/travis/build/icyphy/ptII/lib/commons-lang-2.6.jar:/home/travis/build/icyphy/ptII/lib/commons-logging-1.1.1.jar:/home/travis/build/icyphy/ptII/lib/sootclasses.jar:/home/travis/build/icyphy/ptII/ptolemy/actor/lib/database/mysql-connector-java-5.1.6-bin.jar:/home/travis/build/icyphy/ptII/vendors/misc/sphinx4/sphinx4-data-5prealpha.jar:/home/travis/build/icyphy/ptII/vendors/misc/sphinx4/sphinx4-core-5prealpha.jar:/home/travis/build/icyphy/ptII/lib/PDFRenderer.jar:/home/travis/build/icyphy/ptII/lib/svgSalamander.jar:/home/travis/build/icyphy/ptII/lib/rsyntaxtextarea-2.6.0-SNAPSHOT.jar:/home/travis/build/icyphy/ptII/lib/hazelcast-3.8.2.jar:/home/travis/build/icyphy/ptII/lib/jackson-annotations-2.9.0.jar:/home/travis/build/icyphy/ptII/lib/jackson-core-2.9.3.jar:/home/travis/build/icyphy/ptII/lib/jackson-databind-2.9.3.jar:/home/travis/build/icyphy/ptII/lib/netty-buffer-4.1.19.Final.jar:/home/travis/build/icyphy/ptII/lib/netty-codec-4.1.19.Final.jar:/home/travis/build/icyphy/ptII/lib/netty-codec-dns-4.1.19.Final.jar:/home/travis/build/icyphy/ptII/lib/netty-codec-http-4.1.19.Final.jar:/home/travis/build/icyphy/ptII/lib/netty-codec-http2-4.1.19.Final.jar:/home/travis/build/icyphy/ptII/lib/netty-common-4.1.19.Final.jar:/home/travis/build/icyphy/ptII/lib/netty-handler-4.1.19.Final.jar:/home/travis/build/icyphy/ptII/lib/netty-resolver-4.1.19.Final.jar:/home/travis/build/icyphy/ptII/lib/netty-resolver-dns-4.1.19.Final.jar:/home/travis/build/icyphy/ptII/lib/netty-transport-4.1.19.Final.jar:/home/travis/build/icyphy/ptII/lib/vertx-codegen-3.5.1.jar:/home/travis/build/icyphy/ptII/lib/vertx-core-3.5.2-SNAPSHOT.jar:/home/travis/build/icyphy/ptII/lib/vertx-hazelcast-3.5.1.jar:/home/travis/build/icyphy/ptII/lib/vertx-lang-js-3.5.1.jar:/home/travis/build/icyphy/ptII/lib/vertx-service-proxy-3.5.1.jar:/home/travis/build/icyphy/ptII/lib/vertx-web-3.5.1.jar:/home/travis/build/icyphy/ptII/lib/slf4j-api-1.7.13.jar:/home/travis/build/icyphy/ptII/lib/slf4j-simple-1.7.13.jar:/home/travis/build/icyphy/ptII/lib/webcam-capture-0.3.12.jar:/home/travis/build/icyphy/ptII/lib/bridj-0.7.0.jar:/home/travis/build/icyphy/ptII/lib/xbjlib-1.1.0.nrjavaserial.jar" />
    <property name="timeout" value="2400000" />
    <property name="test.batch" value="**/junit/*.java" />
    <property name="env._" value="/usr/bin/timeout" />
    <property name="java.io.tmpdir" value="/tmp" />
    <property name="user.language" value="en" />
    <property name="env.TRAVIS_INTERNAL_RUBY_REGEX" value="^ruby-(2\.[0-4]\.[0-9]|1\.9\.3)" />
    <property name="env.HISTCONTROL" value="ignoredups:ignorespace" />
    <property name="env.GOROOT" value="/home/travis/.gimme/versions/go1.11.1.linux.amd64" />
    <property name="line.separator" value="&#xa;" />
    <property name="target" value="11" />
    <property name="env.TRAVIS_BUILD_DIR" value="/home/travis/build/icyphy/ptII" />
    <property name="env.ANT_OPTS" value="-Xmx2048m" />
    <property name="ant.file.type" value="file" />
    <property name="ptolemy.ptII.batchMode" value="true" />
    <property name="env.HISTSIZE" value="1000" />
    <property name="env.MERB_ENV" value="test" />
    <property name="java.vm.info" value="mixed mode" />
    <property name="source" value="11" />
    <property name="java.vm.specification.name" value="Java Virtual Machine Specification" />
    <property name="env.TRAVIS_TEST_RESULT" value="0" />
    <property name="jsdoc.command" value="node_modules/@terraswarm/jsdoc/jsdoc.js" />
    <property name="npm.works" value="true" />
    <property name="cobertura.dir" value="/home/travis/build/icyphy/ptII/vendors/cobertura-2.0.3" />
    <property name="jsdoc.command.exists" value="true" />
    <property name="env.rvm_path" value="/home/travis/.rvm" />
    <property name="env.GEM_PATH" value="/home/travis/.rvm/gems/ruby-2.5.3:/home/travis/.rvm/gems/ruby-2.5.3@global" />
    <property name="env.LC_CTYPE" value="en_US.UTF-8" />
    <property name="env.TRAVIS_CMD" value="$PTII/bin/ptIITravisBuild.sh $SECONDS" />
    <property name="java.awt.printerjob" value="sun.print.PSPrinterJob" />
    <property name="env.TRAVIS_STACK_NAME" value="sardonyx" />
    <property name="env.TRAVIS_TIMER_START_TIME" value="1590330070434213386" />
    <property name="ant.version" value="Apache Ant(TM) version 1.10.1 compiled on February 2 2017" />
    <property name="ptII.reports" value="/home/travis/build/icyphy/ptII/reports" />
    <property name="env.TRAVIS_STACK_TIMESTAMP" value="2019-03-25 16:16:56 UTC" />
    <property name="ant.file.type.ptII" value="file" />
    <property name="env.RBENV_SHELL" value="bash" />
    <property name="os.name" value="Linux" />
    <property name="java.specification.vendor" value="Oracle Corporation" />
    <property name="env.rvm_version" value="1.29.7 (latest)" />
    <property name="env.TRAVIS_INFRA" value="unknown" />
    <property name="env.TERM" value="xterm" />
    <property name="java.vm.name" value="OpenJDK 64-Bit Server VM" />
    <property name="env.TRAVIS_BUILD_NUMBER" value="1641" />
    <property name="env.CI" value="true" />
    <property name="java.library.path" value="/home/travis/pthla/certi-tools/lib:/usr/lib/jni:/usr/local/share/OpenCV/java/:/usr/share/OpenCV/java::/usr/java/packages/lib:/usr/lib64:/lib64:/lib:/usr/lib" />
    <property name="jdk.module.path" value="/home/travis/build/icyphy/ptII/vendors/javafx/javafx-sdk-11.0.2/lib:" />
    <property name="env.rvm_prefix" value="/home/travis" />
    <property name="env.PATH" value="/home/travis/pthla/certi-tools/share/scripts:/home/travis/.rvm/gems/ruby-2.5.3/bin:/home/travis/.rvm/gems/ruby-2.5.3@global/bin:/home/travis/.rvm/rubies/ruby-2.5.3/bin:/home/travis/.rvm/bin:/home/travis/.nvm/versions/node/v7.10.1/bin:./node_modules/.bin:/home/travis/build/icyphy/ptII/bin:/home/travis/pthla/certi-tools/bin:/home/travis/bin:/home/travis/.local/bin:/usr/local/lib/jvm/openjdk11/bin:/opt/pyenv/shims:/home/travis/.phpenv/shims:/home/travis/perl5/perlbrew/bin:/home/travis/gopath/bin:/home/travis/.gimme/versions/go1.11.1.linux.amd64/bin:/usr/local/maven-3.6.0/bin:/usr/local/cmake-3.12.4/bin:/usr/local/clang-7.0.0/bin:/usr/local/sbin:/usr/local/bin:/usr/sbin:/usr/bin:/sbin:/bin:/snap/bin:/home/travis/.phpenv/bin:/opt/pyenv/bin:/home/travis/.yarn/bin" />
    <property name="env.TRAVIS_OS_NAME" value="linux" />
    <property name="ant.java.version" value="9" />
    <property name="basedir" value="/home/travis/build/icyphy/ptII" />
    <property name="java.class.version" value="55.0" />
    <property name="env.SHLVL" value="3" />
    <property name="env.LD_LIBRARY_PATH" value="/home/travis/pthla/certi-tools/lib:/usr/lib/jni:/usr/local/share/OpenCV/java/:/usr/share/OpenCV/java:" />
    <property name="env.RACK_ENV" value="test" />
    <property name="ant.home" value="/home/travis/build/icyphy/ptII/ant" />
    <property name="env.NVM_DIR" value="/home/travis/.nvm" />
    <property name="env.CERTI_FOM_PATH" value="/home/travis/pthla/certi-tools/share/federations" />
    <property name="env.TRAVIS_BUILD_ID" value="690622855" />
    <property name="env.PYENV_ROOT" value="/opt/pyenv" />
    <property name="env.TRAVIS_UID" value="2000" />
    <property name="prism.verbose" value="true" />
    <property name="env.NVM_BIN" value="/home/travis/.nvm/versions/node/v7.10.1/bin" />
    <property name="env.TRAVIS_COMMIT" value="52bfcaaec950ad6b43d11ffdb9cd3f924b0c1f76" />
    <property name="env._system_arch" value="x86_64" />
    <property name="node.executable" value="node" />
    <property name="sun.boot.library.path" value="/usr/local/lib/jvm/openjdk11/lib" />
    <property name="sun.management.compiler" value="HotSpot 64-Bit Tiered Compilers" />
    <property name="java.awt.graphicsenv" value="sun.awt.X11GraphicsEnvironment" />
    <property name="env.GOPATH" value="/home/travis/gopath" />
    <property name="ptolemy.ptII.dir" value="/home/travis/build/icyphy/ptII" />
    <property name="env.USER" value="travis" />
    <property name="env.HISTFILESIZE" value="2000" />
    <property name="env.NVM_INC" value="/home/travis/.nvm/versions/node/v7.10.1/include/node" />
    <property name="timeout.longest" value="19000000" />
    <property name="env.PERLBREW_SHELLRC_VERSION" value="0.86" />
    <property name="env.TRAVIS_STACK_FEATURES" value="basic couchdb disabled-ipv6 docker docker-compose elasticsearch firefox go-toolchain google-chrome jdk memcached mongodb mysql nodejs_interpreter perl_interpreter perlbrew phantomjs postgresql python_interpreter redis ruby_interpreter sqlite xserver" />
    <property name="env.TRAVIS_PULL_REQUEST" value="false" />
    <property name="env.PYENV_SHELL" value="bash" />
    <property name="ant.project.name" value="ptII" />
    <property name="env.ANSI_RESET" value="\033[0m" />
    <property name="java.vm.specification.version" value="11" />
    <property name="env.TRAVIS_DIST" value="xenial" />
    <property name="env.CERTI_VERSION" value="4.0.0" />
    <property name="env.CERTI_HOST" value="localhost" />
    <property name="awt.toolkit" value="sun.awt.X11.XToolkit" />
    <property name="env.MY_RUBY_HOME" value="/home/travis/.rvm/rubies/ruby-2.5.3" />
    <property name="sun.cpu.isalist" value="" />
    <property name="env.TRAVIS_TMPDIR" value="/tmp/tmp.UBj6v3k1F9" />
    <property name="java.vm.compressedOopsMode" value="Zero based" />
    <property name="os.version" value="4.15.0-1028-gcp" />
    <property name="user.home" value="/home/travis" />
    <property name="java.vm.vendor" value="Oracle Corporation" />
    <property name="env.TRAVIS_TAG" value="nightly" />
    <property name="env.ANSI_YELLOW" value="\033[33;1m" />
    <property name="env.TRAVIS_FILTERED" value="redirect_io" />
    <property name="env.ANSI_GREEN" value="\033[32;1m" />
    <property name="env.JAVA_HOME" value="/usr/local/lib/jvm/openjdk11" />
    <property name="javadoc.excludepackagenames" value="adm.cvs2svn.*,build.*,config.*,doc.coding.templates.*,jni.test.jni.meaningOfLife.*,jni.test.jni.testDeux.*,jni.test.jni.testTrois.*,org.terraswarm.accessor.accessors.web.node_modules.*,org.terraswarm.accessor.accessors.web.hosts.cordova.demo.*,org.terraswarm.accessor.accessors.web.hosts.cordova.plugins.*,org.terraswarm.accessor.accessors-svn.*,pt-modules.*,ptolemy.apps.agilent.*,ptolemy.apps.anytimecontrol.*,ptolemy.apps.apes.*,ptolemy.apps.charon.*,ptolemy.apps.crazyboard.*,ptolemy.apps.eclipse.*,ptolemy.apps.etherealSting.*,ptolemy.apps.fullscreen.*,ptolemy.apps.giotto.*,ptolemy.apps.ia.*,ptolemy.apps.interfaces.*,ptolemy.apps.jmf.*,ptolemy.apps.kurt.*,ptolemy.apps.kvm.*,ptolemy.apps.lego.*,ptolemy.apps.lejos.*,ptolemy.apps.midp.*,ptolemy.apps.mobileCoding.*,ptolemy.apps.pendulum.*,ptolemy.apps.rijndael.*,ptolemy.apps.robot.*,ptolemy.apps.security.*,ptolemy.apps.sobel.*,ptolemy.apps.soot.*,ptolemy.apps.throttle.*,ptolemy.apps.tini.*,ptolemy.apps.transmission.*,ptolemy.apps.vergil.*,ptolemy.apps.waba.*,ptolemy.apps.websensor.*,ptolemy.apps.webstart.*,ptolemy.apps.xsl.*,ptolemy.apps.zaurus.*,ptolemy.codegen.c.actor.lib.oldJavaFiles.*,ptolemy.codegen.dsp.lib.*,ptolemy.codegen.kernel.newInterfaces.*,ptolemy.codegen.lib.*,ptolemy.copernicus.kernel.fragment.*,ptolemy.copernicus.shallow.cg.*,ptolemy.domains.giotto.demo.Hierarchy.Hierarchy.*,ptolemy.domains.giotto.demo.Multimode.Multimode.*,ptolemy.domains.giotto.demo.Simple.Simple.*,ptolemy.domains.gr.lib.experimental.*,ptolemy.domains.gro.*,ptolemy.domains.pdf.*,ptolemy.domains.ptinyos.demo.Surge.output.*,ptolemy.moml.test.NoPackageActor.java*,ptolemy.plot.adm.*,ptolemy.plot.servlet.*,reports.*,signed.*,src.*,target.*,vendors.*,ptolemy.copernicus.applet.*,ptolemy.media.viewer.*,ptolemy.actor.corba.*,doc.doclets.*,ptolemy.apps.eclipse.awt.*,ptolemy.backtrack.*,ptolemy.backtrack.ast.*,ptolemy.cg.adapter.generic.program.procedural.c.mbed*,ptolemy.homer.*,ptolemy.actor.lib.jai.*,org.ptolemy.scala.*,diva.util.java2d.svg.*,ptolemy.domains.ptinyos.*,ptolemy.actor.lib.fmi.fmipp.*,,org.terraswarm.accessor.accessors.web.node_modules.*,org.terraswarm.accessor.accessors-svn,ptolemy.apps.*,ptolemy.actor.ptalon.demo.ptinyos.SendAndReceiveCnt.output,ptolemy.actor.ptalon.demo.ptinyos.SenseToLeds.output,ptolemy.domains.ptinyos.demo.CntToLedsAndRfm.output,ptolemy.domains.ptinyos.demo.RfmToLeds.output,ptolemy.domains.ptinyos.demo.SendAndReceiveCnt.output,ptolemy.domains.ptinyos.demo.SenseToLeds.output,ptolemy.actor.lib.jjs.modules.udpSocket.*" />
    <property name="env.PTII" value="/home/travis/build/icyphy/ptII" />
    <property name="env.XDG_SESSION_ID" value="2" />
    <property name="keystore" value="ptKeystore" />
    <property name="env.TRAVIS_COMMIT_MESSAGE" value="Updating models using array data type." />
    <property name="junit.output.dir" value="/home/travis/build/icyphy/ptII/reports/junit" />
    <property name="npm.return.code" value="0" />
    <property name="user.dir" value="/home/travis/build/icyphy/ptII/ptolemy/actor/lib/test" />
    <property name="env.TRAVIS_NODE_VERSION" value="7" />
    <property name="env.TRAVIS_EVENT_TYPE" value="cron" />
    <property name="env.MAIL" value="/var/mail/travis" />
    <property name="env.PERLBREW_ROOT" value="/home/travis/perl5/perlbrew" />
    <property name="env.PWD" value="/home/travis/build/icyphy/ptII" />
    <property name="timeout.npm" value="45000" />
    <property name="env.TRAVIS_ARCH" value="amd64" />
    <property name="sun.cpu.endian" value="little" />
    <property name="env.PAGER" value="cat" />
    <property name="env.TRAVIS_BUILD_STAGE_NAME" value="test" />
    <property name="env.PERLBREW_HOME" value="/home/travis/.perlbrew" />
    <property name="java.vm.version" value="11.0.2+9" />
    <property name="env.RAILS_ENV" value="test" />
    <property name="java.class.path" value="/home/travis/.ptolemyII:/home/travis/.ptolemyII/*:/home/travis/build/icyphy/ptII:/home/travis/build/icyphy/ptII/lib/bsh-2.0b4.jar:/home/travis/build/icyphy/ptII/lib/ptCal.jar:/home/travis/build/icyphy/ptII/lib/java_cup.jar:/home/travis/build/icyphy/ptII/lib/saxon8.jar:/home/travis/build/icyphy/ptII/lib/saxon8-dom.jar:/home/travis/build/icyphy/ptII/lib/chic.jar:/home/travis/build/icyphy/ptII/lib/ptcolt.jar:/home/travis/build/icyphy/ptII/vendors/misc/itext/iText.jar:/home/travis/build/icyphy/ptII/lib/g4ltl.jar:/home/travis/build/icyphy/ptII/lib/StructuralCoder.jar:/home/travis/build/icyphy/ptII/lib/jcerti.jar:/home/travis/build/icyphy/ptII/lib/javax.mail.jar:/home/travis/build/icyphy/ptII/vendors/JMF-2.1.1e/lib/jmf.jar:/home/travis/build/icyphy/ptII/lib/jna-4.0.0-variadic.jar:/home/travis/build/icyphy/ptII/vendors/misc/joystick/Joystick.jar:/home/travis/build/icyphy/ptII/lib/ptjacl.jar:/home/travis/build/icyphy/ptII/lib/jsoup-1.8.2.jar:/home/travis/build/icyphy/ptII/lib/junit-4.8.2.jar:/home/travis/build/icyphy/ptII/lib/JUnitParams-0.4.0.jar:/home/travis/build/icyphy/ptII/ptolemy/actor/lib/excel/jxl.jar:/home/travis/build/icyphy/ptII/lib/jython.jar:/home/travis/build/icyphy/ptII/lib/kieler.jar:/home/travis/build/icyphy/ptII/vendors/opencv/share/OpenCV/java/opencv-341.jar:/home/travis/build/icyphy/ptII/lib/oscP5.jar:/home/travis/build/icyphy/ptII/lib/nrjavaserial-3.11.0.devel.jar:/home/travis/build/icyphy/ptII/vendors/j3d/lib/Linux/j3dcore.jar:/home/travis/build/icyphy/ptII/vendors/j3d/lib/Linux/j3dutils.jar:/home/travis/build/icyphy/ptII/vendors/j3d/lib/Linux/vecmath.jar:/home/travis/build/icyphy/ptII/vendors/jogl/lib/Linux/gluegen-rt-natives-linux-amd64.jar:/home/travis/build/icyphy/ptII/vendors/jogl/lib/Linux/gluegen-rt.jar:/home/travis/build/icyphy/ptII/vendors/jogl/lib/Linux/jogl-all-natives-linux-amd64.jar:/home/travis/build/icyphy/ptII/vendors/jogl/lib/Linux/jogl-all.jar:/home/travis/build/icyphy/ptII/ptolemy/distributed/jini/jar/jini-core.jar:/home/travis/build/icyphy/ptII/ptolemy/distributed/jini/jar/jini-ext.jar:/home/travis/build/icyphy/ptII/ptolemy/distributed/jini/jar/sun-util.jar:/home/travis/build/icyphy/ptII/lib/protobuf-java-2.4.1.jar:/home/travis/build/icyphy/ptII/lib/org.eclipse.paho.client.mqttv3.jar:/home/travis/build/icyphy/ptII/lib/mapss.jar:/home/travis/build/icyphy/ptII/ptolemy/actor/ptalon/antlr/antlr.jar:/home/travis/build/icyphy/ptII/lib/JRI.jar:/home/travis/build/icyphy/ptII/lib/commons-lang-2.6.jar:/home/travis/build/icyphy/ptII/lib/commons-logging-1.1.1.jar:/home/travis/build/icyphy/ptII/lib/sootclasses.jar:/home/travis/build/icyphy/ptII/ptolemy/actor/lib/database/mysql-connector-java-5.1.6-bin.jar:/home/travis/build/icyphy/ptII/vendors/misc/sphinx4/sphinx4-data-5prealpha.jar:/home/travis/build/icyphy/ptII/vendors/misc/sphinx4/sphinx4-core-5prealpha.jar:/home/travis/build/icyphy/ptII/lib/PDFRenderer.jar:/home/travis/build/icyphy/ptII/lib/svgSalamander.jar:/home/travis/build/icyphy/ptII/lib/rsyntaxtextarea-2.6.0-SNAPSHOT.jar:/home/travis/build/icyphy/ptII/lib/hazelcast-3.8.2.jar:/home/travis/build/icyphy/ptII/lib/jackson-annotations-2.9.0.jar:/home/travis/build/icyphy/ptII/lib/jackson-core-2.9.3.jar:/home/travis/build/icyphy/ptII/lib/jackson-databind-2.9.3.jar:/home/travis/build/icyphy/ptII/lib/netty-buffer-4.1.19.Final.jar:/home/travis/build/icyphy/ptII/lib/netty-codec-4.1.19.Final.jar:/home/travis/build/icyphy/ptII/lib/netty-codec-dns-4.1.19.Final.jar:/home/travis/build/icyphy/ptII/lib/netty-codec-http-4.1.19.Final.jar:/home/travis/build/icyphy/ptII/lib/netty-codec-http2-4.1.19.Final.jar:/home/travis/build/icyphy/ptII/lib/netty-common-4.1.19.Final.jar:/home/travis/build/icyphy/ptII/lib/netty-handler-4.1.19.Final.jar:/home/travis/build/icyphy/ptII/lib/netty-resolver-4.1.19.Final.jar:/home/travis/build/icyphy/ptII/lib/netty-resolver-dns-4.1.19.Final.jar:/home/travis/build/icyphy/ptII/lib/netty-transport-4.1.19.Final.jar:/home/travis/build/icyphy/ptII/lib/vertx-codegen-3.5.1.jar:/home/travis/build/icyphy/ptII/lib/vertx-core-3.5.2-SNAPSHOT.jar:/home/travis/build/icyphy/ptII/lib/vertx-hazelcast-3.5.1.jar:/home/travis/build/icyphy/ptII/lib/vertx-lang-js-3.5.1.jar:/home/travis/build/icyphy/ptII/lib/vertx-service-proxy-3.5.1.jar:/home/travis/build/icyphy/ptII/lib/vertx-web-3.5.1.jar:/home/travis/build/icyphy/ptII/lib/slf4j-api-1.7.13.jar:/home/travis/build/icyphy/ptII/lib/slf4j-simple-1.7.13.jar:/home/travis/build/icyphy/ptII/lib/webcam-capture-0.3.12.jar:/home/travis/build/icyphy/ptII/lib/bridj-0.7.0.jar:/home/travis/build/icyphy/ptII/lib/xbjlib-1.1.0.nrjavaserial.jar:/home/travis/build/icyphy/ptII/ptolemy/moml/test:/home/travis/build/icyphy/ptII/ant/lib/ant-launcher.jar:/home/travis/build/icyphy/ptII/ant/lib/ant.jar:/home/travis/build/icyphy/ptII/ant/lib/ant-junit.jar:/home/travis/build/icyphy/ptII/ant/lib/ant-junit4.jar" />
    <property name="ant.library.dir" value="/home/travis/build/icyphy/ptII/ant/lib" />
    <property name="os.arch" value="amd64" />
    <property name="env.CONTINUOUS_INTEGRATION" value="true" />
    <property name="env.TRAVIS_LANGUAGE" value="node_js" />
    <property name="env.TRAVIS_STACK_LANGUAGES" value="__sardonyx__ c c++ clojure cplusplus cpp default generic go groovy java node_js php pure_java python ruby scala" />
    <property name="test.name" value="ptolemy.actor.lib.test.junit.JUnitTclTest" />
    <property name="env.APT_KEY_DONT_WARN_ON_DANGEROUS_USAGE" value="1" />
    <property name="sun.java.launcher" value="SUN_STANDARD" />
    <property name="env.PYTHON_CONFIGURE_OPTS" value="--enable-unicode=ucs4 --with-wide-unicode --enable-shared --enable-ipv6 --enable-loadable-sqlite-extensions --with-computed-gotos" />
    <property name="ant.core.lib" value="/home/travis/build/icyphy/ptII/ant/lib/ant.jar" />
    <property name="java.vm.specification.vendor" value="Oracle Corporation" />
    <property name="env.BCVTB_HOME" value="/home/travis/build/icyphy/ptII/lbnl" />
    <property name="file.separator" value="/" />
    <property name="spotbugs.home" value="/home/travis/build/icyphy/ptII/vendors/spotbugs-3.1.1" />
    <property name="java.runtime.version" value="11.0.2+9" />
    <property name="env.ANSI_CLEAR" value="\033[0K" />
    <property name="javafx.verbose" value="true" />
    <property name="env.HAS_JOSH_K_SEAL_OF_APPROVAL" value="true" />
    <property name="env.XDG_RUNTIME_DIR" value="/run/user/2000" />
    <property name="env.TRAVIS_OSX_IMAGE" value="" />
    <property name="env.TRAVIS_JOB_ID" value="690622893" />
    <property name="env.TRAVIS_BRANCH" value="master" />
    <property name="user.country" value="US" />
    <property name="env.CERTI_HOME_TRAVIS" value="/home/travis/pthla/certi-tools" />
    <property name="env.SHELL" value="/bin/bash" />
    <property name="java.maxmemory.large" value="3200m" />
    <property name="model" value="" />
    <property name="env.CASHER_DIR" value="/home/travis/.casher" />
    <property name="env.NVM_CD_FLAGS" value="" />
    <property name="java.vendor.version" value="18.9" />
    <property name="jshint.executable" value="/home/travis/node_modules/jshint/bin/jshint" />
    <property name="env.JRUBY_OPTS" value=" --client -J-XX:+TieredCompilation -J-XX:TieredStopAtLevel=1 -J-Xss2m -Xcompile.invokedynamic=false" />
    <property name="java.vendor" value="Oracle Corporation" />
    <property name="env.TRAVIS_PRE_CHEF_BOOTSTRAP_TIME" value="2019-03-25T16:16:42" />
    <property name="env.TRAVIS_STACK_JOB_BOARD_REGISTER" value="/.job-board-register.yml" />
    <property name="env.ANSI_RED" value="\033[31;1m" />
    <property name="java.specification.version" value="11" />
    <property name="env.IRBRC" value="/home/travis/.rvm/rubies/ruby-2.5.3/.irbrc" />
    <property name="env.TRAVIS" value="true" />
    <property name="sun.arch.data.model" value="64" />
  </properties>
  <testcase classname="ptolemy.util.test.junit.TclTests" name="[0] /home/travis/build/icyphy/ptII/ptolemy/actor/lib/test/AbsoluteValue.tcl (RunTclFile)" time="0.509" />
  <testcase classname="ptolemy.util.test.junit.TclTests" name="[1] /home/travis/build/icyphy/ptII/ptolemy/actor/lib/test/AddSubtract.tcl (RunTclFile)" time="0.122" />
  <testcase classname="ptolemy.util.test.junit.TclTests" name="[2] /home/travis/build/icyphy/ptII/ptolemy/actor/lib/test/Average.tcl (RunTclFile)" time="0.031" />
  <testcase classname="ptolemy.util.test.junit.TclTests" name="[3] /home/travis/build/icyphy/ptII/ptolemy/actor/lib/test/Bernoulli.tcl (RunTclFile)" time="0.039" />
  <testcase classname="ptolemy.util.test.junit.TclTests" name="[4] /home/travis/build/icyphy/ptII/ptolemy/actor/lib/test/Clock.tcl (RunTclFile)" time="0.068" />
  <testcase classname="ptolemy.util.test.junit.TclTests" name="[5] /home/travis/build/icyphy/ptII/ptolemy/actor/lib/test/Commutator.tcl (RunTclFile)" time="0.157" />
  <testcase classname="ptolemy.util.test.junit.TclTests" name="[6] /home/travis/build/icyphy/ptII/ptolemy/actor/lib/test/Const.tcl (RunTclFile)" time="0.138" />
  <testcase classname="ptolemy.util.test.junit.TclTests" name="[7] /home/travis/build/icyphy/ptII/ptolemy/actor/lib/test/CurrentTime.tcl (RunTclFile)" time="0.041" />
  <testcase classname="ptolemy.util.test.junit.TclTests" name="[8] /home/travis/build/icyphy/ptII/ptolemy/actor/lib/test/DB.tcl (RunTclFile)" time="0.018" />
  <testcase classname="ptolemy.util.test.junit.TclTests" name="[9] /home/travis/build/icyphy/ptII/ptolemy/actor/lib/test/DiscreteRandomSource.tcl (RunTclFile)" time="0.022" />
  <testcase classname="ptolemy.util.test.junit.TclTests" name="[10] /home/travis/build/icyphy/ptII/ptolemy/actor/lib/test/Distributor.tcl (RunTclFile)" time="0.086" />
  <testcase classname="ptolemy.util.test.junit.TclTests" name="[11] /home/travis/build/icyphy/ptII/ptolemy/actor/lib/test/Exit.tcl (RunTclFile)" time="0.098" />
  <testcase classname="ptolemy.util.test.junit.TclTests" name="[12] /home/travis/build/icyphy/ptII/ptolemy/actor/lib/test/Expression.tcl (RunTclFile)" time="0.117" />
  <testcase classname="ptolemy.util.test.junit.TclTests" name="[13] /home/travis/build/icyphy/ptII/ptolemy/actor/lib/test/Gaussian.tcl (RunTclFile)" time="0.915" />
  <testcase classname="ptolemy.util.test.junit.TclTests" name="[14] /home/travis/build/icyphy/ptII/ptolemy/actor/lib/test/IIR.tcl (RunTclFile)" time="0.038" />
  <testcase classname="ptolemy.util.test.junit.TclTests" name="[15] /home/travis/build/icyphy/ptII/ptolemy/actor/lib/test/Interpolator.tcl (RunTclFile)" time="0.097" />
  <testcase classname="ptolemy.util.test.junit.TclTests" name="[16] /home/travis/build/icyphy/ptII/ptolemy/actor/lib/test/MathFunction.tcl (RunTclFile)" time="0.062" />
  <testcase classname="ptolemy.util.test.junit.TclTests" name="[17] /home/travis/build/icyphy/ptII/ptolemy/actor/lib/test/Maximum.tcl (RunTclFile)" time="0.034" />
  <testcase classname="ptolemy.util.test.junit.TclTests" name="[18] /home/travis/build/icyphy/ptII/ptolemy/actor/lib/test/Minimum.tcl (RunTclFile)" time="0.029" />
  <testcase classname="ptolemy.util.test.junit.TclTests" name="[19] /home/travis/build/icyphy/ptII/ptolemy/actor/lib/test/MultiplyDivide.tcl (RunTclFile)" time="0.037" />
  <testcase classname="ptolemy.util.test.junit.TclTests" name="[20] /home/travis/build/icyphy/ptII/ptolemy/actor/lib/test/OrderedMerge.tcl (RunTclFile)" time="0.118" />
  <testcase classname="ptolemy.util.test.junit.TclTests" name="[21] /home/travis/build/icyphy/ptII/ptolemy/actor/lib/test/Publisher.tcl (RunTclFile)" time="0.818" />
  <testcase classname="ptolemy.util.test.junit.TclTests" name="[22] /home/travis/build/icyphy/ptII/ptolemy/actor/lib/test/Pulse.tcl (RunTclFile)" time="0.047" />
  <testcase classname="ptolemy.util.test.junit.TclTests" name="[23] /home/travis/build/icyphy/ptII/ptolemy/actor/lib/test/Ramp.tcl (RunTclFile)" time="1.891" />
  <testcase classname="ptolemy.util.test.junit.TclTests" name="[24] /home/travis/build/icyphy/ptII/ptolemy/actor/lib/test/RampContinuous.tcl (RunTclFile)" time="0.017" />
  <testcase classname="ptolemy.util.test.junit.TclTests" name="[25] /home/travis/build/icyphy/ptII/ptolemy/actor/lib/test/RecordAssembler.tcl (RunTclFile)" time="0.016" />
  <testcase classname="ptolemy.util.test.junit.TclTests" name="[26] /home/travis/build/icyphy/ptII/ptolemy/actor/lib/test/RecordDisassembler.tcl (RunTclFile)" time="0.024" />
  <testcase classname="ptolemy.util.test.junit.TclTests" name="[27] /home/travis/build/icyphy/ptII/ptolemy/actor/lib/test/Scale.tcl (RunTclFile)" time="0.015" />
  <testcase classname="ptolemy.util.test.junit.TclTests" name="[28] /home/travis/build/icyphy/ptII/ptolemy/actor/lib/test/SequentialClock.tcl (RunTclFile)" time="0.011" />
  <testcase classname="ptolemy.util.test.junit.TclTests" name="[29] /home/travis/build/icyphy/ptII/ptolemy/actor/lib/test/SetVariable.tcl (RunTclFile)" time="0.007" />
  <testcase classname="ptolemy.util.test.junit.TclTests" name="[30] /home/travis/build/icyphy/ptII/ptolemy/actor/lib/test/Sinewave.tcl (RunTclFile)" time="0.029" />
  <testcase classname="ptolemy.util.test.junit.TclTests" name="[31] /home/travis/build/icyphy/ptII/ptolemy/actor/lib/test/SubscriptionAggregator.tcl (RunTclFile)" time="2.18" />
  <testcase classname="ptolemy.util.test.junit.TclTests" name="[32] /home/travis/build/icyphy/ptII/ptolemy/actor/lib/test/Test.tcl (RunTclFile)" time="0.149" />
  <testcase classname="ptolemy.util.test.junit.TclTests" name="[33] /home/travis/build/icyphy/ptII/ptolemy/actor/lib/test/TestExceptionHandler.tcl (RunTclFile)" time="0.027" />
  <testcase classname="ptolemy.util.test.junit.TclTests" name="[34] /home/travis/build/icyphy/ptII/ptolemy/actor/lib/test/UnionDisassembler.tcl (RunTclFile)" time="0.064" />
  <testcase classname="ptolemy.util.test.junit.TclTests" name="[35] /home/travis/build/icyphy/ptII/ptolemy/actor/lib/test/VariableClock.tcl (RunTclFile)" time="0.03" />
  <testcase classname="ptolemy.util.test.junit.AutoKnownFailedTests" name="[0] /home/travis/build/icyphy/ptII/ptolemy/actor/lib/test/auto/knownFailedTests/PublisherPortToplevelSubscriber.xml (RunModel)" time="0.021" />
  <testcase classname="ptolemy.util.test.junit.AutoKnownFailedTests" name="[1] /home/travis/build/icyphy/ptII/ptolemy/actor/lib/test/auto/knownFailedTests/PublisherSubscriberPortToplevel.xml (RunModel)" time="0.022" />
  <testcase classname="ptolemy.util.test.junit.AutoKnownFailedTests" name="[2] /home/travis/build/icyphy/ptII/ptolemy/actor/lib/test/auto/knownFailedTests/PublisherSubscriptionAggregatorPort.xml (RunModel)" time="0.022" />
  <testcase classname="ptolemy.util.test.junit.AutoKnownFailedTests" name="[3] /home/travis/build/icyphy/ptII/ptolemy/actor/lib/test/auto/knownFailedTests/sizedarray3.xml (RunModel)" time="0.018" />
  <testcase classname="ptolemy.util.test.junit.AutoNameArchTests" name="[0] ThereAreNoAutoArchTests (RunModel)" time="0.004" />
  <testcase classname="ptolemy.util.test.junit.AutoTests" name="[0] /home/travis/build/icyphy/ptII/ptolemy/actor/lib/test/auto/AbsoluteValue.xml (RunModel)" time="0.082" />
  <testcase classname="ptolemy.util.test.junit.AutoTests" name="[1] /home/travis/build/icyphy/ptII/ptolemy/actor/lib/test/auto/AbsoluteValue2.xml (RunModel)" time="0.049" />
  <testcase classname="ptolemy.util.test.junit.AutoTests" name="[2] /home/travis/build/icyphy/ptII/ptolemy/actor/lib/test/auto/Accumulator.xml (RunModel)" time="0.05" />
  <testcase classname="ptolemy.util.test.junit.AutoTests" name="[3] /home/travis/build/icyphy/ptII/ptolemy/actor/lib/test/auto/Accumulator2.xml (RunModel)" time="0.056" />
  <testcase classname="ptolemy.util.test.junit.AutoTests" name="[4] /home/travis/build/icyphy/ptII/ptolemy/actor/lib/test/auto/Accumulator3.xml (RunModel)" time="0.035" />
  <testcase classname="ptolemy.util.test.junit.AutoTests" name="[5] /home/travis/build/icyphy/ptII/ptolemy/actor/lib/test/auto/ArrayAppend.xml (RunModel)" time="0.041" />
  <testcase classname="ptolemy.util.test.junit.AutoTests" name="[6] /home/travis/build/icyphy/ptII/ptolemy/actor/lib/test/auto/ArrayAppend2.xml (RunModel)" time="0.351" />
  <testcase classname="ptolemy.util.test.junit.AutoTests" name="[7] /home/travis/build/icyphy/ptII/ptolemy/actor/lib/test/auto/ArrayAppend3.xml (RunModel)" time="0.014" />
  <testcase classname="ptolemy.util.test.junit.AutoTests" name="[8] /home/travis/build/icyphy/ptII/ptolemy/actor/lib/test/auto/ArrayAppend4.xml (RunModel)" time="0.017" />
  <testcase classname="ptolemy.util.test.junit.AutoTests" name="[9] /home/travis/build/icyphy/ptII/ptolemy/actor/lib/test/auto/ArrayAppend5.xml (RunModel)" time="0.017" />
  <testcase classname="ptolemy.util.test.junit.AutoTests" name="[10] /home/travis/build/icyphy/ptII/ptolemy/actor/lib/test/auto/ArrayAppend6.xml (RunModel)" time="0.02" />
  <testcase classname="ptolemy.util.test.junit.AutoTests" name="[11] /home/travis/build/icyphy/ptII/ptolemy/actor/lib/test/auto/ArrayAppendPerformanceTest.xml (RunModel)" time="0.055" />
  <testcase classname="ptolemy.util.test.junit.AutoTests" name="[12] /home/travis/build/icyphy/ptII/ptolemy/actor/lib/test/auto/ArrayAppendWithEmptyInput.xml (RunModel)" time="0.04" />
  <testcase classname="ptolemy.util.test.junit.AutoTests" name="[13] /home/travis/build/icyphy/ptII/ptolemy/actor/lib/test/auto/ArrayAverage.xml (RunModel)" time="0.107" />
  <testcase classname="ptolemy.util.test.junit.AutoTests" name="[14] /home/travis/build/icyphy/ptII/ptolemy/actor/lib/test/auto/ArrayContains.xml (RunModel)" time="0.037" />
  <testcase classname="ptolemy.util.test.junit.AutoTests" name="[15] /home/travis/build/icyphy/ptII/ptolemy/actor/lib/test/auto/ArrayElement.xml (RunModel)" time="0.028" />
  <testcase classname="ptolemy.util.test.junit.AutoTests" name="[16] /home/travis/build/icyphy/ptII/ptolemy/actor/lib/test/auto/ArrayElementAsMatrix.xml (RunModel)" time="0.038" />
  <testcase classname="ptolemy.util.test.junit.AutoTests" name="[17] /home/travis/build/icyphy/ptII/ptolemy/actor/lib/test/auto/ArrayElementI.xml (RunModel)" time="0.014" />
  <testcase classname="ptolemy.util.test.junit.AutoTests" name="[18] /home/travis/build/icyphy/ptII/ptolemy/actor/lib/test/auto/ArrayExtract.xml (RunModel)" time="0.032" />
  <testcase classname="ptolemy.util.test.junit.AutoTests" name="[19] /home/travis/build/icyphy/ptII/ptolemy/actor/lib/test/auto/ArrayExtract2.xml (RunModel)" time="0.013" />
  <testcase classname="ptolemy.util.test.junit.AutoTests" name="[20] /home/travis/build/icyphy/ptII/ptolemy/actor/lib/test/auto/ArrayLength.xml (RunModel)" time="0.017" />
  <testcase classname="ptolemy.util.test.junit.AutoTests" name="[21] /home/travis/build/icyphy/ptII/ptolemy/actor/lib/test/auto/ArrayLevelCrossing.xml (RunModel)" time="0.02" />
  <testcase classname="ptolemy.util.test.junit.AutoTests" name="[22] /home/travis/build/icyphy/ptII/ptolemy/actor/lib/test/auto/ArrayLevelCrossing2.xml (RunModel)" time="0.02" />
  <testcase classname="ptolemy.util.test.junit.AutoTests" name="[23] /home/travis/build/icyphy/ptII/ptolemy/actor/lib/test/auto/ArrayPeakSearch.xml (RunModel)" time="0.034" />
  <testcase classname="ptolemy.util.test.junit.AutoTests" name="[24] /home/travis/build/icyphy/ptII/ptolemy/actor/lib/test/auto/ArrayPeakSearch2.xml (RunModel)" time="0.033" />
  <testcase classname="ptolemy.util.test.junit.AutoTests" name="[25] /home/travis/build/icyphy/ptII/ptolemy/actor/lib/test/auto/ArrayPeakSearch3.xml (RunModel)" time="0.03" />
  <testcase classname="ptolemy.util.test.junit.AutoTests" name="[26] /home/travis/build/icyphy/ptII/ptolemy/actor/lib/test/auto/ArrayRemoveElement.xml (RunModel)" time="0.025" />
  <testcase classname="ptolemy.util.test.junit.AutoTests" name="[27] /home/travis/build/icyphy/ptII/ptolemy/actor/lib/test/auto/ArraySort.xml (RunModel)" time="0.04" />
  <testcase classname="ptolemy.util.test.junit.AutoTests" name="[28] /home/travis/build/icyphy/ptII/ptolemy/actor/lib/test/auto/ArraySum.xml (RunModel)" time="0.018" />
  <testcase classname="ptolemy.util.test.junit.AutoTests" name="[29] /home/travis/build/icyphy/ptII/ptolemy/actor/lib/test/auto/ArrayToElements.xml (RunModel)" time="0.018" />
  <testcase classname="ptolemy.util.test.junit.AutoTests" name="[30] /home/travis/build/icyphy/ptII/ptolemy/actor/lib/test/auto/ArrayToMatrix.xml (RunModel)" time="0.069" />
  <testcase classname="ptolemy.util.test.junit.AutoTests" name="[31] /home/travis/build/icyphy/ptII/ptolemy/actor/lib/test/auto/ArrayUpdate1.xml (RunModel)" time="0.017" />
  <testcase classname="ptolemy.util.test.junit.AutoTests" name="[32] /home/travis/build/icyphy/ptII/ptolemy/actor/lib/test/auto/ArrayUpdate2.xml (RunModel)" time="0.021" />
  <testcase classname="ptolemy.util.test.junit.AutoTests" name="[33] /home/travis/build/icyphy/ptII/ptolemy/actor/lib/test/auto/ArrayUpdate3.xml (RunModel)" time="0.013" />
  <testcase classname="ptolemy.util.test.junit.AutoTests" name="[34] /home/travis/build/icyphy/ptII/ptolemy/actor/lib/test/auto/Assert1.xml (RunModel)" time="0.019" />
  <testcase classname="ptolemy.util.test.junit.AutoTests" name="[35] /home/travis/build/icyphy/ptII/ptolemy/actor/lib/test/auto/Assert2.xml (RunModel)" time="0.015" />
  <testcase classname="ptolemy.util.test.junit.AutoTests" name="[36] /home/travis/build/icyphy/ptII/ptolemy/actor/lib/test/auto/BooleanMultiplexor.xml (RunModel)" time="0.016" />
  <testcase classname="ptolemy.util.test.junit.AutoTests" name="[37] /home/travis/build/icyphy/ptII/ptolemy/actor/lib/test/auto/BooleanMultiplexor2.xml (RunModel)" time="0.015" />
  <testcase classname="ptolemy.util.test.junit.AutoTests" name="[38] /home/travis/build/icyphy/ptII/ptolemy/actor/lib/test/auto/BooleanMultiplexor3.xml (RunModel)" time="0.02" />
  <testcase classname="ptolemy.util.test.junit.AutoTests" name="[39] /home/travis/build/icyphy/ptII/ptolemy/actor/lib/test/auto/BooleanSelect.xml (RunModel)" time="0.02" />
  <testcase classname="ptolemy.util.test.junit.AutoTests" name="[40] /home/travis/build/icyphy/ptII/ptolemy/actor/lib/test/auto/BooleanSelect2.xml (RunModel)" time="0.016" />
  <testcase classname="ptolemy.util.test.junit.AutoTests" name="[41] /home/travis/build/icyphy/ptII/ptolemy/actor/lib/test/auto/BooleanSwitch.xml (RunModel)" time="0.017" />
  <testcase classname="ptolemy.util.test.junit.AutoTests" name="[42] /home/travis/build/icyphy/ptII/ptolemy/actor/lib/test/auto/BooleanSwitch2.xml (RunModel)" time="0.011" />
  <testcase classname="ptolemy.util.test.junit.AutoTests" name="[43] /home/travis/build/icyphy/ptII/ptolemy/actor/lib/test/auto/BooleanSwitchCloningBugWithClassRelationGroup.xml (RunModel)" time="0.023" />
  <testcase classname="ptolemy.util.test.junit.AutoTests" name="[44] /home/travis/build/icyphy/ptII/ptolemy/actor/lib/test/auto/BusActors.xml (RunModel)" time="0.037" />
  <testcase classname="ptolemy.util.test.junit.AutoTests" name="[45] /home/travis/build/icyphy/ptII/ptolemy/actor/lib/test/auto/ClassWrapper.xml (RunModel)" time="0.018" />
  <testcase classname="ptolemy.util.test.junit.AutoTests" name="[46] /home/travis/build/icyphy/ptII/ptolemy/actor/lib/test/auto/Clock.xml (RunModel)" time="0.018" />
  <testcase classname="ptolemy.util.test.junit.AutoTests" name="[47] /home/travis/build/icyphy/ptII/ptolemy/actor/lib/test/auto/Clock10.xml (RunModel)" time="0.025" />
  <testcase classname="ptolemy.util.test.junit.AutoTests" name="[48] /home/travis/build/icyphy/ptII/ptolemy/actor/lib/test/auto/Clock11.xml (RunModel)" time="0.015" />
  <testcase classname="ptolemy.util.test.junit.AutoTests" name="[49] /home/travis/build/icyphy/ptII/ptolemy/actor/lib/test/auto/Clock12.xml (RunModel)" time="0.017" />
  <testcase classname="ptolemy.util.test.junit.AutoTests" name="[50] /home/travis/build/icyphy/ptII/ptolemy/actor/lib/test/auto/Clock13.xml (RunModel)" time="0.016" />
  <testcase classname="ptolemy.util.test.junit.AutoTests" name="[51] /home/travis/build/icyphy/ptII/ptolemy/actor/lib/test/auto/Clock14.xml (RunModel)" time="0.015" />
  <testcase classname="ptolemy.util.test.junit.AutoTests" name="[52] /home/travis/build/icyphy/ptII/ptolemy/actor/lib/test/auto/Clock15.xml (RunModel)" time="0.013" />
  <testcase classname="ptolemy.util.test.junit.AutoTests" name="[53] /home/travis/build/icyphy/ptII/ptolemy/actor/lib/test/auto/Clock16.xml (RunModel)" time="0.081" />
  <testcase classname="ptolemy.util.test.junit.AutoTests" name="[54] /home/travis/build/icyphy/ptII/ptolemy/actor/lib/test/auto/Clock17.xml (RunModel)" time="0.065" />
  <testcase classname="ptolemy.util.test.junit.AutoTests" name="[55] /home/travis/build/icyphy/ptII/ptolemy/actor/lib/test/auto/Clock18.xml (RunModel)" time="0.042" />
  <testcase classname="ptolemy.util.test.junit.AutoTests" name="[56] /home/travis/build/icyphy/ptII/ptolemy/actor/lib/test/auto/Clock19.xml (RunModel)" time="0.031" />
  <testcase classname="ptolemy.util.test.junit.AutoTests" name="[57] /home/travis/build/icyphy/ptII/ptolemy/actor/lib/test/auto/Clock2.xml (RunModel)" time="0.011" />
  <testcase classname="ptolemy.util.test.junit.AutoTests" name="[58] /home/travis/build/icyphy/ptII/ptolemy/actor/lib/test/auto/Clock20.xml (RunModel)" time="0.013" />
  <testcase classname="ptolemy.util.test.junit.AutoTests" name="[59] /home/travis/build/icyphy/ptII/ptolemy/actor/lib/test/auto/Clock21.xml (RunModel)" time="0.011" />
  <testcase classname="ptolemy.util.test.junit.AutoTests" name="[60] /home/travis/build/icyphy/ptII/ptolemy/actor/lib/test/auto/Clock22.xml (RunModel)" time="0.011" />
  <testcase classname="ptolemy.util.test.junit.AutoTests" name="[61] /home/travis/build/icyphy/ptII/ptolemy/actor/lib/test/auto/Clock23.xml (RunModel)" time="0.014" />
  <testcase classname="ptolemy.util.test.junit.AutoTests" name="[62] /home/travis/build/icyphy/ptII/ptolemy/actor/lib/test/auto/Clock24.xml (RunModel)" time="0.013" />
  <testcase classname="ptolemy.util.test.junit.AutoTests" name="[63] /home/travis/build/icyphy/ptII/ptolemy/actor/lib/test/auto/Clock4.xml (RunModel)" time="0.008" />
  <testcase classname="ptolemy.util.test.junit.AutoTests" name="[64] /home/travis/build/icyphy/ptII/ptolemy/actor/lib/test/auto/Clock5.xml (RunModel)" time="0.008" />
  <testcase classname="ptolemy.util.test.junit.AutoTests" name="[65] /home/travis/build/icyphy/ptII/ptolemy/actor/lib/test/auto/Clock6.xml (RunModel)" time="0.007" />
  <testcase classname="ptolemy.util.test.junit.AutoTests" name="[66] /home/travis/build/icyphy/ptII/ptolemy/actor/lib/test/auto/Clock7.xml (RunModel)" time="0.008" />
  <testcase classname="ptolemy.util.test.junit.AutoTests" name="[67] /home/travis/build/icyphy/ptII/ptolemy/actor/lib/test/auto/Clock8.xml (RunModel)" time="0.011" />
  <testcase classname="ptolemy.util.test.junit.AutoTests" name="[68] /home/travis/build/icyphy/ptII/ptolemy/actor/lib/test/auto/Clock9.xml (RunModel)" time="0.012" />
  <testcase classname="ptolemy.util.test.junit.AutoTests" name="[69] /home/travis/build/icyphy/ptII/ptolemy/actor/lib/test/auto/CommDistDiscard.xml (RunModel)" time="0.02" />
  <testcase classname="ptolemy.util.test.junit.AutoTests" name="[70] /home/travis/build/icyphy/ptII/ptolemy/actor/lib/test/auto/Commutator.xml (RunModel)" time="0.009" />
  <testcase classname="ptolemy.util.test.junit.AutoTests" name="[71] /home/travis/build/icyphy/ptII/ptolemy/actor/lib/test/auto/Commutator2.xml (RunModel)" time="0.008" />
  <testcase classname="ptolemy.util.test.junit.AutoTests" name="[72] /home/travis/build/icyphy/ptII/ptolemy/actor/lib/test/auto/Commutator3.xml (RunModel)" time="0.008" />
  <testcase classname="ptolemy.util.test.junit.AutoTests" name="[73] /home/travis/build/icyphy/ptII/ptolemy/actor/lib/test/auto/Compare.xml (RunModel)" time="0.015" />
  <testcase classname="ptolemy.util.test.junit.AutoTests" name="[74] /home/travis/build/icyphy/ptII/ptolemy/actor/lib/test/auto/CompareDE.xml (RunModel)" time="0.016" />
  <testcase classname="ptolemy.util.test.junit.AutoTests" name="[75] /home/travis/build/icyphy/ptII/ptolemy/actor/lib/test/auto/ComplexDivide.xml (RunModel)" time="0.01" />
  <testcase classname="ptolemy.util.test.junit.AutoTests" name="[76] /home/travis/build/icyphy/ptII/ptolemy/actor/lib/test/auto/ComputeHistogram.xml (RunModel)" time="0.057" />
  <testcase classname="ptolemy.util.test.junit.AutoTests" name="[77] /home/travis/build/icyphy/ptII/ptolemy/actor/lib/test/auto/ConfigurationSelect.xml (RunModel)" time="0.011" />
  <testcase classname="ptolemy.util.test.junit.AutoTests" name="[78] /home/travis/build/icyphy/ptII/ptolemy/actor/lib/test/auto/ConfigurationSelect2.xml (RunModel)" time="0.008" />
  <testcase classname="ptolemy.util.test.junit.AutoTests" name="[79] /home/travis/build/icyphy/ptII/ptolemy/actor/lib/test/auto/ConfigurationSwitch.xml (RunModel)" time="0.023" />
  <testcase classname="ptolemy.util.test.junit.AutoTests" name="[80] /home/travis/build/icyphy/ptII/ptolemy/actor/lib/test/auto/ConfigurationSwitch2.xml (RunModel)" time="0.016" />
  <testcase classname="ptolemy.util.test.junit.AutoTests" name="[81] /home/travis/build/icyphy/ptII/ptolemy/actor/lib/test/auto/ConfigurationSwitchCloningBugWithClassRelationGroup.xml (RunModel)" time="0.014" />
  <testcase classname="ptolemy.util.test.junit.AutoTests" name="[82] /home/travis/build/icyphy/ptII/ptolemy/actor/lib/test/auto/ConfigurationSwitchSelectSDF.xml (RunModel)" time="0.012" />
  <testcase classname="ptolemy.util.test.junit.AutoTests" name="[83] /home/travis/build/icyphy/ptII/ptolemy/actor/lib/test/auto/ConfigurationSwitchSelectSDF2.xml (RunModel)" time="0.012" />
  <testcase classname="ptolemy.util.test.junit.AutoTests" name="[84] /home/travis/build/icyphy/ptII/ptolemy/actor/lib/test/auto/Const.xml (RunModel)" time="0.005" />
  <testcase classname="ptolemy.util.test.junit.AutoTests" name="[85] /home/travis/build/icyphy/ptII/ptolemy/actor/lib/test/auto/Const2.xml (RunModel)" time="0.008" />
  <testcase classname="ptolemy.util.test.junit.AutoTests" name="[86] /home/travis/build/icyphy/ptII/ptolemy/actor/lib/test/auto/Const3.xml (RunModel)" time="0.008" />
  <testcase classname="ptolemy.util.test.junit.AutoTests" name="[87] /home/travis/build/icyphy/ptII/ptolemy/actor/lib/test/auto/ConstantPublisherPort1.xml (RunModel)" time="0.018" />
  <testcase classname="ptolemy.util.test.junit.AutoTests" name="[88] /home/travis/build/icyphy/ptII/ptolemy/actor/lib/test/auto/ConstantPublisherPort2.xml (RunModel)" time="0.019" />
  <testcase classname="ptolemy.util.test.junit.AutoTests" name="[89] /home/travis/build/icyphy/ptII/ptolemy/actor/lib/test/auto/ConstantPublisherPort3.xml (RunModel)" time="0.015" />
  <testcase classname="ptolemy.util.test.junit.AutoTests" name="[90] /home/travis/build/icyphy/ptII/ptolemy/actor/lib/test/auto/ConstantPublisherPort4.xml (RunModel)" time="0.014" />
  <testcase classname="ptolemy.util.test.junit.AutoTests" name="[91] /home/travis/build/icyphy/ptII/ptolemy/actor/lib/test/auto/ConstantPublisherPort5.xml (RunModel)" time="0.039" />
  <testcase classname="ptolemy.util.test.junit.AutoTests" name="[92] /home/travis/build/icyphy/ptII/ptolemy/actor/lib/test/auto/ConstantPublisherPort6.xml (RunModel)" time="0.031" />
  <testcase classname="ptolemy.util.test.junit.AutoTests" name="[93] /home/travis/build/icyphy/ptII/ptolemy/actor/lib/test/auto/ConstantPublisherPort7.xml (RunModel)" time="0.029" />
  <testcase classname="ptolemy.util.test.junit.AutoTests" name="[94] /home/travis/build/icyphy/ptII/ptolemy/actor/lib/test/auto/ConstraintMonitor1.xml (RunModel)" time="0.034" />
  <testcase classname="ptolemy.util.test.junit.AutoTests" name="[95] /home/travis/build/icyphy/ptII/ptolemy/actor/lib/test/auto/ConstraintMonitor2.xml (RunModel)" time="0.012" />
  <testcase classname="ptolemy.util.test.junit.AutoTests" name="[96] /home/travis/build/icyphy/ptII/ptolemy/actor/lib/test/auto/ConstraintMonitor3.xml (RunModel)" time="0.012" />
  <testcase classname="ptolemy.util.test.junit.AutoTests" name="[97] /home/travis/build/icyphy/ptII/ptolemy/actor/lib/test/auto/ConstraintMonitor4.xml (RunModel)" time="0.011" />
  <testcase classname="ptolemy.util.test.junit.AutoTests" name="[98] /home/travis/build/icyphy/ptII/ptolemy/actor/lib/test/auto/ConstraintMonitor5.xml (RunModel)" time="0.008" />
  <testcase classname="ptolemy.util.test.junit.AutoTests" name="[99] /home/travis/build/icyphy/ptII/ptolemy/actor/lib/test/auto/ConstraintMonitor6.xml (RunModel)" time="0.016" />
  <testcase classname="ptolemy.util.test.junit.AutoTests" name="[100] /home/travis/build/icyphy/ptII/ptolemy/actor/lib/test/auto/ConstraintMonitor7.xml (RunModel)" time="0.02" />
  <testcase classname="ptolemy.util.test.junit.AutoTests" name="[101] /home/travis/build/icyphy/ptII/ptolemy/actor/lib/test/auto/ConstraintMonitor8.xml (RunModel)" time="0.02" />
  <testcase classname="ptolemy.util.test.junit.AutoTests" name="[102] /home/travis/build/icyphy/ptII/ptolemy/actor/lib/test/auto/Counter.xml (RunModel)" time="0.012" />
  <testcase classname="ptolemy.util.test.junit.AutoTests" name="[103] /home/travis/build/icyphy/ptII/ptolemy/actor/lib/test/auto/CurrentTimeSDF.xml (RunModel)" time="0.008" />
  <testcase classname="ptolemy.util.test.junit.AutoTests" name="[104] /home/travis/build/icyphy/ptII/ptolemy/actor/lib/test/auto/DB.xml (RunModel)" time="0.011" />
  <testcase classname="ptolemy.util.test.junit.AutoTests" name="[105] /home/travis/build/icyphy/ptII/ptolemy/actor/lib/test/auto/DBDE.xml (RunModel)" time="0.01" />
  <testcase classname="ptolemy.util.test.junit.AutoTests" name="[106] /home/travis/build/icyphy/ptII/ptolemy/actor/lib/test/auto/DateConstructor.xml (RunModel)" time="0.064" />
  <testcase classname="ptolemy.util.test.junit.AutoTests" name="[107] /home/travis/build/icyphy/ptII/ptolemy/actor/lib/test/auto/DelayTime.xml (RunModel)" time="0.016" />
  <testcase classname="ptolemy.util.test.junit.AutoTests" name="[108] /home/travis/build/icyphy/ptII/ptolemy/actor/lib/test/auto/Dictionary1.xml (RunModel)" time="0.021" />
  <testcase classname="ptolemy.util.test.junit.AutoTests" name="[109] /home/travis/build/icyphy/ptII/ptolemy/actor/lib/test/auto/Dictionary2.xml (RunModel)" time="0.015" />
  <testcase classname="ptolemy.util.test.junit.AutoTests" name="[110] /home/travis/build/icyphy/ptII/ptolemy/actor/lib/test/auto/Dictionary3.xml (RunModel)" time="0.011" />
  <testcase classname="ptolemy.util.test.junit.AutoTests" name="[111] /home/travis/build/icyphy/ptII/ptolemy/actor/lib/test/auto/Dictionary4.xml (RunModel)" time="0.015" />
  <testcase classname="ptolemy.util.test.junit.AutoTests" name="[112] /home/travis/build/icyphy/ptII/ptolemy/actor/lib/test/auto/Differential.xml (RunModel)" time="0.01" />
  <testcase classname="ptolemy.util.test.junit.AutoTests" name="[113] /home/travis/build/icyphy/ptII/ptolemy/actor/lib/test/auto/Director.xml (RunModel)" time="0.01" />
  <testcase classname="ptolemy.util.test.junit.AutoTests" name="[114] /home/travis/build/icyphy/ptII/ptolemy/actor/lib/test/auto/DiscreteClock.xml (RunModel)" time="0.006" />
  <testcase classname="ptolemy.util.test.junit.AutoTests" name="[115] /home/travis/build/icyphy/ptII/ptolemy/actor/lib/test/auto/DiscreteClock10.xml (RunModel)" time="0.011" />
  <testcase classname="ptolemy.util.test.junit.AutoTests" name="[116] /home/travis/build/icyphy/ptII/ptolemy/actor/lib/test/auto/DiscreteClock11.xml (RunModel)" time="0.009" />
  <testcase classname="ptolemy.util.test.junit.AutoTests" name="[117] /home/travis/build/icyphy/ptII/ptolemy/actor/lib/test/auto/DiscreteClock12.xml (RunModel)" time="0.011" />
  <testcase classname="ptolemy.util.test.junit.AutoTests" name="[118] /home/travis/build/icyphy/ptII/ptolemy/actor/lib/test/auto/DiscreteClock13.xml (RunModel)" time="0.012" />
  <testcase classname="ptolemy.util.test.junit.AutoTests" name="[119] /home/travis/build/icyphy/ptII/ptolemy/actor/lib/test/auto/DiscreteClock14.xml (RunModel)" time="0.011" />
  <testcase classname="ptolemy.util.test.junit.AutoTests" name="[120] /home/travis/build/icyphy/ptII/ptolemy/actor/lib/test/auto/DiscreteClock15.xml (RunModel)" time="0.011" />
  <testcase classname="ptolemy.util.test.junit.AutoTests" name="[121] /home/travis/build/icyphy/ptII/ptolemy/actor/lib/test/auto/DiscreteClock16.xml (RunModel)" time="0.035" />
  <testcase classname="ptolemy.util.test.junit.AutoTests" name="[122] /home/travis/build/icyphy/ptII/ptolemy/actor/lib/test/auto/DiscreteClock17.xml (RunModel)" time="0.035" />
  <testcase classname="ptolemy.util.test.junit.AutoTests" name="[123] /home/travis/build/icyphy/ptII/ptolemy/actor/lib/test/auto/DiscreteClock18.xml (RunModel)" time="0.038" />
  <testcase classname="ptolemy.util.test.junit.AutoTests" name="[124] /home/travis/build/icyphy/ptII/ptolemy/actor/lib/test/auto/DiscreteClock19.xml (RunModel)" time="0.043" />
  <testcase classname="ptolemy.util.test.junit.AutoTests" name="[125] /home/travis/build/icyphy/ptII/ptolemy/actor/lib/test/auto/DiscreteClock2.xml (RunModel)" time="0.009" />
  <testcase classname="ptolemy.util.test.junit.AutoTests" name="[126] /home/travis/build/icyphy/ptII/ptolemy/actor/lib/test/auto/DiscreteClock20.xml (RunModel)" time="0.021" />
  <testcase classname="ptolemy.util.test.junit.AutoTests" name="[127] /home/travis/build/icyphy/ptII/ptolemy/actor/lib/test/auto/DiscreteClock21.xml (RunModel)" time="0.017" />
  <testcase classname="ptolemy.util.test.junit.AutoTests" name="[128] /home/travis/build/icyphy/ptII/ptolemy/actor/lib/test/auto/DiscreteClock22.xml (RunModel)" time="0.012" />
  <testcase classname="ptolemy.util.test.junit.AutoTests" name="[129] /home/travis/build/icyphy/ptII/ptolemy/actor/lib/test/auto/DiscreteClock23.xml (RunModel)" time="0.017" />
  <testcase classname="ptolemy.util.test.junit.AutoTests" name="[130] /home/travis/build/icyphy/ptII/ptolemy/actor/lib/test/auto/DiscreteClock24.xml (RunModel)" time="0.011" />
  <testcase classname="ptolemy.util.test.junit.AutoTests" name="[131] /home/travis/build/icyphy/ptII/ptolemy/actor/lib/test/auto/DiscreteClock4.xml (RunModel)" time="0.011" />
  <testcase classname="ptolemy.util.test.junit.AutoTests" name="[132] /home/travis/build/icyphy/ptII/ptolemy/actor/lib/test/auto/DiscreteClock5.xml (RunModel)" time="0.009" />
  <testcase classname="ptolemy.util.test.junit.AutoTests" name="[133] /home/travis/build/icyphy/ptII/ptolemy/actor/lib/test/auto/DiscreteClock6.xml (RunModel)" time="0.007" />
  <testcase classname="ptolemy.util.test.junit.AutoTests" name="[134] /home/travis/build/icyphy/ptII/ptolemy/actor/lib/test/auto/DiscreteClock7.xml (RunModel)" time="0.009" />
  <testcase classname="ptolemy.util.test.junit.AutoTests" name="[135] /home/travis/build/icyphy/ptII/ptolemy/actor/lib/test/auto/DiscreteClock8.xml (RunModel)" time="0.01" />
  <testcase classname="ptolemy.util.test.junit.AutoTests" name="[136] /home/travis/build/icyphy/ptII/ptolemy/actor/lib/test/auto/DiscreteClock9.xml (RunModel)" time="0.011" />
  <testcase classname="ptolemy.util.test.junit.AutoTests" name="[137] /home/travis/build/icyphy/ptII/ptolemy/actor/lib/test/auto/DisplayArray.xml (RunModel)" time="0.006" />
  <testcase classname="ptolemy.util.test.junit.AutoTests" name="[138] /home/travis/build/icyphy/ptII/ptolemy/actor/lib/test/auto/Distributor.xml (RunModel)" time="0.008" />
  <testcase classname="ptolemy.util.test.junit.AutoTests" name="[139] /home/travis/build/icyphy/ptII/ptolemy/actor/lib/test/auto/Distributor2.xml (RunModel)" time="0.008" />
  <testcase classname="ptolemy.util.test.junit.AutoTests" name="[140] /home/travis/build/icyphy/ptII/ptolemy/actor/lib/test/auto/DownSample.xml (RunModel)" time="0.031" />
  <testcase classname="ptolemy.util.test.junit.AutoTests" name="[141] /home/travis/build/icyphy/ptII/ptolemy/actor/lib/test/auto/ElectronicUnitBase1.xml (RunModel)" time="0.066" />
  <testcase classname="ptolemy.util.test.junit.AutoTests" name="[142] /home/travis/build/icyphy/ptII/ptolemy/actor/lib/test/auto/ElementsToArray.xml (RunModel)" time="0.01" />
  <testcase classname="ptolemy.util.test.junit.AutoTests" name="[143] /home/travis/build/icyphy/ptII/ptolemy/actor/lib/test/auto/Equals.xml (RunModel)" time="0.012" />
  <testcase classname="ptolemy.util.test.junit.AutoTests" name="[144] /home/travis/build/icyphy/ptII/ptolemy/actor/lib/test/auto/Exec.xml (RunModel)" time="0.025" />
  <testcase classname="ptolemy.util.test.junit.AutoTests" name="[145] /home/travis/build/icyphy/ptII/ptolemy/actor/lib/test/auto/ExecEnvironment.xml (RunModel)" time="0.037" />
  <testcase classname="ptolemy.util.test.junit.AutoTests" name="[146] /home/travis/build/icyphy/ptII/ptolemy/actor/lib/test/auto/ExecNonZeroReturnOutput.xml (RunModel)" time="0.172" />
  <testcase classname="ptolemy.util.test.junit.AutoTests" name="[147] /home/travis/build/icyphy/ptII/ptolemy/actor/lib/test/auto/ExecRunDemos.xml (RunModel)" time="10.019" />
  <testcase classname="ptolemy.util.test.junit.AutoTests" name="[148] /home/travis/build/icyphy/ptII/ptolemy/actor/lib/test/auto/ExecStop.xml (RunModel)" time="5.028" />
  <testcase classname="ptolemy.util.test.junit.AutoTests" name="[149] /home/travis/build/icyphy/ptII/ptolemy/actor/lib/test/auto/ExecutionTimeSDF.xml (RunModel)" time="6.034" />
  <testcase classname="ptolemy.util.test.junit.AutoTests" name="[150] /home/travis/build/icyphy/ptII/ptolemy/actor/lib/test/auto/Expression1.xml (RunModel)" time="0.014" />
  <testcase classname="ptolemy.util.test.junit.AutoTests" name="[151] /home/travis/build/icyphy/ptII/ptolemy/actor/lib/test/auto/Expression10.xml (RunModel)" time="0.017" />
  <testcase classname="ptolemy.util.test.junit.AutoTests" name="[152] /home/travis/build/icyphy/ptII/ptolemy/actor/lib/test/auto/Expression11.xml (RunModel)" time="0.014" />
  <testcase classname="ptolemy.util.test.junit.AutoTests" name="[153] /home/travis/build/icyphy/ptII/ptolemy/actor/lib/test/auto/Expression12.xml (RunModel)" time="0.012" />
  <testcase classname="ptolemy.util.test.junit.AutoTests" name="[154] /home/travis/build/icyphy/ptII/ptolemy/actor/lib/test/auto/Expression13.xml (RunModel)" time="0.01" />
  <testcase classname="ptolemy.util.test.junit.AutoTests" name="[155] /home/travis/build/icyphy/ptII/ptolemy/actor/lib/test/auto/Expression14.xml (RunModel)" time="0.016" />
  <testcase classname="ptolemy.util.test.junit.AutoTests" name="[156] /home/travis/build/icyphy/ptII/ptolemy/actor/lib/test/auto/Expression15.xml (RunModel)" time="0.006" />
  <testcase classname="ptolemy.util.test.junit.AutoTests" name="[157] /home/travis/build/icyphy/ptII/ptolemy/actor/lib/test/auto/Expression16.xml (RunModel)" time="0.011" />
  <testcase classname="ptolemy.util.test.junit.AutoTests" name="[158] /home/travis/build/icyphy/ptII/ptolemy/actor/lib/test/auto/Expression17.xml (RunModel)" time="0.008" />
  <testcase classname="ptolemy.util.test.junit.AutoTests" name="[159] /home/travis/build/icyphy/ptII/ptolemy/actor/lib/test/auto/Expression18.xml (RunModel)" time="0.011" />
  <testcase classname="ptolemy.util.test.junit.AutoTests" name="[160] /home/travis/build/icyphy/ptII/ptolemy/actor/lib/test/auto/Expression2.xml (RunModel)" time="0.012" />
  <testcase classname="ptolemy.util.test.junit.AutoTests" name="[161] /home/travis/build/icyphy/ptII/ptolemy/actor/lib/test/auto/Expression3.xml (RunModel)" time="0.011" />
  <testcase classname="ptolemy.util.test.junit.AutoTests" name="[162] /home/travis/build/icyphy/ptII/ptolemy/actor/lib/test/auto/Expression4.xml (RunModel)" time="0.014" />
  <testcase classname="ptolemy.util.test.junit.AutoTests" name="[163] /home/travis/build/icyphy/ptII/ptolemy/actor/lib/test/auto/Expression5.xml (RunModel)" time="0.012" />
  <testcase classname="ptolemy.util.test.junit.AutoTests" name="[164] /home/travis/build/icyphy/ptII/ptolemy/actor/lib/test/auto/Expression6.xml (RunModel)" time="0.008" />
  <testcase classname="ptolemy.util.test.junit.AutoTests" name="[165] /home/travis/build/icyphy/ptII/ptolemy/actor/lib/test/auto/Expression7.xml (RunModel)" time="0.009" />
  <testcase classname="ptolemy.util.test.junit.AutoTests" name="[166] /home/travis/build/icyphy/ptII/ptolemy/actor/lib/test/auto/Expression8.xml (RunModel)" time="0.012" />
  <testcase classname="ptolemy.util.test.junit.AutoTests" name="[167] /home/travis/build/icyphy/ptII/ptolemy/actor/lib/test/auto/Expression9.xml (RunModel)" time="0.006" />
  <testcase classname="ptolemy.util.test.junit.AutoTests" name="[168] /home/travis/build/icyphy/ptII/ptolemy/actor/lib/test/auto/ExpressionConcatenateArrayType.xml (RunModel)" time="0.025" />
  <testcase classname="ptolemy.util.test.junit.AutoTests" name="[169] /home/travis/build/icyphy/ptII/ptolemy/actor/lib/test/auto/ExpressionConcatenateArrayType2.xml (RunModel)" time="0.02" />
  <testcase classname="ptolemy.util.test.junit.AutoTests" name="[170] /home/travis/build/icyphy/ptII/ptolemy/actor/lib/test/auto/ExpressionFix.xml (RunModel)" time="0.042" />
  <testcase classname="ptolemy.util.test.junit.AutoTests" name="[171] /home/travis/build/icyphy/ptII/ptolemy/actor/lib/test/auto/ExpressionFix2.xml (RunModel)" time="0.01" />
  <testcase classname="ptolemy.util.test.junit.AutoTests" name="[172] /home/travis/build/icyphy/ptII/ptolemy/actor/lib/test/auto/ExpressionFix3.xml (RunModel)" time="0.01" />
  <testcase classname="ptolemy.util.test.junit.AutoTests" name="[173] /home/travis/build/icyphy/ptII/ptolemy/actor/lib/test/auto/FileWriter1.xml (RunModel)" time="0.014" />
  <testcase classname="ptolemy.util.test.junit.AutoTests" name="[174] /home/travis/build/icyphy/ptII/ptolemy/actor/lib/test/auto/FileWriter2.xml (RunModel)" time="0.013" />
  <testcase classname="ptolemy.util.test.junit.AutoTests" name="[175] /home/travis/build/icyphy/ptII/ptolemy/actor/lib/test/auto/FileWriter3.xml (RunModel)" time="0.01" />
  <testcase classname="ptolemy.util.test.junit.AutoTests" name="[176] /home/travis/build/icyphy/ptII/ptolemy/actor/lib/test/auto/Gaussian.xml (RunModel)" time="0.013" />
  <testcase classname="ptolemy.util.test.junit.AutoTests" name="[177] /home/travis/build/icyphy/ptII/ptolemy/actor/lib/test/auto/Gaussian1.xml (RunModel)" time="0.019" />
  <testcase classname="ptolemy.util.test.junit.AutoTests" name="[178] /home/travis/build/icyphy/ptII/ptolemy/actor/lib/test/auto/Gaussian2.xml (RunModel)" time="0.015" />
  <testcase classname="ptolemy.util.test.junit.AutoTests" name="[179] /home/travis/build/icyphy/ptII/ptolemy/actor/lib/test/auto/GradientAdaptiveLattice.xml (RunModel)" time="0.013" />
  <testcase classname="ptolemy.util.test.junit.AutoTests" name="[180] /home/travis/build/icyphy/ptII/ptolemy/actor/lib/test/auto/IIR.xml (RunModel)" time="0.009" />
  <testcase classname="ptolemy.util.test.junit.AutoTests" name="[181] /home/travis/build/icyphy/ptII/ptolemy/actor/lib/test/auto/InputOutputTransparentPorts.xml (RunModel)" time="0.016" />
  <testcase classname="ptolemy.util.test.junit.AutoTests" name="[182] /home/travis/build/icyphy/ptII/ptolemy/actor/lib/test/auto/Interpolator.xml (RunModel)" time="0.011" />
  <testcase classname="ptolemy.util.test.junit.AutoTests" name="[183] /home/travis/build/icyphy/ptII/ptolemy/actor/lib/test/auto/InterpolatorFiringLimitDE.xml (RunModel)" time="0.012" />
  <testcase classname="ptolemy.util.test.junit.AutoTests" name="[184] /home/travis/build/icyphy/ptII/ptolemy/actor/lib/test/auto/Lattice.xml (RunModel)" time="0.009" />
  <testcase classname="ptolemy.util.test.junit.AutoTests" name="[185] /home/travis/build/icyphy/ptII/ptolemy/actor/lib/test/auto/LazyAOCTestLazy.xml (RunModel)" time="0.041" />
  <testcase classname="ptolemy.util.test.junit.AutoTests" name="[186] /home/travis/build/icyphy/ptII/ptolemy/actor/lib/test/auto/LazyAOCTestNonLazy.xml (RunModel)" time="0.014" />
  <testcase classname="ptolemy.util.test.junit.AutoTests" name="[187] /home/travis/build/icyphy/ptII/ptolemy/actor/lib/test/auto/LazyInnerClass.xml (RunModel)" time="0.016" />
  <testcase classname="ptolemy.util.test.junit.AutoTests" name="[188] /home/travis/build/icyphy/ptII/ptolemy/actor/lib/test/auto/LazyPubSub.xml (RunModel)" time="0.031" />
  <testcase classname="ptolemy.util.test.junit.AutoTests" name="[189] /home/travis/build/icyphy/ptII/ptolemy/actor/lib/test/auto/LazyPubSub2.xml (RunModel)" time="0.025" />
  <testcase classname="ptolemy.util.test.junit.AutoTests" name="[190] /home/travis/build/icyphy/ptII/ptolemy/actor/lib/test/auto/LazyPubSub3.xml (RunModel)" time="0.023" />
  <testcase classname="ptolemy.util.test.junit.AutoTests" name="[191] /home/travis/build/icyphy/ptII/ptolemy/actor/lib/test/auto/LazySubClassModel.xml (RunModel)" time="0.018" />
  <testcase classname="ptolemy.util.test.junit.AutoTests" name="[192] /home/travis/build/icyphy/ptII/ptolemy/actor/lib/test/auto/LevelCrossTest1.xml (RunModel)" time="0.01" />
  <testcase classname="ptolemy.util.test.junit.AutoTests" name="[193] /home/travis/build/icyphy/ptII/ptolemy/actor/lib/test/auto/LevelCrossTest10.xml (RunModel)" time="0.013" />
  <testcase classname="ptolemy.util.test.junit.AutoTests" name="[194] /home/travis/build/icyphy/ptII/ptolemy/actor/lib/test/auto/LevelCrossTest11.xml (RunModel)" time="0.012" />
  <testcase classname="ptolemy.util.test.junit.AutoTests" name="[195] /home/travis/build/icyphy/ptII/ptolemy/actor/lib/test/auto/LevelCrossTest12.xml (RunModel)" time="0.012" />
  <testcase classname="ptolemy.util.test.junit.AutoTests" name="[196] /home/travis/build/icyphy/ptII/ptolemy/actor/lib/test/auto/LevelCrossTest13.xml (RunModel)" time="0.012" />
  <testcase classname="ptolemy.util.test.junit.AutoTests" name="[197] /home/travis/build/icyphy/ptII/ptolemy/actor/lib/test/auto/LevelCrossTest2.xml (RunModel)" time="0.01" />
  <testcase classname="ptolemy.util.test.junit.AutoTests" name="[198] /home/travis/build/icyphy/ptII/ptolemy/actor/lib/test/auto/LevelCrossTest3.xml (RunModel)" time="0.013" />
  <testcase classname="ptolemy.util.test.junit.AutoTests" name="[199] /home/travis/build/icyphy/ptII/ptolemy/actor/lib/test/auto/LevelCrossTest4.xml (RunModel)" time="0.008" />
  <testcase classname="ptolemy.util.test.junit.AutoTests" name="[200] /home/travis/build/icyphy/ptII/ptolemy/actor/lib/test/auto/LevelCrossTest5.xml (RunModel)" time="0.01" />
  <testcase classname="ptolemy.util.test.junit.AutoTests" name="[201] /home/travis/build/icyphy/ptII/ptolemy/actor/lib/test/auto/LevelCrossTest6.xml (RunModel)" time="0.009" />
  <testcase classname="ptolemy.util.test.junit.AutoTests" name="[202] /home/travis/build/icyphy/ptII/ptolemy/actor/lib/test/auto/LevelCrossTest7.xml (RunModel)" time="0.011" />
  <testcase classname="ptolemy.util.test.junit.AutoTests" name="[203] /home/travis/build/icyphy/ptII/ptolemy/actor/lib/test/auto/LevelCrossTest8.xml (RunModel)" time="0.023" />
  <testcase classname="ptolemy.util.test.junit.AutoTests" name="[204] /home/travis/build/icyphy/ptII/ptolemy/actor/lib/test/auto/LevelCrossTest9.xml (RunModel)" time="0.01" />
  <testcase classname="ptolemy.util.test.junit.AutoTests" name="[205] /home/travis/build/icyphy/ptII/ptolemy/actor/lib/test/auto/LevinsonDurbin.xml (RunModel)" time="0.017" />
  <testcase classname="ptolemy.util.test.junit.AutoTests" name="[206] /home/travis/build/icyphy/ptII/ptolemy/actor/lib/test/auto/LevinsonDurbin2.xml (RunModel)" time="0.009" />
  <testcase classname="ptolemy.util.test.junit.AutoTests" name="[207] /home/travis/build/icyphy/ptII/ptolemy/actor/lib/test/auto/LevinsonDurbin3.xml (RunModel)" time="0.008" />
  <testcase classname="ptolemy.util.test.junit.AutoTests" name="[208] /home/travis/build/icyphy/ptII/ptolemy/actor/lib/test/auto/Limiter.xml (RunModel)" time="0.035" />
  <testcase classname="ptolemy.util.test.junit.AutoTests" name="[209] /home/travis/build/icyphy/ptII/ptolemy/actor/lib/test/auto/LinearDifferenceEquationSystem.xml (RunModel)" time="0.027" />
  <testcase classname="ptolemy.util.test.junit.AutoTests" name="[210] /home/travis/build/icyphy/ptII/ptolemy/actor/lib/test/auto/LookupTable.xml (RunModel)" time="0.015" />
  <testcase classname="ptolemy.util.test.junit.AutoTests" name="[211] /home/travis/build/icyphy/ptII/ptolemy/actor/lib/test/auto/MathFunction.xml (RunModel)" time="0.017" />
  <testcase classname="ptolemy.util.test.junit.AutoTests" name="[212] /home/travis/build/icyphy/ptII/ptolemy/actor/lib/test/auto/MathFunction2.xml (RunModel)" time="0.007" />
  <testcase classname="ptolemy.util.test.junit.AutoTests" name="[213] /home/travis/build/icyphy/ptII/ptolemy/actor/lib/test/auto/MathFunction3.xml (RunModel)" time="0.013" />
  <testcase classname="ptolemy.util.test.junit.AutoTests" name="[214] /home/travis/build/icyphy/ptII/ptolemy/actor/lib/test/auto/MatrixCropBoolean.xml (RunModel)" time="0.008" />
  <testcase classname="ptolemy.util.test.junit.AutoTests" name="[215] /home/travis/build/icyphy/ptII/ptolemy/actor/lib/test/auto/MatrixCropComplex.xml (RunModel)" time="0.007" />
  <testcase classname="ptolemy.util.test.junit.AutoTests" name="[216] /home/travis/build/icyphy/ptII/ptolemy/actor/lib/test/auto/MatrixCropDouble.xml (RunModel)" time="0.007" />
  <testcase classname="ptolemy.util.test.junit.AutoTests" name="[217] /home/travis/build/icyphy/ptII/ptolemy/actor/lib/test/auto/MatrixCropFix.xml (RunModel)" time="0.011" />
  <testcase classname="ptolemy.util.test.junit.AutoTests" name="[218] /home/travis/build/icyphy/ptII/ptolemy/actor/lib/test/auto/MatrixCropInt.xml (RunModel)" time="0.014" />
  <testcase classname="ptolemy.util.test.junit.AutoTests" name="[219] /home/travis/build/icyphy/ptII/ptolemy/actor/lib/test/auto/MatrixCropLong.xml (RunModel)" time="0.007" />
  <testcase classname="ptolemy.util.test.junit.AutoTests" name="[220] /home/travis/build/icyphy/ptII/ptolemy/actor/lib/test/auto/MatrixToArray.xml (RunModel)" time="0.046" />
  <testcase classname="ptolemy.util.test.junit.AutoTests" name="[221] /home/travis/build/icyphy/ptII/ptolemy/actor/lib/test/auto/MaxIndex.xml (RunModel)" time="0.016" />
  <testcase classname="ptolemy.util.test.junit.AutoTests" name="[222] /home/travis/build/icyphy/ptII/ptolemy/actor/lib/test/auto/Maximum.xml (RunModel)" time="0.018" />
  <testcase classname="ptolemy.util.test.junit.AutoTests" name="[223] /home/travis/build/icyphy/ptII/ptolemy/actor/lib/test/auto/MaximumComplex.xml (RunModel)" time="0.017" />
  <testcase classname="ptolemy.util.test.junit.AutoTests" name="[224] /home/travis/build/icyphy/ptII/ptolemy/actor/lib/test/auto/MethodCallTest.xml (RunModel)" time="0.022" />
  <testcase classname="ptolemy.util.test.junit.AutoTests" name="[225] /home/travis/build/icyphy/ptII/ptolemy/actor/lib/test/auto/Minimum.xml (RunModel)" time="0.01" />
  <testcase classname="ptolemy.util.test.junit.AutoTests" name="[226] /home/travis/build/icyphy/ptII/ptolemy/actor/lib/test/auto/MinimumComplex.xml (RunModel)" time="0.01" />
  <testcase classname="ptolemy.util.test.junit.AutoTests" name="[227] /home/travis/build/icyphy/ptII/ptolemy/actor/lib/test/auto/MinimumMultiports.xml (RunModel)" time="0.014" />
  <testcase classname="ptolemy.util.test.junit.AutoTests" name="[228] /home/travis/build/icyphy/ptII/ptolemy/actor/lib/test/auto/ModifyDate.xml (RunModel)" time="0.035" />
  <testcase classname="ptolemy.util.test.junit.AutoTests" name="[229] /home/travis/build/icyphy/ptII/ptolemy/actor/lib/test/auto/ModifyDate2.xml (RunModel)" time="0.025" />
  <testcase classname="ptolemy.util.test.junit.AutoTests" name="[230] /home/travis/build/icyphy/ptII/ptolemy/actor/lib/test/auto/MovingAverage.xml (RunModel)" time="0.009" />
  <testcase classname="ptolemy.util.test.junit.AutoTests" name="[231] /home/travis/build/icyphy/ptII/ptolemy/actor/lib/test/auto/MovingMaximum.xml (RunModel)" time="0.009" />
  <testcase classname="ptolemy.util.test.junit.AutoTests" name="[232] /home/travis/build/icyphy/ptII/ptolemy/actor/lib/test/auto/MultipleLinksToSameRelation.xml (RunModel)" time="0.008" />
  <testcase classname="ptolemy.util.test.junit.AutoTests" name="[233] /home/travis/build/icyphy/ptII/ptolemy/actor/lib/test/auto/MultipleLinksToSameRelationDE.xml (RunModel)" time="0.023" />
  <testcase classname="ptolemy.util.test.junit.AutoTests" name="[234] /home/travis/build/icyphy/ptII/ptolemy/actor/lib/test/auto/Multiplexor.xml (RunModel)" time="0.01" />
  <testcase classname="ptolemy.util.test.junit.AutoTests" name="[235] /home/travis/build/icyphy/ptII/ptolemy/actor/lib/test/auto/Multiplexor1.xml (RunModel)" time="0.01" />
  <testcase classname="ptolemy.util.test.junit.AutoTests" name="[236] /home/travis/build/icyphy/ptII/ptolemy/actor/lib/test/auto/Multiplexor2.xml (RunModel)" time="0.01" />
  <testcase classname="ptolemy.util.test.junit.AutoTests" name="[237] /home/travis/build/icyphy/ptII/ptolemy/actor/lib/test/auto/Multiplexor3.xml (RunModel)" time="0.008" />
  <testcase classname="ptolemy.util.test.junit.AutoTests" name="[238] /home/travis/build/icyphy/ptII/ptolemy/actor/lib/test/auto/MultiplexorDE.xml (RunModel)" time="0.012" />
  <testcase classname="ptolemy.util.test.junit.AutoTests" name="[239] /home/travis/build/icyphy/ptII/ptolemy/actor/lib/test/auto/MultiportBroadcastTest.xml (RunModel)" time="0.074" />
  <testcase classname="ptolemy.util.test.junit.AutoTests" name="[240] /home/travis/build/icyphy/ptII/ptolemy/actor/lib/test/auto/MultiportOutHangDuringGetWidth.xml (RunModel)" time="0.023" />
  <testcase classname="ptolemy.util.test.junit.AutoTests" name="[241] /home/travis/build/icyphy/ptII/ptolemy/actor/lib/test/auto/NilToken.xml (RunModel)" time="0.006" />
  <testcase classname="ptolemy.util.test.junit.AutoTests" name="[242] /home/travis/build/icyphy/ptII/ptolemy/actor/lib/test/auto/NilTokenNonStrictTest.xml (RunModel)" time="0.007" />
  <testcase classname="ptolemy.util.test.junit.AutoTests" name="[243] /home/travis/build/icyphy/ptII/ptolemy/actor/lib/test/auto/NilTokenRecord.xml (RunModel)" time="0.017" />
  <testcase classname="ptolemy.util.test.junit.AutoTests" name="[244] /home/travis/build/icyphy/ptII/ptolemy/actor/lib/test/auto/NilTokenTypeTest.xml (RunModel)" time="0.023" />
  <testcase classname="ptolemy.util.test.junit.AutoTests" name="[245] /home/travis/build/icyphy/ptII/ptolemy/actor/lib/test/auto/ObjectToken1.xml (RunModel)" time="0.006" />
  <testcase classname="ptolemy.util.test.junit.AutoTests" name="[246] /home/travis/build/icyphy/ptII/ptolemy/actor/lib/test/auto/OrderedMerge.xml (RunModel)" time="0.016" />
  <testcase classname="ptolemy.util.test.junit.AutoTests" name="[247] /home/travis/build/icyphy/ptII/ptolemy/actor/lib/test/auto/OrderedRecordDisassembler.xml (RunModel)" time="0.015" />
  <testcase classname="ptolemy.util.test.junit.AutoTests" name="[248] /home/travis/build/icyphy/ptII/ptolemy/actor/lib/test/auto/OrderedRecordDisassembler2.xml (RunModel)" time="0.015" />
  <testcase classname="ptolemy.util.test.junit.AutoTests" name="[249] /home/travis/build/icyphy/ptII/ptolemy/actor/lib/test/auto/OrderedRecordUpdater.xml (RunModel)" time="0.008" />
  <testcase classname="ptolemy.util.test.junit.AutoTests" name="[250] /home/travis/build/icyphy/ptII/ptolemy/actor/lib/test/auto/OrderedRecordUpdater2.xml (RunModel)" time="0.014" />
  <testcase classname="ptolemy.util.test.junit.AutoTests" name="[251] /home/travis/build/icyphy/ptII/ptolemy/actor/lib/test/auto/PhaseUnwrap.xml (RunModel)" time="0.011" />
  <testcase classname="ptolemy.util.test.junit.AutoTests" name="[252] /home/travis/build/icyphy/ptII/ptolemy/actor/lib/test/auto/PoissonClock.xml (RunModel)" time="0.01" />
  <testcase classname="ptolemy.util.test.junit.AutoTests" name="[253] /home/travis/build/icyphy/ptII/ptolemy/actor/lib/test/auto/PoissonClock2.xml (RunModel)" time="0.006" />
  <testcase classname="ptolemy.util.test.junit.AutoTests" name="[254] /home/travis/build/icyphy/ptII/ptolemy/actor/lib/test/auto/PoissonClock3.xml (RunModel)" time="0.021" />
  <testcase classname="ptolemy.util.test.junit.AutoTests" name="[255] /home/travis/build/icyphy/ptII/ptolemy/actor/lib/test/auto/PubSubWithInitialTokens.xml (RunModel)" time="0.014" />
  <testcase classname="ptolemy.util.test.junit.AutoTests" name="[256] /home/travis/build/icyphy/ptII/ptolemy/actor/lib/test/auto/PubSubWithInitialTokens2.xml (RunModel)" time="0.009" />
  <testcase classname="ptolemy.util.test.junit.AutoTests" name="[257] /home/travis/build/icyphy/ptII/ptolemy/actor/lib/test/auto/PublisherClassNoParameter.xml (RunModel)" time="0.021" />
  <testcase classname="ptolemy.util.test.junit.AutoTests" name="[258] /home/travis/build/icyphy/ptII/ptolemy/actor/lib/test/auto/PublisherClassParameter.xml (RunModel)" time="0.019" />
  <testcase classname="ptolemy.util.test.junit.AutoTests" name="[259] /home/travis/build/icyphy/ptII/ptolemy/actor/lib/test/auto/PublisherNonStrictTest.xml (RunModel)" time="0.013" />
  <testcase classname="ptolemy.util.test.junit.AutoTests" name="[260] /home/travis/build/icyphy/ptII/ptolemy/actor/lib/test/auto/PublisherPort1.xml (RunModel)" time="0.019" />
  <testcase classname="ptolemy.util.test.junit.AutoTests" name="[261] /home/travis/build/icyphy/ptII/ptolemy/actor/lib/test/auto/PublisherPort2.xml (RunModel)" time="0.007" />
  <testcase classname="ptolemy.util.test.junit.AutoTests" name="[262] /home/travis/build/icyphy/ptII/ptolemy/actor/lib/test/auto/PublisherPort3.xml (RunModel)" time="0.01" />
  <testcase classname="ptolemy.util.test.junit.AutoTests" name="[263] /home/travis/build/icyphy/ptII/ptolemy/actor/lib/test/auto/PublisherPort4.xml (RunModel)" time="0.017" />
  <testcase classname="ptolemy.util.test.junit.AutoTests" name="[264] /home/travis/build/icyphy/ptII/ptolemy/actor/lib/test/auto/PublisherPort5.xml (RunModel)" time="0.014" />
  <testcase classname="ptolemy.util.test.junit.AutoTests" name="[265] /home/travis/build/icyphy/ptII/ptolemy/actor/lib/test/auto/PublisherPort5LookAlike.xml (RunModel)" time="0.016" />
  <testcase classname="ptolemy.util.test.junit.AutoTests" name="[266] /home/travis/build/icyphy/ptII/ptolemy/actor/lib/test/auto/PublisherPort6.xml (RunModel)" time="0.013" />
  <testcase classname="ptolemy.util.test.junit.AutoTests" name="[267] /home/travis/build/icyphy/ptII/ptolemy/actor/lib/test/auto/PublisherPort7.xml (RunModel)" time="0.013" />
  <testcase classname="ptolemy.util.test.junit.AutoTests" name="[268] /home/travis/build/icyphy/ptII/ptolemy/actor/lib/test/auto/PublisherPort8.xml (RunModel)" time="0.02" />
  <testcase classname="ptolemy.util.test.junit.AutoTests" name="[269] /home/travis/build/icyphy/ptII/ptolemy/actor/lib/test/auto/PublisherPortSubscriberChannelVariablesAOC2.xml (RunModel)" time="0.029" />
  <testcase classname="ptolemy.util.test.junit.AutoTests" name="[270] /home/travis/build/icyphy/ptII/ptolemy/actor/lib/test/auto/PublisherPortSubscriberOpaqueWidthInference.xml (RunModel)" time="0.013" />
  <testcase classname="ptolemy.util.test.junit.AutoTests" name="[271] /home/travis/build/icyphy/ptII/ptolemy/actor/lib/test/auto/PublisherPortSubscriberPortAdjacent.xml (RunModel)" time="0.015" />
  <testcase classname="ptolemy.util.test.junit.AutoTests" name="[272] /home/travis/build/icyphy/ptII/ptolemy/actor/lib/test/auto/PublisherPortSubscriberPortExpression.xml (RunModel)" time="0.018" />
  <testcase classname="ptolemy.util.test.junit.AutoTests" name="[273] /home/travis/build/icyphy/ptII/ptolemy/actor/lib/test/auto/PublisherPortSubscriberPortOpaqueD3Reverse.xml (RunModel)" time="0.018" />
  <testcase classname="ptolemy.util.test.junit.AutoTests" name="[274] /home/travis/build/icyphy/ptII/ptolemy/actor/lib/test/auto/PublisherPortSubscriberPortOpaqueWidthInference.xml (RunModel)" time="0.012" />
  <testcase classname="ptolemy.util.test.junit.AutoTests" name="[275] /home/travis/build/icyphy/ptII/ptolemy/actor/lib/test/auto/PublisherPortToplevelSubscriberPortAOC.xml (RunModel)" time="0.009" />
  <testcase classname="ptolemy.util.test.junit.AutoTests" name="[276] /home/travis/build/icyphy/ptII/ptolemy/actor/lib/test/auto/PublisherSubscriber.xml (RunModel)" time="0.011" />
  <testcase classname="ptolemy.util.test.junit.AutoTests" name="[277] /home/travis/build/icyphy/ptII/ptolemy/actor/lib/test/auto/PublisherSubscriber10.xml (RunModel)" time="0.018" />
  <testcase classname="ptolemy.util.test.junit.AutoTests" name="[278] /home/travis/build/icyphy/ptII/ptolemy/actor/lib/test/auto/PublisherSubscriber10InitialOutputs.xml (RunModel)" time="0.026" />
  <testcase classname="ptolemy.util.test.junit.AutoTests" name="[279] /home/travis/build/icyphy/ptII/ptolemy/actor/lib/test/auto/PublisherSubscriber11.xml (RunModel)" time="0.016" />
  <testcase classname="ptolemy.util.test.junit.AutoTests" name="[280] /home/travis/build/icyphy/ptII/ptolemy/actor/lib/test/auto/PublisherSubscriber12.xml (RunModel)" time="0.017" />
  <testcase classname="ptolemy.util.test.junit.AutoTests" name="[281] /home/travis/build/icyphy/ptII/ptolemy/actor/lib/test/auto/PublisherSubscriber13.xml (RunModel)" time="0.008" />
  <testcase classname="ptolemy.util.test.junit.AutoTests" name="[282] /home/travis/build/icyphy/ptII/ptolemy/actor/lib/test/auto/PublisherSubscriber14.xml (RunModel)" time="0.015" />
  <testcase classname="ptolemy.util.test.junit.AutoTests" name="[283] /home/travis/build/icyphy/ptII/ptolemy/actor/lib/test/auto/PublisherSubscriber2.xml (RunModel)" time="0.008" />
  <testcase classname="ptolemy.util.test.junit.AutoTests" name="[284] /home/travis/build/icyphy/ptII/ptolemy/actor/lib/test/auto/PublisherSubscriber3.xml (RunModel)" time="0.007" />
  <testcase classname="ptolemy.util.test.junit.AutoTests" name="[285] /home/travis/build/icyphy/ptII/ptolemy/actor/lib/test/auto/PublisherSubscriber4.xml (RunModel)" time="0.007" />
  <testcase classname="ptolemy.util.test.junit.AutoTests" name="[286] /home/travis/build/icyphy/ptII/ptolemy/actor/lib/test/auto/PublisherSubscriber5.xml (RunModel)" time="0.01" />
  <testcase classname="ptolemy.util.test.junit.AutoTests" name="[287] /home/travis/build/icyphy/ptII/ptolemy/actor/lib/test/auto/PublisherSubscriber6.xml (RunModel)" time="0.033" />
  <testcase classname="ptolemy.util.test.junit.AutoTests" name="[288] /home/travis/build/icyphy/ptII/ptolemy/actor/lib/test/auto/PublisherSubscriber7.xml (RunModel)" time="0.018" />
  <testcase classname="ptolemy.util.test.junit.AutoTests" name="[289] /home/travis/build/icyphy/ptII/ptolemy/actor/lib/test/auto/PublisherSubscriber8.xml (RunModel)" time="0.024" />
  <testcase classname="ptolemy.util.test.junit.AutoTests" name="[290] /home/travis/build/icyphy/ptII/ptolemy/actor/lib/test/auto/PublisherSubscriber9.xml (RunModel)" time="0.017" />
  <testcase classname="ptolemy.util.test.junit.AutoTests" name="[291] /home/travis/build/icyphy/ptII/ptolemy/actor/lib/test/auto/PublisherSubscriberAdjacent.xml (RunModel)" time="0.013" />
  <testcase classname="ptolemy.util.test.junit.AutoTests" name="[292] /home/travis/build/icyphy/ptII/ptolemy/actor/lib/test/auto/PublisherSubscriberChannelVariablesAOC2.xml (RunModel)" time="0.026" />
  <testcase classname="ptolemy.util.test.junit.AutoTests" name="[293] /home/travis/build/icyphy/ptII/ptolemy/actor/lib/test/auto/PublisherSubscriberD3.xml (RunModel)" time="0.011" />
  <testcase classname="ptolemy.util.test.junit.AutoTests" name="[294] /home/travis/build/icyphy/ptII/ptolemy/actor/lib/test/auto/PublisherSubscriberD3Reverse.xml (RunModel)" time="0.009" />
  <testcase classname="ptolemy.util.test.junit.AutoTests" name="[295] /home/travis/build/icyphy/ptII/ptolemy/actor/lib/test/auto/PublisherSubscriberExpression.xml (RunModel)" time="0.016" />
  <testcase classname="ptolemy.util.test.junit.AutoTests" name="[296] /home/travis/build/icyphy/ptII/ptolemy/actor/lib/test/auto/PublisherSubscriberOpaque.xml (RunModel)" time="0.012" />
  <testcase classname="ptolemy.util.test.junit.AutoTests" name="[297] /home/travis/build/icyphy/ptII/ptolemy/actor/lib/test/auto/PublisherSubscriberOpaqueD3.xml (RunModel)" time="0.017" />
  <testcase classname="ptolemy.util.test.junit.AutoTests" name="[298] /home/travis/build/icyphy/ptII/ptolemy/actor/lib/test/auto/PublisherSubscriberOpaqueD3Reverse.xml (RunModel)" time="0.017" />
  <testcase classname="ptolemy.util.test.junit.AutoTests" name="[299] /home/travis/build/icyphy/ptII/ptolemy/actor/lib/test/auto/PublisherSubscriberOpaqueWidthInference.xml (RunModel)" time="0.016" />
  <testcase classname="ptolemy.util.test.junit.AutoTests" name="[300] /home/travis/build/icyphy/ptII/ptolemy/actor/lib/test/auto/PublisherTestSubscriber.xml (RunModel)" time="0.012" />
  <testcase classname="ptolemy.util.test.junit.AutoTests" name="[301] /home/travis/build/icyphy/ptII/ptolemy/actor/lib/test/auto/PublisherToplevelSubscriberPortAOC.xml (RunModel)" time="0.009" />
  <testcase classname="ptolemy.util.test.junit.AutoTests" name="[302] /home/travis/build/icyphy/ptII/ptolemy/actor/lib/test/auto/PulseFiringLimitDE.xml (RunModel)" time="0.013" />
  <testcase classname="ptolemy.util.test.junit.AutoTests" name="[303] /home/travis/build/icyphy/ptII/ptolemy/actor/lib/test/auto/Ramp1.xml (RunModel)" time="0.006" />
  <testcase classname="ptolemy.util.test.junit.AutoTests" name="[304] /home/travis/build/icyphy/ptII/ptolemy/actor/lib/test/auto/RampFiringLimitDE.xml (RunModel)" time="0.008" />
  <testcase classname="ptolemy.util.test.junit.AutoTests" name="[305] /home/travis/build/icyphy/ptII/ptolemy/actor/lib/test/auto/RampFiringLimitSDF.xml (RunModel)" time="0.008" />
  <testcase classname="ptolemy.util.test.junit.AutoTests" name="[306] /home/travis/build/icyphy/ptII/ptolemy/actor/lib/test/auto/RandomInteger.xml (RunModel)" time="0.007" />
  <testcase classname="ptolemy.util.test.junit.AutoTests" name="[307] /home/travis/build/icyphy/ptII/ptolemy/actor/lib/test/auto/ReadFile1.xml (RunModel)" time="0.006" />
  <testcase classname="ptolemy.util.test.junit.AutoTests" name="[308] /home/travis/build/icyphy/ptII/ptolemy/actor/lib/test/auto/ReadFile2.xml (RunModel)" time="0.005" />
  <testcase classname="ptolemy.util.test.junit.AutoTests" name="[309] /home/travis/build/icyphy/ptII/ptolemy/actor/lib/test/auto/Reader.xml (RunModel)" time="0.01" />
  <testcase classname="ptolemy.util.test.junit.AutoTests" name="[310] /home/travis/build/icyphy/ptII/ptolemy/actor/lib/test/auto/RecordAssemblerDisplayNameTest.xml (RunModel)" time="3.486" />
  <testcase classname="ptolemy.util.test.junit.AutoTests" name="[311] /home/travis/build/icyphy/ptII/ptolemy/actor/lib/test/auto/RecordAssemblerTypeError.xml (RunModel)" time="0.036" />
  <testcase classname="ptolemy.util.test.junit.AutoTests" name="[312] /home/travis/build/icyphy/ptII/ptolemy/actor/lib/test/auto/RecordDisassember.xml (RunModel)" time="0.011" />
  <testcase classname="ptolemy.util.test.junit.AutoTests" name="[313] /home/travis/build/icyphy/ptII/ptolemy/actor/lib/test/auto/RecordDisassemberDisplayNameTest.xml (RunModel)" time="0.018" />
  <testcase classname="ptolemy.util.test.junit.AutoTests" name="[314] /home/travis/build/icyphy/ptII/ptolemy/actor/lib/test/auto/RecordDisassembler.xml (RunModel)" time="0.01" />
  <testcase classname="ptolemy.util.test.junit.AutoTests" name="[315] /home/travis/build/icyphy/ptII/ptolemy/actor/lib/test/auto/RecordDisassembler2.xml (RunModel)" time="0.01" />
  <testcase classname="ptolemy.util.test.junit.AutoTests" name="[316] /home/travis/build/icyphy/ptII/ptolemy/actor/lib/test/auto/RecordUpdater.xml (RunModel)" time="0.008" />
  <testcase classname="ptolemy.util.test.junit.AutoTests" name="[317] /home/travis/build/icyphy/ptII/ptolemy/actor/lib/test/auto/RecordUpdater2.xml (RunModel)" time="0.008" />
  <testcase classname="ptolemy.util.test.junit.AutoTests" name="[318] /home/travis/build/icyphy/ptII/ptolemy/actor/lib/test/auto/RecursiveLattice.xml (RunModel)" time="0.007" />
  <testcase classname="ptolemy.util.test.junit.AutoTests" name="[319] /home/travis/build/icyphy/ptII/ptolemy/actor/lib/test/auto/Router.xml (RunModel)" time="3.022" />
  <testcase classname="ptolemy.util.test.junit.AutoTests" name="[320] /home/travis/build/icyphy/ptII/ptolemy/actor/lib/test/auto/Router2.xml (RunModel)" time="3.029" />
  <testcase classname="ptolemy.util.test.junit.AutoTests" name="[321] /home/travis/build/icyphy/ptII/ptolemy/actor/lib/test/auto/RunningMaximum.xml (RunModel)" time="0.019" />
  <testcase classname="ptolemy.util.test.junit.AutoTests" name="[322] /home/travis/build/icyphy/ptII/ptolemy/actor/lib/test/auto/RunningMinimum.xml (RunModel)" time="0.016" />
  <testcase classname="ptolemy.util.test.junit.AutoTests" name="[323] /home/travis/build/icyphy/ptII/ptolemy/actor/lib/test/auto/Scale.xml (RunModel)" time="0.006" />
  <testcase classname="ptolemy.util.test.junit.AutoTests" name="[324] /home/travis/build/icyphy/ptII/ptolemy/actor/lib/test/auto/Scale2.xml (RunModel)" time="0.007" />
  <testcase classname="ptolemy.util.test.junit.AutoTests" name="[325] /home/travis/build/icyphy/ptII/ptolemy/actor/lib/test/auto/Scale3.xml (RunModel)" time="0.011" />
  <testcase classname="ptolemy.util.test.junit.AutoTests" name="[326] /home/travis/build/icyphy/ptII/ptolemy/actor/lib/test/auto/ScaleArray.xml (RunModel)" time="0.005" />
  <testcase classname="ptolemy.util.test.junit.AutoTests" name="[327] /home/travis/build/icyphy/ptII/ptolemy/actor/lib/test/auto/ScaleArray2.xml (RunModel)" time="0.007" />
  <testcase classname="ptolemy.util.test.junit.AutoTests" name="[328] /home/travis/build/icyphy/ptII/ptolemy/actor/lib/test/auto/ScaleMatrix.xml (RunModel)" time="0.15" />
  <testcase classname="ptolemy.util.test.junit.AutoTests" name="[329] /home/travis/build/icyphy/ptII/ptolemy/actor/lib/test/auto/Select.xml (RunModel)" time="0.012" />
  <testcase classname="ptolemy.util.test.junit.AutoTests" name="[330] /home/travis/build/icyphy/ptII/ptolemy/actor/lib/test/auto/Select2.xml (RunModel)" time="0.011" />
  <testcase classname="ptolemy.util.test.junit.AutoTests" name="[331] /home/travis/build/icyphy/ptII/ptolemy/actor/lib/test/auto/SequenceToArray2.xml (RunModel)" time="0.119" />
  <testcase classname="ptolemy.util.test.junit.AutoTests" name="[332] /home/travis/build/icyphy/ptII/ptolemy/actor/lib/test/auto/SequentialClock.xml (RunModel)" time="0.009" />
  <testcase classname="ptolemy.util.test.junit.AutoTests" name="[333] /home/travis/build/icyphy/ptII/ptolemy/actor/lib/test/auto/SetVariable.xml (RunModel)" time="0.008" />
  <testcase classname="ptolemy.util.test.junit.AutoTests" name="[334] /home/travis/build/icyphy/ptII/ptolemy/actor/lib/test/auto/SetVariable2.xml (RunModel)" time="0.007" />
  <testcase classname="ptolemy.util.test.junit.AutoTests" name="[335] /home/travis/build/icyphy/ptII/ptolemy/actor/lib/test/auto/SetVariable3.xml (RunModel)" time="0.012" />
  <testcase classname="ptolemy.util.test.junit.AutoTests" name="[336] /home/travis/build/icyphy/ptII/ptolemy/actor/lib/test/auto/SetVariable4.xml (RunModel)" time="0.023" />
  <testcase classname="ptolemy.util.test.junit.AutoTests" name="[337] /home/travis/build/icyphy/ptII/ptolemy/actor/lib/test/auto/SetVariable5.xml (RunModel)" time="0.031" />
  <testcase classname="ptolemy.util.test.junit.AutoTests" name="[338] /home/travis/build/icyphy/ptII/ptolemy/actor/lib/test/auto/Sinewave.xml (RunModel)" time="0.02" />
  <testcase classname="ptolemy.util.test.junit.AutoTests" name="[339] /home/travis/build/icyphy/ptII/ptolemy/actor/lib/test/auto/Sinewave2.xml (RunModel)" time="0.017" />
  <testcase classname="ptolemy.util.test.junit.AutoTests" name="[340] /home/travis/build/icyphy/ptII/ptolemy/actor/lib/test/auto/Sinewave3.xml (RunModel)" time="0.016" />
  <testcase classname="ptolemy.util.test.junit.AutoTests" name="[341] /home/travis/build/icyphy/ptII/ptolemy/actor/lib/test/auto/SingleEvent.xml (RunModel)" time="0.005" />
  <testcase classname="ptolemy.util.test.junit.AutoTests" name="[342] /home/travis/build/icyphy/ptII/ptolemy/actor/lib/test/auto/Sleep.xml (RunModel)" time="6.015" />
  <testcase classname="ptolemy.util.test.junit.AutoTests" name="[343] /home/travis/build/icyphy/ptII/ptolemy/actor/lib/test/auto/SleepMultipleFire.xml (RunModel)" time="1.015" />
  <testcase classname="ptolemy.util.test.junit.AutoTests" name="[344] /home/travis/build/icyphy/ptII/ptolemy/actor/lib/test/auto/StopDE.xml (RunModel)" time="0.012" />
  <testcase classname="ptolemy.util.test.junit.AutoTests" name="[345] /home/travis/build/icyphy/ptII/ptolemy/actor/lib/test/auto/StopSDF.xml (RunModel)" time="0.008" />
  <testcase classname="ptolemy.util.test.junit.AutoTests" name="[346] /home/travis/build/icyphy/ptII/ptolemy/actor/lib/test/auto/StringConstant.xml (RunModel)" time="0.013" />
  <testcase classname="ptolemy.util.test.junit.AutoTests" name="[347] /home/travis/build/icyphy/ptII/ptolemy/actor/lib/test/auto/SubscriberPortInitialValues1.xml (RunModel)" time="0.019" />
  <testcase classname="ptolemy.util.test.junit.AutoTests" name="[348] /home/travis/build/icyphy/ptII/ptolemy/actor/lib/test/auto/SubscriberPortInitialValues13.xml (RunModel)" time="0.023" />
  <testcase classname="ptolemy.util.test.junit.AutoTests" name="[349] /home/travis/build/icyphy/ptII/ptolemy/actor/lib/test/auto/SubscriberPortInitialValues14.xml (RunModel)" time="0.012" />
  <testcase classname="ptolemy.util.test.junit.AutoTests" name="[350] /home/travis/build/icyphy/ptII/ptolemy/actor/lib/test/auto/SubscriberPortInitialValues2.xml (RunModel)" time="0.012" />
  <testcase classname="ptolemy.util.test.junit.AutoTests" name="[351] /home/travis/build/icyphy/ptII/ptolemy/actor/lib/test/auto/SubscriberPortInitialValues3.xml (RunModel)" time="0.016" />
  <testcase classname="ptolemy.util.test.junit.AutoTests" name="[352] /home/travis/build/icyphy/ptII/ptolemy/actor/lib/test/auto/SubscriptionAggregator.xml (RunModel)" time="0.02" />
  <testcase classname="ptolemy.util.test.junit.AutoTests" name="[353] /home/travis/build/icyphy/ptII/ptolemy/actor/lib/test/auto/SubscriptionAggregator2.xml (RunModel)" time="0.011" />
  <testcase classname="ptolemy.util.test.junit.AutoTests" name="[354] /home/travis/build/icyphy/ptII/ptolemy/actor/lib/test/auto/SubscriptionAggregator3.xml (RunModel)" time="0.013" />
  <testcase classname="ptolemy.util.test.junit.AutoTests" name="[355] /home/travis/build/icyphy/ptII/ptolemy/actor/lib/test/auto/SubscriptionAggregatorMultiply.xml (RunModel)" time="0.019" />
  <testcase classname="ptolemy.util.test.junit.AutoTests" name="[356] /home/travis/build/icyphy/ptII/ptolemy/actor/lib/test/auto/SubscriptionAggregatorPortMultiply1.xml (RunModel)" time="0.011" />
  <testcase classname="ptolemy.util.test.junit.AutoTests" name="[357] /home/travis/build/icyphy/ptII/ptolemy/actor/lib/test/auto/Switch.xml (RunModel)" time="0.013" />
  <testcase classname="ptolemy.util.test.junit.AutoTests" name="[358] /home/travis/build/icyphy/ptII/ptolemy/actor/lib/test/auto/Switch2.xml (RunModel)" time="0.008" />
  <testcase classname="ptolemy.util.test.junit.AutoTests" name="[359] /home/travis/build/icyphy/ptII/ptolemy/actor/lib/test/auto/SwitchDE.xml (RunModel)" time="0.011" />
  <testcase classname="ptolemy.util.test.junit.AutoTests" name="[360] /home/travis/build/icyphy/ptII/ptolemy/actor/lib/test/auto/SynchronizerDE.xml (RunModel)" time="0.02" />
  <testcase classname="ptolemy.util.test.junit.AutoTests" name="[361] /home/travis/build/icyphy/ptII/ptolemy/actor/lib/test/auto/Test.xml (RunModel)" time="0.014" />
  <testcase classname="ptolemy.util.test.junit.AutoTests" name="[362] /home/travis/build/icyphy/ptII/ptolemy/actor/lib/test/auto/TestExceptionAttribute1.xml (RunModel)" time="0.005" />
  <testcase classname="ptolemy.util.test.junit.AutoTests" name="[363] /home/travis/build/icyphy/ptII/ptolemy/actor/lib/test/auto/TestExceptionAttribute2.xml (RunModel)" time="0.006" />
  <testcase classname="ptolemy.util.test.junit.AutoTests" name="[364] /home/travis/build/icyphy/ptII/ptolemy/actor/lib/test/auto/TestExceptionAttribute3.xml (RunModel)" time="0.007" />
  <testcase classname="ptolemy.util.test.junit.AutoTests" name="[365] /home/travis/build/icyphy/ptII/ptolemy/actor/lib/test/auto/TestExceptionAttribute4.xml (RunModel)" time="0.005" />
  <testcase classname="ptolemy.util.test.junit.AutoTests" name="[366] /home/travis/build/icyphy/ptII/ptolemy/actor/lib/test/auto/TestExceptionHandler1.xml (RunModel)" time="0.005" />
  <testcase classname="ptolemy.util.test.junit.AutoTests" name="[367] /home/travis/build/icyphy/ptII/ptolemy/actor/lib/test/auto/TestExceptionHandler2.xml (RunModel)" time="0.005" />
  <testcase classname="ptolemy.util.test.junit.AutoTests" name="[368] /home/travis/build/icyphy/ptII/ptolemy/actor/lib/test/auto/TestExceptionHandler3.xml (RunModel)" time="0.006" />
  <testcase classname="ptolemy.util.test.junit.AutoTests" name="[369] /home/travis/build/icyphy/ptII/ptolemy/actor/lib/test/auto/TestExceptionHandler4.xml (RunModel)" time="0.005" />
  <testcase classname="ptolemy.util.test.junit.AutoTests" name="[370] /home/travis/build/icyphy/ptII/ptolemy/actor/lib/test/auto/TestRequireCorrectOrder.xml (RunModel)" time="0.01" />
  <testcase classname="ptolemy.util.test.junit.AutoTests" name="[371] /home/travis/build/icyphy/ptII/ptolemy/actor/lib/test/auto/TestSimple.xml (RunModel)" time="0.005" />
  <testcase classname="ptolemy.util.test.junit.AutoTests" name="[372] /home/travis/build/icyphy/ptII/ptolemy/actor/lib/test/auto/ThrowModelError.xml (RunModel)" time="0.008" />
  <testcase classname="ptolemy.util.test.junit.AutoTests" name="[373] /home/travis/build/icyphy/ptII/ptolemy/actor/lib/test/auto/TimeDelayMicrosteps.xml (RunModel)" time="0.011" />
  <testcase classname="ptolemy.util.test.junit.AutoTests" name="[374] /home/travis/build/icyphy/ptII/ptolemy/actor/lib/test/auto/TimeDelayMicrosteps2.xml (RunModel)" time="0.013" />
  <testcase classname="ptolemy.util.test.junit.AutoTests" name="[375] /home/travis/build/icyphy/ptII/ptolemy/actor/lib/test/auto/TimeDelayMicrosteps3.xml (RunModel)" time="0.009" />
  <testcase classname="ptolemy.util.test.junit.AutoTests" name="[376] /home/travis/build/icyphy/ptII/ptolemy/actor/lib/test/auto/TimeDelayVariableMicrosteps.xml (RunModel)" time="0.009" />
  <testcase classname="ptolemy.util.test.junit.AutoTests" name="[377] /home/travis/build/icyphy/ptII/ptolemy/actor/lib/test/auto/TimeGap.xml (RunModel)" time="0.011" />
  <testcase classname="ptolemy.util.test.junit.AutoTests" name="[378] /home/travis/build/icyphy/ptII/ptolemy/actor/lib/test/auto/TimeGap2.xml (RunModel)" time="0.008" />
  <testcase classname="ptolemy.util.test.junit.AutoTests" name="[379] /home/travis/build/icyphy/ptII/ptolemy/actor/lib/test/auto/TimedSinewave.xml (RunModel)" time="0.045" />
  <testcase classname="ptolemy.util.test.junit.AutoTests" name="[380] /home/travis/build/icyphy/ptII/ptolemy/actor/lib/test/auto/TimedSinewavePhase.xml (RunModel)" time="0.034" />
  <testcase classname="ptolemy.util.test.junit.AutoTests" name="[381] /home/travis/build/icyphy/ptII/ptolemy/actor/lib/test/auto/Timer.xml (RunModel)" time="0.013" />
  <testcase classname="ptolemy.util.test.junit.AutoTests" name="[382] /home/travis/build/icyphy/ptII/ptolemy/actor/lib/test/auto/TriangularDistTestModel.xml (RunModel)" time="0.014" />
  <testcase classname="ptolemy.util.test.junit.AutoTests" name="[383] /home/travis/build/icyphy/ptII/ptolemy/actor/lib/test/auto/TrigFunction.xml (RunModel)" time="0.014" />
  <testcase classname="ptolemy.util.test.junit.AutoTests" name="[384] /home/travis/build/icyphy/ptII/ptolemy/actor/lib/test/auto/TrigFunctionDE.xml (RunModel)" time="0.008" />
  <testcase classname="ptolemy.util.test.junit.AutoTests" name="[385] /home/travis/build/icyphy/ptII/ptolemy/actor/lib/test/auto/TrigFunctionInverse.xml (RunModel)" time="0.007" />
  <testcase classname="ptolemy.util.test.junit.AutoTests" name="[386] /home/travis/build/icyphy/ptII/ptolemy/actor/lib/test/auto/TrigFunctionTan.xml (RunModel)" time="0.005" />
  <testcase classname="ptolemy.util.test.junit.AutoTests" name="[387] /home/travis/build/icyphy/ptII/ptolemy/actor/lib/test/auto/TriggeredClock.xml (RunModel)" time="0.006" />
  <testcase classname="ptolemy.util.test.junit.AutoTests" name="[388] /home/travis/build/icyphy/ptII/ptolemy/actor/lib/test/auto/URLDirectoryReader.xml (RunModel)" time="0.112" />
  <testcase classname="ptolemy.util.test.junit.AutoTests" name="[389] /home/travis/build/icyphy/ptII/ptolemy/actor/lib/test/auto/URLDirectoryReader3.xml (RunModel)" time="1.755" />
  <testcase classname="ptolemy.util.test.junit.AutoTests" name="[390] /home/travis/build/icyphy/ptII/ptolemy/actor/lib/test/auto/UnaryMathFunction.xml (RunModel)" time="0.039" />
  <testcase classname="ptolemy.util.test.junit.AutoTests" name="[391] /home/travis/build/icyphy/ptII/ptolemy/actor/lib/test/auto/Uniform.xml (RunModel)" time="0.01" />
  <testcase classname="ptolemy.util.test.junit.AutoTests" name="[392] /home/travis/build/icyphy/ptII/ptolemy/actor/lib/test/auto/UnionDisassemblerTest.xml (RunModel)" time="0.015" />
  <testcase classname="ptolemy.util.test.junit.AutoTests" name="[393] /home/travis/build/icyphy/ptII/ptolemy/actor/lib/test/auto/UtilityFunctions.xml (RunModel)" time="0.006" />
  <testcase classname="ptolemy.util.test.junit.AutoTests" name="[394] /home/travis/build/icyphy/ptII/ptolemy/actor/lib/test/auto/VariableSleep.xml (RunModel)" time="0.509" />
  <testcase classname="ptolemy.util.test.junit.AutoTests" name="[395] /home/travis/build/icyphy/ptII/ptolemy/actor/lib/test/auto/VectorAssemblerDisassemblerCT.xml (RunModel)" time="0.105" />
  <testcase classname="ptolemy.util.test.junit.AutoTests" name="[396] /home/travis/build/icyphy/ptII/ptolemy/actor/lib/test/auto/VectorAssemblerDisassemblerDE.xml (RunModel)" time="0.012" />
  <testcase classname="ptolemy.util.test.junit.AutoTests" name="[397] /home/travis/build/icyphy/ptII/ptolemy/actor/lib/test/auto/VectorAssemblerDisassemblerSDF.xml (RunModel)" time="0.011" />
  <testcase classname="ptolemy.util.test.junit.AutoTests" name="[398] /home/travis/build/icyphy/ptII/ptolemy/actor/lib/test/auto/WallClockTime.xml (RunModel)" time="1.011" />
  <testcase classname="ptolemy.util.test.junit.AutoTests" name="[399] /home/travis/build/icyphy/ptII/ptolemy/actor/lib/test/auto/WidthTestWithSubscriberPublisher.xml (RunModel)" time="0.035" />
  <testcase classname="ptolemy.util.test.junit.AutoTests" name="[400] /home/travis/build/icyphy/ptII/ptolemy/actor/lib/test/auto/WidthTestWithSubscriberPublisher2.xml (RunModel)" time="0.013" />
  <testcase classname="ptolemy.util.test.junit.AutoTests" name="[401] /home/travis/build/icyphy/ptII/ptolemy/actor/lib/test/auto/WidthTestWithSubscriberPublisher3.xml (RunModel)" time="0.009" />
  <testcase classname="ptolemy.util.test.junit.AutoTests" name="[402] /home/travis/build/icyphy/ptII/ptolemy/actor/lib/test/auto/Writer.xml (RunModel)" time="0.006" />
  <testcase classname="ptolemy.util.test.junit.AutoTests" name="[403] /home/travis/build/icyphy/ptII/ptolemy/actor/lib/test/auto/array.xml (RunModel)" time="0.008" />
  <testcase classname="ptolemy.util.test.junit.AutoTests" name="[404] /home/travis/build/icyphy/ptII/ptolemy/actor/lib/test/auto/array2.xml (RunModel)" time="0.025" />
  <testcase classname="ptolemy.util.test.junit.AutoTests" name="[405] /home/travis/build/icyphy/ptII/ptolemy/actor/lib/test/auto/arrayType.xml (RunModel)" time="0.011" />
  <testcase classname="ptolemy.util.test.junit.AutoTests" name="[406] /home/travis/build/icyphy/ptII/ptolemy/actor/lib/test/auto/arrayType10.xml (RunModel)" time="0.008" />
  <testcase classname="ptolemy.util.test.junit.AutoTests" name="[407] /home/travis/build/icyphy/ptII/ptolemy/actor/lib/test/auto/arrayType11.xml (RunModel)" time="0.01" />
  <testcase classname="ptolemy.util.test.junit.AutoTests" name="[408] /home/travis/build/icyphy/ptII/ptolemy/actor/lib/test/auto/arrayType12.xml (RunModel)" time="0.007" />
  <testcase classname="ptolemy.util.test.junit.AutoTests" name="[409] /home/travis/build/icyphy/ptII/ptolemy/actor/lib/test/auto/arrayType13.xml (RunModel)" time="0.007" />
  <testcase classname="ptolemy.util.test.junit.AutoTests" name="[410] /home/travis/build/icyphy/ptII/ptolemy/actor/lib/test/auto/arrayType14.xml (RunModel)" time="0.007" />
  <testcase classname="ptolemy.util.test.junit.AutoTests" name="[411] /home/travis/build/icyphy/ptII/ptolemy/actor/lib/test/auto/arrayType15.xml (RunModel)" time="0.008" />
  <testcase classname="ptolemy.util.test.junit.AutoTests" name="[412] /home/travis/build/icyphy/ptII/ptolemy/actor/lib/test/auto/arrayType16.xml (RunModel)" time="0.007" />
  <testcase classname="ptolemy.util.test.junit.AutoTests" name="[413] /home/travis/build/icyphy/ptII/ptolemy/actor/lib/test/auto/arrayType17.xml (RunModel)" time="0.008" />
  <testcase classname="ptolemy.util.test.junit.AutoTests" name="[414] /home/travis/build/icyphy/ptII/ptolemy/actor/lib/test/auto/arrayType18.xml (RunModel)" time="0.006" />
  <testcase classname="ptolemy.util.test.junit.AutoTests" name="[415] /home/travis/build/icyphy/ptII/ptolemy/actor/lib/test/auto/arrayType19.xml (RunModel)" time="0.006" />
  <testcase classname="ptolemy.util.test.junit.AutoTests" name="[416] /home/travis/build/icyphy/ptII/ptolemy/actor/lib/test/auto/arrayType2.xml (RunModel)" time="0.007" />
  <testcase classname="ptolemy.util.test.junit.AutoTests" name="[417] /home/travis/build/icyphy/ptII/ptolemy/actor/lib/test/auto/arrayType20.xml (RunModel)" time="0.03" />
  <testcase classname="ptolemy.util.test.junit.AutoTests" name="[418] /home/travis/build/icyphy/ptII/ptolemy/actor/lib/test/auto/arrayType21.xml (RunModel)" time="0.022" />
  <testcase classname="ptolemy.util.test.junit.AutoTests" name="[419] /home/travis/build/icyphy/ptII/ptolemy/actor/lib/test/auto/arrayType22.xml (RunModel)" time="0.028" />
  <testcase classname="ptolemy.util.test.junit.AutoTests" name="[420] /home/travis/build/icyphy/ptII/ptolemy/actor/lib/test/auto/arrayType23.xml (RunModel)" time="0.028" />
  <testcase classname="ptolemy.util.test.junit.AutoTests" name="[421] /home/travis/build/icyphy/ptII/ptolemy/actor/lib/test/auto/arrayType24.xml (RunModel)" time="0.044" />
  <testcase classname="ptolemy.util.test.junit.AutoTests" name="[422] /home/travis/build/icyphy/ptII/ptolemy/actor/lib/test/auto/arrayType25.xml (RunModel)" time="0.014" />
  <testcase classname="ptolemy.util.test.junit.AutoTests" name="[423] /home/travis/build/icyphy/ptII/ptolemy/actor/lib/test/auto/arrayType26.xml (RunModel)" time="0.025" />
  <testcase classname="ptolemy.util.test.junit.AutoTests" name="[424] /home/travis/build/icyphy/ptII/ptolemy/actor/lib/test/auto/arrayType27.xml (RunModel)" time="0.037" />
  <testcase classname="ptolemy.util.test.junit.AutoTests" name="[425] /home/travis/build/icyphy/ptII/ptolemy/actor/lib/test/auto/arrayType28.xml (RunModel)" time="0.014" />
  <testcase classname="ptolemy.util.test.junit.AutoTests" name="[426] /home/travis/build/icyphy/ptII/ptolemy/actor/lib/test/auto/arrayType3.xml (RunModel)" time="0.008" />
  <testcase classname="ptolemy.util.test.junit.AutoTests" name="[427] /home/travis/build/icyphy/ptII/ptolemy/actor/lib/test/auto/arrayType4.xml (RunModel)" time="0.007" />
  <testcase classname="ptolemy.util.test.junit.AutoTests" name="[428] /home/travis/build/icyphy/ptII/ptolemy/actor/lib/test/auto/arrayType5.xml (RunModel)" time="0.007" />
  <testcase classname="ptolemy.util.test.junit.AutoTests" name="[429] /home/travis/build/icyphy/ptII/ptolemy/actor/lib/test/auto/arrayType6.xml (RunModel)" time="0.007" />
  <testcase classname="ptolemy.util.test.junit.AutoTests" name="[430] /home/travis/build/icyphy/ptII/ptolemy/actor/lib/test/auto/arrayType7.xml (RunModel)" time="0.025" />
  <testcase classname="ptolemy.util.test.junit.AutoTests" name="[431] /home/travis/build/icyphy/ptII/ptolemy/actor/lib/test/auto/arrayType8.xml (RunModel)" time="0.009" />
  <testcase classname="ptolemy.util.test.junit.AutoTests" name="[432] /home/travis/build/icyphy/ptII/ptolemy/actor/lib/test/auto/arrayType9.xml (RunModel)" time="0.007" />
  <testcase classname="ptolemy.util.test.junit.AutoTests" name="[433] /home/travis/build/icyphy/ptII/ptolemy/actor/lib/test/auto/cast.xml (RunModel)" time="0.006" />
  <testcase classname="ptolemy.util.test.junit.AutoTests" name="[434] /home/travis/build/icyphy/ptII/ptolemy/actor/lib/test/auto/compositeMultiPort.xml (RunModel)" time="0.014" />
  <testcase classname="ptolemy.util.test.junit.AutoTests" name="[435] /home/travis/build/icyphy/ptII/ptolemy/actor/lib/test/auto/expressionCastInference.xml (RunModel)" time="0.006" />
  <testcase classname="ptolemy.util.test.junit.AutoTests" name="[436] /home/travis/build/icyphy/ptII/ptolemy/actor/lib/test/auto/expressionCastInference2.xml (RunModel)" time="0.006" />
  <testcase classname="ptolemy.util.test.junit.AutoTests" name="[437] /home/travis/build/icyphy/ptII/ptolemy/actor/lib/test/auto/expressionInference.xml (RunModel)" time="0.005" />
  <testcase classname="ptolemy.util.test.junit.AutoTests" name="[438] /home/travis/build/icyphy/ptII/ptolemy/actor/lib/test/auto/expression_bug.xml (RunModel)" time="0.005" />
  <testcase classname="ptolemy.util.test.junit.AutoTests" name="[439] /home/travis/build/icyphy/ptII/ptolemy/actor/lib/test/auto/factorial.xml (RunModel)" time="0.039" />
  <testcase classname="ptolemy.util.test.junit.AutoTests" name="[440] /home/travis/build/icyphy/ptII/ptolemy/actor/lib/test/auto/filterTest1.xml (RunModel)" time="0.01" />
  <testcase classname="ptolemy.util.test.junit.AutoTests" name="[441] /home/travis/build/icyphy/ptII/ptolemy/actor/lib/test/auto/funcApplyInConst.xml (RunModel)" time="0.004" />
  <testcase classname="ptolemy.util.test.junit.AutoTests" name="[442] /home/travis/build/icyphy/ptII/ptolemy/actor/lib/test/auto/funcApplyInExpr.xml (RunModel)" time="0.004" />
  <testcase classname="ptolemy.util.test.junit.AutoTests" name="[443] /home/travis/build/icyphy/ptII/ptolemy/actor/lib/test/auto/function.xml (RunModel)" time="0.011" />
  <testcase classname="ptolemy.util.test.junit.AutoTests" name="[444] /home/travis/build/icyphy/ptII/ptolemy/actor/lib/test/auto/function2.xml (RunModel)" time="0.006" />
  <testcase classname="ptolemy.util.test.junit.AutoTests" name="[445] /home/travis/build/icyphy/ptII/ptolemy/actor/lib/test/auto/function3.xml (RunModel)" time="0.006" />
  <testcase classname="ptolemy.util.test.junit.AutoTests" name="[446] /home/travis/build/icyphy/ptII/ptolemy/actor/lib/test/auto/functionClosureTest1.xml (RunModel)" time="0.007" />
  <testcase classname="ptolemy.util.test.junit.AutoTests" name="[447] /home/travis/build/icyphy/ptII/ptolemy/actor/lib/test/auto/functionClosureTest2.xml (RunModel)" time="0.005" />
  <testcase classname="ptolemy.util.test.junit.AutoTests" name="[448] /home/travis/build/icyphy/ptII/ptolemy/actor/lib/test/auto/functionClosureTest3.xml (RunModel)" time="0.006" />
  <testcase classname="ptolemy.util.test.junit.AutoTests" name="[449] /home/travis/build/icyphy/ptII/ptolemy/actor/lib/test/auto/functionClosureTest4.xml (RunModel)" time="0.012" />
  <testcase classname="ptolemy.util.test.junit.AutoTests" name="[450] /home/travis/build/icyphy/ptII/ptolemy/actor/lib/test/auto/functionClosureTest5.xml (RunModel)" time="0.01" />
  <testcase classname="ptolemy.util.test.junit.AutoTests" name="[451] /home/travis/build/icyphy/ptII/ptolemy/actor/lib/test/auto/functionClosureTest6.xml (RunModel)" time="0.006" />
  <testcase classname="ptolemy.util.test.junit.AutoTests" name="[452] /home/travis/build/icyphy/ptII/ptolemy/actor/lib/test/auto/functionsOnArcs.xml (RunModel)" time="0.008" />
  <testcase classname="ptolemy.util.test.junit.AutoTests" name="[453] /home/travis/build/icyphy/ptII/ptolemy/actor/lib/test/auto/functionsOnArcsHOF.xml (RunModel)" time="0.017" />
  <testcase classname="ptolemy.util.test.junit.AutoTests" name="[454] /home/travis/build/icyphy/ptII/ptolemy/actor/lib/test/auto/logic.xml (RunModel)" time="0.015" />
  <testcase classname="ptolemy.util.test.junit.AutoTests" name="[455] /home/travis/build/icyphy/ptII/ptolemy/actor/lib/test/auto/matrixType.xml (RunModel)" time="0.006" />
  <testcase classname="ptolemy.util.test.junit.AutoTests" name="[456] /home/travis/build/icyphy/ptII/ptolemy/actor/lib/test/auto/matrixType10.xml (RunModel)" time="0.008" />
  <testcase classname="ptolemy.util.test.junit.AutoTests" name="[457] /home/travis/build/icyphy/ptII/ptolemy/actor/lib/test/auto/matrixType11.xml (RunModel)" time="0.006" />
  <testcase classname="ptolemy.util.test.junit.AutoTests" name="[458] /home/travis/build/icyphy/ptII/ptolemy/actor/lib/test/auto/matrixType12.xml (RunModel)" time="0.008" />
  <testcase classname="ptolemy.util.test.junit.AutoTests" name="[459] /home/travis/build/icyphy/ptII/ptolemy/actor/lib/test/auto/matrixType13.xml (RunModel)" time="0.006" />
  <testcase classname="ptolemy.util.test.junit.AutoTests" name="[460] /home/travis/build/icyphy/ptII/ptolemy/actor/lib/test/auto/matrixType14.xml (RunModel)" time="0.008" />
  <testcase classname="ptolemy.util.test.junit.AutoTests" name="[461] /home/travis/build/icyphy/ptII/ptolemy/actor/lib/test/auto/matrixType2.xml (RunModel)" time="0.007" />
  <testcase classname="ptolemy.util.test.junit.AutoTests" name="[462] /home/travis/build/icyphy/ptII/ptolemy/actor/lib/test/auto/matrixType3.xml (RunModel)" time="0.008" />
  <testcase classname="ptolemy.util.test.junit.AutoTests" name="[463] /home/travis/build/icyphy/ptII/ptolemy/actor/lib/test/auto/matrixType4.xml (RunModel)" time="0.007" />
  <testcase classname="ptolemy.util.test.junit.AutoTests" name="[464] /home/travis/build/icyphy/ptII/ptolemy/actor/lib/test/auto/matrixType5.xml (RunModel)" time="0.006" />
  <testcase classname="ptolemy.util.test.junit.AutoTests" name="[465] /home/travis/build/icyphy/ptII/ptolemy/actor/lib/test/auto/matrixType6.xml (RunModel)" time="0.006" />
  <testcase classname="ptolemy.util.test.junit.AutoTests" name="[466] /home/travis/build/icyphy/ptII/ptolemy/actor/lib/test/auto/matrixType7.xml (RunModel)" time="0.007" />
  <testcase classname="ptolemy.util.test.junit.AutoTests" name="[467] /home/travis/build/icyphy/ptII/ptolemy/actor/lib/test/auto/matrixType8.xml (RunModel)" time="0.007" />
  <testcase classname="ptolemy.util.test.junit.AutoTests" name="[468] /home/travis/build/icyphy/ptII/ptolemy/actor/lib/test/auto/matrixType9.xml (RunModel)" time="0.006" />
  <testcase classname="ptolemy.util.test.junit.AutoTests" name="[469] /home/travis/build/icyphy/ptII/ptolemy/actor/lib/test/auto/paraFunctest.xml (RunModel)" time="0.005" />
  <testcase classname="ptolemy.util.test.junit.AutoTests" name="[470] /home/travis/build/icyphy/ptII/ptolemy/actor/lib/test/auto/paraFunctest2.xml (RunModel)" time="0.007" />
  <testcase classname="ptolemy.util.test.junit.AutoTests" name="[471] /home/travis/build/icyphy/ptII/ptolemy/actor/lib/test/auto/parameterPassing.xml (RunModel)" time="0.01" />
  <testcase classname="ptolemy.util.test.junit.AutoTests" name="[472] /home/travis/build/icyphy/ptII/ptolemy/actor/lib/test/auto/record.xml (RunModel)" time="0.007" />
  <testcase classname="ptolemy.util.test.junit.AutoTests" name="[473] /home/travis/build/icyphy/ptII/ptolemy/actor/lib/test/auto/sizedarray1.xml (RunModel)" time="0.007" />
  <testcase classname="ptolemy.util.test.junit.AutoTests" name="[474] /home/travis/build/icyphy/ptII/ptolemy/actor/lib/test/auto/sizedarray2.xml (RunModel)" time="0.007" />
  <testcase classname="ptolemy.util.test.junit.AutoTests" name="[475] /home/travis/build/icyphy/ptII/ptolemy/actor/lib/test/auto/twoPublishers.xml (RunModel)" time="0.021" />
  <system-out><![CDATA[/home/travis/build/icyphy/ptII/ptolemy/actor/lib/test/AbsoluteValue.tcl
testDefs.tcl: setting time out to 9000 seconds at Sun May 24 14:30:53 UTC 2020
84 ms. Memory: 129024K Free: 92598K (72%)
12 ms. Memory: 129024K Free: 90534K (70%)
9 ms. Memory: 129024K Free: 90053K (70%)
7 ms. Memory: 129024K Free: 89031K (69%)
/home/travis/build/icyphy/ptII/ptolemy/actor/lib/test/AddSubtract.tcl
15 ms. Memory: 129024K Free: 86983K (67%)
4 ms. Memory: 129024K Free: 86438K (67%)
9 ms. Memory: 129024K Free: 85445K (66%)
8 ms. Memory: 129024K Free: 84935K (66%)
39 ms. Memory: 129024K Free: 81863K (63%)
5 ms. Memory: 129024K Free: 80839K (63%)
/home/travis/build/icyphy/ptII/ptolemy/actor/lib/test/Average.tcl
6 ms. Memory: 129024K Free: 79301K (61%)
6 ms. Memory: 129024K Free: 78277K (61%)
/home/travis/build/icyphy/ptII/ptolemy/actor/lib/test/Bernoulli.tcl
3 ms. Memory: 129024K Free: 76743K (59%)
2 ms. Memory: 129024K Free: 76198K (59%)
/home/travis/build/icyphy/ptII/ptolemy/actor/lib/test/Clock.tcl
preinitializing
resolving types
initializing
executing number 1
wrapping up
idle
17 ms. Memory: 129024K Free: 73671K (57%)
Completed execution with 5 iterations
preinitializing
resolving types
initializing
executing number 1
wrapping up
idle
3 ms. Memory: 129024K Free: 72647K (56%)
Completed execution with 5 iterations
preinitializing
resolving types
initializing
executing number 1
wrapping up
idle
3 ms. Memory: 129024K Free: 72118K (56%)
Completed execution with 5 iterations
/home/travis/build/icyphy/ptII/ptolemy/actor/lib/test/Commutator.tcl
9 ms. Memory: 129024K Free: 70054K (54%)
17 ms. Memory: 129024K Free: 69030K (54%)
15 ms. Memory: 129024K Free: 63431K (49%)
/home/travis/build/icyphy/ptII/ptolemy/actor/lib/test/Const.tcl
11 ms. Memory: 129024K Free: 61878K (48%)
2 ms. Memory: 129024K Free: 61383K (48%)
2 ms. Memory: 129024K Free: 60854K (47%)
2 ms. Memory: 129024K Free: 60359K (47%)
13 ms. Memory: 129024K Free: 59845K (46%)
21 ms. Memory: 129024K Free: 57797K (45%)
12 ms. Memory: 129024K Free: 56758K (44%)
10 ms. Memory: 129024K Free: 56263K (44%)
/home/travis/build/icyphy/ptII/ptolemy/actor/lib/test/CurrentTime.tcl
preinitializing
resolving types
initializing
executing number 1
wrapping up
idle
14 ms. Memory: 129024K Free: 54215K (42%)
Completed execution with 11 iterations
/home/travis/build/icyphy/ptII/ptolemy/actor/lib/test/DB.tcl
4 ms. Memory: 129024K Free: 52662K (41%)
2 ms. Memory: 129024K Free: 52167K (40%)
1 ms. Memory: 129024K Free: 51653K (40%)
/home/travis/build/icyphy/ptII/ptolemy/actor/lib/test/DiscreteRandomSource.tcl
preinitializing
resolving types
initializing
executing number 1
wrapping up
idle
4 ms. Memory: 129024K Free: 50119K (39%)
Completed execution with 4 iterations
preinitializing
resolving types
initializing
executing number 1
wrapping up
idle
3 ms. Memory: 129024K Free: 49598K (38%)
Completed execution with 4 iterations
preinitializing
resolving types
initializing
executing number 1
wrapping up
idle
3 ms. Memory: 129024K Free: 49095K (38%)
Completed execution with 4 iterations
preinitializing
resolving types
initializing
executing number 1
wrapping up
idle
2 ms. Memory: 129024K Free: 48566K (38%)
Completed execution with 4 iterations
preinitializing
resolving types
initializing
executing number 1
wrapping up
idle
3 ms. Memory: 129024K Free: 48071K (37%)
Completed execution with 4 iterations
/home/travis/build/icyphy/ptII/ptolemy/actor/lib/test/Distributor.tcl
3 ms. Memory: 129024K Free: 113164K (88%)
4 ms. Memory: 129024K Free: 112586K (87%)
StreamChangeRequest.changeExecuted(): <deleteEntity name="rec2"/> succeeded
StreamChangeRequest.changeExecuted(): <deleteRelation name="r2"/> succeeded
StreamChangeRequest.changeExecuted(): Record firings per iteration succeeded
11 ms. Memory: 129024K Free: 109946K (85%)
/home/travis/build/icyphy/ptII/ptolemy/actor/lib/test/Exit.tcl
Exit.tcl: this will print a message about Manager.exitAfterWrapup, which can be ignored.
4 ms. Memory: 129024K Free: 106973K (83%)
/home/travis/build/icyphy/ptII/ptolemy/actor/lib/test/Expression.tcl
23 ms. Memory: 129024K Free: 103504K (80%)
7 ms. Memory: 129024K Free: 102894K (80%)
5 ms. Memory: 129024K Free: 102402K (79%)
preinitializing
resolving types
initializing
executing number 1
wrapping up
idle
12 ms. Memory: 129024K Free: 100876K (78%)
Completed execution with 6 iterations
8 ms. Memory: 129024K Free: 99852K (77%)
6 ms. Memory: 129024K Free: 99274K (77%)
4 ms. Memory: 129024K Free: 97774K (76%)
4 ms. Memory: 129024K Free: 96766K (75%)
7 ms. Memory: 129024K Free: 95282K (74%)
/home/travis/build/icyphy/ptII/ptolemy/actor/lib/test/Gaussian.tcl
4 ms. Memory: 129024K Free: 93686K (73%)
sleeping 1 seconds: ................................................................................................................................................................................................................................................................................................................................................................................................................................................................................................................................................................................................................................................................................................................................................................................................................................................................................................................................................................................................................................................................................................................................................................................................................................................................................................................................................................................................................................................................................................................................................................................................................................................................................................................................................................................................................................................................................................................................................................................................................................................................................................................................................................................................................................................................................................................................................................................................................................................................................................................................................................................................................................................................................................................................................................................................................................................................................................................................................................................................................................................................................................................................................................................................................................................................................................................................................................................................................................................................................................................................................................................................................................................................................................................................................................................................................................................................................................................................................................................................................................................................................................................................................................................................................................................................................................................................................................................................................................................................................................................................................................................................................................................................................................................................................................................................................................................................................................................................................................................................................................................................................................................................................................................................................................................................................................................................................................................................................................................................................................................................................................................................................................................................................................................................................................................................................................................................................................................................................................................................................................................................................................................................................................................................................................................................................................................................................................................................................................................................................................................................................................................................................................................................................................................................................................................................................................................................................................................................................................................................................................................................................................................................................................................................................................................................................................................................................................................................................................................................................................................................................................................................................................................................................................................................................................................................................................................................................................................................................................................................................................................................................................................................................................................................................................................................................................................................................................................................................................................................................................................................................................................................................................................................................................................................................................................................................................................................................................................................................................................................................................................................................................................................................................................................................................................................................................................................................................................................................................................................................................................................................................................................................................................................................................................................................................................................................................................................................................................................................................................................................................................................................................................................................................................................................................................................................................................................................................................................................................................................................................................................................................................................................................................................................................................................................................................................................................................................................................................................................................................................................................................................................................................................................................................................................................................................................................................................................................................................................................................................................................................................................................................................................................................................................................................................................................................................................................................................................................................................................................................................................................................................................................................................................................................................................................................................................................................................................................................................................................................................................................................................................................................................................................................................................................................................................................................................................................................................................................................................................................................................................................................................................................................................................................................................................................................................................................................................................................................................................................................................................................................................................................................................................................................................................................................................................................................................................................................................................................................................................................................................................................................................................................................................................................................................................................................................................................................................................................................................................................................................................................................................................................................................................................................................................................................................................................................................................................................................................................................................................................................................................................................................................................................................................................................................................................................................................................................................................................................................................................................................................................................................................................................................................................................................................................................................................................................................................................................................................................................................................................................................................................................................................................................................................................................................................................................................................................................................................................................................................................................................................................................................................................................................................................................................................................................................................................................................................................................................................................................................................................................................................................................................................................................................................................................................................................................................................................................................................................................................................................................................................................................................................................................................................................................................................................................................................................................................................................................................................................................................................................................................................................................................................................................................................................................................................................................................................................................................................................................................................................................................................................................................................................................................................................................................................................................................................................................................................................................................................................................................................................................................................................................................................................................................................................................................................................................................................................................................................................................................................................................................................................................................................................................................................................................................................................................................................................................................................................................................................................................................................................................................................................................................................................................................................................................................................................................................................................................................................................................................................................................................................................................................................................................................................................................................................................................................................................................................................................................................................................................................................................................................................................................................................................................................................................................................................................................................................................................................................................................................................................................................................................................................................................................................................................................................................................................................................................................................................................................................................................................................................................................................................................................................................................................................................................................................................................................................................................................................................................................................................................................................................................................................................................................................................................................................................................................................................................................................................................................................................................................................................................................................................................................................................................................................................................................................................................................................................................................................................................................................................................................................................................................................................................................................................................................................................................................................................................................................................................................................................................................................................................................................................................................................................................................................................................................................................................................................................................................................................................................................................................................................................................................................................................................................................................................................................................................................................................................................................................................................................................................................................................................................................................................................................................................................................................................................................................................................................................................................................................................................................................................................................................................................................................................................................................................................................................................................................................................................................................................................................................................................................................................................................................................................................................................................................................................................................................................................................................................................................................................................................................................................................................................................................................................................................................................................................................................................................................................................................................................................................................................................................................................................................................................................................................................................................................................................................................................................................................................................................................................................................................................................................................................................................................................................................................................................................................................................................................................................................................................................................................................................................................................................................................................................................................................................................................................................................................................................................................................................................................................................................................................................................................................................................................................................................................................................................................................................................................................................................................................................................................................................................................................................................................................................................................................................................................................................................................................................................................................................................................................................................................................................................................................................................................................................................................................................................................................................................................................................................................................................................................................................................................................................................................................................................................................................................................................................................................................................................................................................................................................................................................................................................................................................................................................................................................................................................................................................................................................................................................................................................................................................................................................................................................................................................................................................................................................................................................................................................................................................................................................................................................................................................................................................................................................................................................................................................................................................................................................................................................................................................................................................................................................................................................................................................................................................................................................................................................................................................................................................................................................................................................................................................................................................................................................................................................................................................................................................................................................................................................................................................................................................................................................................................................................................................................................................................................................................................................................................................................................................................................................................................................................................................................................................................................................................................................................................................................................................................................................................................................................................................................................................................................................................................................................................................................................................................................................................................................................................................................................................................................................................................................................................................................................................................................................................................................................................................................................................................................................................................................................................................................................................................................................................................................................................................................................................................................................................................................................................................................................................................................................................................................................................................................................................................................................................................................................................................................................................................................................................................................................................................................................................................................................................................................................................................................................................................................................................................................................................................................................................................................................................................................................................................................................................................................................................................................................................................................................................................................................................................................................................................................................................................................................................................................................................................................................................................................................................................................................................................................................................................................................................................................................................................................................................................................................................................................................................................................................................................................................................................................................................................................................................................................................................................................................................................................................................................................................................................................................................................................................................................................................................................................................................................................................................................................................................................................................................................................................................................................................................................................................................................................................................................................................................................................................................................................................................................................................................................................................................................................................................................................................................................................................................................................................................................................................................................................................................................................................................................................................................................................................................................................................................................................................................................................................................................................................................................................................................................................................................................................................................................................................................................................................................................................................................................................................................................................................................................................................................................................................................................................................................................................................................................................................................................................................................................................................................................................................................................................................................................................................................................................................................................................................................................................................................................................................................................................................................................................................................................................................................................................................................................................................................................................................................................................................................................................................................................................................................................................................................................................................................................................................................................................................................................................................................................................................................................................................................................................................................................................................................................................................................................................................................................................................................................................................................................................................................................................................................................................................................................................................................................................................................................................................................................................................................................................................................................................................................................................................................................................................................................................................................................................................................................................................................................................................................................................................................................................................................................................................................................................................................................................................................................................................................................................................................................................................................................................................................................................................................................................................................................................................................................................................................................................................................................................................................................................................................................................................................................................................................................................................................................................................................................................................................................................................................................................................................................................................................................................................................................................................................................................................................................................................................................................................................................................................................................................................................................................................................................................................................................................................................................................................................................................................................................................................................................................................................................................................................................................................................................................................................................................................................................................................................................................................................................................................................................................................................................................................................................................................................................................................................................................................................................................................................................................................................................................................................................................................................................................................................................................................................................................................................................................................................................................................................................................................................................................................................................................................................................................................................................................................................................................................................................................................................................................................................................................................................................................................................................................................................................................................................................................................................................................................................................................................................................................................................................................................................................................................................................................................................................................................................................................................................................................................................................................................................................................................................................................................................................................................................................................................................................................................................................................................................................................................................................................................................................................................................................................................................................................................................................................................................................................................................................................................................................................................................................................................................................................................................................................................................................................................................................................................................................................................................................................................................................................................................................................................................................................................................................................................................................................................................................................................................................................................................................................................................................................................................................................................................................................................................................................................................................................................................................................................................................................................................................................................................................................................................................................................................................................................................................................................................................................................................................................................................................................................................................................................................................................................................................................................................................................................................................................................................................................................................................................................................................................................................................................................................................................................................................................................................................................................................................................................................................................................................................................................................................................................................................................................................................................................................................................................................................................................................................................................................................................................................................................................................................................................................................................................................................................................................................................................................................................................................................................................................................................................................................................................................................................................................................................................................................................................................................................................................................................................................................................................................................................................................................................................................................................................................................................................................................................................................................................................................................................................................................................................................................................................................................................................................................................................................................................................................................................................................................................................................................................................................................................................................................................................................................................................................................................................................................................................................................................................................................................................................................................................................................................................................................................................................................................................................................................................................................................................................................................................................................................................................................................................................................................................................................................................................................................................................................................................................................................................................................................................................................................................................................................................................................................................................................................................................................................................................................................................................................................................................................................................................................................................................................................................................................................................................................................................................................................................................................................................................................................................................................................................................................................................................................................................................................................................................................................................................................................................................................................................................................................................................................................................................................................................................................................................................................................................................................................................................................................................................................................................................................................................................................................................................................................................................................................................................................................................................................................................................................................................................................................................................................................................................................................................................................................................................................................................................................................................................................................................................................................................................................................................................................................................................................................................................................................................................................................................................................................................................................................................................................................................................................................................................................................................................................................................................................................................................................................................................................................................................................................................................................................................................................................................................................................................................................................................................................................................................................................................................................................................................................................................................................................................................................................................................................................................................................................................................................................................................................................................................................................................................................................................................................................................................................................................................................................................................................................................................................................................................................................................................................................................................................................................................................................................................................................................................................................................................................................................................................................................................................................................................................................................................................................................................................................................................................................................................................................................................................................................................................................................................................................................................................................................................................3 ms. Memory: 129024K Free: 60291K (47%)
2 ms. Memory: 129024K Free: 59781K (46%)
2 ms. Memory: 129024K Free: 59253K (46%)
7 ms. Memory: 129024K Free: 58243K (45%)
2 ms. Memory: 129024K Free: 57733K (45%)
/home/travis/build/icyphy/ptII/ptolemy/actor/lib/test/IIR.tcl
/home/travis/build/icyphy/ptII/ptolemy/actor/lib/test/Interpolator.tcl
4 ms. Memory: 129024K Free: 54141K (42%)
1 ms. Memory: 129024K Free: 53637K (42%)
1 ms. Memory: 129024K Free: 53123K (41%)
6 ms. Memory: 129024K Free: 52085K (40%)
6 ms. Memory: 129024K Free: 51589K (40%)
5 ms. Memory: 129024K Free: 50565K (39%)
1 ms. Memory: 129024K Free: 49541K (38%)
14 ms. Memory: 129024K Free: 113333K (88%)
5 ms. Memory: 129024K Free: 112324K (87%)
2 ms. Memory: 129024K Free: 111269K (86%)
/home/travis/build/icyphy/ptII/ptolemy/actor/lib/test/MathFunction.tcl
2 ms. Memory: 129024K Free: 109252K (85%)
1 ms. Memory: 129024K Free: 108213K (84%)
5 ms. Memory: 129024K Free: 107189K (83%)
2 ms. Memory: 129024K Free: 106180K (82%)
10 ms. Memory: 129024K Free: 105149K (81%)
13 ms. Memory: 129024K Free: 103108K (80%)
/home/travis/build/icyphy/ptII/ptolemy/actor/lib/test/Maximum.tcl
4 ms. Memory: 129024K Free: 101045K (78%)
2 ms. Memory: 129024K Free: 100550K (78%)
5 ms. Memory: 129024K Free: 100021K (78%)
4 ms. Memory: 129024K Free: 99012K (77%)
/home/travis/build/icyphy/ptII/ptolemy/actor/lib/test/Minimum.tcl
5 ms. Memory: 129024K Free: 97478K (76%)
4 ms. Memory: 129024K Free: 96949K (75%)
3 ms. Memory: 129024K Free: 96454K (75%)
2 ms. Memory: 129024K Free: 95430K (74%)
/home/travis/build/icyphy/ptII/ptolemy/actor/lib/test/MultiplyDivide.tcl
8 ms. Memory: 129024K Free: 93382K (72%)
2 ms. Memory: 129024K Free: 92733K (72%)
7 ms. Memory: 129024K Free: 91813K (71%)
2 ms. Memory: 129024K Free: 91334K (71%)
8 ms. Memory: 129024K Free: 90813K (70%)
/home/travis/build/icyphy/ptII/ptolemy/actor/lib/test/OrderedMerge.tcl
Connections changed on port: inputA
Connections changed on port: inputB
Connections changed on port: output
Connections changed on port: output
Connections changed on port: output
Connections changed on port: input
.top. Preinitializing ...
Invoking preinitialize():  .top.OrderedMerge
Called preinitialize()
Invoking preinitialize():  .top.Ramp
Called preinitialize()
Invoking preinitialize():  .top.Ramp2
Called preinitialize()
Invoking preinitialize():  .top.Test
Called preinitialize()
Connections changed on port: inputA
Connections changed on port: output
Connections changed on port: output
Connections changed on port: input
Connections changed on port: inputB
Connections changed on port: output
.top. Finished preinitialize().
Called initialize().
Invoking initialize():  .top.OrderedMerge
Initializing actor: .top.OrderedMerge
Adding a thread: .top.OrderedMerge
Invoking initialize():  .top.Ramp
Initializing actor: .top.Ramp
Adding a thread: .top.Ramp
Invoking initialize():  .top.Ramp2
Initializing actor: .top.Ramp2
Adding a thread: .top.Ramp2
Invoking initialize():  .top.Test
Initializing actor: .top.Test
Adding a thread: .top.Test
Called fire().
Checking for deadlock:
-- Starting thread.
Called initialize()
Called prefire()
Called fire()
-- Starting thread.
Called initialize()
-- Starting thread.
Called initialize()
Called prefire()
-- Starting thread.
Called prefire()
Called initialize()
Called fire()
Called fire()
Called prefire()
Called fire()
There are 0 Blocked actors, 0 Stopped actors, and 4 active threads.
Waiting for actors to stop.
Called postfire()
Called postfire()
Called prefire()
Called prefire()
Called fire()
Called fire()
Read input token from inputA with value 0.0
Next port to read input from is inputB
Called postfire()
Called prefire()
Called fire()
Read input token from inputB with value 0.0
Sent output token with value 0.0
Next port to read input from is inputA
Called postfire()
Called prefire()
Called fire()
Checking for deadlock:
There are 1 Blocked actors, 0 Stopped actors, and 4 active threads.
Waiting for actors to stop.
Called postfire()
Called prefire()
Called fire()
Called postfire()
Called prefire()
Called fire()
-- Read input: 0.0, which is expected to match: 0.0
Called prefire()
Called fire()
Checking for deadlock:
There are 3 Blocked actors, 0 Stopped actors, and 4 active threads.
Waiting for actors to stop.
Read input token from inputA with value 1.0
Sent output token with value 0.0
Next port to read input from is inputB
Called postfire()
Called prefire()
Called fire()
Read input token from inputB with value 1.5
Called postfire()
-- Read input: 0.0, which is expected to match: 0.0
Called prefire()
Called fire()
Called prefire()
Called fire()
Checking for deadlock:
There are 2 Blocked actors, 0 Stopped actors, and 4 active threads.
Waiting for actors to stop.
Called postfire()
Called prefire()
Called fire()
Sent output token with value 1.0
-- Read input: 1.0, which is expected to match: 1.0
Next port to read input from is inputA
Called postfire()
Called prefire()
Called prefire()
Called fire()
Called fire()
Read input token from inputA with value 2.0
Sent output token with value 1.5
Next port to read input from is inputB
Called postfire()
Called prefire()
Called fire()
Read input token from inputB with value 3.0
Called postfire()
Called prefire()
Called fire()
Checking for deadlock:
There are 2 Blocked actors, 0 Stopped actors, and 4 active threads.
Waiting for actors to stop.
-- Read input: 1.5, which is expected to match: 1.5
Called prefire()
Called fire()
Called postfire()
Called prefire()
Called fire()
Sent output token with value 2.0
Checking for deadlock:
There are 2 Blocked actors, 0 Stopped actors, and 4 active threads.
Next port to read input from is inputA
Waiting for actors to stop.
Called postfire()
Called prefire()
Called fire()
Read input token from inputA with value 3.0
Called postfire()
Called prefire()
Called fire()
Checking for deadlock:
There are 3 Blocked actors, 0 Stopped actors, and 4 active threads.
Waiting for actors to stop.
Sent output token with value 3.0
-- Read input: 2.0, which is expected to match: 2.0
Called prefire()
Called fire()
Next port to read input from is inputB
Called postfire()
Called prefire()
Called fire()
Read input token from inputB with value 4.5
-- Read input: 3.0, which is expected to match: 3.0
Called prefire()
Called fire()
Sent output token with value 3.0
Next port to read input from is inputA
Called postfire()
Called prefire()
Called fire()
-- Read input: 3.0, which is expected to match: 3.0
Called prefire()
Called fire()
Read input token from inputA with value 4.0
Called postfire()
Called prefire()
Called fire()
Sent output token with value 4.0
Next port to read input from is inputA
Called postfire()
Called prefire()
Called fire()
Checking for deadlock:
There are 2 Blocked actors, 0 Stopped actors, and 4 active threads.
Waiting for actors to stop.
Called postfire()
Called prefire()
Called fire()
-- Read input: 4.0, which is expected to match: 4.0
Called prefire()
Called fire()
Past the end of training data. Read and discard all inputs.
Checking for deadlock:
There are 3 Blocked actors, 0 Stopped actors, and 4 active threads.
Waiting for actors to stop.
Read input token from inputA with value 5.0
Sent output token with value 4.5
Next port to read input from is inputB
Called postfire()
Called prefire()
Called fire()
Read input token from inputB with value 6.0
Called postfire()
Called postfire()
Called prefire()
Called prefire()
Called fire()
Called fire()
Checking for deadlock:
There are 3 Blocked actors, 0 Stopped actors, and 4 active threads.
Waiting for actors to stop.
Called prefire()
Called fire()
Past the end of training data. Read and discard all inputs.
Checking for deadlock:
There are 3 Blocked actors, 0 Stopped actors, and 4 active threads.
Waiting for actors to stop.
Called prefire()
Called fire()
Past the end of training data. Read and discard all inputs.
Sent output token with value 5.0
Next port to read input from is inputA
Called postfire()
Called prefire()
Called fire()
Read input token from inputA with value 6.0
Sent output token with value 6.0
Next port to read input from is inputB
Called postfire()
Called prefire()
Called fire()
Read input token from inputB with value 7.5
Called postfire()
Called prefire()
Called fire()
Checking for deadlock:
There are 2 Blocked actors, 0 Stopped actors, and 4 active threads.
Waiting for actors to stop.
Called postfire()
Called prefire()
Called fire()
Called prefire()
Called fire()
Past the end of training data. Read and discard all inputs.
Called prefire()
Called fire()
Past the end of training data. Read and discard all inputs.
Sent output token with value 6.0
Checking for deadlock:
There are 3 Blocked actors, 0 Stopped actors, and 4 active threads.
Waiting for actors to stop.
Next port to read input from is inputA
Called postfire()
Called prefire()
Called fire()
Read input token from inputA with value 7.0
Sent output token with value 7.0
Next port to read input from is inputA
Called postfire()
Called prefire()
Called fire()
Checking for deadlock:
There are 2 Blocked actors, 0 Stopped actors, and 4 active threads.
Waiting for actors to stop.
Called prefire()
Called fire()
Past the end of training data. Read and discard all inputs.
Checking for deadlock:
There are 3 Blocked actors, 0 Stopped actors, and 4 active threads.
Waiting for actors to stop.
Called postfire()
Called prefire()
Called fire()
Checking for deadlock:
There are 2 Blocked actors, 0 Stopped actors, and 4 active threads.
Waiting for actors to stop.
Read input token from inputA with value 8.0
Sent output token with value 7.5
Next port to read input from is inputB
Called postfire()
Called prefire()
Called fire()
Read input token from inputB with value 9.0
Called prefire()
-- Thread wrapup() called.
Called fire()
Called wrapup()
Past the end of training data. Read and discard all inputs.
Thread .top.Ramp is exiting.
-- Thread stopped.
Called postfire()
Called prefire()
Called fire()
Checking for deadlock:
There are 1 Blocked actors, 0 Stopped actors, and 3 active threads.
Waiting for actors to stop.
Checking for deadlock:
There are 2 Blocked actors, 0 Stopped actors, and 3 active threads.
Waiting for actors to stop.
Sent output token with value 8.0
Checking for deadlock:
Called prefire()
Next port to read input from is inputA
Called postfire()
Called fire()
Called prefire()
Past the end of training data. Read and discard all inputs.
Called fire()
There are 1 Blocked actors, 0 Stopped actors, and 3 active threads.
Waiting for actors to stop.
Read input token from inputA with value 9.0
Checking for deadlock:
There are 2 Blocked actors, 0 Stopped actors, and 3 active threads.
Waiting for actors to stop.
Called prefire()
Called fire()
Sent output token with value 9.0
Past the end of training data. Read and discard all inputs.
Checking for deadlock:
Next port to read input from is inputB
Called postfire()
There are 2 Blocked actors, 0 Stopped actors, and 3 active threads.
Called prefire()
Called fire()
Waiting for actors to stop.
Called postfire()
Called prefire()
Called fire()
Read input token from inputB with value 10.5
Checking for deadlock:
There are 2 Blocked actors, 0 Stopped actors, and 3 active threads.
Waiting for actors to stop.
Sent output token with value 9.0
Next port to read input from is inputA
Called postfire()
Called prefire()
Called fire()
Called prefire()
Checking for deadlock:
Called fire()
There are 2 Blocked actors, 0 Stopped actors, and 3 active threads.
Past the end of training data. Read and discard all inputs.
Waiting for actors to stop.
Checking for deadlock:
There are 3 Blocked actors, 0 Stopped actors, and 3 active threads.
Actors have stopped.
Checking for deadlock:
There are 3 Blocked actors, 0 Stopped actors, and 3 active threads.
Deadlock detected.
Resolving Deadlock
Checking for deadlock:
There are 3 Blocked actors, 0 Stopped actors, and 3 active threads.
Artificial Deadlock - increasing queue capacity.
increasing the capacity of receiver ptolemy.actor.TypedIOPort {.top.OrderedMerge.inputB} to 2
-- Thread wrapup() called.
Called wrapup()
Thread .top.Ramp2 is exiting.
-- Thread stopped.
Director: Called postfire().
Called postfire().
_stopRequested = false
_stopFireRequested = false
Returning from postfire(): true
Called fire().
Checking for deadlock:
There are 2 Blocked actors, 0 Stopped actors, and 2 active threads.
Actors have stopped.
Checking for deadlock:
There are 2 Blocked actors, 0 Stopped actors, and 2 active threads.
Deadlock detected.
Resolving Deadlock
Checking for deadlock:
There are 2 Blocked actors, 0 Stopped actors, and 2 active threads.
Deadlock detected: no processes blocked on write, but some are blocked on read.
Called postfire().
_stopRequested = false
_stopFireRequested = false
Returning from postfire(): false
Finished deactivating branches.
Called wrapup().
-- Thread wrapup() called.
Called wrapup()
Thread .top.OrderedMerge is exiting.
-- Thread stopped.
-- Blocked Receiver call threw TerminateProcessException.
-- Thread wrapup() called.
Called wrapup()
Thread .top.Test is exiting.
-- Thread stopped.
-- Blocked Receiver call threw TerminateProcessException.
56 ms. Memory: 129024K Free: 85700K (66%)
.top. Preinitializing ...
Invoking preinitialize():  .top.OrderedMerge
Called preinitialize()
Invoking preinitialize():  .top.Ramp
Called preinitialize()
Invoking preinitialize():  .top.Ramp2
Called preinitialize()
Invoking preinitialize():  .top.Test
Called preinitialize()
.top. Finished preinitialize().
Called initialize().
Invoking initialize():  .top.OrderedMerge
Initializing actor: .top.OrderedMerge
Adding a thread: .top.OrderedMerge
Invoking initialize():  .top.Ramp
Initializing actor: .top.Ramp
Adding a thread: .top.Ramp
Invoking initialize():  .top.Ramp2
Initializing actor: .top.Ramp2
Adding a thread: .top.Ramp2
Invoking initialize():  .top.Test
Initializing actor: .top.Test
Adding a thread: .top.Test
-- Starting thread.
Called initialize()
Called prefire()
Called fire()
Called postfire()
Called prefire()
Called fire()
Called fire().
Checking for deadlock:
There are 1 Blocked actors, 0 Stopped actors, and 4 active threads.
Waiting for actors to stop.
-- Starting thread.
Called initialize()
Called prefire()
Called fire()
Checking for deadlock:
There are 2 Blocked actors, 0 Stopped actors, and 4 active threads.
Waiting for actors to stop.
-- Starting thread.
-- Starting thread.
Called initialize()
Called prefire()
Called fire()
Called postfire()
Called prefire()
Called fire()
Checking for deadlock:
Called initialize()
There are 3 Blocked actors, 0 Stopped actors, and 4 active threads.
Waiting for actors to stop.
Called prefire()
Called fire()
Read input token from inputA with value 0.0
Next port to read input from is inputB
Called postfire()
Called prefire()
Called fire()
Read input token from inputB with value 0.0
Sent output token with value 0.0
Next port to read input from is inputA
Called postfire()
Called prefire()
Called fire()
Checking for deadlock:
Called postfire()
There are 0 Blocked actors, 0 Stopped actors, and 4 active threads.
Waiting for actors to stop.
Called prefire()
Called fire()
Checking for deadlock:
There are 1 Blocked actors, 0 Stopped actors, and 4 active threads.
Waiting for actors to stop.
-- Read input: 0.0, which is expected to match: 0.0
Called prefire()
Called fire()
Called postfire()
Called prefire()
Called fire()
Checking for deadlock:
There are 3 Blocked actors, 0 Stopped actors, and 4 active threads.
Waiting for actors to stop.
Read input token from inputA with value 1.0
Sent output token with value 0.0
Next port to read input from is inputB
Called postfire()
Called prefire()
Called fire()
Read input token from inputB with value 1.5
Checking for deadlock:
There are 1 Blocked actors, 0 Stopped actors, and 4 active threads.
Waiting for actors to stop.
-- Read input: 0.0, which is expected to match: 0.0
Called prefire()
Called fire()
Checking for deadlock:
Called postfire()
Called prefire()
Called fire()
There are 1 Blocked actors, 0 Stopped actors, and 4 active threads.
Waiting for actors to stop.
Called postfire()
Called prefire()
Called fire()
Checking for deadlock:
There are 3 Blocked actors, 0 Stopped actors, and 4 active threads.
Waiting for actors to stop.
Checking for deadlock:
There are 2 Blocked actors, 0 Stopped actors, and 4 active threads.
Waiting for actors to stop.
-- Read input: 1.0, which is expected to match: 1.0
Called prefire()
Called fire()
Checking for deadlock:
There are 3 Blocked actors, 0 Stopped actors, and 4 active threads.
Waiting for actors to stop.
Sent output token with value 1.0
Next port to read input from is inputA
Called postfire()
Called prefire()
Called fire()
Checking for deadlock:
There are 2 Blocked actors, 0 Stopped actors, and 4 active threads.
Waiting for actors to stop.
Read input token from inputA with value 2.0
Sent output token with value 1.5
Checking for deadlock:
Called postfire()
There are 1 Blocked actors, 0 Stopped actors, and 4 active threads.
Called prefire()
Waiting for actors to stop.
Called fire()
-- Read input: 1.5, which is expected to match: 1.5
Called prefire()
Called fire()
Checking for deadlock:
There are 3 Blocked actors, 0 Stopped actors, and 4 active threads.
Waiting for actors to stop.
Next port to read input from is inputB
Called postfire()
Called prefire()
Called fire()
Read input token from inputB with value 3.0
Sent output token with value 2.0
Next port to read input from is inputA
Called postfire()
Called prefire()
Called fire()
Checking for deadlock:
Called postfire()
There are 0 Blocked actors, 0 Stopped actors, and 4 active threads.
Called prefire()
Called fire()
Waiting for actors to stop.
Called postfire()
Called prefire()
Called fire()
Checking for deadlock:
There are 1 Blocked actors, 0 Stopped actors, and 4 active threads.
Waiting for actors to stop.
Read input token from inputA with value 3.0
-- Read input: 2.0, which is expected to match: 2.0
Called prefire()
Called fire()
Sent output token with value 3.0
Next port to read input from is inputB
-- Read input: 3.0, which is expected to match: 3.0
Called postfire()
Called prefire()
Called prefire()
Called fire()
Called fire()
Checking for deadlock:
There are 1 Blocked actors, 0 Stopped actors, and 4 active threads.
Waiting for actors to stop.
Read input token from inputB with value 4.5
Checking for deadlock:
There are 2 Blocked actors, 0 Stopped actors, and 4 active threads.
Waiting for actors to stop.
Sent output token with value 3.0
Next port to read input from is inputA
Called postfire()
Called prefire()
Called fire()
Read input token from inputA with value 4.0
Checking for deadlock:
There are 1 Blocked actors, 0 Stopped actors, and 4 active threads.
Waiting for actors to stop.
Called postfire()
Called prefire()
Called fire()
-- Read input: 3.0, which is expected to match: 3.0
Called prefire()
Called fire()
Checking for deadlock:
There are 2 Blocked actors, 0 Stopped actors, and 4 active threads.
Waiting for actors to stop.
Called postfire()
Called prefire()
Called fire()
Checking for deadlock:
There are 3 Blocked actors, 0 Stopped actors, and 4 active threads.
Waiting for actors to stop.
Sent output token with value 4.0
Next port to read input from is inputA
Called postfire()
Called prefire()
Called fire()
Read input token from inputA with value 5.0
Called postfire()
Called prefire()
Called fire()
Checking for deadlock:
There are 2 Blocked actors, 0 Stopped actors, and 4 active threads.
Waiting for actors to stop.
-- Read input: 4.0, which is expected to match: 4.0
Called prefire()
Called fire()
Past the end of training data. Read and discard all inputs.
Checking for deadlock:
There are 3 Blocked actors, 0 Stopped actors, and 4 active threads.
Waiting for actors to stop.
Checking for deadlock:
There are 2 Blocked actors, 0 Stopped actors, and 4 active threads.
Called prefire()
Called fire()
Waiting for actors to stop.
Past the end of training data. Read and discard all inputs.
Checking for deadlock:
There are 3 Blocked actors, 0 Stopped actors, and 4 active threads.
Waiting for actors to stop.
Sent output token with value 4.5
Next port to read input from is inputB
Called postfire()
Called prefire()
Called fire()
Checking for deadlock:
There are 2 Blocked actors, 0 Stopped actors, and 4 active threads.
Waiting for actors to stop.
Read input token from inputB with value 6.0
Sent output token with value 5.0
Next port to read input from is inputA
Called postfire()
Called prefire()
Called fire()
Read input token from inputA with value 6.0
Checking for deadlock:
Called postfire()
There are 1 Blocked actors, 0 Stopped actors, and 4 active threads.
Waiting for actors to stop.
Called prefire()
Called fire()
Called postfire()
Called prefire()
Called fire()
Called prefire()
Called fire()
Past the end of training data. Read and discard all inputs.
Checking for deadlock:
There are 3 Blocked actors, 0 Stopped actors, and 4 active threads.
Waiting for actors to stop.
Sent output token with value 6.0
Next port to read input from is inputB
Called postfire()
Called prefire()
Called fire()
Read input token from inputB with value 7.5
Called postfire()
Called prefire()
Called fire()
Checking for deadlock:
There are 3 Blocked actors, 0 Stopped actors, and 4 active threads.
Waiting for actors to stop.
Called prefire()
Called fire()
Past the end of training data. Read and discard all inputs.
Sent output token with value 6.0
Next port to read input from is inputA
Called postfire()
Called prefire()
Called fire()
Read input token from inputA with value 7.0
Checking for deadlock:
Called prefire()
There are 1 Blocked actors, 0 Stopped actors, and 4 active threads.
Waiting for actors to stop.
Called fire()
Past the end of training data. Read and discard all inputs.
Called postfire()
Called prefire()
Called fire()
Checking for deadlock:
There are 3 Blocked actors, 0 Stopped actors, and 4 active threads.
Waiting for actors to stop.
Sent output token with value 7.0
Next port to read input from is inputA
Called postfire()
Called prefire()
Called fire()
Read input token from inputA with value 8.0
Checking for deadlock:
There are 2 Blocked actors, 0 Stopped actors, and 4 active threads.
Waiting for actors to stop.
Called prefire()
Called fire()
Past the end of training data. Read and discard all inputs.
Checking for deadlock:
There are 2 Blocked actors, 0 Stopped actors, and 4 active threads.
Waiting for actors to stop.
Sent output token with value 7.5
Next port to read input from is inputB
Called postfire()
Called prefire()
Called fire()
Read input token from inputB with value 9.0
Checking for deadlock:
-- Thread wrapup() called.
There are 1 Blocked actors, 0 Stopped actors, and 4 active threads.
Called wrapup()
Waiting for actors to stop.
Thread .top.Ramp is exiting.
-- Thread stopped.
Called prefire()
Called fire()
Past the end of training data. Read and discard all inputs.
Checking for deadlock:
Called postfire()
Called prefire()
There are 1 Blocked actors, 0 Stopped actors, and 3 active threads.
Waiting for actors to stop.
Called fire()
Checking for deadlock:
There are 2 Blocked actors, 0 Stopped actors, and 3 active threads.
Waiting for actors to stop.
Sent output token with value 8.0
Next port to read input from is inputA
Called postfire()
Called prefire()
Called fire()
Read input token from inputA with value 9.0
Checking for deadlock:
Called prefire()
Called fire()
There are 1 Blocked actors, 0 Stopped actors, and 3 active threads.
Past the end of training data. Read and discard all inputs.
Waiting for actors to stop.
Checking for deadlock:
There are 2 Blocked actors, 0 Stopped actors, and 3 active threads.
Waiting for actors to stop.
Sent output token with value 9.0
Next port to read input from is inputB
Called postfire()
Called prefire()
Called fire()
Read input token from inputB with value 10.5
Called prefire()
Called fire()
Past the end of training data. Read and discard all inputs.
Checking for deadlock:
There are 1 Blocked actors, 0 Stopped actors, and 3 active threads.
Waiting for actors to stop.
Called postfire()
Called prefire()
Called fire()
Checking for deadlock:
There are 2 Blocked actors, 0 Stopped actors, and 3 active threads.
Waiting for actors to stop.
Sent output token with value 9.0
Next port to read input from is inputA
Called postfire()
Called prefire()
Called fire()
Checking for deadlock:
Called prefire()
There are 2 Blocked actors, 0 Stopped actors, and 3 active threads.
Waiting for actors to stop.
Called fire()
Past the end of training data. Read and discard all inputs.
Checking for deadlock:
There are 3 Blocked actors, 0 Stopped actors, and 3 active threads.
Actors have stopped.
Checking for deadlock:
There are 3 Blocked actors, 0 Stopped actors, and 3 active threads.
Deadlock detected.
Resolving Deadlock
Checking for deadlock:
There are 3 Blocked actors, 0 Stopped actors, and 3 active threads.
Artificial Deadlock - increasing queue capacity.
increasing the capacity of receiver ptolemy.actor.TypedIOPort {.top.OrderedMerge.inputB} to 2
Director: Called postfire().
Called postfire().
_stopRequested = false
_stopFireRequested = false
Returning from postfire(): true
-- Thread wrapup() called.
Called fire().
Checking for deadlock:
Called wrapup()
There are 2 Blocked actors, 0 Stopped actors, and 3 active threads.
Waiting for actors to stop.
Thread .top.Ramp2 is exiting.
-- Thread stopped.
Checking for deadlock:
There are 2 Blocked actors, 0 Stopped actors, and 2 active threads.
Actors have stopped.
Checking for deadlock:
There are 2 Blocked actors, 0 Stopped actors, and 2 active threads.
Deadlock detected.
Resolving Deadlock
Checking for deadlock:
There are 2 Blocked actors, 0 Stopped actors, and 2 active threads.
Deadlock detected: no processes blocked on write, but some are blocked on read.
Called postfire().
_stopRequested = false
_stopFireRequested = false
Returning from postfire(): false
Finished deactivating branches.
Called wrapup().
-- Thread wrapup() called.
Called wrapup()
Thread .top.OrderedMerge is exiting.
-- Thread stopped.
-- Blocked Receiver call threw TerminateProcessException.
-- Thread wrapup() called.
Called wrapup()
Thread .top.Test is exiting.
-- Thread stopped.
-- Blocked Receiver call threw TerminateProcessException.
41 ms. Memory: 129024K Free: 83142K (64%)
/home/travis/build/icyphy/ptII/ptolemy/actor/lib/test/Publisher.tcl
11 ms. Memory: 129024K Free: 76998K (60%)
7 ms. Memory: 129024K Free: 71878K (56%)
10 ms. Memory: 129024K Free: 68292K (53%)
4 ms. Memory: 129024K Free: 67253K (52%)
2 ms. Memory: 129024K Free: 66213K (51%)
37 ms. Memory: 158720K Free: 141950K (89%)
3 ms. Memory: 158720K Free: 140997K (89%)
2 ms. Memory: 158720K Free: 139957K (88%)
20 ms. Memory: 158720K Free: 130261K (82%)
5 ms. Memory: 158720K Free: 126645K (80%)
2 ms. Memory: 158720K Free: 125645K (79%)
4 ms. Memory: 158720K Free: 123589K (78%)
7 ms. Memory: 158720K Free: 115925K (73%)
16 ms. Memory: 158720K Free: 106195K (67%)
8 ms. Memory: 158720K Free: 95445K (60%)
/home/travis/build/icyphy/ptII/ptolemy/actor/lib/test/Pulse.tcl
2 ms. Memory: 158720K Free: 131470K (83%)
1 ms. Memory: 158720K Free: 130974K (83%)
1 ms. Memory: 158720K Free: 130460K (82%)
1 ms. Memory: 158720K Free: 129950K (82%)
1 ms. Memory: 158720K Free: 128926K (81%)
7 ms. Memory: 158720K Free: 127902K (81%)
5 ms. Memory: 158720K Free: 126876K (80%)
3 ms. Memory: 158720K Free: 126364K (80%)
3 ms. Memory: 158720K Free: 125854K (79%)
/home/travis/build/icyphy/ptII/ptolemy/actor/lib/test/Ramp.tcl
6 ms. Memory: 158720K Free: 123806K (78%)
3 ms. Memory: 158720K Free: 122782K (77%)
2 ms. Memory: 158720K Free: 122254K (77%)
1 ms. Memory: 158720K Free: 121230K (76%)
4 ms. Memory: 158720K Free: 120734K (76%)
6 ms. Memory: 158720K Free: 119710K (75%)
5 ms. Memory: 158720K Free: 118686K (75%)
5 actors
4000 microseconds per iteration to create
16 ms. Memory: 158720K Free: 116110K (73%)
1 ms. Memory: 158720K Free: 115614K (73%)
2 ms. Memory: 158720K Free: 115094K (73%)
1 ms. Memory: 158720K Free: 114062K (72%)
50 actors
27000 microseconds per iteration to create
21 ms. Memory: 158720K Free: 98716K (62%)
4 ms. Memory: 158720K Free: 97692K (62%)
4 ms. Memory: 158720K Free: 96668K (61%)
4 ms. Memory: 158720K Free: 95644K (60%)
500 actors
1420000 microseconds per iteration to create
235 ms. Memory: 158720K Free: 91794K (58%)
33 ms. Memory: 158720K Free: 86674K (55%)
36 ms. Memory: 158720K Free: 81040K (51%)
28 ms. Memory: 158720K Free: 75920K (48%)
/home/travis/build/icyphy/ptII/ptolemy/actor/lib/test/RampContinuous.tcl
7 ms. Memory: 158720K Free: 74866K (47%)
/home/travis/build/icyphy/ptII/ptolemy/actor/lib/test/RecordAssembler.tcl
4 ms. Memory: 158720K Free: 73362K (46%)
2 ms. Memory: 158720K Free: 72338K (46%)
/home/travis/build/icyphy/ptII/ptolemy/actor/lib/test/RecordDisassembler.tcl
10 ms. Memory: 158720K Free: 70290K (44%)
2 ms. Memory: 158720K Free: 69746K (44%)
3 ms. Memory: 158720K Free: 68242K (43%)
/home/travis/build/icyphy/ptII/ptolemy/actor/lib/test/Scale.tcl
3 ms. Memory: 158720K Free: 66698K (42%)
1 ms. Memory: 158720K Free: 65666K (41%)
1 ms. Memory: 158720K Free: 65170K (41%)
1 ms. Memory: 158720K Free: 64146K (40%)
2 ms. Memory: 158720K Free: 63618K (40%)
/home/travis/build/icyphy/ptII/ptolemy/actor/lib/test/SequentialClock.tcl
preinitializing
resolving types
initializing
executing number 1
wrapping up
idle
2 ms. Memory: 158720K Free: 62098K (39%)
Completed execution with 5 iterations
preinitializing
resolving types
initializing
executing number 1
wrapping up
idle
1 ms. Memory: 158720K Free: 61570K (39%)
Completed execution with 5 iterations
preinitializing
resolving types
initializing
executing number 1
wrapping up
idle
1 ms. Memory: 158720K Free: 61074K (38%)
Completed execution with 5 iterations
/home/travis/build/icyphy/ptII/ptolemy/actor/lib/test/SetVariable.tcl
3 ms. Memory: 158720K Free: 59026K (37%)
/home/travis/build/icyphy/ptII/ptolemy/actor/lib/test/Sinewave.tcl
/home/travis/build/icyphy/ptII/ptolemy/actor/lib/test/SubscriptionAggregator.tcl
7 ms. Memory: 198656K Free: 169382K (85%)
3 ms. Memory: 198656K Free: 168868K (85%)
1 ms. Memory: 198656K Free: 168358K (85%)
1 ms. Memory: 198656K Free: 167829K (84%)
2 ms. Memory: 198656K Free: 164262K (83%)
8 ms. Memory: 198656K Free: 162214K (82%)
...............................................................966 ms. Memory: 321536K Free: 179915K (56%)
/home/travis/build/icyphy/ptII/ptolemy/actor/lib/test/Test.tcl
 The next command will produce a warning about training mode,
   which may be ignored.
5 ms. Memory: 321536K Free: 178363K (55%)
10 ms. Memory: 321536K Free: 177353K (55%)
2 ms. Memory: 321536K Free: 176843K (55%)
4 ms. Memory: 321536K Free: 176315K (55%)
2 ms. Memory: 321536K Free: 175291K (55%)
4 ms. Memory: 321536K Free: 174275K (54%)
4 ms. Memory: 321536K Free: 172747K (54%)
 The next command will produce a warning about training mode,
   which may be ignored.
5 ms. Memory: 321536K Free: 170699K (53%)
 The next command will produce a warning about training mode,
   which may be ignored.
3 ms. Memory: 321536K Free: 169161K (53%)
1 ms. Memory: 321536K Free: 169161K (53%)
5 ms. Memory: 321536K Free: 168651K (52%)
2 ms. Memory: 321536K Free: 168137K (52%)
17 ms. Memory: 321536K Free: 167099K (52%)
4 ms. Memory: 321536K Free: 163017K (51%)
/home/travis/build/icyphy/ptII/ptolemy/actor/lib/test/TestExceptionHandler.tcl
 The next command will produce a warning about training mode,
   which may be ignored.
7 ms. Memory: 321536K Free: 161993K (50%)
1 ms. Memory: 321536K Free: 161483K (50%)
1 ms. Memory: 321536K Free: 160963K (50%)
/home/travis/build/icyphy/ptII/ptolemy/actor/lib/test/UnionDisassembler.tcl
22 ms. Memory: 321536K Free: 153787K (48%)
/home/travis/build/icyphy/ptII/ptolemy/actor/lib/test/VariableClock.tcl
preinitializing
resolving types
initializing
executing number 1
wrapping up
idle
8 ms. Memory: 321536K Free: 151739K (47%)
Completed execution with 11 iterations
preinitializing
resolving types
initializing
executing number 1
wrapping up
idle
8 ms. Memory: 321536K Free: 150219K (47%)
Completed execution with 10 iterations
05/24/20 02:31:01
Failed: 0  Total Tests: 233  ((Passed: 233, Newly Passed: 0)  Known Failed: 0) /home/travis/build/icyphy/ptII/ptolemy/actor/lib/test
----------------- testing (KnownFailure) /home/travis/build/icyphy/ptII/ptolemy/actor/lib/test/auto/knownFailedTests/PublisherPortToplevelSubscriber.xml
0 ms. Memory: 321536K Free: 146633K (46%)
Known Failure: java.lang.reflect.InvocationTargetException
----------------- testing (KnownFailure) /home/travis/build/icyphy/ptII/ptolemy/actor/lib/test/auto/knownFailedTests/PublisherSubscriberPortToplevel.xml
1 ms. Memory: 321536K Free: 142537K (44%)
Known Failure: java.lang.reflect.InvocationTargetException
----------------- testing (KnownFailure) /home/travis/build/icyphy/ptII/ptolemy/actor/lib/test/auto/knownFailedTests/PublisherSubscriptionAggregatorPort.xml
2 ms. Memory: 321536K Free: 138441K (43%)
Known Failure: java.lang.reflect.InvocationTargetException
----------------- testing (KnownFailure) /home/travis/build/icyphy/ptII/ptolemy/actor/lib/test/auto/knownFailedTests/sizedarray3.xml
3 ms. Memory: 321536K Free: 134345K (42%)
Known Failure: java.lang.reflect.InvocationTargetException
No auto/linux-amd64/*.xml tests in /home/travis/build/icyphy/ptII/ptolemy/actor/lib/test
AutoTests.java: About to close Vertx.
AutoTests.java: Vertx closed.

===========================================================================================
----------------- testing Sun May 24 14:31:02 UTC 2020 /home/travis/build/icyphy/ptII/ptolemy/actor/lib/test/auto/AbsoluteValue.xml
----------------- Instantiating /home/travis/build/icyphy/ptII/ptolemy/actor/lib/test/auto/AbsoluteValue.xml
4 ms. Memory: 321536K Free: 257227K (80%)
----------------- Invoking toplevel() on ptolemy.moml.MoMLSimpleApplication@68fd5cf3
----------------- Done invoking toplevel() on ptolemy.moml.MoMLSimpleApplication@68fd5cf3
reloadAllAccessors: .AbsoluteValue

===========================================================================================
----------------- testing Sun May 24 14:31:02 UTC 2020 /home/travis/build/icyphy/ptII/ptolemy/actor/lib/test/auto/AbsoluteValue2.xml
----------------- Instantiating /home/travis/build/icyphy/ptII/ptolemy/actor/lib/test/auto/AbsoluteValue2.xml
4 ms. Memory: 321536K Free: 250059K (78%)
----------------- Invoking toplevel() on ptolemy.moml.MoMLSimpleApplication@5550d15e
----------------- Done invoking toplevel() on ptolemy.moml.MoMLSimpleApplication@5550d15e
reloadAllAccessors: .AbsoluteValue2

===========================================================================================
----------------- testing Sun May 24 14:31:02 UTC 2020 /home/travis/build/icyphy/ptII/ptolemy/actor/lib/test/auto/Accumulator.xml
----------------- Instantiating /home/travis/build/icyphy/ptII/ptolemy/actor/lib/test/auto/Accumulator.xml
5 ms. Memory: 321536K Free: 243915K (76%)
----------------- Invoking toplevel() on ptolemy.moml.MoMLSimpleApplication@75b4e552
----------------- Done invoking toplevel() on ptolemy.moml.MoMLSimpleApplication@75b4e552
reloadAllAccessors: .Accumulator

===========================================================================================
----------------- testing Sun May 24 14:31:02 UTC 2020 /home/travis/build/icyphy/ptII/ptolemy/actor/lib/test/auto/Accumulator2.xml
----------------- Instantiating /home/travis/build/icyphy/ptII/ptolemy/actor/lib/test/auto/Accumulator2.xml
9 ms. Memory: 321536K Free: 238795K (74%)
----------------- Invoking toplevel() on ptolemy.moml.MoMLSimpleApplication@249f49e4
----------------- Done invoking toplevel() on ptolemy.moml.MoMLSimpleApplication@249f49e4
reloadAllAccessors: .Accumulator2

===========================================================================================
----------------- testing Sun May 24 14:31:02 UTC 2020 /home/travis/build/icyphy/ptII/ptolemy/actor/lib/test/auto/Accumulator3.xml
----------------- Instantiating /home/travis/build/icyphy/ptII/ptolemy/actor/lib/test/auto/Accumulator3.xml
4 ms. Memory: 321536K Free: 234185K (73%)
----------------- Invoking toplevel() on ptolemy.moml.MoMLSimpleApplication@588319b7
----------------- Done invoking toplevel() on ptolemy.moml.MoMLSimpleApplication@588319b7
reloadAllAccessors: .Accumulator3

===========================================================================================
----------------- testing Sun May 24 14:31:02 UTC 2020 /home/travis/build/icyphy/ptII/ptolemy/actor/lib/test/auto/ArrayAppend.xml
----------------- Instantiating /home/travis/build/icyphy/ptII/ptolemy/actor/lib/test/auto/ArrayAppend.xml
9 ms. Memory: 321536K Free: 228555K (71%)
----------------- Invoking toplevel() on ptolemy.moml.MoMLSimpleApplication@76da2501
----------------- Done invoking toplevel() on ptolemy.moml.MoMLSimpleApplication@76da2501
reloadAllAccessors: .ArrayAppend

===========================================================================================
----------------- testing Sun May 24 14:31:02 UTC 2020 /home/travis/build/icyphy/ptII/ptolemy/actor/lib/test/auto/ArrayAppend2.xml
----------------- Instantiating /home/travis/build/icyphy/ptII/ptolemy/actor/lib/test/auto/ArrayAppend2.xml
328 ms. Memory: 321536K Free: 145611K (45%)
----------------- Invoking toplevel() on ptolemy.moml.MoMLSimpleApplication@341f4214
----------------- Done invoking toplevel() on ptolemy.moml.MoMLSimpleApplication@341f4214
reloadAllAccessors: .ArrayAppend2

===========================================================================================
----------------- testing Sun May 24 14:31:02 UTC 2020 /home/travis/build/icyphy/ptII/ptolemy/actor/lib/test/auto/ArrayAppend3.xml
----------------- Instantiating /home/travis/build/icyphy/ptII/ptolemy/actor/lib/test/auto/ArrayAppend3.xml
3 ms. Memory: 321536K Free: 141001K (44%)
----------------- Invoking toplevel() on ptolemy.moml.MoMLSimpleApplication@715421be
----------------- Done invoking toplevel() on ptolemy.moml.MoMLSimpleApplication@715421be
reloadAllAccessors: .ArrayAppend3

===========================================================================================
----------------- testing Sun May 24 14:31:02 UTC 2020 /home/travis/build/icyphy/ptII/ptolemy/actor/lib/test/auto/ArrayAppend4.xml
----------------- Instantiating /home/travis/build/icyphy/ptII/ptolemy/actor/lib/test/auto/ArrayAppend4.xml
1 ms. Memory: 321536K Free: 135881K (42%)
----------------- Invoking toplevel() on ptolemy.moml.MoMLSimpleApplication@7cccdaa4
----------------- Done invoking toplevel() on ptolemy.moml.MoMLSimpleApplication@7cccdaa4
reloadAllAccessors: .ArrayAppend4

===========================================================================================
----------------- testing Sun May 24 14:31:02 UTC 2020 /home/travis/build/icyphy/ptII/ptolemy/actor/lib/test/auto/ArrayAppend5.xml
----------------- Instantiating /home/travis/build/icyphy/ptII/ptolemy/actor/lib/test/auto/ArrayAppend5.xml
2 ms. Memory: 321536K Free: 130251K (41%)
----------------- Invoking toplevel() on ptolemy.moml.MoMLSimpleApplication@631849eb
----------------- Done invoking toplevel() on ptolemy.moml.MoMLSimpleApplication@631849eb
reloadAllAccessors: .ArrayAppend5

===========================================================================================
----------------- testing Sun May 24 14:31:02 UTC 2020 /home/travis/build/icyphy/ptII/ptolemy/actor/lib/test/auto/ArrayAppend6.xml
----------------- Instantiating /home/travis/build/icyphy/ptII/ptolemy/actor/lib/test/auto/ArrayAppend6.xml
2 ms. Memory: 321536K Free: 125641K (39%)
----------------- Invoking toplevel() on ptolemy.moml.MoMLSimpleApplication@f9742f0
----------------- Done invoking toplevel() on ptolemy.moml.MoMLSimpleApplication@f9742f0
reloadAllAccessors: .ArrayAppend6

===========================================================================================
----------------- testing Sun May 24 14:31:03 UTC 2020 /home/travis/build/icyphy/ptII/ptolemy/actor/lib/test/auto/ArrayAppendPerformanceTest.xml
----------------- Instantiating /home/travis/build/icyphy/ptII/ptolemy/actor/lib/test/auto/ArrayAppendPerformanceTest.xml
26 ms. Memory: 321536K Free: 114377K (36%)
----------------- Invoking toplevel() on ptolemy.moml.MoMLSimpleApplication@46ceb771
----------------- Done invoking toplevel() on ptolemy.moml.MoMLSimpleApplication@46ceb771
reloadAllAccessors: .ArrayAppendPerformanceTest

===========================================================================================
----------------- testing Sun May 24 14:31:03 UTC 2020 /home/travis/build/icyphy/ptII/ptolemy/actor/lib/test/auto/ArrayAppendWithEmptyInput.xml
----------------- Instantiating /home/travis/build/icyphy/ptII/ptolemy/actor/lib/test/auto/ArrayAppendWithEmptyInput.xml
8 ms. Memory: 321536K Free: 106699K (33%)
----------------- Invoking toplevel() on ptolemy.moml.MoMLSimpleApplication@1324d350
----------------- Done invoking toplevel() on ptolemy.moml.MoMLSimpleApplication@1324d350
reloadAllAccessors: .ArrayAppendWithEmptyInput

===========================================================================================
----------------- testing Sun May 24 14:31:03 UTC 2020 /home/travis/build/icyphy/ptII/ptolemy/actor/lib/test/auto/ArrayAverage.xml
----------------- Instantiating /home/travis/build/icyphy/ptII/ptolemy/actor/lib/test/auto/ArrayAverage.xml
5 ms. Memory: 321536K Free: 270566K (84%)
----------------- Invoking toplevel() on ptolemy.moml.MoMLSimpleApplication@6587d431
----------------- Done invoking toplevel() on ptolemy.moml.MoMLSimpleApplication@6587d431
reloadAllAccessors: .ArrayAverage

===========================================================================================
----------------- testing Sun May 24 14:31:03 UTC 2020 /home/travis/build/icyphy/ptII/ptolemy/actor/lib/test/auto/ArrayContains.xml
----------------- Instantiating /home/travis/build/icyphy/ptII/ptolemy/actor/lib/test/auto/ArrayContains.xml
10 ms. Memory: 321536K Free: 264422K (82%)
----------------- Invoking toplevel() on ptolemy.moml.MoMLSimpleApplication@611a82c4
----------------- Done invoking toplevel() on ptolemy.moml.MoMLSimpleApplication@611a82c4
reloadAllAccessors: .ArrayContains

===========================================================================================
----------------- testing Sun May 24 14:31:03 UTC 2020 /home/travis/build/icyphy/ptII/ptolemy/actor/lib/test/auto/ArrayElement.xml
----------------- Instantiating /home/travis/build/icyphy/ptII/ptolemy/actor/lib/test/auto/ArrayElement.xml
6 ms. Memory: 321536K Free: 259302K (81%)
----------------- Invoking toplevel() on ptolemy.moml.MoMLSimpleApplication@4a859bb1
----------------- Done invoking toplevel() on ptolemy.moml.MoMLSimpleApplication@4a859bb1
reloadAllAccessors: .ArrayElement

===========================================================================================
----------------- testing Sun May 24 14:31:03 UTC 2020 /home/travis/build/icyphy/ptII/ptolemy/actor/lib/test/auto/ArrayElementAsMatrix.xml
----------------- Instantiating /home/travis/build/icyphy/ptII/ptolemy/actor/lib/test/auto/ArrayElementAsMatrix.xml
16 ms. Memory: 321536K Free: 248548K (77%)
----------------- Invoking toplevel() on ptolemy.moml.MoMLSimpleApplication@85f888e
----------------- Done invoking toplevel() on ptolemy.moml.MoMLSimpleApplication@85f888e
reloadAllAccessors: .ArrayElementAsMatrix

===========================================================================================
----------------- testing Sun May 24 14:31:03 UTC 2020 /home/travis/build/icyphy/ptII/ptolemy/actor/lib/test/auto/ArrayElementI.xml
----------------- Instantiating /home/travis/build/icyphy/ptII/ptolemy/actor/lib/test/auto/ArrayElementI.xml
6 ms. Memory: 321536K Free: 243428K (76%)
----------------- Invoking toplevel() on ptolemy.moml.MoMLSimpleApplication@1654fde8
----------------- Done invoking toplevel() on ptolemy.moml.MoMLSimpleApplication@1654fde8
reloadAllAccessors: .ArrayElementI

===========================================================================================
----------------- testing Sun May 24 14:31:03 UTC 2020 /home/travis/build/icyphy/ptII/ptolemy/actor/lib/test/auto/ArrayExtract.xml
----------------- Instantiating /home/travis/build/icyphy/ptII/ptolemy/actor/lib/test/auto/ArrayExtract.xml
6 ms. Memory: 321536K Free: 234726K (73%)
----------------- Invoking toplevel() on ptolemy.moml.MoMLSimpleApplication@71f3424b
----------------- Done invoking toplevel() on ptolemy.moml.MoMLSimpleApplication@71f3424b
reloadAllAccessors: .ArrayExtract

===========================================================================================
----------------- testing Sun May 24 14:31:03 UTC 2020 /home/travis/build/icyphy/ptII/ptolemy/actor/lib/test/auto/ArrayExtract2.xml
----------------- Instantiating /home/travis/build/icyphy/ptII/ptolemy/actor/lib/test/auto/ArrayExtract2.xml
2 ms. Memory: 321536K Free: 229606K (71%)
----------------- Invoking toplevel() on ptolemy.moml.MoMLSimpleApplication@1911a4d1
----------------- Done invoking toplevel() on ptolemy.moml.MoMLSimpleApplication@1911a4d1
reloadAllAccessors: .ArrayExtract2

===========================================================================================
----------------- testing Sun May 24 14:31:03 UTC 2020 /home/travis/build/icyphy/ptII/ptolemy/actor/lib/test/auto/ArrayLength.xml
----------------- Instantiating /home/travis/build/icyphy/ptII/ptolemy/actor/lib/test/auto/ArrayLength.xml
2 ms. Memory: 321536K Free: 225510K (70%)
----------------- Invoking toplevel() on ptolemy.moml.MoMLSimpleApplication@4b307571
----------------- Done invoking toplevel() on ptolemy.moml.MoMLSimpleApplication@4b307571
reloadAllAccessors: .ArrayLength

===========================================================================================
----------------- testing Sun May 24 14:31:03 UTC 2020 /home/travis/build/icyphy/ptII/ptolemy/actor/lib/test/auto/ArrayLevelCrossing.xml
----------------- Instantiating /home/travis/build/icyphy/ptII/ptolemy/actor/lib/test/auto/ArrayLevelCrossing.xml
3 ms. Memory: 321536K Free: 217828K (68%)
----------------- Invoking toplevel() on ptolemy.moml.MoMLSimpleApplication@12eba446
----------------- Done invoking toplevel() on ptolemy.moml.MoMLSimpleApplication@12eba446
reloadAllAccessors: .ArrayLevelCrossing

===========================================================================================
----------------- testing Sun May 24 14:31:03 UTC 2020 /home/travis/build/icyphy/ptII/ptolemy/actor/lib/test/auto/ArrayLevelCrossing2.xml
----------------- Instantiating /home/travis/build/icyphy/ptII/ptolemy/actor/lib/test/auto/ArrayLevelCrossing2.xml
3 ms. Memory: 321536K Free: 210150K (65%)
----------------- Invoking toplevel() on ptolemy.moml.MoMLSimpleApplication@303298dc
----------------- Done invoking toplevel() on ptolemy.moml.MoMLSimpleApplication@303298dc
reloadAllAccessors: .ArrayLevelCrossing2

===========================================================================================
----------------- testing Sun May 24 14:31:03 UTC 2020 /home/travis/build/icyphy/ptII/ptolemy/actor/lib/test/auto/ArrayPeakSearch.xml
----------------- Instantiating /home/travis/build/icyphy/ptII/ptolemy/actor/lib/test/auto/ArrayPeakSearch.xml
5 ms. Memory: 321536K Free: 201444K (63%)
----------------- Invoking toplevel() on ptolemy.moml.MoMLSimpleApplication@69b9f4c7
----------------- Done invoking toplevel() on ptolemy.moml.MoMLSimpleApplication@69b9f4c7
reloadAllAccessors: .ArrayPeakSearch

===========================================================================================
----------------- testing Sun May 24 14:31:03 UTC 2020 /home/travis/build/icyphy/ptII/ptolemy/actor/lib/test/auto/ArrayPeakSearch2.xml
----------------- Instantiating /home/travis/build/icyphy/ptII/ptolemy/actor/lib/test/auto/ArrayPeakSearch2.xml
5 ms. Memory: 321536K Free: 190694K (59%)
----------------- Invoking toplevel() on ptolemy.moml.MoMLSimpleApplication@139585df
----------------- Done invoking toplevel() on ptolemy.moml.MoMLSimpleApplication@139585df
reloadAllAccessors: .ArrayPeakSearch2

===========================================================================================
----------------- testing Sun May 24 14:31:03 UTC 2020 /home/travis/build/icyphy/ptII/ptolemy/actor/lib/test/auto/ArrayPeakSearch3.xml
----------------- Instantiating /home/travis/build/icyphy/ptII/ptolemy/actor/lib/test/auto/ArrayPeakSearch3.xml
4 ms. Memory: 321536K Free: 181988K (57%)
----------------- Invoking toplevel() on ptolemy.moml.MoMLSimpleApplication@cc59754
----------------- Done invoking toplevel() on ptolemy.moml.MoMLSimpleApplication@cc59754
reloadAllAccessors: .ArrayPeakSearch3

===========================================================================================
----------------- testing Sun May 24 14:31:03 UTC 2020 /home/travis/build/icyphy/ptII/ptolemy/actor/lib/test/auto/ArrayRemoveElement.xml
----------------- Instantiating /home/travis/build/icyphy/ptII/ptolemy/actor/lib/test/auto/ArrayRemoveElement.xml
3 ms. Memory: 321536K Free: 173796K (54%)
----------------- Invoking toplevel() on ptolemy.moml.MoMLSimpleApplication@77ee3a7a
----------------- Done invoking toplevel() on ptolemy.moml.MoMLSimpleApplication@77ee3a7a
reloadAllAccessors: .ArrayRemoveElement

===========================================================================================
----------------- testing Sun May 24 14:31:03 UTC 2020 /home/travis/build/icyphy/ptII/ptolemy/actor/lib/test/auto/ArraySort.xml
----------------- Instantiating /home/travis/build/icyphy/ptII/ptolemy/actor/lib/test/auto/ArraySort.xml
12 ms. Memory: 321536K Free: 165094K (51%)
----------------- Invoking toplevel() on ptolemy.moml.MoMLSimpleApplication@6873dfbc
----------------- Done invoking toplevel() on ptolemy.moml.MoMLSimpleApplication@6873dfbc
reloadAllAccessors: .ArraySort

===========================================================================================
----------------- testing Sun May 24 14:31:03 UTC 2020 /home/travis/build/icyphy/ptII/ptolemy/actor/lib/test/auto/ArraySum.xml
----------------- Instantiating /home/travis/build/icyphy/ptII/ptolemy/actor/lib/test/auto/ArraySum.xml
7 ms. Memory: 321536K Free: 159974K (50%)
----------------- Invoking toplevel() on ptolemy.moml.MoMLSimpleApplication@3994970e
----------------- Done invoking toplevel() on ptolemy.moml.MoMLSimpleApplication@3994970e
reloadAllAccessors: .ArraySum

===========================================================================================
----------------- testing Sun May 24 14:31:03 UTC 2020 /home/travis/build/icyphy/ptII/ptolemy/actor/lib/test/auto/ArrayToElements.xml
----------------- Instantiating /home/travis/build/icyphy/ptII/ptolemy/actor/lib/test/auto/ArrayToElements.xml
5 ms. Memory: 321536K Free: 154340K (48%)
----------------- Invoking toplevel() on ptolemy.moml.MoMLSimpleApplication@779f5376
----------------- Done invoking toplevel() on ptolemy.moml.MoMLSimpleApplication@779f5376
reloadAllAccessors: .ArrayToElements

===========================================================================================
----------------- testing Sun May 24 14:31:03 UTC 2020 /home/travis/build/icyphy/ptII/ptolemy/actor/lib/test/auto/ArrayToMatrix.xml
----------------- Instantiating /home/travis/build/icyphy/ptII/ptolemy/actor/lib/test/auto/ArrayToMatrix.xml
19 ms. Memory: 321536K Free: 140004K (44%)
----------------- Invoking toplevel() on ptolemy.moml.MoMLSimpleApplication@56f8f4f1
----------------- Done invoking toplevel() on ptolemy.moml.MoMLSimpleApplication@56f8f4f1
reloadAllAccessors: .ArrayToMatrix

===========================================================================================
----------------- testing Sun May 24 14:31:03 UTC 2020 /home/travis/build/icyphy/ptII/ptolemy/actor/lib/test/auto/ArrayUpdate1.xml
----------------- Instantiating /home/travis/build/icyphy/ptII/ptolemy/actor/lib/test/auto/ArrayUpdate1.xml
4 ms. Memory: 321536K Free: 134884K (42%)
----------------- Invoking toplevel() on ptolemy.moml.MoMLSimpleApplication@291bd387
----------------- Done invoking toplevel() on ptolemy.moml.MoMLSimpleApplication@291bd387
reloadAllAccessors: .ArrayUpdate1

===========================================================================================
----------------- testing Sun May 24 14:31:03 UTC 2020 /home/travis/build/icyphy/ptII/ptolemy/actor/lib/test/auto/ArrayUpdate2.xml
----------------- Instantiating /home/travis/build/icyphy/ptII/ptolemy/actor/lib/test/auto/ArrayUpdate2.xml
7 ms. Memory: 321536K Free: 128740K (40%)
----------------- Invoking toplevel() on ptolemy.moml.MoMLSimpleApplication@612304f1
----------------- Done invoking toplevel() on ptolemy.moml.MoMLSimpleApplication@612304f1
reloadAllAccessors: .ArrayUpdate2

===========================================================================================
----------------- testing Sun May 24 14:31:03 UTC 2020 /home/travis/build/icyphy/ptII/ptolemy/actor/lib/test/auto/ArrayUpdate3.xml
----------------- Instantiating /home/travis/build/icyphy/ptII/ptolemy/actor/lib/test/auto/ArrayUpdate3.xml
6 ms. Memory: 321536K Free: 123620K (38%)
----------------- Invoking toplevel() on ptolemy.moml.MoMLSimpleApplication@60665acf
----------------- Done invoking toplevel() on ptolemy.moml.MoMLSimpleApplication@60665acf
reloadAllAccessors: .ArrayUpdate3

===========================================================================================
----------------- testing Sun May 24 14:31:03 UTC 2020 /home/travis/build/icyphy/ptII/ptolemy/actor/lib/test/auto/Assert1.xml
----------------- Instantiating /home/travis/build/icyphy/ptII/ptolemy/actor/lib/test/auto/Assert1.xml
5 ms. Memory: 321536K Free: 119524K (37%)
----------------- Invoking toplevel() on ptolemy.moml.MoMLSimpleApplication@2fc47dd6
----------------- Done invoking toplevel() on ptolemy.moml.MoMLSimpleApplication@2fc47dd6
reloadAllAccessors: .Assert1

===========================================================================================
----------------- testing Sun May 24 14:31:03 UTC 2020 /home/travis/build/icyphy/ptII/ptolemy/actor/lib/test/auto/Assert2.xml
----------------- Instantiating /home/travis/build/icyphy/ptII/ptolemy/actor/lib/test/auto/Assert2.xml
3 ms. Memory: 321536K Free: 114404K (36%)
----------------- Invoking toplevel() on ptolemy.moml.MoMLSimpleApplication@135f454a
----------------- Done invoking toplevel() on ptolemy.moml.MoMLSimpleApplication@135f454a
reloadAllAccessors: .Assert2

===========================================================================================
----------------- testing Sun May 24 14:31:03 UTC 2020 /home/travis/build/icyphy/ptII/ptolemy/actor/lib/test/auto/BooleanMultiplexor.xml
----------------- Instantiating /home/travis/build/icyphy/ptII/ptolemy/actor/lib/test/auto/BooleanMultiplexor.xml
2 ms. Memory: 321536K Free: 109254K (34%)
----------------- Invoking toplevel() on ptolemy.moml.MoMLSimpleApplication@6dd886ab
----------------- Done invoking toplevel() on ptolemy.moml.MoMLSimpleApplication@6dd886ab
reloadAllAccessors: .BooleanMultiplexor

===========================================================================================
----------------- testing Sun May 24 14:31:03 UTC 2020 /home/travis/build/icyphy/ptII/ptolemy/actor/lib/test/auto/BooleanMultiplexor2.xml
----------------- Instantiating /home/travis/build/icyphy/ptII/ptolemy/actor/lib/test/auto/BooleanMultiplexor2.xml
3 ms. Memory: 321536K Free: 102116K (32%)
----------------- Invoking toplevel() on ptolemy.moml.MoMLSimpleApplication@30b7f6d4
----------------- Done invoking toplevel() on ptolemy.moml.MoMLSimpleApplication@30b7f6d4
reloadAllAccessors: .BooleanMultiplexor2

===========================================================================================
----------------- testing Sun May 24 14:31:03 UTC 2020 /home/travis/build/icyphy/ptII/ptolemy/actor/lib/test/auto/BooleanMultiplexor3.xml
----------------- Instantiating /home/travis/build/icyphy/ptII/ptolemy/actor/lib/test/auto/BooleanMultiplexor3.xml
1 ms. Memory: 321536K Free: 98534K (31%)
----------------- Invoking toplevel() on ptolemy.moml.MoMLSimpleApplication@7d2e3613
----------------- Done invoking toplevel() on ptolemy.moml.MoMLSimpleApplication@7d2e3613
reloadAllAccessors: .BooleanMultiplexor3

===========================================================================================
----------------- testing Sun May 24 14:31:03 UTC 2020 /home/travis/build/icyphy/ptII/ptolemy/actor/lib/test/auto/BooleanSelect.xml
----------------- Instantiating /home/travis/build/icyphy/ptII/ptolemy/actor/lib/test/auto/BooleanSelect.xml
9 ms. Memory: 321536K Free: 92390K (29%)
----------------- Invoking toplevel() on ptolemy.moml.MoMLSimpleApplication@75767bca
----------------- Done invoking toplevel() on ptolemy.moml.MoMLSimpleApplication@75767bca
reloadAllAccessors: .BooleanSelect

===========================================================================================
----------------- testing Sun May 24 14:31:03 UTC 2020 /home/travis/build/icyphy/ptII/ptolemy/actor/lib/test/auto/BooleanSelect2.xml
----------------- Instantiating /home/travis/build/icyphy/ptII/ptolemy/actor/lib/test/auto/BooleanSelect2.xml
3 ms. Memory: 321536K Free: 269572K (84%)
----------------- Invoking toplevel() on ptolemy.moml.MoMLSimpleApplication@3625de11
----------------- Done invoking toplevel() on ptolemy.moml.MoMLSimpleApplication@3625de11
reloadAllAccessors: .BooleanSelect2

===========================================================================================
----------------- testing Sun May 24 14:31:03 UTC 2020 /home/travis/build/icyphy/ptII/ptolemy/actor/lib/test/auto/BooleanSwitch.xml
----------------- Instantiating /home/travis/build/icyphy/ptII/ptolemy/actor/lib/test/auto/BooleanSwitch.xml
5 ms. Memory: 321536K Free: 263942K (82%)
----------------- Invoking toplevel() on ptolemy.moml.MoMLSimpleApplication@717c5333
----------------- Done invoking toplevel() on ptolemy.moml.MoMLSimpleApplication@717c5333
reloadAllAccessors: .BooleanSwitch

===========================================================================================
----------------- testing Sun May 24 14:31:04 UTC 2020 /home/travis/build/icyphy/ptII/ptolemy/actor/lib/test/auto/BooleanSwitch2.xml
----------------- Instantiating /home/travis/build/icyphy/ptII/ptolemy/actor/lib/test/auto/BooleanSwitch2.xml
2 ms. Memory: 321536K Free: 259332K (81%)
----------------- Invoking toplevel() on ptolemy.moml.MoMLSimpleApplication@545d124c
----------------- Done invoking toplevel() on ptolemy.moml.MoMLSimpleApplication@545d124c
reloadAllAccessors: .BooleanSwitch2

===========================================================================================
----------------- testing Sun May 24 14:31:04 UTC 2020 /home/travis/build/icyphy/ptII/ptolemy/actor/lib/test/auto/BooleanSwitchCloningBugWithClassRelationGroup.xml
----------------- Instantiating /home/travis/build/icyphy/ptII/ptolemy/actor/lib/test/auto/BooleanSwitchCloningBugWithClassRelationGroup.xml
4 ms. Memory: 321536K Free: 253188K (79%)
----------------- Invoking toplevel() on ptolemy.moml.MoMLSimpleApplication@6fa09a80
----------------- Done invoking toplevel() on ptolemy.moml.MoMLSimpleApplication@6fa09a80
reloadAllAccessors: .BooleanSwitchCloningBugWithClassRelationGroup

===========================================================================================
----------------- testing Sun May 24 14:31:04 UTC 2020 /home/travis/build/icyphy/ptII/ptolemy/actor/lib/test/auto/BusActors.xml
----------------- Instantiating /home/travis/build/icyphy/ptII/ptolemy/actor/lib/test/auto/BusActors.xml
7 ms. Memory: 321536K Free: 244996K (76%)
----------------- Invoking toplevel() on ptolemy.moml.MoMLSimpleApplication@311130fc
----------------- Done invoking toplevel() on ptolemy.moml.MoMLSimpleApplication@311130fc
reloadAllAccessors: .BusActors

===========================================================================================
----------------- testing Sun May 24 14:31:04 UTC 2020 /home/travis/build/icyphy/ptII/ptolemy/actor/lib/test/auto/ClassWrapper.xml
----------------- Instantiating /home/travis/build/icyphy/ptII/ptolemy/actor/lib/test/auto/ClassWrapper.xml
3 ms. Memory: 321536K Free: 240900K (75%)
----------------- Invoking toplevel() on ptolemy.moml.MoMLSimpleApplication@29a32dcf
----------------- Done invoking toplevel() on ptolemy.moml.MoMLSimpleApplication@29a32dcf
reloadAllAccessors: .ClassWrapper

===========================================================================================
----------------- testing Sun May 24 14:31:04 UTC 2020 /home/travis/build/icyphy/ptII/ptolemy/actor/lib/test/auto/Clock.xml
----------------- Instantiating /home/travis/build/icyphy/ptII/ptolemy/actor/lib/test/auto/Clock.xml
3 ms. Memory: 321536K Free: 236804K (74%)
----------------- Invoking toplevel() on ptolemy.moml.MoMLSimpleApplication@ab93698
----------------- Done invoking toplevel() on ptolemy.moml.MoMLSimpleApplication@ab93698
reloadAllAccessors: .Clock

===========================================================================================
----------------- testing Sun May 24 14:31:04 UTC 2020 /home/travis/build/icyphy/ptII/ptolemy/actor/lib/test/auto/Clock10.xml
----------------- Instantiating /home/travis/build/icyphy/ptII/ptolemy/actor/lib/test/auto/Clock10.xml
3 ms. Memory: 321536K Free: 231174K (72%)
----------------- Invoking toplevel() on ptolemy.moml.MoMLSimpleApplication@212ab6db
----------------- Done invoking toplevel() on ptolemy.moml.MoMLSimpleApplication@212ab6db
reloadAllAccessors: .Clock10

===========================================================================================
----------------- testing Sun May 24 14:31:04 UTC 2020 /home/travis/build/icyphy/ptII/ptolemy/actor/lib/test/auto/Clock11.xml
----------------- Instantiating /home/travis/build/icyphy/ptII/ptolemy/actor/lib/test/auto/Clock11.xml
3 ms. Memory: 321536K Free: 225030K (70%)
----------------- Invoking toplevel() on ptolemy.moml.MoMLSimpleApplication@3ea63dcb
----------------- Done invoking toplevel() on ptolemy.moml.MoMLSimpleApplication@3ea63dcb
reloadAllAccessors: .Clock11

===========================================================================================
----------------- testing Sun May 24 14:31:04 UTC 2020 /home/travis/build/icyphy/ptII/ptolemy/actor/lib/test/auto/Clock12.xml
----------------- Instantiating /home/travis/build/icyphy/ptII/ptolemy/actor/lib/test/auto/Clock12.xml
4 ms. Memory: 321536K Free: 219396K (68%)
----------------- Invoking toplevel() on ptolemy.moml.MoMLSimpleApplication@320038a1
----------------- Done invoking toplevel() on ptolemy.moml.MoMLSimpleApplication@320038a1
reloadAllAccessors: .Clock12

===========================================================================================
----------------- testing Sun May 24 14:31:04 UTC 2020 /home/travis/build/icyphy/ptII/ptolemy/actor/lib/test/auto/Clock13.xml
----------------- Instantiating /home/travis/build/icyphy/ptII/ptolemy/actor/lib/test/auto/Clock13.xml
6 ms. Memory: 321536K Free: 213222K (66%)
----------------- Invoking toplevel() on ptolemy.moml.MoMLSimpleApplication@206299c0
----------------- Done invoking toplevel() on ptolemy.moml.MoMLSimpleApplication@206299c0
reloadAllAccessors: .Clock13

===========================================================================================
----------------- testing Sun May 24 14:31:04 UTC 2020 /home/travis/build/icyphy/ptII/ptolemy/actor/lib/test/auto/Clock14.xml
----------------- Instantiating /home/travis/build/icyphy/ptII/ptolemy/actor/lib/test/auto/Clock14.xml
5 ms. Memory: 321536K Free: 207622K (65%)
----------------- Invoking toplevel() on ptolemy.moml.MoMLSimpleApplication@4fd7a7d2
----------------- Done invoking toplevel() on ptolemy.moml.MoMLSimpleApplication@4fd7a7d2
reloadAllAccessors: .Clock14

===========================================================================================
----------------- testing Sun May 24 14:31:04 UTC 2020 /home/travis/build/icyphy/ptII/ptolemy/actor/lib/test/auto/Clock15.xml
----------------- Instantiating /home/travis/build/icyphy/ptII/ptolemy/actor/lib/test/auto/Clock15.xml
5 ms. Memory: 321536K Free: 201478K (63%)
----------------- Invoking toplevel() on ptolemy.moml.MoMLSimpleApplication@3a1c1ed
----------------- Done invoking toplevel() on ptolemy.moml.MoMLSimpleApplication@3a1c1ed
reloadAllAccessors: .Clock15

===========================================================================================
----------------- testing Sun May 24 14:31:04 UTC 2020 /home/travis/build/icyphy/ptII/ptolemy/actor/lib/test/auto/Clock16.xml
----------------- Instantiating /home/travis/build/icyphy/ptII/ptolemy/actor/lib/test/auto/Clock16.xml
30 ms. Memory: 321536K Free: 186614K (58%)
----------------- Invoking toplevel() on ptolemy.moml.MoMLSimpleApplication@611d4080
----------------- Done invoking toplevel() on ptolemy.moml.MoMLSimpleApplication@611d4080
reloadAllAccessors: .Clock16

===========================================================================================
----------------- testing Sun May 24 14:31:04 UTC 2020 /home/travis/build/icyphy/ptII/ptolemy/actor/lib/test/auto/Clock17.xml
----------------- Instantiating /home/travis/build/icyphy/ptII/ptolemy/actor/lib/test/auto/Clock17.xml
25 ms. Memory: 321536K Free: 172806K (54%)
----------------- Invoking toplevel() on ptolemy.moml.MoMLSimpleApplication@5b3575c9
----------------- Done invoking toplevel() on ptolemy.moml.MoMLSimpleApplication@5b3575c9
reloadAllAccessors: .Clock17

===========================================================================================
----------------- testing Sun May 24 14:31:04 UTC 2020 /home/travis/build/icyphy/ptII/ptolemy/actor/lib/test/auto/Clock18.xml
----------------- Instantiating /home/travis/build/icyphy/ptII/ptolemy/actor/lib/test/auto/Clock18.xml
21 ms. Memory: 321536K Free: 159494K (50%)
----------------- Invoking toplevel() on ptolemy.moml.MoMLSimpleApplication@68e5bac6
----------------- Done invoking toplevel() on ptolemy.moml.MoMLSimpleApplication@68e5bac6
reloadAllAccessors: .Clock18

===========================================================================================
----------------- testing Sun May 24 14:31:04 UTC 2020 /home/travis/build/icyphy/ptII/ptolemy/actor/lib/test/auto/Clock19.xml
----------------- Instantiating /home/travis/build/icyphy/ptII/ptolemy/actor/lib/test/auto/Clock19.xml
9 ms. Memory: 321536K Free: 146673K (46%)
----------------- Invoking toplevel() on ptolemy.moml.MoMLSimpleApplication@7185f7a6
----------------- Done invoking toplevel() on ptolemy.moml.MoMLSimpleApplication@7185f7a6
reloadAllAccessors: .Clock19

===========================================================================================
----------------- testing Sun May 24 14:31:04 UTC 2020 /home/travis/build/icyphy/ptII/ptolemy/actor/lib/test/auto/Clock2.xml
----------------- Instantiating /home/travis/build/icyphy/ptII/ptolemy/actor/lib/test/auto/Clock2.xml
5 ms. Memory: 321536K Free: 142086K (44%)
----------------- Invoking toplevel() on ptolemy.moml.MoMLSimpleApplication@51c7c40
----------------- Done invoking toplevel() on ptolemy.moml.MoMLSimpleApplication@51c7c40
reloadAllAccessors: .Clock2

===========================================================================================
----------------- testing Sun May 24 14:31:04 UTC 2020 /home/travis/build/icyphy/ptII/ptolemy/actor/lib/test/auto/Clock20.xml
----------------- Instantiating /home/travis/build/icyphy/ptII/ptolemy/actor/lib/test/auto/Clock20.xml
5 ms. Memory: 321536K Free: 136966K (43%)
----------------- Invoking toplevel() on ptolemy.moml.MoMLSimpleApplication@52221cb6
----------------- Done invoking toplevel() on ptolemy.moml.MoMLSimpleApplication@52221cb6
reloadAllAccessors: .Clock20

===========================================================================================
----------------- testing Sun May 24 14:31:04 UTC 2020 /home/travis/build/icyphy/ptII/ptolemy/actor/lib/test/auto/Clock21.xml
----------------- Instantiating /home/travis/build/icyphy/ptII/ptolemy/actor/lib/test/auto/Clock21.xml
4 ms. Memory: 321536K Free: 131332K (41%)
----------------- Invoking toplevel() on ptolemy.moml.MoMLSimpleApplication@7e981fb
----------------- Done invoking toplevel() on ptolemy.moml.MoMLSimpleApplication@7e981fb
reloadAllAccessors: .Clock21

===========================================================================================
----------------- testing Sun May 24 14:31:04 UTC 2020 /home/travis/build/icyphy/ptII/ptolemy/actor/lib/test/auto/Clock22.xml
----------------- Instantiating /home/travis/build/icyphy/ptII/ptolemy/actor/lib/test/auto/Clock22.xml
4 ms. Memory: 321536K Free: 126212K (39%)
----------------- Invoking toplevel() on ptolemy.moml.MoMLSimpleApplication@563c62bf
----------------- Done invoking toplevel() on ptolemy.moml.MoMLSimpleApplication@563c62bf
reloadAllAccessors: .Clock22

===========================================================================================
----------------- testing Sun May 24 14:31:04 UTC 2020 /home/travis/build/icyphy/ptII/ptolemy/actor/lib/test/auto/Clock23.xml
----------------- Instantiating /home/travis/build/icyphy/ptII/ptolemy/actor/lib/test/auto/Clock23.xml
5 ms. Memory: 321536K Free: 120582K (38%)
----------------- Invoking toplevel() on ptolemy.moml.MoMLSimpleApplication@74d0f4f9
----------------- Done invoking toplevel() on ptolemy.moml.MoMLSimpleApplication@74d0f4f9
reloadAllAccessors: .Clock23

===========================================================================================
----------------- testing Sun May 24 14:31:04 UTC 2020 /home/travis/build/icyphy/ptII/ptolemy/actor/lib/test/auto/Clock24.xml
----------------- Instantiating /home/travis/build/icyphy/ptII/ptolemy/actor/lib/test/auto/Clock24.xml
3 ms. Memory: 321536K Free: 114948K (36%)
----------------- Invoking toplevel() on ptolemy.moml.MoMLSimpleApplication@881555b
----------------- Done invoking toplevel() on ptolemy.moml.MoMLSimpleApplication@881555b
reloadAllAccessors: .Clock24

===========================================================================================
----------------- testing Sun May 24 14:31:04 UTC 2020 /home/travis/build/icyphy/ptII/ptolemy/actor/lib/test/auto/Clock4.xml
----------------- Instantiating /home/travis/build/icyphy/ptII/ptolemy/actor/lib/test/auto/Clock4.xml
1 ms. Memory: 321536K Free: 110342K (34%)
----------------- Invoking toplevel() on ptolemy.moml.MoMLSimpleApplication@17c2dce1
----------------- Done invoking toplevel() on ptolemy.moml.MoMLSimpleApplication@17c2dce1
reloadAllAccessors: .Clock4

===========================================================================================
----------------- testing Sun May 24 14:31:04 UTC 2020 /home/travis/build/icyphy/ptII/ptolemy/actor/lib/test/auto/Clock5.xml
----------------- Instantiating /home/travis/build/icyphy/ptII/ptolemy/actor/lib/test/auto/Clock5.xml
2 ms. Memory: 321536K Free: 104708K (33%)
----------------- Invoking toplevel() on ptolemy.moml.MoMLSimpleApplication@7ec526b9
----------------- Done invoking toplevel() on ptolemy.moml.MoMLSimpleApplication@7ec526b9
reloadAllAccessors: .Clock5

===========================================================================================
----------------- testing Sun May 24 14:31:04 UTC 2020 /home/travis/build/icyphy/ptII/ptolemy/actor/lib/test/auto/Clock6.xml
----------------- Instantiating /home/travis/build/icyphy/ptII/ptolemy/actor/lib/test/auto/Clock6.xml
1 ms. Memory: 321536K Free: 100612K (31%)
----------------- Invoking toplevel() on ptolemy.moml.MoMLSimpleApplication@537dc5ad
----------------- Done invoking toplevel() on ptolemy.moml.MoMLSimpleApplication@537dc5ad
reloadAllAccessors: .Clock6

===========================================================================================
----------------- testing Sun May 24 14:31:04 UTC 2020 /home/travis/build/icyphy/ptII/ptolemy/actor/lib/test/auto/Clock7.xml
----------------- Instantiating /home/travis/build/icyphy/ptII/ptolemy/actor/lib/test/auto/Clock7.xml
3 ms. Memory: 321536K Free: 95492K (30%)
----------------- Invoking toplevel() on ptolemy.moml.MoMLSimpleApplication@5020e93
----------------- Done invoking toplevel() on ptolemy.moml.MoMLSimpleApplication@5020e93
reloadAllAccessors: .Clock7

===========================================================================================
----------------- testing Sun May 24 14:31:04 UTC 2020 /home/travis/build/icyphy/ptII/ptolemy/actor/lib/test/auto/Clock8.xml
----------------- Instantiating /home/travis/build/icyphy/ptII/ptolemy/actor/lib/test/auto/Clock8.xml
3 ms. Memory: 321536K Free: 89862K (28%)
----------------- Invoking toplevel() on ptolemy.moml.MoMLSimpleApplication@1b8c51d1
----------------- Done invoking toplevel() on ptolemy.moml.MoMLSimpleApplication@1b8c51d1
reloadAllAccessors: .Clock8

===========================================================================================
----------------- testing Sun May 24 14:31:04 UTC 2020 /home/travis/build/icyphy/ptII/ptolemy/actor/lib/test/auto/Clock9.xml
----------------- Instantiating /home/travis/build/icyphy/ptII/ptolemy/actor/lib/test/auto/Clock9.xml
3 ms. Memory: 321536K Free: 84742K (26%)
----------------- Invoking toplevel() on ptolemy.moml.MoMLSimpleApplication@15066c3
----------------- Done invoking toplevel() on ptolemy.moml.MoMLSimpleApplication@15066c3
reloadAllAccessors: .Clock9

===========================================================================================
----------------- testing Sun May 24 14:31:04 UTC 2020 /home/travis/build/icyphy/ptII/ptolemy/actor/lib/test/auto/CommDistDiscard.xml
----------------- Instantiating /home/travis/build/icyphy/ptII/ptolemy/actor/lib/test/auto/CommDistDiscard.xml
2 ms. Memory: 321536K Free: 269631K (84%)
----------------- Invoking toplevel() on ptolemy.moml.MoMLSimpleApplication@2d2afac2
----------------- Done invoking toplevel() on ptolemy.moml.MoMLSimpleApplication@2d2afac2
reloadAllAccessors: .CommDistDiscard

===========================================================================================
----------------- testing Sun May 24 14:31:04 UTC 2020 /home/travis/build/icyphy/ptII/ptolemy/actor/lib/test/auto/Commutator.xml
----------------- Instantiating /home/travis/build/icyphy/ptII/ptolemy/actor/lib/test/auto/Commutator.xml
2 ms. Memory: 321536K Free: 265028K (82%)
----------------- Invoking toplevel() on ptolemy.moml.MoMLSimpleApplication@6ed20ba1
----------------- Done invoking toplevel() on ptolemy.moml.MoMLSimpleApplication@6ed20ba1
reloadAllAccessors: .Commutator

===========================================================================================
----------------- testing Sun May 24 14:31:04 UTC 2020 /home/travis/build/icyphy/ptII/ptolemy/actor/lib/test/auto/Commutator2.xml
----------------- Instantiating /home/travis/build/icyphy/ptII/ptolemy/actor/lib/test/auto/Commutator2.xml
1 ms. Memory: 321536K Free: 260418K (81%)
----------------- Invoking toplevel() on ptolemy.moml.MoMLSimpleApplication@8f526c8
----------------- Done invoking toplevel() on ptolemy.moml.MoMLSimpleApplication@8f526c8
reloadAllAccessors: .Commutator2

===========================================================================================
----------------- testing Sun May 24 14:31:04 UTC 2020 /home/travis/build/icyphy/ptII/ptolemy/actor/lib/test/auto/Commutator3.xml
----------------- Instantiating /home/travis/build/icyphy/ptII/ptolemy/actor/lib/test/auto/Commutator3.xml
1 ms. Memory: 321536K Free: 256322K (80%)
----------------- Invoking toplevel() on ptolemy.moml.MoMLSimpleApplication@5b65c63d
----------------- Done invoking toplevel() on ptolemy.moml.MoMLSimpleApplication@5b65c63d
reloadAllAccessors: .Commutator3

===========================================================================================
----------------- testing Sun May 24 14:31:04 UTC 2020 /home/travis/build/icyphy/ptII/ptolemy/actor/lib/test/auto/Compare.xml
----------------- Instantiating /home/travis/build/icyphy/ptII/ptolemy/actor/lib/test/auto/Compare.xml
3 ms. Memory: 321536K Free: 249668K (78%)
----------------- Invoking toplevel() on ptolemy.moml.MoMLSimpleApplication@397afec6
----------------- Done invoking toplevel() on ptolemy.moml.MoMLSimpleApplication@397afec6
reloadAllAccessors: .Compare

===========================================================================================
----------------- testing Sun May 24 14:31:04 UTC 2020 /home/travis/build/icyphy/ptII/ptolemy/actor/lib/test/auto/CompareDE.xml
----------------- Instantiating /home/travis/build/icyphy/ptII/ptolemy/actor/lib/test/auto/CompareDE.xml
4 ms. Memory: 321536K Free: 242500K (75%)
----------------- Invoking toplevel() on ptolemy.moml.MoMLSimpleApplication@1c972072
----------------- Done invoking toplevel() on ptolemy.moml.MoMLSimpleApplication@1c972072
reloadAllAccessors: .CompareDE

===========================================================================================
----------------- testing Sun May 24 14:31:04 UTC 2020 /home/travis/build/icyphy/ptII/ptolemy/actor/lib/test/auto/ComplexDivide.xml
----------------- Instantiating /home/travis/build/icyphy/ptII/ptolemy/actor/lib/test/auto/ComplexDivide.xml
1 ms. Memory: 321536K Free: 238914K (74%)
----------------- Invoking toplevel() on ptolemy.moml.MoMLSimpleApplication@67613edd
----------------- Done invoking toplevel() on ptolemy.moml.MoMLSimpleApplication@67613edd
reloadAllAccessors: .ComplexDivide

===========================================================================================
----------------- testing Sun May 24 14:31:04 UTC 2020 /home/travis/build/icyphy/ptII/ptolemy/actor/lib/test/auto/ComputeHistogram.xml
----------------- Instantiating /home/travis/build/icyphy/ptII/ptolemy/actor/lib/test/auto/ComputeHistogram.xml
29 ms. Memory: 321536K Free: 226116K (70%)
----------------- Invoking toplevel() on ptolemy.moml.MoMLSimpleApplication@4b6d5f44
----------------- Done invoking toplevel() on ptolemy.moml.MoMLSimpleApplication@4b6d5f44
reloadAllAccessors: .ComputeHistogram

===========================================================================================
----------------- testing Sun May 24 14:31:04 UTC 2020 /home/travis/build/icyphy/ptII/ptolemy/actor/lib/test/auto/ConfigurationSelect.xml
----------------- Instantiating /home/travis/build/icyphy/ptII/ptolemy/actor/lib/test/auto/ConfigurationSelect.xml
2 ms. Memory: 321536K Free: 220996K (69%)
----------------- Invoking toplevel() on ptolemy.moml.MoMLSimpleApplication@5d77c95c
----------------- Done invoking toplevel() on ptolemy.moml.MoMLSimpleApplication@5d77c95c
reloadAllAccessors: .ConfigurationSelect

===========================================================================================
----------------- testing Sun May 24 14:31:04 UTC 2020 /home/travis/build/icyphy/ptII/ptolemy/actor/lib/test/auto/ConfigurationSelect2.xml
----------------- Instantiating /home/travis/build/icyphy/ptII/ptolemy/actor/lib/test/auto/ConfigurationSelect2.xml
1 ms. Memory: 321536K Free: 216386K (67%)
----------------- Invoking toplevel() on ptolemy.moml.MoMLSimpleApplication@bb14ea2
----------------- Done invoking toplevel() on ptolemy.moml.MoMLSimpleApplication@bb14ea2
reloadAllAccessors: .ConfigurationSelect2

===========================================================================================
----------------- testing Sun May 24 14:31:04 UTC 2020 /home/travis/build/icyphy/ptII/ptolemy/actor/lib/test/auto/ConfigurationSwitch.xml
----------------- Instantiating /home/travis/build/icyphy/ptII/ptolemy/actor/lib/test/auto/ConfigurationSwitch.xml
1 ms. Memory: 321536K Free: 210756K (66%)
----------------- Invoking toplevel() on ptolemy.moml.MoMLSimpleApplication@203910a7
----------------- Done invoking toplevel() on ptolemy.moml.MoMLSimpleApplication@203910a7
reloadAllAccessors: .ConfigurationSwitch

===========================================================================================
----------------- testing Sun May 24 14:31:04 UTC 2020 /home/travis/build/icyphy/ptII/ptolemy/actor/lib/test/auto/ConfigurationSwitch2.xml
----------------- Instantiating /home/travis/build/icyphy/ptII/ptolemy/actor/lib/test/auto/ConfigurationSwitch2.xml
2 ms. Memory: 321536K Free: 205122K (64%)
----------------- Invoking toplevel() on ptolemy.moml.MoMLSimpleApplication@5d69c419
----------------- Done invoking toplevel() on ptolemy.moml.MoMLSimpleApplication@5d69c419
reloadAllAccessors: .ConfigurationSwitch2

===========================================================================================
----------------- testing Sun May 24 14:31:04 UTC 2020 /home/travis/build/icyphy/ptII/ptolemy/actor/lib/test/auto/ConfigurationSwitchCloningBugWithClassRelationGroup.xml
----------------- Instantiating /home/travis/build/icyphy/ptII/ptolemy/actor/lib/test/auto/ConfigurationSwitchCloningBugWithClassRelationGroup.xml
1 ms. Memory: 321536K Free: 198978K (62%)
----------------- Invoking toplevel() on ptolemy.moml.MoMLSimpleApplication@2dd20b76
----------------- Done invoking toplevel() on ptolemy.moml.MoMLSimpleApplication@2dd20b76
reloadAllAccessors: .ConfigurationSwitchCloningBugWithClassRelationGroup

===========================================================================================
----------------- testing Sun May 24 14:31:04 UTC 2020 /home/travis/build/icyphy/ptII/ptolemy/actor/lib/test/auto/ConfigurationSwitchSelectSDF.xml
----------------- Instantiating /home/travis/build/icyphy/ptII/ptolemy/actor/lib/test/auto/ConfigurationSwitchSelectSDF.xml
5 ms. Memory: 321536K Free: 193348K (60%)
----------------- Invoking toplevel() on ptolemy.moml.MoMLSimpleApplication@5caa5336
----------------- Done invoking toplevel() on ptolemy.moml.MoMLSimpleApplication@5caa5336
reloadAllAccessors: .ConfigurationSwitchSelectSDF

===========================================================================================
----------------- testing Sun May 24 14:31:04 UTC 2020 /home/travis/build/icyphy/ptII/ptolemy/actor/lib/test/auto/ConfigurationSwitchSelectSDF2.xml
----------------- Instantiating /home/travis/build/icyphy/ptII/ptolemy/actor/lib/test/auto/ConfigurationSwitchSelectSDF2.xml
2 ms. Memory: 321536K Free: 187204K (58%)
----------------- Invoking toplevel() on ptolemy.moml.MoMLSimpleApplication@493276a0
----------------- Done invoking toplevel() on ptolemy.moml.MoMLSimpleApplication@493276a0
reloadAllAccessors: .ConfigurationSwitchSelectSDF2

===========================================================================================
----------------- testing Sun May 24 14:31:04 UTC 2020 /home/travis/build/icyphy/ptII/ptolemy/actor/lib/test/auto/Const.xml
----------------- Instantiating /home/travis/build/icyphy/ptII/ptolemy/actor/lib/test/auto/Const.xml
0 ms. Memory: 321536K Free: 184132K (57%)
----------------- Invoking toplevel() on ptolemy.moml.MoMLSimpleApplication@5646cf2b
----------------- Done invoking toplevel() on ptolemy.moml.MoMLSimpleApplication@5646cf2b
reloadAllAccessors: .Const

===========================================================================================
----------------- testing Sun May 24 14:31:04 UTC 2020 /home/travis/build/icyphy/ptII/ptolemy/actor/lib/test/auto/Const2.xml
----------------- Instantiating /home/travis/build/icyphy/ptII/ptolemy/actor/lib/test/auto/Const2.xml
1 ms. Memory: 321536K Free: 180036K (56%)
----------------- Invoking toplevel() on ptolemy.moml.MoMLSimpleApplication@465b4ca6
----------------- Done invoking toplevel() on ptolemy.moml.MoMLSimpleApplication@465b4ca6
reloadAllAccessors: .Const2

===========================================================================================
----------------- testing Sun May 24 14:31:04 UTC 2020 /home/travis/build/icyphy/ptII/ptolemy/actor/lib/test/auto/Const3.xml
----------------- Instantiating /home/travis/build/icyphy/ptII/ptolemy/actor/lib/test/auto/Const3.xml
2 ms. Memory: 321536K Free: 176964K (55%)
----------------- Invoking toplevel() on ptolemy.moml.MoMLSimpleApplication@2f83ece
----------------- Done invoking toplevel() on ptolemy.moml.MoMLSimpleApplication@2f83ece
reloadAllAccessors: .Const3

===========================================================================================
----------------- testing Sun May 24 14:31:05 UTC 2020 /home/travis/build/icyphy/ptII/ptolemy/actor/lib/test/auto/ConstantPublisherPort1.xml
----------------- Instantiating /home/travis/build/icyphy/ptII/ptolemy/actor/lib/test/auto/ConstantPublisherPort1.xml
4 ms. Memory: 321536K Free: 168258K (52%)
----------------- Invoking toplevel() on ptolemy.moml.MoMLSimpleApplication@3be366d7
----------------- Done invoking toplevel() on ptolemy.moml.MoMLSimpleApplication@3be366d7
reloadAllAccessors: .ConstantPublisherPort1

===========================================================================================
----------------- testing Sun May 24 14:31:05 UTC 2020 /home/travis/build/icyphy/ptII/ptolemy/actor/lib/test/auto/ConstantPublisherPort2.xml
----------------- Instantiating /home/travis/build/icyphy/ptII/ptolemy/actor/lib/test/auto/ConstantPublisherPort2.xml
9 ms. Memory: 321536K Free: 160580K (50%)
----------------- Invoking toplevel() on ptolemy.moml.MoMLSimpleApplication@5f507c2
----------------- Done invoking toplevel() on ptolemy.moml.MoMLSimpleApplication@5f507c2
reloadAllAccessors: .ConstantPublisherPort2

===========================================================================================
----------------- testing Sun May 24 14:31:05 UTC 2020 /home/travis/build/icyphy/ptII/ptolemy/actor/lib/test/auto/ConstantPublisherPort3.xml
----------------- Instantiating /home/travis/build/icyphy/ptII/ptolemy/actor/lib/test/auto/ConstantPublisherPort3.xml
5 ms. Memory: 321536K Free: 153412K (48%)
----------------- Invoking toplevel() on ptolemy.moml.MoMLSimpleApplication@20b571cc
----------------- Done invoking toplevel() on ptolemy.moml.MoMLSimpleApplication@20b571cc
reloadAllAccessors: .ConstantPublisherPort3

===========================================================================================
----------------- testing Sun May 24 14:31:05 UTC 2020 /home/travis/build/icyphy/ptII/ptolemy/actor/lib/test/auto/ConstantPublisherPort4.xml
----------------- Instantiating /home/travis/build/icyphy/ptII/ptolemy/actor/lib/test/auto/ConstantPublisherPort4.xml
4 ms. Memory: 321536K Free: 145730K (45%)
----------------- Invoking toplevel() on ptolemy.moml.MoMLSimpleApplication@2cccb9e5
----------------- Done invoking toplevel() on ptolemy.moml.MoMLSimpleApplication@2cccb9e5
reloadAllAccessors: .ConstantPublisherPort4

===========================================================================================
----------------- testing Sun May 24 14:31:05 UTC 2020 /home/travis/build/icyphy/ptII/ptolemy/actor/lib/test/auto/ConstantPublisherPort5.xml
----------------- Instantiating /home/travis/build/icyphy/ptII/ptolemy/actor/lib/test/auto/ConstantPublisherPort5.xml
27 ms. Memory: 321536K Free: 136004K (42%)
----------------- Invoking toplevel() on ptolemy.moml.MoMLSimpleApplication@6213dba2
----------------- Done invoking toplevel() on ptolemy.moml.MoMLSimpleApplication@6213dba2
reloadAllAccessors: .ConstantPublisherPort5

===========================================================================================
----------------- testing Sun May 24 14:31:05 UTC 2020 /home/travis/build/icyphy/ptII/ptolemy/actor/lib/test/auto/ConstantPublisherPort6.xml
----------------- Instantiating /home/travis/build/icyphy/ptII/ptolemy/actor/lib/test/auto/ConstantPublisherPort6.xml
18 ms. Memory: 321536K Free: 126788K (39%)
----------------- Invoking toplevel() on ptolemy.moml.MoMLSimpleApplication@2f1ab43
----------------- Done invoking toplevel() on ptolemy.moml.MoMLSimpleApplication@2f1ab43
reloadAllAccessors: .ConstantPublisherPort6

===========================================================================================
----------------- testing Sun May 24 14:31:05 UTC 2020 /home/travis/build/icyphy/ptII/ptolemy/actor/lib/test/auto/ConstantPublisherPort7.xml
----------------- Instantiating /home/travis/build/icyphy/ptII/ptolemy/actor/lib/test/auto/ConstantPublisherPort7.xml
16 ms. Memory: 321536K Free: 117058K (36%)
----------------- Invoking toplevel() on ptolemy.moml.MoMLSimpleApplication@1552d979
----------------- Done invoking toplevel() on ptolemy.moml.MoMLSimpleApplication@1552d979
reloadAllAccessors: .ConstantPublisherPort7

===========================================================================================
----------------- testing Sun May 24 14:31:05 UTC 2020 /home/travis/build/icyphy/ptII/ptolemy/actor/lib/test/auto/ConstraintMonitor1.xml
----------------- Instantiating /home/travis/build/icyphy/ptII/ptolemy/actor/lib/test/auto/ConstraintMonitor1.xml
5 ms. Memory: 321536K Free: 111938K (35%)
----------------- Invoking toplevel() on ptolemy.moml.MoMLSimpleApplication@1d53a756
----------------- Done invoking toplevel() on ptolemy.moml.MoMLSimpleApplication@1d53a756
reloadAllAccessors: .ConstraintMonitor1

===========================================================================================
----------------- testing Sun May 24 14:31:05 UTC 2020 /home/travis/build/icyphy/ptII/ptolemy/actor/lib/test/auto/ConstraintMonitor2.xml
----------------- Instantiating /home/travis/build/icyphy/ptII/ptolemy/actor/lib/test/auto/ConstraintMonitor2.xml
4 ms. Memory: 321536K Free: 107332K (33%)
----------------- Invoking toplevel() on ptolemy.moml.MoMLSimpleApplication@7ab930a2
----------------- Done invoking toplevel() on ptolemy.moml.MoMLSimpleApplication@7ab930a2
reloadAllAccessors: .ConstraintMonitor2

===========================================================================================
----------------- testing Sun May 24 14:31:05 UTC 2020 /home/travis/build/icyphy/ptII/ptolemy/actor/lib/test/auto/ConstraintMonitor3.xml
----------------- Instantiating /home/travis/build/icyphy/ptII/ptolemy/actor/lib/test/auto/ConstraintMonitor3.xml
1 ms. Memory: 321536K Free: 102722K (32%)
----------------- Invoking toplevel() on ptolemy.moml.MoMLSimpleApplication@62e91167
----------------- Done invoking toplevel() on ptolemy.moml.MoMLSimpleApplication@62e91167
reloadAllAccessors: .ConstraintMonitor3

===========================================================================================
----------------- testing Sun May 24 14:31:05 UTC 2020 /home/travis/build/icyphy/ptII/ptolemy/actor/lib/test/auto/ConstraintMonitor4.xml
----------------- Instantiating /home/travis/build/icyphy/ptII/ptolemy/actor/lib/test/auto/ConstraintMonitor4.xml
3 ms. Memory: 321536K Free: 98116K (31%)
----------------- Invoking toplevel() on ptolemy.moml.MoMLSimpleApplication@627e2f13
----------------- Done invoking toplevel() on ptolemy.moml.MoMLSimpleApplication@627e2f13
reloadAllAccessors: .ConstraintMonitor4

===========================================================================================
----------------- testing Sun May 24 14:31:05 UTC 2020 /home/travis/build/icyphy/ptII/ptolemy/actor/lib/test/auto/ConstraintMonitor5.xml
----------------- Instantiating /home/travis/build/icyphy/ptII/ptolemy/actor/lib/test/auto/ConstraintMonitor5.xml
1 ms. Memory: 321536K Free: 92482K (29%)
----------------- Invoking toplevel() on ptolemy.moml.MoMLSimpleApplication@78b84a92
----------------- Done invoking toplevel() on ptolemy.moml.MoMLSimpleApplication@78b84a92
reloadAllAccessors: .ConstraintMonitor5

===========================================================================================
----------------- testing Sun May 24 14:31:05 UTC 2020 /home/travis/build/icyphy/ptII/ptolemy/actor/lib/test/auto/ConstraintMonitor6.xml
----------------- Instantiating /home/travis/build/icyphy/ptII/ptolemy/actor/lib/test/auto/ConstraintMonitor6.xml
3 ms. Memory: 321536K Free: 86332K (27%)
----------------- Invoking toplevel() on ptolemy.moml.MoMLSimpleApplication@6ba617d1
----------------- Done invoking toplevel() on ptolemy.moml.MoMLSimpleApplication@6ba617d1
reloadAllAccessors: .ConstraintMonitor6

===========================================================================================
----------------- testing Sun May 24 14:31:05 UTC 2020 /home/travis/build/icyphy/ptII/ptolemy/actor/lib/test/auto/ConstraintMonitor7.xml
----------------- Instantiating /home/travis/build/icyphy/ptII/ptolemy/actor/lib/test/auto/ConstraintMonitor7.xml
2 ms. Memory: 321536K Free: 270218K (84%)
----------------- Invoking toplevel() on ptolemy.moml.MoMLSimpleApplication@265b4504
----------------- Done invoking toplevel() on ptolemy.moml.MoMLSimpleApplication@265b4504
reloadAllAccessors: .ConstraintMonitor7

===========================================================================================
----------------- testing Sun May 24 14:31:05 UTC 2020 /home/travis/build/icyphy/ptII/ptolemy/actor/lib/test/auto/ConstraintMonitor8.xml
----------------- Instantiating /home/travis/build/icyphy/ptII/ptolemy/actor/lib/test/auto/ConstraintMonitor8.xml
5 ms. Memory: 321536K Free: 262540K (82%)
----------------- Invoking toplevel() on ptolemy.moml.MoMLSimpleApplication@1ee67f32
----------------- Done invoking toplevel() on ptolemy.moml.MoMLSimpleApplication@1ee67f32
reloadAllAccessors: .ConstraintMonitor8

===========================================================================================
----------------- testing Sun May 24 14:31:05 UTC 2020 /home/travis/build/icyphy/ptII/ptolemy/actor/lib/test/auto/Counter.xml
----------------- Instantiating /home/travis/build/icyphy/ptII/ptolemy/actor/lib/test/auto/Counter.xml
2 ms. Memory: 321536K Free: 257420K (80%)
----------------- Invoking toplevel() on ptolemy.moml.MoMLSimpleApplication@24de94f8
----------------- Done invoking toplevel() on ptolemy.moml.MoMLSimpleApplication@24de94f8
reloadAllAccessors: .Counter

===========================================================================================
----------------- testing Sun May 24 14:31:05 UTC 2020 /home/travis/build/icyphy/ptII/ptolemy/actor/lib/test/auto/CurrentTimeSDF.xml
----------------- Instantiating /home/travis/build/icyphy/ptII/ptolemy/actor/lib/test/auto/CurrentTimeSDF.xml
2 ms. Memory: 321536K Free: 253834K (79%)
----------------- Invoking toplevel() on ptolemy.moml.MoMLSimpleApplication@49afd069
----------------- Done invoking toplevel() on ptolemy.moml.MoMLSimpleApplication@49afd069
reloadAllAccessors: .CurrentTimeSDF

===========================================================================================
----------------- testing Sun May 24 14:31:05 UTC 2020 /home/travis/build/icyphy/ptII/ptolemy/actor/lib/test/auto/DB.xml
----------------- Instantiating /home/travis/build/icyphy/ptII/ptolemy/actor/lib/test/auto/DB.xml
1 ms. Memory: 321536K Free: 248714K (77%)
----------------- Invoking toplevel() on ptolemy.moml.MoMLSimpleApplication@378c2aa3
----------------- Done invoking toplevel() on ptolemy.moml.MoMLSimpleApplication@378c2aa3
reloadAllAccessors: .DB

===========================================================================================
----------------- testing Sun May 24 14:31:05 UTC 2020 /home/travis/build/icyphy/ptII/ptolemy/actor/lib/test/auto/DBDE.xml
----------------- Instantiating /home/travis/build/icyphy/ptII/ptolemy/actor/lib/test/auto/DBDE.xml
2 ms. Memory: 321536K Free: 242564K (75%)
----------------- Invoking toplevel() on ptolemy.moml.MoMLSimpleApplication@5d5fea32
----------------- Done invoking toplevel() on ptolemy.moml.MoMLSimpleApplication@5d5fea32
reloadAllAccessors: .DBDE

===========================================================================================
----------------- testing Sun May 24 14:31:05 UTC 2020 /home/travis/build/icyphy/ptII/ptolemy/actor/lib/test/auto/DateConstructor.xml
----------------- Instantiating /home/travis/build/icyphy/ptII/ptolemy/actor/lib/test/auto/DateConstructor.xml
25 ms. Memory: 321536K Free: 225162K (70%)
----------------- Invoking toplevel() on ptolemy.moml.MoMLSimpleApplication@e56adb1
----------------- Done invoking toplevel() on ptolemy.moml.MoMLSimpleApplication@e56adb1
reloadAllAccessors: .DateConstructor

===========================================================================================
----------------- testing Sun May 24 14:31:05 UTC 2020 /home/travis/build/icyphy/ptII/ptolemy/actor/lib/test/auto/DelayTime.xml
----------------- Instantiating /home/travis/build/icyphy/ptII/ptolemy/actor/lib/test/auto/DelayTime.xml
5 ms. Memory: 321536K Free: 220042K (68%)
----------------- Invoking toplevel() on ptolemy.moml.MoMLSimpleApplication@3469b1b
----------------- Done invoking toplevel() on ptolemy.moml.MoMLSimpleApplication@3469b1b
reloadAllAccessors: .DelayTime

===========================================================================================
----------------- testing Sun May 24 14:31:05 UTC 2020 /home/travis/build/icyphy/ptII/ptolemy/actor/lib/test/auto/Dictionary1.xml
----------------- Instantiating /home/travis/build/icyphy/ptII/ptolemy/actor/lib/test/auto/Dictionary1.xml
7 ms. Memory: 321536K Free: 214412K (67%)
----------------- Invoking toplevel() on ptolemy.moml.MoMLSimpleApplication@71895129
----------------- Done invoking toplevel() on ptolemy.moml.MoMLSimpleApplication@71895129
reloadAllAccessors: .Dictionary1

===========================================================================================
----------------- testing Sun May 24 14:31:05 UTC 2020 /home/travis/build/icyphy/ptII/ptolemy/actor/lib/test/auto/Dictionary2.xml
----------------- Instantiating /home/travis/build/icyphy/ptII/ptolemy/actor/lib/test/auto/Dictionary2.xml
4 ms. Memory: 321536K Free: 209292K (65%)
----------------- Invoking toplevel() on ptolemy.moml.MoMLSimpleApplication@541ee3e2
----------------- Done invoking toplevel() on ptolemy.moml.MoMLSimpleApplication@541ee3e2
reloadAllAccessors: .Dictionary2

===========================================================================================
----------------- testing Sun May 24 14:31:05 UTC 2020 /home/travis/build/icyphy/ptII/ptolemy/actor/lib/test/auto/Dictionary3.xml
----------------- Instantiating /home/travis/build/icyphy/ptII/ptolemy/actor/lib/test/auto/Dictionary3.xml
1 ms. Memory: 321536K Free: 203658K (63%)
----------------- Invoking toplevel() on ptolemy.moml.MoMLSimpleApplication@26f0b55e
----------------- Done invoking toplevel() on ptolemy.moml.MoMLSimpleApplication@26f0b55e
reloadAllAccessors: .Dictionary3

===========================================================================================
----------------- testing Sun May 24 14:31:05 UTC 2020 /home/travis/build/icyphy/ptII/ptolemy/actor/lib/test/auto/Dictionary4.xml
----------------- Instantiating /home/travis/build/icyphy/ptII/ptolemy/actor/lib/test/auto/Dictionary4.xml
3 ms. Memory: 321536K Free: 196490K (61%)
----------------- Invoking toplevel() on ptolemy.moml.MoMLSimpleApplication@76fd229f
----------------- Done invoking toplevel() on ptolemy.moml.MoMLSimpleApplication@76fd229f
reloadAllAccessors: .Dictionary4

===========================================================================================
----------------- testing Sun May 24 14:31:05 UTC 2020 /home/travis/build/icyphy/ptII/ptolemy/actor/lib/test/auto/Differential.xml
----------------- Instantiating /home/travis/build/icyphy/ptII/ptolemy/actor/lib/test/auto/Differential.xml
3 ms. Memory: 321536K Free: 191884K (60%)
----------------- Invoking toplevel() on ptolemy.moml.MoMLSimpleApplication@a010e19
----------------- Done invoking toplevel() on ptolemy.moml.MoMLSimpleApplication@a010e19
reloadAllAccessors: .Differential

===========================================================================================
----------------- testing Sun May 24 14:31:05 UTC 2020 /home/travis/build/icyphy/ptII/ptolemy/actor/lib/test/auto/Director.xml
----------------- Instantiating /home/travis/build/icyphy/ptII/ptolemy/actor/lib/test/auto/Director.xml
3 ms. Memory: 321536K Free: 188812K (59%)
----------------- Invoking toplevel() on ptolemy.moml.MoMLSimpleApplication@671dcb49
----------------- Done invoking toplevel() on ptolemy.moml.MoMLSimpleApplication@671dcb49
reloadAllAccessors: .Director

===========================================================================================
----------------- testing Sun May 24 14:31:05 UTC 2020 /home/travis/build/icyphy/ptII/ptolemy/actor/lib/test/auto/DiscreteClock.xml
----------------- Instantiating /home/travis/build/icyphy/ptII/ptolemy/actor/lib/test/auto/DiscreteClock.xml
1 ms. Memory: 321536K Free: 184716K (57%)
----------------- Invoking toplevel() on ptolemy.moml.MoMLSimpleApplication@1af6aa8e
----------------- Done invoking toplevel() on ptolemy.moml.MoMLSimpleApplication@1af6aa8e
reloadAllAccessors: .DiscreteClock

===========================================================================================
----------------- testing Sun May 24 14:31:05 UTC 2020 /home/travis/build/icyphy/ptII/ptolemy/actor/lib/test/auto/DiscreteClock10.xml
----------------- Instantiating /home/travis/build/icyphy/ptII/ptolemy/actor/lib/test/auto/DiscreteClock10.xml
3 ms. Memory: 321536K Free: 178572K (56%)
----------------- Invoking toplevel() on ptolemy.moml.MoMLSimpleApplication@39570b19
----------------- Done invoking toplevel() on ptolemy.moml.MoMLSimpleApplication@39570b19
reloadAllAccessors: .DiscreteClock10

===========================================================================================
----------------- testing Sun May 24 14:31:05 UTC 2020 /home/travis/build/icyphy/ptII/ptolemy/actor/lib/test/auto/DiscreteClock11.xml
----------------- Instantiating /home/travis/build/icyphy/ptII/ptolemy/actor/lib/test/auto/DiscreteClock11.xml
2 ms. Memory: 321536K Free: 172938K (54%)
----------------- Invoking toplevel() on ptolemy.moml.MoMLSimpleApplication@600bf96a
----------------- Done invoking toplevel() on ptolemy.moml.MoMLSimpleApplication@600bf96a
reloadAllAccessors: .DiscreteClock11

===========================================================================================
----------------- testing Sun May 24 14:31:05 UTC 2020 /home/travis/build/icyphy/ptII/ptolemy/actor/lib/test/auto/DiscreteClock12.xml
----------------- Instantiating /home/travis/build/icyphy/ptII/ptolemy/actor/lib/test/auto/DiscreteClock12.xml
2 ms. Memory: 321536K Free: 166794K (52%)
----------------- Invoking toplevel() on ptolemy.moml.MoMLSimpleApplication@26b324b9
----------------- Done invoking toplevel() on ptolemy.moml.MoMLSimpleApplication@26b324b9
reloadAllAccessors: .DiscreteClock12

===========================================================================================
----------------- testing Sun May 24 14:31:05 UTC 2020 /home/travis/build/icyphy/ptII/ptolemy/actor/lib/test/auto/DiscreteClock13.xml
----------------- Instantiating /home/travis/build/icyphy/ptII/ptolemy/actor/lib/test/auto/DiscreteClock13.xml
4 ms. Memory: 321536K Free: 160620K (50%)
----------------- Invoking toplevel() on ptolemy.moml.MoMLSimpleApplication@57f569be
----------------- Done invoking toplevel() on ptolemy.moml.MoMLSimpleApplication@57f569be
reloadAllAccessors: .DiscreteClock13

===========================================================================================
----------------- testing Sun May 24 14:31:05 UTC 2020 /home/travis/build/icyphy/ptII/ptolemy/actor/lib/test/auto/DiscreteClock14.xml
----------------- Instantiating /home/travis/build/icyphy/ptII/ptolemy/actor/lib/test/auto/DiscreteClock14.xml
4 ms. Memory: 321536K Free: 154476K (48%)
----------------- Invoking toplevel() on ptolemy.moml.MoMLSimpleApplication@6efd99c5
----------------- Done invoking toplevel() on ptolemy.moml.MoMLSimpleApplication@6efd99c5
reloadAllAccessors: .DiscreteClock14

===========================================================================================
----------------- testing Sun May 24 14:31:05 UTC 2020 /home/travis/build/icyphy/ptII/ptolemy/actor/lib/test/auto/DiscreteClock15.xml
----------------- Instantiating /home/travis/build/icyphy/ptII/ptolemy/actor/lib/test/auto/DiscreteClock15.xml
4 ms. Memory: 321536K Free: 148348K (46%)
----------------- Invoking toplevel() on ptolemy.moml.MoMLSimpleApplication@5db4c3d1
----------------- Done invoking toplevel() on ptolemy.moml.MoMLSimpleApplication@5db4c3d1
reloadAllAccessors: .DiscreteClock15

===========================================================================================
----------------- testing Sun May 24 14:31:05 UTC 2020 /home/travis/build/icyphy/ptII/ptolemy/actor/lib/test/auto/DiscreteClock16.xml
----------------- Instantiating /home/travis/build/icyphy/ptII/ptolemy/actor/lib/test/auto/DiscreteClock16.xml
15 ms. Memory: 321536K Free: 135036K (42%)
----------------- Invoking toplevel() on ptolemy.moml.MoMLSimpleApplication@65d04b12
----------------- Done invoking toplevel() on ptolemy.moml.MoMLSimpleApplication@65d04b12
reloadAllAccessors: .DiscreteClock16

===========================================================================================
----------------- testing Sun May 24 14:31:05 UTC 2020 /home/travis/build/icyphy/ptII/ptolemy/actor/lib/test/auto/DiscreteClock17.xml
----------------- Instantiating /home/travis/build/icyphy/ptII/ptolemy/actor/lib/test/auto/DiscreteClock17.xml
16 ms. Memory: 321536K Free: 120700K (38%)
----------------- Invoking toplevel() on ptolemy.moml.MoMLSimpleApplication@4aa97a98
----------------- Done invoking toplevel() on ptolemy.moml.MoMLSimpleApplication@4aa97a98
reloadAllAccessors: .DiscreteClock17

===========================================================================================
----------------- testing Sun May 24 14:31:05 UTC 2020 /home/travis/build/icyphy/ptII/ptolemy/actor/lib/test/auto/DiscreteClock18.xml
----------------- Instantiating /home/travis/build/icyphy/ptII/ptolemy/actor/lib/test/auto/DiscreteClock18.xml
19 ms. Memory: 321536K Free: 106892K (33%)
----------------- Invoking toplevel() on ptolemy.moml.MoMLSimpleApplication@503d2924
----------------- Done invoking toplevel() on ptolemy.moml.MoMLSimpleApplication@503d2924
reloadAllAccessors: .DiscreteClock18

===========================================================================================
----------------- testing Sun May 24 14:31:05 UTC 2020 /home/travis/build/icyphy/ptII/ptolemy/actor/lib/test/auto/DiscreteClock19.xml
----------------- Instantiating /home/travis/build/icyphy/ptII/ptolemy/actor/lib/test/auto/DiscreteClock19.xml
17 ms. Memory: 321536K Free: 93050K (29%)
----------------- Invoking toplevel() on ptolemy.moml.MoMLSimpleApplication@784982d8
----------------- Done invoking toplevel() on ptolemy.moml.MoMLSimpleApplication@784982d8
reloadAllAccessors: .DiscreteClock19

===========================================================================================
----------------- testing Sun May 24 14:31:05 UTC 2020 /home/travis/build/icyphy/ptII/ptolemy/actor/lib/test/auto/DiscreteClock2.xml
----------------- Instantiating /home/travis/build/icyphy/ptII/ptolemy/actor/lib/test/auto/DiscreteClock2.xml
4 ms. Memory: 321536K Free: 88460K (28%)
----------------- Invoking toplevel() on ptolemy.moml.MoMLSimpleApplication@13330fc8
----------------- Done invoking toplevel() on ptolemy.moml.MoMLSimpleApplication@13330fc8
reloadAllAccessors: .DiscreteClock2

===========================================================================================
----------------- testing Sun May 24 14:31:05 UTC 2020 /home/travis/build/icyphy/ptII/ptolemy/actor/lib/test/auto/DiscreteClock20.xml
----------------- Instantiating /home/travis/build/icyphy/ptII/ptolemy/actor/lib/test/auto/DiscreteClock20.xml
12 ms. Memory: 321536K Free: 272501K (85%)
----------------- Invoking toplevel() on ptolemy.moml.MoMLSimpleApplication@4b7c0640
----------------- Done invoking toplevel() on ptolemy.moml.MoMLSimpleApplication@4b7c0640
reloadAllAccessors: .DiscreteClock20

===========================================================================================
----------------- testing Sun May 24 14:31:05 UTC 2020 /home/travis/build/icyphy/ptII/ptolemy/actor/lib/test/auto/DiscreteClock21.xml
----------------- Instantiating /home/travis/build/icyphy/ptII/ptolemy/actor/lib/test/auto/DiscreteClock21.xml
2 ms. Memory: 321536K Free: 266623K (83%)
----------------- Invoking toplevel() on ptolemy.moml.MoMLSimpleApplication@5b531f27
----------------- Done invoking toplevel() on ptolemy.moml.MoMLSimpleApplication@5b531f27
reloadAllAccessors: .DiscreteClock21

===========================================================================================
----------------- testing Sun May 24 14:31:05 UTC 2020 /home/travis/build/icyphy/ptII/ptolemy/actor/lib/test/auto/DiscreteClock22.xml
----------------- Instantiating /home/travis/build/icyphy/ptII/ptolemy/actor/lib/test/auto/DiscreteClock22.xml
4 ms. Memory: 321536K Free: 260989K (81%)
----------------- Invoking toplevel() on ptolemy.moml.MoMLSimpleApplication@4879346c
----------------- Done invoking toplevel() on ptolemy.moml.MoMLSimpleApplication@4879346c
reloadAllAccessors: .DiscreteClock22

===========================================================================================
----------------- testing Sun May 24 14:31:05 UTC 2020 /home/travis/build/icyphy/ptII/ptolemy/actor/lib/test/auto/DiscreteClock23.xml
----------------- Instantiating /home/travis/build/icyphy/ptII/ptolemy/actor/lib/test/auto/DiscreteClock23.xml
9 ms. Memory: 321536K Free: 255359K (79%)
----------------- Invoking toplevel() on ptolemy.moml.MoMLSimpleApplication@692844cf
----------------- Done invoking toplevel() on ptolemy.moml.MoMLSimpleApplication@692844cf
reloadAllAccessors: .DiscreteClock23

===========================================================================================
----------------- testing Sun May 24 14:31:05 UTC 2020 /home/travis/build/icyphy/ptII/ptolemy/actor/lib/test/auto/DiscreteClock24.xml
----------------- Instantiating /home/travis/build/icyphy/ptII/ptolemy/actor/lib/test/auto/DiscreteClock24.xml
4 ms. Memory: 321536K Free: 249725K (78%)
----------------- Invoking toplevel() on ptolemy.moml.MoMLSimpleApplication@62ae5a44
----------------- Done invoking toplevel() on ptolemy.moml.MoMLSimpleApplication@62ae5a44
reloadAllAccessors: .DiscreteClock24

===========================================================================================
----------------- testing Sun May 24 14:31:05 UTC 2020 /home/travis/build/icyphy/ptII/ptolemy/actor/lib/test/auto/DiscreteClock4.xml
----------------- Instantiating /home/travis/build/icyphy/ptII/ptolemy/actor/lib/test/auto/DiscreteClock4.xml
4 ms. Memory: 321536K Free: 244605K (76%)
----------------- Invoking toplevel() on ptolemy.moml.MoMLSimpleApplication@4b926df7
----------------- Done invoking toplevel() on ptolemy.moml.MoMLSimpleApplication@4b926df7
reloadAllAccessors: .DiscreteClock4

===========================================================================================
----------------- testing Sun May 24 14:31:06 UTC 2020 /home/travis/build/icyphy/ptII/ptolemy/actor/lib/test/auto/DiscreteClock5.xml
----------------- Instantiating /home/travis/build/icyphy/ptII/ptolemy/actor/lib/test/auto/DiscreteClock5.xml
2 ms. Memory: 321536K Free: 238975K (74%)
----------------- Invoking toplevel() on ptolemy.moml.MoMLSimpleApplication@1c457efc
----------------- Done invoking toplevel() on ptolemy.moml.MoMLSimpleApplication@1c457efc
reloadAllAccessors: .DiscreteClock5

===========================================================================================
----------------- testing Sun May 24 14:31:06 UTC 2020 /home/travis/build/icyphy/ptII/ptolemy/actor/lib/test/auto/DiscreteClock6.xml
----------------- Instantiating /home/travis/build/icyphy/ptII/ptolemy/actor/lib/test/auto/DiscreteClock6.xml
1 ms. Memory: 321536K Free: 234879K (73%)
----------------- Invoking toplevel() on ptolemy.moml.MoMLSimpleApplication@2fb63af3
----------------- Done invoking toplevel() on ptolemy.moml.MoMLSimpleApplication@2fb63af3
reloadAllAccessors: .DiscreteClock6

===========================================================================================
----------------- testing Sun May 24 14:31:06 UTC 2020 /home/travis/build/icyphy/ptII/ptolemy/actor/lib/test/auto/DiscreteClock7.xml
----------------- Instantiating /home/travis/build/icyphy/ptII/ptolemy/actor/lib/test/auto/DiscreteClock7.xml
1 ms. Memory: 321536K Free: 230269K (72%)
----------------- Invoking toplevel() on ptolemy.moml.MoMLSimpleApplication@925b08b
----------------- Done invoking toplevel() on ptolemy.moml.MoMLSimpleApplication@925b08b
reloadAllAccessors: .DiscreteClock7

===========================================================================================
----------------- testing Sun May 24 14:31:06 UTC 2020 /home/travis/build/icyphy/ptII/ptolemy/actor/lib/test/auto/DiscreteClock8.xml
----------------- Instantiating /home/travis/build/icyphy/ptII/ptolemy/actor/lib/test/auto/DiscreteClock8.xml
4 ms. Memory: 321536K Free: 225119K (70%)
----------------- Invoking toplevel() on ptolemy.moml.MoMLSimpleApplication@42be230c
----------------- Done invoking toplevel() on ptolemy.moml.MoMLSimpleApplication@42be230c
reloadAllAccessors: .DiscreteClock8

===========================================================================================
----------------- testing Sun May 24 14:31:06 UTC 2020 /home/travis/build/icyphy/ptII/ptolemy/actor/lib/test/auto/DiscreteClock9.xml
----------------- Instantiating /home/travis/build/icyphy/ptII/ptolemy/actor/lib/test/auto/DiscreteClock9.xml
3 ms. Memory: 321536K Free: 218975K (68%)
----------------- Invoking toplevel() on ptolemy.moml.MoMLSimpleApplication@687fe0b5
----------------- Done invoking toplevel() on ptolemy.moml.MoMLSimpleApplication@687fe0b5
reloadAllAccessors: .DiscreteClock9

===========================================================================================
----------------- testing Sun May 24 14:31:06 UTC 2020 /home/travis/build/icyphy/ptII/ptolemy/actor/lib/test/auto/DisplayArray.xml
----------------- Instantiating /home/travis/build/icyphy/ptII/ptolemy/actor/lib/test/auto/DisplayArray.xml
1 ms. Memory: 321536K Free: 215423K (67%)
----------------- Invoking toplevel() on ptolemy.moml.MoMLSimpleApplication@4cff695d
----------------- Done invoking toplevel() on ptolemy.moml.MoMLSimpleApplication@4cff695d
reloadAllAccessors: .DisplayArray

===========================================================================================
----------------- testing Sun May 24 14:31:06 UTC 2020 /home/travis/build/icyphy/ptII/ptolemy/actor/lib/test/auto/Distributor.xml
----------------- Instantiating /home/travis/build/icyphy/ptII/ptolemy/actor/lib/test/auto/Distributor.xml
1 ms. Memory: 321536K Free: 210303K (65%)
----------------- Invoking toplevel() on ptolemy.moml.MoMLSimpleApplication@13b675e2
----------------- Done invoking toplevel() on ptolemy.moml.MoMLSimpleApplication@13b675e2
reloadAllAccessors: .Distributor

===========================================================================================
----------------- testing Sun May 24 14:31:06 UTC 2020 /home/travis/build/icyphy/ptII/ptolemy/actor/lib/test/auto/Distributor2.xml
----------------- Instantiating /home/travis/build/icyphy/ptII/ptolemy/actor/lib/test/auto/Distributor2.xml
1 ms. Memory: 321536K Free: 205693K (64%)
----------------- Invoking toplevel() on ptolemy.moml.MoMLSimpleApplication@70bbaf4e
----------------- Done invoking toplevel() on ptolemy.moml.MoMLSimpleApplication@70bbaf4e
reloadAllAccessors: .Distributor2

===========================================================================================
----------------- testing Sun May 24 14:31:06 UTC 2020 /home/travis/build/icyphy/ptII/ptolemy/actor/lib/test/auto/DownSample.xml
----------------- Instantiating /home/travis/build/icyphy/ptII/ptolemy/actor/lib/test/auto/DownSample.xml
10 ms. Memory: 321536K Free: 201087K (63%)
----------------- Invoking toplevel() on ptolemy.moml.MoMLSimpleApplication@4085f6b6
----------------- Done invoking toplevel() on ptolemy.moml.MoMLSimpleApplication@4085f6b6
reloadAllAccessors: .DownSample

===========================================================================================
----------------- testing Sun May 24 14:31:06 UTC 2020 /home/travis/build/icyphy/ptII/ptolemy/actor/lib/test/auto/ElectronicUnitBase1.xml
----------------- Instantiating /home/travis/build/icyphy/ptII/ptolemy/actor/lib/test/auto/ElectronicUnitBase1.xml
18 ms. Memory: 321536K Free: 185727K (58%)
----------------- Invoking toplevel() on ptolemy.moml.MoMLSimpleApplication@63ed113a
----------------- Done invoking toplevel() on ptolemy.moml.MoMLSimpleApplication@63ed113a
reloadAllAccessors: .ElectronicUnitBase1

===========================================================================================
----------------- testing Sun May 24 14:31:06 UTC 2020 /home/travis/build/icyphy/ptII/ptolemy/actor/lib/test/auto/ElementsToArray.xml
----------------- Instantiating /home/travis/build/icyphy/ptII/ptolemy/actor/lib/test/auto/ElementsToArray.xml
2 ms. Memory: 321536K Free: 180607K (56%)
----------------- Invoking toplevel() on ptolemy.moml.MoMLSimpleApplication@65eeffe4
----------------- Done invoking toplevel() on ptolemy.moml.MoMLSimpleApplication@65eeffe4
reloadAllAccessors: .ElementsToArray

===========================================================================================
----------------- testing Sun May 24 14:31:06 UTC 2020 /home/travis/build/icyphy/ptII/ptolemy/actor/lib/test/auto/Equals.xml
----------------- Instantiating /home/travis/build/icyphy/ptII/ptolemy/actor/lib/test/auto/Equals.xml
2 ms. Memory: 321536K Free: 175997K (55%)
----------------- Invoking toplevel() on ptolemy.moml.MoMLSimpleApplication@485997
----------------- Done invoking toplevel() on ptolemy.moml.MoMLSimpleApplication@485997
reloadAllAccessors: .Equals

===========================================================================================
----------------- testing Sun May 24 14:31:06 UTC 2020 /home/travis/build/icyphy/ptII/ptolemy/actor/lib/test/auto/Exec.xml
----------------- Instantiating /home/travis/build/icyphy/ptII/ptolemy/actor/lib/test/auto/Exec.xml
15 ms. Memory: 321536K Free: 170877K (53%)
----------------- Invoking toplevel() on ptolemy.moml.MoMLSimpleApplication@134ce09e
----------------- Done invoking toplevel() on ptolemy.moml.MoMLSimpleApplication@134ce09e
reloadAllAccessors: .Exec

===========================================================================================
----------------- testing Sun May 24 14:31:06 UTC 2020 /home/travis/build/icyphy/ptII/ptolemy/actor/lib/test/auto/ExecEnvironment.xml
----------------- Instantiating /home/travis/build/icyphy/ptII/ptolemy/actor/lib/test/auto/ExecEnvironment.xml
25 ms. Memory: 321536K Free: 165245K (51%)
----------------- Invoking toplevel() on ptolemy.moml.MoMLSimpleApplication@4343d8bb
----------------- Done invoking toplevel() on ptolemy.moml.MoMLSimpleApplication@4343d8bb
reloadAllAccessors: .ExecEnvironment

===========================================================================================
----------------- testing Sun May 24 14:31:06 UTC 2020 /home/travis/build/icyphy/ptII/ptolemy/actor/lib/test/auto/ExecNonZeroReturnOutput.xml
----------------- Instantiating /home/travis/build/icyphy/ptII/ptolemy/actor/lib/test/auto/ExecNonZeroReturnOutput.xml
156 ms. Memory: 321536K Free: 153983K (48%)
----------------- Invoking toplevel() on ptolemy.moml.MoMLSimpleApplication@79df398b
----------------- Done invoking toplevel() on ptolemy.moml.MoMLSimpleApplication@79df398b
reloadAllAccessors: .ExecNonZeroReturnOutput

===========================================================================================
----------------- testing Sun May 24 14:31:06 UTC 2020 /home/travis/build/icyphy/ptII/ptolemy/actor/lib/test/auto/ExecRunDemos.xml
----------------- Instantiating /home/travis/build/icyphy/ptII/ptolemy/actor/lib/test/auto/ExecRunDemos.xml
Finished: 84 ms. Memory: 129024K Free: 112149K (87%)

Finished: 91 ms. Memory: 129024K Free: 109483K (85%)

Finished: 69 ms. Memory: 129024K Free: 109583K (85%)

Finished: 58 ms. Memory: 129024K Free: 111021K (86%)

Finished: 82 ms. Memory: 129024K Free: 111895K (87%)

9982 ms. Memory: 321536K Free: 132477K (41%)
----------------- Invoking toplevel() on ptolemy.moml.MoMLSimpleApplication@4d78db10
----------------- Done invoking toplevel() on ptolemy.moml.MoMLSimpleApplication@4d78db10
reloadAllAccessors: .ExecRunDemos

===========================================================================================
----------------- testing Sun May 24 14:31:16 UTC 2020 /home/travis/build/icyphy/ptII/ptolemy/actor/lib/test/auto/ExecStop.xml
----------------- Instantiating /home/travis/build/icyphy/ptII/ptolemy/actor/lib/test/auto/ExecStop.xml
5013 ms. Memory: 321536K Free: 220536K (69%)
----------------- Invoking toplevel() on ptolemy.moml.MoMLSimpleApplication@a31741a
----------------- Done invoking toplevel() on ptolemy.moml.MoMLSimpleApplication@a31741a
reloadAllAccessors: .ExecStop

===========================================================================================
----------------- testing Sun May 24 14:31:21 UTC 2020 /home/travis/build/icyphy/ptII/ptolemy/actor/lib/test/auto/ExecutionTimeSDF.xml
----------------- Instantiating /home/travis/build/icyphy/ptII/ptolemy/actor/lib/test/auto/ExecutionTimeSDF.xml
Fired ExecutionTime: -1564567296
Fired ExecutionTime: 1331200000
Fired ExecutionTime: -161767296
6006 ms. Memory: 321536K Free: 207758K (65%)
----------------- Invoking toplevel() on ptolemy.moml.MoMLSimpleApplication@5049359e
----------------- Done invoking toplevel() on ptolemy.moml.MoMLSimpleApplication@5049359e
reloadAllAccessors: .ExecutionTimeSDF

===========================================================================================
----------------- testing Sun May 24 14:31:27 UTC 2020 /home/travis/build/icyphy/ptII/ptolemy/actor/lib/test/auto/Expression1.xml
----------------- Instantiating /home/travis/build/icyphy/ptII/ptolemy/actor/lib/test/auto/Expression1.xml
1 ms. Memory: 321536K Free: 204226K (64%)
----------------- Invoking toplevel() on ptolemy.moml.MoMLSimpleApplication@6c37738c
----------------- Done invoking toplevel() on ptolemy.moml.MoMLSimpleApplication@6c37738c
reloadAllAccessors: .Expression1

===========================================================================================
----------------- testing Sun May 24 14:31:27 UTC 2020 /home/travis/build/icyphy/ptII/ptolemy/actor/lib/test/auto/Expression10.xml
----------------- Instantiating /home/travis/build/icyphy/ptII/ptolemy/actor/lib/test/auto/Expression10.xml
7 ms. Memory: 321536K Free: 199106K (62%)
----------------- Invoking toplevel() on ptolemy.moml.MoMLSimpleApplication@4073dea0
----------------- Done invoking toplevel() on ptolemy.moml.MoMLSimpleApplication@4073dea0
reloadAllAccessors: .Expression10

===========================================================================================
----------------- testing Sun May 24 14:31:27 UTC 2020 /home/travis/build/icyphy/ptII/ptolemy/actor/lib/test/auto/Expression11.xml
----------------- Instantiating /home/travis/build/icyphy/ptII/ptolemy/actor/lib/test/auto/Expression11.xml
4 ms. Memory: 321536K Free: 194438K (60%)
----------------- Invoking toplevel() on ptolemy.moml.MoMLSimpleApplication@7e14e461
----------------- Done invoking toplevel() on ptolemy.moml.MoMLSimpleApplication@7e14e461
reloadAllAccessors: .Expression11

===========================================================================================
----------------- testing Sun May 24 14:31:27 UTC 2020 /home/travis/build/icyphy/ptII/ptolemy/actor/lib/test/auto/Expression12.xml
----------------- Instantiating /home/travis/build/icyphy/ptII/ptolemy/actor/lib/test/auto/Expression12.xml
2 ms. Memory: 321536K Free: 188852K (59%)
----------------- Invoking toplevel() on ptolemy.moml.MoMLSimpleApplication@5e65c6f1
----------------- Done invoking toplevel() on ptolemy.moml.MoMLSimpleApplication@5e65c6f1
reloadAllAccessors: .Expression12

===========================================================================================
----------------- testing Sun May 24 14:31:27 UTC 2020 /home/travis/build/icyphy/ptII/ptolemy/actor/lib/test/auto/Expression13.xml
----------------- Instantiating /home/travis/build/icyphy/ptII/ptolemy/actor/lib/test/auto/Expression13.xml
4 ms. Memory: 321536K Free: 184220K (57%)
----------------- Invoking toplevel() on ptolemy.moml.MoMLSimpleApplication@1736d411
----------------- Done invoking toplevel() on ptolemy.moml.MoMLSimpleApplication@1736d411
reloadAllAccessors: .Expression13

===========================================================================================
----------------- testing Sun May 24 14:31:27 UTC 2020 /home/travis/build/icyphy/ptII/ptolemy/actor/lib/test/auto/Expression14.xml
----------------- Instantiating /home/travis/build/icyphy/ptII/ptolemy/actor/lib/test/auto/Expression14.xml
7 ms. Memory: 321536K Free: 178076K (55%)
----------------- Invoking toplevel() on ptolemy.moml.MoMLSimpleApplication@135c467a
----------------- Done invoking toplevel() on ptolemy.moml.MoMLSimpleApplication@135c467a
reloadAllAccessors: .Expression14

===========================================================================================
----------------- testing Sun May 24 14:31:27 UTC 2020 /home/travis/build/icyphy/ptII/ptolemy/actor/lib/test/auto/Expression15.xml
----------------- Instantiating /home/travis/build/icyphy/ptII/ptolemy/actor/lib/test/auto/Expression15.xml
1 ms. Memory: 321536K Free: 173966K (54%)
----------------- Invoking toplevel() on ptolemy.moml.MoMLSimpleApplication@75af12ad
----------------- Done invoking toplevel() on ptolemy.moml.MoMLSimpleApplication@75af12ad
reloadAllAccessors: .Expression15

===========================================================================================
----------------- testing Sun May 24 14:31:27 UTC 2020 /home/travis/build/icyphy/ptII/ptolemy/actor/lib/test/auto/Expression16.xml
----------------- Instantiating /home/travis/build/icyphy/ptII/ptolemy/actor/lib/test/auto/Expression16.xml
2 ms. Memory: 321536K Free: 168860K (53%)
----------------- Invoking toplevel() on ptolemy.moml.MoMLSimpleApplication@6e09f5c
----------------- Done invoking toplevel() on ptolemy.moml.MoMLSimpleApplication@6e09f5c
reloadAllAccessors: .Expression16

===========================================================================================
----------------- testing Sun May 24 14:31:27 UTC 2020 /home/travis/build/icyphy/ptII/ptolemy/actor/lib/test/auto/Expression17.xml
----------------- Instantiating /home/travis/build/icyphy/ptII/ptolemy/actor/lib/test/auto/Expression17.xml
2 ms. Memory: 321536K Free: 164268K (51%)
----------------- Invoking toplevel() on ptolemy.moml.MoMLSimpleApplication@41746698
----------------- Done invoking toplevel() on ptolemy.moml.MoMLSimpleApplication@41746698
reloadAllAccessors: .Expression17

===========================================================================================
----------------- testing Sun May 24 14:31:27 UTC 2020 /home/travis/build/icyphy/ptII/ptolemy/actor/lib/test/auto/Expression18.xml
----------------- Instantiating /home/travis/build/icyphy/ptII/ptolemy/actor/lib/test/auto/Expression18.xml
2 ms. Memory: 321536K Free: 159096K (49%)
----------------- Invoking toplevel() on ptolemy.moml.MoMLSimpleApplication@22542bcb
----------------- Done invoking toplevel() on ptolemy.moml.MoMLSimpleApplication@22542bcb
reloadAllAccessors: .Expression18

===========================================================================================
----------------- testing Sun May 24 14:31:27 UTC 2020 /home/travis/build/icyphy/ptII/ptolemy/actor/lib/test/auto/Expression2.xml
----------------- Instantiating /home/travis/build/icyphy/ptII/ptolemy/actor/lib/test/auto/Expression2.xml
2 ms. Memory: 321536K Free: 154028K (48%)
----------------- Invoking toplevel() on ptolemy.moml.MoMLSimpleApplication@3f7fe566
----------------- Done invoking toplevel() on ptolemy.moml.MoMLSimpleApplication@3f7fe566
reloadAllAccessors: .Expression2

===========================================================================================
----------------- testing Sun May 24 14:31:27 UTC 2020 /home/travis/build/icyphy/ptII/ptolemy/actor/lib/test/auto/Expression3.xml
----------------- Instantiating /home/travis/build/icyphy/ptII/ptolemy/actor/lib/test/auto/Expression3.xml
5 ms. Memory: 321536K Free: 148931K (46%)
----------------- Invoking toplevel() on ptolemy.moml.MoMLSimpleApplication@19f4d02
----------------- Done invoking toplevel() on ptolemy.moml.MoMLSimpleApplication@19f4d02
reloadAllAccessors: .Expression3

===========================================================================================
----------------- testing Sun May 24 14:31:27 UTC 2020 /home/travis/build/icyphy/ptII/ptolemy/actor/lib/test/auto/Expression4.xml
----------------- Instantiating /home/travis/build/icyphy/ptII/ptolemy/actor/lib/test/auto/Expression4.xml
3 ms. Memory: 321536K Free: 141722K (44%)
----------------- Invoking toplevel() on ptolemy.moml.MoMLSimpleApplication@3d696cd9
----------------- Done invoking toplevel() on ptolemy.moml.MoMLSimpleApplication@3d696cd9
reloadAllAccessors: .Expression4

===========================================================================================
----------------- testing Sun May 24 14:31:27 UTC 2020 /home/travis/build/icyphy/ptII/ptolemy/actor/lib/test/auto/Expression5.xml
----------------- Instantiating /home/travis/build/icyphy/ptII/ptolemy/actor/lib/test/auto/Expression5.xml
4 ms. Memory: 321536K Free: 136604K (42%)
----------------- Invoking toplevel() on ptolemy.moml.MoMLSimpleApplication@1379453c
----------------- Done invoking toplevel() on ptolemy.moml.MoMLSimpleApplication@1379453c
reloadAllAccessors: .Expression5

===========================================================================================
----------------- testing Sun May 24 14:31:27 UTC 2020 /home/travis/build/icyphy/ptII/ptolemy/actor/lib/test/auto/Expression6.xml
----------------- Instantiating /home/travis/build/icyphy/ptII/ptolemy/actor/lib/test/auto/Expression6.xml
2 ms. Memory: 321536K Free: 131996K (41%)
----------------- Invoking toplevel() on ptolemy.moml.MoMLSimpleApplication@3183b2fc
----------------- Done invoking toplevel() on ptolemy.moml.MoMLSimpleApplication@3183b2fc
reloadAllAccessors: .Expression6

===========================================================================================
----------------- testing Sun May 24 14:31:27 UTC 2020 /home/travis/build/icyphy/ptII/ptolemy/actor/lib/test/auto/Expression7.xml
----------------- Instantiating /home/travis/build/icyphy/ptII/ptolemy/actor/lib/test/auto/Expression7.xml
2 ms. Memory: 321536K Free: 126876K (39%)
----------------- Invoking toplevel() on ptolemy.moml.MoMLSimpleApplication@40db47de
----------------- Done invoking toplevel() on ptolemy.moml.MoMLSimpleApplication@40db47de
reloadAllAccessors: .Expression7

===========================================================================================
----------------- testing Sun May 24 14:31:27 UTC 2020 /home/travis/build/icyphy/ptII/ptolemy/actor/lib/test/auto/Expression8.xml
----------------- Instantiating /home/travis/build/icyphy/ptII/ptolemy/actor/lib/test/auto/Expression8.xml
7 ms. Memory: 321536K Free: 122276K (38%)
----------------- Invoking toplevel() on ptolemy.moml.MoMLSimpleApplication@71301930
----------------- Done invoking toplevel() on ptolemy.moml.MoMLSimpleApplication@71301930
reloadAllAccessors: .Expression8

===========================================================================================
----------------- testing Sun May 24 14:31:27 UTC 2020 /home/travis/build/icyphy/ptII/ptolemy/actor/lib/test/auto/Expression9.xml
----------------- Instantiating /home/travis/build/icyphy/ptII/ptolemy/actor/lib/test/auto/Expression9.xml
1 ms. Memory: 321536K Free: 118196K (37%)
----------------- Invoking toplevel() on ptolemy.moml.MoMLSimpleApplication@1a2f386
----------------- Done invoking toplevel() on ptolemy.moml.MoMLSimpleApplication@1a2f386
reloadAllAccessors: .Expression9

===========================================================================================
----------------- testing Sun May 24 14:31:27 UTC 2020 /home/travis/build/icyphy/ptII/ptolemy/actor/lib/test/auto/ExpressionConcatenateArrayType.xml
----------------- Instantiating /home/travis/build/icyphy/ptII/ptolemy/actor/lib/test/auto/ExpressionConcatenateArrayType.xml
3 ms. Memory: 321536K Free: 111516K (35%)
----------------- Invoking toplevel() on ptolemy.moml.MoMLSimpleApplication@7e9dc54b
----------------- Done invoking toplevel() on ptolemy.moml.MoMLSimpleApplication@7e9dc54b
reloadAllAccessors: .ExpressionConcatenateArrayType

===========================================================================================
----------------- testing Sun May 24 14:31:27 UTC 2020 /home/travis/build/icyphy/ptII/ptolemy/actor/lib/test/auto/ExpressionConcatenateArrayType2.xml
----------------- Instantiating /home/travis/build/icyphy/ptII/ptolemy/actor/lib/test/auto/ExpressionConcatenateArrayType2.xml
3 ms. Memory: 321536K Free: 105848K (33%)
----------------- Invoking toplevel() on ptolemy.moml.MoMLSimpleApplication@7e7a5040
----------------- Done invoking toplevel() on ptolemy.moml.MoMLSimpleApplication@7e7a5040
reloadAllAccessors: .ExpressionConcatenateArrayType2

===========================================================================================
----------------- testing Sun May 24 14:31:27 UTC 2020 /home/travis/build/icyphy/ptII/ptolemy/actor/lib/test/auto/ExpressionFix.xml
----------------- Instantiating /home/travis/build/icyphy/ptII/ptolemy/actor/lib/test/auto/ExpressionFix.xml
21 ms. Memory: 321536K Free: 99740K (31%)
----------------- Invoking toplevel() on ptolemy.moml.MoMLSimpleApplication@1c9fa48a
----------------- Done invoking toplevel() on ptolemy.moml.MoMLSimpleApplication@1c9fa48a
reloadAllAccessors: .ExpressionFix

===========================================================================================
----------------- testing Sun May 24 14:31:27 UTC 2020 /home/travis/build/icyphy/ptII/ptolemy/actor/lib/test/auto/ExpressionFix2.xml
----------------- Instantiating /home/travis/build/icyphy/ptII/ptolemy/actor/lib/test/auto/ExpressionFix2.xml
3 ms. Memory: 321536K Free: 95608K (30%)
----------------- Invoking toplevel() on ptolemy.moml.MoMLSimpleApplication@39ac3f58
----------------- Done invoking toplevel() on ptolemy.moml.MoMLSimpleApplication@39ac3f58
reloadAllAccessors: .ExpressionFix2

===========================================================================================
----------------- testing Sun May 24 14:31:27 UTC 2020 /home/travis/build/icyphy/ptII/ptolemy/actor/lib/test/auto/ExpressionFix3.xml
----------------- Instantiating /home/travis/build/icyphy/ptII/ptolemy/actor/lib/test/auto/ExpressionFix3.xml
3 ms. Memory: 321536K Free: 91512K (28%)
----------------- Invoking toplevel() on ptolemy.moml.MoMLSimpleApplication@2be1f2e7
----------------- Done invoking toplevel() on ptolemy.moml.MoMLSimpleApplication@2be1f2e7
reloadAllAccessors: .ExpressionFix3

===========================================================================================
----------------- testing Sun May 24 14:31:27 UTC 2020 /home/travis/build/icyphy/ptII/ptolemy/actor/lib/test/auto/FileWriter1.xml
----------------- Instantiating /home/travis/build/icyphy/ptII/ptolemy/actor/lib/test/auto/FileWriter1.xml
5 ms. Memory: 321536K Free: 87468K (27%)
----------------- Invoking toplevel() on ptolemy.moml.MoMLSimpleApplication@1dd11478
----------------- Done invoking toplevel() on ptolemy.moml.MoMLSimpleApplication@1dd11478
reloadAllAccessors: .FileWriter1

===========================================================================================
----------------- testing Sun May 24 14:31:28 UTC 2020 /home/travis/build/icyphy/ptII/ptolemy/actor/lib/test/auto/FileWriter2.xml
----------------- Instantiating /home/travis/build/icyphy/ptII/ptolemy/actor/lib/test/auto/FileWriter2.xml
8 ms. Memory: 321536K Free: 271951K (85%)
----------------- Invoking toplevel() on ptolemy.moml.MoMLSimpleApplication@3505ab39
----------------- Done invoking toplevel() on ptolemy.moml.MoMLSimpleApplication@3505ab39
reloadAllAccessors: .FileWriter2

===========================================================================================
----------------- testing Sun May 24 14:31:28 UTC 2020 /home/travis/build/icyphy/ptII/ptolemy/actor/lib/test/auto/FileWriter3.xml
----------------- Instantiating /home/travis/build/icyphy/ptII/ptolemy/actor/lib/test/auto/FileWriter3.xml
4 ms. Memory: 321536K Free: 267317K (83%)
----------------- Invoking toplevel() on ptolemy.moml.MoMLSimpleApplication@2cf273aa
----------------- Done invoking toplevel() on ptolemy.moml.MoMLSimpleApplication@2cf273aa
reloadAllAccessors: .FileWriter3

===========================================================================================
----------------- testing Sun May 24 14:31:28 UTC 2020 /home/travis/build/icyphy/ptII/ptolemy/actor/lib/test/auto/Gaussian.xml
----------------- Instantiating /home/travis/build/icyphy/ptII/ptolemy/actor/lib/test/auto/Gaussian.xml
2 ms. Memory: 321536K Free: 262707K (82%)
----------------- Invoking toplevel() on ptolemy.moml.MoMLSimpleApplication@4e1bb3b2
----------------- Done invoking toplevel() on ptolemy.moml.MoMLSimpleApplication@4e1bb3b2
reloadAllAccessors: .Gaussian

===========================================================================================
----------------- testing Sun May 24 14:31:28 UTC 2020 /home/travis/build/icyphy/ptII/ptolemy/actor/lib/test/auto/Gaussian1.xml
----------------- Instantiating /home/travis/build/icyphy/ptII/ptolemy/actor/lib/test/auto/Gaussian1.xml
9 ms. Memory: 321536K Free: 257077K (80%)
----------------- Invoking toplevel() on ptolemy.moml.MoMLSimpleApplication@34cfd582
----------------- Done invoking toplevel() on ptolemy.moml.MoMLSimpleApplication@34cfd582
reloadAllAccessors: .Gaussian1

===========================================================================================
----------------- testing Sun May 24 14:31:28 UTC 2020 /home/travis/build/icyphy/ptII/ptolemy/actor/lib/test/auto/Gaussian2.xml
----------------- Instantiating /home/travis/build/icyphy/ptII/ptolemy/actor/lib/test/auto/Gaussian2.xml
2 ms. Memory: 321536K Free: 251957K (78%)
----------------- Invoking toplevel() on ptolemy.moml.MoMLSimpleApplication@4701e20e
----------------- Done invoking toplevel() on ptolemy.moml.MoMLSimpleApplication@4701e20e
reloadAllAccessors: .Gaussian2

===========================================================================================
----------------- testing Sun May 24 14:31:28 UTC 2020 /home/travis/build/icyphy/ptII/ptolemy/actor/lib/test/auto/GradientAdaptiveLattice.xml
----------------- Instantiating /home/travis/build/icyphy/ptII/ptolemy/actor/lib/test/auto/GradientAdaptiveLattice.xml
2 ms. Memory: 321536K Free: 246837K (77%)
----------------- Invoking toplevel() on ptolemy.moml.MoMLSimpleApplication@455d3462
----------------- Done invoking toplevel() on ptolemy.moml.MoMLSimpleApplication@455d3462
reloadAllAccessors: .GradientAdaptiveLattice

===========================================================================================
----------------- testing Sun May 24 14:31:28 UTC 2020 /home/travis/build/icyphy/ptII/ptolemy/actor/lib/test/auto/IIR.xml
----------------- Instantiating /home/travis/build/icyphy/ptII/ptolemy/actor/lib/test/auto/IIR.xml
1 ms. Memory: 321536K Free: 242227K (75%)
----------------- Invoking toplevel() on ptolemy.moml.MoMLSimpleApplication@7fd7fa62
----------------- Done invoking toplevel() on ptolemy.moml.MoMLSimpleApplication@7fd7fa62
reloadAllAccessors: .IIR

===========================================================================================
----------------- testing Sun May 24 14:31:28 UTC 2020 /home/travis/build/icyphy/ptII/ptolemy/actor/lib/test/auto/InputOutputTransparentPorts.xml
----------------- Instantiating /home/travis/build/icyphy/ptII/ptolemy/actor/lib/test/auto/InputOutputTransparentPorts.xml
2 ms. Memory: 321536K Free: 235059K (73%)
----------------- Invoking toplevel() on ptolemy.moml.MoMLSimpleApplication@14c98f7b
----------------- Done invoking toplevel() on ptolemy.moml.MoMLSimpleApplication@14c98f7b
reloadAllAccessors: .InputOutputTransparentPorts

===========================================================================================
----------------- testing Sun May 24 14:31:28 UTC 2020 /home/travis/build/icyphy/ptII/ptolemy/actor/lib/test/auto/Interpolator.xml
----------------- Instantiating /home/travis/build/icyphy/ptII/ptolemy/actor/lib/test/auto/Interpolator.xml
4 ms. Memory: 321536K Free: 230963K (72%)
----------------- Invoking toplevel() on ptolemy.moml.MoMLSimpleApplication@1e81d989
----------------- Done invoking toplevel() on ptolemy.moml.MoMLSimpleApplication@1e81d989
reloadAllAccessors: .Interpolator

===========================================================================================
----------------- testing Sun May 24 14:31:28 UTC 2020 /home/travis/build/icyphy/ptII/ptolemy/actor/lib/test/auto/InterpolatorFiringLimitDE.xml
----------------- Instantiating /home/travis/build/icyphy/ptII/ptolemy/actor/lib/test/auto/InterpolatorFiringLimitDE.xml
2 ms. Memory: 321536K Free: 224819K (70%)
----------------- Invoking toplevel() on ptolemy.moml.MoMLSimpleApplication@19b08793
----------------- Done invoking toplevel() on ptolemy.moml.MoMLSimpleApplication@19b08793
reloadAllAccessors: .InterpolatorFiringLimitDE

===========================================================================================
----------------- testing Sun May 24 14:31:28 UTC 2020 /home/travis/build/icyphy/ptII/ptolemy/actor/lib/test/auto/Lattice.xml
----------------- Instantiating /home/travis/build/icyphy/ptII/ptolemy/actor/lib/test/auto/Lattice.xml
1 ms. Memory: 321536K Free: 220723K (69%)
----------------- Invoking toplevel() on ptolemy.moml.MoMLSimpleApplication@5c8b8e32
----------------- Done invoking toplevel() on ptolemy.moml.MoMLSimpleApplication@5c8b8e32
reloadAllAccessors: .Lattice

===========================================================================================
----------------- testing Sun May 24 14:31:28 UTC 2020 /home/travis/build/icyphy/ptII/ptolemy/actor/lib/test/auto/LazyAOCTestLazy.xml
----------------- Instantiating /home/travis/build/icyphy/ptII/ptolemy/actor/lib/test/auto/LazyAOCTestLazy.xml
7 ms. Memory: 321536K Free: 214565K (67%)
----------------- Invoking toplevel() on ptolemy.moml.MoMLSimpleApplication@9f955f6
----------------- Done invoking toplevel() on ptolemy.moml.MoMLSimpleApplication@9f955f6
reloadAllAccessors: .LazyAOCTestLazy

===========================================================================================
----------------- testing Sun May 24 14:31:28 UTC 2020 /home/travis/build/icyphy/ptII/ptolemy/actor/lib/test/auto/LazyAOCTestNonLazy.xml
----------------- Instantiating /home/travis/build/icyphy/ptII/ptolemy/actor/lib/test/auto/LazyAOCTestNonLazy.xml
2 ms. Memory: 321536K Free: 208435K (65%)
----------------- Invoking toplevel() on ptolemy.moml.MoMLSimpleApplication@6f6e9b50
----------------- Done invoking toplevel() on ptolemy.moml.MoMLSimpleApplication@6f6e9b50
reloadAllAccessors: .LazyAOCTestNonLazy

===========================================================================================
----------------- testing Sun May 24 14:31:28 UTC 2020 /home/travis/build/icyphy/ptII/ptolemy/actor/lib/test/auto/LazyInnerClass.xml
----------------- Instantiating /home/travis/build/icyphy/ptII/ptolemy/actor/lib/test/auto/LazyInnerClass.xml
9 ms. Memory: 321536K Free: 199733K (62%)
----------------- Invoking toplevel() on ptolemy.moml.MoMLSimpleApplication@55f6b5d
----------------- Done invoking toplevel() on ptolemy.moml.MoMLSimpleApplication@55f6b5d
reloadAllAccessors: .LazyInnerClass

===========================================================================================
----------------- testing Sun May 24 14:31:28 UTC 2020 /home/travis/build/icyphy/ptII/ptolemy/actor/lib/test/auto/LazyPubSub.xml
----------------- Instantiating /home/travis/build/icyphy/ptII/ptolemy/actor/lib/test/auto/LazyPubSub.xml
19 ms. Memory: 321536K Free: 189493K (59%)
----------------- Invoking toplevel() on ptolemy.moml.MoMLSimpleApplication@46ed7728
----------------- Done invoking toplevel() on ptolemy.moml.MoMLSimpleApplication@46ed7728
reloadAllAccessors: .LazyPubSub

===========================================================================================
----------------- testing Sun May 24 14:31:28 UTC 2020 /home/travis/build/icyphy/ptII/ptolemy/actor/lib/test/auto/LazyPubSub2.xml
----------------- Instantiating /home/travis/build/icyphy/ptII/ptolemy/actor/lib/test/auto/LazyPubSub2.xml
13 ms. Memory: 321536K Free: 179749K (56%)
----------------- Invoking toplevel() on ptolemy.moml.MoMLSimpleApplication@3084a52d
----------------- Done invoking toplevel() on ptolemy.moml.MoMLSimpleApplication@3084a52d
reloadAllAccessors: .LazyPubSub2

===========================================================================================
----------------- testing Sun May 24 14:31:28 UTC 2020 /home/travis/build/icyphy/ptII/ptolemy/actor/lib/test/auto/LazyPubSub3.xml
----------------- Instantiating /home/travis/build/icyphy/ptII/ptolemy/actor/lib/test/auto/LazyPubSub3.xml
12 ms. Memory: 321536K Free: 169523K (53%)
----------------- Invoking toplevel() on ptolemy.moml.MoMLSimpleApplication@45e8ba93
----------------- Done invoking toplevel() on ptolemy.moml.MoMLSimpleApplication@45e8ba93
reloadAllAccessors: .LazyPubSub3

===========================================================================================
----------------- testing Sun May 24 14:31:28 UTC 2020 /home/travis/build/icyphy/ptII/ptolemy/actor/lib/test/auto/LazySubClassModel.xml
----------------- Instantiating /home/travis/build/icyphy/ptII/ptolemy/actor/lib/test/auto/LazySubClassModel.xml
2 ms. Memory: 321536K Free: 160307K (50%)
----------------- Invoking toplevel() on ptolemy.moml.MoMLSimpleApplication@5a3c12fa
----------------- Done invoking toplevel() on ptolemy.moml.MoMLSimpleApplication@5a3c12fa
reloadAllAccessors: .LazySubClassModel

===========================================================================================
----------------- testing Sun May 24 14:31:28 UTC 2020 /home/travis/build/icyphy/ptII/ptolemy/actor/lib/test/auto/LevelCrossTest1.xml
----------------- Instantiating /home/travis/build/icyphy/ptII/ptolemy/actor/lib/test/auto/LevelCrossTest1.xml
1 ms. Memory: 321536K Free: 154677K (48%)
----------------- Invoking toplevel() on ptolemy.moml.MoMLSimpleApplication@5bec4b8
----------------- Done invoking toplevel() on ptolemy.moml.MoMLSimpleApplication@5bec4b8
reloadAllAccessors: .broken

===========================================================================================
----------------- testing Sun May 24 14:31:28 UTC 2020 /home/travis/build/icyphy/ptII/ptolemy/actor/lib/test/auto/LevelCrossTest10.xml
----------------- Instantiating /home/travis/build/icyphy/ptII/ptolemy/actor/lib/test/auto/LevelCrossTest10.xml
1 ms. Memory: 321536K Free: 146995K (46%)
----------------- Invoking toplevel() on ptolemy.moml.MoMLSimpleApplication@59607c77
----------------- Done invoking toplevel() on ptolemy.moml.MoMLSimpleApplication@59607c77
reloadAllAccessors: .LevelCrossTest10

===========================================================================================
----------------- testing Sun May 24 14:31:28 UTC 2020 /home/travis/build/icyphy/ptII/ptolemy/actor/lib/test/auto/LevelCrossTest11.xml
----------------- Instantiating /home/travis/build/icyphy/ptII/ptolemy/actor/lib/test/auto/LevelCrossTest11.xml
1 ms. Memory: 321536K Free: 139827K (43%)
----------------- Invoking toplevel() on ptolemy.moml.MoMLSimpleApplication@7f0164ce
----------------- Done invoking toplevel() on ptolemy.moml.MoMLSimpleApplication@7f0164ce
reloadAllAccessors: .LevelCrossTest11

===========================================================================================
----------------- testing Sun May 24 14:31:28 UTC 2020 /home/travis/build/icyphy/ptII/ptolemy/actor/lib/test/auto/LevelCrossTest12.xml
----------------- Instantiating /home/travis/build/icyphy/ptII/ptolemy/actor/lib/test/auto/LevelCrossTest12.xml
1 ms. Memory: 321536K Free: 133173K (41%)
----------------- Invoking toplevel() on ptolemy.moml.MoMLSimpleApplication@5a85be66
----------------- Done invoking toplevel() on ptolemy.moml.MoMLSimpleApplication@5a85be66
reloadAllAccessors: .LevelCrossTest12

===========================================================================================
----------------- testing Sun May 24 14:31:28 UTC 2020 /home/travis/build/icyphy/ptII/ptolemy/actor/lib/test/auto/LevelCrossTest13.xml
----------------- Instantiating /home/travis/build/icyphy/ptII/ptolemy/actor/lib/test/auto/LevelCrossTest13.xml
1 ms. Memory: 321536K Free: 125491K (39%)
----------------- Invoking toplevel() on ptolemy.moml.MoMLSimpleApplication@311181a4
----------------- Done invoking toplevel() on ptolemy.moml.MoMLSimpleApplication@311181a4
reloadAllAccessors: .LevelCrossTest13

===========================================================================================
----------------- testing Sun May 24 14:31:28 UTC 2020 /home/travis/build/icyphy/ptII/ptolemy/actor/lib/test/auto/LevelCrossTest2.xml
----------------- Instantiating /home/travis/build/icyphy/ptII/ptolemy/actor/lib/test/auto/LevelCrossTest2.xml
1 ms. Memory: 321536K Free: 119861K (37%)
----------------- Invoking toplevel() on ptolemy.moml.MoMLSimpleApplication@5f372aa7
----------------- Done invoking toplevel() on ptolemy.moml.MoMLSimpleApplication@5f372aa7
reloadAllAccessors: .broken

===========================================================================================
----------------- testing Sun May 24 14:31:28 UTC 2020 /home/travis/build/icyphy/ptII/ptolemy/actor/lib/test/auto/LevelCrossTest3.xml
----------------- Instantiating /home/travis/build/icyphy/ptII/ptolemy/actor/lib/test/auto/LevelCrossTest3.xml
1 ms. Memory: 321536K Free: 113717K (35%)
----------------- Invoking toplevel() on ptolemy.moml.MoMLSimpleApplication@47702964
----------------- Done invoking toplevel() on ptolemy.moml.MoMLSimpleApplication@47702964
reloadAllAccessors: .LevelCrossTest3

===========================================================================================
----------------- testing Sun May 24 14:31:28 UTC 2020 /home/travis/build/icyphy/ptII/ptolemy/actor/lib/test/auto/LevelCrossTest4.xml
----------------- Instantiating /home/travis/build/icyphy/ptII/ptolemy/actor/lib/test/auto/LevelCrossTest4.xml
1 ms. Memory: 321536K Free: 108083K (34%)
----------------- Invoking toplevel() on ptolemy.moml.MoMLSimpleApplication@2e4ab169
----------------- Done invoking toplevel() on ptolemy.moml.MoMLSimpleApplication@2e4ab169
reloadAllAccessors: .broken

===========================================================================================
----------------- testing Sun May 24 14:31:28 UTC 2020 /home/travis/build/icyphy/ptII/ptolemy/actor/lib/test/auto/LevelCrossTest5.xml
----------------- Instantiating /home/travis/build/icyphy/ptII/ptolemy/actor/lib/test/auto/LevelCrossTest5.xml
1 ms. Memory: 321536K Free: 101429K (32%)
----------------- Invoking toplevel() on ptolemy.moml.MoMLSimpleApplication@63a97c4c
----------------- Done invoking toplevel() on ptolemy.moml.MoMLSimpleApplication@63a97c4c
reloadAllAccessors: .LevelCrossTest5

===========================================================================================
----------------- testing Sun May 24 14:31:28 UTC 2020 /home/travis/build/icyphy/ptII/ptolemy/actor/lib/test/auto/LevelCrossTest6.xml
----------------- Instantiating /home/travis/build/icyphy/ptII/ptolemy/actor/lib/test/auto/LevelCrossTest6.xml
1 ms. Memory: 321536K Free: 95285K (30%)
----------------- Invoking toplevel() on ptolemy.moml.MoMLSimpleApplication@5be9303d
----------------- Done invoking toplevel() on ptolemy.moml.MoMLSimpleApplication@5be9303d
reloadAllAccessors: .LevelCrossTest6

===========================================================================================
----------------- testing Sun May 24 14:31:28 UTC 2020 /home/travis/build/icyphy/ptII/ptolemy/actor/lib/test/auto/LevelCrossTest7.xml
----------------- Instantiating /home/travis/build/icyphy/ptII/ptolemy/actor/lib/test/auto/LevelCrossTest7.xml
1 ms. Memory: 321536K Free: 88117K (27%)
----------------- Invoking toplevel() on ptolemy.moml.MoMLSimpleApplication@285d5875
----------------- Done invoking toplevel() on ptolemy.moml.MoMLSimpleApplication@285d5875
reloadAllAccessors: .LevelCrossTest7

===========================================================================================
----------------- testing Sun May 24 14:31:28 UTC 2020 /home/travis/build/icyphy/ptII/ptolemy/actor/lib/test/auto/LevelCrossTest8.xml
----------------- Instantiating /home/travis/build/icyphy/ptII/ptolemy/actor/lib/test/auto/LevelCrossTest8.xml
1 ms. Memory: 321536K Free: 269253K (84%)
----------------- Invoking toplevel() on ptolemy.moml.MoMLSimpleApplication@3b40fbb9
----------------- Done invoking toplevel() on ptolemy.moml.MoMLSimpleApplication@3b40fbb9
reloadAllAccessors: .LevelCrossTest8

===========================================================================================
----------------- testing Sun May 24 14:31:28 UTC 2020 /home/travis/build/icyphy/ptII/ptolemy/actor/lib/test/auto/LevelCrossTest9.xml
----------------- Instantiating /home/travis/build/icyphy/ptII/ptolemy/actor/lib/test/auto/LevelCrossTest9.xml
1 ms. Memory: 321536K Free: 262886K (82%)
----------------- Invoking toplevel() on ptolemy.moml.MoMLSimpleApplication@e56072c
----------------- Done invoking toplevel() on ptolemy.moml.MoMLSimpleApplication@e56072c
reloadAllAccessors: .LevelCrossTest9

===========================================================================================
----------------- testing Sun May 24 14:31:28 UTC 2020 /home/travis/build/icyphy/ptII/ptolemy/actor/lib/test/auto/LevinsonDurbin.xml
----------------- Instantiating /home/travis/build/icyphy/ptII/ptolemy/actor/lib/test/auto/LevinsonDurbin.xml
1 ms. Memory: 321536K Free: 258790K (80%)
----------------- Invoking toplevel() on ptolemy.moml.MoMLSimpleApplication@68776b39
----------------- Done invoking toplevel() on ptolemy.moml.MoMLSimpleApplication@68776b39
reloadAllAccessors: .LevinsonDurbin

===========================================================================================
----------------- testing Sun May 24 14:31:28 UTC 2020 /home/travis/build/icyphy/ptII/ptolemy/actor/lib/test/auto/LevinsonDurbin2.xml
----------------- Instantiating /home/travis/build/icyphy/ptII/ptolemy/actor/lib/test/auto/LevinsonDurbin2.xml
1 ms. Memory: 321536K Free: 254694K (79%)
----------------- Invoking toplevel() on ptolemy.moml.MoMLSimpleApplication@59818f16
----------------- Done invoking toplevel() on ptolemy.moml.MoMLSimpleApplication@59818f16
reloadAllAccessors: .LevinsonDurbin2

===========================================================================================
----------------- testing Sun May 24 14:31:28 UTC 2020 /home/travis/build/icyphy/ptII/ptolemy/actor/lib/test/auto/LevinsonDurbin3.xml
----------------- Instantiating /home/travis/build/icyphy/ptII/ptolemy/actor/lib/test/auto/LevinsonDurbin3.xml
2 ms. Memory: 321536K Free: 250598K (78%)
----------------- Invoking toplevel() on ptolemy.moml.MoMLSimpleApplication@174ae71
----------------- Done invoking toplevel() on ptolemy.moml.MoMLSimpleApplication@174ae71
reloadAllAccessors: .LevinsonDurbin3

===========================================================================================
----------------- testing Sun May 24 14:31:28 UTC 2020 /home/travis/build/icyphy/ptII/ptolemy/actor/lib/test/auto/Limiter.xml
----------------- Instantiating /home/travis/build/icyphy/ptII/ptolemy/actor/lib/test/auto/Limiter.xml
5 ms. Memory: 321536K Free: 241382K (75%)
----------------- Invoking toplevel() on ptolemy.moml.MoMLSimpleApplication@4e7f3e3f
----------------- Done invoking toplevel() on ptolemy.moml.MoMLSimpleApplication@4e7f3e3f
reloadAllAccessors: .Limiter

===========================================================================================
----------------- testing Sun May 24 14:31:28 UTC 2020 /home/travis/build/icyphy/ptII/ptolemy/actor/lib/test/auto/LinearDifferenceEquationSystem.xml
----------------- Instantiating /home/travis/build/icyphy/ptII/ptolemy/actor/lib/test/auto/LinearDifferenceEquationSystem.xml
9 ms. Memory: 321536K Free: 233700K (73%)
----------------- Invoking toplevel() on ptolemy.moml.MoMLSimpleApplication@442c1f71
----------------- Done invoking toplevel() on ptolemy.moml.MoMLSimpleApplication@442c1f71
reloadAllAccessors: .LinearDifferenceEquationSystem

===========================================================================================
----------------- testing Sun May 24 14:31:28 UTC 2020 /home/travis/build/icyphy/ptII/ptolemy/actor/lib/test/auto/LookupTable.xml
----------------- Instantiating /home/travis/build/icyphy/ptII/ptolemy/actor/lib/test/auto/LookupTable.xml
1 ms. Memory: 321536K Free: 229094K (71%)
----------------- Invoking toplevel() on ptolemy.moml.MoMLSimpleApplication@2e146508
----------------- Done invoking toplevel() on ptolemy.moml.MoMLSimpleApplication@2e146508
reloadAllAccessors: .LookupTable

===========================================================================================
----------------- testing Sun May 24 14:31:28 UTC 2020 /home/travis/build/icyphy/ptII/ptolemy/actor/lib/test/auto/MathFunction.xml
----------------- Instantiating /home/travis/build/icyphy/ptII/ptolemy/actor/lib/test/auto/MathFunction.xml
1 ms. Memory: 321536K Free: 220902K (69%)
----------------- Invoking toplevel() on ptolemy.moml.MoMLSimpleApplication@8333b94
----------------- Done invoking toplevel() on ptolemy.moml.MoMLSimpleApplication@8333b94
reloadAllAccessors: .MathFunction

===========================================================================================
----------------- testing Sun May 24 14:31:28 UTC 2020 /home/travis/build/icyphy/ptII/ptolemy/actor/lib/test/auto/MathFunction2.xml
----------------- Instantiating /home/travis/build/icyphy/ptII/ptolemy/actor/lib/test/auto/MathFunction2.xml
1 ms. Memory: 321536K Free: 216806K (67%)
----------------- Invoking toplevel() on ptolemy.moml.MoMLSimpleApplication@6617ac71
----------------- Done invoking toplevel() on ptolemy.moml.MoMLSimpleApplication@6617ac71
reloadAllAccessors: .MathFunction2

===========================================================================================
----------------- testing Sun May 24 14:31:28 UTC 2020 /home/travis/build/icyphy/ptII/ptolemy/actor/lib/test/auto/MathFunction3.xml
----------------- Instantiating /home/travis/build/icyphy/ptII/ptolemy/actor/lib/test/auto/MathFunction3.xml
1 ms. Memory: 321536K Free: 209638K (65%)
----------------- Invoking toplevel() on ptolemy.moml.MoMLSimpleApplication@42324427
----------------- Done invoking toplevel() on ptolemy.moml.MoMLSimpleApplication@42324427
reloadAllAccessors: .MathFunction3

===========================================================================================
----------------- testing Sun May 24 14:31:28 UTC 2020 /home/travis/build/icyphy/ptII/ptolemy/actor/lib/test/auto/MatrixCropBoolean.xml
----------------- Instantiating /home/travis/build/icyphy/ptII/ptolemy/actor/lib/test/auto/MatrixCropBoolean.xml
1 ms. Memory: 321536K Free: 204518K (64%)
----------------- Invoking toplevel() on ptolemy.moml.MoMLSimpleApplication@681b9bea
----------------- Done invoking toplevel() on ptolemy.moml.MoMLSimpleApplication@681b9bea
reloadAllAccessors: .MatrixCropBoolean

===========================================================================================
----------------- testing Sun May 24 14:31:28 UTC 2020 /home/travis/build/icyphy/ptII/ptolemy/actor/lib/test/auto/MatrixCropComplex.xml
----------------- Instantiating /home/travis/build/icyphy/ptII/ptolemy/actor/lib/test/auto/MatrixCropComplex.xml
2 ms. Memory: 321536K Free: 199398K (62%)
----------------- Invoking toplevel() on ptolemy.moml.MoMLSimpleApplication@7916b128
----------------- Done invoking toplevel() on ptolemy.moml.MoMLSimpleApplication@7916b128
reloadAllAccessors: .MatrixCropComplex

===========================================================================================
----------------- testing Sun May 24 14:31:28 UTC 2020 /home/travis/build/icyphy/ptII/ptolemy/actor/lib/test/auto/MatrixCropDouble.xml
----------------- Instantiating /home/travis/build/icyphy/ptII/ptolemy/actor/lib/test/auto/MatrixCropDouble.xml
1 ms. Memory: 321536K Free: 195302K (61%)
----------------- Invoking toplevel() on ptolemy.moml.MoMLSimpleApplication@17104086
----------------- Done invoking toplevel() on ptolemy.moml.MoMLSimpleApplication@17104086
reloadAllAccessors: .MatrixCropDouble

===========================================================================================
----------------- testing Sun May 24 14:31:28 UTC 2020 /home/travis/build/icyphy/ptII/ptolemy/actor/lib/test/auto/MatrixCropFix.xml
----------------- Instantiating /home/travis/build/icyphy/ptII/ptolemy/actor/lib/test/auto/MatrixCropFix.xml
1 ms. Memory: 321536K Free: 190182K (59%)
----------------- Invoking toplevel() on ptolemy.moml.MoMLSimpleApplication@471afd05
----------------- Done invoking toplevel() on ptolemy.moml.MoMLSimpleApplication@471afd05
reloadAllAccessors: .MatrixCropFix

===========================================================================================
----------------- testing Sun May 24 14:31:28 UTC 2020 /home/travis/build/icyphy/ptII/ptolemy/actor/lib/test/auto/MatrixCropInt.xml
----------------- Instantiating /home/travis/build/icyphy/ptII/ptolemy/actor/lib/test/auto/MatrixCropInt.xml
1 ms. Memory: 321536K Free: 185566K (58%)
----------------- Invoking toplevel() on ptolemy.moml.MoMLSimpleApplication@67697bd7
----------------- Done invoking toplevel() on ptolemy.moml.MoMLSimpleApplication@67697bd7
reloadAllAccessors: .MatrixCropInt

===========================================================================================
----------------- testing Sun May 24 14:31:28 UTC 2020 /home/travis/build/icyphy/ptII/ptolemy/actor/lib/test/auto/MatrixCropLong.xml
----------------- Instantiating /home/travis/build/icyphy/ptII/ptolemy/actor/lib/test/auto/MatrixCropLong.xml
1 ms. Memory: 321536K Free: 180422K (56%)
----------------- Invoking toplevel() on ptolemy.moml.MoMLSimpleApplication@2de89763
----------------- Done invoking toplevel() on ptolemy.moml.MoMLSimpleApplication@2de89763
reloadAllAccessors: .MatrixCropLong

===========================================================================================
----------------- testing Sun May 24 14:31:28 UTC 2020 /home/travis/build/icyphy/ptII/ptolemy/actor/lib/test/auto/MatrixToArray.xml
----------------- Instantiating /home/travis/build/icyphy/ptII/ptolemy/actor/lib/test/auto/MatrixToArray.xml
9 ms. Memory: 321536K Free: 165606K (52%)
----------------- Invoking toplevel() on ptolemy.moml.MoMLSimpleApplication@2462336b
----------------- Done invoking toplevel() on ptolemy.moml.MoMLSimpleApplication@2462336b
reloadAllAccessors: .MatrixToArray

===========================================================================================
----------------- testing Sun May 24 14:31:28 UTC 2020 /home/travis/build/icyphy/ptII/ptolemy/actor/lib/test/auto/MaxIndex.xml
----------------- Instantiating /home/travis/build/icyphy/ptII/ptolemy/actor/lib/test/auto/MaxIndex.xml
6 ms. Memory: 321536K Free: 160486K (50%)
----------------- Invoking toplevel() on ptolemy.moml.MoMLSimpleApplication@4c099125
----------------- Done invoking toplevel() on ptolemy.moml.MoMLSimpleApplication@4c099125
reloadAllAccessors: .MaxIndex

===========================================================================================
----------------- testing Sun May 24 14:31:28 UTC 2020 /home/travis/build/icyphy/ptII/ptolemy/actor/lib/test/auto/Maximum.xml
----------------- Instantiating /home/travis/build/icyphy/ptII/ptolemy/actor/lib/test/auto/Maximum.xml
5 ms. Memory: 321536K Free: 153798K (48%)
----------------- Invoking toplevel() on ptolemy.moml.MoMLSimpleApplication@12dedb06
----------------- Done invoking toplevel() on ptolemy.moml.MoMLSimpleApplication@12dedb06
reloadAllAccessors: .Maximum

===========================================================================================
----------------- testing Sun May 24 14:31:28 UTC 2020 /home/travis/build/icyphy/ptII/ptolemy/actor/lib/test/auto/MaximumComplex.xml
----------------- Instantiating /home/travis/build/icyphy/ptII/ptolemy/actor/lib/test/auto/MaximumComplex.xml
6 ms. Memory: 321536K Free: 147174K (46%)
----------------- Invoking toplevel() on ptolemy.moml.MoMLSimpleApplication@76961f81
----------------- Done invoking toplevel() on ptolemy.moml.MoMLSimpleApplication@76961f81
reloadAllAccessors: .MaximumComplex

===========================================================================================
----------------- testing Sun May 24 14:31:28 UTC 2020 /home/travis/build/icyphy/ptII/ptolemy/actor/lib/test/auto/MethodCallTest.xml
----------------- Instantiating /home/travis/build/icyphy/ptII/ptolemy/actor/lib/test/auto/MethodCallTest.xml
2 ms. Memory: 321536K Free: 141030K (44%)
----------------- Invoking toplevel() on ptolemy.moml.MoMLSimpleApplication@351c21ab
----------------- Done invoking toplevel() on ptolemy.moml.MoMLSimpleApplication@351c21ab
reloadAllAccessors: .MethodCallTest

===========================================================================================
----------------- testing Sun May 24 14:31:28 UTC 2020 /home/travis/build/icyphy/ptII/ptolemy/actor/lib/test/auto/Minimum.xml
----------------- Instantiating /home/travis/build/icyphy/ptII/ptolemy/actor/lib/test/auto/Minimum.xml
1 ms. Memory: 321536K Free: 134886K (42%)
----------------- Invoking toplevel() on ptolemy.moml.MoMLSimpleApplication@639298bd
----------------- Done invoking toplevel() on ptolemy.moml.MoMLSimpleApplication@639298bd
reloadAllAccessors: .Minimum

===========================================================================================
----------------- testing Sun May 24 14:31:28 UTC 2020 /home/travis/build/icyphy/ptII/ptolemy/actor/lib/test/auto/MinimumComplex.xml
----------------- Instantiating /home/travis/build/icyphy/ptII/ptolemy/actor/lib/test/auto/MinimumComplex.xml
2 ms. Memory: 321536K Free: 128742K (40%)
----------------- Invoking toplevel() on ptolemy.moml.MoMLSimpleApplication@249d67ce
----------------- Done invoking toplevel() on ptolemy.moml.MoMLSimpleApplication@249d67ce
reloadAllAccessors: .MinimumComplex

===========================================================================================
----------------- testing Sun May 24 14:31:28 UTC 2020 /home/travis/build/icyphy/ptII/ptolemy/actor/lib/test/auto/MinimumMultiports.xml
----------------- Instantiating /home/travis/build/icyphy/ptII/ptolemy/actor/lib/test/auto/MinimumMultiports.xml
3 ms. Memory: 321536K Free: 120036K (37%)
----------------- Invoking toplevel() on ptolemy.moml.MoMLSimpleApplication@5692a53d
----------------- Done invoking toplevel() on ptolemy.moml.MoMLSimpleApplication@5692a53d
reloadAllAccessors: .MinimumMultiports

===========================================================================================
----------------- testing Sun May 24 14:31:28 UTC 2020 /home/travis/build/icyphy/ptII/ptolemy/actor/lib/test/auto/ModifyDate.xml
----------------- Instantiating /home/travis/build/icyphy/ptII/ptolemy/actor/lib/test/auto/ModifyDate.xml
6 ms. Memory: 321536K Free: 106724K (33%)
----------------- Invoking toplevel() on ptolemy.moml.MoMLSimpleApplication@1611bc2e
----------------- Done invoking toplevel() on ptolemy.moml.MoMLSimpleApplication@1611bc2e
reloadAllAccessors: .ModifyDate

===========================================================================================
----------------- testing Sun May 24 14:31:29 UTC 2020 /home/travis/build/icyphy/ptII/ptolemy/actor/lib/test/auto/ModifyDate2.xml
----------------- Instantiating /home/travis/build/icyphy/ptII/ptolemy/actor/lib/test/auto/ModifyDate2.xml
4 ms. Memory: 321536K Free: 98022K (30%)
----------------- Invoking toplevel() on ptolemy.moml.MoMLSimpleApplication@12daa04a
----------------- Done invoking toplevel() on ptolemy.moml.MoMLSimpleApplication@12daa04a
reloadAllAccessors: .ModifyDate2

===========================================================================================
----------------- testing Sun May 24 14:31:29 UTC 2020 /home/travis/build/icyphy/ptII/ptolemy/actor/lib/test/auto/MovingAverage.xml
----------------- Instantiating /home/travis/build/icyphy/ptII/ptolemy/actor/lib/test/auto/MovingAverage.xml
2 ms. Memory: 321536K Free: 92902K (29%)
----------------- Invoking toplevel() on ptolemy.moml.MoMLSimpleApplication@7b7917f2
----------------- Done invoking toplevel() on ptolemy.moml.MoMLSimpleApplication@7b7917f2
reloadAllAccessors: .MovingAverage

===========================================================================================
----------------- testing Sun May 24 14:31:29 UTC 2020 /home/travis/build/icyphy/ptII/ptolemy/actor/lib/test/auto/MovingMaximum.xml
----------------- Instantiating /home/travis/build/icyphy/ptII/ptolemy/actor/lib/test/auto/MovingMaximum.xml
1 ms. Memory: 321536K Free: 88292K (27%)
----------------- Invoking toplevel() on ptolemy.moml.MoMLSimpleApplication@16d2af6c
----------------- Done invoking toplevel() on ptolemy.moml.MoMLSimpleApplication@16d2af6c
reloadAllAccessors: .MovingMaximum

===========================================================================================
----------------- testing Sun May 24 14:31:29 UTC 2020 /home/travis/build/icyphy/ptII/ptolemy/actor/lib/test/auto/MultipleLinksToSameRelation.xml
----------------- Instantiating /home/travis/build/icyphy/ptII/ptolemy/actor/lib/test/auto/MultipleLinksToSameRelation.xml
4 ms. Memory: 321536K Free: 84196K (26%)
----------------- Invoking toplevel() on ptolemy.moml.MoMLSimpleApplication@4ab20952
----------------- Done invoking toplevel() on ptolemy.moml.MoMLSimpleApplication@4ab20952
reloadAllAccessors: .MultipleLinksToSameRelation

===========================================================================================
----------------- testing Sun May 24 14:31:29 UTC 2020 /home/travis/build/icyphy/ptII/ptolemy/actor/lib/test/auto/MultipleLinksToSameRelationDE.xml
----------------- Instantiating /home/travis/build/icyphy/ptII/ptolemy/actor/lib/test/auto/MultipleLinksToSameRelationDE.xml
2 ms. Memory: 321536K Free: 269325K (84%)
----------------- Invoking toplevel() on ptolemy.moml.MoMLSimpleApplication@bc5446a
----------------- Done invoking toplevel() on ptolemy.moml.MoMLSimpleApplication@bc5446a
reloadAllAccessors: .MultipleLinksToSameRelationDE

===========================================================================================
----------------- testing Sun May 24 14:31:29 UTC 2020 /home/travis/build/icyphy/ptII/ptolemy/actor/lib/test/auto/Multiplexor.xml
----------------- Instantiating /home/travis/build/icyphy/ptII/ptolemy/actor/lib/test/auto/Multiplexor.xml
2 ms. Memory: 321536K Free: 263181K (82%)
----------------- Invoking toplevel() on ptolemy.moml.MoMLSimpleApplication@58d72fa1
----------------- Done invoking toplevel() on ptolemy.moml.MoMLSimpleApplication@58d72fa1
reloadAllAccessors: .Multiplexor

===========================================================================================
----------------- testing Sun May 24 14:31:29 UTC 2020 /home/travis/build/icyphy/ptII/ptolemy/actor/lib/test/auto/Multiplexor1.xml
----------------- Instantiating /home/travis/build/icyphy/ptII/ptolemy/actor/lib/test/auto/Multiplexor1.xml
2 ms. Memory: 321536K Free: 257541K (80%)
----------------- Invoking toplevel() on ptolemy.moml.MoMLSimpleApplication@4003e050
----------------- Done invoking toplevel() on ptolemy.moml.MoMLSimpleApplication@4003e050
reloadAllAccessors: .Multiplexor1

===========================================================================================
----------------- testing Sun May 24 14:31:29 UTC 2020 /home/travis/build/icyphy/ptII/ptolemy/actor/lib/test/auto/Multiplexor2.xml
----------------- Instantiating /home/travis/build/icyphy/ptII/ptolemy/actor/lib/test/auto/Multiplexor2.xml
1 ms. Memory: 321536K Free: 250893K (78%)
----------------- Invoking toplevel() on ptolemy.moml.MoMLSimpleApplication@5fd52ba3
----------------- Done invoking toplevel() on ptolemy.moml.MoMLSimpleApplication@5fd52ba3
reloadAllAccessors: .Multiplexor2

===========================================================================================
----------------- testing Sun May 24 14:31:29 UTC 2020 /home/travis/build/icyphy/ptII/ptolemy/actor/lib/test/auto/Multiplexor3.xml
----------------- Instantiating /home/travis/build/icyphy/ptII/ptolemy/actor/lib/test/auto/Multiplexor3.xml
2 ms. Memory: 321536K Free: 246797K (77%)
----------------- Invoking toplevel() on ptolemy.moml.MoMLSimpleApplication@20369c8b
----------------- Done invoking toplevel() on ptolemy.moml.MoMLSimpleApplication@20369c8b
reloadAllAccessors: .Multiplexor3

===========================================================================================
----------------- testing Sun May 24 14:31:29 UTC 2020 /home/travis/build/icyphy/ptII/ptolemy/actor/lib/test/auto/MultiplexorDE.xml
----------------- Instantiating /home/travis/build/icyphy/ptII/ptolemy/actor/lib/test/auto/MultiplexorDE.xml
2 ms. Memory: 321536K Free: 239101K (74%)
----------------- Invoking toplevel() on ptolemy.moml.MoMLSimpleApplication@315cfd7d
----------------- Done invoking toplevel() on ptolemy.moml.MoMLSimpleApplication@315cfd7d
reloadAllAccessors: .MultiplexorDE

===========================================================================================
----------------- testing Sun May 24 14:31:29 UTC 2020 /home/travis/build/icyphy/ptII/ptolemy/actor/lib/test/auto/MultiportBroadcastTest.xml
----------------- Instantiating /home/travis/build/icyphy/ptII/ptolemy/actor/lib/test/auto/MultiportBroadcastTest.xml
68 ms. Memory: 321536K Free: 232965K (72%)
----------------- Invoking toplevel() on ptolemy.moml.MoMLSimpleApplication@1234b54
----------------- Done invoking toplevel() on ptolemy.moml.MoMLSimpleApplication@1234b54
reloadAllAccessors: .MultiportBroadcastTest

===========================================================================================
----------------- testing Sun May 24 14:31:29 UTC 2020 /home/travis/build/icyphy/ptII/ptolemy/actor/lib/test/auto/MultiportOutHangDuringGetWidth.xml
----------------- Instantiating /home/travis/build/icyphy/ptII/ptolemy/actor/lib/test/auto/MultiportOutHangDuringGetWidth.xml
4 ms. Memory: 321536K Free: 220669K (69%)
----------------- Invoking toplevel() on ptolemy.moml.MoMLSimpleApplication@1069db8e
----------------- Done invoking toplevel() on ptolemy.moml.MoMLSimpleApplication@1069db8e
reloadAllAccessors: .MultiportOutHangDuringGetWidth

===========================================================================================
----------------- testing Sun May 24 14:31:29 UTC 2020 /home/travis/build/icyphy/ptII/ptolemy/actor/lib/test/auto/NilToken.xml
----------------- Instantiating /home/travis/build/icyphy/ptII/ptolemy/actor/lib/test/auto/NilToken.xml
2 ms. Memory: 321536K Free: 216587K (67%)
----------------- Invoking toplevel() on ptolemy.moml.MoMLSimpleApplication@1a302bac
----------------- Done invoking toplevel() on ptolemy.moml.MoMLSimpleApplication@1a302bac
reloadAllAccessors: .NilToken

===========================================================================================
----------------- testing Sun May 24 14:31:29 UTC 2020 /home/travis/build/icyphy/ptII/ptolemy/actor/lib/test/auto/NilTokenNonStrictTest.xml
----------------- Instantiating /home/travis/build/icyphy/ptII/ptolemy/actor/lib/test/auto/NilTokenNonStrictTest.xml
1 ms. Memory: 321536K Free: 211981K (66%)
----------------- Invoking toplevel() on ptolemy.moml.MoMLSimpleApplication@2faaf05a
----------------- Done invoking toplevel() on ptolemy.moml.MoMLSimpleApplication@2faaf05a
reloadAllAccessors: .NilTokenNonStrictTest

===========================================================================================
----------------- testing Sun May 24 14:31:29 UTC 2020 /home/travis/build/icyphy/ptII/ptolemy/actor/lib/test/auto/NilTokenRecord.xml
----------------- Instantiating /home/travis/build/icyphy/ptII/ptolemy/actor/lib/test/auto/NilTokenRecord.xml
4 ms. Memory: 321536K Free: 205323K (64%)
----------------- Invoking toplevel() on ptolemy.moml.MoMLSimpleApplication@750f8fb6
----------------- Done invoking toplevel() on ptolemy.moml.MoMLSimpleApplication@750f8fb6
reloadAllAccessors: .NilTokenRecord

===========================================================================================
----------------- testing Sun May 24 14:31:29 UTC 2020 /home/travis/build/icyphy/ptII/ptolemy/actor/lib/test/auto/NilTokenTypeTest.xml
----------------- Instantiating /home/travis/build/icyphy/ptII/ptolemy/actor/lib/test/auto/NilTokenTypeTest.xml
5 ms. Memory: 321536K Free: 195597K (61%)
----------------- Invoking toplevel() on ptolemy.moml.MoMLSimpleApplication@349196f6
----------------- Done invoking toplevel() on ptolemy.moml.MoMLSimpleApplication@349196f6
reloadAllAccessors: .NilTokenTypeTest

===========================================================================================
----------------- testing Sun May 24 14:31:29 UTC 2020 /home/travis/build/icyphy/ptII/ptolemy/actor/lib/test/auto/ObjectToken1.xml
----------------- Instantiating /home/travis/build/icyphy/ptII/ptolemy/actor/lib/test/auto/ObjectToken1.xml
2 ms. Memory: 321536K Free: 191501K (60%)
----------------- Invoking toplevel() on ptolemy.moml.MoMLSimpleApplication@78d71ee2
----------------- Done invoking toplevel() on ptolemy.moml.MoMLSimpleApplication@78d71ee2
reloadAllAccessors: .ObjectToken1

===========================================================================================
----------------- testing Sun May 24 14:31:29 UTC 2020 /home/travis/build/icyphy/ptII/ptolemy/actor/lib/test/auto/OrderedMerge.xml
----------------- Instantiating /home/travis/build/icyphy/ptII/ptolemy/actor/lib/test/auto/OrderedMerge.xml
9 ms. Memory: 321536K Free: 185867K (58%)
----------------- Invoking toplevel() on ptolemy.moml.MoMLSimpleApplication@23091459
----------------- Done invoking toplevel() on ptolemy.moml.MoMLSimpleApplication@23091459
reloadAllAccessors: .OrderedMerge

===========================================================================================
----------------- testing Sun May 24 14:31:29 UTC 2020 /home/travis/build/icyphy/ptII/ptolemy/actor/lib/test/auto/OrderedRecordDisassembler.xml
----------------- Instantiating /home/travis/build/icyphy/ptII/ptolemy/actor/lib/test/auto/OrderedRecordDisassembler.xml
3 ms. Memory: 321536K Free: 180741K (56%)
----------------- Invoking toplevel() on ptolemy.moml.MoMLSimpleApplication@388c1713
----------------- Done invoking toplevel() on ptolemy.moml.MoMLSimpleApplication@388c1713
reloadAllAccessors: .OrderedRecordDisassembler

===========================================================================================
----------------- testing Sun May 24 14:31:29 UTC 2020 /home/travis/build/icyphy/ptII/ptolemy/actor/lib/test/auto/OrderedRecordDisassembler2.xml
----------------- Instantiating /home/travis/build/icyphy/ptII/ptolemy/actor/lib/test/auto/OrderedRecordDisassembler2.xml
4 ms. Memory: 321536K Free: 173069K (54%)
----------------- Invoking toplevel() on ptolemy.moml.MoMLSimpleApplication@7953316d
----------------- Done invoking toplevel() on ptolemy.moml.MoMLSimpleApplication@7953316d
reloadAllAccessors: .OrderedRecordDisassembler2

===========================================================================================
----------------- testing Sun May 24 14:31:29 UTC 2020 /home/travis/build/icyphy/ptII/ptolemy/actor/lib/test/auto/OrderedRecordUpdater.xml
----------------- Instantiating /home/travis/build/icyphy/ptII/ptolemy/actor/lib/test/auto/OrderedRecordUpdater.xml
1 ms. Memory: 321536K Free: 168459K (52%)
----------------- Invoking toplevel() on ptolemy.moml.MoMLSimpleApplication@68c30a3c
----------------- Done invoking toplevel() on ptolemy.moml.MoMLSimpleApplication@68c30a3c
reloadAllAccessors: .RecordUpdater

===========================================================================================
----------------- testing Sun May 24 14:31:29 UTC 2020 /home/travis/build/icyphy/ptII/ptolemy/actor/lib/test/auto/OrderedRecordUpdater2.xml
----------------- Instantiating /home/travis/build/icyphy/ptII/ptolemy/actor/lib/test/auto/OrderedRecordUpdater2.xml
2 ms. Memory: 321536K Free: 163339K (51%)
----------------- Invoking toplevel() on ptolemy.moml.MoMLSimpleApplication@292bc46b
----------------- Done invoking toplevel() on ptolemy.moml.MoMLSimpleApplication@292bc46b
reloadAllAccessors: .RecordUpdater2

===========================================================================================
----------------- testing Sun May 24 14:31:29 UTC 2020 /home/travis/build/icyphy/ptII/ptolemy/actor/lib/test/auto/PhaseUnwrap.xml
----------------- Instantiating /home/travis/build/icyphy/ptII/ptolemy/actor/lib/test/auto/PhaseUnwrap.xml
1 ms. Memory: 321536K Free: 158733K (49%)
----------------- Invoking toplevel() on ptolemy.moml.MoMLSimpleApplication@2667c0f3
----------------- Done invoking toplevel() on ptolemy.moml.MoMLSimpleApplication@2667c0f3
reloadAllAccessors: .PhaseUnwrap

===========================================================================================
----------------- testing Sun May 24 14:31:29 UTC 2020 /home/travis/build/icyphy/ptII/ptolemy/actor/lib/test/auto/PoissonClock.xml
----------------- Instantiating /home/travis/build/icyphy/ptII/ptolemy/actor/lib/test/auto/PoissonClock.xml
3 ms. Memory: 321536K Free: 154123K (48%)
----------------- Invoking toplevel() on ptolemy.moml.MoMLSimpleApplication@250dff4d
----------------- Done invoking toplevel() on ptolemy.moml.MoMLSimpleApplication@250dff4d
reloadAllAccessors: .PoissonClock

===========================================================================================
----------------- testing Sun May 24 14:31:29 UTC 2020 /home/travis/build/icyphy/ptII/ptolemy/actor/lib/test/auto/PoissonClock2.xml
----------------- Instantiating /home/travis/build/icyphy/ptII/ptolemy/actor/lib/test/auto/PoissonClock2.xml
1 ms. Memory: 321536K Free: 149517K (47%)
----------------- Invoking toplevel() on ptolemy.moml.MoMLSimpleApplication@1c05df08
----------------- Done invoking toplevel() on ptolemy.moml.MoMLSimpleApplication@1c05df08
reloadAllAccessors: .PoissonClock2

===========================================================================================
----------------- testing Sun May 24 14:31:29 UTC 2020 /home/travis/build/icyphy/ptII/ptolemy/actor/lib/test/auto/PoissonClock3.xml
----------------- Instantiating /home/travis/build/icyphy/ptII/ptolemy/actor/lib/test/auto/PoissonClock3.xml
2 ms. Memory: 321536K Free: 144907K (45%)
----------------- Invoking toplevel() on ptolemy.moml.MoMLSimpleApplication@f4b87ec
----------------- Done invoking toplevel() on ptolemy.moml.MoMLSimpleApplication@f4b87ec
reloadAllAccessors: .PoissonClock3

===========================================================================================
----------------- testing Sun May 24 14:31:29 UTC 2020 /home/travis/build/icyphy/ptII/ptolemy/actor/lib/test/auto/PubSubWithInitialTokens.xml
----------------- Instantiating /home/travis/build/icyphy/ptII/ptolemy/actor/lib/test/auto/PubSubWithInitialTokens.xml
2 ms. Memory: 321536K Free: 139277K (43%)
----------------- Invoking toplevel() on ptolemy.moml.MoMLSimpleApplication@223a29fd
----------------- Done invoking toplevel() on ptolemy.moml.MoMLSimpleApplication@223a29fd
reloadAllAccessors: .PubSubWithInitialTokens

===========================================================================================
----------------- testing Sun May 24 14:31:29 UTC 2020 /home/travis/build/icyphy/ptII/ptolemy/actor/lib/test/auto/PubSubWithInitialTokens2.xml
----------------- Instantiating /home/travis/build/icyphy/ptII/ptolemy/actor/lib/test/auto/PubSubWithInitialTokens2.xml
2 ms. Memory: 321536K Free: 133133K (41%)
----------------- Invoking toplevel() on ptolemy.moml.MoMLSimpleApplication@27d1482d
----------------- Done invoking toplevel() on ptolemy.moml.MoMLSimpleApplication@27d1482d
reloadAllAccessors: .PubSubWithInitialTokens2

===========================================================================================
----------------- testing Sun May 24 14:31:29 UTC 2020 /home/travis/build/icyphy/ptII/ptolemy/actor/lib/test/auto/PublisherClassNoParameter.xml
----------------- Instantiating /home/travis/build/icyphy/ptII/ptolemy/actor/lib/test/auto/PublisherClassNoParameter.xml
1 ms. Memory: 321536K Free: 123389K (38%)
----------------- Invoking toplevel() on ptolemy.moml.MoMLSimpleApplication@52ce5fcf
----------------- Done invoking toplevel() on ptolemy.moml.MoMLSimpleApplication@52ce5fcf
reloadAllAccessors: .PublisherClassNoParameter

===========================================================================================
----------------- testing Sun May 24 14:31:29 UTC 2020 /home/travis/build/icyphy/ptII/ptolemy/actor/lib/test/auto/PublisherClassParameter.xml
----------------- Instantiating /home/travis/build/icyphy/ptII/ptolemy/actor/lib/test/auto/PublisherClassParameter.xml
1 ms. Memory: 321536K Free: 113157K (35%)
----------------- Invoking toplevel() on ptolemy.moml.MoMLSimpleApplication@64aed0f1
----------------- Done invoking toplevel() on ptolemy.moml.MoMLSimpleApplication@64aed0f1
reloadAllAccessors: .PublisherClassParameter

===========================================================================================
----------------- testing Sun May 24 14:31:29 UTC 2020 /home/travis/build/icyphy/ptII/ptolemy/actor/lib/test/auto/PublisherNonStrictTest.xml
----------------- Instantiating /home/travis/build/icyphy/ptII/ptolemy/actor/lib/test/auto/PublisherNonStrictTest.xml
2 ms. Memory: 321536K Free: 105485K (33%)
----------------- Invoking toplevel() on ptolemy.moml.MoMLSimpleApplication@3dfbffa
----------------- Done invoking toplevel() on ptolemy.moml.MoMLSimpleApplication@3dfbffa
reloadAllAccessors: .PublisherNonStrictTest

===========================================================================================
----------------- testing Sun May 24 14:31:29 UTC 2020 /home/travis/build/icyphy/ptII/ptolemy/actor/lib/test/auto/PublisherPort1.xml
----------------- Instantiating /home/travis/build/icyphy/ptII/ptolemy/actor/lib/test/auto/PublisherPort1.xml
9 ms. Memory: 321536K Free: 99821K (31%)
----------------- Invoking toplevel() on ptolemy.moml.MoMLSimpleApplication@3844a4cd
----------------- Done invoking toplevel() on ptolemy.moml.MoMLSimpleApplication@3844a4cd
reloadAllAccessors: .PublisherPort1

===========================================================================================
----------------- testing Sun May 24 14:31:29 UTC 2020 /home/travis/build/icyphy/ptII/ptolemy/actor/lib/test/auto/PublisherPort2.xml
----------------- Instantiating /home/travis/build/icyphy/ptII/ptolemy/actor/lib/test/auto/PublisherPort2.xml
1 ms. Memory: 321536K Free: 94731K (29%)
----------------- Invoking toplevel() on ptolemy.moml.MoMLSimpleApplication@64251048
----------------- Done invoking toplevel() on ptolemy.moml.MoMLSimpleApplication@64251048
reloadAllAccessors: .PublisherPort2

===========================================================================================
----------------- testing Sun May 24 14:31:29 UTC 2020 /home/travis/build/icyphy/ptII/ptolemy/actor/lib/test/auto/PublisherPort3.xml
----------------- Instantiating /home/travis/build/icyphy/ptII/ptolemy/actor/lib/test/auto/PublisherPort3.xml
2 ms. Memory: 321536K Free: 87533K (27%)
----------------- Invoking toplevel() on ptolemy.moml.MoMLSimpleApplication@4dd2d31e
----------------- Done invoking toplevel() on ptolemy.moml.MoMLSimpleApplication@4dd2d31e
reloadAllAccessors: .PublisherPort3

===========================================================================================
----------------- testing Sun May 24 14:31:29 UTC 2020 /home/travis/build/icyphy/ptII/ptolemy/actor/lib/test/auto/PublisherPort4.xml
----------------- Instantiating /home/travis/build/icyphy/ptII/ptolemy/actor/lib/test/auto/PublisherPort4.xml
10 ms. Memory: 321536K Free: 271131K (84%)
----------------- Invoking toplevel() on ptolemy.moml.MoMLSimpleApplication@2505a3d
----------------- Done invoking toplevel() on ptolemy.moml.MoMLSimpleApplication@2505a3d
reloadAllAccessors: .PublisherPort4

===========================================================================================
----------------- testing Sun May 24 14:31:29 UTC 2020 /home/travis/build/icyphy/ptII/ptolemy/actor/lib/test/auto/PublisherPort5.xml
----------------- Instantiating /home/travis/build/icyphy/ptII/ptolemy/actor/lib/test/auto/PublisherPort5.xml
3 ms. Memory: 321536K Free: 262939K (82%)
----------------- Invoking toplevel() on ptolemy.moml.MoMLSimpleApplication@b3c971b
----------------- Done invoking toplevel() on ptolemy.moml.MoMLSimpleApplication@b3c971b
reloadAllAccessors: .PublisherPort5

===========================================================================================
----------------- testing Sun May 24 14:31:29 UTC 2020 /home/travis/build/icyphy/ptII/ptolemy/actor/lib/test/auto/PublisherPort5LookAlike.xml
----------------- Instantiating /home/travis/build/icyphy/ptII/ptolemy/actor/lib/test/auto/PublisherPort5LookAlike.xml
7 ms. Memory: 321536K Free: 255257K (79%)
----------------- Invoking toplevel() on ptolemy.moml.MoMLSimpleApplication@37ab94ad
----------------- Done invoking toplevel() on ptolemy.moml.MoMLSimpleApplication@37ab94ad
reloadAllAccessors: .PublisherPort5LookAlike

===========================================================================================
----------------- testing Sun May 24 14:31:29 UTC 2020 /home/travis/build/icyphy/ptII/ptolemy/actor/lib/test/auto/PublisherPort6.xml
----------------- Instantiating /home/travis/build/icyphy/ptII/ptolemy/actor/lib/test/auto/PublisherPort6.xml
3 ms. Memory: 321536K Free: 248603K (77%)
----------------- Invoking toplevel() on ptolemy.moml.MoMLSimpleApplication@6de56ca6
----------------- Done invoking toplevel() on ptolemy.moml.MoMLSimpleApplication@6de56ca6
reloadAllAccessors: .PublisherPort6

===========================================================================================
----------------- testing Sun May 24 14:31:29 UTC 2020 /home/travis/build/icyphy/ptII/ptolemy/actor/lib/test/auto/PublisherPort7.xml
----------------- Instantiating /home/travis/build/icyphy/ptII/ptolemy/actor/lib/test/auto/PublisherPort7.xml
3 ms. Memory: 321536K Free: 240411K (75%)
----------------- Invoking toplevel() on ptolemy.moml.MoMLSimpleApplication@36779e20
----------------- Done invoking toplevel() on ptolemy.moml.MoMLSimpleApplication@36779e20
reloadAllAccessors: .PublisherPort7

===========================================================================================
----------------- testing Sun May 24 14:31:29 UTC 2020 /home/travis/build/icyphy/ptII/ptolemy/actor/lib/test/auto/PublisherPort8.xml
----------------- Instantiating /home/travis/build/icyphy/ptII/ptolemy/actor/lib/test/auto/PublisherPort8.xml
4 ms. Memory: 321536K Free: 231705K (72%)
----------------- Invoking toplevel() on ptolemy.moml.MoMLSimpleApplication@9e65ca9
----------------- Done invoking toplevel() on ptolemy.moml.MoMLSimpleApplication@9e65ca9
reloadAllAccessors: .PublisherPort8

===========================================================================================
----------------- testing Sun May 24 14:31:29 UTC 2020 /home/travis/build/icyphy/ptII/ptolemy/actor/lib/test/auto/PublisherPortSubscriberChannelVariablesAOC2.xml
----------------- Instantiating /home/travis/build/icyphy/ptII/ptolemy/actor/lib/test/auto/PublisherPortSubscriberChannelVariablesAOC2.xml
2 ms. Memory: 321536K Free: 214297K (67%)
----------------- Invoking toplevel() on ptolemy.moml.MoMLSimpleApplication@2f1890b7
----------------- Done invoking toplevel() on ptolemy.moml.MoMLSimpleApplication@2f1890b7
reloadAllAccessors: .PublisherPortSubscriberChannelVariablesAOC2

===========================================================================================
----------------- testing Sun May 24 14:31:29 UTC 2020 /home/travis/build/icyphy/ptII/ptolemy/actor/lib/test/auto/PublisherPortSubscriberOpaqueWidthInference.xml
----------------- Instantiating /home/travis/build/icyphy/ptII/ptolemy/actor/lib/test/auto/PublisherPortSubscriberOpaqueWidthInference.xml
3 ms. Memory: 321536K Free: 206091K (64%)
----------------- Invoking toplevel() on ptolemy.moml.MoMLSimpleApplication@2ef3d56b
----------------- Done invoking toplevel() on ptolemy.moml.MoMLSimpleApplication@2ef3d56b
reloadAllAccessors: .PublisherPortSubscriberOpaqueWidthInference

===========================================================================================
----------------- testing Sun May 24 14:31:29 UTC 2020 /home/travis/build/icyphy/ptII/ptolemy/actor/lib/test/auto/PublisherPortSubscriberPortAdjacent.xml
----------------- Instantiating /home/travis/build/icyphy/ptII/ptolemy/actor/lib/test/auto/PublisherPortSubscriberPortAdjacent.xml
2 ms. Memory: 321536K Free: 197913K (62%)
----------------- Invoking toplevel() on ptolemy.moml.MoMLSimpleApplication@7c429f19
----------------- Done invoking toplevel() on ptolemy.moml.MoMLSimpleApplication@7c429f19
reloadAllAccessors: .PublisherPortSubscriberPortAdjacent

===========================================================================================
----------------- testing Sun May 24 14:31:29 UTC 2020 /home/travis/build/icyphy/ptII/ptolemy/actor/lib/test/auto/PublisherPortSubscriberPortExpression.xml
----------------- Instantiating /home/travis/build/icyphy/ptII/ptolemy/actor/lib/test/auto/PublisherPortSubscriberPortExpression.xml
4 ms. Memory: 321536K Free: 190235K (59%)
----------------- Invoking toplevel() on ptolemy.moml.MoMLSimpleApplication@76e96667
----------------- Done invoking toplevel() on ptolemy.moml.MoMLSimpleApplication@76e96667
reloadAllAccessors: .PublisherPortSubscriberPortExpression

===========================================================================================
----------------- testing Sun May 24 14:31:29 UTC 2020 /home/travis/build/icyphy/ptII/ptolemy/actor/lib/test/auto/PublisherPortSubscriberPortOpaqueD3Reverse.xml
----------------- Instantiating /home/travis/build/icyphy/ptII/ptolemy/actor/lib/test/auto/PublisherPortSubscriberPortOpaqueD3Reverse.xml
8 ms. Memory: 321536K Free: 179995K (56%)
----------------- Invoking toplevel() on ptolemy.moml.MoMLSimpleApplication@13a4f245
----------------- Done invoking toplevel() on ptolemy.moml.MoMLSimpleApplication@13a4f245
reloadAllAccessors: .PublisherPortSubscriberPortOpaqueD3Reverse

===========================================================================================
----------------- testing Sun May 24 14:31:29 UTC 2020 /home/travis/build/icyphy/ptII/ptolemy/actor/lib/test/auto/PublisherPortSubscriberPortOpaqueWidthInference.xml
----------------- Instantiating /home/travis/build/icyphy/ptII/ptolemy/actor/lib/test/auto/PublisherPortSubscriberPortOpaqueWidthInference.xml
3 ms. Memory: 321536K Free: 172299K (54%)
----------------- Invoking toplevel() on ptolemy.moml.MoMLSimpleApplication@79aad939
----------------- Done invoking toplevel() on ptolemy.moml.MoMLSimpleApplication@79aad939
reloadAllAccessors: .PublisherPortSubscriberPortOpaqueWidthInference

===========================================================================================
----------------- testing Sun May 24 14:31:29 UTC 2020 /home/travis/build/icyphy/ptII/ptolemy/actor/lib/test/auto/PublisherPortToplevelSubscriberPortAOC.xml
----------------- Instantiating /home/travis/build/icyphy/ptII/ptolemy/actor/lib/test/auto/PublisherPortToplevelSubscriberPortAOC.xml
.PublisherPortToplevelSubscriberPortAOC.TestExceptionAttribute: initialize() was not invoked, but wrapup() was.  This is unusual, but not always a problem.  For example, exporting JNLP will do this.
0 ms. Memory: 321536K Free: 166169K (52%)
----------------- Invoking toplevel() on ptolemy.moml.MoMLSimpleApplication@118a26f2
----------------- Done invoking toplevel() on ptolemy.moml.MoMLSimpleApplication@118a26f2
reloadAllAccessors: .PublisherPortToplevelSubscriberPortAOC

===========================================================================================
----------------- testing Sun May 24 14:31:29 UTC 2020 /home/travis/build/icyphy/ptII/ptolemy/actor/lib/test/auto/PublisherSubscriber.xml
----------------- Instantiating /home/travis/build/icyphy/ptII/ptolemy/actor/lib/test/auto/PublisherSubscriber.xml
2 ms. Memory: 321536K Free: 158491K (49%)
----------------- Invoking toplevel() on ptolemy.moml.MoMLSimpleApplication@38c98cd4
----------------- Done invoking toplevel() on ptolemy.moml.MoMLSimpleApplication@38c98cd4
reloadAllAccessors: .PublisherSubscriber

===========================================================================================
----------------- testing Sun May 24 14:31:29 UTC 2020 /home/travis/build/icyphy/ptII/ptolemy/actor/lib/test/auto/PublisherSubscriber10.xml
----------------- Instantiating /home/travis/build/icyphy/ptII/ptolemy/actor/lib/test/auto/PublisherSubscriber10.xml
5 ms. Memory: 321536K Free: 148761K (46%)
----------------- Invoking toplevel() on ptolemy.moml.MoMLSimpleApplication@5999b97b
----------------- Done invoking toplevel() on ptolemy.moml.MoMLSimpleApplication@5999b97b
reloadAllAccessors: .PublisherSubscriber10

===========================================================================================
----------------- testing Sun May 24 14:31:29 UTC 2020 /home/travis/build/icyphy/ptII/ptolemy/actor/lib/test/auto/PublisherSubscriber10InitialOutputs.xml
----------------- Instantiating /home/travis/build/icyphy/ptII/ptolemy/actor/lib/test/auto/PublisherSubscriber10InitialOutputs.xml
12 ms. Memory: 321536K Free: 139545K (43%)
----------------- Invoking toplevel() on ptolemy.moml.MoMLSimpleApplication@4fad530d
----------------- Done invoking toplevel() on ptolemy.moml.MoMLSimpleApplication@4fad530d
reloadAllAccessors: .PublisherSubscriber10InitialOutputs

===========================================================================================
----------------- testing Sun May 24 14:31:29 UTC 2020 /home/travis/build/icyphy/ptII/ptolemy/actor/lib/test/auto/PublisherSubscriber11.xml
----------------- Instantiating /home/travis/build/icyphy/ptII/ptolemy/actor/lib/test/auto/PublisherSubscriber11.xml
3 ms. Memory: 321536K Free: 133387K (41%)
----------------- Invoking toplevel() on ptolemy.moml.MoMLSimpleApplication@5c1d5214
----------------- Done invoking toplevel() on ptolemy.moml.MoMLSimpleApplication@5c1d5214
reloadAllAccessors: .PublisherSubscriber11

===========================================================================================
----------------- testing Sun May 24 14:31:29 UTC 2020 /home/travis/build/icyphy/ptII/ptolemy/actor/lib/test/auto/PublisherSubscriber12.xml
----------------- Instantiating /home/travis/build/icyphy/ptII/ptolemy/actor/lib/test/auto/PublisherSubscriber12.xml
4 ms. Memory: 321536K Free: 126233K (39%)
----------------- Invoking toplevel() on ptolemy.moml.MoMLSimpleApplication@2cccc4eb
----------------- Done invoking toplevel() on ptolemy.moml.MoMLSimpleApplication@2cccc4eb
reloadAllAccessors: .PublisherSubscriber12

===========================================================================================
----------------- testing Sun May 24 14:31:30 UTC 2020 /home/travis/build/icyphy/ptII/ptolemy/actor/lib/test/auto/PublisherSubscriber13.xml
----------------- Instantiating /home/travis/build/icyphy/ptII/ptolemy/actor/lib/test/auto/PublisherSubscriber13.xml
1 ms. Memory: 321536K Free: 120075K (37%)
----------------- Invoking toplevel() on ptolemy.moml.MoMLSimpleApplication@65015a54
----------------- Done invoking toplevel() on ptolemy.moml.MoMLSimpleApplication@65015a54
reloadAllAccessors: .PublisherSubscriber13

===========================================================================================
----------------- testing Sun May 24 14:31:30 UTC 2020 /home/travis/build/icyphy/ptII/ptolemy/actor/lib/test/auto/PublisherSubscriber14.xml
----------------- Instantiating /home/travis/build/icyphy/ptII/ptolemy/actor/lib/test/auto/PublisherSubscriber14.xml
1 ms. Memory: 321536K Free: 111387K (35%)
----------------- Invoking toplevel() on ptolemy.moml.MoMLSimpleApplication@74561836
----------------- Done invoking toplevel() on ptolemy.moml.MoMLSimpleApplication@74561836
reloadAllAccessors: .PublisherSubscriber14

===========================================================================================
----------------- testing Sun May 24 14:31:30 UTC 2020 /home/travis/build/icyphy/ptII/ptolemy/actor/lib/test/auto/PublisherSubscriber2.xml
----------------- Instantiating /home/travis/build/icyphy/ptII/ptolemy/actor/lib/test/auto/PublisherSubscriber2.xml
3 ms. Memory: 321536K Free: 105723K (33%)
----------------- Invoking toplevel() on ptolemy.moml.MoMLSimpleApplication@37db3610
----------------- Done invoking toplevel() on ptolemy.moml.MoMLSimpleApplication@37db3610
reloadAllAccessors: .PublisherSubscriber2

===========================================================================================
----------------- testing Sun May 24 14:31:30 UTC 2020 /home/travis/build/icyphy/ptII/ptolemy/actor/lib/test/auto/PublisherSubscriber3.xml
----------------- Instantiating /home/travis/build/icyphy/ptII/ptolemy/actor/lib/test/auto/PublisherSubscriber3.xml
2 ms. Memory: 321536K Free: 100123K (31%)
----------------- Invoking toplevel() on ptolemy.moml.MoMLSimpleApplication@15c7c62c
----------------- Done invoking toplevel() on ptolemy.moml.MoMLSimpleApplication@15c7c62c
reloadAllAccessors: .PublisherSubscriber3

===========================================================================================
----------------- testing Sun May 24 14:31:30 UTC 2020 /home/travis/build/icyphy/ptII/ptolemy/actor/lib/test/auto/PublisherSubscriber4.xml
----------------- Instantiating /home/travis/build/icyphy/ptII/ptolemy/actor/lib/test/auto/PublisherSubscriber4.xml
2 ms. Memory: 321536K Free: 95003K (30%)
----------------- Invoking toplevel() on ptolemy.moml.MoMLSimpleApplication@77233b10
----------------- Done invoking toplevel() on ptolemy.moml.MoMLSimpleApplication@77233b10
reloadAllAccessors: .PublisherSubscriber4

===========================================================================================
----------------- testing Sun May 24 14:31:30 UTC 2020 /home/travis/build/icyphy/ptII/ptolemy/actor/lib/test/auto/PublisherSubscriber5.xml
----------------- Instantiating /home/travis/build/icyphy/ptII/ptolemy/actor/lib/test/auto/PublisherSubscriber5.xml
2 ms. Memory: 321536K Free: 88331K (27%)
----------------- Invoking toplevel() on ptolemy.moml.MoMLSimpleApplication@34b20c14
----------------- Done invoking toplevel() on ptolemy.moml.MoMLSimpleApplication@34b20c14
reloadAllAccessors: .PublisherSubscriber5

===========================================================================================
----------------- testing Sun May 24 14:31:30 UTC 2020 /home/travis/build/icyphy/ptII/ptolemy/actor/lib/test/auto/PublisherSubscriber6.xml
----------------- Instantiating /home/travis/build/icyphy/ptII/ptolemy/actor/lib/test/auto/PublisherSubscriber6.xml
3 ms. Memory: 321536K Free: 270550K (84%)
----------------- Invoking toplevel() on ptolemy.moml.MoMLSimpleApplication@45805a9
----------------- Done invoking toplevel() on ptolemy.moml.MoMLSimpleApplication@45805a9
reloadAllAccessors: .PublisherSubscriber6

===========================================================================================
----------------- testing Sun May 24 14:31:30 UTC 2020 /home/travis/build/icyphy/ptII/ptolemy/actor/lib/test/auto/PublisherSubscriber7.xml
----------------- Instantiating /home/travis/build/icyphy/ptII/ptolemy/actor/lib/test/auto/PublisherSubscriber7.xml
6 ms. Memory: 321536K Free: 263396K (82%)
----------------- Invoking toplevel() on ptolemy.moml.MoMLSimpleApplication@eb8102b
----------------- Done invoking toplevel() on ptolemy.moml.MoMLSimpleApplication@eb8102b
reloadAllAccessors: .PublisherSubscriber7

===========================================================================================
----------------- testing Sun May 24 14:31:30 UTC 2020 /home/travis/build/icyphy/ptII/ptolemy/actor/lib/test/auto/PublisherSubscriber8.xml
----------------- Instantiating /home/travis/build/icyphy/ptII/ptolemy/actor/lib/test/auto/PublisherSubscriber8.xml
13 ms. Memory: 321536K Free: 251622K (78%)
----------------- Invoking toplevel() on ptolemy.moml.MoMLSimpleApplication@691547ac
----------------- Done invoking toplevel() on ptolemy.moml.MoMLSimpleApplication@691547ac
reloadAllAccessors: .PublisherSubscriber8

===========================================================================================
----------------- testing Sun May 24 14:31:30 UTC 2020 /home/travis/build/icyphy/ptII/ptolemy/actor/lib/test/auto/PublisherSubscriber9.xml
----------------- Instantiating /home/travis/build/icyphy/ptII/ptolemy/actor/lib/test/auto/PublisherSubscriber9.xml
3 ms. Memory: 321536K Free: 244454K (76%)
----------------- Invoking toplevel() on ptolemy.moml.MoMLSimpleApplication@557ec67d
----------------- Done invoking toplevel() on ptolemy.moml.MoMLSimpleApplication@557ec67d
reloadAllAccessors: .PublisherSubscriber9

===========================================================================================
----------------- testing Sun May 24 14:31:30 UTC 2020 /home/travis/build/icyphy/ptII/ptolemy/actor/lib/test/auto/PublisherSubscriberAdjacent.xml
----------------- Instantiating /home/travis/build/icyphy/ptII/ptolemy/actor/lib/test/auto/PublisherSubscriberAdjacent.xml
1 ms. Memory: 321536K Free: 236262K (73%)
----------------- Invoking toplevel() on ptolemy.moml.MoMLSimpleApplication@3f86a527
----------------- Done invoking toplevel() on ptolemy.moml.MoMLSimpleApplication@3f86a527
reloadAllAccessors: .PublisherSubscriberAdjacent

===========================================================================================
----------------- testing Sun May 24 14:31:30 UTC 2020 /home/travis/build/icyphy/ptII/ptolemy/actor/lib/test/auto/PublisherSubscriberChannelVariablesAOC2.xml
----------------- Instantiating /home/travis/build/icyphy/ptII/ptolemy/actor/lib/test/auto/PublisherSubscriberChannelVariablesAOC2.xml
2 ms. Memory: 321536K Free: 221412K (69%)
----------------- Invoking toplevel() on ptolemy.moml.MoMLSimpleApplication@3b873ce1
----------------- Done invoking toplevel() on ptolemy.moml.MoMLSimpleApplication@3b873ce1
reloadAllAccessors: .PublisherSubscriberChannelVariablesAOC2

===========================================================================================
----------------- testing Sun May 24 14:31:30 UTC 2020 /home/travis/build/icyphy/ptII/ptolemy/actor/lib/test/auto/PublisherSubscriberD3.xml
----------------- Instantiating /home/travis/build/icyphy/ptII/ptolemy/actor/lib/test/auto/PublisherSubscriberD3.xml
1 ms. Memory: 321536K Free: 213734K (66%)
----------------- Invoking toplevel() on ptolemy.moml.MoMLSimpleApplication@416c82e9
----------------- Done invoking toplevel() on ptolemy.moml.MoMLSimpleApplication@416c82e9
reloadAllAccessors: .PublisherSubscriberD3

===========================================================================================
----------------- testing Sun May 24 14:31:30 UTC 2020 /home/travis/build/icyphy/ptII/ptolemy/actor/lib/test/auto/PublisherSubscriberD3Reverse.xml
----------------- Instantiating /home/travis/build/icyphy/ptII/ptolemy/actor/lib/test/auto/PublisherSubscriberD3Reverse.xml
2 ms. Memory: 321536K Free: 207590K (65%)
----------------- Invoking toplevel() on ptolemy.moml.MoMLSimpleApplication@5d8a9843
----------------- Done invoking toplevel() on ptolemy.moml.MoMLSimpleApplication@5d8a9843
reloadAllAccessors: .PublisherSubscriberD3Reverse

===========================================================================================
----------------- testing Sun May 24 14:31:30 UTC 2020 /home/travis/build/icyphy/ptII/ptolemy/actor/lib/test/auto/PublisherSubscriberExpression.xml
----------------- Instantiating /home/travis/build/icyphy/ptII/ptolemy/actor/lib/test/auto/PublisherSubscriberExpression.xml
3 ms. Memory: 321536K Free: 198854K (62%)
----------------- Invoking toplevel() on ptolemy.moml.MoMLSimpleApplication@5b8a90d0
----------------- Done invoking toplevel() on ptolemy.moml.MoMLSimpleApplication@5b8a90d0
reloadAllAccessors: .PublisherSubscriberExpression

===========================================================================================
----------------- testing Sun May 24 14:31:30 UTC 2020 /home/travis/build/icyphy/ptII/ptolemy/actor/lib/test/auto/PublisherSubscriberOpaque.xml
----------------- Instantiating /home/travis/build/icyphy/ptII/ptolemy/actor/lib/test/auto/PublisherSubscriberOpaque.xml
3 ms. Memory: 321536K Free: 190692K (59%)
----------------- Invoking toplevel() on ptolemy.moml.MoMLSimpleApplication@2e858159
----------------- Done invoking toplevel() on ptolemy.moml.MoMLSimpleApplication@2e858159
reloadAllAccessors: .PublisherSubscriberOpaque

===========================================================================================
----------------- testing Sun May 24 14:31:30 UTC 2020 /home/travis/build/icyphy/ptII/ptolemy/actor/lib/test/auto/PublisherSubscriberOpaqueD3.xml
----------------- Instantiating /home/travis/build/icyphy/ptII/ptolemy/actor/lib/test/auto/PublisherSubscriberOpaqueD3.xml
4 ms. Memory: 321536K Free: 179428K (56%)
----------------- Invoking toplevel() on ptolemy.moml.MoMLSimpleApplication@33b2124d
----------------- Done invoking toplevel() on ptolemy.moml.MoMLSimpleApplication@33b2124d
reloadAllAccessors: .PublisherSubscriberOpaqueD3

===========================================================================================
----------------- testing Sun May 24 14:31:30 UTC 2020 /home/travis/build/icyphy/ptII/ptolemy/actor/lib/test/auto/PublisherSubscriberOpaqueD3Reverse.xml
----------------- Instantiating /home/travis/build/icyphy/ptII/ptolemy/actor/lib/test/auto/PublisherSubscriberOpaqueD3Reverse.xml
6 ms. Memory: 321536K Free: 168164K (52%)
----------------- Invoking toplevel() on ptolemy.moml.MoMLSimpleApplication@3736cbce
----------------- Done invoking toplevel() on ptolemy.moml.MoMLSimpleApplication@3736cbce
reloadAllAccessors: .PublisherSubscriberOpaqueD3Reverse

===========================================================================================
----------------- testing Sun May 24 14:31:30 UTC 2020 /home/travis/build/icyphy/ptII/ptolemy/actor/lib/test/auto/PublisherSubscriberOpaqueWidthInference.xml
----------------- Instantiating /home/travis/build/icyphy/ptII/ptolemy/actor/lib/test/auto/PublisherSubscriberOpaqueWidthInference.xml
5 ms. Memory: 321536K Free: 159958K (50%)
----------------- Invoking toplevel() on ptolemy.moml.MoMLSimpleApplication@40c6f9b4
----------------- Done invoking toplevel() on ptolemy.moml.MoMLSimpleApplication@40c6f9b4
reloadAllAccessors: .PublisherSubscriberOpaqueWidthInference

===========================================================================================
----------------- testing Sun May 24 14:31:30 UTC 2020 /home/travis/build/icyphy/ptII/ptolemy/actor/lib/test/auto/PublisherTestSubscriber.xml
----------------- Instantiating /home/travis/build/icyphy/ptII/ptolemy/actor/lib/test/auto/PublisherTestSubscriber.xml
3 ms. Memory: 321536K Free: 152294K (47%)
----------------- Invoking toplevel() on ptolemy.moml.MoMLSimpleApplication@5fe9147e
----------------- Done invoking toplevel() on ptolemy.moml.MoMLSimpleApplication@5fe9147e
reloadAllAccessors: .PublisherTestSubscriber

===========================================================================================
----------------- testing Sun May 24 14:31:30 UTC 2020 /home/travis/build/icyphy/ptII/ptolemy/actor/lib/test/auto/PublisherToplevelSubscriberPortAOC.xml
----------------- Instantiating /home/travis/build/icyphy/ptII/ptolemy/actor/lib/test/auto/PublisherToplevelSubscriberPortAOC.xml
1 ms. Memory: 321536K Free: 146150K (45%)
----------------- Invoking toplevel() on ptolemy.moml.MoMLSimpleApplication@e815751
----------------- Done invoking toplevel() on ptolemy.moml.MoMLSimpleApplication@e815751
reloadAllAccessors: .PublisherToplevelSubscriberPortAOC

===========================================================================================
----------------- testing Sun May 24 14:31:30 UTC 2020 /home/travis/build/icyphy/ptII/ptolemy/actor/lib/test/auto/PulseFiringLimitDE.xml
----------------- Instantiating /home/travis/build/icyphy/ptII/ptolemy/actor/lib/test/auto/PulseFiringLimitDE.xml
1 ms. Memory: 321536K Free: 139492K (43%)
----------------- Invoking toplevel() on ptolemy.moml.MoMLSimpleApplication@7864d3f2
----------------- Done invoking toplevel() on ptolemy.moml.MoMLSimpleApplication@7864d3f2
reloadAllAccessors: .PulseFiringLimitDE

===========================================================================================
----------------- testing Sun May 24 14:31:30 UTC 2020 /home/travis/build/icyphy/ptII/ptolemy/actor/lib/test/auto/Ramp1.xml
----------------- Instantiating /home/travis/build/icyphy/ptII/ptolemy/actor/lib/test/auto/Ramp1.xml
0 ms. Memory: 321536K Free: 135390K (42%)
----------------- Invoking toplevel() on ptolemy.moml.MoMLSimpleApplication@71b326db
----------------- Done invoking toplevel() on ptolemy.moml.MoMLSimpleApplication@71b326db
reloadAllAccessors: .Ramp1

===========================================================================================
----------------- testing Sun May 24 14:31:30 UTC 2020 /home/travis/build/icyphy/ptII/ptolemy/actor/lib/test/auto/RampFiringLimitDE.xml
----------------- Instantiating /home/travis/build/icyphy/ptII/ptolemy/actor/lib/test/auto/RampFiringLimitDE.xml
2 ms. Memory: 321536K Free: 129238K (40%)
----------------- Invoking toplevel() on ptolemy.moml.MoMLSimpleApplication@48bbbbe2
----------------- Done invoking toplevel() on ptolemy.moml.MoMLSimpleApplication@48bbbbe2
reloadAllAccessors: .RampFiringLimitDE

===========================================================================================
----------------- testing Sun May 24 14:31:30 UTC 2020 /home/travis/build/icyphy/ptII/ptolemy/actor/lib/test/auto/RampFiringLimitSDF.xml
----------------- Instantiating /home/travis/build/icyphy/ptII/ptolemy/actor/lib/test/auto/RampFiringLimitSDF.xml
2 ms. Memory: 321536K Free: 124118K (39%)
----------------- Invoking toplevel() on ptolemy.moml.MoMLSimpleApplication@4823f1b3
----------------- Done invoking toplevel() on ptolemy.moml.MoMLSimpleApplication@4823f1b3
reloadAllAccessors: .RampFiringLimitSDF

===========================================================================================
----------------- testing Sun May 24 14:31:30 UTC 2020 /home/travis/build/icyphy/ptII/ptolemy/actor/lib/test/auto/RandomInteger.xml
----------------- Instantiating /home/travis/build/icyphy/ptII/ptolemy/actor/lib/test/auto/RandomInteger.xml
1 ms. Memory: 321536K Free: 119526K (37%)
----------------- Invoking toplevel() on ptolemy.moml.MoMLSimpleApplication@240ca331
----------------- Done invoking toplevel() on ptolemy.moml.MoMLSimpleApplication@240ca331
reloadAllAccessors: .RandomInteger

===========================================================================================
----------------- testing Sun May 24 14:31:30 UTC 2020 /home/travis/build/icyphy/ptII/ptolemy/actor/lib/test/auto/ReadFile1.xml
----------------- Instantiating /home/travis/build/icyphy/ptII/ptolemy/actor/lib/test/auto/ReadFile1.xml
2 ms. Memory: 321536K Free: 114916K (36%)
----------------- Invoking toplevel() on ptolemy.moml.MoMLSimpleApplication@61dd0a82
----------------- Done invoking toplevel() on ptolemy.moml.MoMLSimpleApplication@61dd0a82
reloadAllAccessors: .ReadFile1

===========================================================================================
----------------- testing Sun May 24 14:31:30 UTC 2020 /home/travis/build/icyphy/ptII/ptolemy/actor/lib/test/auto/ReadFile2.xml
----------------- Instantiating /home/travis/build/icyphy/ptII/ptolemy/actor/lib/test/auto/ReadFile2.xml
1 ms. Memory: 321536K Free: 110820K (34%)
----------------- Invoking toplevel() on ptolemy.moml.MoMLSimpleApplication@10df2ee0
----------------- Done invoking toplevel() on ptolemy.moml.MoMLSimpleApplication@10df2ee0
reloadAllAccessors: .ReadFile2

===========================================================================================
----------------- testing Sun May 24 14:31:30 UTC 2020 /home/travis/build/icyphy/ptII/ptolemy/actor/lib/test/auto/Reader.xml
----------------- Instantiating /home/travis/build/icyphy/ptII/ptolemy/actor/lib/test/auto/Reader.xml
actor.lib.Reader is obsolete, use actor.lib.io.ExpressionReader instead
4 ms. Memory: 321536K Free: 106724K (33%)
----------------- Invoking toplevel() on ptolemy.moml.MoMLSimpleApplication@212fd7a
----------------- Done invoking toplevel() on ptolemy.moml.MoMLSimpleApplication@212fd7a
reloadAllAccessors: .Reader

===========================================================================================
----------------- testing Sun May 24 14:31:30 UTC 2020 /home/travis/build/icyphy/ptII/ptolemy/actor/lib/test/auto/RecordAssemblerDisplayNameTest.xml
----------------- Instantiating /home/travis/build/icyphy/ptII/ptolemy/actor/lib/test/auto/RecordAssemblerDisplayNameTest.xml
3479 ms. Memory: 321536K Free: 198852K (62%)
----------------- Invoking toplevel() on ptolemy.moml.MoMLSimpleApplication@2b363e38
----------------- Done invoking toplevel() on ptolemy.moml.MoMLSimpleApplication@2b363e38
reloadAllAccessors: .RecordAssemblerDisplayNameTest

===========================================================================================
----------------- testing Sun May 24 14:31:33 UTC 2020 /home/travis/build/icyphy/ptII/ptolemy/actor/lib/test/auto/RecordAssemblerTypeError.xml
----------------- Instantiating /home/travis/build/icyphy/ptII/ptolemy/actor/lib/test/auto/RecordAssemblerTypeError.xml
14 ms. Memory: 321536K Free: 189126K (59%)
----------------- Invoking toplevel() on ptolemy.moml.MoMLSimpleApplication@154202f
----------------- Done invoking toplevel() on ptolemy.moml.MoMLSimpleApplication@154202f
reloadAllAccessors: .RecordAssemblerTypeError

===========================================================================================
----------------- testing Sun May 24 14:31:34 UTC 2020 /home/travis/build/icyphy/ptII/ptolemy/actor/lib/test/auto/RecordDisassember.xml
----------------- Instantiating /home/travis/build/icyphy/ptII/ptolemy/actor/lib/test/auto/RecordDisassember.xml
3 ms. Memory: 321536K Free: 184006K (57%)
----------------- Invoking toplevel() on ptolemy.moml.MoMLSimpleApplication@d63b0cb
----------------- Done invoking toplevel() on ptolemy.moml.MoMLSimpleApplication@d63b0cb
reloadAllAccessors: .RecordDisassember

===========================================================================================
----------------- testing Sun May 24 14:31:34 UTC 2020 /home/travis/build/icyphy/ptII/ptolemy/actor/lib/test/auto/RecordDisassemberDisplayNameTest.xml
----------------- Instantiating /home/travis/build/icyphy/ptII/ptolemy/actor/lib/test/auto/RecordDisassemberDisplayNameTest.xml
5 ms. Memory: 321536K Free: 175814K (55%)
----------------- Invoking toplevel() on ptolemy.moml.MoMLSimpleApplication@1b361adf
----------------- Done invoking toplevel() on ptolemy.moml.MoMLSimpleApplication@1b361adf
reloadAllAccessors: .RecordDisassemberDisplayNameTest

===========================================================================================
----------------- testing Sun May 24 14:31:34 UTC 2020 /home/travis/build/icyphy/ptII/ptolemy/actor/lib/test/auto/RecordDisassembler.xml
----------------- Instantiating /home/travis/build/icyphy/ptII/ptolemy/actor/lib/test/auto/RecordDisassembler.xml
4 ms. Memory: 321536K Free: 170694K (53%)
----------------- Invoking toplevel() on ptolemy.moml.MoMLSimpleApplication@7b632df7
----------------- Done invoking toplevel() on ptolemy.moml.MoMLSimpleApplication@7b632df7
reloadAllAccessors: .RecordDisassembler

===========================================================================================
----------------- testing Sun May 24 14:31:34 UTC 2020 /home/travis/build/icyphy/ptII/ptolemy/actor/lib/test/auto/RecordDisassembler2.xml
----------------- Instantiating /home/travis/build/icyphy/ptII/ptolemy/actor/lib/test/auto/RecordDisassembler2.xml
2 ms. Memory: 321536K Free: 165574K (51%)
----------------- Invoking toplevel() on ptolemy.moml.MoMLSimpleApplication@32f5ab5f
----------------- Done invoking toplevel() on ptolemy.moml.MoMLSimpleApplication@32f5ab5f
reloadAllAccessors: .RecordDisassembler2

===========================================================================================
----------------- testing Sun May 24 14:31:34 UTC 2020 /home/travis/build/icyphy/ptII/ptolemy/actor/lib/test/auto/RecordUpdater.xml
----------------- Instantiating /home/travis/build/icyphy/ptII/ptolemy/actor/lib/test/auto/RecordUpdater.xml
2 ms. Memory: 321536K Free: 159940K (50%)
----------------- Invoking toplevel() on ptolemy.moml.MoMLSimpleApplication@735b14e2
----------------- Done invoking toplevel() on ptolemy.moml.MoMLSimpleApplication@735b14e2
reloadAllAccessors: .RecordUpdater

===========================================================================================
----------------- testing Sun May 24 14:31:34 UTC 2020 /home/travis/build/icyphy/ptII/ptolemy/actor/lib/test/auto/RecordUpdater2.xml
----------------- Instantiating /home/travis/build/icyphy/ptII/ptolemy/actor/lib/test/auto/RecordUpdater2.xml
1 ms. Memory: 321536K Free: 154820K (48%)
----------------- Invoking toplevel() on ptolemy.moml.MoMLSimpleApplication@4d3c1405
----------------- Done invoking toplevel() on ptolemy.moml.MoMLSimpleApplication@4d3c1405
reloadAllAccessors: .RecordUpdater2

===========================================================================================
----------------- testing Sun May 24 14:31:34 UTC 2020 /home/travis/build/icyphy/ptII/ptolemy/actor/lib/test/auto/RecursiveLattice.xml
----------------- Instantiating /home/travis/build/icyphy/ptII/ptolemy/actor/lib/test/auto/RecursiveLattice.xml
1 ms. Memory: 321536K Free: 150694K (47%)
----------------- Invoking toplevel() on ptolemy.moml.MoMLSimpleApplication@11412b48
----------------- Done invoking toplevel() on ptolemy.moml.MoMLSimpleApplication@11412b48
reloadAllAccessors: .RecursiveLattice

===========================================================================================
----------------- testing Sun May 24 14:31:34 UTC 2020 /home/travis/build/icyphy/ptII/ptolemy/actor/lib/test/auto/Router.xml
----------------- Instantiating /home/travis/build/icyphy/ptII/ptolemy/actor/lib/test/auto/Router.xml
3003 ms. Memory: 321536K Free: 139460K (43%)
----------------- Invoking toplevel() on ptolemy.moml.MoMLSimpleApplication@7f99072b
----------------- Done invoking toplevel() on ptolemy.moml.MoMLSimpleApplication@7f99072b
reloadAllAccessors: .Router

===========================================================================================
----------------- testing Sun May 24 14:31:37 UTC 2020 /home/travis/build/icyphy/ptII/ptolemy/actor/lib/test/auto/Router2.xml
----------------- Instantiating /home/travis/build/icyphy/ptII/ptolemy/actor/lib/test/auto/Router2.xml
3003 ms. Memory: 321536K Free: 127686K (40%)
----------------- Invoking toplevel() on ptolemy.moml.MoMLSimpleApplication@efad2f7
----------------- Done invoking toplevel() on ptolemy.moml.MoMLSimpleApplication@efad2f7
reloadAllAccessors: .Router2

===========================================================================================
----------------- testing Sun May 24 14:31:40 UTC 2020 /home/travis/build/icyphy/ptII/ptolemy/actor/lib/test/auto/RunningMaximum.xml
----------------- Instantiating /home/travis/build/icyphy/ptII/ptolemy/actor/lib/test/auto/RunningMaximum.xml
3 ms. Memory: 321536K Free: 122052K (38%)
----------------- Invoking toplevel() on ptolemy.moml.MoMLSimpleApplication@1560862a
----------------- Done invoking toplevel() on ptolemy.moml.MoMLSimpleApplication@1560862a
reloadAllAccessors: .RunningMaximum

===========================================================================================
----------------- testing Sun May 24 14:31:40 UTC 2020 /home/travis/build/icyphy/ptII/ptolemy/actor/lib/test/auto/RunningMinimum.xml
----------------- Instantiating /home/travis/build/icyphy/ptII/ptolemy/actor/lib/test/auto/RunningMinimum.xml
7 ms. Memory: 321536K Free: 117446K (37%)
----------------- Invoking toplevel() on ptolemy.moml.MoMLSimpleApplication@a2599ca
----------------- Done invoking toplevel() on ptolemy.moml.MoMLSimpleApplication@a2599ca
reloadAllAccessors: .RunningMinimum

===========================================================================================
----------------- testing Sun May 24 14:31:40 UTC 2020 /home/travis/build/icyphy/ptII/ptolemy/actor/lib/test/auto/Scale.xml
----------------- Instantiating /home/travis/build/icyphy/ptII/ptolemy/actor/lib/test/auto/Scale.xml
1 ms. Memory: 321536K Free: 112836K (35%)
----------------- Invoking toplevel() on ptolemy.moml.MoMLSimpleApplication@72f3423
----------------- Done invoking toplevel() on ptolemy.moml.MoMLSimpleApplication@72f3423
reloadAllAccessors: .Scale

===========================================================================================
----------------- testing Sun May 24 14:31:40 UTC 2020 /home/travis/build/icyphy/ptII/ptolemy/actor/lib/test/auto/Scale2.xml
----------------- Instantiating /home/travis/build/icyphy/ptII/ptolemy/actor/lib/test/auto/Scale2.xml
2 ms. Memory: 321536K Free: 107716K (34%)
----------------- Invoking toplevel() on ptolemy.moml.MoMLSimpleApplication@1c02f4d6
----------------- Done invoking toplevel() on ptolemy.moml.MoMLSimpleApplication@1c02f4d6
reloadAllAccessors: .Scale2

===========================================================================================
----------------- testing Sun May 24 14:31:40 UTC 2020 /home/travis/build/icyphy/ptII/ptolemy/actor/lib/test/auto/Scale3.xml
----------------- Instantiating /home/travis/build/icyphy/ptII/ptolemy/actor/lib/test/auto/Scale3.xml
2 ms. Memory: 321536K Free: 101572K (32%)
----------------- Invoking toplevel() on ptolemy.moml.MoMLSimpleApplication@69a63f8d
----------------- Done invoking toplevel() on ptolemy.moml.MoMLSimpleApplication@69a63f8d
reloadAllAccessors: .Scale3

===========================================================================================
----------------- testing Sun May 24 14:31:40 UTC 2020 /home/travis/build/icyphy/ptII/ptolemy/actor/lib/test/auto/ScaleArray.xml
----------------- Instantiating /home/travis/build/icyphy/ptII/ptolemy/actor/lib/test/auto/ScaleArray.xml
1 ms. Memory: 321536K Free: 96452K (30%)
----------------- Invoking toplevel() on ptolemy.moml.MoMLSimpleApplication@b5df6d8
----------------- Done invoking toplevel() on ptolemy.moml.MoMLSimpleApplication@b5df6d8
reloadAllAccessors: .ScaleArray

===========================================================================================
----------------- testing Sun May 24 14:31:40 UTC 2020 /home/travis/build/icyphy/ptII/ptolemy/actor/lib/test/auto/ScaleArray2.xml
----------------- Instantiating /home/travis/build/icyphy/ptII/ptolemy/actor/lib/test/auto/ScaleArray2.xml
1 ms. Memory: 321536K Free: 91332K (28%)
----------------- Invoking toplevel() on ptolemy.moml.MoMLSimpleApplication@7225ecbd
----------------- Done invoking toplevel() on ptolemy.moml.MoMLSimpleApplication@7225ecbd
reloadAllAccessors: .ScaleArray2

===========================================================================================
----------------- testing Sun May 24 14:31:40 UTC 2020 /home/travis/build/icyphy/ptII/ptolemy/actor/lib/test/auto/ScaleMatrix.xml
----------------- Instantiating /home/travis/build/icyphy/ptII/ptolemy/actor/lib/test/auto/ScaleMatrix.xml
144 ms. Memory: 321536K Free: 268186K (83%)
----------------- Invoking toplevel() on ptolemy.moml.MoMLSimpleApplication@4bd15dca
----------------- Done invoking toplevel() on ptolemy.moml.MoMLSimpleApplication@4bd15dca
reloadAllAccessors: .ScaleMatrix

===========================================================================================
----------------- testing Sun May 24 14:31:40 UTC 2020 /home/travis/build/icyphy/ptII/ptolemy/actor/lib/test/auto/Select.xml
----------------- Instantiating /home/travis/build/icyphy/ptII/ptolemy/actor/lib/test/auto/Select.xml
1 ms. Memory: 321536K Free: 261482K (81%)
----------------- Invoking toplevel() on ptolemy.moml.MoMLSimpleApplication@4df800b7
----------------- Done invoking toplevel() on ptolemy.moml.MoMLSimpleApplication@4df800b7
reloadAllAccessors: .Select

===========================================================================================
----------------- testing Sun May 24 14:31:40 UTC 2020 /home/travis/build/icyphy/ptII/ptolemy/actor/lib/test/auto/Select2.xml
----------------- Instantiating /home/travis/build/icyphy/ptII/ptolemy/actor/lib/test/auto/Select2.xml
4 ms. Memory: 321536K Free: 256882K (80%)
----------------- Invoking toplevel() on ptolemy.moml.MoMLSimpleApplication@3c0e7b6f
----------------- Done invoking toplevel() on ptolemy.moml.MoMLSimpleApplication@3c0e7b6f
reloadAllAccessors: .Select2

===========================================================================================
----------------- testing Sun May 24 14:31:40 UTC 2020 /home/travis/build/icyphy/ptII/ptolemy/actor/lib/test/auto/SequenceToArray2.xml
----------------- Instantiating /home/travis/build/icyphy/ptII/ptolemy/actor/lib/test/auto/SequenceToArray2.xml
86 ms. Memory: 321536K Free: 232802K (72%)
----------------- Invoking toplevel() on ptolemy.moml.MoMLSimpleApplication@5405ae6b
----------------- Done invoking toplevel() on ptolemy.moml.MoMLSimpleApplication@5405ae6b
reloadAllAccessors: .SequenceToArray2

===========================================================================================
----------------- testing Sun May 24 14:31:40 UTC 2020 /home/travis/build/icyphy/ptII/ptolemy/actor/lib/test/auto/SequentialClock.xml
----------------- Instantiating /home/travis/build/icyphy/ptII/ptolemy/actor/lib/test/auto/SequentialClock.xml
1 ms. Memory: 321536K Free: 228210K (71%)
----------------- Invoking toplevel() on ptolemy.moml.MoMLSimpleApplication@67ea9993
----------------- Done invoking toplevel() on ptolemy.moml.MoMLSimpleApplication@67ea9993
reloadAllAccessors: .SequentialClock

===========================================================================================
----------------- testing Sun May 24 14:31:40 UTC 2020 /home/travis/build/icyphy/ptII/ptolemy/actor/lib/test/auto/SetVariable.xml
----------------- Instantiating /home/travis/build/icyphy/ptII/ptolemy/actor/lib/test/auto/SetVariable.xml
2 ms. Memory: 321536K Free: 223600K (70%)
----------------- Invoking toplevel() on ptolemy.moml.MoMLSimpleApplication@4652b0c9
----------------- Done invoking toplevel() on ptolemy.moml.MoMLSimpleApplication@4652b0c9
reloadAllAccessors: .SetVariable

===========================================================================================
----------------- testing Sun May 24 14:31:40 UTC 2020 /home/travis/build/icyphy/ptII/ptolemy/actor/lib/test/auto/SetVariable2.xml
----------------- Instantiating /home/travis/build/icyphy/ptII/ptolemy/actor/lib/test/auto/SetVariable2.xml
2 ms. Memory: 321536K Free: 218480K (68%)
----------------- Invoking toplevel() on ptolemy.moml.MoMLSimpleApplication@78050a8
----------------- Done invoking toplevel() on ptolemy.moml.MoMLSimpleApplication@78050a8
reloadAllAccessors: .SetVariable2

===========================================================================================
----------------- testing Sun May 24 14:31:40 UTC 2020 /home/travis/build/icyphy/ptII/ptolemy/actor/lib/test/auto/SetVariable3.xml
----------------- Instantiating /home/travis/build/icyphy/ptII/ptolemy/actor/lib/test/auto/SetVariable3.xml
6 ms. Memory: 321536K Free: 212850K (66%)
----------------- Invoking toplevel() on ptolemy.moml.MoMLSimpleApplication@76168cc1
----------------- Done invoking toplevel() on ptolemy.moml.MoMLSimpleApplication@76168cc1
reloadAllAccessors: .SetVariable3

===========================================================================================
----------------- testing Sun May 24 14:31:40 UTC 2020 /home/travis/build/icyphy/ptII/ptolemy/actor/lib/test/auto/SetVariable4.xml
----------------- Instantiating /home/travis/build/icyphy/ptII/ptolemy/actor/lib/test/auto/SetVariable4.xml
16 ms. Memory: 321536K Free: 203632K (63%)
----------------- Invoking toplevel() on ptolemy.moml.MoMLSimpleApplication@78ec1ae6
----------------- Done invoking toplevel() on ptolemy.moml.MoMLSimpleApplication@78ec1ae6
reloadAllAccessors: .SetVariable4

===========================================================================================
----------------- testing Sun May 24 14:31:40 UTC 2020 /home/travis/build/icyphy/ptII/ptolemy/actor/lib/test/auto/SetVariable5.xml
----------------- Instantiating /home/travis/build/icyphy/ptII/ptolemy/actor/lib/test/auto/SetVariable5.xml
17 ms. Memory: 321536K Free: 194418K (60%)
----------------- Invoking toplevel() on ptolemy.moml.MoMLSimpleApplication@233c08a
----------------- Done invoking toplevel() on ptolemy.moml.MoMLSimpleApplication@233c08a
reloadAllAccessors: .SetVariable5

===========================================================================================
----------------- testing Sun May 24 14:31:40 UTC 2020 /home/travis/build/icyphy/ptII/ptolemy/actor/lib/test/auto/Sinewave.xml
----------------- Instantiating /home/travis/build/icyphy/ptII/ptolemy/actor/lib/test/auto/Sinewave.xml
5 ms. Memory: 321536K Free: 183664K (57%)
----------------- Invoking toplevel() on ptolemy.moml.MoMLSimpleApplication@6136dd5
----------------- Done invoking toplevel() on ptolemy.moml.MoMLSimpleApplication@6136dd5
reloadAllAccessors: .Sinewave

===========================================================================================
----------------- testing Sun May 24 14:31:40 UTC 2020 /home/travis/build/icyphy/ptII/ptolemy/actor/lib/test/auto/Sinewave2.xml
----------------- Instantiating /home/travis/build/icyphy/ptII/ptolemy/actor/lib/test/auto/Sinewave2.xml
5 ms. Memory: 321536K Free: 175472K (55%)
----------------- Invoking toplevel() on ptolemy.moml.MoMLSimpleApplication@5fd9e3d0
----------------- Done invoking toplevel() on ptolemy.moml.MoMLSimpleApplication@5fd9e3d0
reloadAllAccessors: .Sinewave2

===========================================================================================
----------------- testing Sun May 24 14:31:40 UTC 2020 /home/travis/build/icyphy/ptII/ptolemy/actor/lib/test/auto/Sinewave3.xml
----------------- Instantiating /home/travis/build/icyphy/ptII/ptolemy/actor/lib/test/auto/Sinewave3.xml
7 ms. Memory: 321536K Free: 167266K (52%)
----------------- Invoking toplevel() on ptolemy.moml.MoMLSimpleApplication@69ae190f
----------------- Done invoking toplevel() on ptolemy.moml.MoMLSimpleApplication@69ae190f
reloadAllAccessors: .Sinewave3

===========================================================================================
----------------- testing Sun May 24 14:31:40 UTC 2020 /home/travis/build/icyphy/ptII/ptolemy/actor/lib/test/auto/SingleEvent.xml
----------------- Instantiating /home/travis/build/icyphy/ptII/ptolemy/actor/lib/test/auto/SingleEvent.xml
1 ms. Memory: 321536K Free: 162674K (51%)
----------------- Invoking toplevel() on ptolemy.moml.MoMLSimpleApplication@5af717e1
----------------- Done invoking toplevel() on ptolemy.moml.MoMLSimpleApplication@5af717e1
reloadAllAccessors: .SingleEvent

===========================================================================================
----------------- testing Sun May 24 14:31:40 UTC 2020 /home/travis/build/icyphy/ptII/ptolemy/actor/lib/test/auto/Sleep.xml
----------------- Instantiating /home/travis/build/icyphy/ptII/ptolemy/actor/lib/test/auto/Sleep.xml
6003 ms. Memory: 321536K Free: 157026K (49%)
----------------- Invoking toplevel() on ptolemy.moml.MoMLSimpleApplication@48521e76
----------------- Done invoking toplevel() on ptolemy.moml.MoMLSimpleApplication@48521e76
reloadAllAccessors: .Sleep

===========================================================================================
----------------- testing Sun May 24 14:31:46 UTC 2020 /home/travis/build/icyphy/ptII/ptolemy/actor/lib/test/auto/SleepMultipleFire.xml
----------------- Instantiating /home/travis/build/icyphy/ptII/ptolemy/actor/lib/test/auto/SleepMultipleFire.xml
1004 ms. Memory: 321536K Free: 150896K (47%)
----------------- Invoking toplevel() on ptolemy.moml.MoMLSimpleApplication@552e9f54
----------------- Done invoking toplevel() on ptolemy.moml.MoMLSimpleApplication@552e9f54
reloadAllAccessors: .SleepMultipleFire

===========================================================================================
----------------- testing Sun May 24 14:31:47 UTC 2020 /home/travis/build/icyphy/ptII/ptolemy/actor/lib/test/auto/StopDE.xml
----------------- Instantiating /home/travis/build/icyphy/ptII/ptolemy/actor/lib/test/auto/StopDE.xml
3 ms. Memory: 321536K Free: 145266K (45%)
----------------- Invoking toplevel() on ptolemy.moml.MoMLSimpleApplication@60dea825
----------------- Done invoking toplevel() on ptolemy.moml.MoMLSimpleApplication@60dea825
reloadAllAccessors: .StopDE

===========================================================================================
----------------- testing Sun May 24 14:31:47 UTC 2020 /home/travis/build/icyphy/ptII/ptolemy/actor/lib/test/auto/StopSDF.xml
----------------- Instantiating /home/travis/build/icyphy/ptII/ptolemy/actor/lib/test/auto/StopSDF.xml
2 ms. Memory: 321536K Free: 139632K (43%)
----------------- Invoking toplevel() on ptolemy.moml.MoMLSimpleApplication@203e4659
----------------- Done invoking toplevel() on ptolemy.moml.MoMLSimpleApplication@203e4659
reloadAllAccessors: .StopSDF

===========================================================================================
----------------- testing Sun May 24 14:31:47 UTC 2020 /home/travis/build/icyphy/ptII/ptolemy/actor/lib/test/auto/StringConstant.xml
----------------- Instantiating /home/travis/build/icyphy/ptII/ptolemy/actor/lib/test/auto/StringConstant.xml
8 ms. Memory: 321536K Free: 135026K (42%)
----------------- Invoking toplevel() on ptolemy.moml.MoMLSimpleApplication@2cb1373a
----------------- Done invoking toplevel() on ptolemy.moml.MoMLSimpleApplication@2cb1373a
reloadAllAccessors: .StringConstant

===========================================================================================
----------------- testing Sun May 24 14:31:47 UTC 2020 /home/travis/build/icyphy/ptII/ptolemy/actor/lib/test/auto/SubscriberPortInitialValues1.xml
----------------- Instantiating /home/travis/build/icyphy/ptII/ptolemy/actor/lib/test/auto/SubscriberPortInitialValues1.xml
9 ms. Memory: 321536K Free: 126320K (39%)
----------------- Invoking toplevel() on ptolemy.moml.MoMLSimpleApplication@78f8b8d6
----------------- Done invoking toplevel() on ptolemy.moml.MoMLSimpleApplication@78f8b8d6
reloadAllAccessors: .SubscriberPortInitialValues1

===========================================================================================
----------------- testing Sun May 24 14:31:47 UTC 2020 /home/travis/build/icyphy/ptII/ptolemy/actor/lib/test/auto/SubscriberPortInitialValues13.xml
----------------- Instantiating /home/travis/build/icyphy/ptII/ptolemy/actor/lib/test/auto/SubscriberPortInitialValues13.xml
5 ms. Memory: 321536K Free: 113008K (35%)
----------------- Invoking toplevel() on ptolemy.moml.MoMLSimpleApplication@3528f6cb
----------------- Done invoking toplevel() on ptolemy.moml.MoMLSimpleApplication@3528f6cb
reloadAllAccessors: .SubscriberPortInitialValues13

===========================================================================================
----------------- testing Sun May 24 14:31:47 UTC 2020 /home/travis/build/icyphy/ptII/ptolemy/actor/lib/test/auto/SubscriberPortInitialValues14.xml
----------------- Instantiating /home/travis/build/icyphy/ptII/ptolemy/actor/lib/test/auto/SubscriberPortInitialValues14.xml
4 ms. Memory: 321536K Free: 105330K (33%)
----------------- Invoking toplevel() on ptolemy.moml.MoMLSimpleApplication@2eb3888b
----------------- Done invoking toplevel() on ptolemy.moml.MoMLSimpleApplication@2eb3888b
reloadAllAccessors: .SubscriberPortInitialValues14

===========================================================================================
----------------- testing Sun May 24 14:31:47 UTC 2020 /home/travis/build/icyphy/ptII/ptolemy/actor/lib/test/auto/SubscriberPortInitialValues2.xml
----------------- Instantiating /home/travis/build/icyphy/ptII/ptolemy/actor/lib/test/auto/SubscriberPortInitialValues2.xml
3 ms. Memory: 321536K Free: 97648K (30%)
----------------- Invoking toplevel() on ptolemy.moml.MoMLSimpleApplication@6528bca0
----------------- Done invoking toplevel() on ptolemy.moml.MoMLSimpleApplication@6528bca0
reloadAllAccessors: .SubscriberPortInitialValues2

===========================================================================================
----------------- testing Sun May 24 14:31:47 UTC 2020 /home/travis/build/icyphy/ptII/ptolemy/actor/lib/test/auto/SubscriberPortInitialValues3.xml
----------------- Instantiating /home/travis/build/icyphy/ptII/ptolemy/actor/lib/test/auto/SubscriberPortInitialValues3.xml
3 ms. Memory: 321536K Free: 86898K (27%)
----------------- Invoking toplevel() on ptolemy.moml.MoMLSimpleApplication@69f021dd
----------------- Done invoking toplevel() on ptolemy.moml.MoMLSimpleApplication@69f021dd
reloadAllAccessors: .SubscriberPortInitialValues3

===========================================================================================
----------------- testing Sun May 24 14:31:47 UTC 2020 /home/travis/build/icyphy/ptII/ptolemy/actor/lib/test/auto/SubscriptionAggregator.xml
----------------- Instantiating /home/travis/build/icyphy/ptII/ptolemy/actor/lib/test/auto/SubscriptionAggregator.xml
14 ms. Memory: 321536K Free: 270078K (84%)
----------------- Invoking toplevel() on ptolemy.moml.MoMLSimpleApplication@bbd34d4
----------------- Done invoking toplevel() on ptolemy.moml.MoMLSimpleApplication@bbd34d4
reloadAllAccessors: .SubscriptionAggregator

===========================================================================================
----------------- testing Sun May 24 14:31:47 UTC 2020 /home/travis/build/icyphy/ptII/ptolemy/actor/lib/test/auto/SubscriptionAggregator2.xml
----------------- Instantiating /home/travis/build/icyphy/ptII/ptolemy/actor/lib/test/auto/SubscriptionAggregator2.xml
2 ms. Memory: 321536K Free: 262758K (82%)
----------------- Invoking toplevel() on ptolemy.moml.MoMLSimpleApplication@7f6df3e4
----------------- Done invoking toplevel() on ptolemy.moml.MoMLSimpleApplication@7f6df3e4
reloadAllAccessors: .SubscriptionAggregator2

===========================================================================================
----------------- testing Sun May 24 14:31:47 UTC 2020 /home/travis/build/icyphy/ptII/ptolemy/actor/lib/test/auto/SubscriptionAggregator3.xml
----------------- Instantiating /home/travis/build/icyphy/ptII/ptolemy/actor/lib/test/auto/SubscriptionAggregator3.xml
3 ms. Memory: 321536K Free: 254046K (79%)
----------------- Invoking toplevel() on ptolemy.moml.MoMLSimpleApplication@4eb6fc3d
----------------- Done invoking toplevel() on ptolemy.moml.MoMLSimpleApplication@4eb6fc3d
reloadAllAccessors: .SubscriptionAggregator3

===========================================================================================
----------------- testing Sun May 24 14:31:47 UTC 2020 /home/travis/build/icyphy/ptII/ptolemy/actor/lib/test/auto/SubscriptionAggregatorMultiply.xml
----------------- Instantiating /home/travis/build/icyphy/ptII/ptolemy/actor/lib/test/auto/SubscriptionAggregatorMultiply.xml
10 ms. Memory: 321536K Free: 245854K (76%)
----------------- Invoking toplevel() on ptolemy.moml.MoMLSimpleApplication@743678e5
----------------- Done invoking toplevel() on ptolemy.moml.MoMLSimpleApplication@743678e5
reloadAllAccessors: .SubscriptionAggregatorMultiply

===========================================================================================
----------------- testing Sun May 24 14:31:48 UTC 2020 /home/travis/build/icyphy/ptII/ptolemy/actor/lib/test/auto/SubscriptionAggregatorPortMultiply1.xml
----------------- Instantiating /home/travis/build/icyphy/ptII/ptolemy/actor/lib/test/auto/SubscriptionAggregatorPortMultiply1.xml
4 ms. Memory: 321536K Free: 237158K (74%)
----------------- Invoking toplevel() on ptolemy.moml.MoMLSimpleApplication@718acc06
----------------- Done invoking toplevel() on ptolemy.moml.MoMLSimpleApplication@718acc06
reloadAllAccessors: .SubscriptionAggregatorPortMultiply1

===========================================================================================
----------------- testing Sun May 24 14:31:48 UTC 2020 /home/travis/build/icyphy/ptII/ptolemy/actor/lib/test/auto/Switch.xml
----------------- Instantiating /home/travis/build/icyphy/ptII/ptolemy/actor/lib/test/auto/Switch.xml
5 ms. Memory: 321536K Free: 228966K (71%)
----------------- Invoking toplevel() on ptolemy.moml.MoMLSimpleApplication@654666cb
----------------- Done invoking toplevel() on ptolemy.moml.MoMLSimpleApplication@654666cb
reloadAllAccessors: .Switch

===========================================================================================
----------------- testing Sun May 24 14:31:48 UTC 2020 /home/travis/build/icyphy/ptII/ptolemy/actor/lib/test/auto/Switch2.xml
----------------- Instantiating /home/travis/build/icyphy/ptII/ptolemy/actor/lib/test/auto/Switch2.xml
1 ms. Memory: 321536K Free: 224356K (70%)
----------------- Invoking toplevel() on ptolemy.moml.MoMLSimpleApplication@1c97bf10
----------------- Done invoking toplevel() on ptolemy.moml.MoMLSimpleApplication@1c97bf10
reloadAllAccessors: .Switch2

===========================================================================================
----------------- testing Sun May 24 14:31:48 UTC 2020 /home/travis/build/icyphy/ptII/ptolemy/actor/lib/test/auto/SwitchDE.xml
----------------- Instantiating /home/travis/build/icyphy/ptII/ptolemy/actor/lib/test/auto/SwitchDE.xml
3 ms. Memory: 321536K Free: 217702K (68%)
----------------- Invoking toplevel() on ptolemy.moml.MoMLSimpleApplication@8492366
----------------- Done invoking toplevel() on ptolemy.moml.MoMLSimpleApplication@8492366
reloadAllAccessors: .SwitchDE

===========================================================================================
----------------- testing Sun May 24 14:31:48 UTC 2020 /home/travis/build/icyphy/ptII/ptolemy/actor/lib/test/auto/SynchronizerDE.xml
----------------- Instantiating /home/travis/build/icyphy/ptII/ptolemy/actor/lib/test/auto/SynchronizerDE.xml
6 ms. Memory: 321536K Free: 209510K (65%)
----------------- Invoking toplevel() on ptolemy.moml.MoMLSimpleApplication@76d4f9a5
----------------- Done invoking toplevel() on ptolemy.moml.MoMLSimpleApplication@76d4f9a5
reloadAllAccessors: .SynchronizerDE

===========================================================================================
----------------- testing Sun May 24 14:31:48 UTC 2020 /home/travis/build/icyphy/ptII/ptolemy/actor/lib/test/auto/Test.xml
----------------- Instantiating /home/travis/build/icyphy/ptII/ptolemy/actor/lib/test/auto/Test.xml
9 ms. Memory: 321536K Free: 204390K (64%)
----------------- Invoking toplevel() on ptolemy.moml.MoMLSimpleApplication@5794ee5d
----------------- Done invoking toplevel() on ptolemy.moml.MoMLSimpleApplication@5794ee5d
reloadAllAccessors: .Test

===========================================================================================
----------------- testing Sun May 24 14:31:48 UTC 2020 /home/travis/build/icyphy/ptII/ptolemy/actor/lib/test/auto/TestExceptionAttribute1.xml
----------------- Instantiating /home/travis/build/icyphy/ptII/ptolemy/actor/lib/test/auto/TestExceptionAttribute1.xml
1 ms. Memory: 321536K Free: 200804K (62%)
----------------- Invoking toplevel() on ptolemy.moml.MoMLSimpleApplication@2285ed0e
----------------- Done invoking toplevel() on ptolemy.moml.MoMLSimpleApplication@2285ed0e
reloadAllAccessors: .TestExceptionAttribute1

===========================================================================================
----------------- testing Sun May 24 14:31:48 UTC 2020 /home/travis/build/icyphy/ptII/ptolemy/actor/lib/test/auto/TestExceptionAttribute2.xml
----------------- Instantiating /home/travis/build/icyphy/ptII/ptolemy/actor/lib/test/auto/TestExceptionAttribute2.xml
1 ms. Memory: 321536K Free: 196708K (61%)
----------------- Invoking toplevel() on ptolemy.moml.MoMLSimpleApplication@2ee2407a
----------------- Done invoking toplevel() on ptolemy.moml.MoMLSimpleApplication@2ee2407a
reloadAllAccessors: .TestExceptionAttribute2

===========================================================================================
----------------- testing Sun May 24 14:31:48 UTC 2020 /home/travis/build/icyphy/ptII/ptolemy/actor/lib/test/auto/TestExceptionAttribute3.xml
----------------- Instantiating /home/travis/build/icyphy/ptII/ptolemy/actor/lib/test/auto/TestExceptionAttribute3.xml
.TestExceptionAttribute3.TestExceptionAttribute: initialize() was not invoked, but wrapup() was.  This is unusual, but not always a problem.  For example, exporting JNLP will do this.
0 ms. Memory: 321536K Free: 193126K (60%)
----------------- Invoking toplevel() on ptolemy.moml.MoMLSimpleApplication@2c5653a8
----------------- Done invoking toplevel() on ptolemy.moml.MoMLSimpleApplication@2c5653a8
reloadAllAccessors: .TestExceptionAttribute3

===========================================================================================
----------------- testing Sun May 24 14:31:48 UTC 2020 /home/travis/build/icyphy/ptII/ptolemy/actor/lib/test/auto/TestExceptionAttribute4.xml
----------------- Instantiating /home/travis/build/icyphy/ptII/ptolemy/actor/lib/test/auto/TestExceptionAttribute4.xml
.TestExceptionAttribute4.TestExceptionAttribute: initialize() was not invoked, but wrapup() was.  This is unusual, but not always a problem.  For example, exporting JNLP will do this.
.TestExceptionAttribute4.TestExceptionAttribute2: initialize() was not invoked, but wrapup() was.  This is unusual, but not always a problem.  For example, exporting JNLP will do this.
0 ms. Memory: 321536K Free: 189030K (59%)
----------------- Invoking toplevel() on ptolemy.moml.MoMLSimpleApplication@3fca7ab3
----------------- Done invoking toplevel() on ptolemy.moml.MoMLSimpleApplication@3fca7ab3
reloadAllAccessors: .TestExceptionAttribute4

===========================================================================================
----------------- testing Sun May 24 14:31:48 UTC 2020 /home/travis/build/icyphy/ptII/ptolemy/actor/lib/test/auto/TestExceptionHandler1.xml
----------------- Instantiating /home/travis/build/icyphy/ptII/ptolemy/actor/lib/test/auto/TestExceptionHandler1.xml
1 ms. Memory: 321536K Free: 184934K (58%)
----------------- Invoking toplevel() on ptolemy.moml.MoMLSimpleApplication@4be110c9
----------------- Done invoking toplevel() on ptolemy.moml.MoMLSimpleApplication@4be110c9
reloadAllAccessors: .TestExceptionHandler1

===========================================================================================
----------------- testing Sun May 24 14:31:48 UTC 2020 /home/travis/build/icyphy/ptII/ptolemy/actor/lib/test/auto/TestExceptionHandler2.xml
----------------- Instantiating /home/travis/build/icyphy/ptII/ptolemy/actor/lib/test/auto/TestExceptionHandler2.xml
1 ms. Memory: 321536K Free: 181348K (56%)
----------------- Invoking toplevel() on ptolemy.moml.MoMLSimpleApplication@4ea2c413
----------------- Done invoking toplevel() on ptolemy.moml.MoMLSimpleApplication@4ea2c413
reloadAllAccessors: .TestExceptionHandler2

===========================================================================================
----------------- testing Sun May 24 14:31:48 UTC 2020 /home/travis/build/icyphy/ptII/ptolemy/actor/lib/test/auto/TestExceptionHandler3.xml
----------------- Instantiating /home/travis/build/icyphy/ptII/ptolemy/actor/lib/test/auto/TestExceptionHandler3.xml
0 ms. Memory: 321536K Free: 177766K (55%)
----------------- Invoking toplevel() on ptolemy.moml.MoMLSimpleApplication@164a0f67
----------------- Done invoking toplevel() on ptolemy.moml.MoMLSimpleApplication@164a0f67
reloadAllAccessors: .TestExceptionHandler3

===========================================================================================
----------------- testing Sun May 24 14:31:48 UTC 2020 /home/travis/build/icyphy/ptII/ptolemy/actor/lib/test/auto/TestExceptionHandler4.xml
----------------- Instantiating /home/travis/build/icyphy/ptII/ptolemy/actor/lib/test/auto/TestExceptionHandler4.xml
0 ms. Memory: 321536K Free: 173156K (54%)
----------------- Invoking toplevel() on ptolemy.moml.MoMLSimpleApplication@69d74e0f
----------------- Done invoking toplevel() on ptolemy.moml.MoMLSimpleApplication@69d74e0f
reloadAllAccessors: .TestExceptionHandler4

===========================================================================================
----------------- testing Sun May 24 14:31:48 UTC 2020 /home/travis/build/icyphy/ptII/ptolemy/actor/lib/test/auto/TestRequireCorrectOrder.xml
----------------- Instantiating /home/travis/build/icyphy/ptII/ptolemy/actor/lib/test/auto/TestRequireCorrectOrder.xml
5 ms. Memory: 321536K Free: 168006K (52%)
----------------- Invoking toplevel() on ptolemy.moml.MoMLSimpleApplication@15c7a8e
----------------- Done invoking toplevel() on ptolemy.moml.MoMLSimpleApplication@15c7a8e
reloadAllAccessors: .TestRequireCorrectOrder

===========================================================================================
----------------- testing Sun May 24 14:31:48 UTC 2020 /home/travis/build/icyphy/ptII/ptolemy/actor/lib/test/auto/TestSimple.xml
----------------- Instantiating /home/travis/build/icyphy/ptII/ptolemy/actor/lib/test/auto/TestSimple.xml
1 ms. Memory: 321536K Free: 163430K (51%)
----------------- Invoking toplevel() on ptolemy.moml.MoMLSimpleApplication@53b9d27e
----------------- Done invoking toplevel() on ptolemy.moml.MoMLSimpleApplication@53b9d27e
reloadAllAccessors: .TestSimple

===========================================================================================
----------------- testing Sun May 24 14:31:48 UTC 2020 /home/travis/build/icyphy/ptII/ptolemy/actor/lib/test/auto/ThrowModelError.xml
----------------- Instantiating /home/travis/build/icyphy/ptII/ptolemy/actor/lib/test/auto/ThrowModelError.xml
1 ms. Memory: 321536K Free: 158310K (49%)
----------------- Invoking toplevel() on ptolemy.moml.MoMLSimpleApplication@31f4074b
----------------- Done invoking toplevel() on ptolemy.moml.MoMLSimpleApplication@31f4074b
reloadAllAccessors: .ThrowModelError

===========================================================================================
----------------- testing Sun May 24 14:31:48 UTC 2020 /home/travis/build/icyphy/ptII/ptolemy/actor/lib/test/auto/TimeDelayMicrosteps.xml
----------------- Instantiating /home/travis/build/icyphy/ptII/ptolemy/actor/lib/test/auto/TimeDelayMicrosteps.xml
2 ms. Memory: 321536K Free: 151622K (47%)
----------------- Invoking toplevel() on ptolemy.moml.MoMLSimpleApplication@1d2ab3b9
----------------- Done invoking toplevel() on ptolemy.moml.MoMLSimpleApplication@1d2ab3b9
reloadAllAccessors: .TimeDelayMicrosteps

===========================================================================================
----------------- testing Sun May 24 14:31:48 UTC 2020 /home/travis/build/icyphy/ptII/ptolemy/actor/lib/test/auto/TimeDelayMicrosteps2.xml
----------------- Instantiating /home/travis/build/icyphy/ptII/ptolemy/actor/lib/test/auto/TimeDelayMicrosteps2.xml
3 ms. Memory: 321536K Free: 144470K (45%)
----------------- Invoking toplevel() on ptolemy.moml.MoMLSimpleApplication@49ac3c3b
----------------- Done invoking toplevel() on ptolemy.moml.MoMLSimpleApplication@49ac3c3b
reloadAllAccessors: .TimeDelayMicrosteps2

===========================================================================================
----------------- testing Sun May 24 14:31:48 UTC 2020 /home/travis/build/icyphy/ptII/ptolemy/actor/lib/test/auto/TimeDelayMicrosteps3.xml
----------------- Instantiating /home/travis/build/icyphy/ptII/ptolemy/actor/lib/test/auto/TimeDelayMicrosteps3.xml
2 ms. Memory: 321536K Free: 137310K (43%)
----------------- Invoking toplevel() on ptolemy.moml.MoMLSimpleApplication@32bbdef8
----------------- Done invoking toplevel() on ptolemy.moml.MoMLSimpleApplication@32bbdef8
reloadAllAccessors: .TimeDelayMicrosteps3

===========================================================================================
----------------- testing Sun May 24 14:31:48 UTC 2020 /home/travis/build/icyphy/ptII/ptolemy/actor/lib/test/auto/TimeDelayVariableMicrosteps.xml
----------------- Instantiating /home/travis/build/icyphy/ptII/ptolemy/actor/lib/test/auto/TimeDelayVariableMicrosteps.xml
3 ms. Memory: 321536K Free: 131169K (41%)
----------------- Invoking toplevel() on ptolemy.moml.MoMLSimpleApplication@58d5649e
----------------- Done invoking toplevel() on ptolemy.moml.MoMLSimpleApplication@58d5649e
reloadAllAccessors: .TimeDelayVariableMicrosteps

===========================================================================================
----------------- testing Sun May 24 14:31:48 UTC 2020 /home/travis/build/icyphy/ptII/ptolemy/actor/lib/test/auto/TimeGap.xml
----------------- Instantiating /home/travis/build/icyphy/ptII/ptolemy/actor/lib/test/auto/TimeGap.xml
3 ms. Memory: 321536K Free: 126022K (39%)
----------------- Invoking toplevel() on ptolemy.moml.MoMLSimpleApplication@1301bb23
----------------- Done invoking toplevel() on ptolemy.moml.MoMLSimpleApplication@1301bb23
reloadAllAccessors: .TimeGap

===========================================================================================
----------------- testing Sun May 24 14:31:48 UTC 2020 /home/travis/build/icyphy/ptII/ptolemy/actor/lib/test/auto/TimeGap2.xml
----------------- Instantiating /home/travis/build/icyphy/ptII/ptolemy/actor/lib/test/auto/TimeGap2.xml
2 ms. Memory: 321536K Free: 119902K (37%)
----------------- Invoking toplevel() on ptolemy.moml.MoMLSimpleApplication@34154367
----------------- Done invoking toplevel() on ptolemy.moml.MoMLSimpleApplication@34154367
reloadAllAccessors: .TimeGap2

===========================================================================================
----------------- testing Sun May 24 14:31:48 UTC 2020 /home/travis/build/icyphy/ptII/ptolemy/actor/lib/test/auto/TimedSinewave.xml
----------------- Instantiating /home/travis/build/icyphy/ptII/ptolemy/actor/lib/test/auto/TimedSinewave.xml
19 ms. Memory: 321536K Free: 105572K (33%)
----------------- Invoking toplevel() on ptolemy.moml.MoMLSimpleApplication@697a5e8d
----------------- Done invoking toplevel() on ptolemy.moml.MoMLSimpleApplication@697a5e8d
reloadAllAccessors: .TimedSinewave

===========================================================================================
----------------- testing Sun May 24 14:31:48 UTC 2020 /home/travis/build/icyphy/ptII/ptolemy/actor/lib/test/auto/TimedSinewavePhase.xml
----------------- Instantiating /home/travis/build/icyphy/ptII/ptolemy/actor/lib/test/auto/TimedSinewavePhase.xml
9 ms. Memory: 321536K Free: 95332K (30%)
----------------- Invoking toplevel() on ptolemy.moml.MoMLSimpleApplication@5e7e4c4c
----------------- Done invoking toplevel() on ptolemy.moml.MoMLSimpleApplication@5e7e4c4c
reloadAllAccessors: .TimedSinewavePhase

===========================================================================================
----------------- testing Sun May 24 14:31:48 UTC 2020 /home/travis/build/icyphy/ptII/ptolemy/actor/lib/test/auto/Timer.xml
----------------- Instantiating /home/travis/build/icyphy/ptII/ptolemy/actor/lib/test/auto/Timer.xml
1 ms. Memory: 321536K Free: 89702K (28%)
----------------- Invoking toplevel() on ptolemy.moml.MoMLSimpleApplication@5919b0d7
----------------- Done invoking toplevel() on ptolemy.moml.MoMLSimpleApplication@5919b0d7
reloadAllAccessors: .Timer

===========================================================================================
----------------- testing Sun May 24 14:31:48 UTC 2020 /home/travis/build/icyphy/ptII/ptolemy/actor/lib/test/auto/TriangularDistTestModel.xml
----------------- Instantiating /home/travis/build/icyphy/ptII/ptolemy/actor/lib/test/auto/TriangularDistTestModel.xml
1 ms. Memory: 321536K Free: 84054K (26%)
----------------- Invoking toplevel() on ptolemy.moml.MoMLSimpleApplication@5984ff72
----------------- Done invoking toplevel() on ptolemy.moml.MoMLSimpleApplication@5984ff72
reloadAllAccessors: .TriangularDistTestModel

===========================================================================================
----------------- testing Sun May 24 14:31:48 UTC 2020 /home/travis/build/icyphy/ptII/ptolemy/actor/lib/test/auto/TrigFunction.xml
----------------- Instantiating /home/travis/build/icyphy/ptII/ptolemy/actor/lib/test/auto/TrigFunction.xml
1 ms. Memory: 321536K Free: 269228K (84%)
----------------- Invoking toplevel() on ptolemy.moml.MoMLSimpleApplication@797be832
----------------- Done invoking toplevel() on ptolemy.moml.MoMLSimpleApplication@797be832
reloadAllAccessors: .TrigFunction

===========================================================================================
----------------- testing Sun May 24 14:31:48 UTC 2020 /home/travis/build/icyphy/ptII/ptolemy/actor/lib/test/auto/TrigFunctionDE.xml
----------------- Instantiating /home/travis/build/icyphy/ptII/ptolemy/actor/lib/test/auto/TrigFunctionDE.xml
2 ms. Memory: 321536K Free: 263078K (82%)
----------------- Invoking toplevel() on ptolemy.moml.MoMLSimpleApplication@3957f94c
----------------- Done invoking toplevel() on ptolemy.moml.MoMLSimpleApplication@3957f94c
reloadAllAccessors: .TrigFunctionDE

===========================================================================================
----------------- testing Sun May 24 14:31:48 UTC 2020 /home/travis/build/icyphy/ptII/ptolemy/actor/lib/test/auto/TrigFunctionInverse.xml
----------------- Instantiating /home/travis/build/icyphy/ptII/ptolemy/actor/lib/test/auto/TrigFunctionInverse.xml
1 ms. Memory: 321536K Free: 257964K (80%)
----------------- Invoking toplevel() on ptolemy.moml.MoMLSimpleApplication@7d477354
----------------- Done invoking toplevel() on ptolemy.moml.MoMLSimpleApplication@7d477354
reloadAllAccessors: .TrigFunctionInverse

===========================================================================================
----------------- testing Sun May 24 14:31:48 UTC 2020 /home/travis/build/icyphy/ptII/ptolemy/actor/lib/test/auto/TrigFunctionTan.xml
----------------- Instantiating /home/travis/build/icyphy/ptII/ptolemy/actor/lib/test/auto/TrigFunctionTan.xml
1 ms. Memory: 321536K Free: 252844K (79%)
----------------- Invoking toplevel() on ptolemy.moml.MoMLSimpleApplication@5288871c
----------------- Done invoking toplevel() on ptolemy.moml.MoMLSimpleApplication@5288871c
reloadAllAccessors: .TrigFunctionTan

===========================================================================================
----------------- testing Sun May 24 14:31:48 UTC 2020 /home/travis/build/icyphy/ptII/ptolemy/actor/lib/test/auto/TriggeredClock.xml
----------------- Instantiating /home/travis/build/icyphy/ptII/ptolemy/actor/lib/test/auto/TriggeredClock.xml
1 ms. Memory: 321536K Free: 247710K (77%)
----------------- Invoking toplevel() on ptolemy.moml.MoMLSimpleApplication@7bf14656
----------------- Done invoking toplevel() on ptolemy.moml.MoMLSimpleApplication@7bf14656
reloadAllAccessors: .TriggeredClock

===========================================================================================
----------------- testing Sun May 24 14:31:48 UTC 2020 /home/travis/build/icyphy/ptII/ptolemy/actor/lib/test/auto/URLDirectoryReader.xml
----------------- Instantiating /home/travis/build/icyphy/ptII/ptolemy/actor/lib/test/auto/URLDirectoryReader.xml
37 ms. Memory: 321536K Free: 238508K (74%)
----------------- Invoking toplevel() on ptolemy.moml.MoMLSimpleApplication@682b5b62
----------------- Done invoking toplevel() on ptolemy.moml.MoMLSimpleApplication@682b5b62
reloadAllAccessors: .URLDirectoryReader

===========================================================================================
----------------- testing Sun May 24 14:31:48 UTC 2020 /home/travis/build/icyphy/ptII/ptolemy/actor/lib/test/auto/URLDirectoryReader3.xml
----------------- Instantiating /home/travis/build/icyphy/ptII/ptolemy/actor/lib/test/auto/URLDirectoryReader3.xml
1387 ms. Memory: 321536K Free: 261844K (81%)
----------------- Invoking toplevel() on ptolemy.moml.MoMLSimpleApplication@20ee1ba4
----------------- Done invoking toplevel() on ptolemy.moml.MoMLSimpleApplication@20ee1ba4
reloadAllAccessors: .URLDirectoryReader3

===========================================================================================
----------------- testing Sun May 24 14:31:50 UTC 2020 /home/travis/build/icyphy/ptII/ptolemy/actor/lib/test/auto/UnaryMathFunction.xml
----------------- Instantiating /home/travis/build/icyphy/ptII/ptolemy/actor/lib/test/auto/UnaryMathFunction.xml
2 ms. Memory: 321536K Free: 254132K (79%)
----------------- Invoking toplevel() on ptolemy.moml.MoMLSimpleApplication@2ebc51ee
----------------- Done invoking toplevel() on ptolemy.moml.MoMLSimpleApplication@2ebc51ee
reloadAllAccessors: .UnaryMathFunction

===========================================================================================
----------------- testing Sun May 24 14:31:50 UTC 2020 /home/travis/build/icyphy/ptII/ptolemy/actor/lib/test/auto/Uniform.xml
----------------- Instantiating /home/travis/build/icyphy/ptII/ptolemy/actor/lib/test/auto/Uniform.xml
1 ms. Memory: 321536K Free: 249526K (78%)
----------------- Invoking toplevel() on ptolemy.moml.MoMLSimpleApplication@2f2423d
----------------- Done invoking toplevel() on ptolemy.moml.MoMLSimpleApplication@2f2423d
reloadAllAccessors: .Uniform

===========================================================================================
----------------- testing Sun May 24 14:31:50 UTC 2020 /home/travis/build/icyphy/ptII/ptolemy/actor/lib/test/auto/UnionDisassemblerTest.xml
----------------- Instantiating /home/travis/build/icyphy/ptII/ptolemy/actor/lib/test/auto/UnionDisassemblerTest.xml
15 ms. Memory: 321536K Free: 244916K (76%)
----------------- Invoking toplevel() on ptolemy.moml.MoMLSimpleApplication@39edb9ef
----------------- Done invoking toplevel() on ptolemy.moml.MoMLSimpleApplication@39edb9ef
reloadAllAccessors: .UnionDisassemblerTest

===========================================================================================
----------------- testing Sun May 24 14:31:50 UTC 2020 /home/travis/build/icyphy/ptII/ptolemy/actor/lib/test/auto/UtilityFunctions.xml
----------------- Instantiating /home/travis/build/icyphy/ptII/ptolemy/actor/lib/test/auto/UtilityFunctions.xml
1 ms. Memory: 321536K Free: 240820K (75%)
----------------- Invoking toplevel() on ptolemy.moml.MoMLSimpleApplication@7565e1a3
----------------- Done invoking toplevel() on ptolemy.moml.MoMLSimpleApplication@7565e1a3
reloadAllAccessors: .UtilityFunctions

===========================================================================================
----------------- testing Sun May 24 14:31:50 UTC 2020 /home/travis/build/icyphy/ptII/ptolemy/actor/lib/test/auto/VariableSleep.xml
----------------- Instantiating /home/travis/build/icyphy/ptII/ptolemy/actor/lib/test/auto/VariableSleep.xml
502 ms. Memory: 321536K Free: 235700K (73%)
----------------- Invoking toplevel() on ptolemy.moml.MoMLSimpleApplication@5e42a85c
----------------- Done invoking toplevel() on ptolemy.moml.MoMLSimpleApplication@5e42a85c
reloadAllAccessors: .VariableSleep

===========================================================================================
----------------- testing Sun May 24 14:31:50 UTC 2020 /home/travis/build/icyphy/ptII/ptolemy/actor/lib/test/auto/VectorAssemblerDisassemblerCT.xml
----------------- Instantiating /home/travis/build/icyphy/ptII/ptolemy/actor/lib/test/auto/VectorAssemblerDisassemblerCT.xml
67 ms. Memory: 321536K Free: 215220K (67%)
----------------- Invoking toplevel() on ptolemy.moml.MoMLSimpleApplication@665739e7
----------------- Done invoking toplevel() on ptolemy.moml.MoMLSimpleApplication@665739e7
reloadAllAccessors: .VectorAssemblerDisassemblerCT

===========================================================================================
----------------- testing Sun May 24 14:31:51 UTC 2020 /home/travis/build/icyphy/ptII/ptolemy/actor/lib/test/auto/VectorAssemblerDisassemblerDE.xml
----------------- Instantiating /home/travis/build/icyphy/ptII/ptolemy/actor/lib/test/auto/VectorAssemblerDisassemblerDE.xml
3 ms. Memory: 321536K Free: 208052K (65%)
----------------- Invoking toplevel() on ptolemy.moml.MoMLSimpleApplication@c0f75be
----------------- Done invoking toplevel() on ptolemy.moml.MoMLSimpleApplication@c0f75be
reloadAllAccessors: .VectorAssemblerDisassemblerDE

===========================================================================================
----------------- testing Sun May 24 14:31:51 UTC 2020 /home/travis/build/icyphy/ptII/ptolemy/actor/lib/test/auto/VectorAssemblerDisassemblerSDF.xml
----------------- Instantiating /home/travis/build/icyphy/ptII/ptolemy/actor/lib/test/auto/VectorAssemblerDisassemblerSDF.xml
2 ms. Memory: 321536K Free: 201908K (63%)
----------------- Invoking toplevel() on ptolemy.moml.MoMLSimpleApplication@63fc880f
----------------- Done invoking toplevel() on ptolemy.moml.MoMLSimpleApplication@63fc880f
reloadAllAccessors: .VectorAssemblerDisassemblerSDF

===========================================================================================
----------------- testing Sun May 24 14:31:51 UTC 2020 /home/travis/build/icyphy/ptII/ptolemy/actor/lib/test/auto/WallClockTime.xml
----------------- Instantiating /home/travis/build/icyphy/ptII/ptolemy/actor/lib/test/auto/WallClockTime.xml
1004 ms. Memory: 321536K Free: 196278K (61%)
----------------- Invoking toplevel() on ptolemy.moml.MoMLSimpleApplication@546b9d51
----------------- Done invoking toplevel() on ptolemy.moml.MoMLSimpleApplication@546b9d51
reloadAllAccessors: .WallClockTime

===========================================================================================
----------------- testing Sun May 24 14:31:52 UTC 2020 /home/travis/build/icyphy/ptII/ptolemy/actor/lib/test/auto/WidthTestWithSubscriberPublisher.xml
----------------- Instantiating /home/travis/build/icyphy/ptII/ptolemy/actor/lib/test/auto/WidthTestWithSubscriberPublisher.xml
6 ms. Memory: 321536K Free: 178356K (55%)
----------------- Invoking toplevel() on ptolemy.moml.MoMLSimpleApplication@131650c1
----------------- Done invoking toplevel() on ptolemy.moml.MoMLSimpleApplication@131650c1
reloadAllAccessors: .WidthTestWithSubscriberPublisher

===========================================================================================
----------------- testing Sun May 24 14:31:52 UTC 2020 /home/travis/build/icyphy/ptII/ptolemy/actor/lib/test/auto/WidthTestWithSubscriberPublisher2.xml
----------------- Instantiating /home/travis/build/icyphy/ptII/ptolemy/actor/lib/test/auto/WidthTestWithSubscriberPublisher2.xml
2 ms. Memory: 321536K Free: 171702K (53%)
----------------- Invoking toplevel() on ptolemy.moml.MoMLSimpleApplication@68c89bf6
----------------- Done invoking toplevel() on ptolemy.moml.MoMLSimpleApplication@68c89bf6
reloadAllAccessors: .WidthTestWithSubscriberPublisher2

===========================================================================================
----------------- testing Sun May 24 14:31:52 UTC 2020 /home/travis/build/icyphy/ptII/ptolemy/actor/lib/test/auto/WidthTestWithSubscriberPublisher3.xml
----------------- Instantiating /home/travis/build/icyphy/ptII/ptolemy/actor/lib/test/auto/WidthTestWithSubscriberPublisher3.xml
1 ms. Memory: 321536K Free: 165558K (51%)
----------------- Invoking toplevel() on ptolemy.moml.MoMLSimpleApplication@6ef1de4e
----------------- Done invoking toplevel() on ptolemy.moml.MoMLSimpleApplication@6ef1de4e
reloadAllAccessors: .WidthTestWithSubscriberPublisher3

===========================================================================================
----------------- testing Sun May 24 14:31:52 UTC 2020 /home/travis/build/icyphy/ptII/ptolemy/actor/lib/test/auto/Writer.xml
----------------- Instantiating /home/travis/build/icyphy/ptII/ptolemy/actor/lib/test/auto/Writer.xml
0
1
2
3
4
1 ms. Memory: 321536K Free: 161462K (50%)
----------------- Invoking toplevel() on ptolemy.moml.MoMLSimpleApplication@65426b0d
----------------- Done invoking toplevel() on ptolemy.moml.MoMLSimpleApplication@65426b0d
reloadAllAccessors: .Writer

===========================================================================================
----------------- testing Sun May 24 14:31:52 UTC 2020 /home/travis/build/icyphy/ptII/ptolemy/actor/lib/test/auto/array.xml
----------------- Instantiating /home/travis/build/icyphy/ptII/ptolemy/actor/lib/test/auto/array.xml
2 ms. Memory: 321536K Free: 156852K (49%)
----------------- Invoking toplevel() on ptolemy.moml.MoMLSimpleApplication@2d5e316f
----------------- Done invoking toplevel() on ptolemy.moml.MoMLSimpleApplication@2d5e316f
reloadAllAccessors: .array

===========================================================================================
----------------- testing Sun May 24 14:31:52 UTC 2020 /home/travis/build/icyphy/ptII/ptolemy/actor/lib/test/auto/array2.xml
----------------- Instantiating /home/travis/build/icyphy/ptII/ptolemy/actor/lib/test/auto/array2.xml
5 ms. Memory: 321536K Free: 151718K (47%)
----------------- Invoking toplevel() on ptolemy.moml.MoMLSimpleApplication@4470c547
----------------- Done invoking toplevel() on ptolemy.moml.MoMLSimpleApplication@4470c547
reloadAllAccessors: .array2

===========================================================================================
----------------- testing Sun May 24 14:31:52 UTC 2020 /home/travis/build/icyphy/ptII/ptolemy/actor/lib/test/auto/arrayType.xml
----------------- Instantiating /home/travis/build/icyphy/ptII/ptolemy/actor/lib/test/auto/arrayType.xml
1 ms. Memory: 321536K Free: 146612K (46%)
----------------- Invoking toplevel() on ptolemy.moml.MoMLSimpleApplication@2956d36f
----------------- Done invoking toplevel() on ptolemy.moml.MoMLSimpleApplication@2956d36f
reloadAllAccessors: .arrayType

===========================================================================================
----------------- testing Sun May 24 14:31:52 UTC 2020 /home/travis/build/icyphy/ptII/ptolemy/actor/lib/test/auto/arrayType10.xml
----------------- Instantiating /home/travis/build/icyphy/ptII/ptolemy/actor/lib/test/auto/arrayType10.xml
1 ms. Memory: 321536K Free: 141492K (44%)
----------------- Invoking toplevel() on ptolemy.moml.MoMLSimpleApplication@6c4e5db
----------------- Done invoking toplevel() on ptolemy.moml.MoMLSimpleApplication@6c4e5db
reloadAllAccessors: .arrayType10

===========================================================================================
----------------- testing Sun May 24 14:31:52 UTC 2020 /home/travis/build/icyphy/ptII/ptolemy/actor/lib/test/auto/arrayType11.xml
----------------- Instantiating /home/travis/build/icyphy/ptII/ptolemy/actor/lib/test/auto/arrayType11.xml
1 ms. Memory: 321536K Free: 136886K (43%)
----------------- Invoking toplevel() on ptolemy.moml.MoMLSimpleApplication@36328b1b
----------------- Done invoking toplevel() on ptolemy.moml.MoMLSimpleApplication@36328b1b
reloadAllAccessors: .arrayType11

===========================================================================================
----------------- testing Sun May 24 14:31:52 UTC 2020 /home/travis/build/icyphy/ptII/ptolemy/actor/lib/test/auto/arrayType12.xml
----------------- Instantiating /home/travis/build/icyphy/ptII/ptolemy/actor/lib/test/auto/arrayType12.xml
2 ms. Memory: 321536K Free: 132276K (41%)
----------------- Invoking toplevel() on ptolemy.moml.MoMLSimpleApplication@400d0f4f
----------------- Done invoking toplevel() on ptolemy.moml.MoMLSimpleApplication@400d0f4f
reloadAllAccessors: .arrayType12

===========================================================================================
----------------- testing Sun May 24 14:31:52 UTC 2020 /home/travis/build/icyphy/ptII/ptolemy/actor/lib/test/auto/arrayType13.xml
----------------- Instantiating /home/travis/build/icyphy/ptII/ptolemy/actor/lib/test/auto/arrayType13.xml
2 ms. Memory: 321536K Free: 127156K (40%)
----------------- Invoking toplevel() on ptolemy.moml.MoMLSimpleApplication@55ee69e2
----------------- Done invoking toplevel() on ptolemy.moml.MoMLSimpleApplication@55ee69e2
reloadAllAccessors: .arrayType13

===========================================================================================
----------------- testing Sun May 24 14:31:52 UTC 2020 /home/travis/build/icyphy/ptII/ptolemy/actor/lib/test/auto/arrayType14.xml
----------------- Instantiating /home/travis/build/icyphy/ptII/ptolemy/actor/lib/test/auto/arrayType14.xml
1 ms. Memory: 321536K Free: 122036K (38%)
----------------- Invoking toplevel() on ptolemy.moml.MoMLSimpleApplication@1a11f120
----------------- Done invoking toplevel() on ptolemy.moml.MoMLSimpleApplication@1a11f120
reloadAllAccessors: .arrayType14

===========================================================================================
----------------- testing Sun May 24 14:31:52 UTC 2020 /home/travis/build/icyphy/ptII/ptolemy/actor/lib/test/auto/arrayType15.xml
----------------- Instantiating /home/travis/build/icyphy/ptII/ptolemy/actor/lib/test/auto/arrayType15.xml
2 ms. Memory: 321536K Free: 116406K (36%)
----------------- Invoking toplevel() on ptolemy.moml.MoMLSimpleApplication@5ce05275
----------------- Done invoking toplevel() on ptolemy.moml.MoMLSimpleApplication@5ce05275
reloadAllAccessors: .arrayType15

===========================================================================================
----------------- testing Sun May 24 14:31:52 UTC 2020 /home/travis/build/icyphy/ptII/ptolemy/actor/lib/test/auto/arrayType16.xml
----------------- Instantiating /home/travis/build/icyphy/ptII/ptolemy/actor/lib/test/auto/arrayType16.xml
1 ms. Memory: 321536K Free: 110772K (34%)
----------------- Invoking toplevel() on ptolemy.moml.MoMLSimpleApplication@35533570
----------------- Done invoking toplevel() on ptolemy.moml.MoMLSimpleApplication@35533570
reloadAllAccessors: .arrayType16

===========================================================================================
----------------- testing Sun May 24 14:31:52 UTC 2020 /home/travis/build/icyphy/ptII/ptolemy/actor/lib/test/auto/arrayType17.xml
----------------- Instantiating /home/travis/build/icyphy/ptII/ptolemy/actor/lib/test/auto/arrayType17.xml
1 ms. Memory: 321536K Free: 105652K (33%)
----------------- Invoking toplevel() on ptolemy.moml.MoMLSimpleApplication@1afd51b9
----------------- Done invoking toplevel() on ptolemy.moml.MoMLSimpleApplication@1afd51b9
reloadAllAccessors: .arrayType17

===========================================================================================
----------------- testing Sun May 24 14:31:52 UTC 2020 /home/travis/build/icyphy/ptII/ptolemy/actor/lib/test/auto/arrayType18.xml
----------------- Instantiating /home/travis/build/icyphy/ptII/ptolemy/actor/lib/test/auto/arrayType18.xml
1 ms. Memory: 321536K Free: 101046K (31%)
----------------- Invoking toplevel() on ptolemy.moml.MoMLSimpleApplication@7dc542c3
----------------- Done invoking toplevel() on ptolemy.moml.MoMLSimpleApplication@7dc542c3
reloadAllAccessors: .arrayType18

===========================================================================================
----------------- testing Sun May 24 14:31:52 UTC 2020 /home/travis/build/icyphy/ptII/ptolemy/actor/lib/test/auto/arrayType19.xml
----------------- Instantiating /home/travis/build/icyphy/ptII/ptolemy/actor/lib/test/auto/arrayType19.xml
1 ms. Memory: 321536K Free: 95926K (30%)
----------------- Invoking toplevel() on ptolemy.moml.MoMLSimpleApplication@7cb357bc
----------------- Done invoking toplevel() on ptolemy.moml.MoMLSimpleApplication@7cb357bc
reloadAllAccessors: .arrayType19

===========================================================================================
----------------- testing Sun May 24 14:31:52 UTC 2020 /home/travis/build/icyphy/ptII/ptolemy/actor/lib/test/auto/arrayType2.xml
----------------- Instantiating /home/travis/build/icyphy/ptII/ptolemy/actor/lib/test/auto/arrayType2.xml
2 ms. Memory: 321536K Free: 91316K (28%)
----------------- Invoking toplevel() on ptolemy.moml.MoMLSimpleApplication@2a37e08e
----------------- Done invoking toplevel() on ptolemy.moml.MoMLSimpleApplication@2a37e08e
reloadAllAccessors: .arrayType2

===========================================================================================
----------------- testing Sun May 24 14:31:52 UTC 2020 /home/travis/build/icyphy/ptII/ptolemy/actor/lib/test/auto/arrayType20.xml
----------------- Instantiating /home/travis/build/icyphy/ptII/ptolemy/actor/lib/test/auto/arrayType20.xml
1 ms. Memory: 321536K Free: 262585K (82%)
----------------- Invoking toplevel() on ptolemy.moml.MoMLSimpleApplication@620af14c
----------------- Done invoking toplevel() on ptolemy.moml.MoMLSimpleApplication@620af14c
reloadAllAccessors: .arrayType20

===========================================================================================
----------------- testing Sun May 24 14:31:52 UTC 2020 /home/travis/build/icyphy/ptII/ptolemy/actor/lib/test/auto/arrayType21.xml
----------------- Instantiating /home/travis/build/icyphy/ptII/ptolemy/actor/lib/test/auto/arrayType21.xml
3 ms. Memory: 321536K Free: 257979K (80%)
----------------- Invoking toplevel() on ptolemy.moml.MoMLSimpleApplication@578cb437
----------------- Done invoking toplevel() on ptolemy.moml.MoMLSimpleApplication@578cb437
reloadAllAccessors: .arrayType21

===========================================================================================
----------------- testing Sun May 24 14:31:52 UTC 2020 /home/travis/build/icyphy/ptII/ptolemy/actor/lib/test/auto/arrayType22.xml
----------------- Instantiating /home/travis/build/icyphy/ptII/ptolemy/actor/lib/test/auto/arrayType22.xml
1 ms. Memory: 321536K Free: 253369K (79%)
----------------- Invoking toplevel() on ptolemy.moml.MoMLSimpleApplication@6876eb70
----------------- Done invoking toplevel() on ptolemy.moml.MoMLSimpleApplication@6876eb70
reloadAllAccessors: .arrayType22

===========================================================================================
----------------- testing Sun May 24 14:31:52 UTC 2020 /home/travis/build/icyphy/ptII/ptolemy/actor/lib/test/auto/arrayType23.xml
----------------- Instantiating /home/travis/build/icyphy/ptII/ptolemy/actor/lib/test/auto/arrayType23.xml
1 ms. Memory: 321536K Free: 248249K (77%)
----------------- Invoking toplevel() on ptolemy.moml.MoMLSimpleApplication@422b041e
----------------- Done invoking toplevel() on ptolemy.moml.MoMLSimpleApplication@422b041e
reloadAllAccessors: .arrayType23

===========================================================================================
----------------- testing Sun May 24 14:31:52 UTC 2020 /home/travis/build/icyphy/ptII/ptolemy/actor/lib/test/auto/arrayType24.xml
----------------- Instantiating /home/travis/build/icyphy/ptII/ptolemy/actor/lib/test/auto/arrayType24.xml
2 ms. Memory: 321536K Free: 243643K (76%)
----------------- Invoking toplevel() on ptolemy.moml.MoMLSimpleApplication@49381e46
----------------- Done invoking toplevel() on ptolemy.moml.MoMLSimpleApplication@49381e46
reloadAllAccessors: .arrayType24

===========================================================================================
----------------- testing Sun May 24 14:31:52 UTC 2020 /home/travis/build/icyphy/ptII/ptolemy/actor/lib/test/auto/arrayType25.xml
----------------- Instantiating /home/travis/build/icyphy/ptII/ptolemy/actor/lib/test/auto/arrayType25.xml
2 ms. Memory: 321536K Free: 238009K (74%)
----------------- Invoking toplevel() on ptolemy.moml.MoMLSimpleApplication@3531b71b
----------------- Done invoking toplevel() on ptolemy.moml.MoMLSimpleApplication@3531b71b
reloadAllAccessors: .arrayType25

===========================================================================================
----------------- testing Sun May 24 14:31:52 UTC 2020 /home/travis/build/icyphy/ptII/ptolemy/actor/lib/test/auto/arrayType26.xml
----------------- Instantiating /home/travis/build/icyphy/ptII/ptolemy/actor/lib/test/auto/arrayType26.xml
1 ms. Memory: 321536K Free: 232875K (72%)
----------------- Invoking toplevel() on ptolemy.moml.MoMLSimpleApplication@239375ef
----------------- Done invoking toplevel() on ptolemy.moml.MoMLSimpleApplication@239375ef
reloadAllAccessors: .arrayType26

===========================================================================================
----------------- testing Sun May 24 14:31:52 UTC 2020 /home/travis/build/icyphy/ptII/ptolemy/actor/lib/test/auto/arrayType27.xml
----------------- Instantiating /home/travis/build/icyphy/ptII/ptolemy/actor/lib/test/auto/arrayType27.xml
1 ms. Memory: 321536K Free: 227769K (71%)
----------------- Invoking toplevel() on ptolemy.moml.MoMLSimpleApplication@3bd8fcf8
----------------- Done invoking toplevel() on ptolemy.moml.MoMLSimpleApplication@3bd8fcf8
reloadAllAccessors: .arrayType27

===========================================================================================
----------------- testing Sun May 24 14:31:52 UTC 2020 /home/travis/build/icyphy/ptII/ptolemy/actor/lib/test/auto/arrayType28.xml
----------------- Instantiating /home/travis/build/icyphy/ptII/ptolemy/actor/lib/test/auto/arrayType28.xml
7 ms. Memory: 321536K Free: 222139K (69%)
----------------- Invoking toplevel() on ptolemy.moml.MoMLSimpleApplication@668b2cad
----------------- Done invoking toplevel() on ptolemy.moml.MoMLSimpleApplication@668b2cad
reloadAllAccessors: .arrayType28

===========================================================================================
----------------- testing Sun May 24 14:31:52 UTC 2020 /home/travis/build/icyphy/ptII/ptolemy/actor/lib/test/auto/arrayType3.xml
----------------- Instantiating /home/travis/build/icyphy/ptII/ptolemy/actor/lib/test/auto/arrayType3.xml
2 ms. Memory: 321536K Free: 217019K (67%)
----------------- Invoking toplevel() on ptolemy.moml.MoMLSimpleApplication@411ceb90
----------------- Done invoking toplevel() on ptolemy.moml.MoMLSimpleApplication@411ceb90
reloadAllAccessors: .arrayType3

===========================================================================================
----------------- testing Sun May 24 14:31:52 UTC 2020 /home/travis/build/icyphy/ptII/ptolemy/actor/lib/test/auto/arrayType4.xml
----------------- Instantiating /home/travis/build/icyphy/ptII/ptolemy/actor/lib/test/auto/arrayType4.xml
2 ms. Memory: 321536K Free: 211385K (66%)
----------------- Invoking toplevel() on ptolemy.moml.MoMLSimpleApplication@43eae03c
----------------- Done invoking toplevel() on ptolemy.moml.MoMLSimpleApplication@43eae03c
reloadAllAccessors: .arrayType4

===========================================================================================
----------------- testing Sun May 24 14:31:52 UTC 2020 /home/travis/build/icyphy/ptII/ptolemy/actor/lib/test/auto/arrayType5.xml
----------------- Instantiating /home/travis/build/icyphy/ptII/ptolemy/actor/lib/test/auto/arrayType5.xml
2 ms. Memory: 321536K Free: 206265K (64%)
----------------- Invoking toplevel() on ptolemy.moml.MoMLSimpleApplication@4aaf603e
----------------- Done invoking toplevel() on ptolemy.moml.MoMLSimpleApplication@4aaf603e
reloadAllAccessors: .arrayType5

===========================================================================================
----------------- testing Sun May 24 14:31:52 UTC 2020 /home/travis/build/icyphy/ptII/ptolemy/actor/lib/test/auto/arrayType6.xml
----------------- Instantiating /home/travis/build/icyphy/ptII/ptolemy/actor/lib/test/auto/arrayType6.xml
1 ms. Memory: 321536K Free: 201659K (63%)
----------------- Invoking toplevel() on ptolemy.moml.MoMLSimpleApplication@5088d53b
----------------- Done invoking toplevel() on ptolemy.moml.MoMLSimpleApplication@5088d53b
reloadAllAccessors: .arrayType6

===========================================================================================
----------------- testing Sun May 24 14:31:52 UTC 2020 /home/travis/build/icyphy/ptII/ptolemy/actor/lib/test/auto/arrayType7.xml
----------------- Instantiating /home/travis/build/icyphy/ptII/ptolemy/actor/lib/test/auto/arrayType7.xml
5 ms. Memory: 321536K Free: 196537K (61%)
----------------- Invoking toplevel() on ptolemy.moml.MoMLSimpleApplication@33df0d79
----------------- Done invoking toplevel() on ptolemy.moml.MoMLSimpleApplication@33df0d79
reloadAllAccessors: .arrayType7

===========================================================================================
----------------- testing Sun May 24 14:31:52 UTC 2020 /home/travis/build/icyphy/ptII/ptolemy/actor/lib/test/auto/arrayType8.xml
----------------- Instantiating /home/travis/build/icyphy/ptII/ptolemy/actor/lib/test/auto/arrayType8.xml
1 ms. Memory: 321536K Free: 191929K (60%)
----------------- Invoking toplevel() on ptolemy.moml.MoMLSimpleApplication@4be1d87d
----------------- Done invoking toplevel() on ptolemy.moml.MoMLSimpleApplication@4be1d87d
reloadAllAccessors: .arrayType8

===========================================================================================
----------------- testing Sun May 24 14:31:52 UTC 2020 /home/travis/build/icyphy/ptII/ptolemy/actor/lib/test/auto/arrayType9.xml
----------------- Instantiating /home/travis/build/icyphy/ptII/ptolemy/actor/lib/test/auto/arrayType9.xml
1 ms. Memory: 321536K Free: 186809K (58%)
----------------- Invoking toplevel() on ptolemy.moml.MoMLSimpleApplication@2db41ec3
----------------- Done invoking toplevel() on ptolemy.moml.MoMLSimpleApplication@2db41ec3
reloadAllAccessors: .arrayType9

===========================================================================================
----------------- testing Sun May 24 14:31:52 UTC 2020 /home/travis/build/icyphy/ptII/ptolemy/actor/lib/test/auto/cast.xml
----------------- Instantiating /home/travis/build/icyphy/ptII/ptolemy/actor/lib/test/auto/cast.xml
2 ms. Memory: 321536K Free: 182203K (57%)
----------------- Invoking toplevel() on ptolemy.moml.MoMLSimpleApplication@2c5b1226
----------------- Done invoking toplevel() on ptolemy.moml.MoMLSimpleApplication@2c5b1226
reloadAllAccessors: .cast

===========================================================================================
----------------- testing Sun May 24 14:31:52 UTC 2020 /home/travis/build/icyphy/ptII/ptolemy/actor/lib/test/auto/compositeMultiPort.xml
----------------- Instantiating /home/travis/build/icyphy/ptII/ptolemy/actor/lib/test/auto/compositeMultiPort.xml
3 ms. Memory: 321536K Free: 172987K (54%)
----------------- Invoking toplevel() on ptolemy.moml.MoMLSimpleApplication@af1dc75
----------------- Done invoking toplevel() on ptolemy.moml.MoMLSimpleApplication@af1dc75
reloadAllAccessors: .compositeMultiPort

===========================================================================================
----------------- testing Sun May 24 14:31:52 UTC 2020 /home/travis/build/icyphy/ptII/ptolemy/actor/lib/test/auto/expressionCastInference.xml
----------------- Instantiating /home/travis/build/icyphy/ptII/ptolemy/actor/lib/test/auto/expressionCastInference.xml
1 ms. Memory: 321536K Free: 168377K (52%)
----------------- Invoking toplevel() on ptolemy.moml.MoMLSimpleApplication@54a19716
----------------- Done invoking toplevel() on ptolemy.moml.MoMLSimpleApplication@54a19716
reloadAllAccessors: .expressionCastInference

===========================================================================================
----------------- testing Sun May 24 14:31:52 UTC 2020 /home/travis/build/icyphy/ptII/ptolemy/actor/lib/test/auto/expressionCastInference2.xml
----------------- Instantiating /home/travis/build/icyphy/ptII/ptolemy/actor/lib/test/auto/expressionCastInference2.xml
2 ms. Memory: 321536K Free: 163771K (51%)
----------------- Invoking toplevel() on ptolemy.moml.MoMLSimpleApplication@a9949e0
----------------- Done invoking toplevel() on ptolemy.moml.MoMLSimpleApplication@a9949e0
reloadAllAccessors: .expressionCastInference2

===========================================================================================
----------------- testing Sun May 24 14:31:52 UTC 2020 /home/travis/build/icyphy/ptII/ptolemy/actor/lib/test/auto/expressionInference.xml
----------------- Instantiating /home/travis/build/icyphy/ptII/ptolemy/actor/lib/test/auto/expressionInference.xml
1 ms. Memory: 321536K Free: 159161K (50%)
----------------- Invoking toplevel() on ptolemy.moml.MoMLSimpleApplication@361e924a
----------------- Done invoking toplevel() on ptolemy.moml.MoMLSimpleApplication@361e924a
reloadAllAccessors: .expressionInference

===========================================================================================
----------------- testing Sun May 24 14:31:52 UTC 2020 /home/travis/build/icyphy/ptII/ptolemy/actor/lib/test/auto/expression_bug.xml
----------------- Instantiating /home/travis/build/icyphy/ptII/ptolemy/actor/lib/test/auto/expression_bug.xml
1 ms. Memory: 321536K Free: 155065K (48%)
----------------- Invoking toplevel() on ptolemy.moml.MoMLSimpleApplication@274eb8ef
----------------- Done invoking toplevel() on ptolemy.moml.MoMLSimpleApplication@274eb8ef
reloadAllAccessors: .expression_bug

===========================================================================================
----------------- testing Sun May 24 14:31:52 UTC 2020 /home/travis/build/icyphy/ptII/ptolemy/actor/lib/test/auto/factorial.xml
----------------- Instantiating /home/travis/build/icyphy/ptII/ptolemy/actor/lib/test/auto/factorial.xml
24 ms. Memory: 321536K Free: 146363K (46%)
----------------- Invoking toplevel() on ptolemy.moml.MoMLSimpleApplication@5baa3095
----------------- Done invoking toplevel() on ptolemy.moml.MoMLSimpleApplication@5baa3095
reloadAllAccessors: .factorial

===========================================================================================
----------------- testing Sun May 24 14:31:52 UTC 2020 /home/travis/build/icyphy/ptII/ptolemy/actor/lib/test/auto/filterTest1.xml
----------------- Instantiating /home/travis/build/icyphy/ptII/ptolemy/actor/lib/test/auto/filterTest1.xml
3 ms. Memory: 321536K Free: 140729K (44%)
----------------- Invoking toplevel() on ptolemy.moml.MoMLSimpleApplication@423df69
----------------- Done invoking toplevel() on ptolemy.moml.MoMLSimpleApplication@423df69
reloadAllAccessors: .filterTest1

===========================================================================================
----------------- testing Sun May 24 14:31:52 UTC 2020 /home/travis/build/icyphy/ptII/ptolemy/actor/lib/test/auto/funcApplyInConst.xml
----------------- Instantiating /home/travis/build/icyphy/ptII/ptolemy/actor/lib/test/auto/funcApplyInConst.xml
1 ms. Memory: 321536K Free: 136633K (42%)
----------------- Invoking toplevel() on ptolemy.moml.MoMLSimpleApplication@33b258c
----------------- Done invoking toplevel() on ptolemy.moml.MoMLSimpleApplication@33b258c
reloadAllAccessors: .funcApplyInConst

===========================================================================================
----------------- testing Sun May 24 14:31:52 UTC 2020 /home/travis/build/icyphy/ptII/ptolemy/actor/lib/test/auto/funcApplyInExpr.xml
----------------- Instantiating /home/travis/build/icyphy/ptII/ptolemy/actor/lib/test/auto/funcApplyInExpr.xml
1 ms. Memory: 321536K Free: 133051K (41%)
----------------- Invoking toplevel() on ptolemy.moml.MoMLSimpleApplication@77d4de99
----------------- Done invoking toplevel() on ptolemy.moml.MoMLSimpleApplication@77d4de99
reloadAllAccessors: .funcApplyInExpr

===========================================================================================
----------------- testing Sun May 24 14:31:52 UTC 2020 /home/travis/build/icyphy/ptII/ptolemy/actor/lib/test/auto/function.xml
----------------- Instantiating /home/travis/build/icyphy/ptII/ptolemy/actor/lib/test/auto/function.xml
1 ms. Memory: 321536K Free: 127931K (40%)
----------------- Invoking toplevel() on ptolemy.moml.MoMLSimpleApplication@18359463
----------------- Done invoking toplevel() on ptolemy.moml.MoMLSimpleApplication@18359463
reloadAllAccessors: .function

===========================================================================================
----------------- testing Sun May 24 14:31:52 UTC 2020 /home/travis/build/icyphy/ptII/ptolemy/actor/lib/test/auto/function2.xml
----------------- Instantiating /home/travis/build/icyphy/ptII/ptolemy/actor/lib/test/auto/function2.xml
2 ms. Memory: 321536K Free: 123321K (38%)
----------------- Invoking toplevel() on ptolemy.moml.MoMLSimpleApplication@2009d22e
----------------- Done invoking toplevel() on ptolemy.moml.MoMLSimpleApplication@2009d22e
reloadAllAccessors: .function2

===========================================================================================
----------------- testing Sun May 24 14:31:52 UTC 2020 /home/travis/build/icyphy/ptII/ptolemy/actor/lib/test/auto/function3.xml
----------------- Instantiating /home/travis/build/icyphy/ptII/ptolemy/actor/lib/test/auto/function3.xml
1 ms. Memory: 321536K Free: 119739K (37%)
----------------- Invoking toplevel() on ptolemy.moml.MoMLSimpleApplication@71fd91c7
----------------- Done invoking toplevel() on ptolemy.moml.MoMLSimpleApplication@71fd91c7
reloadAllAccessors: .function3

===========================================================================================
----------------- testing Sun May 24 14:31:52 UTC 2020 /home/travis/build/icyphy/ptII/ptolemy/actor/lib/test/auto/functionClosureTest1.xml
----------------- Instantiating /home/travis/build/icyphy/ptII/ptolemy/actor/lib/test/auto/functionClosureTest1.xml
1 ms. Memory: 321536K Free: 113595K (35%)
----------------- Invoking toplevel() on ptolemy.moml.MoMLSimpleApplication@2eb13cc2
----------------- Done invoking toplevel() on ptolemy.moml.MoMLSimpleApplication@2eb13cc2
reloadAllAccessors: .functionClosureTest1

===========================================================================================
----------------- testing Sun May 24 14:31:52 UTC 2020 /home/travis/build/icyphy/ptII/ptolemy/actor/lib/test/auto/functionClosureTest2.xml
----------------- Instantiating /home/travis/build/icyphy/ptII/ptolemy/actor/lib/test/auto/functionClosureTest2.xml
1 ms. Memory: 321536K Free: 110009K (34%)
----------------- Invoking toplevel() on ptolemy.moml.MoMLSimpleApplication@1f9ba038
----------------- Done invoking toplevel() on ptolemy.moml.MoMLSimpleApplication@1f9ba038
reloadAllAccessors: .functionClosureTest2

===========================================================================================
----------------- testing Sun May 24 14:31:52 UTC 2020 /home/travis/build/icyphy/ptII/ptolemy/actor/lib/test/auto/functionClosureTest3.xml
----------------- Instantiating /home/travis/build/icyphy/ptII/ptolemy/actor/lib/test/auto/functionClosureTest3.xml
1 ms. Memory: 321536K Free: 104379K (32%)
----------------- Invoking toplevel() on ptolemy.moml.MoMLSimpleApplication@4f71e138
----------------- Done invoking toplevel() on ptolemy.moml.MoMLSimpleApplication@4f71e138
reloadAllAccessors: .functionClosureTest3

===========================================================================================
----------------- testing Sun May 24 14:31:52 UTC 2020 /home/travis/build/icyphy/ptII/ptolemy/actor/lib/test/auto/functionClosureTest4.xml
----------------- Instantiating /home/travis/build/icyphy/ptII/ptolemy/actor/lib/test/auto/functionClosureTest4.xml
3 ms. Memory: 321536K Free: 98235K (31%)
----------------- Invoking toplevel() on ptolemy.moml.MoMLSimpleApplication@137bbf5c
----------------- Done invoking toplevel() on ptolemy.moml.MoMLSimpleApplication@137bbf5c
reloadAllAccessors: .functionClosureTest4

===========================================================================================
----------------- testing Sun May 24 14:31:52 UTC 2020 /home/travis/build/icyphy/ptII/ptolemy/actor/lib/test/auto/functionClosureTest5.xml
----------------- Instantiating /home/travis/build/icyphy/ptII/ptolemy/actor/lib/test/auto/functionClosureTest5.xml
2 ms. Memory: 321536K Free: 92587K (29%)
----------------- Invoking toplevel() on ptolemy.moml.MoMLSimpleApplication@344c1861
----------------- Done invoking toplevel() on ptolemy.moml.MoMLSimpleApplication@344c1861
reloadAllAccessors: .functionClosureTest5

===========================================================================================
----------------- testing Sun May 24 14:31:52 UTC 2020 /home/travis/build/icyphy/ptII/ptolemy/actor/lib/test/auto/functionClosureTest6.xml
----------------- Instantiating /home/travis/build/icyphy/ptII/ptolemy/actor/lib/test/auto/functionClosureTest6.xml
1 ms. Memory: 321536K Free: 87995K (27%)
----------------- Invoking toplevel() on ptolemy.moml.MoMLSimpleApplication@3471975d
----------------- Done invoking toplevel() on ptolemy.moml.MoMLSimpleApplication@3471975d
reloadAllAccessors: .functionClosureTest6

===========================================================================================
----------------- testing Sun May 24 14:31:52 UTC 2020 /home/travis/build/icyphy/ptII/ptolemy/actor/lib/test/auto/functionsOnArcs.xml
----------------- Instantiating /home/travis/build/icyphy/ptII/ptolemy/actor/lib/test/auto/functionsOnArcs.xml
1 ms. Memory: 321536K Free: 82361K (26%)
----------------- Invoking toplevel() on ptolemy.moml.MoMLSimpleApplication@111ed9c9
----------------- Done invoking toplevel() on ptolemy.moml.MoMLSimpleApplication@111ed9c9
reloadAllAccessors: .functionsOnArcs

===========================================================================================
----------------- testing Sun May 24 14:31:53 UTC 2020 /home/travis/build/icyphy/ptII/ptolemy/actor/lib/test/auto/functionsOnArcsHOF.xml
----------------- Instantiating /home/travis/build/icyphy/ptII/ptolemy/actor/lib/test/auto/functionsOnArcsHOF.xml
3 ms. Memory: 321536K Free: 263812K (82%)
----------------- Invoking toplevel() on ptolemy.moml.MoMLSimpleApplication@f2f939d
----------------- Done invoking toplevel() on ptolemy.moml.MoMLSimpleApplication@f2f939d
reloadAllAccessors: .functionsOnArcsHOF

===========================================================================================
----------------- testing Sun May 24 14:31:53 UTC 2020 /home/travis/build/icyphy/ptII/ptolemy/actor/lib/test/auto/logic.xml
----------------- Instantiating /home/travis/build/icyphy/ptII/ptolemy/actor/lib/test/auto/logic.xml
1 ms. Memory: 321536K Free: 256130K (80%)
----------------- Invoking toplevel() on ptolemy.moml.MoMLSimpleApplication@51367a19
----------------- Done invoking toplevel() on ptolemy.moml.MoMLSimpleApplication@51367a19
reloadAllAccessors: .logic

===========================================================================================
----------------- testing Sun May 24 14:31:53 UTC 2020 /home/travis/build/icyphy/ptII/ptolemy/actor/lib/test/auto/matrixType.xml
----------------- Instantiating /home/travis/build/icyphy/ptII/ptolemy/actor/lib/test/auto/matrixType.xml
1 ms. Memory: 321536K Free: 250996K (78%)
----------------- Invoking toplevel() on ptolemy.moml.MoMLSimpleApplication@2a0d48d0
----------------- Done invoking toplevel() on ptolemy.moml.MoMLSimpleApplication@2a0d48d0
reloadAllAccessors: .matrixType

===========================================================================================
----------------- testing Sun May 24 14:31:53 UTC 2020 /home/travis/build/icyphy/ptII/ptolemy/actor/lib/test/auto/matrixType10.xml
----------------- Instantiating /home/travis/build/icyphy/ptII/ptolemy/actor/lib/test/auto/matrixType10.xml
2 ms. Memory: 321536K Free: 245890K (76%)
----------------- Invoking toplevel() on ptolemy.moml.MoMLSimpleApplication@19e9538e
----------------- Done invoking toplevel() on ptolemy.moml.MoMLSimpleApplication@19e9538e
reloadAllAccessors: .matrixType10

===========================================================================================
----------------- testing Sun May 24 14:31:53 UTC 2020 /home/travis/build/icyphy/ptII/ptolemy/actor/lib/test/auto/matrixType11.xml
----------------- Instantiating /home/travis/build/icyphy/ptII/ptolemy/actor/lib/test/auto/matrixType11.xml
1 ms. Memory: 321536K Free: 241284K (75%)
----------------- Invoking toplevel() on ptolemy.moml.MoMLSimpleApplication@4b3458ae
----------------- Done invoking toplevel() on ptolemy.moml.MoMLSimpleApplication@4b3458ae
reloadAllAccessors: .matrixType11

===========================================================================================
----------------- testing Sun May 24 14:31:53 UTC 2020 /home/travis/build/icyphy/ptII/ptolemy/actor/lib/test/auto/matrixType12.xml
----------------- Instantiating /home/travis/build/icyphy/ptII/ptolemy/actor/lib/test/auto/matrixType12.xml
1 ms. Memory: 321536K Free: 236164K (73%)
----------------- Invoking toplevel() on ptolemy.moml.MoMLSimpleApplication@56a5471e
----------------- Done invoking toplevel() on ptolemy.moml.MoMLSimpleApplication@56a5471e
reloadAllAccessors: .matrixType12

===========================================================================================
----------------- testing Sun May 24 14:31:53 UTC 2020 /home/travis/build/icyphy/ptII/ptolemy/actor/lib/test/auto/matrixType13.xml
----------------- Instantiating /home/travis/build/icyphy/ptII/ptolemy/actor/lib/test/auto/matrixType13.xml
1 ms. Memory: 321536K Free: 231554K (72%)
----------------- Invoking toplevel() on ptolemy.moml.MoMLSimpleApplication@64fe6ede
----------------- Done invoking toplevel() on ptolemy.moml.MoMLSimpleApplication@64fe6ede
reloadAllAccessors: .matrixType13

===========================================================================================
----------------- testing Sun May 24 14:31:53 UTC 2020 /home/travis/build/icyphy/ptII/ptolemy/actor/lib/test/auto/matrixType14.xml
----------------- Instantiating /home/travis/build/icyphy/ptII/ptolemy/actor/lib/test/auto/matrixType14.xml
1 ms. Memory: 321536K Free: 226434K (70%)
----------------- Invoking toplevel() on ptolemy.moml.MoMLSimpleApplication@22104b7c
----------------- Done invoking toplevel() on ptolemy.moml.MoMLSimpleApplication@22104b7c
reloadAllAccessors: .matrixType14

===========================================================================================
----------------- testing Sun May 24 14:31:53 UTC 2020 /home/travis/build/icyphy/ptII/ptolemy/actor/lib/test/auto/matrixType2.xml
----------------- Instantiating /home/travis/build/icyphy/ptII/ptolemy/actor/lib/test/auto/matrixType2.xml
2 ms. Memory: 321536K Free: 221300K (69%)
----------------- Invoking toplevel() on ptolemy.moml.MoMLSimpleApplication@4594dc2f
----------------- Done invoking toplevel() on ptolemy.moml.MoMLSimpleApplication@4594dc2f
reloadAllAccessors: .matrixType2

===========================================================================================
----------------- testing Sun May 24 14:31:53 UTC 2020 /home/travis/build/icyphy/ptII/ptolemy/actor/lib/test/auto/matrixType3.xml
----------------- Instantiating /home/travis/build/icyphy/ptII/ptolemy/actor/lib/test/auto/matrixType3.xml
3 ms. Memory: 321536K Free: 216194K (67%)
----------------- Invoking toplevel() on ptolemy.moml.MoMLSimpleApplication@a082b69
----------------- Done invoking toplevel() on ptolemy.moml.MoMLSimpleApplication@a082b69
reloadAllAccessors: .matrixType3

===========================================================================================
----------------- testing Sun May 24 14:31:53 UTC 2020 /home/travis/build/icyphy/ptII/ptolemy/actor/lib/test/auto/matrixType4.xml
----------------- Instantiating /home/travis/build/icyphy/ptII/ptolemy/actor/lib/test/auto/matrixType4.xml
1 ms. Memory: 321536K Free: 211074K (66%)
----------------- Invoking toplevel() on ptolemy.moml.MoMLSimpleApplication@4496c74f
----------------- Done invoking toplevel() on ptolemy.moml.MoMLSimpleApplication@4496c74f
reloadAllAccessors: .matrixType4

===========================================================================================
----------------- testing Sun May 24 14:31:53 UTC 2020 /home/travis/build/icyphy/ptII/ptolemy/actor/lib/test/auto/matrixType5.xml
----------------- Instantiating /home/travis/build/icyphy/ptII/ptolemy/actor/lib/test/auto/matrixType5.xml
1 ms. Memory: 321536K Free: 206468K (64%)
----------------- Invoking toplevel() on ptolemy.moml.MoMLSimpleApplication@7c84387b
----------------- Done invoking toplevel() on ptolemy.moml.MoMLSimpleApplication@7c84387b
reloadAllAccessors: .matrixType5

===========================================================================================
----------------- testing Sun May 24 14:31:53 UTC 2020 /home/travis/build/icyphy/ptII/ptolemy/actor/lib/test/auto/matrixType6.xml
----------------- Instantiating /home/travis/build/icyphy/ptII/ptolemy/actor/lib/test/auto/matrixType6.xml
1 ms. Memory: 321536K Free: 201348K (63%)
----------------- Invoking toplevel() on ptolemy.moml.MoMLSimpleApplication@72e78f27
----------------- Done invoking toplevel() on ptolemy.moml.MoMLSimpleApplication@72e78f27
reloadAllAccessors: .matrixType6

===========================================================================================
----------------- testing Sun May 24 14:31:53 UTC 2020 /home/travis/build/icyphy/ptII/ptolemy/actor/lib/test/auto/matrixType7.xml
----------------- Instantiating /home/travis/build/icyphy/ptII/ptolemy/actor/lib/test/auto/matrixType7.xml
1 ms. Memory: 321536K Free: 196738K (61%)
----------------- Invoking toplevel() on ptolemy.moml.MoMLSimpleApplication@6698e2e0
----------------- Done invoking toplevel() on ptolemy.moml.MoMLSimpleApplication@6698e2e0
reloadAllAccessors: .matrixType7

===========================================================================================
----------------- testing Sun May 24 14:31:53 UTC 2020 /home/travis/build/icyphy/ptII/ptolemy/actor/lib/test/auto/matrixType8.xml
----------------- Instantiating /home/travis/build/icyphy/ptII/ptolemy/actor/lib/test/auto/matrixType8.xml
1 ms. Memory: 321536K Free: 191618K (60%)
----------------- Invoking toplevel() on ptolemy.moml.MoMLSimpleApplication@24c0ebc2
----------------- Done invoking toplevel() on ptolemy.moml.MoMLSimpleApplication@24c0ebc2
reloadAllAccessors: .matrixType8

===========================================================================================
----------------- testing Sun May 24 14:31:53 UTC 2020 /home/travis/build/icyphy/ptII/ptolemy/actor/lib/test/auto/matrixType9.xml
----------------- Instantiating /home/travis/build/icyphy/ptII/ptolemy/actor/lib/test/auto/matrixType9.xml
1 ms. Memory: 321536K Free: 187012K (58%)
----------------- Invoking toplevel() on ptolemy.moml.MoMLSimpleApplication@6743fb6b
----------------- Done invoking toplevel() on ptolemy.moml.MoMLSimpleApplication@6743fb6b
reloadAllAccessors: .matrixType9

===========================================================================================
----------------- testing Sun May 24 14:31:53 UTC 2020 /home/travis/build/icyphy/ptII/ptolemy/actor/lib/test/auto/paraFunctest.xml
----------------- Instantiating /home/travis/build/icyphy/ptII/ptolemy/actor/lib/test/auto/paraFunctest.xml
1 ms. Memory: 321536K Free: 182916K (57%)
----------------- Invoking toplevel() on ptolemy.moml.MoMLSimpleApplication@17fa0bb
----------------- Done invoking toplevel() on ptolemy.moml.MoMLSimpleApplication@17fa0bb
reloadAllAccessors: .paraFunctest

===========================================================================================
----------------- testing Sun May 24 14:31:53 UTC 2020 /home/travis/build/icyphy/ptII/ptolemy/actor/lib/test/auto/paraFunctest2.xml
----------------- Instantiating /home/travis/build/icyphy/ptII/ptolemy/actor/lib/test/auto/paraFunctest2.xml
2 ms. Memory: 321536K Free: 178306K (55%)
----------------- Invoking toplevel() on ptolemy.moml.MoMLSimpleApplication@38ee79e9
----------------- Done invoking toplevel() on ptolemy.moml.MoMLSimpleApplication@38ee79e9
reloadAllAccessors: .paraFunctest2

===========================================================================================
----------------- testing Sun May 24 14:31:53 UTC 2020 /home/travis/build/icyphy/ptII/ptolemy/actor/lib/test/auto/parameterPassing.xml
----------------- Instantiating /home/travis/build/icyphy/ptII/ptolemy/actor/lib/test/auto/parameterPassing.xml
1 ms. Memory: 321536K Free: 173700K (54%)
----------------- Invoking toplevel() on ptolemy.moml.MoMLSimpleApplication@4d9654d3
----------------- Done invoking toplevel() on ptolemy.moml.MoMLSimpleApplication@4d9654d3
reloadAllAccessors: .parameterPassing

===========================================================================================
----------------- testing Sun May 24 14:31:53 UTC 2020 /home/travis/build/icyphy/ptII/ptolemy/actor/lib/test/auto/record.xml
----------------- Instantiating /home/travis/build/icyphy/ptII/ptolemy/actor/lib/test/auto/record.xml
2 ms. Memory: 321536K Free: 169090K (53%)
----------------- Invoking toplevel() on ptolemy.moml.MoMLSimpleApplication@74870d43
----------------- Done invoking toplevel() on ptolemy.moml.MoMLSimpleApplication@74870d43
reloadAllAccessors: .record

===========================================================================================
----------------- testing Sun May 24 14:31:53 UTC 2020 /home/travis/build/icyphy/ptII/ptolemy/actor/lib/test/auto/sizedarray1.xml
----------------- Instantiating /home/travis/build/icyphy/ptII/ptolemy/actor/lib/test/auto/sizedarray1.xml
1 ms. Memory: 321536K Free: 163460K (51%)
----------------- Invoking toplevel() on ptolemy.moml.MoMLSimpleApplication@4035e50f
----------------- Done invoking toplevel() on ptolemy.moml.MoMLSimpleApplication@4035e50f
reloadAllAccessors: .sizedarray1

===========================================================================================
----------------- testing Sun May 24 14:31:53 UTC 2020 /home/travis/build/icyphy/ptII/ptolemy/actor/lib/test/auto/sizedarray2.xml
----------------- Instantiating /home/travis/build/icyphy/ptII/ptolemy/actor/lib/test/auto/sizedarray2.xml
2 ms. Memory: 321536K Free: 157826K (49%)
----------------- Invoking toplevel() on ptolemy.moml.MoMLSimpleApplication@572088f6
----------------- Done invoking toplevel() on ptolemy.moml.MoMLSimpleApplication@572088f6
reloadAllAccessors: .sizedarray2

===========================================================================================
----------------- testing Sun May 24 14:31:53 UTC 2020 /home/travis/build/icyphy/ptII/ptolemy/actor/lib/test/auto/twoPublishers.xml
----------------- Instantiating /home/travis/build/icyphy/ptII/ptolemy/actor/lib/test/auto/twoPublishers.xml
5 ms. Memory: 321536K Free: 147076K (46%)
----------------- Invoking toplevel() on ptolemy.moml.MoMLSimpleApplication@3575bbe1
----------------- Done invoking toplevel() on ptolemy.moml.MoMLSimpleApplication@3575bbe1
reloadAllAccessors: .twoPublishers
AutoTests.java: About to close Vertx.
AutoTests.java: Vertx closed.
]]></system-out>
  <system-err><![CDATA[java.lang.RuntimeException: Execution failed
	at ptolemy.moml.MoMLSimpleApplication$UnloadThread.run(MoMLSimpleApplication.java:402)
Caused by: java.lang.RuntimeException: StringUtilities.exit() was called. Normally, we would exit here because Manager.exitAfterWrapup() was called.  However, because the ptolemy.ptII.exitAfterWrapup property is set, we throw this exception instead.
	at ptolemy.util.StringUtilities.exit(StringUtilities.java:365)
	at ptolemy.actor.Manager.wrapup(Manager.java:1549)
	at ptolemy.actor.Manager.execute(Manager.java:407)
	at ptolemy.actor.Manager.run(Manager.java:1263)
	at ptolemy.actor.Manager$PtolemyRunThread.run(Manager.java:1933)
Warning: '.top.test' is in training mode, set the trainingMode parameter to false before checking in
Warning: '.top.test' is in training mode, set the trainingMode parameter to false before checking in
Warning: '.top.test' is in training mode, set the trainingMode parameter to false before checking in
Warning: '.BooleanSwitch_RegressionTest_WrongTrainingValues.Test' is in training mode, set the trainingMode parameter to false before checking in
Warning: '.BooleanSwitch_RegressionTest_WrongTrainingValues.Test2' is in training mode, set the trainingMode parameter to false before checking in
Warning: '.BooleanSwitch_RegressionTest_WrongTrainingValues.Test2' The test produced 0 tokens.
Warning: '.top.testExceptionHandler' is in training mode, set the trainingMode parameter to false before checking in
java.lang.RuntimeException: Execution failed
	at ptolemy.moml.MoMLSimpleApplication$UnloadThread.run(MoMLSimpleApplication.java:402)
Caused by: ptolemy.kernel.util.IllegalActionException: PublisherPorts cannot be used at the top level, use a Publisher actor instead.
  in .PublisherPortToplevelSubscriber.PublisherPort
	at ptolemy.actor.PublisherPort.preinitialize(PublisherPort.java:403)
	at ptolemy.actor.CompositeActor.preinitialize(CompositeActor.java:1769)
	at ptolemy.actor.Manager.preinitializeAndResolveTypes(Manager.java:1040)
	at ptolemy.actor.Manager.initialize(Manager.java:710)
	at ptolemy.actor.Manager.execute(Manager.java:356)
	at ptolemy.actor.Manager.run(Manager.java:1263)
	at ptolemy.actor.Manager$PtolemyRunThread.run(Manager.java:1933)
java.lang.reflect.InvocationTargetException
	at java.base/jdk.internal.reflect.NativeConstructorAccessorImpl.newInstance0(Native Method)
	at java.base/jdk.internal.reflect.NativeConstructorAccessorImpl.newInstance(NativeConstructorAccessorImpl.java:62)
	at java.base/jdk.internal.reflect.DelegatingConstructorAccessorImpl.newInstance(DelegatingConstructorAccessorImpl.java:45)
	at java.base/java.lang.reflect.Constructor.newInstance(Constructor.java:490)
	at ptolemy.util.test.junit.AutoKnownFailedTests.RunModel(AutoKnownFailedTests.java:105)
	at java.base/jdk.internal.reflect.NativeMethodAccessorImpl.invoke0(Native Method)
	at java.base/jdk.internal.reflect.NativeMethodAccessorImpl.invoke(NativeMethodAccessorImpl.java:62)
	at java.base/jdk.internal.reflect.DelegatingMethodAccessorImpl.invoke(DelegatingMethodAccessorImpl.java:43)
	at java.base/java.lang.reflect.Method.invoke(Method.java:566)
	at org.junit.runners.model.FrameworkMethod$1.runReflectiveCall(FrameworkMethod.java:44)
	at org.junit.internal.runners.model.ReflectiveCallable.run(ReflectiveCallable.java:15)
	at org.junit.runners.model.FrameworkMethod.invokeExplosively(FrameworkMethod.java:41)
	at junitparams.internal.InvokeParameterisedMethod.evaluate(InvokeParameterisedMethod.java:102)
	at org.junit.internal.runners.statements.FailOnTimeout$1.run(FailOnTimeout.java:28)
Caused by: ptolemy.kernel.util.IllegalActionException: PublisherPorts cannot be used at the top level, use a Publisher actor instead.
  in .PublisherPortToplevelSubscriber.PublisherPort
	at ptolemy.actor.PublisherPort.preinitialize(PublisherPort.java:403)
	at ptolemy.actor.CompositeActor.preinitialize(CompositeActor.java:1769)
	at ptolemy.actor.Manager.preinitializeAndResolveTypes(Manager.java:1040)
	at ptolemy.actor.Manager.initialize(Manager.java:710)
	at ptolemy.actor.Manager.execute(Manager.java:356)
	at ptolemy.actor.Manager.run(Manager.java:1263)
	at ptolemy.actor.Manager$PtolemyRunThread.run(Manager.java:1933)
java.lang.RuntimeException: Execution failed
	at ptolemy.moml.MoMLSimpleApplication$UnloadThread.run(MoMLSimpleApplication.java:402)
Caused by: ptolemy.kernel.util.IllegalActionException: SubscriberPorts cannot be used at the top level, use a Subscriber actor instead.
  in .PublisherSubscriberPortToplevel.SubscriberPort
	at ptolemy.actor.SubscriberPort.preinitialize(SubscriberPort.java:328)
	at ptolemy.actor.CompositeActor.preinitialize(CompositeActor.java:1769)
	at ptolemy.actor.Manager.preinitializeAndResolveTypes(Manager.java:1040)
	at ptolemy.actor.Manager.initialize(Manager.java:710)
	at ptolemy.actor.Manager.execute(Manager.java:356)
	at ptolemy.actor.Manager.run(Manager.java:1263)
	at ptolemy.actor.Manager$PtolemyRunThread.run(Manager.java:1933)
java.lang.reflect.InvocationTargetException
	at java.base/jdk.internal.reflect.NativeConstructorAccessorImpl.newInstance0(Native Method)
	at java.base/jdk.internal.reflect.NativeConstructorAccessorImpl.newInstance(NativeConstructorAccessorImpl.java:62)
	at java.base/jdk.internal.reflect.DelegatingConstructorAccessorImpl.newInstance(DelegatingConstructorAccessorImpl.java:45)
	at java.base/java.lang.reflect.Constructor.newInstance(Constructor.java:490)
	at ptolemy.util.test.junit.AutoKnownFailedTests.RunModel(AutoKnownFailedTests.java:105)
	at java.base/jdk.internal.reflect.NativeMethodAccessorImpl.invoke0(Native Method)
	at java.base/jdk.internal.reflect.NativeMethodAccessorImpl.invoke(NativeMethodAccessorImpl.java:62)
	at java.base/jdk.internal.reflect.DelegatingMethodAccessorImpl.invoke(DelegatingMethodAccessorImpl.java:43)
	at java.base/java.lang.reflect.Method.invoke(Method.java:566)
	at org.junit.runners.model.FrameworkMethod$1.runReflectiveCall(FrameworkMethod.java:44)
	at org.junit.internal.runners.model.ReflectiveCallable.run(ReflectiveCallable.java:15)
	at org.junit.runners.model.FrameworkMethod.invokeExplosively(FrameworkMethod.java:41)
	at junitparams.internal.InvokeParameterisedMethod.evaluate(InvokeParameterisedMethod.java:102)
	at org.junit.internal.runners.statements.FailOnTimeout$1.run(FailOnTimeout.java:28)
Caused by: ptolemy.kernel.util.IllegalActionException: SubscriberPorts cannot be used at the top level, use a Subscriber actor instead.
  in .PublisherSubscriberPortToplevel.SubscriberPort
	at ptolemy.actor.SubscriberPort.preinitialize(SubscriberPort.java:328)
	at ptolemy.actor.CompositeActor.preinitialize(CompositeActor.java:1769)
	at ptolemy.actor.Manager.preinitializeAndResolveTypes(Manager.java:1040)
	at ptolemy.actor.Manager.initialize(Manager.java:710)
	at ptolemy.actor.Manager.execute(Manager.java:356)
	at ptolemy.actor.Manager.run(Manager.java:1263)
	at ptolemy.actor.Manager$PtolemyRunThread.run(Manager.java:1933)
java.lang.RuntimeException: Execution failed
	at ptolemy.moml.MoMLSimpleApplication$UnloadThread.run(MoMLSimpleApplication.java:402)
Caused by: ptolemy.kernel.util.IllegalActionException: SubscriptionAggregatorPorts cannot be used at the top level, use a SubscriptionAggregator actor instead.
  in .PublisherSubscriptionAggregatorPort.SubscriptionAggregatorPort
	at ptolemy.actor.SubscriptionAggregatorPort.preinitialize(SubscriptionAggregatorPort.java:353)
	at ptolemy.actor.CompositeActor.preinitialize(CompositeActor.java:1769)
	at ptolemy.actor.Manager.preinitializeAndResolveTypes(Manager.java:1040)
	at ptolemy.actor.Manager.initialize(Manager.java:710)
	at ptolemy.actor.Manager.execute(Manager.java:356)
	at ptolemy.actor.Manager.run(Manager.java:1263)
	at ptolemy.actor.Manager$PtolemyRunThread.run(Manager.java:1933)
java.lang.reflect.InvocationTargetException
	at java.base/jdk.internal.reflect.NativeConstructorAccessorImpl.newInstance0(Native Method)
	at java.base/jdk.internal.reflect.NativeConstructorAccessorImpl.newInstance(NativeConstructorAccessorImpl.java:62)
	at java.base/jdk.internal.reflect.DelegatingConstructorAccessorImpl.newInstance(DelegatingConstructorAccessorImpl.java:45)
	at java.base/java.lang.reflect.Constructor.newInstance(Constructor.java:490)
	at ptolemy.util.test.junit.AutoKnownFailedTests.RunModel(AutoKnownFailedTests.java:105)
	at java.base/jdk.internal.reflect.NativeMethodAccessorImpl.invoke0(Native Method)
	at java.base/jdk.internal.reflect.NativeMethodAccessorImpl.invoke(NativeMethodAccessorImpl.java:62)
	at java.base/jdk.internal.reflect.DelegatingMethodAccessorImpl.invoke(DelegatingMethodAccessorImpl.java:43)
	at java.base/java.lang.reflect.Method.invoke(Method.java:566)
	at org.junit.runners.model.FrameworkMethod$1.runReflectiveCall(FrameworkMethod.java:44)
	at org.junit.internal.runners.model.ReflectiveCallable.run(ReflectiveCallable.java:15)
	at org.junit.runners.model.FrameworkMethod.invokeExplosively(FrameworkMethod.java:41)
	at junitparams.internal.InvokeParameterisedMethod.evaluate(InvokeParameterisedMethod.java:102)
	at org.junit.internal.runners.statements.FailOnTimeout$1.run(FailOnTimeout.java:28)
Caused by: ptolemy.kernel.util.IllegalActionException: SubscriptionAggregatorPorts cannot be used at the top level, use a SubscriptionAggregator actor instead.
  in .PublisherSubscriptionAggregatorPort.SubscriptionAggregatorPort
	at ptolemy.actor.SubscriptionAggregatorPort.preinitialize(SubscriptionAggregatorPort.java:353)
	at ptolemy.actor.CompositeActor.preinitialize(CompositeActor.java:1769)
	at ptolemy.actor.Manager.preinitializeAndResolveTypes(Manager.java:1040)
	at ptolemy.actor.Manager.initialize(Manager.java:710)
	at ptolemy.actor.Manager.execute(Manager.java:356)
	at ptolemy.actor.Manager.run(Manager.java:1263)
	at ptolemy.actor.Manager$PtolemyRunThread.run(Manager.java:1933)
java.lang.RuntimeException: Execution failed
	at ptolemy.moml.MoMLSimpleApplication$UnloadThread.run(MoMLSimpleApplication.java:402)
Caused by: ptolemy.kernel.util.IllegalActionException: TypeTest actor has no training data.
  in .sizedarray3.TypeTest
	at ptolemy.actor.lib.TypeTest.initialize(TypeTest.java:250)
	at ptolemy.actor.Director.initialize(Director.java:938)
	at ptolemy.actor.Director.initialize(Director.java:907)
	at ptolemy.actor.sched.StaticSchedulingDirector.initialize(StaticSchedulingDirector.java:159)
	at ptolemy.domains.sdf.kernel.SDFDirector.initialize(SDFDirector.java:544)
	at ptolemy.actor.CompositeActor.initialize(CompositeActor.java:935)
	at ptolemy.actor.Manager.initialize(Manager.java:724)
	at ptolemy.actor.Manager.execute(Manager.java:356)
	at ptolemy.actor.Manager.run(Manager.java:1263)
	at ptolemy.actor.Manager$PtolemyRunThread.run(Manager.java:1933)
java.lang.reflect.InvocationTargetException
	at java.base/jdk.internal.reflect.NativeConstructorAccessorImpl.newInstance0(Native Method)
	at java.base/jdk.internal.reflect.NativeConstructorAccessorImpl.newInstance(NativeConstructorAccessorImpl.java:62)
	at java.base/jdk.internal.reflect.DelegatingConstructorAccessorImpl.newInstance(DelegatingConstructorAccessorImpl.java:45)
	at java.base/java.lang.reflect.Constructor.newInstance(Constructor.java:490)
	at ptolemy.util.test.junit.AutoKnownFailedTests.RunModel(AutoKnownFailedTests.java:105)
	at java.base/jdk.internal.reflect.NativeMethodAccessorImpl.invoke0(Native Method)
	at java.base/jdk.internal.reflect.NativeMethodAccessorImpl.invoke(NativeMethodAccessorImpl.java:62)
	at java.base/jdk.internal.reflect.DelegatingMethodAccessorImpl.invoke(DelegatingMethodAccessorImpl.java:43)
	at java.base/java.lang.reflect.Method.invoke(Method.java:566)
	at org.junit.runners.model.FrameworkMethod$1.runReflectiveCall(FrameworkMethod.java:44)
	at org.junit.internal.runners.model.ReflectiveCallable.run(ReflectiveCallable.java:15)
	at org.junit.runners.model.FrameworkMethod.invokeExplosively(FrameworkMethod.java:41)
	at junitparams.internal.InvokeParameterisedMethod.evaluate(InvokeParameterisedMethod.java:102)
	at org.junit.internal.runners.statements.FailOnTimeout$1.run(FailOnTimeout.java:28)
Caused by: ptolemy.kernel.util.IllegalActionException: TypeTest actor has no training data.
  in .sizedarray3.TypeTest
	at ptolemy.actor.lib.TypeTest.initialize(TypeTest.java:250)
	at ptolemy.actor.Director.initialize(Director.java:938)
	at ptolemy.actor.Director.initialize(Director.java:907)
	at ptolemy.actor.sched.StaticSchedulingDirector.initialize(StaticSchedulingDirector.java:159)
	at ptolemy.domains.sdf.kernel.SDFDirector.initialize(SDFDirector.java:544)
	at ptolemy.actor.CompositeActor.initialize(CompositeActor.java:935)
	at ptolemy.actor.Manager.initialize(Manager.java:724)
	at ptolemy.actor.Manager.execute(Manager.java:356)
	at ptolemy.actor.Manager.run(Manager.java:1263)
	at ptolemy.actor.Manager$PtolemyRunThread.run(Manager.java:1933)
]]></system-err>
</testsuite>
