<?xml version="1.0" encoding="UTF-8" ?>
<testsuite errors="1" failures="2" hostname="travis-job-b4b1f82c-a7d1-40ce-ad7e-ba52daf62ee2" name="ptolemy.actor.lib.test.junit.JUnitTclTest" skipped="0" tests="517" time="64.073" timestamp="2019-07-12T03:02:39">
  <properties>
    <property name="npm.executable" value="npm" />
    <property name="env.TRAVIS_ROOT" value="/" />
    <property name="ptII.mk.exists" value="true" />
    <property name="env.TRAVIS_APP_HOST" value="build.travis-ci.org" />
    <property name="env.rvm_bin_path" value="/home/travis/.rvm/bin" />
    <property name="java.home" value="/usr/local/lib/jvm/openjdk11" />
    <property name="env.TRAVIS_JOB_NUMBER" value="1219.8" />
    <property name="env.TRAVIS_HOME" value="/home/travis" />
    <property name="env.DISPLAY" value=":99.0" />
    <property name="env.TRAVIS_INIT" value="systemd" />
    <property name="env.SSH_TTY" value="/dev/pts/0" />
    <property name="java.net.preferIPv4Stack" value="true" />
    <property name="env.RUN_TESTS" value="true" />
    <property name="timeout.short" value="1000000" />
    <property name="junit.formatter" value="xml" />
    <property name="env.TRAVIS_SUDO" value="true" />
    <property name="env.TRAVIS_JOB_NAME" value="" />
    <property name="env.TRAVIS_STACK_NODE_ATTRIBUTES" value="/.node-attributes.yml" />
    <property name="env.LOGNAME" value="travis" />
    <property name="env.PT_TRAVIS_TEST_CORE1_XML" value="true" />
    <property name="jsdoc.home" value="node_modules/@terraswarm/jsdoc" />
    <property name="debuglevel" value="source,lines,vars" />
    <property name="checkstyle.formatter" value="xml" />
    <property name="env._system_version" value="16.04" />
    <property name="bin.vergil.makeable" value="true" />
    <property name="sun.os.patch.level" value="unknown" />
    <property name="java.vendor.url" value="http://java.oracle.com/" />
    <property name="env.TRAVIS_BUILD_WEB_URL" value="https://travis-ci.org/icyphy/ptII/builds/557639536" />
    <property name="java.version" value="11.0.2" />
    <property name="env.TZ" value="UTC" />
    <property name="env.TRAVIS_PULL_REQUEST_SHA" value="" />
    <property name="env.PT_NO_NET" value="true" />
    <property name="env.TRAVIS_SECURE_ENV_VARS" value="true" />
    <property name="env._system_type" value="Linux" />
    <property name="java.vendor.url.bug" value="http://bugreport.java.com/bugreport/" />
    <property name="npmjs-org-is-up" value="true" />
    <property name="env.LANGUAGE" value="en_US.UTF-8" />
    <property name="env.SSH_CLIENT" value="10.10.4.227 58748 22" />
    <property name="env.GEM_HOME" value="/home/travis/.rvm/gems/ruby-2.5.3" />
    <property name="env.HAS_ANTARES_THREE_LITTLE_FRONZIES_BADGE" value="true" />
    <property name="java.version.date" value="2019-01-15" />
    <property name="env.PS4" value="+" />
    <property name="ant.project.invoked-targets" value="build,test.core1.xml" />
    <property name="env.TRAVIS_PULL_REQUEST_BRANCH" value="" />
    <property name="env.TRAVIS_REPO_SLUG" value="icyphy/ptII" />
    <property name="env.XDG_DATA_DIRS" value="/usr/local/share:/usr/share:/var/lib/snapd/desktop" />
    <property name="jdk.debug" value="release" />
    <property name="env.TRAVIS_APT_PROXY" value="http://apt.cache.travis-ci.com" />
    <property name="node.in.path" value="true" />
    <property name="user.name" value="travis" />
    <property name="java.maxmemory" value="1400m" />
    <property name="env.RUBY_VERSION" value="ruby-2.5.3" />
    <property name="env.LANG" value="en_US.UTF-8" />
    <property name="sun.io.unicode.encoding" value="UnicodeLittle" />
    <property name="sun.jnu.encoding" value="UTF-8" />
    <property name="java.runtime.name" value="OpenJDK Runtime Environment" />
    <property name="usefile" value="false" />
    <property name="return.code" value="0" />
    <property name="junit.single.formatter" value="plain" />
    <property name="env.DYLD_LIBRARY_PATH" value="/home/travis/pthla/certi-tools/lib:" />
    <property name="env.DEBIAN_FRONTEND" value="noninteractive" />
    <property name="env.SSH_CONNECTION" value="10.10.4.227 58748 10.20.0.160 22" />
    <property name="env.MYSQL_UNIX_PORT" value="/var/run/mysqld/mysqld.sock" />
    <property name="env.LC_ALL" value="en_US.UTF-8" />
    <property name="env.TRAVIS_ALLOW_FAILURE" value="false" />
    <property name="env.TRAVIS_JOB_WEB_URL" value="https://travis-ci.org/icyphy/ptII/jobs/557639546" />
    <property name="java.specification.name" value="Java Platform API Specification" />
    <property name="node.works" value="true" />
    <property name="user.timezone" value="" />
    <property name="path.separator" value=":" />
    <property name="env.TRAVIS_ENABLE_INFRA_DETECTION" value="true" />
    <property name="env.PYTHON_CFLAGS" value="-g -fstack-protector --param=ssp-buffer-size=4 -Wformat -Werror=format-security" />
    <property name="timeout.long" value="4000000" />
    <property name="env.CERTI_HOME" value="/home/travis/pthla/certi-tools" />
    <property name="ant.file.ptII" value="/home/travis/build/icyphy/ptII/build.xml" />
    <property name="javadoc.packagenames" value="com.*,diva.*,lbnl.*,org.hlacerti.*,org.json.*,org.ptolemy.*,org.terraswarm.*,ptolemy.*,ptserver.*" />
    <property name="file.encoding" value="UTF-8" />
    <property name="env.TRAVIS_PULL_REQUEST_SLUG" value="" />
    <property name="ant.project.default-target" value="build" />
    <property name="env.GIT_ASKPASS" value="echo" />
    <property name="env.HOME" value="/home/travis" />
    <property name="sun.java.command" value="org.apache.tools.ant.taskdefs.optional.junit.JUnitTestRunner ptolemy.actor.lib.test.junit.JUnitTclTest skipNonTests=false filtertrace=true haltOnError=false haltOnFailure=false formatter=org.apache.tools.ant.taskdefs.optional.junit.OutErrSummaryJUnitResultFormatter showoutput=true outputtoformatters=true logfailedtests=true threadid=0 logtestlistenerevents=false formatter=org.apache.tools.ant.taskdefs.optional.junit.XMLJUnitResultFormatter,/home/travis/build/icyphy/ptII/reports/junit/TEST-ptolemy.actor.lib.test.junit.JUnitTclTest.xml crashfile=/home/travis/build/icyphy/ptII/junitvmwatcher10771734910128114287.properties propsfile=/home/travis/build/icyphy/ptII/junit5286128406003158376.properties" />
    <property name="env.COMPOSER_NO_INTERACTION" value="1" />
    <property name="env.MANPATH" value="/home/travis/.nvm/versions/node/v7.10.1/share/man:/home/travis/.rvm/rubies/ruby-2.5.3/share/man:/usr/local/cmake-3.12.4/man:/usr/local/clang-7.0.0/share/man:/usr/local/man:/usr/local/share/man:/usr/share/man:/home/travis/.rvm/man" />
    <property name="env.TRAVIS_TIMER_ID" value="005b354e" />
    <property name="ant.file" value="/home/travis/build/icyphy/ptII/build.xml" />
    <property name="env.TRAVIS_COMMIT_RANGE" value="1761129b32df...875cc99c84e8" />
    <property name="env._system_name" value="Ubuntu" />
    <property name="ptII.classpath.optional.property" value="/home/travis/build/icyphy/ptII/lib/bsh-2.0b4.jar:/home/travis/build/icyphy/ptII/lib/ptCal.jar:/home/travis/build/icyphy/ptII/lib/java_cup.jar:/home/travis/build/icyphy/ptII/lib/saxon8.jar:/home/travis/build/icyphy/ptII/lib/saxon8-dom.jar:/home/travis/build/icyphy/ptII/lib/chic.jar:/home/travis/build/icyphy/ptII/lib/ptcolt.jar:/home/travis/build/icyphy/ptII/vendors/misc/itext/iText.jar:/home/travis/build/icyphy/ptII/lib/g4ltl.jar:/home/travis/build/icyphy/ptII/lib/StructuralCoder.jar:/home/travis/build/icyphy/ptII/vendors/jai-1_1_2_01/lib/jai_core.jar:/home/travis/build/icyphy/ptII/vendors/jai-1_1_2_01/lib/jai_codec.jar:/home/travis/build/icyphy/ptII/lib/jcerti.jar:/home/travis/build/icyphy/ptII/lib/javax.mail.jar:/home/travis/build/icyphy/ptII/vendors/JMF-2.1.1e/lib/jmf.jar:/home/travis/build/icyphy/ptII/lib/jna-4.0.0-variadic.jar:/home/travis/build/icyphy/ptII/vendors/misc/joystick/Joystick.jar:/home/travis/build/icyphy/ptII/lib/ptjacl.jar:/home/travis/build/icyphy/ptII/lib/jsoup-1.8.2.jar:/home/travis/build/icyphy/ptII/lib/junit-4.8.2.jar:/home/travis/build/icyphy/ptII/lib/JUnitParams-0.4.0.jar:/home/travis/build/icyphy/ptII/ptolemy/actor/lib/excel/jxl.jar:/home/travis/build/icyphy/ptII/lib/jython.jar:/home/travis/build/icyphy/ptII/lib/kieler.jar:/home/travis/build/icyphy/ptII/vendors/opencv/share/OpenCV/java/opencv-341.jar:/home/travis/build/icyphy/ptII/lib/oscP5.jar:/home/travis/build/icyphy/ptII/lib/nrjavaserial-3.11.0.devel.jar:/home/travis/build/icyphy/ptII/vendors/j3d/lib/j3dcore.jar:/home/travis/build/icyphy/ptII/vendors/j3d/lib/j3dutils.jar:/home/travis/build/icyphy/ptII/vendors/j3d/lib/vecmath.jar:/home/travis/build/icyphy/ptII/ptolemy/distributed/jini/jar/jini-core.jar:/home/travis/build/icyphy/ptII/ptolemy/distributed/jini/jar/jini-ext.jar:/home/travis/build/icyphy/ptII/ptolemy/distributed/jini/jar/sun-util.jar:/home/travis/build/icyphy/ptII/lib/protobuf-java-2.4.1.jar:/home/travis/build/icyphy/ptII/lib/org.eclipse.paho.client.mqttv3.jar:/home/travis/build/icyphy/ptII/lib/mapss.jar:/home/travis/build/icyphy/ptII/ptolemy/actor/ptalon/antlr/antlr.jar:/home/travis/build/icyphy/ptII/lib/JRI.jar:/home/travis/build/icyphy/ptII/lib/commons-lang-2.6.jar:/home/travis/build/icyphy/ptII/lib/commons-logging-1.1.1.jar:/home/travis/build/icyphy/ptII/lib/sootclasses.jar:/home/travis/build/icyphy/ptII/ptolemy/actor/lib/database/mysql-connector-java-5.1.6-bin.jar:/home/travis/build/icyphy/ptII/vendors/misc/sphinx4/sphinx4-data-5prealpha.jar:/home/travis/build/icyphy/ptII/vendors/misc/sphinx4/sphinx4-core-5prealpha.jar:/home/travis/build/icyphy/ptII/lib/PDFRenderer.jar:/home/travis/build/icyphy/ptII/lib/svgSalamander.jar:/home/travis/build/icyphy/ptII/lib/rsyntaxtextarea-2.6.0-SNAPSHOT.jar:/home/travis/build/icyphy/ptII/lib/hazelcast-3.8.2.jar:/home/travis/build/icyphy/ptII/lib/jackson-annotations-2.9.0.jar:/home/travis/build/icyphy/ptII/lib/jackson-core-2.9.3.jar:/home/travis/build/icyphy/ptII/lib/jackson-databind-2.9.3.jar:/home/travis/build/icyphy/ptII/lib/netty-buffer-4.1.19.Final.jar:/home/travis/build/icyphy/ptII/lib/netty-codec-4.1.19.Final.jar:/home/travis/build/icyphy/ptII/lib/netty-codec-dns-4.1.19.Final.jar:/home/travis/build/icyphy/ptII/lib/netty-codec-http-4.1.19.Final.jar:/home/travis/build/icyphy/ptII/lib/netty-codec-http2-4.1.19.Final.jar:/home/travis/build/icyphy/ptII/lib/netty-common-4.1.19.Final.jar:/home/travis/build/icyphy/ptII/lib/netty-handler-4.1.19.Final.jar:/home/travis/build/icyphy/ptII/lib/netty-resolver-4.1.19.Final.jar:/home/travis/build/icyphy/ptII/lib/netty-resolver-dns-4.1.19.Final.jar:/home/travis/build/icyphy/ptII/lib/netty-transport-4.1.19.Final.jar:/home/travis/build/icyphy/ptII/lib/vertx-codegen-3.5.1.jar:/home/travis/build/icyphy/ptII/lib/vertx-core-3.5.2-SNAPSHOT.jar:/home/travis/build/icyphy/ptII/lib/vertx-hazelcast-3.5.1.jar:/home/travis/build/icyphy/ptII/lib/vertx-lang-js-3.5.1.jar:/home/travis/build/icyphy/ptII/lib/vertx-service-proxy-3.5.1.jar:/home/travis/build/icyphy/ptII/lib/vertx-web-3.5.1.jar:/home/travis/build/icyphy/ptII/lib/slf4j-api-1.7.13.jar:/home/travis/build/icyphy/ptII/lib/slf4j-simple-1.7.13.jar:/home/travis/build/icyphy/ptII/lib/webcam-capture-0.3.12.jar:/home/travis/build/icyphy/ptII/lib/bridj-0.7.0.jar:/home/travis/build/icyphy/ptII/lib/xbjlib-1.1.0.nrjavaserial.jar" />
    <property name="timeout" value="2400000" />
    <property name="test.batch" value="**/junit/*.java" />
    <property name="env._" value="/usr/bin/timeout" />
    <property name="java.io.tmpdir" value="/tmp" />
    <property name="user.language" value="en" />
    <property name="env.TRAVIS_INTERNAL_RUBY_REGEX" value="^ruby-(2\.[0-4]\.[0-9]|1\.9\.3)" />
    <property name="env.HISTCONTROL" value="ignoredups:ignorespace" />
    <property name="env.GOROOT" value="/home/travis/.gimme/versions/go1.11.1.linux.amd64" />
    <property name="line.separator" value="&#xa;" />
    <property name="target" value="11" />
    <property name="env.TRAVIS_BUILD_DIR" value="/home/travis/build/icyphy/ptII" />
    <property name="env.ANT_OPTS" value="-Xmx2048m" />
    <property name="ant.file.type" value="file" />
    <property name="ptolemy.ptII.batchMode" value="true" />
    <property name="env.HISTSIZE" value="1000" />
    <property name="env.MERB_ENV" value="test" />
    <property name="java.vm.info" value="mixed mode" />
    <property name="source" value="11" />
    <property name="java.vm.specification.name" value="Java Virtual Machine Specification" />
    <property name="env.TRAVIS_TEST_RESULT" value="0" />
    <property name="jsdoc.command" value="node_modules/@terraswarm/jsdoc/jsdoc.js" />
    <property name="npm.works" value="true" />
    <property name="cobertura.dir" value="/home/travis/build/icyphy/ptII/vendors/cobertura-2.0.3" />
    <property name="jsdoc.command.exists" value="true" />
    <property name="env.rvm_path" value="/home/travis/.rvm" />
    <property name="env.GEM_PATH" value="/home/travis/.rvm/gems/ruby-2.5.3:/home/travis/.rvm/gems/ruby-2.5.3@global" />
    <property name="env.LC_CTYPE" value="en_US.UTF-8" />
    <property name="env.TRAVIS_CMD" value="$PTII/bin/ptIITravisBuild.sh $SECONDS" />
    <property name="java.awt.printerjob" value="sun.print.PSPrinterJob" />
    <property name="env.TRAVIS_STACK_NAME" value="sardonyx" />
    <property name="env.TRAVIS_TIMER_START_TIME" value="1562899926133811756" />
    <property name="ant.version" value="Apache Ant(TM) version 1.10.1 compiled on February 2 2017" />
    <property name="ptII.reports" value="/home/travis/build/icyphy/ptII/reports" />
    <property name="env.TRAVIS_STACK_TIMESTAMP" value="2019-03-25 16:16:56 UTC" />
    <property name="ant.file.type.ptII" value="file" />
    <property name="env.RBENV_SHELL" value="bash" />
    <property name="os.name" value="Linux" />
    <property name="java.specification.vendor" value="Oracle Corporation" />
    <property name="env.rvm_version" value="1.29.7 (latest)" />
    <property name="env.TRAVIS_INFRA" value="gce" />
    <property name="env.TERM" value="xterm" />
    <property name="java.vm.name" value="OpenJDK 64-Bit Server VM" />
    <property name="env.TRAVIS_BUILD_NUMBER" value="1219" />
    <property name="env.CI" value="true" />
    <property name="java.library.path" value="/home/travis/pthla/certi-tools/lib:/usr/lib/jni:/usr/local/share/OpenCV/java/:/usr/share/OpenCV/java::/usr/java/packages/lib:/usr/lib64:/lib64:/lib:/usr/lib" />
    <property name="env.rvm_prefix" value="/home/travis" />
    <property name="env.PATH" value="/home/travis/pthla/certi-tools/share/scripts:/home/travis/.rvm/gems/ruby-2.5.3/bin:/home/travis/.rvm/gems/ruby-2.5.3@global/bin:/home/travis/.rvm/rubies/ruby-2.5.3/bin:/home/travis/.rvm/bin:/home/travis/.nvm/versions/node/v7.10.1/bin:./node_modules/.bin:/home/travis/build/icyphy/ptII/bin:/home/travis/pthla/certi-tools/bin:/home/travis/bin:/home/travis/.local/bin:/usr/local/lib/jvm/openjdk11/bin:/opt/pyenv/shims:/home/travis/.phpenv/shims:/home/travis/perl5/perlbrew/bin:/home/travis/gopath/bin:/home/travis/.gimme/versions/go1.11.1.linux.amd64/bin:/usr/local/maven-3.6.0/bin:/usr/local/cmake-3.12.4/bin:/usr/local/clang-7.0.0/bin:/usr/local/sbin:/usr/local/bin:/usr/sbin:/usr/bin:/sbin:/bin:/snap/bin:/home/travis/.phpenv/bin:/opt/pyenv/bin:/home/travis/.yarn/bin" />
    <property name="env.TRAVIS_OS_NAME" value="linux" />
    <property name="ant.java.version" value="9" />
    <property name="basedir" value="/home/travis/build/icyphy/ptII" />
    <property name="java.class.version" value="55.0" />
    <property name="env.SHLVL" value="3" />
    <property name="env.LD_LIBRARY_PATH" value="/home/travis/pthla/certi-tools/lib:/usr/lib/jni:/usr/local/share/OpenCV/java/:/usr/share/OpenCV/java:" />
    <property name="env.RACK_ENV" value="test" />
    <property name="ant.home" value="/home/travis/build/icyphy/ptII/ant" />
    <property name="env.NVM_DIR" value="/home/travis/.nvm" />
    <property name="env.CERTI_FOM_PATH" value="/home/travis/pthla/certi-tools/share/federations" />
    <property name="env.TRAVIS_BUILD_ID" value="557639536" />
    <property name="env.PYENV_ROOT" value="/opt/pyenv" />
    <property name="env.TRAVIS_UID" value="2000" />
    <property name="prism.verbose" value="true" />
    <property name="env.NVM_BIN" value="/home/travis/.nvm/versions/node/v7.10.1/bin" />
    <property name="env.TRAVIS_COMMIT" value="875cc99c84e86fab349e3a63fcb9373f6891ffbd" />
    <property name="env._system_arch" value="x86_64" />
    <property name="node.executable" value="node" />
    <property name="sun.boot.library.path" value="/usr/local/lib/jvm/openjdk11/lib" />
    <property name="sun.management.compiler" value="HotSpot 64-Bit Tiered Compilers" />
    <property name="java.awt.graphicsenv" value="sun.awt.X11GraphicsEnvironment" />
    <property name="env.GOPATH" value="/home/travis/gopath" />
    <property name="ptolemy.ptII.dir" value="/home/travis/build/icyphy/ptII" />
    <property name="env.USER" value="travis" />
    <property name="env.HISTFILESIZE" value="2000" />
    <property name="timeout.longest" value="19000000" />
    <property name="env.PERLBREW_SHELLRC_VERSION" value="0.86" />
    <property name="env.TRAVIS_STACK_FEATURES" value="basic couchdb disabled-ipv6 docker docker-compose elasticsearch firefox go-toolchain google-chrome jdk memcached mongodb mysql nodejs_interpreter perl_interpreter perlbrew phantomjs postgresql python_interpreter redis ruby_interpreter sqlite xserver" />
    <property name="env.TRAVIS_PULL_REQUEST" value="false" />
    <property name="env.PYENV_SHELL" value="bash" />
    <property name="ant.project.name" value="ptII" />
    <property name="env.ANSI_RESET" value="\033[0m" />
    <property name="java.vm.specification.version" value="11" />
    <property name="env.TRAVIS_DIST" value="xenial" />
    <property name="env.CERTI_VERSION" value="4.0.0" />
    <property name="env.CERTI_HOST" value="localhost" />
    <property name="awt.toolkit" value="sun.awt.X11.XToolkit" />
    <property name="env.MY_RUBY_HOME" value="/home/travis/.rvm/rubies/ruby-2.5.3" />
    <property name="sun.cpu.isalist" value="" />
    <property name="env.TRAVIS_TMPDIR" value="/tmp/tmp.Ljewt6d0Fv" />
    <property name="java.vm.compressedOopsMode" value="Zero based" />
    <property name="os.version" value="4.15.0-1028-gcp" />
    <property name="user.home" value="/home/travis" />
    <property name="java.vm.vendor" value="Oracle Corporation" />
    <property name="env.TRAVIS_TAG" value="nightly" />
    <property name="env.ANSI_YELLOW" value="\033[33;1m" />
    <property name="env.TRAVIS_FILTERED" value="redirect_io" />
    <property name="env.ANSI_GREEN" value="\033[32;1m" />
    <property name="env.JAVA_HOME" value="/usr/local/lib/jvm/openjdk11" />
    <property name="javadoc.excludepackagenames" value="adm.cvs2svn.*,build.*,config.*,doc.coding.templates.*,jni.test.jni.meaningOfLife.*,jni.test.jni.testDeux.*,jni.test.jni.testTrois.*,org.terraswarm.accessor.accessors.web.node_modules.*,org.terraswarm.accessor.accessors.web.hosts.cordova.demo.*,org.terraswarm.accessor.accessors.web.hosts.cordova.plugins.*,org.terraswarm.accessor.accessors-svn.*,pt-modules.*,ptolemy.apps.agilent.*,ptolemy.apps.anytimecontrol.*,ptolemy.apps.apes.*,ptolemy.apps.charon.*,ptolemy.apps.crazyboard.*,ptolemy.apps.eclipse.*,ptolemy.apps.etherealSting.*,ptolemy.apps.fullscreen.*,ptolemy.apps.giotto.*,ptolemy.apps.ia.*,ptolemy.apps.interfaces.*,ptolemy.apps.jmf.*,ptolemy.apps.kurt.*,ptolemy.apps.kvm.*,ptolemy.apps.lego.*,ptolemy.apps.lejos.*,ptolemy.apps.midp.*,ptolemy.apps.mobileCoding.*,ptolemy.apps.pendulum.*,ptolemy.apps.rijndael.*,ptolemy.apps.robot.*,ptolemy.apps.security.*,ptolemy.apps.sobel.*,ptolemy.apps.soot.*,ptolemy.apps.throttle.*,ptolemy.apps.tini.*,ptolemy.apps.transmission.*,ptolemy.apps.vergil.*,ptolemy.apps.waba.*,ptolemy.apps.websensor.*,ptolemy.apps.webstart.*,ptolemy.apps.xsl.*,ptolemy.apps.zaurus.*,ptolemy.codegen.c.actor.lib.oldJavaFiles.*,ptolemy.codegen.dsp.lib.*,ptolemy.codegen.kernel.newInterfaces.*,ptolemy.codegen.lib.*,ptolemy.copernicus.kernel.fragment.*,ptolemy.copernicus.shallow.cg.*,ptolemy.domains.giotto.demo.Hierarchy.Hierarchy.*,ptolemy.domains.giotto.demo.Multimode.Multimode.*,ptolemy.domains.giotto.demo.Simple.Simple.*,ptolemy.domains.gr.lib.experimental.*,ptolemy.domains.gro.*,ptolemy.domains.pdf.*,ptolemy.domains.ptinyos.demo.Surge.output.*,ptolemy.moml.test.NoPackageActor.java*,ptolemy.plot.adm.*,ptolemy.plot.servlet.*,reports.*,signed.*,src.*,target.*,vendors.*,ptolemy.copernicus.applet.*,ptolemy.media.viewer.*,ptolemy.actor.corba.*,doc.doclets.*,ptolemy.apps.eclipse.awt.*,ptolemy.backtrack.*,ptolemy.backtrack.ast.*,ptolemy.cg.adapter.generic.program.procedural.c.mbed*,ptolemy.homer.*,ptolemy.actor.lib.jjs.modules.audio.*,org.ptolemy.scala.*,diva.util.java2d.svg.*,ptolemy.domains.ptinyos.*,ptolemy.actor.lib.fmi.fmipp.*,,org.terraswarm.accessor.accessors.web.node_modules.*,org.terraswarm.accessor.accessors-svn,ptolemy.apps.*,ptolemy.actor.ptalon.demo.ptinyos.SendAndReceiveCnt.output,ptolemy.actor.ptalon.demo.ptinyos.SenseToLeds.output,ptolemy.domains.ptinyos.demo.CntToLedsAndRfm.output,ptolemy.domains.ptinyos.demo.RfmToLeds.output,ptolemy.domains.ptinyos.demo.SendAndReceiveCnt.output,ptolemy.domains.ptinyos.demo.SenseToLeds.output,ptolemy.actor.lib.jjs.modules.udpSocket.*" />
    <property name="env.PTII" value="/home/travis/build/icyphy/ptII" />
    <property name="env.XDG_SESSION_ID" value="2" />
    <property name="keystore" value="ptKeystore" />
    <property name="env.TRAVIS_COMMIT_MESSAGE" value="Still working on getting JavaFX download." />
    <property name="junit.output.dir" value="/home/travis/build/icyphy/ptII/reports/junit" />
    <property name="npm.return.code" value="0" />
    <property name="user.dir" value="/home/travis/build/icyphy/ptII/ptolemy/actor/lib/test" />
    <property name="env.TRAVIS_NODE_VERSION" value="7" />
    <property name="env.TRAVIS_EVENT_TYPE" value="push" />
    <property name="env.MAIL" value="/var/mail/travis" />
    <property name="env.PERLBREW_ROOT" value="/home/travis/perl5/perlbrew" />
    <property name="env.PWD" value="/home/travis/build/icyphy/ptII" />
    <property name="timeout.npm" value="45000" />
    <property name="env.TRAVIS_ARCH" value="amd64" />
    <property name="sun.cpu.endian" value="little" />
    <property name="env.PAGER" value="cat" />
    <property name="env.TRAVIS_BUILD_STAGE_NAME" value="Test" />
    <property name="env.PERLBREW_HOME" value="/home/travis/.perlbrew" />
    <property name="java.vm.version" value="11.0.2+9" />
    <property name="env.RAILS_ENV" value="test" />
    <property name="java.class.path" value="/home/travis/.ptolemyII:/home/travis/.ptolemyII/*:/home/travis/build/icyphy/ptII:/home/travis/build/icyphy/ptII/lib/bsh-2.0b4.jar:/home/travis/build/icyphy/ptII/lib/ptCal.jar:/home/travis/build/icyphy/ptII/lib/java_cup.jar:/home/travis/build/icyphy/ptII/lib/saxon8.jar:/home/travis/build/icyphy/ptII/lib/saxon8-dom.jar:/home/travis/build/icyphy/ptII/lib/chic.jar:/home/travis/build/icyphy/ptII/lib/ptcolt.jar:/home/travis/build/icyphy/ptII/vendors/misc/itext/iText.jar:/home/travis/build/icyphy/ptII/lib/g4ltl.jar:/home/travis/build/icyphy/ptII/lib/StructuralCoder.jar:/home/travis/build/icyphy/ptII/vendors/jai-1_1_2_01/lib/jai_core.jar:/home/travis/build/icyphy/ptII/vendors/jai-1_1_2_01/lib/jai_codec.jar:/home/travis/build/icyphy/ptII/lib/jcerti.jar:/home/travis/build/icyphy/ptII/lib/javax.mail.jar:/home/travis/build/icyphy/ptII/vendors/JMF-2.1.1e/lib/jmf.jar:/home/travis/build/icyphy/ptII/lib/jna-4.0.0-variadic.jar:/home/travis/build/icyphy/ptII/vendors/misc/joystick/Joystick.jar:/home/travis/build/icyphy/ptII/lib/ptjacl.jar:/home/travis/build/icyphy/ptII/lib/jsoup-1.8.2.jar:/home/travis/build/icyphy/ptII/lib/junit-4.8.2.jar:/home/travis/build/icyphy/ptII/lib/JUnitParams-0.4.0.jar:/home/travis/build/icyphy/ptII/ptolemy/actor/lib/excel/jxl.jar:/home/travis/build/icyphy/ptII/lib/jython.jar:/home/travis/build/icyphy/ptII/lib/kieler.jar:/home/travis/build/icyphy/ptII/vendors/opencv/share/OpenCV/java/opencv-341.jar:/home/travis/build/icyphy/ptII/lib/oscP5.jar:/home/travis/build/icyphy/ptII/lib/nrjavaserial-3.11.0.devel.jar:/home/travis/build/icyphy/ptII/vendors/j3d/lib/j3dcore.jar:/home/travis/build/icyphy/ptII/vendors/j3d/lib/j3dutils.jar:/home/travis/build/icyphy/ptII/vendors/j3d/lib/vecmath.jar:/home/travis/build/icyphy/ptII/ptolemy/distributed/jini/jar/jini-core.jar:/home/travis/build/icyphy/ptII/ptolemy/distributed/jini/jar/jini-ext.jar:/home/travis/build/icyphy/ptII/ptolemy/distributed/jini/jar/sun-util.jar:/home/travis/build/icyphy/ptII/lib/protobuf-java-2.4.1.jar:/home/travis/build/icyphy/ptII/lib/org.eclipse.paho.client.mqttv3.jar:/home/travis/build/icyphy/ptII/lib/mapss.jar:/home/travis/build/icyphy/ptII/ptolemy/actor/ptalon/antlr/antlr.jar:/home/travis/build/icyphy/ptII/lib/JRI.jar:/home/travis/build/icyphy/ptII/lib/commons-lang-2.6.jar:/home/travis/build/icyphy/ptII/lib/commons-logging-1.1.1.jar:/home/travis/build/icyphy/ptII/lib/sootclasses.jar:/home/travis/build/icyphy/ptII/ptolemy/actor/lib/database/mysql-connector-java-5.1.6-bin.jar:/home/travis/build/icyphy/ptII/vendors/misc/sphinx4/sphinx4-data-5prealpha.jar:/home/travis/build/icyphy/ptII/vendors/misc/sphinx4/sphinx4-core-5prealpha.jar:/home/travis/build/icyphy/ptII/lib/PDFRenderer.jar:/home/travis/build/icyphy/ptII/lib/svgSalamander.jar:/home/travis/build/icyphy/ptII/lib/rsyntaxtextarea-2.6.0-SNAPSHOT.jar:/home/travis/build/icyphy/ptII/lib/hazelcast-3.8.2.jar:/home/travis/build/icyphy/ptII/lib/jackson-annotations-2.9.0.jar:/home/travis/build/icyphy/ptII/lib/jackson-core-2.9.3.jar:/home/travis/build/icyphy/ptII/lib/jackson-databind-2.9.3.jar:/home/travis/build/icyphy/ptII/lib/netty-buffer-4.1.19.Final.jar:/home/travis/build/icyphy/ptII/lib/netty-codec-4.1.19.Final.jar:/home/travis/build/icyphy/ptII/lib/netty-codec-dns-4.1.19.Final.jar:/home/travis/build/icyphy/ptII/lib/netty-codec-http-4.1.19.Final.jar:/home/travis/build/icyphy/ptII/lib/netty-codec-http2-4.1.19.Final.jar:/home/travis/build/icyphy/ptII/lib/netty-common-4.1.19.Final.jar:/home/travis/build/icyphy/ptII/lib/netty-handler-4.1.19.Final.jar:/home/travis/build/icyphy/ptII/lib/netty-resolver-4.1.19.Final.jar:/home/travis/build/icyphy/ptII/lib/netty-resolver-dns-4.1.19.Final.jar:/home/travis/build/icyphy/ptII/lib/netty-transport-4.1.19.Final.jar:/home/travis/build/icyphy/ptII/lib/vertx-codegen-3.5.1.jar:/home/travis/build/icyphy/ptII/lib/vertx-core-3.5.2-SNAPSHOT.jar:/home/travis/build/icyphy/ptII/lib/vertx-hazelcast-3.5.1.jar:/home/travis/build/icyphy/ptII/lib/vertx-lang-js-3.5.1.jar:/home/travis/build/icyphy/ptII/lib/vertx-service-proxy-3.5.1.jar:/home/travis/build/icyphy/ptII/lib/vertx-web-3.5.1.jar:/home/travis/build/icyphy/ptII/lib/slf4j-api-1.7.13.jar:/home/travis/build/icyphy/ptII/lib/slf4j-simple-1.7.13.jar:/home/travis/build/icyphy/ptII/lib/webcam-capture-0.3.12.jar:/home/travis/build/icyphy/ptII/lib/bridj-0.7.0.jar:/home/travis/build/icyphy/ptII/lib/xbjlib-1.1.0.nrjavaserial.jar:/home/travis/build/icyphy/ptII/ptolemy/moml/test:/home/travis/build/icyphy/ptII/ant/lib/ant-launcher.jar:/home/travis/build/icyphy/ptII/ant/lib/ant.jar:/home/travis/build/icyphy/ptII/ant/lib/ant-junit.jar:/home/travis/build/icyphy/ptII/ant/lib/ant-junit4.jar" />
    <property name="ant.library.dir" value="/home/travis/build/icyphy/ptII/ant/lib" />
    <property name="os.arch" value="amd64" />
    <property name="env.CONTINUOUS_INTEGRATION" value="true" />
    <property name="env.TRAVIS_LANGUAGE" value="node_js" />
    <property name="env.TRAVIS_STACK_LANGUAGES" value="__sardonyx__ c c++ clojure cplusplus cpp default generic go groovy java node_js php pure_java python ruby scala" />
    <property name="test.name" value="ptolemy.actor.lib.test.junit.JUnitTclTest" />
    <property name="env.APT_KEY_DONT_WARN_ON_DANGEROUS_USAGE" value="1" />
    <property name="sun.java.launcher" value="SUN_STANDARD" />
    <property name="env.PYTHON_CONFIGURE_OPTS" value="--enable-unicode=ucs4 --with-wide-unicode --enable-shared --enable-ipv6 --enable-loadable-sqlite-extensions --with-computed-gotos" />
    <property name="ant.core.lib" value="/home/travis/build/icyphy/ptII/ant/lib/ant.jar" />
    <property name="java.vm.specification.vendor" value="Oracle Corporation" />
    <property name="env.BCVTB_HOME" value="/home/travis/build/icyphy/ptII/lbnl" />
    <property name="file.separator" value="/" />
    <property name="spotbugs.home" value="/home/travis/build/icyphy/ptII/vendors/spotbugs-3.1.1" />
    <property name="java.runtime.version" value="11.0.2+9" />
    <property name="env.ANSI_CLEAR" value="\033[0K" />
    <property name="javafx.verbose" value="true" />
    <property name="env.HAS_JOSH_K_SEAL_OF_APPROVAL" value="true" />
    <property name="env.XDG_RUNTIME_DIR" value="/run/user/2000" />
    <property name="env.TRAVIS_OSX_IMAGE" value="" />
    <property name="env.TRAVIS_JOB_ID" value="557639546" />
    <property name="env.TRAVIS_BRANCH" value="master" />
    <property name="user.country" value="US" />
    <property name="env.CERTI_HOME_TRAVIS" value="/home/travis/pthla/certi-tools" />
    <property name="env.SHELL" value="/bin/bash" />
    <property name="java.maxmemory.large" value="5000m" />
    <property name="model" value="" />
    <property name="env.CASHER_DIR" value="/home/travis/.casher" />
    <property name="env.NVM_CD_FLAGS" value="" />
    <property name="java.vendor.version" value="18.9" />
    <property name="jshint.executable" value="/home/travis/node_modules/jshint/bin/jshint" />
    <property name="env.JRUBY_OPTS" value=" --client -J-XX:+TieredCompilation -J-XX:TieredStopAtLevel=1 -J-Xss2m -Xcompile.invokedynamic=false" />
    <property name="java.vendor" value="Oracle Corporation" />
    <property name="env.TRAVIS_PRE_CHEF_BOOTSTRAP_TIME" value="2019-03-25T16:16:42" />
    <property name="env.TRAVIS_STACK_JOB_BOARD_REGISTER" value="/.job-board-register.yml" />
    <property name="env.ANSI_RED" value="\033[31;1m" />
    <property name="java.specification.version" value="11" />
    <property name="env.IRBRC" value="/home/travis/.rvm/rubies/ruby-2.5.3/.irbrc" />
    <property name="env.TRAVIS" value="true" />
    <property name="sun.arch.data.model" value="64" />
  </properties>
  <testcase classname="ptolemy.util.test.junit.TclTests" name="[0] /home/travis/build/icyphy/ptII/ptolemy/actor/lib/test/AbsoluteValue.tcl (RunTclFile)" time="0.521" />
  <testcase classname="ptolemy.util.test.junit.TclTests" name="[1] /home/travis/build/icyphy/ptII/ptolemy/actor/lib/test/AddSubtract.tcl (RunTclFile)" time="0.114" />
  <testcase classname="ptolemy.util.test.junit.TclTests" name="[2] /home/travis/build/icyphy/ptII/ptolemy/actor/lib/test/Average.tcl (RunTclFile)" time="0.033" />
  <testcase classname="ptolemy.util.test.junit.TclTests" name="[3] /home/travis/build/icyphy/ptII/ptolemy/actor/lib/test/Bernoulli.tcl (RunTclFile)" time="0.019" />
  <testcase classname="ptolemy.util.test.junit.TclTests" name="[4] /home/travis/build/icyphy/ptII/ptolemy/actor/lib/test/Clock.tcl (RunTclFile)" time="0.063" />
  <testcase classname="ptolemy.util.test.junit.TclTests" name="[5] /home/travis/build/icyphy/ptII/ptolemy/actor/lib/test/Commutator.tcl (RunTclFile)" time="0.231">
    <failure message="Number of failed tests is has increased. expected:&lt;0&gt; but was:&lt;1&gt;" type="junit.framework.AssertionFailedError">junit.framework.AssertionFailedError: Number of failed tests is has increased. expected:&lt;0&gt; but was:&lt;1&gt;
	at ptolemy.util.test.junit.TclTests.RunTclFile(TclTests.java:286)
	at java.base/jdk.internal.reflect.NativeMethodAccessorImpl.invoke0(Native Method)
	at java.base/jdk.internal.reflect.NativeMethodAccessorImpl.invoke(NativeMethodAccessorImpl.java:62)
	at java.base/jdk.internal.reflect.DelegatingMethodAccessorImpl.invoke(DelegatingMethodAccessorImpl.java:43)
	at junitparams.internal.InvokeParameterisedMethod.evaluate(InvokeParameterisedMethod.java:102)
	at junitparams.internal.ParameterisedTestMethodRunner.runMethodInvoker(ParameterisedTestMethodRunner.java:47)
	at junitparams.internal.ParameterisedTestMethodRunner.runTestMethod(ParameterisedTestMethodRunner.java:41)
	at junitparams.internal.ParameterisedTestClassRunner.runParameterisedTest(ParameterisedTestClassRunner.java:143)
	at junitparams.JUnitParamsRunner.runChild(JUnitParamsRunner.java:237)
	at junitparams.JUnitParamsRunner.runChild(JUnitParamsRunner.java:215)
</failure>
  </testcase>
  <testcase classname="ptolemy.util.test.junit.TclTests" name="[6] /home/travis/build/icyphy/ptII/ptolemy/actor/lib/test/Const.tcl (RunTclFile)" time="0.078" />
  <testcase classname="ptolemy.util.test.junit.TclTests" name="[7] /home/travis/build/icyphy/ptII/ptolemy/actor/lib/test/CurrentTime.tcl (RunTclFile)" time="0.024" />
  <testcase classname="ptolemy.util.test.junit.TclTests" name="[8] /home/travis/build/icyphy/ptII/ptolemy/actor/lib/test/DB.tcl (RunTclFile)" time="0.046" />
  <testcase classname="ptolemy.util.test.junit.TclTests" name="[9] /home/travis/build/icyphy/ptII/ptolemy/actor/lib/test/DiscreteRandomSource.tcl (RunTclFile)" time="0.051" />
  <testcase classname="ptolemy.util.test.junit.TclTests" name="[10] /home/travis/build/icyphy/ptII/ptolemy/actor/lib/test/Distributor.tcl (RunTclFile)" time="0.075" />
  <testcase classname="ptolemy.util.test.junit.TclTests" name="[11] /home/travis/build/icyphy/ptII/ptolemy/actor/lib/test/Exit.tcl (RunTclFile)" time="0.119" />
  <testcase classname="ptolemy.util.test.junit.TclTests" name="[12] /home/travis/build/icyphy/ptII/ptolemy/actor/lib/test/Expression.tcl (RunTclFile)" time="0.124" />
  <testcase classname="ptolemy.util.test.junit.TclTests" name="[13] /home/travis/build/icyphy/ptII/ptolemy/actor/lib/test/Gaussian.tcl (RunTclFile)" time="0.807" />
  <testcase classname="ptolemy.util.test.junit.TclTests" name="[14] /home/travis/build/icyphy/ptII/ptolemy/actor/lib/test/IIR.tcl (RunTclFile)" time="0.037" />
  <testcase classname="ptolemy.util.test.junit.TclTests" name="[15] /home/travis/build/icyphy/ptII/ptolemy/actor/lib/test/Interpolator.tcl (RunTclFile)" time="0.097" />
  <testcase classname="ptolemy.util.test.junit.TclTests" name="[16] /home/travis/build/icyphy/ptII/ptolemy/actor/lib/test/MathFunction.tcl (RunTclFile)" time="0.062" />
  <testcase classname="ptolemy.util.test.junit.TclTests" name="[17] /home/travis/build/icyphy/ptII/ptolemy/actor/lib/test/Maximum.tcl (RunTclFile)" time="0.031" />
  <testcase classname="ptolemy.util.test.junit.TclTests" name="[18] /home/travis/build/icyphy/ptII/ptolemy/actor/lib/test/Minimum.tcl (RunTclFile)" time="0.033" />
  <testcase classname="ptolemy.util.test.junit.TclTests" name="[19] /home/travis/build/icyphy/ptII/ptolemy/actor/lib/test/MultiplyDivide.tcl (RunTclFile)" time="0.043" />
  <testcase classname="ptolemy.util.test.junit.TclTests" name="[20] /home/travis/build/icyphy/ptII/ptolemy/actor/lib/test/OrderedMerge.tcl (RunTclFile)" time="0.122" />
  <testcase classname="ptolemy.util.test.junit.TclTests" name="[21] /home/travis/build/icyphy/ptII/ptolemy/actor/lib/test/Publisher.tcl (RunTclFile)" time="0.875" />
  <testcase classname="ptolemy.util.test.junit.TclTests" name="[22] /home/travis/build/icyphy/ptII/ptolemy/actor/lib/test/Pulse.tcl (RunTclFile)" time="0.076" />
  <testcase classname="ptolemy.util.test.junit.TclTests" name="[23] /home/travis/build/icyphy/ptII/ptolemy/actor/lib/test/Ramp.tcl (RunTclFile)" time="2.254" />
  <testcase classname="ptolemy.util.test.junit.TclTests" name="[24] /home/travis/build/icyphy/ptII/ptolemy/actor/lib/test/RampContinuous.tcl (RunTclFile)" time="0.019" />
  <testcase classname="ptolemy.util.test.junit.TclTests" name="[25] /home/travis/build/icyphy/ptII/ptolemy/actor/lib/test/RecordAssembler.tcl (RunTclFile)" time="0.017" />
  <testcase classname="ptolemy.util.test.junit.TclTests" name="[26] /home/travis/build/icyphy/ptII/ptolemy/actor/lib/test/RecordDisassembler.tcl (RunTclFile)" time="0.021" />
  <testcase classname="ptolemy.util.test.junit.TclTests" name="[27] /home/travis/build/icyphy/ptII/ptolemy/actor/lib/test/Scale.tcl (RunTclFile)" time="0.017" />
  <testcase classname="ptolemy.util.test.junit.TclTests" name="[28] /home/travis/build/icyphy/ptII/ptolemy/actor/lib/test/SequentialClock.tcl (RunTclFile)" time="0.012" />
  <testcase classname="ptolemy.util.test.junit.TclTests" name="[29] /home/travis/build/icyphy/ptII/ptolemy/actor/lib/test/SetVariable.tcl (RunTclFile)" time="0.019">
    <failure message="Number of failed tests is has increased. expected:&lt;1&gt; but was:&lt;2&gt;" type="junit.framework.AssertionFailedError">junit.framework.AssertionFailedError: Number of failed tests is has increased. expected:&lt;1&gt; but was:&lt;2&gt;
	at ptolemy.util.test.junit.TclTests.RunTclFile(TclTests.java:286)
	at jdk.internal.reflect.GeneratedMethodAccessor19.invoke(Unknown Source)
	at java.base/jdk.internal.reflect.DelegatingMethodAccessorImpl.invoke(DelegatingMethodAccessorImpl.java:43)
	at junitparams.internal.InvokeParameterisedMethod.evaluate(InvokeParameterisedMethod.java:102)
	at junitparams.internal.ParameterisedTestMethodRunner.runMethodInvoker(ParameterisedTestMethodRunner.java:47)
	at junitparams.internal.ParameterisedTestMethodRunner.runTestMethod(ParameterisedTestMethodRunner.java:41)
	at junitparams.internal.ParameterisedTestClassRunner.runParameterisedTest(ParameterisedTestClassRunner.java:143)
	at junitparams.JUnitParamsRunner.runChild(JUnitParamsRunner.java:237)
	at junitparams.JUnitParamsRunner.runChild(JUnitParamsRunner.java:215)
</failure>
  </testcase>
  <testcase classname="ptolemy.util.test.junit.TclTests" name="[30] /home/travis/build/icyphy/ptII/ptolemy/actor/lib/test/Sinewave.tcl (RunTclFile)" time="0.026" />
  <testcase classname="ptolemy.util.test.junit.TclTests" name="[31] /home/travis/build/icyphy/ptII/ptolemy/actor/lib/test/SubscriptionAggregator.tcl (RunTclFile)" time="2.277" />
  <testcase classname="ptolemy.util.test.junit.TclTests" name="[32] /home/travis/build/icyphy/ptII/ptolemy/actor/lib/test/Test.tcl (RunTclFile)" time="0.129" />
  <testcase classname="ptolemy.util.test.junit.TclTests" name="[33] /home/travis/build/icyphy/ptII/ptolemy/actor/lib/test/TestExceptionHandler.tcl (RunTclFile)" time="0.011" />
  <testcase classname="ptolemy.util.test.junit.TclTests" name="[34] /home/travis/build/icyphy/ptII/ptolemy/actor/lib/test/UnionDisassembler.tcl (RunTclFile)" time="0.046" />
  <testcase classname="ptolemy.util.test.junit.TclTests" name="[35] /home/travis/build/icyphy/ptII/ptolemy/actor/lib/test/VariableClock.tcl (RunTclFile)" time="0.019" />
  <testcase classname="ptolemy.util.test.junit.AutoKnownFailedTests" name="[0] /home/travis/build/icyphy/ptII/ptolemy/actor/lib/test/auto/knownFailedTests/PublisherPortToplevelSubscriber.xml (RunModel)" time="0.035" />
  <testcase classname="ptolemy.util.test.junit.AutoKnownFailedTests" name="[1] /home/travis/build/icyphy/ptII/ptolemy/actor/lib/test/auto/knownFailedTests/PublisherSubscriberPortToplevel.xml (RunModel)" time="0.022" />
  <testcase classname="ptolemy.util.test.junit.AutoKnownFailedTests" name="[2] /home/travis/build/icyphy/ptII/ptolemy/actor/lib/test/auto/knownFailedTests/PublisherSubscriptionAggregatorPort.xml (RunModel)" time="0.018" />
  <testcase classname="ptolemy.util.test.junit.AutoKnownFailedTests" name="[3] /home/travis/build/icyphy/ptII/ptolemy/actor/lib/test/auto/knownFailedTests/sizedarray3.xml (RunModel)" time="0.034" />
  <testcase classname="ptolemy.util.test.junit.AutoNameArchTests" name="[0] ThereAreNoAutoArchTests (RunModel)" time="0.005" />
  <testcase classname="ptolemy.util.test.junit.AutoTests" name="[0] /home/travis/build/icyphy/ptII/ptolemy/actor/lib/test/auto/AbsoluteValue.xml (RunModel)" time="0.118" />
  <testcase classname="ptolemy.util.test.junit.AutoTests" name="[1] /home/travis/build/icyphy/ptII/ptolemy/actor/lib/test/auto/AbsoluteValue2.xml (RunModel)" time="0.067" />
  <testcase classname="ptolemy.util.test.junit.AutoTests" name="[2] /home/travis/build/icyphy/ptII/ptolemy/actor/lib/test/auto/Accumulator.xml (RunModel)" time="0.067" />
  <testcase classname="ptolemy.util.test.junit.AutoTests" name="[3] /home/travis/build/icyphy/ptII/ptolemy/actor/lib/test/auto/Accumulator2.xml (RunModel)" time="0.019" />
  <testcase classname="ptolemy.util.test.junit.AutoTests" name="[4] /home/travis/build/icyphy/ptII/ptolemy/actor/lib/test/auto/Accumulator3.xml (RunModel)" time="0.02" />
  <testcase classname="ptolemy.util.test.junit.AutoTests" name="[5] /home/travis/build/icyphy/ptII/ptolemy/actor/lib/test/auto/ArrayAppend.xml (RunModel)" time="0.028" />
  <testcase classname="ptolemy.util.test.junit.AutoTests" name="[6] /home/travis/build/icyphy/ptII/ptolemy/actor/lib/test/auto/ArrayAppend2.xml (RunModel)" time="0.501" />
  <testcase classname="ptolemy.util.test.junit.AutoTests" name="[7] /home/travis/build/icyphy/ptII/ptolemy/actor/lib/test/auto/ArrayAppend3.xml (RunModel)" time="0.056" />
  <testcase classname="ptolemy.util.test.junit.AutoTests" name="[8] /home/travis/build/icyphy/ptII/ptolemy/actor/lib/test/auto/ArrayAppend4.xml (RunModel)" time="0.024" />
  <testcase classname="ptolemy.util.test.junit.AutoTests" name="[9] /home/travis/build/icyphy/ptII/ptolemy/actor/lib/test/auto/ArrayAppend5.xml (RunModel)" time="0.018" />
  <testcase classname="ptolemy.util.test.junit.AutoTests" name="[10] /home/travis/build/icyphy/ptII/ptolemy/actor/lib/test/auto/ArrayAppend6.xml (RunModel)" time="0.027" />
  <testcase classname="ptolemy.util.test.junit.AutoTests" name="[11] /home/travis/build/icyphy/ptII/ptolemy/actor/lib/test/auto/ArrayAppendPerformanceTest.xml (RunModel)" time="0.07" />
  <testcase classname="ptolemy.util.test.junit.AutoTests" name="[12] /home/travis/build/icyphy/ptII/ptolemy/actor/lib/test/auto/ArrayAppendWithEmptyInput.xml (RunModel)" time="0.057" />
  <testcase classname="ptolemy.util.test.junit.AutoTests" name="[13] /home/travis/build/icyphy/ptII/ptolemy/actor/lib/test/auto/ArrayAverage.xml (RunModel)" time="0.058" />
  <testcase classname="ptolemy.util.test.junit.AutoTests" name="[14] /home/travis/build/icyphy/ptII/ptolemy/actor/lib/test/auto/ArrayContains.xml (RunModel)" time="0.034" />
  <testcase classname="ptolemy.util.test.junit.AutoTests" name="[15] /home/travis/build/icyphy/ptII/ptolemy/actor/lib/test/auto/ArrayElement.xml (RunModel)" time="0.028" />
  <testcase classname="ptolemy.util.test.junit.AutoTests" name="[16] /home/travis/build/icyphy/ptII/ptolemy/actor/lib/test/auto/ArrayElementAsMatrix.xml (RunModel)" time="0.073" />
  <testcase classname="ptolemy.util.test.junit.AutoTests" name="[17] /home/travis/build/icyphy/ptII/ptolemy/actor/lib/test/auto/ArrayElementI.xml (RunModel)" time="0.019" />
  <testcase classname="ptolemy.util.test.junit.AutoTests" name="[18] /home/travis/build/icyphy/ptII/ptolemy/actor/lib/test/auto/ArrayExtract.xml (RunModel)" time="0.027" />
  <testcase classname="ptolemy.util.test.junit.AutoTests" name="[19] /home/travis/build/icyphy/ptII/ptolemy/actor/lib/test/auto/ArrayExtract2.xml (RunModel)" time="0.016" />
  <testcase classname="ptolemy.util.test.junit.AutoTests" name="[20] /home/travis/build/icyphy/ptII/ptolemy/actor/lib/test/auto/ArrayLength.xml (RunModel)" time="0.012" />
  <testcase classname="ptolemy.util.test.junit.AutoTests" name="[21] /home/travis/build/icyphy/ptII/ptolemy/actor/lib/test/auto/ArrayLevelCrossing.xml (RunModel)" time="0.023" />
  <testcase classname="ptolemy.util.test.junit.AutoTests" name="[22] /home/travis/build/icyphy/ptII/ptolemy/actor/lib/test/auto/ArrayLevelCrossing2.xml (RunModel)" time="0.024" />
  <testcase classname="ptolemy.util.test.junit.AutoTests" name="[23] /home/travis/build/icyphy/ptII/ptolemy/actor/lib/test/auto/ArrayPeakSearch.xml (RunModel)" time="0.036" />
  <testcase classname="ptolemy.util.test.junit.AutoTests" name="[24] /home/travis/build/icyphy/ptII/ptolemy/actor/lib/test/auto/ArrayPeakSearch2.xml (RunModel)" time="0.033" />
  <testcase classname="ptolemy.util.test.junit.AutoTests" name="[25] /home/travis/build/icyphy/ptII/ptolemy/actor/lib/test/auto/ArrayPeakSearch3.xml (RunModel)" time="0.031" />
  <testcase classname="ptolemy.util.test.junit.AutoTests" name="[26] /home/travis/build/icyphy/ptII/ptolemy/actor/lib/test/auto/ArrayRemoveElement.xml (RunModel)" time="0.044" />
  <testcase classname="ptolemy.util.test.junit.AutoTests" name="[27] /home/travis/build/icyphy/ptII/ptolemy/actor/lib/test/auto/ArraySort.xml (RunModel)" time="0.05" />
  <testcase classname="ptolemy.util.test.junit.AutoTests" name="[28] /home/travis/build/icyphy/ptII/ptolemy/actor/lib/test/auto/ArraySum.xml (RunModel)" time="0.021" />
  <testcase classname="ptolemy.util.test.junit.AutoTests" name="[29] /home/travis/build/icyphy/ptII/ptolemy/actor/lib/test/auto/ArrayToElements.xml (RunModel)" time="0.022" />
  <testcase classname="ptolemy.util.test.junit.AutoTests" name="[30] /home/travis/build/icyphy/ptII/ptolemy/actor/lib/test/auto/ArrayToMatrix.xml (RunModel)" time="0.065" />
  <testcase classname="ptolemy.util.test.junit.AutoTests" name="[31] /home/travis/build/icyphy/ptII/ptolemy/actor/lib/test/auto/ArrayUpdate1.xml (RunModel)" time="0.017" />
  <testcase classname="ptolemy.util.test.junit.AutoTests" name="[32] /home/travis/build/icyphy/ptII/ptolemy/actor/lib/test/auto/ArrayUpdate2.xml (RunModel)" time="0.034" />
  <testcase classname="ptolemy.util.test.junit.AutoTests" name="[33] /home/travis/build/icyphy/ptII/ptolemy/actor/lib/test/auto/ArrayUpdate3.xml (RunModel)" time="0.03" />
  <testcase classname="ptolemy.util.test.junit.AutoTests" name="[34] /home/travis/build/icyphy/ptII/ptolemy/actor/lib/test/auto/Assert1.xml (RunModel)" time="0.027" />
  <testcase classname="ptolemy.util.test.junit.AutoTests" name="[35] /home/travis/build/icyphy/ptII/ptolemy/actor/lib/test/auto/Assert2.xml (RunModel)" time="0.012" />
  <testcase classname="ptolemy.util.test.junit.AutoTests" name="[36] /home/travis/build/icyphy/ptII/ptolemy/actor/lib/test/auto/BooleanMultiplexor.xml (RunModel)" time="0.017" />
  <testcase classname="ptolemy.util.test.junit.AutoTests" name="[37] /home/travis/build/icyphy/ptII/ptolemy/actor/lib/test/auto/BooleanMultiplexor2.xml (RunModel)" time="0.029" />
  <testcase classname="ptolemy.util.test.junit.AutoTests" name="[38] /home/travis/build/icyphy/ptII/ptolemy/actor/lib/test/auto/BooleanMultiplexor3.xml (RunModel)" time="0.017" />
  <testcase classname="ptolemy.util.test.junit.AutoTests" name="[39] /home/travis/build/icyphy/ptII/ptolemy/actor/lib/test/auto/BooleanSelect.xml (RunModel)" time="0.022" />
  <testcase classname="ptolemy.util.test.junit.AutoTests" name="[40] /home/travis/build/icyphy/ptII/ptolemy/actor/lib/test/auto/BooleanSelect2.xml (RunModel)" time="0.019" />
  <testcase classname="ptolemy.util.test.junit.AutoTests" name="[41] /home/travis/build/icyphy/ptII/ptolemy/actor/lib/test/auto/BooleanSwitch.xml (RunModel)" time="0.02" />
  <testcase classname="ptolemy.util.test.junit.AutoTests" name="[42] /home/travis/build/icyphy/ptII/ptolemy/actor/lib/test/auto/BooleanSwitch2.xml (RunModel)" time="0.017" />
  <testcase classname="ptolemy.util.test.junit.AutoTests" name="[43] /home/travis/build/icyphy/ptII/ptolemy/actor/lib/test/auto/BooleanSwitchCloningBugWithClassRelationGroup.xml (RunModel)" time="0.03" />
  <testcase classname="ptolemy.util.test.junit.AutoTests" name="[44] /home/travis/build/icyphy/ptII/ptolemy/actor/lib/test/auto/BusActors.xml (RunModel)" time="0.066" />
  <testcase classname="ptolemy.util.test.junit.AutoTests" name="[45] /home/travis/build/icyphy/ptII/ptolemy/actor/lib/test/auto/ClassWrapper.xml (RunModel)" time="0.025" />
  <testcase classname="ptolemy.util.test.junit.AutoTests" name="[46] /home/travis/build/icyphy/ptII/ptolemy/actor/lib/test/auto/Clock.xml (RunModel)" time="0.011" />
  <testcase classname="ptolemy.util.test.junit.AutoTests" name="[47] /home/travis/build/icyphy/ptII/ptolemy/actor/lib/test/auto/Clock10.xml (RunModel)" time="0.025" />
  <testcase classname="ptolemy.util.test.junit.AutoTests" name="[48] /home/travis/build/icyphy/ptII/ptolemy/actor/lib/test/auto/Clock11.xml (RunModel)" time="0.024" />
  <testcase classname="ptolemy.util.test.junit.AutoTests" name="[49] /home/travis/build/icyphy/ptII/ptolemy/actor/lib/test/auto/Clock12.xml (RunModel)" time="0.022" />
  <testcase classname="ptolemy.util.test.junit.AutoTests" name="[50] /home/travis/build/icyphy/ptII/ptolemy/actor/lib/test/auto/Clock13.xml (RunModel)" time="0.02" />
  <testcase classname="ptolemy.util.test.junit.AutoTests" name="[51] /home/travis/build/icyphy/ptII/ptolemy/actor/lib/test/auto/Clock14.xml (RunModel)" time="0.019" />
  <testcase classname="ptolemy.util.test.junit.AutoTests" name="[52] /home/travis/build/icyphy/ptII/ptolemy/actor/lib/test/auto/Clock15.xml (RunModel)" time="0.014" />
  <testcase classname="ptolemy.util.test.junit.AutoTests" name="[53] /home/travis/build/icyphy/ptII/ptolemy/actor/lib/test/auto/Clock16.xml (RunModel)" time="0.118" />
  <testcase classname="ptolemy.util.test.junit.AutoTests" name="[54] /home/travis/build/icyphy/ptII/ptolemy/actor/lib/test/auto/Clock17.xml (RunModel)" time="0.062" />
  <testcase classname="ptolemy.util.test.junit.AutoTests" name="[55] /home/travis/build/icyphy/ptII/ptolemy/actor/lib/test/auto/Clock18.xml (RunModel)" time="0.047" />
  <testcase classname="ptolemy.util.test.junit.AutoTests" name="[56] /home/travis/build/icyphy/ptII/ptolemy/actor/lib/test/auto/Clock19.xml (RunModel)" time="0.042" />
  <testcase classname="ptolemy.util.test.junit.AutoTests" name="[57] /home/travis/build/icyphy/ptII/ptolemy/actor/lib/test/auto/Clock2.xml (RunModel)" time="0.015" />
  <testcase classname="ptolemy.util.test.junit.AutoTests" name="[58] /home/travis/build/icyphy/ptII/ptolemy/actor/lib/test/auto/Clock20.xml (RunModel)" time="0.025" />
  <testcase classname="ptolemy.util.test.junit.AutoTests" name="[59] /home/travis/build/icyphy/ptII/ptolemy/actor/lib/test/auto/Clock21.xml (RunModel)" time="0.025" />
  <testcase classname="ptolemy.util.test.junit.AutoTests" name="[60] /home/travis/build/icyphy/ptII/ptolemy/actor/lib/test/auto/Clock22.xml (RunModel)" time="0.018" />
  <testcase classname="ptolemy.util.test.junit.AutoTests" name="[61] /home/travis/build/icyphy/ptII/ptolemy/actor/lib/test/auto/Clock23.xml (RunModel)" time="0.021" />
  <testcase classname="ptolemy.util.test.junit.AutoTests" name="[62] /home/travis/build/icyphy/ptII/ptolemy/actor/lib/test/auto/Clock24.xml (RunModel)" time="0.018" />
  <testcase classname="ptolemy.util.test.junit.AutoTests" name="[63] /home/travis/build/icyphy/ptII/ptolemy/actor/lib/test/auto/Clock4.xml (RunModel)" time="0.016" />
  <testcase classname="ptolemy.util.test.junit.AutoTests" name="[64] /home/travis/build/icyphy/ptII/ptolemy/actor/lib/test/auto/Clock5.xml (RunModel)" time="0.024" />
  <testcase classname="ptolemy.util.test.junit.AutoTests" name="[65] /home/travis/build/icyphy/ptII/ptolemy/actor/lib/test/auto/Clock6.xml (RunModel)" time="0.008" />
  <testcase classname="ptolemy.util.test.junit.AutoTests" name="[66] /home/travis/build/icyphy/ptII/ptolemy/actor/lib/test/auto/Clock7.xml (RunModel)" time="0.01" />
  <testcase classname="ptolemy.util.test.junit.AutoTests" name="[67] /home/travis/build/icyphy/ptII/ptolemy/actor/lib/test/auto/Clock8.xml (RunModel)" time="0.015" />
  <testcase classname="ptolemy.util.test.junit.AutoTests" name="[68] /home/travis/build/icyphy/ptII/ptolemy/actor/lib/test/auto/Clock9.xml (RunModel)" time="0.016" />
  <testcase classname="ptolemy.util.test.junit.AutoTests" name="[69] /home/travis/build/icyphy/ptII/ptolemy/actor/lib/test/auto/CommDistDiscard.xml (RunModel)" time="0.023" />
  <testcase classname="ptolemy.util.test.junit.AutoTests" name="[70] /home/travis/build/icyphy/ptII/ptolemy/actor/lib/test/auto/Commutator.xml (RunModel)" time="0.015" />
  <testcase classname="ptolemy.util.test.junit.AutoTests" name="[71] /home/travis/build/icyphy/ptII/ptolemy/actor/lib/test/auto/Commutator2.xml (RunModel)" time="0.01" />
  <testcase classname="ptolemy.util.test.junit.AutoTests" name="[72] /home/travis/build/icyphy/ptII/ptolemy/actor/lib/test/auto/Commutator3.xml (RunModel)" time="0.014" />
  <testcase classname="ptolemy.util.test.junit.AutoTests" name="[73] /home/travis/build/icyphy/ptII/ptolemy/actor/lib/test/auto/Compare.xml (RunModel)" time="0.021" />
  <testcase classname="ptolemy.util.test.junit.AutoTests" name="[74] /home/travis/build/icyphy/ptII/ptolemy/actor/lib/test/auto/CompareDE.xml (RunModel)" time="0.02" />
  <testcase classname="ptolemy.util.test.junit.AutoTests" name="[75] /home/travis/build/icyphy/ptII/ptolemy/actor/lib/test/auto/ComplexDivide.xml (RunModel)" time="0.009" />
  <testcase classname="ptolemy.util.test.junit.AutoTests" name="[76] /home/travis/build/icyphy/ptII/ptolemy/actor/lib/test/auto/ComputeHistogram.xml (RunModel)" time="0.079" />
  <testcase classname="ptolemy.util.test.junit.AutoTests" name="[77] /home/travis/build/icyphy/ptII/ptolemy/actor/lib/test/auto/ConfigurationSelect.xml (RunModel)" time="0.02" />
  <testcase classname="ptolemy.util.test.junit.AutoTests" name="[78] /home/travis/build/icyphy/ptII/ptolemy/actor/lib/test/auto/ConfigurationSelect2.xml (RunModel)" time="0.014" />
  <testcase classname="ptolemy.util.test.junit.AutoTests" name="[79] /home/travis/build/icyphy/ptII/ptolemy/actor/lib/test/auto/ConfigurationSwitch.xml (RunModel)" time="0.037" />
  <testcase classname="ptolemy.util.test.junit.AutoTests" name="[80] /home/travis/build/icyphy/ptII/ptolemy/actor/lib/test/auto/ConfigurationSwitch2.xml (RunModel)" time="0.019" />
  <testcase classname="ptolemy.util.test.junit.AutoTests" name="[81] /home/travis/build/icyphy/ptII/ptolemy/actor/lib/test/auto/ConfigurationSwitchCloningBugWithClassRelationGroup.xml (RunModel)" time="0.022" />
  <testcase classname="ptolemy.util.test.junit.AutoTests" name="[82] /home/travis/build/icyphy/ptII/ptolemy/actor/lib/test/auto/ConfigurationSwitchSelectSDF.xml (RunModel)" time="0.021" />
  <testcase classname="ptolemy.util.test.junit.AutoTests" name="[83] /home/travis/build/icyphy/ptII/ptolemy/actor/lib/test/auto/ConfigurationSwitchSelectSDF2.xml (RunModel)" time="0.019" />
  <testcase classname="ptolemy.util.test.junit.AutoTests" name="[84] /home/travis/build/icyphy/ptII/ptolemy/actor/lib/test/auto/Const.xml (RunModel)" time="0.008" />
  <testcase classname="ptolemy.util.test.junit.AutoTests" name="[85] /home/travis/build/icyphy/ptII/ptolemy/actor/lib/test/auto/Const2.xml (RunModel)" time="0.012" />
  <testcase classname="ptolemy.util.test.junit.AutoTests" name="[86] /home/travis/build/icyphy/ptII/ptolemy/actor/lib/test/auto/Const3.xml (RunModel)" time="0.007" />
  <testcase classname="ptolemy.util.test.junit.AutoTests" name="[87] /home/travis/build/icyphy/ptII/ptolemy/actor/lib/test/auto/ConstantPublisherPort1.xml (RunModel)" time="0.03" />
  <testcase classname="ptolemy.util.test.junit.AutoTests" name="[88] /home/travis/build/icyphy/ptII/ptolemy/actor/lib/test/auto/ConstantPublisherPort2.xml (RunModel)" time="0.024" />
  <testcase classname="ptolemy.util.test.junit.AutoTests" name="[89] /home/travis/build/icyphy/ptII/ptolemy/actor/lib/test/auto/ConstantPublisherPort3.xml (RunModel)" time="0.021" />
  <testcase classname="ptolemy.util.test.junit.AutoTests" name="[90] /home/travis/build/icyphy/ptII/ptolemy/actor/lib/test/auto/ConstantPublisherPort4.xml (RunModel)" time="0.018" />
  <testcase classname="ptolemy.util.test.junit.AutoTests" name="[91] /home/travis/build/icyphy/ptII/ptolemy/actor/lib/test/auto/ConstantPublisherPort5.xml (RunModel)" time="0.043" />
  <testcase classname="ptolemy.util.test.junit.AutoTests" name="[92] /home/travis/build/icyphy/ptII/ptolemy/actor/lib/test/auto/ConstantPublisherPort6.xml (RunModel)" time="0.037" />
  <testcase classname="ptolemy.util.test.junit.AutoTests" name="[93] /home/travis/build/icyphy/ptII/ptolemy/actor/lib/test/auto/ConstantPublisherPort7.xml (RunModel)" time="0.03" />
  <testcase classname="ptolemy.util.test.junit.AutoTests" name="[94] /home/travis/build/icyphy/ptII/ptolemy/actor/lib/test/auto/ConstraintMonitor1.xml (RunModel)" time="0.046" />
  <testcase classname="ptolemy.util.test.junit.AutoTests" name="[95] /home/travis/build/icyphy/ptII/ptolemy/actor/lib/test/auto/ConstraintMonitor2.xml (RunModel)" time="0.017" />
  <testcase classname="ptolemy.util.test.junit.AutoTests" name="[96] /home/travis/build/icyphy/ptII/ptolemy/actor/lib/test/auto/ConstraintMonitor3.xml (RunModel)" time="0.018" />
  <testcase classname="ptolemy.util.test.junit.AutoTests" name="[97] /home/travis/build/icyphy/ptII/ptolemy/actor/lib/test/auto/ConstraintMonitor4.xml (RunModel)" time="0.018" />
  <testcase classname="ptolemy.util.test.junit.AutoTests" name="[98] /home/travis/build/icyphy/ptII/ptolemy/actor/lib/test/auto/ConstraintMonitor5.xml (RunModel)" time="0.013" />
  <testcase classname="ptolemy.util.test.junit.AutoTests" name="[99] /home/travis/build/icyphy/ptII/ptolemy/actor/lib/test/auto/ConstraintMonitor6.xml (RunModel)" time="0.014" />
  <testcase classname="ptolemy.util.test.junit.AutoTests" name="[100] /home/travis/build/icyphy/ptII/ptolemy/actor/lib/test/auto/ConstraintMonitor7.xml (RunModel)" time="0.021" />
  <testcase classname="ptolemy.util.test.junit.AutoTests" name="[101] /home/travis/build/icyphy/ptII/ptolemy/actor/lib/test/auto/ConstraintMonitor8.xml (RunModel)" time="0.02" />
  <testcase classname="ptolemy.util.test.junit.AutoTests" name="[102] /home/travis/build/icyphy/ptII/ptolemy/actor/lib/test/auto/Counter.xml (RunModel)" time="0.02" />
  <testcase classname="ptolemy.util.test.junit.AutoTests" name="[103] /home/travis/build/icyphy/ptII/ptolemy/actor/lib/test/auto/CurrentTimeSDF.xml (RunModel)" time="0.01" />
  <testcase classname="ptolemy.util.test.junit.AutoTests" name="[104] /home/travis/build/icyphy/ptII/ptolemy/actor/lib/test/auto/DB.xml (RunModel)" time="0.013" />
  <testcase classname="ptolemy.util.test.junit.AutoTests" name="[105] /home/travis/build/icyphy/ptII/ptolemy/actor/lib/test/auto/DBDE.xml (RunModel)" time="0.015" />
  <testcase classname="ptolemy.util.test.junit.AutoTests" name="[106] /home/travis/build/icyphy/ptII/ptolemy/actor/lib/test/auto/DateConstructor.xml (RunModel)" time="0.088" />
  <testcase classname="ptolemy.util.test.junit.AutoTests" name="[107] /home/travis/build/icyphy/ptII/ptolemy/actor/lib/test/auto/DelayTime.xml (RunModel)" time="0.02" />
  <testcase classname="ptolemy.util.test.junit.AutoTests" name="[108] /home/travis/build/icyphy/ptII/ptolemy/actor/lib/test/auto/Dictionary1.xml (RunModel)" time="0.018" />
  <testcase classname="ptolemy.util.test.junit.AutoTests" name="[109] /home/travis/build/icyphy/ptII/ptolemy/actor/lib/test/auto/Dictionary2.xml (RunModel)" time="0.018" />
  <testcase classname="ptolemy.util.test.junit.AutoTests" name="[110] /home/travis/build/icyphy/ptII/ptolemy/actor/lib/test/auto/Dictionary3.xml (RunModel)" time="0.014" />
  <testcase classname="ptolemy.util.test.junit.AutoTests" name="[111] /home/travis/build/icyphy/ptII/ptolemy/actor/lib/test/auto/Dictionary4.xml (RunModel)" time="0.017" />
  <testcase classname="ptolemy.util.test.junit.AutoTests" name="[112] /home/travis/build/icyphy/ptII/ptolemy/actor/lib/test/auto/Differential.xml (RunModel)" time="0.014" />
  <testcase classname="ptolemy.util.test.junit.AutoTests" name="[113] /home/travis/build/icyphy/ptII/ptolemy/actor/lib/test/auto/Director.xml (RunModel)" time="0.01" />
  <testcase classname="ptolemy.util.test.junit.AutoTests" name="[114] /home/travis/build/icyphy/ptII/ptolemy/actor/lib/test/auto/DiscreteClock.xml (RunModel)" time="0.007" />
  <testcase classname="ptolemy.util.test.junit.AutoTests" name="[115] /home/travis/build/icyphy/ptII/ptolemy/actor/lib/test/auto/DiscreteClock10.xml (RunModel)" time="0.016" />
  <testcase classname="ptolemy.util.test.junit.AutoTests" name="[116] /home/travis/build/icyphy/ptII/ptolemy/actor/lib/test/auto/DiscreteClock11.xml (RunModel)" time="0.012" />
  <testcase classname="ptolemy.util.test.junit.AutoTests" name="[117] /home/travis/build/icyphy/ptII/ptolemy/actor/lib/test/auto/DiscreteClock12.xml (RunModel)" time="0.015" />
  <testcase classname="ptolemy.util.test.junit.AutoTests" name="[118] /home/travis/build/icyphy/ptII/ptolemy/actor/lib/test/auto/DiscreteClock13.xml (RunModel)" time="0.016" />
  <testcase classname="ptolemy.util.test.junit.AutoTests" name="[119] /home/travis/build/icyphy/ptII/ptolemy/actor/lib/test/auto/DiscreteClock14.xml (RunModel)" time="0.014" />
  <testcase classname="ptolemy.util.test.junit.AutoTests" name="[120] /home/travis/build/icyphy/ptII/ptolemy/actor/lib/test/auto/DiscreteClock15.xml (RunModel)" time="0.015" />
  <testcase classname="ptolemy.util.test.junit.AutoTests" name="[121] /home/travis/build/icyphy/ptII/ptolemy/actor/lib/test/auto/DiscreteClock16.xml (RunModel)" time="0.038" />
  <testcase classname="ptolemy.util.test.junit.AutoTests" name="[122] /home/travis/build/icyphy/ptII/ptolemy/actor/lib/test/auto/DiscreteClock17.xml (RunModel)" time="0.037" />
  <testcase classname="ptolemy.util.test.junit.AutoTests" name="[123] /home/travis/build/icyphy/ptII/ptolemy/actor/lib/test/auto/DiscreteClock18.xml (RunModel)" time="0.037" />
  <testcase classname="ptolemy.util.test.junit.AutoTests" name="[124] /home/travis/build/icyphy/ptII/ptolemy/actor/lib/test/auto/DiscreteClock19.xml (RunModel)" time="0.038" />
  <testcase classname="ptolemy.util.test.junit.AutoTests" name="[125] /home/travis/build/icyphy/ptII/ptolemy/actor/lib/test/auto/DiscreteClock2.xml (RunModel)" time="0.011" />
  <testcase classname="ptolemy.util.test.junit.AutoTests" name="[126] /home/travis/build/icyphy/ptII/ptolemy/actor/lib/test/auto/DiscreteClock20.xml (RunModel)" time="0.015" />
  <testcase classname="ptolemy.util.test.junit.AutoTests" name="[127] /home/travis/build/icyphy/ptII/ptolemy/actor/lib/test/auto/DiscreteClock21.xml (RunModel)" time="0.014" />
  <testcase classname="ptolemy.util.test.junit.AutoTests" name="[128] /home/travis/build/icyphy/ptII/ptolemy/actor/lib/test/auto/DiscreteClock22.xml (RunModel)" time="0.022" />
  <testcase classname="ptolemy.util.test.junit.AutoTests" name="[129] /home/travis/build/icyphy/ptII/ptolemy/actor/lib/test/auto/DiscreteClock23.xml (RunModel)" time="0.015" />
  <testcase classname="ptolemy.util.test.junit.AutoTests" name="[130] /home/travis/build/icyphy/ptII/ptolemy/actor/lib/test/auto/DiscreteClock24.xml (RunModel)" time="0.013" />
  <testcase classname="ptolemy.util.test.junit.AutoTests" name="[131] /home/travis/build/icyphy/ptII/ptolemy/actor/lib/test/auto/DiscreteClock4.xml (RunModel)" time="0.019" />
  <testcase classname="ptolemy.util.test.junit.AutoTests" name="[132] /home/travis/build/icyphy/ptII/ptolemy/actor/lib/test/auto/DiscreteClock5.xml (RunModel)" time="0.01" />
  <testcase classname="ptolemy.util.test.junit.AutoTests" name="[133] /home/travis/build/icyphy/ptII/ptolemy/actor/lib/test/auto/DiscreteClock6.xml (RunModel)" time="0.008" />
  <testcase classname="ptolemy.util.test.junit.AutoTests" name="[134] /home/travis/build/icyphy/ptII/ptolemy/actor/lib/test/auto/DiscreteClock7.xml (RunModel)" time="0.009" />
  <testcase classname="ptolemy.util.test.junit.AutoTests" name="[135] /home/travis/build/icyphy/ptII/ptolemy/actor/lib/test/auto/DiscreteClock8.xml (RunModel)" time="0.013" />
  <testcase classname="ptolemy.util.test.junit.AutoTests" name="[136] /home/travis/build/icyphy/ptII/ptolemy/actor/lib/test/auto/DiscreteClock9.xml (RunModel)" time="0.017" />
  <testcase classname="ptolemy.util.test.junit.AutoTests" name="[137] /home/travis/build/icyphy/ptII/ptolemy/actor/lib/test/auto/DisplayArray.xml (RunModel)" time="0.009" />
  <testcase classname="ptolemy.util.test.junit.AutoTests" name="[138] /home/travis/build/icyphy/ptII/ptolemy/actor/lib/test/auto/Distributor.xml (RunModel)" time="0.01" />
  <testcase classname="ptolemy.util.test.junit.AutoTests" name="[139] /home/travis/build/icyphy/ptII/ptolemy/actor/lib/test/auto/Distributor2.xml (RunModel)" time="0.011" />
  <testcase classname="ptolemy.util.test.junit.AutoTests" name="[140] /home/travis/build/icyphy/ptII/ptolemy/actor/lib/test/auto/DownSample.xml (RunModel)" time="0.009" />
  <testcase classname="ptolemy.util.test.junit.AutoTests" name="[141] /home/travis/build/icyphy/ptII/ptolemy/actor/lib/test/auto/ElectronicUnitBase1.xml (RunModel)" time="0.061" />
  <testcase classname="ptolemy.util.test.junit.AutoTests" name="[142] /home/travis/build/icyphy/ptII/ptolemy/actor/lib/test/auto/ElementsToArray.xml (RunModel)" time="0.013" />
  <testcase classname="ptolemy.util.test.junit.AutoTests" name="[143] /home/travis/build/icyphy/ptII/ptolemy/actor/lib/test/auto/Equals.xml (RunModel)" time="0.014" />
  <testcase classname="ptolemy.util.test.junit.AutoTests" name="[144] /home/travis/build/icyphy/ptII/ptolemy/actor/lib/test/auto/Exec.xml (RunModel)" time="0.031" />
  <testcase classname="ptolemy.util.test.junit.AutoTests" name="[145] /home/travis/build/icyphy/ptII/ptolemy/actor/lib/test/auto/ExecEnvironment.xml (RunModel)" time="0.042" />
  <testcase classname="ptolemy.util.test.junit.AutoTests" name="[146] /home/travis/build/icyphy/ptII/ptolemy/actor/lib/test/auto/ExecNonZeroReturnOutput.xml (RunModel)" time="0.223" />
  <testcase classname="ptolemy.util.test.junit.AutoTests" name="[147] /home/travis/build/icyphy/ptII/ptolemy/actor/lib/test/auto/ExecRunDemos.xml (RunModel)" time="10.883">
    <error type="java.lang.reflect.InvocationTargetException">java.lang.reflect.InvocationTargetException
	at jdk.internal.reflect.GeneratedConstructorAccessor36.newInstance(Unknown Source)
	at java.base/jdk.internal.reflect.DelegatingConstructorAccessorImpl.newInstance(DelegatingConstructorAccessorImpl.java:45)
	at java.base/java.lang.reflect.Constructor.newInstance(Constructor.java:490)
	at ptolemy.util.test.junit.AutoTests.RunModel(AutoTests.java:193)
	at jdk.internal.reflect.GeneratedMethodAccessor43.invoke(Unknown Source)
	at java.base/jdk.internal.reflect.DelegatingMethodAccessorImpl.invoke(DelegatingMethodAccessorImpl.java:43)
	at junitparams.internal.InvokeParameterisedMethod.evaluate(InvokeParameterisedMethod.java:102)
Caused by: ptolemy.kernel.util.IllegalActionException: Test fails in iteration 0.
Value was: &quot;WARNING: An illegal reflective access operation has occurred\nWARNING: Illegal reflective access by io.netty.util.internal.ReflectionUtil (file:/home/travis/build/icyphy/ptII/lib/netty-common-4.1.19.Final.jar) to constructor java.nio.DirectByteBuffer(long,int)\nWARNING: Please consider reporting this to the maintainers of io.netty.util.internal.ReflectionUtil\nWARNING: Use --illegal-access=warn to enable warnings of further illegal reflective access operations\nWARNING: All illegal access operations will be denied in a future release\n&quot;. Should have been: &quot;&quot;
  in .ExecRunDemos.Test
	at ptolemy.actor.lib.Test.fire(Test.java:268)
	at ptolemy.actor.AtomicActor.iterate(AtomicActor.java:512)
	at ptolemy.actor.sched.StaticSchedulingDirector.fire(StaticSchedulingDirector.java:216)
	at ptolemy.domains.sdf.kernel.SDFDirector.fire(SDFDirector.java:500)
	at ptolemy.actor.CompositeActor.fire(CompositeActor.java:455)
	at ptolemy.actor.Manager.iterate(Manager.java:851)
	at ptolemy.actor.Manager.execute(Manager.java:369)
	at ptolemy.actor.Manager.run(Manager.java:1263)
	at ptolemy.actor.Manager$PtolemyRunThread.run(Manager.java:1915)
</error>
  </testcase>
  <testcase classname="ptolemy.util.test.junit.AutoTests" name="[148] /home/travis/build/icyphy/ptII/ptolemy/actor/lib/test/auto/ExecStop.xml (RunModel)" time="5.026" />
  <testcase classname="ptolemy.util.test.junit.AutoTests" name="[149] /home/travis/build/icyphy/ptII/ptolemy/actor/lib/test/auto/ExecutionTimeSDF.xml (RunModel)" time="6.049" />
  <testcase classname="ptolemy.util.test.junit.AutoTests" name="[150] /home/travis/build/icyphy/ptII/ptolemy/actor/lib/test/auto/Expression1.xml (RunModel)" time="0.023" />
  <testcase classname="ptolemy.util.test.junit.AutoTests" name="[151] /home/travis/build/icyphy/ptII/ptolemy/actor/lib/test/auto/Expression10.xml (RunModel)" time="0.037" />
  <testcase classname="ptolemy.util.test.junit.AutoTests" name="[152] /home/travis/build/icyphy/ptII/ptolemy/actor/lib/test/auto/Expression11.xml (RunModel)" time="0.012" />
  <testcase classname="ptolemy.util.test.junit.AutoTests" name="[153] /home/travis/build/icyphy/ptII/ptolemy/actor/lib/test/auto/Expression12.xml (RunModel)" time="0.012" />
  <testcase classname="ptolemy.util.test.junit.AutoTests" name="[154] /home/travis/build/icyphy/ptII/ptolemy/actor/lib/test/auto/Expression13.xml (RunModel)" time="0.012" />
  <testcase classname="ptolemy.util.test.junit.AutoTests" name="[155] /home/travis/build/icyphy/ptII/ptolemy/actor/lib/test/auto/Expression14.xml (RunModel)" time="0.034" />
  <testcase classname="ptolemy.util.test.junit.AutoTests" name="[156] /home/travis/build/icyphy/ptII/ptolemy/actor/lib/test/auto/Expression15.xml (RunModel)" time="0.009" />
  <testcase classname="ptolemy.util.test.junit.AutoTests" name="[157] /home/travis/build/icyphy/ptII/ptolemy/actor/lib/test/auto/Expression16.xml (RunModel)" time="0.012" />
  <testcase classname="ptolemy.util.test.junit.AutoTests" name="[158] /home/travis/build/icyphy/ptII/ptolemy/actor/lib/test/auto/Expression17.xml (RunModel)" time="0.014" />
  <testcase classname="ptolemy.util.test.junit.AutoTests" name="[159] /home/travis/build/icyphy/ptII/ptolemy/actor/lib/test/auto/Expression18.xml (RunModel)" time="0.014" />
  <testcase classname="ptolemy.util.test.junit.AutoTests" name="[160] /home/travis/build/icyphy/ptII/ptolemy/actor/lib/test/auto/Expression2.xml (RunModel)" time="0.013" />
  <testcase classname="ptolemy.util.test.junit.AutoTests" name="[161] /home/travis/build/icyphy/ptII/ptolemy/actor/lib/test/auto/Expression3.xml (RunModel)" time="0.013" />
  <testcase classname="ptolemy.util.test.junit.AutoTests" name="[162] /home/travis/build/icyphy/ptII/ptolemy/actor/lib/test/auto/Expression4.xml (RunModel)" time="0.066" />
  <testcase classname="ptolemy.util.test.junit.AutoTests" name="[163] /home/travis/build/icyphy/ptII/ptolemy/actor/lib/test/auto/Expression5.xml (RunModel)" time="0.014" />
  <testcase classname="ptolemy.util.test.junit.AutoTests" name="[164] /home/travis/build/icyphy/ptII/ptolemy/actor/lib/test/auto/Expression6.xml (RunModel)" time="0.01" />
  <testcase classname="ptolemy.util.test.junit.AutoTests" name="[165] /home/travis/build/icyphy/ptII/ptolemy/actor/lib/test/auto/Expression7.xml (RunModel)" time="0.018" />
  <testcase classname="ptolemy.util.test.junit.AutoTests" name="[166] /home/travis/build/icyphy/ptII/ptolemy/actor/lib/test/auto/Expression8.xml (RunModel)" time="0.018" />
  <testcase classname="ptolemy.util.test.junit.AutoTests" name="[167] /home/travis/build/icyphy/ptII/ptolemy/actor/lib/test/auto/Expression9.xml (RunModel)" time="0.009" />
  <testcase classname="ptolemy.util.test.junit.AutoTests" name="[168] /home/travis/build/icyphy/ptII/ptolemy/actor/lib/test/auto/ExpressionConcatenateArrayType.xml (RunModel)" time="0.029" />
  <testcase classname="ptolemy.util.test.junit.AutoTests" name="[169] /home/travis/build/icyphy/ptII/ptolemy/actor/lib/test/auto/ExpressionConcatenateArrayType2.xml (RunModel)" time="0.024" />
  <testcase classname="ptolemy.util.test.junit.AutoTests" name="[170] /home/travis/build/icyphy/ptII/ptolemy/actor/lib/test/auto/ExpressionFix.xml (RunModel)" time="0.052" />
  <testcase classname="ptolemy.util.test.junit.AutoTests" name="[171] /home/travis/build/icyphy/ptII/ptolemy/actor/lib/test/auto/ExpressionFix2.xml (RunModel)" time="0.015" />
  <testcase classname="ptolemy.util.test.junit.AutoTests" name="[172] /home/travis/build/icyphy/ptII/ptolemy/actor/lib/test/auto/ExpressionFix3.xml (RunModel)" time="0.013" />
  <testcase classname="ptolemy.util.test.junit.AutoTests" name="[173] /home/travis/build/icyphy/ptII/ptolemy/actor/lib/test/auto/FileWriter1.xml (RunModel)" time="0.012" />
  <testcase classname="ptolemy.util.test.junit.AutoTests" name="[174] /home/travis/build/icyphy/ptII/ptolemy/actor/lib/test/auto/FileWriter2.xml (RunModel)" time="0.013" />
  <testcase classname="ptolemy.util.test.junit.AutoTests" name="[175] /home/travis/build/icyphy/ptII/ptolemy/actor/lib/test/auto/FileWriter3.xml (RunModel)" time="0.013" />
  <testcase classname="ptolemy.util.test.junit.AutoTests" name="[176] /home/travis/build/icyphy/ptII/ptolemy/actor/lib/test/auto/Gaussian.xml (RunModel)" time="0.013" />
  <testcase classname="ptolemy.util.test.junit.AutoTests" name="[177] /home/travis/build/icyphy/ptII/ptolemy/actor/lib/test/auto/Gaussian1.xml (RunModel)" time="0.013" />
  <testcase classname="ptolemy.util.test.junit.AutoTests" name="[178] /home/travis/build/icyphy/ptII/ptolemy/actor/lib/test/auto/Gaussian2.xml (RunModel)" time="0.018" />
  <testcase classname="ptolemy.util.test.junit.AutoTests" name="[179] /home/travis/build/icyphy/ptII/ptolemy/actor/lib/test/auto/GradientAdaptiveLattice.xml (RunModel)" time="0.025" />
  <testcase classname="ptolemy.util.test.junit.AutoTests" name="[180] /home/travis/build/icyphy/ptII/ptolemy/actor/lib/test/auto/IIR.xml (RunModel)" time="0.014" />
  <testcase classname="ptolemy.util.test.junit.AutoTests" name="[181] /home/travis/build/icyphy/ptII/ptolemy/actor/lib/test/auto/InputOutputTransparentPorts.xml (RunModel)" time="0.02" />
  <testcase classname="ptolemy.util.test.junit.AutoTests" name="[182] /home/travis/build/icyphy/ptII/ptolemy/actor/lib/test/auto/Interpolator.xml (RunModel)" time="0.015" />
  <testcase classname="ptolemy.util.test.junit.AutoTests" name="[183] /home/travis/build/icyphy/ptII/ptolemy/actor/lib/test/auto/InterpolatorFiringLimitDE.xml (RunModel)" time="0.014" />
  <testcase classname="ptolemy.util.test.junit.AutoTests" name="[184] /home/travis/build/icyphy/ptII/ptolemy/actor/lib/test/auto/Lattice.xml (RunModel)" time="0.008" />
  <testcase classname="ptolemy.util.test.junit.AutoTests" name="[185] /home/travis/build/icyphy/ptII/ptolemy/actor/lib/test/auto/LazyAOCTestLazy.xml (RunModel)" time="0.019" />
  <testcase classname="ptolemy.util.test.junit.AutoTests" name="[186] /home/travis/build/icyphy/ptII/ptolemy/actor/lib/test/auto/LazyAOCTestNonLazy.xml (RunModel)" time="0.048" />
  <testcase classname="ptolemy.util.test.junit.AutoTests" name="[187] /home/travis/build/icyphy/ptII/ptolemy/actor/lib/test/auto/LazyInnerClass.xml (RunModel)" time="0.04" />
  <testcase classname="ptolemy.util.test.junit.AutoTests" name="[188] /home/travis/build/icyphy/ptII/ptolemy/actor/lib/test/auto/LazyPubSub.xml (RunModel)" time="0.058" />
  <testcase classname="ptolemy.util.test.junit.AutoTests" name="[189] /home/travis/build/icyphy/ptII/ptolemy/actor/lib/test/auto/LazyPubSub2.xml (RunModel)" time="0.061" />
  <testcase classname="ptolemy.util.test.junit.AutoTests" name="[190] /home/travis/build/icyphy/ptII/ptolemy/actor/lib/test/auto/LazyPubSub3.xml (RunModel)" time="0.056" />
  <testcase classname="ptolemy.util.test.junit.AutoTests" name="[191] /home/travis/build/icyphy/ptII/ptolemy/actor/lib/test/auto/LazySubClassModel.xml (RunModel)" time="0.026" />
  <testcase classname="ptolemy.util.test.junit.AutoTests" name="[192] /home/travis/build/icyphy/ptII/ptolemy/actor/lib/test/auto/LevelCrossTest1.xml (RunModel)" time="0.011" />
  <testcase classname="ptolemy.util.test.junit.AutoTests" name="[193] /home/travis/build/icyphy/ptII/ptolemy/actor/lib/test/auto/LevelCrossTest10.xml (RunModel)" time="0.015" />
  <testcase classname="ptolemy.util.test.junit.AutoTests" name="[194] /home/travis/build/icyphy/ptII/ptolemy/actor/lib/test/auto/LevelCrossTest11.xml (RunModel)" time="0.019" />
  <testcase classname="ptolemy.util.test.junit.AutoTests" name="[195] /home/travis/build/icyphy/ptII/ptolemy/actor/lib/test/auto/LevelCrossTest12.xml (RunModel)" time="0.017" />
  <testcase classname="ptolemy.util.test.junit.AutoTests" name="[196] /home/travis/build/icyphy/ptII/ptolemy/actor/lib/test/auto/LevelCrossTest13.xml (RunModel)" time="0.014" />
  <testcase classname="ptolemy.util.test.junit.AutoTests" name="[197] /home/travis/build/icyphy/ptII/ptolemy/actor/lib/test/auto/LevelCrossTest2.xml (RunModel)" time="0.011" />
  <testcase classname="ptolemy.util.test.junit.AutoTests" name="[198] /home/travis/build/icyphy/ptII/ptolemy/actor/lib/test/auto/LevelCrossTest3.xml (RunModel)" time="0.012" />
  <testcase classname="ptolemy.util.test.junit.AutoTests" name="[199] /home/travis/build/icyphy/ptII/ptolemy/actor/lib/test/auto/LevelCrossTest4.xml (RunModel)" time="0.011" />
  <testcase classname="ptolemy.util.test.junit.AutoTests" name="[200] /home/travis/build/icyphy/ptII/ptolemy/actor/lib/test/auto/LevelCrossTest5.xml (RunModel)" time="0.014" />
  <testcase classname="ptolemy.util.test.junit.AutoTests" name="[201] /home/travis/build/icyphy/ptII/ptolemy/actor/lib/test/auto/LevelCrossTest6.xml (RunModel)" time="0.013" />
  <testcase classname="ptolemy.util.test.junit.AutoTests" name="[202] /home/travis/build/icyphy/ptII/ptolemy/actor/lib/test/auto/LevelCrossTest7.xml (RunModel)" time="0.022" />
  <testcase classname="ptolemy.util.test.junit.AutoTests" name="[203] /home/travis/build/icyphy/ptII/ptolemy/actor/lib/test/auto/LevelCrossTest8.xml (RunModel)" time="0.017" />
  <testcase classname="ptolemy.util.test.junit.AutoTests" name="[204] /home/travis/build/icyphy/ptII/ptolemy/actor/lib/test/auto/LevelCrossTest9.xml (RunModel)" time="0.016" />
  <testcase classname="ptolemy.util.test.junit.AutoTests" name="[205] /home/travis/build/icyphy/ptII/ptolemy/actor/lib/test/auto/LevinsonDurbin.xml (RunModel)" time="0.012" />
  <testcase classname="ptolemy.util.test.junit.AutoTests" name="[206] /home/travis/build/icyphy/ptII/ptolemy/actor/lib/test/auto/LevinsonDurbin2.xml (RunModel)" time="0.008" />
  <testcase classname="ptolemy.util.test.junit.AutoTests" name="[207] /home/travis/build/icyphy/ptII/ptolemy/actor/lib/test/auto/LevinsonDurbin3.xml (RunModel)" time="0.014" />
  <testcase classname="ptolemy.util.test.junit.AutoTests" name="[208] /home/travis/build/icyphy/ptII/ptolemy/actor/lib/test/auto/Limiter.xml (RunModel)" time="0.041" />
  <testcase classname="ptolemy.util.test.junit.AutoTests" name="[209] /home/travis/build/icyphy/ptII/ptolemy/actor/lib/test/auto/LinearDifferenceEquationSystem.xml (RunModel)" time="0.023" />
  <testcase classname="ptolemy.util.test.junit.AutoTests" name="[210] /home/travis/build/icyphy/ptII/ptolemy/actor/lib/test/auto/LookupTable.xml (RunModel)" time="0.01" />
  <testcase classname="ptolemy.util.test.junit.AutoTests" name="[211] /home/travis/build/icyphy/ptII/ptolemy/actor/lib/test/auto/MathFunction.xml (RunModel)" time="0.021" />
  <testcase classname="ptolemy.util.test.junit.AutoTests" name="[212] /home/travis/build/icyphy/ptII/ptolemy/actor/lib/test/auto/MathFunction2.xml (RunModel)" time="0.023" />
  <testcase classname="ptolemy.util.test.junit.AutoTests" name="[213] /home/travis/build/icyphy/ptII/ptolemy/actor/lib/test/auto/MathFunction3.xml (RunModel)" time="0.029" />
  <testcase classname="ptolemy.util.test.junit.AutoTests" name="[214] /home/travis/build/icyphy/ptII/ptolemy/actor/lib/test/auto/MatrixCropBoolean.xml (RunModel)" time="0.02" />
  <testcase classname="ptolemy.util.test.junit.AutoTests" name="[215] /home/travis/build/icyphy/ptII/ptolemy/actor/lib/test/auto/MatrixCropComplex.xml (RunModel)" time="0.012" />
  <testcase classname="ptolemy.util.test.junit.AutoTests" name="[216] /home/travis/build/icyphy/ptII/ptolemy/actor/lib/test/auto/MatrixCropDouble.xml (RunModel)" time="0.011" />
  <testcase classname="ptolemy.util.test.junit.AutoTests" name="[217] /home/travis/build/icyphy/ptII/ptolemy/actor/lib/test/auto/MatrixCropFix.xml (RunModel)" time="0.056" />
  <testcase classname="ptolemy.util.test.junit.AutoTests" name="[218] /home/travis/build/icyphy/ptII/ptolemy/actor/lib/test/auto/MatrixCropInt.xml (RunModel)" time="0.012" />
  <testcase classname="ptolemy.util.test.junit.AutoTests" name="[219] /home/travis/build/icyphy/ptII/ptolemy/actor/lib/test/auto/MatrixCropLong.xml (RunModel)" time="0.01" />
  <testcase classname="ptolemy.util.test.junit.AutoTests" name="[220] /home/travis/build/icyphy/ptII/ptolemy/actor/lib/test/auto/MatrixToArray.xml (RunModel)" time="0.061" />
  <testcase classname="ptolemy.util.test.junit.AutoTests" name="[221] /home/travis/build/icyphy/ptII/ptolemy/actor/lib/test/auto/MaxIndex.xml (RunModel)" time="0.014" />
  <testcase classname="ptolemy.util.test.junit.AutoTests" name="[222] /home/travis/build/icyphy/ptII/ptolemy/actor/lib/test/auto/Maximum.xml (RunModel)" time="0.016" />
  <testcase classname="ptolemy.util.test.junit.AutoTests" name="[223] /home/travis/build/icyphy/ptII/ptolemy/actor/lib/test/auto/MaximumComplex.xml (RunModel)" time="0.015" />
  <testcase classname="ptolemy.util.test.junit.AutoTests" name="[224] /home/travis/build/icyphy/ptII/ptolemy/actor/lib/test/auto/MethodCallTest.xml (RunModel)" time="0.027" />
  <testcase classname="ptolemy.util.test.junit.AutoTests" name="[225] /home/travis/build/icyphy/ptII/ptolemy/actor/lib/test/auto/Minimum.xml (RunModel)" time="0.013" />
  <testcase classname="ptolemy.util.test.junit.AutoTests" name="[226] /home/travis/build/icyphy/ptII/ptolemy/actor/lib/test/auto/MinimumComplex.xml (RunModel)" time="0.014" />
  <testcase classname="ptolemy.util.test.junit.AutoTests" name="[227] /home/travis/build/icyphy/ptII/ptolemy/actor/lib/test/auto/MinimumMultiports.xml (RunModel)" time="0.03" />
  <testcase classname="ptolemy.util.test.junit.AutoTests" name="[228] /home/travis/build/icyphy/ptII/ptolemy/actor/lib/test/auto/ModifyDate.xml (RunModel)" time="0.041" />
  <testcase classname="ptolemy.util.test.junit.AutoTests" name="[229] /home/travis/build/icyphy/ptII/ptolemy/actor/lib/test/auto/ModifyDate2.xml (RunModel)" time="0.031" />
  <testcase classname="ptolemy.util.test.junit.AutoTests" name="[230] /home/travis/build/icyphy/ptII/ptolemy/actor/lib/test/auto/MovingAverage.xml (RunModel)" time="0.012" />
  <testcase classname="ptolemy.util.test.junit.AutoTests" name="[231] /home/travis/build/icyphy/ptII/ptolemy/actor/lib/test/auto/MovingMaximum.xml (RunModel)" time="0.022" />
  <testcase classname="ptolemy.util.test.junit.AutoTests" name="[232] /home/travis/build/icyphy/ptII/ptolemy/actor/lib/test/auto/MultipleLinksToSameRelation.xml (RunModel)" time="0.008" />
  <testcase classname="ptolemy.util.test.junit.AutoTests" name="[233] /home/travis/build/icyphy/ptII/ptolemy/actor/lib/test/auto/MultipleLinksToSameRelationDE.xml (RunModel)" time="0.008" />
  <testcase classname="ptolemy.util.test.junit.AutoTests" name="[234] /home/travis/build/icyphy/ptII/ptolemy/actor/lib/test/auto/Multiplexor.xml (RunModel)" time="0.011" />
  <testcase classname="ptolemy.util.test.junit.AutoTests" name="[235] /home/travis/build/icyphy/ptII/ptolemy/actor/lib/test/auto/Multiplexor1.xml (RunModel)" time="0.013" />
  <testcase classname="ptolemy.util.test.junit.AutoTests" name="[236] /home/travis/build/icyphy/ptII/ptolemy/actor/lib/test/auto/Multiplexor2.xml (RunModel)" time="0.014" />
  <testcase classname="ptolemy.util.test.junit.AutoTests" name="[237] /home/travis/build/icyphy/ptII/ptolemy/actor/lib/test/auto/Multiplexor3.xml (RunModel)" time="0.008" />
  <testcase classname="ptolemy.util.test.junit.AutoTests" name="[238] /home/travis/build/icyphy/ptII/ptolemy/actor/lib/test/auto/MultiplexorDE.xml (RunModel)" time="0.016" />
  <testcase classname="ptolemy.util.test.junit.AutoTests" name="[239] /home/travis/build/icyphy/ptII/ptolemy/actor/lib/test/auto/MultiportBroadcastTest.xml (RunModel)" time="0.095" />
  <testcase classname="ptolemy.util.test.junit.AutoTests" name="[240] /home/travis/build/icyphy/ptII/ptolemy/actor/lib/test/auto/MultiportOutHangDuringGetWidth.xml (RunModel)" time="0.038" />
  <testcase classname="ptolemy.util.test.junit.AutoTests" name="[241] /home/travis/build/icyphy/ptII/ptolemy/actor/lib/test/auto/NilToken.xml (RunModel)" time="0.013" />
  <testcase classname="ptolemy.util.test.junit.AutoTests" name="[242] /home/travis/build/icyphy/ptII/ptolemy/actor/lib/test/auto/NilTokenNonStrictTest.xml (RunModel)" time="0.012" />
  <testcase classname="ptolemy.util.test.junit.AutoTests" name="[243] /home/travis/build/icyphy/ptII/ptolemy/actor/lib/test/auto/NilTokenRecord.xml (RunModel)" time="0.023" />
  <testcase classname="ptolemy.util.test.junit.AutoTests" name="[244] /home/travis/build/icyphy/ptII/ptolemy/actor/lib/test/auto/NilTokenTypeTest.xml (RunModel)" time="0.038" />
  <testcase classname="ptolemy.util.test.junit.AutoTests" name="[245] /home/travis/build/icyphy/ptII/ptolemy/actor/lib/test/auto/ObjectToken1.xml (RunModel)" time="0.009" />
  <testcase classname="ptolemy.util.test.junit.AutoTests" name="[246] /home/travis/build/icyphy/ptII/ptolemy/actor/lib/test/auto/OrderedMerge.xml (RunModel)" time="0.024" />
  <testcase classname="ptolemy.util.test.junit.AutoTests" name="[247] /home/travis/build/icyphy/ptII/ptolemy/actor/lib/test/auto/OrderedRecordDisassembler.xml (RunModel)" time="0.021" />
  <testcase classname="ptolemy.util.test.junit.AutoTests" name="[248] /home/travis/build/icyphy/ptII/ptolemy/actor/lib/test/auto/OrderedRecordDisassembler2.xml (RunModel)" time="0.018" />
  <testcase classname="ptolemy.util.test.junit.AutoTests" name="[249] /home/travis/build/icyphy/ptII/ptolemy/actor/lib/test/auto/OrderedRecordUpdater.xml (RunModel)" time="0.011" />
  <testcase classname="ptolemy.util.test.junit.AutoTests" name="[250] /home/travis/build/icyphy/ptII/ptolemy/actor/lib/test/auto/OrderedRecordUpdater2.xml (RunModel)" time="0.01" />
  <testcase classname="ptolemy.util.test.junit.AutoTests" name="[251] /home/travis/build/icyphy/ptII/ptolemy/actor/lib/test/auto/PhaseUnwrap.xml (RunModel)" time="0.013" />
  <testcase classname="ptolemy.util.test.junit.AutoTests" name="[252] /home/travis/build/icyphy/ptII/ptolemy/actor/lib/test/auto/PoissonClock.xml (RunModel)" time="0.009" />
  <testcase classname="ptolemy.util.test.junit.AutoTests" name="[253] /home/travis/build/icyphy/ptII/ptolemy/actor/lib/test/auto/PoissonClock2.xml (RunModel)" time="0.007" />
  <testcase classname="ptolemy.util.test.junit.AutoTests" name="[254] /home/travis/build/icyphy/ptII/ptolemy/actor/lib/test/auto/PoissonClock3.xml (RunModel)" time="0.026" />
  <testcase classname="ptolemy.util.test.junit.AutoTests" name="[255] /home/travis/build/icyphy/ptII/ptolemy/actor/lib/test/auto/PubSubWithInitialTokens.xml (RunModel)" time="0.014" />
  <testcase classname="ptolemy.util.test.junit.AutoTests" name="[256] /home/travis/build/icyphy/ptII/ptolemy/actor/lib/test/auto/PubSubWithInitialTokens2.xml (RunModel)" time="0.016" />
  <testcase classname="ptolemy.util.test.junit.AutoTests" name="[257] /home/travis/build/icyphy/ptII/ptolemy/actor/lib/test/auto/PublisherClassNoParameter.xml (RunModel)" time="0.028" />
  <testcase classname="ptolemy.util.test.junit.AutoTests" name="[258] /home/travis/build/icyphy/ptII/ptolemy/actor/lib/test/auto/PublisherClassParameter.xml (RunModel)" time="0.022" />
  <testcase classname="ptolemy.util.test.junit.AutoTests" name="[259] /home/travis/build/icyphy/ptII/ptolemy/actor/lib/test/auto/PublisherNonStrictTest.xml (RunModel)" time="0.014" />
  <testcase classname="ptolemy.util.test.junit.AutoTests" name="[260] /home/travis/build/icyphy/ptII/ptolemy/actor/lib/test/auto/PublisherPort1.xml (RunModel)" time="0.01" />
  <testcase classname="ptolemy.util.test.junit.AutoTests" name="[261] /home/travis/build/icyphy/ptII/ptolemy/actor/lib/test/auto/PublisherPort2.xml (RunModel)" time="0.017" />
  <testcase classname="ptolemy.util.test.junit.AutoTests" name="[262] /home/travis/build/icyphy/ptII/ptolemy/actor/lib/test/auto/PublisherPort3.xml (RunModel)" time="0.016" />
  <testcase classname="ptolemy.util.test.junit.AutoTests" name="[263] /home/travis/build/icyphy/ptII/ptolemy/actor/lib/test/auto/PublisherPort4.xml (RunModel)" time="0.014" />
  <testcase classname="ptolemy.util.test.junit.AutoTests" name="[264] /home/travis/build/icyphy/ptII/ptolemy/actor/lib/test/auto/PublisherPort5.xml (RunModel)" time="0.015" />
  <testcase classname="ptolemy.util.test.junit.AutoTests" name="[265] /home/travis/build/icyphy/ptII/ptolemy/actor/lib/test/auto/PublisherPort5LookAlike.xml (RunModel)" time="0.021" />
  <testcase classname="ptolemy.util.test.junit.AutoTests" name="[266] /home/travis/build/icyphy/ptII/ptolemy/actor/lib/test/auto/PublisherPort6.xml (RunModel)" time="0.013" />
  <testcase classname="ptolemy.util.test.junit.AutoTests" name="[267] /home/travis/build/icyphy/ptII/ptolemy/actor/lib/test/auto/PublisherPort7.xml (RunModel)" time="0.015" />
  <testcase classname="ptolemy.util.test.junit.AutoTests" name="[268] /home/travis/build/icyphy/ptII/ptolemy/actor/lib/test/auto/PublisherPort8.xml (RunModel)" time="0.017" />
  <testcase classname="ptolemy.util.test.junit.AutoTests" name="[269] /home/travis/build/icyphy/ptII/ptolemy/actor/lib/test/auto/PublisherPortSubscriberChannelVariablesAOC2.xml (RunModel)" time="0.037" />
  <testcase classname="ptolemy.util.test.junit.AutoTests" name="[270] /home/travis/build/icyphy/ptII/ptolemy/actor/lib/test/auto/PublisherPortSubscriberOpaqueWidthInference.xml (RunModel)" time="0.017" />
  <testcase classname="ptolemy.util.test.junit.AutoTests" name="[271] /home/travis/build/icyphy/ptII/ptolemy/actor/lib/test/auto/PublisherPortSubscriberPortAdjacent.xml (RunModel)" time="0.02" />
  <testcase classname="ptolemy.util.test.junit.AutoTests" name="[272] /home/travis/build/icyphy/ptII/ptolemy/actor/lib/test/auto/PublisherPortSubscriberPortExpression.xml (RunModel)" time="0.019" />
  <testcase classname="ptolemy.util.test.junit.AutoTests" name="[273] /home/travis/build/icyphy/ptII/ptolemy/actor/lib/test/auto/PublisherPortSubscriberPortOpaqueD3Reverse.xml (RunModel)" time="0.02" />
  <testcase classname="ptolemy.util.test.junit.AutoTests" name="[274] /home/travis/build/icyphy/ptII/ptolemy/actor/lib/test/auto/PublisherPortSubscriberPortOpaqueWidthInference.xml (RunModel)" time="0.015" />
  <testcase classname="ptolemy.util.test.junit.AutoTests" name="[275] /home/travis/build/icyphy/ptII/ptolemy/actor/lib/test/auto/PublisherPortToplevelSubscriberPortAOC.xml (RunModel)" time="0.013" />
  <testcase classname="ptolemy.util.test.junit.AutoTests" name="[276] /home/travis/build/icyphy/ptII/ptolemy/actor/lib/test/auto/PublisherSubscriber.xml (RunModel)" time="0.014" />
  <testcase classname="ptolemy.util.test.junit.AutoTests" name="[277] /home/travis/build/icyphy/ptII/ptolemy/actor/lib/test/auto/PublisherSubscriber10.xml (RunModel)" time="0.021" />
  <testcase classname="ptolemy.util.test.junit.AutoTests" name="[278] /home/travis/build/icyphy/ptII/ptolemy/actor/lib/test/auto/PublisherSubscriber10InitialOutputs.xml (RunModel)" time="0.03" />
  <testcase classname="ptolemy.util.test.junit.AutoTests" name="[279] /home/travis/build/icyphy/ptII/ptolemy/actor/lib/test/auto/PublisherSubscriber11.xml (RunModel)" time="0.023" />
  <testcase classname="ptolemy.util.test.junit.AutoTests" name="[280] /home/travis/build/icyphy/ptII/ptolemy/actor/lib/test/auto/PublisherSubscriber12.xml (RunModel)" time="0.023" />
  <testcase classname="ptolemy.util.test.junit.AutoTests" name="[281] /home/travis/build/icyphy/ptII/ptolemy/actor/lib/test/auto/PublisherSubscriber13.xml (RunModel)" time="0.011" />
  <testcase classname="ptolemy.util.test.junit.AutoTests" name="[282] /home/travis/build/icyphy/ptII/ptolemy/actor/lib/test/auto/PublisherSubscriber14.xml (RunModel)" time="0.02" />
  <testcase classname="ptolemy.util.test.junit.AutoTests" name="[283] /home/travis/build/icyphy/ptII/ptolemy/actor/lib/test/auto/PublisherSubscriber2.xml (RunModel)" time="0.011" />
  <testcase classname="ptolemy.util.test.junit.AutoTests" name="[284] /home/travis/build/icyphy/ptII/ptolemy/actor/lib/test/auto/PublisherSubscriber3.xml (RunModel)" time="0.011" />
  <testcase classname="ptolemy.util.test.junit.AutoTests" name="[285] /home/travis/build/icyphy/ptII/ptolemy/actor/lib/test/auto/PublisherSubscriber4.xml (RunModel)" time="0.009" />
  <testcase classname="ptolemy.util.test.junit.AutoTests" name="[286] /home/travis/build/icyphy/ptII/ptolemy/actor/lib/test/auto/PublisherSubscriber5.xml (RunModel)" time="0.012" />
  <testcase classname="ptolemy.util.test.junit.AutoTests" name="[287] /home/travis/build/icyphy/ptII/ptolemy/actor/lib/test/auto/PublisherSubscriber6.xml (RunModel)" time="0.021" />
  <testcase classname="ptolemy.util.test.junit.AutoTests" name="[288] /home/travis/build/icyphy/ptII/ptolemy/actor/lib/test/auto/PublisherSubscriber7.xml (RunModel)" time="0.019" />
  <testcase classname="ptolemy.util.test.junit.AutoTests" name="[289] /home/travis/build/icyphy/ptII/ptolemy/actor/lib/test/auto/PublisherSubscriber8.xml (RunModel)" time="0.037" />
  <testcase classname="ptolemy.util.test.junit.AutoTests" name="[290] /home/travis/build/icyphy/ptII/ptolemy/actor/lib/test/auto/PublisherSubscriber9.xml (RunModel)" time="0.021" />
  <testcase classname="ptolemy.util.test.junit.AutoTests" name="[291] /home/travis/build/icyphy/ptII/ptolemy/actor/lib/test/auto/PublisherSubscriberAdjacent.xml (RunModel)" time="0.018" />
  <testcase classname="ptolemy.util.test.junit.AutoTests" name="[292] /home/travis/build/icyphy/ptII/ptolemy/actor/lib/test/auto/PublisherSubscriberChannelVariablesAOC2.xml (RunModel)" time="0.034" />
  <testcase classname="ptolemy.util.test.junit.AutoTests" name="[293] /home/travis/build/icyphy/ptII/ptolemy/actor/lib/test/auto/PublisherSubscriberD3.xml (RunModel)" time="0.015" />
  <testcase classname="ptolemy.util.test.junit.AutoTests" name="[294] /home/travis/build/icyphy/ptII/ptolemy/actor/lib/test/auto/PublisherSubscriberD3Reverse.xml (RunModel)" time="0.017" />
  <testcase classname="ptolemy.util.test.junit.AutoTests" name="[295] /home/travis/build/icyphy/ptII/ptolemy/actor/lib/test/auto/PublisherSubscriberExpression.xml (RunModel)" time="0.019" />
  <testcase classname="ptolemy.util.test.junit.AutoTests" name="[296] /home/travis/build/icyphy/ptII/ptolemy/actor/lib/test/auto/PublisherSubscriberOpaque.xml (RunModel)" time="0.016" />
  <testcase classname="ptolemy.util.test.junit.AutoTests" name="[297] /home/travis/build/icyphy/ptII/ptolemy/actor/lib/test/auto/PublisherSubscriberOpaqueD3.xml (RunModel)" time="0.023" />
  <testcase classname="ptolemy.util.test.junit.AutoTests" name="[298] /home/travis/build/icyphy/ptII/ptolemy/actor/lib/test/auto/PublisherSubscriberOpaqueD3Reverse.xml (RunModel)" time="0.022" />
  <testcase classname="ptolemy.util.test.junit.AutoTests" name="[299] /home/travis/build/icyphy/ptII/ptolemy/actor/lib/test/auto/PublisherSubscriberOpaqueWidthInference.xml (RunModel)" time="0.016" />
  <testcase classname="ptolemy.util.test.junit.AutoTests" name="[300] /home/travis/build/icyphy/ptII/ptolemy/actor/lib/test/auto/PublisherTestSubscriber.xml (RunModel)" time="0.019" />
  <testcase classname="ptolemy.util.test.junit.AutoTests" name="[301] /home/travis/build/icyphy/ptII/ptolemy/actor/lib/test/auto/PublisherToplevelSubscriberPortAOC.xml (RunModel)" time="0.011" />
  <testcase classname="ptolemy.util.test.junit.AutoTests" name="[302] /home/travis/build/icyphy/ptII/ptolemy/actor/lib/test/auto/PulseFiringLimitDE.xml (RunModel)" time="0.016" />
  <testcase classname="ptolemy.util.test.junit.AutoTests" name="[303] /home/travis/build/icyphy/ptII/ptolemy/actor/lib/test/auto/Ramp1.xml (RunModel)" time="0.007" />
  <testcase classname="ptolemy.util.test.junit.AutoTests" name="[304] /home/travis/build/icyphy/ptII/ptolemy/actor/lib/test/auto/RampFiringLimitDE.xml (RunModel)" time="0.012" />
  <testcase classname="ptolemy.util.test.junit.AutoTests" name="[305] /home/travis/build/icyphy/ptII/ptolemy/actor/lib/test/auto/RampFiringLimitSDF.xml (RunModel)" time="0.011" />
  <testcase classname="ptolemy.util.test.junit.AutoTests" name="[306] /home/travis/build/icyphy/ptII/ptolemy/actor/lib/test/auto/RandomInteger.xml (RunModel)" time="0.009" />
  <testcase classname="ptolemy.util.test.junit.AutoTests" name="[307] /home/travis/build/icyphy/ptII/ptolemy/actor/lib/test/auto/ReadFile1.xml (RunModel)" time="0.008" />
  <testcase classname="ptolemy.util.test.junit.AutoTests" name="[308] /home/travis/build/icyphy/ptII/ptolemy/actor/lib/test/auto/ReadFile2.xml (RunModel)" time="0.007" />
  <testcase classname="ptolemy.util.test.junit.AutoTests" name="[309] /home/travis/build/icyphy/ptII/ptolemy/actor/lib/test/auto/Reader.xml (RunModel)" time="0.012" />
  <testcase classname="ptolemy.util.test.junit.AutoTests" name="[310] /home/travis/build/icyphy/ptII/ptolemy/actor/lib/test/auto/RecordAssemblerDisplayNameTest.xml (RunModel)" time="3.952" />
  <testcase classname="ptolemy.util.test.junit.AutoTests" name="[311] /home/travis/build/icyphy/ptII/ptolemy/actor/lib/test/auto/RecordAssemblerTypeError.xml (RunModel)" time="0.04" />
  <testcase classname="ptolemy.util.test.junit.AutoTests" name="[312] /home/travis/build/icyphy/ptII/ptolemy/actor/lib/test/auto/RecordDisassember.xml (RunModel)" time="0.011" />
  <testcase classname="ptolemy.util.test.junit.AutoTests" name="[313] /home/travis/build/icyphy/ptII/ptolemy/actor/lib/test/auto/RecordDisassemberDisplayNameTest.xml (RunModel)" time="0.018" />
  <testcase classname="ptolemy.util.test.junit.AutoTests" name="[314] /home/travis/build/icyphy/ptII/ptolemy/actor/lib/test/auto/RecordDisassembler.xml (RunModel)" time="0.009" />
  <testcase classname="ptolemy.util.test.junit.AutoTests" name="[315] /home/travis/build/icyphy/ptII/ptolemy/actor/lib/test/auto/RecordDisassembler2.xml (RunModel)" time="0.016" />
  <testcase classname="ptolemy.util.test.junit.AutoTests" name="[316] /home/travis/build/icyphy/ptII/ptolemy/actor/lib/test/auto/RecordUpdater.xml (RunModel)" time="0.013" />
  <testcase classname="ptolemy.util.test.junit.AutoTests" name="[317] /home/travis/build/icyphy/ptII/ptolemy/actor/lib/test/auto/RecordUpdater2.xml (RunModel)" time="0.009" />
  <testcase classname="ptolemy.util.test.junit.AutoTests" name="[318] /home/travis/build/icyphy/ptII/ptolemy/actor/lib/test/auto/RecursiveLattice.xml (RunModel)" time="0.009" />
  <testcase classname="ptolemy.util.test.junit.AutoTests" name="[319] /home/travis/build/icyphy/ptII/ptolemy/actor/lib/test/auto/Router.xml (RunModel)" time="3.026" />
  <testcase classname="ptolemy.util.test.junit.AutoTests" name="[320] /home/travis/build/icyphy/ptII/ptolemy/actor/lib/test/auto/Router2.xml (RunModel)" time="3.029" />
  <testcase classname="ptolemy.util.test.junit.AutoTests" name="[321] /home/travis/build/icyphy/ptII/ptolemy/actor/lib/test/auto/RunningMaximum.xml (RunModel)" time="0.018" />
  <testcase classname="ptolemy.util.test.junit.AutoTests" name="[322] /home/travis/build/icyphy/ptII/ptolemy/actor/lib/test/auto/RunningMinimum.xml (RunModel)" time="0.017" />
  <testcase classname="ptolemy.util.test.junit.AutoTests" name="[323] /home/travis/build/icyphy/ptII/ptolemy/actor/lib/test/auto/Scale.xml (RunModel)" time="0.008" />
  <testcase classname="ptolemy.util.test.junit.AutoTests" name="[324] /home/travis/build/icyphy/ptII/ptolemy/actor/lib/test/auto/Scale2.xml (RunModel)" time="0.021" />
  <testcase classname="ptolemy.util.test.junit.AutoTests" name="[325] /home/travis/build/icyphy/ptII/ptolemy/actor/lib/test/auto/Scale3.xml (RunModel)" time="0.018" />
  <testcase classname="ptolemy.util.test.junit.AutoTests" name="[326] /home/travis/build/icyphy/ptII/ptolemy/actor/lib/test/auto/ScaleArray.xml (RunModel)" time="0.008" />
  <testcase classname="ptolemy.util.test.junit.AutoTests" name="[327] /home/travis/build/icyphy/ptII/ptolemy/actor/lib/test/auto/ScaleArray2.xml (RunModel)" time="0.008" />
  <testcase classname="ptolemy.util.test.junit.AutoTests" name="[328] /home/travis/build/icyphy/ptII/ptolemy/actor/lib/test/auto/ScaleMatrix.xml (RunModel)" time="0.131" />
  <testcase classname="ptolemy.util.test.junit.AutoTests" name="[329] /home/travis/build/icyphy/ptII/ptolemy/actor/lib/test/auto/Select.xml (RunModel)" time="0.013" />
  <testcase classname="ptolemy.util.test.junit.AutoTests" name="[330] /home/travis/build/icyphy/ptII/ptolemy/actor/lib/test/auto/Select2.xml (RunModel)" time="0.008" />
  <testcase classname="ptolemy.util.test.junit.AutoTests" name="[331] /home/travis/build/icyphy/ptII/ptolemy/actor/lib/test/auto/SequenceToArray2.xml (RunModel)" time="0.188" />
  <testcase classname="ptolemy.util.test.junit.AutoTests" name="[332] /home/travis/build/icyphy/ptII/ptolemy/actor/lib/test/auto/SequentialClock.xml (RunModel)" time="0.008" />
  <testcase classname="ptolemy.util.test.junit.AutoTests" name="[333] /home/travis/build/icyphy/ptII/ptolemy/actor/lib/test/auto/SetVariable.xml (RunModel)" time="0.014" />
  <testcase classname="ptolemy.util.test.junit.AutoTests" name="[334] /home/travis/build/icyphy/ptII/ptolemy/actor/lib/test/auto/SetVariable2.xml (RunModel)" time="0.011" />
  <testcase classname="ptolemy.util.test.junit.AutoTests" name="[335] /home/travis/build/icyphy/ptII/ptolemy/actor/lib/test/auto/SetVariable3.xml (RunModel)" time="0.013" />
  <testcase classname="ptolemy.util.test.junit.AutoTests" name="[336] /home/travis/build/icyphy/ptII/ptolemy/actor/lib/test/auto/SetVariable4.xml (RunModel)" time="0.024" />
  <testcase classname="ptolemy.util.test.junit.AutoTests" name="[337] /home/travis/build/icyphy/ptII/ptolemy/actor/lib/test/auto/SetVariable5.xml (RunModel)" time="0.038" />
  <testcase classname="ptolemy.util.test.junit.AutoTests" name="[338] /home/travis/build/icyphy/ptII/ptolemy/actor/lib/test/auto/Sinewave.xml (RunModel)" time="0.026" />
  <testcase classname="ptolemy.util.test.junit.AutoTests" name="[339] /home/travis/build/icyphy/ptII/ptolemy/actor/lib/test/auto/Sinewave2.xml (RunModel)" time="0.016" />
  <testcase classname="ptolemy.util.test.junit.AutoTests" name="[340] /home/travis/build/icyphy/ptII/ptolemy/actor/lib/test/auto/Sinewave3.xml (RunModel)" time="0.019" />
  <testcase classname="ptolemy.util.test.junit.AutoTests" name="[341] /home/travis/build/icyphy/ptII/ptolemy/actor/lib/test/auto/SingleEvent.xml (RunModel)" time="0.007" />
  <testcase classname="ptolemy.util.test.junit.AutoTests" name="[342] /home/travis/build/icyphy/ptII/ptolemy/actor/lib/test/auto/Sleep.xml (RunModel)" time="6.02" />
  <testcase classname="ptolemy.util.test.junit.AutoTests" name="[343] /home/travis/build/icyphy/ptII/ptolemy/actor/lib/test/auto/SleepMultipleFire.xml (RunModel)" time="1.026" />
  <testcase classname="ptolemy.util.test.junit.AutoTests" name="[344] /home/travis/build/icyphy/ptII/ptolemy/actor/lib/test/auto/StopDE.xml (RunModel)" time="0.03" />
  <testcase classname="ptolemy.util.test.junit.AutoTests" name="[345] /home/travis/build/icyphy/ptII/ptolemy/actor/lib/test/auto/StopSDF.xml (RunModel)" time="0.015" />
  <testcase classname="ptolemy.util.test.junit.AutoTests" name="[346] /home/travis/build/icyphy/ptII/ptolemy/actor/lib/test/auto/StringConstant.xml (RunModel)" time="0.018" />
  <testcase classname="ptolemy.util.test.junit.AutoTests" name="[347] /home/travis/build/icyphy/ptII/ptolemy/actor/lib/test/auto/SubscriberPortInitialValues1.xml (RunModel)" time="0.02" />
  <testcase classname="ptolemy.util.test.junit.AutoTests" name="[348] /home/travis/build/icyphy/ptII/ptolemy/actor/lib/test/auto/SubscriberPortInitialValues13.xml (RunModel)" time="0.025" />
  <testcase classname="ptolemy.util.test.junit.AutoTests" name="[349] /home/travis/build/icyphy/ptII/ptolemy/actor/lib/test/auto/SubscriberPortInitialValues14.xml (RunModel)" time="0.015" />
  <testcase classname="ptolemy.util.test.junit.AutoTests" name="[350] /home/travis/build/icyphy/ptII/ptolemy/actor/lib/test/auto/SubscriberPortInitialValues2.xml (RunModel)" time="0.016" />
  <testcase classname="ptolemy.util.test.junit.AutoTests" name="[351] /home/travis/build/icyphy/ptII/ptolemy/actor/lib/test/auto/SubscriberPortInitialValues3.xml (RunModel)" time="0.019" />
  <testcase classname="ptolemy.util.test.junit.AutoTests" name="[352] /home/travis/build/icyphy/ptII/ptolemy/actor/lib/test/auto/SubscriptionAggregator.xml (RunModel)" time="0.011" />
  <testcase classname="ptolemy.util.test.junit.AutoTests" name="[353] /home/travis/build/icyphy/ptII/ptolemy/actor/lib/test/auto/SubscriptionAggregator2.xml (RunModel)" time="0.012" />
  <testcase classname="ptolemy.util.test.junit.AutoTests" name="[354] /home/travis/build/icyphy/ptII/ptolemy/actor/lib/test/auto/SubscriptionAggregator3.xml (RunModel)" time="0.016" />
  <testcase classname="ptolemy.util.test.junit.AutoTests" name="[355] /home/travis/build/icyphy/ptII/ptolemy/actor/lib/test/auto/SubscriptionAggregatorMultiply.xml (RunModel)" time="0.017" />
  <testcase classname="ptolemy.util.test.junit.AutoTests" name="[356] /home/travis/build/icyphy/ptII/ptolemy/actor/lib/test/auto/SubscriptionAggregatorPortMultiply1.xml (RunModel)" time="0.014" />
  <testcase classname="ptolemy.util.test.junit.AutoTests" name="[357] /home/travis/build/icyphy/ptII/ptolemy/actor/lib/test/auto/Switch.xml (RunModel)" time="0.018" />
  <testcase classname="ptolemy.util.test.junit.AutoTests" name="[358] /home/travis/build/icyphy/ptII/ptolemy/actor/lib/test/auto/Switch2.xml (RunModel)" time="0.011" />
  <testcase classname="ptolemy.util.test.junit.AutoTests" name="[359] /home/travis/build/icyphy/ptII/ptolemy/actor/lib/test/auto/SwitchDE.xml (RunModel)" time="0.015" />
  <testcase classname="ptolemy.util.test.junit.AutoTests" name="[360] /home/travis/build/icyphy/ptII/ptolemy/actor/lib/test/auto/SynchronizerDE.xml (RunModel)" time="0.021" />
  <testcase classname="ptolemy.util.test.junit.AutoTests" name="[361] /home/travis/build/icyphy/ptII/ptolemy/actor/lib/test/auto/Test.xml (RunModel)" time="0.01" />
  <testcase classname="ptolemy.util.test.junit.AutoTests" name="[362] /home/travis/build/icyphy/ptII/ptolemy/actor/lib/test/auto/TestExceptionAttribute1.xml (RunModel)" time="0.007" />
  <testcase classname="ptolemy.util.test.junit.AutoTests" name="[363] /home/travis/build/icyphy/ptII/ptolemy/actor/lib/test/auto/TestExceptionAttribute2.xml (RunModel)" time="0.012" />
  <testcase classname="ptolemy.util.test.junit.AutoTests" name="[364] /home/travis/build/icyphy/ptII/ptolemy/actor/lib/test/auto/TestExceptionAttribute3.xml (RunModel)" time="0.006" />
  <testcase classname="ptolemy.util.test.junit.AutoTests" name="[365] /home/travis/build/icyphy/ptII/ptolemy/actor/lib/test/auto/TestExceptionAttribute4.xml (RunModel)" time="0.006" />
  <testcase classname="ptolemy.util.test.junit.AutoTests" name="[366] /home/travis/build/icyphy/ptII/ptolemy/actor/lib/test/auto/TestExceptionHandler1.xml (RunModel)" time="0.008" />
  <testcase classname="ptolemy.util.test.junit.AutoTests" name="[367] /home/travis/build/icyphy/ptII/ptolemy/actor/lib/test/auto/TestExceptionHandler2.xml (RunModel)" time="0.015" />
  <testcase classname="ptolemy.util.test.junit.AutoTests" name="[368] /home/travis/build/icyphy/ptII/ptolemy/actor/lib/test/auto/TestExceptionHandler3.xml (RunModel)" time="0.006" />
  <testcase classname="ptolemy.util.test.junit.AutoTests" name="[369] /home/travis/build/icyphy/ptII/ptolemy/actor/lib/test/auto/TestExceptionHandler4.xml (RunModel)" time="0.006" />
  <testcase classname="ptolemy.util.test.junit.AutoTests" name="[370] /home/travis/build/icyphy/ptII/ptolemy/actor/lib/test/auto/TestRequireCorrectOrder.xml (RunModel)" time="0.013" />
  <testcase classname="ptolemy.util.test.junit.AutoTests" name="[371] /home/travis/build/icyphy/ptII/ptolemy/actor/lib/test/auto/TestSimple.xml (RunModel)" time="0.007" />
  <testcase classname="ptolemy.util.test.junit.AutoTests" name="[372] /home/travis/build/icyphy/ptII/ptolemy/actor/lib/test/auto/ThrowModelError.xml (RunModel)" time="0.011" />
  <testcase classname="ptolemy.util.test.junit.AutoTests" name="[373] /home/travis/build/icyphy/ptII/ptolemy/actor/lib/test/auto/TimeDelayMicrosteps.xml (RunModel)" time="0.014" />
  <testcase classname="ptolemy.util.test.junit.AutoTests" name="[374] /home/travis/build/icyphy/ptII/ptolemy/actor/lib/test/auto/TimeDelayMicrosteps2.xml (RunModel)" time="0.014" />
  <testcase classname="ptolemy.util.test.junit.AutoTests" name="[375] /home/travis/build/icyphy/ptII/ptolemy/actor/lib/test/auto/TimeDelayMicrosteps3.xml (RunModel)" time="0.012" />
  <testcase classname="ptolemy.util.test.junit.AutoTests" name="[376] /home/travis/build/icyphy/ptII/ptolemy/actor/lib/test/auto/TimeDelayVariableMicrosteps.xml (RunModel)" time="0.011" />
  <testcase classname="ptolemy.util.test.junit.AutoTests" name="[377] /home/travis/build/icyphy/ptII/ptolemy/actor/lib/test/auto/TimeGap.xml (RunModel)" time="0.025" />
  <testcase classname="ptolemy.util.test.junit.AutoTests" name="[378] /home/travis/build/icyphy/ptII/ptolemy/actor/lib/test/auto/TimeGap2.xml (RunModel)" time="0.022" />
  <testcase classname="ptolemy.util.test.junit.AutoTests" name="[379] /home/travis/build/icyphy/ptII/ptolemy/actor/lib/test/auto/TimedSinewave.xml (RunModel)" time="0.093" />
  <testcase classname="ptolemy.util.test.junit.AutoTests" name="[380] /home/travis/build/icyphy/ptII/ptolemy/actor/lib/test/auto/TimedSinewavePhase.xml (RunModel)" time="0.026" />
  <testcase classname="ptolemy.util.test.junit.AutoTests" name="[381] /home/travis/build/icyphy/ptII/ptolemy/actor/lib/test/auto/Timer.xml (RunModel)" time="0.016" />
  <testcase classname="ptolemy.util.test.junit.AutoTests" name="[382] /home/travis/build/icyphy/ptII/ptolemy/actor/lib/test/auto/TriangularDistTestModel.xml (RunModel)" time="0.016" />
  <testcase classname="ptolemy.util.test.junit.AutoTests" name="[383] /home/travis/build/icyphy/ptII/ptolemy/actor/lib/test/auto/TrigFunction.xml (RunModel)" time="0.008" />
  <testcase classname="ptolemy.util.test.junit.AutoTests" name="[384] /home/travis/build/icyphy/ptII/ptolemy/actor/lib/test/auto/TrigFunctionDE.xml (RunModel)" time="0.014" />
  <testcase classname="ptolemy.util.test.junit.AutoTests" name="[385] /home/travis/build/icyphy/ptII/ptolemy/actor/lib/test/auto/TrigFunctionInverse.xml (RunModel)" time="0.009" />
  <testcase classname="ptolemy.util.test.junit.AutoTests" name="[386] /home/travis/build/icyphy/ptII/ptolemy/actor/lib/test/auto/TrigFunctionTan.xml (RunModel)" time="0.007" />
  <testcase classname="ptolemy.util.test.junit.AutoTests" name="[387] /home/travis/build/icyphy/ptII/ptolemy/actor/lib/test/auto/TriggeredClock.xml (RunModel)" time="0.015" />
  <testcase classname="ptolemy.util.test.junit.AutoTests" name="[388] /home/travis/build/icyphy/ptII/ptolemy/actor/lib/test/auto/URLDirectoryReader.xml (RunModel)" time="0.124" />
  <testcase classname="ptolemy.util.test.junit.AutoTests" name="[389] /home/travis/build/icyphy/ptII/ptolemy/actor/lib/test/auto/URLDirectoryReader3.xml (RunModel)" time="1.415" />
  <testcase classname="ptolemy.util.test.junit.AutoTests" name="[390] /home/travis/build/icyphy/ptII/ptolemy/actor/lib/test/auto/UnaryMathFunction.xml (RunModel)" time="0.027" />
  <testcase classname="ptolemy.util.test.junit.AutoTests" name="[391] /home/travis/build/icyphy/ptII/ptolemy/actor/lib/test/auto/Uniform.xml (RunModel)" time="0.012" />
  <testcase classname="ptolemy.util.test.junit.AutoTests" name="[392] /home/travis/build/icyphy/ptII/ptolemy/actor/lib/test/auto/UnionDisassemblerTest.xml (RunModel)" time="0.02" />
  <testcase classname="ptolemy.util.test.junit.AutoTests" name="[393] /home/travis/build/icyphy/ptII/ptolemy/actor/lib/test/auto/UtilityFunctions.xml (RunModel)" time="0.014" />
  <testcase classname="ptolemy.util.test.junit.AutoTests" name="[394] /home/travis/build/icyphy/ptII/ptolemy/actor/lib/test/auto/VariableSleep.xml (RunModel)" time="0.512" />
  <testcase classname="ptolemy.util.test.junit.AutoTests" name="[395] /home/travis/build/icyphy/ptII/ptolemy/actor/lib/test/auto/VectorAssemblerDisassemblerCT.xml (RunModel)" time="0.121" />
  <testcase classname="ptolemy.util.test.junit.AutoTests" name="[396] /home/travis/build/icyphy/ptII/ptolemy/actor/lib/test/auto/VectorAssemblerDisassemblerDE.xml (RunModel)" time="0.017" />
  <testcase classname="ptolemy.util.test.junit.AutoTests" name="[397] /home/travis/build/icyphy/ptII/ptolemy/actor/lib/test/auto/VectorAssemblerDisassemblerSDF.xml (RunModel)" time="0.013" />
  <testcase classname="ptolemy.util.test.junit.AutoTests" name="[398] /home/travis/build/icyphy/ptII/ptolemy/actor/lib/test/auto/WallClockTime.xml (RunModel)" time="1.013" />
  <testcase classname="ptolemy.util.test.junit.AutoTests" name="[399] /home/travis/build/icyphy/ptII/ptolemy/actor/lib/test/auto/WidthTestWithSubscriberPublisher.xml (RunModel)" time="0.056" />
  <testcase classname="ptolemy.util.test.junit.AutoTests" name="[400] /home/travis/build/icyphy/ptII/ptolemy/actor/lib/test/auto/WidthTestWithSubscriberPublisher2.xml (RunModel)" time="0.016" />
  <testcase classname="ptolemy.util.test.junit.AutoTests" name="[401] /home/travis/build/icyphy/ptII/ptolemy/actor/lib/test/auto/WidthTestWithSubscriberPublisher3.xml (RunModel)" time="0.012" />
  <testcase classname="ptolemy.util.test.junit.AutoTests" name="[402] /home/travis/build/icyphy/ptII/ptolemy/actor/lib/test/auto/Writer.xml (RunModel)" time="0.008" />
  <testcase classname="ptolemy.util.test.junit.AutoTests" name="[403] /home/travis/build/icyphy/ptII/ptolemy/actor/lib/test/auto/array.xml (RunModel)" time="0.009" />
  <testcase classname="ptolemy.util.test.junit.AutoTests" name="[404] /home/travis/build/icyphy/ptII/ptolemy/actor/lib/test/auto/array2.xml (RunModel)" time="0.009" />
  <testcase classname="ptolemy.util.test.junit.AutoTests" name="[405] /home/travis/build/icyphy/ptII/ptolemy/actor/lib/test/auto/arrayType.xml (RunModel)" time="0.012" />
  <testcase classname="ptolemy.util.test.junit.AutoTests" name="[406] /home/travis/build/icyphy/ptII/ptolemy/actor/lib/test/auto/arrayType10.xml (RunModel)" time="0.014" />
  <testcase classname="ptolemy.util.test.junit.AutoTests" name="[407] /home/travis/build/icyphy/ptII/ptolemy/actor/lib/test/auto/arrayType11.xml (RunModel)" time="0.01" />
  <testcase classname="ptolemy.util.test.junit.AutoTests" name="[408] /home/travis/build/icyphy/ptII/ptolemy/actor/lib/test/auto/arrayType12.xml (RunModel)" time="0.009" />
  <testcase classname="ptolemy.util.test.junit.AutoTests" name="[409] /home/travis/build/icyphy/ptII/ptolemy/actor/lib/test/auto/arrayType13.xml (RunModel)" time="0.009" />
  <testcase classname="ptolemy.util.test.junit.AutoTests" name="[410] /home/travis/build/icyphy/ptII/ptolemy/actor/lib/test/auto/arrayType14.xml (RunModel)" time="0.01" />
  <testcase classname="ptolemy.util.test.junit.AutoTests" name="[411] /home/travis/build/icyphy/ptII/ptolemy/actor/lib/test/auto/arrayType15.xml (RunModel)" time="0.01" />
  <testcase classname="ptolemy.util.test.junit.AutoTests" name="[412] /home/travis/build/icyphy/ptII/ptolemy/actor/lib/test/auto/arrayType16.xml (RunModel)" time="0.009" />
  <testcase classname="ptolemy.util.test.junit.AutoTests" name="[413] /home/travis/build/icyphy/ptII/ptolemy/actor/lib/test/auto/arrayType17.xml (RunModel)" time="0.009" />
  <testcase classname="ptolemy.util.test.junit.AutoTests" name="[414] /home/travis/build/icyphy/ptII/ptolemy/actor/lib/test/auto/arrayType18.xml (RunModel)" time="0.008" />
  <testcase classname="ptolemy.util.test.junit.AutoTests" name="[415] /home/travis/build/icyphy/ptII/ptolemy/actor/lib/test/auto/arrayType19.xml (RunModel)" time="0.008" />
  <testcase classname="ptolemy.util.test.junit.AutoTests" name="[416] /home/travis/build/icyphy/ptII/ptolemy/actor/lib/test/auto/arrayType2.xml (RunModel)" time="0.009" />
  <testcase classname="ptolemy.util.test.junit.AutoTests" name="[417] /home/travis/build/icyphy/ptII/ptolemy/actor/lib/test/auto/arrayType20.xml (RunModel)" time="0.008" />
  <testcase classname="ptolemy.util.test.junit.AutoTests" name="[418] /home/travis/build/icyphy/ptII/ptolemy/actor/lib/test/auto/arrayType21.xml (RunModel)" time="0.008" />
  <testcase classname="ptolemy.util.test.junit.AutoTests" name="[419] /home/travis/build/icyphy/ptII/ptolemy/actor/lib/test/auto/arrayType22.xml (RunModel)" time="0.008" />
  <testcase classname="ptolemy.util.test.junit.AutoTests" name="[420] /home/travis/build/icyphy/ptII/ptolemy/actor/lib/test/auto/arrayType23.xml (RunModel)" time="0.008" />
  <testcase classname="ptolemy.util.test.junit.AutoTests" name="[421] /home/travis/build/icyphy/ptII/ptolemy/actor/lib/test/auto/arrayType24.xml (RunModel)" time="0.008" />
  <testcase classname="ptolemy.util.test.junit.AutoTests" name="[422] /home/travis/build/icyphy/ptII/ptolemy/actor/lib/test/auto/arrayType25.xml (RunModel)" time="0.008" />
  <testcase classname="ptolemy.util.test.junit.AutoTests" name="[423] /home/travis/build/icyphy/ptII/ptolemy/actor/lib/test/auto/arrayType26.xml (RunModel)" time="0.009" />
  <testcase classname="ptolemy.util.test.junit.AutoTests" name="[424] /home/travis/build/icyphy/ptII/ptolemy/actor/lib/test/auto/arrayType27.xml (RunModel)" time="0.008" />
  <testcase classname="ptolemy.util.test.junit.AutoTests" name="[425] /home/travis/build/icyphy/ptII/ptolemy/actor/lib/test/auto/arrayType28.xml (RunModel)" time="0.01" />
  <testcase classname="ptolemy.util.test.junit.AutoTests" name="[426] /home/travis/build/icyphy/ptII/ptolemy/actor/lib/test/auto/arrayType3.xml (RunModel)" time="0.01" />
  <testcase classname="ptolemy.util.test.junit.AutoTests" name="[427] /home/travis/build/icyphy/ptII/ptolemy/actor/lib/test/auto/arrayType4.xml (RunModel)" time="0.009" />
  <testcase classname="ptolemy.util.test.junit.AutoTests" name="[428] /home/travis/build/icyphy/ptII/ptolemy/actor/lib/test/auto/arrayType5.xml (RunModel)" time="0.019" />
  <testcase classname="ptolemy.util.test.junit.AutoTests" name="[429] /home/travis/build/icyphy/ptII/ptolemy/actor/lib/test/auto/arrayType6.xml (RunModel)" time="0.024" />
  <testcase classname="ptolemy.util.test.junit.AutoTests" name="[430] /home/travis/build/icyphy/ptII/ptolemy/actor/lib/test/auto/arrayType7.xml (RunModel)" time="0.009" />
  <testcase classname="ptolemy.util.test.junit.AutoTests" name="[431] /home/travis/build/icyphy/ptII/ptolemy/actor/lib/test/auto/arrayType8.xml (RunModel)" time="0.009" />
  <testcase classname="ptolemy.util.test.junit.AutoTests" name="[432] /home/travis/build/icyphy/ptII/ptolemy/actor/lib/test/auto/arrayType9.xml (RunModel)" time="0.008" />
  <testcase classname="ptolemy.util.test.junit.AutoTests" name="[433] /home/travis/build/icyphy/ptII/ptolemy/actor/lib/test/auto/cast.xml (RunModel)" time="0.009" />
  <testcase classname="ptolemy.util.test.junit.AutoTests" name="[434] /home/travis/build/icyphy/ptII/ptolemy/actor/lib/test/auto/compositeMultiPort.xml (RunModel)" time="0.018" />
  <testcase classname="ptolemy.util.test.junit.AutoTests" name="[435] /home/travis/build/icyphy/ptII/ptolemy/actor/lib/test/auto/expressionCastInference.xml (RunModel)" time="0.009" />
  <testcase classname="ptolemy.util.test.junit.AutoTests" name="[436] /home/travis/build/icyphy/ptII/ptolemy/actor/lib/test/auto/expressionCastInference2.xml (RunModel)" time="0.008" />
  <testcase classname="ptolemy.util.test.junit.AutoTests" name="[437] /home/travis/build/icyphy/ptII/ptolemy/actor/lib/test/auto/expressionInference.xml (RunModel)" time="0.007" />
  <testcase classname="ptolemy.util.test.junit.AutoTests" name="[438] /home/travis/build/icyphy/ptII/ptolemy/actor/lib/test/auto/expression_bug.xml (RunModel)" time="0.007" />
  <testcase classname="ptolemy.util.test.junit.AutoTests" name="[439] /home/travis/build/icyphy/ptII/ptolemy/actor/lib/test/auto/factorial.xml (RunModel)" time="0.053" />
  <testcase classname="ptolemy.util.test.junit.AutoTests" name="[440] /home/travis/build/icyphy/ptII/ptolemy/actor/lib/test/auto/filterTest1.xml (RunModel)" time="0.015" />
  <testcase classname="ptolemy.util.test.junit.AutoTests" name="[441] /home/travis/build/icyphy/ptII/ptolemy/actor/lib/test/auto/funcApplyInConst.xml (RunModel)" time="0.006" />
  <testcase classname="ptolemy.util.test.junit.AutoTests" name="[442] /home/travis/build/icyphy/ptII/ptolemy/actor/lib/test/auto/funcApplyInExpr.xml (RunModel)" time="0.006" />
  <testcase classname="ptolemy.util.test.junit.AutoTests" name="[443] /home/travis/build/icyphy/ptII/ptolemy/actor/lib/test/auto/function.xml (RunModel)" time="0.014" />
  <testcase classname="ptolemy.util.test.junit.AutoTests" name="[444] /home/travis/build/icyphy/ptII/ptolemy/actor/lib/test/auto/function2.xml (RunModel)" time="0.008" />
  <testcase classname="ptolemy.util.test.junit.AutoTests" name="[445] /home/travis/build/icyphy/ptII/ptolemy/actor/lib/test/auto/function3.xml (RunModel)" time="0.094" />
  <testcase classname="ptolemy.util.test.junit.AutoTests" name="[446] /home/travis/build/icyphy/ptII/ptolemy/actor/lib/test/auto/functionClosureTest1.xml (RunModel)" time="0.043" />
  <testcase classname="ptolemy.util.test.junit.AutoTests" name="[447] /home/travis/build/icyphy/ptII/ptolemy/actor/lib/test/auto/functionClosureTest2.xml (RunModel)" time="0.036" />
  <testcase classname="ptolemy.util.test.junit.AutoTests" name="[448] /home/travis/build/icyphy/ptII/ptolemy/actor/lib/test/auto/functionClosureTest3.xml (RunModel)" time="0.057" />
  <testcase classname="ptolemy.util.test.junit.AutoTests" name="[449] /home/travis/build/icyphy/ptII/ptolemy/actor/lib/test/auto/functionClosureTest4.xml (RunModel)" time="0.04" />
  <testcase classname="ptolemy.util.test.junit.AutoTests" name="[450] /home/travis/build/icyphy/ptII/ptolemy/actor/lib/test/auto/functionClosureTest5.xml (RunModel)" time="0.036" />
  <testcase classname="ptolemy.util.test.junit.AutoTests" name="[451] /home/travis/build/icyphy/ptII/ptolemy/actor/lib/test/auto/functionClosureTest6.xml (RunModel)" time="0.01" />
  <testcase classname="ptolemy.util.test.junit.AutoTests" name="[452] /home/travis/build/icyphy/ptII/ptolemy/actor/lib/test/auto/functionsOnArcs.xml (RunModel)" time="0.01" />
  <testcase classname="ptolemy.util.test.junit.AutoTests" name="[453] /home/travis/build/icyphy/ptII/ptolemy/actor/lib/test/auto/functionsOnArcsHOF.xml (RunModel)" time="0.02" />
  <testcase classname="ptolemy.util.test.junit.AutoTests" name="[454] /home/travis/build/icyphy/ptII/ptolemy/actor/lib/test/auto/logic.xml (RunModel)" time="0.019" />
  <testcase classname="ptolemy.util.test.junit.AutoTests" name="[455] /home/travis/build/icyphy/ptII/ptolemy/actor/lib/test/auto/matrixType.xml (RunModel)" time="0.009" />
  <testcase classname="ptolemy.util.test.junit.AutoTests" name="[456] /home/travis/build/icyphy/ptII/ptolemy/actor/lib/test/auto/matrixType10.xml (RunModel)" time="0.009" />
  <testcase classname="ptolemy.util.test.junit.AutoTests" name="[457] /home/travis/build/icyphy/ptII/ptolemy/actor/lib/test/auto/matrixType11.xml (RunModel)" time="0.009" />
  <testcase classname="ptolemy.util.test.junit.AutoTests" name="[458] /home/travis/build/icyphy/ptII/ptolemy/actor/lib/test/auto/matrixType12.xml (RunModel)" time="0.011" />
  <testcase classname="ptolemy.util.test.junit.AutoTests" name="[459] /home/travis/build/icyphy/ptII/ptolemy/actor/lib/test/auto/matrixType13.xml (RunModel)" time="0.01" />
  <testcase classname="ptolemy.util.test.junit.AutoTests" name="[460] /home/travis/build/icyphy/ptII/ptolemy/actor/lib/test/auto/matrixType14.xml (RunModel)" time="0.011" />
  <testcase classname="ptolemy.util.test.junit.AutoTests" name="[461] /home/travis/build/icyphy/ptII/ptolemy/actor/lib/test/auto/matrixType2.xml (RunModel)" time="0.01" />
  <testcase classname="ptolemy.util.test.junit.AutoTests" name="[462] /home/travis/build/icyphy/ptII/ptolemy/actor/lib/test/auto/matrixType3.xml (RunModel)" time="0.011" />
  <testcase classname="ptolemy.util.test.junit.AutoTests" name="[463] /home/travis/build/icyphy/ptII/ptolemy/actor/lib/test/auto/matrixType4.xml (RunModel)" time="0.009" />
  <testcase classname="ptolemy.util.test.junit.AutoTests" name="[464] /home/travis/build/icyphy/ptII/ptolemy/actor/lib/test/auto/matrixType5.xml (RunModel)" time="0.008" />
  <testcase classname="ptolemy.util.test.junit.AutoTests" name="[465] /home/travis/build/icyphy/ptII/ptolemy/actor/lib/test/auto/matrixType6.xml (RunModel)" time="0.009" />
  <testcase classname="ptolemy.util.test.junit.AutoTests" name="[466] /home/travis/build/icyphy/ptII/ptolemy/actor/lib/test/auto/matrixType7.xml (RunModel)" time="0.008" />
  <testcase classname="ptolemy.util.test.junit.AutoTests" name="[467] /home/travis/build/icyphy/ptII/ptolemy/actor/lib/test/auto/matrixType8.xml (RunModel)" time="0.009" />
  <testcase classname="ptolemy.util.test.junit.AutoTests" name="[468] /home/travis/build/icyphy/ptII/ptolemy/actor/lib/test/auto/matrixType9.xml (RunModel)" time="0.008" />
  <testcase classname="ptolemy.util.test.junit.AutoTests" name="[469] /home/travis/build/icyphy/ptII/ptolemy/actor/lib/test/auto/paraFunctest.xml (RunModel)" time="0.007" />
  <testcase classname="ptolemy.util.test.junit.AutoTests" name="[470] /home/travis/build/icyphy/ptII/ptolemy/actor/lib/test/auto/paraFunctest2.xml (RunModel)" time="0.013" />
  <testcase classname="ptolemy.util.test.junit.AutoTests" name="[471] /home/travis/build/icyphy/ptII/ptolemy/actor/lib/test/auto/parameterPassing.xml (RunModel)" time="0.007" />
  <testcase classname="ptolemy.util.test.junit.AutoTests" name="[472] /home/travis/build/icyphy/ptII/ptolemy/actor/lib/test/auto/record.xml (RunModel)" time="0.009" />
  <testcase classname="ptolemy.util.test.junit.AutoTests" name="[473] /home/travis/build/icyphy/ptII/ptolemy/actor/lib/test/auto/sizedarray1.xml (RunModel)" time="0.009" />
  <testcase classname="ptolemy.util.test.junit.AutoTests" name="[474] /home/travis/build/icyphy/ptII/ptolemy/actor/lib/test/auto/sizedarray2.xml (RunModel)" time="0.009" />
  <testcase classname="ptolemy.util.test.junit.AutoTests" name="[475] /home/travis/build/icyphy/ptII/ptolemy/actor/lib/test/auto/twoPublishers.xml (RunModel)" time="0.022" />
  <system-out><![CDATA[/home/travis/build/icyphy/ptII/ptolemy/actor/lib/test/AbsoluteValue.tcl
testDefs.tcl: setting time out to 9000 seconds at Fri Jul 12 03:02:39 UTC 2019
89 ms. Memory: 120832K Free: 100186K (83%)
6 ms. Memory: 120832K Free: 98428K (81%)
5 ms. Memory: 120832K Free: 97558K (81%)
5 ms. Memory: 120832K Free: 96818K (80%)
/home/travis/build/icyphy/ptII/ptolemy/actor/lib/test/AddSubtract.tcl
10 ms. Memory: 120832K Free: 107773K (89%)
6 ms. Memory: 120832K Free: 106749K (88%)
5 ms. Memory: 120832K Free: 106311K (88%)
7 ms. Memory: 120832K Free: 105289K (87%)
44 ms. Memory: 120832K Free: 102653K (85%)
5 ms. Memory: 120832K Free: 101598K (84%)
/home/travis/build/icyphy/ptII/ptolemy/actor/lib/test/Average.tcl
6 ms. Memory: 120832K Free: 100121K (83%)
6 ms. Memory: 120832K Free: 98980K (82%)
/home/travis/build/icyphy/ptII/ptolemy/actor/lib/test/Bernoulli.tcl
5 ms. Memory: 120832K Free: 97095K (80%)
2 ms. Memory: 120832K Free: 96932K (80%)
/home/travis/build/icyphy/ptII/ptolemy/actor/lib/test/Clock.tcl
preinitializing
resolving types
initializing
executing number 1
wrapping up
idle
21 ms. Memory: 120832K Free: 94039K (78%)
Completed execution with 5 iterations
preinitializing
resolving types
initializing
executing number 1
wrapping up
idle
4 ms. Memory: 120832K Free: 93407K (77%)
Completed execution with 5 iterations
preinitializing
resolving types
initializing
executing number 1
wrapping up
idle
4 ms. Memory: 120832K Free: 92836K (77%)
Completed execution with 5 iterations
/home/travis/build/icyphy/ptII/ptolemy/actor/lib/test/Commutator.tcl
7 ms. Memory: 120832K Free: 90953K (75%)
7 ms. Memory: 120832K Free: 89764K (74%)


==== $PTII/ptolemy/actor/lib/test/Commutator.tcl: Commutator-4.1 run with mutations
==== Contents of test case:

    # Grab stdout and put it into results
    jdkCapture {
	$m addChangeListener  [java::new ptolemy.kernel.util.StreamChangeListener]

	set dir [$e0 getDirector]
	#	$dir addDebugListener  #		[java::new ptolemy.kernel.util.StreamListener]
	$m initialize
	$m iterate
	set c1 [java::new ptolemy.moml.MoMLChangeRequest $e0 $e0  {<deleteEntity name="ramp1"/>}]
	set c2 [java::new ptolemy.moml.MoMLChangeRequest $e0 $e0  {<deleteRelation name="r1"/>}]
	$e0 requestChange $c1
	$e0 requestChange $c2
	$m iterate
	$m wrapup
    } results
    # The MoML within <group> ...</group> comes 
    # from SDFScheduler._setBufferSize
    list $results  [enumToTokenValues [$rec getRecord 0]]

==== Result was:
{} {0 0 1}
---- Result should have been:
{StreamChangeRequest.changeExecuted(): <deleteEntity name="ramp1"/> succeeded
StreamChangeRequest.changeExecuted(): <deleteRelation name="r1"/> succeeded
StreamChangeRequest.changeExecuted(): Record firings per iteration succeeded
} {0 0 1}
---- Commutator-4.1 FAILED
20 ms. Memory: 161792K Free: 145362K (90%)
/home/travis/build/icyphy/ptII/ptolemy/actor/lib/test/Const.tcl
5 ms. Memory: 161792K Free: 143314K (89%)
2 ms. Memory: 161792K Free: 142786K (88%)
3 ms. Memory: 161792K Free: 142290K (88%)
2 ms. Memory: 161792K Free: 141762K (88%)
2 ms. Memory: 161792K Free: 141266K (87%)
14 ms. Memory: 161792K Free: 139728K (86%)
5 ms. Memory: 161792K Free: 138698K (86%)
4 ms. Memory: 161792K Free: 137666K (85%)
/home/travis/build/icyphy/ptII/ptolemy/actor/lib/test/CurrentTime.tcl
preinitializing
resolving types
initializing
executing number 1
wrapping up
idle
9 ms. Memory: 161792K Free: 135632K (84%)
Completed execution with 11 iterations
/home/travis/build/icyphy/ptII/ptolemy/actor/lib/test/DB.tcl
13 ms. Memory: 161792K Free: 134098K (83%)
2 ms. Memory: 161792K Free: 133570K (83%)
3 ms. Memory: 161792K Free: 133074K (82%)
/home/travis/build/icyphy/ptII/ptolemy/actor/lib/test/DiscreteRandomSource.tcl
preinitializing
resolving types
initializing
executing number 1
wrapping up
idle
13 ms. Memory: 161792K Free: 131522K (81%)
Completed execution with 4 iterations
preinitializing
resolving types
initializing
executing number 1
wrapping up
idle
3 ms. Memory: 161792K Free: 131522K (81%)
Completed execution with 4 iterations
preinitializing
resolving types
initializing
executing number 1
wrapping up
idle
2 ms. Memory: 161792K Free: 131026K (81%)
Completed execution with 4 iterations
preinitializing
resolving types
initializing
executing number 1
wrapping up
idle
2 ms. Memory: 161792K Free: 130482K (81%)
Completed execution with 4 iterations
preinitializing
resolving types
initializing
executing number 1
wrapping up
idle
4 ms. Memory: 161792K Free: 130002K (80%)
Completed execution with 4 iterations
/home/travis/build/icyphy/ptII/ptolemy/actor/lib/test/Distributor.tcl
5 ms. Memory: 161792K Free: 128434K (79%)
7 ms. Memory: 161792K Free: 127440K (79%)
StreamChangeRequest.changeExecuted(): <deleteEntity name="rec2"/> succeeded
StreamChangeRequest.changeExecuted(): <deleteRelation name="r2"/> succeeded
StreamChangeRequest.changeExecuted(): Record firings per iteration succeeded
10 ms. Memory: 161792K Free: 124882K (77%)
/home/travis/build/icyphy/ptII/ptolemy/actor/lib/test/Exit.tcl
Exit.tcl: this will print a message about Manager.exitAfterWrapup, which can be ignored.
10 ms. Memory: 161792K Free: 122135K (75%)
/home/travis/build/icyphy/ptII/ptolemy/actor/lib/test/Expression.tcl
15 ms. Memory: 161792K Free: 118224K (73%)
3 ms. Memory: 161792K Free: 117714K (73%)
3 ms. Memory: 161792K Free: 116690K (72%)
preinitializing
resolving types
initializing
executing number 1
wrapping up
idle
14 ms. Memory: 161792K Free: 115666K (71%)
Completed execution with 6 iterations
6 ms. Memory: 161792K Free: 114642K (71%)
22 ms. Memory: 161792K Free: 147078K (91%)
4 ms. Memory: 161792K Free: 146054K (90%)
3 ms. Memory: 161792K Free: 145014K (90%)
3 ms. Memory: 161792K Free: 143492K (89%)
/home/travis/build/icyphy/ptII/ptolemy/actor/lib/test/Gaussian.tcl
4 ms. Memory: 161792K Free: 141958K (88%)
sleeping 1 seconds: ........................................................................................................................................................................................................................................................................................................................................................................................................................................................................................................................................................................................................................................................................................................................................................................................................................................................................................................................................................................................................................................................................................................................................................................................................................................................................................................................................................................................................................................................................................................................................................................................................................................................................................................................................................................................................................................................................................................................................................................................................................................................................................................................................................................................................................................................................................................................................................................................................................................................................................................................................................................................................................................................................................................................................................................................................................................................................................................................................................................................................................................................................................................................................................................................................................................................................................................................................................................................................................................................................................................................................................................................................................................................................................................................................................................................................................................................................................................................................................................................................................................................................................................................................................................................................................................................................................................................................................................................................................................................................................................................................................................................................................................................................................................................................................................................................................................................................................................................................................................................................................................................................................................................................................................................................................................................................................................................................................................................................................................................................................................................................................................................................................................................................................................................................................................................................................................................................................................................................................................................................................................................................................................................................................................................................................................................................................................................................................................................................................................................................................................................................................................................................................................................................................................................................................................................................................................................................................................................................................................................................................................................................................................................................................................................................................................................................................................................................................................................................................................................................................................................................................................................................................................................................................................................................................................................................................................................................................................................................................................................................................................................................................................................................................................................................................................................................................................................................................................................................................................................................................................................................................................................................................................................................................................................................................................................................................................................................................................................................................................................................................................................................................................................................................................................................................................................................................................................................................................................................................................................................................................................................................................................................................................................................................................................................................................................................................................................................................................................................................................................................................................................................................................................................................................................................................................................................................................................................................................................................................................................................................................................................................................................................................................................................................................................................................................................................................................................................................................................................................................................................................................................................................................................................................................................................................................................................................................................................................................................................................................................................................................................................................................................................................................................................................................................................................................................................................................................................................................................................................................................................................................................................................................................................................................................................................................................................................................................................................................................................................................................................................................................................................................................................................................................................................................................................................................................................................................................................................................................................................................................................................................................................................................................................................................................................................................................................................................................................................................................................................................................................................................................................................................................................................................................................................................................................................................................................................................................................................................................................................................................................................................................................................................................................................................................................................................................................................................................................................................................................................................................................................................................................................................................................................................................................................................................................................................................................................................................................................................................................................................................................................................................................................................................................................................................................................................................................................................................................................................................................................................................................................................................................................................................................................................................................................................................................................................................................................................................................................................................................................................................................................................................................................................................................................................................................................................................................................................................................................................................................................................................................................................................................................................................................................................................................................................................................................................................................................................................................................................................................................................................................................................................................................................................................................................................................................................................................................................................................................................................................................................................................................................................................................................................................................................................................................................................................................................................................................................................................................................................................................................................................................................................................................................................................................................................................................................................................................................................................................................................................................................................................................................................................................................................................................................................................................................................................................................................................................................................................................................................................................................................................................................................................................................................................................................................................................................................................................................................................................................................................................................................................................................................................................................................................................................................................................................................................................................................................................................................................................................................................................................................................................................................................................................................................................................................................................................................................................................................................................................................................................................................................................................................................................................................................................................................................................................................................................................................................................................................................................................................................................................................................................................................................................................................................................................................................................................................................................................................................................................................................................................................................................................................................................................................................................................................................................................................................................................................................................................................................................................................................................................................................................................................................................................................................................................................................................................................................................................................................................................................................................................................................................................................................................................................................................................................................................................................................................................................................................................................................................................................................................................................................................................................................................................................................................................................................................................................................................................................................................................................................................................................................................................................................................................................................................................................................................................................................................................................................................................................................................................................................................................................................................................................................................................................................................................................................................................................................................................................................................................................................................................................................................................................................................................................................................................................................................................................................................................................................................................................................................................................................................................................................................................................................................................................................................................................................................................................................................................................................................................................................................................................................................................................................................................................................................................................................................................................................................................................................................................................................................................................................................................................................................................................................................................................................................................................................................................................................................................................................................................................................................................................................................................................................................................................................................................................................................................................................................................................................................................................................................................................................................................................................................................................................................................................................................................................................................................................................................................................................................................................................................................................................................................................................................................................................................................................................................................................................................................................................................................................................................................................................................................................................................................................................................................................................................................................................................................................................................................................................................................................................................................................................................................................................................................................................................................................................................................................................................................................................................................................................................................................................................................................................................................................................................................................................................................................................................................................................................................................................................................................................................................................................................................................................................................................................................................................................................................................................................................................................................................................................................................................................................................................................................................................................................................................................................................................................................................................................................................................................................................................................................................................................................................................................................................................................................................................................................................................................................................................................................................................................................................................................................................................................................................................................................................................................................................................................................................................................................................................................................................................................................................................................................................................................................................................................................................................................................................................................................................................................................................................................................................................................................................................................................................................................................................................................................................................................................................................................................................................................................................................................................................................................................................................................................................................................................................................................................................................................................................................................................................................................................................................................................................................................................................................................................................................................................................................................................................................................................................................................................................................................................................................................................................................................................................................................................................................................................................................................................................................................................................................................................................................................................................................................................................................................................................................................................................................................................................................................................................................................................................................................................................................................................................................................................................................................................................................................................................................................................................................................................................................................................................................................................................................................................................................................................................................................................................................................................................................................................................................................................................................................................................................................................................................................................................................................................................................................................................................................................................................................................................................................................................................................................................................................................................................................................................................................................................................................................................................................................................................................................................................................................................................................................................................................................................................................................................................................................................................................................................................................................................................................................................................................................................................................................................................................................................................................................................................................................................................................................................................................................................................................................................................................................................................................................................................................................................................................................................................................................................................................................................................................................................................................................................................................................................................................................................................................................................................................................................................................................................................................................................................................................................................................................................................................................................................................................................................................................................................................................................................................................................................................................................................................................................................................................................................................................................................................................................................................................................................................................................................................................................................................................................................................................................................................................................................................................................................................................................................................................................................................................................................................................................................................................................................................................................................................................................................................................................................................................................................................................................................................................................................................................................................................................................................................................................................................................................................................................................................................................................................................................................................................................................................................................................................................................................................................................................................................................................................................................................................................................................................................................................................................................................................................................................................................................................................................................................................................................................................................................................................................................................................................................................................................................................................................................................................................................................................................................................................................................................................................................................................................................................................................................................................................................................................................................................................................................................................................................................................................................................................................................................................................................................................................................................................................................................................................................................................................................................................................................................................................................................................................................................................................................................................................................................................................................................................................................................................................................................................................................................................................................................................................................................................................................................................................................................................................................................................................................................................................................................................................................................................................................................................................................................................................................................................................................................................................................................................................................................................................................................................................................................................................................................................................................................................................................................................................................................................................................................................................................................................................................10 ms. Memory: 161792K Free: 109618K (68%)
10 ms. Memory: 161792K Free: 108594K (67%)
2 ms. Memory: 161792K Free: 108098K (67%)
2 ms. Memory: 161792K Free: 107578K (66%)
6 ms. Memory: 161792K Free: 107074K (66%)
/home/travis/build/icyphy/ptII/ptolemy/actor/lib/test/IIR.tcl
/home/travis/build/icyphy/ptII/ptolemy/actor/lib/test/Interpolator.tcl
4 ms. Memory: 161792K Free: 103458K (64%)
2 ms. Memory: 161792K Free: 102450K (63%)
2 ms. Memory: 161792K Free: 101954K (63%)
1 ms. Memory: 161792K Free: 101440K (63%)
3 ms. Memory: 161792K Free: 100416K (62%)
2 ms. Memory: 161792K Free: 99906K (62%)
3 ms. Memory: 161792K Free: 98882K (61%)
7 ms. Memory: 161792K Free: 97858K (60%)
2 ms. Memory: 161792K Free: 97330K (60%)
3 ms. Memory: 161792K Free: 96306K (60%)
/home/travis/build/icyphy/ptII/ptolemy/actor/lib/test/MathFunction.tcl
5 ms. Memory: 161792K Free: 94258K (58%)
2 ms. Memory: 161792K Free: 93234K (58%)
6 ms. Memory: 161792K Free: 92194K (57%)
2 ms. Memory: 161792K Free: 91200K (56%)
4 ms. Memory: 161792K Free: 90146K (56%)
14 ms. Memory: 161792K Free: 88128K (54%)
/home/travis/build/icyphy/ptII/ptolemy/actor/lib/test/Maximum.tcl
4 ms. Memory: 161792K Free: 86066K (53%)
2 ms. Memory: 161792K Free: 85570K (53%)
2 ms. Memory: 161792K Free: 84546K (52%)
2 ms. Memory: 161792K Free: 84026K (52%)
/home/travis/build/icyphy/ptII/ptolemy/actor/lib/test/Minimum.tcl
4 ms. Memory: 161792K Free: 82498K (51%)
2 ms. Memory: 161792K Free: 81984K (51%)
1 ms. Memory: 161792K Free: 80960K (50%)
2 ms. Memory: 161792K Free: 80450K (50%)
/home/travis/build/icyphy/ptII/ptolemy/actor/lib/test/MultiplyDivide.tcl
6 ms. Memory: 161792K Free: 78402K (48%)
2 ms. Memory: 161792K Free: 77888K (48%)
9 ms. Memory: 161792K Free: 76864K (48%)
5 ms. Memory: 161792K Free: 76354K (47%)
6 ms. Memory: 161792K Free: 75826K (47%)
/home/travis/build/icyphy/ptII/ptolemy/actor/lib/test/OrderedMerge.tcl
Connections changed on port: inputA
Connections changed on port: inputB
Connections changed on port: output
Connections changed on port: output
Connections changed on port: output
Connections changed on port: input
.top. Preinitializing ...
Invoking preinitialize():  .top.OrderedMerge
Called preinitialize()
Invoking preinitialize():  .top.Ramp
Called preinitialize()
Invoking preinitialize():  .top.Ramp2
Called preinitialize()
Invoking preinitialize():  .top.Test
Called preinitialize()
Connections changed on port: inputA
Connections changed on port: output
Connections changed on port: output
Connections changed on port: input
Connections changed on port: inputB
Connections changed on port: output
.top. Finished preinitialize().
Called initialize().
Invoking initialize():  .top.OrderedMerge
Initializing actor: .top.OrderedMerge
Adding a thread: .top.OrderedMerge
Invoking initialize():  .top.Ramp
Initializing actor: .top.Ramp
Adding a thread: .top.Ramp
Invoking initialize():  .top.Ramp2
Initializing actor: .top.Ramp2
Adding a thread: .top.Ramp2
Invoking initialize():  .top.Test
Initializing actor: .top.Test
Adding a thread: .top.Test
Called fire().
Checking for deadlock:
-- Starting thread.
Called initialize()
Called prefire()
Called fire()
-- Starting thread.
Called initialize()
-- Starting thread.
Called initialize()
Called prefire()
There are 0 Blocked actors, 0 Stopped actors, and 4 active threads.
Waiting for actors to stop.
Called prefire()
Called fire()
Called fire()
Called postfire()
Called prefire()
Called fire()
-- Starting thread.
Called initialize()
Called prefire()
Called fire()
Called postfire()
Called prefire()
Called fire()
Called postfire()
Called prefire()
Called fire()
Checking for deadlock:
There are 3 Blocked actors, 0 Stopped actors, and 4 active threads.
Waiting for actors to stop.
Read input token from inputA with value 0.0
Next port to read input from is inputB
Called postfire()
Called prefire()
Called fire()
Checking for deadlock:
There are 2 Blocked actors, 0 Stopped actors, and 4 active threads.
Waiting for actors to stop.
Called postfire()
Called prefire()
Called fire()
Checking for deadlock:
There are 3 Blocked actors, 0 Stopped actors, and 4 active threads.
Waiting for actors to stop.
Read input token from inputB with value 0.0
Checking for deadlock:
There are 2 Blocked actors, 0 Stopped actors, and 4 active threads.
Waiting for actors to stop.
-- Read input: 0.0, which is expected to match: 0.0
Called prefire()
Called fire()
Checking for deadlock:
There are 3 Blocked actors, 0 Stopped actors, and 4 active threads.
Waiting for actors to stop.
Sent output token with value 0.0
Next port to read input from is inputA
Called postfire()
Called prefire()
Called fire()
Checking for deadlock:
There are 2 Blocked actors, 0 Stopped actors, and 4 active threads.
Waiting for actors to stop.
Read input token from inputA with value 1.0
Called postfire()
Called prefire()
Called fire()
Checking for deadlock:
There are 3 Blocked actors, 0 Stopped actors, and 4 active threads.
Waiting for actors to stop.
Checking for deadlock:
There are 2 Blocked actors, 0 Stopped actors, and 4 active threads.
Waiting for actors to stop.
Sent output token with value 0.0
-- Read input: 0.0, which is expected to match: 0.0
Called prefire()
Called fire()
Checking for deadlock:
There are 3 Blocked actors, 0 Stopped actors, and 4 active threads.
Waiting for actors to stop.
Next port to read input from is inputB
Called postfire()
Called prefire()
Called fire()
Checking for deadlock:
There are 2 Blocked actors, 0 Stopped actors, and 4 active threads.
Waiting for actors to stop.
Called postfire()
Called prefire()
Called fire()
Checking for deadlock:
There are 3 Blocked actors, 0 Stopped actors, and 4 active threads.
Waiting for actors to stop.
Read input token from inputB with value 1.5
Checking for deadlock:
There are 2 Blocked actors, 0 Stopped actors, and 4 active threads.
Waiting for actors to stop.
Sent output token with value 1.0
-- Read input: 1.0, which is expected to match: 1.0
Called prefire()
Called fire()
Checking for deadlock:
There are 3 Blocked actors, 0 Stopped actors, and 4 active threads.
Waiting for actors to stop.
Next port to read input from is inputA
Called postfire()
Called prefire()
Called fire()
Checking for deadlock:
There are 2 Blocked actors, 0 Stopped actors, and 4 active threads.
Waiting for actors to stop.
Called postfire()
Called prefire()
Called fire()
Checking for deadlock:
There are 3 Blocked actors, 0 Stopped actors, and 4 active threads.
Waiting for actors to stop.
Read input token from inputA with value 2.0
Checking for deadlock:
There are 2 Blocked actors, 0 Stopped actors, and 4 active threads.
Waiting for actors to stop.
-- Read input: 1.5, which is expected to match: 1.5
Called prefire()
Called fire()
Checking for deadlock:
Sent output token with value 1.5
There are 3 Blocked actors, 0 Stopped actors, and 4 active threads.
Waiting for actors to stop.
Next port to read input from is inputB
Called postfire()
Called prefire()
Called fire()
Checking for deadlock:
There are 2 Blocked actors, 0 Stopped actors, and 4 active threads.
Waiting for actors to stop.
Called postfire()
Called prefire()
Called fire()
Checking for deadlock:
There are 3 Blocked actors, 0 Stopped actors, and 4 active threads.
Waiting for actors to stop.
Read input token from inputB with value 3.0
Checking for deadlock:
There are 2 Blocked actors, 0 Stopped actors, and 4 active threads.
Waiting for actors to stop.
Sent output token with value 2.0
-- Read input: 2.0, which is expected to match: 2.0
Called prefire()
Called fire()
Checking for deadlock:
There are 3 Blocked actors, 0 Stopped actors, and 4 active threads.
Waiting for actors to stop.
Next port to read input from is inputA
Called postfire()
Called prefire()
Called fire()
Checking for deadlock:
Called postfire()
There are 2 Blocked actors, 0 Stopped actors, and 4 active threads.
Called prefire()
Waiting for actors to stop.
Called fire()
Checking for deadlock:
There are 3 Blocked actors, 0 Stopped actors, and 4 active threads.
Waiting for actors to stop.
Read input token from inputA with value 3.0
Checking for deadlock:
There are 2 Blocked actors, 0 Stopped actors, and 4 active threads.
Waiting for actors to stop.
-- Read input: 3.0, which is expected to match: 3.0
Called prefire()
Called fire()
Checking for deadlock:
There are 3 Blocked actors, 0 Stopped actors, and 4 active threads.
Waiting for actors to stop.
Sent output token with value 3.0
Next port to read input from is inputB
Called postfire()
Called prefire()
Called fire()
Checking for deadlock:
There are 2 Blocked actors, 0 Stopped actors, and 4 active threads.
Waiting for actors to stop.
Called postfire()
Called prefire()
Called fire()
Checking for deadlock:
Read input token from inputB with value 4.5
There are 3 Blocked actors, 0 Stopped actors, and 4 active threads.
Waiting for actors to stop.
Checking for deadlock:
There are 2 Blocked actors, 0 Stopped actors, and 4 active threads.
Waiting for actors to stop.
-- Read input: 3.0, which is expected to match: 3.0
Called prefire()
Called fire()
Checking for deadlock:
Sent output token with value 3.0
There are 3 Blocked actors, 0 Stopped actors, and 4 active threads.
Waiting for actors to stop.
Next port to read input from is inputA
Called postfire()
Called prefire()
Called fire()
Checking for deadlock:
There are 2 Blocked actors, 0 Stopped actors, and 4 active threads.
Waiting for actors to stop.
Called postfire()
Called prefire()
Called fire()
Checking for deadlock:
There are 3 Blocked actors, 0 Stopped actors, and 4 active threads.
Waiting for actors to stop.
Read input token from inputA with value 4.0
Checking for deadlock:
There are 2 Blocked actors, 0 Stopped actors, and 4 active threads.
Waiting for actors to stop.
-- Read input: 4.0, which is expected to match: 4.0
Called prefire()
Called fire()
Past the end of training data. Read and discard all inputs.
Checking for deadlock:
There are 3 Blocked actors, 0 Stopped actors, and 4 active threads.
Waiting for actors to stop.
Sent output token with value 4.0
Next port to read input from is inputA
Called postfire()
Called prefire()
Called fire()
Checking for deadlock:
There are 2 Blocked actors, 0 Stopped actors, and 4 active threads.
Waiting for actors to stop.
Called postfire()
Called prefire()
Called fire()
Checking for deadlock:
There are 3 Blocked actors, 0 Stopped actors, and 4 active threads.
Waiting for actors to stop.
Read input token from inputA with value 5.0
Checking for deadlock:
There are 2 Blocked actors, 0 Stopped actors, and 4 active threads.
Waiting for actors to stop.
Sent output token with value 4.5
Called prefire()
Called fire()
Past the end of training data. Read and discard all inputs.
Checking for deadlock:
There are 3 Blocked actors, 0 Stopped actors, and 4 active threads.
Waiting for actors to stop.
Next port to read input from is inputB
Called postfire()
Called prefire()
Called fire()
Checking for deadlock:
There are 2 Blocked actors, 0 Stopped actors, and 4 active threads.
Waiting for actors to stop.
Called postfire()
Called prefire()
Called fire()
Checking for deadlock:
There are 3 Blocked actors, 0 Stopped actors, and 4 active threads.
Waiting for actors to stop.
Read input token from inputB with value 6.0
Checking for deadlock:
There are 2 Blocked actors, 0 Stopped actors, and 4 active threads.
Waiting for actors to stop.
Sent output token with value 5.0
Called prefire()
Called fire()
Past the end of training data. Read and discard all inputs.
Checking for deadlock:
There are 3 Blocked actors, 0 Stopped actors, and 4 active threads.
Waiting for actors to stop.
Next port to read input from is inputA
Called postfire()
Called prefire()
Called fire()
Checking for deadlock:
There are 2 Blocked actors, 0 Stopped actors, and 4 active threads.
Waiting for actors to stop.
Called postfire()
Called prefire()
Called fire()
Checking for deadlock:
There are 3 Blocked actors, 0 Stopped actors, and 4 active threads.
Waiting for actors to stop.
Read input token from inputA with value 6.0
Checking for deadlock:
There are 2 Blocked actors, 0 Stopped actors, and 4 active threads.
Waiting for actors to stop.
Called prefire()
Called fire()
Past the end of training data. Read and discard all inputs.
Checking for deadlock:
There are 3 Blocked actors, 0 Stopped actors, and 4 active threads.
Waiting for actors to stop.
Sent output token with value 6.0
Next port to read input from is inputB
Called postfire()
Called prefire()
Called fire()
Checking for deadlock:
There are 2 Blocked actors, 0 Stopped actors, and 4 active threads.
Waiting for actors to stop.
Called postfire()
Called prefire()
Called fire()
Checking for deadlock:
There are 3 Blocked actors, 0 Stopped actors, and 4 active threads.
Waiting for actors to stop.
Read input token from inputB with value 7.5
Checking for deadlock:
Called prefire()
There are 2 Blocked actors, 0 Stopped actors, and 4 active threads.
Called fire()
Waiting for actors to stop.
Past the end of training data. Read and discard all inputs.
Checking for deadlock:
There are 3 Blocked actors, 0 Stopped actors, and 4 active threads.
Waiting for actors to stop.
Sent output token with value 6.0
Next port to read input from is inputA
Called postfire()
Called prefire()
Called fire()
Called postfire()
Called prefire()
Called fire()
Checking for deadlock:
There are 3 Blocked actors, 0 Stopped actors, and 4 active threads.
Waiting for actors to stop.
Read input token from inputA with value 7.0
Called prefire()
Called fire()
Past the end of training data. Read and discard all inputs.
Checking for deadlock:
There are 3 Blocked actors, 0 Stopped actors, and 4 active threads.
Waiting for actors to stop.
Sent output token with value 7.0
Next port to read input from is inputA
Called postfire()
Called prefire()
Called fire()
-- Thread wrapup() called.
Called wrapup()
Thread .top.Ramp is exiting.
-- Thread stopped.
Checking for deadlock:
There are 2 Blocked actors, 0 Stopped actors, and 3 active threads.
Waiting for actors to stop.
Read input token from inputA with value 8.0
Checking for deadlock:
There are 1 Blocked actors, 0 Stopped actors, and 3 active threads.
Waiting for actors to stop.
Sent output token with value 7.5
Called prefire()
Called fire()
Past the end of training data. Read and discard all inputs.
Checking for deadlock:
There are 2 Blocked actors, 0 Stopped actors, and 3 active threads.
Waiting for actors to stop.
Next port to read input from is inputB
Called postfire()
Called prefire()
Called fire()
Checking for deadlock:
There are 1 Blocked actors, 0 Stopped actors, and 3 active threads.
Waiting for actors to stop.
Called postfire()
Called prefire()
Called fire()
Checking for deadlock:
Read input token from inputB with value 9.0
There are 2 Blocked actors, 0 Stopped actors, and 3 active threads.
Waiting for actors to stop.
Checking for deadlock:
There are 1 Blocked actors, 0 Stopped actors, and 3 active threads.
Waiting for actors to stop.
Sent output token with value 8.0
Called prefire()
Called fire()
Past the end of training data. Read and discard all inputs.
Checking for deadlock:
There are 2 Blocked actors, 0 Stopped actors, and 3 active threads.
Waiting for actors to stop.
Next port to read input from is inputA
Called postfire()
Called prefire()
Called fire()
Read input token from inputA with value 9.0
Called prefire()
Called fire()
Past the end of training data. Read and discard all inputs.
Checking for deadlock:
There are 2 Blocked actors, 0 Stopped actors, and 3 active threads.
Waiting for actors to stop.
Sent output token with value 9.0
Next port to read input from is inputB
Called postfire()
Called prefire()
Called fire()
Checking for deadlock:
There are 1 Blocked actors, 0 Stopped actors, and 3 active threads.
Waiting for actors to stop.
Called postfire()
Called prefire()
Called fire()
Checking for deadlock:
Read input token from inputB with value 10.5
There are 2 Blocked actors, 0 Stopped actors, and 3 active threads.
Waiting for actors to stop.
Checking for deadlock:
There are 1 Blocked actors, 0 Stopped actors, and 3 active threads.
Waiting for actors to stop.
Called prefire()
Called fire()
Past the end of training data. Read and discard all inputs.
Checking for deadlock:
Sent output token with value 9.0
There are 2 Blocked actors, 0 Stopped actors, and 3 active threads.
Waiting for actors to stop.
Next port to read input from is inputA
Called postfire()
Called prefire()
Called fire()
Checking for deadlock:
There are 3 Blocked actors, 0 Stopped actors, and 3 active threads.
Actors have stopped.
Checking for deadlock:
There are 3 Blocked actors, 0 Stopped actors, and 3 active threads.
Deadlock detected.
Resolving Deadlock
Checking for deadlock:
There are 3 Blocked actors, 0 Stopped actors, and 3 active threads.
Artificial Deadlock - increasing queue capacity.
increasing the capacity of receiver ptolemy.actor.TypedIOPort {.top.OrderedMerge.inputB} to 2
-- Thread wrapup() called.
Called wrapup()
Director: Called postfire().
Thread .top.Ramp2 is exiting.
-- Thread stopped.
Called postfire().
_stopRequested = false
_stopFireRequested = false
Returning from postfire(): true
Called fire().
Checking for deadlock:
There are 2 Blocked actors, 0 Stopped actors, and 2 active threads.
Actors have stopped.
Checking for deadlock:
There are 2 Blocked actors, 0 Stopped actors, and 2 active threads.
Deadlock detected.
Resolving Deadlock
Checking for deadlock:
There are 2 Blocked actors, 0 Stopped actors, and 2 active threads.
Deadlock detected: no processes blocked on write, but some are blocked on read.
Called postfire().
_stopRequested = false
_stopFireRequested = false
Returning from postfire(): false
Finished deactivating branches.
Called wrapup().
-- Thread wrapup() called.
Called wrapup()
Thread .top.Test is exiting.
-- Thread stopped.
-- Blocked Receiver call threw TerminateProcessException.
-- Thread wrapup() called.
Called wrapup()
Thread .top.OrderedMerge is exiting.
-- Thread stopped.
-- Blocked Receiver call threw TerminateProcessException.
72 ms. Memory: 161792K Free: 70720K (44%)
.top. Preinitializing ...
Invoking preinitialize():  .top.OrderedMerge
Called preinitialize()
Invoking preinitialize():  .top.Ramp
Called preinitialize()
Invoking preinitialize():  .top.Ramp2
Called preinitialize()
Invoking preinitialize():  .top.Test
Called preinitialize()
.top. Finished preinitialize().
Called initialize().
Invoking initialize():  .top.OrderedMerge
Initializing actor: .top.OrderedMerge
Adding a thread: .top.OrderedMerge
Invoking initialize():  .top.Ramp
Initializing actor: .top.Ramp
Adding a thread: .top.Ramp
Invoking initialize():  .top.Ramp2
Initializing actor: .top.Ramp2
Adding a thread: .top.Ramp2
Invoking initialize():  .top.Test
Initializing actor: .top.Test
Adding a thread: .top.Test
-- Starting thread.
Called initialize()
Called prefire()
Called fire()
-- Starting thread.
Called initialize()
Called prefire()
Called fire()
Called postfire()
Called prefire()
Called fire()
-- Starting thread.
Called initialize()
Called prefire()
Called fire()
Called postfire()
Called prefire()
Called fire()
Called fire().
Checking for deadlock:
There are 3 Blocked actors, 0 Stopped actors, and 4 active threads.
Waiting for actors to stop.
-- Starting thread.
Called initialize()
Called prefire()
Called fire()
Called postfire()
Read input token from inputA with value 0.0
Called prefire()
Called fire()
Checking for deadlock:
Next port to read input from is inputB
Called postfire()
There are 3 Blocked actors, 0 Stopped actors, and 4 active threads.
Called prefire()
Waiting for actors to stop.
Called fire()
Called postfire()
Called prefire()
Called fire()
Read input token from inputB with value 0.0
Checking for deadlock:
There are 3 Blocked actors, 0 Stopped actors, and 4 active threads.
Waiting for actors to stop.
Checking for deadlock:
-- Read input: 0.0, which is expected to match: 0.0
There are 2 Blocked actors, 0 Stopped actors, and 4 active threads.
Waiting for actors to stop.
Called prefire()
Called fire()
Sent output token with value 0.0
Checking for deadlock:
There are 3 Blocked actors, 0 Stopped actors, and 4 active threads.
Waiting for actors to stop.
Next port to read input from is inputA
Called postfire()
Called prefire()
Called fire()
Checking for deadlock:
There are 2 Blocked actors, 0 Stopped actors, and 4 active threads.
Waiting for actors to stop.
Read input token from inputA with value 1.0
Sent output token with value 0.0
Called postfire()
Called prefire()
Called fire()
Next port to read input from is inputB
Called postfire()
Called prefire()
Called fire()
Called postfire()
Called prefire()
Called fire()
Read input token from inputB with value 1.5
Checking for deadlock:
There are 2 Blocked actors, 0 Stopped actors, and 4 active threads.
Waiting for actors to stop.
-- Read input: 0.0, which is expected to match: 0.0
Called prefire()
Called fire()
Checking for deadlock:
There are 2 Blocked actors, 0 Stopped actors, and 4 active threads.
Waiting for actors to stop.
-- Read input: 1.0, which is expected to match: 1.0
Called prefire()
Called fire()
Sent output token with value 1.0
Checking for deadlock:
Next port to read input from is inputA
There are 3 Blocked actors, 0 Stopped actors, and 4 active threads.
Waiting for actors to stop.
Called postfire()
Called prefire()
Called fire()
Checking for deadlock:
There are 2 Blocked actors, 0 Stopped actors, and 4 active threads.
Waiting for actors to stop.
Read input token from inputA with value 2.0
Called postfire()
Sent output token with value 1.5
Called prefire()
Called fire()
Next port to read input from is inputB
Called postfire()
Called prefire()
Called fire()
Checking for deadlock:
There are 1 Blocked actors, 0 Stopped actors, and 4 active threads.
Waiting for actors to stop.
Called postfire()
Called prefire()
Called fire()
-- Read input: 1.5, which is expected to match: 1.5
Called prefire()
Called fire()
Read input token from inputB with value 3.0
Checking for deadlock:
There are 2 Blocked actors, 0 Stopped actors, and 4 active threads.
Waiting for actors to stop.
-- Read input: 2.0, which is expected to match: 2.0
Called prefire()
Called fire()
Sent output token with value 2.0
Checking for deadlock:
There are 3 Blocked actors, 0 Stopped actors, and 4 active threads.
Waiting for actors to stop.
Next port to read input from is inputA
Called postfire()
Called prefire()
Called fire()
Called postfire()
Read input token from inputA with value 3.0
Called prefire()
Called fire()
Sent output token with value 3.0
Checking for deadlock:
There are 2 Blocked actors, 0 Stopped actors, and 4 active threads.
Waiting for actors to stop.
Next port to read input from is inputB
-- Read input: 3.0, which is expected to match: 3.0
Called prefire()
Called fire()
Called postfire()
Called prefire()
Called fire()
Called postfire()
Called prefire()
Read input token from inputB with value 4.5
Called fire()
Checking for deadlock:
Sent output token with value 3.0
There are 2 Blocked actors, 0 Stopped actors, and 4 active threads.
Waiting for actors to stop.
-- Read input: 3.0, which is expected to match: 3.0
Called prefire()
Called fire()
Next port to read input from is inputA
Called postfire()
Called prefire()
Called fire()
Checking for deadlock:
There are 3 Blocked actors, 0 Stopped actors, and 4 active threads.
Waiting for actors to stop.
Checking for deadlock:
There are 2 Blocked actors, 0 Stopped actors, and 4 active threads.
Waiting for actors to stop.
Read input token from inputA with value 4.0
Called postfire()
Called prefire()
Called fire()
Sent output token with value 4.0
Next port to read input from is inputA
Called postfire()
Called prefire()
Called fire()
Checking for deadlock:
There are 2 Blocked actors, 0 Stopped actors, and 4 active threads.
Waiting for actors to stop.
-- Read input: 4.0, which is expected to match: 4.0
Called prefire()
Called fire()
Past the end of training data. Read and discard all inputs.
Checking for deadlock:
There are 2 Blocked actors, 0 Stopped actors, and 4 active threads.
Read input token from inputA with value 5.0
Waiting for actors to stop.
Sent output token with value 4.5
Called postfire()
Called prefire()
Called fire()
Next port to read input from is inputB
Called postfire()
Called prefire()
Called fire()
Checking for deadlock:
There are 2 Blocked actors, 0 Stopped actors, and 4 active threads.
Waiting for actors to stop.
Called prefire()
Called fire()
Past the end of training data. Read and discard all inputs.
Called postfire()
Called prefire()
Called fire()
Read input token from inputB with value 6.0
Checking for deadlock:
There are 3 Blocked actors, 0 Stopped actors, and 4 active threads.
Waiting for actors to stop.
Called prefire()
Checking for deadlock:
Called fire()
There are 2 Blocked actors, 0 Stopped actors, and 4 active threads.
Waiting for actors to stop.
Past the end of training data. Read and discard all inputs.
Checking for deadlock:
Sent output token with value 5.0
There are 3 Blocked actors, 0 Stopped actors, and 4 active threads.
Waiting for actors to stop.
Next port to read input from is inputA
Called postfire()
Called prefire()
Called fire()
Checking for deadlock:
There are 2 Blocked actors, 0 Stopped actors, and 4 active threads.
Waiting for actors to stop.
Read input token from inputA with value 6.0
Called postfire()
Called prefire()
Called fire()
Called prefire()
Called fire()
Past the end of training data. Read and discard all inputs.
Checking for deadlock:
There are 3 Blocked actors, 0 Stopped actors, and 4 active threads.
Waiting for actors to stop.
Sent output token with value 6.0
Next port to read input from is inputB
Called postfire()
Called prefire()
Called fire()
Checking for deadlock:
There are 2 Blocked actors, 0 Stopped actors, and 4 active threads.
Read input token from inputB with value 7.5
Waiting for actors to stop.
Called postfire()
Called prefire()
Called fire()
Called prefire()
Called fire()
Past the end of training data. Read and discard all inputs.
Checking for deadlock:
There are 2 Blocked actors, 0 Stopped actors, and 4 active threads.
Waiting for actors to stop.
Sent output token with value 6.0
Checking for deadlock:
There are 3 Blocked actors, 0 Stopped actors, and 4 active threads.
Next port to read input from is inputA
Called postfire()
Waiting for actors to stop.
Called prefire()
Called fire()
Checking for deadlock:
There are 2 Blocked actors, 0 Stopped actors, and 4 active threads.
Waiting for actors to stop.
Read input token from inputA with value 7.0
Called postfire()
Called prefire()
Sent output token with value 7.0
Called fire()
Next port to read input from is inputA
Called postfire()
Called prefire()
Called fire()
Checking for deadlock:
There are 1 Blocked actors, 0 Stopped actors, and 4 active threads.
Waiting for actors to stop.
Called prefire()
Called fire()
-- Thread wrapup() called.
Called wrapup()
Thread .top.Ramp is exiting.
-- Thread stopped.
Checking for deadlock:
There are 1 Blocked actors, 0 Stopped actors, and 3 active threads.
Waiting for actors to stop.
Read input token from inputA with value 8.0
Past the end of training data. Read and discard all inputs.
Checking for deadlock:
There are 1 Blocked actors, 0 Stopped actors, and 3 active threads.
Waiting for actors to stop.
Called prefire()
Called fire()
Past the end of training data. Read and discard all inputs.
Checking for deadlock:
There are 2 Blocked actors, 0 Stopped actors, and 3 active threads.
Waiting for actors to stop.
Sent output token with value 7.5
Next port to read input from is inputB
Called postfire()
Called prefire()
Called fire()
Read input token from inputB with value 9.0
Called postfire()
Called prefire()
Called fire()
Sent output token with value 8.0
Checking for deadlock:
Next port to read input from is inputA
Called postfire()
There are 1 Blocked actors, 0 Stopped actors, and 3 active threads.
Called prefire()
Waiting for actors to stop.
Called fire()
Called prefire()
Called fire()
Past the end of training data. Read and discard all inputs.
Checking for deadlock:
Read input token from inputA with value 9.0
There are 2 Blocked actors, 0 Stopped actors, and 3 active threads.
Waiting for actors to stop.
Checking for deadlock:
Called prefire()
Called fire()
There are 1 Blocked actors, 0 Stopped actors, and 3 active threads.
Waiting for actors to stop.
Past the end of training data. Read and discard all inputs.
Checking for deadlock:
There are 2 Blocked actors, 0 Stopped actors, and 3 active threads.
Waiting for actors to stop.
Sent output token with value 9.0
Next port to read input from is inputB
Called postfire()
Called prefire()
Called fire()
Called postfire()
Read input token from inputB with value 10.5
Checking for deadlock:
There are 1 Blocked actors, 0 Stopped actors, and 3 active threads.
Waiting for actors to stop.
Called prefire()
Called fire()
Sent output token with value 9.0
Next port to read input from is inputA
Called postfire()
Called prefire()
Called fire()
Called prefire()
Checking for deadlock:
Called fire()
There are 2 Blocked actors, 0 Stopped actors, and 3 active threads.
Past the end of training data. Read and discard all inputs.
Waiting for actors to stop.
Checking for deadlock:
There are 3 Blocked actors, 0 Stopped actors, and 3 active threads.
Actors have stopped.
Checking for deadlock:
There are 3 Blocked actors, 0 Stopped actors, and 3 active threads.
Deadlock detected.
Resolving Deadlock
Checking for deadlock:
There are 3 Blocked actors, 0 Stopped actors, and 3 active threads.
Artificial Deadlock - increasing queue capacity.
increasing the capacity of receiver ptolemy.actor.TypedIOPort {.top.OrderedMerge.inputB} to 2
Director: Called postfire().
Called postfire().
_stopRequested = false
_stopFireRequested = false
Returning from postfire(): true
Called fire().
Checking for deadlock:
There are 2 Blocked actors, 0 Stopped actors, and 3 active threads.
Waiting for actors to stop.
-- Thread wrapup() called.
Called wrapup()
Thread .top.Ramp2 is exiting.
-- Thread stopped.
Checking for deadlock:
There are 2 Blocked actors, 0 Stopped actors, and 2 active threads.
Actors have stopped.
Checking for deadlock:
There are 2 Blocked actors, 0 Stopped actors, and 2 active threads.
Deadlock detected.
Resolving Deadlock
Checking for deadlock:
There are 2 Blocked actors, 0 Stopped actors, and 2 active threads.
Deadlock detected: no processes blocked on write, but some are blocked on read.
Called postfire().
_stopRequested = false
_stopFireRequested = false
Returning from postfire(): false
Finished deactivating branches.
Called wrapup().
-- Thread wrapup() called.
Called wrapup()
Thread .top.Test is exiting.
-- Thread stopped.
-- Blocked Receiver call threw TerminateProcessException.
-- Thread wrapup() called.
Called wrapup()
Thread .top.OrderedMerge is exiting.
-- Thread stopped.
-- Blocked Receiver call threw TerminateProcessException.
32 ms. Memory: 161792K Free: 68160K (42%)
/home/travis/build/icyphy/ptII/ptolemy/actor/lib/test/Publisher.tcl
14 ms. Memory: 161792K Free: 62018K (38%)
19 ms. Memory: 161792K Free: 56384K (35%)
4 ms. Memory: 227328K Free: 209001K (92%)
4 ms. Memory: 227328K Free: 207977K (91%)
3 ms. Memory: 227328K Free: 206953K (91%)
4 ms. Memory: 227328K Free: 206425K (91%)
3 ms. Memory: 227328K Free: 205409K (90%)
4 ms. Memory: 227328K Free: 204905K (90%)
30 ms. Memory: 227328K Free: 194665K (86%)
4 ms. Memory: 227328K Free: 191065K (84%)
3 ms. Memory: 227328K Free: 190055K (84%)
4 ms. Memory: 227328K Free: 187977K (83%)
17 ms. Memory: 227328K Free: 180329K (79%)
15 ms. Memory: 227328K Free: 171113K (75%)
7 ms. Memory: 227328K Free: 159849K (70%)
/home/travis/build/icyphy/ptII/ptolemy/actor/lib/test/Pulse.tcl
2 ms. Memory: 227328K Free: 122985K (54%)
9 ms. Memory: 227328K Free: 122471K (54%)
1 ms. Memory: 227328K Free: 121961K (54%)
8 ms. Memory: 227328K Free: 121447K (53%)
2 ms. Memory: 227328K Free: 120423K (53%)
12 ms. Memory: 227328K Free: 119399K (53%)
8 ms. Memory: 227328K Free: 118361K (52%)
1 ms. Memory: 227328K Free: 117865K (52%)
1 ms. Memory: 227328K Free: 117351K (52%)
/home/travis/build/icyphy/ptII/ptolemy/actor/lib/test/Ramp.tcl
3 ms. Memory: 227328K Free: 209639K (92%)
2 ms. Memory: 227328K Free: 208630K (92%)
2 ms. Memory: 227328K Free: 208120K (92%)
1 ms. Memory: 227328K Free: 207096K (91%)
20 ms. Memory: 227328K Free: 206551K (91%)
4 ms. Memory: 227328K Free: 205558K (90%)
5 ms. Memory: 227328K Free: 204534K (90%)
5 actors
4000 microseconds per iteration to create
5 ms. Memory: 227328K Free: 201976K (89%)
2 ms. Memory: 227328K Free: 201447K (89%)
2 ms. Memory: 227328K Free: 200952K (88%)
1 ms. Memory: 227328K Free: 200407K (88%)
50 actors
29000 microseconds per iteration to create
25 ms. Memory: 227328K Free: 184568K (81%)
4 ms. Memory: 227328K Free: 183544K (81%)
5 ms. Memory: 227328K Free: 182520K (80%)
4 ms. Memory: 227328K Free: 181496K (80%)
500 actors
1708000 microseconds per iteration to create
252 ms. Memory: 227328K Free: 148183K (65%)
40 ms. Memory: 227328K Free: 143094K (63%)
36 ms. Memory: 227328K Free: 137974K (61%)
35 ms. Memory: 227328K Free: 132344K (58%)
/home/travis/build/icyphy/ptII/ptolemy/actor/lib/test/RampContinuous.tcl
7 ms. Memory: 227328K Free: 130806K (58%)
/home/travis/build/icyphy/ptII/ptolemy/actor/lib/test/RecordAssembler.tcl
5 ms. Memory: 227328K Free: 129272K (57%)
4 ms. Memory: 227328K Free: 128248K (56%)
/home/travis/build/icyphy/ptII/ptolemy/actor/lib/test/RecordDisassembler.tcl
6 ms. Memory: 227328K Free: 126695K (56%)
3 ms. Memory: 227328K Free: 126200K (56%)
3 ms. Memory: 227328K Free: 124662K (55%)
/home/travis/build/icyphy/ptII/ptolemy/actor/lib/test/Scale.tcl
3 ms. Memory: 227328K Free: 123128K (54%)
2 ms. Memory: 227328K Free: 122104K (54%)
1 ms. Memory: 227328K Free: 121575K (53%)
2 ms. Memory: 227328K Free: 120551K (53%)
2 ms. Memory: 227328K Free: 119511K (53%)
/home/travis/build/icyphy/ptII/ptolemy/actor/lib/test/SequentialClock.tcl
preinitializing
resolving types
initializing
executing number 1
wrapping up
idle
2 ms. Memory: 227328K Free: 118503K (52%)
Completed execution with 5 iterations
preinitializing
resolving types
initializing
executing number 1
wrapping up
idle
1 ms. Memory: 227328K Free: 118008K (52%)
Completed execution with 5 iterations
preinitializing
resolving types
initializing
executing number 1
wrapping up
idle
1 ms. Memory: 227328K Free: 117494K (52%)
Completed execution with 5 iterations
/home/travis/build/icyphy/ptII/ptolemy/actor/lib/test/SetVariable.tcl
3 ms. Memory: 227328K Free: 115446K (51%)


==== $PTII/ptolemy/actor/lib/test/SetVariable.tcl: SetVariable-3.1 changeFailed
==== Contents of test case:

    #Uses 2.1 above
    jdkCaptureErr {
        # This test was failing if we ran Exit.tcl and then this test.
        # MessageHandler.error() now actually throws the Exception.
	catch {$setVariable changeFailed [java::null]  [java::new Exception {Test exception for SetVariable.changeFailed()}]} errMsg
    } results
    list [string range $results 0 89] "\n" $errMsg

==== Result was:
{java.lang.Exception: Test exception for SetVariable.changeFailed()
	at java.base/jdk.inter} {
} {java.lang.RuntimeException: java.lang.Exception: Test exception for SetVariable.changeFailed()}
---- Result should have been:
{java.lang.Exception: Test exception for SetVariable.changeFailed()
	at sun.reflect.NativeC} {
} {java.lang.RuntimeException: java.lang.Exception: Test exception for SetVariable.changeFailed()}
---- SetVariable-3.1 FAILED
/home/travis/build/icyphy/ptII/ptolemy/actor/lib/test/Sinewave.tcl
/home/travis/build/icyphy/ptII/ptolemy/actor/lib/test/SubscriptionAggregator.tcl
6 ms. Memory: 227328K Free: 103672K (46%)
3 ms. Memory: 227328K Free: 103143K (45%)
1 ms. Memory: 227328K Free: 102648K (45%)
8 ms. Memory: 227328K Free: 102103K (45%)
2 ms. Memory: 227328K Free: 99047K (44%)
11 ms. Memory: 227328K Free: 96504K (42%)
...............................................................1030 ms. Memory: 320512K Free: 241173K (75%)
/home/travis/build/icyphy/ptII/ptolemy/actor/lib/test/Test.tcl
 The next command will produce a warning about training mode,
   which may be ignored.
4 ms. Memory: 320512K Free: 239127K (75%)
8 ms. Memory: 320512K Free: 238103K (74%)
7 ms. Memory: 320512K Free: 237574K (74%)
1 ms. Memory: 320512K Free: 237079K (74%)
6 ms. Memory: 320512K Free: 236558K (74%)
3 ms. Memory: 320512K Free: 235031K (73%)
12 ms. Memory: 320512K Free: 234007K (73%)
 The next command will produce a warning about training mode,
   which may be ignored.
13 ms. Memory: 320512K Free: 231438K (72%)
 The next command will produce a warning about training mode,
   which may be ignored.
3 ms. Memory: 320512K Free: 230414K (72%)
1 ms. Memory: 320512K Free: 229911K (72%)
1 ms. Memory: 320512K Free: 229366K (72%)
1 ms. Memory: 320512K Free: 228887K (71%)
7 ms. Memory: 320512K Free: 227863K (71%)
3 ms. Memory: 320512K Free: 224246K (70%)
/home/travis/build/icyphy/ptII/ptolemy/actor/lib/test/TestExceptionHandler.tcl
 The next command will produce a warning about training mode,
   which may be ignored.
3 ms. Memory: 320512K Free: 222743K (69%)
1 ms. Memory: 320512K Free: 222198K (69%)
1 ms. Memory: 320512K Free: 221719K (69%)
/home/travis/build/icyphy/ptII/ptolemy/actor/lib/test/UnionDisassembler.tcl
13 ms. Memory: 320512K Free: 214551K (67%)
/home/travis/build/icyphy/ptII/ptolemy/actor/lib/test/VariableClock.tcl
preinitializing
resolving types
initializing
executing number 1
wrapping up
idle
3 ms. Memory: 320512K Free: 212503K (66%)
Completed execution with 11 iterations
preinitializing
resolving types
initializing
executing number 1
wrapping up
idle
3 ms. Memory: 320512K Free: 210965K (66%)
Completed execution with 10 iterations
07/12/19 03:02:48
Failed: 2  Total Tests: 234  ((Passed: 232, Newly Passed: 0)  Known Failed: 0) /home/travis/build/icyphy/ptII/ptolemy/actor/lib/test
----------------- testing (KnownFailure) /home/travis/build/icyphy/ptII/ptolemy/actor/lib/test/auto/knownFailedTests/PublisherPortToplevelSubscriber.xml
0 ms. Memory: 320512K Free: 207893K (65%)
Known Failure: java.lang.reflect.InvocationTargetException
----------------- testing (KnownFailure) /home/travis/build/icyphy/ptII/ptolemy/actor/lib/test/auto/knownFailedTests/PublisherSubscriberPortToplevel.xml
1 ms. Memory: 320512K Free: 203797K (64%)
Known Failure: java.lang.reflect.InvocationTargetException
----------------- testing (KnownFailure) /home/travis/build/icyphy/ptII/ptolemy/actor/lib/test/auto/knownFailedTests/PublisherSubscriptionAggregatorPort.xml
0 ms. Memory: 320512K Free: 199191K (62%)
Known Failure: java.lang.reflect.InvocationTargetException
----------------- testing (KnownFailure) /home/travis/build/icyphy/ptII/ptolemy/actor/lib/test/auto/knownFailedTests/sizedarray3.xml
7 ms. Memory: 320512K Free: 195095K (61%)
Known Failure: java.lang.reflect.InvocationTargetException
No auto/linux-amd64/*.xml tests in /home/travis/build/icyphy/ptII/ptolemy/actor/lib/test
AutoTests.java: About to close Vertx.
AutoTests.java: Vertx closed.

===========================================================================================
----------------- testing Fri Jul 12 03:02:48 UTC 2019 /home/travis/build/icyphy/ptII/ptolemy/actor/lib/test/auto/AbsoluteValue.xml
----------------- Instantiating /home/travis/build/icyphy/ptII/ptolemy/actor/lib/test/auto/AbsoluteValue.xml
12 ms. Memory: 320512K Free: 172567K (54%)
----------------- Invoking toplevel() on ptolemy.moml.MoMLSimpleApplication@7f1c9e98
----------------- Done invoking toplevel() on ptolemy.moml.MoMLSimpleApplication@7f1c9e98
reloadAllAccessors: .AbsoluteValue

===========================================================================================
----------------- testing Fri Jul 12 03:02:48 UTC 2019 /home/travis/build/icyphy/ptII/ptolemy/actor/lib/test/auto/AbsoluteValue2.xml
----------------- Instantiating /home/travis/build/icyphy/ptII/ptolemy/actor/lib/test/auto/AbsoluteValue2.xml
6 ms. Memory: 320512K Free: 165909K (52%)
----------------- Invoking toplevel() on ptolemy.moml.MoMLSimpleApplication@4d3fbd9
----------------- Done invoking toplevel() on ptolemy.moml.MoMLSimpleApplication@4d3fbd9
reloadAllAccessors: .AbsoluteValue2

===========================================================================================
----------------- testing Fri Jul 12 03:02:48 UTC 2019 /home/travis/build/icyphy/ptII/ptolemy/actor/lib/test/auto/Accumulator.xml
----------------- Instantiating /home/travis/build/icyphy/ptII/ptolemy/actor/lib/test/auto/Accumulator.xml
12 ms. Memory: 320512K Free: 159255K (50%)
----------------- Invoking toplevel() on ptolemy.moml.MoMLSimpleApplication@2f36f80
----------------- Done invoking toplevel() on ptolemy.moml.MoMLSimpleApplication@2f36f80
reloadAllAccessors: .Accumulator

===========================================================================================
----------------- testing Fri Jul 12 03:02:49 UTC 2019 /home/travis/build/icyphy/ptII/ptolemy/actor/lib/test/auto/Accumulator2.xml
----------------- Instantiating /home/travis/build/icyphy/ptII/ptolemy/actor/lib/test/auto/Accumulator2.xml
3 ms. Memory: 320512K Free: 154135K (48%)
----------------- Invoking toplevel() on ptolemy.moml.MoMLSimpleApplication@304240ba
----------------- Done invoking toplevel() on ptolemy.moml.MoMLSimpleApplication@304240ba
reloadAllAccessors: .Accumulator2

===========================================================================================
----------------- testing Fri Jul 12 03:02:49 UTC 2019 /home/travis/build/icyphy/ptII/ptolemy/actor/lib/test/auto/Accumulator3.xml
----------------- Instantiating /home/travis/build/icyphy/ptII/ptolemy/actor/lib/test/auto/Accumulator3.xml
3 ms. Memory: 320512K Free: 149525K (47%)
----------------- Invoking toplevel() on ptolemy.moml.MoMLSimpleApplication@491d0068
----------------- Done invoking toplevel() on ptolemy.moml.MoMLSimpleApplication@491d0068
reloadAllAccessors: .Accumulator3

===========================================================================================
----------------- testing Fri Jul 12 03:02:49 UTC 2019 /home/travis/build/icyphy/ptII/ptolemy/actor/lib/test/auto/ArrayAppend.xml
----------------- Instantiating /home/travis/build/icyphy/ptII/ptolemy/actor/lib/test/auto/ArrayAppend.xml
5 ms. Memory: 320512K Free: 143366K (45%)
----------------- Invoking toplevel() on ptolemy.moml.MoMLSimpleApplication@5acc900e
----------------- Done invoking toplevel() on ptolemy.moml.MoMLSimpleApplication@5acc900e
reloadAllAccessors: .ArrayAppend

===========================================================================================
----------------- testing Fri Jul 12 03:02:49 UTC 2019 /home/travis/build/icyphy/ptII/ptolemy/actor/lib/test/auto/ArrayAppend2.xml
----------------- Instantiating /home/travis/build/icyphy/ptII/ptolemy/actor/lib/test/auto/ArrayAppend2.xml
474 ms. Memory: 320512K Free: 225346K (70%)
----------------- Invoking toplevel() on ptolemy.moml.MoMLSimpleApplication@2a1d139
----------------- Done invoking toplevel() on ptolemy.moml.MoMLSimpleApplication@2a1d139
reloadAllAccessors: .ArrayAppend2

===========================================================================================
----------------- testing Fri Jul 12 03:02:49 UTC 2019 /home/travis/build/icyphy/ptII/ptolemy/actor/lib/test/auto/ArrayAppend3.xml
----------------- Instantiating /home/travis/build/icyphy/ptII/ptolemy/actor/lib/test/auto/ArrayAppend3.xml
13 ms. Memory: 320512K Free: 219202K (68%)
----------------- Invoking toplevel() on ptolemy.moml.MoMLSimpleApplication@3b1b9f3d
----------------- Done invoking toplevel() on ptolemy.moml.MoMLSimpleApplication@3b1b9f3d
reloadAllAccessors: .ArrayAppend3

===========================================================================================
----------------- testing Fri Jul 12 03:02:49 UTC 2019 /home/travis/build/icyphy/ptII/ptolemy/actor/lib/test/auto/ArrayAppend4.xml
----------------- Instantiating /home/travis/build/icyphy/ptII/ptolemy/actor/lib/test/auto/ArrayAppend4.xml
2 ms. Memory: 320512K Free: 214082K (67%)
----------------- Invoking toplevel() on ptolemy.moml.MoMLSimpleApplication@197d82e8
----------------- Done invoking toplevel() on ptolemy.moml.MoMLSimpleApplication@197d82e8
reloadAllAccessors: .ArrayAppend4

===========================================================================================
----------------- testing Fri Jul 12 03:02:49 UTC 2019 /home/travis/build/icyphy/ptII/ptolemy/actor/lib/test/auto/ArrayAppend5.xml
----------------- Instantiating /home/travis/build/icyphy/ptII/ptolemy/actor/lib/test/auto/ArrayAppend5.xml
2 ms. Memory: 320512K Free: 208962K (65%)
----------------- Invoking toplevel() on ptolemy.moml.MoMLSimpleApplication@3595e309
----------------- Done invoking toplevel() on ptolemy.moml.MoMLSimpleApplication@3595e309
reloadAllAccessors: .ArrayAppend5

===========================================================================================
----------------- testing Fri Jul 12 03:02:49 UTC 2019 /home/travis/build/icyphy/ptII/ptolemy/actor/lib/test/auto/ArrayAppend6.xml
----------------- Instantiating /home/travis/build/icyphy/ptII/ptolemy/actor/lib/test/auto/ArrayAppend6.xml
3 ms. Memory: 320512K Free: 203332K (63%)
----------------- Invoking toplevel() on ptolemy.moml.MoMLSimpleApplication@4d4ec95a
----------------- Done invoking toplevel() on ptolemy.moml.MoMLSimpleApplication@4d4ec95a
reloadAllAccessors: .ArrayAppend6

===========================================================================================
----------------- testing Fri Jul 12 03:02:49 UTC 2019 /home/travis/build/icyphy/ptII/ptolemy/actor/lib/test/auto/ArrayAppendPerformanceTest.xml
----------------- Instantiating /home/travis/build/icyphy/ptII/ptolemy/actor/lib/test/auto/ArrayAppendPerformanceTest.xml
36 ms. Memory: 320512K Free: 192578K (60%)
----------------- Invoking toplevel() on ptolemy.moml.MoMLSimpleApplication@a2a94a9
----------------- Done invoking toplevel() on ptolemy.moml.MoMLSimpleApplication@a2a94a9
reloadAllAccessors: .ArrayAppendPerformanceTest

===========================================================================================
----------------- testing Fri Jul 12 03:02:49 UTC 2019 /home/travis/build/icyphy/ptII/ptolemy/actor/lib/test/auto/ArrayAppendWithEmptyInput.xml
----------------- Instantiating /home/travis/build/icyphy/ptII/ptolemy/actor/lib/test/auto/ArrayAppendWithEmptyInput.xml
13 ms. Memory: 320512K Free: 184386K (58%)
----------------- Invoking toplevel() on ptolemy.moml.MoMLSimpleApplication@520098e1
----------------- Done invoking toplevel() on ptolemy.moml.MoMLSimpleApplication@520098e1
reloadAllAccessors: .ArrayAppendWithEmptyInput

===========================================================================================
----------------- testing Fri Jul 12 03:02:49 UTC 2019 /home/travis/build/icyphy/ptII/ptolemy/actor/lib/test/auto/ArrayAverage.xml
----------------- Instantiating /home/travis/build/icyphy/ptII/ptolemy/actor/lib/test/auto/ArrayAverage.xml
6 ms. Memory: 320512K Free: 177218K (55%)
----------------- Invoking toplevel() on ptolemy.moml.MoMLSimpleApplication@61fa0141
----------------- Done invoking toplevel() on ptolemy.moml.MoMLSimpleApplication@61fa0141
reloadAllAccessors: .ArrayAverage

===========================================================================================
----------------- testing Fri Jul 12 03:02:49 UTC 2019 /home/travis/build/icyphy/ptII/ptolemy/actor/lib/test/auto/ArrayContains.xml
----------------- Instantiating /home/travis/build/icyphy/ptII/ptolemy/actor/lib/test/auto/ArrayContains.xml
2 ms. Memory: 320512K Free: 171074K (53%)
----------------- Invoking toplevel() on ptolemy.moml.MoMLSimpleApplication@5bb22480
----------------- Done invoking toplevel() on ptolemy.moml.MoMLSimpleApplication@5bb22480
reloadAllAccessors: .ArrayContains

===========================================================================================
----------------- testing Fri Jul 12 03:02:50 UTC 2019 /home/travis/build/icyphy/ptII/ptolemy/actor/lib/test/auto/ArrayElement.xml
----------------- Instantiating /home/travis/build/icyphy/ptII/ptolemy/actor/lib/test/auto/ArrayElement.xml
14 ms. Memory: 320512K Free: 165954K (52%)
----------------- Invoking toplevel() on ptolemy.moml.MoMLSimpleApplication@4090dd17
----------------- Done invoking toplevel() on ptolemy.moml.MoMLSimpleApplication@4090dd17
reloadAllAccessors: .ArrayElement

===========================================================================================
----------------- testing Fri Jul 12 03:02:50 UTC 2019 /home/travis/build/icyphy/ptII/ptolemy/actor/lib/test/auto/ArrayElementAsMatrix.xml
----------------- Instantiating /home/travis/build/icyphy/ptII/ptolemy/actor/lib/test/auto/ArrayElementAsMatrix.xml
18 ms. Memory: 320512K Free: 156228K (49%)
----------------- Invoking toplevel() on ptolemy.moml.MoMLSimpleApplication@c7ac7b0
----------------- Done invoking toplevel() on ptolemy.moml.MoMLSimpleApplication@c7ac7b0
reloadAllAccessors: .ArrayElementAsMatrix

===========================================================================================
----------------- testing Fri Jul 12 03:02:50 UTC 2019 /home/travis/build/icyphy/ptII/ptolemy/actor/lib/test/auto/ArrayElementI.xml
----------------- Instantiating /home/travis/build/icyphy/ptII/ptolemy/actor/lib/test/auto/ArrayElementI.xml
3 ms. Memory: 320512K Free: 151108K (47%)
----------------- Invoking toplevel() on ptolemy.moml.MoMLSimpleApplication@42de1603
----------------- Done invoking toplevel() on ptolemy.moml.MoMLSimpleApplication@42de1603
reloadAllAccessors: .ArrayElementI

===========================================================================================
----------------- testing Fri Jul 12 03:02:50 UTC 2019 /home/travis/build/icyphy/ptII/ptolemy/actor/lib/test/auto/ArrayExtract.xml
----------------- Instantiating /home/travis/build/icyphy/ptII/ptolemy/actor/lib/test/auto/ArrayExtract.xml
5 ms. Memory: 320512K Free: 142916K (45%)
----------------- Invoking toplevel() on ptolemy.moml.MoMLSimpleApplication@2339cee4
----------------- Done invoking toplevel() on ptolemy.moml.MoMLSimpleApplication@2339cee4
reloadAllAccessors: .ArrayExtract

===========================================================================================
----------------- testing Fri Jul 12 03:02:50 UTC 2019 /home/travis/build/icyphy/ptII/ptolemy/actor/lib/test/auto/ArrayExtract2.xml
----------------- Instantiating /home/travis/build/icyphy/ptII/ptolemy/actor/lib/test/auto/ArrayExtract2.xml
2 ms. Memory: 320512K Free: 137252K (43%)
----------------- Invoking toplevel() on ptolemy.moml.MoMLSimpleApplication@36a71f54
----------------- Done invoking toplevel() on ptolemy.moml.MoMLSimpleApplication@36a71f54
reloadAllAccessors: .ArrayExtract2

===========================================================================================
----------------- testing Fri Jul 12 03:02:50 UTC 2019 /home/travis/build/icyphy/ptII/ptolemy/actor/lib/test/auto/ArrayLength.xml
----------------- Instantiating /home/travis/build/icyphy/ptII/ptolemy/actor/lib/test/auto/ArrayLength.xml
2 ms. Memory: 320512K Free: 133700K (42%)
----------------- Invoking toplevel() on ptolemy.moml.MoMLSimpleApplication@505a204e
----------------- Done invoking toplevel() on ptolemy.moml.MoMLSimpleApplication@505a204e
reloadAllAccessors: .ArrayLength

===========================================================================================
----------------- testing Fri Jul 12 03:02:50 UTC 2019 /home/travis/build/icyphy/ptII/ptolemy/actor/lib/test/auto/ArrayLevelCrossing.xml
----------------- Instantiating /home/travis/build/icyphy/ptII/ptolemy/actor/lib/test/auto/ArrayLevelCrossing.xml
3 ms. Memory: 320512K Free: 125508K (39%)
----------------- Invoking toplevel() on ptolemy.moml.MoMLSimpleApplication@39c69f4c
----------------- Done invoking toplevel() on ptolemy.moml.MoMLSimpleApplication@39c69f4c
reloadAllAccessors: .ArrayLevelCrossing

===========================================================================================
----------------- testing Fri Jul 12 03:02:50 UTC 2019 /home/travis/build/icyphy/ptII/ptolemy/actor/lib/test/auto/ArrayLevelCrossing2.xml
----------------- Instantiating /home/travis/build/icyphy/ptII/ptolemy/actor/lib/test/auto/ArrayLevelCrossing2.xml
3 ms. Memory: 320512K Free: 118850K (37%)
----------------- Invoking toplevel() on ptolemy.moml.MoMLSimpleApplication@681aaf4
----------------- Done invoking toplevel() on ptolemy.moml.MoMLSimpleApplication@681aaf4
reloadAllAccessors: .ArrayLevelCrossing2

===========================================================================================
----------------- testing Fri Jul 12 03:02:50 UTC 2019 /home/travis/build/icyphy/ptII/ptolemy/actor/lib/test/auto/ArrayPeakSearch.xml
----------------- Instantiating /home/travis/build/icyphy/ptII/ptolemy/actor/lib/test/auto/ArrayPeakSearch.xml
4 ms. Memory: 320512K Free: 109634K (34%)
----------------- Invoking toplevel() on ptolemy.moml.MoMLSimpleApplication@5b761f51
----------------- Done invoking toplevel() on ptolemy.moml.MoMLSimpleApplication@5b761f51
reloadAllAccessors: .ArrayPeakSearch

===========================================================================================
----------------- testing Fri Jul 12 03:02:50 UTC 2019 /home/travis/build/icyphy/ptII/ptolemy/actor/lib/test/auto/ArrayPeakSearch2.xml
----------------- Instantiating /home/travis/build/icyphy/ptII/ptolemy/actor/lib/test/auto/ArrayPeakSearch2.xml
4 ms. Memory: 320512K Free: 99380K (31%)
----------------- Invoking toplevel() on ptolemy.moml.MoMLSimpleApplication@6eba7438
----------------- Done invoking toplevel() on ptolemy.moml.MoMLSimpleApplication@6eba7438
reloadAllAccessors: .ArrayPeakSearch2

===========================================================================================
----------------- testing Fri Jul 12 03:02:50 UTC 2019 /home/travis/build/icyphy/ptII/ptolemy/actor/lib/test/auto/ArrayPeakSearch3.xml
----------------- Instantiating /home/travis/build/icyphy/ptII/ptolemy/actor/lib/test/auto/ArrayPeakSearch3.xml
4 ms. Memory: 320512K Free: 90178K (28%)
----------------- Invoking toplevel() on ptolemy.moml.MoMLSimpleApplication@6ae7c411
----------------- Done invoking toplevel() on ptolemy.moml.MoMLSimpleApplication@6ae7c411
reloadAllAccessors: .ArrayPeakSearch3

===========================================================================================
----------------- testing Fri Jul 12 03:02:50 UTC 2019 /home/travis/build/icyphy/ptII/ptolemy/actor/lib/test/auto/ArrayRemoveElement.xml
----------------- Instantiating /home/travis/build/icyphy/ptII/ptolemy/actor/lib/test/auto/ArrayRemoveElement.xml
4 ms. Memory: 566272K Free: 512580K (91%)
----------------- Invoking toplevel() on ptolemy.moml.MoMLSimpleApplication@553fb1c6
----------------- Done invoking toplevel() on ptolemy.moml.MoMLSimpleApplication@553fb1c6
reloadAllAccessors: .ArrayRemoveElement

===========================================================================================
----------------- testing Fri Jul 12 03:02:50 UTC 2019 /home/travis/build/icyphy/ptII/ptolemy/actor/lib/test/auto/ArraySort.xml
----------------- Instantiating /home/travis/build/icyphy/ptII/ptolemy/actor/lib/test/auto/ArraySort.xml
16 ms. Memory: 566272K Free: 503364K (89%)
----------------- Invoking toplevel() on ptolemy.moml.MoMLSimpleApplication@71bad7ed
----------------- Done invoking toplevel() on ptolemy.moml.MoMLSimpleApplication@71bad7ed
reloadAllAccessors: .ArraySort

===========================================================================================
----------------- testing Fri Jul 12 03:02:50 UTC 2019 /home/travis/build/icyphy/ptII/ptolemy/actor/lib/test/auto/ArraySum.xml
----------------- Instantiating /home/travis/build/icyphy/ptII/ptolemy/actor/lib/test/auto/ArraySum.xml
6 ms. Memory: 566272K Free: 498244K (88%)
----------------- Invoking toplevel() on ptolemy.moml.MoMLSimpleApplication@695c39fa
----------------- Done invoking toplevel() on ptolemy.moml.MoMLSimpleApplication@695c39fa
reloadAllAccessors: .ArraySum

===========================================================================================
----------------- testing Fri Jul 12 03:02:50 UTC 2019 /home/travis/build/icyphy/ptII/ptolemy/actor/lib/test/auto/ArrayToElements.xml
----------------- Instantiating /home/travis/build/icyphy/ptII/ptolemy/actor/lib/test/auto/ArrayToElements.xml
8 ms. Memory: 566272K Free: 492610K (87%)
----------------- Invoking toplevel() on ptolemy.moml.MoMLSimpleApplication@7f39d55
----------------- Done invoking toplevel() on ptolemy.moml.MoMLSimpleApplication@7f39d55
reloadAllAccessors: .ArrayToElements

===========================================================================================
----------------- testing Fri Jul 12 03:02:50 UTC 2019 /home/travis/build/icyphy/ptII/ptolemy/actor/lib/test/auto/ArrayToMatrix.xml
----------------- Instantiating /home/travis/build/icyphy/ptII/ptolemy/actor/lib/test/auto/ArrayToMatrix.xml
9 ms. Memory: 566272K Free: 478788K (85%)
----------------- Invoking toplevel() on ptolemy.moml.MoMLSimpleApplication@5b90bb54
----------------- Done invoking toplevel() on ptolemy.moml.MoMLSimpleApplication@5b90bb54
reloadAllAccessors: .ArrayToMatrix

===========================================================================================
----------------- testing Fri Jul 12 03:02:50 UTC 2019 /home/travis/build/icyphy/ptII/ptolemy/actor/lib/test/auto/ArrayUpdate1.xml
----------------- Instantiating /home/travis/build/icyphy/ptII/ptolemy/actor/lib/test/auto/ArrayUpdate1.xml
3 ms. Memory: 566272K Free: 473668K (84%)
----------------- Invoking toplevel() on ptolemy.moml.MoMLSimpleApplication@16b02d6f
----------------- Done invoking toplevel() on ptolemy.moml.MoMLSimpleApplication@16b02d6f
reloadAllAccessors: .ArrayUpdate1

===========================================================================================
----------------- testing Fri Jul 12 03:02:50 UTC 2019 /home/travis/build/icyphy/ptII/ptolemy/actor/lib/test/auto/ArrayUpdate2.xml
----------------- Instantiating /home/travis/build/icyphy/ptII/ptolemy/actor/lib/test/auto/ArrayUpdate2.xml
6 ms. Memory: 566272K Free: 467524K (83%)
----------------- Invoking toplevel() on ptolemy.moml.MoMLSimpleApplication@5caa348b
----------------- Done invoking toplevel() on ptolemy.moml.MoMLSimpleApplication@5caa348b
reloadAllAccessors: .ArrayUpdate2

===========================================================================================
----------------- testing Fri Jul 12 03:02:50 UTC 2019 /home/travis/build/icyphy/ptII/ptolemy/actor/lib/test/auto/ArrayUpdate3.xml
----------------- Instantiating /home/travis/build/icyphy/ptII/ptolemy/actor/lib/test/auto/ArrayUpdate3.xml
5 ms. Memory: 566272K Free: 462404K (82%)
----------------- Invoking toplevel() on ptolemy.moml.MoMLSimpleApplication@721fb4c1
----------------- Done invoking toplevel() on ptolemy.moml.MoMLSimpleApplication@721fb4c1
reloadAllAccessors: .ArrayUpdate3

===========================================================================================
----------------- testing Fri Jul 12 03:02:50 UTC 2019 /home/travis/build/icyphy/ptII/ptolemy/actor/lib/test/auto/Assert1.xml
----------------- Instantiating /home/travis/build/icyphy/ptII/ptolemy/actor/lib/test/auto/Assert1.xml
7 ms. Memory: 566272K Free: 458308K (81%)
----------------- Invoking toplevel() on ptolemy.moml.MoMLSimpleApplication@122858c4
----------------- Done invoking toplevel() on ptolemy.moml.MoMLSimpleApplication@122858c4
reloadAllAccessors: .Assert1

===========================================================================================
----------------- testing Fri Jul 12 03:02:50 UTC 2019 /home/travis/build/icyphy/ptII/ptolemy/actor/lib/test/auto/Assert2.xml
----------------- Instantiating /home/travis/build/icyphy/ptII/ptolemy/actor/lib/test/auto/Assert2.xml
3 ms. Memory: 566272K Free: 453698K (80%)
----------------- Invoking toplevel() on ptolemy.moml.MoMLSimpleApplication@56c5c6ec
----------------- Done invoking toplevel() on ptolemy.moml.MoMLSimpleApplication@56c5c6ec
reloadAllAccessors: .Assert2

===========================================================================================
----------------- testing Fri Jul 12 03:02:50 UTC 2019 /home/travis/build/icyphy/ptII/ptolemy/actor/lib/test/auto/BooleanMultiplexor.xml
----------------- Instantiating /home/travis/build/icyphy/ptII/ptolemy/actor/lib/test/auto/BooleanMultiplexor.xml
3 ms. Memory: 566272K Free: 448564K (79%)
----------------- Invoking toplevel() on ptolemy.moml.MoMLSimpleApplication@15b7b60e
----------------- Done invoking toplevel() on ptolemy.moml.MoMLSimpleApplication@15b7b60e
reloadAllAccessors: .BooleanMultiplexor

===========================================================================================
----------------- testing Fri Jul 12 03:02:50 UTC 2019 /home/travis/build/icyphy/ptII/ptolemy/actor/lib/test/auto/BooleanMultiplexor2.xml
----------------- Instantiating /home/travis/build/icyphy/ptII/ptolemy/actor/lib/test/auto/BooleanMultiplexor2.xml
4 ms. Memory: 566272K Free: 441924K (78%)
----------------- Invoking toplevel() on ptolemy.moml.MoMLSimpleApplication@56bd3110
----------------- Done invoking toplevel() on ptolemy.moml.MoMLSimpleApplication@56bd3110
reloadAllAccessors: .BooleanMultiplexor2

===========================================================================================
----------------- testing Fri Jul 12 03:02:50 UTC 2019 /home/travis/build/icyphy/ptII/ptolemy/actor/lib/test/auto/BooleanMultiplexor3.xml
----------------- Instantiating /home/travis/build/icyphy/ptII/ptolemy/actor/lib/test/auto/BooleanMultiplexor3.xml
2 ms. Memory: 566272K Free: 438338K (77%)
----------------- Invoking toplevel() on ptolemy.moml.MoMLSimpleApplication@466aba65
----------------- Done invoking toplevel() on ptolemy.moml.MoMLSimpleApplication@466aba65
reloadAllAccessors: .BooleanMultiplexor3

===========================================================================================
----------------- testing Fri Jul 12 03:02:50 UTC 2019 /home/travis/build/icyphy/ptII/ptolemy/actor/lib/test/auto/BooleanSelect.xml
----------------- Instantiating /home/travis/build/icyphy/ptII/ptolemy/actor/lib/test/auto/BooleanSelect.xml
4 ms. Memory: 566272K Free: 432180K (76%)
----------------- Invoking toplevel() on ptolemy.moml.MoMLSimpleApplication@55ec96a8
----------------- Done invoking toplevel() on ptolemy.moml.MoMLSimpleApplication@55ec96a8
reloadAllAccessors: .BooleanSelect

===========================================================================================
----------------- testing Fri Jul 12 03:02:50 UTC 2019 /home/travis/build/icyphy/ptII/ptolemy/actor/lib/test/auto/BooleanSelect2.xml
----------------- Instantiating /home/travis/build/icyphy/ptII/ptolemy/actor/lib/test/auto/BooleanSelect2.xml
2 ms. Memory: 566272K Free: 428098K (76%)
----------------- Invoking toplevel() on ptolemy.moml.MoMLSimpleApplication@1fc334ba
----------------- Done invoking toplevel() on ptolemy.moml.MoMLSimpleApplication@1fc334ba
reloadAllAccessors: .BooleanSelect2

===========================================================================================
----------------- testing Fri Jul 12 03:02:50 UTC 2019 /home/travis/build/icyphy/ptII/ptolemy/actor/lib/test/auto/BooleanSwitch.xml
----------------- Instantiating /home/travis/build/icyphy/ptII/ptolemy/actor/lib/test/auto/BooleanSwitch.xml
3 ms. Memory: 566272K Free: 421954K (75%)
----------------- Invoking toplevel() on ptolemy.moml.MoMLSimpleApplication@394163a3
----------------- Done invoking toplevel() on ptolemy.moml.MoMLSimpleApplication@394163a3
reloadAllAccessors: .BooleanSwitch

===========================================================================================
----------------- testing Fri Jul 12 03:02:50 UTC 2019 /home/travis/build/icyphy/ptII/ptolemy/actor/lib/test/auto/BooleanSwitch2.xml
----------------- Instantiating /home/travis/build/icyphy/ptII/ptolemy/actor/lib/test/auto/BooleanSwitch2.xml
1 ms. Memory: 566272K Free: 417858K (74%)
----------------- Invoking toplevel() on ptolemy.moml.MoMLSimpleApplication@15a89ac6
----------------- Done invoking toplevel() on ptolemy.moml.MoMLSimpleApplication@15a89ac6
reloadAllAccessors: .BooleanSwitch2

===========================================================================================
----------------- testing Fri Jul 12 03:02:50 UTC 2019 /home/travis/build/icyphy/ptII/ptolemy/actor/lib/test/auto/BooleanSwitchCloningBugWithClassRelationGroup.xml
----------------- Instantiating /home/travis/build/icyphy/ptII/ptolemy/actor/lib/test/auto/BooleanSwitchCloningBugWithClassRelationGroup.xml
4 ms. Memory: 566272K Free: 411204K (73%)
----------------- Invoking toplevel() on ptolemy.moml.MoMLSimpleApplication@6bbdb59e
----------------- Done invoking toplevel() on ptolemy.moml.MoMLSimpleApplication@6bbdb59e
reloadAllAccessors: .BooleanSwitchCloningBugWithClassRelationGroup

===========================================================================================
----------------- testing Fri Jul 12 03:02:51 UTC 2019 /home/travis/build/icyphy/ptII/ptolemy/actor/lib/test/auto/BusActors.xml
----------------- Instantiating /home/travis/build/icyphy/ptII/ptolemy/actor/lib/test/auto/BusActors.xml
6 ms. Memory: 566272K Free: 403522K (71%)
----------------- Invoking toplevel() on ptolemy.moml.MoMLSimpleApplication@7437353b
----------------- Done invoking toplevel() on ptolemy.moml.MoMLSimpleApplication@7437353b
reloadAllAccessors: .BusActors

===========================================================================================
----------------- testing Fri Jul 12 03:02:51 UTC 2019 /home/travis/build/icyphy/ptII/ptolemy/actor/lib/test/auto/ClassWrapper.xml
----------------- Instantiating /home/travis/build/icyphy/ptII/ptolemy/actor/lib/test/auto/ClassWrapper.xml
3 ms. Memory: 566272K Free: 398916K (70%)
----------------- Invoking toplevel() on ptolemy.moml.MoMLSimpleApplication@468ba3e5
----------------- Done invoking toplevel() on ptolemy.moml.MoMLSimpleApplication@468ba3e5
reloadAllAccessors: .ClassWrapper

===========================================================================================
----------------- testing Fri Jul 12 03:02:51 UTC 2019 /home/travis/build/icyphy/ptII/ptolemy/actor/lib/test/auto/Clock.xml
----------------- Instantiating /home/travis/build/icyphy/ptII/ptolemy/actor/lib/test/auto/Clock.xml
2 ms. Memory: 566272K Free: 395330K (70%)
----------------- Invoking toplevel() on ptolemy.moml.MoMLSimpleApplication@461a2fb0
----------------- Done invoking toplevel() on ptolemy.moml.MoMLSimpleApplication@461a2fb0
reloadAllAccessors: .Clock

===========================================================================================
----------------- testing Fri Jul 12 03:02:51 UTC 2019 /home/travis/build/icyphy/ptII/ptolemy/actor/lib/test/auto/Clock10.xml
----------------- Instantiating /home/travis/build/icyphy/ptII/ptolemy/actor/lib/test/auto/Clock10.xml
5 ms. Memory: 566272K Free: 389186K (69%)
----------------- Invoking toplevel() on ptolemy.moml.MoMLSimpleApplication@30c4eb16
----------------- Done invoking toplevel() on ptolemy.moml.MoMLSimpleApplication@30c4eb16
reloadAllAccessors: .Clock10

===========================================================================================
----------------- testing Fri Jul 12 03:02:51 UTC 2019 /home/travis/build/icyphy/ptII/ptolemy/actor/lib/test/auto/Clock11.xml
----------------- Instantiating /home/travis/build/icyphy/ptII/ptolemy/actor/lib/test/auto/Clock11.xml
7 ms. Memory: 566272K Free: 383556K (68%)
----------------- Invoking toplevel() on ptolemy.moml.MoMLSimpleApplication@52f5a4ea
----------------- Done invoking toplevel() on ptolemy.moml.MoMLSimpleApplication@52f5a4ea
reloadAllAccessors: .Clock11

===========================================================================================
----------------- testing Fri Jul 12 03:02:51 UTC 2019 /home/travis/build/icyphy/ptII/ptolemy/actor/lib/test/auto/Clock12.xml
----------------- Instantiating /home/travis/build/icyphy/ptII/ptolemy/actor/lib/test/auto/Clock12.xml
5 ms. Memory: 566272K Free: 377412K (67%)
----------------- Invoking toplevel() on ptolemy.moml.MoMLSimpleApplication@f8a20ac
----------------- Done invoking toplevel() on ptolemy.moml.MoMLSimpleApplication@f8a20ac
reloadAllAccessors: .Clock12

===========================================================================================
----------------- testing Fri Jul 12 03:02:51 UTC 2019 /home/travis/build/icyphy/ptII/ptolemy/actor/lib/test/auto/Clock13.xml
----------------- Instantiating /home/travis/build/icyphy/ptII/ptolemy/actor/lib/test/auto/Clock13.xml
3 ms. Memory: 566272K Free: 371268K (66%)
----------------- Invoking toplevel() on ptolemy.moml.MoMLSimpleApplication@7a292c68
----------------- Done invoking toplevel() on ptolemy.moml.MoMLSimpleApplication@7a292c68
reloadAllAccessors: .Clock13

===========================================================================================
----------------- testing Fri Jul 12 03:02:51 UTC 2019 /home/travis/build/icyphy/ptII/ptolemy/actor/lib/test/auto/Clock14.xml
----------------- Instantiating /home/travis/build/icyphy/ptII/ptolemy/actor/lib/test/auto/Clock14.xml
4 ms. Memory: 566272K Free: 365604K (65%)
----------------- Invoking toplevel() on ptolemy.moml.MoMLSimpleApplication@654e51ca
----------------- Done invoking toplevel() on ptolemy.moml.MoMLSimpleApplication@654e51ca
reloadAllAccessors: .Clock14

===========================================================================================
----------------- testing Fri Jul 12 03:02:51 UTC 2019 /home/travis/build/icyphy/ptII/ptolemy/actor/lib/test/auto/Clock15.xml
----------------- Instantiating /home/travis/build/icyphy/ptII/ptolemy/actor/lib/test/auto/Clock15.xml
3 ms. Memory: 566272K Free: 359460K (63%)
----------------- Invoking toplevel() on ptolemy.moml.MoMLSimpleApplication@54979ac0
----------------- Done invoking toplevel() on ptolemy.moml.MoMLSimpleApplication@54979ac0
reloadAllAccessors: .Clock15

===========================================================================================
----------------- testing Fri Jul 12 03:02:51 UTC 2019 /home/travis/build/icyphy/ptII/ptolemy/actor/lib/test/auto/Clock16.xml
----------------- Instantiating /home/travis/build/icyphy/ptII/ptolemy/actor/lib/test/auto/Clock16.xml
33 ms. Memory: 566272K Free: 345148K (61%)
----------------- Invoking toplevel() on ptolemy.moml.MoMLSimpleApplication@403d5cb6
----------------- Done invoking toplevel() on ptolemy.moml.MoMLSimpleApplication@403d5cb6
reloadAllAccessors: .Clock16

===========================================================================================
----------------- testing Fri Jul 12 03:02:51 UTC 2019 /home/travis/build/icyphy/ptII/ptolemy/actor/lib/test/auto/Clock17.xml
----------------- Instantiating /home/travis/build/icyphy/ptII/ptolemy/actor/lib/test/auto/Clock17.xml
27 ms. Memory: 566272K Free: 330804K (58%)
----------------- Invoking toplevel() on ptolemy.moml.MoMLSimpleApplication@29b37e67
----------------- Done invoking toplevel() on ptolemy.moml.MoMLSimpleApplication@29b37e67
reloadAllAccessors: .Clock17

===========================================================================================
----------------- testing Fri Jul 12 03:02:51 UTC 2019 /home/travis/build/icyphy/ptII/ptolemy/actor/lib/test/auto/Clock18.xml
----------------- Instantiating /home/travis/build/icyphy/ptII/ptolemy/actor/lib/test/auto/Clock18.xml
17 ms. Memory: 566272K Free: 317492K (56%)
----------------- Invoking toplevel() on ptolemy.moml.MoMLSimpleApplication@2c150d48
----------------- Done invoking toplevel() on ptolemy.moml.MoMLSimpleApplication@2c150d48
reloadAllAccessors: .Clock18

===========================================================================================
----------------- testing Fri Jul 12 03:02:51 UTC 2019 /home/travis/build/icyphy/ptII/ptolemy/actor/lib/test/auto/Clock19.xml
----------------- Instantiating /home/travis/build/icyphy/ptII/ptolemy/actor/lib/test/auto/Clock19.xml
13 ms. Memory: 566272K Free: 304164K (54%)
----------------- Invoking toplevel() on ptolemy.moml.MoMLSimpleApplication@5a8528df
----------------- Done invoking toplevel() on ptolemy.moml.MoMLSimpleApplication@5a8528df
reloadAllAccessors: .Clock19

===========================================================================================
----------------- testing Fri Jul 12 03:02:51 UTC 2019 /home/travis/build/icyphy/ptII/ptolemy/actor/lib/test/auto/Clock2.xml
----------------- Instantiating /home/travis/build/icyphy/ptII/ptolemy/actor/lib/test/auto/Clock2.xml
6 ms. Memory: 566272K Free: 299044K (53%)
----------------- Invoking toplevel() on ptolemy.moml.MoMLSimpleApplication@93d3c50
----------------- Done invoking toplevel() on ptolemy.moml.MoMLSimpleApplication@93d3c50
reloadAllAccessors: .Clock2

===========================================================================================
----------------- testing Fri Jul 12 03:02:51 UTC 2019 /home/travis/build/icyphy/ptII/ptolemy/actor/lib/test/auto/Clock20.xml
----------------- Instantiating /home/travis/build/icyphy/ptII/ptolemy/actor/lib/test/auto/Clock20.xml
11 ms. Memory: 566272K Free: 293954K (52%)
----------------- Invoking toplevel() on ptolemy.moml.MoMLSimpleApplication@350bd7aa
----------------- Done invoking toplevel() on ptolemy.moml.MoMLSimpleApplication@350bd7aa
reloadAllAccessors: .Clock20

===========================================================================================
----------------- testing Fri Jul 12 03:02:51 UTC 2019 /home/travis/build/icyphy/ptII/ptolemy/actor/lib/test/auto/Clock21.xml
----------------- Instantiating /home/travis/build/icyphy/ptII/ptolemy/actor/lib/test/auto/Clock21.xml
11 ms. Memory: 566272K Free: 288324K (51%)
----------------- Invoking toplevel() on ptolemy.moml.MoMLSimpleApplication@182bd444
----------------- Done invoking toplevel() on ptolemy.moml.MoMLSimpleApplication@182bd444
reloadAllAccessors: .Clock21

===========================================================================================
----------------- testing Fri Jul 12 03:02:51 UTC 2019 /home/travis/build/icyphy/ptII/ptolemy/actor/lib/test/auto/Clock22.xml
----------------- Instantiating /home/travis/build/icyphy/ptII/ptolemy/actor/lib/test/auto/Clock22.xml
5 ms. Memory: 566272K Free: 283204K (50%)
----------------- Invoking toplevel() on ptolemy.moml.MoMLSimpleApplication@3e38349
----------------- Done invoking toplevel() on ptolemy.moml.MoMLSimpleApplication@3e38349
reloadAllAccessors: .Clock22

===========================================================================================
----------------- testing Fri Jul 12 03:02:51 UTC 2019 /home/travis/build/icyphy/ptII/ptolemy/actor/lib/test/auto/Clock23.xml
----------------- Instantiating /home/travis/build/icyphy/ptII/ptolemy/actor/lib/test/auto/Clock23.xml
6 ms. Memory: 566272K Free: 277570K (49%)
----------------- Invoking toplevel() on ptolemy.moml.MoMLSimpleApplication@330b87c4
----------------- Done invoking toplevel() on ptolemy.moml.MoMLSimpleApplication@330b87c4
reloadAllAccessors: .Clock23

===========================================================================================
----------------- testing Fri Jul 12 03:02:51 UTC 2019 /home/travis/build/icyphy/ptII/ptolemy/actor/lib/test/auto/Clock24.xml
----------------- Instantiating /home/travis/build/icyphy/ptII/ptolemy/actor/lib/test/auto/Clock24.xml
5 ms. Memory: 566272K Free: 271940K (48%)
----------------- Invoking toplevel() on ptolemy.moml.MoMLSimpleApplication@6752599f
----------------- Done invoking toplevel() on ptolemy.moml.MoMLSimpleApplication@6752599f
reloadAllAccessors: .Clock24

===========================================================================================
----------------- testing Fri Jul 12 03:02:51 UTC 2019 /home/travis/build/icyphy/ptII/ptolemy/actor/lib/test/auto/Clock4.xml
----------------- Instantiating /home/travis/build/icyphy/ptII/ptolemy/actor/lib/test/auto/Clock4.xml
1 ms. Memory: 566272K Free: 267324K (47%)
----------------- Invoking toplevel() on ptolemy.moml.MoMLSimpleApplication@44b093c0
----------------- Done invoking toplevel() on ptolemy.moml.MoMLSimpleApplication@44b093c0
reloadAllAccessors: .Clock4

===========================================================================================
----------------- testing Fri Jul 12 03:02:51 UTC 2019 /home/travis/build/icyphy/ptII/ptolemy/actor/lib/test/auto/Clock5.xml
----------------- Instantiating /home/travis/build/icyphy/ptII/ptolemy/actor/lib/test/auto/Clock5.xml
6 ms. Memory: 566272K Free: 261700K (46%)
----------------- Invoking toplevel() on ptolemy.moml.MoMLSimpleApplication@37b21fac
----------------- Done invoking toplevel() on ptolemy.moml.MoMLSimpleApplication@37b21fac
reloadAllAccessors: .Clock5

===========================================================================================
----------------- testing Fri Jul 12 03:02:51 UTC 2019 /home/travis/build/icyphy/ptII/ptolemy/actor/lib/test/auto/Clock6.xml
----------------- Instantiating /home/travis/build/icyphy/ptII/ptolemy/actor/lib/test/auto/Clock6.xml
1 ms. Memory: 566272K Free: 258114K (46%)
----------------- Invoking toplevel() on ptolemy.moml.MoMLSimpleApplication@8f57eab
----------------- Done invoking toplevel() on ptolemy.moml.MoMLSimpleApplication@8f57eab
reloadAllAccessors: .Clock6

===========================================================================================
----------------- testing Fri Jul 12 03:02:51 UTC 2019 /home/travis/build/icyphy/ptII/ptolemy/actor/lib/test/auto/Clock7.xml
----------------- Instantiating /home/travis/build/icyphy/ptII/ptolemy/actor/lib/test/auto/Clock7.xml
3 ms. Memory: 566272K Free: 252994K (45%)
----------------- Invoking toplevel() on ptolemy.moml.MoMLSimpleApplication@508f1ac
----------------- Done invoking toplevel() on ptolemy.moml.MoMLSimpleApplication@508f1ac
reloadAllAccessors: .Clock7

===========================================================================================
----------------- testing Fri Jul 12 03:02:51 UTC 2019 /home/travis/build/icyphy/ptII/ptolemy/actor/lib/test/auto/Clock8.xml
----------------- Instantiating /home/travis/build/icyphy/ptII/ptolemy/actor/lib/test/auto/Clock8.xml
6 ms. Memory: 566272K Free: 247844K (44%)
----------------- Invoking toplevel() on ptolemy.moml.MoMLSimpleApplication@2112e434
----------------- Done invoking toplevel() on ptolemy.moml.MoMLSimpleApplication@2112e434
reloadAllAccessors: .Clock8

===========================================================================================
----------------- testing Fri Jul 12 03:02:51 UTC 2019 /home/travis/build/icyphy/ptII/ptolemy/actor/lib/test/auto/Clock9.xml
----------------- Instantiating /home/travis/build/icyphy/ptII/ptolemy/actor/lib/test/auto/Clock9.xml
6 ms. Memory: 566272K Free: 242244K (43%)
----------------- Invoking toplevel() on ptolemy.moml.MoMLSimpleApplication@44786e06
----------------- Done invoking toplevel() on ptolemy.moml.MoMLSimpleApplication@44786e06
reloadAllAccessors: .Clock9

===========================================================================================
----------------- testing Fri Jul 12 03:02:51 UTC 2019 /home/travis/build/icyphy/ptII/ptolemy/actor/lib/test/auto/CommDistDiscard.xml
----------------- Instantiating /home/travis/build/icyphy/ptII/ptolemy/actor/lib/test/auto/CommDistDiscard.xml
4 ms. Memory: 566272K Free: 236610K (42%)
----------------- Invoking toplevel() on ptolemy.moml.MoMLSimpleApplication@69920bab
----------------- Done invoking toplevel() on ptolemy.moml.MoMLSimpleApplication@69920bab
reloadAllAccessors: .CommDistDiscard

===========================================================================================
----------------- testing Fri Jul 12 03:02:51 UTC 2019 /home/travis/build/icyphy/ptII/ptolemy/actor/lib/test/auto/Commutator.xml
----------------- Instantiating /home/travis/build/icyphy/ptII/ptolemy/actor/lib/test/auto/Commutator.xml
2 ms. Memory: 566272K Free: 232514K (41%)
----------------- Invoking toplevel() on ptolemy.moml.MoMLSimpleApplication@53e41e8
----------------- Done invoking toplevel() on ptolemy.moml.MoMLSimpleApplication@53e41e8
reloadAllAccessors: .Commutator

===========================================================================================
----------------- testing Fri Jul 12 03:02:51 UTC 2019 /home/travis/build/icyphy/ptII/ptolemy/actor/lib/test/auto/Commutator2.xml
----------------- Instantiating /home/travis/build/icyphy/ptII/ptolemy/actor/lib/test/auto/Commutator2.xml
2 ms. Memory: 566272K Free: 227908K (40%)
----------------- Invoking toplevel() on ptolemy.moml.MoMLSimpleApplication@d109a0e
----------------- Done invoking toplevel() on ptolemy.moml.MoMLSimpleApplication@d109a0e
reloadAllAccessors: .Commutator2

===========================================================================================
----------------- testing Fri Jul 12 03:02:51 UTC 2019 /home/travis/build/icyphy/ptII/ptolemy/actor/lib/test/auto/Commutator3.xml
----------------- Instantiating /home/travis/build/icyphy/ptII/ptolemy/actor/lib/test/auto/Commutator3.xml
2 ms. Memory: 566272K Free: 223298K (39%)
----------------- Invoking toplevel() on ptolemy.moml.MoMLSimpleApplication@37a7b325
----------------- Done invoking toplevel() on ptolemy.moml.MoMLSimpleApplication@37a7b325
reloadAllAccessors: .Commutator3

===========================================================================================
----------------- testing Fri Jul 12 03:02:51 UTC 2019 /home/travis/build/icyphy/ptII/ptolemy/actor/lib/test/auto/Compare.xml
----------------- Instantiating /home/travis/build/icyphy/ptII/ptolemy/actor/lib/test/auto/Compare.xml
2 ms. Memory: 566272K Free: 217154K (38%)
----------------- Invoking toplevel() on ptolemy.moml.MoMLSimpleApplication@5189d0c3
----------------- Done invoking toplevel() on ptolemy.moml.MoMLSimpleApplication@5189d0c3
reloadAllAccessors: .Compare

===========================================================================================
----------------- testing Fri Jul 12 03:02:51 UTC 2019 /home/travis/build/icyphy/ptII/ptolemy/actor/lib/test/auto/CompareDE.xml
----------------- Instantiating /home/travis/build/icyphy/ptII/ptolemy/actor/lib/test/auto/CompareDE.xml
5 ms. Memory: 566272K Free: 209972K (37%)
----------------- Invoking toplevel() on ptolemy.moml.MoMLSimpleApplication@34ea3ce6
----------------- Done invoking toplevel() on ptolemy.moml.MoMLSimpleApplication@34ea3ce6
reloadAllAccessors: .CompareDE

===========================================================================================
----------------- testing Fri Jul 12 03:02:52 UTC 2019 /home/travis/build/icyphy/ptII/ptolemy/actor/lib/test/auto/ComplexDivide.xml
----------------- Instantiating /home/travis/build/icyphy/ptII/ptolemy/actor/lib/test/auto/ComplexDivide.xml
1 ms. Memory: 566272K Free: 206404K (36%)
----------------- Invoking toplevel() on ptolemy.moml.MoMLSimpleApplication@539c6c1
----------------- Done invoking toplevel() on ptolemy.moml.MoMLSimpleApplication@539c6c1
reloadAllAccessors: .ComplexDivide

===========================================================================================
----------------- testing Fri Jul 12 03:02:52 UTC 2019 /home/travis/build/icyphy/ptII/ptolemy/actor/lib/test/auto/ComputeHistogram.xml
----------------- Instantiating /home/travis/build/icyphy/ptII/ptolemy/actor/lib/test/auto/ComputeHistogram.xml
45 ms. Memory: 566272K Free: 193602K (34%)
----------------- Invoking toplevel() on ptolemy.moml.MoMLSimpleApplication@42a6476c
----------------- Done invoking toplevel() on ptolemy.moml.MoMLSimpleApplication@42a6476c
reloadAllAccessors: .ComputeHistogram

===========================================================================================
----------------- testing Fri Jul 12 03:02:52 UTC 2019 /home/travis/build/icyphy/ptII/ptolemy/actor/lib/test/auto/ConfigurationSelect.xml
----------------- Instantiating /home/travis/build/icyphy/ptII/ptolemy/actor/lib/test/auto/ConfigurationSelect.xml
8 ms. Memory: 566272K Free: 187972K (33%)
----------------- Invoking toplevel() on ptolemy.moml.MoMLSimpleApplication@7bd57d29
----------------- Done invoking toplevel() on ptolemy.moml.MoMLSimpleApplication@7bd57d29
reloadAllAccessors: .ConfigurationSelect

===========================================================================================
----------------- testing Fri Jul 12 03:02:52 UTC 2019 /home/travis/build/icyphy/ptII/ptolemy/actor/lib/test/auto/ConfigurationSelect2.xml
----------------- Instantiating /home/travis/build/icyphy/ptII/ptolemy/actor/lib/test/auto/ConfigurationSelect2.xml
2 ms. Memory: 566272K Free: 515652K (91%)
----------------- Invoking toplevel() on ptolemy.moml.MoMLSimpleApplication@7c1ef6d4
----------------- Done invoking toplevel() on ptolemy.moml.MoMLSimpleApplication@7c1ef6d4
reloadAllAccessors: .ConfigurationSelect2

===========================================================================================
----------------- testing Fri Jul 12 03:02:52 UTC 2019 /home/travis/build/icyphy/ptII/ptolemy/actor/lib/test/auto/ConfigurationSwitch.xml
----------------- Instantiating /home/travis/build/icyphy/ptII/ptolemy/actor/lib/test/auto/ConfigurationSwitch.xml
18 ms. Memory: 566272K Free: 510018K (90%)
----------------- Invoking toplevel() on ptolemy.moml.MoMLSimpleApplication@830546b
----------------- Done invoking toplevel() on ptolemy.moml.MoMLSimpleApplication@830546b
reloadAllAccessors: .ConfigurationSwitch

===========================================================================================
----------------- testing Fri Jul 12 03:02:52 UTC 2019 /home/travis/build/icyphy/ptII/ptolemy/actor/lib/test/auto/ConfigurationSwitch2.xml
----------------- Instantiating /home/travis/build/icyphy/ptII/ptolemy/actor/lib/test/auto/ConfigurationSwitch2.xml
2 ms. Memory: 566272K Free: 504898K (89%)
----------------- Invoking toplevel() on ptolemy.moml.MoMLSimpleApplication@220b9488
----------------- Done invoking toplevel() on ptolemy.moml.MoMLSimpleApplication@220b9488
reloadAllAccessors: .ConfigurationSwitch2

===========================================================================================
----------------- testing Fri Jul 12 03:02:52 UTC 2019 /home/travis/build/icyphy/ptII/ptolemy/actor/lib/test/auto/ConfigurationSwitchCloningBugWithClassRelationGroup.xml
----------------- Instantiating /home/travis/build/icyphy/ptII/ptolemy/actor/lib/test/auto/ConfigurationSwitchCloningBugWithClassRelationGroup.xml
2 ms. Memory: 566272K Free: 497730K (88%)
----------------- Invoking toplevel() on ptolemy.moml.MoMLSimpleApplication@39fe8763
----------------- Done invoking toplevel() on ptolemy.moml.MoMLSimpleApplication@39fe8763
reloadAllAccessors: .ConfigurationSwitchCloningBugWithClassRelationGroup

===========================================================================================
----------------- testing Fri Jul 12 03:02:52 UTC 2019 /home/travis/build/icyphy/ptII/ptolemy/actor/lib/test/auto/ConfigurationSwitchSelectSDF.xml
----------------- Instantiating /home/travis/build/icyphy/ptII/ptolemy/actor/lib/test/auto/ConfigurationSwitchSelectSDF.xml
5 ms. Memory: 566272K Free: 492100K (87%)
----------------- Invoking toplevel() on ptolemy.moml.MoMLSimpleApplication@175b7e86
----------------- Done invoking toplevel() on ptolemy.moml.MoMLSimpleApplication@175b7e86
reloadAllAccessors: .ConfigurationSwitchSelectSDF

===========================================================================================
----------------- testing Fri Jul 12 03:02:52 UTC 2019 /home/travis/build/icyphy/ptII/ptolemy/actor/lib/test/auto/ConfigurationSwitchSelectSDF2.xml
----------------- Instantiating /home/travis/build/icyphy/ptII/ptolemy/actor/lib/test/auto/ConfigurationSwitchSelectSDF2.xml
2 ms. Memory: 566272K Free: 486466K (86%)
----------------- Invoking toplevel() on ptolemy.moml.MoMLSimpleApplication@66357f90
----------------- Done invoking toplevel() on ptolemy.moml.MoMLSimpleApplication@66357f90
reloadAllAccessors: .ConfigurationSwitchSelectSDF2

===========================================================================================
----------------- testing Fri Jul 12 03:02:52 UTC 2019 /home/travis/build/icyphy/ptII/ptolemy/actor/lib/test/auto/Const.xml
----------------- Instantiating /home/travis/build/icyphy/ptII/ptolemy/actor/lib/test/auto/Const.xml
1 ms. Memory: 566272K Free: 482884K (85%)
----------------- Invoking toplevel() on ptolemy.moml.MoMLSimpleApplication@1599a3ca
----------------- Done invoking toplevel() on ptolemy.moml.MoMLSimpleApplication@1599a3ca
reloadAllAccessors: .Const

===========================================================================================
----------------- testing Fri Jul 12 03:02:52 UTC 2019 /home/travis/build/icyphy/ptII/ptolemy/actor/lib/test/auto/Const2.xml
----------------- Instantiating /home/travis/build/icyphy/ptII/ptolemy/actor/lib/test/auto/Const2.xml
1 ms. Memory: 566272K Free: 478788K (85%)
----------------- Invoking toplevel() on ptolemy.moml.MoMLSimpleApplication@132299d5
----------------- Done invoking toplevel() on ptolemy.moml.MoMLSimpleApplication@132299d5
reloadAllAccessors: .Const2

===========================================================================================
----------------- testing Fri Jul 12 03:02:52 UTC 2019 /home/travis/build/icyphy/ptII/ptolemy/actor/lib/test/auto/Const3.xml
----------------- Instantiating /home/travis/build/icyphy/ptII/ptolemy/actor/lib/test/auto/Const3.xml
1 ms. Memory: 566272K Free: 476226K (84%)
----------------- Invoking toplevel() on ptolemy.moml.MoMLSimpleApplication@69bdc17f
----------------- Done invoking toplevel() on ptolemy.moml.MoMLSimpleApplication@69bdc17f
reloadAllAccessors: .Const3

===========================================================================================
----------------- testing Fri Jul 12 03:02:52 UTC 2019 /home/travis/build/icyphy/ptII/ptolemy/actor/lib/test/auto/ConstantPublisherPort1.xml
----------------- Instantiating /home/travis/build/icyphy/ptII/ptolemy/actor/lib/test/auto/ConstantPublisherPort1.xml
8 ms. Memory: 566272K Free: 467010K (82%)
----------------- Invoking toplevel() on ptolemy.moml.MoMLSimpleApplication@3f1431ce
----------------- Done invoking toplevel() on ptolemy.moml.MoMLSimpleApplication@3f1431ce
reloadAllAccessors: .ConstantPublisherPort1

===========================================================================================
----------------- testing Fri Jul 12 03:02:52 UTC 2019 /home/travis/build/icyphy/ptII/ptolemy/actor/lib/test/auto/ConstantPublisherPort2.xml
----------------- Instantiating /home/travis/build/icyphy/ptII/ptolemy/actor/lib/test/auto/ConstantPublisherPort2.xml
10 ms. Memory: 566272K Free: 459332K (81%)
----------------- Invoking toplevel() on ptolemy.moml.MoMLSimpleApplication@55a1c7c8
----------------- Done invoking toplevel() on ptolemy.moml.MoMLSimpleApplication@55a1c7c8
reloadAllAccessors: .ConstantPublisherPort2

===========================================================================================
----------------- testing Fri Jul 12 03:02:52 UTC 2019 /home/travis/build/icyphy/ptII/ptolemy/actor/lib/test/auto/ConstantPublisherPort3.xml
----------------- Instantiating /home/travis/build/icyphy/ptII/ptolemy/actor/lib/test/auto/ConstantPublisherPort3.xml
6 ms. Memory: 566272K Free: 452164K (80%)
----------------- Invoking toplevel() on ptolemy.moml.MoMLSimpleApplication@4076652a
----------------- Done invoking toplevel() on ptolemy.moml.MoMLSimpleApplication@4076652a
reloadAllAccessors: .ConstantPublisherPort3

===========================================================================================
----------------- testing Fri Jul 12 03:02:52 UTC 2019 /home/travis/build/icyphy/ptII/ptolemy/actor/lib/test/auto/ConstantPublisherPort4.xml
----------------- Instantiating /home/travis/build/icyphy/ptII/ptolemy/actor/lib/test/auto/ConstantPublisherPort4.xml
4 ms. Memory: 566272K Free: 444996K (79%)
----------------- Invoking toplevel() on ptolemy.moml.MoMLSimpleApplication@7bae687d
----------------- Done invoking toplevel() on ptolemy.moml.MoMLSimpleApplication@7bae687d
reloadAllAccessors: .ConstantPublisherPort4

===========================================================================================
----------------- testing Fri Jul 12 03:02:52 UTC 2019 /home/travis/build/icyphy/ptII/ptolemy/actor/lib/test/auto/ConstantPublisherPort5.xml
----------------- Instantiating /home/travis/build/icyphy/ptII/ptolemy/actor/lib/test/auto/ConstantPublisherPort5.xml
28 ms. Memory: 566272K Free: 435266K (77%)
----------------- Invoking toplevel() on ptolemy.moml.MoMLSimpleApplication@39d2c04b
----------------- Done invoking toplevel() on ptolemy.moml.MoMLSimpleApplication@39d2c04b
reloadAllAccessors: .ConstantPublisherPort5

===========================================================================================
----------------- testing Fri Jul 12 03:02:52 UTC 2019 /home/travis/build/icyphy/ptII/ptolemy/actor/lib/test/auto/ConstantPublisherPort6.xml
----------------- Instantiating /home/travis/build/icyphy/ptII/ptolemy/actor/lib/test/auto/ConstantPublisherPort6.xml
22 ms. Memory: 566272K Free: 426050K (75%)
----------------- Invoking toplevel() on ptolemy.moml.MoMLSimpleApplication@4502356b
----------------- Done invoking toplevel() on ptolemy.moml.MoMLSimpleApplication@4502356b
reloadAllAccessors: .ConstantPublisherPort6

===========================================================================================
----------------- testing Fri Jul 12 03:02:52 UTC 2019 /home/travis/build/icyphy/ptII/ptolemy/actor/lib/test/auto/ConstantPublisherPort7.xml
----------------- Instantiating /home/travis/build/icyphy/ptII/ptolemy/actor/lib/test/auto/ConstantPublisherPort7.xml
16 ms. Memory: 566272K Free: 416834K (74%)
----------------- Invoking toplevel() on ptolemy.moml.MoMLSimpleApplication@72e4713c
----------------- Done invoking toplevel() on ptolemy.moml.MoMLSimpleApplication@72e4713c
reloadAllAccessors: .ConstantPublisherPort7

===========================================================================================
----------------- testing Fri Jul 12 03:02:52 UTC 2019 /home/travis/build/icyphy/ptII/ptolemy/actor/lib/test/auto/ConstraintMonitor1.xml
----------------- Instantiating /home/travis/build/icyphy/ptII/ptolemy/actor/lib/test/auto/ConstraintMonitor1.xml
4 ms. Memory: 566272K Free: 411714K (73%)
----------------- Invoking toplevel() on ptolemy.moml.MoMLSimpleApplication@4f62e077
----------------- Done invoking toplevel() on ptolemy.moml.MoMLSimpleApplication@4f62e077
reloadAllAccessors: .ConstraintMonitor1

===========================================================================================
----------------- testing Fri Jul 12 03:02:52 UTC 2019 /home/travis/build/icyphy/ptII/ptolemy/actor/lib/test/auto/ConstraintMonitor2.xml
----------------- Instantiating /home/travis/build/icyphy/ptII/ptolemy/actor/lib/test/auto/ConstraintMonitor2.xml
4 ms. Memory: 566272K Free: 407618K (72%)
----------------- Invoking toplevel() on ptolemy.moml.MoMLSimpleApplication@3e3065d1
----------------- Done invoking toplevel() on ptolemy.moml.MoMLSimpleApplication@3e3065d1
reloadAllAccessors: .ConstraintMonitor2

===========================================================================================
----------------- testing Fri Jul 12 03:02:52 UTC 2019 /home/travis/build/icyphy/ptII/ptolemy/actor/lib/test/auto/ConstraintMonitor3.xml
----------------- Instantiating /home/travis/build/icyphy/ptII/ptolemy/actor/lib/test/auto/ConstraintMonitor3.xml
3 ms. Memory: 566272K Free: 403012K (71%)
----------------- Invoking toplevel() on ptolemy.moml.MoMLSimpleApplication@1982fb4b
----------------- Done invoking toplevel() on ptolemy.moml.MoMLSimpleApplication@1982fb4b
reloadAllAccessors: .ConstraintMonitor3

===========================================================================================
----------------- testing Fri Jul 12 03:02:52 UTC 2019 /home/travis/build/icyphy/ptII/ptolemy/actor/lib/test/auto/ConstraintMonitor4.xml
----------------- Instantiating /home/travis/build/icyphy/ptII/ptolemy/actor/lib/test/auto/ConstraintMonitor4.xml
6 ms. Memory: 566272K Free: 397378K (70%)
----------------- Invoking toplevel() on ptolemy.moml.MoMLSimpleApplication@29be940
----------------- Done invoking toplevel() on ptolemy.moml.MoMLSimpleApplication@29be940
reloadAllAccessors: .ConstraintMonitor4

===========================================================================================
----------------- testing Fri Jul 12 03:02:52 UTC 2019 /home/travis/build/icyphy/ptII/ptolemy/actor/lib/test/auto/ConstraintMonitor5.xml
----------------- Instantiating /home/travis/build/icyphy/ptII/ptolemy/actor/lib/test/auto/ConstraintMonitor5.xml
1 ms. Memory: 566272K Free: 392772K (69%)
----------------- Invoking toplevel() on ptolemy.moml.MoMLSimpleApplication@4371f46e
----------------- Done invoking toplevel() on ptolemy.moml.MoMLSimpleApplication@4371f46e
reloadAllAccessors: .ConstraintMonitor5

===========================================================================================
----------------- testing Fri Jul 12 03:02:52 UTC 2019 /home/travis/build/icyphy/ptII/ptolemy/actor/lib/test/auto/ConstraintMonitor6.xml
----------------- Instantiating /home/travis/build/icyphy/ptII/ptolemy/actor/lib/test/auto/ConstraintMonitor6.xml
4 ms. Memory: 566272K Free: 386108K (68%)
----------------- Invoking toplevel() on ptolemy.moml.MoMLSimpleApplication@6cdca4a0
----------------- Done invoking toplevel() on ptolemy.moml.MoMLSimpleApplication@6cdca4a0
reloadAllAccessors: .ConstraintMonitor6

===========================================================================================
----------------- testing Fri Jul 12 03:02:52 UTC 2019 /home/travis/build/icyphy/ptII/ptolemy/actor/lib/test/auto/ConstraintMonitor7.xml
----------------- Instantiating /home/travis/build/icyphy/ptII/ptolemy/actor/lib/test/auto/ConstraintMonitor7.xml
7 ms. Memory: 566272K Free: 379460K (67%)
----------------- Invoking toplevel() on ptolemy.moml.MoMLSimpleApplication@1d8e0c57
----------------- Done invoking toplevel() on ptolemy.moml.MoMLSimpleApplication@1d8e0c57
reloadAllAccessors: .ConstraintMonitor7

===========================================================================================
----------------- testing Fri Jul 12 03:02:52 UTC 2019 /home/travis/build/icyphy/ptII/ptolemy/actor/lib/test/auto/ConstraintMonitor8.xml
----------------- Instantiating /home/travis/build/icyphy/ptII/ptolemy/actor/lib/test/auto/ConstraintMonitor8.xml
4 ms. Memory: 566272K Free: 372292K (66%)
----------------- Invoking toplevel() on ptolemy.moml.MoMLSimpleApplication@135e8d07
----------------- Done invoking toplevel() on ptolemy.moml.MoMLSimpleApplication@135e8d07
reloadAllAccessors: .ConstraintMonitor8

===========================================================================================
----------------- testing Fri Jul 12 03:02:52 UTC 2019 /home/travis/build/icyphy/ptII/ptolemy/actor/lib/test/auto/Counter.xml
----------------- Instantiating /home/travis/build/icyphy/ptII/ptolemy/actor/lib/test/auto/Counter.xml
3 ms. Memory: 566272K Free: 367172K (65%)
----------------- Invoking toplevel() on ptolemy.moml.MoMLSimpleApplication@6bf063a1
----------------- Done invoking toplevel() on ptolemy.moml.MoMLSimpleApplication@6bf063a1
reloadAllAccessors: .Counter

===========================================================================================
----------------- testing Fri Jul 12 03:02:52 UTC 2019 /home/travis/build/icyphy/ptII/ptolemy/actor/lib/test/auto/CurrentTimeSDF.xml
----------------- Instantiating /home/travis/build/icyphy/ptII/ptolemy/actor/lib/test/auto/CurrentTimeSDF.xml
1 ms. Memory: 566272K Free: 363076K (64%)
----------------- Invoking toplevel() on ptolemy.moml.MoMLSimpleApplication@f274a72
----------------- Done invoking toplevel() on ptolemy.moml.MoMLSimpleApplication@f274a72
reloadAllAccessors: .CurrentTimeSDF

===========================================================================================
----------------- testing Fri Jul 12 03:02:52 UTC 2019 /home/travis/build/icyphy/ptII/ptolemy/actor/lib/test/auto/DB.xml
----------------- Instantiating /home/travis/build/icyphy/ptII/ptolemy/actor/lib/test/auto/DB.xml
1 ms. Memory: 566272K Free: 358466K (63%)
----------------- Invoking toplevel() on ptolemy.moml.MoMLSimpleApplication@516de6f5
----------------- Done invoking toplevel() on ptolemy.moml.MoMLSimpleApplication@516de6f5
reloadAllAccessors: .DB

===========================================================================================
----------------- testing Fri Jul 12 03:02:52 UTC 2019 /home/travis/build/icyphy/ptII/ptolemy/actor/lib/test/auto/DBDE.xml
----------------- Instantiating /home/travis/build/icyphy/ptII/ptolemy/actor/lib/test/auto/DBDE.xml
3 ms. Memory: 566272K Free: 352316K (62%)
----------------- Invoking toplevel() on ptolemy.moml.MoMLSimpleApplication@215f65b8
----------------- Done invoking toplevel() on ptolemy.moml.MoMLSimpleApplication@215f65b8
reloadAllAccessors: .DBDE

===========================================================================================
----------------- testing Fri Jul 12 03:02:52 UTC 2019 /home/travis/build/icyphy/ptII/ptolemy/actor/lib/test/auto/DateConstructor.xml
----------------- Instantiating /home/travis/build/icyphy/ptII/ptolemy/actor/lib/test/auto/DateConstructor.xml
40 ms. Memory: 566272K Free: 334404K (59%)
----------------- Invoking toplevel() on ptolemy.moml.MoMLSimpleApplication@4d173e8f
----------------- Done invoking toplevel() on ptolemy.moml.MoMLSimpleApplication@4d173e8f
reloadAllAccessors: .DateConstructor

===========================================================================================
----------------- testing Fri Jul 12 03:02:52 UTC 2019 /home/travis/build/icyphy/ptII/ptolemy/actor/lib/test/auto/DelayTime.xml
----------------- Instantiating /home/travis/build/icyphy/ptII/ptolemy/actor/lib/test/auto/DelayTime.xml
8 ms. Memory: 566272K Free: 329794K (58%)
----------------- Invoking toplevel() on ptolemy.moml.MoMLSimpleApplication@1f116295
----------------- Done invoking toplevel() on ptolemy.moml.MoMLSimpleApplication@1f116295
reloadAllAccessors: .DelayTime

===========================================================================================
----------------- testing Fri Jul 12 03:02:53 UTC 2019 /home/travis/build/icyphy/ptII/ptolemy/actor/lib/test/auto/Dictionary1.xml
----------------- Instantiating /home/travis/build/icyphy/ptII/ptolemy/actor/lib/test/auto/Dictionary1.xml
1 ms. Memory: 566272K Free: 324164K (57%)
----------------- Invoking toplevel() on ptolemy.moml.MoMLSimpleApplication@2c09f85d
----------------- Done invoking toplevel() on ptolemy.moml.MoMLSimpleApplication@2c09f85d
reloadAllAccessors: .Dictionary1

===========================================================================================
----------------- testing Fri Jul 12 03:02:53 UTC 2019 /home/travis/build/icyphy/ptII/ptolemy/actor/lib/test/auto/Dictionary2.xml
----------------- Instantiating /home/travis/build/icyphy/ptII/ptolemy/actor/lib/test/auto/Dictionary2.xml
4 ms. Memory: 566272K Free: 318530K (56%)
----------------- Invoking toplevel() on ptolemy.moml.MoMLSimpleApplication@4c20dbfc
----------------- Done invoking toplevel() on ptolemy.moml.MoMLSimpleApplication@4c20dbfc
reloadAllAccessors: .Dictionary2

===========================================================================================
----------------- testing Fri Jul 12 03:02:53 UTC 2019 /home/travis/build/icyphy/ptII/ptolemy/actor/lib/test/auto/Dictionary3.xml
----------------- Instantiating /home/travis/build/icyphy/ptII/ptolemy/actor/lib/test/auto/Dictionary3.xml
2 ms. Memory: 566272K Free: 312900K (55%)
----------------- Invoking toplevel() on ptolemy.moml.MoMLSimpleApplication@29fefa42
----------------- Done invoking toplevel() on ptolemy.moml.MoMLSimpleApplication@29fefa42
reloadAllAccessors: .Dictionary3

===========================================================================================
----------------- testing Fri Jul 12 03:02:53 UTC 2019 /home/travis/build/icyphy/ptII/ptolemy/actor/lib/test/auto/Dictionary4.xml
----------------- Instantiating /home/travis/build/icyphy/ptII/ptolemy/actor/lib/test/auto/Dictionary4.xml
3 ms. Memory: 566272K Free: 306242K (54%)
----------------- Invoking toplevel() on ptolemy.moml.MoMLSimpleApplication@3448c4ea
----------------- Done invoking toplevel() on ptolemy.moml.MoMLSimpleApplication@3448c4ea
reloadAllAccessors: .Dictionary4

===========================================================================================
----------------- testing Fri Jul 12 03:02:53 UTC 2019 /home/travis/build/icyphy/ptII/ptolemy/actor/lib/test/auto/Differential.xml
----------------- Instantiating /home/travis/build/icyphy/ptII/ptolemy/actor/lib/test/auto/Differential.xml
3 ms. Memory: 566272K Free: 301636K (53%)
----------------- Invoking toplevel() on ptolemy.moml.MoMLSimpleApplication@3cb8911b
----------------- Done invoking toplevel() on ptolemy.moml.MoMLSimpleApplication@3cb8911b
reloadAllAccessors: .Differential

===========================================================================================
----------------- testing Fri Jul 12 03:02:53 UTC 2019 /home/travis/build/icyphy/ptII/ptolemy/actor/lib/test/auto/Director.xml
----------------- Instantiating /home/travis/build/icyphy/ptII/ptolemy/actor/lib/test/auto/Director.xml
1 ms. Memory: 566272K Free: 298050K (53%)
----------------- Invoking toplevel() on ptolemy.moml.MoMLSimpleApplication@1ddf52e4
----------------- Done invoking toplevel() on ptolemy.moml.MoMLSimpleApplication@1ddf52e4
reloadAllAccessors: .Director

===========================================================================================
----------------- testing Fri Jul 12 03:02:53 UTC 2019 /home/travis/build/icyphy/ptII/ptolemy/actor/lib/test/auto/DiscreteClock.xml
----------------- Instantiating /home/travis/build/icyphy/ptII/ptolemy/actor/lib/test/auto/DiscreteClock.xml
1 ms. Memory: 566272K Free: 294468K (52%)
----------------- Invoking toplevel() on ptolemy.moml.MoMLSimpleApplication@526e40b4
----------------- Done invoking toplevel() on ptolemy.moml.MoMLSimpleApplication@526e40b4
reloadAllAccessors: .DiscreteClock

===========================================================================================
----------------- testing Fri Jul 12 03:02:53 UTC 2019 /home/travis/build/icyphy/ptII/ptolemy/actor/lib/test/auto/DiscreteClock10.xml
----------------- Instantiating /home/travis/build/icyphy/ptII/ptolemy/actor/lib/test/auto/DiscreteClock10.xml
6 ms. Memory: 566272K Free: 288324K (51%)
----------------- Invoking toplevel() on ptolemy.moml.MoMLSimpleApplication@70c18d0
----------------- Done invoking toplevel() on ptolemy.moml.MoMLSimpleApplication@70c18d0
reloadAllAccessors: .DiscreteClock10

===========================================================================================
----------------- testing Fri Jul 12 03:02:53 UTC 2019 /home/travis/build/icyphy/ptII/ptolemy/actor/lib/test/auto/DiscreteClock11.xml
----------------- Instantiating /home/travis/build/icyphy/ptII/ptolemy/actor/lib/test/auto/DiscreteClock11.xml
3 ms. Memory: 566272K Free: 282180K (50%)
----------------- Invoking toplevel() on ptolemy.moml.MoMLSimpleApplication@6adcacc6
----------------- Done invoking toplevel() on ptolemy.moml.MoMLSimpleApplication@6adcacc6
reloadAllAccessors: .DiscreteClock11

===========================================================================================
----------------- testing Fri Jul 12 03:02:53 UTC 2019 /home/travis/build/icyphy/ptII/ptolemy/actor/lib/test/auto/DiscreteClock12.xml
----------------- Instantiating /home/travis/build/icyphy/ptII/ptolemy/actor/lib/test/auto/DiscreteClock12.xml
3 ms. Memory: 566272K Free: 276546K (49%)
----------------- Invoking toplevel() on ptolemy.moml.MoMLSimpleApplication@69c6892b
----------------- Done invoking toplevel() on ptolemy.moml.MoMLSimpleApplication@69c6892b
reloadAllAccessors: .DiscreteClock12

===========================================================================================
----------------- testing Fri Jul 12 03:02:53 UTC 2019 /home/travis/build/icyphy/ptII/ptolemy/actor/lib/test/auto/DiscreteClock13.xml
----------------- Instantiating /home/travis/build/icyphy/ptII/ptolemy/actor/lib/test/auto/DiscreteClock13.xml
4 ms. Memory: 566272K Free: 270372K (48%)
----------------- Invoking toplevel() on ptolemy.moml.MoMLSimpleApplication@204ac908
----------------- Done invoking toplevel() on ptolemy.moml.MoMLSimpleApplication@204ac908
reloadAllAccessors: .DiscreteClock13

===========================================================================================
----------------- testing Fri Jul 12 03:02:53 UTC 2019 /home/travis/build/icyphy/ptII/ptolemy/actor/lib/test/auto/DiscreteClock14.xml
----------------- Instantiating /home/travis/build/icyphy/ptII/ptolemy/actor/lib/test/auto/DiscreteClock14.xml
5 ms. Memory: 566272K Free: 264252K (47%)
----------------- Invoking toplevel() on ptolemy.moml.MoMLSimpleApplication@39ac84fe
----------------- Done invoking toplevel() on ptolemy.moml.MoMLSimpleApplication@39ac84fe
reloadAllAccessors: .DiscreteClock14

===========================================================================================
----------------- testing Fri Jul 12 03:02:53 UTC 2019 /home/travis/build/icyphy/ptII/ptolemy/actor/lib/test/auto/DiscreteClock15.xml
----------------- Instantiating /home/travis/build/icyphy/ptII/ptolemy/actor/lib/test/auto/DiscreteClock15.xml
5 ms. Memory: 566272K Free: 258628K (46%)
----------------- Invoking toplevel() on ptolemy.moml.MoMLSimpleApplication@68eef8f0
----------------- Done invoking toplevel() on ptolemy.moml.MoMLSimpleApplication@68eef8f0
reloadAllAccessors: .DiscreteClock15

===========================================================================================
----------------- testing Fri Jul 12 03:02:53 UTC 2019 /home/travis/build/icyphy/ptII/ptolemy/actor/lib/test/auto/DiscreteClock16.xml
----------------- Instantiating /home/travis/build/icyphy/ptII/ptolemy/actor/lib/test/auto/DiscreteClock16.xml
14 ms. Memory: 566272K Free: 244788K (43%)
----------------- Invoking toplevel() on ptolemy.moml.MoMLSimpleApplication@542d0cca
----------------- Done invoking toplevel() on ptolemy.moml.MoMLSimpleApplication@542d0cca
reloadAllAccessors: .DiscreteClock16

===========================================================================================
----------------- testing Fri Jul 12 03:02:53 UTC 2019 /home/travis/build/icyphy/ptII/ptolemy/actor/lib/test/auto/DiscreteClock17.xml
----------------- Instantiating /home/travis/build/icyphy/ptII/ptolemy/actor/lib/test/auto/DiscreteClock17.xml
14 ms. Memory: 566272K Free: 230452K (41%)
----------------- Invoking toplevel() on ptolemy.moml.MoMLSimpleApplication@3a9cb893
----------------- Done invoking toplevel() on ptolemy.moml.MoMLSimpleApplication@3a9cb893
reloadAllAccessors: .DiscreteClock17

===========================================================================================
----------------- testing Fri Jul 12 03:02:53 UTC 2019 /home/travis/build/icyphy/ptII/ptolemy/actor/lib/test/auto/DiscreteClock18.xml
----------------- Instantiating /home/travis/build/icyphy/ptII/ptolemy/actor/lib/test/auto/DiscreteClock18.xml
14 ms. Memory: 566272K Free: 216644K (38%)
----------------- Invoking toplevel() on ptolemy.moml.MoMLSimpleApplication@1880a5e0
----------------- Done invoking toplevel() on ptolemy.moml.MoMLSimpleApplication@1880a5e0
reloadAllAccessors: .DiscreteClock18

===========================================================================================
----------------- testing Fri Jul 12 03:02:53 UTC 2019 /home/travis/build/icyphy/ptII/ptolemy/actor/lib/test/auto/DiscreteClock19.xml
----------------- Instantiating /home/travis/build/icyphy/ptII/ptolemy/actor/lib/test/auto/DiscreteClock19.xml
13 ms. Memory: 566272K Free: 203828K (36%)
----------------- Invoking toplevel() on ptolemy.moml.MoMLSimpleApplication@39651223
----------------- Done invoking toplevel() on ptolemy.moml.MoMLSimpleApplication@39651223
reloadAllAccessors: .DiscreteClock19

===========================================================================================
----------------- testing Fri Jul 12 03:02:53 UTC 2019 /home/travis/build/icyphy/ptII/ptolemy/actor/lib/test/auto/DiscreteClock2.xml
----------------- Instantiating /home/travis/build/icyphy/ptII/ptolemy/actor/lib/test/auto/DiscreteClock2.xml
4 ms. Memory: 566272K Free: 198708K (35%)
----------------- Invoking toplevel() on ptolemy.moml.MoMLSimpleApplication@2b70453
----------------- Done invoking toplevel() on ptolemy.moml.MoMLSimpleApplication@2b70453
reloadAllAccessors: .DiscreteClock2

===========================================================================================
----------------- testing Fri Jul 12 03:02:53 UTC 2019 /home/travis/build/icyphy/ptII/ptolemy/actor/lib/test/auto/DiscreteClock20.xml
----------------- Instantiating /home/travis/build/icyphy/ptII/ptolemy/actor/lib/test/auto/DiscreteClock20.xml
6 ms. Memory: 566272K Free: 193092K (34%)
----------------- Invoking toplevel() on ptolemy.moml.MoMLSimpleApplication@5c6f0e22
----------------- Done invoking toplevel() on ptolemy.moml.MoMLSimpleApplication@5c6f0e22
reloadAllAccessors: .DiscreteClock20

===========================================================================================
----------------- testing Fri Jul 12 03:02:53 UTC 2019 /home/travis/build/icyphy/ptII/ptolemy/actor/lib/test/auto/DiscreteClock21.xml
----------------- Instantiating /home/travis/build/icyphy/ptII/ptolemy/actor/lib/test/auto/DiscreteClock21.xml
5 ms. Memory: 566272K Free: 187972K (33%)
----------------- Invoking toplevel() on ptolemy.moml.MoMLSimpleApplication@34e8931f
----------------- Done invoking toplevel() on ptolemy.moml.MoMLSimpleApplication@34e8931f
reloadAllAccessors: .DiscreteClock21

===========================================================================================
----------------- testing Fri Jul 12 03:02:53 UTC 2019 /home/travis/build/icyphy/ptII/ptolemy/actor/lib/test/auto/DiscreteClock22.xml
----------------- Instantiating /home/travis/build/icyphy/ptII/ptolemy/actor/lib/test/auto/DiscreteClock22.xml
8 ms. Memory: 566272K Free: 513602K (91%)
----------------- Invoking toplevel() on ptolemy.moml.MoMLSimpleApplication@28b12638
----------------- Done invoking toplevel() on ptolemy.moml.MoMLSimpleApplication@28b12638
reloadAllAccessors: .DiscreteClock22

===========================================================================================
----------------- testing Fri Jul 12 03:02:53 UTC 2019 /home/travis/build/icyphy/ptII/ptolemy/actor/lib/test/auto/DiscreteClock23.xml
----------------- Instantiating /home/travis/build/icyphy/ptII/ptolemy/actor/lib/test/auto/DiscreteClock23.xml
5 ms. Memory: 566272K Free: 507972K (90%)
----------------- Invoking toplevel() on ptolemy.moml.MoMLSimpleApplication@6bc6d118
----------------- Done invoking toplevel() on ptolemy.moml.MoMLSimpleApplication@6bc6d118
reloadAllAccessors: .DiscreteClock23

===========================================================================================
----------------- testing Fri Jul 12 03:02:53 UTC 2019 /home/travis/build/icyphy/ptII/ptolemy/actor/lib/test/auto/DiscreteClock24.xml
----------------- Instantiating /home/travis/build/icyphy/ptII/ptolemy/actor/lib/test/auto/DiscreteClock24.xml
5 ms. Memory: 566272K Free: 502338K (89%)
----------------- Invoking toplevel() on ptolemy.moml.MoMLSimpleApplication@4543c6f6
----------------- Done invoking toplevel() on ptolemy.moml.MoMLSimpleApplication@4543c6f6
reloadAllAccessors: .DiscreteClock24

===========================================================================================
----------------- testing Fri Jul 12 03:02:53 UTC 2019 /home/travis/build/icyphy/ptII/ptolemy/actor/lib/test/auto/DiscreteClock4.xml
----------------- Instantiating /home/travis/build/icyphy/ptII/ptolemy/actor/lib/test/auto/DiscreteClock4.xml
9 ms. Memory: 566272K Free: 497218K (88%)
----------------- Invoking toplevel() on ptolemy.moml.MoMLSimpleApplication@4c216ec9
----------------- Done invoking toplevel() on ptolemy.moml.MoMLSimpleApplication@4c216ec9
reloadAllAccessors: .DiscreteClock4

===========================================================================================
----------------- testing Fri Jul 12 03:02:53 UTC 2019 /home/travis/build/icyphy/ptII/ptolemy/actor/lib/test/auto/DiscreteClock5.xml
----------------- Instantiating /home/travis/build/icyphy/ptII/ptolemy/actor/lib/test/auto/DiscreteClock5.xml
2 ms. Memory: 566272K Free: 491588K (87%)
----------------- Invoking toplevel() on ptolemy.moml.MoMLSimpleApplication@6bdf77ba
----------------- Done invoking toplevel() on ptolemy.moml.MoMLSimpleApplication@6bdf77ba
reloadAllAccessors: .DiscreteClock5

===========================================================================================
----------------- testing Fri Jul 12 03:02:53 UTC 2019 /home/travis/build/icyphy/ptII/ptolemy/actor/lib/test/auto/DiscreteClock6.xml
----------------- Instantiating /home/travis/build/icyphy/ptII/ptolemy/actor/lib/test/auto/DiscreteClock6.xml
1 ms. Memory: 566272K Free: 487492K (86%)
----------------- Invoking toplevel() on ptolemy.moml.MoMLSimpleApplication@60759d7c
----------------- Done invoking toplevel() on ptolemy.moml.MoMLSimpleApplication@60759d7c
reloadAllAccessors: .DiscreteClock6

===========================================================================================
----------------- testing Fri Jul 12 03:02:53 UTC 2019 /home/travis/build/icyphy/ptII/ptolemy/actor/lib/test/auto/DiscreteClock7.xml
----------------- Instantiating /home/travis/build/icyphy/ptII/ptolemy/actor/lib/test/auto/DiscreteClock7.xml
1 ms. Memory: 566272K Free: 482882K (85%)
----------------- Invoking toplevel() on ptolemy.moml.MoMLSimpleApplication@50204d64
----------------- Done invoking toplevel() on ptolemy.moml.MoMLSimpleApplication@50204d64
reloadAllAccessors: .DiscreteClock7

===========================================================================================
----------------- testing Fri Jul 12 03:02:53 UTC 2019 /home/travis/build/icyphy/ptII/ptolemy/actor/lib/test/auto/DiscreteClock8.xml
----------------- Instantiating /home/travis/build/icyphy/ptII/ptolemy/actor/lib/test/auto/DiscreteClock8.xml
4 ms. Memory: 566272K Free: 477252K (84%)
----------------- Invoking toplevel() on ptolemy.moml.MoMLSimpleApplication@6fe6c110
----------------- Done invoking toplevel() on ptolemy.moml.MoMLSimpleApplication@6fe6c110
reloadAllAccessors: .DiscreteClock8

===========================================================================================
----------------- testing Fri Jul 12 03:02:53 UTC 2019 /home/travis/build/icyphy/ptII/ptolemy/actor/lib/test/auto/DiscreteClock9.xml
----------------- Instantiating /home/travis/build/icyphy/ptII/ptolemy/actor/lib/test/auto/DiscreteClock9.xml
4 ms. Memory: 566272K Free: 471588K (83%)
----------------- Invoking toplevel() on ptolemy.moml.MoMLSimpleApplication@7f24f188
----------------- Done invoking toplevel() on ptolemy.moml.MoMLSimpleApplication@7f24f188
reloadAllAccessors: .DiscreteClock9

===========================================================================================
----------------- testing Fri Jul 12 03:02:53 UTC 2019 /home/travis/build/icyphy/ptII/ptolemy/actor/lib/test/auto/DisplayArray.xml
----------------- Instantiating /home/travis/build/icyphy/ptII/ptolemy/actor/lib/test/auto/DisplayArray.xml
3 ms. Memory: 566272K Free: 468036K (83%)
----------------- Invoking toplevel() on ptolemy.moml.MoMLSimpleApplication@4624c4da
----------------- Done invoking toplevel() on ptolemy.moml.MoMLSimpleApplication@4624c4da
reloadAllAccessors: .DisplayArray

===========================================================================================
----------------- testing Fri Jul 12 03:02:53 UTC 2019 /home/travis/build/icyphy/ptII/ptolemy/actor/lib/test/auto/Distributor.xml
----------------- Instantiating /home/travis/build/icyphy/ptII/ptolemy/actor/lib/test/auto/Distributor.xml
1 ms. Memory: 566272K Free: 463426K (82%)
----------------- Invoking toplevel() on ptolemy.moml.MoMLSimpleApplication@2385c179
----------------- Done invoking toplevel() on ptolemy.moml.MoMLSimpleApplication@2385c179
reloadAllAccessors: .Distributor

===========================================================================================
----------------- testing Fri Jul 12 03:02:53 UTC 2019 /home/travis/build/icyphy/ptII/ptolemy/actor/lib/test/auto/Distributor2.xml
----------------- Instantiating /home/travis/build/icyphy/ptII/ptolemy/actor/lib/test/auto/Distributor2.xml
2 ms. Memory: 566272K Free: 458306K (81%)
----------------- Invoking toplevel() on ptolemy.moml.MoMLSimpleApplication@5d558eb0
----------------- Done invoking toplevel() on ptolemy.moml.MoMLSimpleApplication@5d558eb0
reloadAllAccessors: .Distributor2

===========================================================================================
----------------- testing Fri Jul 12 03:02:53 UTC 2019 /home/travis/build/icyphy/ptII/ptolemy/actor/lib/test/auto/DownSample.xml
----------------- Instantiating /home/travis/build/icyphy/ptII/ptolemy/actor/lib/test/auto/DownSample.xml
1 ms. Memory: 566272K Free: 453700K (80%)
----------------- Invoking toplevel() on ptolemy.moml.MoMLSimpleApplication@3b456290
----------------- Done invoking toplevel() on ptolemy.moml.MoMLSimpleApplication@3b456290
reloadAllAccessors: .DownSample

===========================================================================================
----------------- testing Fri Jul 12 03:02:53 UTC 2019 /home/travis/build/icyphy/ptII/ptolemy/actor/lib/test/auto/ElectronicUnitBase1.xml
----------------- Instantiating /home/travis/build/icyphy/ptII/ptolemy/actor/lib/test/auto/ElectronicUnitBase1.xml
16 ms. Memory: 566272K Free: 437826K (77%)
----------------- Invoking toplevel() on ptolemy.moml.MoMLSimpleApplication@347877dd
----------------- Done invoking toplevel() on ptolemy.moml.MoMLSimpleApplication@347877dd
reloadAllAccessors: .ElectronicUnitBase1

===========================================================================================
----------------- testing Fri Jul 12 03:02:53 UTC 2019 /home/travis/build/icyphy/ptII/ptolemy/actor/lib/test/auto/ElementsToArray.xml
----------------- Instantiating /home/travis/build/icyphy/ptII/ptolemy/actor/lib/test/auto/ElementsToArray.xml
3 ms. Memory: 566272K Free: 433220K (77%)
----------------- Invoking toplevel() on ptolemy.moml.MoMLSimpleApplication@7e4ba53
----------------- Done invoking toplevel() on ptolemy.moml.MoMLSimpleApplication@7e4ba53
reloadAllAccessors: .ElementsToArray

===========================================================================================
----------------- testing Fri Jul 12 03:02:53 UTC 2019 /home/travis/build/icyphy/ptII/ptolemy/actor/lib/test/auto/Equals.xml
----------------- Instantiating /home/travis/build/icyphy/ptII/ptolemy/actor/lib/test/auto/Equals.xml
3 ms. Memory: 566272K Free: 428610K (76%)
----------------- Invoking toplevel() on ptolemy.moml.MoMLSimpleApplication@19d3397b
----------------- Done invoking toplevel() on ptolemy.moml.MoMLSimpleApplication@19d3397b
reloadAllAccessors: .Equals

===========================================================================================
----------------- testing Fri Jul 12 03:02:53 UTC 2019 /home/travis/build/icyphy/ptII/ptolemy/actor/lib/test/auto/Exec.xml
----------------- Instantiating /home/travis/build/icyphy/ptII/ptolemy/actor/lib/test/auto/Exec.xml
21 ms. Memory: 566272K Free: 423490K (75%)
----------------- Invoking toplevel() on ptolemy.moml.MoMLSimpleApplication@2a92c419
----------------- Done invoking toplevel() on ptolemy.moml.MoMLSimpleApplication@2a92c419
reloadAllAccessors: .Exec

===========================================================================================
----------------- testing Fri Jul 12 03:02:53 UTC 2019 /home/travis/build/icyphy/ptII/ptolemy/actor/lib/test/auto/ExecEnvironment.xml
----------------- Instantiating /home/travis/build/icyphy/ptII/ptolemy/actor/lib/test/auto/ExecEnvironment.xml
27 ms. Memory: 566272K Free: 418356K (74%)
----------------- Invoking toplevel() on ptolemy.moml.MoMLSimpleApplication@293934d9
----------------- Done invoking toplevel() on ptolemy.moml.MoMLSimpleApplication@293934d9
reloadAllAccessors: .ExecEnvironment

===========================================================================================
----------------- testing Fri Jul 12 03:02:53 UTC 2019 /home/travis/build/icyphy/ptII/ptolemy/actor/lib/test/auto/ExecNonZeroReturnOutput.xml
----------------- Instantiating /home/travis/build/icyphy/ptII/ptolemy/actor/lib/test/auto/ExecNonZeroReturnOutput.xml
201 ms. Memory: 566272K Free: 406596K (72%)
----------------- Invoking toplevel() on ptolemy.moml.MoMLSimpleApplication@3f8c21e6
----------------- Done invoking toplevel() on ptolemy.moml.MoMLSimpleApplication@3f8c21e6
reloadAllAccessors: .ExecNonZeroReturnOutput

===========================================================================================
----------------- testing Fri Jul 12 03:02:54 UTC 2019 /home/travis/build/icyphy/ptII/ptolemy/actor/lib/test/auto/ExecRunDemos.xml
----------------- Instantiating /home/travis/build/icyphy/ptII/ptolemy/actor/lib/test/auto/ExecRunDemos.xml
10834 ms. Memory: 566272K Free: 387140K (68%)

===========================================================================================
----------------- testing Fri Jul 12 03:03:05 UTC 2019 /home/travis/build/icyphy/ptII/ptolemy/actor/lib/test/auto/ExecStop.xml
----------------- Instantiating /home/travis/build/icyphy/ptII/ptolemy/actor/lib/test/auto/ExecStop.xml
5013 ms. Memory: 566272K Free: 264770K (47%)
----------------- Invoking toplevel() on ptolemy.moml.MoMLSimpleApplication@14760463
----------------- Done invoking toplevel() on ptolemy.moml.MoMLSimpleApplication@14760463
reloadAllAccessors: .ExecStop

===========================================================================================
----------------- testing Fri Jul 12 03:03:10 UTC 2019 /home/travis/build/icyphy/ptII/ptolemy/actor/lib/test/auto/ExecutionTimeSDF.xml
----------------- Instantiating /home/travis/build/icyphy/ptII/ptolemy/actor/lib/test/auto/ExecutionTimeSDF.xml
Fired ExecutionTime: -1902167296
Fired ExecutionTime: 1061200000
Fired ExecutionTime: 1090000000
6012 ms. Memory: 566272K Free: 252468K (45%)
----------------- Invoking toplevel() on ptolemy.moml.MoMLSimpleApplication@7327aecf
----------------- Done invoking toplevel() on ptolemy.moml.MoMLSimpleApplication@7327aecf
reloadAllAccessors: .ExecutionTimeSDF

===========================================================================================
----------------- testing Fri Jul 12 03:03:16 UTC 2019 /home/travis/build/icyphy/ptII/ptolemy/actor/lib/test/auto/Expression1.xml
----------------- Instantiating /home/travis/build/icyphy/ptII/ptolemy/actor/lib/test/auto/Expression1.xml
1 ms. Memory: 566272K Free: 248900K (44%)
----------------- Invoking toplevel() on ptolemy.moml.MoMLSimpleApplication@71813525
----------------- Done invoking toplevel() on ptolemy.moml.MoMLSimpleApplication@71813525
reloadAllAccessors: .Expression1

===========================================================================================
----------------- testing Fri Jul 12 03:03:16 UTC 2019 /home/travis/build/icyphy/ptII/ptolemy/actor/lib/test/auto/Expression10.xml
----------------- Instantiating /home/travis/build/icyphy/ptII/ptolemy/actor/lib/test/auto/Expression10.xml
17 ms. Memory: 566272K Free: 243780K (43%)
----------------- Invoking toplevel() on ptolemy.moml.MoMLSimpleApplication@7a8b10b8
----------------- Done invoking toplevel() on ptolemy.moml.MoMLSimpleApplication@7a8b10b8
reloadAllAccessors: .Expression10

===========================================================================================
----------------- testing Fri Jul 12 03:03:16 UTC 2019 /home/travis/build/icyphy/ptII/ptolemy/actor/lib/test/auto/Expression11.xml
----------------- Instantiating /home/travis/build/icyphy/ptII/ptolemy/actor/lib/test/auto/Expression11.xml
2 ms. Memory: 566272K Free: 239170K (42%)
----------------- Invoking toplevel() on ptolemy.moml.MoMLSimpleApplication@e39baba
----------------- Done invoking toplevel() on ptolemy.moml.MoMLSimpleApplication@e39baba
reloadAllAccessors: .Expression11

===========================================================================================
----------------- testing Fri Jul 12 03:03:16 UTC 2019 /home/travis/build/icyphy/ptII/ptolemy/actor/lib/test/auto/Expression12.xml
----------------- Instantiating /home/travis/build/icyphy/ptII/ptolemy/actor/lib/test/auto/Expression12.xml
2 ms. Memory: 566272K Free: 233540K (41%)
----------------- Invoking toplevel() on ptolemy.moml.MoMLSimpleApplication@59039e54
----------------- Done invoking toplevel() on ptolemy.moml.MoMLSimpleApplication@59039e54
reloadAllAccessors: .Expression12

===========================================================================================
----------------- testing Fri Jul 12 03:03:16 UTC 2019 /home/travis/build/icyphy/ptII/ptolemy/actor/lib/test/auto/Expression13.xml
----------------- Instantiating /home/travis/build/icyphy/ptII/ptolemy/actor/lib/test/auto/Expression13.xml
3 ms. Memory: 566272K Free: 228420K (40%)
----------------- Invoking toplevel() on ptolemy.moml.MoMLSimpleApplication@508c366b
----------------- Done invoking toplevel() on ptolemy.moml.MoMLSimpleApplication@508c366b
reloadAllAccessors: .Expression13

===========================================================================================
----------------- testing Fri Jul 12 03:03:16 UTC 2019 /home/travis/build/icyphy/ptII/ptolemy/actor/lib/test/auto/Expression14.xml
----------------- Instantiating /home/travis/build/icyphy/ptII/ptolemy/actor/lib/test/auto/Expression14.xml
4 ms. Memory: 566272K Free: 222276K (39%)
----------------- Invoking toplevel() on ptolemy.moml.MoMLSimpleApplication@73bfbe8
----------------- Done invoking toplevel() on ptolemy.moml.MoMLSimpleApplication@73bfbe8
reloadAllAccessors: .Expression14

===========================================================================================
----------------- testing Fri Jul 12 03:03:16 UTC 2019 /home/travis/build/icyphy/ptII/ptolemy/actor/lib/test/auto/Expression15.xml
----------------- Instantiating /home/travis/build/icyphy/ptII/ptolemy/actor/lib/test/auto/Expression15.xml
2 ms. Memory: 566272K Free: 219204K (39%)
----------------- Invoking toplevel() on ptolemy.moml.MoMLSimpleApplication@7434a4fa
----------------- Done invoking toplevel() on ptolemy.moml.MoMLSimpleApplication@7434a4fa
reloadAllAccessors: .Expression15

===========================================================================================
----------------- testing Fri Jul 12 03:03:16 UTC 2019 /home/travis/build/icyphy/ptII/ptolemy/actor/lib/test/auto/Expression16.xml
----------------- Instantiating /home/travis/build/icyphy/ptII/ptolemy/actor/lib/test/auto/Expression16.xml
2 ms. Memory: 566272K Free: 214084K (38%)
----------------- Invoking toplevel() on ptolemy.moml.MoMLSimpleApplication@1ee8ce3a
----------------- Done invoking toplevel() on ptolemy.moml.MoMLSimpleApplication@1ee8ce3a
reloadAllAccessors: .Expression16

===========================================================================================
----------------- testing Fri Jul 12 03:03:16 UTC 2019 /home/travis/build/icyphy/ptII/ptolemy/actor/lib/test/auto/Expression17.xml
----------------- Instantiating /home/travis/build/icyphy/ptII/ptolemy/actor/lib/test/auto/Expression17.xml
3 ms. Memory: 566272K Free: 208964K (37%)
----------------- Invoking toplevel() on ptolemy.moml.MoMLSimpleApplication@97c3a67
----------------- Done invoking toplevel() on ptolemy.moml.MoMLSimpleApplication@97c3a67
reloadAllAccessors: .Expression17

===========================================================================================
----------------- testing Fri Jul 12 03:03:16 UTC 2019 /home/travis/build/icyphy/ptII/ptolemy/actor/lib/test/auto/Expression18.xml
----------------- Instantiating /home/travis/build/icyphy/ptII/ptolemy/actor/lib/test/auto/Expression18.xml
3 ms. Memory: 566272K Free: 203330K (36%)
----------------- Invoking toplevel() on ptolemy.moml.MoMLSimpleApplication@26f44751
----------------- Done invoking toplevel() on ptolemy.moml.MoMLSimpleApplication@26f44751
reloadAllAccessors: .Expression18

===========================================================================================
----------------- testing Fri Jul 12 03:03:16 UTC 2019 /home/travis/build/icyphy/ptII/ptolemy/actor/lib/test/auto/Expression2.xml
----------------- Instantiating /home/travis/build/icyphy/ptII/ptolemy/actor/lib/test/auto/Expression2.xml
3 ms. Memory: 566272K Free: 198724K (35%)
----------------- Invoking toplevel() on ptolemy.moml.MoMLSimpleApplication@20fe5b2b
----------------- Done invoking toplevel() on ptolemy.moml.MoMLSimpleApplication@20fe5b2b
reloadAllAccessors: .Expression2

===========================================================================================
----------------- testing Fri Jul 12 03:03:16 UTC 2019 /home/travis/build/icyphy/ptII/ptolemy/actor/lib/test/auto/Expression3.xml
----------------- Instantiating /home/travis/build/icyphy/ptII/ptolemy/actor/lib/test/auto/Expression3.xml
3 ms. Memory: 566272K Free: 193604K (34%)
----------------- Invoking toplevel() on ptolemy.moml.MoMLSimpleApplication@69da192d
----------------- Done invoking toplevel() on ptolemy.moml.MoMLSimpleApplication@69da192d
reloadAllAccessors: .Expression3

===========================================================================================
----------------- testing Fri Jul 12 03:03:16 UTC 2019 /home/travis/build/icyphy/ptII/ptolemy/actor/lib/test/auto/Expression4.xml
----------------- Instantiating /home/travis/build/icyphy/ptII/ptolemy/actor/lib/test/auto/Expression4.xml
8 ms. Memory: 566272K Free: 516162K (91%)
----------------- Invoking toplevel() on ptolemy.moml.MoMLSimpleApplication@188b5809
----------------- Done invoking toplevel() on ptolemy.moml.MoMLSimpleApplication@188b5809
reloadAllAccessors: .Expression4

===========================================================================================
----------------- testing Fri Jul 12 03:03:16 UTC 2019 /home/travis/build/icyphy/ptII/ptolemy/actor/lib/test/auto/Expression5.xml
----------------- Instantiating /home/travis/build/icyphy/ptII/ptolemy/actor/lib/test/auto/Expression5.xml
4 ms. Memory: 566272K Free: 511042K (90%)
----------------- Invoking toplevel() on ptolemy.moml.MoMLSimpleApplication@4fe706ca
----------------- Done invoking toplevel() on ptolemy.moml.MoMLSimpleApplication@4fe706ca
reloadAllAccessors: .Expression5

===========================================================================================
----------------- testing Fri Jul 12 03:03:16 UTC 2019 /home/travis/build/icyphy/ptII/ptolemy/actor/lib/test/auto/Expression6.xml
----------------- Instantiating /home/travis/build/icyphy/ptII/ptolemy/actor/lib/test/auto/Expression6.xml
3 ms. Memory: 566272K Free: 506436K (89%)
----------------- Invoking toplevel() on ptolemy.moml.MoMLSimpleApplication@795198d7
----------------- Done invoking toplevel() on ptolemy.moml.MoMLSimpleApplication@795198d7
reloadAllAccessors: .Expression6

===========================================================================================
----------------- testing Fri Jul 12 03:03:16 UTC 2019 /home/travis/build/icyphy/ptII/ptolemy/actor/lib/test/auto/Expression7.xml
----------------- Instantiating /home/travis/build/icyphy/ptII/ptolemy/actor/lib/test/auto/Expression7.xml
3 ms. Memory: 566272K Free: 501316K (89%)
----------------- Invoking toplevel() on ptolemy.moml.MoMLSimpleApplication@2ce88a
----------------- Done invoking toplevel() on ptolemy.moml.MoMLSimpleApplication@2ce88a
reloadAllAccessors: .Expression7

===========================================================================================
----------------- testing Fri Jul 12 03:03:16 UTC 2019 /home/travis/build/icyphy/ptII/ptolemy/actor/lib/test/auto/Expression8.xml
----------------- Instantiating /home/travis/build/icyphy/ptII/ptolemy/actor/lib/test/auto/Expression8.xml
9 ms. Memory: 566272K Free: 496196K (88%)
----------------- Invoking toplevel() on ptolemy.moml.MoMLSimpleApplication@19dd0d54
----------------- Done invoking toplevel() on ptolemy.moml.MoMLSimpleApplication@19dd0d54
reloadAllAccessors: .Expression8

===========================================================================================
----------------- testing Fri Jul 12 03:03:16 UTC 2019 /home/travis/build/icyphy/ptII/ptolemy/actor/lib/test/auto/Expression9.xml
----------------- Instantiating /home/travis/build/icyphy/ptII/ptolemy/actor/lib/test/auto/Expression9.xml
1 ms. Memory: 566272K Free: 492100K (87%)
----------------- Invoking toplevel() on ptolemy.moml.MoMLSimpleApplication@30e80a92
----------------- Done invoking toplevel() on ptolemy.moml.MoMLSimpleApplication@30e80a92
reloadAllAccessors: .Expression9

===========================================================================================
----------------- testing Fri Jul 12 03:03:16 UTC 2019 /home/travis/build/icyphy/ptII/ptolemy/actor/lib/test/auto/ExpressionConcatenateArrayType.xml
----------------- Instantiating /home/travis/build/icyphy/ptII/ptolemy/actor/lib/test/auto/ExpressionConcatenateArrayType.xml
3 ms. Memory: 566272K Free: 485956K (86%)
----------------- Invoking toplevel() on ptolemy.moml.MoMLSimpleApplication@353669c0
----------------- Done invoking toplevel() on ptolemy.moml.MoMLSimpleApplication@353669c0
reloadAllAccessors: .ExpressionConcatenateArrayType

===========================================================================================
----------------- testing Fri Jul 12 03:03:16 UTC 2019 /home/travis/build/icyphy/ptII/ptolemy/actor/lib/test/auto/ExpressionConcatenateArrayType2.xml
----------------- Instantiating /home/travis/build/icyphy/ptII/ptolemy/actor/lib/test/auto/ExpressionConcatenateArrayType2.xml
2 ms. Memory: 566272K Free: 480836K (85%)
----------------- Invoking toplevel() on ptolemy.moml.MoMLSimpleApplication@a9d993a
----------------- Done invoking toplevel() on ptolemy.moml.MoMLSimpleApplication@a9d993a
reloadAllAccessors: .ExpressionConcatenateArrayType2

===========================================================================================
----------------- testing Fri Jul 12 03:03:16 UTC 2019 /home/travis/build/icyphy/ptII/ptolemy/actor/lib/test/auto/ExpressionFix.xml
----------------- Instantiating /home/travis/build/icyphy/ptII/ptolemy/actor/lib/test/auto/ExpressionFix.xml
24 ms. Memory: 566272K Free: 474178K (84%)
----------------- Invoking toplevel() on ptolemy.moml.MoMLSimpleApplication@640656c0
----------------- Done invoking toplevel() on ptolemy.moml.MoMLSimpleApplication@640656c0
reloadAllAccessors: .ExpressionFix

===========================================================================================
----------------- testing Fri Jul 12 03:03:16 UTC 2019 /home/travis/build/icyphy/ptII/ptolemy/actor/lib/test/auto/ExpressionFix2.xml
----------------- Instantiating /home/travis/build/icyphy/ptII/ptolemy/actor/lib/test/auto/ExpressionFix2.xml
4 ms. Memory: 566272K Free: 470082K (83%)
----------------- Invoking toplevel() on ptolemy.moml.MoMLSimpleApplication@2b0dbff4
----------------- Done invoking toplevel() on ptolemy.moml.MoMLSimpleApplication@2b0dbff4
reloadAllAccessors: .ExpressionFix2

===========================================================================================
----------------- testing Fri Jul 12 03:03:16 UTC 2019 /home/travis/build/icyphy/ptII/ptolemy/actor/lib/test/auto/ExpressionFix3.xml
----------------- Instantiating /home/travis/build/icyphy/ptII/ptolemy/actor/lib/test/auto/ExpressionFix3.xml
3 ms. Memory: 566272K Free: 465476K (82%)
----------------- Invoking toplevel() on ptolemy.moml.MoMLSimpleApplication@5f2411a8
----------------- Done invoking toplevel() on ptolemy.moml.MoMLSimpleApplication@5f2411a8
reloadAllAccessors: .ExpressionFix3

===========================================================================================
----------------- testing Fri Jul 12 03:03:16 UTC 2019 /home/travis/build/icyphy/ptII/ptolemy/actor/lib/test/auto/FileWriter1.xml
----------------- Instantiating /home/travis/build/icyphy/ptII/ptolemy/actor/lib/test/auto/FileWriter1.xml
2 ms. Memory: 566272K Free: 461890K (82%)
----------------- Invoking toplevel() on ptolemy.moml.MoMLSimpleApplication@550ac5e3
----------------- Done invoking toplevel() on ptolemy.moml.MoMLSimpleApplication@550ac5e3
reloadAllAccessors: .FileWriter1

===========================================================================================
----------------- testing Fri Jul 12 03:03:16 UTC 2019 /home/travis/build/icyphy/ptII/ptolemy/actor/lib/test/auto/FileWriter2.xml
----------------- Instantiating /home/travis/build/icyphy/ptII/ptolemy/actor/lib/test/auto/FileWriter2.xml
7 ms. Memory: 566272K Free: 457284K (81%)
----------------- Invoking toplevel() on ptolemy.moml.MoMLSimpleApplication@37b9da9d
----------------- Done invoking toplevel() on ptolemy.moml.MoMLSimpleApplication@37b9da9d
reloadAllAccessors: .FileWriter2

===========================================================================================
----------------- testing Fri Jul 12 03:03:16 UTC 2019 /home/travis/build/icyphy/ptII/ptolemy/actor/lib/test/auto/FileWriter3.xml
----------------- Instantiating /home/travis/build/icyphy/ptII/ptolemy/actor/lib/test/auto/FileWriter3.xml
5 ms. Memory: 566272K Free: 453188K (80%)
----------------- Invoking toplevel() on ptolemy.moml.MoMLSimpleApplication@275ebdb2
----------------- Done invoking toplevel() on ptolemy.moml.MoMLSimpleApplication@275ebdb2
reloadAllAccessors: .FileWriter3

===========================================================================================
----------------- testing Fri Jul 12 03:03:16 UTC 2019 /home/travis/build/icyphy/ptII/ptolemy/actor/lib/test/auto/Gaussian.xml
----------------- Instantiating /home/travis/build/icyphy/ptII/ptolemy/actor/lib/test/auto/Gaussian.xml
3 ms. Memory: 566272K Free: 448578K (79%)
----------------- Invoking toplevel() on ptolemy.moml.MoMLSimpleApplication@45a8e759
----------------- Done invoking toplevel() on ptolemy.moml.MoMLSimpleApplication@45a8e759
reloadAllAccessors: .Gaussian

===========================================================================================
----------------- testing Fri Jul 12 03:03:16 UTC 2019 /home/travis/build/icyphy/ptII/ptolemy/actor/lib/test/auto/Gaussian1.xml
----------------- Instantiating /home/travis/build/icyphy/ptII/ptolemy/actor/lib/test/auto/Gaussian1.xml
2 ms. Memory: 566272K Free: 443452K (78%)
----------------- Invoking toplevel() on ptolemy.moml.MoMLSimpleApplication@7e4b6390
----------------- Done invoking toplevel() on ptolemy.moml.MoMLSimpleApplication@7e4b6390
reloadAllAccessors: .Gaussian1

===========================================================================================
----------------- testing Fri Jul 12 03:03:16 UTC 2019 /home/travis/build/icyphy/ptII/ptolemy/actor/lib/test/auto/Gaussian2.xml
----------------- Instantiating /home/travis/build/icyphy/ptII/ptolemy/actor/lib/test/auto/Gaussian2.xml
2 ms. Memory: 566272K Free: 437828K (77%)
----------------- Invoking toplevel() on ptolemy.moml.MoMLSimpleApplication@7ab4a252
----------------- Done invoking toplevel() on ptolemy.moml.MoMLSimpleApplication@7ab4a252
reloadAllAccessors: .Gaussian2

===========================================================================================
----------------- testing Fri Jul 12 03:03:16 UTC 2019 /home/travis/build/icyphy/ptII/ptolemy/actor/lib/test/auto/GradientAdaptiveLattice.xml
----------------- Instantiating /home/travis/build/icyphy/ptII/ptolemy/actor/lib/test/auto/GradientAdaptiveLattice.xml
9 ms. Memory: 566272K Free: 433218K (77%)
----------------- Invoking toplevel() on ptolemy.moml.MoMLSimpleApplication@256ee887
----------------- Done invoking toplevel() on ptolemy.moml.MoMLSimpleApplication@256ee887
reloadAllAccessors: .GradientAdaptiveLattice

===========================================================================================
----------------- testing Fri Jul 12 03:03:16 UTC 2019 /home/travis/build/icyphy/ptII/ptolemy/actor/lib/test/auto/IIR.xml
----------------- Instantiating /home/travis/build/icyphy/ptII/ptolemy/actor/lib/test/auto/IIR.xml
2 ms. Memory: 566272K Free: 428612K (76%)
----------------- Invoking toplevel() on ptolemy.moml.MoMLSimpleApplication@181baed2
----------------- Done invoking toplevel() on ptolemy.moml.MoMLSimpleApplication@181baed2
reloadAllAccessors: .IIR

===========================================================================================
----------------- testing Fri Jul 12 03:03:16 UTC 2019 /home/travis/build/icyphy/ptII/ptolemy/actor/lib/test/auto/InputOutputTransparentPorts.xml
----------------- Instantiating /home/travis/build/icyphy/ptII/ptolemy/actor/lib/test/auto/InputOutputTransparentPorts.xml
4 ms. Memory: 566272K Free: 420930K (74%)
----------------- Invoking toplevel() on ptolemy.moml.MoMLSimpleApplication@398c48e2
----------------- Done invoking toplevel() on ptolemy.moml.MoMLSimpleApplication@398c48e2
reloadAllAccessors: .InputOutputTransparentPorts

===========================================================================================
----------------- testing Fri Jul 12 03:03:16 UTC 2019 /home/travis/build/icyphy/ptII/ptolemy/actor/lib/test/auto/Interpolator.xml
----------------- Instantiating /home/travis/build/icyphy/ptII/ptolemy/actor/lib/test/auto/Interpolator.xml
6 ms. Memory: 566272K Free: 415810K (73%)
----------------- Invoking toplevel() on ptolemy.moml.MoMLSimpleApplication@7552a5f8
----------------- Done invoking toplevel() on ptolemy.moml.MoMLSimpleApplication@7552a5f8
reloadAllAccessors: .Interpolator

===========================================================================================
----------------- testing Fri Jul 12 03:03:16 UTC 2019 /home/travis/build/icyphy/ptII/ptolemy/actor/lib/test/auto/InterpolatorFiringLimitDE.xml
----------------- Instantiating /home/travis/build/icyphy/ptII/ptolemy/actor/lib/test/auto/InterpolatorFiringLimitDE.xml
3 ms. Memory: 566272K Free: 409666K (72%)
----------------- Invoking toplevel() on ptolemy.moml.MoMLSimpleApplication@3a626a3f
----------------- Done invoking toplevel() on ptolemy.moml.MoMLSimpleApplication@3a626a3f
reloadAllAccessors: .InterpolatorFiringLimitDE

===========================================================================================
----------------- testing Fri Jul 12 03:03:16 UTC 2019 /home/travis/build/icyphy/ptII/ptolemy/actor/lib/test/auto/Lattice.xml
----------------- Instantiating /home/travis/build/icyphy/ptII/ptolemy/actor/lib/test/auto/Lattice.xml
1 ms. Memory: 566272K Free: 405570K (72%)
----------------- Invoking toplevel() on ptolemy.moml.MoMLSimpleApplication@5d308732
----------------- Done invoking toplevel() on ptolemy.moml.MoMLSimpleApplication@5d308732
reloadAllAccessors: .Lattice

===========================================================================================
----------------- testing Fri Jul 12 03:03:16 UTC 2019 /home/travis/build/icyphy/ptII/ptolemy/actor/lib/test/auto/LazyAOCTestLazy.xml
----------------- Instantiating /home/travis/build/icyphy/ptII/ptolemy/actor/lib/test/auto/LazyAOCTestLazy.xml
7 ms. Memory: 566272K Free: 399412K (71%)
----------------- Invoking toplevel() on ptolemy.moml.MoMLSimpleApplication@3146810f
----------------- Done invoking toplevel() on ptolemy.moml.MoMLSimpleApplication@3146810f
reloadAllAccessors: .LazyAOCTestLazy

===========================================================================================
----------------- testing Fri Jul 12 03:03:16 UTC 2019 /home/travis/build/icyphy/ptII/ptolemy/actor/lib/test/auto/LazyAOCTestNonLazy.xml
----------------- Instantiating /home/travis/build/icyphy/ptII/ptolemy/actor/lib/test/auto/LazyAOCTestNonLazy.xml
2 ms. Memory: 566272K Free: 393282K (69%)
----------------- Invoking toplevel() on ptolemy.moml.MoMLSimpleApplication@7abf34b8
----------------- Done invoking toplevel() on ptolemy.moml.MoMLSimpleApplication@7abf34b8
reloadAllAccessors: .LazyAOCTestNonLazy

===========================================================================================
----------------- testing Fri Jul 12 03:03:16 UTC 2019 /home/travis/build/icyphy/ptII/ptolemy/actor/lib/test/auto/LazyInnerClass.xml
----------------- Instantiating /home/travis/build/icyphy/ptII/ptolemy/actor/lib/test/auto/LazyInnerClass.xml
19 ms. Memory: 566272K Free: 384580K (68%)
----------------- Invoking toplevel() on ptolemy.moml.MoMLSimpleApplication@c840990
----------------- Done invoking toplevel() on ptolemy.moml.MoMLSimpleApplication@c840990
reloadAllAccessors: .LazyInnerClass

===========================================================================================
----------------- testing Fri Jul 12 03:03:17 UTC 2019 /home/travis/build/icyphy/ptII/ptolemy/actor/lib/test/auto/LazyPubSub.xml
----------------- Instantiating /home/travis/build/icyphy/ptII/ptolemy/actor/lib/test/auto/LazyPubSub.xml
26 ms. Memory: 566272K Free: 374850K (66%)
----------------- Invoking toplevel() on ptolemy.moml.MoMLSimpleApplication@67ee9646
----------------- Done invoking toplevel() on ptolemy.moml.MoMLSimpleApplication@67ee9646
reloadAllAccessors: .LazyPubSub

===========================================================================================
----------------- testing Fri Jul 12 03:03:17 UTC 2019 /home/travis/build/icyphy/ptII/ptolemy/actor/lib/test/auto/LazyPubSub2.xml
----------------- Instantiating /home/travis/build/icyphy/ptII/ptolemy/actor/lib/test/auto/LazyPubSub2.xml
18 ms. Memory: 566272K Free: 365124K (64%)
----------------- Invoking toplevel() on ptolemy.moml.MoMLSimpleApplication@e80bdc0
----------------- Done invoking toplevel() on ptolemy.moml.MoMLSimpleApplication@e80bdc0
reloadAllAccessors: .LazyPubSub2

===========================================================================================
----------------- testing Fri Jul 12 03:03:17 UTC 2019 /home/travis/build/icyphy/ptII/ptolemy/actor/lib/test/auto/LazyPubSub3.xml
----------------- Instantiating /home/travis/build/icyphy/ptII/ptolemy/actor/lib/test/auto/LazyPubSub3.xml
18 ms. Memory: 566272K Free: 354884K (63%)
----------------- Invoking toplevel() on ptolemy.moml.MoMLSimpleApplication@53d39363
----------------- Done invoking toplevel() on ptolemy.moml.MoMLSimpleApplication@53d39363
reloadAllAccessors: .LazyPubSub3

===========================================================================================
----------------- testing Fri Jul 12 03:03:17 UTC 2019 /home/travis/build/icyphy/ptII/ptolemy/actor/lib/test/auto/LazySubClassModel.xml
----------------- Instantiating /home/travis/build/icyphy/ptII/ptolemy/actor/lib/test/auto/LazySubClassModel.xml
2 ms. Memory: 566272K Free: 345668K (61%)
----------------- Invoking toplevel() on ptolemy.moml.MoMLSimpleApplication@24799064
----------------- Done invoking toplevel() on ptolemy.moml.MoMLSimpleApplication@24799064
reloadAllAccessors: .LazySubClassModel

===========================================================================================
----------------- testing Fri Jul 12 03:03:17 UTC 2019 /home/travis/build/icyphy/ptII/ptolemy/actor/lib/test/auto/LevelCrossTest1.xml
----------------- Instantiating /home/travis/build/icyphy/ptII/ptolemy/actor/lib/test/auto/LevelCrossTest1.xml
1 ms. Memory: 566272K Free: 340034K (60%)
----------------- Invoking toplevel() on ptolemy.moml.MoMLSimpleApplication@7ba5aac5
----------------- Done invoking toplevel() on ptolemy.moml.MoMLSimpleApplication@7ba5aac5
reloadAllAccessors: .broken

===========================================================================================
----------------- testing Fri Jul 12 03:03:17 UTC 2019 /home/travis/build/icyphy/ptII/ptolemy/actor/lib/test/auto/LevelCrossTest10.xml
----------------- Instantiating /home/travis/build/icyphy/ptII/ptolemy/actor/lib/test/auto/LevelCrossTest10.xml
1 ms. Memory: 566272K Free: 332866K (59%)
----------------- Invoking toplevel() on ptolemy.moml.MoMLSimpleApplication@72de8640
----------------- Done invoking toplevel() on ptolemy.moml.MoMLSimpleApplication@72de8640
reloadAllAccessors: .LevelCrossTest10

===========================================================================================
----------------- testing Fri Jul 12 03:03:17 UTC 2019 /home/travis/build/icyphy/ptII/ptolemy/actor/lib/test/auto/LevelCrossTest11.xml
----------------- Instantiating /home/travis/build/icyphy/ptII/ptolemy/actor/lib/test/auto/LevelCrossTest11.xml
1 ms. Memory: 566272K Free: 325698K (58%)
----------------- Invoking toplevel() on ptolemy.moml.MoMLSimpleApplication@227e744b
----------------- Done invoking toplevel() on ptolemy.moml.MoMLSimpleApplication@227e744b
reloadAllAccessors: .LevelCrossTest11

===========================================================================================
----------------- testing Fri Jul 12 03:03:17 UTC 2019 /home/travis/build/icyphy/ptII/ptolemy/actor/lib/test/auto/LevelCrossTest12.xml
----------------- Instantiating /home/travis/build/icyphy/ptII/ptolemy/actor/lib/test/auto/LevelCrossTest12.xml
1 ms. Memory: 566272K Free: 318530K (56%)
----------------- Invoking toplevel() on ptolemy.moml.MoMLSimpleApplication@4449d96
----------------- Done invoking toplevel() on ptolemy.moml.MoMLSimpleApplication@4449d96
reloadAllAccessors: .LevelCrossTest12

===========================================================================================
----------------- testing Fri Jul 12 03:03:17 UTC 2019 /home/travis/build/icyphy/ptII/ptolemy/actor/lib/test/auto/LevelCrossTest13.xml
----------------- Instantiating /home/travis/build/icyphy/ptII/ptolemy/actor/lib/test/auto/LevelCrossTest13.xml
1 ms. Memory: 566272K Free: 310852K (55%)
----------------- Invoking toplevel() on ptolemy.moml.MoMLSimpleApplication@32cc973e
----------------- Done invoking toplevel() on ptolemy.moml.MoMLSimpleApplication@32cc973e
reloadAllAccessors: .LevelCrossTest13

===========================================================================================
----------------- testing Fri Jul 12 03:03:17 UTC 2019 /home/travis/build/icyphy/ptII/ptolemy/actor/lib/test/auto/LevelCrossTest2.xml
----------------- Instantiating /home/travis/build/icyphy/ptII/ptolemy/actor/lib/test/auto/LevelCrossTest2.xml
1 ms. Memory: 566272K Free: 305218K (54%)
----------------- Invoking toplevel() on ptolemy.moml.MoMLSimpleApplication@4ed9cc28
----------------- Done invoking toplevel() on ptolemy.moml.MoMLSimpleApplication@4ed9cc28
reloadAllAccessors: .broken

===========================================================================================
----------------- testing Fri Jul 12 03:03:17 UTC 2019 /home/travis/build/icyphy/ptII/ptolemy/actor/lib/test/auto/LevelCrossTest3.xml
----------------- Instantiating /home/travis/build/icyphy/ptII/ptolemy/actor/lib/test/auto/LevelCrossTest3.xml
1 ms. Memory: 566272K Free: 299074K (53%)
----------------- Invoking toplevel() on ptolemy.moml.MoMLSimpleApplication@5956de10
----------------- Done invoking toplevel() on ptolemy.moml.MoMLSimpleApplication@5956de10
reloadAllAccessors: .LevelCrossTest3

===========================================================================================
----------------- testing Fri Jul 12 03:03:17 UTC 2019 /home/travis/build/icyphy/ptII/ptolemy/actor/lib/test/auto/LevelCrossTest4.xml
----------------- Instantiating /home/travis/build/icyphy/ptII/ptolemy/actor/lib/test/auto/LevelCrossTest4.xml
1 ms. Memory: 566272K Free: 293444K (52%)
----------------- Invoking toplevel() on ptolemy.moml.MoMLSimpleApplication@2a60a78f
----------------- Done invoking toplevel() on ptolemy.moml.MoMLSimpleApplication@2a60a78f
reloadAllAccessors: .broken

===========================================================================================
----------------- testing Fri Jul 12 03:03:17 UTC 2019 /home/travis/build/icyphy/ptII/ptolemy/actor/lib/test/auto/LevelCrossTest5.xml
----------------- Instantiating /home/travis/build/icyphy/ptII/ptolemy/actor/lib/test/auto/LevelCrossTest5.xml
2 ms. Memory: 566272K Free: 286276K (51%)
----------------- Invoking toplevel() on ptolemy.moml.MoMLSimpleApplication@10c069fa
----------------- Done invoking toplevel() on ptolemy.moml.MoMLSimpleApplication@10c069fa
reloadAllAccessors: .LevelCrossTest5

===========================================================================================
----------------- testing Fri Jul 12 03:03:17 UTC 2019 /home/travis/build/icyphy/ptII/ptolemy/actor/lib/test/auto/LevelCrossTest6.xml
----------------- Instantiating /home/travis/build/icyphy/ptII/ptolemy/actor/lib/test/auto/LevelCrossTest6.xml
1 ms. Memory: 566272K Free: 279618K (49%)
----------------- Invoking toplevel() on ptolemy.moml.MoMLSimpleApplication@1a505f5e
----------------- Done invoking toplevel() on ptolemy.moml.MoMLSimpleApplication@1a505f5e
reloadAllAccessors: .LevelCrossTest6

===========================================================================================
----------------- testing Fri Jul 12 03:03:17 UTC 2019 /home/travis/build/icyphy/ptII/ptolemy/actor/lib/test/auto/LevelCrossTest7.xml
----------------- Instantiating /home/travis/build/icyphy/ptII/ptolemy/actor/lib/test/auto/LevelCrossTest7.xml
2 ms. Memory: 566272K Free: 272450K (48%)
----------------- Invoking toplevel() on ptolemy.moml.MoMLSimpleApplication@7a0e28eb
----------------- Done invoking toplevel() on ptolemy.moml.MoMLSimpleApplication@7a0e28eb
reloadAllAccessors: .LevelCrossTest7

===========================================================================================
----------------- testing Fri Jul 12 03:03:17 UTC 2019 /home/travis/build/icyphy/ptII/ptolemy/actor/lib/test/auto/LevelCrossTest8.xml
----------------- Instantiating /home/travis/build/icyphy/ptII/ptolemy/actor/lib/test/auto/LevelCrossTest8.xml
3 ms. Memory: 566272K Free: 265796K (47%)
----------------- Invoking toplevel() on ptolemy.moml.MoMLSimpleApplication@5593ca48
----------------- Done invoking toplevel() on ptolemy.moml.MoMLSimpleApplication@5593ca48
reloadAllAccessors: .LevelCrossTest8

===========================================================================================
----------------- testing Fri Jul 12 03:03:17 UTC 2019 /home/travis/build/icyphy/ptII/ptolemy/actor/lib/test/auto/LevelCrossTest9.xml
----------------- Instantiating /home/travis/build/icyphy/ptII/ptolemy/actor/lib/test/auto/LevelCrossTest9.xml
1 ms. Memory: 566272K Free: 258628K (46%)
----------------- Invoking toplevel() on ptolemy.moml.MoMLSimpleApplication@60688ec3
----------------- Done invoking toplevel() on ptolemy.moml.MoMLSimpleApplication@60688ec3
reloadAllAccessors: .LevelCrossTest9

===========================================================================================
----------------- testing Fri Jul 12 03:03:17 UTC 2019 /home/travis/build/icyphy/ptII/ptolemy/actor/lib/test/auto/LevinsonDurbin.xml
----------------- Instantiating /home/travis/build/icyphy/ptII/ptolemy/actor/lib/test/auto/LevinsonDurbin.xml
1 ms. Memory: 566272K Free: 255042K (45%)
----------------- Invoking toplevel() on ptolemy.moml.MoMLSimpleApplication@7b1ece7b
----------------- Done invoking toplevel() on ptolemy.moml.MoMLSimpleApplication@7b1ece7b
reloadAllAccessors: .LevinsonDurbin

===========================================================================================
----------------- testing Fri Jul 12 03:03:17 UTC 2019 /home/travis/build/icyphy/ptII/ptolemy/actor/lib/test/auto/LevinsonDurbin2.xml
----------------- Instantiating /home/travis/build/icyphy/ptII/ptolemy/actor/lib/test/auto/LevinsonDurbin2.xml
2 ms. Memory: 566272K Free: 250946K (44%)
----------------- Invoking toplevel() on ptolemy.moml.MoMLSimpleApplication@7d9de0bd
----------------- Done invoking toplevel() on ptolemy.moml.MoMLSimpleApplication@7d9de0bd
reloadAllAccessors: .LevinsonDurbin2

===========================================================================================
----------------- testing Fri Jul 12 03:03:17 UTC 2019 /home/travis/build/icyphy/ptII/ptolemy/actor/lib/test/auto/LevinsonDurbin3.xml
----------------- Instantiating /home/travis/build/icyphy/ptII/ptolemy/actor/lib/test/auto/LevinsonDurbin3.xml
2 ms. Memory: 566272K Free: 246850K (44%)
----------------- Invoking toplevel() on ptolemy.moml.MoMLSimpleApplication@392d28e5
----------------- Done invoking toplevel() on ptolemy.moml.MoMLSimpleApplication@392d28e5
reloadAllAccessors: .LevinsonDurbin3

===========================================================================================
----------------- testing Fri Jul 12 03:03:17 UTC 2019 /home/travis/build/icyphy/ptII/ptolemy/actor/lib/test/auto/Limiter.xml
----------------- Instantiating /home/travis/build/icyphy/ptII/ptolemy/actor/lib/test/auto/Limiter.xml
4 ms. Memory: 566272K Free: 237620K (42%)
----------------- Invoking toplevel() on ptolemy.moml.MoMLSimpleApplication@49eee75d
----------------- Done invoking toplevel() on ptolemy.moml.MoMLSimpleApplication@49eee75d
reloadAllAccessors: .Limiter

===========================================================================================
----------------- testing Fri Jul 12 03:03:17 UTC 2019 /home/travis/build/icyphy/ptII/ptolemy/actor/lib/test/auto/LinearDifferenceEquationSystem.xml
----------------- Instantiating /home/travis/build/icyphy/ptII/ptolemy/actor/lib/test/auto/LinearDifferenceEquationSystem.xml
4 ms. Memory: 566272K Free: 230466K (41%)
----------------- Invoking toplevel() on ptolemy.moml.MoMLSimpleApplication@1447277e
----------------- Done invoking toplevel() on ptolemy.moml.MoMLSimpleApplication@1447277e
reloadAllAccessors: .LinearDifferenceEquationSystem

===========================================================================================
----------------- testing Fri Jul 12 03:03:17 UTC 2019 /home/travis/build/icyphy/ptII/ptolemy/actor/lib/test/auto/LookupTable.xml
----------------- Instantiating /home/travis/build/icyphy/ptII/ptolemy/actor/lib/test/auto/LookupTable.xml
1 ms. Memory: 566272K Free: 225860K (40%)
----------------- Invoking toplevel() on ptolemy.moml.MoMLSimpleApplication@77c92e33
----------------- Done invoking toplevel() on ptolemy.moml.MoMLSimpleApplication@77c92e33
reloadAllAccessors: .LookupTable

===========================================================================================
----------------- testing Fri Jul 12 03:03:17 UTC 2019 /home/travis/build/icyphy/ptII/ptolemy/actor/lib/test/auto/MathFunction.xml
----------------- Instantiating /home/travis/build/icyphy/ptII/ptolemy/actor/lib/test/auto/MathFunction.xml
3 ms. Memory: 566272K Free: 217668K (38%)
----------------- Invoking toplevel() on ptolemy.moml.MoMLSimpleApplication@7586fe3b
----------------- Done invoking toplevel() on ptolemy.moml.MoMLSimpleApplication@7586fe3b
reloadAllAccessors: .MathFunction

===========================================================================================
----------------- testing Fri Jul 12 03:03:17 UTC 2019 /home/travis/build/icyphy/ptII/ptolemy/actor/lib/test/auto/MathFunction2.xml
----------------- Instantiating /home/travis/build/icyphy/ptII/ptolemy/actor/lib/test/auto/MathFunction2.xml
8 ms. Memory: 566272K Free: 213572K (38%)
----------------- Invoking toplevel() on ptolemy.moml.MoMLSimpleApplication@56a3b90a
----------------- Done invoking toplevel() on ptolemy.moml.MoMLSimpleApplication@56a3b90a
reloadAllAccessors: .MathFunction2

===========================================================================================
----------------- testing Fri Jul 12 03:03:17 UTC 2019 /home/travis/build/icyphy/ptII/ptolemy/actor/lib/test/auto/MathFunction3.xml
----------------- Instantiating /home/travis/build/icyphy/ptII/ptolemy/actor/lib/test/auto/MathFunction3.xml
2 ms. Memory: 566272K Free: 206404K (36%)
----------------- Invoking toplevel() on ptolemy.moml.MoMLSimpleApplication@31363981
----------------- Done invoking toplevel() on ptolemy.moml.MoMLSimpleApplication@31363981
reloadAllAccessors: .MathFunction3

===========================================================================================
----------------- testing Fri Jul 12 03:03:17 UTC 2019 /home/travis/build/icyphy/ptII/ptolemy/actor/lib/test/auto/MatrixCropBoolean.xml
----------------- Instantiating /home/travis/build/icyphy/ptII/ptolemy/actor/lib/test/auto/MatrixCropBoolean.xml
2 ms. Memory: 566272K Free: 201284K (36%)
----------------- Invoking toplevel() on ptolemy.moml.MoMLSimpleApplication@402d0ccd
----------------- Done invoking toplevel() on ptolemy.moml.MoMLSimpleApplication@402d0ccd
reloadAllAccessors: .MatrixCropBoolean

===========================================================================================
----------------- testing Fri Jul 12 03:03:17 UTC 2019 /home/travis/build/icyphy/ptII/ptolemy/actor/lib/test/auto/MatrixCropComplex.xml
----------------- Instantiating /home/travis/build/icyphy/ptII/ptolemy/actor/lib/test/auto/MatrixCropComplex.xml
1 ms. Memory: 566272K Free: 196164K (35%)
----------------- Invoking toplevel() on ptolemy.moml.MoMLSimpleApplication@2c62f03f
----------------- Done invoking toplevel() on ptolemy.moml.MoMLSimpleApplication@2c62f03f
reloadAllAccessors: .MatrixCropComplex

===========================================================================================
----------------- testing Fri Jul 12 03:03:17 UTC 2019 /home/travis/build/icyphy/ptII/ptolemy/actor/lib/test/auto/MatrixCropDouble.xml
----------------- Instantiating /home/travis/build/icyphy/ptII/ptolemy/actor/lib/test/auto/MatrixCropDouble.xml
2 ms. Memory: 566272K Free: 191524K (34%)
----------------- Invoking toplevel() on ptolemy.moml.MoMLSimpleApplication@1a79d5d2
----------------- Done invoking toplevel() on ptolemy.moml.MoMLSimpleApplication@1a79d5d2
reloadAllAccessors: .MatrixCropDouble

===========================================================================================
----------------- testing Fri Jul 12 03:03:17 UTC 2019 /home/travis/build/icyphy/ptII/ptolemy/actor/lib/test/auto/MatrixCropFix.xml
----------------- Instantiating /home/travis/build/icyphy/ptII/ptolemy/actor/lib/test/auto/MatrixCropFix.xml
4 ms. Memory: 566272K Free: 516644K (91%)
----------------- Invoking toplevel() on ptolemy.moml.MoMLSimpleApplication@31c9359a
----------------- Done invoking toplevel() on ptolemy.moml.MoMLSimpleApplication@31c9359a
reloadAllAccessors: .MatrixCropFix

===========================================================================================
----------------- testing Fri Jul 12 03:03:17 UTC 2019 /home/travis/build/icyphy/ptII/ptolemy/actor/lib/test/auto/MatrixCropInt.xml
----------------- Instantiating /home/travis/build/icyphy/ptII/ptolemy/actor/lib/test/auto/MatrixCropInt.xml
3 ms. Memory: 566272K Free: 511524K (90%)
----------------- Invoking toplevel() on ptolemy.moml.MoMLSimpleApplication@3f48a3a8
----------------- Done invoking toplevel() on ptolemy.moml.MoMLSimpleApplication@3f48a3a8
reloadAllAccessors: .MatrixCropInt

===========================================================================================
----------------- testing Fri Jul 12 03:03:17 UTC 2019 /home/travis/build/icyphy/ptII/ptolemy/actor/lib/test/auto/MatrixCropLong.xml
----------------- Instantiating /home/travis/build/icyphy/ptII/ptolemy/actor/lib/test/auto/MatrixCropLong.xml
2 ms. Memory: 566272K Free: 506948K (90%)
----------------- Invoking toplevel() on ptolemy.moml.MoMLSimpleApplication@440fba9b
----------------- Done invoking toplevel() on ptolemy.moml.MoMLSimpleApplication@440fba9b
reloadAllAccessors: .MatrixCropLong

===========================================================================================
----------------- testing Fri Jul 12 03:03:17 UTC 2019 /home/travis/build/icyphy/ptII/ptolemy/actor/lib/test/auto/MatrixToArray.xml
----------------- Instantiating /home/travis/build/icyphy/ptII/ptolemy/actor/lib/test/auto/MatrixToArray.xml
9 ms. Memory: 566272K Free: 492612K (87%)
----------------- Invoking toplevel() on ptolemy.moml.MoMLSimpleApplication@12824b22
----------------- Done invoking toplevel() on ptolemy.moml.MoMLSimpleApplication@12824b22
reloadAllAccessors: .MatrixToArray

===========================================================================================
----------------- testing Fri Jul 12 03:03:17 UTC 2019 /home/travis/build/icyphy/ptII/ptolemy/actor/lib/test/auto/MaxIndex.xml
----------------- Instantiating /home/travis/build/icyphy/ptII/ptolemy/actor/lib/test/auto/MaxIndex.xml
2 ms. Memory: 566272K Free: 487492K (86%)
----------------- Invoking toplevel() on ptolemy.moml.MoMLSimpleApplication@2db2a45e
----------------- Done invoking toplevel() on ptolemy.moml.MoMLSimpleApplication@2db2a45e
reloadAllAccessors: .MaxIndex

===========================================================================================
----------------- testing Fri Jul 12 03:03:17 UTC 2019 /home/travis/build/icyphy/ptII/ptolemy/actor/lib/test/auto/Maximum.xml
----------------- Instantiating /home/travis/build/icyphy/ptII/ptolemy/actor/lib/test/auto/Maximum.xml
5 ms. Memory: 566272K Free: 480804K (85%)
----------------- Invoking toplevel() on ptolemy.moml.MoMLSimpleApplication@b10da73
----------------- Done invoking toplevel() on ptolemy.moml.MoMLSimpleApplication@b10da73
reloadAllAccessors: .Maximum

===========================================================================================
----------------- testing Fri Jul 12 03:03:17 UTC 2019 /home/travis/build/icyphy/ptII/ptolemy/actor/lib/test/auto/MaximumComplex.xml
----------------- Instantiating /home/travis/build/icyphy/ptII/ptolemy/actor/lib/test/auto/MaximumComplex.xml
5 ms. Memory: 566272K Free: 474676K (84%)
----------------- Invoking toplevel() on ptolemy.moml.MoMLSimpleApplication@61c8ee41
----------------- Done invoking toplevel() on ptolemy.moml.MoMLSimpleApplication@61c8ee41
reloadAllAccessors: .MaximumComplex

===========================================================================================
----------------- testing Fri Jul 12 03:03:17 UTC 2019 /home/travis/build/icyphy/ptII/ptolemy/actor/lib/test/auto/MethodCallTest.xml
----------------- Instantiating /home/travis/build/icyphy/ptII/ptolemy/actor/lib/test/auto/MethodCallTest.xml
7 ms. Memory: 566272K Free: 468036K (83%)
----------------- Invoking toplevel() on ptolemy.moml.MoMLSimpleApplication@6e36dc94
----------------- Done invoking toplevel() on ptolemy.moml.MoMLSimpleApplication@6e36dc94
reloadAllAccessors: .MethodCallTest

===========================================================================================
----------------- testing Fri Jul 12 03:03:17 UTC 2019 /home/travis/build/icyphy/ptII/ptolemy/actor/lib/test/auto/Minimum.xml
----------------- Instantiating /home/travis/build/icyphy/ptII/ptolemy/actor/lib/test/auto/Minimum.xml
3 ms. Memory: 566272K Free: 461892K (82%)
----------------- Invoking toplevel() on ptolemy.moml.MoMLSimpleApplication@78b440f7
----------------- Done invoking toplevel() on ptolemy.moml.MoMLSimpleApplication@78b440f7
reloadAllAccessors: .Minimum

===========================================================================================
----------------- testing Fri Jul 12 03:03:18 UTC 2019 /home/travis/build/icyphy/ptII/ptolemy/actor/lib/test/auto/MinimumComplex.xml
----------------- Instantiating /home/travis/build/icyphy/ptII/ptolemy/actor/lib/test/auto/MinimumComplex.xml
2 ms. Memory: 566272K Free: 455748K (80%)
----------------- Invoking toplevel() on ptolemy.moml.MoMLSimpleApplication@5ab1c1ab
----------------- Done invoking toplevel() on ptolemy.moml.MoMLSimpleApplication@5ab1c1ab
reloadAllAccessors: .MinimumComplex

===========================================================================================
----------------- testing Fri Jul 12 03:03:18 UTC 2019 /home/travis/build/icyphy/ptII/ptolemy/actor/lib/test/auto/MinimumMultiports.xml
----------------- Instantiating /home/travis/build/icyphy/ptII/ptolemy/actor/lib/test/auto/MinimumMultiports.xml
4 ms. Memory: 566272K Free: 447028K (79%)
----------------- Invoking toplevel() on ptolemy.moml.MoMLSimpleApplication@3c4bf31b
----------------- Done invoking toplevel() on ptolemy.moml.MoMLSimpleApplication@3c4bf31b
reloadAllAccessors: .MinimumMultiports

===========================================================================================
----------------- testing Fri Jul 12 03:03:18 UTC 2019 /home/travis/build/icyphy/ptII/ptolemy/actor/lib/test/auto/ModifyDate.xml
----------------- Instantiating /home/travis/build/icyphy/ptII/ptolemy/actor/lib/test/auto/ModifyDate.xml
7 ms. Memory: 566272K Free: 434244K (77%)
----------------- Invoking toplevel() on ptolemy.moml.MoMLSimpleApplication@7ce6882b
----------------- Done invoking toplevel() on ptolemy.moml.MoMLSimpleApplication@7ce6882b
reloadAllAccessors: .ModifyDate

===========================================================================================
----------------- testing Fri Jul 12 03:03:18 UTC 2019 /home/travis/build/icyphy/ptII/ptolemy/actor/lib/test/auto/ModifyDate2.xml
----------------- Instantiating /home/travis/build/icyphy/ptII/ptolemy/actor/lib/test/auto/ModifyDate2.xml
6 ms. Memory: 566272K Free: 425538K (75%)
----------------- Invoking toplevel() on ptolemy.moml.MoMLSimpleApplication@145a9025
----------------- Done invoking toplevel() on ptolemy.moml.MoMLSimpleApplication@145a9025
reloadAllAccessors: .ModifyDate2

===========================================================================================
----------------- testing Fri Jul 12 03:03:18 UTC 2019 /home/travis/build/icyphy/ptII/ptolemy/actor/lib/test/auto/MovingAverage.xml
----------------- Instantiating /home/travis/build/icyphy/ptII/ptolemy/actor/lib/test/auto/MovingAverage.xml
1 ms. Memory: 566272K Free: 420418K (74%)
----------------- Invoking toplevel() on ptolemy.moml.MoMLSimpleApplication@7de45fb2
----------------- Done invoking toplevel() on ptolemy.moml.MoMLSimpleApplication@7de45fb2
reloadAllAccessors: .MovingAverage

===========================================================================================
----------------- testing Fri Jul 12 03:03:18 UTC 2019 /home/travis/build/icyphy/ptII/ptolemy/actor/lib/test/auto/MovingMaximum.xml
----------------- Instantiating /home/travis/build/icyphy/ptII/ptolemy/actor/lib/test/auto/MovingMaximum.xml
9 ms. Memory: 566272K Free: 415812K (73%)
----------------- Invoking toplevel() on ptolemy.moml.MoMLSimpleApplication@4c59605c
----------------- Done invoking toplevel() on ptolemy.moml.MoMLSimpleApplication@4c59605c
reloadAllAccessors: .MovingMaximum

===========================================================================================
----------------- testing Fri Jul 12 03:03:18 UTC 2019 /home/travis/build/icyphy/ptII/ptolemy/actor/lib/test/auto/MultipleLinksToSameRelation.xml
----------------- Instantiating /home/travis/build/icyphy/ptII/ptolemy/actor/lib/test/auto/MultipleLinksToSameRelation.xml
2 ms. Memory: 566272K Free: 411716K (73%)
----------------- Invoking toplevel() on ptolemy.moml.MoMLSimpleApplication@50108535
----------------- Done invoking toplevel() on ptolemy.moml.MoMLSimpleApplication@50108535
reloadAllAccessors: .MultipleLinksToSameRelation

===========================================================================================
----------------- testing Fri Jul 12 03:03:18 UTC 2019 /home/travis/build/icyphy/ptII/ptolemy/actor/lib/test/auto/MultipleLinksToSameRelationDE.xml
----------------- Instantiating /home/travis/build/icyphy/ptII/ptolemy/actor/lib/test/auto/MultipleLinksToSameRelationDE.xml
2 ms. Memory: 566272K Free: 407076K (72%)
----------------- Invoking toplevel() on ptolemy.moml.MoMLSimpleApplication@74270874
----------------- Done invoking toplevel() on ptolemy.moml.MoMLSimpleApplication@74270874
reloadAllAccessors: .MultipleLinksToSameRelationDE

===========================================================================================
----------------- testing Fri Jul 12 03:03:18 UTC 2019 /home/travis/build/icyphy/ptII/ptolemy/actor/lib/test/auto/Multiplexor.xml
----------------- Instantiating /home/travis/build/icyphy/ptII/ptolemy/actor/lib/test/auto/Multiplexor.xml
2 ms. Memory: 566272K Free: 401476K (71%)
----------------- Invoking toplevel() on ptolemy.moml.MoMLSimpleApplication@150c1486
----------------- Done invoking toplevel() on ptolemy.moml.MoMLSimpleApplication@150c1486
reloadAllAccessors: .Multiplexor

===========================================================================================
----------------- testing Fri Jul 12 03:03:18 UTC 2019 /home/travis/build/icyphy/ptII/ptolemy/actor/lib/test/auto/Multiplexor1.xml
----------------- Instantiating /home/travis/build/icyphy/ptII/ptolemy/actor/lib/test/auto/Multiplexor1.xml
2 ms. Memory: 566272K Free: 395812K (70%)
----------------- Invoking toplevel() on ptolemy.moml.MoMLSimpleApplication@5979f550
----------------- Done invoking toplevel() on ptolemy.moml.MoMLSimpleApplication@5979f550
reloadAllAccessors: .Multiplexor1

===========================================================================================
----------------- testing Fri Jul 12 03:03:18 UTC 2019 /home/travis/build/icyphy/ptII/ptolemy/actor/lib/test/auto/Multiplexor2.xml
----------------- Instantiating /home/travis/build/icyphy/ptII/ptolemy/actor/lib/test/auto/Multiplexor2.xml
5 ms. Memory: 566272K Free: 389188K (69%)
----------------- Invoking toplevel() on ptolemy.moml.MoMLSimpleApplication@26d80313
----------------- Done invoking toplevel() on ptolemy.moml.MoMLSimpleApplication@26d80313
reloadAllAccessors: .Multiplexor2

===========================================================================================
----------------- testing Fri Jul 12 03:03:18 UTC 2019 /home/travis/build/icyphy/ptII/ptolemy/actor/lib/test/auto/Multiplexor3.xml
----------------- Instantiating /home/travis/build/icyphy/ptII/ptolemy/actor/lib/test/auto/Multiplexor3.xml
2 ms. Memory: 566272K Free: 385092K (68%)
----------------- Invoking toplevel() on ptolemy.moml.MoMLSimpleApplication@6626aff9
----------------- Done invoking toplevel() on ptolemy.moml.MoMLSimpleApplication@6626aff9
reloadAllAccessors: .Multiplexor3

===========================================================================================
----------------- testing Fri Jul 12 03:03:18 UTC 2019 /home/travis/build/icyphy/ptII/ptolemy/actor/lib/test/auto/MultiplexorDE.xml
----------------- Instantiating /home/travis/build/icyphy/ptII/ptolemy/actor/lib/test/auto/MultiplexorDE.xml
3 ms. Memory: 566272K Free: 377380K (67%)
----------------- Invoking toplevel() on ptolemy.moml.MoMLSimpleApplication@65386fc6
----------------- Done invoking toplevel() on ptolemy.moml.MoMLSimpleApplication@65386fc6
reloadAllAccessors: .MultiplexorDE

===========================================================================================
----------------- testing Fri Jul 12 03:03:18 UTC 2019 /home/travis/build/icyphy/ptII/ptolemy/actor/lib/test/auto/MultiportBroadcastTest.xml
----------------- Instantiating /home/travis/build/icyphy/ptII/ptolemy/actor/lib/test/auto/MultiportBroadcastTest.xml
85 ms. Memory: 566272K Free: 371252K (66%)
----------------- Invoking toplevel() on ptolemy.moml.MoMLSimpleApplication@754fa234
----------------- Done invoking toplevel() on ptolemy.moml.MoMLSimpleApplication@754fa234
reloadAllAccessors: .MultiportBroadcastTest

===========================================================================================
----------------- testing Fri Jul 12 03:03:18 UTC 2019 /home/travis/build/icyphy/ptII/ptolemy/actor/lib/test/auto/MultiportOutHangDuringGetWidth.xml
----------------- Instantiating /home/travis/build/icyphy/ptII/ptolemy/actor/lib/test/auto/MultiportOutHangDuringGetWidth.xml
10 ms. Memory: 566272K Free: 358964K (63%)
----------------- Invoking toplevel() on ptolemy.moml.MoMLSimpleApplication@fec7493
----------------- Done invoking toplevel() on ptolemy.moml.MoMLSimpleApplication@fec7493
reloadAllAccessors: .MultiportOutHangDuringGetWidth

===========================================================================================
----------------- testing Fri Jul 12 03:03:18 UTC 2019 /home/travis/build/icyphy/ptII/ptolemy/actor/lib/test/auto/NilToken.xml
----------------- Instantiating /home/travis/build/icyphy/ptII/ptolemy/actor/lib/test/auto/NilToken.xml
1 ms. Memory: 566272K Free: 354882K (63%)
----------------- Invoking toplevel() on ptolemy.moml.MoMLSimpleApplication@4c3c47ee
----------------- Done invoking toplevel() on ptolemy.moml.MoMLSimpleApplication@4c3c47ee
reloadAllAccessors: .NilToken

===========================================================================================
----------------- testing Fri Jul 12 03:03:18 UTC 2019 /home/travis/build/icyphy/ptII/ptolemy/actor/lib/test/auto/NilTokenNonStrictTest.xml
----------------- Instantiating /home/travis/build/icyphy/ptII/ptolemy/actor/lib/test/auto/NilTokenNonStrictTest.xml
3 ms. Memory: 566272K Free: 349762K (62%)
----------------- Invoking toplevel() on ptolemy.moml.MoMLSimpleApplication@38439654
----------------- Done invoking toplevel() on ptolemy.moml.MoMLSimpleApplication@38439654
reloadAllAccessors: .NilTokenNonStrictTest

===========================================================================================
----------------- testing Fri Jul 12 03:03:18 UTC 2019 /home/travis/build/icyphy/ptII/ptolemy/actor/lib/test/auto/NilTokenRecord.xml
----------------- Instantiating /home/travis/build/icyphy/ptII/ptolemy/actor/lib/test/auto/NilTokenRecord.xml
6 ms. Memory: 566272K Free: 343108K (61%)
----------------- Invoking toplevel() on ptolemy.moml.MoMLSimpleApplication@3b56b193
----------------- Done invoking toplevel() on ptolemy.moml.MoMLSimpleApplication@3b56b193
reloadAllAccessors: .NilTokenRecord

===========================================================================================
----------------- testing Fri Jul 12 03:03:18 UTC 2019 /home/travis/build/icyphy/ptII/ptolemy/actor/lib/test/auto/NilTokenTypeTest.xml
----------------- Instantiating /home/travis/build/icyphy/ptII/ptolemy/actor/lib/test/auto/NilTokenTypeTest.xml
6 ms. Memory: 566272K Free: 333378K (59%)
----------------- Invoking toplevel() on ptolemy.moml.MoMLSimpleApplication@142f5fef
----------------- Done invoking toplevel() on ptolemy.moml.MoMLSimpleApplication@142f5fef
reloadAllAccessors: .NilTokenTypeTest

===========================================================================================
----------------- testing Fri Jul 12 03:03:18 UTC 2019 /home/travis/build/icyphy/ptII/ptolemy/actor/lib/test/auto/ObjectToken1.xml
----------------- Instantiating /home/travis/build/icyphy/ptII/ptolemy/actor/lib/test/auto/ObjectToken1.xml
2 ms. Memory: 566272K Free: 329282K (58%)
----------------- Invoking toplevel() on ptolemy.moml.MoMLSimpleApplication@5ebb3dd6
----------------- Done invoking toplevel() on ptolemy.moml.MoMLSimpleApplication@5ebb3dd6
reloadAllAccessors: .ObjectToken1

===========================================================================================
----------------- testing Fri Jul 12 03:03:18 UTC 2019 /home/travis/build/icyphy/ptII/ptolemy/actor/lib/test/auto/OrderedMerge.xml
----------------- Instantiating /home/travis/build/icyphy/ptII/ptolemy/actor/lib/test/auto/OrderedMerge.xml
14 ms. Memory: 566272K Free: 323138K (57%)
----------------- Invoking toplevel() on ptolemy.moml.MoMLSimpleApplication@34961727
----------------- Done invoking toplevel() on ptolemy.moml.MoMLSimpleApplication@34961727
reloadAllAccessors: .OrderedMerge

===========================================================================================
----------------- testing Fri Jul 12 03:03:18 UTC 2019 /home/travis/build/icyphy/ptII/ptolemy/actor/lib/test/auto/OrderedRecordDisassembler.xml
----------------- Instantiating /home/travis/build/icyphy/ptII/ptolemy/actor/lib/test/auto/OrderedRecordDisassembler.xml
3 ms. Memory: 566272K Free: 318004K (56%)
----------------- Invoking toplevel() on ptolemy.moml.MoMLSimpleApplication@2da74026
----------------- Done invoking toplevel() on ptolemy.moml.MoMLSimpleApplication@2da74026
reloadAllAccessors: .OrderedRecordDisassembler

===========================================================================================
----------------- testing Fri Jul 12 03:03:18 UTC 2019 /home/travis/build/icyphy/ptII/ptolemy/actor/lib/test/auto/OrderedRecordDisassembler2.xml
----------------- Instantiating /home/travis/build/icyphy/ptII/ptolemy/actor/lib/test/auto/OrderedRecordDisassembler2.xml
4 ms. Memory: 566272K Free: 310340K (55%)
----------------- Invoking toplevel() on ptolemy.moml.MoMLSimpleApplication@2a5e2f7b
----------------- Done invoking toplevel() on ptolemy.moml.MoMLSimpleApplication@2a5e2f7b
reloadAllAccessors: .OrderedRecordDisassembler2

===========================================================================================
----------------- testing Fri Jul 12 03:03:18 UTC 2019 /home/travis/build/icyphy/ptII/ptolemy/actor/lib/test/auto/OrderedRecordUpdater.xml
----------------- Instantiating /home/travis/build/icyphy/ptII/ptolemy/actor/lib/test/auto/OrderedRecordUpdater.xml
2 ms. Memory: 566272K Free: 305220K (54%)
----------------- Invoking toplevel() on ptolemy.moml.MoMLSimpleApplication@4ca7a93c
----------------- Done invoking toplevel() on ptolemy.moml.MoMLSimpleApplication@4ca7a93c
reloadAllAccessors: .RecordUpdater

===========================================================================================
----------------- testing Fri Jul 12 03:03:18 UTC 2019 /home/travis/build/icyphy/ptII/ptolemy/actor/lib/test/auto/OrderedRecordUpdater2.xml
----------------- Instantiating /home/travis/build/icyphy/ptII/ptolemy/actor/lib/test/auto/OrderedRecordUpdater2.xml
2 ms. Memory: 566272K Free: 300100K (53%)
----------------- Invoking toplevel() on ptolemy.moml.MoMLSimpleApplication@6edce1ae
----------------- Done invoking toplevel() on ptolemy.moml.MoMLSimpleApplication@6edce1ae
reloadAllAccessors: .RecordUpdater2

===========================================================================================
----------------- testing Fri Jul 12 03:03:18 UTC 2019 /home/travis/build/icyphy/ptII/ptolemy/actor/lib/test/auto/PhaseUnwrap.xml
----------------- Instantiating /home/travis/build/icyphy/ptII/ptolemy/actor/lib/test/auto/PhaseUnwrap.xml
1 ms. Memory: 566272K Free: 295490K (52%)
----------------- Invoking toplevel() on ptolemy.moml.MoMLSimpleApplication@2f8944b
----------------- Done invoking toplevel() on ptolemy.moml.MoMLSimpleApplication@2f8944b
reloadAllAccessors: .PhaseUnwrap

===========================================================================================
----------------- testing Fri Jul 12 03:03:18 UTC 2019 /home/travis/build/icyphy/ptII/ptolemy/actor/lib/test/auto/PoissonClock.xml
----------------- Instantiating /home/travis/build/icyphy/ptII/ptolemy/actor/lib/test/auto/PoissonClock.xml
2 ms. Memory: 566272K Free: 291394K (51%)
----------------- Invoking toplevel() on ptolemy.moml.MoMLSimpleApplication@55754918
----------------- Done invoking toplevel() on ptolemy.moml.MoMLSimpleApplication@55754918
reloadAllAccessors: .PoissonClock

===========================================================================================
----------------- testing Fri Jul 12 03:03:18 UTC 2019 /home/travis/build/icyphy/ptII/ptolemy/actor/lib/test/auto/PoissonClock2.xml
----------------- Instantiating /home/travis/build/icyphy/ptII/ptolemy/actor/lib/test/auto/PoissonClock2.xml
2 ms. Memory: 566272K Free: 286788K (51%)
----------------- Invoking toplevel() on ptolemy.moml.MoMLSimpleApplication@155cf28d
----------------- Done invoking toplevel() on ptolemy.moml.MoMLSimpleApplication@155cf28d
reloadAllAccessors: .PoissonClock2

===========================================================================================
----------------- testing Fri Jul 12 03:03:18 UTC 2019 /home/travis/build/icyphy/ptII/ptolemy/actor/lib/test/auto/PoissonClock3.xml
----------------- Instantiating /home/travis/build/icyphy/ptII/ptolemy/actor/lib/test/auto/PoissonClock3.xml
1 ms. Memory: 566272K Free: 282178K (50%)
----------------- Invoking toplevel() on ptolemy.moml.MoMLSimpleApplication@a696a91
----------------- Done invoking toplevel() on ptolemy.moml.MoMLSimpleApplication@a696a91
reloadAllAccessors: .PoissonClock3

===========================================================================================
----------------- testing Fri Jul 12 03:03:18 UTC 2019 /home/travis/build/icyphy/ptII/ptolemy/actor/lib/test/auto/PubSubWithInitialTokens.xml
----------------- Instantiating /home/travis/build/icyphy/ptII/ptolemy/actor/lib/test/auto/PubSubWithInitialTokens.xml
2 ms. Memory: 566272K Free: 276548K (49%)
----------------- Invoking toplevel() on ptolemy.moml.MoMLSimpleApplication@4415d8e8
----------------- Done invoking toplevel() on ptolemy.moml.MoMLSimpleApplication@4415d8e8
reloadAllAccessors: .PubSubWithInitialTokens

===========================================================================================
----------------- testing Fri Jul 12 03:03:18 UTC 2019 /home/travis/build/icyphy/ptII/ptolemy/actor/lib/test/auto/PubSubWithInitialTokens2.xml
----------------- Instantiating /home/travis/build/icyphy/ptII/ptolemy/actor/lib/test/auto/PubSubWithInitialTokens2.xml
7 ms. Memory: 566272K Free: 270404K (48%)
----------------- Invoking toplevel() on ptolemy.moml.MoMLSimpleApplication@2c4f5476
----------------- Done invoking toplevel() on ptolemy.moml.MoMLSimpleApplication@2c4f5476
reloadAllAccessors: .PubSubWithInitialTokens2

===========================================================================================
----------------- testing Fri Jul 12 03:03:18 UTC 2019 /home/travis/build/icyphy/ptII/ptolemy/actor/lib/test/auto/PublisherClassNoParameter.xml
----------------- Instantiating /home/travis/build/icyphy/ptII/ptolemy/actor/lib/test/auto/PublisherClassNoParameter.xml
3 ms. Memory: 566272K Free: 260660K (46%)
----------------- Invoking toplevel() on ptolemy.moml.MoMLSimpleApplication@d745d48
----------------- Done invoking toplevel() on ptolemy.moml.MoMLSimpleApplication@d745d48
reloadAllAccessors: .PublisherClassNoParameter

===========================================================================================
----------------- testing Fri Jul 12 03:03:18 UTC 2019 /home/travis/build/icyphy/ptII/ptolemy/actor/lib/test/auto/PublisherClassParameter.xml
----------------- Instantiating /home/travis/build/icyphy/ptII/ptolemy/actor/lib/test/auto/PublisherClassParameter.xml
2 ms. Memory: 566272K Free: 250420K (44%)
----------------- Invoking toplevel() on ptolemy.moml.MoMLSimpleApplication@5e86ce28
----------------- Done invoking toplevel() on ptolemy.moml.MoMLSimpleApplication@5e86ce28
reloadAllAccessors: .PublisherClassParameter

===========================================================================================
----------------- testing Fri Jul 12 03:03:18 UTC 2019 /home/travis/build/icyphy/ptII/ptolemy/actor/lib/test/auto/PublisherNonStrictTest.xml
----------------- Instantiating /home/travis/build/icyphy/ptII/ptolemy/actor/lib/test/auto/PublisherNonStrictTest.xml
3 ms. Memory: 566272K Free: 242756K (43%)
----------------- Invoking toplevel() on ptolemy.moml.MoMLSimpleApplication@44e1ccd4
----------------- Done invoking toplevel() on ptolemy.moml.MoMLSimpleApplication@44e1ccd4
reloadAllAccessors: .PublisherNonStrictTest

===========================================================================================
----------------- testing Fri Jul 12 03:03:18 UTC 2019 /home/travis/build/icyphy/ptII/ptolemy/actor/lib/test/auto/PublisherPort1.xml
----------------- Instantiating /home/travis/build/icyphy/ptII/ptolemy/actor/lib/test/auto/PublisherPort1.xml
3 ms. Memory: 566272K Free: 237092K (42%)
----------------- Invoking toplevel() on ptolemy.moml.MoMLSimpleApplication@561be319
----------------- Done invoking toplevel() on ptolemy.moml.MoMLSimpleApplication@561be319
reloadAllAccessors: .PublisherPort1

===========================================================================================
----------------- testing Fri Jul 12 03:03:18 UTC 2019 /home/travis/build/icyphy/ptII/ptolemy/actor/lib/test/auto/PublisherPort2.xml
----------------- Instantiating /home/travis/build/icyphy/ptII/ptolemy/actor/lib/test/auto/PublisherPort2.xml
10 ms. Memory: 566272K Free: 232002K (41%)
----------------- Invoking toplevel() on ptolemy.moml.MoMLSimpleApplication@5a90c5a
----------------- Done invoking toplevel() on ptolemy.moml.MoMLSimpleApplication@5a90c5a
reloadAllAccessors: .PublisherPort2

===========================================================================================
----------------- testing Fri Jul 12 03:03:18 UTC 2019 /home/travis/build/icyphy/ptII/ptolemy/actor/lib/test/auto/PublisherPort3.xml
----------------- Instantiating /home/travis/build/icyphy/ptII/ptolemy/actor/lib/test/auto/PublisherPort3.xml
4 ms. Memory: 566272K Free: 225348K (40%)
----------------- Invoking toplevel() on ptolemy.moml.MoMLSimpleApplication@7a59fa23
----------------- Done invoking toplevel() on ptolemy.moml.MoMLSimpleApplication@7a59fa23
reloadAllAccessors: .PublisherPort3

===========================================================================================
----------------- testing Fri Jul 12 03:03:18 UTC 2019 /home/travis/build/icyphy/ptII/ptolemy/actor/lib/test/auto/PublisherPort4.xml
----------------- Instantiating /home/travis/build/icyphy/ptII/ptolemy/actor/lib/test/auto/PublisherPort4.xml
2 ms. Memory: 566272K Free: 219700K (39%)
----------------- Invoking toplevel() on ptolemy.moml.MoMLSimpleApplication@74c8c56d
----------------- Done invoking toplevel() on ptolemy.moml.MoMLSimpleApplication@74c8c56d
reloadAllAccessors: .PublisherPort4

===========================================================================================
----------------- testing Fri Jul 12 03:03:18 UTC 2019 /home/travis/build/icyphy/ptII/ptolemy/actor/lib/test/auto/PublisherPort5.xml
----------------- Instantiating /home/travis/build/icyphy/ptII/ptolemy/actor/lib/test/auto/PublisherPort5.xml
3 ms. Memory: 566272K Free: 211522K (37%)
----------------- Invoking toplevel() on ptolemy.moml.MoMLSimpleApplication@53e39ee2
----------------- Done invoking toplevel() on ptolemy.moml.MoMLSimpleApplication@53e39ee2
reloadAllAccessors: .PublisherPort5

===========================================================================================
----------------- testing Fri Jul 12 03:03:18 UTC 2019 /home/travis/build/icyphy/ptII/ptolemy/actor/lib/test/auto/PublisherPort5LookAlike.xml
----------------- Instantiating /home/travis/build/icyphy/ptII/ptolemy/actor/lib/test/auto/PublisherPort5LookAlike.xml
8 ms. Memory: 566272K Free: 203844K (36%)
----------------- Invoking toplevel() on ptolemy.moml.MoMLSimpleApplication@605e87ca
----------------- Done invoking toplevel() on ptolemy.moml.MoMLSimpleApplication@605e87ca
reloadAllAccessors: .PublisherPort5LookAlike

===========================================================================================
----------------- testing Fri Jul 12 03:03:18 UTC 2019 /home/travis/build/icyphy/ptII/ptolemy/actor/lib/test/auto/PublisherPort6.xml
----------------- Instantiating /home/travis/build/icyphy/ptII/ptolemy/actor/lib/test/auto/PublisherPort6.xml
2 ms. Memory: 566272K Free: 197180K (35%)
----------------- Invoking toplevel() on ptolemy.moml.MoMLSimpleApplication@3de3e73a
----------------- Done invoking toplevel() on ptolemy.moml.MoMLSimpleApplication@3de3e73a
reloadAllAccessors: .PublisherPort6

===========================================================================================
----------------- testing Fri Jul 12 03:03:18 UTC 2019 /home/travis/build/icyphy/ptII/ptolemy/actor/lib/test/auto/PublisherPort7.xml
----------------- Instantiating /home/travis/build/icyphy/ptII/ptolemy/actor/lib/test/auto/PublisherPort7.xml
4 ms. Memory: 566272K Free: 189508K (33%)
----------------- Invoking toplevel() on ptolemy.moml.MoMLSimpleApplication@52545b30
----------------- Done invoking toplevel() on ptolemy.moml.MoMLSimpleApplication@52545b30
reloadAllAccessors: .PublisherPort7

===========================================================================================
----------------- testing Fri Jul 12 03:03:19 UTC 2019 /home/travis/build/icyphy/ptII/ptolemy/actor/lib/test/auto/PublisherPort8.xml
----------------- Instantiating /home/travis/build/icyphy/ptII/ptolemy/actor/lib/test/auto/PublisherPort8.xml
4 ms. Memory: 566272K Free: 510018K (90%)
----------------- Invoking toplevel() on ptolemy.moml.MoMLSimpleApplication@292db11d
----------------- Done invoking toplevel() on ptolemy.moml.MoMLSimpleApplication@292db11d
reloadAllAccessors: .PublisherPort8

===========================================================================================
----------------- testing Fri Jul 12 03:03:19 UTC 2019 /home/travis/build/icyphy/ptII/ptolemy/actor/lib/test/auto/PublisherPortSubscriberChannelVariablesAOC2.xml
----------------- Instantiating /home/travis/build/icyphy/ptII/ptolemy/actor/lib/test/auto/PublisherPortSubscriberChannelVariablesAOC2.xml
3 ms. Memory: 566272K Free: 491586K (87%)
----------------- Invoking toplevel() on ptolemy.moml.MoMLSimpleApplication@2212692b
----------------- Done invoking toplevel() on ptolemy.moml.MoMLSimpleApplication@2212692b
reloadAllAccessors: .PublisherPortSubscriberChannelVariablesAOC2

===========================================================================================
----------------- testing Fri Jul 12 03:03:19 UTC 2019 /home/travis/build/icyphy/ptII/ptolemy/actor/lib/test/auto/PublisherPortSubscriberOpaqueWidthInference.xml
----------------- Instantiating /home/travis/build/icyphy/ptII/ptolemy/actor/lib/test/auto/PublisherPortSubscriberOpaqueWidthInference.xml
4 ms. Memory: 566272K Free: 483908K (85%)
----------------- Invoking toplevel() on ptolemy.moml.MoMLSimpleApplication@157811a0
----------------- Done invoking toplevel() on ptolemy.moml.MoMLSimpleApplication@157811a0
reloadAllAccessors: .PublisherPortSubscriberOpaqueWidthInference

===========================================================================================
----------------- testing Fri Jul 12 03:03:19 UTC 2019 /home/travis/build/icyphy/ptII/ptolemy/actor/lib/test/auto/PublisherPortSubscriberPortAdjacent.xml
----------------- Instantiating /home/travis/build/icyphy/ptII/ptolemy/actor/lib/test/auto/PublisherPortSubscriberPortAdjacent.xml
2 ms. Memory: 566272K Free: 475716K (84%)
----------------- Invoking toplevel() on ptolemy.moml.MoMLSimpleApplication@4314e3cd
----------------- Done invoking toplevel() on ptolemy.moml.MoMLSimpleApplication@4314e3cd
reloadAllAccessors: .PublisherPortSubscriberPortAdjacent

===========================================================================================
----------------- testing Fri Jul 12 03:03:19 UTC 2019 /home/travis/build/icyphy/ptII/ptolemy/actor/lib/test/auto/PublisherPortSubscriberPortExpression.xml
----------------- Instantiating /home/travis/build/icyphy/ptII/ptolemy/actor/lib/test/auto/PublisherPortSubscriberPortExpression.xml
4 ms. Memory: 566272K Free: 468028K (83%)
----------------- Invoking toplevel() on ptolemy.moml.MoMLSimpleApplication@16499688
----------------- Done invoking toplevel() on ptolemy.moml.MoMLSimpleApplication@16499688
reloadAllAccessors: .PublisherPortSubscriberPortExpression

===========================================================================================
----------------- testing Fri Jul 12 03:03:19 UTC 2019 /home/travis/build/icyphy/ptII/ptolemy/actor/lib/test/auto/PublisherPortSubscriberPortOpaqueD3Reverse.xml
----------------- Instantiating /home/travis/build/icyphy/ptII/ptolemy/actor/lib/test/auto/PublisherPortSubscriberPortOpaqueD3Reverse.xml
6 ms. Memory: 566272K Free: 457794K (81%)
----------------- Invoking toplevel() on ptolemy.moml.MoMLSimpleApplication@7deca651
----------------- Done invoking toplevel() on ptolemy.moml.MoMLSimpleApplication@7deca651
reloadAllAccessors: .PublisherPortSubscriberPortOpaqueD3Reverse

===========================================================================================
----------------- testing Fri Jul 12 03:03:19 UTC 2019 /home/travis/build/icyphy/ptII/ptolemy/actor/lib/test/auto/PublisherPortSubscriberPortOpaqueWidthInference.xml
----------------- Instantiating /home/travis/build/icyphy/ptII/ptolemy/actor/lib/test/auto/PublisherPortSubscriberPortOpaqueWidthInference.xml
3 ms. Memory: 566272K Free: 450116K (79%)
----------------- Invoking toplevel() on ptolemy.moml.MoMLSimpleApplication@590efc28
----------------- Done invoking toplevel() on ptolemy.moml.MoMLSimpleApplication@590efc28
reloadAllAccessors: .PublisherPortSubscriberPortOpaqueWidthInference

===========================================================================================
----------------- testing Fri Jul 12 03:03:19 UTC 2019 /home/travis/build/icyphy/ptII/ptolemy/actor/lib/test/auto/PublisherPortToplevelSubscriberPortAOC.xml
----------------- Instantiating /home/travis/build/icyphy/ptII/ptolemy/actor/lib/test/auto/PublisherPortToplevelSubscriberPortAOC.xml
.PublisherPortToplevelSubscriberPortAOC.TestExceptionAttribute: initialize() was not invoked, but wrapup() was.  This is unusual, but not always a problem.  For example, exporting JNLP will do this.
2 ms. Memory: 566272K Free: 443972K (78%)
----------------- Invoking toplevel() on ptolemy.moml.MoMLSimpleApplication@40a22ae1
----------------- Done invoking toplevel() on ptolemy.moml.MoMLSimpleApplication@40a22ae1
reloadAllAccessors: .PublisherPortToplevelSubscriberPortAOC

===========================================================================================
----------------- testing Fri Jul 12 03:03:19 UTC 2019 /home/travis/build/icyphy/ptII/ptolemy/actor/lib/test/auto/PublisherSubscriber.xml
----------------- Instantiating /home/travis/build/icyphy/ptII/ptolemy/actor/lib/test/auto/PublisherSubscriber.xml
3 ms. Memory: 566272K Free: 436260K (77%)
----------------- Invoking toplevel() on ptolemy.moml.MoMLSimpleApplication@40b63295
----------------- Done invoking toplevel() on ptolemy.moml.MoMLSimpleApplication@40b63295
reloadAllAccessors: .PublisherSubscriber

===========================================================================================
----------------- testing Fri Jul 12 03:03:19 UTC 2019 /home/travis/build/icyphy/ptII/ptolemy/actor/lib/test/auto/PublisherSubscriber10.xml
----------------- Instantiating /home/travis/build/icyphy/ptII/ptolemy/actor/lib/test/auto/PublisherSubscriber10.xml
7 ms. Memory: 566272K Free: 426564K (75%)
----------------- Invoking toplevel() on ptolemy.moml.MoMLSimpleApplication@3170a6b2
----------------- Done invoking toplevel() on ptolemy.moml.MoMLSimpleApplication@3170a6b2
reloadAllAccessors: .PublisherSubscriber10

===========================================================================================
----------------- testing Fri Jul 12 03:03:19 UTC 2019 /home/travis/build/icyphy/ptII/ptolemy/actor/lib/test/auto/PublisherSubscriber10InitialOutputs.xml
----------------- Instantiating /home/travis/build/icyphy/ptII/ptolemy/actor/lib/test/auto/PublisherSubscriber10InitialOutputs.xml
17 ms. Memory: 566272K Free: 417348K (74%)
----------------- Invoking toplevel() on ptolemy.moml.MoMLSimpleApplication@36cdda94
----------------- Done invoking toplevel() on ptolemy.moml.MoMLSimpleApplication@36cdda94
reloadAllAccessors: .PublisherSubscriber10InitialOutputs

===========================================================================================
----------------- testing Fri Jul 12 03:03:19 UTC 2019 /home/travis/build/icyphy/ptII/ptolemy/actor/lib/test/auto/PublisherSubscriber11.xml
----------------- Instantiating /home/travis/build/icyphy/ptII/ptolemy/actor/lib/test/auto/PublisherSubscriber11.xml
4 ms. Memory: 566272K Free: 411204K (73%)
----------------- Invoking toplevel() on ptolemy.moml.MoMLSimpleApplication@5348a530
----------------- Done invoking toplevel() on ptolemy.moml.MoMLSimpleApplication@5348a530
reloadAllAccessors: .PublisherSubscriber11

===========================================================================================
----------------- testing Fri Jul 12 03:03:19 UTC 2019 /home/travis/build/icyphy/ptII/ptolemy/actor/lib/test/auto/PublisherSubscriber12.xml
----------------- Instantiating /home/travis/build/icyphy/ptII/ptolemy/actor/lib/test/auto/PublisherSubscriber12.xml
5 ms. Memory: 566272K Free: 404546K (71%)
----------------- Invoking toplevel() on ptolemy.moml.MoMLSimpleApplication@3d3445de
----------------- Done invoking toplevel() on ptolemy.moml.MoMLSimpleApplication@3d3445de
reloadAllAccessors: .PublisherSubscriber12

===========================================================================================
----------------- testing Fri Jul 12 03:03:19 UTC 2019 /home/travis/build/icyphy/ptII/ptolemy/actor/lib/test/auto/PublisherSubscriber13.xml
----------------- Instantiating /home/travis/build/icyphy/ptII/ptolemy/actor/lib/test/auto/PublisherSubscriber13.xml
3 ms. Memory: 566272K Free: 398916K (70%)
----------------- Invoking toplevel() on ptolemy.moml.MoMLSimpleApplication@2cc719b7
----------------- Done invoking toplevel() on ptolemy.moml.MoMLSimpleApplication@2cc719b7
reloadAllAccessors: .PublisherSubscriber13

===========================================================================================
----------------- testing Fri Jul 12 03:03:19 UTC 2019 /home/travis/build/icyphy/ptII/ptolemy/actor/lib/test/auto/PublisherSubscriber14.xml
----------------- Instantiating /home/travis/build/icyphy/ptII/ptolemy/actor/lib/test/auto/PublisherSubscriber14.xml
2 ms. Memory: 566272K Free: 390196K (69%)
----------------- Invoking toplevel() on ptolemy.moml.MoMLSimpleApplication@7daa8009
----------------- Done invoking toplevel() on ptolemy.moml.MoMLSimpleApplication@7daa8009
reloadAllAccessors: .PublisherSubscriber14

===========================================================================================
----------------- testing Fri Jul 12 03:03:19 UTC 2019 /home/travis/build/icyphy/ptII/ptolemy/actor/lib/test/auto/PublisherSubscriber2.xml
----------------- Instantiating /home/travis/build/icyphy/ptII/ptolemy/actor/lib/test/auto/PublisherSubscriber2.xml
4 ms. Memory: 566272K Free: 384066K (68%)
----------------- Invoking toplevel() on ptolemy.moml.MoMLSimpleApplication@5a0e57ae
----------------- Done invoking toplevel() on ptolemy.moml.MoMLSimpleApplication@5a0e57ae
reloadAllAccessors: .PublisherSubscriber2

===========================================================================================
----------------- testing Fri Jul 12 03:03:19 UTC 2019 /home/travis/build/icyphy/ptII/ptolemy/actor/lib/test/auto/PublisherSubscriber3.xml
----------------- Instantiating /home/travis/build/icyphy/ptII/ptolemy/actor/lib/test/auto/PublisherSubscriber3.xml
1 ms. Memory: 566272K Free: 378436K (67%)
----------------- Invoking toplevel() on ptolemy.moml.MoMLSimpleApplication@5fc5b606
----------------- Done invoking toplevel() on ptolemy.moml.MoMLSimpleApplication@5fc5b606
reloadAllAccessors: .PublisherSubscriber3

===========================================================================================
----------------- testing Fri Jul 12 03:03:19 UTC 2019 /home/travis/build/icyphy/ptII/ptolemy/actor/lib/test/auto/PublisherSubscriber4.xml
----------------- Instantiating /home/travis/build/icyphy/ptII/ptolemy/actor/lib/test/auto/PublisherSubscriber4.xml
2 ms. Memory: 566272K Free: 373316K (66%)
----------------- Invoking toplevel() on ptolemy.moml.MoMLSimpleApplication@9acdf2a
----------------- Done invoking toplevel() on ptolemy.moml.MoMLSimpleApplication@9acdf2a
reloadAllAccessors: .PublisherSubscriber4

===========================================================================================
----------------- testing Fri Jul 12 03:03:19 UTC 2019 /home/travis/build/icyphy/ptII/ptolemy/actor/lib/test/auto/PublisherSubscriber5.xml
----------------- Instantiating /home/travis/build/icyphy/ptII/ptolemy/actor/lib/test/auto/PublisherSubscriber5.xml
2 ms. Memory: 566272K Free: 366644K (65%)
----------------- Invoking toplevel() on ptolemy.moml.MoMLSimpleApplication@46e677f2
----------------- Done invoking toplevel() on ptolemy.moml.MoMLSimpleApplication@46e677f2
reloadAllAccessors: .PublisherSubscriber5

===========================================================================================
----------------- testing Fri Jul 12 03:03:19 UTC 2019 /home/travis/build/icyphy/ptII/ptolemy/actor/lib/test/auto/PublisherSubscriber6.xml
----------------- Instantiating /home/travis/build/icyphy/ptII/ptolemy/actor/lib/test/auto/PublisherSubscriber6.xml
9 ms. Memory: 566272K Free: 360004K (64%)
----------------- Invoking toplevel() on ptolemy.moml.MoMLSimpleApplication@5e32ef09
----------------- Done invoking toplevel() on ptolemy.moml.MoMLSimpleApplication@5e32ef09
reloadAllAccessors: .PublisherSubscriber6

===========================================================================================
----------------- testing Fri Jul 12 03:03:19 UTC 2019 /home/travis/build/icyphy/ptII/ptolemy/actor/lib/test/auto/PublisherSubscriber7.xml
----------------- Instantiating /home/travis/build/icyphy/ptII/ptolemy/actor/lib/test/auto/PublisherSubscriber7.xml
9 ms. Memory: 566272K Free: 353346K (62%)
----------------- Invoking toplevel() on ptolemy.moml.MoMLSimpleApplication@6543cec8
----------------- Done invoking toplevel() on ptolemy.moml.MoMLSimpleApplication@6543cec8
reloadAllAccessors: .PublisherSubscriber7

===========================================================================================
----------------- testing Fri Jul 12 03:03:19 UTC 2019 /home/travis/build/icyphy/ptII/ptolemy/actor/lib/test/auto/PublisherSubscriber8.xml
----------------- Instantiating /home/travis/build/icyphy/ptII/ptolemy/actor/lib/test/auto/PublisherSubscriber8.xml
17 ms. Memory: 566272K Free: 341572K (60%)
----------------- Invoking toplevel() on ptolemy.moml.MoMLSimpleApplication@592b98ad
----------------- Done invoking toplevel() on ptolemy.moml.MoMLSimpleApplication@592b98ad
reloadAllAccessors: .PublisherSubscriber8

===========================================================================================
----------------- testing Fri Jul 12 03:03:19 UTC 2019 /home/travis/build/icyphy/ptII/ptolemy/actor/lib/test/auto/PublisherSubscriber9.xml
----------------- Instantiating /home/travis/build/icyphy/ptII/ptolemy/actor/lib/test/auto/PublisherSubscriber9.xml
2 ms. Memory: 566272K Free: 333876K (59%)
----------------- Invoking toplevel() on ptolemy.moml.MoMLSimpleApplication@7ac2ecfc
----------------- Done invoking toplevel() on ptolemy.moml.MoMLSimpleApplication@7ac2ecfc
reloadAllAccessors: .PublisherSubscriber9

===========================================================================================
----------------- testing Fri Jul 12 03:03:19 UTC 2019 /home/travis/build/icyphy/ptII/ptolemy/actor/lib/test/auto/PublisherSubscriberAdjacent.xml
----------------- Instantiating /home/travis/build/icyphy/ptII/ptolemy/actor/lib/test/auto/PublisherSubscriberAdjacent.xml
2 ms. Memory: 566272K Free: 325698K (58%)
----------------- Invoking toplevel() on ptolemy.moml.MoMLSimpleApplication@57212fb5
----------------- Done invoking toplevel() on ptolemy.moml.MoMLSimpleApplication@57212fb5
reloadAllAccessors: .PublisherSubscriberAdjacent

===========================================================================================
----------------- testing Fri Jul 12 03:03:19 UTC 2019 /home/travis/build/icyphy/ptII/ptolemy/actor/lib/test/auto/PublisherSubscriberChannelVariablesAOC2.xml
----------------- Instantiating /home/travis/build/icyphy/ptII/ptolemy/actor/lib/test/auto/PublisherSubscriberChannelVariablesAOC2.xml
3 ms. Memory: 566272K Free: 310324K (55%)
----------------- Invoking toplevel() on ptolemy.moml.MoMLSimpleApplication@72d873a5
----------------- Done invoking toplevel() on ptolemy.moml.MoMLSimpleApplication@72d873a5
reloadAllAccessors: .PublisherSubscriberChannelVariablesAOC2

===========================================================================================
----------------- testing Fri Jul 12 03:03:19 UTC 2019 /home/travis/build/icyphy/ptII/ptolemy/actor/lib/test/auto/PublisherSubscriberD3.xml
----------------- Instantiating /home/travis/build/icyphy/ptII/ptolemy/actor/lib/test/auto/PublisherSubscriberD3.xml
2 ms. Memory: 566272K Free: 303170K (54%)
----------------- Invoking toplevel() on ptolemy.moml.MoMLSimpleApplication@48f9d200
----------------- Done invoking toplevel() on ptolemy.moml.MoMLSimpleApplication@48f9d200
reloadAllAccessors: .PublisherSubscriberD3

===========================================================================================
----------------- testing Fri Jul 12 03:03:19 UTC 2019 /home/travis/build/icyphy/ptII/ptolemy/actor/lib/test/auto/PublisherSubscriberD3Reverse.xml
----------------- Instantiating /home/travis/build/icyphy/ptII/ptolemy/actor/lib/test/auto/PublisherSubscriberD3Reverse.xml
2 ms. Memory: 566272K Free: 297026K (52%)
----------------- Invoking toplevel() on ptolemy.moml.MoMLSimpleApplication@396c5b4b
----------------- Done invoking toplevel() on ptolemy.moml.MoMLSimpleApplication@396c5b4b
reloadAllAccessors: .PublisherSubscriberD3Reverse

===========================================================================================
----------------- testing Fri Jul 12 03:03:19 UTC 2019 /home/travis/build/icyphy/ptII/ptolemy/actor/lib/test/auto/PublisherSubscriberExpression.xml
----------------- Instantiating /home/travis/build/icyphy/ptII/ptolemy/actor/lib/test/auto/PublisherSubscriberExpression.xml
4 ms. Memory: 566272K Free: 288820K (51%)
----------------- Invoking toplevel() on ptolemy.moml.MoMLSimpleApplication@388f8756
----------------- Done invoking toplevel() on ptolemy.moml.MoMLSimpleApplication@388f8756
reloadAllAccessors: .PublisherSubscriberExpression

===========================================================================================
----------------- testing Fri Jul 12 03:03:19 UTC 2019 /home/travis/build/icyphy/ptII/ptolemy/actor/lib/test/auto/PublisherSubscriberOpaque.xml
----------------- Instantiating /home/travis/build/icyphy/ptII/ptolemy/actor/lib/test/auto/PublisherSubscriberOpaque.xml
4 ms. Memory: 566272K Free: 280132K (49%)
----------------- Invoking toplevel() on ptolemy.moml.MoMLSimpleApplication@3977ea6e
----------------- Done invoking toplevel() on ptolemy.moml.MoMLSimpleApplication@3977ea6e
reloadAllAccessors: .PublisherSubscriberOpaque

===========================================================================================
----------------- testing Fri Jul 12 03:03:19 UTC 2019 /home/travis/build/icyphy/ptII/ptolemy/actor/lib/test/auto/PublisherSubscriberOpaqueD3.xml
----------------- Instantiating /home/travis/build/icyphy/ptII/ptolemy/actor/lib/test/auto/PublisherSubscriberOpaqueD3.xml
5 ms. Memory: 566272K Free: 268868K (47%)
----------------- Invoking toplevel() on ptolemy.moml.MoMLSimpleApplication@1e88d84b
----------------- Done invoking toplevel() on ptolemy.moml.MoMLSimpleApplication@1e88d84b
reloadAllAccessors: .PublisherSubscriberOpaqueD3

===========================================================================================
----------------- testing Fri Jul 12 03:03:19 UTC 2019 /home/travis/build/icyphy/ptII/ptolemy/actor/lib/test/auto/PublisherSubscriberOpaqueD3Reverse.xml
----------------- Instantiating /home/travis/build/icyphy/ptII/ptolemy/actor/lib/test/auto/PublisherSubscriberOpaqueD3Reverse.xml
5 ms. Memory: 566272K Free: 258114K (46%)
----------------- Invoking toplevel() on ptolemy.moml.MoMLSimpleApplication@7040cc75
----------------- Done invoking toplevel() on ptolemy.moml.MoMLSimpleApplication@7040cc75
reloadAllAccessors: .PublisherSubscriberOpaqueD3Reverse

===========================================================================================
----------------- testing Fri Jul 12 03:03:19 UTC 2019 /home/travis/build/icyphy/ptII/ptolemy/actor/lib/test/auto/PublisherSubscriberOpaqueWidthInference.xml
----------------- Instantiating /home/travis/build/icyphy/ptII/ptolemy/actor/lib/test/auto/PublisherSubscriberOpaqueWidthInference.xml
4 ms. Memory: 566272K Free: 249908K (44%)
----------------- Invoking toplevel() on ptolemy.moml.MoMLSimpleApplication@483f20fd
----------------- Done invoking toplevel() on ptolemy.moml.MoMLSimpleApplication@483f20fd
reloadAllAccessors: .PublisherSubscriberOpaqueWidthInference

===========================================================================================
----------------- testing Fri Jul 12 03:03:19 UTC 2019 /home/travis/build/icyphy/ptII/ptolemy/actor/lib/test/auto/PublisherTestSubscriber.xml
----------------- Instantiating /home/travis/build/icyphy/ptII/ptolemy/actor/lib/test/auto/PublisherTestSubscriber.xml
5 ms. Memory: 566272K Free: 242244K (43%)
----------------- Invoking toplevel() on ptolemy.moml.MoMLSimpleApplication@16ec9e23
----------------- Done invoking toplevel() on ptolemy.moml.MoMLSimpleApplication@16ec9e23
reloadAllAccessors: .PublisherTestSubscriber

===========================================================================================
----------------- testing Fri Jul 12 03:03:19 UTC 2019 /home/travis/build/icyphy/ptII/ptolemy/actor/lib/test/auto/PublisherToplevelSubscriberPortAOC.xml
----------------- Instantiating /home/travis/build/icyphy/ptII/ptolemy/actor/lib/test/auto/PublisherToplevelSubscriberPortAOC.xml
1 ms. Memory: 566272K Free: 235580K (42%)
----------------- Invoking toplevel() on ptolemy.moml.MoMLSimpleApplication@591f8f33
----------------- Done invoking toplevel() on ptolemy.moml.MoMLSimpleApplication@591f8f33
reloadAllAccessors: .PublisherToplevelSubscriberPortAOC

===========================================================================================
----------------- testing Fri Jul 12 03:03:19 UTC 2019 /home/travis/build/icyphy/ptII/ptolemy/actor/lib/test/auto/PulseFiringLimitDE.xml
----------------- Instantiating /home/travis/build/icyphy/ptII/ptolemy/actor/lib/test/auto/PulseFiringLimitDE.xml
2 ms. Memory: 566272K Free: 228932K (40%)
----------------- Invoking toplevel() on ptolemy.moml.MoMLSimpleApplication@1e1f7709
----------------- Done invoking toplevel() on ptolemy.moml.MoMLSimpleApplication@1e1f7709
reloadAllAccessors: .PulseFiringLimitDE

===========================================================================================
----------------- testing Fri Jul 12 03:03:19 UTC 2019 /home/travis/build/icyphy/ptII/ptolemy/actor/lib/test/auto/Ramp1.xml
----------------- Instantiating /home/travis/build/icyphy/ptII/ptolemy/actor/lib/test/auto/Ramp1.xml
2 ms. Memory: 566272K Free: 224836K (40%)
----------------- Invoking toplevel() on ptolemy.moml.MoMLSimpleApplication@79f1aa0d
----------------- Done invoking toplevel() on ptolemy.moml.MoMLSimpleApplication@79f1aa0d
reloadAllAccessors: .Ramp1

===========================================================================================
----------------- testing Fri Jul 12 03:03:19 UTC 2019 /home/travis/build/icyphy/ptII/ptolemy/actor/lib/test/auto/RampFiringLimitDE.xml
----------------- Instantiating /home/travis/build/icyphy/ptII/ptolemy/actor/lib/test/auto/RampFiringLimitDE.xml
3 ms. Memory: 566272K Free: 218692K (39%)
----------------- Invoking toplevel() on ptolemy.moml.MoMLSimpleApplication@4586c745
----------------- Done invoking toplevel() on ptolemy.moml.MoMLSimpleApplication@4586c745
reloadAllAccessors: .RampFiringLimitDE

===========================================================================================
----------------- testing Fri Jul 12 03:03:19 UTC 2019 /home/travis/build/icyphy/ptII/ptolemy/actor/lib/test/auto/RampFiringLimitSDF.xml
----------------- Instantiating /home/travis/build/icyphy/ptII/ptolemy/actor/lib/test/auto/RampFiringLimitSDF.xml
3 ms. Memory: 566272K Free: 213572K (38%)
----------------- Invoking toplevel() on ptolemy.moml.MoMLSimpleApplication@7a6bff75
----------------- Done invoking toplevel() on ptolemy.moml.MoMLSimpleApplication@7a6bff75
reloadAllAccessors: .RampFiringLimitSDF

===========================================================================================
----------------- testing Fri Jul 12 03:03:19 UTC 2019 /home/travis/build/icyphy/ptII/ptolemy/actor/lib/test/auto/RandomInteger.xml
----------------- Instantiating /home/travis/build/icyphy/ptII/ptolemy/actor/lib/test/auto/RandomInteger.xml
1 ms. Memory: 566272K Free: 209476K (37%)
----------------- Invoking toplevel() on ptolemy.moml.MoMLSimpleApplication@1c1054b3
----------------- Done invoking toplevel() on ptolemy.moml.MoMLSimpleApplication@1c1054b3
reloadAllAccessors: .RandomInteger

===========================================================================================
----------------- testing Fri Jul 12 03:03:19 UTC 2019 /home/travis/build/icyphy/ptII/ptolemy/actor/lib/test/auto/ReadFile1.xml
----------------- Instantiating /home/travis/build/icyphy/ptII/ptolemy/actor/lib/test/auto/ReadFile1.xml
1 ms. Memory: 566272K Free: 204356K (36%)
----------------- Invoking toplevel() on ptolemy.moml.MoMLSimpleApplication@1be140ec
----------------- Done invoking toplevel() on ptolemy.moml.MoMLSimpleApplication@1be140ec
reloadAllAccessors: .ReadFile1

===========================================================================================
----------------- testing Fri Jul 12 03:03:19 UTC 2019 /home/travis/build/icyphy/ptII/ptolemy/actor/lib/test/auto/ReadFile2.xml
----------------- Instantiating /home/travis/build/icyphy/ptII/ptolemy/actor/lib/test/auto/ReadFile2.xml
1 ms. Memory: 566272K Free: 200260K (35%)
----------------- Invoking toplevel() on ptolemy.moml.MoMLSimpleApplication@2f074645
----------------- Done invoking toplevel() on ptolemy.moml.MoMLSimpleApplication@2f074645
reloadAllAccessors: .ReadFile2

===========================================================================================
----------------- testing Fri Jul 12 03:03:19 UTC 2019 /home/travis/build/icyphy/ptII/ptolemy/actor/lib/test/auto/Reader.xml
----------------- Instantiating /home/travis/build/icyphy/ptII/ptolemy/actor/lib/test/auto/Reader.xml
actor.lib.Reader is obsolete, use actor.lib.io.ExpressionReader instead
2 ms. Memory: 566272K Free: 196164K (35%)
----------------- Invoking toplevel() on ptolemy.moml.MoMLSimpleApplication@786a136f
----------------- Done invoking toplevel() on ptolemy.moml.MoMLSimpleApplication@786a136f
reloadAllAccessors: .Reader

===========================================================================================
----------------- testing Fri Jul 12 03:03:19 UTC 2019 /home/travis/build/icyphy/ptII/ptolemy/actor/lib/test/auto/RecordAssemblerDisplayNameTest.xml
----------------- Instantiating /home/travis/build/icyphy/ptII/ptolemy/actor/lib/test/auto/RecordAssemblerDisplayNameTest.xml
3940 ms. Memory: 566272K Free: 329282K (58%)
----------------- Invoking toplevel() on ptolemy.moml.MoMLSimpleApplication@703a5b34
----------------- Done invoking toplevel() on ptolemy.moml.MoMLSimpleApplication@703a5b34
reloadAllAccessors: .RecordAssemblerDisplayNameTest

===========================================================================================
----------------- testing Fri Jul 12 03:03:23 UTC 2019 /home/travis/build/icyphy/ptII/ptolemy/actor/lib/test/auto/RecordAssemblerTypeError.xml
----------------- Instantiating /home/travis/build/icyphy/ptII/ptolemy/actor/lib/test/auto/RecordAssemblerTypeError.xml
13 ms. Memory: 566272K Free: 319556K (56%)
----------------- Invoking toplevel() on ptolemy.moml.MoMLSimpleApplication@52240064
----------------- Done invoking toplevel() on ptolemy.moml.MoMLSimpleApplication@52240064
reloadAllAccessors: .RecordAssemblerTypeError

===========================================================================================
----------------- testing Fri Jul 12 03:03:23 UTC 2019 /home/travis/build/icyphy/ptII/ptolemy/actor/lib/test/auto/RecordDisassember.xml
----------------- Instantiating /home/travis/build/icyphy/ptII/ptolemy/actor/lib/test/auto/RecordDisassember.xml
4 ms. Memory: 566272K Free: 314932K (56%)
----------------- Invoking toplevel() on ptolemy.moml.MoMLSimpleApplication@3246e0c1
----------------- Done invoking toplevel() on ptolemy.moml.MoMLSimpleApplication@3246e0c1
reloadAllAccessors: .RecordDisassember

===========================================================================================
----------------- testing Fri Jul 12 03:03:23 UTC 2019 /home/travis/build/icyphy/ptII/ptolemy/actor/lib/test/auto/RecordDisassemberDisplayNameTest.xml
----------------- Instantiating /home/travis/build/icyphy/ptII/ptolemy/actor/lib/test/auto/RecordDisassemberDisplayNameTest.xml
5 ms. Memory: 566272K Free: 306754K (54%)
----------------- Invoking toplevel() on ptolemy.moml.MoMLSimpleApplication@4b032dd8
----------------- Done invoking toplevel() on ptolemy.moml.MoMLSimpleApplication@4b032dd8
reloadAllAccessors: .RecordDisassemberDisplayNameTest

===========================================================================================
----------------- testing Fri Jul 12 03:03:23 UTC 2019 /home/travis/build/icyphy/ptII/ptolemy/actor/lib/test/auto/RecordDisassembler.xml
----------------- Instantiating /home/travis/build/icyphy/ptII/ptolemy/actor/lib/test/auto/RecordDisassembler.xml
3 ms. Memory: 566272K Free: 301620K (53%)
----------------- Invoking toplevel() on ptolemy.moml.MoMLSimpleApplication@1e889af2
----------------- Done invoking toplevel() on ptolemy.moml.MoMLSimpleApplication@1e889af2
reloadAllAccessors: .RecordDisassembler

===========================================================================================
----------------- testing Fri Jul 12 03:03:23 UTC 2019 /home/travis/build/icyphy/ptII/ptolemy/actor/lib/test/auto/RecordDisassembler2.xml
----------------- Instantiating /home/travis/build/icyphy/ptII/ptolemy/actor/lib/test/auto/RecordDisassembler2.xml
5 ms. Memory: 566272K Free: 296500K (52%)
----------------- Invoking toplevel() on ptolemy.moml.MoMLSimpleApplication@3a525d8d
----------------- Done invoking toplevel() on ptolemy.moml.MoMLSimpleApplication@3a525d8d
reloadAllAccessors: .RecordDisassembler2

===========================================================================================
----------------- testing Fri Jul 12 03:03:23 UTC 2019 /home/travis/build/icyphy/ptII/ptolemy/actor/lib/test/auto/RecordUpdater.xml
----------------- Instantiating /home/travis/build/icyphy/ptII/ptolemy/actor/lib/test/auto/RecordUpdater.xml
2 ms. Memory: 566272K Free: 291394K (51%)
----------------- Invoking toplevel() on ptolemy.moml.MoMLSimpleApplication@26804302
----------------- Done invoking toplevel() on ptolemy.moml.MoMLSimpleApplication@26804302
reloadAllAccessors: .RecordUpdater

===========================================================================================
----------------- testing Fri Jul 12 03:03:24 UTC 2019 /home/travis/build/icyphy/ptII/ptolemy/actor/lib/test/auto/RecordUpdater2.xml
----------------- Instantiating /home/travis/build/icyphy/ptII/ptolemy/actor/lib/test/auto/RecordUpdater2.xml
2 ms. Memory: 566272K Free: 286274K (51%)
----------------- Invoking toplevel() on ptolemy.moml.MoMLSimpleApplication@147953f9
----------------- Done invoking toplevel() on ptolemy.moml.MoMLSimpleApplication@147953f9
reloadAllAccessors: .RecordUpdater2

===========================================================================================
----------------- testing Fri Jul 12 03:03:24 UTC 2019 /home/travis/build/icyphy/ptII/ptolemy/actor/lib/test/auto/RecursiveLattice.xml
----------------- Instantiating /home/travis/build/icyphy/ptII/ptolemy/actor/lib/test/auto/RecursiveLattice.xml
1 ms. Memory: 566272K Free: 282164K (50%)
----------------- Invoking toplevel() on ptolemy.moml.MoMLSimpleApplication@2e84695
----------------- Done invoking toplevel() on ptolemy.moml.MoMLSimpleApplication@2e84695
reloadAllAccessors: .RecursiveLattice

===========================================================================================
----------------- testing Fri Jul 12 03:03:24 UTC 2019 /home/travis/build/icyphy/ptII/ptolemy/actor/lib/test/auto/Router.xml
----------------- Instantiating /home/travis/build/icyphy/ptII/ptolemy/actor/lib/test/auto/Router.xml
3004 ms. Memory: 566272K Free: 270914K (48%)
----------------- Invoking toplevel() on ptolemy.moml.MoMLSimpleApplication@71dee95b
----------------- Done invoking toplevel() on ptolemy.moml.MoMLSimpleApplication@71dee95b
reloadAllAccessors: .Router

===========================================================================================
----------------- testing Fri Jul 12 03:03:27 UTC 2019 /home/travis/build/icyphy/ptII/ptolemy/actor/lib/test/auto/Router2.xml
----------------- Instantiating /home/travis/build/icyphy/ptII/ptolemy/actor/lib/test/auto/Router2.xml
3003 ms. Memory: 566272K Free: 259650K (46%)
----------------- Invoking toplevel() on ptolemy.moml.MoMLSimpleApplication@11a6609b
----------------- Done invoking toplevel() on ptolemy.moml.MoMLSimpleApplication@11a6609b
reloadAllAccessors: .Router2

===========================================================================================
----------------- testing Fri Jul 12 03:03:30 UTC 2019 /home/travis/build/icyphy/ptII/ptolemy/actor/lib/test/auto/RunningMaximum.xml
----------------- Instantiating /home/travis/build/icyphy/ptII/ptolemy/actor/lib/test/auto/RunningMaximum.xml
2 ms. Memory: 566272K Free: 255044K (45%)
----------------- Invoking toplevel() on ptolemy.moml.MoMLSimpleApplication@1ae07e9b
----------------- Done invoking toplevel() on ptolemy.moml.MoMLSimpleApplication@1ae07e9b
reloadAllAccessors: .RunningMaximum

===========================================================================================
----------------- testing Fri Jul 12 03:03:30 UTC 2019 /home/travis/build/icyphy/ptII/ptolemy/actor/lib/test/auto/RunningMinimum.xml
----------------- Instantiating /home/travis/build/icyphy/ptII/ptolemy/actor/lib/test/auto/RunningMinimum.xml
8 ms. Memory: 566272K Free: 249924K (44%)
----------------- Invoking toplevel() on ptolemy.moml.MoMLSimpleApplication@7d01c710
----------------- Done invoking toplevel() on ptolemy.moml.MoMLSimpleApplication@7d01c710
reloadAllAccessors: .RunningMinimum

===========================================================================================
----------------- testing Fri Jul 12 03:03:30 UTC 2019 /home/travis/build/icyphy/ptII/ptolemy/actor/lib/test/auto/Scale.xml
----------------- Instantiating /home/travis/build/icyphy/ptII/ptolemy/actor/lib/test/auto/Scale.xml
2 ms. Memory: 566272K Free: 245314K (43%)
----------------- Invoking toplevel() on ptolemy.moml.MoMLSimpleApplication@37df6130
----------------- Done invoking toplevel() on ptolemy.moml.MoMLSimpleApplication@37df6130
reloadAllAccessors: .Scale

===========================================================================================
----------------- testing Fri Jul 12 03:03:30 UTC 2019 /home/travis/build/icyphy/ptII/ptolemy/actor/lib/test/auto/Scale2.xml
----------------- Instantiating /home/travis/build/icyphy/ptII/ptolemy/actor/lib/test/auto/Scale2.xml
13 ms. Memory: 566272K Free: 240708K (43%)
----------------- Invoking toplevel() on ptolemy.moml.MoMLSimpleApplication@2122f8e
----------------- Done invoking toplevel() on ptolemy.moml.MoMLSimpleApplication@2122f8e
reloadAllAccessors: .Scale2

===========================================================================================
----------------- testing Fri Jul 12 03:03:30 UTC 2019 /home/travis/build/icyphy/ptII/ptolemy/actor/lib/test/auto/Scale3.xml
----------------- Instantiating /home/travis/build/icyphy/ptII/ptolemy/actor/lib/test/auto/Scale3.xml
8 ms. Memory: 566272K Free: 234050K (41%)
----------------- Invoking toplevel() on ptolemy.moml.MoMLSimpleApplication@421d99dd
----------------- Done invoking toplevel() on ptolemy.moml.MoMLSimpleApplication@421d99dd
reloadAllAccessors: .Scale3

===========================================================================================
----------------- testing Fri Jul 12 03:03:30 UTC 2019 /home/travis/build/icyphy/ptII/ptolemy/actor/lib/test/auto/ScaleArray.xml
----------------- Instantiating /home/travis/build/icyphy/ptII/ptolemy/actor/lib/test/auto/ScaleArray.xml
2 ms. Memory: 566272K Free: 228930K (40%)
----------------- Invoking toplevel() on ptolemy.moml.MoMLSimpleApplication@422d80c3
----------------- Done invoking toplevel() on ptolemy.moml.MoMLSimpleApplication@422d80c3
reloadAllAccessors: .ScaleArray

===========================================================================================
----------------- testing Fri Jul 12 03:03:30 UTC 2019 /home/travis/build/icyphy/ptII/ptolemy/actor/lib/test/auto/ScaleArray2.xml
----------------- Instantiating /home/travis/build/icyphy/ptII/ptolemy/actor/lib/test/auto/ScaleArray2.xml
1 ms. Memory: 566272K Free: 224324K (40%)
----------------- Invoking toplevel() on ptolemy.moml.MoMLSimpleApplication@5f2ccea3
----------------- Done invoking toplevel() on ptolemy.moml.MoMLSimpleApplication@5f2ccea3
reloadAllAccessors: .ScaleArray2

===========================================================================================
----------------- testing Fri Jul 12 03:03:30 UTC 2019 /home/travis/build/icyphy/ptII/ptolemy/actor/lib/test/auto/ScaleMatrix.xml
----------------- Instantiating /home/travis/build/icyphy/ptII/ptolemy/actor/lib/test/auto/ScaleMatrix.xml
123 ms. Memory: 566272K Free: 209474K (37%)
----------------- Invoking toplevel() on ptolemy.moml.MoMLSimpleApplication@3439e737
----------------- Done invoking toplevel() on ptolemy.moml.MoMLSimpleApplication@3439e737
reloadAllAccessors: .ScaleMatrix

===========================================================================================
----------------- testing Fri Jul 12 03:03:30 UTC 2019 /home/travis/build/icyphy/ptII/ptolemy/actor/lib/test/auto/Select.xml
----------------- Instantiating /home/travis/build/icyphy/ptII/ptolemy/actor/lib/test/auto/Select.xml
2 ms. Memory: 566272K Free: 202820K (36%)
----------------- Invoking toplevel() on ptolemy.moml.MoMLSimpleApplication@381cdad9
----------------- Done invoking toplevel() on ptolemy.moml.MoMLSimpleApplication@381cdad9
reloadAllAccessors: .Select

===========================================================================================
----------------- testing Fri Jul 12 03:03:30 UTC 2019 /home/travis/build/icyphy/ptII/ptolemy/actor/lib/test/auto/Select2.xml
----------------- Instantiating /home/travis/build/icyphy/ptII/ptolemy/actor/lib/test/auto/Select2.xml
1 ms. Memory: 566272K Free: 197700K (35%)
----------------- Invoking toplevel() on ptolemy.moml.MoMLSimpleApplication@3b20dc97
----------------- Done invoking toplevel() on ptolemy.moml.MoMLSimpleApplication@3b20dc97
reloadAllAccessors: .Select2

===========================================================================================
----------------- testing Fri Jul 12 03:03:30 UTC 2019 /home/travis/build/icyphy/ptII/ptolemy/actor/lib/test/auto/SequenceToArray2.xml
----------------- Instantiating /home/travis/build/icyphy/ptII/ptolemy/actor/lib/test/auto/SequenceToArray2.xml
109 ms. Memory: 566272K Free: 502340K (89%)
----------------- Invoking toplevel() on ptolemy.moml.MoMLSimpleApplication@75024625
----------------- Done invoking toplevel() on ptolemy.moml.MoMLSimpleApplication@75024625
reloadAllAccessors: .SequenceToArray2

===========================================================================================
----------------- testing Fri Jul 12 03:03:30 UTC 2019 /home/travis/build/icyphy/ptII/ptolemy/actor/lib/test/auto/SequentialClock.xml
----------------- Instantiating /home/travis/build/icyphy/ptII/ptolemy/actor/lib/test/auto/SequentialClock.xml
1 ms. Memory: 566272K Free: 497730K (88%)
----------------- Invoking toplevel() on ptolemy.moml.MoMLSimpleApplication@eef942c
----------------- Done invoking toplevel() on ptolemy.moml.MoMLSimpleApplication@eef942c
reloadAllAccessors: .SequentialClock

===========================================================================================
----------------- testing Fri Jul 12 03:03:30 UTC 2019 /home/travis/build/icyphy/ptII/ptolemy/actor/lib/test/auto/SetVariable.xml
----------------- Instantiating /home/travis/build/icyphy/ptII/ptolemy/actor/lib/test/auto/SetVariable.xml
5 ms. Memory: 566272K Free: 493124K (87%)
----------------- Invoking toplevel() on ptolemy.moml.MoMLSimpleApplication@6bbae470
----------------- Done invoking toplevel() on ptolemy.moml.MoMLSimpleApplication@6bbae470
reloadAllAccessors: .SetVariable

===========================================================================================
----------------- testing Fri Jul 12 03:03:30 UTC 2019 /home/travis/build/icyphy/ptII/ptolemy/actor/lib/test/auto/SetVariable2.xml
----------------- Instantiating /home/travis/build/icyphy/ptII/ptolemy/actor/lib/test/auto/SetVariable2.xml
4 ms. Memory: 566272K Free: 488004K (86%)
----------------- Invoking toplevel() on ptolemy.moml.MoMLSimpleApplication@2472caf9
----------------- Done invoking toplevel() on ptolemy.moml.MoMLSimpleApplication@2472caf9
reloadAllAccessors: .SetVariable2

===========================================================================================
----------------- testing Fri Jul 12 03:03:30 UTC 2019 /home/travis/build/icyphy/ptII/ptolemy/actor/lib/test/auto/SetVariable3.xml
----------------- Instantiating /home/travis/build/icyphy/ptII/ptolemy/actor/lib/test/auto/SetVariable3.xml
5 ms. Memory: 566272K Free: 482370K (85%)
----------------- Invoking toplevel() on ptolemy.moml.MoMLSimpleApplication@50f0b746
----------------- Done invoking toplevel() on ptolemy.moml.MoMLSimpleApplication@50f0b746
reloadAllAccessors: .SetVariable3

===========================================================================================
----------------- testing Fri Jul 12 03:03:30 UTC 2019 /home/travis/build/icyphy/ptII/ptolemy/actor/lib/test/auto/SetVariable4.xml
----------------- Instantiating /home/travis/build/icyphy/ptII/ptolemy/actor/lib/test/auto/SetVariable4.xml
14 ms. Memory: 566272K Free: 473154K (84%)
----------------- Invoking toplevel() on ptolemy.moml.MoMLSimpleApplication@62dcca50
----------------- Done invoking toplevel() on ptolemy.moml.MoMLSimpleApplication@62dcca50
reloadAllAccessors: .SetVariable4

===========================================================================================
----------------- testing Fri Jul 12 03:03:30 UTC 2019 /home/travis/build/icyphy/ptII/ptolemy/actor/lib/test/auto/SetVariable5.xml
----------------- Instantiating /home/travis/build/icyphy/ptII/ptolemy/actor/lib/test/auto/SetVariable5.xml
19 ms. Memory: 566272K Free: 463938K (82%)
----------------- Invoking toplevel() on ptolemy.moml.MoMLSimpleApplication@6c0229e6
----------------- Done invoking toplevel() on ptolemy.moml.MoMLSimpleApplication@6c0229e6
reloadAllAccessors: .SetVariable5

===========================================================================================
----------------- testing Fri Jul 12 03:03:30 UTC 2019 /home/travis/build/icyphy/ptII/ptolemy/actor/lib/test/auto/Sinewave.xml
----------------- Instantiating /home/travis/build/icyphy/ptII/ptolemy/actor/lib/test/auto/Sinewave.xml
5 ms. Memory: 566272K Free: 453698K (80%)
----------------- Invoking toplevel() on ptolemy.moml.MoMLSimpleApplication@5c21835f
----------------- Done invoking toplevel() on ptolemy.moml.MoMLSimpleApplication@5c21835f
reloadAllAccessors: .Sinewave

===========================================================================================
----------------- testing Fri Jul 12 03:03:30 UTC 2019 /home/travis/build/icyphy/ptII/ptolemy/actor/lib/test/auto/Sinewave2.xml
----------------- Instantiating /home/travis/build/icyphy/ptII/ptolemy/actor/lib/test/auto/Sinewave2.xml
5 ms. Memory: 566272K Free: 444996K (79%)
----------------- Invoking toplevel() on ptolemy.moml.MoMLSimpleApplication@38d820d3
----------------- Done invoking toplevel() on ptolemy.moml.MoMLSimpleApplication@38d820d3
reloadAllAccessors: .Sinewave2

===========================================================================================
----------------- testing Fri Jul 12 03:03:30 UTC 2019 /home/travis/build/icyphy/ptII/ptolemy/actor/lib/test/auto/Sinewave3.xml
----------------- Instantiating /home/travis/build/icyphy/ptII/ptolemy/actor/lib/test/auto/Sinewave3.xml
7 ms. Memory: 566272K Free: 436804K (77%)
----------------- Invoking toplevel() on ptolemy.moml.MoMLSimpleApplication@6cbe191a
----------------- Done invoking toplevel() on ptolemy.moml.MoMLSimpleApplication@6cbe191a
reloadAllAccessors: .Sinewave3

===========================================================================================
----------------- testing Fri Jul 12 03:03:30 UTC 2019 /home/travis/build/icyphy/ptII/ptolemy/actor/lib/test/auto/SingleEvent.xml
----------------- Instantiating /home/travis/build/icyphy/ptII/ptolemy/actor/lib/test/auto/SingleEvent.xml
1 ms. Memory: 566272K Free: 431684K (76%)
----------------- Invoking toplevel() on ptolemy.moml.MoMLSimpleApplication@1500b1f
----------------- Done invoking toplevel() on ptolemy.moml.MoMLSimpleApplication@1500b1f
reloadAllAccessors: .SingleEvent

===========================================================================================
----------------- testing Fri Jul 12 03:03:30 UTC 2019 /home/travis/build/icyphy/ptII/ptolemy/actor/lib/test/auto/Sleep.xml
----------------- Instantiating /home/travis/build/icyphy/ptII/ptolemy/actor/lib/test/auto/Sleep.xml
6008 ms. Memory: 566272K Free: 426050K (75%)
----------------- Invoking toplevel() on ptolemy.moml.MoMLSimpleApplication@265ea2c1
----------------- Done invoking toplevel() on ptolemy.moml.MoMLSimpleApplication@265ea2c1
reloadAllAccessors: .Sleep

===========================================================================================
----------------- testing Fri Jul 12 03:03:36 UTC 2019 /home/travis/build/icyphy/ptII/ptolemy/actor/lib/test/auto/SleepMultipleFire.xml
----------------- Instantiating /home/travis/build/icyphy/ptII/ptolemy/actor/lib/test/auto/SleepMultipleFire.xml
1015 ms. Memory: 566272K Free: 419906K (74%)
----------------- Invoking toplevel() on ptolemy.moml.MoMLSimpleApplication@784f75b8
----------------- Done invoking toplevel() on ptolemy.moml.MoMLSimpleApplication@784f75b8
reloadAllAccessors: .SleepMultipleFire

===========================================================================================
----------------- testing Fri Jul 12 03:03:37 UTC 2019 /home/travis/build/icyphy/ptII/ptolemy/actor/lib/test/auto/StopDE.xml
----------------- Instantiating /home/travis/build/icyphy/ptII/ptolemy/actor/lib/test/auto/StopDE.xml
3 ms. Memory: 566272K Free: 414276K (73%)
----------------- Invoking toplevel() on ptolemy.moml.MoMLSimpleApplication@2ba87e78
----------------- Done invoking toplevel() on ptolemy.moml.MoMLSimpleApplication@2ba87e78
reloadAllAccessors: .StopDE

===========================================================================================
----------------- testing Fri Jul 12 03:03:37 UTC 2019 /home/travis/build/icyphy/ptII/ptolemy/actor/lib/test/auto/StopSDF.xml
----------------- Instantiating /home/travis/build/icyphy/ptII/ptolemy/actor/lib/test/auto/StopSDF.xml
4 ms. Memory: 566272K Free: 409156K (72%)
----------------- Invoking toplevel() on ptolemy.moml.MoMLSimpleApplication@1d6a1fd7
----------------- Done invoking toplevel() on ptolemy.moml.MoMLSimpleApplication@1d6a1fd7
reloadAllAccessors: .StopSDF

===========================================================================================
----------------- testing Fri Jul 12 03:03:37 UTC 2019 /home/travis/build/icyphy/ptII/ptolemy/actor/lib/test/auto/StringConstant.xml
----------------- Instantiating /home/travis/build/icyphy/ptII/ptolemy/actor/lib/test/auto/StringConstant.xml
11 ms. Memory: 566272K Free: 404546K (71%)
----------------- Invoking toplevel() on ptolemy.moml.MoMLSimpleApplication@584efb7c
----------------- Done invoking toplevel() on ptolemy.moml.MoMLSimpleApplication@584efb7c
reloadAllAccessors: .StringConstant

===========================================================================================
----------------- testing Fri Jul 12 03:03:37 UTC 2019 /home/travis/build/icyphy/ptII/ptolemy/actor/lib/test/auto/SubscriberPortInitialValues1.xml
----------------- Instantiating /home/travis/build/icyphy/ptII/ptolemy/actor/lib/test/auto/SubscriberPortInitialValues1.xml
8 ms. Memory: 566272K Free: 395844K (70%)
----------------- Invoking toplevel() on ptolemy.moml.MoMLSimpleApplication@581fc748
----------------- Done invoking toplevel() on ptolemy.moml.MoMLSimpleApplication@581fc748
reloadAllAccessors: .SubscriberPortInitialValues1

===========================================================================================
----------------- testing Fri Jul 12 03:03:37 UTC 2019 /home/travis/build/icyphy/ptII/ptolemy/actor/lib/test/auto/SubscriberPortInitialValues13.xml
----------------- Instantiating /home/travis/build/icyphy/ptII/ptolemy/actor/lib/test/auto/SubscriberPortInitialValues13.xml
5 ms. Memory: 566272K Free: 383042K (68%)
----------------- Invoking toplevel() on ptolemy.moml.MoMLSimpleApplication@34b63c18
----------------- Done invoking toplevel() on ptolemy.moml.MoMLSimpleApplication@34b63c18
reloadAllAccessors: .SubscriberPortInitialValues13

===========================================================================================
----------------- testing Fri Jul 12 03:03:37 UTC 2019 /home/travis/build/icyphy/ptII/ptolemy/actor/lib/test/auto/SubscriberPortInitialValues14.xml
----------------- Instantiating /home/travis/build/icyphy/ptII/ptolemy/actor/lib/test/auto/SubscriberPortInitialValues14.xml
4 ms. Memory: 566272K Free: 374850K (66%)
----------------- Invoking toplevel() on ptolemy.moml.MoMLSimpleApplication@6300ca8c
----------------- Done invoking toplevel() on ptolemy.moml.MoMLSimpleApplication@6300ca8c
reloadAllAccessors: .SubscriberPortInitialValues14

===========================================================================================
----------------- testing Fri Jul 12 03:03:38 UTC 2019 /home/travis/build/icyphy/ptII/ptolemy/actor/lib/test/auto/SubscriberPortInitialValues2.xml
----------------- Instantiating /home/travis/build/icyphy/ptII/ptolemy/actor/lib/test/auto/SubscriberPortInitialValues2.xml
3 ms. Memory: 566272K Free: 367172K (65%)
----------------- Invoking toplevel() on ptolemy.moml.MoMLSimpleApplication@3f131f18
----------------- Done invoking toplevel() on ptolemy.moml.MoMLSimpleApplication@3f131f18
reloadAllAccessors: .SubscriberPortInitialValues2

===========================================================================================
----------------- testing Fri Jul 12 03:03:38 UTC 2019 /home/travis/build/icyphy/ptII/ptolemy/actor/lib/test/auto/SubscriberPortInitialValues3.xml
----------------- Instantiating /home/travis/build/icyphy/ptII/ptolemy/actor/lib/test/auto/SubscriberPortInitialValues3.xml
4 ms. Memory: 566272K Free: 356418K (63%)
----------------- Invoking toplevel() on ptolemy.moml.MoMLSimpleApplication@6805054
----------------- Done invoking toplevel() on ptolemy.moml.MoMLSimpleApplication@6805054
reloadAllAccessors: .SubscriberPortInitialValues3

===========================================================================================
----------------- testing Fri Jul 12 03:03:38 UTC 2019 /home/travis/build/icyphy/ptII/ptolemy/actor/lib/test/auto/SubscriptionAggregator.xml
----------------- Instantiating /home/travis/build/icyphy/ptII/ptolemy/actor/lib/test/auto/SubscriptionAggregator.xml
2 ms. Memory: 566272K Free: 349764K (62%)
----------------- Invoking toplevel() on ptolemy.moml.MoMLSimpleApplication@624bc6e1
----------------- Done invoking toplevel() on ptolemy.moml.MoMLSimpleApplication@624bc6e1
reloadAllAccessors: .SubscriptionAggregator

===========================================================================================
----------------- testing Fri Jul 12 03:03:38 UTC 2019 /home/travis/build/icyphy/ptII/ptolemy/actor/lib/test/auto/SubscriptionAggregator2.xml
----------------- Instantiating /home/travis/build/icyphy/ptII/ptolemy/actor/lib/test/auto/SubscriptionAggregator2.xml
2 ms. Memory: 566272K Free: 342596K (61%)
----------------- Invoking toplevel() on ptolemy.moml.MoMLSimpleApplication@7f26ff78
----------------- Done invoking toplevel() on ptolemy.moml.MoMLSimpleApplication@7f26ff78
reloadAllAccessors: .SubscriptionAggregator2

===========================================================================================
----------------- testing Fri Jul 12 03:03:38 UTC 2019 /home/travis/build/icyphy/ptII/ptolemy/actor/lib/test/auto/SubscriptionAggregator3.xml
----------------- Instantiating /home/travis/build/icyphy/ptII/ptolemy/actor/lib/test/auto/SubscriptionAggregator3.xml
4 ms. Memory: 566272K Free: 333884K (59%)
----------------- Invoking toplevel() on ptolemy.moml.MoMLSimpleApplication@5a588ce5
----------------- Done invoking toplevel() on ptolemy.moml.MoMLSimpleApplication@5a588ce5
reloadAllAccessors: .SubscriptionAggregator3

===========================================================================================
----------------- testing Fri Jul 12 03:03:38 UTC 2019 /home/travis/build/icyphy/ptII/ptolemy/actor/lib/test/auto/SubscriptionAggregatorMultiply.xml
----------------- Instantiating /home/travis/build/icyphy/ptII/ptolemy/actor/lib/test/auto/SubscriptionAggregatorMultiply.xml
5 ms. Memory: 566272K Free: 325692K (58%)
----------------- Invoking toplevel() on ptolemy.moml.MoMLSimpleApplication@130f582c
----------------- Done invoking toplevel() on ptolemy.moml.MoMLSimpleApplication@130f582c
reloadAllAccessors: .SubscriptionAggregatorMultiply

===========================================================================================
----------------- testing Fri Jul 12 03:03:38 UTC 2019 /home/travis/build/icyphy/ptII/ptolemy/actor/lib/test/auto/SubscriptionAggregatorPortMultiply1.xml
----------------- Instantiating /home/travis/build/icyphy/ptII/ptolemy/actor/lib/test/auto/SubscriptionAggregatorPortMultiply1.xml
3 ms. Memory: 566272K Free: 316996K (56%)
----------------- Invoking toplevel() on ptolemy.moml.MoMLSimpleApplication@7447f4fb
----------------- Done invoking toplevel() on ptolemy.moml.MoMLSimpleApplication@7447f4fb
reloadAllAccessors: .SubscriptionAggregatorPortMultiply1

===========================================================================================
----------------- testing Fri Jul 12 03:03:38 UTC 2019 /home/travis/build/icyphy/ptII/ptolemy/actor/lib/test/auto/Switch.xml
----------------- Instantiating /home/travis/build/icyphy/ptII/ptolemy/actor/lib/test/auto/Switch.xml
9 ms. Memory: 566272K Free: 309314K (55%)
----------------- Invoking toplevel() on ptolemy.moml.MoMLSimpleApplication@639b1c87
----------------- Done invoking toplevel() on ptolemy.moml.MoMLSimpleApplication@639b1c87
reloadAllAccessors: .Switch

===========================================================================================
----------------- testing Fri Jul 12 03:03:38 UTC 2019 /home/travis/build/icyphy/ptII/ptolemy/actor/lib/test/auto/Switch2.xml
----------------- Instantiating /home/travis/build/icyphy/ptII/ptolemy/actor/lib/test/auto/Switch2.xml
1 ms. Memory: 566272K Free: 304708K (54%)
----------------- Invoking toplevel() on ptolemy.moml.MoMLSimpleApplication@6f77176
----------------- Done invoking toplevel() on ptolemy.moml.MoMLSimpleApplication@6f77176
reloadAllAccessors: .Switch2

===========================================================================================
----------------- testing Fri Jul 12 03:03:38 UTC 2019 /home/travis/build/icyphy/ptII/ptolemy/actor/lib/test/auto/SwitchDE.xml
----------------- Instantiating /home/travis/build/icyphy/ptII/ptolemy/actor/lib/test/auto/SwitchDE.xml
4 ms. Memory: 566272K Free: 298036K (53%)
----------------- Invoking toplevel() on ptolemy.moml.MoMLSimpleApplication@107b2f3c
----------------- Done invoking toplevel() on ptolemy.moml.MoMLSimpleApplication@107b2f3c
reloadAllAccessors: .SwitchDE

===========================================================================================
----------------- testing Fri Jul 12 03:03:38 UTC 2019 /home/travis/build/icyphy/ptII/ptolemy/actor/lib/test/auto/SynchronizerDE.xml
----------------- Instantiating /home/travis/build/icyphy/ptII/ptolemy/actor/lib/test/auto/SynchronizerDE.xml
7 ms. Memory: 566272K Free: 289828K (51%)
----------------- Invoking toplevel() on ptolemy.moml.MoMLSimpleApplication@528dedfb
----------------- Done invoking toplevel() on ptolemy.moml.MoMLSimpleApplication@528dedfb
reloadAllAccessors: .SynchronizerDE

===========================================================================================
----------------- testing Fri Jul 12 03:03:38 UTC 2019 /home/travis/build/icyphy/ptII/ptolemy/actor/lib/test/auto/Test.xml
----------------- Instantiating /home/travis/build/icyphy/ptII/ptolemy/actor/lib/test/auto/Test.xml
2 ms. Memory: 566272K Free: 284228K (50%)
----------------- Invoking toplevel() on ptolemy.moml.MoMLSimpleApplication@56f625e6
----------------- Done invoking toplevel() on ptolemy.moml.MoMLSimpleApplication@56f625e6
reloadAllAccessors: .Test

===========================================================================================
----------------- testing Fri Jul 12 03:03:38 UTC 2019 /home/travis/build/icyphy/ptII/ptolemy/actor/lib/test/auto/TestExceptionAttribute1.xml
----------------- Instantiating /home/travis/build/icyphy/ptII/ptolemy/actor/lib/test/auto/TestExceptionAttribute1.xml
1 ms. Memory: 566272K Free: 280642K (50%)
----------------- Invoking toplevel() on ptolemy.moml.MoMLSimpleApplication@48b666f
----------------- Done invoking toplevel() on ptolemy.moml.MoMLSimpleApplication@48b666f
reloadAllAccessors: .TestExceptionAttribute1

===========================================================================================
----------------- testing Fri Jul 12 03:03:38 UTC 2019 /home/travis/build/icyphy/ptII/ptolemy/actor/lib/test/auto/TestExceptionAttribute2.xml
----------------- Instantiating /home/travis/build/icyphy/ptII/ptolemy/actor/lib/test/auto/TestExceptionAttribute2.xml
1 ms. Memory: 566272K Free: 277060K (49%)
----------------- Invoking toplevel() on ptolemy.moml.MoMLSimpleApplication@83028d1
----------------- Done invoking toplevel() on ptolemy.moml.MoMLSimpleApplication@83028d1
reloadAllAccessors: .TestExceptionAttribute2

===========================================================================================
----------------- testing Fri Jul 12 03:03:38 UTC 2019 /home/travis/build/icyphy/ptII/ptolemy/actor/lib/test/auto/TestExceptionAttribute3.xml
----------------- Instantiating /home/travis/build/icyphy/ptII/ptolemy/actor/lib/test/auto/TestExceptionAttribute3.xml
.TestExceptionAttribute3.TestExceptionAttribute: initialize() was not invoked, but wrapup() was.  This is unusual, but not always a problem.  For example, exporting JNLP will do this.
0 ms. Memory: 566272K Free: 272964K (48%)
----------------- Invoking toplevel() on ptolemy.moml.MoMLSimpleApplication@2d957bc
----------------- Done invoking toplevel() on ptolemy.moml.MoMLSimpleApplication@2d957bc
reloadAllAccessors: .TestExceptionAttribute3

===========================================================================================
----------------- testing Fri Jul 12 03:03:38 UTC 2019 /home/travis/build/icyphy/ptII/ptolemy/actor/lib/test/auto/TestExceptionAttribute4.xml
----------------- Instantiating /home/travis/build/icyphy/ptII/ptolemy/actor/lib/test/auto/TestExceptionAttribute4.xml
.TestExceptionAttribute4.TestExceptionAttribute: initialize() was not invoked, but wrapup() was.  This is unusual, but not always a problem.  For example, exporting JNLP will do this.
.TestExceptionAttribute4.TestExceptionAttribute2: initialize() was not invoked, but wrapup() was.  This is unusual, but not always a problem.  For example, exporting JNLP will do this.
0 ms. Memory: 566272K Free: 268868K (47%)
----------------- Invoking toplevel() on ptolemy.moml.MoMLSimpleApplication@e9359c2
----------------- Done invoking toplevel() on ptolemy.moml.MoMLSimpleApplication@e9359c2
reloadAllAccessors: .TestExceptionAttribute4

===========================================================================================
----------------- testing Fri Jul 12 03:03:38 UTC 2019 /home/travis/build/icyphy/ptII/ptolemy/actor/lib/test/auto/TestExceptionHandler1.xml
----------------- Instantiating /home/travis/build/icyphy/ptII/ptolemy/actor/lib/test/auto/TestExceptionHandler1.xml
1 ms. Memory: 566272K Free: 265282K (47%)
----------------- Invoking toplevel() on ptolemy.moml.MoMLSimpleApplication@4de489b7
----------------- Done invoking toplevel() on ptolemy.moml.MoMLSimpleApplication@4de489b7
reloadAllAccessors: .TestExceptionHandler1

===========================================================================================
----------------- testing Fri Jul 12 03:03:38 UTC 2019 /home/travis/build/icyphy/ptII/ptolemy/actor/lib/test/auto/TestExceptionHandler2.xml
----------------- Instantiating /home/travis/build/icyphy/ptII/ptolemy/actor/lib/test/auto/TestExceptionHandler2.xml
1 ms. Memory: 566272K Free: 261186K (46%)
----------------- Invoking toplevel() on ptolemy.moml.MoMLSimpleApplication@31b31bd4
----------------- Done invoking toplevel() on ptolemy.moml.MoMLSimpleApplication@31b31bd4
reloadAllAccessors: .TestExceptionHandler2

===========================================================================================
----------------- testing Fri Jul 12 03:03:38 UTC 2019 /home/travis/build/icyphy/ptII/ptolemy/actor/lib/test/auto/TestExceptionHandler3.xml
----------------- Instantiating /home/travis/build/icyphy/ptII/ptolemy/actor/lib/test/auto/TestExceptionHandler3.xml
0 ms. Memory: 566272K Free: 257604K (45%)
----------------- Invoking toplevel() on ptolemy.moml.MoMLSimpleApplication@5a353142
----------------- Done invoking toplevel() on ptolemy.moml.MoMLSimpleApplication@5a353142
reloadAllAccessors: .TestExceptionHandler3

===========================================================================================
----------------- testing Fri Jul 12 03:03:38 UTC 2019 /home/travis/build/icyphy/ptII/ptolemy/actor/lib/test/auto/TestExceptionHandler4.xml
----------------- Instantiating /home/travis/build/icyphy/ptII/ptolemy/actor/lib/test/auto/TestExceptionHandler4.xml
1 ms. Memory: 566272K Free: 253508K (45%)
----------------- Invoking toplevel() on ptolemy.moml.MoMLSimpleApplication@760d687f
----------------- Done invoking toplevel() on ptolemy.moml.MoMLSimpleApplication@760d687f
reloadAllAccessors: .TestExceptionHandler4

===========================================================================================
----------------- testing Fri Jul 12 03:03:38 UTC 2019 /home/travis/build/icyphy/ptII/ptolemy/actor/lib/test/auto/TestRequireCorrectOrder.xml
----------------- Instantiating /home/travis/build/icyphy/ptII/ptolemy/actor/lib/test/auto/TestRequireCorrectOrder.xml
6 ms. Memory: 566272K Free: 247844K (44%)
----------------- Invoking toplevel() on ptolemy.moml.MoMLSimpleApplication@6e3ec61
----------------- Done invoking toplevel() on ptolemy.moml.MoMLSimpleApplication@6e3ec61
reloadAllAccessors: .TestRequireCorrectOrder

===========================================================================================
----------------- testing Fri Jul 12 03:03:38 UTC 2019 /home/travis/build/icyphy/ptII/ptolemy/actor/lib/test/auto/TestSimple.xml
----------------- Instantiating /home/travis/build/icyphy/ptII/ptolemy/actor/lib/test/auto/TestSimple.xml
2 ms. Memory: 566272K Free: 243268K (43%)
----------------- Invoking toplevel() on ptolemy.moml.MoMLSimpleApplication@28da1d29
----------------- Done invoking toplevel() on ptolemy.moml.MoMLSimpleApplication@28da1d29
reloadAllAccessors: .TestSimple

===========================================================================================
----------------- testing Fri Jul 12 03:03:38 UTC 2019 /home/travis/build/icyphy/ptII/ptolemy/actor/lib/test/auto/ThrowModelError.xml
----------------- Instantiating /home/travis/build/icyphy/ptII/ptolemy/actor/lib/test/auto/ThrowModelError.xml
2 ms. Memory: 566272K Free: 238658K (42%)
----------------- Invoking toplevel() on ptolemy.moml.MoMLSimpleApplication@25b44293
----------------- Done invoking toplevel() on ptolemy.moml.MoMLSimpleApplication@25b44293
reloadAllAccessors: .ThrowModelError

===========================================================================================
----------------- testing Fri Jul 12 03:03:38 UTC 2019 /home/travis/build/icyphy/ptII/ptolemy/actor/lib/test/auto/TimeDelayMicrosteps.xml
----------------- Instantiating /home/travis/build/icyphy/ptII/ptolemy/actor/lib/test/auto/TimeDelayMicrosteps.xml
2 ms. Memory: 566272K Free: 231476K (41%)
----------------- Invoking toplevel() on ptolemy.moml.MoMLSimpleApplication@4a7320b9
----------------- Done invoking toplevel() on ptolemy.moml.MoMLSimpleApplication@4a7320b9
reloadAllAccessors: .TimeDelayMicrosteps

===========================================================================================
----------------- testing Fri Jul 12 03:03:38 UTC 2019 /home/travis/build/icyphy/ptII/ptolemy/actor/lib/test/auto/TimeDelayMicrosteps2.xml
----------------- Instantiating /home/travis/build/icyphy/ptII/ptolemy/actor/lib/test/auto/TimeDelayMicrosteps2.xml
3 ms. Memory: 566272K Free: 224292K (40%)
----------------- Invoking toplevel() on ptolemy.moml.MoMLSimpleApplication@36e5d6b
----------------- Done invoking toplevel() on ptolemy.moml.MoMLSimpleApplication@36e5d6b
reloadAllAccessors: .TimeDelayMicrosteps2

===========================================================================================
----------------- testing Fri Jul 12 03:03:38 UTC 2019 /home/travis/build/icyphy/ptII/ptolemy/actor/lib/test/auto/TimeDelayMicrosteps3.xml
----------------- Instantiating /home/travis/build/icyphy/ptII/ptolemy/actor/lib/test/auto/TimeDelayMicrosteps3.xml
2 ms. Memory: 566272K Free: 217140K (38%)
----------------- Invoking toplevel() on ptolemy.moml.MoMLSimpleApplication@616fcbcb
----------------- Done invoking toplevel() on ptolemy.moml.MoMLSimpleApplication@616fcbcb
reloadAllAccessors: .TimeDelayMicrosteps3

===========================================================================================
----------------- testing Fri Jul 12 03:03:38 UTC 2019 /home/travis/build/icyphy/ptII/ptolemy/actor/lib/test/auto/TimeDelayVariableMicrosteps.xml
----------------- Instantiating /home/travis/build/icyphy/ptII/ptolemy/actor/lib/test/auto/TimeDelayVariableMicrosteps.xml
3 ms. Memory: 566272K Free: 211010K (37%)
----------------- Invoking toplevel() on ptolemy.moml.MoMLSimpleApplication@434895cd
----------------- Done invoking toplevel() on ptolemy.moml.MoMLSimpleApplication@434895cd
reloadAllAccessors: .TimeDelayVariableMicrosteps

===========================================================================================
----------------- testing Fri Jul 12 03:03:38 UTC 2019 /home/travis/build/icyphy/ptII/ptolemy/actor/lib/test/auto/TimeGap.xml
----------------- Instantiating /home/travis/build/icyphy/ptII/ptolemy/actor/lib/test/auto/TimeGap.xml
14 ms. Memory: 566272K Free: 205884K (36%)
----------------- Invoking toplevel() on ptolemy.moml.MoMLSimpleApplication@42750152
----------------- Done invoking toplevel() on ptolemy.moml.MoMLSimpleApplication@42750152
reloadAllAccessors: .TimeGap

===========================================================================================
----------------- testing Fri Jul 12 03:03:38 UTC 2019 /home/travis/build/icyphy/ptII/ptolemy/actor/lib/test/auto/TimeGap2.xml
----------------- Instantiating /home/travis/build/icyphy/ptII/ptolemy/actor/lib/test/auto/TimeGap2.xml
2 ms. Memory: 566272K Free: 199716K (35%)
----------------- Invoking toplevel() on ptolemy.moml.MoMLSimpleApplication@54a1aa3a
----------------- Done invoking toplevel() on ptolemy.moml.MoMLSimpleApplication@54a1aa3a
reloadAllAccessors: .TimeGap2

===========================================================================================
----------------- testing Fri Jul 12 03:03:38 UTC 2019 /home/travis/build/icyphy/ptII/ptolemy/actor/lib/test/auto/TimedSinewave.xml
----------------- Instantiating /home/travis/build/icyphy/ptII/ptolemy/actor/lib/test/auto/TimedSinewave.xml
66 ms. Memory: 566272K Free: 515140K (91%)
----------------- Invoking toplevel() on ptolemy.moml.MoMLSimpleApplication@49d9c227
----------------- Done invoking toplevel() on ptolemy.moml.MoMLSimpleApplication@49d9c227
reloadAllAccessors: .TimedSinewave

===========================================================================================
----------------- testing Fri Jul 12 03:03:38 UTC 2019 /home/travis/build/icyphy/ptII/ptolemy/actor/lib/test/auto/TimedSinewavePhase.xml
----------------- Instantiating /home/travis/build/icyphy/ptII/ptolemy/actor/lib/test/auto/TimedSinewavePhase.xml
9 ms. Memory: 566272K Free: 504386K (89%)
----------------- Invoking toplevel() on ptolemy.moml.MoMLSimpleApplication@365a0f04
----------------- Done invoking toplevel() on ptolemy.moml.MoMLSimpleApplication@365a0f04
reloadAllAccessors: .TimedSinewavePhase

===========================================================================================
----------------- testing Fri Jul 12 03:03:38 UTC 2019 /home/travis/build/icyphy/ptII/ptolemy/actor/lib/test/auto/Timer.xml
----------------- Instantiating /home/travis/build/icyphy/ptII/ptolemy/actor/lib/test/auto/Timer.xml
4 ms. Memory: 566272K Free: 498756K (88%)
----------------- Invoking toplevel() on ptolemy.moml.MoMLSimpleApplication@6ec02897
----------------- Done invoking toplevel() on ptolemy.moml.MoMLSimpleApplication@6ec02897
reloadAllAccessors: .Timer

===========================================================================================
----------------- testing Fri Jul 12 03:03:38 UTC 2019 /home/travis/build/icyphy/ptII/ptolemy/actor/lib/test/auto/TriangularDistTestModel.xml
----------------- Instantiating /home/travis/build/icyphy/ptII/ptolemy/actor/lib/test/auto/TriangularDistTestModel.xml
2 ms. Memory: 566272K Free: 493092K (87%)
----------------- Invoking toplevel() on ptolemy.moml.MoMLSimpleApplication@2e03751f
----------------- Done invoking toplevel() on ptolemy.moml.MoMLSimpleApplication@2e03751f
reloadAllAccessors: .TriangularDistTestModel

===========================================================================================
----------------- testing Fri Jul 12 03:03:38 UTC 2019 /home/travis/build/icyphy/ptII/ptolemy/actor/lib/test/auto/TrigFunction.xml
----------------- Instantiating /home/travis/build/icyphy/ptII/ptolemy/actor/lib/test/auto/TrigFunction.xml
1 ms. Memory: 566272K Free: 488002K (86%)
----------------- Invoking toplevel() on ptolemy.moml.MoMLSimpleApplication@6457cee9
----------------- Done invoking toplevel() on ptolemy.moml.MoMLSimpleApplication@6457cee9
reloadAllAccessors: .TrigFunction

===========================================================================================
----------------- testing Fri Jul 12 03:03:38 UTC 2019 /home/travis/build/icyphy/ptII/ptolemy/actor/lib/test/auto/TrigFunctionDE.xml
----------------- Instantiating /home/travis/build/icyphy/ptII/ptolemy/actor/lib/test/auto/TrigFunctionDE.xml
5 ms. Memory: 566272K Free: 482372K (85%)
----------------- Invoking toplevel() on ptolemy.moml.MoMLSimpleApplication@3b9f5f27
----------------- Done invoking toplevel() on ptolemy.moml.MoMLSimpleApplication@3b9f5f27
reloadAllAccessors: .TrigFunctionDE

===========================================================================================
----------------- testing Fri Jul 12 03:03:38 UTC 2019 /home/travis/build/icyphy/ptII/ptolemy/actor/lib/test/auto/TrigFunctionInverse.xml
----------------- Instantiating /home/travis/build/icyphy/ptII/ptolemy/actor/lib/test/auto/TrigFunctionInverse.xml
2 ms. Memory: 566272K Free: 476738K (84%)
----------------- Invoking toplevel() on ptolemy.moml.MoMLSimpleApplication@32e8b464
----------------- Done invoking toplevel() on ptolemy.moml.MoMLSimpleApplication@32e8b464
reloadAllAccessors: .TrigFunctionInverse

===========================================================================================
----------------- testing Fri Jul 12 03:03:38 UTC 2019 /home/travis/build/icyphy/ptII/ptolemy/actor/lib/test/auto/TrigFunctionTan.xml
----------------- Instantiating /home/travis/build/icyphy/ptII/ptolemy/actor/lib/test/auto/TrigFunctionTan.xml
1 ms. Memory: 566272K Free: 472132K (83%)
----------------- Invoking toplevel() on ptolemy.moml.MoMLSimpleApplication@517346e4
----------------- Done invoking toplevel() on ptolemy.moml.MoMLSimpleApplication@517346e4
reloadAllAccessors: .TrigFunctionTan

===========================================================================================
----------------- testing Fri Jul 12 03:03:38 UTC 2019 /home/travis/build/icyphy/ptII/ptolemy/actor/lib/test/auto/TriggeredClock.xml
----------------- Instantiating /home/travis/build/icyphy/ptII/ptolemy/actor/lib/test/auto/TriggeredClock.xml
7 ms. Memory: 566272K Free: 467012K (82%)
----------------- Invoking toplevel() on ptolemy.moml.MoMLSimpleApplication@71d2ee43
----------------- Done invoking toplevel() on ptolemy.moml.MoMLSimpleApplication@71d2ee43
reloadAllAccessors: .TriggeredClock

===========================================================================================
----------------- testing Fri Jul 12 03:03:38 UTC 2019 /home/travis/build/icyphy/ptII/ptolemy/actor/lib/test/auto/URLDirectoryReader.xml
----------------- Instantiating /home/travis/build/icyphy/ptII/ptolemy/actor/lib/test/auto/URLDirectoryReader.xml
42 ms. Memory: 566272K Free: 456772K (81%)
----------------- Invoking toplevel() on ptolemy.moml.MoMLSimpleApplication@f07c7c1
----------------- Done invoking toplevel() on ptolemy.moml.MoMLSimpleApplication@f07c7c1
reloadAllAccessors: .URLDirectoryReader

===========================================================================================
----------------- testing Fri Jul 12 03:03:38 UTC 2019 /home/travis/build/icyphy/ptII/ptolemy/actor/lib/test/auto/URLDirectoryReader3.xml
----------------- Instantiating /home/travis/build/icyphy/ptII/ptolemy/actor/lib/test/auto/URLDirectoryReader3.xml
1187 ms. Memory: 566272K Free: 507972K (90%)
----------------- Invoking toplevel() on ptolemy.moml.MoMLSimpleApplication@2bb7f7ff
----------------- Done invoking toplevel() on ptolemy.moml.MoMLSimpleApplication@2bb7f7ff
reloadAllAccessors: .URLDirectoryReader3

===========================================================================================
----------------- testing Fri Jul 12 03:03:40 UTC 2019 /home/travis/build/icyphy/ptII/ptolemy/actor/lib/test/auto/UnaryMathFunction.xml
----------------- Instantiating /home/travis/build/icyphy/ptII/ptolemy/actor/lib/test/auto/UnaryMathFunction.xml
3 ms. Memory: 566272K Free: 499778K (88%)
----------------- Invoking toplevel() on ptolemy.moml.MoMLSimpleApplication@1cbb6339
----------------- Done invoking toplevel() on ptolemy.moml.MoMLSimpleApplication@1cbb6339
reloadAllAccessors: .UnaryMathFunction

===========================================================================================
----------------- testing Fri Jul 12 03:03:40 UTC 2019 /home/travis/build/icyphy/ptII/ptolemy/actor/lib/test/auto/Uniform.xml
----------------- Instantiating /home/travis/build/icyphy/ptII/ptolemy/actor/lib/test/auto/Uniform.xml
2 ms. Memory: 566272K Free: 495172K (87%)
----------------- Invoking toplevel() on ptolemy.moml.MoMLSimpleApplication@2cc64cac
----------------- Done invoking toplevel() on ptolemy.moml.MoMLSimpleApplication@2cc64cac
reloadAllAccessors: .Uniform

===========================================================================================
----------------- testing Fri Jul 12 03:03:40 UTC 2019 /home/travis/build/icyphy/ptII/ptolemy/actor/lib/test/auto/UnionDisassemblerTest.xml
----------------- Instantiating /home/travis/build/icyphy/ptII/ptolemy/actor/lib/test/auto/UnionDisassemblerTest.xml
19 ms. Memory: 566272K Free: 491076K (87%)
----------------- Invoking toplevel() on ptolemy.moml.MoMLSimpleApplication@34cdb646
----------------- Done invoking toplevel() on ptolemy.moml.MoMLSimpleApplication@34cdb646
reloadAllAccessors: .UnionDisassemblerTest

===========================================================================================
----------------- testing Fri Jul 12 03:03:40 UTC 2019 /home/travis/build/icyphy/ptII/ptolemy/actor/lib/test/auto/UtilityFunctions.xml
----------------- Instantiating /home/travis/build/icyphy/ptII/ptolemy/actor/lib/test/auto/UtilityFunctions.xml
2 ms. Memory: 566272K Free: 486980K (86%)
----------------- Invoking toplevel() on ptolemy.moml.MoMLSimpleApplication@f14592b
----------------- Done invoking toplevel() on ptolemy.moml.MoMLSimpleApplication@f14592b
reloadAllAccessors: .UtilityFunctions

===========================================================================================
----------------- testing Fri Jul 12 03:03:40 UTC 2019 /home/travis/build/icyphy/ptII/ptolemy/actor/lib/test/auto/VariableSleep.xml
----------------- Instantiating /home/travis/build/icyphy/ptII/ptolemy/actor/lib/test/auto/VariableSleep.xml
503 ms. Memory: 566272K Free: 481346K (85%)
----------------- Invoking toplevel() on ptolemy.moml.MoMLSimpleApplication@7ed8d1
----------------- Done invoking toplevel() on ptolemy.moml.MoMLSimpleApplication@7ed8d1
reloadAllAccessors: .VariableSleep

===========================================================================================
----------------- testing Fri Jul 12 03:03:40 UTC 2019 /home/travis/build/icyphy/ptII/ptolemy/actor/lib/test/auto/VectorAssemblerDisassemblerCT.xml
----------------- Instantiating /home/travis/build/icyphy/ptII/ptolemy/actor/lib/test/auto/VectorAssemblerDisassemblerCT.xml
78 ms. Memory: 566272K Free: 460866K (81%)
----------------- Invoking toplevel() on ptolemy.moml.MoMLSimpleApplication@414c0322
----------------- Done invoking toplevel() on ptolemy.moml.MoMLSimpleApplication@414c0322
reloadAllAccessors: .VectorAssemblerDisassemblerCT

===========================================================================================
----------------- testing Fri Jul 12 03:03:41 UTC 2019 /home/travis/build/icyphy/ptII/ptolemy/actor/lib/test/auto/VectorAssemblerDisassemblerDE.xml
----------------- Instantiating /home/travis/build/icyphy/ptII/ptolemy/actor/lib/test/auto/VectorAssemblerDisassemblerDE.xml
2 ms. Memory: 566272K Free: 453188K (80%)
----------------- Invoking toplevel() on ptolemy.moml.MoMLSimpleApplication@7cb68a23
----------------- Done invoking toplevel() on ptolemy.moml.MoMLSimpleApplication@7cb68a23
reloadAllAccessors: .VectorAssemblerDisassemblerDE

===========================================================================================
----------------- testing Fri Jul 12 03:03:41 UTC 2019 /home/travis/build/icyphy/ptII/ptolemy/actor/lib/test/auto/VectorAssemblerDisassemblerSDF.xml
----------------- Instantiating /home/travis/build/icyphy/ptII/ptolemy/actor/lib/test/auto/VectorAssemblerDisassemblerSDF.xml
2 ms. Memory: 566272K Free: 446516K (79%)
----------------- Invoking toplevel() on ptolemy.moml.MoMLSimpleApplication@2a9c9658
----------------- Done invoking toplevel() on ptolemy.moml.MoMLSimpleApplication@2a9c9658
reloadAllAccessors: .VectorAssemblerDisassemblerSDF

===========================================================================================
----------------- testing Fri Jul 12 03:03:41 UTC 2019 /home/travis/build/icyphy/ptII/ptolemy/actor/lib/test/auto/WallClockTime.xml
----------------- Instantiating /home/travis/build/icyphy/ptII/ptolemy/actor/lib/test/auto/WallClockTime.xml
1005 ms. Memory: 566272K Free: 440900K (78%)
----------------- Invoking toplevel() on ptolemy.moml.MoMLSimpleApplication@c257f7
----------------- Done invoking toplevel() on ptolemy.moml.MoMLSimpleApplication@c257f7
reloadAllAccessors: .WallClockTime

===========================================================================================
----------------- testing Fri Jul 12 03:03:42 UTC 2019 /home/travis/build/icyphy/ptII/ptolemy/actor/lib/test/auto/WidthTestWithSubscriberPublisher.xml
----------------- Instantiating /home/travis/build/icyphy/ptII/ptolemy/actor/lib/test/auto/WidthTestWithSubscriberPublisher.xml
7 ms. Memory: 566272K Free: 422978K (75%)
----------------- Invoking toplevel() on ptolemy.moml.MoMLSimpleApplication@1463cf5f
----------------- Done invoking toplevel() on ptolemy.moml.MoMLSimpleApplication@1463cf5f
reloadAllAccessors: .WidthTestWithSubscriberPublisher

===========================================================================================
----------------- testing Fri Jul 12 03:03:42 UTC 2019 /home/travis/build/icyphy/ptII/ptolemy/actor/lib/test/auto/WidthTestWithSubscriberPublisher2.xml
----------------- Instantiating /home/travis/build/icyphy/ptII/ptolemy/actor/lib/test/auto/WidthTestWithSubscriberPublisher2.xml
2 ms. Memory: 566272K Free: 416834K (74%)
----------------- Invoking toplevel() on ptolemy.moml.MoMLSimpleApplication@3676ac9
----------------- Done invoking toplevel() on ptolemy.moml.MoMLSimpleApplication@3676ac9
reloadAllAccessors: .WidthTestWithSubscriberPublisher2

===========================================================================================
----------------- testing Fri Jul 12 03:03:42 UTC 2019 /home/travis/build/icyphy/ptII/ptolemy/actor/lib/test/auto/WidthTestWithSubscriberPublisher3.xml
----------------- Instantiating /home/travis/build/icyphy/ptII/ptolemy/actor/lib/test/auto/WidthTestWithSubscriberPublisher3.xml
2 ms. Memory: 566272K Free: 410690K (73%)
----------------- Invoking toplevel() on ptolemy.moml.MoMLSimpleApplication@1641050a
----------------- Done invoking toplevel() on ptolemy.moml.MoMLSimpleApplication@1641050a
reloadAllAccessors: .WidthTestWithSubscriberPublisher3

===========================================================================================
----------------- testing Fri Jul 12 03:03:42 UTC 2019 /home/travis/build/icyphy/ptII/ptolemy/actor/lib/test/auto/Writer.xml
----------------- Instantiating /home/travis/build/icyphy/ptII/ptolemy/actor/lib/test/auto/Writer.xml
0
1
2
3
4
1 ms. Memory: 566272K Free: 406588K (72%)
----------------- Invoking toplevel() on ptolemy.moml.MoMLSimpleApplication@2549c362
----------------- Done invoking toplevel() on ptolemy.moml.MoMLSimpleApplication@2549c362
reloadAllAccessors: .Writer

===========================================================================================
----------------- testing Fri Jul 12 03:03:42 UTC 2019 /home/travis/build/icyphy/ptII/ptolemy/actor/lib/test/auto/array.xml
----------------- Instantiating /home/travis/build/icyphy/ptII/ptolemy/actor/lib/test/auto/array.xml
2 ms. Memory: 566272K Free: 401474K (71%)
----------------- Invoking toplevel() on ptolemy.moml.MoMLSimpleApplication@430d1459
----------------- Done invoking toplevel() on ptolemy.moml.MoMLSimpleApplication@430d1459
reloadAllAccessors: .array

===========================================================================================
----------------- testing Fri Jul 12 03:03:42 UTC 2019 /home/travis/build/icyphy/ptII/ptolemy/actor/lib/test/auto/array2.xml
----------------- Instantiating /home/travis/build/icyphy/ptII/ptolemy/actor/lib/test/auto/array2.xml
2 ms. Memory: 566272K Free: 396340K (70%)
----------------- Invoking toplevel() on ptolemy.moml.MoMLSimpleApplication@6698bf99
----------------- Done invoking toplevel() on ptolemy.moml.MoMLSimpleApplication@6698bf99
reloadAllAccessors: .array2

===========================================================================================
----------------- testing Fri Jul 12 03:03:42 UTC 2019 /home/travis/build/icyphy/ptII/ptolemy/actor/lib/test/auto/arrayType.xml
----------------- Instantiating /home/travis/build/icyphy/ptII/ptolemy/actor/lib/test/auto/arrayType.xml
2 ms. Memory: 566272K Free: 391220K (69%)
----------------- Invoking toplevel() on ptolemy.moml.MoMLSimpleApplication@7f8bbd49
----------------- Done invoking toplevel() on ptolemy.moml.MoMLSimpleApplication@7f8bbd49
reloadAllAccessors: .arrayType

===========================================================================================
----------------- testing Fri Jul 12 03:03:42 UTC 2019 /home/travis/build/icyphy/ptII/ptolemy/actor/lib/test/auto/arrayType10.xml
----------------- Instantiating /home/travis/build/icyphy/ptII/ptolemy/actor/lib/test/auto/arrayType10.xml
7 ms. Memory: 566272K Free: 386114K (68%)
----------------- Invoking toplevel() on ptolemy.moml.MoMLSimpleApplication@63d934a5
----------------- Done invoking toplevel() on ptolemy.moml.MoMLSimpleApplication@63d934a5
reloadAllAccessors: .arrayType10

===========================================================================================
----------------- testing Fri Jul 12 03:03:42 UTC 2019 /home/travis/build/icyphy/ptII/ptolemy/actor/lib/test/auto/arrayType11.xml
----------------- Instantiating /home/travis/build/icyphy/ptII/ptolemy/actor/lib/test/auto/arrayType11.xml
1 ms. Memory: 566272K Free: 381508K (67%)
----------------- Invoking toplevel() on ptolemy.moml.MoMLSimpleApplication@362d6c45
----------------- Done invoking toplevel() on ptolemy.moml.MoMLSimpleApplication@362d6c45
reloadAllAccessors: .arrayType11

===========================================================================================
----------------- testing Fri Jul 12 03:03:42 UTC 2019 /home/travis/build/icyphy/ptII/ptolemy/actor/lib/test/auto/arrayType12.xml
----------------- Instantiating /home/travis/build/icyphy/ptII/ptolemy/actor/lib/test/auto/arrayType12.xml
1 ms. Memory: 566272K Free: 375874K (66%)
----------------- Invoking toplevel() on ptolemy.moml.MoMLSimpleApplication@2330d789
----------------- Done invoking toplevel() on ptolemy.moml.MoMLSimpleApplication@2330d789
reloadAllAccessors: .arrayType12

===========================================================================================
----------------- testing Fri Jul 12 03:03:42 UTC 2019 /home/travis/build/icyphy/ptII/ptolemy/actor/lib/test/auto/arrayType13.xml
----------------- Instantiating /home/travis/build/icyphy/ptII/ptolemy/actor/lib/test/auto/arrayType13.xml
2 ms. Memory: 566272K Free: 370754K (65%)
----------------- Invoking toplevel() on ptolemy.moml.MoMLSimpleApplication@7f77b0e
----------------- Done invoking toplevel() on ptolemy.moml.MoMLSimpleApplication@7f77b0e
reloadAllAccessors: .arrayType13

===========================================================================================
----------------- testing Fri Jul 12 03:03:42 UTC 2019 /home/travis/build/icyphy/ptII/ptolemy/actor/lib/test/auto/arrayType14.xml
----------------- Instantiating /home/travis/build/icyphy/ptII/ptolemy/actor/lib/test/auto/arrayType14.xml
2 ms. Memory: 566272K Free: 365124K (64%)
----------------- Invoking toplevel() on ptolemy.moml.MoMLSimpleApplication@5671807f
----------------- Done invoking toplevel() on ptolemy.moml.MoMLSimpleApplication@5671807f
reloadAllAccessors: .arrayType14

===========================================================================================
----------------- testing Fri Jul 12 03:03:42 UTC 2019 /home/travis/build/icyphy/ptII/ptolemy/actor/lib/test/auto/arrayType15.xml
----------------- Instantiating /home/travis/build/icyphy/ptII/ptolemy/actor/lib/test/auto/arrayType15.xml
3 ms. Memory: 566272K Free: 360004K (64%)
----------------- Invoking toplevel() on ptolemy.moml.MoMLSimpleApplication@19605288
----------------- Done invoking toplevel() on ptolemy.moml.MoMLSimpleApplication@19605288
reloadAllAccessors: .arrayType15

===========================================================================================
----------------- testing Fri Jul 12 03:03:42 UTC 2019 /home/travis/build/icyphy/ptII/ptolemy/actor/lib/test/auto/arrayType16.xml
----------------- Instantiating /home/travis/build/icyphy/ptII/ptolemy/actor/lib/test/auto/arrayType16.xml
1 ms. Memory: 566272K Free: 354884K (63%)
----------------- Invoking toplevel() on ptolemy.moml.MoMLSimpleApplication@40b0ea65
----------------- Done invoking toplevel() on ptolemy.moml.MoMLSimpleApplication@40b0ea65
reloadAllAccessors: .arrayType16

===========================================================================================
----------------- testing Fri Jul 12 03:03:42 UTC 2019 /home/travis/build/icyphy/ptII/ptolemy/actor/lib/test/auto/arrayType17.xml
----------------- Instantiating /home/travis/build/icyphy/ptII/ptolemy/actor/lib/test/auto/arrayType17.xml
1 ms. Memory: 566272K Free: 349236K (62%)
----------------- Invoking toplevel() on ptolemy.moml.MoMLSimpleApplication@554e9f34
----------------- Done invoking toplevel() on ptolemy.moml.MoMLSimpleApplication@554e9f34
reloadAllAccessors: .arrayType17

===========================================================================================
----------------- testing Fri Jul 12 03:03:42 UTC 2019 /home/travis/build/icyphy/ptII/ptolemy/actor/lib/test/auto/arrayType18.xml
----------------- Instantiating /home/travis/build/icyphy/ptII/ptolemy/actor/lib/test/auto/arrayType18.xml
1 ms. Memory: 566272K Free: 344644K (61%)
----------------- Invoking toplevel() on ptolemy.moml.MoMLSimpleApplication@35596cfc
----------------- Done invoking toplevel() on ptolemy.moml.MoMLSimpleApplication@35596cfc
reloadAllAccessors: .arrayType18

===========================================================================================
----------------- testing Fri Jul 12 03:03:42 UTC 2019 /home/travis/build/icyphy/ptII/ptolemy/actor/lib/test/auto/arrayType19.xml
----------------- Instantiating /home/travis/build/icyphy/ptII/ptolemy/actor/lib/test/auto/arrayType19.xml
1 ms. Memory: 566272K Free: 339524K (60%)
----------------- Invoking toplevel() on ptolemy.moml.MoMLSimpleApplication@72125316
----------------- Done invoking toplevel() on ptolemy.moml.MoMLSimpleApplication@72125316
reloadAllAccessors: .arrayType19

===========================================================================================
----------------- testing Fri Jul 12 03:03:42 UTC 2019 /home/travis/build/icyphy/ptII/ptolemy/actor/lib/test/auto/arrayType2.xml
----------------- Instantiating /home/travis/build/icyphy/ptII/ptolemy/actor/lib/test/auto/arrayType2.xml
2 ms. Memory: 566272K Free: 334404K (59%)
----------------- Invoking toplevel() on ptolemy.moml.MoMLSimpleApplication@1055dd4e
----------------- Done invoking toplevel() on ptolemy.moml.MoMLSimpleApplication@1055dd4e
reloadAllAccessors: .arrayType2

===========================================================================================
----------------- testing Fri Jul 12 03:03:42 UTC 2019 /home/travis/build/icyphy/ptII/ptolemy/actor/lib/test/auto/arrayType20.xml
----------------- Instantiating /home/travis/build/icyphy/ptII/ptolemy/actor/lib/test/auto/arrayType20.xml
2 ms. Memory: 566272K Free: 329284K (58%)
----------------- Invoking toplevel() on ptolemy.moml.MoMLSimpleApplication@7b336653
----------------- Done invoking toplevel() on ptolemy.moml.MoMLSimpleApplication@7b336653
reloadAllAccessors: .arrayType20

===========================================================================================
----------------- testing Fri Jul 12 03:03:42 UTC 2019 /home/travis/build/icyphy/ptII/ptolemy/actor/lib/test/auto/arrayType21.xml
----------------- Instantiating /home/travis/build/icyphy/ptII/ptolemy/actor/lib/test/auto/arrayType21.xml
2 ms. Memory: 566272K Free: 324674K (57%)
----------------- Invoking toplevel() on ptolemy.moml.MoMLSimpleApplication@63ac00f6
----------------- Done invoking toplevel() on ptolemy.moml.MoMLSimpleApplication@63ac00f6
reloadAllAccessors: .arrayType21

===========================================================================================
----------------- testing Fri Jul 12 03:03:42 UTC 2019 /home/travis/build/icyphy/ptII/ptolemy/actor/lib/test/auto/arrayType22.xml
----------------- Instantiating /home/travis/build/icyphy/ptII/ptolemy/actor/lib/test/auto/arrayType22.xml
1 ms. Memory: 566272K Free: 320068K (57%)
----------------- Invoking toplevel() on ptolemy.moml.MoMLSimpleApplication@439365da
----------------- Done invoking toplevel() on ptolemy.moml.MoMLSimpleApplication@439365da
reloadAllAccessors: .arrayType22

===========================================================================================
----------------- testing Fri Jul 12 03:03:42 UTC 2019 /home/travis/build/icyphy/ptII/ptolemy/actor/lib/test/auto/arrayType23.xml
----------------- Instantiating /home/travis/build/icyphy/ptII/ptolemy/actor/lib/test/auto/arrayType23.xml
2 ms. Memory: 566272K Free: 314948K (56%)
----------------- Invoking toplevel() on ptolemy.moml.MoMLSimpleApplication@3b2ca611
----------------- Done invoking toplevel() on ptolemy.moml.MoMLSimpleApplication@3b2ca611
reloadAllAccessors: .arrayType23

===========================================================================================
----------------- testing Fri Jul 12 03:03:42 UTC 2019 /home/travis/build/icyphy/ptII/ptolemy/actor/lib/test/auto/arrayType24.xml
----------------- Instantiating /home/travis/build/icyphy/ptII/ptolemy/actor/lib/test/auto/arrayType24.xml
2 ms. Memory: 566272K Free: 310338K (55%)
----------------- Invoking toplevel() on ptolemy.moml.MoMLSimpleApplication@43447a74
----------------- Done invoking toplevel() on ptolemy.moml.MoMLSimpleApplication@43447a74
reloadAllAccessors: .arrayType24

===========================================================================================
----------------- testing Fri Jul 12 03:03:42 UTC 2019 /home/travis/build/icyphy/ptII/ptolemy/actor/lib/test/auto/arrayType25.xml
----------------- Instantiating /home/travis/build/icyphy/ptII/ptolemy/actor/lib/test/auto/arrayType25.xml
2 ms. Memory: 566272K Free: 304708K (54%)
----------------- Invoking toplevel() on ptolemy.moml.MoMLSimpleApplication@35569956
----------------- Done invoking toplevel() on ptolemy.moml.MoMLSimpleApplication@35569956
reloadAllAccessors: .arrayType25

===========================================================================================
----------------- testing Fri Jul 12 03:03:42 UTC 2019 /home/travis/build/icyphy/ptII/ptolemy/actor/lib/test/auto/arrayType26.xml
----------------- Instantiating /home/travis/build/icyphy/ptII/ptolemy/actor/lib/test/auto/arrayType26.xml
2 ms. Memory: 566272K Free: 299588K (53%)
----------------- Invoking toplevel() on ptolemy.moml.MoMLSimpleApplication@5ec42a69
----------------- Done invoking toplevel() on ptolemy.moml.MoMLSimpleApplication@5ec42a69
reloadAllAccessors: .arrayType26

===========================================================================================
----------------- testing Fri Jul 12 03:03:42 UTC 2019 /home/travis/build/icyphy/ptII/ptolemy/actor/lib/test/auto/arrayType27.xml
----------------- Instantiating /home/travis/build/icyphy/ptII/ptolemy/actor/lib/test/auto/arrayType27.xml
2 ms. Memory: 566272K Free: 293954K (52%)
----------------- Invoking toplevel() on ptolemy.moml.MoMLSimpleApplication@4527bf0c
----------------- Done invoking toplevel() on ptolemy.moml.MoMLSimpleApplication@4527bf0c
reloadAllAccessors: .arrayType27

===========================================================================================
----------------- testing Fri Jul 12 03:03:42 UTC 2019 /home/travis/build/icyphy/ptII/ptolemy/actor/lib/test/auto/arrayType28.xml
----------------- Instantiating /home/travis/build/icyphy/ptII/ptolemy/actor/lib/test/auto/arrayType28.xml
1 ms. Memory: 566272K Free: 288834K (51%)
----------------- Invoking toplevel() on ptolemy.moml.MoMLSimpleApplication@49830f3
----------------- Done invoking toplevel() on ptolemy.moml.MoMLSimpleApplication@49830f3
reloadAllAccessors: .arrayType28

===========================================================================================
----------------- testing Fri Jul 12 03:03:42 UTC 2019 /home/travis/build/icyphy/ptII/ptolemy/actor/lib/test/auto/arrayType3.xml
----------------- Instantiating /home/travis/build/icyphy/ptII/ptolemy/actor/lib/test/auto/arrayType3.xml
3 ms. Memory: 566272K Free: 283204K (50%)
----------------- Invoking toplevel() on ptolemy.moml.MoMLSimpleApplication@66e8d58e
----------------- Done invoking toplevel() on ptolemy.moml.MoMLSimpleApplication@66e8d58e
reloadAllAccessors: .arrayType3

===========================================================================================
----------------- testing Fri Jul 12 03:03:42 UTC 2019 /home/travis/build/icyphy/ptII/ptolemy/actor/lib/test/auto/arrayType4.xml
----------------- Instantiating /home/travis/build/icyphy/ptII/ptolemy/actor/lib/test/auto/arrayType4.xml
1 ms. Memory: 566272K Free: 278084K (49%)
----------------- Invoking toplevel() on ptolemy.moml.MoMLSimpleApplication@8eca139
----------------- Done invoking toplevel() on ptolemy.moml.MoMLSimpleApplication@8eca139
reloadAllAccessors: .arrayType4

===========================================================================================
----------------- testing Fri Jul 12 03:03:42 UTC 2019 /home/travis/build/icyphy/ptII/ptolemy/actor/lib/test/auto/arrayType5.xml
----------------- Instantiating /home/travis/build/icyphy/ptII/ptolemy/actor/lib/test/auto/arrayType5.xml
11 ms. Memory: 566272K Free: 272450K (48%)
----------------- Invoking toplevel() on ptolemy.moml.MoMLSimpleApplication@2039ce02
----------------- Done invoking toplevel() on ptolemy.moml.MoMLSimpleApplication@2039ce02
reloadAllAccessors: .arrayType5

===========================================================================================
----------------- testing Fri Jul 12 03:03:42 UTC 2019 /home/travis/build/icyphy/ptII/ptolemy/actor/lib/test/auto/arrayType6.xml
----------------- Instantiating /home/travis/build/icyphy/ptII/ptolemy/actor/lib/test/auto/arrayType6.xml
1 ms. Memory: 566272K Free: 267844K (47%)
----------------- Invoking toplevel() on ptolemy.moml.MoMLSimpleApplication@35b123bb
----------------- Done invoking toplevel() on ptolemy.moml.MoMLSimpleApplication@35b123bb
reloadAllAccessors: .arrayType6

===========================================================================================
----------------- testing Fri Jul 12 03:03:42 UTC 2019 /home/travis/build/icyphy/ptII/ptolemy/actor/lib/test/auto/arrayType7.xml
----------------- Instantiating /home/travis/build/icyphy/ptII/ptolemy/actor/lib/test/auto/arrayType7.xml
1 ms. Memory: 566272K Free: 262724K (46%)
----------------- Invoking toplevel() on ptolemy.moml.MoMLSimpleApplication@691033ea
----------------- Done invoking toplevel() on ptolemy.moml.MoMLSimpleApplication@691033ea
reloadAllAccessors: .arrayType7

===========================================================================================
----------------- testing Fri Jul 12 03:03:42 UTC 2019 /home/travis/build/icyphy/ptII/ptolemy/actor/lib/test/auto/arrayType8.xml
----------------- Instantiating /home/travis/build/icyphy/ptII/ptolemy/actor/lib/test/auto/arrayType8.xml
1 ms. Memory: 566272K Free: 258114K (46%)
----------------- Invoking toplevel() on ptolemy.moml.MoMLSimpleApplication@3fb6ca3d
----------------- Done invoking toplevel() on ptolemy.moml.MoMLSimpleApplication@3fb6ca3d
reloadAllAccessors: .arrayType8

===========================================================================================
----------------- testing Fri Jul 12 03:03:42 UTC 2019 /home/travis/build/icyphy/ptII/ptolemy/actor/lib/test/auto/arrayType9.xml
----------------- Instantiating /home/travis/build/icyphy/ptII/ptolemy/actor/lib/test/auto/arrayType9.xml
2 ms. Memory: 566272K Free: 252994K (45%)
----------------- Invoking toplevel() on ptolemy.moml.MoMLSimpleApplication@3ee30f54
----------------- Done invoking toplevel() on ptolemy.moml.MoMLSimpleApplication@3ee30f54
reloadAllAccessors: .arrayType9

===========================================================================================
----------------- testing Fri Jul 12 03:03:42 UTC 2019 /home/travis/build/icyphy/ptII/ptolemy/actor/lib/test/auto/cast.xml
----------------- Instantiating /home/travis/build/icyphy/ptII/ptolemy/actor/lib/test/auto/cast.xml
3 ms. Memory: 566272K Free: 248388K (44%)
----------------- Invoking toplevel() on ptolemy.moml.MoMLSimpleApplication@1e7841f5
----------------- Done invoking toplevel() on ptolemy.moml.MoMLSimpleApplication@1e7841f5
reloadAllAccessors: .cast

===========================================================================================
----------------- testing Fri Jul 12 03:03:42 UTC 2019 /home/travis/build/icyphy/ptII/ptolemy/actor/lib/test/auto/compositeMultiPort.xml
----------------- Instantiating /home/travis/build/icyphy/ptII/ptolemy/actor/lib/test/auto/compositeMultiPort.xml
4 ms. Memory: 566272K Free: 239172K (42%)
----------------- Invoking toplevel() on ptolemy.moml.MoMLSimpleApplication@57801a21
----------------- Done invoking toplevel() on ptolemy.moml.MoMLSimpleApplication@57801a21
reloadAllAccessors: .compositeMultiPort

===========================================================================================
----------------- testing Fri Jul 12 03:03:42 UTC 2019 /home/travis/build/icyphy/ptII/ptolemy/actor/lib/test/auto/expressionCastInference.xml
----------------- Instantiating /home/travis/build/icyphy/ptII/ptolemy/actor/lib/test/auto/expressionCastInference.xml
2 ms. Memory: 566272K Free: 234562K (41%)
----------------- Invoking toplevel() on ptolemy.moml.MoMLSimpleApplication@20435b49
----------------- Done invoking toplevel() on ptolemy.moml.MoMLSimpleApplication@20435b49
reloadAllAccessors: .expressionCastInference

===========================================================================================
----------------- testing Fri Jul 12 03:03:42 UTC 2019 /home/travis/build/icyphy/ptII/ptolemy/actor/lib/test/auto/expressionCastInference2.xml
----------------- Instantiating /home/travis/build/icyphy/ptII/ptolemy/actor/lib/test/auto/expressionCastInference2.xml
3 ms. Memory: 566272K Free: 229442K (41%)
----------------- Invoking toplevel() on ptolemy.moml.MoMLSimpleApplication@1759a0c2
----------------- Done invoking toplevel() on ptolemy.moml.MoMLSimpleApplication@1759a0c2
reloadAllAccessors: .expressionCastInference2

===========================================================================================
----------------- testing Fri Jul 12 03:03:42 UTC 2019 /home/travis/build/icyphy/ptII/ptolemy/actor/lib/test/auto/expressionInference.xml
----------------- Instantiating /home/travis/build/icyphy/ptII/ptolemy/actor/lib/test/auto/expressionInference.xml
1 ms. Memory: 566272K Free: 225346K (40%)
----------------- Invoking toplevel() on ptolemy.moml.MoMLSimpleApplication@ab24886
----------------- Done invoking toplevel() on ptolemy.moml.MoMLSimpleApplication@ab24886
reloadAllAccessors: .expressionInference

===========================================================================================
----------------- testing Fri Jul 12 03:03:42 UTC 2019 /home/travis/build/icyphy/ptII/ptolemy/actor/lib/test/auto/expression_bug.xml
----------------- Instantiating /home/travis/build/icyphy/ptII/ptolemy/actor/lib/test/auto/expression_bug.xml
1 ms. Memory: 566272K Free: 220740K (39%)
----------------- Invoking toplevel() on ptolemy.moml.MoMLSimpleApplication@2d9b6bb9
----------------- Done invoking toplevel() on ptolemy.moml.MoMLSimpleApplication@2d9b6bb9
reloadAllAccessors: .expression_bug

===========================================================================================
----------------- testing Fri Jul 12 03:03:42 UTC 2019 /home/travis/build/icyphy/ptII/ptolemy/actor/lib/test/auto/factorial.xml
----------------- Instantiating /home/travis/build/icyphy/ptII/ptolemy/actor/lib/test/auto/factorial.xml
41 ms. Memory: 566272K Free: 212548K (38%)
----------------- Invoking toplevel() on ptolemy.moml.MoMLSimpleApplication@2049081c
----------------- Done invoking toplevel() on ptolemy.moml.MoMLSimpleApplication@2049081c
reloadAllAccessors: .factorial

===========================================================================================
----------------- testing Fri Jul 12 03:03:42 UTC 2019 /home/travis/build/icyphy/ptII/ptolemy/actor/lib/test/auto/filterTest1.xml
----------------- Instantiating /home/travis/build/icyphy/ptII/ptolemy/actor/lib/test/auto/filterTest1.xml
7 ms. Memory: 566272K Free: 206404K (36%)
----------------- Invoking toplevel() on ptolemy.moml.MoMLSimpleApplication@3d6bc335
----------------- Done invoking toplevel() on ptolemy.moml.MoMLSimpleApplication@3d6bc335
reloadAllAccessors: .filterTest1

===========================================================================================
----------------- testing Fri Jul 12 03:03:42 UTC 2019 /home/travis/build/icyphy/ptII/ptolemy/actor/lib/test/auto/funcApplyInConst.xml
----------------- Instantiating /home/travis/build/icyphy/ptII/ptolemy/actor/lib/test/auto/funcApplyInConst.xml
1 ms. Memory: 566272K Free: 202818K (36%)
----------------- Invoking toplevel() on ptolemy.moml.MoMLSimpleApplication@15e36d7e
----------------- Done invoking toplevel() on ptolemy.moml.MoMLSimpleApplication@15e36d7e
reloadAllAccessors: .funcApplyInConst

===========================================================================================
----------------- testing Fri Jul 12 03:03:42 UTC 2019 /home/travis/build/icyphy/ptII/ptolemy/actor/lib/test/auto/funcApplyInExpr.xml
----------------- Instantiating /home/travis/build/icyphy/ptII/ptolemy/actor/lib/test/auto/funcApplyInExpr.xml
2 ms. Memory: 566272K Free: 198722K (35%)
----------------- Invoking toplevel() on ptolemy.moml.MoMLSimpleApplication@7472a15e
----------------- Done invoking toplevel() on ptolemy.moml.MoMLSimpleApplication@7472a15e
reloadAllAccessors: .funcApplyInExpr

===========================================================================================
----------------- testing Fri Jul 12 03:03:42 UTC 2019 /home/travis/build/icyphy/ptII/ptolemy/actor/lib/test/auto/function.xml
----------------- Instantiating /home/travis/build/icyphy/ptII/ptolemy/actor/lib/test/auto/function.xml
6 ms. Memory: 566272K Free: 194116K (34%)
----------------- Invoking toplevel() on ptolemy.moml.MoMLSimpleApplication@67b492b4
----------------- Done invoking toplevel() on ptolemy.moml.MoMLSimpleApplication@67b492b4
reloadAllAccessors: .function

===========================================================================================
----------------- testing Fri Jul 12 03:03:42 UTC 2019 /home/travis/build/icyphy/ptII/ptolemy/actor/lib/test/auto/function2.xml
----------------- Instantiating /home/travis/build/icyphy/ptII/ptolemy/actor/lib/test/auto/function2.xml
2 ms. Memory: 566272K Free: 188996K (33%)
----------------- Invoking toplevel() on ptolemy.moml.MoMLSimpleApplication@2f3c7449
----------------- Done invoking toplevel() on ptolemy.moml.MoMLSimpleApplication@2f3c7449
reloadAllAccessors: .function2

===========================================================================================
----------------- testing Fri Jul 12 03:03:42 UTC 2019 /home/travis/build/icyphy/ptII/ptolemy/actor/lib/test/auto/function3.xml
----------------- Instantiating /home/travis/build/icyphy/ptII/ptolemy/actor/lib/test/auto/function3.xml
2 ms. Memory: 566272K Free: 512580K (91%)
----------------- Invoking toplevel() on ptolemy.moml.MoMLSimpleApplication@f7608f0
----------------- Done invoking toplevel() on ptolemy.moml.MoMLSimpleApplication@f7608f0
reloadAllAccessors: .function3

===========================================================================================
----------------- testing Fri Jul 12 03:03:42 UTC 2019 /home/travis/build/icyphy/ptII/ptolemy/actor/lib/test/auto/functionClosureTest1.xml
----------------- Instantiating /home/travis/build/icyphy/ptII/ptolemy/actor/lib/test/auto/functionClosureTest1.xml
2 ms. Memory: 566272K Free: 506436K (89%)
----------------- Invoking toplevel() on ptolemy.moml.MoMLSimpleApplication@1afaa69
----------------- Done invoking toplevel() on ptolemy.moml.MoMLSimpleApplication@1afaa69
reloadAllAccessors: .functionClosureTest1

===========================================================================================
----------------- testing Fri Jul 12 03:03:43 UTC 2019 /home/travis/build/icyphy/ptII/ptolemy/actor/lib/test/auto/functionClosureTest2.xml
----------------- Instantiating /home/travis/build/icyphy/ptII/ptolemy/actor/lib/test/auto/functionClosureTest2.xml
1 ms. Memory: 566272K Free: 502340K (89%)
----------------- Invoking toplevel() on ptolemy.moml.MoMLSimpleApplication@6dd304d3
----------------- Done invoking toplevel() on ptolemy.moml.MoMLSimpleApplication@6dd304d3
reloadAllAccessors: .functionClosureTest2

===========================================================================================
----------------- testing Fri Jul 12 03:03:43 UTC 2019 /home/travis/build/icyphy/ptII/ptolemy/actor/lib/test/auto/functionClosureTest3.xml
----------------- Instantiating /home/travis/build/icyphy/ptII/ptolemy/actor/lib/test/auto/functionClosureTest3.xml
2 ms. Memory: 566272K Free: 497220K (88%)
----------------- Invoking toplevel() on ptolemy.moml.MoMLSimpleApplication@6ae359b
----------------- Done invoking toplevel() on ptolemy.moml.MoMLSimpleApplication@6ae359b
reloadAllAccessors: .functionClosureTest3

===========================================================================================
----------------- testing Fri Jul 12 03:03:43 UTC 2019 /home/travis/build/icyphy/ptII/ptolemy/actor/lib/test/auto/functionClosureTest4.xml
----------------- Instantiating /home/travis/build/icyphy/ptII/ptolemy/actor/lib/test/auto/functionClosureTest4.xml
4 ms. Memory: 566272K Free: 490562K (87%)
----------------- Invoking toplevel() on ptolemy.moml.MoMLSimpleApplication@1f5ba476
----------------- Done invoking toplevel() on ptolemy.moml.MoMLSimpleApplication@1f5ba476
reloadAllAccessors: .functionClosureTest4

===========================================================================================
----------------- testing Fri Jul 12 03:03:43 UTC 2019 /home/travis/build/icyphy/ptII/ptolemy/actor/lib/test/auto/functionClosureTest5.xml
----------------- Instantiating /home/travis/build/icyphy/ptII/ptolemy/actor/lib/test/auto/functionClosureTest5.xml
10 ms. Memory: 566272K Free: 485428K (86%)
----------------- Invoking toplevel() on ptolemy.moml.MoMLSimpleApplication@21654acb
----------------- Done invoking toplevel() on ptolemy.moml.MoMLSimpleApplication@21654acb
reloadAllAccessors: .functionClosureTest5

===========================================================================================
----------------- testing Fri Jul 12 03:03:43 UTC 2019 /home/travis/build/icyphy/ptII/ptolemy/actor/lib/test/auto/functionClosureTest6.xml
----------------- Instantiating /home/travis/build/icyphy/ptII/ptolemy/actor/lib/test/auto/functionClosureTest6.xml
2 ms. Memory: 566272K Free: 480322K (85%)
----------------- Invoking toplevel() on ptolemy.moml.MoMLSimpleApplication@38102de1
----------------- Done invoking toplevel() on ptolemy.moml.MoMLSimpleApplication@38102de1
reloadAllAccessors: .functionClosureTest6

===========================================================================================
----------------- testing Fri Jul 12 03:03:43 UTC 2019 /home/travis/build/icyphy/ptII/ptolemy/actor/lib/test/auto/functionsOnArcs.xml
----------------- Instantiating /home/travis/build/icyphy/ptII/ptolemy/actor/lib/test/auto/functionsOnArcs.xml
2 ms. Memory: 566272K Free: 475202K (84%)
----------------- Invoking toplevel() on ptolemy.moml.MoMLSimpleApplication@2f85512
----------------- Done invoking toplevel() on ptolemy.moml.MoMLSimpleApplication@2f85512
reloadAllAccessors: .functionsOnArcs

===========================================================================================
----------------- testing Fri Jul 12 03:03:43 UTC 2019 /home/travis/build/icyphy/ptII/ptolemy/actor/lib/test/auto/functionsOnArcsHOF.xml
----------------- Instantiating /home/travis/build/icyphy/ptII/ptolemy/actor/lib/test/auto/functionsOnArcsHOF.xml
11 ms. Memory: 566272K Free: 469058K (83%)
----------------- Invoking toplevel() on ptolemy.moml.MoMLSimpleApplication@f02d7c7
----------------- Done invoking toplevel() on ptolemy.moml.MoMLSimpleApplication@f02d7c7
reloadAllAccessors: .functionsOnArcsHOF

===========================================================================================
----------------- testing Fri Jul 12 03:03:43 UTC 2019 /home/travis/build/icyphy/ptII/ptolemy/actor/lib/test/auto/logic.xml
----------------- Instantiating /home/travis/build/icyphy/ptII/ptolemy/actor/lib/test/auto/logic.xml
2 ms. Memory: 566272K Free: 461890K (82%)
----------------- Invoking toplevel() on ptolemy.moml.MoMLSimpleApplication@34a8bbb9
----------------- Done invoking toplevel() on ptolemy.moml.MoMLSimpleApplication@34a8bbb9
reloadAllAccessors: .logic

===========================================================================================
----------------- testing Fri Jul 12 03:03:43 UTC 2019 /home/travis/build/icyphy/ptII/ptolemy/actor/lib/test/auto/matrixType.xml
----------------- Instantiating /home/travis/build/icyphy/ptII/ptolemy/actor/lib/test/auto/matrixType.xml
2 ms. Memory: 566272K Free: 456770K (81%)
----------------- Invoking toplevel() on ptolemy.moml.MoMLSimpleApplication@7d2169f7
----------------- Done invoking toplevel() on ptolemy.moml.MoMLSimpleApplication@7d2169f7
reloadAllAccessors: .matrixType

===========================================================================================
----------------- testing Fri Jul 12 03:03:43 UTC 2019 /home/travis/build/icyphy/ptII/ptolemy/actor/lib/test/auto/matrixType10.xml
----------------- Instantiating /home/travis/build/icyphy/ptII/ptolemy/actor/lib/test/auto/matrixType10.xml
2 ms. Memory: 566272K Free: 452164K (80%)
----------------- Invoking toplevel() on ptolemy.moml.MoMLSimpleApplication@683b01ae
----------------- Done invoking toplevel() on ptolemy.moml.MoMLSimpleApplication@683b01ae
reloadAllAccessors: .matrixType10

===========================================================================================
----------------- testing Fri Jul 12 03:03:43 UTC 2019 /home/travis/build/icyphy/ptII/ptolemy/actor/lib/test/auto/matrixType11.xml
----------------- Instantiating /home/travis/build/icyphy/ptII/ptolemy/actor/lib/test/auto/matrixType11.xml
1 ms. Memory: 566272K Free: 447044K (79%)
----------------- Invoking toplevel() on ptolemy.moml.MoMLSimpleApplication@28f91c39
----------------- Done invoking toplevel() on ptolemy.moml.MoMLSimpleApplication@28f91c39
reloadAllAccessors: .matrixType11

===========================================================================================
----------------- testing Fri Jul 12 03:03:43 UTC 2019 /home/travis/build/icyphy/ptII/ptolemy/actor/lib/test/auto/matrixType12.xml
----------------- Instantiating /home/travis/build/icyphy/ptII/ptolemy/actor/lib/test/auto/matrixType12.xml
1 ms. Memory: 566272K Free: 441924K (78%)
----------------- Invoking toplevel() on ptolemy.moml.MoMLSimpleApplication@6930c36c
----------------- Done invoking toplevel() on ptolemy.moml.MoMLSimpleApplication@6930c36c
reloadAllAccessors: .matrixType12

===========================================================================================
----------------- testing Fri Jul 12 03:03:43 UTC 2019 /home/travis/build/icyphy/ptII/ptolemy/actor/lib/test/auto/matrixType13.xml
----------------- Instantiating /home/travis/build/icyphy/ptII/ptolemy/actor/lib/test/auto/matrixType13.xml
2 ms. Memory: 566272K Free: 437314K (77%)
----------------- Invoking toplevel() on ptolemy.moml.MoMLSimpleApplication@e340da
----------------- Done invoking toplevel() on ptolemy.moml.MoMLSimpleApplication@e340da
reloadAllAccessors: .matrixType13

===========================================================================================
----------------- testing Fri Jul 12 03:03:43 UTC 2019 /home/travis/build/icyphy/ptII/ptolemy/actor/lib/test/auto/matrixType14.xml
----------------- Instantiating /home/travis/build/icyphy/ptII/ptolemy/actor/lib/test/auto/matrixType14.xml
1 ms. Memory: 566272K Free: 432194K (76%)
----------------- Invoking toplevel() on ptolemy.moml.MoMLSimpleApplication@a7e376a
----------------- Done invoking toplevel() on ptolemy.moml.MoMLSimpleApplication@a7e376a
reloadAllAccessors: .matrixType14

===========================================================================================
----------------- testing Fri Jul 12 03:03:43 UTC 2019 /home/travis/build/icyphy/ptII/ptolemy/actor/lib/test/auto/matrixType2.xml
----------------- Instantiating /home/travis/build/icyphy/ptII/ptolemy/actor/lib/test/auto/matrixType2.xml
2 ms. Memory: 566272K Free: 427074K (75%)
----------------- Invoking toplevel() on ptolemy.moml.MoMLSimpleApplication@5f65cbd8
----------------- Done invoking toplevel() on ptolemy.moml.MoMLSimpleApplication@5f65cbd8
reloadAllAccessors: .matrixType2

===========================================================================================
----------------- testing Fri Jul 12 03:03:43 UTC 2019 /home/travis/build/icyphy/ptII/ptolemy/actor/lib/test/auto/matrixType3.xml
----------------- Instantiating /home/travis/build/icyphy/ptII/ptolemy/actor/lib/test/auto/matrixType3.xml
4 ms. Memory: 566272K Free: 422468K (75%)
----------------- Invoking toplevel() on ptolemy.moml.MoMLSimpleApplication@5e54b220
----------------- Done invoking toplevel() on ptolemy.moml.MoMLSimpleApplication@5e54b220
reloadAllAccessors: .matrixType3

===========================================================================================
----------------- testing Fri Jul 12 03:03:43 UTC 2019 /home/travis/build/icyphy/ptII/ptolemy/actor/lib/test/auto/matrixType4.xml
----------------- Instantiating /home/travis/build/icyphy/ptII/ptolemy/actor/lib/test/auto/matrixType4.xml
1 ms. Memory: 566272K Free: 417348K (74%)
----------------- Invoking toplevel() on ptolemy.moml.MoMLSimpleApplication@308bff7
----------------- Done invoking toplevel() on ptolemy.moml.MoMLSimpleApplication@308bff7
reloadAllAccessors: .matrixType4

===========================================================================================
----------------- testing Fri Jul 12 03:03:43 UTC 2019 /home/travis/build/icyphy/ptII/ptolemy/actor/lib/test/auto/matrixType5.xml
----------------- Instantiating /home/travis/build/icyphy/ptII/ptolemy/actor/lib/test/auto/matrixType5.xml
2 ms. Memory: 566272K Free: 412738K (73%)
----------------- Invoking toplevel() on ptolemy.moml.MoMLSimpleApplication@17fd0f54
----------------- Done invoking toplevel() on ptolemy.moml.MoMLSimpleApplication@17fd0f54
reloadAllAccessors: .matrixType5

===========================================================================================
----------------- testing Fri Jul 12 03:03:43 UTC 2019 /home/travis/build/icyphy/ptII/ptolemy/actor/lib/test/auto/matrixType6.xml
----------------- Instantiating /home/travis/build/icyphy/ptII/ptolemy/actor/lib/test/auto/matrixType6.xml
2 ms. Memory: 566272K Free: 407618K (72%)
----------------- Invoking toplevel() on ptolemy.moml.MoMLSimpleApplication@4d7c6c3f
----------------- Done invoking toplevel() on ptolemy.moml.MoMLSimpleApplication@4d7c6c3f
reloadAllAccessors: .matrixType6

===========================================================================================
----------------- testing Fri Jul 12 03:03:43 UTC 2019 /home/travis/build/icyphy/ptII/ptolemy/actor/lib/test/auto/matrixType7.xml
----------------- Instantiating /home/travis/build/icyphy/ptII/ptolemy/actor/lib/test/auto/matrixType7.xml
2 ms. Memory: 566272K Free: 403012K (71%)
----------------- Invoking toplevel() on ptolemy.moml.MoMLSimpleApplication@56aa1a7a
----------------- Done invoking toplevel() on ptolemy.moml.MoMLSimpleApplication@56aa1a7a
reloadAllAccessors: .matrixType7

===========================================================================================
----------------- testing Fri Jul 12 03:03:43 UTC 2019 /home/travis/build/icyphy/ptII/ptolemy/actor/lib/test/auto/matrixType8.xml
----------------- Instantiating /home/travis/build/icyphy/ptII/ptolemy/actor/lib/test/auto/matrixType8.xml
2 ms. Memory: 566272K Free: 397892K (70%)
----------------- Invoking toplevel() on ptolemy.moml.MoMLSimpleApplication@7a521edf
----------------- Done invoking toplevel() on ptolemy.moml.MoMLSimpleApplication@7a521edf
reloadAllAccessors: .matrixType8

===========================================================================================
----------------- testing Fri Jul 12 03:03:43 UTC 2019 /home/travis/build/icyphy/ptII/ptolemy/actor/lib/test/auto/matrixType9.xml
----------------- Instantiating /home/travis/build/icyphy/ptII/ptolemy/actor/lib/test/auto/matrixType9.xml
1 ms. Memory: 566272K Free: 393282K (69%)
----------------- Invoking toplevel() on ptolemy.moml.MoMLSimpleApplication@70943ab3
----------------- Done invoking toplevel() on ptolemy.moml.MoMLSimpleApplication@70943ab3
reloadAllAccessors: .matrixType9

===========================================================================================
----------------- testing Fri Jul 12 03:03:43 UTC 2019 /home/travis/build/icyphy/ptII/ptolemy/actor/lib/test/auto/paraFunctest.xml
----------------- Instantiating /home/travis/build/icyphy/ptII/ptolemy/actor/lib/test/auto/paraFunctest.xml
2 ms. Memory: 566272K Free: 388676K (69%)
----------------- Invoking toplevel() on ptolemy.moml.MoMLSimpleApplication@41e966b4
----------------- Done invoking toplevel() on ptolemy.moml.MoMLSimpleApplication@41e966b4
reloadAllAccessors: .paraFunctest

===========================================================================================
----------------- testing Fri Jul 12 03:03:43 UTC 2019 /home/travis/build/icyphy/ptII/ptolemy/actor/lib/test/auto/paraFunctest2.xml
----------------- Instantiating /home/travis/build/icyphy/ptII/ptolemy/actor/lib/test/auto/paraFunctest2.xml
1 ms. Memory: 566272K Free: 384066K (68%)
----------------- Invoking toplevel() on ptolemy.moml.MoMLSimpleApplication@6be6d0e2
----------------- Done invoking toplevel() on ptolemy.moml.MoMLSimpleApplication@6be6d0e2
reloadAllAccessors: .paraFunctest2

===========================================================================================
----------------- testing Fri Jul 12 03:03:43 UTC 2019 /home/travis/build/icyphy/ptII/ptolemy/actor/lib/test/auto/parameterPassing.xml
----------------- Instantiating /home/travis/build/icyphy/ptII/ptolemy/actor/lib/test/auto/parameterPassing.xml
1 ms. Memory: 566272K Free: 379460K (67%)
----------------- Invoking toplevel() on ptolemy.moml.MoMLSimpleApplication@1ec52e54
----------------- Done invoking toplevel() on ptolemy.moml.MoMLSimpleApplication@1ec52e54
reloadAllAccessors: .parameterPassing

===========================================================================================
----------------- testing Fri Jul 12 03:03:43 UTC 2019 /home/travis/build/icyphy/ptII/ptolemy/actor/lib/test/auto/record.xml
----------------- Instantiating /home/travis/build/icyphy/ptII/ptolemy/actor/lib/test/auto/record.xml
2 ms. Memory: 566272K Free: 374850K (66%)
----------------- Invoking toplevel() on ptolemy.moml.MoMLSimpleApplication@24db722f
----------------- Done invoking toplevel() on ptolemy.moml.MoMLSimpleApplication@24db722f
reloadAllAccessors: .record

===========================================================================================
----------------- testing Fri Jul 12 03:03:43 UTC 2019 /home/travis/build/icyphy/ptII/ptolemy/actor/lib/test/auto/sizedarray1.xml
----------------- Instantiating /home/travis/build/icyphy/ptII/ptolemy/actor/lib/test/auto/sizedarray1.xml
1 ms. Memory: 566272K Free: 369220K (65%)
----------------- Invoking toplevel() on ptolemy.moml.MoMLSimpleApplication@58dd24f5
----------------- Done invoking toplevel() on ptolemy.moml.MoMLSimpleApplication@58dd24f5
reloadAllAccessors: .sizedarray1

===========================================================================================
----------------- testing Fri Jul 12 03:03:43 UTC 2019 /home/travis/build/icyphy/ptII/ptolemy/actor/lib/test/auto/sizedarray2.xml
----------------- Instantiating /home/travis/build/icyphy/ptII/ptolemy/actor/lib/test/auto/sizedarray2.xml
3 ms. Memory: 566272K Free: 363586K (64%)
----------------- Invoking toplevel() on ptolemy.moml.MoMLSimpleApplication@10ea8b77
----------------- Done invoking toplevel() on ptolemy.moml.MoMLSimpleApplication@10ea8b77
reloadAllAccessors: .sizedarray2

===========================================================================================
----------------- testing Fri Jul 12 03:03:43 UTC 2019 /home/travis/build/icyphy/ptII/ptolemy/actor/lib/test/auto/twoPublishers.xml
----------------- Instantiating /home/travis/build/icyphy/ptII/ptolemy/actor/lib/test/auto/twoPublishers.xml
7 ms. Memory: 566272K Free: 353332K (62%)
----------------- Invoking toplevel() on ptolemy.moml.MoMLSimpleApplication@421df060
----------------- Done invoking toplevel() on ptolemy.moml.MoMLSimpleApplication@421df060
reloadAllAccessors: .twoPublishers
AutoTests.java: About to close Vertx.
AutoTests.java: Vertx closed.
]]></system-out>
  <system-err><![CDATA[java.lang.RuntimeException: Execution failed
	at ptolemy.moml.MoMLSimpleApplication$UnloadThread.run(MoMLSimpleApplication.java:402)
Caused by: java.lang.RuntimeException: StringUtilities.exit() was called. Normally, we would exit here because Manager.exitAfterWrapup() was called.  However, because the ptolemy.ptII.exitAfterWrapup property is set, we throw this exception instead.
	at ptolemy.util.StringUtilities.exit(StringUtilities.java:363)
	at ptolemy.actor.Manager.wrapup(Manager.java:1531)
	at ptolemy.actor.Manager.execute(Manager.java:407)
	at ptolemy.actor.Manager.run(Manager.java:1263)
	at ptolemy.actor.Manager$PtolemyRunThread.run(Manager.java:1915)
Warning: '.top.test' is in training mode, set the trainingMode parameter to false before checking in
Warning: '.top.test' is in training mode, set the trainingMode parameter to false before checking in
Warning: '.top.test' is in training mode, set the trainingMode parameter to false before checking in
Warning: '.BooleanSwitch_RegressionTest_WrongTrainingValues.Test' is in training mode, set the trainingMode parameter to false before checking in
Warning: '.BooleanSwitch_RegressionTest_WrongTrainingValues.Test2' is in training mode, set the trainingMode parameter to false before checking in
Warning: '.BooleanSwitch_RegressionTest_WrongTrainingValues.Test2' The test produced 0 tokens.
Warning: '.top.testExceptionHandler' is in training mode, set the trainingMode parameter to false before checking in
java.lang.RuntimeException: Execution failed
	at ptolemy.moml.MoMLSimpleApplication$UnloadThread.run(MoMLSimpleApplication.java:402)
Caused by: ptolemy.kernel.util.IllegalActionException: PublisherPorts cannot be used at the top level, use a Publisher actor instead.
  in .PublisherPortToplevelSubscriber.PublisherPort
	at ptolemy.actor.PublisherPort.preinitialize(PublisherPort.java:403)
	at ptolemy.actor.CompositeActor.preinitialize(CompositeActor.java:1769)
	at ptolemy.actor.Manager.preinitializeAndResolveTypes(Manager.java:1040)
	at ptolemy.actor.Manager.initialize(Manager.java:710)
	at ptolemy.actor.Manager.execute(Manager.java:356)
	at ptolemy.actor.Manager.run(Manager.java:1263)
	at ptolemy.actor.Manager$PtolemyRunThread.run(Manager.java:1915)
java.lang.reflect.InvocationTargetException
	at java.base/jdk.internal.reflect.NativeConstructorAccessorImpl.newInstance0(Native Method)
	at java.base/jdk.internal.reflect.NativeConstructorAccessorImpl.newInstance(NativeConstructorAccessorImpl.java:62)
	at java.base/jdk.internal.reflect.DelegatingConstructorAccessorImpl.newInstance(DelegatingConstructorAccessorImpl.java:45)
	at java.base/java.lang.reflect.Constructor.newInstance(Constructor.java:490)
	at ptolemy.util.test.junit.AutoKnownFailedTests.RunModel(AutoKnownFailedTests.java:105)
	at java.base/jdk.internal.reflect.NativeMethodAccessorImpl.invoke0(Native Method)
	at java.base/jdk.internal.reflect.NativeMethodAccessorImpl.invoke(NativeMethodAccessorImpl.java:62)
	at java.base/jdk.internal.reflect.DelegatingMethodAccessorImpl.invoke(DelegatingMethodAccessorImpl.java:43)
	at java.base/java.lang.reflect.Method.invoke(Method.java:566)
	at org.junit.runners.model.FrameworkMethod$1.runReflectiveCall(FrameworkMethod.java:44)
	at org.junit.internal.runners.model.ReflectiveCallable.run(ReflectiveCallable.java:15)
	at org.junit.runners.model.FrameworkMethod.invokeExplosively(FrameworkMethod.java:41)
	at junitparams.internal.InvokeParameterisedMethod.evaluate(InvokeParameterisedMethod.java:102)
	at org.junit.internal.runners.statements.FailOnTimeout$1.run(FailOnTimeout.java:28)
Caused by: ptolemy.kernel.util.IllegalActionException: PublisherPorts cannot be used at the top level, use a Publisher actor instead.
  in .PublisherPortToplevelSubscriber.PublisherPort
	at ptolemy.actor.PublisherPort.preinitialize(PublisherPort.java:403)
	at ptolemy.actor.CompositeActor.preinitialize(CompositeActor.java:1769)
	at ptolemy.actor.Manager.preinitializeAndResolveTypes(Manager.java:1040)
	at ptolemy.actor.Manager.initialize(Manager.java:710)
	at ptolemy.actor.Manager.execute(Manager.java:356)
	at ptolemy.actor.Manager.run(Manager.java:1263)
	at ptolemy.actor.Manager$PtolemyRunThread.run(Manager.java:1915)
java.lang.RuntimeException: Execution failed
	at ptolemy.moml.MoMLSimpleApplication$UnloadThread.run(MoMLSimpleApplication.java:402)
Caused by: ptolemy.kernel.util.IllegalActionException: SubscriberPorts cannot be used at the top level, use a Subscriber actor instead.
  in .PublisherSubscriberPortToplevel.SubscriberPort
	at ptolemy.actor.SubscriberPort.preinitialize(SubscriberPort.java:328)
	at ptolemy.actor.CompositeActor.preinitialize(CompositeActor.java:1769)
	at ptolemy.actor.Manager.preinitializeAndResolveTypes(Manager.java:1040)
	at ptolemy.actor.Manager.initialize(Manager.java:710)
	at ptolemy.actor.Manager.execute(Manager.java:356)
	at ptolemy.actor.Manager.run(Manager.java:1263)
	at ptolemy.actor.Manager$PtolemyRunThread.run(Manager.java:1915)
java.lang.reflect.InvocationTargetException
	at java.base/jdk.internal.reflect.NativeConstructorAccessorImpl.newInstance0(Native Method)
	at java.base/jdk.internal.reflect.NativeConstructorAccessorImpl.newInstance(NativeConstructorAccessorImpl.java:62)
	at java.base/jdk.internal.reflect.DelegatingConstructorAccessorImpl.newInstance(DelegatingConstructorAccessorImpl.java:45)
	at java.base/java.lang.reflect.Constructor.newInstance(Constructor.java:490)
	at ptolemy.util.test.junit.AutoKnownFailedTests.RunModel(AutoKnownFailedTests.java:105)
	at java.base/jdk.internal.reflect.NativeMethodAccessorImpl.invoke0(Native Method)
	at java.base/jdk.internal.reflect.NativeMethodAccessorImpl.invoke(NativeMethodAccessorImpl.java:62)
	at java.base/jdk.internal.reflect.DelegatingMethodAccessorImpl.invoke(DelegatingMethodAccessorImpl.java:43)
	at java.base/java.lang.reflect.Method.invoke(Method.java:566)
	at org.junit.runners.model.FrameworkMethod$1.runReflectiveCall(FrameworkMethod.java:44)
	at org.junit.internal.runners.model.ReflectiveCallable.run(ReflectiveCallable.java:15)
	at org.junit.runners.model.FrameworkMethod.invokeExplosively(FrameworkMethod.java:41)
	at junitparams.internal.InvokeParameterisedMethod.evaluate(InvokeParameterisedMethod.java:102)
	at org.junit.internal.runners.statements.FailOnTimeout$1.run(FailOnTimeout.java:28)
Caused by: ptolemy.kernel.util.IllegalActionException: SubscriberPorts cannot be used at the top level, use a Subscriber actor instead.
  in .PublisherSubscriberPortToplevel.SubscriberPort
	at ptolemy.actor.SubscriberPort.preinitialize(SubscriberPort.java:328)
	at ptolemy.actor.CompositeActor.preinitialize(CompositeActor.java:1769)
	at ptolemy.actor.Manager.preinitializeAndResolveTypes(Manager.java:1040)
	at ptolemy.actor.Manager.initialize(Manager.java:710)
	at ptolemy.actor.Manager.execute(Manager.java:356)
	at ptolemy.actor.Manager.run(Manager.java:1263)
	at ptolemy.actor.Manager$PtolemyRunThread.run(Manager.java:1915)
java.lang.RuntimeException: Execution failed
	at ptolemy.moml.MoMLSimpleApplication$UnloadThread.run(MoMLSimpleApplication.java:402)
Caused by: ptolemy.kernel.util.IllegalActionException: SubscriptionAggregatorPorts cannot be used at the top level, use a SubscriptionAggregator actor instead.
  in .PublisherSubscriptionAggregatorPort.SubscriptionAggregatorPort
	at ptolemy.actor.SubscriptionAggregatorPort.preinitialize(SubscriptionAggregatorPort.java:353)
	at ptolemy.actor.CompositeActor.preinitialize(CompositeActor.java:1769)
	at ptolemy.actor.Manager.preinitializeAndResolveTypes(Manager.java:1040)
	at ptolemy.actor.Manager.initialize(Manager.java:710)
	at ptolemy.actor.Manager.execute(Manager.java:356)
	at ptolemy.actor.Manager.run(Manager.java:1263)
	at ptolemy.actor.Manager$PtolemyRunThread.run(Manager.java:1915)
java.lang.reflect.InvocationTargetException
	at java.base/jdk.internal.reflect.NativeConstructorAccessorImpl.newInstance0(Native Method)
	at java.base/jdk.internal.reflect.NativeConstructorAccessorImpl.newInstance(NativeConstructorAccessorImpl.java:62)
	at java.base/jdk.internal.reflect.DelegatingConstructorAccessorImpl.newInstance(DelegatingConstructorAccessorImpl.java:45)
	at java.base/java.lang.reflect.Constructor.newInstance(Constructor.java:490)
	at ptolemy.util.test.junit.AutoKnownFailedTests.RunModel(AutoKnownFailedTests.java:105)
	at java.base/jdk.internal.reflect.NativeMethodAccessorImpl.invoke0(Native Method)
	at java.base/jdk.internal.reflect.NativeMethodAccessorImpl.invoke(NativeMethodAccessorImpl.java:62)
	at java.base/jdk.internal.reflect.DelegatingMethodAccessorImpl.invoke(DelegatingMethodAccessorImpl.java:43)
	at java.base/java.lang.reflect.Method.invoke(Method.java:566)
	at org.junit.runners.model.FrameworkMethod$1.runReflectiveCall(FrameworkMethod.java:44)
	at org.junit.internal.runners.model.ReflectiveCallable.run(ReflectiveCallable.java:15)
	at org.junit.runners.model.FrameworkMethod.invokeExplosively(FrameworkMethod.java:41)
	at junitparams.internal.InvokeParameterisedMethod.evaluate(InvokeParameterisedMethod.java:102)
	at org.junit.internal.runners.statements.FailOnTimeout$1.run(FailOnTimeout.java:28)
Caused by: ptolemy.kernel.util.IllegalActionException: SubscriptionAggregatorPorts cannot be used at the top level, use a SubscriptionAggregator actor instead.
  in .PublisherSubscriptionAggregatorPort.SubscriptionAggregatorPort
	at ptolemy.actor.SubscriptionAggregatorPort.preinitialize(SubscriptionAggregatorPort.java:353)
	at ptolemy.actor.CompositeActor.preinitialize(CompositeActor.java:1769)
	at ptolemy.actor.Manager.preinitializeAndResolveTypes(Manager.java:1040)
	at ptolemy.actor.Manager.initialize(Manager.java:710)
	at ptolemy.actor.Manager.execute(Manager.java:356)
	at ptolemy.actor.Manager.run(Manager.java:1263)
	at ptolemy.actor.Manager$PtolemyRunThread.run(Manager.java:1915)
java.lang.RuntimeException: Execution failed
	at ptolemy.moml.MoMLSimpleApplication$UnloadThread.run(MoMLSimpleApplication.java:402)
Caused by: ptolemy.kernel.util.IllegalActionException: TypeTest actor has no training data.
  in .sizedarray3.TypeTest
	at ptolemy.actor.lib.TypeTest.initialize(TypeTest.java:250)
	at ptolemy.actor.Director.initialize(Director.java:938)
	at ptolemy.actor.Director.initialize(Director.java:907)
	at ptolemy.actor.sched.StaticSchedulingDirector.initialize(StaticSchedulingDirector.java:159)
	at ptolemy.domains.sdf.kernel.SDFDirector.initialize(SDFDirector.java:544)
	at ptolemy.actor.CompositeActor.initialize(CompositeActor.java:935)
	at ptolemy.actor.Manager.initialize(Manager.java:724)
	at ptolemy.actor.Manager.execute(Manager.java:356)
	at ptolemy.actor.Manager.run(Manager.java:1263)
	at ptolemy.actor.Manager$PtolemyRunThread.run(Manager.java:1915)
java.lang.reflect.InvocationTargetException
	at java.base/jdk.internal.reflect.NativeConstructorAccessorImpl.newInstance0(Native Method)
	at java.base/jdk.internal.reflect.NativeConstructorAccessorImpl.newInstance(NativeConstructorAccessorImpl.java:62)
	at java.base/jdk.internal.reflect.DelegatingConstructorAccessorImpl.newInstance(DelegatingConstructorAccessorImpl.java:45)
	at java.base/java.lang.reflect.Constructor.newInstance(Constructor.java:490)
	at ptolemy.util.test.junit.AutoKnownFailedTests.RunModel(AutoKnownFailedTests.java:105)
	at java.base/jdk.internal.reflect.NativeMethodAccessorImpl.invoke0(Native Method)
	at java.base/jdk.internal.reflect.NativeMethodAccessorImpl.invoke(NativeMethodAccessorImpl.java:62)
	at java.base/jdk.internal.reflect.DelegatingMethodAccessorImpl.invoke(DelegatingMethodAccessorImpl.java:43)
	at java.base/java.lang.reflect.Method.invoke(Method.java:566)
	at org.junit.runners.model.FrameworkMethod$1.runReflectiveCall(FrameworkMethod.java:44)
	at org.junit.internal.runners.model.ReflectiveCallable.run(ReflectiveCallable.java:15)
	at org.junit.runners.model.FrameworkMethod.invokeExplosively(FrameworkMethod.java:41)
	at junitparams.internal.InvokeParameterisedMethod.evaluate(InvokeParameterisedMethod.java:102)
	at org.junit.internal.runners.statements.FailOnTimeout$1.run(FailOnTimeout.java:28)
Caused by: ptolemy.kernel.util.IllegalActionException: TypeTest actor has no training data.
  in .sizedarray3.TypeTest
	at ptolemy.actor.lib.TypeTest.initialize(TypeTest.java:250)
	at ptolemy.actor.Director.initialize(Director.java:938)
	at ptolemy.actor.Director.initialize(Director.java:907)
	at ptolemy.actor.sched.StaticSchedulingDirector.initialize(StaticSchedulingDirector.java:159)
	at ptolemy.domains.sdf.kernel.SDFDirector.initialize(SDFDirector.java:544)
	at ptolemy.actor.CompositeActor.initialize(CompositeActor.java:935)
	at ptolemy.actor.Manager.initialize(Manager.java:724)
	at ptolemy.actor.Manager.execute(Manager.java:356)
	at ptolemy.actor.Manager.run(Manager.java:1263)
	at ptolemy.actor.Manager$PtolemyRunThread.run(Manager.java:1915)
java.lang.RuntimeException: Execution failed
	at ptolemy.moml.MoMLSimpleApplication$UnloadThread.run(MoMLSimpleApplication.java:402)
Caused by: ptolemy.kernel.util.IllegalActionException: Test fails in iteration 0.
Value was: "WARNING: An illegal reflective access operation has occurred\nWARNING: Illegal reflective access by io.netty.util.internal.ReflectionUtil (file:/home/travis/build/icyphy/ptII/lib/netty-common-4.1.19.Final.jar) to constructor java.nio.DirectByteBuffer(long,int)\nWARNING: Please consider reporting this to the maintainers of io.netty.util.internal.ReflectionUtil\nWARNING: Use --illegal-access=warn to enable warnings of further illegal reflective access operations\nWARNING: All illegal access operations will be denied in a future release\n". Should have been: ""
  in .ExecRunDemos.Test
	at ptolemy.actor.lib.Test.fire(Test.java:268)
	at ptolemy.actor.AtomicActor.iterate(AtomicActor.java:512)
	at ptolemy.actor.sched.StaticSchedulingDirector.fire(StaticSchedulingDirector.java:216)
	at ptolemy.domains.sdf.kernel.SDFDirector.fire(SDFDirector.java:500)
	at ptolemy.actor.CompositeActor.fire(CompositeActor.java:455)
	at ptolemy.actor.Manager.iterate(Manager.java:851)
	at ptolemy.actor.Manager.execute(Manager.java:369)
	at ptolemy.actor.Manager.run(Manager.java:1263)
	at ptolemy.actor.Manager$PtolemyRunThread.run(Manager.java:1915)
]]></system-err>
</testsuite>
