<?xml version="1.0" encoding="UTF-8" ?>
<testsuite errors="0" failures="1" hostname="travis-job-cf25aa27-dbcd-4d2e-ad87-5d14f94c6855" name="ptolemy.actor.lib.test.junit.JUnitTclTest" skipped="0" tests="517" time="64.279" timestamp="2019-10-18T06:03:38">
  <properties>
    <property name="npm.executable" value="npm" />
    <property name="env.TRAVIS_ROOT" value="/" />
    <property name="ptII.mk.exists" value="true" />
    <property name="env.TRAVIS_APP_HOST" value="build.travis-ci.org" />
    <property name="env.rvm_bin_path" value="/home/travis/.rvm/bin" />
    <property name="java.home" value="/usr/local/lib/jvm/openjdk11" />
    <property name="env.TRAVIS_JOB_NUMBER" value="1367.8" />
    <property name="env.TRAVIS_HOME" value="/home/travis" />
    <property name="env.DISPLAY" value=":99.0" />
    <property name="env.TRAVIS_INIT" value="systemd" />
    <property name="env.SSH_TTY" value="/dev/pts/0" />
    <property name="java.net.preferIPv4Stack" value="true" />
    <property name="env.RUN_TESTS" value="true" />
    <property name="timeout.short" value="1000000" />
    <property name="junit.formatter" value="xml" />
    <property name="env.TRAVIS_SUDO" value="true" />
    <property name="env.TRAVIS_JOB_NAME" value="" />
    <property name="env.TRAVIS_STACK_NODE_ATTRIBUTES" value="/.node-attributes.yml" />
    <property name="env.LOGNAME" value="travis" />
    <property name="env.PT_TRAVIS_TEST_CORE1_XML" value="true" />
    <property name="jsdoc.home" value="node_modules/@terraswarm/jsdoc" />
    <property name="debuglevel" value="source,lines,vars" />
    <property name="checkstyle.formatter" value="xml" />
    <property name="env._system_version" value="16.04" />
    <property name="bin.vergil.makeable" value="true" />
    <property name="sun.os.patch.level" value="unknown" />
    <property name="java.vendor.url" value="http://java.oracle.com/" />
    <property name="env.TRAVIS_BUILD_WEB_URL" value="https://travis-ci.org/icyphy/ptII/builds/599473131" />
    <property name="java.version" value="11.0.2" />
    <property name="env.TZ" value="UTC" />
    <property name="env.TRAVIS_PULL_REQUEST_SHA" value="" />
    <property name="env.PT_NO_NET" value="true" />
    <property name="env.TRAVIS_SECURE_ENV_VARS" value="true" />
    <property name="env._system_type" value="Linux" />
    <property name="java.vendor.url.bug" value="http://bugreport.java.com/bugreport/" />
    <property name="npmjs-org-is-up" value="true" />
    <property name="env.LANGUAGE" value="en_US.UTF-8" />
    <property name="env.SSH_CLIENT" value="10.16.7.7 40074 22" />
    <property name="env.GEM_HOME" value="/home/travis/.rvm/gems/ruby-2.5.3" />
    <property name="env.HAS_ANTARES_THREE_LITTLE_FRONZIES_BADGE" value="true" />
    <property name="java.version.date" value="2019-01-15" />
    <property name="env.PS4" value="+" />
    <property name="ant.project.invoked-targets" value="build,test.core1.xml" />
    <property name="env.TRAVIS_PULL_REQUEST_BRANCH" value="" />
    <property name="env.TRAVIS_REPO_SLUG" value="icyphy/ptII" />
    <property name="env.XDG_DATA_DIRS" value="/usr/local/share:/usr/share:/var/lib/snapd/desktop" />
    <property name="jdk.debug" value="release" />
    <property name="env.TRAVIS_APT_PROXY" value="http://apt.cache.travis-ci.com" />
    <property name="node.in.path" value="true" />
    <property name="user.name" value="travis" />
    <property name="java.maxmemory" value="1400m" />
    <property name="env.RUBY_VERSION" value="ruby-2.5.3" />
    <property name="env.LANG" value="en_US.UTF-8" />
    <property name="sun.io.unicode.encoding" value="UnicodeLittle" />
    <property name="sun.jnu.encoding" value="UTF-8" />
    <property name="java.runtime.name" value="OpenJDK Runtime Environment" />
    <property name="usefile" value="false" />
    <property name="return.code" value="0" />
    <property name="junit.single.formatter" value="plain" />
    <property name="env.DYLD_LIBRARY_PATH" value="/home/travis/pthla/certi-tools/lib:" />
    <property name="env.DEBIAN_FRONTEND" value="noninteractive" />
    <property name="env.SSH_CONNECTION" value="10.16.7.7 40074 10.20.0.171 22" />
    <property name="env.MYSQL_UNIX_PORT" value="/var/run/mysqld/mysqld.sock" />
    <property name="env.LC_ALL" value="en_US.UTF-8" />
    <property name="env.TRAVIS_ALLOW_FAILURE" value="false" />
    <property name="env.TRAVIS_JOB_WEB_URL" value="https://travis-ci.org/icyphy/ptII/jobs/599473139" />
    <property name="java.specification.name" value="Java Platform API Specification" />
    <property name="node.works" value="true" />
    <property name="user.timezone" value="" />
    <property name="path.separator" value=":" />
    <property name="env.TRAVIS_ENABLE_INFRA_DETECTION" value="true" />
    <property name="env.PYTHON_CFLAGS" value="-g -fstack-protector --param=ssp-buffer-size=4 -Wformat -Werror=format-security" />
    <property name="timeout.long" value="4000000" />
    <property name="env.CERTI_HOME" value="/home/travis/pthla/certi-tools" />
    <property name="ant.file.ptII" value="/home/travis/build/icyphy/ptII/build.xml" />
    <property name="javadoc.packagenames" value="com.*,diva.*,lbnl.*,org.hlacerti.*,org.json.*,org.ptolemy.*,org.terraswarm.*,ptolemy.*,ptserver.*" />
    <property name="file.encoding" value="UTF-8" />
    <property name="env.TRAVIS_PULL_REQUEST_SLUG" value="" />
    <property name="ant.project.default-target" value="build" />
    <property name="env.GIT_ASKPASS" value="echo" />
    <property name="env.HOME" value="/home/travis" />
    <property name="sun.java.command" value="org.apache.tools.ant.taskdefs.optional.junit.JUnitTestRunner ptolemy.actor.lib.test.junit.JUnitTclTest skipNonTests=false filtertrace=true haltOnError=false haltOnFailure=false formatter=org.apache.tools.ant.taskdefs.optional.junit.OutErrSummaryJUnitResultFormatter showoutput=true outputtoformatters=true logfailedtests=true threadid=0 logtestlistenerevents=false formatter=org.apache.tools.ant.taskdefs.optional.junit.XMLJUnitResultFormatter,/home/travis/build/icyphy/ptII/reports/junit/TEST-ptolemy.actor.lib.test.junit.JUnitTclTest.xml crashfile=/home/travis/build/icyphy/ptII/junitvmwatcher242552894458276541.properties propsfile=/home/travis/build/icyphy/ptII/junit5328594924638990098.properties" />
    <property name="env.COMPOSER_NO_INTERACTION" value="1" />
    <property name="env.MANPATH" value="/home/travis/.nvm/versions/node/v7.10.1/share/man:/home/travis/.rvm/rubies/ruby-2.5.3/share/man:/usr/local/cmake-3.12.4/man:/usr/local/clang-7.0.0/share/man:/usr/local/man:/usr/local/share/man:/usr/share/man:/home/travis/.rvm/man" />
    <property name="env.TRAVIS_TIMER_ID" value="0e5db0e3" />
    <property name="ant.file" value="/home/travis/build/icyphy/ptII/build.xml" />
    <property name="env.TRAVIS_COMMIT_RANGE" value="88f03a27763bfaa83d68e8c126d7dc69b4b351f6...948bf656f66248ff65af09b7e6cc9885ef1f544d" />
    <property name="env._system_name" value="Ubuntu" />
    <property name="ptII.classpath.optional.property" value="/home/travis/build/icyphy/ptII/lib/bsh-2.0b4.jar:/home/travis/build/icyphy/ptII/lib/ptCal.jar:/home/travis/build/icyphy/ptII/lib/java_cup.jar:/home/travis/build/icyphy/ptII/lib/saxon8.jar:/home/travis/build/icyphy/ptII/lib/saxon8-dom.jar:/home/travis/build/icyphy/ptII/lib/chic.jar:/home/travis/build/icyphy/ptII/lib/ptcolt.jar:/home/travis/build/icyphy/ptII/vendors/misc/itext/iText.jar:/home/travis/build/icyphy/ptII/lib/g4ltl.jar:/home/travis/build/icyphy/ptII/lib/StructuralCoder.jar:/home/travis/build/icyphy/ptII/lib/jcerti.jar:/home/travis/build/icyphy/ptII/lib/javax.mail.jar:/home/travis/build/icyphy/ptII/vendors/JMF-2.1.1e/lib/jmf.jar:/home/travis/build/icyphy/ptII/lib/jna-4.0.0-variadic.jar:/home/travis/build/icyphy/ptII/vendors/misc/joystick/Joystick.jar:/home/travis/build/icyphy/ptII/lib/ptjacl.jar:/home/travis/build/icyphy/ptII/lib/jsoup-1.8.2.jar:/home/travis/build/icyphy/ptII/lib/junit-4.8.2.jar:/home/travis/build/icyphy/ptII/lib/JUnitParams-0.4.0.jar:/home/travis/build/icyphy/ptII/ptolemy/actor/lib/excel/jxl.jar:/home/travis/build/icyphy/ptII/lib/jython.jar:/home/travis/build/icyphy/ptII/lib/kieler.jar:/home/travis/build/icyphy/ptII/vendors/opencv/share/OpenCV/java/opencv-341.jar:/home/travis/build/icyphy/ptII/lib/oscP5.jar:/home/travis/build/icyphy/ptII/lib/nrjavaserial-3.11.0.devel.jar:/home/travis/build/icyphy/ptII/vendors/j3d/lib/Linux/j3dcore.jar:/home/travis/build/icyphy/ptII/vendors/j3d/lib/Linux/j3dutils.jar:/home/travis/build/icyphy/ptII/vendors/j3d/lib/Linux/vecmath.jar:/home/travis/build/icyphy/ptII/vendors/jogl/lib/Linux/gluegen-rt-natives-linux-amd64.jar:/home/travis/build/icyphy/ptII/vendors/jogl/lib/Linux/gluegen-rt.jar:/home/travis/build/icyphy/ptII/vendors/jogl/lib/Linux/jogl-all-natives-linux-amd64.jar:/home/travis/build/icyphy/ptII/vendors/jogl/lib/Linux/jogl-all.jar:/home/travis/build/icyphy/ptII/ptolemy/distributed/jini/jar/jini-core.jar:/home/travis/build/icyphy/ptII/ptolemy/distributed/jini/jar/jini-ext.jar:/home/travis/build/icyphy/ptII/ptolemy/distributed/jini/jar/sun-util.jar:/home/travis/build/icyphy/ptII/lib/protobuf-java-2.4.1.jar:/home/travis/build/icyphy/ptII/lib/org.eclipse.paho.client.mqttv3.jar:/home/travis/build/icyphy/ptII/lib/mapss.jar:/home/travis/build/icyphy/ptII/ptolemy/actor/ptalon/antlr/antlr.jar:/home/travis/build/icyphy/ptII/lib/JRI.jar:/home/travis/build/icyphy/ptII/lib/commons-lang-2.6.jar:/home/travis/build/icyphy/ptII/lib/commons-logging-1.1.1.jar:/home/travis/build/icyphy/ptII/lib/sootclasses.jar:/home/travis/build/icyphy/ptII/ptolemy/actor/lib/database/mysql-connector-java-5.1.6-bin.jar:/home/travis/build/icyphy/ptII/vendors/misc/sphinx4/sphinx4-data-5prealpha.jar:/home/travis/build/icyphy/ptII/vendors/misc/sphinx4/sphinx4-core-5prealpha.jar:/home/travis/build/icyphy/ptII/lib/PDFRenderer.jar:/home/travis/build/icyphy/ptII/lib/svgSalamander.jar:/home/travis/build/icyphy/ptII/lib/rsyntaxtextarea-2.6.0-SNAPSHOT.jar:/home/travis/build/icyphy/ptII/lib/hazelcast-3.8.2.jar:/home/travis/build/icyphy/ptII/lib/jackson-annotations-2.9.0.jar:/home/travis/build/icyphy/ptII/lib/jackson-core-2.9.3.jar:/home/travis/build/icyphy/ptII/lib/jackson-databind-2.9.3.jar:/home/travis/build/icyphy/ptII/lib/netty-buffer-4.1.19.Final.jar:/home/travis/build/icyphy/ptII/lib/netty-codec-4.1.19.Final.jar:/home/travis/build/icyphy/ptII/lib/netty-codec-dns-4.1.19.Final.jar:/home/travis/build/icyphy/ptII/lib/netty-codec-http-4.1.19.Final.jar:/home/travis/build/icyphy/ptII/lib/netty-codec-http2-4.1.19.Final.jar:/home/travis/build/icyphy/ptII/lib/netty-common-4.1.19.Final.jar:/home/travis/build/icyphy/ptII/lib/netty-handler-4.1.19.Final.jar:/home/travis/build/icyphy/ptII/lib/netty-resolver-4.1.19.Final.jar:/home/travis/build/icyphy/ptII/lib/netty-resolver-dns-4.1.19.Final.jar:/home/travis/build/icyphy/ptII/lib/netty-transport-4.1.19.Final.jar:/home/travis/build/icyphy/ptII/lib/vertx-codegen-3.5.1.jar:/home/travis/build/icyphy/ptII/lib/vertx-core-3.5.2-SNAPSHOT.jar:/home/travis/build/icyphy/ptII/lib/vertx-hazelcast-3.5.1.jar:/home/travis/build/icyphy/ptII/lib/vertx-lang-js-3.5.1.jar:/home/travis/build/icyphy/ptII/lib/vertx-service-proxy-3.5.1.jar:/home/travis/build/icyphy/ptII/lib/vertx-web-3.5.1.jar:/home/travis/build/icyphy/ptII/lib/slf4j-api-1.7.13.jar:/home/travis/build/icyphy/ptII/lib/slf4j-simple-1.7.13.jar:/home/travis/build/icyphy/ptII/lib/webcam-capture-0.3.12.jar:/home/travis/build/icyphy/ptII/lib/bridj-0.7.0.jar:/home/travis/build/icyphy/ptII/lib/xbjlib-1.1.0.nrjavaserial.jar" />
    <property name="timeout" value="2400000" />
    <property name="test.batch" value="**/junit/*.java" />
    <property name="env._" value="/usr/bin/timeout" />
    <property name="java.io.tmpdir" value="/tmp" />
    <property name="user.language" value="en" />
    <property name="env.TRAVIS_INTERNAL_RUBY_REGEX" value="^ruby-(2\.[0-4]\.[0-9]|1\.9\.3)" />
    <property name="env.HISTCONTROL" value="ignoredups:ignorespace" />
    <property name="env.GOROOT" value="/home/travis/.gimme/versions/go1.11.1.linux.amd64" />
    <property name="line.separator" value="&#xa;" />
    <property name="target" value="11" />
    <property name="env.TRAVIS_BUILD_DIR" value="/home/travis/build/icyphy/ptII" />
    <property name="env.ANT_OPTS" value="-Xmx2048m" />
    <property name="ant.file.type" value="file" />
    <property name="ptolemy.ptII.batchMode" value="true" />
    <property name="env.HISTSIZE" value="1000" />
    <property name="env.MERB_ENV" value="test" />
    <property name="java.vm.info" value="mixed mode" />
    <property name="source" value="11" />
    <property name="java.vm.specification.name" value="Java Virtual Machine Specification" />
    <property name="env.TRAVIS_TEST_RESULT" value="0" />
    <property name="jsdoc.command" value="node_modules/@terraswarm/jsdoc/jsdoc.js" />
    <property name="npm.works" value="true" />
    <property name="cobertura.dir" value="/home/travis/build/icyphy/ptII/vendors/cobertura-2.0.3" />
    <property name="jsdoc.command.exists" value="true" />
    <property name="env.rvm_path" value="/home/travis/.rvm" />
    <property name="env.GEM_PATH" value="/home/travis/.rvm/gems/ruby-2.5.3:/home/travis/.rvm/gems/ruby-2.5.3@global" />
    <property name="env.LC_CTYPE" value="en_US.UTF-8" />
    <property name="env.TRAVIS_CMD" value="$PTII/bin/ptIITravisBuild.sh $SECONDS" />
    <property name="java.awt.printerjob" value="sun.print.PSPrinterJob" />
    <property name="env.TRAVIS_STACK_NAME" value="sardonyx" />
    <property name="env.TRAVIS_TIMER_START_TIME" value="1571377915426080408" />
    <property name="ant.version" value="Apache Ant(TM) version 1.10.1 compiled on February 2 2017" />
    <property name="ptII.reports" value="/home/travis/build/icyphy/ptII/reports" />
    <property name="env.TRAVIS_STACK_TIMESTAMP" value="2019-03-25 16:16:56 UTC" />
    <property name="ant.file.type.ptII" value="file" />
    <property name="env.RBENV_SHELL" value="bash" />
    <property name="os.name" value="Linux" />
    <property name="java.specification.vendor" value="Oracle Corporation" />
    <property name="env.rvm_version" value="1.29.7 (latest)" />
    <property name="env.TRAVIS_INFRA" value="unknown" />
    <property name="env.TERM" value="xterm" />
    <property name="java.vm.name" value="OpenJDK 64-Bit Server VM" />
    <property name="env.TRAVIS_BUILD_NUMBER" value="1367" />
    <property name="env.CI" value="true" />
    <property name="java.library.path" value="/home/travis/pthla/certi-tools/lib:/usr/lib/jni:/usr/local/share/OpenCV/java/:/usr/share/OpenCV/java::/usr/java/packages/lib:/usr/lib64:/lib64:/lib:/usr/lib" />
    <property name="jdk.module.path" value="/home/travis/build/icyphy/ptII/vendors/javafx/javafx-sdk-11.0.2/lib:" />
    <property name="env.rvm_prefix" value="/home/travis" />
    <property name="env.PATH" value="/home/travis/pthla/certi-tools/share/scripts:/home/travis/.rvm/gems/ruby-2.5.3/bin:/home/travis/.rvm/gems/ruby-2.5.3@global/bin:/home/travis/.rvm/rubies/ruby-2.5.3/bin:/home/travis/.rvm/bin:/home/travis/.nvm/versions/node/v7.10.1/bin:./node_modules/.bin:/home/travis/build/icyphy/ptII/bin:/home/travis/pthla/certi-tools/bin:/home/travis/bin:/home/travis/.local/bin:/usr/local/lib/jvm/openjdk11/bin:/opt/pyenv/shims:/home/travis/.phpenv/shims:/home/travis/perl5/perlbrew/bin:/home/travis/gopath/bin:/home/travis/.gimme/versions/go1.11.1.linux.amd64/bin:/usr/local/maven-3.6.0/bin:/usr/local/cmake-3.12.4/bin:/usr/local/clang-7.0.0/bin:/usr/local/sbin:/usr/local/bin:/usr/sbin:/usr/bin:/sbin:/bin:/snap/bin:/home/travis/.phpenv/bin:/opt/pyenv/bin:/home/travis/.yarn/bin" />
    <property name="env.TRAVIS_OS_NAME" value="linux" />
    <property name="ant.java.version" value="9" />
    <property name="basedir" value="/home/travis/build/icyphy/ptII" />
    <property name="java.class.version" value="55.0" />
    <property name="env.SHLVL" value="3" />
    <property name="env.LD_LIBRARY_PATH" value="/home/travis/pthla/certi-tools/lib:/usr/lib/jni:/usr/local/share/OpenCV/java/:/usr/share/OpenCV/java:" />
    <property name="env.RACK_ENV" value="test" />
    <property name="ant.home" value="/home/travis/build/icyphy/ptII/ant" />
    <property name="env.NVM_DIR" value="/home/travis/.nvm" />
    <property name="env.CERTI_FOM_PATH" value="/home/travis/pthla/certi-tools/share/federations" />
    <property name="env.TRAVIS_BUILD_ID" value="599473131" />
    <property name="env.PYENV_ROOT" value="/opt/pyenv" />
    <property name="env.TRAVIS_UID" value="2000" />
    <property name="prism.verbose" value="true" />
    <property name="env.NVM_BIN" value="/home/travis/.nvm/versions/node/v7.10.1/bin" />
    <property name="env.TRAVIS_COMMIT" value="948bf656f66248ff65af09b7e6cc9885ef1f544d" />
    <property name="env._system_arch" value="x86_64" />
    <property name="node.executable" value="node" />
    <property name="sun.boot.library.path" value="/usr/local/lib/jvm/openjdk11/lib" />
    <property name="sun.management.compiler" value="HotSpot 64-Bit Tiered Compilers" />
    <property name="java.awt.graphicsenv" value="sun.awt.X11GraphicsEnvironment" />
    <property name="env.GOPATH" value="/home/travis/gopath" />
    <property name="ptolemy.ptII.dir" value="/home/travis/build/icyphy/ptII" />
    <property name="env.USER" value="travis" />
    <property name="env.HISTFILESIZE" value="2000" />
    <property name="timeout.longest" value="19000000" />
    <property name="env.PERLBREW_SHELLRC_VERSION" value="0.86" />
    <property name="env.TRAVIS_STACK_FEATURES" value="basic couchdb disabled-ipv6 docker docker-compose elasticsearch firefox go-toolchain google-chrome jdk memcached mongodb mysql nodejs_interpreter perl_interpreter perlbrew phantomjs postgresql python_interpreter redis ruby_interpreter sqlite xserver" />
    <property name="env.TRAVIS_PULL_REQUEST" value="false" />
    <property name="env.PYENV_SHELL" value="bash" />
    <property name="ant.project.name" value="ptII" />
    <property name="env.ANSI_RESET" value="\033[0m" />
    <property name="java.vm.specification.version" value="11" />
    <property name="env.TRAVIS_DIST" value="xenial" />
    <property name="env.CERTI_VERSION" value="4.0.0" />
    <property name="env.CERTI_HOST" value="localhost" />
    <property name="awt.toolkit" value="sun.awt.X11.XToolkit" />
    <property name="env.MY_RUBY_HOME" value="/home/travis/.rvm/rubies/ruby-2.5.3" />
    <property name="sun.cpu.isalist" value="" />
    <property name="env.TRAVIS_TMPDIR" value="/tmp/tmp.pTkRYHgD93" />
    <property name="java.vm.compressedOopsMode" value="Zero based" />
    <property name="os.version" value="4.15.0-1028-gcp" />
    <property name="user.home" value="/home/travis" />
    <property name="java.vm.vendor" value="Oracle Corporation" />
    <property name="env.TRAVIS_TAG" value="nightly" />
    <property name="env.ANSI_YELLOW" value="\033[33;1m" />
    <property name="env.TRAVIS_FILTERED" value="redirect_io" />
    <property name="env.ANSI_GREEN" value="\033[32;1m" />
    <property name="env.JAVA_HOME" value="/usr/local/lib/jvm/openjdk11" />
    <property name="javadoc.excludepackagenames" value="adm.cvs2svn.*,build.*,config.*,doc.coding.templates.*,jni.test.jni.meaningOfLife.*,jni.test.jni.testDeux.*,jni.test.jni.testTrois.*,org.terraswarm.accessor.accessors.web.node_modules.*,org.terraswarm.accessor.accessors.web.hosts.cordova.demo.*,org.terraswarm.accessor.accessors.web.hosts.cordova.plugins.*,org.terraswarm.accessor.accessors-svn.*,pt-modules.*,ptolemy.apps.agilent.*,ptolemy.apps.anytimecontrol.*,ptolemy.apps.apes.*,ptolemy.apps.charon.*,ptolemy.apps.crazyboard.*,ptolemy.apps.eclipse.*,ptolemy.apps.etherealSting.*,ptolemy.apps.fullscreen.*,ptolemy.apps.giotto.*,ptolemy.apps.ia.*,ptolemy.apps.interfaces.*,ptolemy.apps.jmf.*,ptolemy.apps.kurt.*,ptolemy.apps.kvm.*,ptolemy.apps.lego.*,ptolemy.apps.lejos.*,ptolemy.apps.midp.*,ptolemy.apps.mobileCoding.*,ptolemy.apps.pendulum.*,ptolemy.apps.rijndael.*,ptolemy.apps.robot.*,ptolemy.apps.security.*,ptolemy.apps.sobel.*,ptolemy.apps.soot.*,ptolemy.apps.throttle.*,ptolemy.apps.tini.*,ptolemy.apps.transmission.*,ptolemy.apps.vergil.*,ptolemy.apps.waba.*,ptolemy.apps.websensor.*,ptolemy.apps.webstart.*,ptolemy.apps.xsl.*,ptolemy.apps.zaurus.*,ptolemy.codegen.c.actor.lib.oldJavaFiles.*,ptolemy.codegen.dsp.lib.*,ptolemy.codegen.kernel.newInterfaces.*,ptolemy.codegen.lib.*,ptolemy.copernicus.kernel.fragment.*,ptolemy.copernicus.shallow.cg.*,ptolemy.domains.giotto.demo.Hierarchy.Hierarchy.*,ptolemy.domains.giotto.demo.Multimode.Multimode.*,ptolemy.domains.giotto.demo.Simple.Simple.*,ptolemy.domains.gr.lib.experimental.*,ptolemy.domains.gro.*,ptolemy.domains.pdf.*,ptolemy.domains.ptinyos.demo.Surge.output.*,ptolemy.moml.test.NoPackageActor.java*,ptolemy.plot.adm.*,ptolemy.plot.servlet.*,reports.*,signed.*,src.*,target.*,vendors.*,ptolemy.copernicus.applet.*,ptolemy.media.viewer.*,ptolemy.actor.corba.*,doc.doclets.*,ptolemy.apps.eclipse.awt.*,ptolemy.backtrack.*,ptolemy.backtrack.ast.*,ptolemy.cg.adapter.generic.program.procedural.c.mbed*,ptolemy.homer.*,ptolemy.actor.lib.jai.*,org.ptolemy.scala.*,diva.util.java2d.svg.*,ptolemy.domains.ptinyos.*,ptolemy.actor.lib.fmi.fmipp.*,,org.terraswarm.accessor.accessors.web.node_modules.*,org.terraswarm.accessor.accessors-svn,ptolemy.apps.*,ptolemy.actor.ptalon.demo.ptinyos.SendAndReceiveCnt.output,ptolemy.actor.ptalon.demo.ptinyos.SenseToLeds.output,ptolemy.domains.ptinyos.demo.CntToLedsAndRfm.output,ptolemy.domains.ptinyos.demo.RfmToLeds.output,ptolemy.domains.ptinyos.demo.SendAndReceiveCnt.output,ptolemy.domains.ptinyos.demo.SenseToLeds.output,ptolemy.actor.lib.jjs.modules.udpSocket.*" />
    <property name="env.PTII" value="/home/travis/build/icyphy/ptII" />
    <property name="env.XDG_SESSION_ID" value="2" />
    <property name="keystore" value="ptKeystore" />
    <property name="env.TRAVIS_COMMIT_MESSAGE" value="Updating org.hlacerti.models.StaticMultiInstanceJoker." />
    <property name="junit.output.dir" value="/home/travis/build/icyphy/ptII/reports/junit" />
    <property name="npm.return.code" value="0" />
    <property name="user.dir" value="/home/travis/build/icyphy/ptII/ptolemy/actor/lib/test" />
    <property name="env.TRAVIS_NODE_VERSION" value="7" />
    <property name="env.TRAVIS_EVENT_TYPE" value="cron" />
    <property name="env.MAIL" value="/var/mail/travis" />
    <property name="env.PERLBREW_ROOT" value="/home/travis/perl5/perlbrew" />
    <property name="env.PWD" value="/home/travis/build/icyphy/ptII" />
    <property name="timeout.npm" value="45000" />
    <property name="env.TRAVIS_ARCH" value="amd64" />
    <property name="sun.cpu.endian" value="little" />
    <property name="env.PAGER" value="cat" />
    <property name="env.TRAVIS_BUILD_STAGE_NAME" value="Test" />
    <property name="env.PERLBREW_HOME" value="/home/travis/.perlbrew" />
    <property name="java.vm.version" value="11.0.2+9" />
    <property name="env.RAILS_ENV" value="test" />
    <property name="java.class.path" value="/home/travis/.ptolemyII:/home/travis/.ptolemyII/*:/home/travis/build/icyphy/ptII:/home/travis/build/icyphy/ptII/lib/bsh-2.0b4.jar:/home/travis/build/icyphy/ptII/lib/ptCal.jar:/home/travis/build/icyphy/ptII/lib/java_cup.jar:/home/travis/build/icyphy/ptII/lib/saxon8.jar:/home/travis/build/icyphy/ptII/lib/saxon8-dom.jar:/home/travis/build/icyphy/ptII/lib/chic.jar:/home/travis/build/icyphy/ptII/lib/ptcolt.jar:/home/travis/build/icyphy/ptII/vendors/misc/itext/iText.jar:/home/travis/build/icyphy/ptII/lib/g4ltl.jar:/home/travis/build/icyphy/ptII/lib/StructuralCoder.jar:/home/travis/build/icyphy/ptII/lib/jcerti.jar:/home/travis/build/icyphy/ptII/lib/javax.mail.jar:/home/travis/build/icyphy/ptII/vendors/JMF-2.1.1e/lib/jmf.jar:/home/travis/build/icyphy/ptII/lib/jna-4.0.0-variadic.jar:/home/travis/build/icyphy/ptII/vendors/misc/joystick/Joystick.jar:/home/travis/build/icyphy/ptII/lib/ptjacl.jar:/home/travis/build/icyphy/ptII/lib/jsoup-1.8.2.jar:/home/travis/build/icyphy/ptII/lib/junit-4.8.2.jar:/home/travis/build/icyphy/ptII/lib/JUnitParams-0.4.0.jar:/home/travis/build/icyphy/ptII/ptolemy/actor/lib/excel/jxl.jar:/home/travis/build/icyphy/ptII/lib/jython.jar:/home/travis/build/icyphy/ptII/lib/kieler.jar:/home/travis/build/icyphy/ptII/vendors/opencv/share/OpenCV/java/opencv-341.jar:/home/travis/build/icyphy/ptII/lib/oscP5.jar:/home/travis/build/icyphy/ptII/lib/nrjavaserial-3.11.0.devel.jar:/home/travis/build/icyphy/ptII/vendors/j3d/lib/Linux/j3dcore.jar:/home/travis/build/icyphy/ptII/vendors/j3d/lib/Linux/j3dutils.jar:/home/travis/build/icyphy/ptII/vendors/j3d/lib/Linux/vecmath.jar:/home/travis/build/icyphy/ptII/vendors/jogl/lib/Linux/gluegen-rt-natives-linux-amd64.jar:/home/travis/build/icyphy/ptII/vendors/jogl/lib/Linux/gluegen-rt.jar:/home/travis/build/icyphy/ptII/vendors/jogl/lib/Linux/jogl-all-natives-linux-amd64.jar:/home/travis/build/icyphy/ptII/vendors/jogl/lib/Linux/jogl-all.jar:/home/travis/build/icyphy/ptII/ptolemy/distributed/jini/jar/jini-core.jar:/home/travis/build/icyphy/ptII/ptolemy/distributed/jini/jar/jini-ext.jar:/home/travis/build/icyphy/ptII/ptolemy/distributed/jini/jar/sun-util.jar:/home/travis/build/icyphy/ptII/lib/protobuf-java-2.4.1.jar:/home/travis/build/icyphy/ptII/lib/org.eclipse.paho.client.mqttv3.jar:/home/travis/build/icyphy/ptII/lib/mapss.jar:/home/travis/build/icyphy/ptII/ptolemy/actor/ptalon/antlr/antlr.jar:/home/travis/build/icyphy/ptII/lib/JRI.jar:/home/travis/build/icyphy/ptII/lib/commons-lang-2.6.jar:/home/travis/build/icyphy/ptII/lib/commons-logging-1.1.1.jar:/home/travis/build/icyphy/ptII/lib/sootclasses.jar:/home/travis/build/icyphy/ptII/ptolemy/actor/lib/database/mysql-connector-java-5.1.6-bin.jar:/home/travis/build/icyphy/ptII/vendors/misc/sphinx4/sphinx4-data-5prealpha.jar:/home/travis/build/icyphy/ptII/vendors/misc/sphinx4/sphinx4-core-5prealpha.jar:/home/travis/build/icyphy/ptII/lib/PDFRenderer.jar:/home/travis/build/icyphy/ptII/lib/svgSalamander.jar:/home/travis/build/icyphy/ptII/lib/rsyntaxtextarea-2.6.0-SNAPSHOT.jar:/home/travis/build/icyphy/ptII/lib/hazelcast-3.8.2.jar:/home/travis/build/icyphy/ptII/lib/jackson-annotations-2.9.0.jar:/home/travis/build/icyphy/ptII/lib/jackson-core-2.9.3.jar:/home/travis/build/icyphy/ptII/lib/jackson-databind-2.9.3.jar:/home/travis/build/icyphy/ptII/lib/netty-buffer-4.1.19.Final.jar:/home/travis/build/icyphy/ptII/lib/netty-codec-4.1.19.Final.jar:/home/travis/build/icyphy/ptII/lib/netty-codec-dns-4.1.19.Final.jar:/home/travis/build/icyphy/ptII/lib/netty-codec-http-4.1.19.Final.jar:/home/travis/build/icyphy/ptII/lib/netty-codec-http2-4.1.19.Final.jar:/home/travis/build/icyphy/ptII/lib/netty-common-4.1.19.Final.jar:/home/travis/build/icyphy/ptII/lib/netty-handler-4.1.19.Final.jar:/home/travis/build/icyphy/ptII/lib/netty-resolver-4.1.19.Final.jar:/home/travis/build/icyphy/ptII/lib/netty-resolver-dns-4.1.19.Final.jar:/home/travis/build/icyphy/ptII/lib/netty-transport-4.1.19.Final.jar:/home/travis/build/icyphy/ptII/lib/vertx-codegen-3.5.1.jar:/home/travis/build/icyphy/ptII/lib/vertx-core-3.5.2-SNAPSHOT.jar:/home/travis/build/icyphy/ptII/lib/vertx-hazelcast-3.5.1.jar:/home/travis/build/icyphy/ptII/lib/vertx-lang-js-3.5.1.jar:/home/travis/build/icyphy/ptII/lib/vertx-service-proxy-3.5.1.jar:/home/travis/build/icyphy/ptII/lib/vertx-web-3.5.1.jar:/home/travis/build/icyphy/ptII/lib/slf4j-api-1.7.13.jar:/home/travis/build/icyphy/ptII/lib/slf4j-simple-1.7.13.jar:/home/travis/build/icyphy/ptII/lib/webcam-capture-0.3.12.jar:/home/travis/build/icyphy/ptII/lib/bridj-0.7.0.jar:/home/travis/build/icyphy/ptII/lib/xbjlib-1.1.0.nrjavaserial.jar:/home/travis/build/icyphy/ptII/ptolemy/moml/test:/home/travis/build/icyphy/ptII/ant/lib/ant-launcher.jar:/home/travis/build/icyphy/ptII/ant/lib/ant.jar:/home/travis/build/icyphy/ptII/ant/lib/ant-junit.jar:/home/travis/build/icyphy/ptII/ant/lib/ant-junit4.jar" />
    <property name="ant.library.dir" value="/home/travis/build/icyphy/ptII/ant/lib" />
    <property name="os.arch" value="amd64" />
    <property name="env.CONTINUOUS_INTEGRATION" value="true" />
    <property name="env.TRAVIS_LANGUAGE" value="node_js" />
    <property name="env.TRAVIS_STACK_LANGUAGES" value="__sardonyx__ c c++ clojure cplusplus cpp default generic go groovy java node_js php pure_java python ruby scala" />
    <property name="test.name" value="ptolemy.actor.lib.test.junit.JUnitTclTest" />
    <property name="env.APT_KEY_DONT_WARN_ON_DANGEROUS_USAGE" value="1" />
    <property name="sun.java.launcher" value="SUN_STANDARD" />
    <property name="env.PYTHON_CONFIGURE_OPTS" value="--enable-unicode=ucs4 --with-wide-unicode --enable-shared --enable-ipv6 --enable-loadable-sqlite-extensions --with-computed-gotos" />
    <property name="ant.core.lib" value="/home/travis/build/icyphy/ptII/ant/lib/ant.jar" />
    <property name="java.vm.specification.vendor" value="Oracle Corporation" />
    <property name="env.BCVTB_HOME" value="/home/travis/build/icyphy/ptII/lbnl" />
    <property name="file.separator" value="/" />
    <property name="spotbugs.home" value="/home/travis/build/icyphy/ptII/vendors/spotbugs-3.1.1" />
    <property name="java.runtime.version" value="11.0.2+9" />
    <property name="env.ANSI_CLEAR" value="\033[0K" />
    <property name="javafx.verbose" value="true" />
    <property name="env.HAS_JOSH_K_SEAL_OF_APPROVAL" value="true" />
    <property name="env.XDG_RUNTIME_DIR" value="/run/user/2000" />
    <property name="env.TRAVIS_OSX_IMAGE" value="" />
    <property name="env.TRAVIS_JOB_ID" value="599473139" />
    <property name="env.TRAVIS_BRANCH" value="master" />
    <property name="user.country" value="US" />
    <property name="env.CERTI_HOME_TRAVIS" value="/home/travis/pthla/certi-tools" />
    <property name="env.SHELL" value="/bin/bash" />
    <property name="java.maxmemory.large" value="3200m" />
    <property name="model" value="" />
    <property name="env.CASHER_DIR" value="/home/travis/.casher" />
    <property name="env.NVM_CD_FLAGS" value="" />
    <property name="java.vendor.version" value="18.9" />
    <property name="jshint.executable" value="/home/travis/node_modules/jshint/bin/jshint" />
    <property name="env.JRUBY_OPTS" value=" --client -J-XX:+TieredCompilation -J-XX:TieredStopAtLevel=1 -J-Xss2m -Xcompile.invokedynamic=false" />
    <property name="java.vendor" value="Oracle Corporation" />
    <property name="env.TRAVIS_PRE_CHEF_BOOTSTRAP_TIME" value="2019-03-25T16:16:42" />
    <property name="env.TRAVIS_STACK_JOB_BOARD_REGISTER" value="/.job-board-register.yml" />
    <property name="env.ANSI_RED" value="\033[31;1m" />
    <property name="java.specification.version" value="11" />
    <property name="env.IRBRC" value="/home/travis/.rvm/rubies/ruby-2.5.3/.irbrc" />
    <property name="env.TRAVIS" value="true" />
    <property name="sun.arch.data.model" value="64" />
  </properties>
  <testcase classname="ptolemy.util.test.junit.TclTests" name="[0] /home/travis/build/icyphy/ptII/ptolemy/actor/lib/test/AbsoluteValue.tcl (RunTclFile)" time="0.622" />
  <testcase classname="ptolemy.util.test.junit.TclTests" name="[1] /home/travis/build/icyphy/ptII/ptolemy/actor/lib/test/AddSubtract.tcl (RunTclFile)" time="0.212" />
  <testcase classname="ptolemy.util.test.junit.TclTests" name="[2] /home/travis/build/icyphy/ptII/ptolemy/actor/lib/test/Average.tcl (RunTclFile)" time="0.064" />
  <testcase classname="ptolemy.util.test.junit.TclTests" name="[3] /home/travis/build/icyphy/ptII/ptolemy/actor/lib/test/Bernoulli.tcl (RunTclFile)" time="0.032" />
  <testcase classname="ptolemy.util.test.junit.TclTests" name="[4] /home/travis/build/icyphy/ptII/ptolemy/actor/lib/test/Clock.tcl (RunTclFile)" time="0.127" />
  <testcase classname="ptolemy.util.test.junit.TclTests" name="[5] /home/travis/build/icyphy/ptII/ptolemy/actor/lib/test/Commutator.tcl (RunTclFile)" time="0.185" />
  <testcase classname="ptolemy.util.test.junit.TclTests" name="[6] /home/travis/build/icyphy/ptII/ptolemy/actor/lib/test/Const.tcl (RunTclFile)" time="0.144" />
  <testcase classname="ptolemy.util.test.junit.TclTests" name="[7] /home/travis/build/icyphy/ptII/ptolemy/actor/lib/test/CurrentTime.tcl (RunTclFile)" time="0.044" />
  <testcase classname="ptolemy.util.test.junit.TclTests" name="[8] /home/travis/build/icyphy/ptII/ptolemy/actor/lib/test/DB.tcl (RunTclFile)" time="0.058" />
  <testcase classname="ptolemy.util.test.junit.TclTests" name="[9] /home/travis/build/icyphy/ptII/ptolemy/actor/lib/test/DiscreteRandomSource.tcl (RunTclFile)" time="0.046" />
  <testcase classname="ptolemy.util.test.junit.TclTests" name="[10] /home/travis/build/icyphy/ptII/ptolemy/actor/lib/test/Distributor.tcl (RunTclFile)" time="0.061" />
  <testcase classname="ptolemy.util.test.junit.TclTests" name="[11] /home/travis/build/icyphy/ptII/ptolemy/actor/lib/test/Exit.tcl (RunTclFile)" time="0.077" />
  <testcase classname="ptolemy.util.test.junit.TclTests" name="[12] /home/travis/build/icyphy/ptII/ptolemy/actor/lib/test/Expression.tcl (RunTclFile)" time="0.105" />
  <testcase classname="ptolemy.util.test.junit.TclTests" name="[13] /home/travis/build/icyphy/ptII/ptolemy/actor/lib/test/Gaussian.tcl (RunTclFile)" time="0.673" />
  <testcase classname="ptolemy.util.test.junit.TclTests" name="[14] /home/travis/build/icyphy/ptII/ptolemy/actor/lib/test/IIR.tcl (RunTclFile)" time="0.023" />
  <testcase classname="ptolemy.util.test.junit.TclTests" name="[15] /home/travis/build/icyphy/ptII/ptolemy/actor/lib/test/Interpolator.tcl (RunTclFile)" time="0.055" />
  <testcase classname="ptolemy.util.test.junit.TclTests" name="[16] /home/travis/build/icyphy/ptII/ptolemy/actor/lib/test/MathFunction.tcl (RunTclFile)" time="0.044" />
  <testcase classname="ptolemy.util.test.junit.TclTests" name="[17] /home/travis/build/icyphy/ptII/ptolemy/actor/lib/test/Maximum.tcl (RunTclFile)" time="0.028" />
  <testcase classname="ptolemy.util.test.junit.TclTests" name="[18] /home/travis/build/icyphy/ptII/ptolemy/actor/lib/test/Minimum.tcl (RunTclFile)" time="0.022" />
  <testcase classname="ptolemy.util.test.junit.TclTests" name="[19] /home/travis/build/icyphy/ptII/ptolemy/actor/lib/test/MultiplyDivide.tcl (RunTclFile)" time="0.025" />
  <testcase classname="ptolemy.util.test.junit.TclTests" name="[20] /home/travis/build/icyphy/ptII/ptolemy/actor/lib/test/OrderedMerge.tcl (RunTclFile)" time="0.14" />
  <testcase classname="ptolemy.util.test.junit.TclTests" name="[21] /home/travis/build/icyphy/ptII/ptolemy/actor/lib/test/Publisher.tcl (RunTclFile)" time="0.949" />
  <testcase classname="ptolemy.util.test.junit.TclTests" name="[22] /home/travis/build/icyphy/ptII/ptolemy/actor/lib/test/Pulse.tcl (RunTclFile)" time="0.051" />
  <testcase classname="ptolemy.util.test.junit.TclTests" name="[23] /home/travis/build/icyphy/ptII/ptolemy/actor/lib/test/Ramp.tcl (RunTclFile)" time="2.262" />
  <testcase classname="ptolemy.util.test.junit.TclTests" name="[24] /home/travis/build/icyphy/ptII/ptolemy/actor/lib/test/RampContinuous.tcl (RunTclFile)" time="0.019" />
  <testcase classname="ptolemy.util.test.junit.TclTests" name="[25] /home/travis/build/icyphy/ptII/ptolemy/actor/lib/test/RecordAssembler.tcl (RunTclFile)" time="0.016" />
  <testcase classname="ptolemy.util.test.junit.TclTests" name="[26] /home/travis/build/icyphy/ptII/ptolemy/actor/lib/test/RecordDisassembler.tcl (RunTclFile)" time="0.021" />
  <testcase classname="ptolemy.util.test.junit.TclTests" name="[27] /home/travis/build/icyphy/ptII/ptolemy/actor/lib/test/Scale.tcl (RunTclFile)" time="0.018" />
  <testcase classname="ptolemy.util.test.junit.TclTests" name="[28] /home/travis/build/icyphy/ptII/ptolemy/actor/lib/test/SequentialClock.tcl (RunTclFile)" time="0.013" />
  <testcase classname="ptolemy.util.test.junit.TclTests" name="[29] /home/travis/build/icyphy/ptII/ptolemy/actor/lib/test/SetVariable.tcl (RunTclFile)" time="0.048">
    <failure message="Number of failed tests is has increased. expected:&lt;0&gt; but was:&lt;1&gt;" type="junit.framework.AssertionFailedError">junit.framework.AssertionFailedError: Number of failed tests is has increased. expected:&lt;0&gt; but was:&lt;1&gt;
	at ptolemy.util.test.junit.TclTests.RunTclFile(TclTests.java:286)
	at jdk.internal.reflect.GeneratedMethodAccessor19.invoke(Unknown Source)
	at java.base/jdk.internal.reflect.DelegatingMethodAccessorImpl.invoke(DelegatingMethodAccessorImpl.java:43)
	at junitparams.internal.InvokeParameterisedMethod.evaluate(InvokeParameterisedMethod.java:102)
	at junitparams.internal.ParameterisedTestMethodRunner.runMethodInvoker(ParameterisedTestMethodRunner.java:47)
	at junitparams.internal.ParameterisedTestMethodRunner.runTestMethod(ParameterisedTestMethodRunner.java:41)
	at junitparams.internal.ParameterisedTestClassRunner.runParameterisedTest(ParameterisedTestClassRunner.java:143)
	at junitparams.JUnitParamsRunner.runChild(JUnitParamsRunner.java:237)
	at junitparams.JUnitParamsRunner.runChild(JUnitParamsRunner.java:215)
</failure>
  </testcase>
  <testcase classname="ptolemy.util.test.junit.TclTests" name="[30] /home/travis/build/icyphy/ptII/ptolemy/actor/lib/test/Sinewave.tcl (RunTclFile)" time="0.027" />
  <testcase classname="ptolemy.util.test.junit.TclTests" name="[31] /home/travis/build/icyphy/ptII/ptolemy/actor/lib/test/SubscriptionAggregator.tcl (RunTclFile)" time="2.294" />
  <testcase classname="ptolemy.util.test.junit.TclTests" name="[32] /home/travis/build/icyphy/ptII/ptolemy/actor/lib/test/Test.tcl (RunTclFile)" time="0.115" />
  <testcase classname="ptolemy.util.test.junit.TclTests" name="[33] /home/travis/build/icyphy/ptII/ptolemy/actor/lib/test/TestExceptionHandler.tcl (RunTclFile)" time="0.011" />
  <testcase classname="ptolemy.util.test.junit.TclTests" name="[34] /home/travis/build/icyphy/ptII/ptolemy/actor/lib/test/UnionDisassembler.tcl (RunTclFile)" time="0.066" />
  <testcase classname="ptolemy.util.test.junit.TclTests" name="[35] /home/travis/build/icyphy/ptII/ptolemy/actor/lib/test/VariableClock.tcl (RunTclFile)" time="0.032" />
  <testcase classname="ptolemy.util.test.junit.AutoKnownFailedTests" name="[0] /home/travis/build/icyphy/ptII/ptolemy/actor/lib/test/auto/knownFailedTests/PublisherPortToplevelSubscriber.xml (RunModel)" time="0.028" />
  <testcase classname="ptolemy.util.test.junit.AutoKnownFailedTests" name="[1] /home/travis/build/icyphy/ptII/ptolemy/actor/lib/test/auto/knownFailedTests/PublisherSubscriberPortToplevel.xml (RunModel)" time="0.021" />
  <testcase classname="ptolemy.util.test.junit.AutoKnownFailedTests" name="[2] /home/travis/build/icyphy/ptII/ptolemy/actor/lib/test/auto/knownFailedTests/PublisherSubscriptionAggregatorPort.xml (RunModel)" time="0.022" />
  <testcase classname="ptolemy.util.test.junit.AutoKnownFailedTests" name="[3] /home/travis/build/icyphy/ptII/ptolemy/actor/lib/test/auto/knownFailedTests/sizedarray3.xml (RunModel)" time="0.045" />
  <testcase classname="ptolemy.util.test.junit.AutoNameArchTests" name="[0] ThereAreNoAutoArchTests (RunModel)" time="0.004" />
  <testcase classname="ptolemy.util.test.junit.AutoTests" name="[0] /home/travis/build/icyphy/ptII/ptolemy/actor/lib/test/auto/AbsoluteValue.xml (RunModel)" time="0.091" />
  <testcase classname="ptolemy.util.test.junit.AutoTests" name="[1] /home/travis/build/icyphy/ptII/ptolemy/actor/lib/test/auto/AbsoluteValue2.xml (RunModel)" time="0.08" />
  <testcase classname="ptolemy.util.test.junit.AutoTests" name="[2] /home/travis/build/icyphy/ptII/ptolemy/actor/lib/test/auto/Accumulator.xml (RunModel)" time="0.068" />
  <testcase classname="ptolemy.util.test.junit.AutoTests" name="[3] /home/travis/build/icyphy/ptII/ptolemy/actor/lib/test/auto/Accumulator2.xml (RunModel)" time="0.033" />
  <testcase classname="ptolemy.util.test.junit.AutoTests" name="[4] /home/travis/build/icyphy/ptII/ptolemy/actor/lib/test/auto/Accumulator3.xml (RunModel)" time="0.029" />
  <testcase classname="ptolemy.util.test.junit.AutoTests" name="[5] /home/travis/build/icyphy/ptII/ptolemy/actor/lib/test/auto/ArrayAppend.xml (RunModel)" time="0.05" />
  <testcase classname="ptolemy.util.test.junit.AutoTests" name="[6] /home/travis/build/icyphy/ptII/ptolemy/actor/lib/test/auto/ArrayAppend2.xml (RunModel)" time="0.487" />
  <testcase classname="ptolemy.util.test.junit.AutoTests" name="[7] /home/travis/build/icyphy/ptII/ptolemy/actor/lib/test/auto/ArrayAppend3.xml (RunModel)" time="0.047" />
  <testcase classname="ptolemy.util.test.junit.AutoTests" name="[8] /home/travis/build/icyphy/ptII/ptolemy/actor/lib/test/auto/ArrayAppend4.xml (RunModel)" time="0.024" />
  <testcase classname="ptolemy.util.test.junit.AutoTests" name="[9] /home/travis/build/icyphy/ptII/ptolemy/actor/lib/test/auto/ArrayAppend5.xml (RunModel)" time="0.019" />
  <testcase classname="ptolemy.util.test.junit.AutoTests" name="[10] /home/travis/build/icyphy/ptII/ptolemy/actor/lib/test/auto/ArrayAppend6.xml (RunModel)" time="0.023" />
  <testcase classname="ptolemy.util.test.junit.AutoTests" name="[11] /home/travis/build/icyphy/ptII/ptolemy/actor/lib/test/auto/ArrayAppendPerformanceTest.xml (RunModel)" time="0.07" />
  <testcase classname="ptolemy.util.test.junit.AutoTests" name="[12] /home/travis/build/icyphy/ptII/ptolemy/actor/lib/test/auto/ArrayAppendWithEmptyInput.xml (RunModel)" time="0.042" />
  <testcase classname="ptolemy.util.test.junit.AutoTests" name="[13] /home/travis/build/icyphy/ptII/ptolemy/actor/lib/test/auto/ArrayAverage.xml (RunModel)" time="0.072" />
  <testcase classname="ptolemy.util.test.junit.AutoTests" name="[14] /home/travis/build/icyphy/ptII/ptolemy/actor/lib/test/auto/ArrayContains.xml (RunModel)" time="0.031" />
  <testcase classname="ptolemy.util.test.junit.AutoTests" name="[15] /home/travis/build/icyphy/ptII/ptolemy/actor/lib/test/auto/ArrayElement.xml (RunModel)" time="0.041" />
  <testcase classname="ptolemy.util.test.junit.AutoTests" name="[16] /home/travis/build/icyphy/ptII/ptolemy/actor/lib/test/auto/ArrayElementAsMatrix.xml (RunModel)" time="0.07" />
  <testcase classname="ptolemy.util.test.junit.AutoTests" name="[17] /home/travis/build/icyphy/ptII/ptolemy/actor/lib/test/auto/ArrayElementI.xml (RunModel)" time="0.04" />
  <testcase classname="ptolemy.util.test.junit.AutoTests" name="[18] /home/travis/build/icyphy/ptII/ptolemy/actor/lib/test/auto/ArrayExtract.xml (RunModel)" time="0.038" />
  <testcase classname="ptolemy.util.test.junit.AutoTests" name="[19] /home/travis/build/icyphy/ptII/ptolemy/actor/lib/test/auto/ArrayExtract2.xml (RunModel)" time="0.022" />
  <testcase classname="ptolemy.util.test.junit.AutoTests" name="[20] /home/travis/build/icyphy/ptII/ptolemy/actor/lib/test/auto/ArrayLength.xml (RunModel)" time="0.028" />
  <testcase classname="ptolemy.util.test.junit.AutoTests" name="[21] /home/travis/build/icyphy/ptII/ptolemy/actor/lib/test/auto/ArrayLevelCrossing.xml (RunModel)" time="0.037" />
  <testcase classname="ptolemy.util.test.junit.AutoTests" name="[22] /home/travis/build/icyphy/ptII/ptolemy/actor/lib/test/auto/ArrayLevelCrossing2.xml (RunModel)" time="0.034" />
  <testcase classname="ptolemy.util.test.junit.AutoTests" name="[23] /home/travis/build/icyphy/ptII/ptolemy/actor/lib/test/auto/ArrayPeakSearch.xml (RunModel)" time="0.048" />
  <testcase classname="ptolemy.util.test.junit.AutoTests" name="[24] /home/travis/build/icyphy/ptII/ptolemy/actor/lib/test/auto/ArrayPeakSearch2.xml (RunModel)" time="0.047" />
  <testcase classname="ptolemy.util.test.junit.AutoTests" name="[25] /home/travis/build/icyphy/ptII/ptolemy/actor/lib/test/auto/ArrayPeakSearch3.xml (RunModel)" time="0.032" />
  <testcase classname="ptolemy.util.test.junit.AutoTests" name="[26] /home/travis/build/icyphy/ptII/ptolemy/actor/lib/test/auto/ArrayRemoveElement.xml (RunModel)" time="0.031" />
  <testcase classname="ptolemy.util.test.junit.AutoTests" name="[27] /home/travis/build/icyphy/ptII/ptolemy/actor/lib/test/auto/ArraySort.xml (RunModel)" time="0.037" />
  <testcase classname="ptolemy.util.test.junit.AutoTests" name="[28] /home/travis/build/icyphy/ptII/ptolemy/actor/lib/test/auto/ArraySum.xml (RunModel)" time="0.02" />
  <testcase classname="ptolemy.util.test.junit.AutoTests" name="[29] /home/travis/build/icyphy/ptII/ptolemy/actor/lib/test/auto/ArrayToElements.xml (RunModel)" time="0.036" />
  <testcase classname="ptolemy.util.test.junit.AutoTests" name="[30] /home/travis/build/icyphy/ptII/ptolemy/actor/lib/test/auto/ArrayToMatrix.xml (RunModel)" time="0.062" />
  <testcase classname="ptolemy.util.test.junit.AutoTests" name="[31] /home/travis/build/icyphy/ptII/ptolemy/actor/lib/test/auto/ArrayUpdate1.xml (RunModel)" time="0.021" />
  <testcase classname="ptolemy.util.test.junit.AutoTests" name="[32] /home/travis/build/icyphy/ptII/ptolemy/actor/lib/test/auto/ArrayUpdate2.xml (RunModel)" time="0.035" />
  <testcase classname="ptolemy.util.test.junit.AutoTests" name="[33] /home/travis/build/icyphy/ptII/ptolemy/actor/lib/test/auto/ArrayUpdate3.xml (RunModel)" time="0.028" />
  <testcase classname="ptolemy.util.test.junit.AutoTests" name="[34] /home/travis/build/icyphy/ptII/ptolemy/actor/lib/test/auto/Assert1.xml (RunModel)" time="0.021" />
  <testcase classname="ptolemy.util.test.junit.AutoTests" name="[35] /home/travis/build/icyphy/ptII/ptolemy/actor/lib/test/auto/Assert2.xml (RunModel)" time="0.014" />
  <testcase classname="ptolemy.util.test.junit.AutoTests" name="[36] /home/travis/build/icyphy/ptII/ptolemy/actor/lib/test/auto/BooleanMultiplexor.xml (RunModel)" time="0.026" />
  <testcase classname="ptolemy.util.test.junit.AutoTests" name="[37] /home/travis/build/icyphy/ptII/ptolemy/actor/lib/test/auto/BooleanMultiplexor2.xml (RunModel)" time="0.024" />
  <testcase classname="ptolemy.util.test.junit.AutoTests" name="[38] /home/travis/build/icyphy/ptII/ptolemy/actor/lib/test/auto/BooleanMultiplexor3.xml (RunModel)" time="0.019" />
  <testcase classname="ptolemy.util.test.junit.AutoTests" name="[39] /home/travis/build/icyphy/ptII/ptolemy/actor/lib/test/auto/BooleanSelect.xml (RunModel)" time="0.022" />
  <testcase classname="ptolemy.util.test.junit.AutoTests" name="[40] /home/travis/build/icyphy/ptII/ptolemy/actor/lib/test/auto/BooleanSelect2.xml (RunModel)" time="0.015" />
  <testcase classname="ptolemy.util.test.junit.AutoTests" name="[41] /home/travis/build/icyphy/ptII/ptolemy/actor/lib/test/auto/BooleanSwitch.xml (RunModel)" time="0.033" />
  <testcase classname="ptolemy.util.test.junit.AutoTests" name="[42] /home/travis/build/icyphy/ptII/ptolemy/actor/lib/test/auto/BooleanSwitch2.xml (RunModel)" time="0.016" />
  <testcase classname="ptolemy.util.test.junit.AutoTests" name="[43] /home/travis/build/icyphy/ptII/ptolemy/actor/lib/test/auto/BooleanSwitchCloningBugWithClassRelationGroup.xml (RunModel)" time="0.03" />
  <testcase classname="ptolemy.util.test.junit.AutoTests" name="[44] /home/travis/build/icyphy/ptII/ptolemy/actor/lib/test/auto/BusActors.xml (RunModel)" time="0.033" />
  <testcase classname="ptolemy.util.test.junit.AutoTests" name="[45] /home/travis/build/icyphy/ptII/ptolemy/actor/lib/test/auto/ClassWrapper.xml (RunModel)" time="0.02" />
  <testcase classname="ptolemy.util.test.junit.AutoTests" name="[46] /home/travis/build/icyphy/ptII/ptolemy/actor/lib/test/auto/Clock.xml (RunModel)" time="0.009" />
  <testcase classname="ptolemy.util.test.junit.AutoTests" name="[47] /home/travis/build/icyphy/ptII/ptolemy/actor/lib/test/auto/Clock10.xml (RunModel)" time="0.03" />
  <testcase classname="ptolemy.util.test.junit.AutoTests" name="[48] /home/travis/build/icyphy/ptII/ptolemy/actor/lib/test/auto/Clock11.xml (RunModel)" time="0.021" />
  <testcase classname="ptolemy.util.test.junit.AutoTests" name="[49] /home/travis/build/icyphy/ptII/ptolemy/actor/lib/test/auto/Clock12.xml (RunModel)" time="0.02" />
  <testcase classname="ptolemy.util.test.junit.AutoTests" name="[50] /home/travis/build/icyphy/ptII/ptolemy/actor/lib/test/auto/Clock13.xml (RunModel)" time="0.019" />
  <testcase classname="ptolemy.util.test.junit.AutoTests" name="[51] /home/travis/build/icyphy/ptII/ptolemy/actor/lib/test/auto/Clock14.xml (RunModel)" time="0.019" />
  <testcase classname="ptolemy.util.test.junit.AutoTests" name="[52] /home/travis/build/icyphy/ptII/ptolemy/actor/lib/test/auto/Clock15.xml (RunModel)" time="0.015" />
  <testcase classname="ptolemy.util.test.junit.AutoTests" name="[53] /home/travis/build/icyphy/ptII/ptolemy/actor/lib/test/auto/Clock16.xml (RunModel)" time="0.101" />
  <testcase classname="ptolemy.util.test.junit.AutoTests" name="[54] /home/travis/build/icyphy/ptII/ptolemy/actor/lib/test/auto/Clock17.xml (RunModel)" time="0.07" />
  <testcase classname="ptolemy.util.test.junit.AutoTests" name="[55] /home/travis/build/icyphy/ptII/ptolemy/actor/lib/test/auto/Clock18.xml (RunModel)" time="0.052" />
  <testcase classname="ptolemy.util.test.junit.AutoTests" name="[56] /home/travis/build/icyphy/ptII/ptolemy/actor/lib/test/auto/Clock19.xml (RunModel)" time="0.047" />
  <testcase classname="ptolemy.util.test.junit.AutoTests" name="[57] /home/travis/build/icyphy/ptII/ptolemy/actor/lib/test/auto/Clock2.xml (RunModel)" time="0.015" />
  <testcase classname="ptolemy.util.test.junit.AutoTests" name="[58] /home/travis/build/icyphy/ptII/ptolemy/actor/lib/test/auto/Clock20.xml (RunModel)" time="0.023" />
  <testcase classname="ptolemy.util.test.junit.AutoTests" name="[59] /home/travis/build/icyphy/ptII/ptolemy/actor/lib/test/auto/Clock21.xml (RunModel)" time="0.016" />
  <testcase classname="ptolemy.util.test.junit.AutoTests" name="[60] /home/travis/build/icyphy/ptII/ptolemy/actor/lib/test/auto/Clock22.xml (RunModel)" time="0.015" />
  <testcase classname="ptolemy.util.test.junit.AutoTests" name="[61] /home/travis/build/icyphy/ptII/ptolemy/actor/lib/test/auto/Clock23.xml (RunModel)" time="0.02" />
  <testcase classname="ptolemy.util.test.junit.AutoTests" name="[62] /home/travis/build/icyphy/ptII/ptolemy/actor/lib/test/auto/Clock24.xml (RunModel)" time="0.015" />
  <testcase classname="ptolemy.util.test.junit.AutoTests" name="[63] /home/travis/build/icyphy/ptII/ptolemy/actor/lib/test/auto/Clock4.xml (RunModel)" time="0.012" />
  <testcase classname="ptolemy.util.test.junit.AutoTests" name="[64] /home/travis/build/icyphy/ptII/ptolemy/actor/lib/test/auto/Clock5.xml (RunModel)" time="0.011" />
  <testcase classname="ptolemy.util.test.junit.AutoTests" name="[65] /home/travis/build/icyphy/ptII/ptolemy/actor/lib/test/auto/Clock6.xml (RunModel)" time="0.014" />
  <testcase classname="ptolemy.util.test.junit.AutoTests" name="[66] /home/travis/build/icyphy/ptII/ptolemy/actor/lib/test/auto/Clock7.xml (RunModel)" time="0.01" />
  <testcase classname="ptolemy.util.test.junit.AutoTests" name="[67] /home/travis/build/icyphy/ptII/ptolemy/actor/lib/test/auto/Clock8.xml (RunModel)" time="0.015" />
  <testcase classname="ptolemy.util.test.junit.AutoTests" name="[68] /home/travis/build/icyphy/ptII/ptolemy/actor/lib/test/auto/Clock9.xml (RunModel)" time="0.015" />
  <testcase classname="ptolemy.util.test.junit.AutoTests" name="[69] /home/travis/build/icyphy/ptII/ptolemy/actor/lib/test/auto/CommDistDiscard.xml (RunModel)" time="0.023" />
  <testcase classname="ptolemy.util.test.junit.AutoTests" name="[70] /home/travis/build/icyphy/ptII/ptolemy/actor/lib/test/auto/Commutator.xml (RunModel)" time="0.019" />
  <testcase classname="ptolemy.util.test.junit.AutoTests" name="[71] /home/travis/build/icyphy/ptII/ptolemy/actor/lib/test/auto/Commutator2.xml (RunModel)" time="0.01" />
  <testcase classname="ptolemy.util.test.junit.AutoTests" name="[72] /home/travis/build/icyphy/ptII/ptolemy/actor/lib/test/auto/Commutator3.xml (RunModel)" time="0.012" />
  <testcase classname="ptolemy.util.test.junit.AutoTests" name="[73] /home/travis/build/icyphy/ptII/ptolemy/actor/lib/test/auto/Compare.xml (RunModel)" time="0.021" />
  <testcase classname="ptolemy.util.test.junit.AutoTests" name="[74] /home/travis/build/icyphy/ptII/ptolemy/actor/lib/test/auto/CompareDE.xml (RunModel)" time="0.021" />
  <testcase classname="ptolemy.util.test.junit.AutoTests" name="[75] /home/travis/build/icyphy/ptII/ptolemy/actor/lib/test/auto/ComplexDivide.xml (RunModel)" time="0.008" />
  <testcase classname="ptolemy.util.test.junit.AutoTests" name="[76] /home/travis/build/icyphy/ptII/ptolemy/actor/lib/test/auto/ComputeHistogram.xml (RunModel)" time="0.087" />
  <testcase classname="ptolemy.util.test.junit.AutoTests" name="[77] /home/travis/build/icyphy/ptII/ptolemy/actor/lib/test/auto/ConfigurationSelect.xml (RunModel)" time="0.028" />
  <testcase classname="ptolemy.util.test.junit.AutoTests" name="[78] /home/travis/build/icyphy/ptII/ptolemy/actor/lib/test/auto/ConfigurationSelect2.xml (RunModel)" time="0.026" />
  <testcase classname="ptolemy.util.test.junit.AutoTests" name="[79] /home/travis/build/icyphy/ptII/ptolemy/actor/lib/test/auto/ConfigurationSwitch.xml (RunModel)" time="0.027" />
  <testcase classname="ptolemy.util.test.junit.AutoTests" name="[80] /home/travis/build/icyphy/ptII/ptolemy/actor/lib/test/auto/ConfigurationSwitch2.xml (RunModel)" time="0.036" />
  <testcase classname="ptolemy.util.test.junit.AutoTests" name="[81] /home/travis/build/icyphy/ptII/ptolemy/actor/lib/test/auto/ConfigurationSwitchCloningBugWithClassRelationGroup.xml (RunModel)" time="0.02" />
  <testcase classname="ptolemy.util.test.junit.AutoTests" name="[82] /home/travis/build/icyphy/ptII/ptolemy/actor/lib/test/auto/ConfigurationSwitchSelectSDF.xml (RunModel)" time="0.016" />
  <testcase classname="ptolemy.util.test.junit.AutoTests" name="[83] /home/travis/build/icyphy/ptII/ptolemy/actor/lib/test/auto/ConfigurationSwitchSelectSDF2.xml (RunModel)" time="0.015" />
  <testcase classname="ptolemy.util.test.junit.AutoTests" name="[84] /home/travis/build/icyphy/ptII/ptolemy/actor/lib/test/auto/Const.xml (RunModel)" time="0.008" />
  <testcase classname="ptolemy.util.test.junit.AutoTests" name="[85] /home/travis/build/icyphy/ptII/ptolemy/actor/lib/test/auto/Const2.xml (RunModel)" time="0.011" />
  <testcase classname="ptolemy.util.test.junit.AutoTests" name="[86] /home/travis/build/icyphy/ptII/ptolemy/actor/lib/test/auto/Const3.xml (RunModel)" time="0.009" />
  <testcase classname="ptolemy.util.test.junit.AutoTests" name="[87] /home/travis/build/icyphy/ptII/ptolemy/actor/lib/test/auto/ConstantPublisherPort1.xml (RunModel)" time="0.024" />
  <testcase classname="ptolemy.util.test.junit.AutoTests" name="[88] /home/travis/build/icyphy/ptII/ptolemy/actor/lib/test/auto/ConstantPublisherPort2.xml (RunModel)" time="0.024" />
  <testcase classname="ptolemy.util.test.junit.AutoTests" name="[89] /home/travis/build/icyphy/ptII/ptolemy/actor/lib/test/auto/ConstantPublisherPort3.xml (RunModel)" time="0.021" />
  <testcase classname="ptolemy.util.test.junit.AutoTests" name="[90] /home/travis/build/icyphy/ptII/ptolemy/actor/lib/test/auto/ConstantPublisherPort4.xml (RunModel)" time="0.015" />
  <testcase classname="ptolemy.util.test.junit.AutoTests" name="[91] /home/travis/build/icyphy/ptII/ptolemy/actor/lib/test/auto/ConstantPublisherPort5.xml (RunModel)" time="0.042" />
  <testcase classname="ptolemy.util.test.junit.AutoTests" name="[92] /home/travis/build/icyphy/ptII/ptolemy/actor/lib/test/auto/ConstantPublisherPort6.xml (RunModel)" time="0.03" />
  <testcase classname="ptolemy.util.test.junit.AutoTests" name="[93] /home/travis/build/icyphy/ptII/ptolemy/actor/lib/test/auto/ConstantPublisherPort7.xml (RunModel)" time="0.043" />
  <testcase classname="ptolemy.util.test.junit.AutoTests" name="[94] /home/travis/build/icyphy/ptII/ptolemy/actor/lib/test/auto/ConstraintMonitor1.xml (RunModel)" time="0.048" />
  <testcase classname="ptolemy.util.test.junit.AutoTests" name="[95] /home/travis/build/icyphy/ptII/ptolemy/actor/lib/test/auto/ConstraintMonitor2.xml (RunModel)" time="0.017" />
  <testcase classname="ptolemy.util.test.junit.AutoTests" name="[96] /home/travis/build/icyphy/ptII/ptolemy/actor/lib/test/auto/ConstraintMonitor3.xml (RunModel)" time="0.019" />
  <testcase classname="ptolemy.util.test.junit.AutoTests" name="[97] /home/travis/build/icyphy/ptII/ptolemy/actor/lib/test/auto/ConstraintMonitor4.xml (RunModel)" time="0.012" />
  <testcase classname="ptolemy.util.test.junit.AutoTests" name="[98] /home/travis/build/icyphy/ptII/ptolemy/actor/lib/test/auto/ConstraintMonitor5.xml (RunModel)" time="0.011" />
  <testcase classname="ptolemy.util.test.junit.AutoTests" name="[99] /home/travis/build/icyphy/ptII/ptolemy/actor/lib/test/auto/ConstraintMonitor6.xml (RunModel)" time="0.014" />
  <testcase classname="ptolemy.util.test.junit.AutoTests" name="[100] /home/travis/build/icyphy/ptII/ptolemy/actor/lib/test/auto/ConstraintMonitor7.xml (RunModel)" time="0.022" />
  <testcase classname="ptolemy.util.test.junit.AutoTests" name="[101] /home/travis/build/icyphy/ptII/ptolemy/actor/lib/test/auto/ConstraintMonitor8.xml (RunModel)" time="0.021" />
  <testcase classname="ptolemy.util.test.junit.AutoTests" name="[102] /home/travis/build/icyphy/ptII/ptolemy/actor/lib/test/auto/Counter.xml (RunModel)" time="0.016" />
  <testcase classname="ptolemy.util.test.junit.AutoTests" name="[103] /home/travis/build/icyphy/ptII/ptolemy/actor/lib/test/auto/CurrentTimeSDF.xml (RunModel)" time="0.009" />
  <testcase classname="ptolemy.util.test.junit.AutoTests" name="[104] /home/travis/build/icyphy/ptII/ptolemy/actor/lib/test/auto/DB.xml (RunModel)" time="0.012" />
  <testcase classname="ptolemy.util.test.junit.AutoTests" name="[105] /home/travis/build/icyphy/ptII/ptolemy/actor/lib/test/auto/DBDE.xml (RunModel)" time="0.015" />
  <testcase classname="ptolemy.util.test.junit.AutoTests" name="[106] /home/travis/build/icyphy/ptII/ptolemy/actor/lib/test/auto/DateConstructor.xml (RunModel)" time="0.088" />
  <testcase classname="ptolemy.util.test.junit.AutoTests" name="[107] /home/travis/build/icyphy/ptII/ptolemy/actor/lib/test/auto/DelayTime.xml (RunModel)" time="0.017" />
  <testcase classname="ptolemy.util.test.junit.AutoTests" name="[108] /home/travis/build/icyphy/ptII/ptolemy/actor/lib/test/auto/Dictionary1.xml (RunModel)" time="0.02" />
  <testcase classname="ptolemy.util.test.junit.AutoTests" name="[109] /home/travis/build/icyphy/ptII/ptolemy/actor/lib/test/auto/Dictionary2.xml (RunModel)" time="0.02" />
  <testcase classname="ptolemy.util.test.junit.AutoTests" name="[110] /home/travis/build/icyphy/ptII/ptolemy/actor/lib/test/auto/Dictionary3.xml (RunModel)" time="0.015" />
  <testcase classname="ptolemy.util.test.junit.AutoTests" name="[111] /home/travis/build/icyphy/ptII/ptolemy/actor/lib/test/auto/Dictionary4.xml (RunModel)" time="0.019" />
  <testcase classname="ptolemy.util.test.junit.AutoTests" name="[112] /home/travis/build/icyphy/ptII/ptolemy/actor/lib/test/auto/Differential.xml (RunModel)" time="0.013" />
  <testcase classname="ptolemy.util.test.junit.AutoTests" name="[113] /home/travis/build/icyphy/ptII/ptolemy/actor/lib/test/auto/Director.xml (RunModel)" time="0.01" />
  <testcase classname="ptolemy.util.test.junit.AutoTests" name="[114] /home/travis/build/icyphy/ptII/ptolemy/actor/lib/test/auto/DiscreteClock.xml (RunModel)" time="0.008" />
  <testcase classname="ptolemy.util.test.junit.AutoTests" name="[115] /home/travis/build/icyphy/ptII/ptolemy/actor/lib/test/auto/DiscreteClock10.xml (RunModel)" time="0.016" />
  <testcase classname="ptolemy.util.test.junit.AutoTests" name="[116] /home/travis/build/icyphy/ptII/ptolemy/actor/lib/test/auto/DiscreteClock11.xml (RunModel)" time="0.013" />
  <testcase classname="ptolemy.util.test.junit.AutoTests" name="[117] /home/travis/build/icyphy/ptII/ptolemy/actor/lib/test/auto/DiscreteClock12.xml (RunModel)" time="0.014" />
  <testcase classname="ptolemy.util.test.junit.AutoTests" name="[118] /home/travis/build/icyphy/ptII/ptolemy/actor/lib/test/auto/DiscreteClock13.xml (RunModel)" time="0.016" />
  <testcase classname="ptolemy.util.test.junit.AutoTests" name="[119] /home/travis/build/icyphy/ptII/ptolemy/actor/lib/test/auto/DiscreteClock14.xml (RunModel)" time="0.017" />
  <testcase classname="ptolemy.util.test.junit.AutoTests" name="[120] /home/travis/build/icyphy/ptII/ptolemy/actor/lib/test/auto/DiscreteClock15.xml (RunModel)" time="0.018" />
  <testcase classname="ptolemy.util.test.junit.AutoTests" name="[121] /home/travis/build/icyphy/ptII/ptolemy/actor/lib/test/auto/DiscreteClock16.xml (RunModel)" time="0.04" />
  <testcase classname="ptolemy.util.test.junit.AutoTests" name="[122] /home/travis/build/icyphy/ptII/ptolemy/actor/lib/test/auto/DiscreteClock17.xml (RunModel)" time="0.055" />
  <testcase classname="ptolemy.util.test.junit.AutoTests" name="[123] /home/travis/build/icyphy/ptII/ptolemy/actor/lib/test/auto/DiscreteClock18.xml (RunModel)" time="0.04" />
  <testcase classname="ptolemy.util.test.junit.AutoTests" name="[124] /home/travis/build/icyphy/ptII/ptolemy/actor/lib/test/auto/DiscreteClock19.xml (RunModel)" time="0.046" />
  <testcase classname="ptolemy.util.test.junit.AutoTests" name="[125] /home/travis/build/icyphy/ptII/ptolemy/actor/lib/test/auto/DiscreteClock2.xml (RunModel)" time="0.013" />
  <testcase classname="ptolemy.util.test.junit.AutoTests" name="[126] /home/travis/build/icyphy/ptII/ptolemy/actor/lib/test/auto/DiscreteClock20.xml (RunModel)" time="0.025" />
  <testcase classname="ptolemy.util.test.junit.AutoTests" name="[127] /home/travis/build/icyphy/ptII/ptolemy/actor/lib/test/auto/DiscreteClock21.xml (RunModel)" time="0.02" />
  <testcase classname="ptolemy.util.test.junit.AutoTests" name="[128] /home/travis/build/icyphy/ptII/ptolemy/actor/lib/test/auto/DiscreteClock22.xml (RunModel)" time="0.016" />
  <testcase classname="ptolemy.util.test.junit.AutoTests" name="[129] /home/travis/build/icyphy/ptII/ptolemy/actor/lib/test/auto/DiscreteClock23.xml (RunModel)" time="0.017" />
  <testcase classname="ptolemy.util.test.junit.AutoTests" name="[130] /home/travis/build/icyphy/ptII/ptolemy/actor/lib/test/auto/DiscreteClock24.xml (RunModel)" time="0.015" />
  <testcase classname="ptolemy.util.test.junit.AutoTests" name="[131] /home/travis/build/icyphy/ptII/ptolemy/actor/lib/test/auto/DiscreteClock4.xml (RunModel)" time="0.011" />
  <testcase classname="ptolemy.util.test.junit.AutoTests" name="[132] /home/travis/build/icyphy/ptII/ptolemy/actor/lib/test/auto/DiscreteClock5.xml (RunModel)" time="0.011" />
  <testcase classname="ptolemy.util.test.junit.AutoTests" name="[133] /home/travis/build/icyphy/ptII/ptolemy/actor/lib/test/auto/DiscreteClock6.xml (RunModel)" time="0.009" />
  <testcase classname="ptolemy.util.test.junit.AutoTests" name="[134] /home/travis/build/icyphy/ptII/ptolemy/actor/lib/test/auto/DiscreteClock7.xml (RunModel)" time="0.009" />
  <testcase classname="ptolemy.util.test.junit.AutoTests" name="[135] /home/travis/build/icyphy/ptII/ptolemy/actor/lib/test/auto/DiscreteClock8.xml (RunModel)" time="0.02" />
  <testcase classname="ptolemy.util.test.junit.AutoTests" name="[136] /home/travis/build/icyphy/ptII/ptolemy/actor/lib/test/auto/DiscreteClock9.xml (RunModel)" time="0.016" />
  <testcase classname="ptolemy.util.test.junit.AutoTests" name="[137] /home/travis/build/icyphy/ptII/ptolemy/actor/lib/test/auto/DisplayArray.xml (RunModel)" time="0.009" />
  <testcase classname="ptolemy.util.test.junit.AutoTests" name="[138] /home/travis/build/icyphy/ptII/ptolemy/actor/lib/test/auto/Distributor.xml (RunModel)" time="0.01" />
  <testcase classname="ptolemy.util.test.junit.AutoTests" name="[139] /home/travis/build/icyphy/ptII/ptolemy/actor/lib/test/auto/Distributor2.xml (RunModel)" time="0.01" />
  <testcase classname="ptolemy.util.test.junit.AutoTests" name="[140] /home/travis/build/icyphy/ptII/ptolemy/actor/lib/test/auto/DownSample.xml (RunModel)" time="0.01" />
  <testcase classname="ptolemy.util.test.junit.AutoTests" name="[141] /home/travis/build/icyphy/ptII/ptolemy/actor/lib/test/auto/ElectronicUnitBase1.xml (RunModel)" time="0.058" />
  <testcase classname="ptolemy.util.test.junit.AutoTests" name="[142] /home/travis/build/icyphy/ptII/ptolemy/actor/lib/test/auto/ElementsToArray.xml (RunModel)" time="0.011" />
  <testcase classname="ptolemy.util.test.junit.AutoTests" name="[143] /home/travis/build/icyphy/ptII/ptolemy/actor/lib/test/auto/Equals.xml (RunModel)" time="0.013" />
  <testcase classname="ptolemy.util.test.junit.AutoTests" name="[144] /home/travis/build/icyphy/ptII/ptolemy/actor/lib/test/auto/Exec.xml (RunModel)" time="0.027" />
  <testcase classname="ptolemy.util.test.junit.AutoTests" name="[145] /home/travis/build/icyphy/ptII/ptolemy/actor/lib/test/auto/ExecEnvironment.xml (RunModel)" time="0.047" />
  <testcase classname="ptolemy.util.test.junit.AutoTests" name="[146] /home/travis/build/icyphy/ptII/ptolemy/actor/lib/test/auto/ExecNonZeroReturnOutput.xml (RunModel)" time="0.215" />
  <testcase classname="ptolemy.util.test.junit.AutoTests" name="[147] /home/travis/build/icyphy/ptII/ptolemy/actor/lib/test/auto/ExecRunDemos.xml (RunModel)" time="11.179" />
  <testcase classname="ptolemy.util.test.junit.AutoTests" name="[148] /home/travis/build/icyphy/ptII/ptolemy/actor/lib/test/auto/ExecStop.xml (RunModel)" time="5.036" />
  <testcase classname="ptolemy.util.test.junit.AutoTests" name="[149] /home/travis/build/icyphy/ptII/ptolemy/actor/lib/test/auto/ExecutionTimeSDF.xml (RunModel)" time="6.031" />
  <testcase classname="ptolemy.util.test.junit.AutoTests" name="[150] /home/travis/build/icyphy/ptII/ptolemy/actor/lib/test/auto/Expression1.xml (RunModel)" time="0.008" />
  <testcase classname="ptolemy.util.test.junit.AutoTests" name="[151] /home/travis/build/icyphy/ptII/ptolemy/actor/lib/test/auto/Expression10.xml (RunModel)" time="0.014" />
  <testcase classname="ptolemy.util.test.junit.AutoTests" name="[152] /home/travis/build/icyphy/ptII/ptolemy/actor/lib/test/auto/Expression11.xml (RunModel)" time="0.011" />
  <testcase classname="ptolemy.util.test.junit.AutoTests" name="[153] /home/travis/build/icyphy/ptII/ptolemy/actor/lib/test/auto/Expression12.xml (RunModel)" time="0.014" />
  <testcase classname="ptolemy.util.test.junit.AutoTests" name="[154] /home/travis/build/icyphy/ptII/ptolemy/actor/lib/test/auto/Expression13.xml (RunModel)" time="0.012" />
  <testcase classname="ptolemy.util.test.junit.AutoTests" name="[155] /home/travis/build/icyphy/ptII/ptolemy/actor/lib/test/auto/Expression14.xml (RunModel)" time="0.018" />
  <testcase classname="ptolemy.util.test.junit.AutoTests" name="[156] /home/travis/build/icyphy/ptII/ptolemy/actor/lib/test/auto/Expression15.xml (RunModel)" time="0.008" />
  <testcase classname="ptolemy.util.test.junit.AutoTests" name="[157] /home/travis/build/icyphy/ptII/ptolemy/actor/lib/test/auto/Expression16.xml (RunModel)" time="0.012" />
  <testcase classname="ptolemy.util.test.junit.AutoTests" name="[158] /home/travis/build/icyphy/ptII/ptolemy/actor/lib/test/auto/Expression17.xml (RunModel)" time="0.014" />
  <testcase classname="ptolemy.util.test.junit.AutoTests" name="[159] /home/travis/build/icyphy/ptII/ptolemy/actor/lib/test/auto/Expression18.xml (RunModel)" time="0.014" />
  <testcase classname="ptolemy.util.test.junit.AutoTests" name="[160] /home/travis/build/icyphy/ptII/ptolemy/actor/lib/test/auto/Expression2.xml (RunModel)" time="0.015" />
  <testcase classname="ptolemy.util.test.junit.AutoTests" name="[161] /home/travis/build/icyphy/ptII/ptolemy/actor/lib/test/auto/Expression3.xml (RunModel)" time="0.013" />
  <testcase classname="ptolemy.util.test.junit.AutoTests" name="[162] /home/travis/build/icyphy/ptII/ptolemy/actor/lib/test/auto/Expression4.xml (RunModel)" time="0.022" />
  <testcase classname="ptolemy.util.test.junit.AutoTests" name="[163] /home/travis/build/icyphy/ptII/ptolemy/actor/lib/test/auto/Expression5.xml (RunModel)" time="0.014" />
  <testcase classname="ptolemy.util.test.junit.AutoTests" name="[164] /home/travis/build/icyphy/ptII/ptolemy/actor/lib/test/auto/Expression6.xml (RunModel)" time="0.009" />
  <testcase classname="ptolemy.util.test.junit.AutoTests" name="[165] /home/travis/build/icyphy/ptII/ptolemy/actor/lib/test/auto/Expression7.xml (RunModel)" time="0.013" />
  <testcase classname="ptolemy.util.test.junit.AutoTests" name="[166] /home/travis/build/icyphy/ptII/ptolemy/actor/lib/test/auto/Expression8.xml (RunModel)" time="0.017" />
  <testcase classname="ptolemy.util.test.junit.AutoTests" name="[167] /home/travis/build/icyphy/ptII/ptolemy/actor/lib/test/auto/Expression9.xml (RunModel)" time="0.008" />
  <testcase classname="ptolemy.util.test.junit.AutoTests" name="[168] /home/travis/build/icyphy/ptII/ptolemy/actor/lib/test/auto/ExpressionConcatenateArrayType.xml (RunModel)" time="0.049" />
  <testcase classname="ptolemy.util.test.junit.AutoTests" name="[169] /home/travis/build/icyphy/ptII/ptolemy/actor/lib/test/auto/ExpressionConcatenateArrayType2.xml (RunModel)" time="0.037" />
  <testcase classname="ptolemy.util.test.junit.AutoTests" name="[170] /home/travis/build/icyphy/ptII/ptolemy/actor/lib/test/auto/ExpressionFix.xml (RunModel)" time="0.046" />
  <testcase classname="ptolemy.util.test.junit.AutoTests" name="[171] /home/travis/build/icyphy/ptII/ptolemy/actor/lib/test/auto/ExpressionFix2.xml (RunModel)" time="0.012" />
  <testcase classname="ptolemy.util.test.junit.AutoTests" name="[172] /home/travis/build/icyphy/ptII/ptolemy/actor/lib/test/auto/ExpressionFix3.xml (RunModel)" time="0.013" />
  <testcase classname="ptolemy.util.test.junit.AutoTests" name="[173] /home/travis/build/icyphy/ptII/ptolemy/actor/lib/test/auto/FileWriter1.xml (RunModel)" time="0.009" />
  <testcase classname="ptolemy.util.test.junit.AutoTests" name="[174] /home/travis/build/icyphy/ptII/ptolemy/actor/lib/test/auto/FileWriter2.xml (RunModel)" time="0.014" />
  <testcase classname="ptolemy.util.test.junit.AutoTests" name="[175] /home/travis/build/icyphy/ptII/ptolemy/actor/lib/test/auto/FileWriter3.xml (RunModel)" time="0.014" />
  <testcase classname="ptolemy.util.test.junit.AutoTests" name="[176] /home/travis/build/icyphy/ptII/ptolemy/actor/lib/test/auto/Gaussian.xml (RunModel)" time="0.013" />
  <testcase classname="ptolemy.util.test.junit.AutoTests" name="[177] /home/travis/build/icyphy/ptII/ptolemy/actor/lib/test/auto/Gaussian1.xml (RunModel)" time="0.014" />
  <testcase classname="ptolemy.util.test.junit.AutoTests" name="[178] /home/travis/build/icyphy/ptII/ptolemy/actor/lib/test/auto/Gaussian2.xml (RunModel)" time="0.026" />
  <testcase classname="ptolemy.util.test.junit.AutoTests" name="[179] /home/travis/build/icyphy/ptII/ptolemy/actor/lib/test/auto/GradientAdaptiveLattice.xml (RunModel)" time="0.016" />
  <testcase classname="ptolemy.util.test.junit.AutoTests" name="[180] /home/travis/build/icyphy/ptII/ptolemy/actor/lib/test/auto/IIR.xml (RunModel)" time="0.013" />
  <testcase classname="ptolemy.util.test.junit.AutoTests" name="[181] /home/travis/build/icyphy/ptII/ptolemy/actor/lib/test/auto/InputOutputTransparentPorts.xml (RunModel)" time="0.018" />
  <testcase classname="ptolemy.util.test.junit.AutoTests" name="[182] /home/travis/build/icyphy/ptII/ptolemy/actor/lib/test/auto/Interpolator.xml (RunModel)" time="0.013" />
  <testcase classname="ptolemy.util.test.junit.AutoTests" name="[183] /home/travis/build/icyphy/ptII/ptolemy/actor/lib/test/auto/InterpolatorFiringLimitDE.xml (RunModel)" time="0.013" />
  <testcase classname="ptolemy.util.test.junit.AutoTests" name="[184] /home/travis/build/icyphy/ptII/ptolemy/actor/lib/test/auto/Lattice.xml (RunModel)" time="0.009" />
  <testcase classname="ptolemy.util.test.junit.AutoTests" name="[185] /home/travis/build/icyphy/ptII/ptolemy/actor/lib/test/auto/LazyAOCTestLazy.xml (RunModel)" time="0.04" />
  <testcase classname="ptolemy.util.test.junit.AutoTests" name="[186] /home/travis/build/icyphy/ptII/ptolemy/actor/lib/test/auto/LazyAOCTestNonLazy.xml (RunModel)" time="0.047" />
  <testcase classname="ptolemy.util.test.junit.AutoTests" name="[187] /home/travis/build/icyphy/ptII/ptolemy/actor/lib/test/auto/LazyInnerClass.xml (RunModel)" time="0.057" />
  <testcase classname="ptolemy.util.test.junit.AutoTests" name="[188] /home/travis/build/icyphy/ptII/ptolemy/actor/lib/test/auto/LazyPubSub.xml (RunModel)" time="0.071" />
  <testcase classname="ptolemy.util.test.junit.AutoTests" name="[189] /home/travis/build/icyphy/ptII/ptolemy/actor/lib/test/auto/LazyPubSub2.xml (RunModel)" time="0.039" />
  <testcase classname="ptolemy.util.test.junit.AutoTests" name="[190] /home/travis/build/icyphy/ptII/ptolemy/actor/lib/test/auto/LazyPubSub3.xml (RunModel)" time="0.022" />
  <testcase classname="ptolemy.util.test.junit.AutoTests" name="[191] /home/travis/build/icyphy/ptII/ptolemy/actor/lib/test/auto/LazySubClassModel.xml (RunModel)" time="0.019" />
  <testcase classname="ptolemy.util.test.junit.AutoTests" name="[192] /home/travis/build/icyphy/ptII/ptolemy/actor/lib/test/auto/LevelCrossTest1.xml (RunModel)" time="0.012" />
  <testcase classname="ptolemy.util.test.junit.AutoTests" name="[193] /home/travis/build/icyphy/ptII/ptolemy/actor/lib/test/auto/LevelCrossTest10.xml (RunModel)" time="0.015" />
  <testcase classname="ptolemy.util.test.junit.AutoTests" name="[194] /home/travis/build/icyphy/ptII/ptolemy/actor/lib/test/auto/LevelCrossTest11.xml (RunModel)" time="0.014" />
  <testcase classname="ptolemy.util.test.junit.AutoTests" name="[195] /home/travis/build/icyphy/ptII/ptolemy/actor/lib/test/auto/LevelCrossTest12.xml (RunModel)" time="0.013" />
  <testcase classname="ptolemy.util.test.junit.AutoTests" name="[196] /home/travis/build/icyphy/ptII/ptolemy/actor/lib/test/auto/LevelCrossTest13.xml (RunModel)" time="0.014" />
  <testcase classname="ptolemy.util.test.junit.AutoTests" name="[197] /home/travis/build/icyphy/ptII/ptolemy/actor/lib/test/auto/LevelCrossTest2.xml (RunModel)" time="0.011" />
  <testcase classname="ptolemy.util.test.junit.AutoTests" name="[198] /home/travis/build/icyphy/ptII/ptolemy/actor/lib/test/auto/LevelCrossTest3.xml (RunModel)" time="0.011" />
  <testcase classname="ptolemy.util.test.junit.AutoTests" name="[199] /home/travis/build/icyphy/ptII/ptolemy/actor/lib/test/auto/LevelCrossTest4.xml (RunModel)" time="0.01" />
  <testcase classname="ptolemy.util.test.junit.AutoTests" name="[200] /home/travis/build/icyphy/ptII/ptolemy/actor/lib/test/auto/LevelCrossTest5.xml (RunModel)" time="0.013" />
  <testcase classname="ptolemy.util.test.junit.AutoTests" name="[201] /home/travis/build/icyphy/ptII/ptolemy/actor/lib/test/auto/LevelCrossTest6.xml (RunModel)" time="0.016" />
  <testcase classname="ptolemy.util.test.junit.AutoTests" name="[202] /home/travis/build/icyphy/ptII/ptolemy/actor/lib/test/auto/LevelCrossTest7.xml (RunModel)" time="0.027" />
  <testcase classname="ptolemy.util.test.junit.AutoTests" name="[203] /home/travis/build/icyphy/ptII/ptolemy/actor/lib/test/auto/LevelCrossTest8.xml (RunModel)" time="0.02" />
  <testcase classname="ptolemy.util.test.junit.AutoTests" name="[204] /home/travis/build/icyphy/ptII/ptolemy/actor/lib/test/auto/LevelCrossTest9.xml (RunModel)" time="0.014" />
  <testcase classname="ptolemy.util.test.junit.AutoTests" name="[205] /home/travis/build/icyphy/ptII/ptolemy/actor/lib/test/auto/LevinsonDurbin.xml (RunModel)" time="0.01" />
  <testcase classname="ptolemy.util.test.junit.AutoTests" name="[206] /home/travis/build/icyphy/ptII/ptolemy/actor/lib/test/auto/LevinsonDurbin2.xml (RunModel)" time="0.011" />
  <testcase classname="ptolemy.util.test.junit.AutoTests" name="[207] /home/travis/build/icyphy/ptII/ptolemy/actor/lib/test/auto/LevinsonDurbin3.xml (RunModel)" time="0.013" />
  <testcase classname="ptolemy.util.test.junit.AutoTests" name="[208] /home/travis/build/icyphy/ptII/ptolemy/actor/lib/test/auto/Limiter.xml (RunModel)" time="0.047" />
  <testcase classname="ptolemy.util.test.junit.AutoTests" name="[209] /home/travis/build/icyphy/ptII/ptolemy/actor/lib/test/auto/LinearDifferenceEquationSystem.xml (RunModel)" time="0.022" />
  <testcase classname="ptolemy.util.test.junit.AutoTests" name="[210] /home/travis/build/icyphy/ptII/ptolemy/actor/lib/test/auto/LookupTable.xml (RunModel)" time="0.01" />
  <testcase classname="ptolemy.util.test.junit.AutoTests" name="[211] /home/travis/build/icyphy/ptII/ptolemy/actor/lib/test/auto/MathFunction.xml (RunModel)" time="0.021" />
  <testcase classname="ptolemy.util.test.junit.AutoTests" name="[212] /home/travis/build/icyphy/ptII/ptolemy/actor/lib/test/auto/MathFunction2.xml (RunModel)" time="0.022" />
  <testcase classname="ptolemy.util.test.junit.AutoTests" name="[213] /home/travis/build/icyphy/ptII/ptolemy/actor/lib/test/auto/MathFunction3.xml (RunModel)" time="0.026" />
  <testcase classname="ptolemy.util.test.junit.AutoTests" name="[214] /home/travis/build/icyphy/ptII/ptolemy/actor/lib/test/auto/MatrixCropBoolean.xml (RunModel)" time="0.016" />
  <testcase classname="ptolemy.util.test.junit.AutoTests" name="[215] /home/travis/build/icyphy/ptII/ptolemy/actor/lib/test/auto/MatrixCropComplex.xml (RunModel)" time="0.013" />
  <testcase classname="ptolemy.util.test.junit.AutoTests" name="[216] /home/travis/build/icyphy/ptII/ptolemy/actor/lib/test/auto/MatrixCropDouble.xml (RunModel)" time="0.01" />
  <testcase classname="ptolemy.util.test.junit.AutoTests" name="[217] /home/travis/build/icyphy/ptII/ptolemy/actor/lib/test/auto/MatrixCropFix.xml (RunModel)" time="0.017" />
  <testcase classname="ptolemy.util.test.junit.AutoTests" name="[218] /home/travis/build/icyphy/ptII/ptolemy/actor/lib/test/auto/MatrixCropInt.xml (RunModel)" time="0.011" />
  <testcase classname="ptolemy.util.test.junit.AutoTests" name="[219] /home/travis/build/icyphy/ptII/ptolemy/actor/lib/test/auto/MatrixCropLong.xml (RunModel)" time="0.01" />
  <testcase classname="ptolemy.util.test.junit.AutoTests" name="[220] /home/travis/build/icyphy/ptII/ptolemy/actor/lib/test/auto/MatrixToArray.xml (RunModel)" time="0.061" />
  <testcase classname="ptolemy.util.test.junit.AutoTests" name="[221] /home/travis/build/icyphy/ptII/ptolemy/actor/lib/test/auto/MaxIndex.xml (RunModel)" time="0.013" />
  <testcase classname="ptolemy.util.test.junit.AutoTests" name="[222] /home/travis/build/icyphy/ptII/ptolemy/actor/lib/test/auto/Maximum.xml (RunModel)" time="0.014" />
  <testcase classname="ptolemy.util.test.junit.AutoTests" name="[223] /home/travis/build/icyphy/ptII/ptolemy/actor/lib/test/auto/MaximumComplex.xml (RunModel)" time="0.015" />
  <testcase classname="ptolemy.util.test.junit.AutoTests" name="[224] /home/travis/build/icyphy/ptII/ptolemy/actor/lib/test/auto/MethodCallTest.xml (RunModel)" time="0.033" />
  <testcase classname="ptolemy.util.test.junit.AutoTests" name="[225] /home/travis/build/icyphy/ptII/ptolemy/actor/lib/test/auto/Minimum.xml (RunModel)" time="0.016" />
  <testcase classname="ptolemy.util.test.junit.AutoTests" name="[226] /home/travis/build/icyphy/ptII/ptolemy/actor/lib/test/auto/MinimumComplex.xml (RunModel)" time="0.027" />
  <testcase classname="ptolemy.util.test.junit.AutoTests" name="[227] /home/travis/build/icyphy/ptII/ptolemy/actor/lib/test/auto/MinimumMultiports.xml (RunModel)" time="0.017" />
  <testcase classname="ptolemy.util.test.junit.AutoTests" name="[228] /home/travis/build/icyphy/ptII/ptolemy/actor/lib/test/auto/ModifyDate.xml (RunModel)" time="0.04" />
  <testcase classname="ptolemy.util.test.junit.AutoTests" name="[229] /home/travis/build/icyphy/ptII/ptolemy/actor/lib/test/auto/ModifyDate2.xml (RunModel)" time="0.037" />
  <testcase classname="ptolemy.util.test.junit.AutoTests" name="[230] /home/travis/build/icyphy/ptII/ptolemy/actor/lib/test/auto/MovingAverage.xml (RunModel)" time="0.018" />
  <testcase classname="ptolemy.util.test.junit.AutoTests" name="[231] /home/travis/build/icyphy/ptII/ptolemy/actor/lib/test/auto/MovingMaximum.xml (RunModel)" time="0.01" />
  <testcase classname="ptolemy.util.test.junit.AutoTests" name="[232] /home/travis/build/icyphy/ptII/ptolemy/actor/lib/test/auto/MultipleLinksToSameRelation.xml (RunModel)" time="0.009" />
  <testcase classname="ptolemy.util.test.junit.AutoTests" name="[233] /home/travis/build/icyphy/ptII/ptolemy/actor/lib/test/auto/MultipleLinksToSameRelationDE.xml (RunModel)" time="0.009" />
  <testcase classname="ptolemy.util.test.junit.AutoTests" name="[234] /home/travis/build/icyphy/ptII/ptolemy/actor/lib/test/auto/Multiplexor.xml (RunModel)" time="0.011" />
  <testcase classname="ptolemy.util.test.junit.AutoTests" name="[235] /home/travis/build/icyphy/ptII/ptolemy/actor/lib/test/auto/Multiplexor1.xml (RunModel)" time="0.01" />
  <testcase classname="ptolemy.util.test.junit.AutoTests" name="[236] /home/travis/build/icyphy/ptII/ptolemy/actor/lib/test/auto/Multiplexor2.xml (RunModel)" time="0.012" />
  <testcase classname="ptolemy.util.test.junit.AutoTests" name="[237] /home/travis/build/icyphy/ptII/ptolemy/actor/lib/test/auto/Multiplexor3.xml (RunModel)" time="0.008" />
  <testcase classname="ptolemy.util.test.junit.AutoTests" name="[238] /home/travis/build/icyphy/ptII/ptolemy/actor/lib/test/auto/MultiplexorDE.xml (RunModel)" time="0.017" />
  <testcase classname="ptolemy.util.test.junit.AutoTests" name="[239] /home/travis/build/icyphy/ptII/ptolemy/actor/lib/test/auto/MultiportBroadcastTest.xml (RunModel)" time="0.103" />
  <testcase classname="ptolemy.util.test.junit.AutoTests" name="[240] /home/travis/build/icyphy/ptII/ptolemy/actor/lib/test/auto/MultiportOutHangDuringGetWidth.xml (RunModel)" time="0.045" />
  <testcase classname="ptolemy.util.test.junit.AutoTests" name="[241] /home/travis/build/icyphy/ptII/ptolemy/actor/lib/test/auto/NilToken.xml (RunModel)" time="0.012" />
  <testcase classname="ptolemy.util.test.junit.AutoTests" name="[242] /home/travis/build/icyphy/ptII/ptolemy/actor/lib/test/auto/NilTokenNonStrictTest.xml (RunModel)" time="0.011" />
  <testcase classname="ptolemy.util.test.junit.AutoTests" name="[243] /home/travis/build/icyphy/ptII/ptolemy/actor/lib/test/auto/NilTokenRecord.xml (RunModel)" time="0.025" />
  <testcase classname="ptolemy.util.test.junit.AutoTests" name="[244] /home/travis/build/icyphy/ptII/ptolemy/actor/lib/test/auto/NilTokenTypeTest.xml (RunModel)" time="0.026" />
  <testcase classname="ptolemy.util.test.junit.AutoTests" name="[245] /home/travis/build/icyphy/ptII/ptolemy/actor/lib/test/auto/ObjectToken1.xml (RunModel)" time="0.008" />
  <testcase classname="ptolemy.util.test.junit.AutoTests" name="[246] /home/travis/build/icyphy/ptII/ptolemy/actor/lib/test/auto/OrderedMerge.xml (RunModel)" time="0.022" />
  <testcase classname="ptolemy.util.test.junit.AutoTests" name="[247] /home/travis/build/icyphy/ptII/ptolemy/actor/lib/test/auto/OrderedRecordDisassembler.xml (RunModel)" time="0.016" />
  <testcase classname="ptolemy.util.test.junit.AutoTests" name="[248] /home/travis/build/icyphy/ptII/ptolemy/actor/lib/test/auto/OrderedRecordDisassembler2.xml (RunModel)" time="0.018" />
  <testcase classname="ptolemy.util.test.junit.AutoTests" name="[249] /home/travis/build/icyphy/ptII/ptolemy/actor/lib/test/auto/OrderedRecordUpdater.xml (RunModel)" time="0.01" />
  <testcase classname="ptolemy.util.test.junit.AutoTests" name="[250] /home/travis/build/icyphy/ptII/ptolemy/actor/lib/test/auto/OrderedRecordUpdater2.xml (RunModel)" time="0.018" />
  <testcase classname="ptolemy.util.test.junit.AutoTests" name="[251] /home/travis/build/icyphy/ptII/ptolemy/actor/lib/test/auto/PhaseUnwrap.xml (RunModel)" time="0.011" />
  <testcase classname="ptolemy.util.test.junit.AutoTests" name="[252] /home/travis/build/icyphy/ptII/ptolemy/actor/lib/test/auto/PoissonClock.xml (RunModel)" time="0.013" />
  <testcase classname="ptolemy.util.test.junit.AutoTests" name="[253] /home/travis/build/icyphy/ptII/ptolemy/actor/lib/test/auto/PoissonClock2.xml (RunModel)" time="0.007" />
  <testcase classname="ptolemy.util.test.junit.AutoTests" name="[254] /home/travis/build/icyphy/ptII/ptolemy/actor/lib/test/auto/PoissonClock3.xml (RunModel)" time="0.024" />
  <testcase classname="ptolemy.util.test.junit.AutoTests" name="[255] /home/travis/build/icyphy/ptII/ptolemy/actor/lib/test/auto/PubSubWithInitialTokens.xml (RunModel)" time="0.015" />
  <testcase classname="ptolemy.util.test.junit.AutoTests" name="[256] /home/travis/build/icyphy/ptII/ptolemy/actor/lib/test/auto/PubSubWithInitialTokens2.xml (RunModel)" time="0.011" />
  <testcase classname="ptolemy.util.test.junit.AutoTests" name="[257] /home/travis/build/icyphy/ptII/ptolemy/actor/lib/test/auto/PublisherClassNoParameter.xml (RunModel)" time="0.019" />
  <testcase classname="ptolemy.util.test.junit.AutoTests" name="[258] /home/travis/build/icyphy/ptII/ptolemy/actor/lib/test/auto/PublisherClassParameter.xml (RunModel)" time="0.019" />
  <testcase classname="ptolemy.util.test.junit.AutoTests" name="[259] /home/travis/build/icyphy/ptII/ptolemy/actor/lib/test/auto/PublisherNonStrictTest.xml (RunModel)" time="0.014" />
  <testcase classname="ptolemy.util.test.junit.AutoTests" name="[260] /home/travis/build/icyphy/ptII/ptolemy/actor/lib/test/auto/PublisherPort1.xml (RunModel)" time="0.01" />
  <testcase classname="ptolemy.util.test.junit.AutoTests" name="[261] /home/travis/build/icyphy/ptII/ptolemy/actor/lib/test/auto/PublisherPort2.xml (RunModel)" time="0.009" />
  <testcase classname="ptolemy.util.test.junit.AutoTests" name="[262] /home/travis/build/icyphy/ptII/ptolemy/actor/lib/test/auto/PublisherPort3.xml (RunModel)" time="0.012" />
  <testcase classname="ptolemy.util.test.junit.AutoTests" name="[263] /home/travis/build/icyphy/ptII/ptolemy/actor/lib/test/auto/PublisherPort4.xml (RunModel)" time="0.012" />
  <testcase classname="ptolemy.util.test.junit.AutoTests" name="[264] /home/travis/build/icyphy/ptII/ptolemy/actor/lib/test/auto/PublisherPort5.xml (RunModel)" time="0.014" />
  <testcase classname="ptolemy.util.test.junit.AutoTests" name="[265] /home/travis/build/icyphy/ptII/ptolemy/actor/lib/test/auto/PublisherPort5LookAlike.xml (RunModel)" time="0.019" />
  <testcase classname="ptolemy.util.test.junit.AutoTests" name="[266] /home/travis/build/icyphy/ptII/ptolemy/actor/lib/test/auto/PublisherPort6.xml (RunModel)" time="0.012" />
  <testcase classname="ptolemy.util.test.junit.AutoTests" name="[267] /home/travis/build/icyphy/ptII/ptolemy/actor/lib/test/auto/PublisherPort7.xml (RunModel)" time="0.015" />
  <testcase classname="ptolemy.util.test.junit.AutoTests" name="[268] /home/travis/build/icyphy/ptII/ptolemy/actor/lib/test/auto/PublisherPort8.xml (RunModel)" time="0.016" />
  <testcase classname="ptolemy.util.test.junit.AutoTests" name="[269] /home/travis/build/icyphy/ptII/ptolemy/actor/lib/test/auto/PublisherPortSubscriberChannelVariablesAOC2.xml (RunModel)" time="0.041" />
  <testcase classname="ptolemy.util.test.junit.AutoTests" name="[270] /home/travis/build/icyphy/ptII/ptolemy/actor/lib/test/auto/PublisherPortSubscriberOpaqueWidthInference.xml (RunModel)" time="0.017" />
  <testcase classname="ptolemy.util.test.junit.AutoTests" name="[271] /home/travis/build/icyphy/ptII/ptolemy/actor/lib/test/auto/PublisherPortSubscriberPortAdjacent.xml (RunModel)" time="0.021" />
  <testcase classname="ptolemy.util.test.junit.AutoTests" name="[272] /home/travis/build/icyphy/ptII/ptolemy/actor/lib/test/auto/PublisherPortSubscriberPortExpression.xml (RunModel)" time="0.017" />
  <testcase classname="ptolemy.util.test.junit.AutoTests" name="[273] /home/travis/build/icyphy/ptII/ptolemy/actor/lib/test/auto/PublisherPortSubscriberPortOpaqueD3Reverse.xml (RunModel)" time="0.017" />
  <testcase classname="ptolemy.util.test.junit.AutoTests" name="[274] /home/travis/build/icyphy/ptII/ptolemy/actor/lib/test/auto/PublisherPortSubscriberPortOpaqueWidthInference.xml (RunModel)" time="0.014" />
  <testcase classname="ptolemy.util.test.junit.AutoTests" name="[275] /home/travis/build/icyphy/ptII/ptolemy/actor/lib/test/auto/PublisherPortToplevelSubscriberPortAOC.xml (RunModel)" time="0.011" />
  <testcase classname="ptolemy.util.test.junit.AutoTests" name="[276] /home/travis/build/icyphy/ptII/ptolemy/actor/lib/test/auto/PublisherSubscriber.xml (RunModel)" time="0.012" />
  <testcase classname="ptolemy.util.test.junit.AutoTests" name="[277] /home/travis/build/icyphy/ptII/ptolemy/actor/lib/test/auto/PublisherSubscriber10.xml (RunModel)" time="0.02" />
  <testcase classname="ptolemy.util.test.junit.AutoTests" name="[278] /home/travis/build/icyphy/ptII/ptolemy/actor/lib/test/auto/PublisherSubscriber10InitialOutputs.xml (RunModel)" time="0.031" />
  <testcase classname="ptolemy.util.test.junit.AutoTests" name="[279] /home/travis/build/icyphy/ptII/ptolemy/actor/lib/test/auto/PublisherSubscriber11.xml (RunModel)" time="0.016" />
  <testcase classname="ptolemy.util.test.junit.AutoTests" name="[280] /home/travis/build/icyphy/ptII/ptolemy/actor/lib/test/auto/PublisherSubscriber12.xml (RunModel)" time="0.022" />
  <testcase classname="ptolemy.util.test.junit.AutoTests" name="[281] /home/travis/build/icyphy/ptII/ptolemy/actor/lib/test/auto/PublisherSubscriber13.xml (RunModel)" time="0.01" />
  <testcase classname="ptolemy.util.test.junit.AutoTests" name="[282] /home/travis/build/icyphy/ptII/ptolemy/actor/lib/test/auto/PublisherSubscriber14.xml (RunModel)" time="0.02" />
  <testcase classname="ptolemy.util.test.junit.AutoTests" name="[283] /home/travis/build/icyphy/ptII/ptolemy/actor/lib/test/auto/PublisherSubscriber2.xml (RunModel)" time="0.012" />
  <testcase classname="ptolemy.util.test.junit.AutoTests" name="[284] /home/travis/build/icyphy/ptII/ptolemy/actor/lib/test/auto/PublisherSubscriber3.xml (RunModel)" time="0.01" />
  <testcase classname="ptolemy.util.test.junit.AutoTests" name="[285] /home/travis/build/icyphy/ptII/ptolemy/actor/lib/test/auto/PublisherSubscriber4.xml (RunModel)" time="0.009" />
  <testcase classname="ptolemy.util.test.junit.AutoTests" name="[286] /home/travis/build/icyphy/ptII/ptolemy/actor/lib/test/auto/PublisherSubscriber5.xml (RunModel)" time="0.022" />
  <testcase classname="ptolemy.util.test.junit.AutoTests" name="[287] /home/travis/build/icyphy/ptII/ptolemy/actor/lib/test/auto/PublisherSubscriber6.xml (RunModel)" time="0.016" />
  <testcase classname="ptolemy.util.test.junit.AutoTests" name="[288] /home/travis/build/icyphy/ptII/ptolemy/actor/lib/test/auto/PublisherSubscriber7.xml (RunModel)" time="0.022" />
  <testcase classname="ptolemy.util.test.junit.AutoTests" name="[289] /home/travis/build/icyphy/ptII/ptolemy/actor/lib/test/auto/PublisherSubscriber8.xml (RunModel)" time="0.033" />
  <testcase classname="ptolemy.util.test.junit.AutoTests" name="[290] /home/travis/build/icyphy/ptII/ptolemy/actor/lib/test/auto/PublisherSubscriber9.xml (RunModel)" time="0.018" />
  <testcase classname="ptolemy.util.test.junit.AutoTests" name="[291] /home/travis/build/icyphy/ptII/ptolemy/actor/lib/test/auto/PublisherSubscriberAdjacent.xml (RunModel)" time="0.015" />
  <testcase classname="ptolemy.util.test.junit.AutoTests" name="[292] /home/travis/build/icyphy/ptII/ptolemy/actor/lib/test/auto/PublisherSubscriberChannelVariablesAOC2.xml (RunModel)" time="0.031" />
  <testcase classname="ptolemy.util.test.junit.AutoTests" name="[293] /home/travis/build/icyphy/ptII/ptolemy/actor/lib/test/auto/PublisherSubscriberD3.xml (RunModel)" time="0.012" />
  <testcase classname="ptolemy.util.test.junit.AutoTests" name="[294] /home/travis/build/icyphy/ptII/ptolemy/actor/lib/test/auto/PublisherSubscriberD3Reverse.xml (RunModel)" time="0.01" />
  <testcase classname="ptolemy.util.test.junit.AutoTests" name="[295] /home/travis/build/icyphy/ptII/ptolemy/actor/lib/test/auto/PublisherSubscriberExpression.xml (RunModel)" time="0.018" />
  <testcase classname="ptolemy.util.test.junit.AutoTests" name="[296] /home/travis/build/icyphy/ptII/ptolemy/actor/lib/test/auto/PublisherSubscriberOpaque.xml (RunModel)" time="0.015" />
  <testcase classname="ptolemy.util.test.junit.AutoTests" name="[297] /home/travis/build/icyphy/ptII/ptolemy/actor/lib/test/auto/PublisherSubscriberOpaqueD3.xml (RunModel)" time="0.023" />
  <testcase classname="ptolemy.util.test.junit.AutoTests" name="[298] /home/travis/build/icyphy/ptII/ptolemy/actor/lib/test/auto/PublisherSubscriberOpaqueD3Reverse.xml (RunModel)" time="0.021" />
  <testcase classname="ptolemy.util.test.junit.AutoTests" name="[299] /home/travis/build/icyphy/ptII/ptolemy/actor/lib/test/auto/PublisherSubscriberOpaqueWidthInference.xml (RunModel)" time="0.016" />
  <testcase classname="ptolemy.util.test.junit.AutoTests" name="[300] /home/travis/build/icyphy/ptII/ptolemy/actor/lib/test/auto/PublisherTestSubscriber.xml (RunModel)" time="0.016" />
  <testcase classname="ptolemy.util.test.junit.AutoTests" name="[301] /home/travis/build/icyphy/ptII/ptolemy/actor/lib/test/auto/PublisherToplevelSubscriberPortAOC.xml (RunModel)" time="0.01" />
  <testcase classname="ptolemy.util.test.junit.AutoTests" name="[302] /home/travis/build/icyphy/ptII/ptolemy/actor/lib/test/auto/PulseFiringLimitDE.xml (RunModel)" time="0.015" />
  <testcase classname="ptolemy.util.test.junit.AutoTests" name="[303] /home/travis/build/icyphy/ptII/ptolemy/actor/lib/test/auto/Ramp1.xml (RunModel)" time="0.007" />
  <testcase classname="ptolemy.util.test.junit.AutoTests" name="[304] /home/travis/build/icyphy/ptII/ptolemy/actor/lib/test/auto/RampFiringLimitDE.xml (RunModel)" time="0.011" />
  <testcase classname="ptolemy.util.test.junit.AutoTests" name="[305] /home/travis/build/icyphy/ptII/ptolemy/actor/lib/test/auto/RampFiringLimitSDF.xml (RunModel)" time="0.011" />
  <testcase classname="ptolemy.util.test.junit.AutoTests" name="[306] /home/travis/build/icyphy/ptII/ptolemy/actor/lib/test/auto/RandomInteger.xml (RunModel)" time="0.01" />
  <testcase classname="ptolemy.util.test.junit.AutoTests" name="[307] /home/travis/build/icyphy/ptII/ptolemy/actor/lib/test/auto/ReadFile1.xml (RunModel)" time="0.008" />
  <testcase classname="ptolemy.util.test.junit.AutoTests" name="[308] /home/travis/build/icyphy/ptII/ptolemy/actor/lib/test/auto/ReadFile2.xml (RunModel)" time="0.008" />
  <testcase classname="ptolemy.util.test.junit.AutoTests" name="[309] /home/travis/build/icyphy/ptII/ptolemy/actor/lib/test/auto/Reader.xml (RunModel)" time="0.019" />
  <testcase classname="ptolemy.util.test.junit.AutoTests" name="[310] /home/travis/build/icyphy/ptII/ptolemy/actor/lib/test/auto/RecordAssemblerDisplayNameTest.xml (RunModel)" time="3.62" />
  <testcase classname="ptolemy.util.test.junit.AutoTests" name="[311] /home/travis/build/icyphy/ptII/ptolemy/actor/lib/test/auto/RecordAssemblerTypeError.xml (RunModel)" time="0.027" />
  <testcase classname="ptolemy.util.test.junit.AutoTests" name="[312] /home/travis/build/icyphy/ptII/ptolemy/actor/lib/test/auto/RecordDisassember.xml (RunModel)" time="0.009" />
  <testcase classname="ptolemy.util.test.junit.AutoTests" name="[313] /home/travis/build/icyphy/ptII/ptolemy/actor/lib/test/auto/RecordDisassemberDisplayNameTest.xml (RunModel)" time="0.018" />
  <testcase classname="ptolemy.util.test.junit.AutoTests" name="[314] /home/travis/build/icyphy/ptII/ptolemy/actor/lib/test/auto/RecordDisassembler.xml (RunModel)" time="0.008" />
  <testcase classname="ptolemy.util.test.junit.AutoTests" name="[315] /home/travis/build/icyphy/ptII/ptolemy/actor/lib/test/auto/RecordDisassembler2.xml (RunModel)" time="0.009" />
  <testcase classname="ptolemy.util.test.junit.AutoTests" name="[316] /home/travis/build/icyphy/ptII/ptolemy/actor/lib/test/auto/RecordUpdater.xml (RunModel)" time="0.009" />
  <testcase classname="ptolemy.util.test.junit.AutoTests" name="[317] /home/travis/build/icyphy/ptII/ptolemy/actor/lib/test/auto/RecordUpdater2.xml (RunModel)" time="0.009" />
  <testcase classname="ptolemy.util.test.junit.AutoTests" name="[318] /home/travis/build/icyphy/ptII/ptolemy/actor/lib/test/auto/RecursiveLattice.xml (RunModel)" time="0.008" />
  <testcase classname="ptolemy.util.test.junit.AutoTests" name="[319] /home/travis/build/icyphy/ptII/ptolemy/actor/lib/test/auto/Router.xml (RunModel)" time="3.023" />
  <testcase classname="ptolemy.util.test.junit.AutoTests" name="[320] /home/travis/build/icyphy/ptII/ptolemy/actor/lib/test/auto/Router2.xml (RunModel)" time="3.033" />
  <testcase classname="ptolemy.util.test.junit.AutoTests" name="[321] /home/travis/build/icyphy/ptII/ptolemy/actor/lib/test/auto/RunningMaximum.xml (RunModel)" time="0.023" />
  <testcase classname="ptolemy.util.test.junit.AutoTests" name="[322] /home/travis/build/icyphy/ptII/ptolemy/actor/lib/test/auto/RunningMinimum.xml (RunModel)" time="0.018" />
  <testcase classname="ptolemy.util.test.junit.AutoTests" name="[323] /home/travis/build/icyphy/ptII/ptolemy/actor/lib/test/auto/Scale.xml (RunModel)" time="0.009" />
  <testcase classname="ptolemy.util.test.junit.AutoTests" name="[324] /home/travis/build/icyphy/ptII/ptolemy/actor/lib/test/auto/Scale2.xml (RunModel)" time="0.015" />
  <testcase classname="ptolemy.util.test.junit.AutoTests" name="[325] /home/travis/build/icyphy/ptII/ptolemy/actor/lib/test/auto/Scale3.xml (RunModel)" time="0.019" />
  <testcase classname="ptolemy.util.test.junit.AutoTests" name="[326] /home/travis/build/icyphy/ptII/ptolemy/actor/lib/test/auto/ScaleArray.xml (RunModel)" time="0.007" />
  <testcase classname="ptolemy.util.test.junit.AutoTests" name="[327] /home/travis/build/icyphy/ptII/ptolemy/actor/lib/test/auto/ScaleArray2.xml (RunModel)" time="0.008" />
  <testcase classname="ptolemy.util.test.junit.AutoTests" name="[328] /home/travis/build/icyphy/ptII/ptolemy/actor/lib/test/auto/ScaleMatrix.xml (RunModel)" time="0.185" />
  <testcase classname="ptolemy.util.test.junit.AutoTests" name="[329] /home/travis/build/icyphy/ptII/ptolemy/actor/lib/test/auto/Select.xml (RunModel)" time="0.014" />
  <testcase classname="ptolemy.util.test.junit.AutoTests" name="[330] /home/travis/build/icyphy/ptII/ptolemy/actor/lib/test/auto/Select2.xml (RunModel)" time="0.015" />
  <testcase classname="ptolemy.util.test.junit.AutoTests" name="[331] /home/travis/build/icyphy/ptII/ptolemy/actor/lib/test/auto/SequenceToArray2.xml (RunModel)" time="0.137" />
  <testcase classname="ptolemy.util.test.junit.AutoTests" name="[332] /home/travis/build/icyphy/ptII/ptolemy/actor/lib/test/auto/SequentialClock.xml (RunModel)" time="0.01" />
  <testcase classname="ptolemy.util.test.junit.AutoTests" name="[333] /home/travis/build/icyphy/ptII/ptolemy/actor/lib/test/auto/SetVariable.xml (RunModel)" time="0.009" />
  <testcase classname="ptolemy.util.test.junit.AutoTests" name="[334] /home/travis/build/icyphy/ptII/ptolemy/actor/lib/test/auto/SetVariable2.xml (RunModel)" time="0.013" />
  <testcase classname="ptolemy.util.test.junit.AutoTests" name="[335] /home/travis/build/icyphy/ptII/ptolemy/actor/lib/test/auto/SetVariable3.xml (RunModel)" time="0.016" />
  <testcase classname="ptolemy.util.test.junit.AutoTests" name="[336] /home/travis/build/icyphy/ptII/ptolemy/actor/lib/test/auto/SetVariable4.xml (RunModel)" time="0.027" />
  <testcase classname="ptolemy.util.test.junit.AutoTests" name="[337] /home/travis/build/icyphy/ptII/ptolemy/actor/lib/test/auto/SetVariable5.xml (RunModel)" time="0.034" />
  <testcase classname="ptolemy.util.test.junit.AutoTests" name="[338] /home/travis/build/icyphy/ptII/ptolemy/actor/lib/test/auto/Sinewave.xml (RunModel)" time="0.022" />
  <testcase classname="ptolemy.util.test.junit.AutoTests" name="[339] /home/travis/build/icyphy/ptII/ptolemy/actor/lib/test/auto/Sinewave2.xml (RunModel)" time="0.016" />
  <testcase classname="ptolemy.util.test.junit.AutoTests" name="[340] /home/travis/build/icyphy/ptII/ptolemy/actor/lib/test/auto/Sinewave3.xml (RunModel)" time="0.028" />
  <testcase classname="ptolemy.util.test.junit.AutoTests" name="[341] /home/travis/build/icyphy/ptII/ptolemy/actor/lib/test/auto/SingleEvent.xml (RunModel)" time="0.01" />
  <testcase classname="ptolemy.util.test.junit.AutoTests" name="[342] /home/travis/build/icyphy/ptII/ptolemy/actor/lib/test/auto/Sleep.xml (RunModel)" time="6.017" />
  <testcase classname="ptolemy.util.test.junit.AutoTests" name="[343] /home/travis/build/icyphy/ptII/ptolemy/actor/lib/test/auto/SleepMultipleFire.xml (RunModel)" time="1.033" />
  <testcase classname="ptolemy.util.test.junit.AutoTests" name="[344] /home/travis/build/icyphy/ptII/ptolemy/actor/lib/test/auto/StopDE.xml (RunModel)" time="0.015" />
  <testcase classname="ptolemy.util.test.junit.AutoTests" name="[345] /home/travis/build/icyphy/ptII/ptolemy/actor/lib/test/auto/StopSDF.xml (RunModel)" time="0.011" />
  <testcase classname="ptolemy.util.test.junit.AutoTests" name="[346] /home/travis/build/icyphy/ptII/ptolemy/actor/lib/test/auto/StringConstant.xml (RunModel)" time="0.016" />
  <testcase classname="ptolemy.util.test.junit.AutoTests" name="[347] /home/travis/build/icyphy/ptII/ptolemy/actor/lib/test/auto/SubscriberPortInitialValues1.xml (RunModel)" time="0.024" />
  <testcase classname="ptolemy.util.test.junit.AutoTests" name="[348] /home/travis/build/icyphy/ptII/ptolemy/actor/lib/test/auto/SubscriberPortInitialValues13.xml (RunModel)" time="0.027" />
  <testcase classname="ptolemy.util.test.junit.AutoTests" name="[349] /home/travis/build/icyphy/ptII/ptolemy/actor/lib/test/auto/SubscriberPortInitialValues14.xml (RunModel)" time="0.015" />
  <testcase classname="ptolemy.util.test.junit.AutoTests" name="[350] /home/travis/build/icyphy/ptII/ptolemy/actor/lib/test/auto/SubscriberPortInitialValues2.xml (RunModel)" time="0.016" />
  <testcase classname="ptolemy.util.test.junit.AutoTests" name="[351] /home/travis/build/icyphy/ptII/ptolemy/actor/lib/test/auto/SubscriberPortInitialValues3.xml (RunModel)" time="0.024" />
  <testcase classname="ptolemy.util.test.junit.AutoTests" name="[352] /home/travis/build/icyphy/ptII/ptolemy/actor/lib/test/auto/SubscriptionAggregator.xml (RunModel)" time="0.011" />
  <testcase classname="ptolemy.util.test.junit.AutoTests" name="[353] /home/travis/build/icyphy/ptII/ptolemy/actor/lib/test/auto/SubscriptionAggregator2.xml (RunModel)" time="0.011" />
  <testcase classname="ptolemy.util.test.junit.AutoTests" name="[354] /home/travis/build/icyphy/ptII/ptolemy/actor/lib/test/auto/SubscriptionAggregator3.xml (RunModel)" time="0.019" />
  <testcase classname="ptolemy.util.test.junit.AutoTests" name="[355] /home/travis/build/icyphy/ptII/ptolemy/actor/lib/test/auto/SubscriptionAggregatorMultiply.xml (RunModel)" time="0.023" />
  <testcase classname="ptolemy.util.test.junit.AutoTests" name="[356] /home/travis/build/icyphy/ptII/ptolemy/actor/lib/test/auto/SubscriptionAggregatorPortMultiply1.xml (RunModel)" time="0.018" />
  <testcase classname="ptolemy.util.test.junit.AutoTests" name="[357] /home/travis/build/icyphy/ptII/ptolemy/actor/lib/test/auto/Switch.xml (RunModel)" time="0.018" />
  <testcase classname="ptolemy.util.test.junit.AutoTests" name="[358] /home/travis/build/icyphy/ptII/ptolemy/actor/lib/test/auto/Switch2.xml (RunModel)" time="0.01" />
  <testcase classname="ptolemy.util.test.junit.AutoTests" name="[359] /home/travis/build/icyphy/ptII/ptolemy/actor/lib/test/auto/SwitchDE.xml (RunModel)" time="0.014" />
  <testcase classname="ptolemy.util.test.junit.AutoTests" name="[360] /home/travis/build/icyphy/ptII/ptolemy/actor/lib/test/auto/SynchronizerDE.xml (RunModel)" time="0.02" />
  <testcase classname="ptolemy.util.test.junit.AutoTests" name="[361] /home/travis/build/icyphy/ptII/ptolemy/actor/lib/test/auto/Test.xml (RunModel)" time="0.009" />
  <testcase classname="ptolemy.util.test.junit.AutoTests" name="[362] /home/travis/build/icyphy/ptII/ptolemy/actor/lib/test/auto/TestExceptionAttribute1.xml (RunModel)" time="0.007" />
  <testcase classname="ptolemy.util.test.junit.AutoTests" name="[363] /home/travis/build/icyphy/ptII/ptolemy/actor/lib/test/auto/TestExceptionAttribute2.xml (RunModel)" time="0.008" />
  <testcase classname="ptolemy.util.test.junit.AutoTests" name="[364] /home/travis/build/icyphy/ptII/ptolemy/actor/lib/test/auto/TestExceptionAttribute3.xml (RunModel)" time="0.013" />
  <testcase classname="ptolemy.util.test.junit.AutoTests" name="[365] /home/travis/build/icyphy/ptII/ptolemy/actor/lib/test/auto/TestExceptionAttribute4.xml (RunModel)" time="0.008" />
  <testcase classname="ptolemy.util.test.junit.AutoTests" name="[366] /home/travis/build/icyphy/ptII/ptolemy/actor/lib/test/auto/TestExceptionHandler1.xml (RunModel)" time="0.009" />
  <testcase classname="ptolemy.util.test.junit.AutoTests" name="[367] /home/travis/build/icyphy/ptII/ptolemy/actor/lib/test/auto/TestExceptionHandler2.xml (RunModel)" time="0.01" />
  <testcase classname="ptolemy.util.test.junit.AutoTests" name="[368] /home/travis/build/icyphy/ptII/ptolemy/actor/lib/test/auto/TestExceptionHandler3.xml (RunModel)" time="0.005" />
  <testcase classname="ptolemy.util.test.junit.AutoTests" name="[369] /home/travis/build/icyphy/ptII/ptolemy/actor/lib/test/auto/TestExceptionHandler4.xml (RunModel)" time="0.019" />
  <testcase classname="ptolemy.util.test.junit.AutoTests" name="[370] /home/travis/build/icyphy/ptII/ptolemy/actor/lib/test/auto/TestRequireCorrectOrder.xml (RunModel)" time="0.02" />
  <testcase classname="ptolemy.util.test.junit.AutoTests" name="[371] /home/travis/build/icyphy/ptII/ptolemy/actor/lib/test/auto/TestSimple.xml (RunModel)" time="0.009" />
  <testcase classname="ptolemy.util.test.junit.AutoTests" name="[372] /home/travis/build/icyphy/ptII/ptolemy/actor/lib/test/auto/ThrowModelError.xml (RunModel)" time="0.01" />
  <testcase classname="ptolemy.util.test.junit.AutoTests" name="[373] /home/travis/build/icyphy/ptII/ptolemy/actor/lib/test/auto/TimeDelayMicrosteps.xml (RunModel)" time="0.013" />
  <testcase classname="ptolemy.util.test.junit.AutoTests" name="[374] /home/travis/build/icyphy/ptII/ptolemy/actor/lib/test/auto/TimeDelayMicrosteps2.xml (RunModel)" time="0.016" />
  <testcase classname="ptolemy.util.test.junit.AutoTests" name="[375] /home/travis/build/icyphy/ptII/ptolemy/actor/lib/test/auto/TimeDelayMicrosteps3.xml (RunModel)" time="0.013" />
  <testcase classname="ptolemy.util.test.junit.AutoTests" name="[376] /home/travis/build/icyphy/ptII/ptolemy/actor/lib/test/auto/TimeDelayVariableMicrosteps.xml (RunModel)" time="0.011" />
  <testcase classname="ptolemy.util.test.junit.AutoTests" name="[377] /home/travis/build/icyphy/ptII/ptolemy/actor/lib/test/auto/TimeGap.xml (RunModel)" time="0.016" />
  <testcase classname="ptolemy.util.test.junit.AutoTests" name="[378] /home/travis/build/icyphy/ptII/ptolemy/actor/lib/test/auto/TimeGap2.xml (RunModel)" time="0.01" />
  <testcase classname="ptolemy.util.test.junit.AutoTests" name="[379] /home/travis/build/icyphy/ptII/ptolemy/actor/lib/test/auto/TimedSinewave.xml (RunModel)" time="0.055" />
  <testcase classname="ptolemy.util.test.junit.AutoTests" name="[380] /home/travis/build/icyphy/ptII/ptolemy/actor/lib/test/auto/TimedSinewavePhase.xml (RunModel)" time="0.04" />
  <testcase classname="ptolemy.util.test.junit.AutoTests" name="[381] /home/travis/build/icyphy/ptII/ptolemy/actor/lib/test/auto/Timer.xml (RunModel)" time="0.021" />
  <testcase classname="ptolemy.util.test.junit.AutoTests" name="[382] /home/travis/build/icyphy/ptII/ptolemy/actor/lib/test/auto/TriangularDistTestModel.xml (RunModel)" time="0.016" />
  <testcase classname="ptolemy.util.test.junit.AutoTests" name="[383] /home/travis/build/icyphy/ptII/ptolemy/actor/lib/test/auto/TrigFunction.xml (RunModel)" time="0.01" />
  <testcase classname="ptolemy.util.test.junit.AutoTests" name="[384] /home/travis/build/icyphy/ptII/ptolemy/actor/lib/test/auto/TrigFunctionDE.xml (RunModel)" time="0.01" />
  <testcase classname="ptolemy.util.test.junit.AutoTests" name="[385] /home/travis/build/icyphy/ptII/ptolemy/actor/lib/test/auto/TrigFunctionInverse.xml (RunModel)" time="0.009" />
  <testcase classname="ptolemy.util.test.junit.AutoTests" name="[386] /home/travis/build/icyphy/ptII/ptolemy/actor/lib/test/auto/TrigFunctionTan.xml (RunModel)" time="0.006" />
  <testcase classname="ptolemy.util.test.junit.AutoTests" name="[387] /home/travis/build/icyphy/ptII/ptolemy/actor/lib/test/auto/TriggeredClock.xml (RunModel)" time="0.008" />
  <testcase classname="ptolemy.util.test.junit.AutoTests" name="[388] /home/travis/build/icyphy/ptII/ptolemy/actor/lib/test/auto/URLDirectoryReader.xml (RunModel)" time="0.13" />
  <testcase classname="ptolemy.util.test.junit.AutoTests" name="[389] /home/travis/build/icyphy/ptII/ptolemy/actor/lib/test/auto/URLDirectoryReader3.xml (RunModel)" time="1.629" />
  <testcase classname="ptolemy.util.test.junit.AutoTests" name="[390] /home/travis/build/icyphy/ptII/ptolemy/actor/lib/test/auto/UnaryMathFunction.xml (RunModel)" time="0.027" />
  <testcase classname="ptolemy.util.test.junit.AutoTests" name="[391] /home/travis/build/icyphy/ptII/ptolemy/actor/lib/test/auto/Uniform.xml (RunModel)" time="0.011" />
  <testcase classname="ptolemy.util.test.junit.AutoTests" name="[392] /home/travis/build/icyphy/ptII/ptolemy/actor/lib/test/auto/UnionDisassemblerTest.xml (RunModel)" time="0.016" />
  <testcase classname="ptolemy.util.test.junit.AutoTests" name="[393] /home/travis/build/icyphy/ptII/ptolemy/actor/lib/test/auto/UtilityFunctions.xml (RunModel)" time="0.014" />
  <testcase classname="ptolemy.util.test.junit.AutoTests" name="[394] /home/travis/build/icyphy/ptII/ptolemy/actor/lib/test/auto/VariableSleep.xml (RunModel)" time="0.511" />
  <testcase classname="ptolemy.util.test.junit.AutoTests" name="[395] /home/travis/build/icyphy/ptII/ptolemy/actor/lib/test/auto/VectorAssemblerDisassemblerCT.xml (RunModel)" time="0.123" />
  <testcase classname="ptolemy.util.test.junit.AutoTests" name="[396] /home/travis/build/icyphy/ptII/ptolemy/actor/lib/test/auto/VectorAssemblerDisassemblerDE.xml (RunModel)" time="0.013" />
  <testcase classname="ptolemy.util.test.junit.AutoTests" name="[397] /home/travis/build/icyphy/ptII/ptolemy/actor/lib/test/auto/VectorAssemblerDisassemblerSDF.xml (RunModel)" time="0.014" />
  <testcase classname="ptolemy.util.test.junit.AutoTests" name="[398] /home/travis/build/icyphy/ptII/ptolemy/actor/lib/test/auto/WallClockTime.xml (RunModel)" time="1.012" />
  <testcase classname="ptolemy.util.test.junit.AutoTests" name="[399] /home/travis/build/icyphy/ptII/ptolemy/actor/lib/test/auto/WidthTestWithSubscriberPublisher.xml (RunModel)" time="0.041" />
  <testcase classname="ptolemy.util.test.junit.AutoTests" name="[400] /home/travis/build/icyphy/ptII/ptolemy/actor/lib/test/auto/WidthTestWithSubscriberPublisher2.xml (RunModel)" time="0.013" />
  <testcase classname="ptolemy.util.test.junit.AutoTests" name="[401] /home/travis/build/icyphy/ptII/ptolemy/actor/lib/test/auto/WidthTestWithSubscriberPublisher3.xml (RunModel)" time="0.013" />
  <testcase classname="ptolemy.util.test.junit.AutoTests" name="[402] /home/travis/build/icyphy/ptII/ptolemy/actor/lib/test/auto/Writer.xml (RunModel)" time="0.008" />
  <testcase classname="ptolemy.util.test.junit.AutoTests" name="[403] /home/travis/build/icyphy/ptII/ptolemy/actor/lib/test/auto/array.xml (RunModel)" time="0.009" />
  <testcase classname="ptolemy.util.test.junit.AutoTests" name="[404] /home/travis/build/icyphy/ptII/ptolemy/actor/lib/test/auto/array2.xml (RunModel)" time="0.012" />
  <testcase classname="ptolemy.util.test.junit.AutoTests" name="[405] /home/travis/build/icyphy/ptII/ptolemy/actor/lib/test/auto/arrayType.xml (RunModel)" time="0.01" />
  <testcase classname="ptolemy.util.test.junit.AutoTests" name="[406] /home/travis/build/icyphy/ptII/ptolemy/actor/lib/test/auto/arrayType10.xml (RunModel)" time="0.008" />
  <testcase classname="ptolemy.util.test.junit.AutoTests" name="[407] /home/travis/build/icyphy/ptII/ptolemy/actor/lib/test/auto/arrayType11.xml (RunModel)" time="0.008" />
  <testcase classname="ptolemy.util.test.junit.AutoTests" name="[408] /home/travis/build/icyphy/ptII/ptolemy/actor/lib/test/auto/arrayType12.xml (RunModel)" time="0.009" />
  <testcase classname="ptolemy.util.test.junit.AutoTests" name="[409] /home/travis/build/icyphy/ptII/ptolemy/actor/lib/test/auto/arrayType13.xml (RunModel)" time="0.009" />
  <testcase classname="ptolemy.util.test.junit.AutoTests" name="[410] /home/travis/build/icyphy/ptII/ptolemy/actor/lib/test/auto/arrayType14.xml (RunModel)" time="0.009" />
  <testcase classname="ptolemy.util.test.junit.AutoTests" name="[411] /home/travis/build/icyphy/ptII/ptolemy/actor/lib/test/auto/arrayType15.xml (RunModel)" time="0.01" />
  <testcase classname="ptolemy.util.test.junit.AutoTests" name="[412] /home/travis/build/icyphy/ptII/ptolemy/actor/lib/test/auto/arrayType16.xml (RunModel)" time="0.009" />
  <testcase classname="ptolemy.util.test.junit.AutoTests" name="[413] /home/travis/build/icyphy/ptII/ptolemy/actor/lib/test/auto/arrayType17.xml (RunModel)" time="0.008" />
  <testcase classname="ptolemy.util.test.junit.AutoTests" name="[414] /home/travis/build/icyphy/ptII/ptolemy/actor/lib/test/auto/arrayType18.xml (RunModel)" time="0.008" />
  <testcase classname="ptolemy.util.test.junit.AutoTests" name="[415] /home/travis/build/icyphy/ptII/ptolemy/actor/lib/test/auto/arrayType19.xml (RunModel)" time="0.008" />
  <testcase classname="ptolemy.util.test.junit.AutoTests" name="[416] /home/travis/build/icyphy/ptII/ptolemy/actor/lib/test/auto/arrayType2.xml (RunModel)" time="0.009" />
  <testcase classname="ptolemy.util.test.junit.AutoTests" name="[417] /home/travis/build/icyphy/ptII/ptolemy/actor/lib/test/auto/arrayType20.xml (RunModel)" time="0.008" />
  <testcase classname="ptolemy.util.test.junit.AutoTests" name="[418] /home/travis/build/icyphy/ptII/ptolemy/actor/lib/test/auto/arrayType21.xml (RunModel)" time="0.008" />
  <testcase classname="ptolemy.util.test.junit.AutoTests" name="[419] /home/travis/build/icyphy/ptII/ptolemy/actor/lib/test/auto/arrayType22.xml (RunModel)" time="0.008" />
  <testcase classname="ptolemy.util.test.junit.AutoTests" name="[420] /home/travis/build/icyphy/ptII/ptolemy/actor/lib/test/auto/arrayType23.xml (RunModel)" time="0.009" />
  <testcase classname="ptolemy.util.test.junit.AutoTests" name="[421] /home/travis/build/icyphy/ptII/ptolemy/actor/lib/test/auto/arrayType24.xml (RunModel)" time="0.013" />
  <testcase classname="ptolemy.util.test.junit.AutoTests" name="[422] /home/travis/build/icyphy/ptII/ptolemy/actor/lib/test/auto/arrayType25.xml (RunModel)" time="0.011" />
  <testcase classname="ptolemy.util.test.junit.AutoTests" name="[423] /home/travis/build/icyphy/ptII/ptolemy/actor/lib/test/auto/arrayType26.xml (RunModel)" time="0.008" />
  <testcase classname="ptolemy.util.test.junit.AutoTests" name="[424] /home/travis/build/icyphy/ptII/ptolemy/actor/lib/test/auto/arrayType27.xml (RunModel)" time="0.009" />
  <testcase classname="ptolemy.util.test.junit.AutoTests" name="[425] /home/travis/build/icyphy/ptII/ptolemy/actor/lib/test/auto/arrayType28.xml (RunModel)" time="0.01" />
  <testcase classname="ptolemy.util.test.junit.AutoTests" name="[426] /home/travis/build/icyphy/ptII/ptolemy/actor/lib/test/auto/arrayType3.xml (RunModel)" time="0.009" />
  <testcase classname="ptolemy.util.test.junit.AutoTests" name="[427] /home/travis/build/icyphy/ptII/ptolemy/actor/lib/test/auto/arrayType4.xml (RunModel)" time="0.008" />
  <testcase classname="ptolemy.util.test.junit.AutoTests" name="[428] /home/travis/build/icyphy/ptII/ptolemy/actor/lib/test/auto/arrayType5.xml (RunModel)" time="0.008" />
  <testcase classname="ptolemy.util.test.junit.AutoTests" name="[429] /home/travis/build/icyphy/ptII/ptolemy/actor/lib/test/auto/arrayType6.xml (RunModel)" time="0.008" />
  <testcase classname="ptolemy.util.test.junit.AutoTests" name="[430] /home/travis/build/icyphy/ptII/ptolemy/actor/lib/test/auto/arrayType7.xml (RunModel)" time="0.008" />
  <testcase classname="ptolemy.util.test.junit.AutoTests" name="[431] /home/travis/build/icyphy/ptII/ptolemy/actor/lib/test/auto/arrayType8.xml (RunModel)" time="0.02" />
  <testcase classname="ptolemy.util.test.junit.AutoTests" name="[432] /home/travis/build/icyphy/ptII/ptolemy/actor/lib/test/auto/arrayType9.xml (RunModel)" time="0.008" />
  <testcase classname="ptolemy.util.test.junit.AutoTests" name="[433] /home/travis/build/icyphy/ptII/ptolemy/actor/lib/test/auto/cast.xml (RunModel)" time="0.039" />
  <testcase classname="ptolemy.util.test.junit.AutoTests" name="[434] /home/travis/build/icyphy/ptII/ptolemy/actor/lib/test/auto/compositeMultiPort.xml (RunModel)" time="0.053" />
  <testcase classname="ptolemy.util.test.junit.AutoTests" name="[435] /home/travis/build/icyphy/ptII/ptolemy/actor/lib/test/auto/expressionCastInference.xml (RunModel)" time="0.032" />
  <testcase classname="ptolemy.util.test.junit.AutoTests" name="[436] /home/travis/build/icyphy/ptII/ptolemy/actor/lib/test/auto/expressionCastInference2.xml (RunModel)" time="0.016" />
  <testcase classname="ptolemy.util.test.junit.AutoTests" name="[437] /home/travis/build/icyphy/ptII/ptolemy/actor/lib/test/auto/expressionInference.xml (RunModel)" time="0.007" />
  <testcase classname="ptolemy.util.test.junit.AutoTests" name="[438] /home/travis/build/icyphy/ptII/ptolemy/actor/lib/test/auto/expression_bug.xml (RunModel)" time="0.007" />
  <testcase classname="ptolemy.util.test.junit.AutoTests" name="[439] /home/travis/build/icyphy/ptII/ptolemy/actor/lib/test/auto/factorial.xml (RunModel)" time="0.069" />
  <testcase classname="ptolemy.util.test.junit.AutoTests" name="[440] /home/travis/build/icyphy/ptII/ptolemy/actor/lib/test/auto/filterTest1.xml (RunModel)" time="0.031" />
  <testcase classname="ptolemy.util.test.junit.AutoTests" name="[441] /home/travis/build/icyphy/ptII/ptolemy/actor/lib/test/auto/funcApplyInConst.xml (RunModel)" time="0.033" />
  <testcase classname="ptolemy.util.test.junit.AutoTests" name="[442] /home/travis/build/icyphy/ptII/ptolemy/actor/lib/test/auto/funcApplyInExpr.xml (RunModel)" time="0.008" />
  <testcase classname="ptolemy.util.test.junit.AutoTests" name="[443] /home/travis/build/icyphy/ptII/ptolemy/actor/lib/test/auto/function.xml (RunModel)" time="0.01" />
  <testcase classname="ptolemy.util.test.junit.AutoTests" name="[444] /home/travis/build/icyphy/ptII/ptolemy/actor/lib/test/auto/function2.xml (RunModel)" time="0.009" />
  <testcase classname="ptolemy.util.test.junit.AutoTests" name="[445] /home/travis/build/icyphy/ptII/ptolemy/actor/lib/test/auto/function3.xml (RunModel)" time="0.007" />
  <testcase classname="ptolemy.util.test.junit.AutoTests" name="[446] /home/travis/build/icyphy/ptII/ptolemy/actor/lib/test/auto/functionClosureTest1.xml (RunModel)" time="0.009" />
  <testcase classname="ptolemy.util.test.junit.AutoTests" name="[447] /home/travis/build/icyphy/ptII/ptolemy/actor/lib/test/auto/functionClosureTest2.xml (RunModel)" time="0.007" />
  <testcase classname="ptolemy.util.test.junit.AutoTests" name="[448] /home/travis/build/icyphy/ptII/ptolemy/actor/lib/test/auto/functionClosureTest3.xml (RunModel)" time="0.009" />
  <testcase classname="ptolemy.util.test.junit.AutoTests" name="[449] /home/travis/build/icyphy/ptII/ptolemy/actor/lib/test/auto/functionClosureTest4.xml (RunModel)" time="0.015" />
  <testcase classname="ptolemy.util.test.junit.AutoTests" name="[450] /home/travis/build/icyphy/ptII/ptolemy/actor/lib/test/auto/functionClosureTest5.xml (RunModel)" time="0.01" />
  <testcase classname="ptolemy.util.test.junit.AutoTests" name="[451] /home/travis/build/icyphy/ptII/ptolemy/actor/lib/test/auto/functionClosureTest6.xml (RunModel)" time="0.008" />
  <testcase classname="ptolemy.util.test.junit.AutoTests" name="[452] /home/travis/build/icyphy/ptII/ptolemy/actor/lib/test/auto/functionsOnArcs.xml (RunModel)" time="0.009" />
  <testcase classname="ptolemy.util.test.junit.AutoTests" name="[453] /home/travis/build/icyphy/ptII/ptolemy/actor/lib/test/auto/functionsOnArcsHOF.xml (RunModel)" time="0.011" />
  <testcase classname="ptolemy.util.test.junit.AutoTests" name="[454] /home/travis/build/icyphy/ptII/ptolemy/actor/lib/test/auto/logic.xml (RunModel)" time="0.016" />
  <testcase classname="ptolemy.util.test.junit.AutoTests" name="[455] /home/travis/build/icyphy/ptII/ptolemy/actor/lib/test/auto/matrixType.xml (RunModel)" time="0.009" />
  <testcase classname="ptolemy.util.test.junit.AutoTests" name="[456] /home/travis/build/icyphy/ptII/ptolemy/actor/lib/test/auto/matrixType10.xml (RunModel)" time="0.008" />
  <testcase classname="ptolemy.util.test.junit.AutoTests" name="[457] /home/travis/build/icyphy/ptII/ptolemy/actor/lib/test/auto/matrixType11.xml (RunModel)" time="0.008" />
  <testcase classname="ptolemy.util.test.junit.AutoTests" name="[458] /home/travis/build/icyphy/ptII/ptolemy/actor/lib/test/auto/matrixType12.xml (RunModel)" time="0.01" />
  <testcase classname="ptolemy.util.test.junit.AutoTests" name="[459] /home/travis/build/icyphy/ptII/ptolemy/actor/lib/test/auto/matrixType13.xml (RunModel)" time="0.008" />
  <testcase classname="ptolemy.util.test.junit.AutoTests" name="[460] /home/travis/build/icyphy/ptII/ptolemy/actor/lib/test/auto/matrixType14.xml (RunModel)" time="0.009" />
  <testcase classname="ptolemy.util.test.junit.AutoTests" name="[461] /home/travis/build/icyphy/ptII/ptolemy/actor/lib/test/auto/matrixType2.xml (RunModel)" time="0.008" />
  <testcase classname="ptolemy.util.test.junit.AutoTests" name="[462] /home/travis/build/icyphy/ptII/ptolemy/actor/lib/test/auto/matrixType3.xml (RunModel)" time="0.01" />
  <testcase classname="ptolemy.util.test.junit.AutoTests" name="[463] /home/travis/build/icyphy/ptII/ptolemy/actor/lib/test/auto/matrixType4.xml (RunModel)" time="0.009" />
  <testcase classname="ptolemy.util.test.junit.AutoTests" name="[464] /home/travis/build/icyphy/ptII/ptolemy/actor/lib/test/auto/matrixType5.xml (RunModel)" time="0.007" />
  <testcase classname="ptolemy.util.test.junit.AutoTests" name="[465] /home/travis/build/icyphy/ptII/ptolemy/actor/lib/test/auto/matrixType6.xml (RunModel)" time="0.009" />
  <testcase classname="ptolemy.util.test.junit.AutoTests" name="[466] /home/travis/build/icyphy/ptII/ptolemy/actor/lib/test/auto/matrixType7.xml (RunModel)" time="0.008" />
  <testcase classname="ptolemy.util.test.junit.AutoTests" name="[467] /home/travis/build/icyphy/ptII/ptolemy/actor/lib/test/auto/matrixType8.xml (RunModel)" time="0.008" />
  <testcase classname="ptolemy.util.test.junit.AutoTests" name="[468] /home/travis/build/icyphy/ptII/ptolemy/actor/lib/test/auto/matrixType9.xml (RunModel)" time="0.009" />
  <testcase classname="ptolemy.util.test.junit.AutoTests" name="[469] /home/travis/build/icyphy/ptII/ptolemy/actor/lib/test/auto/paraFunctest.xml (RunModel)" time="0.008" />
  <testcase classname="ptolemy.util.test.junit.AutoTests" name="[470] /home/travis/build/icyphy/ptII/ptolemy/actor/lib/test/auto/paraFunctest2.xml (RunModel)" time="0.013" />
  <testcase classname="ptolemy.util.test.junit.AutoTests" name="[471] /home/travis/build/icyphy/ptII/ptolemy/actor/lib/test/auto/parameterPassing.xml (RunModel)" time="0.008" />
  <testcase classname="ptolemy.util.test.junit.AutoTests" name="[472] /home/travis/build/icyphy/ptII/ptolemy/actor/lib/test/auto/record.xml (RunModel)" time="0.011" />
  <testcase classname="ptolemy.util.test.junit.AutoTests" name="[473] /home/travis/build/icyphy/ptII/ptolemy/actor/lib/test/auto/sizedarray1.xml (RunModel)" time="0.009" />
  <testcase classname="ptolemy.util.test.junit.AutoTests" name="[474] /home/travis/build/icyphy/ptII/ptolemy/actor/lib/test/auto/sizedarray2.xml (RunModel)" time="0.01" />
  <testcase classname="ptolemy.util.test.junit.AutoTests" name="[475] /home/travis/build/icyphy/ptII/ptolemy/actor/lib/test/auto/twoPublishers.xml (RunModel)" time="0.027" />
  <system-out><![CDATA[/home/travis/build/icyphy/ptII/ptolemy/actor/lib/test/AbsoluteValue.tcl
testDefs.tcl: setting time out to 9000 seconds at Fri Oct 18 06:03:38 UTC 2019
94 ms. Memory: 120832K Free: 85955K (71%)
5 ms. Memory: 120832K Free: 84417K (70%)
5 ms. Memory: 120832K Free: 83393K (69%)
7 ms. Memory: 120832K Free: 82883K (69%)
/home/travis/build/icyphy/ptII/ptolemy/actor/lib/test/AddSubtract.tcl
25 ms. Memory: 120832K Free: 80835K (67%)
19 ms. Memory: 120832K Free: 79811K (66%)
15 ms. Memory: 120832K Free: 79297K (66%)
17 ms. Memory: 120832K Free: 78259K (65%)
78 ms. Memory: 120832K Free: 75715K (63%)
10 ms. Memory: 120832K Free: 74691K (62%)
/home/travis/build/icyphy/ptII/ptolemy/actor/lib/test/Average.tcl
16 ms. Memory: 120832K Free: 73139K (61%)
13 ms. Memory: 120832K Free: 71619K (59%)
/home/travis/build/icyphy/ptII/ptolemy/actor/lib/test/Bernoulli.tcl
5 ms. Memory: 120832K Free: 70067K (58%)
2 ms. Memory: 120832K Free: 70067K (58%)
/home/travis/build/icyphy/ptII/ptolemy/actor/lib/test/Clock.tcl
preinitializing
resolving types
initializing
executing number 1
wrapping up
idle
41 ms. Memory: 120832K Free: 67009K (55%)
Completed execution with 5 iterations
preinitializing
resolving types
initializing
executing number 1
wrapping up
idle
11 ms. Memory: 120832K Free: 66499K (55%)
Completed execution with 5 iterations
preinitializing
resolving types
initializing
executing number 1
wrapping up
idle
11 ms. Memory: 120832K Free: 65985K (55%)
Completed execution with 5 iterations
/home/travis/build/icyphy/ptII/ptolemy/actor/lib/test/Commutator.tcl
10 ms. Memory: 120832K Free: 63923K (53%)
18 ms. Memory: 120832K Free: 62913K (52%)
17 ms. Memory: 120832K Free: 57283K (47%)
/home/travis/build/icyphy/ptII/ptolemy/actor/lib/test/Const.tcl
14 ms. Memory: 120832K Free: 55739K (46%)
2 ms. Memory: 120832K Free: 55235K (46%)
3 ms. Memory: 120832K Free: 54721K (45%)
2 ms. Memory: 120832K Free: 54211K (45%)
3 ms. Memory: 120832K Free: 53187K (44%)
19 ms. Memory: 120832K Free: 51649K (43%)
6 ms. Memory: 120832K Free: 50619K (42%)
3 ms. Memory: 120832K Free: 49587K (41%)
/home/travis/build/icyphy/ptII/ptolemy/actor/lib/test/CurrentTime.tcl
preinitializing
resolving types
initializing
executing number 1
wrapping up
idle
17 ms. Memory: 120832K Free: 48067K (40%)
Completed execution with 11 iterations
/home/travis/build/icyphy/ptII/ptolemy/actor/lib/test/DB.tcl
7 ms. Memory: 120832K Free: 46019K (38%)
25 ms. Memory: 120832K Free: 107063K (89%)
2 ms. Memory: 120832K Free: 106567K (88%)
/home/travis/build/icyphy/ptII/ptolemy/actor/lib/test/DiscreteRandomSource.tcl
preinitializing
resolving types
initializing
executing number 1
wrapping up
idle
5 ms. Memory: 120832K Free: 105015K (87%)
Completed execution with 4 iterations
preinitializing
resolving types
initializing
executing number 1
wrapping up
idle
2 ms. Memory: 120832K Free: 104519K (86%)
Completed execution with 4 iterations
preinitializing
resolving types
initializing
executing number 1
wrapping up
idle
11 ms. Memory: 120832K Free: 103975K (86%)
Completed execution with 4 iterations
preinitializing
resolving types
initializing
executing number 1
wrapping up
idle
2 ms. Memory: 120832K Free: 103975K (86%)
Completed execution with 4 iterations
preinitializing
resolving types
initializing
executing number 1
wrapping up
idle
4 ms. Memory: 120832K Free: 103495K (86%)
Completed execution with 4 iterations
/home/travis/build/icyphy/ptII/ptolemy/actor/lib/test/Distributor.tcl
4 ms. Memory: 120832K Free: 101943K (84%)
3 ms. Memory: 120832K Free: 100919K (84%)
StreamChangeRequest.changeExecuted(): <deleteEntity name="rec2"/> succeeded
StreamChangeRequest.changeExecuted(): <deleteRelation name="r2"/> succeeded
StreamChangeRequest.changeExecuted(): Record firings per iteration succeeded
15 ms. Memory: 120832K Free: 98375K (81%)
/home/travis/build/icyphy/ptII/ptolemy/actor/lib/test/Exit.tcl
Exit.tcl: this will print a message about Manager.exitAfterWrapup, which can be ignored.
4 ms. Memory: 120832K Free: 95371K (79%)
/home/travis/build/icyphy/ptII/ptolemy/actor/lib/test/Expression.tcl
14 ms. Memory: 120832K Free: 104917K (87%)
4 ms. Memory: 120832K Free: 104375K (86%)
3 ms. Memory: 120832K Free: 103381K (86%)
preinitializing
resolving types
initializing
executing number 1
wrapping up
idle
5 ms. Memory: 120832K Free: 101837K (84%)
Completed execution with 6 iterations
3 ms. Memory: 120832K Free: 101311K (84%)
2 ms. Memory: 120832K Free: 100309K (83%)
4 ms. Memory: 120832K Free: 99263K (82%)
7 ms. Memory: 120832K Free: 97741K (81%)
8 ms. Memory: 120832K Free: 96705K (80%)
/home/travis/build/icyphy/ptII/ptolemy/actor/lib/test/Gaussian.tcl
15 ms. Memory: 120832K Free: 95159K (79%)
sleeping 1 seconds: ..............................................................................................................................................................................................................................................................................................................................................................................................................................................................................................................................................................................................................................................................................................................................................................................................................................................................................................................................................................................................................................................................................................................................................................................................................................................................................................................................................................................................................................................................................................................................................................................................................................................................................................................................................................................................................................................................................................................................................................................................................................................................................................................................................................................................................................................................................................................................................................................................................................................................................................................................................................................................................................................................................................................................................................................................................................................................................................................................................................................................................................................................................................................................................................................................................................................................................................................................................................................................................................................................................................................................................................................................................................................................................................................................................................................................................................................................................................................................................................................................................................................................................................................................................................................................................................................................................................................................................................................................................................................................................................................................................................................................................................................................................................................................................................................................................................................................................................................................................................................................................................................................................................................................................................................................................................................................................................................................................................................................................................................................................................................................................................................................................................................................................................................................................................................................................................................................................................................................................................................................................................................................................................................................................................................................................................................................................................................................................................................................................................................................................................................................................................................................................................................................................................................................................................................................................................................................................................................................................................................................................................................................................................................................................................................................................................................................................................................................................................................................................................................................................................................................................................................................................................................................................................................................................................................................................................................................................................................................................................................................................................................................................................................................................................................................................................................................................................................................................................................................................................................................................................................................................................................................................................................................................................................................................................................................................................................................................................................................................................................................................................................................................................................................................................................................................................................................................................................................................................................................................................................................................................................................................................................................................................................................................................................................................................................................................................................................................................................................................................................................................................................................................................................................................................................................................................................................................................................................................................................................................................................................................................................................................................................................................................................................................................................................................................................................................................................................................................................................................................................................................................................................................................................................................................................................................................................................................................................................................................................................................................................................................................................................................................................................................................................................................................................................................................................................................................................................................................................................................................................................................................................................................................................................................................................................................................................................................................................................................................................................................................................................................................................................................................................................................................................................................................................................................................................................................................................................................................................................................................................................................................................................................................................................................................................................................................................................................................................................................................................................................................................................................................................................................................................................................................................................................................................................................................................................................................................................................................................................................................................................................................................................................................................................................................................................................................................................................................................................................................................................................................................................................................................................................................................................................................................................................................................................................................................................................................................................................................................................................................................................................................................................................................................................................................................................................................................................................................................................................................................................................................................................................................................................................................................................................................................................................................................................................................................................................................................................................................................................................................................................................................................................................................................................................................................................................................................................................................................................................................................................................................................................................................................................................................................................................................................................................................................................................................................................................................................................................................................................................................................................................................................................................................................................................................................................................................................................................................................................................................................................................................................................................................................................................................................................................................................................................................................................................................................................................................................................................................................................................................................................................................................................................................................................................................................................................................................................................................................................................................................................................................................................................................................................................................................................................................................................................................................................................................................................................................................................................................................................................................................................................................................................................................................................................................................................................................................................................................................................................................................................................................................................................................................................................................................................................................................................................................................................................................................................................................................................................................................................................................................................................................................................................................................................................................................................................................................................................................................................................................................................................................................................................................................................................................................................................................................................................................................................................................................................................................................................................................................................................................................................................................................................................................................................................................................................................................................................................................................................................................................................................................................................................................................................................................................................................................................................................................................................................................................................................................................................................................................................................................................................................................................................................................................................................................................................................................................................................................................................................................................................................................................................................................................................................................................................................................................................................................................................................................................................................................................................................................................................................................................................................................................................................................................................................................................................................................................................................................................................................................................................................................................................................................................................................................................................................................................................................................................................................................................................................................................................................................................................................................................................................................................................................................................................................................................................................................................................................................................................................................................................................................................................................................................................................................................................................................................................................................................................................................................................................................................................................................................................................................................................................................................................................................................................................................................................................................................................................................................................................................................................................................................................................................................................................................................................................................................................................................................................................................................................................................................................................................................................................................................................................................................................................................................................................................................................................................................................................................................................................................................................................................................................................................................................................................................................................................................................................................................................................................................................................................................................................................................................................................................................................................................................................................................................................................................................................................................................................................................................................................................................................................................................................................................................................................................................................................................................................................................................................................................................................................................................................................................................................................................................................................................................................................................................................................................................................................................................................................................................................................................................................................................................................................................................................................................................................................................................................................................................................................................................................................................................................................................................................................................................................................................................................................................................................................................................................................................................................................................................................................................................................................................................................................................................................................................................................................................................................................................................................................................................................................................................................................................................................................................................................................................................................................................................................................................................................................................................................................................................................................................................................................................................................................................................................................................................................................................................................................................................................................................................................................................................................................................................................................................................................................................................................................................................................................................................................................................................................................................................................................................................................................................................................................................................................................................................................................................................................................................................................................................................................................................................................................................................................................................................................................................................................................................................................................................................................................................................................................................................................................................................................................................................................................................................3 ms. Memory: 145408K Free: 97142K (67%)
4 ms. Memory: 145408K Free: 96134K (66%)
2 ms. Memory: 145408K Free: 95638K (66%)
3 ms. Memory: 145408K Free: 95118K (65%)
6 ms. Memory: 145408K Free: 94086K (65%)
/home/travis/build/icyphy/ptII/ptolemy/actor/lib/test/IIR.tcl
/home/travis/build/icyphy/ptII/ptolemy/actor/lib/test/Interpolator.tcl
3 ms. Memory: 145408K Free: 90518K (62%)
1 ms. Memory: 145408K Free: 89974K (62%)
2 ms. Memory: 145408K Free: 89494K (62%)
2 ms. Memory: 145408K Free: 88980K (61%)
2 ms. Memory: 145408K Free: 87942K (60%)
2 ms. Memory: 145408K Free: 86932K (60%)
2 ms. Memory: 145408K Free: 86422K (59%)
2 ms. Memory: 145408K Free: 85396K (59%)
2 ms. Memory: 145408K Free: 84374K (58%)
3 ms. Memory: 145408K Free: 83350K (57%)
/home/travis/build/icyphy/ptII/ptolemy/actor/lib/test/MathFunction.tcl
5 ms. Memory: 145408K Free: 81302K (56%)
3 ms. Memory: 145408K Free: 80278K (55%)
2 ms. Memory: 145408K Free: 79254K (55%)
2 ms. Memory: 145408K Free: 78740K (54%)
4 ms. Memory: 145408K Free: 77206K (53%)
6 ms. Memory: 145408K Free: 75158K (52%)
/home/travis/build/icyphy/ptII/ptolemy/actor/lib/test/Maximum.tcl
4 ms. Memory: 145408K Free: 73606K (51%)
5 ms. Memory: 145408K Free: 130332K (90%)
2 ms. Memory: 145408K Free: 129940K (89%)
2 ms. Memory: 145408K Free: 128916K (89%)
/home/travis/build/icyphy/ptII/ptolemy/actor/lib/test/Minimum.tcl
4 ms. Memory: 145408K Free: 127378K (88%)
2 ms. Memory: 145408K Free: 126868K (87%)
2 ms. Memory: 145408K Free: 126354K (87%)
2 ms. Memory: 145408K Free: 125316K (86%)
/home/travis/build/icyphy/ptII/ptolemy/actor/lib/test/MultiplyDivide.tcl
5 ms. Memory: 145408K Free: 123282K (85%)
3 ms. Memory: 145408K Free: 122772K (84%)
2 ms. Memory: 145408K Free: 122244K (84%)
3 ms. Memory: 145408K Free: 121234K (83%)
3 ms. Memory: 145408K Free: 120724K (83%)
/home/travis/build/icyphy/ptII/ptolemy/actor/lib/test/OrderedMerge.tcl
Connections changed on port: inputA
Connections changed on port: inputB
Connections changed on port: output
Connections changed on port: output
Connections changed on port: output
Connections changed on port: input
.top. Preinitializing ...
Invoking preinitialize():  .top.OrderedMerge
Called preinitialize()
Invoking preinitialize():  .top.Ramp
Called preinitialize()
Invoking preinitialize():  .top.Ramp2
Called preinitialize()
Invoking preinitialize():  .top.Test
Called preinitialize()
Connections changed on port: inputA
Connections changed on port: output
Connections changed on port: output
Connections changed on port: input
Connections changed on port: inputB
Connections changed on port: output
.top. Finished preinitialize().
Called initialize().
Invoking initialize():  .top.OrderedMerge
Initializing actor: .top.OrderedMerge
Adding a thread: .top.OrderedMerge
Invoking initialize():  .top.Ramp
Initializing actor: .top.Ramp
Adding a thread: .top.Ramp
Invoking initialize():  .top.Ramp2
Initializing actor: .top.Ramp2
Adding a thread: .top.Ramp2
Invoking initialize():  .top.Test
Initializing actor: .top.Test
Adding a thread: .top.Test
Called fire().
Checking for deadlock:
-- Starting thread.
Called initialize()
Called prefire()
Called fire()
-- Starting thread.
-- Starting thread.
Called initialize()
-- Starting thread.
Called initialize()
Called prefire()
Called fire()
Called prefire()
Called fire()
Called initialize()
Called prefire()
Called fire()
There are 0 Blocked actors, 0 Stopped actors, and 4 active threads.
Waiting for actors to stop.
Called postfire()
Called prefire()
Called fire()
Called postfire()
Called prefire()
Called fire()
Read input token from inputA with value 0.0
Next port to read input from is inputB
Called postfire()
Called prefire()
Called fire()
Read input token from inputB with value 0.0
Sent output token with value 0.0
Next port to read input from is inputA
Called postfire()
Called prefire()
Called fire()
Checking for deadlock:
There are 1 Blocked actors, 0 Stopped actors, and 4 active threads.
Waiting for actors to stop.
Called postfire()
Called prefire()
Called fire()
Called postfire()
Called prefire()
Called fire()
-- Read input: 0.0, which is expected to match: 0.0
Called prefire()
Called fire()
Checking for deadlock:
There are 3 Blocked actors, 0 Stopped actors, and 4 active threads.
Waiting for actors to stop.
Called postfire()
Called prefire()
Called fire()
Read input token from inputA with value 1.0
Sent output token with value 0.0
Next port to read input from is inputB
Called postfire()
Called prefire()
Called fire()
Read input token from inputB with value 1.5
Checking for deadlock:
There are 2 Blocked actors, 0 Stopped actors, and 4 active threads.
Waiting for actors to stop.
Called postfire()
Called prefire()
Called fire()
-- Read input: 0.0, which is expected to match: 0.0
Called prefire()
Called fire()
Checking for deadlock:
There are 3 Blocked actors, 0 Stopped actors, and 4 active threads.
Waiting for actors to stop.
-- Read input: 1.0, which is expected to match: 1.0
Called prefire()
Called fire()
Checking for deadlock:
There are 3 Blocked actors, 0 Stopped actors, and 4 active threads.
Waiting for actors to stop.
Sent output token with value 1.0
Next port to read input from is inputA
Called postfire()
Called prefire()
Called fire()
Checking for deadlock:
There are 2 Blocked actors, 0 Stopped actors, and 4 active threads.
Waiting for actors to stop.
Called postfire()
Called prefire()
Called fire()
Read input token from inputA with value 2.0
Sent output token with value 1.5
Next port to read input from is inputB
Called postfire()
Called prefire()
Called fire()
Read input token from inputB with value 3.0
Checking for deadlock:
There are 2 Blocked actors, 0 Stopped actors, and 4 active threads.
Waiting for actors to stop.
-- Read input: 1.5, which is expected to match: 1.5
Called prefire()
Called fire()
Called postfire()
Called prefire()
Called fire()
Checking for deadlock:
There are 3 Blocked actors, 0 Stopped actors, and 4 active threads.
Waiting for actors to stop.
Checking for deadlock:
There are 2 Blocked actors, 0 Stopped actors, and 4 active threads.
Waiting for actors to stop.
-- Read input: 2.0, which is expected to match: 2.0
Called prefire()
Called fire()
Checking for deadlock:
There are 3 Blocked actors, 0 Stopped actors, and 4 active threads.
Waiting for actors to stop.
Sent output token with value 2.0
Next port to read input from is inputA
Called postfire()
Called prefire()
Called fire()
Checking for deadlock:
There are 2 Blocked actors, 0 Stopped actors, and 4 active threads.
Waiting for actors to stop.
Called postfire()
Called prefire()
Called fire()
Checking for deadlock:
There are 3 Blocked actors, 0 Stopped actors, and 4 active threads.
Waiting for actors to stop.
Read input token from inputA with value 3.0
Checking for deadlock:
There are 2 Blocked actors, 0 Stopped actors, and 4 active threads.
Waiting for actors to stop.
-- Read input: 3.0, which is expected to match: 3.0
Called prefire()
Called fire()
Checking for deadlock:
There are 3 Blocked actors, 0 Stopped actors, and 4 active threads.
Waiting for actors to stop.
Sent output token with value 3.0
Next port to read input from is inputB
Called postfire()
Called prefire()
Called fire()
Called postfire()
Called prefire()
Called fire()
Checking for deadlock:
There are 3 Blocked actors, 0 Stopped actors, and 4 active threads.
Waiting for actors to stop.
Read input token from inputB with value 4.5
-- Read input: 3.0, which is expected to match: 3.0
Called prefire()
Called fire()
Checking for deadlock:
There are 3 Blocked actors, 0 Stopped actors, and 4 active threads.
Waiting for actors to stop.
Sent output token with value 3.0
Next port to read input from is inputA
Called postfire()
Called prefire()
Called fire()
Checking for deadlock:
There are 2 Blocked actors, 0 Stopped actors, and 4 active threads.
Waiting for actors to stop.
Called postfire()
Called prefire()
Called fire()
Checking for deadlock:
There are 3 Blocked actors, 0 Stopped actors, and 4 active threads.
Waiting for actors to stop.
Read input token from inputA with value 4.0
Checking for deadlock:
There are 2 Blocked actors, 0 Stopped actors, and 4 active threads.
Waiting for actors to stop.
-- Read input: 4.0, which is expected to match: 4.0
Called prefire()
Called fire()
Past the end of training data. Read and discard all inputs.
Checking for deadlock:
There are 3 Blocked actors, 0 Stopped actors, and 4 active threads.
Waiting for actors to stop.
Sent output token with value 4.0
Next port to read input from is inputA
Called postfire()
Called prefire()
Called fire()
Read input token from inputA with value 5.0
Checking for deadlock:
There are 2 Blocked actors, 0 Stopped actors, and 4 active threads.
Waiting for actors to stop.
Called postfire()
Called prefire()
Called fire()
Checking for deadlock:
There are 2 Blocked actors, 0 Stopped actors, and 4 active threads.
Waiting for actors to stop.
Called prefire()
Called fire()
Past the end of training data. Read and discard all inputs.
Checking for deadlock:
There are 3 Blocked actors, 0 Stopped actors, and 4 active threads.
Waiting for actors to stop.
Sent output token with value 4.5
Next port to read input from is inputB
Called postfire()
Called prefire()
Called fire()
Called postfire()
Called prefire()
Called fire()
Checking for deadlock:
There are 3 Blocked actors, 0 Stopped actors, and 4 active threads.
Waiting for actors to stop.
Read input token from inputB with value 6.0
Called prefire()
Called fire()
Past the end of training data. Read and discard all inputs.
Checking for deadlock:
There are 3 Blocked actors, 0 Stopped actors, and 4 active threads.
Waiting for actors to stop.
Sent output token with value 5.0
Next port to read input from is inputA
Called postfire()
Called prefire()
Called fire()
Called postfire()
Called prefire()
Called fire()
Checking for deadlock:
There are 3 Blocked actors, 0 Stopped actors, and 4 active threads.
Waiting for actors to stop.
Read input token from inputA with value 6.0
Called prefire()
Called fire()
Past the end of training data. Read and discard all inputs.
Checking for deadlock:
There are 3 Blocked actors, 0 Stopped actors, and 4 active threads.
Waiting for actors to stop.
Sent output token with value 6.0
Next port to read input from is inputB
Called postfire()
Called prefire()
Called fire()
Checking for deadlock:
There are 2 Blocked actors, 0 Stopped actors, and 4 active threads.
Waiting for actors to stop.
Called postfire()
Called prefire()
Called fire()
Checking for deadlock:
There are 3 Blocked actors, 0 Stopped actors, and 4 active threads.
Waiting for actors to stop.
Read input token from inputB with value 7.5
Checking for deadlock:
There are 2 Blocked actors, 0 Stopped actors, and 4 active threads.
Waiting for actors to stop.
Called prefire()
Called fire()
Past the end of training data. Read and discard all inputs.
Checking for deadlock:
There are 3 Blocked actors, 0 Stopped actors, and 4 active threads.
Waiting for actors to stop.
Sent output token with value 6.0
Next port to read input from is inputA
Called postfire()
Called prefire()
Called fire()
Called postfire()
Called prefire()
Called fire()
Checking for deadlock:
There are 3 Blocked actors, 0 Stopped actors, and 4 active threads.
Waiting for actors to stop.
Read input token from inputA with value 7.0
Called prefire()
Called fire()
Past the end of training data. Read and discard all inputs.
Checking for deadlock:
There are 3 Blocked actors, 0 Stopped actors, and 4 active threads.
Waiting for actors to stop.
Sent output token with value 7.0
Next port to read input from is inputA
Called postfire()
Called prefire()
Called fire()
-- Thread wrapup() called.
Called wrapup()
Thread .top.Ramp is exiting.
-- Thread stopped.
Checking for deadlock:
There are 2 Blocked actors, 0 Stopped actors, and 3 active threads.
Waiting for actors to stop.
Read input token from inputA with value 8.0
Checking for deadlock:
There are 1 Blocked actors, 0 Stopped actors, and 3 active threads.
Waiting for actors to stop.
Called prefire()
Called fire()
Past the end of training data. Read and discard all inputs.
Checking for deadlock:
There are 2 Blocked actors, 0 Stopped actors, and 3 active threads.
Waiting for actors to stop.
Sent output token with value 7.5
Next port to read input from is inputB
Called postfire()
Called prefire()
Called fire()
Checking for deadlock:
There are 1 Blocked actors, 0 Stopped actors, and 3 active threads.
Waiting for actors to stop.
Called postfire()
Called prefire()
Called fire()
Checking for deadlock:
There are 2 Blocked actors, 0 Stopped actors, and 3 active threads.
Waiting for actors to stop.
Read input token from inputB with value 9.0
Checking for deadlock:
There are 1 Blocked actors, 0 Stopped actors, and 3 active threads.
Waiting for actors to stop.
Called prefire()
Called fire()
Past the end of training data. Read and discard all inputs.
Checking for deadlock:
There are 2 Blocked actors, 0 Stopped actors, and 3 active threads.
Waiting for actors to stop.
Sent output token with value 8.0
Next port to read input from is inputA
Called postfire()
Called prefire()
Called fire()
Read input token from inputA with value 9.0
Called prefire()
Called fire()
Past the end of training data. Read and discard all inputs.
Checking for deadlock:
There are 2 Blocked actors, 0 Stopped actors, and 3 active threads.
Waiting for actors to stop.
Sent output token with value 9.0
Next port to read input from is inputB
Called postfire()
Called prefire()
Called fire()
Called postfire()
Called prefire()
Called fire()
Checking for deadlock:
There are 2 Blocked actors, 0 Stopped actors, and 3 active threads.
Waiting for actors to stop.
Read input token from inputB with value 10.5
Called prefire()
Called fire()
Past the end of training data. Read and discard all inputs.
Checking for deadlock:
There are 2 Blocked actors, 0 Stopped actors, and 3 active threads.
Waiting for actors to stop.
Sent output token with value 9.0
Next port to read input from is inputA
Called postfire()
Called prefire()
Called fire()
Checking for deadlock:
There are 3 Blocked actors, 0 Stopped actors, and 3 active threads.
Actors have stopped.
Checking for deadlock:
There are 3 Blocked actors, 0 Stopped actors, and 3 active threads.
Deadlock detected.
Resolving Deadlock
Checking for deadlock:
There are 3 Blocked actors, 0 Stopped actors, and 3 active threads.
Artificial Deadlock - increasing queue capacity.
increasing the capacity of receiver ptolemy.actor.TypedIOPort {.top.OrderedMerge.inputB} to 2
Director: Called postfire().
Called postfire().
_stopRequested = false
_stopFireRequested = false
Returning from postfire(): true
-- Thread wrapup() called.
Called wrapup()
Thread .top.Ramp2 is exiting.
-- Thread stopped.
Called fire().
Checking for deadlock:
There are 2 Blocked actors, 0 Stopped actors, and 2 active threads.
Actors have stopped.
Checking for deadlock:
There are 2 Blocked actors, 0 Stopped actors, and 2 active threads.
Deadlock detected.
Resolving Deadlock
Checking for deadlock:
There are 2 Blocked actors, 0 Stopped actors, and 2 active threads.
Deadlock detected: no processes blocked on write, but some are blocked on read.
Called postfire().
_stopRequested = false
_stopFireRequested = false
Returning from postfire(): false
Finished deactivating branches.
Called wrapup().
-- Thread wrapup() called.
-- Thread wrapup() called.
Called wrapup()
Called wrapup()
Thread .top.OrderedMerge is exiting.
-- Thread stopped.
-- Blocked Receiver call threw TerminateProcessException.
Thread .top.Test is exiting.
-- Thread stopped.
-- Blocked Receiver call threw TerminateProcessException.
84 ms. Memory: 145408K Free: 115604K (80%)
.top. Preinitializing ...
Invoking preinitialize():  .top.OrderedMerge
Called preinitialize()
Invoking preinitialize():  .top.Ramp
Called preinitialize()
Invoking preinitialize():  .top.Ramp2
Called preinitialize()
Invoking preinitialize():  .top.Test
Called preinitialize()
.top. Finished preinitialize().
Called initialize().
Invoking initialize():  .top.OrderedMerge
Initializing actor: .top.OrderedMerge
Adding a thread: .top.OrderedMerge
Invoking initialize():  .top.Ramp
Initializing actor: .top.Ramp
Adding a thread: .top.Ramp
Invoking initialize():  .top.Ramp2
Initializing actor: .top.Ramp2
Adding a thread: .top.Ramp2
Invoking initialize():  .top.Test
Initializing actor: .top.Test
Adding a thread: .top.Test
-- Starting thread.
Called initialize()
Called prefire()
Called fire()
-- Starting thread.
Called initialize()
Called prefire()
Called fire()
Called postfire()
Called prefire()
Called fire()
-- Starting thread.
Called initialize()
Called prefire()
Called fire()
Called postfire()
Called prefire()
Called fire()
Called fire().
Checking for deadlock:
There are 3 Blocked actors, 0 Stopped actors, and 4 active threads.
Waiting for actors to stop.
-- Starting thread.
Called initialize()
Called prefire()
Called fire()
Read input token from inputA with value 0.0
Next port to read input from is inputB
Called postfire()
Called prefire()
Called fire()
Read input token from inputB with value 0.0
Sent output token with value 0.0
Next port to read input from is inputA
Called postfire()
Called prefire()
Called fire()
Checking for deadlock:
There are 1 Blocked actors, 0 Stopped actors, and 4 active threads.
Waiting for actors to stop.
Called postfire()
Called prefire()
Called fire()
-- Read input: 0.0, which is expected to match: 0.0
Called prefire()
Called fire()
Checking for deadlock:
There are 3 Blocked actors, 0 Stopped actors, and 4 active threads.
Waiting for actors to stop.
Called postfire()
Called prefire()
Called fire()
Checking for deadlock:
There are 3 Blocked actors, 0 Stopped actors, and 4 active threads.
Waiting for actors to stop.
Checking for deadlock:
There are 2 Blocked actors, 0 Stopped actors, and 4 active threads.
Waiting for actors to stop.
Called postfire()
Called prefire()
Called fire()
Checking for deadlock:
There are 3 Blocked actors, 0 Stopped actors, and 4 active threads.
Waiting for actors to stop.
Read input token from inputA with value 1.0
Sent output token with value 0.0
Next port to read input from is inputB
Called postfire()
Called prefire()
Called fire()
Read input token from inputB with value 1.5
-- Read input: 0.0, which is expected to match: 0.0
Called prefire()
Called fire()
Checking for deadlock:
There are 2 Blocked actors, 0 Stopped actors, and 4 active threads.
Waiting for actors to stop.
Called postfire()
Called prefire()
Called fire()
Checking for deadlock:
There are 3 Blocked actors, 0 Stopped actors, and 4 active threads.
Waiting for actors to stop.
-- Read input: 1.0, which is expected to match: 1.0
Called prefire()
Called fire()
Checking for deadlock:
There are 3 Blocked actors, 0 Stopped actors, and 4 active threads.
Waiting for actors to stop.
Sent output token with value 1.0
Next port to read input from is inputA
Called postfire()
Called prefire()
Called fire()
Checking for deadlock:
There are 2 Blocked actors, 0 Stopped actors, and 4 active threads.
Waiting for actors to stop.
Called postfire()
Called prefire()
Called fire()
Checking for deadlock:
There are 3 Blocked actors, 0 Stopped actors, and 4 active threads.
Waiting for actors to stop.
Read input token from inputA with value 2.0
Sent output token with value 1.5
Checking for deadlock:
There are 2 Blocked actors, 0 Stopped actors, and 4 active threads.
Waiting for actors to stop.
-- Read input: 1.5, which is expected to match: 1.5
Called prefire()
Called fire()
Checking for deadlock:
There are 3 Blocked actors, 0 Stopped actors, and 4 active threads.
Waiting for actors to stop.
Next port to read input from is inputB
Called postfire()
Called prefire()
Called fire()
Checking for deadlock:
There are 2 Blocked actors, 0 Stopped actors, and 4 active threads.
Waiting for actors to stop.
Called postfire()
Called prefire()
Called fire()
Checking for deadlock:
There are 3 Blocked actors, 0 Stopped actors, and 4 active threads.
Waiting for actors to stop.
Read input token from inputB with value 3.0
Checking for deadlock:
There are 2 Blocked actors, 0 Stopped actors, and 4 active threads.
Waiting for actors to stop.
-- Read input: 2.0, which is expected to match: 2.0
Called prefire()
Called fire()
Checking for deadlock:
There are 3 Blocked actors, 0 Stopped actors, and 4 active threads.
Waiting for actors to stop.
Sent output token with value 2.0
Next port to read input from is inputA
Called postfire()
Called prefire()
Called fire()
Checking for deadlock:
There are 2 Blocked actors, 0 Stopped actors, and 4 active threads.
Waiting for actors to stop.
Called postfire()
Called prefire()
Called fire()
Checking for deadlock:
There are 3 Blocked actors, 0 Stopped actors, and 4 active threads.
Waiting for actors to stop.
Read input token from inputA with value 3.0
Sent output token with value 3.0
Next port to read input from is inputB
Called postfire()
Called prefire()
Called fire()
Read input token from inputB with value 4.5
Checking for deadlock:
There are 2 Blocked actors, 0 Stopped actors, and 4 active threads.
Waiting for actors to stop.
Called postfire()
Called prefire()
Called fire()
-- Read input: 3.0, which is expected to match: 3.0
Called prefire()
Called fire()
Checking for deadlock:
There are 3 Blocked actors, 0 Stopped actors, and 4 active threads.
Waiting for actors to stop.
-- Read input: 3.0, which is expected to match: 3.0
Called prefire()
Called fire()
Checking for deadlock:
There are 3 Blocked actors, 0 Stopped actors, and 4 active threads.
Waiting for actors to stop.
Sent output token with value 3.0
Next port to read input from is inputA
Called postfire()
Called prefire()
Called fire()
Checking for deadlock:
There are 2 Blocked actors, 0 Stopped actors, and 4 active threads.
Waiting for actors to stop.
Called postfire()
Called prefire()
Called fire()
Checking for deadlock:
There are 3 Blocked actors, 0 Stopped actors, and 4 active threads.
Waiting for actors to stop.
Read input token from inputA with value 4.0
Checking for deadlock:
There are 2 Blocked actors, 0 Stopped actors, and 4 active threads.
Waiting for actors to stop.
-- Read input: 4.0, which is expected to match: 4.0
Called prefire()
Called fire()
Past the end of training data. Read and discard all inputs.
Checking for deadlock:
There are 3 Blocked actors, 0 Stopped actors, and 4 active threads.
Waiting for actors to stop.
Sent output token with value 4.0
Next port to read input from is inputA
Called postfire()
Called prefire()
Called fire()
Checking for deadlock:
There are 2 Blocked actors, 0 Stopped actors, and 4 active threads.
Waiting for actors to stop.
Called postfire()
Called prefire()
Called fire()
Checking for deadlock:
There are 3 Blocked actors, 0 Stopped actors, and 4 active threads.
Waiting for actors to stop.
Read input token from inputA with value 5.0
Checking for deadlock:
There are 2 Blocked actors, 0 Stopped actors, and 4 active threads.
Waiting for actors to stop.
Called prefire()
Called fire()
Past the end of training data. Read and discard all inputs.
Checking for deadlock:
There are 3 Blocked actors, 0 Stopped actors, and 4 active threads.
Waiting for actors to stop.
Sent output token with value 4.5
Next port to read input from is inputB
Called postfire()
Called prefire()
Called fire()
Checking for deadlock:
There are 2 Blocked actors, 0 Stopped actors, and 4 active threads.
Waiting for actors to stop.
Called postfire()
Called prefire()
Called fire()
Checking for deadlock:
There are 3 Blocked actors, 0 Stopped actors, and 4 active threads.
Waiting for actors to stop.
Read input token from inputB with value 6.0
Checking for deadlock:
There are 2 Blocked actors, 0 Stopped actors, and 4 active threads.
Waiting for actors to stop.
Called prefire()
Called fire()
Past the end of training data. Read and discard all inputs.
Checking for deadlock:
There are 3 Blocked actors, 0 Stopped actors, and 4 active threads.
Waiting for actors to stop.
Sent output token with value 5.0
Next port to read input from is inputA
Called postfire()
Called prefire()
Called fire()
Checking for deadlock:
There are 2 Blocked actors, 0 Stopped actors, and 4 active threads.
Waiting for actors to stop.
Called postfire()
Called prefire()
Called fire()
Checking for deadlock:
There are 3 Blocked actors, 0 Stopped actors, and 4 active threads.
Waiting for actors to stop.
Read input token from inputA with value 6.0
Checking for deadlock:
There are 2 Blocked actors, 0 Stopped actors, and 4 active threads.
Waiting for actors to stop.
Called prefire()
Called fire()
Past the end of training data. Read and discard all inputs.
Checking for deadlock:
There are 3 Blocked actors, 0 Stopped actors, and 4 active threads.
Waiting for actors to stop.
Sent output token with value 6.0
Next port to read input from is inputB
Called postfire()
Called prefire()
Called fire()
Called postfire()
Called prefire()
Called fire()
Checking for deadlock:
There are 3 Blocked actors, 0 Stopped actors, and 4 active threads.
Waiting for actors to stop.
Read input token from inputB with value 7.5
Called prefire()
Called fire()
Past the end of training data. Read and discard all inputs.
Checking for deadlock:
There are 3 Blocked actors, 0 Stopped actors, and 4 active threads.
Waiting for actors to stop.
Sent output token with value 6.0
Next port to read input from is inputA
Called postfire()
Called prefire()
Called fire()
Checking for deadlock:
There are 2 Blocked actors, 0 Stopped actors, and 4 active threads.
Waiting for actors to stop.
Called postfire()
Called prefire()
Called fire()
Checking for deadlock:
There are 3 Blocked actors, 0 Stopped actors, and 4 active threads.
Waiting for actors to stop.
Read input token from inputA with value 7.0
Checking for deadlock:
There are 2 Blocked actors, 0 Stopped actors, and 4 active threads.
Waiting for actors to stop.
Called prefire()
Called fire()
Past the end of training data. Read and discard all inputs.
Checking for deadlock:
There are 3 Blocked actors, 0 Stopped actors, and 4 active threads.
Waiting for actors to stop.
Sent output token with value 7.0
Next port to read input from is inputA
Called postfire()
Called prefire()
Called fire()
Checking for deadlock:
There are 2 Blocked actors, 0 Stopped actors, and 4 active threads.
Waiting for actors to stop.
-- Thread wrapup() called.
Called wrapup()
Thread .top.Ramp is exiting.
Checking for deadlock:
There are 2 Blocked actors, 0 Stopped actors, and 3 active threads.
Waiting for actors to stop.
-- Thread stopped.
Read input token from inputA with value 8.0
Called prefire()
Called fire()
Past the end of training data. Read and discard all inputs.
Checking for deadlock:
There are 2 Blocked actors, 0 Stopped actors, and 3 active threads.
Waiting for actors to stop.
Sent output token with value 7.5
Next port to read input from is inputB
Called postfire()
Called prefire()
Called fire()
Called postfire()
Called prefire()
Called fire()
Checking for deadlock:
There are 2 Blocked actors, 0 Stopped actors, and 3 active threads.
Waiting for actors to stop.
Read input token from inputB with value 9.0
Called prefire()
Called fire()
Past the end of training data. Read and discard all inputs.
Checking for deadlock:
There are 2 Blocked actors, 0 Stopped actors, and 3 active threads.
Waiting for actors to stop.
Sent output token with value 8.0
Next port to read input from is inputA
Called postfire()
Called prefire()
Called fire()
Read input token from inputA with value 9.0
Called prefire()
Called fire()
Past the end of training data. Read and discard all inputs.
Checking for deadlock:
There are 2 Blocked actors, 0 Stopped actors, and 3 active threads.
Waiting for actors to stop.
Sent output token with value 9.0
Next port to read input from is inputB
Called postfire()
Called prefire()
Called fire()
Checking for deadlock:
There are 1 Blocked actors, 0 Stopped actors, and 3 active threads.
Waiting for actors to stop.
Called postfire()
Called prefire()
Called fire()
Checking for deadlock:
There are 2 Blocked actors, 0 Stopped actors, and 3 active threads.
Waiting for actors to stop.
Read input token from inputB with value 10.5
Checking for deadlock:
There are 1 Blocked actors, 0 Stopped actors, and 3 active threads.
Waiting for actors to stop.
Called prefire()
Called fire()
Past the end of training data. Read and discard all inputs.
Checking for deadlock:
There are 2 Blocked actors, 0 Stopped actors, and 3 active threads.
Waiting for actors to stop.
Sent output token with value 9.0
Next port to read input from is inputA
Called postfire()
Called prefire()
Called fire()
Checking for deadlock:
There are 3 Blocked actors, 0 Stopped actors, and 3 active threads.
Actors have stopped.
Checking for deadlock:
There are 3 Blocked actors, 0 Stopped actors, and 3 active threads.
Deadlock detected.
Resolving Deadlock
Checking for deadlock:
There are 3 Blocked actors, 0 Stopped actors, and 3 active threads.
Artificial Deadlock - increasing queue capacity.
increasing the capacity of receiver ptolemy.actor.TypedIOPort {.top.OrderedMerge.inputB} to 2
Director: Called postfire().
Called postfire().
_stopRequested = false
_stopFireRequested = false
Returning from postfire(): true
Called fire().
Checking for deadlock:
There are 2 Blocked actors, 0 Stopped actors, and 3 active threads.
Waiting for actors to stop.
-- Thread wrapup() called.
Called wrapup()
Thread .top.Ramp2 is exiting.
-- Thread stopped.
Checking for deadlock:
There are 2 Blocked actors, 0 Stopped actors, and 2 active threads.
Actors have stopped.
Checking for deadlock:
There are 2 Blocked actors, 0 Stopped actors, and 2 active threads.
Deadlock detected.
Resolving Deadlock
Checking for deadlock:
There are 2 Blocked actors, 0 Stopped actors, and 2 active threads.
Deadlock detected: no processes blocked on write, but some are blocked on read.
Called postfire().
_stopRequested = false
_stopFireRequested = false
Returning from postfire(): false
Finished deactivating branches.
Called wrapup().
-- Thread wrapup() called.
Called wrapup()
-- Thread wrapup() called.
Called wrapup()
Thread .top.Test is exiting.
-- Thread stopped.
-- Blocked Receiver call threw TerminateProcessException.
Thread .top.OrderedMerge is exiting.
-- Thread stopped.
-- Blocked Receiver call threw TerminateProcessException.
37 ms. Memory: 145408K Free: 113556K (78%)
/home/travis/build/icyphy/ptII/ptolemy/actor/lib/test/Publisher.tcl
15 ms. Memory: 145408K Free: 107412K (74%)
6 ms. Memory: 145408K Free: 101778K (70%)
7 ms. Memory: 145408K Free: 98196K (68%)
6 ms. Memory: 145408K Free: 97172K (67%)
11 ms. Memory: 145408K Free: 129816K (89%)
14 ms. Memory: 145408K Free: 129383K (89%)
3 ms. Memory: 145408K Free: 128359K (88%)
36 ms. Memory: 145408K Free: 127335K (88%)
16 ms. Memory: 145408K Free: 117605K (81%)
3 ms. Memory: 145408K Free: 114023K (78%)
2 ms. Memory: 145408K Free: 112999K (78%)
4 ms. Memory: 145408K Free: 110951K (76%)
7 ms. Memory: 145408K Free: 103269K (71%)
6 ms. Memory: 145408K Free: 93543K (64%)
11 ms. Memory: 145408K Free: 82789K (57%)
/home/travis/build/icyphy/ptII/ptolemy/actor/lib/test/Pulse.tcl
5 ms. Memory: 145408K Free: 111231K (76%)
9 ms. Memory: 145408K Free: 110721K (76%)
2 ms. Memory: 145408K Free: 110207K (76%)
1 ms. Memory: 145408K Free: 109697K (75%)
1 ms. Memory: 145408K Free: 109183K (75%)
5 ms. Memory: 145408K Free: 108159K (74%)
3 ms. Memory: 145408K Free: 107135K (74%)
2 ms. Memory: 145408K Free: 106625K (73%)
1 ms. Memory: 145408K Free: 105601K (73%)
/home/travis/build/icyphy/ptII/ptolemy/actor/lib/test/Ramp.tcl
8 ms. Memory: 145408K Free: 104049K (72%)
2 ms. Memory: 145408K Free: 103033K (71%)
1 ms. Memory: 145408K Free: 102529K (71%)
13 ms. Memory: 145408K Free: 101505K (70%)
3 ms. Memory: 145408K Free: 100977K (69%)
4 ms. Memory: 145408K Free: 99967K (69%)
5 ms. Memory: 145408K Free: 98943K (68%)
5 actors
5000 microseconds per iteration to create
5 ms. Memory: 145408K Free: 96385K (66%)
1 ms. Memory: 145408K Free: 95857K (66%)
2 ms. Memory: 145408K Free: 94833K (65%)
2 ms. Memory: 145408K Free: 94337K (65%)
50 actors
52000 microseconds per iteration to create
36 ms. Memory: 145408K Free: 78977K (54%)
16 ms. Memory: 145408K Free: 77953K (54%)
14 ms. Memory: 145408K Free: 76929K (53%)
8 ms. Memory: 145408K Free: 75905K (52%)
500 actors
1704000 microseconds per iteration to create
227 ms. Memory: 175104K Free: 91080K (52%)
42 ms. Memory: 175104K Free: 85960K (49%)
41 ms. Memory: 175104K Free: 80330K (46%)
38 ms. Memory: 175104K Free: 75210K (43%)
/home/travis/build/icyphy/ptII/ptolemy/actor/lib/test/RampContinuous.tcl
9 ms. Memory: 175104K Free: 73658K (42%)
/home/travis/build/icyphy/ptII/ptolemy/actor/lib/test/RecordAssembler.tcl
5 ms. Memory: 175104K Free: 72138K (41%)
3 ms. Memory: 175104K Free: 71114K (41%)
/home/travis/build/icyphy/ptII/ptolemy/actor/lib/test/RecordDisassembler.tcl
7 ms. Memory: 175104K Free: 69570K (40%)
3 ms. Memory: 175104K Free: 69066K (39%)
4 ms. Memory: 175104K Free: 67528K (39%)
/home/travis/build/icyphy/ptII/ptolemy/actor/lib/test/Scale.tcl
3 ms. Memory: 175104K Free: 65994K (38%)
1 ms. Memory: 175104K Free: 64970K (37%)
2 ms. Memory: 175104K Free: 64426K (37%)
2 ms. Memory: 175104K Free: 63432K (36%)
3 ms. Memory: 175104K Free: 62394K (36%)
/home/travis/build/icyphy/ptII/ptolemy/actor/lib/test/SequentialClock.tcl
preinitializing
resolving types
initializing
executing number 1
wrapping up
idle
2 ms. Memory: 175104K Free: 61384K (35%)
Completed execution with 5 iterations
preinitializing
resolving types
initializing
executing number 1
wrapping up
idle
1 ms. Memory: 175104K Free: 60346K (34%)
Completed execution with 5 iterations
preinitializing
resolving types
initializing
executing number 1
wrapping up
idle
1 ms. Memory: 175104K Free: 59850K (34%)
Completed execution with 5 iterations
/home/travis/build/icyphy/ptII/ptolemy/actor/lib/test/SetVariable.tcl
4 ms. Memory: 175104K Free: 57802K (33%)


==== $PTII/ptolemy/actor/lib/test/SetVariable.tcl: SetVariable-3.1 changeFailed
==== Contents of test case:

    #Uses 2.1 above
    jdkCaptureErr {
        # This test was failing if we ran Exit.tcl and then this test.
        # MessageHandler.error() now actually throws the Exception.
	catch {$setVariable changeFailed [java::null]  [java::new Exception {Test exception for SetVariable.changeFailed()}]} errMsg
    } results
    list [string range $results 0 89] "\n" $errMsg

==== Result was:
{java.lang.Exception: Test exception for SetVariable.changeFailed()
	at java.base/jdk.inter} {
} {java.lang.RuntimeException: java.lang.Exception: Test exception for SetVariable.changeFailed()}
---- Result should have been:
{Failed to set variable.
java.lang.Exception: Test exception for SetVariable.changeFailed()} {
} {java.lang.RuntimeException: java.lang.Exception: Test exception for SetVariable.changeFailed()}
---- SetVariable-3.1 FAILED
/home/travis/build/icyphy/ptII/ptolemy/actor/lib/test/Sinewave.tcl
/home/travis/build/icyphy/ptII/ptolemy/actor/lib/test/SubscriptionAggregator.tcl
4 ms. Memory: 175104K Free: 141192K (81%)
2 ms. Memory: 175104K Free: 140183K (80%)
1 ms. Memory: 175104K Free: 140166K (80%)
1 ms. Memory: 175104K Free: 139673K (80%)
2 ms. Memory: 175104K Free: 136072K (78%)
8 ms. Memory: 175104K Free: 134039K (77%)
...............................................................1136 ms. Memory: 249856K Free: 134190K (54%)
/home/travis/build/icyphy/ptII/ptolemy/actor/lib/test/Test.tcl
 The next command will produce a warning about training mode,
   which may be ignored.
4 ms. Memory: 249856K Free: 132144K (53%)
8 ms. Memory: 249856K Free: 131615K (53%)
2 ms. Memory: 249856K Free: 130606K (52%)
1 ms. Memory: 249856K Free: 130096K (52%)
2 ms. Memory: 249856K Free: 129567K (52%)
2 ms. Memory: 249856K Free: 128551K (51%)
3 ms. Memory: 249856K Free: 127024K (51%)
 The next command will produce a warning about training mode,
   which may be ignored.
12 ms. Memory: 249856K Free: 124447K (50%)
 The next command will produce a warning about training mode,
   which may be ignored.
11 ms. Memory: 249856K Free: 123407K (49%)
1 ms. Memory: 249856K Free: 122928K (49%)
1 ms. Memory: 249856K Free: 122414K (49%)
1 ms. Memory: 249856K Free: 121904K (49%)
7 ms. Memory: 249856K Free: 120880K (48%)
5 ms. Memory: 249856K Free: 117263K (47%)
/home/travis/build/icyphy/ptII/ptolemy/actor/lib/test/TestExceptionHandler.tcl
 The next command will produce a warning about training mode,
   which may be ignored.
2 ms. Memory: 249856K Free: 115760K (46%)
1 ms. Memory: 249856K Free: 115215K (46%)
1 ms. Memory: 249856K Free: 114736K (46%)
/home/travis/build/icyphy/ptII/ptolemy/actor/lib/test/UnionDisassembler.tcl
25 ms. Memory: 249856K Free: 107568K (43%)
/home/travis/build/icyphy/ptII/ptolemy/actor/lib/test/VariableClock.tcl
preinitializing
resolving types
initializing
executing number 1
wrapping up
idle
3 ms. Memory: 249856K Free: 105520K (42%)
Completed execution with 11 iterations
preinitializing
resolving types
initializing
executing number 1
wrapping up
idle
8 ms. Memory: 249856K Free: 103974K (42%)
Completed execution with 10 iterations
10/18/19 06:03:47
Failed: 1  Total Tests: 234  ((Passed: 233, Newly Passed: 0)  Known Failed: 0) /home/travis/build/icyphy/ptII/ptolemy/actor/lib/test
----------------- testing (KnownFailure) /home/travis/build/icyphy/ptII/ptolemy/actor/lib/test/auto/knownFailedTests/PublisherPortToplevelSubscriber.xml
1 ms. Memory: 249856K Free: 100910K (40%)
Known Failure: java.lang.reflect.InvocationTargetException
----------------- testing (KnownFailure) /home/travis/build/icyphy/ptII/ptolemy/actor/lib/test/auto/knownFailedTests/PublisherSubscriberPortToplevel.xml
0 ms. Memory: 249856K Free: 96304K (39%)
Known Failure: java.lang.reflect.InvocationTargetException
----------------- testing (KnownFailure) /home/travis/build/icyphy/ptII/ptolemy/actor/lib/test/auto/knownFailedTests/PublisherSubscriptionAggregatorPort.xml
0 ms. Memory: 249856K Free: 92208K (37%)
Known Failure: java.lang.reflect.InvocationTargetException
----------------- testing (KnownFailure) /home/travis/build/icyphy/ptII/ptolemy/actor/lib/test/auto/knownFailedTests/sizedarray3.xml
4 ms. Memory: 249856K Free: 88112K (35%)
Known Failure: java.lang.reflect.InvocationTargetException
No auto/linux-amd64/*.xml tests in /home/travis/build/icyphy/ptII/ptolemy/actor/lib/test
AutoTests.java: About to close Vertx.
AutoTests.java: Vertx closed.

===========================================================================================
----------------- testing Fri Oct 18 06:03:47 UTC 2019 /home/travis/build/icyphy/ptII/ptolemy/actor/lib/test/auto/AbsoluteValue.xml
----------------- Instantiating /home/travis/build/icyphy/ptII/ptolemy/actor/lib/test/auto/AbsoluteValue.xml
4 ms. Memory: 249856K Free: 191200K (77%)
----------------- Invoking toplevel() on ptolemy.moml.MoMLSimpleApplication@285bb59f
----------------- Done invoking toplevel() on ptolemy.moml.MoMLSimpleApplication@285bb59f
reloadAllAccessors: .AbsoluteValue

===========================================================================================
----------------- testing Fri Oct 18 06:03:48 UTC 2019 /home/travis/build/icyphy/ptII/ptolemy/actor/lib/test/auto/AbsoluteValue2.xml
----------------- Instantiating /home/travis/build/icyphy/ptII/ptolemy/actor/lib/test/auto/AbsoluteValue2.xml
5 ms. Memory: 249856K Free: 184542K (74%)
----------------- Invoking toplevel() on ptolemy.moml.MoMLSimpleApplication@6aa470f1
----------------- Done invoking toplevel() on ptolemy.moml.MoMLSimpleApplication@6aa470f1
reloadAllAccessors: .AbsoluteValue2

===========================================================================================
----------------- testing Fri Oct 18 06:03:48 UTC 2019 /home/travis/build/icyphy/ptII/ptolemy/actor/lib/test/auto/Accumulator.xml
----------------- Instantiating /home/travis/build/icyphy/ptII/ptolemy/actor/lib/test/auto/Accumulator.xml
6 ms. Memory: 249856K Free: 177888K (71%)
----------------- Invoking toplevel() on ptolemy.moml.MoMLSimpleApplication@3c176c3b
----------------- Done invoking toplevel() on ptolemy.moml.MoMLSimpleApplication@3c176c3b
reloadAllAccessors: .Accumulator

===========================================================================================
----------------- testing Fri Oct 18 06:03:48 UTC 2019 /home/travis/build/icyphy/ptII/ptolemy/actor/lib/test/auto/Accumulator2.xml
----------------- Instantiating /home/travis/build/icyphy/ptII/ptolemy/actor/lib/test/auto/Accumulator2.xml
9 ms. Memory: 249856K Free: 172768K (69%)
----------------- Invoking toplevel() on ptolemy.moml.MoMLSimpleApplication@2d451e8f
----------------- Done invoking toplevel() on ptolemy.moml.MoMLSimpleApplication@2d451e8f
reloadAllAccessors: .Accumulator2

===========================================================================================
----------------- testing Fri Oct 18 06:03:48 UTC 2019 /home/travis/build/icyphy/ptII/ptolemy/actor/lib/test/auto/Accumulator3.xml
----------------- Instantiating /home/travis/build/icyphy/ptII/ptolemy/actor/lib/test/auto/Accumulator3.xml
2 ms. Memory: 249856K Free: 168158K (67%)
----------------- Invoking toplevel() on ptolemy.moml.MoMLSimpleApplication@6d8896f8
----------------- Done invoking toplevel() on ptolemy.moml.MoMLSimpleApplication@6d8896f8
reloadAllAccessors: .Accumulator3

===========================================================================================
----------------- testing Fri Oct 18 06:03:48 UTC 2019 /home/travis/build/icyphy/ptII/ptolemy/actor/lib/test/auto/ArrayAppend.xml
----------------- Instantiating /home/travis/build/icyphy/ptII/ptolemy/actor/lib/test/auto/ArrayAppend.xml
7 ms. Memory: 249856K Free: 161999K (65%)
----------------- Invoking toplevel() on ptolemy.moml.MoMLSimpleApplication@70986633
----------------- Done invoking toplevel() on ptolemy.moml.MoMLSimpleApplication@70986633
reloadAllAccessors: .ArrayAppend

===========================================================================================
----------------- testing Fri Oct 18 06:03:48 UTC 2019 /home/travis/build/icyphy/ptII/ptolemy/actor/lib/test/auto/ArrayAppend2.xml
----------------- Instantiating /home/travis/build/icyphy/ptII/ptolemy/actor/lib/test/auto/ArrayAppend2.xml
468 ms. Memory: 461824K Free: 399217K (86%)
----------------- Invoking toplevel() on ptolemy.moml.MoMLSimpleApplication@9f1f532
----------------- Done invoking toplevel() on ptolemy.moml.MoMLSimpleApplication@9f1f532
reloadAllAccessors: .ArrayAppend2

===========================================================================================
----------------- testing Fri Oct 18 06:03:48 UTC 2019 /home/travis/build/icyphy/ptII/ptolemy/actor/lib/test/auto/ArrayAppend3.xml
----------------- Instantiating /home/travis/build/icyphy/ptII/ptolemy/actor/lib/test/auto/ArrayAppend3.xml
4 ms. Memory: 461824K Free: 393073K (85%)
----------------- Invoking toplevel() on ptolemy.moml.MoMLSimpleApplication@59a76fb8
----------------- Done invoking toplevel() on ptolemy.moml.MoMLSimpleApplication@59a76fb8
reloadAllAccessors: .ArrayAppend3

===========================================================================================
----------------- testing Fri Oct 18 06:03:48 UTC 2019 /home/travis/build/icyphy/ptII/ptolemy/actor/lib/test/auto/ArrayAppend4.xml
----------------- Instantiating /home/travis/build/icyphy/ptII/ptolemy/actor/lib/test/auto/ArrayAppend4.xml
3 ms. Memory: 461824K Free: 387953K (84%)
----------------- Invoking toplevel() on ptolemy.moml.MoMLSimpleApplication@13c510c2
----------------- Done invoking toplevel() on ptolemy.moml.MoMLSimpleApplication@13c510c2
reloadAllAccessors: .ArrayAppend4

===========================================================================================
----------------- testing Fri Oct 18 06:03:48 UTC 2019 /home/travis/build/icyphy/ptII/ptolemy/actor/lib/test/auto/ArrayAppend5.xml
----------------- Instantiating /home/travis/build/icyphy/ptII/ptolemy/actor/lib/test/auto/ArrayAppend5.xml
3 ms. Memory: 461824K Free: 382319K (83%)
----------------- Invoking toplevel() on ptolemy.moml.MoMLSimpleApplication@6fa7f71a
----------------- Done invoking toplevel() on ptolemy.moml.MoMLSimpleApplication@6fa7f71a
reloadAllAccessors: .ArrayAppend5

===========================================================================================
----------------- testing Fri Oct 18 06:03:48 UTC 2019 /home/travis/build/icyphy/ptII/ptolemy/actor/lib/test/auto/ArrayAppend6.xml
----------------- Instantiating /home/travis/build/icyphy/ptII/ptolemy/actor/lib/test/auto/ArrayAppend6.xml
4 ms. Memory: 461824K Free: 377199K (82%)
----------------- Invoking toplevel() on ptolemy.moml.MoMLSimpleApplication@77a69827
----------------- Done invoking toplevel() on ptolemy.moml.MoMLSimpleApplication@77a69827
reloadAllAccessors: .ArrayAppend6

===========================================================================================
----------------- testing Fri Oct 18 06:03:48 UTC 2019 /home/travis/build/icyphy/ptII/ptolemy/actor/lib/test/auto/ArrayAppendPerformanceTest.xml
----------------- Instantiating /home/travis/build/icyphy/ptII/ptolemy/actor/lib/test/auto/ArrayAppendPerformanceTest.xml
43 ms. Memory: 461824K Free: 365935K (79%)
----------------- Invoking toplevel() on ptolemy.moml.MoMLSimpleApplication@e396f72
----------------- Done invoking toplevel() on ptolemy.moml.MoMLSimpleApplication@e396f72
reloadAllAccessors: .ArrayAppendPerformanceTest

===========================================================================================
----------------- testing Fri Oct 18 06:03:48 UTC 2019 /home/travis/build/icyphy/ptII/ptolemy/actor/lib/test/auto/ArrayAppendWithEmptyInput.xml
----------------- Instantiating /home/travis/build/icyphy/ptII/ptolemy/actor/lib/test/auto/ArrayAppendWithEmptyInput.xml
14 ms. Memory: 461824K Free: 358257K (78%)
----------------- Invoking toplevel() on ptolemy.moml.MoMLSimpleApplication@4a3215a9
----------------- Done invoking toplevel() on ptolemy.moml.MoMLSimpleApplication@4a3215a9
reloadAllAccessors: .ArrayAppendWithEmptyInput

===========================================================================================
----------------- testing Fri Oct 18 06:03:49 UTC 2019 /home/travis/build/icyphy/ptII/ptolemy/actor/lib/test/auto/ArrayAverage.xml
----------------- Instantiating /home/travis/build/icyphy/ptII/ptolemy/actor/lib/test/auto/ArrayAverage.xml
6 ms. Memory: 461824K Free: 350575K (76%)
----------------- Invoking toplevel() on ptolemy.moml.MoMLSimpleApplication@79414072
----------------- Done invoking toplevel() on ptolemy.moml.MoMLSimpleApplication@79414072
reloadAllAccessors: .ArrayAverage

===========================================================================================
----------------- testing Fri Oct 18 06:03:49 UTC 2019 /home/travis/build/icyphy/ptII/ptolemy/actor/lib/test/auto/ArrayContains.xml
----------------- Instantiating /home/travis/build/icyphy/ptII/ptolemy/actor/lib/test/auto/ArrayContains.xml
2 ms. Memory: 461824K Free: 344431K (75%)
----------------- Invoking toplevel() on ptolemy.moml.MoMLSimpleApplication@573c9d93
----------------- Done invoking toplevel() on ptolemy.moml.MoMLSimpleApplication@573c9d93
reloadAllAccessors: .ArrayContains

===========================================================================================
----------------- testing Fri Oct 18 06:03:49 UTC 2019 /home/travis/build/icyphy/ptII/ptolemy/actor/lib/test/auto/ArrayElement.xml
----------------- Instantiating /home/travis/build/icyphy/ptII/ptolemy/actor/lib/test/auto/ArrayElement.xml
13 ms. Memory: 461824K Free: 339281K (73%)
----------------- Invoking toplevel() on ptolemy.moml.MoMLSimpleApplication@15f22234
----------------- Done invoking toplevel() on ptolemy.moml.MoMLSimpleApplication@15f22234
reloadAllAccessors: .ArrayElement

===========================================================================================
----------------- testing Fri Oct 18 06:03:49 UTC 2019 /home/travis/build/icyphy/ptII/ptolemy/actor/lib/test/auto/ArrayElementAsMatrix.xml
----------------- Instantiating /home/travis/build/icyphy/ptII/ptolemy/actor/lib/test/auto/ArrayElementAsMatrix.xml
24 ms. Memory: 461824K Free: 329071K (71%)
----------------- Invoking toplevel() on ptolemy.moml.MoMLSimpleApplication@374390d2
----------------- Done invoking toplevel() on ptolemy.moml.MoMLSimpleApplication@374390d2
reloadAllAccessors: .ArrayElementAsMatrix

===========================================================================================
----------------- testing Fri Oct 18 06:03:49 UTC 2019 /home/travis/build/icyphy/ptII/ptolemy/actor/lib/test/auto/ArrayElementI.xml
----------------- Instantiating /home/travis/build/icyphy/ptII/ptolemy/actor/lib/test/auto/ArrayElementI.xml
4 ms. Memory: 461824K Free: 323951K (70%)
----------------- Invoking toplevel() on ptolemy.moml.MoMLSimpleApplication@2869493b
----------------- Done invoking toplevel() on ptolemy.moml.MoMLSimpleApplication@2869493b
reloadAllAccessors: .ArrayElementI

===========================================================================================
----------------- testing Fri Oct 18 06:03:49 UTC 2019 /home/travis/build/icyphy/ptII/ptolemy/actor/lib/test/auto/ArrayExtract.xml
----------------- Instantiating /home/travis/build/icyphy/ptII/ptolemy/actor/lib/test/auto/ArrayExtract.xml
8 ms. Memory: 461824K Free: 315249K (68%)
----------------- Invoking toplevel() on ptolemy.moml.MoMLSimpleApplication@6aa56f90
----------------- Done invoking toplevel() on ptolemy.moml.MoMLSimpleApplication@6aa56f90
reloadAllAccessors: .ArrayExtract

===========================================================================================
----------------- testing Fri Oct 18 06:03:49 UTC 2019 /home/travis/build/icyphy/ptII/ptolemy/actor/lib/test/auto/ArrayExtract2.xml
----------------- Instantiating /home/travis/build/icyphy/ptII/ptolemy/actor/lib/test/auto/ArrayExtract2.xml
3 ms. Memory: 461824K Free: 310129K (67%)
----------------- Invoking toplevel() on ptolemy.moml.MoMLSimpleApplication@1a78eaa1
----------------- Done invoking toplevel() on ptolemy.moml.MoMLSimpleApplication@1a78eaa1
reloadAllAccessors: .ArrayExtract2

===========================================================================================
----------------- testing Fri Oct 18 06:03:49 UTC 2019 /home/travis/build/icyphy/ptII/ptolemy/actor/lib/test/auto/ArrayLength.xml
----------------- Instantiating /home/travis/build/icyphy/ptII/ptolemy/actor/lib/test/auto/ArrayLength.xml
2 ms. Memory: 461824K Free: 306033K (66%)
----------------- Invoking toplevel() on ptolemy.moml.MoMLSimpleApplication@62202fc8
----------------- Done invoking toplevel() on ptolemy.moml.MoMLSimpleApplication@62202fc8
reloadAllAccessors: .ArrayLength

===========================================================================================
----------------- testing Fri Oct 18 06:03:49 UTC 2019 /home/travis/build/icyphy/ptII/ptolemy/actor/lib/test/auto/ArrayLevelCrossing.xml
----------------- Instantiating /home/travis/build/icyphy/ptII/ptolemy/actor/lib/test/auto/ArrayLevelCrossing.xml
7 ms. Memory: 461824K Free: 298351K (65%)
----------------- Invoking toplevel() on ptolemy.moml.MoMLSimpleApplication@7a14c3fe
----------------- Done invoking toplevel() on ptolemy.moml.MoMLSimpleApplication@7a14c3fe
reloadAllAccessors: .ArrayLevelCrossing

===========================================================================================
----------------- testing Fri Oct 18 06:03:49 UTC 2019 /home/travis/build/icyphy/ptII/ptolemy/actor/lib/test/auto/ArrayLevelCrossing2.xml
----------------- Instantiating /home/travis/build/icyphy/ptII/ptolemy/actor/lib/test/auto/ArrayLevelCrossing2.xml
6 ms. Memory: 461824K Free: 290673K (63%)
----------------- Invoking toplevel() on ptolemy.moml.MoMLSimpleApplication@67dab7d
----------------- Done invoking toplevel() on ptolemy.moml.MoMLSimpleApplication@67dab7d
reloadAllAccessors: .ArrayLevelCrossing2

===========================================================================================
----------------- testing Fri Oct 18 06:03:49 UTC 2019 /home/travis/build/icyphy/ptII/ptolemy/actor/lib/test/auto/ArrayPeakSearch.xml
----------------- Instantiating /home/travis/build/icyphy/ptII/ptolemy/actor/lib/test/auto/ArrayPeakSearch.xml
6 ms. Memory: 461824K Free: 281967K (61%)
----------------- Invoking toplevel() on ptolemy.moml.MoMLSimpleApplication@2475dfb2
----------------- Done invoking toplevel() on ptolemy.moml.MoMLSimpleApplication@2475dfb2
reloadAllAccessors: .ArrayPeakSearch

===========================================================================================
----------------- testing Fri Oct 18 06:03:49 UTC 2019 /home/travis/build/icyphy/ptII/ptolemy/actor/lib/test/auto/ArrayPeakSearch2.xml
----------------- Instantiating /home/travis/build/icyphy/ptII/ptolemy/actor/lib/test/auto/ArrayPeakSearch2.xml
5 ms. Memory: 461824K Free: 271217K (59%)
----------------- Invoking toplevel() on ptolemy.moml.MoMLSimpleApplication@4fbefaeb
----------------- Done invoking toplevel() on ptolemy.moml.MoMLSimpleApplication@4fbefaeb
reloadAllAccessors: .ArrayPeakSearch2

===========================================================================================
----------------- testing Fri Oct 18 06:03:49 UTC 2019 /home/travis/build/icyphy/ptII/ptolemy/actor/lib/test/auto/ArrayPeakSearch3.xml
----------------- Instantiating /home/travis/build/icyphy/ptII/ptolemy/actor/lib/test/auto/ArrayPeakSearch3.xml
5 ms. Memory: 461824K Free: 262511K (57%)
----------------- Invoking toplevel() on ptolemy.moml.MoMLSimpleApplication@b47e55c
----------------- Done invoking toplevel() on ptolemy.moml.MoMLSimpleApplication@b47e55c
reloadAllAccessors: .ArrayPeakSearch3

===========================================================================================
----------------- testing Fri Oct 18 06:03:49 UTC 2019 /home/travis/build/icyphy/ptII/ptolemy/actor/lib/test/auto/ArrayRemoveElement.xml
----------------- Instantiating /home/travis/build/icyphy/ptII/ptolemy/actor/lib/test/auto/ArrayRemoveElement.xml
4 ms. Memory: 461824K Free: 254319K (55%)
----------------- Invoking toplevel() on ptolemy.moml.MoMLSimpleApplication@42320e06
----------------- Done invoking toplevel() on ptolemy.moml.MoMLSimpleApplication@42320e06
reloadAllAccessors: .ArrayRemoveElement

===========================================================================================
----------------- testing Fri Oct 18 06:03:49 UTC 2019 /home/travis/build/icyphy/ptII/ptolemy/actor/lib/test/auto/ArraySort.xml
----------------- Instantiating /home/travis/build/icyphy/ptII/ptolemy/actor/lib/test/auto/ArraySort.xml
7 ms. Memory: 461824K Free: 245617K (53%)
----------------- Invoking toplevel() on ptolemy.moml.MoMLSimpleApplication@68e456c5
----------------- Done invoking toplevel() on ptolemy.moml.MoMLSimpleApplication@68e456c5
reloadAllAccessors: .ArraySort

===========================================================================================
----------------- testing Fri Oct 18 06:03:49 UTC 2019 /home/travis/build/icyphy/ptII/ptolemy/actor/lib/test/auto/ArraySum.xml
----------------- Instantiating /home/travis/build/icyphy/ptII/ptolemy/actor/lib/test/auto/ArraySum.xml
3 ms. Memory: 461824K Free: 240497K (52%)
----------------- Invoking toplevel() on ptolemy.moml.MoMLSimpleApplication@5c672349
----------------- Done invoking toplevel() on ptolemy.moml.MoMLSimpleApplication@5c672349
reloadAllAccessors: .ArraySum

===========================================================================================
----------------- testing Fri Oct 18 06:03:49 UTC 2019 /home/travis/build/icyphy/ptII/ptolemy/actor/lib/test/auto/ArrayToElements.xml
----------------- Instantiating /home/travis/build/icyphy/ptII/ptolemy/actor/lib/test/auto/ArrayToElements.xml
9 ms. Memory: 461824K Free: 234863K (51%)
----------------- Invoking toplevel() on ptolemy.moml.MoMLSimpleApplication@57e64326
----------------- Done invoking toplevel() on ptolemy.moml.MoMLSimpleApplication@57e64326
reloadAllAccessors: .ArrayToElements

===========================================================================================
----------------- testing Fri Oct 18 06:03:49 UTC 2019 /home/travis/build/icyphy/ptII/ptolemy/actor/lib/test/auto/ArrayToMatrix.xml
----------------- Instantiating /home/travis/build/icyphy/ptII/ptolemy/actor/lib/test/auto/ArrayToMatrix.xml
13 ms. Memory: 461824K Free: 221041K (48%)
----------------- Invoking toplevel() on ptolemy.moml.MoMLSimpleApplication@2206510f
----------------- Done invoking toplevel() on ptolemy.moml.MoMLSimpleApplication@2206510f
reloadAllAccessors: .ArrayToMatrix

===========================================================================================
----------------- testing Fri Oct 18 06:03:49 UTC 2019 /home/travis/build/icyphy/ptII/ptolemy/actor/lib/test/auto/ArrayUpdate1.xml
----------------- Instantiating /home/travis/build/icyphy/ptII/ptolemy/actor/lib/test/auto/ArrayUpdate1.xml
4 ms. Memory: 461824K Free: 215921K (47%)
----------------- Invoking toplevel() on ptolemy.moml.MoMLSimpleApplication@45e67497
----------------- Done invoking toplevel() on ptolemy.moml.MoMLSimpleApplication@45e67497
reloadAllAccessors: .ArrayUpdate1

===========================================================================================
----------------- testing Fri Oct 18 06:03:49 UTC 2019 /home/travis/build/icyphy/ptII/ptolemy/actor/lib/test/auto/ArrayUpdate2.xml
----------------- Instantiating /home/travis/build/icyphy/ptII/ptolemy/actor/lib/test/auto/ArrayUpdate2.xml
6 ms. Memory: 461824K Free: 209777K (45%)
----------------- Invoking toplevel() on ptolemy.moml.MoMLSimpleApplication@1398fe9d
----------------- Done invoking toplevel() on ptolemy.moml.MoMLSimpleApplication@1398fe9d
reloadAllAccessors: .ArrayUpdate2

===========================================================================================
----------------- testing Fri Oct 18 06:03:49 UTC 2019 /home/travis/build/icyphy/ptII/ptolemy/actor/lib/test/auto/ArrayUpdate3.xml
----------------- Instantiating /home/travis/build/icyphy/ptII/ptolemy/actor/lib/test/auto/ArrayUpdate3.xml
9 ms. Memory: 461824K Free: 204657K (44%)
----------------- Invoking toplevel() on ptolemy.moml.MoMLSimpleApplication@131f98b2
----------------- Done invoking toplevel() on ptolemy.moml.MoMLSimpleApplication@131f98b2
reloadAllAccessors: .ArrayUpdate3

===========================================================================================
----------------- testing Fri Oct 18 06:03:50 UTC 2019 /home/travis/build/icyphy/ptII/ptolemy/actor/lib/test/auto/Assert1.xml
----------------- Instantiating /home/travis/build/icyphy/ptII/ptolemy/actor/lib/test/auto/Assert1.xml
5 ms. Memory: 461824K Free: 200561K (43%)
----------------- Invoking toplevel() on ptolemy.moml.MoMLSimpleApplication@57c0b0dd
----------------- Done invoking toplevel() on ptolemy.moml.MoMLSimpleApplication@57c0b0dd
reloadAllAccessors: .Assert1

===========================================================================================
----------------- testing Fri Oct 18 06:03:50 UTC 2019 /home/travis/build/icyphy/ptII/ptolemy/actor/lib/test/auto/Assert2.xml
----------------- Instantiating /home/travis/build/icyphy/ptII/ptolemy/actor/lib/test/auto/Assert2.xml
2 ms. Memory: 461824K Free: 194927K (42%)
----------------- Invoking toplevel() on ptolemy.moml.MoMLSimpleApplication@34f97d67
----------------- Done invoking toplevel() on ptolemy.moml.MoMLSimpleApplication@34f97d67
reloadAllAccessors: .Assert2

===========================================================================================
----------------- testing Fri Oct 18 06:03:50 UTC 2019 /home/travis/build/icyphy/ptII/ptolemy/actor/lib/test/auto/BooleanMultiplexor.xml
----------------- Instantiating /home/travis/build/icyphy/ptII/ptolemy/actor/lib/test/auto/BooleanMultiplexor.xml
9 ms. Memory: 461824K Free: 413949K (90%)
----------------- Invoking toplevel() on ptolemy.moml.MoMLSimpleApplication@51b5887a
----------------- Done invoking toplevel() on ptolemy.moml.MoMLSimpleApplication@51b5887a
reloadAllAccessors: .BooleanMultiplexor

===========================================================================================
----------------- testing Fri Oct 18 06:03:50 UTC 2019 /home/travis/build/icyphy/ptII/ptolemy/actor/lib/test/auto/BooleanMultiplexor2.xml
----------------- Instantiating /home/travis/build/icyphy/ptII/ptolemy/actor/lib/test/auto/BooleanMultiplexor2.xml
11 ms. Memory: 461824K Free: 406949K (88%)
----------------- Invoking toplevel() on ptolemy.moml.MoMLSimpleApplication@2f565879
----------------- Done invoking toplevel() on ptolemy.moml.MoMLSimpleApplication@2f565879
reloadAllAccessors: .BooleanMultiplexor2

===========================================================================================
----------------- testing Fri Oct 18 06:03:50 UTC 2019 /home/travis/build/icyphy/ptII/ptolemy/actor/lib/test/auto/BooleanMultiplexor3.xml
----------------- Instantiating /home/travis/build/icyphy/ptII/ptolemy/actor/lib/test/auto/BooleanMultiplexor3.xml
1 ms. Memory: 461824K Free: 402858K (87%)
----------------- Invoking toplevel() on ptolemy.moml.MoMLSimpleApplication@47e90b32
----------------- Done invoking toplevel() on ptolemy.moml.MoMLSimpleApplication@47e90b32
reloadAllAccessors: .BooleanMultiplexor3

===========================================================================================
----------------- testing Fri Oct 18 06:03:50 UTC 2019 /home/travis/build/icyphy/ptII/ptolemy/actor/lib/test/auto/BooleanSelect.xml
----------------- Instantiating /home/travis/build/icyphy/ptII/ptolemy/actor/lib/test/auto/BooleanSelect.xml
6 ms. Memory: 461824K Free: 397228K (86%)
----------------- Invoking toplevel() on ptolemy.moml.MoMLSimpleApplication@78183f8d
----------------- Done invoking toplevel() on ptolemy.moml.MoMLSimpleApplication@78183f8d
reloadAllAccessors: .BooleanSelect

===========================================================================================
----------------- testing Fri Oct 18 06:03:50 UTC 2019 /home/travis/build/icyphy/ptII/ptolemy/actor/lib/test/auto/BooleanSelect2.xml
----------------- Instantiating /home/travis/build/icyphy/ptII/ptolemy/actor/lib/test/auto/BooleanSelect2.xml
1 ms. Memory: 461824K Free: 392618K (85%)
----------------- Invoking toplevel() on ptolemy.moml.MoMLSimpleApplication@3c950521
----------------- Done invoking toplevel() on ptolemy.moml.MoMLSimpleApplication@3c950521
reloadAllAccessors: .BooleanSelect2

===========================================================================================
----------------- testing Fri Oct 18 06:03:50 UTC 2019 /home/travis/build/icyphy/ptII/ptolemy/actor/lib/test/auto/BooleanSwitch.xml
----------------- Instantiating /home/travis/build/icyphy/ptII/ptolemy/actor/lib/test/auto/BooleanSwitch.xml
18 ms. Memory: 461824K Free: 386988K (84%)
----------------- Invoking toplevel() on ptolemy.moml.MoMLSimpleApplication@358b6a06
----------------- Done invoking toplevel() on ptolemy.moml.MoMLSimpleApplication@358b6a06
reloadAllAccessors: .BooleanSwitch

===========================================================================================
----------------- testing Fri Oct 18 06:03:50 UTC 2019 /home/travis/build/icyphy/ptII/ptolemy/actor/lib/test/auto/BooleanSwitch2.xml
----------------- Instantiating /home/travis/build/icyphy/ptII/ptolemy/actor/lib/test/auto/BooleanSwitch2.xml
2 ms. Memory: 461824K Free: 382378K (83%)
----------------- Invoking toplevel() on ptolemy.moml.MoMLSimpleApplication@76f84dd5
----------------- Done invoking toplevel() on ptolemy.moml.MoMLSimpleApplication@76f84dd5
reloadAllAccessors: .BooleanSwitch2

===========================================================================================
----------------- testing Fri Oct 18 06:03:50 UTC 2019 /home/travis/build/icyphy/ptII/ptolemy/actor/lib/test/auto/BooleanSwitchCloningBugWithClassRelationGroup.xml
----------------- Instantiating /home/travis/build/icyphy/ptII/ptolemy/actor/lib/test/auto/BooleanSwitchCloningBugWithClassRelationGroup.xml
5 ms. Memory: 461824K Free: 376234K (81%)
----------------- Invoking toplevel() on ptolemy.moml.MoMLSimpleApplication@5871e0a9
----------------- Done invoking toplevel() on ptolemy.moml.MoMLSimpleApplication@5871e0a9
reloadAllAccessors: .BooleanSwitchCloningBugWithClassRelationGroup

===========================================================================================
----------------- testing Fri Oct 18 06:03:50 UTC 2019 /home/travis/build/icyphy/ptII/ptolemy/actor/lib/test/auto/BusActors.xml
----------------- Instantiating /home/travis/build/icyphy/ptII/ptolemy/actor/lib/test/auto/BusActors.xml
6 ms. Memory: 461824K Free: 368042K (80%)
----------------- Invoking toplevel() on ptolemy.moml.MoMLSimpleApplication@1b7d0ac4
----------------- Done invoking toplevel() on ptolemy.moml.MoMLSimpleApplication@1b7d0ac4
reloadAllAccessors: .BusActors

===========================================================================================
----------------- testing Fri Oct 18 06:03:50 UTC 2019 /home/travis/build/icyphy/ptII/ptolemy/actor/lib/test/auto/ClassWrapper.xml
----------------- Instantiating /home/travis/build/icyphy/ptII/ptolemy/actor/lib/test/auto/ClassWrapper.xml
3 ms. Memory: 461824K Free: 363946K (79%)
----------------- Invoking toplevel() on ptolemy.moml.MoMLSimpleApplication@34bcb053
----------------- Done invoking toplevel() on ptolemy.moml.MoMLSimpleApplication@34bcb053
reloadAllAccessors: .ClassWrapper

===========================================================================================
----------------- testing Fri Oct 18 06:03:50 UTC 2019 /home/travis/build/icyphy/ptII/ptolemy/actor/lib/test/auto/Clock.xml
----------------- Instantiating /home/travis/build/icyphy/ptII/ptolemy/actor/lib/test/auto/Clock.xml
2 ms. Memory: 461824K Free: 359850K (78%)
----------------- Invoking toplevel() on ptolemy.moml.MoMLSimpleApplication@2dc79d9f
----------------- Done invoking toplevel() on ptolemy.moml.MoMLSimpleApplication@2dc79d9f
reloadAllAccessors: .Clock

===========================================================================================
----------------- testing Fri Oct 18 06:03:50 UTC 2019 /home/travis/build/icyphy/ptII/ptolemy/actor/lib/test/auto/Clock10.xml
----------------- Instantiating /home/travis/build/icyphy/ptII/ptolemy/actor/lib/test/auto/Clock10.xml
3 ms. Memory: 461824K Free: 354220K (77%)
----------------- Invoking toplevel() on ptolemy.moml.MoMLSimpleApplication@7abd0e0a
----------------- Done invoking toplevel() on ptolemy.moml.MoMLSimpleApplication@7abd0e0a
reloadAllAccessors: .Clock10

===========================================================================================
----------------- testing Fri Oct 18 06:03:50 UTC 2019 /home/travis/build/icyphy/ptII/ptolemy/actor/lib/test/auto/Clock11.xml
----------------- Instantiating /home/travis/build/icyphy/ptII/ptolemy/actor/lib/test/auto/Clock11.xml
7 ms. Memory: 461824K Free: 348076K (75%)
----------------- Invoking toplevel() on ptolemy.moml.MoMLSimpleApplication@1a323b17
----------------- Done invoking toplevel() on ptolemy.moml.MoMLSimpleApplication@1a323b17
reloadAllAccessors: .Clock11

===========================================================================================
----------------- testing Fri Oct 18 06:03:50 UTC 2019 /home/travis/build/icyphy/ptII/ptolemy/actor/lib/test/auto/Clock12.xml
----------------- Instantiating /home/travis/build/icyphy/ptII/ptolemy/actor/lib/test/auto/Clock12.xml
5 ms. Memory: 461824K Free: 342442K (74%)
----------------- Invoking toplevel() on ptolemy.moml.MoMLSimpleApplication@247d8d2c
----------------- Done invoking toplevel() on ptolemy.moml.MoMLSimpleApplication@247d8d2c
reloadAllAccessors: .Clock12

===========================================================================================
----------------- testing Fri Oct 18 06:03:50 UTC 2019 /home/travis/build/icyphy/ptII/ptolemy/actor/lib/test/auto/Clock13.xml
----------------- Instantiating /home/travis/build/icyphy/ptII/ptolemy/actor/lib/test/auto/Clock13.xml
6 ms. Memory: 461824K Free: 336268K (73%)
----------------- Invoking toplevel() on ptolemy.moml.MoMLSimpleApplication@4d6ef088
----------------- Done invoking toplevel() on ptolemy.moml.MoMLSimpleApplication@4d6ef088
reloadAllAccessors: .Clock13

===========================================================================================
----------------- testing Fri Oct 18 06:03:50 UTC 2019 /home/travis/build/icyphy/ptII/ptolemy/actor/lib/test/auto/Clock14.xml
----------------- Instantiating /home/travis/build/icyphy/ptII/ptolemy/actor/lib/test/auto/Clock14.xml
6 ms. Memory: 461824K Free: 330668K (72%)
----------------- Invoking toplevel() on ptolemy.moml.MoMLSimpleApplication@136ebf04
----------------- Done invoking toplevel() on ptolemy.moml.MoMLSimpleApplication@136ebf04
reloadAllAccessors: .Clock14

===========================================================================================
----------------- testing Fri Oct 18 06:03:50 UTC 2019 /home/travis/build/icyphy/ptII/ptolemy/actor/lib/test/auto/Clock15.xml
----------------- Instantiating /home/travis/build/icyphy/ptII/ptolemy/actor/lib/test/auto/Clock15.xml
6 ms. Memory: 461824K Free: 324524K (70%)
----------------- Invoking toplevel() on ptolemy.moml.MoMLSimpleApplication@61598541
----------------- Done invoking toplevel() on ptolemy.moml.MoMLSimpleApplication@61598541
reloadAllAccessors: .Clock15

===========================================================================================
----------------- testing Fri Oct 18 06:03:50 UTC 2019 /home/travis/build/icyphy/ptII/ptolemy/actor/lib/test/auto/Clock16.xml
----------------- Instantiating /home/travis/build/icyphy/ptII/ptolemy/actor/lib/test/auto/Clock16.xml
37 ms. Memory: 461824K Free: 309668K (67%)
----------------- Invoking toplevel() on ptolemy.moml.MoMLSimpleApplication@57a764bd
----------------- Done invoking toplevel() on ptolemy.moml.MoMLSimpleApplication@57a764bd
reloadAllAccessors: .Clock16

===========================================================================================
----------------- testing Fri Oct 18 06:03:50 UTC 2019 /home/travis/build/icyphy/ptII/ptolemy/actor/lib/test/auto/Clock17.xml
----------------- Instantiating /home/travis/build/icyphy/ptII/ptolemy/actor/lib/test/auto/Clock17.xml
28 ms. Memory: 461824K Free: 295852K (64%)
----------------- Invoking toplevel() on ptolemy.moml.MoMLSimpleApplication@70eae44e
----------------- Done invoking toplevel() on ptolemy.moml.MoMLSimpleApplication@70eae44e
reloadAllAccessors: .Clock17

===========================================================================================
----------------- testing Fri Oct 18 06:03:50 UTC 2019 /home/travis/build/icyphy/ptII/ptolemy/actor/lib/test/auto/Clock18.xml
----------------- Instantiating /home/travis/build/icyphy/ptII/ptolemy/actor/lib/test/auto/Clock18.xml
24 ms. Memory: 461824K Free: 282540K (61%)
----------------- Invoking toplevel() on ptolemy.moml.MoMLSimpleApplication@17dedb33
----------------- Done invoking toplevel() on ptolemy.moml.MoMLSimpleApplication@17dedb33
reloadAllAccessors: .Clock18

===========================================================================================
----------------- testing Fri Oct 18 06:03:50 UTC 2019 /home/travis/build/icyphy/ptII/ptolemy/actor/lib/test/auto/Clock19.xml
----------------- Instantiating /home/travis/build/icyphy/ptII/ptolemy/actor/lib/test/auto/Clock19.xml
19 ms. Memory: 461824K Free: 269738K (58%)
----------------- Invoking toplevel() on ptolemy.moml.MoMLSimpleApplication@66c69238
----------------- Done invoking toplevel() on ptolemy.moml.MoMLSimpleApplication@66c69238
reloadAllAccessors: .Clock19

===========================================================================================
----------------- testing Fri Oct 18 06:03:50 UTC 2019 /home/travis/build/icyphy/ptII/ptolemy/actor/lib/test/auto/Clock2.xml
----------------- Instantiating /home/travis/build/icyphy/ptII/ptolemy/actor/lib/test/auto/Clock2.xml
8 ms. Memory: 461824K Free: 265132K (57%)
----------------- Invoking toplevel() on ptolemy.moml.MoMLSimpleApplication@614719de
----------------- Done invoking toplevel() on ptolemy.moml.MoMLSimpleApplication@614719de
reloadAllAccessors: .Clock2

===========================================================================================
----------------- testing Fri Oct 18 06:03:50 UTC 2019 /home/travis/build/icyphy/ptII/ptolemy/actor/lib/test/auto/Clock20.xml
----------------- Instantiating /home/travis/build/icyphy/ptII/ptolemy/actor/lib/test/auto/Clock20.xml
9 ms. Memory: 461824K Free: 260012K (56%)
----------------- Invoking toplevel() on ptolemy.moml.MoMLSimpleApplication@3d5f252d
----------------- Done invoking toplevel() on ptolemy.moml.MoMLSimpleApplication@3d5f252d
reloadAllAccessors: .Clock20

===========================================================================================
----------------- testing Fri Oct 18 06:03:50 UTC 2019 /home/travis/build/icyphy/ptII/ptolemy/actor/lib/test/auto/Clock21.xml
----------------- Instantiating /home/travis/build/icyphy/ptII/ptolemy/actor/lib/test/auto/Clock21.xml
6 ms. Memory: 461824K Free: 254378K (55%)
----------------- Invoking toplevel() on ptolemy.moml.MoMLSimpleApplication@322cd09a
----------------- Done invoking toplevel() on ptolemy.moml.MoMLSimpleApplication@322cd09a
reloadAllAccessors: .Clock21

===========================================================================================
----------------- testing Fri Oct 18 06:03:50 UTC 2019 /home/travis/build/icyphy/ptII/ptolemy/actor/lib/test/auto/Clock22.xml
----------------- Instantiating /home/travis/build/icyphy/ptII/ptolemy/actor/lib/test/auto/Clock22.xml
5 ms. Memory: 461824K Free: 249258K (54%)
----------------- Invoking toplevel() on ptolemy.moml.MoMLSimpleApplication@214b43b3
----------------- Done invoking toplevel() on ptolemy.moml.MoMLSimpleApplication@214b43b3
reloadAllAccessors: .Clock22

===========================================================================================
----------------- testing Fri Oct 18 06:03:50 UTC 2019 /home/travis/build/icyphy/ptII/ptolemy/actor/lib/test/auto/Clock23.xml
----------------- Instantiating /home/travis/build/icyphy/ptII/ptolemy/actor/lib/test/auto/Clock23.xml
7 ms. Memory: 461824K Free: 243628K (53%)
----------------- Invoking toplevel() on ptolemy.moml.MoMLSimpleApplication@732c224d
----------------- Done invoking toplevel() on ptolemy.moml.MoMLSimpleApplication@732c224d
reloadAllAccessors: .Clock23

===========================================================================================
----------------- testing Fri Oct 18 06:03:50 UTC 2019 /home/travis/build/icyphy/ptII/ptolemy/actor/lib/test/auto/Clock24.xml
----------------- Instantiating /home/travis/build/icyphy/ptII/ptolemy/actor/lib/test/auto/Clock24.xml
5 ms. Memory: 461824K Free: 237994K (52%)
----------------- Invoking toplevel() on ptolemy.moml.MoMLSimpleApplication@15e36883
----------------- Done invoking toplevel() on ptolemy.moml.MoMLSimpleApplication@15e36883
reloadAllAccessors: .Clock24

===========================================================================================
----------------- testing Fri Oct 18 06:03:50 UTC 2019 /home/travis/build/icyphy/ptII/ptolemy/actor/lib/test/auto/Clock4.xml
----------------- Instantiating /home/travis/build/icyphy/ptII/ptolemy/actor/lib/test/auto/Clock4.xml
1 ms. Memory: 461824K Free: 233388K (51%)
----------------- Invoking toplevel() on ptolemy.moml.MoMLSimpleApplication@67f160a4
----------------- Done invoking toplevel() on ptolemy.moml.MoMLSimpleApplication@67f160a4
reloadAllAccessors: .Clock4

===========================================================================================
----------------- testing Fri Oct 18 06:03:50 UTC 2019 /home/travis/build/icyphy/ptII/ptolemy/actor/lib/test/auto/Clock5.xml
----------------- Instantiating /home/travis/build/icyphy/ptII/ptolemy/actor/lib/test/auto/Clock5.xml
2 ms. Memory: 461824K Free: 227748K (49%)
----------------- Invoking toplevel() on ptolemy.moml.MoMLSimpleApplication@4d5ed99
----------------- Done invoking toplevel() on ptolemy.moml.MoMLSimpleApplication@4d5ed99
reloadAllAccessors: .Clock5

===========================================================================================
----------------- testing Fri Oct 18 06:03:50 UTC 2019 /home/travis/build/icyphy/ptII/ptolemy/actor/lib/test/auto/Clock6.xml
----------------- Instantiating /home/travis/build/icyphy/ptII/ptolemy/actor/lib/test/auto/Clock6.xml
2 ms. Memory: 461824K Free: 223628K (48%)
----------------- Invoking toplevel() on ptolemy.moml.MoMLSimpleApplication@1a04d4f3
----------------- Done invoking toplevel() on ptolemy.moml.MoMLSimpleApplication@1a04d4f3
reloadAllAccessors: .Clock6

===========================================================================================
----------------- testing Fri Oct 18 06:03:50 UTC 2019 /home/travis/build/icyphy/ptII/ptolemy/actor/lib/test/auto/Clock7.xml
----------------- Instantiating /home/travis/build/icyphy/ptII/ptolemy/actor/lib/test/auto/Clock7.xml
2 ms. Memory: 461824K Free: 218538K (47%)
----------------- Invoking toplevel() on ptolemy.moml.MoMLSimpleApplication@5601e483
----------------- Done invoking toplevel() on ptolemy.moml.MoMLSimpleApplication@5601e483
reloadAllAccessors: .Clock7

===========================================================================================
----------------- testing Fri Oct 18 06:03:51 UTC 2019 /home/travis/build/icyphy/ptII/ptolemy/actor/lib/test/auto/Clock8.xml
----------------- Instantiating /home/travis/build/icyphy/ptII/ptolemy/actor/lib/test/auto/Clock8.xml
5 ms. Memory: 461824K Free: 212908K (46%)
----------------- Invoking toplevel() on ptolemy.moml.MoMLSimpleApplication@64d75704
----------------- Done invoking toplevel() on ptolemy.moml.MoMLSimpleApplication@64d75704
reloadAllAccessors: .Clock8

===========================================================================================
----------------- testing Fri Oct 18 06:03:51 UTC 2019 /home/travis/build/icyphy/ptII/ptolemy/actor/lib/test/auto/Clock9.xml
----------------- Instantiating /home/travis/build/icyphy/ptII/ptolemy/actor/lib/test/auto/Clock9.xml
6 ms. Memory: 461824K Free: 207788K (45%)
----------------- Invoking toplevel() on ptolemy.moml.MoMLSimpleApplication@55b999f9
----------------- Done invoking toplevel() on ptolemy.moml.MoMLSimpleApplication@55b999f9
reloadAllAccessors: .Clock9

===========================================================================================
----------------- testing Fri Oct 18 06:03:51 UTC 2019 /home/travis/build/icyphy/ptII/ptolemy/actor/lib/test/auto/CommDistDiscard.xml
----------------- Instantiating /home/travis/build/icyphy/ptII/ptolemy/actor/lib/test/auto/CommDistDiscard.xml
3 ms. Memory: 461824K Free: 202154K (44%)
----------------- Invoking toplevel() on ptolemy.moml.MoMLSimpleApplication@199a6df0
----------------- Done invoking toplevel() on ptolemy.moml.MoMLSimpleApplication@199a6df0
reloadAllAccessors: .CommDistDiscard

===========================================================================================
----------------- testing Fri Oct 18 06:03:51 UTC 2019 /home/travis/build/icyphy/ptII/ptolemy/actor/lib/test/auto/Commutator.xml
----------------- Instantiating /home/travis/build/icyphy/ptII/ptolemy/actor/lib/test/auto/Commutator.xml
4 ms. Memory: 461824K Free: 198058K (43%)
----------------- Invoking toplevel() on ptolemy.moml.MoMLSimpleApplication@515f429b
----------------- Done invoking toplevel() on ptolemy.moml.MoMLSimpleApplication@515f429b
reloadAllAccessors: .Commutator

===========================================================================================
----------------- testing Fri Oct 18 06:03:51 UTC 2019 /home/travis/build/icyphy/ptII/ptolemy/actor/lib/test/auto/Commutator2.xml
----------------- Instantiating /home/travis/build/icyphy/ptII/ptolemy/actor/lib/test/auto/Commutator2.xml
1 ms. Memory: 461824K Free: 193452K (42%)
----------------- Invoking toplevel() on ptolemy.moml.MoMLSimpleApplication@6ee2e84f
----------------- Done invoking toplevel() on ptolemy.moml.MoMLSimpleApplication@6ee2e84f
reloadAllAccessors: .Commutator2

===========================================================================================
----------------- testing Fri Oct 18 06:03:51 UTC 2019 /home/travis/build/icyphy/ptII/ptolemy/actor/lib/test/auto/Commutator3.xml
----------------- Instantiating /home/travis/build/icyphy/ptII/ptolemy/actor/lib/test/auto/Commutator3.xml
1 ms. Memory: 461824K Free: 188842K (41%)
----------------- Invoking toplevel() on ptolemy.moml.MoMLSimpleApplication@6839eb5b
----------------- Done invoking toplevel() on ptolemy.moml.MoMLSimpleApplication@6839eb5b
reloadAllAccessors: .Commutator3

===========================================================================================
----------------- testing Fri Oct 18 06:03:51 UTC 2019 /home/travis/build/icyphy/ptII/ptolemy/actor/lib/test/auto/Compare.xml
----------------- Instantiating /home/travis/build/icyphy/ptII/ptolemy/actor/lib/test/auto/Compare.xml
1 ms. Memory: 461824K Free: 182698K (40%)
----------------- Invoking toplevel() on ptolemy.moml.MoMLSimpleApplication@52bb3223
----------------- Done invoking toplevel() on ptolemy.moml.MoMLSimpleApplication@52bb3223
reloadAllAccessors: .Compare

===========================================================================================
----------------- testing Fri Oct 18 06:03:51 UTC 2019 /home/travis/build/icyphy/ptII/ptolemy/actor/lib/test/auto/CompareDE.xml
----------------- Instantiating /home/travis/build/icyphy/ptII/ptolemy/actor/lib/test/auto/CompareDE.xml
4 ms. Memory: 461824K Free: 175516K (38%)
----------------- Invoking toplevel() on ptolemy.moml.MoMLSimpleApplication@64065db3
----------------- Done invoking toplevel() on ptolemy.moml.MoMLSimpleApplication@64065db3
reloadAllAccessors: .CompareDE

===========================================================================================
----------------- testing Fri Oct 18 06:03:51 UTC 2019 /home/travis/build/icyphy/ptII/ptolemy/actor/lib/test/auto/ComplexDivide.xml
----------------- Instantiating /home/travis/build/icyphy/ptII/ptolemy/actor/lib/test/auto/ComplexDivide.xml
1 ms. Memory: 461824K Free: 171948K (37%)
----------------- Invoking toplevel() on ptolemy.moml.MoMLSimpleApplication@957238e
----------------- Done invoking toplevel() on ptolemy.moml.MoMLSimpleApplication@957238e
reloadAllAccessors: .ComplexDivide

===========================================================================================
----------------- testing Fri Oct 18 06:03:51 UTC 2019 /home/travis/build/icyphy/ptII/ptolemy/actor/lib/test/auto/ComputeHistogram.xml
----------------- Instantiating /home/travis/build/icyphy/ptII/ptolemy/actor/lib/test/auto/ComputeHistogram.xml
39 ms. Memory: 461824K Free: 159146K (34%)
----------------- Invoking toplevel() on ptolemy.moml.MoMLSimpleApplication@6e091622
----------------- Done invoking toplevel() on ptolemy.moml.MoMLSimpleApplication@6e091622
reloadAllAccessors: .ComputeHistogram

===========================================================================================
----------------- testing Fri Oct 18 06:03:51 UTC 2019 /home/travis/build/icyphy/ptII/ptolemy/actor/lib/test/auto/ConfigurationSelect.xml
----------------- Instantiating /home/travis/build/icyphy/ptII/ptolemy/actor/lib/test/auto/ConfigurationSelect.xml
3 ms. Memory: 461824K Free: 153516K (33%)
----------------- Invoking toplevel() on ptolemy.moml.MoMLSimpleApplication@6a0a971
----------------- Done invoking toplevel() on ptolemy.moml.MoMLSimpleApplication@6a0a971
reloadAllAccessors: .ConfigurationSelect

===========================================================================================
----------------- testing Fri Oct 18 06:03:51 UTC 2019 /home/travis/build/icyphy/ptII/ptolemy/actor/lib/test/auto/ConfigurationSelect2.xml
----------------- Instantiating /home/travis/build/icyphy/ptII/ptolemy/actor/lib/test/auto/ConfigurationSelect2.xml
2 ms. Memory: 461824K Free: 149420K (32%)
----------------- Invoking toplevel() on ptolemy.moml.MoMLSimpleApplication@3cad23a2
----------------- Done invoking toplevel() on ptolemy.moml.MoMLSimpleApplication@3cad23a2
reloadAllAccessors: .ConfigurationSelect2

===========================================================================================
----------------- testing Fri Oct 18 06:03:51 UTC 2019 /home/travis/build/icyphy/ptII/ptolemy/actor/lib/test/auto/ConfigurationSwitch.xml
----------------- Instantiating /home/travis/build/icyphy/ptII/ptolemy/actor/lib/test/auto/ConfigurationSwitch.xml
2 ms. Memory: 461824K Free: 143786K (31%)
----------------- Invoking toplevel() on ptolemy.moml.MoMLSimpleApplication@40a7d3cc
----------------- Done invoking toplevel() on ptolemy.moml.MoMLSimpleApplication@40a7d3cc
reloadAllAccessors: .ConfigurationSwitch

===========================================================================================
----------------- testing Fri Oct 18 06:03:51 UTC 2019 /home/travis/build/icyphy/ptII/ptolemy/actor/lib/test/auto/ConfigurationSwitch2.xml
----------------- Instantiating /home/travis/build/icyphy/ptII/ptolemy/actor/lib/test/auto/ConfigurationSwitch2.xml
4 ms. Memory: 461824K Free: 412962K (89%)
----------------- Invoking toplevel() on ptolemy.moml.MoMLSimpleApplication@20ad4abc
----------------- Done invoking toplevel() on ptolemy.moml.MoMLSimpleApplication@20ad4abc
reloadAllAccessors: .ConfigurationSwitch2

===========================================================================================
----------------- testing Fri Oct 18 06:03:51 UTC 2019 /home/travis/build/icyphy/ptII/ptolemy/actor/lib/test/auto/ConfigurationSwitchCloningBugWithClassRelationGroup.xml
----------------- Instantiating /home/travis/build/icyphy/ptII/ptolemy/actor/lib/test/auto/ConfigurationSwitchCloningBugWithClassRelationGroup.xml
2 ms. Memory: 461824K Free: 405808K (88%)
----------------- Invoking toplevel() on ptolemy.moml.MoMLSimpleApplication@563c93a8
----------------- Done invoking toplevel() on ptolemy.moml.MoMLSimpleApplication@563c93a8
reloadAllAccessors: .ConfigurationSwitchCloningBugWithClassRelationGroup

===========================================================================================
----------------- testing Fri Oct 18 06:03:51 UTC 2019 /home/travis/build/icyphy/ptII/ptolemy/actor/lib/test/auto/ConfigurationSwitchSelectSDF.xml
----------------- Instantiating /home/travis/build/icyphy/ptII/ptolemy/actor/lib/test/auto/ConfigurationSwitchSelectSDF.xml
3 ms. Memory: 461824K Free: 399664K (87%)
----------------- Invoking toplevel() on ptolemy.moml.MoMLSimpleApplication@721e1cb0
----------------- Done invoking toplevel() on ptolemy.moml.MoMLSimpleApplication@721e1cb0
reloadAllAccessors: .ConfigurationSwitchSelectSDF

===========================================================================================
----------------- testing Fri Oct 18 06:03:51 UTC 2019 /home/travis/build/icyphy/ptII/ptolemy/actor/lib/test/auto/ConfigurationSwitchSelectSDF2.xml
----------------- Instantiating /home/travis/build/icyphy/ptII/ptolemy/actor/lib/test/auto/ConfigurationSwitchSelectSDF2.xml
2 ms. Memory: 461824K Free: 394034K (85%)
----------------- Invoking toplevel() on ptolemy.moml.MoMLSimpleApplication@788fde09
----------------- Done invoking toplevel() on ptolemy.moml.MoMLSimpleApplication@788fde09
reloadAllAccessors: .ConfigurationSwitchSelectSDF2

===========================================================================================
----------------- testing Fri Oct 18 06:03:51 UTC 2019 /home/travis/build/icyphy/ptII/ptolemy/actor/lib/test/auto/Const.xml
----------------- Instantiating /home/travis/build/icyphy/ptII/ptolemy/actor/lib/test/auto/Const.xml
1 ms. Memory: 461824K Free: 390448K (85%)
----------------- Invoking toplevel() on ptolemy.moml.MoMLSimpleApplication@6cbd57a6
----------------- Done invoking toplevel() on ptolemy.moml.MoMLSimpleApplication@6cbd57a6
reloadAllAccessors: .Const

===========================================================================================
----------------- testing Fri Oct 18 06:03:51 UTC 2019 /home/travis/build/icyphy/ptII/ptolemy/actor/lib/test/auto/Const2.xml
----------------- Instantiating /home/travis/build/icyphy/ptII/ptolemy/actor/lib/test/auto/Const2.xml
1 ms. Memory: 461824K Free: 386352K (84%)
----------------- Invoking toplevel() on ptolemy.moml.MoMLSimpleApplication@51dc25a9
----------------- Done invoking toplevel() on ptolemy.moml.MoMLSimpleApplication@51dc25a9
reloadAllAccessors: .Const2

===========================================================================================
----------------- testing Fri Oct 18 06:03:51 UTC 2019 /home/travis/build/icyphy/ptII/ptolemy/actor/lib/test/auto/Const3.xml
----------------- Instantiating /home/travis/build/icyphy/ptII/ptolemy/actor/lib/test/auto/Const3.xml
1 ms. Memory: 461824K Free: 383794K (83%)
----------------- Invoking toplevel() on ptolemy.moml.MoMLSimpleApplication@2be2ec89
----------------- Done invoking toplevel() on ptolemy.moml.MoMLSimpleApplication@2be2ec89
reloadAllAccessors: .Const3

===========================================================================================
----------------- testing Fri Oct 18 06:03:51 UTC 2019 /home/travis/build/icyphy/ptII/ptolemy/actor/lib/test/auto/ConstantPublisherPort1.xml
----------------- Instantiating /home/travis/build/icyphy/ptII/ptolemy/actor/lib/test/auto/ConstantPublisherPort1.xml
7 ms. Memory: 461824K Free: 375088K (81%)
----------------- Invoking toplevel() on ptolemy.moml.MoMLSimpleApplication@70e83b74
----------------- Done invoking toplevel() on ptolemy.moml.MoMLSimpleApplication@70e83b74
reloadAllAccessors: .ConstantPublisherPort1

===========================================================================================
----------------- testing Fri Oct 18 06:03:51 UTC 2019 /home/travis/build/icyphy/ptII/ptolemy/actor/lib/test/auto/ConstantPublisherPort2.xml
----------------- Instantiating /home/travis/build/icyphy/ptII/ptolemy/actor/lib/test/auto/ConstantPublisherPort2.xml
11 ms. Memory: 461824K Free: 366896K (79%)
----------------- Invoking toplevel() on ptolemy.moml.MoMLSimpleApplication@7e0357a1
----------------- Done invoking toplevel() on ptolemy.moml.MoMLSimpleApplication@7e0357a1
reloadAllAccessors: .ConstantPublisherPort2

===========================================================================================
----------------- testing Fri Oct 18 06:03:51 UTC 2019 /home/travis/build/icyphy/ptII/ptolemy/actor/lib/test/auto/ConstantPublisherPort3.xml
----------------- Instantiating /home/travis/build/icyphy/ptII/ptolemy/actor/lib/test/auto/ConstantPublisherPort3.xml
5 ms. Memory: 461824K Free: 359218K (78%)
----------------- Invoking toplevel() on ptolemy.moml.MoMLSimpleApplication@404a5678
----------------- Done invoking toplevel() on ptolemy.moml.MoMLSimpleApplication@404a5678
reloadAllAccessors: .ConstantPublisherPort3

===========================================================================================
----------------- testing Fri Oct 18 06:03:51 UTC 2019 /home/travis/build/icyphy/ptII/ptolemy/actor/lib/test/auto/ConstantPublisherPort4.xml
----------------- Instantiating /home/travis/build/icyphy/ptII/ptolemy/actor/lib/test/auto/ConstantPublisherPort4.xml
2 ms. Memory: 461824K Free: 352050K (76%)
----------------- Invoking toplevel() on ptolemy.moml.MoMLSimpleApplication@4a97548e
----------------- Done invoking toplevel() on ptolemy.moml.MoMLSimpleApplication@4a97548e
reloadAllAccessors: .ConstantPublisherPort4

===========================================================================================
----------------- testing Fri Oct 18 06:03:51 UTC 2019 /home/travis/build/icyphy/ptII/ptolemy/actor/lib/test/auto/ConstantPublisherPort5.xml
----------------- Instantiating /home/travis/build/icyphy/ptII/ptolemy/actor/lib/test/auto/ConstantPublisherPort5.xml
27 ms. Memory: 461824K Free: 342320K (74%)
----------------- Invoking toplevel() on ptolemy.moml.MoMLSimpleApplication@71587045
----------------- Done invoking toplevel() on ptolemy.moml.MoMLSimpleApplication@71587045
reloadAllAccessors: .ConstantPublisherPort5

===========================================================================================
----------------- testing Fri Oct 18 06:03:51 UTC 2019 /home/travis/build/icyphy/ptII/ptolemy/actor/lib/test/auto/ConstantPublisherPort6.xml
----------------- Instantiating /home/travis/build/icyphy/ptII/ptolemy/actor/lib/test/auto/ConstantPublisherPort6.xml
16 ms. Memory: 461824K Free: 333618K (72%)
----------------- Invoking toplevel() on ptolemy.moml.MoMLSimpleApplication@11a023a0
----------------- Done invoking toplevel() on ptolemy.moml.MoMLSimpleApplication@11a023a0
reloadAllAccessors: .ConstantPublisherPort6

===========================================================================================
----------------- testing Fri Oct 18 06:03:51 UTC 2019 /home/travis/build/icyphy/ptII/ptolemy/actor/lib/test/auto/ConstantPublisherPort7.xml
----------------- Instantiating /home/travis/build/icyphy/ptII/ptolemy/actor/lib/test/auto/ConstantPublisherPort7.xml
15 ms. Memory: 461824K Free: 324402K (70%)
----------------- Invoking toplevel() on ptolemy.moml.MoMLSimpleApplication@34ecdc6c
----------------- Done invoking toplevel() on ptolemy.moml.MoMLSimpleApplication@34ecdc6c
reloadAllAccessors: .ConstantPublisherPort7

===========================================================================================
----------------- testing Fri Oct 18 06:03:51 UTC 2019 /home/travis/build/icyphy/ptII/ptolemy/actor/lib/test/auto/ConstraintMonitor1.xml
----------------- Instantiating /home/travis/build/icyphy/ptII/ptolemy/actor/lib/test/auto/ConstraintMonitor1.xml
6 ms. Memory: 461824K Free: 319282K (69%)
----------------- Invoking toplevel() on ptolemy.moml.MoMLSimpleApplication@25f2a6a6
----------------- Done invoking toplevel() on ptolemy.moml.MoMLSimpleApplication@25f2a6a6
reloadAllAccessors: .ConstraintMonitor1

===========================================================================================
----------------- testing Fri Oct 18 06:03:51 UTC 2019 /home/travis/build/icyphy/ptII/ptolemy/actor/lib/test/auto/ConstraintMonitor2.xml
----------------- Instantiating /home/travis/build/icyphy/ptII/ptolemy/actor/lib/test/auto/ConstraintMonitor2.xml
4 ms. Memory: 461824K Free: 315186K (68%)
----------------- Invoking toplevel() on ptolemy.moml.MoMLSimpleApplication@5cb315d7
----------------- Done invoking toplevel() on ptolemy.moml.MoMLSimpleApplication@5cb315d7
reloadAllAccessors: .ConstraintMonitor2

===========================================================================================
----------------- testing Fri Oct 18 06:03:51 UTC 2019 /home/travis/build/icyphy/ptII/ptolemy/actor/lib/test/auto/ConstraintMonitor3.xml
----------------- Instantiating /home/travis/build/icyphy/ptII/ptolemy/actor/lib/test/auto/ConstraintMonitor3.xml
5 ms. Memory: 461824K Free: 310066K (67%)
----------------- Invoking toplevel() on ptolemy.moml.MoMLSimpleApplication@45c433fa
----------------- Done invoking toplevel() on ptolemy.moml.MoMLSimpleApplication@45c433fa
reloadAllAccessors: .ConstraintMonitor3

===========================================================================================
----------------- testing Fri Oct 18 06:03:51 UTC 2019 /home/travis/build/icyphy/ptII/ptolemy/actor/lib/test/auto/ConstraintMonitor4.xml
----------------- Instantiating /home/travis/build/icyphy/ptII/ptolemy/actor/lib/test/auto/ConstraintMonitor4.xml
2 ms. Memory: 461824K Free: 304946K (66%)
----------------- Invoking toplevel() on ptolemy.moml.MoMLSimpleApplication@4fc34a62
----------------- Done invoking toplevel() on ptolemy.moml.MoMLSimpleApplication@4fc34a62
reloadAllAccessors: .ConstraintMonitor4

===========================================================================================
----------------- testing Fri Oct 18 06:03:51 UTC 2019 /home/travis/build/icyphy/ptII/ptolemy/actor/lib/test/auto/ConstraintMonitor5.xml
----------------- Instantiating /home/travis/build/icyphy/ptII/ptolemy/actor/lib/test/auto/ConstraintMonitor5.xml
2 ms. Memory: 461824K Free: 299826K (65%)
----------------- Invoking toplevel() on ptolemy.moml.MoMLSimpleApplication@43cb8ee2
----------------- Done invoking toplevel() on ptolemy.moml.MoMLSimpleApplication@43cb8ee2
reloadAllAccessors: .ConstraintMonitor5

===========================================================================================
----------------- testing Fri Oct 18 06:03:51 UTC 2019 /home/travis/build/icyphy/ptII/ptolemy/actor/lib/test/auto/ConstraintMonitor6.xml
----------------- Instantiating /home/travis/build/icyphy/ptII/ptolemy/actor/lib/test/auto/ConstraintMonitor6.xml
2 ms. Memory: 461824K Free: 293682K (64%)
----------------- Invoking toplevel() on ptolemy.moml.MoMLSimpleApplication@9fc5209
----------------- Done invoking toplevel() on ptolemy.moml.MoMLSimpleApplication@9fc5209
reloadAllAccessors: .ConstraintMonitor6

===========================================================================================
----------------- testing Fri Oct 18 06:03:51 UTC 2019 /home/travis/build/icyphy/ptII/ptolemy/actor/lib/test/auto/ConstraintMonitor7.xml
----------------- Instantiating /home/travis/build/icyphy/ptII/ptolemy/actor/lib/test/auto/ConstraintMonitor7.xml
5 ms. Memory: 461824K Free: 287018K (62%)
----------------- Invoking toplevel() on ptolemy.moml.MoMLSimpleApplication@43bc9172
----------------- Done invoking toplevel() on ptolemy.moml.MoMLSimpleApplication@43bc9172
reloadAllAccessors: .ConstraintMonitor7

===========================================================================================
----------------- testing Fri Oct 18 06:03:51 UTC 2019 /home/travis/build/icyphy/ptII/ptolemy/actor/lib/test/auto/ConstraintMonitor8.xml
----------------- Instantiating /home/travis/build/icyphy/ptII/ptolemy/actor/lib/test/auto/ConstraintMonitor8.xml
7 ms. Memory: 461824K Free: 279856K (61%)
----------------- Invoking toplevel() on ptolemy.moml.MoMLSimpleApplication@755faab
----------------- Done invoking toplevel() on ptolemy.moml.MoMLSimpleApplication@755faab
reloadAllAccessors: .ConstraintMonitor8

===========================================================================================
----------------- testing Fri Oct 18 06:03:51 UTC 2019 /home/travis/build/icyphy/ptII/ptolemy/actor/lib/test/auto/Counter.xml
----------------- Instantiating /home/travis/build/icyphy/ptII/ptolemy/actor/lib/test/auto/Counter.xml
3 ms. Memory: 461824K Free: 274736K (59%)
----------------- Invoking toplevel() on ptolemy.moml.MoMLSimpleApplication@4219233
----------------- Done invoking toplevel() on ptolemy.moml.MoMLSimpleApplication@4219233
reloadAllAccessors: .Counter

===========================================================================================
----------------- testing Fri Oct 18 06:03:52 UTC 2019 /home/travis/build/icyphy/ptII/ptolemy/actor/lib/test/auto/CurrentTimeSDF.xml
----------------- Instantiating /home/travis/build/icyphy/ptII/ptolemy/actor/lib/test/auto/CurrentTimeSDF.xml
2 ms. Memory: 461824K Free: 270640K (59%)
----------------- Invoking toplevel() on ptolemy.moml.MoMLSimpleApplication@48ca8600
----------------- Done invoking toplevel() on ptolemy.moml.MoMLSimpleApplication@48ca8600
reloadAllAccessors: .CurrentTimeSDF

===========================================================================================
----------------- testing Fri Oct 18 06:03:52 UTC 2019 /home/travis/build/icyphy/ptII/ptolemy/actor/lib/test/auto/DB.xml
----------------- Instantiating /home/travis/build/icyphy/ptII/ptolemy/actor/lib/test/auto/DB.xml
2 ms. Memory: 461824K Free: 266034K (58%)
----------------- Invoking toplevel() on ptolemy.moml.MoMLSimpleApplication@1a922359
----------------- Done invoking toplevel() on ptolemy.moml.MoMLSimpleApplication@1a922359
reloadAllAccessors: .DB

===========================================================================================
----------------- testing Fri Oct 18 06:03:52 UTC 2019 /home/travis/build/icyphy/ptII/ptolemy/actor/lib/test/auto/DBDE.xml
----------------- Instantiating /home/travis/build/icyphy/ptII/ptolemy/actor/lib/test/auto/DBDE.xml
2 ms. Memory: 461824K Free: 259890K (56%)
----------------- Invoking toplevel() on ptolemy.moml.MoMLSimpleApplication@48c63147
----------------- Done invoking toplevel() on ptolemy.moml.MoMLSimpleApplication@48c63147
reloadAllAccessors: .DBDE

===========================================================================================
----------------- testing Fri Oct 18 06:03:52 UTC 2019 /home/travis/build/icyphy/ptII/ptolemy/actor/lib/test/auto/DateConstructor.xml
----------------- Instantiating /home/travis/build/icyphy/ptII/ptolemy/actor/lib/test/auto/DateConstructor.xml
38 ms. Memory: 461824K Free: 242482K (53%)
----------------- Invoking toplevel() on ptolemy.moml.MoMLSimpleApplication@271b0729
----------------- Done invoking toplevel() on ptolemy.moml.MoMLSimpleApplication@271b0729
reloadAllAccessors: .DateConstructor

===========================================================================================
----------------- testing Fri Oct 18 06:03:52 UTC 2019 /home/travis/build/icyphy/ptII/ptolemy/actor/lib/test/auto/DelayTime.xml
----------------- Instantiating /home/travis/build/icyphy/ptII/ptolemy/actor/lib/test/auto/DelayTime.xml
6 ms. Memory: 461824K Free: 237872K (52%)
----------------- Invoking toplevel() on ptolemy.moml.MoMLSimpleApplication@7101936c
----------------- Done invoking toplevel() on ptolemy.moml.MoMLSimpleApplication@7101936c
reloadAllAccessors: .DelayTime

===========================================================================================
----------------- testing Fri Oct 18 06:03:52 UTC 2019 /home/travis/build/icyphy/ptII/ptolemy/actor/lib/test/auto/Dictionary1.xml
----------------- Instantiating /home/travis/build/icyphy/ptII/ptolemy/actor/lib/test/auto/Dictionary1.xml
2 ms. Memory: 461824K Free: 232242K (50%)
----------------- Invoking toplevel() on ptolemy.moml.MoMLSimpleApplication@3f93f4b1
----------------- Done invoking toplevel() on ptolemy.moml.MoMLSimpleApplication@3f93f4b1
reloadAllAccessors: .Dictionary1

===========================================================================================
----------------- testing Fri Oct 18 06:03:52 UTC 2019 /home/travis/build/icyphy/ptII/ptolemy/actor/lib/test/auto/Dictionary2.xml
----------------- Instantiating /home/travis/build/icyphy/ptII/ptolemy/actor/lib/test/auto/Dictionary2.xml
5 ms. Memory: 461824K Free: 226608K (49%)
----------------- Invoking toplevel() on ptolemy.moml.MoMLSimpleApplication@412d4987
----------------- Done invoking toplevel() on ptolemy.moml.MoMLSimpleApplication@412d4987
reloadAllAccessors: .Dictionary2

===========================================================================================
----------------- testing Fri Oct 18 06:03:52 UTC 2019 /home/travis/build/icyphy/ptII/ptolemy/actor/lib/test/auto/Dictionary3.xml
----------------- Instantiating /home/travis/build/icyphy/ptII/ptolemy/actor/lib/test/auto/Dictionary3.xml
2 ms. Memory: 461824K Free: 220978K (48%)
----------------- Invoking toplevel() on ptolemy.moml.MoMLSimpleApplication@7cd1a0
----------------- Done invoking toplevel() on ptolemy.moml.MoMLSimpleApplication@7cd1a0
reloadAllAccessors: .Dictionary3

===========================================================================================
----------------- testing Fri Oct 18 06:03:52 UTC 2019 /home/travis/build/icyphy/ptII/ptolemy/actor/lib/test/auto/Dictionary4.xml
----------------- Instantiating /home/travis/build/icyphy/ptII/ptolemy/actor/lib/test/auto/Dictionary4.xml
3 ms. Memory: 461824K Free: 214320K (46%)
----------------- Invoking toplevel() on ptolemy.moml.MoMLSimpleApplication@2eabd76f
----------------- Done invoking toplevel() on ptolemy.moml.MoMLSimpleApplication@2eabd76f
reloadAllAccessors: .Dictionary4

===========================================================================================
----------------- testing Fri Oct 18 06:03:52 UTC 2019 /home/travis/build/icyphy/ptII/ptolemy/actor/lib/test/auto/Differential.xml
----------------- Instantiating /home/travis/build/icyphy/ptII/ptolemy/actor/lib/test/auto/Differential.xml
3 ms. Memory: 461824K Free: 209714K (45%)
----------------- Invoking toplevel() on ptolemy.moml.MoMLSimpleApplication@6b024396
----------------- Done invoking toplevel() on ptolemy.moml.MoMLSimpleApplication@6b024396
reloadAllAccessors: .Differential

===========================================================================================
----------------- testing Fri Oct 18 06:03:52 UTC 2019 /home/travis/build/icyphy/ptII/ptolemy/actor/lib/test/auto/Director.xml
----------------- Instantiating /home/travis/build/icyphy/ptII/ptolemy/actor/lib/test/auto/Director.xml
2 ms. Memory: 461824K Free: 206128K (45%)
----------------- Invoking toplevel() on ptolemy.moml.MoMLSimpleApplication@63095d24
----------------- Done invoking toplevel() on ptolemy.moml.MoMLSimpleApplication@63095d24
reloadAllAccessors: .Director

===========================================================================================
----------------- testing Fri Oct 18 06:03:52 UTC 2019 /home/travis/build/icyphy/ptII/ptolemy/actor/lib/test/auto/DiscreteClock.xml
----------------- Instantiating /home/travis/build/icyphy/ptII/ptolemy/actor/lib/test/auto/DiscreteClock.xml
1 ms. Memory: 461824K Free: 202546K (44%)
----------------- Invoking toplevel() on ptolemy.moml.MoMLSimpleApplication@6a96d028
----------------- Done invoking toplevel() on ptolemy.moml.MoMLSimpleApplication@6a96d028
reloadAllAccessors: .DiscreteClock

===========================================================================================
----------------- testing Fri Oct 18 06:03:52 UTC 2019 /home/travis/build/icyphy/ptII/ptolemy/actor/lib/test/auto/DiscreteClock10.xml
----------------- Instantiating /home/travis/build/icyphy/ptII/ptolemy/actor/lib/test/auto/DiscreteClock10.xml
6 ms. Memory: 461824K Free: 196402K (43%)
----------------- Invoking toplevel() on ptolemy.moml.MoMLSimpleApplication@31c809f7
----------------- Done invoking toplevel() on ptolemy.moml.MoMLSimpleApplication@31c809f7
reloadAllAccessors: .DiscreteClock10

===========================================================================================
----------------- testing Fri Oct 18 06:03:52 UTC 2019 /home/travis/build/icyphy/ptII/ptolemy/actor/lib/test/auto/DiscreteClock11.xml
----------------- Instantiating /home/travis/build/icyphy/ptII/ptolemy/actor/lib/test/auto/DiscreteClock11.xml
2 ms. Memory: 461824K Free: 190258K (41%)
----------------- Invoking toplevel() on ptolemy.moml.MoMLSimpleApplication@13a7e330
----------------- Done invoking toplevel() on ptolemy.moml.MoMLSimpleApplication@13a7e330
reloadAllAccessors: .DiscreteClock11

===========================================================================================
----------------- testing Fri Oct 18 06:03:52 UTC 2019 /home/travis/build/icyphy/ptII/ptolemy/actor/lib/test/auto/DiscreteClock12.xml
----------------- Instantiating /home/travis/build/icyphy/ptII/ptolemy/actor/lib/test/auto/DiscreteClock12.xml
2 ms. Memory: 461824K Free: 184114K (40%)
----------------- Invoking toplevel() on ptolemy.moml.MoMLSimpleApplication@6d06a2bc
----------------- Done invoking toplevel() on ptolemy.moml.MoMLSimpleApplication@6d06a2bc
reloadAllAccessors: .DiscreteClock12

===========================================================================================
----------------- testing Fri Oct 18 06:03:52 UTC 2019 /home/travis/build/icyphy/ptII/ptolemy/actor/lib/test/auto/DiscreteClock13.xml
----------------- Instantiating /home/travis/build/icyphy/ptII/ptolemy/actor/lib/test/auto/DiscreteClock13.xml
5 ms. Memory: 461824K Free: 178450K (39%)
----------------- Invoking toplevel() on ptolemy.moml.MoMLSimpleApplication@60aabdff
----------------- Done invoking toplevel() on ptolemy.moml.MoMLSimpleApplication@60aabdff
reloadAllAccessors: .DiscreteClock13

===========================================================================================
----------------- testing Fri Oct 18 06:03:52 UTC 2019 /home/travis/build/icyphy/ptII/ptolemy/actor/lib/test/auto/DiscreteClock14.xml
----------------- Instantiating /home/travis/build/icyphy/ptII/ptolemy/actor/lib/test/auto/DiscreteClock14.xml
6 ms. Memory: 461824K Free: 172330K (37%)
----------------- Invoking toplevel() on ptolemy.moml.MoMLSimpleApplication@6f99c66
----------------- Done invoking toplevel() on ptolemy.moml.MoMLSimpleApplication@6f99c66
reloadAllAccessors: .DiscreteClock14

===========================================================================================
----------------- testing Fri Oct 18 06:03:52 UTC 2019 /home/travis/build/icyphy/ptII/ptolemy/actor/lib/test/auto/DiscreteClock15.xml
----------------- Instantiating /home/travis/build/icyphy/ptII/ptolemy/actor/lib/test/auto/DiscreteClock15.xml
5 ms. Memory: 461824K Free: 166162K (36%)
----------------- Invoking toplevel() on ptolemy.moml.MoMLSimpleApplication@73e2cc3b
----------------- Done invoking toplevel() on ptolemy.moml.MoMLSimpleApplication@73e2cc3b
reloadAllAccessors: .DiscreteClock15

===========================================================================================
----------------- testing Fri Oct 18 06:03:52 UTC 2019 /home/travis/build/icyphy/ptII/ptolemy/actor/lib/test/auto/DiscreteClock16.xml
----------------- Instantiating /home/travis/build/icyphy/ptII/ptolemy/actor/lib/test/auto/DiscreteClock16.xml
11 ms. Memory: 461824K Free: 152370K (33%)
----------------- Invoking toplevel() on ptolemy.moml.MoMLSimpleApplication@6d795cf6
----------------- Done invoking toplevel() on ptolemy.moml.MoMLSimpleApplication@6d795cf6
reloadAllAccessors: .DiscreteClock16

===========================================================================================
----------------- testing Fri Oct 18 06:03:52 UTC 2019 /home/travis/build/icyphy/ptII/ptolemy/actor/lib/test/auto/DiscreteClock17.xml
----------------- Instantiating /home/travis/build/icyphy/ptII/ptolemy/actor/lib/test/auto/DiscreteClock17.xml
27 ms. Memory: 461824K Free: 412143K (89%)
----------------- Invoking toplevel() on ptolemy.moml.MoMLSimpleApplication@54c62919
----------------- Done invoking toplevel() on ptolemy.moml.MoMLSimpleApplication@54c62919
reloadAllAccessors: .DiscreteClock17

===========================================================================================
----------------- testing Fri Oct 18 06:03:52 UTC 2019 /home/travis/build/icyphy/ptII/ptolemy/actor/lib/test/auto/DiscreteClock18.xml
----------------- Instantiating /home/travis/build/icyphy/ptII/ptolemy/actor/lib/test/auto/DiscreteClock18.xml
13 ms. Memory: 461824K Free: 397866K (86%)
----------------- Invoking toplevel() on ptolemy.moml.MoMLSimpleApplication@7473fd81
----------------- Done invoking toplevel() on ptolemy.moml.MoMLSimpleApplication@7473fd81
reloadAllAccessors: .DiscreteClock18

===========================================================================================
----------------- testing Fri Oct 18 06:03:52 UTC 2019 /home/travis/build/icyphy/ptII/ptolemy/actor/lib/test/auto/DiscreteClock19.xml
----------------- Instantiating /home/travis/build/icyphy/ptII/ptolemy/actor/lib/test/auto/DiscreteClock19.xml
17 ms. Memory: 461824K Free: 384044K (83%)
----------------- Invoking toplevel() on ptolemy.moml.MoMLSimpleApplication@68c4e264
----------------- Done invoking toplevel() on ptolemy.moml.MoMLSimpleApplication@68c4e264
reloadAllAccessors: .DiscreteClock19

===========================================================================================
----------------- testing Fri Oct 18 06:03:52 UTC 2019 /home/travis/build/icyphy/ptII/ptolemy/actor/lib/test/auto/DiscreteClock2.xml
----------------- Instantiating /home/travis/build/icyphy/ptII/ptolemy/actor/lib/test/auto/DiscreteClock2.xml
5 ms. Memory: 461824K Free: 378924K (82%)
----------------- Invoking toplevel() on ptolemy.moml.MoMLSimpleApplication@4d0b4bf9
----------------- Done invoking toplevel() on ptolemy.moml.MoMLSimpleApplication@4d0b4bf9
reloadAllAccessors: .DiscreteClock2

===========================================================================================
----------------- testing Fri Oct 18 06:03:52 UTC 2019 /home/travis/build/icyphy/ptII/ptolemy/actor/lib/test/auto/DiscreteClock20.xml
----------------- Instantiating /home/travis/build/icyphy/ptII/ptolemy/actor/lib/test/auto/DiscreteClock20.xml
11 ms. Memory: 461824K Free: 373804K (81%)
----------------- Invoking toplevel() on ptolemy.moml.MoMLSimpleApplication@6fde3bf4
----------------- Done invoking toplevel() on ptolemy.moml.MoMLSimpleApplication@6fde3bf4
reloadAllAccessors: .DiscreteClock20

===========================================================================================
----------------- testing Fri Oct 18 06:03:52 UTC 2019 /home/travis/build/icyphy/ptII/ptolemy/actor/lib/test/auto/DiscreteClock21.xml
----------------- Instantiating /home/travis/build/icyphy/ptII/ptolemy/actor/lib/test/auto/DiscreteClock21.xml
6 ms. Memory: 461824K Free: 368170K (80%)
----------------- Invoking toplevel() on ptolemy.moml.MoMLSimpleApplication@10745542
----------------- Done invoking toplevel() on ptolemy.moml.MoMLSimpleApplication@10745542
reloadAllAccessors: .DiscreteClock21

===========================================================================================
----------------- testing Fri Oct 18 06:03:52 UTC 2019 /home/travis/build/icyphy/ptII/ptolemy/actor/lib/test/auto/DiscreteClock22.xml
----------------- Instantiating /home/travis/build/icyphy/ptII/ptolemy/actor/lib/test/auto/DiscreteClock22.xml
4 ms. Memory: 461824K Free: 362540K (79%)
----------------- Invoking toplevel() on ptolemy.moml.MoMLSimpleApplication@72c60182
----------------- Done invoking toplevel() on ptolemy.moml.MoMLSimpleApplication@72c60182
reloadAllAccessors: .DiscreteClock22

===========================================================================================
----------------- testing Fri Oct 18 06:03:52 UTC 2019 /home/travis/build/icyphy/ptII/ptolemy/actor/lib/test/auto/DiscreteClock23.xml
----------------- Instantiating /home/travis/build/icyphy/ptII/ptolemy/actor/lib/test/auto/DiscreteClock23.xml
5 ms. Memory: 461824K Free: 356906K (77%)
----------------- Invoking toplevel() on ptolemy.moml.MoMLSimpleApplication@1dac238a
----------------- Done invoking toplevel() on ptolemy.moml.MoMLSimpleApplication@1dac238a
reloadAllAccessors: .DiscreteClock23

===========================================================================================
----------------- testing Fri Oct 18 06:03:52 UTC 2019 /home/travis/build/icyphy/ptII/ptolemy/actor/lib/test/auto/DiscreteClock24.xml
----------------- Instantiating /home/travis/build/icyphy/ptII/ptolemy/actor/lib/test/auto/DiscreteClock24.xml
5 ms. Memory: 461824K Free: 351786K (76%)
----------------- Invoking toplevel() on ptolemy.moml.MoMLSimpleApplication@3cb06c4b
----------------- Done invoking toplevel() on ptolemy.moml.MoMLSimpleApplication@3cb06c4b
reloadAllAccessors: .DiscreteClock24

===========================================================================================
----------------- testing Fri Oct 18 06:03:52 UTC 2019 /home/travis/build/icyphy/ptII/ptolemy/actor/lib/test/auto/DiscreteClock4.xml
----------------- Instantiating /home/travis/build/icyphy/ptII/ptolemy/actor/lib/test/auto/DiscreteClock4.xml
2 ms. Memory: 461824K Free: 346156K (75%)
----------------- Invoking toplevel() on ptolemy.moml.MoMLSimpleApplication@45248476
----------------- Done invoking toplevel() on ptolemy.moml.MoMLSimpleApplication@45248476
reloadAllAccessors: .DiscreteClock4

===========================================================================================
----------------- testing Fri Oct 18 06:03:52 UTC 2019 /home/travis/build/icyphy/ptII/ptolemy/actor/lib/test/auto/DiscreteClock5.xml
----------------- Instantiating /home/travis/build/icyphy/ptII/ptolemy/actor/lib/test/auto/DiscreteClock5.xml
1 ms. Memory: 461824K Free: 340508K (74%)
----------------- Invoking toplevel() on ptolemy.moml.MoMLSimpleApplication@5ee0ce74
----------------- Done invoking toplevel() on ptolemy.moml.MoMLSimpleApplication@5ee0ce74
reloadAllAccessors: .DiscreteClock5

===========================================================================================
----------------- testing Fri Oct 18 06:03:52 UTC 2019 /home/travis/build/icyphy/ptII/ptolemy/actor/lib/test/auto/DiscreteClock6.xml
----------------- Instantiating /home/travis/build/icyphy/ptII/ptolemy/actor/lib/test/auto/DiscreteClock6.xml
1 ms. Memory: 461824K Free: 335916K (73%)
----------------- Invoking toplevel() on ptolemy.moml.MoMLSimpleApplication@4a732131
----------------- Done invoking toplevel() on ptolemy.moml.MoMLSimpleApplication@4a732131
reloadAllAccessors: .DiscreteClock6

===========================================================================================
----------------- testing Fri Oct 18 06:03:52 UTC 2019 /home/travis/build/icyphy/ptII/ptolemy/actor/lib/test/auto/DiscreteClock7.xml
----------------- Instantiating /home/travis/build/icyphy/ptII/ptolemy/actor/lib/test/auto/DiscreteClock7.xml
1 ms. Memory: 461824K Free: 331306K (72%)
----------------- Invoking toplevel() on ptolemy.moml.MoMLSimpleApplication@600f0843
----------------- Done invoking toplevel() on ptolemy.moml.MoMLSimpleApplication@600f0843
reloadAllAccessors: .DiscreteClock7

===========================================================================================
----------------- testing Fri Oct 18 06:03:52 UTC 2019 /home/travis/build/icyphy/ptII/ptolemy/actor/lib/test/auto/DiscreteClock8.xml
----------------- Instantiating /home/travis/build/icyphy/ptII/ptolemy/actor/lib/test/auto/DiscreteClock8.xml
11 ms. Memory: 461824K Free: 325676K (71%)
----------------- Invoking toplevel() on ptolemy.moml.MoMLSimpleApplication@4271f6b0
----------------- Done invoking toplevel() on ptolemy.moml.MoMLSimpleApplication@4271f6b0
reloadAllAccessors: .DiscreteClock8

===========================================================================================
----------------- testing Fri Oct 18 06:03:52 UTC 2019 /home/travis/build/icyphy/ptII/ptolemy/actor/lib/test/auto/DiscreteClock9.xml
----------------- Instantiating /home/travis/build/icyphy/ptII/ptolemy/actor/lib/test/auto/DiscreteClock9.xml
7 ms. Memory: 461824K Free: 319532K (69%)
----------------- Invoking toplevel() on ptolemy.moml.MoMLSimpleApplication@10fd5635
----------------- Done invoking toplevel() on ptolemy.moml.MoMLSimpleApplication@10fd5635
reloadAllAccessors: .DiscreteClock9

===========================================================================================
----------------- testing Fri Oct 18 06:03:52 UTC 2019 /home/travis/build/icyphy/ptII/ptolemy/actor/lib/test/auto/DisplayArray.xml
----------------- Instantiating /home/travis/build/icyphy/ptII/ptolemy/actor/lib/test/auto/DisplayArray.xml
1 ms. Memory: 461824K Free: 315946K (68%)
----------------- Invoking toplevel() on ptolemy.moml.MoMLSimpleApplication@3c2ebf10
----------------- Done invoking toplevel() on ptolemy.moml.MoMLSimpleApplication@3c2ebf10
reloadAllAccessors: .DisplayArray

===========================================================================================
----------------- testing Fri Oct 18 06:03:52 UTC 2019 /home/travis/build/icyphy/ptII/ptolemy/actor/lib/test/auto/Distributor.xml
----------------- Instantiating /home/travis/build/icyphy/ptII/ptolemy/actor/lib/test/auto/Distributor.xml
2 ms. Memory: 461824K Free: 310826K (67%)
----------------- Invoking toplevel() on ptolemy.moml.MoMLSimpleApplication@6a58d46e
----------------- Done invoking toplevel() on ptolemy.moml.MoMLSimpleApplication@6a58d46e
reloadAllAccessors: .Distributor

===========================================================================================
----------------- testing Fri Oct 18 06:03:52 UTC 2019 /home/travis/build/icyphy/ptII/ptolemy/actor/lib/test/auto/Distributor2.xml
----------------- Instantiating /home/travis/build/icyphy/ptII/ptolemy/actor/lib/test/auto/Distributor2.xml
1 ms. Memory: 461824K Free: 306220K (66%)
----------------- Invoking toplevel() on ptolemy.moml.MoMLSimpleApplication@70a6b9b5
----------------- Done invoking toplevel() on ptolemy.moml.MoMLSimpleApplication@70a6b9b5
reloadAllAccessors: .Distributor2

===========================================================================================
----------------- testing Fri Oct 18 06:03:53 UTC 2019 /home/travis/build/icyphy/ptII/ptolemy/actor/lib/test/auto/DownSample.xml
----------------- Instantiating /home/travis/build/icyphy/ptII/ptolemy/actor/lib/test/auto/DownSample.xml
1 ms. Memory: 461824K Free: 301610K (65%)
----------------- Invoking toplevel() on ptolemy.moml.MoMLSimpleApplication@7e9e6e23
----------------- Done invoking toplevel() on ptolemy.moml.MoMLSimpleApplication@7e9e6e23
reloadAllAccessors: .DownSample

===========================================================================================
----------------- testing Fri Oct 18 06:03:53 UTC 2019 /home/travis/build/icyphy/ptII/ptolemy/actor/lib/test/auto/ElectronicUnitBase1.xml
----------------- Instantiating /home/travis/build/icyphy/ptII/ptolemy/actor/lib/test/auto/ElectronicUnitBase1.xml
19 ms. Memory: 461824K Free: 285740K (62%)
----------------- Invoking toplevel() on ptolemy.moml.MoMLSimpleApplication@1422e9cc
----------------- Done invoking toplevel() on ptolemy.moml.MoMLSimpleApplication@1422e9cc
reloadAllAccessors: .ElectronicUnitBase1

===========================================================================================
----------------- testing Fri Oct 18 06:03:53 UTC 2019 /home/travis/build/icyphy/ptII/ptolemy/actor/lib/test/auto/ElementsToArray.xml
----------------- Instantiating /home/travis/build/icyphy/ptII/ptolemy/actor/lib/test/auto/ElementsToArray.xml
2 ms. Memory: 461824K Free: 280620K (61%)
----------------- Invoking toplevel() on ptolemy.moml.MoMLSimpleApplication@64cc1459
----------------- Done invoking toplevel() on ptolemy.moml.MoMLSimpleApplication@64cc1459
reloadAllAccessors: .ElementsToArray

===========================================================================================
----------------- testing Fri Oct 18 06:03:53 UTC 2019 /home/travis/build/icyphy/ptII/ptolemy/actor/lib/test/auto/Equals.xml
----------------- Instantiating /home/travis/build/icyphy/ptII/ptolemy/actor/lib/test/auto/Equals.xml
1 ms. Memory: 461824K Free: 276010K (60%)
----------------- Invoking toplevel() on ptolemy.moml.MoMLSimpleApplication@1ee21251
----------------- Done invoking toplevel() on ptolemy.moml.MoMLSimpleApplication@1ee21251
reloadAllAccessors: .Equals

===========================================================================================
----------------- testing Fri Oct 18 06:03:53 UTC 2019 /home/travis/build/icyphy/ptII/ptolemy/actor/lib/test/auto/Exec.xml
----------------- Instantiating /home/travis/build/icyphy/ptII/ptolemy/actor/lib/test/auto/Exec.xml
17 ms. Memory: 461824K Free: 270890K (59%)
----------------- Invoking toplevel() on ptolemy.moml.MoMLSimpleApplication@46607be8
----------------- Done invoking toplevel() on ptolemy.moml.MoMLSimpleApplication@46607be8
reloadAllAccessors: .Exec

===========================================================================================
----------------- testing Fri Oct 18 06:03:53 UTC 2019 /home/travis/build/icyphy/ptII/ptolemy/actor/lib/test/auto/ExecEnvironment.xml
----------------- Instantiating /home/travis/build/icyphy/ptII/ptolemy/actor/lib/test/auto/ExecEnvironment.xml
34 ms. Memory: 461824K Free: 265258K (57%)
----------------- Invoking toplevel() on ptolemy.moml.MoMLSimpleApplication@266b7609
----------------- Done invoking toplevel() on ptolemy.moml.MoMLSimpleApplication@266b7609
reloadAllAccessors: .ExecEnvironment

===========================================================================================
----------------- testing Fri Oct 18 06:03:53 UTC 2019 /home/travis/build/icyphy/ptII/ptolemy/actor/lib/test/auto/ExecNonZeroReturnOutput.xml
----------------- Instantiating /home/travis/build/icyphy/ptII/ptolemy/actor/lib/test/auto/ExecNonZeroReturnOutput.xml
191 ms. Memory: 461824K Free: 253996K (55%)
----------------- Invoking toplevel() on ptolemy.moml.MoMLSimpleApplication@4619d9d2
----------------- Done invoking toplevel() on ptolemy.moml.MoMLSimpleApplication@4619d9d2
reloadAllAccessors: .ExecNonZeroReturnOutput

===========================================================================================
----------------- testing Fri Oct 18 06:03:53 UTC 2019 /home/travis/build/icyphy/ptII/ptolemy/actor/lib/test/auto/ExecRunDemos.xml
----------------- Instantiating /home/travis/build/icyphy/ptII/ptolemy/actor/lib/test/auto/ExecRunDemos.xml
Finished: 108 ms. Memory: 120832K Free: 104142K (86%)

Finished: 53 ms. Memory: 120832K Free: 109786K (91%)

Finished: 89 ms. Memory: 120832K Free: 110716K (92%)

Finished: 98 ms. Memory: 120832K Free: 103319K (86%)

Finished: 84 ms. Memory: 120832K Free: 104036K (86%)

11129 ms. Memory: 461824K Free: 232490K (50%)
----------------- Invoking toplevel() on ptolemy.moml.MoMLSimpleApplication@4f157211
----------------- Done invoking toplevel() on ptolemy.moml.MoMLSimpleApplication@4f157211
reloadAllAccessors: .ExecRunDemos

===========================================================================================
----------------- testing Fri Oct 18 06:04:04 UTC 2019 /home/travis/build/icyphy/ptII/ptolemy/actor/lib/test/auto/ExecStop.xml
----------------- Instantiating /home/travis/build/icyphy/ptII/ptolemy/actor/lib/test/auto/ExecStop.xml
5023 ms. Memory: 461824K Free: 368137K (80%)
----------------- Invoking toplevel() on ptolemy.moml.MoMLSimpleApplication@33a8e0a1
----------------- Done invoking toplevel() on ptolemy.moml.MoMLSimpleApplication@33a8e0a1
reloadAllAccessors: .ExecStop

===========================================================================================
----------------- testing Fri Oct 18 06:04:09 UTC 2019 /home/travis/build/icyphy/ptII/ptolemy/actor/lib/test/auto/ExecutionTimeSDF.xml
----------------- Instantiating /home/travis/build/icyphy/ptII/ptolemy/actor/lib/test/auto/ExecutionTimeSDF.xml
Fired ExecutionTime: 1332400000
Fired ExecutionTime: 1047200000
Fired ExecutionTime: -1638967296
6004 ms. Memory: 461824K Free: 354315K (77%)
----------------- Invoking toplevel() on ptolemy.moml.MoMLSimpleApplication@1984d8a6
----------------- Done invoking toplevel() on ptolemy.moml.MoMLSimpleApplication@1984d8a6
reloadAllAccessors: .ExecutionTimeSDF

===========================================================================================
----------------- testing Fri Oct 18 06:04:15 UTC 2019 /home/travis/build/icyphy/ptII/ptolemy/actor/lib/test/auto/Expression1.xml
----------------- Instantiating /home/travis/build/icyphy/ptII/ptolemy/actor/lib/test/auto/Expression1.xml
2 ms. Memory: 461824K Free: 351243K (76%)
----------------- Invoking toplevel() on ptolemy.moml.MoMLSimpleApplication@54c30cd1
----------------- Done invoking toplevel() on ptolemy.moml.MoMLSimpleApplication@54c30cd1
reloadAllAccessors: .Expression1

===========================================================================================
----------------- testing Fri Oct 18 06:04:15 UTC 2019 /home/travis/build/icyphy/ptII/ptolemy/actor/lib/test/auto/Expression10.xml
----------------- Instantiating /home/travis/build/icyphy/ptII/ptolemy/actor/lib/test/auto/Expression10.xml
5 ms. Memory: 461824K Free: 345609K (75%)
----------------- Invoking toplevel() on ptolemy.moml.MoMLSimpleApplication@1f081f
----------------- Done invoking toplevel() on ptolemy.moml.MoMLSimpleApplication@1f081f
reloadAllAccessors: .Expression10

===========================================================================================
----------------- testing Fri Oct 18 06:04:15 UTC 2019 /home/travis/build/icyphy/ptII/ptolemy/actor/lib/test/auto/Expression11.xml
----------------- Instantiating /home/travis/build/icyphy/ptII/ptolemy/actor/lib/test/auto/Expression11.xml
3 ms. Memory: 461824K Free: 340489K (74%)
----------------- Invoking toplevel() on ptolemy.moml.MoMLSimpleApplication@4888487d
----------------- Done invoking toplevel() on ptolemy.moml.MoMLSimpleApplication@4888487d
reloadAllAccessors: .Expression11

===========================================================================================
----------------- testing Fri Oct 18 06:04:15 UTC 2019 /home/travis/build/icyphy/ptII/ptolemy/actor/lib/test/auto/Expression12.xml
----------------- Instantiating /home/travis/build/icyphy/ptII/ptolemy/actor/lib/test/auto/Expression12.xml
2 ms. Memory: 461824K Free: 335369K (73%)
----------------- Invoking toplevel() on ptolemy.moml.MoMLSimpleApplication@5414966b
----------------- Done invoking toplevel() on ptolemy.moml.MoMLSimpleApplication@5414966b
reloadAllAccessors: .Expression12

===========================================================================================
----------------- testing Fri Oct 18 06:04:15 UTC 2019 /home/travis/build/icyphy/ptII/ptolemy/actor/lib/test/auto/Expression13.xml
----------------- Instantiating /home/travis/build/icyphy/ptII/ptolemy/actor/lib/test/auto/Expression13.xml
3 ms. Memory: 461824K Free: 330249K (72%)
----------------- Invoking toplevel() on ptolemy.moml.MoMLSimpleApplication@520a972
----------------- Done invoking toplevel() on ptolemy.moml.MoMLSimpleApplication@520a972
reloadAllAccessors: .Expression13

===========================================================================================
----------------- testing Fri Oct 18 06:04:15 UTC 2019 /home/travis/build/icyphy/ptII/ptolemy/actor/lib/test/auto/Expression14.xml
----------------- Instantiating /home/travis/build/icyphy/ptII/ptolemy/actor/lib/test/auto/Expression14.xml
4 ms. Memory: 461824K Free: 324619K (70%)
----------------- Invoking toplevel() on ptolemy.moml.MoMLSimpleApplication@76fbc971
----------------- Done invoking toplevel() on ptolemy.moml.MoMLSimpleApplication@76fbc971
reloadAllAccessors: .Expression14

===========================================================================================
----------------- testing Fri Oct 18 06:04:15 UTC 2019 /home/travis/build/icyphy/ptII/ptolemy/actor/lib/test/auto/Expression15.xml
----------------- Instantiating /home/travis/build/icyphy/ptII/ptolemy/actor/lib/test/auto/Expression15.xml
2 ms. Memory: 461824K Free: 320523K (69%)
----------------- Invoking toplevel() on ptolemy.moml.MoMLSimpleApplication@622594b8
----------------- Done invoking toplevel() on ptolemy.moml.MoMLSimpleApplication@622594b8
reloadAllAccessors: .Expression15

===========================================================================================
----------------- testing Fri Oct 18 06:04:15 UTC 2019 /home/travis/build/icyphy/ptII/ptolemy/actor/lib/test/auto/Expression16.xml
----------------- Instantiating /home/travis/build/icyphy/ptII/ptolemy/actor/lib/test/auto/Expression16.xml
4 ms. Memory: 461824K Free: 315913K (68%)
----------------- Invoking toplevel() on ptolemy.moml.MoMLSimpleApplication@5aa59829
----------------- Done invoking toplevel() on ptolemy.moml.MoMLSimpleApplication@5aa59829
reloadAllAccessors: .Expression16

===========================================================================================
----------------- testing Fri Oct 18 06:04:15 UTC 2019 /home/travis/build/icyphy/ptII/ptolemy/actor/lib/test/auto/Expression17.xml
----------------- Instantiating /home/travis/build/icyphy/ptII/ptolemy/actor/lib/test/auto/Expression17.xml
4 ms. Memory: 461824K Free: 310793K (67%)
----------------- Invoking toplevel() on ptolemy.moml.MoMLSimpleApplication@f2804b6
----------------- Done invoking toplevel() on ptolemy.moml.MoMLSimpleApplication@f2804b6
reloadAllAccessors: .Expression17

===========================================================================================
----------------- testing Fri Oct 18 06:04:15 UTC 2019 /home/travis/build/icyphy/ptII/ptolemy/actor/lib/test/auto/Expression18.xml
----------------- Instantiating /home/travis/build/icyphy/ptII/ptolemy/actor/lib/test/auto/Expression18.xml
3 ms. Memory: 461824K Free: 305673K (66%)
----------------- Invoking toplevel() on ptolemy.moml.MoMLSimpleApplication@70fd0bc5
----------------- Done invoking toplevel() on ptolemy.moml.MoMLSimpleApplication@70fd0bc5
reloadAllAccessors: .Expression18

===========================================================================================
----------------- testing Fri Oct 18 06:04:15 UTC 2019 /home/travis/build/icyphy/ptII/ptolemy/actor/lib/test/auto/Expression2.xml
----------------- Instantiating /home/travis/build/icyphy/ptII/ptolemy/actor/lib/test/auto/Expression2.xml
2 ms. Memory: 461824K Free: 301067K (65%)
----------------- Invoking toplevel() on ptolemy.moml.MoMLSimpleApplication@3d8971bc
----------------- Done invoking toplevel() on ptolemy.moml.MoMLSimpleApplication@3d8971bc
reloadAllAccessors: .Expression2

===========================================================================================
----------------- testing Fri Oct 18 06:04:15 UTC 2019 /home/travis/build/icyphy/ptII/ptolemy/actor/lib/test/auto/Expression3.xml
----------------- Instantiating /home/travis/build/icyphy/ptII/ptolemy/actor/lib/test/auto/Expression3.xml
6 ms. Memory: 461824K Free: 295947K (64%)
----------------- Invoking toplevel() on ptolemy.moml.MoMLSimpleApplication@2685907
----------------- Done invoking toplevel() on ptolemy.moml.MoMLSimpleApplication@2685907
reloadAllAccessors: .Expression3

===========================================================================================
----------------- testing Fri Oct 18 06:04:15 UTC 2019 /home/travis/build/icyphy/ptII/ptolemy/actor/lib/test/auto/Expression4.xml
----------------- Instantiating /home/travis/build/icyphy/ptII/ptolemy/actor/lib/test/auto/Expression4.xml
5 ms. Memory: 461824K Free: 288779K (63%)
----------------- Invoking toplevel() on ptolemy.moml.MoMLSimpleApplication@7b050849
----------------- Done invoking toplevel() on ptolemy.moml.MoMLSimpleApplication@7b050849
reloadAllAccessors: .Expression4

===========================================================================================
----------------- testing Fri Oct 18 06:04:15 UTC 2019 /home/travis/build/icyphy/ptII/ptolemy/actor/lib/test/auto/Expression5.xml
----------------- Instantiating /home/travis/build/icyphy/ptII/ptolemy/actor/lib/test/auto/Expression5.xml
5 ms. Memory: 461824K Free: 283659K (61%)
----------------- Invoking toplevel() on ptolemy.moml.MoMLSimpleApplication@39f93355
----------------- Done invoking toplevel() on ptolemy.moml.MoMLSimpleApplication@39f93355
reloadAllAccessors: .Expression5

===========================================================================================
----------------- testing Fri Oct 18 06:04:15 UTC 2019 /home/travis/build/icyphy/ptII/ptolemy/actor/lib/test/auto/Expression6.xml
----------------- Instantiating /home/travis/build/icyphy/ptII/ptolemy/actor/lib/test/auto/Expression6.xml
2 ms. Memory: 461824K Free: 279049K (60%)
----------------- Invoking toplevel() on ptolemy.moml.MoMLSimpleApplication@259e12ad
----------------- Done invoking toplevel() on ptolemy.moml.MoMLSimpleApplication@259e12ad
reloadAllAccessors: .Expression6

===========================================================================================
----------------- testing Fri Oct 18 06:04:15 UTC 2019 /home/travis/build/icyphy/ptII/ptolemy/actor/lib/test/auto/Expression7.xml
----------------- Instantiating /home/travis/build/icyphy/ptII/ptolemy/actor/lib/test/auto/Expression7.xml
3 ms. Memory: 461824K Free: 274443K (59%)
----------------- Invoking toplevel() on ptolemy.moml.MoMLSimpleApplication@771e62fa
----------------- Done invoking toplevel() on ptolemy.moml.MoMLSimpleApplication@771e62fa
reloadAllAccessors: .Expression7

===========================================================================================
----------------- testing Fri Oct 18 06:04:15 UTC 2019 /home/travis/build/icyphy/ptII/ptolemy/actor/lib/test/auto/Expression8.xml
----------------- Instantiating /home/travis/build/icyphy/ptII/ptolemy/actor/lib/test/auto/Expression8.xml
9 ms. Memory: 461824K Free: 269323K (58%)
----------------- Invoking toplevel() on ptolemy.moml.MoMLSimpleApplication@ad86ab5
----------------- Done invoking toplevel() on ptolemy.moml.MoMLSimpleApplication@ad86ab5
reloadAllAccessors: .Expression8

===========================================================================================
----------------- testing Fri Oct 18 06:04:15 UTC 2019 /home/travis/build/icyphy/ptII/ptolemy/actor/lib/test/auto/Expression9.xml
----------------- Instantiating /home/travis/build/icyphy/ptII/ptolemy/actor/lib/test/auto/Expression9.xml
1 ms. Memory: 461824K Free: 265227K (57%)
----------------- Invoking toplevel() on ptolemy.moml.MoMLSimpleApplication@2038529b
----------------- Done invoking toplevel() on ptolemy.moml.MoMLSimpleApplication@2038529b
reloadAllAccessors: .Expression9

===========================================================================================
----------------- testing Fri Oct 18 06:04:15 UTC 2019 /home/travis/build/icyphy/ptII/ptolemy/actor/lib/test/auto/ExpressionConcatenateArrayType.xml
----------------- Instantiating /home/travis/build/icyphy/ptII/ptolemy/actor/lib/test/auto/ExpressionConcatenateArrayType.xml
3 ms. Memory: 461824K Free: 259083K (56%)
----------------- Invoking toplevel() on ptolemy.moml.MoMLSimpleApplication@45e125d6
----------------- Done invoking toplevel() on ptolemy.moml.MoMLSimpleApplication@45e125d6
reloadAllAccessors: .ExpressionConcatenateArrayType

===========================================================================================
----------------- testing Fri Oct 18 06:04:16 UTC 2019 /home/travis/build/icyphy/ptII/ptolemy/actor/lib/test/auto/ExpressionConcatenateArrayType2.xml
----------------- Instantiating /home/travis/build/icyphy/ptII/ptolemy/actor/lib/test/auto/ExpressionConcatenateArrayType2.xml
2 ms. Memory: 461824K Free: 253449K (55%)
----------------- Invoking toplevel() on ptolemy.moml.MoMLSimpleApplication@2c328381
----------------- Done invoking toplevel() on ptolemy.moml.MoMLSimpleApplication@2c328381
reloadAllAccessors: .ExpressionConcatenateArrayType2

===========================================================================================
----------------- testing Fri Oct 18 06:04:16 UTC 2019 /home/travis/build/icyphy/ptII/ptolemy/actor/lib/test/auto/ExpressionFix.xml
----------------- Instantiating /home/travis/build/icyphy/ptII/ptolemy/actor/lib/test/auto/ExpressionFix.xml
23 ms. Memory: 461824K Free: 247305K (54%)
----------------- Invoking toplevel() on ptolemy.moml.MoMLSimpleApplication@4964fb3a
----------------- Done invoking toplevel() on ptolemy.moml.MoMLSimpleApplication@4964fb3a
reloadAllAccessors: .ExpressionFix

===========================================================================================
----------------- testing Fri Oct 18 06:04:16 UTC 2019 /home/travis/build/icyphy/ptII/ptolemy/actor/lib/test/auto/ExpressionFix2.xml
----------------- Instantiating /home/travis/build/icyphy/ptII/ptolemy/actor/lib/test/auto/ExpressionFix2.xml
5 ms. Memory: 461824K Free: 243209K (53%)
----------------- Invoking toplevel() on ptolemy.moml.MoMLSimpleApplication@7c07c402
----------------- Done invoking toplevel() on ptolemy.moml.MoMLSimpleApplication@7c07c402
reloadAllAccessors: .ExpressionFix2

===========================================================================================
----------------- testing Fri Oct 18 06:04:16 UTC 2019 /home/travis/build/icyphy/ptII/ptolemy/actor/lib/test/auto/ExpressionFix3.xml
----------------- Instantiating /home/travis/build/icyphy/ptII/ptolemy/actor/lib/test/auto/ExpressionFix3.xml
2 ms. Memory: 461824K Free: 238603K (52%)
----------------- Invoking toplevel() on ptolemy.moml.MoMLSimpleApplication@48f688b8
----------------- Done invoking toplevel() on ptolemy.moml.MoMLSimpleApplication@48f688b8
reloadAllAccessors: .ExpressionFix3

===========================================================================================
----------------- testing Fri Oct 18 06:04:16 UTC 2019 /home/travis/build/icyphy/ptII/ptolemy/actor/lib/test/auto/FileWriter1.xml
----------------- Instantiating /home/travis/build/icyphy/ptII/ptolemy/actor/lib/test/auto/FileWriter1.xml
2 ms. Memory: 461824K Free: 235017K (51%)
----------------- Invoking toplevel() on ptolemy.moml.MoMLSimpleApplication@1f8d4b14
----------------- Done invoking toplevel() on ptolemy.moml.MoMLSimpleApplication@1f8d4b14
reloadAllAccessors: .FileWriter1

===========================================================================================
----------------- testing Fri Oct 18 06:04:16 UTC 2019 /home/travis/build/icyphy/ptII/ptolemy/actor/lib/test/auto/FileWriter2.xml
----------------- Instantiating /home/travis/build/icyphy/ptII/ptolemy/actor/lib/test/auto/FileWriter2.xml
2 ms. Memory: 461824K Free: 230411K (50%)
----------------- Invoking toplevel() on ptolemy.moml.MoMLSimpleApplication@4069c9eb
----------------- Done invoking toplevel() on ptolemy.moml.MoMLSimpleApplication@4069c9eb
reloadAllAccessors: .FileWriter2

===========================================================================================
----------------- testing Fri Oct 18 06:04:16 UTC 2019 /home/travis/build/icyphy/ptII/ptolemy/actor/lib/test/auto/FileWriter3.xml
----------------- Instantiating /home/travis/build/icyphy/ptII/ptolemy/actor/lib/test/auto/FileWriter3.xml
5 ms. Memory: 461824K Free: 226315K (49%)
----------------- Invoking toplevel() on ptolemy.moml.MoMLSimpleApplication@470fad81
----------------- Done invoking toplevel() on ptolemy.moml.MoMLSimpleApplication@470fad81
reloadAllAccessors: .FileWriter3

===========================================================================================
----------------- testing Fri Oct 18 06:04:16 UTC 2019 /home/travis/build/icyphy/ptII/ptolemy/actor/lib/test/auto/Gaussian.xml
----------------- Instantiating /home/travis/build/icyphy/ptII/ptolemy/actor/lib/test/auto/Gaussian.xml
3 ms. Memory: 461824K Free: 222219K (48%)
----------------- Invoking toplevel() on ptolemy.moml.MoMLSimpleApplication@62c2d076
----------------- Done invoking toplevel() on ptolemy.moml.MoMLSimpleApplication@62c2d076
reloadAllAccessors: .Gaussian

===========================================================================================
----------------- testing Fri Oct 18 06:04:16 UTC 2019 /home/travis/build/icyphy/ptII/ptolemy/actor/lib/test/auto/Gaussian1.xml
----------------- Instantiating /home/travis/build/icyphy/ptII/ptolemy/actor/lib/test/auto/Gaussian1.xml
2 ms. Memory: 461824K Free: 216571K (47%)
----------------- Invoking toplevel() on ptolemy.moml.MoMLSimpleApplication@14479362
----------------- Done invoking toplevel() on ptolemy.moml.MoMLSimpleApplication@14479362
reloadAllAccessors: .Gaussian1

===========================================================================================
----------------- testing Fri Oct 18 06:04:16 UTC 2019 /home/travis/build/icyphy/ptII/ptolemy/actor/lib/test/auto/Gaussian2.xml
----------------- Instantiating /home/travis/build/icyphy/ptII/ptolemy/actor/lib/test/auto/Gaussian2.xml
10 ms. Memory: 461824K Free: 210955K (46%)
----------------- Invoking toplevel() on ptolemy.moml.MoMLSimpleApplication@1dd58142
----------------- Done invoking toplevel() on ptolemy.moml.MoMLSimpleApplication@1dd58142
reloadAllAccessors: .Gaussian2

===========================================================================================
----------------- testing Fri Oct 18 06:04:16 UTC 2019 /home/travis/build/icyphy/ptII/ptolemy/actor/lib/test/auto/GradientAdaptiveLattice.xml
----------------- Instantiating /home/travis/build/icyphy/ptII/ptolemy/actor/lib/test/auto/GradientAdaptiveLattice.xml
2 ms. Memory: 461824K Free: 206345K (45%)
----------------- Invoking toplevel() on ptolemy.moml.MoMLSimpleApplication@4d318d01
----------------- Done invoking toplevel() on ptolemy.moml.MoMLSimpleApplication@4d318d01
reloadAllAccessors: .GradientAdaptiveLattice

===========================================================================================
----------------- testing Fri Oct 18 06:04:16 UTC 2019 /home/travis/build/icyphy/ptII/ptolemy/actor/lib/test/auto/IIR.xml
----------------- Instantiating /home/travis/build/icyphy/ptII/ptolemy/actor/lib/test/auto/IIR.xml
2 ms. Memory: 461824K Free: 201739K (44%)
----------------- Invoking toplevel() on ptolemy.moml.MoMLSimpleApplication@622be339
----------------- Done invoking toplevel() on ptolemy.moml.MoMLSimpleApplication@622be339
reloadAllAccessors: .IIR

===========================================================================================
----------------- testing Fri Oct 18 06:04:16 UTC 2019 /home/travis/build/icyphy/ptII/ptolemy/actor/lib/test/auto/InputOutputTransparentPorts.xml
----------------- Instantiating /home/travis/build/icyphy/ptII/ptolemy/actor/lib/test/auto/InputOutputTransparentPorts.xml
2 ms. Memory: 461824K Free: 194057K (42%)
----------------- Invoking toplevel() on ptolemy.moml.MoMLSimpleApplication@3d834a80
----------------- Done invoking toplevel() on ptolemy.moml.MoMLSimpleApplication@3d834a80
reloadAllAccessors: .InputOutputTransparentPorts

===========================================================================================
----------------- testing Fri Oct 18 06:04:16 UTC 2019 /home/travis/build/icyphy/ptII/ptolemy/actor/lib/test/auto/Interpolator.xml
----------------- Instantiating /home/travis/build/icyphy/ptII/ptolemy/actor/lib/test/auto/Interpolator.xml
5 ms. Memory: 461824K Free: 189961K (41%)
----------------- Invoking toplevel() on ptolemy.moml.MoMLSimpleApplication@4456781e
----------------- Done invoking toplevel() on ptolemy.moml.MoMLSimpleApplication@4456781e
reloadAllAccessors: .Interpolator

===========================================================================================
----------------- testing Fri Oct 18 06:04:16 UTC 2019 /home/travis/build/icyphy/ptII/ptolemy/actor/lib/test/auto/InterpolatorFiringLimitDE.xml
----------------- Instantiating /home/travis/build/icyphy/ptII/ptolemy/actor/lib/test/auto/InterpolatorFiringLimitDE.xml
2 ms. Memory: 461824K Free: 183817K (40%)
----------------- Invoking toplevel() on ptolemy.moml.MoMLSimpleApplication@48724ab8
----------------- Done invoking toplevel() on ptolemy.moml.MoMLSimpleApplication@48724ab8
reloadAllAccessors: .InterpolatorFiringLimitDE

===========================================================================================
----------------- testing Fri Oct 18 06:04:16 UTC 2019 /home/travis/build/icyphy/ptII/ptolemy/actor/lib/test/auto/Lattice.xml
----------------- Instantiating /home/travis/build/icyphy/ptII/ptolemy/actor/lib/test/auto/Lattice.xml
1 ms. Memory: 461824K Free: 180235K (39%)
----------------- Invoking toplevel() on ptolemy.moml.MoMLSimpleApplication@3f5618a2
----------------- Done invoking toplevel() on ptolemy.moml.MoMLSimpleApplication@3f5618a2
reloadAllAccessors: .Lattice

===========================================================================================
----------------- testing Fri Oct 18 06:04:16 UTC 2019 /home/travis/build/icyphy/ptII/ptolemy/actor/lib/test/auto/LazyAOCTestLazy.xml
----------------- Instantiating /home/travis/build/icyphy/ptII/ptolemy/actor/lib/test/auto/LazyAOCTestLazy.xml
7 ms. Memory: 461824K Free: 174091K (38%)
----------------- Invoking toplevel() on ptolemy.moml.MoMLSimpleApplication@503b84f8
----------------- Done invoking toplevel() on ptolemy.moml.MoMLSimpleApplication@503b84f8
reloadAllAccessors: .LazyAOCTestLazy

===========================================================================================
----------------- testing Fri Oct 18 06:04:16 UTC 2019 /home/travis/build/icyphy/ptII/ptolemy/actor/lib/test/auto/LazyAOCTestNonLazy.xml
----------------- Instantiating /home/travis/build/icyphy/ptII/ptolemy/actor/lib/test/auto/LazyAOCTestNonLazy.xml
3 ms. Memory: 461824K Free: 167433K (36%)
----------------- Invoking toplevel() on ptolemy.moml.MoMLSimpleApplication@5828720
----------------- Done invoking toplevel() on ptolemy.moml.MoMLSimpleApplication@5828720
reloadAllAccessors: .LazyAOCTestNonLazy

===========================================================================================
----------------- testing Fri Oct 18 06:04:16 UTC 2019 /home/travis/build/icyphy/ptII/ptolemy/actor/lib/test/auto/LazyInnerClass.xml
----------------- Instantiating /home/travis/build/icyphy/ptII/ptolemy/actor/lib/test/auto/LazyInnerClass.xml
18 ms. Memory: 461824K Free: 158731K (34%)
----------------- Invoking toplevel() on ptolemy.moml.MoMLSimpleApplication@4a25e319
----------------- Done invoking toplevel() on ptolemy.moml.MoMLSimpleApplication@4a25e319
reloadAllAccessors: .LazyInnerClass

===========================================================================================
----------------- testing Fri Oct 18 06:04:16 UTC 2019 /home/travis/build/icyphy/ptII/ptolemy/actor/lib/test/auto/LazyPubSub.xml
----------------- Instantiating /home/travis/build/icyphy/ptII/ptolemy/actor/lib/test/auto/LazyPubSub.xml
34 ms. Memory: 461824K Free: 148491K (32%)
----------------- Invoking toplevel() on ptolemy.moml.MoMLSimpleApplication@49ba615e
----------------- Done invoking toplevel() on ptolemy.moml.MoMLSimpleApplication@49ba615e
reloadAllAccessors: .LazyPubSub

===========================================================================================
----------------- testing Fri Oct 18 06:04:16 UTC 2019 /home/travis/build/icyphy/ptII/ptolemy/actor/lib/test/auto/LazyPubSub2.xml
----------------- Instantiating /home/travis/build/icyphy/ptII/ptolemy/actor/lib/test/auto/LazyPubSub2.xml
23 ms. Memory: 461824K Free: 411827K (89%)
----------------- Invoking toplevel() on ptolemy.moml.MoMLSimpleApplication@3c997e98
----------------- Done invoking toplevel() on ptolemy.moml.MoMLSimpleApplication@3c997e98
reloadAllAccessors: .LazyPubSub2

===========================================================================================
----------------- testing Fri Oct 18 06:04:16 UTC 2019 /home/travis/build/icyphy/ptII/ptolemy/actor/lib/test/auto/LazyPubSub3.xml
----------------- Instantiating /home/travis/build/icyphy/ptII/ptolemy/actor/lib/test/auto/LazyPubSub3.xml
9 ms. Memory: 461824K Free: 401108K (87%)
----------------- Invoking toplevel() on ptolemy.moml.MoMLSimpleApplication@22300357
----------------- Done invoking toplevel() on ptolemy.moml.MoMLSimpleApplication@22300357
reloadAllAccessors: .LazyPubSub3

===========================================================================================
----------------- testing Fri Oct 18 06:04:16 UTC 2019 /home/travis/build/icyphy/ptII/ptolemy/actor/lib/test/auto/LazySubClassModel.xml
----------------- Instantiating /home/travis/build/icyphy/ptII/ptolemy/actor/lib/test/auto/LazySubClassModel.xml
2 ms. Memory: 461824K Free: 391892K (85%)
----------------- Invoking toplevel() on ptolemy.moml.MoMLSimpleApplication@72558abf
----------------- Done invoking toplevel() on ptolemy.moml.MoMLSimpleApplication@72558abf
reloadAllAccessors: .LazySubClassModel

===========================================================================================
----------------- testing Fri Oct 18 06:04:16 UTC 2019 /home/travis/build/icyphy/ptII/ptolemy/actor/lib/test/auto/LevelCrossTest1.xml
----------------- Instantiating /home/travis/build/icyphy/ptII/ptolemy/actor/lib/test/auto/LevelCrossTest1.xml
1 ms. Memory: 461824K Free: 387282K (84%)
----------------- Invoking toplevel() on ptolemy.moml.MoMLSimpleApplication@2eb61881
----------------- Done invoking toplevel() on ptolemy.moml.MoMLSimpleApplication@2eb61881
reloadAllAccessors: .broken

===========================================================================================
----------------- testing Fri Oct 18 06:04:16 UTC 2019 /home/travis/build/icyphy/ptII/ptolemy/actor/lib/test/auto/LevelCrossTest10.xml
----------------- Instantiating /home/travis/build/icyphy/ptII/ptolemy/actor/lib/test/auto/LevelCrossTest10.xml
1 ms. Memory: 461824K Free: 379604K (82%)
----------------- Invoking toplevel() on ptolemy.moml.MoMLSimpleApplication@7474c7b8
----------------- Done invoking toplevel() on ptolemy.moml.MoMLSimpleApplication@7474c7b8
reloadAllAccessors: .LevelCrossTest10

===========================================================================================
----------------- testing Fri Oct 18 06:04:16 UTC 2019 /home/travis/build/icyphy/ptII/ptolemy/actor/lib/test/auto/LevelCrossTest11.xml
----------------- Instantiating /home/travis/build/icyphy/ptII/ptolemy/actor/lib/test/auto/LevelCrossTest11.xml
1 ms. Memory: 461824K Free: 371922K (81%)
----------------- Invoking toplevel() on ptolemy.moml.MoMLSimpleApplication@539f67f
----------------- Done invoking toplevel() on ptolemy.moml.MoMLSimpleApplication@539f67f
reloadAllAccessors: .LevelCrossTest11

===========================================================================================
----------------- testing Fri Oct 18 06:04:16 UTC 2019 /home/travis/build/icyphy/ptII/ptolemy/actor/lib/test/auto/LevelCrossTest12.xml
----------------- Instantiating /home/travis/build/icyphy/ptII/ptolemy/actor/lib/test/auto/LevelCrossTest12.xml
1 ms. Memory: 461824K Free: 365268K (79%)
----------------- Invoking toplevel() on ptolemy.moml.MoMLSimpleApplication@2810b6eb
----------------- Done invoking toplevel() on ptolemy.moml.MoMLSimpleApplication@2810b6eb
reloadAllAccessors: .LevelCrossTest12

===========================================================================================
----------------- testing Fri Oct 18 06:04:16 UTC 2019 /home/travis/build/icyphy/ptII/ptolemy/actor/lib/test/auto/LevelCrossTest13.xml
----------------- Instantiating /home/travis/build/icyphy/ptII/ptolemy/actor/lib/test/auto/LevelCrossTest13.xml
2 ms. Memory: 461824K Free: 357586K (77%)
----------------- Invoking toplevel() on ptolemy.moml.MoMLSimpleApplication@4564bf5a
----------------- Done invoking toplevel() on ptolemy.moml.MoMLSimpleApplication@4564bf5a
reloadAllAccessors: .LevelCrossTest13

===========================================================================================
----------------- testing Fri Oct 18 06:04:16 UTC 2019 /home/travis/build/icyphy/ptII/ptolemy/actor/lib/test/auto/LevelCrossTest2.xml
----------------- Instantiating /home/travis/build/icyphy/ptII/ptolemy/actor/lib/test/auto/LevelCrossTest2.xml
1 ms. Memory: 461824K Free: 351956K (76%)
----------------- Invoking toplevel() on ptolemy.moml.MoMLSimpleApplication@1b373f83
----------------- Done invoking toplevel() on ptolemy.moml.MoMLSimpleApplication@1b373f83
reloadAllAccessors: .broken

===========================================================================================
----------------- testing Fri Oct 18 06:04:16 UTC 2019 /home/travis/build/icyphy/ptII/ptolemy/actor/lib/test/auto/LevelCrossTest3.xml
----------------- Instantiating /home/travis/build/icyphy/ptII/ptolemy/actor/lib/test/auto/LevelCrossTest3.xml
2 ms. Memory: 461824K Free: 346322K (75%)
----------------- Invoking toplevel() on ptolemy.moml.MoMLSimpleApplication@11e19ec3
----------------- Done invoking toplevel() on ptolemy.moml.MoMLSimpleApplication@11e19ec3
reloadAllAccessors: .LevelCrossTest3

===========================================================================================
----------------- testing Fri Oct 18 06:04:16 UTC 2019 /home/travis/build/icyphy/ptII/ptolemy/actor/lib/test/auto/LevelCrossTest4.xml
----------------- Instantiating /home/travis/build/icyphy/ptII/ptolemy/actor/lib/test/auto/LevelCrossTest4.xml
1 ms. Memory: 461824K Free: 340692K (74%)
----------------- Invoking toplevel() on ptolemy.moml.MoMLSimpleApplication@5fc51eff
----------------- Done invoking toplevel() on ptolemy.moml.MoMLSimpleApplication@5fc51eff
reloadAllAccessors: .broken

===========================================================================================
----------------- testing Fri Oct 18 06:04:16 UTC 2019 /home/travis/build/icyphy/ptII/ptolemy/actor/lib/test/auto/LevelCrossTest5.xml
----------------- Instantiating /home/travis/build/icyphy/ptII/ptolemy/actor/lib/test/auto/LevelCrossTest5.xml
2 ms. Memory: 461824K Free: 334034K (72%)
----------------- Invoking toplevel() on ptolemy.moml.MoMLSimpleApplication@45fb8fbd
----------------- Done invoking toplevel() on ptolemy.moml.MoMLSimpleApplication@45fb8fbd
reloadAllAccessors: .LevelCrossTest5

===========================================================================================
----------------- testing Fri Oct 18 06:04:16 UTC 2019 /home/travis/build/icyphy/ptII/ptolemy/actor/lib/test/auto/LevelCrossTest6.xml
----------------- Instantiating /home/travis/build/icyphy/ptII/ptolemy/actor/lib/test/auto/LevelCrossTest6.xml
1 ms. Memory: 461824K Free: 327380K (71%)
----------------- Invoking toplevel() on ptolemy.moml.MoMLSimpleApplication@490cacfa
----------------- Done invoking toplevel() on ptolemy.moml.MoMLSimpleApplication@490cacfa
reloadAllAccessors: .LevelCrossTest6

===========================================================================================
----------------- testing Fri Oct 18 06:04:16 UTC 2019 /home/travis/build/icyphy/ptII/ptolemy/actor/lib/test/auto/LevelCrossTest7.xml
----------------- Instantiating /home/travis/build/icyphy/ptII/ptolemy/actor/lib/test/auto/LevelCrossTest7.xml
9 ms. Memory: 461824K Free: 320212K (69%)
----------------- Invoking toplevel() on ptolemy.moml.MoMLSimpleApplication@91044c7
----------------- Done invoking toplevel() on ptolemy.moml.MoMLSimpleApplication@91044c7
reloadAllAccessors: .LevelCrossTest7

===========================================================================================
----------------- testing Fri Oct 18 06:04:16 UTC 2019 /home/travis/build/icyphy/ptII/ptolemy/actor/lib/test/auto/LevelCrossTest8.xml
----------------- Instantiating /home/travis/build/icyphy/ptII/ptolemy/actor/lib/test/auto/LevelCrossTest8.xml
3 ms. Memory: 461824K Free: 312530K (68%)
----------------- Invoking toplevel() on ptolemy.moml.MoMLSimpleApplication@4d7c5f6f
----------------- Done invoking toplevel() on ptolemy.moml.MoMLSimpleApplication@4d7c5f6f
reloadAllAccessors: .LevelCrossTest8

===========================================================================================
----------------- testing Fri Oct 18 06:04:16 UTC 2019 /home/travis/build/icyphy/ptII/ptolemy/actor/lib/test/auto/LevelCrossTest9.xml
----------------- Instantiating /home/travis/build/icyphy/ptII/ptolemy/actor/lib/test/auto/LevelCrossTest9.xml
1 ms. Memory: 461824K Free: 305362K (66%)
----------------- Invoking toplevel() on ptolemy.moml.MoMLSimpleApplication@428a8c75
----------------- Done invoking toplevel() on ptolemy.moml.MoMLSimpleApplication@428a8c75
reloadAllAccessors: .LevelCrossTest9

===========================================================================================
----------------- testing Fri Oct 18 06:04:16 UTC 2019 /home/travis/build/icyphy/ptII/ptolemy/actor/lib/test/auto/LevinsonDurbin.xml
----------------- Instantiating /home/travis/build/icyphy/ptII/ptolemy/actor/lib/test/auto/LevinsonDurbin.xml
1 ms. Memory: 461824K Free: 301780K (65%)
----------------- Invoking toplevel() on ptolemy.moml.MoMLSimpleApplication@62671486
----------------- Done invoking toplevel() on ptolemy.moml.MoMLSimpleApplication@62671486
reloadAllAccessors: .LevinsonDurbin

===========================================================================================
----------------- testing Fri Oct 18 06:04:16 UTC 2019 /home/travis/build/icyphy/ptII/ptolemy/actor/lib/test/auto/LevinsonDurbin2.xml
----------------- Instantiating /home/travis/build/icyphy/ptII/ptolemy/actor/lib/test/auto/LevinsonDurbin2.xml
3 ms. Memory: 461824K Free: 297684K (64%)
----------------- Invoking toplevel() on ptolemy.moml.MoMLSimpleApplication@b731563
----------------- Done invoking toplevel() on ptolemy.moml.MoMLSimpleApplication@b731563
reloadAllAccessors: .LevinsonDurbin2

===========================================================================================
----------------- testing Fri Oct 18 06:04:16 UTC 2019 /home/travis/build/icyphy/ptII/ptolemy/actor/lib/test/auto/LevinsonDurbin3.xml
----------------- Instantiating /home/travis/build/icyphy/ptII/ptolemy/actor/lib/test/auto/LevinsonDurbin3.xml
2 ms. Memory: 461824K Free: 293588K (64%)
----------------- Invoking toplevel() on ptolemy.moml.MoMLSimpleApplication@57f4ad09
----------------- Done invoking toplevel() on ptolemy.moml.MoMLSimpleApplication@57f4ad09
reloadAllAccessors: .LevinsonDurbin3

===========================================================================================
----------------- testing Fri Oct 18 06:04:17 UTC 2019 /home/travis/build/icyphy/ptII/ptolemy/actor/lib/test/auto/Limiter.xml
----------------- Instantiating /home/travis/build/icyphy/ptII/ptolemy/actor/lib/test/auto/Limiter.xml
11 ms. Memory: 461824K Free: 284372K (62%)
----------------- Invoking toplevel() on ptolemy.moml.MoMLSimpleApplication@4f549db9
----------------- Done invoking toplevel() on ptolemy.moml.MoMLSimpleApplication@4f549db9
reloadAllAccessors: .Limiter

===========================================================================================
----------------- testing Fri Oct 18 06:04:17 UTC 2019 /home/travis/build/icyphy/ptII/ptolemy/actor/lib/test/auto/LinearDifferenceEquationSystem.xml
----------------- Instantiating /home/travis/build/icyphy/ptII/ptolemy/actor/lib/test/auto/LinearDifferenceEquationSystem.xml
4 ms. Memory: 461824K Free: 277714K (60%)
----------------- Invoking toplevel() on ptolemy.moml.MoMLSimpleApplication@3eb72973
----------------- Done invoking toplevel() on ptolemy.moml.MoMLSimpleApplication@3eb72973
reloadAllAccessors: .LinearDifferenceEquationSystem

===========================================================================================
----------------- testing Fri Oct 18 06:04:17 UTC 2019 /home/travis/build/icyphy/ptII/ptolemy/actor/lib/test/auto/LookupTable.xml
----------------- Instantiating /home/travis/build/icyphy/ptII/ptolemy/actor/lib/test/auto/LookupTable.xml
1 ms. Memory: 461824K Free: 273108K (59%)
----------------- Invoking toplevel() on ptolemy.moml.MoMLSimpleApplication@77adb52b
----------------- Done invoking toplevel() on ptolemy.moml.MoMLSimpleApplication@77adb52b
reloadAllAccessors: .LookupTable

===========================================================================================
----------------- testing Fri Oct 18 06:04:17 UTC 2019 /home/travis/build/icyphy/ptII/ptolemy/actor/lib/test/auto/MathFunction.xml
----------------- Instantiating /home/travis/build/icyphy/ptII/ptolemy/actor/lib/test/auto/MathFunction.xml
2 ms. Memory: 461824K Free: 264916K (57%)
----------------- Invoking toplevel() on ptolemy.moml.MoMLSimpleApplication@589e4ec0
----------------- Done invoking toplevel() on ptolemy.moml.MoMLSimpleApplication@589e4ec0
reloadAllAccessors: .MathFunction

===========================================================================================
----------------- testing Fri Oct 18 06:04:17 UTC 2019 /home/travis/build/icyphy/ptII/ptolemy/actor/lib/test/auto/MathFunction2.xml
----------------- Instantiating /home/travis/build/icyphy/ptII/ptolemy/actor/lib/test/auto/MathFunction2.xml
13 ms. Memory: 461824K Free: 260820K (56%)
----------------- Invoking toplevel() on ptolemy.moml.MoMLSimpleApplication@4e3f9535
----------------- Done invoking toplevel() on ptolemy.moml.MoMLSimpleApplication@4e3f9535
reloadAllAccessors: .MathFunction2

===========================================================================================
----------------- testing Fri Oct 18 06:04:17 UTC 2019 /home/travis/build/icyphy/ptII/ptolemy/actor/lib/test/auto/MathFunction3.xml
----------------- Instantiating /home/travis/build/icyphy/ptII/ptolemy/actor/lib/test/auto/MathFunction3.xml
2 ms. Memory: 461824K Free: 254162K (55%)
----------------- Invoking toplevel() on ptolemy.moml.MoMLSimpleApplication@982fcf
----------------- Done invoking toplevel() on ptolemy.moml.MoMLSimpleApplication@982fcf
reloadAllAccessors: .MathFunction3

===========================================================================================
----------------- testing Fri Oct 18 06:04:17 UTC 2019 /home/travis/build/icyphy/ptII/ptolemy/actor/lib/test/auto/MatrixCropBoolean.xml
----------------- Instantiating /home/travis/build/icyphy/ptII/ptolemy/actor/lib/test/auto/MatrixCropBoolean.xml
2 ms. Memory: 461824K Free: 249012K (54%)
----------------- Invoking toplevel() on ptolemy.moml.MoMLSimpleApplication@3fcdfb20
----------------- Done invoking toplevel() on ptolemy.moml.MoMLSimpleApplication@3fcdfb20
reloadAllAccessors: .MatrixCropBoolean

===========================================================================================
----------------- testing Fri Oct 18 06:04:17 UTC 2019 /home/travis/build/icyphy/ptII/ptolemy/actor/lib/test/auto/MatrixCropComplex.xml
----------------- Instantiating /home/travis/build/icyphy/ptII/ptolemy/actor/lib/test/auto/MatrixCropComplex.xml
2 ms. Memory: 461824K Free: 243892K (53%)
----------------- Invoking toplevel() on ptolemy.moml.MoMLSimpleApplication@29e21cc0
----------------- Done invoking toplevel() on ptolemy.moml.MoMLSimpleApplication@29e21cc0
reloadAllAccessors: .MatrixCropComplex

===========================================================================================
----------------- testing Fri Oct 18 06:04:17 UTC 2019 /home/travis/build/icyphy/ptII/ptolemy/actor/lib/test/auto/MatrixCropDouble.xml
----------------- Instantiating /home/travis/build/icyphy/ptII/ptolemy/actor/lib/test/auto/MatrixCropDouble.xml
2 ms. Memory: 461824K Free: 238772K (52%)
----------------- Invoking toplevel() on ptolemy.moml.MoMLSimpleApplication@5d4f812b
----------------- Done invoking toplevel() on ptolemy.moml.MoMLSimpleApplication@5d4f812b
reloadAllAccessors: .MatrixCropDouble

===========================================================================================
----------------- testing Fri Oct 18 06:04:17 UTC 2019 /home/travis/build/icyphy/ptII/ptolemy/actor/lib/test/auto/MatrixCropFix.xml
----------------- Instantiating /home/travis/build/icyphy/ptII/ptolemy/actor/lib/test/auto/MatrixCropFix.xml
4 ms. Memory: 461824K Free: 234196K (51%)
----------------- Invoking toplevel() on ptolemy.moml.MoMLSimpleApplication@1d818d5
----------------- Done invoking toplevel() on ptolemy.moml.MoMLSimpleApplication@1d818d5
reloadAllAccessors: .MatrixCropFix

===========================================================================================
----------------- testing Fri Oct 18 06:04:17 UTC 2019 /home/travis/build/icyphy/ptII/ptolemy/actor/lib/test/auto/MatrixCropInt.xml
----------------- Instantiating /home/travis/build/icyphy/ptII/ptolemy/actor/lib/test/auto/MatrixCropInt.xml
2 ms. Memory: 461824K Free: 229076K (50%)
----------------- Invoking toplevel() on ptolemy.moml.MoMLSimpleApplication@69708b14
----------------- Done invoking toplevel() on ptolemy.moml.MoMLSimpleApplication@69708b14
reloadAllAccessors: .MatrixCropInt

===========================================================================================
----------------- testing Fri Oct 18 06:04:17 UTC 2019 /home/travis/build/icyphy/ptII/ptolemy/actor/lib/test/auto/MatrixCropLong.xml
----------------- Instantiating /home/travis/build/icyphy/ptII/ptolemy/actor/lib/test/auto/MatrixCropLong.xml
2 ms. Memory: 461824K Free: 223956K (48%)
----------------- Invoking toplevel() on ptolemy.moml.MoMLSimpleApplication@1973a805
----------------- Done invoking toplevel() on ptolemy.moml.MoMLSimpleApplication@1973a805
reloadAllAccessors: .MatrixCropLong

===========================================================================================
----------------- testing Fri Oct 18 06:04:17 UTC 2019 /home/travis/build/icyphy/ptII/ptolemy/actor/lib/test/auto/MatrixToArray.xml
----------------- Instantiating /home/travis/build/icyphy/ptII/ptolemy/actor/lib/test/auto/MatrixToArray.xml
13 ms. Memory: 461824K Free: 208596K (45%)
----------------- Invoking toplevel() on ptolemy.moml.MoMLSimpleApplication@ebe988d
----------------- Done invoking toplevel() on ptolemy.moml.MoMLSimpleApplication@ebe988d
reloadAllAccessors: .MatrixToArray

===========================================================================================
----------------- testing Fri Oct 18 06:04:17 UTC 2019 /home/travis/build/icyphy/ptII/ptolemy/actor/lib/test/auto/MaxIndex.xml
----------------- Instantiating /home/travis/build/icyphy/ptII/ptolemy/actor/lib/test/auto/MaxIndex.xml
2 ms. Memory: 461824K Free: 203476K (44%)
----------------- Invoking toplevel() on ptolemy.moml.MoMLSimpleApplication@541a1582
----------------- Done invoking toplevel() on ptolemy.moml.MoMLSimpleApplication@541a1582
reloadAllAccessors: .MaxIndex

===========================================================================================
----------------- testing Fri Oct 18 06:04:17 UTC 2019 /home/travis/build/icyphy/ptII/ptolemy/actor/lib/test/auto/Maximum.xml
----------------- Instantiating /home/travis/build/icyphy/ptII/ptolemy/actor/lib/test/auto/Maximum.xml
3 ms. Memory: 461824K Free: 197332K (43%)
----------------- Invoking toplevel() on ptolemy.moml.MoMLSimpleApplication@175baff0
----------------- Done invoking toplevel() on ptolemy.moml.MoMLSimpleApplication@175baff0
reloadAllAccessors: .Maximum

===========================================================================================
----------------- testing Fri Oct 18 06:04:17 UTC 2019 /home/travis/build/icyphy/ptII/ptolemy/actor/lib/test/auto/MaximumComplex.xml
----------------- Instantiating /home/travis/build/icyphy/ptII/ptolemy/actor/lib/test/auto/MaximumComplex.xml
5 ms. Memory: 461824K Free: 191188K (41%)
----------------- Invoking toplevel() on ptolemy.moml.MoMLSimpleApplication@351eed07
----------------- Done invoking toplevel() on ptolemy.moml.MoMLSimpleApplication@351eed07
reloadAllAccessors: .MaximumComplex

===========================================================================================
----------------- testing Fri Oct 18 06:04:17 UTC 2019 /home/travis/build/icyphy/ptII/ptolemy/actor/lib/test/auto/MethodCallTest.xml
----------------- Instantiating /home/travis/build/icyphy/ptII/ptolemy/actor/lib/test/auto/MethodCallTest.xml
3 ms. Memory: 461824K Free: 184530K (40%)
----------------- Invoking toplevel() on ptolemy.moml.MoMLSimpleApplication@442ce64a
----------------- Done invoking toplevel() on ptolemy.moml.MoMLSimpleApplication@442ce64a
reloadAllAccessors: .MethodCallTest

===========================================================================================
----------------- testing Fri Oct 18 06:04:17 UTC 2019 /home/travis/build/icyphy/ptII/ptolemy/actor/lib/test/auto/Minimum.xml
----------------- Instantiating /home/travis/build/icyphy/ptII/ptolemy/actor/lib/test/auto/Minimum.xml
3 ms. Memory: 461824K Free: 177876K (39%)
----------------- Invoking toplevel() on ptolemy.moml.MoMLSimpleApplication@56114019
----------------- Done invoking toplevel() on ptolemy.moml.MoMLSimpleApplication@56114019
reloadAllAccessors: .Minimum

===========================================================================================
----------------- testing Fri Oct 18 06:04:17 UTC 2019 /home/travis/build/icyphy/ptII/ptolemy/actor/lib/test/auto/MinimumComplex.xml
----------------- Instantiating /home/travis/build/icyphy/ptII/ptolemy/actor/lib/test/auto/MinimumComplex.xml
3 ms. Memory: 461824K Free: 172228K (37%)
----------------- Invoking toplevel() on ptolemy.moml.MoMLSimpleApplication@e2190a0
----------------- Done invoking toplevel() on ptolemy.moml.MoMLSimpleApplication@e2190a0
reloadAllAccessors: .MinimumComplex

===========================================================================================
----------------- testing Fri Oct 18 06:04:17 UTC 2019 /home/travis/build/icyphy/ptII/ptolemy/actor/lib/test/auto/MinimumMultiports.xml
----------------- Instantiating /home/travis/build/icyphy/ptII/ptolemy/actor/lib/test/auto/MinimumMultiports.xml
4 ms. Memory: 461824K Free: 163540K (35%)
----------------- Invoking toplevel() on ptolemy.moml.MoMLSimpleApplication@1b8914c1
----------------- Done invoking toplevel() on ptolemy.moml.MoMLSimpleApplication@1b8914c1
reloadAllAccessors: .MinimumMultiports

===========================================================================================
----------------- testing Fri Oct 18 06:04:17 UTC 2019 /home/travis/build/icyphy/ptII/ptolemy/actor/lib/test/auto/ModifyDate.xml
----------------- Instantiating /home/travis/build/icyphy/ptII/ptolemy/actor/lib/test/auto/ModifyDate.xml
7 ms. Memory: 461824K Free: 150738K (33%)
----------------- Invoking toplevel() on ptolemy.moml.MoMLSimpleApplication@1bcc94f1
----------------- Done invoking toplevel() on ptolemy.moml.MoMLSimpleApplication@1bcc94f1
reloadAllAccessors: .ModifyDate

===========================================================================================
----------------- testing Fri Oct 18 06:04:17 UTC 2019 /home/travis/build/icyphy/ptII/ptolemy/actor/lib/test/auto/ModifyDate2.xml
----------------- Instantiating /home/travis/build/icyphy/ptII/ptolemy/actor/lib/test/auto/ModifyDate2.xml
6 ms. Memory: 461824K Free: 142036K (31%)
----------------- Invoking toplevel() on ptolemy.moml.MoMLSimpleApplication@555db3b
----------------- Done invoking toplevel() on ptolemy.moml.MoMLSimpleApplication@555db3b
reloadAllAccessors: .ModifyDate2

===========================================================================================
----------------- testing Fri Oct 18 06:04:17 UTC 2019 /home/travis/build/icyphy/ptII/ptolemy/actor/lib/test/auto/MovingAverage.xml
----------------- Instantiating /home/travis/build/icyphy/ptII/ptolemy/actor/lib/test/auto/MovingAverage.xml
1 ms. Memory: 461824K Free: 410801K (89%)
----------------- Invoking toplevel() on ptolemy.moml.MoMLSimpleApplication@519a990c
----------------- Done invoking toplevel() on ptolemy.moml.MoMLSimpleApplication@519a990c
reloadAllAccessors: .MovingAverage

===========================================================================================
----------------- testing Fri Oct 18 06:04:17 UTC 2019 /home/travis/build/icyphy/ptII/ptolemy/actor/lib/test/auto/MovingMaximum.xml
----------------- Instantiating /home/travis/build/icyphy/ptII/ptolemy/actor/lib/test/auto/MovingMaximum.xml
2 ms. Memory: 461824K Free: 406201K (88%)
----------------- Invoking toplevel() on ptolemy.moml.MoMLSimpleApplication@6aff31ce
----------------- Done invoking toplevel() on ptolemy.moml.MoMLSimpleApplication@6aff31ce
reloadAllAccessors: .MovingMaximum

===========================================================================================
----------------- testing Fri Oct 18 06:04:17 UTC 2019 /home/travis/build/icyphy/ptII/ptolemy/actor/lib/test/auto/MultipleLinksToSameRelation.xml
----------------- Instantiating /home/travis/build/icyphy/ptII/ptolemy/actor/lib/test/auto/MultipleLinksToSameRelation.xml
4 ms. Memory: 461824K Free: 402105K (87%)
----------------- Invoking toplevel() on ptolemy.moml.MoMLSimpleApplication@1f61f9f5
----------------- Done invoking toplevel() on ptolemy.moml.MoMLSimpleApplication@1f61f9f5
reloadAllAccessors: .MultipleLinksToSameRelation

===========================================================================================
----------------- testing Fri Oct 18 06:04:17 UTC 2019 /home/travis/build/icyphy/ptII/ptolemy/actor/lib/test/auto/MultipleLinksToSameRelationDE.xml
----------------- Instantiating /home/travis/build/icyphy/ptII/ptolemy/actor/lib/test/auto/MultipleLinksToSameRelationDE.xml
2 ms. Memory: 461824K Free: 397481K (86%)
----------------- Invoking toplevel() on ptolemy.moml.MoMLSimpleApplication@383c6e63
----------------- Done invoking toplevel() on ptolemy.moml.MoMLSimpleApplication@383c6e63
reloadAllAccessors: .MultipleLinksToSameRelationDE

===========================================================================================
----------------- testing Fri Oct 18 06:04:17 UTC 2019 /home/travis/build/icyphy/ptII/ptolemy/actor/lib/test/auto/Multiplexor.xml
----------------- Instantiating /home/travis/build/icyphy/ptII/ptolemy/actor/lib/test/auto/Multiplexor.xml
2 ms. Memory: 461824K Free: 391865K (85%)
----------------- Invoking toplevel() on ptolemy.moml.MoMLSimpleApplication@505d645e
----------------- Done invoking toplevel() on ptolemy.moml.MoMLSimpleApplication@505d645e
reloadAllAccessors: .Multiplexor

===========================================================================================
----------------- testing Fri Oct 18 06:04:17 UTC 2019 /home/travis/build/icyphy/ptII/ptolemy/actor/lib/test/auto/Multiplexor1.xml
----------------- Instantiating /home/travis/build/icyphy/ptII/ptolemy/actor/lib/test/auto/Multiplexor1.xml
2 ms. Memory: 461824K Free: 386201K (84%)
----------------- Invoking toplevel() on ptolemy.moml.MoMLSimpleApplication@73d1d523
----------------- Done invoking toplevel() on ptolemy.moml.MoMLSimpleApplication@73d1d523
reloadAllAccessors: .Multiplexor1

===========================================================================================
----------------- testing Fri Oct 18 06:04:17 UTC 2019 /home/travis/build/icyphy/ptII/ptolemy/actor/lib/test/auto/Multiplexor2.xml
----------------- Instantiating /home/travis/build/icyphy/ptII/ptolemy/actor/lib/test/auto/Multiplexor2.xml
2 ms. Memory: 461824K Free: 380087K (82%)
----------------- Invoking toplevel() on ptolemy.moml.MoMLSimpleApplication@130fc514
----------------- Done invoking toplevel() on ptolemy.moml.MoMLSimpleApplication@130fc514
reloadAllAccessors: .Multiplexor2

===========================================================================================
----------------- testing Fri Oct 18 06:04:17 UTC 2019 /home/travis/build/icyphy/ptII/ptolemy/actor/lib/test/auto/Multiplexor3.xml
----------------- Instantiating /home/travis/build/icyphy/ptII/ptolemy/actor/lib/test/auto/Multiplexor3.xml
2 ms. Memory: 461824K Free: 375991K (81%)
----------------- Invoking toplevel() on ptolemy.moml.MoMLSimpleApplication@79d51ba0
----------------- Done invoking toplevel() on ptolemy.moml.MoMLSimpleApplication@79d51ba0
reloadAllAccessors: .Multiplexor3

===========================================================================================
----------------- testing Fri Oct 18 06:04:17 UTC 2019 /home/travis/build/icyphy/ptII/ptolemy/actor/lib/test/auto/MultiplexorDE.xml
----------------- Instantiating /home/travis/build/icyphy/ptII/ptolemy/actor/lib/test/auto/MultiplexorDE.xml
2 ms. Memory: 461824K Free: 368313K (80%)
----------------- Invoking toplevel() on ptolemy.moml.MoMLSimpleApplication@46ce400c
----------------- Done invoking toplevel() on ptolemy.moml.MoMLSimpleApplication@46ce400c
reloadAllAccessors: .MultiplexorDE

===========================================================================================
----------------- testing Fri Oct 18 06:04:17 UTC 2019 /home/travis/build/icyphy/ptII/ptolemy/actor/lib/test/auto/MultiportBroadcastTest.xml
----------------- Instantiating /home/travis/build/icyphy/ptII/ptolemy/actor/lib/test/auto/MultiportBroadcastTest.xml
93 ms. Memory: 461824K Free: 362169K (78%)
----------------- Invoking toplevel() on ptolemy.moml.MoMLSimpleApplication@685f9ffe
----------------- Done invoking toplevel() on ptolemy.moml.MoMLSimpleApplication@685f9ffe
reloadAllAccessors: .MultiportBroadcastTest

===========================================================================================
----------------- testing Fri Oct 18 06:04:17 UTC 2019 /home/travis/build/icyphy/ptII/ptolemy/actor/lib/test/auto/MultiportOutHangDuringGetWidth.xml
----------------- Instantiating /home/travis/build/icyphy/ptII/ptolemy/actor/lib/test/auto/MultiportOutHangDuringGetWidth.xml
11 ms. Memory: 461824K Free: 349881K (76%)
----------------- Invoking toplevel() on ptolemy.moml.MoMLSimpleApplication@1f952da5
----------------- Done invoking toplevel() on ptolemy.moml.MoMLSimpleApplication@1f952da5
reloadAllAccessors: .MultiportOutHangDuringGetWidth

===========================================================================================
----------------- testing Fri Oct 18 06:04:17 UTC 2019 /home/travis/build/icyphy/ptII/ptolemy/actor/lib/test/auto/NilToken.xml
----------------- Instantiating /home/travis/build/icyphy/ptII/ptolemy/actor/lib/test/auto/NilToken.xml
2 ms. Memory: 461824K Free: 345785K (75%)
----------------- Invoking toplevel() on ptolemy.moml.MoMLSimpleApplication@62cf2ceb
----------------- Done invoking toplevel() on ptolemy.moml.MoMLSimpleApplication@62cf2ceb
reloadAllAccessors: .NilToken

===========================================================================================
----------------- testing Fri Oct 18 06:04:17 UTC 2019 /home/travis/build/icyphy/ptII/ptolemy/actor/lib/test/auto/NilTokenNonStrictTest.xml
----------------- Instantiating /home/travis/build/icyphy/ptII/ptolemy/actor/lib/test/auto/NilTokenNonStrictTest.xml
2 ms. Memory: 461824K Free: 341175K (74%)
----------------- Invoking toplevel() on ptolemy.moml.MoMLSimpleApplication@23dca0e4
----------------- Done invoking toplevel() on ptolemy.moml.MoMLSimpleApplication@23dca0e4
reloadAllAccessors: .NilTokenNonStrictTest

===========================================================================================
----------------- testing Fri Oct 18 06:04:17 UTC 2019 /home/travis/build/icyphy/ptII/ptolemy/actor/lib/test/auto/NilTokenRecord.xml
----------------- Instantiating /home/travis/build/icyphy/ptII/ptolemy/actor/lib/test/auto/NilTokenRecord.xml
7 ms. Memory: 461824K Free: 334521K (72%)
----------------- Invoking toplevel() on ptolemy.moml.MoMLSimpleApplication@ea173
----------------- Done invoking toplevel() on ptolemy.moml.MoMLSimpleApplication@ea173
reloadAllAccessors: .NilTokenRecord

===========================================================================================
----------------- testing Fri Oct 18 06:04:17 UTC 2019 /home/travis/build/icyphy/ptII/ptolemy/actor/lib/test/auto/NilTokenTypeTest.xml
----------------- Instantiating /home/travis/build/icyphy/ptII/ptolemy/actor/lib/test/auto/NilTokenTypeTest.xml
3 ms. Memory: 461824K Free: 324791K (70%)
----------------- Invoking toplevel() on ptolemy.moml.MoMLSimpleApplication@361afe7e
----------------- Done invoking toplevel() on ptolemy.moml.MoMLSimpleApplication@361afe7e
reloadAllAccessors: .NilTokenTypeTest

===========================================================================================
----------------- testing Fri Oct 18 06:04:17 UTC 2019 /home/travis/build/icyphy/ptII/ptolemy/actor/lib/test/auto/ObjectToken1.xml
----------------- Instantiating /home/travis/build/icyphy/ptII/ptolemy/actor/lib/test/auto/ObjectToken1.xml
2 ms. Memory: 461824K Free: 320695K (69%)
----------------- Invoking toplevel() on ptolemy.moml.MoMLSimpleApplication@78f1cdf6
----------------- Done invoking toplevel() on ptolemy.moml.MoMLSimpleApplication@78f1cdf6
reloadAllAccessors: .ObjectToken1

===========================================================================================
----------------- testing Fri Oct 18 06:04:17 UTC 2019 /home/travis/build/icyphy/ptII/ptolemy/actor/lib/test/auto/OrderedMerge.xml
----------------- Instantiating /home/travis/build/icyphy/ptII/ptolemy/actor/lib/test/auto/OrderedMerge.xml
12 ms. Memory: 461824K Free: 315065K (68%)
----------------- Invoking toplevel() on ptolemy.moml.MoMLSimpleApplication@7a316572
----------------- Done invoking toplevel() on ptolemy.moml.MoMLSimpleApplication@7a316572
reloadAllAccessors: .OrderedMerge

===========================================================================================
----------------- testing Fri Oct 18 06:04:18 UTC 2019 /home/travis/build/icyphy/ptII/ptolemy/actor/lib/test/auto/OrderedRecordDisassembler.xml
----------------- Instantiating /home/travis/build/icyphy/ptII/ptolemy/actor/lib/test/auto/OrderedRecordDisassembler.xml
3 ms. Memory: 461824K Free: 309945K (67%)
----------------- Invoking toplevel() on ptolemy.moml.MoMLSimpleApplication@26ee7d2
----------------- Done invoking toplevel() on ptolemy.moml.MoMLSimpleApplication@26ee7d2
reloadAllAccessors: .OrderedRecordDisassembler

===========================================================================================
----------------- testing Fri Oct 18 06:04:18 UTC 2019 /home/travis/build/icyphy/ptII/ptolemy/actor/lib/test/auto/OrderedRecordDisassembler2.xml
----------------- Instantiating /home/travis/build/icyphy/ptII/ptolemy/actor/lib/test/auto/OrderedRecordDisassembler2.xml
5 ms. Memory: 461824K Free: 302777K (66%)
----------------- Invoking toplevel() on ptolemy.moml.MoMLSimpleApplication@1ff9fd0e
----------------- Done invoking toplevel() on ptolemy.moml.MoMLSimpleApplication@1ff9fd0e
reloadAllAccessors: .OrderedRecordDisassembler2

===========================================================================================
----------------- testing Fri Oct 18 06:04:18 UTC 2019 /home/travis/build/icyphy/ptII/ptolemy/actor/lib/test/auto/OrderedRecordUpdater.xml
----------------- Instantiating /home/travis/build/icyphy/ptII/ptolemy/actor/lib/test/auto/OrderedRecordUpdater.xml
1 ms. Memory: 461824K Free: 298167K (65%)
----------------- Invoking toplevel() on ptolemy.moml.MoMLSimpleApplication@27085908
----------------- Done invoking toplevel() on ptolemy.moml.MoMLSimpleApplication@27085908
reloadAllAccessors: .RecordUpdater

===========================================================================================
----------------- testing Fri Oct 18 06:04:18 UTC 2019 /home/travis/build/icyphy/ptII/ptolemy/actor/lib/test/auto/OrderedRecordUpdater2.xml
----------------- Instantiating /home/travis/build/icyphy/ptII/ptolemy/actor/lib/test/auto/OrderedRecordUpdater2.xml
3 ms. Memory: 461824K Free: 293047K (63%)
----------------- Invoking toplevel() on ptolemy.moml.MoMLSimpleApplication@4259cda0
----------------- Done invoking toplevel() on ptolemy.moml.MoMLSimpleApplication@4259cda0
reloadAllAccessors: .RecordUpdater2

===========================================================================================
----------------- testing Fri Oct 18 06:04:18 UTC 2019 /home/travis/build/icyphy/ptII/ptolemy/actor/lib/test/auto/PhaseUnwrap.xml
----------------- Instantiating /home/travis/build/icyphy/ptII/ptolemy/actor/lib/test/auto/PhaseUnwrap.xml
2 ms. Memory: 461824K Free: 288441K (62%)
----------------- Invoking toplevel() on ptolemy.moml.MoMLSimpleApplication@2514694a
----------------- Done invoking toplevel() on ptolemy.moml.MoMLSimpleApplication@2514694a
reloadAllAccessors: .PhaseUnwrap

===========================================================================================
----------------- testing Fri Oct 18 06:04:18 UTC 2019 /home/travis/build/icyphy/ptII/ptolemy/actor/lib/test/auto/PoissonClock.xml
----------------- Instantiating /home/travis/build/icyphy/ptII/ptolemy/actor/lib/test/auto/PoissonClock.xml
3 ms. Memory: 461824K Free: 284345K (62%)
----------------- Invoking toplevel() on ptolemy.moml.MoMLSimpleApplication@75c3a21c
----------------- Done invoking toplevel() on ptolemy.moml.MoMLSimpleApplication@75c3a21c
reloadAllAccessors: .PoissonClock

===========================================================================================
----------------- testing Fri Oct 18 06:04:18 UTC 2019 /home/travis/build/icyphy/ptII/ptolemy/actor/lib/test/auto/PoissonClock2.xml
----------------- Instantiating /home/travis/build/icyphy/ptII/ptolemy/actor/lib/test/auto/PoissonClock2.xml
2 ms. Memory: 461824K Free: 280249K (61%)
----------------- Invoking toplevel() on ptolemy.moml.MoMLSimpleApplication@5e0e69a9
----------------- Done invoking toplevel() on ptolemy.moml.MoMLSimpleApplication@5e0e69a9
reloadAllAccessors: .PoissonClock2

===========================================================================================
----------------- testing Fri Oct 18 06:04:18 UTC 2019 /home/travis/build/icyphy/ptII/ptolemy/actor/lib/test/auto/PoissonClock3.xml
----------------- Instantiating /home/travis/build/icyphy/ptII/ptolemy/actor/lib/test/auto/PoissonClock3.xml
2 ms. Memory: 461824K Free: 276153K (60%)
----------------- Invoking toplevel() on ptolemy.moml.MoMLSimpleApplication@706fa8a
----------------- Done invoking toplevel() on ptolemy.moml.MoMLSimpleApplication@706fa8a
reloadAllAccessors: .PoissonClock3

===========================================================================================
----------------- testing Fri Oct 18 06:04:18 UTC 2019 /home/travis/build/icyphy/ptII/ptolemy/actor/lib/test/auto/PubSubWithInitialTokens.xml
----------------- Instantiating /home/travis/build/icyphy/ptII/ptolemy/actor/lib/test/auto/PubSubWithInitialTokens.xml
2 ms. Memory: 461824K Free: 270489K (59%)
----------------- Invoking toplevel() on ptolemy.moml.MoMLSimpleApplication@2efd0eb5
----------------- Done invoking toplevel() on ptolemy.moml.MoMLSimpleApplication@2efd0eb5
reloadAllAccessors: .PubSubWithInitialTokens

===========================================================================================
----------------- testing Fri Oct 18 06:04:18 UTC 2019 /home/travis/build/icyphy/ptII/ptolemy/actor/lib/test/auto/PubSubWithInitialTokens2.xml
----------------- Instantiating /home/travis/build/icyphy/ptII/ptolemy/actor/lib/test/auto/PubSubWithInitialTokens2.xml
2 ms. Memory: 461824K Free: 264369K (57%)
----------------- Invoking toplevel() on ptolemy.moml.MoMLSimpleApplication@7b4ed76b
----------------- Done invoking toplevel() on ptolemy.moml.MoMLSimpleApplication@7b4ed76b
reloadAllAccessors: .PubSubWithInitialTokens2

===========================================================================================
----------------- testing Fri Oct 18 06:04:18 UTC 2019 /home/travis/build/icyphy/ptII/ptolemy/actor/lib/test/auto/PublisherClassNoParameter.xml
----------------- Instantiating /home/travis/build/icyphy/ptII/ptolemy/actor/lib/test/auto/PublisherClassNoParameter.xml
2 ms. Memory: 461824K Free: 254649K (55%)
----------------- Invoking toplevel() on ptolemy.moml.MoMLSimpleApplication@1284b19a
----------------- Done invoking toplevel() on ptolemy.moml.MoMLSimpleApplication@1284b19a
reloadAllAccessors: .PublisherClassNoParameter

===========================================================================================
----------------- testing Fri Oct 18 06:04:18 UTC 2019 /home/travis/build/icyphy/ptII/ptolemy/actor/lib/test/auto/PublisherClassParameter.xml
----------------- Instantiating /home/travis/build/icyphy/ptII/ptolemy/actor/lib/test/auto/PublisherClassParameter.xml
2 ms. Memory: 461824K Free: 243895K (53%)
----------------- Invoking toplevel() on ptolemy.moml.MoMLSimpleApplication@588bfbdc
----------------- Done invoking toplevel() on ptolemy.moml.MoMLSimpleApplication@588bfbdc
reloadAllAccessors: .PublisherClassParameter

===========================================================================================
----------------- testing Fri Oct 18 06:04:18 UTC 2019 /home/travis/build/icyphy/ptII/ptolemy/actor/lib/test/auto/PublisherNonStrictTest.xml
----------------- Instantiating /home/travis/build/icyphy/ptII/ptolemy/actor/lib/test/auto/PublisherNonStrictTest.xml
2 ms. Memory: 461824K Free: 236217K (51%)
----------------- Invoking toplevel() on ptolemy.moml.MoMLSimpleApplication@16b91b8c
----------------- Done invoking toplevel() on ptolemy.moml.MoMLSimpleApplication@16b91b8c
reloadAllAccessors: .PublisherNonStrictTest

===========================================================================================
----------------- testing Fri Oct 18 06:04:18 UTC 2019 /home/travis/build/icyphy/ptII/ptolemy/actor/lib/test/auto/PublisherPort1.xml
----------------- Instantiating /home/travis/build/icyphy/ptII/ptolemy/actor/lib/test/auto/PublisherPort1.xml
2 ms. Memory: 461824K Free: 230569K (50%)
----------------- Invoking toplevel() on ptolemy.moml.MoMLSimpleApplication@3194e100
----------------- Done invoking toplevel() on ptolemy.moml.MoMLSimpleApplication@3194e100
reloadAllAccessors: .PublisherPort1

===========================================================================================
----------------- testing Fri Oct 18 06:04:18 UTC 2019 /home/travis/build/icyphy/ptII/ptolemy/actor/lib/test/auto/PublisherPort2.xml
----------------- Instantiating /home/travis/build/icyphy/ptII/ptolemy/actor/lib/test/auto/PublisherPort2.xml
1 ms. Memory: 461824K Free: 225463K (49%)
----------------- Invoking toplevel() on ptolemy.moml.MoMLSimpleApplication@20a87f53
----------------- Done invoking toplevel() on ptolemy.moml.MoMLSimpleApplication@20a87f53
reloadAllAccessors: .PublisherPort2

===========================================================================================
----------------- testing Fri Oct 18 06:04:18 UTC 2019 /home/travis/build/icyphy/ptII/ptolemy/actor/lib/test/auto/PublisherPort3.xml
----------------- Instantiating /home/travis/build/icyphy/ptII/ptolemy/actor/lib/test/auto/PublisherPort3.xml
3 ms. Memory: 461824K Free: 218809K (47%)
----------------- Invoking toplevel() on ptolemy.moml.MoMLSimpleApplication@38b873bd
----------------- Done invoking toplevel() on ptolemy.moml.MoMLSimpleApplication@38b873bd
reloadAllAccessors: .PublisherPort3

===========================================================================================
----------------- testing Fri Oct 18 06:04:18 UTC 2019 /home/travis/build/icyphy/ptII/ptolemy/actor/lib/test/auto/PublisherPort4.xml
----------------- Instantiating /home/travis/build/icyphy/ptII/ptolemy/actor/lib/test/auto/PublisherPort4.xml
2 ms. Memory: 461824K Free: 213689K (46%)
----------------- Invoking toplevel() on ptolemy.moml.MoMLSimpleApplication@6c25595c
----------------- Done invoking toplevel() on ptolemy.moml.MoMLSimpleApplication@6c25595c
reloadAllAccessors: .PublisherPort4

===========================================================================================
----------------- testing Fri Oct 18 06:04:18 UTC 2019 /home/travis/build/icyphy/ptII/ptolemy/actor/lib/test/auto/PublisherPort5.xml
----------------- Instantiating /home/travis/build/icyphy/ptII/ptolemy/actor/lib/test/auto/PublisherPort5.xml
3 ms. Memory: 461824K Free: 206007K (45%)
----------------- Invoking toplevel() on ptolemy.moml.MoMLSimpleApplication@52a34e3b
----------------- Done invoking toplevel() on ptolemy.moml.MoMLSimpleApplication@52a34e3b
reloadAllAccessors: .PublisherPort5

===========================================================================================
----------------- testing Fri Oct 18 06:04:18 UTC 2019 /home/travis/build/icyphy/ptII/ptolemy/actor/lib/test/auto/PublisherPort5LookAlike.xml
----------------- Instantiating /home/travis/build/icyphy/ptII/ptolemy/actor/lib/test/auto/PublisherPort5LookAlike.xml
8 ms. Memory: 461824K Free: 198329K (43%)
----------------- Invoking toplevel() on ptolemy.moml.MoMLSimpleApplication@635a9b9b
----------------- Done invoking toplevel() on ptolemy.moml.MoMLSimpleApplication@635a9b9b
reloadAllAccessors: .PublisherPort5LookAlike

===========================================================================================
----------------- testing Fri Oct 18 06:04:18 UTC 2019 /home/travis/build/icyphy/ptII/ptolemy/actor/lib/test/auto/PublisherPort6.xml
----------------- Instantiating /home/travis/build/icyphy/ptII/ptolemy/actor/lib/test/auto/PublisherPort6.xml
2 ms. Memory: 461824K Free: 191657K (42%)
----------------- Invoking toplevel() on ptolemy.moml.MoMLSimpleApplication@3827eb65
----------------- Done invoking toplevel() on ptolemy.moml.MoMLSimpleApplication@3827eb65
reloadAllAccessors: .PublisherPort6

===========================================================================================
----------------- testing Fri Oct 18 06:04:18 UTC 2019 /home/travis/build/icyphy/ptII/ptolemy/actor/lib/test/auto/PublisherPort7.xml
----------------- Instantiating /home/travis/build/icyphy/ptII/ptolemy/actor/lib/test/auto/PublisherPort7.xml
3 ms. Memory: 461824K Free: 183993K (40%)
----------------- Invoking toplevel() on ptolemy.moml.MoMLSimpleApplication@5983fd1a
----------------- Done invoking toplevel() on ptolemy.moml.MoMLSimpleApplication@5983fd1a
reloadAllAccessors: .PublisherPort7

===========================================================================================
----------------- testing Fri Oct 18 06:04:18 UTC 2019 /home/travis/build/icyphy/ptII/ptolemy/actor/lib/test/auto/PublisherPort8.xml
----------------- Instantiating /home/travis/build/icyphy/ptII/ptolemy/actor/lib/test/auto/PublisherPort8.xml
4 ms. Memory: 461824K Free: 175287K (38%)
----------------- Invoking toplevel() on ptolemy.moml.MoMLSimpleApplication@36fb1316
----------------- Done invoking toplevel() on ptolemy.moml.MoMLSimpleApplication@36fb1316
reloadAllAccessors: .PublisherPort8

===========================================================================================
----------------- testing Fri Oct 18 06:04:18 UTC 2019 /home/travis/build/icyphy/ptII/ptolemy/actor/lib/test/auto/PublisherPortSubscriberChannelVariablesAOC2.xml
----------------- Instantiating /home/travis/build/icyphy/ptII/ptolemy/actor/lib/test/auto/PublisherPortSubscriberChannelVariablesAOC2.xml
3 ms. Memory: 461824K Free: 157369K (34%)
----------------- Invoking toplevel() on ptolemy.moml.MoMLSimpleApplication@31be18ee
----------------- Done invoking toplevel() on ptolemy.moml.MoMLSimpleApplication@31be18ee
reloadAllAccessors: .PublisherPortSubscriberChannelVariablesAOC2

===========================================================================================
----------------- testing Fri Oct 18 06:04:18 UTC 2019 /home/travis/build/icyphy/ptII/ptolemy/actor/lib/test/auto/PublisherPortSubscriberOpaqueWidthInference.xml
----------------- Instantiating /home/travis/build/icyphy/ptII/ptolemy/actor/lib/test/auto/PublisherPortSubscriberOpaqueWidthInference.xml
4 ms. Memory: 461824K Free: 149177K (32%)
----------------- Invoking toplevel() on ptolemy.moml.MoMLSimpleApplication@43b3f468
----------------- Done invoking toplevel() on ptolemy.moml.MoMLSimpleApplication@43b3f468
reloadAllAccessors: .PublisherPortSubscriberOpaqueWidthInference

===========================================================================================
----------------- testing Fri Oct 18 06:04:18 UTC 2019 /home/travis/build/icyphy/ptII/ptolemy/actor/lib/test/auto/PublisherPortSubscriberPortAdjacent.xml
----------------- Instantiating /home/travis/build/icyphy/ptII/ptolemy/actor/lib/test/auto/PublisherPortSubscriberPortAdjacent.xml
6 ms. Memory: 461824K Free: 140985K (31%)
----------------- Invoking toplevel() on ptolemy.moml.MoMLSimpleApplication@4a9f5bb3
----------------- Done invoking toplevel() on ptolemy.moml.MoMLSimpleApplication@4a9f5bb3
reloadAllAccessors: .PublisherPortSubscriberPortAdjacent

===========================================================================================
----------------- testing Fri Oct 18 06:04:18 UTC 2019 /home/travis/build/icyphy/ptII/ptolemy/actor/lib/test/auto/PublisherPortSubscriberPortExpression.xml
----------------- Instantiating /home/travis/build/icyphy/ptII/ptolemy/actor/lib/test/auto/PublisherPortSubscriberPortExpression.xml
3 ms. Memory: 461824K Free: 406510K (88%)
----------------- Invoking toplevel() on ptolemy.moml.MoMLSimpleApplication@7345d330
----------------- Done invoking toplevel() on ptolemy.moml.MoMLSimpleApplication@7345d330
reloadAllAccessors: .PublisherPortSubscriberPortExpression

===========================================================================================
----------------- testing Fri Oct 18 06:04:18 UTC 2019 /home/travis/build/icyphy/ptII/ptolemy/actor/lib/test/auto/PublisherPortSubscriberPortOpaqueD3Reverse.xml
----------------- Instantiating /home/travis/build/icyphy/ptII/ptolemy/actor/lib/test/auto/PublisherPortSubscriberPortOpaqueD3Reverse.xml
5 ms. Memory: 461824K Free: 396276K (86%)
----------------- Invoking toplevel() on ptolemy.moml.MoMLSimpleApplication@23e2ff1b
----------------- Done invoking toplevel() on ptolemy.moml.MoMLSimpleApplication@23e2ff1b
reloadAllAccessors: .PublisherPortSubscriberPortOpaqueD3Reverse

===========================================================================================
----------------- testing Fri Oct 18 06:04:18 UTC 2019 /home/travis/build/icyphy/ptII/ptolemy/actor/lib/test/auto/PublisherPortSubscriberPortOpaqueWidthInference.xml
----------------- Instantiating /home/travis/build/icyphy/ptII/ptolemy/actor/lib/test/auto/PublisherPortSubscriberPortOpaqueWidthInference.xml
3 ms. Memory: 461824K Free: 389094K (84%)
----------------- Invoking toplevel() on ptolemy.moml.MoMLSimpleApplication@2230265c
----------------- Done invoking toplevel() on ptolemy.moml.MoMLSimpleApplication@2230265c
reloadAllAccessors: .PublisherPortSubscriberPortOpaqueWidthInference

===========================================================================================
----------------- testing Fri Oct 18 06:04:18 UTC 2019 /home/travis/build/icyphy/ptII/ptolemy/actor/lib/test/auto/PublisherPortToplevelSubscriberPortAOC.xml
----------------- Instantiating /home/travis/build/icyphy/ptII/ptolemy/actor/lib/test/auto/PublisherPortToplevelSubscriberPortAOC.xml
.PublisherPortToplevelSubscriberPortAOC.TestExceptionAttribute: initialize() was not invoked, but wrapup() was.  This is unusual, but not always a problem.  For example, exporting JNLP will do this.
1 ms. Memory: 461824K Free: 383478K (83%)
----------------- Invoking toplevel() on ptolemy.moml.MoMLSimpleApplication@6b9e3e5d
----------------- Done invoking toplevel() on ptolemy.moml.MoMLSimpleApplication@6b9e3e5d
reloadAllAccessors: .PublisherPortToplevelSubscriberPortAOC

===========================================================================================
----------------- testing Fri Oct 18 06:04:18 UTC 2019 /home/travis/build/icyphy/ptII/ptolemy/actor/lib/test/auto/PublisherSubscriber.xml
----------------- Instantiating /home/travis/build/icyphy/ptII/ptolemy/actor/lib/test/auto/PublisherSubscriber.xml
2 ms. Memory: 461824K Free: 376310K (81%)
----------------- Invoking toplevel() on ptolemy.moml.MoMLSimpleApplication@6882f339
----------------- Done invoking toplevel() on ptolemy.moml.MoMLSimpleApplication@6882f339
reloadAllAccessors: .PublisherSubscriber

===========================================================================================
----------------- testing Fri Oct 18 06:04:18 UTC 2019 /home/travis/build/icyphy/ptII/ptolemy/actor/lib/test/auto/PublisherSubscriber10.xml
----------------- Instantiating /home/travis/build/icyphy/ptII/ptolemy/actor/lib/test/auto/PublisherSubscriber10.xml
7 ms. Memory: 461824K Free: 366580K (79%)
----------------- Invoking toplevel() on ptolemy.moml.MoMLSimpleApplication@6a3fc0e2
----------------- Done invoking toplevel() on ptolemy.moml.MoMLSimpleApplication@6a3fc0e2
reloadAllAccessors: .PublisherSubscriber10

===========================================================================================
----------------- testing Fri Oct 18 06:04:18 UTC 2019 /home/travis/build/icyphy/ptII/ptolemy/actor/lib/test/auto/PublisherSubscriber10InitialOutputs.xml
----------------- Instantiating /home/travis/build/icyphy/ptII/ptolemy/actor/lib/test/auto/PublisherSubscriber10InitialOutputs.xml
16 ms. Memory: 461824K Free: 357364K (77%)
----------------- Invoking toplevel() on ptolemy.moml.MoMLSimpleApplication@31c5da21
----------------- Done invoking toplevel() on ptolemy.moml.MoMLSimpleApplication@31c5da21
reloadAllAccessors: .PublisherSubscriber10InitialOutputs

===========================================================================================
----------------- testing Fri Oct 18 06:04:18 UTC 2019 /home/travis/build/icyphy/ptII/ptolemy/actor/lib/test/auto/PublisherSubscriber11.xml
----------------- Instantiating /home/travis/build/icyphy/ptII/ptolemy/actor/lib/test/auto/PublisherSubscriber11.xml
3 ms. Memory: 461824K Free: 351206K (76%)
----------------- Invoking toplevel() on ptolemy.moml.MoMLSimpleApplication@2c73227f
----------------- Done invoking toplevel() on ptolemy.moml.MoMLSimpleApplication@2c73227f
reloadAllAccessors: .PublisherSubscriber11

===========================================================================================
----------------- testing Fri Oct 18 06:04:18 UTC 2019 /home/travis/build/icyphy/ptII/ptolemy/actor/lib/test/auto/PublisherSubscriber12.xml
----------------- Instantiating /home/travis/build/icyphy/ptII/ptolemy/actor/lib/test/auto/PublisherSubscriber12.xml
5 ms. Memory: 461824K Free: 344566K (75%)
----------------- Invoking toplevel() on ptolemy.moml.MoMLSimpleApplication@c2fedab
----------------- Done invoking toplevel() on ptolemy.moml.MoMLSimpleApplication@c2fedab
reloadAllAccessors: .PublisherSubscriber12

===========================================================================================
----------------- testing Fri Oct 18 06:04:18 UTC 2019 /home/travis/build/icyphy/ptII/ptolemy/actor/lib/test/auto/PublisherSubscriber13.xml
----------------- Instantiating /home/travis/build/icyphy/ptII/ptolemy/actor/lib/test/auto/PublisherSubscriber13.xml
2 ms. Memory: 461824K Free: 338902K (73%)
----------------- Invoking toplevel() on ptolemy.moml.MoMLSimpleApplication@7a3b9351
----------------- Done invoking toplevel() on ptolemy.moml.MoMLSimpleApplication@7a3b9351
reloadAllAccessors: .PublisherSubscriber13

===========================================================================================
----------------- testing Fri Oct 18 06:04:18 UTC 2019 /home/travis/build/icyphy/ptII/ptolemy/actor/lib/test/auto/PublisherSubscriber14.xml
----------------- Instantiating /home/travis/build/icyphy/ptII/ptolemy/actor/lib/test/auto/PublisherSubscriber14.xml
2 ms. Memory: 461824K Free: 330230K (72%)
----------------- Invoking toplevel() on ptolemy.moml.MoMLSimpleApplication@6f44db0b
----------------- Done invoking toplevel() on ptolemy.moml.MoMLSimpleApplication@6f44db0b
reloadAllAccessors: .PublisherSubscriber14

===========================================================================================
----------------- testing Fri Oct 18 06:04:18 UTC 2019 /home/travis/build/icyphy/ptII/ptolemy/actor/lib/test/auto/PublisherSubscriber2.xml
----------------- Instantiating /home/travis/build/icyphy/ptII/ptolemy/actor/lib/test/auto/PublisherSubscriber2.xml
3 ms. Memory: 461824K Free: 324566K (70%)
----------------- Invoking toplevel() on ptolemy.moml.MoMLSimpleApplication@33eb968
----------------- Done invoking toplevel() on ptolemy.moml.MoMLSimpleApplication@33eb968
reloadAllAccessors: .PublisherSubscriber2

===========================================================================================
----------------- testing Fri Oct 18 06:04:18 UTC 2019 /home/travis/build/icyphy/ptII/ptolemy/actor/lib/test/auto/PublisherSubscriber3.xml
----------------- Instantiating /home/travis/build/icyphy/ptII/ptolemy/actor/lib/test/auto/PublisherSubscriber3.xml
2 ms. Memory: 461824K Free: 318966K (69%)
----------------- Invoking toplevel() on ptolemy.moml.MoMLSimpleApplication@63812bfb
----------------- Done invoking toplevel() on ptolemy.moml.MoMLSimpleApplication@63812bfb
reloadAllAccessors: .PublisherSubscriber3

===========================================================================================
----------------- testing Fri Oct 18 06:04:18 UTC 2019 /home/travis/build/icyphy/ptII/ptolemy/actor/lib/test/auto/PublisherSubscriber4.xml
----------------- Instantiating /home/travis/build/icyphy/ptII/ptolemy/actor/lib/test/auto/PublisherSubscriber4.xml
2 ms. Memory: 461824K Free: 313846K (68%)
----------------- Invoking toplevel() on ptolemy.moml.MoMLSimpleApplication@55cb8f04
----------------- Done invoking toplevel() on ptolemy.moml.MoMLSimpleApplication@55cb8f04
reloadAllAccessors: .PublisherSubscriber4

===========================================================================================
----------------- testing Fri Oct 18 06:04:18 UTC 2019 /home/travis/build/icyphy/ptII/ptolemy/actor/lib/test/auto/PublisherSubscriber5.xml
----------------- Instantiating /home/travis/build/icyphy/ptII/ptolemy/actor/lib/test/auto/PublisherSubscriber5.xml
3 ms. Memory: 461824K Free: 307188K (67%)
----------------- Invoking toplevel() on ptolemy.moml.MoMLSimpleApplication@49ee0f25
----------------- Done invoking toplevel() on ptolemy.moml.MoMLSimpleApplication@49ee0f25
reloadAllAccessors: .PublisherSubscriber5

===========================================================================================
----------------- testing Fri Oct 18 06:04:18 UTC 2019 /home/travis/build/icyphy/ptII/ptolemy/actor/lib/test/auto/PublisherSubscriber6.xml
----------------- Instantiating /home/travis/build/icyphy/ptII/ptolemy/actor/lib/test/auto/PublisherSubscriber6.xml
4 ms. Memory: 461824K Free: 300534K (65%)
----------------- Invoking toplevel() on ptolemy.moml.MoMLSimpleApplication@1302d8fb
----------------- Done invoking toplevel() on ptolemy.moml.MoMLSimpleApplication@1302d8fb
reloadAllAccessors: .PublisherSubscriber6

===========================================================================================
----------------- testing Fri Oct 18 06:04:18 UTC 2019 /home/travis/build/icyphy/ptII/ptolemy/actor/lib/test/auto/PublisherSubscriber7.xml
----------------- Instantiating /home/travis/build/icyphy/ptII/ptolemy/actor/lib/test/auto/PublisherSubscriber7.xml
8 ms. Memory: 461824K Free: 293366K (64%)
----------------- Invoking toplevel() on ptolemy.moml.MoMLSimpleApplication@4e48e7da
----------------- Done invoking toplevel() on ptolemy.moml.MoMLSimpleApplication@4e48e7da
reloadAllAccessors: .PublisherSubscriber7

===========================================================================================
----------------- testing Fri Oct 18 06:04:18 UTC 2019 /home/travis/build/icyphy/ptII/ptolemy/actor/lib/test/auto/PublisherSubscriber8.xml
----------------- Instantiating /home/travis/build/icyphy/ptII/ptolemy/actor/lib/test/auto/PublisherSubscriber8.xml
18 ms. Memory: 461824K Free: 281588K (61%)
----------------- Invoking toplevel() on ptolemy.moml.MoMLSimpleApplication@2f2aeb51
----------------- Done invoking toplevel() on ptolemy.moml.MoMLSimpleApplication@2f2aeb51
reloadAllAccessors: .PublisherSubscriber8

===========================================================================================
----------------- testing Fri Oct 18 06:04:18 UTC 2019 /home/travis/build/icyphy/ptII/ptolemy/actor/lib/test/auto/PublisherSubscriber9.xml
----------------- Instantiating /home/travis/build/icyphy/ptII/ptolemy/actor/lib/test/auto/PublisherSubscriber9.xml
3 ms. Memory: 461824K Free: 274420K (59%)
----------------- Invoking toplevel() on ptolemy.moml.MoMLSimpleApplication@54eeb042
----------------- Done invoking toplevel() on ptolemy.moml.MoMLSimpleApplication@54eeb042
reloadAllAccessors: .PublisherSubscriber9

===========================================================================================
----------------- testing Fri Oct 18 06:04:18 UTC 2019 /home/travis/build/icyphy/ptII/ptolemy/actor/lib/test/auto/PublisherSubscriberAdjacent.xml
----------------- Instantiating /home/travis/build/icyphy/ptII/ptolemy/actor/lib/test/auto/PublisherSubscriberAdjacent.xml
2 ms. Memory: 461824K Free: 265718K (58%)
----------------- Invoking toplevel() on ptolemy.moml.MoMLSimpleApplication@411d061f
----------------- Done invoking toplevel() on ptolemy.moml.MoMLSimpleApplication@411d061f
reloadAllAccessors: .PublisherSubscriberAdjacent

===========================================================================================
----------------- testing Fri Oct 18 06:04:18 UTC 2019 /home/travis/build/icyphy/ptII/ptolemy/actor/lib/test/auto/PublisherSubscriberChannelVariablesAOC2.xml
----------------- Instantiating /home/travis/build/icyphy/ptII/ptolemy/actor/lib/test/auto/PublisherSubscriberChannelVariablesAOC2.xml
5 ms. Memory: 461824K Free: 250854K (54%)
----------------- Invoking toplevel() on ptolemy.moml.MoMLSimpleApplication@756944fe
----------------- Done invoking toplevel() on ptolemy.moml.MoMLSimpleApplication@756944fe
reloadAllAccessors: .PublisherSubscriberChannelVariablesAOC2

===========================================================================================
----------------- testing Fri Oct 18 06:04:18 UTC 2019 /home/travis/build/icyphy/ptII/ptolemy/actor/lib/test/auto/PublisherSubscriberD3.xml
----------------- Instantiating /home/travis/build/icyphy/ptII/ptolemy/actor/lib/test/auto/PublisherSubscriberD3.xml
2 ms. Memory: 461824K Free: 243700K (53%)
----------------- Invoking toplevel() on ptolemy.moml.MoMLSimpleApplication@5fa138ce
----------------- Done invoking toplevel() on ptolemy.moml.MoMLSimpleApplication@5fa138ce
reloadAllAccessors: .PublisherSubscriberD3

===========================================================================================
----------------- testing Fri Oct 18 06:04:18 UTC 2019 /home/travis/build/icyphy/ptII/ptolemy/actor/lib/test/auto/PublisherSubscriberD3Reverse.xml
----------------- Instantiating /home/travis/build/icyphy/ptII/ptolemy/actor/lib/test/auto/PublisherSubscriberD3Reverse.xml
1 ms. Memory: 461824K Free: 237556K (51%)
----------------- Invoking toplevel() on ptolemy.moml.MoMLSimpleApplication@683d854e
----------------- Done invoking toplevel() on ptolemy.moml.MoMLSimpleApplication@683d854e
reloadAllAccessors: .PublisherSubscriberD3Reverse

===========================================================================================
----------------- testing Fri Oct 18 06:04:18 UTC 2019 /home/travis/build/icyphy/ptII/ptolemy/actor/lib/test/auto/PublisherSubscriberExpression.xml
----------------- Instantiating /home/travis/build/icyphy/ptII/ptolemy/actor/lib/test/auto/PublisherSubscriberExpression.xml
3 ms. Memory: 461824K Free: 229334K (50%)
----------------- Invoking toplevel() on ptolemy.moml.MoMLSimpleApplication@4f05e74c
----------------- Done invoking toplevel() on ptolemy.moml.MoMLSimpleApplication@4f05e74c
reloadAllAccessors: .PublisherSubscriberExpression

===========================================================================================
----------------- testing Fri Oct 18 06:04:19 UTC 2019 /home/travis/build/icyphy/ptII/ptolemy/actor/lib/test/auto/PublisherSubscriberOpaque.xml
----------------- Instantiating /home/travis/build/icyphy/ptII/ptolemy/actor/lib/test/auto/PublisherSubscriberOpaque.xml
3 ms. Memory: 461824K Free: 221172K (48%)
----------------- Invoking toplevel() on ptolemy.moml.MoMLSimpleApplication@654fc109
----------------- Done invoking toplevel() on ptolemy.moml.MoMLSimpleApplication@654fc109
reloadAllAccessors: .PublisherSubscriberOpaque

===========================================================================================
----------------- testing Fri Oct 18 06:04:19 UTC 2019 /home/travis/build/icyphy/ptII/ptolemy/actor/lib/test/auto/PublisherSubscriberOpaqueD3.xml
----------------- Instantiating /home/travis/build/icyphy/ptII/ptolemy/actor/lib/test/auto/PublisherSubscriberOpaqueD3.xml
6 ms. Memory: 461824K Free: 209398K (45%)
----------------- Invoking toplevel() on ptolemy.moml.MoMLSimpleApplication@16c023e5
----------------- Done invoking toplevel() on ptolemy.moml.MoMLSimpleApplication@16c023e5
reloadAllAccessors: .PublisherSubscriberOpaqueD3

===========================================================================================
----------------- testing Fri Oct 18 06:04:19 UTC 2019 /home/travis/build/icyphy/ptII/ptolemy/actor/lib/test/auto/PublisherSubscriberOpaqueD3Reverse.xml
----------------- Instantiating /home/travis/build/icyphy/ptII/ptolemy/actor/lib/test/auto/PublisherSubscriberOpaqueD3Reverse.xml
7 ms. Memory: 461824K Free: 198644K (43%)
----------------- Invoking toplevel() on ptolemy.moml.MoMLSimpleApplication@39e7bc6f
----------------- Done invoking toplevel() on ptolemy.moml.MoMLSimpleApplication@39e7bc6f
reloadAllAccessors: .PublisherSubscriberOpaqueD3Reverse

===========================================================================================
----------------- testing Fri Oct 18 06:04:19 UTC 2019 /home/travis/build/icyphy/ptII/ptolemy/actor/lib/test/auto/PublisherSubscriberOpaqueWidthInference.xml
----------------- Instantiating /home/travis/build/icyphy/ptII/ptolemy/actor/lib/test/auto/PublisherSubscriberOpaqueWidthInference.xml
4 ms. Memory: 461824K Free: 190438K (41%)
----------------- Invoking toplevel() on ptolemy.moml.MoMLSimpleApplication@fac7464
----------------- Done invoking toplevel() on ptolemy.moml.MoMLSimpleApplication@fac7464
reloadAllAccessors: .PublisherSubscriberOpaqueWidthInference

===========================================================================================
----------------- testing Fri Oct 18 06:04:19 UTC 2019 /home/travis/build/icyphy/ptII/ptolemy/actor/lib/test/auto/PublisherTestSubscriber.xml
----------------- Instantiating /home/travis/build/icyphy/ptII/ptolemy/actor/lib/test/auto/PublisherTestSubscriber.xml
3 ms. Memory: 461824K Free: 182774K (40%)
----------------- Invoking toplevel() on ptolemy.moml.MoMLSimpleApplication@51572d4a
----------------- Done invoking toplevel() on ptolemy.moml.MoMLSimpleApplication@51572d4a
reloadAllAccessors: .PublisherTestSubscriber

===========================================================================================
----------------- testing Fri Oct 18 06:04:19 UTC 2019 /home/travis/build/icyphy/ptII/ptolemy/actor/lib/test/auto/PublisherToplevelSubscriberPortAOC.xml
----------------- Instantiating /home/travis/build/icyphy/ptII/ptolemy/actor/lib/test/auto/PublisherToplevelSubscriberPortAOC.xml
1 ms. Memory: 461824K Free: 176110K (38%)
----------------- Invoking toplevel() on ptolemy.moml.MoMLSimpleApplication@2f7e6b5b
----------------- Done invoking toplevel() on ptolemy.moml.MoMLSimpleApplication@2f7e6b5b
reloadAllAccessors: .PublisherToplevelSubscriberPortAOC

===========================================================================================
----------------- testing Fri Oct 18 06:04:19 UTC 2019 /home/travis/build/icyphy/ptII/ptolemy/actor/lib/test/auto/PulseFiringLimitDE.xml
----------------- Instantiating /home/travis/build/icyphy/ptII/ptolemy/actor/lib/test/auto/PulseFiringLimitDE.xml
2 ms. Memory: 461824K Free: 169972K (37%)
----------------- Invoking toplevel() on ptolemy.moml.MoMLSimpleApplication@3ae8450f
----------------- Done invoking toplevel() on ptolemy.moml.MoMLSimpleApplication@3ae8450f
reloadAllAccessors: .PulseFiringLimitDE

===========================================================================================
----------------- testing Fri Oct 18 06:04:19 UTC 2019 /home/travis/build/icyphy/ptII/ptolemy/actor/lib/test/auto/Ramp1.xml
----------------- Instantiating /home/travis/build/icyphy/ptII/ptolemy/actor/lib/test/auto/Ramp1.xml
1 ms. Memory: 461824K Free: 165870K (36%)
----------------- Invoking toplevel() on ptolemy.moml.MoMLSimpleApplication@4b9b5498
----------------- Done invoking toplevel() on ptolemy.moml.MoMLSimpleApplication@4b9b5498
reloadAllAccessors: .Ramp1

===========================================================================================
----------------- testing Fri Oct 18 06:04:19 UTC 2019 /home/travis/build/icyphy/ptII/ptolemy/actor/lib/test/auto/RampFiringLimitDE.xml
----------------- Instantiating /home/travis/build/icyphy/ptII/ptolemy/actor/lib/test/auto/RampFiringLimitDE.xml
3 ms. Memory: 461824K Free: 159718K (35%)
----------------- Invoking toplevel() on ptolemy.moml.MoMLSimpleApplication@f96b0a5
----------------- Done invoking toplevel() on ptolemy.moml.MoMLSimpleApplication@f96b0a5
reloadAllAccessors: .RampFiringLimitDE

===========================================================================================
----------------- testing Fri Oct 18 06:04:19 UTC 2019 /home/travis/build/icyphy/ptII/ptolemy/actor/lib/test/auto/RampFiringLimitSDF.xml
----------------- Instantiating /home/travis/build/icyphy/ptII/ptolemy/actor/lib/test/auto/RampFiringLimitSDF.xml
3 ms. Memory: 461824K Free: 154582K (33%)
----------------- Invoking toplevel() on ptolemy.moml.MoMLSimpleApplication@78c42965
----------------- Done invoking toplevel() on ptolemy.moml.MoMLSimpleApplication@78c42965
reloadAllAccessors: .RampFiringLimitSDF

===========================================================================================
----------------- testing Fri Oct 18 06:04:19 UTC 2019 /home/travis/build/icyphy/ptII/ptolemy/actor/lib/test/auto/RandomInteger.xml
----------------- Instantiating /home/travis/build/icyphy/ptII/ptolemy/actor/lib/test/auto/RandomInteger.xml
2 ms. Memory: 461824K Free: 150516K (33%)
----------------- Invoking toplevel() on ptolemy.moml.MoMLSimpleApplication@5c598968
----------------- Done invoking toplevel() on ptolemy.moml.MoMLSimpleApplication@5c598968
reloadAllAccessors: .RandomInteger

===========================================================================================
----------------- testing Fri Oct 18 06:04:19 UTC 2019 /home/travis/build/icyphy/ptII/ptolemy/actor/lib/test/auto/ReadFile1.xml
----------------- Instantiating /home/travis/build/icyphy/ptII/ptolemy/actor/lib/test/auto/ReadFile1.xml
2 ms. Memory: 461824K Free: 145910K (32%)
----------------- Invoking toplevel() on ptolemy.moml.MoMLSimpleApplication@6808b62
----------------- Done invoking toplevel() on ptolemy.moml.MoMLSimpleApplication@6808b62
reloadAllAccessors: .ReadFile1

===========================================================================================
----------------- testing Fri Oct 18 06:04:19 UTC 2019 /home/travis/build/icyphy/ptII/ptolemy/actor/lib/test/auto/ReadFile2.xml
----------------- Instantiating /home/travis/build/icyphy/ptII/ptolemy/actor/lib/test/auto/ReadFile2.xml
1 ms. Memory: 461824K Free: 141814K (31%)
----------------- Invoking toplevel() on ptolemy.moml.MoMLSimpleApplication@13afcdb0
----------------- Done invoking toplevel() on ptolemy.moml.MoMLSimpleApplication@13afcdb0
reloadAllAccessors: .ReadFile2

===========================================================================================
----------------- testing Fri Oct 18 06:04:19 UTC 2019 /home/travis/build/icyphy/ptII/ptolemy/actor/lib/test/auto/Reader.xml
----------------- Instantiating /home/travis/build/icyphy/ptII/ptolemy/actor/lib/test/auto/Reader.xml
actor.lib.Reader is obsolete, use actor.lib.io.ExpressionReader instead
5 ms. Memory: 461824K Free: 411220K (89%)
----------------- Invoking toplevel() on ptolemy.moml.MoMLSimpleApplication@38b2528c
----------------- Done invoking toplevel() on ptolemy.moml.MoMLSimpleApplication@38b2528c
reloadAllAccessors: .Reader

===========================================================================================
----------------- testing Fri Oct 18 06:04:19 UTC 2019 /home/travis/build/icyphy/ptII/ptolemy/actor/lib/test/auto/RecordAssemblerDisplayNameTest.xml
----------------- Instantiating /home/travis/build/icyphy/ptII/ptolemy/actor/lib/test/auto/RecordAssemblerDisplayNameTest.xml
3610 ms. Memory: 461824K Free: 265614K (58%)
----------------- Invoking toplevel() on ptolemy.moml.MoMLSimpleApplication@24e887c
----------------- Done invoking toplevel() on ptolemy.moml.MoMLSimpleApplication@24e887c
reloadAllAccessors: .RecordAssemblerDisplayNameTest

===========================================================================================
----------------- testing Fri Oct 18 06:04:22 UTC 2019 /home/travis/build/icyphy/ptII/ptolemy/actor/lib/test/auto/RecordAssemblerTypeError.xml
----------------- Instantiating /home/travis/build/icyphy/ptII/ptolemy/actor/lib/test/auto/RecordAssemblerTypeError.xml
4 ms. Memory: 461824K Free: 255884K (55%)
----------------- Invoking toplevel() on ptolemy.moml.MoMLSimpleApplication@3bdb074f
----------------- Done invoking toplevel() on ptolemy.moml.MoMLSimpleApplication@3bdb074f
reloadAllAccessors: .RecordAssemblerTypeError

===========================================================================================
----------------- testing Fri Oct 18 06:04:22 UTC 2019 /home/travis/build/icyphy/ptII/ptolemy/actor/lib/test/auto/RecordDisassember.xml
----------------- Instantiating /home/travis/build/icyphy/ptII/ptolemy/actor/lib/test/auto/RecordDisassember.xml
3 ms. Memory: 461824K Free: 251278K (54%)
----------------- Invoking toplevel() on ptolemy.moml.MoMLSimpleApplication@30f875b7
----------------- Done invoking toplevel() on ptolemy.moml.MoMLSimpleApplication@30f875b7
reloadAllAccessors: .RecordDisassember

===========================================================================================
----------------- testing Fri Oct 18 06:04:22 UTC 2019 /home/travis/build/icyphy/ptII/ptolemy/actor/lib/test/auto/RecordDisassemberDisplayNameTest.xml
----------------- Instantiating /home/travis/build/icyphy/ptII/ptolemy/actor/lib/test/auto/RecordDisassemberDisplayNameTest.xml
5 ms. Memory: 461824K Free: 242572K (53%)
----------------- Invoking toplevel() on ptolemy.moml.MoMLSimpleApplication@1fa222b5
----------------- Done invoking toplevel() on ptolemy.moml.MoMLSimpleApplication@1fa222b5
reloadAllAccessors: .RecordDisassemberDisplayNameTest

===========================================================================================
----------------- testing Fri Oct 18 06:04:22 UTC 2019 /home/travis/build/icyphy/ptII/ptolemy/actor/lib/test/auto/RecordDisassembler.xml
----------------- Instantiating /home/travis/build/icyphy/ptII/ptolemy/actor/lib/test/auto/RecordDisassembler.xml
3 ms. Memory: 461824K Free: 237422K (51%)
----------------- Invoking toplevel() on ptolemy.moml.MoMLSimpleApplication@3dc2c05f
----------------- Done invoking toplevel() on ptolemy.moml.MoMLSimpleApplication@3dc2c05f
reloadAllAccessors: .RecordDisassembler

===========================================================================================
----------------- testing Fri Oct 18 06:04:22 UTC 2019 /home/travis/build/icyphy/ptII/ptolemy/actor/lib/test/auto/RecordDisassembler2.xml
----------------- Instantiating /home/travis/build/icyphy/ptII/ptolemy/actor/lib/test/auto/RecordDisassembler2.xml
2 ms. Memory: 461824K Free: 232302K (50%)
----------------- Invoking toplevel() on ptolemy.moml.MoMLSimpleApplication@1874270b
----------------- Done invoking toplevel() on ptolemy.moml.MoMLSimpleApplication@1874270b
reloadAllAccessors: .RecordDisassembler2

===========================================================================================
----------------- testing Fri Oct 18 06:04:22 UTC 2019 /home/travis/build/icyphy/ptII/ptolemy/actor/lib/test/auto/RecordUpdater.xml
----------------- Instantiating /home/travis/build/icyphy/ptII/ptolemy/actor/lib/test/auto/RecordUpdater.xml
2 ms. Memory: 461824K Free: 227212K (49%)
----------------- Invoking toplevel() on ptolemy.moml.MoMLSimpleApplication@b485788
----------------- Done invoking toplevel() on ptolemy.moml.MoMLSimpleApplication@b485788
reloadAllAccessors: .RecordUpdater

===========================================================================================
----------------- testing Fri Oct 18 06:04:22 UTC 2019 /home/travis/build/icyphy/ptII/ptolemy/actor/lib/test/auto/RecordUpdater2.xml
----------------- Instantiating /home/travis/build/icyphy/ptII/ptolemy/actor/lib/test/auto/RecordUpdater2.xml
2 ms. Memory: 461824K Free: 222092K (48%)
----------------- Invoking toplevel() on ptolemy.moml.MoMLSimpleApplication@59b27803
----------------- Done invoking toplevel() on ptolemy.moml.MoMLSimpleApplication@59b27803
reloadAllAccessors: .RecordUpdater2

===========================================================================================
----------------- testing Fri Oct 18 06:04:22 UTC 2019 /home/travis/build/icyphy/ptII/ptolemy/actor/lib/test/auto/RecursiveLattice.xml
----------------- Instantiating /home/travis/build/icyphy/ptII/ptolemy/actor/lib/test/auto/RecursiveLattice.xml
1 ms. Memory: 461824K Free: 217996K (47%)
----------------- Invoking toplevel() on ptolemy.moml.MoMLSimpleApplication@134f73f1
----------------- Done invoking toplevel() on ptolemy.moml.MoMLSimpleApplication@134f73f1
reloadAllAccessors: .RecursiveLattice

===========================================================================================
----------------- testing Fri Oct 18 06:04:23 UTC 2019 /home/travis/build/icyphy/ptII/ptolemy/actor/lib/test/auto/Router.xml
----------------- Instantiating /home/travis/build/icyphy/ptII/ptolemy/actor/lib/test/auto/Router.xml
3004 ms. Memory: 461824K Free: 207246K (45%)
----------------- Invoking toplevel() on ptolemy.moml.MoMLSimpleApplication@6d30e6c9
----------------- Done invoking toplevel() on ptolemy.moml.MoMLSimpleApplication@6d30e6c9
reloadAllAccessors: .Router

===========================================================================================
----------------- testing Fri Oct 18 06:04:26 UTC 2019 /home/travis/build/icyphy/ptII/ptolemy/actor/lib/test/auto/Router2.xml
----------------- Instantiating /home/travis/build/icyphy/ptII/ptolemy/actor/lib/test/auto/Router2.xml
3003 ms. Memory: 461824K Free: 196492K (43%)
----------------- Invoking toplevel() on ptolemy.moml.MoMLSimpleApplication@42b4fd5e
----------------- Done invoking toplevel() on ptolemy.moml.MoMLSimpleApplication@42b4fd5e
reloadAllAccessors: .Router2

===========================================================================================
----------------- testing Fri Oct 18 06:04:29 UTC 2019 /home/travis/build/icyphy/ptII/ptolemy/actor/lib/test/auto/RunningMaximum.xml
----------------- Instantiating /home/travis/build/icyphy/ptII/ptolemy/actor/lib/test/auto/RunningMaximum.xml
1 ms. Memory: 461824K Free: 191886K (42%)
----------------- Invoking toplevel() on ptolemy.moml.MoMLSimpleApplication@66b312b0
----------------- Done invoking toplevel() on ptolemy.moml.MoMLSimpleApplication@66b312b0
reloadAllAccessors: .RunningMaximum

===========================================================================================
----------------- testing Fri Oct 18 06:04:29 UTC 2019 /home/travis/build/icyphy/ptII/ptolemy/actor/lib/test/auto/RunningMinimum.xml
----------------- Instantiating /home/travis/build/icyphy/ptII/ptolemy/actor/lib/test/auto/RunningMinimum.xml
9 ms. Memory: 461824K Free: 187276K (41%)
----------------- Invoking toplevel() on ptolemy.moml.MoMLSimpleApplication@6a72701e
----------------- Done invoking toplevel() on ptolemy.moml.MoMLSimpleApplication@6a72701e
reloadAllAccessors: .RunningMinimum

===========================================================================================
----------------- testing Fri Oct 18 06:04:29 UTC 2019 /home/travis/build/icyphy/ptII/ptolemy/actor/lib/test/auto/Scale.xml
----------------- Instantiating /home/travis/build/icyphy/ptII/ptolemy/actor/lib/test/auto/Scale.xml
1 ms. Memory: 461824K Free: 182670K (40%)
----------------- Invoking toplevel() on ptolemy.moml.MoMLSimpleApplication@4671ff7c
----------------- Done invoking toplevel() on ptolemy.moml.MoMLSimpleApplication@4671ff7c
reloadAllAccessors: .Scale

===========================================================================================
----------------- testing Fri Oct 18 06:04:29 UTC 2019 /home/travis/build/icyphy/ptII/ptolemy/actor/lib/test/auto/Scale2.xml
----------------- Instantiating /home/travis/build/icyphy/ptII/ptolemy/actor/lib/test/auto/Scale2.xml
8 ms. Memory: 461824K Free: 178060K (39%)
----------------- Invoking toplevel() on ptolemy.moml.MoMLSimpleApplication@59f50702
----------------- Done invoking toplevel() on ptolemy.moml.MoMLSimpleApplication@59f50702
reloadAllAccessors: .Scale2

===========================================================================================
----------------- testing Fri Oct 18 06:04:29 UTC 2019 /home/travis/build/icyphy/ptII/ptolemy/actor/lib/test/auto/Scale3.xml
----------------- Instantiating /home/travis/build/icyphy/ptII/ptolemy/actor/lib/test/auto/Scale3.xml
7 ms. Memory: 461824K Free: 171916K (37%)
----------------- Invoking toplevel() on ptolemy.moml.MoMLSimpleApplication@3aefd073
----------------- Done invoking toplevel() on ptolemy.moml.MoMLSimpleApplication@3aefd073
reloadAllAccessors: .Scale3

===========================================================================================
----------------- testing Fri Oct 18 06:04:29 UTC 2019 /home/travis/build/icyphy/ptII/ptolemy/actor/lib/test/auto/ScaleArray.xml
----------------- Instantiating /home/travis/build/icyphy/ptII/ptolemy/actor/lib/test/auto/ScaleArray.xml
2 ms. Memory: 461824K Free: 167310K (36%)
----------------- Invoking toplevel() on ptolemy.moml.MoMLSimpleApplication@3931c7cc
----------------- Done invoking toplevel() on ptolemy.moml.MoMLSimpleApplication@3931c7cc
reloadAllAccessors: .ScaleArray

===========================================================================================
----------------- testing Fri Oct 18 06:04:29 UTC 2019 /home/travis/build/icyphy/ptII/ptolemy/actor/lib/test/auto/ScaleArray2.xml
----------------- Instantiating /home/travis/build/icyphy/ptII/ptolemy/actor/lib/test/auto/ScaleArray2.xml
1 ms. Memory: 461824K Free: 162700K (35%)
----------------- Invoking toplevel() on ptolemy.moml.MoMLSimpleApplication@6de06b7f
----------------- Done invoking toplevel() on ptolemy.moml.MoMLSimpleApplication@6de06b7f
reloadAllAccessors: .ScaleArray2

===========================================================================================
----------------- testing Fri Oct 18 06:04:29 UTC 2019 /home/travis/build/icyphy/ptII/ptolemy/actor/lib/test/auto/ScaleMatrix.xml
----------------- Instantiating /home/travis/build/icyphy/ptII/ptolemy/actor/lib/test/auto/ScaleMatrix.xml
178 ms. Memory: 461824K Free: 147340K (32%)
----------------- Invoking toplevel() on ptolemy.moml.MoMLSimpleApplication@34879c0a
----------------- Done invoking toplevel() on ptolemy.moml.MoMLSimpleApplication@34879c0a
reloadAllAccessors: .ScaleMatrix

===========================================================================================
----------------- testing Fri Oct 18 06:04:29 UTC 2019 /home/travis/build/icyphy/ptII/ptolemy/actor/lib/test/auto/Select.xml
----------------- Instantiating /home/travis/build/icyphy/ptII/ptolemy/actor/lib/test/auto/Select.xml
2 ms. Memory: 461824K Free: 141166K (31%)
----------------- Invoking toplevel() on ptolemy.moml.MoMLSimpleApplication@18ff61bd
----------------- Done invoking toplevel() on ptolemy.moml.MoMLSimpleApplication@18ff61bd
reloadAllAccessors: .Select

===========================================================================================
----------------- testing Fri Oct 18 06:04:29 UTC 2019 /home/travis/build/icyphy/ptII/ptolemy/actor/lib/test/auto/Select2.xml
----------------- Instantiating /home/travis/build/icyphy/ptII/ptolemy/actor/lib/test/auto/Select2.xml
1 ms. Memory: 461824K Free: 409720K (89%)
----------------- Invoking toplevel() on ptolemy.moml.MoMLSimpleApplication@4da1db5
----------------- Done invoking toplevel() on ptolemy.moml.MoMLSimpleApplication@4da1db5
reloadAllAccessors: .Select2

===========================================================================================
----------------- testing Fri Oct 18 06:04:29 UTC 2019 /home/travis/build/icyphy/ptII/ptolemy/actor/lib/test/auto/SequenceToArray2.xml
----------------- Instantiating /home/travis/build/icyphy/ptII/ptolemy/actor/lib/test/auto/SequenceToArray2.xml
99 ms. Memory: 461824K Free: 385144K (83%)
----------------- Invoking toplevel() on ptolemy.moml.MoMLSimpleApplication@4e0c9b9a
----------------- Done invoking toplevel() on ptolemy.moml.MoMLSimpleApplication@4e0c9b9a
reloadAllAccessors: .SequenceToArray2

===========================================================================================
----------------- testing Fri Oct 18 06:04:29 UTC 2019 /home/travis/build/icyphy/ptII/ptolemy/actor/lib/test/auto/SequentialClock.xml
----------------- Instantiating /home/travis/build/icyphy/ptII/ptolemy/actor/lib/test/auto/SequentialClock.xml
2 ms. Memory: 461824K Free: 381048K (83%)
----------------- Invoking toplevel() on ptolemy.moml.MoMLSimpleApplication@6b4503d7
----------------- Done invoking toplevel() on ptolemy.moml.MoMLSimpleApplication@6b4503d7
reloadAllAccessors: .SequentialClock

===========================================================================================
----------------- testing Fri Oct 18 06:04:29 UTC 2019 /home/travis/build/icyphy/ptII/ptolemy/actor/lib/test/auto/SetVariable.xml
----------------- Instantiating /home/travis/build/icyphy/ptII/ptolemy/actor/lib/test/auto/SetVariable.xml
2 ms. Memory: 461824K Free: 376438K (82%)
----------------- Invoking toplevel() on ptolemy.moml.MoMLSimpleApplication@6020c07a
----------------- Done invoking toplevel() on ptolemy.moml.MoMLSimpleApplication@6020c07a
reloadAllAccessors: .SetVariable

===========================================================================================
----------------- testing Fri Oct 18 06:04:29 UTC 2019 /home/travis/build/icyphy/ptII/ptolemy/actor/lib/test/auto/SetVariable2.xml
----------------- Instantiating /home/travis/build/icyphy/ptII/ptolemy/actor/lib/test/auto/SetVariable2.xml
5 ms. Memory: 461824K Free: 371318K (80%)
----------------- Invoking toplevel() on ptolemy.moml.MoMLSimpleApplication@edd71f0
----------------- Done invoking toplevel() on ptolemy.moml.MoMLSimpleApplication@edd71f0
reloadAllAccessors: .SetVariable2

===========================================================================================
----------------- testing Fri Oct 18 06:04:29 UTC 2019 /home/travis/build/icyphy/ptII/ptolemy/actor/lib/test/auto/SetVariable3.xml
----------------- Instantiating /home/travis/build/icyphy/ptII/ptolemy/actor/lib/test/auto/SetVariable3.xml
7 ms. Memory: 461824K Free: 366198K (79%)
----------------- Invoking toplevel() on ptolemy.moml.MoMLSimpleApplication@5e7c40b1
----------------- Done invoking toplevel() on ptolemy.moml.MoMLSimpleApplication@5e7c40b1
reloadAllAccessors: .SetVariable3

===========================================================================================
----------------- testing Fri Oct 18 06:04:29 UTC 2019 /home/travis/build/icyphy/ptII/ptolemy/actor/lib/test/auto/SetVariable4.xml
----------------- Instantiating /home/travis/build/icyphy/ptII/ptolemy/actor/lib/test/auto/SetVariable4.xml
16 ms. Memory: 461824K Free: 356470K (77%)
----------------- Invoking toplevel() on ptolemy.moml.MoMLSimpleApplication@52fc63ce
----------------- Done invoking toplevel() on ptolemy.moml.MoMLSimpleApplication@52fc63ce
reloadAllAccessors: .SetVariable4

===========================================================================================
----------------- testing Fri Oct 18 06:04:29 UTC 2019 /home/travis/build/icyphy/ptII/ptolemy/actor/lib/test/auto/SetVariable5.xml
----------------- Instantiating /home/travis/build/icyphy/ptII/ptolemy/actor/lib/test/auto/SetVariable5.xml
15 ms. Memory: 461824K Free: 347256K (75%)
----------------- Invoking toplevel() on ptolemy.moml.MoMLSimpleApplication@1392495b
----------------- Done invoking toplevel() on ptolemy.moml.MoMLSimpleApplication@1392495b
reloadAllAccessors: .SetVariable5

===========================================================================================
----------------- testing Fri Oct 18 06:04:29 UTC 2019 /home/travis/build/icyphy/ptII/ptolemy/actor/lib/test/auto/Sinewave.xml
----------------- Instantiating /home/travis/build/icyphy/ptII/ptolemy/actor/lib/test/auto/Sinewave.xml
4 ms. Memory: 461824K Free: 337016K (73%)
----------------- Invoking toplevel() on ptolemy.moml.MoMLSimpleApplication@3239e5e4
----------------- Done invoking toplevel() on ptolemy.moml.MoMLSimpleApplication@3239e5e4
reloadAllAccessors: .Sinewave

===========================================================================================
----------------- testing Fri Oct 18 06:04:29 UTC 2019 /home/travis/build/icyphy/ptII/ptolemy/actor/lib/test/auto/Sinewave2.xml
----------------- Instantiating /home/travis/build/icyphy/ptII/ptolemy/actor/lib/test/auto/Sinewave2.xml
6 ms. Memory: 461824K Free: 329320K (71%)
----------------- Invoking toplevel() on ptolemy.moml.MoMLSimpleApplication@6469fac0
----------------- Done invoking toplevel() on ptolemy.moml.MoMLSimpleApplication@6469fac0
reloadAllAccessors: .Sinewave2

===========================================================================================
----------------- testing Fri Oct 18 06:04:29 UTC 2019 /home/travis/build/icyphy/ptII/ptolemy/actor/lib/test/auto/Sinewave3.xml
----------------- Instantiating /home/travis/build/icyphy/ptII/ptolemy/actor/lib/test/auto/Sinewave3.xml
16 ms. Memory: 461824K Free: 320632K (69%)
----------------- Invoking toplevel() on ptolemy.moml.MoMLSimpleApplication@685b9b43
----------------- Done invoking toplevel() on ptolemy.moml.MoMLSimpleApplication@685b9b43
reloadAllAccessors: .Sinewave3

===========================================================================================
----------------- testing Fri Oct 18 06:04:29 UTC 2019 /home/travis/build/icyphy/ptII/ptolemy/actor/lib/test/auto/SingleEvent.xml
----------------- Instantiating /home/travis/build/icyphy/ptII/ptolemy/actor/lib/test/auto/SingleEvent.xml
1 ms. Memory: 461824K Free: 316536K (69%)
----------------- Invoking toplevel() on ptolemy.moml.MoMLSimpleApplication@319eb9fe
----------------- Done invoking toplevel() on ptolemy.moml.MoMLSimpleApplication@319eb9fe
reloadAllAccessors: .SingleEvent

===========================================================================================
----------------- testing Fri Oct 18 06:04:29 UTC 2019 /home/travis/build/icyphy/ptII/ptolemy/actor/lib/test/auto/Sleep.xml
----------------- Instantiating /home/travis/build/icyphy/ptII/ptolemy/actor/lib/test/auto/Sleep.xml
6003 ms. Memory: 461824K Free: 310888K (67%)
----------------- Invoking toplevel() on ptolemy.moml.MoMLSimpleApplication@8bdfb85
----------------- Done invoking toplevel() on ptolemy.moml.MoMLSimpleApplication@8bdfb85
reloadAllAccessors: .Sleep

===========================================================================================
----------------- testing Fri Oct 18 06:04:35 UTC 2019 /home/travis/build/icyphy/ptII/ptolemy/actor/lib/test/auto/SleepMultipleFire.xml
----------------- Instantiating /home/travis/build/icyphy/ptII/ptolemy/actor/lib/test/auto/SleepMultipleFire.xml
1005 ms. Memory: 461824K Free: 305272K (66%)
----------------- Invoking toplevel() on ptolemy.moml.MoMLSimpleApplication@7511ce
----------------- Done invoking toplevel() on ptolemy.moml.MoMLSimpleApplication@7511ce
reloadAllAccessors: .SleepMultipleFire

===========================================================================================
----------------- testing Fri Oct 18 06:04:36 UTC 2019 /home/travis/build/icyphy/ptII/ptolemy/actor/lib/test/auto/StopDE.xml
----------------- Instantiating /home/travis/build/icyphy/ptII/ptolemy/actor/lib/test/auto/StopDE.xml
3 ms. Memory: 461824K Free: 299638K (65%)
----------------- Invoking toplevel() on ptolemy.moml.MoMLSimpleApplication@4c000017
----------------- Done invoking toplevel() on ptolemy.moml.MoMLSimpleApplication@4c000017
reloadAllAccessors: .StopDE

===========================================================================================
----------------- testing Fri Oct 18 06:04:36 UTC 2019 /home/travis/build/icyphy/ptII/ptolemy/actor/lib/test/auto/StopSDF.xml
----------------- Instantiating /home/travis/build/icyphy/ptII/ptolemy/actor/lib/test/auto/StopSDF.xml
3 ms. Memory: 461824K Free: 294518K (64%)
----------------- Invoking toplevel() on ptolemy.moml.MoMLSimpleApplication@c504edc
----------------- Done invoking toplevel() on ptolemy.moml.MoMLSimpleApplication@c504edc
reloadAllAccessors: .StopSDF

===========================================================================================
----------------- testing Fri Oct 18 06:04:36 UTC 2019 /home/travis/build/icyphy/ptII/ptolemy/actor/lib/test/auto/StringConstant.xml
----------------- Instantiating /home/travis/build/icyphy/ptII/ptolemy/actor/lib/test/auto/StringConstant.xml
10 ms. Memory: 461824K Free: 289912K (63%)
----------------- Invoking toplevel() on ptolemy.moml.MoMLSimpleApplication@356aedd
----------------- Done invoking toplevel() on ptolemy.moml.MoMLSimpleApplication@356aedd
reloadAllAccessors: .StringConstant

===========================================================================================
----------------- testing Fri Oct 18 06:04:36 UTC 2019 /home/travis/build/icyphy/ptII/ptolemy/actor/lib/test/auto/SubscriberPortInitialValues1.xml
----------------- Instantiating /home/travis/build/icyphy/ptII/ptolemy/actor/lib/test/auto/SubscriberPortInitialValues1.xml
12 ms. Memory: 461824K Free: 281206K (61%)
----------------- Invoking toplevel() on ptolemy.moml.MoMLSimpleApplication@28b33cb9
----------------- Done invoking toplevel() on ptolemy.moml.MoMLSimpleApplication@28b33cb9
reloadAllAccessors: .SubscriberPortInitialValues1

===========================================================================================
----------------- testing Fri Oct 18 06:04:36 UTC 2019 /home/travis/build/icyphy/ptII/ptolemy/actor/lib/test/auto/SubscriberPortInitialValues13.xml
----------------- Instantiating /home/travis/build/icyphy/ptII/ptolemy/actor/lib/test/auto/SubscriberPortInitialValues13.xml
5 ms. Memory: 461824K Free: 268408K (58%)
----------------- Invoking toplevel() on ptolemy.moml.MoMLSimpleApplication@68b3ee5a
----------------- Done invoking toplevel() on ptolemy.moml.MoMLSimpleApplication@68b3ee5a
reloadAllAccessors: .SubscriberPortInitialValues13

===========================================================================================
----------------- testing Fri Oct 18 06:04:36 UTC 2019 /home/travis/build/icyphy/ptII/ptolemy/actor/lib/test/auto/SubscriberPortInitialValues14.xml
----------------- Instantiating /home/travis/build/icyphy/ptII/ptolemy/actor/lib/test/auto/SubscriberPortInitialValues14.xml
4 ms. Memory: 461824K Free: 260726K (56%)
----------------- Invoking toplevel() on ptolemy.moml.MoMLSimpleApplication@34578dbe
----------------- Done invoking toplevel() on ptolemy.moml.MoMLSimpleApplication@34578dbe
reloadAllAccessors: .SubscriberPortInitialValues14

===========================================================================================
----------------- testing Fri Oct 18 06:04:36 UTC 2019 /home/travis/build/icyphy/ptII/ptolemy/actor/lib/test/auto/SubscriberPortInitialValues2.xml
----------------- Instantiating /home/travis/build/icyphy/ptII/ptolemy/actor/lib/test/auto/SubscriberPortInitialValues2.xml
5 ms. Memory: 461824K Free: 253048K (55%)
----------------- Invoking toplevel() on ptolemy.moml.MoMLSimpleApplication@18a4dbd7
----------------- Done invoking toplevel() on ptolemy.moml.MoMLSimpleApplication@18a4dbd7
reloadAllAccessors: .SubscriberPortInitialValues2

===========================================================================================
----------------- testing Fri Oct 18 06:04:37 UTC 2019 /home/travis/build/icyphy/ptII/ptolemy/actor/lib/test/auto/SubscriberPortInitialValues3.xml
----------------- Instantiating /home/travis/build/icyphy/ptII/ptolemy/actor/lib/test/auto/SubscriberPortInitialValues3.xml
5 ms. Memory: 461824K Free: 241270K (52%)
----------------- Invoking toplevel() on ptolemy.moml.MoMLSimpleApplication@2be3b8c2
----------------- Done invoking toplevel() on ptolemy.moml.MoMLSimpleApplication@2be3b8c2
reloadAllAccessors: .SubscriberPortInitialValues3

===========================================================================================
----------------- testing Fri Oct 18 06:04:37 UTC 2019 /home/travis/build/icyphy/ptII/ptolemy/actor/lib/test/auto/SubscriptionAggregator.xml
----------------- Instantiating /home/travis/build/icyphy/ptII/ptolemy/actor/lib/test/auto/SubscriptionAggregator.xml
3 ms. Memory: 461824K Free: 234616K (51%)
----------------- Invoking toplevel() on ptolemy.moml.MoMLSimpleApplication@1da14431
----------------- Done invoking toplevel() on ptolemy.moml.MoMLSimpleApplication@1da14431
reloadAllAccessors: .SubscriptionAggregator

===========================================================================================
----------------- testing Fri Oct 18 06:04:37 UTC 2019 /home/travis/build/icyphy/ptII/ptolemy/actor/lib/test/auto/SubscriptionAggregator2.xml
----------------- Instantiating /home/travis/build/icyphy/ptII/ptolemy/actor/lib/test/auto/SubscriptionAggregator2.xml
3 ms. Memory: 461824K Free: 227952K (49%)
----------------- Invoking toplevel() on ptolemy.moml.MoMLSimpleApplication@5a7ac7e5
----------------- Done invoking toplevel() on ptolemy.moml.MoMLSimpleApplication@5a7ac7e5
reloadAllAccessors: .SubscriptionAggregator2

===========================================================================================
----------------- testing Fri Oct 18 06:04:37 UTC 2019 /home/travis/build/icyphy/ptII/ptolemy/actor/lib/test/auto/SubscriptionAggregator3.xml
----------------- Instantiating /home/travis/build/icyphy/ptII/ptolemy/actor/lib/test/auto/SubscriptionAggregator3.xml
4 ms. Memory: 461824K Free: 219256K (47%)
----------------- Invoking toplevel() on ptolemy.moml.MoMLSimpleApplication@71ba184
----------------- Done invoking toplevel() on ptolemy.moml.MoMLSimpleApplication@71ba184
reloadAllAccessors: .SubscriptionAggregator3

===========================================================================================
----------------- testing Fri Oct 18 06:04:37 UTC 2019 /home/travis/build/icyphy/ptII/ptolemy/actor/lib/test/auto/SubscriptionAggregatorMultiply.xml
----------------- Instantiating /home/travis/build/icyphy/ptII/ptolemy/actor/lib/test/auto/SubscriptionAggregatorMultiply.xml
10 ms. Memory: 461824K Free: 210550K (46%)
----------------- Invoking toplevel() on ptolemy.moml.MoMLSimpleApplication@637f0832
----------------- Done invoking toplevel() on ptolemy.moml.MoMLSimpleApplication@637f0832
reloadAllAccessors: .SubscriptionAggregatorMultiply

===========================================================================================
----------------- testing Fri Oct 18 06:04:37 UTC 2019 /home/travis/build/icyphy/ptII/ptolemy/actor/lib/test/auto/SubscriptionAggregatorPortMultiply1.xml
----------------- Instantiating /home/travis/build/icyphy/ptII/ptolemy/actor/lib/test/auto/SubscriptionAggregatorPortMultiply1.xml
3 ms. Memory: 461824K Free: 202358K (44%)
----------------- Invoking toplevel() on ptolemy.moml.MoMLSimpleApplication@45c8f79e
----------------- Done invoking toplevel() on ptolemy.moml.MoMLSimpleApplication@45c8f79e
reloadAllAccessors: .SubscriptionAggregatorPortMultiply1

===========================================================================================
----------------- testing Fri Oct 18 06:04:37 UTC 2019 /home/travis/build/icyphy/ptII/ptolemy/actor/lib/test/auto/Switch.xml
----------------- Instantiating /home/travis/build/icyphy/ptII/ptolemy/actor/lib/test/auto/Switch.xml
9 ms. Memory: 461824K Free: 194166K (42%)
----------------- Invoking toplevel() on ptolemy.moml.MoMLSimpleApplication@18d01f65
----------------- Done invoking toplevel() on ptolemy.moml.MoMLSimpleApplication@18d01f65
reloadAllAccessors: .Switch

===========================================================================================
----------------- testing Fri Oct 18 06:04:37 UTC 2019 /home/travis/build/icyphy/ptII/ptolemy/actor/lib/test/auto/Switch2.xml
----------------- Instantiating /home/travis/build/icyphy/ptII/ptolemy/actor/lib/test/auto/Switch2.xml
1 ms. Memory: 461824K Free: 189560K (41%)
----------------- Invoking toplevel() on ptolemy.moml.MoMLSimpleApplication@6c253331
----------------- Done invoking toplevel() on ptolemy.moml.MoMLSimpleApplication@6c253331
reloadAllAccessors: .Switch2

===========================================================================================
----------------- testing Fri Oct 18 06:04:37 UTC 2019 /home/travis/build/icyphy/ptII/ptolemy/actor/lib/test/auto/SwitchDE.xml
----------------- Instantiating /home/travis/build/icyphy/ptII/ptolemy/actor/lib/test/auto/SwitchDE.xml
4 ms. Memory: 461824K Free: 183416K (40%)
----------------- Invoking toplevel() on ptolemy.moml.MoMLSimpleApplication@48f80b15
----------------- Done invoking toplevel() on ptolemy.moml.MoMLSimpleApplication@48f80b15
reloadAllAccessors: .SwitchDE

===========================================================================================
----------------- testing Fri Oct 18 06:04:37 UTC 2019 /home/travis/build/icyphy/ptII/ptolemy/actor/lib/test/auto/SynchronizerDE.xml
----------------- Instantiating /home/travis/build/icyphy/ptII/ptolemy/actor/lib/test/auto/SynchronizerDE.xml
6 ms. Memory: 461824K Free: 175224K (38%)
----------------- Invoking toplevel() on ptolemy.moml.MoMLSimpleApplication@6b817279
----------------- Done invoking toplevel() on ptolemy.moml.MoMLSimpleApplication@6b817279
reloadAllAccessors: .SynchronizerDE

===========================================================================================
----------------- testing Fri Oct 18 06:04:37 UTC 2019 /home/travis/build/icyphy/ptII/ptolemy/actor/lib/test/auto/Test.xml
----------------- Instantiating /home/travis/build/icyphy/ptII/ptolemy/actor/lib/test/auto/Test.xml
2 ms. Memory: 461824K Free: 170104K (37%)
----------------- Invoking toplevel() on ptolemy.moml.MoMLSimpleApplication@18918547
----------------- Done invoking toplevel() on ptolemy.moml.MoMLSimpleApplication@18918547
reloadAllAccessors: .Test

===========================================================================================
----------------- testing Fri Oct 18 06:04:37 UTC 2019 /home/travis/build/icyphy/ptII/ptolemy/actor/lib/test/auto/TestExceptionAttribute1.xml
----------------- Instantiating /home/travis/build/icyphy/ptII/ptolemy/actor/lib/test/auto/TestExceptionAttribute1.xml
2 ms. Memory: 461824K Free: 166518K (36%)
----------------- Invoking toplevel() on ptolemy.moml.MoMLSimpleApplication@1369d7f9
----------------- Done invoking toplevel() on ptolemy.moml.MoMLSimpleApplication@1369d7f9
reloadAllAccessors: .TestExceptionAttribute1

===========================================================================================
----------------- testing Fri Oct 18 06:04:37 UTC 2019 /home/travis/build/icyphy/ptII/ptolemy/actor/lib/test/auto/TestExceptionAttribute2.xml
----------------- Instantiating /home/travis/build/icyphy/ptII/ptolemy/actor/lib/test/auto/TestExceptionAttribute2.xml
1 ms. Memory: 461824K Free: 162936K (35%)
----------------- Invoking toplevel() on ptolemy.moml.MoMLSimpleApplication@518771e6
----------------- Done invoking toplevel() on ptolemy.moml.MoMLSimpleApplication@518771e6
reloadAllAccessors: .TestExceptionAttribute2

===========================================================================================
----------------- testing Fri Oct 18 06:04:37 UTC 2019 /home/travis/build/icyphy/ptII/ptolemy/actor/lib/test/auto/TestExceptionAttribute3.xml
----------------- Instantiating /home/travis/build/icyphy/ptII/ptolemy/actor/lib/test/auto/TestExceptionAttribute3.xml
.TestExceptionAttribute3.TestExceptionAttribute: initialize() was not invoked, but wrapup() was.  This is unusual, but not always a problem.  For example, exporting JNLP will do this.
1 ms. Memory: 461824K Free: 157816K (34%)
----------------- Invoking toplevel() on ptolemy.moml.MoMLSimpleApplication@647795c4
----------------- Done invoking toplevel() on ptolemy.moml.MoMLSimpleApplication@647795c4
reloadAllAccessors: .TestExceptionAttribute3

===========================================================================================
----------------- testing Fri Oct 18 06:04:37 UTC 2019 /home/travis/build/icyphy/ptII/ptolemy/actor/lib/test/auto/TestExceptionAttribute4.xml
----------------- Instantiating /home/travis/build/icyphy/ptII/ptolemy/actor/lib/test/auto/TestExceptionAttribute4.xml
.TestExceptionAttribute4.TestExceptionAttribute: initialize() was not invoked, but wrapup() was.  This is unusual, but not always a problem.  For example, exporting JNLP will do this.
.TestExceptionAttribute4.TestExceptionAttribute2: initialize() was not invoked, but wrapup() was.  This is unusual, but not always a problem.  For example, exporting JNLP will do this.
0 ms. Memory: 461824K Free: 153720K (33%)
----------------- Invoking toplevel() on ptolemy.moml.MoMLSimpleApplication@36cddfa
----------------- Done invoking toplevel() on ptolemy.moml.MoMLSimpleApplication@36cddfa
reloadAllAccessors: .TestExceptionAttribute4

===========================================================================================
----------------- testing Fri Oct 18 06:04:37 UTC 2019 /home/travis/build/icyphy/ptII/ptolemy/actor/lib/test/auto/TestExceptionHandler1.xml
----------------- Instantiating /home/travis/build/icyphy/ptII/ptolemy/actor/lib/test/auto/TestExceptionHandler1.xml
1 ms. Memory: 461824K Free: 150134K (33%)
----------------- Invoking toplevel() on ptolemy.moml.MoMLSimpleApplication@6633df56
----------------- Done invoking toplevel() on ptolemy.moml.MoMLSimpleApplication@6633df56
reloadAllAccessors: .TestExceptionHandler1

===========================================================================================
----------------- testing Fri Oct 18 06:04:37 UTC 2019 /home/travis/build/icyphy/ptII/ptolemy/actor/lib/test/auto/TestExceptionHandler2.xml
----------------- Instantiating /home/travis/build/icyphy/ptII/ptolemy/actor/lib/test/auto/TestExceptionHandler2.xml
1 ms. Memory: 461824K Free: 146552K (32%)
----------------- Invoking toplevel() on ptolemy.moml.MoMLSimpleApplication@1d9d5731
----------------- Done invoking toplevel() on ptolemy.moml.MoMLSimpleApplication@1d9d5731
reloadAllAccessors: .TestExceptionHandler2

===========================================================================================
----------------- testing Fri Oct 18 06:04:37 UTC 2019 /home/travis/build/icyphy/ptII/ptolemy/actor/lib/test/auto/TestExceptionHandler3.xml
----------------- Instantiating /home/travis/build/icyphy/ptII/ptolemy/actor/lib/test/auto/TestExceptionHandler3.xml
1 ms. Memory: 461824K Free: 142966K (31%)
----------------- Invoking toplevel() on ptolemy.moml.MoMLSimpleApplication@7d616448
----------------- Done invoking toplevel() on ptolemy.moml.MoMLSimpleApplication@7d616448
reloadAllAccessors: .TestExceptionHandler3

===========================================================================================
----------------- testing Fri Oct 18 06:04:37 UTC 2019 /home/travis/build/icyphy/ptII/ptolemy/actor/lib/test/auto/TestExceptionHandler4.xml
----------------- Instantiating /home/travis/build/icyphy/ptII/ptolemy/actor/lib/test/auto/TestExceptionHandler4.xml
13 ms. Memory: 461824K Free: 411503K (89%)
----------------- Invoking toplevel() on ptolemy.moml.MoMLSimpleApplication@7664aefd
----------------- Done invoking toplevel() on ptolemy.moml.MoMLSimpleApplication@7664aefd
reloadAllAccessors: .TestExceptionHandler4

===========================================================================================
----------------- testing Fri Oct 18 06:04:37 UTC 2019 /home/travis/build/icyphy/ptII/ptolemy/actor/lib/test/auto/TestRequireCorrectOrder.xml
----------------- Instantiating /home/travis/build/icyphy/ptII/ptolemy/actor/lib/test/auto/TestRequireCorrectOrder.xml
12 ms. Memory: 461824K Free: 405873K (88%)
----------------- Invoking toplevel() on ptolemy.moml.MoMLSimpleApplication@223d734a
----------------- Done invoking toplevel() on ptolemy.moml.MoMLSimpleApplication@223d734a
reloadAllAccessors: .TestRequireCorrectOrder

===========================================================================================
----------------- testing Fri Oct 18 06:04:37 UTC 2019 /home/travis/build/icyphy/ptII/ptolemy/actor/lib/test/auto/TestSimple.xml
----------------- Instantiating /home/travis/build/icyphy/ptII/ptolemy/actor/lib/test/auto/TestSimple.xml
2 ms. Memory: 461824K Free: 401263K (87%)
----------------- Invoking toplevel() on ptolemy.moml.MoMLSimpleApplication@6b8b763a
----------------- Done invoking toplevel() on ptolemy.moml.MoMLSimpleApplication@6b8b763a
reloadAllAccessors: .TestSimple

===========================================================================================
----------------- testing Fri Oct 18 06:04:37 UTC 2019 /home/travis/build/icyphy/ptII/ptolemy/actor/lib/test/auto/ThrowModelError.xml
----------------- Instantiating /home/travis/build/icyphy/ptII/ptolemy/actor/lib/test/auto/ThrowModelError.xml
1 ms. Memory: 461824K Free: 396657K (86%)
----------------- Invoking toplevel() on ptolemy.moml.MoMLSimpleApplication@5969957a
----------------- Done invoking toplevel() on ptolemy.moml.MoMLSimpleApplication@5969957a
reloadAllAccessors: .ThrowModelError

===========================================================================================
----------------- testing Fri Oct 18 06:04:37 UTC 2019 /home/travis/build/icyphy/ptII/ptolemy/actor/lib/test/auto/TimeDelayMicrosteps.xml
----------------- Instantiating /home/travis/build/icyphy/ptII/ptolemy/actor/lib/test/auto/TimeDelayMicrosteps.xml
3 ms. Memory: 461824K Free: 389985K (84%)
----------------- Invoking toplevel() on ptolemy.moml.MoMLSimpleApplication@4c00931d
----------------- Done invoking toplevel() on ptolemy.moml.MoMLSimpleApplication@4c00931d
reloadAllAccessors: .TimeDelayMicrosteps

===========================================================================================
----------------- testing Fri Oct 18 06:04:37 UTC 2019 /home/travis/build/icyphy/ptII/ptolemy/actor/lib/test/auto/TimeDelayMicrosteps2.xml
----------------- Instantiating /home/travis/build/icyphy/ptII/ptolemy/actor/lib/test/auto/TimeDelayMicrosteps2.xml
4 ms. Memory: 461824K Free: 382321K (83%)
----------------- Invoking toplevel() on ptolemy.moml.MoMLSimpleApplication@28525b9f
----------------- Done invoking toplevel() on ptolemy.moml.MoMLSimpleApplication@28525b9f
reloadAllAccessors: .TimeDelayMicrosteps2

===========================================================================================
----------------- testing Fri Oct 18 06:04:37 UTC 2019 /home/travis/build/icyphy/ptII/ptolemy/actor/lib/test/auto/TimeDelayMicrosteps3.xml
----------------- Instantiating /home/travis/build/icyphy/ptII/ptolemy/actor/lib/test/auto/TimeDelayMicrosteps3.xml
3 ms. Memory: 461824K Free: 375633K (81%)
----------------- Invoking toplevel() on ptolemy.moml.MoMLSimpleApplication@27e33b71
----------------- Done invoking toplevel() on ptolemy.moml.MoMLSimpleApplication@27e33b71
reloadAllAccessors: .TimeDelayMicrosteps3

===========================================================================================
----------------- testing Fri Oct 18 06:04:37 UTC 2019 /home/travis/build/icyphy/ptII/ptolemy/actor/lib/test/auto/TimeDelayVariableMicrosteps.xml
----------------- Instantiating /home/travis/build/icyphy/ptII/ptolemy/actor/lib/test/auto/TimeDelayVariableMicrosteps.xml
3 ms. Memory: 461824K Free: 369516K (80%)
----------------- Invoking toplevel() on ptolemy.moml.MoMLSimpleApplication@2020950
----------------- Done invoking toplevel() on ptolemy.moml.MoMLSimpleApplication@2020950
reloadAllAccessors: .TimeDelayVariableMicrosteps

===========================================================================================
----------------- testing Fri Oct 18 06:04:37 UTC 2019 /home/travis/build/icyphy/ptII/ptolemy/actor/lib/test/auto/TimeGap.xml
----------------- Instantiating /home/travis/build/icyphy/ptII/ptolemy/actor/lib/test/auto/TimeGap.xml
5 ms. Memory: 461824K Free: 364385K (79%)
----------------- Invoking toplevel() on ptolemy.moml.MoMLSimpleApplication@694bb4f2
----------------- Done invoking toplevel() on ptolemy.moml.MoMLSimpleApplication@694bb4f2
reloadAllAccessors: .TimeGap

===========================================================================================
----------------- testing Fri Oct 18 06:04:37 UTC 2019 /home/travis/build/icyphy/ptII/ptolemy/actor/lib/test/auto/TimeGap2.xml
----------------- Instantiating /home/travis/build/icyphy/ptII/ptolemy/actor/lib/test/auto/TimeGap2.xml
2 ms. Memory: 461824K Free: 358769K (78%)
----------------- Invoking toplevel() on ptolemy.moml.MoMLSimpleApplication@2c57c19
----------------- Done invoking toplevel() on ptolemy.moml.MoMLSimpleApplication@2c57c19
reloadAllAccessors: .TimeGap2

===========================================================================================
----------------- testing Fri Oct 18 06:04:37 UTC 2019 /home/travis/build/icyphy/ptII/ptolemy/actor/lib/test/auto/TimedSinewave.xml
----------------- Instantiating /home/travis/build/icyphy/ptII/ptolemy/actor/lib/test/auto/TimedSinewave.xml
24 ms. Memory: 461824K Free: 344433K (75%)
----------------- Invoking toplevel() on ptolemy.moml.MoMLSimpleApplication@1325393e
----------------- Done invoking toplevel() on ptolemy.moml.MoMLSimpleApplication@1325393e
reloadAllAccessors: .TimedSinewave

===========================================================================================
----------------- testing Fri Oct 18 06:04:37 UTC 2019 /home/travis/build/icyphy/ptII/ptolemy/actor/lib/test/auto/TimedSinewavePhase.xml
----------------- Instantiating /home/travis/build/icyphy/ptII/ptolemy/actor/lib/test/auto/TimedSinewavePhase.xml
9 ms. Memory: 461824K Free: 334193K (72%)
----------------- Invoking toplevel() on ptolemy.moml.MoMLSimpleApplication@6b9eb625
----------------- Done invoking toplevel() on ptolemy.moml.MoMLSimpleApplication@6b9eb625
reloadAllAccessors: .TimedSinewavePhase

===========================================================================================
----------------- testing Fri Oct 18 06:04:37 UTC 2019 /home/travis/build/icyphy/ptII/ptolemy/actor/lib/test/auto/Timer.xml
----------------- Instantiating /home/travis/build/icyphy/ptII/ptolemy/actor/lib/test/auto/Timer.xml
2 ms. Memory: 461824K Free: 328553K (71%)
----------------- Invoking toplevel() on ptolemy.moml.MoMLSimpleApplication@71efe5a0
----------------- Done invoking toplevel() on ptolemy.moml.MoMLSimpleApplication@71efe5a0
reloadAllAccessors: .Timer

===========================================================================================
----------------- testing Fri Oct 18 06:04:37 UTC 2019 /home/travis/build/icyphy/ptII/ptolemy/actor/lib/test/auto/TriangularDistTestModel.xml
----------------- Instantiating /home/travis/build/icyphy/ptII/ptolemy/actor/lib/test/auto/TriangularDistTestModel.xml
2 ms. Memory: 461824K Free: 322929K (70%)
----------------- Invoking toplevel() on ptolemy.moml.MoMLSimpleApplication@441a99d8
----------------- Done invoking toplevel() on ptolemy.moml.MoMLSimpleApplication@441a99d8
reloadAllAccessors: .TriangularDistTestModel

===========================================================================================
----------------- testing Fri Oct 18 06:04:37 UTC 2019 /home/travis/build/icyphy/ptII/ptolemy/actor/lib/test/auto/TrigFunction.xml
----------------- Instantiating /home/travis/build/icyphy/ptII/ptolemy/actor/lib/test/auto/TrigFunction.xml
1 ms. Memory: 461824K Free: 318319K (69%)
----------------- Invoking toplevel() on ptolemy.moml.MoMLSimpleApplication@7baf1f8f
----------------- Done invoking toplevel() on ptolemy.moml.MoMLSimpleApplication@7baf1f8f
reloadAllAccessors: .TrigFunction

===========================================================================================
----------------- testing Fri Oct 18 06:04:37 UTC 2019 /home/travis/build/icyphy/ptII/ptolemy/actor/lib/test/auto/TrigFunctionDE.xml
----------------- Instantiating /home/travis/build/icyphy/ptII/ptolemy/actor/lib/test/auto/TrigFunctionDE.xml
2 ms. Memory: 461824K Free: 312689K (68%)
----------------- Invoking toplevel() on ptolemy.moml.MoMLSimpleApplication@a03f7b7
----------------- Done invoking toplevel() on ptolemy.moml.MoMLSimpleApplication@a03f7b7
reloadAllAccessors: .TrigFunctionDE

===========================================================================================
----------------- testing Fri Oct 18 06:04:37 UTC 2019 /home/travis/build/icyphy/ptII/ptolemy/actor/lib/test/auto/TrigFunctionInverse.xml
----------------- Instantiating /home/travis/build/icyphy/ptII/ptolemy/actor/lib/test/auto/TrigFunctionInverse.xml
1 ms. Memory: 461824K Free: 307569K (67%)
----------------- Invoking toplevel() on ptolemy.moml.MoMLSimpleApplication@7ecae058
----------------- Done invoking toplevel() on ptolemy.moml.MoMLSimpleApplication@7ecae058
reloadAllAccessors: .TrigFunctionInverse

===========================================================================================
----------------- testing Fri Oct 18 06:04:37 UTC 2019 /home/travis/build/icyphy/ptII/ptolemy/actor/lib/test/auto/TrigFunctionTan.xml
----------------- Instantiating /home/travis/build/icyphy/ptII/ptolemy/actor/lib/test/auto/TrigFunctionTan.xml
1 ms. Memory: 461824K Free: 303473K (66%)
----------------- Invoking toplevel() on ptolemy.moml.MoMLSimpleApplication@294a29bc
----------------- Done invoking toplevel() on ptolemy.moml.MoMLSimpleApplication@294a29bc
reloadAllAccessors: .TrigFunctionTan

===========================================================================================
----------------- testing Fri Oct 18 06:04:37 UTC 2019 /home/travis/build/icyphy/ptII/ptolemy/actor/lib/test/auto/TriggeredClock.xml
----------------- Instantiating /home/travis/build/icyphy/ptII/ptolemy/actor/lib/test/auto/TriggeredClock.xml
1 ms. Memory: 461824K Free: 297833K (64%)
----------------- Invoking toplevel() on ptolemy.moml.MoMLSimpleApplication@35751d84
----------------- Done invoking toplevel() on ptolemy.moml.MoMLSimpleApplication@35751d84
reloadAllAccessors: .TriggeredClock

===========================================================================================
----------------- testing Fri Oct 18 06:04:37 UTC 2019 /home/travis/build/icyphy/ptII/ptolemy/actor/lib/test/auto/URLDirectoryReader.xml
----------------- Instantiating /home/travis/build/icyphy/ptII/ptolemy/actor/lib/test/auto/URLDirectoryReader.xml
43 ms. Memory: 461824K Free: 288113K (62%)
----------------- Invoking toplevel() on ptolemy.moml.MoMLSimpleApplication@42d08c9c
----------------- Done invoking toplevel() on ptolemy.moml.MoMLSimpleApplication@42d08c9c
reloadAllAccessors: .URLDirectoryReader

===========================================================================================
----------------- testing Fri Oct 18 06:04:37 UTC 2019 /home/travis/build/icyphy/ptII/ptolemy/actor/lib/test/auto/URLDirectoryReader3.xml
----------------- Instantiating /home/travis/build/icyphy/ptII/ptolemy/actor/lib/test/auto/URLDirectoryReader3.xml
1363 ms. Memory: 461824K Free: 402712K (87%)
----------------- Invoking toplevel() on ptolemy.moml.MoMLSimpleApplication@5ba062eb
----------------- Done invoking toplevel() on ptolemy.moml.MoMLSimpleApplication@5ba062eb
reloadAllAccessors: .URLDirectoryReader3

===========================================================================================
----------------- testing Fri Oct 18 06:04:39 UTC 2019 /home/travis/build/icyphy/ptII/ptolemy/actor/lib/test/auto/UnaryMathFunction.xml
----------------- Instantiating /home/travis/build/icyphy/ptII/ptolemy/actor/lib/test/auto/UnaryMathFunction.xml
3 ms. Memory: 461824K Free: 395030K (86%)
----------------- Invoking toplevel() on ptolemy.moml.MoMLSimpleApplication@560fbe25
----------------- Done invoking toplevel() on ptolemy.moml.MoMLSimpleApplication@560fbe25
reloadAllAccessors: .UnaryMathFunction

===========================================================================================
----------------- testing Fri Oct 18 06:04:39 UTC 2019 /home/travis/build/icyphy/ptII/ptolemy/actor/lib/test/auto/Uniform.xml
----------------- Instantiating /home/travis/build/icyphy/ptII/ptolemy/actor/lib/test/auto/Uniform.xml
1 ms. Memory: 461824K Free: 390424K (85%)
----------------- Invoking toplevel() on ptolemy.moml.MoMLSimpleApplication@579a7116
----------------- Done invoking toplevel() on ptolemy.moml.MoMLSimpleApplication@579a7116
reloadAllAccessors: .Uniform

===========================================================================================
----------------- testing Fri Oct 18 06:04:39 UTC 2019 /home/travis/build/icyphy/ptII/ptolemy/actor/lib/test/auto/UnionDisassemblerTest.xml
----------------- Instantiating /home/travis/build/icyphy/ptII/ptolemy/actor/lib/test/auto/UnionDisassemblerTest.xml
15 ms. Memory: 461824K Free: 386328K (84%)
----------------- Invoking toplevel() on ptolemy.moml.MoMLSimpleApplication@3716d510
----------------- Done invoking toplevel() on ptolemy.moml.MoMLSimpleApplication@3716d510
reloadAllAccessors: .UnionDisassemblerTest

===========================================================================================
----------------- testing Fri Oct 18 06:04:39 UTC 2019 /home/travis/build/icyphy/ptII/ptolemy/actor/lib/test/auto/UtilityFunctions.xml
----------------- Instantiating /home/travis/build/icyphy/ptII/ptolemy/actor/lib/test/auto/UtilityFunctions.xml
1 ms. Memory: 461824K Free: 382232K (83%)
----------------- Invoking toplevel() on ptolemy.moml.MoMLSimpleApplication@5fe3b40d
----------------- Done invoking toplevel() on ptolemy.moml.MoMLSimpleApplication@5fe3b40d
reloadAllAccessors: .UtilityFunctions

===========================================================================================
----------------- testing Fri Oct 18 06:04:39 UTC 2019 /home/travis/build/icyphy/ptII/ptolemy/actor/lib/test/auto/VariableSleep.xml
----------------- Instantiating /home/travis/build/icyphy/ptII/ptolemy/actor/lib/test/auto/VariableSleep.xml
503 ms. Memory: 461824K Free: 377112K (82%)
----------------- Invoking toplevel() on ptolemy.moml.MoMLSimpleApplication@5950efd5
----------------- Done invoking toplevel() on ptolemy.moml.MoMLSimpleApplication@5950efd5
reloadAllAccessors: .VariableSleep

===========================================================================================
----------------- testing Fri Oct 18 06:04:40 UTC 2019 /home/travis/build/icyphy/ptII/ptolemy/actor/lib/test/auto/VectorAssemblerDisassemblerCT.xml
----------------- Instantiating /home/travis/build/icyphy/ptII/ptolemy/actor/lib/test/auto/VectorAssemblerDisassemblerCT.xml
83 ms. Memory: 461824K Free: 356632K (77%)
----------------- Invoking toplevel() on ptolemy.moml.MoMLSimpleApplication@93a1330
----------------- Done invoking toplevel() on ptolemy.moml.MoMLSimpleApplication@93a1330
reloadAllAccessors: .VectorAssemblerDisassemblerCT

===========================================================================================
----------------- testing Fri Oct 18 06:04:40 UTC 2019 /home/travis/build/icyphy/ptII/ptolemy/actor/lib/test/auto/VectorAssemblerDisassemblerDE.xml
----------------- Instantiating /home/travis/build/icyphy/ptII/ptolemy/actor/lib/test/auto/VectorAssemblerDisassemblerDE.xml
2 ms. Memory: 461824K Free: 349464K (76%)
----------------- Invoking toplevel() on ptolemy.moml.MoMLSimpleApplication@7a0befac
----------------- Done invoking toplevel() on ptolemy.moml.MoMLSimpleApplication@7a0befac
reloadAllAccessors: .VectorAssemblerDisassemblerDE

===========================================================================================
----------------- testing Fri Oct 18 06:04:40 UTC 2019 /home/travis/build/icyphy/ptII/ptolemy/actor/lib/test/auto/VectorAssemblerDisassemblerSDF.xml
----------------- Instantiating /home/travis/build/icyphy/ptII/ptolemy/actor/lib/test/auto/VectorAssemblerDisassemblerSDF.xml
4 ms. Memory: 461824K Free: 342792K (74%)
----------------- Invoking toplevel() on ptolemy.moml.MoMLSimpleApplication@380ea6c7
----------------- Done invoking toplevel() on ptolemy.moml.MoMLSimpleApplication@380ea6c7
reloadAllAccessors: .VectorAssemblerDisassemblerSDF

===========================================================================================
----------------- testing Fri Oct 18 06:04:40 UTC 2019 /home/travis/build/icyphy/ptII/ptolemy/actor/lib/test/auto/WallClockTime.xml
----------------- Instantiating /home/travis/build/icyphy/ptII/ptolemy/actor/lib/test/auto/WallClockTime.xml
1005 ms. Memory: 461824K Free: 337176K (73%)
----------------- Invoking toplevel() on ptolemy.moml.MoMLSimpleApplication@64bc2d5
----------------- Done invoking toplevel() on ptolemy.moml.MoMLSimpleApplication@64bc2d5
reloadAllAccessors: .WallClockTime

===========================================================================================
----------------- testing Fri Oct 18 06:04:41 UTC 2019 /home/travis/build/icyphy/ptII/ptolemy/actor/lib/test/auto/WidthTestWithSubscriberPublisher.xml
----------------- Instantiating /home/travis/build/icyphy/ptII/ptolemy/actor/lib/test/auto/WidthTestWithSubscriberPublisher.xml
8 ms. Memory: 461824K Free: 319254K (69%)
----------------- Invoking toplevel() on ptolemy.moml.MoMLSimpleApplication@2dc15a8
----------------- Done invoking toplevel() on ptolemy.moml.MoMLSimpleApplication@2dc15a8
reloadAllAccessors: .WidthTestWithSubscriberPublisher

===========================================================================================
----------------- testing Fri Oct 18 06:04:41 UTC 2019 /home/travis/build/icyphy/ptII/ptolemy/actor/lib/test/auto/WidthTestWithSubscriberPublisher2.xml
----------------- Instantiating /home/travis/build/icyphy/ptII/ptolemy/actor/lib/test/auto/WidthTestWithSubscriberPublisher2.xml
2 ms. Memory: 461824K Free: 313110K (68%)
----------------- Invoking toplevel() on ptolemy.moml.MoMLSimpleApplication@c09600c
----------------- Done invoking toplevel() on ptolemy.moml.MoMLSimpleApplication@c09600c
reloadAllAccessors: .WidthTestWithSubscriberPublisher2

===========================================================================================
----------------- testing Fri Oct 18 06:04:41 UTC 2019 /home/travis/build/icyphy/ptII/ptolemy/actor/lib/test/auto/WidthTestWithSubscriberPublisher3.xml
----------------- Instantiating /home/travis/build/icyphy/ptII/ptolemy/actor/lib/test/auto/WidthTestWithSubscriberPublisher3.xml
1 ms. Memory: 461824K Free: 307480K (67%)
----------------- Invoking toplevel() on ptolemy.moml.MoMLSimpleApplication@71b75477
----------------- Done invoking toplevel() on ptolemy.moml.MoMLSimpleApplication@71b75477
reloadAllAccessors: .WidthTestWithSubscriberPublisher3

===========================================================================================
----------------- testing Fri Oct 18 06:04:41 UTC 2019 /home/travis/build/icyphy/ptII/ptolemy/actor/lib/test/auto/Writer.xml
----------------- Instantiating /home/travis/build/icyphy/ptII/ptolemy/actor/lib/test/auto/Writer.xml
0
1
2
3
4
2 ms. Memory: 461824K Free: 303384K (66%)
----------------- Invoking toplevel() on ptolemy.moml.MoMLSimpleApplication@33b8967b
----------------- Done invoking toplevel() on ptolemy.moml.MoMLSimpleApplication@33b8967b
reloadAllAccessors: .Writer

===========================================================================================
----------------- testing Fri Oct 18 06:04:41 UTC 2019 /home/travis/build/icyphy/ptII/ptolemy/actor/lib/test/auto/array.xml
----------------- Instantiating /home/travis/build/icyphy/ptII/ptolemy/actor/lib/test/auto/array.xml
3 ms. Memory: 461824K Free: 298264K (65%)
----------------- Invoking toplevel() on ptolemy.moml.MoMLSimpleApplication@37df46d5
----------------- Done invoking toplevel() on ptolemy.moml.MoMLSimpleApplication@37df46d5
reloadAllAccessors: .array

===========================================================================================
----------------- testing Fri Oct 18 06:04:41 UTC 2019 /home/travis/build/icyphy/ptII/ptolemy/actor/lib/test/auto/array2.xml
----------------- Instantiating /home/travis/build/icyphy/ptII/ptolemy/actor/lib/test/auto/array2.xml
5 ms. Memory: 461824K Free: 293144K (63%)
----------------- Invoking toplevel() on ptolemy.moml.MoMLSimpleApplication@7d80afba
----------------- Done invoking toplevel() on ptolemy.moml.MoMLSimpleApplication@7d80afba
reloadAllAccessors: .array2

===========================================================================================
----------------- testing Fri Oct 18 06:04:41 UTC 2019 /home/travis/build/icyphy/ptII/ptolemy/actor/lib/test/auto/arrayType.xml
----------------- Instantiating /home/travis/build/icyphy/ptII/ptolemy/actor/lib/test/auto/arrayType.xml
2 ms. Memory: 461824K Free: 288024K (62%)
----------------- Invoking toplevel() on ptolemy.moml.MoMLSimpleApplication@4b6ba3cc
----------------- Done invoking toplevel() on ptolemy.moml.MoMLSimpleApplication@4b6ba3cc
reloadAllAccessors: .arrayType

===========================================================================================
----------------- testing Fri Oct 18 06:04:41 UTC 2019 /home/travis/build/icyphy/ptII/ptolemy/actor/lib/test/auto/arrayType10.xml
----------------- Instantiating /home/travis/build/icyphy/ptII/ptolemy/actor/lib/test/auto/arrayType10.xml
1 ms. Memory: 461824K Free: 283414K (61%)
----------------- Invoking toplevel() on ptolemy.moml.MoMLSimpleApplication@728322b7
----------------- Done invoking toplevel() on ptolemy.moml.MoMLSimpleApplication@728322b7
reloadAllAccessors: .arrayType10

===========================================================================================
----------------- testing Fri Oct 18 06:04:41 UTC 2019 /home/travis/build/icyphy/ptII/ptolemy/actor/lib/test/auto/arrayType11.xml
----------------- Instantiating /home/travis/build/icyphy/ptII/ptolemy/actor/lib/test/auto/arrayType11.xml
2 ms. Memory: 461824K Free: 278294K (60%)
----------------- Invoking toplevel() on ptolemy.moml.MoMLSimpleApplication@503c574e
----------------- Done invoking toplevel() on ptolemy.moml.MoMLSimpleApplication@503c574e
reloadAllAccessors: .arrayType11

===========================================================================================
----------------- testing Fri Oct 18 06:04:41 UTC 2019 /home/travis/build/icyphy/ptII/ptolemy/actor/lib/test/auto/arrayType12.xml
----------------- Instantiating /home/travis/build/icyphy/ptII/ptolemy/actor/lib/test/auto/arrayType12.xml
2 ms. Memory: 461824K Free: 273174K (59%)
----------------- Invoking toplevel() on ptolemy.moml.MoMLSimpleApplication@59e815c
----------------- Done invoking toplevel() on ptolemy.moml.MoMLSimpleApplication@59e815c
reloadAllAccessors: .arrayType12

===========================================================================================
----------------- testing Fri Oct 18 06:04:41 UTC 2019 /home/travis/build/icyphy/ptII/ptolemy/actor/lib/test/auto/arrayType13.xml
----------------- Instantiating /home/travis/build/icyphy/ptII/ptolemy/actor/lib/test/auto/arrayType13.xml
2 ms. Memory: 461824K Free: 268054K (58%)
----------------- Invoking toplevel() on ptolemy.moml.MoMLSimpleApplication@6d145af0
----------------- Done invoking toplevel() on ptolemy.moml.MoMLSimpleApplication@6d145af0
reloadAllAccessors: .arrayType13

===========================================================================================
----------------- testing Fri Oct 18 06:04:41 UTC 2019 /home/travis/build/icyphy/ptII/ptolemy/actor/lib/test/auto/arrayType14.xml
----------------- Instantiating /home/travis/build/icyphy/ptII/ptolemy/actor/lib/test/auto/arrayType14.xml
2 ms. Memory: 461824K Free: 262934K (57%)
----------------- Invoking toplevel() on ptolemy.moml.MoMLSimpleApplication@793c74e7
----------------- Done invoking toplevel() on ptolemy.moml.MoMLSimpleApplication@793c74e7
reloadAllAccessors: .arrayType14

===========================================================================================
----------------- testing Fri Oct 18 06:04:41 UTC 2019 /home/travis/build/icyphy/ptII/ptolemy/actor/lib/test/auto/arrayType15.xml
----------------- Instantiating /home/travis/build/icyphy/ptII/ptolemy/actor/lib/test/auto/arrayType15.xml
3 ms. Memory: 461824K Free: 257814K (56%)
----------------- Invoking toplevel() on ptolemy.moml.MoMLSimpleApplication@724ad146
----------------- Done invoking toplevel() on ptolemy.moml.MoMLSimpleApplication@724ad146
reloadAllAccessors: .arrayType15

===========================================================================================
----------------- testing Fri Oct 18 06:04:41 UTC 2019 /home/travis/build/icyphy/ptII/ptolemy/actor/lib/test/auto/arrayType16.xml
----------------- Instantiating /home/travis/build/icyphy/ptII/ptolemy/actor/lib/test/auto/arrayType16.xml
2 ms. Memory: 461824K Free: 252184K (55%)
----------------- Invoking toplevel() on ptolemy.moml.MoMLSimpleApplication@195e25e1
----------------- Done invoking toplevel() on ptolemy.moml.MoMLSimpleApplication@195e25e1
reloadAllAccessors: .arrayType16

===========================================================================================
----------------- testing Fri Oct 18 06:04:41 UTC 2019 /home/travis/build/icyphy/ptII/ptolemy/actor/lib/test/auto/arrayType17.xml
----------------- Instantiating /home/travis/build/icyphy/ptII/ptolemy/actor/lib/test/auto/arrayType17.xml
1 ms. Memory: 461824K Free: 247064K (53%)
----------------- Invoking toplevel() on ptolemy.moml.MoMLSimpleApplication@66acf424
----------------- Done invoking toplevel() on ptolemy.moml.MoMLSimpleApplication@66acf424
reloadAllAccessors: .arrayType17

===========================================================================================
----------------- testing Fri Oct 18 06:04:41 UTC 2019 /home/travis/build/icyphy/ptII/ptolemy/actor/lib/test/auto/arrayType18.xml
----------------- Instantiating /home/travis/build/icyphy/ptII/ptolemy/actor/lib/test/auto/arrayType18.xml
1 ms. Memory: 461824K Free: 242454K (52%)
----------------- Invoking toplevel() on ptolemy.moml.MoMLSimpleApplication@47a041f
----------------- Done invoking toplevel() on ptolemy.moml.MoMLSimpleApplication@47a041f
reloadAllAccessors: .arrayType18

===========================================================================================
----------------- testing Fri Oct 18 06:04:41 UTC 2019 /home/travis/build/icyphy/ptII/ptolemy/actor/lib/test/auto/arrayType19.xml
----------------- Instantiating /home/travis/build/icyphy/ptII/ptolemy/actor/lib/test/auto/arrayType19.xml
1 ms. Memory: 461824K Free: 237848K (52%)
----------------- Invoking toplevel() on ptolemy.moml.MoMLSimpleApplication@71b6cc39
----------------- Done invoking toplevel() on ptolemy.moml.MoMLSimpleApplication@71b6cc39
reloadAllAccessors: .arrayType19

===========================================================================================
----------------- testing Fri Oct 18 06:04:41 UTC 2019 /home/travis/build/icyphy/ptII/ptolemy/actor/lib/test/auto/arrayType2.xml
----------------- Instantiating /home/travis/build/icyphy/ptII/ptolemy/actor/lib/test/auto/arrayType2.xml
1 ms. Memory: 461824K Free: 232214K (50%)
----------------- Invoking toplevel() on ptolemy.moml.MoMLSimpleApplication@6b84f36a
----------------- Done invoking toplevel() on ptolemy.moml.MoMLSimpleApplication@6b84f36a
reloadAllAccessors: .arrayType2

===========================================================================================
----------------- testing Fri Oct 18 06:04:41 UTC 2019 /home/travis/build/icyphy/ptII/ptolemy/actor/lib/test/auto/arrayType20.xml
----------------- Instantiating /home/travis/build/icyphy/ptII/ptolemy/actor/lib/test/auto/arrayType20.xml
1 ms. Memory: 461824K Free: 227094K (49%)
----------------- Invoking toplevel() on ptolemy.moml.MoMLSimpleApplication@7e970ddd
----------------- Done invoking toplevel() on ptolemy.moml.MoMLSimpleApplication@7e970ddd
reloadAllAccessors: .arrayType20

===========================================================================================
----------------- testing Fri Oct 18 06:04:41 UTC 2019 /home/travis/build/icyphy/ptII/ptolemy/actor/lib/test/auto/arrayType21.xml
----------------- Instantiating /home/travis/build/icyphy/ptII/ptolemy/actor/lib/test/auto/arrayType21.xml
1 ms. Memory: 461824K Free: 222488K (48%)
----------------- Invoking toplevel() on ptolemy.moml.MoMLSimpleApplication@61afdec8
----------------- Done invoking toplevel() on ptolemy.moml.MoMLSimpleApplication@61afdec8
reloadAllAccessors: .arrayType21

===========================================================================================
----------------- testing Fri Oct 18 06:04:41 UTC 2019 /home/travis/build/icyphy/ptII/ptolemy/actor/lib/test/auto/arrayType22.xml
----------------- Instantiating /home/travis/build/icyphy/ptII/ptolemy/actor/lib/test/auto/arrayType22.xml
1 ms. Memory: 461824K Free: 217878K (47%)
----------------- Invoking toplevel() on ptolemy.moml.MoMLSimpleApplication@35743a17
----------------- Done invoking toplevel() on ptolemy.moml.MoMLSimpleApplication@35743a17
reloadAllAccessors: .arrayType22

===========================================================================================
----------------- testing Fri Oct 18 06:04:41 UTC 2019 /home/travis/build/icyphy/ptII/ptolemy/actor/lib/test/auto/arrayType23.xml
----------------- Instantiating /home/travis/build/icyphy/ptII/ptolemy/actor/lib/test/auto/arrayType23.xml
3 ms. Memory: 461824K Free: 212758K (46%)
----------------- Invoking toplevel() on ptolemy.moml.MoMLSimpleApplication@787e0d89
----------------- Done invoking toplevel() on ptolemy.moml.MoMLSimpleApplication@787e0d89
reloadAllAccessors: .arrayType23

===========================================================================================
----------------- testing Fri Oct 18 06:04:41 UTC 2019 /home/travis/build/icyphy/ptII/ptolemy/actor/lib/test/auto/arrayType24.xml
----------------- Instantiating /home/travis/build/icyphy/ptII/ptolemy/actor/lib/test/auto/arrayType24.xml
6 ms. Memory: 461824K Free: 208152K (45%)
----------------- Invoking toplevel() on ptolemy.moml.MoMLSimpleApplication@50f27643
----------------- Done invoking toplevel() on ptolemy.moml.MoMLSimpleApplication@50f27643
reloadAllAccessors: .arrayType24

===========================================================================================
----------------- testing Fri Oct 18 06:04:41 UTC 2019 /home/travis/build/icyphy/ptII/ptolemy/actor/lib/test/auto/arrayType25.xml
----------------- Instantiating /home/travis/build/icyphy/ptII/ptolemy/actor/lib/test/auto/arrayType25.xml
2 ms. Memory: 461824K Free: 203032K (44%)
----------------- Invoking toplevel() on ptolemy.moml.MoMLSimpleApplication@2504cf5a
----------------- Done invoking toplevel() on ptolemy.moml.MoMLSimpleApplication@2504cf5a
reloadAllAccessors: .arrayType25

===========================================================================================
----------------- testing Fri Oct 18 06:04:41 UTC 2019 /home/travis/build/icyphy/ptII/ptolemy/actor/lib/test/auto/arrayType26.xml
----------------- Instantiating /home/travis/build/icyphy/ptII/ptolemy/actor/lib/test/auto/arrayType26.xml
2 ms. Memory: 461824K Free: 197912K (43%)
----------------- Invoking toplevel() on ptolemy.moml.MoMLSimpleApplication@79df7efc
----------------- Done invoking toplevel() on ptolemy.moml.MoMLSimpleApplication@79df7efc
reloadAllAccessors: .arrayType26

===========================================================================================
----------------- testing Fri Oct 18 06:04:41 UTC 2019 /home/travis/build/icyphy/ptII/ptolemy/actor/lib/test/auto/arrayType27.xml
----------------- Instantiating /home/travis/build/icyphy/ptII/ptolemy/actor/lib/test/auto/arrayType27.xml
1 ms. Memory: 461824K Free: 192278K (42%)
----------------- Invoking toplevel() on ptolemy.moml.MoMLSimpleApplication@173322a1
----------------- Done invoking toplevel() on ptolemy.moml.MoMLSimpleApplication@173322a1
reloadAllAccessors: .arrayType27

===========================================================================================
----------------- testing Fri Oct 18 06:04:41 UTC 2019 /home/travis/build/icyphy/ptII/ptolemy/actor/lib/test/auto/arrayType28.xml
----------------- Instantiating /home/travis/build/icyphy/ptII/ptolemy/actor/lib/test/auto/arrayType28.xml
2 ms. Memory: 461824K Free: 187158K (41%)
----------------- Invoking toplevel() on ptolemy.moml.MoMLSimpleApplication@24febf77
----------------- Done invoking toplevel() on ptolemy.moml.MoMLSimpleApplication@24febf77
reloadAllAccessors: .arrayType28

===========================================================================================
----------------- testing Fri Oct 18 06:04:41 UTC 2019 /home/travis/build/icyphy/ptII/ptolemy/actor/lib/test/auto/arrayType3.xml
----------------- Instantiating /home/travis/build/icyphy/ptII/ptolemy/actor/lib/test/auto/arrayType3.xml
2 ms. Memory: 461824K Free: 182038K (39%)
----------------- Invoking toplevel() on ptolemy.moml.MoMLSimpleApplication@6a405f06
----------------- Done invoking toplevel() on ptolemy.moml.MoMLSimpleApplication@6a405f06
reloadAllAccessors: .arrayType3

===========================================================================================
----------------- testing Fri Oct 18 06:04:41 UTC 2019 /home/travis/build/icyphy/ptII/ptolemy/actor/lib/test/auto/arrayType4.xml
----------------- Instantiating /home/travis/build/icyphy/ptII/ptolemy/actor/lib/test/auto/arrayType4.xml
2 ms. Memory: 461824K Free: 176918K (38%)
----------------- Invoking toplevel() on ptolemy.moml.MoMLSimpleApplication@32524174
----------------- Done invoking toplevel() on ptolemy.moml.MoMLSimpleApplication@32524174
reloadAllAccessors: .arrayType4

===========================================================================================
----------------- testing Fri Oct 18 06:04:41 UTC 2019 /home/travis/build/icyphy/ptII/ptolemy/actor/lib/test/auto/arrayType5.xml
----------------- Instantiating /home/travis/build/icyphy/ptII/ptolemy/actor/lib/test/auto/arrayType5.xml
2 ms. Memory: 461824K Free: 171288K (37%)
----------------- Invoking toplevel() on ptolemy.moml.MoMLSimpleApplication@4f63fcc1
----------------- Done invoking toplevel() on ptolemy.moml.MoMLSimpleApplication@4f63fcc1
reloadAllAccessors: .arrayType5

===========================================================================================
----------------- testing Fri Oct 18 06:04:41 UTC 2019 /home/travis/build/icyphy/ptII/ptolemy/actor/lib/test/auto/arrayType6.xml
----------------- Instantiating /home/travis/build/icyphy/ptII/ptolemy/actor/lib/test/auto/arrayType6.xml
1 ms. Memory: 461824K Free: 166678K (36%)
----------------- Invoking toplevel() on ptolemy.moml.MoMLSimpleApplication@5085a710
----------------- Done invoking toplevel() on ptolemy.moml.MoMLSimpleApplication@5085a710
reloadAllAccessors: .arrayType6

===========================================================================================
----------------- testing Fri Oct 18 06:04:41 UTC 2019 /home/travis/build/icyphy/ptII/ptolemy/actor/lib/test/auto/arrayType7.xml
----------------- Instantiating /home/travis/build/icyphy/ptII/ptolemy/actor/lib/test/auto/arrayType7.xml
1 ms. Memory: 461824K Free: 162072K (35%)
----------------- Invoking toplevel() on ptolemy.moml.MoMLSimpleApplication@1c891512
----------------- Done invoking toplevel() on ptolemy.moml.MoMLSimpleApplication@1c891512
reloadAllAccessors: .arrayType7

===========================================================================================
----------------- testing Fri Oct 18 06:04:41 UTC 2019 /home/travis/build/icyphy/ptII/ptolemy/actor/lib/test/auto/arrayType8.xml
----------------- Instantiating /home/travis/build/icyphy/ptII/ptolemy/actor/lib/test/auto/arrayType8.xml
2 ms. Memory: 461824K Free: 157448K (34%)
----------------- Invoking toplevel() on ptolemy.moml.MoMLSimpleApplication@2b58aed0
----------------- Done invoking toplevel() on ptolemy.moml.MoMLSimpleApplication@2b58aed0
reloadAllAccessors: .arrayType8

===========================================================================================
----------------- testing Fri Oct 18 06:04:41 UTC 2019 /home/travis/build/icyphy/ptII/ptolemy/actor/lib/test/auto/arrayType9.xml
----------------- Instantiating /home/travis/build/icyphy/ptII/ptolemy/actor/lib/test/auto/arrayType9.xml
1 ms. Memory: 461824K Free: 152342K (33%)
----------------- Invoking toplevel() on ptolemy.moml.MoMLSimpleApplication@719a7117
----------------- Done invoking toplevel() on ptolemy.moml.MoMLSimpleApplication@719a7117
reloadAllAccessors: .arrayType9

===========================================================================================
----------------- testing Fri Oct 18 06:04:41 UTC 2019 /home/travis/build/icyphy/ptII/ptolemy/actor/lib/test/auto/cast.xml
----------------- Instantiating /home/travis/build/icyphy/ptII/ptolemy/actor/lib/test/auto/cast.xml
3 ms. Memory: 461824K Free: 405260K (88%)
----------------- Invoking toplevel() on ptolemy.moml.MoMLSimpleApplication@3bb96987
----------------- Done invoking toplevel() on ptolemy.moml.MoMLSimpleApplication@3bb96987
reloadAllAccessors: .cast

===========================================================================================
----------------- testing Fri Oct 18 06:04:41 UTC 2019 /home/travis/build/icyphy/ptII/ptolemy/actor/lib/test/auto/compositeMultiPort.xml
----------------- Instantiating /home/travis/build/icyphy/ptII/ptolemy/actor/lib/test/auto/compositeMultiPort.xml
4 ms. Memory: 461824K Free: 396548K (86%)
----------------- Invoking toplevel() on ptolemy.moml.MoMLSimpleApplication@4eb722d
----------------- Done invoking toplevel() on ptolemy.moml.MoMLSimpleApplication@4eb722d
reloadAllAccessors: .compositeMultiPort

===========================================================================================
----------------- testing Fri Oct 18 06:04:41 UTC 2019 /home/travis/build/icyphy/ptII/ptolemy/actor/lib/test/auto/expressionCastInference.xml
----------------- Instantiating /home/travis/build/icyphy/ptII/ptolemy/actor/lib/test/auto/expressionCastInference.xml
3 ms. Memory: 461824K Free: 391434K (85%)
----------------- Invoking toplevel() on ptolemy.moml.MoMLSimpleApplication@3209f4e5
----------------- Done invoking toplevel() on ptolemy.moml.MoMLSimpleApplication@3209f4e5
reloadAllAccessors: .expressionCastInference

===========================================================================================
----------------- testing Fri Oct 18 06:04:41 UTC 2019 /home/travis/build/icyphy/ptII/ptolemy/actor/lib/test/auto/expressionCastInference2.xml
----------------- Instantiating /home/travis/build/icyphy/ptII/ptolemy/actor/lib/test/auto/expressionCastInference2.xml
2 ms. Memory: 461824K Free: 386828K (84%)
----------------- Invoking toplevel() on ptolemy.moml.MoMLSimpleApplication@1ba43b2f
----------------- Done invoking toplevel() on ptolemy.moml.MoMLSimpleApplication@1ba43b2f
reloadAllAccessors: .expressionCastInference2

===========================================================================================
----------------- testing Fri Oct 18 06:04:41 UTC 2019 /home/travis/build/icyphy/ptII/ptolemy/actor/lib/test/auto/expressionInference.xml
----------------- Instantiating /home/travis/build/icyphy/ptII/ptolemy/actor/lib/test/auto/expressionInference.xml
1 ms. Memory: 461824K Free: 382732K (83%)
----------------- Invoking toplevel() on ptolemy.moml.MoMLSimpleApplication@7abaa4ba
----------------- Done invoking toplevel() on ptolemy.moml.MoMLSimpleApplication@7abaa4ba
reloadAllAccessors: .expressionInference

===========================================================================================
----------------- testing Fri Oct 18 06:04:41 UTC 2019 /home/travis/build/icyphy/ptII/ptolemy/actor/lib/test/auto/expression_bug.xml
----------------- Instantiating /home/travis/build/icyphy/ptII/ptolemy/actor/lib/test/auto/expression_bug.xml
2 ms. Memory: 461824K Free: 378122K (82%)
----------------- Invoking toplevel() on ptolemy.moml.MoMLSimpleApplication@506603ca
----------------- Done invoking toplevel() on ptolemy.moml.MoMLSimpleApplication@506603ca
reloadAllAccessors: .expression_bug

===========================================================================================
----------------- testing Fri Oct 18 06:04:41 UTC 2019 /home/travis/build/icyphy/ptII/ptolemy/actor/lib/test/auto/factorial.xml
----------------- Instantiating /home/travis/build/icyphy/ptII/ptolemy/actor/lib/test/auto/factorial.xml
56 ms. Memory: 461824K Free: 369420K (80%)
----------------- Invoking toplevel() on ptolemy.moml.MoMLSimpleApplication@3606c484
----------------- Done invoking toplevel() on ptolemy.moml.MoMLSimpleApplication@3606c484
reloadAllAccessors: .factorial

===========================================================================================
----------------- testing Fri Oct 18 06:04:42 UTC 2019 /home/travis/build/icyphy/ptII/ptolemy/actor/lib/test/auto/filterTest1.xml
----------------- Instantiating /home/travis/build/icyphy/ptII/ptolemy/actor/lib/test/auto/filterTest1.xml
4 ms. Memory: 461824K Free: 363772K (79%)
----------------- Invoking toplevel() on ptolemy.moml.MoMLSimpleApplication@768e5722
----------------- Done invoking toplevel() on ptolemy.moml.MoMLSimpleApplication@768e5722
reloadAllAccessors: .filterTest1

===========================================================================================
----------------- testing Fri Oct 18 06:04:42 UTC 2019 /home/travis/build/icyphy/ptII/ptolemy/actor/lib/test/auto/funcApplyInConst.xml
----------------- Instantiating /home/travis/build/icyphy/ptII/ptolemy/actor/lib/test/auto/funcApplyInConst.xml
2 ms. Memory: 461824K Free: 359690K (78%)
----------------- Invoking toplevel() on ptolemy.moml.MoMLSimpleApplication@2f971432
----------------- Done invoking toplevel() on ptolemy.moml.MoMLSimpleApplication@2f971432
reloadAllAccessors: .funcApplyInConst

===========================================================================================
----------------- testing Fri Oct 18 06:04:42 UTC 2019 /home/travis/build/icyphy/ptII/ptolemy/actor/lib/test/auto/funcApplyInExpr.xml
----------------- Instantiating /home/travis/build/icyphy/ptII/ptolemy/actor/lib/test/auto/funcApplyInExpr.xml
1 ms. Memory: 461824K Free: 356108K (77%)
----------------- Invoking toplevel() on ptolemy.moml.MoMLSimpleApplication@1ff9aa7b
----------------- Done invoking toplevel() on ptolemy.moml.MoMLSimpleApplication@1ff9aa7b
reloadAllAccessors: .funcApplyInExpr

===========================================================================================
----------------- testing Fri Oct 18 06:04:42 UTC 2019 /home/travis/build/icyphy/ptII/ptolemy/actor/lib/test/auto/function.xml
----------------- Instantiating /home/travis/build/icyphy/ptII/ptolemy/actor/lib/test/auto/function.xml
2 ms. Memory: 461824K Free: 351498K (76%)
----------------- Invoking toplevel() on ptolemy.moml.MoMLSimpleApplication@3fff8970
----------------- Done invoking toplevel() on ptolemy.moml.MoMLSimpleApplication@3fff8970
reloadAllAccessors: .function

===========================================================================================
----------------- testing Fri Oct 18 06:04:42 UTC 2019 /home/travis/build/icyphy/ptII/ptolemy/actor/lib/test/auto/function2.xml
----------------- Instantiating /home/travis/build/icyphy/ptII/ptolemy/actor/lib/test/auto/function2.xml
3 ms. Memory: 461824K Free: 346892K (75%)
----------------- Invoking toplevel() on ptolemy.moml.MoMLSimpleApplication@6099c6d4
----------------- Done invoking toplevel() on ptolemy.moml.MoMLSimpleApplication@6099c6d4
reloadAllAccessors: .function2

===========================================================================================
----------------- testing Fri Oct 18 06:04:42 UTC 2019 /home/travis/build/icyphy/ptII/ptolemy/actor/lib/test/auto/function3.xml
----------------- Instantiating /home/travis/build/icyphy/ptII/ptolemy/actor/lib/test/auto/function3.xml
1 ms. Memory: 461824K Free: 342796K (74%)
----------------- Invoking toplevel() on ptolemy.moml.MoMLSimpleApplication@515ad65
----------------- Done invoking toplevel() on ptolemy.moml.MoMLSimpleApplication@515ad65
reloadAllAccessors: .function3

===========================================================================================
----------------- testing Fri Oct 18 06:04:42 UTC 2019 /home/travis/build/icyphy/ptII/ptolemy/actor/lib/test/auto/functionClosureTest1.xml
----------------- Instantiating /home/travis/build/icyphy/ptII/ptolemy/actor/lib/test/auto/functionClosureTest1.xml
2 ms. Memory: 461824K Free: 337162K (73%)
----------------- Invoking toplevel() on ptolemy.moml.MoMLSimpleApplication@4ca5f215
----------------- Done invoking toplevel() on ptolemy.moml.MoMLSimpleApplication@4ca5f215
reloadAllAccessors: .functionClosureTest1

===========================================================================================
----------------- testing Fri Oct 18 06:04:42 UTC 2019 /home/travis/build/icyphy/ptII/ptolemy/actor/lib/test/auto/functionClosureTest2.xml
----------------- Instantiating /home/travis/build/icyphy/ptII/ptolemy/actor/lib/test/auto/functionClosureTest2.xml
1 ms. Memory: 461824K Free: 333580K (72%)
----------------- Invoking toplevel() on ptolemy.moml.MoMLSimpleApplication@30e6b704
----------------- Done invoking toplevel() on ptolemy.moml.MoMLSimpleApplication@30e6b704
reloadAllAccessors: .functionClosureTest2

===========================================================================================
----------------- testing Fri Oct 18 06:04:42 UTC 2019 /home/travis/build/icyphy/ptII/ptolemy/actor/lib/test/auto/functionClosureTest3.xml
----------------- Instantiating /home/travis/build/icyphy/ptII/ptolemy/actor/lib/test/auto/functionClosureTest3.xml
2 ms. Memory: 461824K Free: 327946K (71%)
----------------- Invoking toplevel() on ptolemy.moml.MoMLSimpleApplication@5aa0d10b
----------------- Done invoking toplevel() on ptolemy.moml.MoMLSimpleApplication@5aa0d10b
reloadAllAccessors: .functionClosureTest3

===========================================================================================
----------------- testing Fri Oct 18 06:04:42 UTC 2019 /home/travis/build/icyphy/ptII/ptolemy/actor/lib/test/auto/functionClosureTest4.xml
----------------- Instantiating /home/travis/build/icyphy/ptII/ptolemy/actor/lib/test/auto/functionClosureTest4.xml
4 ms. Memory: 461824K Free: 321802K (70%)
----------------- Invoking toplevel() on ptolemy.moml.MoMLSimpleApplication@420f788e
----------------- Done invoking toplevel() on ptolemy.moml.MoMLSimpleApplication@420f788e
reloadAllAccessors: .functionClosureTest4

===========================================================================================
----------------- testing Fri Oct 18 06:04:42 UTC 2019 /home/travis/build/icyphy/ptII/ptolemy/actor/lib/test/auto/functionClosureTest5.xml
----------------- Instantiating /home/travis/build/icyphy/ptII/ptolemy/actor/lib/test/auto/functionClosureTest5.xml
4 ms. Memory: 461824K Free: 316652K (69%)
----------------- Invoking toplevel() on ptolemy.moml.MoMLSimpleApplication@6ded9c7c
----------------- Done invoking toplevel() on ptolemy.moml.MoMLSimpleApplication@6ded9c7c
reloadAllAccessors: .functionClosureTest5

===========================================================================================
----------------- testing Fri Oct 18 06:04:42 UTC 2019 /home/travis/build/icyphy/ptII/ptolemy/actor/lib/test/auto/functionClosureTest6.xml
----------------- Instantiating /home/travis/build/icyphy/ptII/ptolemy/actor/lib/test/auto/functionClosureTest6.xml
2 ms. Memory: 461824K Free: 311556K (67%)
----------------- Invoking toplevel() on ptolemy.moml.MoMLSimpleApplication@49b1c2f
----------------- Done invoking toplevel() on ptolemy.moml.MoMLSimpleApplication@49b1c2f
reloadAllAccessors: .functionClosureTest6

===========================================================================================
----------------- testing Fri Oct 18 06:04:42 UTC 2019 /home/travis/build/icyphy/ptII/ptolemy/actor/lib/test/auto/functionsOnArcs.xml
----------------- Instantiating /home/travis/build/icyphy/ptII/ptolemy/actor/lib/test/auto/functionsOnArcs.xml
1 ms. Memory: 461824K Free: 306442K (66%)
----------------- Invoking toplevel() on ptolemy.moml.MoMLSimpleApplication@523454d9
----------------- Done invoking toplevel() on ptolemy.moml.MoMLSimpleApplication@523454d9
reloadAllAccessors: .functionsOnArcs

===========================================================================================
----------------- testing Fri Oct 18 06:04:42 UTC 2019 /home/travis/build/icyphy/ptII/ptolemy/actor/lib/test/auto/functionsOnArcsHOF.xml
----------------- Instantiating /home/travis/build/icyphy/ptII/ptolemy/actor/lib/test/auto/functionsOnArcsHOF.xml
3 ms. Memory: 461824K Free: 300298K (65%)
----------------- Invoking toplevel() on ptolemy.moml.MoMLSimpleApplication@57d7756f
----------------- Done invoking toplevel() on ptolemy.moml.MoMLSimpleApplication@57d7756f
reloadAllAccessors: .functionsOnArcsHOF

===========================================================================================
----------------- testing Fri Oct 18 06:04:42 UTC 2019 /home/travis/build/icyphy/ptII/ptolemy/actor/lib/test/auto/logic.xml
----------------- Instantiating /home/travis/build/icyphy/ptII/ptolemy/actor/lib/test/auto/logic.xml
1 ms. Memory: 461824K Free: 293130K (63%)
----------------- Invoking toplevel() on ptolemy.moml.MoMLSimpleApplication@550f5d8e
----------------- Done invoking toplevel() on ptolemy.moml.MoMLSimpleApplication@550f5d8e
reloadAllAccessors: .logic

===========================================================================================
----------------- testing Fri Oct 18 06:04:42 UTC 2019 /home/travis/build/icyphy/ptII/ptolemy/actor/lib/test/auto/matrixType.xml
----------------- Instantiating /home/travis/build/icyphy/ptII/ptolemy/actor/lib/test/auto/matrixType.xml
3 ms. Memory: 461824K Free: 288010K (62%)
----------------- Invoking toplevel() on ptolemy.moml.MoMLSimpleApplication@5c06cdf0
----------------- Done invoking toplevel() on ptolemy.moml.MoMLSimpleApplication@5c06cdf0
reloadAllAccessors: .matrixType

===========================================================================================
----------------- testing Fri Oct 18 06:04:42 UTC 2019 /home/travis/build/icyphy/ptII/ptolemy/actor/lib/test/auto/matrixType10.xml
----------------- Instantiating /home/travis/build/icyphy/ptII/ptolemy/actor/lib/test/auto/matrixType10.xml
2 ms. Memory: 461824K Free: 282890K (61%)
----------------- Invoking toplevel() on ptolemy.moml.MoMLSimpleApplication@1fbbaf1e
----------------- Done invoking toplevel() on ptolemy.moml.MoMLSimpleApplication@1fbbaf1e
reloadAllAccessors: .matrixType10

===========================================================================================
----------------- testing Fri Oct 18 06:04:42 UTC 2019 /home/travis/build/icyphy/ptII/ptolemy/actor/lib/test/auto/matrixType11.xml
----------------- Instantiating /home/travis/build/icyphy/ptII/ptolemy/actor/lib/test/auto/matrixType11.xml
1 ms. Memory: 461824K Free: 278284K (60%)
----------------- Invoking toplevel() on ptolemy.moml.MoMLSimpleApplication@71f25298
----------------- Done invoking toplevel() on ptolemy.moml.MoMLSimpleApplication@71f25298
reloadAllAccessors: .matrixType11

===========================================================================================
----------------- testing Fri Oct 18 06:04:42 UTC 2019 /home/travis/build/icyphy/ptII/ptolemy/actor/lib/test/auto/matrixType12.xml
----------------- Instantiating /home/travis/build/icyphy/ptII/ptolemy/actor/lib/test/auto/matrixType12.xml
2 ms. Memory: 461824K Free: 273674K (59%)
----------------- Invoking toplevel() on ptolemy.moml.MoMLSimpleApplication@6dac32bf
----------------- Done invoking toplevel() on ptolemy.moml.MoMLSimpleApplication@6dac32bf
reloadAllAccessors: .matrixType12

===========================================================================================
----------------- testing Fri Oct 18 06:04:42 UTC 2019 /home/travis/build/icyphy/ptII/ptolemy/actor/lib/test/auto/matrixType13.xml
----------------- Instantiating /home/travis/build/icyphy/ptII/ptolemy/actor/lib/test/auto/matrixType13.xml
1 ms. Memory: 461824K Free: 268554K (58%)
----------------- Invoking toplevel() on ptolemy.moml.MoMLSimpleApplication@28363578
----------------- Done invoking toplevel() on ptolemy.moml.MoMLSimpleApplication@28363578
reloadAllAccessors: .matrixType13

===========================================================================================
----------------- testing Fri Oct 18 06:04:42 UTC 2019 /home/travis/build/icyphy/ptII/ptolemy/actor/lib/test/auto/matrixType14.xml
----------------- Instantiating /home/travis/build/icyphy/ptII/ptolemy/actor/lib/test/auto/matrixType14.xml
2 ms. Memory: 461824K Free: 263434K (57%)
----------------- Invoking toplevel() on ptolemy.moml.MoMLSimpleApplication@17852722
----------------- Done invoking toplevel() on ptolemy.moml.MoMLSimpleApplication@17852722
reloadAllAccessors: .matrixType14

===========================================================================================
----------------- testing Fri Oct 18 06:04:42 UTC 2019 /home/travis/build/icyphy/ptII/ptolemy/actor/lib/test/auto/matrixType2.xml
----------------- Instantiating /home/travis/build/icyphy/ptII/ptolemy/actor/lib/test/auto/matrixType2.xml
2 ms. Memory: 461824K Free: 258314K (56%)
----------------- Invoking toplevel() on ptolemy.moml.MoMLSimpleApplication@4859cae1
----------------- Done invoking toplevel() on ptolemy.moml.MoMLSimpleApplication@4859cae1
reloadAllAccessors: .matrixType2

===========================================================================================
----------------- testing Fri Oct 18 06:04:42 UTC 2019 /home/travis/build/icyphy/ptII/ptolemy/actor/lib/test/auto/matrixType3.xml
----------------- Instantiating /home/travis/build/icyphy/ptII/ptolemy/actor/lib/test/auto/matrixType3.xml
4 ms. Memory: 461824K Free: 253194K (55%)
----------------- Invoking toplevel() on ptolemy.moml.MoMLSimpleApplication@67e5e61
----------------- Done invoking toplevel() on ptolemy.moml.MoMLSimpleApplication@67e5e61
reloadAllAccessors: .matrixType3

===========================================================================================
----------------- testing Fri Oct 18 06:04:42 UTC 2019 /home/travis/build/icyphy/ptII/ptolemy/actor/lib/test/auto/matrixType4.xml
----------------- Instantiating /home/travis/build/icyphy/ptII/ptolemy/actor/lib/test/auto/matrixType4.xml
1 ms. Memory: 461824K Free: 248588K (54%)
----------------- Invoking toplevel() on ptolemy.moml.MoMLSimpleApplication@1bd76885
----------------- Done invoking toplevel() on ptolemy.moml.MoMLSimpleApplication@1bd76885
reloadAllAccessors: .matrixType4

===========================================================================================
----------------- testing Fri Oct 18 06:04:42 UTC 2019 /home/travis/build/icyphy/ptII/ptolemy/actor/lib/test/auto/matrixType5.xml
----------------- Instantiating /home/travis/build/icyphy/ptII/ptolemy/actor/lib/test/auto/matrixType5.xml
2 ms. Memory: 461824K Free: 243468K (53%)
----------------- Invoking toplevel() on ptolemy.moml.MoMLSimpleApplication@3dc06231
----------------- Done invoking toplevel() on ptolemy.moml.MoMLSimpleApplication@3dc06231
reloadAllAccessors: .matrixType5

===========================================================================================
----------------- testing Fri Oct 18 06:04:42 UTC 2019 /home/travis/build/icyphy/ptII/ptolemy/actor/lib/test/auto/matrixType6.xml
----------------- Instantiating /home/travis/build/icyphy/ptII/ptolemy/actor/lib/test/auto/matrixType6.xml
2 ms. Memory: 461824K Free: 238858K (52%)
----------------- Invoking toplevel() on ptolemy.moml.MoMLSimpleApplication@37ed88bb
----------------- Done invoking toplevel() on ptolemy.moml.MoMLSimpleApplication@37ed88bb
reloadAllAccessors: .matrixType6

===========================================================================================
----------------- testing Fri Oct 18 06:04:42 UTC 2019 /home/travis/build/icyphy/ptII/ptolemy/actor/lib/test/auto/matrixType7.xml
----------------- Instantiating /home/travis/build/icyphy/ptII/ptolemy/actor/lib/test/auto/matrixType7.xml
1 ms. Memory: 461824K Free: 234252K (51%)
----------------- Invoking toplevel() on ptolemy.moml.MoMLSimpleApplication@31d4a3c
----------------- Done invoking toplevel() on ptolemy.moml.MoMLSimpleApplication@31d4a3c
reloadAllAccessors: .matrixType7

===========================================================================================
----------------- testing Fri Oct 18 06:04:42 UTC 2019 /home/travis/build/icyphy/ptII/ptolemy/actor/lib/test/auto/matrixType8.xml
----------------- Instantiating /home/travis/build/icyphy/ptII/ptolemy/actor/lib/test/auto/matrixType8.xml
1 ms. Memory: 461824K Free: 229132K (50%)
----------------- Invoking toplevel() on ptolemy.moml.MoMLSimpleApplication@10d9dcf
----------------- Done invoking toplevel() on ptolemy.moml.MoMLSimpleApplication@10d9dcf
reloadAllAccessors: .matrixType8

===========================================================================================
----------------- testing Fri Oct 18 06:04:42 UTC 2019 /home/travis/build/icyphy/ptII/ptolemy/actor/lib/test/auto/matrixType9.xml
----------------- Instantiating /home/travis/build/icyphy/ptII/ptolemy/actor/lib/test/auto/matrixType9.xml
1 ms. Memory: 461824K Free: 224522K (49%)
----------------- Invoking toplevel() on ptolemy.moml.MoMLSimpleApplication@74eb9132
----------------- Done invoking toplevel() on ptolemy.moml.MoMLSimpleApplication@74eb9132
reloadAllAccessors: .matrixType9

===========================================================================================
----------------- testing Fri Oct 18 06:04:42 UTC 2019 /home/travis/build/icyphy/ptII/ptolemy/actor/lib/test/auto/paraFunctest.xml
----------------- Instantiating /home/travis/build/icyphy/ptII/ptolemy/actor/lib/test/auto/paraFunctest.xml
2 ms. Memory: 461824K Free: 220940K (48%)
----------------- Invoking toplevel() on ptolemy.moml.MoMLSimpleApplication@4e8d6f34
----------------- Done invoking toplevel() on ptolemy.moml.MoMLSimpleApplication@4e8d6f34
reloadAllAccessors: .paraFunctest

===========================================================================================
----------------- testing Fri Oct 18 06:04:42 UTC 2019 /home/travis/build/icyphy/ptII/ptolemy/actor/lib/test/auto/paraFunctest2.xml
----------------- Instantiating /home/travis/build/icyphy/ptII/ptolemy/actor/lib/test/auto/paraFunctest2.xml
2 ms. Memory: 461824K Free: 216330K (47%)
----------------- Invoking toplevel() on ptolemy.moml.MoMLSimpleApplication@748bbc87
----------------- Done invoking toplevel() on ptolemy.moml.MoMLSimpleApplication@748bbc87
reloadAllAccessors: .paraFunctest2

===========================================================================================
----------------- testing Fri Oct 18 06:04:42 UTC 2019 /home/travis/build/icyphy/ptII/ptolemy/actor/lib/test/auto/parameterPassing.xml
----------------- Instantiating /home/travis/build/icyphy/ptII/ptolemy/actor/lib/test/auto/parameterPassing.xml
1 ms. Memory: 461824K Free: 212234K (46%)
----------------- Invoking toplevel() on ptolemy.moml.MoMLSimpleApplication@3c6e1b3e
----------------- Done invoking toplevel() on ptolemy.moml.MoMLSimpleApplication@3c6e1b3e
reloadAllAccessors: .parameterPassing

===========================================================================================
----------------- testing Fri Oct 18 06:04:42 UTC 2019 /home/travis/build/icyphy/ptII/ptolemy/actor/lib/test/auto/record.xml
----------------- Instantiating /home/travis/build/icyphy/ptII/ptolemy/actor/lib/test/auto/record.xml
3 ms. Memory: 461824K Free: 207114K (45%)
----------------- Invoking toplevel() on ptolemy.moml.MoMLSimpleApplication@35b7360b
----------------- Done invoking toplevel() on ptolemy.moml.MoMLSimpleApplication@35b7360b
reloadAllAccessors: .record

===========================================================================================
----------------- testing Fri Oct 18 06:04:42 UTC 2019 /home/travis/build/icyphy/ptII/ptolemy/actor/lib/test/auto/sizedarray1.xml
----------------- Instantiating /home/travis/build/icyphy/ptII/ptolemy/actor/lib/test/auto/sizedarray1.xml
1 ms. Memory: 461824K Free: 201994K (44%)
----------------- Invoking toplevel() on ptolemy.moml.MoMLSimpleApplication@773501d2
----------------- Done invoking toplevel() on ptolemy.moml.MoMLSimpleApplication@773501d2
reloadAllAccessors: .sizedarray1

===========================================================================================
----------------- testing Fri Oct 18 06:04:42 UTC 2019 /home/travis/build/icyphy/ptII/ptolemy/actor/lib/test/auto/sizedarray2.xml
----------------- Instantiating /home/travis/build/icyphy/ptII/ptolemy/actor/lib/test/auto/sizedarray2.xml
3 ms. Memory: 461824K Free: 196364K (43%)
----------------- Invoking toplevel() on ptolemy.moml.MoMLSimpleApplication@1c1ecf66
----------------- Done invoking toplevel() on ptolemy.moml.MoMLSimpleApplication@1c1ecf66
reloadAllAccessors: .sizedarray2

===========================================================================================
----------------- testing Fri Oct 18 06:04:42 UTC 2019 /home/travis/build/icyphy/ptII/ptolemy/actor/lib/test/auto/twoPublishers.xml
----------------- Instantiating /home/travis/build/icyphy/ptII/ptolemy/actor/lib/test/auto/twoPublishers.xml
6 ms. Memory: 461824K Free: 185596K (40%)
----------------- Invoking toplevel() on ptolemy.moml.MoMLSimpleApplication@4a43bfb0
----------------- Done invoking toplevel() on ptolemy.moml.MoMLSimpleApplication@4a43bfb0
reloadAllAccessors: .twoPublishers
AutoTests.java: About to close Vertx.
AutoTests.java: Vertx closed.
]]></system-out>
  <system-err><![CDATA[java.lang.RuntimeException: Execution failed
	at ptolemy.moml.MoMLSimpleApplication$UnloadThread.run(MoMLSimpleApplication.java:402)
Caused by: java.lang.RuntimeException: StringUtilities.exit() was called. Normally, we would exit here because Manager.exitAfterWrapup() was called.  However, because the ptolemy.ptII.exitAfterWrapup property is set, we throw this exception instead.
	at ptolemy.util.StringUtilities.exit(StringUtilities.java:365)
	at ptolemy.actor.Manager.wrapup(Manager.java:1549)
	at ptolemy.actor.Manager.execute(Manager.java:407)
	at ptolemy.actor.Manager.run(Manager.java:1263)
	at ptolemy.actor.Manager$PtolemyRunThread.run(Manager.java:1933)
Warning: '.top.test' is in training mode, set the trainingMode parameter to false before checking in
Warning: '.top.test' is in training mode, set the trainingMode parameter to false before checking in
Warning: '.top.test' is in training mode, set the trainingMode parameter to false before checking in
Warning: '.BooleanSwitch_RegressionTest_WrongTrainingValues.Test' is in training mode, set the trainingMode parameter to false before checking in
Warning: '.BooleanSwitch_RegressionTest_WrongTrainingValues.Test2' is in training mode, set the trainingMode parameter to false before checking in
Warning: '.BooleanSwitch_RegressionTest_WrongTrainingValues.Test2' The test produced 0 tokens.
Warning: '.top.testExceptionHandler' is in training mode, set the trainingMode parameter to false before checking in
java.lang.RuntimeException: Execution failed
	at ptolemy.moml.MoMLSimpleApplication$UnloadThread.run(MoMLSimpleApplication.java:402)
Caused by: ptolemy.kernel.util.IllegalActionException: PublisherPorts cannot be used at the top level, use a Publisher actor instead.
  in .PublisherPortToplevelSubscriber.PublisherPort
	at ptolemy.actor.PublisherPort.preinitialize(PublisherPort.java:403)
	at ptolemy.actor.CompositeActor.preinitialize(CompositeActor.java:1769)
	at ptolemy.actor.Manager.preinitializeAndResolveTypes(Manager.java:1040)
	at ptolemy.actor.Manager.initialize(Manager.java:710)
	at ptolemy.actor.Manager.execute(Manager.java:356)
	at ptolemy.actor.Manager.run(Manager.java:1263)
	at ptolemy.actor.Manager$PtolemyRunThread.run(Manager.java:1933)
java.lang.reflect.InvocationTargetException
	at java.base/jdk.internal.reflect.NativeConstructorAccessorImpl.newInstance0(Native Method)
	at java.base/jdk.internal.reflect.NativeConstructorAccessorImpl.newInstance(NativeConstructorAccessorImpl.java:62)
	at java.base/jdk.internal.reflect.DelegatingConstructorAccessorImpl.newInstance(DelegatingConstructorAccessorImpl.java:45)
	at java.base/java.lang.reflect.Constructor.newInstance(Constructor.java:490)
	at ptolemy.util.test.junit.AutoKnownFailedTests.RunModel(AutoKnownFailedTests.java:105)
	at java.base/jdk.internal.reflect.NativeMethodAccessorImpl.invoke0(Native Method)
	at java.base/jdk.internal.reflect.NativeMethodAccessorImpl.invoke(NativeMethodAccessorImpl.java:62)
	at java.base/jdk.internal.reflect.DelegatingMethodAccessorImpl.invoke(DelegatingMethodAccessorImpl.java:43)
	at java.base/java.lang.reflect.Method.invoke(Method.java:566)
	at org.junit.runners.model.FrameworkMethod$1.runReflectiveCall(FrameworkMethod.java:44)
	at org.junit.internal.runners.model.ReflectiveCallable.run(ReflectiveCallable.java:15)
	at org.junit.runners.model.FrameworkMethod.invokeExplosively(FrameworkMethod.java:41)
	at junitparams.internal.InvokeParameterisedMethod.evaluate(InvokeParameterisedMethod.java:102)
	at org.junit.internal.runners.statements.FailOnTimeout$1.run(FailOnTimeout.java:28)
Caused by: ptolemy.kernel.util.IllegalActionException: PublisherPorts cannot be used at the top level, use a Publisher actor instead.
  in .PublisherPortToplevelSubscriber.PublisherPort
	at ptolemy.actor.PublisherPort.preinitialize(PublisherPort.java:403)
	at ptolemy.actor.CompositeActor.preinitialize(CompositeActor.java:1769)
	at ptolemy.actor.Manager.preinitializeAndResolveTypes(Manager.java:1040)
	at ptolemy.actor.Manager.initialize(Manager.java:710)
	at ptolemy.actor.Manager.execute(Manager.java:356)
	at ptolemy.actor.Manager.run(Manager.java:1263)
	at ptolemy.actor.Manager$PtolemyRunThread.run(Manager.java:1933)
java.lang.RuntimeException: Execution failed
	at ptolemy.moml.MoMLSimpleApplication$UnloadThread.run(MoMLSimpleApplication.java:402)
Caused by: ptolemy.kernel.util.IllegalActionException: SubscriberPorts cannot be used at the top level, use a Subscriber actor instead.
  in .PublisherSubscriberPortToplevel.SubscriberPort
	at ptolemy.actor.SubscriberPort.preinitialize(SubscriberPort.java:328)
	at ptolemy.actor.CompositeActor.preinitialize(CompositeActor.java:1769)
	at ptolemy.actor.Manager.preinitializeAndResolveTypes(Manager.java:1040)
	at ptolemy.actor.Manager.initialize(Manager.java:710)
	at ptolemy.actor.Manager.execute(Manager.java:356)
	at ptolemy.actor.Manager.run(Manager.java:1263)
	at ptolemy.actor.Manager$PtolemyRunThread.run(Manager.java:1933)
java.lang.reflect.InvocationTargetException
	at java.base/jdk.internal.reflect.NativeConstructorAccessorImpl.newInstance0(Native Method)
	at java.base/jdk.internal.reflect.NativeConstructorAccessorImpl.newInstance(NativeConstructorAccessorImpl.java:62)
	at java.base/jdk.internal.reflect.DelegatingConstructorAccessorImpl.newInstance(DelegatingConstructorAccessorImpl.java:45)
	at java.base/java.lang.reflect.Constructor.newInstance(Constructor.java:490)
	at ptolemy.util.test.junit.AutoKnownFailedTests.RunModel(AutoKnownFailedTests.java:105)
	at java.base/jdk.internal.reflect.NativeMethodAccessorImpl.invoke0(Native Method)
	at java.base/jdk.internal.reflect.NativeMethodAccessorImpl.invoke(NativeMethodAccessorImpl.java:62)
	at java.base/jdk.internal.reflect.DelegatingMethodAccessorImpl.invoke(DelegatingMethodAccessorImpl.java:43)
	at java.base/java.lang.reflect.Method.invoke(Method.java:566)
	at org.junit.runners.model.FrameworkMethod$1.runReflectiveCall(FrameworkMethod.java:44)
	at org.junit.internal.runners.model.ReflectiveCallable.run(ReflectiveCallable.java:15)
	at org.junit.runners.model.FrameworkMethod.invokeExplosively(FrameworkMethod.java:41)
	at junitparams.internal.InvokeParameterisedMethod.evaluate(InvokeParameterisedMethod.java:102)
	at org.junit.internal.runners.statements.FailOnTimeout$1.run(FailOnTimeout.java:28)
Caused by: ptolemy.kernel.util.IllegalActionException: SubscriberPorts cannot be used at the top level, use a Subscriber actor instead.
  in .PublisherSubscriberPortToplevel.SubscriberPort
	at ptolemy.actor.SubscriberPort.preinitialize(SubscriberPort.java:328)
	at ptolemy.actor.CompositeActor.preinitialize(CompositeActor.java:1769)
	at ptolemy.actor.Manager.preinitializeAndResolveTypes(Manager.java:1040)
	at ptolemy.actor.Manager.initialize(Manager.java:710)
	at ptolemy.actor.Manager.execute(Manager.java:356)
	at ptolemy.actor.Manager.run(Manager.java:1263)
	at ptolemy.actor.Manager$PtolemyRunThread.run(Manager.java:1933)
java.lang.RuntimeException: Execution failed
	at ptolemy.moml.MoMLSimpleApplication$UnloadThread.run(MoMLSimpleApplication.java:402)
Caused by: ptolemy.kernel.util.IllegalActionException: SubscriptionAggregatorPorts cannot be used at the top level, use a SubscriptionAggregator actor instead.
  in .PublisherSubscriptionAggregatorPort.SubscriptionAggregatorPort
	at ptolemy.actor.SubscriptionAggregatorPort.preinitialize(SubscriptionAggregatorPort.java:353)
	at ptolemy.actor.CompositeActor.preinitialize(CompositeActor.java:1769)
	at ptolemy.actor.Manager.preinitializeAndResolveTypes(Manager.java:1040)
	at ptolemy.actor.Manager.initialize(Manager.java:710)
	at ptolemy.actor.Manager.execute(Manager.java:356)
	at ptolemy.actor.Manager.run(Manager.java:1263)
	at ptolemy.actor.Manager$PtolemyRunThread.run(Manager.java:1933)
java.lang.reflect.InvocationTargetException
	at java.base/jdk.internal.reflect.NativeConstructorAccessorImpl.newInstance0(Native Method)
	at java.base/jdk.internal.reflect.NativeConstructorAccessorImpl.newInstance(NativeConstructorAccessorImpl.java:62)
	at java.base/jdk.internal.reflect.DelegatingConstructorAccessorImpl.newInstance(DelegatingConstructorAccessorImpl.java:45)
	at java.base/java.lang.reflect.Constructor.newInstance(Constructor.java:490)
	at ptolemy.util.test.junit.AutoKnownFailedTests.RunModel(AutoKnownFailedTests.java:105)
	at java.base/jdk.internal.reflect.NativeMethodAccessorImpl.invoke0(Native Method)
	at java.base/jdk.internal.reflect.NativeMethodAccessorImpl.invoke(NativeMethodAccessorImpl.java:62)
	at java.base/jdk.internal.reflect.DelegatingMethodAccessorImpl.invoke(DelegatingMethodAccessorImpl.java:43)
	at java.base/java.lang.reflect.Method.invoke(Method.java:566)
	at org.junit.runners.model.FrameworkMethod$1.runReflectiveCall(FrameworkMethod.java:44)
	at org.junit.internal.runners.model.ReflectiveCallable.run(ReflectiveCallable.java:15)
	at org.junit.runners.model.FrameworkMethod.invokeExplosively(FrameworkMethod.java:41)
	at junitparams.internal.InvokeParameterisedMethod.evaluate(InvokeParameterisedMethod.java:102)
	at org.junit.internal.runners.statements.FailOnTimeout$1.run(FailOnTimeout.java:28)
Caused by: ptolemy.kernel.util.IllegalActionException: SubscriptionAggregatorPorts cannot be used at the top level, use a SubscriptionAggregator actor instead.
  in .PublisherSubscriptionAggregatorPort.SubscriptionAggregatorPort
	at ptolemy.actor.SubscriptionAggregatorPort.preinitialize(SubscriptionAggregatorPort.java:353)
	at ptolemy.actor.CompositeActor.preinitialize(CompositeActor.java:1769)
	at ptolemy.actor.Manager.preinitializeAndResolveTypes(Manager.java:1040)
	at ptolemy.actor.Manager.initialize(Manager.java:710)
	at ptolemy.actor.Manager.execute(Manager.java:356)
	at ptolemy.actor.Manager.run(Manager.java:1263)
	at ptolemy.actor.Manager$PtolemyRunThread.run(Manager.java:1933)
java.lang.RuntimeException: Execution failed
	at ptolemy.moml.MoMLSimpleApplication$UnloadThread.run(MoMLSimpleApplication.java:402)
Caused by: ptolemy.kernel.util.IllegalActionException: TypeTest actor has no training data.
  in .sizedarray3.TypeTest
	at ptolemy.actor.lib.TypeTest.initialize(TypeTest.java:250)
	at ptolemy.actor.Director.initialize(Director.java:938)
	at ptolemy.actor.Director.initialize(Director.java:907)
	at ptolemy.actor.sched.StaticSchedulingDirector.initialize(StaticSchedulingDirector.java:159)
	at ptolemy.domains.sdf.kernel.SDFDirector.initialize(SDFDirector.java:544)
	at ptolemy.actor.CompositeActor.initialize(CompositeActor.java:935)
	at ptolemy.actor.Manager.initialize(Manager.java:724)
	at ptolemy.actor.Manager.execute(Manager.java:356)
	at ptolemy.actor.Manager.run(Manager.java:1263)
	at ptolemy.actor.Manager$PtolemyRunThread.run(Manager.java:1933)
java.lang.reflect.InvocationTargetException
	at java.base/jdk.internal.reflect.NativeConstructorAccessorImpl.newInstance0(Native Method)
	at java.base/jdk.internal.reflect.NativeConstructorAccessorImpl.newInstance(NativeConstructorAccessorImpl.java:62)
	at java.base/jdk.internal.reflect.DelegatingConstructorAccessorImpl.newInstance(DelegatingConstructorAccessorImpl.java:45)
	at java.base/java.lang.reflect.Constructor.newInstance(Constructor.java:490)
	at ptolemy.util.test.junit.AutoKnownFailedTests.RunModel(AutoKnownFailedTests.java:105)
	at java.base/jdk.internal.reflect.NativeMethodAccessorImpl.invoke0(Native Method)
	at java.base/jdk.internal.reflect.NativeMethodAccessorImpl.invoke(NativeMethodAccessorImpl.java:62)
	at java.base/jdk.internal.reflect.DelegatingMethodAccessorImpl.invoke(DelegatingMethodAccessorImpl.java:43)
	at java.base/java.lang.reflect.Method.invoke(Method.java:566)
	at org.junit.runners.model.FrameworkMethod$1.runReflectiveCall(FrameworkMethod.java:44)
	at org.junit.internal.runners.model.ReflectiveCallable.run(ReflectiveCallable.java:15)
	at org.junit.runners.model.FrameworkMethod.invokeExplosively(FrameworkMethod.java:41)
	at junitparams.internal.InvokeParameterisedMethod.evaluate(InvokeParameterisedMethod.java:102)
	at org.junit.internal.runners.statements.FailOnTimeout$1.run(FailOnTimeout.java:28)
Caused by: ptolemy.kernel.util.IllegalActionException: TypeTest actor has no training data.
  in .sizedarray3.TypeTest
	at ptolemy.actor.lib.TypeTest.initialize(TypeTest.java:250)
	at ptolemy.actor.Director.initialize(Director.java:938)
	at ptolemy.actor.Director.initialize(Director.java:907)
	at ptolemy.actor.sched.StaticSchedulingDirector.initialize(StaticSchedulingDirector.java:159)
	at ptolemy.domains.sdf.kernel.SDFDirector.initialize(SDFDirector.java:544)
	at ptolemy.actor.CompositeActor.initialize(CompositeActor.java:935)
	at ptolemy.actor.Manager.initialize(Manager.java:724)
	at ptolemy.actor.Manager.execute(Manager.java:356)
	at ptolemy.actor.Manager.run(Manager.java:1263)
	at ptolemy.actor.Manager$PtolemyRunThread.run(Manager.java:1933)
]]></system-err>
</testsuite>
