<?xml version="1.0" encoding="UTF-8" ?>
<testsuite errors="0" failures="0" hostname="travis-job-fbac2cae-db0f-40fc-830c-46e7ff5d912f" name="ptolemy.domains.de.test.junit.JUnitTclTest" skipped="0" tests="101" time="127.756" timestamp="2018-09-25T02:15:06">
  <properties>
    <property name="npm.executable" value="npm" />
    <property name="file.encoding.pkg" value="sun.io" />
    <property name="env.TRAVIS_ROOT" value="/" />
    <property name="ptII.mk.exists" value="true" />
    <property name="env.TRAVIS_APP_HOST" value="build.travis-ci.org" />
    <property name="env.rvm_bin_path" value="/home/travis/.rvm/bin" />
    <property name="java.home" value="/usr/lib/jvm/java-8-oracle/jre" />
    <property name="env.TRAVIS_JOB_NUMBER" value="742.9" />
    <property name="env.TRAVIS_HOME" value="/home/travis" />
    <property name="env.DISPLAY" value=":99.0" />
    <property name="java.net.preferIPv4Stack" value="true" />
    <property name="env.TRAVIS_INIT" value="upstart" />
    <property name="env.SSH_TTY" value="/dev/pts/0" />
    <property name="env.RUN_TESTS" value="false" />
    <property name="timeout.short" value="1000000" />
    <property name="env.TRAVIS_STACK_NODE_ATTRIBUTES" value="/.node-attributes.yml" />
    <property name="junit.formatter" value="xml" />
    <property name="java.endorsed.dirs" value="/usr/lib/jvm/java-8-oracle/jre/lib/endorsed" />
    <property name="env.TRAVIS_SUDO" value="true" />
    <property name="env.LOGNAME" value="travis" />
    <property name="jsdoc.home" value="node_modules/@terraswarm/jsdoc" />
    <property name="debuglevel" value="source,lines,vars" />
    <property name="checkstyle.formatter" value="xml" />
    <property name="bin.vergil.makeable" value="true" />
    <property name="env._system_version" value="14.04" />
    <property name="sun.os.patch.level" value="unknown" />
    <property name="java.vendor.url" value="http://java.oracle.com/" />
    <property name="java.version" value="1.8.0_151" />
    <property name="env.TZ" value="UTC" />
    <property name="env.PT_NO_NET" value="true" />
    <property name="env.TRAVIS_PULL_REQUEST_SHA" value="" />
    <property name="env.TRAVIS_SECURE_ENV_VARS" value="true" />
    <property name="env._system_type" value="Linux" />
    <property name="java.vendor.url.bug" value="http://bugreport.sun.com/bugreport/" />
    <property name="env.SSH_CLIENT" value="10.10.4.14 50282 22" />
    <property name="npmjs-org-is-up" value="true" />
    <property name="env.GEM_HOME" value="/home/travis/.rvm/gems/ruby-2.4.1" />
    <property name="env.HAS_ANTARES_THREE_LITTLE_FRONZIES_BADGE" value="true" />
    <property name="env.PS4" value="+" />
    <property name="ant.project.invoked-targets" value="build,test.core2.xml" />
    <property name="env.TRAVIS_PULL_REQUEST_BRANCH" value="" />
    <property name="env.TRAVIS_REPO_SLUG" value="icyphy/ptII" />
    <property name="node.in.path" value="true" />
    <property name="java.maxmemory" value="1400m" />
    <property name="env.RUBY_VERSION" value="ruby-2.4.1" />
    <property name="user.name" value="travis" />
    <property name="env.LANG" value="en_US.UTF-8" />
    <property name="sun.io.unicode.encoding" value="UnicodeLittle" />
    <property name="sun.jnu.encoding" value="UTF-8" />
    <property name="java.runtime.name" value="Java(TM) SE Runtime Environment" />
    <property name="usefile" value="false" />
    <property name="return.code" value="0" />
    <property name="junit.single.formatter" value="plain" />
    <property name="env.DYLD_LIBRARY_PATH" value="/home/travis/pthla/certi-tools/lib:" />
    <property name="env.DEBIAN_FRONTEND" value="noninteractive" />
    <property name="env.SSH_CONNECTION" value="10.10.4.14 50282 10.20.0.156 22" />
    <property name="env.MYSQL_UNIX_PORT" value="/var/run/mysqld/mysqld.sock" />
    <property name="env.TRAVIS_ALLOW_FAILURE" value="false" />
    <property name="env.LC_ALL" value="en_US.UTF-8" />
    <property name="java.specification.name" value="Java Platform API Specification" />
    <property name="node.works" value="true" />
    <property name="user.timezone" value="" />
    <property name="path.separator" value=":" />
    <property name="env.TRAVIS_ENABLE_INFRA_DETECTION" value="true" />
    <property name="env.PYTHON_CFLAGS" value="-g -fstack-protector --param=ssp-buffer-size=4 -Wformat -Werror=format-security" />
    <property name="timeout.long" value="4000000" />
    <property name="env.CERTI_HOME" value="/home/travis/pthla/certi-tools" />
    <property name="file.encoding" value="UTF-8" />
    <property name="ant.file.ptII" value="/home/travis/build/icyphy/ptII/build.xml" />
    <property name="javadoc.packagenames" value="com.*,diva.*,lbnl.*,org.hlacerti.*,org.json.*,org.ptolemy.*,org.terraswarm.*,ptolemy.*,ptserver.*" />
    <property name="env.TRAVIS_PULL_REQUEST_SLUG" value="" />
    <property name="ant.project.default-target" value="build" />
    <property name="env.GIT_ASKPASS" value="echo" />
    <property name="env.HOME" value="/home/travis" />
    <property name="sun.java.command" value="org.apache.tools.ant.taskdefs.optional.junit.JUnitTestRunner ptolemy.domains.de.test.junit.JUnitTclTest skipNonTests=false filtertrace=true haltOnError=false haltOnFailure=false formatter=org.apache.tools.ant.taskdefs.optional.junit.OutErrSummaryJUnitResultFormatter showoutput=true outputtoformatters=true logfailedtests=true threadid=0 logtestlistenerevents=false formatter=org.apache.tools.ant.taskdefs.optional.junit.XMLJUnitResultFormatter,/home/travis/build/icyphy/ptII/reports/junit/TEST-ptolemy.domains.de.test.junit.JUnitTclTest.xml crashfile=/home/travis/build/icyphy/ptII/junitvmwatcher8818829678909722417.properties propsfile=/home/travis/build/icyphy/ptII/junit900577018915519043.properties" />
    <property name="env.MANPATH" value="/home/travis/.nvm/versions/node/v7.10.1/share/man:/home/travis/.kiex/elixirs/elixir-1.4.5/man:/home/travis/.rvm/rubies/ruby-2.4.1/share/man:/usr/local/man:/usr/local/cmake-3.9.2/man:/usr/local/clang-5.0.0/share/man:/usr/local/share/man:/usr/share/man:/home/travis/.rvm/man" />
    <property name="env.COMPOSER_NO_INTERACTION" value="1" />
    <property name="env.JDK_SWITCHER_DEFAULT" value="oraclejdk8" />
    <property name="env.TRAVIS_TIMER_ID" value="06a8a8ed" />
    <property name="ant.file" value="/home/travis/build/icyphy/ptII/build.xml" />
    <property name="env.TRAVIS_COMMIT_RANGE" value="174d25ae00a8222af5053fded25af12a98e456d7...1249563af6184b9dca3f37daf1208c27ba2ef8f6" />
    <property name="env._system_name" value="Ubuntu" />
    <property name="timeout" value="2400000" />
    <property name="ptII.classpath.optional.property" value="/home/travis/build/icyphy/ptII/lib/bsh-2.0b4.jar:/home/travis/build/icyphy/ptII/lib/ptCal.jar:/home/travis/build/icyphy/ptII/lib/java_cup.jar:/home/travis/build/icyphy/ptII/lib/saxon8.jar:/home/travis/build/icyphy/ptII/lib/saxon8-dom.jar:/home/travis/build/icyphy/ptII/lib/chic.jar:/home/travis/build/icyphy/ptII/lib/ptcolt.jar:/usr/lib/jvm/java-8-oracle/lib/tools.jar:/usr/lib/eclipse/plugins/org.eclipse.jdt.core_3.8.2.dist.jar:/usr/lib/eclipse/plugins/org.eclipse.core.runtime_3.8.0.dist.jar:/usr/lib/eclipse/plugins/org.eclipse.osgi_3.8.1.dist.jar:/usr/lib/eclipse/plugins/org.eclipse.core.resources_3.8.1.dist.jar:/usr/lib/eclipse/plugins/org.eclipse.equinox.common_3.6.100.dist.jar:/usr/lib/eclipse/plugins/org.eclipse.core.jobs_3.5.200.dist.jar:/usr/lib/eclipse/plugins/org.eclipse.core.contenttype_3.4.200.dist.jar:/usr/lib/eclipse/plugins/org.eclipse.equinox.preferences_3.5.0.dist.jar:/usr/lib/eclipse/plugins/org.eclipse.text_3.5.200.dist.jar:/usr/lib/eclipse/plugins/org.eclipse.ui.workbench_3.8.1.dist.jar:/usr/lib/eclipse/plugins/org.eclipse.jface_3.8.0.dist.jar:/usr/lib/eclipse/plugins/org.eclipse.swt_3.8.2.jar:/usr/lib/eclipse/plugins/org.eclipse.jface.text_3.8.1.dist.jar:/usr/lib/eclipse/plugins/org.eclipse.ui.workbench.texteditor_3.8.0.dist.jar:/usr/lib/eclipse/plugins/org.eclipse.ui.editors_3.8.0.dist.jar:/usr/lib/eclipse/plugins/org.eclipse.core.commands_3.6.1.dist.jar:/usr/lib/eclipse/plugins/org.eclipse.equinox.registry_3.5.200.dist.jar:/usr/lib/eclipse/plugins/org.eclipse.ui.console_3.5.100.dist.jar:/usr/lib/eclipse/plugins/org.eclipse.ui.forms_3.5.200.dist.jar:/usr/lib/eclipse/plugins/org.eclipse.ui.ide_3.8.1.dist.jar:/home/travis/build/icyphy/ptII/vendors/oracle/dbxml.jar:/home/travis/build/icyphy/ptII/vendors/oracle/db.jar:/home/travis/build/icyphy/ptII/vendors/misc/itext/iText.jar:/home/travis/build/icyphy/ptII/lib/g4ltl.jar:/home/travis/build/icyphy/ptII/lib/StructuralCoder.jar:/home/travis/build/icyphy/ptII/lib/org-openide-util.jar:/home/travis/build/icyphy/ptII/lib/org-openide-util-lookup.jar:/home/travis/build/icyphy/ptII/lib/org-netbeans-api-visual.jar:/home/travis/build/icyphy/ptII/vendors/jai-1_1_2_01/lib/jai_core.jar:/home/travis/build/icyphy/ptII/vendors/jai-1_1_2_01/lib/jai_codec.jar:/home/travis/build/icyphy/ptII/lib/jcerti.jar:/home/travis/build/icyphy/ptII/lib/smack.jar:/home/travis/build/icyphy/ptII/lib/smackx.jar:/home/travis/build/icyphy/ptII/lib/jetty-all-8.1.5-v20120716.jar:/home/travis/build/icyphy/ptII/lib/javax.servlet-api-3.0.1.jar:/home/travis/build/icyphy/ptII/lib/javax.mail.jar:/home/travis/build/icyphy/ptII/vendors/JMF-2.1.1e/lib/jmf.jar:/home/travis/build/icyphy/ptII/lib/jna-4.0.0-variadic.jar:/home/travis/build/icyphy/ptII/vendors/misc/joystick/Joystick.jar:/home/travis/build/icyphy/ptII/lib/ptjacl.jar:/home/travis/build/icyphy/ptII/lib/jsoup-1.8.2.jar:/home/travis/build/icyphy/ptII/lib/junit-4.8.2.jar:/home/travis/build/icyphy/ptII/lib/JUnitParams-0.4.0.jar:/home/travis/build/icyphy/ptII/ptolemy/actor/lib/excel/jxl.jar:/home/travis/build/icyphy/ptII/lib/jython.jar:/home/travis/build/icyphy/ptII/lib/kieler.jar:/home/travis/build/icyphy/ptII/vendors/opencv/share/OpenCV/java/opencv-341.jar:/home/travis/build/icyphy/ptII/lib/oscP5.jar:/home/travis/build/icyphy/ptII/lib/nrjavaserial-3.11.0.devel.jar:/home/travis/build/icyphy/ptII/vendors/j3d/lib/j3dcore.jar:/home/travis/build/icyphy/ptII/vendors/j3d/lib/j3dutils.jar:/home/travis/build/icyphy/ptII/vendors/j3d/lib/vecmath.jar:/home/travis/build/icyphy/ptII/ptolemy/distributed/jini/jar/jini-core.jar:/home/travis/build/icyphy/ptII/ptolemy/distributed/jini/jar/jini-ext.jar:/home/travis/build/icyphy/ptII/ptolemy/distributed/jini/jar/sun-util.jar:/home/travis/build/icyphy/ptII/lib/protobuf-java-2.4.1.jar:/home/travis/build/icyphy/ptII/lib/org.eclipse.paho.client.mqttv3.jar:/home/travis/build/icyphy/ptII/ptserver/lib/hessian-4.0.7.jar:/home/travis/build/icyphy/ptII/ptserver/lib/wmqtt.jar:/home/travis/build/icyphy/ptII/lib/mapss.jar:/home/travis/build/icyphy/ptII/ptolemy/actor/ptalon/antlr/antlr.jar:/home/travis/build/icyphy/ptII/lib/JRI.jar:/home/travis/build/icyphy/ptII/lib/commons-lang-2.6.jar:/home/travis/build/icyphy/ptII/lib/commons-logging-1.1.1.jar:/home/travis/build/icyphy/ptII/lib/sootclasses.jar:/home/travis/build/icyphy/ptII/ptolemy/actor/lib/database/mysql-connector-java-5.1.6-bin.jar:/home/travis/build/icyphy/ptII/vendors/misc/sphinx4/sphinx4-data-5prealpha.jar:/home/travis/build/icyphy/ptII/vendors/misc/sphinx4/sphinx4-core-5prealpha.jar:/home/travis/build/icyphy/ptII/lib/PDFRenderer.jar:/home/travis/build/icyphy/ptII/lib/svgSalamander.jar:/home/travis/build/icyphy/ptII/lib/rsyntaxtextarea-2.6.0-SNAPSHOT.jar:/home/travis/build/icyphy/ptII/lib/hazelcast-3.8.2.jar:/home/travis/build/icyphy/ptII/lib/jackson-annotations-2.9.0.jar:/home/travis/build/icyphy/ptII/lib/jackson-core-2.9.3.jar:/home/travis/build/icyphy/ptII/lib/jackson-databind-2.9.3.jar:/home/travis/build/icyphy/ptII/lib/netty-buffer-4.1.19.Final.jar:/home/travis/build/icyphy/ptII/lib/netty-codec-4.1.19.Final.jar:/home/travis/build/icyphy/ptII/lib/netty-codec-dns-4.1.19.Final.jar:/home/travis/build/icyphy/ptII/lib/netty-codec-http-4.1.19.Final.jar:/home/travis/build/icyphy/ptII/lib/netty-codec-http2-4.1.19.Final.jar:/home/travis/build/icyphy/ptII/lib/netty-common-4.1.19.Final.jar:/home/travis/build/icyphy/ptII/lib/netty-handler-4.1.19.Final.jar:/home/travis/build/icyphy/ptII/lib/netty-resolver-4.1.19.Final.jar:/home/travis/build/icyphy/ptII/lib/netty-resolver-dns-4.1.19.Final.jar:/home/travis/build/icyphy/ptII/lib/netty-transport-4.1.19.Final.jar:/home/travis/build/icyphy/ptII/lib/vertx-codegen-3.5.1.jar:/home/travis/build/icyphy/ptII/lib/vertx-core-3.5.2-SNAPSHOT.jar:/home/travis/build/icyphy/ptII/lib/vertx-hazelcast-3.5.1.jar:/home/travis/build/icyphy/ptII/lib/vertx-lang-js-3.5.1.jar:/home/travis/build/icyphy/ptII/lib/vertx-service-proxy-3.5.1.jar:/home/travis/build/icyphy/ptII/lib/vertx-web-3.5.1.jar:/home/travis/build/icyphy/ptII/lib/slf4j-api-1.7.13.jar:/home/travis/build/icyphy/ptII/lib/slf4j-simple-1.7.13.jar:/home/travis/build/icyphy/ptII/lib/webcam-capture-0.3.12.jar:/home/travis/build/icyphy/ptII/lib/bridj-0.7.0.jar:/home/travis/build/icyphy/ptII/lib/xbjlib-1.1.0.nrjavaserial.jar" />
    <property name="test.batch" value="**/junit/*.java" />
    <property name="env._" value="/usr/bin/timeout" />
    <property name="java.io.tmpdir" value="/tmp" />
    <property name="env.TRAVIS_INTERNAL_RUBY_REGEX" value="^ruby-(2\.[0-2]\.[0-9]|1\.9\.3)" />
    <property name="user.language" value="en" />
    <property name="env.HISTCONTROL" value="ignoredups:ignorespace" />
    <property name="env.GOROOT" value="/home/travis/.gimme/versions/go1.7.4.linux.amd64" />
    <property name="line.separator" value="&#xa;" />
    <property name="target" value="1.8" />
    <property name="env.TRAVIS_BUILD_DIR" value="/home/travis/build/icyphy/ptII" />
    <property name="env.ANT_OPTS" value="-Xmx2048m" />
    <property name="ant.file.type" value="file" />
    <property name="ptolemy.ptII.batchMode" value="true" />
    <property name="env.HISTSIZE" value="1000" />
    <property name="env.MERB_ENV" value="test" />
    <property name="java.vm.info" value="mixed mode" />
    <property name="source" value="1.8" />
    <property name="java.vm.specification.name" value="Java Virtual Machine Specification" />
    <property name="env.TRAVIS_TEST_RESULT" value="0" />
    <property name="jsdoc.command" value="node_modules/@terraswarm/jsdoc/jsdoc.js" />
    <property name="npm.works" value="true" />
    <property name="cobertura.dir" value="/home/travis/build/icyphy/ptII/vendors/cobertura-2.0.3" />
    <property name="env.rvm_path" value="/home/travis/.rvm" />
    <property name="env.GEM_PATH" value="/home/travis/.rvm/gems/ruby-2.4.1:/home/travis/.rvm/gems/ruby-2.4.1@global" />
    <property name="env.LC_CTYPE" value="en_US.UTF-8" />
    <property name="java.awt.printerjob" value="sun.print.PSPrinterJob" />
    <property name="env.TRAVIS_CMD" value="$PTII/bin/ptIITravisBuild.sh $SECONDS" />
    <property name="env.TRAVIS_STACK_NAME" value="garnet" />
    <property name="env.TRAVIS_TIMER_START_TIME" value="1537841204493909509" />
    <property name="ant.version" value="Apache Ant(TM) version 1.10.1 compiled on February 2 2017" />
    <property name="ptII.reports" value="/home/travis/build/icyphy/ptII/reports" />
    <property name="env.TRAVIS_STACK_TIMESTAMP" value="2017-12-05 19:33:09 UTC" />
    <property name="ant.file.type.ptII" value="file" />
    <property name="env.RBENV_SHELL" value="bash" />
    <property name="os.name" value="Linux" />
    <property name="java.specification.vendor" value="Oracle Corporation" />
    <property name="env.rvm_version" value="1.29.3 (latest)" />
    <property name="env.TRAVIS_INFRA" value="gce" />
    <property name="env.TERM" value="xterm" />
    <property name="java.vm.name" value="Java HotSpot(TM) 64-Bit Server VM" />
    <property name="env.TRAVIS_BUILD_NUMBER" value="742" />
    <property name="env.CI" value="true" />
    <property name="java.library.path" value="/home/travis/pthla/certi-tools/lib:/usr/lib/jni:/usr/local/share/OpenCV/java/:/usr/share/OpenCV/java::/usr/java/packages/lib/amd64:/usr/lib64:/lib64:/lib:/usr/lib" />
    <property name="env.rvm_prefix" value="/home/travis" />
    <property name="env.PATH" value="/home/travis/pthla/certi-tools/share/scripts:/home/travis/.rvm/gems/ruby-2.4.1/bin:/home/travis/.rvm/gems/ruby-2.4.1@global/bin:/home/travis/.rvm/rubies/ruby-2.4.1/bin:/home/travis/.rvm/bin:/home/travis/.nvm/versions/node/v7.10.1/bin:./node_modules/.bin:/home/travis/build/icyphy/ptII/bin:/home/travis/pthla/certi-tools/bin:/home/travis/bin:/home/travis/.local/bin:/opt/pyenv/shims:/home/travis/.phpenv/shims:/home/travis/perl5/perlbrew/bin:/home/travis/.kiex/elixirs/elixir-1.4.5/bin:/home/travis/.kiex/bin:/home/travis/gopath/bin:/home/travis/.gimme/versions/go1.7.4.linux.amd64/bin:/usr/local/phantomjs/bin:/usr/local/phantomjs:/usr/local/neo4j-3.2.7/bin:/usr/local/maven-3.5.2/bin:/usr/local/cmake-3.9.2/bin:/usr/local/clang-5.0.0/bin:/usr/local/sbin:/usr/local/bin:/usr/sbin:/usr/bin:/sbin:/bin:/home/travis/.phpenv/bin:/opt/pyenv/bin:/home/travis/.yarn/bin" />
    <property name="env.TRAVIS_OS_NAME" value="linux" />
    <property name="ant.java.version" value="1.8" />
    <property name="basedir" value="/home/travis/build/icyphy/ptII" />
    <property name="java.class.version" value="52.0" />
    <property name="env.SHLVL" value="3" />
    <property name="env.LD_LIBRARY_PATH" value="/home/travis/pthla/certi-tools/lib:/usr/lib/jni:/usr/local/share/OpenCV/java/:/usr/share/OpenCV/java:" />
    <property name="env.RACK_ENV" value="test" />
    <property name="ant.home" value="/home/travis/build/icyphy/ptII/ant" />
    <property name="env.NVM_DIR" value="/home/travis/.nvm" />
    <property name="env.PERLBREW_BASHRC_VERSION" value="0.80" />
    <property name="env.CERTI_FOM_PATH" value="/home/travis/pthla/certi-tools/share/federations" />
    <property name="env.TRAVIS_BUILD_ID" value="432750821" />
    <property name="env.PYENV_ROOT" value="/opt/pyenv" />
    <property name="env.TRAVIS_UID" value="2000" />
    <property name="env.rvm_pretty_print_flag" value="auto" />
    <property name="env.NVM_BIN" value="/home/travis/.nvm/versions/node/v7.10.1/bin" />
    <property name="env.TRAVIS_COMMIT" value="1249563af6184b9dca3f37daf1208c27ba2ef8f6" />
    <property name="env._system_arch" value="x86_64" />
    <property name="node.executable" value="node" />
    <property name="sun.boot.library.path" value="/usr/lib/jvm/java-8-oracle/jre/lib/amd64" />
    <property name="sun.management.compiler" value="HotSpot 64-Bit Tiered Compilers" />
    <property name="env.GOPATH" value="/home/travis/gopath" />
    <property name="java.awt.graphicsenv" value="sun.awt.X11GraphicsEnvironment" />
    <property name="ptolemy.ptII.dir" value="/home/travis/build/icyphy/ptII" />
    <property name="env.USER" value="travis" />
    <property name="env.HISTFILESIZE" value="2000" />
    <property name="timeout.longest" value="19000000" />
    <property name="env.TRAVIS_STACK_FEATURES" value="basic cassandra chromium couchdb disabled-ipv6 docker docker-compose elasticsearch firefox go-toolchain google-chrome jdk memcached mongodb mysql neo4j nodejs_interpreter perl_interpreter perlbrew phantomjs postgresql python_interpreter rabbitmq redis riak ruby_interpreter sqlite xserver" />
    <property name="env.TRAVIS_PULL_REQUEST" value="false" />
    <property name="env.PYENV_SHELL" value="bash" />
    <property name="ant.project.name" value="ptII" />
    <property name="env.ANSI_RESET" value="\033[0m" />
    <property name="java.vm.specification.version" value="1.8" />
    <property name="env.TRAVIS_DIST" value="trusty" />
    <property name="env.CERTI_VERSION" value="4.0.0" />
    <property name="env.NLSPATH" value="/usr/dt/lib/nls/msg/%L/%N.cat" />
    <property name="env.CERTI_HOST" value="localhost" />
    <property name="awt.toolkit" value="sun.awt.X11.XToolkit" />
    <property name="env.MY_RUBY_HOME" value="/home/travis/.rvm/rubies/ruby-2.4.1" />
    <property name="sun.cpu.isalist" value="" />
    <property name="env.TRAVIS_TMPDIR" value="/tmp/tmp.sZ0aLNaU22" />
    <property name="java.ext.dirs" value="/usr/lib/jvm/java-8-oracle/jre/lib/ext:/usr/java/packages/lib/ext" />
    <property name="os.version" value="4.4.0-101-generic" />
    <property name="user.home" value="/home/travis" />
    <property name="env.MIX_ARCHIVES" value="/home/travis/.kiex/mix/elixir-1.4.5" />
    <property name="java.vm.vendor" value="Oracle Corporation" />
    <property name="env.TRAVIS_TAG" value="nightly" />
    <property name="env.ANSI_YELLOW" value="\033[33;1m" />
    <property name="env.TRAVIS_FILTERED" value="redirect_io" />
    <property name="env.ANSI_GREEN" value="\033[32;1m" />
    <property name="env.PTII" value="/home/travis/build/icyphy/ptII" />
    <property name="env.JAVA_HOME" value="/usr/lib/jvm/java-8-oracle" />
    <property name="javadoc.excludepackagenames" value="adm.cvs2svn.*,build.*,config.*,doc.coding.templates.*,jni.test.jni.meaningOfLife.*,jni.test.jni.testDeux.*,jni.test.jni.testTrois.*,org.terraswarm.accessor.accessors.web.node_modules.*,org.terraswarm.accessor.accessors.web.hosts.cordova.demo.*,org.terraswarm.accessor.accessors.web.hosts.cordova.plugins.*,org.terraswarm.accessor.accessors-svn.*,pt-modules.*,ptolemy.apps.agilent.*,ptolemy.apps.anytimecontrol.*,ptolemy.apps.apes.*,ptolemy.apps.charon.*,ptolemy.apps.crazyboard.*,ptolemy.apps.eclipse.*,ptolemy.apps.etherealSting.*,ptolemy.apps.fullscreen.*,ptolemy.apps.giotto.*,ptolemy.apps.ia.*,ptolemy.apps.interfaces.*,ptolemy.apps.jmf.*,ptolemy.apps.kurt.*,ptolemy.apps.kvm.*,ptolemy.apps.lego.*,ptolemy.apps.lejos.*,ptolemy.apps.midp.*,ptolemy.apps.mobileCoding.*,ptolemy.apps.pendulum.*,ptolemy.apps.rijndael.*,ptolemy.apps.robot.*,ptolemy.apps.security.*,ptolemy.apps.sobel.*,ptolemy.apps.soot.*,ptolemy.apps.throttle.*,ptolemy.apps.tini.*,ptolemy.apps.transmission.*,ptolemy.apps.vergil.*,ptolemy.apps.waba.*,ptolemy.apps.websensor.*,ptolemy.apps.webstart.*,ptolemy.apps.xsl.*,ptolemy.apps.zaurus.*,ptolemy.backtrack.eclipse.plugin.*,ptolemy.backtrack.test.*,ptolemy.codegen.c.actor.lib.oldJavaFiles.*,ptolemy.codegen.dsp.lib.*,ptolemy.codegen.kernel.newInterfaces.*,ptolemy.codegen.lib.*,ptolemy.copernicus.kernel.fragment.*,ptolemy.copernicus.shallow.cg.*,ptolemy.domains.giotto.demo.Hierarchy.Hierarchy.*,ptolemy.domains.giotto.demo.Multimode.Multimode.*,ptolemy.domains.giotto.demo.Simple.Simple.*,ptolemy.domains.gr.lib.experimental.*,ptolemy.domains.gro.*,ptolemy.domains.pdf.*,ptolemy.domains.ptinyos.demo.Surge.output.*,ptolemy.moml.test.NoPackageActor.java*,ptolemy.plot.adm.*,ptolemy.plot.servlet.*,reports.*,signed.*,src.*,target.*,vendors.*,ptolemy.cg.adapter.generic.program.procedural.c.mbed*,ptolemy.actor.lib.fmi.fmus.omc*,ptolemy.domains.openmodelica*,ptdb.kernel.bl.save.test.*,ptdb.kernel.bl.load.test.*,ptdb.kernel.bl.search.test.*,ptdb.kernel.bl.migration.test.*,ptdb.kernel.database.test.*,ptdb.test.*,ptdb.gui.test.*,org.ptolemy.scala.*,diva.util.java2d.svg.*,ptolemy.domains.ptinyos.*,ptolemy.actor.lib.fmi.fmipp.*,,org.terraswarm.accessor.accessors.web.node_modules.*,org.terraswarm.accessor.accessors-svn,ptolemy.apps.*,ptolemy.actor.ptalon.demo.ptinyos.SendAndReceiveCnt.output,ptolemy.actor.ptalon.demo.ptinyos.SenseToLeds.output,ptolemy.domains.ptinyos.demo.CntToLedsAndRfm.output,ptolemy.domains.ptinyos.demo.RfmToLeds.output,ptolemy.domains.ptinyos.demo.SendAndReceiveCnt.output,ptolemy.domains.ptinyos.demo.SenseToLeds.output,ptolemy.actor.lib.jjs.modules.udpSocket.*" />
    <property name="env.TRAVIS_COMMIT_MESSAGE" value="UPdates to seating chart" />
    <property name="keystore" value="ptKeystore" />
    <property name="env.XDG_SESSION_ID" value="2" />
    <property name="junit.output.dir" value="/home/travis/build/icyphy/ptII/reports/junit" />
    <property name="npm.return.code" value="0" />
    <property name="user.dir" value="/home/travis/build/icyphy/ptII/ptolemy/domains/de/test" />
    <property name="env.TRAVIS_NODE_VERSION" value="7" />
    <property name="env.XFILESEARCHPATH" value="/usr/dt/app-defaults/%L/Dt" />
    <property name="env.TRAVIS_EVENT_TYPE" value="cron" />
    <property name="env.MAIL" value="/var/mail/travis" />
    <property name="env.PWD" value="/home/travis/build/icyphy/ptII" />
    <property name="env.PERLBREW_ROOT" value="/home/travis/perl5/perlbrew" />
    <property name="timeout.npm" value="45000" />
    <property name="env.PT_TRAVIS_TEST_CORE2_XML" value="true" />
    <property name="env.TRAVIS_ARCH" value="amd64" />
    <property name="env.PAGER" value="cat" />
    <property name="sun.cpu.endian" value="little" />
    <property name="env.TRAVIS_BUILD_STAGE_NAME" value="Test" />
    <property name="env.PERLBREW_HOME" value="/home/travis/.perlbrew" />
    <property name="java.vm.version" value="25.151-b12" />
    <property name="env.RAILS_ENV" value="test" />
    <property name="java.class.path" value="/home/travis/build/icyphy/ptII:/home/travis/build/icyphy/ptII/lib/bsh-2.0b4.jar:/home/travis/build/icyphy/ptII/lib/ptCal.jar:/home/travis/build/icyphy/ptII/lib/java_cup.jar:/home/travis/build/icyphy/ptII/lib/saxon8.jar:/home/travis/build/icyphy/ptII/lib/saxon8-dom.jar:/home/travis/build/icyphy/ptII/lib/chic.jar:/home/travis/build/icyphy/ptII/lib/ptcolt.jar:/usr/lib/jvm/java-8-oracle/lib/tools.jar:/usr/lib/eclipse/plugins/org.eclipse.jdt.core_3.8.2.dist.jar:/usr/lib/eclipse/plugins/org.eclipse.core.runtime_3.8.0.dist.jar:/usr/lib/eclipse/plugins/org.eclipse.osgi_3.8.1.dist.jar:/usr/lib/eclipse/plugins/org.eclipse.core.resources_3.8.1.dist.jar:/usr/lib/eclipse/plugins/org.eclipse.equinox.common_3.6.100.dist.jar:/usr/lib/eclipse/plugins/org.eclipse.core.jobs_3.5.200.dist.jar:/usr/lib/eclipse/plugins/org.eclipse.core.contenttype_3.4.200.dist.jar:/usr/lib/eclipse/plugins/org.eclipse.equinox.preferences_3.5.0.dist.jar:/usr/lib/eclipse/plugins/org.eclipse.text_3.5.200.dist.jar:/usr/lib/eclipse/plugins/org.eclipse.ui.workbench_3.8.1.dist.jar:/usr/lib/eclipse/plugins/org.eclipse.jface_3.8.0.dist.jar:/usr/lib/eclipse/plugins/org.eclipse.swt_3.8.2.jar:/usr/lib/eclipse/plugins/org.eclipse.jface.text_3.8.1.dist.jar:/usr/lib/eclipse/plugins/org.eclipse.ui.workbench.texteditor_3.8.0.dist.jar:/usr/lib/eclipse/plugins/org.eclipse.ui.editors_3.8.0.dist.jar:/usr/lib/eclipse/plugins/org.eclipse.core.commands_3.6.1.dist.jar:/usr/lib/eclipse/plugins/org.eclipse.equinox.registry_3.5.200.dist.jar:/usr/lib/eclipse/plugins/org.eclipse.ui.console_3.5.100.dist.jar:/usr/lib/eclipse/plugins/org.eclipse.ui.forms_3.5.200.dist.jar:/usr/lib/eclipse/plugins/org.eclipse.ui.ide_3.8.1.dist.jar:/home/travis/build/icyphy/ptII/vendors/oracle/dbxml.jar:/home/travis/build/icyphy/ptII/vendors/oracle/db.jar:/home/travis/build/icyphy/ptII/vendors/misc/itext/iText.jar:/home/travis/build/icyphy/ptII/lib/g4ltl.jar:/home/travis/build/icyphy/ptII/lib/StructuralCoder.jar:/home/travis/build/icyphy/ptII/lib/org-openide-util.jar:/home/travis/build/icyphy/ptII/lib/org-openide-util-lookup.jar:/home/travis/build/icyphy/ptII/lib/org-netbeans-api-visual.jar:/home/travis/build/icyphy/ptII/vendors/jai-1_1_2_01/lib/jai_core.jar:/home/travis/build/icyphy/ptII/vendors/jai-1_1_2_01/lib/jai_codec.jar:/home/travis/build/icyphy/ptII/lib/jcerti.jar:/home/travis/build/icyphy/ptII/lib/smack.jar:/home/travis/build/icyphy/ptII/lib/smackx.jar:/home/travis/build/icyphy/ptII/lib/jetty-all-8.1.5-v20120716.jar:/home/travis/build/icyphy/ptII/lib/javax.servlet-api-3.0.1.jar:/home/travis/build/icyphy/ptII/lib/javax.mail.jar:/home/travis/build/icyphy/ptII/vendors/JMF-2.1.1e/lib/jmf.jar:/home/travis/build/icyphy/ptII/lib/jna-4.0.0-variadic.jar:/home/travis/build/icyphy/ptII/vendors/misc/joystick/Joystick.jar:/home/travis/build/icyphy/ptII/lib/ptjacl.jar:/home/travis/build/icyphy/ptII/lib/jsoup-1.8.2.jar:/home/travis/build/icyphy/ptII/lib/junit-4.8.2.jar:/home/travis/build/icyphy/ptII/lib/JUnitParams-0.4.0.jar:/home/travis/build/icyphy/ptII/ptolemy/actor/lib/excel/jxl.jar:/home/travis/build/icyphy/ptII/lib/jython.jar:/home/travis/build/icyphy/ptII/lib/kieler.jar:/home/travis/build/icyphy/ptII/vendors/opencv/share/OpenCV/java/opencv-341.jar:/home/travis/build/icyphy/ptII/lib/oscP5.jar:/home/travis/build/icyphy/ptII/lib/nrjavaserial-3.11.0.devel.jar:/home/travis/build/icyphy/ptII/vendors/j3d/lib/j3dcore.jar:/home/travis/build/icyphy/ptII/vendors/j3d/lib/j3dutils.jar:/home/travis/build/icyphy/ptII/vendors/j3d/lib/vecmath.jar:/home/travis/build/icyphy/ptII/ptolemy/distributed/jini/jar/jini-core.jar:/home/travis/build/icyphy/ptII/ptolemy/distributed/jini/jar/jini-ext.jar:/home/travis/build/icyphy/ptII/ptolemy/distributed/jini/jar/sun-util.jar:/home/travis/build/icyphy/ptII/lib/protobuf-java-2.4.1.jar:/home/travis/build/icyphy/ptII/lib/org.eclipse.paho.client.mqttv3.jar:/home/travis/build/icyphy/ptII/ptserver/lib/hessian-4.0.7.jar:/home/travis/build/icyphy/ptII/ptserver/lib/wmqtt.jar:/home/travis/build/icyphy/ptII/lib/mapss.jar:/home/travis/build/icyphy/ptII/ptolemy/actor/ptalon/antlr/antlr.jar:/home/travis/build/icyphy/ptII/lib/JRI.jar:/home/travis/build/icyphy/ptII/lib/commons-lang-2.6.jar:/home/travis/build/icyphy/ptII/lib/commons-logging-1.1.1.jar:/home/travis/build/icyphy/ptII/lib/sootclasses.jar:/home/travis/build/icyphy/ptII/ptolemy/actor/lib/database/mysql-connector-java-5.1.6-bin.jar:/home/travis/build/icyphy/ptII/vendors/misc/sphinx4/sphinx4-data-5prealpha.jar:/home/travis/build/icyphy/ptII/vendors/misc/sphinx4/sphinx4-core-5prealpha.jar:/home/travis/build/icyphy/ptII/lib/PDFRenderer.jar:/home/travis/build/icyphy/ptII/lib/svgSalamander.jar:/home/travis/build/icyphy/ptII/lib/rsyntaxtextarea-2.6.0-SNAPSHOT.jar:/home/travis/build/icyphy/ptII/lib/hazelcast-3.8.2.jar:/home/travis/build/icyphy/ptII/lib/jackson-annotations-2.9.0.jar:/home/travis/build/icyphy/ptII/lib/jackson-core-2.9.3.jar:/home/travis/build/icyphy/ptII/lib/jackson-databind-2.9.3.jar:/home/travis/build/icyphy/ptII/lib/netty-buffer-4.1.19.Final.jar:/home/travis/build/icyphy/ptII/lib/netty-codec-4.1.19.Final.jar:/home/travis/build/icyphy/ptII/lib/netty-codec-dns-4.1.19.Final.jar:/home/travis/build/icyphy/ptII/lib/netty-codec-http-4.1.19.Final.jar:/home/travis/build/icyphy/ptII/lib/netty-codec-http2-4.1.19.Final.jar:/home/travis/build/icyphy/ptII/lib/netty-common-4.1.19.Final.jar:/home/travis/build/icyphy/ptII/lib/netty-handler-4.1.19.Final.jar:/home/travis/build/icyphy/ptII/lib/netty-resolver-4.1.19.Final.jar:/home/travis/build/icyphy/ptII/lib/netty-resolver-dns-4.1.19.Final.jar:/home/travis/build/icyphy/ptII/lib/netty-transport-4.1.19.Final.jar:/home/travis/build/icyphy/ptII/lib/vertx-codegen-3.5.1.jar:/home/travis/build/icyphy/ptII/lib/vertx-core-3.5.2-SNAPSHOT.jar:/home/travis/build/icyphy/ptII/lib/vertx-hazelcast-3.5.1.jar:/home/travis/build/icyphy/ptII/lib/vertx-lang-js-3.5.1.jar:/home/travis/build/icyphy/ptII/lib/vertx-service-proxy-3.5.1.jar:/home/travis/build/icyphy/ptII/lib/vertx-web-3.5.1.jar:/home/travis/build/icyphy/ptII/lib/slf4j-api-1.7.13.jar:/home/travis/build/icyphy/ptII/lib/slf4j-simple-1.7.13.jar:/home/travis/build/icyphy/ptII/lib/webcam-capture-0.3.12.jar:/home/travis/build/icyphy/ptII/lib/bridj-0.7.0.jar:/home/travis/build/icyphy/ptII/lib/xbjlib-1.1.0.nrjavaserial.jar:/home/travis/build/icyphy/ptII/ptolemy/moml/test:/home/travis/build/icyphy/ptII/ant/lib/ant-launcher.jar:/home/travis/build/icyphy/ptII/ant/lib/ant.jar:/home/travis/build/icyphy/ptII/ant/lib/ant-junit.jar:/home/travis/build/icyphy/ptII/ant/lib/ant-junit4.jar" />
    <property name="ant.library.dir" value="/home/travis/build/icyphy/ptII/ant/lib" />
    <property name="os.arch" value="amd64" />
    <property name="env.TRAVIS_LANGUAGE" value="node_js" />
    <property name="env.CONTINUOUS_INTEGRATION" value="true" />
    <property name="env.TRAVIS_STACK_LANGUAGES" value="__garnet__ c c++ clojure cplusplus cpp default go groovy java node_js php pure_java python ruby scala" />
    <property name="test.name" value="ptolemy.actor.lib.test.junit.JUnitTclTest" />
    <property name="sun.java.launcher" value="SUN_STANDARD" />
    <property name="env.PYTHON_CONFIGURE_OPTS" value="--enable-unicode=ucs4 --with-wide-unicode --enable-shared --enable-ipv6 --enable-loadable-sqlite-extensions --with-computed-gotos" />
    <property name="ant.core.lib" value="/home/travis/build/icyphy/ptII/ant/lib/ant.jar" />
    <property name="java.vm.specification.vendor" value="Oracle Corporation" />
    <property name="env.BCVTB_HOME" value="/home/travis/build/icyphy/ptII/lbnl" />
    <property name="file.separator" value="/" />
    <property name="java.runtime.version" value="1.8.0_151-b12" />
    <property name="spotbugs.home" value="/home/travis/build/icyphy/ptII/vendors/spotbugs-3.1.1" />
    <property name="sun.boot.class.path" value="/usr/lib/jvm/java-8-oracle/jre/lib/resources.jar:/usr/lib/jvm/java-8-oracle/jre/lib/rt.jar:/usr/lib/jvm/java-8-oracle/jre/lib/sunrsasign.jar:/usr/lib/jvm/java-8-oracle/jre/lib/jsse.jar:/usr/lib/jvm/java-8-oracle/jre/lib/jce.jar:/usr/lib/jvm/java-8-oracle/jre/lib/charsets.jar:/usr/lib/jvm/java-8-oracle/jre/lib/jfr.jar:/usr/lib/jvm/java-8-oracle/jre/classes" />
    <property name="env.ANSI_CLEAR" value="\033[0K" />
    <property name="env.HAS_JOSH_K_SEAL_OF_APPROVAL" value="true" />
    <property name="env.TRAVIS_OSX_IMAGE" value="" />
    <property name="env.XDG_RUNTIME_DIR" value="/run/user/2000" />
    <property name="env.TRAVIS_JOB_ID" value="432750830" />
    <property name="env.TRAVIS_BRANCH" value="master" />
    <property name="user.country" value="US" />
    <property name="env.CERTI_HOME_TRAVIS" value="/home/travis/pthla/certi-tools" />
    <property name="env.SHELL" value="/bin/bash" />
    <property name="model" value="" />
    <property name="java.maxmemory.large" value="5000m" />
    <property name="env.CASHER_DIR" value="/home/travis/.casher" />
    <property name="env.NVM_CD_FLAGS" value="" />
    <property name="jshint.executable" value="/home/travis/node_modules/jshint/bin/jshint" />
    <property name="env.JRUBY_OPTS" value=" --client -J-XX:+TieredCompilation -J-XX:TieredStopAtLevel=1 -J-Xss2m -Xcompile.invokedynamic=false" />
    <property name="java.vendor" value="Oracle Corporation" />
    <property name="env.TRAVIS_PRE_CHEF_BOOTSTRAP_TIME" value="2017-12-05T19:32:55" />
    <property name="env.TRAVIS_STACK_JOB_BOARD_REGISTER" value="/.job-board-register.yml" />
    <property name="env.ELIXIR_VERSION" value="1.4.5" />
    <property name="env.ANSI_RED" value="\033[31;1m" />
    <property name="java.specification.version" value="1.8" />
    <property name="env.TRAVIS" value="true" />
    <property name="env.IRBRC" value="/home/travis/.rvm/rubies/ruby-2.4.1/.irbrc" />
    <property name="sun.arch.data.model" value="64" />
  </properties>
  <testcase classname="ptolemy.util.test.junit.TclTests" name="[0] /home/travis/build/icyphy/ptII/ptolemy/domains/de/test/DependencyLoop.tcl (RunTclFile)" time="0.732" />
  <testcase classname="ptolemy.util.test.junit.TclTests" name="[1] /home/travis/build/icyphy/ptII/ptolemy/domains/de/test/RunDETestsAsQSS.tcl (RunTclFile)" time="87.608" />
  <testcase classname="ptolemy.util.test.junit.AutoKnownFailedTests" name="[0] /home/travis/build/icyphy/ptII/ptolemy/domains/de/test/auto/knownFailedTests/DESDFClockTest.xml (RunModel)" time="2.049" />
  <testcase classname="ptolemy.util.test.junit.AutoKnownFailedTests" name="[1] /home/travis/build/icyphy/ptII/ptolemy/domains/de/test/auto/knownFailedTests/DirectFeedback.xml (RunModel)" time="0.012" />
  <testcase classname="ptolemy.util.test.junit.AutoKnownFailedTests" name="[2] /home/travis/build/icyphy/ptII/ptolemy/domains/de/test/auto/knownFailedTests/FSMSource.xml (RunModel)" time="0.031" />
  <testcase classname="ptolemy.util.test.junit.AutoKnownFailedTests" name="[3] /home/travis/build/icyphy/ptII/ptolemy/domains/de/test/auto/knownFailedTests/HierarchicalModel.xml (RunModel)" time="0.032" />
  <testcase classname="ptolemy.util.test.junit.AutoKnownFailedTests" name="[4] /home/travis/build/icyphy/ptII/ptolemy/domains/de/test/auto/knownFailedTests/dependencyLoop.xml (RunModel)" time="0.021" />
  <testcase classname="ptolemy.util.test.junit.AutoKnownFailedTests" name="[5] /home/travis/build/icyphy/ptII/ptolemy/domains/de/test/auto/knownFailedTests/dependencyLoop2.xml (RunModel)" time="0.036" />
  <testcase classname="ptolemy.util.test.junit.AutoNameArchTests" name="[0] ThereAreNoAutoArchTests (RunModel)" time="0.004" />
  <testcase classname="ptolemy.util.test.junit.AutoTests" name="[0] /home/travis/build/icyphy/ptII/ptolemy/domains/de/test/auto/ActorDepthCalculation_actorWithoutPorts.xml (RunModel)" time="0.012" />
  <testcase classname="ptolemy.util.test.junit.AutoTests" name="[1] /home/travis/build/icyphy/ptII/ptolemy/domains/de/test/auto/AssemblyLine.xml (RunModel)" time="0.015" />
  <testcase classname="ptolemy.util.test.junit.AutoTests" name="[2] /home/travis/build/icyphy/ptII/ptolemy/domains/de/test/auto/CQBug1.xml (RunModel)" time="0.011" />
  <testcase classname="ptolemy.util.test.junit.AutoTests" name="[3] /home/travis/build/icyphy/ptII/ptolemy/domains/de/test/auto/CancelFireAt.xml (RunModel)" time="0.011" />
  <testcase classname="ptolemy.util.test.junit.AutoTests" name="[4] /home/travis/build/icyphy/ptII/ptolemy/domains/de/test/auto/CausalityAndComposabilityAnalysis.xml (RunModel)" time="0.012" />
  <testcase classname="ptolemy.util.test.junit.AutoTests" name="[5] /home/travis/build/icyphy/ptII/ptolemy/domains/de/test/auto/CausalityInterface1.xml (RunModel)" time="0.014" />
  <testcase classname="ptolemy.util.test.junit.AutoTests" name="[6] /home/travis/build/icyphy/ptII/ptolemy/domains/de/test/auto/CausalityInterface15.xml (RunModel)" time="0.013" />
  <testcase classname="ptolemy.util.test.junit.AutoTests" name="[7] /home/travis/build/icyphy/ptII/ptolemy/domains/de/test/auto/CausalityInterface2.xml (RunModel)" time="0.01" />
  <testcase classname="ptolemy.util.test.junit.AutoTests" name="[8] /home/travis/build/icyphy/ptII/ptolemy/domains/de/test/auto/CausalityInterface3.xml (RunModel)" time="0.011" />
  <testcase classname="ptolemy.util.test.junit.AutoTests" name="[9] /home/travis/build/icyphy/ptII/ptolemy/domains/de/test/auto/ClockDrift.xml (RunModel)" time="0.043" />
  <testcase classname="ptolemy.util.test.junit.AutoTests" name="[10] /home/travis/build/icyphy/ptII/ptolemy/domains/de/test/auto/ClockDriftAndValueChange.xml (RunModel)" time="0.033" />
  <testcase classname="ptolemy.util.test.junit.AutoTests" name="[11] /home/travis/build/icyphy/ptII/ptolemy/domains/de/test/auto/ClockDriftChange.xml (RunModel)" time="0.032" />
  <testcase classname="ptolemy.util.test.junit.AutoTests" name="[12] /home/travis/build/icyphy/ptII/ptolemy/domains/de/test/auto/ComposableCausalityAnalysis.xml (RunModel)" time="0.012" />
  <testcase classname="ptolemy.util.test.junit.AutoTests" name="[13] /home/travis/build/icyphy/ptII/ptolemy/domains/de/test/auto/DEFixedPointLimitation.xml (RunModel)" time="0.016" />
  <testcase classname="ptolemy.util.test.junit.AutoTests" name="[14] /home/travis/build/icyphy/ptII/ptolemy/domains/de/test/auto/DEScheduleTest.xml (RunModel)" time="0.031" />
  <testcase classname="ptolemy.util.test.junit.AutoTests" name="[15] /home/travis/build/icyphy/ptII/ptolemy/domains/de/test/auto/DEinDEwithStartTimes.xml (RunModel)" time="0.013" />
  <testcase classname="ptolemy.util.test.junit.AutoTests" name="[16] /home/travis/build/icyphy/ptII/ptolemy/domains/de/test/auto/DEinDEwithStartTimes2.xml (RunModel)" time="0.013" />
  <testcase classname="ptolemy.util.test.junit.AutoTests" name="[17] /home/travis/build/icyphy/ptII/ptolemy/domains/de/test/auto/DateDemo.xml (RunModel)" time="0.026" />
  <testcase classname="ptolemy.util.test.junit.AutoTests" name="[18] /home/travis/build/icyphy/ptII/ptolemy/domains/de/test/auto/DateToEvent.xml (RunModel)" time="2.04" />
  <testcase classname="ptolemy.util.test.junit.AutoTests" name="[19] /home/travis/build/icyphy/ptII/ptolemy/domains/de/test/auto/DepthTest1.xml (RunModel)" time="0.007" />
  <testcase classname="ptolemy.util.test.junit.AutoTests" name="[20] /home/travis/build/icyphy/ptII/ptolemy/domains/de/test/auto/DepthTest2.xml (RunModel)" time="0.021" />
  <testcase classname="ptolemy.util.test.junit.AutoTests" name="[21] /home/travis/build/icyphy/ptII/ptolemy/domains/de/test/auto/DepthTest3.xml (RunModel)" time="0.007" />
  <testcase classname="ptolemy.util.test.junit.AutoTests" name="[22] /home/travis/build/icyphy/ptII/ptolemy/domains/de/test/auto/DepthTest4.xml (RunModel)" time="0.011" />
  <testcase classname="ptolemy.util.test.junit.AutoTests" name="[23] /home/travis/build/icyphy/ptII/ptolemy/domains/de/test/auto/DepthTest5.xml (RunModel)" time="0.017" />
  <testcase classname="ptolemy.util.test.junit.AutoTests" name="[24] /home/travis/build/icyphy/ptII/ptolemy/domains/de/test/auto/DepthTest6.xml (RunModel)" time="0.013" />
  <testcase classname="ptolemy.util.test.junit.AutoTests" name="[25] /home/travis/build/icyphy/ptII/ptolemy/domains/de/test/auto/DepthTest7.xml (RunModel)" time="0.015" />
  <testcase classname="ptolemy.util.test.junit.AutoTests" name="[26] /home/travis/build/icyphy/ptII/ptolemy/domains/de/test/auto/EventToDate.xml (RunModel)" time="3.041" />
  <testcase classname="ptolemy.util.test.junit.AutoTests" name="[27] /home/travis/build/icyphy/ptII/ptolemy/domains/de/test/auto/FSM1.xml (RunModel)" time="0.042" />
  <testcase classname="ptolemy.util.test.junit.AutoTests" name="[28] /home/travis/build/icyphy/ptII/ptolemy/domains/de/test/auto/FSM7.xml (RunModel)" time="0.049" />
  <testcase classname="ptolemy.util.test.junit.AutoTests" name="[29] /home/travis/build/icyphy/ptII/ptolemy/domains/de/test/auto/Inspection.xml (RunModel)" time="0.036" />
  <testcase classname="ptolemy.util.test.junit.AutoTests" name="[30] /home/travis/build/icyphy/ptII/ptolemy/domains/de/test/auto/Iteration.xml (RunModel)" time="0.026" />
  <testcase classname="ptolemy.util.test.junit.AutoTests" name="[31] /home/travis/build/icyphy/ptII/ptolemy/domains/de/test/auto/LineFault.xml (RunModel)" time="0.539" />
  <testcase classname="ptolemy.util.test.junit.AutoTests" name="[32] /home/travis/build/icyphy/ptII/ptolemy/domains/de/test/auto/MergeModel1Add.xml (RunModel)" time="0.041" />
  <testcase classname="ptolemy.util.test.junit.AutoTests" name="[33] /home/travis/build/icyphy/ptII/ptolemy/domains/de/test/auto/MergeModel2Add.xml (RunModel)" time="0.039" />
  <testcase classname="ptolemy.util.test.junit.AutoTests" name="[34] /home/travis/build/icyphy/ptII/ptolemy/domains/de/test/auto/MergeModel3Add.xml (RunModel)" time="0.035" />
  <testcase classname="ptolemy.util.test.junit.AutoTests" name="[35] /home/travis/build/icyphy/ptII/ptolemy/domains/de/test/auto/MergeWithoutDiscard.xml (RunModel)" time="0.009" />
  <testcase classname="ptolemy.util.test.junit.AutoTests" name="[36] /home/travis/build/icyphy/ptII/ptolemy/domains/de/test/auto/Modal1.xml (RunModel)" time="0.025" />
  <testcase classname="ptolemy.util.test.junit.AutoTests" name="[37] /home/travis/build/icyphy/ptII/ptolemy/domains/de/test/auto/Modal2.xml (RunModel)" time="0.026" />
  <testcase classname="ptolemy.util.test.junit.AutoTests" name="[38] /home/travis/build/icyphy/ptII/ptolemy/domains/de/test/auto/Modal3.xml (RunModel)" time="0.025" />
  <testcase classname="ptolemy.util.test.junit.AutoTests" name="[39] /home/travis/build/icyphy/ptII/ptolemy/domains/de/test/auto/Modal4.xml (RunModel)" time="0.025" />
  <testcase classname="ptolemy.util.test.junit.AutoTests" name="[40] /home/travis/build/icyphy/ptII/ptolemy/domains/de/test/auto/Modal5.xml (RunModel)" time="0.025" />
  <testcase classname="ptolemy.util.test.junit.AutoTests" name="[41] /home/travis/build/icyphy/ptII/ptolemy/domains/de/test/auto/Modal6.xml (RunModel)" time="0.024" />
  <testcase classname="ptolemy.util.test.junit.AutoTests" name="[42] /home/travis/build/icyphy/ptII/ptolemy/domains/de/test/auto/Modal7.xml (RunModel)" time="0.025" />
  <testcase classname="ptolemy.util.test.junit.AutoTests" name="[43] /home/travis/build/icyphy/ptII/ptolemy/domains/de/test/auto/ModalModel.xml (RunModel)" time="0.146" />
  <testcase classname="ptolemy.util.test.junit.AutoTests" name="[44] /home/travis/build/icyphy/ptII/ptolemy/domains/de/test/auto/ModalSource.xml (RunModel)" time="0.019" />
  <testcase classname="ptolemy.util.test.junit.AutoTests" name="[45] /home/travis/build/icyphy/ptII/ptolemy/domains/de/test/auto/NonInterruptibleTimerZeroDelay.xml (RunModel)" time="0.011" />
  <testcase classname="ptolemy.util.test.junit.AutoTests" name="[46] /home/travis/build/icyphy/ptII/ptolemy/domains/de/test/auto/OpenQueueingNetwork.xml (RunModel)" time="2.139" />
  <testcase classname="ptolemy.util.test.junit.AutoTests" name="[47] /home/travis/build/icyphy/ptII/ptolemy/domains/de/test/auto/OpenQueuingNetwork.xml (RunModel)" time="0.267" />
  <testcase classname="ptolemy.util.test.junit.AutoTests" name="[48] /home/travis/build/icyphy/ptII/ptolemy/domains/de/test/auto/PeriodicSampler.xml (RunModel)" time="0.008" />
  <testcase classname="ptolemy.util.test.junit.AutoTests" name="[49] /home/travis/build/icyphy/ptII/ptolemy/domains/de/test/auto/PersistentIO.xml (RunModel)" time="0.018" />
  <testcase classname="ptolemy.util.test.junit.AutoTests" name="[50] /home/travis/build/icyphy/ptII/ptolemy/domains/de/test/auto/PortParameterResetOnInitialize.xml (RunModel)" time="0.009" />
  <testcase classname="ptolemy.util.test.junit.AutoTests" name="[51] /home/travis/build/icyphy/ptII/ptolemy/domains/de/test/auto/PortParameterUpdates.xml (RunModel)" time="0.013" />
  <testcase classname="ptolemy.util.test.junit.AutoTests" name="[52] /home/travis/build/icyphy/ptII/ptolemy/domains/de/test/auto/QueueAndServer.xml (RunModel)" time="0.02" />
  <testcase classname="ptolemy.util.test.junit.AutoTests" name="[53] /home/travis/build/icyphy/ptII/ptolemy/domains/de/test/auto/Records.xml (RunModel)" time="0.021" />
  <testcase classname="ptolemy.util.test.junit.AutoTests" name="[54] /home/travis/build/icyphy/ptII/ptolemy/domains/de/test/auto/ResetTransitionWithStartTime1.xml (RunModel)" time="0.017" />
  <testcase classname="ptolemy.util.test.junit.AutoTests" name="[55] /home/travis/build/icyphy/ptII/ptolemy/domains/de/test/auto/ResetTransitionWithStartTime2.xml (RunModel)" time="0.017" />
  <testcase classname="ptolemy.util.test.junit.AutoTests" name="[56] /home/travis/build/icyphy/ptII/ptolemy/domains/de/test/auto/ResetTransitionWithStartTime3.xml (RunModel)" time="0.017" />
  <testcase classname="ptolemy.util.test.junit.AutoTests" name="[57] /home/travis/build/icyphy/ptII/ptolemy/domains/de/test/auto/ResetTransitionWithStartTime4.xml (RunModel)" time="0.016" />
  <testcase classname="ptolemy.util.test.junit.AutoTests" name="[58] /home/travis/build/icyphy/ptII/ptolemy/domains/de/test/auto/ResettableTimer1.xml (RunModel)" time="0.009" />
  <testcase classname="ptolemy.util.test.junit.AutoTests" name="[59] /home/travis/build/icyphy/ptII/ptolemy/domains/de/test/auto/ResettableTimer2.xml (RunModel)" time="0.008" />
  <testcase classname="ptolemy.util.test.junit.AutoTests" name="[60] /home/travis/build/icyphy/ptII/ptolemy/domains/de/test/auto/ResettableTimer3.xml (RunModel)" time="0.008" />
  <testcase classname="ptolemy.util.test.junit.AutoTests" name="[61] /home/travis/build/icyphy/ptII/ptolemy/domains/de/test/auto/ResettableTimer4.xml (RunModel)" time="0.008" />
  <testcase classname="ptolemy.util.test.junit.AutoTests" name="[62] /home/travis/build/icyphy/ptII/ptolemy/domains/de/test/auto/ResettableTimer5.xml (RunModel)" time="0.008" />
  <testcase classname="ptolemy.util.test.junit.AutoTests" name="[63] /home/travis/build/icyphy/ptII/ptolemy/domains/de/test/auto/ResettableTimer6.xml (RunModel)" time="0.017" />
  <testcase classname="ptolemy.util.test.junit.AutoTests" name="[64] /home/travis/build/icyphy/ptII/ptolemy/domains/de/test/auto/ServerZeroDelay.xml (RunModel)" time="0.014" />
  <testcase classname="ptolemy.util.test.junit.AutoTests" name="[65] /home/travis/build/icyphy/ptII/ptolemy/domains/de/test/auto/SmartSender.xml (RunModel)" time="3.008" />
  <testcase classname="ptolemy.util.test.junit.AutoTests" name="[66] /home/travis/build/icyphy/ptII/ptolemy/domains/de/test/auto/ThreadedComposite.xml (RunModel)" time="0.509" />
  <testcase classname="ptolemy.util.test.junit.AutoTests" name="[67] /home/travis/build/icyphy/ptII/ptolemy/domains/de/test/auto/Time.xml (RunModel)" time="0.434" />
  <testcase classname="ptolemy.util.test.junit.AutoTests" name="[68] /home/travis/build/icyphy/ptII/ptolemy/domains/de/test/auto/TimeDelayZeroDelay.xml (RunModel)" time="0.018" />
  <testcase classname="ptolemy.util.test.junit.AutoTests" name="[69] /home/travis/build/icyphy/ptII/ptolemy/domains/de/test/auto/TimerZeroDelay.xml (RunModel)" time="0.012" />
  <testcase classname="ptolemy.util.test.junit.AutoTests" name="[70] /home/travis/build/icyphy/ptII/ptolemy/domains/de/test/auto/TimingParadox.xml (RunModel)" time="0.335" />
  <testcase classname="ptolemy.util.test.junit.AutoTests" name="[71] /home/travis/build/icyphy/ptII/ptolemy/domains/de/test/auto/TransferInputs.xml (RunModel)" time="0.016" />
  <testcase classname="ptolemy.util.test.junit.AutoTests" name="[72] /home/travis/build/icyphy/ptII/ptolemy/domains/de/test/auto/TransferOutputs2.xml (RunModel)" time="0.015" />
  <testcase classname="ptolemy.util.test.junit.AutoTests" name="[73] /home/travis/build/icyphy/ptII/ptolemy/domains/de/test/auto/Trilateration.xml (RunModel)" time="11.064" />
  <testcase classname="ptolemy.util.test.junit.AutoTests" name="[74] /home/travis/build/icyphy/ptII/ptolemy/domains/de/test/auto/TwoSigmaDelta.xml (RunModel)" time="1.974" />
  <testcase classname="ptolemy.util.test.junit.AutoTests" name="[75] /home/travis/build/icyphy/ptII/ptolemy/domains/de/test/auto/VariableDelay.xml (RunModel)" time="0.014" />
  <testcase classname="ptolemy.util.test.junit.AutoTests" name="[76] /home/travis/build/icyphy/ptII/ptolemy/domains/de/test/auto/VariableDelay2.xml (RunModel)" time="0.008" />
  <testcase classname="ptolemy.util.test.junit.AutoTests" name="[77] /home/travis/build/icyphy/ptII/ptolemy/domains/de/test/auto/VariableDelayZeroDelay.xml (RunModel)" time="0.017" />
  <testcase classname="ptolemy.util.test.junit.AutoTests" name="[78] /home/travis/build/icyphy/ptII/ptolemy/domains/de/test/auto/VariableDelayZeroDelay2.xml (RunModel)" time="0.014" />
  <testcase classname="ptolemy.util.test.junit.AutoTests" name="[79] /home/travis/build/icyphy/ptII/ptolemy/domains/de/test/auto/deInCt.xml (RunModel)" time="0.018" />
  <testcase classname="ptolemy.util.test.junit.AutoTests" name="[80] /home/travis/build/icyphy/ptII/ptolemy/domains/de/test/auto/deInCt2.xml (RunModel)" time="0.023" />
  <testcase classname="ptolemy.util.test.junit.AutoTests" name="[81] /home/travis/build/icyphy/ptII/ptolemy/domains/de/test/auto/dynamicCausalityInterface1.xml (RunModel)" time="0.017" />
  <testcase classname="ptolemy.util.test.junit.AutoTests" name="[82] /home/travis/build/icyphy/ptII/ptolemy/domains/de/test/auto/fsm_de_test.xml (RunModel)" time="0.025" />
  <testcase classname="ptolemy.util.test.junit.AutoTests" name="[83] /home/travis/build/icyphy/ptII/ptolemy/domains/de/test/auto/functionDependencyReconstruction.xml (RunModel)" time="0.029" />
  <testcase classname="ptolemy.util.test.junit.AutoTests" name="[84] /home/travis/build/icyphy/ptII/ptolemy/domains/de/test/auto/multirate.xml (RunModel)" time="0.015" />
  <testcase classname="ptolemy.util.test.junit.AutoTests" name="[85] /home/travis/build/icyphy/ptII/ptolemy/domains/de/test/auto/multirate2.xml (RunModel)" time="0.015" />
  <testcase classname="ptolemy.util.test.junit.AutoTests" name="[86] /home/travis/build/icyphy/ptII/ptolemy/domains/de/test/auto/realtime.xml (RunModel)" time="10.01" />
  <testcase classname="ptolemy.util.test.junit.AutoTests" name="[87] /home/travis/build/icyphy/ptII/ptolemy/domains/de/test/auto/relationGroup.xml (RunModel)" time="0.01" />
  <testcase classname="ptolemy.util.test.junit.AutoTests" name="[88] /home/travis/build/icyphy/ptII/ptolemy/domains/de/test/auto/relationGroup2.xml (RunModel)" time="0.013" />
  <testcase classname="ptolemy.util.test.junit.AutoTests" name="[89] /home/travis/build/icyphy/ptII/ptolemy/domains/de/test/auto/sortWithOpaquePorts.xml (RunModel)" time="0.01" />
  <testcase classname="ptolemy.util.test.junit.AutoTests" name="[90] /home/travis/build/icyphy/ptII/ptolemy/domains/de/test/auto/transferInputsandOutputs.xml (RunModel)" time="0.014" />
  <testcase classname="ptolemy.util.test.junit.AutoTests" name="[91] /home/travis/build/icyphy/ptII/ptolemy/domains/de/test/auto/triggerType.xml (RunModel)" time="0.008" />
  <system-out><![CDATA[/home/travis/build/icyphy/ptII/ptolemy/domains/de/test/DependencyLoop.tcl
testDefs.tcl: setting time out to 9000 seconds at Tue Sep 25 02:15:06 UTC 2018
14 ms. Memory: 116224K Free: 93487K (80%)
6 ms. Memory: 146944K Free: 135475K (92%)
/home/travis/build/icyphy/ptII/ptolemy/domains/de/test/RunDETestsAsQSS.tcl
Run the DE tests using ptolemy.domains.qss.test.QSSDirectorTest, which extends QSSDirector and prints a message in the constructors.
------------------ testing $PTII/ptolemy/domains/de/test/auto/knownFailedTests/dependencyLoop.xml (Known Failure) 
6 ms. Memory: 146944K Free: 132363K (90%)


==== $PTIIhome/travis/build/icyphy/ptII/ptolemy/domains/de/test/../../../../: Auto Automatic test in file $PTII/ptolemy/domains/de/test/auto/knownFailedTests/dependencyLoop.xml
==== Contents of test case:

	    # FIXME: we should use $relativeFilename here, but it
	    # might have backslashes under Windows, which causes no end
	    # of trouble.
	    createAndExecute $file
	    list {}
	
.... Test generated KNOWN error:
    while executing
ptolemy.kernel.util.IllegalActionException: Found a zero delay loop containing .dependencyLoop.original
  in .dependencyLoop and .dependencyLoop.original
	at ptolemy.actor.util.CausalityInterfaceForComposites._computeOutputPortDepth(CausalityInterfaceForComposites.java:759)
	at ptolemy.actor.util.CausalityInterfaceForComposites._computeInputDepth(CausalityInterfaceForComposites.java:696)
	at ptolemy.actor.util.CausalityInterfaceForComposites._computeOutputPortDepth(CausalityInterfaceForComposites.java:765)
	at ptolemy.actor.util.CausalityInterfaceForComposites._computeInputDepth(CausalityInterfaceForComposites.java:696)
	at ptolemy.actor.util.CausalityInterfaceForComposites._computeOutputPortDepth(CausalityInterfaceForComposites.java:765)
	at ptolemy.actor.util.CausalityInterfaceForComposites._computeInputDepth(CausalityInterfaceForComposites.java:696)
	at ptolemy.actor.util.CausalityInterfaceForComposites._computeActorDepth(CausalityInterfaceForComposites.java:532)
	at ptolemy.actor.util.CausalityInterfaceForComposites.checkForCycles(CausalityInterfaceForComposites.java:96)
	at ptolemy.domains.de.kernel.DEDirector.preinitialize(DEDirector.java:1338)
	at ptolemy.actor.CompositeActor.preinitialize(CompositeActor.java:1828)
	at ptolemy.actor.Manager.preinitializeAndResolveTypes(Manager.java:1040)
	at ptolemy.actor.Manager.initialize(Manager.java:710)
	at ptolemy.actor.Manager.execute(Manager.java:356)
	at ptolemy.actor.Manager.run(Manager.java:1263)
	at ptolemy.actor.Manager$PtolemyRunThread.run(Manager.java:1915)

    while executing
ptolemy.kernel.util.IllegalActionException: Found a zero delay loop containing .dependencyLoop.original
  in .dependencyLoop and .dependencyLoop.original
    while executing
"java::new ptolemy.moml.MoMLSimpleApplication $file
"
    (procedure "createAndExecute" line 2)
    invoked from within
"createAndExecute $file"
    ("uplevel" body line 5)
    invoked from within
"uplevel $contents_of_test"
------------------ testing $PTII/ptolemy/domains/de/test/auto/knownFailedTests/DESDFClockTest.xml (Known Failure) 
2046 ms. Memory: 146944K Free: 116571K (79%)


==== $PTIIhome/travis/build/icyphy/ptII/ptolemy/domains/de/test/../../../../: Auto Automatic test in file $PTII/ptolemy/domains/de/test/auto/knownFailedTests/DESDFClockTest.xml
==== Contents of test case:

	    # FIXME: we should use $relativeFilename here, but it
	    # might have backslashes under Windows, which causes no end
	    # of trouble.
	    createAndExecute $file
	    list {}
	
.... Test generated KNOWN error:
    while executing
ptolemy.kernel.util.IllegalActionException: Actor is not ready to fire.  Perhaps UpSample.prefire() returned false? Try debugging the actor by selecting "Listen to Actor".  Also, for SDF check moml for tokenConsumptionRate on input.
  in .DESDFClockTest.Play Bell.Copy1:SDF Director and .DESDFClockTest.Play Bell.UpSample
	at ptolemy.actor.sched.StaticSchedulingDirector.fire(StaticSchedulingDirector.java:227)
	at ptolemy.domains.sdf.kernel.SDFDirector.fire(SDFDirector.java:500)
	at ptolemy.actor.CompositeActor.fire(CompositeActor.java:455)
	at ptolemy.domains.de.kernel.DEDirector._fire(DEDirector.java:1949)
	at ptolemy.domains.de.kernel.DEDirector.fire(DEDirector.java:502)
	at ptolemy.actor.CompositeActor.fire(CompositeActor.java:455)
	at ptolemy.actor.Manager.iterate(Manager.java:851)
	at ptolemy.actor.Manager.execute(Manager.java:369)
	at ptolemy.actor.Manager.run(Manager.java:1263)
	at ptolemy.actor.Manager$PtolemyRunThread.run(Manager.java:1915)

    while executing
ptolemy.kernel.util.IllegalActionException: Actor is not ready to fire.  Perhaps UpSample.prefire() returned false? Try debugging the actor by selecting "Listen to Actor".  Also, for SDF check moml for tokenConsumptionRate on input.
  in .DESDFClockTest.Play Bell.Copy1:SDF Director and .DESDFClockTest.Play Bell.UpSample
    while executing
"java::new ptolemy.moml.MoMLSimpleApplication $file
"
    (procedure "createAndExecute" line 2)
    invoked from within
"createAndExecute $file"
    ("uplevel" body line 5)
    invoked from within
"uplevel $contents_of_test"
------------------ testing $PTII/ptolemy/domains/de/test/auto/knownFailedTests/FSMSource.xml (Known Failure) 
19 ms. Memory: 146944K Free: 107627K (73%)
!!!! Auto was marked as failing, but now passes
------------------ testing $PTII/ptolemy/domains/de/test/auto/knownFailedTests/dependencyLoop2.xml (Known Failure) 
6 ms. Memory: 146944K Free: 105744K (72%)


==== $PTIIhome/travis/build/icyphy/ptII/ptolemy/domains/de/test/../../../../: Auto Automatic test in file $PTII/ptolemy/domains/de/test/auto/knownFailedTests/dependencyLoop2.xml
==== Contents of test case:

	    # FIXME: we should use $relativeFilename here, but it
	    # might have backslashes under Windows, which causes no end
	    # of trouble.
	    createAndExecute $file
	    list {}
	
.... Test generated KNOWN error:
    while executing
ptolemy.kernel.util.IllegalActionException: Found a zero delay loop containing .dependencyLoop2.original
  in .dependencyLoop2 and .dependencyLoop2.original
	at ptolemy.actor.util.CausalityInterfaceForComposites._computeOutputPortDepth(CausalityInterfaceForComposites.java:759)
	at ptolemy.actor.util.CausalityInterfaceForComposites._computeInputDepth(CausalityInterfaceForComposites.java:696)
	at ptolemy.actor.util.CausalityInterfaceForComposites._computeOutputPortDepth(CausalityInterfaceForComposites.java:765)
	at ptolemy.actor.util.CausalityInterfaceForComposites._computeInputDepth(CausalityInterfaceForComposites.java:696)
	at ptolemy.actor.util.CausalityInterfaceForComposites._computeOutputPortDepth(CausalityInterfaceForComposites.java:765)
	at ptolemy.actor.util.CausalityInterfaceForComposites._computeInputDepth(CausalityInterfaceForComposites.java:696)
	at ptolemy.actor.util.CausalityInterfaceForComposites._computeActorDepth(CausalityInterfaceForComposites.java:532)
	at ptolemy.actor.util.CausalityInterfaceForComposites.checkForCycles(CausalityInterfaceForComposites.java:96)
	at ptolemy.domains.de.kernel.DEDirector.preinitialize(DEDirector.java:1338)
	at ptolemy.actor.CompositeActor.preinitialize(CompositeActor.java:1828)
	at ptolemy.actor.Manager.preinitializeAndResolveTypes(Manager.java:1040)
	at ptolemy.actor.Manager.initialize(Manager.java:710)
	at ptolemy.actor.Manager.execute(Manager.java:356)
	at ptolemy.actor.Manager.run(Manager.java:1263)
	at ptolemy.actor.Manager$PtolemyRunThread.run(Manager.java:1915)

    while executing
ptolemy.kernel.util.IllegalActionException: Found a zero delay loop containing .dependencyLoop2.original
  in .dependencyLoop2 and .dependencyLoop2.original
    while executing
"java::new ptolemy.moml.MoMLSimpleApplication $file
"
    (procedure "createAndExecute" line 2)
    invoked from within
"createAndExecute $file"
    ("uplevel" body line 5)
    invoked from within
"uplevel $contents_of_test"
------------------ testing $PTII/ptolemy/domains/de/test/auto/knownFailedTests/HierarchicalModel.xml (Known Failure) 
5 ms. Memory: 146944K Free: 84086K (57%)


==== $PTIIhome/travis/build/icyphy/ptII/ptolemy/domains/de/test/../../../../: Auto Automatic test in file $PTII/ptolemy/domains/de/test/auto/knownFailedTests/HierarchicalModel.xml
==== Contents of test case:

	    # FIXME: we should use $relativeFilename here, but it
	    # might have backslashes under Windows, which causes no end
	    # of trouble.
	    createAndExecute $file
	    list {}
	
.... Test generated KNOWN error:
    while executing
ptolemy.kernel.util.IllegalActionException: Found a zero delay loop containing .HierarchicalModel.A
  in .HierarchicalModel and .HierarchicalModel.A
	at ptolemy.actor.util.CausalityInterfaceForComposites._computeOutputPortDepth(CausalityInterfaceForComposites.java:759)
	at ptolemy.actor.util.CausalityInterfaceForComposites._computeInputDepth(CausalityInterfaceForComposites.java:696)
	at ptolemy.actor.util.CausalityInterfaceForComposites._computeOutputPortDepth(CausalityInterfaceForComposites.java:765)
	at ptolemy.actor.util.CausalityInterfaceForComposites._computeInputDepth(CausalityInterfaceForComposites.java:696)
	at ptolemy.actor.util.CausalityInterfaceForComposites._computeOutputPortDepth(CausalityInterfaceForComposites.java:765)
	at ptolemy.actor.util.CausalityInterfaceForComposites._computeInputDepth(CausalityInterfaceForComposites.java:696)
	at ptolemy.actor.util.CausalityInterfaceForComposites._computeActorDepth(CausalityInterfaceForComposites.java:532)
	at ptolemy.actor.util.CausalityInterfaceForComposites.checkForCycles(CausalityInterfaceForComposites.java:96)
	at ptolemy.domains.de.kernel.DEDirector.preinitialize(DEDirector.java:1338)
	at ptolemy.actor.CompositeActor.preinitialize(CompositeActor.java:1828)
	at ptolemy.actor.Manager.preinitializeAndResolveTypes(Manager.java:1040)
	at ptolemy.actor.Manager.initialize(Manager.java:710)
	at ptolemy.actor.Manager.execute(Manager.java:356)
	at ptolemy.actor.Manager.run(Manager.java:1263)
	at ptolemy.actor.Manager$PtolemyRunThread.run(Manager.java:1915)

    while executing
ptolemy.kernel.util.IllegalActionException: Found a zero delay loop containing .HierarchicalModel.A
  in .HierarchicalModel and .HierarchicalModel.A
    while executing
"java::new ptolemy.moml.MoMLSimpleApplication $file
"
    (procedure "createAndExecute" line 2)
    invoked from within
"createAndExecute $file"
    ("uplevel" body line 5)
    invoked from within
"uplevel $contents_of_test"
------------------ testing $PTII/ptolemy/domains/de/test/auto/knownFailedTests/DirectFeedback.xml (Known Failure) 
11 ms. Memory: 146944K Free: 141115K (96%)


==== $PTIIhome/travis/build/icyphy/ptII/ptolemy/domains/de/test/../../../../: Auto Automatic test in file $PTII/ptolemy/domains/de/test/auto/knownFailedTests/DirectFeedback.xml
==== Contents of test case:

	    # FIXME: we should use $relativeFilename here, but it
	    # might have backslashes under Windows, which causes no end
	    # of trouble.
	    createAndExecute $file
	    list {}
	
.... Test generated KNOWN error:
    while executing
ptolemy.kernel.util.IllegalActionException: Test fails in iteration 1.
Value was: 1.0. Should have been: 2.0
  in .DirectFeedback.Test
	at ptolemy.actor.lib.Test.fire(Test.java:268)
	at ptolemy.domains.de.kernel.DEDirector._fire(DEDirector.java:1949)
	at ptolemy.domains.de.kernel.DEDirector.fire(DEDirector.java:502)
	at ptolemy.actor.CompositeActor.fire(CompositeActor.java:455)
	at ptolemy.actor.Manager.iterate(Manager.java:851)
	at ptolemy.actor.Manager.execute(Manager.java:369)
	at ptolemy.actor.Manager.run(Manager.java:1263)
	at ptolemy.actor.Manager$PtolemyRunThread.run(Manager.java:1915)

    while executing
ptolemy.kernel.util.IllegalActionException: Test fails in iteration 1.
Value was: 1.0. Should have been: 2.0
  in .DirectFeedback.Test
    while executing
"java::new ptolemy.moml.MoMLSimpleApplication $file
"
    (procedure "createAndExecute" line 2)
    invoked from within
"createAndExecute $file"
    ("uplevel" body line 5)
    invoked from within
"uplevel $contents_of_test"
------------------ testing $PTII/ptolemy/domains/de/test/auto/ActorDepthCalculation_actorWithoutPorts.xml
auto.tcl: Setting watchdog for 200 seconds at Tue Sep 25 02:15:09 UTC 2018
4 ms. Memory: 146944K Free: 132419K (90%)
ptolemy.util.test.WatchDog.cancel(): canceling Tue Sep 25 02:15:09 UTC 2018
auto.tcl: Setting watchdog for 200 seconds at Tue Sep 25 02:15:09 UTC 2018
4 ms. Memory: 146944K Free: 131380K (89%)
ptolemy.util.test.WatchDog.cancel(): canceling Tue Sep 25 02:15:09 UTC 2018
------------------ testing $PTII/ptolemy/domains/de/test/auto/AssemblyLine.xml
auto.tcl: Setting watchdog for 200 seconds at Tue Sep 25 02:15:10 UTC 2018
12 ms. Memory: 208384K Free: 187748K (90%)
ptolemy.util.test.WatchDog.cancel(): canceling Tue Sep 25 02:15:10 UTC 2018
auto.tcl: Setting watchdog for 200 seconds at Tue Sep 25 02:15:10 UTC 2018
13 ms. Memory: 208384K Free: 182833K (88%)
ptolemy.util.test.WatchDog.cancel(): canceling Tue Sep 25 02:15:10 UTC 2018
------------------ testing $PTII/ptolemy/domains/de/test/auto/CQBug1.xml
auto.tcl: Setting watchdog for 200 seconds at Tue Sep 25 02:15:10 UTC 2018
4 ms. Memory: 208384K Free: 197707K (95%)
ptolemy.util.test.WatchDog.cancel(): canceling Tue Sep 25 02:15:10 UTC 2018
auto.tcl: Setting watchdog for 200 seconds at Tue Sep 25 02:15:10 UTC 2018
2 ms. Memory: 208384K Free: 197707K (95%)
ptolemy.util.test.WatchDog.cancel(): canceling Tue Sep 25 02:15:10 UTC 2018
------------------ testing $PTII/ptolemy/domains/de/test/auto/CancelFireAt.xml
auto.tcl: Setting watchdog for 200 seconds at Tue Sep 25 02:15:10 UTC 2018
8 ms. Memory: 208384K Free: 201422K (97%)
ptolemy.util.test.WatchDog.cancel(): canceling Tue Sep 25 02:15:10 UTC 2018
auto.tcl: Setting watchdog for 200 seconds at Tue Sep 25 02:15:10 UTC 2018
4 ms. Memory: 208384K Free: 199320K (96%)
ptolemy.util.test.WatchDog.cancel(): canceling Tue Sep 25 02:15:10 UTC 2018
------------------ testing $PTII/ptolemy/domains/de/test/auto/CausalityAndComposabilityAnalysis.xml
auto.tcl: Setting watchdog for 200 seconds at Tue Sep 25 02:15:10 UTC 2018
22 ms. Memory: 208384K Free: 196465K (94%)
ptolemy.util.test.WatchDog.cancel(): canceling Tue Sep 25 02:15:10 UTC 2018
auto.tcl: Setting watchdog for 200 seconds at Tue Sep 25 02:15:10 UTC 2018
10 ms. Memory: 208384K Free: 196465K (94%)
ptolemy.util.test.WatchDog.cancel(): canceling Tue Sep 25 02:15:10 UTC 2018
------------------ testing $PTII/ptolemy/domains/de/test/auto/CausalityInterface1.xml
auto.tcl: Setting watchdog for 200 seconds at Tue Sep 25 02:15:10 UTC 2018
12 ms. Memory: 208384K Free: 196384K (94%)
ptolemy.util.test.WatchDog.cancel(): canceling Tue Sep 25 02:15:10 UTC 2018
auto.tcl: Setting watchdog for 200 seconds at Tue Sep 25 02:15:10 UTC 2018
12 ms. Memory: 208384K Free: 196384K (94%)
ptolemy.util.test.WatchDog.cancel(): canceling Tue Sep 25 02:15:10 UTC 2018
------------------ testing $PTII/ptolemy/domains/de/test/auto/CausalityInterface15.xml
auto.tcl: Setting watchdog for 200 seconds at Tue Sep 25 02:15:10 UTC 2018
22 ms. Memory: 208384K Free: 196408K (94%)
ptolemy.util.test.WatchDog.cancel(): canceling Tue Sep 25 02:15:10 UTC 2018
auto.tcl: Setting watchdog for 200 seconds at Tue Sep 25 02:15:10 UTC 2018
4 ms. Memory: 208384K Free: 196408K (94%)
ptolemy.util.test.WatchDog.cancel(): canceling Tue Sep 25 02:15:10 UTC 2018
------------------ testing $PTII/ptolemy/domains/de/test/auto/CausalityInterface2.xml
auto.tcl: Setting watchdog for 200 seconds at Tue Sep 25 02:15:10 UTC 2018
4 ms. Memory: 208384K Free: 196375K (94%)
ptolemy.util.test.WatchDog.cancel(): canceling Tue Sep 25 02:15:10 UTC 2018
auto.tcl: Setting watchdog for 200 seconds at Tue Sep 25 02:15:10 UTC 2018
3 ms. Memory: 208384K Free: 196375K (94%)
ptolemy.util.test.WatchDog.cancel(): canceling Tue Sep 25 02:15:10 UTC 2018
------------------ testing $PTII/ptolemy/domains/de/test/auto/CausalityInterface3.xml
auto.tcl: Setting watchdog for 200 seconds at Tue Sep 25 02:15:10 UTC 2018
7 ms. Memory: 208384K Free: 196403K (94%)
ptolemy.util.test.WatchDog.cancel(): canceling Tue Sep 25 02:15:11 UTC 2018
auto.tcl: Setting watchdog for 200 seconds at Tue Sep 25 02:15:11 UTC 2018
3 ms. Memory: 208384K Free: 196403K (94%)
ptolemy.util.test.WatchDog.cancel(): canceling Tue Sep 25 02:15:11 UTC 2018
------------------ testing $PTII/ptolemy/domains/de/test/auto/ClockDrift.xml
auto.tcl: Setting watchdog for 200 seconds at Tue Sep 25 02:15:11 UTC 2018
82 ms. Memory: 208384K Free: 187569K (90%)
ptolemy.util.test.WatchDog.cancel(): canceling Tue Sep 25 02:15:11 UTC 2018
auto.tcl: Setting watchdog for 200 seconds at Tue Sep 25 02:15:11 UTC 2018
54 ms. Memory: 208384K Free: 185469K (89%)
ptolemy.util.test.WatchDog.cancel(): canceling Tue Sep 25 02:15:11 UTC 2018
------------------ testing $PTII/ptolemy/domains/de/test/auto/ClockDriftAndValueChange.xml
auto.tcl: Setting watchdog for 200 seconds at Tue Sep 25 02:15:11 UTC 2018
41 ms. Memory: 208384K Free: 187411K (90%)
ptolemy.util.test.WatchDog.cancel(): canceling Tue Sep 25 02:15:11 UTC 2018
auto.tcl: Setting watchdog for 200 seconds at Tue Sep 25 02:15:11 UTC 2018
27 ms. Memory: 208384K Free: 185294K (89%)
ptolemy.util.test.WatchDog.cancel(): canceling Tue Sep 25 02:15:11 UTC 2018
------------------ testing $PTII/ptolemy/domains/de/test/auto/ClockDriftChange.xml
auto.tcl: Setting watchdog for 200 seconds at Tue Sep 25 02:15:11 UTC 2018
29 ms. Memory: 208384K Free: 190770K (92%)
ptolemy.util.test.WatchDog.cancel(): canceling Tue Sep 25 02:15:11 UTC 2018
auto.tcl: Setting watchdog for 200 seconds at Tue Sep 25 02:15:11 UTC 2018
25 ms. Memory: 208384K Free: 188669K (91%)
ptolemy.util.test.WatchDog.cancel(): canceling Tue Sep 25 02:15:11 UTC 2018
------------------ testing $PTII/ptolemy/domains/de/test/auto/ComposableCausalityAnalysis.xml
auto.tcl: Setting watchdog for 200 seconds at Tue Sep 25 02:15:11 UTC 2018
2 ms. Memory: 208384K Free: 196263K (94%)
ptolemy.util.test.WatchDog.cancel(): canceling Tue Sep 25 02:15:11 UTC 2018
auto.tcl: Setting watchdog for 200 seconds at Tue Sep 25 02:15:11 UTC 2018
2 ms. Memory: 208384K Free: 194146K (93%)
ptolemy.util.test.WatchDog.cancel(): canceling Tue Sep 25 02:15:11 UTC 2018
------------------ testing $PTII/ptolemy/domains/de/test/auto/DEFixedPointLimitation.xml
auto.tcl: Setting watchdog for 200 seconds at Tue Sep 25 02:15:11 UTC 2018
1 ms. Memory: 208384K Free: 196328K (94%)
ptolemy.util.test.WatchDog.cancel(): canceling Tue Sep 25 02:15:11 UTC 2018
auto.tcl: Setting watchdog for 200 seconds at Tue Sep 25 02:15:11 UTC 2018
1 ms. Memory: 208384K Free: 196328K (94%)
ptolemy.util.test.WatchDog.cancel(): canceling Tue Sep 25 02:15:11 UTC 2018
------------------ testing $PTII/ptolemy/domains/de/test/auto/DEScheduleTest.xml
auto.tcl: Setting watchdog for 200 seconds at Tue Sep 25 02:15:11 UTC 2018
3 ms. Memory: 208384K Free: 198465K (95%)
ptolemy.util.test.WatchDog.cancel(): canceling Tue Sep 25 02:15:11 UTC 2018
auto.tcl: Setting watchdog for 200 seconds at Tue Sep 25 02:15:11 UTC 2018
7 ms. Memory: 208384K Free: 196348K (94%)
ptolemy.util.test.WatchDog.cancel(): canceling Tue Sep 25 02:15:11 UTC 2018
------------------ testing $PTII/ptolemy/domains/de/test/auto/DEinDEwithStartTimes.xml
auto.tcl: Setting watchdog for 200 seconds at Tue Sep 25 02:15:11 UTC 2018
6 ms. Memory: 208384K Free: 196318K (94%)
ptolemy.util.test.WatchDog.cancel(): canceling Tue Sep 25 02:15:11 UTC 2018
auto.tcl: Setting watchdog for 200 seconds at Tue Sep 25 02:15:11 UTC 2018
4 ms. Memory: 208384K Free: 194217K (93%)
ptolemy.util.test.WatchDog.cancel(): canceling Tue Sep 25 02:15:11 UTC 2018
------------------ testing $PTII/ptolemy/domains/de/test/auto/DEinDEwithStartTimes2.xml
auto.tcl: Setting watchdog for 200 seconds at Tue Sep 25 02:15:11 UTC 2018
3 ms. Memory: 208384K Free: 196314K (94%)
ptolemy.util.test.WatchDog.cancel(): canceling Tue Sep 25 02:15:11 UTC 2018
auto.tcl: Setting watchdog for 200 seconds at Tue Sep 25 02:15:11 UTC 2018
4 ms. Memory: 208384K Free: 194197K (93%)
ptolemy.util.test.WatchDog.cancel(): canceling Tue Sep 25 02:15:12 UTC 2018
------------------ testing $PTII/ptolemy/domains/de/test/auto/DateDemo.xml
auto.tcl: Setting watchdog for 200 seconds at Tue Sep 25 02:15:12 UTC 2018
17 ms. Memory: 208384K Free: 188717K (91%)
ptolemy.util.test.WatchDog.cancel(): canceling Tue Sep 25 02:15:12 UTC 2018
auto.tcl: Setting watchdog for 200 seconds at Tue Sep 25 02:15:12 UTC 2018
8 ms. Memory: 208384K Free: 186616K (90%)
ptolemy.util.test.WatchDog.cancel(): canceling Tue Sep 25 02:15:12 UTC 2018
------------------ testing $PTII/ptolemy/domains/de/test/auto/DateToEvent.xml
auto.tcl: Setting watchdog for 200 seconds at Tue Sep 25 02:15:12 UTC 2018
2017 ms. Memory: 208384K Free: 183413K (88%)
ptolemy.util.test.WatchDog.cancel(): canceling Tue Sep 25 02:15:14 UTC 2018
auto.tcl: Setting watchdog for 200 seconds at Tue Sep 25 02:15:14 UTC 2018
2004 ms. Memory: 208384K Free: 180955K (87%)
ptolemy.util.test.WatchDog.cancel(): canceling Tue Sep 25 02:15:16 UTC 2018
------------------ testing $PTII/ptolemy/domains/de/test/auto/DepthTest1.xml
auto.tcl: Setting watchdog for 200 seconds at Tue Sep 25 02:15:16 UTC 2018
2 ms. Memory: 208384K Free: 198402K (95%)
ptolemy.util.test.WatchDog.cancel(): canceling Tue Sep 25 02:15:16 UTC 2018
auto.tcl: Setting watchdog for 200 seconds at Tue Sep 25 02:15:16 UTC 2018
2 ms. Memory: 208384K Free: 198402K (95%)
ptolemy.util.test.WatchDog.cancel(): canceling Tue Sep 25 02:15:16 UTC 2018
------------------ testing $PTII/ptolemy/domains/de/test/auto/DepthTest2.xml
auto.tcl: Setting watchdog for 200 seconds at Tue Sep 25 02:15:16 UTC 2018
15 ms. Memory: 208384K Free: 194185K (93%)
ptolemy.util.test.WatchDog.cancel(): canceling Tue Sep 25 02:15:16 UTC 2018
auto.tcl: Setting watchdog for 200 seconds at Tue Sep 25 02:15:16 UTC 2018
7 ms. Memory: 208384K Free: 194185K (93%)
ptolemy.util.test.WatchDog.cancel(): canceling Tue Sep 25 02:15:16 UTC 2018
------------------ testing $PTII/ptolemy/domains/de/test/auto/DepthTest3.xml
auto.tcl: Setting watchdog for 200 seconds at Tue Sep 25 02:15:16 UTC 2018
8 ms. Memory: 208384K Free: 198328K (95%)
ptolemy.util.test.WatchDog.cancel(): canceling Tue Sep 25 02:15:16 UTC 2018
auto.tcl: Setting watchdog for 200 seconds at Tue Sep 25 02:15:16 UTC 2018
1 ms. Memory: 208384K Free: 198328K (95%)
ptolemy.util.test.WatchDog.cancel(): canceling Tue Sep 25 02:15:16 UTC 2018
------------------ testing $PTII/ptolemy/domains/de/test/auto/DepthTest4.xml
auto.tcl: Setting watchdog for 200 seconds at Tue Sep 25 02:15:16 UTC 2018
3 ms. Memory: 208384K Free: 196330K (94%)
ptolemy.util.test.WatchDog.cancel(): canceling Tue Sep 25 02:15:16 UTC 2018
auto.tcl: Setting watchdog for 200 seconds at Tue Sep 25 02:15:16 UTC 2018
2 ms. Memory: 208384K Free: 196330K (94%)
ptolemy.util.test.WatchDog.cancel(): canceling Tue Sep 25 02:15:16 UTC 2018
------------------ testing $PTII/ptolemy/domains/de/test/auto/DepthTest5.xml
auto.tcl: Setting watchdog for 200 seconds at Tue Sep 25 02:15:16 UTC 2018
10 ms. Memory: 208384K Free: 196600K (94%)
ptolemy.util.test.WatchDog.cancel(): canceling Tue Sep 25 02:15:16 UTC 2018
auto.tcl: Setting watchdog for 200 seconds at Tue Sep 25 02:15:16 UTC 2018
2 ms. Memory: 208384K Free: 196600K (94%)
ptolemy.util.test.WatchDog.cancel(): canceling Tue Sep 25 02:15:16 UTC 2018
------------------ testing $PTII/ptolemy/domains/de/test/auto/DepthTest6.xml
auto.tcl: Setting watchdog for 200 seconds at Tue Sep 25 02:15:16 UTC 2018
6 ms. Memory: 208384K Free: 196584K (94%)
ptolemy.util.test.WatchDog.cancel(): canceling Tue Sep 25 02:15:16 UTC 2018
auto.tcl: Setting watchdog for 200 seconds at Tue Sep 25 02:15:16 UTC 2018
2 ms. Memory: 208384K Free: 196584K (94%)
ptolemy.util.test.WatchDog.cancel(): canceling Tue Sep 25 02:15:16 UTC 2018
------------------ testing $PTII/ptolemy/domains/de/test/auto/DepthTest7.xml
auto.tcl: Setting watchdog for 200 seconds at Tue Sep 25 02:15:16 UTC 2018
2 ms. Memory: 208384K Free: 194991K (94%)
ptolemy.util.test.WatchDog.cancel(): canceling Tue Sep 25 02:15:16 UTC 2018
auto.tcl: Setting watchdog for 200 seconds at Tue Sep 25 02:15:16 UTC 2018
2 ms. Memory: 208384K Free: 194991K (94%)
ptolemy.util.test.WatchDog.cancel(): canceling Tue Sep 25 02:15:16 UTC 2018
------------------ testing $PTII/ptolemy/domains/de/test/auto/EventToDate.xml
auto.tcl: Setting watchdog for 200 seconds at Tue Sep 25 02:15:16 UTC 2018
3009 ms. Memory: 208384K Free: 185713K (89%)
ptolemy.util.test.WatchDog.cancel(): canceling Tue Sep 25 02:15:19 UTC 2018
auto.tcl: Setting watchdog for 200 seconds at Tue Sep 25 02:15:19 UTC 2018
3004 ms. Memory: 208384K Free: 185713K (89%)
ptolemy.util.test.WatchDog.cancel(): canceling Tue Sep 25 02:15:22 UTC 2018
------------------ testing $PTII/ptolemy/domains/de/test/auto/FSM1.xml
auto.tcl: Setting watchdog for 200 seconds at Tue Sep 25 02:15:22 UTC 2018
22 ms. Memory: 208384K Free: 189261K (91%)
ptolemy.util.test.WatchDog.cancel(): canceling Tue Sep 25 02:15:23 UTC 2018
auto.tcl: Setting watchdog for 200 seconds at Tue Sep 25 02:15:23 UTC 2018
22 ms. Memory: 208384K Free: 185044K (89%)
ptolemy.util.test.WatchDog.cancel(): canceling Tue Sep 25 02:15:23 UTC 2018
------------------ testing $PTII/ptolemy/domains/de/test/auto/FSM7.xml
auto.tcl: Setting watchdog for 200 seconds at Tue Sep 25 02:15:23 UTC 2018
12 ms. Memory: 208384K Free: 187324K (90%)
ptolemy.util.test.WatchDog.cancel(): canceling Tue Sep 25 02:15:23 UTC 2018
auto.tcl: Setting watchdog for 200 seconds at Tue Sep 25 02:15:23 UTC 2018
15 ms. Memory: 208384K Free: 185223K (89%)
ptolemy.util.test.WatchDog.cancel(): canceling Tue Sep 25 02:15:23 UTC 2018
------------------ testing $PTII/ptolemy/domains/de/test/auto/Inspection.xml
auto.tcl: Setting watchdog for 200 seconds at Tue Sep 25 02:15:23 UTC 2018
19 ms. Memory: 208384K Free: 188899K (91%)
ptolemy.util.test.WatchDog.cancel(): canceling Tue Sep 25 02:15:23 UTC 2018
auto.tcl: Setting watchdog for 200 seconds at Tue Sep 25 02:15:23 UTC 2018
30 ms. Memory: 208384K Free: 186783K (90%)
ptolemy.util.test.WatchDog.cancel(): canceling Tue Sep 25 02:15:23 UTC 2018
------------------ testing $PTII/ptolemy/domains/de/test/auto/Iteration.xml
auto.tcl: Setting watchdog for 200 seconds at Tue Sep 25 02:15:23 UTC 2018
8 ms. Memory: 208384K Free: 196026K (94%)
ptolemy.util.test.WatchDog.cancel(): canceling Tue Sep 25 02:15:23 UTC 2018
auto.tcl: Setting watchdog for 200 seconds at Tue Sep 25 02:15:23 UTC 2018
6 ms. Memory: 208384K Free: 193917K (93%)
ptolemy.util.test.WatchDog.cancel(): canceling Tue Sep 25 02:15:23 UTC 2018
------------------ testing $PTII/ptolemy/domains/de/test/auto/LineFault.xml
auto.tcl: Setting watchdog for 200 seconds at Tue Sep 25 02:15:23 UTC 2018
684 ms. Memory: 208384K Free: 196266K (94%)
ptolemy.util.test.WatchDog.cancel(): canceling Tue Sep 25 02:15:24 UTC 2018
auto.tcl: Setting watchdog for 200 seconds at Tue Sep 25 02:15:24 UTC 2018
615 ms. Memory: 208384K Free: 138839K (67%)
ptolemy.util.test.WatchDog.cancel(): canceling Tue Sep 25 02:15:24 UTC 2018
------------------ testing $PTII/ptolemy/domains/de/test/auto/MergeModel1Add.xml
auto.tcl: Setting watchdog for 200 seconds at Tue Sep 25 02:15:24 UTC 2018
18 ms. Memory: 331264K Free: 298828K (90%)
ptolemy.util.test.WatchDog.cancel(): canceling Tue Sep 25 02:15:25 UTC 2018
auto.tcl: Setting watchdog for 200 seconds at Tue Sep 25 02:15:25 UTC 2018
14 ms. Memory: 331264K Free: 298828K (90%)
ptolemy.util.test.WatchDog.cancel(): canceling Tue Sep 25 02:15:25 UTC 2018
------------------ testing $PTII/ptolemy/domains/de/test/auto/MergeModel2Add.xml
auto.tcl: Setting watchdog for 200 seconds at Tue Sep 25 02:15:25 UTC 2018
12 ms. Memory: 331264K Free: 304128K (92%)
ptolemy.util.test.WatchDog.cancel(): canceling Tue Sep 25 02:15:25 UTC 2018
auto.tcl: Setting watchdog for 200 seconds at Tue Sep 25 02:15:25 UTC 2018
7 ms. Memory: 331264K Free: 300166K (91%)
ptolemy.util.test.WatchDog.cancel(): canceling Tue Sep 25 02:15:25 UTC 2018
------------------ testing $PTII/ptolemy/domains/de/test/auto/MergeModel3Add.xml
auto.tcl: Setting watchdog for 200 seconds at Tue Sep 25 02:15:25 UTC 2018
10 ms. Memory: 331264K Free: 304130K (92%)
ptolemy.util.test.WatchDog.cancel(): canceling Tue Sep 25 02:15:25 UTC 2018
auto.tcl: Setting watchdog for 200 seconds at Tue Sep 25 02:15:25 UTC 2018
7 ms. Memory: 331264K Free: 300184K (91%)
ptolemy.util.test.WatchDog.cancel(): canceling Tue Sep 25 02:15:25 UTC 2018
------------------ testing $PTII/ptolemy/domains/de/test/auto/MergeWithoutDiscard.xml
auto.tcl: Setting watchdog for 200 seconds at Tue Sep 25 02:15:25 UTC 2018
2 ms. Memory: 331264K Free: 320228K (97%)
ptolemy.util.test.WatchDog.cancel(): canceling Tue Sep 25 02:15:25 UTC 2018
auto.tcl: Setting watchdog for 200 seconds at Tue Sep 25 02:15:25 UTC 2018
2 ms. Memory: 331264K Free: 316282K (95%)
ptolemy.util.test.WatchDog.cancel(): canceling Tue Sep 25 02:15:25 UTC 2018
------------------ testing $PTII/ptolemy/domains/de/test/auto/Modal1.xml
auto.tcl: Setting watchdog for 200 seconds at Tue Sep 25 02:15:25 UTC 2018
23 ms. Memory: 331264K Free: 309875K (94%)
ptolemy.util.test.WatchDog.cancel(): canceling Tue Sep 25 02:15:25 UTC 2018
auto.tcl: Setting watchdog for 200 seconds at Tue Sep 25 02:15:25 UTC 2018
18 ms. Memory: 331264K Free: 305929K (92%)
ptolemy.util.test.WatchDog.cancel(): canceling Tue Sep 25 02:15:25 UTC 2018
------------------ testing $PTII/ptolemy/domains/de/test/auto/Modal2.xml
auto.tcl: Setting watchdog for 200 seconds at Tue Sep 25 02:15:25 UTC 2018
13 ms. Memory: 331264K Free: 309749K (94%)
ptolemy.util.test.WatchDog.cancel(): canceling Tue Sep 25 02:15:25 UTC 2018
auto.tcl: Setting watchdog for 200 seconds at Tue Sep 25 02:15:25 UTC 2018
16 ms. Memory: 331264K Free: 305803K (92%)
ptolemy.util.test.WatchDog.cancel(): canceling Tue Sep 25 02:15:25 UTC 2018
------------------ testing $PTII/ptolemy/domains/de/test/auto/Modal3.xml
auto.tcl: Setting watchdog for 200 seconds at Tue Sep 25 02:15:25 UTC 2018
18 ms. Memory: 331264K Free: 310017K (94%)
ptolemy.util.test.WatchDog.cancel(): canceling Tue Sep 25 02:15:25 UTC 2018
auto.tcl: Setting watchdog for 200 seconds at Tue Sep 25 02:15:25 UTC 2018
10 ms. Memory: 331264K Free: 305770K (92%)
ptolemy.util.test.WatchDog.cancel(): canceling Tue Sep 25 02:15:25 UTC 2018
------------------ testing $PTII/ptolemy/domains/de/test/auto/Modal4.xml
auto.tcl: Setting watchdog for 200 seconds at Tue Sep 25 02:15:25 UTC 2018
21 ms. Memory: 331264K Free: 309753K (94%)
ptolemy.util.test.WatchDog.cancel(): canceling Tue Sep 25 02:15:25 UTC 2018
auto.tcl: Setting watchdog for 200 seconds at Tue Sep 25 02:15:25 UTC 2018
16 ms. Memory: 331264K Free: 305799K (92%)
ptolemy.util.test.WatchDog.cancel(): canceling Tue Sep 25 02:15:25 UTC 2018
------------------ testing $PTII/ptolemy/domains/de/test/auto/Modal5.xml
auto.tcl: Setting watchdog for 200 seconds at Tue Sep 25 02:15:25 UTC 2018
17 ms. Memory: 331264K Free: 309748K (94%)
ptolemy.util.test.WatchDog.cancel(): canceling Tue Sep 25 02:15:25 UTC 2018
auto.tcl: Setting watchdog for 200 seconds at Tue Sep 25 02:15:25 UTC 2018
12 ms. Memory: 331264K Free: 305802K (92%)
ptolemy.util.test.WatchDog.cancel(): canceling Tue Sep 25 02:15:25 UTC 2018
------------------ testing $PTII/ptolemy/domains/de/test/auto/Modal6.xml
auto.tcl: Setting watchdog for 200 seconds at Tue Sep 25 02:15:26 UTC 2018
10 ms. Memory: 331264K Free: 309745K (94%)
ptolemy.util.test.WatchDog.cancel(): canceling Tue Sep 25 02:15:26 UTC 2018
auto.tcl: Setting watchdog for 200 seconds at Tue Sep 25 02:15:26 UTC 2018
13 ms. Memory: 331264K Free: 305799K (92%)
ptolemy.util.test.WatchDog.cancel(): canceling Tue Sep 25 02:15:26 UTC 2018
------------------ testing $PTII/ptolemy/domains/de/test/auto/Modal7.xml
auto.tcl: Setting watchdog for 200 seconds at Tue Sep 25 02:15:26 UTC 2018
9 ms. Memory: 331264K Free: 309737K (94%)
ptolemy.util.test.WatchDog.cancel(): canceling Tue Sep 25 02:15:26 UTC 2018
auto.tcl: Setting watchdog for 200 seconds at Tue Sep 25 02:15:26 UTC 2018
9 ms. Memory: 331264K Free: 305792K (92%)
ptolemy.util.test.WatchDog.cancel(): canceling Tue Sep 25 02:15:26 UTC 2018
------------------ testing $PTII/ptolemy/domains/de/test/auto/ModalModel.xml
auto.tcl: Setting watchdog for 200 seconds at Tue Sep 25 02:15:26 UTC 2018
199 ms. Memory: 331264K Free: 245977K (74%)
ptolemy.util.test.WatchDog.cancel(): canceling Tue Sep 25 02:15:26 UTC 2018
auto.tcl: Setting watchdog for 200 seconds at Tue Sep 25 02:15:26 UTC 2018
179 ms. Memory: 331264K Free: 190570K (58%)
ptolemy.util.test.WatchDog.cancel(): canceling Tue Sep 25 02:15:26 UTC 2018
------------------ testing $PTII/ptolemy/domains/de/test/auto/ModalSource.xml
auto.tcl: Setting watchdog for 200 seconds at Tue Sep 25 02:15:26 UTC 2018
9 ms. Memory: 331264K Free: 316530K (96%)
ptolemy.util.test.WatchDog.cancel(): canceling Tue Sep 25 02:15:26 UTC 2018
auto.tcl: Setting watchdog for 200 seconds at Tue Sep 25 02:15:26 UTC 2018
8 ms. Memory: 331264K Free: 313000K (94%)
ptolemy.util.test.WatchDog.cancel(): canceling Tue Sep 25 02:15:26 UTC 2018
------------------ testing $PTII/ptolemy/domains/de/test/auto/NonInterruptibleTimerZeroDelay.xml
auto.tcl: Setting watchdog for 200 seconds at Tue Sep 25 02:15:26 UTC 2018
3 ms. Memory: 331264K Free: 320897K (97%)
ptolemy.util.test.WatchDog.cancel(): canceling Tue Sep 25 02:15:26 UTC 2018
auto.tcl: Setting watchdog for 200 seconds at Tue Sep 25 02:15:26 UTC 2018
2 ms. Memory: 331264K Free: 317376K (96%)
ptolemy.util.test.WatchDog.cancel(): canceling Tue Sep 25 02:15:26 UTC 2018
------------------ testing $PTII/ptolemy/domains/de/test/auto/OpenQueueingNetwork.xml
auto.tcl: Setting watchdog for 200 seconds at Tue Sep 25 02:15:26 UTC 2018
2628 ms. Memory: 573952K Free: 413646K (72%)
ptolemy.util.test.WatchDog.cancel(): canceling Tue Sep 25 02:15:29 UTC 2018
auto.tcl: Setting watchdog for 200 seconds at Tue Sep 25 02:15:29 UTC 2018
2326 ms. Memory: 574464K Free: 335432K (58%)
ptolemy.util.test.WatchDog.cancel(): canceling Tue Sep 25 02:15:31 UTC 2018
------------------ testing $PTII/ptolemy/domains/de/test/auto/OpenQueuingNetwork.xml
auto.tcl: Setting watchdog for 200 seconds at Tue Sep 25 02:15:31 UTC 2018
227 ms. Memory: 1064960K Free: 946298K (89%)
ptolemy.util.test.WatchDog.cancel(): canceling Tue Sep 25 02:15:32 UTC 2018
auto.tcl: Setting watchdog for 200 seconds at Tue Sep 25 02:15:32 UTC 2018
208 ms. Memory: 1064960K Free: 889558K (84%)
ptolemy.util.test.WatchDog.cancel(): canceling Tue Sep 25 02:15:32 UTC 2018
------------------ testing $PTII/ptolemy/domains/de/test/auto/PeriodicSampler.xml
auto.tcl: Setting watchdog for 200 seconds at Tue Sep 25 02:15:32 UTC 2018
2 ms. Memory: 1065472K Free: 1029488K (97%)
ptolemy.util.test.WatchDog.cancel(): canceling Tue Sep 25 02:15:32 UTC 2018
auto.tcl: Setting watchdog for 200 seconds at Tue Sep 25 02:15:32 UTC 2018
2 ms. Memory: 1065472K Free: 1029488K (97%)
ptolemy.util.test.WatchDog.cancel(): canceling Tue Sep 25 02:15:32 UTC 2018
------------------ testing $PTII/ptolemy/domains/de/test/auto/PersistentIO.xml
auto.tcl: Setting watchdog for 200 seconds at Tue Sep 25 02:15:32 UTC 2018
5 ms. Memory: 1065472K Free: 1030070K (97%)
ptolemy.util.test.WatchDog.cancel(): canceling Tue Sep 25 02:15:32 UTC 2018
auto.tcl: Setting watchdog for 200 seconds at Tue Sep 25 02:15:32 UTC 2018
3 ms. Memory: 1065472K Free: 1030070K (97%)
ptolemy.util.test.WatchDog.cancel(): canceling Tue Sep 25 02:15:32 UTC 2018
------------------ testing $PTII/ptolemy/domains/de/test/auto/PortParameterResetOnInitialize.xml
auto.tcl: Setting watchdog for 200 seconds at Tue Sep 25 02:15:32 UTC 2018
3 ms. Memory: 1065472K Free: 1029932K (97%)
ptolemy.util.test.WatchDog.cancel(): canceling Tue Sep 25 02:15:32 UTC 2018
auto.tcl: Setting watchdog for 200 seconds at Tue Sep 25 02:15:32 UTC 2018
1 ms. Memory: 1065472K Free: 1029932K (97%)
ptolemy.util.test.WatchDog.cancel(): canceling Tue Sep 25 02:15:32 UTC 2018
------------------ testing $PTII/ptolemy/domains/de/test/auto/PortParameterUpdates.xml
auto.tcl: Setting watchdog for 200 seconds at Tue Sep 25 02:15:32 UTC 2018
3 ms. Memory: 1065472K Free: 1030066K (97%)
ptolemy.util.test.WatchDog.cancel(): canceling Tue Sep 25 02:15:32 UTC 2018
auto.tcl: Setting watchdog for 200 seconds at Tue Sep 25 02:15:32 UTC 2018
6 ms. Memory: 1065472K Free: 1030066K (97%)
ptolemy.util.test.WatchDog.cancel(): canceling Tue Sep 25 02:15:32 UTC 2018
------------------ testing $PTII/ptolemy/domains/de/test/auto/QueueAndServer.xml
auto.tcl: Setting watchdog for 200 seconds at Tue Sep 25 02:15:32 UTC 2018
7 ms. Memory: 1065472K Free: 1030028K (97%)
ptolemy.util.test.WatchDog.cancel(): canceling Tue Sep 25 02:15:32 UTC 2018
auto.tcl: Setting watchdog for 200 seconds at Tue Sep 25 02:15:32 UTC 2018
5 ms. Memory: 1065472K Free: 1029546K (97%)
ptolemy.util.test.WatchDog.cancel(): canceling Tue Sep 25 02:15:32 UTC 2018
------------------ testing $PTII/ptolemy/domains/de/test/auto/Records.xml
auto.tcl: Setting watchdog for 200 seconds at Tue Sep 25 02:15:32 UTC 2018
12 ms. Memory: 1065472K Free: 1039309K (98%)
ptolemy.util.test.WatchDog.cancel(): canceling Tue Sep 25 02:15:32 UTC 2018
auto.tcl: Setting watchdog for 200 seconds at Tue Sep 25 02:15:32 UTC 2018
2 ms. Memory: 1065472K Free: 1039309K (98%)
ptolemy.util.test.WatchDog.cancel(): canceling Tue Sep 25 02:15:32 UTC 2018
------------------ testing $PTII/ptolemy/domains/de/test/auto/ResetTransitionWithStartTime1.xml
auto.tcl: Setting watchdog for 200 seconds at Tue Sep 25 02:15:32 UTC 2018
14 ms. Memory: 1065472K Free: 1039335K (98%)
ptolemy.util.test.WatchDog.cancel(): canceling Tue Sep 25 02:15:33 UTC 2018
auto.tcl: Setting watchdog for 200 seconds at Tue Sep 25 02:15:33 UTC 2018
7 ms. Memory: 1065472K Free: 1039335K (98%)
ptolemy.util.test.WatchDog.cancel(): canceling Tue Sep 25 02:15:33 UTC 2018
------------------ testing $PTII/ptolemy/domains/de/test/auto/ResetTransitionWithStartTime2.xml
auto.tcl: Setting watchdog for 200 seconds at Tue Sep 25 02:15:33 UTC 2018
9 ms. Memory: 1064448K Free: 1038784K (98%)
ptolemy.util.test.WatchDog.cancel(): canceling Tue Sep 25 02:15:33 UTC 2018
auto.tcl: Setting watchdog for 200 seconds at Tue Sep 25 02:15:33 UTC 2018
4 ms. Memory: 1064448K Free: 1038784K (98%)
ptolemy.util.test.WatchDog.cancel(): canceling Tue Sep 25 02:15:33 UTC 2018
------------------ testing $PTII/ptolemy/domains/de/test/auto/ResetTransitionWithStartTime3.xml
auto.tcl: Setting watchdog for 200 seconds at Tue Sep 25 02:15:33 UTC 2018
4 ms. Memory: 1064960K Free: 1038812K (98%)
ptolemy.util.test.WatchDog.cancel(): canceling Tue Sep 25 02:15:33 UTC 2018
auto.tcl: Setting watchdog for 200 seconds at Tue Sep 25 02:15:33 UTC 2018
5 ms. Memory: 1064960K Free: 1038812K (98%)
ptolemy.util.test.WatchDog.cancel(): canceling Tue Sep 25 02:15:33 UTC 2018
------------------ testing $PTII/ptolemy/domains/de/test/auto/ResetTransitionWithStartTime4.xml
auto.tcl: Setting watchdog for 200 seconds at Tue Sep 25 02:15:33 UTC 2018
3 ms. Memory: 1064960K Free: 1039292K (98%)
ptolemy.util.test.WatchDog.cancel(): canceling Tue Sep 25 02:15:33 UTC 2018
auto.tcl: Setting watchdog for 200 seconds at Tue Sep 25 02:15:33 UTC 2018
3 ms. Memory: 1064960K Free: 1039292K (98%)
ptolemy.util.test.WatchDog.cancel(): canceling Tue Sep 25 02:15:33 UTC 2018
------------------ testing $PTII/ptolemy/domains/de/test/auto/ResettableTimer1.xml
auto.tcl: Setting watchdog for 200 seconds at Tue Sep 25 02:15:33 UTC 2018
4 ms. Memory: 1064960K Free: 1028986K (97%)
ptolemy.util.test.WatchDog.cancel(): canceling Tue Sep 25 02:15:33 UTC 2018
auto.tcl: Setting watchdog for 200 seconds at Tue Sep 25 02:15:33 UTC 2018
2 ms. Memory: 1064960K Free: 1028986K (97%)
ptolemy.util.test.WatchDog.cancel(): canceling Tue Sep 25 02:15:33 UTC 2018
------------------ testing $PTII/ptolemy/domains/de/test/auto/ResettableTimer2.xml
auto.tcl: Setting watchdog for 200 seconds at Tue Sep 25 02:15:33 UTC 2018
3 ms. Memory: 1064960K Free: 1039346K (98%)
ptolemy.util.test.WatchDog.cancel(): canceling Tue Sep 25 02:15:33 UTC 2018
auto.tcl: Setting watchdog for 200 seconds at Tue Sep 25 02:15:33 UTC 2018
3 ms. Memory: 1064960K Free: 1039346K (98%)
ptolemy.util.test.WatchDog.cancel(): canceling Tue Sep 25 02:15:33 UTC 2018
------------------ testing $PTII/ptolemy/domains/de/test/auto/ResettableTimer3.xml
auto.tcl: Setting watchdog for 200 seconds at Tue Sep 25 02:15:33 UTC 2018
1 ms. Memory: 1064960K Free: 1029043K (97%)
ptolemy.util.test.WatchDog.cancel(): canceling Tue Sep 25 02:15:33 UTC 2018
auto.tcl: Setting watchdog for 200 seconds at Tue Sep 25 02:15:33 UTC 2018
1 ms. Memory: 1064960K Free: 1029043K (97%)
ptolemy.util.test.WatchDog.cancel(): canceling Tue Sep 25 02:15:33 UTC 2018
------------------ testing $PTII/ptolemy/domains/de/test/auto/ResettableTimer4.xml
auto.tcl: Setting watchdog for 200 seconds at Tue Sep 25 02:15:33 UTC 2018
2 ms. Memory: 1063936K Free: 1038335K (98%)
ptolemy.util.test.WatchDog.cancel(): canceling Tue Sep 25 02:15:33 UTC 2018
auto.tcl: Setting watchdog for 200 seconds at Tue Sep 25 02:15:33 UTC 2018
1 ms. Memory: 1063936K Free: 1038335K (98%)
ptolemy.util.test.WatchDog.cancel(): canceling Tue Sep 25 02:15:33 UTC 2018
------------------ testing $PTII/ptolemy/domains/de/test/auto/ResettableTimer5.xml
auto.tcl: Setting watchdog for 200 seconds at Tue Sep 25 02:15:33 UTC 2018
1 ms. Memory: 1064448K Free: 1029025K (97%)
ptolemy.util.test.WatchDog.cancel(): canceling Tue Sep 25 02:15:33 UTC 2018
auto.tcl: Setting watchdog for 200 seconds at Tue Sep 25 02:15:33 UTC 2018
1 ms. Memory: 1064448K Free: 1029025K (97%)
ptolemy.util.test.WatchDog.cancel(): canceling Tue Sep 25 02:15:33 UTC 2018
------------------ testing $PTII/ptolemy/domains/de/test/auto/ResettableTimer6.xml
auto.tcl: Setting watchdog for 200 seconds at Tue Sep 25 02:15:33 UTC 2018
3 ms. Memory: 1064448K Free: 1028492K (97%)
ptolemy.util.test.WatchDog.cancel(): canceling Tue Sep 25 02:15:33 UTC 2018
auto.tcl: Setting watchdog for 200 seconds at Tue Sep 25 02:15:33 UTC 2018
1 ms. Memory: 1064448K Free: 1028492K (97%)
ptolemy.util.test.WatchDog.cancel(): canceling Tue Sep 25 02:15:33 UTC 2018
------------------ testing $PTII/ptolemy/domains/de/test/auto/ServerZeroDelay.xml
auto.tcl: Setting watchdog for 200 seconds at Tue Sep 25 02:15:33 UTC 2018
4 ms. Memory: 1064448K Free: 1038785K (98%)
ptolemy.util.test.WatchDog.cancel(): canceling Tue Sep 25 02:15:33 UTC 2018
auto.tcl: Setting watchdog for 200 seconds at Tue Sep 25 02:15:33 UTC 2018
2 ms. Memory: 1064448K Free: 1038785K (98%)
ptolemy.util.test.WatchDog.cancel(): canceling Tue Sep 25 02:15:33 UTC 2018
------------------ testing $PTII/ptolemy/domains/de/test/auto/SmartSender.xml
auto.tcl: Setting watchdog for 200 seconds at Tue Sep 25 02:15:33 UTC 2018
3002 ms. Memory: 1064448K Free: 1028960K (97%)
ptolemy.util.test.WatchDog.cancel(): canceling Tue Sep 25 02:15:36 UTC 2018
auto.tcl: Setting watchdog for 200 seconds at Tue Sep 25 02:15:36 UTC 2018
3001 ms. Memory: 1064448K Free: 1028960K (97%)
ptolemy.util.test.WatchDog.cancel(): canceling Tue Sep 25 02:15:39 UTC 2018
------------------ testing $PTII/ptolemy/domains/de/test/auto/ThreadedComposite.xml
auto.tcl: Setting watchdog for 200 seconds at Tue Sep 25 02:15:39 UTC 2018
173 ms. Memory: 1064448K Free: 997496K (94%)
ptolemy.util.test.WatchDog.cancel(): canceling Tue Sep 25 02:15:39 UTC 2018
auto.tcl: Setting watchdog for 200 seconds at Tue Sep 25 02:15:39 UTC 2018
109 ms. Memory: 1064448K Free: 977855K (92%)
ptolemy.util.test.WatchDog.cancel(): canceling Tue Sep 25 02:15:40 UTC 2018
------------------ testing $PTII/ptolemy/domains/de/test/auto/Time.xml
auto.tcl: Setting watchdog for 200 seconds at Tue Sep 25 02:15:40 UTC 2018
486 ms. Memory: 1064448K Free: 988920K (93%)
ptolemy.util.test.WatchDog.cancel(): canceling Tue Sep 25 02:15:40 UTC 2018
auto.tcl: Setting watchdog for 200 seconds at Tue Sep 25 02:15:40 UTC 2018
499 ms. Memory: 1064448K Free: 932151K (88%)
ptolemy.util.test.WatchDog.cancel(): canceling Tue Sep 25 02:15:41 UTC 2018
------------------ testing $PTII/ptolemy/domains/de/test/auto/TimeDelayZeroDelay.xml
auto.tcl: Setting watchdog for 200 seconds at Tue Sep 25 02:15:41 UTC 2018
2 ms. Memory: 1064448K Free: 1038218K (98%)
ptolemy.util.test.WatchDog.cancel(): canceling Tue Sep 25 02:15:41 UTC 2018
auto.tcl: Setting watchdog for 200 seconds at Tue Sep 25 02:15:41 UTC 2018
2 ms. Memory: 1064448K Free: 1038218K (98%)
ptolemy.util.test.WatchDog.cancel(): canceling Tue Sep 25 02:15:41 UTC 2018
------------------ testing $PTII/ptolemy/domains/de/test/auto/TimerZeroDelay.xml
auto.tcl: Setting watchdog for 200 seconds at Tue Sep 25 02:15:41 UTC 2018
2 ms. Memory: 1063424K Free: 1037721K (98%)
ptolemy.util.test.WatchDog.cancel(): canceling Tue Sep 25 02:15:41 UTC 2018
auto.tcl: Setting watchdog for 200 seconds at Tue Sep 25 02:15:41 UTC 2018
1 ms. Memory: 1063424K Free: 1037721K (98%)
ptolemy.util.test.WatchDog.cancel(): canceling Tue Sep 25 02:15:41 UTC 2018
------------------ testing $PTII/ptolemy/domains/de/test/auto/TimingParadox.xml
auto.tcl: Setting watchdog for 200 seconds at Tue Sep 25 02:15:41 UTC 2018
352 ms. Memory: 1063936K Free: 974212K (92%)
ptolemy.util.test.WatchDog.cancel(): canceling Tue Sep 25 02:15:41 UTC 2018
auto.tcl: Setting watchdog for 200 seconds at Tue Sep 25 02:15:41 UTC 2018
349 ms. Memory: 1063936K Free: 940150K (88%)
ptolemy.util.test.WatchDog.cancel(): canceling Tue Sep 25 02:15:42 UTC 2018
------------------ testing $PTII/ptolemy/domains/de/test/auto/TransferInputs.xml
auto.tcl: Setting watchdog for 200 seconds at Tue Sep 25 02:15:42 UTC 2018
2 ms. Memory: 1063424K Free: 1036635K (97%)
ptolemy.util.test.WatchDog.cancel(): canceling Tue Sep 25 02:15:42 UTC 2018
auto.tcl: Setting watchdog for 200 seconds at Tue Sep 25 02:15:42 UTC 2018
1 ms. Memory: 1063424K Free: 1036635K (97%)
ptolemy.util.test.WatchDog.cancel(): canceling Tue Sep 25 02:15:42 UTC 2018
------------------ testing $PTII/ptolemy/domains/de/test/auto/TransferOutputs2.xml
auto.tcl: Setting watchdog for 200 seconds at Tue Sep 25 02:15:42 UTC 2018
2 ms. Memory: 1063936K Free: 1028434K (97%)
ptolemy.util.test.WatchDog.cancel(): canceling Tue Sep 25 02:15:42 UTC 2018
auto.tcl: Setting watchdog for 200 seconds at Tue Sep 25 02:15:42 UTC 2018
2 ms. Memory: 1063936K Free: 1028434K (97%)
ptolemy.util.test.WatchDog.cancel(): canceling Tue Sep 25 02:15:42 UTC 2018
------------------ testing $PTII/ptolemy/domains/de/test/auto/Trilateration.xml
auto.tcl: Setting watchdog for 200 seconds at Tue Sep 25 02:15:42 UTC 2018
14444 ms. Memory: 976384K Free: 894650K (92%)
ptolemy.util.test.WatchDog.cancel(): canceling Tue Sep 25 02:15:57 UTC 2018
auto.tcl: Setting watchdog for 200 seconds at Tue Sep 25 02:15:57 UTC 2018
11105 ms. Memory: 849408K Free: 727056K (86%)
ptolemy.util.test.WatchDog.cancel(): canceling Tue Sep 25 02:16:08 UTC 2018
------------------ testing $PTII/ptolemy/domains/de/test/auto/TwoSigmaDelta.xml
auto.tcl: Setting watchdog for 200 seconds at Tue Sep 25 02:16:08 UTC 2018
2577 ms. Memory: 853504K Free: 564796K (66%)
ptolemy.util.test.WatchDog.cancel(): canceling Tue Sep 25 02:16:11 UTC 2018
auto.tcl: Setting watchdog for 200 seconds at Tue Sep 25 02:16:11 UTC 2018
1917 ms. Memory: 853504K Free: 328298K (38%)
ptolemy.util.test.WatchDog.cancel(): canceling Tue Sep 25 02:16:13 UTC 2018
------------------ testing $PTII/ptolemy/domains/de/test/auto/VariableDelay.xml
auto.tcl: Setting watchdog for 200 seconds at Tue Sep 25 02:16:13 UTC 2018
7 ms. Memory: 849920K Free: 825935K (97%)
ptolemy.util.test.WatchDog.cancel(): canceling Tue Sep 25 02:16:13 UTC 2018
auto.tcl: Setting watchdog for 200 seconds at Tue Sep 25 02:16:13 UTC 2018
1 ms. Memory: 849920K Free: 825935K (97%)
ptolemy.util.test.WatchDog.cancel(): canceling Tue Sep 25 02:16:13 UTC 2018
------------------ testing $PTII/ptolemy/domains/de/test/auto/VariableDelay2.xml
auto.tcl: Setting watchdog for 200 seconds at Tue Sep 25 02:16:13 UTC 2018
2 ms. Memory: 849408K Free: 825881K (97%)
ptolemy.util.test.WatchDog.cancel(): canceling Tue Sep 25 02:16:13 UTC 2018
auto.tcl: Setting watchdog for 200 seconds at Tue Sep 25 02:16:13 UTC 2018
2 ms. Memory: 849408K Free: 825881K (97%)
ptolemy.util.test.WatchDog.cancel(): canceling Tue Sep 25 02:16:13 UTC 2018
------------------ testing $PTII/ptolemy/domains/de/test/auto/VariableDelayZeroDelay.xml
auto.tcl: Setting watchdog for 200 seconds at Tue Sep 25 02:16:13 UTC 2018
2 ms. Memory: 849408K Free: 825879K (97%)
ptolemy.util.test.WatchDog.cancel(): canceling Tue Sep 25 02:16:13 UTC 2018
auto.tcl: Setting watchdog for 200 seconds at Tue Sep 25 02:16:13 UTC 2018
2 ms. Memory: 849408K Free: 825879K (97%)
ptolemy.util.test.WatchDog.cancel(): canceling Tue Sep 25 02:16:13 UTC 2018
------------------ testing $PTII/ptolemy/domains/de/test/auto/VariableDelayZeroDelay2.xml
auto.tcl: Setting watchdog for 200 seconds at Tue Sep 25 02:16:13 UTC 2018
2 ms. Memory: 852480K Free: 821270K (96%)
ptolemy.util.test.WatchDog.cancel(): canceling Tue Sep 25 02:16:13 UTC 2018
auto.tcl: Setting watchdog for 200 seconds at Tue Sep 25 02:16:13 UTC 2018
2 ms. Memory: 852480K Free: 821270K (96%)
ptolemy.util.test.WatchDog.cancel(): canceling Tue Sep 25 02:16:13 UTC 2018
------------------ testing $PTII/ptolemy/domains/de/test/auto/deInCt.xml
auto.tcl: Setting watchdog for 200 seconds at Tue Sep 25 02:16:13 UTC 2018
0
1
1
1
0
0
1
1
1
0
0
0
1
1
1
1
0
0
0
1
1
0
0
0
0
0
0
1
1
1
1
1
1
9 ms. Memory: 849408K Free: 818151K (96%)
ptolemy.util.test.WatchDog.cancel(): canceling Tue Sep 25 02:16:13 UTC 2018
auto.tcl: Setting watchdog for 200 seconds at Tue Sep 25 02:16:13 UTC 2018
0
1
1
1
1
0
0
0
1
1
1
1
0
0
0
1
1
1
1
0
0
0
0
1
1
1
0
0
0
1
1
0
0
0
0
0
0
8 ms. Memory: 849408K Free: 818151K (96%)
ptolemy.util.test.WatchDog.cancel(): canceling Tue Sep 25 02:16:13 UTC 2018
------------------ testing $PTII/ptolemy/domains/de/test/auto/deInCt2.xml
auto.tcl: Setting watchdog for 200 seconds at Tue Sep 25 02:16:13 UTC 2018
0
1
1
1
0
0
1
1
1
0
0
1
1
1
0
0
1
1
1
0
0
1
1
1
0
0
1
1
1
0
0
1
1
1
0
0
1
1
1
0
0
0
15 ms. Memory: 852480K Free: 821223K (96%)
ptolemy.util.test.WatchDog.cancel(): canceling Tue Sep 25 02:16:13 UTC 2018
auto.tcl: Setting watchdog for 200 seconds at Tue Sep 25 02:16:13 UTC 2018
0
1
1
1
0
0
1
1
1
0
0
1
1
1
0
0
1
1
1
0
0
1
1
1
0
0
1
1
1
0
0
1
1
1
0
0
1
1
1
0
0
0
9 ms. Memory: 852480K Free: 821223K (96%)
ptolemy.util.test.WatchDog.cancel(): canceling Tue Sep 25 02:16:13 UTC 2018
------------------ testing $PTII/ptolemy/domains/de/test/auto/dynamicCausalityInterface1.xml
auto.tcl: Setting watchdog for 200 seconds at Tue Sep 25 02:16:14 UTC 2018
3 ms. Memory: 849408K Free: 825870K (97%)
ptolemy.util.test.WatchDog.cancel(): canceling Tue Sep 25 02:16:14 UTC 2018
auto.tcl: Setting watchdog for 200 seconds at Tue Sep 25 02:16:14 UTC 2018
1 ms. Memory: 849408K Free: 825870K (97%)
ptolemy.util.test.WatchDog.cancel(): canceling Tue Sep 25 02:16:14 UTC 2018
------------------ testing $PTII/ptolemy/domains/de/test/auto/fsm_de_test.xml
auto.tcl: Setting watchdog for 200 seconds at Tue Sep 25 02:16:14 UTC 2018
17 ms. Memory: 851968K Free: 820645K (96%)
ptolemy.util.test.WatchDog.cancel(): canceling Tue Sep 25 02:16:14 UTC 2018
auto.tcl: Setting watchdog for 200 seconds at Tue Sep 25 02:16:14 UTC 2018
8 ms. Memory: 851968K Free: 820645K (96%)
ptolemy.util.test.WatchDog.cancel(): canceling Tue Sep 25 02:16:14 UTC 2018
------------------ testing $PTII/ptolemy/domains/de/test/auto/functionDependencyReconstruction.xml
auto.tcl: Setting watchdog for 200 seconds at Tue Sep 25 02:16:14 UTC 2018
2 ms. Memory: 849408K Free: 806881K (95%)
ptolemy.util.test.WatchDog.cancel(): canceling Tue Sep 25 02:16:14 UTC 2018
auto.tcl: Setting watchdog for 200 seconds at Tue Sep 25 02:16:14 UTC 2018
3 ms. Memory: 849408K Free: 806881K (95%)
ptolemy.util.test.WatchDog.cancel(): canceling Tue Sep 25 02:16:14 UTC 2018
------------------ testing $PTII/ptolemy/domains/de/test/auto/multirate.xml
auto.tcl: Setting watchdog for 200 seconds at Tue Sep 25 02:16:14 UTC 2018
3 ms. Memory: 851456K Free: 820001K (96%)
ptolemy.util.test.WatchDog.cancel(): canceling Tue Sep 25 02:16:14 UTC 2018
auto.tcl: Setting watchdog for 200 seconds at Tue Sep 25 02:16:14 UTC 2018
3 ms. Memory: 851456K Free: 820001K (96%)
ptolemy.util.test.WatchDog.cancel(): canceling Tue Sep 25 02:16:14 UTC 2018
------------------ testing $PTII/ptolemy/domains/de/test/auto/multirate2.xml
auto.tcl: Setting watchdog for 200 seconds at Tue Sep 25 02:16:14 UTC 2018
3 ms. Memory: 849408K Free: 818141K (96%)
ptolemy.util.test.WatchDog.cancel(): canceling Tue Sep 25 02:16:14 UTC 2018
auto.tcl: Setting watchdog for 200 seconds at Tue Sep 25 02:16:14 UTC 2018
2 ms. Memory: 849408K Free: 818141K (96%)
ptolemy.util.test.WatchDog.cancel(): canceling Tue Sep 25 02:16:14 UTC 2018
------------------ testing $PTII/ptolemy/domains/de/test/auto/realtime.xml
auto.tcl: Setting watchdog for 200 seconds at Tue Sep 25 02:16:14 UTC 2018
10001 ms. Memory: 851456K Free: 820144K (96%)
ptolemy.util.test.WatchDog.cancel(): canceling Tue Sep 25 02:16:24 UTC 2018
auto.tcl: Setting watchdog for 200 seconds at Tue Sep 25 02:16:24 UTC 2018
10001 ms. Memory: 851456K Free: 820144K (96%)
ptolemy.util.test.WatchDog.cancel(): canceling Tue Sep 25 02:16:34 UTC 2018
------------------ testing $PTII/ptolemy/domains/de/test/auto/relationGroup.xml
auto.tcl: Setting watchdog for 200 seconds at Tue Sep 25 02:16:34 UTC 2018
1 ms. Memory: 849408K Free: 818164K (96%)
ptolemy.util.test.WatchDog.cancel(): canceling Tue Sep 25 02:16:34 UTC 2018
auto.tcl: Setting watchdog for 200 seconds at Tue Sep 25 02:16:34 UTC 2018
2 ms. Memory: 849408K Free: 818164K (96%)
ptolemy.util.test.WatchDog.cancel(): canceling Tue Sep 25 02:16:34 UTC 2018
------------------ testing $PTII/ptolemy/domains/de/test/auto/relationGroup2.xml
auto.tcl: Setting watchdog for 200 seconds at Tue Sep 25 02:16:34 UTC 2018
1 ms. Memory: 850944K Free: 819727K (96%)
ptolemy.util.test.WatchDog.cancel(): canceling Tue Sep 25 02:16:34 UTC 2018
auto.tcl: Setting watchdog for 200 seconds at Tue Sep 25 02:16:34 UTC 2018
1 ms. Memory: 850944K Free: 819727K (96%)
ptolemy.util.test.WatchDog.cancel(): canceling Tue Sep 25 02:16:34 UTC 2018
------------------ testing $PTII/ptolemy/domains/de/test/auto/sortWithOpaquePorts.xml
auto.tcl: Setting watchdog for 200 seconds at Tue Sep 25 02:16:34 UTC 2018
1 ms. Memory: 849408K Free: 825872K (97%)
ptolemy.util.test.WatchDog.cancel(): canceling Tue Sep 25 02:16:34 UTC 2018
auto.tcl: Setting watchdog for 200 seconds at Tue Sep 25 02:16:34 UTC 2018
2 ms. Memory: 849408K Free: 825872K (97%)
ptolemy.util.test.WatchDog.cancel(): canceling Tue Sep 25 02:16:34 UTC 2018
------------------ testing $PTII/ptolemy/domains/de/test/auto/transferInputsandOutputs.xml
auto.tcl: Setting watchdog for 200 seconds at Tue Sep 25 02:16:34 UTC 2018
2 ms. Memory: 850944K Free: 819715K (96%)
ptolemy.util.test.WatchDog.cancel(): canceling Tue Sep 25 02:16:34 UTC 2018
auto.tcl: Setting watchdog for 200 seconds at Tue Sep 25 02:16:34 UTC 2018
2 ms. Memory: 850944K Free: 819715K (96%)
ptolemy.util.test.WatchDog.cancel(): canceling Tue Sep 25 02:16:34 UTC 2018
------------------ testing $PTII/ptolemy/domains/de/test/auto/triggerType.xml
auto.tcl: Setting watchdog for 200 seconds at Tue Sep 25 02:16:34 UTC 2018
2 ms. Memory: 849408K Free: 818130K (96%)
ptolemy.util.test.WatchDog.cancel(): canceling Tue Sep 25 02:16:34 UTC 2018
auto.tcl: Setting watchdog for 200 seconds at Tue Sep 25 02:16:34 UTC 2018
2 ms. Memory: 849408K Free: 818130K (96%)
ptolemy.util.test.WatchDog.cancel(): canceling Tue Sep 25 02:16:34 UTC 2018
09/25/18 02:16:34
Failed: 0  Total Tests: 192  ((Passed: 187, Newly Passed: 1)  Known Failed: 5) /home/travis/build/icyphy/ptII/ptolemy/domains/de/test
09/25/18 02:16:34
Failed: 0  Total Tests: 192  ((Passed: 187, Newly Passed: 1)  Known Failed: 5) /home/travis/build/icyphy/ptII/ptolemy/domains/de/test
----------------- testing (KnownFailure) /home/travis/build/icyphy/ptII/ptolemy/domains/de/test/auto/knownFailedTests/DESDFClockTest.xml
2018 ms. Memory: 850432K Free: 803804K (95%)
Known Failure: java.lang.reflect.InvocationTargetException
----------------- testing (KnownFailure) /home/travis/build/icyphy/ptII/ptolemy/domains/de/test/auto/knownFailedTests/DirectFeedback.xml
1 ms. Memory: 850432K Free: 742363K (87%)
Known Failure: java.lang.reflect.InvocationTargetException
----------------- testing (KnownFailure) /home/travis/build/icyphy/ptII/ptolemy/domains/de/test/auto/knownFailedTests/FSMSource.xml
11 ms. Memory: 850432K Free: 680923K (80%)
----------------- testing (KnownFailure) /home/travis/build/icyphy/ptII/ptolemy/domains/de/test/auto/knownFailedTests/HierarchicalModel.xml
2 ms. Memory: 850432K Free: 634827K (75%)
Known Failure: java.lang.reflect.InvocationTargetException
----------------- testing (KnownFailure) /home/travis/build/icyphy/ptII/ptolemy/domains/de/test/auto/knownFailedTests/dependencyLoop.xml
1 ms. Memory: 850432K Free: 573387K (67%)
Known Failure: java.lang.reflect.InvocationTargetException
----------------- testing (KnownFailure) /home/travis/build/icyphy/ptII/ptolemy/domains/de/test/auto/knownFailedTests/dependencyLoop2.xml
2 ms. Memory: 850432K Free: 511946K (60%)
Known Failure: java.lang.reflect.InvocationTargetException
No auto/linux-amd64/*.xml tests in /home/travis/build/icyphy/ptII/ptolemy/domains/de/test
AutoTests.java: About to close Vertx.
AutoTests.java: Vertx closed.

===========================================================================================
----------------- testing Tue Sep 25 02:16:37 UTC 2018 /home/travis/build/icyphy/ptII/ptolemy/domains/de/test/auto/ActorDepthCalculation_actorWithoutPorts.xml
----------------- Instantiating /home/travis/build/icyphy/ptII/ptolemy/domains/de/test/auto/ActorDepthCalculation_actorWithoutPorts.xml
1 ms. Memory: 850432K Free: 435146K (51%)
----------------- Invoking toplevel() on ptolemy.moml.MoMLSimpleApplication@5516b0a0
----------------- Done invoking toplevel() on ptolemy.moml.MoMLSimpleApplication@5516b0a0
reloadAllAccessors: .ActorDepthCalculation_actorWithoutPorts

===========================================================================================
----------------- testing Tue Sep 25 02:16:37 UTC 2018 /home/travis/build/icyphy/ptII/ptolemy/domains/de/test/auto/AssemblyLine.xml
----------------- Instantiating /home/travis/build/icyphy/ptII/ptolemy/domains/de/test/auto/AssemblyLine.xml
2 ms. Memory: 850432K Free: 404426K (48%)
----------------- Invoking toplevel() on ptolemy.moml.MoMLSimpleApplication@2542ed42
----------------- Done invoking toplevel() on ptolemy.moml.MoMLSimpleApplication@2542ed42
reloadAllAccessors: .AssemblyLine

===========================================================================================
----------------- testing Tue Sep 25 02:16:37 UTC 2018 /home/travis/build/icyphy/ptII/ptolemy/domains/de/test/auto/CQBug1.xml
----------------- Instantiating /home/travis/build/icyphy/ptII/ptolemy/domains/de/test/auto/CQBug1.xml
1 ms. Memory: 850432K Free: 373706K (44%)
----------------- Invoking toplevel() on ptolemy.moml.MoMLSimpleApplication@f09464e
----------------- Done invoking toplevel() on ptolemy.moml.MoMLSimpleApplication@f09464e
reloadAllAccessors: .CQBug1

===========================================================================================
----------------- testing Tue Sep 25 02:16:37 UTC 2018 /home/travis/build/icyphy/ptII/ptolemy/domains/de/test/auto/CancelFireAt.xml
----------------- Instantiating /home/travis/build/icyphy/ptII/ptolemy/domains/de/test/auto/CancelFireAt.xml
2 ms. Memory: 850432K Free: 342986K (40%)
----------------- Invoking toplevel() on ptolemy.moml.MoMLSimpleApplication@18deed7a
----------------- Done invoking toplevel() on ptolemy.moml.MoMLSimpleApplication@18deed7a
reloadAllAccessors: .CancelFireAt

===========================================================================================
----------------- testing Tue Sep 25 02:16:37 UTC 2018 /home/travis/build/icyphy/ptII/ptolemy/domains/de/test/auto/CausalityAndComposabilityAnalysis.xml
----------------- Instantiating /home/travis/build/icyphy/ptII/ptolemy/domains/de/test/auto/CausalityAndComposabilityAnalysis.xml
1 ms. Memory: 850432K Free: 312266K (37%)
----------------- Invoking toplevel() on ptolemy.moml.MoMLSimpleApplication@f1d9fa0
----------------- Done invoking toplevel() on ptolemy.moml.MoMLSimpleApplication@f1d9fa0
reloadAllAccessors: .CausalityAndComposabilityAnalysis

===========================================================================================
----------------- testing Tue Sep 25 02:16:37 UTC 2018 /home/travis/build/icyphy/ptII/ptolemy/domains/de/test/auto/CausalityInterface1.xml
----------------- Instantiating /home/travis/build/icyphy/ptII/ptolemy/domains/de/test/auto/CausalityInterface1.xml
5 ms. Memory: 850432K Free: 281546K (33%)
----------------- Invoking toplevel() on ptolemy.moml.MoMLSimpleApplication@35974126
----------------- Done invoking toplevel() on ptolemy.moml.MoMLSimpleApplication@35974126
reloadAllAccessors: .CausalityInterface1

===========================================================================================
----------------- testing Tue Sep 25 02:16:37 UTC 2018 /home/travis/build/icyphy/ptII/ptolemy/domains/de/test/auto/CausalityInterface15.xml
----------------- Instantiating /home/travis/build/icyphy/ptII/ptolemy/domains/de/test/auto/CausalityInterface15.xml
1 ms. Memory: 850432K Free: 250826K (29%)
----------------- Invoking toplevel() on ptolemy.moml.MoMLSimpleApplication@3e0e134f
----------------- Done invoking toplevel() on ptolemy.moml.MoMLSimpleApplication@3e0e134f
reloadAllAccessors: .CausalityInterface15

===========================================================================================
----------------- testing Tue Sep 25 02:16:37 UTC 2018 /home/travis/build/icyphy/ptII/ptolemy/domains/de/test/auto/CausalityInterface2.xml
----------------- Instantiating /home/travis/build/icyphy/ptII/ptolemy/domains/de/test/auto/CausalityInterface2.xml
1 ms. Memory: 850432K Free: 220106K (26%)
----------------- Invoking toplevel() on ptolemy.moml.MoMLSimpleApplication@6a56c2bf
----------------- Done invoking toplevel() on ptolemy.moml.MoMLSimpleApplication@6a56c2bf
reloadAllAccessors: .CausalityInterface2

===========================================================================================
----------------- testing Tue Sep 25 02:16:37 UTC 2018 /home/travis/build/icyphy/ptII/ptolemy/domains/de/test/auto/CausalityInterface3.xml
----------------- Instantiating /home/travis/build/icyphy/ptII/ptolemy/domains/de/test/auto/CausalityInterface3.xml
1 ms. Memory: 850432K Free: 189386K (22%)
----------------- Invoking toplevel() on ptolemy.moml.MoMLSimpleApplication@717ba9
----------------- Done invoking toplevel() on ptolemy.moml.MoMLSimpleApplication@717ba9
reloadAllAccessors: .CausalityInterface3

===========================================================================================
----------------- testing Tue Sep 25 02:16:37 UTC 2018 /home/travis/build/icyphy/ptII/ptolemy/domains/de/test/auto/ClockDrift.xml
----------------- Instantiating /home/travis/build/icyphy/ptII/ptolemy/domains/de/test/auto/ClockDrift.xml
18 ms. Memory: 850432K Free: 158666K (19%)
----------------- Invoking toplevel() on ptolemy.moml.MoMLSimpleApplication@7aee3356
----------------- Done invoking toplevel() on ptolemy.moml.MoMLSimpleApplication@7aee3356
reloadAllAccessors: .ClockDrift

===========================================================================================
----------------- testing Tue Sep 25 02:16:37 UTC 2018 /home/travis/build/icyphy/ptII/ptolemy/domains/de/test/auto/ClockDriftAndValueChange.xml
----------------- Instantiating /home/travis/build/icyphy/ptII/ptolemy/domains/de/test/auto/ClockDriftAndValueChange.xml
10 ms. Memory: 850432K Free: 127946K (15%)
----------------- Invoking toplevel() on ptolemy.moml.MoMLSimpleApplication@3e0ac402
----------------- Done invoking toplevel() on ptolemy.moml.MoMLSimpleApplication@3e0ac402
reloadAllAccessors: .ClockDriftAndValueChange

===========================================================================================
----------------- testing Tue Sep 25 02:16:37 UTC 2018 /home/travis/build/icyphy/ptII/ptolemy/domains/de/test/auto/ClockDriftChange.xml
----------------- Instantiating /home/travis/build/icyphy/ptII/ptolemy/domains/de/test/auto/ClockDriftChange.xml
10 ms. Memory: 850432K Free: 97226K (11%)
----------------- Invoking toplevel() on ptolemy.moml.MoMLSimpleApplication@16faa5b3
----------------- Done invoking toplevel() on ptolemy.moml.MoMLSimpleApplication@16faa5b3
reloadAllAccessors: .ClockDriftChange

===========================================================================================
----------------- testing Tue Sep 25 02:16:37 UTC 2018 /home/travis/build/icyphy/ptII/ptolemy/domains/de/test/auto/ComposableCausalityAnalysis.xml
----------------- Instantiating /home/travis/build/icyphy/ptII/ptolemy/domains/de/test/auto/ComposableCausalityAnalysis.xml
1 ms. Memory: 850432K Free: 77746K (9%)
----------------- Invoking toplevel() on ptolemy.moml.MoMLSimpleApplication@24a07aed
----------------- Done invoking toplevel() on ptolemy.moml.MoMLSimpleApplication@24a07aed
reloadAllAccessors: .ComposableCausalityAnalysis

===========================================================================================
----------------- testing Tue Sep 25 02:16:37 UTC 2018 /home/travis/build/icyphy/ptII/ptolemy/domains/de/test/auto/DEFixedPointLimitation.xml
----------------- Instantiating /home/travis/build/icyphy/ptII/ptolemy/domains/de/test/auto/DEFixedPointLimitation.xml
1 ms. Memory: 812544K Free: 778356K (96%)
----------------- Invoking toplevel() on ptolemy.moml.MoMLSimpleApplication@78d9cb9b
----------------- Done invoking toplevel() on ptolemy.moml.MoMLSimpleApplication@78d9cb9b
reloadAllAccessors: .DEFixedPointLimitation

===========================================================================================
----------------- testing Tue Sep 25 02:16:37 UTC 2018 /home/travis/build/icyphy/ptII/ptolemy/domains/de/test/auto/DEScheduleTest.xml
----------------- Instantiating /home/travis/build/icyphy/ptII/ptolemy/domains/de/test/auto/DEScheduleTest.xml
5 ms. Memory: 812544K Free: 742193K (91%)
----------------- Invoking toplevel() on ptolemy.moml.MoMLSimpleApplication@6da76246
----------------- Done invoking toplevel() on ptolemy.moml.MoMLSimpleApplication@6da76246
reloadAllAccessors: .DEScheduleTest

===========================================================================================
----------------- testing Tue Sep 25 02:16:37 UTC 2018 /home/travis/build/icyphy/ptII/ptolemy/domains/de/test/auto/DEinDEwithStartTimes.xml
----------------- Instantiating /home/travis/build/icyphy/ptII/ptolemy/domains/de/test/auto/DEinDEwithStartTimes.xml
2 ms. Memory: 812544K Free: 712947K (88%)
----------------- Invoking toplevel() on ptolemy.moml.MoMLSimpleApplication@105fea6b
----------------- Done invoking toplevel() on ptolemy.moml.MoMLSimpleApplication@105fea6b
reloadAllAccessors: .DEinDEwithStartTimes

===========================================================================================
----------------- testing Tue Sep 25 02:16:37 UTC 2018 /home/travis/build/icyphy/ptII/ptolemy/domains/de/test/auto/DEinDEwithStartTimes2.xml
----------------- Instantiating /home/travis/build/icyphy/ptII/ptolemy/domains/de/test/auto/DEinDEwithStartTimes2.xml
2 ms. Memory: 812544K Free: 683702K (84%)
----------------- Invoking toplevel() on ptolemy.moml.MoMLSimpleApplication@1bad09f3
----------------- Done invoking toplevel() on ptolemy.moml.MoMLSimpleApplication@1bad09f3
reloadAllAccessors: .DEinDEwithStartTimes2

===========================================================================================
----------------- testing Tue Sep 25 02:16:37 UTC 2018 /home/travis/build/icyphy/ptII/ptolemy/domains/de/test/auto/DateDemo.xml
----------------- Instantiating /home/travis/build/icyphy/ptII/ptolemy/domains/de/test/auto/DateDemo.xml
4 ms. Memory: 812544K Free: 654429K (81%)
----------------- Invoking toplevel() on ptolemy.moml.MoMLSimpleApplication@af10d29
----------------- Done invoking toplevel() on ptolemy.moml.MoMLSimpleApplication@af10d29
reloadAllAccessors: .DateDemo

===========================================================================================
----------------- testing Tue Sep 25 02:16:37 UTC 2018 /home/travis/build/icyphy/ptII/ptolemy/domains/de/test/auto/DateToEvent.xml
----------------- Instantiating /home/travis/build/icyphy/ptII/ptolemy/domains/de/test/auto/DateToEvent.xml
2005 ms. Memory: 812544K Free: 610545K (75%)
----------------- Invoking toplevel() on ptolemy.moml.MoMLSimpleApplication@76751b4
----------------- Done invoking toplevel() on ptolemy.moml.MoMLSimpleApplication@76751b4
reloadAllAccessors: .DateToEvent

===========================================================================================
----------------- testing Tue Sep 25 02:16:39 UTC 2018 /home/travis/build/icyphy/ptII/ptolemy/domains/de/test/auto/DepthTest1.xml
----------------- Instantiating /home/travis/build/icyphy/ptII/ptolemy/domains/de/test/auto/DepthTest1.xml
1 ms. Memory: 812544K Free: 581299K (72%)
----------------- Invoking toplevel() on ptolemy.moml.MoMLSimpleApplication@18ebc8e0
----------------- Done invoking toplevel() on ptolemy.moml.MoMLSimpleApplication@18ebc8e0
reloadAllAccessors: .DepthTest1

===========================================================================================
----------------- testing Tue Sep 25 02:16:39 UTC 2018 /home/travis/build/icyphy/ptII/ptolemy/domains/de/test/auto/DepthTest2.xml
----------------- Instantiating /home/travis/build/icyphy/ptII/ptolemy/domains/de/test/auto/DepthTest2.xml
3 ms. Memory: 812544K Free: 552054K (68%)
----------------- Invoking toplevel() on ptolemy.moml.MoMLSimpleApplication@4f094135
----------------- Done invoking toplevel() on ptolemy.moml.MoMLSimpleApplication@4f094135
reloadAllAccessors: .DepthTest2

===========================================================================================
----------------- testing Tue Sep 25 02:16:39 UTC 2018 /home/travis/build/icyphy/ptII/ptolemy/domains/de/test/auto/DepthTest3.xml
----------------- Instantiating /home/travis/build/icyphy/ptII/ptolemy/domains/de/test/auto/DepthTest3.xml
1 ms. Memory: 812544K Free: 522808K (64%)
----------------- Invoking toplevel() on ptolemy.moml.MoMLSimpleApplication@1375cb11
----------------- Done invoking toplevel() on ptolemy.moml.MoMLSimpleApplication@1375cb11
reloadAllAccessors: .DepthTest3

===========================================================================================
----------------- testing Tue Sep 25 02:16:39 UTC 2018 /home/travis/build/icyphy/ptII/ptolemy/domains/de/test/auto/DepthTest4.xml
----------------- Instantiating /home/travis/build/icyphy/ptII/ptolemy/domains/de/test/auto/DepthTest4.xml
1 ms. Memory: 812544K Free: 493563K (61%)
----------------- Invoking toplevel() on ptolemy.moml.MoMLSimpleApplication@28e27304
----------------- Done invoking toplevel() on ptolemy.moml.MoMLSimpleApplication@28e27304
reloadAllAccessors: .DepthTest4

===========================================================================================
----------------- testing Tue Sep 25 02:16:39 UTC 2018 /home/travis/build/icyphy/ptII/ptolemy/domains/de/test/auto/DepthTest5.xml
----------------- Instantiating /home/travis/build/icyphy/ptII/ptolemy/domains/de/test/auto/DepthTest5.xml
3 ms. Memory: 812544K Free: 464318K (57%)
----------------- Invoking toplevel() on ptolemy.moml.MoMLSimpleApplication@6aa4eb62
----------------- Done invoking toplevel() on ptolemy.moml.MoMLSimpleApplication@6aa4eb62
reloadAllAccessors: .DepthTest5

===========================================================================================
----------------- testing Tue Sep 25 02:16:39 UTC 2018 /home/travis/build/icyphy/ptII/ptolemy/domains/de/test/auto/DepthTest6.xml
----------------- Instantiating /home/travis/build/icyphy/ptII/ptolemy/domains/de/test/auto/DepthTest6.xml
1 ms. Memory: 812544K Free: 435072K (54%)
----------------- Invoking toplevel() on ptolemy.moml.MoMLSimpleApplication@2f9fabc9
----------------- Done invoking toplevel() on ptolemy.moml.MoMLSimpleApplication@2f9fabc9
reloadAllAccessors: .DepthTest6

===========================================================================================
----------------- testing Tue Sep 25 02:16:39 UTC 2018 /home/travis/build/icyphy/ptII/ptolemy/domains/de/test/auto/DepthTest7.xml
----------------- Instantiating /home/travis/build/icyphy/ptII/ptolemy/domains/de/test/auto/DepthTest7.xml
1 ms. Memory: 812544K Free: 405827K (50%)
----------------- Invoking toplevel() on ptolemy.moml.MoMLSimpleApplication@1ea7957b
----------------- Done invoking toplevel() on ptolemy.moml.MoMLSimpleApplication@1ea7957b
reloadAllAccessors: .DepthTest7

===========================================================================================
----------------- testing Tue Sep 25 02:16:39 UTC 2018 /home/travis/build/icyphy/ptII/ptolemy/domains/de/test/auto/EventToDate.xml
----------------- Instantiating /home/travis/build/icyphy/ptII/ptolemy/domains/de/test/auto/EventToDate.xml
3009 ms. Memory: 812544K Free: 376581K (46%)
----------------- Invoking toplevel() on ptolemy.moml.MoMLSimpleApplication@2a9a0b95
----------------- Done invoking toplevel() on ptolemy.moml.MoMLSimpleApplication@2a9a0b95
reloadAllAccessors: .EventToDate

===========================================================================================
----------------- testing Tue Sep 25 02:16:42 UTC 2018 /home/travis/build/icyphy/ptII/ptolemy/domains/de/test/auto/FSM1.xml
----------------- Instantiating /home/travis/build/icyphy/ptII/ptolemy/domains/de/test/auto/FSM1.xml
18 ms. Memory: 812544K Free: 347336K (43%)
----------------- Invoking toplevel() on ptolemy.moml.MoMLSimpleApplication@73ab9834
----------------- Done invoking toplevel() on ptolemy.moml.MoMLSimpleApplication@73ab9834
reloadAllAccessors: .FSM1

===========================================================================================
----------------- testing Tue Sep 25 02:16:42 UTC 2018 /home/travis/build/icyphy/ptII/ptolemy/domains/de/test/auto/FSM7.xml
----------------- Instantiating /home/travis/build/icyphy/ptII/ptolemy/domains/de/test/auto/FSM7.xml
18 ms. Memory: 812544K Free: 311172K (38%)
----------------- Invoking toplevel() on ptolemy.moml.MoMLSimpleApplication@2bcd26e4
----------------- Done invoking toplevel() on ptolemy.moml.MoMLSimpleApplication@2bcd26e4
reloadAllAccessors: .FSM7

===========================================================================================
----------------- testing Tue Sep 25 02:16:42 UTC 2018 /home/travis/build/icyphy/ptII/ptolemy/domains/de/test/auto/Inspection.xml
----------------- Instantiating /home/travis/build/icyphy/ptII/ptolemy/domains/de/test/auto/Inspection.xml
11 ms. Memory: 812544K Free: 281927K (35%)
----------------- Invoking toplevel() on ptolemy.moml.MoMLSimpleApplication@5bcad42
----------------- Done invoking toplevel() on ptolemy.moml.MoMLSimpleApplication@5bcad42
reloadAllAccessors: .Inspection

===========================================================================================
----------------- testing Tue Sep 25 02:16:42 UTC 2018 /home/travis/build/icyphy/ptII/ptolemy/domains/de/test/auto/Iteration.xml
----------------- Instantiating /home/travis/build/icyphy/ptII/ptolemy/domains/de/test/auto/Iteration.xml
5 ms. Memory: 812544K Free: 252681K (31%)
----------------- Invoking toplevel() on ptolemy.moml.MoMLSimpleApplication@4369c2ab
----------------- Done invoking toplevel() on ptolemy.moml.MoMLSimpleApplication@4369c2ab
reloadAllAccessors: .Iteration

===========================================================================================
----------------- testing Tue Sep 25 02:16:42 UTC 2018 /home/travis/build/icyphy/ptII/ptolemy/domains/de/test/auto/LineFault.xml
----------------- Instantiating /home/travis/build/icyphy/ptII/ptolemy/domains/de/test/auto/LineFault.xml
417 ms. Memory: 812544K Free: 121044K (15%)
----------------- Invoking toplevel() on ptolemy.moml.MoMLSimpleApplication@70de15e7
----------------- Done invoking toplevel() on ptolemy.moml.MoMLSimpleApplication@70de15e7
reloadAllAccessors: .LineFault

===========================================================================================
----------------- testing Tue Sep 25 02:16:43 UTC 2018 /home/travis/build/icyphy/ptII/ptolemy/domains/de/test/auto/MergeModel1Add.xml
----------------- Instantiating /home/travis/build/icyphy/ptII/ptolemy/domains/de/test/auto/MergeModel1Add.xml
6 ms. Memory: 812544K Free: 77168K (9%)
----------------- Invoking toplevel() on ptolemy.moml.MoMLSimpleApplication@474d82a2
----------------- Done invoking toplevel() on ptolemy.moml.MoMLSimpleApplication@474d82a2
reloadAllAccessors: .MergeModel1Add

===========================================================================================
----------------- testing Tue Sep 25 02:16:43 UTC 2018 /home/travis/build/icyphy/ptII/ptolemy/domains/de/test/auto/MergeModel2Add.xml
----------------- Instantiating /home/travis/build/icyphy/ptII/ptolemy/domains/de/test/auto/MergeModel2Add.xml
6 ms. Memory: 778752K Free: 745536K (96%)
----------------- Invoking toplevel() on ptolemy.moml.MoMLSimpleApplication@2066d6a4
----------------- Done invoking toplevel() on ptolemy.moml.MoMLSimpleApplication@2066d6a4
reloadAllAccessors: .MergeModel2Add

===========================================================================================
----------------- testing Tue Sep 25 02:16:43 UTC 2018 /home/travis/build/icyphy/ptII/ptolemy/domains/de/test/auto/MergeModel3Add.xml
----------------- Instantiating /home/travis/build/icyphy/ptII/ptolemy/domains/de/test/auto/MergeModel3Add.xml
5 ms. Memory: 778752K Free: 713291K (92%)
----------------- Invoking toplevel() on ptolemy.moml.MoMLSimpleApplication@2aa41ab8
----------------- Done invoking toplevel() on ptolemy.moml.MoMLSimpleApplication@2aa41ab8
reloadAllAccessors: .MergeModel3Add

===========================================================================================
----------------- testing Tue Sep 25 02:16:43 UTC 2018 /home/travis/build/icyphy/ptII/ptolemy/domains/de/test/auto/MergeWithoutDiscard.xml
----------------- Instantiating /home/travis/build/icyphy/ptII/ptolemy/domains/de/test/auto/MergeWithoutDiscard.xml
1 ms. Memory: 778752K Free: 699364K (90%)
----------------- Invoking toplevel() on ptolemy.moml.MoMLSimpleApplication@40fbc652
----------------- Done invoking toplevel() on ptolemy.moml.MoMLSimpleApplication@40fbc652
reloadAllAccessors: .MergeWithoutDiscard

===========================================================================================
----------------- testing Tue Sep 25 02:16:43 UTC 2018 /home/travis/build/icyphy/ptII/ptolemy/domains/de/test/auto/Modal1.xml
----------------- Instantiating /home/travis/build/icyphy/ptII/ptolemy/domains/de/test/auto/Modal1.xml
7 ms. Memory: 778752K Free: 678474K (87%)
----------------- Invoking toplevel() on ptolemy.moml.MoMLSimpleApplication@11f17ff0
----------------- Done invoking toplevel() on ptolemy.moml.MoMLSimpleApplication@11f17ff0
reloadAllAccessors: .Modal1

===========================================================================================
----------------- testing Tue Sep 25 02:16:43 UTC 2018 /home/travis/build/icyphy/ptII/ptolemy/domains/de/test/auto/Modal2.xml
----------------- Instantiating /home/travis/build/icyphy/ptII/ptolemy/domains/de/test/auto/Modal2.xml
6 ms. Memory: 778752K Free: 657584K (84%)
----------------- Invoking toplevel() on ptolemy.moml.MoMLSimpleApplication@62e2c91c
----------------- Done invoking toplevel() on ptolemy.moml.MoMLSimpleApplication@62e2c91c
reloadAllAccessors: .Modal2

===========================================================================================
----------------- testing Tue Sep 25 02:16:43 UTC 2018 /home/travis/build/icyphy/ptII/ptolemy/domains/de/test/auto/Modal3.xml
----------------- Instantiating /home/travis/build/icyphy/ptII/ptolemy/domains/de/test/auto/Modal3.xml
6 ms. Memory: 778752K Free: 636661K (82%)
----------------- Invoking toplevel() on ptolemy.moml.MoMLSimpleApplication@1588c018
----------------- Done invoking toplevel() on ptolemy.moml.MoMLSimpleApplication@1588c018
reloadAllAccessors: .Modal3

===========================================================================================
----------------- testing Tue Sep 25 02:16:43 UTC 2018 /home/travis/build/icyphy/ptII/ptolemy/domains/de/test/auto/Modal4.xml
----------------- Instantiating /home/travis/build/icyphy/ptII/ptolemy/domains/de/test/auto/Modal4.xml
7 ms. Memory: 778752K Free: 615764K (79%)
----------------- Invoking toplevel() on ptolemy.moml.MoMLSimpleApplication@2ee0affe
----------------- Done invoking toplevel() on ptolemy.moml.MoMLSimpleApplication@2ee0affe
reloadAllAccessors: .Modal4

===========================================================================================
----------------- testing Tue Sep 25 02:16:43 UTC 2018 /home/travis/build/icyphy/ptII/ptolemy/domains/de/test/auto/Modal5.xml
----------------- Instantiating /home/travis/build/icyphy/ptII/ptolemy/domains/de/test/auto/Modal5.xml
7 ms. Memory: 778752K Free: 594874K (76%)
----------------- Invoking toplevel() on ptolemy.moml.MoMLSimpleApplication@55966c2c
----------------- Done invoking toplevel() on ptolemy.moml.MoMLSimpleApplication@55966c2c
reloadAllAccessors: .Modal5

===========================================================================================
----------------- testing Tue Sep 25 02:16:43 UTC 2018 /home/travis/build/icyphy/ptII/ptolemy/domains/de/test/auto/Modal6.xml
----------------- Instantiating /home/travis/build/icyphy/ptII/ptolemy/domains/de/test/auto/Modal6.xml
7 ms. Memory: 778752K Free: 573984K (74%)
----------------- Invoking toplevel() on ptolemy.moml.MoMLSimpleApplication@6ce01b7e
----------------- Done invoking toplevel() on ptolemy.moml.MoMLSimpleApplication@6ce01b7e
reloadAllAccessors: .Modal6

===========================================================================================
----------------- testing Tue Sep 25 02:16:43 UTC 2018 /home/travis/build/icyphy/ptII/ptolemy/domains/de/test/auto/Modal7.xml
----------------- Instantiating /home/travis/build/icyphy/ptII/ptolemy/domains/de/test/auto/Modal7.xml
5 ms. Memory: 778752K Free: 548702K (70%)
----------------- Invoking toplevel() on ptolemy.moml.MoMLSimpleApplication@16dadbd2
----------------- Done invoking toplevel() on ptolemy.moml.MoMLSimpleApplication@16dadbd2
reloadAllAccessors: .Modal7

===========================================================================================
----------------- testing Tue Sep 25 02:16:43 UTC 2018 /home/travis/build/icyphy/ptII/ptolemy/domains/de/test/auto/ModalModel.xml
----------------- Instantiating /home/travis/build/icyphy/ptII/ptolemy/domains/de/test/auto/ModalModel.xml
107 ms. Memory: 778752K Free: 472010K (61%)
----------------- Invoking toplevel() on ptolemy.moml.MoMLSimpleApplication@77394205
----------------- Done invoking toplevel() on ptolemy.moml.MoMLSimpleApplication@77394205
reloadAllAccessors: .ModalModel

===========================================================================================
----------------- testing Tue Sep 25 02:16:43 UTC 2018 /home/travis/build/icyphy/ptII/ptolemy/domains/de/test/auto/ModalSource.xml
----------------- Instantiating /home/travis/build/icyphy/ptII/ptolemy/domains/de/test/auto/ModalSource.xml
5 ms. Memory: 778752K Free: 458084K (59%)
----------------- Invoking toplevel() on ptolemy.moml.MoMLSimpleApplication@1963de2e
----------------- Done invoking toplevel() on ptolemy.moml.MoMLSimpleApplication@1963de2e
reloadAllAccessors: .ModalSource

===========================================================================================
----------------- testing Tue Sep 25 02:16:43 UTC 2018 /home/travis/build/icyphy/ptII/ptolemy/domains/de/test/auto/NonInterruptibleTimerZeroDelay.xml
----------------- Instantiating /home/travis/build/icyphy/ptII/ptolemy/domains/de/test/auto/NonInterruptibleTimerZeroDelay.xml
2 ms. Memory: 778752K Free: 444157K (57%)
----------------- Invoking toplevel() on ptolemy.moml.MoMLSimpleApplication@674fda29
----------------- Done invoking toplevel() on ptolemy.moml.MoMLSimpleApplication@674fda29
reloadAllAccessors: .NonInterruptibleTimerZeroDelay

===========================================================================================
----------------- testing Tue Sep 25 02:16:43 UTC 2018 /home/travis/build/icyphy/ptII/ptolemy/domains/de/test/auto/OpenQueueingNetwork.xml
----------------- Instantiating /home/travis/build/icyphy/ptII/ptolemy/domains/de/test/auto/OpenQueueingNetwork.xml
2049 ms. Memory: 745472K Free: 500809K (67%)
----------------- Invoking toplevel() on ptolemy.moml.MoMLSimpleApplication@415ef2ec
----------------- Done invoking toplevel() on ptolemy.moml.MoMLSimpleApplication@415ef2ec
reloadAllAccessors: .OpenQueueingNetwork

===========================================================================================
----------------- testing Tue Sep 25 02:16:45 UTC 2018 /home/travis/build/icyphy/ptII/ptolemy/domains/de/test/auto/OpenQueuingNetwork.xml
----------------- Instantiating /home/travis/build/icyphy/ptII/ptolemy/domains/de/test/auto/OpenQueuingNetwork.xml
212 ms. Memory: 745472K Free: 401525K (54%)
----------------- Invoking toplevel() on ptolemy.moml.MoMLSimpleApplication@6a715ef6
----------------- Done invoking toplevel() on ptolemy.moml.MoMLSimpleApplication@6a715ef6
reloadAllAccessors: .OpenQueuingNetwork

===========================================================================================
----------------- testing Tue Sep 25 02:16:46 UTC 2018 /home/travis/build/icyphy/ptII/ptolemy/domains/de/test/auto/PeriodicSampler.xml
----------------- Instantiating /home/travis/build/icyphy/ptII/ptolemy/domains/de/test/auto/PeriodicSampler.xml
1 ms. Memory: 745472K Free: 392684K (53%)
----------------- Invoking toplevel() on ptolemy.moml.MoMLSimpleApplication@1a843749
----------------- Done invoking toplevel() on ptolemy.moml.MoMLSimpleApplication@1a843749
reloadAllAccessors: .PeriodicSampler

===========================================================================================
----------------- testing Tue Sep 25 02:16:46 UTC 2018 /home/travis/build/icyphy/ptII/ptolemy/domains/de/test/auto/PersistentIO.xml
----------------- Instantiating /home/travis/build/icyphy/ptII/ptolemy/domains/de/test/auto/PersistentIO.xml
4 ms. Memory: 745472K Free: 379407K (51%)
----------------- Invoking toplevel() on ptolemy.moml.MoMLSimpleApplication@38b2d354
----------------- Done invoking toplevel() on ptolemy.moml.MoMLSimpleApplication@38b2d354
reloadAllAccessors: .PersistentIO

===========================================================================================
----------------- testing Tue Sep 25 02:16:46 UTC 2018 /home/travis/build/icyphy/ptII/ptolemy/domains/de/test/auto/PortParameterResetOnInitialize.xml
----------------- Instantiating /home/travis/build/icyphy/ptII/ptolemy/domains/de/test/auto/PortParameterResetOnInitialize.xml
2 ms. Memory: 745472K Free: 370567K (50%)
----------------- Invoking toplevel() on ptolemy.moml.MoMLSimpleApplication@dd6f812
----------------- Done invoking toplevel() on ptolemy.moml.MoMLSimpleApplication@dd6f812
reloadAllAccessors: .PortParameterResetOnInitialize

===========================================================================================
----------------- testing Tue Sep 25 02:16:46 UTC 2018 /home/travis/build/icyphy/ptII/ptolemy/domains/de/test/auto/PortParameterUpdates.xml
----------------- Instantiating /home/travis/build/icyphy/ptII/ptolemy/domains/de/test/auto/PortParameterUpdates.xml
3 ms. Memory: 745472K Free: 357290K (48%)
----------------- Invoking toplevel() on ptolemy.moml.MoMLSimpleApplication@731f6547
----------------- Done invoking toplevel() on ptolemy.moml.MoMLSimpleApplication@731f6547
reloadAllAccessors: .PortParameterUpdates

===========================================================================================
----------------- testing Tue Sep 25 02:16:46 UTC 2018 /home/travis/build/icyphy/ptII/ptolemy/domains/de/test/auto/QueueAndServer.xml
----------------- Instantiating /home/travis/build/icyphy/ptII/ptolemy/domains/de/test/auto/QueueAndServer.xml
5 ms. Memory: 745472K Free: 341248K (46%)
----------------- Invoking toplevel() on ptolemy.moml.MoMLSimpleApplication@453ed980
----------------- Done invoking toplevel() on ptolemy.moml.MoMLSimpleApplication@453ed980
reloadAllAccessors: .QueueAndServer

===========================================================================================
----------------- testing Tue Sep 25 02:16:46 UTC 2018 /home/travis/build/icyphy/ptII/ptolemy/domains/de/test/auto/Records.xml
----------------- Instantiating /home/travis/build/icyphy/ptII/ptolemy/domains/de/test/auto/Records.xml
7 ms. Memory: 745472K Free: 327979K (44%)
----------------- Invoking toplevel() on ptolemy.moml.MoMLSimpleApplication@2e2e193f
----------------- Done invoking toplevel() on ptolemy.moml.MoMLSimpleApplication@2e2e193f
reloadAllAccessors: .Records

===========================================================================================
----------------- testing Tue Sep 25 02:16:46 UTC 2018 /home/travis/build/icyphy/ptII/ptolemy/domains/de/test/auto/ResetTransitionWithStartTime1.xml
----------------- Instantiating /home/travis/build/icyphy/ptII/ptolemy/domains/de/test/auto/ResetTransitionWithStartTime1.xml
4 ms. Memory: 745472K Free: 314718K (42%)
----------------- Invoking toplevel() on ptolemy.moml.MoMLSimpleApplication@6cc44fa0
----------------- Done invoking toplevel() on ptolemy.moml.MoMLSimpleApplication@6cc44fa0
reloadAllAccessors: .ResetTransitionWithStartTime1

===========================================================================================
----------------- testing Tue Sep 25 02:16:46 UTC 2018 /home/travis/build/icyphy/ptII/ptolemy/domains/de/test/auto/ResetTransitionWithStartTime2.xml
----------------- Instantiating /home/travis/build/icyphy/ptII/ptolemy/domains/de/test/auto/ResetTransitionWithStartTime2.xml
3 ms. Memory: 745472K Free: 301449K (40%)
----------------- Invoking toplevel() on ptolemy.moml.MoMLSimpleApplication@6e0062fc
----------------- Done invoking toplevel() on ptolemy.moml.MoMLSimpleApplication@6e0062fc
reloadAllAccessors: .ResetTransitionWithStartTime2

===========================================================================================
----------------- testing Tue Sep 25 02:16:46 UTC 2018 /home/travis/build/icyphy/ptII/ptolemy/domains/de/test/auto/ResetTransitionWithStartTime3.xml
----------------- Instantiating /home/travis/build/icyphy/ptII/ptolemy/domains/de/test/auto/ResetTransitionWithStartTime3.xml
3 ms. Memory: 745472K Free: 288172K (39%)
----------------- Invoking toplevel() on ptolemy.moml.MoMLSimpleApplication@77bb969d
----------------- Done invoking toplevel() on ptolemy.moml.MoMLSimpleApplication@77bb969d
reloadAllAccessors: .ResetTransitionWithStartTime3

===========================================================================================
----------------- testing Tue Sep 25 02:16:46 UTC 2018 /home/travis/build/icyphy/ptII/ptolemy/domains/de/test/auto/ResetTransitionWithStartTime4.xml
----------------- Instantiating /home/travis/build/icyphy/ptII/ptolemy/domains/de/test/auto/ResetTransitionWithStartTime4.xml
3 ms. Memory: 745472K Free: 272141K (37%)
----------------- Invoking toplevel() on ptolemy.moml.MoMLSimpleApplication@44583a00
----------------- Done invoking toplevel() on ptolemy.moml.MoMLSimpleApplication@44583a00
reloadAllAccessors: .ResetTransitionWithStartTime4

===========================================================================================
----------------- testing Tue Sep 25 02:16:46 UTC 2018 /home/travis/build/icyphy/ptII/ptolemy/domains/de/test/auto/ResettableTimer1.xml
----------------- Instantiating /home/travis/build/icyphy/ptII/ptolemy/domains/de/test/auto/ResettableTimer1.xml
2 ms. Memory: 745472K Free: 263300K (35%)
----------------- Invoking toplevel() on ptolemy.moml.MoMLSimpleApplication@6c78927c
----------------- Done invoking toplevel() on ptolemy.moml.MoMLSimpleApplication@6c78927c
reloadAllAccessors: .ResettableTimer1

===========================================================================================
----------------- testing Tue Sep 25 02:16:46 UTC 2018 /home/travis/build/icyphy/ptII/ptolemy/domains/de/test/auto/ResettableTimer2.xml
----------------- Instantiating /home/travis/build/icyphy/ptII/ptolemy/domains/de/test/auto/ResettableTimer2.xml
1 ms. Memory: 745472K Free: 254459K (34%)
----------------- Invoking toplevel() on ptolemy.moml.MoMLSimpleApplication@da4226b
----------------- Done invoking toplevel() on ptolemy.moml.MoMLSimpleApplication@da4226b
reloadAllAccessors: .ResettableTimer2

===========================================================================================
----------------- testing Tue Sep 25 02:16:46 UTC 2018 /home/travis/build/icyphy/ptII/ptolemy/domains/de/test/auto/ResettableTimer3.xml
----------------- Instantiating /home/travis/build/icyphy/ptII/ptolemy/domains/de/test/auto/ResettableTimer3.xml
1 ms. Memory: 745472K Free: 245619K (33%)
----------------- Invoking toplevel() on ptolemy.moml.MoMLSimpleApplication@24f5b879
----------------- Done invoking toplevel() on ptolemy.moml.MoMLSimpleApplication@24f5b879
reloadAllAccessors: .ResettableTimer3

===========================================================================================
----------------- testing Tue Sep 25 02:16:46 UTC 2018 /home/travis/build/icyphy/ptII/ptolemy/domains/de/test/auto/ResettableTimer4.xml
----------------- Instantiating /home/travis/build/icyphy/ptII/ptolemy/domains/de/test/auto/ResettableTimer4.xml
1 ms. Memory: 745472K Free: 236778K (32%)
----------------- Invoking toplevel() on ptolemy.moml.MoMLSimpleApplication@1ec5a39a
----------------- Done invoking toplevel() on ptolemy.moml.MoMLSimpleApplication@1ec5a39a
reloadAllAccessors: .ResettableTimer4

===========================================================================================
----------------- testing Tue Sep 25 02:16:46 UTC 2018 /home/travis/build/icyphy/ptII/ptolemy/domains/de/test/auto/ResettableTimer5.xml
----------------- Instantiating /home/travis/build/icyphy/ptII/ptolemy/domains/de/test/auto/ResettableTimer5.xml
1 ms. Memory: 745472K Free: 227938K (31%)
----------------- Invoking toplevel() on ptolemy.moml.MoMLSimpleApplication@e52efea
----------------- Done invoking toplevel() on ptolemy.moml.MoMLSimpleApplication@e52efea
reloadAllAccessors: .ResettableTimer5

===========================================================================================
----------------- testing Tue Sep 25 02:16:46 UTC 2018 /home/travis/build/icyphy/ptII/ptolemy/domains/de/test/auto/ResettableTimer6.xml
----------------- Instantiating /home/travis/build/icyphy/ptII/ptolemy/domains/de/test/auto/ResettableTimer6.xml
4 ms. Memory: 745472K Free: 216342K (29%)
----------------- Invoking toplevel() on ptolemy.moml.MoMLSimpleApplication@7d8cd2dd
----------------- Done invoking toplevel() on ptolemy.moml.MoMLSimpleApplication@7d8cd2dd
reloadAllAccessors: .ResettableTimer6

===========================================================================================
----------------- testing Tue Sep 25 02:16:46 UTC 2018 /home/travis/build/icyphy/ptII/ptolemy/domains/de/test/auto/ServerZeroDelay.xml
----------------- Instantiating /home/travis/build/icyphy/ptII/ptolemy/domains/de/test/auto/ServerZeroDelay.xml
1 ms. Memory: 745472K Free: 207502K (28%)
----------------- Invoking toplevel() on ptolemy.moml.MoMLSimpleApplication@13a47aa0
----------------- Done invoking toplevel() on ptolemy.moml.MoMLSimpleApplication@13a47aa0
reloadAllAccessors: .ServerZeroDelay

===========================================================================================
----------------- testing Tue Sep 25 02:16:46 UTC 2018 /home/travis/build/icyphy/ptII/ptolemy/domains/de/test/auto/SmartSender.xml
----------------- Instantiating /home/travis/build/icyphy/ptII/ptolemy/domains/de/test/auto/SmartSender.xml
3002 ms. Memory: 745472K Free: 198661K (27%)
----------------- Invoking toplevel() on ptolemy.moml.MoMLSimpleApplication@7933b29f
----------------- Done invoking toplevel() on ptolemy.moml.MoMLSimpleApplication@7933b29f
reloadAllAccessors: .SmartSender

===========================================================================================
----------------- testing Tue Sep 25 02:16:49 UTC 2018 /home/travis/build/icyphy/ptII/ptolemy/domains/de/test/auto/ThreadedComposite.xml
----------------- Instantiating /home/travis/build/icyphy/ptII/ptolemy/domains/de/test/auto/ThreadedComposite.xml
473 ms. Memory: 745472K Free: 132323K (18%)
----------------- Invoking toplevel() on ptolemy.moml.MoMLSimpleApplication@d0c1a08
----------------- Done invoking toplevel() on ptolemy.moml.MoMLSimpleApplication@d0c1a08
reloadAllAccessors: .ThreadedComposite

===========================================================================================
----------------- testing Tue Sep 25 02:16:49 UTC 2018 /home/travis/build/icyphy/ptII/ptolemy/domains/de/test/auto/Time.xml
----------------- Instantiating /home/travis/build/icyphy/ptII/ptolemy/domains/de/test/auto/Time.xml
424 ms. Memory: 745472K Free: 75014K (10%)
----------------- Invoking toplevel() on ptolemy.moml.MoMLSimpleApplication@50720788
----------------- Done invoking toplevel() on ptolemy.moml.MoMLSimpleApplication@50720788
reloadAllAccessors: .Time

===========================================================================================
----------------- testing Tue Sep 25 02:16:50 UTC 2018 /home/travis/build/icyphy/ptII/ptolemy/domains/de/test/auto/TimeDelayZeroDelay.xml
----------------- Instantiating /home/travis/build/icyphy/ptII/ptolemy/domains/de/test/auto/TimeDelayZeroDelay.xml
2 ms. Memory: 713216K Free: 691244K (97%)
----------------- Invoking toplevel() on ptolemy.moml.MoMLSimpleApplication@59a7f59e
----------------- Done invoking toplevel() on ptolemy.moml.MoMLSimpleApplication@59a7f59e
reloadAllAccessors: .TimeDelayZeroDelay

===========================================================================================
----------------- testing Tue Sep 25 02:16:50 UTC 2018 /home/travis/build/icyphy/ptII/ptolemy/domains/de/test/auto/TimerZeroDelay.xml
----------------- Instantiating /home/travis/build/icyphy/ptII/ptolemy/domains/de/test/auto/TimerZeroDelay.xml
2 ms. Memory: 713216K Free: 678608K (95%)
----------------- Invoking toplevel() on ptolemy.moml.MoMLSimpleApplication@1892113b
----------------- Done invoking toplevel() on ptolemy.moml.MoMLSimpleApplication@1892113b
reloadAllAccessors: .TimerZeroDelay

===========================================================================================
----------------- testing Tue Sep 25 02:16:50 UTC 2018 /home/travis/build/icyphy/ptII/ptolemy/domains/de/test/auto/TimingParadox.xml
----------------- Instantiating /home/travis/build/icyphy/ptII/ptolemy/domains/de/test/auto/TimingParadox.xml
265 ms. Memory: 713216K Free: 602727K (85%)
----------------- Invoking toplevel() on ptolemy.moml.MoMLSimpleApplication@2c4a3c46
----------------- Done invoking toplevel() on ptolemy.moml.MoMLSimpleApplication@2c4a3c46
reloadAllAccessors: .TimingParadox

===========================================================================================
----------------- testing Tue Sep 25 02:16:50 UTC 2018 /home/travis/build/icyphy/ptII/ptolemy/domains/de/test/auto/TransferInputs.xml
----------------- Instantiating /home/travis/build/icyphy/ptII/ptolemy/domains/de/test/auto/TransferInputs.xml
1 ms. Memory: 713216K Free: 588297K (82%)
----------------- Invoking toplevel() on ptolemy.moml.MoMLSimpleApplication@47b26f82
----------------- Done invoking toplevel() on ptolemy.moml.MoMLSimpleApplication@47b26f82
reloadAllAccessors: .TransferInputs

===========================================================================================
----------------- testing Tue Sep 25 02:16:50 UTC 2018 /home/travis/build/icyphy/ptII/ptolemy/domains/de/test/auto/TransferOutputs2.xml
----------------- Instantiating /home/travis/build/icyphy/ptII/ptolemy/domains/de/test/auto/TransferOutputs2.xml
3 ms. Memory: 713216K Free: 569335K (80%)
----------------- Invoking toplevel() on ptolemy.moml.MoMLSimpleApplication@49905161
----------------- Done invoking toplevel() on ptolemy.moml.MoMLSimpleApplication@49905161
reloadAllAccessors: .TransferOutputs2

===========================================================================================
----------------- testing Tue Sep 25 02:16:50 UTC 2018 /home/travis/build/icyphy/ptII/ptolemy/domains/de/test/auto/Trilateration.xml
----------------- Instantiating /home/travis/build/icyphy/ptII/ptolemy/domains/de/test/auto/Trilateration.xml
10392 ms. Memory: 578048K Free: 417914K (72%)
----------------- Invoking toplevel() on ptolemy.moml.MoMLSimpleApplication@37daa690
----------------- Done invoking toplevel() on ptolemy.moml.MoMLSimpleApplication@37daa690
reloadAllAccessors: .Trilateration

===========================================================================================
----------------- testing Tue Sep 25 02:17:01 UTC 2018 /home/travis/build/icyphy/ptII/ptolemy/domains/de/test/auto/TwoSigmaDelta.xml
----------------- Instantiating /home/travis/build/icyphy/ptII/ptolemy/domains/de/test/auto/TwoSigmaDelta.xml
1933 ms. Memory: 578048K Free: 113571K (20%)
----------------- Invoking toplevel() on ptolemy.moml.MoMLSimpleApplication@40df4f5b
----------------- Done invoking toplevel() on ptolemy.moml.MoMLSimpleApplication@40df4f5b
reloadAllAccessors: .TwoSigmaDelta

===========================================================================================
----------------- testing Tue Sep 25 02:17:03 UTC 2018 /home/travis/build/icyphy/ptII/ptolemy/domains/de/test/auto/VariableDelay.xml
----------------- Instantiating /home/travis/build/icyphy/ptII/ptolemy/domains/de/test/auto/VariableDelay.xml
2 ms. Memory: 578048K Free: 92779K (16%)
----------------- Invoking toplevel() on ptolemy.moml.MoMLSimpleApplication@2c5d2421
----------------- Done invoking toplevel() on ptolemy.moml.MoMLSimpleApplication@2c5d2421
reloadAllAccessors: .VariableDelay

===========================================================================================
----------------- testing Tue Sep 25 02:17:03 UTC 2018 /home/travis/build/icyphy/ptII/ptolemy/domains/de/test/auto/VariableDelay2.xml
----------------- Instantiating /home/travis/build/icyphy/ptII/ptolemy/domains/de/test/auto/VariableDelay2.xml
2 ms. Memory: 578048K Free: 72914K (13%)
----------------- Invoking toplevel() on ptolemy.moml.MoMLSimpleApplication@6ab946b4
----------------- Done invoking toplevel() on ptolemy.moml.MoMLSimpleApplication@6ab946b4
reloadAllAccessors: .VariableDelay2

===========================================================================================
----------------- testing Tue Sep 25 02:17:03 UTC 2018 /home/travis/build/icyphy/ptII/ptolemy/domains/de/test/auto/VariableDelayZeroDelay.xml
----------------- Instantiating /home/travis/build/icyphy/ptII/ptolemy/domains/de/test/auto/VariableDelayZeroDelay.xml
9 ms. Memory: 560128K Free: 535404K (96%)
----------------- Invoking toplevel() on ptolemy.moml.MoMLSimpleApplication@2daacc47
----------------- Done invoking toplevel() on ptolemy.moml.MoMLSimpleApplication@2daacc47
reloadAllAccessors: .VariableDelayZeroDelay

===========================================================================================
----------------- testing Tue Sep 25 02:17:03 UTC 2018 /home/travis/build/icyphy/ptII/ptolemy/domains/de/test/auto/VariableDelayZeroDelay2.xml
----------------- Instantiating /home/travis/build/icyphy/ptII/ptolemy/domains/de/test/auto/VariableDelayZeroDelay2.xml
6 ms. Memory: 560128K Free: 520610K (93%)
----------------- Invoking toplevel() on ptolemy.moml.MoMLSimpleApplication@3f79f09e
----------------- Done invoking toplevel() on ptolemy.moml.MoMLSimpleApplication@3f79f09e
reloadAllAccessors: .VariableDelayZeroDelay2

===========================================================================================
----------------- testing Tue Sep 25 02:17:03 UTC 2018 /home/travis/build/icyphy/ptII/ptolemy/domains/de/test/auto/deInCt.xml
----------------- Instantiating /home/travis/build/icyphy/ptII/ptolemy/domains/de/test/auto/deInCt.xml
0
1
1
1
1
0
0
0
1
1
1
0
0
0
0
1
1
1
0
0
0
1
1
1
0
0
0
0
1
1
1
0
0
0
1
1
1
0
0
1
1
1
1
9 ms. Memory: 560128K Free: 510551K (91%)
----------------- Invoking toplevel() on ptolemy.moml.MoMLSimpleApplication@6aa42664
----------------- Done invoking toplevel() on ptolemy.moml.MoMLSimpleApplication@6aa42664
reloadAllAccessors: .deInCt

===========================================================================================
----------------- testing Tue Sep 25 02:17:03 UTC 2018 /home/travis/build/icyphy/ptII/ptolemy/domains/de/test/auto/deInCt2.xml
----------------- Instantiating /home/travis/build/icyphy/ptII/ptolemy/domains/de/test/auto/deInCt2.xml
0
1
1
1
0
0
1
1
1
0
0
1
1
1
0
0
1
1
1
0
0
1
1
1
0
0
1
1
1
0
0
1
1
1
0
0
1
1
1
0
0
0
12 ms. Memory: 560128K Free: 500492K (89%)
----------------- Invoking toplevel() on ptolemy.moml.MoMLSimpleApplication@6aa2af41
----------------- Done invoking toplevel() on ptolemy.moml.MoMLSimpleApplication@6aa2af41
reloadAllAccessors: .deInCt2

===========================================================================================
----------------- testing Tue Sep 25 02:17:03 UTC 2018 /home/travis/build/icyphy/ptII/ptolemy/domains/de/test/auto/dynamicCausalityInterface1.xml
----------------- Instantiating /home/travis/build/icyphy/ptII/ptolemy/domains/de/test/auto/dynamicCausalityInterface1.xml
1 ms. Memory: 560128K Free: 485682K (87%)
----------------- Invoking toplevel() on ptolemy.moml.MoMLSimpleApplication@3ff3b34
----------------- Done invoking toplevel() on ptolemy.moml.MoMLSimpleApplication@3ff3b34
reloadAllAccessors: .dynamicCausalityInterface1

===========================================================================================
----------------- testing Tue Sep 25 02:17:04 UTC 2018 /home/travis/build/icyphy/ptII/ptolemy/domains/de/test/auto/fsm_de_test.xml
----------------- Instantiating /home/travis/build/icyphy/ptII/ptolemy/domains/de/test/auto/fsm_de_test.xml
4 ms. Memory: 560128K Free: 470868K (84%)
----------------- Invoking toplevel() on ptolemy.moml.MoMLSimpleApplication@4c7f1d2c
----------------- Done invoking toplevel() on ptolemy.moml.MoMLSimpleApplication@4c7f1d2c
reloadAllAccessors: .fsm_de_test

===========================================================================================
----------------- testing Tue Sep 25 02:17:04 UTC 2018 /home/travis/build/icyphy/ptII/ptolemy/domains/de/test/auto/functionDependencyReconstruction.xml
----------------- Instantiating /home/travis/build/icyphy/ptII/ptolemy/domains/de/test/auto/functionDependencyReconstruction.xml
2 ms. Memory: 560128K Free: 446577K (80%)
----------------- Invoking toplevel() on ptolemy.moml.MoMLSimpleApplication@24323521
----------------- Done invoking toplevel() on ptolemy.moml.MoMLSimpleApplication@24323521
reloadAllAccessors: .functionDependencyReconstruction

===========================================================================================
----------------- testing Tue Sep 25 02:17:04 UTC 2018 /home/travis/build/icyphy/ptII/ptolemy/domains/de/test/auto/multirate.xml
----------------- Instantiating /home/travis/build/icyphy/ptII/ptolemy/domains/de/test/auto/multirate.xml
2 ms. Memory: 560128K Free: 431766K (77%)
----------------- Invoking toplevel() on ptolemy.moml.MoMLSimpleApplication@736c129e
----------------- Done invoking toplevel() on ptolemy.moml.MoMLSimpleApplication@736c129e
reloadAllAccessors: .multirate

===========================================================================================
----------------- testing Tue Sep 25 02:17:04 UTC 2018 /home/travis/build/icyphy/ptII/ptolemy/domains/de/test/auto/multirate2.xml
----------------- Instantiating /home/travis/build/icyphy/ptII/ptolemy/domains/de/test/auto/multirate2.xml
3 ms. Memory: 560128K Free: 416972K (74%)
----------------- Invoking toplevel() on ptolemy.moml.MoMLSimpleApplication@19d045dd
----------------- Done invoking toplevel() on ptolemy.moml.MoMLSimpleApplication@19d045dd
reloadAllAccessors: .multirate2

===========================================================================================
----------------- testing Tue Sep 25 02:17:04 UTC 2018 /home/travis/build/icyphy/ptII/ptolemy/domains/de/test/auto/realtime.xml
----------------- Instantiating /home/travis/build/icyphy/ptII/ptolemy/domains/de/test/auto/realtime.xml
10001 ms. Memory: 560128K Free: 406913K (73%)
----------------- Invoking toplevel() on ptolemy.moml.MoMLSimpleApplication@4ae14a4e
----------------- Done invoking toplevel() on ptolemy.moml.MoMLSimpleApplication@4ae14a4e
reloadAllAccessors: .realtime

===========================================================================================
----------------- testing Tue Sep 25 02:17:14 UTC 2018 /home/travis/build/icyphy/ptII/ptolemy/domains/de/test/auto/relationGroup.xml
----------------- Instantiating /home/travis/build/icyphy/ptII/ptolemy/domains/de/test/auto/relationGroup.xml
3 ms. Memory: 560128K Free: 396854K (71%)
----------------- Invoking toplevel() on ptolemy.moml.MoMLSimpleApplication@3897281c
----------------- Done invoking toplevel() on ptolemy.moml.MoMLSimpleApplication@3897281c
reloadAllAccessors: .relationGroup

===========================================================================================
----------------- testing Tue Sep 25 02:17:14 UTC 2018 /home/travis/build/icyphy/ptII/ptolemy/domains/de/test/auto/relationGroup2.xml
----------------- Instantiating /home/travis/build/icyphy/ptII/ptolemy/domains/de/test/auto/relationGroup2.xml
1 ms. Memory: 560128K Free: 386795K (69%)
----------------- Invoking toplevel() on ptolemy.moml.MoMLSimpleApplication@2b45d952
----------------- Done invoking toplevel() on ptolemy.moml.MoMLSimpleApplication@2b45d952
reloadAllAccessors: .relationGroup2

===========================================================================================
----------------- testing Tue Sep 25 02:17:14 UTC 2018 /home/travis/build/icyphy/ptII/ptolemy/domains/de/test/auto/sortWithOpaquePorts.xml
----------------- Instantiating /home/travis/build/icyphy/ptII/ptolemy/domains/de/test/auto/sortWithOpaquePorts.xml
1 ms. Memory: 560128K Free: 376737K (67%)
----------------- Invoking toplevel() on ptolemy.moml.MoMLSimpleApplication@2d5390ad
----------------- Done invoking toplevel() on ptolemy.moml.MoMLSimpleApplication@2d5390ad
reloadAllAccessors: .sortWithOpaquePorts

===========================================================================================
----------------- testing Tue Sep 25 02:17:14 UTC 2018 /home/travis/build/icyphy/ptII/ptolemy/domains/de/test/auto/transferInputsandOutputs.xml
----------------- Instantiating /home/travis/build/icyphy/ptII/ptolemy/domains/de/test/auto/transferInputsandOutputs.xml
1 ms. Memory: 560128K Free: 361926K (65%)
----------------- Invoking toplevel() on ptolemy.moml.MoMLSimpleApplication@3cd64cc
----------------- Done invoking toplevel() on ptolemy.moml.MoMLSimpleApplication@3cd64cc
reloadAllAccessors: .transferInputsandOutputs

===========================================================================================
----------------- testing Tue Sep 25 02:17:14 UTC 2018 /home/travis/build/icyphy/ptII/ptolemy/domains/de/test/auto/triggerType.xml
----------------- Instantiating /home/travis/build/icyphy/ptII/ptolemy/domains/de/test/auto/triggerType.xml
1 ms. Memory: 560128K Free: 351868K (63%)
----------------- Invoking toplevel() on ptolemy.moml.MoMLSimpleApplication@26f4af1d
----------------- Done invoking toplevel() on ptolemy.moml.MoMLSimpleApplication@26f4af1d
reloadAllAccessors: .triggerType
AutoTests.java: About to close Vertx.
AutoTests.java: Vertx closed.
]]></system-out>
  <system-err><![CDATA[java.lang.RuntimeException: Execution failed
	at ptolemy.moml.MoMLSimpleApplication$UnloadThread.run(MoMLSimpleApplication.java:402)
Caused by: ptolemy.kernel.util.IllegalActionException: Found a zero delay loop containing .dependencyLoop.original
  in .dependencyLoop and .dependencyLoop.original
	at ptolemy.actor.util.CausalityInterfaceForComposites._computeOutputPortDepth(CausalityInterfaceForComposites.java:759)
	at ptolemy.actor.util.CausalityInterfaceForComposites._computeInputDepth(CausalityInterfaceForComposites.java:696)
	at ptolemy.actor.util.CausalityInterfaceForComposites._computeOutputPortDepth(CausalityInterfaceForComposites.java:765)
	at ptolemy.actor.util.CausalityInterfaceForComposites._computeInputDepth(CausalityInterfaceForComposites.java:696)
	at ptolemy.actor.util.CausalityInterfaceForComposites._computeOutputPortDepth(CausalityInterfaceForComposites.java:765)
	at ptolemy.actor.util.CausalityInterfaceForComposites._computeInputDepth(CausalityInterfaceForComposites.java:696)
	at ptolemy.actor.util.CausalityInterfaceForComposites._computeActorDepth(CausalityInterfaceForComposites.java:532)
	at ptolemy.actor.util.CausalityInterfaceForComposites.checkForCycles(CausalityInterfaceForComposites.java:96)
	at ptolemy.domains.de.kernel.DEDirector.preinitialize(DEDirector.java:1338)
	at ptolemy.actor.CompositeActor.preinitialize(CompositeActor.java:1828)
	at ptolemy.actor.Manager.preinitializeAndResolveTypes(Manager.java:1040)
	at ptolemy.actor.Manager.initialize(Manager.java:710)
	at ptolemy.actor.Manager.execute(Manager.java:356)
	at ptolemy.actor.Manager.run(Manager.java:1263)
	at ptolemy.actor.Manager$PtolemyRunThread.run(Manager.java:1915)
java.lang.RuntimeException: Execution failed
	at ptolemy.moml.MoMLSimpleApplication$UnloadThread.run(MoMLSimpleApplication.java:402)
Caused by: ptolemy.kernel.util.IllegalActionException: Found a zero delay loop containing .dependencyLoop2.original
  in .dependencyLoop2 and .dependencyLoop2.original
	at ptolemy.actor.util.CausalityInterfaceForComposites._computeOutputPortDepth(CausalityInterfaceForComposites.java:759)
	at ptolemy.actor.util.CausalityInterfaceForComposites._computeInputDepth(CausalityInterfaceForComposites.java:696)
	at ptolemy.actor.util.CausalityInterfaceForComposites._computeOutputPortDepth(CausalityInterfaceForComposites.java:765)
	at ptolemy.actor.util.CausalityInterfaceForComposites._computeInputDepth(CausalityInterfaceForComposites.java:696)
	at ptolemy.actor.util.CausalityInterfaceForComposites._computeOutputPortDepth(CausalityInterfaceForComposites.java:765)
	at ptolemy.actor.util.CausalityInterfaceForComposites._computeInputDepth(CausalityInterfaceForComposites.java:696)
	at ptolemy.actor.util.CausalityInterfaceForComposites._computeActorDepth(CausalityInterfaceForComposites.java:532)
	at ptolemy.actor.util.CausalityInterfaceForComposites.checkForCycles(CausalityInterfaceForComposites.java:96)
	at ptolemy.domains.de.kernel.DEDirector.preinitialize(DEDirector.java:1338)
	at ptolemy.actor.CompositeActor.preinitialize(CompositeActor.java:1828)
	at ptolemy.actor.Manager.preinitializeAndResolveTypes(Manager.java:1040)
	at ptolemy.actor.Manager.initialize(Manager.java:710)
	at ptolemy.actor.Manager.execute(Manager.java:356)
	at ptolemy.actor.Manager.run(Manager.java:1263)
	at ptolemy.actor.Manager$PtolemyRunThread.run(Manager.java:1915)
java.lang.RuntimeException: Execution failed
	at ptolemy.moml.MoMLSimpleApplication$UnloadThread.run(MoMLSimpleApplication.java:402)
Caused by: ptolemy.kernel.util.IllegalActionException: Found a zero delay loop containing .dependencyLoop.original
  in .dependencyLoop and .dependencyLoop.original
	at ptolemy.actor.util.CausalityInterfaceForComposites._computeOutputPortDepth(CausalityInterfaceForComposites.java:759)
	at ptolemy.actor.util.CausalityInterfaceForComposites._computeInputDepth(CausalityInterfaceForComposites.java:696)
	at ptolemy.actor.util.CausalityInterfaceForComposites._computeOutputPortDepth(CausalityInterfaceForComposites.java:765)
	at ptolemy.actor.util.CausalityInterfaceForComposites._computeInputDepth(CausalityInterfaceForComposites.java:696)
	at ptolemy.actor.util.CausalityInterfaceForComposites._computeOutputPortDepth(CausalityInterfaceForComposites.java:765)
	at ptolemy.actor.util.CausalityInterfaceForComposites._computeInputDepth(CausalityInterfaceForComposites.java:696)
	at ptolemy.actor.util.CausalityInterfaceForComposites._computeActorDepth(CausalityInterfaceForComposites.java:532)
	at ptolemy.actor.util.CausalityInterfaceForComposites.checkForCycles(CausalityInterfaceForComposites.java:96)
	at ptolemy.domains.de.kernel.DEDirector.preinitialize(DEDirector.java:1338)
	at ptolemy.actor.CompositeActor.preinitialize(CompositeActor.java:1828)
	at ptolemy.actor.Manager.preinitializeAndResolveTypes(Manager.java:1040)
	at ptolemy.actor.Manager.initialize(Manager.java:710)
	at ptolemy.actor.Manager.execute(Manager.java:356)
	at ptolemy.actor.Manager.run(Manager.java:1263)
	at ptolemy.actor.Manager$PtolemyRunThread.run(Manager.java:1915)
java.lang.RuntimeException: Execution failed
	at ptolemy.moml.MoMLSimpleApplication$UnloadThread.run(MoMLSimpleApplication.java:402)
Caused by: ptolemy.kernel.util.IllegalActionException: Actor is not ready to fire.  Perhaps UpSample.prefire() returned false? Try debugging the actor by selecting "Listen to Actor".  Also, for SDF check moml for tokenConsumptionRate on input.
  in .DESDFClockTest.Play Bell.Copy1:SDF Director and .DESDFClockTest.Play Bell.UpSample
	at ptolemy.actor.sched.StaticSchedulingDirector.fire(StaticSchedulingDirector.java:227)
	at ptolemy.domains.sdf.kernel.SDFDirector.fire(SDFDirector.java:500)
	at ptolemy.actor.CompositeActor.fire(CompositeActor.java:455)
	at ptolemy.domains.de.kernel.DEDirector._fire(DEDirector.java:1949)
	at ptolemy.domains.de.kernel.DEDirector.fire(DEDirector.java:502)
	at ptolemy.actor.CompositeActor.fire(CompositeActor.java:455)
	at ptolemy.actor.Manager.iterate(Manager.java:851)
	at ptolemy.actor.Manager.execute(Manager.java:369)
	at ptolemy.actor.Manager.run(Manager.java:1263)
	at ptolemy.actor.Manager$PtolemyRunThread.run(Manager.java:1915)
java.lang.RuntimeException: Execution failed
	at ptolemy.moml.MoMLSimpleApplication$UnloadThread.run(MoMLSimpleApplication.java:402)
Caused by: ptolemy.kernel.util.IllegalActionException: Found a zero delay loop containing .dependencyLoop2.original
  in .dependencyLoop2 and .dependencyLoop2.original
	at ptolemy.actor.util.CausalityInterfaceForComposites._computeOutputPortDepth(CausalityInterfaceForComposites.java:759)
	at ptolemy.actor.util.CausalityInterfaceForComposites._computeInputDepth(CausalityInterfaceForComposites.java:696)
	at ptolemy.actor.util.CausalityInterfaceForComposites._computeOutputPortDepth(CausalityInterfaceForComposites.java:765)
	at ptolemy.actor.util.CausalityInterfaceForComposites._computeInputDepth(CausalityInterfaceForComposites.java:696)
	at ptolemy.actor.util.CausalityInterfaceForComposites._computeOutputPortDepth(CausalityInterfaceForComposites.java:765)
	at ptolemy.actor.util.CausalityInterfaceForComposites._computeInputDepth(CausalityInterfaceForComposites.java:696)
	at ptolemy.actor.util.CausalityInterfaceForComposites._computeActorDepth(CausalityInterfaceForComposites.java:532)
	at ptolemy.actor.util.CausalityInterfaceForComposites.checkForCycles(CausalityInterfaceForComposites.java:96)
	at ptolemy.domains.de.kernel.DEDirector.preinitialize(DEDirector.java:1338)
	at ptolemy.actor.CompositeActor.preinitialize(CompositeActor.java:1828)
	at ptolemy.actor.Manager.preinitializeAndResolveTypes(Manager.java:1040)
	at ptolemy.actor.Manager.initialize(Manager.java:710)
	at ptolemy.actor.Manager.execute(Manager.java:356)
	at ptolemy.actor.Manager.run(Manager.java:1263)
	at ptolemy.actor.Manager$PtolemyRunThread.run(Manager.java:1915)
java.lang.RuntimeException: Execution failed
	at ptolemy.moml.MoMLSimpleApplication$UnloadThread.run(MoMLSimpleApplication.java:402)
Caused by: ptolemy.kernel.util.IllegalActionException: Found a zero delay loop containing .HierarchicalModel.A
  in .HierarchicalModel and .HierarchicalModel.A
	at ptolemy.actor.util.CausalityInterfaceForComposites._computeOutputPortDepth(CausalityInterfaceForComposites.java:759)
	at ptolemy.actor.util.CausalityInterfaceForComposites._computeInputDepth(CausalityInterfaceForComposites.java:696)
	at ptolemy.actor.util.CausalityInterfaceForComposites._computeOutputPortDepth(CausalityInterfaceForComposites.java:765)
	at ptolemy.actor.util.CausalityInterfaceForComposites._computeInputDepth(CausalityInterfaceForComposites.java:696)
	at ptolemy.actor.util.CausalityInterfaceForComposites._computeOutputPortDepth(CausalityInterfaceForComposites.java:765)
	at ptolemy.actor.util.CausalityInterfaceForComposites._computeInputDepth(CausalityInterfaceForComposites.java:696)
	at ptolemy.actor.util.CausalityInterfaceForComposites._computeActorDepth(CausalityInterfaceForComposites.java:532)
	at ptolemy.actor.util.CausalityInterfaceForComposites.checkForCycles(CausalityInterfaceForComposites.java:96)
	at ptolemy.domains.de.kernel.DEDirector.preinitialize(DEDirector.java:1338)
	at ptolemy.actor.CompositeActor.preinitialize(CompositeActor.java:1828)
	at ptolemy.actor.Manager.preinitializeAndResolveTypes(Manager.java:1040)
	at ptolemy.actor.Manager.initialize(Manager.java:710)
	at ptolemy.actor.Manager.execute(Manager.java:356)
	at ptolemy.actor.Manager.run(Manager.java:1263)
	at ptolemy.actor.Manager$PtolemyRunThread.run(Manager.java:1915)
java.lang.RuntimeException: Execution failed
	at ptolemy.moml.MoMLSimpleApplication$UnloadThread.run(MoMLSimpleApplication.java:402)
Caused by: ptolemy.kernel.util.IllegalActionException: Test fails in iteration 1.
Value was: 1.0. Should have been: 2.0
  in .DirectFeedback.Test
	at ptolemy.actor.lib.Test.fire(Test.java:268)
	at ptolemy.domains.de.kernel.DEDirector._fire(DEDirector.java:1949)
	at ptolemy.domains.de.kernel.DEDirector.fire(DEDirector.java:502)
	at ptolemy.actor.CompositeActor.fire(CompositeActor.java:455)
	at ptolemy.actor.Manager.iterate(Manager.java:851)
	at ptolemy.actor.Manager.execute(Manager.java:369)
	at ptolemy.actor.Manager.run(Manager.java:1263)
	at ptolemy.actor.Manager$PtolemyRunThread.run(Manager.java:1915)
java.lang.RuntimeException: Execution failed
	at ptolemy.moml.MoMLSimpleApplication$UnloadThread.run(MoMLSimpleApplication.java:402)
Caused by: ptolemy.kernel.util.IllegalActionException: Actor is not ready to fire.  Perhaps UpSample.prefire() returned false? Try debugging the actor by selecting "Listen to Actor".  Also, for SDF check moml for tokenConsumptionRate on input.
  in .DESDFClockTest.Play Bell.Copy1:SDF Director and .DESDFClockTest.Play Bell.UpSample
	at ptolemy.actor.sched.StaticSchedulingDirector.fire(StaticSchedulingDirector.java:227)
	at ptolemy.domains.sdf.kernel.SDFDirector.fire(SDFDirector.java:500)
	at ptolemy.actor.CompositeActor.fire(CompositeActor.java:455)
	at ptolemy.domains.de.kernel.DEDirector._fire(DEDirector.java:1949)
	at ptolemy.domains.de.kernel.DEDirector.fire(DEDirector.java:502)
	at ptolemy.actor.CompositeActor.fire(CompositeActor.java:455)
	at ptolemy.actor.Manager.iterate(Manager.java:851)
	at ptolemy.actor.Manager.execute(Manager.java:369)
	at ptolemy.actor.Manager.run(Manager.java:1263)
	at ptolemy.actor.Manager$PtolemyRunThread.run(Manager.java:1915)
java.lang.reflect.InvocationTargetException
	at sun.reflect.NativeConstructorAccessorImpl.newInstance0(Native Method)
	at sun.reflect.NativeConstructorAccessorImpl.newInstance(NativeConstructorAccessorImpl.java:62)
	at sun.reflect.DelegatingConstructorAccessorImpl.newInstance(DelegatingConstructorAccessorImpl.java:45)
	at java.lang.reflect.Constructor.newInstance(Constructor.java:423)
	at ptolemy.util.test.junit.AutoKnownFailedTests.RunModel(AutoKnownFailedTests.java:107)
	at sun.reflect.NativeMethodAccessorImpl.invoke0(Native Method)
	at sun.reflect.NativeMethodAccessorImpl.invoke(NativeMethodAccessorImpl.java:62)
	at sun.reflect.DelegatingMethodAccessorImpl.invoke(DelegatingMethodAccessorImpl.java:43)
	at java.lang.reflect.Method.invoke(Method.java:498)
	at org.junit.runners.model.FrameworkMethod$1.runReflectiveCall(FrameworkMethod.java:44)
	at org.junit.internal.runners.model.ReflectiveCallable.run(ReflectiveCallable.java:15)
	at org.junit.runners.model.FrameworkMethod.invokeExplosively(FrameworkMethod.java:41)
	at junitparams.internal.InvokeParameterisedMethod.evaluate(InvokeParameterisedMethod.java:102)
	at org.junit.internal.runners.statements.FailOnTimeout$1.run(FailOnTimeout.java:28)
Caused by: ptolemy.kernel.util.IllegalActionException: Actor is not ready to fire.  Perhaps UpSample.prefire() returned false? Try debugging the actor by selecting "Listen to Actor".  Also, for SDF check moml for tokenConsumptionRate on input.
  in .DESDFClockTest.Play Bell.Copy1:SDF Director and .DESDFClockTest.Play Bell.UpSample
	at ptolemy.actor.sched.StaticSchedulingDirector.fire(StaticSchedulingDirector.java:227)
	at ptolemy.domains.sdf.kernel.SDFDirector.fire(SDFDirector.java:500)
	at ptolemy.actor.CompositeActor.fire(CompositeActor.java:455)
	at ptolemy.domains.de.kernel.DEDirector._fire(DEDirector.java:1949)
	at ptolemy.domains.de.kernel.DEDirector.fire(DEDirector.java:502)
	at ptolemy.actor.CompositeActor.fire(CompositeActor.java:455)
	at ptolemy.actor.Manager.iterate(Manager.java:851)
	at ptolemy.actor.Manager.execute(Manager.java:369)
	at ptolemy.actor.Manager.run(Manager.java:1263)
	at ptolemy.actor.Manager$PtolemyRunThread.run(Manager.java:1915)
java.lang.RuntimeException: Execution failed
	at ptolemy.moml.MoMLSimpleApplication$UnloadThread.run(MoMLSimpleApplication.java:402)
Caused by: ptolemy.kernel.util.IllegalActionException: Test fails in iteration 1.
Value was: 1.0. Should have been: 2.0
  in .DirectFeedback.Test
	at ptolemy.actor.lib.Test.fire(Test.java:268)
	at ptolemy.domains.de.kernel.DEDirector._fire(DEDirector.java:1949)
	at ptolemy.domains.de.kernel.DEDirector.fire(DEDirector.java:502)
	at ptolemy.actor.CompositeActor.fire(CompositeActor.java:455)
	at ptolemy.actor.Manager.iterate(Manager.java:851)
	at ptolemy.actor.Manager.execute(Manager.java:369)
	at ptolemy.actor.Manager.run(Manager.java:1263)
	at ptolemy.actor.Manager$PtolemyRunThread.run(Manager.java:1915)
java.lang.reflect.InvocationTargetException
	at sun.reflect.NativeConstructorAccessorImpl.newInstance0(Native Method)
	at sun.reflect.NativeConstructorAccessorImpl.newInstance(NativeConstructorAccessorImpl.java:62)
	at sun.reflect.DelegatingConstructorAccessorImpl.newInstance(DelegatingConstructorAccessorImpl.java:45)
	at java.lang.reflect.Constructor.newInstance(Constructor.java:423)
	at ptolemy.util.test.junit.AutoKnownFailedTests.RunModel(AutoKnownFailedTests.java:107)
	at sun.reflect.NativeMethodAccessorImpl.invoke0(Native Method)
	at sun.reflect.NativeMethodAccessorImpl.invoke(NativeMethodAccessorImpl.java:62)
	at sun.reflect.DelegatingMethodAccessorImpl.invoke(DelegatingMethodAccessorImpl.java:43)
	at java.lang.reflect.Method.invoke(Method.java:498)
	at org.junit.runners.model.FrameworkMethod$1.runReflectiveCall(FrameworkMethod.java:44)
	at org.junit.internal.runners.model.ReflectiveCallable.run(ReflectiveCallable.java:15)
	at org.junit.runners.model.FrameworkMethod.invokeExplosively(FrameworkMethod.java:41)
	at junitparams.internal.InvokeParameterisedMethod.evaluate(InvokeParameterisedMethod.java:102)
	at org.junit.internal.runners.statements.FailOnTimeout$1.run(FailOnTimeout.java:28)
Caused by: ptolemy.kernel.util.IllegalActionException: Test fails in iteration 1.
Value was: 1.0. Should have been: 2.0
  in .DirectFeedback.Test
	at ptolemy.actor.lib.Test.fire(Test.java:268)
	at ptolemy.domains.de.kernel.DEDirector._fire(DEDirector.java:1949)
	at ptolemy.domains.de.kernel.DEDirector.fire(DEDirector.java:502)
	at ptolemy.actor.CompositeActor.fire(CompositeActor.java:455)
	at ptolemy.actor.Manager.iterate(Manager.java:851)
	at ptolemy.actor.Manager.execute(Manager.java:369)
	at ptolemy.actor.Manager.run(Manager.java:1263)
	at ptolemy.actor.Manager$PtolemyRunThread.run(Manager.java:1915)
java.lang.RuntimeException: Execution failed
	at ptolemy.moml.MoMLSimpleApplication$UnloadThread.run(MoMLSimpleApplication.java:402)
Caused by: ptolemy.kernel.util.IllegalActionException: Found a zero delay loop containing .HierarchicalModel.A
  in .HierarchicalModel and .HierarchicalModel.A
	at ptolemy.actor.util.CausalityInterfaceForComposites._computeOutputPortDepth(CausalityInterfaceForComposites.java:759)
	at ptolemy.actor.util.CausalityInterfaceForComposites._computeInputDepth(CausalityInterfaceForComposites.java:696)
	at ptolemy.actor.util.CausalityInterfaceForComposites._computeOutputPortDepth(CausalityInterfaceForComposites.java:765)
	at ptolemy.actor.util.CausalityInterfaceForComposites._computeInputDepth(CausalityInterfaceForComposites.java:696)
	at ptolemy.actor.util.CausalityInterfaceForComposites._computeOutputPortDepth(CausalityInterfaceForComposites.java:765)
	at ptolemy.actor.util.CausalityInterfaceForComposites._computeInputDepth(CausalityInterfaceForComposites.java:696)
	at ptolemy.actor.util.CausalityInterfaceForComposites._computeActorDepth(CausalityInterfaceForComposites.java:532)
	at ptolemy.actor.util.CausalityInterfaceForComposites.checkForCycles(CausalityInterfaceForComposites.java:96)
	at ptolemy.domains.de.kernel.DEDirector.preinitialize(DEDirector.java:1338)
	at ptolemy.actor.CompositeActor.preinitialize(CompositeActor.java:1828)
	at ptolemy.actor.Manager.preinitializeAndResolveTypes(Manager.java:1040)
	at ptolemy.actor.Manager.initialize(Manager.java:710)
	at ptolemy.actor.Manager.execute(Manager.java:356)
	at ptolemy.actor.Manager.run(Manager.java:1263)
	at ptolemy.actor.Manager$PtolemyRunThread.run(Manager.java:1915)
java.lang.reflect.InvocationTargetException
	at sun.reflect.NativeConstructorAccessorImpl.newInstance0(Native Method)
	at sun.reflect.NativeConstructorAccessorImpl.newInstance(NativeConstructorAccessorImpl.java:62)
	at sun.reflect.DelegatingConstructorAccessorImpl.newInstance(DelegatingConstructorAccessorImpl.java:45)
	at java.lang.reflect.Constructor.newInstance(Constructor.java:423)
	at ptolemy.util.test.junit.AutoKnownFailedTests.RunModel(AutoKnownFailedTests.java:107)
	at sun.reflect.NativeMethodAccessorImpl.invoke0(Native Method)
	at sun.reflect.NativeMethodAccessorImpl.invoke(NativeMethodAccessorImpl.java:62)
	at sun.reflect.DelegatingMethodAccessorImpl.invoke(DelegatingMethodAccessorImpl.java:43)
	at java.lang.reflect.Method.invoke(Method.java:498)
	at org.junit.runners.model.FrameworkMethod$1.runReflectiveCall(FrameworkMethod.java:44)
	at org.junit.internal.runners.model.ReflectiveCallable.run(ReflectiveCallable.java:15)
	at org.junit.runners.model.FrameworkMethod.invokeExplosively(FrameworkMethod.java:41)
	at junitparams.internal.InvokeParameterisedMethod.evaluate(InvokeParameterisedMethod.java:102)
	at org.junit.internal.runners.statements.FailOnTimeout$1.run(FailOnTimeout.java:28)
Caused by: ptolemy.kernel.util.IllegalActionException: Found a zero delay loop containing .HierarchicalModel.A
  in .HierarchicalModel and .HierarchicalModel.A
	at ptolemy.actor.util.CausalityInterfaceForComposites._computeOutputPortDepth(CausalityInterfaceForComposites.java:759)
	at ptolemy.actor.util.CausalityInterfaceForComposites._computeInputDepth(CausalityInterfaceForComposites.java:696)
	at ptolemy.actor.util.CausalityInterfaceForComposites._computeOutputPortDepth(CausalityInterfaceForComposites.java:765)
	at ptolemy.actor.util.CausalityInterfaceForComposites._computeInputDepth(CausalityInterfaceForComposites.java:696)
	at ptolemy.actor.util.CausalityInterfaceForComposites._computeOutputPortDepth(CausalityInterfaceForComposites.java:765)
	at ptolemy.actor.util.CausalityInterfaceForComposites._computeInputDepth(CausalityInterfaceForComposites.java:696)
	at ptolemy.actor.util.CausalityInterfaceForComposites._computeActorDepth(CausalityInterfaceForComposites.java:532)
	at ptolemy.actor.util.CausalityInterfaceForComposites.checkForCycles(CausalityInterfaceForComposites.java:96)
	at ptolemy.domains.de.kernel.DEDirector.preinitialize(DEDirector.java:1338)
	at ptolemy.actor.CompositeActor.preinitialize(CompositeActor.java:1828)
	at ptolemy.actor.Manager.preinitializeAndResolveTypes(Manager.java:1040)
	at ptolemy.actor.Manager.initialize(Manager.java:710)
	at ptolemy.actor.Manager.execute(Manager.java:356)
	at ptolemy.actor.Manager.run(Manager.java:1263)
	at ptolemy.actor.Manager$PtolemyRunThread.run(Manager.java:1915)
java.lang.RuntimeException: Execution failed
	at ptolemy.moml.MoMLSimpleApplication$UnloadThread.run(MoMLSimpleApplication.java:402)
Caused by: ptolemy.kernel.util.IllegalActionException: Found a zero delay loop containing .dependencyLoop.original
  in .dependencyLoop and .dependencyLoop.original
	at ptolemy.actor.util.CausalityInterfaceForComposites._computeOutputPortDepth(CausalityInterfaceForComposites.java:759)
	at ptolemy.actor.util.CausalityInterfaceForComposites._computeInputDepth(CausalityInterfaceForComposites.java:696)
	at ptolemy.actor.util.CausalityInterfaceForComposites._computeOutputPortDepth(CausalityInterfaceForComposites.java:765)
	at ptolemy.actor.util.CausalityInterfaceForComposites._computeInputDepth(CausalityInterfaceForComposites.java:696)
	at ptolemy.actor.util.CausalityInterfaceForComposites._computeOutputPortDepth(CausalityInterfaceForComposites.java:765)
	at ptolemy.actor.util.CausalityInterfaceForComposites._computeInputDepth(CausalityInterfaceForComposites.java:696)
	at ptolemy.actor.util.CausalityInterfaceForComposites._computeActorDepth(CausalityInterfaceForComposites.java:532)
	at ptolemy.actor.util.CausalityInterfaceForComposites.checkForCycles(CausalityInterfaceForComposites.java:96)
	at ptolemy.domains.de.kernel.DEDirector.preinitialize(DEDirector.java:1338)
	at ptolemy.actor.CompositeActor.preinitialize(CompositeActor.java:1828)
	at ptolemy.actor.Manager.preinitializeAndResolveTypes(Manager.java:1040)
	at ptolemy.actor.Manager.initialize(Manager.java:710)
	at ptolemy.actor.Manager.execute(Manager.java:356)
	at ptolemy.actor.Manager.run(Manager.java:1263)
	at ptolemy.actor.Manager$PtolemyRunThread.run(Manager.java:1915)
java.lang.reflect.InvocationTargetException
	at sun.reflect.NativeConstructorAccessorImpl.newInstance0(Native Method)
	at sun.reflect.NativeConstructorAccessorImpl.newInstance(NativeConstructorAccessorImpl.java:62)
	at sun.reflect.DelegatingConstructorAccessorImpl.newInstance(DelegatingConstructorAccessorImpl.java:45)
	at java.lang.reflect.Constructor.newInstance(Constructor.java:423)
	at ptolemy.util.test.junit.AutoKnownFailedTests.RunModel(AutoKnownFailedTests.java:107)
	at sun.reflect.NativeMethodAccessorImpl.invoke0(Native Method)
	at sun.reflect.NativeMethodAccessorImpl.invoke(NativeMethodAccessorImpl.java:62)
	at sun.reflect.DelegatingMethodAccessorImpl.invoke(DelegatingMethodAccessorImpl.java:43)
	at java.lang.reflect.Method.invoke(Method.java:498)
	at org.junit.runners.model.FrameworkMethod$1.runReflectiveCall(FrameworkMethod.java:44)
	at org.junit.internal.runners.model.ReflectiveCallable.run(ReflectiveCallable.java:15)
	at org.junit.runners.model.FrameworkMethod.invokeExplosively(FrameworkMethod.java:41)
	at junitparams.internal.InvokeParameterisedMethod.evaluate(InvokeParameterisedMethod.java:102)
	at org.junit.internal.runners.statements.FailOnTimeout$1.run(FailOnTimeout.java:28)
Caused by: ptolemy.kernel.util.IllegalActionException: Found a zero delay loop containing .dependencyLoop.original
  in .dependencyLoop and .dependencyLoop.original
	at ptolemy.actor.util.CausalityInterfaceForComposites._computeOutputPortDepth(CausalityInterfaceForComposites.java:759)
	at ptolemy.actor.util.CausalityInterfaceForComposites._computeInputDepth(CausalityInterfaceForComposites.java:696)
	at ptolemy.actor.util.CausalityInterfaceForComposites._computeOutputPortDepth(CausalityInterfaceForComposites.java:765)
	at ptolemy.actor.util.CausalityInterfaceForComposites._computeInputDepth(CausalityInterfaceForComposites.java:696)
	at ptolemy.actor.util.CausalityInterfaceForComposites._computeOutputPortDepth(CausalityInterfaceForComposites.java:765)
	at ptolemy.actor.util.CausalityInterfaceForComposites._computeInputDepth(CausalityInterfaceForComposites.java:696)
	at ptolemy.actor.util.CausalityInterfaceForComposites._computeActorDepth(CausalityInterfaceForComposites.java:532)
	at ptolemy.actor.util.CausalityInterfaceForComposites.checkForCycles(CausalityInterfaceForComposites.java:96)
	at ptolemy.domains.de.kernel.DEDirector.preinitialize(DEDirector.java:1338)
	at ptolemy.actor.CompositeActor.preinitialize(CompositeActor.java:1828)
	at ptolemy.actor.Manager.preinitializeAndResolveTypes(Manager.java:1040)
	at ptolemy.actor.Manager.initialize(Manager.java:710)
	at ptolemy.actor.Manager.execute(Manager.java:356)
	at ptolemy.actor.Manager.run(Manager.java:1263)
	at ptolemy.actor.Manager$PtolemyRunThread.run(Manager.java:1915)
java.lang.RuntimeException: Execution failed
	at ptolemy.moml.MoMLSimpleApplication$UnloadThread.run(MoMLSimpleApplication.java:402)
Caused by: ptolemy.kernel.util.IllegalActionException: Found a zero delay loop containing .dependencyLoop2.original
  in .dependencyLoop2 and .dependencyLoop2.original
	at ptolemy.actor.util.CausalityInterfaceForComposites._computeOutputPortDepth(CausalityInterfaceForComposites.java:759)
	at ptolemy.actor.util.CausalityInterfaceForComposites._computeInputDepth(CausalityInterfaceForComposites.java:696)
	at ptolemy.actor.util.CausalityInterfaceForComposites._computeOutputPortDepth(CausalityInterfaceForComposites.java:765)
	at ptolemy.actor.util.CausalityInterfaceForComposites._computeInputDepth(CausalityInterfaceForComposites.java:696)
	at ptolemy.actor.util.CausalityInterfaceForComposites._computeOutputPortDepth(CausalityInterfaceForComposites.java:765)
	at ptolemy.actor.util.CausalityInterfaceForComposites._computeInputDepth(CausalityInterfaceForComposites.java:696)
	at ptolemy.actor.util.CausalityInterfaceForComposites._computeActorDepth(CausalityInterfaceForComposites.java:532)
	at ptolemy.actor.util.CausalityInterfaceForComposites.checkForCycles(CausalityInterfaceForComposites.java:96)
	at ptolemy.domains.de.kernel.DEDirector.preinitialize(DEDirector.java:1338)
	at ptolemy.actor.CompositeActor.preinitialize(CompositeActor.java:1828)
	at ptolemy.actor.Manager.preinitializeAndResolveTypes(Manager.java:1040)
	at ptolemy.actor.Manager.initialize(Manager.java:710)
	at ptolemy.actor.Manager.execute(Manager.java:356)
	at ptolemy.actor.Manager.run(Manager.java:1263)
	at ptolemy.actor.Manager$PtolemyRunThread.run(Manager.java:1915)
java.lang.reflect.InvocationTargetException
	at sun.reflect.NativeConstructorAccessorImpl.newInstance0(Native Method)
	at sun.reflect.NativeConstructorAccessorImpl.newInstance(NativeConstructorAccessorImpl.java:62)
	at sun.reflect.DelegatingConstructorAccessorImpl.newInstance(DelegatingConstructorAccessorImpl.java:45)
	at java.lang.reflect.Constructor.newInstance(Constructor.java:423)
	at ptolemy.util.test.junit.AutoKnownFailedTests.RunModel(AutoKnownFailedTests.java:107)
	at sun.reflect.NativeMethodAccessorImpl.invoke0(Native Method)
	at sun.reflect.NativeMethodAccessorImpl.invoke(NativeMethodAccessorImpl.java:62)
	at sun.reflect.DelegatingMethodAccessorImpl.invoke(DelegatingMethodAccessorImpl.java:43)
	at java.lang.reflect.Method.invoke(Method.java:498)
	at org.junit.runners.model.FrameworkMethod$1.runReflectiveCall(FrameworkMethod.java:44)
	at org.junit.internal.runners.model.ReflectiveCallable.run(ReflectiveCallable.java:15)
	at org.junit.runners.model.FrameworkMethod.invokeExplosively(FrameworkMethod.java:41)
	at junitparams.internal.InvokeParameterisedMethod.evaluate(InvokeParameterisedMethod.java:102)
	at org.junit.internal.runners.statements.FailOnTimeout$1.run(FailOnTimeout.java:28)
Caused by: ptolemy.kernel.util.IllegalActionException: Found a zero delay loop containing .dependencyLoop2.original
  in .dependencyLoop2 and .dependencyLoop2.original
	at ptolemy.actor.util.CausalityInterfaceForComposites._computeOutputPortDepth(CausalityInterfaceForComposites.java:759)
	at ptolemy.actor.util.CausalityInterfaceForComposites._computeInputDepth(CausalityInterfaceForComposites.java:696)
	at ptolemy.actor.util.CausalityInterfaceForComposites._computeOutputPortDepth(CausalityInterfaceForComposites.java:765)
	at ptolemy.actor.util.CausalityInterfaceForComposites._computeInputDepth(CausalityInterfaceForComposites.java:696)
	at ptolemy.actor.util.CausalityInterfaceForComposites._computeOutputPortDepth(CausalityInterfaceForComposites.java:765)
	at ptolemy.actor.util.CausalityInterfaceForComposites._computeInputDepth(CausalityInterfaceForComposites.java:696)
	at ptolemy.actor.util.CausalityInterfaceForComposites._computeActorDepth(CausalityInterfaceForComposites.java:532)
	at ptolemy.actor.util.CausalityInterfaceForComposites.checkForCycles(CausalityInterfaceForComposites.java:96)
	at ptolemy.domains.de.kernel.DEDirector.preinitialize(DEDirector.java:1338)
	at ptolemy.actor.CompositeActor.preinitialize(CompositeActor.java:1828)
	at ptolemy.actor.Manager.preinitializeAndResolveTypes(Manager.java:1040)
	at ptolemy.actor.Manager.initialize(Manager.java:710)
	at ptolemy.actor.Manager.execute(Manager.java:356)
	at ptolemy.actor.Manager.run(Manager.java:1263)
	at ptolemy.actor.Manager$PtolemyRunThread.run(Manager.java:1915)
]]></system-err>
</testsuite>
