<?xml version="1.0" encoding="UTF-8" ?>
<testsuite errors="0" failures="0" hostname="travis-job-0a1434a6-8a1f-46e0-b8c9-7f998b797ff0" name="ptolemy.actor.lib.test.junit.JUnitTclTest" skipped="0" tests="517" time="65.435" timestamp="2018-06-14T22:45:05">
  <properties>
    <property name="npm.executable" value="npm" />
    <property name="file.encoding.pkg" value="sun.io" />
    <property name="ptII.mk.exists" value="true" />
    <property name="env.rvm_bin_path" value="/home/travis/.rvm/bin" />
    <property name="java.home" value="/usr/lib/jvm/java-8-oracle/jre" />
    <property name="env.TRAVIS_JOB_NUMBER" value="585.7" />
    <property name="env.DISPLAY" value=":99.0" />
    <property name="java.net.preferIPv4Stack" value="true" />
    <property name="env.SSH_TTY" value="/dev/pts/0" />
    <property name="env.RUN_TESTS" value="true" />
    <property name="timeout.short" value="1000000" />
    <property name="env.TRAVIS_STACK_NODE_ATTRIBUTES" value="/.node-attributes.yml" />
    <property name="junit.formatter" value="xml" />
    <property name="java.endorsed.dirs" value="/usr/lib/jvm/java-8-oracle/jre/lib/endorsed" />
    <property name="env.TRAVIS_SUDO" value="true" />
    <property name="env.LOGNAME" value="travis" />
    <property name="env.PT_TRAVIS_TEST_CORE1_XML" value="true" />
    <property name="jsdoc.home" value="node_modules/@terraswarm/jsdoc" />
    <property name="debuglevel" value="source,lines,vars" />
    <property name="checkstyle.formatter" value="xml" />
    <property name="bin.vergil.makeable" value="true" />
    <property name="env._system_version" value="14.04" />
    <property name="sun.os.patch.level" value="unknown" />
    <property name="java.vendor.url" value="http://java.oracle.com/" />
    <property name="java.version" value="1.8.0_151" />
    <property name="env.TZ" value="UTC" />
    <property name="env.PT_NO_NET" value="true" />
    <property name="env.TRAVIS_PULL_REQUEST_SHA" value="" />
    <property name="env.TRAVIS_SECURE_ENV_VARS" value="true" />
    <property name="env._system_type" value="Linux" />
    <property name="java.vendor.url.bug" value="http://bugreport.sun.com/bugreport/" />
    <property name="env.SSH_CLIENT" value="10.10.4.27 39576 22" />
    <property name="npmjs-org-is-up" value="true" />
    <property name="env.GEM_HOME" value="/home/travis/.rvm/gems/ruby-2.4.1" />
    <property name="env.HAS_ANTARES_THREE_LITTLE_FRONZIES_BADGE" value="true" />
    <property name="env.PS4" value="+" />
    <property name="ant.project.invoked-targets" value="build,test.core1.xml" />
    <property name="env.TRAVIS_PULL_REQUEST_BRANCH" value="" />
    <property name="env.TRAVIS_REPO_SLUG" value="icyphy/ptII" />
    <property name="node.in.path" value="true" />
    <property name="java.maxmemory" value="1400m" />
    <property name="env.RUBY_VERSION" value="ruby-2.4.1" />
    <property name="user.name" value="travis" />
    <property name="env.LANG" value="en_US.UTF-8" />
    <property name="sun.io.unicode.encoding" value="UnicodeLittle" />
    <property name="sun.jnu.encoding" value="UTF-8" />
    <property name="java.runtime.name" value="Java(TM) SE Runtime Environment" />
    <property name="usefile" value="false" />
    <property name="return.code" value="0" />
    <property name="junit.single.formatter" value="plain" />
    <property name="env.DYLD_LIBRARY_PATH" value="/home/travis/pthla/certi-tools/lib:" />
    <property name="env.DEBIAN_FRONTEND" value="noninteractive" />
    <property name="env.SSH_CONNECTION" value="10.10.4.27 39576 10.20.1.133 22" />
    <property name="env.MYSQL_UNIX_PORT" value="/var/run/mysqld/mysqld.sock" />
    <property name="env.TRAVIS_ALLOW_FAILURE" value="false" />
    <property name="env.LC_ALL" value="en_US.UTF-8" />
    <property name="java.specification.name" value="Java Platform API Specification" />
    <property name="node.works" value="true" />
    <property name="user.timezone" value="" />
    <property name="path.separator" value=":" />
    <property name="env.PYTHON_CFLAGS" value="-g -fstack-protector --param=ssp-buffer-size=4 -Wformat -Werror=format-security" />
    <property name="timeout.long" value="4000000" />
    <property name="env.CERTI_HOME" value="/home/travis/pthla/certi-tools" />
    <property name="file.encoding" value="UTF-8" />
    <property name="ant.file.ptII" value="/home/travis/build/icyphy/ptII/build.xml" />
    <property name="javadoc.packagenames" value="com.*,diva.*,lbnl.*,org.hlacerti.*,org.json.*,org.ptolemy.*,org.terraswarm.*,ptolemy.*,ptserver.*" />
    <property name="env.TRAVIS_PULL_REQUEST_SLUG" value="" />
    <property name="ant.project.default-target" value="build" />
    <property name="env.GIT_ASKPASS" value="echo" />
    <property name="env.HOME" value="/home/travis" />
    <property name="sun.java.command" value="org.apache.tools.ant.taskdefs.optional.junit.JUnitTestRunner ptolemy.actor.lib.test.junit.JUnitTclTest skipNonTests=false filtertrace=true haltOnError=false haltOnFailure=false formatter=org.apache.tools.ant.taskdefs.optional.junit.OutErrSummaryJUnitResultFormatter showoutput=true outputtoformatters=true logfailedtests=true threadid=0 logtestlistenerevents=false formatter=org.apache.tools.ant.taskdefs.optional.junit.XMLJUnitResultFormatter,/home/travis/build/icyphy/ptII/reports/junit/TEST-ptolemy.actor.lib.test.junit.JUnitTclTest.xml crashfile=/home/travis/build/icyphy/ptII/junitvmwatcher6871556704631608947.properties propsfile=/home/travis/build/icyphy/ptII/junit1553768924871034270.properties" />
    <property name="env.MANPATH" value="/home/travis/.nvm/versions/node/v7.10.1/share/man:/home/travis/.kiex/elixirs/elixir-1.4.5/man:/home/travis/.rvm/rubies/ruby-2.4.1/share/man:/usr/local/man:/usr/local/cmake-3.9.2/man:/usr/local/clang-5.0.0/share/man:/usr/local/share/man:/usr/share/man:/home/travis/.rvm/man" />
    <property name="env.COMPOSER_NO_INTERACTION" value="1" />
    <property name="env.JDK_SWITCHER_DEFAULT" value="oraclejdk8" />
    <property name="ant.file" value="/home/travis/build/icyphy/ptII/build.xml" />
    <property name="env.TRAVIS_COMMIT_RANGE" value="8eefd1047c97...8271c632ce1f" />
    <property name="env._system_name" value="Ubuntu" />
    <property name="timeout" value="2400000" />
    <property name="ptII.classpath.optional.property" value="/home/travis/build/icyphy/ptII/lib/bsh-2.0b4.jar:/home/travis/build/icyphy/ptII/lib/ptCal.jar:/home/travis/build/icyphy/ptII/lib/java_cup.jar:/home/travis/build/icyphy/ptII/lib/saxon8.jar:/home/travis/build/icyphy/ptII/lib/saxon8-dom.jar:/home/travis/build/icyphy/ptII/lib/chic.jar:/home/travis/build/icyphy/ptII/lib/ptcolt.jar:/usr/lib/jvm/java-8-oracle/lib/tools.jar:/usr/lib/eclipse/plugins/org.eclipse.jdt.core_3.8.2.dist.jar:/usr/lib/eclipse/plugins/org.eclipse.core.runtime_3.8.0.dist.jar:/usr/lib/eclipse/plugins/org.eclipse.osgi_3.8.1.dist.jar:/usr/lib/eclipse/plugins/org.eclipse.core.resources_3.8.1.dist.jar:/usr/lib/eclipse/plugins/org.eclipse.equinox.common_3.6.100.dist.jar:/usr/lib/eclipse/plugins/org.eclipse.core.jobs_3.5.200.dist.jar:/usr/lib/eclipse/plugins/org.eclipse.core.contenttype_3.4.200.dist.jar:/usr/lib/eclipse/plugins/org.eclipse.equinox.preferences_3.5.0.dist.jar:/usr/lib/eclipse/plugins/org.eclipse.text_3.5.200.dist.jar:/usr/lib/eclipse/plugins/org.eclipse.ui.workbench_3.8.1.dist.jar:/usr/lib/eclipse/plugins/org.eclipse.jface_3.8.0.dist.jar:/usr/lib/eclipse/plugins/org.eclipse.swt_3.8.2.jar:/usr/lib/eclipse/plugins/org.eclipse.jface.text_3.8.1.dist.jar:/usr/lib/eclipse/plugins/org.eclipse.ui.workbench.texteditor_3.8.0.dist.jar:/usr/lib/eclipse/plugins/org.eclipse.ui.editors_3.8.0.dist.jar:/usr/lib/eclipse/plugins/org.eclipse.core.commands_3.6.1.dist.jar:/usr/lib/eclipse/plugins/org.eclipse.equinox.registry_3.5.200.dist.jar:/usr/lib/eclipse/plugins/org.eclipse.ui.console_3.5.100.dist.jar:/usr/lib/eclipse/plugins/org.eclipse.ui.forms_3.5.200.dist.jar:/usr/lib/eclipse/plugins/org.eclipse.ui.ide_3.8.1.dist.jar:/home/travis/build/icyphy/ptII/vendors/oracle/dbxml.jar:/home/travis/build/icyphy/ptII/vendors/oracle/db.jar:/home/travis/build/icyphy/ptII/vendors/misc/itext/iText.jar:/home/travis/build/icyphy/ptII/lib/g4ltl.jar:/home/travis/build/icyphy/ptII/lib/StructuralCoder.jar:/home/travis/build/icyphy/ptII/lib/org-openide-util.jar:/home/travis/build/icyphy/ptII/lib/org-openide-util-lookup.jar:/home/travis/build/icyphy/ptII/lib/org-netbeans-api-visual.jar:/home/travis/build/icyphy/ptII/vendors/jai-1_1_2_01/lib/jai_core.jar:/home/travis/build/icyphy/ptII/vendors/jai-1_1_2_01/lib/jai_codec.jar:/home/travis/build/icyphy/ptII/lib/jcerti.jar:/home/travis/build/icyphy/ptII/lib/smack.jar:/home/travis/build/icyphy/ptII/lib/smackx.jar:/home/travis/build/icyphy/ptII/lib/jetty-all-8.1.5-v20120716.jar:/home/travis/build/icyphy/ptII/lib/javax.servlet-api-3.0.1.jar:/home/travis/build/icyphy/ptII/lib/javax.mail.jar:/home/travis/build/icyphy/ptII/vendors/JMF-2.1.1e/lib/jmf.jar:/home/travis/build/icyphy/ptII/lib/jna-4.0.0-variadic.jar:/home/travis/build/icyphy/ptII/vendors/misc/joystick/Joystick.jar:/home/travis/build/icyphy/ptII/lib/ptjacl.jar:/home/travis/build/icyphy/ptII/lib/jsoup-1.8.2.jar:/home/travis/build/icyphy/ptII/lib/junit-4.8.2.jar:/home/travis/build/icyphy/ptII/lib/JUnitParams-0.4.0.jar:/home/travis/build/icyphy/ptII/ptolemy/actor/lib/excel/jxl.jar:/home/travis/build/icyphy/ptII/lib/jython.jar:/home/travis/build/icyphy/ptII/lib/kieler.jar:/home/travis/build/icyphy/ptII/vendors/opencv/share/OpenCV/java/opencv-341.jar:/home/travis/build/icyphy/ptII/lib/oscP5.jar:/home/travis/build/icyphy/ptII/lib/nrjavaserial-3.11.0.devel.jar:/home/travis/build/icyphy/ptII/vendors/j3d/lib/j3dcore.jar:/home/travis/build/icyphy/ptII/vendors/j3d/lib/j3dutils.jar:/home/travis/build/icyphy/ptII/vendors/j3d/lib/vecmath.jar:/home/travis/build/icyphy/ptII/ptolemy/distributed/jini/jar/jini-core.jar:/home/travis/build/icyphy/ptII/ptolemy/distributed/jini/jar/jini-ext.jar:/home/travis/build/icyphy/ptII/ptolemy/distributed/jini/jar/sun-util.jar:/home/travis/build/icyphy/ptII/lib/protobuf-java-2.4.1.jar:/home/travis/build/icyphy/ptII/lib/org.eclipse.paho.client.mqttv3.jar:/home/travis/build/icyphy/ptII/ptserver/lib/hessian-4.0.7.jar:/home/travis/build/icyphy/ptII/ptserver/lib/wmqtt.jar:/home/travis/build/icyphy/ptII/lib/mapss.jar:/home/travis/build/icyphy/ptII/ptolemy/actor/ptalon/antlr/antlr.jar:/home/travis/build/icyphy/ptII/lib/JRI.jar:/home/travis/build/icyphy/ptII/lib/commons-lang-2.6.jar:/home/travis/build/icyphy/ptII/lib/commons-logging-1.1.1.jar:/home/travis/build/icyphy/ptII/lib/sootclasses.jar:/home/travis/build/icyphy/ptII/ptolemy/actor/lib/database/mysql-connector-java-5.1.6-bin.jar:/home/travis/build/icyphy/ptII/vendors/misc/sphinx4/sphinx4-data-5prealpha.jar:/home/travis/build/icyphy/ptII/vendors/misc/sphinx4/sphinx4-core-5prealpha.jar:/home/travis/build/icyphy/ptII/lib/PDFRenderer.jar:/home/travis/build/icyphy/ptII/lib/svgSalamander.jar:/home/travis/build/icyphy/ptII/lib/rsyntaxtextarea-2.6.0-SNAPSHOT.jar:/home/travis/build/icyphy/ptII/lib/hazelcast-3.8.2.jar:/home/travis/build/icyphy/ptII/lib/jackson-annotations-2.9.0.jar:/home/travis/build/icyphy/ptII/lib/jackson-core-2.9.3.jar:/home/travis/build/icyphy/ptII/lib/jackson-databind-2.9.3.jar:/home/travis/build/icyphy/ptII/lib/netty-buffer-4.1.19.Final.jar:/home/travis/build/icyphy/ptII/lib/netty-codec-4.1.19.Final.jar:/home/travis/build/icyphy/ptII/lib/netty-codec-dns-4.1.19.Final.jar:/home/travis/build/icyphy/ptII/lib/netty-codec-http-4.1.19.Final.jar:/home/travis/build/icyphy/ptII/lib/netty-codec-http2-4.1.19.Final.jar:/home/travis/build/icyphy/ptII/lib/netty-common-4.1.19.Final.jar:/home/travis/build/icyphy/ptII/lib/netty-handler-4.1.19.Final.jar:/home/travis/build/icyphy/ptII/lib/netty-resolver-4.1.19.Final.jar:/home/travis/build/icyphy/ptII/lib/netty-resolver-dns-4.1.19.Final.jar:/home/travis/build/icyphy/ptII/lib/netty-transport-4.1.19.Final.jar:/home/travis/build/icyphy/ptII/lib/vertx-codegen-3.5.1.jar:/home/travis/build/icyphy/ptII/lib/vertx-core-3.5.2-SNAPSHOT.jar:/home/travis/build/icyphy/ptII/lib/vertx-hazelcast-3.5.1.jar:/home/travis/build/icyphy/ptII/lib/vertx-lang-js-3.5.1.jar:/home/travis/build/icyphy/ptII/lib/vertx-service-proxy-3.5.1.jar:/home/travis/build/icyphy/ptII/lib/vertx-web-3.5.1.jar:/home/travis/build/icyphy/ptII/lib/slf4j-api-1.7.13.jar:/home/travis/build/icyphy/ptII/lib/slf4j-simple-1.7.13.jar:/home/travis/build/icyphy/ptII/lib/webcam-capture-0.3.12.jar:/home/travis/build/icyphy/ptII/lib/bridj-0.7.0.jar:/home/travis/build/icyphy/ptII/lib/xbjlib-1.1.0.nrjavaserial.jar" />
    <property name="test.batch" value="**/junit/*.java" />
    <property name="env._" value="/usr/bin/timeout" />
    <property name="java.io.tmpdir" value="/tmp" />
    <property name="user.language" value="en" />
    <property name="env.HISTCONTROL" value="ignoredups:ignorespace" />
    <property name="env.GOROOT" value="/home/travis/.gimme/versions/go1.7.4.linux.amd64" />
    <property name="line.separator" value="&#xa;" />
    <property name="target" value="1.8" />
    <property name="env.TRAVIS_BUILD_DIR" value="/home/travis/build/icyphy/ptII" />
    <property name="env.ANT_OPTS" value="-Xmx2048m" />
    <property name="ant.file.type" value="file" />
    <property name="ptolemy.ptII.batchMode" value="true" />
    <property name="env.HISTSIZE" value="1000" />
    <property name="env.MERB_ENV" value="test" />
    <property name="java.vm.info" value="mixed mode" />
    <property name="source" value="1.8" />
    <property name="java.vm.specification.name" value="Java Virtual Machine Specification" />
    <property name="env.TRAVIS_TEST_RESULT" value="0" />
    <property name="jsdoc.command" value="node_modules/@terraswarm/jsdoc/jsdoc.js" />
    <property name="npm.works" value="true" />
    <property name="cobertura.dir" value="/home/travis/build/icyphy/ptII/vendors/cobertura-2.0.3" />
    <property name="env.rvm_path" value="/home/travis/.rvm" />
    <property name="env.GEM_PATH" value="/home/travis/.rvm/gems/ruby-2.4.1:/home/travis/.rvm/gems/ruby-2.4.1@global" />
    <property name="env.LC_CTYPE" value="en_US.UTF-8" />
    <property name="java.awt.printerjob" value="sun.print.PSPrinterJob" />
    <property name="env.TRAVIS_STACK_NAME" value="garnet" />
    <property name="ant.version" value="Apache Ant(TM) version 1.10.1 compiled on February 2 2017" />
    <property name="ptII.reports" value="/home/travis/build/icyphy/ptII/reports" />
    <property name="env.TRAVIS_STACK_TIMESTAMP" value="2017-12-05 19:33:09 UTC" />
    <property name="ant.file.type.ptII" value="file" />
    <property name="env.RBENV_SHELL" value="bash" />
    <property name="os.name" value="Linux" />
    <property name="java.specification.vendor" value="Oracle Corporation" />
    <property name="env.rvm_version" value="1.29.3 (latest)" />
    <property name="env.TERM" value="xterm" />
    <property name="java.vm.name" value="Java HotSpot(TM) 64-Bit Server VM" />
    <property name="env.TRAVIS_BUILD_NUMBER" value="585" />
    <property name="env.CI" value="true" />
    <property name="java.library.path" value="/home/travis/pthla/certi-tools/lib:/usr/lib/jni:/usr/local/share/OpenCV/java/:/usr/share/OpenCV/java::/usr/java/packages/lib/amd64:/usr/lib64:/lib64:/lib:/usr/lib" />
    <property name="env.rvm_prefix" value="/home/travis" />
    <property name="env.PATH" value="/home/travis/pthla/certi-tools/share/scripts:/home/travis/.rvm/gems/ruby-2.4.1/bin:/home/travis/.rvm/gems/ruby-2.4.1@global/bin:/home/travis/.rvm/rubies/ruby-2.4.1/bin:/home/travis/.rvm/bin:/home/travis/.nvm/versions/node/v7.10.1/bin:./node_modules/.bin:/home/travis/build/icyphy/ptII/bin:/home/travis/pthla/certi-tools/bin:/home/travis/bin:/home/travis/.local/bin:/opt/pyenv/shims:/home/travis/.phpenv/shims:/home/travis/perl5/perlbrew/bin:/home/travis/.kiex/elixirs/elixir-1.4.5/bin:/home/travis/.kiex/bin:/home/travis/gopath/bin:/home/travis/.gimme/versions/go1.7.4.linux.amd64/bin:/usr/local/phantomjs/bin:/usr/local/phantomjs:/usr/local/neo4j-3.2.7/bin:/usr/local/maven-3.5.2/bin:/usr/local/cmake-3.9.2/bin:/usr/local/clang-5.0.0/bin:/usr/local/sbin:/usr/local/bin:/usr/sbin:/usr/bin:/sbin:/bin:/home/travis/.phpenv/bin:/opt/pyenv/bin:/home/travis/.yarn/bin" />
    <property name="env.TRAVIS_OS_NAME" value="linux" />
    <property name="ant.java.version" value="1.8" />
    <property name="basedir" value="/home/travis/build/icyphy/ptII" />
    <property name="java.class.version" value="52.0" />
    <property name="env.SHLVL" value="3" />
    <property name="env.LD_LIBRARY_PATH" value="/home/travis/pthla/certi-tools/lib:/usr/lib/jni:/usr/local/share/OpenCV/java/:/usr/share/OpenCV/java:" />
    <property name="env.RACK_ENV" value="test" />
    <property name="ant.home" value="/home/travis/build/icyphy/ptII/ant" />
    <property name="env.NVM_DIR" value="/home/travis/.nvm" />
    <property name="env.PERLBREW_BASHRC_VERSION" value="0.80" />
    <property name="env.CERTI_FOM_PATH" value="/home/travis/pthla/certi-tools/share/federations" />
    <property name="env.TRAVIS_BUILD_ID" value="392474776" />
    <property name="env.PYENV_ROOT" value="/opt/pyenv" />
    <property name="env.TRAVIS_UID" value="2000" />
    <property name="env.rvm_pretty_print_flag" value="auto" />
    <property name="env.NVM_BIN" value="/home/travis/.nvm/versions/node/v7.10.1/bin" />
    <property name="env.TRAVIS_COMMIT" value="8271c632ce1fb07f952470e0f8469d23258293e2" />
    <property name="env._system_arch" value="x86_64" />
    <property name="node.executable" value="node" />
    <property name="sun.boot.library.path" value="/usr/lib/jvm/java-8-oracle/jre/lib/amd64" />
    <property name="sun.management.compiler" value="HotSpot 64-Bit Tiered Compilers" />
    <property name="env.GOPATH" value="/home/travis/gopath" />
    <property name="java.awt.graphicsenv" value="sun.awt.X11GraphicsEnvironment" />
    <property name="ptolemy.ptII.dir" value="/home/travis/build/icyphy/ptII" />
    <property name="env.USER" value="travis" />
    <property name="env.HISTFILESIZE" value="2000" />
    <property name="timeout.longest" value="19000000" />
    <property name="env.TRAVIS_STACK_FEATURES" value="basic cassandra chromium couchdb disabled-ipv6 docker docker-compose elasticsearch firefox go-toolchain google-chrome jdk memcached mongodb mysql neo4j nodejs_interpreter perl_interpreter perlbrew phantomjs postgresql python_interpreter rabbitmq redis riak ruby_interpreter sqlite xserver" />
    <property name="env.TRAVIS_PULL_REQUEST" value="false" />
    <property name="env.PYENV_SHELL" value="bash" />
    <property name="ant.project.name" value="ptII" />
    <property name="java.vm.specification.version" value="1.8" />
    <property name="env.CERTI_VERSION" value="4.0.0" />
    <property name="env.NLSPATH" value="/usr/dt/lib/nls/msg/%L/%N.cat" />
    <property name="awt.toolkit" value="sun.awt.X11.XToolkit" />
    <property name="env.CERTI_HOST" value="localhost" />
    <property name="env.MY_RUBY_HOME" value="/home/travis/.rvm/rubies/ruby-2.4.1" />
    <property name="sun.cpu.isalist" value="" />
    <property name="java.ext.dirs" value="/usr/lib/jvm/java-8-oracle/jre/lib/ext:/usr/java/packages/lib/ext" />
    <property name="os.version" value="4.4.0-101-generic" />
    <property name="user.home" value="/home/travis" />
    <property name="env.MIX_ARCHIVES" value="/home/travis/.kiex/mix/elixir-1.4.5" />
    <property name="java.vm.vendor" value="Oracle Corporation" />
    <property name="env.TRAVIS_TAG" value="nightly" />
    <property name="env.TRAVIS_FILTERED" value="redirect_io" />
    <property name="javadoc.excludepackagenames" value="adm.cvs2svn.*,build.*,config.*,doc.coding.templates.*,jni.test.jni.meaningOfLife.*,jni.test.jni.testDeux.*,jni.test.jni.testTrois.*,org.terraswarm.accessor.accessors.web.node_modules.*,org.terraswarm.accessor.accessors.web.hosts.cordova.demo.*,org.terraswarm.accessor.accessors.web.hosts.cordova.plugins.*,org.terraswarm.accessor.accessors-svn.*,pt-modules.*,ptolemy.apps.agilent.*,ptolemy.apps.anytimecontrol.*,ptolemy.apps.apes.*,ptolemy.apps.charon.*,ptolemy.apps.crazyboard.*,ptolemy.apps.eclipse.*,ptolemy.apps.etherealSting.*,ptolemy.apps.fullscreen.*,ptolemy.apps.giotto.*,ptolemy.apps.ia.*,ptolemy.apps.interfaces.*,ptolemy.apps.jmf.*,ptolemy.apps.kurt.*,ptolemy.apps.kvm.*,ptolemy.apps.lego.*,ptolemy.apps.lejos.*,ptolemy.apps.midp.*,ptolemy.apps.mobileCoding.*,ptolemy.apps.pendulum.*,ptolemy.apps.rijndael.*,ptolemy.apps.robot.*,ptolemy.apps.security.*,ptolemy.apps.sobel.*,ptolemy.apps.soot.*,ptolemy.apps.throttle.*,ptolemy.apps.tini.*,ptolemy.apps.transmission.*,ptolemy.apps.vergil.*,ptolemy.apps.waba.*,ptolemy.apps.websensor.*,ptolemy.apps.webstart.*,ptolemy.apps.xsl.*,ptolemy.apps.zaurus.*,ptolemy.backtrack.eclipse.plugin.*,ptolemy.backtrack.test.*,ptolemy.codegen.c.actor.lib.oldJavaFiles.*,ptolemy.codegen.dsp.lib.*,ptolemy.codegen.kernel.newInterfaces.*,ptolemy.codegen.lib.*,ptolemy.copernicus.kernel.fragment.*,ptolemy.copernicus.shallow.cg.*,ptolemy.domains.giotto.demo.Hierarchy.Hierarchy.*,ptolemy.domains.giotto.demo.Multimode.Multimode.*,ptolemy.domains.giotto.demo.Simple.Simple.*,ptolemy.domains.gr.lib.experimental.*,ptolemy.domains.gro.*,ptolemy.domains.pdf.*,ptolemy.domains.ptinyos.demo.Surge.output.*,ptolemy.moml.test.NoPackageActor.java*,ptolemy.plot.adm.*,ptolemy.plot.servlet.*,reports.*,signed.*,src.*,target.*,vendors.*,ptolemy.cg.adapter.generic.program.procedural.c.mbed*,ptolemy.actor.lib.fmi.fmus.omc*,ptolemy.domains.openmodelica*,ptdb.kernel.bl.save.test.*,ptdb.kernel.bl.load.test.*,ptdb.kernel.bl.search.test.*,ptdb.kernel.bl.migration.test.*,ptdb.kernel.database.test.*,ptdb.test.*,ptdb.gui.test.*,org.ptolemy.scala.*,diva.util.java2d.svg.*,ptolemy.domains.ptinyos.*,ptolemy.actor.lib.fmi.fmipp.*,,org.terraswarm.accessor.accessors.web.node_modules.*,org.terraswarm.accessor.accessors-svn,ptolemy.apps.*,ptolemy.actor.ptalon.demo.ptinyos.SendAndReceiveCnt.output,ptolemy.actor.ptalon.demo.ptinyos.SenseToLeds.output,ptolemy.domains.ptinyos.demo.CntToLedsAndRfm.output,ptolemy.domains.ptinyos.demo.RfmToLeds.output,ptolemy.domains.ptinyos.demo.SendAndReceiveCnt.output,ptolemy.domains.ptinyos.demo.SenseToLeds.output,ptolemy.actor.lib.jjs.modules.udpSocket.*" />
    <property name="env.JAVA_HOME" value="/usr/lib/jvm/java-8-oracle" />
    <property name="env.PTII" value="/home/travis/build/icyphy/ptII" />
    <property name="env.TRAVIS_COMMIT_MESSAGE" value="Master files changed" />
    <property name="keystore" value="ptKeystore" />
    <property name="env.XDG_SESSION_ID" value="2" />
    <property name="junit.output.dir" value="/home/travis/build/icyphy/ptII/reports/junit" />
    <property name="npm.return.code" value="0" />
    <property name="user.dir" value="/home/travis/build/icyphy/ptII/ptolemy/actor/lib/test" />
    <property name="env.TRAVIS_NODE_VERSION" value="7" />
    <property name="env.XFILESEARCHPATH" value="/usr/dt/app-defaults/%L/Dt" />
    <property name="env.TRAVIS_EVENT_TYPE" value="push" />
    <property name="env.MAIL" value="/var/mail/travis" />
    <property name="env.PWD" value="/home/travis/build/icyphy/ptII" />
    <property name="env.PERLBREW_ROOT" value="/home/travis/perl5/perlbrew" />
    <property name="timeout.npm" value="45000" />
    <property name="env.PAGER" value="cat" />
    <property name="sun.cpu.endian" value="little" />
    <property name="env.TRAVIS_BUILD_STAGE_NAME" value="Test" />
    <property name="env.PERLBREW_HOME" value="/home/travis/.perlbrew" />
    <property name="env.RAILS_ENV" value="test" />
    <property name="java.vm.version" value="25.151-b12" />
    <property name="java.class.path" value="/home/travis/.ptolemyII:/home/travis/.ptolemyII/*:/home/travis/build/icyphy/ptII:/home/travis/build/icyphy/ptII/lib/bsh-2.0b4.jar:/home/travis/build/icyphy/ptII/lib/ptCal.jar:/home/travis/build/icyphy/ptII/lib/java_cup.jar:/home/travis/build/icyphy/ptII/lib/saxon8.jar:/home/travis/build/icyphy/ptII/lib/saxon8-dom.jar:/home/travis/build/icyphy/ptII/lib/chic.jar:/home/travis/build/icyphy/ptII/lib/ptcolt.jar:/usr/lib/jvm/java-8-oracle/lib/tools.jar:/usr/lib/eclipse/plugins/org.eclipse.jdt.core_3.8.2.dist.jar:/usr/lib/eclipse/plugins/org.eclipse.core.runtime_3.8.0.dist.jar:/usr/lib/eclipse/plugins/org.eclipse.osgi_3.8.1.dist.jar:/usr/lib/eclipse/plugins/org.eclipse.core.resources_3.8.1.dist.jar:/usr/lib/eclipse/plugins/org.eclipse.equinox.common_3.6.100.dist.jar:/usr/lib/eclipse/plugins/org.eclipse.core.jobs_3.5.200.dist.jar:/usr/lib/eclipse/plugins/org.eclipse.core.contenttype_3.4.200.dist.jar:/usr/lib/eclipse/plugins/org.eclipse.equinox.preferences_3.5.0.dist.jar:/usr/lib/eclipse/plugins/org.eclipse.text_3.5.200.dist.jar:/usr/lib/eclipse/plugins/org.eclipse.ui.workbench_3.8.1.dist.jar:/usr/lib/eclipse/plugins/org.eclipse.jface_3.8.0.dist.jar:/usr/lib/eclipse/plugins/org.eclipse.swt_3.8.2.jar:/usr/lib/eclipse/plugins/org.eclipse.jface.text_3.8.1.dist.jar:/usr/lib/eclipse/plugins/org.eclipse.ui.workbench.texteditor_3.8.0.dist.jar:/usr/lib/eclipse/plugins/org.eclipse.ui.editors_3.8.0.dist.jar:/usr/lib/eclipse/plugins/org.eclipse.core.commands_3.6.1.dist.jar:/usr/lib/eclipse/plugins/org.eclipse.equinox.registry_3.5.200.dist.jar:/usr/lib/eclipse/plugins/org.eclipse.ui.console_3.5.100.dist.jar:/usr/lib/eclipse/plugins/org.eclipse.ui.forms_3.5.200.dist.jar:/usr/lib/eclipse/plugins/org.eclipse.ui.ide_3.8.1.dist.jar:/home/travis/build/icyphy/ptII/vendors/oracle/dbxml.jar:/home/travis/build/icyphy/ptII/vendors/oracle/db.jar:/home/travis/build/icyphy/ptII/vendors/misc/itext/iText.jar:/home/travis/build/icyphy/ptII/lib/g4ltl.jar:/home/travis/build/icyphy/ptII/lib/StructuralCoder.jar:/home/travis/build/icyphy/ptII/lib/org-openide-util.jar:/home/travis/build/icyphy/ptII/lib/org-openide-util-lookup.jar:/home/travis/build/icyphy/ptII/lib/org-netbeans-api-visual.jar:/home/travis/build/icyphy/ptII/vendors/jai-1_1_2_01/lib/jai_core.jar:/home/travis/build/icyphy/ptII/vendors/jai-1_1_2_01/lib/jai_codec.jar:/home/travis/build/icyphy/ptII/lib/jcerti.jar:/home/travis/build/icyphy/ptII/lib/smack.jar:/home/travis/build/icyphy/ptII/lib/smackx.jar:/home/travis/build/icyphy/ptII/lib/jetty-all-8.1.5-v20120716.jar:/home/travis/build/icyphy/ptII/lib/javax.servlet-api-3.0.1.jar:/home/travis/build/icyphy/ptII/lib/javax.mail.jar:/home/travis/build/icyphy/ptII/vendors/JMF-2.1.1e/lib/jmf.jar:/home/travis/build/icyphy/ptII/lib/jna-4.0.0-variadic.jar:/home/travis/build/icyphy/ptII/vendors/misc/joystick/Joystick.jar:/home/travis/build/icyphy/ptII/lib/ptjacl.jar:/home/travis/build/icyphy/ptII/lib/jsoup-1.8.2.jar:/home/travis/build/icyphy/ptII/lib/junit-4.8.2.jar:/home/travis/build/icyphy/ptII/lib/JUnitParams-0.4.0.jar:/home/travis/build/icyphy/ptII/ptolemy/actor/lib/excel/jxl.jar:/home/travis/build/icyphy/ptII/lib/jython.jar:/home/travis/build/icyphy/ptII/lib/kieler.jar:/home/travis/build/icyphy/ptII/vendors/opencv/share/OpenCV/java/opencv-341.jar:/home/travis/build/icyphy/ptII/lib/oscP5.jar:/home/travis/build/icyphy/ptII/lib/nrjavaserial-3.11.0.devel.jar:/home/travis/build/icyphy/ptII/vendors/j3d/lib/j3dcore.jar:/home/travis/build/icyphy/ptII/vendors/j3d/lib/j3dutils.jar:/home/travis/build/icyphy/ptII/vendors/j3d/lib/vecmath.jar:/home/travis/build/icyphy/ptII/ptolemy/distributed/jini/jar/jini-core.jar:/home/travis/build/icyphy/ptII/ptolemy/distributed/jini/jar/jini-ext.jar:/home/travis/build/icyphy/ptII/ptolemy/distributed/jini/jar/sun-util.jar:/home/travis/build/icyphy/ptII/lib/protobuf-java-2.4.1.jar:/home/travis/build/icyphy/ptII/lib/org.eclipse.paho.client.mqttv3.jar:/home/travis/build/icyphy/ptII/ptserver/lib/hessian-4.0.7.jar:/home/travis/build/icyphy/ptII/ptserver/lib/wmqtt.jar:/home/travis/build/icyphy/ptII/lib/mapss.jar:/home/travis/build/icyphy/ptII/ptolemy/actor/ptalon/antlr/antlr.jar:/home/travis/build/icyphy/ptII/lib/JRI.jar:/home/travis/build/icyphy/ptII/lib/commons-lang-2.6.jar:/home/travis/build/icyphy/ptII/lib/commons-logging-1.1.1.jar:/home/travis/build/icyphy/ptII/lib/sootclasses.jar:/home/travis/build/icyphy/ptII/ptolemy/actor/lib/database/mysql-connector-java-5.1.6-bin.jar:/home/travis/build/icyphy/ptII/vendors/misc/sphinx4/sphinx4-data-5prealpha.jar:/home/travis/build/icyphy/ptII/vendors/misc/sphinx4/sphinx4-core-5prealpha.jar:/home/travis/build/icyphy/ptII/lib/PDFRenderer.jar:/home/travis/build/icyphy/ptII/lib/svgSalamander.jar:/home/travis/build/icyphy/ptII/lib/rsyntaxtextarea-2.6.0-SNAPSHOT.jar:/home/travis/build/icyphy/ptII/lib/hazelcast-3.8.2.jar:/home/travis/build/icyphy/ptII/lib/jackson-annotations-2.9.0.jar:/home/travis/build/icyphy/ptII/lib/jackson-core-2.9.3.jar:/home/travis/build/icyphy/ptII/lib/jackson-databind-2.9.3.jar:/home/travis/build/icyphy/ptII/lib/netty-buffer-4.1.19.Final.jar:/home/travis/build/icyphy/ptII/lib/netty-codec-4.1.19.Final.jar:/home/travis/build/icyphy/ptII/lib/netty-codec-dns-4.1.19.Final.jar:/home/travis/build/icyphy/ptII/lib/netty-codec-http-4.1.19.Final.jar:/home/travis/build/icyphy/ptII/lib/netty-codec-http2-4.1.19.Final.jar:/home/travis/build/icyphy/ptII/lib/netty-common-4.1.19.Final.jar:/home/travis/build/icyphy/ptII/lib/netty-handler-4.1.19.Final.jar:/home/travis/build/icyphy/ptII/lib/netty-resolver-4.1.19.Final.jar:/home/travis/build/icyphy/ptII/lib/netty-resolver-dns-4.1.19.Final.jar:/home/travis/build/icyphy/ptII/lib/netty-transport-4.1.19.Final.jar:/home/travis/build/icyphy/ptII/lib/vertx-codegen-3.5.1.jar:/home/travis/build/icyphy/ptII/lib/vertx-core-3.5.2-SNAPSHOT.jar:/home/travis/build/icyphy/ptII/lib/vertx-hazelcast-3.5.1.jar:/home/travis/build/icyphy/ptII/lib/vertx-lang-js-3.5.1.jar:/home/travis/build/icyphy/ptII/lib/vertx-service-proxy-3.5.1.jar:/home/travis/build/icyphy/ptII/lib/vertx-web-3.5.1.jar:/home/travis/build/icyphy/ptII/lib/slf4j-api-1.7.13.jar:/home/travis/build/icyphy/ptII/lib/slf4j-simple-1.7.13.jar:/home/travis/build/icyphy/ptII/lib/webcam-capture-0.3.12.jar:/home/travis/build/icyphy/ptII/lib/bridj-0.7.0.jar:/home/travis/build/icyphy/ptII/lib/xbjlib-1.1.0.nrjavaserial.jar:/home/travis/build/icyphy/ptII/ptolemy/moml/test:/home/travis/build/icyphy/ptII/ant/lib/ant-launcher.jar:/home/travis/build/icyphy/ptII/ant/lib/ant.jar:/home/travis/build/icyphy/ptII/ant/lib/ant-junit.jar:/home/travis/build/icyphy/ptII/ant/lib/ant-junit4.jar" />
    <property name="ant.library.dir" value="/home/travis/build/icyphy/ptII/ant/lib" />
    <property name="os.arch" value="amd64" />
    <property name="env.TRAVIS_LANGUAGE" value="node_js" />
    <property name="env.CONTINUOUS_INTEGRATION" value="true" />
    <property name="env.TRAVIS_STACK_LANGUAGES" value="__garnet__ c c++ clojure cplusplus cpp default go groovy java node_js php pure_java python ruby scala" />
    <property name="test.name" value="ptolemy.actor.lib.test.junit.JUnitTclTest" />
    <property name="sun.java.launcher" value="SUN_STANDARD" />
    <property name="env.PYTHON_CONFIGURE_OPTS" value="--enable-unicode=ucs4 --with-wide-unicode --enable-shared --enable-ipv6 --enable-loadable-sqlite-extensions --with-computed-gotos" />
    <property name="ant.core.lib" value="/home/travis/build/icyphy/ptII/ant/lib/ant.jar" />
    <property name="java.vm.specification.vendor" value="Oracle Corporation" />
    <property name="env.BCVTB_HOME" value="/home/travis/build/icyphy/ptII/lbnl" />
    <property name="file.separator" value="/" />
    <property name="java.runtime.version" value="1.8.0_151-b12" />
    <property name="spotbugs.home" value="/home/travis/build/icyphy/ptII/vendors/spotbugs-3.1.1" />
    <property name="sun.boot.class.path" value="/usr/lib/jvm/java-8-oracle/jre/lib/resources.jar:/usr/lib/jvm/java-8-oracle/jre/lib/rt.jar:/usr/lib/jvm/java-8-oracle/jre/lib/sunrsasign.jar:/usr/lib/jvm/java-8-oracle/jre/lib/jsse.jar:/usr/lib/jvm/java-8-oracle/jre/lib/jce.jar:/usr/lib/jvm/java-8-oracle/jre/lib/charsets.jar:/usr/lib/jvm/java-8-oracle/jre/lib/jfr.jar:/usr/lib/jvm/java-8-oracle/jre/classes" />
    <property name="env.HAS_JOSH_K_SEAL_OF_APPROVAL" value="true" />
    <property name="env.TRAVIS_OSX_IMAGE" value="" />
    <property name="env.XDG_RUNTIME_DIR" value="/run/user/2000" />
    <property name="env.TRAVIS_BRANCH" value="master" />
    <property name="env.TRAVIS_JOB_ID" value="392474783" />
    <property name="env.CERTI_HOME_TRAVIS" value="/home/travis/pthla/certi-tools" />
    <property name="user.country" value="US" />
    <property name="env.SHELL" value="/bin/bash" />
    <property name="java.maxmemory.large" value="5000m" />
    <property name="model" value="" />
    <property name="env.CASHER_DIR" value="/home/travis/.casher" />
    <property name="env.NVM_CD_FLAGS" value="" />
    <property name="jshint.executable" value="/home/travis/node_modules/jshint/bin/jshint" />
    <property name="java.vendor" value="Oracle Corporation" />
    <property name="env.JRUBY_OPTS" value=" --client -J-XX:+TieredCompilation -J-XX:TieredStopAtLevel=1 -J-Xss2m -Xcompile.invokedynamic=false" />
    <property name="env.TRAVIS_PRE_CHEF_BOOTSTRAP_TIME" value="2017-12-05T19:32:55" />
    <property name="env.TRAVIS_STACK_JOB_BOARD_REGISTER" value="/.job-board-register.yml" />
    <property name="env.ELIXIR_VERSION" value="1.4.5" />
    <property name="java.specification.version" value="1.8" />
    <property name="env.IRBRC" value="/home/travis/.rvm/rubies/ruby-2.4.1/.irbrc" />
    <property name="env.TRAVIS" value="true" />
    <property name="sun.arch.data.model" value="64" />
  </properties>
  <testcase classname="ptolemy.util.test.junit.TclTests" name="[0] /home/travis/build/icyphy/ptII/ptolemy/actor/lib/test/AbsoluteValue.tcl (RunTclFile)" time="0.484" />
  <testcase classname="ptolemy.util.test.junit.TclTests" name="[1] /home/travis/build/icyphy/ptII/ptolemy/actor/lib/test/AddSubtract.tcl (RunTclFile)" time="0.069" />
  <testcase classname="ptolemy.util.test.junit.TclTests" name="[2] /home/travis/build/icyphy/ptII/ptolemy/actor/lib/test/Average.tcl (RunTclFile)" time="0.066" />
  <testcase classname="ptolemy.util.test.junit.TclTests" name="[3] /home/travis/build/icyphy/ptII/ptolemy/actor/lib/test/Bernoulli.tcl (RunTclFile)" time="0.021" />
  <testcase classname="ptolemy.util.test.junit.TclTests" name="[4] /home/travis/build/icyphy/ptII/ptolemy/actor/lib/test/Clock.tcl (RunTclFile)" time="0.087" />
  <testcase classname="ptolemy.util.test.junit.TclTests" name="[5] /home/travis/build/icyphy/ptII/ptolemy/actor/lib/test/Commutator.tcl (RunTclFile)" time="0.143" />
  <testcase classname="ptolemy.util.test.junit.TclTests" name="[6] /home/travis/build/icyphy/ptII/ptolemy/actor/lib/test/Const.tcl (RunTclFile)" time="0.142" />
  <testcase classname="ptolemy.util.test.junit.TclTests" name="[7] /home/travis/build/icyphy/ptII/ptolemy/actor/lib/test/CurrentTime.tcl (RunTclFile)" time="0.04" />
  <testcase classname="ptolemy.util.test.junit.TclTests" name="[8] /home/travis/build/icyphy/ptII/ptolemy/actor/lib/test/DB.tcl (RunTclFile)" time="0.021" />
  <testcase classname="ptolemy.util.test.junit.TclTests" name="[9] /home/travis/build/icyphy/ptII/ptolemy/actor/lib/test/DiscreteRandomSource.tcl (RunTclFile)" time="0.026" />
  <testcase classname="ptolemy.util.test.junit.TclTests" name="[10] /home/travis/build/icyphy/ptII/ptolemy/actor/lib/test/Distributor.tcl (RunTclFile)" time="0.039" />
  <testcase classname="ptolemy.util.test.junit.TclTests" name="[11] /home/travis/build/icyphy/ptII/ptolemy/actor/lib/test/Exit.tcl (RunTclFile)" time="0.058" />
  <testcase classname="ptolemy.util.test.junit.TclTests" name="[12] /home/travis/build/icyphy/ptII/ptolemy/actor/lib/test/Expression.tcl (RunTclFile)" time="0.152" />
  <testcase classname="ptolemy.util.test.junit.TclTests" name="[13] /home/travis/build/icyphy/ptII/ptolemy/actor/lib/test/Gaussian.tcl (RunTclFile)" time="0.93" />
  <testcase classname="ptolemy.util.test.junit.TclTests" name="[14] /home/travis/build/icyphy/ptII/ptolemy/actor/lib/test/IIR.tcl (RunTclFile)" time="0.042" />
  <testcase classname="ptolemy.util.test.junit.TclTests" name="[15] /home/travis/build/icyphy/ptII/ptolemy/actor/lib/test/Interpolator.tcl (RunTclFile)" time="0.087" />
  <testcase classname="ptolemy.util.test.junit.TclTests" name="[16] /home/travis/build/icyphy/ptII/ptolemy/actor/lib/test/MathFunction.tcl (RunTclFile)" time="0.061" />
  <testcase classname="ptolemy.util.test.junit.TclTests" name="[17] /home/travis/build/icyphy/ptII/ptolemy/actor/lib/test/Maximum.tcl (RunTclFile)" time="0.068" />
  <testcase classname="ptolemy.util.test.junit.TclTests" name="[18] /home/travis/build/icyphy/ptII/ptolemy/actor/lib/test/Minimum.tcl (RunTclFile)" time="0.045" />
  <testcase classname="ptolemy.util.test.junit.TclTests" name="[19] /home/travis/build/icyphy/ptII/ptolemy/actor/lib/test/MultiplyDivide.tcl (RunTclFile)" time="0.053" />
  <testcase classname="ptolemy.util.test.junit.TclTests" name="[20] /home/travis/build/icyphy/ptII/ptolemy/actor/lib/test/OrderedMerge.tcl (RunTclFile)" time="0.081" />
  <testcase classname="ptolemy.util.test.junit.TclTests" name="[21] /home/travis/build/icyphy/ptII/ptolemy/actor/lib/test/Publisher.tcl (RunTclFile)" time="0.783" />
  <testcase classname="ptolemy.util.test.junit.TclTests" name="[22] /home/travis/build/icyphy/ptII/ptolemy/actor/lib/test/Pulse.tcl (RunTclFile)" time="0.051" />
  <testcase classname="ptolemy.util.test.junit.TclTests" name="[23] /home/travis/build/icyphy/ptII/ptolemy/actor/lib/test/Ramp.tcl (RunTclFile)" time="2.251" />
  <testcase classname="ptolemy.util.test.junit.TclTests" name="[24] /home/travis/build/icyphy/ptII/ptolemy/actor/lib/test/RampContinuous.tcl (RunTclFile)" time="0.02" />
  <testcase classname="ptolemy.util.test.junit.TclTests" name="[25] /home/travis/build/icyphy/ptII/ptolemy/actor/lib/test/RecordAssembler.tcl (RunTclFile)" time="0.019" />
  <testcase classname="ptolemy.util.test.junit.TclTests" name="[26] /home/travis/build/icyphy/ptII/ptolemy/actor/lib/test/RecordDisassembler.tcl (RunTclFile)" time="0.021" />
  <testcase classname="ptolemy.util.test.junit.TclTests" name="[27] /home/travis/build/icyphy/ptII/ptolemy/actor/lib/test/Scale.tcl (RunTclFile)" time="0.025" />
  <testcase classname="ptolemy.util.test.junit.TclTests" name="[28] /home/travis/build/icyphy/ptII/ptolemy/actor/lib/test/SequentialClock.tcl (RunTclFile)" time="0.014" />
  <testcase classname="ptolemy.util.test.junit.TclTests" name="[29] /home/travis/build/icyphy/ptII/ptolemy/actor/lib/test/SetVariable.tcl (RunTclFile)" time="0.034" />
  <testcase classname="ptolemy.util.test.junit.TclTests" name="[30] /home/travis/build/icyphy/ptII/ptolemy/actor/lib/test/Sinewave.tcl (RunTclFile)" time="0.034" />
  <testcase classname="ptolemy.util.test.junit.TclTests" name="[31] /home/travis/build/icyphy/ptII/ptolemy/actor/lib/test/SubscriptionAggregator.tcl (RunTclFile)" time="2.37" />
  <testcase classname="ptolemy.util.test.junit.TclTests" name="[32] /home/travis/build/icyphy/ptII/ptolemy/actor/lib/test/Test.tcl (RunTclFile)" time="0.121" />
  <testcase classname="ptolemy.util.test.junit.TclTests" name="[33] /home/travis/build/icyphy/ptII/ptolemy/actor/lib/test/TestExceptionHandler.tcl (RunTclFile)" time="0.016" />
  <testcase classname="ptolemy.util.test.junit.TclTests" name="[34] /home/travis/build/icyphy/ptII/ptolemy/actor/lib/test/UnionDisassembler.tcl (RunTclFile)" time="0.089" />
  <testcase classname="ptolemy.util.test.junit.TclTests" name="[35] /home/travis/build/icyphy/ptII/ptolemy/actor/lib/test/VariableClock.tcl (RunTclFile)" time="0.034" />
  <testcase classname="ptolemy.util.test.junit.AutoKnownFailedTests" name="[0] /home/travis/build/icyphy/ptII/ptolemy/actor/lib/test/auto/knownFailedTests/PublisherPortToplevelSubscriber.xml (RunModel)" time="0.025" />
  <testcase classname="ptolemy.util.test.junit.AutoKnownFailedTests" name="[1] /home/travis/build/icyphy/ptII/ptolemy/actor/lib/test/auto/knownFailedTests/PublisherSubscriberPortToplevel.xml (RunModel)" time="0.059" />
  <testcase classname="ptolemy.util.test.junit.AutoKnownFailedTests" name="[2] /home/travis/build/icyphy/ptII/ptolemy/actor/lib/test/auto/knownFailedTests/PublisherSubscriptionAggregatorPort.xml (RunModel)" time="0.168" />
  <testcase classname="ptolemy.util.test.junit.AutoKnownFailedTests" name="[3] /home/travis/build/icyphy/ptII/ptolemy/actor/lib/test/auto/knownFailedTests/sizedarray3.xml (RunModel)" time="0.042" />
  <testcase classname="ptolemy.util.test.junit.AutoNameArchTests" name="[0] ThereAreNoAutoArchTests (RunModel)" time="0.003" />
  <testcase classname="ptolemy.util.test.junit.AutoTests" name="[0] /home/travis/build/icyphy/ptII/ptolemy/actor/lib/test/auto/AbsoluteValue.xml (RunModel)" time="0.052" />
  <testcase classname="ptolemy.util.test.junit.AutoTests" name="[1] /home/travis/build/icyphy/ptII/ptolemy/actor/lib/test/auto/AbsoluteValue2.xml (RunModel)" time="0.086" />
  <testcase classname="ptolemy.util.test.junit.AutoTests" name="[2] /home/travis/build/icyphy/ptII/ptolemy/actor/lib/test/auto/Accumulator.xml (RunModel)" time="0.07" />
  <testcase classname="ptolemy.util.test.junit.AutoTests" name="[3] /home/travis/build/icyphy/ptII/ptolemy/actor/lib/test/auto/Accumulator2.xml (RunModel)" time="0.033" />
  <testcase classname="ptolemy.util.test.junit.AutoTests" name="[4] /home/travis/build/icyphy/ptII/ptolemy/actor/lib/test/auto/Accumulator3.xml (RunModel)" time="0.021" />
  <testcase classname="ptolemy.util.test.junit.AutoTests" name="[5] /home/travis/build/icyphy/ptII/ptolemy/actor/lib/test/auto/ArrayAppend.xml (RunModel)" time="0.062" />
  <testcase classname="ptolemy.util.test.junit.AutoTests" name="[6] /home/travis/build/icyphy/ptII/ptolemy/actor/lib/test/auto/ArrayAppend2.xml (RunModel)" time="0.825" />
  <testcase classname="ptolemy.util.test.junit.AutoTests" name="[7] /home/travis/build/icyphy/ptII/ptolemy/actor/lib/test/auto/ArrayAppend3.xml (RunModel)" time="0.035" />
  <testcase classname="ptolemy.util.test.junit.AutoTests" name="[8] /home/travis/build/icyphy/ptII/ptolemy/actor/lib/test/auto/ArrayAppend4.xml (RunModel)" time="0.028" />
  <testcase classname="ptolemy.util.test.junit.AutoTests" name="[9] /home/travis/build/icyphy/ptII/ptolemy/actor/lib/test/auto/ArrayAppend5.xml (RunModel)" time="0.025" />
  <testcase classname="ptolemy.util.test.junit.AutoTests" name="[10] /home/travis/build/icyphy/ptII/ptolemy/actor/lib/test/auto/ArrayAppend6.xml (RunModel)" time="0.034" />
  <testcase classname="ptolemy.util.test.junit.AutoTests" name="[11] /home/travis/build/icyphy/ptII/ptolemy/actor/lib/test/auto/ArrayAppendPerformanceTest.xml (RunModel)" time="0.05" />
  <testcase classname="ptolemy.util.test.junit.AutoTests" name="[12] /home/travis/build/icyphy/ptII/ptolemy/actor/lib/test/auto/ArrayAppendWithEmptyInput.xml (RunModel)" time="0.057" />
  <testcase classname="ptolemy.util.test.junit.AutoTests" name="[13] /home/travis/build/icyphy/ptII/ptolemy/actor/lib/test/auto/ArrayAverage.xml (RunModel)" time="0.036" />
  <testcase classname="ptolemy.util.test.junit.AutoTests" name="[14] /home/travis/build/icyphy/ptII/ptolemy/actor/lib/test/auto/ArrayContains.xml (RunModel)" time="0.04" />
  <testcase classname="ptolemy.util.test.junit.AutoTests" name="[15] /home/travis/build/icyphy/ptII/ptolemy/actor/lib/test/auto/ArrayElement.xml (RunModel)" time="0.035" />
  <testcase classname="ptolemy.util.test.junit.AutoTests" name="[16] /home/travis/build/icyphy/ptII/ptolemy/actor/lib/test/auto/ArrayElementAsMatrix.xml (RunModel)" time="0.07" />
  <testcase classname="ptolemy.util.test.junit.AutoTests" name="[17] /home/travis/build/icyphy/ptII/ptolemy/actor/lib/test/auto/ArrayElementI.xml (RunModel)" time="0.02" />
  <testcase classname="ptolemy.util.test.junit.AutoTests" name="[18] /home/travis/build/icyphy/ptII/ptolemy/actor/lib/test/auto/ArrayExtract.xml (RunModel)" time="0.036" />
  <testcase classname="ptolemy.util.test.junit.AutoTests" name="[19] /home/travis/build/icyphy/ptII/ptolemy/actor/lib/test/auto/ArrayExtract2.xml (RunModel)" time="0.022" />
  <testcase classname="ptolemy.util.test.junit.AutoTests" name="[20] /home/travis/build/icyphy/ptII/ptolemy/actor/lib/test/auto/ArrayLength.xml (RunModel)" time="0.061" />
  <testcase classname="ptolemy.util.test.junit.AutoTests" name="[21] /home/travis/build/icyphy/ptII/ptolemy/actor/lib/test/auto/ArrayLevelCrossing.xml (RunModel)" time="0.033" />
  <testcase classname="ptolemy.util.test.junit.AutoTests" name="[22] /home/travis/build/icyphy/ptII/ptolemy/actor/lib/test/auto/ArrayLevelCrossing2.xml (RunModel)" time="0.024" />
  <testcase classname="ptolemy.util.test.junit.AutoTests" name="[23] /home/travis/build/icyphy/ptII/ptolemy/actor/lib/test/auto/ArrayPeakSearch.xml (RunModel)" time="0.057" />
  <testcase classname="ptolemy.util.test.junit.AutoTests" name="[24] /home/travis/build/icyphy/ptII/ptolemy/actor/lib/test/auto/ArrayPeakSearch2.xml (RunModel)" time="0.042" />
  <testcase classname="ptolemy.util.test.junit.AutoTests" name="[25] /home/travis/build/icyphy/ptII/ptolemy/actor/lib/test/auto/ArrayPeakSearch3.xml (RunModel)" time="0.039" />
  <testcase classname="ptolemy.util.test.junit.AutoTests" name="[26] /home/travis/build/icyphy/ptII/ptolemy/actor/lib/test/auto/ArrayRemoveElement.xml (RunModel)" time="0.037" />
  <testcase classname="ptolemy.util.test.junit.AutoTests" name="[27] /home/travis/build/icyphy/ptII/ptolemy/actor/lib/test/auto/ArraySort.xml (RunModel)" time="0.038" />
  <testcase classname="ptolemy.util.test.junit.AutoTests" name="[28] /home/travis/build/icyphy/ptII/ptolemy/actor/lib/test/auto/ArraySum.xml (RunModel)" time="0.023" />
  <testcase classname="ptolemy.util.test.junit.AutoTests" name="[29] /home/travis/build/icyphy/ptII/ptolemy/actor/lib/test/auto/ArrayToElements.xml (RunModel)" time="0.027" />
  <testcase classname="ptolemy.util.test.junit.AutoTests" name="[30] /home/travis/build/icyphy/ptII/ptolemy/actor/lib/test/auto/ArrayToMatrix.xml (RunModel)" time="0.08" />
  <testcase classname="ptolemy.util.test.junit.AutoTests" name="[31] /home/travis/build/icyphy/ptII/ptolemy/actor/lib/test/auto/ArrayUpdate1.xml (RunModel)" time="0.018" />
  <testcase classname="ptolemy.util.test.junit.AutoTests" name="[32] /home/travis/build/icyphy/ptII/ptolemy/actor/lib/test/auto/ArrayUpdate2.xml (RunModel)" time="0.023" />
  <testcase classname="ptolemy.util.test.junit.AutoTests" name="[33] /home/travis/build/icyphy/ptII/ptolemy/actor/lib/test/auto/ArrayUpdate3.xml (RunModel)" time="0.02" />
  <testcase classname="ptolemy.util.test.junit.AutoTests" name="[34] /home/travis/build/icyphy/ptII/ptolemy/actor/lib/test/auto/Assert1.xml (RunModel)" time="0.026" />
  <testcase classname="ptolemy.util.test.junit.AutoTests" name="[35] /home/travis/build/icyphy/ptII/ptolemy/actor/lib/test/auto/Assert2.xml (RunModel)" time="0.026" />
  <testcase classname="ptolemy.util.test.junit.AutoTests" name="[36] /home/travis/build/icyphy/ptII/ptolemy/actor/lib/test/auto/BooleanMultiplexor.xml (RunModel)" time="0.027" />
  <testcase classname="ptolemy.util.test.junit.AutoTests" name="[37] /home/travis/build/icyphy/ptII/ptolemy/actor/lib/test/auto/BooleanMultiplexor2.xml (RunModel)" time="0.021" />
  <testcase classname="ptolemy.util.test.junit.AutoTests" name="[38] /home/travis/build/icyphy/ptII/ptolemy/actor/lib/test/auto/BooleanMultiplexor3.xml (RunModel)" time="0.013" />
  <testcase classname="ptolemy.util.test.junit.AutoTests" name="[39] /home/travis/build/icyphy/ptII/ptolemy/actor/lib/test/auto/BooleanSelect.xml (RunModel)" time="0.02" />
  <testcase classname="ptolemy.util.test.junit.AutoTests" name="[40] /home/travis/build/icyphy/ptII/ptolemy/actor/lib/test/auto/BooleanSelect2.xml (RunModel)" time="0.016" />
  <testcase classname="ptolemy.util.test.junit.AutoTests" name="[41] /home/travis/build/icyphy/ptII/ptolemy/actor/lib/test/auto/BooleanSwitch.xml (RunModel)" time="0.029" />
  <testcase classname="ptolemy.util.test.junit.AutoTests" name="[42] /home/travis/build/icyphy/ptII/ptolemy/actor/lib/test/auto/BooleanSwitch2.xml (RunModel)" time="0.016" />
  <testcase classname="ptolemy.util.test.junit.AutoTests" name="[43] /home/travis/build/icyphy/ptII/ptolemy/actor/lib/test/auto/BooleanSwitchCloningBugWithClassRelationGroup.xml (RunModel)" time="0.035" />
  <testcase classname="ptolemy.util.test.junit.AutoTests" name="[44] /home/travis/build/icyphy/ptII/ptolemy/actor/lib/test/auto/BusActors.xml (RunModel)" time="0.046" />
  <testcase classname="ptolemy.util.test.junit.AutoTests" name="[45] /home/travis/build/icyphy/ptII/ptolemy/actor/lib/test/auto/ClassWrapper.xml (RunModel)" time="0.012" />
  <testcase classname="ptolemy.util.test.junit.AutoTests" name="[46] /home/travis/build/icyphy/ptII/ptolemy/actor/lib/test/auto/Clock.xml (RunModel)" time="0.013" />
  <testcase classname="ptolemy.util.test.junit.AutoTests" name="[47] /home/travis/build/icyphy/ptII/ptolemy/actor/lib/test/auto/Clock10.xml (RunModel)" time="0.022" />
  <testcase classname="ptolemy.util.test.junit.AutoTests" name="[48] /home/travis/build/icyphy/ptII/ptolemy/actor/lib/test/auto/Clock11.xml (RunModel)" time="0.023" />
  <testcase classname="ptolemy.util.test.junit.AutoTests" name="[49] /home/travis/build/icyphy/ptII/ptolemy/actor/lib/test/auto/Clock12.xml (RunModel)" time="0.022" />
  <testcase classname="ptolemy.util.test.junit.AutoTests" name="[50] /home/travis/build/icyphy/ptII/ptolemy/actor/lib/test/auto/Clock13.xml (RunModel)" time="0.025" />
  <testcase classname="ptolemy.util.test.junit.AutoTests" name="[51] /home/travis/build/icyphy/ptII/ptolemy/actor/lib/test/auto/Clock14.xml (RunModel)" time="0.027" />
  <testcase classname="ptolemy.util.test.junit.AutoTests" name="[52] /home/travis/build/icyphy/ptII/ptolemy/actor/lib/test/auto/Clock15.xml (RunModel)" time="0.019" />
  <testcase classname="ptolemy.util.test.junit.AutoTests" name="[53] /home/travis/build/icyphy/ptII/ptolemy/actor/lib/test/auto/Clock16.xml (RunModel)" time="0.097" />
  <testcase classname="ptolemy.util.test.junit.AutoTests" name="[54] /home/travis/build/icyphy/ptII/ptolemy/actor/lib/test/auto/Clock17.xml (RunModel)" time="0.084" />
  <testcase classname="ptolemy.util.test.junit.AutoTests" name="[55] /home/travis/build/icyphy/ptII/ptolemy/actor/lib/test/auto/Clock18.xml (RunModel)" time="0.07" />
  <testcase classname="ptolemy.util.test.junit.AutoTests" name="[56] /home/travis/build/icyphy/ptII/ptolemy/actor/lib/test/auto/Clock19.xml (RunModel)" time="0.062" />
  <testcase classname="ptolemy.util.test.junit.AutoTests" name="[57] /home/travis/build/icyphy/ptII/ptolemy/actor/lib/test/auto/Clock2.xml (RunModel)" time="0.016" />
  <testcase classname="ptolemy.util.test.junit.AutoTests" name="[58] /home/travis/build/icyphy/ptII/ptolemy/actor/lib/test/auto/Clock20.xml (RunModel)" time="0.026" />
  <testcase classname="ptolemy.util.test.junit.AutoTests" name="[59] /home/travis/build/icyphy/ptII/ptolemy/actor/lib/test/auto/Clock21.xml (RunModel)" time="0.018" />
  <testcase classname="ptolemy.util.test.junit.AutoTests" name="[60] /home/travis/build/icyphy/ptII/ptolemy/actor/lib/test/auto/Clock22.xml (RunModel)" time="0.019" />
  <testcase classname="ptolemy.util.test.junit.AutoTests" name="[61] /home/travis/build/icyphy/ptII/ptolemy/actor/lib/test/auto/Clock23.xml (RunModel)" time="0.02" />
  <testcase classname="ptolemy.util.test.junit.AutoTests" name="[62] /home/travis/build/icyphy/ptII/ptolemy/actor/lib/test/auto/Clock24.xml (RunModel)" time="0.019" />
  <testcase classname="ptolemy.util.test.junit.AutoTests" name="[63] /home/travis/build/icyphy/ptII/ptolemy/actor/lib/test/auto/Clock4.xml (RunModel)" time="0.017" />
  <testcase classname="ptolemy.util.test.junit.AutoTests" name="[64] /home/travis/build/icyphy/ptII/ptolemy/actor/lib/test/auto/Clock5.xml (RunModel)" time="0.02" />
  <testcase classname="ptolemy.util.test.junit.AutoTests" name="[65] /home/travis/build/icyphy/ptII/ptolemy/actor/lib/test/auto/Clock6.xml (RunModel)" time="0.014" />
  <testcase classname="ptolemy.util.test.junit.AutoTests" name="[66] /home/travis/build/icyphy/ptII/ptolemy/actor/lib/test/auto/Clock7.xml (RunModel)" time="0.011" />
  <testcase classname="ptolemy.util.test.junit.AutoTests" name="[67] /home/travis/build/icyphy/ptII/ptolemy/actor/lib/test/auto/Clock8.xml (RunModel)" time="0.022" />
  <testcase classname="ptolemy.util.test.junit.AutoTests" name="[68] /home/travis/build/icyphy/ptII/ptolemy/actor/lib/test/auto/Clock9.xml (RunModel)" time="0.018" />
  <testcase classname="ptolemy.util.test.junit.AutoTests" name="[69] /home/travis/build/icyphy/ptII/ptolemy/actor/lib/test/auto/CommDistDiscard.xml (RunModel)" time="0.023" />
  <testcase classname="ptolemy.util.test.junit.AutoTests" name="[70] /home/travis/build/icyphy/ptII/ptolemy/actor/lib/test/auto/Commutator.xml (RunModel)" time="0.021" />
  <testcase classname="ptolemy.util.test.junit.AutoTests" name="[71] /home/travis/build/icyphy/ptII/ptolemy/actor/lib/test/auto/Commutator2.xml (RunModel)" time="0.013" />
  <testcase classname="ptolemy.util.test.junit.AutoTests" name="[72] /home/travis/build/icyphy/ptII/ptolemy/actor/lib/test/auto/Commutator3.xml (RunModel)" time="0.014" />
  <testcase classname="ptolemy.util.test.junit.AutoTests" name="[73] /home/travis/build/icyphy/ptII/ptolemy/actor/lib/test/auto/Compare.xml (RunModel)" time="0.023" />
  <testcase classname="ptolemy.util.test.junit.AutoTests" name="[74] /home/travis/build/icyphy/ptII/ptolemy/actor/lib/test/auto/CompareDE.xml (RunModel)" time="0.023" />
  <testcase classname="ptolemy.util.test.junit.AutoTests" name="[75] /home/travis/build/icyphy/ptII/ptolemy/actor/lib/test/auto/ComplexDivide.xml (RunModel)" time="0.01" />
  <testcase classname="ptolemy.util.test.junit.AutoTests" name="[76] /home/travis/build/icyphy/ptII/ptolemy/actor/lib/test/auto/ComputeHistogram.xml (RunModel)" time="0.076" />
  <testcase classname="ptolemy.util.test.junit.AutoTests" name="[77] /home/travis/build/icyphy/ptII/ptolemy/actor/lib/test/auto/ConfigurationSelect.xml (RunModel)" time="0.019" />
  <testcase classname="ptolemy.util.test.junit.AutoTests" name="[78] /home/travis/build/icyphy/ptII/ptolemy/actor/lib/test/auto/ConfigurationSelect2.xml (RunModel)" time="0.014" />
  <testcase classname="ptolemy.util.test.junit.AutoTests" name="[79] /home/travis/build/icyphy/ptII/ptolemy/actor/lib/test/auto/ConfigurationSwitch.xml (RunModel)" time="0.024" />
  <testcase classname="ptolemy.util.test.junit.AutoTests" name="[80] /home/travis/build/icyphy/ptII/ptolemy/actor/lib/test/auto/ConfigurationSwitch2.xml (RunModel)" time="0.024" />
  <testcase classname="ptolemy.util.test.junit.AutoTests" name="[81] /home/travis/build/icyphy/ptII/ptolemy/actor/lib/test/auto/ConfigurationSwitchCloningBugWithClassRelationGroup.xml (RunModel)" time="0.023" />
  <testcase classname="ptolemy.util.test.junit.AutoTests" name="[82] /home/travis/build/icyphy/ptII/ptolemy/actor/lib/test/auto/ConfigurationSwitchSelectSDF.xml (RunModel)" time="0.019" />
  <testcase classname="ptolemy.util.test.junit.AutoTests" name="[83] /home/travis/build/icyphy/ptII/ptolemy/actor/lib/test/auto/ConfigurationSwitchSelectSDF2.xml (RunModel)" time="0.02" />
  <testcase classname="ptolemy.util.test.junit.AutoTests" name="[84] /home/travis/build/icyphy/ptII/ptolemy/actor/lib/test/auto/Const.xml (RunModel)" time="0.007" />
  <testcase classname="ptolemy.util.test.junit.AutoTests" name="[85] /home/travis/build/icyphy/ptII/ptolemy/actor/lib/test/auto/Const2.xml (RunModel)" time="0.016" />
  <testcase classname="ptolemy.util.test.junit.AutoTests" name="[86] /home/travis/build/icyphy/ptII/ptolemy/actor/lib/test/auto/Const3.xml (RunModel)" time="0.006" />
  <testcase classname="ptolemy.util.test.junit.AutoTests" name="[87] /home/travis/build/icyphy/ptII/ptolemy/actor/lib/test/auto/ConstantPublisherPort1.xml (RunModel)" time="0.027" />
  <testcase classname="ptolemy.util.test.junit.AutoTests" name="[88] /home/travis/build/icyphy/ptII/ptolemy/actor/lib/test/auto/ConstantPublisherPort2.xml (RunModel)" time="0.03" />
  <testcase classname="ptolemy.util.test.junit.AutoTests" name="[89] /home/travis/build/icyphy/ptII/ptolemy/actor/lib/test/auto/ConstantPublisherPort3.xml (RunModel)" time="0.022" />
  <testcase classname="ptolemy.util.test.junit.AutoTests" name="[90] /home/travis/build/icyphy/ptII/ptolemy/actor/lib/test/auto/ConstantPublisherPort4.xml (RunModel)" time="0.018" />
  <testcase classname="ptolemy.util.test.junit.AutoTests" name="[91] /home/travis/build/icyphy/ptII/ptolemy/actor/lib/test/auto/ConstantPublisherPort5.xml (RunModel)" time="0.048" />
  <testcase classname="ptolemy.util.test.junit.AutoTests" name="[92] /home/travis/build/icyphy/ptII/ptolemy/actor/lib/test/auto/ConstantPublisherPort6.xml (RunModel)" time="0.032" />
  <testcase classname="ptolemy.util.test.junit.AutoTests" name="[93] /home/travis/build/icyphy/ptII/ptolemy/actor/lib/test/auto/ConstantPublisherPort7.xml (RunModel)" time="0.041" />
  <testcase classname="ptolemy.util.test.junit.AutoTests" name="[94] /home/travis/build/icyphy/ptII/ptolemy/actor/lib/test/auto/ConstraintMonitor1.xml (RunModel)" time="0.043" />
  <testcase classname="ptolemy.util.test.junit.AutoTests" name="[95] /home/travis/build/icyphy/ptII/ptolemy/actor/lib/test/auto/ConstraintMonitor2.xml (RunModel)" time="0.019" />
  <testcase classname="ptolemy.util.test.junit.AutoTests" name="[96] /home/travis/build/icyphy/ptII/ptolemy/actor/lib/test/auto/ConstraintMonitor3.xml (RunModel)" time="0.016" />
  <testcase classname="ptolemy.util.test.junit.AutoTests" name="[97] /home/travis/build/icyphy/ptII/ptolemy/actor/lib/test/auto/ConstraintMonitor4.xml (RunModel)" time="0.022" />
  <testcase classname="ptolemy.util.test.junit.AutoTests" name="[98] /home/travis/build/icyphy/ptII/ptolemy/actor/lib/test/auto/ConstraintMonitor5.xml (RunModel)" time="0.023" />
  <testcase classname="ptolemy.util.test.junit.AutoTests" name="[99] /home/travis/build/icyphy/ptII/ptolemy/actor/lib/test/auto/ConstraintMonitor6.xml (RunModel)" time="0.023" />
  <testcase classname="ptolemy.util.test.junit.AutoTests" name="[100] /home/travis/build/icyphy/ptII/ptolemy/actor/lib/test/auto/ConstraintMonitor7.xml (RunModel)" time="0.016" />
  <testcase classname="ptolemy.util.test.junit.AutoTests" name="[101] /home/travis/build/icyphy/ptII/ptolemy/actor/lib/test/auto/ConstraintMonitor8.xml (RunModel)" time="0.021" />
  <testcase classname="ptolemy.util.test.junit.AutoTests" name="[102] /home/travis/build/icyphy/ptII/ptolemy/actor/lib/test/auto/Counter.xml (RunModel)" time="0.013" />
  <testcase classname="ptolemy.util.test.junit.AutoTests" name="[103] /home/travis/build/icyphy/ptII/ptolemy/actor/lib/test/auto/CurrentTimeSDF.xml (RunModel)" time="0.012" />
  <testcase classname="ptolemy.util.test.junit.AutoTests" name="[104] /home/travis/build/icyphy/ptII/ptolemy/actor/lib/test/auto/DB.xml (RunModel)" time="0.014" />
  <testcase classname="ptolemy.util.test.junit.AutoTests" name="[105] /home/travis/build/icyphy/ptII/ptolemy/actor/lib/test/auto/DBDE.xml (RunModel)" time="0.017" />
  <testcase classname="ptolemy.util.test.junit.AutoTests" name="[106] /home/travis/build/icyphy/ptII/ptolemy/actor/lib/test/auto/DateConstructor.xml (RunModel)" time="0.056" />
  <testcase classname="ptolemy.util.test.junit.AutoTests" name="[107] /home/travis/build/icyphy/ptII/ptolemy/actor/lib/test/auto/DelayTime.xml (RunModel)" time="0.019" />
  <testcase classname="ptolemy.util.test.junit.AutoTests" name="[108] /home/travis/build/icyphy/ptII/ptolemy/actor/lib/test/auto/Dictionary1.xml (RunModel)" time="0.017" />
  <testcase classname="ptolemy.util.test.junit.AutoTests" name="[109] /home/travis/build/icyphy/ptII/ptolemy/actor/lib/test/auto/Dictionary2.xml (RunModel)" time="0.015" />
  <testcase classname="ptolemy.util.test.junit.AutoTests" name="[110] /home/travis/build/icyphy/ptII/ptolemy/actor/lib/test/auto/Dictionary3.xml (RunModel)" time="0.014" />
  <testcase classname="ptolemy.util.test.junit.AutoTests" name="[111] /home/travis/build/icyphy/ptII/ptolemy/actor/lib/test/auto/Dictionary4.xml (RunModel)" time="0.028" />
  <testcase classname="ptolemy.util.test.junit.AutoTests" name="[112] /home/travis/build/icyphy/ptII/ptolemy/actor/lib/test/auto/Differential.xml (RunModel)" time="0.011" />
  <testcase classname="ptolemy.util.test.junit.AutoTests" name="[113] /home/travis/build/icyphy/ptII/ptolemy/actor/lib/test/auto/Director.xml (RunModel)" time="0.011" />
  <testcase classname="ptolemy.util.test.junit.AutoTests" name="[114] /home/travis/build/icyphy/ptII/ptolemy/actor/lib/test/auto/DiscreteClock.xml (RunModel)" time="0.01" />
  <testcase classname="ptolemy.util.test.junit.AutoTests" name="[115] /home/travis/build/icyphy/ptII/ptolemy/actor/lib/test/auto/DiscreteClock10.xml (RunModel)" time="0.014" />
  <testcase classname="ptolemy.util.test.junit.AutoTests" name="[116] /home/travis/build/icyphy/ptII/ptolemy/actor/lib/test/auto/DiscreteClock11.xml (RunModel)" time="0.014" />
  <testcase classname="ptolemy.util.test.junit.AutoTests" name="[117] /home/travis/build/icyphy/ptII/ptolemy/actor/lib/test/auto/DiscreteClock12.xml (RunModel)" time="0.014" />
  <testcase classname="ptolemy.util.test.junit.AutoTests" name="[118] /home/travis/build/icyphy/ptII/ptolemy/actor/lib/test/auto/DiscreteClock13.xml (RunModel)" time="0.018" />
  <testcase classname="ptolemy.util.test.junit.AutoTests" name="[119] /home/travis/build/icyphy/ptII/ptolemy/actor/lib/test/auto/DiscreteClock14.xml (RunModel)" time="0.018" />
  <testcase classname="ptolemy.util.test.junit.AutoTests" name="[120] /home/travis/build/icyphy/ptII/ptolemy/actor/lib/test/auto/DiscreteClock15.xml (RunModel)" time="0.018" />
  <testcase classname="ptolemy.util.test.junit.AutoTests" name="[121] /home/travis/build/icyphy/ptII/ptolemy/actor/lib/test/auto/DiscreteClock16.xml (RunModel)" time="0.045" />
  <testcase classname="ptolemy.util.test.junit.AutoTests" name="[122] /home/travis/build/icyphy/ptII/ptolemy/actor/lib/test/auto/DiscreteClock17.xml (RunModel)" time="0.047" />
  <testcase classname="ptolemy.util.test.junit.AutoTests" name="[123] /home/travis/build/icyphy/ptII/ptolemy/actor/lib/test/auto/DiscreteClock18.xml (RunModel)" time="0.039" />
  <testcase classname="ptolemy.util.test.junit.AutoTests" name="[124] /home/travis/build/icyphy/ptII/ptolemy/actor/lib/test/auto/DiscreteClock19.xml (RunModel)" time="0.042" />
  <testcase classname="ptolemy.util.test.junit.AutoTests" name="[125] /home/travis/build/icyphy/ptII/ptolemy/actor/lib/test/auto/DiscreteClock2.xml (RunModel)" time="0.013" />
  <testcase classname="ptolemy.util.test.junit.AutoTests" name="[126] /home/travis/build/icyphy/ptII/ptolemy/actor/lib/test/auto/DiscreteClock20.xml (RunModel)" time="0.018" />
  <testcase classname="ptolemy.util.test.junit.AutoTests" name="[127] /home/travis/build/icyphy/ptII/ptolemy/actor/lib/test/auto/DiscreteClock21.xml (RunModel)" time="0.018" />
  <testcase classname="ptolemy.util.test.junit.AutoTests" name="[128] /home/travis/build/icyphy/ptII/ptolemy/actor/lib/test/auto/DiscreteClock22.xml (RunModel)" time="0.019" />
  <testcase classname="ptolemy.util.test.junit.AutoTests" name="[129] /home/travis/build/icyphy/ptII/ptolemy/actor/lib/test/auto/DiscreteClock23.xml (RunModel)" time="0.017" />
  <testcase classname="ptolemy.util.test.junit.AutoTests" name="[130] /home/travis/build/icyphy/ptII/ptolemy/actor/lib/test/auto/DiscreteClock24.xml (RunModel)" time="0.633" />
  <testcase classname="ptolemy.util.test.junit.AutoTests" name="[131] /home/travis/build/icyphy/ptII/ptolemy/actor/lib/test/auto/DiscreteClock4.xml (RunModel)" time="0.012" />
  <testcase classname="ptolemy.util.test.junit.AutoTests" name="[132] /home/travis/build/icyphy/ptII/ptolemy/actor/lib/test/auto/DiscreteClock5.xml (RunModel)" time="0.012" />
  <testcase classname="ptolemy.util.test.junit.AutoTests" name="[133] /home/travis/build/icyphy/ptII/ptolemy/actor/lib/test/auto/DiscreteClock6.xml (RunModel)" time="0.01" />
  <testcase classname="ptolemy.util.test.junit.AutoTests" name="[134] /home/travis/build/icyphy/ptII/ptolemy/actor/lib/test/auto/DiscreteClock7.xml (RunModel)" time="0.011" />
  <testcase classname="ptolemy.util.test.junit.AutoTests" name="[135] /home/travis/build/icyphy/ptII/ptolemy/actor/lib/test/auto/DiscreteClock8.xml (RunModel)" time="0.017" />
  <testcase classname="ptolemy.util.test.junit.AutoTests" name="[136] /home/travis/build/icyphy/ptII/ptolemy/actor/lib/test/auto/DiscreteClock9.xml (RunModel)" time="0.017" />
  <testcase classname="ptolemy.util.test.junit.AutoTests" name="[137] /home/travis/build/icyphy/ptII/ptolemy/actor/lib/test/auto/DisplayArray.xml (RunModel)" time="0.028" />
  <testcase classname="ptolemy.util.test.junit.AutoTests" name="[138] /home/travis/build/icyphy/ptII/ptolemy/actor/lib/test/auto/Distributor.xml (RunModel)" time="0.011" />
  <testcase classname="ptolemy.util.test.junit.AutoTests" name="[139] /home/travis/build/icyphy/ptII/ptolemy/actor/lib/test/auto/Distributor2.xml (RunModel)" time="0.014" />
  <testcase classname="ptolemy.util.test.junit.AutoTests" name="[140] /home/travis/build/icyphy/ptII/ptolemy/actor/lib/test/auto/DownSample.xml (RunModel)" time="0.015" />
  <testcase classname="ptolemy.util.test.junit.AutoTests" name="[141] /home/travis/build/icyphy/ptII/ptolemy/actor/lib/test/auto/ElectronicUnitBase1.xml (RunModel)" time="0.079" />
  <testcase classname="ptolemy.util.test.junit.AutoTests" name="[142] /home/travis/build/icyphy/ptII/ptolemy/actor/lib/test/auto/ElementsToArray.xml (RunModel)" time="0.012" />
  <testcase classname="ptolemy.util.test.junit.AutoTests" name="[143] /home/travis/build/icyphy/ptII/ptolemy/actor/lib/test/auto/Equals.xml (RunModel)" time="0.015" />
  <testcase classname="ptolemy.util.test.junit.AutoTests" name="[144] /home/travis/build/icyphy/ptII/ptolemy/actor/lib/test/auto/Exec.xml (RunModel)" time="0.025" />
  <testcase classname="ptolemy.util.test.junit.AutoTests" name="[145] /home/travis/build/icyphy/ptII/ptolemy/actor/lib/test/auto/ExecEnvironment.xml (RunModel)" time="0.043" />
  <testcase classname="ptolemy.util.test.junit.AutoTests" name="[146] /home/travis/build/icyphy/ptII/ptolemy/actor/lib/test/auto/ExecNonZeroReturnOutput.xml (RunModel)" time="0.163" />
  <testcase classname="ptolemy.util.test.junit.AutoTests" name="[147] /home/travis/build/icyphy/ptII/ptolemy/actor/lib/test/auto/ExecRunDemos.xml (RunModel)" time="9.982" />
  <testcase classname="ptolemy.util.test.junit.AutoTests" name="[148] /home/travis/build/icyphy/ptII/ptolemy/actor/lib/test/auto/ExecStop.xml (RunModel)" time="5.033" />
  <testcase classname="ptolemy.util.test.junit.AutoTests" name="[149] /home/travis/build/icyphy/ptII/ptolemy/actor/lib/test/auto/ExecutionTimeSDF.xml (RunModel)" time="6.038" />
  <testcase classname="ptolemy.util.test.junit.AutoTests" name="[150] /home/travis/build/icyphy/ptII/ptolemy/actor/lib/test/auto/Expression1.xml (RunModel)" time="0.01" />
  <testcase classname="ptolemy.util.test.junit.AutoTests" name="[151] /home/travis/build/icyphy/ptII/ptolemy/actor/lib/test/auto/Expression10.xml (RunModel)" time="0.016" />
  <testcase classname="ptolemy.util.test.junit.AutoTests" name="[152] /home/travis/build/icyphy/ptII/ptolemy/actor/lib/test/auto/Expression11.xml (RunModel)" time="0.013" />
  <testcase classname="ptolemy.util.test.junit.AutoTests" name="[153] /home/travis/build/icyphy/ptII/ptolemy/actor/lib/test/auto/Expression12.xml (RunModel)" time="0.015" />
  <testcase classname="ptolemy.util.test.junit.AutoTests" name="[154] /home/travis/build/icyphy/ptII/ptolemy/actor/lib/test/auto/Expression13.xml (RunModel)" time="0.014" />
  <testcase classname="ptolemy.util.test.junit.AutoTests" name="[155] /home/travis/build/icyphy/ptII/ptolemy/actor/lib/test/auto/Expression14.xml (RunModel)" time="0.018" />
  <testcase classname="ptolemy.util.test.junit.AutoTests" name="[156] /home/travis/build/icyphy/ptII/ptolemy/actor/lib/test/auto/Expression15.xml (RunModel)" time="0.01" />
  <testcase classname="ptolemy.util.test.junit.AutoTests" name="[157] /home/travis/build/icyphy/ptII/ptolemy/actor/lib/test/auto/Expression16.xml (RunModel)" time="0.015" />
  <testcase classname="ptolemy.util.test.junit.AutoTests" name="[158] /home/travis/build/icyphy/ptII/ptolemy/actor/lib/test/auto/Expression17.xml (RunModel)" time="0.013" />
  <testcase classname="ptolemy.util.test.junit.AutoTests" name="[159] /home/travis/build/icyphy/ptII/ptolemy/actor/lib/test/auto/Expression18.xml (RunModel)" time="0.018" />
  <testcase classname="ptolemy.util.test.junit.AutoTests" name="[160] /home/travis/build/icyphy/ptII/ptolemy/actor/lib/test/auto/Expression2.xml (RunModel)" time="0.014" />
  <testcase classname="ptolemy.util.test.junit.AutoTests" name="[161] /home/travis/build/icyphy/ptII/ptolemy/actor/lib/test/auto/Expression3.xml (RunModel)" time="0.016" />
  <testcase classname="ptolemy.util.test.junit.AutoTests" name="[162] /home/travis/build/icyphy/ptII/ptolemy/actor/lib/test/auto/Expression4.xml (RunModel)" time="0.022" />
  <testcase classname="ptolemy.util.test.junit.AutoTests" name="[163] /home/travis/build/icyphy/ptII/ptolemy/actor/lib/test/auto/Expression5.xml (RunModel)" time="0.012" />
  <testcase classname="ptolemy.util.test.junit.AutoTests" name="[164] /home/travis/build/icyphy/ptII/ptolemy/actor/lib/test/auto/Expression6.xml (RunModel)" time="0.011" />
  <testcase classname="ptolemy.util.test.junit.AutoTests" name="[165] /home/travis/build/icyphy/ptII/ptolemy/actor/lib/test/auto/Expression7.xml (RunModel)" time="0.013" />
  <testcase classname="ptolemy.util.test.junit.AutoTests" name="[166] /home/travis/build/icyphy/ptII/ptolemy/actor/lib/test/auto/Expression8.xml (RunModel)" time="0.013" />
  <testcase classname="ptolemy.util.test.junit.AutoTests" name="[167] /home/travis/build/icyphy/ptII/ptolemy/actor/lib/test/auto/Expression9.xml (RunModel)" time="0.011" />
  <testcase classname="ptolemy.util.test.junit.AutoTests" name="[168] /home/travis/build/icyphy/ptII/ptolemy/actor/lib/test/auto/ExpressionConcatenateArrayType.xml (RunModel)" time="0.029" />
  <testcase classname="ptolemy.util.test.junit.AutoTests" name="[169] /home/travis/build/icyphy/ptII/ptolemy/actor/lib/test/auto/ExpressionConcatenateArrayType2.xml (RunModel)" time="0.027" />
  <testcase classname="ptolemy.util.test.junit.AutoTests" name="[170] /home/travis/build/icyphy/ptII/ptolemy/actor/lib/test/auto/ExpressionFix.xml (RunModel)" time="0.029" />
  <testcase classname="ptolemy.util.test.junit.AutoTests" name="[171] /home/travis/build/icyphy/ptII/ptolemy/actor/lib/test/auto/ExpressionFix2.xml (RunModel)" time="0.01" />
  <testcase classname="ptolemy.util.test.junit.AutoTests" name="[172] /home/travis/build/icyphy/ptII/ptolemy/actor/lib/test/auto/ExpressionFix3.xml (RunModel)" time="0.011" />
  <testcase classname="ptolemy.util.test.junit.AutoTests" name="[173] /home/travis/build/icyphy/ptII/ptolemy/actor/lib/test/auto/FileWriter1.xml (RunModel)" time="0.009" />
  <testcase classname="ptolemy.util.test.junit.AutoTests" name="[174] /home/travis/build/icyphy/ptII/ptolemy/actor/lib/test/auto/FileWriter2.xml (RunModel)" time="0.011" />
  <testcase classname="ptolemy.util.test.junit.AutoTests" name="[175] /home/travis/build/icyphy/ptII/ptolemy/actor/lib/test/auto/FileWriter3.xml (RunModel)" time="0.015" />
  <testcase classname="ptolemy.util.test.junit.AutoTests" name="[176] /home/travis/build/icyphy/ptII/ptolemy/actor/lib/test/auto/Gaussian.xml (RunModel)" time="0.011" />
  <testcase classname="ptolemy.util.test.junit.AutoTests" name="[177] /home/travis/build/icyphy/ptII/ptolemy/actor/lib/test/auto/Gaussian1.xml (RunModel)" time="0.014" />
  <testcase classname="ptolemy.util.test.junit.AutoTests" name="[178] /home/travis/build/icyphy/ptII/ptolemy/actor/lib/test/auto/Gaussian2.xml (RunModel)" time="0.015" />
  <testcase classname="ptolemy.util.test.junit.AutoTests" name="[179] /home/travis/build/icyphy/ptII/ptolemy/actor/lib/test/auto/GradientAdaptiveLattice.xml (RunModel)" time="0.025" />
  <testcase classname="ptolemy.util.test.junit.AutoTests" name="[180] /home/travis/build/icyphy/ptII/ptolemy/actor/lib/test/auto/IIR.xml (RunModel)" time="0.015" />
  <testcase classname="ptolemy.util.test.junit.AutoTests" name="[181] /home/travis/build/icyphy/ptII/ptolemy/actor/lib/test/auto/InputOutputTransparentPorts.xml (RunModel)" time="0.022" />
  <testcase classname="ptolemy.util.test.junit.AutoTests" name="[182] /home/travis/build/icyphy/ptII/ptolemy/actor/lib/test/auto/Interpolator.xml (RunModel)" time="0.016" />
  <testcase classname="ptolemy.util.test.junit.AutoTests" name="[183] /home/travis/build/icyphy/ptII/ptolemy/actor/lib/test/auto/InterpolatorFiringLimitDE.xml (RunModel)" time="0.015" />
  <testcase classname="ptolemy.util.test.junit.AutoTests" name="[184] /home/travis/build/icyphy/ptII/ptolemy/actor/lib/test/auto/Lattice.xml (RunModel)" time="0.009" />
  <testcase classname="ptolemy.util.test.junit.AutoTests" name="[185] /home/travis/build/icyphy/ptII/ptolemy/actor/lib/test/auto/LazyAOCTestLazy.xml (RunModel)" time="0.025" />
  <testcase classname="ptolemy.util.test.junit.AutoTests" name="[186] /home/travis/build/icyphy/ptII/ptolemy/actor/lib/test/auto/LazyAOCTestNonLazy.xml (RunModel)" time="0.053" />
  <testcase classname="ptolemy.util.test.junit.AutoTests" name="[187] /home/travis/build/icyphy/ptII/ptolemy/actor/lib/test/auto/LazyInnerClass.xml (RunModel)" time="0.055" />
  <testcase classname="ptolemy.util.test.junit.AutoTests" name="[188] /home/travis/build/icyphy/ptII/ptolemy/actor/lib/test/auto/LazyPubSub.xml (RunModel)" time="0.071" />
  <testcase classname="ptolemy.util.test.junit.AutoTests" name="[189] /home/travis/build/icyphy/ptII/ptolemy/actor/lib/test/auto/LazyPubSub2.xml (RunModel)" time="0.074" />
  <testcase classname="ptolemy.util.test.junit.AutoTests" name="[190] /home/travis/build/icyphy/ptII/ptolemy/actor/lib/test/auto/LazyPubSub3.xml (RunModel)" time="0.057" />
  <testcase classname="ptolemy.util.test.junit.AutoTests" name="[191] /home/travis/build/icyphy/ptII/ptolemy/actor/lib/test/auto/LazySubClassModel.xml (RunModel)" time="0.025" />
  <testcase classname="ptolemy.util.test.junit.AutoTests" name="[192] /home/travis/build/icyphy/ptII/ptolemy/actor/lib/test/auto/LevelCrossTest1.xml (RunModel)" time="0.012" />
  <testcase classname="ptolemy.util.test.junit.AutoTests" name="[193] /home/travis/build/icyphy/ptII/ptolemy/actor/lib/test/auto/LevelCrossTest10.xml (RunModel)" time="0.018" />
  <testcase classname="ptolemy.util.test.junit.AutoTests" name="[194] /home/travis/build/icyphy/ptII/ptolemy/actor/lib/test/auto/LevelCrossTest11.xml (RunModel)" time="0.016" />
  <testcase classname="ptolemy.util.test.junit.AutoTests" name="[195] /home/travis/build/icyphy/ptII/ptolemy/actor/lib/test/auto/LevelCrossTest12.xml (RunModel)" time="0.016" />
  <testcase classname="ptolemy.util.test.junit.AutoTests" name="[196] /home/travis/build/icyphy/ptII/ptolemy/actor/lib/test/auto/LevelCrossTest13.xml (RunModel)" time="0.021" />
  <testcase classname="ptolemy.util.test.junit.AutoTests" name="[197] /home/travis/build/icyphy/ptII/ptolemy/actor/lib/test/auto/LevelCrossTest2.xml (RunModel)" time="0.013" />
  <testcase classname="ptolemy.util.test.junit.AutoTests" name="[198] /home/travis/build/icyphy/ptII/ptolemy/actor/lib/test/auto/LevelCrossTest3.xml (RunModel)" time="0.013" />
  <testcase classname="ptolemy.util.test.junit.AutoTests" name="[199] /home/travis/build/icyphy/ptII/ptolemy/actor/lib/test/auto/LevelCrossTest4.xml (RunModel)" time="0.013" />
  <testcase classname="ptolemy.util.test.junit.AutoTests" name="[200] /home/travis/build/icyphy/ptII/ptolemy/actor/lib/test/auto/LevelCrossTest5.xml (RunModel)" time="0.015" />
  <testcase classname="ptolemy.util.test.junit.AutoTests" name="[201] /home/travis/build/icyphy/ptII/ptolemy/actor/lib/test/auto/LevelCrossTest6.xml (RunModel)" time="0.016" />
  <testcase classname="ptolemy.util.test.junit.AutoTests" name="[202] /home/travis/build/icyphy/ptII/ptolemy/actor/lib/test/auto/LevelCrossTest7.xml (RunModel)" time="0.018" />
  <testcase classname="ptolemy.util.test.junit.AutoTests" name="[203] /home/travis/build/icyphy/ptII/ptolemy/actor/lib/test/auto/LevelCrossTest8.xml (RunModel)" time="0.016" />
  <testcase classname="ptolemy.util.test.junit.AutoTests" name="[204] /home/travis/build/icyphy/ptII/ptolemy/actor/lib/test/auto/LevelCrossTest9.xml (RunModel)" time="0.016" />
  <testcase classname="ptolemy.util.test.junit.AutoTests" name="[205] /home/travis/build/icyphy/ptII/ptolemy/actor/lib/test/auto/LevinsonDurbin.xml (RunModel)" time="0.01" />
  <testcase classname="ptolemy.util.test.junit.AutoTests" name="[206] /home/travis/build/icyphy/ptII/ptolemy/actor/lib/test/auto/LevinsonDurbin2.xml (RunModel)" time="0.009" />
  <testcase classname="ptolemy.util.test.junit.AutoTests" name="[207] /home/travis/build/icyphy/ptII/ptolemy/actor/lib/test/auto/LevinsonDurbin3.xml (RunModel)" time="0.009" />
  <testcase classname="ptolemy.util.test.junit.AutoTests" name="[208] /home/travis/build/icyphy/ptII/ptolemy/actor/lib/test/auto/Limiter.xml (RunModel)" time="0.029" />
  <testcase classname="ptolemy.util.test.junit.AutoTests" name="[209] /home/travis/build/icyphy/ptII/ptolemy/actor/lib/test/auto/LinearDifferenceEquationSystem.xml (RunModel)" time="0.024" />
  <testcase classname="ptolemy.util.test.junit.AutoTests" name="[210] /home/travis/build/icyphy/ptII/ptolemy/actor/lib/test/auto/LookupTable.xml (RunModel)" time="0.011" />
  <testcase classname="ptolemy.util.test.junit.AutoTests" name="[211] /home/travis/build/icyphy/ptII/ptolemy/actor/lib/test/auto/MathFunction.xml (RunModel)" time="0.024" />
  <testcase classname="ptolemy.util.test.junit.AutoTests" name="[212] /home/travis/build/icyphy/ptII/ptolemy/actor/lib/test/auto/MathFunction2.xml (RunModel)" time="0.013" />
  <testcase classname="ptolemy.util.test.junit.AutoTests" name="[213] /home/travis/build/icyphy/ptII/ptolemy/actor/lib/test/auto/MathFunction3.xml (RunModel)" time="0.027" />
  <testcase classname="ptolemy.util.test.junit.AutoTests" name="[214] /home/travis/build/icyphy/ptII/ptolemy/actor/lib/test/auto/MatrixCropBoolean.xml (RunModel)" time="0.021" />
  <testcase classname="ptolemy.util.test.junit.AutoTests" name="[215] /home/travis/build/icyphy/ptII/ptolemy/actor/lib/test/auto/MatrixCropComplex.xml (RunModel)" time="0.02" />
  <testcase classname="ptolemy.util.test.junit.AutoTests" name="[216] /home/travis/build/icyphy/ptII/ptolemy/actor/lib/test/auto/MatrixCropDouble.xml (RunModel)" time="0.012" />
  <testcase classname="ptolemy.util.test.junit.AutoTests" name="[217] /home/travis/build/icyphy/ptII/ptolemy/actor/lib/test/auto/MatrixCropFix.xml (RunModel)" time="0.014" />
  <testcase classname="ptolemy.util.test.junit.AutoTests" name="[218] /home/travis/build/icyphy/ptII/ptolemy/actor/lib/test/auto/MatrixCropInt.xml (RunModel)" time="0.013" />
  <testcase classname="ptolemy.util.test.junit.AutoTests" name="[219] /home/travis/build/icyphy/ptII/ptolemy/actor/lib/test/auto/MatrixCropLong.xml (RunModel)" time="0.011" />
  <testcase classname="ptolemy.util.test.junit.AutoTests" name="[220] /home/travis/build/icyphy/ptII/ptolemy/actor/lib/test/auto/MatrixToArray.xml (RunModel)" time="0.075" />
  <testcase classname="ptolemy.util.test.junit.AutoTests" name="[221] /home/travis/build/icyphy/ptII/ptolemy/actor/lib/test/auto/MaxIndex.xml (RunModel)" time="0.02" />
  <testcase classname="ptolemy.util.test.junit.AutoTests" name="[222] /home/travis/build/icyphy/ptII/ptolemy/actor/lib/test/auto/Maximum.xml (RunModel)" time="0.015" />
  <testcase classname="ptolemy.util.test.junit.AutoTests" name="[223] /home/travis/build/icyphy/ptII/ptolemy/actor/lib/test/auto/MaximumComplex.xml (RunModel)" time="0.019" />
  <testcase classname="ptolemy.util.test.junit.AutoTests" name="[224] /home/travis/build/icyphy/ptII/ptolemy/actor/lib/test/auto/MethodCallTest.xml (RunModel)" time="0.025" />
  <testcase classname="ptolemy.util.test.junit.AutoTests" name="[225] /home/travis/build/icyphy/ptII/ptolemy/actor/lib/test/auto/Minimum.xml (RunModel)" time="0.017" />
  <testcase classname="ptolemy.util.test.junit.AutoTests" name="[226] /home/travis/build/icyphy/ptII/ptolemy/actor/lib/test/auto/MinimumComplex.xml (RunModel)" time="0.023" />
  <testcase classname="ptolemy.util.test.junit.AutoTests" name="[227] /home/travis/build/icyphy/ptII/ptolemy/actor/lib/test/auto/MinimumMultiports.xml (RunModel)" time="0.026" />
  <testcase classname="ptolemy.util.test.junit.AutoTests" name="[228] /home/travis/build/icyphy/ptII/ptolemy/actor/lib/test/auto/ModifyDate.xml (RunModel)" time="0.046" />
  <testcase classname="ptolemy.util.test.junit.AutoTests" name="[229] /home/travis/build/icyphy/ptII/ptolemy/actor/lib/test/auto/ModifyDate2.xml (RunModel)" time="0.055" />
  <testcase classname="ptolemy.util.test.junit.AutoTests" name="[230] /home/travis/build/icyphy/ptII/ptolemy/actor/lib/test/auto/MovingAverage.xml (RunModel)" time="0.013" />
  <testcase classname="ptolemy.util.test.junit.AutoTests" name="[231] /home/travis/build/icyphy/ptII/ptolemy/actor/lib/test/auto/MovingMaximum.xml (RunModel)" time="0.012" />
  <testcase classname="ptolemy.util.test.junit.AutoTests" name="[232] /home/travis/build/icyphy/ptII/ptolemy/actor/lib/test/auto/MultipleLinksToSameRelation.xml (RunModel)" time="0.009" />
  <testcase classname="ptolemy.util.test.junit.AutoTests" name="[233] /home/travis/build/icyphy/ptII/ptolemy/actor/lib/test/auto/MultipleLinksToSameRelationDE.xml (RunModel)" time="0.016" />
  <testcase classname="ptolemy.util.test.junit.AutoTests" name="[234] /home/travis/build/icyphy/ptII/ptolemy/actor/lib/test/auto/Multiplexor.xml (RunModel)" time="0.021" />
  <testcase classname="ptolemy.util.test.junit.AutoTests" name="[235] /home/travis/build/icyphy/ptII/ptolemy/actor/lib/test/auto/Multiplexor1.xml (RunModel)" time="0.019" />
  <testcase classname="ptolemy.util.test.junit.AutoTests" name="[236] /home/travis/build/icyphy/ptII/ptolemy/actor/lib/test/auto/Multiplexor2.xml (RunModel)" time="0.016" />
  <testcase classname="ptolemy.util.test.junit.AutoTests" name="[237] /home/travis/build/icyphy/ptII/ptolemy/actor/lib/test/auto/Multiplexor3.xml (RunModel)" time="0.011" />
  <testcase classname="ptolemy.util.test.junit.AutoTests" name="[238] /home/travis/build/icyphy/ptII/ptolemy/actor/lib/test/auto/MultiplexorDE.xml (RunModel)" time="0.021" />
  <testcase classname="ptolemy.util.test.junit.AutoTests" name="[239] /home/travis/build/icyphy/ptII/ptolemy/actor/lib/test/auto/MultiportBroadcastTest.xml (RunModel)" time="0.075" />
  <testcase classname="ptolemy.util.test.junit.AutoTests" name="[240] /home/travis/build/icyphy/ptII/ptolemy/actor/lib/test/auto/MultiportOutHangDuringGetWidth.xml (RunModel)" time="0.053" />
  <testcase classname="ptolemy.util.test.junit.AutoTests" name="[241] /home/travis/build/icyphy/ptII/ptolemy/actor/lib/test/auto/NilToken.xml (RunModel)" time="0.019" />
  <testcase classname="ptolemy.util.test.junit.AutoTests" name="[242] /home/travis/build/icyphy/ptII/ptolemy/actor/lib/test/auto/NilTokenNonStrictTest.xml (RunModel)" time="0.016" />
  <testcase classname="ptolemy.util.test.junit.AutoTests" name="[243] /home/travis/build/icyphy/ptII/ptolemy/actor/lib/test/auto/NilTokenRecord.xml (RunModel)" time="0.023" />
  <testcase classname="ptolemy.util.test.junit.AutoTests" name="[244] /home/travis/build/icyphy/ptII/ptolemy/actor/lib/test/auto/NilTokenTypeTest.xml (RunModel)" time="0.035" />
  <testcase classname="ptolemy.util.test.junit.AutoTests" name="[245] /home/travis/build/icyphy/ptII/ptolemy/actor/lib/test/auto/ObjectToken1.xml (RunModel)" time="0.009" />
  <testcase classname="ptolemy.util.test.junit.AutoTests" name="[246] /home/travis/build/icyphy/ptII/ptolemy/actor/lib/test/auto/OrderedMerge.xml (RunModel)" time="0.023" />
  <testcase classname="ptolemy.util.test.junit.AutoTests" name="[247] /home/travis/build/icyphy/ptII/ptolemy/actor/lib/test/auto/OrderedRecordDisassembler.xml (RunModel)" time="0.018" />
  <testcase classname="ptolemy.util.test.junit.AutoTests" name="[248] /home/travis/build/icyphy/ptII/ptolemy/actor/lib/test/auto/OrderedRecordDisassembler2.xml (RunModel)" time="0.022" />
  <testcase classname="ptolemy.util.test.junit.AutoTests" name="[249] /home/travis/build/icyphy/ptII/ptolemy/actor/lib/test/auto/OrderedRecordUpdater.xml (RunModel)" time="0.01" />
  <testcase classname="ptolemy.util.test.junit.AutoTests" name="[250] /home/travis/build/icyphy/ptII/ptolemy/actor/lib/test/auto/OrderedRecordUpdater2.xml (RunModel)" time="0.011" />
  <testcase classname="ptolemy.util.test.junit.AutoTests" name="[251] /home/travis/build/icyphy/ptII/ptolemy/actor/lib/test/auto/PhaseUnwrap.xml (RunModel)" time="0.012" />
  <testcase classname="ptolemy.util.test.junit.AutoTests" name="[252] /home/travis/build/icyphy/ptII/ptolemy/actor/lib/test/auto/PoissonClock.xml (RunModel)" time="0.01" />
  <testcase classname="ptolemy.util.test.junit.AutoTests" name="[253] /home/travis/build/icyphy/ptII/ptolemy/actor/lib/test/auto/PoissonClock2.xml (RunModel)" time="0.009" />
  <testcase classname="ptolemy.util.test.junit.AutoTests" name="[254] /home/travis/build/icyphy/ptII/ptolemy/actor/lib/test/auto/PoissonClock3.xml (RunModel)" time="0.01" />
  <testcase classname="ptolemy.util.test.junit.AutoTests" name="[255] /home/travis/build/icyphy/ptII/ptolemy/actor/lib/test/auto/PubSubWithInitialTokens.xml (RunModel)" time="0.012" />
  <testcase classname="ptolemy.util.test.junit.AutoTests" name="[256] /home/travis/build/icyphy/ptII/ptolemy/actor/lib/test/auto/PubSubWithInitialTokens2.xml (RunModel)" time="0.014" />
  <testcase classname="ptolemy.util.test.junit.AutoTests" name="[257] /home/travis/build/icyphy/ptII/ptolemy/actor/lib/test/auto/PublisherClassNoParameter.xml (RunModel)" time="0.022" />
  <testcase classname="ptolemy.util.test.junit.AutoTests" name="[258] /home/travis/build/icyphy/ptII/ptolemy/actor/lib/test/auto/PublisherClassParameter.xml (RunModel)" time="0.023" />
  <testcase classname="ptolemy.util.test.junit.AutoTests" name="[259] /home/travis/build/icyphy/ptII/ptolemy/actor/lib/test/auto/PublisherNonStrictTest.xml (RunModel)" time="0.017" />
  <testcase classname="ptolemy.util.test.junit.AutoTests" name="[260] /home/travis/build/icyphy/ptII/ptolemy/actor/lib/test/auto/PublisherPort1.xml (RunModel)" time="0.011" />
  <testcase classname="ptolemy.util.test.junit.AutoTests" name="[261] /home/travis/build/icyphy/ptII/ptolemy/actor/lib/test/auto/PublisherPort2.xml (RunModel)" time="0.009" />
  <testcase classname="ptolemy.util.test.junit.AutoTests" name="[262] /home/travis/build/icyphy/ptII/ptolemy/actor/lib/test/auto/PublisherPort3.xml (RunModel)" time="0.014" />
  <testcase classname="ptolemy.util.test.junit.AutoTests" name="[263] /home/travis/build/icyphy/ptII/ptolemy/actor/lib/test/auto/PublisherPort4.xml (RunModel)" time="0.012" />
  <testcase classname="ptolemy.util.test.junit.AutoTests" name="[264] /home/travis/build/icyphy/ptII/ptolemy/actor/lib/test/auto/PublisherPort5.xml (RunModel)" time="0.018" />
  <testcase classname="ptolemy.util.test.junit.AutoTests" name="[265] /home/travis/build/icyphy/ptII/ptolemy/actor/lib/test/auto/PublisherPort5LookAlike.xml (RunModel)" time="0.018" />
  <testcase classname="ptolemy.util.test.junit.AutoTests" name="[266] /home/travis/build/icyphy/ptII/ptolemy/actor/lib/test/auto/PublisherPort6.xml (RunModel)" time="0.016" />
  <testcase classname="ptolemy.util.test.junit.AutoTests" name="[267] /home/travis/build/icyphy/ptII/ptolemy/actor/lib/test/auto/PublisherPort7.xml (RunModel)" time="0.018" />
  <testcase classname="ptolemy.util.test.junit.AutoTests" name="[268] /home/travis/build/icyphy/ptII/ptolemy/actor/lib/test/auto/PublisherPort8.xml (RunModel)" time="0.02" />
  <testcase classname="ptolemy.util.test.junit.AutoTests" name="[269] /home/travis/build/icyphy/ptII/ptolemy/actor/lib/test/auto/PublisherPortSubscriberChannelVariablesAOC2.xml (RunModel)" time="0.038" />
  <testcase classname="ptolemy.util.test.junit.AutoTests" name="[270] /home/travis/build/icyphy/ptII/ptolemy/actor/lib/test/auto/PublisherPortSubscriberOpaqueWidthInference.xml (RunModel)" time="0.019" />
  <testcase classname="ptolemy.util.test.junit.AutoTests" name="[271] /home/travis/build/icyphy/ptII/ptolemy/actor/lib/test/auto/PublisherPortSubscriberPortAdjacent.xml (RunModel)" time="0.021" />
  <testcase classname="ptolemy.util.test.junit.AutoTests" name="[272] /home/travis/build/icyphy/ptII/ptolemy/actor/lib/test/auto/PublisherPortSubscriberPortExpression.xml (RunModel)" time="0.02" />
  <testcase classname="ptolemy.util.test.junit.AutoTests" name="[273] /home/travis/build/icyphy/ptII/ptolemy/actor/lib/test/auto/PublisherPortSubscriberPortOpaqueD3Reverse.xml (RunModel)" time="0.024" />
  <testcase classname="ptolemy.util.test.junit.AutoTests" name="[274] /home/travis/build/icyphy/ptII/ptolemy/actor/lib/test/auto/PublisherPortSubscriberPortOpaqueWidthInference.xml (RunModel)" time="0.019" />
  <testcase classname="ptolemy.util.test.junit.AutoTests" name="[275] /home/travis/build/icyphy/ptII/ptolemy/actor/lib/test/auto/PublisherPortToplevelSubscriberPortAOC.xml (RunModel)" time="0.011" />
  <testcase classname="ptolemy.util.test.junit.AutoTests" name="[276] /home/travis/build/icyphy/ptII/ptolemy/actor/lib/test/auto/PublisherSubscriber.xml (RunModel)" time="0.016" />
  <testcase classname="ptolemy.util.test.junit.AutoTests" name="[277] /home/travis/build/icyphy/ptII/ptolemy/actor/lib/test/auto/PublisherSubscriber10.xml (RunModel)" time="0.026" />
  <testcase classname="ptolemy.util.test.junit.AutoTests" name="[278] /home/travis/build/icyphy/ptII/ptolemy/actor/lib/test/auto/PublisherSubscriber10InitialOutputs.xml (RunModel)" time="0.023" />
  <testcase classname="ptolemy.util.test.junit.AutoTests" name="[279] /home/travis/build/icyphy/ptII/ptolemy/actor/lib/test/auto/PublisherSubscriber11.xml (RunModel)" time="0.023" />
  <testcase classname="ptolemy.util.test.junit.AutoTests" name="[280] /home/travis/build/icyphy/ptII/ptolemy/actor/lib/test/auto/PublisherSubscriber12.xml (RunModel)" time="0.024" />
  <testcase classname="ptolemy.util.test.junit.AutoTests" name="[281] /home/travis/build/icyphy/ptII/ptolemy/actor/lib/test/auto/PublisherSubscriber13.xml (RunModel)" time="0.015" />
  <testcase classname="ptolemy.util.test.junit.AutoTests" name="[282] /home/travis/build/icyphy/ptII/ptolemy/actor/lib/test/auto/PublisherSubscriber14.xml (RunModel)" time="0.021" />
  <testcase classname="ptolemy.util.test.junit.AutoTests" name="[283] /home/travis/build/icyphy/ptII/ptolemy/actor/lib/test/auto/PublisherSubscriber2.xml (RunModel)" time="0.013" />
  <testcase classname="ptolemy.util.test.junit.AutoTests" name="[284] /home/travis/build/icyphy/ptII/ptolemy/actor/lib/test/auto/PublisherSubscriber3.xml (RunModel)" time="0.012" />
  <testcase classname="ptolemy.util.test.junit.AutoTests" name="[285] /home/travis/build/icyphy/ptII/ptolemy/actor/lib/test/auto/PublisherSubscriber4.xml (RunModel)" time="0.01" />
  <testcase classname="ptolemy.util.test.junit.AutoTests" name="[286] /home/travis/build/icyphy/ptII/ptolemy/actor/lib/test/auto/PublisherSubscriber5.xml (RunModel)" time="0.014" />
  <testcase classname="ptolemy.util.test.junit.AutoTests" name="[287] /home/travis/build/icyphy/ptII/ptolemy/actor/lib/test/auto/PublisherSubscriber6.xml (RunModel)" time="0.017" />
  <testcase classname="ptolemy.util.test.junit.AutoTests" name="[288] /home/travis/build/icyphy/ptII/ptolemy/actor/lib/test/auto/PublisherSubscriber7.xml (RunModel)" time="0.027" />
  <testcase classname="ptolemy.util.test.junit.AutoTests" name="[289] /home/travis/build/icyphy/ptII/ptolemy/actor/lib/test/auto/PublisherSubscriber8.xml (RunModel)" time="0.055" />
  <testcase classname="ptolemy.util.test.junit.AutoTests" name="[290] /home/travis/build/icyphy/ptII/ptolemy/actor/lib/test/auto/PublisherSubscriber9.xml (RunModel)" time="0.018" />
  <testcase classname="ptolemy.util.test.junit.AutoTests" name="[291] /home/travis/build/icyphy/ptII/ptolemy/actor/lib/test/auto/PublisherSubscriberAdjacent.xml (RunModel)" time="0.026" />
  <testcase classname="ptolemy.util.test.junit.AutoTests" name="[292] /home/travis/build/icyphy/ptII/ptolemy/actor/lib/test/auto/PublisherSubscriberChannelVariablesAOC2.xml (RunModel)" time="0.042" />
  <testcase classname="ptolemy.util.test.junit.AutoTests" name="[293] /home/travis/build/icyphy/ptII/ptolemy/actor/lib/test/auto/PublisherSubscriberD3.xml (RunModel)" time="0.019" />
  <testcase classname="ptolemy.util.test.junit.AutoTests" name="[294] /home/travis/build/icyphy/ptII/ptolemy/actor/lib/test/auto/PublisherSubscriberD3Reverse.xml (RunModel)" time="0.015" />
  <testcase classname="ptolemy.util.test.junit.AutoTests" name="[295] /home/travis/build/icyphy/ptII/ptolemy/actor/lib/test/auto/PublisherSubscriberExpression.xml (RunModel)" time="0.025" />
  <testcase classname="ptolemy.util.test.junit.AutoTests" name="[296] /home/travis/build/icyphy/ptII/ptolemy/actor/lib/test/auto/PublisherSubscriberOpaque.xml (RunModel)" time="0.019" />
  <testcase classname="ptolemy.util.test.junit.AutoTests" name="[297] /home/travis/build/icyphy/ptII/ptolemy/actor/lib/test/auto/PublisherSubscriberOpaqueD3.xml (RunModel)" time="0.03" />
  <testcase classname="ptolemy.util.test.junit.AutoTests" name="[298] /home/travis/build/icyphy/ptII/ptolemy/actor/lib/test/auto/PublisherSubscriberOpaqueD3Reverse.xml (RunModel)" time="0.026" />
  <testcase classname="ptolemy.util.test.junit.AutoTests" name="[299] /home/travis/build/icyphy/ptII/ptolemy/actor/lib/test/auto/PublisherSubscriberOpaqueWidthInference.xml (RunModel)" time="0.023" />
  <testcase classname="ptolemy.util.test.junit.AutoTests" name="[300] /home/travis/build/icyphy/ptII/ptolemy/actor/lib/test/auto/PublisherTestSubscriber.xml (RunModel)" time="0.02" />
  <testcase classname="ptolemy.util.test.junit.AutoTests" name="[301] /home/travis/build/icyphy/ptII/ptolemy/actor/lib/test/auto/PublisherToplevelSubscriberPortAOC.xml (RunModel)" time="0.015" />
  <testcase classname="ptolemy.util.test.junit.AutoTests" name="[302] /home/travis/build/icyphy/ptII/ptolemy/actor/lib/test/auto/PulseFiringLimitDE.xml (RunModel)" time="0.021" />
  <testcase classname="ptolemy.util.test.junit.AutoTests" name="[303] /home/travis/build/icyphy/ptII/ptolemy/actor/lib/test/auto/Ramp1.xml (RunModel)" time="0.01" />
  <testcase classname="ptolemy.util.test.junit.AutoTests" name="[304] /home/travis/build/icyphy/ptII/ptolemy/actor/lib/test/auto/RampFiringLimitDE.xml (RunModel)" time="0.024" />
  <testcase classname="ptolemy.util.test.junit.AutoTests" name="[305] /home/travis/build/icyphy/ptII/ptolemy/actor/lib/test/auto/RampFiringLimitSDF.xml (RunModel)" time="0.012" />
  <testcase classname="ptolemy.util.test.junit.AutoTests" name="[306] /home/travis/build/icyphy/ptII/ptolemy/actor/lib/test/auto/RandomInteger.xml (RunModel)" time="0.008" />
  <testcase classname="ptolemy.util.test.junit.AutoTests" name="[307] /home/travis/build/icyphy/ptII/ptolemy/actor/lib/test/auto/ReadFile1.xml (RunModel)" time="0.01" />
  <testcase classname="ptolemy.util.test.junit.AutoTests" name="[308] /home/travis/build/icyphy/ptII/ptolemy/actor/lib/test/auto/ReadFile2.xml (RunModel)" time="0.009" />
  <testcase classname="ptolemy.util.test.junit.AutoTests" name="[309] /home/travis/build/icyphy/ptII/ptolemy/actor/lib/test/auto/Reader.xml (RunModel)" time="0.014" />
  <testcase classname="ptolemy.util.test.junit.AutoTests" name="[310] /home/travis/build/icyphy/ptII/ptolemy/actor/lib/test/auto/RecordAssemblerDisplayNameTest.xml (RunModel)" time="4.177" />
  <testcase classname="ptolemy.util.test.junit.AutoTests" name="[311] /home/travis/build/icyphy/ptII/ptolemy/actor/lib/test/auto/RecordAssemblerTypeError.xml (RunModel)" time="0.05" />
  <testcase classname="ptolemy.util.test.junit.AutoTests" name="[312] /home/travis/build/icyphy/ptII/ptolemy/actor/lib/test/auto/RecordDisassember.xml (RunModel)" time="0.015" />
  <testcase classname="ptolemy.util.test.junit.AutoTests" name="[313] /home/travis/build/icyphy/ptII/ptolemy/actor/lib/test/auto/RecordDisassemberDisplayNameTest.xml (RunModel)" time="0.021" />
  <testcase classname="ptolemy.util.test.junit.AutoTests" name="[314] /home/travis/build/icyphy/ptII/ptolemy/actor/lib/test/auto/RecordDisassembler.xml (RunModel)" time="0.01" />
  <testcase classname="ptolemy.util.test.junit.AutoTests" name="[315] /home/travis/build/icyphy/ptII/ptolemy/actor/lib/test/auto/RecordDisassembler2.xml (RunModel)" time="0.013" />
  <testcase classname="ptolemy.util.test.junit.AutoTests" name="[316] /home/travis/build/icyphy/ptII/ptolemy/actor/lib/test/auto/RecordUpdater.xml (RunModel)" time="0.013" />
  <testcase classname="ptolemy.util.test.junit.AutoTests" name="[317] /home/travis/build/icyphy/ptII/ptolemy/actor/lib/test/auto/RecordUpdater2.xml (RunModel)" time="0.01" />
  <testcase classname="ptolemy.util.test.junit.AutoTests" name="[318] /home/travis/build/icyphy/ptII/ptolemy/actor/lib/test/auto/RecursiveLattice.xml (RunModel)" time="0.01" />
  <testcase classname="ptolemy.util.test.junit.AutoTests" name="[319] /home/travis/build/icyphy/ptII/ptolemy/actor/lib/test/auto/Router.xml (RunModel)" time="3.031" />
  <testcase classname="ptolemy.util.test.junit.AutoTests" name="[320] /home/travis/build/icyphy/ptII/ptolemy/actor/lib/test/auto/Router2.xml (RunModel)" time="3.036" />
  <testcase classname="ptolemy.util.test.junit.AutoTests" name="[321] /home/travis/build/icyphy/ptII/ptolemy/actor/lib/test/auto/RunningMaximum.xml (RunModel)" time="0.014" />
  <testcase classname="ptolemy.util.test.junit.AutoTests" name="[322] /home/travis/build/icyphy/ptII/ptolemy/actor/lib/test/auto/RunningMinimum.xml (RunModel)" time="0.011" />
  <testcase classname="ptolemy.util.test.junit.AutoTests" name="[323] /home/travis/build/icyphy/ptII/ptolemy/actor/lib/test/auto/Scale.xml (RunModel)" time="0.009" />
  <testcase classname="ptolemy.util.test.junit.AutoTests" name="[324] /home/travis/build/icyphy/ptII/ptolemy/actor/lib/test/auto/Scale2.xml (RunModel)" time="0.011" />
  <testcase classname="ptolemy.util.test.junit.AutoTests" name="[325] /home/travis/build/icyphy/ptII/ptolemy/actor/lib/test/auto/Scale3.xml (RunModel)" time="0.015" />
  <testcase classname="ptolemy.util.test.junit.AutoTests" name="[326] /home/travis/build/icyphy/ptII/ptolemy/actor/lib/test/auto/ScaleArray.xml (RunModel)" time="0.009" />
  <testcase classname="ptolemy.util.test.junit.AutoTests" name="[327] /home/travis/build/icyphy/ptII/ptolemy/actor/lib/test/auto/ScaleArray2.xml (RunModel)" time="0.01" />
  <testcase classname="ptolemy.util.test.junit.AutoTests" name="[328] /home/travis/build/icyphy/ptII/ptolemy/actor/lib/test/auto/ScaleMatrix.xml (RunModel)" time="0.113" />
  <testcase classname="ptolemy.util.test.junit.AutoTests" name="[329] /home/travis/build/icyphy/ptII/ptolemy/actor/lib/test/auto/Select.xml (RunModel)" time="0.016" />
  <testcase classname="ptolemy.util.test.junit.AutoTests" name="[330] /home/travis/build/icyphy/ptII/ptolemy/actor/lib/test/auto/Select2.xml (RunModel)" time="0.01" />
  <testcase classname="ptolemy.util.test.junit.AutoTests" name="[331] /home/travis/build/icyphy/ptII/ptolemy/actor/lib/test/auto/SequenceToArray2.xml (RunModel)" time="0.137" />
  <testcase classname="ptolemy.util.test.junit.AutoTests" name="[332] /home/travis/build/icyphy/ptII/ptolemy/actor/lib/test/auto/SequentialClock.xml (RunModel)" time="0.017" />
  <testcase classname="ptolemy.util.test.junit.AutoTests" name="[333] /home/travis/build/icyphy/ptII/ptolemy/actor/lib/test/auto/SetVariable.xml (RunModel)" time="0.017" />
  <testcase classname="ptolemy.util.test.junit.AutoTests" name="[334] /home/travis/build/icyphy/ptII/ptolemy/actor/lib/test/auto/SetVariable2.xml (RunModel)" time="0.021" />
  <testcase classname="ptolemy.util.test.junit.AutoTests" name="[335] /home/travis/build/icyphy/ptII/ptolemy/actor/lib/test/auto/SetVariable3.xml (RunModel)" time="0.025" />
  <testcase classname="ptolemy.util.test.junit.AutoTests" name="[336] /home/travis/build/icyphy/ptII/ptolemy/actor/lib/test/auto/SetVariable4.xml (RunModel)" time="0.032" />
  <testcase classname="ptolemy.util.test.junit.AutoTests" name="[337] /home/travis/build/icyphy/ptII/ptolemy/actor/lib/test/auto/SetVariable5.xml (RunModel)" time="0.039" />
  <testcase classname="ptolemy.util.test.junit.AutoTests" name="[338] /home/travis/build/icyphy/ptII/ptolemy/actor/lib/test/auto/Sinewave.xml (RunModel)" time="0.056" />
  <testcase classname="ptolemy.util.test.junit.AutoTests" name="[339] /home/travis/build/icyphy/ptII/ptolemy/actor/lib/test/auto/Sinewave2.xml (RunModel)" time="0.04" />
  <testcase classname="ptolemy.util.test.junit.AutoTests" name="[340] /home/travis/build/icyphy/ptII/ptolemy/actor/lib/test/auto/Sinewave3.xml (RunModel)" time="0.03" />
  <testcase classname="ptolemy.util.test.junit.AutoTests" name="[341] /home/travis/build/icyphy/ptII/ptolemy/actor/lib/test/auto/SingleEvent.xml (RunModel)" time="0.008" />
  <testcase classname="ptolemy.util.test.junit.AutoTests" name="[342] /home/travis/build/icyphy/ptII/ptolemy/actor/lib/test/auto/Sleep.xml (RunModel)" time="6.015" />
  <testcase classname="ptolemy.util.test.junit.AutoTests" name="[343] /home/travis/build/icyphy/ptII/ptolemy/actor/lib/test/auto/SleepMultipleFire.xml (RunModel)" time="1.023" />
  <testcase classname="ptolemy.util.test.junit.AutoTests" name="[344] /home/travis/build/icyphy/ptII/ptolemy/actor/lib/test/auto/StopDE.xml (RunModel)" time="0.015" />
  <testcase classname="ptolemy.util.test.junit.AutoTests" name="[345] /home/travis/build/icyphy/ptII/ptolemy/actor/lib/test/auto/StopSDF.xml (RunModel)" time="0.015" />
  <testcase classname="ptolemy.util.test.junit.AutoTests" name="[346] /home/travis/build/icyphy/ptII/ptolemy/actor/lib/test/auto/StringConstant.xml (RunModel)" time="0.01" />
  <testcase classname="ptolemy.util.test.junit.AutoTests" name="[347] /home/travis/build/icyphy/ptII/ptolemy/actor/lib/test/auto/SubscriberPortInitialValues1.xml (RunModel)" time="0.02" />
  <testcase classname="ptolemy.util.test.junit.AutoTests" name="[348] /home/travis/build/icyphy/ptII/ptolemy/actor/lib/test/auto/SubscriberPortInitialValues13.xml (RunModel)" time="0.026" />
  <testcase classname="ptolemy.util.test.junit.AutoTests" name="[349] /home/travis/build/icyphy/ptII/ptolemy/actor/lib/test/auto/SubscriberPortInitialValues14.xml (RunModel)" time="0.017" />
  <testcase classname="ptolemy.util.test.junit.AutoTests" name="[350] /home/travis/build/icyphy/ptII/ptolemy/actor/lib/test/auto/SubscriberPortInitialValues2.xml (RunModel)" time="0.018" />
  <testcase classname="ptolemy.util.test.junit.AutoTests" name="[351] /home/travis/build/icyphy/ptII/ptolemy/actor/lib/test/auto/SubscriberPortInitialValues3.xml (RunModel)" time="0.023" />
  <testcase classname="ptolemy.util.test.junit.AutoTests" name="[352] /home/travis/build/icyphy/ptII/ptolemy/actor/lib/test/auto/SubscriptionAggregator.xml (RunModel)" time="0.014" />
  <testcase classname="ptolemy.util.test.junit.AutoTests" name="[353] /home/travis/build/icyphy/ptII/ptolemy/actor/lib/test/auto/SubscriptionAggregator2.xml (RunModel)" time="0.013" />
  <testcase classname="ptolemy.util.test.junit.AutoTests" name="[354] /home/travis/build/icyphy/ptII/ptolemy/actor/lib/test/auto/SubscriptionAggregator3.xml (RunModel)" time="0.017" />
  <testcase classname="ptolemy.util.test.junit.AutoTests" name="[355] /home/travis/build/icyphy/ptII/ptolemy/actor/lib/test/auto/SubscriptionAggregatorMultiply.xml (RunModel)" time="0.017" />
  <testcase classname="ptolemy.util.test.junit.AutoTests" name="[356] /home/travis/build/icyphy/ptII/ptolemy/actor/lib/test/auto/SubscriptionAggregatorPortMultiply1.xml (RunModel)" time="0.015" />
  <testcase classname="ptolemy.util.test.junit.AutoTests" name="[357] /home/travis/build/icyphy/ptII/ptolemy/actor/lib/test/auto/Switch.xml (RunModel)" time="0.016" />
  <testcase classname="ptolemy.util.test.junit.AutoTests" name="[358] /home/travis/build/icyphy/ptII/ptolemy/actor/lib/test/auto/Switch2.xml (RunModel)" time="0.015" />
  <testcase classname="ptolemy.util.test.junit.AutoTests" name="[359] /home/travis/build/icyphy/ptII/ptolemy/actor/lib/test/auto/SwitchDE.xml (RunModel)" time="0.015" />
  <testcase classname="ptolemy.util.test.junit.AutoTests" name="[360] /home/travis/build/icyphy/ptII/ptolemy/actor/lib/test/auto/SynchronizerDE.xml (RunModel)" time="0.024" />
  <testcase classname="ptolemy.util.test.junit.AutoTests" name="[361] /home/travis/build/icyphy/ptII/ptolemy/actor/lib/test/auto/Test.xml (RunModel)" time="0.012" />
  <testcase classname="ptolemy.util.test.junit.AutoTests" name="[362] /home/travis/build/icyphy/ptII/ptolemy/actor/lib/test/auto/TestExceptionAttribute1.xml (RunModel)" time="0.006" />
  <testcase classname="ptolemy.util.test.junit.AutoTests" name="[363] /home/travis/build/icyphy/ptII/ptolemy/actor/lib/test/auto/TestExceptionAttribute2.xml (RunModel)" time="0.007" />
  <testcase classname="ptolemy.util.test.junit.AutoTests" name="[364] /home/travis/build/icyphy/ptII/ptolemy/actor/lib/test/auto/TestExceptionAttribute3.xml (RunModel)" time="0.007" />
  <testcase classname="ptolemy.util.test.junit.AutoTests" name="[365] /home/travis/build/icyphy/ptII/ptolemy/actor/lib/test/auto/TestExceptionAttribute4.xml (RunModel)" time="0.009" />
  <testcase classname="ptolemy.util.test.junit.AutoTests" name="[366] /home/travis/build/icyphy/ptII/ptolemy/actor/lib/test/auto/TestExceptionHandler1.xml (RunModel)" time="0.008" />
  <testcase classname="ptolemy.util.test.junit.AutoTests" name="[367] /home/travis/build/icyphy/ptII/ptolemy/actor/lib/test/auto/TestExceptionHandler2.xml (RunModel)" time="0.008" />
  <testcase classname="ptolemy.util.test.junit.AutoTests" name="[368] /home/travis/build/icyphy/ptII/ptolemy/actor/lib/test/auto/TestExceptionHandler3.xml (RunModel)" time="0.008" />
  <testcase classname="ptolemy.util.test.junit.AutoTests" name="[369] /home/travis/build/icyphy/ptII/ptolemy/actor/lib/test/auto/TestExceptionHandler4.xml (RunModel)" time="0.008" />
  <testcase classname="ptolemy.util.test.junit.AutoTests" name="[370] /home/travis/build/icyphy/ptII/ptolemy/actor/lib/test/auto/TestRequireCorrectOrder.xml (RunModel)" time="0.012" />
  <testcase classname="ptolemy.util.test.junit.AutoTests" name="[371] /home/travis/build/icyphy/ptII/ptolemy/actor/lib/test/auto/TestSimple.xml (RunModel)" time="0.006" />
  <testcase classname="ptolemy.util.test.junit.AutoTests" name="[372] /home/travis/build/icyphy/ptII/ptolemy/actor/lib/test/auto/ThrowModelError.xml (RunModel)" time="0.012" />
  <testcase classname="ptolemy.util.test.junit.AutoTests" name="[373] /home/travis/build/icyphy/ptII/ptolemy/actor/lib/test/auto/TimeDelayMicrosteps.xml (RunModel)" time="0.017" />
  <testcase classname="ptolemy.util.test.junit.AutoTests" name="[374] /home/travis/build/icyphy/ptII/ptolemy/actor/lib/test/auto/TimeDelayMicrosteps2.xml (RunModel)" time="0.022" />
  <testcase classname="ptolemy.util.test.junit.AutoTests" name="[375] /home/travis/build/icyphy/ptII/ptolemy/actor/lib/test/auto/TimeDelayMicrosteps3.xml (RunModel)" time="0.015" />
  <testcase classname="ptolemy.util.test.junit.AutoTests" name="[376] /home/travis/build/icyphy/ptII/ptolemy/actor/lib/test/auto/TimeDelayVariableMicrosteps.xml (RunModel)" time="0.014" />
  <testcase classname="ptolemy.util.test.junit.AutoTests" name="[377] /home/travis/build/icyphy/ptII/ptolemy/actor/lib/test/auto/TimeGap.xml (RunModel)" time="0.014" />
  <testcase classname="ptolemy.util.test.junit.AutoTests" name="[378] /home/travis/build/icyphy/ptII/ptolemy/actor/lib/test/auto/TimeGap2.xml (RunModel)" time="0.013" />
  <testcase classname="ptolemy.util.test.junit.AutoTests" name="[379] /home/travis/build/icyphy/ptII/ptolemy/actor/lib/test/auto/TimedSinewave.xml (RunModel)" time="0.05" />
  <testcase classname="ptolemy.util.test.junit.AutoTests" name="[380] /home/travis/build/icyphy/ptII/ptolemy/actor/lib/test/auto/TimedSinewavePhase.xml (RunModel)" time="0.038" />
  <testcase classname="ptolemy.util.test.junit.AutoTests" name="[381] /home/travis/build/icyphy/ptII/ptolemy/actor/lib/test/auto/Timer.xml (RunModel)" time="0.014" />
  <testcase classname="ptolemy.util.test.junit.AutoTests" name="[382] /home/travis/build/icyphy/ptII/ptolemy/actor/lib/test/auto/TriangularDistTestModel.xml (RunModel)" time="0.028" />
  <testcase classname="ptolemy.util.test.junit.AutoTests" name="[383] /home/travis/build/icyphy/ptII/ptolemy/actor/lib/test/auto/TrigFunction.xml (RunModel)" time="0.014" />
  <testcase classname="ptolemy.util.test.junit.AutoTests" name="[384] /home/travis/build/icyphy/ptII/ptolemy/actor/lib/test/auto/TrigFunctionDE.xml (RunModel)" time="0.014" />
  <testcase classname="ptolemy.util.test.junit.AutoTests" name="[385] /home/travis/build/icyphy/ptII/ptolemy/actor/lib/test/auto/TrigFunctionInverse.xml (RunModel)" time="0.012" />
  <testcase classname="ptolemy.util.test.junit.AutoTests" name="[386] /home/travis/build/icyphy/ptII/ptolemy/actor/lib/test/auto/TrigFunctionTan.xml (RunModel)" time="0.007" />
  <testcase classname="ptolemy.util.test.junit.AutoTests" name="[387] /home/travis/build/icyphy/ptII/ptolemy/actor/lib/test/auto/TriggeredClock.xml (RunModel)" time="0.01" />
  <testcase classname="ptolemy.util.test.junit.AutoTests" name="[388] /home/travis/build/icyphy/ptII/ptolemy/actor/lib/test/auto/URLDirectoryReader.xml (RunModel)" time="0.116" />
  <testcase classname="ptolemy.util.test.junit.AutoTests" name="[389] /home/travis/build/icyphy/ptII/ptolemy/actor/lib/test/auto/URLDirectoryReader3.xml (RunModel)" time="1.434" />
  <testcase classname="ptolemy.util.test.junit.AutoTests" name="[390] /home/travis/build/icyphy/ptII/ptolemy/actor/lib/test/auto/UnaryMathFunction.xml (RunModel)" time="0.062" />
  <testcase classname="ptolemy.util.test.junit.AutoTests" name="[391] /home/travis/build/icyphy/ptII/ptolemy/actor/lib/test/auto/Uniform.xml (RunModel)" time="0.044" />
  <testcase classname="ptolemy.util.test.junit.AutoTests" name="[392] /home/travis/build/icyphy/ptII/ptolemy/actor/lib/test/auto/UnionDisassemblerTest.xml (RunModel)" time="0.009" />
  <testcase classname="ptolemy.util.test.junit.AutoTests" name="[393] /home/travis/build/icyphy/ptII/ptolemy/actor/lib/test/auto/UtilityFunctions.xml (RunModel)" time="0.027" />
  <testcase classname="ptolemy.util.test.junit.AutoTests" name="[394] /home/travis/build/icyphy/ptII/ptolemy/actor/lib/test/auto/VariableSleep.xml (RunModel)" time="0.544" />
  <testcase classname="ptolemy.util.test.junit.AutoTests" name="[395] /home/travis/build/icyphy/ptII/ptolemy/actor/lib/test/auto/VectorAssemblerDisassemblerCT.xml (RunModel)" time="0.139" />
  <testcase classname="ptolemy.util.test.junit.AutoTests" name="[396] /home/travis/build/icyphy/ptII/ptolemy/actor/lib/test/auto/VectorAssemblerDisassemblerDE.xml (RunModel)" time="0.019" />
  <testcase classname="ptolemy.util.test.junit.AutoTests" name="[397] /home/travis/build/icyphy/ptII/ptolemy/actor/lib/test/auto/VectorAssemblerDisassemblerSDF.xml (RunModel)" time="0.016" />
  <testcase classname="ptolemy.util.test.junit.AutoTests" name="[398] /home/travis/build/icyphy/ptII/ptolemy/actor/lib/test/auto/WallClockTime.xml (RunModel)" time="1.016" />
  <testcase classname="ptolemy.util.test.junit.AutoTests" name="[399] /home/travis/build/icyphy/ptII/ptolemy/actor/lib/test/auto/WidthTestWithSubscriberPublisher.xml (RunModel)" time="0.053" />
  <testcase classname="ptolemy.util.test.junit.AutoTests" name="[400] /home/travis/build/icyphy/ptII/ptolemy/actor/lib/test/auto/WidthTestWithSubscriberPublisher2.xml (RunModel)" time="0.015" />
  <testcase classname="ptolemy.util.test.junit.AutoTests" name="[401] /home/travis/build/icyphy/ptII/ptolemy/actor/lib/test/auto/WidthTestWithSubscriberPublisher3.xml (RunModel)" time="0.019" />
  <testcase classname="ptolemy.util.test.junit.AutoTests" name="[402] /home/travis/build/icyphy/ptII/ptolemy/actor/lib/test/auto/Writer.xml (RunModel)" time="0.008" />
  <testcase classname="ptolemy.util.test.junit.AutoTests" name="[403] /home/travis/build/icyphy/ptII/ptolemy/actor/lib/test/auto/array.xml (RunModel)" time="0.01" />
  <testcase classname="ptolemy.util.test.junit.AutoTests" name="[404] /home/travis/build/icyphy/ptII/ptolemy/actor/lib/test/auto/array2.xml (RunModel)" time="0.014" />
  <testcase classname="ptolemy.util.test.junit.AutoTests" name="[405] /home/travis/build/icyphy/ptII/ptolemy/actor/lib/test/auto/arrayType.xml (RunModel)" time="0.012" />
  <testcase classname="ptolemy.util.test.junit.AutoTests" name="[406] /home/travis/build/icyphy/ptII/ptolemy/actor/lib/test/auto/arrayType10.xml (RunModel)" time="0.012" />
  <testcase classname="ptolemy.util.test.junit.AutoTests" name="[407] /home/travis/build/icyphy/ptII/ptolemy/actor/lib/test/auto/arrayType11.xml (RunModel)" time="0.01" />
  <testcase classname="ptolemy.util.test.junit.AutoTests" name="[408] /home/travis/build/icyphy/ptII/ptolemy/actor/lib/test/auto/arrayType12.xml (RunModel)" time="0.011" />
  <testcase classname="ptolemy.util.test.junit.AutoTests" name="[409] /home/travis/build/icyphy/ptII/ptolemy/actor/lib/test/auto/arrayType13.xml (RunModel)" time="0.011" />
  <testcase classname="ptolemy.util.test.junit.AutoTests" name="[410] /home/travis/build/icyphy/ptII/ptolemy/actor/lib/test/auto/arrayType14.xml (RunModel)" time="0.011" />
  <testcase classname="ptolemy.util.test.junit.AutoTests" name="[411] /home/travis/build/icyphy/ptII/ptolemy/actor/lib/test/auto/arrayType15.xml (RunModel)" time="0.011" />
  <testcase classname="ptolemy.util.test.junit.AutoTests" name="[412] /home/travis/build/icyphy/ptII/ptolemy/actor/lib/test/auto/arrayType16.xml (RunModel)" time="0.012" />
  <testcase classname="ptolemy.util.test.junit.AutoTests" name="[413] /home/travis/build/icyphy/ptII/ptolemy/actor/lib/test/auto/arrayType17.xml (RunModel)" time="0.011" />
  <testcase classname="ptolemy.util.test.junit.AutoTests" name="[414] /home/travis/build/icyphy/ptII/ptolemy/actor/lib/test/auto/arrayType18.xml (RunModel)" time="0.012" />
  <testcase classname="ptolemy.util.test.junit.AutoTests" name="[415] /home/travis/build/icyphy/ptII/ptolemy/actor/lib/test/auto/arrayType19.xml (RunModel)" time="0.012" />
  <testcase classname="ptolemy.util.test.junit.AutoTests" name="[416] /home/travis/build/icyphy/ptII/ptolemy/actor/lib/test/auto/arrayType2.xml (RunModel)" time="0.014" />
  <testcase classname="ptolemy.util.test.junit.AutoTests" name="[417] /home/travis/build/icyphy/ptII/ptolemy/actor/lib/test/auto/arrayType20.xml (RunModel)" time="0.012" />
  <testcase classname="ptolemy.util.test.junit.AutoTests" name="[418] /home/travis/build/icyphy/ptII/ptolemy/actor/lib/test/auto/arrayType21.xml (RunModel)" time="0.01" />
  <testcase classname="ptolemy.util.test.junit.AutoTests" name="[419] /home/travis/build/icyphy/ptII/ptolemy/actor/lib/test/auto/arrayType22.xml (RunModel)" time="0.011" />
  <testcase classname="ptolemy.util.test.junit.AutoTests" name="[420] /home/travis/build/icyphy/ptII/ptolemy/actor/lib/test/auto/arrayType23.xml (RunModel)" time="0.01" />
  <testcase classname="ptolemy.util.test.junit.AutoTests" name="[421] /home/travis/build/icyphy/ptII/ptolemy/actor/lib/test/auto/arrayType24.xml (RunModel)" time="0.011" />
  <testcase classname="ptolemy.util.test.junit.AutoTests" name="[422] /home/travis/build/icyphy/ptII/ptolemy/actor/lib/test/auto/arrayType25.xml (RunModel)" time="0.011" />
  <testcase classname="ptolemy.util.test.junit.AutoTests" name="[423] /home/travis/build/icyphy/ptII/ptolemy/actor/lib/test/auto/arrayType26.xml (RunModel)" time="0.011" />
  <testcase classname="ptolemy.util.test.junit.AutoTests" name="[424] /home/travis/build/icyphy/ptII/ptolemy/actor/lib/test/auto/arrayType27.xml (RunModel)" time="0.01" />
  <testcase classname="ptolemy.util.test.junit.AutoTests" name="[425] /home/travis/build/icyphy/ptII/ptolemy/actor/lib/test/auto/arrayType28.xml (RunModel)" time="0.01" />
  <testcase classname="ptolemy.util.test.junit.AutoTests" name="[426] /home/travis/build/icyphy/ptII/ptolemy/actor/lib/test/auto/arrayType3.xml (RunModel)" time="0.012" />
  <testcase classname="ptolemy.util.test.junit.AutoTests" name="[427] /home/travis/build/icyphy/ptII/ptolemy/actor/lib/test/auto/arrayType4.xml (RunModel)" time="0.011" />
  <testcase classname="ptolemy.util.test.junit.AutoTests" name="[428] /home/travis/build/icyphy/ptII/ptolemy/actor/lib/test/auto/arrayType5.xml (RunModel)" time="0.011" />
  <testcase classname="ptolemy.util.test.junit.AutoTests" name="[429] /home/travis/build/icyphy/ptII/ptolemy/actor/lib/test/auto/arrayType6.xml (RunModel)" time="0.023" />
  <testcase classname="ptolemy.util.test.junit.AutoTests" name="[430] /home/travis/build/icyphy/ptII/ptolemy/actor/lib/test/auto/arrayType7.xml (RunModel)" time="0.01" />
  <testcase classname="ptolemy.util.test.junit.AutoTests" name="[431] /home/travis/build/icyphy/ptII/ptolemy/actor/lib/test/auto/arrayType8.xml (RunModel)" time="0.012" />
  <testcase classname="ptolemy.util.test.junit.AutoTests" name="[432] /home/travis/build/icyphy/ptII/ptolemy/actor/lib/test/auto/arrayType9.xml (RunModel)" time="0.01" />
  <testcase classname="ptolemy.util.test.junit.AutoTests" name="[433] /home/travis/build/icyphy/ptII/ptolemy/actor/lib/test/auto/cast.xml (RunModel)" time="0.011" />
  <testcase classname="ptolemy.util.test.junit.AutoTests" name="[434] /home/travis/build/icyphy/ptII/ptolemy/actor/lib/test/auto/compositeMultiPort.xml (RunModel)" time="0.019" />
  <testcase classname="ptolemy.util.test.junit.AutoTests" name="[435] /home/travis/build/icyphy/ptII/ptolemy/actor/lib/test/auto/expressionCastInference.xml (RunModel)" time="0.009" />
  <testcase classname="ptolemy.util.test.junit.AutoTests" name="[436] /home/travis/build/icyphy/ptII/ptolemy/actor/lib/test/auto/expressionCastInference2.xml (RunModel)" time="0.008" />
  <testcase classname="ptolemy.util.test.junit.AutoTests" name="[437] /home/travis/build/icyphy/ptII/ptolemy/actor/lib/test/auto/expressionInference.xml (RunModel)" time="0.009" />
  <testcase classname="ptolemy.util.test.junit.AutoTests" name="[438] /home/travis/build/icyphy/ptII/ptolemy/actor/lib/test/auto/expression_bug.xml (RunModel)" time="0.008" />
  <testcase classname="ptolemy.util.test.junit.AutoTests" name="[439] /home/travis/build/icyphy/ptII/ptolemy/actor/lib/test/auto/factorial.xml (RunModel)" time="0.048" />
  <testcase classname="ptolemy.util.test.junit.AutoTests" name="[440] /home/travis/build/icyphy/ptII/ptolemy/actor/lib/test/auto/filterTest1.xml (RunModel)" time="0.014" />
  <testcase classname="ptolemy.util.test.junit.AutoTests" name="[441] /home/travis/build/icyphy/ptII/ptolemy/actor/lib/test/auto/funcApplyInConst.xml (RunModel)" time="0.006" />
  <testcase classname="ptolemy.util.test.junit.AutoTests" name="[442] /home/travis/build/icyphy/ptII/ptolemy/actor/lib/test/auto/funcApplyInExpr.xml (RunModel)" time="0.006" />
  <testcase classname="ptolemy.util.test.junit.AutoTests" name="[443] /home/travis/build/icyphy/ptII/ptolemy/actor/lib/test/auto/function.xml (RunModel)" time="0.01" />
  <testcase classname="ptolemy.util.test.junit.AutoTests" name="[444] /home/travis/build/icyphy/ptII/ptolemy/actor/lib/test/auto/function2.xml (RunModel)" time="0.009" />
  <testcase classname="ptolemy.util.test.junit.AutoTests" name="[445] /home/travis/build/icyphy/ptII/ptolemy/actor/lib/test/auto/function3.xml (RunModel)" time="0.008" />
  <testcase classname="ptolemy.util.test.junit.AutoTests" name="[446] /home/travis/build/icyphy/ptII/ptolemy/actor/lib/test/auto/functionClosureTest1.xml (RunModel)" time="0.012" />
  <testcase classname="ptolemy.util.test.junit.AutoTests" name="[447] /home/travis/build/icyphy/ptII/ptolemy/actor/lib/test/auto/functionClosureTest2.xml (RunModel)" time="0.007" />
  <testcase classname="ptolemy.util.test.junit.AutoTests" name="[448] /home/travis/build/icyphy/ptII/ptolemy/actor/lib/test/auto/functionClosureTest3.xml (RunModel)" time="0.011" />
  <testcase classname="ptolemy.util.test.junit.AutoTests" name="[449] /home/travis/build/icyphy/ptII/ptolemy/actor/lib/test/auto/functionClosureTest4.xml (RunModel)" time="0.016" />
  <testcase classname="ptolemy.util.test.junit.AutoTests" name="[450] /home/travis/build/icyphy/ptII/ptolemy/actor/lib/test/auto/functionClosureTest5.xml (RunModel)" time="0.015" />
  <testcase classname="ptolemy.util.test.junit.AutoTests" name="[451] /home/travis/build/icyphy/ptII/ptolemy/actor/lib/test/auto/functionClosureTest6.xml (RunModel)" time="0.01" />
  <testcase classname="ptolemy.util.test.junit.AutoTests" name="[452] /home/travis/build/icyphy/ptII/ptolemy/actor/lib/test/auto/functionsOnArcs.xml (RunModel)" time="0.013" />
  <testcase classname="ptolemy.util.test.junit.AutoTests" name="[453] /home/travis/build/icyphy/ptII/ptolemy/actor/lib/test/auto/functionsOnArcsHOF.xml (RunModel)" time="0.016" />
  <testcase classname="ptolemy.util.test.junit.AutoTests" name="[454] /home/travis/build/icyphy/ptII/ptolemy/actor/lib/test/auto/logic.xml (RunModel)" time="0.022" />
  <testcase classname="ptolemy.util.test.junit.AutoTests" name="[455] /home/travis/build/icyphy/ptII/ptolemy/actor/lib/test/auto/matrixType.xml (RunModel)" time="0.012" />
  <testcase classname="ptolemy.util.test.junit.AutoTests" name="[456] /home/travis/build/icyphy/ptII/ptolemy/actor/lib/test/auto/matrixType10.xml (RunModel)" time="0.01" />
  <testcase classname="ptolemy.util.test.junit.AutoTests" name="[457] /home/travis/build/icyphy/ptII/ptolemy/actor/lib/test/auto/matrixType11.xml (RunModel)" time="0.011" />
  <testcase classname="ptolemy.util.test.junit.AutoTests" name="[458] /home/travis/build/icyphy/ptII/ptolemy/actor/lib/test/auto/matrixType12.xml (RunModel)" time="0.011" />
  <testcase classname="ptolemy.util.test.junit.AutoTests" name="[459] /home/travis/build/icyphy/ptII/ptolemy/actor/lib/test/auto/matrixType13.xml (RunModel)" time="0.011" />
  <testcase classname="ptolemy.util.test.junit.AutoTests" name="[460] /home/travis/build/icyphy/ptII/ptolemy/actor/lib/test/auto/matrixType14.xml (RunModel)" time="0.013" />
  <testcase classname="ptolemy.util.test.junit.AutoTests" name="[461] /home/travis/build/icyphy/ptII/ptolemy/actor/lib/test/auto/matrixType2.xml (RunModel)" time="0.012" />
  <testcase classname="ptolemy.util.test.junit.AutoTests" name="[462] /home/travis/build/icyphy/ptII/ptolemy/actor/lib/test/auto/matrixType3.xml (RunModel)" time="0.011" />
  <testcase classname="ptolemy.util.test.junit.AutoTests" name="[463] /home/travis/build/icyphy/ptII/ptolemy/actor/lib/test/auto/matrixType4.xml (RunModel)" time="0.024" />
  <testcase classname="ptolemy.util.test.junit.AutoTests" name="[464] /home/travis/build/icyphy/ptII/ptolemy/actor/lib/test/auto/matrixType5.xml (RunModel)" time="0.009" />
  <testcase classname="ptolemy.util.test.junit.AutoTests" name="[465] /home/travis/build/icyphy/ptII/ptolemy/actor/lib/test/auto/matrixType6.xml (RunModel)" time="0.009" />
  <testcase classname="ptolemy.util.test.junit.AutoTests" name="[466] /home/travis/build/icyphy/ptII/ptolemy/actor/lib/test/auto/matrixType7.xml (RunModel)" time="0.009" />
  <testcase classname="ptolemy.util.test.junit.AutoTests" name="[467] /home/travis/build/icyphy/ptII/ptolemy/actor/lib/test/auto/matrixType8.xml (RunModel)" time="0.01" />
  <testcase classname="ptolemy.util.test.junit.AutoTests" name="[468] /home/travis/build/icyphy/ptII/ptolemy/actor/lib/test/auto/matrixType9.xml (RunModel)" time="0.009" />
  <testcase classname="ptolemy.util.test.junit.AutoTests" name="[469] /home/travis/build/icyphy/ptII/ptolemy/actor/lib/test/auto/paraFunctest.xml (RunModel)" time="0.008" />
  <testcase classname="ptolemy.util.test.junit.AutoTests" name="[470] /home/travis/build/icyphy/ptII/ptolemy/actor/lib/test/auto/paraFunctest2.xml (RunModel)" time="0.008" />
  <testcase classname="ptolemy.util.test.junit.AutoTests" name="[471] /home/travis/build/icyphy/ptII/ptolemy/actor/lib/test/auto/parameterPassing.xml (RunModel)" time="0.009" />
  <testcase classname="ptolemy.util.test.junit.AutoTests" name="[472] /home/travis/build/icyphy/ptII/ptolemy/actor/lib/test/auto/record.xml (RunModel)" time="0.01" />
  <testcase classname="ptolemy.util.test.junit.AutoTests" name="[473] /home/travis/build/icyphy/ptII/ptolemy/actor/lib/test/auto/sizedarray1.xml (RunModel)" time="0.011" />
  <testcase classname="ptolemy.util.test.junit.AutoTests" name="[474] /home/travis/build/icyphy/ptII/ptolemy/actor/lib/test/auto/sizedarray2.xml (RunModel)" time="0.01" />
  <testcase classname="ptolemy.util.test.junit.AutoTests" name="[475] /home/travis/build/icyphy/ptII/ptolemy/actor/lib/test/auto/twoPublishers.xml (RunModel)" time="0.021" />
  <system-out><![CDATA[/home/travis/build/icyphy/ptII/ptolemy/actor/lib/test/AbsoluteValue.tcl
testDefs.tcl: setting time out to 9000 seconds at Thu Jun 14 22:45:05 UTC 2018
83 ms. Memory: 116224K Free: 106748K (92%)
4 ms. Memory: 116224K Free: 105538K (91%)
4 ms. Memory: 116224K Free: 104936K (90%)
5 ms. Memory: 116224K Free: 103734K (89%)
/home/travis/build/icyphy/ptII/ptolemy/actor/lib/test/AddSubtract.tcl
12 ms. Memory: 116224K Free: 101890K (88%)
6 ms. Memory: 116224K Free: 101248K (87%)
7 ms. Memory: 116224K Free: 100030K (86%)
6 ms. Memory: 116224K Free: 99413K (86%)
6 ms. Memory: 116224K Free: 98803K (85%)
5 ms. Memory: 116224K Free: 98186K (84%)
/home/travis/build/icyphy/ptII/ptolemy/actor/lib/test/Average.tcl
17 ms. Memory: 116224K Free: 96342K (83%)
20 ms. Memory: 116224K Free: 95139K (82%)
/home/travis/build/icyphy/ptII/ptolemy/actor/lib/test/Bernoulli.tcl
5 ms. Memory: 116224K Free: 93310K (80%)
3 ms. Memory: 116224K Free: 92693K (80%)
/home/travis/build/icyphy/ptII/ptolemy/actor/lib/test/Clock.tcl
preinitializing
resolving types
initializing
executing number 1
wrapping up
idle
14 ms. Memory: 116224K Free: 90889K (78%)
Completed execution with 5 iterations
preinitializing
resolving types
initializing
executing number 1
wrapping up
idle
4 ms. Memory: 116224K Free: 89678K (77%)
Completed execution with 5 iterations
preinitializing
resolving types
initializing
executing number 1
wrapping up
idle
4 ms. Memory: 116224K Free: 89069K (77%)
Completed execution with 5 iterations
/home/travis/build/icyphy/ptII/ptolemy/actor/lib/test/Commutator.tcl
16 ms. Memory: 116224K Free: 87233K (75%)
13 ms. Memory: 116224K Free: 86030K (74%)
11 ms. Memory: 116224K Free: 81749K (70%)
/home/travis/build/icyphy/ptII/ptolemy/actor/lib/test/Const.tcl
4 ms. Memory: 116224K Free: 110051K (95%)
11 ms. Memory: 116224K Free: 109429K (94%)
2 ms. Memory: 116224K Free: 108799K (94%)
4 ms. Memory: 116224K Free: 108153K (93%)
2 ms. Memory: 116224K Free: 107523K (93%)
12 ms. Memory: 116224K Free: 105689K (91%)
5 ms. Memory: 116224K Free: 105083K (90%)
8 ms. Memory: 116224K Free: 103872K (89%)
/home/travis/build/icyphy/ptII/ptolemy/actor/lib/test/CurrentTime.tcl
preinitializing
resolving types
initializing
executing number 1
wrapping up
idle
17 ms. Memory: 116224K Free: 101400K (87%)
Completed execution with 11 iterations
/home/travis/build/icyphy/ptII/ptolemy/actor/lib/test/DB.tcl
4 ms. Memory: 116224K Free: 99558K (86%)
2 ms. Memory: 116224K Free: 98936K (85%)
2 ms. Memory: 116224K Free: 98936K (85%)
/home/travis/build/icyphy/ptII/ptolemy/actor/lib/test/DiscreteRandomSource.tcl
preinitializing
resolving types
initializing
executing number 1
wrapping up
idle
4 ms. Memory: 116224K Free: 97110K (84%)
Completed execution with 4 iterations
preinitializing
resolving types
initializing
executing number 1
wrapping up
idle
3 ms. Memory: 116224K Free: 96505K (83%)
Completed execution with 4 iterations
preinitializing
resolving types
initializing
executing number 1
wrapping up
idle
2 ms. Memory: 116224K Free: 96505K (83%)
Completed execution with 4 iterations
preinitializing
resolving types
initializing
executing number 1
wrapping up
idle
3 ms. Memory: 116224K Free: 95899K (83%)
Completed execution with 4 iterations
preinitializing
resolving types
initializing
executing number 1
wrapping up
idle
3 ms. Memory: 116224K Free: 95293K (82%)
Completed execution with 4 iterations
/home/travis/build/icyphy/ptII/ptolemy/actor/lib/test/Distributor.tcl
4 ms. Memory: 116224K Free: 93395K (80%)
4 ms. Memory: 116224K Free: 92789K (80%)
StreamChangeRequest.changeExecuted(): <deleteEntity name="rec2"/> succeeded
StreamChangeRequest.changeExecuted(): <deleteRelation name="r2"/> succeeded
StreamChangeRequest.changeExecuted(): Record firings per iteration succeeded
5 ms. Memory: 116224K Free: 90318K (78%)
/home/travis/build/icyphy/ptII/ptolemy/actor/lib/test/Exit.tcl
Exit.tcl: this will print a message about Manager.exitAfterWrapup, which can be ignored.
4 ms. Memory: 116224K Free: 87232K (75%)
/home/travis/build/icyphy/ptII/ptolemy/actor/lib/test/Expression.tcl
9 ms. Memory: 116224K Free: 84767K (73%)
11 ms. Memory: 116224K Free: 84129K (72%)
4 ms. Memory: 116224K Free: 83524K (72%)
preinitializing
resolving types
initializing
executing number 1
wrapping up
idle
9 ms. Memory: 116224K Free: 81690K (70%)
Completed execution with 6 iterations
35 ms. Memory: 116224K Free: 110697K (95%)
3 ms. Memory: 116224K Free: 109955K (95%)
6 ms. Memory: 116224K Free: 108731K (94%)
7 ms. Memory: 116224K Free: 107540K (93%)
8 ms. Memory: 116224K Free: 106348K (92%)
/home/travis/build/icyphy/ptII/ptolemy/actor/lib/test/Gaussian.tcl
17 ms. Memory: 116224K Free: 104560K (90%)
sleeping 1 seconds: .........................................................................................................................................................................................................................................................................................................................................................................................................................................................................................................................................................................................................................................................................................................................................................................................................................................................................................................................................................................................................................................................................................................................................................................................................................................................................................................................................................................................................................................................................................................................................................................................................................................................................................................................................................................................................................................................................................................................................................................................................................................................................................................................................................................................................................................................................................................................................................................................................................................................................................................................................................................................................................................................................................................................................................................................................................................................................................................................................................................................................................................................................................................................................................................................................................................................................................................................................................................................................................................................................................................................................................................................................................................................................................................................................................................................................................................................................................................................................................................................................................................................................................................................................................................................................................................................................................................................................................................................................................................................................................................................................................................................................................................................................................................................................................................................................................................................................................................................................................................................................................................................................................................................................................................................................................................................................................................................................................................................................................................................................................................................................................................................................................................................................................................................................................................................................................................................................................................................................................................................................................................................................................................................................................................................................................................................................................................................................................................................................................................................................................................................................................................................................................................................................................................................................................................................................................................................................................................................................................................................................................................................................................................................................................................................................................................................................................................................................................................................................................................................................................................................................................................................................................................................................................................................................................................................................................................................................................................................................................................................................................................................................................................................................................................................................................................................................................................................................................................................................................................................................................................................................................................................................................................................................................................................................................................................................................................................................................................................................................................................................................................................................................................................................................................................................................................................................................................................................................................................................................................................................................................................................................................................................................................................................................................................................................................................................................................................................................................................................................................................................................................................................................................................................................................................................................................................................................................................................................................................................................................................................................................................................................................................................................................................................................................................................................................................................................................................................................................................................................................................................................................................................................................................................................................................................................................................................................................................................................................................................................................................................................................................................................................................................................................................................................................................................................................................................................................................................................................................................................................................................................................................................................................................................................................................................................................................................................................................................................................................................................................................................................................................................................................................................................................................................................................................................................................................................................................................................................................................................................................................................................................................................................................................................................................................................................................................................................................................................................................................................................................................................................................................................................................................................................................................................................................................................................................................................................................................................................................................................................................................................................................................................................................................................................................................................................................................................................................................................................................................................................................................................................................................................................................................................................................................................................................................................................................................................................................................................................................................................................................................................................................................................................................................................................................................................................................................................................................................................................................................................................................................................................................................................................................................................................................................................................................................................................................................................................................................................................................................................................................................................................................................................................................................................................................................................................................................................................................................................................................................................................................................................................................................................................................................................................................................................................................................................................................................................................................................................................................................................................................................................................................................................................................................................................................................................................................................................................................................................................................................................................................................................................................................................................................................................................................................................................................................................................................................................................................................................................................................................................................................................................................................................................................................................................................................................................................................................................................................................................................................................................................................................................................................................................................................................................................................................................................................................................................................................................................................................................................................................................................................................................................................................................................................................................................................................................................................................................................................................................................................................................................................................................................................................................................................................................................................................................................................................................................................................................................................................................................................................................................................................................................................................................................................................................................................................................................................................................................................................................................................................................................................................................................................................................................................................................................................................................................................................................................................................................................................................................................................................................................................................................................................................................................................................................................................................................................................................................................................................................................................................................................................................................................................................................................................................................................................................................................................................................................................................................................................................................................................................................................................................................................................................................................................................................................................................................................................................................................................................................................................................................................................................................................................................................................................................................................................................................................................................................................................................................................................................................................................................................................................................................................................................................................................................................................................................................................................................................................................................................................................................................................................................................................................................................................................................................................................................................................................................................................................................................................................................................................................................................................................................................................................................................................................................................................................................................................................................................................................................................................................................................................................................................................................................................................................................................................................................................................................................................................................................................................................................................................................................................................................................................................................................................................................................................................................................................................................................................................................................................................................................................................................................................................................................................................................................................................................................................................................................................................................................................................................................................................................................................................................................................................................................................................................................................................................................................................................................................................................................................................................................................................................................................................................................................................................................................................................................................................................................................................................................................................................................................................................................................................................................................................................................................................................................................................................................................................................................................................................................................................................................................................................................................................................................................................................................................................................................................................................................................................................................................................................................................................................................................................................................................................................................................................................................................................................................................................................................................................................................................................................................................................................................................................................................................................................................................................................................................................................................................................................................................................................................................................................................................................................................................................................................................................................................................................................................................................................................................................................................................................................................................................................................................................................................................................................................................................................................................................................................................................................................................................................................................................................................................................................................................................................................................................................................................................................................................................................................................................................................................................................................................................................................................................................................................................................................................................................................................................................................................................................................................................................................................................................................................................................................................................................................................................................................................................................................................................................................................................................................................................................................................................................................................................................................................................................................................................................................................................................................................................................................................................................................................................................................................................................................................................................................................................................................................................................................................................................................................................................................................................................................................................................................................................................................................................................................................................................................................................................................................................................................................................................................................................................................................................................................................................................................................................................................................................................................................................................................................................................................................................................................................................................................................................................................................................................................................................................................................................................................................................................................................................................................................................................................................................................................................................................................................................................................................................................................................................................................................................................................................................................................................................................................................................................................................................................................................................................................................................................................................................................................................................................................................................................................................................................................................................................................................................................................................................................................................................................................................................................................................................................................................................................................................................................................................................................................................................................................................................................................................................................................................................................................................................................................................................................................................................................................................................................................................................................................................................................................................................................................................................................................................................................................................................................................................................................................................................................................................................................................................................................................................................................................................................................................................................................................................................................................................................................................................................................................................................................................................................................................................................................................................................................................................................................................................................................................................................................................................................................................................................................................................................................................................................................................................................................................................................................................................................................................................................................................................................................................................................................................................................................................................................................................................................................................................................................................................................................................................................................................................................................................................................................................................................................................................................................................................................................................................................................................................................................................................................................................................................................................................................................................................................................................................................................................................................................................................................................................................................................................................................................................................................................................................................................................................................................................................................................................................................................................................................................................................................................................................................................................................................................................................................................................................................................................................................................................................................................................................................................................................................................................................................................................................................................................................................................................................................................................................................................................................................................................................................................................................................................................................................................................................................................................................................................................................................................................................................................................................................................................................................................................................................................................................................................................................................................................................................................................................................................................................................................................................................................................................................................................................................................................................................................................................................................................................................................................................................................................................................................................................................................................................................................................................................................................................................................................................................................................................................................................................................................................................................................................................................................................................................................................................................................................................................................................................................................................................................................................................................................................................................................................................................................................................................................................................................................................................................................................................................................................................................................................................................................................................................................................................................................................................................................................................................................................................................................................................................................................................................................................................................................................................................................................................................................................................................................................................................................................................................................................................................................................................................................................................................................................................................................................................................................................................................................................................................................................................................................................................................................................................................................................................................................................................................................................................................................................................................................................................................................................................................................................................................................................................................................................................................................................................................................................................................................................................................................................................................................................................................................................................................................................................................................................................................................................................................................................................................................................................................................................................................................................................................................................................................................................................................................................................................................................................................................................................................................................................................................................................................................................................................................................................................................................................................................................................................................................................................................................................................................................................................................................................................................................................................................................................................................................................................................................................................................................................................................................................................................................................................................................................................................................................................................................................................................................................................................................................................................................................................................................................................................................................................................................................................................................................................................................................................................................................................................................................................................................................................................................................................................................................................................................................................................................................................................................................................................................................................................................................................................................................................................................................................................................................................................................................................................................................................................................................................................................................................................................................................................................................................................................................................................................................................................................................................................................................................................................................................................................................................................................................................................................................................................................................................................................................................................................................................................................................................................................................................................................................................................................................................................................................................................................................................................................................................................................................................................................................................................................................................................................................................................................................................................................................................................................................................................................................................................................................................................................................................................................................................................................................................................................................................................................................................................................................................................................................................................................................................................................................................................................................................................................................................................................................................................................................................................................................................................................................................................................................................................................................................................................................................................................................................................................................................................................................................................................................................................................................................................................................................................................................................................................................................................................................................................................................................................................................................................................................................................................................................................................................................................................................................................................................................................................................................................................................................................................................................................................................................................................................................................................................................................................................................................................................................................................................................................................................................................................................................................................................................................................................................................................................................................................................................................................................................................................................................................................................................................................................................................................................................................................................................................................................................................................................................................................................................................................................................................................................................................................................................................................................................................................................................................................................................................................................................................................................................................................................................................................................................................................................................................................................................................................................................................................................................................................................................................................................................................................................................................................................................................................................................................................................................................................................................................................................................................................................................................................................................................................................................................................................................................................................................................................................................................................................................................................................................................................................................................................................................................................................................................................................................................................................................................................................................................................................................................................................................................................................................................................................................................................................................................................................................................................................................................................................................................................................................................................................................................................................................................................................................................................................................................................................................................................................................................................................................................................................................................................................................................................................................................................................................................................................................................................................................................................................................................................................................................................................................................................................................................................................................................................................................................................................................................................................................................................................................................................................................................................................................................................................................................................................................................................................................................................................................................................................................................................................................................................................................................................................5 ms. Memory: 208896K Free: 105016K (50%)
10 ms. Memory: 208896K Free: 102241K (49%)
2 ms. Memory: 208896K Free: 102241K (49%)
2 ms. Memory: 208896K Free: 102241K (49%)
13 ms. Memory: 208896K Free: 102241K (49%)
/home/travis/build/icyphy/ptII/ptolemy/actor/lib/test/IIR.tcl
/home/travis/build/icyphy/ptII/ptolemy/actor/lib/test/Interpolator.tcl
8 ms. Memory: 208896K Free: 97367K (47%)
3 ms. Memory: 208896K Free: 97367K (47%)
2 ms. Memory: 208896K Free: 97367K (47%)
2 ms. Memory: 208896K Free: 94929K (45%)
4 ms. Memory: 208896K Free: 94929K (45%)
2 ms. Memory: 208896K Free: 94929K (45%)
3 ms. Memory: 208896K Free: 92492K (44%)
3 ms. Memory: 208896K Free: 92492K (44%)
3 ms. Memory: 208896K Free: 92492K (44%)
3 ms. Memory: 208896K Free: 90055K (43%)
/home/travis/build/icyphy/ptII/ptolemy/actor/lib/test/MathFunction.tcl
4 ms. Memory: 208896K Free: 87618K (42%)
3 ms. Memory: 208896K Free: 87618K (42%)
3 ms. Memory: 208896K Free: 85181K (41%)
2 ms. Memory: 208896K Free: 85181K (41%)
5 ms. Memory: 208896K Free: 85181K (41%)
9 ms. Memory: 208896K Free: 82743K (40%)
/home/travis/build/icyphy/ptII/ptolemy/actor/lib/test/Maximum.tcl
7 ms. Memory: 208896K Free: 80854K (39%)
23 ms. Memory: 208896K Free: 200494K (96%)
2 ms. Memory: 208896K Free: 200494K (96%)
7 ms. Memory: 208896K Free: 200494K (96%)
/home/travis/build/icyphy/ptII/ptolemy/actor/lib/test/Minimum.tcl
11 ms. Memory: 208896K Free: 198049K (95%)
6 ms. Memory: 208896K Free: 198049K (95%)
2 ms. Memory: 208896K Free: 198049K (95%)
6 ms. Memory: 208896K Free: 195605K (94%)
/home/travis/build/icyphy/ptII/ptolemy/actor/lib/test/MultiplyDivide.tcl
13 ms. Memory: 208896K Free: 193161K (92%)
6 ms. Memory: 208896K Free: 193161K (92%)
9 ms. Memory: 208896K Free: 193161K (92%)
2 ms. Memory: 208896K Free: 193161K (92%)
5 ms. Memory: 208896K Free: 190716K (91%)
/home/travis/build/icyphy/ptII/ptolemy/actor/lib/test/OrderedMerge.tcl
Connections changed on port: inputA
Connections changed on port: inputB
Connections changed on port: output
Connections changed on port: output
Connections changed on port: output
Connections changed on port: input
.top. Preinitializing ...
Invoking preinitialize():  .top.OrderedMerge
Called preinitialize()
Invoking preinitialize():  .top.Ramp
Called preinitialize()
Invoking preinitialize():  .top.Ramp2
Called preinitialize()
Invoking preinitialize():  .top.Test
Called preinitialize()
Connections changed on port: inputA
Connections changed on port: output
Connections changed on port: inputB
Connections changed on port: output
Connections changed on port: output
Connections changed on port: input
.top. Finished preinitialize().
Called initialize().
Invoking initialize():  .top.OrderedMerge
Initializing actor: .top.OrderedMerge
Adding a thread: .top.OrderedMerge
Invoking initialize():  .top.Ramp
Initializing actor: .top.Ramp
Adding a thread: .top.Ramp
Invoking initialize():  .top.Ramp2
Initializing actor: .top.Ramp2
Adding a thread: .top.Ramp2
Invoking initialize():  .top.Test
Initializing actor: .top.Test
Adding a thread: .top.Test
-- Starting thread.
Called initialize()
Called prefire()
Called fire()
-- Starting thread.
Called initialize()
Called prefire()
Called fire()
Called postfire()
Called prefire()
Called fire()
-- Starting thread.
Called initialize()
Called prefire()
Called fire()
Called postfire()
Called prefire()
Called fire()
Called fire().
Checking for deadlock:
There are 3 Blocked actors, 0 Stopped actors, and 4 active threads.
Waiting for actors to stop.
-- Starting thread.
Called initialize()
Called prefire()
Called fire()
Checking for deadlock:
There are 2 Blocked actors, 0 Stopped actors, and 4 active threads.
Waiting for actors to stop.
Called postfire()
Called prefire()
Called fire()
Checking for deadlock:
There are 3 Blocked actors, 0 Stopped actors, and 4 active threads.
Waiting for actors to stop.
Read input token from inputA with value 0.0
Next port to read input from is inputB
Called postfire()
Called prefire()
Called fire()
Checking for deadlock:
There are 2 Blocked actors, 0 Stopped actors, and 4 active threads.
Waiting for actors to stop.
Called postfire()
Called prefire()
Called fire()
Checking for deadlock:
There are 3 Blocked actors, 0 Stopped actors, and 4 active threads.
Waiting for actors to stop.
Read input token from inputB with value 0.0
Checking for deadlock:
There are 2 Blocked actors, 0 Stopped actors, and 4 active threads.
Waiting for actors to stop.
-- Read input: 0.0, which is expected to match: 0.0
Called prefire()
Called fire()
Checking for deadlock:
There are 3 Blocked actors, 0 Stopped actors, and 4 active threads.
Waiting for actors to stop.
Sent output token with value 0.0
Next port to read input from is inputA
Called postfire()
Called prefire()
Called fire()
Called postfire()
Called prefire()
Called fire()
Checking for deadlock:
There are 3 Blocked actors, 0 Stopped actors, and 4 active threads.
Waiting for actors to stop.
Read input token from inputA with value 1.0
-- Read input: 0.0, which is expected to match: 0.0
Called prefire()
Called fire()
Checking for deadlock:
There are 3 Blocked actors, 0 Stopped actors, and 4 active threads.
Waiting for actors to stop.
Sent output token with value 0.0
Next port to read input from is inputB
Called postfire()
Called prefire()
Called fire()
Checking for deadlock:
There are 2 Blocked actors, 0 Stopped actors, and 4 active threads.
Waiting for actors to stop.
Called postfire()
Called prefire()
Called fire()
Checking for deadlock:
There are 3 Blocked actors, 0 Stopped actors, and 4 active threads.
Waiting for actors to stop.
Read input token from inputB with value 1.5
Checking for deadlock:
There are 2 Blocked actors, 0 Stopped actors, and 4 active threads.
Waiting for actors to stop.
-- Read input: 1.0, which is expected to match: 1.0
Called prefire()
Called fire()
Checking for deadlock:
There are 3 Blocked actors, 0 Stopped actors, and 4 active threads.
Waiting for actors to stop.
Sent output token with value 1.0
Next port to read input from is inputA
Called postfire()
Called prefire()
Called fire()
Called postfire()
Called prefire()
Called fire()
Checking for deadlock:
There are 3 Blocked actors, 0 Stopped actors, and 4 active threads.
Waiting for actors to stop.
Read input token from inputA with value 2.0
-- Read input: 1.5, which is expected to match: 1.5
Called prefire()
Called fire()
Checking for deadlock:
There are 3 Blocked actors, 0 Stopped actors, and 4 active threads.
Waiting for actors to stop.
Sent output token with value 1.5
Next port to read input from is inputB
Called postfire()
Called prefire()
Called fire()
Checking for deadlock:
There are 2 Blocked actors, 0 Stopped actors, and 4 active threads.
Waiting for actors to stop.
Called postfire()
Called prefire()
Called fire()
Checking for deadlock:
There are 3 Blocked actors, 0 Stopped actors, and 4 active threads.
Waiting for actors to stop.
Read input token from inputB with value 3.0
Checking for deadlock:
There are 2 Blocked actors, 0 Stopped actors, and 4 active threads.
Waiting for actors to stop.
-- Read input: 2.0, which is expected to match: 2.0
Called prefire()
Called fire()
Checking for deadlock:
There are 3 Blocked actors, 0 Stopped actors, and 4 active threads.
Waiting for actors to stop.
Sent output token with value 2.0
Next port to read input from is inputA
Called postfire()
Called prefire()
Called fire()
Called postfire()
Called prefire()
Called fire()
Checking for deadlock:
There are 3 Blocked actors, 0 Stopped actors, and 4 active threads.
Waiting for actors to stop.
Read input token from inputA with value 3.0
-- Read input: 3.0, which is expected to match: 3.0
Called prefire()
Called fire()
Checking for deadlock:
There are 3 Blocked actors, 0 Stopped actors, and 4 active threads.
Waiting for actors to stop.
Sent output token with value 3.0
Next port to read input from is inputB
Called postfire()
Called prefire()
Called fire()
Checking for deadlock:
There are 2 Blocked actors, 0 Stopped actors, and 4 active threads.
Waiting for actors to stop.
Called postfire()
Called prefire()
Called fire()
Checking for deadlock:
There are 3 Blocked actors, 0 Stopped actors, and 4 active threads.
Waiting for actors to stop.
Read input token from inputB with value 4.5
Checking for deadlock:
There are 2 Blocked actors, 0 Stopped actors, and 4 active threads.
Waiting for actors to stop.
-- Read input: 3.0, which is expected to match: 3.0
Called prefire()
Called fire()
Checking for deadlock:
There are 3 Blocked actors, 0 Stopped actors, and 4 active threads.
Waiting for actors to stop.
Sent output token with value 3.0
Next port to read input from is inputA
Called postfire()
Called prefire()
Called fire()
Called postfire()
Called prefire()
Called fire()
Checking for deadlock:
There are 3 Blocked actors, 0 Stopped actors, and 4 active threads.
Waiting for actors to stop.
Read input token from inputA with value 4.0
-- Read input: 4.0, which is expected to match: 4.0
Called prefire()
Called fire()
Past the end of training data. Read and discard all inputs.
Checking for deadlock:
There are 3 Blocked actors, 0 Stopped actors, and 4 active threads.
Waiting for actors to stop.
Sent output token with value 4.0
Next port to read input from is inputA
Called postfire()
Called prefire()
Called fire()
Called postfire()
Called prefire()
Called fire()
Checking for deadlock:
There are 3 Blocked actors, 0 Stopped actors, and 4 active threads.
Waiting for actors to stop.
Read input token from inputA with value 5.0
Called prefire()
Called fire()
Past the end of training data. Read and discard all inputs.
Checking for deadlock:
There are 3 Blocked actors, 0 Stopped actors, and 4 active threads.
Waiting for actors to stop.
Sent output token with value 4.5
Next port to read input from is inputB
Called postfire()
Called prefire()
Called fire()
Checking for deadlock:
There are 2 Blocked actors, 0 Stopped actors, and 4 active threads.
Waiting for actors to stop.
Called postfire()
Called prefire()
Called fire()
Checking for deadlock:
There are 3 Blocked actors, 0 Stopped actors, and 4 active threads.
Waiting for actors to stop.
Read input token from inputB with value 6.0
Checking for deadlock:
There are 2 Blocked actors, 0 Stopped actors, and 4 active threads.
Waiting for actors to stop.
Called prefire()
Called fire()
Past the end of training data. Read and discard all inputs.
Checking for deadlock:
There are 3 Blocked actors, 0 Stopped actors, and 4 active threads.
Waiting for actors to stop.
Sent output token with value 5.0
Next port to read input from is inputA
Called postfire()
Called prefire()
Called fire()
Called postfire()
Called prefire()
Called fire()
Checking for deadlock:
There are 3 Blocked actors, 0 Stopped actors, and 4 active threads.
Waiting for actors to stop.
Read input token from inputA with value 6.0
Called prefire()
Called fire()
Past the end of training data. Read and discard all inputs.
Checking for deadlock:
There are 3 Blocked actors, 0 Stopped actors, and 4 active threads.
Waiting for actors to stop.
Sent output token with value 6.0
Next port to read input from is inputB
Called postfire()
Called prefire()
Called fire()
Checking for deadlock:
There are 2 Blocked actors, 0 Stopped actors, and 4 active threads.
Waiting for actors to stop.
Called postfire()
Called prefire()
Called fire()
Checking for deadlock:
There are 3 Blocked actors, 0 Stopped actors, and 4 active threads.
Waiting for actors to stop.
Read input token from inputB with value 7.5
Checking for deadlock:
There are 2 Blocked actors, 0 Stopped actors, and 4 active threads.
Waiting for actors to stop.
Called prefire()
Called fire()
Past the end of training data. Read and discard all inputs.
Checking for deadlock:
There are 3 Blocked actors, 0 Stopped actors, and 4 active threads.
Waiting for actors to stop.
Sent output token with value 6.0
Next port to read input from is inputA
Called postfire()
Called prefire()
Called fire()
Called postfire()
Called prefire()
Called fire()
Checking for deadlock:
There are 3 Blocked actors, 0 Stopped actors, and 4 active threads.
Waiting for actors to stop.
Read input token from inputA with value 7.0
Called prefire()
Called fire()
Past the end of training data. Read and discard all inputs.
Checking for deadlock:
There are 3 Blocked actors, 0 Stopped actors, and 4 active threads.
Waiting for actors to stop.
Sent output token with value 7.0
Next port to read input from is inputA
Called postfire()
Called prefire()
Called fire()
-- Thread wrapup() called.
Called wrapup()
Thread .top.Ramp is exiting.
-- Thread stopped.
Checking for deadlock:
There are 2 Blocked actors, 0 Stopped actors, and 3 active threads.
Waiting for actors to stop.
Read input token from inputA with value 8.0
Called prefire()
Called fire()
Past the end of training data. Read and discard all inputs.
Checking for deadlock:
There are 2 Blocked actors, 0 Stopped actors, and 3 active threads.
Waiting for actors to stop.
Sent output token with value 7.5
Next port to read input from is inputB
Called postfire()
Called prefire()
Called fire()
Checking for deadlock:
There are 1 Blocked actors, 0 Stopped actors, and 3 active threads.
Waiting for actors to stop.
Called postfire()
Called prefire()
Called fire()
Checking for deadlock:
There are 2 Blocked actors, 0 Stopped actors, and 3 active threads.
Waiting for actors to stop.
Read input token from inputB with value 9.0
Checking for deadlock:
There are 1 Blocked actors, 0 Stopped actors, and 3 active threads.
Waiting for actors to stop.
Called prefire()
Called fire()
Past the end of training data. Read and discard all inputs.
Checking for deadlock:
There are 2 Blocked actors, 0 Stopped actors, and 3 active threads.
Waiting for actors to stop.
Sent output token with value 8.0
Next port to read input from is inputA
Called postfire()
Called prefire()
Called fire()
Read input token from inputA with value 9.0
Checking for deadlock:
There are 1 Blocked actors, 0 Stopped actors, and 3 active threads.
Waiting for actors to stop.
Called prefire()
Called fire()
Past the end of training data. Read and discard all inputs.
Checking for deadlock:
There are 2 Blocked actors, 0 Stopped actors, and 3 active threads.
Waiting for actors to stop.
Sent output token with value 9.0
Next port to read input from is inputB
Called postfire()
Called prefire()
Called fire()
Checking for deadlock:
There are 1 Blocked actors, 0 Stopped actors, and 3 active threads.
Waiting for actors to stop.
Called postfire()
Called prefire()
Called fire()
Checking for deadlock:
There are 2 Blocked actors, 0 Stopped actors, and 3 active threads.
Waiting for actors to stop.
Read input token from inputB with value 10.5
Checking for deadlock:
There are 1 Blocked actors, 0 Stopped actors, and 3 active threads.
Waiting for actors to stop.
Called prefire()
Called fire()
Past the end of training data. Read and discard all inputs.
Checking for deadlock:
There are 2 Blocked actors, 0 Stopped actors, and 3 active threads.
Waiting for actors to stop.
Sent output token with value 9.0
Next port to read input from is inputA
Called postfire()
Called prefire()
Called fire()
Checking for deadlock:
There are 3 Blocked actors, 0 Stopped actors, and 3 active threads.
Actors have stopped.
Checking for deadlock:
There are 3 Blocked actors, 0 Stopped actors, and 3 active threads.
Deadlock detected.
Resolving Deadlock
Checking for deadlock:
There are 3 Blocked actors, 0 Stopped actors, and 3 active threads.
Artificial Deadlock - increasing queue capacity.
increasing the capacity of receiver ptolemy.actor.TypedIOPort {.top.OrderedMerge.inputB} to 2
Director: Called postfire().
Called postfire().
_stopRequested = false
_stopFireRequested = false
Returning from postfire(): true
Called fire().
Checking for deadlock:
There are 2 Blocked actors, 0 Stopped actors, and 3 active threads.
Waiting for actors to stop.
-- Thread wrapup() called.
Called wrapup()
Thread .top.Ramp2 is exiting.
-- Thread stopped.
Checking for deadlock:
There are 2 Blocked actors, 0 Stopped actors, and 2 active threads.
Actors have stopped.
Checking for deadlock:
There are 2 Blocked actors, 0 Stopped actors, and 2 active threads.
Deadlock detected.
Resolving Deadlock
Checking for deadlock:
There are 2 Blocked actors, 0 Stopped actors, and 2 active threads.
Deadlock detected: no processes blocked on write, but some are blocked on read.
Called postfire().
_stopRequested = false
_stopFireRequested = false
Returning from postfire(): false
Finished deactivating branches.
Called wrapup().
-- Thread wrapup() called.
Called wrapup()
Thread .top.Test is exiting.
-- Thread stopped.
-- Blocked Receiver call threw TerminateProcessException.
-- Thread wrapup() called.
Called wrapup()
Thread .top.OrderedMerge is exiting.
33 ms. Memory: 208896K Free: 183357K (88%)
.top. Preinitializing ...
Invoking preinitialize():  .top.OrderedMerge
Called preinitialize()
Invoking preinitialize():  .top.Ramp
Called preinitialize()
Invoking preinitialize():  .top.Ramp2
Called preinitialize()
Invoking preinitialize():  .top.Test
Called preinitialize()
.top. Finished preinitialize().
Called initialize().
Invoking initialize():  .top.OrderedMerge
Initializing actor: .top.OrderedMerge
Adding a thread: .top.OrderedMerge
Invoking initialize():  .top.Ramp
Initializing actor: .top.Ramp
Adding a thread: .top.Ramp
Invoking initialize():  .top.Ramp2
Initializing actor: .top.Ramp2
Adding a thread: .top.Ramp2
Invoking initialize():  .top.Test
Initializing actor: .top.Test
Adding a thread: .top.Test
-- Thread stopped.
-- Blocked Receiver call threw TerminateProcessException.
-- Starting thread.
Called initialize()
Called prefire()
Called fire()
-- Starting thread.
Called initialize()
Called prefire()
Called fire()
Called postfire()
Called prefire()
Called fire()
-- Starting thread.
Called initialize()
Called prefire()
Called fire()
Called postfire()
Called prefire()
Called fire()
Called fire().
Checking for deadlock:
There are 3 Blocked actors, 0 Stopped actors, and 4 active threads.
Waiting for actors to stop.
-- Starting thread.
Called initialize()
Called prefire()
Called fire()
Checking for deadlock:
There are 2 Blocked actors, 0 Stopped actors, and 4 active threads.
Waiting for actors to stop.
Called postfire()
Called prefire()
Called fire()
Checking for deadlock:
There are 3 Blocked actors, 0 Stopped actors, and 4 active threads.
Waiting for actors to stop.
Read input token from inputA with value 0.0
Next port to read input from is inputB
Called postfire()
Called prefire()
Called fire()
Checking for deadlock:
There are 2 Blocked actors, 0 Stopped actors, and 4 active threads.
Waiting for actors to stop.
Called postfire()
Called prefire()
Called fire()
Checking for deadlock:
There are 3 Blocked actors, 0 Stopped actors, and 4 active threads.
Waiting for actors to stop.
Read input token from inputB with value 0.0
Checking for deadlock:
There are 2 Blocked actors, 0 Stopped actors, and 4 active threads.
Waiting for actors to stop.
-- Read input: 0.0, which is expected to match: 0.0
Called prefire()
Called fire()
Checking for deadlock:
There are 3 Blocked actors, 0 Stopped actors, and 4 active threads.
Waiting for actors to stop.
Sent output token with value 0.0
Next port to read input from is inputA
Called postfire()
Called prefire()
Called fire()
Checking for deadlock:
There are 2 Blocked actors, 0 Stopped actors, and 4 active threads.
Waiting for actors to stop.
Called postfire()
Called prefire()
Called fire()
Checking for deadlock:
There are 3 Blocked actors, 0 Stopped actors, and 4 active threads.
Waiting for actors to stop.
Read input token from inputA with value 1.0
Checking for deadlock:
There are 2 Blocked actors, 0 Stopped actors, and 4 active threads.
Waiting for actors to stop.
-- Read input: 0.0, which is expected to match: 0.0
Called prefire()
Called fire()
Sent output token with value 0.0
Next port to read input from is inputB
Called postfire()
Called prefire()
Called fire()
Read input token from inputB with value 1.5
Sent output token with value 1.0
Next port to read input from is inputA
Called postfire()
Called prefire()
Called fire()
Read input token from inputA with value 2.0
-- Read input: 1.0, which is expected to match: 1.0
Called prefire()
Called fire()
Called postfire()
Called prefire()
Called fire()
Checking for deadlock:
There are 2 Blocked actors, 0 Stopped actors, and 4 active threads.
Waiting for actors to stop.
Called postfire()
Called prefire()
Called fire()
Checking for deadlock:
There are 3 Blocked actors, 0 Stopped actors, and 4 active threads.
Waiting for actors to stop.
Checking for deadlock:
There are 2 Blocked actors, 0 Stopped actors, and 4 active threads.
Waiting for actors to stop.
-- Read input: 1.5, which is expected to match: 1.5
Called prefire()
Called fire()
Checking for deadlock:
There are 3 Blocked actors, 0 Stopped actors, and 4 active threads.
Waiting for actors to stop.
Sent output token with value 1.5
Next port to read input from is inputB
Called postfire()
Called prefire()
Called fire()
Called postfire()
Called prefire()
Called fire()
Checking for deadlock:
There are 3 Blocked actors, 0 Stopped actors, and 4 active threads.
Waiting for actors to stop.
Read input token from inputB with value 3.0
-- Read input: 2.0, which is expected to match: 2.0
Called prefire()
Called fire()
Checking for deadlock:
There are 3 Blocked actors, 0 Stopped actors, and 4 active threads.
Waiting for actors to stop.
Sent output token with value 2.0
Next port to read input from is inputA
Called postfire()
Called prefire()
Called fire()
Checking for deadlock:
There are 2 Blocked actors, 0 Stopped actors, and 4 active threads.
Waiting for actors to stop.
Called postfire()
Called prefire()
Called fire()
Checking for deadlock:
There are 3 Blocked actors, 0 Stopped actors, and 4 active threads.
Waiting for actors to stop.
Read input token from inputA with value 3.0
Checking for deadlock:
There are 2 Blocked actors, 0 Stopped actors, and 4 active threads.
Waiting for actors to stop.
-- Read input: 3.0, which is expected to match: 3.0
Called prefire()
Called fire()
Checking for deadlock:
There are 3 Blocked actors, 0 Stopped actors, and 4 active threads.
Waiting for actors to stop.
Sent output token with value 3.0
Next port to read input from is inputB
Called postfire()
Called prefire()
Called fire()
Called postfire()
Called prefire()
Called fire()
Checking for deadlock:
There are 3 Blocked actors, 0 Stopped actors, and 4 active threads.
Waiting for actors to stop.
Read input token from inputB with value 4.5
-- Read input: 3.0, which is expected to match: 3.0
Called prefire()
Called fire()
Checking for deadlock:
There are 3 Blocked actors, 0 Stopped actors, and 4 active threads.
Waiting for actors to stop.
Sent output token with value 3.0
Next port to read input from is inputA
Called postfire()
Called prefire()
Called fire()
Checking for deadlock:
There are 2 Blocked actors, 0 Stopped actors, and 4 active threads.
Waiting for actors to stop.
Called postfire()
Called prefire()
Called fire()
Checking for deadlock:
There are 3 Blocked actors, 0 Stopped actors, and 4 active threads.
Waiting for actors to stop.
Read input token from inputA with value 4.0
Checking for deadlock:
There are 2 Blocked actors, 0 Stopped actors, and 4 active threads.
Waiting for actors to stop.
-- Read input: 4.0, which is expected to match: 4.0
Called prefire()
Called fire()
Past the end of training data. Read and discard all inputs.
Checking for deadlock:
There are 3 Blocked actors, 0 Stopped actors, and 4 active threads.
Waiting for actors to stop.
Sent output token with value 4.0
Next port to read input from is inputA
Called postfire()
Called prefire()
Called fire()
Checking for deadlock:
There are 2 Blocked actors, 0 Stopped actors, and 4 active threads.
Waiting for actors to stop.
Called postfire()
Called prefire()
Called fire()
Checking for deadlock:
There are 3 Blocked actors, 0 Stopped actors, and 4 active threads.
Waiting for actors to stop.
Read input token from inputA with value 5.0
Checking for deadlock:
There are 2 Blocked actors, 0 Stopped actors, and 4 active threads.
Waiting for actors to stop.
Called prefire()
Called fire()
Past the end of training data. Read and discard all inputs.
Checking for deadlock:
There are 3 Blocked actors, 0 Stopped actors, and 4 active threads.
Waiting for actors to stop.
Sent output token with value 4.5
Next port to read input from is inputB
Called postfire()
Called prefire()
Called fire()
Called postfire()
Called prefire()
Called fire()
Checking for deadlock:
There are 3 Blocked actors, 0 Stopped actors, and 4 active threads.
Waiting for actors to stop.
Read input token from inputB with value 6.0
Checking for deadlock:
There are 2 Blocked actors, 0 Stopped actors, and 4 active threads.
Waiting for actors to stop.
Called prefire()
Called fire()
Past the end of training data. Read and discard all inputs.
Checking for deadlock:
There are 3 Blocked actors, 0 Stopped actors, and 4 active threads.
Waiting for actors to stop.
Sent output token with value 5.0
Next port to read input from is inputA
Called postfire()
Called prefire()
Called fire()
Checking for deadlock:
There are 2 Blocked actors, 0 Stopped actors, and 4 active threads.
Waiting for actors to stop.
Called postfire()
Called prefire()
Called fire()
Checking for deadlock:
There are 3 Blocked actors, 0 Stopped actors, and 4 active threads.
Waiting for actors to stop.
Read input token from inputA with value 6.0
Checking for deadlock:
There are 2 Blocked actors, 0 Stopped actors, and 4 active threads.
Waiting for actors to stop.
Called prefire()
Called fire()
Past the end of training data. Read and discard all inputs.
Checking for deadlock:
There are 3 Blocked actors, 0 Stopped actors, and 4 active threads.
Waiting for actors to stop.
Sent output token with value 6.0
Next port to read input from is inputB
Called postfire()
Called prefire()
Called fire()
Checking for deadlock:
There are 2 Blocked actors, 0 Stopped actors, and 4 active threads.
Waiting for actors to stop.
Called postfire()
Called prefire()
Called fire()
Checking for deadlock:
There are 3 Blocked actors, 0 Stopped actors, and 4 active threads.
Waiting for actors to stop.
Read input token from inputB with value 7.5
Checking for deadlock:
There are 2 Blocked actors, 0 Stopped actors, and 4 active threads.
Waiting for actors to stop.
Called prefire()
Called fire()
Past the end of training data. Read and discard all inputs.
Checking for deadlock:
There are 3 Blocked actors, 0 Stopped actors, and 4 active threads.
Waiting for actors to stop.
Sent output token with value 6.0
Next port to read input from is inputA
Called postfire()
Called prefire()
Called fire()
Checking for deadlock:
There are 2 Blocked actors, 0 Stopped actors, and 4 active threads.
Waiting for actors to stop.
Called postfire()
Called prefire()
Called fire()
Checking for deadlock:
There are 3 Blocked actors, 0 Stopped actors, and 4 active threads.
Waiting for actors to stop.
Read input token from inputA with value 7.0
Checking for deadlock:
There are 2 Blocked actors, 0 Stopped actors, and 4 active threads.
Waiting for actors to stop.
Called prefire()
Called fire()
Past the end of training data. Read and discard all inputs.
Checking for deadlock:
There are 3 Blocked actors, 0 Stopped actors, and 4 active threads.
Waiting for actors to stop.
Sent output token with value 7.0
Next port to read input from is inputA
Called postfire()
Called prefire()
Called fire()
Checking for deadlock:
There are 2 Blocked actors, 0 Stopped actors, and 4 active threads.
Waiting for actors to stop.
-- Thread wrapup() called.
Called wrapup()
Thread .top.Ramp is exiting.
Checking for deadlock:
There are 2 Blocked actors, 0 Stopped actors, and 3 active threads.
Waiting for actors to stop.
-- Thread stopped.
Read input token from inputA with value 8.0
Checking for deadlock:
There are 1 Blocked actors, 0 Stopped actors, and 3 active threads.
Waiting for actors to stop.
Called prefire()
Called fire()
Past the end of training data. Read and discard all inputs.
Checking for deadlock:
There are 2 Blocked actors, 0 Stopped actors, and 3 active threads.
Waiting for actors to stop.
Sent output token with value 7.5
Next port to read input from is inputB
Called postfire()
Called prefire()
Called fire()
Checking for deadlock:
There are 1 Blocked actors, 0 Stopped actors, and 3 active threads.
Waiting for actors to stop.
Called postfire()
Called prefire()
Called fire()
Checking for deadlock:
There are 2 Blocked actors, 0 Stopped actors, and 3 active threads.
Waiting for actors to stop.
Read input token from inputB with value 9.0
Checking for deadlock:
There are 1 Blocked actors, 0 Stopped actors, and 3 active threads.
Waiting for actors to stop.
Called prefire()
Called fire()
Past the end of training data. Read and discard all inputs.
Checking for deadlock:
There are 2 Blocked actors, 0 Stopped actors, and 3 active threads.
Waiting for actors to stop.
Sent output token with value 8.0
Next port to read input from is inputA
Called postfire()
Called prefire()
Called fire()
Read input token from inputA with value 9.0
Checking for deadlock:
There are 1 Blocked actors, 0 Stopped actors, and 3 active threads.
Waiting for actors to stop.
Called prefire()
Called fire()
Past the end of training data. Read and discard all inputs.
Checking for deadlock:
There are 2 Blocked actors, 0 Stopped actors, and 3 active threads.
Waiting for actors to stop.
Sent output token with value 9.0
Next port to read input from is inputB
Called postfire()
Called prefire()
Called fire()
Checking for deadlock:
There are 1 Blocked actors, 0 Stopped actors, and 3 active threads.
Waiting for actors to stop.
Called postfire()
Called prefire()
Called fire()
Checking for deadlock:
There are 2 Blocked actors, 0 Stopped actors, and 3 active threads.
Waiting for actors to stop.
Read input token from inputB with value 10.5
Checking for deadlock:
There are 1 Blocked actors, 0 Stopped actors, and 3 active threads.
Waiting for actors to stop.
Called prefire()
Called fire()
Past the end of training data. Read and discard all inputs.
Checking for deadlock:
There are 2 Blocked actors, 0 Stopped actors, and 3 active threads.
Waiting for actors to stop.
Sent output token with value 9.0
Next port to read input from is inputA
Called postfire()
Called prefire()
Called fire()
Checking for deadlock:
There are 3 Blocked actors, 0 Stopped actors, and 3 active threads.
Actors have stopped.
Checking for deadlock:
There are 3 Blocked actors, 0 Stopped actors, and 3 active threads.
Deadlock detected.
Resolving Deadlock
Checking for deadlock:
There are 3 Blocked actors, 0 Stopped actors, and 3 active threads.
Artificial Deadlock - increasing queue capacity.
increasing the capacity of receiver ptolemy.actor.TypedIOPort {.top.OrderedMerge.inputB} to 2
Director: Called postfire().
Called postfire().
_stopRequested = false
_stopFireRequested = false
Returning from postfire(): true
Called fire().
Checking for deadlock:
There are 2 Blocked actors, 0 Stopped actors, and 3 active threads.
Waiting for actors to stop.
-- Thread wrapup() called.
Called wrapup()
Thread .top.Ramp2 is exiting.
-- Thread stopped.
Checking for deadlock:
There are 2 Blocked actors, 0 Stopped actors, and 2 active threads.
Actors have stopped.
Checking for deadlock:
There are 2 Blocked actors, 0 Stopped actors, and 2 active threads.
Deadlock detected.
Resolving Deadlock
Checking for deadlock:
There are 2 Blocked actors, 0 Stopped actors, and 2 active threads.
Deadlock detected: no processes blocked on write, but some are blocked on read.
Called postfire().
_stopRequested = false
_stopFireRequested = false
Returning from postfire(): false
Finished deactivating branches.
Called wrapup().
-- Thread wrapup() called.
Called wrapup()
Thread .top.OrderedMerge is exiting.
-- Thread wrapup() called.
Called wrapup()
Thread .top.Test is exiting.
-- Thread stopped.
-- Blocked Receiver call threw TerminateProcessException.
20 ms. Memory: 208896K Free: 178442K (85%)
/home/travis/build/icyphy/ptII/ptolemy/actor/lib/test/Publisher.tcl
-- Thread stopped.
-- Blocked Receiver call threw TerminateProcessException.
10 ms. Memory: 208896K Free: 173537K (83%)
11 ms. Memory: 208896K Free: 166172K (80%)
8 ms. Memory: 208896K Free: 163728K (78%)
4 ms. Memory: 208896K Free: 161283K (77%)
3 ms. Memory: 208896K Free: 161283K (77%)
4 ms. Memory: 208896K Free: 161283K (77%)
2 ms. Memory: 208896K Free: 158839K (76%)
4 ms. Memory: 208896K Free: 158839K (76%)
2 ms. Memory: 208896K Free: 149046K (71%)
4 ms. Memory: 208896K Free: 144157K (69%)
2 ms. Memory: 208896K Free: 144157K (69%)
2 ms. Memory: 208896K Free: 141713K (68%)
7 ms. Memory: 208896K Free: 134379K (64%)
6 ms. Memory: 208896K Free: 124602K (60%)
6 ms. Memory: 208896K Free: 112364K (54%)
/home/travis/build/icyphy/ptII/ptolemy/actor/lib/test/Pulse.tcl
5 ms. Memory: 331776K Free: 314596K (95%)
9 ms. Memory: 331776K Free: 309851K (93%)
2 ms. Memory: 331776K Free: 309851K (93%)
1 ms. Memory: 331776K Free: 309851K (93%)
1 ms. Memory: 331776K Free: 309851K (93%)
2 ms. Memory: 331776K Free: 309851K (93%)
3 ms. Memory: 331776K Free: 309851K (93%)
2 ms. Memory: 331776K Free: 309851K (93%)
2 ms. Memory: 331776K Free: 305106K (92%)
/home/travis/build/icyphy/ptII/ptolemy/actor/lib/test/Ramp.tcl
3 ms. Memory: 331776K Free: 305106K (92%)
2 ms. Memory: 331776K Free: 305106K (92%)
2 ms. Memory: 331776K Free: 305106K (92%)
2 ms. Memory: 331776K Free: 305106K (92%)
4 ms. Memory: 331776K Free: 300361K (91%)
4 ms. Memory: 331776K Free: 300361K (91%)
5 ms. Memory: 331776K Free: 300361K (91%)
5 actors
5000 microseconds per iteration to create
6 ms. Memory: 331776K Free: 295601K (89%)
2 ms. Memory: 331776K Free: 295601K (89%)
2 ms. Memory: 331776K Free: 295601K (89%)
2 ms. Memory: 331776K Free: 295601K (89%)
50 actors
32000 microseconds per iteration to create
32 ms. Memory: 331776K Free: 281351K (85%)
6 ms. Memory: 331776K Free: 281351K (85%)
6 ms. Memory: 331776K Free: 276591K (83%)
6 ms. Memory: 331776K Free: 276591K (83%)
500 actors
1648000 microseconds per iteration to create
303 ms. Memory: 331776K Free: 110262K (33%)
45 ms. Memory: 331776K Free: 105518K (32%)
56 ms. Memory: 331776K Free: 100773K (30%)
54 ms. Memory: 331776K Free: 96029K (29%)
/home/travis/build/icyphy/ptII/ptolemy/actor/lib/test/RampContinuous.tcl
8 ms. Memory: 331776K Free: 91284K (28%)
/home/travis/build/icyphy/ptII/ptolemy/actor/lib/test/RecordAssembler.tcl
7 ms. Memory: 331776K Free: 91284K (28%)
4 ms. Memory: 331776K Free: 91284K (28%)
/home/travis/build/icyphy/ptII/ptolemy/actor/lib/test/RecordDisassembler.tcl
4 ms. Memory: 331776K Free: 86524K (26%)
3 ms. Memory: 331776K Free: 86524K (26%)
3 ms. Memory: 331776K Free: 86524K (26%)
/home/travis/build/icyphy/ptII/ptolemy/actor/lib/test/Scale.tcl
2 ms. Memory: 331776K Free: 86524K (26%)
2 ms. Memory: 331776K Free: 81771K (25%)
2 ms. Memory: 331776K Free: 81771K (25%)
2 ms. Memory: 331776K Free: 81771K (25%)
3 ms. Memory: 331776K Free: 81771K (25%)
/home/travis/build/icyphy/ptII/ptolemy/actor/lib/test/SequentialClock.tcl
preinitializing
resolving types
initializing
executing number 1
wrapping up
idle
3 ms. Memory: 331776K Free: 81771K (25%)
Completed execution with 5 iterations
preinitializing
resolving types
initializing
executing number 1
wrapping up
idle
1 ms. Memory: 331776K Free: 79138K (24%)
Completed execution with 5 iterations
preinitializing
resolving types
initializing
executing number 1
wrapping up
idle
1 ms. Memory: 331776K Free: 79138K (24%)
Completed execution with 5 iterations
/home/travis/build/icyphy/ptII/ptolemy/actor/lib/test/SetVariable.tcl
5 ms. Memory: 331776K Free: 79138K (24%)
/home/travis/build/icyphy/ptII/ptolemy/actor/lib/test/Sinewave.tcl
/home/travis/build/icyphy/ptII/ptolemy/actor/lib/test/SubscriptionAggregator.tcl
4 ms. Memory: 332288K Free: 305143K (92%)
3 ms. Memory: 332288K Free: 305143K (92%)
1 ms. Memory: 332288K Free: 300327K (90%)
1 ms. Memory: 332288K Free: 300327K (90%)
1 ms. Memory: 332288K Free: 300327K (90%)
4 ms. Memory: 332288K Free: 295526K (89%)
...............................................................1039 ms. Memory: 477184K Free: 133824K (28%)
/home/travis/build/icyphy/ptII/ptolemy/actor/lib/test/Test.tcl
 The next command will produce a warning about training mode,
   which may be ignored.
5 ms. Memory: 477184K Free: 126154K (26%)
2 ms. Memory: 477184K Free: 126154K (26%)
1 ms. Memory: 477184K Free: 126154K (26%)
2 ms. Memory: 477184K Free: 126154K (26%)
4 ms. Memory: 477184K Free: 126154K (26%)
3 ms. Memory: 477184K Free: 126154K (26%)
6 ms. Memory: 477184K Free: 126154K (26%)
 The next command will produce a warning about training mode,
   which may be ignored.
5 ms. Memory: 477184K Free: 118468K (25%)
 The next command will produce a warning about training mode,
   which may be ignored.
4 ms. Memory: 477184K Free: 118468K (25%)
1 ms. Memory: 477184K Free: 118468K (25%)
1 ms. Memory: 477184K Free: 118468K (25%)
4 ms. Memory: 477184K Free: 118468K (25%)
5 ms. Memory: 477184K Free: 118468K (25%)
5 ms. Memory: 477184K Free: 110798K (23%)
/home/travis/build/icyphy/ptII/ptolemy/actor/lib/test/TestExceptionHandler.tcl
 The next command will produce a warning about training mode,
   which may be ignored.
2 ms. Memory: 477184K Free: 110798K (23%)
1 ms. Memory: 477184K Free: 110798K (23%)
1 ms. Memory: 477184K Free: 110798K (23%)
/home/travis/build/icyphy/ptII/ptolemy/actor/lib/test/UnionDisassembler.tcl
29 ms. Memory: 477184K Free: 103112K (22%)
/home/travis/build/icyphy/ptII/ptolemy/actor/lib/test/VariableClock.tcl
preinitializing
resolving types
initializing
executing number 1
wrapping up
idle
10 ms. Memory: 477184K Free: 103112K (22%)
Completed execution with 11 iterations
preinitializing
resolving types
initializing
executing number 1
wrapping up
idle
10 ms. Memory: 477184K Free: 103112K (22%)
Completed execution with 10 iterations
06/14/18 10:45:14
Failed: 0  Total Tests: 234  ((Passed: 234, Newly Passed: 0)  Known Failed: 0) /home/travis/build/icyphy/ptII/ptolemy/actor/lib/test
----------------- testing (KnownFailure) /home/travis/build/icyphy/ptII/ptolemy/actor/lib/test/auto/knownFailedTests/PublisherPortToplevelSubscriber.xml
1 ms. Memory: 477184K Free: 95329K (20%)
Known Failure: java.lang.reflect.InvocationTargetException
----------------- testing (KnownFailure) /home/travis/build/icyphy/ptII/ptolemy/actor/lib/test/auto/knownFailedTests/PublisherSubscriberPortToplevel.xml
1 ms. Memory: 477184K Free: 79764K (17%)
Known Failure: java.lang.reflect.InvocationTargetException
----------------- testing (KnownFailure) /home/travis/build/icyphy/ptII/ptolemy/actor/lib/test/auto/knownFailedTests/PublisherSubscriptionAggregatorPort.xml
2 ms. Memory: 477184K Free: 67438K (14%)
Known Failure: java.lang.reflect.InvocationTargetException
----------------- testing (KnownFailure) /home/travis/build/icyphy/ptII/ptolemy/actor/lib/test/auto/knownFailedTests/sizedarray3.xml
4 ms. Memory: 480768K Free: 419744K (87%)
Known Failure: java.lang.reflect.InvocationTargetException
No auto/linux-amd64/*.xml tests in /home/travis/build/icyphy/ptII/ptolemy/actor/lib/test
AutoTests.java: About to close Vertx.
AutoTests.java: Vertx closed.

===========================================================================================
----------------- testing Thu Jun 14 22:45:15 UTC 2018 /home/travis/build/icyphy/ptII/ptolemy/actor/lib/test/auto/AbsoluteValue.xml
----------------- Instantiating /home/travis/build/icyphy/ptII/ptolemy/actor/lib/test/auto/AbsoluteValue.xml
4 ms. Memory: 480768K Free: 350713K (73%)
----------------- Invoking toplevel() on ptolemy.moml.MoMLSimpleApplication@36c7824f
----------------- Done invoking toplevel() on ptolemy.moml.MoMLSimpleApplication@36c7824f
reloadAllAccessors: .AbsoluteValue

===========================================================================================
----------------- testing Thu Jun 14 22:45:15 UTC 2018 /home/travis/build/icyphy/ptII/ptolemy/actor/lib/test/auto/AbsoluteValue2.xml
----------------- Instantiating /home/travis/build/icyphy/ptII/ptolemy/actor/lib/test/auto/AbsoluteValue2.xml
16 ms. Memory: 480768K Free: 339024K (71%)
----------------- Invoking toplevel() on ptolemy.moml.MoMLSimpleApplication@29388c4e
----------------- Done invoking toplevel() on ptolemy.moml.MoMLSimpleApplication@29388c4e
reloadAllAccessors: .AbsoluteValue2

===========================================================================================
----------------- testing Thu Jun 14 22:45:15 UTC 2018 /home/travis/build/icyphy/ptII/ptolemy/actor/lib/test/auto/Accumulator.xml
----------------- Instantiating /home/travis/build/icyphy/ptII/ptolemy/actor/lib/test/auto/Accumulator.xml
32 ms. Memory: 480768K Free: 319946K (67%)
----------------- Invoking toplevel() on ptolemy.moml.MoMLSimpleApplication@3230817d
----------------- Done invoking toplevel() on ptolemy.moml.MoMLSimpleApplication@3230817d
reloadAllAccessors: .Accumulator

===========================================================================================
----------------- testing Thu Jun 14 22:45:15 UTC 2018 /home/travis/build/icyphy/ptII/ptolemy/actor/lib/test/auto/Accumulator2.xml
----------------- Instantiating /home/travis/build/icyphy/ptII/ptolemy/actor/lib/test/auto/Accumulator2.xml
13 ms. Memory: 480768K Free: 312164K (65%)
----------------- Invoking toplevel() on ptolemy.moml.MoMLSimpleApplication@6a88a9d6
----------------- Done invoking toplevel() on ptolemy.moml.MoMLSimpleApplication@6a88a9d6
reloadAllAccessors: .Accumulator2

===========================================================================================
----------------- testing Thu Jun 14 22:45:15 UTC 2018 /home/travis/build/icyphy/ptII/ptolemy/actor/lib/test/auto/Accumulator3.xml
----------------- Instantiating /home/travis/build/icyphy/ptII/ptolemy/actor/lib/test/auto/Accumulator3.xml
4 ms. Memory: 480768K Free: 304381K (63%)
----------------- Invoking toplevel() on ptolemy.moml.MoMLSimpleApplication@115e3199
----------------- Done invoking toplevel() on ptolemy.moml.MoMLSimpleApplication@115e3199
reloadAllAccessors: .Accumulator3

===========================================================================================
----------------- testing Thu Jun 14 22:45:15 UTC 2018 /home/travis/build/icyphy/ptII/ptolemy/actor/lib/test/auto/ArrayAppend.xml
----------------- Instantiating /home/travis/build/icyphy/ptII/ptolemy/actor/lib/test/auto/ArrayAppend.xml
6 ms. Memory: 480768K Free: 285304K (59%)
----------------- Invoking toplevel() on ptolemy.moml.MoMLSimpleApplication@8b9027e
----------------- Done invoking toplevel() on ptolemy.moml.MoMLSimpleApplication@8b9027e
reloadAllAccessors: .ArrayAppend

===========================================================================================
----------------- testing Thu Jun 14 22:45:15 UTC 2018 /home/travis/build/icyphy/ptII/ptolemy/actor/lib/test/auto/ArrayAppend2.xml
----------------- Instantiating /home/travis/build/icyphy/ptII/ptolemy/actor/lib/test/auto/ArrayAppend2.xml
796 ms. Memory: 480768K Free: 207476K (43%)
----------------- Invoking toplevel() on ptolemy.moml.MoMLSimpleApplication@7e9992c2
----------------- Done invoking toplevel() on ptolemy.moml.MoMLSimpleApplication@7e9992c2
reloadAllAccessors: .ArrayAppend2

===========================================================================================
----------------- testing Thu Jun 14 22:45:16 UTC 2018 /home/travis/build/icyphy/ptII/ptolemy/actor/lib/test/auto/ArrayAppend3.xml
----------------- Instantiating /home/travis/build/icyphy/ptII/ptolemy/actor/lib/test/auto/ArrayAppend3.xml
5 ms. Memory: 480768K Free: 199694K (42%)
----------------- Invoking toplevel() on ptolemy.moml.MoMLSimpleApplication@57a8924a
----------------- Done invoking toplevel() on ptolemy.moml.MoMLSimpleApplication@57a8924a
reloadAllAccessors: .ArrayAppend3

===========================================================================================
----------------- testing Thu Jun 14 22:45:16 UTC 2018 /home/travis/build/icyphy/ptII/ptolemy/actor/lib/test/auto/ArrayAppend4.xml
----------------- Instantiating /home/travis/build/icyphy/ptII/ptolemy/actor/lib/test/auto/ArrayAppend4.xml
4 ms. Memory: 480768K Free: 191911K (40%)
----------------- Invoking toplevel() on ptolemy.moml.MoMLSimpleApplication@42173196
----------------- Done invoking toplevel() on ptolemy.moml.MoMLSimpleApplication@42173196
reloadAllAccessors: .ArrayAppend4

===========================================================================================
----------------- testing Thu Jun 14 22:45:16 UTC 2018 /home/travis/build/icyphy/ptII/ptolemy/actor/lib/test/auto/ArrayAppend5.xml
----------------- Instantiating /home/travis/build/icyphy/ptII/ptolemy/actor/lib/test/auto/ArrayAppend5.xml
8 ms. Memory: 480768K Free: 176725K (37%)
----------------- Invoking toplevel() on ptolemy.moml.MoMLSimpleApplication@46a9ec07
----------------- Done invoking toplevel() on ptolemy.moml.MoMLSimpleApplication@46a9ec07
reloadAllAccessors: .ArrayAppend5

===========================================================================================
----------------- testing Thu Jun 14 22:45:16 UTC 2018 /home/travis/build/icyphy/ptII/ptolemy/actor/lib/test/auto/ArrayAppend6.xml
----------------- Instantiating /home/travis/build/icyphy/ptII/ptolemy/actor/lib/test/auto/ArrayAppend6.xml
10 ms. Memory: 480768K Free: 168943K (35%)
----------------- Invoking toplevel() on ptolemy.moml.MoMLSimpleApplication@942dfcf
----------------- Done invoking toplevel() on ptolemy.moml.MoMLSimpleApplication@942dfcf
reloadAllAccessors: .ArrayAppend6

===========================================================================================
----------------- testing Thu Jun 14 22:45:16 UTC 2018 /home/travis/build/icyphy/ptII/ptolemy/actor/lib/test/auto/ArrayAppendPerformanceTest.xml
----------------- Instantiating /home/travis/build/icyphy/ptII/ptolemy/actor/lib/test/auto/ArrayAppendPerformanceTest.xml
24 ms. Memory: 480768K Free: 153362K (32%)
----------------- Invoking toplevel() on ptolemy.moml.MoMLSimpleApplication@265cdf30
----------------- Done invoking toplevel() on ptolemy.moml.MoMLSimpleApplication@265cdf30
reloadAllAccessors: .ArrayAppendPerformanceTest

===========================================================================================
----------------- testing Thu Jun 14 22:45:16 UTC 2018 /home/travis/build/icyphy/ptII/ptolemy/actor/lib/test/auto/ArrayAppendWithEmptyInput.xml
----------------- Instantiating /home/travis/build/icyphy/ptII/ptolemy/actor/lib/test/auto/ArrayAppendWithEmptyInput.xml
13 ms. Memory: 480768K Free: 134268K (28%)
----------------- Invoking toplevel() on ptolemy.moml.MoMLSimpleApplication@fcad4fe
----------------- Done invoking toplevel() on ptolemy.moml.MoMLSimpleApplication@fcad4fe
reloadAllAccessors: .ArrayAppendWithEmptyInput

===========================================================================================
----------------- testing Thu Jun 14 22:45:16 UTC 2018 /home/travis/build/icyphy/ptII/ptolemy/actor/lib/test/auto/ArrayAverage.xml
----------------- Instantiating /home/travis/build/icyphy/ptII/ptolemy/actor/lib/test/auto/ArrayAverage.xml
6 ms. Memory: 480768K Free: 122579K (25%)
----------------- Invoking toplevel() on ptolemy.moml.MoMLSimpleApplication@3b4f13e1
----------------- Done invoking toplevel() on ptolemy.moml.MoMLSimpleApplication@3b4f13e1
reloadAllAccessors: .ArrayAverage

===========================================================================================
----------------- testing Thu Jun 14 22:45:16 UTC 2018 /home/travis/build/icyphy/ptII/ptolemy/actor/lib/test/auto/ArrayContains.xml
----------------- Instantiating /home/travis/build/icyphy/ptII/ptolemy/actor/lib/test/auto/ArrayContains.xml
9 ms. Memory: 480768K Free: 114796K (24%)
----------------- Invoking toplevel() on ptolemy.moml.MoMLSimpleApplication@1ad64c4d
----------------- Done invoking toplevel() on ptolemy.moml.MoMLSimpleApplication@1ad64c4d
reloadAllAccessors: .ArrayContains

===========================================================================================
----------------- testing Thu Jun 14 22:45:16 UTC 2018 /home/travis/build/icyphy/ptII/ptolemy/actor/lib/test/auto/ArrayElement.xml
----------------- Instantiating /home/travis/build/icyphy/ptII/ptolemy/actor/lib/test/auto/ArrayElement.xml
9 ms. Memory: 480768K Free: 107014K (22%)
----------------- Invoking toplevel() on ptolemy.moml.MoMLSimpleApplication@76d4648e
----------------- Done invoking toplevel() on ptolemy.moml.MoMLSimpleApplication@76d4648e
reloadAllAccessors: .ArrayElement

===========================================================================================
----------------- testing Thu Jun 14 22:45:16 UTC 2018 /home/travis/build/icyphy/ptII/ptolemy/actor/lib/test/auto/ArrayElementAsMatrix.xml
----------------- Instantiating /home/travis/build/icyphy/ptII/ptolemy/actor/lib/test/auto/ArrayElementAsMatrix.xml
19 ms. Memory: 480768K Free: 87920K (18%)
----------------- Invoking toplevel() on ptolemy.moml.MoMLSimpleApplication@7af20fb0
----------------- Done invoking toplevel() on ptolemy.moml.MoMLSimpleApplication@7af20fb0
reloadAllAccessors: .ArrayElementAsMatrix

===========================================================================================
----------------- testing Thu Jun 14 22:45:16 UTC 2018 /home/travis/build/icyphy/ptII/ptolemy/actor/lib/test/auto/ArrayElementI.xml
----------------- Instantiating /home/travis/build/icyphy/ptII/ptolemy/actor/lib/test/auto/ArrayElementI.xml
5 ms. Memory: 480768K Free: 80138K (17%)
----------------- Invoking toplevel() on ptolemy.moml.MoMLSimpleApplication@484cc6d6
----------------- Done invoking toplevel() on ptolemy.moml.MoMLSimpleApplication@484cc6d6
reloadAllAccessors: .ArrayElementI

===========================================================================================
----------------- testing Thu Jun 14 22:45:16 UTC 2018 /home/travis/build/icyphy/ptII/ptolemy/actor/lib/test/auto/ArrayExtract.xml
----------------- Instantiating /home/travis/build/icyphy/ptII/ptolemy/actor/lib/test/auto/ArrayExtract.xml
5 ms. Memory: 480768K Free: 68448K (14%)
----------------- Invoking toplevel() on ptolemy.moml.MoMLSimpleApplication@7286fffa
----------------- Done invoking toplevel() on ptolemy.moml.MoMLSimpleApplication@7286fffa
reloadAllAccessors: .ArrayExtract

===========================================================================================
----------------- testing Thu Jun 14 22:45:16 UTC 2018 /home/travis/build/icyphy/ptII/ptolemy/actor/lib/test/auto/ArrayExtract2.xml
----------------- Instantiating /home/travis/build/icyphy/ptII/ptolemy/actor/lib/test/auto/ArrayExtract2.xml
4 ms. Memory: 480768K Free: 55538K (12%)
----------------- Invoking toplevel() on ptolemy.moml.MoMLSimpleApplication@703d67a6
----------------- Done invoking toplevel() on ptolemy.moml.MoMLSimpleApplication@703d67a6
reloadAllAccessors: .ArrayExtract2

===========================================================================================
----------------- testing Thu Jun 14 22:45:16 UTC 2018 /home/travis/build/icyphy/ptII/ptolemy/actor/lib/test/auto/ArrayLength.xml
----------------- Instantiating /home/travis/build/icyphy/ptII/ptolemy/actor/lib/test/auto/ArrayLength.xml
7 ms. Memory: 719872K Free: 662018K (92%)
----------------- Invoking toplevel() on ptolemy.moml.MoMLSimpleApplication@72dea429
----------------- Done invoking toplevel() on ptolemy.moml.MoMLSimpleApplication@72dea429
reloadAllAccessors: .ArrayLength

===========================================================================================
----------------- testing Thu Jun 14 22:45:16 UTC 2018 /home/travis/build/icyphy/ptII/ptolemy/actor/lib/test/auto/ArrayLevelCrossing.xml
----------------- Instantiating /home/travis/build/icyphy/ptII/ptolemy/actor/lib/test/auto/ArrayLevelCrossing.xml
5 ms. Memory: 719872K Free: 641037K (89%)
----------------- Invoking toplevel() on ptolemy.moml.MoMLSimpleApplication@4f0b51a6
----------------- Done invoking toplevel() on ptolemy.moml.MoMLSimpleApplication@4f0b51a6
reloadAllAccessors: .ArrayLevelCrossing

===========================================================================================
----------------- testing Thu Jun 14 22:45:17 UTC 2018 /home/travis/build/icyphy/ptII/ptolemy/actor/lib/test/auto/ArrayLevelCrossing2.xml
----------------- Instantiating /home/travis/build/icyphy/ptII/ptolemy/actor/lib/test/auto/ArrayLevelCrossing2.xml
4 ms. Memory: 719872K Free: 628585K (87%)
----------------- Invoking toplevel() on ptolemy.moml.MoMLSimpleApplication@1b7a3a9
----------------- Done invoking toplevel() on ptolemy.moml.MoMLSimpleApplication@1b7a3a9
reloadAllAccessors: .ArrayLevelCrossing2

===========================================================================================
----------------- testing Thu Jun 14 22:45:17 UTC 2018 /home/travis/build/icyphy/ptII/ptolemy/actor/lib/test/auto/ArrayPeakSearch.xml
----------------- Instantiating /home/travis/build/icyphy/ptII/ptolemy/actor/lib/test/auto/ArrayPeakSearch.xml
7 ms. Memory: 719872K Free: 609778K (85%)
----------------- Invoking toplevel() on ptolemy.moml.MoMLSimpleApplication@1b671f05
----------------- Done invoking toplevel() on ptolemy.moml.MoMLSimpleApplication@1b671f05
reloadAllAccessors: .ArrayPeakSearch

===========================================================================================
----------------- testing Thu Jun 14 22:45:17 UTC 2018 /home/travis/build/icyphy/ptII/ptolemy/actor/lib/test/auto/ArrayPeakSearch2.xml
----------------- Instantiating /home/travis/build/icyphy/ptII/ptolemy/actor/lib/test/auto/ArrayPeakSearch2.xml
5 ms. Memory: 719872K Free: 582571K (81%)
----------------- Invoking toplevel() on ptolemy.moml.MoMLSimpleApplication@2c31689a
----------------- Done invoking toplevel() on ptolemy.moml.MoMLSimpleApplication@2c31689a
reloadAllAccessors: .ArrayPeakSearch2

===========================================================================================
----------------- testing Thu Jun 14 22:45:17 UTC 2018 /home/travis/build/icyphy/ptII/ptolemy/actor/lib/test/auto/ArrayPeakSearch3.xml
----------------- Instantiating /home/travis/build/icyphy/ptII/ptolemy/actor/lib/test/auto/ArrayPeakSearch3.xml
4 ms. Memory: 719872K Free: 563877K (78%)
----------------- Invoking toplevel() on ptolemy.moml.MoMLSimpleApplication@226e8ed8
----------------- Done invoking toplevel() on ptolemy.moml.MoMLSimpleApplication@226e8ed8
reloadAllAccessors: .ArrayPeakSearch3

===========================================================================================
----------------- testing Thu Jun 14 22:45:17 UTC 2018 /home/travis/build/icyphy/ptII/ptolemy/actor/lib/test/auto/ArrayRemoveElement.xml
----------------- Instantiating /home/travis/build/icyphy/ptII/ptolemy/actor/lib/test/auto/ArrayRemoveElement.xml
12 ms. Memory: 719872K Free: 545191K (76%)
----------------- Invoking toplevel() on ptolemy.moml.MoMLSimpleApplication@717c437f
----------------- Done invoking toplevel() on ptolemy.moml.MoMLSimpleApplication@717c437f
reloadAllAccessors: .ArrayRemoveElement

===========================================================================================
----------------- testing Thu Jun 14 22:45:17 UTC 2018 /home/travis/build/icyphy/ptII/ptolemy/actor/lib/test/auto/ArraySort.xml
----------------- Instantiating /home/travis/build/icyphy/ptII/ptolemy/actor/lib/test/auto/ArraySort.xml
4 ms. Memory: 719872K Free: 526498K (73%)
----------------- Invoking toplevel() on ptolemy.moml.MoMLSimpleApplication@5a97bc14
----------------- Done invoking toplevel() on ptolemy.moml.MoMLSimpleApplication@5a97bc14
reloadAllAccessors: .ArraySort

===========================================================================================
----------------- testing Thu Jun 14 22:45:17 UTC 2018 /home/travis/build/icyphy/ptII/ptolemy/actor/lib/test/auto/ArraySum.xml
----------------- Instantiating /home/travis/build/icyphy/ptII/ptolemy/actor/lib/test/auto/ArraySum.xml
5 ms. Memory: 719872K Free: 505517K (70%)
----------------- Invoking toplevel() on ptolemy.moml.MoMLSimpleApplication@7bf3e4e1
----------------- Done invoking toplevel() on ptolemy.moml.MoMLSimpleApplication@7bf3e4e1
reloadAllAccessors: .ArraySum

===========================================================================================
----------------- testing Thu Jun 14 22:45:17 UTC 2018 /home/travis/build/icyphy/ptII/ptolemy/actor/lib/test/auto/ArrayToElements.xml
----------------- Instantiating /home/travis/build/icyphy/ptII/ptolemy/actor/lib/test/auto/ArrayToElements.xml
6 ms. Memory: 719872K Free: 493065K (68%)
----------------- Invoking toplevel() on ptolemy.moml.MoMLSimpleApplication@386eedc7
----------------- Done invoking toplevel() on ptolemy.moml.MoMLSimpleApplication@386eedc7
reloadAllAccessors: .ArrayToElements

===========================================================================================
----------------- testing Thu Jun 14 22:45:17 UTC 2018 /home/travis/build/icyphy/ptII/ptolemy/actor/lib/test/auto/ArrayToMatrix.xml
----------------- Instantiating /home/travis/build/icyphy/ptII/ptolemy/actor/lib/test/auto/ArrayToMatrix.xml
10 ms. Memory: 719872K Free: 468145K (65%)
----------------- Invoking toplevel() on ptolemy.moml.MoMLSimpleApplication@f4900e8
----------------- Done invoking toplevel() on ptolemy.moml.MoMLSimpleApplication@f4900e8
reloadAllAccessors: .ArrayToMatrix

===========================================================================================
----------------- testing Thu Jun 14 22:45:17 UTC 2018 /home/travis/build/icyphy/ptII/ptolemy/actor/lib/test/auto/ArrayUpdate1.xml
----------------- Instantiating /home/travis/build/icyphy/ptII/ptolemy/actor/lib/test/auto/ArrayUpdate1.xml
2 ms. Memory: 719872K Free: 455693K (63%)
----------------- Invoking toplevel() on ptolemy.moml.MoMLSimpleApplication@6be52cec
----------------- Done invoking toplevel() on ptolemy.moml.MoMLSimpleApplication@6be52cec
reloadAllAccessors: .ArrayUpdate1

===========================================================================================
----------------- testing Thu Jun 14 22:45:17 UTC 2018 /home/travis/build/icyphy/ptII/ptolemy/actor/lib/test/auto/ArrayUpdate2.xml
----------------- Instantiating /home/travis/build/icyphy/ptII/ptolemy/actor/lib/test/auto/ArrayUpdate2.xml
6 ms. Memory: 719872K Free: 434712K (60%)
----------------- Invoking toplevel() on ptolemy.moml.MoMLSimpleApplication@d8ffb5d
----------------- Done invoking toplevel() on ptolemy.moml.MoMLSimpleApplication@d8ffb5d
reloadAllAccessors: .ArrayUpdate2

===========================================================================================
----------------- testing Thu Jun 14 22:45:17 UTC 2018 /home/travis/build/icyphy/ptII/ptolemy/actor/lib/test/auto/ArrayUpdate3.xml
----------------- Instantiating /home/travis/build/icyphy/ptII/ptolemy/actor/lib/test/auto/ArrayUpdate3.xml
2 ms. Memory: 719872K Free: 422260K (59%)
----------------- Invoking toplevel() on ptolemy.moml.MoMLSimpleApplication@2705a95d
----------------- Done invoking toplevel() on ptolemy.moml.MoMLSimpleApplication@2705a95d
reloadAllAccessors: .ArrayUpdate3

===========================================================================================
----------------- testing Thu Jun 14 22:45:17 UTC 2018 /home/travis/build/icyphy/ptII/ptolemy/actor/lib/test/auto/Assert1.xml
----------------- Instantiating /home/travis/build/icyphy/ptII/ptolemy/actor/lib/test/auto/Assert1.xml
7 ms. Memory: 719872K Free: 409808K (57%)
----------------- Invoking toplevel() on ptolemy.moml.MoMLSimpleApplication@73132f2d
----------------- Done invoking toplevel() on ptolemy.moml.MoMLSimpleApplication@73132f2d
reloadAllAccessors: .Assert1

===========================================================================================
----------------- testing Thu Jun 14 22:45:17 UTC 2018 /home/travis/build/icyphy/ptII/ptolemy/actor/lib/test/auto/Assert2.xml
----------------- Instantiating /home/travis/build/icyphy/ptII/ptolemy/actor/lib/test/auto/Assert2.xml
13 ms. Memory: 719872K Free: 397357K (55%)
----------------- Invoking toplevel() on ptolemy.moml.MoMLSimpleApplication@7039a23c
----------------- Done invoking toplevel() on ptolemy.moml.MoMLSimpleApplication@7039a23c
reloadAllAccessors: .Assert2

===========================================================================================
----------------- testing Thu Jun 14 22:45:17 UTC 2018 /home/travis/build/icyphy/ptII/ptolemy/actor/lib/test/auto/BooleanMultiplexor.xml
----------------- Instantiating /home/travis/build/icyphy/ptII/ptolemy/actor/lib/test/auto/BooleanMultiplexor.xml
2 ms. Memory: 719872K Free: 376376K (52%)
----------------- Invoking toplevel() on ptolemy.moml.MoMLSimpleApplication@5dc2c3ae
----------------- Done invoking toplevel() on ptolemy.moml.MoMLSimpleApplication@5dc2c3ae
reloadAllAccessors: .BooleanMultiplexor

===========================================================================================
----------------- testing Thu Jun 14 22:45:17 UTC 2018 /home/travis/build/icyphy/ptII/ptolemy/actor/lib/test/auto/BooleanMultiplexor2.xml
----------------- Instantiating /home/travis/build/icyphy/ptII/ptolemy/actor/lib/test/auto/BooleanMultiplexor2.xml
4 ms. Memory: 719872K Free: 363924K (51%)
----------------- Invoking toplevel() on ptolemy.moml.MoMLSimpleApplication@61ac56bb
----------------- Done invoking toplevel() on ptolemy.moml.MoMLSimpleApplication@61ac56bb
reloadAllAccessors: .BooleanMultiplexor2

===========================================================================================
----------------- testing Thu Jun 14 22:45:17 UTC 2018 /home/travis/build/icyphy/ptII/ptolemy/actor/lib/test/auto/BooleanMultiplexor3.xml
----------------- Instantiating /home/travis/build/icyphy/ptII/ptolemy/actor/lib/test/auto/BooleanMultiplexor3.xml
2 ms. Memory: 719872K Free: 347425K (48%)
----------------- Invoking toplevel() on ptolemy.moml.MoMLSimpleApplication@3073849a
----------------- Done invoking toplevel() on ptolemy.moml.MoMLSimpleApplication@3073849a
reloadAllAccessors: .BooleanMultiplexor3

===========================================================================================
----------------- testing Thu Jun 14 22:45:17 UTC 2018 /home/travis/build/icyphy/ptII/ptolemy/actor/lib/test/auto/BooleanSelect.xml
----------------- Instantiating /home/travis/build/icyphy/ptII/ptolemy/actor/lib/test/auto/BooleanSelect.xml
4 ms. Memory: 719872K Free: 334973K (47%)
----------------- Invoking toplevel() on ptolemy.moml.MoMLSimpleApplication@4df7e968
----------------- Done invoking toplevel() on ptolemy.moml.MoMLSimpleApplication@4df7e968
reloadAllAccessors: .BooleanSelect

===========================================================================================
----------------- testing Thu Jun 14 22:45:17 UTC 2018 /home/travis/build/icyphy/ptII/ptolemy/actor/lib/test/auto/BooleanSelect2.xml
----------------- Instantiating /home/travis/build/icyphy/ptII/ptolemy/actor/lib/test/auto/BooleanSelect2.xml
2 ms. Memory: 719872K Free: 313993K (44%)
----------------- Invoking toplevel() on ptolemy.moml.MoMLSimpleApplication@176b2b2c
----------------- Done invoking toplevel() on ptolemy.moml.MoMLSimpleApplication@176b2b2c
reloadAllAccessors: .BooleanSelect2

===========================================================================================
----------------- testing Thu Jun 14 22:45:17 UTC 2018 /home/travis/build/icyphy/ptII/ptolemy/actor/lib/test/auto/BooleanSwitch.xml
----------------- Instantiating /home/travis/build/icyphy/ptII/ptolemy/actor/lib/test/auto/BooleanSwitch.xml
5 ms. Memory: 719872K Free: 301541K (42%)
----------------- Invoking toplevel() on ptolemy.moml.MoMLSimpleApplication@51915986
----------------- Done invoking toplevel() on ptolemy.moml.MoMLSimpleApplication@51915986
reloadAllAccessors: .BooleanSwitch

===========================================================================================
----------------- testing Thu Jun 14 22:45:17 UTC 2018 /home/travis/build/icyphy/ptII/ptolemy/actor/lib/test/auto/BooleanSwitch2.xml
----------------- Instantiating /home/travis/build/icyphy/ptII/ptolemy/actor/lib/test/auto/BooleanSwitch2.xml
2 ms. Memory: 719872K Free: 289089K (40%)
----------------- Invoking toplevel() on ptolemy.moml.MoMLSimpleApplication@371c3d1a
----------------- Done invoking toplevel() on ptolemy.moml.MoMLSimpleApplication@371c3d1a
reloadAllAccessors: .BooleanSwitch2

===========================================================================================
----------------- testing Thu Jun 14 22:45:17 UTC 2018 /home/travis/build/icyphy/ptII/ptolemy/actor/lib/test/auto/BooleanSwitchCloningBugWithClassRelationGroup.xml
----------------- Instantiating /home/travis/build/icyphy/ptII/ptolemy/actor/lib/test/auto/BooleanSwitchCloningBugWithClassRelationGroup.xml
5 ms. Memory: 719872K Free: 276637K (38%)
----------------- Invoking toplevel() on ptolemy.moml.MoMLSimpleApplication@1606766
----------------- Done invoking toplevel() on ptolemy.moml.MoMLSimpleApplication@1606766
reloadAllAccessors: .BooleanSwitchCloningBugWithClassRelationGroup

===========================================================================================
----------------- testing Thu Jun 14 22:45:17 UTC 2018 /home/travis/build/icyphy/ptII/ptolemy/actor/lib/test/auto/BusActors.xml
----------------- Instantiating /home/travis/build/icyphy/ptII/ptolemy/actor/lib/test/auto/BusActors.xml
6 ms. Memory: 719872K Free: 249414K (35%)
----------------- Invoking toplevel() on ptolemy.moml.MoMLSimpleApplication@764e4d41
----------------- Done invoking toplevel() on ptolemy.moml.MoMLSimpleApplication@764e4d41
reloadAllAccessors: .BusActors

===========================================================================================
----------------- testing Thu Jun 14 22:45:17 UTC 2018 /home/travis/build/icyphy/ptII/ptolemy/actor/lib/test/auto/ClassWrapper.xml
----------------- Instantiating /home/travis/build/icyphy/ptII/ptolemy/actor/lib/test/auto/ClassWrapper.xml
3 ms. Memory: 719872K Free: 236962K (33%)
----------------- Invoking toplevel() on ptolemy.moml.MoMLSimpleApplication@734511b4
----------------- Done invoking toplevel() on ptolemy.moml.MoMLSimpleApplication@734511b4
reloadAllAccessors: .ClassWrapper

===========================================================================================
----------------- testing Thu Jun 14 22:45:17 UTC 2018 /home/travis/build/icyphy/ptII/ptolemy/actor/lib/test/auto/Clock.xml
----------------- Instantiating /home/travis/build/icyphy/ptII/ptolemy/actor/lib/test/auto/Clock.xml
4 ms. Memory: 719872K Free: 224510K (31%)
----------------- Invoking toplevel() on ptolemy.moml.MoMLSimpleApplication@5593f1e0
----------------- Done invoking toplevel() on ptolemy.moml.MoMLSimpleApplication@5593f1e0
reloadAllAccessors: .Clock

===========================================================================================
----------------- testing Thu Jun 14 22:45:17 UTC 2018 /home/travis/build/icyphy/ptII/ptolemy/actor/lib/test/auto/Clock10.xml
----------------- Instantiating /home/travis/build/icyphy/ptII/ptolemy/actor/lib/test/auto/Clock10.xml
6 ms. Memory: 719872K Free: 203530K (28%)
----------------- Invoking toplevel() on ptolemy.moml.MoMLSimpleApplication@10b48285
----------------- Done invoking toplevel() on ptolemy.moml.MoMLSimpleApplication@10b48285
reloadAllAccessors: .Clock10

===========================================================================================
----------------- testing Thu Jun 14 22:45:18 UTC 2018 /home/travis/build/icyphy/ptII/ptolemy/actor/lib/test/auto/Clock11.xml
----------------- Instantiating /home/travis/build/icyphy/ptII/ptolemy/actor/lib/test/auto/Clock11.xml
7 ms. Memory: 719872K Free: 191078K (27%)
----------------- Invoking toplevel() on ptolemy.moml.MoMLSimpleApplication@62e25cf6
----------------- Done invoking toplevel() on ptolemy.moml.MoMLSimpleApplication@62e25cf6
reloadAllAccessors: .Clock11

===========================================================================================
----------------- testing Thu Jun 14 22:45:18 UTC 2018 /home/travis/build/icyphy/ptII/ptolemy/actor/lib/test/auto/Clock12.xml
----------------- Instantiating /home/travis/build/icyphy/ptII/ptolemy/actor/lib/test/auto/Clock12.xml
6 ms. Memory: 719872K Free: 178626K (25%)
----------------- Invoking toplevel() on ptolemy.moml.MoMLSimpleApplication@78ca587a
----------------- Done invoking toplevel() on ptolemy.moml.MoMLSimpleApplication@78ca587a
reloadAllAccessors: .Clock12

===========================================================================================
----------------- testing Thu Jun 14 22:45:18 UTC 2018 /home/travis/build/icyphy/ptII/ptolemy/actor/lib/test/auto/Clock13.xml
----------------- Instantiating /home/travis/build/icyphy/ptII/ptolemy/actor/lib/test/auto/Clock13.xml
10 ms. Memory: 719872K Free: 166174K (23%)
----------------- Invoking toplevel() on ptolemy.moml.MoMLSimpleApplication@30b1a20b
----------------- Done invoking toplevel() on ptolemy.moml.MoMLSimpleApplication@30b1a20b
reloadAllAccessors: .Clock13

===========================================================================================
----------------- testing Thu Jun 14 22:45:18 UTC 2018 /home/travis/build/icyphy/ptII/ptolemy/actor/lib/test/auto/Clock14.xml
----------------- Instantiating /home/travis/build/icyphy/ptII/ptolemy/actor/lib/test/auto/Clock14.xml
9 ms. Memory: 719872K Free: 145193K (20%)
----------------- Invoking toplevel() on ptolemy.moml.MoMLSimpleApplication@272d068a
----------------- Done invoking toplevel() on ptolemy.moml.MoMLSimpleApplication@272d068a
reloadAllAccessors: .Clock14

===========================================================================================
----------------- testing Thu Jun 14 22:45:18 UTC 2018 /home/travis/build/icyphy/ptII/ptolemy/actor/lib/test/auto/Clock15.xml
----------------- Instantiating /home/travis/build/icyphy/ptII/ptolemy/actor/lib/test/auto/Clock15.xml
6 ms. Memory: 719872K Free: 132741K (18%)
----------------- Invoking toplevel() on ptolemy.moml.MoMLSimpleApplication@a35301c
----------------- Done invoking toplevel() on ptolemy.moml.MoMLSimpleApplication@a35301c
reloadAllAccessors: .Clock15

===========================================================================================
----------------- testing Thu Jun 14 22:45:18 UTC 2018 /home/travis/build/icyphy/ptII/ptolemy/actor/lib/test/auto/Clock16.xml
----------------- Instantiating /home/travis/build/icyphy/ptII/ptolemy/actor/lib/test/auto/Clock16.xml
29 ms. Memory: 719872K Free: 114047K (16%)
----------------- Invoking toplevel() on ptolemy.moml.MoMLSimpleApplication@43cc75de
----------------- Done invoking toplevel() on ptolemy.moml.MoMLSimpleApplication@43cc75de
reloadAllAccessors: .Clock16

===========================================================================================
----------------- testing Thu Jun 14 22:45:18 UTC 2018 /home/travis/build/icyphy/ptII/ptolemy/actor/lib/test/auto/Clock17.xml
----------------- Instantiating /home/travis/build/icyphy/ptII/ptolemy/actor/lib/test/auto/Clock17.xml
28 ms. Memory: 719872K Free: 95354K (13%)
----------------- Invoking toplevel() on ptolemy.moml.MoMLSimpleApplication@37534484
----------------- Done invoking toplevel() on ptolemy.moml.MoMLSimpleApplication@37534484
reloadAllAccessors: .Clock17

===========================================================================================
----------------- testing Thu Jun 14 22:45:18 UTC 2018 /home/travis/build/icyphy/ptII/ptolemy/actor/lib/test/auto/Clock18.xml
----------------- Instantiating /home/travis/build/icyphy/ptII/ptolemy/actor/lib/test/auto/Clock18.xml
29 ms. Memory: 719872K Free: 68147K (9%)
----------------- Invoking toplevel() on ptolemy.moml.MoMLSimpleApplication@5942b68
----------------- Done invoking toplevel() on ptolemy.moml.MoMLSimpleApplication@5942b68
reloadAllAccessors: .Clock18

===========================================================================================
----------------- testing Thu Jun 14 22:45:18 UTC 2018 /home/travis/build/icyphy/ptII/ptolemy/actor/lib/test/auto/Clock19.xml
----------------- Instantiating /home/travis/build/icyphy/ptII/ptolemy/actor/lib/test/auto/Clock19.xml
24 ms. Memory: 719872K Free: 678820K (94%)
----------------- Invoking toplevel() on ptolemy.moml.MoMLSimpleApplication@23e31732
----------------- Done invoking toplevel() on ptolemy.moml.MoMLSimpleApplication@23e31732
reloadAllAccessors: .Clock19

===========================================================================================
----------------- testing Thu Jun 14 22:45:18 UTC 2018 /home/travis/build/icyphy/ptII/ptolemy/actor/lib/test/auto/Clock2.xml
----------------- Instantiating /home/travis/build/icyphy/ptII/ptolemy/actor/lib/test/auto/Clock2.xml
8 ms. Memory: 719872K Free: 663314K (92%)
----------------- Invoking toplevel() on ptolemy.moml.MoMLSimpleApplication@4d8a7f06
----------------- Done invoking toplevel() on ptolemy.moml.MoMLSimpleApplication@4d8a7f06
reloadAllAccessors: .Clock2

===========================================================================================
----------------- testing Thu Jun 14 22:45:18 UTC 2018 /home/travis/build/icyphy/ptII/ptolemy/actor/lib/test/auto/Clock20.xml
----------------- Instantiating /home/travis/build/icyphy/ptII/ptolemy/actor/lib/test/auto/Clock20.xml
13 ms. Memory: 719872K Free: 653959K (91%)
----------------- Invoking toplevel() on ptolemy.moml.MoMLSimpleApplication@4169fc1e
----------------- Done invoking toplevel() on ptolemy.moml.MoMLSimpleApplication@4169fc1e
reloadAllAccessors: .Clock20

===========================================================================================
----------------- testing Thu Jun 14 22:45:18 UTC 2018 /home/travis/build/icyphy/ptII/ptolemy/actor/lib/test/auto/Clock21.xml
----------------- Instantiating /home/travis/build/icyphy/ptII/ptolemy/actor/lib/test/auto/Clock21.xml
8 ms. Memory: 719872K Free: 638500K (89%)
----------------- Invoking toplevel() on ptolemy.moml.MoMLSimpleApplication@30d88864
----------------- Done invoking toplevel() on ptolemy.moml.MoMLSimpleApplication@30d88864
reloadAllAccessors: .Clock21

===========================================================================================
----------------- testing Thu Jun 14 22:45:18 UTC 2018 /home/travis/build/icyphy/ptII/ptolemy/actor/lib/test/auto/Clock22.xml
----------------- Instantiating /home/travis/build/icyphy/ptII/ptolemy/actor/lib/test/auto/Clock22.xml
7 ms. Memory: 719872K Free: 629145K (87%)
----------------- Invoking toplevel() on ptolemy.moml.MoMLSimpleApplication@7bd1e4b4
----------------- Done invoking toplevel() on ptolemy.moml.MoMLSimpleApplication@7bd1e4b4
reloadAllAccessors: .Clock22

===========================================================================================
----------------- testing Thu Jun 14 22:45:18 UTC 2018 /home/travis/build/icyphy/ptII/ptolemy/actor/lib/test/auto/Clock23.xml
----------------- Instantiating /home/travis/build/icyphy/ptII/ptolemy/actor/lib/test/auto/Clock23.xml
8 ms. Memory: 719872K Free: 619790K (86%)
----------------- Invoking toplevel() on ptolemy.moml.MoMLSimpleApplication@7416bbe9
----------------- Done invoking toplevel() on ptolemy.moml.MoMLSimpleApplication@7416bbe9
reloadAllAccessors: .Clock23

===========================================================================================
----------------- testing Thu Jun 14 22:45:18 UTC 2018 /home/travis/build/icyphy/ptII/ptolemy/actor/lib/test/auto/Clock24.xml
----------------- Instantiating /home/travis/build/icyphy/ptII/ptolemy/actor/lib/test/auto/Clock24.xml
7 ms. Memory: 719872K Free: 604330K (84%)
----------------- Invoking toplevel() on ptolemy.moml.MoMLSimpleApplication@1a368804
----------------- Done invoking toplevel() on ptolemy.moml.MoMLSimpleApplication@1a368804
reloadAllAccessors: .Clock24

===========================================================================================
----------------- testing Thu Jun 14 22:45:18 UTC 2018 /home/travis/build/icyphy/ptII/ptolemy/actor/lib/test/auto/Clock4.xml
----------------- Instantiating /home/travis/build/icyphy/ptII/ptolemy/actor/lib/test/auto/Clock4.xml
6 ms. Memory: 719872K Free: 598104K (83%)
----------------- Invoking toplevel() on ptolemy.moml.MoMLSimpleApplication@19d399b7
----------------- Done invoking toplevel() on ptolemy.moml.MoMLSimpleApplication@19d399b7
reloadAllAccessors: .Clock4

===========================================================================================
----------------- testing Thu Jun 14 22:45:18 UTC 2018 /home/travis/build/icyphy/ptII/ptolemy/actor/lib/test/auto/Clock5.xml
----------------- Instantiating /home/travis/build/icyphy/ptII/ptolemy/actor/lib/test/auto/Clock5.xml
4 ms. Memory: 719872K Free: 588749K (82%)
----------------- Invoking toplevel() on ptolemy.moml.MoMLSimpleApplication@36ead292
----------------- Done invoking toplevel() on ptolemy.moml.MoMLSimpleApplication@36ead292
reloadAllAccessors: .Clock5

===========================================================================================
----------------- testing Thu Jun 14 22:45:18 UTC 2018 /home/travis/build/icyphy/ptII/ptolemy/actor/lib/test/auto/Clock6.xml
----------------- Instantiating /home/travis/build/icyphy/ptII/ptolemy/actor/lib/test/auto/Clock6.xml
5 ms. Memory: 719872K Free: 576418K (80%)
----------------- Invoking toplevel() on ptolemy.moml.MoMLSimpleApplication@62c9a4b5
----------------- Done invoking toplevel() on ptolemy.moml.MoMLSimpleApplication@62c9a4b5
reloadAllAccessors: .Clock6

===========================================================================================
----------------- testing Thu Jun 14 22:45:18 UTC 2018 /home/travis/build/icyphy/ptII/ptolemy/actor/lib/test/auto/Clock7.xml
----------------- Instantiating /home/travis/build/icyphy/ptII/ptolemy/actor/lib/test/auto/Clock7.xml
2 ms. Memory: 719872K Free: 570192K (79%)
----------------- Invoking toplevel() on ptolemy.moml.MoMLSimpleApplication@6ac8a8c9
----------------- Done invoking toplevel() on ptolemy.moml.MoMLSimpleApplication@6ac8a8c9
reloadAllAccessors: .Clock7

===========================================================================================
----------------- testing Thu Jun 14 22:45:18 UTC 2018 /home/travis/build/icyphy/ptII/ptolemy/actor/lib/test/auto/Clock8.xml
----------------- Instantiating /home/travis/build/icyphy/ptII/ptolemy/actor/lib/test/auto/Clock8.xml
7 ms. Memory: 719872K Free: 554748K (77%)
----------------- Invoking toplevel() on ptolemy.moml.MoMLSimpleApplication@6d68a17
----------------- Done invoking toplevel() on ptolemy.moml.MoMLSimpleApplication@6d68a17
reloadAllAccessors: .Clock8

===========================================================================================
----------------- testing Thu Jun 14 22:45:18 UTC 2018 /home/travis/build/icyphy/ptII/ptolemy/actor/lib/test/auto/Clock9.xml
----------------- Instantiating /home/travis/build/icyphy/ptII/ptolemy/actor/lib/test/auto/Clock9.xml
7 ms. Memory: 719872K Free: 545401K (76%)
----------------- Invoking toplevel() on ptolemy.moml.MoMLSimpleApplication@7d7cdc13
----------------- Done invoking toplevel() on ptolemy.moml.MoMLSimpleApplication@7d7cdc13
reloadAllAccessors: .Clock9

===========================================================================================
----------------- testing Thu Jun 14 22:45:18 UTC 2018 /home/travis/build/icyphy/ptII/ptolemy/actor/lib/test/auto/CommDistDiscard.xml
----------------- Instantiating /home/travis/build/icyphy/ptII/ptolemy/actor/lib/test/auto/CommDistDiscard.xml
3 ms. Memory: 719872K Free: 539175K (75%)
----------------- Invoking toplevel() on ptolemy.moml.MoMLSimpleApplication@6a28b441
----------------- Done invoking toplevel() on ptolemy.moml.MoMLSimpleApplication@6a28b441
reloadAllAccessors: .CommDistDiscard

===========================================================================================
----------------- testing Thu Jun 14 22:45:18 UTC 2018 /home/travis/build/icyphy/ptII/ptolemy/actor/lib/test/auto/Commutator.xml
----------------- Instantiating /home/travis/build/icyphy/ptII/ptolemy/actor/lib/test/auto/Commutator.xml
7 ms. Memory: 719872K Free: 526844K (73%)
----------------- Invoking toplevel() on ptolemy.moml.MoMLSimpleApplication@78198baa
----------------- Done invoking toplevel() on ptolemy.moml.MoMLSimpleApplication@78198baa
reloadAllAccessors: .Commutator

===========================================================================================
----------------- testing Thu Jun 14 22:45:18 UTC 2018 /home/travis/build/icyphy/ptII/ptolemy/actor/lib/test/auto/Commutator2.xml
----------------- Instantiating /home/travis/build/icyphy/ptII/ptolemy/actor/lib/test/auto/Commutator2.xml
1 ms. Memory: 719872K Free: 520618K (72%)
----------------- Invoking toplevel() on ptolemy.moml.MoMLSimpleApplication@1069c587
----------------- Done invoking toplevel() on ptolemy.moml.MoMLSimpleApplication@1069c587
reloadAllAccessors: .Commutator2

===========================================================================================
----------------- testing Thu Jun 14 22:45:18 UTC 2018 /home/travis/build/icyphy/ptII/ptolemy/actor/lib/test/auto/Commutator3.xml
----------------- Instantiating /home/travis/build/icyphy/ptII/ptolemy/actor/lib/test/auto/Commutator3.xml
2 ms. Memory: 719872K Free: 514392K (71%)
----------------- Invoking toplevel() on ptolemy.moml.MoMLSimpleApplication@e8d2044
----------------- Done invoking toplevel() on ptolemy.moml.MoMLSimpleApplication@e8d2044
reloadAllAccessors: .Commutator3

===========================================================================================
----------------- testing Thu Jun 14 22:45:18 UTC 2018 /home/travis/build/icyphy/ptII/ptolemy/actor/lib/test/auto/Compare.xml
----------------- Instantiating /home/travis/build/icyphy/ptII/ptolemy/actor/lib/test/auto/Compare.xml
2 ms. Memory: 719872K Free: 498932K (69%)
----------------- Invoking toplevel() on ptolemy.moml.MoMLSimpleApplication@3b9497e9
----------------- Done invoking toplevel() on ptolemy.moml.MoMLSimpleApplication@3b9497e9
reloadAllAccessors: .Compare

===========================================================================================
----------------- testing Thu Jun 14 22:45:18 UTC 2018 /home/travis/build/icyphy/ptII/ptolemy/actor/lib/test/auto/CompareDE.xml
----------------- Instantiating /home/travis/build/icyphy/ptII/ptolemy/actor/lib/test/auto/CompareDE.xml
6 ms. Memory: 719872K Free: 489577K (68%)
----------------- Invoking toplevel() on ptolemy.moml.MoMLSimpleApplication@3d629ba8
----------------- Done invoking toplevel() on ptolemy.moml.MoMLSimpleApplication@3d629ba8
reloadAllAccessors: .CompareDE

===========================================================================================
----------------- testing Thu Jun 14 22:45:19 UTC 2018 /home/travis/build/icyphy/ptII/ptolemy/actor/lib/test/auto/ComplexDivide.xml
----------------- Instantiating /home/travis/build/icyphy/ptII/ptolemy/actor/lib/test/auto/ComplexDivide.xml
2 ms. Memory: 719872K Free: 477246K (66%)
----------------- Invoking toplevel() on ptolemy.moml.MoMLSimpleApplication@591644bc
----------------- Done invoking toplevel() on ptolemy.moml.MoMLSimpleApplication@591644bc
reloadAllAccessors: .ComplexDivide

===========================================================================================
----------------- testing Thu Jun 14 22:45:19 UTC 2018 /home/travis/build/icyphy/ptII/ptolemy/actor/lib/test/auto/ComputeHistogram.xml
----------------- Instantiating /home/travis/build/icyphy/ptII/ptolemy/actor/lib/test/auto/ComputeHistogram.xml
38 ms. Memory: 719872K Free: 461665K (64%)
----------------- Invoking toplevel() on ptolemy.moml.MoMLSimpleApplication@70650ca9
----------------- Done invoking toplevel() on ptolemy.moml.MoMLSimpleApplication@70650ca9
reloadAllAccessors: .ComputeHistogram

===========================================================================================
----------------- testing Thu Jun 14 22:45:19 UTC 2018 /home/travis/build/icyphy/ptII/ptolemy/actor/lib/test/auto/ConfigurationSelect.xml
----------------- Instantiating /home/travis/build/icyphy/ptII/ptolemy/actor/lib/test/auto/ConfigurationSelect.xml
3 ms. Memory: 719872K Free: 452310K (63%)
----------------- Invoking toplevel() on ptolemy.moml.MoMLSimpleApplication@325acc29
----------------- Done invoking toplevel() on ptolemy.moml.MoMLSimpleApplication@325acc29
reloadAllAccessors: .ConfigurationSelect

===========================================================================================
----------------- testing Thu Jun 14 22:45:19 UTC 2018 /home/travis/build/icyphy/ptII/ptolemy/actor/lib/test/auto/ConfigurationSelect2.xml
----------------- Instantiating /home/travis/build/icyphy/ptII/ptolemy/actor/lib/test/auto/ConfigurationSelect2.xml
2 ms. Memory: 719872K Free: 439979K (61%)
----------------- Invoking toplevel() on ptolemy.moml.MoMLSimpleApplication@1091fa4d
----------------- Done invoking toplevel() on ptolemy.moml.MoMLSimpleApplication@1091fa4d
reloadAllAccessors: .ConfigurationSelect2

===========================================================================================
----------------- testing Thu Jun 14 22:45:19 UTC 2018 /home/travis/build/icyphy/ptII/ptolemy/actor/lib/test/auto/ConfigurationSwitch.xml
----------------- Instantiating /home/travis/build/icyphy/ptII/ptolemy/actor/lib/test/auto/ConfigurationSwitch.xml
4 ms. Memory: 719872K Free: 430624K (60%)
----------------- Invoking toplevel() on ptolemy.moml.MoMLSimpleApplication@c8778a4
----------------- Done invoking toplevel() on ptolemy.moml.MoMLSimpleApplication@c8778a4
reloadAllAccessors: .ConfigurationSwitch

===========================================================================================
----------------- testing Thu Jun 14 22:45:19 UTC 2018 /home/travis/build/icyphy/ptII/ptolemy/actor/lib/test/auto/ConfigurationSwitch2.xml
----------------- Instantiating /home/travis/build/icyphy/ptII/ptolemy/actor/lib/test/auto/ConfigurationSwitch2.xml
4 ms. Memory: 719872K Free: 421285K (59%)
----------------- Invoking toplevel() on ptolemy.moml.MoMLSimpleApplication@4b8ae920
----------------- Done invoking toplevel() on ptolemy.moml.MoMLSimpleApplication@4b8ae920
reloadAllAccessors: .ConfigurationSwitch2

===========================================================================================
----------------- testing Thu Jun 14 22:45:19 UTC 2018 /home/travis/build/icyphy/ptII/ptolemy/actor/lib/test/auto/ConfigurationSwitchCloningBugWithClassRelationGroup.xml
----------------- Instantiating /home/travis/build/icyphy/ptII/ptolemy/actor/lib/test/auto/ConfigurationSwitchCloningBugWithClassRelationGroup.xml
1 ms. Memory: 719872K Free: 405841K (56%)
----------------- Invoking toplevel() on ptolemy.moml.MoMLSimpleApplication@4858168f
----------------- Done invoking toplevel() on ptolemy.moml.MoMLSimpleApplication@4858168f
reloadAllAccessors: .ConfigurationSwitchCloningBugWithClassRelationGroup

===========================================================================================
----------------- testing Thu Jun 14 22:45:19 UTC 2018 /home/travis/build/icyphy/ptII/ptolemy/actor/lib/test/auto/ConfigurationSwitchSelectSDF.xml
----------------- Instantiating /home/travis/build/icyphy/ptII/ptolemy/actor/lib/test/auto/ConfigurationSwitchSelectSDF.xml
3 ms. Memory: 719872K Free: 396494K (55%)
----------------- Invoking toplevel() on ptolemy.moml.MoMLSimpleApplication@64d9e829
----------------- Done invoking toplevel() on ptolemy.moml.MoMLSimpleApplication@64d9e829
reloadAllAccessors: .ConfigurationSwitchSelectSDF

===========================================================================================
----------------- testing Thu Jun 14 22:45:19 UTC 2018 /home/travis/build/icyphy/ptII/ptolemy/actor/lib/test/auto/ConfigurationSwitchSelectSDF2.xml
----------------- Instantiating /home/travis/build/icyphy/ptII/ptolemy/actor/lib/test/auto/ConfigurationSwitchSelectSDF2.xml
2 ms. Memory: 719872K Free: 381050K (53%)
----------------- Invoking toplevel() on ptolemy.moml.MoMLSimpleApplication@13f3f904
----------------- Done invoking toplevel() on ptolemy.moml.MoMLSimpleApplication@13f3f904
reloadAllAccessors: .ConfigurationSwitchSelectSDF2

===========================================================================================
----------------- testing Thu Jun 14 22:45:19 UTC 2018 /home/travis/build/icyphy/ptII/ptolemy/actor/lib/test/auto/Const.xml
----------------- Instantiating /home/travis/build/icyphy/ptII/ptolemy/actor/lib/test/auto/Const.xml
1 ms. Memory: 719872K Free: 374824K (52%)
----------------- Invoking toplevel() on ptolemy.moml.MoMLSimpleApplication@3ad7265b
----------------- Done invoking toplevel() on ptolemy.moml.MoMLSimpleApplication@3ad7265b
reloadAllAccessors: .Const

===========================================================================================
----------------- testing Thu Jun 14 22:45:19 UTC 2018 /home/travis/build/icyphy/ptII/ptolemy/actor/lib/test/auto/Const2.xml
----------------- Instantiating /home/travis/build/icyphy/ptII/ptolemy/actor/lib/test/auto/Const2.xml
1 ms. Memory: 719872K Free: 368598K (51%)
----------------- Invoking toplevel() on ptolemy.moml.MoMLSimpleApplication@34251353
----------------- Done invoking toplevel() on ptolemy.moml.MoMLSimpleApplication@34251353
reloadAllAccessors: .Const2

===========================================================================================
----------------- testing Thu Jun 14 22:45:19 UTC 2018 /home/travis/build/icyphy/ptII/ptolemy/actor/lib/test/auto/Const3.xml
----------------- Instantiating /home/travis/build/icyphy/ptII/ptolemy/actor/lib/test/auto/Const3.xml
1 ms. Memory: 719872K Free: 356267K (49%)
----------------- Invoking toplevel() on ptolemy.moml.MoMLSimpleApplication@7a649022
----------------- Done invoking toplevel() on ptolemy.moml.MoMLSimpleApplication@7a649022
reloadAllAccessors: .Const3

===========================================================================================
----------------- testing Thu Jun 14 22:45:19 UTC 2018 /home/travis/build/icyphy/ptII/ptolemy/actor/lib/test/auto/ConstantPublisherPort1.xml
----------------- Instantiating /home/travis/build/icyphy/ptII/ptolemy/actor/lib/test/auto/ConstantPublisherPort1.xml
9 ms. Memory: 719872K Free: 346912K (48%)
----------------- Invoking toplevel() on ptolemy.moml.MoMLSimpleApplication@5b63c5de
----------------- Done invoking toplevel() on ptolemy.moml.MoMLSimpleApplication@5b63c5de
reloadAllAccessors: .ConstantPublisherPort1

===========================================================================================
----------------- testing Thu Jun 14 22:45:19 UTC 2018 /home/travis/build/icyphy/ptII/ptolemy/actor/lib/test/auto/ConstantPublisherPort2.xml
----------------- Instantiating /home/travis/build/icyphy/ptII/ptolemy/actor/lib/test/auto/ConstantPublisherPort2.xml
10 ms. Memory: 719872K Free: 337565K (47%)
----------------- Invoking toplevel() on ptolemy.moml.MoMLSimpleApplication@4e5bfeb8
----------------- Done invoking toplevel() on ptolemy.moml.MoMLSimpleApplication@4e5bfeb8
reloadAllAccessors: .ConstantPublisherPort2

===========================================================================================
----------------- testing Thu Jun 14 22:45:19 UTC 2018 /home/travis/build/icyphy/ptII/ptolemy/actor/lib/test/auto/ConstantPublisherPort3.xml
----------------- Instantiating /home/travis/build/icyphy/ptII/ptolemy/actor/lib/test/auto/ConstantPublisherPort3.xml
5 ms. Memory: 719872K Free: 322105K (45%)
----------------- Invoking toplevel() on ptolemy.moml.MoMLSimpleApplication@6788236c
----------------- Done invoking toplevel() on ptolemy.moml.MoMLSimpleApplication@6788236c
reloadAllAccessors: .ConstantPublisherPort3

===========================================================================================
----------------- testing Thu Jun 14 22:45:19 UTC 2018 /home/travis/build/icyphy/ptII/ptolemy/actor/lib/test/auto/ConstantPublisherPort4.xml
----------------- Instantiating /home/travis/build/icyphy/ptII/ptolemy/actor/lib/test/auto/ConstantPublisherPort4.xml
3 ms. Memory: 719872K Free: 312750K (43%)
----------------- Invoking toplevel() on ptolemy.moml.MoMLSimpleApplication@63a51b28
----------------- Done invoking toplevel() on ptolemy.moml.MoMLSimpleApplication@63a51b28
reloadAllAccessors: .ConstantPublisherPort4

===========================================================================================
----------------- testing Thu Jun 14 22:45:19 UTC 2018 /home/travis/build/icyphy/ptII/ptolemy/actor/lib/test/auto/ConstantPublisherPort5.xml
----------------- Instantiating /home/travis/build/icyphy/ptII/ptolemy/actor/lib/test/auto/ConstantPublisherPort5.xml
30 ms. Memory: 719872K Free: 291080K (40%)
----------------- Invoking toplevel() on ptolemy.moml.MoMLSimpleApplication@f493cb2
----------------- Done invoking toplevel() on ptolemy.moml.MoMLSimpleApplication@f493cb2
reloadAllAccessors: .ConstantPublisherPort5

===========================================================================================
----------------- testing Thu Jun 14 22:45:19 UTC 2018 /home/travis/build/icyphy/ptII/ptolemy/actor/lib/test/auto/ConstantPublisherPort6.xml
----------------- Instantiating /home/travis/build/icyphy/ptII/ptolemy/actor/lib/test/auto/ConstantPublisherPort6.xml
17 ms. Memory: 719872K Free: 272386K (38%)
----------------- Invoking toplevel() on ptolemy.moml.MoMLSimpleApplication@11ec85b4
----------------- Done invoking toplevel() on ptolemy.moml.MoMLSimpleApplication@11ec85b4
reloadAllAccessors: .ConstantPublisherPort6

===========================================================================================
----------------- testing Thu Jun 14 22:45:19 UTC 2018 /home/travis/build/icyphy/ptII/ptolemy/actor/lib/test/auto/ConstantPublisherPort7.xml
----------------- Instantiating /home/travis/build/icyphy/ptII/ptolemy/actor/lib/test/auto/ConstantPublisherPort7.xml
20 ms. Memory: 719872K Free: 253692K (35%)
----------------- Invoking toplevel() on ptolemy.moml.MoMLSimpleApplication@2aa29337
----------------- Done invoking toplevel() on ptolemy.moml.MoMLSimpleApplication@2aa29337
reloadAllAccessors: .ConstantPublisherPort7

===========================================================================================
----------------- testing Thu Jun 14 22:45:19 UTC 2018 /home/travis/build/icyphy/ptII/ptolemy/actor/lib/test/auto/ConstraintMonitor1.xml
----------------- Instantiating /home/travis/build/icyphy/ptII/ptolemy/actor/lib/test/auto/ConstraintMonitor1.xml
8 ms. Memory: 719872K Free: 238247K (33%)
----------------- Invoking toplevel() on ptolemy.moml.MoMLSimpleApplication@3c92bdcf
----------------- Done invoking toplevel() on ptolemy.moml.MoMLSimpleApplication@3c92bdcf
reloadAllAccessors: .ConstraintMonitor1

===========================================================================================
----------------- testing Thu Jun 14 22:45:19 UTC 2018 /home/travis/build/icyphy/ptII/ptolemy/actor/lib/test/auto/ConstraintMonitor2.xml
----------------- Instantiating /home/travis/build/icyphy/ptII/ptolemy/actor/lib/test/auto/ConstraintMonitor2.xml
6 ms. Memory: 719872K Free: 232021K (32%)
----------------- Invoking toplevel() on ptolemy.moml.MoMLSimpleApplication@50b3c3a7
----------------- Done invoking toplevel() on ptolemy.moml.MoMLSimpleApplication@50b3c3a7
reloadAllAccessors: .ConstraintMonitor2

===========================================================================================
----------------- testing Thu Jun 14 22:45:19 UTC 2018 /home/travis/build/icyphy/ptII/ptolemy/actor/lib/test/auto/ConstraintMonitor3.xml
----------------- Instantiating /home/travis/build/icyphy/ptII/ptolemy/actor/lib/test/auto/ConstraintMonitor3.xml
2 ms. Memory: 719872K Free: 225795K (31%)
----------------- Invoking toplevel() on ptolemy.moml.MoMLSimpleApplication@672d4399
----------------- Done invoking toplevel() on ptolemy.moml.MoMLSimpleApplication@672d4399
reloadAllAccessors: .ConstraintMonitor3

===========================================================================================
----------------- testing Thu Jun 14 22:45:19 UTC 2018 /home/travis/build/icyphy/ptII/ptolemy/actor/lib/test/auto/ConstraintMonitor4.xml
----------------- Instantiating /home/travis/build/icyphy/ptII/ptolemy/actor/lib/test/auto/ConstraintMonitor4.xml
8 ms. Memory: 719872K Free: 210336K (29%)
----------------- Invoking toplevel() on ptolemy.moml.MoMLSimpleApplication@3885269
----------------- Done invoking toplevel() on ptolemy.moml.MoMLSimpleApplication@3885269
reloadAllAccessors: .ConstraintMonitor4

===========================================================================================
----------------- testing Thu Jun 14 22:45:19 UTC 2018 /home/travis/build/icyphy/ptII/ptolemy/actor/lib/test/auto/ConstraintMonitor5.xml
----------------- Instantiating /home/travis/build/icyphy/ptII/ptolemy/actor/lib/test/auto/ConstraintMonitor5.xml
7 ms. Memory: 719872K Free: 200989K (28%)
----------------- Invoking toplevel() on ptolemy.moml.MoMLSimpleApplication@1294273d
----------------- Done invoking toplevel() on ptolemy.moml.MoMLSimpleApplication@1294273d
reloadAllAccessors: .ConstraintMonitor5

===========================================================================================
----------------- testing Thu Jun 14 22:45:19 UTC 2018 /home/travis/build/icyphy/ptII/ptolemy/actor/lib/test/auto/ConstraintMonitor6.xml
----------------- Instantiating /home/travis/build/icyphy/ptII/ptolemy/actor/lib/test/auto/ConstraintMonitor6.xml
7 ms. Memory: 719872K Free: 185529K (26%)
----------------- Invoking toplevel() on ptolemy.moml.MoMLSimpleApplication@28cb3d03
----------------- Done invoking toplevel() on ptolemy.moml.MoMLSimpleApplication@28cb3d03
reloadAllAccessors: .ConstraintMonitor6

===========================================================================================
----------------- testing Thu Jun 14 22:45:19 UTC 2018 /home/travis/build/icyphy/ptII/ptolemy/actor/lib/test/auto/ConstraintMonitor7.xml
----------------- Instantiating /home/travis/build/icyphy/ptII/ptolemy/actor/lib/test/auto/ConstraintMonitor7.xml
2 ms. Memory: 719872K Free: 176174K (24%)
----------------- Invoking toplevel() on ptolemy.moml.MoMLSimpleApplication@1b674c71
----------------- Done invoking toplevel() on ptolemy.moml.MoMLSimpleApplication@1b674c71
reloadAllAccessors: .ConstraintMonitor7

===========================================================================================
----------------- testing Thu Jun 14 22:45:19 UTC 2018 /home/travis/build/icyphy/ptII/ptolemy/actor/lib/test/auto/ConstraintMonitor8.xml
----------------- Instantiating /home/travis/build/icyphy/ptII/ptolemy/actor/lib/test/auto/ConstraintMonitor8.xml
4 ms. Memory: 719872K Free: 166819K (23%)
----------------- Invoking toplevel() on ptolemy.moml.MoMLSimpleApplication@78509667
----------------- Done invoking toplevel() on ptolemy.moml.MoMLSimpleApplication@78509667
reloadAllAccessors: .ConstraintMonitor8

===========================================================================================
----------------- testing Thu Jun 14 22:45:19 UTC 2018 /home/travis/build/icyphy/ptII/ptolemy/actor/lib/test/auto/Counter.xml
----------------- Instantiating /home/travis/build/icyphy/ptII/ptolemy/actor/lib/test/auto/Counter.xml
2 ms. Memory: 719872K Free: 154488K (21%)
----------------- Invoking toplevel() on ptolemy.moml.MoMLSimpleApplication@780fcfe6
----------------- Done invoking toplevel() on ptolemy.moml.MoMLSimpleApplication@780fcfe6
reloadAllAccessors: .Counter

===========================================================================================
----------------- testing Thu Jun 14 22:45:19 UTC 2018 /home/travis/build/icyphy/ptII/ptolemy/actor/lib/test/auto/CurrentTimeSDF.xml
----------------- Instantiating /home/travis/build/icyphy/ptII/ptolemy/actor/lib/test/auto/CurrentTimeSDF.xml
2 ms. Memory: 719872K Free: 148262K (21%)
----------------- Invoking toplevel() on ptolemy.moml.MoMLSimpleApplication@2f59106b
----------------- Done invoking toplevel() on ptolemy.moml.MoMLSimpleApplication@2f59106b
reloadAllAccessors: .CurrentTimeSDF

===========================================================================================
----------------- testing Thu Jun 14 22:45:19 UTC 2018 /home/travis/build/icyphy/ptII/ptolemy/actor/lib/test/auto/DB.xml
----------------- Instantiating /home/travis/build/icyphy/ptII/ptolemy/actor/lib/test/auto/DB.xml
2 ms. Memory: 719872K Free: 142036K (20%)
----------------- Invoking toplevel() on ptolemy.moml.MoMLSimpleApplication@26f776ec
----------------- Done invoking toplevel() on ptolemy.moml.MoMLSimpleApplication@26f776ec
reloadAllAccessors: .DB

===========================================================================================
----------------- testing Thu Jun 14 22:45:19 UTC 2018 /home/travis/build/icyphy/ptII/ptolemy/actor/lib/test/auto/DBDE.xml
----------------- Instantiating /home/travis/build/icyphy/ptII/ptolemy/actor/lib/test/auto/DBDE.xml
2 ms. Memory: 719872K Free: 126576K (18%)
----------------- Invoking toplevel() on ptolemy.moml.MoMLSimpleApplication@6c83f007
----------------- Done invoking toplevel() on ptolemy.moml.MoMLSimpleApplication@6c83f007
reloadAllAccessors: .DBDE

===========================================================================================
----------------- testing Thu Jun 14 22:45:20 UTC 2018 /home/travis/build/icyphy/ptII/ptolemy/actor/lib/test/auto/DateConstructor.xml
----------------- Instantiating /home/travis/build/icyphy/ptII/ptolemy/actor/lib/test/auto/DateConstructor.xml
15 ms. Memory: 719872K Free: 107850K (15%)
----------------- Invoking toplevel() on ptolemy.moml.MoMLSimpleApplication@7aeca57d
----------------- Done invoking toplevel() on ptolemy.moml.MoMLSimpleApplication@7aeca57d
reloadAllAccessors: .DateConstructor

===========================================================================================
----------------- testing Thu Jun 14 22:45:20 UTC 2018 /home/travis/build/icyphy/ptII/ptolemy/actor/lib/test/auto/DelayTime.xml
----------------- Instantiating /home/travis/build/icyphy/ptII/ptolemy/actor/lib/test/auto/DelayTime.xml
3 ms. Memory: 719872K Free: 92406K (13%)
----------------- Invoking toplevel() on ptolemy.moml.MoMLSimpleApplication@3f75ab1d
----------------- Done invoking toplevel() on ptolemy.moml.MoMLSimpleApplication@3f75ab1d
reloadAllAccessors: .DelayTime

===========================================================================================
----------------- testing Thu Jun 14 22:45:20 UTC 2018 /home/travis/build/icyphy/ptII/ptolemy/actor/lib/test/auto/Dictionary1.xml
----------------- Instantiating /home/travis/build/icyphy/ptII/ptolemy/actor/lib/test/auto/Dictionary1.xml
2 ms. Memory: 719872K Free: 83051K (12%)
----------------- Invoking toplevel() on ptolemy.moml.MoMLSimpleApplication@585ee558
----------------- Done invoking toplevel() on ptolemy.moml.MoMLSimpleApplication@585ee558
reloadAllAccessors: .Dictionary1

===========================================================================================
----------------- testing Thu Jun 14 22:45:20 UTC 2018 /home/travis/build/icyphy/ptII/ptolemy/actor/lib/test/auto/Dictionary2.xml
----------------- Instantiating /home/travis/build/icyphy/ptII/ptolemy/actor/lib/test/auto/Dictionary2.xml
1 ms. Memory: 719872K Free: 73704K (10%)
----------------- Invoking toplevel() on ptolemy.moml.MoMLSimpleApplication@75745d40
----------------- Done invoking toplevel() on ptolemy.moml.MoMLSimpleApplication@75745d40
reloadAllAccessors: .Dictionary2

===========================================================================================
----------------- testing Thu Jun 14 22:45:20 UTC 2018 /home/travis/build/icyphy/ptII/ptolemy/actor/lib/test/auto/Dictionary3.xml
----------------- Instantiating /home/travis/build/icyphy/ptII/ptolemy/actor/lib/test/auto/Dictionary3.xml
1 ms. Memory: 719872K Free: 59425K (8%)
----------------- Invoking toplevel() on ptolemy.moml.MoMLSimpleApplication@42b56f5e
----------------- Done invoking toplevel() on ptolemy.moml.MoMLSimpleApplication@42b56f5e
reloadAllAccessors: .Dictionary3

===========================================================================================
----------------- testing Thu Jun 14 22:45:20 UTC 2018 /home/travis/build/icyphy/ptII/ptolemy/actor/lib/test/auto/Dictionary4.xml
----------------- Instantiating /home/travis/build/icyphy/ptII/ptolemy/actor/lib/test/auto/Dictionary4.xml
3 ms. Memory: 1093632K Free: 1031920K (94%)
----------------- Invoking toplevel() on ptolemy.moml.MoMLSimpleApplication@2b0312b0
----------------- Done invoking toplevel() on ptolemy.moml.MoMLSimpleApplication@2b0312b0
reloadAllAccessors: .Dictionary4

===========================================================================================
----------------- testing Thu Jun 14 22:45:20 UTC 2018 /home/travis/build/icyphy/ptII/ptolemy/actor/lib/test/auto/Differential.xml
----------------- Instantiating /home/travis/build/icyphy/ptII/ptolemy/actor/lib/test/auto/Differential.xml
2 ms. Memory: 1093632K Free: 1010793K (92%)
----------------- Invoking toplevel() on ptolemy.moml.MoMLSimpleApplication@3b9dabc0
----------------- Done invoking toplevel() on ptolemy.moml.MoMLSimpleApplication@3b9dabc0
reloadAllAccessors: .Differential

===========================================================================================
----------------- testing Thu Jun 14 22:45:20 UTC 2018 /home/travis/build/icyphy/ptII/ptolemy/actor/lib/test/auto/Director.xml
----------------- Instantiating /home/travis/build/icyphy/ptII/ptolemy/actor/lib/test/auto/Director.xml
2 ms. Memory: 1093632K Free: 997509K (91%)
----------------- Invoking toplevel() on ptolemy.moml.MoMLSimpleApplication@4ebf0f2
----------------- Done invoking toplevel() on ptolemy.moml.MoMLSimpleApplication@4ebf0f2
reloadAllAccessors: .Director

===========================================================================================
----------------- testing Thu Jun 14 22:45:20 UTC 2018 /home/travis/build/icyphy/ptII/ptolemy/actor/lib/test/auto/DiscreteClock.xml
----------------- Instantiating /home/travis/build/icyphy/ptII/ptolemy/actor/lib/test/auto/DiscreteClock.xml
1 ms. Memory: 1093632K Free: 984224K (90%)
----------------- Invoking toplevel() on ptolemy.moml.MoMLSimpleApplication@715fa038
----------------- Done invoking toplevel() on ptolemy.moml.MoMLSimpleApplication@715fa038
reloadAllAccessors: .DiscreteClock

===========================================================================================
----------------- testing Thu Jun 14 22:45:20 UTC 2018 /home/travis/build/icyphy/ptII/ptolemy/actor/lib/test/auto/DiscreteClock10.xml
----------------- Instantiating /home/travis/build/icyphy/ptII/ptolemy/actor/lib/test/auto/DiscreteClock10.xml
2 ms. Memory: 1093632K Free: 963184K (88%)
----------------- Invoking toplevel() on ptolemy.moml.MoMLSimpleApplication@2af1682a
----------------- Done invoking toplevel() on ptolemy.moml.MoMLSimpleApplication@2af1682a
reloadAllAccessors: .DiscreteClock10

===========================================================================================
----------------- testing Thu Jun 14 22:45:20 UTC 2018 /home/travis/build/icyphy/ptII/ptolemy/actor/lib/test/auto/DiscreteClock11.xml
----------------- Instantiating /home/travis/build/icyphy/ptII/ptolemy/actor/lib/test/auto/DiscreteClock11.xml
3 ms. Memory: 1093632K Free: 949900K (87%)
----------------- Invoking toplevel() on ptolemy.moml.MoMLSimpleApplication@5de9c42b
----------------- Done invoking toplevel() on ptolemy.moml.MoMLSimpleApplication@5de9c42b
reloadAllAccessors: .DiscreteClock11

===========================================================================================
----------------- testing Thu Jun 14 22:45:20 UTC 2018 /home/travis/build/icyphy/ptII/ptolemy/actor/lib/test/auto/DiscreteClock12.xml
----------------- Instantiating /home/travis/build/icyphy/ptII/ptolemy/actor/lib/test/auto/DiscreteClock12.xml
3 ms. Memory: 1093632K Free: 936615K (86%)
----------------- Invoking toplevel() on ptolemy.moml.MoMLSimpleApplication@4b6debdd
----------------- Done invoking toplevel() on ptolemy.moml.MoMLSimpleApplication@4b6debdd
reloadAllAccessors: .DiscreteClock12

===========================================================================================
----------------- testing Thu Jun 14 22:45:20 UTC 2018 /home/travis/build/icyphy/ptII/ptolemy/actor/lib/test/auto/DiscreteClock13.xml
----------------- Instantiating /home/travis/build/icyphy/ptII/ptolemy/actor/lib/test/auto/DiscreteClock13.xml
7 ms. Memory: 1093632K Free: 915575K (84%)
----------------- Invoking toplevel() on ptolemy.moml.MoMLSimpleApplication@43b8b188
----------------- Done invoking toplevel() on ptolemy.moml.MoMLSimpleApplication@43b8b188
reloadAllAccessors: .DiscreteClock13

===========================================================================================
----------------- testing Thu Jun 14 22:45:20 UTC 2018 /home/travis/build/icyphy/ptII/ptolemy/actor/lib/test/auto/DiscreteClock14.xml
----------------- Instantiating /home/travis/build/icyphy/ptII/ptolemy/actor/lib/test/auto/DiscreteClock14.xml
7 ms. Memory: 1093632K Free: 902290K (83%)
----------------- Invoking toplevel() on ptolemy.moml.MoMLSimpleApplication@3c9ba4c8
----------------- Done invoking toplevel() on ptolemy.moml.MoMLSimpleApplication@3c9ba4c8
reloadAllAccessors: .DiscreteClock14

===========================================================================================
----------------- testing Thu Jun 14 22:45:20 UTC 2018 /home/travis/build/icyphy/ptII/ptolemy/actor/lib/test/auto/DiscreteClock15.xml
----------------- Instantiating /home/travis/build/icyphy/ptII/ptolemy/actor/lib/test/auto/DiscreteClock15.xml
7 ms. Memory: 1093632K Free: 889006K (81%)
----------------- Invoking toplevel() on ptolemy.moml.MoMLSimpleApplication@2af0f61a
----------------- Done invoking toplevel() on ptolemy.moml.MoMLSimpleApplication@2af0f61a
reloadAllAccessors: .DiscreteClock15

===========================================================================================
----------------- testing Thu Jun 14 22:45:20 UTC 2018 /home/travis/build/icyphy/ptII/ptolemy/actor/lib/test/auto/DiscreteClock16.xml
----------------- Instantiating /home/travis/build/icyphy/ptII/ptolemy/actor/lib/test/auto/DiscreteClock16.xml
14 ms. Memory: 1093632K Free: 861308K (79%)
----------------- Invoking toplevel() on ptolemy.moml.MoMLSimpleApplication@3f953cfb
----------------- Done invoking toplevel() on ptolemy.moml.MoMLSimpleApplication@3f953cfb
reloadAllAccessors: .DiscreteClock16

===========================================================================================
----------------- testing Thu Jun 14 22:45:20 UTC 2018 /home/travis/build/icyphy/ptII/ptolemy/actor/lib/test/auto/DiscreteClock17.xml
----------------- Instantiating /home/travis/build/icyphy/ptII/ptolemy/actor/lib/test/auto/DiscreteClock17.xml
18 ms. Memory: 1093632K Free: 841373K (77%)
----------------- Invoking toplevel() on ptolemy.moml.MoMLSimpleApplication@4ac16e0d
----------------- Done invoking toplevel() on ptolemy.moml.MoMLSimpleApplication@4ac16e0d
reloadAllAccessors: .DiscreteClock17

===========================================================================================
----------------- testing Thu Jun 14 22:45:20 UTC 2018 /home/travis/build/icyphy/ptII/ptolemy/actor/lib/test/auto/DiscreteClock18.xml
----------------- Instantiating /home/travis/build/icyphy/ptII/ptolemy/actor/lib/test/auto/DiscreteClock18.xml
11 ms. Memory: 1093632K Free: 821430K (75%)
----------------- Invoking toplevel() on ptolemy.moml.MoMLSimpleApplication@68f4a986
----------------- Done invoking toplevel() on ptolemy.moml.MoMLSimpleApplication@68f4a986
reloadAllAccessors: .DiscreteClock18

===========================================================================================
----------------- testing Thu Jun 14 22:45:20 UTC 2018 /home/travis/build/icyphy/ptII/ptolemy/actor/lib/test/auto/DiscreteClock19.xml
----------------- Instantiating /home/travis/build/icyphy/ptII/ptolemy/actor/lib/test/auto/DiscreteClock19.xml
12 ms. Memory: 1093632K Free: 801495K (73%)
----------------- Invoking toplevel() on ptolemy.moml.MoMLSimpleApplication@4b05d93e
----------------- Done invoking toplevel() on ptolemy.moml.MoMLSimpleApplication@4b05d93e
reloadAllAccessors: .DiscreteClock19

===========================================================================================
----------------- testing Thu Jun 14 22:45:20 UTC 2018 /home/travis/build/icyphy/ptII/ptolemy/actor/lib/test/auto/DiscreteClock2.xml
----------------- Instantiating /home/travis/build/icyphy/ptII/ptolemy/actor/lib/test/auto/DiscreteClock2.xml
6 ms. Memory: 1093632K Free: 780455K (71%)
----------------- Invoking toplevel() on ptolemy.moml.MoMLSimpleApplication@40286aca
----------------- Done invoking toplevel() on ptolemy.moml.MoMLSimpleApplication@40286aca
reloadAllAccessors: .DiscreteClock2

===========================================================================================
----------------- testing Thu Jun 14 22:45:20 UTC 2018 /home/travis/build/icyphy/ptII/ptolemy/actor/lib/test/auto/DiscreteClock20.xml
----------------- Instantiating /home/travis/build/icyphy/ptII/ptolemy/actor/lib/test/auto/DiscreteClock20.xml
7 ms. Memory: 1093632K Free: 767170K (70%)
----------------- Invoking toplevel() on ptolemy.moml.MoMLSimpleApplication@33d6925a
----------------- Done invoking toplevel() on ptolemy.moml.MoMLSimpleApplication@33d6925a
reloadAllAccessors: .DiscreteClock20

===========================================================================================
----------------- testing Thu Jun 14 22:45:20 UTC 2018 /home/travis/build/icyphy/ptII/ptolemy/actor/lib/test/auto/DiscreteClock21.xml
----------------- Instantiating /home/travis/build/icyphy/ptII/ptolemy/actor/lib/test/auto/DiscreteClock21.xml
7 ms. Memory: 1093632K Free: 753885K (69%)
----------------- Invoking toplevel() on ptolemy.moml.MoMLSimpleApplication@3600710
----------------- Done invoking toplevel() on ptolemy.moml.MoMLSimpleApplication@3600710
reloadAllAccessors: .DiscreteClock21

===========================================================================================
----------------- testing Thu Jun 14 22:45:20 UTC 2018 /home/travis/build/icyphy/ptII/ptolemy/actor/lib/test/auto/DiscreteClock22.xml
----------------- Instantiating /home/travis/build/icyphy/ptII/ptolemy/actor/lib/test/auto/DiscreteClock22.xml
7 ms. Memory: 1093632K Free: 732846K (67%)
----------------- Invoking toplevel() on ptolemy.moml.MoMLSimpleApplication@4c24c4d9
----------------- Done invoking toplevel() on ptolemy.moml.MoMLSimpleApplication@4c24c4d9
reloadAllAccessors: .DiscreteClock22

===========================================================================================
----------------- testing Thu Jun 14 22:45:20 UTC 2018 /home/travis/build/icyphy/ptII/ptolemy/actor/lib/test/auto/DiscreteClock23.xml
----------------- Instantiating /home/travis/build/icyphy/ptII/ptolemy/actor/lib/test/auto/DiscreteClock23.xml
7 ms. Memory: 1093632K Free: 719561K (66%)
----------------- Invoking toplevel() on ptolemy.moml.MoMLSimpleApplication@159f5f55
----------------- Done invoking toplevel() on ptolemy.moml.MoMLSimpleApplication@159f5f55
reloadAllAccessors: .DiscreteClock23

===========================================================================================
----------------- testing Thu Jun 14 22:45:20 UTC 2018 /home/travis/build/icyphy/ptII/ptolemy/actor/lib/test/auto/DiscreteClock24.xml
----------------- Instantiating /home/travis/build/icyphy/ptII/ptolemy/actor/lib/test/auto/DiscreteClock24.xml
6 ms. Memory: 1112576K Free: 1062087K (95%)
----------------- Invoking toplevel() on ptolemy.moml.MoMLSimpleApplication@6e491b16
----------------- Done invoking toplevel() on ptolemy.moml.MoMLSimpleApplication@6e491b16
reloadAllAccessors: .DiscreteClock24

===========================================================================================
----------------- testing Thu Jun 14 22:45:21 UTC 2018 /home/travis/build/icyphy/ptII/ptolemy/actor/lib/test/auto/DiscreteClock4.xml
----------------- Instantiating /home/travis/build/icyphy/ptII/ptolemy/actor/lib/test/auto/DiscreteClock4.xml
2 ms. Memory: 1112576K Free: 1041048K (94%)
----------------- Invoking toplevel() on ptolemy.moml.MoMLSimpleApplication@39410f7d
----------------- Done invoking toplevel() on ptolemy.moml.MoMLSimpleApplication@39410f7d
reloadAllAccessors: .DiscreteClock4

===========================================================================================
----------------- testing Thu Jun 14 22:45:21 UTC 2018 /home/travis/build/icyphy/ptII/ptolemy/actor/lib/test/auto/DiscreteClock5.xml
----------------- Instantiating /home/travis/build/icyphy/ptII/ptolemy/actor/lib/test/auto/DiscreteClock5.xml
2 ms. Memory: 1112576K Free: 1027763K (92%)
----------------- Invoking toplevel() on ptolemy.moml.MoMLSimpleApplication@62861617
----------------- Done invoking toplevel() on ptolemy.moml.MoMLSimpleApplication@62861617
reloadAllAccessors: .DiscreteClock5

===========================================================================================
----------------- testing Thu Jun 14 22:45:21 UTC 2018 /home/travis/build/icyphy/ptII/ptolemy/actor/lib/test/auto/DiscreteClock6.xml
----------------- Instantiating /home/travis/build/icyphy/ptII/ptolemy/actor/lib/test/auto/DiscreteClock6.xml
1 ms. Memory: 1112576K Free: 1014478K (91%)
----------------- Invoking toplevel() on ptolemy.moml.MoMLSimpleApplication@35b471b0
----------------- Done invoking toplevel() on ptolemy.moml.MoMLSimpleApplication@35b471b0
reloadAllAccessors: .DiscreteClock6

===========================================================================================
----------------- testing Thu Jun 14 22:45:21 UTC 2018 /home/travis/build/icyphy/ptII/ptolemy/actor/lib/test/auto/DiscreteClock7.xml
----------------- Instantiating /home/travis/build/icyphy/ptII/ptolemy/actor/lib/test/auto/DiscreteClock7.xml
1 ms. Memory: 1112576K Free: 993439K (89%)
----------------- Invoking toplevel() on ptolemy.moml.MoMLSimpleApplication@6cb226c8
----------------- Done invoking toplevel() on ptolemy.moml.MoMLSimpleApplication@6cb226c8
reloadAllAccessors: .DiscreteClock7

===========================================================================================
----------------- testing Thu Jun 14 22:45:21 UTC 2018 /home/travis/build/icyphy/ptII/ptolemy/actor/lib/test/auto/DiscreteClock8.xml
----------------- Instantiating /home/travis/build/icyphy/ptII/ptolemy/actor/lib/test/auto/DiscreteClock8.xml
6 ms. Memory: 1112576K Free: 980154K (88%)
----------------- Invoking toplevel() on ptolemy.moml.MoMLSimpleApplication@7a4b9600
----------------- Done invoking toplevel() on ptolemy.moml.MoMLSimpleApplication@7a4b9600
reloadAllAccessors: .DiscreteClock8

===========================================================================================
----------------- testing Thu Jun 14 22:45:21 UTC 2018 /home/travis/build/icyphy/ptII/ptolemy/actor/lib/test/auto/DiscreteClock9.xml
----------------- Instantiating /home/travis/build/icyphy/ptII/ptolemy/actor/lib/test/auto/DiscreteClock9.xml
7 ms. Memory: 1112576K Free: 966869K (87%)
----------------- Invoking toplevel() on ptolemy.moml.MoMLSimpleApplication@486129ac
----------------- Done invoking toplevel() on ptolemy.moml.MoMLSimpleApplication@486129ac
reloadAllAccessors: .DiscreteClock9

===========================================================================================
----------------- testing Thu Jun 14 22:45:21 UTC 2018 /home/travis/build/icyphy/ptII/ptolemy/actor/lib/test/auto/DisplayArray.xml
----------------- Instantiating /home/travis/build/icyphy/ptII/ptolemy/actor/lib/test/auto/DisplayArray.xml
5 ms. Memory: 1112576K Free: 945830K (85%)
----------------- Invoking toplevel() on ptolemy.moml.MoMLSimpleApplication@1d1d380c
----------------- Done invoking toplevel() on ptolemy.moml.MoMLSimpleApplication@1d1d380c
reloadAllAccessors: .DisplayArray

===========================================================================================
----------------- testing Thu Jun 14 22:45:21 UTC 2018 /home/travis/build/icyphy/ptII/ptolemy/actor/lib/test/auto/Distributor.xml
----------------- Instantiating /home/travis/build/icyphy/ptII/ptolemy/actor/lib/test/auto/Distributor.xml
1 ms. Memory: 1112576K Free: 932545K (84%)
----------------- Invoking toplevel() on ptolemy.moml.MoMLSimpleApplication@67f96ad8
----------------- Done invoking toplevel() on ptolemy.moml.MoMLSimpleApplication@67f96ad8
reloadAllAccessors: .Distributor

===========================================================================================
----------------- testing Thu Jun 14 22:45:21 UTC 2018 /home/travis/build/icyphy/ptII/ptolemy/actor/lib/test/auto/Distributor2.xml
----------------- Instantiating /home/travis/build/icyphy/ptII/ptolemy/actor/lib/test/auto/Distributor2.xml
1 ms. Memory: 1112576K Free: 919260K (83%)
----------------- Invoking toplevel() on ptolemy.moml.MoMLSimpleApplication@777abef5
----------------- Done invoking toplevel() on ptolemy.moml.MoMLSimpleApplication@777abef5
reloadAllAccessors: .Distributor2

===========================================================================================
----------------- testing Thu Jun 14 22:45:21 UTC 2018 /home/travis/build/icyphy/ptII/ptolemy/actor/lib/test/auto/DownSample.xml
----------------- Instantiating /home/travis/build/icyphy/ptII/ptolemy/actor/lib/test/auto/DownSample.xml
1 ms. Memory: 1112576K Free: 898220K (81%)
----------------- Invoking toplevel() on ptolemy.moml.MoMLSimpleApplication@24d052b6
----------------- Done invoking toplevel() on ptolemy.moml.MoMLSimpleApplication@24d052b6
reloadAllAccessors: .DownSample

===========================================================================================
----------------- testing Thu Jun 14 22:45:21 UTC 2018 /home/travis/build/icyphy/ptII/ptolemy/actor/lib/test/auto/ElectronicUnitBase1.xml
----------------- Instantiating /home/travis/build/icyphy/ptII/ptolemy/actor/lib/test/auto/ElectronicUnitBase1.xml
24 ms. Memory: 1112576K Free: 871635K (78%)
----------------- Invoking toplevel() on ptolemy.moml.MoMLSimpleApplication@224b315d
----------------- Done invoking toplevel() on ptolemy.moml.MoMLSimpleApplication@224b315d
reloadAllAccessors: .ElectronicUnitBase1

===========================================================================================
----------------- testing Thu Jun 14 22:45:21 UTC 2018 /home/travis/build/icyphy/ptII/ptolemy/actor/lib/test/auto/ElementsToArray.xml
----------------- Instantiating /home/travis/build/icyphy/ptII/ptolemy/actor/lib/test/auto/ElementsToArray.xml
3 ms. Memory: 1112576K Free: 858350K (77%)
----------------- Invoking toplevel() on ptolemy.moml.MoMLSimpleApplication@1a7be97
----------------- Done invoking toplevel() on ptolemy.moml.MoMLSimpleApplication@1a7be97
reloadAllAccessors: .ElementsToArray

===========================================================================================
----------------- testing Thu Jun 14 22:45:21 UTC 2018 /home/travis/build/icyphy/ptII/ptolemy/actor/lib/test/auto/Equals.xml
----------------- Instantiating /home/travis/build/icyphy/ptII/ptolemy/actor/lib/test/auto/Equals.xml
3 ms. Memory: 1112576K Free: 845065K (76%)
----------------- Invoking toplevel() on ptolemy.moml.MoMLSimpleApplication@1e23b7f4
----------------- Done invoking toplevel() on ptolemy.moml.MoMLSimpleApplication@1e23b7f4
reloadAllAccessors: .Equals

===========================================================================================
----------------- testing Thu Jun 14 22:45:21 UTC 2018 /home/travis/build/icyphy/ptII/ptolemy/actor/lib/test/auto/Exec.xml
----------------- Instantiating /home/travis/build/icyphy/ptII/ptolemy/actor/lib/test/auto/Exec.xml
13 ms. Memory: 1112576K Free: 807420K (73%)
----------------- Invoking toplevel() on ptolemy.moml.MoMLSimpleApplication@132bdf53
----------------- Done invoking toplevel() on ptolemy.moml.MoMLSimpleApplication@132bdf53
reloadAllAccessors: .Exec

===========================================================================================
----------------- testing Thu Jun 14 22:45:21 UTC 2018 /home/travis/build/icyphy/ptII/ptolemy/actor/lib/test/auto/ExecEnvironment.xml
----------------- Instantiating /home/travis/build/icyphy/ptII/ptolemy/actor/lib/test/auto/ExecEnvironment.xml
28 ms. Memory: 1112576K Free: 780850K (70%)
----------------- Invoking toplevel() on ptolemy.moml.MoMLSimpleApplication@189ee1b2
----------------- Done invoking toplevel() on ptolemy.moml.MoMLSimpleApplication@189ee1b2
reloadAllAccessors: .ExecEnvironment

===========================================================================================
----------------- testing Thu Jun 14 22:45:21 UTC 2018 /home/travis/build/icyphy/ptII/ptolemy/actor/lib/test/auto/ExecNonZeroReturnOutput.xml
----------------- Instantiating /home/travis/build/icyphy/ptII/ptolemy/actor/lib/test/auto/ExecNonZeroReturnOutput.xml
143 ms. Memory: 1112576K Free: 681214K (61%)
----------------- Invoking toplevel() on ptolemy.moml.MoMLSimpleApplication@2d3cacb9
----------------- Done invoking toplevel() on ptolemy.moml.MoMLSimpleApplication@2d3cacb9
reloadAllAccessors: .ExecNonZeroReturnOutput

===========================================================================================
----------------- testing Thu Jun 14 22:45:22 UTC 2018 /home/travis/build/icyphy/ptII/ptolemy/actor/lib/test/auto/ExecRunDemos.xml
----------------- Instantiating /home/travis/build/icyphy/ptII/ptolemy/actor/lib/test/auto/ExecRunDemos.xml
Finished: 96 ms. Memory: 116224K Free: 100104K (86%)

Finished: 53 ms. Memory: 116224K Free: 96344K (83%)

Finished: 87 ms. Memory: 116224K Free: 96950K (83%)

Finished: 42 ms. Memory: 116224K Free: 98236K (85%)

Finished: 41 ms. Memory: 116224K Free: 99505K (86%)

9927 ms. Memory: 1112576K Free: 580444K (52%)
----------------- Invoking toplevel() on ptolemy.moml.MoMLSimpleApplication@666c2ed3
----------------- Done invoking toplevel() on ptolemy.moml.MoMLSimpleApplication@666c2ed3
reloadAllAccessors: .ExecRunDemos

===========================================================================================
----------------- testing Thu Jun 14 22:45:32 UTC 2018 /home/travis/build/icyphy/ptII/ptolemy/actor/lib/test/auto/ExecStop.xml
----------------- Instantiating /home/travis/build/icyphy/ptII/ptolemy/actor/lib/test/auto/ExecStop.xml
5013 ms. Memory: 1112576K Free: 401099K (36%)
----------------- Invoking toplevel() on ptolemy.moml.MoMLSimpleApplication@4fb91477
----------------- Done invoking toplevel() on ptolemy.moml.MoMLSimpleApplication@4fb91477
reloadAllAccessors: .ExecStop

===========================================================================================
----------------- testing Thu Jun 14 22:45:37 UTC 2018 /home/travis/build/icyphy/ptII/ptolemy/actor/lib/test/auto/ExecutionTimeSDF.xml
----------------- Instantiating /home/travis/build/icyphy/ptII/ptolemy/actor/lib/test/auto/ExecutionTimeSDF.xml
Fired ExecutionTime: -1690567296
Fired ExecutionTime: 887200000
Fired ExecutionTime: -1098167296
6009 ms. Memory: 1112576K Free: 381156K (34%)
----------------- Invoking toplevel() on ptolemy.moml.MoMLSimpleApplication@19955676
----------------- Done invoking toplevel() on ptolemy.moml.MoMLSimpleApplication@19955676
reloadAllAccessors: .ExecutionTimeSDF

===========================================================================================
----------------- testing Thu Jun 14 22:45:43 UTC 2018 /home/travis/build/icyphy/ptII/ptolemy/actor/lib/test/auto/Expression1.xml
----------------- Instantiating /home/travis/build/icyphy/ptII/ptolemy/actor/lib/test/auto/Expression1.xml
2 ms. Memory: 1112576K Free: 360116K (32%)
----------------- Invoking toplevel() on ptolemy.moml.MoMLSimpleApplication@20b2eba6
----------------- Done invoking toplevel() on ptolemy.moml.MoMLSimpleApplication@20b2eba6
reloadAllAccessors: .Expression1

===========================================================================================
----------------- testing Thu Jun 14 22:45:43 UTC 2018 /home/travis/build/icyphy/ptII/ptolemy/actor/lib/test/auto/Expression10.xml
----------------- Instantiating /home/travis/build/icyphy/ptII/ptolemy/actor/lib/test/auto/Expression10.xml
5 ms. Memory: 1112576K Free: 346832K (31%)
----------------- Invoking toplevel() on ptolemy.moml.MoMLSimpleApplication@12ded3bd
----------------- Done invoking toplevel() on ptolemy.moml.MoMLSimpleApplication@12ded3bd
reloadAllAccessors: .Expression10

===========================================================================================
----------------- testing Thu Jun 14 22:45:43 UTC 2018 /home/travis/build/icyphy/ptII/ptolemy/actor/lib/test/auto/Expression11.xml
----------------- Instantiating /home/travis/build/icyphy/ptII/ptolemy/actor/lib/test/auto/Expression11.xml
2 ms. Memory: 1112576K Free: 333547K (30%)
----------------- Invoking toplevel() on ptolemy.moml.MoMLSimpleApplication@791228be
----------------- Done invoking toplevel() on ptolemy.moml.MoMLSimpleApplication@791228be
reloadAllAccessors: .Expression11

===========================================================================================
----------------- testing Thu Jun 14 22:45:43 UTC 2018 /home/travis/build/icyphy/ptII/ptolemy/actor/lib/test/auto/Expression12.xml
----------------- Instantiating /home/travis/build/icyphy/ptII/ptolemy/actor/lib/test/auto/Expression12.xml
3 ms. Memory: 1112576K Free: 320262K (29%)
----------------- Invoking toplevel() on ptolemy.moml.MoMLSimpleApplication@2c3868d9
----------------- Done invoking toplevel() on ptolemy.moml.MoMLSimpleApplication@2c3868d9
reloadAllAccessors: .Expression12

===========================================================================================
----------------- testing Thu Jun 14 22:45:43 UTC 2018 /home/travis/build/icyphy/ptII/ptolemy/actor/lib/test/auto/Expression13.xml
----------------- Instantiating /home/travis/build/icyphy/ptII/ptolemy/actor/lib/test/auto/Expression13.xml
3 ms. Memory: 1112576K Free: 299223K (27%)
----------------- Invoking toplevel() on ptolemy.moml.MoMLSimpleApplication@5ccfbadd
----------------- Done invoking toplevel() on ptolemy.moml.MoMLSimpleApplication@5ccfbadd
reloadAllAccessors: .Expression13

===========================================================================================
----------------- testing Thu Jun 14 22:45:43 UTC 2018 /home/travis/build/icyphy/ptII/ptolemy/actor/lib/test/auto/Expression14.xml
----------------- Instantiating /home/travis/build/icyphy/ptII/ptolemy/actor/lib/test/auto/Expression14.xml
4 ms. Memory: 1112576K Free: 285938K (26%)
----------------- Invoking toplevel() on ptolemy.moml.MoMLSimpleApplication@1892b6c2
----------------- Done invoking toplevel() on ptolemy.moml.MoMLSimpleApplication@1892b6c2
reloadAllAccessors: .Expression14

===========================================================================================
----------------- testing Thu Jun 14 22:45:43 UTC 2018 /home/travis/build/icyphy/ptII/ptolemy/actor/lib/test/auto/Expression15.xml
----------------- Instantiating /home/travis/build/icyphy/ptII/ptolemy/actor/lib/test/auto/Expression15.xml
2 ms. Memory: 1112576K Free: 272653K (25%)
----------------- Invoking toplevel() on ptolemy.moml.MoMLSimpleApplication@68d33530
----------------- Done invoking toplevel() on ptolemy.moml.MoMLSimpleApplication@68d33530
reloadAllAccessors: .Expression15

===========================================================================================
----------------- testing Thu Jun 14 22:45:43 UTC 2018 /home/travis/build/icyphy/ptII/ptolemy/actor/lib/test/auto/Expression16.xml
----------------- Instantiating /home/travis/build/icyphy/ptII/ptolemy/actor/lib/test/auto/Expression16.xml
4 ms. Memory: 1112576K Free: 247404K (22%)
----------------- Invoking toplevel() on ptolemy.moml.MoMLSimpleApplication@3a5eb015
----------------- Done invoking toplevel() on ptolemy.moml.MoMLSimpleApplication@3a5eb015
reloadAllAccessors: .Expression16

===========================================================================================
----------------- testing Thu Jun 14 22:45:43 UTC 2018 /home/travis/build/icyphy/ptII/ptolemy/actor/lib/test/auto/Expression17.xml
----------------- Instantiating /home/travis/build/icyphy/ptII/ptolemy/actor/lib/test/auto/Expression17.xml
3 ms. Memory: 1112576K Free: 234119K (21%)
----------------- Invoking toplevel() on ptolemy.moml.MoMLSimpleApplication@31f6a9fd
----------------- Done invoking toplevel() on ptolemy.moml.MoMLSimpleApplication@31f6a9fd
reloadAllAccessors: .Expression17

===========================================================================================
----------------- testing Thu Jun 14 22:45:43 UTC 2018 /home/travis/build/icyphy/ptII/ptolemy/actor/lib/test/auto/Expression18.xml
----------------- Instantiating /home/travis/build/icyphy/ptII/ptolemy/actor/lib/test/auto/Expression18.xml
5 ms. Memory: 1112576K Free: 220834K (20%)
----------------- Invoking toplevel() on ptolemy.moml.MoMLSimpleApplication@78ef945f
----------------- Done invoking toplevel() on ptolemy.moml.MoMLSimpleApplication@78ef945f
reloadAllAccessors: .Expression18

===========================================================================================
----------------- testing Thu Jun 14 22:45:43 UTC 2018 /home/travis/build/icyphy/ptII/ptolemy/actor/lib/test/auto/Expression2.xml
----------------- Instantiating /home/travis/build/icyphy/ptII/ptolemy/actor/lib/test/auto/Expression2.xml
3 ms. Memory: 1112576K Free: 207550K (19%)
----------------- Invoking toplevel() on ptolemy.moml.MoMLSimpleApplication@4dbe6900
----------------- Done invoking toplevel() on ptolemy.moml.MoMLSimpleApplication@4dbe6900
reloadAllAccessors: .Expression2

===========================================================================================
----------------- testing Thu Jun 14 22:45:43 UTC 2018 /home/travis/build/icyphy/ptII/ptolemy/actor/lib/test/auto/Expression3.xml
----------------- Instantiating /home/travis/build/icyphy/ptII/ptolemy/actor/lib/test/auto/Expression3.xml
4 ms. Memory: 1112576K Free: 186510K (17%)
----------------- Invoking toplevel() on ptolemy.moml.MoMLSimpleApplication@7fedc299
----------------- Done invoking toplevel() on ptolemy.moml.MoMLSimpleApplication@7fedc299
reloadAllAccessors: .Expression3

===========================================================================================
----------------- testing Thu Jun 14 22:45:43 UTC 2018 /home/travis/build/icyphy/ptII/ptolemy/actor/lib/test/auto/Expression4.xml
----------------- Instantiating /home/travis/build/icyphy/ptII/ptolemy/actor/lib/test/auto/Expression4.xml
4 ms. Memory: 1112576K Free: 173225K (16%)
----------------- Invoking toplevel() on ptolemy.moml.MoMLSimpleApplication@7b9c23af
----------------- Done invoking toplevel() on ptolemy.moml.MoMLSimpleApplication@7b9c23af
reloadAllAccessors: .Expression4

===========================================================================================
----------------- testing Thu Jun 14 22:45:43 UTC 2018 /home/travis/build/icyphy/ptII/ptolemy/actor/lib/test/auto/Expression5.xml
----------------- Instantiating /home/travis/build/icyphy/ptII/ptolemy/actor/lib/test/auto/Expression5.xml
3 ms. Memory: 1112576K Free: 159941K (14%)
----------------- Invoking toplevel() on ptolemy.moml.MoMLSimpleApplication@29ae0478
----------------- Done invoking toplevel() on ptolemy.moml.MoMLSimpleApplication@29ae0478
reloadAllAccessors: .Expression5

===========================================================================================
----------------- testing Thu Jun 14 22:45:43 UTC 2018 /home/travis/build/icyphy/ptII/ptolemy/actor/lib/test/auto/Expression6.xml
----------------- Instantiating /home/travis/build/icyphy/ptII/ptolemy/actor/lib/test/auto/Expression6.xml
3 ms. Memory: 1112576K Free: 138901K (12%)
----------------- Invoking toplevel() on ptolemy.moml.MoMLSimpleApplication@1a88fb31
----------------- Done invoking toplevel() on ptolemy.moml.MoMLSimpleApplication@1a88fb31
reloadAllAccessors: .Expression6

===========================================================================================
----------------- testing Thu Jun 14 22:45:43 UTC 2018 /home/travis/build/icyphy/ptII/ptolemy/actor/lib/test/auto/Expression7.xml
----------------- Instantiating /home/travis/build/icyphy/ptII/ptolemy/actor/lib/test/auto/Expression7.xml
2 ms. Memory: 1112576K Free: 125616K (11%)
----------------- Invoking toplevel() on ptolemy.moml.MoMLSimpleApplication@584bd2da
----------------- Done invoking toplevel() on ptolemy.moml.MoMLSimpleApplication@584bd2da
reloadAllAccessors: .Expression7

===========================================================================================
----------------- testing Thu Jun 14 22:45:43 UTC 2018 /home/travis/build/icyphy/ptII/ptolemy/actor/lib/test/auto/Expression8.xml
----------------- Instantiating /home/travis/build/icyphy/ptII/ptolemy/actor/lib/test/auto/Expression8.xml
5 ms. Memory: 1112576K Free: 112332K (10%)
----------------- Invoking toplevel() on ptolemy.moml.MoMLSimpleApplication@7ef2da61
----------------- Done invoking toplevel() on ptolemy.moml.MoMLSimpleApplication@7ef2da61
reloadAllAccessors: .Expression8

===========================================================================================
----------------- testing Thu Jun 14 22:45:43 UTC 2018 /home/travis/build/icyphy/ptII/ptolemy/actor/lib/test/auto/Expression9.xml
----------------- Instantiating /home/travis/build/icyphy/ptII/ptolemy/actor/lib/test/auto/Expression9.xml
1 ms. Memory: 1112576K Free: 91292K (8%)
----------------- Invoking toplevel() on ptolemy.moml.MoMLSimpleApplication@5f088e5a
----------------- Done invoking toplevel() on ptolemy.moml.MoMLSimpleApplication@5f088e5a
reloadAllAccessors: .Expression9

===========================================================================================
----------------- testing Thu Jun 14 22:45:43 UTC 2018 /home/travis/build/icyphy/ptII/ptolemy/actor/lib/test/auto/ExpressionConcatenateArrayType.xml
----------------- Instantiating /home/travis/build/icyphy/ptII/ptolemy/actor/lib/test/auto/ExpressionConcatenateArrayType.xml
2 ms. Memory: 1112576K Free: 79107K (7%)
----------------- Invoking toplevel() on ptolemy.moml.MoMLSimpleApplication@b4ad87f
----------------- Done invoking toplevel() on ptolemy.moml.MoMLSimpleApplication@b4ad87f
reloadAllAccessors: .ExpressionConcatenateArrayType

===========================================================================================
----------------- testing Thu Jun 14 22:45:43 UTC 2018 /home/travis/build/icyphy/ptII/ptolemy/actor/lib/test/auto/ExpressionConcatenateArrayType2.xml
----------------- Instantiating /home/travis/build/icyphy/ptII/ptolemy/actor/lib/test/auto/ExpressionConcatenateArrayType2.xml
2 ms. Memory: 1242112K Free: 1190855K (96%)
----------------- Invoking toplevel() on ptolemy.moml.MoMLSimpleApplication@68faa0e7
----------------- Done invoking toplevel() on ptolemy.moml.MoMLSimpleApplication@68faa0e7
reloadAllAccessors: .ExpressionConcatenateArrayType2

===========================================================================================
----------------- testing Thu Jun 14 22:45:43 UTC 2018 /home/travis/build/icyphy/ptII/ptolemy/actor/lib/test/auto/ExpressionFix.xml
----------------- Instantiating /home/travis/build/icyphy/ptII/ptolemy/actor/lib/test/auto/ExpressionFix.xml
10 ms. Memory: 1242112K Free: 1172985K (94%)
----------------- Invoking toplevel() on ptolemy.moml.MoMLSimpleApplication@ad62b32
----------------- Done invoking toplevel() on ptolemy.moml.MoMLSimpleApplication@ad62b32
reloadAllAccessors: .ExpressionFix

===========================================================================================
----------------- testing Thu Jun 14 22:45:43 UTC 2018 /home/travis/build/icyphy/ptII/ptolemy/actor/lib/test/auto/ExpressionFix2.xml
----------------- Instantiating /home/travis/build/icyphy/ptII/ptolemy/actor/lib/test/auto/ExpressionFix2.xml
2 ms. Memory: 1242112K Free: 1161573K (94%)
----------------- Invoking toplevel() on ptolemy.moml.MoMLSimpleApplication@25c4c1c7
----------------- Done invoking toplevel() on ptolemy.moml.MoMLSimpleApplication@25c4c1c7
reloadAllAccessors: .ExpressionFix2

===========================================================================================
----------------- testing Thu Jun 14 22:45:43 UTC 2018 /home/travis/build/icyphy/ptII/ptolemy/actor/lib/test/auto/ExpressionFix3.xml
----------------- Instantiating /home/travis/build/icyphy/ptII/ptolemy/actor/lib/test/auto/ExpressionFix3.xml
2 ms. Memory: 1242112K Free: 1143703K (92%)
----------------- Invoking toplevel() on ptolemy.moml.MoMLSimpleApplication@295bda70
----------------- Done invoking toplevel() on ptolemy.moml.MoMLSimpleApplication@295bda70
reloadAllAccessors: .ExpressionFix3

===========================================================================================
----------------- testing Thu Jun 14 22:45:43 UTC 2018 /home/travis/build/icyphy/ptII/ptolemy/actor/lib/test/auto/FileWriter1.xml
----------------- Instantiating /home/travis/build/icyphy/ptII/ptolemy/actor/lib/test/auto/FileWriter1.xml
2 ms. Memory: 1242112K Free: 1132290K (91%)
----------------- Invoking toplevel() on ptolemy.moml.MoMLSimpleApplication@58aa189
----------------- Done invoking toplevel() on ptolemy.moml.MoMLSimpleApplication@58aa189
reloadAllAccessors: .FileWriter1

===========================================================================================
----------------- testing Thu Jun 14 22:45:43 UTC 2018 /home/travis/build/icyphy/ptII/ptolemy/actor/lib/test/auto/FileWriter2.xml
----------------- Instantiating /home/travis/build/icyphy/ptII/ptolemy/actor/lib/test/auto/FileWriter2.xml
3 ms. Memory: 1242112K Free: 1120878K (90%)
----------------- Invoking toplevel() on ptolemy.moml.MoMLSimpleApplication@76494aa1
----------------- Done invoking toplevel() on ptolemy.moml.MoMLSimpleApplication@76494aa1
reloadAllAccessors: .FileWriter2

===========================================================================================
----------------- testing Thu Jun 14 22:45:43 UTC 2018 /home/travis/build/icyphy/ptII/ptolemy/actor/lib/test/auto/FileWriter3.xml
----------------- Instantiating /home/travis/build/icyphy/ptII/ptolemy/actor/lib/test/auto/FileWriter3.xml
4 ms. Memory: 1242112K Free: 1103008K (89%)
----------------- Invoking toplevel() on ptolemy.moml.MoMLSimpleApplication@9b3aa11
----------------- Done invoking toplevel() on ptolemy.moml.MoMLSimpleApplication@9b3aa11
reloadAllAccessors: .FileWriter3

===========================================================================================
----------------- testing Thu Jun 14 22:45:43 UTC 2018 /home/travis/build/icyphy/ptII/ptolemy/actor/lib/test/auto/Gaussian.xml
----------------- Instantiating /home/travis/build/icyphy/ptII/ptolemy/actor/lib/test/auto/Gaussian.xml
2 ms. Memory: 1242112K Free: 1091595K (88%)
----------------- Invoking toplevel() on ptolemy.moml.MoMLSimpleApplication@237738ac
----------------- Done invoking toplevel() on ptolemy.moml.MoMLSimpleApplication@237738ac
reloadAllAccessors: .Gaussian

===========================================================================================
----------------- testing Thu Jun 14 22:45:43 UTC 2018 /home/travis/build/icyphy/ptII/ptolemy/actor/lib/test/auto/Gaussian1.xml
----------------- Instantiating /home/travis/build/icyphy/ptII/ptolemy/actor/lib/test/auto/Gaussian1.xml
2 ms. Memory: 1242112K Free: 1080183K (87%)
----------------- Invoking toplevel() on ptolemy.moml.MoMLSimpleApplication@621d4c5
----------------- Done invoking toplevel() on ptolemy.moml.MoMLSimpleApplication@621d4c5
reloadAllAccessors: .Gaussian1

===========================================================================================
----------------- testing Thu Jun 14 22:45:43 UTC 2018 /home/travis/build/icyphy/ptII/ptolemy/actor/lib/test/auto/Gaussian2.xml
----------------- Instantiating /home/travis/build/icyphy/ptII/ptolemy/actor/lib/test/auto/Gaussian2.xml
2 ms. Memory: 1242112K Free: 1062312K (86%)
----------------- Invoking toplevel() on ptolemy.moml.MoMLSimpleApplication@1978ad39
----------------- Done invoking toplevel() on ptolemy.moml.MoMLSimpleApplication@1978ad39
reloadAllAccessors: .Gaussian2

===========================================================================================
----------------- testing Thu Jun 14 22:45:43 UTC 2018 /home/travis/build/icyphy/ptII/ptolemy/actor/lib/test/auto/GradientAdaptiveLattice.xml
----------------- Instantiating /home/travis/build/icyphy/ptII/ptolemy/actor/lib/test/auto/GradientAdaptiveLattice.xml
5 ms. Memory: 1242112K Free: 1050900K (85%)
----------------- Invoking toplevel() on ptolemy.moml.MoMLSimpleApplication@4c6ac6e5
----------------- Done invoking toplevel() on ptolemy.moml.MoMLSimpleApplication@4c6ac6e5
reloadAllAccessors: .GradientAdaptiveLattice

===========================================================================================
----------------- testing Thu Jun 14 22:45:43 UTC 2018 /home/travis/build/icyphy/ptII/ptolemy/actor/lib/test/auto/IIR.xml
----------------- Instantiating /home/travis/build/icyphy/ptII/ptolemy/actor/lib/test/auto/IIR.xml
3 ms. Memory: 1242112K Free: 1039487K (84%)
----------------- Invoking toplevel() on ptolemy.moml.MoMLSimpleApplication@658dd909
----------------- Done invoking toplevel() on ptolemy.moml.MoMLSimpleApplication@658dd909
reloadAllAccessors: .IIR

===========================================================================================
----------------- testing Thu Jun 14 22:45:43 UTC 2018 /home/travis/build/icyphy/ptII/ptolemy/actor/lib/test/auto/InputOutputTransparentPorts.xml
----------------- Instantiating /home/travis/build/icyphy/ptII/ptolemy/actor/lib/test/auto/InputOutputTransparentPorts.xml
1 ms. Memory: 1242112K Free: 1015910K (82%)
----------------- Invoking toplevel() on ptolemy.moml.MoMLSimpleApplication@3d11c263
----------------- Done invoking toplevel() on ptolemy.moml.MoMLSimpleApplication@3d11c263
reloadAllAccessors: .InputOutputTransparentPorts

===========================================================================================
----------------- testing Thu Jun 14 22:45:43 UTC 2018 /home/travis/build/icyphy/ptII/ptolemy/actor/lib/test/auto/Interpolator.xml
----------------- Instantiating /home/travis/build/icyphy/ptII/ptolemy/actor/lib/test/auto/Interpolator.xml
5 ms. Memory: 1242112K Free: 1004498K (81%)
----------------- Invoking toplevel() on ptolemy.moml.MoMLSimpleApplication@31bc6b08
----------------- Done invoking toplevel() on ptolemy.moml.MoMLSimpleApplication@31bc6b08
reloadAllAccessors: .Interpolator

===========================================================================================
----------------- testing Thu Jun 14 22:45:43 UTC 2018 /home/travis/build/icyphy/ptII/ptolemy/actor/lib/test/auto/InterpolatorFiringLimitDE.xml
----------------- Instantiating /home/travis/build/icyphy/ptII/ptolemy/actor/lib/test/auto/InterpolatorFiringLimitDE.xml
2 ms. Memory: 1242112K Free: 993085K (80%)
----------------- Invoking toplevel() on ptolemy.moml.MoMLSimpleApplication@415525a8
----------------- Done invoking toplevel() on ptolemy.moml.MoMLSimpleApplication@415525a8
reloadAllAccessors: .InterpolatorFiringLimitDE

===========================================================================================
----------------- testing Thu Jun 14 22:45:43 UTC 2018 /home/travis/build/icyphy/ptII/ptolemy/actor/lib/test/auto/Lattice.xml
----------------- Instantiating /home/travis/build/icyphy/ptII/ptolemy/actor/lib/test/auto/Lattice.xml
1 ms. Memory: 1242112K Free: 975215K (79%)
----------------- Invoking toplevel() on ptolemy.moml.MoMLSimpleApplication@aed9515
----------------- Done invoking toplevel() on ptolemy.moml.MoMLSimpleApplication@aed9515
reloadAllAccessors: .Lattice

===========================================================================================
----------------- testing Thu Jun 14 22:45:43 UTC 2018 /home/travis/build/icyphy/ptII/ptolemy/actor/lib/test/auto/LazyAOCTestLazy.xml
----------------- Instantiating /home/travis/build/icyphy/ptII/ptolemy/actor/lib/test/auto/LazyAOCTestLazy.xml
9 ms. Memory: 1242112K Free: 963803K (78%)
----------------- Invoking toplevel() on ptolemy.moml.MoMLSimpleApplication@5a4f06b0
----------------- Done invoking toplevel() on ptolemy.moml.MoMLSimpleApplication@5a4f06b0
reloadAllAccessors: .LazyAOCTestLazy

===========================================================================================
----------------- testing Thu Jun 14 22:45:43 UTC 2018 /home/travis/build/icyphy/ptII/ptolemy/actor/lib/test/auto/LazyAOCTestNonLazy.xml
----------------- Instantiating /home/travis/build/icyphy/ptII/ptolemy/actor/lib/test/auto/LazyAOCTestNonLazy.xml
10 ms. Memory: 1242112K Free: 945933K (76%)
----------------- Invoking toplevel() on ptolemy.moml.MoMLSimpleApplication@3d02b890
----------------- Done invoking toplevel() on ptolemy.moml.MoMLSimpleApplication@3d02b890
reloadAllAccessors: .LazyAOCTestNonLazy

===========================================================================================
----------------- testing Thu Jun 14 22:45:43 UTC 2018 /home/travis/build/icyphy/ptII/ptolemy/actor/lib/test/auto/LazyInnerClass.xml
----------------- Instantiating /home/travis/build/icyphy/ptII/ptolemy/actor/lib/test/auto/LazyInnerClass.xml
28 ms. Memory: 1242112K Free: 934520K (75%)
----------------- Invoking toplevel() on ptolemy.moml.MoMLSimpleApplication@575abd24
----------------- Done invoking toplevel() on ptolemy.moml.MoMLSimpleApplication@575abd24
reloadAllAccessors: .LazyInnerClass

===========================================================================================
----------------- testing Thu Jun 14 22:45:43 UTC 2018 /home/travis/build/icyphy/ptII/ptolemy/actor/lib/test/auto/LazyPubSub.xml
----------------- Instantiating /home/travis/build/icyphy/ptII/ptolemy/actor/lib/test/auto/LazyPubSub.xml
24 ms. Memory: 1242112K Free: 923108K (74%)
----------------- Invoking toplevel() on ptolemy.moml.MoMLSimpleApplication@5778b238
----------------- Done invoking toplevel() on ptolemy.moml.MoMLSimpleApplication@5778b238
reloadAllAccessors: .LazyPubSub

===========================================================================================
----------------- testing Thu Jun 14 22:45:44 UTC 2018 /home/travis/build/icyphy/ptII/ptolemy/actor/lib/test/auto/LazyPubSub2.xml
----------------- Instantiating /home/travis/build/icyphy/ptII/ptolemy/actor/lib/test/auto/LazyPubSub2.xml
30 ms. Memory: 1242112K Free: 905237K (73%)
----------------- Invoking toplevel() on ptolemy.moml.MoMLSimpleApplication@34cd139f
----------------- Done invoking toplevel() on ptolemy.moml.MoMLSimpleApplication@34cd139f
reloadAllAccessors: .LazyPubSub2

===========================================================================================
----------------- testing Thu Jun 14 22:45:44 UTC 2018 /home/travis/build/icyphy/ptII/ptolemy/actor/lib/test/auto/LazyPubSub3.xml
----------------- Instantiating /home/travis/build/icyphy/ptII/ptolemy/actor/lib/test/auto/LazyPubSub3.xml
17 ms. Memory: 1242112K Free: 893825K (72%)
----------------- Invoking toplevel() on ptolemy.moml.MoMLSimpleApplication@1733268e
----------------- Done invoking toplevel() on ptolemy.moml.MoMLSimpleApplication@1733268e
reloadAllAccessors: .LazyPubSub3

===========================================================================================
----------------- testing Thu Jun 14 22:45:44 UTC 2018 /home/travis/build/icyphy/ptII/ptolemy/actor/lib/test/auto/LazySubClassModel.xml
----------------- Instantiating /home/travis/build/icyphy/ptII/ptolemy/actor/lib/test/auto/LazySubClassModel.xml
2 ms. Memory: 1242112K Free: 876690K (71%)
----------------- Invoking toplevel() on ptolemy.moml.MoMLSimpleApplication@fcb3880
----------------- Done invoking toplevel() on ptolemy.moml.MoMLSimpleApplication@fcb3880
reloadAllAccessors: .LazySubClassModel

===========================================================================================
----------------- testing Thu Jun 14 22:45:44 UTC 2018 /home/travis/build/icyphy/ptII/ptolemy/actor/lib/test/auto/LevelCrossTest1.xml
----------------- Instantiating /home/travis/build/icyphy/ptII/ptolemy/actor/lib/test/auto/LevelCrossTest1.xml
2 ms. Memory: 1242112K Free: 858820K (69%)
----------------- Invoking toplevel() on ptolemy.moml.MoMLSimpleApplication@3408d175
----------------- Done invoking toplevel() on ptolemy.moml.MoMLSimpleApplication@3408d175
reloadAllAccessors: .broken

===========================================================================================
----------------- testing Thu Jun 14 22:45:44 UTC 2018 /home/travis/build/icyphy/ptII/ptolemy/actor/lib/test/auto/LevelCrossTest10.xml
----------------- Instantiating /home/travis/build/icyphy/ptII/ptolemy/actor/lib/test/auto/LevelCrossTest10.xml
1 ms. Memory: 1242112K Free: 847407K (68%)
----------------- Invoking toplevel() on ptolemy.moml.MoMLSimpleApplication@5ea88e55
----------------- Done invoking toplevel() on ptolemy.moml.MoMLSimpleApplication@5ea88e55
reloadAllAccessors: .LevelCrossTest10

===========================================================================================
----------------- testing Thu Jun 14 22:45:44 UTC 2018 /home/travis/build/icyphy/ptII/ptolemy/actor/lib/test/auto/LevelCrossTest11.xml
----------------- Instantiating /home/travis/build/icyphy/ptII/ptolemy/actor/lib/test/auto/LevelCrossTest11.xml
1 ms. Memory: 1242112K Free: 835995K (67%)
----------------- Invoking toplevel() on ptolemy.moml.MoMLSimpleApplication@58e199c0
----------------- Done invoking toplevel() on ptolemy.moml.MoMLSimpleApplication@58e199c0
reloadAllAccessors: .LevelCrossTest11

===========================================================================================
----------------- testing Thu Jun 14 22:45:44 UTC 2018 /home/travis/build/icyphy/ptII/ptolemy/actor/lib/test/auto/LevelCrossTest12.xml
----------------- Instantiating /home/travis/build/icyphy/ptII/ptolemy/actor/lib/test/auto/LevelCrossTest12.xml
1 ms. Memory: 1242112K Free: 818124K (66%)
----------------- Invoking toplevel() on ptolemy.moml.MoMLSimpleApplication@6a2d5169
----------------- Done invoking toplevel() on ptolemy.moml.MoMLSimpleApplication@6a2d5169
reloadAllAccessors: .LevelCrossTest12

===========================================================================================
----------------- testing Thu Jun 14 22:45:44 UTC 2018 /home/travis/build/icyphy/ptII/ptolemy/actor/lib/test/auto/LevelCrossTest13.xml
----------------- Instantiating /home/travis/build/icyphy/ptII/ptolemy/actor/lib/test/auto/LevelCrossTest13.xml
1 ms. Memory: 1242112K Free: 800989K (64%)
----------------- Invoking toplevel() on ptolemy.moml.MoMLSimpleApplication@52ba602b
----------------- Done invoking toplevel() on ptolemy.moml.MoMLSimpleApplication@52ba602b
reloadAllAccessors: .LevelCrossTest13

===========================================================================================
----------------- testing Thu Jun 14 22:45:44 UTC 2018 /home/travis/build/icyphy/ptII/ptolemy/actor/lib/test/auto/LevelCrossTest2.xml
----------------- Instantiating /home/travis/build/icyphy/ptII/ptolemy/actor/lib/test/auto/LevelCrossTest2.xml
1 ms. Memory: 1242112K Free: 789577K (64%)
----------------- Invoking toplevel() on ptolemy.moml.MoMLSimpleApplication@69c9a86
----------------- Done invoking toplevel() on ptolemy.moml.MoMLSimpleApplication@69c9a86
reloadAllAccessors: .broken

===========================================================================================
----------------- testing Thu Jun 14 22:45:44 UTC 2018 /home/travis/build/icyphy/ptII/ptolemy/actor/lib/test/auto/LevelCrossTest3.xml
----------------- Instantiating /home/travis/build/icyphy/ptII/ptolemy/actor/lib/test/auto/LevelCrossTest3.xml
1 ms. Memory: 1242112K Free: 771707K (62%)
----------------- Invoking toplevel() on ptolemy.moml.MoMLSimpleApplication@22cbc3e4
----------------- Done invoking toplevel() on ptolemy.moml.MoMLSimpleApplication@22cbc3e4
reloadAllAccessors: .LevelCrossTest3

===========================================================================================
----------------- testing Thu Jun 14 22:45:44 UTC 2018 /home/travis/build/icyphy/ptII/ptolemy/actor/lib/test/auto/LevelCrossTest4.xml
----------------- Instantiating /home/travis/build/icyphy/ptII/ptolemy/actor/lib/test/auto/LevelCrossTest4.xml
1 ms. Memory: 1242112K Free: 760294K (61%)
----------------- Invoking toplevel() on ptolemy.moml.MoMLSimpleApplication@4789d5a
----------------- Done invoking toplevel() on ptolemy.moml.MoMLSimpleApplication@4789d5a
reloadAllAccessors: .broken

===========================================================================================
----------------- testing Thu Jun 14 22:45:44 UTC 2018 /home/travis/build/icyphy/ptII/ptolemy/actor/lib/test/auto/LevelCrossTest5.xml
----------------- Instantiating /home/travis/build/icyphy/ptII/ptolemy/actor/lib/test/auto/LevelCrossTest5.xml
2 ms. Memory: 1242112K Free: 742424K (60%)
----------------- Invoking toplevel() on ptolemy.moml.MoMLSimpleApplication@83e1c3b
----------------- Done invoking toplevel() on ptolemy.moml.MoMLSimpleApplication@83e1c3b
reloadAllAccessors: .LevelCrossTest5

===========================================================================================
----------------- testing Thu Jun 14 22:45:44 UTC 2018 /home/travis/build/icyphy/ptII/ptolemy/actor/lib/test/auto/LevelCrossTest6.xml
----------------- Instantiating /home/travis/build/icyphy/ptII/ptolemy/actor/lib/test/auto/LevelCrossTest6.xml
1 ms. Memory: 1242112K Free: 731011K (59%)
----------------- Invoking toplevel() on ptolemy.moml.MoMLSimpleApplication@48037958
----------------- Done invoking toplevel() on ptolemy.moml.MoMLSimpleApplication@48037958
reloadAllAccessors: .LevelCrossTest6

===========================================================================================
----------------- testing Thu Jun 14 22:45:44 UTC 2018 /home/travis/build/icyphy/ptII/ptolemy/actor/lib/test/auto/LevelCrossTest7.xml
----------------- Instantiating /home/travis/build/icyphy/ptII/ptolemy/actor/lib/test/auto/LevelCrossTest7.xml
1 ms. Memory: 1242112K Free: 713885K (57%)
----------------- Invoking toplevel() on ptolemy.moml.MoMLSimpleApplication@4cf8a1ee
----------------- Done invoking toplevel() on ptolemy.moml.MoMLSimpleApplication@4cf8a1ee
reloadAllAccessors: .LevelCrossTest7

===========================================================================================
----------------- testing Thu Jun 14 22:45:44 UTC 2018 /home/travis/build/icyphy/ptII/ptolemy/actor/lib/test/auto/LevelCrossTest8.xml
----------------- Instantiating /home/travis/build/icyphy/ptII/ptolemy/actor/lib/test/auto/LevelCrossTest8.xml
1 ms. Memory: 1242112K Free: 696014K (56%)
----------------- Invoking toplevel() on ptolemy.moml.MoMLSimpleApplication@34fd8fd8
----------------- Done invoking toplevel() on ptolemy.moml.MoMLSimpleApplication@34fd8fd8
reloadAllAccessors: .LevelCrossTest8

===========================================================================================
----------------- testing Thu Jun 14 22:45:44 UTC 2018 /home/travis/build/icyphy/ptII/ptolemy/actor/lib/test/auto/LevelCrossTest9.xml
----------------- Instantiating /home/travis/build/icyphy/ptII/ptolemy/actor/lib/test/auto/LevelCrossTest9.xml
2 ms. Memory: 1242112K Free: 684602K (55%)
----------------- Invoking toplevel() on ptolemy.moml.MoMLSimpleApplication@5de42553
----------------- Done invoking toplevel() on ptolemy.moml.MoMLSimpleApplication@5de42553
reloadAllAccessors: .LevelCrossTest9

===========================================================================================
----------------- testing Thu Jun 14 22:45:44 UTC 2018 /home/travis/build/icyphy/ptII/ptolemy/actor/lib/test/auto/LevinsonDurbin.xml
----------------- Instantiating /home/travis/build/icyphy/ptII/ptolemy/actor/lib/test/auto/LevinsonDurbin.xml
2 ms. Memory: 1242112K Free: 673189K (54%)
----------------- Invoking toplevel() on ptolemy.moml.MoMLSimpleApplication@66e03779
----------------- Done invoking toplevel() on ptolemy.moml.MoMLSimpleApplication@66e03779
reloadAllAccessors: .LevinsonDurbin

===========================================================================================
----------------- testing Thu Jun 14 22:45:44 UTC 2018 /home/travis/build/icyphy/ptII/ptolemy/actor/lib/test/auto/LevinsonDurbin2.xml
----------------- Instantiating /home/travis/build/icyphy/ptII/ptolemy/actor/lib/test/auto/LevinsonDurbin2.xml
1 ms. Memory: 1242112K Free: 655319K (53%)
----------------- Invoking toplevel() on ptolemy.moml.MoMLSimpleApplication@d6b0437
----------------- Done invoking toplevel() on ptolemy.moml.MoMLSimpleApplication@d6b0437
reloadAllAccessors: .LevinsonDurbin2

===========================================================================================
----------------- testing Thu Jun 14 22:45:44 UTC 2018 /home/travis/build/icyphy/ptII/ptolemy/actor/lib/test/auto/LevinsonDurbin3.xml
----------------- Instantiating /home/travis/build/icyphy/ptII/ptolemy/actor/lib/test/auto/LevinsonDurbin3.xml
1 ms. Memory: 1242112K Free: 643907K (52%)
----------------- Invoking toplevel() on ptolemy.moml.MoMLSimpleApplication@677b6d7d
----------------- Done invoking toplevel() on ptolemy.moml.MoMLSimpleApplication@677b6d7d
reloadAllAccessors: .LevinsonDurbin3

===========================================================================================
----------------- testing Thu Jun 14 22:45:44 UTC 2018 /home/travis/build/icyphy/ptII/ptolemy/actor/lib/test/auto/Limiter.xml
----------------- Instantiating /home/travis/build/icyphy/ptII/ptolemy/actor/lib/test/auto/Limiter.xml
5 ms. Memory: 1242112K Free: 626772K (50%)
----------------- Invoking toplevel() on ptolemy.moml.MoMLSimpleApplication@226f2376
----------------- Done invoking toplevel() on ptolemy.moml.MoMLSimpleApplication@226f2376
reloadAllAccessors: .Limiter

===========================================================================================
----------------- testing Thu Jun 14 22:45:44 UTC 2018 /home/travis/build/icyphy/ptII/ptolemy/actor/lib/test/auto/LinearDifferenceEquationSystem.xml
----------------- Instantiating /home/travis/build/icyphy/ptII/ptolemy/actor/lib/test/auto/LinearDifferenceEquationSystem.xml
3 ms. Memory: 1242112K Free: 608901K (49%)
----------------- Invoking toplevel() on ptolemy.moml.MoMLSimpleApplication@28403366
----------------- Done invoking toplevel() on ptolemy.moml.MoMLSimpleApplication@28403366
reloadAllAccessors: .LinearDifferenceEquationSystem

===========================================================================================
----------------- testing Thu Jun 14 22:45:44 UTC 2018 /home/travis/build/icyphy/ptII/ptolemy/actor/lib/test/auto/LookupTable.xml
----------------- Instantiating /home/travis/build/icyphy/ptII/ptolemy/actor/lib/test/auto/LookupTable.xml
1 ms. Memory: 1242112K Free: 597489K (48%)
----------------- Invoking toplevel() on ptolemy.moml.MoMLSimpleApplication@46860c59
----------------- Done invoking toplevel() on ptolemy.moml.MoMLSimpleApplication@46860c59
reloadAllAccessors: .LookupTable

===========================================================================================
----------------- testing Thu Jun 14 22:45:44 UTC 2018 /home/travis/build/icyphy/ptII/ptolemy/actor/lib/test/auto/MathFunction.xml
----------------- Instantiating /home/travis/build/icyphy/ptII/ptolemy/actor/lib/test/auto/MathFunction.xml
2 ms. Memory: 1242112K Free: 580362K (47%)
----------------- Invoking toplevel() on ptolemy.moml.MoMLSimpleApplication@581c878e
----------------- Done invoking toplevel() on ptolemy.moml.MoMLSimpleApplication@581c878e
reloadAllAccessors: .MathFunction

===========================================================================================
----------------- testing Thu Jun 14 22:45:44 UTC 2018 /home/travis/build/icyphy/ptII/ptolemy/actor/lib/test/auto/MathFunction2.xml
----------------- Instantiating /home/travis/build/icyphy/ptII/ptolemy/actor/lib/test/auto/MathFunction2.xml
1 ms. Memory: 1242112K Free: 562492K (45%)
----------------- Invoking toplevel() on ptolemy.moml.MoMLSimpleApplication@6ead203d
----------------- Done invoking toplevel() on ptolemy.moml.MoMLSimpleApplication@6ead203d
reloadAllAccessors: .MathFunction2

===========================================================================================
----------------- testing Thu Jun 14 22:45:44 UTC 2018 /home/travis/build/icyphy/ptII/ptolemy/actor/lib/test/auto/MathFunction3.xml
----------------- Instantiating /home/travis/build/icyphy/ptII/ptolemy/actor/lib/test/auto/MathFunction3.xml
3 ms. Memory: 1242112K Free: 551079K (44%)
----------------- Invoking toplevel() on ptolemy.moml.MoMLSimpleApplication@7c21bca0
----------------- Done invoking toplevel() on ptolemy.moml.MoMLSimpleApplication@7c21bca0
reloadAllAccessors: .MathFunction3

===========================================================================================
----------------- testing Thu Jun 14 22:45:44 UTC 2018 /home/travis/build/icyphy/ptII/ptolemy/actor/lib/test/auto/MatrixCropBoolean.xml
----------------- Instantiating /home/travis/build/icyphy/ptII/ptolemy/actor/lib/test/auto/MatrixCropBoolean.xml
9 ms. Memory: 1242112K Free: 533209K (43%)
----------------- Invoking toplevel() on ptolemy.moml.MoMLSimpleApplication@412445b9
----------------- Done invoking toplevel() on ptolemy.moml.MoMLSimpleApplication@412445b9
reloadAllAccessors: .MatrixCropBoolean

===========================================================================================
----------------- testing Thu Jun 14 22:45:44 UTC 2018 /home/travis/build/icyphy/ptII/ptolemy/actor/lib/test/auto/MatrixCropComplex.xml
----------------- Instantiating /home/travis/build/icyphy/ptII/ptolemy/actor/lib/test/auto/MatrixCropComplex.xml
2 ms. Memory: 1242112K Free: 521797K (42%)
----------------- Invoking toplevel() on ptolemy.moml.MoMLSimpleApplication@44356459
----------------- Done invoking toplevel() on ptolemy.moml.MoMLSimpleApplication@44356459
reloadAllAccessors: .MatrixCropComplex

===========================================================================================
----------------- testing Thu Jun 14 22:45:44 UTC 2018 /home/travis/build/icyphy/ptII/ptolemy/actor/lib/test/auto/MatrixCropDouble.xml
----------------- Instantiating /home/travis/build/icyphy/ptII/ptolemy/actor/lib/test/auto/MatrixCropDouble.xml
3 ms. Memory: 1242112K Free: 510384K (41%)
----------------- Invoking toplevel() on ptolemy.moml.MoMLSimpleApplication@5908482a
----------------- Done invoking toplevel() on ptolemy.moml.MoMLSimpleApplication@5908482a
reloadAllAccessors: .MatrixCropDouble

===========================================================================================
----------------- testing Thu Jun 14 22:45:44 UTC 2018 /home/travis/build/icyphy/ptII/ptolemy/actor/lib/test/auto/MatrixCropFix.xml
----------------- Instantiating /home/travis/build/icyphy/ptII/ptolemy/actor/lib/test/auto/MatrixCropFix.xml
2 ms. Memory: 1242112K Free: 492514K (40%)
----------------- Invoking toplevel() on ptolemy.moml.MoMLSimpleApplication@208169d5
----------------- Done invoking toplevel() on ptolemy.moml.MoMLSimpleApplication@208169d5
reloadAllAccessors: .MatrixCropFix

===========================================================================================
----------------- testing Thu Jun 14 22:45:44 UTC 2018 /home/travis/build/icyphy/ptII/ptolemy/actor/lib/test/auto/MatrixCropInt.xml
----------------- Instantiating /home/travis/build/icyphy/ptII/ptolemy/actor/lib/test/auto/MatrixCropInt.xml
3 ms. Memory: 1242112K Free: 481102K (39%)
----------------- Invoking toplevel() on ptolemy.moml.MoMLSimpleApplication@7e797027
----------------- Done invoking toplevel() on ptolemy.moml.MoMLSimpleApplication@7e797027
reloadAllAccessors: .MatrixCropInt

===========================================================================================
----------------- testing Thu Jun 14 22:45:44 UTC 2018 /home/travis/build/icyphy/ptII/ptolemy/actor/lib/test/auto/MatrixCropLong.xml
----------------- Instantiating /home/travis/build/icyphy/ptII/ptolemy/actor/lib/test/auto/MatrixCropLong.xml
2 ms. Memory: 1242112K Free: 469689K (38%)
----------------- Invoking toplevel() on ptolemy.moml.MoMLSimpleApplication@317afcdb
----------------- Done invoking toplevel() on ptolemy.moml.MoMLSimpleApplication@317afcdb
reloadAllAccessors: .MatrixCropLong

===========================================================================================
----------------- testing Thu Jun 14 22:45:44 UTC 2018 /home/travis/build/icyphy/ptII/ptolemy/actor/lib/test/auto/MatrixToArray.xml
----------------- Instantiating /home/travis/build/icyphy/ptII/ptolemy/actor/lib/test/auto/MatrixToArray.xml
13 ms. Memory: 1242112K Free: 440375K (35%)
----------------- Invoking toplevel() on ptolemy.moml.MoMLSimpleApplication@32d01dea
----------------- Done invoking toplevel() on ptolemy.moml.MoMLSimpleApplication@32d01dea
reloadAllAccessors: .MatrixToArray

===========================================================================================
----------------- testing Thu Jun 14 22:45:44 UTC 2018 /home/travis/build/icyphy/ptII/ptolemy/actor/lib/test/auto/MaxIndex.xml
----------------- Instantiating /home/travis/build/icyphy/ptII/ptolemy/actor/lib/test/auto/MaxIndex.xml
2 ms. Memory: 1242112K Free: 428963K (35%)
----------------- Invoking toplevel() on ptolemy.moml.MoMLSimpleApplication@73237f13
----------------- Done invoking toplevel() on ptolemy.moml.MoMLSimpleApplication@73237f13
reloadAllAccessors: .MaxIndex

===========================================================================================
----------------- testing Thu Jun 14 22:45:44 UTC 2018 /home/travis/build/icyphy/ptII/ptolemy/actor/lib/test/auto/Maximum.xml
----------------- Instantiating /home/travis/build/icyphy/ptII/ptolemy/actor/lib/test/auto/Maximum.xml
3 ms. Memory: 1242112K Free: 417550K (34%)
----------------- Invoking toplevel() on ptolemy.moml.MoMLSimpleApplication@130f0c8f
----------------- Done invoking toplevel() on ptolemy.moml.MoMLSimpleApplication@130f0c8f
reloadAllAccessors: .Maximum

===========================================================================================
----------------- testing Thu Jun 14 22:45:44 UTC 2018 /home/travis/build/icyphy/ptII/ptolemy/actor/lib/test/auto/MaximumComplex.xml
----------------- Instantiating /home/travis/build/icyphy/ptII/ptolemy/actor/lib/test/auto/MaximumComplex.xml
7 ms. Memory: 1242112K Free: 399680K (32%)
----------------- Invoking toplevel() on ptolemy.moml.MoMLSimpleApplication@46e0037e
----------------- Done invoking toplevel() on ptolemy.moml.MoMLSimpleApplication@46e0037e
reloadAllAccessors: .MaximumComplex

===========================================================================================
----------------- testing Thu Jun 14 22:45:44 UTC 2018 /home/travis/build/icyphy/ptII/ptolemy/actor/lib/test/auto/MethodCallTest.xml
----------------- Instantiating /home/travis/build/icyphy/ptII/ptolemy/actor/lib/test/auto/MethodCallTest.xml
2 ms. Memory: 1242112K Free: 388268K (31%)
----------------- Invoking toplevel() on ptolemy.moml.MoMLSimpleApplication@53daa5dc
----------------- Done invoking toplevel() on ptolemy.moml.MoMLSimpleApplication@53daa5dc
reloadAllAccessors: .MethodCallTest

===========================================================================================
----------------- testing Thu Jun 14 22:45:44 UTC 2018 /home/travis/build/icyphy/ptII/ptolemy/actor/lib/test/auto/Minimum.xml
----------------- Instantiating /home/travis/build/icyphy/ptII/ptolemy/actor/lib/test/auto/Minimum.xml
2 ms. Memory: 1242112K Free: 370398K (30%)
----------------- Invoking toplevel() on ptolemy.moml.MoMLSimpleApplication@582268f8
----------------- Done invoking toplevel() on ptolemy.moml.MoMLSimpleApplication@582268f8
reloadAllAccessors: .Minimum

===========================================================================================
----------------- testing Thu Jun 14 22:45:44 UTC 2018 /home/travis/build/icyphy/ptII/ptolemy/actor/lib/test/auto/MinimumComplex.xml
----------------- Instantiating /home/travis/build/icyphy/ptII/ptolemy/actor/lib/test/auto/MinimumComplex.xml
6 ms. Memory: 1242112K Free: 358985K (29%)
----------------- Invoking toplevel() on ptolemy.moml.MoMLSimpleApplication@7d0329a7
----------------- Done invoking toplevel() on ptolemy.moml.MoMLSimpleApplication@7d0329a7
reloadAllAccessors: .MinimumComplex

===========================================================================================
----------------- testing Thu Jun 14 22:45:44 UTC 2018 /home/travis/build/icyphy/ptII/ptolemy/actor/lib/test/auto/MinimumMultiports.xml
----------------- Instantiating /home/travis/build/icyphy/ptII/ptolemy/actor/lib/test/auto/MinimumMultiports.xml
5 ms. Memory: 1242112K Free: 347573K (28%)
----------------- Invoking toplevel() on ptolemy.moml.MoMLSimpleApplication@124183dd
----------------- Done invoking toplevel() on ptolemy.moml.MoMLSimpleApplication@124183dd
reloadAllAccessors: .MinimumMultiports

===========================================================================================
----------------- testing Thu Jun 14 22:45:45 UTC 2018 /home/travis/build/icyphy/ptII/ptolemy/actor/lib/test/auto/ModifyDate.xml
----------------- Instantiating /home/travis/build/icyphy/ptII/ptolemy/actor/lib/test/auto/ModifyDate.xml
5 ms. Memory: 1242112K Free: 318266K (26%)
----------------- Invoking toplevel() on ptolemy.moml.MoMLSimpleApplication@4ba51ce8
----------------- Done invoking toplevel() on ptolemy.moml.MoMLSimpleApplication@4ba51ce8
reloadAllAccessors: .ModifyDate

===========================================================================================
----------------- testing Thu Jun 14 22:45:45 UTC 2018 /home/travis/build/icyphy/ptII/ptolemy/actor/lib/test/auto/ModifyDate2.xml
----------------- Instantiating /home/travis/build/icyphy/ptII/ptolemy/actor/lib/test/auto/ModifyDate2.xml
8 ms. Memory: 1242112K Free: 301147K (24%)
----------------- Invoking toplevel() on ptolemy.moml.MoMLSimpleApplication@140223dc
----------------- Done invoking toplevel() on ptolemy.moml.MoMLSimpleApplication@140223dc
reloadAllAccessors: .ModifyDate2

===========================================================================================
----------------- testing Thu Jun 14 22:45:45 UTC 2018 /home/travis/build/icyphy/ptII/ptolemy/actor/lib/test/auto/MovingAverage.xml
----------------- Instantiating /home/travis/build/icyphy/ptII/ptolemy/actor/lib/test/auto/MovingAverage.xml
2 ms. Memory: 1242112K Free: 289735K (23%)
----------------- Invoking toplevel() on ptolemy.moml.MoMLSimpleApplication@17e95a2d
----------------- Done invoking toplevel() on ptolemy.moml.MoMLSimpleApplication@17e95a2d
reloadAllAccessors: .MovingAverage

===========================================================================================
----------------- testing Thu Jun 14 22:45:45 UTC 2018 /home/travis/build/icyphy/ptII/ptolemy/actor/lib/test/auto/MovingMaximum.xml
----------------- Instantiating /home/travis/build/icyphy/ptII/ptolemy/actor/lib/test/auto/MovingMaximum.xml
2 ms. Memory: 1242112K Free: 271865K (22%)
----------------- Invoking toplevel() on ptolemy.moml.MoMLSimpleApplication@50c38319
----------------- Done invoking toplevel() on ptolemy.moml.MoMLSimpleApplication@50c38319
reloadAllAccessors: .MovingMaximum

===========================================================================================
----------------- testing Thu Jun 14 22:45:45 UTC 2018 /home/travis/build/icyphy/ptII/ptolemy/actor/lib/test/auto/MultipleLinksToSameRelation.xml
----------------- Instantiating /home/travis/build/icyphy/ptII/ptolemy/actor/lib/test/auto/MultipleLinksToSameRelation.xml
2 ms. Memory: 1242112K Free: 260452K (21%)
----------------- Invoking toplevel() on ptolemy.moml.MoMLSimpleApplication@5784477b
----------------- Done invoking toplevel() on ptolemy.moml.MoMLSimpleApplication@5784477b
reloadAllAccessors: .MultipleLinksToSameRelation

===========================================================================================
----------------- testing Thu Jun 14 22:45:45 UTC 2018 /home/travis/build/icyphy/ptII/ptolemy/actor/lib/test/auto/MultipleLinksToSameRelationDE.xml
----------------- Instantiating /home/travis/build/icyphy/ptII/ptolemy/actor/lib/test/auto/MultipleLinksToSameRelationDE.xml
7 ms. Memory: 1242112K Free: 249040K (20%)
----------------- Invoking toplevel() on ptolemy.moml.MoMLSimpleApplication@7b282815
----------------- Done invoking toplevel() on ptolemy.moml.MoMLSimpleApplication@7b282815
reloadAllAccessors: .MultipleLinksToSameRelationDE

===========================================================================================
----------------- testing Thu Jun 14 22:45:45 UTC 2018 /home/travis/build/icyphy/ptII/ptolemy/actor/lib/test/auto/Multiplexor.xml
----------------- Instantiating /home/travis/build/icyphy/ptII/ptolemy/actor/lib/test/auto/Multiplexor.xml
2 ms. Memory: 1242112K Free: 231170K (19%)
----------------- Invoking toplevel() on ptolemy.moml.MoMLSimpleApplication@44f33220
----------------- Done invoking toplevel() on ptolemy.moml.MoMLSimpleApplication@44f33220
reloadAllAccessors: .Multiplexor

===========================================================================================
----------------- testing Thu Jun 14 22:45:45 UTC 2018 /home/travis/build/icyphy/ptII/ptolemy/actor/lib/test/auto/Multiplexor1.xml
----------------- Instantiating /home/travis/build/icyphy/ptII/ptolemy/actor/lib/test/auto/Multiplexor1.xml
2 ms. Memory: 1242112K Free: 219757K (18%)
----------------- Invoking toplevel() on ptolemy.moml.MoMLSimpleApplication@39d40ae9
----------------- Done invoking toplevel() on ptolemy.moml.MoMLSimpleApplication@39d40ae9
reloadAllAccessors: .Multiplexor1

===========================================================================================
----------------- testing Thu Jun 14 22:45:45 UTC 2018 /home/travis/build/icyphy/ptII/ptolemy/actor/lib/test/auto/Multiplexor2.xml
----------------- Instantiating /home/travis/build/icyphy/ptII/ptolemy/actor/lib/test/auto/Multiplexor2.xml
3 ms. Memory: 1242112K Free: 201887K (16%)
----------------- Invoking toplevel() on ptolemy.moml.MoMLSimpleApplication@1954c306
----------------- Done invoking toplevel() on ptolemy.moml.MoMLSimpleApplication@1954c306
reloadAllAccessors: .Multiplexor2

===========================================================================================
----------------- testing Thu Jun 14 22:45:45 UTC 2018 /home/travis/build/icyphy/ptII/ptolemy/actor/lib/test/auto/Multiplexor3.xml
----------------- Instantiating /home/travis/build/icyphy/ptII/ptolemy/actor/lib/test/auto/Multiplexor3.xml
2 ms. Memory: 1242112K Free: 190475K (15%)
----------------- Invoking toplevel() on ptolemy.moml.MoMLSimpleApplication@5aff5ce3
----------------- Done invoking toplevel() on ptolemy.moml.MoMLSimpleApplication@5aff5ce3
reloadAllAccessors: .Multiplexor3

===========================================================================================
----------------- testing Thu Jun 14 22:45:45 UTC 2018 /home/travis/build/icyphy/ptII/ptolemy/actor/lib/test/auto/MultiplexorDE.xml
----------------- Instantiating /home/travis/build/icyphy/ptII/ptolemy/actor/lib/test/auto/MultiplexorDE.xml
2 ms. Memory: 1242112K Free: 173356K (14%)
----------------- Invoking toplevel() on ptolemy.moml.MoMLSimpleApplication@625516f2
----------------- Done invoking toplevel() on ptolemy.moml.MoMLSimpleApplication@625516f2
reloadAllAccessors: .MultiplexorDE

===========================================================================================
----------------- testing Thu Jun 14 22:45:45 UTC 2018 /home/travis/build/icyphy/ptII/ptolemy/actor/lib/test/auto/MultiportBroadcastTest.xml
----------------- Instantiating /home/travis/build/icyphy/ptII/ptolemy/actor/lib/test/auto/MultiportBroadcastTest.xml
59 ms. Memory: 1242112K Free: 155486K (13%)
----------------- Invoking toplevel() on ptolemy.moml.MoMLSimpleApplication@793eb479
----------------- Done invoking toplevel() on ptolemy.moml.MoMLSimpleApplication@793eb479
reloadAllAccessors: .MultiportBroadcastTest

===========================================================================================
----------------- testing Thu Jun 14 22:45:45 UTC 2018 /home/travis/build/icyphy/ptII/ptolemy/actor/lib/test/auto/MultiportOutHangDuringGetWidth.xml
----------------- Instantiating /home/travis/build/icyphy/ptII/ptolemy/actor/lib/test/auto/MultiportOutHangDuringGetWidth.xml
7 ms. Memory: 1242112K Free: 138351K (11%)
----------------- Invoking toplevel() on ptolemy.moml.MoMLSimpleApplication@2a9fa5e3
----------------- Done invoking toplevel() on ptolemy.moml.MoMLSimpleApplication@2a9fa5e3
reloadAllAccessors: .MultiportOutHangDuringGetWidth

===========================================================================================
----------------- testing Thu Jun 14 22:45:45 UTC 2018 /home/travis/build/icyphy/ptII/ptolemy/actor/lib/test/auto/NilToken.xml
----------------- Instantiating /home/travis/build/icyphy/ptII/ptolemy/actor/lib/test/auto/NilToken.xml
3 ms. Memory: 1242112K Free: 126939K (10%)
----------------- Invoking toplevel() on ptolemy.moml.MoMLSimpleApplication@4589d5c5
----------------- Done invoking toplevel() on ptolemy.moml.MoMLSimpleApplication@4589d5c5
reloadAllAccessors: .NilToken

===========================================================================================
----------------- testing Thu Jun 14 22:45:45 UTC 2018 /home/travis/build/icyphy/ptII/ptolemy/actor/lib/test/auto/NilTokenNonStrictTest.xml
----------------- Instantiating /home/travis/build/icyphy/ptII/ptolemy/actor/lib/test/auto/NilTokenNonStrictTest.xml
2 ms. Memory: 1242112K Free: 109069K (9%)
----------------- Invoking toplevel() on ptolemy.moml.MoMLSimpleApplication@6a09e16f
----------------- Done invoking toplevel() on ptolemy.moml.MoMLSimpleApplication@6a09e16f
reloadAllAccessors: .NilTokenNonStrictTest

===========================================================================================
----------------- testing Thu Jun 14 22:45:45 UTC 2018 /home/travis/build/icyphy/ptII/ptolemy/actor/lib/test/auto/NilTokenRecord.xml
----------------- Instantiating /home/travis/build/icyphy/ptII/ptolemy/actor/lib/test/auto/NilTokenRecord.xml
5 ms. Memory: 1242112K Free: 97656K (8%)
----------------- Invoking toplevel() on ptolemy.moml.MoMLSimpleApplication@2bf4e3ce
----------------- Done invoking toplevel() on ptolemy.moml.MoMLSimpleApplication@2bf4e3ce
reloadAllAccessors: .NilTokenRecord

===========================================================================================
----------------- testing Thu Jun 14 22:45:45 UTC 2018 /home/travis/build/icyphy/ptII/ptolemy/actor/lib/test/auto/NilTokenTypeTest.xml
----------------- Instantiating /home/travis/build/icyphy/ptII/ptolemy/actor/lib/test/auto/NilTokenTypeTest.xml
8 ms. Memory: 1242112K Free: 80529K (6%)
----------------- Invoking toplevel() on ptolemy.moml.MoMLSimpleApplication@3977e526
----------------- Done invoking toplevel() on ptolemy.moml.MoMLSimpleApplication@3977e526
reloadAllAccessors: .NilTokenTypeTest

===========================================================================================
----------------- testing Thu Jun 14 22:45:45 UTC 2018 /home/travis/build/icyphy/ptII/ptolemy/actor/lib/test/auto/ObjectToken1.xml
----------------- Instantiating /home/travis/build/icyphy/ptII/ptolemy/actor/lib/test/auto/ObjectToken1.xml
2 ms. Memory: 1242112K Free: 62987K (5%)
----------------- Invoking toplevel() on ptolemy.moml.MoMLSimpleApplication@6256daf7
----------------- Done invoking toplevel() on ptolemy.moml.MoMLSimpleApplication@6256daf7
reloadAllAccessors: .ObjectToken1

===========================================================================================
----------------- testing Thu Jun 14 22:45:45 UTC 2018 /home/travis/build/icyphy/ptII/ptolemy/actor/lib/test/auto/OrderedMerge.xml
----------------- Instantiating /home/travis/build/icyphy/ptII/ptolemy/actor/lib/test/auto/OrderedMerge.xml
5 ms. Memory: 1349120K Free: 1266526K (94%)
----------------- Invoking toplevel() on ptolemy.moml.MoMLSimpleApplication@483867d3
----------------- Done invoking toplevel() on ptolemy.moml.MoMLSimpleApplication@483867d3
reloadAllAccessors: .OrderedMerge

===========================================================================================
----------------- testing Thu Jun 14 22:45:45 UTC 2018 /home/travis/build/icyphy/ptII/ptolemy/actor/lib/test/auto/OrderedRecordDisassembler.xml
----------------- Instantiating /home/travis/build/icyphy/ptII/ptolemy/actor/lib/test/auto/OrderedRecordDisassembler.xml
3 ms. Memory: 1349120K Free: 1244144K (92%)
----------------- Invoking toplevel() on ptolemy.moml.MoMLSimpleApplication@409258fb
----------------- Done invoking toplevel() on ptolemy.moml.MoMLSimpleApplication@409258fb
reloadAllAccessors: .OrderedRecordDisassembler

===========================================================================================
----------------- testing Thu Jun 14 22:45:45 UTC 2018 /home/travis/build/icyphy/ptII/ptolemy/actor/lib/test/auto/OrderedRecordDisassembler2.xml
----------------- Instantiating /home/travis/build/icyphy/ptII/ptolemy/actor/lib/test/auto/OrderedRecordDisassembler2.xml
4 ms. Memory: 1349120K Free: 1227699K (91%)
----------------- Invoking toplevel() on ptolemy.moml.MoMLSimpleApplication@69c46de5
----------------- Done invoking toplevel() on ptolemy.moml.MoMLSimpleApplication@69c46de5
reloadAllAccessors: .OrderedRecordDisassembler2

===========================================================================================
----------------- testing Thu Jun 14 22:45:45 UTC 2018 /home/travis/build/icyphy/ptII/ptolemy/actor/lib/test/auto/OrderedRecordUpdater.xml
----------------- Instantiating /home/travis/build/icyphy/ptII/ptolemy/actor/lib/test/auto/OrderedRecordUpdater.xml
1 ms. Memory: 1349120K Free: 1205362K (89%)
----------------- Invoking toplevel() on ptolemy.moml.MoMLSimpleApplication@2c0d5ace
----------------- Done invoking toplevel() on ptolemy.moml.MoMLSimpleApplication@2c0d5ace
reloadAllAccessors: .RecordUpdater

===========================================================================================
----------------- testing Thu Jun 14 22:45:45 UTC 2018 /home/travis/build/icyphy/ptII/ptolemy/actor/lib/test/auto/OrderedRecordUpdater2.xml
----------------- Instantiating /home/travis/build/icyphy/ptII/ptolemy/actor/lib/test/auto/OrderedRecordUpdater2.xml
2 ms. Memory: 1349120K Free: 1188917K (88%)
----------------- Invoking toplevel() on ptolemy.moml.MoMLSimpleApplication@36e33925
----------------- Done invoking toplevel() on ptolemy.moml.MoMLSimpleApplication@36e33925
reloadAllAccessors: .RecordUpdater2

===========================================================================================
----------------- testing Thu Jun 14 22:45:45 UTC 2018 /home/travis/build/icyphy/ptII/ptolemy/actor/lib/test/auto/PhaseUnwrap.xml
----------------- Instantiating /home/travis/build/icyphy/ptII/ptolemy/actor/lib/test/auto/PhaseUnwrap.xml
2 ms. Memory: 1349120K Free: 1166581K (86%)
----------------- Invoking toplevel() on ptolemy.moml.MoMLSimpleApplication@1a010143
----------------- Done invoking toplevel() on ptolemy.moml.MoMLSimpleApplication@1a010143
reloadAllAccessors: .PhaseUnwrap

===========================================================================================
----------------- testing Thu Jun 14 22:45:45 UTC 2018 /home/travis/build/icyphy/ptII/ptolemy/actor/lib/test/auto/PoissonClock.xml
----------------- Instantiating /home/travis/build/icyphy/ptII/ptolemy/actor/lib/test/auto/PoissonClock.xml
1 ms. Memory: 1349120K Free: 1150135K (85%)
----------------- Invoking toplevel() on ptolemy.moml.MoMLSimpleApplication@7a922916
----------------- Done invoking toplevel() on ptolemy.moml.MoMLSimpleApplication@7a922916
reloadAllAccessors: .PoissonClock

===========================================================================================
----------------- testing Thu Jun 14 22:45:45 UTC 2018 /home/travis/build/icyphy/ptII/ptolemy/actor/lib/test/auto/PoissonClock2.xml
----------------- Instantiating /home/travis/build/icyphy/ptII/ptolemy/actor/lib/test/auto/PoissonClock2.xml
1 ms. Memory: 1349120K Free: 1133690K (84%)
----------------- Invoking toplevel() on ptolemy.moml.MoMLSimpleApplication@23f2b482
----------------- Done invoking toplevel() on ptolemy.moml.MoMLSimpleApplication@23f2b482
reloadAllAccessors: .PoissonClock2

===========================================================================================
----------------- testing Thu Jun 14 22:45:45 UTC 2018 /home/travis/build/icyphy/ptII/ptolemy/actor/lib/test/auto/PoissonClock3.xml
----------------- Instantiating /home/travis/build/icyphy/ptII/ptolemy/actor/lib/test/auto/PoissonClock3.xml
1 ms. Memory: 1349120K Free: 1111354K (82%)
----------------- Invoking toplevel() on ptolemy.moml.MoMLSimpleApplication@723f3a3e
----------------- Done invoking toplevel() on ptolemy.moml.MoMLSimpleApplication@723f3a3e
reloadAllAccessors: .PoissonClock3

===========================================================================================
----------------- testing Thu Jun 14 22:45:45 UTC 2018 /home/travis/build/icyphy/ptII/ptolemy/actor/lib/test/auto/PubSubWithInitialTokens.xml
----------------- Instantiating /home/travis/build/icyphy/ptII/ptolemy/actor/lib/test/auto/PubSubWithInitialTokens.xml
2 ms. Memory: 1349120K Free: 1094908K (81%)
----------------- Invoking toplevel() on ptolemy.moml.MoMLSimpleApplication@7c2adc3e
----------------- Done invoking toplevel() on ptolemy.moml.MoMLSimpleApplication@7c2adc3e
reloadAllAccessors: .PubSubWithInitialTokens

===========================================================================================
----------------- testing Thu Jun 14 22:45:45 UTC 2018 /home/travis/build/icyphy/ptII/ptolemy/actor/lib/test/auto/PubSubWithInitialTokens2.xml
----------------- Instantiating /home/travis/build/icyphy/ptII/ptolemy/actor/lib/test/auto/PubSubWithInitialTokens2.xml
2 ms. Memory: 1349120K Free: 1072572K (80%)
----------------- Invoking toplevel() on ptolemy.moml.MoMLSimpleApplication@6d8bb2b7
----------------- Done invoking toplevel() on ptolemy.moml.MoMLSimpleApplication@6d8bb2b7
reloadAllAccessors: .PubSubWithInitialTokens2

===========================================================================================
----------------- testing Thu Jun 14 22:45:45 UTC 2018 /home/travis/build/icyphy/ptII/ptolemy/actor/lib/test/auto/PublisherClassNoParameter.xml
----------------- Instantiating /home/travis/build/icyphy/ptII/ptolemy/actor/lib/test/auto/PublisherClassNoParameter.xml
2 ms. Memory: 1349120K Free: 1056127K (78%)
----------------- Invoking toplevel() on ptolemy.moml.MoMLSimpleApplication@d76bbd8
----------------- Done invoking toplevel() on ptolemy.moml.MoMLSimpleApplication@d76bbd8
reloadAllAccessors: .PublisherClassNoParameter

===========================================================================================
----------------- testing Thu Jun 14 22:45:45 UTC 2018 /home/travis/build/icyphy/ptII/ptolemy/actor/lib/test/auto/PublisherClassParameter.xml
----------------- Instantiating /home/travis/build/icyphy/ptII/ptolemy/actor/lib/test/auto/PublisherClassParameter.xml
2 ms. Memory: 1349120K Free: 1031443K (76%)
----------------- Invoking toplevel() on ptolemy.moml.MoMLSimpleApplication@7c496461
----------------- Done invoking toplevel() on ptolemy.moml.MoMLSimpleApplication@7c496461
reloadAllAccessors: .PublisherClassParameter

===========================================================================================
----------------- testing Thu Jun 14 22:45:45 UTC 2018 /home/travis/build/icyphy/ptII/ptolemy/actor/lib/test/auto/PublisherNonStrictTest.xml
----------------- Instantiating /home/travis/build/icyphy/ptII/ptolemy/actor/lib/test/auto/PublisherNonStrictTest.xml
2 ms. Memory: 1349120K Free: 1009107K (75%)
----------------- Invoking toplevel() on ptolemy.moml.MoMLSimpleApplication@204cf9db
----------------- Done invoking toplevel() on ptolemy.moml.MoMLSimpleApplication@204cf9db
reloadAllAccessors: .PublisherNonStrictTest

===========================================================================================
----------------- testing Thu Jun 14 22:45:45 UTC 2018 /home/travis/build/icyphy/ptII/ptolemy/actor/lib/test/auto/PublisherPort1.xml
----------------- Instantiating /home/travis/build/icyphy/ptII/ptolemy/actor/lib/test/auto/PublisherPort1.xml
2 ms. Memory: 1349120K Free: 992661K (74%)
----------------- Invoking toplevel() on ptolemy.moml.MoMLSimpleApplication@37ece70c
----------------- Done invoking toplevel() on ptolemy.moml.MoMLSimpleApplication@37ece70c
reloadAllAccessors: .PublisherPort1

===========================================================================================
----------------- testing Thu Jun 14 22:45:45 UTC 2018 /home/travis/build/icyphy/ptII/ptolemy/actor/lib/test/auto/PublisherPort2.xml
----------------- Instantiating /home/travis/build/icyphy/ptII/ptolemy/actor/lib/test/auto/PublisherPort2.xml
2 ms. Memory: 1349120K Free: 970325K (72%)
----------------- Invoking toplevel() on ptolemy.moml.MoMLSimpleApplication@63ff4092
----------------- Done invoking toplevel() on ptolemy.moml.MoMLSimpleApplication@63ff4092
reloadAllAccessors: .PublisherPort2

===========================================================================================
----------------- testing Thu Jun 14 22:45:45 UTC 2018 /home/travis/build/icyphy/ptII/ptolemy/actor/lib/test/auto/PublisherPort3.xml
----------------- Instantiating /home/travis/build/icyphy/ptII/ptolemy/actor/lib/test/auto/PublisherPort3.xml
3 ms. Memory: 1349120K Free: 953879K (71%)
----------------- Invoking toplevel() on ptolemy.moml.MoMLSimpleApplication@4d734e48
----------------- Done invoking toplevel() on ptolemy.moml.MoMLSimpleApplication@4d734e48
reloadAllAccessors: .PublisherPort3

===========================================================================================
----------------- testing Thu Jun 14 22:45:45 UTC 2018 /home/travis/build/icyphy/ptII/ptolemy/actor/lib/test/auto/PublisherPort4.xml
----------------- Instantiating /home/travis/build/icyphy/ptII/ptolemy/actor/lib/test/auto/PublisherPort4.xml
2 ms. Memory: 1349120K Free: 937434K (69%)
----------------- Invoking toplevel() on ptolemy.moml.MoMLSimpleApplication@66458122
----------------- Done invoking toplevel() on ptolemy.moml.MoMLSimpleApplication@66458122
reloadAllAccessors: .PublisherPort4

===========================================================================================
----------------- testing Thu Jun 14 22:45:45 UTC 2018 /home/travis/build/icyphy/ptII/ptolemy/actor/lib/test/auto/PublisherPort5.xml
----------------- Instantiating /home/travis/build/icyphy/ptII/ptolemy/actor/lib/test/auto/PublisherPort5.xml
3 ms. Memory: 1349120K Free: 915098K (68%)
----------------- Invoking toplevel() on ptolemy.moml.MoMLSimpleApplication@6516d8f5
----------------- Done invoking toplevel() on ptolemy.moml.MoMLSimpleApplication@6516d8f5
reloadAllAccessors: .PublisherPort5

===========================================================================================
----------------- testing Thu Jun 14 22:45:45 UTC 2018 /home/travis/build/icyphy/ptII/ptolemy/actor/lib/test/auto/PublisherPort5LookAlike.xml
----------------- Instantiating /home/travis/build/icyphy/ptII/ptolemy/actor/lib/test/auto/PublisherPort5LookAlike.xml
3 ms. Memory: 1349120K Free: 898653K (67%)
----------------- Invoking toplevel() on ptolemy.moml.MoMLSimpleApplication@4684b88f
----------------- Done invoking toplevel() on ptolemy.moml.MoMLSimpleApplication@4684b88f
reloadAllAccessors: .PublisherPort5LookAlike

===========================================================================================
----------------- testing Thu Jun 14 22:45:45 UTC 2018 /home/travis/build/icyphy/ptII/ptolemy/actor/lib/test/auto/PublisherPort6.xml
----------------- Instantiating /home/travis/build/icyphy/ptII/ptolemy/actor/lib/test/auto/PublisherPort6.xml
2 ms. Memory: 1349120K Free: 876316K (65%)
----------------- Invoking toplevel() on ptolemy.moml.MoMLSimpleApplication@6285e12
----------------- Done invoking toplevel() on ptolemy.moml.MoMLSimpleApplication@6285e12
reloadAllAccessors: .PublisherPort6

===========================================================================================
----------------- testing Thu Jun 14 22:45:45 UTC 2018 /home/travis/build/icyphy/ptII/ptolemy/actor/lib/test/auto/PublisherPort7.xml
----------------- Instantiating /home/travis/build/icyphy/ptII/ptolemy/actor/lib/test/auto/PublisherPort7.xml
4 ms. Memory: 1349120K Free: 859871K (64%)
----------------- Invoking toplevel() on ptolemy.moml.MoMLSimpleApplication@327973c0
----------------- Done invoking toplevel() on ptolemy.moml.MoMLSimpleApplication@327973c0
reloadAllAccessors: .PublisherPort7

===========================================================================================
----------------- testing Thu Jun 14 22:45:45 UTC 2018 /home/travis/build/icyphy/ptII/ptolemy/actor/lib/test/auto/PublisherPort8.xml
----------------- Instantiating /home/travis/build/icyphy/ptII/ptolemy/actor/lib/test/auto/PublisherPort8.xml
5 ms. Memory: 1349120K Free: 843426K (63%)
----------------- Invoking toplevel() on ptolemy.moml.MoMLSimpleApplication@12d1ec83
----------------- Done invoking toplevel() on ptolemy.moml.MoMLSimpleApplication@12d1ec83
reloadAllAccessors: .PublisherPort8

===========================================================================================
----------------- testing Thu Jun 14 22:45:46 UTC 2018 /home/travis/build/icyphy/ptII/ptolemy/actor/lib/test/auto/PublisherPortSubscriberChannelVariablesAOC2.xml
----------------- Instantiating /home/travis/build/icyphy/ptII/ptolemy/actor/lib/test/auto/PublisherPortSubscriberChannelVariablesAOC2.xml
3 ms. Memory: 1349120K Free: 812867K (60%)
----------------- Invoking toplevel() on ptolemy.moml.MoMLSimpleApplication@7e83920f
----------------- Done invoking toplevel() on ptolemy.moml.MoMLSimpleApplication@7e83920f
reloadAllAccessors: .PublisherPortSubscriberChannelVariablesAOC2

===========================================================================================
----------------- testing Thu Jun 14 22:45:46 UTC 2018 /home/travis/build/icyphy/ptII/ptolemy/actor/lib/test/auto/PublisherPortSubscriberOpaqueWidthInference.xml
----------------- Instantiating /home/travis/build/icyphy/ptII/ptolemy/actor/lib/test/auto/PublisherPortSubscriberOpaqueWidthInference.xml
4 ms. Memory: 1349120K Free: 796421K (59%)
----------------- Invoking toplevel() on ptolemy.moml.MoMLSimpleApplication@25a557f2
----------------- Done invoking toplevel() on ptolemy.moml.MoMLSimpleApplication@25a557f2
reloadAllAccessors: .PublisherPortSubscriberOpaqueWidthInference

===========================================================================================
----------------- testing Thu Jun 14 22:45:46 UTC 2018 /home/travis/build/icyphy/ptII/ptolemy/actor/lib/test/auto/PublisherPortSubscriberPortAdjacent.xml
----------------- Instantiating /home/travis/build/icyphy/ptII/ptolemy/actor/lib/test/auto/PublisherPortSubscriberPortAdjacent.xml
2 ms. Memory: 1349120K Free: 774085K (57%)
----------------- Invoking toplevel() on ptolemy.moml.MoMLSimpleApplication@47223e53
----------------- Done invoking toplevel() on ptolemy.moml.MoMLSimpleApplication@47223e53
reloadAllAccessors: .PublisherPortSubscriberPortAdjacent

===========================================================================================
----------------- testing Thu Jun 14 22:45:46 UTC 2018 /home/travis/build/icyphy/ptII/ptolemy/actor/lib/test/auto/PublisherPortSubscriberPortExpression.xml
----------------- Instantiating /home/travis/build/icyphy/ptII/ptolemy/actor/lib/test/auto/PublisherPortSubscriberPortExpression.xml
4 ms. Memory: 1349120K Free: 757640K (56%)
----------------- Invoking toplevel() on ptolemy.moml.MoMLSimpleApplication@2c32bba5
----------------- Done invoking toplevel() on ptolemy.moml.MoMLSimpleApplication@2c32bba5
reloadAllAccessors: .PublisherPortSubscriberPortExpression

===========================================================================================
----------------- testing Thu Jun 14 22:45:46 UTC 2018 /home/travis/build/icyphy/ptII/ptolemy/actor/lib/test/auto/PublisherPortSubscriberPortOpaqueD3Reverse.xml
----------------- Instantiating /home/travis/build/icyphy/ptII/ptolemy/actor/lib/test/auto/PublisherPortSubscriberPortOpaqueD3Reverse.xml
6 ms. Memory: 1349120K Free: 741195K (55%)
----------------- Invoking toplevel() on ptolemy.moml.MoMLSimpleApplication@272773ce
----------------- Done invoking toplevel() on ptolemy.moml.MoMLSimpleApplication@272773ce
reloadAllAccessors: .PublisherPortSubscriberPortOpaqueD3Reverse

===========================================================================================
----------------- testing Thu Jun 14 22:45:46 UTC 2018 /home/travis/build/icyphy/ptII/ptolemy/actor/lib/test/auto/PublisherPortSubscriberPortOpaqueWidthInference.xml
----------------- Instantiating /home/travis/build/icyphy/ptII/ptolemy/actor/lib/test/auto/PublisherPortSubscriberPortOpaqueWidthInference.xml
4 ms. Memory: 1349120K Free: 718858K (53%)
----------------- Invoking toplevel() on ptolemy.moml.MoMLSimpleApplication@2124be77
----------------- Done invoking toplevel() on ptolemy.moml.MoMLSimpleApplication@2124be77
reloadAllAccessors: .PublisherPortSubscriberPortOpaqueWidthInference

===========================================================================================
----------------- testing Thu Jun 14 22:45:46 UTC 2018 /home/travis/build/icyphy/ptII/ptolemy/actor/lib/test/auto/PublisherPortToplevelSubscriberPortAOC.xml
----------------- Instantiating /home/travis/build/icyphy/ptII/ptolemy/actor/lib/test/auto/PublisherPortToplevelSubscriberPortAOC.xml
.PublisherPortToplevelSubscriberPortAOC.TestExceptionAttribute: initialize() was not invoked, but wrapup() was.  This is unusual, but not always a problem.  For example, exporting JNLP will do this.
0 ms. Memory: 1349120K Free: 702413K (52%)
----------------- Invoking toplevel() on ptolemy.moml.MoMLSimpleApplication@f37ca5
----------------- Done invoking toplevel() on ptolemy.moml.MoMLSimpleApplication@f37ca5
reloadAllAccessors: .PublisherPortToplevelSubscriberPortAOC

===========================================================================================
----------------- testing Thu Jun 14 22:45:46 UTC 2018 /home/travis/build/icyphy/ptII/ptolemy/actor/lib/test/auto/PublisherSubscriber.xml
----------------- Instantiating /home/travis/build/icyphy/ptII/ptolemy/actor/lib/test/auto/PublisherSubscriber.xml
3 ms. Memory: 1349120K Free: 680077K (50%)
----------------- Invoking toplevel() on ptolemy.moml.MoMLSimpleApplication@68dd7ce
----------------- Done invoking toplevel() on ptolemy.moml.MoMLSimpleApplication@68dd7ce
reloadAllAccessors: .PublisherSubscriber

===========================================================================================
----------------- testing Thu Jun 14 22:45:46 UTC 2018 /home/travis/build/icyphy/ptII/ptolemy/actor/lib/test/auto/PublisherSubscriber10.xml
----------------- Instantiating /home/travis/build/icyphy/ptII/ptolemy/actor/lib/test/auto/PublisherSubscriber10.xml
6 ms. Memory: 1349120K Free: 663631K (49%)
----------------- Invoking toplevel() on ptolemy.moml.MoMLSimpleApplication@590f1759
----------------- Done invoking toplevel() on ptolemy.moml.MoMLSimpleApplication@590f1759
reloadAllAccessors: .PublisherSubscriber10

===========================================================================================
----------------- testing Thu Jun 14 22:45:46 UTC 2018 /home/travis/build/icyphy/ptII/ptolemy/actor/lib/test/auto/PublisherSubscriber10InitialOutputs.xml
----------------- Instantiating /home/travis/build/icyphy/ptII/ptolemy/actor/lib/test/auto/PublisherSubscriber10InitialOutputs.xml
6 ms. Memory: 1349120K Free: 641295K (48%)
----------------- Invoking toplevel() on ptolemy.moml.MoMLSimpleApplication@4dfbf663
----------------- Done invoking toplevel() on ptolemy.moml.MoMLSimpleApplication@4dfbf663
reloadAllAccessors: .PublisherSubscriber10InitialOutputs

===========================================================================================
----------------- testing Thu Jun 14 22:45:46 UTC 2018 /home/travis/build/icyphy/ptII/ptolemy/actor/lib/test/auto/PublisherSubscriber11.xml
----------------- Instantiating /home/travis/build/icyphy/ptII/ptolemy/actor/lib/test/auto/PublisherSubscriber11.xml
3 ms. Memory: 1349120K Free: 624850K (46%)
----------------- Invoking toplevel() on ptolemy.moml.MoMLSimpleApplication@40f277f1
----------------- Done invoking toplevel() on ptolemy.moml.MoMLSimpleApplication@40f277f1
reloadAllAccessors: .PublisherSubscriber11

===========================================================================================
----------------- testing Thu Jun 14 22:45:46 UTC 2018 /home/travis/build/icyphy/ptII/ptolemy/actor/lib/test/auto/PublisherSubscriber12.xml
----------------- Instantiating /home/travis/build/icyphy/ptII/ptolemy/actor/lib/test/auto/PublisherSubscriber12.xml
6 ms. Memory: 1349120K Free: 608404K (45%)
----------------- Invoking toplevel() on ptolemy.moml.MoMLSimpleApplication@79e3d09c
----------------- Done invoking toplevel() on ptolemy.moml.MoMLSimpleApplication@79e3d09c
reloadAllAccessors: .PublisherSubscriber12

===========================================================================================
----------------- testing Thu Jun 14 22:45:46 UTC 2018 /home/travis/build/icyphy/ptII/ptolemy/actor/lib/test/auto/PublisherSubscriber13.xml
----------------- Instantiating /home/travis/build/icyphy/ptII/ptolemy/actor/lib/test/auto/PublisherSubscriber13.xml
2 ms. Memory: 1349120K Free: 586068K (43%)
----------------- Invoking toplevel() on ptolemy.moml.MoMLSimpleApplication@72c9fdf7
----------------- Done invoking toplevel() on ptolemy.moml.MoMLSimpleApplication@72c9fdf7
reloadAllAccessors: .PublisherSubscriber13

===========================================================================================
----------------- testing Thu Jun 14 22:45:46 UTC 2018 /home/travis/build/icyphy/ptII/ptolemy/actor/lib/test/auto/PublisherSubscriber14.xml
----------------- Instantiating /home/travis/build/icyphy/ptII/ptolemy/actor/lib/test/auto/PublisherSubscriber14.xml
2 ms. Memory: 1349120K Free: 569623K (42%)
----------------- Invoking toplevel() on ptolemy.moml.MoMLSimpleApplication@6550bdb5
----------------- Done invoking toplevel() on ptolemy.moml.MoMLSimpleApplication@6550bdb5
reloadAllAccessors: .PublisherSubscriber14

===========================================================================================
----------------- testing Thu Jun 14 22:45:46 UTC 2018 /home/travis/build/icyphy/ptII/ptolemy/actor/lib/test/auto/PublisherSubscriber2.xml
----------------- Instantiating /home/travis/build/icyphy/ptII/ptolemy/actor/lib/test/auto/PublisherSubscriber2.xml
4 ms. Memory: 1349120K Free: 547287K (41%)
----------------- Invoking toplevel() on ptolemy.moml.MoMLSimpleApplication@4d81e6a4
----------------- Done invoking toplevel() on ptolemy.moml.MoMLSimpleApplication@4d81e6a4
reloadAllAccessors: .PublisherSubscriber2

===========================================================================================
----------------- testing Thu Jun 14 22:45:46 UTC 2018 /home/travis/build/icyphy/ptII/ptolemy/actor/lib/test/auto/PublisherSubscriber3.xml
----------------- Instantiating /home/travis/build/icyphy/ptII/ptolemy/actor/lib/test/auto/PublisherSubscriber3.xml
3 ms. Memory: 1349120K Free: 530842K (39%)
----------------- Invoking toplevel() on ptolemy.moml.MoMLSimpleApplication@2b939abe
----------------- Done invoking toplevel() on ptolemy.moml.MoMLSimpleApplication@2b939abe
reloadAllAccessors: .PublisherSubscriber3

===========================================================================================
----------------- testing Thu Jun 14 22:45:46 UTC 2018 /home/travis/build/icyphy/ptII/ptolemy/actor/lib/test/auto/PublisherSubscriber4.xml
----------------- Instantiating /home/travis/build/icyphy/ptII/ptolemy/actor/lib/test/auto/PublisherSubscriber4.xml
2 ms. Memory: 1349120K Free: 514396K (38%)
----------------- Invoking toplevel() on ptolemy.moml.MoMLSimpleApplication@1fee3d54
----------------- Done invoking toplevel() on ptolemy.moml.MoMLSimpleApplication@1fee3d54
reloadAllAccessors: .PublisherSubscriber4

===========================================================================================
----------------- testing Thu Jun 14 22:45:46 UTC 2018 /home/travis/build/icyphy/ptII/ptolemy/actor/lib/test/auto/PublisherSubscriber5.xml
----------------- Instantiating /home/travis/build/icyphy/ptII/ptolemy/actor/lib/test/auto/PublisherSubscriber5.xml
2 ms. Memory: 1349120K Free: 492060K (36%)
----------------- Invoking toplevel() on ptolemy.moml.MoMLSimpleApplication@2bbbfa6c
----------------- Done invoking toplevel() on ptolemy.moml.MoMLSimpleApplication@2bbbfa6c
reloadAllAccessors: .PublisherSubscriber5

===========================================================================================
----------------- testing Thu Jun 14 22:45:46 UTC 2018 /home/travis/build/icyphy/ptII/ptolemy/actor/lib/test/auto/PublisherSubscriber6.xml
----------------- Instantiating /home/travis/build/icyphy/ptII/ptolemy/actor/lib/test/auto/PublisherSubscriber6.xml
5 ms. Memory: 1349120K Free: 475615K (35%)
----------------- Invoking toplevel() on ptolemy.moml.MoMLSimpleApplication@388f8a91
----------------- Done invoking toplevel() on ptolemy.moml.MoMLSimpleApplication@388f8a91
reloadAllAccessors: .PublisherSubscriber6

===========================================================================================
----------------- testing Thu Jun 14 22:45:46 UTC 2018 /home/travis/build/icyphy/ptII/ptolemy/actor/lib/test/auto/PublisherSubscriber7.xml
----------------- Instantiating /home/travis/build/icyphy/ptII/ptolemy/actor/lib/test/auto/PublisherSubscriber7.xml
6 ms. Memory: 1349120K Free: 453279K (34%)
----------------- Invoking toplevel() on ptolemy.moml.MoMLSimpleApplication@8f9160
----------------- Done invoking toplevel() on ptolemy.moml.MoMLSimpleApplication@8f9160
reloadAllAccessors: .PublisherSubscriber7

===========================================================================================
----------------- testing Thu Jun 14 22:45:46 UTC 2018 /home/travis/build/icyphy/ptII/ptolemy/actor/lib/test/auto/PublisherSubscriber8.xml
----------------- Instantiating /home/travis/build/icyphy/ptII/ptolemy/actor/lib/test/auto/PublisherSubscriber8.xml
39 ms. Memory: 1349120K Free: 354606K (26%)
----------------- Invoking toplevel() on ptolemy.moml.MoMLSimpleApplication@94bb7ad
----------------- Done invoking toplevel() on ptolemy.moml.MoMLSimpleApplication@94bb7ad
reloadAllAccessors: .PublisherSubscriber8

===========================================================================================
----------------- testing Thu Jun 14 22:45:46 UTC 2018 /home/travis/build/icyphy/ptII/ptolemy/actor/lib/test/auto/PublisherSubscriber9.xml
----------------- Instantiating /home/travis/build/icyphy/ptII/ptolemy/actor/lib/test/auto/PublisherSubscriber9.xml
2 ms. Memory: 1349120K Free: 338160K (25%)
----------------- Invoking toplevel() on ptolemy.moml.MoMLSimpleApplication@35c2f2b6
----------------- Done invoking toplevel() on ptolemy.moml.MoMLSimpleApplication@35c2f2b6
reloadAllAccessors: .PublisherSubscriber9

===========================================================================================
----------------- testing Thu Jun 14 22:45:46 UTC 2018 /home/travis/build/icyphy/ptII/ptolemy/actor/lib/test/auto/PublisherSubscriberAdjacent.xml
----------------- Instantiating /home/travis/build/icyphy/ptII/ptolemy/actor/lib/test/auto/PublisherSubscriberAdjacent.xml
1 ms. Memory: 1349120K Free: 315824K (23%)
----------------- Invoking toplevel() on ptolemy.moml.MoMLSimpleApplication@71740742
----------------- Done invoking toplevel() on ptolemy.moml.MoMLSimpleApplication@71740742
reloadAllAccessors: .PublisherSubscriberAdjacent

===========================================================================================
----------------- testing Thu Jun 14 22:45:46 UTC 2018 /home/travis/build/icyphy/ptII/ptolemy/actor/lib/test/auto/PublisherSubscriberChannelVariablesAOC2.xml
----------------- Instantiating /home/travis/build/icyphy/ptII/ptolemy/actor/lib/test/auto/PublisherSubscriberChannelVariablesAOC2.xml
3 ms. Memory: 1349120K Free: 291148K (22%)
----------------- Invoking toplevel() on ptolemy.moml.MoMLSimpleApplication@3ce3a359
----------------- Done invoking toplevel() on ptolemy.moml.MoMLSimpleApplication@3ce3a359
reloadAllAccessors: .PublisherSubscriberChannelVariablesAOC2

===========================================================================================
----------------- testing Thu Jun 14 22:45:46 UTC 2018 /home/travis/build/icyphy/ptII/ptolemy/actor/lib/test/auto/PublisherSubscriberD3.xml
----------------- Instantiating /home/travis/build/icyphy/ptII/ptolemy/actor/lib/test/auto/PublisherSubscriberD3.xml
2 ms. Memory: 1349120K Free: 268812K (20%)
----------------- Invoking toplevel() on ptolemy.moml.MoMLSimpleApplication@3559a5a0
----------------- Done invoking toplevel() on ptolemy.moml.MoMLSimpleApplication@3559a5a0
reloadAllAccessors: .PublisherSubscriberD3

===========================================================================================
----------------- testing Thu Jun 14 22:45:46 UTC 2018 /home/travis/build/icyphy/ptII/ptolemy/actor/lib/test/auto/PublisherSubscriberD3Reverse.xml
----------------- Instantiating /home/travis/build/icyphy/ptII/ptolemy/actor/lib/test/auto/PublisherSubscriberD3Reverse.xml
2 ms. Memory: 1349120K Free: 252367K (19%)
----------------- Invoking toplevel() on ptolemy.moml.MoMLSimpleApplication@269bf693
----------------- Done invoking toplevel() on ptolemy.moml.MoMLSimpleApplication@269bf693
reloadAllAccessors: .PublisherSubscriberD3Reverse

===========================================================================================
----------------- testing Thu Jun 14 22:45:46 UTC 2018 /home/travis/build/icyphy/ptII/ptolemy/actor/lib/test/auto/PublisherSubscriberExpression.xml
----------------- Instantiating /home/travis/build/icyphy/ptII/ptolemy/actor/lib/test/auto/PublisherSubscriberExpression.xml
4 ms. Memory: 1349120K Free: 230031K (17%)
----------------- Invoking toplevel() on ptolemy.moml.MoMLSimpleApplication@4d4f495a
----------------- Done invoking toplevel() on ptolemy.moml.MoMLSimpleApplication@4d4f495a
reloadAllAccessors: .PublisherSubscriberExpression

===========================================================================================
----------------- testing Thu Jun 14 22:45:46 UTC 2018 /home/travis/build/icyphy/ptII/ptolemy/actor/lib/test/auto/PublisherSubscriberOpaque.xml
----------------- Instantiating /home/travis/build/icyphy/ptII/ptolemy/actor/lib/test/auto/PublisherSubscriberOpaque.xml
4 ms. Memory: 1349120K Free: 213586K (16%)
----------------- Invoking toplevel() on ptolemy.moml.MoMLSimpleApplication@4ac63be9
----------------- Done invoking toplevel() on ptolemy.moml.MoMLSimpleApplication@4ac63be9
reloadAllAccessors: .PublisherSubscriberOpaque

===========================================================================================
----------------- testing Thu Jun 14 22:45:46 UTC 2018 /home/travis/build/icyphy/ptII/ptolemy/actor/lib/test/auto/PublisherSubscriberOpaqueD3.xml
----------------- Instantiating /home/travis/build/icyphy/ptII/ptolemy/actor/lib/test/auto/PublisherSubscriberOpaqueD3.xml
7 ms. Memory: 1349120K Free: 197140K (15%)
----------------- Invoking toplevel() on ptolemy.moml.MoMLSimpleApplication@55ac5a9f
----------------- Done invoking toplevel() on ptolemy.moml.MoMLSimpleApplication@55ac5a9f
reloadAllAccessors: .PublisherSubscriberOpaqueD3

===========================================================================================
----------------- testing Thu Jun 14 22:45:46 UTC 2018 /home/travis/build/icyphy/ptII/ptolemy/actor/lib/test/auto/PublisherSubscriberOpaqueD3Reverse.xml
----------------- Instantiating /home/travis/build/icyphy/ptII/ptolemy/actor/lib/test/auto/PublisherSubscriberOpaqueD3Reverse.xml
7 ms. Memory: 1349120K Free: 174804K (13%)
----------------- Invoking toplevel() on ptolemy.moml.MoMLSimpleApplication@1019f790
----------------- Done invoking toplevel() on ptolemy.moml.MoMLSimpleApplication@1019f790
reloadAllAccessors: .PublisherSubscriberOpaqueD3Reverse

===========================================================================================
----------------- testing Thu Jun 14 22:45:46 UTC 2018 /home/travis/build/icyphy/ptII/ptolemy/actor/lib/test/auto/PublisherSubscriberOpaqueWidthInference.xml
----------------- Instantiating /home/travis/build/icyphy/ptII/ptolemy/actor/lib/test/auto/PublisherSubscriberOpaqueWidthInference.xml
6 ms. Memory: 1349120K Free: 158359K (12%)
----------------- Invoking toplevel() on ptolemy.moml.MoMLSimpleApplication@5538f10e
----------------- Done invoking toplevel() on ptolemy.moml.MoMLSimpleApplication@5538f10e
reloadAllAccessors: .PublisherSubscriberOpaqueWidthInference

===========================================================================================
----------------- testing Thu Jun 14 22:45:46 UTC 2018 /home/travis/build/icyphy/ptII/ptolemy/actor/lib/test/auto/PublisherTestSubscriber.xml
----------------- Instantiating /home/travis/build/icyphy/ptII/ptolemy/actor/lib/test/auto/PublisherTestSubscriber.xml
3 ms. Memory: 1349120K Free: 136023K (10%)
----------------- Invoking toplevel() on ptolemy.moml.MoMLSimpleApplication@38f88892
----------------- Done invoking toplevel() on ptolemy.moml.MoMLSimpleApplication@38f88892
reloadAllAccessors: .PublisherTestSubscriber

===========================================================================================
----------------- testing Thu Jun 14 22:45:46 UTC 2018 /home/travis/build/icyphy/ptII/ptolemy/actor/lib/test/auto/PublisherToplevelSubscriberPortAOC.xml
----------------- Instantiating /home/travis/build/icyphy/ptII/ptolemy/actor/lib/test/auto/PublisherToplevelSubscriberPortAOC.xml
3 ms. Memory: 1349120K Free: 119577K (9%)
----------------- Invoking toplevel() on ptolemy.moml.MoMLSimpleApplication@6b18f8a7
----------------- Done invoking toplevel() on ptolemy.moml.MoMLSimpleApplication@6b18f8a7
reloadAllAccessors: .PublisherToplevelSubscriberPortAOC

===========================================================================================
----------------- testing Thu Jun 14 22:45:46 UTC 2018 /home/travis/build/icyphy/ptII/ptolemy/actor/lib/test/auto/PulseFiringLimitDE.xml
----------------- Instantiating /home/travis/build/icyphy/ptII/ptolemy/actor/lib/test/auto/PulseFiringLimitDE.xml
2 ms. Memory: 1349120K Free: 103132K (8%)
----------------- Invoking toplevel() on ptolemy.moml.MoMLSimpleApplication@479548d3
----------------- Done invoking toplevel() on ptolemy.moml.MoMLSimpleApplication@479548d3
reloadAllAccessors: .PulseFiringLimitDE

===========================================================================================
----------------- testing Thu Jun 14 22:45:46 UTC 2018 /home/travis/build/icyphy/ptII/ptolemy/actor/lib/test/auto/Ramp1.xml
----------------- Instantiating /home/travis/build/icyphy/ptII/ptolemy/actor/lib/test/auto/Ramp1.xml
2 ms. Memory: 1349120K Free: 80796K (6%)
----------------- Invoking toplevel() on ptolemy.moml.MoMLSimpleApplication@1659bcd0
----------------- Done invoking toplevel() on ptolemy.moml.MoMLSimpleApplication@1659bcd0
reloadAllAccessors: .Ramp1

===========================================================================================
----------------- testing Thu Jun 14 22:45:46 UTC 2018 /home/travis/build/icyphy/ptII/ptolemy/actor/lib/test/auto/RampFiringLimitDE.xml
----------------- Instantiating /home/travis/build/icyphy/ptII/ptolemy/actor/lib/test/auto/RampFiringLimitDE.xml
13 ms. Memory: 1422336K Free: 1379304K (97%)
----------------- Invoking toplevel() on ptolemy.moml.MoMLSimpleApplication@51684a87
----------------- Done invoking toplevel() on ptolemy.moml.MoMLSimpleApplication@51684a87
reloadAllAccessors: .RampFiringLimitDE

===========================================================================================
----------------- testing Thu Jun 14 22:45:46 UTC 2018 /home/travis/build/icyphy/ptII/ptolemy/actor/lib/test/auto/RampFiringLimitSDF.xml
----------------- Instantiating /home/travis/build/icyphy/ptII/ptolemy/actor/lib/test/auto/RampFiringLimitSDF.xml
2 ms. Memory: 1422336K Free: 1356541K (95%)
----------------- Invoking toplevel() on ptolemy.moml.MoMLSimpleApplication@35f0b884
----------------- Done invoking toplevel() on ptolemy.moml.MoMLSimpleApplication@35f0b884
reloadAllAccessors: .RampFiringLimitSDF

===========================================================================================
----------------- testing Thu Jun 14 22:45:47 UTC 2018 /home/travis/build/icyphy/ptII/ptolemy/actor/lib/test/auto/RandomInteger.xml
----------------- Instantiating /home/travis/build/icyphy/ptII/ptolemy/actor/lib/test/auto/RandomInteger.xml
2 ms. Memory: 1422336K Free: 1343332K (94%)
----------------- Invoking toplevel() on ptolemy.moml.MoMLSimpleApplication@18fa704
----------------- Done invoking toplevel() on ptolemy.moml.MoMLSimpleApplication@18fa704
reloadAllAccessors: .RandomInteger

===========================================================================================
----------------- testing Thu Jun 14 22:45:47 UTC 2018 /home/travis/build/icyphy/ptII/ptolemy/actor/lib/test/auto/ReadFile1.xml
----------------- Instantiating /home/travis/build/icyphy/ptII/ptolemy/actor/lib/test/auto/ReadFile1.xml
1 ms. Memory: 1422336K Free: 1324972K (93%)
----------------- Invoking toplevel() on ptolemy.moml.MoMLSimpleApplication@1277a13a
----------------- Done invoking toplevel() on ptolemy.moml.MoMLSimpleApplication@1277a13a
reloadAllAccessors: .ReadFile1

===========================================================================================
----------------- testing Thu Jun 14 22:45:47 UTC 2018 /home/travis/build/icyphy/ptII/ptolemy/actor/lib/test/auto/ReadFile2.xml
----------------- Instantiating /home/travis/build/icyphy/ptII/ptolemy/actor/lib/test/auto/ReadFile2.xml
1 ms. Memory: 1422336K Free: 1311762K (92%)
----------------- Invoking toplevel() on ptolemy.moml.MoMLSimpleApplication@375f2328
----------------- Done invoking toplevel() on ptolemy.moml.MoMLSimpleApplication@375f2328
reloadAllAccessors: .ReadFile2

===========================================================================================
----------------- testing Thu Jun 14 22:45:47 UTC 2018 /home/travis/build/icyphy/ptII/ptolemy/actor/lib/test/auto/Reader.xml
----------------- Instantiating /home/travis/build/icyphy/ptII/ptolemy/actor/lib/test/auto/Reader.xml
actor.lib.Reader is obsolete, use actor.lib.io.ExpressionReader instead
6 ms. Memory: 1422336K Free: 1293403K (91%)
----------------- Invoking toplevel() on ptolemy.moml.MoMLSimpleApplication@5c00fe93
----------------- Done invoking toplevel() on ptolemy.moml.MoMLSimpleApplication@5c00fe93
reloadAllAccessors: .Reader

===========================================================================================
----------------- testing Thu Jun 14 22:45:47 UTC 2018 /home/travis/build/icyphy/ptII/ptolemy/actor/lib/test/auto/RecordAssemblerDisplayNameTest.xml
----------------- Instantiating /home/travis/build/icyphy/ptII/ptolemy/actor/lib/test/auto/RecordAssemblerDisplayNameTest.xml
4165 ms. Memory: 1511424K Free: 1456375K (96%)
----------------- Invoking toplevel() on ptolemy.moml.MoMLSimpleApplication@3c255bfa
----------------- Done invoking toplevel() on ptolemy.moml.MoMLSimpleApplication@3c255bfa
reloadAllAccessors: .RecordAssemblerDisplayNameTest

===========================================================================================
----------------- testing Thu Jun 14 22:45:51 UTC 2018 /home/travis/build/icyphy/ptII/ptolemy/actor/lib/test/auto/RecordAssemblerTypeError.xml
----------------- Instantiating /home/travis/build/icyphy/ptII/ptolemy/actor/lib/test/auto/RecordAssemblerTypeError.xml
9 ms. Memory: 1511424K Free: 1428261K (94%)
----------------- Invoking toplevel() on ptolemy.moml.MoMLSimpleApplication@3922bd4c
----------------- Done invoking toplevel() on ptolemy.moml.MoMLSimpleApplication@3922bd4c
reloadAllAccessors: .RecordAssemblerTypeError

===========================================================================================
----------------- testing Thu Jun 14 22:45:51 UTC 2018 /home/travis/build/icyphy/ptII/ptolemy/actor/lib/test/auto/RecordDisassember.xml
----------------- Instantiating /home/travis/build/icyphy/ptII/ptolemy/actor/lib/test/auto/RecordDisassember.xml
7 ms. Memory: 1511424K Free: 1410644K (93%)
----------------- Invoking toplevel() on ptolemy.moml.MoMLSimpleApplication@8bf3c23
----------------- Done invoking toplevel() on ptolemy.moml.MoMLSimpleApplication@8bf3c23
reloadAllAccessors: .RecordDisassember

===========================================================================================
----------------- testing Thu Jun 14 22:45:51 UTC 2018 /home/travis/build/icyphy/ptII/ptolemy/actor/lib/test/auto/RecordDisassemberDisplayNameTest.xml
----------------- Instantiating /home/travis/build/icyphy/ptII/ptolemy/actor/lib/test/auto/RecordDisassemberDisplayNameTest.xml
5 ms. Memory: 1511424K Free: 1393028K (92%)
----------------- Invoking toplevel() on ptolemy.moml.MoMLSimpleApplication@272a0bfa
----------------- Done invoking toplevel() on ptolemy.moml.MoMLSimpleApplication@272a0bfa
reloadAllAccessors: .RecordDisassemberDisplayNameTest

===========================================================================================
----------------- testing Thu Jun 14 22:45:51 UTC 2018 /home/travis/build/icyphy/ptII/ptolemy/actor/lib/test/auto/RecordDisassembler.xml
----------------- Instantiating /home/travis/build/icyphy/ptII/ptolemy/actor/lib/test/auto/RecordDisassembler.xml
2 ms. Memory: 1511424K Free: 1379060K (91%)
----------------- Invoking toplevel() on ptolemy.moml.MoMLSimpleApplication@46ef4f36
----------------- Done invoking toplevel() on ptolemy.moml.MoMLSimpleApplication@46ef4f36
reloadAllAccessors: .RecordDisassembler

===========================================================================================
----------------- testing Thu Jun 14 22:45:51 UTC 2018 /home/travis/build/icyphy/ptII/ptolemy/actor/lib/test/auto/RecordDisassembler2.xml
----------------- Instantiating /home/travis/build/icyphy/ptII/ptolemy/actor/lib/test/auto/RecordDisassembler2.xml
2 ms. Memory: 1511424K Free: 1361444K (90%)
----------------- Invoking toplevel() on ptolemy.moml.MoMLSimpleApplication@26b1bcbd
----------------- Done invoking toplevel() on ptolemy.moml.MoMLSimpleApplication@26b1bcbd
reloadAllAccessors: .RecordDisassembler2

===========================================================================================
----------------- testing Thu Jun 14 22:45:51 UTC 2018 /home/travis/build/icyphy/ptII/ptolemy/actor/lib/test/auto/RecordUpdater.xml
----------------- Instantiating /home/travis/build/icyphy/ptII/ptolemy/actor/lib/test/auto/RecordUpdater.xml
2 ms. Memory: 1511424K Free: 1343827K (89%)
----------------- Invoking toplevel() on ptolemy.moml.MoMLSimpleApplication@443a013b
----------------- Done invoking toplevel() on ptolemy.moml.MoMLSimpleApplication@443a013b
reloadAllAccessors: .RecordUpdater

===========================================================================================
----------------- testing Thu Jun 14 22:45:51 UTC 2018 /home/travis/build/icyphy/ptII/ptolemy/actor/lib/test/auto/RecordUpdater2.xml
----------------- Instantiating /home/travis/build/icyphy/ptII/ptolemy/actor/lib/test/auto/RecordUpdater2.xml
2 ms. Memory: 1511424K Free: 1329859K (88%)
----------------- Invoking toplevel() on ptolemy.moml.MoMLSimpleApplication@73a92640
----------------- Done invoking toplevel() on ptolemy.moml.MoMLSimpleApplication@73a92640
reloadAllAccessors: .RecordUpdater2

===========================================================================================
----------------- testing Thu Jun 14 22:45:51 UTC 2018 /home/travis/build/icyphy/ptII/ptolemy/actor/lib/test/auto/RecursiveLattice.xml
----------------- Instantiating /home/travis/build/icyphy/ptII/ptolemy/actor/lib/test/auto/RecursiveLattice.xml
1 ms. Memory: 1511424K Free: 1312243K (87%)
----------------- Invoking toplevel() on ptolemy.moml.MoMLSimpleApplication@26937f7c
----------------- Done invoking toplevel() on ptolemy.moml.MoMLSimpleApplication@26937f7c
reloadAllAccessors: .RecursiveLattice

===========================================================================================
----------------- testing Thu Jun 14 22:45:51 UTC 2018 /home/travis/build/icyphy/ptII/ptolemy/actor/lib/test/auto/Router.xml
----------------- Instantiating /home/travis/build/icyphy/ptII/ptolemy/actor/lib/test/auto/Router.xml
3007 ms. Memory: 1511424K Free: 1294626K (86%)
----------------- Invoking toplevel() on ptolemy.moml.MoMLSimpleApplication@52b28403
----------------- Done invoking toplevel() on ptolemy.moml.MoMLSimpleApplication@52b28403
reloadAllAccessors: .Router

===========================================================================================
----------------- testing Thu Jun 14 22:45:54 UTC 2018 /home/travis/build/icyphy/ptII/ptolemy/actor/lib/test/auto/Router2.xml
----------------- Instantiating /home/travis/build/icyphy/ptII/ptolemy/actor/lib/test/auto/Router2.xml
3003 ms. Memory: 1511424K Free: 1280659K (85%)
----------------- Invoking toplevel() on ptolemy.moml.MoMLSimpleApplication@32798564
----------------- Done invoking toplevel() on ptolemy.moml.MoMLSimpleApplication@32798564
reloadAllAccessors: .Router2

===========================================================================================
----------------- testing Thu Jun 14 22:45:57 UTC 2018 /home/travis/build/icyphy/ptII/ptolemy/actor/lib/test/auto/RunningMaximum.xml
----------------- Instantiating /home/travis/build/icyphy/ptII/ptolemy/actor/lib/test/auto/RunningMaximum.xml
2 ms. Memory: 1511424K Free: 1263042K (84%)
----------------- Invoking toplevel() on ptolemy.moml.MoMLSimpleApplication@6464dd0d
----------------- Done invoking toplevel() on ptolemy.moml.MoMLSimpleApplication@6464dd0d
reloadAllAccessors: .RunningMaximum

===========================================================================================
----------------- testing Thu Jun 14 22:45:57 UTC 2018 /home/travis/build/icyphy/ptII/ptolemy/actor/lib/test/auto/RunningMinimum.xml
----------------- Instantiating /home/travis/build/icyphy/ptII/ptolemy/actor/lib/test/auto/RunningMinimum.xml
2 ms. Memory: 1511424K Free: 1245425K (82%)
----------------- Invoking toplevel() on ptolemy.moml.MoMLSimpleApplication@4fd15657
----------------- Done invoking toplevel() on ptolemy.moml.MoMLSimpleApplication@4fd15657
reloadAllAccessors: .RunningMinimum

===========================================================================================
----------------- testing Thu Jun 14 22:45:57 UTC 2018 /home/travis/build/icyphy/ptII/ptolemy/actor/lib/test/auto/Scale.xml
----------------- Instantiating /home/travis/build/icyphy/ptII/ptolemy/actor/lib/test/auto/Scale.xml
1 ms. Memory: 1511424K Free: 1231458K (81%)
----------------- Invoking toplevel() on ptolemy.moml.MoMLSimpleApplication@251bffa0
----------------- Done invoking toplevel() on ptolemy.moml.MoMLSimpleApplication@251bffa0
reloadAllAccessors: .Scale

===========================================================================================
----------------- testing Thu Jun 14 22:45:57 UTC 2018 /home/travis/build/icyphy/ptII/ptolemy/actor/lib/test/auto/Scale2.xml
----------------- Instantiating /home/travis/build/icyphy/ptII/ptolemy/actor/lib/test/auto/Scale2.xml
1 ms. Memory: 1511424K Free: 1213841K (80%)
----------------- Invoking toplevel() on ptolemy.moml.MoMLSimpleApplication@32b3e1cc
----------------- Done invoking toplevel() on ptolemy.moml.MoMLSimpleApplication@32b3e1cc
reloadAllAccessors: .Scale2

===========================================================================================
----------------- testing Thu Jun 14 22:45:57 UTC 2018 /home/travis/build/icyphy/ptII/ptolemy/actor/lib/test/auto/Scale3.xml
----------------- Instantiating /home/travis/build/icyphy/ptII/ptolemy/actor/lib/test/auto/Scale3.xml
3 ms. Memory: 1511424K Free: 1196224K (79%)
----------------- Invoking toplevel() on ptolemy.moml.MoMLSimpleApplication@4021bd0a
----------------- Done invoking toplevel() on ptolemy.moml.MoMLSimpleApplication@4021bd0a
reloadAllAccessors: .Scale3

===========================================================================================
----------------- testing Thu Jun 14 22:45:57 UTC 2018 /home/travis/build/icyphy/ptII/ptolemy/actor/lib/test/auto/ScaleArray.xml
----------------- Instantiating /home/travis/build/icyphy/ptII/ptolemy/actor/lib/test/auto/ScaleArray.xml
2 ms. Memory: 1511424K Free: 1182257K (78%)
----------------- Invoking toplevel() on ptolemy.moml.MoMLSimpleApplication@4a5e4e35
----------------- Done invoking toplevel() on ptolemy.moml.MoMLSimpleApplication@4a5e4e35
reloadAllAccessors: .ScaleArray

===========================================================================================
----------------- testing Thu Jun 14 22:45:57 UTC 2018 /home/travis/build/icyphy/ptII/ptolemy/actor/lib/test/auto/ScaleArray2.xml
----------------- Instantiating /home/travis/build/icyphy/ptII/ptolemy/actor/lib/test/auto/ScaleArray2.xml
1 ms. Memory: 1511424K Free: 1164640K (77%)
----------------- Invoking toplevel() on ptolemy.moml.MoMLSimpleApplication@fa980d8
----------------- Done invoking toplevel() on ptolemy.moml.MoMLSimpleApplication@fa980d8
reloadAllAccessors: .ScaleArray2

===========================================================================================
----------------- testing Thu Jun 14 22:45:57 UTC 2018 /home/travis/build/icyphy/ptII/ptolemy/actor/lib/test/auto/ScaleMatrix.xml
----------------- Instantiating /home/travis/build/icyphy/ptII/ptolemy/actor/lib/test/auto/ScaleMatrix.xml
105 ms. Memory: 1511424K Free: 1140040K (75%)
----------------- Invoking toplevel() on ptolemy.moml.MoMLSimpleApplication@4920bdc2
----------------- Done invoking toplevel() on ptolemy.moml.MoMLSimpleApplication@4920bdc2
reloadAllAccessors: .ScaleMatrix

===========================================================================================
----------------- testing Thu Jun 14 22:45:57 UTC 2018 /home/travis/build/icyphy/ptII/ptolemy/actor/lib/test/auto/Select.xml
----------------- Instantiating /home/travis/build/icyphy/ptII/ptolemy/actor/lib/test/auto/Select.xml
3 ms. Memory: 1511424K Free: 1126073K (75%)
----------------- Invoking toplevel() on ptolemy.moml.MoMLSimpleApplication@13fa538a
----------------- Done invoking toplevel() on ptolemy.moml.MoMLSimpleApplication@13fa538a
reloadAllAccessors: .Select

===========================================================================================
----------------- testing Thu Jun 14 22:45:57 UTC 2018 /home/travis/build/icyphy/ptII/ptolemy/actor/lib/test/auto/Select2.xml
----------------- Instantiating /home/travis/build/icyphy/ptII/ptolemy/actor/lib/test/auto/Select2.xml
1 ms. Memory: 1511424K Free: 1108456K (73%)
----------------- Invoking toplevel() on ptolemy.moml.MoMLSimpleApplication@74452395
----------------- Done invoking toplevel() on ptolemy.moml.MoMLSimpleApplication@74452395
reloadAllAccessors: .Select2

===========================================================================================
----------------- testing Thu Jun 14 22:45:57 UTC 2018 /home/travis/build/icyphy/ptII/ptolemy/actor/lib/test/auto/SequenceToArray2.xml
----------------- Instantiating /home/travis/build/icyphy/ptII/ptolemy/actor/lib/test/auto/SequenceToArray2.xml
94 ms. Memory: 1511424K Free: 1020986K (68%)
----------------- Invoking toplevel() on ptolemy.moml.MoMLSimpleApplication@67ac77ef
----------------- Done invoking toplevel() on ptolemy.moml.MoMLSimpleApplication@67ac77ef
reloadAllAccessors: .SequenceToArray2

===========================================================================================
----------------- testing Thu Jun 14 22:45:57 UTC 2018 /home/travis/build/icyphy/ptII/ptolemy/actor/lib/test/auto/SequentialClock.xml
----------------- Instantiating /home/travis/build/icyphy/ptII/ptolemy/actor/lib/test/auto/SequentialClock.xml
4 ms. Memory: 1511424K Free: 1007019K (67%)
----------------- Invoking toplevel() on ptolemy.moml.MoMLSimpleApplication@ca4ee5
----------------- Done invoking toplevel() on ptolemy.moml.MoMLSimpleApplication@ca4ee5
reloadAllAccessors: .SequentialClock

===========================================================================================
----------------- testing Thu Jun 14 22:45:57 UTC 2018 /home/travis/build/icyphy/ptII/ptolemy/actor/lib/test/auto/SetVariable.xml
----------------- Instantiating /home/travis/build/icyphy/ptII/ptolemy/actor/lib/test/auto/SetVariable.xml
7 ms. Memory: 1511424K Free: 989402K (65%)
----------------- Invoking toplevel() on ptolemy.moml.MoMLSimpleApplication@55315d7b
----------------- Done invoking toplevel() on ptolemy.moml.MoMLSimpleApplication@55315d7b
reloadAllAccessors: .SetVariable

===========================================================================================
----------------- testing Thu Jun 14 22:45:57 UTC 2018 /home/travis/build/icyphy/ptII/ptolemy/actor/lib/test/auto/SetVariable2.xml
----------------- Instantiating /home/travis/build/icyphy/ptII/ptolemy/actor/lib/test/auto/SetVariable2.xml
7 ms. Memory: 1511424K Free: 971786K (64%)
----------------- Invoking toplevel() on ptolemy.moml.MoMLSimpleApplication@a625916
----------------- Done invoking toplevel() on ptolemy.moml.MoMLSimpleApplication@a625916
reloadAllAccessors: .SetVariable2

===========================================================================================
----------------- testing Thu Jun 14 22:45:57 UTC 2018 /home/travis/build/icyphy/ptII/ptolemy/actor/lib/test/auto/SetVariable3.xml
----------------- Instantiating /home/travis/build/icyphy/ptII/ptolemy/actor/lib/test/auto/SetVariable3.xml
7 ms. Memory: 1511424K Free: 957818K (63%)
----------------- Invoking toplevel() on ptolemy.moml.MoMLSimpleApplication@487eb26f
----------------- Done invoking toplevel() on ptolemy.moml.MoMLSimpleApplication@487eb26f
reloadAllAccessors: .SetVariable3

===========================================================================================
----------------- testing Thu Jun 14 22:45:58 UTC 2018 /home/travis/build/icyphy/ptII/ptolemy/actor/lib/test/auto/SetVariable4.xml
----------------- Instantiating /home/travis/build/icyphy/ptII/ptolemy/actor/lib/test/auto/SetVariable4.xml
17 ms. Memory: 1511424K Free: 891316K (59%)
----------------- Invoking toplevel() on ptolemy.moml.MoMLSimpleApplication@84e7361
----------------- Done invoking toplevel() on ptolemy.moml.MoMLSimpleApplication@84e7361
reloadAllAccessors: .SetVariable4

===========================================================================================
----------------- testing Thu Jun 14 22:45:58 UTC 2018 /home/travis/build/icyphy/ptII/ptolemy/actor/lib/test/auto/SetVariable5.xml
----------------- Instantiating /home/travis/build/icyphy/ptII/ptolemy/actor/lib/test/auto/SetVariable5.xml
17 ms. Memory: 1511424K Free: 873699K (58%)
----------------- Invoking toplevel() on ptolemy.moml.MoMLSimpleApplication@7cee737f
----------------- Done invoking toplevel() on ptolemy.moml.MoMLSimpleApplication@7cee737f
reloadAllAccessors: .SetVariable5

===========================================================================================
----------------- testing Thu Jun 14 22:45:58 UTC 2018 /home/travis/build/icyphy/ptII/ptolemy/actor/lib/test/auto/Sinewave.xml
----------------- Instantiating /home/travis/build/icyphy/ptII/ptolemy/actor/lib/test/auto/Sinewave.xml
8 ms. Memory: 1511424K Free: 849083K (56%)
----------------- Invoking toplevel() on ptolemy.moml.MoMLSimpleApplication@6578df6a
----------------- Done invoking toplevel() on ptolemy.moml.MoMLSimpleApplication@6578df6a
reloadAllAccessors: .Sinewave

===========================================================================================
----------------- testing Thu Jun 14 22:45:58 UTC 2018 /home/travis/build/icyphy/ptII/ptolemy/actor/lib/test/auto/Sinewave2.xml
----------------- Instantiating /home/travis/build/icyphy/ptII/ptolemy/actor/lib/test/auto/Sinewave2.xml
5 ms. Memory: 1511424K Free: 835115K (55%)
----------------- Invoking toplevel() on ptolemy.moml.MoMLSimpleApplication@5d645aa3
----------------- Done invoking toplevel() on ptolemy.moml.MoMLSimpleApplication@5d645aa3
reloadAllAccessors: .Sinewave2

===========================================================================================
----------------- testing Thu Jun 14 22:45:58 UTC 2018 /home/travis/build/icyphy/ptII/ptolemy/actor/lib/test/auto/Sinewave3.xml
----------------- Instantiating /home/travis/build/icyphy/ptII/ptolemy/actor/lib/test/auto/Sinewave3.xml
11 ms. Memory: 1511424K Free: 817499K (54%)
----------------- Invoking toplevel() on ptolemy.moml.MoMLSimpleApplication@391db057
----------------- Done invoking toplevel() on ptolemy.moml.MoMLSimpleApplication@391db057
reloadAllAccessors: .Sinewave3

===========================================================================================
----------------- testing Thu Jun 14 22:45:58 UTC 2018 /home/travis/build/icyphy/ptII/ptolemy/actor/lib/test/auto/SingleEvent.xml
----------------- Instantiating /home/travis/build/icyphy/ptII/ptolemy/actor/lib/test/auto/SingleEvent.xml
1 ms. Memory: 1511424K Free: 799882K (53%)
----------------- Invoking toplevel() on ptolemy.moml.MoMLSimpleApplication@1354766f
----------------- Done invoking toplevel() on ptolemy.moml.MoMLSimpleApplication@1354766f
reloadAllAccessors: .SingleEvent

===========================================================================================
----------------- testing Thu Jun 14 22:45:58 UTC 2018 /home/travis/build/icyphy/ptII/ptolemy/actor/lib/test/auto/Sleep.xml
----------------- Instantiating /home/travis/build/icyphy/ptII/ptolemy/actor/lib/test/auto/Sleep.xml
6003 ms. Memory: 1511424K Free: 785915K (52%)
----------------- Invoking toplevel() on ptolemy.moml.MoMLSimpleApplication@18e98263
----------------- Done invoking toplevel() on ptolemy.moml.MoMLSimpleApplication@18e98263
reloadAllAccessors: .Sleep

===========================================================================================
----------------- testing Thu Jun 14 22:46:04 UTC 2018 /home/travis/build/icyphy/ptII/ptolemy/actor/lib/test/auto/SleepMultipleFire.xml
----------------- Instantiating /home/travis/build/icyphy/ptII/ptolemy/actor/lib/test/auto/SleepMultipleFire.xml
1005 ms. Memory: 1511424K Free: 768298K (51%)
----------------- Invoking toplevel() on ptolemy.moml.MoMLSimpleApplication@675bb222
----------------- Done invoking toplevel() on ptolemy.moml.MoMLSimpleApplication@675bb222
reloadAllAccessors: .SleepMultipleFire

===========================================================================================
----------------- testing Thu Jun 14 22:46:05 UTC 2018 /home/travis/build/icyphy/ptII/ptolemy/actor/lib/test/auto/StopDE.xml
----------------- Instantiating /home/travis/build/icyphy/ptII/ptolemy/actor/lib/test/auto/StopDE.xml
2 ms. Memory: 1511424K Free: 750681K (50%)
----------------- Invoking toplevel() on ptolemy.moml.MoMLSimpleApplication@61b2a070
----------------- Done invoking toplevel() on ptolemy.moml.MoMLSimpleApplication@61b2a070
reloadAllAccessors: .StopDE

===========================================================================================
----------------- testing Thu Jun 14 22:46:05 UTC 2018 /home/travis/build/icyphy/ptII/ptolemy/actor/lib/test/auto/StopSDF.xml
----------------- Instantiating /home/travis/build/icyphy/ptII/ptolemy/actor/lib/test/auto/StopSDF.xml
2 ms. Memory: 1511424K Free: 736714K (49%)
----------------- Invoking toplevel() on ptolemy.moml.MoMLSimpleApplication@2a3a2613
----------------- Done invoking toplevel() on ptolemy.moml.MoMLSimpleApplication@2a3a2613
reloadAllAccessors: .StopSDF

===========================================================================================
----------------- testing Thu Jun 14 22:46:05 UTC 2018 /home/travis/build/icyphy/ptII/ptolemy/actor/lib/test/auto/StringConstant.xml
----------------- Instantiating /home/travis/build/icyphy/ptII/ptolemy/actor/lib/test/auto/StringConstant.xml
2 ms. Memory: 1511424K Free: 719097K (48%)
----------------- Invoking toplevel() on ptolemy.moml.MoMLSimpleApplication@cd8779f
----------------- Done invoking toplevel() on ptolemy.moml.MoMLSimpleApplication@cd8779f
reloadAllAccessors: .StringConstant

===========================================================================================
----------------- testing Thu Jun 14 22:46:05 UTC 2018 /home/travis/build/icyphy/ptII/ptolemy/actor/lib/test/auto/SubscriberPortInitialValues1.xml
----------------- Instantiating /home/travis/build/icyphy/ptII/ptolemy/actor/lib/test/auto/SubscriberPortInitialValues1.xml
5 ms. Memory: 1511424K Free: 701481K (46%)
----------------- Invoking toplevel() on ptolemy.moml.MoMLSimpleApplication@2ecc45cc
----------------- Done invoking toplevel() on ptolemy.moml.MoMLSimpleApplication@2ecc45cc
reloadAllAccessors: .SubscriberPortInitialValues1

===========================================================================================
----------------- testing Thu Jun 14 22:46:05 UTC 2018 /home/travis/build/icyphy/ptII/ptolemy/actor/lib/test/auto/SubscriberPortInitialValues13.xml
----------------- Instantiating /home/travis/build/icyphy/ptII/ptolemy/actor/lib/test/auto/SubscriberPortInitialValues13.xml
4 ms. Memory: 1511424K Free: 680514K (45%)
----------------- Invoking toplevel() on ptolemy.moml.MoMLSimpleApplication@4877f70
----------------- Done invoking toplevel() on ptolemy.moml.MoMLSimpleApplication@4877f70
reloadAllAccessors: .SubscriberPortInitialValues13

===========================================================================================
----------------- testing Thu Jun 14 22:46:05 UTC 2018 /home/travis/build/icyphy/ptII/ptolemy/actor/lib/test/auto/SubscriberPortInitialValues14.xml
----------------- Instantiating /home/travis/build/icyphy/ptII/ptolemy/actor/lib/test/auto/SubscriberPortInitialValues14.xml
4 ms. Memory: 1511424K Free: 662897K (44%)
----------------- Invoking toplevel() on ptolemy.moml.MoMLSimpleApplication@60017f39
----------------- Done invoking toplevel() on ptolemy.moml.MoMLSimpleApplication@60017f39
reloadAllAccessors: .SubscriberPortInitialValues14

===========================================================================================
----------------- testing Thu Jun 14 22:46:05 UTC 2018 /home/travis/build/icyphy/ptII/ptolemy/actor/lib/test/auto/SubscriberPortInitialValues2.xml
----------------- Instantiating /home/travis/build/icyphy/ptII/ptolemy/actor/lib/test/auto/SubscriberPortInitialValues2.xml
4 ms. Memory: 1511424K Free: 645280K (43%)
----------------- Invoking toplevel() on ptolemy.moml.MoMLSimpleApplication@6d4cbf08
----------------- Done invoking toplevel() on ptolemy.moml.MoMLSimpleApplication@6d4cbf08
reloadAllAccessors: .SubscriberPortInitialValues2

===========================================================================================
----------------- testing Thu Jun 14 22:46:05 UTC 2018 /home/travis/build/icyphy/ptII/ptolemy/actor/lib/test/auto/SubscriberPortInitialValues3.xml
----------------- Instantiating /home/travis/build/icyphy/ptII/ptolemy/actor/lib/test/auto/SubscriberPortInitialValues3.xml
4 ms. Memory: 1511424K Free: 624329K (41%)
----------------- Invoking toplevel() on ptolemy.moml.MoMLSimpleApplication@13ced29c
----------------- Done invoking toplevel() on ptolemy.moml.MoMLSimpleApplication@13ced29c
reloadAllAccessors: .SubscriberPortInitialValues3

===========================================================================================
----------------- testing Thu Jun 14 22:46:05 UTC 2018 /home/travis/build/icyphy/ptII/ptolemy/actor/lib/test/auto/SubscriptionAggregator.xml
----------------- Instantiating /home/travis/build/icyphy/ptII/ptolemy/actor/lib/test/auto/SubscriptionAggregator.xml
3 ms. Memory: 1511424K Free: 606713K (40%)
----------------- Invoking toplevel() on ptolemy.moml.MoMLSimpleApplication@e76c1c7
----------------- Done invoking toplevel() on ptolemy.moml.MoMLSimpleApplication@e76c1c7
reloadAllAccessors: .SubscriptionAggregator

===========================================================================================
----------------- testing Thu Jun 14 22:46:05 UTC 2018 /home/travis/build/icyphy/ptII/ptolemy/actor/lib/test/auto/SubscriptionAggregator2.xml
----------------- Instantiating /home/travis/build/icyphy/ptII/ptolemy/actor/lib/test/auto/SubscriptionAggregator2.xml
2 ms. Memory: 1511424K Free: 589096K (39%)
----------------- Invoking toplevel() on ptolemy.moml.MoMLSimpleApplication@6ee98ae4
----------------- Done invoking toplevel() on ptolemy.moml.MoMLSimpleApplication@6ee98ae4
reloadAllAccessors: .SubscriptionAggregator2

===========================================================================================
----------------- testing Thu Jun 14 22:46:05 UTC 2018 /home/travis/build/icyphy/ptII/ptolemy/actor/lib/test/auto/SubscriptionAggregator3.xml
----------------- Instantiating /home/travis/build/icyphy/ptII/ptolemy/actor/lib/test/auto/SubscriptionAggregator3.xml
3 ms. Memory: 1511424K Free: 575129K (38%)
----------------- Invoking toplevel() on ptolemy.moml.MoMLSimpleApplication@53007f91
----------------- Done invoking toplevel() on ptolemy.moml.MoMLSimpleApplication@53007f91
reloadAllAccessors: .SubscriptionAggregator3

===========================================================================================
----------------- testing Thu Jun 14 22:46:05 UTC 2018 /home/travis/build/icyphy/ptII/ptolemy/actor/lib/test/auto/SubscriptionAggregatorMultiply.xml
----------------- Instantiating /home/travis/build/icyphy/ptII/ptolemy/actor/lib/test/auto/SubscriptionAggregatorMultiply.xml
3 ms. Memory: 1511424K Free: 557512K (37%)
----------------- Invoking toplevel() on ptolemy.moml.MoMLSimpleApplication@392723df
----------------- Done invoking toplevel() on ptolemy.moml.MoMLSimpleApplication@392723df
reloadAllAccessors: .SubscriptionAggregatorMultiply

===========================================================================================
----------------- testing Thu Jun 14 22:46:05 UTC 2018 /home/travis/build/icyphy/ptII/ptolemy/actor/lib/test/auto/SubscriptionAggregatorPortMultiply1.xml
----------------- Instantiating /home/travis/build/icyphy/ptII/ptolemy/actor/lib/test/auto/SubscriptionAggregatorPortMultiply1.xml
4 ms. Memory: 1511424K Free: 539896K (36%)
----------------- Invoking toplevel() on ptolemy.moml.MoMLSimpleApplication@5de7d114
----------------- Done invoking toplevel() on ptolemy.moml.MoMLSimpleApplication@5de7d114
reloadAllAccessors: .SubscriptionAggregatorPortMultiply1

===========================================================================================
----------------- testing Thu Jun 14 22:46:05 UTC 2018 /home/travis/build/icyphy/ptII/ptolemy/actor/lib/test/auto/Switch.xml
----------------- Instantiating /home/travis/build/icyphy/ptII/ptolemy/actor/lib/test/auto/Switch.xml
4 ms. Memory: 1511424K Free: 484026K (32%)
----------------- Invoking toplevel() on ptolemy.moml.MoMLSimpleApplication@4b6d991a
----------------- Done invoking toplevel() on ptolemy.moml.MoMLSimpleApplication@4b6d991a
reloadAllAccessors: .Switch

===========================================================================================
----------------- testing Thu Jun 14 22:46:05 UTC 2018 /home/travis/build/icyphy/ptII/ptolemy/actor/lib/test/auto/Switch2.xml
----------------- Instantiating /home/travis/build/icyphy/ptII/ptolemy/actor/lib/test/auto/Switch2.xml
1 ms. Memory: 1511424K Free: 466409K (31%)
----------------- Invoking toplevel() on ptolemy.moml.MoMLSimpleApplication@611ff945
----------------- Done invoking toplevel() on ptolemy.moml.MoMLSimpleApplication@611ff945
reloadAllAccessors: .Switch2

===========================================================================================
----------------- testing Thu Jun 14 22:46:05 UTC 2018 /home/travis/build/icyphy/ptII/ptolemy/actor/lib/test/auto/SwitchDE.xml
----------------- Instantiating /home/travis/build/icyphy/ptII/ptolemy/actor/lib/test/auto/SwitchDE.xml
2 ms. Memory: 1511424K Free: 448793K (30%)
----------------- Invoking toplevel() on ptolemy.moml.MoMLSimpleApplication@1af19507
----------------- Done invoking toplevel() on ptolemy.moml.MoMLSimpleApplication@1af19507
reloadAllAccessors: .SwitchDE

===========================================================================================
----------------- testing Thu Jun 14 22:46:05 UTC 2018 /home/travis/build/icyphy/ptII/ptolemy/actor/lib/test/auto/SynchronizerDE.xml
----------------- Instantiating /home/travis/build/icyphy/ptII/ptolemy/actor/lib/test/auto/SynchronizerDE.xml
3 ms. Memory: 1511424K Free: 431176K (29%)
----------------- Invoking toplevel() on ptolemy.moml.MoMLSimpleApplication@22e04859
----------------- Done invoking toplevel() on ptolemy.moml.MoMLSimpleApplication@22e04859
reloadAllAccessors: .SynchronizerDE

===========================================================================================
----------------- testing Thu Jun 14 22:46:05 UTC 2018 /home/travis/build/icyphy/ptII/ptolemy/actor/lib/test/auto/Test.xml
----------------- Instantiating /home/travis/build/icyphy/ptII/ptolemy/actor/lib/test/auto/Test.xml
3 ms. Memory: 1511424K Free: 417209K (28%)
----------------- Invoking toplevel() on ptolemy.moml.MoMLSimpleApplication@7e29532b
----------------- Done invoking toplevel() on ptolemy.moml.MoMLSimpleApplication@7e29532b
reloadAllAccessors: .Test

===========================================================================================
----------------- testing Thu Jun 14 22:46:05 UTC 2018 /home/travis/build/icyphy/ptII/ptolemy/actor/lib/test/auto/TestExceptionAttribute1.xml
----------------- Instantiating /home/travis/build/icyphy/ptII/ptolemy/actor/lib/test/auto/TestExceptionAttribute1.xml
1 ms. Memory: 1511424K Free: 399592K (26%)
----------------- Invoking toplevel() on ptolemy.moml.MoMLSimpleApplication@6da5c764
----------------- Done invoking toplevel() on ptolemy.moml.MoMLSimpleApplication@6da5c764
reloadAllAccessors: .TestExceptionAttribute1

===========================================================================================
----------------- testing Thu Jun 14 22:46:05 UTC 2018 /home/travis/build/icyphy/ptII/ptolemy/actor/lib/test/auto/TestExceptionAttribute2.xml
----------------- Instantiating /home/travis/build/icyphy/ptII/ptolemy/actor/lib/test/auto/TestExceptionAttribute2.xml
1 ms. Memory: 1511424K Free: 381975K (25%)
----------------- Invoking toplevel() on ptolemy.moml.MoMLSimpleApplication@6c5c393a
----------------- Done invoking toplevel() on ptolemy.moml.MoMLSimpleApplication@6c5c393a
reloadAllAccessors: .TestExceptionAttribute2

===========================================================================================
----------------- testing Thu Jun 14 22:46:05 UTC 2018 /home/travis/build/icyphy/ptII/ptolemy/actor/lib/test/auto/TestExceptionAttribute3.xml
----------------- Instantiating /home/travis/build/icyphy/ptII/ptolemy/actor/lib/test/auto/TestExceptionAttribute3.xml
.TestExceptionAttribute3.TestExceptionAttribute: initialize() was not invoked, but wrapup() was.  This is unusual, but not always a problem.  For example, exporting JNLP will do this.
1 ms. Memory: 1511424K Free: 368008K (24%)
----------------- Invoking toplevel() on ptolemy.moml.MoMLSimpleApplication@304f25b2
----------------- Done invoking toplevel() on ptolemy.moml.MoMLSimpleApplication@304f25b2
reloadAllAccessors: .TestExceptionAttribute3

===========================================================================================
----------------- testing Thu Jun 14 22:46:05 UTC 2018 /home/travis/build/icyphy/ptII/ptolemy/actor/lib/test/auto/TestExceptionAttribute4.xml
----------------- Instantiating /home/travis/build/icyphy/ptII/ptolemy/actor/lib/test/auto/TestExceptionAttribute4.xml
.TestExceptionAttribute4.TestExceptionAttribute: initialize() was not invoked, but wrapup() was.  This is unusual, but not always a problem.  For example, exporting JNLP will do this.
.TestExceptionAttribute4.TestExceptionAttribute2: initialize() was not invoked, but wrapup() was.  This is unusual, but not always a problem.  For example, exporting JNLP will do this.
0 ms. Memory: 1511424K Free: 350391K (23%)
----------------- Invoking toplevel() on ptolemy.moml.MoMLSimpleApplication@51ef7fff
----------------- Done invoking toplevel() on ptolemy.moml.MoMLSimpleApplication@51ef7fff
reloadAllAccessors: .TestExceptionAttribute4

===========================================================================================
----------------- testing Thu Jun 14 22:46:05 UTC 2018 /home/travis/build/icyphy/ptII/ptolemy/actor/lib/test/auto/TestExceptionHandler1.xml
----------------- Instantiating /home/travis/build/icyphy/ptII/ptolemy/actor/lib/test/auto/TestExceptionHandler1.xml
1 ms. Memory: 1511424K Free: 332775K (22%)
----------------- Invoking toplevel() on ptolemy.moml.MoMLSimpleApplication@3eb8cad3
----------------- Done invoking toplevel() on ptolemy.moml.MoMLSimpleApplication@3eb8cad3
reloadAllAccessors: .TestExceptionHandler1

===========================================================================================
----------------- testing Thu Jun 14 22:46:05 UTC 2018 /home/travis/build/icyphy/ptII/ptolemy/actor/lib/test/auto/TestExceptionHandler2.xml
----------------- Instantiating /home/travis/build/icyphy/ptII/ptolemy/actor/lib/test/auto/TestExceptionHandler2.xml
2 ms. Memory: 1511424K Free: 318808K (21%)
----------------- Invoking toplevel() on ptolemy.moml.MoMLSimpleApplication@4b6f9901
----------------- Done invoking toplevel() on ptolemy.moml.MoMLSimpleApplication@4b6f9901
reloadAllAccessors: .TestExceptionHandler2

===========================================================================================
----------------- testing Thu Jun 14 22:46:05 UTC 2018 /home/travis/build/icyphy/ptII/ptolemy/actor/lib/test/auto/TestExceptionHandler3.xml
----------------- Instantiating /home/travis/build/icyphy/ptII/ptolemy/actor/lib/test/auto/TestExceptionHandler3.xml
1 ms. Memory: 1511424K Free: 301191K (20%)
----------------- Invoking toplevel() on ptolemy.moml.MoMLSimpleApplication@5832ca54
----------------- Done invoking toplevel() on ptolemy.moml.MoMLSimpleApplication@5832ca54
reloadAllAccessors: .TestExceptionHandler3

===========================================================================================
----------------- testing Thu Jun 14 22:46:05 UTC 2018 /home/travis/build/icyphy/ptII/ptolemy/actor/lib/test/auto/TestExceptionHandler4.xml
----------------- Instantiating /home/travis/build/icyphy/ptII/ptolemy/actor/lib/test/auto/TestExceptionHandler4.xml
0 ms. Memory: 1511424K Free: 283574K (19%)
----------------- Invoking toplevel() on ptolemy.moml.MoMLSimpleApplication@352fed98
----------------- Done invoking toplevel() on ptolemy.moml.MoMLSimpleApplication@352fed98
reloadAllAccessors: .TestExceptionHandler4

===========================================================================================
----------------- testing Thu Jun 14 22:46:05 UTC 2018 /home/travis/build/icyphy/ptII/ptolemy/actor/lib/test/auto/TestRequireCorrectOrder.xml
----------------- Instantiating /home/travis/build/icyphy/ptII/ptolemy/actor/lib/test/auto/TestRequireCorrectOrder.xml
2 ms. Memory: 1511424K Free: 269607K (18%)
----------------- Invoking toplevel() on ptolemy.moml.MoMLSimpleApplication@506cc167
----------------- Done invoking toplevel() on ptolemy.moml.MoMLSimpleApplication@506cc167
reloadAllAccessors: .TestRequireCorrectOrder

===========================================================================================
----------------- testing Thu Jun 14 22:46:05 UTC 2018 /home/travis/build/icyphy/ptII/ptolemy/actor/lib/test/auto/TestSimple.xml
----------------- Instantiating /home/travis/build/icyphy/ptII/ptolemy/actor/lib/test/auto/TestSimple.xml
1 ms. Memory: 1511424K Free: 251991K (17%)
----------------- Invoking toplevel() on ptolemy.moml.MoMLSimpleApplication@19b77a88
----------------- Done invoking toplevel() on ptolemy.moml.MoMLSimpleApplication@19b77a88
reloadAllAccessors: .TestSimple

===========================================================================================
----------------- testing Thu Jun 14 22:46:05 UTC 2018 /home/travis/build/icyphy/ptII/ptolemy/actor/lib/test/auto/ThrowModelError.xml
----------------- Instantiating /home/travis/build/icyphy/ptII/ptolemy/actor/lib/test/auto/ThrowModelError.xml
1 ms. Memory: 1511424K Free: 234374K (16%)
----------------- Invoking toplevel() on ptolemy.moml.MoMLSimpleApplication@5ec86072
----------------- Done invoking toplevel() on ptolemy.moml.MoMLSimpleApplication@5ec86072
reloadAllAccessors: .ThrowModelError

===========================================================================================
----------------- testing Thu Jun 14 22:46:05 UTC 2018 /home/travis/build/icyphy/ptII/ptolemy/actor/lib/test/auto/TimeDelayMicrosteps.xml
----------------- Instantiating /home/travis/build/icyphy/ptII/ptolemy/actor/lib/test/auto/TimeDelayMicrosteps.xml
3 ms. Memory: 1511424K Free: 220406K (15%)
----------------- Invoking toplevel() on ptolemy.moml.MoMLSimpleApplication@28f909c1
----------------- Done invoking toplevel() on ptolemy.moml.MoMLSimpleApplication@28f909c1
reloadAllAccessors: .TimeDelayMicrosteps

===========================================================================================
----------------- testing Thu Jun 14 22:46:05 UTC 2018 /home/travis/build/icyphy/ptII/ptolemy/actor/lib/test/auto/TimeDelayMicrosteps2.xml
----------------- Instantiating /home/travis/build/icyphy/ptII/ptolemy/actor/lib/test/auto/TimeDelayMicrosteps2.xml
3 ms. Memory: 1511424K Free: 202790K (13%)
----------------- Invoking toplevel() on ptolemy.moml.MoMLSimpleApplication@4e1075c2
----------------- Done invoking toplevel() on ptolemy.moml.MoMLSimpleApplication@4e1075c2
reloadAllAccessors: .TimeDelayMicrosteps2

===========================================================================================
----------------- testing Thu Jun 14 22:46:05 UTC 2018 /home/travis/build/icyphy/ptII/ptolemy/actor/lib/test/auto/TimeDelayMicrosteps3.xml
----------------- Instantiating /home/travis/build/icyphy/ptII/ptolemy/actor/lib/test/auto/TimeDelayMicrosteps3.xml
3 ms. Memory: 1511424K Free: 185173K (12%)
----------------- Invoking toplevel() on ptolemy.moml.MoMLSimpleApplication@36296255
----------------- Done invoking toplevel() on ptolemy.moml.MoMLSimpleApplication@36296255
reloadAllAccessors: .TimeDelayMicrosteps3

===========================================================================================
----------------- testing Thu Jun 14 22:46:05 UTC 2018 /home/travis/build/icyphy/ptII/ptolemy/actor/lib/test/auto/TimeDelayVariableMicrosteps.xml
----------------- Instantiating /home/travis/build/icyphy/ptII/ptolemy/actor/lib/test/auto/TimeDelayVariableMicrosteps.xml
2 ms. Memory: 1511424K Free: 171206K (11%)
----------------- Invoking toplevel() on ptolemy.moml.MoMLSimpleApplication@18d29a13
----------------- Done invoking toplevel() on ptolemy.moml.MoMLSimpleApplication@18d29a13
reloadAllAccessors: .TimeDelayVariableMicrosteps

===========================================================================================
----------------- testing Thu Jun 14 22:46:05 UTC 2018 /home/travis/build/icyphy/ptII/ptolemy/actor/lib/test/auto/TimeGap.xml
----------------- Instantiating /home/travis/build/icyphy/ptII/ptolemy/actor/lib/test/auto/TimeGap.xml
3 ms. Memory: 1511424K Free: 153589K (10%)
----------------- Invoking toplevel() on ptolemy.moml.MoMLSimpleApplication@2154d1b4
----------------- Done invoking toplevel() on ptolemy.moml.MoMLSimpleApplication@2154d1b4
reloadAllAccessors: .TimeGap

===========================================================================================
----------------- testing Thu Jun 14 22:46:05 UTC 2018 /home/travis/build/icyphy/ptII/ptolemy/actor/lib/test/auto/TimeGap2.xml
----------------- Instantiating /home/travis/build/icyphy/ptII/ptolemy/actor/lib/test/auto/TimeGap2.xml
2 ms. Memory: 1511424K Free: 135972K (9%)
----------------- Invoking toplevel() on ptolemy.moml.MoMLSimpleApplication@1f226b19
----------------- Done invoking toplevel() on ptolemy.moml.MoMLSimpleApplication@1f226b19
reloadAllAccessors: .TimeGap2

===========================================================================================
----------------- testing Thu Jun 14 22:46:05 UTC 2018 /home/travis/build/icyphy/ptII/ptolemy/actor/lib/test/auto/TimedSinewave.xml
----------------- Instantiating /home/travis/build/icyphy/ptII/ptolemy/actor/lib/test/auto/TimedSinewave.xml
15 ms. Memory: 1511424K Free: 111372K (7%)
----------------- Invoking toplevel() on ptolemy.moml.MoMLSimpleApplication@3e392e07
----------------- Done invoking toplevel() on ptolemy.moml.MoMLSimpleApplication@3e392e07
reloadAllAccessors: .TimedSinewave

===========================================================================================
----------------- testing Thu Jun 14 22:46:06 UTC 2018 /home/travis/build/icyphy/ptII/ptolemy/actor/lib/test/auto/TimedSinewavePhase.xml
----------------- Instantiating /home/travis/build/icyphy/ptII/ptolemy/actor/lib/test/auto/TimedSinewavePhase.xml
22 ms. Memory: 1511424K Free: 97404K (6%)
----------------- Invoking toplevel() on ptolemy.moml.MoMLSimpleApplication@50742716
----------------- Done invoking toplevel() on ptolemy.moml.MoMLSimpleApplication@50742716
reloadAllAccessors: .TimedSinewavePhase

===========================================================================================
----------------- testing Thu Jun 14 22:46:06 UTC 2018 /home/travis/build/icyphy/ptII/ptolemy/actor/lib/test/auto/Timer.xml
----------------- Instantiating /home/travis/build/icyphy/ptII/ptolemy/actor/lib/test/auto/Timer.xml
2 ms. Memory: 1511424K Free: 79788K (5%)
----------------- Invoking toplevel() on ptolemy.moml.MoMLSimpleApplication@7157c662
----------------- Done invoking toplevel() on ptolemy.moml.MoMLSimpleApplication@7157c662
reloadAllAccessors: .Timer

===========================================================================================
----------------- testing Thu Jun 14 22:46:06 UTC 2018 /home/travis/build/icyphy/ptII/ptolemy/actor/lib/test/auto/TriangularDistTestModel.xml
----------------- Instantiating /home/travis/build/icyphy/ptII/ptolemy/actor/lib/test/auto/TriangularDistTestModel.xml
2 ms. Memory: 1563136K Free: 1512285K (97%)
----------------- Invoking toplevel() on ptolemy.moml.MoMLSimpleApplication@73df7d0
----------------- Done invoking toplevel() on ptolemy.moml.MoMLSimpleApplication@73df7d0
reloadAllAccessors: .TriangularDistTestModel

===========================================================================================
----------------- testing Thu Jun 14 22:46:06 UTC 2018 /home/travis/build/icyphy/ptII/ptolemy/actor/lib/test/auto/TrigFunction.xml
----------------- Instantiating /home/travis/build/icyphy/ptII/ptolemy/actor/lib/test/auto/TrigFunction.xml
2 ms. Memory: 1563136K Free: 1493862K (96%)
----------------- Invoking toplevel() on ptolemy.moml.MoMLSimpleApplication@5df257dd
----------------- Done invoking toplevel() on ptolemy.moml.MoMLSimpleApplication@5df257dd
reloadAllAccessors: .TrigFunction

===========================================================================================
----------------- testing Thu Jun 14 22:46:06 UTC 2018 /home/travis/build/icyphy/ptII/ptolemy/actor/lib/test/auto/TrigFunctionDE.xml
----------------- Instantiating /home/travis/build/icyphy/ptII/ptolemy/actor/lib/test/auto/TrigFunctionDE.xml
2 ms. Memory: 1563136K Free: 1475439K (94%)
----------------- Invoking toplevel() on ptolemy.moml.MoMLSimpleApplication@43b1e185
----------------- Done invoking toplevel() on ptolemy.moml.MoMLSimpleApplication@43b1e185
reloadAllAccessors: .TrigFunctionDE

===========================================================================================
----------------- testing Thu Jun 14 22:46:06 UTC 2018 /home/travis/build/icyphy/ptII/ptolemy/actor/lib/test/auto/TrigFunctionInverse.xml
----------------- Instantiating /home/travis/build/icyphy/ptII/ptolemy/actor/lib/test/auto/TrigFunctionInverse.xml
3 ms. Memory: 1563136K Free: 1460836K (93%)
----------------- Invoking toplevel() on ptolemy.moml.MoMLSimpleApplication@58a6f41
----------------- Done invoking toplevel() on ptolemy.moml.MoMLSimpleApplication@58a6f41
reloadAllAccessors: .TrigFunctionInverse

===========================================================================================
----------------- testing Thu Jun 14 22:46:06 UTC 2018 /home/travis/build/icyphy/ptII/ptolemy/actor/lib/test/auto/TrigFunctionTan.xml
----------------- Instantiating /home/travis/build/icyphy/ptII/ptolemy/actor/lib/test/auto/TrigFunctionTan.xml
2 ms. Memory: 1563136K Free: 1442413K (92%)
----------------- Invoking toplevel() on ptolemy.moml.MoMLSimpleApplication@df9592e
----------------- Done invoking toplevel() on ptolemy.moml.MoMLSimpleApplication@df9592e
reloadAllAccessors: .TrigFunctionTan

===========================================================================================
----------------- testing Thu Jun 14 22:46:06 UTC 2018 /home/travis/build/icyphy/ptII/ptolemy/actor/lib/test/auto/TriggeredClock.xml
----------------- Instantiating /home/travis/build/icyphy/ptII/ptolemy/actor/lib/test/auto/TriggeredClock.xml
1 ms. Memory: 1563136K Free: 1423990K (91%)
----------------- Invoking toplevel() on ptolemy.moml.MoMLSimpleApplication@6f34acca
----------------- Done invoking toplevel() on ptolemy.moml.MoMLSimpleApplication@6f34acca
reloadAllAccessors: .TriggeredClock

===========================================================================================
----------------- testing Thu Jun 14 22:46:06 UTC 2018 /home/travis/build/icyphy/ptII/ptolemy/actor/lib/test/auto/URLDirectoryReader.xml
----------------- Instantiating /home/travis/build/icyphy/ptII/ptolemy/actor/lib/test/auto/URLDirectoryReader.xml
56 ms. Memory: 1563136K Free: 1409388K (90%)
----------------- Invoking toplevel() on ptolemy.moml.MoMLSimpleApplication@7f753edb
----------------- Done invoking toplevel() on ptolemy.moml.MoMLSimpleApplication@7f753edb
reloadAllAccessors: .URLDirectoryReader

===========================================================================================
----------------- testing Thu Jun 14 22:46:06 UTC 2018 /home/travis/build/icyphy/ptII/ptolemy/actor/lib/test/auto/URLDirectoryReader3.xml
----------------- Instantiating /home/travis/build/icyphy/ptII/ptolemy/actor/lib/test/auto/URLDirectoryReader3.xml
1229 ms. Memory: 1563136K Free: 1347158K (86%)
----------------- Invoking toplevel() on ptolemy.moml.MoMLSimpleApplication@553df587
----------------- Done invoking toplevel() on ptolemy.moml.MoMLSimpleApplication@553df587
reloadAllAccessors: .URLDirectoryReader3

===========================================================================================
----------------- testing Thu Jun 14 22:46:07 UTC 2018 /home/travis/build/icyphy/ptII/ptolemy/actor/lib/test/auto/UnaryMathFunction.xml
----------------- Instantiating /home/travis/build/icyphy/ptII/ptolemy/actor/lib/test/auto/UnaryMathFunction.xml
10 ms. Memory: 1563136K Free: 1328734K (85%)
----------------- Invoking toplevel() on ptolemy.moml.MoMLSimpleApplication@5f6e5bc
----------------- Done invoking toplevel() on ptolemy.moml.MoMLSimpleApplication@5f6e5bc
reloadAllAccessors: .UnaryMathFunction

===========================================================================================
----------------- testing Thu Jun 14 22:46:07 UTC 2018 /home/travis/build/icyphy/ptII/ptolemy/actor/lib/test/auto/Uniform.xml
----------------- Instantiating /home/travis/build/icyphy/ptII/ptolemy/actor/lib/test/auto/Uniform.xml
9 ms. Memory: 1563136K Free: 1314132K (84%)
----------------- Invoking toplevel() on ptolemy.moml.MoMLSimpleApplication@7353e7d7
----------------- Done invoking toplevel() on ptolemy.moml.MoMLSimpleApplication@7353e7d7
reloadAllAccessors: .Uniform

===========================================================================================
----------------- testing Thu Jun 14 22:46:07 UTC 2018 /home/travis/build/icyphy/ptII/ptolemy/actor/lib/test/auto/UnionDisassemblerTest.xml
----------------- Instantiating /home/travis/build/icyphy/ptII/ptolemy/actor/lib/test/auto/UnionDisassemblerTest.xml
8 ms. Memory: 1563136K Free: 1295709K (83%)
----------------- Invoking toplevel() on ptolemy.moml.MoMLSimpleApplication@47e268bf
----------------- Done invoking toplevel() on ptolemy.moml.MoMLSimpleApplication@47e268bf
reloadAllAccessors: .UnionDisassemblerTest

===========================================================================================
----------------- testing Thu Jun 14 22:46:07 UTC 2018 /home/travis/build/icyphy/ptII/ptolemy/actor/lib/test/auto/UtilityFunctions.xml
----------------- Instantiating /home/travis/build/icyphy/ptII/ptolemy/actor/lib/test/auto/UtilityFunctions.xml
1 ms. Memory: 1563136K Free: 1277286K (82%)
----------------- Invoking toplevel() on ptolemy.moml.MoMLSimpleApplication@272a77ec
----------------- Done invoking toplevel() on ptolemy.moml.MoMLSimpleApplication@272a77ec
reloadAllAccessors: .UtilityFunctions

===========================================================================================
----------------- testing Thu Jun 14 22:46:07 UTC 2018 /home/travis/build/icyphy/ptII/ptolemy/actor/lib/test/auto/VariableSleep.xml
----------------- Instantiating /home/travis/build/icyphy/ptII/ptolemy/actor/lib/test/auto/VariableSleep.xml
503 ms. Memory: 1563136K Free: 1262684K (81%)
----------------- Invoking toplevel() on ptolemy.moml.MoMLSimpleApplication@4ae05e7e
----------------- Done invoking toplevel() on ptolemy.moml.MoMLSimpleApplication@4ae05e7e
reloadAllAccessors: .VariableSleep

===========================================================================================
----------------- testing Thu Jun 14 22:46:08 UTC 2018 /home/travis/build/icyphy/ptII/ptolemy/actor/lib/test/auto/VectorAssemblerDisassemblerCT.xml
----------------- Instantiating /home/travis/build/icyphy/ptII/ptolemy/actor/lib/test/auto/VectorAssemblerDisassemblerCT.xml
82 ms. Memory: 1563136K Free: 1229627K (79%)
----------------- Invoking toplevel() on ptolemy.moml.MoMLSimpleApplication@5bd6e203
----------------- Done invoking toplevel() on ptolemy.moml.MoMLSimpleApplication@5bd6e203
reloadAllAccessors: .VectorAssemblerDisassemblerCT

===========================================================================================
----------------- testing Thu Jun 14 22:46:08 UTC 2018 /home/travis/build/icyphy/ptII/ptolemy/actor/lib/test/auto/VectorAssemblerDisassemblerDE.xml
----------------- Instantiating /home/travis/build/icyphy/ptII/ptolemy/actor/lib/test/auto/VectorAssemblerDisassemblerDE.xml
3 ms. Memory: 1563136K Free: 1211203K (77%)
----------------- Invoking toplevel() on ptolemy.moml.MoMLSimpleApplication@eceaab4
----------------- Done invoking toplevel() on ptolemy.moml.MoMLSimpleApplication@eceaab4
reloadAllAccessors: .VectorAssemblerDisassemblerDE

===========================================================================================
----------------- testing Thu Jun 14 22:46:08 UTC 2018 /home/travis/build/icyphy/ptII/ptolemy/actor/lib/test/auto/VectorAssemblerDisassemblerSDF.xml
----------------- Instantiating /home/travis/build/icyphy/ptII/ptolemy/actor/lib/test/auto/VectorAssemblerDisassemblerSDF.xml
2 ms. Memory: 1563136K Free: 1196601K (77%)
----------------- Invoking toplevel() on ptolemy.moml.MoMLSimpleApplication@75692621
----------------- Done invoking toplevel() on ptolemy.moml.MoMLSimpleApplication@75692621
reloadAllAccessors: .VectorAssemblerDisassemblerSDF

===========================================================================================
----------------- testing Thu Jun 14 22:46:08 UTC 2018 /home/travis/build/icyphy/ptII/ptolemy/actor/lib/test/auto/WallClockTime.xml
----------------- Instantiating /home/travis/build/icyphy/ptII/ptolemy/actor/lib/test/auto/WallClockTime.xml
1004 ms. Memory: 1563136K Free: 1178178K (75%)
----------------- Invoking toplevel() on ptolemy.moml.MoMLSimpleApplication@4087b945
----------------- Done invoking toplevel() on ptolemy.moml.MoMLSimpleApplication@4087b945
reloadAllAccessors: .WallClockTime

===========================================================================================
----------------- testing Thu Jun 14 22:46:09 UTC 2018 /home/travis/build/icyphy/ptII/ptolemy/actor/lib/test/auto/WidthTestWithSubscriberPublisher.xml
----------------- Instantiating /home/travis/build/icyphy/ptII/ptolemy/actor/lib/test/auto/WidthTestWithSubscriberPublisher.xml
6 ms. Memory: 1563136K Free: 1145121K (73%)
----------------- Invoking toplevel() on ptolemy.moml.MoMLSimpleApplication@4ca292a5
----------------- Done invoking toplevel() on ptolemy.moml.MoMLSimpleApplication@4ca292a5
reloadAllAccessors: .WidthTestWithSubscriberPublisher

===========================================================================================
----------------- testing Thu Jun 14 22:46:09 UTC 2018 /home/travis/build/icyphy/ptII/ptolemy/actor/lib/test/auto/WidthTestWithSubscriberPublisher2.xml
----------------- Instantiating /home/travis/build/icyphy/ptII/ptolemy/actor/lib/test/auto/WidthTestWithSubscriberPublisher2.xml
2 ms. Memory: 1563136K Free: 1130518K (72%)
----------------- Invoking toplevel() on ptolemy.moml.MoMLSimpleApplication@5622001e
----------------- Done invoking toplevel() on ptolemy.moml.MoMLSimpleApplication@5622001e
reloadAllAccessors: .WidthTestWithSubscriberPublisher2

===========================================================================================
----------------- testing Thu Jun 14 22:46:09 UTC 2018 /home/travis/build/icyphy/ptII/ptolemy/actor/lib/test/auto/WidthTestWithSubscriberPublisher3.xml
----------------- Instantiating /home/travis/build/icyphy/ptII/ptolemy/actor/lib/test/auto/WidthTestWithSubscriberPublisher3.xml
2 ms. Memory: 1563136K Free: 1112095K (71%)
----------------- Invoking toplevel() on ptolemy.moml.MoMLSimpleApplication@3ea8afb
----------------- Done invoking toplevel() on ptolemy.moml.MoMLSimpleApplication@3ea8afb
reloadAllAccessors: .WidthTestWithSubscriberPublisher3

===========================================================================================
----------------- testing Thu Jun 14 22:46:09 UTC 2018 /home/travis/build/icyphy/ptII/ptolemy/actor/lib/test/auto/Writer.xml
----------------- Instantiating /home/travis/build/icyphy/ptII/ptolemy/actor/lib/test/auto/Writer.xml
0
1
2
3
4
1 ms. Memory: 1563136K Free: 1093672K (70%)
----------------- Invoking toplevel() on ptolemy.moml.MoMLSimpleApplication@3236bc29
----------------- Done invoking toplevel() on ptolemy.moml.MoMLSimpleApplication@3236bc29
reloadAllAccessors: .Writer

===========================================================================================
----------------- testing Thu Jun 14 22:46:09 UTC 2018 /home/travis/build/icyphy/ptII/ptolemy/actor/lib/test/auto/array.xml
----------------- Instantiating /home/travis/build/icyphy/ptII/ptolemy/actor/lib/test/auto/array.xml
1 ms. Memory: 1563136K Free: 1079070K (69%)
----------------- Invoking toplevel() on ptolemy.moml.MoMLSimpleApplication@9a9048c
----------------- Done invoking toplevel() on ptolemy.moml.MoMLSimpleApplication@9a9048c
reloadAllAccessors: .array

===========================================================================================
----------------- testing Thu Jun 14 22:46:09 UTC 2018 /home/travis/build/icyphy/ptII/ptolemy/actor/lib/test/auto/array2.xml
----------------- Instantiating /home/travis/build/icyphy/ptII/ptolemy/actor/lib/test/auto/array2.xml
2 ms. Memory: 1563136K Free: 1060647K (68%)
----------------- Invoking toplevel() on ptolemy.moml.MoMLSimpleApplication@13833a2c
----------------- Done invoking toplevel() on ptolemy.moml.MoMLSimpleApplication@13833a2c
reloadAllAccessors: .array2

===========================================================================================
----------------- testing Thu Jun 14 22:46:09 UTC 2018 /home/travis/build/icyphy/ptII/ptolemy/actor/lib/test/auto/arrayType.xml
----------------- Instantiating /home/travis/build/icyphy/ptII/ptolemy/actor/lib/test/auto/arrayType.xml
1 ms. Memory: 1563136K Free: 1042223K (67%)
----------------- Invoking toplevel() on ptolemy.moml.MoMLSimpleApplication@37f7912a
----------------- Done invoking toplevel() on ptolemy.moml.MoMLSimpleApplication@37f7912a
reloadAllAccessors: .arrayType

===========================================================================================
----------------- testing Thu Jun 14 22:46:09 UTC 2018 /home/travis/build/icyphy/ptII/ptolemy/actor/lib/test/auto/arrayType10.xml
----------------- Instantiating /home/travis/build/icyphy/ptII/ptolemy/actor/lib/test/auto/arrayType10.xml
2 ms. Memory: 1563136K Free: 1027621K (66%)
----------------- Invoking toplevel() on ptolemy.moml.MoMLSimpleApplication@1c9241ae
----------------- Done invoking toplevel() on ptolemy.moml.MoMLSimpleApplication@1c9241ae
reloadAllAccessors: .arrayType10

===========================================================================================
----------------- testing Thu Jun 14 22:46:09 UTC 2018 /home/travis/build/icyphy/ptII/ptolemy/actor/lib/test/auto/arrayType11.xml
----------------- Instantiating /home/travis/build/icyphy/ptII/ptolemy/actor/lib/test/auto/arrayType11.xml
2 ms. Memory: 1563136K Free: 1009198K (65%)
----------------- Invoking toplevel() on ptolemy.moml.MoMLSimpleApplication@399bbb4d
----------------- Done invoking toplevel() on ptolemy.moml.MoMLSimpleApplication@399bbb4d
reloadAllAccessors: .arrayType11

===========================================================================================
----------------- testing Thu Jun 14 22:46:09 UTC 2018 /home/travis/build/icyphy/ptII/ptolemy/actor/lib/test/auto/arrayType12.xml
----------------- Instantiating /home/travis/build/icyphy/ptII/ptolemy/actor/lib/test/auto/arrayType12.xml
2 ms. Memory: 1563136K Free: 990774K (63%)
----------------- Invoking toplevel() on ptolemy.moml.MoMLSimpleApplication@6a80a6d1
----------------- Done invoking toplevel() on ptolemy.moml.MoMLSimpleApplication@6a80a6d1
reloadAllAccessors: .arrayType12

===========================================================================================
----------------- testing Thu Jun 14 22:46:09 UTC 2018 /home/travis/build/icyphy/ptII/ptolemy/actor/lib/test/auto/arrayType13.xml
----------------- Instantiating /home/travis/build/icyphy/ptII/ptolemy/actor/lib/test/auto/arrayType13.xml
2 ms. Memory: 1563136K Free: 976172K (62%)
----------------- Invoking toplevel() on ptolemy.moml.MoMLSimpleApplication@3ba7e83f
----------------- Done invoking toplevel() on ptolemy.moml.MoMLSimpleApplication@3ba7e83f
reloadAllAccessors: .arrayType13

===========================================================================================
----------------- testing Thu Jun 14 22:46:09 UTC 2018 /home/travis/build/icyphy/ptII/ptolemy/actor/lib/test/auto/arrayType14.xml
----------------- Instantiating /home/travis/build/icyphy/ptII/ptolemy/actor/lib/test/auto/arrayType14.xml
1 ms. Memory: 1563136K Free: 957749K (61%)
----------------- Invoking toplevel() on ptolemy.moml.MoMLSimpleApplication@5d34e511
----------------- Done invoking toplevel() on ptolemy.moml.MoMLSimpleApplication@5d34e511
reloadAllAccessors: .arrayType14

===========================================================================================
----------------- testing Thu Jun 14 22:46:09 UTC 2018 /home/travis/build/icyphy/ptII/ptolemy/actor/lib/test/auto/arrayType15.xml
----------------- Instantiating /home/travis/build/icyphy/ptII/ptolemy/actor/lib/test/auto/arrayType15.xml
3 ms. Memory: 1563136K Free: 939326K (60%)
----------------- Invoking toplevel() on ptolemy.moml.MoMLSimpleApplication@4f17b73c
----------------- Done invoking toplevel() on ptolemy.moml.MoMLSimpleApplication@4f17b73c
reloadAllAccessors: .arrayType15

===========================================================================================
----------------- testing Thu Jun 14 22:46:09 UTC 2018 /home/travis/build/icyphy/ptII/ptolemy/actor/lib/test/auto/arrayType16.xml
----------------- Instantiating /home/travis/build/icyphy/ptII/ptolemy/actor/lib/test/auto/arrayType16.xml
1 ms. Memory: 1563136K Free: 924723K (59%)
----------------- Invoking toplevel() on ptolemy.moml.MoMLSimpleApplication@79da5674
----------------- Done invoking toplevel() on ptolemy.moml.MoMLSimpleApplication@79da5674
reloadAllAccessors: .arrayType16

===========================================================================================
----------------- testing Thu Jun 14 22:46:09 UTC 2018 /home/travis/build/icyphy/ptII/ptolemy/actor/lib/test/auto/arrayType17.xml
----------------- Instantiating /home/travis/build/icyphy/ptII/ptolemy/actor/lib/test/auto/arrayType17.xml
1 ms. Memory: 1563136K Free: 906300K (58%)
----------------- Invoking toplevel() on ptolemy.moml.MoMLSimpleApplication@4f7048a0
----------------- Done invoking toplevel() on ptolemy.moml.MoMLSimpleApplication@4f7048a0
reloadAllAccessors: .arrayType17

===========================================================================================
----------------- testing Thu Jun 14 22:46:09 UTC 2018 /home/travis/build/icyphy/ptII/ptolemy/actor/lib/test/auto/arrayType18.xml
----------------- Instantiating /home/travis/build/icyphy/ptII/ptolemy/actor/lib/test/auto/arrayType18.xml
1 ms. Memory: 1563136K Free: 887877K (57%)
----------------- Invoking toplevel() on ptolemy.moml.MoMLSimpleApplication@3115365
----------------- Done invoking toplevel() on ptolemy.moml.MoMLSimpleApplication@3115365
reloadAllAccessors: .arrayType18

===========================================================================================
----------------- testing Thu Jun 14 22:46:10 UTC 2018 /home/travis/build/icyphy/ptII/ptolemy/actor/lib/test/auto/arrayType19.xml
----------------- Instantiating /home/travis/build/icyphy/ptII/ptolemy/actor/lib/test/auto/arrayType19.xml
3 ms. Memory: 1563136K Free: 873275K (56%)
----------------- Invoking toplevel() on ptolemy.moml.MoMLSimpleApplication@31f09844
----------------- Done invoking toplevel() on ptolemy.moml.MoMLSimpleApplication@31f09844
reloadAllAccessors: .arrayType19

===========================================================================================
----------------- testing Thu Jun 14 22:46:10 UTC 2018 /home/travis/build/icyphy/ptII/ptolemy/actor/lib/test/auto/arrayType2.xml
----------------- Instantiating /home/travis/build/icyphy/ptII/ptolemy/actor/lib/test/auto/arrayType2.xml
2 ms. Memory: 1563136K Free: 854852K (55%)
----------------- Invoking toplevel() on ptolemy.moml.MoMLSimpleApplication@42f98c82
----------------- Done invoking toplevel() on ptolemy.moml.MoMLSimpleApplication@42f98c82
reloadAllAccessors: .arrayType2

===========================================================================================
----------------- testing Thu Jun 14 22:46:10 UTC 2018 /home/travis/build/icyphy/ptII/ptolemy/actor/lib/test/auto/arrayType20.xml
----------------- Instantiating /home/travis/build/icyphy/ptII/ptolemy/actor/lib/test/auto/arrayType20.xml
2 ms. Memory: 1563136K Free: 836428K (54%)
----------------- Invoking toplevel() on ptolemy.moml.MoMLSimpleApplication@7ca772c8
----------------- Done invoking toplevel() on ptolemy.moml.MoMLSimpleApplication@7ca772c8
reloadAllAccessors: .arrayType20

===========================================================================================
----------------- testing Thu Jun 14 22:46:10 UTC 2018 /home/travis/build/icyphy/ptII/ptolemy/actor/lib/test/auto/arrayType21.xml
----------------- Instantiating /home/travis/build/icyphy/ptII/ptolemy/actor/lib/test/auto/arrayType21.xml
1 ms. Memory: 1563136K Free: 821826K (53%)
----------------- Invoking toplevel() on ptolemy.moml.MoMLSimpleApplication@364c8309
----------------- Done invoking toplevel() on ptolemy.moml.MoMLSimpleApplication@364c8309
reloadAllAccessors: .arrayType21

===========================================================================================
----------------- testing Thu Jun 14 22:46:10 UTC 2018 /home/travis/build/icyphy/ptII/ptolemy/actor/lib/test/auto/arrayType22.xml
----------------- Instantiating /home/travis/build/icyphy/ptII/ptolemy/actor/lib/test/auto/arrayType22.xml
1 ms. Memory: 1563136K Free: 803403K (51%)
----------------- Invoking toplevel() on ptolemy.moml.MoMLSimpleApplication@28cffe34
----------------- Done invoking toplevel() on ptolemy.moml.MoMLSimpleApplication@28cffe34
reloadAllAccessors: .arrayType22

===========================================================================================
----------------- testing Thu Jun 14 22:46:10 UTC 2018 /home/travis/build/icyphy/ptII/ptolemy/actor/lib/test/auto/arrayType23.xml
----------------- Instantiating /home/travis/build/icyphy/ptII/ptolemy/actor/lib/test/auto/arrayType23.xml
2 ms. Memory: 1563136K Free: 784979K (50%)
----------------- Invoking toplevel() on ptolemy.moml.MoMLSimpleApplication@7e699921
----------------- Done invoking toplevel() on ptolemy.moml.MoMLSimpleApplication@7e699921
reloadAllAccessors: .arrayType23

===========================================================================================
----------------- testing Thu Jun 14 22:46:10 UTC 2018 /home/travis/build/icyphy/ptII/ptolemy/actor/lib/test/auto/arrayType24.xml
----------------- Instantiating /home/travis/build/icyphy/ptII/ptolemy/actor/lib/test/auto/arrayType24.xml
2 ms. Memory: 1563136K Free: 770377K (49%)
----------------- Invoking toplevel() on ptolemy.moml.MoMLSimpleApplication@c8fe2a7
----------------- Done invoking toplevel() on ptolemy.moml.MoMLSimpleApplication@c8fe2a7
reloadAllAccessors: .arrayType24

===========================================================================================
----------------- testing Thu Jun 14 22:46:10 UTC 2018 /home/travis/build/icyphy/ptII/ptolemy/actor/lib/test/auto/arrayType25.xml
----------------- Instantiating /home/travis/build/icyphy/ptII/ptolemy/actor/lib/test/auto/arrayType25.xml
2 ms. Memory: 1563136K Free: 751954K (48%)
----------------- Invoking toplevel() on ptolemy.moml.MoMLSimpleApplication@ea4fa8
----------------- Done invoking toplevel() on ptolemy.moml.MoMLSimpleApplication@ea4fa8
reloadAllAccessors: .arrayType25

===========================================================================================
----------------- testing Thu Jun 14 22:46:10 UTC 2018 /home/travis/build/icyphy/ptII/ptolemy/actor/lib/test/auto/arrayType26.xml
----------------- Instantiating /home/travis/build/icyphy/ptII/ptolemy/actor/lib/test/auto/arrayType26.xml
1 ms. Memory: 1563136K Free: 733531K (47%)
----------------- Invoking toplevel() on ptolemy.moml.MoMLSimpleApplication@f741cc
----------------- Done invoking toplevel() on ptolemy.moml.MoMLSimpleApplication@f741cc
reloadAllAccessors: .arrayType26

===========================================================================================
----------------- testing Thu Jun 14 22:46:10 UTC 2018 /home/travis/build/icyphy/ptII/ptolemy/actor/lib/test/auto/arrayType27.xml
----------------- Instantiating /home/travis/build/icyphy/ptII/ptolemy/actor/lib/test/auto/arrayType27.xml
1 ms. Memory: 1563136K Free: 718928K (46%)
----------------- Invoking toplevel() on ptolemy.moml.MoMLSimpleApplication@4dcc4647
----------------- Done invoking toplevel() on ptolemy.moml.MoMLSimpleApplication@4dcc4647
reloadAllAccessors: .arrayType27

===========================================================================================
----------------- testing Thu Jun 14 22:46:10 UTC 2018 /home/travis/build/icyphy/ptII/ptolemy/actor/lib/test/auto/arrayType28.xml
----------------- Instantiating /home/travis/build/icyphy/ptII/ptolemy/actor/lib/test/auto/arrayType28.xml
1 ms. Memory: 1563136K Free: 700505K (45%)
----------------- Invoking toplevel() on ptolemy.moml.MoMLSimpleApplication@69732f6c
----------------- Done invoking toplevel() on ptolemy.moml.MoMLSimpleApplication@69732f6c
reloadAllAccessors: .arrayType28

===========================================================================================
----------------- testing Thu Jun 14 22:46:10 UTC 2018 /home/travis/build/icyphy/ptII/ptolemy/actor/lib/test/auto/arrayType3.xml
----------------- Instantiating /home/travis/build/icyphy/ptII/ptolemy/actor/lib/test/auto/arrayType3.xml
1 ms. Memory: 1563136K Free: 682082K (44%)
----------------- Invoking toplevel() on ptolemy.moml.MoMLSimpleApplication@791cc4c5
----------------- Done invoking toplevel() on ptolemy.moml.MoMLSimpleApplication@791cc4c5
reloadAllAccessors: .arrayType3

===========================================================================================
----------------- testing Thu Jun 14 22:46:10 UTC 2018 /home/travis/build/icyphy/ptII/ptolemy/actor/lib/test/auto/arrayType4.xml
----------------- Instantiating /home/travis/build/icyphy/ptII/ptolemy/actor/lib/test/auto/arrayType4.xml
2 ms. Memory: 1563136K Free: 667480K (43%)
----------------- Invoking toplevel() on ptolemy.moml.MoMLSimpleApplication@70c720e3
----------------- Done invoking toplevel() on ptolemy.moml.MoMLSimpleApplication@70c720e3
reloadAllAccessors: .arrayType4

===========================================================================================
----------------- testing Thu Jun 14 22:46:10 UTC 2018 /home/travis/build/icyphy/ptII/ptolemy/actor/lib/test/auto/arrayType5.xml
----------------- Instantiating /home/travis/build/icyphy/ptII/ptolemy/actor/lib/test/auto/arrayType5.xml
1 ms. Memory: 1563136K Free: 649057K (42%)
----------------- Invoking toplevel() on ptolemy.moml.MoMLSimpleApplication@140ad947
----------------- Done invoking toplevel() on ptolemy.moml.MoMLSimpleApplication@140ad947
reloadAllAccessors: .arrayType5

===========================================================================================
----------------- testing Thu Jun 14 22:46:10 UTC 2018 /home/travis/build/icyphy/ptII/ptolemy/actor/lib/test/auto/arrayType6.xml
----------------- Instantiating /home/travis/build/icyphy/ptII/ptolemy/actor/lib/test/auto/arrayType6.xml
1 ms. Memory: 1563136K Free: 630634K (40%)
----------------- Invoking toplevel() on ptolemy.moml.MoMLSimpleApplication@230d5507
----------------- Done invoking toplevel() on ptolemy.moml.MoMLSimpleApplication@230d5507
reloadAllAccessors: .arrayType6

===========================================================================================
----------------- testing Thu Jun 14 22:46:10 UTC 2018 /home/travis/build/icyphy/ptII/ptolemy/actor/lib/test/auto/arrayType7.xml
----------------- Instantiating /home/travis/build/icyphy/ptII/ptolemy/actor/lib/test/auto/arrayType7.xml
2 ms. Memory: 1563136K Free: 616031K (39%)
----------------- Invoking toplevel() on ptolemy.moml.MoMLSimpleApplication@3bb08c8a
----------------- Done invoking toplevel() on ptolemy.moml.MoMLSimpleApplication@3bb08c8a
reloadAllAccessors: .arrayType7

===========================================================================================
----------------- testing Thu Jun 14 22:46:10 UTC 2018 /home/travis/build/icyphy/ptII/ptolemy/actor/lib/test/auto/arrayType8.xml
----------------- Instantiating /home/travis/build/icyphy/ptII/ptolemy/actor/lib/test/auto/arrayType8.xml
3 ms. Memory: 1563136K Free: 597608K (38%)
----------------- Invoking toplevel() on ptolemy.moml.MoMLSimpleApplication@a0589f8
----------------- Done invoking toplevel() on ptolemy.moml.MoMLSimpleApplication@a0589f8
reloadAllAccessors: .arrayType8

===========================================================================================
----------------- testing Thu Jun 14 22:46:10 UTC 2018 /home/travis/build/icyphy/ptII/ptolemy/actor/lib/test/auto/arrayType9.xml
----------------- Instantiating /home/travis/build/icyphy/ptII/ptolemy/actor/lib/test/auto/arrayType9.xml
2 ms. Memory: 1563136K Free: 579185K (37%)
----------------- Invoking toplevel() on ptolemy.moml.MoMLSimpleApplication@3141024e
----------------- Done invoking toplevel() on ptolemy.moml.MoMLSimpleApplication@3141024e
reloadAllAccessors: .arrayType9

===========================================================================================
----------------- testing Thu Jun 14 22:46:10 UTC 2018 /home/travis/build/icyphy/ptII/ptolemy/actor/lib/test/auto/cast.xml
----------------- Instantiating /home/travis/build/icyphy/ptII/ptolemy/actor/lib/test/auto/cast.xml
2 ms. Memory: 1563136K Free: 560762K (36%)
----------------- Invoking toplevel() on ptolemy.moml.MoMLSimpleApplication@2af0c296
----------------- Done invoking toplevel() on ptolemy.moml.MoMLSimpleApplication@2af0c296
reloadAllAccessors: .cast

===========================================================================================
----------------- testing Thu Jun 14 22:46:10 UTC 2018 /home/travis/build/icyphy/ptII/ptolemy/actor/lib/test/auto/compositeMultiPort.xml
----------------- Instantiating /home/travis/build/icyphy/ptII/ptolemy/actor/lib/test/auto/compositeMultiPort.xml
3 ms. Memory: 1563136K Free: 546160K (35%)
----------------- Invoking toplevel() on ptolemy.moml.MoMLSimpleApplication@4a7a2060
----------------- Done invoking toplevel() on ptolemy.moml.MoMLSimpleApplication@4a7a2060
reloadAllAccessors: .compositeMultiPort

===========================================================================================
----------------- testing Thu Jun 14 22:46:10 UTC 2018 /home/travis/build/icyphy/ptII/ptolemy/actor/lib/test/auto/expressionCastInference.xml
----------------- Instantiating /home/travis/build/icyphy/ptII/ptolemy/actor/lib/test/auto/expressionCastInference.xml
2 ms. Memory: 1563136K Free: 527736K (34%)
----------------- Invoking toplevel() on ptolemy.moml.MoMLSimpleApplication@6355ddb2
----------------- Done invoking toplevel() on ptolemy.moml.MoMLSimpleApplication@6355ddb2
reloadAllAccessors: .expressionCastInference

===========================================================================================
----------------- testing Thu Jun 14 22:46:10 UTC 2018 /home/travis/build/icyphy/ptII/ptolemy/actor/lib/test/auto/expressionCastInference2.xml
----------------- Instantiating /home/travis/build/icyphy/ptII/ptolemy/actor/lib/test/auto/expressionCastInference2.xml
2 ms. Memory: 1563136K Free: 509313K (33%)
----------------- Invoking toplevel() on ptolemy.moml.MoMLSimpleApplication@34cedc33
----------------- Done invoking toplevel() on ptolemy.moml.MoMLSimpleApplication@34cedc33
reloadAllAccessors: .expressionCastInference2

===========================================================================================
----------------- testing Thu Jun 14 22:46:10 UTC 2018 /home/travis/build/icyphy/ptII/ptolemy/actor/lib/test/auto/expressionInference.xml
----------------- Instantiating /home/travis/build/icyphy/ptII/ptolemy/actor/lib/test/auto/expressionInference.xml
1 ms. Memory: 1563136K Free: 494711K (32%)
----------------- Invoking toplevel() on ptolemy.moml.MoMLSimpleApplication@5a16ad93
----------------- Done invoking toplevel() on ptolemy.moml.MoMLSimpleApplication@5a16ad93
reloadAllAccessors: .expressionInference

===========================================================================================
----------------- testing Thu Jun 14 22:46:10 UTC 2018 /home/travis/build/icyphy/ptII/ptolemy/actor/lib/test/auto/expression_bug.xml
----------------- Instantiating /home/travis/build/icyphy/ptII/ptolemy/actor/lib/test/auto/expression_bug.xml
1 ms. Memory: 1563136K Free: 476288K (30%)
----------------- Invoking toplevel() on ptolemy.moml.MoMLSimpleApplication@5dcc74e9
----------------- Done invoking toplevel() on ptolemy.moml.MoMLSimpleApplication@5dcc74e9
reloadAllAccessors: .expression_bug

===========================================================================================
----------------- testing Thu Jun 14 22:46:10 UTC 2018 /home/travis/build/icyphy/ptII/ptolemy/actor/lib/test/auto/factorial.xml
----------------- Instantiating /home/travis/build/icyphy/ptII/ptolemy/actor/lib/test/auto/factorial.xml
32 ms. Memory: 1563136K Free: 457865K (29%)
----------------- Invoking toplevel() on ptolemy.moml.MoMLSimpleApplication@16e7717
----------------- Done invoking toplevel() on ptolemy.moml.MoMLSimpleApplication@16e7717
reloadAllAccessors: .factorial

===========================================================================================
----------------- testing Thu Jun 14 22:46:10 UTC 2018 /home/travis/build/icyphy/ptII/ptolemy/actor/lib/test/auto/filterTest1.xml
----------------- Instantiating /home/travis/build/icyphy/ptII/ptolemy/actor/lib/test/auto/filterTest1.xml
2 ms. Memory: 1563136K Free: 443262K (28%)
----------------- Invoking toplevel() on ptolemy.moml.MoMLSimpleApplication@1f53625f
----------------- Done invoking toplevel() on ptolemy.moml.MoMLSimpleApplication@1f53625f
reloadAllAccessors: .filterTest1

===========================================================================================
----------------- testing Thu Jun 14 22:46:10 UTC 2018 /home/travis/build/icyphy/ptII/ptolemy/actor/lib/test/auto/funcApplyInConst.xml
----------------- Instantiating /home/travis/build/icyphy/ptII/ptolemy/actor/lib/test/auto/funcApplyInConst.xml
1 ms. Memory: 1563136K Free: 424839K (27%)
----------------- Invoking toplevel() on ptolemy.moml.MoMLSimpleApplication@496f4008
----------------- Done invoking toplevel() on ptolemy.moml.MoMLSimpleApplication@496f4008
reloadAllAccessors: .funcApplyInConst

===========================================================================================
----------------- testing Thu Jun 14 22:46:10 UTC 2018 /home/travis/build/icyphy/ptII/ptolemy/actor/lib/test/auto/funcApplyInExpr.xml
----------------- Instantiating /home/travis/build/icyphy/ptII/ptolemy/actor/lib/test/auto/funcApplyInExpr.xml
1 ms. Memory: 1563136K Free: 406416K (26%)
----------------- Invoking toplevel() on ptolemy.moml.MoMLSimpleApplication@496ff733
----------------- Done invoking toplevel() on ptolemy.moml.MoMLSimpleApplication@496ff733
reloadAllAccessors: .funcApplyInExpr

===========================================================================================
----------------- testing Thu Jun 14 22:46:10 UTC 2018 /home/travis/build/icyphy/ptII/ptolemy/actor/lib/test/auto/function.xml
----------------- Instantiating /home/travis/build/icyphy/ptII/ptolemy/actor/lib/test/auto/function.xml
1 ms. Memory: 1563136K Free: 391813K (25%)
----------------- Invoking toplevel() on ptolemy.moml.MoMLSimpleApplication@a069f30
----------------- Done invoking toplevel() on ptolemy.moml.MoMLSimpleApplication@a069f30
reloadAllAccessors: .function

===========================================================================================
----------------- testing Thu Jun 14 22:46:10 UTC 2018 /home/travis/build/icyphy/ptII/ptolemy/actor/lib/test/auto/function2.xml
----------------- Instantiating /home/travis/build/icyphy/ptII/ptolemy/actor/lib/test/auto/function2.xml
2 ms. Memory: 1563136K Free: 373390K (24%)
----------------- Invoking toplevel() on ptolemy.moml.MoMLSimpleApplication@56d5aa47
----------------- Done invoking toplevel() on ptolemy.moml.MoMLSimpleApplication@56d5aa47
reloadAllAccessors: .function2

===========================================================================================
----------------- testing Thu Jun 14 22:46:10 UTC 2018 /home/travis/build/icyphy/ptII/ptolemy/actor/lib/test/auto/function3.xml
----------------- Instantiating /home/travis/build/icyphy/ptII/ptolemy/actor/lib/test/auto/function3.xml
1 ms. Memory: 1563136K Free: 354967K (23%)
----------------- Invoking toplevel() on ptolemy.moml.MoMLSimpleApplication@5db35a06
----------------- Done invoking toplevel() on ptolemy.moml.MoMLSimpleApplication@5db35a06
reloadAllAccessors: .function3

===========================================================================================
----------------- testing Thu Jun 14 22:46:10 UTC 2018 /home/travis/build/icyphy/ptII/ptolemy/actor/lib/test/auto/functionClosureTest1.xml
----------------- Instantiating /home/travis/build/icyphy/ptII/ptolemy/actor/lib/test/auto/functionClosureTest1.xml
2 ms. Memory: 1563136K Free: 340365K (22%)
----------------- Invoking toplevel() on ptolemy.moml.MoMLSimpleApplication@12f45529
----------------- Done invoking toplevel() on ptolemy.moml.MoMLSimpleApplication@12f45529
reloadAllAccessors: .functionClosureTest1

===========================================================================================
----------------- testing Thu Jun 14 22:46:10 UTC 2018 /home/travis/build/icyphy/ptII/ptolemy/actor/lib/test/auto/functionClosureTest2.xml
----------------- Instantiating /home/travis/build/icyphy/ptII/ptolemy/actor/lib/test/auto/functionClosureTest2.xml
1 ms. Memory: 1563136K Free: 321941K (21%)
----------------- Invoking toplevel() on ptolemy.moml.MoMLSimpleApplication@5345f328
----------------- Done invoking toplevel() on ptolemy.moml.MoMLSimpleApplication@5345f328
reloadAllAccessors: .functionClosureTest2

===========================================================================================
----------------- testing Thu Jun 14 22:46:10 UTC 2018 /home/travis/build/icyphy/ptII/ptolemy/actor/lib/test/auto/functionClosureTest3.xml
----------------- Instantiating /home/travis/build/icyphy/ptII/ptolemy/actor/lib/test/auto/functionClosureTest3.xml
1 ms. Memory: 1563136K Free: 303518K (19%)
----------------- Invoking toplevel() on ptolemy.moml.MoMLSimpleApplication@52b9f3e3
----------------- Done invoking toplevel() on ptolemy.moml.MoMLSimpleApplication@52b9f3e3
reloadAllAccessors: .functionClosureTest3

===========================================================================================
----------------- testing Thu Jun 14 22:46:10 UTC 2018 /home/travis/build/icyphy/ptII/ptolemy/actor/lib/test/auto/functionClosureTest4.xml
----------------- Instantiating /home/travis/build/icyphy/ptII/ptolemy/actor/lib/test/auto/functionClosureTest4.xml
3 ms. Memory: 1563136K Free: 288916K (18%)
----------------- Invoking toplevel() on ptolemy.moml.MoMLSimpleApplication@7182297a
----------------- Done invoking toplevel() on ptolemy.moml.MoMLSimpleApplication@7182297a
reloadAllAccessors: .functionClosureTest4

===========================================================================================
----------------- testing Thu Jun 14 22:46:10 UTC 2018 /home/travis/build/icyphy/ptII/ptolemy/actor/lib/test/auto/functionClosureTest5.xml
----------------- Instantiating /home/travis/build/icyphy/ptII/ptolemy/actor/lib/test/auto/functionClosureTest5.xml
4 ms. Memory: 1563136K Free: 270492K (17%)
----------------- Invoking toplevel() on ptolemy.moml.MoMLSimpleApplication@3bbad913
----------------- Done invoking toplevel() on ptolemy.moml.MoMLSimpleApplication@3bbad913
reloadAllAccessors: .functionClosureTest5

===========================================================================================
----------------- testing Thu Jun 14 22:46:10 UTC 2018 /home/travis/build/icyphy/ptII/ptolemy/actor/lib/test/auto/functionClosureTest6.xml
----------------- Instantiating /home/travis/build/icyphy/ptII/ptolemy/actor/lib/test/auto/functionClosureTest6.xml
1 ms. Memory: 1563136K Free: 252069K (16%)
----------------- Invoking toplevel() on ptolemy.moml.MoMLSimpleApplication@3e1a164a
----------------- Done invoking toplevel() on ptolemy.moml.MoMLSimpleApplication@3e1a164a
reloadAllAccessors: .functionClosureTest6

===========================================================================================
----------------- testing Thu Jun 14 22:46:10 UTC 2018 /home/travis/build/icyphy/ptII/ptolemy/actor/lib/test/auto/functionsOnArcs.xml
----------------- Instantiating /home/travis/build/icyphy/ptII/ptolemy/actor/lib/test/auto/functionsOnArcs.xml
2 ms. Memory: 1563136K Free: 237467K (15%)
----------------- Invoking toplevel() on ptolemy.moml.MoMLSimpleApplication@a1b60d3
----------------- Done invoking toplevel() on ptolemy.moml.MoMLSimpleApplication@a1b60d3
reloadAllAccessors: .functionsOnArcs

===========================================================================================
----------------- testing Thu Jun 14 22:46:10 UTC 2018 /home/travis/build/icyphy/ptII/ptolemy/actor/lib/test/auto/functionsOnArcsHOF.xml
----------------- Instantiating /home/travis/build/icyphy/ptII/ptolemy/actor/lib/test/auto/functionsOnArcsHOF.xml
4 ms. Memory: 1563136K Free: 219044K (14%)
----------------- Invoking toplevel() on ptolemy.moml.MoMLSimpleApplication@7b4722e9
----------------- Done invoking toplevel() on ptolemy.moml.MoMLSimpleApplication@7b4722e9
reloadAllAccessors: .functionsOnArcsHOF

===========================================================================================
----------------- testing Thu Jun 14 22:46:10 UTC 2018 /home/travis/build/icyphy/ptII/ptolemy/actor/lib/test/auto/logic.xml
----------------- Instantiating /home/travis/build/icyphy/ptII/ptolemy/actor/lib/test/auto/logic.xml
2 ms. Memory: 1563136K Free: 200620K (13%)
----------------- Invoking toplevel() on ptolemy.moml.MoMLSimpleApplication@2c17c0a1
----------------- Done invoking toplevel() on ptolemy.moml.MoMLSimpleApplication@2c17c0a1
reloadAllAccessors: .logic

===========================================================================================
----------------- testing Thu Jun 14 22:46:10 UTC 2018 /home/travis/build/icyphy/ptII/ptolemy/actor/lib/test/auto/matrixType.xml
----------------- Instantiating /home/travis/build/icyphy/ptII/ptolemy/actor/lib/test/auto/matrixType.xml
2 ms. Memory: 1563136K Free: 186018K (12%)
----------------- Invoking toplevel() on ptolemy.moml.MoMLSimpleApplication@40054787
----------------- Done invoking toplevel() on ptolemy.moml.MoMLSimpleApplication@40054787
reloadAllAccessors: .matrixType

===========================================================================================
----------------- testing Thu Jun 14 22:46:10 UTC 2018 /home/travis/build/icyphy/ptII/ptolemy/actor/lib/test/auto/matrixType10.xml
----------------- Instantiating /home/travis/build/icyphy/ptII/ptolemy/actor/lib/test/auto/matrixType10.xml
1 ms. Memory: 1563136K Free: 167595K (11%)
----------------- Invoking toplevel() on ptolemy.moml.MoMLSimpleApplication@762c4f55
----------------- Done invoking toplevel() on ptolemy.moml.MoMLSimpleApplication@762c4f55
reloadAllAccessors: .matrixType10

===========================================================================================
----------------- testing Thu Jun 14 22:46:10 UTC 2018 /home/travis/build/icyphy/ptII/ptolemy/actor/lib/test/auto/matrixType11.xml
----------------- Instantiating /home/travis/build/icyphy/ptII/ptolemy/actor/lib/test/auto/matrixType11.xml
1 ms. Memory: 1563136K Free: 149172K (10%)
----------------- Invoking toplevel() on ptolemy.moml.MoMLSimpleApplication@4dae93c0
----------------- Done invoking toplevel() on ptolemy.moml.MoMLSimpleApplication@4dae93c0
reloadAllAccessors: .matrixType11

===========================================================================================
----------------- testing Thu Jun 14 22:46:10 UTC 2018 /home/travis/build/icyphy/ptII/ptolemy/actor/lib/test/auto/matrixType12.xml
----------------- Instantiating /home/travis/build/icyphy/ptII/ptolemy/actor/lib/test/auto/matrixType12.xml
1 ms. Memory: 1563136K Free: 134569K (9%)
----------------- Invoking toplevel() on ptolemy.moml.MoMLSimpleApplication@4d3a4b52
----------------- Done invoking toplevel() on ptolemy.moml.MoMLSimpleApplication@4d3a4b52
reloadAllAccessors: .matrixType12

===========================================================================================
----------------- testing Thu Jun 14 22:46:10 UTC 2018 /home/travis/build/icyphy/ptII/ptolemy/actor/lib/test/auto/matrixType13.xml
----------------- Instantiating /home/travis/build/icyphy/ptII/ptolemy/actor/lib/test/auto/matrixType13.xml
1 ms. Memory: 1563136K Free: 116146K (7%)
----------------- Invoking toplevel() on ptolemy.moml.MoMLSimpleApplication@5b7c7688
----------------- Done invoking toplevel() on ptolemy.moml.MoMLSimpleApplication@5b7c7688
reloadAllAccessors: .matrixType13

===========================================================================================
----------------- testing Thu Jun 14 22:46:10 UTC 2018 /home/travis/build/icyphy/ptII/ptolemy/actor/lib/test/auto/matrixType14.xml
----------------- Instantiating /home/travis/build/icyphy/ptII/ptolemy/actor/lib/test/auto/matrixType14.xml
2 ms. Memory: 1563136K Free: 97723K (6%)
----------------- Invoking toplevel() on ptolemy.moml.MoMLSimpleApplication@33a26eb0
----------------- Done invoking toplevel() on ptolemy.moml.MoMLSimpleApplication@33a26eb0
reloadAllAccessors: .matrixType14

===========================================================================================
----------------- testing Thu Jun 14 22:46:10 UTC 2018 /home/travis/build/icyphy/ptII/ptolemy/actor/lib/test/auto/matrixType2.xml
----------------- Instantiating /home/travis/build/icyphy/ptII/ptolemy/actor/lib/test/auto/matrixType2.xml
2 ms. Memory: 1563136K Free: 79300K (5%)
----------------- Invoking toplevel() on ptolemy.moml.MoMLSimpleApplication@231849c1
----------------- Done invoking toplevel() on ptolemy.moml.MoMLSimpleApplication@231849c1
reloadAllAccessors: .matrixType2

===========================================================================================
----------------- testing Thu Jun 14 22:46:10 UTC 2018 /home/travis/build/icyphy/ptII/ptolemy/actor/lib/test/auto/matrixType3.xml
----------------- Instantiating /home/travis/build/icyphy/ptII/ptolemy/actor/lib/test/auto/matrixType3.xml
2 ms. Memory: 1563136K Free: 64697K (4%)
----------------- Invoking toplevel() on ptolemy.moml.MoMLSimpleApplication@299f501d
----------------- Done invoking toplevel() on ptolemy.moml.MoMLSimpleApplication@299f501d
reloadAllAccessors: .matrixType3

===========================================================================================
----------------- testing Thu Jun 14 22:46:10 UTC 2018 /home/travis/build/icyphy/ptII/ptolemy/actor/lib/test/auto/matrixType4.xml
----------------- Instantiating /home/travis/build/icyphy/ptII/ptolemy/actor/lib/test/auto/matrixType4.xml
2 ms. Memory: 1627136K Free: 1561904K (96%)
----------------- Invoking toplevel() on ptolemy.moml.MoMLSimpleApplication@70f72cf6
----------------- Done invoking toplevel() on ptolemy.moml.MoMLSimpleApplication@70f72cf6
reloadAllAccessors: .matrixType4

===========================================================================================
----------------- testing Thu Jun 14 22:46:10 UTC 2018 /home/travis/build/icyphy/ptII/ptolemy/actor/lib/test/auto/matrixType5.xml
----------------- Instantiating /home/travis/build/icyphy/ptII/ptolemy/actor/lib/test/auto/matrixType5.xml
1 ms. Memory: 1627136K Free: 1542611K (95%)
----------------- Invoking toplevel() on ptolemy.moml.MoMLSimpleApplication@3dbb7642
----------------- Done invoking toplevel() on ptolemy.moml.MoMLSimpleApplication@3dbb7642
reloadAllAccessors: .matrixType5

===========================================================================================
----------------- testing Thu Jun 14 22:46:10 UTC 2018 /home/travis/build/icyphy/ptII/ptolemy/actor/lib/test/auto/matrixType6.xml
----------------- Instantiating /home/travis/build/icyphy/ptII/ptolemy/actor/lib/test/auto/matrixType6.xml
1 ms. Memory: 1627136K Free: 1523318K (94%)
----------------- Invoking toplevel() on ptolemy.moml.MoMLSimpleApplication@5bef27
----------------- Done invoking toplevel() on ptolemy.moml.MoMLSimpleApplication@5bef27
reloadAllAccessors: .matrixType6

===========================================================================================
----------------- testing Thu Jun 14 22:46:10 UTC 2018 /home/travis/build/icyphy/ptII/ptolemy/actor/lib/test/auto/matrixType7.xml
----------------- Instantiating /home/travis/build/icyphy/ptII/ptolemy/actor/lib/test/auto/matrixType7.xml
1 ms. Memory: 1627136K Free: 1508117K (93%)
----------------- Invoking toplevel() on ptolemy.moml.MoMLSimpleApplication@6078ae04
----------------- Done invoking toplevel() on ptolemy.moml.MoMLSimpleApplication@6078ae04
reloadAllAccessors: .matrixType7

===========================================================================================
----------------- testing Thu Jun 14 22:46:10 UTC 2018 /home/travis/build/icyphy/ptII/ptolemy/actor/lib/test/auto/matrixType8.xml
----------------- Instantiating /home/travis/build/icyphy/ptII/ptolemy/actor/lib/test/auto/matrixType8.xml
1 ms. Memory: 1627136K Free: 1488824K (91%)
----------------- Invoking toplevel() on ptolemy.moml.MoMLSimpleApplication@69251bd0
----------------- Done invoking toplevel() on ptolemy.moml.MoMLSimpleApplication@69251bd0
reloadAllAccessors: .matrixType8

===========================================================================================
----------------- testing Thu Jun 14 22:46:10 UTC 2018 /home/travis/build/icyphy/ptII/ptolemy/actor/lib/test/auto/matrixType9.xml
----------------- Instantiating /home/travis/build/icyphy/ptII/ptolemy/actor/lib/test/auto/matrixType9.xml
1 ms. Memory: 1627136K Free: 1469531K (90%)
----------------- Invoking toplevel() on ptolemy.moml.MoMLSimpleApplication@52e05c0b
----------------- Done invoking toplevel() on ptolemy.moml.MoMLSimpleApplication@52e05c0b
reloadAllAccessors: .matrixType9

===========================================================================================
----------------- testing Thu Jun 14 22:46:10 UTC 2018 /home/travis/build/icyphy/ptII/ptolemy/actor/lib/test/auto/paraFunctest.xml
----------------- Instantiating /home/travis/build/icyphy/ptII/ptolemy/actor/lib/test/auto/paraFunctest.xml
1 ms. Memory: 1627136K Free: 1454329K (89%)
----------------- Invoking toplevel() on ptolemy.moml.MoMLSimpleApplication@fb192d7
----------------- Done invoking toplevel() on ptolemy.moml.MoMLSimpleApplication@fb192d7
reloadAllAccessors: .paraFunctest

===========================================================================================
----------------- testing Thu Jun 14 22:46:10 UTC 2018 /home/travis/build/icyphy/ptII/ptolemy/actor/lib/test/auto/paraFunctest2.xml
----------------- Instantiating /home/travis/build/icyphy/ptII/ptolemy/actor/lib/test/auto/paraFunctest2.xml
1 ms. Memory: 1627136K Free: 1435037K (88%)
----------------- Invoking toplevel() on ptolemy.moml.MoMLSimpleApplication@2343ce0e
----------------- Done invoking toplevel() on ptolemy.moml.MoMLSimpleApplication@2343ce0e
reloadAllAccessors: .paraFunctest2

===========================================================================================
----------------- testing Thu Jun 14 22:46:10 UTC 2018 /home/travis/build/icyphy/ptII/ptolemy/actor/lib/test/auto/parameterPassing.xml
----------------- Instantiating /home/travis/build/icyphy/ptII/ptolemy/actor/lib/test/auto/parameterPassing.xml
1 ms. Memory: 1627136K Free: 1415744K (87%)
----------------- Invoking toplevel() on ptolemy.moml.MoMLSimpleApplication@7a048549
----------------- Done invoking toplevel() on ptolemy.moml.MoMLSimpleApplication@7a048549
reloadAllAccessors: .parameterPassing

===========================================================================================
----------------- testing Thu Jun 14 22:46:10 UTC 2018 /home/travis/build/icyphy/ptII/ptolemy/actor/lib/test/auto/record.xml
----------------- Instantiating /home/travis/build/icyphy/ptII/ptolemy/actor/lib/test/auto/record.xml
2 ms. Memory: 1627136K Free: 1400543K (86%)
----------------- Invoking toplevel() on ptolemy.moml.MoMLSimpleApplication@96f70f5
----------------- Done invoking toplevel() on ptolemy.moml.MoMLSimpleApplication@96f70f5
reloadAllAccessors: .record

===========================================================================================
----------------- testing Thu Jun 14 22:46:10 UTC 2018 /home/travis/build/icyphy/ptII/ptolemy/actor/lib/test/auto/sizedarray1.xml
----------------- Instantiating /home/travis/build/icyphy/ptII/ptolemy/actor/lib/test/auto/sizedarray1.xml
1 ms. Memory: 1627136K Free: 1381250K (85%)
----------------- Invoking toplevel() on ptolemy.moml.MoMLSimpleApplication@2cd3a893
----------------- Done invoking toplevel() on ptolemy.moml.MoMLSimpleApplication@2cd3a893
reloadAllAccessors: .sizedarray1

===========================================================================================
----------------- testing Thu Jun 14 22:46:11 UTC 2018 /home/travis/build/icyphy/ptII/ptolemy/actor/lib/test/auto/sizedarray2.xml
----------------- Instantiating /home/travis/build/icyphy/ptII/ptolemy/actor/lib/test/auto/sizedarray2.xml
1 ms. Memory: 1627136K Free: 1361957K (84%)
----------------- Invoking toplevel() on ptolemy.moml.MoMLSimpleApplication@43d6a8be
----------------- Done invoking toplevel() on ptolemy.moml.MoMLSimpleApplication@43d6a8be
reloadAllAccessors: .sizedarray2

===========================================================================================
----------------- testing Thu Jun 14 22:46:11 UTC 2018 /home/travis/build/icyphy/ptII/ptolemy/actor/lib/test/auto/twoPublishers.xml
----------------- Instantiating /home/travis/build/icyphy/ptII/ptolemy/actor/lib/test/auto/twoPublishers.xml
2 ms. Memory: 1627136K Free: 1339139K (82%)
----------------- Invoking toplevel() on ptolemy.moml.MoMLSimpleApplication@238ec048
----------------- Done invoking toplevel() on ptolemy.moml.MoMLSimpleApplication@238ec048
reloadAllAccessors: .twoPublishers
AutoTests.java: About to close Vertx.
AutoTests.java: Vertx closed.
]]></system-out>
  <system-err><![CDATA[java.lang.RuntimeException: Execution failed
	at ptolemy.moml.MoMLSimpleApplication$UnloadThread.run(MoMLSimpleApplication.java:402)
Caused by: java.lang.RuntimeException: Normally, we would exit here because Manager.exitAfterWrapup() was called.  However, because the ptolemy.ptII.exitAfterWrapup property is set, we throw this exception instead.
	at ptolemy.util.StringUtilities.exit(StringUtilities.java:363)
	at ptolemy.actor.Manager.wrapup(Manager.java:1531)
	at ptolemy.actor.Manager.execute(Manager.java:407)
	at ptolemy.actor.Manager.run(Manager.java:1263)
	at ptolemy.actor.Manager$PtolemyRunThread.run(Manager.java:1915)
Warning: '.top.test' is in training mode, set the trainingMode parameter to false before checking in
Warning: '.top.test' is in training mode, set the trainingMode parameter to false before checking in
Warning: '.top.test' is in training mode, set the trainingMode parameter to false before checking in
Warning: '.BooleanSwitch_RegressionTest_WrongTrainingValues.Test' is in training mode, set the trainingMode parameter to false before checking in
Warning: '.BooleanSwitch_RegressionTest_WrongTrainingValues.Test2' is in training mode, set the trainingMode parameter to false before checking in
Warning: '.BooleanSwitch_RegressionTest_WrongTrainingValues.Test2' The test produced 0 tokens.
Warning: '.top.testExceptionHandler' is in training mode, set the trainingMode parameter to false before checking in
java.lang.RuntimeException: Execution failed
	at ptolemy.moml.MoMLSimpleApplication$UnloadThread.run(MoMLSimpleApplication.java:402)
Caused by: ptolemy.kernel.util.IllegalActionException: PublisherPorts cannot be used at the top level, use a Publisher actor instead.
  in .PublisherPortToplevelSubscriber.PublisherPort
	at ptolemy.actor.PublisherPort.preinitialize(PublisherPort.java:403)
	at ptolemy.actor.CompositeActor.preinitialize(CompositeActor.java:1769)
	at ptolemy.actor.Manager.preinitializeAndResolveTypes(Manager.java:1040)
	at ptolemy.actor.Manager.initialize(Manager.java:710)
	at ptolemy.actor.Manager.execute(Manager.java:356)
	at ptolemy.actor.Manager.run(Manager.java:1263)
	at ptolemy.actor.Manager$PtolemyRunThread.run(Manager.java:1915)
java.lang.reflect.InvocationTargetException
	at sun.reflect.NativeConstructorAccessorImpl.newInstance0(Native Method)
	at sun.reflect.NativeConstructorAccessorImpl.newInstance(NativeConstructorAccessorImpl.java:62)
	at sun.reflect.DelegatingConstructorAccessorImpl.newInstance(DelegatingConstructorAccessorImpl.java:45)
	at java.lang.reflect.Constructor.newInstance(Constructor.java:423)
	at ptolemy.util.test.junit.AutoKnownFailedTests.RunModel(AutoKnownFailedTests.java:107)
	at sun.reflect.NativeMethodAccessorImpl.invoke0(Native Method)
	at sun.reflect.NativeMethodAccessorImpl.invoke(NativeMethodAccessorImpl.java:62)
	at sun.reflect.DelegatingMethodAccessorImpl.invoke(DelegatingMethodAccessorImpl.java:43)
	at java.lang.reflect.Method.invoke(Method.java:498)
	at org.junit.runners.model.FrameworkMethod$1.runReflectiveCall(FrameworkMethod.java:44)
	at org.junit.internal.runners.model.ReflectiveCallable.run(ReflectiveCallable.java:15)
	at org.junit.runners.model.FrameworkMethod.invokeExplosively(FrameworkMethod.java:41)
	at junitparams.internal.InvokeParameterisedMethod.evaluate(InvokeParameterisedMethod.java:102)
	at org.junit.internal.runners.statements.FailOnTimeout$1.run(FailOnTimeout.java:28)
Caused by: ptolemy.kernel.util.IllegalActionException: PublisherPorts cannot be used at the top level, use a Publisher actor instead.
  in .PublisherPortToplevelSubscriber.PublisherPort
	at ptolemy.actor.PublisherPort.preinitialize(PublisherPort.java:403)
	at ptolemy.actor.CompositeActor.preinitialize(CompositeActor.java:1769)
	at ptolemy.actor.Manager.preinitializeAndResolveTypes(Manager.java:1040)
	at ptolemy.actor.Manager.initialize(Manager.java:710)
	at ptolemy.actor.Manager.execute(Manager.java:356)
	at ptolemy.actor.Manager.run(Manager.java:1263)
	at ptolemy.actor.Manager$PtolemyRunThread.run(Manager.java:1915)
java.lang.RuntimeException: Execution failed
	at ptolemy.moml.MoMLSimpleApplication$UnloadThread.run(MoMLSimpleApplication.java:402)
Caused by: ptolemy.kernel.util.IllegalActionException: SubscriberPorts cannot be used at the top level, use a Subscriber actor instead.
  in .PublisherSubscriberPortToplevel.SubscriberPort
	at ptolemy.actor.SubscriberPort.preinitialize(SubscriberPort.java:328)
	at ptolemy.actor.CompositeActor.preinitialize(CompositeActor.java:1769)
	at ptolemy.actor.Manager.preinitializeAndResolveTypes(Manager.java:1040)
	at ptolemy.actor.Manager.initialize(Manager.java:710)
	at ptolemy.actor.Manager.execute(Manager.java:356)
	at ptolemy.actor.Manager.run(Manager.java:1263)
	at ptolemy.actor.Manager$PtolemyRunThread.run(Manager.java:1915)
java.lang.reflect.InvocationTargetException
	at sun.reflect.NativeConstructorAccessorImpl.newInstance0(Native Method)
	at sun.reflect.NativeConstructorAccessorImpl.newInstance(NativeConstructorAccessorImpl.java:62)
	at sun.reflect.DelegatingConstructorAccessorImpl.newInstance(DelegatingConstructorAccessorImpl.java:45)
	at java.lang.reflect.Constructor.newInstance(Constructor.java:423)
	at ptolemy.util.test.junit.AutoKnownFailedTests.RunModel(AutoKnownFailedTests.java:107)
	at sun.reflect.NativeMethodAccessorImpl.invoke0(Native Method)
	at sun.reflect.NativeMethodAccessorImpl.invoke(NativeMethodAccessorImpl.java:62)
	at sun.reflect.DelegatingMethodAccessorImpl.invoke(DelegatingMethodAccessorImpl.java:43)
	at java.lang.reflect.Method.invoke(Method.java:498)
	at org.junit.runners.model.FrameworkMethod$1.runReflectiveCall(FrameworkMethod.java:44)
	at org.junit.internal.runners.model.ReflectiveCallable.run(ReflectiveCallable.java:15)
	at org.junit.runners.model.FrameworkMethod.invokeExplosively(FrameworkMethod.java:41)
	at junitparams.internal.InvokeParameterisedMethod.evaluate(InvokeParameterisedMethod.java:102)
	at org.junit.internal.runners.statements.FailOnTimeout$1.run(FailOnTimeout.java:28)
Caused by: ptolemy.kernel.util.IllegalActionException: SubscriberPorts cannot be used at the top level, use a Subscriber actor instead.
  in .PublisherSubscriberPortToplevel.SubscriberPort
	at ptolemy.actor.SubscriberPort.preinitialize(SubscriberPort.java:328)
	at ptolemy.actor.CompositeActor.preinitialize(CompositeActor.java:1769)
	at ptolemy.actor.Manager.preinitializeAndResolveTypes(Manager.java:1040)
	at ptolemy.actor.Manager.initialize(Manager.java:710)
	at ptolemy.actor.Manager.execute(Manager.java:356)
	at ptolemy.actor.Manager.run(Manager.java:1263)
	at ptolemy.actor.Manager$PtolemyRunThread.run(Manager.java:1915)
java.lang.RuntimeException: Execution failed
	at ptolemy.moml.MoMLSimpleApplication$UnloadThread.run(MoMLSimpleApplication.java:402)
Caused by: ptolemy.kernel.util.IllegalActionException: SubscriptionAggregatorPorts cannot be used at the top level, use a SubscriptionAggregator actor instead.
  in .PublisherSubscriptionAggregatorPort.SubscriptionAggregatorPort
	at ptolemy.actor.SubscriptionAggregatorPort.preinitialize(SubscriptionAggregatorPort.java:353)
	at ptolemy.actor.CompositeActor.preinitialize(CompositeActor.java:1769)
	at ptolemy.actor.Manager.preinitializeAndResolveTypes(Manager.java:1040)
	at ptolemy.actor.Manager.initialize(Manager.java:710)
	at ptolemy.actor.Manager.execute(Manager.java:356)
	at ptolemy.actor.Manager.run(Manager.java:1263)
	at ptolemy.actor.Manager$PtolemyRunThread.run(Manager.java:1915)
java.lang.reflect.InvocationTargetException
	at sun.reflect.NativeConstructorAccessorImpl.newInstance0(Native Method)
	at sun.reflect.NativeConstructorAccessorImpl.newInstance(NativeConstructorAccessorImpl.java:62)
	at sun.reflect.DelegatingConstructorAccessorImpl.newInstance(DelegatingConstructorAccessorImpl.java:45)
	at java.lang.reflect.Constructor.newInstance(Constructor.java:423)
	at ptolemy.util.test.junit.AutoKnownFailedTests.RunModel(AutoKnownFailedTests.java:107)
	at sun.reflect.NativeMethodAccessorImpl.invoke0(Native Method)
	at sun.reflect.NativeMethodAccessorImpl.invoke(NativeMethodAccessorImpl.java:62)
	at sun.reflect.DelegatingMethodAccessorImpl.invoke(DelegatingMethodAccessorImpl.java:43)
	at java.lang.reflect.Method.invoke(Method.java:498)
	at org.junit.runners.model.FrameworkMethod$1.runReflectiveCall(FrameworkMethod.java:44)
	at org.junit.internal.runners.model.ReflectiveCallable.run(ReflectiveCallable.java:15)
	at org.junit.runners.model.FrameworkMethod.invokeExplosively(FrameworkMethod.java:41)
	at junitparams.internal.InvokeParameterisedMethod.evaluate(InvokeParameterisedMethod.java:102)
	at org.junit.internal.runners.statements.FailOnTimeout$1.run(FailOnTimeout.java:28)
Caused by: ptolemy.kernel.util.IllegalActionException: SubscriptionAggregatorPorts cannot be used at the top level, use a SubscriptionAggregator actor instead.
  in .PublisherSubscriptionAggregatorPort.SubscriptionAggregatorPort
	at ptolemy.actor.SubscriptionAggregatorPort.preinitialize(SubscriptionAggregatorPort.java:353)
	at ptolemy.actor.CompositeActor.preinitialize(CompositeActor.java:1769)
	at ptolemy.actor.Manager.preinitializeAndResolveTypes(Manager.java:1040)
	at ptolemy.actor.Manager.initialize(Manager.java:710)
	at ptolemy.actor.Manager.execute(Manager.java:356)
	at ptolemy.actor.Manager.run(Manager.java:1263)
	at ptolemy.actor.Manager$PtolemyRunThread.run(Manager.java:1915)
java.lang.RuntimeException: Execution failed
	at ptolemy.moml.MoMLSimpleApplication$UnloadThread.run(MoMLSimpleApplication.java:402)
Caused by: ptolemy.kernel.util.IllegalActionException: TypeTest actor has no training data.
  in .sizedarray3.TypeTest
	at ptolemy.actor.lib.TypeTest.initialize(TypeTest.java:250)
	at ptolemy.actor.Director.initialize(Director.java:938)
	at ptolemy.actor.Director.initialize(Director.java:907)
	at ptolemy.actor.sched.StaticSchedulingDirector.initialize(StaticSchedulingDirector.java:159)
	at ptolemy.domains.sdf.kernel.SDFDirector.initialize(SDFDirector.java:544)
	at ptolemy.actor.CompositeActor.initialize(CompositeActor.java:935)
	at ptolemy.actor.Manager.initialize(Manager.java:724)
	at ptolemy.actor.Manager.execute(Manager.java:356)
	at ptolemy.actor.Manager.run(Manager.java:1263)
	at ptolemy.actor.Manager$PtolemyRunThread.run(Manager.java:1915)
java.lang.reflect.InvocationTargetException
	at sun.reflect.NativeConstructorAccessorImpl.newInstance0(Native Method)
	at sun.reflect.NativeConstructorAccessorImpl.newInstance(NativeConstructorAccessorImpl.java:62)
	at sun.reflect.DelegatingConstructorAccessorImpl.newInstance(DelegatingConstructorAccessorImpl.java:45)
	at java.lang.reflect.Constructor.newInstance(Constructor.java:423)
	at ptolemy.util.test.junit.AutoKnownFailedTests.RunModel(AutoKnownFailedTests.java:107)
	at sun.reflect.NativeMethodAccessorImpl.invoke0(Native Method)
	at sun.reflect.NativeMethodAccessorImpl.invoke(NativeMethodAccessorImpl.java:62)
	at sun.reflect.DelegatingMethodAccessorImpl.invoke(DelegatingMethodAccessorImpl.java:43)
	at java.lang.reflect.Method.invoke(Method.java:498)
	at org.junit.runners.model.FrameworkMethod$1.runReflectiveCall(FrameworkMethod.java:44)
	at org.junit.internal.runners.model.ReflectiveCallable.run(ReflectiveCallable.java:15)
	at org.junit.runners.model.FrameworkMethod.invokeExplosively(FrameworkMethod.java:41)
	at junitparams.internal.InvokeParameterisedMethod.evaluate(InvokeParameterisedMethod.java:102)
	at org.junit.internal.runners.statements.FailOnTimeout$1.run(FailOnTimeout.java:28)
Caused by: ptolemy.kernel.util.IllegalActionException: TypeTest actor has no training data.
  in .sizedarray3.TypeTest
	at ptolemy.actor.lib.TypeTest.initialize(TypeTest.java:250)
	at ptolemy.actor.Director.initialize(Director.java:938)
	at ptolemy.actor.Director.initialize(Director.java:907)
	at ptolemy.actor.sched.StaticSchedulingDirector.initialize(StaticSchedulingDirector.java:159)
	at ptolemy.domains.sdf.kernel.SDFDirector.initialize(SDFDirector.java:544)
	at ptolemy.actor.CompositeActor.initialize(CompositeActor.java:935)
	at ptolemy.actor.Manager.initialize(Manager.java:724)
	at ptolemy.actor.Manager.execute(Manager.java:356)
	at ptolemy.actor.Manager.run(Manager.java:1263)
	at ptolemy.actor.Manager$PtolemyRunThread.run(Manager.java:1915)
]]></system-err>
</testsuite>
