<?xml version="1.0" encoding="UTF-8" ?>
<testsuite errors="0" failures="0" hostname="travis-job-14e41439-803a-407d-b4f0-f4377fb7855c" name="ptolemy.domains.de.test.junit.JUnitTclTest" skipped="0" tests="101" time="133.493" timestamp="2019-03-31T03:55:08">
  <properties>
    <property name="npm.executable" value="npm" />
    <property name="file.encoding.pkg" value="sun.io" />
    <property name="env.TRAVIS_ROOT" value="/" />
    <property name="ptII.mk.exists" value="true" />
    <property name="env.TRAVIS_APP_HOST" value="build.travis-ci.org" />
    <property name="env.rvm_bin_path" value="/home/travis/.rvm/bin" />
    <property name="java.home" value="/usr/lib/jvm/java-8-oracle/jre" />
    <property name="env.TRAVIS_JOB_NUMBER" value="1068.9" />
    <property name="env.TRAVIS_HOME" value="/home/travis" />
    <property name="env.DISPLAY" value=":99.0" />
    <property name="java.net.preferIPv4Stack" value="true" />
    <property name="env.TRAVIS_INIT" value="upstart" />
    <property name="env.SSH_TTY" value="/dev/pts/0" />
    <property name="env.RUN_TESTS" value="true" />
    <property name="timeout.short" value="1000000" />
    <property name="env.TRAVIS_JOB_NAME" value="" />
    <property name="env.TRAVIS_STACK_NODE_ATTRIBUTES" value="/.node-attributes.yml" />
    <property name="junit.formatter" value="xml" />
    <property name="java.endorsed.dirs" value="/usr/lib/jvm/java-8-oracle/jre/lib/endorsed" />
    <property name="env.TRAVIS_SUDO" value="true" />
    <property name="env.LOGNAME" value="travis" />
    <property name="jsdoc.home" value="node_modules/@terraswarm/jsdoc" />
    <property name="debuglevel" value="source,lines,vars" />
    <property name="checkstyle.formatter" value="xml" />
    <property name="bin.vergil.makeable" value="true" />
    <property name="env._system_version" value="14.04" />
    <property name="sun.os.patch.level" value="unknown" />
    <property name="java.vendor.url" value="http://java.oracle.com/" />
    <property name="env.TRAVIS_BUILD_WEB_URL" value="https://travis-ci.org/icyphy/ptII/builds/513654351" />
    <property name="java.version" value="1.8.0_151" />
    <property name="env.TZ" value="UTC" />
    <property name="env.PT_NO_NET" value="true" />
    <property name="env.TRAVIS_PULL_REQUEST_SHA" value="" />
    <property name="env.TRAVIS_SECURE_ENV_VARS" value="true" />
    <property name="env._system_type" value="Linux" />
    <property name="java.vendor.url.bug" value="http://bugreport.sun.com/bugreport/" />
    <property name="env.SSH_CLIENT" value="10.10.19.215 47724 22" />
    <property name="npmjs-org-is-up" value="true" />
    <property name="env.GEM_HOME" value="/home/travis/.rvm/gems/ruby-2.4.1" />
    <property name="env.HAS_ANTARES_THREE_LITTLE_FRONZIES_BADGE" value="true" />
    <property name="env.PS4" value="+" />
    <property name="ant.project.invoked-targets" value="build,test.core2.xml" />
    <property name="env.TRAVIS_PULL_REQUEST_BRANCH" value="" />
    <property name="env.TRAVIS_REPO_SLUG" value="icyphy/ptII" />
    <property name="env.TRAVIS_APT_PROXY" value="http://build-cache.travisci.net" />
    <property name="node.in.path" value="true" />
    <property name="java.maxmemory" value="1400m" />
    <property name="env.RUBY_VERSION" value="ruby-2.4.1" />
    <property name="user.name" value="travis" />
    <property name="env.LANG" value="en_US.UTF-8" />
    <property name="sun.io.unicode.encoding" value="UnicodeLittle" />
    <property name="sun.jnu.encoding" value="UTF-8" />
    <property name="java.runtime.name" value="Java(TM) SE Runtime Environment" />
    <property name="usefile" value="false" />
    <property name="return.code" value="0" />
    <property name="junit.single.formatter" value="plain" />
    <property name="env.DYLD_LIBRARY_PATH" value="/home/travis/pthla/certi-tools/lib:" />
    <property name="env.DEBIAN_FRONTEND" value="noninteractive" />
    <property name="env.SSH_CONNECTION" value="10.10.19.215 47724 10.20.0.119 22" />
    <property name="env.MYSQL_UNIX_PORT" value="/var/run/mysqld/mysqld.sock" />
    <property name="env.TRAVIS_ALLOW_FAILURE" value="false" />
    <property name="env.LC_ALL" value="en_US.UTF-8" />
    <property name="env.TRAVIS_JOB_WEB_URL" value="https://travis-ci.org/icyphy/ptII/jobs/513654360" />
    <property name="java.specification.name" value="Java Platform API Specification" />
    <property name="node.works" value="true" />
    <property name="user.timezone" value="" />
    <property name="path.separator" value=":" />
    <property name="env.TRAVIS_ENABLE_INFRA_DETECTION" value="true" />
    <property name="env.PYTHON_CFLAGS" value="-g -fstack-protector --param=ssp-buffer-size=4 -Wformat -Werror=format-security" />
    <property name="timeout.long" value="4000000" />
    <property name="env.CERTI_HOME" value="/home/travis/pthla/certi-tools" />
    <property name="file.encoding" value="UTF-8" />
    <property name="ant.file.ptII" value="/home/travis/build/icyphy/ptII/build.xml" />
    <property name="javadoc.packagenames" value="com.*,diva.*,lbnl.*,org.hlacerti.*,org.json.*,org.ptolemy.*,org.terraswarm.*,ptolemy.*,ptserver.*" />
    <property name="env.TRAVIS_PULL_REQUEST_SLUG" value="" />
    <property name="ant.project.default-target" value="build" />
    <property name="env.GIT_ASKPASS" value="echo" />
    <property name="env.HOME" value="/home/travis" />
    <property name="sun.java.command" value="org.apache.tools.ant.taskdefs.optional.junit.JUnitTestRunner ptolemy.domains.de.test.junit.JUnitTclTest skipNonTests=false filtertrace=true haltOnError=false haltOnFailure=false formatter=org.apache.tools.ant.taskdefs.optional.junit.OutErrSummaryJUnitResultFormatter showoutput=true outputtoformatters=true logfailedtests=true threadid=0 logtestlistenerevents=false formatter=org.apache.tools.ant.taskdefs.optional.junit.XMLJUnitResultFormatter,/home/travis/build/icyphy/ptII/reports/junit/TEST-ptolemy.domains.de.test.junit.JUnitTclTest.xml crashfile=/home/travis/build/icyphy/ptII/junitvmwatcher7014790781390596595.properties propsfile=/home/travis/build/icyphy/ptII/junit8308702907263681241.properties" />
    <property name="env.MANPATH" value="/home/travis/.nvm/versions/node/v7.10.1/share/man:/home/travis/.kiex/elixirs/elixir-1.4.5/man:/home/travis/.rvm/rubies/ruby-2.4.1/share/man:/usr/local/man:/usr/local/cmake-3.9.2/man:/usr/local/clang-5.0.0/share/man:/usr/local/share/man:/usr/share/man:/home/travis/.rvm/man" />
    <property name="env.COMPOSER_NO_INTERACTION" value="1" />
    <property name="env.JDK_SWITCHER_DEFAULT" value="oraclejdk8" />
    <property name="env.TRAVIS_TIMER_ID" value="26ae2100" />
    <property name="ant.file" value="/home/travis/build/icyphy/ptII/build.xml" />
    <property name="env.TRAVIS_COMMIT_RANGE" value="957937ed47d2203b072c1ffe922bf40d236472ed...779d1b852c9e60806072503222d54fd2abd3548d" />
    <property name="env._system_name" value="Ubuntu" />
    <property name="timeout" value="2400000" />
    <property name="ptII.classpath.optional.property" value="/home/travis/build/icyphy/ptII/lib/bsh-2.0b4.jar:/home/travis/build/icyphy/ptII/lib/ptCal.jar:/home/travis/build/icyphy/ptII/lib/java_cup.jar:/home/travis/build/icyphy/ptII/lib/saxon8.jar:/home/travis/build/icyphy/ptII/lib/saxon8-dom.jar:/home/travis/build/icyphy/ptII/lib/chic.jar:/home/travis/build/icyphy/ptII/lib/ptcolt.jar:/usr/lib/jvm/java-8-oracle/lib/tools.jar:/home/travis/build/icyphy/ptII/vendors/misc/itext/iText.jar:/home/travis/build/icyphy/ptII/lib/g4ltl.jar:/home/travis/build/icyphy/ptII/lib/StructuralCoder.jar:/home/travis/build/icyphy/ptII/vendors/jai-1_1_2_01/lib/jai_core.jar:/home/travis/build/icyphy/ptII/vendors/jai-1_1_2_01/lib/jai_codec.jar:/home/travis/build/icyphy/ptII/lib/jcerti.jar:/home/travis/build/icyphy/ptII/lib/javax.mail.jar:/home/travis/build/icyphy/ptII/vendors/JMF-2.1.1e/lib/jmf.jar:/home/travis/build/icyphy/ptII/lib/jna-4.0.0-variadic.jar:/home/travis/build/icyphy/ptII/vendors/misc/joystick/Joystick.jar:/home/travis/build/icyphy/ptII/lib/ptjacl.jar:/home/travis/build/icyphy/ptII/lib/jsoup-1.8.2.jar:/home/travis/build/icyphy/ptII/lib/junit-4.8.2.jar:/home/travis/build/icyphy/ptII/lib/JUnitParams-0.4.0.jar:/home/travis/build/icyphy/ptII/ptolemy/actor/lib/excel/jxl.jar:/home/travis/build/icyphy/ptII/lib/jython.jar:/home/travis/build/icyphy/ptII/lib/kieler.jar:/home/travis/build/icyphy/ptII/vendors/opencv/share/OpenCV/java/opencv-341.jar:/home/travis/build/icyphy/ptII/lib/oscP5.jar:/home/travis/build/icyphy/ptII/lib/nrjavaserial-3.11.0.devel.jar:/home/travis/build/icyphy/ptII/vendors/j3d/lib/j3dcore.jar:/home/travis/build/icyphy/ptII/vendors/j3d/lib/j3dutils.jar:/home/travis/build/icyphy/ptII/vendors/j3d/lib/vecmath.jar:/home/travis/build/icyphy/ptII/ptolemy/distributed/jini/jar/jini-core.jar:/home/travis/build/icyphy/ptII/ptolemy/distributed/jini/jar/jini-ext.jar:/home/travis/build/icyphy/ptII/ptolemy/distributed/jini/jar/sun-util.jar:/home/travis/build/icyphy/ptII/lib/protobuf-java-2.4.1.jar:/home/travis/build/icyphy/ptII/lib/org.eclipse.paho.client.mqttv3.jar:/home/travis/build/icyphy/ptII/lib/mapss.jar:/home/travis/build/icyphy/ptII/ptolemy/actor/ptalon/antlr/antlr.jar:/home/travis/build/icyphy/ptII/lib/JRI.jar:/home/travis/build/icyphy/ptII/lib/commons-lang-2.6.jar:/home/travis/build/icyphy/ptII/lib/commons-logging-1.1.1.jar:/home/travis/build/icyphy/ptII/lib/sootclasses.jar:/home/travis/build/icyphy/ptII/ptolemy/actor/lib/database/mysql-connector-java-5.1.6-bin.jar:/home/travis/build/icyphy/ptII/vendors/misc/sphinx4/sphinx4-data-5prealpha.jar:/home/travis/build/icyphy/ptII/vendors/misc/sphinx4/sphinx4-core-5prealpha.jar:/home/travis/build/icyphy/ptII/lib/PDFRenderer.jar:/home/travis/build/icyphy/ptII/lib/svgSalamander.jar:/home/travis/build/icyphy/ptII/lib/rsyntaxtextarea-2.6.0-SNAPSHOT.jar:/home/travis/build/icyphy/ptII/lib/hazelcast-3.8.2.jar:/home/travis/build/icyphy/ptII/lib/jackson-annotations-2.9.0.jar:/home/travis/build/icyphy/ptII/lib/jackson-core-2.9.3.jar:/home/travis/build/icyphy/ptII/lib/jackson-databind-2.9.3.jar:/home/travis/build/icyphy/ptII/lib/netty-buffer-4.1.19.Final.jar:/home/travis/build/icyphy/ptII/lib/netty-codec-4.1.19.Final.jar:/home/travis/build/icyphy/ptII/lib/netty-codec-dns-4.1.19.Final.jar:/home/travis/build/icyphy/ptII/lib/netty-codec-http-4.1.19.Final.jar:/home/travis/build/icyphy/ptII/lib/netty-codec-http2-4.1.19.Final.jar:/home/travis/build/icyphy/ptII/lib/netty-common-4.1.19.Final.jar:/home/travis/build/icyphy/ptII/lib/netty-handler-4.1.19.Final.jar:/home/travis/build/icyphy/ptII/lib/netty-resolver-4.1.19.Final.jar:/home/travis/build/icyphy/ptII/lib/netty-resolver-dns-4.1.19.Final.jar:/home/travis/build/icyphy/ptII/lib/netty-transport-4.1.19.Final.jar:/home/travis/build/icyphy/ptII/lib/vertx-codegen-3.5.1.jar:/home/travis/build/icyphy/ptII/lib/vertx-core-3.5.2-SNAPSHOT.jar:/home/travis/build/icyphy/ptII/lib/vertx-hazelcast-3.5.1.jar:/home/travis/build/icyphy/ptII/lib/vertx-lang-js-3.5.1.jar:/home/travis/build/icyphy/ptII/lib/vertx-service-proxy-3.5.1.jar:/home/travis/build/icyphy/ptII/lib/vertx-web-3.5.1.jar:/home/travis/build/icyphy/ptII/lib/slf4j-api-1.7.13.jar:/home/travis/build/icyphy/ptII/lib/slf4j-simple-1.7.13.jar:/home/travis/build/icyphy/ptII/lib/webcam-capture-0.3.12.jar:/home/travis/build/icyphy/ptII/lib/bridj-0.7.0.jar:/home/travis/build/icyphy/ptII/lib/xbjlib-1.1.0.nrjavaserial.jar" />
    <property name="test.batch" value="**/junit/*.java" />
    <property name="env._" value="/usr/bin/timeout" />
    <property name="java.io.tmpdir" value="/tmp" />
    <property name="env.TRAVIS_INTERNAL_RUBY_REGEX" value="^ruby-(2\.[0-4]\.[0-9]|1\.9\.3)" />
    <property name="user.language" value="en" />
    <property name="env.HISTCONTROL" value="ignoredups:ignorespace" />
    <property name="env.GOROOT" value="/home/travis/.gimme/versions/go1.7.4.linux.amd64" />
    <property name="line.separator" value="&#xa;" />
    <property name="target" value="1.8" />
    <property name="env.TRAVIS_BUILD_DIR" value="/home/travis/build/icyphy/ptII" />
    <property name="env.ANT_OPTS" value="-Xmx2048m" />
    <property name="ant.file.type" value="file" />
    <property name="ptolemy.ptII.batchMode" value="true" />
    <property name="env.HISTSIZE" value="1000" />
    <property name="env.MERB_ENV" value="test" />
    <property name="java.vm.info" value="mixed mode" />
    <property name="source" value="1.8" />
    <property name="java.vm.specification.name" value="Java Virtual Machine Specification" />
    <property name="env.TRAVIS_TEST_RESULT" value="0" />
    <property name="jsdoc.command" value="node_modules/@terraswarm/jsdoc/jsdoc.js" />
    <property name="npm.works" value="true" />
    <property name="cobertura.dir" value="/home/travis/build/icyphy/ptII/vendors/cobertura-2.0.3" />
    <property name="env.rvm_path" value="/home/travis/.rvm" />
    <property name="env.GEM_PATH" value="/home/travis/.rvm/gems/ruby-2.4.1:/home/travis/.rvm/gems/ruby-2.4.1@global" />
    <property name="env.LC_CTYPE" value="en_US.UTF-8" />
    <property name="java.awt.printerjob" value="sun.print.PSPrinterJob" />
    <property name="env.TRAVIS_CMD" value="$PTII/bin/ptIITravisBuild.sh $SECONDS" />
    <property name="env.TRAVIS_STACK_NAME" value="garnet" />
    <property name="env.TRAVIS_TIMER_START_TIME" value="1554003996554788028" />
    <property name="ant.version" value="Apache Ant(TM) version 1.10.1 compiled on February 2 2017" />
    <property name="ptII.reports" value="/home/travis/build/icyphy/ptII/reports" />
    <property name="env.TRAVIS_STACK_TIMESTAMP" value="2017-12-05 19:33:09 UTC" />
    <property name="ant.file.type.ptII" value="file" />
    <property name="env.RBENV_SHELL" value="bash" />
    <property name="os.name" value="Linux" />
    <property name="java.specification.vendor" value="Oracle Corporation" />
    <property name="env.rvm_version" value="1.29.3 (latest)" />
    <property name="env.TRAVIS_INFRA" value="gce" />
    <property name="env.TERM" value="xterm" />
    <property name="java.vm.name" value="Java HotSpot(TM) 64-Bit Server VM" />
    <property name="env.TRAVIS_BUILD_NUMBER" value="1068" />
    <property name="env.CI" value="true" />
    <property name="java.library.path" value="/home/travis/pthla/certi-tools/lib:/usr/lib/jni:/usr/local/share/OpenCV/java/:/usr/share/OpenCV/java::/usr/java/packages/lib/amd64:/usr/lib64:/lib64:/lib:/usr/lib" />
    <property name="env.rvm_prefix" value="/home/travis" />
    <property name="env.PATH" value="/home/travis/pthla/certi-tools/share/scripts:/home/travis/.rvm/gems/ruby-2.4.1/bin:/home/travis/.rvm/gems/ruby-2.4.1@global/bin:/home/travis/.rvm/rubies/ruby-2.4.1/bin:/home/travis/.rvm/bin:/home/travis/.nvm/versions/node/v7.10.1/bin:./node_modules/.bin:/home/travis/build/icyphy/ptII/bin:/home/travis/pthla/certi-tools/bin:/home/travis/bin:/home/travis/.local/bin:/opt/pyenv/shims:/home/travis/.phpenv/shims:/home/travis/perl5/perlbrew/bin:/home/travis/.kiex/elixirs/elixir-1.4.5/bin:/home/travis/.kiex/bin:/home/travis/gopath/bin:/home/travis/.gimme/versions/go1.7.4.linux.amd64/bin:/usr/local/phantomjs/bin:/usr/local/phantomjs:/usr/local/neo4j-3.2.7/bin:/usr/local/maven-3.5.2/bin:/usr/local/cmake-3.9.2/bin:/usr/local/clang-5.0.0/bin:/usr/local/sbin:/usr/local/bin:/usr/sbin:/usr/bin:/sbin:/bin:/home/travis/.phpenv/bin:/opt/pyenv/bin:/home/travis/.yarn/bin" />
    <property name="env.TRAVIS_OS_NAME" value="linux" />
    <property name="ant.java.version" value="1.8" />
    <property name="basedir" value="/home/travis/build/icyphy/ptII" />
    <property name="java.class.version" value="52.0" />
    <property name="env.SHLVL" value="3" />
    <property name="env.LD_LIBRARY_PATH" value="/home/travis/pthla/certi-tools/lib:/usr/lib/jni:/usr/local/share/OpenCV/java/:/usr/share/OpenCV/java:" />
    <property name="env.RACK_ENV" value="test" />
    <property name="ant.home" value="/home/travis/build/icyphy/ptII/ant" />
    <property name="env.PERLBREW_BASHRC_VERSION" value="0.80" />
    <property name="env.NVM_DIR" value="/home/travis/.nvm" />
    <property name="env.TRAVIS_BUILD_ID" value="513654351" />
    <property name="env.CERTI_FOM_PATH" value="/home/travis/pthla/certi-tools/share/federations" />
    <property name="env.PYENV_ROOT" value="/opt/pyenv" />
    <property name="env.TRAVIS_UID" value="2000" />
    <property name="env.rvm_pretty_print_flag" value="auto" />
    <property name="env.NVM_BIN" value="/home/travis/.nvm/versions/node/v7.10.1/bin" />
    <property name="env.TRAVIS_COMMIT" value="779d1b852c9e60806072503222d54fd2abd3548d" />
    <property name="env._system_arch" value="x86_64" />
    <property name="node.executable" value="node" />
    <property name="sun.boot.library.path" value="/usr/lib/jvm/java-8-oracle/jre/lib/amd64" />
    <property name="sun.management.compiler" value="HotSpot 64-Bit Tiered Compilers" />
    <property name="env.GOPATH" value="/home/travis/gopath" />
    <property name="java.awt.graphicsenv" value="sun.awt.X11GraphicsEnvironment" />
    <property name="ptolemy.ptII.dir" value="/home/travis/build/icyphy/ptII" />
    <property name="env.USER" value="travis" />
    <property name="env.HISTFILESIZE" value="2000" />
    <property name="timeout.longest" value="19000000" />
    <property name="env.TRAVIS_STACK_FEATURES" value="basic cassandra chromium couchdb disabled-ipv6 docker docker-compose elasticsearch firefox go-toolchain google-chrome jdk memcached mongodb mysql neo4j nodejs_interpreter perl_interpreter perlbrew phantomjs postgresql python_interpreter rabbitmq redis riak ruby_interpreter sqlite xserver" />
    <property name="env.TRAVIS_PULL_REQUEST" value="false" />
    <property name="env.PYENV_SHELL" value="bash" />
    <property name="ant.project.name" value="ptII" />
    <property name="java.vm.specification.version" value="1.8" />
    <property name="env.ANSI_RESET" value="\033[0m" />
    <property name="env.TRAVIS_DIST" value="trusty" />
    <property name="env.CERTI_VERSION" value="4.0.0" />
    <property name="env.NLSPATH" value="/usr/dt/lib/nls/msg/%L/%N.cat" />
    <property name="awt.toolkit" value="sun.awt.X11.XToolkit" />
    <property name="env.CERTI_HOST" value="localhost" />
    <property name="env.MY_RUBY_HOME" value="/home/travis/.rvm/rubies/ruby-2.4.1" />
    <property name="sun.cpu.isalist" value="" />
    <property name="env.TRAVIS_TMPDIR" value="/tmp/tmp.hSINsdrrGL" />
    <property name="java.ext.dirs" value="/usr/lib/jvm/java-8-oracle/jre/lib/ext:/usr/java/packages/lib/ext" />
    <property name="os.version" value="4.4.0-101-generic" />
    <property name="user.home" value="/home/travis" />
    <property name="env.MIX_ARCHIVES" value="/home/travis/.kiex/mix/elixir-1.4.5" />
    <property name="java.vm.vendor" value="Oracle Corporation" />
    <property name="env.TRAVIS_TAG" value="nightly" />
    <property name="env.ANSI_YELLOW" value="\033[33;1m" />
    <property name="env.TRAVIS_FILTERED" value="redirect_io" />
    <property name="env.ANSI_GREEN" value="\033[32;1m" />
    <property name="env.JAVA_HOME" value="/usr/lib/jvm/java-8-oracle" />
    <property name="env.PTII" value="/home/travis/build/icyphy/ptII" />
    <property name="javadoc.excludepackagenames" value="adm.cvs2svn.*,build.*,config.*,doc.coding.templates.*,jni.test.jni.meaningOfLife.*,jni.test.jni.testDeux.*,jni.test.jni.testTrois.*,org.terraswarm.accessor.accessors.web.node_modules.*,org.terraswarm.accessor.accessors.web.hosts.cordova.demo.*,org.terraswarm.accessor.accessors.web.hosts.cordova.plugins.*,org.terraswarm.accessor.accessors-svn.*,pt-modules.*,ptolemy.apps.agilent.*,ptolemy.apps.anytimecontrol.*,ptolemy.apps.apes.*,ptolemy.apps.charon.*,ptolemy.apps.crazyboard.*,ptolemy.apps.eclipse.*,ptolemy.apps.etherealSting.*,ptolemy.apps.fullscreen.*,ptolemy.apps.giotto.*,ptolemy.apps.ia.*,ptolemy.apps.interfaces.*,ptolemy.apps.jmf.*,ptolemy.apps.kurt.*,ptolemy.apps.kvm.*,ptolemy.apps.lego.*,ptolemy.apps.lejos.*,ptolemy.apps.midp.*,ptolemy.apps.mobileCoding.*,ptolemy.apps.pendulum.*,ptolemy.apps.rijndael.*,ptolemy.apps.robot.*,ptolemy.apps.security.*,ptolemy.apps.sobel.*,ptolemy.apps.soot.*,ptolemy.apps.throttle.*,ptolemy.apps.tini.*,ptolemy.apps.transmission.*,ptolemy.apps.vergil.*,ptolemy.apps.waba.*,ptolemy.apps.websensor.*,ptolemy.apps.webstart.*,ptolemy.apps.xsl.*,ptolemy.apps.zaurus.*,ptolemy.codegen.c.actor.lib.oldJavaFiles.*,ptolemy.codegen.dsp.lib.*,ptolemy.codegen.kernel.newInterfaces.*,ptolemy.codegen.lib.*,ptolemy.copernicus.kernel.fragment.*,ptolemy.copernicus.shallow.cg.*,ptolemy.domains.giotto.demo.Hierarchy.Hierarchy.*,ptolemy.domains.giotto.demo.Multimode.Multimode.*,ptolemy.domains.giotto.demo.Simple.Simple.*,ptolemy.domains.gr.lib.experimental.*,ptolemy.domains.gro.*,ptolemy.domains.pdf.*,ptolemy.domains.ptinyos.demo.Surge.output.*,ptolemy.moml.test.NoPackageActor.java*,ptolemy.plot.adm.*,ptolemy.plot.servlet.*,reports.*,signed.*,src.*,target.*,vendors.*,ptolemy.apps.eclipse.awt.*,ptolemy.backtrack.*,ptolemy.backtrack.ast.*,ptolemy.cg.adapter.generic.program.procedural.c.mbed*,ptolemy.homer.*,org.ptolemy.scala.*,diva.util.java2d.svg.*,ptolemy.domains.ptinyos.*,ptolemy.actor.lib.fmi.fmipp.*,,org.terraswarm.accessor.accessors.web.node_modules.*,org.terraswarm.accessor.accessors-svn,ptolemy.apps.*,ptolemy.actor.ptalon.demo.ptinyos.SendAndReceiveCnt.output,ptolemy.actor.ptalon.demo.ptinyos.SenseToLeds.output,ptolemy.domains.ptinyos.demo.CntToLedsAndRfm.output,ptolemy.domains.ptinyos.demo.RfmToLeds.output,ptolemy.domains.ptinyos.demo.SendAndReceiveCnt.output,ptolemy.domains.ptinyos.demo.SenseToLeds.output,ptolemy.actor.lib.jjs.modules.udpSocket.*" />
    <property name="env.TRAVIS_COMMIT_MESSAGE" value="Adding comments in org/hlacerti/lib/HlaManager.java." />
    <property name="keystore" value="ptKeystore" />
    <property name="env.XDG_SESSION_ID" value="2" />
    <property name="junit.output.dir" value="/home/travis/build/icyphy/ptII/reports/junit" />
    <property name="npm.return.code" value="0" />
    <property name="user.dir" value="/home/travis/build/icyphy/ptII/ptolemy/domains/de/test" />
    <property name="env.TRAVIS_NODE_VERSION" value="7" />
    <property name="env.XFILESEARCHPATH" value="/usr/dt/app-defaults/%L/Dt" />
    <property name="env.TRAVIS_EVENT_TYPE" value="cron" />
    <property name="env.MAIL" value="/var/mail/travis" />
    <property name="env.PWD" value="/home/travis/build/icyphy/ptII" />
    <property name="env.PERLBREW_ROOT" value="/home/travis/perl5/perlbrew" />
    <property name="timeout.npm" value="45000" />
    <property name="env.PT_TRAVIS_TEST_CORE2_XML" value="true" />
    <property name="env.TRAVIS_ARCH" value="amd64" />
    <property name="env.PAGER" value="cat" />
    <property name="sun.cpu.endian" value="little" />
    <property name="env.TRAVIS_BUILD_STAGE_NAME" value="Test" />
    <property name="env.PERLBREW_HOME" value="/home/travis/.perlbrew" />
    <property name="env.RAILS_ENV" value="test" />
    <property name="java.vm.version" value="25.151-b12" />
    <property name="java.class.path" value="/home/travis/build/icyphy/ptII:/home/travis/build/icyphy/ptII/lib/bsh-2.0b4.jar:/home/travis/build/icyphy/ptII/lib/ptCal.jar:/home/travis/build/icyphy/ptII/lib/java_cup.jar:/home/travis/build/icyphy/ptII/lib/saxon8.jar:/home/travis/build/icyphy/ptII/lib/saxon8-dom.jar:/home/travis/build/icyphy/ptII/lib/chic.jar:/home/travis/build/icyphy/ptII/lib/ptcolt.jar:/usr/lib/jvm/java-8-oracle/lib/tools.jar:/home/travis/build/icyphy/ptII/vendors/misc/itext/iText.jar:/home/travis/build/icyphy/ptII/lib/g4ltl.jar:/home/travis/build/icyphy/ptII/lib/StructuralCoder.jar:/home/travis/build/icyphy/ptII/vendors/jai-1_1_2_01/lib/jai_core.jar:/home/travis/build/icyphy/ptII/vendors/jai-1_1_2_01/lib/jai_codec.jar:/home/travis/build/icyphy/ptII/lib/jcerti.jar:/home/travis/build/icyphy/ptII/lib/javax.mail.jar:/home/travis/build/icyphy/ptII/vendors/JMF-2.1.1e/lib/jmf.jar:/home/travis/build/icyphy/ptII/lib/jna-4.0.0-variadic.jar:/home/travis/build/icyphy/ptII/vendors/misc/joystick/Joystick.jar:/home/travis/build/icyphy/ptII/lib/ptjacl.jar:/home/travis/build/icyphy/ptII/lib/jsoup-1.8.2.jar:/home/travis/build/icyphy/ptII/lib/junit-4.8.2.jar:/home/travis/build/icyphy/ptII/lib/JUnitParams-0.4.0.jar:/home/travis/build/icyphy/ptII/ptolemy/actor/lib/excel/jxl.jar:/home/travis/build/icyphy/ptII/lib/jython.jar:/home/travis/build/icyphy/ptII/lib/kieler.jar:/home/travis/build/icyphy/ptII/vendors/opencv/share/OpenCV/java/opencv-341.jar:/home/travis/build/icyphy/ptII/lib/oscP5.jar:/home/travis/build/icyphy/ptII/lib/nrjavaserial-3.11.0.devel.jar:/home/travis/build/icyphy/ptII/vendors/j3d/lib/j3dcore.jar:/home/travis/build/icyphy/ptII/vendors/j3d/lib/j3dutils.jar:/home/travis/build/icyphy/ptII/vendors/j3d/lib/vecmath.jar:/home/travis/build/icyphy/ptII/ptolemy/distributed/jini/jar/jini-core.jar:/home/travis/build/icyphy/ptII/ptolemy/distributed/jini/jar/jini-ext.jar:/home/travis/build/icyphy/ptII/ptolemy/distributed/jini/jar/sun-util.jar:/home/travis/build/icyphy/ptII/lib/protobuf-java-2.4.1.jar:/home/travis/build/icyphy/ptII/lib/org.eclipse.paho.client.mqttv3.jar:/home/travis/build/icyphy/ptII/lib/mapss.jar:/home/travis/build/icyphy/ptII/ptolemy/actor/ptalon/antlr/antlr.jar:/home/travis/build/icyphy/ptII/lib/JRI.jar:/home/travis/build/icyphy/ptII/lib/commons-lang-2.6.jar:/home/travis/build/icyphy/ptII/lib/commons-logging-1.1.1.jar:/home/travis/build/icyphy/ptII/lib/sootclasses.jar:/home/travis/build/icyphy/ptII/ptolemy/actor/lib/database/mysql-connector-java-5.1.6-bin.jar:/home/travis/build/icyphy/ptII/vendors/misc/sphinx4/sphinx4-data-5prealpha.jar:/home/travis/build/icyphy/ptII/vendors/misc/sphinx4/sphinx4-core-5prealpha.jar:/home/travis/build/icyphy/ptII/lib/PDFRenderer.jar:/home/travis/build/icyphy/ptII/lib/svgSalamander.jar:/home/travis/build/icyphy/ptII/lib/rsyntaxtextarea-2.6.0-SNAPSHOT.jar:/home/travis/build/icyphy/ptII/lib/hazelcast-3.8.2.jar:/home/travis/build/icyphy/ptII/lib/jackson-annotations-2.9.0.jar:/home/travis/build/icyphy/ptII/lib/jackson-core-2.9.3.jar:/home/travis/build/icyphy/ptII/lib/jackson-databind-2.9.3.jar:/home/travis/build/icyphy/ptII/lib/netty-buffer-4.1.19.Final.jar:/home/travis/build/icyphy/ptII/lib/netty-codec-4.1.19.Final.jar:/home/travis/build/icyphy/ptII/lib/netty-codec-dns-4.1.19.Final.jar:/home/travis/build/icyphy/ptII/lib/netty-codec-http-4.1.19.Final.jar:/home/travis/build/icyphy/ptII/lib/netty-codec-http2-4.1.19.Final.jar:/home/travis/build/icyphy/ptII/lib/netty-common-4.1.19.Final.jar:/home/travis/build/icyphy/ptII/lib/netty-handler-4.1.19.Final.jar:/home/travis/build/icyphy/ptII/lib/netty-resolver-4.1.19.Final.jar:/home/travis/build/icyphy/ptII/lib/netty-resolver-dns-4.1.19.Final.jar:/home/travis/build/icyphy/ptII/lib/netty-transport-4.1.19.Final.jar:/home/travis/build/icyphy/ptII/lib/vertx-codegen-3.5.1.jar:/home/travis/build/icyphy/ptII/lib/vertx-core-3.5.2-SNAPSHOT.jar:/home/travis/build/icyphy/ptII/lib/vertx-hazelcast-3.5.1.jar:/home/travis/build/icyphy/ptII/lib/vertx-lang-js-3.5.1.jar:/home/travis/build/icyphy/ptII/lib/vertx-service-proxy-3.5.1.jar:/home/travis/build/icyphy/ptII/lib/vertx-web-3.5.1.jar:/home/travis/build/icyphy/ptII/lib/slf4j-api-1.7.13.jar:/home/travis/build/icyphy/ptII/lib/slf4j-simple-1.7.13.jar:/home/travis/build/icyphy/ptII/lib/webcam-capture-0.3.12.jar:/home/travis/build/icyphy/ptII/lib/bridj-0.7.0.jar:/home/travis/build/icyphy/ptII/lib/xbjlib-1.1.0.nrjavaserial.jar:/home/travis/build/icyphy/ptII/ptolemy/moml/test:/home/travis/build/icyphy/ptII/ant/lib/ant-launcher.jar:/home/travis/build/icyphy/ptII/ant/lib/ant.jar:/home/travis/build/icyphy/ptII/ant/lib/ant-junit.jar:/home/travis/build/icyphy/ptII/ant/lib/ant-junit4.jar" />
    <property name="ant.library.dir" value="/home/travis/build/icyphy/ptII/ant/lib" />
    <property name="os.arch" value="amd64" />
    <property name="env.TRAVIS_LANGUAGE" value="node_js" />
    <property name="env.CONTINUOUS_INTEGRATION" value="true" />
    <property name="env.TRAVIS_STACK_LANGUAGES" value="__garnet__ c c++ clojure cplusplus cpp default go groovy java node_js php pure_java python ruby scala" />
    <property name="test.name" value="ptolemy.actor.lib.test.junit.JUnitTclTest" />
    <property name="sun.java.launcher" value="SUN_STANDARD" />
    <property name="env.PYTHON_CONFIGURE_OPTS" value="--enable-unicode=ucs4 --with-wide-unicode --enable-shared --enable-ipv6 --enable-loadable-sqlite-extensions --with-computed-gotos" />
    <property name="ant.core.lib" value="/home/travis/build/icyphy/ptII/ant/lib/ant.jar" />
    <property name="java.vm.specification.vendor" value="Oracle Corporation" />
    <property name="env.BCVTB_HOME" value="/home/travis/build/icyphy/ptII/lbnl" />
    <property name="file.separator" value="/" />
    <property name="spotbugs.home" value="/home/travis/build/icyphy/ptII/vendors/spotbugs-3.1.1" />
    <property name="java.runtime.version" value="1.8.0_151-b12" />
    <property name="sun.boot.class.path" value="/usr/lib/jvm/java-8-oracle/jre/lib/resources.jar:/usr/lib/jvm/java-8-oracle/jre/lib/rt.jar:/usr/lib/jvm/java-8-oracle/jre/lib/sunrsasign.jar:/usr/lib/jvm/java-8-oracle/jre/lib/jsse.jar:/usr/lib/jvm/java-8-oracle/jre/lib/jce.jar:/usr/lib/jvm/java-8-oracle/jre/lib/charsets.jar:/usr/lib/jvm/java-8-oracle/jre/lib/jfr.jar:/usr/lib/jvm/java-8-oracle/jre/classes" />
    <property name="env.ANSI_CLEAR" value="\033[0K" />
    <property name="env.HAS_JOSH_K_SEAL_OF_APPROVAL" value="true" />
    <property name="env.XDG_RUNTIME_DIR" value="/run/user/2000" />
    <property name="env.TRAVIS_OSX_IMAGE" value="" />
    <property name="env.TRAVIS_BRANCH" value="master" />
    <property name="env.TRAVIS_JOB_ID" value="513654360" />
    <property name="user.country" value="US" />
    <property name="env.CERTI_HOME_TRAVIS" value="/home/travis/pthla/certi-tools" />
    <property name="env.SHELL" value="/bin/bash" />
    <property name="java.maxmemory.large" value="5000m" />
    <property name="model" value="" />
    <property name="env.CASHER_DIR" value="/home/travis/.casher" />
    <property name="env.NVM_CD_FLAGS" value="" />
    <property name="jshint.executable" value="/home/travis/node_modules/jshint/bin/jshint" />
    <property name="java.vendor" value="Oracle Corporation" />
    <property name="env.JRUBY_OPTS" value=" --client -J-XX:+TieredCompilation -J-XX:TieredStopAtLevel=1 -J-Xss2m -Xcompile.invokedynamic=false" />
    <property name="env.TRAVIS_PRE_CHEF_BOOTSTRAP_TIME" value="2017-12-05T19:32:55" />
    <property name="env.TRAVIS_STACK_JOB_BOARD_REGISTER" value="/.job-board-register.yml" />
    <property name="env.ELIXIR_VERSION" value="1.4.5" />
    <property name="env.ANSI_RED" value="\033[31;1m" />
    <property name="java.specification.version" value="1.8" />
    <property name="env.TRAVIS" value="true" />
    <property name="env.IRBRC" value="/home/travis/.rvm/rubies/ruby-2.4.1/.irbrc" />
    <property name="sun.arch.data.model" value="64" />
  </properties>
  <testcase classname="ptolemy.util.test.junit.TclTests" name="[0] /home/travis/build/icyphy/ptII/ptolemy/domains/de/test/DependencyLoop.tcl (RunTclFile)" time="0.71" />
  <testcase classname="ptolemy.util.test.junit.TclTests" name="[1] /home/travis/build/icyphy/ptII/ptolemy/domains/de/test/RunDETestsAsQSS.tcl (RunTclFile)" time="91.732" />
  <testcase classname="ptolemy.util.test.junit.AutoKnownFailedTests" name="[0] /home/travis/build/icyphy/ptII/ptolemy/domains/de/test/auto/knownFailedTests/DESDFClockTest.xml (RunModel)" time="2.044" />
  <testcase classname="ptolemy.util.test.junit.AutoKnownFailedTests" name="[1] /home/travis/build/icyphy/ptII/ptolemy/domains/de/test/auto/knownFailedTests/DirectFeedback.xml (RunModel)" time="0.017" />
  <testcase classname="ptolemy.util.test.junit.AutoKnownFailedTests" name="[2] /home/travis/build/icyphy/ptII/ptolemy/domains/de/test/auto/knownFailedTests/FSMSource.xml (RunModel)" time="0.031" />
  <testcase classname="ptolemy.util.test.junit.AutoKnownFailedTests" name="[3] /home/travis/build/icyphy/ptII/ptolemy/domains/de/test/auto/knownFailedTests/HierarchicalModel.xml (RunModel)" time="0.034" />
  <testcase classname="ptolemy.util.test.junit.AutoKnownFailedTests" name="[4] /home/travis/build/icyphy/ptII/ptolemy/domains/de/test/auto/knownFailedTests/dependencyLoop.xml (RunModel)" time="0.032" />
  <testcase classname="ptolemy.util.test.junit.AutoKnownFailedTests" name="[5] /home/travis/build/icyphy/ptII/ptolemy/domains/de/test/auto/knownFailedTests/dependencyLoop2.xml (RunModel)" time="0.042" />
  <testcase classname="ptolemy.util.test.junit.AutoNameArchTests" name="[0] ThereAreNoAutoArchTests (RunModel)" time="0.004" />
  <testcase classname="ptolemy.util.test.junit.AutoTests" name="[0] /home/travis/build/icyphy/ptII/ptolemy/domains/de/test/auto/ActorDepthCalculation_actorWithoutPorts.xml (RunModel)" time="0.018" />
  <testcase classname="ptolemy.util.test.junit.AutoTests" name="[1] /home/travis/build/icyphy/ptII/ptolemy/domains/de/test/auto/AssemblyLine.xml (RunModel)" time="0.025" />
  <testcase classname="ptolemy.util.test.junit.AutoTests" name="[2] /home/travis/build/icyphy/ptII/ptolemy/domains/de/test/auto/CQBug1.xml (RunModel)" time="0.009" />
  <testcase classname="ptolemy.util.test.junit.AutoTests" name="[3] /home/travis/build/icyphy/ptII/ptolemy/domains/de/test/auto/CancelFireAt.xml (RunModel)" time="0.012" />
  <testcase classname="ptolemy.util.test.junit.AutoTests" name="[4] /home/travis/build/icyphy/ptII/ptolemy/domains/de/test/auto/CausalityAndComposabilityAnalysis.xml (RunModel)" time="0.012" />
  <testcase classname="ptolemy.util.test.junit.AutoTests" name="[5] /home/travis/build/icyphy/ptII/ptolemy/domains/de/test/auto/CausalityInterface1.xml (RunModel)" time="0.016" />
  <testcase classname="ptolemy.util.test.junit.AutoTests" name="[6] /home/travis/build/icyphy/ptII/ptolemy/domains/de/test/auto/CausalityInterface15.xml (RunModel)" time="0.013" />
  <testcase classname="ptolemy.util.test.junit.AutoTests" name="[7] /home/travis/build/icyphy/ptII/ptolemy/domains/de/test/auto/CausalityInterface2.xml (RunModel)" time="0.014" />
  <testcase classname="ptolemy.util.test.junit.AutoTests" name="[8] /home/travis/build/icyphy/ptII/ptolemy/domains/de/test/auto/CausalityInterface3.xml (RunModel)" time="0.011" />
  <testcase classname="ptolemy.util.test.junit.AutoTests" name="[9] /home/travis/build/icyphy/ptII/ptolemy/domains/de/test/auto/ClockDrift.xml (RunModel)" time="0.043" />
  <testcase classname="ptolemy.util.test.junit.AutoTests" name="[10] /home/travis/build/icyphy/ptII/ptolemy/domains/de/test/auto/ClockDriftAndValueChange.xml (RunModel)" time="0.047" />
  <testcase classname="ptolemy.util.test.junit.AutoTests" name="[11] /home/travis/build/icyphy/ptII/ptolemy/domains/de/test/auto/ClockDriftChange.xml (RunModel)" time="0.031" />
  <testcase classname="ptolemy.util.test.junit.AutoTests" name="[12] /home/travis/build/icyphy/ptII/ptolemy/domains/de/test/auto/ComposableCausalityAnalysis.xml (RunModel)" time="0.017" />
  <testcase classname="ptolemy.util.test.junit.AutoTests" name="[13] /home/travis/build/icyphy/ptII/ptolemy/domains/de/test/auto/DEFixedPointLimitation.xml (RunModel)" time="0.013" />
  <testcase classname="ptolemy.util.test.junit.AutoTests" name="[14] /home/travis/build/icyphy/ptII/ptolemy/domains/de/test/auto/DEScheduleTest.xml (RunModel)" time="0.035" />
  <testcase classname="ptolemy.util.test.junit.AutoTests" name="[15] /home/travis/build/icyphy/ptII/ptolemy/domains/de/test/auto/DEinDEwithStartTimes.xml (RunModel)" time="0.019" />
  <testcase classname="ptolemy.util.test.junit.AutoTests" name="[16] /home/travis/build/icyphy/ptII/ptolemy/domains/de/test/auto/DEinDEwithStartTimes2.xml (RunModel)" time="0.014" />
  <testcase classname="ptolemy.util.test.junit.AutoTests" name="[17] /home/travis/build/icyphy/ptII/ptolemy/domains/de/test/auto/DateDemo.xml (RunModel)" time="0.029" />
  <testcase classname="ptolemy.util.test.junit.AutoTests" name="[18] /home/travis/build/icyphy/ptII/ptolemy/domains/de/test/auto/DateToEvent.xml (RunModel)" time="2.041" />
  <testcase classname="ptolemy.util.test.junit.AutoTests" name="[19] /home/travis/build/icyphy/ptII/ptolemy/domains/de/test/auto/DepthTest1.xml (RunModel)" time="0.016" />
  <testcase classname="ptolemy.util.test.junit.AutoTests" name="[20] /home/travis/build/icyphy/ptII/ptolemy/domains/de/test/auto/DepthTest2.xml (RunModel)" time="0.016" />
  <testcase classname="ptolemy.util.test.junit.AutoTests" name="[21] /home/travis/build/icyphy/ptII/ptolemy/domains/de/test/auto/DepthTest3.xml (RunModel)" time="0.008" />
  <testcase classname="ptolemy.util.test.junit.AutoTests" name="[22] /home/travis/build/icyphy/ptII/ptolemy/domains/de/test/auto/DepthTest4.xml (RunModel)" time="0.012" />
  <testcase classname="ptolemy.util.test.junit.AutoTests" name="[23] /home/travis/build/icyphy/ptII/ptolemy/domains/de/test/auto/DepthTest5.xml (RunModel)" time="0.014" />
  <testcase classname="ptolemy.util.test.junit.AutoTests" name="[24] /home/travis/build/icyphy/ptII/ptolemy/domains/de/test/auto/DepthTest6.xml (RunModel)" time="0.014" />
  <testcase classname="ptolemy.util.test.junit.AutoTests" name="[25] /home/travis/build/icyphy/ptII/ptolemy/domains/de/test/auto/DepthTest7.xml (RunModel)" time="0.013" />
  <testcase classname="ptolemy.util.test.junit.AutoTests" name="[26] /home/travis/build/icyphy/ptII/ptolemy/domains/de/test/auto/EventToDate.xml (RunModel)" time="3.035" />
  <testcase classname="ptolemy.util.test.junit.AutoTests" name="[27] /home/travis/build/icyphy/ptII/ptolemy/domains/de/test/auto/FSM1.xml (RunModel)" time="0.053" />
  <testcase classname="ptolemy.util.test.junit.AutoTests" name="[28] /home/travis/build/icyphy/ptII/ptolemy/domains/de/test/auto/FSM7.xml (RunModel)" time="0.043" />
  <testcase classname="ptolemy.util.test.junit.AutoTests" name="[29] /home/travis/build/icyphy/ptII/ptolemy/domains/de/test/auto/Inspection.xml (RunModel)" time="0.044" />
  <testcase classname="ptolemy.util.test.junit.AutoTests" name="[30] /home/travis/build/icyphy/ptII/ptolemy/domains/de/test/auto/Iteration.xml (RunModel)" time="0.028" />
  <testcase classname="ptolemy.util.test.junit.AutoTests" name="[31] /home/travis/build/icyphy/ptII/ptolemy/domains/de/test/auto/LineFault.xml (RunModel)" time="0.535" />
  <testcase classname="ptolemy.util.test.junit.AutoTests" name="[32] /home/travis/build/icyphy/ptII/ptolemy/domains/de/test/auto/MergeModel1Add.xml (RunModel)" time="0.042" />
  <testcase classname="ptolemy.util.test.junit.AutoTests" name="[33] /home/travis/build/icyphy/ptII/ptolemy/domains/de/test/auto/MergeModel2Add.xml (RunModel)" time="0.041" />
  <testcase classname="ptolemy.util.test.junit.AutoTests" name="[34] /home/travis/build/icyphy/ptII/ptolemy/domains/de/test/auto/MergeModel3Add.xml (RunModel)" time="0.042" />
  <testcase classname="ptolemy.util.test.junit.AutoTests" name="[35] /home/travis/build/icyphy/ptII/ptolemy/domains/de/test/auto/MergeWithoutDiscard.xml (RunModel)" time="0.012" />
  <testcase classname="ptolemy.util.test.junit.AutoTests" name="[36] /home/travis/build/icyphy/ptII/ptolemy/domains/de/test/auto/Modal1.xml (RunModel)" time="0.032" />
  <testcase classname="ptolemy.util.test.junit.AutoTests" name="[37] /home/travis/build/icyphy/ptII/ptolemy/domains/de/test/auto/Modal2.xml (RunModel)" time="0.032" />
  <testcase classname="ptolemy.util.test.junit.AutoTests" name="[38] /home/travis/build/icyphy/ptII/ptolemy/domains/de/test/auto/Modal3.xml (RunModel)" time="0.029" />
  <testcase classname="ptolemy.util.test.junit.AutoTests" name="[39] /home/travis/build/icyphy/ptII/ptolemy/domains/de/test/auto/Modal4.xml (RunModel)" time="0.028" />
  <testcase classname="ptolemy.util.test.junit.AutoTests" name="[40] /home/travis/build/icyphy/ptII/ptolemy/domains/de/test/auto/Modal5.xml (RunModel)" time="0.029" />
  <testcase classname="ptolemy.util.test.junit.AutoTests" name="[41] /home/travis/build/icyphy/ptII/ptolemy/domains/de/test/auto/Modal6.xml (RunModel)" time="0.031" />
  <testcase classname="ptolemy.util.test.junit.AutoTests" name="[42] /home/travis/build/icyphy/ptII/ptolemy/domains/de/test/auto/Modal7.xml (RunModel)" time="0.028" />
  <testcase classname="ptolemy.util.test.junit.AutoTests" name="[43] /home/travis/build/icyphy/ptII/ptolemy/domains/de/test/auto/ModalModel.xml (RunModel)" time="0.157" />
  <testcase classname="ptolemy.util.test.junit.AutoTests" name="[44] /home/travis/build/icyphy/ptII/ptolemy/domains/de/test/auto/ModalSource.xml (RunModel)" time="0.019" />
  <testcase classname="ptolemy.util.test.junit.AutoTests" name="[45] /home/travis/build/icyphy/ptII/ptolemy/domains/de/test/auto/NonInterruptibleTimerZeroDelay.xml (RunModel)" time="0.009" />
  <testcase classname="ptolemy.util.test.junit.AutoTests" name="[46] /home/travis/build/icyphy/ptII/ptolemy/domains/de/test/auto/OpenQueueingNetwork.xml (RunModel)" time="2.297" />
  <testcase classname="ptolemy.util.test.junit.AutoTests" name="[47] /home/travis/build/icyphy/ptII/ptolemy/domains/de/test/auto/OpenQueuingNetwork.xml (RunModel)" time="0.278" />
  <testcase classname="ptolemy.util.test.junit.AutoTests" name="[48] /home/travis/build/icyphy/ptII/ptolemy/domains/de/test/auto/PeriodicSampler.xml (RunModel)" time="0.007" />
  <testcase classname="ptolemy.util.test.junit.AutoTests" name="[49] /home/travis/build/icyphy/ptII/ptolemy/domains/de/test/auto/PersistentIO.xml (RunModel)" time="0.017" />
  <testcase classname="ptolemy.util.test.junit.AutoTests" name="[50] /home/travis/build/icyphy/ptII/ptolemy/domains/de/test/auto/PortParameterResetOnInitialize.xml (RunModel)" time="0.011" />
  <testcase classname="ptolemy.util.test.junit.AutoTests" name="[51] /home/travis/build/icyphy/ptII/ptolemy/domains/de/test/auto/PortParameterUpdates.xml (RunModel)" time="0.016" />
  <testcase classname="ptolemy.util.test.junit.AutoTests" name="[52] /home/travis/build/icyphy/ptII/ptolemy/domains/de/test/auto/QueueAndServer.xml (RunModel)" time="0.019" />
  <testcase classname="ptolemy.util.test.junit.AutoTests" name="[53] /home/travis/build/icyphy/ptII/ptolemy/domains/de/test/auto/Records.xml (RunModel)" time="0.016" />
  <testcase classname="ptolemy.util.test.junit.AutoTests" name="[54] /home/travis/build/icyphy/ptII/ptolemy/domains/de/test/auto/ResetTransitionWithStartTime1.xml (RunModel)" time="0.016" />
  <testcase classname="ptolemy.util.test.junit.AutoTests" name="[55] /home/travis/build/icyphy/ptII/ptolemy/domains/de/test/auto/ResetTransitionWithStartTime2.xml (RunModel)" time="0.015" />
  <testcase classname="ptolemy.util.test.junit.AutoTests" name="[56] /home/travis/build/icyphy/ptII/ptolemy/domains/de/test/auto/ResetTransitionWithStartTime3.xml (RunModel)" time="0.016" />
  <testcase classname="ptolemy.util.test.junit.AutoTests" name="[57] /home/travis/build/icyphy/ptII/ptolemy/domains/de/test/auto/ResetTransitionWithStartTime4.xml (RunModel)" time="0.015" />
  <testcase classname="ptolemy.util.test.junit.AutoTests" name="[58] /home/travis/build/icyphy/ptII/ptolemy/domains/de/test/auto/ResettableTimer1.xml (RunModel)" time="0.009" />
  <testcase classname="ptolemy.util.test.junit.AutoTests" name="[59] /home/travis/build/icyphy/ptII/ptolemy/domains/de/test/auto/ResettableTimer2.xml (RunModel)" time="0.009" />
  <testcase classname="ptolemy.util.test.junit.AutoTests" name="[60] /home/travis/build/icyphy/ptII/ptolemy/domains/de/test/auto/ResettableTimer3.xml (RunModel)" time="0.008" />
  <testcase classname="ptolemy.util.test.junit.AutoTests" name="[61] /home/travis/build/icyphy/ptII/ptolemy/domains/de/test/auto/ResettableTimer4.xml (RunModel)" time="0.007" />
  <testcase classname="ptolemy.util.test.junit.AutoTests" name="[62] /home/travis/build/icyphy/ptII/ptolemy/domains/de/test/auto/ResettableTimer5.xml (RunModel)" time="0.008" />
  <testcase classname="ptolemy.util.test.junit.AutoTests" name="[63] /home/travis/build/icyphy/ptII/ptolemy/domains/de/test/auto/ResettableTimer6.xml (RunModel)" time="0.009" />
  <testcase classname="ptolemy.util.test.junit.AutoTests" name="[64] /home/travis/build/icyphy/ptII/ptolemy/domains/de/test/auto/ServerZeroDelay.xml (RunModel)" time="0.009" />
  <testcase classname="ptolemy.util.test.junit.AutoTests" name="[65] /home/travis/build/icyphy/ptII/ptolemy/domains/de/test/auto/SmartSender.xml (RunModel)" time="3.008" />
  <testcase classname="ptolemy.util.test.junit.AutoTests" name="[66] /home/travis/build/icyphy/ptII/ptolemy/domains/de/test/auto/ThreadedComposite.xml (RunModel)" time="0.154" />
  <testcase classname="ptolemy.util.test.junit.AutoTests" name="[67] /home/travis/build/icyphy/ptII/ptolemy/domains/de/test/auto/Time.xml (RunModel)" time="0.432" />
  <testcase classname="ptolemy.util.test.junit.AutoTests" name="[68] /home/travis/build/icyphy/ptII/ptolemy/domains/de/test/auto/TimeDelayZeroDelay.xml (RunModel)" time="0.013" />
  <testcase classname="ptolemy.util.test.junit.AutoTests" name="[69] /home/travis/build/icyphy/ptII/ptolemy/domains/de/test/auto/TimerZeroDelay.xml (RunModel)" time="0.011" />
  <testcase classname="ptolemy.util.test.junit.AutoTests" name="[70] /home/travis/build/icyphy/ptII/ptolemy/domains/de/test/auto/TimingParadox.xml (RunModel)" time="0.343" />
  <testcase classname="ptolemy.util.test.junit.AutoTests" name="[71] /home/travis/build/icyphy/ptII/ptolemy/domains/de/test/auto/TransferInputs.xml (RunModel)" time="0.013" />
  <testcase classname="ptolemy.util.test.junit.AutoTests" name="[72] /home/travis/build/icyphy/ptII/ptolemy/domains/de/test/auto/TransferOutputs2.xml (RunModel)" time="0.013" />
  <testcase classname="ptolemy.util.test.junit.AutoTests" name="[73] /home/travis/build/icyphy/ptII/ptolemy/domains/de/test/auto/Trilateration.xml (RunModel)" time="12.641" />
  <testcase classname="ptolemy.util.test.junit.AutoTests" name="[74] /home/travis/build/icyphy/ptII/ptolemy/domains/de/test/auto/TwoSigmaDelta.xml (RunModel)" time="2.17" />
  <testcase classname="ptolemy.util.test.junit.AutoTests" name="[75] /home/travis/build/icyphy/ptII/ptolemy/domains/de/test/auto/VariableDelay.xml (RunModel)" time="0.012" />
  <testcase classname="ptolemy.util.test.junit.AutoTests" name="[76] /home/travis/build/icyphy/ptII/ptolemy/domains/de/test/auto/VariableDelay2.xml (RunModel)" time="0.01" />
  <testcase classname="ptolemy.util.test.junit.AutoTests" name="[77] /home/travis/build/icyphy/ptII/ptolemy/domains/de/test/auto/VariableDelayZeroDelay.xml (RunModel)" time="0.01" />
  <testcase classname="ptolemy.util.test.junit.AutoTests" name="[78] /home/travis/build/icyphy/ptII/ptolemy/domains/de/test/auto/VariableDelayZeroDelay2.xml (RunModel)" time="0.009" />
  <testcase classname="ptolemy.util.test.junit.AutoTests" name="[79] /home/travis/build/icyphy/ptII/ptolemy/domains/de/test/auto/deInCt.xml (RunModel)" time="0.019" />
  <testcase classname="ptolemy.util.test.junit.AutoTests" name="[80] /home/travis/build/icyphy/ptII/ptolemy/domains/de/test/auto/deInCt2.xml (RunModel)" time="0.016" />
  <testcase classname="ptolemy.util.test.junit.AutoTests" name="[81] /home/travis/build/icyphy/ptII/ptolemy/domains/de/test/auto/dynamicCausalityInterface1.xml (RunModel)" time="0.017" />
  <testcase classname="ptolemy.util.test.junit.AutoTests" name="[82] /home/travis/build/icyphy/ptII/ptolemy/domains/de/test/auto/fsm_de_test.xml (RunModel)" time="0.022" />
  <testcase classname="ptolemy.util.test.junit.AutoTests" name="[83] /home/travis/build/icyphy/ptII/ptolemy/domains/de/test/auto/functionDependencyReconstruction.xml (RunModel)" time="0.028" />
  <testcase classname="ptolemy.util.test.junit.AutoTests" name="[84] /home/travis/build/icyphy/ptII/ptolemy/domains/de/test/auto/multirate.xml (RunModel)" time="0.014" />
  <testcase classname="ptolemy.util.test.junit.AutoTests" name="[85] /home/travis/build/icyphy/ptII/ptolemy/domains/de/test/auto/multirate2.xml (RunModel)" time="0.013" />
  <testcase classname="ptolemy.util.test.junit.AutoTests" name="[86] /home/travis/build/icyphy/ptII/ptolemy/domains/de/test/auto/realtime.xml (RunModel)" time="10.01" />
  <testcase classname="ptolemy.util.test.junit.AutoTests" name="[87] /home/travis/build/icyphy/ptII/ptolemy/domains/de/test/auto/relationGroup.xml (RunModel)" time="0.009" />
  <testcase classname="ptolemy.util.test.junit.AutoTests" name="[88] /home/travis/build/icyphy/ptII/ptolemy/domains/de/test/auto/relationGroup2.xml (RunModel)" time="0.008" />
  <testcase classname="ptolemy.util.test.junit.AutoTests" name="[89] /home/travis/build/icyphy/ptII/ptolemy/domains/de/test/auto/sortWithOpaquePorts.xml (RunModel)" time="0.012" />
  <testcase classname="ptolemy.util.test.junit.AutoTests" name="[90] /home/travis/build/icyphy/ptII/ptolemy/domains/de/test/auto/transferInputsandOutputs.xml (RunModel)" time="0.014" />
  <testcase classname="ptolemy.util.test.junit.AutoTests" name="[91] /home/travis/build/icyphy/ptII/ptolemy/domains/de/test/auto/triggerType.xml (RunModel)" time="0.01" />
  <system-out><![CDATA[/home/travis/build/icyphy/ptII/ptolemy/domains/de/test/DependencyLoop.tcl
testDefs.tcl: setting time out to 9000 seconds at Sun Mar 31 03:55:08 UTC 2019
18 ms. Memory: 116224K Free: 97495K (84%)
29 ms. Memory: 146944K Free: 140882K (96%)
/home/travis/build/icyphy/ptII/ptolemy/domains/de/test/RunDETestsAsQSS.tcl
Run the DE tests using ptolemy.domains.qss.test.QSSDirectorTest, which extends QSSDirector and prints a message in the constructors.
------------------ testing $PTII/ptolemy/domains/de/test/auto/knownFailedTests/dependencyLoop.xml (Known Failure) 
20 ms. Memory: 146944K Free: 136627K (93%)


==== $PTIIhome/travis/build/icyphy/ptII/ptolemy/domains/de/test/../../../../: Auto Automatic test in file $PTII/ptolemy/domains/de/test/auto/knownFailedTests/dependencyLoop.xml
==== Contents of test case:

	    # FIXME: we should use $relativeFilename here, but it
	    # might have backslashes under Windows, which causes no end
	    # of trouble.
	    createAndExecute $file
	    list {}
	
.... Test generated KNOWN error:
    while executing
ptolemy.kernel.util.IllegalActionException: Found a zero delay loop containing .dependencyLoop.original
  in .dependencyLoop and .dependencyLoop.original
	at ptolemy.actor.util.CausalityInterfaceForComposites._computeOutputPortDepth(CausalityInterfaceForComposites.java:759)
	at ptolemy.actor.util.CausalityInterfaceForComposites._computeInputDepth(CausalityInterfaceForComposites.java:696)
	at ptolemy.actor.util.CausalityInterfaceForComposites._computeOutputPortDepth(CausalityInterfaceForComposites.java:765)
	at ptolemy.actor.util.CausalityInterfaceForComposites._computeInputDepth(CausalityInterfaceForComposites.java:696)
	at ptolemy.actor.util.CausalityInterfaceForComposites._computeOutputPortDepth(CausalityInterfaceForComposites.java:765)
	at ptolemy.actor.util.CausalityInterfaceForComposites._computeInputDepth(CausalityInterfaceForComposites.java:696)
	at ptolemy.actor.util.CausalityInterfaceForComposites._computeActorDepth(CausalityInterfaceForComposites.java:532)
	at ptolemy.actor.util.CausalityInterfaceForComposites.checkForCycles(CausalityInterfaceForComposites.java:96)
	at ptolemy.domains.de.kernel.DEDirector.preinitialize(DEDirector.java:1338)
	at ptolemy.actor.CompositeActor.preinitialize(CompositeActor.java:1828)
	at ptolemy.actor.Manager.preinitializeAndResolveTypes(Manager.java:1040)
	at ptolemy.actor.Manager.initialize(Manager.java:710)
	at ptolemy.actor.Manager.execute(Manager.java:356)
	at ptolemy.actor.Manager.run(Manager.java:1263)
	at ptolemy.actor.Manager$PtolemyRunThread.run(Manager.java:1915)

    while executing
ptolemy.kernel.util.IllegalActionException: Found a zero delay loop containing .dependencyLoop.original
  in .dependencyLoop and .dependencyLoop.original
    while executing
"java::new ptolemy.moml.MoMLSimpleApplication $file
"
    (procedure "createAndExecute" line 2)
    invoked from within
"createAndExecute $file"
    ("uplevel" body line 5)
    invoked from within
"uplevel $contents_of_test"
------------------ testing $PTII/ptolemy/domains/de/test/auto/knownFailedTests/DESDFClockTest.xml (Known Failure) 
2048 ms. Memory: 146944K Free: 120969K (82%)


==== $PTIIhome/travis/build/icyphy/ptII/ptolemy/domains/de/test/../../../../: Auto Automatic test in file $PTII/ptolemy/domains/de/test/auto/knownFailedTests/DESDFClockTest.xml
==== Contents of test case:

	    # FIXME: we should use $relativeFilename here, but it
	    # might have backslashes under Windows, which causes no end
	    # of trouble.
	    createAndExecute $file
	    list {}
	
.... Test generated KNOWN error:
    while executing
ptolemy.kernel.util.IllegalActionException: Actor is not ready to fire.  Perhaps UpSample.prefire() returned false? Try debugging the actor by selecting "Listen to Actor".  Also, for SDF check moml for tokenConsumptionRate on input.
  in .DESDFClockTest.Play Bell.Copy1:SDF Director and .DESDFClockTest.Play Bell.UpSample
	at ptolemy.actor.sched.StaticSchedulingDirector.fire(StaticSchedulingDirector.java:227)
	at ptolemy.domains.sdf.kernel.SDFDirector.fire(SDFDirector.java:500)
	at ptolemy.actor.CompositeActor.fire(CompositeActor.java:455)
	at ptolemy.domains.de.kernel.DEDirector._fire(DEDirector.java:1949)
	at ptolemy.domains.de.kernel.DEDirector.fire(DEDirector.java:502)
	at ptolemy.actor.CompositeActor.fire(CompositeActor.java:455)
	at ptolemy.actor.Manager.iterate(Manager.java:851)
	at ptolemy.actor.Manager.execute(Manager.java:369)
	at ptolemy.actor.Manager.run(Manager.java:1263)
	at ptolemy.actor.Manager$PtolemyRunThread.run(Manager.java:1915)

    while executing
ptolemy.kernel.util.IllegalActionException: Actor is not ready to fire.  Perhaps UpSample.prefire() returned false? Try debugging the actor by selecting "Listen to Actor".  Also, for SDF check moml for tokenConsumptionRate on input.
  in .DESDFClockTest.Play Bell.Copy1:SDF Director and .DESDFClockTest.Play Bell.UpSample
    while executing
"java::new ptolemy.moml.MoMLSimpleApplication $file
"
    (procedure "createAndExecute" line 2)
    invoked from within
"createAndExecute $file"
    ("uplevel" body line 5)
    invoked from within
"uplevel $contents_of_test"
------------------ testing $PTII/ptolemy/domains/de/test/auto/knownFailedTests/FSMSource.xml (Known Failure) 
21 ms. Memory: 146944K Free: 112107K (76%)
!!!! Auto was marked as failing, but now passes
------------------ testing $PTII/ptolemy/domains/de/test/auto/knownFailedTests/dependencyLoop2.xml (Known Failure) 
5 ms. Memory: 146944K Free: 110223K (75%)


==== $PTIIhome/travis/build/icyphy/ptII/ptolemy/domains/de/test/../../../../: Auto Automatic test in file $PTII/ptolemy/domains/de/test/auto/knownFailedTests/dependencyLoop2.xml
==== Contents of test case:

	    # FIXME: we should use $relativeFilename here, but it
	    # might have backslashes under Windows, which causes no end
	    # of trouble.
	    createAndExecute $file
	    list {}
	
.... Test generated KNOWN error:
    while executing
ptolemy.kernel.util.IllegalActionException: Found a zero delay loop containing .dependencyLoop2.original
  in .dependencyLoop2 and .dependencyLoop2.original
	at ptolemy.actor.util.CausalityInterfaceForComposites._computeOutputPortDepth(CausalityInterfaceForComposites.java:759)
	at ptolemy.actor.util.CausalityInterfaceForComposites._computeInputDepth(CausalityInterfaceForComposites.java:696)
	at ptolemy.actor.util.CausalityInterfaceForComposites._computeOutputPortDepth(CausalityInterfaceForComposites.java:765)
	at ptolemy.actor.util.CausalityInterfaceForComposites._computeInputDepth(CausalityInterfaceForComposites.java:696)
	at ptolemy.actor.util.CausalityInterfaceForComposites._computeOutputPortDepth(CausalityInterfaceForComposites.java:765)
	at ptolemy.actor.util.CausalityInterfaceForComposites._computeInputDepth(CausalityInterfaceForComposites.java:696)
	at ptolemy.actor.util.CausalityInterfaceForComposites._computeActorDepth(CausalityInterfaceForComposites.java:532)
	at ptolemy.actor.util.CausalityInterfaceForComposites.checkForCycles(CausalityInterfaceForComposites.java:96)
	at ptolemy.domains.de.kernel.DEDirector.preinitialize(DEDirector.java:1338)
	at ptolemy.actor.CompositeActor.preinitialize(CompositeActor.java:1828)
	at ptolemy.actor.Manager.preinitializeAndResolveTypes(Manager.java:1040)
	at ptolemy.actor.Manager.initialize(Manager.java:710)
	at ptolemy.actor.Manager.execute(Manager.java:356)
	at ptolemy.actor.Manager.run(Manager.java:1263)
	at ptolemy.actor.Manager$PtolemyRunThread.run(Manager.java:1915)

    while executing
ptolemy.kernel.util.IllegalActionException: Found a zero delay loop containing .dependencyLoop2.original
  in .dependencyLoop2 and .dependencyLoop2.original
    while executing
"java::new ptolemy.moml.MoMLSimpleApplication $file
"
    (procedure "createAndExecute" line 2)
    invoked from within
"createAndExecute $file"
    ("uplevel" body line 5)
    invoked from within
"uplevel $contents_of_test"
------------------ testing $PTII/ptolemy/domains/de/test/auto/knownFailedTests/HierarchicalModel.xml (Known Failure) 
6 ms. Memory: 146944K Free: 91039K (62%)


==== $PTIIhome/travis/build/icyphy/ptII/ptolemy/domains/de/test/../../../../: Auto Automatic test in file $PTII/ptolemy/domains/de/test/auto/knownFailedTests/HierarchicalModel.xml
==== Contents of test case:

	    # FIXME: we should use $relativeFilename here, but it
	    # might have backslashes under Windows, which causes no end
	    # of trouble.
	    createAndExecute $file
	    list {}
	
.... Test generated KNOWN error:
    while executing
ptolemy.kernel.util.IllegalActionException: Found a zero delay loop containing .HierarchicalModel.A
  in .HierarchicalModel and .HierarchicalModel.A
	at ptolemy.actor.util.CausalityInterfaceForComposites._computeOutputPortDepth(CausalityInterfaceForComposites.java:759)
	at ptolemy.actor.util.CausalityInterfaceForComposites._computeInputDepth(CausalityInterfaceForComposites.java:696)
	at ptolemy.actor.util.CausalityInterfaceForComposites._computeOutputPortDepth(CausalityInterfaceForComposites.java:765)
	at ptolemy.actor.util.CausalityInterfaceForComposites._computeInputDepth(CausalityInterfaceForComposites.java:696)
	at ptolemy.actor.util.CausalityInterfaceForComposites._computeOutputPortDepth(CausalityInterfaceForComposites.java:765)
	at ptolemy.actor.util.CausalityInterfaceForComposites._computeInputDepth(CausalityInterfaceForComposites.java:696)
	at ptolemy.actor.util.CausalityInterfaceForComposites._computeActorDepth(CausalityInterfaceForComposites.java:532)
	at ptolemy.actor.util.CausalityInterfaceForComposites.checkForCycles(CausalityInterfaceForComposites.java:96)
	at ptolemy.domains.de.kernel.DEDirector.preinitialize(DEDirector.java:1338)
	at ptolemy.actor.CompositeActor.preinitialize(CompositeActor.java:1828)
	at ptolemy.actor.Manager.preinitializeAndResolveTypes(Manager.java:1040)
	at ptolemy.actor.Manager.initialize(Manager.java:710)
	at ptolemy.actor.Manager.execute(Manager.java:356)
	at ptolemy.actor.Manager.run(Manager.java:1263)
	at ptolemy.actor.Manager$PtolemyRunThread.run(Manager.java:1915)

    while executing
ptolemy.kernel.util.IllegalActionException: Found a zero delay loop containing .HierarchicalModel.A
  in .HierarchicalModel and .HierarchicalModel.A
    while executing
"java::new ptolemy.moml.MoMLSimpleApplication $file
"
    (procedure "createAndExecute" line 2)
    invoked from within
"createAndExecute $file"
    ("uplevel" body line 5)
    invoked from within
"uplevel $contents_of_test"
------------------ testing $PTII/ptolemy/domains/de/test/auto/knownFailedTests/DirectFeedback.xml (Known Failure) 
11 ms. Memory: 146944K Free: 85769K (58%)


==== $PTIIhome/travis/build/icyphy/ptII/ptolemy/domains/de/test/../../../../: Auto Automatic test in file $PTII/ptolemy/domains/de/test/auto/knownFailedTests/DirectFeedback.xml
==== Contents of test case:

	    # FIXME: we should use $relativeFilename here, but it
	    # might have backslashes under Windows, which causes no end
	    # of trouble.
	    createAndExecute $file
	    list {}
	
.... Test generated KNOWN error:
    while executing
ptolemy.kernel.util.IllegalActionException: Test fails in iteration 1.
Value was: 1.0. Should have been: 2.0
  in .DirectFeedback.Test
	at ptolemy.actor.lib.Test.fire(Test.java:268)
	at ptolemy.domains.de.kernel.DEDirector._fire(DEDirector.java:1949)
	at ptolemy.domains.de.kernel.DEDirector.fire(DEDirector.java:502)
	at ptolemy.actor.CompositeActor.fire(CompositeActor.java:455)
	at ptolemy.actor.Manager.iterate(Manager.java:851)
	at ptolemy.actor.Manager.execute(Manager.java:369)
	at ptolemy.actor.Manager.run(Manager.java:1263)
	at ptolemy.actor.Manager$PtolemyRunThread.run(Manager.java:1915)

    while executing
ptolemy.kernel.util.IllegalActionException: Test fails in iteration 1.
Value was: 1.0. Should have been: 2.0
  in .DirectFeedback.Test
    while executing
"java::new ptolemy.moml.MoMLSimpleApplication $file
"
    (procedure "createAndExecute" line 2)
    invoked from within
"createAndExecute $file"
    ("uplevel" body line 5)
    invoked from within
"uplevel $contents_of_test"
------------------ testing $PTII/ptolemy/domains/de/test/auto/ActorDepthCalculation_actorWithoutPorts.xml
auto.tcl: Setting watchdog for 200 seconds at Sun Mar 31 03:55:11 UTC 2019
9 ms. Memory: 146944K Free: 138655K (94%)
ptolemy.util.test.WatchDog.cancel(): canceling Sun Mar 31 03:55:11 UTC 2019
auto.tcl: Setting watchdog for 200 seconds at Sun Mar 31 03:55:11 UTC 2019
5 ms. Memory: 146944K Free: 137637K (94%)
ptolemy.util.test.WatchDog.cancel(): canceling Sun Mar 31 03:55:11 UTC 2019
------------------ testing $PTII/ptolemy/domains/de/test/auto/AssemblyLine.xml
auto.tcl: Setting watchdog for 200 seconds at Sun Mar 31 03:55:12 UTC 2019
13 ms. Memory: 208384K Free: 183421K (88%)
ptolemy.util.test.WatchDog.cancel(): canceling Sun Mar 31 03:55:12 UTC 2019
auto.tcl: Setting watchdog for 200 seconds at Sun Mar 31 03:55:12 UTC 2019
11 ms. Memory: 208384K Free: 183421K (88%)
ptolemy.util.test.WatchDog.cancel(): canceling Sun Mar 31 03:55:12 UTC 2019
------------------ testing $PTII/ptolemy/domains/de/test/auto/CQBug1.xml
auto.tcl: Setting watchdog for 200 seconds at Sun Mar 31 03:55:12 UTC 2019
11 ms. Memory: 208384K Free: 197916K (95%)
ptolemy.util.test.WatchDog.cancel(): canceling Sun Mar 31 03:55:12 UTC 2019
auto.tcl: Setting watchdog for 200 seconds at Sun Mar 31 03:55:12 UTC 2019
2 ms. Memory: 208384K Free: 197916K (95%)
ptolemy.util.test.WatchDog.cancel(): canceling Sun Mar 31 03:55:12 UTC 2019
------------------ testing $PTII/ptolemy/domains/de/test/auto/CancelFireAt.xml
auto.tcl: Setting watchdog for 200 seconds at Sun Mar 31 03:55:12 UTC 2019
12 ms. Memory: 208384K Free: 201571K (97%)
ptolemy.util.test.WatchDog.cancel(): canceling Sun Mar 31 03:55:12 UTC 2019
auto.tcl: Setting watchdog for 200 seconds at Sun Mar 31 03:55:12 UTC 2019
3 ms. Memory: 208384K Free: 199536K (96%)
ptolemy.util.test.WatchDog.cancel(): canceling Sun Mar 31 03:55:12 UTC 2019
------------------ testing $PTII/ptolemy/domains/de/test/auto/CausalityAndComposabilityAnalysis.xml
auto.tcl: Setting watchdog for 200 seconds at Sun Mar 31 03:55:12 UTC 2019
15 ms. Memory: 208384K Free: 198615K (95%)
ptolemy.util.test.WatchDog.cancel(): canceling Sun Mar 31 03:55:12 UTC 2019
auto.tcl: Setting watchdog for 200 seconds at Sun Mar 31 03:55:12 UTC 2019
6 ms. Memory: 208384K Free: 196579K (94%)
ptolemy.util.test.WatchDog.cancel(): canceling Sun Mar 31 03:55:12 UTC 2019
------------------ testing $PTII/ptolemy/domains/de/test/auto/CausalityInterface1.xml
auto.tcl: Setting watchdog for 200 seconds at Sun Mar 31 03:55:12 UTC 2019
9 ms. Memory: 208384K Free: 196516K (94%)
ptolemy.util.test.WatchDog.cancel(): canceling Sun Mar 31 03:55:12 UTC 2019
auto.tcl: Setting watchdog for 200 seconds at Sun Mar 31 03:55:12 UTC 2019
5 ms. Memory: 208384K Free: 196516K (94%)
ptolemy.util.test.WatchDog.cancel(): canceling Sun Mar 31 03:55:12 UTC 2019
------------------ testing $PTII/ptolemy/domains/de/test/auto/CausalityInterface15.xml
auto.tcl: Setting watchdog for 200 seconds at Sun Mar 31 03:55:12 UTC 2019
5 ms. Memory: 208384K Free: 196475K (94%)
ptolemy.util.test.WatchDog.cancel(): canceling Sun Mar 31 03:55:12 UTC 2019
auto.tcl: Setting watchdog for 200 seconds at Sun Mar 31 03:55:12 UTC 2019
9 ms. Memory: 208384K Free: 196475K (94%)
ptolemy.util.test.WatchDog.cancel(): canceling Sun Mar 31 03:55:12 UTC 2019
------------------ testing $PTII/ptolemy/domains/de/test/auto/CausalityInterface2.xml
auto.tcl: Setting watchdog for 200 seconds at Sun Mar 31 03:55:12 UTC 2019
9 ms. Memory: 208384K Free: 196491K (94%)
ptolemy.util.test.WatchDog.cancel(): canceling Sun Mar 31 03:55:12 UTC 2019
auto.tcl: Setting watchdog for 200 seconds at Sun Mar 31 03:55:12 UTC 2019
4 ms. Memory: 208384K Free: 196491K (94%)
ptolemy.util.test.WatchDog.cancel(): canceling Sun Mar 31 03:55:12 UTC 2019
------------------ testing $PTII/ptolemy/domains/de/test/auto/CausalityInterface3.xml
auto.tcl: Setting watchdog for 200 seconds at Sun Mar 31 03:55:13 UTC 2019
9 ms. Memory: 208384K Free: 196503K (94%)
ptolemy.util.test.WatchDog.cancel(): canceling Sun Mar 31 03:55:13 UTC 2019
auto.tcl: Setting watchdog for 200 seconds at Sun Mar 31 03:55:13 UTC 2019
4 ms. Memory: 208384K Free: 196503K (94%)
ptolemy.util.test.WatchDog.cancel(): canceling Sun Mar 31 03:55:13 UTC 2019
------------------ testing $PTII/ptolemy/domains/de/test/auto/ClockDrift.xml
auto.tcl: Setting watchdog for 200 seconds at Sun Mar 31 03:55:13 UTC 2019
83 ms. Memory: 208384K Free: 187927K (90%)
ptolemy.util.test.WatchDog.cancel(): canceling Sun Mar 31 03:55:13 UTC 2019
auto.tcl: Setting watchdog for 200 seconds at Sun Mar 31 03:55:13 UTC 2019
46 ms. Memory: 208384K Free: 185892K (89%)
ptolemy.util.test.WatchDog.cancel(): canceling Sun Mar 31 03:55:13 UTC 2019
------------------ testing $PTII/ptolemy/domains/de/test/auto/ClockDriftAndValueChange.xml
auto.tcl: Setting watchdog for 200 seconds at Sun Mar 31 03:55:13 UTC 2019
69 ms. Memory: 208384K Free: 187758K (90%)
ptolemy.util.test.WatchDog.cancel(): canceling Sun Mar 31 03:55:13 UTC 2019
auto.tcl: Setting watchdog for 200 seconds at Sun Mar 31 03:55:13 UTC 2019
37 ms. Memory: 208384K Free: 185723K (89%)
ptolemy.util.test.WatchDog.cancel(): canceling Sun Mar 31 03:55:13 UTC 2019
------------------ testing $PTII/ptolemy/domains/de/test/auto/ClockDriftChange.xml
auto.tcl: Setting watchdog for 200 seconds at Sun Mar 31 03:55:13 UTC 2019
41 ms. Memory: 208384K Free: 191021K (92%)
ptolemy.util.test.WatchDog.cancel(): canceling Sun Mar 31 03:55:13 UTC 2019
auto.tcl: Setting watchdog for 200 seconds at Sun Mar 31 03:55:13 UTC 2019
20 ms. Memory: 208384K Free: 188985K (91%)
ptolemy.util.test.WatchDog.cancel(): canceling Sun Mar 31 03:55:13 UTC 2019
------------------ testing $PTII/ptolemy/domains/de/test/auto/ComposableCausalityAnalysis.xml
auto.tcl: Setting watchdog for 200 seconds at Sun Mar 31 03:55:13 UTC 2019
3 ms. Memory: 208384K Free: 196112K (94%)
ptolemy.util.test.WatchDog.cancel(): canceling Sun Mar 31 03:55:13 UTC 2019
auto.tcl: Setting watchdog for 200 seconds at Sun Mar 31 03:55:13 UTC 2019
2 ms. Memory: 208384K Free: 194076K (93%)
ptolemy.util.test.WatchDog.cancel(): canceling Sun Mar 31 03:55:13 UTC 2019
------------------ testing $PTII/ptolemy/domains/de/test/auto/DEFixedPointLimitation.xml
auto.tcl: Setting watchdog for 200 seconds at Sun Mar 31 03:55:13 UTC 2019
4 ms. Memory: 208384K Free: 198228K (95%)
ptolemy.util.test.WatchDog.cancel(): canceling Sun Mar 31 03:55:13 UTC 2019
auto.tcl: Setting watchdog for 200 seconds at Sun Mar 31 03:55:13 UTC 2019
1 ms. Memory: 208384K Free: 196192K (94%)
ptolemy.util.test.WatchDog.cancel(): canceling Sun Mar 31 03:55:13 UTC 2019
------------------ testing $PTII/ptolemy/domains/de/test/auto/DEScheduleTest.xml
auto.tcl: Setting watchdog for 200 seconds at Sun Mar 31 03:55:13 UTC 2019
8 ms. Memory: 208384K Free: 198782K (95%)
ptolemy.util.test.WatchDog.cancel(): canceling Sun Mar 31 03:55:13 UTC 2019
auto.tcl: Setting watchdog for 200 seconds at Sun Mar 31 03:55:13 UTC 2019
4 ms. Memory: 208384K Free: 196747K (94%)
ptolemy.util.test.WatchDog.cancel(): canceling Sun Mar 31 03:55:13 UTC 2019
------------------ testing $PTII/ptolemy/domains/de/test/auto/DEinDEwithStartTimes.xml
auto.tcl: Setting watchdog for 200 seconds at Sun Mar 31 03:55:14 UTC 2019
5 ms. Memory: 208384K Free: 196197K (94%)
ptolemy.util.test.WatchDog.cancel(): canceling Sun Mar 31 03:55:14 UTC 2019
auto.tcl: Setting watchdog for 200 seconds at Sun Mar 31 03:55:14 UTC 2019
4 ms. Memory: 208384K Free: 194162K (93%)
ptolemy.util.test.WatchDog.cancel(): canceling Sun Mar 31 03:55:14 UTC 2019
------------------ testing $PTII/ptolemy/domains/de/test/auto/DEinDEwithStartTimes2.xml
auto.tcl: Setting watchdog for 200 seconds at Sun Mar 31 03:55:14 UTC 2019
7 ms. Memory: 208384K Free: 196696K (94%)
ptolemy.util.test.WatchDog.cancel(): canceling Sun Mar 31 03:55:14 UTC 2019
auto.tcl: Setting watchdog for 200 seconds at Sun Mar 31 03:55:14 UTC 2019
4 ms. Memory: 208384K Free: 194142K (93%)
ptolemy.util.test.WatchDog.cancel(): canceling Sun Mar 31 03:55:14 UTC 2019
------------------ testing $PTII/ptolemy/domains/de/test/auto/DateDemo.xml
auto.tcl: Setting watchdog for 200 seconds at Sun Mar 31 03:55:14 UTC 2019
10 ms. Memory: 208384K Free: 188799K (91%)
ptolemy.util.test.WatchDog.cancel(): canceling Sun Mar 31 03:55:14 UTC 2019
auto.tcl: Setting watchdog for 200 seconds at Sun Mar 31 03:55:14 UTC 2019
10 ms. Memory: 208384K Free: 186764K (90%)
ptolemy.util.test.WatchDog.cancel(): canceling Sun Mar 31 03:55:14 UTC 2019
------------------ testing $PTII/ptolemy/domains/de/test/auto/DateToEvent.xml
auto.tcl: Setting watchdog for 200 seconds at Sun Mar 31 03:55:14 UTC 2019
2010 ms. Memory: 208384K Free: 183558K (88%)
ptolemy.util.test.WatchDog.cancel(): canceling Sun Mar 31 03:55:16 UTC 2019
auto.tcl: Setting watchdog for 200 seconds at Sun Mar 31 03:55:16 UTC 2019
2006 ms. Memory: 208384K Free: 183558K (88%)
ptolemy.util.test.WatchDog.cancel(): canceling Sun Mar 31 03:55:18 UTC 2019
------------------ testing $PTII/ptolemy/domains/de/test/auto/DepthTest1.xml
auto.tcl: Setting watchdog for 200 seconds at Sun Mar 31 03:55:18 UTC 2019
5 ms. Memory: 208384K Free: 195192K (94%)
ptolemy.util.test.WatchDog.cancel(): canceling Sun Mar 31 03:55:18 UTC 2019
auto.tcl: Setting watchdog for 200 seconds at Sun Mar 31 03:55:18 UTC 2019
2 ms. Memory: 208384K Free: 195192K (94%)
ptolemy.util.test.WatchDog.cancel(): canceling Sun Mar 31 03:55:18 UTC 2019
------------------ testing $PTII/ptolemy/domains/de/test/auto/DepthTest2.xml
auto.tcl: Setting watchdog for 200 seconds at Sun Mar 31 03:55:18 UTC 2019
7 ms. Memory: 208384K Free: 194013K (93%)
ptolemy.util.test.WatchDog.cancel(): canceling Sun Mar 31 03:55:18 UTC 2019
auto.tcl: Setting watchdog for 200 seconds at Sun Mar 31 03:55:18 UTC 2019
5 ms. Memory: 208384K Free: 194013K (93%)
ptolemy.util.test.WatchDog.cancel(): canceling Sun Mar 31 03:55:18 UTC 2019
------------------ testing $PTII/ptolemy/domains/de/test/auto/DepthTest3.xml
auto.tcl: Setting watchdog for 200 seconds at Sun Mar 31 03:55:18 UTC 2019
8 ms. Memory: 208384K Free: 197986K (95%)
ptolemy.util.test.WatchDog.cancel(): canceling Sun Mar 31 03:55:18 UTC 2019
auto.tcl: Setting watchdog for 200 seconds at Sun Mar 31 03:55:18 UTC 2019
2 ms. Memory: 208384K Free: 197986K (95%)
ptolemy.util.test.WatchDog.cancel(): canceling Sun Mar 31 03:55:18 UTC 2019
------------------ testing $PTII/ptolemy/domains/de/test/auto/DepthTest4.xml
auto.tcl: Setting watchdog for 200 seconds at Sun Mar 31 03:55:18 UTC 2019
5 ms. Memory: 208384K Free: 196037K (94%)
ptolemy.util.test.WatchDog.cancel(): canceling Sun Mar 31 03:55:18 UTC 2019
auto.tcl: Setting watchdog for 200 seconds at Sun Mar 31 03:55:18 UTC 2019
2 ms. Memory: 208384K Free: 196037K (94%)
ptolemy.util.test.WatchDog.cancel(): canceling Sun Mar 31 03:55:18 UTC 2019
------------------ testing $PTII/ptolemy/domains/de/test/auto/DepthTest5.xml
auto.tcl: Setting watchdog for 200 seconds at Sun Mar 31 03:55:18 UTC 2019
3 ms. Memory: 208384K Free: 196503K (94%)
ptolemy.util.test.WatchDog.cancel(): canceling Sun Mar 31 03:55:18 UTC 2019
auto.tcl: Setting watchdog for 200 seconds at Sun Mar 31 03:55:18 UTC 2019
2 ms. Memory: 208384K Free: 196503K (94%)
ptolemy.util.test.WatchDog.cancel(): canceling Sun Mar 31 03:55:18 UTC 2019
------------------ testing $PTII/ptolemy/domains/de/test/auto/DepthTest6.xml
auto.tcl: Setting watchdog for 200 seconds at Sun Mar 31 03:55:18 UTC 2019
7 ms. Memory: 208384K Free: 196480K (94%)
ptolemy.util.test.WatchDog.cancel(): canceling Sun Mar 31 03:55:18 UTC 2019
auto.tcl: Setting watchdog for 200 seconds at Sun Mar 31 03:55:18 UTC 2019
3 ms. Memory: 208384K Free: 196480K (94%)
ptolemy.util.test.WatchDog.cancel(): canceling Sun Mar 31 03:55:18 UTC 2019
------------------ testing $PTII/ptolemy/domains/de/test/auto/DepthTest7.xml
auto.tcl: Setting watchdog for 200 seconds at Sun Mar 31 03:55:18 UTC 2019
6 ms. Memory: 208384K Free: 195942K (94%)
ptolemy.util.test.WatchDog.cancel(): canceling Sun Mar 31 03:55:18 UTC 2019
auto.tcl: Setting watchdog for 200 seconds at Sun Mar 31 03:55:18 UTC 2019
3 ms. Memory: 208384K Free: 195942K (94%)
ptolemy.util.test.WatchDog.cancel(): canceling Sun Mar 31 03:55:18 UTC 2019
------------------ testing $PTII/ptolemy/domains/de/test/auto/EventToDate.xml
auto.tcl: Setting watchdog for 200 seconds at Sun Mar 31 03:55:19 UTC 2019
3013 ms. Memory: 208384K Free: 185784K (89%)
ptolemy.util.test.WatchDog.cancel(): canceling Sun Mar 31 03:55:22 UTC 2019
auto.tcl: Setting watchdog for 200 seconds at Sun Mar 31 03:55:22 UTC 2019
3004 ms. Memory: 208384K Free: 185784K (89%)
ptolemy.util.test.WatchDog.cancel(): canceling Sun Mar 31 03:55:25 UTC 2019
------------------ testing $PTII/ptolemy/domains/de/test/auto/FSM1.xml
auto.tcl: Setting watchdog for 200 seconds at Sun Mar 31 03:55:25 UTC 2019
21 ms. Memory: 208384K Free: 189122K (91%)
ptolemy.util.test.WatchDog.cancel(): canceling Sun Mar 31 03:55:25 UTC 2019
auto.tcl: Setting watchdog for 200 seconds at Sun Mar 31 03:55:25 UTC 2019
16 ms. Memory: 208384K Free: 185051K (89%)
ptolemy.util.test.WatchDog.cancel(): canceling Sun Mar 31 03:55:25 UTC 2019
------------------ testing $PTII/ptolemy/domains/de/test/auto/FSM7.xml
auto.tcl: Setting watchdog for 200 seconds at Sun Mar 31 03:55:25 UTC 2019
33 ms. Memory: 208384K Free: 189325K (91%)
ptolemy.util.test.WatchDog.cancel(): canceling Sun Mar 31 03:55:25 UTC 2019
auto.tcl: Setting watchdog for 200 seconds at Sun Mar 31 03:55:25 UTC 2019
21 ms. Memory: 208384K Free: 185253K (89%)
ptolemy.util.test.WatchDog.cancel(): canceling Sun Mar 31 03:55:25 UTC 2019
------------------ testing $PTII/ptolemy/domains/de/test/auto/Inspection.xml
auto.tcl: Setting watchdog for 200 seconds at Sun Mar 31 03:55:25 UTC 2019
46 ms. Memory: 208384K Free: 189013K (91%)
ptolemy.util.test.WatchDog.cancel(): canceling Sun Mar 31 03:55:25 UTC 2019
auto.tcl: Setting watchdog for 200 seconds at Sun Mar 31 03:55:25 UTC 2019
27 ms. Memory: 208384K Free: 186977K (90%)
ptolemy.util.test.WatchDog.cancel(): canceling Sun Mar 31 03:55:25 UTC 2019
------------------ testing $PTII/ptolemy/domains/de/test/auto/Iteration.xml
auto.tcl: Setting watchdog for 200 seconds at Sun Mar 31 03:55:25 UTC 2019
10 ms. Memory: 208384K Free: 195745K (94%)
ptolemy.util.test.WatchDog.cancel(): canceling Sun Mar 31 03:55:25 UTC 2019
auto.tcl: Setting watchdog for 200 seconds at Sun Mar 31 03:55:25 UTC 2019
8 ms. Memory: 208384K Free: 193709K (93%)
ptolemy.util.test.WatchDog.cancel(): canceling Sun Mar 31 03:55:25 UTC 2019
------------------ testing $PTII/ptolemy/domains/de/test/auto/LineFault.xml
auto.tcl: Setting watchdog for 200 seconds at Sun Mar 31 03:55:25 UTC 2019
711 ms. Memory: 208384K Free: 199444K (96%)
ptolemy.util.test.WatchDog.cancel(): canceling Sun Mar 31 03:55:26 UTC 2019
auto.tcl: Setting watchdog for 200 seconds at Sun Mar 31 03:55:26 UTC 2019
728 ms. Memory: 208384K Free: 142194K (68%)
ptolemy.util.test.WatchDog.cancel(): canceling Sun Mar 31 03:55:27 UTC 2019
------------------ testing $PTII/ptolemy/domains/de/test/auto/MergeModel1Add.xml
auto.tcl: Setting watchdog for 200 seconds at Sun Mar 31 03:55:27 UTC 2019
25 ms. Memory: 331264K Free: 300470K (91%)
ptolemy.util.test.WatchDog.cancel(): canceling Sun Mar 31 03:55:27 UTC 2019
auto.tcl: Setting watchdog for 200 seconds at Sun Mar 31 03:55:27 UTC 2019
12 ms. Memory: 331264K Free: 300470K (91%)
ptolemy.util.test.WatchDog.cancel(): canceling Sun Mar 31 03:55:27 UTC 2019
------------------ testing $PTII/ptolemy/domains/de/test/auto/MergeModel2Add.xml
auto.tcl: Setting watchdog for 200 seconds at Sun Mar 31 03:55:27 UTC 2019
9 ms. Memory: 331264K Free: 305396K (92%)
ptolemy.util.test.WatchDog.cancel(): canceling Sun Mar 31 03:55:27 UTC 2019
auto.tcl: Setting watchdog for 200 seconds at Sun Mar 31 03:55:27 UTC 2019
10 ms. Memory: 331264K Free: 301839K (91%)
ptolemy.util.test.WatchDog.cancel(): canceling Sun Mar 31 03:55:27 UTC 2019
------------------ testing $PTII/ptolemy/domains/de/test/auto/MergeModel3Add.xml
auto.tcl: Setting watchdog for 200 seconds at Sun Mar 31 03:55:27 UTC 2019
11 ms. Memory: 331264K Free: 305406K (92%)
ptolemy.util.test.WatchDog.cancel(): canceling Sun Mar 31 03:55:27 UTC 2019
auto.tcl: Setting watchdog for 200 seconds at Sun Mar 31 03:55:27 UTC 2019
8 ms. Memory: 331264K Free: 301849K (91%)
ptolemy.util.test.WatchDog.cancel(): canceling Sun Mar 31 03:55:27 UTC 2019
------------------ testing $PTII/ptolemy/domains/de/test/auto/MergeWithoutDiscard.xml
auto.tcl: Setting watchdog for 200 seconds at Sun Mar 31 03:55:28 UTC 2019
2 ms. Memory: 331264K Free: 316749K (96%)
ptolemy.util.test.WatchDog.cancel(): canceling Sun Mar 31 03:55:28 UTC 2019
auto.tcl: Setting watchdog for 200 seconds at Sun Mar 31 03:55:28 UTC 2019
1 ms. Memory: 331264K Free: 316074K (95%)
ptolemy.util.test.WatchDog.cancel(): canceling Sun Mar 31 03:55:28 UTC 2019
------------------ testing $PTII/ptolemy/domains/de/test/auto/Modal1.xml
auto.tcl: Setting watchdog for 200 seconds at Sun Mar 31 03:55:28 UTC 2019
11 ms. Memory: 331264K Free: 310342K (94%)
ptolemy.util.test.WatchDog.cancel(): canceling Sun Mar 31 03:55:28 UTC 2019
auto.tcl: Setting watchdog for 200 seconds at Sun Mar 31 03:55:28 UTC 2019
12 ms. Memory: 331264K Free: 306785K (93%)
ptolemy.util.test.WatchDog.cancel(): canceling Sun Mar 31 03:55:28 UTC 2019
------------------ testing $PTII/ptolemy/domains/de/test/auto/Modal2.xml
auto.tcl: Setting watchdog for 200 seconds at Sun Mar 31 03:55:28 UTC 2019
13 ms. Memory: 331264K Free: 310215K (94%)
ptolemy.util.test.WatchDog.cancel(): canceling Sun Mar 31 03:55:28 UTC 2019
auto.tcl: Setting watchdog for 200 seconds at Sun Mar 31 03:55:28 UTC 2019
12 ms. Memory: 331264K Free: 306658K (93%)
ptolemy.util.test.WatchDog.cancel(): canceling Sun Mar 31 03:55:28 UTC 2019
------------------ testing $PTII/ptolemy/domains/de/test/auto/Modal3.xml
auto.tcl: Setting watchdog for 200 seconds at Sun Mar 31 03:55:28 UTC 2019
16 ms. Memory: 331264K Free: 310214K (94%)
ptolemy.util.test.WatchDog.cancel(): canceling Sun Mar 31 03:55:28 UTC 2019
auto.tcl: Setting watchdog for 200 seconds at Sun Mar 31 03:55:28 UTC 2019
12 ms. Memory: 331264K Free: 306657K (93%)
ptolemy.util.test.WatchDog.cancel(): canceling Sun Mar 31 03:55:28 UTC 2019
------------------ testing $PTII/ptolemy/domains/de/test/auto/Modal4.xml
auto.tcl: Setting watchdog for 200 seconds at Sun Mar 31 03:55:28 UTC 2019
12 ms. Memory: 331264K Free: 310243K (94%)
ptolemy.util.test.WatchDog.cancel(): canceling Sun Mar 31 03:55:28 UTC 2019
auto.tcl: Setting watchdog for 200 seconds at Sun Mar 31 03:55:28 UTC 2019
14 ms. Memory: 331264K Free: 306686K (93%)
ptolemy.util.test.WatchDog.cancel(): canceling Sun Mar 31 03:55:28 UTC 2019
------------------ testing $PTII/ptolemy/domains/de/test/auto/Modal5.xml
auto.tcl: Setting watchdog for 200 seconds at Sun Mar 31 03:55:28 UTC 2019
17 ms. Memory: 331264K Free: 310222K (94%)
ptolemy.util.test.WatchDog.cancel(): canceling Sun Mar 31 03:55:28 UTC 2019
auto.tcl: Setting watchdog for 200 seconds at Sun Mar 31 03:55:28 UTC 2019
14 ms. Memory: 331264K Free: 306665K (93%)
ptolemy.util.test.WatchDog.cancel(): canceling Sun Mar 31 03:55:28 UTC 2019
------------------ testing $PTII/ptolemy/domains/de/test/auto/Modal6.xml
auto.tcl: Setting watchdog for 200 seconds at Sun Mar 31 03:55:28 UTC 2019
12 ms. Memory: 331264K Free: 310228K (94%)
ptolemy.util.test.WatchDog.cancel(): canceling Sun Mar 31 03:55:28 UTC 2019
auto.tcl: Setting watchdog for 200 seconds at Sun Mar 31 03:55:28 UTC 2019
14 ms. Memory: 331264K Free: 306671K (93%)
ptolemy.util.test.WatchDog.cancel(): canceling Sun Mar 31 03:55:28 UTC 2019
------------------ testing $PTII/ptolemy/domains/de/test/auto/Modal7.xml
auto.tcl: Setting watchdog for 200 seconds at Sun Mar 31 03:55:28 UTC 2019
21 ms. Memory: 331264K Free: 306671K (93%)
ptolemy.util.test.WatchDog.cancel(): canceling Sun Mar 31 03:55:28 UTC 2019
auto.tcl: Setting watchdog for 200 seconds at Sun Mar 31 03:55:28 UTC 2019
13 ms. Memory: 331264K Free: 303114K (92%)
ptolemy.util.test.WatchDog.cancel(): canceling Sun Mar 31 03:55:28 UTC 2019
------------------ testing $PTII/ptolemy/domains/de/test/auto/ModalModel.xml
auto.tcl: Setting watchdog for 200 seconds at Sun Mar 31 03:55:28 UTC 2019
187 ms. Memory: 331264K Free: 247915K (75%)
ptolemy.util.test.WatchDog.cancel(): canceling Sun Mar 31 03:55:29 UTC 2019
auto.tcl: Setting watchdog for 200 seconds at Sun Mar 31 03:55:29 UTC 2019
184 ms. Memory: 331264K Free: 191003K (58%)
ptolemy.util.test.WatchDog.cancel(): canceling Sun Mar 31 03:55:29 UTC 2019
------------------ testing $PTII/ptolemy/domains/de/test/auto/ModalSource.xml
auto.tcl: Setting watchdog for 200 seconds at Sun Mar 31 03:55:29 UTC 2019
10 ms. Memory: 331264K Free: 316491K (96%)
ptolemy.util.test.WatchDog.cancel(): canceling Sun Mar 31 03:55:29 UTC 2019
auto.tcl: Setting watchdog for 200 seconds at Sun Mar 31 03:55:29 UTC 2019
6 ms. Memory: 331264K Free: 313231K (95%)
ptolemy.util.test.WatchDog.cancel(): canceling Sun Mar 31 03:55:29 UTC 2019
------------------ testing $PTII/ptolemy/domains/de/test/auto/NonInterruptibleTimerZeroDelay.xml
auto.tcl: Setting watchdog for 200 seconds at Sun Mar 31 03:55:29 UTC 2019
4 ms. Memory: 331264K Free: 320842K (97%)
ptolemy.util.test.WatchDog.cancel(): canceling Sun Mar 31 03:55:29 UTC 2019
auto.tcl: Setting watchdog for 200 seconds at Sun Mar 31 03:55:29 UTC 2019
2 ms. Memory: 331264K Free: 317582K (96%)
ptolemy.util.test.WatchDog.cancel(): canceling Sun Mar 31 03:55:29 UTC 2019
------------------ testing $PTII/ptolemy/domains/de/test/auto/OpenQueueingNetwork.xml
auto.tcl: Setting watchdog for 200 seconds at Sun Mar 31 03:55:29 UTC 2019
3455 ms. Memory: 573952K Free: 375734K (65%)
ptolemy.util.test.WatchDog.cancel(): canceling Sun Mar 31 03:55:33 UTC 2019
auto.tcl: Setting watchdog for 200 seconds at Sun Mar 31 03:55:33 UTC 2019
3315 ms. Memory: 574464K Free: 260974K (45%)
ptolemy.util.test.WatchDog.cancel(): canceling Sun Mar 31 03:55:36 UTC 2019
------------------ testing $PTII/ptolemy/domains/de/test/auto/OpenQueuingNetwork.xml
auto.tcl: Setting watchdog for 200 seconds at Sun Mar 31 03:55:36 UTC 2019
301 ms. Memory: 1064960K Free: 938389K (88%)
ptolemy.util.test.WatchDog.cancel(): canceling Sun Mar 31 03:55:36 UTC 2019
auto.tcl: Setting watchdog for 200 seconds at Sun Mar 31 03:55:36 UTC 2019
290 ms. Memory: 1064960K Free: 884335K (83%)
ptolemy.util.test.WatchDog.cancel(): canceling Sun Mar 31 03:55:37 UTC 2019
------------------ testing $PTII/ptolemy/domains/de/test/auto/PeriodicSampler.xml
auto.tcl: Setting watchdog for 200 seconds at Sun Mar 31 03:55:37 UTC 2019
6 ms. Memory: 1065472K Free: 1036833K (97%)
ptolemy.util.test.WatchDog.cancel(): canceling Sun Mar 31 03:55:37 UTC 2019
auto.tcl: Setting watchdog for 200 seconds at Sun Mar 31 03:55:37 UTC 2019
2 ms. Memory: 1065472K Free: 1036833K (97%)
ptolemy.util.test.WatchDog.cancel(): canceling Sun Mar 31 03:55:37 UTC 2019
------------------ testing $PTII/ptolemy/domains/de/test/auto/PersistentIO.xml
auto.tcl: Setting watchdog for 200 seconds at Sun Mar 31 03:55:37 UTC 2019
5 ms. Memory: 1065472K Free: 1027600K (96%)
ptolemy.util.test.WatchDog.cancel(): canceling Sun Mar 31 03:55:37 UTC 2019
auto.tcl: Setting watchdog for 200 seconds at Sun Mar 31 03:55:37 UTC 2019
4 ms. Memory: 1065472K Free: 1027600K (96%)
ptolemy.util.test.WatchDog.cancel(): canceling Sun Mar 31 03:55:37 UTC 2019
------------------ testing $PTII/ptolemy/domains/de/test/auto/PortParameterResetOnInitialize.xml
auto.tcl: Setting watchdog for 200 seconds at Sun Mar 31 03:55:37 UTC 2019
2 ms. Memory: 1065472K Free: 1027462K (96%)
ptolemy.util.test.WatchDog.cancel(): canceling Sun Mar 31 03:55:37 UTC 2019
auto.tcl: Setting watchdog for 200 seconds at Sun Mar 31 03:55:37 UTC 2019
2 ms. Memory: 1065472K Free: 1027462K (96%)
ptolemy.util.test.WatchDog.cancel(): canceling Sun Mar 31 03:55:37 UTC 2019
------------------ testing $PTII/ptolemy/domains/de/test/auto/PortParameterUpdates.xml
auto.tcl: Setting watchdog for 200 seconds at Sun Mar 31 03:55:37 UTC 2019
3 ms. Memory: 1065472K Free: 1027595K (96%)
ptolemy.util.test.WatchDog.cancel(): canceling Sun Mar 31 03:55:37 UTC 2019
auto.tcl: Setting watchdog for 200 seconds at Sun Mar 31 03:55:37 UTC 2019
7 ms. Memory: 1065472K Free: 1027595K (96%)
ptolemy.util.test.WatchDog.cancel(): canceling Sun Mar 31 03:55:37 UTC 2019
------------------ testing $PTII/ptolemy/domains/de/test/auto/QueueAndServer.xml
auto.tcl: Setting watchdog for 200 seconds at Sun Mar 31 03:55:37 UTC 2019
7 ms. Memory: 1065472K Free: 1026418K (96%)
ptolemy.util.test.WatchDog.cancel(): canceling Sun Mar 31 03:55:37 UTC 2019
auto.tcl: Setting watchdog for 200 seconds at Sun Mar 31 03:55:37 UTC 2019
7 ms. Memory: 1065472K Free: 1026418K (96%)
ptolemy.util.test.WatchDog.cancel(): canceling Sun Mar 31 03:55:37 UTC 2019
------------------ testing $PTII/ptolemy/domains/de/test/auto/Records.xml
auto.tcl: Setting watchdog for 200 seconds at Sun Mar 31 03:55:37 UTC 2019
12 ms. Memory: 1065472K Free: 1036181K (97%)
ptolemy.util.test.WatchDog.cancel(): canceling Sun Mar 31 03:55:37 UTC 2019
auto.tcl: Setting watchdog for 200 seconds at Sun Mar 31 03:55:37 UTC 2019
2 ms. Memory: 1065472K Free: 1036181K (97%)
ptolemy.util.test.WatchDog.cancel(): canceling Sun Mar 31 03:55:37 UTC 2019
------------------ testing $PTII/ptolemy/domains/de/test/auto/ResetTransitionWithStartTime1.xml
auto.tcl: Setting watchdog for 200 seconds at Sun Mar 31 03:55:37 UTC 2019
13 ms. Memory: 1065472K Free: 1037346K (97%)
ptolemy.util.test.WatchDog.cancel(): canceling Sun Mar 31 03:55:37 UTC 2019
auto.tcl: Setting watchdog for 200 seconds at Sun Mar 31 03:55:37 UTC 2019
5 ms. Memory: 1065472K Free: 1036206K (97%)
ptolemy.util.test.WatchDog.cancel(): canceling Sun Mar 31 03:55:37 UTC 2019
------------------ testing $PTII/ptolemy/domains/de/test/auto/ResetTransitionWithStartTime2.xml
auto.tcl: Setting watchdog for 200 seconds at Sun Mar 31 03:55:37 UTC 2019
6 ms. Memory: 1064448K Free: 1036313K (97%)
ptolemy.util.test.WatchDog.cancel(): canceling Sun Mar 31 03:55:37 UTC 2019
auto.tcl: Setting watchdog for 200 seconds at Sun Mar 31 03:55:37 UTC 2019
6 ms. Memory: 1064448K Free: 1036313K (97%)
ptolemy.util.test.WatchDog.cancel(): canceling Sun Mar 31 03:55:37 UTC 2019
------------------ testing $PTII/ptolemy/domains/de/test/auto/ResetTransitionWithStartTime3.xml
auto.tcl: Setting watchdog for 200 seconds at Sun Mar 31 03:55:37 UTC 2019
7 ms. Memory: 1064960K Free: 1035684K (97%)
ptolemy.util.test.WatchDog.cancel(): canceling Sun Mar 31 03:55:37 UTC 2019
auto.tcl: Setting watchdog for 200 seconds at Sun Mar 31 03:55:37 UTC 2019
7 ms. Memory: 1064960K Free: 1035684K (97%)
ptolemy.util.test.WatchDog.cancel(): canceling Sun Mar 31 03:55:37 UTC 2019
------------------ testing $PTII/ptolemy/domains/de/test/auto/ResetTransitionWithStartTime4.xml
auto.tcl: Setting watchdog for 200 seconds at Sun Mar 31 03:55:38 UTC 2019
4 ms. Memory: 1064960K Free: 1035682K (97%)
ptolemy.util.test.WatchDog.cancel(): canceling Sun Mar 31 03:55:38 UTC 2019
auto.tcl: Setting watchdog for 200 seconds at Sun Mar 31 03:55:38 UTC 2019
4 ms. Memory: 1064960K Free: 1035682K (97%)
ptolemy.util.test.WatchDog.cancel(): canceling Sun Mar 31 03:55:38 UTC 2019
------------------ testing $PTII/ptolemy/domains/de/test/auto/ResettableTimer1.xml
auto.tcl: Setting watchdog for 200 seconds at Sun Mar 31 03:55:38 UTC 2019
2 ms. Memory: 1064960K Free: 1035678K (97%)
ptolemy.util.test.WatchDog.cancel(): canceling Sun Mar 31 03:55:38 UTC 2019
auto.tcl: Setting watchdog for 200 seconds at Sun Mar 31 03:55:38 UTC 2019
2 ms. Memory: 1064960K Free: 1035678K (97%)
ptolemy.util.test.WatchDog.cancel(): canceling Sun Mar 31 03:55:38 UTC 2019
------------------ testing $PTII/ptolemy/domains/de/test/auto/ResettableTimer2.xml
auto.tcl: Setting watchdog for 200 seconds at Sun Mar 31 03:55:38 UTC 2019
2 ms. Memory: 1064960K Free: 1036875K (97%)
ptolemy.util.test.WatchDog.cancel(): canceling Sun Mar 31 03:55:38 UTC 2019
auto.tcl: Setting watchdog for 200 seconds at Sun Mar 31 03:55:38 UTC 2019
2 ms. Memory: 1064960K Free: 1036875K (97%)
ptolemy.util.test.WatchDog.cancel(): canceling Sun Mar 31 03:55:38 UTC 2019
------------------ testing $PTII/ptolemy/domains/de/test/auto/ResettableTimer3.xml
auto.tcl: Setting watchdog for 200 seconds at Sun Mar 31 03:55:38 UTC 2019
1 ms. Memory: 1064960K Free: 1035735K (97%)
ptolemy.util.test.WatchDog.cancel(): canceling Sun Mar 31 03:55:38 UTC 2019
auto.tcl: Setting watchdog for 200 seconds at Sun Mar 31 03:55:38 UTC 2019
1 ms. Memory: 1064960K Free: 1035735K (97%)
ptolemy.util.test.WatchDog.cancel(): canceling Sun Mar 31 03:55:38 UTC 2019
------------------ testing $PTII/ptolemy/domains/de/test/auto/ResettableTimer4.xml
auto.tcl: Setting watchdog for 200 seconds at Sun Mar 31 03:55:38 UTC 2019
1 ms. Memory: 1063936K Free: 1035864K (97%)
ptolemy.util.test.WatchDog.cancel(): canceling Sun Mar 31 03:55:38 UTC 2019
auto.tcl: Setting watchdog for 200 seconds at Sun Mar 31 03:55:38 UTC 2019
1 ms. Memory: 1063936K Free: 1035864K (97%)
ptolemy.util.test.WatchDog.cancel(): canceling Sun Mar 31 03:55:38 UTC 2019
------------------ testing $PTII/ptolemy/domains/de/test/auto/ResettableTimer5.xml
auto.tcl: Setting watchdog for 200 seconds at Sun Mar 31 03:55:38 UTC 2019
1 ms. Memory: 1064448K Free: 1026554K (96%)
ptolemy.util.test.WatchDog.cancel(): canceling Sun Mar 31 03:55:38 UTC 2019
auto.tcl: Setting watchdog for 200 seconds at Sun Mar 31 03:55:38 UTC 2019
1 ms. Memory: 1064448K Free: 1026554K (96%)
ptolemy.util.test.WatchDog.cancel(): canceling Sun Mar 31 03:55:38 UTC 2019
------------------ testing $PTII/ptolemy/domains/de/test/auto/ResettableTimer6.xml
auto.tcl: Setting watchdog for 200 seconds at Sun Mar 31 03:55:38 UTC 2019
2 ms. Memory: 1064448K Free: 1025363K (96%)
ptolemy.util.test.WatchDog.cancel(): canceling Sun Mar 31 03:55:38 UTC 2019
auto.tcl: Setting watchdog for 200 seconds at Sun Mar 31 03:55:38 UTC 2019
1 ms. Memory: 1064448K Free: 1025363K (96%)
ptolemy.util.test.WatchDog.cancel(): canceling Sun Mar 31 03:55:38 UTC 2019
------------------ testing $PTII/ptolemy/domains/de/test/auto/ServerZeroDelay.xml
auto.tcl: Setting watchdog for 200 seconds at Sun Mar 31 03:55:38 UTC 2019
3 ms. Memory: 1064448K Free: 1036314K (97%)
ptolemy.util.test.WatchDog.cancel(): canceling Sun Mar 31 03:55:38 UTC 2019
auto.tcl: Setting watchdog for 200 seconds at Sun Mar 31 03:55:38 UTC 2019
2 ms. Memory: 1064448K Free: 1036314K (97%)
ptolemy.util.test.WatchDog.cancel(): canceling Sun Mar 31 03:55:38 UTC 2019
------------------ testing $PTII/ptolemy/domains/de/test/auto/SmartSender.xml
auto.tcl: Setting watchdog for 200 seconds at Sun Mar 31 03:55:38 UTC 2019
3002 ms. Memory: 1064448K Free: 1026488K (96%)
ptolemy.util.test.WatchDog.cancel(): canceling Sun Mar 31 03:55:41 UTC 2019
auto.tcl: Setting watchdog for 200 seconds at Sun Mar 31 03:55:41 UTC 2019
3002 ms. Memory: 1064448K Free: 1026488K (96%)
ptolemy.util.test.WatchDog.cancel(): canceling Sun Mar 31 03:55:44 UTC 2019
------------------ testing $PTII/ptolemy/domains/de/test/auto/ThreadedComposite.xml
auto.tcl: Setting watchdog for 200 seconds at Sun Mar 31 03:55:44 UTC 2019
209 ms. Memory: 1064448K Free: 1005722K (94%)
ptolemy.util.test.WatchDog.cancel(): canceling Sun Mar 31 03:55:44 UTC 2019
auto.tcl: Setting watchdog for 200 seconds at Sun Mar 31 03:55:44 UTC 2019
115 ms. Memory: 1064448K Free: 972561K (91%)
ptolemy.util.test.WatchDog.cancel(): canceling Sun Mar 31 03:55:45 UTC 2019
------------------ testing $PTII/ptolemy/domains/de/test/auto/Time.xml
auto.tcl: Setting watchdog for 200 seconds at Sun Mar 31 03:55:45 UTC 2019
565 ms. Memory: 1064448K Free: 985793K (93%)
ptolemy.util.test.WatchDog.cancel(): canceling Sun Mar 31 03:55:45 UTC 2019
auto.tcl: Setting watchdog for 200 seconds at Sun Mar 31 03:55:45 UTC 2019
485 ms. Memory: 1064448K Free: 931710K (88%)
ptolemy.util.test.WatchDog.cancel(): canceling Sun Mar 31 03:55:46 UTC 2019
------------------ testing $PTII/ptolemy/domains/de/test/auto/TimeDelayZeroDelay.xml
auto.tcl: Setting watchdog for 200 seconds at Sun Mar 31 03:55:46 UTC 2019
2 ms. Memory: 1064448K Free: 1035089K (97%)
ptolemy.util.test.WatchDog.cancel(): canceling Sun Mar 31 03:55:46 UTC 2019
auto.tcl: Setting watchdog for 200 seconds at Sun Mar 31 03:55:46 UTC 2019
1 ms. Memory: 1064448K Free: 1035089K (97%)
ptolemy.util.test.WatchDog.cancel(): canceling Sun Mar 31 03:55:46 UTC 2019
------------------ testing $PTII/ptolemy/domains/de/test/auto/TimerZeroDelay.xml
auto.tcl: Setting watchdog for 200 seconds at Sun Mar 31 03:55:46 UTC 2019
2 ms. Memory: 1063424K Free: 1035249K (97%)
ptolemy.util.test.WatchDog.cancel(): canceling Sun Mar 31 03:55:46 UTC 2019
auto.tcl: Setting watchdog for 200 seconds at Sun Mar 31 03:55:46 UTC 2019
2 ms. Memory: 1063424K Free: 1035249K (97%)
ptolemy.util.test.WatchDog.cancel(): canceling Sun Mar 31 03:55:46 UTC 2019
------------------ testing $PTII/ptolemy/domains/de/test/auto/TimingParadox.xml
auto.tcl: Setting watchdog for 200 seconds at Sun Mar 31 03:55:46 UTC 2019
363 ms. Memory: 1063936K Free: 978167K (92%)
ptolemy.util.test.WatchDog.cancel(): canceling Sun Mar 31 03:55:46 UTC 2019
auto.tcl: Setting watchdog for 200 seconds at Sun Mar 31 03:55:46 UTC 2019
343 ms. Memory: 1063936K Free: 937605K (88%)
ptolemy.util.test.WatchDog.cancel(): canceling Sun Mar 31 03:55:47 UTC 2019
------------------ testing $PTII/ptolemy/domains/de/test/auto/TransferInputs.xml
auto.tcl: Setting watchdog for 200 seconds at Sun Mar 31 03:55:47 UTC 2019
2 ms. Memory: 1063424K Free: 1034221K (97%)
ptolemy.util.test.WatchDog.cancel(): canceling Sun Mar 31 03:55:47 UTC 2019
auto.tcl: Setting watchdog for 200 seconds at Sun Mar 31 03:55:47 UTC 2019
2 ms. Memory: 1063424K Free: 1034221K (97%)
ptolemy.util.test.WatchDog.cancel(): canceling Sun Mar 31 03:55:47 UTC 2019
------------------ testing $PTII/ptolemy/domains/de/test/auto/TransferOutputs2.xml
auto.tcl: Setting watchdog for 200 seconds at Sun Mar 31 03:55:47 UTC 2019
2 ms. Memory: 1063936K Free: 1035835K (97%)
ptolemy.util.test.WatchDog.cancel(): canceling Sun Mar 31 03:55:47 UTC 2019
auto.tcl: Setting watchdog for 200 seconds at Sun Mar 31 03:55:47 UTC 2019
4 ms. Memory: 1063936K Free: 1035835K (97%)
ptolemy.util.test.WatchDog.cancel(): canceling Sun Mar 31 03:55:47 UTC 2019
------------------ testing $PTII/ptolemy/domains/de/test/auto/Trilateration.xml
auto.tcl: Setting watchdog for 200 seconds at Sun Mar 31 03:55:47 UTC 2019
14817 ms. Memory: 933376K Free: 699157K (75%)
ptolemy.util.test.WatchDog.cancel(): canceling Sun Mar 31 03:56:03 UTC 2019
auto.tcl: Setting watchdog for 200 seconds at Sun Mar 31 03:56:03 UTC 2019
11005 ms. Memory: 812544K Free: 423356K (52%)
ptolemy.util.test.WatchDog.cancel(): canceling Sun Mar 31 03:56:14 UTC 2019
------------------ testing $PTII/ptolemy/domains/de/test/auto/TwoSigmaDelta.xml
auto.tcl: Setting watchdog for 200 seconds at Sun Mar 31 03:56:14 UTC 2019
3067 ms. Memory: 816640K Free: 495784K (61%)
ptolemy.util.test.WatchDog.cancel(): canceling Sun Mar 31 03:56:17 UTC 2019
auto.tcl: Setting watchdog for 200 seconds at Sun Mar 31 03:56:17 UTC 2019
2175 ms. Memory: 816640K Free: 261823K (32%)
ptolemy.util.test.WatchDog.cancel(): canceling Sun Mar 31 03:56:19 UTC 2019
------------------ testing $PTII/ptolemy/domains/de/test/auto/VariableDelay.xml
auto.tcl: Setting watchdog for 200 seconds at Sun Mar 31 03:56:19 UTC 2019
3 ms. Memory: 813056K Free: 789525K (97%)
ptolemy.util.test.WatchDog.cancel(): canceling Sun Mar 31 03:56:19 UTC 2019
auto.tcl: Setting watchdog for 200 seconds at Sun Mar 31 03:56:19 UTC 2019
2 ms. Memory: 813056K Free: 789525K (97%)
ptolemy.util.test.WatchDog.cancel(): canceling Sun Mar 31 03:56:19 UTC 2019
------------------ testing $PTII/ptolemy/domains/de/test/auto/VariableDelay2.xml
auto.tcl: Setting watchdog for 200 seconds at Sun Mar 31 03:56:19 UTC 2019
2 ms. Memory: 812544K Free: 789525K (97%)
ptolemy.util.test.WatchDog.cancel(): canceling Sun Mar 31 03:56:19 UTC 2019
auto.tcl: Setting watchdog for 200 seconds at Sun Mar 31 03:56:19 UTC 2019
2 ms. Memory: 812544K Free: 789525K (97%)
ptolemy.util.test.WatchDog.cancel(): canceling Sun Mar 31 03:56:19 UTC 2019
------------------ testing $PTII/ptolemy/domains/de/test/auto/VariableDelayZeroDelay.xml
auto.tcl: Setting watchdog for 200 seconds at Sun Mar 31 03:56:19 UTC 2019
2 ms. Memory: 812544K Free: 789524K (97%)
ptolemy.util.test.WatchDog.cancel(): canceling Sun Mar 31 03:56:19 UTC 2019
auto.tcl: Setting watchdog for 200 seconds at Sun Mar 31 03:56:19 UTC 2019
2 ms. Memory: 812544K Free: 789524K (97%)
ptolemy.util.test.WatchDog.cancel(): canceling Sun Mar 31 03:56:19 UTC 2019
------------------ testing $PTII/ptolemy/domains/de/test/auto/VariableDelayZeroDelay2.xml
auto.tcl: Setting watchdog for 200 seconds at Sun Mar 31 03:56:19 UTC 2019
4 ms. Memory: 815616K Free: 785282K (96%)
ptolemy.util.test.WatchDog.cancel(): canceling Sun Mar 31 03:56:19 UTC 2019
auto.tcl: Setting watchdog for 200 seconds at Sun Mar 31 03:56:19 UTC 2019
2 ms. Memory: 815616K Free: 785282K (96%)
ptolemy.util.test.WatchDog.cancel(): canceling Sun Mar 31 03:56:19 UTC 2019
------------------ testing $PTII/ptolemy/domains/de/test/auto/deInCt.xml
auto.tcl: Setting watchdog for 200 seconds at Sun Mar 31 03:56:19 UTC 2019
0
1
1
1
1
1
1
0
0
0
1
1
1
0
0
0
1
1
1
0
0
0
0
0
1
1
1
0
0
0
1
1
1
0
0
0
13 ms. Memory: 812544K Free: 782109K (96%)
ptolemy.util.test.WatchDog.cancel(): canceling Sun Mar 31 03:56:20 UTC 2019
auto.tcl: Setting watchdog for 200 seconds at Sun Mar 31 03:56:20 UTC 2019
0
1
1
1
0
0
0
1
1
1
1
1
1
1
0
0
0
1
1
1
0
0
0
1
1
1
0
0
0
0
0
0
9 ms. Memory: 812544K Free: 782109K (96%)
ptolemy.util.test.WatchDog.cancel(): canceling Sun Mar 31 03:56:20 UTC 2019
------------------ testing $PTII/ptolemy/domains/de/test/auto/deInCt2.xml
auto.tcl: Setting watchdog for 200 seconds at Sun Mar 31 03:56:20 UTC 2019
0
1
1
1
0
0
1
1
1
0
0
1
1
1
0
0
1
1
1
0
0
1
1
1
0
0
1
1
1
0
0
1
1
1
0
0
1
1
1
0
0
0
10 ms. Memory: 815616K Free: 785181K (96%)
ptolemy.util.test.WatchDog.cancel(): canceling Sun Mar 31 03:56:20 UTC 2019
auto.tcl: Setting watchdog for 200 seconds at Sun Mar 31 03:56:20 UTC 2019
0
1
1
1
0
0
1
1
1
0
0
1
1
1
0
0
1
1
1
0
0
1
1
1
0
0
1
1
1
0
0
1
1
1
0
0
1
1
1
0
0
0
5 ms. Memory: 815616K Free: 785181K (96%)
ptolemy.util.test.WatchDog.cancel(): canceling Sun Mar 31 03:56:20 UTC 2019
------------------ testing $PTII/ptolemy/domains/de/test/auto/dynamicCausalityInterface1.xml
auto.tcl: Setting watchdog for 200 seconds at Sun Mar 31 03:56:20 UTC 2019
1 ms. Memory: 812544K Free: 789514K (97%)
ptolemy.util.test.WatchDog.cancel(): canceling Sun Mar 31 03:56:20 UTC 2019
auto.tcl: Setting watchdog for 200 seconds at Sun Mar 31 03:56:20 UTC 2019
1 ms. Memory: 812544K Free: 789514K (97%)
ptolemy.util.test.WatchDog.cancel(): canceling Sun Mar 31 03:56:20 UTC 2019
------------------ testing $PTII/ptolemy/domains/de/test/auto/fsm_de_test.xml
auto.tcl: Setting watchdog for 200 seconds at Sun Mar 31 03:56:20 UTC 2019
8 ms. Memory: 815104K Free: 784657K (96%)
ptolemy.util.test.WatchDog.cancel(): canceling Sun Mar 31 03:56:20 UTC 2019
auto.tcl: Setting watchdog for 200 seconds at Sun Mar 31 03:56:20 UTC 2019
5 ms. Memory: 815104K Free: 784657K (96%)
ptolemy.util.test.WatchDog.cancel(): canceling Sun Mar 31 03:56:20 UTC 2019
------------------ testing $PTII/ptolemy/domains/de/test/auto/functionDependencyReconstruction.xml
auto.tcl: Setting watchdog for 200 seconds at Sun Mar 31 03:56:20 UTC 2019
3 ms. Memory: 812544K Free: 771290K (95%)
ptolemy.util.test.WatchDog.cancel(): canceling Sun Mar 31 03:56:20 UTC 2019
auto.tcl: Setting watchdog for 200 seconds at Sun Mar 31 03:56:20 UTC 2019
3 ms. Memory: 812544K Free: 771290K (95%)
ptolemy.util.test.WatchDog.cancel(): canceling Sun Mar 31 03:56:20 UTC 2019
------------------ testing $PTII/ptolemy/domains/de/test/auto/multirate.xml
auto.tcl: Setting watchdog for 200 seconds at Sun Mar 31 03:56:20 UTC 2019
9 ms. Memory: 814592K Free: 784011K (96%)
ptolemy.util.test.WatchDog.cancel(): canceling Sun Mar 31 03:56:20 UTC 2019
auto.tcl: Setting watchdog for 200 seconds at Sun Mar 31 03:56:20 UTC 2019
3 ms. Memory: 814592K Free: 784011K (96%)
ptolemy.util.test.WatchDog.cancel(): canceling Sun Mar 31 03:56:20 UTC 2019
------------------ testing $PTII/ptolemy/domains/de/test/auto/multirate2.xml
auto.tcl: Setting watchdog for 200 seconds at Sun Mar 31 03:56:20 UTC 2019
6 ms. Memory: 812544K Free: 782151K (96%)
ptolemy.util.test.WatchDog.cancel(): canceling Sun Mar 31 03:56:20 UTC 2019
auto.tcl: Setting watchdog for 200 seconds at Sun Mar 31 03:56:20 UTC 2019
3 ms. Memory: 812544K Free: 782151K (96%)
ptolemy.util.test.WatchDog.cancel(): canceling Sun Mar 31 03:56:20 UTC 2019
------------------ testing $PTII/ptolemy/domains/de/test/auto/realtime.xml
auto.tcl: Setting watchdog for 200 seconds at Sun Mar 31 03:56:20 UTC 2019
10002 ms. Memory: 814592K Free: 784100K (96%)
ptolemy.util.test.WatchDog.cancel(): canceling Sun Mar 31 03:56:30 UTC 2019
auto.tcl: Setting watchdog for 200 seconds at Sun Mar 31 03:56:30 UTC 2019
10002 ms. Memory: 814592K Free: 784100K (96%)
ptolemy.util.test.WatchDog.cancel(): canceling Sun Mar 31 03:56:40 UTC 2019
------------------ testing $PTII/ptolemy/domains/de/test/auto/relationGroup.xml
auto.tcl: Setting watchdog for 200 seconds at Sun Mar 31 03:56:40 UTC 2019
2 ms. Memory: 812544K Free: 782176K (96%)
ptolemy.util.test.WatchDog.cancel(): canceling Sun Mar 31 03:56:40 UTC 2019
auto.tcl: Setting watchdog for 200 seconds at Sun Mar 31 03:56:40 UTC 2019
2 ms. Memory: 812544K Free: 782176K (96%)
ptolemy.util.test.WatchDog.cancel(): canceling Sun Mar 31 03:56:40 UTC 2019
------------------ testing $PTII/ptolemy/domains/de/test/auto/relationGroup2.xml
auto.tcl: Setting watchdog for 200 seconds at Sun Mar 31 03:56:40 UTC 2019
2 ms. Memory: 814080K Free: 783738K (96%)
ptolemy.util.test.WatchDog.cancel(): canceling Sun Mar 31 03:56:40 UTC 2019
auto.tcl: Setting watchdog for 200 seconds at Sun Mar 31 03:56:40 UTC 2019
2 ms. Memory: 814080K Free: 783738K (96%)
ptolemy.util.test.WatchDog.cancel(): canceling Sun Mar 31 03:56:40 UTC 2019
------------------ testing $PTII/ptolemy/domains/de/test/auto/sortWithOpaquePorts.xml
auto.tcl: Setting watchdog for 200 seconds at Sun Mar 31 03:56:40 UTC 2019
3 ms. Memory: 812544K Free: 782203K (96%)
ptolemy.util.test.WatchDog.cancel(): canceling Sun Mar 31 03:56:40 UTC 2019
auto.tcl: Setting watchdog for 200 seconds at Sun Mar 31 03:56:40 UTC 2019
2 ms. Memory: 812544K Free: 782203K (96%)
ptolemy.util.test.WatchDog.cancel(): canceling Sun Mar 31 03:56:40 UTC 2019
------------------ testing $PTII/ptolemy/domains/de/test/auto/transferInputsandOutputs.xml
auto.tcl: Setting watchdog for 200 seconds at Sun Mar 31 03:56:40 UTC 2019
3 ms. Memory: 814080K Free: 783726K (96%)
ptolemy.util.test.WatchDog.cancel(): canceling Sun Mar 31 03:56:40 UTC 2019
auto.tcl: Setting watchdog for 200 seconds at Sun Mar 31 03:56:40 UTC 2019
2 ms. Memory: 814080K Free: 783726K (96%)
ptolemy.util.test.WatchDog.cancel(): canceling Sun Mar 31 03:56:40 UTC 2019
------------------ testing $PTII/ptolemy/domains/de/test/auto/triggerType.xml
auto.tcl: Setting watchdog for 200 seconds at Sun Mar 31 03:56:40 UTC 2019
1 ms. Memory: 812544K Free: 782138K (96%)
ptolemy.util.test.WatchDog.cancel(): canceling Sun Mar 31 03:56:40 UTC 2019
auto.tcl: Setting watchdog for 200 seconds at Sun Mar 31 03:56:40 UTC 2019
2 ms. Memory: 812544K Free: 782138K (96%)
ptolemy.util.test.WatchDog.cancel(): canceling Sun Mar 31 03:56:40 UTC 2019
03/31/19 03:56:40
Failed: 0  Total Tests: 192  ((Passed: 187, Newly Passed: 1)  Known Failed: 5) /home/travis/build/icyphy/ptII/ptolemy/domains/de/test
03/31/19 03:56:40
Failed: 0  Total Tests: 192  ((Passed: 187, Newly Passed: 1)  Known Failed: 5) /home/travis/build/icyphy/ptII/ptolemy/domains/de/test
----------------- testing (KnownFailure) /home/travis/build/icyphy/ptII/ptolemy/domains/de/test/auto/knownFailedTests/DESDFClockTest.xml
2017 ms. Memory: 813568K Free: 768495K (94%)
Known Failure: java.lang.reflect.InvocationTargetException
----------------- testing (KnownFailure) /home/travis/build/icyphy/ptII/ptolemy/domains/de/test/auto/knownFailedTests/DirectFeedback.xml
2 ms. Memory: 813568K Free: 710003K (87%)
Known Failure: java.lang.reflect.InvocationTargetException
----------------- testing (KnownFailure) /home/travis/build/icyphy/ptII/ptolemy/domains/de/test/auto/knownFailedTests/FSMSource.xml
7 ms. Memory: 813568K Free: 651512K (80%)
----------------- testing (KnownFailure) /home/travis/build/icyphy/ptII/ptolemy/domains/de/test/auto/knownFailedTests/HierarchicalModel.xml
2 ms. Memory: 813568K Free: 607628K (75%)
Known Failure: java.lang.reflect.InvocationTargetException
----------------- testing (KnownFailure) /home/travis/build/icyphy/ptII/ptolemy/domains/de/test/auto/knownFailedTests/dependencyLoop.xml
3 ms. Memory: 813568K Free: 549137K (67%)
Known Failure: java.lang.reflect.InvocationTargetException
----------------- testing (KnownFailure) /home/travis/build/icyphy/ptII/ptolemy/domains/de/test/auto/knownFailedTests/dependencyLoop2.xml
6 ms. Memory: 813568K Free: 490646K (60%)
Known Failure: java.lang.reflect.InvocationTargetException
No auto/linux-amd64/*.xml tests in /home/travis/build/icyphy/ptII/ptolemy/domains/de/test
AutoTests.java: About to close Vertx.
AutoTests.java: Vertx closed.

===========================================================================================
----------------- testing Sun Mar 31 03:56:43 UTC 2019 /home/travis/build/icyphy/ptII/ptolemy/domains/de/test/auto/ActorDepthCalculation_actorWithoutPorts.xml
----------------- Instantiating /home/travis/build/icyphy/ptII/ptolemy/domains/de/test/auto/ActorDepthCalculation_actorWithoutPorts.xml
2 ms. Memory: 813568K Free: 417532K (51%)
----------------- Invoking toplevel() on ptolemy.moml.MoMLSimpleApplication@28bdddef
----------------- Done invoking toplevel() on ptolemy.moml.MoMLSimpleApplication@28bdddef
reloadAllAccessors: .ActorDepthCalculation_actorWithoutPorts

===========================================================================================
----------------- testing Sun Mar 31 03:56:43 UTC 2019 /home/travis/build/icyphy/ptII/ptolemy/domains/de/test/auto/AssemblyLine.xml
----------------- Instantiating /home/travis/build/icyphy/ptII/ptolemy/domains/de/test/auto/AssemblyLine.xml
4 ms. Memory: 813568K Free: 388286K (48%)
----------------- Invoking toplevel() on ptolemy.moml.MoMLSimpleApplication@6071ebf3
----------------- Done invoking toplevel() on ptolemy.moml.MoMLSimpleApplication@6071ebf3
reloadAllAccessors: .AssemblyLine

===========================================================================================
----------------- testing Sun Mar 31 03:56:43 UTC 2019 /home/travis/build/icyphy/ptII/ptolemy/domains/de/test/auto/CQBug1.xml
----------------- Instantiating /home/travis/build/icyphy/ptII/ptolemy/domains/de/test/auto/CQBug1.xml
1 ms. Memory: 813568K Free: 359041K (44%)
----------------- Invoking toplevel() on ptolemy.moml.MoMLSimpleApplication@6f53d277
----------------- Done invoking toplevel() on ptolemy.moml.MoMLSimpleApplication@6f53d277
reloadAllAccessors: .CQBug1

===========================================================================================
----------------- testing Sun Mar 31 03:56:43 UTC 2019 /home/travis/build/icyphy/ptII/ptolemy/domains/de/test/auto/CancelFireAt.xml
----------------- Instantiating /home/travis/build/icyphy/ptII/ptolemy/domains/de/test/auto/CancelFireAt.xml
0 ms. Memory: 813568K Free: 329795K (41%)
----------------- Invoking toplevel() on ptolemy.moml.MoMLSimpleApplication@7bcb2e6a
----------------- Done invoking toplevel() on ptolemy.moml.MoMLSimpleApplication@7bcb2e6a
reloadAllAccessors: .CancelFireAt

===========================================================================================
----------------- testing Sun Mar 31 03:56:43 UTC 2019 /home/travis/build/icyphy/ptII/ptolemy/domains/de/test/auto/CausalityAndComposabilityAnalysis.xml
----------------- Instantiating /home/travis/build/icyphy/ptII/ptolemy/domains/de/test/auto/CausalityAndComposabilityAnalysis.xml
1 ms. Memory: 813568K Free: 300550K (37%)
----------------- Invoking toplevel() on ptolemy.moml.MoMLSimpleApplication@3f3583e3
----------------- Done invoking toplevel() on ptolemy.moml.MoMLSimpleApplication@3f3583e3
reloadAllAccessors: .CausalityAndComposabilityAnalysis

===========================================================================================
----------------- testing Sun Mar 31 03:56:43 UTC 2019 /home/travis/build/icyphy/ptII/ptolemy/domains/de/test/auto/CausalityInterface1.xml
----------------- Instantiating /home/travis/build/icyphy/ptII/ptolemy/domains/de/test/auto/CausalityInterface1.xml
5 ms. Memory: 813568K Free: 271304K (33%)
----------------- Invoking toplevel() on ptolemy.moml.MoMLSimpleApplication@3398e7ce
----------------- Done invoking toplevel() on ptolemy.moml.MoMLSimpleApplication@3398e7ce
reloadAllAccessors: .CausalityInterface1

===========================================================================================
----------------- testing Sun Mar 31 03:56:43 UTC 2019 /home/travis/build/icyphy/ptII/ptolemy/domains/de/test/auto/CausalityInterface15.xml
----------------- Instantiating /home/travis/build/icyphy/ptII/ptolemy/domains/de/test/auto/CausalityInterface15.xml
2 ms. Memory: 813568K Free: 242059K (30%)
----------------- Invoking toplevel() on ptolemy.moml.MoMLSimpleApplication@3d90af99
----------------- Done invoking toplevel() on ptolemy.moml.MoMLSimpleApplication@3d90af99
reloadAllAccessors: .CausalityInterface15

===========================================================================================
----------------- testing Sun Mar 31 03:56:43 UTC 2019 /home/travis/build/icyphy/ptII/ptolemy/domains/de/test/auto/CausalityInterface2.xml
----------------- Instantiating /home/travis/build/icyphy/ptII/ptolemy/domains/de/test/auto/CausalityInterface2.xml
1 ms. Memory: 813568K Free: 212813K (26%)
----------------- Invoking toplevel() on ptolemy.moml.MoMLSimpleApplication@75750cec
----------------- Done invoking toplevel() on ptolemy.moml.MoMLSimpleApplication@75750cec
reloadAllAccessors: .CausalityInterface2

===========================================================================================
----------------- testing Sun Mar 31 03:56:43 UTC 2019 /home/travis/build/icyphy/ptII/ptolemy/domains/de/test/auto/CausalityInterface3.xml
----------------- Instantiating /home/travis/build/icyphy/ptII/ptolemy/domains/de/test/auto/CausalityInterface3.xml
2 ms. Memory: 813568K Free: 183568K (23%)
----------------- Invoking toplevel() on ptolemy.moml.MoMLSimpleApplication@40527e63
----------------- Done invoking toplevel() on ptolemy.moml.MoMLSimpleApplication@40527e63
reloadAllAccessors: .CausalityInterface3

===========================================================================================
----------------- testing Sun Mar 31 03:56:43 UTC 2019 /home/travis/build/icyphy/ptII/ptolemy/domains/de/test/auto/ClockDrift.xml
----------------- Instantiating /home/travis/build/icyphy/ptII/ptolemy/domains/de/test/auto/ClockDrift.xml
15 ms. Memory: 813568K Free: 154322K (19%)
----------------- Invoking toplevel() on ptolemy.moml.MoMLSimpleApplication@2deae583
----------------- Done invoking toplevel() on ptolemy.moml.MoMLSimpleApplication@2deae583
reloadAllAccessors: .ClockDrift

===========================================================================================
----------------- testing Sun Mar 31 03:56:43 UTC 2019 /home/travis/build/icyphy/ptII/ptolemy/domains/de/test/auto/ClockDriftAndValueChange.xml
----------------- Instantiating /home/travis/build/icyphy/ptII/ptolemy/domains/de/test/auto/ClockDriftAndValueChange.xml
28 ms. Memory: 813568K Free: 125077K (15%)
----------------- Invoking toplevel() on ptolemy.moml.MoMLSimpleApplication@526be4d0
----------------- Done invoking toplevel() on ptolemy.moml.MoMLSimpleApplication@526be4d0
reloadAllAccessors: .ClockDriftAndValueChange

===========================================================================================
----------------- testing Sun Mar 31 03:56:43 UTC 2019 /home/travis/build/icyphy/ptII/ptolemy/domains/de/test/auto/ClockDriftChange.xml
----------------- Instantiating /home/travis/build/icyphy/ptII/ptolemy/domains/de/test/auto/ClockDriftChange.xml
10 ms. Memory: 813568K Free: 95831K (12%)
----------------- Invoking toplevel() on ptolemy.moml.MoMLSimpleApplication@426937b4
----------------- Done invoking toplevel() on ptolemy.moml.MoMLSimpleApplication@426937b4
reloadAllAccessors: .ClockDriftChange

===========================================================================================
----------------- testing Sun Mar 31 03:56:43 UTC 2019 /home/travis/build/icyphy/ptII/ptolemy/domains/de/test/auto/ComposableCausalityAnalysis.xml
----------------- Instantiating /home/travis/build/icyphy/ptII/ptolemy/domains/de/test/auto/ComposableCausalityAnalysis.xml
1 ms. Memory: 813568K Free: 77501K (10%)
----------------- Invoking toplevel() on ptolemy.moml.MoMLSimpleApplication@49fe703c
----------------- Done invoking toplevel() on ptolemy.moml.MoMLSimpleApplication@49fe703c
reloadAllAccessors: .ComposableCausalityAnalysis

===========================================================================================
----------------- testing Sun Mar 31 03:56:43 UTC 2019 /home/travis/build/icyphy/ptII/ptolemy/domains/de/test/auto/DEFixedPointLimitation.xml
----------------- Instantiating /home/travis/build/icyphy/ptII/ptolemy/domains/de/test/auto/DEFixedPointLimitation.xml
1 ms. Memory: 777728K Free: 744687K (96%)
----------------- Invoking toplevel() on ptolemy.moml.MoMLSimpleApplication@54d820be
----------------- Done invoking toplevel() on ptolemy.moml.MoMLSimpleApplication@54d820be
reloadAllAccessors: .DEFixedPointLimitation

===========================================================================================
----------------- testing Sun Mar 31 03:56:43 UTC 2019 /home/travis/build/icyphy/ptII/ptolemy/domains/de/test/auto/DEScheduleTest.xml
----------------- Instantiating /home/travis/build/icyphy/ptII/ptolemy/domains/de/test/auto/DEScheduleTest.xml
8 ms. Memory: 777728K Free: 696223K (90%)
----------------- Invoking toplevel() on ptolemy.moml.MoMLSimpleApplication@4f648042
----------------- Done invoking toplevel() on ptolemy.moml.MoMLSimpleApplication@4f648042
reloadAllAccessors: .DEScheduleTest

===========================================================================================
----------------- testing Sun Mar 31 03:56:43 UTC 2019 /home/travis/build/icyphy/ptII/ptolemy/domains/de/test/auto/DEinDEwithStartTimes.xml
----------------- Instantiating /home/travis/build/icyphy/ptII/ptolemy/domains/de/test/auto/DEinDEwithStartTimes.xml
2 ms. Memory: 777728K Free: 668370K (86%)
----------------- Invoking toplevel() on ptolemy.moml.MoMLSimpleApplication@1080d4a8
----------------- Done invoking toplevel() on ptolemy.moml.MoMLSimpleApplication@1080d4a8
reloadAllAccessors: .DEinDEwithStartTimes

===========================================================================================
----------------- testing Sun Mar 31 03:56:43 UTC 2019 /home/travis/build/icyphy/ptII/ptolemy/domains/de/test/auto/DEinDEwithStartTimes2.xml
----------------- Instantiating /home/travis/build/icyphy/ptII/ptolemy/domains/de/test/auto/DEinDEwithStartTimes2.xml
2 ms. Memory: 777728K Free: 640517K (82%)
----------------- Invoking toplevel() on ptolemy.moml.MoMLSimpleApplication@12fb8a71
----------------- Done invoking toplevel() on ptolemy.moml.MoMLSimpleApplication@12fb8a71
reloadAllAccessors: .DEinDEwithStartTimes2

===========================================================================================
----------------- testing Sun Mar 31 03:56:43 UTC 2019 /home/travis/build/icyphy/ptII/ptolemy/domains/de/test/auto/DateDemo.xml
----------------- Instantiating /home/travis/build/icyphy/ptII/ptolemy/domains/de/test/auto/DateDemo.xml
4 ms. Memory: 777728K Free: 612603K (79%)
----------------- Invoking toplevel() on ptolemy.moml.MoMLSimpleApplication@5687059d
----------------- Done invoking toplevel() on ptolemy.moml.MoMLSimpleApplication@5687059d
reloadAllAccessors: .DateDemo

===========================================================================================
----------------- testing Sun Mar 31 03:56:43 UTC 2019 /home/travis/build/icyphy/ptII/ptolemy/domains/de/test/auto/DateToEvent.xml
----------------- Instantiating /home/travis/build/icyphy/ptII/ptolemy/domains/de/test/auto/DateToEvent.xml
2006 ms. Memory: 777728K Free: 570808K (73%)
----------------- Invoking toplevel() on ptolemy.moml.MoMLSimpleApplication@4f1268f9
----------------- Done invoking toplevel() on ptolemy.moml.MoMLSimpleApplication@4f1268f9
reloadAllAccessors: .DateToEvent

===========================================================================================
----------------- testing Sun Mar 31 03:56:45 UTC 2019 /home/travis/build/icyphy/ptII/ptolemy/domains/de/test/auto/DepthTest1.xml
----------------- Instantiating /home/travis/build/icyphy/ptII/ptolemy/domains/de/test/auto/DepthTest1.xml
2 ms. Memory: 777728K Free: 542955K (70%)
----------------- Invoking toplevel() on ptolemy.moml.MoMLSimpleApplication@747738c3
----------------- Done invoking toplevel() on ptolemy.moml.MoMLSimpleApplication@747738c3
reloadAllAccessors: .DepthTest1

===========================================================================================
----------------- testing Sun Mar 31 03:56:45 UTC 2019 /home/travis/build/icyphy/ptII/ptolemy/domains/de/test/auto/DepthTest2.xml
----------------- Instantiating /home/travis/build/icyphy/ptII/ptolemy/domains/de/test/auto/DepthTest2.xml
2 ms. Memory: 777728K Free: 515103K (66%)
----------------- Invoking toplevel() on ptolemy.moml.MoMLSimpleApplication@2b559eb0
----------------- Done invoking toplevel() on ptolemy.moml.MoMLSimpleApplication@2b559eb0
reloadAllAccessors: .DepthTest2

===========================================================================================
----------------- testing Sun Mar 31 03:56:45 UTC 2019 /home/travis/build/icyphy/ptII/ptolemy/domains/de/test/auto/DepthTest3.xml
----------------- Instantiating /home/travis/build/icyphy/ptII/ptolemy/domains/de/test/auto/DepthTest3.xml
1 ms. Memory: 777728K Free: 487250K (63%)
----------------- Invoking toplevel() on ptolemy.moml.MoMLSimpleApplication@76b7e118
----------------- Done invoking toplevel() on ptolemy.moml.MoMLSimpleApplication@76b7e118
reloadAllAccessors: .DepthTest3

===========================================================================================
----------------- testing Sun Mar 31 03:56:45 UTC 2019 /home/travis/build/icyphy/ptII/ptolemy/domains/de/test/auto/DepthTest4.xml
----------------- Instantiating /home/travis/build/icyphy/ptII/ptolemy/domains/de/test/auto/DepthTest4.xml
1 ms. Memory: 777728K Free: 459397K (59%)
----------------- Invoking toplevel() on ptolemy.moml.MoMLSimpleApplication@6d4134a6
----------------- Done invoking toplevel() on ptolemy.moml.MoMLSimpleApplication@6d4134a6
reloadAllAccessors: .DepthTest4

===========================================================================================
----------------- testing Sun Mar 31 03:56:45 UTC 2019 /home/travis/build/icyphy/ptII/ptolemy/domains/de/test/auto/DepthTest5.xml
----------------- Instantiating /home/travis/build/icyphy/ptII/ptolemy/domains/de/test/auto/DepthTest5.xml
2 ms. Memory: 777728K Free: 431544K (55%)
----------------- Invoking toplevel() on ptolemy.moml.MoMLSimpleApplication@1b8b6ea4
----------------- Done invoking toplevel() on ptolemy.moml.MoMLSimpleApplication@1b8b6ea4
reloadAllAccessors: .DepthTest5

===========================================================================================
----------------- testing Sun Mar 31 03:56:45 UTC 2019 /home/travis/build/icyphy/ptII/ptolemy/domains/de/test/auto/DepthTest6.xml
----------------- Instantiating /home/travis/build/icyphy/ptII/ptolemy/domains/de/test/auto/DepthTest6.xml
2 ms. Memory: 777728K Free: 403691K (52%)
----------------- Invoking toplevel() on ptolemy.moml.MoMLSimpleApplication@1990d149
----------------- Done invoking toplevel() on ptolemy.moml.MoMLSimpleApplication@1990d149
reloadAllAccessors: .DepthTest6

===========================================================================================
----------------- testing Sun Mar 31 03:56:45 UTC 2019 /home/travis/build/icyphy/ptII/ptolemy/domains/de/test/auto/DepthTest7.xml
----------------- Instantiating /home/travis/build/icyphy/ptII/ptolemy/domains/de/test/auto/DepthTest7.xml
2 ms. Memory: 777728K Free: 375838K (48%)
----------------- Invoking toplevel() on ptolemy.moml.MoMLSimpleApplication@658cec95
----------------- Done invoking toplevel() on ptolemy.moml.MoMLSimpleApplication@658cec95
reloadAllAccessors: .DepthTest7

===========================================================================================
----------------- testing Sun Mar 31 03:56:45 UTC 2019 /home/travis/build/icyphy/ptII/ptolemy/domains/de/test/auto/EventToDate.xml
----------------- Instantiating /home/travis/build/icyphy/ptII/ptolemy/domains/de/test/auto/EventToDate.xml
3004 ms. Memory: 777728K Free: 347985K (45%)
----------------- Invoking toplevel() on ptolemy.moml.MoMLSimpleApplication@58651ede
----------------- Done invoking toplevel() on ptolemy.moml.MoMLSimpleApplication@58651ede
reloadAllAccessors: .EventToDate

===========================================================================================
----------------- testing Sun Mar 31 03:56:48 UTC 2019 /home/travis/build/icyphy/ptII/ptolemy/domains/de/test/auto/FSM1.xml
----------------- Instantiating /home/travis/build/icyphy/ptII/ptolemy/domains/de/test/auto/FSM1.xml
20 ms. Memory: 777728K Free: 320133K (41%)
----------------- Invoking toplevel() on ptolemy.moml.MoMLSimpleApplication@f8f3b17
----------------- Done invoking toplevel() on ptolemy.moml.MoMLSimpleApplication@f8f3b17
reloadAllAccessors: .FSM1

===========================================================================================
----------------- testing Sun Mar 31 03:56:48 UTC 2019 /home/travis/build/icyphy/ptII/ptolemy/domains/de/test/auto/FSM7.xml
----------------- Instantiating /home/travis/build/icyphy/ptII/ptolemy/domains/de/test/auto/FSM7.xml
18 ms. Memory: 777728K Free: 285595K (37%)
----------------- Invoking toplevel() on ptolemy.moml.MoMLSimpleApplication@29195c35
----------------- Done invoking toplevel() on ptolemy.moml.MoMLSimpleApplication@29195c35
reloadAllAccessors: .FSM7

===========================================================================================
----------------- testing Sun Mar 31 03:56:48 UTC 2019 /home/travis/build/icyphy/ptII/ptolemy/domains/de/test/auto/Inspection.xml
----------------- Instantiating /home/travis/build/icyphy/ptII/ptolemy/domains/de/test/auto/Inspection.xml
18 ms. Memory: 777728K Free: 257742K (33%)
----------------- Invoking toplevel() on ptolemy.moml.MoMLSimpleApplication@25f31240
----------------- Done invoking toplevel() on ptolemy.moml.MoMLSimpleApplication@25f31240
reloadAllAccessors: .Inspection

===========================================================================================
----------------- testing Sun Mar 31 03:56:48 UTC 2019 /home/travis/build/icyphy/ptII/ptolemy/domains/de/test/auto/Iteration.xml
----------------- Instantiating /home/travis/build/icyphy/ptII/ptolemy/domains/de/test/auto/Iteration.xml
11 ms. Memory: 777728K Free: 229890K (30%)
----------------- Invoking toplevel() on ptolemy.moml.MoMLSimpleApplication@60e7b10d
----------------- Done invoking toplevel() on ptolemy.moml.MoMLSimpleApplication@60e7b10d
reloadAllAccessors: .Iteration

===========================================================================================
----------------- testing Sun Mar 31 03:56:48 UTC 2019 /home/travis/build/icyphy/ptII/ptolemy/domains/de/test/auto/LineFault.xml
----------------- Instantiating /home/travis/build/icyphy/ptII/ptolemy/domains/de/test/auto/LineFault.xml
415 ms. Memory: 777728K Free: 104535K (13%)
----------------- Invoking toplevel() on ptolemy.moml.MoMLSimpleApplication@61b5a175
----------------- Done invoking toplevel() on ptolemy.moml.MoMLSimpleApplication@61b5a175
reloadAllAccessors: .LineFault

===========================================================================================
----------------- testing Sun Mar 31 03:56:49 UTC 2019 /home/travis/build/icyphy/ptII/ptolemy/domains/de/test/auto/MergeModel1Add.xml
----------------- Instantiating /home/travis/build/icyphy/ptII/ptolemy/domains/de/test/auto/MergeModel1Add.xml
9 ms. Memory: 745472K Free: 733073K (98%)
----------------- Invoking toplevel() on ptolemy.moml.MoMLSimpleApplication@17b1d867
----------------- Done invoking toplevel() on ptolemy.moml.MoMLSimpleApplication@17b1d867
reloadAllAccessors: .MergeModel1Add

===========================================================================================
----------------- testing Sun Mar 31 03:56:49 UTC 2019 /home/travis/build/icyphy/ptII/ptolemy/domains/de/test/auto/MergeModel2Add.xml
----------------- Instantiating /home/travis/build/icyphy/ptII/ptolemy/domains/de/test/auto/MergeModel2Add.xml
5 ms. Memory: 745472K Free: 699955K (94%)
----------------- Invoking toplevel() on ptolemy.moml.MoMLSimpleApplication@2c9f1670
----------------- Done invoking toplevel() on ptolemy.moml.MoMLSimpleApplication@2c9f1670
reloadAllAccessors: .MergeModel2Add

===========================================================================================
----------------- testing Sun Mar 31 03:56:49 UTC 2019 /home/travis/build/icyphy/ptII/ptolemy/domains/de/test/auto/MergeModel3Add.xml
----------------- Instantiating /home/travis/build/icyphy/ptII/ptolemy/domains/de/test/auto/MergeModel3Add.xml
5 ms. Memory: 745472K Free: 677852K (91%)
----------------- Invoking toplevel() on ptolemy.moml.MoMLSimpleApplication@24f6f4d9
----------------- Done invoking toplevel() on ptolemy.moml.MoMLSimpleApplication@24f6f4d9
reloadAllAccessors: .MergeModel3Add

===========================================================================================
----------------- testing Sun Mar 31 03:56:49 UTC 2019 /home/travis/build/icyphy/ptII/ptolemy/domains/de/test/auto/MergeWithoutDiscard.xml
----------------- Instantiating /home/travis/build/icyphy/ptII/ptolemy/domains/de/test/auto/MergeWithoutDiscard.xml
1 ms. Memory: 745472K Free: 668974K (90%)
----------------- Invoking toplevel() on ptolemy.moml.MoMLSimpleApplication@4169feba
----------------- Done invoking toplevel() on ptolemy.moml.MoMLSimpleApplication@4169feba
reloadAllAccessors: .MergeWithoutDiscard

===========================================================================================
----------------- testing Sun Mar 31 03:56:49 UTC 2019 /home/travis/build/icyphy/ptII/ptolemy/domains/de/test/auto/Modal1.xml
----------------- Instantiating /home/travis/build/icyphy/ptII/ptolemy/domains/de/test/auto/Modal1.xml
7 ms. Memory: 745472K Free: 651261K (87%)
----------------- Invoking toplevel() on ptolemy.moml.MoMLSimpleApplication@2493763a
----------------- Done invoking toplevel() on ptolemy.moml.MoMLSimpleApplication@2493763a
reloadAllAccessors: .Modal1

===========================================================================================
----------------- testing Sun Mar 31 03:56:49 UTC 2019 /home/travis/build/icyphy/ptII/ptolemy/domains/de/test/auto/Modal2.xml
----------------- Instantiating /home/travis/build/icyphy/ptII/ptolemy/domains/de/test/auto/Modal2.xml
9 ms. Memory: 745472K Free: 633564K (85%)
----------------- Invoking toplevel() on ptolemy.moml.MoMLSimpleApplication@24fb0b10
----------------- Done invoking toplevel() on ptolemy.moml.MoMLSimpleApplication@24fb0b10
reloadAllAccessors: .Modal2

===========================================================================================
----------------- testing Sun Mar 31 03:56:49 UTC 2019 /home/travis/build/icyphy/ptII/ptolemy/domains/de/test/auto/Modal3.xml
----------------- Instantiating /home/travis/build/icyphy/ptII/ptolemy/domains/de/test/auto/Modal3.xml
9 ms. Memory: 745472K Free: 615875K (83%)
----------------- Invoking toplevel() on ptolemy.moml.MoMLSimpleApplication@3d397ebe
----------------- Done invoking toplevel() on ptolemy.moml.MoMLSimpleApplication@3d397ebe
reloadAllAccessors: .Modal3

===========================================================================================
----------------- testing Sun Mar 31 03:56:49 UTC 2019 /home/travis/build/icyphy/ptII/ptolemy/domains/de/test/auto/Modal4.xml
----------------- Instantiating /home/travis/build/icyphy/ptII/ptolemy/domains/de/test/auto/Modal4.xml
10 ms. Memory: 745472K Free: 598185K (80%)
----------------- Invoking toplevel() on ptolemy.moml.MoMLSimpleApplication@3e4a331e
----------------- Done invoking toplevel() on ptolemy.moml.MoMLSimpleApplication@3e4a331e
reloadAllAccessors: .Modal4

===========================================================================================
----------------- testing Sun Mar 31 03:56:49 UTC 2019 /home/travis/build/icyphy/ptII/ptolemy/domains/de/test/auto/Modal5.xml
----------------- Instantiating /home/travis/build/icyphy/ptII/ptolemy/domains/de/test/auto/Modal5.xml
7 ms. Memory: 745472K Free: 580488K (78%)
----------------- Invoking toplevel() on ptolemy.moml.MoMLSimpleApplication@6d67de3d
----------------- Done invoking toplevel() on ptolemy.moml.MoMLSimpleApplication@6d67de3d
reloadAllAccessors: .Modal5

===========================================================================================
----------------- testing Sun Mar 31 03:56:49 UTC 2019 /home/travis/build/icyphy/ptII/ptolemy/domains/de/test/auto/Modal6.xml
----------------- Instantiating /home/travis/build/icyphy/ptII/ptolemy/domains/de/test/auto/Modal6.xml
13 ms. Memory: 745472K Free: 558545K (75%)
----------------- Invoking toplevel() on ptolemy.moml.MoMLSimpleApplication@184c6aee
----------------- Done invoking toplevel() on ptolemy.moml.MoMLSimpleApplication@184c6aee
reloadAllAccessors: .Modal6

===========================================================================================
----------------- testing Sun Mar 31 03:56:49 UTC 2019 /home/travis/build/icyphy/ptII/ptolemy/domains/de/test/auto/Modal7.xml
----------------- Instantiating /home/travis/build/icyphy/ptII/ptolemy/domains/de/test/auto/Modal7.xml
7 ms. Memory: 745472K Free: 540848K (73%)
----------------- Invoking toplevel() on ptolemy.moml.MoMLSimpleApplication@710f1bc6
----------------- Done invoking toplevel() on ptolemy.moml.MoMLSimpleApplication@710f1bc6
reloadAllAccessors: .Modal7

===========================================================================================
----------------- testing Sun Mar 31 03:56:49 UTC 2019 /home/travis/build/icyphy/ptII/ptolemy/domains/de/test/auto/ModalModel.xml
----------------- Instantiating /home/travis/build/icyphy/ptII/ptolemy/domains/de/test/auto/ModalModel.xml
114 ms. Memory: 745472K Free: 465567K (62%)
----------------- Invoking toplevel() on ptolemy.moml.MoMLSimpleApplication@769f31e3
----------------- Done invoking toplevel() on ptolemy.moml.MoMLSimpleApplication@769f31e3
reloadAllAccessors: .ModalModel

===========================================================================================
----------------- testing Sun Mar 31 03:56:49 UTC 2019 /home/travis/build/icyphy/ptII/ptolemy/domains/de/test/auto/ModalSource.xml
----------------- Instantiating /home/travis/build/icyphy/ptII/ptolemy/domains/de/test/auto/ModalSource.xml
5 ms. Memory: 745472K Free: 452306K (61%)
----------------- Invoking toplevel() on ptolemy.moml.MoMLSimpleApplication@517d82
----------------- Done invoking toplevel() on ptolemy.moml.MoMLSimpleApplication@517d82
reloadAllAccessors: .ModalSource

===========================================================================================
----------------- testing Sun Mar 31 03:56:49 UTC 2019 /home/travis/build/icyphy/ptII/ptolemy/domains/de/test/auto/NonInterruptibleTimerZeroDelay.xml
----------------- Instantiating /home/travis/build/icyphy/ptII/ptolemy/domains/de/test/auto/NonInterruptibleTimerZeroDelay.xml
2 ms. Memory: 745472K Free: 443465K (59%)
----------------- Invoking toplevel() on ptolemy.moml.MoMLSimpleApplication@2312b7ea
----------------- Done invoking toplevel() on ptolemy.moml.MoMLSimpleApplication@2312b7ea
reloadAllAccessors: .NonInterruptibleTimerZeroDelay

===========================================================================================
----------------- testing Sun Mar 31 03:56:49 UTC 2019 /home/travis/build/icyphy/ptII/ptolemy/domains/de/test/auto/OpenQueueingNetwork.xml
----------------- Instantiating /home/travis/build/icyphy/ptII/ptolemy/domains/de/test/auto/OpenQueueingNetwork.xml
2208 ms. Memory: 714240K Free: 450709K (63%)
----------------- Invoking toplevel() on ptolemy.moml.MoMLSimpleApplication@30a0edba
----------------- Done invoking toplevel() on ptolemy.moml.MoMLSimpleApplication@30a0edba
reloadAllAccessors: .OpenQueueingNetwork

===========================================================================================
----------------- testing Sun Mar 31 03:56:52 UTC 2019 /home/travis/build/icyphy/ptII/ptolemy/domains/de/test/auto/OpenQueuingNetwork.xml
----------------- Instantiating /home/travis/build/icyphy/ptII/ptolemy/domains/de/test/auto/OpenQueuingNetwork.xml
228 ms. Memory: 714240K Free: 352881K (49%)
----------------- Invoking toplevel() on ptolemy.moml.MoMLSimpleApplication@50187ee3
----------------- Done invoking toplevel() on ptolemy.moml.MoMLSimpleApplication@50187ee3
reloadAllAccessors: .OpenQueuingNetwork

===========================================================================================
----------------- testing Sun Mar 31 03:56:52 UTC 2019 /home/travis/build/icyphy/ptII/ptolemy/domains/de/test/auto/PeriodicSampler.xml
----------------- Instantiating /home/travis/build/icyphy/ptII/ptolemy/domains/de/test/auto/PeriodicSampler.xml
2 ms. Memory: 714240K Free: 344457K (48%)
----------------- Invoking toplevel() on ptolemy.moml.MoMLSimpleApplication@63c85a2f
----------------- Done invoking toplevel() on ptolemy.moml.MoMLSimpleApplication@63c85a2f
reloadAllAccessors: .PeriodicSampler

===========================================================================================
----------------- testing Sun Mar 31 03:56:52 UTC 2019 /home/travis/build/icyphy/ptII/ptolemy/domains/de/test/auto/PersistentIO.xml
----------------- Instantiating /home/travis/build/icyphy/ptII/ptolemy/domains/de/test/auto/PersistentIO.xml
4 ms. Memory: 714240K Free: 331821K (46%)
----------------- Invoking toplevel() on ptolemy.moml.MoMLSimpleApplication@711d6fcd
----------------- Done invoking toplevel() on ptolemy.moml.MoMLSimpleApplication@711d6fcd
reloadAllAccessors: .PersistentIO

===========================================================================================
----------------- testing Sun Mar 31 03:56:52 UTC 2019 /home/travis/build/icyphy/ptII/ptolemy/domains/de/test/auto/PortParameterResetOnInitialize.xml
----------------- Instantiating /home/travis/build/icyphy/ptII/ptolemy/domains/de/test/auto/PortParameterResetOnInitialize.xml
2 ms. Memory: 714240K Free: 323397K (45%)
----------------- Invoking toplevel() on ptolemy.moml.MoMLSimpleApplication@705a8ae6
----------------- Done invoking toplevel() on ptolemy.moml.MoMLSimpleApplication@705a8ae6
reloadAllAccessors: .PortParameterResetOnInitialize

===========================================================================================
----------------- testing Sun Mar 31 03:56:52 UTC 2019 /home/travis/build/icyphy/ptII/ptolemy/domains/de/test/auto/PortParameterUpdates.xml
----------------- Instantiating /home/travis/build/icyphy/ptII/ptolemy/domains/de/test/auto/PortParameterUpdates.xml
6 ms. Memory: 714240K Free: 310753K (44%)
----------------- Invoking toplevel() on ptolemy.moml.MoMLSimpleApplication@df8cd65
----------------- Done invoking toplevel() on ptolemy.moml.MoMLSimpleApplication@df8cd65
reloadAllAccessors: .PortParameterUpdates

===========================================================================================
----------------- testing Sun Mar 31 03:56:52 UTC 2019 /home/travis/build/icyphy/ptII/ptolemy/domains/de/test/auto/QueueAndServer.xml
----------------- Instantiating /home/travis/build/icyphy/ptII/ptolemy/domains/de/test/auto/QueueAndServer.xml
5 ms. Memory: 714240K Free: 295430K (41%)
----------------- Invoking toplevel() on ptolemy.moml.MoMLSimpleApplication@96c29f2
----------------- Done invoking toplevel() on ptolemy.moml.MoMLSimpleApplication@96c29f2
reloadAllAccessors: .QueueAndServer

===========================================================================================
----------------- testing Sun Mar 31 03:56:52 UTC 2019 /home/travis/build/icyphy/ptII/ptolemy/domains/de/test/auto/Records.xml
----------------- Instantiating /home/travis/build/icyphy/ptII/ptolemy/domains/de/test/auto/Records.xml
3 ms. Memory: 714240K Free: 282778K (40%)
----------------- Invoking toplevel() on ptolemy.moml.MoMLSimpleApplication@3d112b15
----------------- Done invoking toplevel() on ptolemy.moml.MoMLSimpleApplication@3d112b15
reloadAllAccessors: .Records

===========================================================================================
----------------- testing Sun Mar 31 03:56:52 UTC 2019 /home/travis/build/icyphy/ptII/ptolemy/domains/de/test/auto/ResetTransitionWithStartTime1.xml
----------------- Instantiating /home/travis/build/icyphy/ptII/ptolemy/domains/de/test/auto/ResetTransitionWithStartTime1.xml
5 ms. Memory: 714240K Free: 270125K (38%)
----------------- Invoking toplevel() on ptolemy.moml.MoMLSimpleApplication@71ecb60f
----------------- Done invoking toplevel() on ptolemy.moml.MoMLSimpleApplication@71ecb60f
reloadAllAccessors: .ResetTransitionWithStartTime1

===========================================================================================
----------------- testing Sun Mar 31 03:56:52 UTC 2019 /home/travis/build/icyphy/ptII/ptolemy/domains/de/test/auto/ResetTransitionWithStartTime2.xml
----------------- Instantiating /home/travis/build/icyphy/ptII/ptolemy/domains/de/test/auto/ResetTransitionWithStartTime2.xml
3 ms. Memory: 714240K Free: 257473K (36%)
----------------- Invoking toplevel() on ptolemy.moml.MoMLSimpleApplication@5d267c06
----------------- Done invoking toplevel() on ptolemy.moml.MoMLSimpleApplication@5d267c06
reloadAllAccessors: .ResetTransitionWithStartTime2

===========================================================================================
----------------- testing Sun Mar 31 03:56:52 UTC 2019 /home/travis/build/icyphy/ptII/ptolemy/domains/de/test/auto/ResetTransitionWithStartTime3.xml
----------------- Instantiating /home/travis/build/icyphy/ptII/ptolemy/domains/de/test/auto/ResetTransitionWithStartTime3.xml
3 ms. Memory: 714240K Free: 244837K (34%)
----------------- Invoking toplevel() on ptolemy.moml.MoMLSimpleApplication@285d5488
----------------- Done invoking toplevel() on ptolemy.moml.MoMLSimpleApplication@285d5488
reloadAllAccessors: .ResetTransitionWithStartTime3

===========================================================================================
----------------- testing Sun Mar 31 03:56:52 UTC 2019 /home/travis/build/icyphy/ptII/ptolemy/domains/de/test/auto/ResetTransitionWithStartTime4.xml
----------------- Instantiating /home/travis/build/icyphy/ptII/ptolemy/domains/de/test/auto/ResetTransitionWithStartTime4.xml
3 ms. Memory: 714240K Free: 229521K (32%)
----------------- Invoking toplevel() on ptolemy.moml.MoMLSimpleApplication@6f151907
----------------- Done invoking toplevel() on ptolemy.moml.MoMLSimpleApplication@6f151907
reloadAllAccessors: .ResetTransitionWithStartTime4

===========================================================================================
----------------- testing Sun Mar 31 03:56:52 UTC 2019 /home/travis/build/icyphy/ptII/ptolemy/domains/de/test/auto/ResettableTimer1.xml
----------------- Instantiating /home/travis/build/icyphy/ptII/ptolemy/domains/de/test/auto/ResettableTimer1.xml
2 ms. Memory: 714240K Free: 221097K (31%)
----------------- Invoking toplevel() on ptolemy.moml.MoMLSimpleApplication@1f40a9b6
----------------- Done invoking toplevel() on ptolemy.moml.MoMLSimpleApplication@1f40a9b6
reloadAllAccessors: .ResettableTimer1

===========================================================================================
----------------- testing Sun Mar 31 03:56:52 UTC 2019 /home/travis/build/icyphy/ptII/ptolemy/domains/de/test/auto/ResettableTimer2.xml
----------------- Instantiating /home/travis/build/icyphy/ptII/ptolemy/domains/de/test/auto/ResettableTimer2.xml
1 ms. Memory: 714240K Free: 212673K (30%)
----------------- Invoking toplevel() on ptolemy.moml.MoMLSimpleApplication@7ae31250
----------------- Done invoking toplevel() on ptolemy.moml.MoMLSimpleApplication@7ae31250
reloadAllAccessors: .ResettableTimer2

===========================================================================================
----------------- testing Sun Mar 31 03:56:52 UTC 2019 /home/travis/build/icyphy/ptII/ptolemy/domains/de/test/auto/ResettableTimer3.xml
----------------- Instantiating /home/travis/build/icyphy/ptII/ptolemy/domains/de/test/auto/ResettableTimer3.xml
2 ms. Memory: 714240K Free: 204249K (29%)
----------------- Invoking toplevel() on ptolemy.moml.MoMLSimpleApplication@40d0f895
----------------- Done invoking toplevel() on ptolemy.moml.MoMLSimpleApplication@40d0f895
reloadAllAccessors: .ResettableTimer3

===========================================================================================
----------------- testing Sun Mar 31 03:56:52 UTC 2019 /home/travis/build/icyphy/ptII/ptolemy/domains/de/test/auto/ResettableTimer4.xml
----------------- Instantiating /home/travis/build/icyphy/ptII/ptolemy/domains/de/test/auto/ResettableTimer4.xml
1 ms. Memory: 714240K Free: 195825K (27%)
----------------- Invoking toplevel() on ptolemy.moml.MoMLSimpleApplication@66d3cd49
----------------- Done invoking toplevel() on ptolemy.moml.MoMLSimpleApplication@66d3cd49
reloadAllAccessors: .ResettableTimer4

===========================================================================================
----------------- testing Sun Mar 31 03:56:52 UTC 2019 /home/travis/build/icyphy/ptII/ptolemy/domains/de/test/auto/ResettableTimer5.xml
----------------- Instantiating /home/travis/build/icyphy/ptII/ptolemy/domains/de/test/auto/ResettableTimer5.xml
1 ms. Memory: 714240K Free: 184737K (26%)
----------------- Invoking toplevel() on ptolemy.moml.MoMLSimpleApplication@76e01eb0
----------------- Done invoking toplevel() on ptolemy.moml.MoMLSimpleApplication@76e01eb0
reloadAllAccessors: .ResettableTimer5

===========================================================================================
----------------- testing Sun Mar 31 03:56:52 UTC 2019 /home/travis/build/icyphy/ptII/ptolemy/domains/de/test/auto/ResettableTimer6.xml
----------------- Instantiating /home/travis/build/icyphy/ptII/ptolemy/domains/de/test/auto/ResettableTimer6.xml
1 ms. Memory: 714240K Free: 176313K (25%)
----------------- Invoking toplevel() on ptolemy.moml.MoMLSimpleApplication@1a88855f
----------------- Done invoking toplevel() on ptolemy.moml.MoMLSimpleApplication@1a88855f
reloadAllAccessors: .ResettableTimer6

===========================================================================================
----------------- testing Sun Mar 31 03:56:52 UTC 2019 /home/travis/build/icyphy/ptII/ptolemy/domains/de/test/auto/ServerZeroDelay.xml
----------------- Instantiating /home/travis/build/icyphy/ptII/ptolemy/domains/de/test/auto/ServerZeroDelay.xml
1 ms. Memory: 714240K Free: 167889K (24%)
----------------- Invoking toplevel() on ptolemy.moml.MoMLSimpleApplication@17907000
----------------- Done invoking toplevel() on ptolemy.moml.MoMLSimpleApplication@17907000
reloadAllAccessors: .ServerZeroDelay

===========================================================================================
----------------- testing Sun Mar 31 03:56:52 UTC 2019 /home/travis/build/icyphy/ptII/ptolemy/domains/de/test/auto/SmartSender.xml
----------------- Instantiating /home/travis/build/icyphy/ptII/ptolemy/domains/de/test/auto/SmartSender.xml
3001 ms. Memory: 714240K Free: 159465K (22%)
----------------- Invoking toplevel() on ptolemy.moml.MoMLSimpleApplication@396dd928
----------------- Done invoking toplevel() on ptolemy.moml.MoMLSimpleApplication@396dd928
reloadAllAccessors: .SmartSender

===========================================================================================
----------------- testing Sun Mar 31 03:56:55 UTC 2019 /home/travis/build/icyphy/ptII/ptolemy/domains/de/test/auto/ThreadedComposite.xml
----------------- Instantiating /home/travis/build/icyphy/ptII/ptolemy/domains/de/test/auto/ThreadedComposite.xml
128 ms. Memory: 714240K Free: 129956K (18%)
----------------- Invoking toplevel() on ptolemy.moml.MoMLSimpleApplication@c7a53bb
----------------- Done invoking toplevel() on ptolemy.moml.MoMLSimpleApplication@c7a53bb
reloadAllAccessors: .ThreadedComposite

===========================================================================================
----------------- testing Sun Mar 31 03:56:55 UTC 2019 /home/travis/build/icyphy/ptII/ptolemy/domains/de/test/auto/Time.xml
----------------- Instantiating /home/travis/build/icyphy/ptII/ptolemy/domains/de/test/auto/Time.xml
423 ms. Memory: 683520K Free: 670627K (98%)
----------------- Invoking toplevel() on ptolemy.moml.MoMLSimpleApplication@76762e14
----------------- Done invoking toplevel() on ptolemy.moml.MoMLSimpleApplication@76762e14
reloadAllAccessors: .Time

===========================================================================================
----------------- testing Sun Mar 31 03:56:56 UTC 2019 /home/travis/build/icyphy/ptII/ptolemy/domains/de/test/auto/TimeDelayZeroDelay.xml
----------------- Instantiating /home/travis/build/icyphy/ptII/ptolemy/domains/de/test/auto/TimeDelayZeroDelay.xml
4 ms. Memory: 683520K Free: 658853K (96%)
----------------- Invoking toplevel() on ptolemy.moml.MoMLSimpleApplication@44283683
----------------- Done invoking toplevel() on ptolemy.moml.MoMLSimpleApplication@44283683
reloadAllAccessors: .TimeDelayZeroDelay

===========================================================================================
----------------- testing Sun Mar 31 03:56:56 UTC 2019 /home/travis/build/icyphy/ptII/ptolemy/domains/de/test/auto/TimerZeroDelay.xml
----------------- Instantiating /home/travis/build/icyphy/ptII/ptolemy/domains/de/test/auto/TimerZeroDelay.xml
2 ms. Memory: 683520K Free: 650825K (95%)
----------------- Invoking toplevel() on ptolemy.moml.MoMLSimpleApplication@f804e05
----------------- Done invoking toplevel() on ptolemy.moml.MoMLSimpleApplication@f804e05
reloadAllAccessors: .TimerZeroDelay

===========================================================================================
----------------- testing Sun Mar 31 03:56:56 UTC 2019 /home/travis/build/icyphy/ptII/ptolemy/domains/de/test/auto/TimingParadox.xml
----------------- Instantiating /home/travis/build/icyphy/ptII/ptolemy/domains/de/test/auto/TimingParadox.xml
286 ms. Memory: 683520K Free: 578547K (85%)
----------------- Invoking toplevel() on ptolemy.moml.MoMLSimpleApplication@21b4662b
----------------- Done invoking toplevel() on ptolemy.moml.MoMLSimpleApplication@21b4662b
reloadAllAccessors: .TimingParadox

===========================================================================================
----------------- testing Sun Mar 31 03:56:56 UTC 2019 /home/travis/build/icyphy/ptII/ptolemy/domains/de/test/auto/TransferInputs.xml
----------------- Instantiating /home/travis/build/icyphy/ptII/ptolemy/domains/de/test/auto/TransferInputs.xml
1 ms. Memory: 683520K Free: 568780K (83%)
----------------- Invoking toplevel() on ptolemy.moml.MoMLSimpleApplication@54971338
----------------- Done invoking toplevel() on ptolemy.moml.MoMLSimpleApplication@54971338
reloadAllAccessors: .TransferInputs

===========================================================================================
----------------- testing Sun Mar 31 03:56:56 UTC 2019 /home/travis/build/icyphy/ptII/ptolemy/domains/de/test/auto/TransferOutputs2.xml
----------------- Instantiating /home/travis/build/icyphy/ptII/ptolemy/domains/de/test/auto/TransferOutputs2.xml
3 ms. Memory: 683520K Free: 556730K (81%)
----------------- Invoking toplevel() on ptolemy.moml.MoMLSimpleApplication@d2d8690
----------------- Done invoking toplevel() on ptolemy.moml.MoMLSimpleApplication@d2d8690
reloadAllAccessors: .TransferOutputs2

===========================================================================================
----------------- testing Sun Mar 31 03:56:56 UTC 2019 /home/travis/build/icyphy/ptII/ptolemy/domains/de/test/auto/Trilateration.xml
----------------- Instantiating /home/travis/build/icyphy/ptII/ptolemy/domains/de/test/auto/Trilateration.xml
11972 ms. Memory: 555008K Free: 294367K (53%)
----------------- Invoking toplevel() on ptolemy.moml.MoMLSimpleApplication@1169d4f2
----------------- Done invoking toplevel() on ptolemy.moml.MoMLSimpleApplication@1169d4f2
reloadAllAccessors: .Trilateration

===========================================================================================
----------------- testing Sun Mar 31 03:57:09 UTC 2019 /home/travis/build/icyphy/ptII/ptolemy/domains/de/test/auto/TwoSigmaDelta.xml
----------------- Instantiating /home/travis/build/icyphy/ptII/ptolemy/domains/de/test/auto/TwoSigmaDelta.xml
2117 ms. Memory: 538624K Free: 452031K (84%)
----------------- Invoking toplevel() on ptolemy.moml.MoMLSimpleApplication@4e542071
----------------- Done invoking toplevel() on ptolemy.moml.MoMLSimpleApplication@4e542071
reloadAllAccessors: .TwoSigmaDelta

===========================================================================================
----------------- testing Sun Mar 31 03:57:11 UTC 2019 /home/travis/build/icyphy/ptII/ptolemy/domains/de/test/auto/VariableDelay.xml
----------------- Instantiating /home/travis/build/icyphy/ptII/ptolemy/domains/de/test/auto/VariableDelay.xml
2 ms. Memory: 538624K Free: 437746K (81%)
----------------- Invoking toplevel() on ptolemy.moml.MoMLSimpleApplication@3596c568
----------------- Done invoking toplevel() on ptolemy.moml.MoMLSimpleApplication@3596c568
reloadAllAccessors: .VariableDelay

===========================================================================================
----------------- testing Sun Mar 31 03:57:11 UTC 2019 /home/travis/build/icyphy/ptII/ptolemy/domains/de/test/auto/VariableDelay2.xml
----------------- Instantiating /home/travis/build/icyphy/ptII/ptolemy/domains/de/test/auto/VariableDelay2.xml
2 ms. Memory: 538624K Free: 428157K (79%)
----------------- Invoking toplevel() on ptolemy.moml.MoMLSimpleApplication@43f9d083
----------------- Done invoking toplevel() on ptolemy.moml.MoMLSimpleApplication@43f9d083
reloadAllAccessors: .VariableDelay2

===========================================================================================
----------------- testing Sun Mar 31 03:57:11 UTC 2019 /home/travis/build/icyphy/ptII/ptolemy/domains/de/test/auto/VariableDelayZeroDelay.xml
----------------- Instantiating /home/travis/build/icyphy/ptII/ptolemy/domains/de/test/auto/VariableDelayZeroDelay.xml
2 ms. Memory: 538624K Free: 418567K (78%)
----------------- Invoking toplevel() on ptolemy.moml.MoMLSimpleApplication@17346b04
----------------- Done invoking toplevel() on ptolemy.moml.MoMLSimpleApplication@17346b04
reloadAllAccessors: .VariableDelayZeroDelay

===========================================================================================
----------------- testing Sun Mar 31 03:57:11 UTC 2019 /home/travis/build/icyphy/ptII/ptolemy/domains/de/test/auto/VariableDelayZeroDelay2.xml
----------------- Instantiating /home/travis/build/icyphy/ptII/ptolemy/domains/de/test/auto/VariableDelayZeroDelay2.xml
2 ms. Memory: 538624K Free: 408978K (76%)
----------------- Invoking toplevel() on ptolemy.moml.MoMLSimpleApplication@2fef74c4
----------------- Done invoking toplevel() on ptolemy.moml.MoMLSimpleApplication@2fef74c4
reloadAllAccessors: .VariableDelayZeroDelay2

===========================================================================================
----------------- testing Sun Mar 31 03:57:11 UTC 2019 /home/travis/build/icyphy/ptII/ptolemy/domains/de/test/auto/deInCt.xml
----------------- Instantiating /home/travis/build/icyphy/ptII/ptolemy/domains/de/test/auto/deInCt.xml
0
1
1
1
0
0
0
0
0
1
1
1
0
0
1
1
1
0
0
0
0
1
1
1
0
0
0
1
1
1
0
0
0
1
1
1
0
0
0
1
1
1
0
0
0
1
1
1
0
0
0
1
1
1
0
0
0
11 ms. Memory: 538624K Free: 399389K (74%)
----------------- Invoking toplevel() on ptolemy.moml.MoMLSimpleApplication@2909085c
----------------- Done invoking toplevel() on ptolemy.moml.MoMLSimpleApplication@2909085c
reloadAllAccessors: .deInCt

===========================================================================================
----------------- testing Sun Mar 31 03:57:11 UTC 2019 /home/travis/build/icyphy/ptII/ptolemy/domains/de/test/auto/deInCt2.xml
----------------- Instantiating /home/travis/build/icyphy/ptII/ptolemy/domains/de/test/auto/deInCt2.xml
0
1
1
1
0
0
1
1
1
0
0
1
1
1
0
0
1
1
1
0
0
1
1
1
0
0
1
1
1
0
0
1
1
1
0
0
1
1
1
0
0
0
9 ms. Memory: 538624K Free: 389800K (72%)
----------------- Invoking toplevel() on ptolemy.moml.MoMLSimpleApplication@6dedfe8f
----------------- Done invoking toplevel() on ptolemy.moml.MoMLSimpleApplication@6dedfe8f
reloadAllAccessors: .deInCt2

===========================================================================================
----------------- testing Sun Mar 31 03:57:11 UTC 2019 /home/travis/build/icyphy/ptII/ptolemy/domains/de/test/auto/dynamicCausalityInterface1.xml
----------------- Instantiating /home/travis/build/icyphy/ptII/ptolemy/domains/de/test/auto/dynamicCausalityInterface1.xml
1 ms. Memory: 538624K Free: 375672K (70%)
----------------- Invoking toplevel() on ptolemy.moml.MoMLSimpleApplication@1bff980a
----------------- Done invoking toplevel() on ptolemy.moml.MoMLSimpleApplication@1bff980a
reloadAllAccessors: .dynamicCausalityInterface1

===========================================================================================
----------------- testing Sun Mar 31 03:57:11 UTC 2019 /home/travis/build/icyphy/ptII/ptolemy/domains/de/test/auto/fsm_de_test.xml
----------------- Instantiating /home/travis/build/icyphy/ptII/ptolemy/domains/de/test/auto/fsm_de_test.xml
4 ms. Memory: 538624K Free: 361551K (67%)
----------------- Invoking toplevel() on ptolemy.moml.MoMLSimpleApplication@755c8580
----------------- Done invoking toplevel() on ptolemy.moml.MoMLSimpleApplication@755c8580
reloadAllAccessors: .fsm_de_test

===========================================================================================
----------------- testing Sun Mar 31 03:57:11 UTC 2019 /home/travis/build/icyphy/ptII/ptolemy/domains/de/test/auto/functionDependencyReconstruction.xml
----------------- Instantiating /home/travis/build/icyphy/ptII/ptolemy/domains/de/test/auto/functionDependencyReconstruction.xml
2 ms. Memory: 538624K Free: 338382K (63%)
----------------- Invoking toplevel() on ptolemy.moml.MoMLSimpleApplication@578eac32
----------------- Done invoking toplevel() on ptolemy.moml.MoMLSimpleApplication@578eac32
reloadAllAccessors: .functionDependencyReconstruction

===========================================================================================
----------------- testing Sun Mar 31 03:57:11 UTC 2019 /home/travis/build/icyphy/ptII/ptolemy/domains/de/test/auto/multirate.xml
----------------- Instantiating /home/travis/build/icyphy/ptII/ptolemy/domains/de/test/auto/multirate.xml
3 ms. Memory: 538624K Free: 324277K (60%)
----------------- Invoking toplevel() on ptolemy.moml.MoMLSimpleApplication@43a04342
----------------- Done invoking toplevel() on ptolemy.moml.MoMLSimpleApplication@43a04342
reloadAllAccessors: .multirate

===========================================================================================
----------------- testing Sun Mar 31 03:57:11 UTC 2019 /home/travis/build/icyphy/ptII/ptolemy/domains/de/test/auto/multirate2.xml
----------------- Instantiating /home/travis/build/icyphy/ptII/ptolemy/domains/de/test/auto/multirate2.xml
2 ms. Memory: 538624K Free: 310164K (58%)
----------------- Invoking toplevel() on ptolemy.moml.MoMLSimpleApplication@e90a91
----------------- Done invoking toplevel() on ptolemy.moml.MoMLSimpleApplication@e90a91
reloadAllAccessors: .multirate2

===========================================================================================
----------------- testing Sun Mar 31 03:57:11 UTC 2019 /home/travis/build/icyphy/ptII/ptolemy/domains/de/test/auto/realtime.xml
----------------- Instantiating /home/travis/build/icyphy/ptII/ptolemy/domains/de/test/auto/realtime.xml
10002 ms. Memory: 538624K Free: 300575K (56%)
----------------- Invoking toplevel() on ptolemy.moml.MoMLSimpleApplication@5bf6a3fc
----------------- Done invoking toplevel() on ptolemy.moml.MoMLSimpleApplication@5bf6a3fc
reloadAllAccessors: .realtime

===========================================================================================
----------------- testing Sun Mar 31 03:57:21 UTC 2019 /home/travis/build/icyphy/ptII/ptolemy/domains/de/test/auto/relationGroup.xml
----------------- Instantiating /home/travis/build/icyphy/ptII/ptolemy/domains/de/test/auto/relationGroup.xml
3 ms. Memory: 538624K Free: 290986K (54%)
----------------- Invoking toplevel() on ptolemy.moml.MoMLSimpleApplication@537ea7fb
----------------- Done invoking toplevel() on ptolemy.moml.MoMLSimpleApplication@537ea7fb
reloadAllAccessors: .relationGroup

===========================================================================================
----------------- testing Sun Mar 31 03:57:21 UTC 2019 /home/travis/build/icyphy/ptII/ptolemy/domains/de/test/auto/relationGroup2.xml
----------------- Instantiating /home/travis/build/icyphy/ptII/ptolemy/domains/de/test/auto/relationGroup2.xml
2 ms. Memory: 538624K Free: 281397K (52%)
----------------- Invoking toplevel() on ptolemy.moml.MoMLSimpleApplication@e1e1cb9
----------------- Done invoking toplevel() on ptolemy.moml.MoMLSimpleApplication@e1e1cb9
reloadAllAccessors: .relationGroup2

===========================================================================================
----------------- testing Sun Mar 31 03:57:21 UTC 2019 /home/travis/build/icyphy/ptII/ptolemy/domains/de/test/auto/sortWithOpaquePorts.xml
----------------- Instantiating /home/travis/build/icyphy/ptII/ptolemy/domains/de/test/auto/sortWithOpaquePorts.xml
1 ms. Memory: 538624K Free: 271807K (50%)
----------------- Invoking toplevel() on ptolemy.moml.MoMLSimpleApplication@455478b3
----------------- Done invoking toplevel() on ptolemy.moml.MoMLSimpleApplication@455478b3
reloadAllAccessors: .sortWithOpaquePorts

===========================================================================================
----------------- testing Sun Mar 31 03:57:21 UTC 2019 /home/travis/build/icyphy/ptII/ptolemy/domains/de/test/auto/transferInputsandOutputs.xml
----------------- Instantiating /home/travis/build/icyphy/ptII/ptolemy/domains/de/test/auto/transferInputsandOutputs.xml
4 ms. Memory: 538624K Free: 257695K (48%)
----------------- Invoking toplevel() on ptolemy.moml.MoMLSimpleApplication@5d384ff3
----------------- Done invoking toplevel() on ptolemy.moml.MoMLSimpleApplication@5d384ff3
reloadAllAccessors: .transferInputsandOutputs

===========================================================================================
----------------- testing Sun Mar 31 03:57:21 UTC 2019 /home/travis/build/icyphy/ptII/ptolemy/domains/de/test/auto/triggerType.xml
----------------- Instantiating /home/travis/build/icyphy/ptII/ptolemy/domains/de/test/auto/triggerType.xml
1 ms. Memory: 538624K Free: 248105K (46%)
----------------- Invoking toplevel() on ptolemy.moml.MoMLSimpleApplication@371024de
----------------- Done invoking toplevel() on ptolemy.moml.MoMLSimpleApplication@371024de
reloadAllAccessors: .triggerType
AutoTests.java: About to close Vertx.
AutoTests.java: Vertx closed.
]]></system-out>
  <system-err><![CDATA[java.lang.RuntimeException: Execution failed
	at ptolemy.moml.MoMLSimpleApplication$UnloadThread.run(MoMLSimpleApplication.java:402)
Caused by: ptolemy.kernel.util.IllegalActionException: Found a zero delay loop containing .dependencyLoop.original
  in .dependencyLoop and .dependencyLoop.original
	at ptolemy.actor.util.CausalityInterfaceForComposites._computeOutputPortDepth(CausalityInterfaceForComposites.java:759)
	at ptolemy.actor.util.CausalityInterfaceForComposites._computeInputDepth(CausalityInterfaceForComposites.java:696)
	at ptolemy.actor.util.CausalityInterfaceForComposites._computeOutputPortDepth(CausalityInterfaceForComposites.java:765)
	at ptolemy.actor.util.CausalityInterfaceForComposites._computeInputDepth(CausalityInterfaceForComposites.java:696)
	at ptolemy.actor.util.CausalityInterfaceForComposites._computeOutputPortDepth(CausalityInterfaceForComposites.java:765)
	at ptolemy.actor.util.CausalityInterfaceForComposites._computeInputDepth(CausalityInterfaceForComposites.java:696)
	at ptolemy.actor.util.CausalityInterfaceForComposites._computeActorDepth(CausalityInterfaceForComposites.java:532)
	at ptolemy.actor.util.CausalityInterfaceForComposites.checkForCycles(CausalityInterfaceForComposites.java:96)
	at ptolemy.domains.de.kernel.DEDirector.preinitialize(DEDirector.java:1338)
	at ptolemy.actor.CompositeActor.preinitialize(CompositeActor.java:1828)
	at ptolemy.actor.Manager.preinitializeAndResolveTypes(Manager.java:1040)
	at ptolemy.actor.Manager.initialize(Manager.java:710)
	at ptolemy.actor.Manager.execute(Manager.java:356)
	at ptolemy.actor.Manager.run(Manager.java:1263)
	at ptolemy.actor.Manager$PtolemyRunThread.run(Manager.java:1915)
java.lang.RuntimeException: Execution failed
	at ptolemy.moml.MoMLSimpleApplication$UnloadThread.run(MoMLSimpleApplication.java:402)
Caused by: ptolemy.kernel.util.IllegalActionException: Found a zero delay loop containing .dependencyLoop2.original
  in .dependencyLoop2 and .dependencyLoop2.original
	at ptolemy.actor.util.CausalityInterfaceForComposites._computeOutputPortDepth(CausalityInterfaceForComposites.java:759)
	at ptolemy.actor.util.CausalityInterfaceForComposites._computeInputDepth(CausalityInterfaceForComposites.java:696)
	at ptolemy.actor.util.CausalityInterfaceForComposites._computeOutputPortDepth(CausalityInterfaceForComposites.java:765)
	at ptolemy.actor.util.CausalityInterfaceForComposites._computeInputDepth(CausalityInterfaceForComposites.java:696)
	at ptolemy.actor.util.CausalityInterfaceForComposites._computeOutputPortDepth(CausalityInterfaceForComposites.java:765)
	at ptolemy.actor.util.CausalityInterfaceForComposites._computeInputDepth(CausalityInterfaceForComposites.java:696)
	at ptolemy.actor.util.CausalityInterfaceForComposites._computeActorDepth(CausalityInterfaceForComposites.java:532)
	at ptolemy.actor.util.CausalityInterfaceForComposites.checkForCycles(CausalityInterfaceForComposites.java:96)
	at ptolemy.domains.de.kernel.DEDirector.preinitialize(DEDirector.java:1338)
	at ptolemy.actor.CompositeActor.preinitialize(CompositeActor.java:1828)
	at ptolemy.actor.Manager.preinitializeAndResolveTypes(Manager.java:1040)
	at ptolemy.actor.Manager.initialize(Manager.java:710)
	at ptolemy.actor.Manager.execute(Manager.java:356)
	at ptolemy.actor.Manager.run(Manager.java:1263)
	at ptolemy.actor.Manager$PtolemyRunThread.run(Manager.java:1915)
java.lang.RuntimeException: Execution failed
	at ptolemy.moml.MoMLSimpleApplication$UnloadThread.run(MoMLSimpleApplication.java:402)
Caused by: ptolemy.kernel.util.IllegalActionException: Found a zero delay loop containing .dependencyLoop.original
  in .dependencyLoop and .dependencyLoop.original
	at ptolemy.actor.util.CausalityInterfaceForComposites._computeOutputPortDepth(CausalityInterfaceForComposites.java:759)
	at ptolemy.actor.util.CausalityInterfaceForComposites._computeInputDepth(CausalityInterfaceForComposites.java:696)
	at ptolemy.actor.util.CausalityInterfaceForComposites._computeOutputPortDepth(CausalityInterfaceForComposites.java:765)
	at ptolemy.actor.util.CausalityInterfaceForComposites._computeInputDepth(CausalityInterfaceForComposites.java:696)
	at ptolemy.actor.util.CausalityInterfaceForComposites._computeOutputPortDepth(CausalityInterfaceForComposites.java:765)
	at ptolemy.actor.util.CausalityInterfaceForComposites._computeInputDepth(CausalityInterfaceForComposites.java:696)
	at ptolemy.actor.util.CausalityInterfaceForComposites._computeActorDepth(CausalityInterfaceForComposites.java:532)
	at ptolemy.actor.util.CausalityInterfaceForComposites.checkForCycles(CausalityInterfaceForComposites.java:96)
	at ptolemy.domains.de.kernel.DEDirector.preinitialize(DEDirector.java:1338)
	at ptolemy.actor.CompositeActor.preinitialize(CompositeActor.java:1828)
	at ptolemy.actor.Manager.preinitializeAndResolveTypes(Manager.java:1040)
	at ptolemy.actor.Manager.initialize(Manager.java:710)
	at ptolemy.actor.Manager.execute(Manager.java:356)
	at ptolemy.actor.Manager.run(Manager.java:1263)
	at ptolemy.actor.Manager$PtolemyRunThread.run(Manager.java:1915)
java.lang.RuntimeException: Execution failed
	at ptolemy.moml.MoMLSimpleApplication$UnloadThread.run(MoMLSimpleApplication.java:402)
Caused by: ptolemy.kernel.util.IllegalActionException: Actor is not ready to fire.  Perhaps UpSample.prefire() returned false? Try debugging the actor by selecting "Listen to Actor".  Also, for SDF check moml for tokenConsumptionRate on input.
  in .DESDFClockTest.Play Bell.Copy1:SDF Director and .DESDFClockTest.Play Bell.UpSample
	at ptolemy.actor.sched.StaticSchedulingDirector.fire(StaticSchedulingDirector.java:227)
	at ptolemy.domains.sdf.kernel.SDFDirector.fire(SDFDirector.java:500)
	at ptolemy.actor.CompositeActor.fire(CompositeActor.java:455)
	at ptolemy.domains.de.kernel.DEDirector._fire(DEDirector.java:1949)
	at ptolemy.domains.de.kernel.DEDirector.fire(DEDirector.java:502)
	at ptolemy.actor.CompositeActor.fire(CompositeActor.java:455)
	at ptolemy.actor.Manager.iterate(Manager.java:851)
	at ptolemy.actor.Manager.execute(Manager.java:369)
	at ptolemy.actor.Manager.run(Manager.java:1263)
	at ptolemy.actor.Manager$PtolemyRunThread.run(Manager.java:1915)
java.lang.RuntimeException: Execution failed
	at ptolemy.moml.MoMLSimpleApplication$UnloadThread.run(MoMLSimpleApplication.java:402)
Caused by: ptolemy.kernel.util.IllegalActionException: Found a zero delay loop containing .dependencyLoop2.original
  in .dependencyLoop2 and .dependencyLoop2.original
	at ptolemy.actor.util.CausalityInterfaceForComposites._computeOutputPortDepth(CausalityInterfaceForComposites.java:759)
	at ptolemy.actor.util.CausalityInterfaceForComposites._computeInputDepth(CausalityInterfaceForComposites.java:696)
	at ptolemy.actor.util.CausalityInterfaceForComposites._computeOutputPortDepth(CausalityInterfaceForComposites.java:765)
	at ptolemy.actor.util.CausalityInterfaceForComposites._computeInputDepth(CausalityInterfaceForComposites.java:696)
	at ptolemy.actor.util.CausalityInterfaceForComposites._computeOutputPortDepth(CausalityInterfaceForComposites.java:765)
	at ptolemy.actor.util.CausalityInterfaceForComposites._computeInputDepth(CausalityInterfaceForComposites.java:696)
	at ptolemy.actor.util.CausalityInterfaceForComposites._computeActorDepth(CausalityInterfaceForComposites.java:532)
	at ptolemy.actor.util.CausalityInterfaceForComposites.checkForCycles(CausalityInterfaceForComposites.java:96)
	at ptolemy.domains.de.kernel.DEDirector.preinitialize(DEDirector.java:1338)
	at ptolemy.actor.CompositeActor.preinitialize(CompositeActor.java:1828)
	at ptolemy.actor.Manager.preinitializeAndResolveTypes(Manager.java:1040)
	at ptolemy.actor.Manager.initialize(Manager.java:710)
	at ptolemy.actor.Manager.execute(Manager.java:356)
	at ptolemy.actor.Manager.run(Manager.java:1263)
	at ptolemy.actor.Manager$PtolemyRunThread.run(Manager.java:1915)
java.lang.RuntimeException: Execution failed
	at ptolemy.moml.MoMLSimpleApplication$UnloadThread.run(MoMLSimpleApplication.java:402)
Caused by: ptolemy.kernel.util.IllegalActionException: Found a zero delay loop containing .HierarchicalModel.A
  in .HierarchicalModel and .HierarchicalModel.A
	at ptolemy.actor.util.CausalityInterfaceForComposites._computeOutputPortDepth(CausalityInterfaceForComposites.java:759)
	at ptolemy.actor.util.CausalityInterfaceForComposites._computeInputDepth(CausalityInterfaceForComposites.java:696)
	at ptolemy.actor.util.CausalityInterfaceForComposites._computeOutputPortDepth(CausalityInterfaceForComposites.java:765)
	at ptolemy.actor.util.CausalityInterfaceForComposites._computeInputDepth(CausalityInterfaceForComposites.java:696)
	at ptolemy.actor.util.CausalityInterfaceForComposites._computeOutputPortDepth(CausalityInterfaceForComposites.java:765)
	at ptolemy.actor.util.CausalityInterfaceForComposites._computeInputDepth(CausalityInterfaceForComposites.java:696)
	at ptolemy.actor.util.CausalityInterfaceForComposites._computeActorDepth(CausalityInterfaceForComposites.java:532)
	at ptolemy.actor.util.CausalityInterfaceForComposites.checkForCycles(CausalityInterfaceForComposites.java:96)
	at ptolemy.domains.de.kernel.DEDirector.preinitialize(DEDirector.java:1338)
	at ptolemy.actor.CompositeActor.preinitialize(CompositeActor.java:1828)
	at ptolemy.actor.Manager.preinitializeAndResolveTypes(Manager.java:1040)
	at ptolemy.actor.Manager.initialize(Manager.java:710)
	at ptolemy.actor.Manager.execute(Manager.java:356)
	at ptolemy.actor.Manager.run(Manager.java:1263)
	at ptolemy.actor.Manager$PtolemyRunThread.run(Manager.java:1915)
java.lang.RuntimeException: Execution failed
	at ptolemy.moml.MoMLSimpleApplication$UnloadThread.run(MoMLSimpleApplication.java:402)
Caused by: ptolemy.kernel.util.IllegalActionException: Test fails in iteration 1.
Value was: 1.0. Should have been: 2.0
  in .DirectFeedback.Test
	at ptolemy.actor.lib.Test.fire(Test.java:268)
	at ptolemy.domains.de.kernel.DEDirector._fire(DEDirector.java:1949)
	at ptolemy.domains.de.kernel.DEDirector.fire(DEDirector.java:502)
	at ptolemy.actor.CompositeActor.fire(CompositeActor.java:455)
	at ptolemy.actor.Manager.iterate(Manager.java:851)
	at ptolemy.actor.Manager.execute(Manager.java:369)
	at ptolemy.actor.Manager.run(Manager.java:1263)
	at ptolemy.actor.Manager$PtolemyRunThread.run(Manager.java:1915)
java.lang.RuntimeException: Execution failed
	at ptolemy.moml.MoMLSimpleApplication$UnloadThread.run(MoMLSimpleApplication.java:402)
Caused by: ptolemy.kernel.util.IllegalActionException: Actor is not ready to fire.  Perhaps UpSample.prefire() returned false? Try debugging the actor by selecting "Listen to Actor".  Also, for SDF check moml for tokenConsumptionRate on input.
  in .DESDFClockTest.Play Bell.Copy1:SDF Director and .DESDFClockTest.Play Bell.UpSample
	at ptolemy.actor.sched.StaticSchedulingDirector.fire(StaticSchedulingDirector.java:227)
	at ptolemy.domains.sdf.kernel.SDFDirector.fire(SDFDirector.java:500)
	at ptolemy.actor.CompositeActor.fire(CompositeActor.java:455)
	at ptolemy.domains.de.kernel.DEDirector._fire(DEDirector.java:1949)
	at ptolemy.domains.de.kernel.DEDirector.fire(DEDirector.java:502)
	at ptolemy.actor.CompositeActor.fire(CompositeActor.java:455)
	at ptolemy.actor.Manager.iterate(Manager.java:851)
	at ptolemy.actor.Manager.execute(Manager.java:369)
	at ptolemy.actor.Manager.run(Manager.java:1263)
	at ptolemy.actor.Manager$PtolemyRunThread.run(Manager.java:1915)
java.lang.reflect.InvocationTargetException
	at sun.reflect.NativeConstructorAccessorImpl.newInstance0(Native Method)
	at sun.reflect.NativeConstructorAccessorImpl.newInstance(NativeConstructorAccessorImpl.java:62)
	at sun.reflect.DelegatingConstructorAccessorImpl.newInstance(DelegatingConstructorAccessorImpl.java:45)
	at java.lang.reflect.Constructor.newInstance(Constructor.java:423)
	at ptolemy.util.test.junit.AutoKnownFailedTests.RunModel(AutoKnownFailedTests.java:105)
	at sun.reflect.NativeMethodAccessorImpl.invoke0(Native Method)
	at sun.reflect.NativeMethodAccessorImpl.invoke(NativeMethodAccessorImpl.java:62)
	at sun.reflect.DelegatingMethodAccessorImpl.invoke(DelegatingMethodAccessorImpl.java:43)
	at java.lang.reflect.Method.invoke(Method.java:498)
	at org.junit.runners.model.FrameworkMethod$1.runReflectiveCall(FrameworkMethod.java:44)
	at org.junit.internal.runners.model.ReflectiveCallable.run(ReflectiveCallable.java:15)
	at org.junit.runners.model.FrameworkMethod.invokeExplosively(FrameworkMethod.java:41)
	at junitparams.internal.InvokeParameterisedMethod.evaluate(InvokeParameterisedMethod.java:102)
	at org.junit.internal.runners.statements.FailOnTimeout$1.run(FailOnTimeout.java:28)
Caused by: ptolemy.kernel.util.IllegalActionException: Actor is not ready to fire.  Perhaps UpSample.prefire() returned false? Try debugging the actor by selecting "Listen to Actor".  Also, for SDF check moml for tokenConsumptionRate on input.
  in .DESDFClockTest.Play Bell.Copy1:SDF Director and .DESDFClockTest.Play Bell.UpSample
	at ptolemy.actor.sched.StaticSchedulingDirector.fire(StaticSchedulingDirector.java:227)
	at ptolemy.domains.sdf.kernel.SDFDirector.fire(SDFDirector.java:500)
	at ptolemy.actor.CompositeActor.fire(CompositeActor.java:455)
	at ptolemy.domains.de.kernel.DEDirector._fire(DEDirector.java:1949)
	at ptolemy.domains.de.kernel.DEDirector.fire(DEDirector.java:502)
	at ptolemy.actor.CompositeActor.fire(CompositeActor.java:455)
	at ptolemy.actor.Manager.iterate(Manager.java:851)
	at ptolemy.actor.Manager.execute(Manager.java:369)
	at ptolemy.actor.Manager.run(Manager.java:1263)
	at ptolemy.actor.Manager$PtolemyRunThread.run(Manager.java:1915)
java.lang.RuntimeException: Execution failed
	at ptolemy.moml.MoMLSimpleApplication$UnloadThread.run(MoMLSimpleApplication.java:402)
Caused by: ptolemy.kernel.util.IllegalActionException: Test fails in iteration 1.
Value was: 1.0. Should have been: 2.0
  in .DirectFeedback.Test
	at ptolemy.actor.lib.Test.fire(Test.java:268)
	at ptolemy.domains.de.kernel.DEDirector._fire(DEDirector.java:1949)
	at ptolemy.domains.de.kernel.DEDirector.fire(DEDirector.java:502)
	at ptolemy.actor.CompositeActor.fire(CompositeActor.java:455)
	at ptolemy.actor.Manager.iterate(Manager.java:851)
	at ptolemy.actor.Manager.execute(Manager.java:369)
	at ptolemy.actor.Manager.run(Manager.java:1263)
	at ptolemy.actor.Manager$PtolemyRunThread.run(Manager.java:1915)
java.lang.reflect.InvocationTargetException
	at sun.reflect.NativeConstructorAccessorImpl.newInstance0(Native Method)
	at sun.reflect.NativeConstructorAccessorImpl.newInstance(NativeConstructorAccessorImpl.java:62)
	at sun.reflect.DelegatingConstructorAccessorImpl.newInstance(DelegatingConstructorAccessorImpl.java:45)
	at java.lang.reflect.Constructor.newInstance(Constructor.java:423)
	at ptolemy.util.test.junit.AutoKnownFailedTests.RunModel(AutoKnownFailedTests.java:105)
	at sun.reflect.NativeMethodAccessorImpl.invoke0(Native Method)
	at sun.reflect.NativeMethodAccessorImpl.invoke(NativeMethodAccessorImpl.java:62)
	at sun.reflect.DelegatingMethodAccessorImpl.invoke(DelegatingMethodAccessorImpl.java:43)
	at java.lang.reflect.Method.invoke(Method.java:498)
	at org.junit.runners.model.FrameworkMethod$1.runReflectiveCall(FrameworkMethod.java:44)
	at org.junit.internal.runners.model.ReflectiveCallable.run(ReflectiveCallable.java:15)
	at org.junit.runners.model.FrameworkMethod.invokeExplosively(FrameworkMethod.java:41)
	at junitparams.internal.InvokeParameterisedMethod.evaluate(InvokeParameterisedMethod.java:102)
	at org.junit.internal.runners.statements.FailOnTimeout$1.run(FailOnTimeout.java:28)
Caused by: ptolemy.kernel.util.IllegalActionException: Test fails in iteration 1.
Value was: 1.0. Should have been: 2.0
  in .DirectFeedback.Test
	at ptolemy.actor.lib.Test.fire(Test.java:268)
	at ptolemy.domains.de.kernel.DEDirector._fire(DEDirector.java:1949)
	at ptolemy.domains.de.kernel.DEDirector.fire(DEDirector.java:502)
	at ptolemy.actor.CompositeActor.fire(CompositeActor.java:455)
	at ptolemy.actor.Manager.iterate(Manager.java:851)
	at ptolemy.actor.Manager.execute(Manager.java:369)
	at ptolemy.actor.Manager.run(Manager.java:1263)
	at ptolemy.actor.Manager$PtolemyRunThread.run(Manager.java:1915)
java.lang.RuntimeException: Execution failed
	at ptolemy.moml.MoMLSimpleApplication$UnloadThread.run(MoMLSimpleApplication.java:402)
Caused by: ptolemy.kernel.util.IllegalActionException: Found a zero delay loop containing .HierarchicalModel.A
  in .HierarchicalModel and .HierarchicalModel.A
	at ptolemy.actor.util.CausalityInterfaceForComposites._computeOutputPortDepth(CausalityInterfaceForComposites.java:759)
	at ptolemy.actor.util.CausalityInterfaceForComposites._computeInputDepth(CausalityInterfaceForComposites.java:696)
	at ptolemy.actor.util.CausalityInterfaceForComposites._computeOutputPortDepth(CausalityInterfaceForComposites.java:765)
	at ptolemy.actor.util.CausalityInterfaceForComposites._computeInputDepth(CausalityInterfaceForComposites.java:696)
	at ptolemy.actor.util.CausalityInterfaceForComposites._computeOutputPortDepth(CausalityInterfaceForComposites.java:765)
	at ptolemy.actor.util.CausalityInterfaceForComposites._computeInputDepth(CausalityInterfaceForComposites.java:696)
	at ptolemy.actor.util.CausalityInterfaceForComposites._computeActorDepth(CausalityInterfaceForComposites.java:532)
	at ptolemy.actor.util.CausalityInterfaceForComposites.checkForCycles(CausalityInterfaceForComposites.java:96)
	at ptolemy.domains.de.kernel.DEDirector.preinitialize(DEDirector.java:1338)
	at ptolemy.actor.CompositeActor.preinitialize(CompositeActor.java:1828)
	at ptolemy.actor.Manager.preinitializeAndResolveTypes(Manager.java:1040)
	at ptolemy.actor.Manager.initialize(Manager.java:710)
	at ptolemy.actor.Manager.execute(Manager.java:356)
	at ptolemy.actor.Manager.run(Manager.java:1263)
	at ptolemy.actor.Manager$PtolemyRunThread.run(Manager.java:1915)
java.lang.reflect.InvocationTargetException
	at sun.reflect.NativeConstructorAccessorImpl.newInstance0(Native Method)
	at sun.reflect.NativeConstructorAccessorImpl.newInstance(NativeConstructorAccessorImpl.java:62)
	at sun.reflect.DelegatingConstructorAccessorImpl.newInstance(DelegatingConstructorAccessorImpl.java:45)
	at java.lang.reflect.Constructor.newInstance(Constructor.java:423)
	at ptolemy.util.test.junit.AutoKnownFailedTests.RunModel(AutoKnownFailedTests.java:105)
	at sun.reflect.NativeMethodAccessorImpl.invoke0(Native Method)
	at sun.reflect.NativeMethodAccessorImpl.invoke(NativeMethodAccessorImpl.java:62)
	at sun.reflect.DelegatingMethodAccessorImpl.invoke(DelegatingMethodAccessorImpl.java:43)
	at java.lang.reflect.Method.invoke(Method.java:498)
	at org.junit.runners.model.FrameworkMethod$1.runReflectiveCall(FrameworkMethod.java:44)
	at org.junit.internal.runners.model.ReflectiveCallable.run(ReflectiveCallable.java:15)
	at org.junit.runners.model.FrameworkMethod.invokeExplosively(FrameworkMethod.java:41)
	at junitparams.internal.InvokeParameterisedMethod.evaluate(InvokeParameterisedMethod.java:102)
	at org.junit.internal.runners.statements.FailOnTimeout$1.run(FailOnTimeout.java:28)
Caused by: ptolemy.kernel.util.IllegalActionException: Found a zero delay loop containing .HierarchicalModel.A
  in .HierarchicalModel and .HierarchicalModel.A
	at ptolemy.actor.util.CausalityInterfaceForComposites._computeOutputPortDepth(CausalityInterfaceForComposites.java:759)
	at ptolemy.actor.util.CausalityInterfaceForComposites._computeInputDepth(CausalityInterfaceForComposites.java:696)
	at ptolemy.actor.util.CausalityInterfaceForComposites._computeOutputPortDepth(CausalityInterfaceForComposites.java:765)
	at ptolemy.actor.util.CausalityInterfaceForComposites._computeInputDepth(CausalityInterfaceForComposites.java:696)
	at ptolemy.actor.util.CausalityInterfaceForComposites._computeOutputPortDepth(CausalityInterfaceForComposites.java:765)
	at ptolemy.actor.util.CausalityInterfaceForComposites._computeInputDepth(CausalityInterfaceForComposites.java:696)
	at ptolemy.actor.util.CausalityInterfaceForComposites._computeActorDepth(CausalityInterfaceForComposites.java:532)
	at ptolemy.actor.util.CausalityInterfaceForComposites.checkForCycles(CausalityInterfaceForComposites.java:96)
	at ptolemy.domains.de.kernel.DEDirector.preinitialize(DEDirector.java:1338)
	at ptolemy.actor.CompositeActor.preinitialize(CompositeActor.java:1828)
	at ptolemy.actor.Manager.preinitializeAndResolveTypes(Manager.java:1040)
	at ptolemy.actor.Manager.initialize(Manager.java:710)
	at ptolemy.actor.Manager.execute(Manager.java:356)
	at ptolemy.actor.Manager.run(Manager.java:1263)
	at ptolemy.actor.Manager$PtolemyRunThread.run(Manager.java:1915)
java.lang.RuntimeException: Execution failed
	at ptolemy.moml.MoMLSimpleApplication$UnloadThread.run(MoMLSimpleApplication.java:402)
Caused by: ptolemy.kernel.util.IllegalActionException: Found a zero delay loop containing .dependencyLoop.original
  in .dependencyLoop and .dependencyLoop.original
	at ptolemy.actor.util.CausalityInterfaceForComposites._computeOutputPortDepth(CausalityInterfaceForComposites.java:759)
	at ptolemy.actor.util.CausalityInterfaceForComposites._computeInputDepth(CausalityInterfaceForComposites.java:696)
	at ptolemy.actor.util.CausalityInterfaceForComposites._computeOutputPortDepth(CausalityInterfaceForComposites.java:765)
	at ptolemy.actor.util.CausalityInterfaceForComposites._computeInputDepth(CausalityInterfaceForComposites.java:696)
	at ptolemy.actor.util.CausalityInterfaceForComposites._computeOutputPortDepth(CausalityInterfaceForComposites.java:765)
	at ptolemy.actor.util.CausalityInterfaceForComposites._computeInputDepth(CausalityInterfaceForComposites.java:696)
	at ptolemy.actor.util.CausalityInterfaceForComposites._computeActorDepth(CausalityInterfaceForComposites.java:532)
	at ptolemy.actor.util.CausalityInterfaceForComposites.checkForCycles(CausalityInterfaceForComposites.java:96)
	at ptolemy.domains.de.kernel.DEDirector.preinitialize(DEDirector.java:1338)
	at ptolemy.actor.CompositeActor.preinitialize(CompositeActor.java:1828)
	at ptolemy.actor.Manager.preinitializeAndResolveTypes(Manager.java:1040)
	at ptolemy.actor.Manager.initialize(Manager.java:710)
	at ptolemy.actor.Manager.execute(Manager.java:356)
	at ptolemy.actor.Manager.run(Manager.java:1263)
	at ptolemy.actor.Manager$PtolemyRunThread.run(Manager.java:1915)
java.lang.reflect.InvocationTargetException
	at sun.reflect.NativeConstructorAccessorImpl.newInstance0(Native Method)
	at sun.reflect.NativeConstructorAccessorImpl.newInstance(NativeConstructorAccessorImpl.java:62)
	at sun.reflect.DelegatingConstructorAccessorImpl.newInstance(DelegatingConstructorAccessorImpl.java:45)
	at java.lang.reflect.Constructor.newInstance(Constructor.java:423)
	at ptolemy.util.test.junit.AutoKnownFailedTests.RunModel(AutoKnownFailedTests.java:105)
	at sun.reflect.NativeMethodAccessorImpl.invoke0(Native Method)
	at sun.reflect.NativeMethodAccessorImpl.invoke(NativeMethodAccessorImpl.java:62)
	at sun.reflect.DelegatingMethodAccessorImpl.invoke(DelegatingMethodAccessorImpl.java:43)
	at java.lang.reflect.Method.invoke(Method.java:498)
	at org.junit.runners.model.FrameworkMethod$1.runReflectiveCall(FrameworkMethod.java:44)
	at org.junit.internal.runners.model.ReflectiveCallable.run(ReflectiveCallable.java:15)
	at org.junit.runners.model.FrameworkMethod.invokeExplosively(FrameworkMethod.java:41)
	at junitparams.internal.InvokeParameterisedMethod.evaluate(InvokeParameterisedMethod.java:102)
	at org.junit.internal.runners.statements.FailOnTimeout$1.run(FailOnTimeout.java:28)
Caused by: ptolemy.kernel.util.IllegalActionException: Found a zero delay loop containing .dependencyLoop.original
  in .dependencyLoop and .dependencyLoop.original
	at ptolemy.actor.util.CausalityInterfaceForComposites._computeOutputPortDepth(CausalityInterfaceForComposites.java:759)
	at ptolemy.actor.util.CausalityInterfaceForComposites._computeInputDepth(CausalityInterfaceForComposites.java:696)
	at ptolemy.actor.util.CausalityInterfaceForComposites._computeOutputPortDepth(CausalityInterfaceForComposites.java:765)
	at ptolemy.actor.util.CausalityInterfaceForComposites._computeInputDepth(CausalityInterfaceForComposites.java:696)
	at ptolemy.actor.util.CausalityInterfaceForComposites._computeOutputPortDepth(CausalityInterfaceForComposites.java:765)
	at ptolemy.actor.util.CausalityInterfaceForComposites._computeInputDepth(CausalityInterfaceForComposites.java:696)
	at ptolemy.actor.util.CausalityInterfaceForComposites._computeActorDepth(CausalityInterfaceForComposites.java:532)
	at ptolemy.actor.util.CausalityInterfaceForComposites.checkForCycles(CausalityInterfaceForComposites.java:96)
	at ptolemy.domains.de.kernel.DEDirector.preinitialize(DEDirector.java:1338)
	at ptolemy.actor.CompositeActor.preinitialize(CompositeActor.java:1828)
	at ptolemy.actor.Manager.preinitializeAndResolveTypes(Manager.java:1040)
	at ptolemy.actor.Manager.initialize(Manager.java:710)
	at ptolemy.actor.Manager.execute(Manager.java:356)
	at ptolemy.actor.Manager.run(Manager.java:1263)
	at ptolemy.actor.Manager$PtolemyRunThread.run(Manager.java:1915)
java.lang.RuntimeException: Execution failed
	at ptolemy.moml.MoMLSimpleApplication$UnloadThread.run(MoMLSimpleApplication.java:402)
Caused by: ptolemy.kernel.util.IllegalActionException: Found a zero delay loop containing .dependencyLoop2.original
  in .dependencyLoop2 and .dependencyLoop2.original
	at ptolemy.actor.util.CausalityInterfaceForComposites._computeOutputPortDepth(CausalityInterfaceForComposites.java:759)
	at ptolemy.actor.util.CausalityInterfaceForComposites._computeInputDepth(CausalityInterfaceForComposites.java:696)
	at ptolemy.actor.util.CausalityInterfaceForComposites._computeOutputPortDepth(CausalityInterfaceForComposites.java:765)
	at ptolemy.actor.util.CausalityInterfaceForComposites._computeInputDepth(CausalityInterfaceForComposites.java:696)
	at ptolemy.actor.util.CausalityInterfaceForComposites._computeOutputPortDepth(CausalityInterfaceForComposites.java:765)
	at ptolemy.actor.util.CausalityInterfaceForComposites._computeInputDepth(CausalityInterfaceForComposites.java:696)
	at ptolemy.actor.util.CausalityInterfaceForComposites._computeActorDepth(CausalityInterfaceForComposites.java:532)
	at ptolemy.actor.util.CausalityInterfaceForComposites.checkForCycles(CausalityInterfaceForComposites.java:96)
	at ptolemy.domains.de.kernel.DEDirector.preinitialize(DEDirector.java:1338)
	at ptolemy.actor.CompositeActor.preinitialize(CompositeActor.java:1828)
	at ptolemy.actor.Manager.preinitializeAndResolveTypes(Manager.java:1040)
	at ptolemy.actor.Manager.initialize(Manager.java:710)
	at ptolemy.actor.Manager.execute(Manager.java:356)
	at ptolemy.actor.Manager.run(Manager.java:1263)
	at ptolemy.actor.Manager$PtolemyRunThread.run(Manager.java:1915)
java.lang.reflect.InvocationTargetException
	at sun.reflect.NativeConstructorAccessorImpl.newInstance0(Native Method)
	at sun.reflect.NativeConstructorAccessorImpl.newInstance(NativeConstructorAccessorImpl.java:62)
	at sun.reflect.DelegatingConstructorAccessorImpl.newInstance(DelegatingConstructorAccessorImpl.java:45)
	at java.lang.reflect.Constructor.newInstance(Constructor.java:423)
	at ptolemy.util.test.junit.AutoKnownFailedTests.RunModel(AutoKnownFailedTests.java:105)
	at sun.reflect.NativeMethodAccessorImpl.invoke0(Native Method)
	at sun.reflect.NativeMethodAccessorImpl.invoke(NativeMethodAccessorImpl.java:62)
	at sun.reflect.DelegatingMethodAccessorImpl.invoke(DelegatingMethodAccessorImpl.java:43)
	at java.lang.reflect.Method.invoke(Method.java:498)
	at org.junit.runners.model.FrameworkMethod$1.runReflectiveCall(FrameworkMethod.java:44)
	at org.junit.internal.runners.model.ReflectiveCallable.run(ReflectiveCallable.java:15)
	at org.junit.runners.model.FrameworkMethod.invokeExplosively(FrameworkMethod.java:41)
	at junitparams.internal.InvokeParameterisedMethod.evaluate(InvokeParameterisedMethod.java:102)
	at org.junit.internal.runners.statements.FailOnTimeout$1.run(FailOnTimeout.java:28)
Caused by: ptolemy.kernel.util.IllegalActionException: Found a zero delay loop containing .dependencyLoop2.original
  in .dependencyLoop2 and .dependencyLoop2.original
	at ptolemy.actor.util.CausalityInterfaceForComposites._computeOutputPortDepth(CausalityInterfaceForComposites.java:759)
	at ptolemy.actor.util.CausalityInterfaceForComposites._computeInputDepth(CausalityInterfaceForComposites.java:696)
	at ptolemy.actor.util.CausalityInterfaceForComposites._computeOutputPortDepth(CausalityInterfaceForComposites.java:765)
	at ptolemy.actor.util.CausalityInterfaceForComposites._computeInputDepth(CausalityInterfaceForComposites.java:696)
	at ptolemy.actor.util.CausalityInterfaceForComposites._computeOutputPortDepth(CausalityInterfaceForComposites.java:765)
	at ptolemy.actor.util.CausalityInterfaceForComposites._computeInputDepth(CausalityInterfaceForComposites.java:696)
	at ptolemy.actor.util.CausalityInterfaceForComposites._computeActorDepth(CausalityInterfaceForComposites.java:532)
	at ptolemy.actor.util.CausalityInterfaceForComposites.checkForCycles(CausalityInterfaceForComposites.java:96)
	at ptolemy.domains.de.kernel.DEDirector.preinitialize(DEDirector.java:1338)
	at ptolemy.actor.CompositeActor.preinitialize(CompositeActor.java:1828)
	at ptolemy.actor.Manager.preinitializeAndResolveTypes(Manager.java:1040)
	at ptolemy.actor.Manager.initialize(Manager.java:710)
	at ptolemy.actor.Manager.execute(Manager.java:356)
	at ptolemy.actor.Manager.run(Manager.java:1263)
	at ptolemy.actor.Manager$PtolemyRunThread.run(Manager.java:1915)
]]></system-err>
</testsuite>
