<?xml version="1.0" encoding="UTF-8" ?>
<testsuite errors="1" failures="1" hostname="travis-job-f65f329f-e1d3-428f-aef5-df3b0b23c068" name="ptolemy.actor.lib.test.junit.JUnitTclTest" skipped="0" tests="517" time="61.578" timestamp="2019-10-11T05:59:17">
  <properties>
    <property name="npm.executable" value="npm" />
    <property name="env.TRAVIS_ROOT" value="/" />
    <property name="ptII.mk.exists" value="true" />
    <property name="env.TRAVIS_APP_HOST" value="build.travis-ci.org" />
    <property name="env.rvm_bin_path" value="/home/travis/.rvm/bin" />
    <property name="java.home" value="/usr/local/lib/jvm/openjdk11" />
    <property name="env.TRAVIS_JOB_NUMBER" value="1360.8" />
    <property name="env.TRAVIS_HOME" value="/home/travis" />
    <property name="env.DISPLAY" value=":99.0" />
    <property name="env.TRAVIS_INIT" value="systemd" />
    <property name="env.SSH_TTY" value="/dev/pts/0" />
    <property name="java.net.preferIPv4Stack" value="true" />
    <property name="env.RUN_TESTS" value="true" />
    <property name="timeout.short" value="1000000" />
    <property name="junit.formatter" value="xml" />
    <property name="env.TRAVIS_SUDO" value="true" />
    <property name="env.TRAVIS_JOB_NAME" value="" />
    <property name="env.TRAVIS_STACK_NODE_ATTRIBUTES" value="/.node-attributes.yml" />
    <property name="env.LOGNAME" value="travis" />
    <property name="env.PT_TRAVIS_TEST_CORE1_XML" value="true" />
    <property name="jsdoc.home" value="node_modules/@terraswarm/jsdoc" />
    <property name="debuglevel" value="source,lines,vars" />
    <property name="checkstyle.formatter" value="xml" />
    <property name="env._system_version" value="16.04" />
    <property name="bin.vergil.makeable" value="true" />
    <property name="sun.os.patch.level" value="unknown" />
    <property name="java.vendor.url" value="http://java.oracle.com/" />
    <property name="env.TRAVIS_BUILD_WEB_URL" value="https://travis-ci.org/icyphy/ptII/builds/596439203" />
    <property name="java.version" value="11.0.2" />
    <property name="env.TZ" value="UTC" />
    <property name="env.TRAVIS_PULL_REQUEST_SHA" value="" />
    <property name="env.PT_NO_NET" value="true" />
    <property name="env.TRAVIS_SECURE_ENV_VARS" value="true" />
    <property name="env._system_type" value="Linux" />
    <property name="java.vendor.url.bug" value="http://bugreport.java.com/bugreport/" />
    <property name="npmjs-org-is-up" value="true" />
    <property name="env.LANGUAGE" value="en_US.UTF-8" />
    <property name="env.SSH_CLIENT" value="10.16.5.2 58934 22" />
    <property name="env.GEM_HOME" value="/home/travis/.rvm/gems/ruby-2.5.3" />
    <property name="env.HAS_ANTARES_THREE_LITTLE_FRONZIES_BADGE" value="true" />
    <property name="java.version.date" value="2019-01-15" />
    <property name="env.PS4" value="+" />
    <property name="ant.project.invoked-targets" value="build,test.core1.xml" />
    <property name="env.TRAVIS_PULL_REQUEST_BRANCH" value="" />
    <property name="env.TRAVIS_REPO_SLUG" value="icyphy/ptII" />
    <property name="env.XDG_DATA_DIRS" value="/usr/local/share:/usr/share:/var/lib/snapd/desktop" />
    <property name="jdk.debug" value="release" />
    <property name="env.TRAVIS_APT_PROXY" value="http://apt.cache.travis-ci.com" />
    <property name="node.in.path" value="true" />
    <property name="user.name" value="travis" />
    <property name="java.maxmemory" value="1400m" />
    <property name="env.RUBY_VERSION" value="ruby-2.5.3" />
    <property name="env.LANG" value="en_US.UTF-8" />
    <property name="sun.io.unicode.encoding" value="UnicodeLittle" />
    <property name="sun.jnu.encoding" value="UTF-8" />
    <property name="java.runtime.name" value="OpenJDK Runtime Environment" />
    <property name="usefile" value="false" />
    <property name="return.code" value="0" />
    <property name="junit.single.formatter" value="plain" />
    <property name="env.DYLD_LIBRARY_PATH" value="/home/travis/pthla/certi-tools/lib:" />
    <property name="env.DEBIAN_FRONTEND" value="noninteractive" />
    <property name="env.SSH_CONNECTION" value="10.16.5.2 58934 10.20.0.131 22" />
    <property name="env.MYSQL_UNIX_PORT" value="/var/run/mysqld/mysqld.sock" />
    <property name="env.LC_ALL" value="en_US.UTF-8" />
    <property name="env.TRAVIS_ALLOW_FAILURE" value="false" />
    <property name="env.TRAVIS_JOB_WEB_URL" value="https://travis-ci.org/icyphy/ptII/jobs/596439214" />
    <property name="java.specification.name" value="Java Platform API Specification" />
    <property name="node.works" value="true" />
    <property name="user.timezone" value="" />
    <property name="path.separator" value=":" />
    <property name="env.TRAVIS_ENABLE_INFRA_DETECTION" value="true" />
    <property name="env.PYTHON_CFLAGS" value="-g -fstack-protector --param=ssp-buffer-size=4 -Wformat -Werror=format-security" />
    <property name="timeout.long" value="4000000" />
    <property name="env.CERTI_HOME" value="/home/travis/pthla/certi-tools" />
    <property name="ant.file.ptII" value="/home/travis/build/icyphy/ptII/build.xml" />
    <property name="javadoc.packagenames" value="com.*,diva.*,lbnl.*,org.hlacerti.*,org.json.*,org.ptolemy.*,org.terraswarm.*,ptolemy.*,ptserver.*" />
    <property name="file.encoding" value="UTF-8" />
    <property name="env.TRAVIS_PULL_REQUEST_SLUG" value="" />
    <property name="ant.project.default-target" value="build" />
    <property name="env.GIT_ASKPASS" value="echo" />
    <property name="env.HOME" value="/home/travis" />
    <property name="sun.java.command" value="org.apache.tools.ant.taskdefs.optional.junit.JUnitTestRunner ptolemy.actor.lib.test.junit.JUnitTclTest skipNonTests=false filtertrace=true haltOnError=false haltOnFailure=false formatter=org.apache.tools.ant.taskdefs.optional.junit.OutErrSummaryJUnitResultFormatter showoutput=true outputtoformatters=true logfailedtests=true threadid=0 logtestlistenerevents=false formatter=org.apache.tools.ant.taskdefs.optional.junit.XMLJUnitResultFormatter,/home/travis/build/icyphy/ptII/reports/junit/TEST-ptolemy.actor.lib.test.junit.JUnitTclTest.xml crashfile=/home/travis/build/icyphy/ptII/junitvmwatcher744316967345280964.properties propsfile=/home/travis/build/icyphy/ptII/junit18013301049161957306.properties" />
    <property name="env.COMPOSER_NO_INTERACTION" value="1" />
    <property name="env.MANPATH" value="/home/travis/.nvm/versions/node/v7.10.1/share/man:/home/travis/.rvm/rubies/ruby-2.5.3/share/man:/usr/local/cmake-3.12.4/man:/usr/local/clang-7.0.0/share/man:/usr/local/man:/usr/local/share/man:/usr/share/man:/home/travis/.rvm/man" />
    <property name="env.TRAVIS_TIMER_ID" value="30b18410" />
    <property name="ant.file" value="/home/travis/build/icyphy/ptII/build.xml" />
    <property name="env.TRAVIS_COMMIT_RANGE" value="88f03a27763bfaa83d68e8c126d7dc69b4b351f6...948bf656f66248ff65af09b7e6cc9885ef1f544d" />
    <property name="env._system_name" value="Ubuntu" />
    <property name="ptII.classpath.optional.property" value="/home/travis/build/icyphy/ptII/lib/bsh-2.0b4.jar:/home/travis/build/icyphy/ptII/lib/ptCal.jar:/home/travis/build/icyphy/ptII/lib/java_cup.jar:/home/travis/build/icyphy/ptII/lib/saxon8.jar:/home/travis/build/icyphy/ptII/lib/saxon8-dom.jar:/home/travis/build/icyphy/ptII/lib/chic.jar:/home/travis/build/icyphy/ptII/lib/ptcolt.jar:/home/travis/build/icyphy/ptII/vendors/misc/itext/iText.jar:/home/travis/build/icyphy/ptII/lib/g4ltl.jar:/home/travis/build/icyphy/ptII/lib/StructuralCoder.jar:/home/travis/build/icyphy/ptII/lib/jcerti.jar:/home/travis/build/icyphy/ptII/lib/javax.mail.jar:/home/travis/build/icyphy/ptII/vendors/JMF-2.1.1e/lib/jmf.jar:/home/travis/build/icyphy/ptII/lib/jna-4.0.0-variadic.jar:/home/travis/build/icyphy/ptII/vendors/misc/joystick/Joystick.jar:/home/travis/build/icyphy/ptII/lib/ptjacl.jar:/home/travis/build/icyphy/ptII/lib/jsoup-1.8.2.jar:/home/travis/build/icyphy/ptII/lib/junit-4.8.2.jar:/home/travis/build/icyphy/ptII/lib/JUnitParams-0.4.0.jar:/home/travis/build/icyphy/ptII/ptolemy/actor/lib/excel/jxl.jar:/home/travis/build/icyphy/ptII/lib/jython.jar:/home/travis/build/icyphy/ptII/lib/kieler.jar:/home/travis/build/icyphy/ptII/vendors/opencv/share/OpenCV/java/opencv-341.jar:/home/travis/build/icyphy/ptII/lib/oscP5.jar:/home/travis/build/icyphy/ptII/lib/nrjavaserial-3.11.0.devel.jar:/home/travis/build/icyphy/ptII/vendors/j3d/lib/Linux/j3dcore.jar:/home/travis/build/icyphy/ptII/vendors/j3d/lib/Linux/j3dutils.jar:/home/travis/build/icyphy/ptII/vendors/j3d/lib/Linux/vecmath.jar:/home/travis/build/icyphy/ptII/vendors/jogl/lib/Linux/gluegen-rt-natives-linux-amd64.jar:/home/travis/build/icyphy/ptII/vendors/jogl/lib/Linux/gluegen-rt.jar:/home/travis/build/icyphy/ptII/vendors/jogl/lib/Linux/jogl-all-natives-linux-amd64.jar:/home/travis/build/icyphy/ptII/vendors/jogl/lib/Linux/jogl-all.jar:/home/travis/build/icyphy/ptII/ptolemy/distributed/jini/jar/jini-core.jar:/home/travis/build/icyphy/ptII/ptolemy/distributed/jini/jar/jini-ext.jar:/home/travis/build/icyphy/ptII/ptolemy/distributed/jini/jar/sun-util.jar:/home/travis/build/icyphy/ptII/lib/protobuf-java-2.4.1.jar:/home/travis/build/icyphy/ptII/lib/org.eclipse.paho.client.mqttv3.jar:/home/travis/build/icyphy/ptII/lib/mapss.jar:/home/travis/build/icyphy/ptII/ptolemy/actor/ptalon/antlr/antlr.jar:/home/travis/build/icyphy/ptII/lib/JRI.jar:/home/travis/build/icyphy/ptII/lib/commons-lang-2.6.jar:/home/travis/build/icyphy/ptII/lib/commons-logging-1.1.1.jar:/home/travis/build/icyphy/ptII/lib/sootclasses.jar:/home/travis/build/icyphy/ptII/ptolemy/actor/lib/database/mysql-connector-java-5.1.6-bin.jar:/home/travis/build/icyphy/ptII/vendors/misc/sphinx4/sphinx4-data-5prealpha.jar:/home/travis/build/icyphy/ptII/vendors/misc/sphinx4/sphinx4-core-5prealpha.jar:/home/travis/build/icyphy/ptII/lib/PDFRenderer.jar:/home/travis/build/icyphy/ptII/lib/svgSalamander.jar:/home/travis/build/icyphy/ptII/lib/rsyntaxtextarea-2.6.0-SNAPSHOT.jar:/home/travis/build/icyphy/ptII/lib/hazelcast-3.8.2.jar:/home/travis/build/icyphy/ptII/lib/jackson-annotations-2.9.0.jar:/home/travis/build/icyphy/ptII/lib/jackson-core-2.9.3.jar:/home/travis/build/icyphy/ptII/lib/jackson-databind-2.9.3.jar:/home/travis/build/icyphy/ptII/lib/netty-buffer-4.1.19.Final.jar:/home/travis/build/icyphy/ptII/lib/netty-codec-4.1.19.Final.jar:/home/travis/build/icyphy/ptII/lib/netty-codec-dns-4.1.19.Final.jar:/home/travis/build/icyphy/ptII/lib/netty-codec-http-4.1.19.Final.jar:/home/travis/build/icyphy/ptII/lib/netty-codec-http2-4.1.19.Final.jar:/home/travis/build/icyphy/ptII/lib/netty-common-4.1.19.Final.jar:/home/travis/build/icyphy/ptII/lib/netty-handler-4.1.19.Final.jar:/home/travis/build/icyphy/ptII/lib/netty-resolver-4.1.19.Final.jar:/home/travis/build/icyphy/ptII/lib/netty-resolver-dns-4.1.19.Final.jar:/home/travis/build/icyphy/ptII/lib/netty-transport-4.1.19.Final.jar:/home/travis/build/icyphy/ptII/lib/vertx-codegen-3.5.1.jar:/home/travis/build/icyphy/ptII/lib/vertx-core-3.5.2-SNAPSHOT.jar:/home/travis/build/icyphy/ptII/lib/vertx-hazelcast-3.5.1.jar:/home/travis/build/icyphy/ptII/lib/vertx-lang-js-3.5.1.jar:/home/travis/build/icyphy/ptII/lib/vertx-service-proxy-3.5.1.jar:/home/travis/build/icyphy/ptII/lib/vertx-web-3.5.1.jar:/home/travis/build/icyphy/ptII/lib/slf4j-api-1.7.13.jar:/home/travis/build/icyphy/ptII/lib/slf4j-simple-1.7.13.jar:/home/travis/build/icyphy/ptII/lib/webcam-capture-0.3.12.jar:/home/travis/build/icyphy/ptII/lib/bridj-0.7.0.jar:/home/travis/build/icyphy/ptII/lib/xbjlib-1.1.0.nrjavaserial.jar" />
    <property name="timeout" value="2400000" />
    <property name="test.batch" value="**/junit/*.java" />
    <property name="env._" value="/usr/bin/timeout" />
    <property name="java.io.tmpdir" value="/tmp" />
    <property name="user.language" value="en" />
    <property name="env.TRAVIS_INTERNAL_RUBY_REGEX" value="^ruby-(2\.[0-4]\.[0-9]|1\.9\.3)" />
    <property name="env.HISTCONTROL" value="ignoredups:ignorespace" />
    <property name="env.GOROOT" value="/home/travis/.gimme/versions/go1.11.1.linux.amd64" />
    <property name="line.separator" value="&#xa;" />
    <property name="target" value="11" />
    <property name="env.TRAVIS_BUILD_DIR" value="/home/travis/build/icyphy/ptII" />
    <property name="env.ANT_OPTS" value="-Xmx2048m" />
    <property name="ant.file.type" value="file" />
    <property name="ptolemy.ptII.batchMode" value="true" />
    <property name="env.HISTSIZE" value="1000" />
    <property name="env.MERB_ENV" value="test" />
    <property name="java.vm.info" value="mixed mode" />
    <property name="source" value="11" />
    <property name="java.vm.specification.name" value="Java Virtual Machine Specification" />
    <property name="env.TRAVIS_TEST_RESULT" value="0" />
    <property name="jsdoc.command" value="node_modules/@terraswarm/jsdoc/jsdoc.js" />
    <property name="npm.works" value="true" />
    <property name="cobertura.dir" value="/home/travis/build/icyphy/ptII/vendors/cobertura-2.0.3" />
    <property name="jsdoc.command.exists" value="true" />
    <property name="env.rvm_path" value="/home/travis/.rvm" />
    <property name="env.GEM_PATH" value="/home/travis/.rvm/gems/ruby-2.5.3:/home/travis/.rvm/gems/ruby-2.5.3@global" />
    <property name="env.LC_CTYPE" value="en_US.UTF-8" />
    <property name="env.TRAVIS_CMD" value="$PTII/bin/ptIITravisBuild.sh $SECONDS" />
    <property name="java.awt.printerjob" value="sun.print.PSPrinterJob" />
    <property name="env.TRAVIS_STACK_NAME" value="sardonyx" />
    <property name="env.TRAVIS_TIMER_START_TIME" value="1570772873954326502" />
    <property name="ant.version" value="Apache Ant(TM) version 1.10.1 compiled on February 2 2017" />
    <property name="ptII.reports" value="/home/travis/build/icyphy/ptII/reports" />
    <property name="env.TRAVIS_STACK_TIMESTAMP" value="2019-03-25 16:16:56 UTC" />
    <property name="ant.file.type.ptII" value="file" />
    <property name="env.RBENV_SHELL" value="bash" />
    <property name="os.name" value="Linux" />
    <property name="java.specification.vendor" value="Oracle Corporation" />
    <property name="env.rvm_version" value="1.29.7 (latest)" />
    <property name="env.TRAVIS_INFRA" value="unknown" />
    <property name="env.TERM" value="xterm" />
    <property name="java.vm.name" value="OpenJDK 64-Bit Server VM" />
    <property name="env.TRAVIS_BUILD_NUMBER" value="1360" />
    <property name="env.CI" value="true" />
    <property name="java.library.path" value="/home/travis/pthla/certi-tools/lib:/usr/lib/jni:/usr/local/share/OpenCV/java/:/usr/share/OpenCV/java::/usr/java/packages/lib:/usr/lib64:/lib64:/lib:/usr/lib" />
    <property name="jdk.module.path" value="/home/travis/build/icyphy/ptII/vendors/javafx/javafx-sdk-11.0.2/lib:" />
    <property name="env.rvm_prefix" value="/home/travis" />
    <property name="env.PATH" value="/home/travis/pthla/certi-tools/share/scripts:/home/travis/.rvm/gems/ruby-2.5.3/bin:/home/travis/.rvm/gems/ruby-2.5.3@global/bin:/home/travis/.rvm/rubies/ruby-2.5.3/bin:/home/travis/.rvm/bin:/home/travis/.nvm/versions/node/v7.10.1/bin:./node_modules/.bin:/home/travis/build/icyphy/ptII/bin:/home/travis/pthla/certi-tools/bin:/home/travis/bin:/home/travis/.local/bin:/usr/local/lib/jvm/openjdk11/bin:/opt/pyenv/shims:/home/travis/.phpenv/shims:/home/travis/perl5/perlbrew/bin:/home/travis/gopath/bin:/home/travis/.gimme/versions/go1.11.1.linux.amd64/bin:/usr/local/maven-3.6.0/bin:/usr/local/cmake-3.12.4/bin:/usr/local/clang-7.0.0/bin:/usr/local/sbin:/usr/local/bin:/usr/sbin:/usr/bin:/sbin:/bin:/snap/bin:/home/travis/.phpenv/bin:/opt/pyenv/bin:/home/travis/.yarn/bin" />
    <property name="env.TRAVIS_OS_NAME" value="linux" />
    <property name="ant.java.version" value="9" />
    <property name="basedir" value="/home/travis/build/icyphy/ptII" />
    <property name="java.class.version" value="55.0" />
    <property name="env.SHLVL" value="3" />
    <property name="env.LD_LIBRARY_PATH" value="/home/travis/pthla/certi-tools/lib:/usr/lib/jni:/usr/local/share/OpenCV/java/:/usr/share/OpenCV/java:" />
    <property name="env.RACK_ENV" value="test" />
    <property name="ant.home" value="/home/travis/build/icyphy/ptII/ant" />
    <property name="env.NVM_DIR" value="/home/travis/.nvm" />
    <property name="env.CERTI_FOM_PATH" value="/home/travis/pthla/certi-tools/share/federations" />
    <property name="env.TRAVIS_BUILD_ID" value="596439203" />
    <property name="env.PYENV_ROOT" value="/opt/pyenv" />
    <property name="env.TRAVIS_UID" value="2000" />
    <property name="prism.verbose" value="true" />
    <property name="env.NVM_BIN" value="/home/travis/.nvm/versions/node/v7.10.1/bin" />
    <property name="env.TRAVIS_COMMIT" value="948bf656f66248ff65af09b7e6cc9885ef1f544d" />
    <property name="env._system_arch" value="x86_64" />
    <property name="node.executable" value="node" />
    <property name="sun.boot.library.path" value="/usr/local/lib/jvm/openjdk11/lib" />
    <property name="sun.management.compiler" value="HotSpot 64-Bit Tiered Compilers" />
    <property name="java.awt.graphicsenv" value="sun.awt.X11GraphicsEnvironment" />
    <property name="env.GOPATH" value="/home/travis/gopath" />
    <property name="ptolemy.ptII.dir" value="/home/travis/build/icyphy/ptII" />
    <property name="env.USER" value="travis" />
    <property name="env.HISTFILESIZE" value="2000" />
    <property name="timeout.longest" value="19000000" />
    <property name="env.PERLBREW_SHELLRC_VERSION" value="0.86" />
    <property name="env.TRAVIS_STACK_FEATURES" value="basic couchdb disabled-ipv6 docker docker-compose elasticsearch firefox go-toolchain google-chrome jdk memcached mongodb mysql nodejs_interpreter perl_interpreter perlbrew phantomjs postgresql python_interpreter redis ruby_interpreter sqlite xserver" />
    <property name="env.TRAVIS_PULL_REQUEST" value="false" />
    <property name="env.PYENV_SHELL" value="bash" />
    <property name="ant.project.name" value="ptII" />
    <property name="env.ANSI_RESET" value="\033[0m" />
    <property name="java.vm.specification.version" value="11" />
    <property name="env.TRAVIS_DIST" value="xenial" />
    <property name="env.CERTI_VERSION" value="4.0.0" />
    <property name="env.CERTI_HOST" value="localhost" />
    <property name="awt.toolkit" value="sun.awt.X11.XToolkit" />
    <property name="env.MY_RUBY_HOME" value="/home/travis/.rvm/rubies/ruby-2.5.3" />
    <property name="sun.cpu.isalist" value="" />
    <property name="env.TRAVIS_TMPDIR" value="/tmp/tmp.N1UTuqgvOd" />
    <property name="java.vm.compressedOopsMode" value="Zero based" />
    <property name="os.version" value="4.15.0-1028-gcp" />
    <property name="user.home" value="/home/travis" />
    <property name="java.vm.vendor" value="Oracle Corporation" />
    <property name="env.TRAVIS_TAG" value="nightly" />
    <property name="env.ANSI_YELLOW" value="\033[33;1m" />
    <property name="env.TRAVIS_FILTERED" value="redirect_io" />
    <property name="env.ANSI_GREEN" value="\033[32;1m" />
    <property name="env.JAVA_HOME" value="/usr/local/lib/jvm/openjdk11" />
    <property name="javadoc.excludepackagenames" value="adm.cvs2svn.*,build.*,config.*,doc.coding.templates.*,jni.test.jni.meaningOfLife.*,jni.test.jni.testDeux.*,jni.test.jni.testTrois.*,org.terraswarm.accessor.accessors.web.node_modules.*,org.terraswarm.accessor.accessors.web.hosts.cordova.demo.*,org.terraswarm.accessor.accessors.web.hosts.cordova.plugins.*,org.terraswarm.accessor.accessors-svn.*,pt-modules.*,ptolemy.apps.agilent.*,ptolemy.apps.anytimecontrol.*,ptolemy.apps.apes.*,ptolemy.apps.charon.*,ptolemy.apps.crazyboard.*,ptolemy.apps.eclipse.*,ptolemy.apps.etherealSting.*,ptolemy.apps.fullscreen.*,ptolemy.apps.giotto.*,ptolemy.apps.ia.*,ptolemy.apps.interfaces.*,ptolemy.apps.jmf.*,ptolemy.apps.kurt.*,ptolemy.apps.kvm.*,ptolemy.apps.lego.*,ptolemy.apps.lejos.*,ptolemy.apps.midp.*,ptolemy.apps.mobileCoding.*,ptolemy.apps.pendulum.*,ptolemy.apps.rijndael.*,ptolemy.apps.robot.*,ptolemy.apps.security.*,ptolemy.apps.sobel.*,ptolemy.apps.soot.*,ptolemy.apps.throttle.*,ptolemy.apps.tini.*,ptolemy.apps.transmission.*,ptolemy.apps.vergil.*,ptolemy.apps.waba.*,ptolemy.apps.websensor.*,ptolemy.apps.webstart.*,ptolemy.apps.xsl.*,ptolemy.apps.zaurus.*,ptolemy.codegen.c.actor.lib.oldJavaFiles.*,ptolemy.codegen.dsp.lib.*,ptolemy.codegen.kernel.newInterfaces.*,ptolemy.codegen.lib.*,ptolemy.copernicus.kernel.fragment.*,ptolemy.copernicus.shallow.cg.*,ptolemy.domains.giotto.demo.Hierarchy.Hierarchy.*,ptolemy.domains.giotto.demo.Multimode.Multimode.*,ptolemy.domains.giotto.demo.Simple.Simple.*,ptolemy.domains.gr.lib.experimental.*,ptolemy.domains.gro.*,ptolemy.domains.pdf.*,ptolemy.domains.ptinyos.demo.Surge.output.*,ptolemy.moml.test.NoPackageActor.java*,ptolemy.plot.adm.*,ptolemy.plot.servlet.*,reports.*,signed.*,src.*,target.*,vendors.*,ptolemy.copernicus.applet.*,ptolemy.media.viewer.*,ptolemy.actor.corba.*,doc.doclets.*,ptolemy.apps.eclipse.awt.*,ptolemy.backtrack.*,ptolemy.backtrack.ast.*,ptolemy.cg.adapter.generic.program.procedural.c.mbed*,ptolemy.homer.*,ptolemy.actor.lib.jai.*,org.ptolemy.scala.*,diva.util.java2d.svg.*,ptolemy.domains.ptinyos.*,ptolemy.actor.lib.fmi.fmipp.*,,org.terraswarm.accessor.accessors.web.node_modules.*,org.terraswarm.accessor.accessors-svn,ptolemy.apps.*,ptolemy.actor.ptalon.demo.ptinyos.SendAndReceiveCnt.output,ptolemy.actor.ptalon.demo.ptinyos.SenseToLeds.output,ptolemy.domains.ptinyos.demo.CntToLedsAndRfm.output,ptolemy.domains.ptinyos.demo.RfmToLeds.output,ptolemy.domains.ptinyos.demo.SendAndReceiveCnt.output,ptolemy.domains.ptinyos.demo.SenseToLeds.output,ptolemy.actor.lib.jjs.modules.udpSocket.*" />
    <property name="env.PTII" value="/home/travis/build/icyphy/ptII" />
    <property name="env.XDG_SESSION_ID" value="2" />
    <property name="keystore" value="ptKeystore" />
    <property name="env.TRAVIS_COMMIT_MESSAGE" value="Updating org.hlacerti.models.StaticMultiInstanceJoker." />
    <property name="junit.output.dir" value="/home/travis/build/icyphy/ptII/reports/junit" />
    <property name="npm.return.code" value="0" />
    <property name="user.dir" value="/home/travis/build/icyphy/ptII/ptolemy/actor/lib/test" />
    <property name="env.TRAVIS_NODE_VERSION" value="7" />
    <property name="env.TRAVIS_EVENT_TYPE" value="cron" />
    <property name="env.MAIL" value="/var/mail/travis" />
    <property name="env.PERLBREW_ROOT" value="/home/travis/perl5/perlbrew" />
    <property name="env.PWD" value="/home/travis/build/icyphy/ptII" />
    <property name="timeout.npm" value="45000" />
    <property name="env.TRAVIS_ARCH" value="amd64" />
    <property name="sun.cpu.endian" value="little" />
    <property name="env.PAGER" value="cat" />
    <property name="env.TRAVIS_BUILD_STAGE_NAME" value="Test" />
    <property name="env.PERLBREW_HOME" value="/home/travis/.perlbrew" />
    <property name="java.vm.version" value="11.0.2+9" />
    <property name="env.RAILS_ENV" value="test" />
    <property name="java.class.path" value="/home/travis/.ptolemyII:/home/travis/.ptolemyII/*:/home/travis/build/icyphy/ptII:/home/travis/build/icyphy/ptII/lib/bsh-2.0b4.jar:/home/travis/build/icyphy/ptII/lib/ptCal.jar:/home/travis/build/icyphy/ptII/lib/java_cup.jar:/home/travis/build/icyphy/ptII/lib/saxon8.jar:/home/travis/build/icyphy/ptII/lib/saxon8-dom.jar:/home/travis/build/icyphy/ptII/lib/chic.jar:/home/travis/build/icyphy/ptII/lib/ptcolt.jar:/home/travis/build/icyphy/ptII/vendors/misc/itext/iText.jar:/home/travis/build/icyphy/ptII/lib/g4ltl.jar:/home/travis/build/icyphy/ptII/lib/StructuralCoder.jar:/home/travis/build/icyphy/ptII/lib/jcerti.jar:/home/travis/build/icyphy/ptII/lib/javax.mail.jar:/home/travis/build/icyphy/ptII/vendors/JMF-2.1.1e/lib/jmf.jar:/home/travis/build/icyphy/ptII/lib/jna-4.0.0-variadic.jar:/home/travis/build/icyphy/ptII/vendors/misc/joystick/Joystick.jar:/home/travis/build/icyphy/ptII/lib/ptjacl.jar:/home/travis/build/icyphy/ptII/lib/jsoup-1.8.2.jar:/home/travis/build/icyphy/ptII/lib/junit-4.8.2.jar:/home/travis/build/icyphy/ptII/lib/JUnitParams-0.4.0.jar:/home/travis/build/icyphy/ptII/ptolemy/actor/lib/excel/jxl.jar:/home/travis/build/icyphy/ptII/lib/jython.jar:/home/travis/build/icyphy/ptII/lib/kieler.jar:/home/travis/build/icyphy/ptII/vendors/opencv/share/OpenCV/java/opencv-341.jar:/home/travis/build/icyphy/ptII/lib/oscP5.jar:/home/travis/build/icyphy/ptII/lib/nrjavaserial-3.11.0.devel.jar:/home/travis/build/icyphy/ptII/vendors/j3d/lib/Linux/j3dcore.jar:/home/travis/build/icyphy/ptII/vendors/j3d/lib/Linux/j3dutils.jar:/home/travis/build/icyphy/ptII/vendors/j3d/lib/Linux/vecmath.jar:/home/travis/build/icyphy/ptII/vendors/jogl/lib/Linux/gluegen-rt-natives-linux-amd64.jar:/home/travis/build/icyphy/ptII/vendors/jogl/lib/Linux/gluegen-rt.jar:/home/travis/build/icyphy/ptII/vendors/jogl/lib/Linux/jogl-all-natives-linux-amd64.jar:/home/travis/build/icyphy/ptII/vendors/jogl/lib/Linux/jogl-all.jar:/home/travis/build/icyphy/ptII/ptolemy/distributed/jini/jar/jini-core.jar:/home/travis/build/icyphy/ptII/ptolemy/distributed/jini/jar/jini-ext.jar:/home/travis/build/icyphy/ptII/ptolemy/distributed/jini/jar/sun-util.jar:/home/travis/build/icyphy/ptII/lib/protobuf-java-2.4.1.jar:/home/travis/build/icyphy/ptII/lib/org.eclipse.paho.client.mqttv3.jar:/home/travis/build/icyphy/ptII/lib/mapss.jar:/home/travis/build/icyphy/ptII/ptolemy/actor/ptalon/antlr/antlr.jar:/home/travis/build/icyphy/ptII/lib/JRI.jar:/home/travis/build/icyphy/ptII/lib/commons-lang-2.6.jar:/home/travis/build/icyphy/ptII/lib/commons-logging-1.1.1.jar:/home/travis/build/icyphy/ptII/lib/sootclasses.jar:/home/travis/build/icyphy/ptII/ptolemy/actor/lib/database/mysql-connector-java-5.1.6-bin.jar:/home/travis/build/icyphy/ptII/vendors/misc/sphinx4/sphinx4-data-5prealpha.jar:/home/travis/build/icyphy/ptII/vendors/misc/sphinx4/sphinx4-core-5prealpha.jar:/home/travis/build/icyphy/ptII/lib/PDFRenderer.jar:/home/travis/build/icyphy/ptII/lib/svgSalamander.jar:/home/travis/build/icyphy/ptII/lib/rsyntaxtextarea-2.6.0-SNAPSHOT.jar:/home/travis/build/icyphy/ptII/lib/hazelcast-3.8.2.jar:/home/travis/build/icyphy/ptII/lib/jackson-annotations-2.9.0.jar:/home/travis/build/icyphy/ptII/lib/jackson-core-2.9.3.jar:/home/travis/build/icyphy/ptII/lib/jackson-databind-2.9.3.jar:/home/travis/build/icyphy/ptII/lib/netty-buffer-4.1.19.Final.jar:/home/travis/build/icyphy/ptII/lib/netty-codec-4.1.19.Final.jar:/home/travis/build/icyphy/ptII/lib/netty-codec-dns-4.1.19.Final.jar:/home/travis/build/icyphy/ptII/lib/netty-codec-http-4.1.19.Final.jar:/home/travis/build/icyphy/ptII/lib/netty-codec-http2-4.1.19.Final.jar:/home/travis/build/icyphy/ptII/lib/netty-common-4.1.19.Final.jar:/home/travis/build/icyphy/ptII/lib/netty-handler-4.1.19.Final.jar:/home/travis/build/icyphy/ptII/lib/netty-resolver-4.1.19.Final.jar:/home/travis/build/icyphy/ptII/lib/netty-resolver-dns-4.1.19.Final.jar:/home/travis/build/icyphy/ptII/lib/netty-transport-4.1.19.Final.jar:/home/travis/build/icyphy/ptII/lib/vertx-codegen-3.5.1.jar:/home/travis/build/icyphy/ptII/lib/vertx-core-3.5.2-SNAPSHOT.jar:/home/travis/build/icyphy/ptII/lib/vertx-hazelcast-3.5.1.jar:/home/travis/build/icyphy/ptII/lib/vertx-lang-js-3.5.1.jar:/home/travis/build/icyphy/ptII/lib/vertx-service-proxy-3.5.1.jar:/home/travis/build/icyphy/ptII/lib/vertx-web-3.5.1.jar:/home/travis/build/icyphy/ptII/lib/slf4j-api-1.7.13.jar:/home/travis/build/icyphy/ptII/lib/slf4j-simple-1.7.13.jar:/home/travis/build/icyphy/ptII/lib/webcam-capture-0.3.12.jar:/home/travis/build/icyphy/ptII/lib/bridj-0.7.0.jar:/home/travis/build/icyphy/ptII/lib/xbjlib-1.1.0.nrjavaserial.jar:/home/travis/build/icyphy/ptII/ptolemy/moml/test:/home/travis/build/icyphy/ptII/ant/lib/ant-launcher.jar:/home/travis/build/icyphy/ptII/ant/lib/ant.jar:/home/travis/build/icyphy/ptII/ant/lib/ant-junit.jar:/home/travis/build/icyphy/ptII/ant/lib/ant-junit4.jar" />
    <property name="ant.library.dir" value="/home/travis/build/icyphy/ptII/ant/lib" />
    <property name="os.arch" value="amd64" />
    <property name="env.CONTINUOUS_INTEGRATION" value="true" />
    <property name="env.TRAVIS_LANGUAGE" value="node_js" />
    <property name="env.TRAVIS_STACK_LANGUAGES" value="__sardonyx__ c c++ clojure cplusplus cpp default generic go groovy java node_js php pure_java python ruby scala" />
    <property name="test.name" value="ptolemy.actor.lib.test.junit.JUnitTclTest" />
    <property name="env.APT_KEY_DONT_WARN_ON_DANGEROUS_USAGE" value="1" />
    <property name="sun.java.launcher" value="SUN_STANDARD" />
    <property name="env.PYTHON_CONFIGURE_OPTS" value="--enable-unicode=ucs4 --with-wide-unicode --enable-shared --enable-ipv6 --enable-loadable-sqlite-extensions --with-computed-gotos" />
    <property name="ant.core.lib" value="/home/travis/build/icyphy/ptII/ant/lib/ant.jar" />
    <property name="java.vm.specification.vendor" value="Oracle Corporation" />
    <property name="env.BCVTB_HOME" value="/home/travis/build/icyphy/ptII/lbnl" />
    <property name="file.separator" value="/" />
    <property name="spotbugs.home" value="/home/travis/build/icyphy/ptII/vendors/spotbugs-3.1.1" />
    <property name="java.runtime.version" value="11.0.2+9" />
    <property name="env.ANSI_CLEAR" value="\033[0K" />
    <property name="javafx.verbose" value="true" />
    <property name="env.HAS_JOSH_K_SEAL_OF_APPROVAL" value="true" />
    <property name="env.XDG_RUNTIME_DIR" value="/run/user/2000" />
    <property name="env.TRAVIS_OSX_IMAGE" value="" />
    <property name="env.TRAVIS_JOB_ID" value="596439214" />
    <property name="env.TRAVIS_BRANCH" value="master" />
    <property name="user.country" value="US" />
    <property name="env.CERTI_HOME_TRAVIS" value="/home/travis/pthla/certi-tools" />
    <property name="env.SHELL" value="/bin/bash" />
    <property name="java.maxmemory.large" value="3200m" />
    <property name="model" value="" />
    <property name="env.CASHER_DIR" value="/home/travis/.casher" />
    <property name="env.NVM_CD_FLAGS" value="" />
    <property name="java.vendor.version" value="18.9" />
    <property name="jshint.executable" value="/home/travis/node_modules/jshint/bin/jshint" />
    <property name="env.JRUBY_OPTS" value=" --client -J-XX:+TieredCompilation -J-XX:TieredStopAtLevel=1 -J-Xss2m -Xcompile.invokedynamic=false" />
    <property name="java.vendor" value="Oracle Corporation" />
    <property name="env.TRAVIS_PRE_CHEF_BOOTSTRAP_TIME" value="2019-03-25T16:16:42" />
    <property name="env.TRAVIS_STACK_JOB_BOARD_REGISTER" value="/.job-board-register.yml" />
    <property name="env.ANSI_RED" value="\033[31;1m" />
    <property name="java.specification.version" value="11" />
    <property name="env.IRBRC" value="/home/travis/.rvm/rubies/ruby-2.5.3/.irbrc" />
    <property name="env.TRAVIS" value="true" />
    <property name="sun.arch.data.model" value="64" />
  </properties>
  <testcase classname="ptolemy.util.test.junit.TclTests" name="[0] /home/travis/build/icyphy/ptII/ptolemy/actor/lib/test/AbsoluteValue.tcl (RunTclFile)" time="0.5" />
  <testcase classname="ptolemy.util.test.junit.TclTests" name="[1] /home/travis/build/icyphy/ptII/ptolemy/actor/lib/test/AddSubtract.tcl (RunTclFile)" time="0.109" />
  <testcase classname="ptolemy.util.test.junit.TclTests" name="[2] /home/travis/build/icyphy/ptII/ptolemy/actor/lib/test/Average.tcl (RunTclFile)" time="0.04" />
  <testcase classname="ptolemy.util.test.junit.TclTests" name="[3] /home/travis/build/icyphy/ptII/ptolemy/actor/lib/test/Bernoulli.tcl (RunTclFile)" time="0.023" />
  <testcase classname="ptolemy.util.test.junit.TclTests" name="[4] /home/travis/build/icyphy/ptII/ptolemy/actor/lib/test/Clock.tcl (RunTclFile)" time="0.129" />
  <testcase classname="ptolemy.util.test.junit.TclTests" name="[5] /home/travis/build/icyphy/ptII/ptolemy/actor/lib/test/Commutator.tcl (RunTclFile)" time="0.199" />
  <testcase classname="ptolemy.util.test.junit.TclTests" name="[6] /home/travis/build/icyphy/ptII/ptolemy/actor/lib/test/Const.tcl (RunTclFile)" time="0.151" />
  <testcase classname="ptolemy.util.test.junit.TclTests" name="[7] /home/travis/build/icyphy/ptII/ptolemy/actor/lib/test/CurrentTime.tcl (RunTclFile)" time="0.05" />
  <testcase classname="ptolemy.util.test.junit.TclTests" name="[8] /home/travis/build/icyphy/ptII/ptolemy/actor/lib/test/DB.tcl (RunTclFile)" time="0.071" />
  <testcase classname="ptolemy.util.test.junit.TclTests" name="[9] /home/travis/build/icyphy/ptII/ptolemy/actor/lib/test/DiscreteRandomSource.tcl (RunTclFile)" time="0.03" />
  <testcase classname="ptolemy.util.test.junit.TclTests" name="[10] /home/travis/build/icyphy/ptII/ptolemy/actor/lib/test/Distributor.tcl (RunTclFile)" time="0.052" />
  <testcase classname="ptolemy.util.test.junit.TclTests" name="[11] /home/travis/build/icyphy/ptII/ptolemy/actor/lib/test/Exit.tcl (RunTclFile)" time="0.104" />
  <testcase classname="ptolemy.util.test.junit.TclTests" name="[12] /home/travis/build/icyphy/ptII/ptolemy/actor/lib/test/Expression.tcl (RunTclFile)" time="0.139" />
  <testcase classname="ptolemy.util.test.junit.TclTests" name="[13] /home/travis/build/icyphy/ptII/ptolemy/actor/lib/test/Gaussian.tcl (RunTclFile)" time="0.577" />
  <testcase classname="ptolemy.util.test.junit.TclTests" name="[14] /home/travis/build/icyphy/ptII/ptolemy/actor/lib/test/IIR.tcl (RunTclFile)" time="0.047" />
  <testcase classname="ptolemy.util.test.junit.TclTests" name="[15] /home/travis/build/icyphy/ptII/ptolemy/actor/lib/test/Interpolator.tcl (RunTclFile)" time="0.113" />
  <testcase classname="ptolemy.util.test.junit.TclTests" name="[16] /home/travis/build/icyphy/ptII/ptolemy/actor/lib/test/MathFunction.tcl (RunTclFile)" time="0.05" />
  <testcase classname="ptolemy.util.test.junit.TclTests" name="[17] /home/travis/build/icyphy/ptII/ptolemy/actor/lib/test/Maximum.tcl (RunTclFile)" time="0.022" />
  <testcase classname="ptolemy.util.test.junit.TclTests" name="[18] /home/travis/build/icyphy/ptII/ptolemy/actor/lib/test/Minimum.tcl (RunTclFile)" time="0.032" />
  <testcase classname="ptolemy.util.test.junit.TclTests" name="[19] /home/travis/build/icyphy/ptII/ptolemy/actor/lib/test/MultiplyDivide.tcl (RunTclFile)" time="0.02" />
  <testcase classname="ptolemy.util.test.junit.TclTests" name="[20] /home/travis/build/icyphy/ptII/ptolemy/actor/lib/test/OrderedMerge.tcl (RunTclFile)" time="0.137" />
  <testcase classname="ptolemy.util.test.junit.TclTests" name="[21] /home/travis/build/icyphy/ptII/ptolemy/actor/lib/test/Publisher.tcl (RunTclFile)" time="1.2" />
  <testcase classname="ptolemy.util.test.junit.TclTests" name="[22] /home/travis/build/icyphy/ptII/ptolemy/actor/lib/test/Pulse.tcl (RunTclFile)" time="0.08" />
  <testcase classname="ptolemy.util.test.junit.TclTests" name="[23] /home/travis/build/icyphy/ptII/ptolemy/actor/lib/test/Ramp.tcl (RunTclFile)" time="2.275" />
  <testcase classname="ptolemy.util.test.junit.TclTests" name="[24] /home/travis/build/icyphy/ptII/ptolemy/actor/lib/test/RampContinuous.tcl (RunTclFile)" time="0.018" />
  <testcase classname="ptolemy.util.test.junit.TclTests" name="[25] /home/travis/build/icyphy/ptII/ptolemy/actor/lib/test/RecordAssembler.tcl (RunTclFile)" time="0.014" />
  <testcase classname="ptolemy.util.test.junit.TclTests" name="[26] /home/travis/build/icyphy/ptII/ptolemy/actor/lib/test/RecordDisassembler.tcl (RunTclFile)" time="0.018" />
  <testcase classname="ptolemy.util.test.junit.TclTests" name="[27] /home/travis/build/icyphy/ptII/ptolemy/actor/lib/test/Scale.tcl (RunTclFile)" time="0.018" />
  <testcase classname="ptolemy.util.test.junit.TclTests" name="[28] /home/travis/build/icyphy/ptII/ptolemy/actor/lib/test/SequentialClock.tcl (RunTclFile)" time="0.011" />
  <testcase classname="ptolemy.util.test.junit.TclTests" name="[29] /home/travis/build/icyphy/ptII/ptolemy/actor/lib/test/SetVariable.tcl (RunTclFile)" time="0.044">
    <failure message="Number of failed tests is has increased. expected:&lt;0&gt; but was:&lt;1&gt;" type="junit.framework.AssertionFailedError">junit.framework.AssertionFailedError: Number of failed tests is has increased. expected:&lt;0&gt; but was:&lt;1&gt;
	at ptolemy.util.test.junit.TclTests.RunTclFile(TclTests.java:286)
	at jdk.internal.reflect.GeneratedMethodAccessor19.invoke(Unknown Source)
	at java.base/jdk.internal.reflect.DelegatingMethodAccessorImpl.invoke(DelegatingMethodAccessorImpl.java:43)
	at junitparams.internal.InvokeParameterisedMethod.evaluate(InvokeParameterisedMethod.java:102)
	at junitparams.internal.ParameterisedTestMethodRunner.runMethodInvoker(ParameterisedTestMethodRunner.java:47)
	at junitparams.internal.ParameterisedTestMethodRunner.runTestMethod(ParameterisedTestMethodRunner.java:41)
	at junitparams.internal.ParameterisedTestClassRunner.runParameterisedTest(ParameterisedTestClassRunner.java:143)
	at junitparams.JUnitParamsRunner.runChild(JUnitParamsRunner.java:237)
	at junitparams.JUnitParamsRunner.runChild(JUnitParamsRunner.java:215)
</failure>
  </testcase>
  <testcase classname="ptolemy.util.test.junit.TclTests" name="[30] /home/travis/build/icyphy/ptII/ptolemy/actor/lib/test/Sinewave.tcl (RunTclFile)" time="0.048" />
  <testcase classname="ptolemy.util.test.junit.TclTests" name="[31] /home/travis/build/icyphy/ptII/ptolemy/actor/lib/test/SubscriptionAggregator.tcl (RunTclFile)" time="2.241" />
  <testcase classname="ptolemy.util.test.junit.TclTests" name="[32] /home/travis/build/icyphy/ptII/ptolemy/actor/lib/test/Test.tcl (RunTclFile)" time="0.192" />
  <testcase classname="ptolemy.util.test.junit.TclTests" name="[33] /home/travis/build/icyphy/ptII/ptolemy/actor/lib/test/TestExceptionHandler.tcl (RunTclFile)" time="0.012" />
  <testcase classname="ptolemy.util.test.junit.TclTests" name="[34] /home/travis/build/icyphy/ptII/ptolemy/actor/lib/test/UnionDisassembler.tcl (RunTclFile)" time="0.048" />
  <testcase classname="ptolemy.util.test.junit.TclTests" name="[35] /home/travis/build/icyphy/ptII/ptolemy/actor/lib/test/VariableClock.tcl (RunTclFile)" time="0.016" />
  <testcase classname="ptolemy.util.test.junit.AutoKnownFailedTests" name="[0] /home/travis/build/icyphy/ptII/ptolemy/actor/lib/test/auto/knownFailedTests/PublisherPortToplevelSubscriber.xml (RunModel)" time="0.029" />
  <testcase classname="ptolemy.util.test.junit.AutoKnownFailedTests" name="[1] /home/travis/build/icyphy/ptII/ptolemy/actor/lib/test/auto/knownFailedTests/PublisherSubscriberPortToplevel.xml (RunModel)" time="0.022" />
  <testcase classname="ptolemy.util.test.junit.AutoKnownFailedTests" name="[2] /home/travis/build/icyphy/ptII/ptolemy/actor/lib/test/auto/knownFailedTests/PublisherSubscriptionAggregatorPort.xml (RunModel)" time="0.031" />
  <testcase classname="ptolemy.util.test.junit.AutoKnownFailedTests" name="[3] /home/travis/build/icyphy/ptII/ptolemy/actor/lib/test/auto/knownFailedTests/sizedarray3.xml (RunModel)" time="0.027" />
  <testcase classname="ptolemy.util.test.junit.AutoNameArchTests" name="[0] ThereAreNoAutoArchTests (RunModel)" time="0.001" />
  <testcase classname="ptolemy.util.test.junit.AutoTests" name="[0] /home/travis/build/icyphy/ptII/ptolemy/actor/lib/test/auto/AbsoluteValue.xml (RunModel)" time="0.095" />
  <testcase classname="ptolemy.util.test.junit.AutoTests" name="[1] /home/travis/build/icyphy/ptII/ptolemy/actor/lib/test/auto/AbsoluteValue2.xml (RunModel)" time="0.07" />
  <testcase classname="ptolemy.util.test.junit.AutoTests" name="[2] /home/travis/build/icyphy/ptII/ptolemy/actor/lib/test/auto/Accumulator.xml (RunModel)" time="0.073" />
  <testcase classname="ptolemy.util.test.junit.AutoTests" name="[3] /home/travis/build/icyphy/ptII/ptolemy/actor/lib/test/auto/Accumulator2.xml (RunModel)" time="0.032" />
  <testcase classname="ptolemy.util.test.junit.AutoTests" name="[4] /home/travis/build/icyphy/ptII/ptolemy/actor/lib/test/auto/Accumulator3.xml (RunModel)" time="0.015" />
  <testcase classname="ptolemy.util.test.junit.AutoTests" name="[5] /home/travis/build/icyphy/ptII/ptolemy/actor/lib/test/auto/ArrayAppend.xml (RunModel)" time="0.028" />
  <testcase classname="ptolemy.util.test.junit.AutoTests" name="[6] /home/travis/build/icyphy/ptII/ptolemy/actor/lib/test/auto/ArrayAppend2.xml (RunModel)" time="0.421" />
  <testcase classname="ptolemy.util.test.junit.AutoTests" name="[7] /home/travis/build/icyphy/ptII/ptolemy/actor/lib/test/auto/ArrayAppend3.xml (RunModel)" time="0.028" />
  <testcase classname="ptolemy.util.test.junit.AutoTests" name="[8] /home/travis/build/icyphy/ptII/ptolemy/actor/lib/test/auto/ArrayAppend4.xml (RunModel)" time="0.017" />
  <testcase classname="ptolemy.util.test.junit.AutoTests" name="[9] /home/travis/build/icyphy/ptII/ptolemy/actor/lib/test/auto/ArrayAppend5.xml (RunModel)" time="0.021" />
  <testcase classname="ptolemy.util.test.junit.AutoTests" name="[10] /home/travis/build/icyphy/ptII/ptolemy/actor/lib/test/auto/ArrayAppend6.xml (RunModel)" time="0.02" />
  <testcase classname="ptolemy.util.test.junit.AutoTests" name="[11] /home/travis/build/icyphy/ptII/ptolemy/actor/lib/test/auto/ArrayAppendPerformanceTest.xml (RunModel)" time="0.057" />
  <testcase classname="ptolemy.util.test.junit.AutoTests" name="[12] /home/travis/build/icyphy/ptII/ptolemy/actor/lib/test/auto/ArrayAppendWithEmptyInput.xml (RunModel)" time="0.041" />
  <testcase classname="ptolemy.util.test.junit.AutoTests" name="[13] /home/travis/build/icyphy/ptII/ptolemy/actor/lib/test/auto/ArrayAverage.xml (RunModel)" time="0.062" />
  <testcase classname="ptolemy.util.test.junit.AutoTests" name="[14] /home/travis/build/icyphy/ptII/ptolemy/actor/lib/test/auto/ArrayContains.xml (RunModel)" time="0.047" />
  <testcase classname="ptolemy.util.test.junit.AutoTests" name="[15] /home/travis/build/icyphy/ptII/ptolemy/actor/lib/test/auto/ArrayElement.xml (RunModel)" time="0.035" />
  <testcase classname="ptolemy.util.test.junit.AutoTests" name="[16] /home/travis/build/icyphy/ptII/ptolemy/actor/lib/test/auto/ArrayElementAsMatrix.xml (RunModel)" time="0.054" />
  <testcase classname="ptolemy.util.test.junit.AutoTests" name="[17] /home/travis/build/icyphy/ptII/ptolemy/actor/lib/test/auto/ArrayElementI.xml (RunModel)" time="0.021" />
  <testcase classname="ptolemy.util.test.junit.AutoTests" name="[18] /home/travis/build/icyphy/ptII/ptolemy/actor/lib/test/auto/ArrayExtract.xml (RunModel)" time="0.031" />
  <testcase classname="ptolemy.util.test.junit.AutoTests" name="[19] /home/travis/build/icyphy/ptII/ptolemy/actor/lib/test/auto/ArrayExtract2.xml (RunModel)" time="0.022" />
  <testcase classname="ptolemy.util.test.junit.AutoTests" name="[20] /home/travis/build/icyphy/ptII/ptolemy/actor/lib/test/auto/ArrayLength.xml (RunModel)" time="0.023" />
  <testcase classname="ptolemy.util.test.junit.AutoTests" name="[21] /home/travis/build/icyphy/ptII/ptolemy/actor/lib/test/auto/ArrayLevelCrossing.xml (RunModel)" time="0.03" />
  <testcase classname="ptolemy.util.test.junit.AutoTests" name="[22] /home/travis/build/icyphy/ptII/ptolemy/actor/lib/test/auto/ArrayLevelCrossing2.xml (RunModel)" time="0.028" />
  <testcase classname="ptolemy.util.test.junit.AutoTests" name="[23] /home/travis/build/icyphy/ptII/ptolemy/actor/lib/test/auto/ArrayPeakSearch.xml (RunModel)" time="0.046" />
  <testcase classname="ptolemy.util.test.junit.AutoTests" name="[24] /home/travis/build/icyphy/ptII/ptolemy/actor/lib/test/auto/ArrayPeakSearch2.xml (RunModel)" time="0.051" />
  <testcase classname="ptolemy.util.test.junit.AutoTests" name="[25] /home/travis/build/icyphy/ptII/ptolemy/actor/lib/test/auto/ArrayPeakSearch3.xml (RunModel)" time="0.035" />
  <testcase classname="ptolemy.util.test.junit.AutoTests" name="[26] /home/travis/build/icyphy/ptII/ptolemy/actor/lib/test/auto/ArrayRemoveElement.xml (RunModel)" time="0.024" />
  <testcase classname="ptolemy.util.test.junit.AutoTests" name="[27] /home/travis/build/icyphy/ptII/ptolemy/actor/lib/test/auto/ArraySort.xml (RunModel)" time="0.042" />
  <testcase classname="ptolemy.util.test.junit.AutoTests" name="[28] /home/travis/build/icyphy/ptII/ptolemy/actor/lib/test/auto/ArraySum.xml (RunModel)" time="0.023" />
  <testcase classname="ptolemy.util.test.junit.AutoTests" name="[29] /home/travis/build/icyphy/ptII/ptolemy/actor/lib/test/auto/ArrayToElements.xml (RunModel)" time="0.036" />
  <testcase classname="ptolemy.util.test.junit.AutoTests" name="[30] /home/travis/build/icyphy/ptII/ptolemy/actor/lib/test/auto/ArrayToMatrix.xml (RunModel)" time="0.054" />
  <testcase classname="ptolemy.util.test.junit.AutoTests" name="[31] /home/travis/build/icyphy/ptII/ptolemy/actor/lib/test/auto/ArrayUpdate1.xml (RunModel)" time="0.016" />
  <testcase classname="ptolemy.util.test.junit.AutoTests" name="[32] /home/travis/build/icyphy/ptII/ptolemy/actor/lib/test/auto/ArrayUpdate2.xml (RunModel)" time="0.026" />
  <testcase classname="ptolemy.util.test.junit.AutoTests" name="[33] /home/travis/build/icyphy/ptII/ptolemy/actor/lib/test/auto/ArrayUpdate3.xml (RunModel)" time="0.035" />
  <testcase classname="ptolemy.util.test.junit.AutoTests" name="[34] /home/travis/build/icyphy/ptII/ptolemy/actor/lib/test/auto/Assert1.xml (RunModel)" time="0.025" />
  <testcase classname="ptolemy.util.test.junit.AutoTests" name="[35] /home/travis/build/icyphy/ptII/ptolemy/actor/lib/test/auto/Assert2.xml (RunModel)" time="0.019" />
  <testcase classname="ptolemy.util.test.junit.AutoTests" name="[36] /home/travis/build/icyphy/ptII/ptolemy/actor/lib/test/auto/BooleanMultiplexor.xml (RunModel)" time="0.014" />
  <testcase classname="ptolemy.util.test.junit.AutoTests" name="[37] /home/travis/build/icyphy/ptII/ptolemy/actor/lib/test/auto/BooleanMultiplexor2.xml (RunModel)" time="0.022" />
  <testcase classname="ptolemy.util.test.junit.AutoTests" name="[38] /home/travis/build/icyphy/ptII/ptolemy/actor/lib/test/auto/BooleanMultiplexor3.xml (RunModel)" time="0.031" />
  <testcase classname="ptolemy.util.test.junit.AutoTests" name="[39] /home/travis/build/icyphy/ptII/ptolemy/actor/lib/test/auto/BooleanSelect.xml (RunModel)" time="0.019" />
  <testcase classname="ptolemy.util.test.junit.AutoTests" name="[40] /home/travis/build/icyphy/ptII/ptolemy/actor/lib/test/auto/BooleanSelect2.xml (RunModel)" time="0.015" />
  <testcase classname="ptolemy.util.test.junit.AutoTests" name="[41] /home/travis/build/icyphy/ptII/ptolemy/actor/lib/test/auto/BooleanSwitch.xml (RunModel)" time="0.02" />
  <testcase classname="ptolemy.util.test.junit.AutoTests" name="[42] /home/travis/build/icyphy/ptII/ptolemy/actor/lib/test/auto/BooleanSwitch2.xml (RunModel)" time="0.014" />
  <testcase classname="ptolemy.util.test.junit.AutoTests" name="[43] /home/travis/build/icyphy/ptII/ptolemy/actor/lib/test/auto/BooleanSwitchCloningBugWithClassRelationGroup.xml (RunModel)" time="0.03" />
  <testcase classname="ptolemy.util.test.junit.AutoTests" name="[44] /home/travis/build/icyphy/ptII/ptolemy/actor/lib/test/auto/BusActors.xml (RunModel)" time="0.049" />
  <testcase classname="ptolemy.util.test.junit.AutoTests" name="[45] /home/travis/build/icyphy/ptII/ptolemy/actor/lib/test/auto/ClassWrapper.xml (RunModel)" time="0.03" />
  <testcase classname="ptolemy.util.test.junit.AutoTests" name="[46] /home/travis/build/icyphy/ptII/ptolemy/actor/lib/test/auto/Clock.xml (RunModel)" time="0.01" />
  <testcase classname="ptolemy.util.test.junit.AutoTests" name="[47] /home/travis/build/icyphy/ptII/ptolemy/actor/lib/test/auto/Clock10.xml (RunModel)" time="0.018" />
  <testcase classname="ptolemy.util.test.junit.AutoTests" name="[48] /home/travis/build/icyphy/ptII/ptolemy/actor/lib/test/auto/Clock11.xml (RunModel)" time="0.021" />
  <testcase classname="ptolemy.util.test.junit.AutoTests" name="[49] /home/travis/build/icyphy/ptII/ptolemy/actor/lib/test/auto/Clock12.xml (RunModel)" time="0.021" />
  <testcase classname="ptolemy.util.test.junit.AutoTests" name="[50] /home/travis/build/icyphy/ptII/ptolemy/actor/lib/test/auto/Clock13.xml (RunModel)" time="0.017" />
  <testcase classname="ptolemy.util.test.junit.AutoTests" name="[51] /home/travis/build/icyphy/ptII/ptolemy/actor/lib/test/auto/Clock14.xml (RunModel)" time="0.022" />
  <testcase classname="ptolemy.util.test.junit.AutoTests" name="[52] /home/travis/build/icyphy/ptII/ptolemy/actor/lib/test/auto/Clock15.xml (RunModel)" time="0.016" />
  <testcase classname="ptolemy.util.test.junit.AutoTests" name="[53] /home/travis/build/icyphy/ptII/ptolemy/actor/lib/test/auto/Clock16.xml (RunModel)" time="0.111" />
  <testcase classname="ptolemy.util.test.junit.AutoTests" name="[54] /home/travis/build/icyphy/ptII/ptolemy/actor/lib/test/auto/Clock17.xml (RunModel)" time="0.051" />
  <testcase classname="ptolemy.util.test.junit.AutoTests" name="[55] /home/travis/build/icyphy/ptII/ptolemy/actor/lib/test/auto/Clock18.xml (RunModel)" time="0.038" />
  <testcase classname="ptolemy.util.test.junit.AutoTests" name="[56] /home/travis/build/icyphy/ptII/ptolemy/actor/lib/test/auto/Clock19.xml (RunModel)" time="0.04" />
  <testcase classname="ptolemy.util.test.junit.AutoTests" name="[57] /home/travis/build/icyphy/ptII/ptolemy/actor/lib/test/auto/Clock2.xml (RunModel)" time="0.017" />
  <testcase classname="ptolemy.util.test.junit.AutoTests" name="[58] /home/travis/build/icyphy/ptII/ptolemy/actor/lib/test/auto/Clock20.xml (RunModel)" time="0.019" />
  <testcase classname="ptolemy.util.test.junit.AutoTests" name="[59] /home/travis/build/icyphy/ptII/ptolemy/actor/lib/test/auto/Clock21.xml (RunModel)" time="0.017" />
  <testcase classname="ptolemy.util.test.junit.AutoTests" name="[60] /home/travis/build/icyphy/ptII/ptolemy/actor/lib/test/auto/Clock22.xml (RunModel)" time="0.017" />
  <testcase classname="ptolemy.util.test.junit.AutoTests" name="[61] /home/travis/build/icyphy/ptII/ptolemy/actor/lib/test/auto/Clock23.xml (RunModel)" time="0.015" />
  <testcase classname="ptolemy.util.test.junit.AutoTests" name="[62] /home/travis/build/icyphy/ptII/ptolemy/actor/lib/test/auto/Clock24.xml (RunModel)" time="0.016" />
  <testcase classname="ptolemy.util.test.junit.AutoTests" name="[63] /home/travis/build/icyphy/ptII/ptolemy/actor/lib/test/auto/Clock4.xml (RunModel)" time="0.012" />
  <testcase classname="ptolemy.util.test.junit.AutoTests" name="[64] /home/travis/build/icyphy/ptII/ptolemy/actor/lib/test/auto/Clock5.xml (RunModel)" time="0.011" />
  <testcase classname="ptolemy.util.test.junit.AutoTests" name="[65] /home/travis/build/icyphy/ptII/ptolemy/actor/lib/test/auto/Clock6.xml (RunModel)" time="0.008" />
  <testcase classname="ptolemy.util.test.junit.AutoTests" name="[66] /home/travis/build/icyphy/ptII/ptolemy/actor/lib/test/auto/Clock7.xml (RunModel)" time="0.008" />
  <testcase classname="ptolemy.util.test.junit.AutoTests" name="[67] /home/travis/build/icyphy/ptII/ptolemy/actor/lib/test/auto/Clock8.xml (RunModel)" time="0.014" />
  <testcase classname="ptolemy.util.test.junit.AutoTests" name="[68] /home/travis/build/icyphy/ptII/ptolemy/actor/lib/test/auto/Clock9.xml (RunModel)" time="0.013" />
  <testcase classname="ptolemy.util.test.junit.AutoTests" name="[69] /home/travis/build/icyphy/ptII/ptolemy/actor/lib/test/auto/CommDistDiscard.xml (RunModel)" time="0.025" />
  <testcase classname="ptolemy.util.test.junit.AutoTests" name="[70] /home/travis/build/icyphy/ptII/ptolemy/actor/lib/test/auto/Commutator.xml (RunModel)" time="0.015" />
  <testcase classname="ptolemy.util.test.junit.AutoTests" name="[71] /home/travis/build/icyphy/ptII/ptolemy/actor/lib/test/auto/Commutator2.xml (RunModel)" time="0.011" />
  <testcase classname="ptolemy.util.test.junit.AutoTests" name="[72] /home/travis/build/icyphy/ptII/ptolemy/actor/lib/test/auto/Commutator3.xml (RunModel)" time="0.012" />
  <testcase classname="ptolemy.util.test.junit.AutoTests" name="[73] /home/travis/build/icyphy/ptII/ptolemy/actor/lib/test/auto/Compare.xml (RunModel)" time="0.019" />
  <testcase classname="ptolemy.util.test.junit.AutoTests" name="[74] /home/travis/build/icyphy/ptII/ptolemy/actor/lib/test/auto/CompareDE.xml (RunModel)" time="0.016" />
  <testcase classname="ptolemy.util.test.junit.AutoTests" name="[75] /home/travis/build/icyphy/ptII/ptolemy/actor/lib/test/auto/ComplexDivide.xml (RunModel)" time="0.011" />
  <testcase classname="ptolemy.util.test.junit.AutoTests" name="[76] /home/travis/build/icyphy/ptII/ptolemy/actor/lib/test/auto/ComputeHistogram.xml (RunModel)" time="0.071" />
  <testcase classname="ptolemy.util.test.junit.AutoTests" name="[77] /home/travis/build/icyphy/ptII/ptolemy/actor/lib/test/auto/ConfigurationSelect.xml (RunModel)" time="0.023" />
  <testcase classname="ptolemy.util.test.junit.AutoTests" name="[78] /home/travis/build/icyphy/ptII/ptolemy/actor/lib/test/auto/ConfigurationSelect2.xml (RunModel)" time="0.016" />
  <testcase classname="ptolemy.util.test.junit.AutoTests" name="[79] /home/travis/build/icyphy/ptII/ptolemy/actor/lib/test/auto/ConfigurationSwitch.xml (RunModel)" time="0.035" />
  <testcase classname="ptolemy.util.test.junit.AutoTests" name="[80] /home/travis/build/icyphy/ptII/ptolemy/actor/lib/test/auto/ConfigurationSwitch2.xml (RunModel)" time="0.025" />
  <testcase classname="ptolemy.util.test.junit.AutoTests" name="[81] /home/travis/build/icyphy/ptII/ptolemy/actor/lib/test/auto/ConfigurationSwitchCloningBugWithClassRelationGroup.xml (RunModel)" time="0.024" />
  <testcase classname="ptolemy.util.test.junit.AutoTests" name="[82] /home/travis/build/icyphy/ptII/ptolemy/actor/lib/test/auto/ConfigurationSwitchSelectSDF.xml (RunModel)" time="0.017" />
  <testcase classname="ptolemy.util.test.junit.AutoTests" name="[83] /home/travis/build/icyphy/ptII/ptolemy/actor/lib/test/auto/ConfigurationSwitchSelectSDF2.xml (RunModel)" time="0.017" />
  <testcase classname="ptolemy.util.test.junit.AutoTests" name="[84] /home/travis/build/icyphy/ptII/ptolemy/actor/lib/test/auto/Const.xml (RunModel)" time="0.008" />
  <testcase classname="ptolemy.util.test.junit.AutoTests" name="[85] /home/travis/build/icyphy/ptII/ptolemy/actor/lib/test/auto/Const2.xml (RunModel)" time="0.012" />
  <testcase classname="ptolemy.util.test.junit.AutoTests" name="[86] /home/travis/build/icyphy/ptII/ptolemy/actor/lib/test/auto/Const3.xml (RunModel)" time="0.009" />
  <testcase classname="ptolemy.util.test.junit.AutoTests" name="[87] /home/travis/build/icyphy/ptII/ptolemy/actor/lib/test/auto/ConstantPublisherPort1.xml (RunModel)" time="0.03" />
  <testcase classname="ptolemy.util.test.junit.AutoTests" name="[88] /home/travis/build/icyphy/ptII/ptolemy/actor/lib/test/auto/ConstantPublisherPort2.xml (RunModel)" time="0.024" />
  <testcase classname="ptolemy.util.test.junit.AutoTests" name="[89] /home/travis/build/icyphy/ptII/ptolemy/actor/lib/test/auto/ConstantPublisherPort3.xml (RunModel)" time="0.026" />
  <testcase classname="ptolemy.util.test.junit.AutoTests" name="[90] /home/travis/build/icyphy/ptII/ptolemy/actor/lib/test/auto/ConstantPublisherPort4.xml (RunModel)" time="0.032" />
  <testcase classname="ptolemy.util.test.junit.AutoTests" name="[91] /home/travis/build/icyphy/ptII/ptolemy/actor/lib/test/auto/ConstantPublisherPort5.xml (RunModel)" time="0.053" />
  <testcase classname="ptolemy.util.test.junit.AutoTests" name="[92] /home/travis/build/icyphy/ptII/ptolemy/actor/lib/test/auto/ConstantPublisherPort6.xml (RunModel)" time="0.031" />
  <testcase classname="ptolemy.util.test.junit.AutoTests" name="[93] /home/travis/build/icyphy/ptII/ptolemy/actor/lib/test/auto/ConstantPublisherPort7.xml (RunModel)" time="0.044" />
  <testcase classname="ptolemy.util.test.junit.AutoTests" name="[94] /home/travis/build/icyphy/ptII/ptolemy/actor/lib/test/auto/ConstraintMonitor1.xml (RunModel)" time="0.041" />
  <testcase classname="ptolemy.util.test.junit.AutoTests" name="[95] /home/travis/build/icyphy/ptII/ptolemy/actor/lib/test/auto/ConstraintMonitor2.xml (RunModel)" time="0.014" />
  <testcase classname="ptolemy.util.test.junit.AutoTests" name="[96] /home/travis/build/icyphy/ptII/ptolemy/actor/lib/test/auto/ConstraintMonitor3.xml (RunModel)" time="0.015" />
  <testcase classname="ptolemy.util.test.junit.AutoTests" name="[97] /home/travis/build/icyphy/ptII/ptolemy/actor/lib/test/auto/ConstraintMonitor4.xml (RunModel)" time="0.012" />
  <testcase classname="ptolemy.util.test.junit.AutoTests" name="[98] /home/travis/build/icyphy/ptII/ptolemy/actor/lib/test/auto/ConstraintMonitor5.xml (RunModel)" time="0.015" />
  <testcase classname="ptolemy.util.test.junit.AutoTests" name="[99] /home/travis/build/icyphy/ptII/ptolemy/actor/lib/test/auto/ConstraintMonitor6.xml (RunModel)" time="0.02" />
  <testcase classname="ptolemy.util.test.junit.AutoTests" name="[100] /home/travis/build/icyphy/ptII/ptolemy/actor/lib/test/auto/ConstraintMonitor7.xml (RunModel)" time="0.016" />
  <testcase classname="ptolemy.util.test.junit.AutoTests" name="[101] /home/travis/build/icyphy/ptII/ptolemy/actor/lib/test/auto/ConstraintMonitor8.xml (RunModel)" time="0.017" />
  <testcase classname="ptolemy.util.test.junit.AutoTests" name="[102] /home/travis/build/icyphy/ptII/ptolemy/actor/lib/test/auto/Counter.xml (RunModel)" time="0.013" />
  <testcase classname="ptolemy.util.test.junit.AutoTests" name="[103] /home/travis/build/icyphy/ptII/ptolemy/actor/lib/test/auto/CurrentTimeSDF.xml (RunModel)" time="0.01" />
  <testcase classname="ptolemy.util.test.junit.AutoTests" name="[104] /home/travis/build/icyphy/ptII/ptolemy/actor/lib/test/auto/DB.xml (RunModel)" time="0.013" />
  <testcase classname="ptolemy.util.test.junit.AutoTests" name="[105] /home/travis/build/icyphy/ptII/ptolemy/actor/lib/test/auto/DBDE.xml (RunModel)" time="0.015" />
  <testcase classname="ptolemy.util.test.junit.AutoTests" name="[106] /home/travis/build/icyphy/ptII/ptolemy/actor/lib/test/auto/DateConstructor.xml (RunModel)" time="0.071" />
  <testcase classname="ptolemy.util.test.junit.AutoTests" name="[107] /home/travis/build/icyphy/ptII/ptolemy/actor/lib/test/auto/DelayTime.xml (RunModel)" time="0.016" />
  <testcase classname="ptolemy.util.test.junit.AutoTests" name="[108] /home/travis/build/icyphy/ptII/ptolemy/actor/lib/test/auto/Dictionary1.xml (RunModel)" time="0.021" />
  <testcase classname="ptolemy.util.test.junit.AutoTests" name="[109] /home/travis/build/icyphy/ptII/ptolemy/actor/lib/test/auto/Dictionary2.xml (RunModel)" time="0.015" />
  <testcase classname="ptolemy.util.test.junit.AutoTests" name="[110] /home/travis/build/icyphy/ptII/ptolemy/actor/lib/test/auto/Dictionary3.xml (RunModel)" time="0.013" />
  <testcase classname="ptolemy.util.test.junit.AutoTests" name="[111] /home/travis/build/icyphy/ptII/ptolemy/actor/lib/test/auto/Dictionary4.xml (RunModel)" time="0.019" />
  <testcase classname="ptolemy.util.test.junit.AutoTests" name="[112] /home/travis/build/icyphy/ptII/ptolemy/actor/lib/test/auto/Differential.xml (RunModel)" time="0.014" />
  <testcase classname="ptolemy.util.test.junit.AutoTests" name="[113] /home/travis/build/icyphy/ptII/ptolemy/actor/lib/test/auto/Director.xml (RunModel)" time="0.01" />
  <testcase classname="ptolemy.util.test.junit.AutoTests" name="[114] /home/travis/build/icyphy/ptII/ptolemy/actor/lib/test/auto/DiscreteClock.xml (RunModel)" time="0.009" />
  <testcase classname="ptolemy.util.test.junit.AutoTests" name="[115] /home/travis/build/icyphy/ptII/ptolemy/actor/lib/test/auto/DiscreteClock10.xml (RunModel)" time="0.015" />
  <testcase classname="ptolemy.util.test.junit.AutoTests" name="[116] /home/travis/build/icyphy/ptII/ptolemy/actor/lib/test/auto/DiscreteClock11.xml (RunModel)" time="0.012" />
  <testcase classname="ptolemy.util.test.junit.AutoTests" name="[117] /home/travis/build/icyphy/ptII/ptolemy/actor/lib/test/auto/DiscreteClock12.xml (RunModel)" time="0.014" />
  <testcase classname="ptolemy.util.test.junit.AutoTests" name="[118] /home/travis/build/icyphy/ptII/ptolemy/actor/lib/test/auto/DiscreteClock13.xml (RunModel)" time="0.015" />
  <testcase classname="ptolemy.util.test.junit.AutoTests" name="[119] /home/travis/build/icyphy/ptII/ptolemy/actor/lib/test/auto/DiscreteClock14.xml (RunModel)" time="0.014" />
  <testcase classname="ptolemy.util.test.junit.AutoTests" name="[120] /home/travis/build/icyphy/ptII/ptolemy/actor/lib/test/auto/DiscreteClock15.xml (RunModel)" time="0.012" />
  <testcase classname="ptolemy.util.test.junit.AutoTests" name="[121] /home/travis/build/icyphy/ptII/ptolemy/actor/lib/test/auto/DiscreteClock16.xml (RunModel)" time="0.045" />
  <testcase classname="ptolemy.util.test.junit.AutoTests" name="[122] /home/travis/build/icyphy/ptII/ptolemy/actor/lib/test/auto/DiscreteClock17.xml (RunModel)" time="0.059" />
  <testcase classname="ptolemy.util.test.junit.AutoTests" name="[123] /home/travis/build/icyphy/ptII/ptolemy/actor/lib/test/auto/DiscreteClock18.xml (RunModel)" time="0.046" />
  <testcase classname="ptolemy.util.test.junit.AutoTests" name="[124] /home/travis/build/icyphy/ptII/ptolemy/actor/lib/test/auto/DiscreteClock19.xml (RunModel)" time="0.042" />
  <testcase classname="ptolemy.util.test.junit.AutoTests" name="[125] /home/travis/build/icyphy/ptII/ptolemy/actor/lib/test/auto/DiscreteClock2.xml (RunModel)" time="0.011" />
  <testcase classname="ptolemy.util.test.junit.AutoTests" name="[126] /home/travis/build/icyphy/ptII/ptolemy/actor/lib/test/auto/DiscreteClock20.xml (RunModel)" time="0.015" />
  <testcase classname="ptolemy.util.test.junit.AutoTests" name="[127] /home/travis/build/icyphy/ptII/ptolemy/actor/lib/test/auto/DiscreteClock21.xml (RunModel)" time="0.015" />
  <testcase classname="ptolemy.util.test.junit.AutoTests" name="[128] /home/travis/build/icyphy/ptII/ptolemy/actor/lib/test/auto/DiscreteClock22.xml (RunModel)" time="0.014" />
  <testcase classname="ptolemy.util.test.junit.AutoTests" name="[129] /home/travis/build/icyphy/ptII/ptolemy/actor/lib/test/auto/DiscreteClock23.xml (RunModel)" time="0.014" />
  <testcase classname="ptolemy.util.test.junit.AutoTests" name="[130] /home/travis/build/icyphy/ptII/ptolemy/actor/lib/test/auto/DiscreteClock24.xml (RunModel)" time="0.014" />
  <testcase classname="ptolemy.util.test.junit.AutoTests" name="[131] /home/travis/build/icyphy/ptII/ptolemy/actor/lib/test/auto/DiscreteClock4.xml (RunModel)" time="0.011" />
  <testcase classname="ptolemy.util.test.junit.AutoTests" name="[132] /home/travis/build/icyphy/ptII/ptolemy/actor/lib/test/auto/DiscreteClock5.xml (RunModel)" time="0.009" />
  <testcase classname="ptolemy.util.test.junit.AutoTests" name="[133] /home/travis/build/icyphy/ptII/ptolemy/actor/lib/test/auto/DiscreteClock6.xml (RunModel)" time="0.016" />
  <testcase classname="ptolemy.util.test.junit.AutoTests" name="[134] /home/travis/build/icyphy/ptII/ptolemy/actor/lib/test/auto/DiscreteClock7.xml (RunModel)" time="0.012" />
  <testcase classname="ptolemy.util.test.junit.AutoTests" name="[135] /home/travis/build/icyphy/ptII/ptolemy/actor/lib/test/auto/DiscreteClock8.xml (RunModel)" time="0.029" />
  <testcase classname="ptolemy.util.test.junit.AutoTests" name="[136] /home/travis/build/icyphy/ptII/ptolemy/actor/lib/test/auto/DiscreteClock9.xml (RunModel)" time="0.013" />
  <testcase classname="ptolemy.util.test.junit.AutoTests" name="[137] /home/travis/build/icyphy/ptII/ptolemy/actor/lib/test/auto/DisplayArray.xml (RunModel)" time="0.009" />
  <testcase classname="ptolemy.util.test.junit.AutoTests" name="[138] /home/travis/build/icyphy/ptII/ptolemy/actor/lib/test/auto/Distributor.xml (RunModel)" time="0.009" />
  <testcase classname="ptolemy.util.test.junit.AutoTests" name="[139] /home/travis/build/icyphy/ptII/ptolemy/actor/lib/test/auto/Distributor2.xml (RunModel)" time="0.013" />
  <testcase classname="ptolemy.util.test.junit.AutoTests" name="[140] /home/travis/build/icyphy/ptII/ptolemy/actor/lib/test/auto/DownSample.xml (RunModel)" time="0.012" />
  <testcase classname="ptolemy.util.test.junit.AutoTests" name="[141] /home/travis/build/icyphy/ptII/ptolemy/actor/lib/test/auto/ElectronicUnitBase1.xml (RunModel)" time="0.091" />
  <testcase classname="ptolemy.util.test.junit.AutoTests" name="[142] /home/travis/build/icyphy/ptII/ptolemy/actor/lib/test/auto/ElementsToArray.xml (RunModel)" time="0.011" />
  <testcase classname="ptolemy.util.test.junit.AutoTests" name="[143] /home/travis/build/icyphy/ptII/ptolemy/actor/lib/test/auto/Equals.xml (RunModel)" time="0.015" />
  <testcase classname="ptolemy.util.test.junit.AutoTests" name="[144] /home/travis/build/icyphy/ptII/ptolemy/actor/lib/test/auto/Exec.xml (RunModel)" time="0.034" />
  <testcase classname="ptolemy.util.test.junit.AutoTests" name="[145] /home/travis/build/icyphy/ptII/ptolemy/actor/lib/test/auto/ExecEnvironment.xml (RunModel)" time="0.046" />
  <testcase classname="ptolemy.util.test.junit.AutoTests" name="[146] /home/travis/build/icyphy/ptII/ptolemy/actor/lib/test/auto/ExecNonZeroReturnOutput.xml (RunModel)" time="0.219" />
  <testcase classname="ptolemy.util.test.junit.AutoTests" name="[147] /home/travis/build/icyphy/ptII/ptolemy/actor/lib/test/auto/ExecRunDemos.xml (RunModel)" time="10.631" />
  <testcase classname="ptolemy.util.test.junit.AutoTests" name="[148] /home/travis/build/icyphy/ptII/ptolemy/actor/lib/test/auto/ExecStop.xml (RunModel)" time="5.034" />
  <testcase classname="ptolemy.util.test.junit.AutoTests" name="[149] /home/travis/build/icyphy/ptII/ptolemy/actor/lib/test/auto/ExecutionTimeSDF.xml (RunModel)" time="6.05" />
  <testcase classname="ptolemy.util.test.junit.AutoTests" name="[150] /home/travis/build/icyphy/ptII/ptolemy/actor/lib/test/auto/Expression1.xml (RunModel)" time="0.016" />
  <testcase classname="ptolemy.util.test.junit.AutoTests" name="[151] /home/travis/build/icyphy/ptII/ptolemy/actor/lib/test/auto/Expression10.xml (RunModel)" time="0.019" />
  <testcase classname="ptolemy.util.test.junit.AutoTests" name="[152] /home/travis/build/icyphy/ptII/ptolemy/actor/lib/test/auto/Expression11.xml (RunModel)" time="0.01" />
  <testcase classname="ptolemy.util.test.junit.AutoTests" name="[153] /home/travis/build/icyphy/ptII/ptolemy/actor/lib/test/auto/Expression12.xml (RunModel)" time="0.013" />
  <testcase classname="ptolemy.util.test.junit.AutoTests" name="[154] /home/travis/build/icyphy/ptII/ptolemy/actor/lib/test/auto/Expression13.xml (RunModel)" time="0.011" />
  <testcase classname="ptolemy.util.test.junit.AutoTests" name="[155] /home/travis/build/icyphy/ptII/ptolemy/actor/lib/test/auto/Expression14.xml (RunModel)" time="0.02" />
  <testcase classname="ptolemy.util.test.junit.AutoTests" name="[156] /home/travis/build/icyphy/ptII/ptolemy/actor/lib/test/auto/Expression15.xml (RunModel)" time="0.008" />
  <testcase classname="ptolemy.util.test.junit.AutoTests" name="[157] /home/travis/build/icyphy/ptII/ptolemy/actor/lib/test/auto/Expression16.xml (RunModel)" time="0.014" />
  <testcase classname="ptolemy.util.test.junit.AutoTests" name="[158] /home/travis/build/icyphy/ptII/ptolemy/actor/lib/test/auto/Expression17.xml (RunModel)" time="0.012" />
  <testcase classname="ptolemy.util.test.junit.AutoTests" name="[159] /home/travis/build/icyphy/ptII/ptolemy/actor/lib/test/auto/Expression18.xml (RunModel)" time="0.018" />
  <testcase classname="ptolemy.util.test.junit.AutoTests" name="[160] /home/travis/build/icyphy/ptII/ptolemy/actor/lib/test/auto/Expression2.xml (RunModel)" time="0.013" />
  <testcase classname="ptolemy.util.test.junit.AutoTests" name="[161] /home/travis/build/icyphy/ptII/ptolemy/actor/lib/test/auto/Expression3.xml (RunModel)" time="0.013" />
  <testcase classname="ptolemy.util.test.junit.AutoTests" name="[162] /home/travis/build/icyphy/ptII/ptolemy/actor/lib/test/auto/Expression4.xml (RunModel)" time="0.019" />
  <testcase classname="ptolemy.util.test.junit.AutoTests" name="[163] /home/travis/build/icyphy/ptII/ptolemy/actor/lib/test/auto/Expression5.xml (RunModel)" time="0.014" />
  <testcase classname="ptolemy.util.test.junit.AutoTests" name="[164] /home/travis/build/icyphy/ptII/ptolemy/actor/lib/test/auto/Expression6.xml (RunModel)" time="0.008" />
  <testcase classname="ptolemy.util.test.junit.AutoTests" name="[165] /home/travis/build/icyphy/ptII/ptolemy/actor/lib/test/auto/Expression7.xml (RunModel)" time="0.013" />
  <testcase classname="ptolemy.util.test.junit.AutoTests" name="[166] /home/travis/build/icyphy/ptII/ptolemy/actor/lib/test/auto/Expression8.xml (RunModel)" time="0.015" />
  <testcase classname="ptolemy.util.test.junit.AutoTests" name="[167] /home/travis/build/icyphy/ptII/ptolemy/actor/lib/test/auto/Expression9.xml (RunModel)" time="0.008" />
  <testcase classname="ptolemy.util.test.junit.AutoTests" name="[168] /home/travis/build/icyphy/ptII/ptolemy/actor/lib/test/auto/ExpressionConcatenateArrayType.xml (RunModel)" time="0.058" />
  <testcase classname="ptolemy.util.test.junit.AutoTests" name="[169] /home/travis/build/icyphy/ptII/ptolemy/actor/lib/test/auto/ExpressionConcatenateArrayType2.xml (RunModel)" time="0.022" />
  <testcase classname="ptolemy.util.test.junit.AutoTests" name="[170] /home/travis/build/icyphy/ptII/ptolemy/actor/lib/test/auto/ExpressionFix.xml (RunModel)" time="0.044" />
  <testcase classname="ptolemy.util.test.junit.AutoTests" name="[171] /home/travis/build/icyphy/ptII/ptolemy/actor/lib/test/auto/ExpressionFix2.xml (RunModel)" time="0.016" />
  <testcase classname="ptolemy.util.test.junit.AutoTests" name="[172] /home/travis/build/icyphy/ptII/ptolemy/actor/lib/test/auto/ExpressionFix3.xml (RunModel)" time="0.014" />
  <testcase classname="ptolemy.util.test.junit.AutoTests" name="[173] /home/travis/build/icyphy/ptII/ptolemy/actor/lib/test/auto/FileWriter1.xml (RunModel)" time="0.009" />
  <testcase classname="ptolemy.util.test.junit.AutoTests" name="[174] /home/travis/build/icyphy/ptII/ptolemy/actor/lib/test/auto/FileWriter2.xml (RunModel)" time="0.009" />
  <testcase classname="ptolemy.util.test.junit.AutoTests" name="[175] /home/travis/build/icyphy/ptII/ptolemy/actor/lib/test/auto/FileWriter3.xml (RunModel)" time="0.01" />
  <testcase classname="ptolemy.util.test.junit.AutoTests" name="[176] /home/travis/build/icyphy/ptII/ptolemy/actor/lib/test/auto/Gaussian.xml (RunModel)" time="0.011" />
  <testcase classname="ptolemy.util.test.junit.AutoTests" name="[177] /home/travis/build/icyphy/ptII/ptolemy/actor/lib/test/auto/Gaussian1.xml (RunModel)" time="0.021" />
  <testcase classname="ptolemy.util.test.junit.AutoTests" name="[178] /home/travis/build/icyphy/ptII/ptolemy/actor/lib/test/auto/Gaussian2.xml (RunModel)" time="0.02" />
  <testcase classname="ptolemy.util.test.junit.AutoTests" name="[179] /home/travis/build/icyphy/ptII/ptolemy/actor/lib/test/auto/GradientAdaptiveLattice.xml (RunModel)" time="0.018" />
  <testcase classname="ptolemy.util.test.junit.AutoTests" name="[180] /home/travis/build/icyphy/ptII/ptolemy/actor/lib/test/auto/IIR.xml (RunModel)" time="0.011" />
  <testcase classname="ptolemy.util.test.junit.AutoTests" name="[181] /home/travis/build/icyphy/ptII/ptolemy/actor/lib/test/auto/InputOutputTransparentPorts.xml (RunModel)" time="0.017" />
  <testcase classname="ptolemy.util.test.junit.AutoTests" name="[182] /home/travis/build/icyphy/ptII/ptolemy/actor/lib/test/auto/Interpolator.xml (RunModel)" time="0.012" />
  <testcase classname="ptolemy.util.test.junit.AutoTests" name="[183] /home/travis/build/icyphy/ptII/ptolemy/actor/lib/test/auto/InterpolatorFiringLimitDE.xml (RunModel)" time="0.014" />
  <testcase classname="ptolemy.util.test.junit.AutoTests" name="[184] /home/travis/build/icyphy/ptII/ptolemy/actor/lib/test/auto/Lattice.xml (RunModel)" time="0.009" />
  <testcase classname="ptolemy.util.test.junit.AutoTests" name="[185] /home/travis/build/icyphy/ptII/ptolemy/actor/lib/test/auto/LazyAOCTestLazy.xml (RunModel)" time="0.044" />
  <testcase classname="ptolemy.util.test.junit.AutoTests" name="[186] /home/travis/build/icyphy/ptII/ptolemy/actor/lib/test/auto/LazyAOCTestNonLazy.xml (RunModel)" time="0.024" />
  <testcase classname="ptolemy.util.test.junit.AutoTests" name="[187] /home/travis/build/icyphy/ptII/ptolemy/actor/lib/test/auto/LazyInnerClass.xml (RunModel)" time="0.048" />
  <testcase classname="ptolemy.util.test.junit.AutoTests" name="[188] /home/travis/build/icyphy/ptII/ptolemy/actor/lib/test/auto/LazyPubSub.xml (RunModel)" time="0.057" />
  <testcase classname="ptolemy.util.test.junit.AutoTests" name="[189] /home/travis/build/icyphy/ptII/ptolemy/actor/lib/test/auto/LazyPubSub2.xml (RunModel)" time="0.035" />
  <testcase classname="ptolemy.util.test.junit.AutoTests" name="[190] /home/travis/build/icyphy/ptII/ptolemy/actor/lib/test/auto/LazyPubSub3.xml (RunModel)" time="0.025" />
  <testcase classname="ptolemy.util.test.junit.AutoTests" name="[191] /home/travis/build/icyphy/ptII/ptolemy/actor/lib/test/auto/LazySubClassModel.xml (RunModel)" time="0.021" />
  <testcase classname="ptolemy.util.test.junit.AutoTests" name="[192] /home/travis/build/icyphy/ptII/ptolemy/actor/lib/test/auto/LevelCrossTest1.xml (RunModel)" time="0.012" />
  <testcase classname="ptolemy.util.test.junit.AutoTests" name="[193] /home/travis/build/icyphy/ptII/ptolemy/actor/lib/test/auto/LevelCrossTest10.xml (RunModel)" time="0.014" />
  <testcase classname="ptolemy.util.test.junit.AutoTests" name="[194] /home/travis/build/icyphy/ptII/ptolemy/actor/lib/test/auto/LevelCrossTest11.xml (RunModel)" time="0.016" />
  <testcase classname="ptolemy.util.test.junit.AutoTests" name="[195] /home/travis/build/icyphy/ptII/ptolemy/actor/lib/test/auto/LevelCrossTest12.xml (RunModel)" time="0.016" />
  <testcase classname="ptolemy.util.test.junit.AutoTests" name="[196] /home/travis/build/icyphy/ptII/ptolemy/actor/lib/test/auto/LevelCrossTest13.xml (RunModel)" time="0.017" />
  <testcase classname="ptolemy.util.test.junit.AutoTests" name="[197] /home/travis/build/icyphy/ptII/ptolemy/actor/lib/test/auto/LevelCrossTest2.xml (RunModel)" time="0.01" />
  <testcase classname="ptolemy.util.test.junit.AutoTests" name="[198] /home/travis/build/icyphy/ptII/ptolemy/actor/lib/test/auto/LevelCrossTest3.xml (RunModel)" time="0.014" />
  <testcase classname="ptolemy.util.test.junit.AutoTests" name="[199] /home/travis/build/icyphy/ptII/ptolemy/actor/lib/test/auto/LevelCrossTest4.xml (RunModel)" time="0.012" />
  <testcase classname="ptolemy.util.test.junit.AutoTests" name="[200] /home/travis/build/icyphy/ptII/ptolemy/actor/lib/test/auto/LevelCrossTest5.xml (RunModel)" time="0.013" />
  <testcase classname="ptolemy.util.test.junit.AutoTests" name="[201] /home/travis/build/icyphy/ptII/ptolemy/actor/lib/test/auto/LevelCrossTest6.xml (RunModel)" time="0.018" />
  <testcase classname="ptolemy.util.test.junit.AutoTests" name="[202] /home/travis/build/icyphy/ptII/ptolemy/actor/lib/test/auto/LevelCrossTest7.xml (RunModel)" time="0.025" />
  <testcase classname="ptolemy.util.test.junit.AutoTests" name="[203] /home/travis/build/icyphy/ptII/ptolemy/actor/lib/test/auto/LevelCrossTest8.xml (RunModel)" time="0.015" />
  <testcase classname="ptolemy.util.test.junit.AutoTests" name="[204] /home/travis/build/icyphy/ptII/ptolemy/actor/lib/test/auto/LevelCrossTest9.xml (RunModel)" time="0.014" />
  <testcase classname="ptolemy.util.test.junit.AutoTests" name="[205] /home/travis/build/icyphy/ptII/ptolemy/actor/lib/test/auto/LevinsonDurbin.xml (RunModel)" time="0.011" />
  <testcase classname="ptolemy.util.test.junit.AutoTests" name="[206] /home/travis/build/icyphy/ptII/ptolemy/actor/lib/test/auto/LevinsonDurbin2.xml (RunModel)" time="0.011" />
  <testcase classname="ptolemy.util.test.junit.AutoTests" name="[207] /home/travis/build/icyphy/ptII/ptolemy/actor/lib/test/auto/LevinsonDurbin3.xml (RunModel)" time="0.011" />
  <testcase classname="ptolemy.util.test.junit.AutoTests" name="[208] /home/travis/build/icyphy/ptII/ptolemy/actor/lib/test/auto/Limiter.xml (RunModel)" time="0.042" />
  <testcase classname="ptolemy.util.test.junit.AutoTests" name="[209] /home/travis/build/icyphy/ptII/ptolemy/actor/lib/test/auto/LinearDifferenceEquationSystem.xml (RunModel)" time="0.025" />
  <testcase classname="ptolemy.util.test.junit.AutoTests" name="[210] /home/travis/build/icyphy/ptII/ptolemy/actor/lib/test/auto/LookupTable.xml (RunModel)" time="0.016" />
  <testcase classname="ptolemy.util.test.junit.AutoTests" name="[211] /home/travis/build/icyphy/ptII/ptolemy/actor/lib/test/auto/MathFunction.xml (RunModel)" time="0.027" />
  <testcase classname="ptolemy.util.test.junit.AutoTests" name="[212] /home/travis/build/icyphy/ptII/ptolemy/actor/lib/test/auto/MathFunction2.xml (RunModel)" time="0.014" />
  <testcase classname="ptolemy.util.test.junit.AutoTests" name="[213] /home/travis/build/icyphy/ptII/ptolemy/actor/lib/test/auto/MathFunction3.xml (RunModel)" time="0.02" />
  <testcase classname="ptolemy.util.test.junit.AutoTests" name="[214] /home/travis/build/icyphy/ptII/ptolemy/actor/lib/test/auto/MatrixCropBoolean.xml (RunModel)" time="0.01" />
  <testcase classname="ptolemy.util.test.junit.AutoTests" name="[215] /home/travis/build/icyphy/ptII/ptolemy/actor/lib/test/auto/MatrixCropComplex.xml (RunModel)" time="0.009" />
  <testcase classname="ptolemy.util.test.junit.AutoTests" name="[216] /home/travis/build/icyphy/ptII/ptolemy/actor/lib/test/auto/MatrixCropDouble.xml (RunModel)" time="0.009" />
  <testcase classname="ptolemy.util.test.junit.AutoTests" name="[217] /home/travis/build/icyphy/ptII/ptolemy/actor/lib/test/auto/MatrixCropFix.xml (RunModel)" time="0.013" />
  <testcase classname="ptolemy.util.test.junit.AutoTests" name="[218] /home/travis/build/icyphy/ptII/ptolemy/actor/lib/test/auto/MatrixCropInt.xml (RunModel)" time="0.01" />
  <testcase classname="ptolemy.util.test.junit.AutoTests" name="[219] /home/travis/build/icyphy/ptII/ptolemy/actor/lib/test/auto/MatrixCropLong.xml (RunModel)" time="0.009" />
  <testcase classname="ptolemy.util.test.junit.AutoTests" name="[220] /home/travis/build/icyphy/ptII/ptolemy/actor/lib/test/auto/MatrixToArray.xml (RunModel)" time="0.062" />
  <testcase classname="ptolemy.util.test.junit.AutoTests" name="[221] /home/travis/build/icyphy/ptII/ptolemy/actor/lib/test/auto/MaxIndex.xml (RunModel)" time="0.019" />
  <testcase classname="ptolemy.util.test.junit.AutoTests" name="[222] /home/travis/build/icyphy/ptII/ptolemy/actor/lib/test/auto/Maximum.xml (RunModel)" time="0.014" />
  <testcase classname="ptolemy.util.test.junit.AutoTests" name="[223] /home/travis/build/icyphy/ptII/ptolemy/actor/lib/test/auto/MaximumComplex.xml (RunModel)" time="0.015" />
  <testcase classname="ptolemy.util.test.junit.AutoTests" name="[224] /home/travis/build/icyphy/ptII/ptolemy/actor/lib/test/auto/MethodCallTest.xml (RunModel)" time="0.026" />
  <testcase classname="ptolemy.util.test.junit.AutoTests" name="[225] /home/travis/build/icyphy/ptII/ptolemy/actor/lib/test/auto/Minimum.xml (RunModel)" time="0.016" />
  <testcase classname="ptolemy.util.test.junit.AutoTests" name="[226] /home/travis/build/icyphy/ptII/ptolemy/actor/lib/test/auto/MinimumComplex.xml (RunModel)" time="0.028" />
  <testcase classname="ptolemy.util.test.junit.AutoTests" name="[227] /home/travis/build/icyphy/ptII/ptolemy/actor/lib/test/auto/MinimumMultiports.xml (RunModel)" time="0.017" />
  <testcase classname="ptolemy.util.test.junit.AutoTests" name="[228] /home/travis/build/icyphy/ptII/ptolemy/actor/lib/test/auto/ModifyDate.xml (RunModel)" time="0.04" />
  <testcase classname="ptolemy.util.test.junit.AutoTests" name="[229] /home/travis/build/icyphy/ptII/ptolemy/actor/lib/test/auto/ModifyDate2.xml (RunModel)" time="0.037" />
  <testcase classname="ptolemy.util.test.junit.AutoTests" name="[230] /home/travis/build/icyphy/ptII/ptolemy/actor/lib/test/auto/MovingAverage.xml (RunModel)" time="0.011" />
  <testcase classname="ptolemy.util.test.junit.AutoTests" name="[231] /home/travis/build/icyphy/ptII/ptolemy/actor/lib/test/auto/MovingMaximum.xml (RunModel)" time="0.011" />
  <testcase classname="ptolemy.util.test.junit.AutoTests" name="[232] /home/travis/build/icyphy/ptII/ptolemy/actor/lib/test/auto/MultipleLinksToSameRelation.xml (RunModel)" time="0.026" />
  <testcase classname="ptolemy.util.test.junit.AutoTests" name="[233] /home/travis/build/icyphy/ptII/ptolemy/actor/lib/test/auto/MultipleLinksToSameRelationDE.xml (RunModel)" time="0.008" />
  <testcase classname="ptolemy.util.test.junit.AutoTests" name="[234] /home/travis/build/icyphy/ptII/ptolemy/actor/lib/test/auto/Multiplexor.xml (RunModel)" time="0.012" />
  <testcase classname="ptolemy.util.test.junit.AutoTests" name="[235] /home/travis/build/icyphy/ptII/ptolemy/actor/lib/test/auto/Multiplexor1.xml (RunModel)" time="0.012" />
  <testcase classname="ptolemy.util.test.junit.AutoTests" name="[236] /home/travis/build/icyphy/ptII/ptolemy/actor/lib/test/auto/Multiplexor2.xml (RunModel)" time="0.015" />
  <testcase classname="ptolemy.util.test.junit.AutoTests" name="[237] /home/travis/build/icyphy/ptII/ptolemy/actor/lib/test/auto/Multiplexor3.xml (RunModel)" time="0.009" />
  <testcase classname="ptolemy.util.test.junit.AutoTests" name="[238] /home/travis/build/icyphy/ptII/ptolemy/actor/lib/test/auto/MultiplexorDE.xml (RunModel)" time="0.017" />
  <testcase classname="ptolemy.util.test.junit.AutoTests" name="[239] /home/travis/build/icyphy/ptII/ptolemy/actor/lib/test/auto/MultiportBroadcastTest.xml (RunModel)" time="0.091" />
  <testcase classname="ptolemy.util.test.junit.AutoTests" name="[240] /home/travis/build/icyphy/ptII/ptolemy/actor/lib/test/auto/MultiportOutHangDuringGetWidth.xml (RunModel)" time="0.035" />
  <testcase classname="ptolemy.util.test.junit.AutoTests" name="[241] /home/travis/build/icyphy/ptII/ptolemy/actor/lib/test/auto/NilToken.xml (RunModel)" time="0.011" />
  <testcase classname="ptolemy.util.test.junit.AutoTests" name="[242] /home/travis/build/icyphy/ptII/ptolemy/actor/lib/test/auto/NilTokenNonStrictTest.xml (RunModel)" time="0.01" />
  <testcase classname="ptolemy.util.test.junit.AutoTests" name="[243] /home/travis/build/icyphy/ptII/ptolemy/actor/lib/test/auto/NilTokenRecord.xml (RunModel)" time="0.025" />
  <testcase classname="ptolemy.util.test.junit.AutoTests" name="[244] /home/travis/build/icyphy/ptII/ptolemy/actor/lib/test/auto/NilTokenTypeTest.xml (RunModel)" time="0.03" />
  <testcase classname="ptolemy.util.test.junit.AutoTests" name="[245] /home/travis/build/icyphy/ptII/ptolemy/actor/lib/test/auto/ObjectToken1.xml (RunModel)" time="0.01" />
  <testcase classname="ptolemy.util.test.junit.AutoTests" name="[246] /home/travis/build/icyphy/ptII/ptolemy/actor/lib/test/auto/OrderedMerge.xml (RunModel)" time="0.016" />
  <testcase classname="ptolemy.util.test.junit.AutoTests" name="[247] /home/travis/build/icyphy/ptII/ptolemy/actor/lib/test/auto/OrderedRecordDisassembler.xml (RunModel)" time="0.019" />
  <testcase classname="ptolemy.util.test.junit.AutoTests" name="[248] /home/travis/build/icyphy/ptII/ptolemy/actor/lib/test/auto/OrderedRecordDisassembler2.xml (RunModel)" time="0.019" />
  <testcase classname="ptolemy.util.test.junit.AutoTests" name="[249] /home/travis/build/icyphy/ptII/ptolemy/actor/lib/test/auto/OrderedRecordUpdater.xml (RunModel)" time="0.018" />
  <testcase classname="ptolemy.util.test.junit.AutoTests" name="[250] /home/travis/build/icyphy/ptII/ptolemy/actor/lib/test/auto/OrderedRecordUpdater2.xml (RunModel)" time="0.02" />
  <testcase classname="ptolemy.util.test.junit.AutoTests" name="[251] /home/travis/build/icyphy/ptII/ptolemy/actor/lib/test/auto/PhaseUnwrap.xml (RunModel)" time="0.014" />
  <testcase classname="ptolemy.util.test.junit.AutoTests" name="[252] /home/travis/build/icyphy/ptII/ptolemy/actor/lib/test/auto/PoissonClock.xml (RunModel)" time="0.01" />
  <testcase classname="ptolemy.util.test.junit.AutoTests" name="[253] /home/travis/build/icyphy/ptII/ptolemy/actor/lib/test/auto/PoissonClock2.xml (RunModel)" time="0.008" />
  <testcase classname="ptolemy.util.test.junit.AutoTests" name="[254] /home/travis/build/icyphy/ptII/ptolemy/actor/lib/test/auto/PoissonClock3.xml (RunModel)" time="0.025" />
  <testcase classname="ptolemy.util.test.junit.AutoTests" name="[255] /home/travis/build/icyphy/ptII/ptolemy/actor/lib/test/auto/PubSubWithInitialTokens.xml (RunModel)" time="0.018" />
  <testcase classname="ptolemy.util.test.junit.AutoTests" name="[256] /home/travis/build/icyphy/ptII/ptolemy/actor/lib/test/auto/PubSubWithInitialTokens2.xml (RunModel)" time="0.016" />
  <testcase classname="ptolemy.util.test.junit.AutoTests" name="[257] /home/travis/build/icyphy/ptII/ptolemy/actor/lib/test/auto/PublisherClassNoParameter.xml (RunModel)" time="0.025" />
  <testcase classname="ptolemy.util.test.junit.AutoTests" name="[258] /home/travis/build/icyphy/ptII/ptolemy/actor/lib/test/auto/PublisherClassParameter.xml (RunModel)" time="0.022" />
  <testcase classname="ptolemy.util.test.junit.AutoTests" name="[259] /home/travis/build/icyphy/ptII/ptolemy/actor/lib/test/auto/PublisherNonStrictTest.xml (RunModel)" time="0.015" />
  <testcase classname="ptolemy.util.test.junit.AutoTests" name="[260] /home/travis/build/icyphy/ptII/ptolemy/actor/lib/test/auto/PublisherPort1.xml (RunModel)" time="0.017" />
  <testcase classname="ptolemy.util.test.junit.AutoTests" name="[261] /home/travis/build/icyphy/ptII/ptolemy/actor/lib/test/auto/PublisherPort2.xml (RunModel)" time="0.013" />
  <testcase classname="ptolemy.util.test.junit.AutoTests" name="[262] /home/travis/build/icyphy/ptII/ptolemy/actor/lib/test/auto/PublisherPort3.xml (RunModel)" time="0.01" />
  <testcase classname="ptolemy.util.test.junit.AutoTests" name="[263] /home/travis/build/icyphy/ptII/ptolemy/actor/lib/test/auto/PublisherPort4.xml (RunModel)" time="0.015" />
  <testcase classname="ptolemy.util.test.junit.AutoTests" name="[264] /home/travis/build/icyphy/ptII/ptolemy/actor/lib/test/auto/PublisherPort5.xml (RunModel)" time="0.014" />
  <testcase classname="ptolemy.util.test.junit.AutoTests" name="[265] /home/travis/build/icyphy/ptII/ptolemy/actor/lib/test/auto/PublisherPort5LookAlike.xml (RunModel)" time="0.018" />
  <testcase classname="ptolemy.util.test.junit.AutoTests" name="[266] /home/travis/build/icyphy/ptII/ptolemy/actor/lib/test/auto/PublisherPort6.xml (RunModel)" time="0.011" />
  <testcase classname="ptolemy.util.test.junit.AutoTests" name="[267] /home/travis/build/icyphy/ptII/ptolemy/actor/lib/test/auto/PublisherPort7.xml (RunModel)" time="0.015" />
  <testcase classname="ptolemy.util.test.junit.AutoTests" name="[268] /home/travis/build/icyphy/ptII/ptolemy/actor/lib/test/auto/PublisherPort8.xml (RunModel)" time="0.023" />
  <testcase classname="ptolemy.util.test.junit.AutoTests" name="[269] /home/travis/build/icyphy/ptII/ptolemy/actor/lib/test/auto/PublisherPortSubscriberChannelVariablesAOC2.xml (RunModel)" time="0.033" />
  <testcase classname="ptolemy.util.test.junit.AutoTests" name="[270] /home/travis/build/icyphy/ptII/ptolemy/actor/lib/test/auto/PublisherPortSubscriberOpaqueWidthInference.xml (RunModel)" time="0.016" />
  <testcase classname="ptolemy.util.test.junit.AutoTests" name="[271] /home/travis/build/icyphy/ptII/ptolemy/actor/lib/test/auto/PublisherPortSubscriberPortAdjacent.xml (RunModel)" time="0.018" />
  <testcase classname="ptolemy.util.test.junit.AutoTests" name="[272] /home/travis/build/icyphy/ptII/ptolemy/actor/lib/test/auto/PublisherPortSubscriberPortExpression.xml (RunModel)" time="0.036" />
  <testcase classname="ptolemy.util.test.junit.AutoTests" name="[273] /home/travis/build/icyphy/ptII/ptolemy/actor/lib/test/auto/PublisherPortSubscriberPortOpaqueD3Reverse.xml (RunModel)" time="0.042" />
  <testcase classname="ptolemy.util.test.junit.AutoTests" name="[274] /home/travis/build/icyphy/ptII/ptolemy/actor/lib/test/auto/PublisherPortSubscriberPortOpaqueWidthInference.xml (RunModel)" time="0.016" />
  <testcase classname="ptolemy.util.test.junit.AutoTests" name="[275] /home/travis/build/icyphy/ptII/ptolemy/actor/lib/test/auto/PublisherPortToplevelSubscriberPortAOC.xml (RunModel)" time="0.013" />
  <testcase classname="ptolemy.util.test.junit.AutoTests" name="[276] /home/travis/build/icyphy/ptII/ptolemy/actor/lib/test/auto/PublisherSubscriber.xml (RunModel)" time="0.013" />
  <testcase classname="ptolemy.util.test.junit.AutoTests" name="[277] /home/travis/build/icyphy/ptII/ptolemy/actor/lib/test/auto/PublisherSubscriber10.xml (RunModel)" time="0.021" />
  <testcase classname="ptolemy.util.test.junit.AutoTests" name="[278] /home/travis/build/icyphy/ptII/ptolemy/actor/lib/test/auto/PublisherSubscriber10InitialOutputs.xml (RunModel)" time="0.033" />
  <testcase classname="ptolemy.util.test.junit.AutoTests" name="[279] /home/travis/build/icyphy/ptII/ptolemy/actor/lib/test/auto/PublisherSubscriber11.xml (RunModel)" time="0.025" />
  <testcase classname="ptolemy.util.test.junit.AutoTests" name="[280] /home/travis/build/icyphy/ptII/ptolemy/actor/lib/test/auto/PublisherSubscriber12.xml (RunModel)" time="0.015" />
  <testcase classname="ptolemy.util.test.junit.AutoTests" name="[281] /home/travis/build/icyphy/ptII/ptolemy/actor/lib/test/auto/PublisherSubscriber13.xml (RunModel)" time="0.011" />
  <testcase classname="ptolemy.util.test.junit.AutoTests" name="[282] /home/travis/build/icyphy/ptII/ptolemy/actor/lib/test/auto/PublisherSubscriber14.xml (RunModel)" time="0.018" />
  <testcase classname="ptolemy.util.test.junit.AutoTests" name="[283] /home/travis/build/icyphy/ptII/ptolemy/actor/lib/test/auto/PublisherSubscriber2.xml (RunModel)" time="0.01" />
  <testcase classname="ptolemy.util.test.junit.AutoTests" name="[284] /home/travis/build/icyphy/ptII/ptolemy/actor/lib/test/auto/PublisherSubscriber3.xml (RunModel)" time="0.009" />
  <testcase classname="ptolemy.util.test.junit.AutoTests" name="[285] /home/travis/build/icyphy/ptII/ptolemy/actor/lib/test/auto/PublisherSubscriber4.xml (RunModel)" time="0.008" />
  <testcase classname="ptolemy.util.test.junit.AutoTests" name="[286] /home/travis/build/icyphy/ptII/ptolemy/actor/lib/test/auto/PublisherSubscriber5.xml (RunModel)" time="0.011" />
  <testcase classname="ptolemy.util.test.junit.AutoTests" name="[287] /home/travis/build/icyphy/ptII/ptolemy/actor/lib/test/auto/PublisherSubscriber6.xml (RunModel)" time="0.02" />
  <testcase classname="ptolemy.util.test.junit.AutoTests" name="[288] /home/travis/build/icyphy/ptII/ptolemy/actor/lib/test/auto/PublisherSubscriber7.xml (RunModel)" time="0.018" />
  <testcase classname="ptolemy.util.test.junit.AutoTests" name="[289] /home/travis/build/icyphy/ptII/ptolemy/actor/lib/test/auto/PublisherSubscriber8.xml (RunModel)" time="0.028" />
  <testcase classname="ptolemy.util.test.junit.AutoTests" name="[290] /home/travis/build/icyphy/ptII/ptolemy/actor/lib/test/auto/PublisherSubscriber9.xml (RunModel)" time="0.017" />
  <testcase classname="ptolemy.util.test.junit.AutoTests" name="[291] /home/travis/build/icyphy/ptII/ptolemy/actor/lib/test/auto/PublisherSubscriberAdjacent.xml (RunModel)" time="0.014" />
  <testcase classname="ptolemy.util.test.junit.AutoTests" name="[292] /home/travis/build/icyphy/ptII/ptolemy/actor/lib/test/auto/PublisherSubscriberChannelVariablesAOC2.xml (RunModel)" time="0.024" />
  <testcase classname="ptolemy.util.test.junit.AutoTests" name="[293] /home/travis/build/icyphy/ptII/ptolemy/actor/lib/test/auto/PublisherSubscriberD3.xml (RunModel)" time="0.015" />
  <testcase classname="ptolemy.util.test.junit.AutoTests" name="[294] /home/travis/build/icyphy/ptII/ptolemy/actor/lib/test/auto/PublisherSubscriberD3Reverse.xml (RunModel)" time="0.014" />
  <testcase classname="ptolemy.util.test.junit.AutoTests" name="[295] /home/travis/build/icyphy/ptII/ptolemy/actor/lib/test/auto/PublisherSubscriberExpression.xml (RunModel)" time="0.02" />
  <testcase classname="ptolemy.util.test.junit.AutoTests" name="[296] /home/travis/build/icyphy/ptII/ptolemy/actor/lib/test/auto/PublisherSubscriberOpaque.xml (RunModel)" time="0.021" />
  <testcase classname="ptolemy.util.test.junit.AutoTests" name="[297] /home/travis/build/icyphy/ptII/ptolemy/actor/lib/test/auto/PublisherSubscriberOpaqueD3.xml (RunModel)" time="0.021" />
  <testcase classname="ptolemy.util.test.junit.AutoTests" name="[298] /home/travis/build/icyphy/ptII/ptolemy/actor/lib/test/auto/PublisherSubscriberOpaqueD3Reverse.xml (RunModel)" time="0.022" />
  <testcase classname="ptolemy.util.test.junit.AutoTests" name="[299] /home/travis/build/icyphy/ptII/ptolemy/actor/lib/test/auto/PublisherSubscriberOpaqueWidthInference.xml (RunModel)" time="0.016" />
  <testcase classname="ptolemy.util.test.junit.AutoTests" name="[300] /home/travis/build/icyphy/ptII/ptolemy/actor/lib/test/auto/PublisherTestSubscriber.xml (RunModel)" time="0.016" />
  <testcase classname="ptolemy.util.test.junit.AutoTests" name="[301] /home/travis/build/icyphy/ptII/ptolemy/actor/lib/test/auto/PublisherToplevelSubscriberPortAOC.xml (RunModel)" time="0.014" />
  <testcase classname="ptolemy.util.test.junit.AutoTests" name="[302] /home/travis/build/icyphy/ptII/ptolemy/actor/lib/test/auto/PulseFiringLimitDE.xml (RunModel)" time="0.014" />
  <testcase classname="ptolemy.util.test.junit.AutoTests" name="[303] /home/travis/build/icyphy/ptII/ptolemy/actor/lib/test/auto/Ramp1.xml (RunModel)" time="0.006" />
  <testcase classname="ptolemy.util.test.junit.AutoTests" name="[304] /home/travis/build/icyphy/ptII/ptolemy/actor/lib/test/auto/RampFiringLimitDE.xml (RunModel)" time="0.01" />
  <testcase classname="ptolemy.util.test.junit.AutoTests" name="[305] /home/travis/build/icyphy/ptII/ptolemy/actor/lib/test/auto/RampFiringLimitSDF.xml (RunModel)" time="0.009" />
  <testcase classname="ptolemy.util.test.junit.AutoTests" name="[306] /home/travis/build/icyphy/ptII/ptolemy/actor/lib/test/auto/RandomInteger.xml (RunModel)" time="0.008" />
  <testcase classname="ptolemy.util.test.junit.AutoTests" name="[307] /home/travis/build/icyphy/ptII/ptolemy/actor/lib/test/auto/ReadFile1.xml (RunModel)" time="0.007" />
  <testcase classname="ptolemy.util.test.junit.AutoTests" name="[308] /home/travis/build/icyphy/ptII/ptolemy/actor/lib/test/auto/ReadFile2.xml (RunModel)" time="0.008" />
  <testcase classname="ptolemy.util.test.junit.AutoTests" name="[309] /home/travis/build/icyphy/ptII/ptolemy/actor/lib/test/auto/Reader.xml (RunModel)" time="0.012" />
  <testcase classname="ptolemy.util.test.junit.AutoTests" name="[310] /home/travis/build/icyphy/ptII/ptolemy/actor/lib/test/auto/RecordAssemblerDisplayNameTest.xml (RunModel)" time="3.686" />
  <testcase classname="ptolemy.util.test.junit.AutoTests" name="[311] /home/travis/build/icyphy/ptII/ptolemy/actor/lib/test/auto/RecordAssemblerTypeError.xml (RunModel)" time="0.023" />
  <testcase classname="ptolemy.util.test.junit.AutoTests" name="[312] /home/travis/build/icyphy/ptII/ptolemy/actor/lib/test/auto/RecordDisassember.xml (RunModel)" time="0.017" />
  <testcase classname="ptolemy.util.test.junit.AutoTests" name="[313] /home/travis/build/icyphy/ptII/ptolemy/actor/lib/test/auto/RecordDisassemberDisplayNameTest.xml (RunModel)" time="0.021" />
  <testcase classname="ptolemy.util.test.junit.AutoTests" name="[314] /home/travis/build/icyphy/ptII/ptolemy/actor/lib/test/auto/RecordDisassembler.xml (RunModel)" time="0.011" />
  <testcase classname="ptolemy.util.test.junit.AutoTests" name="[315] /home/travis/build/icyphy/ptII/ptolemy/actor/lib/test/auto/RecordDisassembler2.xml (RunModel)" time="0.01" />
  <testcase classname="ptolemy.util.test.junit.AutoTests" name="[316] /home/travis/build/icyphy/ptII/ptolemy/actor/lib/test/auto/RecordUpdater.xml (RunModel)" time="0.008" />
  <testcase classname="ptolemy.util.test.junit.AutoTests" name="[317] /home/travis/build/icyphy/ptII/ptolemy/actor/lib/test/auto/RecordUpdater2.xml (RunModel)" time="0.008" />
  <testcase classname="ptolemy.util.test.junit.AutoTests" name="[318] /home/travis/build/icyphy/ptII/ptolemy/actor/lib/test/auto/RecursiveLattice.xml (RunModel)" time="0.007" />
  <testcase classname="ptolemy.util.test.junit.AutoTests" name="[319] /home/travis/build/icyphy/ptII/ptolemy/actor/lib/test/auto/Router.xml (RunModel)" time="3.025" />
  <testcase classname="ptolemy.util.test.junit.AutoTests" name="[320] /home/travis/build/icyphy/ptII/ptolemy/actor/lib/test/auto/Router2.xml (RunModel)" time="3.028" />
  <testcase classname="ptolemy.util.test.junit.AutoTests" name="[321] /home/travis/build/icyphy/ptII/ptolemy/actor/lib/test/auto/RunningMaximum.xml (RunModel)" time="0.028" />
  <testcase classname="ptolemy.util.test.junit.AutoTests" name="[322] /home/travis/build/icyphy/ptII/ptolemy/actor/lib/test/auto/RunningMinimum.xml (RunModel)" time="0.02" />
  <testcase classname="ptolemy.util.test.junit.AutoTests" name="[323] /home/travis/build/icyphy/ptII/ptolemy/actor/lib/test/auto/Scale.xml (RunModel)" time="0.013" />
  <testcase classname="ptolemy.util.test.junit.AutoTests" name="[324] /home/travis/build/icyphy/ptII/ptolemy/actor/lib/test/auto/Scale2.xml (RunModel)" time="0.013" />
  <testcase classname="ptolemy.util.test.junit.AutoTests" name="[325] /home/travis/build/icyphy/ptII/ptolemy/actor/lib/test/auto/Scale3.xml (RunModel)" time="0.022" />
  <testcase classname="ptolemy.util.test.junit.AutoTests" name="[326] /home/travis/build/icyphy/ptII/ptolemy/actor/lib/test/auto/ScaleArray.xml (RunModel)" time="0.01" />
  <testcase classname="ptolemy.util.test.junit.AutoTests" name="[327] /home/travis/build/icyphy/ptII/ptolemy/actor/lib/test/auto/ScaleArray2.xml (RunModel)" time="0.007" />
  <testcase classname="ptolemy.util.test.junit.AutoTests" name="[328] /home/travis/build/icyphy/ptII/ptolemy/actor/lib/test/auto/ScaleMatrix.xml (RunModel)" time="0.132" />
  <testcase classname="ptolemy.util.test.junit.AutoTests" name="[329] /home/travis/build/icyphy/ptII/ptolemy/actor/lib/test/auto/Select.xml (RunModel)" time="0.014" />
  <testcase classname="ptolemy.util.test.junit.AutoTests" name="[330] /home/travis/build/icyphy/ptII/ptolemy/actor/lib/test/auto/Select2.xml (RunModel)" time="0.011" />
  <testcase classname="ptolemy.util.test.junit.AutoTests" name="[331] /home/travis/build/icyphy/ptII/ptolemy/actor/lib/test/auto/SequenceToArray2.xml (RunModel)" time="0.124" />
  <testcase classname="ptolemy.util.test.junit.AutoTests" name="[332] /home/travis/build/icyphy/ptII/ptolemy/actor/lib/test/auto/SequentialClock.xml (RunModel)" time="0.012" />
  <testcase classname="ptolemy.util.test.junit.AutoTests" name="[333] /home/travis/build/icyphy/ptII/ptolemy/actor/lib/test/auto/SetVariable.xml (RunModel)" time="0.009" />
  <testcase classname="ptolemy.util.test.junit.AutoTests" name="[334] /home/travis/build/icyphy/ptII/ptolemy/actor/lib/test/auto/SetVariable2.xml (RunModel)" time="0.011" />
  <testcase classname="ptolemy.util.test.junit.AutoTests" name="[335] /home/travis/build/icyphy/ptII/ptolemy/actor/lib/test/auto/SetVariable3.xml (RunModel)" time="0.016" />
  <testcase classname="ptolemy.util.test.junit.AutoTests" name="[336] /home/travis/build/icyphy/ptII/ptolemy/actor/lib/test/auto/SetVariable4.xml (RunModel)" time="0.021" />
  <testcase classname="ptolemy.util.test.junit.AutoTests" name="[337] /home/travis/build/icyphy/ptII/ptolemy/actor/lib/test/auto/SetVariable5.xml (RunModel)" time="0.035" />
  <testcase classname="ptolemy.util.test.junit.AutoTests" name="[338] /home/travis/build/icyphy/ptII/ptolemy/actor/lib/test/auto/Sinewave.xml (RunModel)" time="0.023" />
  <testcase classname="ptolemy.util.test.junit.AutoTests" name="[339] /home/travis/build/icyphy/ptII/ptolemy/actor/lib/test/auto/Sinewave2.xml (RunModel)" time="0.016" />
  <testcase classname="ptolemy.util.test.junit.AutoTests" name="[340] /home/travis/build/icyphy/ptII/ptolemy/actor/lib/test/auto/Sinewave3.xml (RunModel)" time="0.021" />
  <testcase classname="ptolemy.util.test.junit.AutoTests" name="[341] /home/travis/build/icyphy/ptII/ptolemy/actor/lib/test/auto/SingleEvent.xml (RunModel)" time="0.008" />
  <testcase classname="ptolemy.util.test.junit.AutoTests" name="[342] /home/travis/build/icyphy/ptII/ptolemy/actor/lib/test/auto/Sleep.xml (RunModel)" time="6.019" />
  <testcase classname="ptolemy.util.test.junit.AutoTests" name="[343] /home/travis/build/icyphy/ptII/ptolemy/actor/lib/test/auto/SleepMultipleFire.xml (RunModel)" time="1.02" />
  <testcase classname="ptolemy.util.test.junit.AutoTests" name="[344] /home/travis/build/icyphy/ptII/ptolemy/actor/lib/test/auto/StopDE.xml (RunModel)" time="0.015" />
  <testcase classname="ptolemy.util.test.junit.AutoTests" name="[345] /home/travis/build/icyphy/ptII/ptolemy/actor/lib/test/auto/StopSDF.xml (RunModel)" time="0.012" />
  <testcase classname="ptolemy.util.test.junit.AutoTests" name="[346] /home/travis/build/icyphy/ptII/ptolemy/actor/lib/test/auto/StringConstant.xml (RunModel)" time="0.017" />
  <testcase classname="ptolemy.util.test.junit.AutoTests" name="[347] /home/travis/build/icyphy/ptII/ptolemy/actor/lib/test/auto/SubscriberPortInitialValues1.xml (RunModel)" time="0.024" />
  <testcase classname="ptolemy.util.test.junit.AutoTests" name="[348] /home/travis/build/icyphy/ptII/ptolemy/actor/lib/test/auto/SubscriberPortInitialValues13.xml (RunModel)" time="0.026" />
  <testcase classname="ptolemy.util.test.junit.AutoTests" name="[349] /home/travis/build/icyphy/ptII/ptolemy/actor/lib/test/auto/SubscriberPortInitialValues14.xml (RunModel)" time="0.014" />
  <testcase classname="ptolemy.util.test.junit.AutoTests" name="[350] /home/travis/build/icyphy/ptII/ptolemy/actor/lib/test/auto/SubscriberPortInitialValues2.xml (RunModel)" time="0.016" />
  <testcase classname="ptolemy.util.test.junit.AutoTests" name="[351] /home/travis/build/icyphy/ptII/ptolemy/actor/lib/test/auto/SubscriberPortInitialValues3.xml (RunModel)" time="0.018" />
  <testcase classname="ptolemy.util.test.junit.AutoTests" name="[352] /home/travis/build/icyphy/ptII/ptolemy/actor/lib/test/auto/SubscriptionAggregator.xml (RunModel)" time="0.012" />
  <testcase classname="ptolemy.util.test.junit.AutoTests" name="[353] /home/travis/build/icyphy/ptII/ptolemy/actor/lib/test/auto/SubscriptionAggregator2.xml (RunModel)" time="0.011" />
  <testcase classname="ptolemy.util.test.junit.AutoTests" name="[354] /home/travis/build/icyphy/ptII/ptolemy/actor/lib/test/auto/SubscriptionAggregator3.xml (RunModel)" time="0.015" />
  <testcase classname="ptolemy.util.test.junit.AutoTests" name="[355] /home/travis/build/icyphy/ptII/ptolemy/actor/lib/test/auto/SubscriptionAggregatorMultiply.xml (RunModel)" time="0.013" />
  <testcase classname="ptolemy.util.test.junit.AutoTests" name="[356] /home/travis/build/icyphy/ptII/ptolemy/actor/lib/test/auto/SubscriptionAggregatorPortMultiply1.xml (RunModel)" time="0.013" />
  <testcase classname="ptolemy.util.test.junit.AutoTests" name="[357] /home/travis/build/icyphy/ptII/ptolemy/actor/lib/test/auto/Switch.xml (RunModel)" time="0.017" />
  <testcase classname="ptolemy.util.test.junit.AutoTests" name="[358] /home/travis/build/icyphy/ptII/ptolemy/actor/lib/test/auto/Switch2.xml (RunModel)" time="0.01" />
  <testcase classname="ptolemy.util.test.junit.AutoTests" name="[359] /home/travis/build/icyphy/ptII/ptolemy/actor/lib/test/auto/SwitchDE.xml (RunModel)" time="0.014" />
  <testcase classname="ptolemy.util.test.junit.AutoTests" name="[360] /home/travis/build/icyphy/ptII/ptolemy/actor/lib/test/auto/SynchronizerDE.xml (RunModel)" time="0.021" />
  <testcase classname="ptolemy.util.test.junit.AutoTests" name="[361] /home/travis/build/icyphy/ptII/ptolemy/actor/lib/test/auto/Test.xml (RunModel)" time="0.022" />
  <testcase classname="ptolemy.util.test.junit.AutoTests" name="[362] /home/travis/build/icyphy/ptII/ptolemy/actor/lib/test/auto/TestExceptionAttribute1.xml (RunModel)" time="0.008" />
  <testcase classname="ptolemy.util.test.junit.AutoTests" name="[363] /home/travis/build/icyphy/ptII/ptolemy/actor/lib/test/auto/TestExceptionAttribute2.xml (RunModel)" time="0.009" />
  <testcase classname="ptolemy.util.test.junit.AutoTests" name="[364] /home/travis/build/icyphy/ptII/ptolemy/actor/lib/test/auto/TestExceptionAttribute3.xml (RunModel)" time="0.012" />
  <testcase classname="ptolemy.util.test.junit.AutoTests" name="[365] /home/travis/build/icyphy/ptII/ptolemy/actor/lib/test/auto/TestExceptionAttribute4.xml (RunModel)" time="0.007" />
  <testcase classname="ptolemy.util.test.junit.AutoTests" name="[366] /home/travis/build/icyphy/ptII/ptolemy/actor/lib/test/auto/TestExceptionHandler1.xml (RunModel)" time="0.006" />
  <testcase classname="ptolemy.util.test.junit.AutoTests" name="[367] /home/travis/build/icyphy/ptII/ptolemy/actor/lib/test/auto/TestExceptionHandler2.xml (RunModel)" time="0.012" />
  <testcase classname="ptolemy.util.test.junit.AutoTests" name="[368] /home/travis/build/icyphy/ptII/ptolemy/actor/lib/test/auto/TestExceptionHandler3.xml (RunModel)" time="0.006" />
  <testcase classname="ptolemy.util.test.junit.AutoTests" name="[369] /home/travis/build/icyphy/ptII/ptolemy/actor/lib/test/auto/TestExceptionHandler4.xml (RunModel)" time="0.006" />
  <testcase classname="ptolemy.util.test.junit.AutoTests" name="[370] /home/travis/build/icyphy/ptII/ptolemy/actor/lib/test/auto/TestRequireCorrectOrder.xml (RunModel)" time="0.008" />
  <testcase classname="ptolemy.util.test.junit.AutoTests" name="[371] /home/travis/build/icyphy/ptII/ptolemy/actor/lib/test/auto/TestSimple.xml (RunModel)" time="0.006" />
  <testcase classname="ptolemy.util.test.junit.AutoTests" name="[372] /home/travis/build/icyphy/ptII/ptolemy/actor/lib/test/auto/ThrowModelError.xml (RunModel)" time="0.009" />
  <testcase classname="ptolemy.util.test.junit.AutoTests" name="[373] /home/travis/build/icyphy/ptII/ptolemy/actor/lib/test/auto/TimeDelayMicrosteps.xml (RunModel)" time="0.015" />
  <testcase classname="ptolemy.util.test.junit.AutoTests" name="[374] /home/travis/build/icyphy/ptII/ptolemy/actor/lib/test/auto/TimeDelayMicrosteps2.xml (RunModel)" time="0.013" />
  <testcase classname="ptolemy.util.test.junit.AutoTests" name="[375] /home/travis/build/icyphy/ptII/ptolemy/actor/lib/test/auto/TimeDelayMicrosteps3.xml (RunModel)" time="0.012" />
  <testcase classname="ptolemy.util.test.junit.AutoTests" name="[376] /home/travis/build/icyphy/ptII/ptolemy/actor/lib/test/auto/TimeDelayVariableMicrosteps.xml (RunModel)" time="0.011" />
  <testcase classname="ptolemy.util.test.junit.AutoTests" name="[377] /home/travis/build/icyphy/ptII/ptolemy/actor/lib/test/auto/TimeGap.xml (RunModel)" time="0.023" />
  <testcase classname="ptolemy.util.test.junit.AutoTests" name="[378] /home/travis/build/icyphy/ptII/ptolemy/actor/lib/test/auto/TimeGap2.xml (RunModel)" time="0.016" />
  <testcase classname="ptolemy.util.test.junit.AutoTests" name="[379] /home/travis/build/icyphy/ptII/ptolemy/actor/lib/test/auto/TimedSinewave.xml (RunModel)" time="0.058" />
  <testcase classname="ptolemy.util.test.junit.AutoTests" name="[380] /home/travis/build/icyphy/ptII/ptolemy/actor/lib/test/auto/TimedSinewavePhase.xml (RunModel)" time="0.03" />
  <testcase classname="ptolemy.util.test.junit.AutoTests" name="[381] /home/travis/build/icyphy/ptII/ptolemy/actor/lib/test/auto/Timer.xml (RunModel)" time="0.016" />
  <testcase classname="ptolemy.util.test.junit.AutoTests" name="[382] /home/travis/build/icyphy/ptII/ptolemy/actor/lib/test/auto/TriangularDistTestModel.xml (RunModel)" time="0.016" />
  <testcase classname="ptolemy.util.test.junit.AutoTests" name="[383] /home/travis/build/icyphy/ptII/ptolemy/actor/lib/test/auto/TrigFunction.xml (RunModel)" time="0.007" />
  <testcase classname="ptolemy.util.test.junit.AutoTests" name="[384] /home/travis/build/icyphy/ptII/ptolemy/actor/lib/test/auto/TrigFunctionDE.xml (RunModel)" time="0.01" />
  <testcase classname="ptolemy.util.test.junit.AutoTests" name="[385] /home/travis/build/icyphy/ptII/ptolemy/actor/lib/test/auto/TrigFunctionInverse.xml (RunModel)" time="0.009" />
  <testcase classname="ptolemy.util.test.junit.AutoTests" name="[386] /home/travis/build/icyphy/ptII/ptolemy/actor/lib/test/auto/TrigFunctionTan.xml (RunModel)" time="0.006" />
  <testcase classname="ptolemy.util.test.junit.AutoTests" name="[387] /home/travis/build/icyphy/ptII/ptolemy/actor/lib/test/auto/TriggeredClock.xml (RunModel)" time="0.008" />
  <testcase classname="ptolemy.util.test.junit.AutoTests" name="[388] /home/travis/build/icyphy/ptII/ptolemy/actor/lib/test/auto/URLDirectoryReader.xml (RunModel)" time="0.128" />
  <testcase classname="ptolemy.util.test.junit.AutoTests" name="[389] /home/travis/build/icyphy/ptII/ptolemy/actor/lib/test/auto/URLDirectoryReader3.xml (RunModel)" time="0.116">
    <error type="java.lang.reflect.InvocationTargetException">java.lang.reflect.InvocationTargetException
	at jdk.internal.reflect.GeneratedConstructorAccessor36.newInstance(Unknown Source)
	at java.base/jdk.internal.reflect.DelegatingConstructorAccessorImpl.newInstance(DelegatingConstructorAccessorImpl.java:45)
	at java.base/java.lang.reflect.Constructor.newInstance(Constructor.java:490)
	at ptolemy.util.test.junit.AutoTests.RunModel(AutoTests.java:193)
	at jdk.internal.reflect.GeneratedMethodAccessor43.invoke(Unknown Source)
	at java.base/jdk.internal.reflect.DelegatingMethodAccessorImpl.invoke(DelegatingMethodAccessorImpl.java:43)
	at junitparams.internal.InvokeParameterisedMethod.evaluate(InvokeParameterisedMethod.java:102)
Caused by: ptolemy.kernel.util.IllegalActionException: Error evaluating expression:
&quot;http://ptolemy.eecs.berkeley.edu/ptolemyII/ptII1.0/ptII1.0/&quot;
  in .URLDirectoryReader3.URLDirectoryReader.sourceURL
Because:
Failed to evaluate sourceURL &apos;&quot;http://ptolemy.eecs.berkeley.edu/ptolemyII/ptII1.0/ptII1.0/&quot;&apos;
  in .URLDirectoryReader3.URLDirectoryReader
Because:
Server returned HTTP response code: 503 for URL: http://ptolemy.eecs.berkeley.edu/ptolemyII/ptII1.0/ptII1.0/
  in .URLDirectoryReader3.URLDirectoryReader.sourceURL
Because:
Error evaluating expression:
&quot;http://ptolemy.eecs.berkeley.edu/ptolemyII/ptII1.0/ptII1.0/&quot;
  in .URLDirectoryReader3.URLDirectoryReader.sourceURL
Because:
Failed to evaluate sourceURL &apos;&quot;http://ptolemy.eecs.berkeley.edu/ptolemyII/ptII1.0/ptII1.0/&quot;&apos;
  in .URLDirectoryReader3.URLDirectoryReader
Because:
Server returned HTTP response code: 503 for URL: http://ptolemy.eecs.berkeley.edu/ptolemyII/ptII1.0/ptII1.0/
	at ptolemy.data.expr.Variable.validate(Variable.java:1619)
	at ptolemy.moml.MoMLParser.endDocument(MoMLParser.java:867)
	at com.microstar.xml.XmlParser.doParse(XmlParser.java:162)
	at com.microstar.xml.XmlParser.parse(XmlParser.java:132)
	at ptolemy.moml.MoMLParser.parse(MoMLParser.java:1660)
	at ptolemy.moml.MoMLParser.parse(MoMLParser.java:1595)
	at ptolemy.moml.MoMLParser.parse(MoMLParser.java:1537)
	at ptolemy.moml.MoMLSimpleApplication.&lt;init&gt;(MoMLSimpleApplication.java:123)
Caused by: ptolemy.kernel.util.IllegalActionException: Error evaluating expression:
&quot;http://ptolemy.eecs.berkeley.edu/ptolemyII/ptII1.0/ptII1.0/&quot;
  in .URLDirectoryReader3.URLDirectoryReader.sourceURL
Because:
Failed to evaluate sourceURL &apos;&quot;http://ptolemy.eecs.berkeley.edu/ptolemyII/ptII1.0/ptII1.0/&quot;&apos;
  in .URLDirectoryReader3.URLDirectoryReader
Because:
Server returned HTTP response code: 503 for URL: http://ptolemy.eecs.berkeley.edu/ptolemyII/ptII1.0/ptII1.0/
	at ptolemy.data.expr.Variable._evaluate(Variable.java:1891)
	at ptolemy.data.expr.Variable._propagate(Variable.java:1984)
	at ptolemy.data.expr.Variable.validate(Variable.java:1596)
Caused by: ptolemy.kernel.util.IllegalActionException: Failed to evaluate sourceURL &apos;&quot;http://ptolemy.eecs.berkeley.edu/ptolemyII/ptII1.0/ptII1.0/&quot;&apos;
  in .URLDirectoryReader3.URLDirectoryReader
Because:
Server returned HTTP response code: 503 for URL: http://ptolemy.eecs.berkeley.edu/ptolemyII/ptII1.0/ptII1.0/
	at ptolemy.actor.lib.URLReader.attributeChanged(URLReader.java:165)
	at ptolemy.actor.lib.URLDirectoryReader.attributeChanged(URLDirectoryReader.java:153)
	at ptolemy.data.expr.Variable._setTokenAndNotify(Variable.java:2271)
	at ptolemy.data.expr.Variable._evaluate(Variable.java:1873)
Caused by: java.io.IOException: Server returned HTTP response code: 503 for URL: http://ptolemy.eecs.berkeley.edu/ptolemyII/ptII1.0/ptII1.0/
	at java.base/sun.net.www.protocol.http.HttpURLConnection.getInputStream0(HttpURLConnection.java:1913)
	at java.base/sun.net.www.protocol.http.HttpURLConnection.getInputStream(HttpURLConnection.java:1509)
	at java.base/java.net.URL.openStream(URL.java:1117)
	at ptolemy.actor.lib.URLReader.attributeChanged(URLReader.java:160)
</error>
  </testcase>
  <testcase classname="ptolemy.util.test.junit.AutoTests" name="[390] /home/travis/build/icyphy/ptII/ptolemy/actor/lib/test/auto/UnaryMathFunction.xml (RunModel)" time="0.023" />
  <testcase classname="ptolemy.util.test.junit.AutoTests" name="[391] /home/travis/build/icyphy/ptII/ptolemy/actor/lib/test/auto/Uniform.xml (RunModel)" time="0.01" />
  <testcase classname="ptolemy.util.test.junit.AutoTests" name="[392] /home/travis/build/icyphy/ptII/ptolemy/actor/lib/test/auto/UnionDisassemblerTest.xml (RunModel)" time="0.015" />
  <testcase classname="ptolemy.util.test.junit.AutoTests" name="[393] /home/travis/build/icyphy/ptII/ptolemy/actor/lib/test/auto/UtilityFunctions.xml (RunModel)" time="0.011" />
  <testcase classname="ptolemy.util.test.junit.AutoTests" name="[394] /home/travis/build/icyphy/ptII/ptolemy/actor/lib/test/auto/VariableSleep.xml (RunModel)" time="0.51" />
  <testcase classname="ptolemy.util.test.junit.AutoTests" name="[395] /home/travis/build/icyphy/ptII/ptolemy/actor/lib/test/auto/VectorAssemblerDisassemblerCT.xml (RunModel)" time="0.098" />
  <testcase classname="ptolemy.util.test.junit.AutoTests" name="[396] /home/travis/build/icyphy/ptII/ptolemy/actor/lib/test/auto/VectorAssemblerDisassemblerDE.xml (RunModel)" time="0.022" />
  <testcase classname="ptolemy.util.test.junit.AutoTests" name="[397] /home/travis/build/icyphy/ptII/ptolemy/actor/lib/test/auto/VectorAssemblerDisassemblerSDF.xml (RunModel)" time="0.012" />
  <testcase classname="ptolemy.util.test.junit.AutoTests" name="[398] /home/travis/build/icyphy/ptII/ptolemy/actor/lib/test/auto/WallClockTime.xml (RunModel)" time="1.014" />
  <testcase classname="ptolemy.util.test.junit.AutoTests" name="[399] /home/travis/build/icyphy/ptII/ptolemy/actor/lib/test/auto/WidthTestWithSubscriberPublisher.xml (RunModel)" time="0.048" />
  <testcase classname="ptolemy.util.test.junit.AutoTests" name="[400] /home/travis/build/icyphy/ptII/ptolemy/actor/lib/test/auto/WidthTestWithSubscriberPublisher2.xml (RunModel)" time="0.018" />
  <testcase classname="ptolemy.util.test.junit.AutoTests" name="[401] /home/travis/build/icyphy/ptII/ptolemy/actor/lib/test/auto/WidthTestWithSubscriberPublisher3.xml (RunModel)" time="0.017" />
  <testcase classname="ptolemy.util.test.junit.AutoTests" name="[402] /home/travis/build/icyphy/ptII/ptolemy/actor/lib/test/auto/Writer.xml (RunModel)" time="0.013" />
  <testcase classname="ptolemy.util.test.junit.AutoTests" name="[403] /home/travis/build/icyphy/ptII/ptolemy/actor/lib/test/auto/array.xml (RunModel)" time="0.009" />
  <testcase classname="ptolemy.util.test.junit.AutoTests" name="[404] /home/travis/build/icyphy/ptII/ptolemy/actor/lib/test/auto/array2.xml (RunModel)" time="0.021" />
  <testcase classname="ptolemy.util.test.junit.AutoTests" name="[405] /home/travis/build/icyphy/ptII/ptolemy/actor/lib/test/auto/arrayType.xml (RunModel)" time="0.015" />
  <testcase classname="ptolemy.util.test.junit.AutoTests" name="[406] /home/travis/build/icyphy/ptII/ptolemy/actor/lib/test/auto/arrayType10.xml (RunModel)" time="0.008" />
  <testcase classname="ptolemy.util.test.junit.AutoTests" name="[407] /home/travis/build/icyphy/ptII/ptolemy/actor/lib/test/auto/arrayType11.xml (RunModel)" time="0.007" />
  <testcase classname="ptolemy.util.test.junit.AutoTests" name="[408] /home/travis/build/icyphy/ptII/ptolemy/actor/lib/test/auto/arrayType12.xml (RunModel)" time="0.009" />
  <testcase classname="ptolemy.util.test.junit.AutoTests" name="[409] /home/travis/build/icyphy/ptII/ptolemy/actor/lib/test/auto/arrayType13.xml (RunModel)" time="0.008" />
  <testcase classname="ptolemy.util.test.junit.AutoTests" name="[410] /home/travis/build/icyphy/ptII/ptolemy/actor/lib/test/auto/arrayType14.xml (RunModel)" time="0.008" />
  <testcase classname="ptolemy.util.test.junit.AutoTests" name="[411] /home/travis/build/icyphy/ptII/ptolemy/actor/lib/test/auto/arrayType15.xml (RunModel)" time="0.008" />
  <testcase classname="ptolemy.util.test.junit.AutoTests" name="[412] /home/travis/build/icyphy/ptII/ptolemy/actor/lib/test/auto/arrayType16.xml (RunModel)" time="0.008" />
  <testcase classname="ptolemy.util.test.junit.AutoTests" name="[413] /home/travis/build/icyphy/ptII/ptolemy/actor/lib/test/auto/arrayType17.xml (RunModel)" time="0.008" />
  <testcase classname="ptolemy.util.test.junit.AutoTests" name="[414] /home/travis/build/icyphy/ptII/ptolemy/actor/lib/test/auto/arrayType18.xml (RunModel)" time="0.007" />
  <testcase classname="ptolemy.util.test.junit.AutoTests" name="[415] /home/travis/build/icyphy/ptII/ptolemy/actor/lib/test/auto/arrayType19.xml (RunModel)" time="0.016" />
  <testcase classname="ptolemy.util.test.junit.AutoTests" name="[416] /home/travis/build/icyphy/ptII/ptolemy/actor/lib/test/auto/arrayType2.xml (RunModel)" time="0.008" />
  <testcase classname="ptolemy.util.test.junit.AutoTests" name="[417] /home/travis/build/icyphy/ptII/ptolemy/actor/lib/test/auto/arrayType20.xml (RunModel)" time="0.007" />
  <testcase classname="ptolemy.util.test.junit.AutoTests" name="[418] /home/travis/build/icyphy/ptII/ptolemy/actor/lib/test/auto/arrayType21.xml (RunModel)" time="0.008" />
  <testcase classname="ptolemy.util.test.junit.AutoTests" name="[419] /home/travis/build/icyphy/ptII/ptolemy/actor/lib/test/auto/arrayType22.xml (RunModel)" time="0.007" />
  <testcase classname="ptolemy.util.test.junit.AutoTests" name="[420] /home/travis/build/icyphy/ptII/ptolemy/actor/lib/test/auto/arrayType23.xml (RunModel)" time="0.007" />
  <testcase classname="ptolemy.util.test.junit.AutoTests" name="[421] /home/travis/build/icyphy/ptII/ptolemy/actor/lib/test/auto/arrayType24.xml (RunModel)" time="0.008" />
  <testcase classname="ptolemy.util.test.junit.AutoTests" name="[422] /home/travis/build/icyphy/ptII/ptolemy/actor/lib/test/auto/arrayType25.xml (RunModel)" time="0.008" />
  <testcase classname="ptolemy.util.test.junit.AutoTests" name="[423] /home/travis/build/icyphy/ptII/ptolemy/actor/lib/test/auto/arrayType26.xml (RunModel)" time="0.008" />
  <testcase classname="ptolemy.util.test.junit.AutoTests" name="[424] /home/travis/build/icyphy/ptII/ptolemy/actor/lib/test/auto/arrayType27.xml (RunModel)" time="0.008" />
  <testcase classname="ptolemy.util.test.junit.AutoTests" name="[425] /home/travis/build/icyphy/ptII/ptolemy/actor/lib/test/auto/arrayType28.xml (RunModel)" time="0.015" />
  <testcase classname="ptolemy.util.test.junit.AutoTests" name="[426] /home/travis/build/icyphy/ptII/ptolemy/actor/lib/test/auto/arrayType3.xml (RunModel)" time="0.009" />
  <testcase classname="ptolemy.util.test.junit.AutoTests" name="[427] /home/travis/build/icyphy/ptII/ptolemy/actor/lib/test/auto/arrayType4.xml (RunModel)" time="0.008" />
  <testcase classname="ptolemy.util.test.junit.AutoTests" name="[428] /home/travis/build/icyphy/ptII/ptolemy/actor/lib/test/auto/arrayType5.xml (RunModel)" time="0.008" />
  <testcase classname="ptolemy.util.test.junit.AutoTests" name="[429] /home/travis/build/icyphy/ptII/ptolemy/actor/lib/test/auto/arrayType6.xml (RunModel)" time="0.007" />
  <testcase classname="ptolemy.util.test.junit.AutoTests" name="[430] /home/travis/build/icyphy/ptII/ptolemy/actor/lib/test/auto/arrayType7.xml (RunModel)" time="0.019" />
  <testcase classname="ptolemy.util.test.junit.AutoTests" name="[431] /home/travis/build/icyphy/ptII/ptolemy/actor/lib/test/auto/arrayType8.xml (RunModel)" time="0.014" />
  <testcase classname="ptolemy.util.test.junit.AutoTests" name="[432] /home/travis/build/icyphy/ptII/ptolemy/actor/lib/test/auto/arrayType9.xml (RunModel)" time="0.007" />
  <testcase classname="ptolemy.util.test.junit.AutoTests" name="[433] /home/travis/build/icyphy/ptII/ptolemy/actor/lib/test/auto/cast.xml (RunModel)" time="0.008" />
  <testcase classname="ptolemy.util.test.junit.AutoTests" name="[434] /home/travis/build/icyphy/ptII/ptolemy/actor/lib/test/auto/compositeMultiPort.xml (RunModel)" time="0.016" />
  <testcase classname="ptolemy.util.test.junit.AutoTests" name="[435] /home/travis/build/icyphy/ptII/ptolemy/actor/lib/test/auto/expressionCastInference.xml (RunModel)" time="0.007" />
  <testcase classname="ptolemy.util.test.junit.AutoTests" name="[436] /home/travis/build/icyphy/ptII/ptolemy/actor/lib/test/auto/expressionCastInference2.xml (RunModel)" time="0.007" />
  <testcase classname="ptolemy.util.test.junit.AutoTests" name="[437] /home/travis/build/icyphy/ptII/ptolemy/actor/lib/test/auto/expressionInference.xml (RunModel)" time="0.006" />
  <testcase classname="ptolemy.util.test.junit.AutoTests" name="[438] /home/travis/build/icyphy/ptII/ptolemy/actor/lib/test/auto/expression_bug.xml (RunModel)" time="0.007" />
  <testcase classname="ptolemy.util.test.junit.AutoTests" name="[439] /home/travis/build/icyphy/ptII/ptolemy/actor/lib/test/auto/factorial.xml (RunModel)" time="0.05" />
  <testcase classname="ptolemy.util.test.junit.AutoTests" name="[440] /home/travis/build/icyphy/ptII/ptolemy/actor/lib/test/auto/filterTest1.xml (RunModel)" time="0.016" />
  <testcase classname="ptolemy.util.test.junit.AutoTests" name="[441] /home/travis/build/icyphy/ptII/ptolemy/actor/lib/test/auto/funcApplyInConst.xml (RunModel)" time="0.005" />
  <testcase classname="ptolemy.util.test.junit.AutoTests" name="[442] /home/travis/build/icyphy/ptII/ptolemy/actor/lib/test/auto/funcApplyInExpr.xml (RunModel)" time="0.006" />
  <testcase classname="ptolemy.util.test.junit.AutoTests" name="[443] /home/travis/build/icyphy/ptII/ptolemy/actor/lib/test/auto/function.xml (RunModel)" time="0.015" />
  <testcase classname="ptolemy.util.test.junit.AutoTests" name="[444] /home/travis/build/icyphy/ptII/ptolemy/actor/lib/test/auto/function2.xml (RunModel)" time="0.008" />
  <testcase classname="ptolemy.util.test.junit.AutoTests" name="[445] /home/travis/build/icyphy/ptII/ptolemy/actor/lib/test/auto/function3.xml (RunModel)" time="0.007" />
  <testcase classname="ptolemy.util.test.junit.AutoTests" name="[446] /home/travis/build/icyphy/ptII/ptolemy/actor/lib/test/auto/functionClosureTest1.xml (RunModel)" time="0.01" />
  <testcase classname="ptolemy.util.test.junit.AutoTests" name="[447] /home/travis/build/icyphy/ptII/ptolemy/actor/lib/test/auto/functionClosureTest2.xml (RunModel)" time="0.006" />
  <testcase classname="ptolemy.util.test.junit.AutoTests" name="[448] /home/travis/build/icyphy/ptII/ptolemy/actor/lib/test/auto/functionClosureTest3.xml (RunModel)" time="0.009" />
  <testcase classname="ptolemy.util.test.junit.AutoTests" name="[449] /home/travis/build/icyphy/ptII/ptolemy/actor/lib/test/auto/functionClosureTest4.xml (RunModel)" time="0.013" />
  <testcase classname="ptolemy.util.test.junit.AutoTests" name="[450] /home/travis/build/icyphy/ptII/ptolemy/actor/lib/test/auto/functionClosureTest5.xml (RunModel)" time="0.011" />
  <testcase classname="ptolemy.util.test.junit.AutoTests" name="[451] /home/travis/build/icyphy/ptII/ptolemy/actor/lib/test/auto/functionClosureTest6.xml (RunModel)" time="0.009" />
  <testcase classname="ptolemy.util.test.junit.AutoTests" name="[452] /home/travis/build/icyphy/ptII/ptolemy/actor/lib/test/auto/functionsOnArcs.xml (RunModel)" time="0.012" />
  <testcase classname="ptolemy.util.test.junit.AutoTests" name="[453] /home/travis/build/icyphy/ptII/ptolemy/actor/lib/test/auto/functionsOnArcsHOF.xml (RunModel)" time="0.013" />
  <testcase classname="ptolemy.util.test.junit.AutoTests" name="[454] /home/travis/build/icyphy/ptII/ptolemy/actor/lib/test/auto/logic.xml (RunModel)" time="0.017" />
  <testcase classname="ptolemy.util.test.junit.AutoTests" name="[455] /home/travis/build/icyphy/ptII/ptolemy/actor/lib/test/auto/matrixType.xml (RunModel)" time="0.008" />
  <testcase classname="ptolemy.util.test.junit.AutoTests" name="[456] /home/travis/build/icyphy/ptII/ptolemy/actor/lib/test/auto/matrixType10.xml (RunModel)" time="0.008" />
  <testcase classname="ptolemy.util.test.junit.AutoTests" name="[457] /home/travis/build/icyphy/ptII/ptolemy/actor/lib/test/auto/matrixType11.xml (RunModel)" time="0.007" />
  <testcase classname="ptolemy.util.test.junit.AutoTests" name="[458] /home/travis/build/icyphy/ptII/ptolemy/actor/lib/test/auto/matrixType12.xml (RunModel)" time="0.01" />
  <testcase classname="ptolemy.util.test.junit.AutoTests" name="[459] /home/travis/build/icyphy/ptII/ptolemy/actor/lib/test/auto/matrixType13.xml (RunModel)" time="0.008" />
  <testcase classname="ptolemy.util.test.junit.AutoTests" name="[460] /home/travis/build/icyphy/ptII/ptolemy/actor/lib/test/auto/matrixType14.xml (RunModel)" time="0.009" />
  <testcase classname="ptolemy.util.test.junit.AutoTests" name="[461] /home/travis/build/icyphy/ptII/ptolemy/actor/lib/test/auto/matrixType2.xml (RunModel)" time="0.008" />
  <testcase classname="ptolemy.util.test.junit.AutoTests" name="[462] /home/travis/build/icyphy/ptII/ptolemy/actor/lib/test/auto/matrixType3.xml (RunModel)" time="0.007" />
  <testcase classname="ptolemy.util.test.junit.AutoTests" name="[463] /home/travis/build/icyphy/ptII/ptolemy/actor/lib/test/auto/matrixType4.xml (RunModel)" time="0.01" />
  <testcase classname="ptolemy.util.test.junit.AutoTests" name="[464] /home/travis/build/icyphy/ptII/ptolemy/actor/lib/test/auto/matrixType5.xml (RunModel)" time="0.008" />
  <testcase classname="ptolemy.util.test.junit.AutoTests" name="[465] /home/travis/build/icyphy/ptII/ptolemy/actor/lib/test/auto/matrixType6.xml (RunModel)" time="0.008" />
  <testcase classname="ptolemy.util.test.junit.AutoTests" name="[466] /home/travis/build/icyphy/ptII/ptolemy/actor/lib/test/auto/matrixType7.xml (RunModel)" time="0.008" />
  <testcase classname="ptolemy.util.test.junit.AutoTests" name="[467] /home/travis/build/icyphy/ptII/ptolemy/actor/lib/test/auto/matrixType8.xml (RunModel)" time="0.008" />
  <testcase classname="ptolemy.util.test.junit.AutoTests" name="[468] /home/travis/build/icyphy/ptII/ptolemy/actor/lib/test/auto/matrixType9.xml (RunModel)" time="0.017" />
  <testcase classname="ptolemy.util.test.junit.AutoTests" name="[469] /home/travis/build/icyphy/ptII/ptolemy/actor/lib/test/auto/paraFunctest.xml (RunModel)" time="0.01" />
  <testcase classname="ptolemy.util.test.junit.AutoTests" name="[470] /home/travis/build/icyphy/ptII/ptolemy/actor/lib/test/auto/paraFunctest2.xml (RunModel)" time="0.015" />
  <testcase classname="ptolemy.util.test.junit.AutoTests" name="[471] /home/travis/build/icyphy/ptII/ptolemy/actor/lib/test/auto/parameterPassing.xml (RunModel)" time="0.007" />
  <testcase classname="ptolemy.util.test.junit.AutoTests" name="[472] /home/travis/build/icyphy/ptII/ptolemy/actor/lib/test/auto/record.xml (RunModel)" time="0.01" />
  <testcase classname="ptolemy.util.test.junit.AutoTests" name="[473] /home/travis/build/icyphy/ptII/ptolemy/actor/lib/test/auto/sizedarray1.xml (RunModel)" time="0.009" />
  <testcase classname="ptolemy.util.test.junit.AutoTests" name="[474] /home/travis/build/icyphy/ptII/ptolemy/actor/lib/test/auto/sizedarray2.xml (RunModel)" time="0.009" />
  <testcase classname="ptolemy.util.test.junit.AutoTests" name="[475] /home/travis/build/icyphy/ptII/ptolemy/actor/lib/test/auto/twoPublishers.xml (RunModel)" time="0.024" />
  <system-out><![CDATA[/home/travis/build/icyphy/ptII/ptolemy/actor/lib/test/AbsoluteValue.tcl
testDefs.tcl: setting time out to 9000 seconds at Fri Oct 11 05:59:17 UTC 2019
94 ms. Memory: 120832K Free: 85952K (71%)
5 ms. Memory: 120832K Free: 84414K (70%)
5 ms. Memory: 120832K Free: 83375K (69%)
8 ms. Memory: 120832K Free: 82880K (69%)
/home/travis/build/icyphy/ptII/ptolemy/actor/lib/test/AddSubtract.tcl
10 ms. Memory: 120832K Free: 80832K (67%)
6 ms. Memory: 120832K Free: 80311K (66%)
6 ms. Memory: 120832K Free: 79294K (66%)
8 ms. Memory: 120832K Free: 78270K (65%)
45 ms. Memory: 120832K Free: 75712K (63%)
6 ms. Memory: 120832K Free: 74688K (62%)
/home/travis/build/icyphy/ptII/ptolemy/actor/lib/test/Average.tcl
8 ms. Memory: 120832K Free: 73150K (61%)
8 ms. Memory: 120832K Free: 72111K (60%)
/home/travis/build/icyphy/ptII/ptolemy/actor/lib/test/Bernoulli.tcl
6 ms. Memory: 120832K Free: 70592K (58%)
3 ms. Memory: 120832K Free: 70078K (58%)
/home/travis/build/icyphy/ptII/ptolemy/actor/lib/test/Clock.tcl
preinitializing
resolving types
initializing
executing number 1
wrapping up
idle
46 ms. Memory: 120832K Free: 67520K (56%)
Completed execution with 5 iterations
preinitializing
resolving types
initializing
executing number 1
wrapping up
idle
9 ms. Memory: 120832K Free: 66496K (55%)
Completed execution with 5 iterations
preinitializing
resolving types
initializing
executing number 1
wrapping up
idle
9 ms. Memory: 120832K Free: 65975K (55%)
Completed execution with 5 iterations
/home/travis/build/icyphy/ptII/ptolemy/actor/lib/test/Commutator.tcl
13 ms. Memory: 120832K Free: 63919K (53%)
16 ms. Memory: 120832K Free: 62910K (52%)
24 ms. Memory: 120832K Free: 57280K (47%)
/home/travis/build/icyphy/ptII/ptolemy/actor/lib/test/Const.tcl
5 ms. Memory: 120832K Free: 55711K (46%)
7 ms. Memory: 120832K Free: 55232K (46%)
7 ms. Memory: 120832K Free: 54718K (45%)
2 ms. Memory: 120832K Free: 54208K (45%)
3 ms. Memory: 120832K Free: 53184K (44%)
22 ms. Memory: 120832K Free: 51646K (43%)
5 ms. Memory: 120832K Free: 50622K (42%)
10 ms. Memory: 120832K Free: 50112K (41%)
/home/travis/build/icyphy/ptII/ptolemy/actor/lib/test/CurrentTime.tcl
preinitializing
resolving types
initializing
executing number 1
wrapping up
idle
16 ms. Memory: 120832K Free: 48064K (40%)
Completed execution with 11 iterations
/home/travis/build/icyphy/ptII/ptolemy/actor/lib/test/DB.tcl
6 ms. Memory: 120832K Free: 46016K (38%)
41 ms. Memory: 120832K Free: 107225K (89%)
2 ms. Memory: 120832K Free: 107225K (89%)
/home/travis/build/icyphy/ptII/ptolemy/actor/lib/test/DiscreteRandomSource.tcl
preinitializing
resolving types
initializing
executing number 1
wrapping up
idle
4 ms. Memory: 120832K Free: 105706K (87%)
Completed execution with 4 iterations
preinitializing
resolving types
initializing
executing number 1
wrapping up
idle
2 ms. Memory: 120832K Free: 105177K (87%)
Completed execution with 4 iterations
preinitializing
resolving types
initializing
executing number 1
wrapping up
idle
2 ms. Memory: 120832K Free: 104682K (87%)
Completed execution with 4 iterations
preinitializing
resolving types
initializing
executing number 1
wrapping up
idle
2 ms. Memory: 120832K Free: 103982K (86%)
Completed execution with 4 iterations
preinitializing
resolving types
initializing
executing number 1
wrapping up
idle
3 ms. Memory: 120832K Free: 103658K (86%)
Completed execution with 4 iterations
/home/travis/build/icyphy/ptII/ptolemy/actor/lib/test/Distributor.tcl
4 ms. Memory: 120832K Free: 102105K (85%)
9 ms. Memory: 120832K Free: 101096K (84%)
StreamChangeRequest.changeExecuted(): <deleteEntity name="rec2"/> succeeded
StreamChangeRequest.changeExecuted(): <deleteRelation name="r2"/> succeeded
StreamChangeRequest.changeExecuted(): Record firings per iteration succeeded
4 ms. Memory: 120832K Free: 98538K (82%)
/home/travis/build/icyphy/ptII/ptolemy/actor/lib/test/Exit.tcl
Exit.tcl: this will print a message about Manager.exitAfterWrapup, which can be ignored.
4 ms. Memory: 120832K Free: 104937K (87%)
/home/travis/build/icyphy/ptII/ptolemy/actor/lib/test/Expression.tcl
24 ms. Memory: 120832K Free: 101855K (84%)
12 ms. Memory: 120832K Free: 100823K (83%)
6 ms. Memory: 120832K Free: 100296K (83%)
preinitializing
resolving types
initializing
executing number 1
wrapping up
idle
14 ms. Memory: 120832K Free: 98751K (82%)
Completed execution with 6 iterations
19 ms. Memory: 120832K Free: 97757K (81%)
3 ms. Memory: 120832K Free: 97224K (80%)
5 ms. Memory: 120832K Free: 96178K (80%)
6 ms. Memory: 120832K Free: 94647K (78%)
6 ms. Memory: 120832K Free: 93655K (78%)
/home/travis/build/icyphy/ptII/ptolemy/actor/lib/test/Gaussian.tcl
11 ms. Memory: 120832K Free: 91591K (76%)
sleeping 1 seconds: .................................................................................................................................................................................................................................................................................................................................................................................................................................................................................................................................................................................................................................................................................................................................................................................................................................................................................................................................................................................................................................................................................................................................................................................................................................................................................................................................................................................................................................................................................................................................................................................................................................................................................................................................................................................................................................................................................................................................................................................................................................................................................................................................................................................................................................................................................................................................................................................................................................................................................................................................................................................................................................................................................................................................................................................................................................................................................................................................................................................................................................................................................................................................................................................................................................................................................................................................................................................................................................................................................................................................................................................................................................................................................................................................................................................................................................................................................................................................................................................................................................................................................................................................................................................................................................................................................................................................................................................................................................................................................................................................................................................................................................................................................................................................................................................................................................................................................................................................................................................................................................................................................................................................................................................................................................................................................................................................................................................................................................................................................................................................................................................................................................................................................................................................................................................................................................................................................................................................................................................................................................................................................................................................................................................................................................................................................................................................................................................................................................................................................................................................................................................................................................................................................................................................................................................................................................................................................................................................................................................................................................................................................................................................................................................................................................................................................................................................................................................................................................................................................................................................................................................................................................................................................................................................................................................................................................................................................................................................................................................................................................................................................................................................................................................................................................................................................................................................................................................................................................................................................................................................................................................................................................................................................................................................................................................................................................................................................................................................................................................................................................................................................................................................................................................................................................................................................................................................................................................................................................................................................................................................................................................................................................................................................................................................................................................................................................................................................................................................................................................................................................................................................................................................................................................................................................................................................................................................................................................................................................................................................................................................................................................................................................................................................................................................................................................................................................................................................................................................................................................................................................................................................................................................................................................................................................................................................................................................................................................................................................................................................................................................................................................................................................................................................................................................................................................................................................................................................................................................................................................................................................................................................................................................................................................................................................................................................................................................................................................................................................................................................................................................................................................................................................................................................................................................................................................................................................................................................................................................................................................................................................................................................................................................................................................................................................................................................................................................................................................................................................................................................................................................................................................................................................................................................................................................................................................................................................................................................................................................................................................................................................................................................................................................................................................................................................................................................................................................................................................................................................................................................................................................................................................................................................................................................................................................................................................................................................................................................................................................................................................................................................................................................................................................................................................................................................................................................................................................................................................................................................................................................................................................................................................................................................................................................................................................................................................................................................................................................................................................................................................................................................................................................................................................................................................................................................................................................................................................................................................................................................................................................................................................................................................................................................................................................................................................................................................................................................................................................................................................................................................................................................................................................................................................................................................................................................................................................................................................................................................................................................................................................................................................................................................................................................................................................................................................................................................................................................................................................................................................................................................................................................................................................................................................................................................................................................................................................................................................................................................................................................................................................................................................................................................................................................................................................................................................................................................................................................................................................................................................................................................................................................................................................................................................................................................................................................................................................................................................................................................................................................................................................................................................................................................................................................................................................................................................................................................................................................................................................................................................................................................................................................................................................................................................................................................................................................................................................................................................................................................................................................................................................................................................................................................................................................................................................................................................................................................................................................................................................................................................................................................................................................................................................................................................................................................................................................................................................................................................................................................................................................................................................................................................................................................................................................................................................................................................................................................................................................................................................................................................................................................................................................................................................................................................................................................................................................................................................................................................................................................................................................................................................................................................................................................................................................................................................................................................................................................................................................................................................................................................................................................................................................................................................................................................................................................................................................................................................................................................................................................................................................................................................................................................................................................................................................................................................................................................................................................................................................................................................................................................................................................................................................................................................................................................................................................................................................................................................................................................................................................................................................................................................................................................................................................................................................................................................................................................................................................................................................................................................................................................................................................................................................................................................................................................................................................................................................................................................................................................................................................................................................................................................................................................................................................................................................................................................................................................................................................................................................................................................................................................................................................................................................................................................................................................................................................................................................................................................................................................................................................................................................................................................................................................................................................................................................................................................................................................................................................................................................................................................................................................................................................................................................................................................................................................................................................................................................................................................................................................................................................................................................................................................................................................................................................................................................................................................................................................................................................................................................................................................................................................................................................................................................................................................................................................................................................................................................................................................................................................................................................................................................................................................................................................................................................................................................................................................5 ms. Memory: 120832K Free: 80715K (67%)
5 ms. Memory: 120832K Free: 79697K (66%)
2 ms. Memory: 120832K Free: 79187K (66%)
4 ms. Memory: 120832K Free: 78571K (65%)
4 ms. Memory: 120832K Free: 77649K (64%)
/home/travis/build/icyphy/ptII/ptolemy/actor/lib/test/IIR.tcl
/home/travis/build/icyphy/ptII/ptolemy/actor/lib/test/Interpolator.tcl
6 ms. Memory: 120832K Free: 74067K (61%)
3 ms. Memory: 120832K Free: 73539K (61%)
4 ms. Memory: 120832K Free: 73043K (60%)
2 ms. Memory: 120832K Free: 72529K (60%)
3 ms. Memory: 120832K Free: 71491K (59%)
2 ms. Memory: 120832K Free: 70481K (58%)
2 ms. Memory: 120832K Free: 69971K (58%)
2 ms. Memory: 120832K Free: 68947K (57%)
2 ms. Memory: 120832K Free: 67923K (56%)
9 ms. Memory: 120832K Free: 66899K (55%)
/home/travis/build/icyphy/ptII/ptolemy/actor/lib/test/MathFunction.tcl
5 ms. Memory: 120832K Free: 64851K (54%)
2 ms. Memory: 120832K Free: 63827K (53%)
2 ms. Memory: 120832K Free: 62803K (52%)
2 ms. Memory: 120832K Free: 62283K (52%)
3 ms. Memory: 120832K Free: 60755K (50%)
5 ms. Memory: 120832K Free: 58707K (49%)
/home/travis/build/icyphy/ptII/ptolemy/actor/lib/test/Maximum.tcl
4 ms. Memory: 120832K Free: 57155K (47%)
2 ms. Memory: 120832K Free: 56145K (46%)
2 ms. Memory: 120832K Free: 55635K (46%)
2 ms. Memory: 120832K Free: 55121K (46%)
/home/travis/build/icyphy/ptII/ptolemy/actor/lib/test/Minimum.tcl
7 ms. Memory: 120832K Free: 105878K (88%)
10 ms. Memory: 120832K Free: 105368K (87%)
2 ms. Memory: 120832K Free: 104854K (87%)
2 ms. Memory: 120832K Free: 103830K (86%)
/home/travis/build/icyphy/ptII/ptolemy/actor/lib/test/MultiplyDivide.tcl
4 ms. Memory: 120832K Free: 102296K (85%)
2 ms. Memory: 120832K Free: 101272K (84%)
2 ms. Memory: 120832K Free: 100758K (83%)
3 ms. Memory: 120832K Free: 99720K (83%)
2 ms. Memory: 120832K Free: 99224K (82%)
/home/travis/build/icyphy/ptII/ptolemy/actor/lib/test/OrderedMerge.tcl
Connections changed on port: inputA
Connections changed on port: inputB
Connections changed on port: output
Connections changed on port: output
Connections changed on port: output
Connections changed on port: input
.top. Preinitializing ...
Invoking preinitialize():  .top.OrderedMerge
Called preinitialize()
Invoking preinitialize():  .top.Ramp
Called preinitialize()
Invoking preinitialize():  .top.Ramp2
Called preinitialize()
Invoking preinitialize():  .top.Test
Called preinitialize()
Connections changed on port: inputA
Connections changed on port: output
Connections changed on port: output
Connections changed on port: input
Connections changed on port: inputB
Connections changed on port: output
.top. Finished preinitialize().
Called initialize().
Invoking initialize():  .top.OrderedMerge
Initializing actor: .top.OrderedMerge
Adding a thread: .top.OrderedMerge
Invoking initialize():  .top.Ramp
Initializing actor: .top.Ramp
Adding a thread: .top.Ramp
Invoking initialize():  .top.Ramp2
Initializing actor: .top.Ramp2
Adding a thread: .top.Ramp2
Invoking initialize():  .top.Test
Initializing actor: .top.Test
Adding a thread: .top.Test
-- Starting thread.
Called initialize()
Called prefire()
Called fire()
-- Starting thread.
Called initialize()
Called fire().
Checking for deadlock:
-- Starting thread.
Called prefire()
Called initialize()
Called fire()
Called prefire()
Called fire()
-- Starting thread.
Called initialize()
Called prefire()
Called fire()
There are 1 Blocked actors, 0 Stopped actors, and 4 active threads.
Waiting for actors to stop.
Called postfire()
Called prefire()
Called fire()
Called postfire()
Called prefire()
Called fire()
Called postfire()
Called prefire()
Called fire()
Checking for deadlock:
There are 3 Blocked actors, 0 Stopped actors, and 4 active threads.
Waiting for actors to stop.
Read input token from inputA with value 0.0
Next port to read input from is inputB
Called postfire()
Called prefire()
Called fire()
Read input token from inputB with value 0.0
Called postfire()
Called prefire()
Called fire()
Sent output token with value 0.0
Next port to read input from is inputA
Called postfire()
Called prefire()
Called fire()
Read input token from inputA with value 1.0
Sent output token with value 0.0
-- Read input: 0.0, which is expected to match: 0.0
Next port to read input from is inputB
Called postfire()
Called prefire()
Called fire()
Called prefire()
Called fire()
Read input token from inputB with value 1.5
-- Read input: 0.0, which is expected to match: 0.0
Sent output token with value 1.0
Called prefire()
Called fire()
Next port to read input from is inputA
Called postfire()
Called prefire()
Called fire()
-- Read input: 1.0, which is expected to match: 1.0
Called prefire()
Called fire()
Checking for deadlock:
There are 2 Blocked actors, 0 Stopped actors, and 4 active threads.
Waiting for actors to stop.
Called postfire()
Called prefire()
Called fire()
Called postfire()
Called prefire()
Called fire()
Read input token from inputA with value 2.0
Checking for deadlock:
There are 2 Blocked actors, 0 Stopped actors, and 4 active threads.
Waiting for actors to stop.
Called postfire()
Sent output token with value 1.5
Next port to read input from is inputB
Called postfire()
Called prefire()
Called fire()
Read input token from inputB with value 3.0
-- Read input: 1.5, which is expected to match: 1.5
Called prefire()
Called fire()
Called prefire()
Called fire()
Checking for deadlock:
There are 2 Blocked actors, 0 Stopped actors, and 4 active threads.
Waiting for actors to stop.
Called postfire()
Called prefire()
Called fire()
Checking for deadlock:
There are 3 Blocked actors, 0 Stopped actors, and 4 active threads.
Waiting for actors to stop.
Checking for deadlock:
There are 2 Blocked actors, 0 Stopped actors, and 4 active threads.
Sent output token with value 2.0
Waiting for actors to stop.
Next port to read input from is inputA
Called postfire()
Called prefire()
Called fire()
-- Read input: 2.0, which is expected to match: 2.0
Called prefire()
Called fire()
Read input token from inputA with value 3.0
Called postfire()
Sent output token with value 3.0
Checking for deadlock:
Called prefire()
Next port to read input from is inputB
Called postfire()
Called fire()
Called prefire()
Called fire()
There are 1 Blocked actors, 0 Stopped actors, and 4 active threads.
Waiting for actors to stop.
Checking for deadlock:
There are 2 Blocked actors, 0 Stopped actors, and 4 active threads.
Waiting for actors to stop.
Read input token from inputB with value 4.5
-- Read input: 3.0, which is expected to match: 3.0
Sent output token with value 3.0
Called prefire()
Called fire()
Next port to read input from is inputA
Called postfire()
Called prefire()
Called fire()
-- Read input: 3.0, which is expected to match: 3.0
Called prefire()
Called fire()
Read input token from inputA with value 4.0
Checking for deadlock:
There are 1 Blocked actors, 0 Stopped actors, and 4 active threads.
Waiting for actors to stop.
Called postfire()
Called prefire()
Called fire()
Called postfire()
Called prefire()
Called fire()
Checking for deadlock:
There are 3 Blocked actors, 0 Stopped actors, and 4 active threads.
Waiting for actors to stop.
-- Read input: 4.0, which is expected to match: 4.0
Called prefire()
Called fire()
Past the end of training data. Read and discard all inputs.
Checking for deadlock:
There are 3 Blocked actors, 0 Stopped actors, and 4 active threads.
Waiting for actors to stop.
Sent output token with value 4.0
Next port to read input from is inputA
Called postfire()
Called prefire()
Called fire()
Read input token from inputA with value 5.0
Sent output token with value 4.5
Called postfire()
Called prefire()
Called fire()
Next port to read input from is inputB
Called postfire()
Called prefire()
Called fire()
Checking for deadlock:
There are 2 Blocked actors, 0 Stopped actors, and 4 active threads.
Waiting for actors to stop.
Called postfire()
Read input token from inputB with value 6.0
Called prefire()
Sent output token with value 5.0
Called prefire()
Called fire()
Next port to read input from is inputA
Called postfire()
Called fire()
Called prefire()
Past the end of training data. Read and discard all inputs.
Called fire()
Called prefire()
Called fire()
Past the end of training data. Read and discard all inputs.
Read input token from inputA with value 6.0
Sent output token with value 6.0
Next port to read input from is inputB
Called postfire()
Called prefire()
Called fire()
Read input token from inputB with value 7.5
Checking for deadlock:
There are 1 Blocked actors, 0 Stopped actors, and 4 active threads.
Waiting for actors to stop.
Called postfire()
Called prefire()
Called fire()
Called prefire()
Called fire()
Past the end of training data. Read and discard all inputs.
Called postfire()
Called prefire()
Called fire()
Checking for deadlock:
There are 3 Blocked actors, 0 Stopped actors, and 4 active threads.
Waiting for actors to stop.
Called prefire()
Sent output token with value 6.0
Checking for deadlock:
Called fire()
Past the end of training data. Read and discard all inputs.
Next port to read input from is inputA
Called postfire()
Called prefire()
Called fire()
There are 2 Blocked actors, 0 Stopped actors, and 4 active threads.
Waiting for actors to stop.
Called postfire()
Called prefire()
Read input token from inputA with value 7.0
Sent output token with value 7.0
Next port to read input from is inputA
Called postfire()
Called prefire()
Called fire()
Read input token from inputA with value 8.0
Called fire()
-- Thread wrapup() called.
Called wrapup()
Thread .top.Ramp is exiting.
-- Thread stopped.
Checking for deadlock:
There are 2 Blocked actors, 0 Stopped actors, and 3 active threads.
Waiting for actors to stop.
Called prefire()
Called fire()
Past the end of training data. Read and discard all inputs.
Checking for deadlock:
There are 2 Blocked actors, 0 Stopped actors, and 3 active threads.
Waiting for actors to stop.
Sent output token with value 7.5
Called prefire()
Called fire()
Past the end of training data. Read and discard all inputs.
Next port to read input from is inputB
Called postfire()
Called prefire()
Called fire()
Read input token from inputB with value 9.0
Sent output token with value 8.0
Next port to read input from is inputA
Called postfire()
Called prefire()
Called fire()
Read input token from inputA with value 9.0
Checking for deadlock:
There are 1 Blocked actors, 0 Stopped actors, and 3 active threads.
Waiting for actors to stop.
Called prefire()
Called fire()
Past the end of training data. Read and discard all inputs.
Called postfire()
Called prefire()
Called fire()
Checking for deadlock:
There are 2 Blocked actors, 0 Stopped actors, and 3 active threads.
Waiting for actors to stop.
Sent output token with value 9.0
Checking for deadlock:
Called prefire()
Next port to read input from is inputB
Called postfire()
Called fire()
Called prefire()
Past the end of training data. Read and discard all inputs.
Called fire()
There are 1 Blocked actors, 0 Stopped actors, and 3 active threads.
Waiting for actors to stop.
Checking for deadlock:
There are 1 Blocked actors, 0 Stopped actors, and 3 active threads.
Waiting for actors to stop.
Read input token from inputB with value 10.5
Called postfire()
Called prefire()
Called fire()
Sent output token with value 9.0
Called prefire()
Called fire()
Past the end of training data. Read and discard all inputs.
Next port to read input from is inputA
Called postfire()
Called prefire()
Called fire()
Checking for deadlock:
There are 2 Blocked actors, 0 Stopped actors, and 3 active threads.
Waiting for actors to stop.
Checking for deadlock:
There are 3 Blocked actors, 0 Stopped actors, and 3 active threads.
Actors have stopped.
Checking for deadlock:
There are 3 Blocked actors, 0 Stopped actors, and 3 active threads.
Deadlock detected.
Resolving Deadlock
Checking for deadlock:
There are 3 Blocked actors, 0 Stopped actors, and 3 active threads.
Artificial Deadlock - increasing queue capacity.
increasing the capacity of receiver ptolemy.actor.TypedIOPort {.top.OrderedMerge.inputB} to 2
-- Thread wrapup() called.
Called wrapup()
Thread .top.Ramp2 is exiting.
-- Thread stopped.
Director: Called postfire().
Called postfire().
_stopRequested = false
_stopFireRequested = false
Returning from postfire(): true
Called fire().
Checking for deadlock:
There are 2 Blocked actors, 0 Stopped actors, and 2 active threads.
Actors have stopped.
Checking for deadlock:
There are 2 Blocked actors, 0 Stopped actors, and 2 active threads.
Deadlock detected.
Resolving Deadlock
Checking for deadlock:
There are 2 Blocked actors, 0 Stopped actors, and 2 active threads.
Deadlock detected: no processes blocked on write, but some are blocked on read.
Called postfire().
_stopRequested = false
_stopFireRequested = false
Returning from postfire(): false
Finished deactivating branches.
Called wrapup().
-- Thread wrapup() called.
-- Thread wrapup() called.
Called wrapup()
Called wrapup()
Thread .top.OrderedMerge is exiting.
-- Thread stopped.
-- Blocked Receiver call threw TerminateProcessException.
Thread .top.Test is exiting.
-- Thread stopped.
-- Blocked Receiver call threw TerminateProcessException.
77 ms. Memory: 120832K Free: 94104K (78%)
.top. Preinitializing ...
Invoking preinitialize():  .top.OrderedMerge
Called preinitialize()
Invoking preinitialize():  .top.Ramp
Called preinitialize()
Invoking preinitialize():  .top.Ramp2
Called preinitialize()
Invoking preinitialize():  .top.Test
Called preinitialize()
.top. Finished preinitialize().
Called initialize().
Invoking initialize():  .top.OrderedMerge
Initializing actor: .top.OrderedMerge
Adding a thread: .top.OrderedMerge
Invoking initialize():  .top.Ramp
Initializing actor: .top.Ramp
Adding a thread: .top.Ramp
Invoking initialize():  .top.Ramp2
Initializing actor: .top.Ramp2
Adding a thread: .top.Ramp2
Invoking initialize():  .top.Test
Initializing actor: .top.Test
Adding a thread: .top.Test
-- Starting thread.
Called initialize()
Called prefire()
Called fire()
-- Starting thread.
Called initialize()
Called prefire()
Called fire()
Called postfire()
Called prefire()
Called fire()
-- Starting thread.
Called initialize()
Called prefire()
Called fire()
Called postfire()
Called prefire()
Called fire()
Called fire().
Checking for deadlock:
There are 3 Blocked actors, 0 Stopped actors, and 4 active threads.
Waiting for actors to stop.
-- Starting thread.
Called initialize()
Called prefire()
Called fire()
Checking for deadlock:
There are 2 Blocked actors, 0 Stopped actors, and 4 active threads.
Waiting for actors to stop.
Called postfire()
Called prefire()
Called fire()
Read input token from inputA with value 0.0
Next port to read input from is inputB
Called postfire()
Called prefire()
Called fire()
Read input token from inputB with value 0.0
Sent output token with value 0.0
Next port to read input from is inputA
Called postfire()
Called prefire()
Called fire()
Read input token from inputA with value 1.0
Called postfire()
Checking for deadlock:
Called prefire()
Called fire()
There are 1 Blocked actors, 0 Stopped actors, and 4 active threads.
Waiting for actors to stop.
-- Read input: 0.0, which is expected to match: 0.0
Called prefire()
Called fire()
Called postfire()
Called prefire()
Called fire()
Checking for deadlock:
There are 3 Blocked actors, 0 Stopped actors, and 4 active threads.
Waiting for actors to stop.
Sent output token with value 0.0
Checking for deadlock:
There are 2 Blocked actors, 0 Stopped actors, and 4 active threads.
Waiting for actors to stop.
Next port to read input from is inputB
Called postfire()
Called prefire()
Called fire()
Read input token from inputB with value 1.5
-- Read input: 0.0, which is expected to match: 0.0
Called prefire()
Called fire()
Checking for deadlock:
There are 2 Blocked actors, 0 Stopped actors, and 4 active threads.
Waiting for actors to stop.
Called postfire()
Called prefire()
Called fire()
Sent output token with value 1.0
Next port to read input from is inputA
Called postfire()
Called prefire()
Called fire()
Read input token from inputA with value 2.0
Checking for deadlock:
There are 1 Blocked actors, 0 Stopped actors, and 4 active threads.
-- Read input: 1.0, which is expected to match: 1.0
Waiting for actors to stop.
Called prefire()
Called fire()
Checking for deadlock:
There are 2 Blocked actors, 0 Stopped actors, and 4 active threads.
Waiting for actors to stop.
Called postfire()
Called prefire()
Called fire()
Sent output token with value 1.5
Next port to read input from is inputB
Called postfire()
Called prefire()
Called fire()
Read input token from inputB with value 3.0
Called postfire()
Called prefire()
Called fire()
Checking for deadlock:
There are 3 Blocked actors, 0 Stopped actors, and 4 active threads.
Waiting for actors to stop.
-- Read input: 1.5, which is expected to match: 1.5
Called prefire()
Called fire()
Checking for deadlock:
There are 3 Blocked actors, 0 Stopped actors, and 4 active threads.
Waiting for actors to stop.
Sent output token with value 2.0
Next port to read input from is inputA
Called postfire()
Called prefire()
Called fire()
Read input token from inputA with value 3.0
Checking for deadlock:
-- Read input: 2.0, which is expected to match: 2.0
There are 1 Blocked actors, 0 Stopped actors, and 4 active threads.
Waiting for actors to stop.
Called prefire()
Called fire()
Checking for deadlock:
There are 2 Blocked actors, 0 Stopped actors, and 4 active threads.
Waiting for actors to stop.
Sent output token with value 3.0
Next port to read input from is inputB
Called postfire()
Called prefire()
Called fire()
Read input token from inputB with value 4.5
Called postfire()
Called postfire()
Called prefire()
Called prefire()
Called fire()
Called fire()
Checking for deadlock:
There are 2 Blocked actors, 0 Stopped actors, and 4 active threads.
Waiting for actors to stop.
-- Read input: 3.0, which is expected to match: 3.0
Called prefire()
Called fire()
Checking for deadlock:
There are 2 Blocked actors, 0 Stopped actors, and 4 active threads.
Sent output token with value 3.0
Waiting for actors to stop.
Next port to read input from is inputA
Called postfire()
Called prefire()
Called fire()
Read input token from inputA with value 4.0
Checking for deadlock:
There are 2 Blocked actors, 0 Stopped actors, and 4 active threads.
Waiting for actors to stop.
Checking for deadlock:
There are 1 Blocked actors, 0 Stopped actors, and 4 active threads.
-- Read input: 3.0, which is expected to match: 3.0
Waiting for actors to stop.
Called prefire()
Called fire()
Sent output token with value 4.0
Next port to read input from is inputA
Called postfire()
Called prefire()
Called fire()
Called postfire()
Called prefire()
Called fire()
Read input token from inputA with value 5.0
Checking for deadlock:
There are 1 Blocked actors, 0 Stopped actors, and 4 active threads.
Waiting for actors to stop.
-- Read input: 4.0, which is expected to match: 4.0
Called prefire()
Called fire()
Past the end of training data. Read and discard all inputs.
Sent output token with value 4.5
Next port to read input from is inputB
Called postfire()
Called prefire()
Called fire()
Read input token from inputB with value 6.0
Called postfire()
Called prefire()
Called fire()
Called prefire()
Called postfire()
Called fire()
Past the end of training data. Read and discard all inputs.
Checking for deadlock:
There are 1 Blocked actors, 0 Stopped actors, and 4 active threads.
Waiting for actors to stop.
Called prefire()
Called fire()
Sent output token with value 5.0
Next port to read input from is inputA
Called postfire()
Called prefire()
Called fire()
Called postfire()
Called prefire()
Called fire()
Checking for deadlock:
Called prefire()
Called fire()
There are 2 Blocked actors, 0 Stopped actors, and 4 active threads.
Past the end of training data. Read and discard all inputs.
Waiting for actors to stop.
Read input token from inputA with value 6.0
Sent output token with value 6.0
Next port to read input from is inputB
Called postfire()
Called prefire()
Called fire()
Read input token from inputB with value 7.5
Called prefire()
Called fire()
Past the end of training data. Read and discard all inputs.
Called postfire()
Called prefire()
Called fire()
Checking for deadlock:
Sent output token with value 6.0
There are 2 Blocked actors, 0 Stopped actors, and 4 active threads.
Waiting for actors to stop.
Next port to read input from is inputA
Called postfire()
Called prefire()
Called fire()
Read input token from inputA with value 7.0
Checking for deadlock:
There are 2 Blocked actors, 0 Stopped actors, and 4 active threads.
Waiting for actors to stop.
Called prefire()
Called fire()
Past the end of training data. Read and discard all inputs.
Called postfire()
Checking for deadlock:
Called prefire()
There are 2 Blocked actors, 0 Stopped actors, and 4 active threads.
Waiting for actors to stop.
Called fire()
Checking for deadlock:
There are 3 Blocked actors, 0 Stopped actors, and 4 active threads.
Waiting for actors to stop.
Sent output token with value 7.0
Next port to read input from is inputA
Called postfire()
Called prefire()
Called fire()
Read input token from inputA with value 8.0
-- Thread wrapup() called.
Called wrapup()
Thread .top.Ramp is exiting.
-- Thread stopped.
Checking for deadlock:
Called prefire()
There are 1 Blocked actors, 0 Stopped actors, and 3 active threads.
Waiting for actors to stop.
Called fire()
Past the end of training data. Read and discard all inputs.
Checking for deadlock:
There are 1 Blocked actors, 0 Stopped actors, and 3 active threads.
Waiting for actors to stop.
Sent output token with value 7.5
Next port to read input from is inputB
Called postfire()
Called prefire()
Called fire()
Read input token from inputB with value 9.0
Checking for deadlock:
Called prefire()
There are 0 Blocked actors, 0 Stopped actors, and 3 active threads.
Called fire()
Waiting for actors to stop.
Past the end of training data. Read and discard all inputs.
Called postfire()
Called prefire()
Called fire()
Sent output token with value 8.0
Checking for deadlock:
There are 1 Blocked actors, 0 Stopped actors, and 3 active threads.
Waiting for actors to stop.
Next port to read input from is inputA
Called postfire()
Called prefire()
Called fire()
Read input token from inputA with value 9.0
Checking for deadlock:
Called prefire()
Called fire()
Past the end of training data. Read and discard all inputs.
There are 1 Blocked actors, 0 Stopped actors, and 3 active threads.
Waiting for actors to stop.
Checking for deadlock:
There are 2 Blocked actors, 0 Stopped actors, and 3 active threads.
Waiting for actors to stop.
Sent output token with value 9.0
Next port to read input from is inputB
Called postfire()
Called prefire()
Called fire()
Read input token from inputB with value 10.5
Checking for deadlock:
Called prefire()
There are 0 Blocked actors, 0 Stopped actors, and 3 active threads.
Waiting for actors to stop.
Called fire()
Past the end of training data. Read and discard all inputs.
Called postfire()
Called prefire()
Called fire()
Sent output token with value 9.0
Checking for deadlock:
There are 1 Blocked actors, 0 Stopped actors, and 3 active threads.
Waiting for actors to stop.
Next port to read input from is inputA
Called postfire()
Called prefire()
Called fire()
Checking for deadlock:
Called prefire()
There are 2 Blocked actors, 0 Stopped actors, and 3 active threads.
Called fire()
Waiting for actors to stop.
Past the end of training data. Read and discard all inputs.
Checking for deadlock:
There are 3 Blocked actors, 0 Stopped actors, and 3 active threads.
Actors have stopped.
Checking for deadlock:
There are 3 Blocked actors, 0 Stopped actors, and 3 active threads.
Deadlock detected.
Resolving Deadlock
Checking for deadlock:
There are 3 Blocked actors, 0 Stopped actors, and 3 active threads.
Artificial Deadlock - increasing queue capacity.
increasing the capacity of receiver ptolemy.actor.TypedIOPort {.top.OrderedMerge.inputB} to 2
Director: Called postfire().
Called postfire().
_stopRequested = false
_stopFireRequested = false
Returning from postfire(): true
Called fire().
Checking for deadlock:
There are 2 Blocked actors, 0 Stopped actors, and 3 active threads.
Waiting for actors to stop.
-- Thread wrapup() called.
Called wrapup()
Thread .top.Ramp2 is exiting.
-- Thread stopped.
Checking for deadlock:
There are 2 Blocked actors, 0 Stopped actors, and 2 active threads.
Actors have stopped.
Checking for deadlock:
There are 2 Blocked actors, 0 Stopped actors, and 2 active threads.
Deadlock detected.
Resolving Deadlock
Checking for deadlock:
There are 2 Blocked actors, 0 Stopped actors, and 2 active threads.
Deadlock detected: no processes blocked on write, but some are blocked on read.
Called postfire().
_stopRequested = false
_stopFireRequested = false
Returning from postfire(): false
Finished deactivating branches.
Called wrapup().
-- Thread wrapup() called.
Called wrapup()
Thread .top.Test is exiting.
-- Thread stopped.
-- Blocked Receiver call threw TerminateProcessException.
-- Thread wrapup() called.
Called wrapup()
Thread .top.OrderedMerge is exiting.
-- Thread stopped.
-- Blocked Receiver call threw TerminateProcessException.
46 ms. Memory: 120832K Free: 92056K (76%)
/home/travis/build/icyphy/ptII/ptolemy/actor/lib/test/Publisher.tcl
17 ms. Memory: 120832K Free: 85912K (71%)
7 ms. Memory: 120832K Free: 80278K (66%)
3 ms. Memory: 120832K Free: 76696K (63%)
9 ms. Memory: 120832K Free: 75672K (63%)
5 ms. Memory: 120832K Free: 75144K (62%)
10 ms. Memory: 120832K Free: 74134K (61%)
2 ms. Memory: 120832K Free: 73096K (60%)
3 ms. Memory: 120832K Free: 72600K (60%)
42 ms. Memory: 120832K Free: 98418K (81%)
11 ms. Memory: 120832K Free: 94322K (78%)
10 ms. Memory: 120832K Free: 93778K (78%)
9 ms. Memory: 120832K Free: 91754K (76%)
18 ms. Memory: 120832K Free: 84082K (70%)
23 ms. Memory: 120832K Free: 74352K (62%)
11 ms. Memory: 120832K Free: 63602K (53%)
/home/travis/build/icyphy/ptII/ptolemy/actor/lib/test/Pulse.tcl
5 ms. Memory: 166912K Free: 128311K (77%)
12 ms. Memory: 166912K Free: 127783K (77%)
4 ms. Memory: 166912K Free: 127287K (76%)
2 ms. Memory: 166912K Free: 126743K (76%)
1 ms. Memory: 166912K Free: 126263K (76%)
9 ms. Memory: 166912K Free: 125239K (75%)
8 ms. Memory: 166912K Free: 124215K (74%)
2 ms. Memory: 166912K Free: 123701K (74%)
5 ms. Memory: 166912K Free: 122663K (73%)
/home/travis/build/icyphy/ptII/ptolemy/actor/lib/test/Ramp.tcl
9 ms. Memory: 166912K Free: 120615K (72%)
4 ms. Memory: 166912K Free: 120119K (72%)
4 ms. Memory: 166912K Free: 119591K (72%)
2 ms. Memory: 166912K Free: 118581K (71%)
5 ms. Memory: 166912K Free: 117557K (70%)
8 ms. Memory: 166912K Free: 117047K (70%)
6 ms. Memory: 166912K Free: 116023K (70%)
5 actors
9000 microseconds per iteration to create
11 ms. Memory: 166912K Free: 113447K (68%)
2 ms. Memory: 166912K Free: 112407K (67%)
2 ms. Memory: 166912K Free: 111927K (67%)
5 ms. Memory: 166912K Free: 111407K (67%)
50 actors
33000 microseconds per iteration to create
28 ms. Memory: 166912K Free: 96053K (58%)
5 ms. Memory: 166912K Free: 95029K (57%)
4 ms. Memory: 166912K Free: 94005K (56%)
13 ms. Memory: 166912K Free: 92981K (56%)
500 actors
1705000 microseconds per iteration to create
286 ms. Memory: 166912K Free: 86903K (52%)
36 ms. Memory: 166912K Free: 81783K (49%)
35 ms. Memory: 166912K Free: 76663K (46%)
34 ms. Memory: 166912K Free: 71029K (43%)
/home/travis/build/icyphy/ptII/ptolemy/actor/lib/test/RampContinuous.tcl
7 ms. Memory: 166912K Free: 69991K (42%)
/home/travis/build/icyphy/ptII/ptolemy/actor/lib/test/RecordAssembler.tcl
4 ms. Memory: 166912K Free: 68471K (41%)
2 ms. Memory: 166912K Free: 67447K (40%)
/home/travis/build/icyphy/ptII/ptolemy/actor/lib/test/RecordDisassembler.tcl
5 ms. Memory: 166912K Free: 65399K (39%)
2 ms. Memory: 166912K Free: 64871K (39%)
3 ms. Memory: 166912K Free: 63351K (38%)
/home/travis/build/icyphy/ptII/ptolemy/actor/lib/test/Scale.tcl
3 ms. Memory: 166912K Free: 61813K (37%)
2 ms. Memory: 166912K Free: 60783K (36%)
1 ms. Memory: 166912K Free: 60279K (36%)
2 ms. Memory: 166912K Free: 59255K (36%)
1 ms. Memory: 166912K Free: 58741K (35%)
/home/travis/build/icyphy/ptII/ptolemy/actor/lib/test/SequentialClock.tcl
preinitializing
resolving types
initializing
executing number 1
wrapping up
idle
2 ms. Memory: 166912K Free: 57207K (34%)
Completed execution with 5 iterations
preinitializing
resolving types
initializing
executing number 1
wrapping up
idle
1 ms. Memory: 166912K Free: 56663K (34%)
Completed execution with 5 iterations
preinitializing
resolving types
initializing
executing number 1
wrapping up
idle
1 ms. Memory: 166912K Free: 56183K (34%)
Completed execution with 5 iterations
/home/travis/build/icyphy/ptII/ptolemy/actor/lib/test/SetVariable.tcl
23 ms. Memory: 166912K Free: 143958K (86%)


==== $PTII/ptolemy/actor/lib/test/SetVariable.tcl: SetVariable-3.1 changeFailed
==== Contents of test case:

    #Uses 2.1 above
    jdkCaptureErr {
        # This test was failing if we ran Exit.tcl and then this test.
        # MessageHandler.error() now actually throws the Exception.
	catch {$setVariable changeFailed [java::null]  [java::new Exception {Test exception for SetVariable.changeFailed()}]} errMsg
    } results
    list [string range $results 0 89] "\n" $errMsg

==== Result was:
{java.lang.Exception: Test exception for SetVariable.changeFailed()
	at java.base/jdk.inter} {
} {java.lang.RuntimeException: java.lang.Exception: Test exception for SetVariable.changeFailed()}
---- Result should have been:
{Failed to set variable.
java.lang.Exception: Test exception for SetVariable.changeFailed()} {
} {java.lang.RuntimeException: java.lang.Exception: Test exception for SetVariable.changeFailed()}
---- SetVariable-3.1 FAILED
/home/travis/build/icyphy/ptII/ptolemy/actor/lib/test/Sinewave.tcl
/home/travis/build/icyphy/ptII/ptolemy/actor/lib/test/SubscriptionAggregator.tcl
4 ms. Memory: 166912K Free: 132165K (79%)
3 ms. Memory: 166912K Free: 131670K (79%)
1 ms. Memory: 166912K Free: 131156K (79%)
1 ms. Memory: 166912K Free: 130646K (78%)
1 ms. Memory: 166912K Free: 127053K (76%)
10 ms. Memory: 166912K Free: 125012K (75%)
...............................................................1004 ms. Memory: 207872K Free: 66680K (32%)
/home/travis/build/icyphy/ptII/ptolemy/actor/lib/test/Test.tcl
 The next command will produce a warning about training mode,
   which may be ignored.
4 ms. Memory: 207872K Free: 64632K (31%)
10 ms. Memory: 207872K Free: 64094K (31%)
2 ms. Memory: 207872K Free: 63094K (30%)
1 ms. Memory: 207872K Free: 62584K (30%)
2 ms. Memory: 207872K Free: 62040K (30%)
3 ms. Memory: 207872K Free: 61040K (29%)
6 ms. Memory: 207872K Free: 59512K (29%)
 The next command will produce a warning about training mode,
   which may be ignored.
87 ms. Memory: 299008K Free: 252713K (85%)
 The next command will produce a warning about training mode,
   which may be ignored.
2 ms. Memory: 299008K Free: 251673K (84%)
1 ms. Memory: 299008K Free: 251193K (84%)
2 ms. Memory: 299008K Free: 250679K (84%)
1 ms. Memory: 299008K Free: 250169K (84%)
6 ms. Memory: 299008K Free: 249145K (83%)
3 ms. Memory: 299008K Free: 245553K (82%)
/home/travis/build/icyphy/ptII/ptolemy/actor/lib/test/TestExceptionHandler.tcl
 The next command will produce a warning about training mode,
   which may be ignored.
3 ms. Memory: 299008K Free: 244025K (82%)
0 ms. Memory: 299008K Free: 243505K (81%)
1 ms. Memory: 299008K Free: 243001K (81%)
/home/travis/build/icyphy/ptII/ptolemy/actor/lib/test/UnionDisassembler.tcl
14 ms. Memory: 299008K Free: 235833K (79%)
/home/travis/build/icyphy/ptII/ptolemy/actor/lib/test/VariableClock.tcl
preinitializing
resolving types
initializing
executing number 1
wrapping up
idle
4 ms. Memory: 299008K Free: 234281K (78%)
Completed execution with 11 iterations
preinitializing
resolving types
initializing
executing number 1
wrapping up
idle
4 ms. Memory: 299008K Free: 232761K (78%)
Completed execution with 10 iterations
10/11/19 05:59:26
Failed: 1  Total Tests: 234  ((Passed: 233, Newly Passed: 0)  Known Failed: 0) /home/travis/build/icyphy/ptII/ptolemy/actor/lib/test
----------------- testing (KnownFailure) /home/travis/build/icyphy/ptII/ptolemy/actor/lib/test/auto/knownFailedTests/PublisherPortToplevelSubscriber.xml
0 ms. Memory: 299008K Free: 229175K (77%)
Known Failure: java.lang.reflect.InvocationTargetException
----------------- testing (KnownFailure) /home/travis/build/icyphy/ptII/ptolemy/actor/lib/test/auto/knownFailedTests/PublisherSubscriberPortToplevel.xml
1 ms. Memory: 299008K Free: 225079K (75%)
Known Failure: java.lang.reflect.InvocationTargetException
----------------- testing (KnownFailure) /home/travis/build/icyphy/ptII/ptolemy/actor/lib/test/auto/knownFailedTests/PublisherSubscriptionAggregatorPort.xml
0 ms. Memory: 299008K Free: 220953K (74%)
Known Failure: java.lang.reflect.InvocationTargetException
----------------- testing (KnownFailure) /home/travis/build/icyphy/ptII/ptolemy/actor/lib/test/auto/knownFailedTests/sizedarray3.xml
4 ms. Memory: 299008K Free: 216377K (72%)
Known Failure: java.lang.reflect.InvocationTargetException
No auto/linux-amd64/*.xml tests in /home/travis/build/icyphy/ptII/ptolemy/actor/lib/test
AutoTests.java: About to close Vertx.
AutoTests.java: Vertx closed.

===========================================================================================
----------------- testing Fri Oct 11 05:59:27 UTC 2019 /home/travis/build/icyphy/ptII/ptolemy/actor/lib/test/auto/AbsoluteValue.xml
----------------- Instantiating /home/travis/build/icyphy/ptII/ptolemy/actor/lib/test/auto/AbsoluteValue.xml
5 ms. Memory: 299008K Free: 193335K (65%)
----------------- Invoking toplevel() on ptolemy.moml.MoMLSimpleApplication@5252e4db
----------------- Done invoking toplevel() on ptolemy.moml.MoMLSimpleApplication@5252e4db
reloadAllAccessors: .AbsoluteValue

===========================================================================================
----------------- testing Fri Oct 11 05:59:27 UTC 2019 /home/travis/build/icyphy/ptII/ptolemy/actor/lib/test/auto/AbsoluteValue2.xml
----------------- Instantiating /home/travis/build/icyphy/ptII/ptolemy/actor/lib/test/auto/AbsoluteValue2.xml
6 ms. Memory: 299008K Free: 186681K (62%)
----------------- Invoking toplevel() on ptolemy.moml.MoMLSimpleApplication@620aceef
----------------- Done invoking toplevel() on ptolemy.moml.MoMLSimpleApplication@620aceef
reloadAllAccessors: .AbsoluteValue2

===========================================================================================
----------------- testing Fri Oct 11 05:59:27 UTC 2019 /home/travis/build/icyphy/ptII/ptolemy/actor/lib/test/auto/Accumulator.xml
----------------- Instantiating /home/travis/build/icyphy/ptII/ptolemy/actor/lib/test/auto/Accumulator.xml
6 ms. Memory: 299008K Free: 180537K (60%)
----------------- Invoking toplevel() on ptolemy.moml.MoMLSimpleApplication@1b8bd32a
----------------- Done invoking toplevel() on ptolemy.moml.MoMLSimpleApplication@1b8bd32a
reloadAllAccessors: .Accumulator

===========================================================================================
----------------- testing Fri Oct 11 05:59:27 UTC 2019 /home/travis/build/icyphy/ptII/ptolemy/actor/lib/test/auto/Accumulator2.xml
----------------- Instantiating /home/travis/build/icyphy/ptII/ptolemy/actor/lib/test/auto/Accumulator2.xml
3 ms. Memory: 299008K Free: 174903K (58%)
----------------- Invoking toplevel() on ptolemy.moml.MoMLSimpleApplication@3c07626
----------------- Done invoking toplevel() on ptolemy.moml.MoMLSimpleApplication@3c07626
reloadAllAccessors: .Accumulator2

===========================================================================================
----------------- testing Fri Oct 11 05:59:27 UTC 2019 /home/travis/build/icyphy/ptII/ptolemy/actor/lib/test/auto/Accumulator3.xml
----------------- Instantiating /home/travis/build/icyphy/ptII/ptolemy/actor/lib/test/auto/Accumulator3.xml
2 ms. Memory: 299008K Free: 170807K (57%)
----------------- Invoking toplevel() on ptolemy.moml.MoMLSimpleApplication@57b0113a
----------------- Done invoking toplevel() on ptolemy.moml.MoMLSimpleApplication@57b0113a
reloadAllAccessors: .Accumulator3

===========================================================================================
----------------- testing Fri Oct 11 05:59:27 UTC 2019 /home/travis/build/icyphy/ptII/ptolemy/actor/lib/test/auto/ArrayAppend.xml
----------------- Instantiating /home/travis/build/icyphy/ptII/ptolemy/actor/lib/test/auto/ArrayAppend.xml
5 ms. Memory: 299008K Free: 164649K (55%)
----------------- Invoking toplevel() on ptolemy.moml.MoMLSimpleApplication@797b757c
----------------- Done invoking toplevel() on ptolemy.moml.MoMLSimpleApplication@797b757c
reloadAllAccessors: .ArrayAppend

===========================================================================================
----------------- testing Fri Oct 11 05:59:27 UTC 2019 /home/travis/build/icyphy/ptII/ptolemy/actor/lib/test/auto/ArrayAppend2.xml
----------------- Instantiating /home/travis/build/icyphy/ptII/ptolemy/actor/lib/test/auto/ArrayAppend2.xml
403 ms. Memory: 299008K Free: 220158K (74%)
----------------- Invoking toplevel() on ptolemy.moml.MoMLSimpleApplication@16ec939
----------------- Done invoking toplevel() on ptolemy.moml.MoMLSimpleApplication@16ec939
reloadAllAccessors: .ArrayAppend2

===========================================================================================
----------------- testing Fri Oct 11 05:59:27 UTC 2019 /home/travis/build/icyphy/ptII/ptolemy/actor/lib/test/auto/ArrayAppend3.xml
----------------- Instantiating /home/travis/build/icyphy/ptII/ptolemy/actor/lib/test/auto/ArrayAppend3.xml
3 ms. Memory: 299008K Free: 214014K (72%)
----------------- Invoking toplevel() on ptolemy.moml.MoMLSimpleApplication@66fae562
----------------- Done invoking toplevel() on ptolemy.moml.MoMLSimpleApplication@66fae562
reloadAllAccessors: .ArrayAppend3

===========================================================================================
----------------- testing Fri Oct 11 05:59:28 UTC 2019 /home/travis/build/icyphy/ptII/ptolemy/actor/lib/test/auto/ArrayAppend4.xml
----------------- Instantiating /home/travis/build/icyphy/ptII/ptolemy/actor/lib/test/auto/ArrayAppend4.xml
2 ms. Memory: 299008K Free: 208894K (70%)
----------------- Invoking toplevel() on ptolemy.moml.MoMLSimpleApplication@1a4702f4
----------------- Done invoking toplevel() on ptolemy.moml.MoMLSimpleApplication@1a4702f4
reloadAllAccessors: .ArrayAppend4

===========================================================================================
----------------- testing Fri Oct 11 05:59:28 UTC 2019 /home/travis/build/icyphy/ptII/ptolemy/actor/lib/test/auto/ArrayAppend5.xml
----------------- Instantiating /home/travis/build/icyphy/ptII/ptolemy/actor/lib/test/auto/ArrayAppend5.xml
3 ms. Memory: 299008K Free: 203774K (68%)
----------------- Invoking toplevel() on ptolemy.moml.MoMLSimpleApplication@7bc377d6
----------------- Done invoking toplevel() on ptolemy.moml.MoMLSimpleApplication@7bc377d6
reloadAllAccessors: .ArrayAppend5

===========================================================================================
----------------- testing Fri Oct 11 05:59:28 UTC 2019 /home/travis/build/icyphy/ptII/ptolemy/actor/lib/test/auto/ArrayAppend6.xml
----------------- Instantiating /home/travis/build/icyphy/ptII/ptolemy/actor/lib/test/auto/ArrayAppend6.xml
3 ms. Memory: 299008K Free: 198144K (66%)
----------------- Invoking toplevel() on ptolemy.moml.MoMLSimpleApplication@3d68752c
----------------- Done invoking toplevel() on ptolemy.moml.MoMLSimpleApplication@3d68752c
reloadAllAccessors: .ArrayAppend6

===========================================================================================
----------------- testing Fri Oct 11 05:59:28 UTC 2019 /home/travis/build/icyphy/ptII/ptolemy/actor/lib/test/auto/ArrayAppendPerformanceTest.xml
----------------- Instantiating /home/travis/build/icyphy/ptII/ptolemy/actor/lib/test/auto/ArrayAppendPerformanceTest.xml
28 ms. Memory: 299008K Free: 187390K (63%)
----------------- Invoking toplevel() on ptolemy.moml.MoMLSimpleApplication@104f28f8
----------------- Done invoking toplevel() on ptolemy.moml.MoMLSimpleApplication@104f28f8
reloadAllAccessors: .ArrayAppendPerformanceTest

===========================================================================================
----------------- testing Fri Oct 11 05:59:28 UTC 2019 /home/travis/build/icyphy/ptII/ptolemy/actor/lib/test/auto/ArrayAppendWithEmptyInput.xml
----------------- Instantiating /home/travis/build/icyphy/ptII/ptolemy/actor/lib/test/auto/ArrayAppendWithEmptyInput.xml
8 ms. Memory: 299008K Free: 179198K (60%)
----------------- Invoking toplevel() on ptolemy.moml.MoMLSimpleApplication@33669a20
----------------- Done invoking toplevel() on ptolemy.moml.MoMLSimpleApplication@33669a20
reloadAllAccessors: .ArrayAppendWithEmptyInput

===========================================================================================
----------------- testing Fri Oct 11 05:59:28 UTC 2019 /home/travis/build/icyphy/ptII/ptolemy/actor/lib/test/auto/ArrayAverage.xml
----------------- Instantiating /home/travis/build/icyphy/ptII/ptolemy/actor/lib/test/auto/ArrayAverage.xml
6 ms. Memory: 299008K Free: 171520K (57%)
----------------- Invoking toplevel() on ptolemy.moml.MoMLSimpleApplication@28938eb5
----------------- Done invoking toplevel() on ptolemy.moml.MoMLSimpleApplication@28938eb5
reloadAllAccessors: .ArrayAverage

===========================================================================================
----------------- testing Fri Oct 11 05:59:28 UTC 2019 /home/travis/build/icyphy/ptII/ptolemy/actor/lib/test/auto/ArrayContains.xml
----------------- Instantiating /home/travis/build/icyphy/ptII/ptolemy/actor/lib/test/auto/ArrayContains.xml
6 ms. Memory: 299008K Free: 165376K (55%)
----------------- Invoking toplevel() on ptolemy.moml.MoMLSimpleApplication@4721c608
----------------- Done invoking toplevel() on ptolemy.moml.MoMLSimpleApplication@4721c608
reloadAllAccessors: .ArrayContains

===========================================================================================
----------------- testing Fri Oct 11 05:59:28 UTC 2019 /home/travis/build/icyphy/ptII/ptolemy/actor/lib/test/auto/ArrayElement.xml
----------------- Instantiating /home/travis/build/icyphy/ptII/ptolemy/actor/lib/test/auto/ArrayElement.xml
8 ms. Memory: 299008K Free: 160256K (54%)
----------------- Invoking toplevel() on ptolemy.moml.MoMLSimpleApplication@7662a49c
----------------- Done invoking toplevel() on ptolemy.moml.MoMLSimpleApplication@7662a49c
reloadAllAccessors: .ArrayElement

===========================================================================================
----------------- testing Fri Oct 11 05:59:28 UTC 2019 /home/travis/build/icyphy/ptII/ptolemy/actor/lib/test/auto/ArrayElementAsMatrix.xml
----------------- Instantiating /home/travis/build/icyphy/ptII/ptolemy/actor/lib/test/auto/ArrayElementAsMatrix.xml
13 ms. Memory: 299008K Free: 150016K (50%)
----------------- Invoking toplevel() on ptolemy.moml.MoMLSimpleApplication@4c383120
----------------- Done invoking toplevel() on ptolemy.moml.MoMLSimpleApplication@4c383120
reloadAllAccessors: .ArrayElementAsMatrix

===========================================================================================
----------------- testing Fri Oct 11 05:59:28 UTC 2019 /home/travis/build/icyphy/ptII/ptolemy/actor/lib/test/auto/ArrayElementI.xml
----------------- Instantiating /home/travis/build/icyphy/ptII/ptolemy/actor/lib/test/auto/ArrayElementI.xml
3 ms. Memory: 299008K Free: 144896K (48%)
----------------- Invoking toplevel() on ptolemy.moml.MoMLSimpleApplication@6f9cfc5e
----------------- Done invoking toplevel() on ptolemy.moml.MoMLSimpleApplication@6f9cfc5e
reloadAllAccessors: .ArrayElementI

===========================================================================================
----------------- testing Fri Oct 11 05:59:28 UTC 2019 /home/travis/build/icyphy/ptII/ptolemy/actor/lib/test/auto/ArrayExtract.xml
----------------- Instantiating /home/travis/build/icyphy/ptII/ptolemy/actor/lib/test/auto/ArrayExtract.xml
4 ms. Memory: 299008K Free: 136190K (46%)
----------------- Invoking toplevel() on ptolemy.moml.MoMLSimpleApplication@7a97eee
----------------- Done invoking toplevel() on ptolemy.moml.MoMLSimpleApplication@7a97eee
reloadAllAccessors: .ArrayExtract

===========================================================================================
----------------- testing Fri Oct 11 05:59:28 UTC 2019 /home/travis/build/icyphy/ptII/ptolemy/actor/lib/test/auto/ArrayExtract2.xml
----------------- Instantiating /home/travis/build/icyphy/ptII/ptolemy/actor/lib/test/auto/ArrayExtract2.xml
3 ms. Memory: 299008K Free: 131070K (44%)
----------------- Invoking toplevel() on ptolemy.moml.MoMLSimpleApplication@a4781f3
----------------- Done invoking toplevel() on ptolemy.moml.MoMLSimpleApplication@a4781f3
reloadAllAccessors: .ArrayExtract2

===========================================================================================
----------------- testing Fri Oct 11 05:59:28 UTC 2019 /home/travis/build/icyphy/ptII/ptolemy/actor/lib/test/auto/ArrayLength.xml
----------------- Instantiating /home/travis/build/icyphy/ptII/ptolemy/actor/lib/test/auto/ArrayLength.xml
2 ms. Memory: 299008K Free: 127488K (43%)
----------------- Invoking toplevel() on ptolemy.moml.MoMLSimpleApplication@6871ee98
----------------- Done invoking toplevel() on ptolemy.moml.MoMLSimpleApplication@6871ee98
reloadAllAccessors: .ArrayLength

===========================================================================================
----------------- testing Fri Oct 11 05:59:28 UTC 2019 /home/travis/build/icyphy/ptII/ptolemy/actor/lib/test/auto/ArrayLevelCrossing.xml
----------------- Instantiating /home/travis/build/icyphy/ptII/ptolemy/actor/lib/test/auto/ArrayLevelCrossing.xml
4 ms. Memory: 299008K Free: 119296K (40%)
----------------- Invoking toplevel() on ptolemy.moml.MoMLSimpleApplication@72201e3a
----------------- Done invoking toplevel() on ptolemy.moml.MoMLSimpleApplication@72201e3a
reloadAllAccessors: .ArrayLevelCrossing

===========================================================================================
----------------- testing Fri Oct 11 05:59:28 UTC 2019 /home/travis/build/icyphy/ptII/ptolemy/actor/lib/test/auto/ArrayLevelCrossing2.xml
----------------- Instantiating /home/travis/build/icyphy/ptII/ptolemy/actor/lib/test/auto/ArrayLevelCrossing2.xml
3 ms. Memory: 299008K Free: 112128K (38%)
----------------- Invoking toplevel() on ptolemy.moml.MoMLSimpleApplication@3fe9ced8
----------------- Done invoking toplevel() on ptolemy.moml.MoMLSimpleApplication@3fe9ced8
reloadAllAccessors: .ArrayLevelCrossing2

===========================================================================================
----------------- testing Fri Oct 11 05:59:28 UTC 2019 /home/travis/build/icyphy/ptII/ptolemy/actor/lib/test/auto/ArrayPeakSearch.xml
----------------- Instantiating /home/travis/build/icyphy/ptII/ptolemy/actor/lib/test/auto/ArrayPeakSearch.xml
6 ms. Memory: 299008K Free: 102912K (34%)
----------------- Invoking toplevel() on ptolemy.moml.MoMLSimpleApplication@2f163a10
----------------- Done invoking toplevel() on ptolemy.moml.MoMLSimpleApplication@2f163a10
reloadAllAccessors: .ArrayPeakSearch

===========================================================================================
----------------- testing Fri Oct 11 05:59:28 UTC 2019 /home/travis/build/icyphy/ptII/ptolemy/actor/lib/test/auto/ArrayPeakSearch2.xml
----------------- Instantiating /home/travis/build/icyphy/ptII/ptolemy/actor/lib/test/auto/ArrayPeakSearch2.xml
17 ms. Memory: 299008K Free: 248883K (83%)
----------------- Invoking toplevel() on ptolemy.moml.MoMLSimpleApplication@6816724
----------------- Done invoking toplevel() on ptolemy.moml.MoMLSimpleApplication@6816724
reloadAllAccessors: .ArrayPeakSearch2

===========================================================================================
----------------- testing Fri Oct 11 05:59:28 UTC 2019 /home/travis/build/icyphy/ptII/ptolemy/actor/lib/test/auto/ArrayPeakSearch3.xml
----------------- Instantiating /home/travis/build/icyphy/ptII/ptolemy/actor/lib/test/auto/ArrayPeakSearch3.xml
4 ms. Memory: 299008K Free: 239153K (80%)
----------------- Invoking toplevel() on ptolemy.moml.MoMLSimpleApplication@3e2a42bb
----------------- Done invoking toplevel() on ptolemy.moml.MoMLSimpleApplication@3e2a42bb
reloadAllAccessors: .ArrayPeakSearch3

===========================================================================================
----------------- testing Fri Oct 11 05:59:28 UTC 2019 /home/travis/build/icyphy/ptII/ptolemy/actor/lib/test/auto/ArrayRemoveElement.xml
----------------- Instantiating /home/travis/build/icyphy/ptII/ptolemy/actor/lib/test/auto/ArrayRemoveElement.xml
3 ms. Memory: 299008K Free: 231475K (77%)
----------------- Invoking toplevel() on ptolemy.moml.MoMLSimpleApplication@7e6a7577
----------------- Done invoking toplevel() on ptolemy.moml.MoMLSimpleApplication@7e6a7577
reloadAllAccessors: .ArrayRemoveElement

===========================================================================================
----------------- testing Fri Oct 11 05:59:28 UTC 2019 /home/travis/build/icyphy/ptII/ptolemy/actor/lib/test/auto/ArraySort.xml
----------------- Instantiating /home/travis/build/icyphy/ptII/ptolemy/actor/lib/test/auto/ArraySort.xml
19 ms. Memory: 299008K Free: 222259K (74%)
----------------- Invoking toplevel() on ptolemy.moml.MoMLSimpleApplication@758c0fc5
----------------- Done invoking toplevel() on ptolemy.moml.MoMLSimpleApplication@758c0fc5
reloadAllAccessors: .ArraySort

===========================================================================================
----------------- testing Fri Oct 11 05:59:28 UTC 2019 /home/travis/build/icyphy/ptII/ptolemy/actor/lib/test/auto/ArraySum.xml
----------------- Instantiating /home/travis/build/icyphy/ptII/ptolemy/actor/lib/test/auto/ArraySum.xml
5 ms. Memory: 299008K Free: 217139K (73%)
----------------- Invoking toplevel() on ptolemy.moml.MoMLSimpleApplication@379ea30b
----------------- Done invoking toplevel() on ptolemy.moml.MoMLSimpleApplication@379ea30b
reloadAllAccessors: .ArraySum

===========================================================================================
----------------- testing Fri Oct 11 05:59:28 UTC 2019 /home/travis/build/icyphy/ptII/ptolemy/actor/lib/test/auto/ArrayToElements.xml
----------------- Instantiating /home/travis/build/icyphy/ptII/ptolemy/actor/lib/test/auto/ArrayToElements.xml
3 ms. Memory: 299008K Free: 211505K (71%)
----------------- Invoking toplevel() on ptolemy.moml.MoMLSimpleApplication@772c7f28
----------------- Done invoking toplevel() on ptolemy.moml.MoMLSimpleApplication@772c7f28
reloadAllAccessors: .ArrayToElements

===========================================================================================
----------------- testing Fri Oct 11 05:59:28 UTC 2019 /home/travis/build/icyphy/ptII/ptolemy/actor/lib/test/auto/ArrayToMatrix.xml
----------------- Instantiating /home/travis/build/icyphy/ptII/ptolemy/actor/lib/test/auto/ArrayToMatrix.xml
8 ms. Memory: 299008K Free: 197169K (66%)
----------------- Invoking toplevel() on ptolemy.moml.MoMLSimpleApplication@4af8b2e
----------------- Done invoking toplevel() on ptolemy.moml.MoMLSimpleApplication@4af8b2e
reloadAllAccessors: .ArrayToMatrix

===========================================================================================
----------------- testing Fri Oct 11 05:59:28 UTC 2019 /home/travis/build/icyphy/ptII/ptolemy/actor/lib/test/auto/ArrayUpdate1.xml
----------------- Instantiating /home/travis/build/icyphy/ptII/ptolemy/actor/lib/test/auto/ArrayUpdate1.xml
2 ms. Memory: 299008K Free: 192049K (64%)
----------------- Invoking toplevel() on ptolemy.moml.MoMLSimpleApplication@7262f062
----------------- Done invoking toplevel() on ptolemy.moml.MoMLSimpleApplication@7262f062
reloadAllAccessors: .ArrayUpdate1

===========================================================================================
----------------- testing Fri Oct 11 05:59:28 UTC 2019 /home/travis/build/icyphy/ptII/ptolemy/actor/lib/test/auto/ArrayUpdate2.xml
----------------- Instantiating /home/travis/build/icyphy/ptII/ptolemy/actor/lib/test/auto/ArrayUpdate2.xml
10 ms. Memory: 299008K Free: 185905K (62%)
----------------- Invoking toplevel() on ptolemy.moml.MoMLSimpleApplication@3528f9
----------------- Done invoking toplevel() on ptolemy.moml.MoMLSimpleApplication@3528f9
reloadAllAccessors: .ArrayUpdate2

===========================================================================================
----------------- testing Fri Oct 11 05:59:28 UTC 2019 /home/travis/build/icyphy/ptII/ptolemy/actor/lib/test/auto/ArrayUpdate3.xml
----------------- Instantiating /home/travis/build/icyphy/ptII/ptolemy/actor/lib/test/auto/ArrayUpdate3.xml
3 ms. Memory: 299008K Free: 180785K (60%)
----------------- Invoking toplevel() on ptolemy.moml.MoMLSimpleApplication@9f5f45d
----------------- Done invoking toplevel() on ptolemy.moml.MoMLSimpleApplication@9f5f45d
reloadAllAccessors: .ArrayUpdate3

===========================================================================================
----------------- testing Fri Oct 11 05:59:29 UTC 2019 /home/travis/build/icyphy/ptII/ptolemy/actor/lib/test/auto/Assert1.xml
----------------- Instantiating /home/travis/build/icyphy/ptII/ptolemy/actor/lib/test/auto/Assert1.xml
4 ms. Memory: 299008K Free: 176689K (59%)
----------------- Invoking toplevel() on ptolemy.moml.MoMLSimpleApplication@173d0ccc
----------------- Done invoking toplevel() on ptolemy.moml.MoMLSimpleApplication@173d0ccc
reloadAllAccessors: .Assert1

===========================================================================================
----------------- testing Fri Oct 11 05:59:29 UTC 2019 /home/travis/build/icyphy/ptII/ptolemy/actor/lib/test/auto/Assert2.xml
----------------- Instantiating /home/travis/build/icyphy/ptII/ptolemy/actor/lib/test/auto/Assert2.xml
4 ms. Memory: 299008K Free: 171059K (57%)
----------------- Invoking toplevel() on ptolemy.moml.MoMLSimpleApplication@39deb67a
----------------- Done invoking toplevel() on ptolemy.moml.MoMLSimpleApplication@39deb67a
reloadAllAccessors: .Assert2

===========================================================================================
----------------- testing Fri Oct 11 05:59:29 UTC 2019 /home/travis/build/icyphy/ptII/ptolemy/actor/lib/test/auto/BooleanMultiplexor.xml
----------------- Instantiating /home/travis/build/icyphy/ptII/ptolemy/actor/lib/test/auto/BooleanMultiplexor.xml
2 ms. Memory: 299008K Free: 165939K (55%)
----------------- Invoking toplevel() on ptolemy.moml.MoMLSimpleApplication@652da9d8
----------------- Done invoking toplevel() on ptolemy.moml.MoMLSimpleApplication@652da9d8
reloadAllAccessors: .BooleanMultiplexor

===========================================================================================
----------------- testing Fri Oct 11 05:59:29 UTC 2019 /home/travis/build/icyphy/ptII/ptolemy/actor/lib/test/auto/BooleanMultiplexor2.xml
----------------- Instantiating /home/travis/build/icyphy/ptII/ptolemy/actor/lib/test/auto/BooleanMultiplexor2.xml
9 ms. Memory: 299008K Free: 159281K (53%)
----------------- Invoking toplevel() on ptolemy.moml.MoMLSimpleApplication@7ef8c553
----------------- Done invoking toplevel() on ptolemy.moml.MoMLSimpleApplication@7ef8c553
reloadAllAccessors: .BooleanMultiplexor2

===========================================================================================
----------------- testing Fri Oct 11 05:59:29 UTC 2019 /home/travis/build/icyphy/ptII/ptolemy/actor/lib/test/auto/BooleanMultiplexor3.xml
----------------- Instantiating /home/travis/build/icyphy/ptII/ptolemy/actor/lib/test/auto/BooleanMultiplexor3.xml
5 ms. Memory: 299008K Free: 155699K (52%)
----------------- Invoking toplevel() on ptolemy.moml.MoMLSimpleApplication@913ca9b
----------------- Done invoking toplevel() on ptolemy.moml.MoMLSimpleApplication@913ca9b
reloadAllAccessors: .BooleanMultiplexor3

===========================================================================================
----------------- testing Fri Oct 11 05:59:29 UTC 2019 /home/travis/build/icyphy/ptII/ptolemy/actor/lib/test/auto/BooleanSelect.xml
----------------- Instantiating /home/travis/build/icyphy/ptII/ptolemy/actor/lib/test/auto/BooleanSelect.xml
6 ms. Memory: 299008K Free: 149555K (50%)
----------------- Invoking toplevel() on ptolemy.moml.MoMLSimpleApplication@796ae57f
----------------- Done invoking toplevel() on ptolemy.moml.MoMLSimpleApplication@796ae57f
reloadAllAccessors: .BooleanSelect

===========================================================================================
----------------- testing Fri Oct 11 05:59:29 UTC 2019 /home/travis/build/icyphy/ptII/ptolemy/actor/lib/test/auto/BooleanSelect2.xml
----------------- Instantiating /home/travis/build/icyphy/ptII/ptolemy/actor/lib/test/auto/BooleanSelect2.xml
4 ms. Memory: 299008K Free: 145459K (49%)
----------------- Invoking toplevel() on ptolemy.moml.MoMLSimpleApplication@5788a002
----------------- Done invoking toplevel() on ptolemy.moml.MoMLSimpleApplication@5788a002
reloadAllAccessors: .BooleanSelect2

===========================================================================================
----------------- testing Fri Oct 11 05:59:29 UTC 2019 /home/travis/build/icyphy/ptII/ptolemy/actor/lib/test/auto/BooleanSwitch.xml
----------------- Instantiating /home/travis/build/icyphy/ptII/ptolemy/actor/lib/test/auto/BooleanSwitch.xml
6 ms. Memory: 299008K Free: 139315K (47%)
----------------- Invoking toplevel() on ptolemy.moml.MoMLSimpleApplication@1ebdeef4
----------------- Done invoking toplevel() on ptolemy.moml.MoMLSimpleApplication@1ebdeef4
reloadAllAccessors: .BooleanSwitch

===========================================================================================
----------------- testing Fri Oct 11 05:59:29 UTC 2019 /home/travis/build/icyphy/ptII/ptolemy/actor/lib/test/auto/BooleanSwitch2.xml
----------------- Instantiating /home/travis/build/icyphy/ptII/ptolemy/actor/lib/test/auto/BooleanSwitch2.xml
2 ms. Memory: 299008K Free: 135219K (45%)
----------------- Invoking toplevel() on ptolemy.moml.MoMLSimpleApplication@68ed48ad
----------------- Done invoking toplevel() on ptolemy.moml.MoMLSimpleApplication@68ed48ad
reloadAllAccessors: .BooleanSwitch2

===========================================================================================
----------------- testing Fri Oct 11 05:59:29 UTC 2019 /home/travis/build/icyphy/ptII/ptolemy/actor/lib/test/auto/BooleanSwitchCloningBugWithClassRelationGroup.xml
----------------- Instantiating /home/travis/build/icyphy/ptII/ptolemy/actor/lib/test/auto/BooleanSwitchCloningBugWithClassRelationGroup.xml
3 ms. Memory: 299008K Free: 128561K (43%)
----------------- Invoking toplevel() on ptolemy.moml.MoMLSimpleApplication@257299f8
----------------- Done invoking toplevel() on ptolemy.moml.MoMLSimpleApplication@257299f8
reloadAllAccessors: .BooleanSwitchCloningBugWithClassRelationGroup

===========================================================================================
----------------- testing Fri Oct 11 05:59:29 UTC 2019 /home/travis/build/icyphy/ptII/ptolemy/actor/lib/test/auto/BusActors.xml
----------------- Instantiating /home/travis/build/icyphy/ptII/ptolemy/actor/lib/test/auto/BusActors.xml
5 ms. Memory: 299008K Free: 120883K (40%)
----------------- Invoking toplevel() on ptolemy.moml.MoMLSimpleApplication@1685e820
----------------- Done invoking toplevel() on ptolemy.moml.MoMLSimpleApplication@1685e820
reloadAllAccessors: .BusActors

===========================================================================================
----------------- testing Fri Oct 11 05:59:29 UTC 2019 /home/travis/build/icyphy/ptII/ptolemy/actor/lib/test/auto/ClassWrapper.xml
----------------- Instantiating /home/travis/build/icyphy/ptII/ptolemy/actor/lib/test/auto/ClassWrapper.xml
3 ms. Memory: 299008K Free: 116273K (39%)
----------------- Invoking toplevel() on ptolemy.moml.MoMLSimpleApplication@60ad3d17
----------------- Done invoking toplevel() on ptolemy.moml.MoMLSimpleApplication@60ad3d17
reloadAllAccessors: .ClassWrapper

===========================================================================================
----------------- testing Fri Oct 11 05:59:29 UTC 2019 /home/travis/build/icyphy/ptII/ptolemy/actor/lib/test/auto/Clock.xml
----------------- Instantiating /home/travis/build/icyphy/ptII/ptolemy/actor/lib/test/auto/Clock.xml
3 ms. Memory: 299008K Free: 112691K (38%)
----------------- Invoking toplevel() on ptolemy.moml.MoMLSimpleApplication@52674596
----------------- Done invoking toplevel() on ptolemy.moml.MoMLSimpleApplication@52674596
reloadAllAccessors: .Clock

===========================================================================================
----------------- testing Fri Oct 11 05:59:29 UTC 2019 /home/travis/build/icyphy/ptII/ptolemy/actor/lib/test/auto/Clock10.xml
----------------- Instantiating /home/travis/build/icyphy/ptII/ptolemy/actor/lib/test/auto/Clock10.xml
5 ms. Memory: 299008K Free: 106547K (36%)
----------------- Invoking toplevel() on ptolemy.moml.MoMLSimpleApplication@4ba7c7d6
----------------- Done invoking toplevel() on ptolemy.moml.MoMLSimpleApplication@4ba7c7d6
reloadAllAccessors: .Clock10

===========================================================================================
----------------- testing Fri Oct 11 05:59:29 UTC 2019 /home/travis/build/icyphy/ptII/ptolemy/actor/lib/test/auto/Clock11.xml
----------------- Instantiating /home/travis/build/icyphy/ptII/ptolemy/actor/lib/test/auto/Clock11.xml
9 ms. Memory: 299008K Free: 100913K (34%)
----------------- Invoking toplevel() on ptolemy.moml.MoMLSimpleApplication@12bb5bf3
----------------- Done invoking toplevel() on ptolemy.moml.MoMLSimpleApplication@12bb5bf3
reloadAllAccessors: .Clock11

===========================================================================================
----------------- testing Fri Oct 11 05:59:29 UTC 2019 /home/travis/build/icyphy/ptII/ptolemy/actor/lib/test/auto/Clock12.xml
----------------- Instantiating /home/travis/build/icyphy/ptII/ptolemy/actor/lib/test/auto/Clock12.xml
5 ms. Memory: 299008K Free: 94769K (32%)
----------------- Invoking toplevel() on ptolemy.moml.MoMLSimpleApplication@ad3164b
----------------- Done invoking toplevel() on ptolemy.moml.MoMLSimpleApplication@ad3164b
reloadAllAccessors: .Clock12

===========================================================================================
----------------- testing Fri Oct 11 05:59:29 UTC 2019 /home/travis/build/icyphy/ptII/ptolemy/actor/lib/test/auto/Clock13.xml
----------------- Instantiating /home/travis/build/icyphy/ptII/ptolemy/actor/lib/test/auto/Clock13.xml
4 ms. Memory: 299008K Free: 89139K (30%)
----------------- Invoking toplevel() on ptolemy.moml.MoMLSimpleApplication@21d490ea
----------------- Done invoking toplevel() on ptolemy.moml.MoMLSimpleApplication@21d490ea
reloadAllAccessors: .Clock13

===========================================================================================
----------------- testing Fri Oct 11 05:59:29 UTC 2019 /home/travis/build/icyphy/ptII/ptolemy/actor/lib/test/auto/Clock14.xml
----------------- Instantiating /home/travis/build/icyphy/ptII/ptolemy/actor/lib/test/auto/Clock14.xml
6 ms. Memory: 299008K Free: 82995K (28%)
----------------- Invoking toplevel() on ptolemy.moml.MoMLSimpleApplication@412bf676
----------------- Done invoking toplevel() on ptolemy.moml.MoMLSimpleApplication@412bf676
reloadAllAccessors: .Clock14

===========================================================================================
----------------- testing Fri Oct 11 05:59:29 UTC 2019 /home/travis/build/icyphy/ptII/ptolemy/actor/lib/test/auto/Clock15.xml
----------------- Instantiating /home/travis/build/icyphy/ptII/ptolemy/actor/lib/test/auto/Clock15.xml
3 ms. Memory: 299008K Free: 77331K (26%)
----------------- Invoking toplevel() on ptolemy.moml.MoMLSimpleApplication@5a0f754
----------------- Done invoking toplevel() on ptolemy.moml.MoMLSimpleApplication@5a0f754
reloadAllAccessors: .Clock15

===========================================================================================
----------------- testing Fri Oct 11 05:59:29 UTC 2019 /home/travis/build/icyphy/ptII/ptolemy/actor/lib/test/auto/Clock16.xml
----------------- Instantiating /home/travis/build/icyphy/ptII/ptolemy/actor/lib/test/auto/Clock16.xml
36 ms. Memory: 299008K Free: 239194K (80%)
----------------- Invoking toplevel() on ptolemy.moml.MoMLSimpleApplication@338d5e05
----------------- Done invoking toplevel() on ptolemy.moml.MoMLSimpleApplication@338d5e05
reloadAllAccessors: .Clock16

===========================================================================================
----------------- testing Fri Oct 11 05:59:29 UTC 2019 /home/travis/build/icyphy/ptII/ptolemy/actor/lib/test/auto/Clock17.xml
----------------- Instantiating /home/travis/build/icyphy/ptII/ptolemy/actor/lib/test/auto/Clock17.xml
15 ms. Memory: 299008K Free: 224858K (75%)
----------------- Invoking toplevel() on ptolemy.moml.MoMLSimpleApplication@6f0136dd
----------------- Done invoking toplevel() on ptolemy.moml.MoMLSimpleApplication@6f0136dd
reloadAllAccessors: .Clock17

===========================================================================================
----------------- testing Fri Oct 11 05:59:29 UTC 2019 /home/travis/build/icyphy/ptII/ptolemy/actor/lib/test/auto/Clock18.xml
----------------- Instantiating /home/travis/build/icyphy/ptII/ptolemy/actor/lib/test/auto/Clock18.xml
16 ms. Memory: 299008K Free: 211546K (71%)
----------------- Invoking toplevel() on ptolemy.moml.MoMLSimpleApplication@41ccba5d
----------------- Done invoking toplevel() on ptolemy.moml.MoMLSimpleApplication@41ccba5d
reloadAllAccessors: .Clock18

===========================================================================================
----------------- testing Fri Oct 11 05:59:29 UTC 2019 /home/travis/build/icyphy/ptII/ptolemy/actor/lib/test/auto/Clock19.xml
----------------- Instantiating /home/travis/build/icyphy/ptII/ptolemy/actor/lib/test/auto/Clock19.xml
16 ms. Memory: 299008K Free: 198744K (66%)
----------------- Invoking toplevel() on ptolemy.moml.MoMLSimpleApplication@359928cb
----------------- Done invoking toplevel() on ptolemy.moml.MoMLSimpleApplication@359928cb
reloadAllAccessors: .Clock19

===========================================================================================
----------------- testing Fri Oct 11 05:59:29 UTC 2019 /home/travis/build/icyphy/ptII/ptolemy/actor/lib/test/auto/Clock2.xml
----------------- Instantiating /home/travis/build/icyphy/ptII/ptolemy/actor/lib/test/auto/Clock2.xml
6 ms. Memory: 299008K Free: 194138K (65%)
----------------- Invoking toplevel() on ptolemy.moml.MoMLSimpleApplication@129b12ce
----------------- Done invoking toplevel() on ptolemy.moml.MoMLSimpleApplication@129b12ce
reloadAllAccessors: .Clock2

===========================================================================================
----------------- testing Fri Oct 11 05:59:29 UTC 2019 /home/travis/build/icyphy/ptII/ptolemy/actor/lib/test/auto/Clock20.xml
----------------- Instantiating /home/travis/build/icyphy/ptII/ptolemy/actor/lib/test/auto/Clock20.xml
7 ms. Memory: 299008K Free: 189018K (63%)
----------------- Invoking toplevel() on ptolemy.moml.MoMLSimpleApplication@31e3e8e8
----------------- Done invoking toplevel() on ptolemy.moml.MoMLSimpleApplication@31e3e8e8
reloadAllAccessors: .Clock20

===========================================================================================
----------------- testing Fri Oct 11 05:59:29 UTC 2019 /home/travis/build/icyphy/ptII/ptolemy/actor/lib/test/auto/Clock21.xml
----------------- Instantiating /home/travis/build/icyphy/ptII/ptolemy/actor/lib/test/auto/Clock21.xml
5 ms. Memory: 299008K Free: 183384K (61%)
----------------- Invoking toplevel() on ptolemy.moml.MoMLSimpleApplication@7a11eb16
----------------- Done invoking toplevel() on ptolemy.moml.MoMLSimpleApplication@7a11eb16
reloadAllAccessors: .Clock21

===========================================================================================
----------------- testing Fri Oct 11 05:59:29 UTC 2019 /home/travis/build/icyphy/ptII/ptolemy/actor/lib/test/auto/Clock22.xml
----------------- Instantiating /home/travis/build/icyphy/ptII/ptolemy/actor/lib/test/auto/Clock22.xml
3 ms. Memory: 299008K Free: 178264K (60%)
----------------- Invoking toplevel() on ptolemy.moml.MoMLSimpleApplication@39fe86eb
----------------- Done invoking toplevel() on ptolemy.moml.MoMLSimpleApplication@39fe86eb
reloadAllAccessors: .Clock22

===========================================================================================
----------------- testing Fri Oct 11 05:59:29 UTC 2019 /home/travis/build/icyphy/ptII/ptolemy/actor/lib/test/auto/Clock23.xml
----------------- Instantiating /home/travis/build/icyphy/ptII/ptolemy/actor/lib/test/auto/Clock23.xml
4 ms. Memory: 299008K Free: 172634K (58%)
----------------- Invoking toplevel() on ptolemy.moml.MoMLSimpleApplication@17ea7509
----------------- Done invoking toplevel() on ptolemy.moml.MoMLSimpleApplication@17ea7509
reloadAllAccessors: .Clock23

===========================================================================================
----------------- testing Fri Oct 11 05:59:29 UTC 2019 /home/travis/build/icyphy/ptII/ptolemy/actor/lib/test/auto/Clock24.xml
----------------- Instantiating /home/travis/build/icyphy/ptII/ptolemy/actor/lib/test/auto/Clock24.xml
4 ms. Memory: 299008K Free: 167000K (56%)
----------------- Invoking toplevel() on ptolemy.moml.MoMLSimpleApplication@5a620ee0
----------------- Done invoking toplevel() on ptolemy.moml.MoMLSimpleApplication@5a620ee0
reloadAllAccessors: .Clock24

===========================================================================================
----------------- testing Fri Oct 11 05:59:29 UTC 2019 /home/travis/build/icyphy/ptII/ptolemy/actor/lib/test/auto/Clock4.xml
----------------- Instantiating /home/travis/build/icyphy/ptII/ptolemy/actor/lib/test/auto/Clock4.xml
1 ms. Memory: 299008K Free: 162394K (54%)
----------------- Invoking toplevel() on ptolemy.moml.MoMLSimpleApplication@7040822d
----------------- Done invoking toplevel() on ptolemy.moml.MoMLSimpleApplication@7040822d
reloadAllAccessors: .Clock4

===========================================================================================
----------------- testing Fri Oct 11 05:59:29 UTC 2019 /home/travis/build/icyphy/ptII/ptolemy/actor/lib/test/auto/Clock5.xml
----------------- Instantiating /home/travis/build/icyphy/ptII/ptolemy/actor/lib/test/auto/Clock5.xml
1 ms. Memory: 299008K Free: 156746K (52%)
----------------- Invoking toplevel() on ptolemy.moml.MoMLSimpleApplication@5b507e1e
----------------- Done invoking toplevel() on ptolemy.moml.MoMLSimpleApplication@5b507e1e
reloadAllAccessors: .Clock5

===========================================================================================
----------------- testing Fri Oct 11 05:59:29 UTC 2019 /home/travis/build/icyphy/ptII/ptolemy/actor/lib/test/auto/Clock6.xml
----------------- Instantiating /home/travis/build/icyphy/ptII/ptolemy/actor/lib/test/auto/Clock6.xml
3 ms. Memory: 299008K Free: 152664K (51%)
----------------- Invoking toplevel() on ptolemy.moml.MoMLSimpleApplication@28a9b6
----------------- Done invoking toplevel() on ptolemy.moml.MoMLSimpleApplication@28a9b6
reloadAllAccessors: .Clock6

===========================================================================================
----------------- testing Fri Oct 11 05:59:29 UTC 2019 /home/travis/build/icyphy/ptII/ptolemy/actor/lib/test/auto/Clock7.xml
----------------- Instantiating /home/travis/build/icyphy/ptII/ptolemy/actor/lib/test/auto/Clock7.xml
2 ms. Memory: 299008K Free: 147544K (49%)
----------------- Invoking toplevel() on ptolemy.moml.MoMLSimpleApplication@638dc3fc
----------------- Done invoking toplevel() on ptolemy.moml.MoMLSimpleApplication@638dc3fc
reloadAllAccessors: .Clock7

===========================================================================================
----------------- testing Fri Oct 11 05:59:29 UTC 2019 /home/travis/build/icyphy/ptII/ptolemy/actor/lib/test/auto/Clock8.xml
----------------- Instantiating /home/travis/build/icyphy/ptII/ptolemy/actor/lib/test/auto/Clock8.xml
5 ms. Memory: 299008K Free: 141914K (47%)
----------------- Invoking toplevel() on ptolemy.moml.MoMLSimpleApplication@58e782c6
----------------- Done invoking toplevel() on ptolemy.moml.MoMLSimpleApplication@58e782c6
reloadAllAccessors: .Clock8

===========================================================================================
----------------- testing Fri Oct 11 05:59:29 UTC 2019 /home/travis/build/icyphy/ptII/ptolemy/actor/lib/test/auto/Clock9.xml
----------------- Instantiating /home/travis/build/icyphy/ptII/ptolemy/actor/lib/test/auto/Clock9.xml
4 ms. Memory: 299008K Free: 136794K (46%)
----------------- Invoking toplevel() on ptolemy.moml.MoMLSimpleApplication@165f6dda
----------------- Done invoking toplevel() on ptolemy.moml.MoMLSimpleApplication@165f6dda
reloadAllAccessors: .Clock9

===========================================================================================
----------------- testing Fri Oct 11 05:59:30 UTC 2019 /home/travis/build/icyphy/ptII/ptolemy/actor/lib/test/auto/CommDistDiscard.xml
----------------- Instantiating /home/travis/build/icyphy/ptII/ptolemy/actor/lib/test/auto/CommDistDiscard.xml
6 ms. Memory: 299008K Free: 131160K (44%)
----------------- Invoking toplevel() on ptolemy.moml.MoMLSimpleApplication@723cf2bb
----------------- Done invoking toplevel() on ptolemy.moml.MoMLSimpleApplication@723cf2bb
reloadAllAccessors: .CommDistDiscard

===========================================================================================
----------------- testing Fri Oct 11 05:59:30 UTC 2019 /home/travis/build/icyphy/ptII/ptolemy/actor/lib/test/auto/Commutator.xml
----------------- Instantiating /home/travis/build/icyphy/ptII/ptolemy/actor/lib/test/auto/Commutator.xml
2 ms. Memory: 299008K Free: 127064K (42%)
----------------- Invoking toplevel() on ptolemy.moml.MoMLSimpleApplication@6d92bbde
----------------- Done invoking toplevel() on ptolemy.moml.MoMLSimpleApplication@6d92bbde
reloadAllAccessors: .Commutator

===========================================================================================
----------------- testing Fri Oct 11 05:59:30 UTC 2019 /home/travis/build/icyphy/ptII/ptolemy/actor/lib/test/auto/Commutator2.xml
----------------- Instantiating /home/travis/build/icyphy/ptII/ptolemy/actor/lib/test/auto/Commutator2.xml
2 ms. Memory: 299008K Free: 122458K (41%)
----------------- Invoking toplevel() on ptolemy.moml.MoMLSimpleApplication@7b7ec26e
----------------- Done invoking toplevel() on ptolemy.moml.MoMLSimpleApplication@7b7ec26e
reloadAllAccessors: .Commutator2

===========================================================================================
----------------- testing Fri Oct 11 05:59:30 UTC 2019 /home/travis/build/icyphy/ptII/ptolemy/actor/lib/test/auto/Commutator3.xml
----------------- Instantiating /home/travis/build/icyphy/ptII/ptolemy/actor/lib/test/auto/Commutator3.xml
3 ms. Memory: 299008K Free: 117848K (39%)
----------------- Invoking toplevel() on ptolemy.moml.MoMLSimpleApplication@4d2d24b6
----------------- Done invoking toplevel() on ptolemy.moml.MoMLSimpleApplication@4d2d24b6
reloadAllAccessors: .Commutator3

===========================================================================================
----------------- testing Fri Oct 11 05:59:30 UTC 2019 /home/travis/build/icyphy/ptII/ptolemy/actor/lib/test/auto/Compare.xml
----------------- Instantiating /home/travis/build/icyphy/ptII/ptolemy/actor/lib/test/auto/Compare.xml
1 ms. Memory: 299008K Free: 111704K (37%)
----------------- Invoking toplevel() on ptolemy.moml.MoMLSimpleApplication@5c204d5e
----------------- Done invoking toplevel() on ptolemy.moml.MoMLSimpleApplication@5c204d5e
reloadAllAccessors: .Compare

===========================================================================================
----------------- testing Fri Oct 11 05:59:30 UTC 2019 /home/travis/build/icyphy/ptII/ptolemy/actor/lib/test/auto/CompareDE.xml
----------------- Instantiating /home/travis/build/icyphy/ptII/ptolemy/actor/lib/test/auto/CompareDE.xml
4 ms. Memory: 299008K Free: 104522K (35%)
----------------- Invoking toplevel() on ptolemy.moml.MoMLSimpleApplication@592bd39c
----------------- Done invoking toplevel() on ptolemy.moml.MoMLSimpleApplication@592bd39c
reloadAllAccessors: .CompareDE

===========================================================================================
----------------- testing Fri Oct 11 05:59:30 UTC 2019 /home/travis/build/icyphy/ptII/ptolemy/actor/lib/test/auto/ComplexDivide.xml
----------------- Instantiating /home/travis/build/icyphy/ptII/ptolemy/actor/lib/test/auto/ComplexDivide.xml
2 ms. Memory: 299008K Free: 100954K (34%)
----------------- Invoking toplevel() on ptolemy.moml.MoMLSimpleApplication@15fbf13d
----------------- Done invoking toplevel() on ptolemy.moml.MoMLSimpleApplication@15fbf13d
reloadAllAccessors: .ComplexDivide

===========================================================================================
----------------- testing Fri Oct 11 05:59:30 UTC 2019 /home/travis/build/icyphy/ptII/ptolemy/actor/lib/test/auto/ComputeHistogram.xml
----------------- Instantiating /home/travis/build/icyphy/ptII/ptolemy/actor/lib/test/auto/ComputeHistogram.xml
38 ms. Memory: 299008K Free: 88152K (29%)
----------------- Invoking toplevel() on ptolemy.moml.MoMLSimpleApplication@659dbc87
----------------- Done invoking toplevel() on ptolemy.moml.MoMLSimpleApplication@659dbc87
reloadAllAccessors: .ComputeHistogram

===========================================================================================
----------------- testing Fri Oct 11 05:59:30 UTC 2019 /home/travis/build/icyphy/ptII/ptolemy/actor/lib/test/auto/ConfigurationSelect.xml
----------------- Instantiating /home/travis/build/icyphy/ptII/ptolemy/actor/lib/test/auto/ConfigurationSelect.xml
9 ms. Memory: 299008K Free: 82522K (28%)
----------------- Invoking toplevel() on ptolemy.moml.MoMLSimpleApplication@23eb3983
----------------- Done invoking toplevel() on ptolemy.moml.MoMLSimpleApplication@23eb3983
reloadAllAccessors: .ConfigurationSelect

===========================================================================================
----------------- testing Fri Oct 11 05:59:30 UTC 2019 /home/travis/build/icyphy/ptII/ptolemy/actor/lib/test/auto/ConfigurationSelect2.xml
----------------- Instantiating /home/travis/build/icyphy/ptII/ptolemy/actor/lib/test/auto/ConfigurationSelect2.xml
3 ms. Memory: 299008K Free: 78426K (26%)
----------------- Invoking toplevel() on ptolemy.moml.MoMLSimpleApplication@6ae97721
----------------- Done invoking toplevel() on ptolemy.moml.MoMLSimpleApplication@6ae97721
reloadAllAccessors: .ConfigurationSelect2

===========================================================================================
----------------- testing Fri Oct 11 05:59:30 UTC 2019 /home/travis/build/icyphy/ptII/ptolemy/actor/lib/test/auto/ConfigurationSwitch.xml
----------------- Instantiating /home/travis/build/icyphy/ptII/ptolemy/actor/lib/test/auto/ConfigurationSwitch.xml
3 ms. Memory: 464896K Free: 414624K (89%)
----------------- Invoking toplevel() on ptolemy.moml.MoMLSimpleApplication@5bf6de03
----------------- Done invoking toplevel() on ptolemy.moml.MoMLSimpleApplication@5bf6de03
reloadAllAccessors: .ConfigurationSwitch

===========================================================================================
----------------- testing Fri Oct 11 05:59:30 UTC 2019 /home/travis/build/icyphy/ptII/ptolemy/actor/lib/test/auto/ConfigurationSwitch2.xml
----------------- Instantiating /home/travis/build/icyphy/ptII/ptolemy/actor/lib/test/auto/ConfigurationSwitch2.xml
3 ms. Memory: 464896K Free: 409008K (88%)
----------------- Invoking toplevel() on ptolemy.moml.MoMLSimpleApplication@12464dca
----------------- Done invoking toplevel() on ptolemy.moml.MoMLSimpleApplication@12464dca
reloadAllAccessors: .ConfigurationSwitch2

===========================================================================================
----------------- testing Fri Oct 11 05:59:30 UTC 2019 /home/travis/build/icyphy/ptII/ptolemy/actor/lib/test/auto/ConfigurationSwitchCloningBugWithClassRelationGroup.xml
----------------- Instantiating /home/travis/build/icyphy/ptII/ptolemy/actor/lib/test/auto/ConfigurationSwitchCloningBugWithClassRelationGroup.xml
1 ms. Memory: 464896K Free: 402350K (87%)
----------------- Invoking toplevel() on ptolemy.moml.MoMLSimpleApplication@5fddec3c
----------------- Done invoking toplevel() on ptolemy.moml.MoMLSimpleApplication@5fddec3c
reloadAllAccessors: .ConfigurationSwitchCloningBugWithClassRelationGroup

===========================================================================================
----------------- testing Fri Oct 11 05:59:30 UTC 2019 /home/travis/build/icyphy/ptII/ptolemy/actor/lib/test/auto/ConfigurationSwitchSelectSDF.xml
----------------- Instantiating /home/travis/build/icyphy/ptII/ptolemy/actor/lib/test/auto/ConfigurationSwitchSelectSDF.xml
3 ms. Memory: 464896K Free: 396720K (85%)
----------------- Invoking toplevel() on ptolemy.moml.MoMLSimpleApplication@2cb456ea
----------------- Done invoking toplevel() on ptolemy.moml.MoMLSimpleApplication@2cb456ea
reloadAllAccessors: .ConfigurationSwitchSelectSDF

===========================================================================================
----------------- testing Fri Oct 11 05:59:30 UTC 2019 /home/travis/build/icyphy/ptII/ptolemy/actor/lib/test/auto/ConfigurationSwitchSelectSDF2.xml
----------------- Instantiating /home/travis/build/icyphy/ptII/ptolemy/actor/lib/test/auto/ConfigurationSwitchSelectSDF2.xml
3 ms. Memory: 464896K Free: 390576K (84%)
----------------- Invoking toplevel() on ptolemy.moml.MoMLSimpleApplication@4a552fb1
----------------- Done invoking toplevel() on ptolemy.moml.MoMLSimpleApplication@4a552fb1
reloadAllAccessors: .ConfigurationSwitchSelectSDF2

===========================================================================================
----------------- testing Fri Oct 11 05:59:30 UTC 2019 /home/travis/build/icyphy/ptII/ptolemy/actor/lib/test/auto/Const.xml
----------------- Instantiating /home/travis/build/icyphy/ptII/ptolemy/actor/lib/test/auto/Const.xml
1 ms. Memory: 464896K Free: 387504K (83%)
----------------- Invoking toplevel() on ptolemy.moml.MoMLSimpleApplication@73544e55
----------------- Done invoking toplevel() on ptolemy.moml.MoMLSimpleApplication@73544e55
reloadAllAccessors: .Const

===========================================================================================
----------------- testing Fri Oct 11 05:59:30 UTC 2019 /home/travis/build/icyphy/ptII/ptolemy/actor/lib/test/auto/Const2.xml
----------------- Instantiating /home/travis/build/icyphy/ptII/ptolemy/actor/lib/test/auto/Const2.xml
2 ms. Memory: 464896K Free: 383408K (82%)
----------------- Invoking toplevel() on ptolemy.moml.MoMLSimpleApplication@4f6867f3
----------------- Done invoking toplevel() on ptolemy.moml.MoMLSimpleApplication@4f6867f3
reloadAllAccessors: .Const2

===========================================================================================
----------------- testing Fri Oct 11 05:59:30 UTC 2019 /home/travis/build/icyphy/ptII/ptolemy/actor/lib/test/auto/Const3.xml
----------------- Instantiating /home/travis/build/icyphy/ptII/ptolemy/actor/lib/test/auto/Const3.xml
1 ms. Memory: 464896K Free: 380336K (82%)
----------------- Invoking toplevel() on ptolemy.moml.MoMLSimpleApplication@32ee934a
----------------- Done invoking toplevel() on ptolemy.moml.MoMLSimpleApplication@32ee934a
reloadAllAccessors: .Const3

===========================================================================================
----------------- testing Fri Oct 11 05:59:30 UTC 2019 /home/travis/build/icyphy/ptII/ptolemy/actor/lib/test/auto/ConstantPublisherPort1.xml
----------------- Instantiating /home/travis/build/icyphy/ptII/ptolemy/actor/lib/test/auto/ConstantPublisherPort1.xml
9 ms. Memory: 464896K Free: 372144K (80%)
----------------- Invoking toplevel() on ptolemy.moml.MoMLSimpleApplication@8d0c9d7
----------------- Done invoking toplevel() on ptolemy.moml.MoMLSimpleApplication@8d0c9d7
reloadAllAccessors: .ConstantPublisherPort1

===========================================================================================
----------------- testing Fri Oct 11 05:59:30 UTC 2019 /home/travis/build/icyphy/ptII/ptolemy/actor/lib/test/auto/ConstantPublisherPort2.xml
----------------- Instantiating /home/travis/build/icyphy/ptII/ptolemy/actor/lib/test/auto/ConstantPublisherPort2.xml
5 ms. Memory: 464896K Free: 364462K (78%)
----------------- Invoking toplevel() on ptolemy.moml.MoMLSimpleApplication@1159f27c
----------------- Done invoking toplevel() on ptolemy.moml.MoMLSimpleApplication@1159f27c
reloadAllAccessors: .ConstantPublisherPort2

===========================================================================================
----------------- testing Fri Oct 11 05:59:30 UTC 2019 /home/travis/build/icyphy/ptII/ptolemy/actor/lib/test/auto/ConstantPublisherPort3.xml
----------------- Instantiating /home/travis/build/icyphy/ptII/ptolemy/actor/lib/test/auto/ConstantPublisherPort3.xml
8 ms. Memory: 464896K Free: 357294K (77%)
----------------- Invoking toplevel() on ptolemy.moml.MoMLSimpleApplication@15e675b4
----------------- Done invoking toplevel() on ptolemy.moml.MoMLSimpleApplication@15e675b4
reloadAllAccessors: .ConstantPublisherPort3

===========================================================================================
----------------- testing Fri Oct 11 05:59:30 UTC 2019 /home/travis/build/icyphy/ptII/ptolemy/actor/lib/test/auto/ConstantPublisherPort4.xml
----------------- Instantiating /home/travis/build/icyphy/ptII/ptolemy/actor/lib/test/auto/ConstantPublisherPort4.xml
4 ms. Memory: 464896K Free: 350120K (75%)
----------------- Invoking toplevel() on ptolemy.moml.MoMLSimpleApplication@444353e9
----------------- Done invoking toplevel() on ptolemy.moml.MoMLSimpleApplication@444353e9
reloadAllAccessors: .ConstantPublisherPort4

===========================================================================================
----------------- testing Fri Oct 11 05:59:30 UTC 2019 /home/travis/build/icyphy/ptII/ptolemy/actor/lib/test/auto/ConstantPublisherPort5.xml
----------------- Instantiating /home/travis/build/icyphy/ptII/ptolemy/actor/lib/test/auto/ConstantPublisherPort5.xml
30 ms. Memory: 464896K Free: 340400K (73%)
----------------- Invoking toplevel() on ptolemy.moml.MoMLSimpleApplication@d988d06
----------------- Done invoking toplevel() on ptolemy.moml.MoMLSimpleApplication@d988d06
reloadAllAccessors: .ConstantPublisherPort5

===========================================================================================
----------------- testing Fri Oct 11 05:59:30 UTC 2019 /home/travis/build/icyphy/ptII/ptolemy/actor/lib/test/auto/ConstantPublisherPort6.xml
----------------- Instantiating /home/travis/build/icyphy/ptII/ptolemy/actor/lib/test/auto/ConstantPublisherPort6.xml
14 ms. Memory: 464896K Free: 331694K (71%)
----------------- Invoking toplevel() on ptolemy.moml.MoMLSimpleApplication@292a3be3
----------------- Done invoking toplevel() on ptolemy.moml.MoMLSimpleApplication@292a3be3
reloadAllAccessors: .ConstantPublisherPort6

===========================================================================================
----------------- testing Fri Oct 11 05:59:30 UTC 2019 /home/travis/build/icyphy/ptII/ptolemy/actor/lib/test/auto/ConstantPublisherPort7.xml
----------------- Instantiating /home/travis/build/icyphy/ptII/ptolemy/actor/lib/test/auto/ConstantPublisherPort7.xml
24 ms. Memory: 464896K Free: 321968K (69%)
----------------- Invoking toplevel() on ptolemy.moml.MoMLSimpleApplication@64a25ba3
----------------- Done invoking toplevel() on ptolemy.moml.MoMLSimpleApplication@64a25ba3
reloadAllAccessors: .ConstantPublisherPort7

===========================================================================================
----------------- testing Fri Oct 11 05:59:30 UTC 2019 /home/travis/build/icyphy/ptII/ptolemy/actor/lib/test/auto/ConstraintMonitor1.xml
----------------- Instantiating /home/travis/build/icyphy/ptII/ptolemy/actor/lib/test/auto/ConstraintMonitor1.xml
9 ms. Memory: 464896K Free: 316848K (68%)
----------------- Invoking toplevel() on ptolemy.moml.MoMLSimpleApplication@37f8ae70
----------------- Done invoking toplevel() on ptolemy.moml.MoMLSimpleApplication@37f8ae70
reloadAllAccessors: .ConstraintMonitor1

===========================================================================================
----------------- testing Fri Oct 11 05:59:30 UTC 2019 /home/travis/build/icyphy/ptII/ptolemy/actor/lib/test/auto/ConstraintMonitor2.xml
----------------- Instantiating /home/travis/build/icyphy/ptII/ptolemy/actor/lib/test/auto/ConstraintMonitor2.xml
5 ms. Memory: 464896K Free: 311728K (67%)
----------------- Invoking toplevel() on ptolemy.moml.MoMLSimpleApplication@2461bd6f
----------------- Done invoking toplevel() on ptolemy.moml.MoMLSimpleApplication@2461bd6f
reloadAllAccessors: .ConstraintMonitor2

===========================================================================================
----------------- testing Fri Oct 11 05:59:30 UTC 2019 /home/travis/build/icyphy/ptII/ptolemy/actor/lib/test/auto/ConstraintMonitor3.xml
----------------- Instantiating /home/travis/build/icyphy/ptII/ptolemy/actor/lib/test/auto/ConstraintMonitor3.xml
4 ms. Memory: 464896K Free: 307104K (66%)
----------------- Invoking toplevel() on ptolemy.moml.MoMLSimpleApplication@7f670b76
----------------- Done invoking toplevel() on ptolemy.moml.MoMLSimpleApplication@7f670b76
reloadAllAccessors: .ConstraintMonitor3

===========================================================================================
----------------- testing Fri Oct 11 05:59:30 UTC 2019 /home/travis/build/icyphy/ptII/ptolemy/actor/lib/test/auto/ConstraintMonitor4.xml
----------------- Instantiating /home/travis/build/icyphy/ptII/ptolemy/actor/lib/test/auto/ConstraintMonitor4.xml
1 ms. Memory: 464896K Free: 302512K (65%)
----------------- Invoking toplevel() on ptolemy.moml.MoMLSimpleApplication@138bf83d
----------------- Done invoking toplevel() on ptolemy.moml.MoMLSimpleApplication@138bf83d
reloadAllAccessors: .ConstraintMonitor4

===========================================================================================
----------------- testing Fri Oct 11 05:59:30 UTC 2019 /home/travis/build/icyphy/ptII/ptolemy/actor/lib/test/auto/ConstraintMonitor5.xml
----------------- Instantiating /home/travis/build/icyphy/ptII/ptolemy/actor/lib/test/auto/ConstraintMonitor5.xml
4 ms. Memory: 464896K Free: 297392K (64%)
----------------- Invoking toplevel() on ptolemy.moml.MoMLSimpleApplication@c1f3e05
----------------- Done invoking toplevel() on ptolemy.moml.MoMLSimpleApplication@c1f3e05
reloadAllAccessors: .ConstraintMonitor5

===========================================================================================
----------------- testing Fri Oct 11 05:59:30 UTC 2019 /home/travis/build/icyphy/ptII/ptolemy/actor/lib/test/auto/ConstraintMonitor6.xml
----------------- Instantiating /home/travis/build/icyphy/ptII/ptolemy/actor/lib/test/auto/ConstraintMonitor6.xml
7 ms. Memory: 464896K Free: 291248K (63%)
----------------- Invoking toplevel() on ptolemy.moml.MoMLSimpleApplication@235f8263
----------------- Done invoking toplevel() on ptolemy.moml.MoMLSimpleApplication@235f8263
reloadAllAccessors: .ConstraintMonitor6

===========================================================================================
----------------- testing Fri Oct 11 05:59:30 UTC 2019 /home/travis/build/icyphy/ptII/ptolemy/actor/lib/test/auto/ConstraintMonitor7.xml
----------------- Instantiating /home/travis/build/icyphy/ptII/ptolemy/actor/lib/test/auto/ConstraintMonitor7.xml
3 ms. Memory: 464896K Free: 285600K (61%)
----------------- Invoking toplevel() on ptolemy.moml.MoMLSimpleApplication@7e22729d
----------------- Done invoking toplevel() on ptolemy.moml.MoMLSimpleApplication@7e22729d
reloadAllAccessors: .ConstraintMonitor7

===========================================================================================
----------------- testing Fri Oct 11 05:59:30 UTC 2019 /home/travis/build/icyphy/ptII/ptolemy/actor/lib/test/auto/ConstraintMonitor8.xml
----------------- Instantiating /home/travis/build/icyphy/ptII/ptolemy/actor/lib/test/auto/ConstraintMonitor8.xml
3 ms. Memory: 464896K Free: 277936K (60%)
----------------- Invoking toplevel() on ptolemy.moml.MoMLSimpleApplication@4dfa3a4d
----------------- Done invoking toplevel() on ptolemy.moml.MoMLSimpleApplication@4dfa3a4d
reloadAllAccessors: .ConstraintMonitor8

===========================================================================================
----------------- testing Fri Oct 11 05:59:30 UTC 2019 /home/travis/build/icyphy/ptII/ptolemy/actor/lib/test/auto/Counter.xml
----------------- Instantiating /home/travis/build/icyphy/ptII/ptolemy/actor/lib/test/auto/Counter.xml
2 ms. Memory: 464896K Free: 272302K (59%)
----------------- Invoking toplevel() on ptolemy.moml.MoMLSimpleApplication@39701120
----------------- Done invoking toplevel() on ptolemy.moml.MoMLSimpleApplication@39701120
reloadAllAccessors: .Counter

===========================================================================================
----------------- testing Fri Oct 11 05:59:30 UTC 2019 /home/travis/build/icyphy/ptII/ptolemy/actor/lib/test/auto/CurrentTimeSDF.xml
----------------- Instantiating /home/travis/build/icyphy/ptII/ptolemy/actor/lib/test/auto/CurrentTimeSDF.xml
1 ms. Memory: 464896K Free: 268720K (58%)
----------------- Invoking toplevel() on ptolemy.moml.MoMLSimpleApplication@418867b5
----------------- Done invoking toplevel() on ptolemy.moml.MoMLSimpleApplication@418867b5
reloadAllAccessors: .CurrentTimeSDF

===========================================================================================
----------------- testing Fri Oct 11 05:59:30 UTC 2019 /home/travis/build/icyphy/ptII/ptolemy/actor/lib/test/auto/DB.xml
----------------- Instantiating /home/travis/build/icyphy/ptII/ptolemy/actor/lib/test/auto/DB.xml
2 ms. Memory: 464896K Free: 263086K (57%)
----------------- Invoking toplevel() on ptolemy.moml.MoMLSimpleApplication@6f2833e7
----------------- Done invoking toplevel() on ptolemy.moml.MoMLSimpleApplication@6f2833e7
reloadAllAccessors: .DB

===========================================================================================
----------------- testing Fri Oct 11 05:59:30 UTC 2019 /home/travis/build/icyphy/ptII/ptolemy/actor/lib/test/auto/DBDE.xml
----------------- Instantiating /home/travis/build/icyphy/ptII/ptolemy/actor/lib/test/auto/DBDE.xml
3 ms. Memory: 464896K Free: 257456K (55%)
----------------- Invoking toplevel() on ptolemy.moml.MoMLSimpleApplication@66eeb95e
----------------- Done invoking toplevel() on ptolemy.moml.MoMLSimpleApplication@66eeb95e
reloadAllAccessors: .DBDE

===========================================================================================
----------------- testing Fri Oct 11 05:59:30 UTC 2019 /home/travis/build/icyphy/ptII/ptolemy/actor/lib/test/auto/DateConstructor.xml
----------------- Instantiating /home/travis/build/icyphy/ptII/ptolemy/actor/lib/test/auto/DateConstructor.xml
33 ms. Memory: 464896K Free: 240048K (52%)
----------------- Invoking toplevel() on ptolemy.moml.MoMLSimpleApplication@6f2273e0
----------------- Done invoking toplevel() on ptolemy.moml.MoMLSimpleApplication@6f2273e0
reloadAllAccessors: .DateConstructor

===========================================================================================
----------------- testing Fri Oct 11 05:59:31 UTC 2019 /home/travis/build/icyphy/ptII/ptolemy/actor/lib/test/auto/DelayTime.xml
----------------- Instantiating /home/travis/build/icyphy/ptII/ptolemy/actor/lib/test/auto/DelayTime.xml
6 ms. Memory: 464896K Free: 234928K (51%)
----------------- Invoking toplevel() on ptolemy.moml.MoMLSimpleApplication@4c0a3e24
----------------- Done invoking toplevel() on ptolemy.moml.MoMLSimpleApplication@4c0a3e24
reloadAllAccessors: .DelayTime

===========================================================================================
----------------- testing Fri Oct 11 05:59:31 UTC 2019 /home/travis/build/icyphy/ptII/ptolemy/actor/lib/test/auto/Dictionary1.xml
----------------- Instantiating /home/travis/build/icyphy/ptII/ptolemy/actor/lib/test/auto/Dictionary1.xml
2 ms. Memory: 464896K Free: 229808K (49%)
----------------- Invoking toplevel() on ptolemy.moml.MoMLSimpleApplication@590604ff
----------------- Done invoking toplevel() on ptolemy.moml.MoMLSimpleApplication@590604ff
reloadAllAccessors: .Dictionary1

===========================================================================================
----------------- testing Fri Oct 11 05:59:31 UTC 2019 /home/travis/build/icyphy/ptII/ptolemy/actor/lib/test/auto/Dictionary2.xml
----------------- Instantiating /home/travis/build/icyphy/ptII/ptolemy/actor/lib/test/auto/Dictionary2.xml
2 ms. Memory: 464896K Free: 224174K (48%)
----------------- Invoking toplevel() on ptolemy.moml.MoMLSimpleApplication@4760607d
----------------- Done invoking toplevel() on ptolemy.moml.MoMLSimpleApplication@4760607d
reloadAllAccessors: .Dictionary2

===========================================================================================
----------------- testing Fri Oct 11 05:59:31 UTC 2019 /home/travis/build/icyphy/ptII/ptolemy/actor/lib/test/auto/Dictionary3.xml
----------------- Instantiating /home/travis/build/icyphy/ptII/ptolemy/actor/lib/test/auto/Dictionary3.xml
2 ms. Memory: 464896K Free: 218544K (47%)
----------------- Invoking toplevel() on ptolemy.moml.MoMLSimpleApplication@6d94d94a
----------------- Done invoking toplevel() on ptolemy.moml.MoMLSimpleApplication@6d94d94a
reloadAllAccessors: .Dictionary3

===========================================================================================
----------------- testing Fri Oct 11 05:59:31 UTC 2019 /home/travis/build/icyphy/ptII/ptolemy/actor/lib/test/auto/Dictionary4.xml
----------------- Instantiating /home/travis/build/icyphy/ptII/ptolemy/actor/lib/test/auto/Dictionary4.xml
6 ms. Memory: 464896K Free: 211376K (45%)
----------------- Invoking toplevel() on ptolemy.moml.MoMLSimpleApplication@39dca070
----------------- Done invoking toplevel() on ptolemy.moml.MoMLSimpleApplication@39dca070
reloadAllAccessors: .Dictionary4

===========================================================================================
----------------- testing Fri Oct 11 05:59:31 UTC 2019 /home/travis/build/icyphy/ptII/ptolemy/actor/lib/test/auto/Differential.xml
----------------- Instantiating /home/travis/build/icyphy/ptII/ptolemy/actor/lib/test/auto/Differential.xml
3 ms. Memory: 464896K Free: 207280K (45%)
----------------- Invoking toplevel() on ptolemy.moml.MoMLSimpleApplication@9aa43bc
----------------- Done invoking toplevel() on ptolemy.moml.MoMLSimpleApplication@9aa43bc
reloadAllAccessors: .Differential

===========================================================================================
----------------- testing Fri Oct 11 05:59:31 UTC 2019 /home/travis/build/icyphy/ptII/ptolemy/actor/lib/test/auto/Director.xml
----------------- Instantiating /home/travis/build/icyphy/ptII/ptolemy/actor/lib/test/auto/Director.xml
2 ms. Memory: 464896K Free: 203694K (44%)
----------------- Invoking toplevel() on ptolemy.moml.MoMLSimpleApplication@3eddbe86
----------------- Done invoking toplevel() on ptolemy.moml.MoMLSimpleApplication@3eddbe86
reloadAllAccessors: .Director

===========================================================================================
----------------- testing Fri Oct 11 05:59:31 UTC 2019 /home/travis/build/icyphy/ptII/ptolemy/actor/lib/test/auto/DiscreteClock.xml
----------------- Instantiating /home/travis/build/icyphy/ptII/ptolemy/actor/lib/test/auto/DiscreteClock.xml
1 ms. Memory: 464896K Free: 199598K (43%)
----------------- Invoking toplevel() on ptolemy.moml.MoMLSimpleApplication@2c0b9040
----------------- Done invoking toplevel() on ptolemy.moml.MoMLSimpleApplication@2c0b9040
reloadAllAccessors: .DiscreteClock

===========================================================================================
----------------- testing Fri Oct 11 05:59:31 UTC 2019 /home/travis/build/icyphy/ptII/ptolemy/actor/lib/test/auto/DiscreteClock10.xml
----------------- Instantiating /home/travis/build/icyphy/ptII/ptolemy/actor/lib/test/auto/DiscreteClock10.xml
4 ms. Memory: 464896K Free: 193968K (42%)
----------------- Invoking toplevel() on ptolemy.moml.MoMLSimpleApplication@1885309
----------------- Done invoking toplevel() on ptolemy.moml.MoMLSimpleApplication@1885309
reloadAllAccessors: .DiscreteClock10

===========================================================================================
----------------- testing Fri Oct 11 05:59:31 UTC 2019 /home/travis/build/icyphy/ptII/ptolemy/actor/lib/test/auto/DiscreteClock11.xml
----------------- Instantiating /home/travis/build/icyphy/ptII/ptolemy/actor/lib/test/auto/DiscreteClock11.xml
2 ms. Memory: 464896K Free: 187824K (40%)
----------------- Invoking toplevel() on ptolemy.moml.MoMLSimpleApplication@de03a9
----------------- Done invoking toplevel() on ptolemy.moml.MoMLSimpleApplication@de03a9
reloadAllAccessors: .DiscreteClock11

===========================================================================================
----------------- testing Fri Oct 11 05:59:31 UTC 2019 /home/travis/build/icyphy/ptII/ptolemy/actor/lib/test/auto/DiscreteClock12.xml
----------------- Instantiating /home/travis/build/icyphy/ptII/ptolemy/actor/lib/test/auto/DiscreteClock12.xml
2 ms. Memory: 464896K Free: 181680K (39%)
----------------- Invoking toplevel() on ptolemy.moml.MoMLSimpleApplication@17aa0412
----------------- Done invoking toplevel() on ptolemy.moml.MoMLSimpleApplication@17aa0412
reloadAllAccessors: .DiscreteClock12

===========================================================================================
----------------- testing Fri Oct 11 05:59:31 UTC 2019 /home/travis/build/icyphy/ptII/ptolemy/actor/lib/test/auto/DiscreteClock13.xml
----------------- Instantiating /home/travis/build/icyphy/ptII/ptolemy/actor/lib/test/auto/DiscreteClock13.xml
5 ms. Memory: 464896K Free: 175536K (38%)
----------------- Invoking toplevel() on ptolemy.moml.MoMLSimpleApplication@2106e680
----------------- Done invoking toplevel() on ptolemy.moml.MoMLSimpleApplication@2106e680
reloadAllAccessors: .DiscreteClock13

===========================================================================================
----------------- testing Fri Oct 11 05:59:31 UTC 2019 /home/travis/build/icyphy/ptII/ptolemy/actor/lib/test/auto/DiscreteClock14.xml
----------------- Instantiating /home/travis/build/icyphy/ptII/ptolemy/actor/lib/test/auto/DiscreteClock14.xml
4 ms. Memory: 464896K Free: 169872K (37%)
----------------- Invoking toplevel() on ptolemy.moml.MoMLSimpleApplication@339c6e4a
----------------- Done invoking toplevel() on ptolemy.moml.MoMLSimpleApplication@339c6e4a
reloadAllAccessors: .DiscreteClock14

===========================================================================================
----------------- testing Fri Oct 11 05:59:31 UTC 2019 /home/travis/build/icyphy/ptII/ptolemy/actor/lib/test/auto/DiscreteClock15.xml
----------------- Instantiating /home/travis/build/icyphy/ptII/ptolemy/actor/lib/test/auto/DiscreteClock15.xml
2 ms. Memory: 464896K Free: 163728K (35%)
----------------- Invoking toplevel() on ptolemy.moml.MoMLSimpleApplication@8c4cd1c
----------------- Done invoking toplevel() on ptolemy.moml.MoMLSimpleApplication@8c4cd1c
reloadAllAccessors: .DiscreteClock15

===========================================================================================
----------------- testing Fri Oct 11 05:59:31 UTC 2019 /home/travis/build/icyphy/ptII/ptolemy/actor/lib/test/auto/DiscreteClock16.xml
----------------- Instantiating /home/travis/build/icyphy/ptII/ptolemy/actor/lib/test/auto/DiscreteClock16.xml
21 ms. Memory: 464896K Free: 149936K (32%)
----------------- Invoking toplevel() on ptolemy.moml.MoMLSimpleApplication@485ff1ad
----------------- Done invoking toplevel() on ptolemy.moml.MoMLSimpleApplication@485ff1ad
reloadAllAccessors: .DiscreteClock16

===========================================================================================
----------------- testing Fri Oct 11 05:59:31 UTC 2019 /home/travis/build/icyphy/ptII/ptolemy/actor/lib/test/auto/DiscreteClock17.xml
----------------- Instantiating /home/travis/build/icyphy/ptII/ptolemy/actor/lib/test/auto/DiscreteClock17.xml
15 ms. Memory: 464896K Free: 410624K (88%)
----------------- Invoking toplevel() on ptolemy.moml.MoMLSimpleApplication@6d795cf6
----------------- Done invoking toplevel() on ptolemy.moml.MoMLSimpleApplication@6d795cf6
reloadAllAccessors: .DiscreteClock17

===========================================================================================
----------------- testing Fri Oct 11 05:59:31 UTC 2019 /home/travis/build/icyphy/ptII/ptolemy/actor/lib/test/auto/DiscreteClock18.xml
----------------- Instantiating /home/travis/build/icyphy/ptII/ptolemy/actor/lib/test/auto/DiscreteClock18.xml
22 ms. Memory: 464896K Free: 396783K (85%)
----------------- Invoking toplevel() on ptolemy.moml.MoMLSimpleApplication@53cd05c0
----------------- Done invoking toplevel() on ptolemy.moml.MoMLSimpleApplication@53cd05c0
reloadAllAccessors: .DiscreteClock18

===========================================================================================
----------------- testing Fri Oct 11 05:59:31 UTC 2019 /home/travis/build/icyphy/ptII/ptolemy/actor/lib/test/auto/DiscreteClock19.xml
----------------- Instantiating /home/travis/build/icyphy/ptII/ptolemy/actor/lib/test/auto/DiscreteClock19.xml
13 ms. Memory: 464896K Free: 382976K (82%)
----------------- Invoking toplevel() on ptolemy.moml.MoMLSimpleApplication@7270aeca
----------------- Done invoking toplevel() on ptolemy.moml.MoMLSimpleApplication@7270aeca
reloadAllAccessors: .DiscreteClock19

===========================================================================================
----------------- testing Fri Oct 11 05:59:31 UTC 2019 /home/travis/build/icyphy/ptII/ptolemy/actor/lib/test/auto/DiscreteClock2.xml
----------------- Instantiating /home/travis/build/icyphy/ptII/ptolemy/actor/lib/test/auto/DiscreteClock2.xml
4 ms. Memory: 464896K Free: 377856K (81%)
----------------- Invoking toplevel() on ptolemy.moml.MoMLSimpleApplication@75b74f6d
----------------- Done invoking toplevel() on ptolemy.moml.MoMLSimpleApplication@75b74f6d
reloadAllAccessors: .DiscreteClock2

===========================================================================================
----------------- testing Fri Oct 11 05:59:31 UTC 2019 /home/travis/build/icyphy/ptII/ptolemy/actor/lib/test/auto/DiscreteClock20.xml
----------------- Instantiating /home/travis/build/icyphy/ptII/ptolemy/actor/lib/test/auto/DiscreteClock20.xml
5 ms. Memory: 464896K Free: 372222K (80%)
----------------- Invoking toplevel() on ptolemy.moml.MoMLSimpleApplication@599326b6
----------------- Done invoking toplevel() on ptolemy.moml.MoMLSimpleApplication@599326b6
reloadAllAccessors: .DiscreteClock20

===========================================================================================
----------------- testing Fri Oct 11 05:59:31 UTC 2019 /home/travis/build/icyphy/ptII/ptolemy/actor/lib/test/auto/DiscreteClock21.xml
----------------- Instantiating /home/travis/build/icyphy/ptII/ptolemy/actor/lib/test/auto/DiscreteClock21.xml
5 ms. Memory: 464896K Free: 367102K (79%)
----------------- Invoking toplevel() on ptolemy.moml.MoMLSimpleApplication@33985843
----------------- Done invoking toplevel() on ptolemy.moml.MoMLSimpleApplication@33985843
reloadAllAccessors: .DiscreteClock21

===========================================================================================
----------------- testing Fri Oct 11 05:59:31 UTC 2019 /home/travis/build/icyphy/ptII/ptolemy/actor/lib/test/auto/DiscreteClock22.xml
----------------- Instantiating /home/travis/build/icyphy/ptII/ptolemy/actor/lib/test/auto/DiscreteClock22.xml
5 ms. Memory: 464896K Free: 361472K (78%)
----------------- Invoking toplevel() on ptolemy.moml.MoMLSimpleApplication@6fde3bf4
----------------- Done invoking toplevel() on ptolemy.moml.MoMLSimpleApplication@6fde3bf4
reloadAllAccessors: .DiscreteClock22

===========================================================================================
----------------- testing Fri Oct 11 05:59:31 UTC 2019 /home/travis/build/icyphy/ptII/ptolemy/actor/lib/test/auto/DiscreteClock23.xml
----------------- Instantiating /home/travis/build/icyphy/ptII/ptolemy/actor/lib/test/auto/DiscreteClock23.xml
5 ms. Memory: 464896K Free: 355838K (77%)
----------------- Invoking toplevel() on ptolemy.moml.MoMLSimpleApplication@f028d16
----------------- Done invoking toplevel() on ptolemy.moml.MoMLSimpleApplication@f028d16
reloadAllAccessors: .DiscreteClock23

===========================================================================================
----------------- testing Fri Oct 11 05:59:31 UTC 2019 /home/travis/build/icyphy/ptII/ptolemy/actor/lib/test/auto/DiscreteClock24.xml
----------------- Instantiating /home/travis/build/icyphy/ptII/ptolemy/actor/lib/test/auto/DiscreteClock24.xml
5 ms. Memory: 464896K Free: 350208K (75%)
----------------- Invoking toplevel() on ptolemy.moml.MoMLSimpleApplication@3fd85bad
----------------- Done invoking toplevel() on ptolemy.moml.MoMLSimpleApplication@3fd85bad
reloadAllAccessors: .DiscreteClock24

===========================================================================================
----------------- testing Fri Oct 11 05:59:31 UTC 2019 /home/travis/build/icyphy/ptII/ptolemy/actor/lib/test/auto/DiscreteClock4.xml
----------------- Instantiating /home/travis/build/icyphy/ptII/ptolemy/actor/lib/test/auto/DiscreteClock4.xml
2 ms. Memory: 464896K Free: 345088K (74%)
----------------- Invoking toplevel() on ptolemy.moml.MoMLSimpleApplication@5e623a7b
----------------- Done invoking toplevel() on ptolemy.moml.MoMLSimpleApplication@5e623a7b
reloadAllAccessors: .DiscreteClock4

===========================================================================================
----------------- testing Fri Oct 11 05:59:31 UTC 2019 /home/travis/build/icyphy/ptII/ptolemy/actor/lib/test/auto/DiscreteClock5.xml
----------------- Instantiating /home/travis/build/icyphy/ptII/ptolemy/actor/lib/test/auto/DiscreteClock5.xml
2 ms. Memory: 464896K Free: 339454K (73%)
----------------- Invoking toplevel() on ptolemy.moml.MoMLSimpleApplication@367c0c5e
----------------- Done invoking toplevel() on ptolemy.moml.MoMLSimpleApplication@367c0c5e
reloadAllAccessors: .DiscreteClock5

===========================================================================================
----------------- testing Fri Oct 11 05:59:31 UTC 2019 /home/travis/build/icyphy/ptII/ptolemy/actor/lib/test/auto/DiscreteClock6.xml
----------------- Instantiating /home/travis/build/icyphy/ptII/ptolemy/actor/lib/test/auto/DiscreteClock6.xml
4 ms. Memory: 464896K Free: 335343K (72%)
----------------- Invoking toplevel() on ptolemy.moml.MoMLSimpleApplication@17a23cc
----------------- Done invoking toplevel() on ptolemy.moml.MoMLSimpleApplication@17a23cc
reloadAllAccessors: .DiscreteClock6

===========================================================================================
----------------- testing Fri Oct 11 05:59:31 UTC 2019 /home/travis/build/icyphy/ptII/ptolemy/actor/lib/test/auto/DiscreteClock7.xml
----------------- Instantiating /home/travis/build/icyphy/ptII/ptolemy/actor/lib/test/auto/DiscreteClock7.xml
1 ms. Memory: 464896K Free: 330238K (71%)
----------------- Invoking toplevel() on ptolemy.moml.MoMLSimpleApplication@538088ba
----------------- Done invoking toplevel() on ptolemy.moml.MoMLSimpleApplication@538088ba
reloadAllAccessors: .DiscreteClock7

===========================================================================================
----------------- testing Fri Oct 11 05:59:31 UTC 2019 /home/travis/build/icyphy/ptII/ptolemy/actor/lib/test/auto/DiscreteClock8.xml
----------------- Instantiating /home/travis/build/icyphy/ptII/ptolemy/actor/lib/test/auto/DiscreteClock8.xml
6 ms. Memory: 464896K Free: 325087K (70%)
----------------- Invoking toplevel() on ptolemy.moml.MoMLSimpleApplication@145adda8
----------------- Done invoking toplevel() on ptolemy.moml.MoMLSimpleApplication@145adda8
reloadAllAccessors: .DiscreteClock8

===========================================================================================
----------------- testing Fri Oct 11 05:59:31 UTC 2019 /home/travis/build/icyphy/ptII/ptolemy/actor/lib/test/auto/DiscreteClock9.xml
----------------- Instantiating /home/travis/build/icyphy/ptII/ptolemy/actor/lib/test/auto/DiscreteClock9.xml
5 ms. Memory: 464896K Free: 318943K (69%)
----------------- Invoking toplevel() on ptolemy.moml.MoMLSimpleApplication@266d07ba
----------------- Done invoking toplevel() on ptolemy.moml.MoMLSimpleApplication@266d07ba
reloadAllAccessors: .DiscreteClock9

===========================================================================================
----------------- testing Fri Oct 11 05:59:31 UTC 2019 /home/travis/build/icyphy/ptII/ptolemy/actor/lib/test/auto/DisplayArray.xml
----------------- Instantiating /home/travis/build/icyphy/ptII/ptolemy/actor/lib/test/auto/DisplayArray.xml
1 ms. Memory: 464896K Free: 315392K (68%)
----------------- Invoking toplevel() on ptolemy.moml.MoMLSimpleApplication@4ddeb949
----------------- Done invoking toplevel() on ptolemy.moml.MoMLSimpleApplication@4ddeb949
reloadAllAccessors: .DisplayArray

===========================================================================================
----------------- testing Fri Oct 11 05:59:31 UTC 2019 /home/travis/build/icyphy/ptII/ptolemy/actor/lib/test/auto/Distributor.xml
----------------- Instantiating /home/travis/build/icyphy/ptII/ptolemy/actor/lib/test/auto/Distributor.xml
1 ms. Memory: 464896K Free: 310782K (67%)
----------------- Invoking toplevel() on ptolemy.moml.MoMLSimpleApplication@593cf104
----------------- Done invoking toplevel() on ptolemy.moml.MoMLSimpleApplication@593cf104
reloadAllAccessors: .Distributor

===========================================================================================
----------------- testing Fri Oct 11 05:59:31 UTC 2019 /home/travis/build/icyphy/ptII/ptolemy/actor/lib/test/auto/Distributor2.xml
----------------- Instantiating /home/travis/build/icyphy/ptII/ptolemy/actor/lib/test/auto/Distributor2.xml
1 ms. Memory: 464896K Free: 305662K (66%)
----------------- Invoking toplevel() on ptolemy.moml.MoMLSimpleApplication@6a58d46e
----------------- Done invoking toplevel() on ptolemy.moml.MoMLSimpleApplication@6a58d46e
reloadAllAccessors: .Distributor2

===========================================================================================
----------------- testing Fri Oct 11 05:59:31 UTC 2019 /home/travis/build/icyphy/ptII/ptolemy/actor/lib/test/auto/DownSample.xml
----------------- Instantiating /home/travis/build/icyphy/ptII/ptolemy/actor/lib/test/auto/DownSample.xml
1 ms. Memory: 464896K Free: 301056K (65%)
----------------- Invoking toplevel() on ptolemy.moml.MoMLSimpleApplication@f427c9f
----------------- Done invoking toplevel() on ptolemy.moml.MoMLSimpleApplication@f427c9f
reloadAllAccessors: .DownSample

===========================================================================================
----------------- testing Fri Oct 11 05:59:31 UTC 2019 /home/travis/build/icyphy/ptII/ptolemy/actor/lib/test/auto/ElectronicUnitBase1.xml
----------------- Instantiating /home/travis/build/icyphy/ptII/ptolemy/actor/lib/test/auto/ElectronicUnitBase1.xml
20 ms. Memory: 464896K Free: 285182K (61%)
----------------- Invoking toplevel() on ptolemy.moml.MoMLSimpleApplication@7ecd4523
----------------- Done invoking toplevel() on ptolemy.moml.MoMLSimpleApplication@7ecd4523
reloadAllAccessors: .ElectronicUnitBase1

===========================================================================================
----------------- testing Fri Oct 11 05:59:31 UTC 2019 /home/travis/build/icyphy/ptII/ptolemy/actor/lib/test/auto/ElementsToArray.xml
----------------- Instantiating /home/travis/build/icyphy/ptII/ptolemy/actor/lib/test/auto/ElementsToArray.xml
3 ms. Memory: 464896K Free: 280062K (60%)
----------------- Invoking toplevel() on ptolemy.moml.MoMLSimpleApplication@4698ea71
----------------- Done invoking toplevel() on ptolemy.moml.MoMLSimpleApplication@4698ea71
reloadAllAccessors: .ElementsToArray

===========================================================================================
----------------- testing Fri Oct 11 05:59:31 UTC 2019 /home/travis/build/icyphy/ptII/ptolemy/actor/lib/test/auto/Equals.xml
----------------- Instantiating /home/travis/build/icyphy/ptII/ptolemy/actor/lib/test/auto/Equals.xml
3 ms. Memory: 464896K Free: 275456K (59%)
----------------- Invoking toplevel() on ptolemy.moml.MoMLSimpleApplication@4f201cd5
----------------- Done invoking toplevel() on ptolemy.moml.MoMLSimpleApplication@4f201cd5
reloadAllAccessors: .Equals

===========================================================================================
----------------- testing Fri Oct 11 05:59:31 UTC 2019 /home/travis/build/icyphy/ptII/ptolemy/actor/lib/test/auto/Exec.xml
----------------- Instantiating /home/travis/build/icyphy/ptII/ptolemy/actor/lib/test/auto/Exec.xml
23 ms. Memory: 464896K Free: 269822K (58%)
----------------- Invoking toplevel() on ptolemy.moml.MoMLSimpleApplication@4dc6dd50
----------------- Done invoking toplevel() on ptolemy.moml.MoMLSimpleApplication@4dc6dd50
reloadAllAccessors: .Exec

===========================================================================================
----------------- testing Fri Oct 11 05:59:32 UTC 2019 /home/travis/build/icyphy/ptII/ptolemy/actor/lib/test/auto/ExecEnvironment.xml
----------------- Instantiating /home/travis/build/icyphy/ptII/ptolemy/actor/lib/test/auto/ExecEnvironment.xml
34 ms. Memory: 464896K Free: 263168K (57%)
----------------- Invoking toplevel() on ptolemy.moml.MoMLSimpleApplication@7df85e08
----------------- Done invoking toplevel() on ptolemy.moml.MoMLSimpleApplication@7df85e08
reloadAllAccessors: .ExecEnvironment

===========================================================================================
----------------- testing Fri Oct 11 05:59:32 UTC 2019 /home/travis/build/icyphy/ptII/ptolemy/actor/lib/test/auto/ExecNonZeroReturnOutput.xml
----------------- Instantiating /home/travis/build/icyphy/ptII/ptolemy/actor/lib/test/auto/ExecNonZeroReturnOutput.xml
192 ms. Memory: 464896K Free: 252414K (54%)
----------------- Invoking toplevel() on ptolemy.moml.MoMLSimpleApplication@7f89cdd
----------------- Done invoking toplevel() on ptolemy.moml.MoMLSimpleApplication@7f89cdd
reloadAllAccessors: .ExecNonZeroReturnOutput

===========================================================================================
----------------- testing Fri Oct 11 05:59:32 UTC 2019 /home/travis/build/icyphy/ptII/ptolemy/actor/lib/test/auto/ExecRunDemos.xml
----------------- Instantiating /home/travis/build/icyphy/ptII/ptolemy/actor/lib/test/auto/ExecRunDemos.xml
Finished: 67 ms. Memory: 120832K Free: 104447K (86%)

Finished: 77 ms. Memory: 120832K Free: 110661K (92%)

Finished: 131 ms. Memory: 120832K Free: 110721K (92%)

Finished: 98 ms. Memory: 120832K Free: 103079K (85%)

Finished: 99 ms. Memory: 120832K Free: 103987K (86%)

10583 ms. Memory: 464896K Free: 231422K (50%)
----------------- Invoking toplevel() on ptolemy.moml.MoMLSimpleApplication@efc9b3e
----------------- Done invoking toplevel() on ptolemy.moml.MoMLSimpleApplication@efc9b3e
reloadAllAccessors: .ExecRunDemos

===========================================================================================
----------------- testing Fri Oct 11 05:59:42 UTC 2019 /home/travis/build/icyphy/ptII/ptolemy/actor/lib/test/auto/ExecStop.xml
----------------- Instantiating /home/travis/build/icyphy/ptII/ptolemy/actor/lib/test/auto/ExecStop.xml
5016 ms. Memory: 464896K Free: 386275K (83%)
----------------- Invoking toplevel() on ptolemy.moml.MoMLSimpleApplication@7ca091e3
----------------- Done invoking toplevel() on ptolemy.moml.MoMLSimpleApplication@7ca091e3
reloadAllAccessors: .ExecStop

===========================================================================================
----------------- testing Fri Oct 11 05:59:47 UTC 2019 /home/travis/build/icyphy/ptII/ptolemy/actor/lib/test/auto/ExecutionTimeSDF.xml
----------------- Instantiating /home/travis/build/icyphy/ptII/ptolemy/actor/lib/test/auto/ExecutionTimeSDF.xml
Fired ExecutionTime: 1879200000
Fired ExecutionTime: 1069200000
Fired ExecutionTime: -1080167296
6021 ms. Memory: 464896K Free: 373475K (80%)
----------------- Invoking toplevel() on ptolemy.moml.MoMLSimpleApplication@77f0d750
----------------- Done invoking toplevel() on ptolemy.moml.MoMLSimpleApplication@77f0d750
reloadAllAccessors: .ExecutionTimeSDF

===========================================================================================
----------------- testing Fri Oct 11 05:59:54 UTC 2019 /home/travis/build/icyphy/ptII/ptolemy/actor/lib/test/auto/Expression1.xml
----------------- Instantiating /home/travis/build/icyphy/ptII/ptolemy/actor/lib/test/auto/Expression1.xml
5 ms. Memory: 464896K Free: 369889K (80%)
----------------- Invoking toplevel() on ptolemy.moml.MoMLSimpleApplication@6393e5b8
----------------- Done invoking toplevel() on ptolemy.moml.MoMLSimpleApplication@6393e5b8
reloadAllAccessors: .Expression1

===========================================================================================
----------------- testing Fri Oct 11 05:59:54 UTC 2019 /home/travis/build/icyphy/ptII/ptolemy/actor/lib/test/auto/Expression10.xml
----------------- Instantiating /home/travis/build/icyphy/ptII/ptolemy/actor/lib/test/auto/Expression10.xml
9 ms. Memory: 464896K Free: 364769K (78%)
----------------- Invoking toplevel() on ptolemy.moml.MoMLSimpleApplication@17e370f
----------------- Done invoking toplevel() on ptolemy.moml.MoMLSimpleApplication@17e370f
reloadAllAccessors: .Expression10

===========================================================================================
----------------- testing Fri Oct 11 05:59:54 UTC 2019 /home/travis/build/icyphy/ptII/ptolemy/actor/lib/test/auto/Expression11.xml
----------------- Instantiating /home/travis/build/icyphy/ptII/ptolemy/actor/lib/test/auto/Expression11.xml
1 ms. Memory: 464896K Free: 359649K (77%)
----------------- Invoking toplevel() on ptolemy.moml.MoMLSimpleApplication@445e3e35
----------------- Done invoking toplevel() on ptolemy.moml.MoMLSimpleApplication@445e3e35
reloadAllAccessors: .Expression11

===========================================================================================
----------------- testing Fri Oct 11 05:59:54 UTC 2019 /home/travis/build/icyphy/ptII/ptolemy/actor/lib/test/auto/Expression12.xml
----------------- Instantiating /home/travis/build/icyphy/ptII/ptolemy/actor/lib/test/auto/Expression12.xml
3 ms. Memory: 464896K Free: 354019K (76%)
----------------- Invoking toplevel() on ptolemy.moml.MoMLSimpleApplication@2a9bd107
----------------- Done invoking toplevel() on ptolemy.moml.MoMLSimpleApplication@2a9bd107
reloadAllAccessors: .Expression12

===========================================================================================
----------------- testing Fri Oct 11 05:59:54 UTC 2019 /home/travis/build/icyphy/ptII/ptolemy/actor/lib/test/auto/Expression13.xml
----------------- Instantiating /home/travis/build/icyphy/ptII/ptolemy/actor/lib/test/auto/Expression13.xml
4 ms. Memory: 464896K Free: 348899K (75%)
----------------- Invoking toplevel() on ptolemy.moml.MoMLSimpleApplication@411c98f4
----------------- Done invoking toplevel() on ptolemy.moml.MoMLSimpleApplication@411c98f4
reloadAllAccessors: .Expression13

===========================================================================================
----------------- testing Fri Oct 11 05:59:54 UTC 2019 /home/travis/build/icyphy/ptII/ptolemy/actor/lib/test/auto/Expression14.xml
----------------- Instantiating /home/travis/build/icyphy/ptII/ptolemy/actor/lib/test/auto/Expression14.xml
8 ms. Memory: 464896K Free: 343265K (74%)
----------------- Invoking toplevel() on ptolemy.moml.MoMLSimpleApplication@5b50670c
----------------- Done invoking toplevel() on ptolemy.moml.MoMLSimpleApplication@5b50670c
reloadAllAccessors: .Expression14

===========================================================================================
----------------- testing Fri Oct 11 05:59:54 UTC 2019 /home/travis/build/icyphy/ptII/ptolemy/actor/lib/test/auto/Expression15.xml
----------------- Instantiating /home/travis/build/icyphy/ptII/ptolemy/actor/lib/test/auto/Expression15.xml
1 ms. Memory: 464896K Free: 339683K (73%)
----------------- Invoking toplevel() on ptolemy.moml.MoMLSimpleApplication@7d42aaba
----------------- Done invoking toplevel() on ptolemy.moml.MoMLSimpleApplication@7d42aaba
reloadAllAccessors: .Expression15

===========================================================================================
----------------- testing Fri Oct 11 05:59:54 UTC 2019 /home/travis/build/icyphy/ptII/ptolemy/actor/lib/test/auto/Expression16.xml
----------------- Instantiating /home/travis/build/icyphy/ptII/ptolemy/actor/lib/test/auto/Expression16.xml
5 ms. Memory: 464896K Free: 334049K (72%)
----------------- Invoking toplevel() on ptolemy.moml.MoMLSimpleApplication@1124a405
----------------- Done invoking toplevel() on ptolemy.moml.MoMLSimpleApplication@1124a405
reloadAllAccessors: .Expression16

===========================================================================================
----------------- testing Fri Oct 11 05:59:54 UTC 2019 /home/travis/build/icyphy/ptII/ptolemy/actor/lib/test/auto/Expression17.xml
----------------- Instantiating /home/travis/build/icyphy/ptII/ptolemy/actor/lib/test/auto/Expression17.xml
3 ms. Memory: 464896K Free: 328929K (71%)
----------------- Invoking toplevel() on ptolemy.moml.MoMLSimpleApplication@13da3fea
----------------- Done invoking toplevel() on ptolemy.moml.MoMLSimpleApplication@13da3fea
reloadAllAccessors: .Expression17

===========================================================================================
----------------- testing Fri Oct 11 05:59:54 UTC 2019 /home/travis/build/icyphy/ptII/ptolemy/actor/lib/test/auto/Expression18.xml
----------------- Instantiating /home/travis/build/icyphy/ptII/ptolemy/actor/lib/test/auto/Expression18.xml
5 ms. Memory: 464896K Free: 323299K (70%)
----------------- Invoking toplevel() on ptolemy.moml.MoMLSimpleApplication@2b72b358
----------------- Done invoking toplevel() on ptolemy.moml.MoMLSimpleApplication@2b72b358
reloadAllAccessors: .Expression18

===========================================================================================
----------------- testing Fri Oct 11 05:59:54 UTC 2019 /home/travis/build/icyphy/ptII/ptolemy/actor/lib/test/auto/Expression2.xml
----------------- Instantiating /home/travis/build/icyphy/ptII/ptolemy/actor/lib/test/auto/Expression2.xml
3 ms. Memory: 464896K Free: 318689K (69%)
----------------- Invoking toplevel() on ptolemy.moml.MoMLSimpleApplication@52436459
----------------- Done invoking toplevel() on ptolemy.moml.MoMLSimpleApplication@52436459
reloadAllAccessors: .Expression2

===========================================================================================
----------------- testing Fri Oct 11 05:59:54 UTC 2019 /home/travis/build/icyphy/ptII/ptolemy/actor/lib/test/auto/Expression3.xml
----------------- Instantiating /home/travis/build/icyphy/ptII/ptolemy/actor/lib/test/auto/Expression3.xml
6 ms. Memory: 464896K Free: 313569K (67%)
----------------- Invoking toplevel() on ptolemy.moml.MoMLSimpleApplication@3063a661
----------------- Done invoking toplevel() on ptolemy.moml.MoMLSimpleApplication@3063a661
reloadAllAccessors: .Expression3

===========================================================================================
----------------- testing Fri Oct 11 05:59:54 UTC 2019 /home/travis/build/icyphy/ptII/ptolemy/actor/lib/test/auto/Expression4.xml
----------------- Instantiating /home/travis/build/icyphy/ptII/ptolemy/actor/lib/test/auto/Expression4.xml
4 ms. Memory: 464896K Free: 305891K (66%)
----------------- Invoking toplevel() on ptolemy.moml.MoMLSimpleApplication@1705de3b
----------------- Done invoking toplevel() on ptolemy.moml.MoMLSimpleApplication@1705de3b
reloadAllAccessors: .Expression4

===========================================================================================
----------------- testing Fri Oct 11 05:59:54 UTC 2019 /home/travis/build/icyphy/ptII/ptolemy/actor/lib/test/auto/Expression5.xml
----------------- Instantiating /home/travis/build/icyphy/ptII/ptolemy/actor/lib/test/auto/Expression5.xml
5 ms. Memory: 464896K Free: 300771K (65%)
----------------- Invoking toplevel() on ptolemy.moml.MoMLSimpleApplication@5b85ed0a
----------------- Done invoking toplevel() on ptolemy.moml.MoMLSimpleApplication@5b85ed0a
reloadAllAccessors: .Expression5

===========================================================================================
----------------- testing Fri Oct 11 05:59:54 UTC 2019 /home/travis/build/icyphy/ptII/ptolemy/actor/lib/test/auto/Expression6.xml
----------------- Instantiating /home/travis/build/icyphy/ptII/ptolemy/actor/lib/test/auto/Expression6.xml
2 ms. Memory: 464896K Free: 296161K (64%)
----------------- Invoking toplevel() on ptolemy.moml.MoMLSimpleApplication@984aec2
----------------- Done invoking toplevel() on ptolemy.moml.MoMLSimpleApplication@984aec2
reloadAllAccessors: .Expression6

===========================================================================================
----------------- testing Fri Oct 11 05:59:54 UTC 2019 /home/travis/build/icyphy/ptII/ptolemy/actor/lib/test/auto/Expression7.xml
----------------- Instantiating /home/travis/build/icyphy/ptII/ptolemy/actor/lib/test/auto/Expression7.xml
2 ms. Memory: 464896K Free: 291555K (63%)
----------------- Invoking toplevel() on ptolemy.moml.MoMLSimpleApplication@82b6c7d
----------------- Done invoking toplevel() on ptolemy.moml.MoMLSimpleApplication@82b6c7d
reloadAllAccessors: .Expression7

===========================================================================================
----------------- testing Fri Oct 11 05:59:54 UTC 2019 /home/travis/build/icyphy/ptII/ptolemy/actor/lib/test/auto/Expression8.xml
----------------- Instantiating /home/travis/build/icyphy/ptII/ptolemy/actor/lib/test/auto/Expression8.xml
7 ms. Memory: 464896K Free: 286435K (62%)
----------------- Invoking toplevel() on ptolemy.moml.MoMLSimpleApplication@5480a866
----------------- Done invoking toplevel() on ptolemy.moml.MoMLSimpleApplication@5480a866
reloadAllAccessors: .Expression8

===========================================================================================
----------------- testing Fri Oct 11 05:59:54 UTC 2019 /home/travis/build/icyphy/ptII/ptolemy/actor/lib/test/auto/Expression9.xml
----------------- Instantiating /home/travis/build/icyphy/ptII/ptolemy/actor/lib/test/auto/Expression9.xml
1 ms. Memory: 464896K Free: 282339K (61%)
----------------- Invoking toplevel() on ptolemy.moml.MoMLSimpleApplication@63d7b522
----------------- Done invoking toplevel() on ptolemy.moml.MoMLSimpleApplication@63d7b522
reloadAllAccessors: .Expression9

===========================================================================================
----------------- testing Fri Oct 11 05:59:54 UTC 2019 /home/travis/build/icyphy/ptII/ptolemy/actor/lib/test/auto/ExpressionConcatenateArrayType.xml
----------------- Instantiating /home/travis/build/icyphy/ptII/ptolemy/actor/lib/test/auto/ExpressionConcatenateArrayType.xml
3 ms. Memory: 464896K Free: 275681K (59%)
----------------- Invoking toplevel() on ptolemy.moml.MoMLSimpleApplication@1acdd071
----------------- Done invoking toplevel() on ptolemy.moml.MoMLSimpleApplication@1acdd071
reloadAllAccessors: .ExpressionConcatenateArrayType

===========================================================================================
----------------- testing Fri Oct 11 05:59:54 UTC 2019 /home/travis/build/icyphy/ptII/ptolemy/actor/lib/test/auto/ExpressionConcatenateArrayType2.xml
----------------- Instantiating /home/travis/build/icyphy/ptII/ptolemy/actor/lib/test/auto/ExpressionConcatenateArrayType2.xml
3 ms. Memory: 464896K Free: 269537K (58%)
----------------- Invoking toplevel() on ptolemy.moml.MoMLSimpleApplication@56f03c6f
----------------- Done invoking toplevel() on ptolemy.moml.MoMLSimpleApplication@56f03c6f
reloadAllAccessors: .ExpressionConcatenateArrayType2

===========================================================================================
----------------- testing Fri Oct 11 05:59:54 UTC 2019 /home/travis/build/icyphy/ptII/ptolemy/actor/lib/test/auto/ExpressionFix.xml
----------------- Instantiating /home/travis/build/icyphy/ptII/ptolemy/actor/lib/test/auto/ExpressionFix.xml
21 ms. Memory: 464896K Free: 263393K (57%)
----------------- Invoking toplevel() on ptolemy.moml.MoMLSimpleApplication@64f1cd77
----------------- Done invoking toplevel() on ptolemy.moml.MoMLSimpleApplication@64f1cd77
reloadAllAccessors: .ExpressionFix

===========================================================================================
----------------- testing Fri Oct 11 05:59:54 UTC 2019 /home/travis/build/icyphy/ptII/ptolemy/actor/lib/test/auto/ExpressionFix2.xml
----------------- Instantiating /home/travis/build/icyphy/ptII/ptolemy/actor/lib/test/auto/ExpressionFix2.xml
7 ms. Memory: 464896K Free: 259297K (56%)
----------------- Invoking toplevel() on ptolemy.moml.MoMLSimpleApplication@74cd86f
----------------- Done invoking toplevel() on ptolemy.moml.MoMLSimpleApplication@74cd86f
reloadAllAccessors: .ExpressionFix2

===========================================================================================
----------------- testing Fri Oct 11 05:59:54 UTC 2019 /home/travis/build/icyphy/ptII/ptolemy/actor/lib/test/auto/ExpressionFix3.xml
----------------- Instantiating /home/travis/build/icyphy/ptII/ptolemy/actor/lib/test/auto/ExpressionFix3.xml
3 ms. Memory: 464896K Free: 254691K (55%)
----------------- Invoking toplevel() on ptolemy.moml.MoMLSimpleApplication@1bb6d551
----------------- Done invoking toplevel() on ptolemy.moml.MoMLSimpleApplication@1bb6d551
reloadAllAccessors: .ExpressionFix3

===========================================================================================
----------------- testing Fri Oct 11 05:59:54 UTC 2019 /home/travis/build/icyphy/ptII/ptolemy/actor/lib/test/auto/FileWriter1.xml
----------------- Instantiating /home/travis/build/icyphy/ptII/ptolemy/actor/lib/test/auto/FileWriter1.xml
2 ms. Memory: 464896K Free: 250595K (54%)
----------------- Invoking toplevel() on ptolemy.moml.MoMLSimpleApplication@77f9e1b8
----------------- Done invoking toplevel() on ptolemy.moml.MoMLSimpleApplication@77f9e1b8
reloadAllAccessors: .FileWriter1

===========================================================================================
----------------- testing Fri Oct 11 05:59:54 UTC 2019 /home/travis/build/icyphy/ptII/ptolemy/actor/lib/test/auto/FileWriter2.xml
----------------- Instantiating /home/travis/build/icyphy/ptII/ptolemy/actor/lib/test/auto/FileWriter2.xml
2 ms. Memory: 464896K Free: 245971K (53%)
----------------- Invoking toplevel() on ptolemy.moml.MoMLSimpleApplication@5d95ad95
----------------- Done invoking toplevel() on ptolemy.moml.MoMLSimpleApplication@5d95ad95
reloadAllAccessors: .FileWriter2

===========================================================================================
----------------- testing Fri Oct 11 05:59:54 UTC 2019 /home/travis/build/icyphy/ptII/ptolemy/actor/lib/test/auto/FileWriter3.xml
----------------- Instantiating /home/travis/build/icyphy/ptII/ptolemy/actor/lib/test/auto/FileWriter3.xml
2 ms. Memory: 464896K Free: 241889K (52%)
----------------- Invoking toplevel() on ptolemy.moml.MoMLSimpleApplication@55483220
----------------- Done invoking toplevel() on ptolemy.moml.MoMLSimpleApplication@55483220
reloadAllAccessors: .FileWriter3

===========================================================================================
----------------- testing Fri Oct 11 05:59:54 UTC 2019 /home/travis/build/icyphy/ptII/ptolemy/actor/lib/test/auto/Gaussian.xml
----------------- Instantiating /home/travis/build/icyphy/ptII/ptolemy/actor/lib/test/auto/Gaussian.xml
2 ms. Memory: 464896K Free: 237793K (51%)
----------------- Invoking toplevel() on ptolemy.moml.MoMLSimpleApplication@5620bd30
----------------- Done invoking toplevel() on ptolemy.moml.MoMLSimpleApplication@5620bd30
reloadAllAccessors: .Gaussian

===========================================================================================
----------------- testing Fri Oct 11 05:59:54 UTC 2019 /home/travis/build/icyphy/ptII/ptolemy/actor/lib/test/auto/Gaussian1.xml
----------------- Instantiating /home/travis/build/icyphy/ptII/ptolemy/actor/lib/test/auto/Gaussian1.xml
9 ms. Memory: 464896K Free: 232163K (50%)
----------------- Invoking toplevel() on ptolemy.moml.MoMLSimpleApplication@1fb8b31a
----------------- Done invoking toplevel() on ptolemy.moml.MoMLSimpleApplication@1fb8b31a
reloadAllAccessors: .Gaussian1

===========================================================================================
----------------- testing Fri Oct 11 05:59:54 UTC 2019 /home/travis/build/icyphy/ptII/ptolemy/actor/lib/test/auto/Gaussian2.xml
----------------- Instantiating /home/travis/build/icyphy/ptII/ptolemy/actor/lib/test/auto/Gaussian2.xml
2 ms. Memory: 464896K Free: 226515K (49%)
----------------- Invoking toplevel() on ptolemy.moml.MoMLSimpleApplication@3a649faf
----------------- Done invoking toplevel() on ptolemy.moml.MoMLSimpleApplication@3a649faf
reloadAllAccessors: .Gaussian2

===========================================================================================
----------------- testing Fri Oct 11 05:59:54 UTC 2019 /home/travis/build/icyphy/ptII/ptolemy/actor/lib/test/auto/GradientAdaptiveLattice.xml
----------------- Instantiating /home/travis/build/icyphy/ptII/ptolemy/actor/lib/test/auto/GradientAdaptiveLattice.xml
3 ms. Memory: 464896K Free: 221409K (48%)
----------------- Invoking toplevel() on ptolemy.moml.MoMLSimpleApplication@20f25029
----------------- Done invoking toplevel() on ptolemy.moml.MoMLSimpleApplication@20f25029
reloadAllAccessors: .GradientAdaptiveLattice

===========================================================================================
----------------- testing Fri Oct 11 05:59:54 UTC 2019 /home/travis/build/icyphy/ptII/ptolemy/actor/lib/test/auto/IIR.xml
----------------- Instantiating /home/travis/build/icyphy/ptII/ptolemy/actor/lib/test/auto/IIR.xml
2 ms. Memory: 464896K Free: 216803K (47%)
----------------- Invoking toplevel() on ptolemy.moml.MoMLSimpleApplication@569748b5
----------------- Done invoking toplevel() on ptolemy.moml.MoMLSimpleApplication@569748b5
reloadAllAccessors: .IIR

===========================================================================================
----------------- testing Fri Oct 11 05:59:54 UTC 2019 /home/travis/build/icyphy/ptII/ptolemy/actor/lib/test/auto/InputOutputTransparentPorts.xml
----------------- Instantiating /home/travis/build/icyphy/ptII/ptolemy/actor/lib/test/auto/InputOutputTransparentPorts.xml
2 ms. Memory: 464896K Free: 209121K (45%)
----------------- Invoking toplevel() on ptolemy.moml.MoMLSimpleApplication@5e41f9cb
----------------- Done invoking toplevel() on ptolemy.moml.MoMLSimpleApplication@5e41f9cb
reloadAllAccessors: .InputOutputTransparentPorts

===========================================================================================
----------------- testing Fri Oct 11 05:59:54 UTC 2019 /home/travis/build/icyphy/ptII/ptolemy/actor/lib/test/auto/Interpolator.xml
----------------- Instantiating /home/travis/build/icyphy/ptII/ptolemy/actor/lib/test/auto/Interpolator.xml
3 ms. Memory: 464896K Free: 205025K (44%)
----------------- Invoking toplevel() on ptolemy.moml.MoMLSimpleApplication@517cfd9e
----------------- Done invoking toplevel() on ptolemy.moml.MoMLSimpleApplication@517cfd9e
reloadAllAccessors: .Interpolator

===========================================================================================
----------------- testing Fri Oct 11 05:59:54 UTC 2019 /home/travis/build/icyphy/ptII/ptolemy/actor/lib/test/auto/InterpolatorFiringLimitDE.xml
----------------- Instantiating /home/travis/build/icyphy/ptII/ptolemy/actor/lib/test/auto/InterpolatorFiringLimitDE.xml
2 ms. Memory: 464896K Free: 198881K (43%)
----------------- Invoking toplevel() on ptolemy.moml.MoMLSimpleApplication@2235f1d6
----------------- Done invoking toplevel() on ptolemy.moml.MoMLSimpleApplication@2235f1d6
reloadAllAccessors: .InterpolatorFiringLimitDE

===========================================================================================
----------------- testing Fri Oct 11 05:59:54 UTC 2019 /home/travis/build/icyphy/ptII/ptolemy/actor/lib/test/auto/Lattice.xml
----------------- Instantiating /home/travis/build/icyphy/ptII/ptolemy/actor/lib/test/auto/Lattice.xml
1 ms. Memory: 464896K Free: 194785K (42%)
----------------- Invoking toplevel() on ptolemy.moml.MoMLSimpleApplication@75538122
----------------- Done invoking toplevel() on ptolemy.moml.MoMLSimpleApplication@75538122
reloadAllAccessors: .Lattice

===========================================================================================
----------------- testing Fri Oct 11 05:59:54 UTC 2019 /home/travis/build/icyphy/ptII/ptolemy/actor/lib/test/auto/LazyAOCTestLazy.xml
----------------- Instantiating /home/travis/build/icyphy/ptII/ptolemy/actor/lib/test/auto/LazyAOCTestLazy.xml
17 ms. Memory: 464896K Free: 188627K (41%)
----------------- Invoking toplevel() on ptolemy.moml.MoMLSimpleApplication@4ff40b59
----------------- Done invoking toplevel() on ptolemy.moml.MoMLSimpleApplication@4ff40b59
reloadAllAccessors: .LazyAOCTestLazy

===========================================================================================
----------------- testing Fri Oct 11 05:59:54 UTC 2019 /home/travis/build/icyphy/ptII/ptolemy/actor/lib/test/auto/LazyAOCTestNonLazy.xml
----------------- Instantiating /home/travis/build/icyphy/ptII/ptolemy/actor/lib/test/auto/LazyAOCTestNonLazy.xml
2 ms. Memory: 464896K Free: 181987K (39%)
----------------- Invoking toplevel() on ptolemy.moml.MoMLSimpleApplication@384d1a2d
----------------- Done invoking toplevel() on ptolemy.moml.MoMLSimpleApplication@384d1a2d
reloadAllAccessors: .LazyAOCTestNonLazy

===========================================================================================
----------------- testing Fri Oct 11 05:59:54 UTC 2019 /home/travis/build/icyphy/ptII/ptolemy/actor/lib/test/auto/LazyInnerClass.xml
----------------- Instantiating /home/travis/build/icyphy/ptII/ptolemy/actor/lib/test/auto/LazyInnerClass.xml
19 ms. Memory: 464896K Free: 173281K (37%)
----------------- Invoking toplevel() on ptolemy.moml.MoMLSimpleApplication@97417e
----------------- Done invoking toplevel() on ptolemy.moml.MoMLSimpleApplication@97417e
reloadAllAccessors: .LazyInnerClass

===========================================================================================
----------------- testing Fri Oct 11 05:59:54 UTC 2019 /home/travis/build/icyphy/ptII/ptolemy/actor/lib/test/auto/LazyPubSub.xml
----------------- Instantiating /home/travis/build/icyphy/ptII/ptolemy/actor/lib/test/auto/LazyPubSub.xml
15 ms. Memory: 464896K Free: 163041K (35%)
----------------- Invoking toplevel() on ptolemy.moml.MoMLSimpleApplication@60225b28
----------------- Done invoking toplevel() on ptolemy.moml.MoMLSimpleApplication@60225b28
reloadAllAccessors: .LazyPubSub

===========================================================================================
----------------- testing Fri Oct 11 05:59:54 UTC 2019 /home/travis/build/icyphy/ptII/ptolemy/actor/lib/test/auto/LazyPubSub2.xml
----------------- Instantiating /home/travis/build/icyphy/ptII/ptolemy/actor/lib/test/auto/LazyPubSub2.xml
13 ms. Memory: 464896K Free: 152801K (33%)
----------------- Invoking toplevel() on ptolemy.moml.MoMLSimpleApplication@3e562b1d
----------------- Done invoking toplevel() on ptolemy.moml.MoMLSimpleApplication@3e562b1d
reloadAllAccessors: .LazyPubSub2

===========================================================================================
----------------- testing Fri Oct 11 05:59:54 UTC 2019 /home/travis/build/icyphy/ptII/ptolemy/actor/lib/test/auto/LazyPubSub3.xml
----------------- Instantiating /home/travis/build/icyphy/ptII/ptolemy/actor/lib/test/auto/LazyPubSub3.xml
14 ms. Memory: 464896K Free: 142561K (31%)
----------------- Invoking toplevel() on ptolemy.moml.MoMLSimpleApplication@302df7a4
----------------- Done invoking toplevel() on ptolemy.moml.MoMLSimpleApplication@302df7a4
reloadAllAccessors: .LazyPubSub3

===========================================================================================
----------------- testing Fri Oct 11 05:59:54 UTC 2019 /home/travis/build/icyphy/ptII/ptolemy/actor/lib/test/auto/LazySubClassModel.xml
----------------- Instantiating /home/travis/build/icyphy/ptII/ptolemy/actor/lib/test/auto/LazySubClassModel.xml
2 ms. Memory: 464896K Free: 407498K (88%)
----------------- Invoking toplevel() on ptolemy.moml.MoMLSimpleApplication@6e40c5b8
----------------- Done invoking toplevel() on ptolemy.moml.MoMLSimpleApplication@6e40c5b8
reloadAllAccessors: .LazySubClassModel

===========================================================================================
----------------- testing Fri Oct 11 05:59:54 UTC 2019 /home/travis/build/icyphy/ptII/ptolemy/actor/lib/test/auto/LevelCrossTest1.xml
----------------- Instantiating /home/travis/build/icyphy/ptII/ptolemy/actor/lib/test/auto/LevelCrossTest1.xml
2 ms. Memory: 464896K Free: 401868K (86%)
----------------- Invoking toplevel() on ptolemy.moml.MoMLSimpleApplication@56762a62
----------------- Done invoking toplevel() on ptolemy.moml.MoMLSimpleApplication@56762a62
reloadAllAccessors: .broken

===========================================================================================
----------------- testing Fri Oct 11 05:59:55 UTC 2019 /home/travis/build/icyphy/ptII/ptolemy/actor/lib/test/auto/LevelCrossTest10.xml
----------------- Instantiating /home/travis/build/icyphy/ptII/ptolemy/actor/lib/test/auto/LevelCrossTest10.xml
1 ms. Memory: 464896K Free: 394186K (85%)
----------------- Invoking toplevel() on ptolemy.moml.MoMLSimpleApplication@7bf559f8
----------------- Done invoking toplevel() on ptolemy.moml.MoMLSimpleApplication@7bf559f8
reloadAllAccessors: .LevelCrossTest10

===========================================================================================
----------------- testing Fri Oct 11 05:59:55 UTC 2019 /home/travis/build/icyphy/ptII/ptolemy/actor/lib/test/auto/LevelCrossTest11.xml
----------------- Instantiating /home/travis/build/icyphy/ptII/ptolemy/actor/lib/test/auto/LevelCrossTest11.xml
1 ms. Memory: 464896K Free: 387532K (83%)
----------------- Invoking toplevel() on ptolemy.moml.MoMLSimpleApplication@4eb06f4b
----------------- Done invoking toplevel() on ptolemy.moml.MoMLSimpleApplication@4eb06f4b
reloadAllAccessors: .LevelCrossTest11

===========================================================================================
----------------- testing Fri Oct 11 05:59:55 UTC 2019 /home/travis/build/icyphy/ptII/ptolemy/actor/lib/test/auto/LevelCrossTest12.xml
----------------- Instantiating /home/travis/build/icyphy/ptII/ptolemy/actor/lib/test/auto/LevelCrossTest12.xml
1 ms. Memory: 464896K Free: 380874K (82%)
----------------- Invoking toplevel() on ptolemy.moml.MoMLSimpleApplication@236dc777
----------------- Done invoking toplevel() on ptolemy.moml.MoMLSimpleApplication@236dc777
reloadAllAccessors: .LevelCrossTest12

===========================================================================================
----------------- testing Fri Oct 11 05:59:55 UTC 2019 /home/travis/build/icyphy/ptII/ptolemy/actor/lib/test/auto/LevelCrossTest13.xml
----------------- Instantiating /home/travis/build/icyphy/ptII/ptolemy/actor/lib/test/auto/LevelCrossTest13.xml
4 ms. Memory: 464896K Free: 373196K (80%)
----------------- Invoking toplevel() on ptolemy.moml.MoMLSimpleApplication@573d3746
----------------- Done invoking toplevel() on ptolemy.moml.MoMLSimpleApplication@573d3746
reloadAllAccessors: .LevelCrossTest13

===========================================================================================
----------------- testing Fri Oct 11 05:59:55 UTC 2019 /home/travis/build/icyphy/ptII/ptolemy/actor/lib/test/auto/LevelCrossTest2.xml
----------------- Instantiating /home/travis/build/icyphy/ptII/ptolemy/actor/lib/test/auto/LevelCrossTest2.xml
1 ms. Memory: 464896K Free: 367562K (79%)
----------------- Invoking toplevel() on ptolemy.moml.MoMLSimpleApplication@25458e20
----------------- Done invoking toplevel() on ptolemy.moml.MoMLSimpleApplication@25458e20
reloadAllAccessors: .broken

===========================================================================================
----------------- testing Fri Oct 11 05:59:55 UTC 2019 /home/travis/build/icyphy/ptII/ptolemy/actor/lib/test/auto/LevelCrossTest3.xml
----------------- Instantiating /home/travis/build/icyphy/ptII/ptolemy/actor/lib/test/auto/LevelCrossTest3.xml
1 ms. Memory: 464896K Free: 361418K (78%)
----------------- Invoking toplevel() on ptolemy.moml.MoMLSimpleApplication@40d31e6
----------------- Done invoking toplevel() on ptolemy.moml.MoMLSimpleApplication@40d31e6
reloadAllAccessors: .LevelCrossTest3

===========================================================================================
----------------- testing Fri Oct 11 05:59:55 UTC 2019 /home/travis/build/icyphy/ptII/ptolemy/actor/lib/test/auto/LevelCrossTest4.xml
----------------- Instantiating /home/travis/build/icyphy/ptII/ptolemy/actor/lib/test/auto/LevelCrossTest4.xml
1 ms. Memory: 464896K Free: 356298K (77%)
----------------- Invoking toplevel() on ptolemy.moml.MoMLSimpleApplication@c4f838
----------------- Done invoking toplevel() on ptolemy.moml.MoMLSimpleApplication@c4f838
reloadAllAccessors: .broken

===========================================================================================
----------------- testing Fri Oct 11 05:59:55 UTC 2019 /home/travis/build/icyphy/ptII/ptolemy/actor/lib/test/auto/LevelCrossTest5.xml
----------------- Instantiating /home/travis/build/icyphy/ptII/ptolemy/actor/lib/test/auto/LevelCrossTest5.xml
1 ms. Memory: 464896K Free: 349130K (75%)
----------------- Invoking toplevel() on ptolemy.moml.MoMLSimpleApplication@6dcebc92
----------------- Done invoking toplevel() on ptolemy.moml.MoMLSimpleApplication@6dcebc92
reloadAllAccessors: .LevelCrossTest5

===========================================================================================
----------------- testing Fri Oct 11 05:59:55 UTC 2019 /home/travis/build/icyphy/ptII/ptolemy/actor/lib/test/auto/LevelCrossTest6.xml
----------------- Instantiating /home/travis/build/icyphy/ptII/ptolemy/actor/lib/test/auto/LevelCrossTest6.xml
1 ms. Memory: 464896K Free: 342476K (74%)
----------------- Invoking toplevel() on ptolemy.moml.MoMLSimpleApplication@3ead6f44
----------------- Done invoking toplevel() on ptolemy.moml.MoMLSimpleApplication@3ead6f44
reloadAllAccessors: .LevelCrossTest6

===========================================================================================
----------------- testing Fri Oct 11 05:59:55 UTC 2019 /home/travis/build/icyphy/ptII/ptolemy/actor/lib/test/auto/LevelCrossTest7.xml
----------------- Instantiating /home/travis/build/icyphy/ptII/ptolemy/actor/lib/test/auto/LevelCrossTest7.xml
11 ms. Memory: 464896K Free: 334794K (72%)
----------------- Invoking toplevel() on ptolemy.moml.MoMLSimpleApplication@42a81905
----------------- Done invoking toplevel() on ptolemy.moml.MoMLSimpleApplication@42a81905
reloadAllAccessors: .LevelCrossTest7

===========================================================================================
----------------- testing Fri Oct 11 05:59:55 UTC 2019 /home/travis/build/icyphy/ptII/ptolemy/actor/lib/test/auto/LevelCrossTest8.xml
----------------- Instantiating /home/travis/build/icyphy/ptII/ptolemy/actor/lib/test/auto/LevelCrossTest8.xml
1 ms. Memory: 464896K Free: 327116K (70%)
----------------- Invoking toplevel() on ptolemy.moml.MoMLSimpleApplication@13a2d5a5
----------------- Done invoking toplevel() on ptolemy.moml.MoMLSimpleApplication@13a2d5a5
reloadAllAccessors: .LevelCrossTest8

===========================================================================================
----------------- testing Fri Oct 11 05:59:55 UTC 2019 /home/travis/build/icyphy/ptII/ptolemy/actor/lib/test/auto/LevelCrossTest9.xml
----------------- Instantiating /home/travis/build/icyphy/ptII/ptolemy/actor/lib/test/auto/LevelCrossTest9.xml
2 ms. Memory: 464896K Free: 319434K (69%)
----------------- Invoking toplevel() on ptolemy.moml.MoMLSimpleApplication@3942e823
----------------- Done invoking toplevel() on ptolemy.moml.MoMLSimpleApplication@3942e823
reloadAllAccessors: .LevelCrossTest9

===========================================================================================
----------------- testing Fri Oct 11 05:59:55 UTC 2019 /home/travis/build/icyphy/ptII/ptolemy/actor/lib/test/auto/LevinsonDurbin.xml
----------------- Instantiating /home/travis/build/icyphy/ptII/ptolemy/actor/lib/test/auto/LevinsonDurbin.xml
1 ms. Memory: 464896K Free: 315338K (68%)
----------------- Invoking toplevel() on ptolemy.moml.MoMLSimpleApplication@31ef6821
----------------- Done invoking toplevel() on ptolemy.moml.MoMLSimpleApplication@31ef6821
reloadAllAccessors: .LevinsonDurbin

===========================================================================================
----------------- testing Fri Oct 11 05:59:55 UTC 2019 /home/travis/build/icyphy/ptII/ptolemy/actor/lib/test/auto/LevinsonDurbin2.xml
----------------- Instantiating /home/travis/build/icyphy/ptII/ptolemy/actor/lib/test/auto/LevinsonDurbin2.xml
4 ms. Memory: 464896K Free: 311242K (67%)
----------------- Invoking toplevel() on ptolemy.moml.MoMLSimpleApplication@7486f876
----------------- Done invoking toplevel() on ptolemy.moml.MoMLSimpleApplication@7486f876
reloadAllAccessors: .LevinsonDurbin2

===========================================================================================
----------------- testing Fri Oct 11 05:59:55 UTC 2019 /home/travis/build/icyphy/ptII/ptolemy/actor/lib/test/auto/LevinsonDurbin3.xml
----------------- Instantiating /home/travis/build/icyphy/ptII/ptolemy/actor/lib/test/auto/LevinsonDurbin3.xml
3 ms. Memory: 464896K Free: 307146K (66%)
----------------- Invoking toplevel() on ptolemy.moml.MoMLSimpleApplication@6fc356a9
----------------- Done invoking toplevel() on ptolemy.moml.MoMLSimpleApplication@6fc356a9
reloadAllAccessors: .LevinsonDurbin3

===========================================================================================
----------------- testing Fri Oct 11 05:59:55 UTC 2019 /home/travis/build/icyphy/ptII/ptolemy/actor/lib/test/auto/Limiter.xml
----------------- Instantiating /home/travis/build/icyphy/ptII/ptolemy/actor/lib/test/auto/Limiter.xml
6 ms. Memory: 464896K Free: 297930K (64%)
----------------- Invoking toplevel() on ptolemy.moml.MoMLSimpleApplication@5615cc33
----------------- Done invoking toplevel() on ptolemy.moml.MoMLSimpleApplication@5615cc33
reloadAllAccessors: .Limiter

===========================================================================================
----------------- testing Fri Oct 11 05:59:55 UTC 2019 /home/travis/build/icyphy/ptII/ptolemy/actor/lib/test/auto/LinearDifferenceEquationSystem.xml
----------------- Instantiating /home/travis/build/icyphy/ptII/ptolemy/actor/lib/test/auto/LinearDifferenceEquationSystem.xml
4 ms. Memory: 464896K Free: 290252K (62%)
----------------- Invoking toplevel() on ptolemy.moml.MoMLSimpleApplication@6a45c029
----------------- Done invoking toplevel() on ptolemy.moml.MoMLSimpleApplication@6a45c029
reloadAllAccessors: .LinearDifferenceEquationSystem

===========================================================================================
----------------- testing Fri Oct 11 05:59:55 UTC 2019 /home/travis/build/icyphy/ptII/ptolemy/actor/lib/test/auto/LookupTable.xml
----------------- Instantiating /home/travis/build/icyphy/ptII/ptolemy/actor/lib/test/auto/LookupTable.xml
8 ms. Memory: 464896K Free: 285642K (61%)
----------------- Invoking toplevel() on ptolemy.moml.MoMLSimpleApplication@7d20080f
----------------- Done invoking toplevel() on ptolemy.moml.MoMLSimpleApplication@7d20080f
reloadAllAccessors: .LookupTable

===========================================================================================
----------------- testing Fri Oct 11 05:59:55 UTC 2019 /home/travis/build/icyphy/ptII/ptolemy/actor/lib/test/auto/MathFunction.xml
----------------- Instantiating /home/travis/build/icyphy/ptII/ptolemy/actor/lib/test/auto/MathFunction.xml
2 ms. Memory: 464896K Free: 277450K (60%)
----------------- Invoking toplevel() on ptolemy.moml.MoMLSimpleApplication@4420493
----------------- Done invoking toplevel() on ptolemy.moml.MoMLSimpleApplication@4420493
reloadAllAccessors: .MathFunction

===========================================================================================
----------------- testing Fri Oct 11 05:59:55 UTC 2019 /home/travis/build/icyphy/ptII/ptolemy/actor/lib/test/auto/MathFunction2.xml
----------------- Instantiating /home/travis/build/icyphy/ptII/ptolemy/actor/lib/test/auto/MathFunction2.xml
5 ms. Memory: 464896K Free: 273354K (59%)
----------------- Invoking toplevel() on ptolemy.moml.MoMLSimpleApplication@46598acc
----------------- Done invoking toplevel() on ptolemy.moml.MoMLSimpleApplication@46598acc
reloadAllAccessors: .MathFunction2

===========================================================================================
----------------- testing Fri Oct 11 05:59:55 UTC 2019 /home/travis/build/icyphy/ptII/ptolemy/actor/lib/test/auto/MathFunction3.xml
----------------- Instantiating /home/travis/build/icyphy/ptII/ptolemy/actor/lib/test/auto/MathFunction3.xml
3 ms. Memory: 464896K Free: 266700K (57%)
----------------- Invoking toplevel() on ptolemy.moml.MoMLSimpleApplication@6a3e480f
----------------- Done invoking toplevel() on ptolemy.moml.MoMLSimpleApplication@6a3e480f
reloadAllAccessors: .MathFunction3

===========================================================================================
----------------- testing Fri Oct 11 05:59:55 UTC 2019 /home/travis/build/icyphy/ptII/ptolemy/actor/lib/test/auto/MatrixCropBoolean.xml
----------------- Instantiating /home/travis/build/icyphy/ptII/ptolemy/actor/lib/test/auto/MatrixCropBoolean.xml
2 ms. Memory: 464896K Free: 262090K (56%)
----------------- Invoking toplevel() on ptolemy.moml.MoMLSimpleApplication@3d2fcc55
----------------- Done invoking toplevel() on ptolemy.moml.MoMLSimpleApplication@3d2fcc55
reloadAllAccessors: .MatrixCropBoolean

===========================================================================================
----------------- testing Fri Oct 11 05:59:55 UTC 2019 /home/travis/build/icyphy/ptII/ptolemy/actor/lib/test/auto/MatrixCropComplex.xml
----------------- Instantiating /home/travis/build/icyphy/ptII/ptolemy/actor/lib/test/auto/MatrixCropComplex.xml
1 ms. Memory: 464896K Free: 256970K (55%)
----------------- Invoking toplevel() on ptolemy.moml.MoMLSimpleApplication@10c02ddc
----------------- Done invoking toplevel() on ptolemy.moml.MoMLSimpleApplication@10c02ddc
reloadAllAccessors: .MatrixCropComplex

===========================================================================================
----------------- testing Fri Oct 11 05:59:55 UTC 2019 /home/travis/build/icyphy/ptII/ptolemy/actor/lib/test/auto/MatrixCropDouble.xml
----------------- Instantiating /home/travis/build/icyphy/ptII/ptolemy/actor/lib/test/auto/MatrixCropDouble.xml
2 ms. Memory: 464896K Free: 251820K (54%)
----------------- Invoking toplevel() on ptolemy.moml.MoMLSimpleApplication@453148c0
----------------- Done invoking toplevel() on ptolemy.moml.MoMLSimpleApplication@453148c0
reloadAllAccessors: .MatrixCropDouble

===========================================================================================
----------------- testing Fri Oct 11 05:59:55 UTC 2019 /home/travis/build/icyphy/ptII/ptolemy/actor/lib/test/auto/MatrixCropFix.xml
----------------- Instantiating /home/travis/build/icyphy/ptII/ptolemy/actor/lib/test/auto/MatrixCropFix.xml
1 ms. Memory: 464896K Free: 246724K (53%)
----------------- Invoking toplevel() on ptolemy.moml.MoMLSimpleApplication@115ffa57
----------------- Done invoking toplevel() on ptolemy.moml.MoMLSimpleApplication@115ffa57
reloadAllAccessors: .MatrixCropFix

===========================================================================================
----------------- testing Fri Oct 11 05:59:55 UTC 2019 /home/travis/build/icyphy/ptII/ptolemy/actor/lib/test/auto/MatrixCropInt.xml
----------------- Instantiating /home/travis/build/icyphy/ptII/ptolemy/actor/lib/test/auto/MatrixCropInt.xml
1 ms. Memory: 464896K Free: 241580K (52%)
----------------- Invoking toplevel() on ptolemy.moml.MoMLSimpleApplication@7293d7f4
----------------- Done invoking toplevel() on ptolemy.moml.MoMLSimpleApplication@7293d7f4
reloadAllAccessors: .MatrixCropInt

===========================================================================================
----------------- testing Fri Oct 11 05:59:55 UTC 2019 /home/travis/build/icyphy/ptII/ptolemy/actor/lib/test/auto/MatrixCropLong.xml
----------------- Instantiating /home/travis/build/icyphy/ptII/ptolemy/actor/lib/test/auto/MatrixCropLong.xml
3 ms. Memory: 464896K Free: 236460K (51%)
----------------- Invoking toplevel() on ptolemy.moml.MoMLSimpleApplication@d910119
----------------- Done invoking toplevel() on ptolemy.moml.MoMLSimpleApplication@d910119
reloadAllAccessors: .MatrixCropLong

===========================================================================================
----------------- testing Fri Oct 11 05:59:55 UTC 2019 /home/travis/build/icyphy/ptII/ptolemy/actor/lib/test/auto/MatrixToArray.xml
----------------- Instantiating /home/travis/build/icyphy/ptII/ptolemy/actor/lib/test/auto/MatrixToArray.xml
13 ms. Memory: 464896K Free: 221130K (48%)
----------------- Invoking toplevel() on ptolemy.moml.MoMLSimpleApplication@24dc2265
----------------- Done invoking toplevel() on ptolemy.moml.MoMLSimpleApplication@24dc2265
reloadAllAccessors: .MatrixToArray

===========================================================================================
----------------- testing Fri Oct 11 05:59:55 UTC 2019 /home/travis/build/icyphy/ptII/ptolemy/actor/lib/test/auto/MaxIndex.xml
----------------- Instantiating /home/travis/build/icyphy/ptII/ptolemy/actor/lib/test/auto/MaxIndex.xml
2 ms. Memory: 464896K Free: 216010K (46%)
----------------- Invoking toplevel() on ptolemy.moml.MoMLSimpleApplication@3465e817
----------------- Done invoking toplevel() on ptolemy.moml.MoMLSimpleApplication@3465e817
reloadAllAccessors: .MaxIndex

===========================================================================================
----------------- testing Fri Oct 11 05:59:55 UTC 2019 /home/travis/build/icyphy/ptII/ptolemy/actor/lib/test/auto/Maximum.xml
----------------- Instantiating /home/travis/build/icyphy/ptII/ptolemy/actor/lib/test/auto/Maximum.xml
3 ms. Memory: 464896K Free: 209356K (45%)
----------------- Invoking toplevel() on ptolemy.moml.MoMLSimpleApplication@5adea0a7
----------------- Done invoking toplevel() on ptolemy.moml.MoMLSimpleApplication@5adea0a7
reloadAllAccessors: .Maximum

===========================================================================================
----------------- testing Fri Oct 11 05:59:55 UTC 2019 /home/travis/build/icyphy/ptII/ptolemy/actor/lib/test/auto/MaximumComplex.xml
----------------- Instantiating /home/travis/build/icyphy/ptII/ptolemy/actor/lib/test/auto/MaximumComplex.xml
4 ms. Memory: 464896K Free: 203212K (44%)
----------------- Invoking toplevel() on ptolemy.moml.MoMLSimpleApplication@3303bcac
----------------- Done invoking toplevel() on ptolemy.moml.MoMLSimpleApplication@3303bcac
reloadAllAccessors: .MaximumComplex

===========================================================================================
----------------- testing Fri Oct 11 05:59:55 UTC 2019 /home/travis/build/icyphy/ptII/ptolemy/actor/lib/test/auto/MethodCallTest.xml
----------------- Instantiating /home/travis/build/icyphy/ptII/ptolemy/actor/lib/test/auto/MethodCallTest.xml
7 ms. Memory: 464896K Free: 196554K (42%)
----------------- Invoking toplevel() on ptolemy.moml.MoMLSimpleApplication@3f021e54
----------------- Done invoking toplevel() on ptolemy.moml.MoMLSimpleApplication@3f021e54
reloadAllAccessors: .MethodCallTest

===========================================================================================
----------------- testing Fri Oct 11 05:59:55 UTC 2019 /home/travis/build/icyphy/ptII/ptolemy/actor/lib/test/auto/Minimum.xml
----------------- Instantiating /home/travis/build/icyphy/ptII/ptolemy/actor/lib/test/auto/Minimum.xml
3 ms. Memory: 464896K Free: 189900K (41%)
----------------- Invoking toplevel() on ptolemy.moml.MoMLSimpleApplication@421b8a79
----------------- Done invoking toplevel() on ptolemy.moml.MoMLSimpleApplication@421b8a79
reloadAllAccessors: .Minimum

===========================================================================================
----------------- testing Fri Oct 11 05:59:55 UTC 2019 /home/travis/build/icyphy/ptII/ptolemy/actor/lib/test/auto/MinimumComplex.xml
----------------- Instantiating /home/travis/build/icyphy/ptII/ptolemy/actor/lib/test/auto/MinimumComplex.xml
3 ms. Memory: 464896K Free: 183756K (40%)
----------------- Invoking toplevel() on ptolemy.moml.MoMLSimpleApplication@2bafa72c
----------------- Done invoking toplevel() on ptolemy.moml.MoMLSimpleApplication@2bafa72c
reloadAllAccessors: .MinimumComplex

===========================================================================================
----------------- testing Fri Oct 11 05:59:55 UTC 2019 /home/travis/build/icyphy/ptII/ptolemy/actor/lib/test/auto/MinimumMultiports.xml
----------------- Instantiating /home/travis/build/icyphy/ptII/ptolemy/actor/lib/test/auto/MinimumMultiports.xml
4 ms. Memory: 464896K Free: 175036K (38%)
----------------- Invoking toplevel() on ptolemy.moml.MoMLSimpleApplication@42c83116
----------------- Done invoking toplevel() on ptolemy.moml.MoMLSimpleApplication@42c83116
reloadAllAccessors: .MinimumMultiports

===========================================================================================
----------------- testing Fri Oct 11 05:59:55 UTC 2019 /home/travis/build/icyphy/ptII/ptolemy/actor/lib/test/auto/ModifyDate.xml
----------------- Instantiating /home/travis/build/icyphy/ptII/ptolemy/actor/lib/test/auto/ModifyDate.xml
6 ms. Memory: 464896K Free: 162252K (35%)
----------------- Invoking toplevel() on ptolemy.moml.MoMLSimpleApplication@229f231a
----------------- Done invoking toplevel() on ptolemy.moml.MoMLSimpleApplication@229f231a
reloadAllAccessors: .ModifyDate

===========================================================================================
----------------- testing Fri Oct 11 05:59:55 UTC 2019 /home/travis/build/icyphy/ptII/ptolemy/actor/lib/test/auto/ModifyDate2.xml
----------------- Instantiating /home/travis/build/icyphy/ptII/ptolemy/actor/lib/test/auto/ModifyDate2.xml
6 ms. Memory: 464896K Free: 153036K (33%)
----------------- Invoking toplevel() on ptolemy.moml.MoMLSimpleApplication@1710b9eb
----------------- Done invoking toplevel() on ptolemy.moml.MoMLSimpleApplication@1710b9eb
reloadAllAccessors: .ModifyDate2

===========================================================================================
----------------- testing Fri Oct 11 05:59:55 UTC 2019 /home/travis/build/icyphy/ptII/ptolemy/actor/lib/test/auto/MovingAverage.xml
----------------- Instantiating /home/travis/build/icyphy/ptII/ptolemy/actor/lib/test/auto/MovingAverage.xml
2 ms. Memory: 464896K Free: 147916K (32%)
----------------- Invoking toplevel() on ptolemy.moml.MoMLSimpleApplication@225d84d2
----------------- Done invoking toplevel() on ptolemy.moml.MoMLSimpleApplication@225d84d2
reloadAllAccessors: .MovingAverage

===========================================================================================
----------------- testing Fri Oct 11 05:59:55 UTC 2019 /home/travis/build/icyphy/ptII/ptolemy/actor/lib/test/auto/MovingMaximum.xml
----------------- Instantiating /home/travis/build/icyphy/ptII/ptolemy/actor/lib/test/auto/MovingMaximum.xml
1 ms. Memory: 464896K Free: 143306K (31%)
----------------- Invoking toplevel() on ptolemy.moml.MoMLSimpleApplication@4a633b40
----------------- Done invoking toplevel() on ptolemy.moml.MoMLSimpleApplication@4a633b40
reloadAllAccessors: .MovingMaximum

===========================================================================================
----------------- testing Fri Oct 11 05:59:55 UTC 2019 /home/travis/build/icyphy/ptII/ptolemy/actor/lib/test/auto/MultipleLinksToSameRelation.xml
----------------- Instantiating /home/travis/build/icyphy/ptII/ptolemy/actor/lib/test/auto/MultipleLinksToSameRelation.xml
2 ms. Memory: 464896K Free: 413926K (89%)
----------------- Invoking toplevel() on ptolemy.moml.MoMLSimpleApplication@253f5d82
----------------- Done invoking toplevel() on ptolemy.moml.MoMLSimpleApplication@253f5d82
reloadAllAccessors: .MultipleLinksToSameRelation

===========================================================================================
----------------- testing Fri Oct 11 05:59:55 UTC 2019 /home/travis/build/icyphy/ptII/ptolemy/actor/lib/test/auto/MultipleLinksToSameRelationDE.xml
----------------- Instantiating /home/travis/build/icyphy/ptII/ptolemy/actor/lib/test/auto/MultipleLinksToSameRelationDE.xml
2 ms. Memory: 464896K Free: 408792K (88%)
----------------- Invoking toplevel() on ptolemy.moml.MoMLSimpleApplication@22608f7f
----------------- Done invoking toplevel() on ptolemy.moml.MoMLSimpleApplication@22608f7f
reloadAllAccessors: .MultipleLinksToSameRelationDE

===========================================================================================
----------------- testing Fri Oct 11 05:59:55 UTC 2019 /home/travis/build/icyphy/ptII/ptolemy/actor/lib/test/auto/Multiplexor.xml
----------------- Instantiating /home/travis/build/icyphy/ptII/ptolemy/actor/lib/test/auto/Multiplexor.xml
2 ms. Memory: 464896K Free: 403176K (87%)
----------------- Invoking toplevel() on ptolemy.moml.MoMLSimpleApplication@124504dc
----------------- Done invoking toplevel() on ptolemy.moml.MoMLSimpleApplication@124504dc
reloadAllAccessors: .Multiplexor

===========================================================================================
----------------- testing Fri Oct 11 05:59:55 UTC 2019 /home/travis/build/icyphy/ptII/ptolemy/actor/lib/test/auto/Multiplexor1.xml
----------------- Instantiating /home/travis/build/icyphy/ptII/ptolemy/actor/lib/test/auto/Multiplexor1.xml
2 ms. Memory: 464896K Free: 397032K (85%)
----------------- Invoking toplevel() on ptolemy.moml.MoMLSimpleApplication@69b13c36
----------------- Done invoking toplevel() on ptolemy.moml.MoMLSimpleApplication@69b13c36
reloadAllAccessors: .Multiplexor1

===========================================================================================
----------------- testing Fri Oct 11 05:59:55 UTC 2019 /home/travis/build/icyphy/ptII/ptolemy/actor/lib/test/auto/Multiplexor2.xml
----------------- Instantiating /home/travis/build/icyphy/ptII/ptolemy/actor/lib/test/auto/Multiplexor2.xml
5 ms. Memory: 464896K Free: 390371K (84%)
----------------- Invoking toplevel() on ptolemy.moml.MoMLSimpleApplication@1899f06d
----------------- Done invoking toplevel() on ptolemy.moml.MoMLSimpleApplication@1899f06d
reloadAllAccessors: .Multiplexor2

===========================================================================================
----------------- testing Fri Oct 11 05:59:55 UTC 2019 /home/travis/build/icyphy/ptII/ptolemy/actor/lib/test/auto/Multiplexor3.xml
----------------- Instantiating /home/travis/build/icyphy/ptII/ptolemy/actor/lib/test/auto/Multiplexor3.xml
3 ms. Memory: 464896K Free: 386278K (83%)
----------------- Invoking toplevel() on ptolemy.moml.MoMLSimpleApplication@556a9d4d
----------------- Done invoking toplevel() on ptolemy.moml.MoMLSimpleApplication@556a9d4d
reloadAllAccessors: .Multiplexor3

===========================================================================================
----------------- testing Fri Oct 11 05:59:55 UTC 2019 /home/travis/build/icyphy/ptII/ptolemy/actor/lib/test/auto/MultiplexorDE.xml
----------------- Instantiating /home/travis/build/icyphy/ptII/ptolemy/actor/lib/test/auto/MultiplexorDE.xml
3 ms. Memory: 464896K Free: 378600K (81%)
----------------- Invoking toplevel() on ptolemy.moml.MoMLSimpleApplication@873434d
----------------- Done invoking toplevel() on ptolemy.moml.MoMLSimpleApplication@873434d
reloadAllAccessors: .MultiplexorDE

===========================================================================================
----------------- testing Fri Oct 11 05:59:55 UTC 2019 /home/travis/build/icyphy/ptII/ptolemy/actor/lib/test/auto/MultiportBroadcastTest.xml
----------------- Instantiating /home/travis/build/icyphy/ptII/ptolemy/actor/lib/test/auto/MultiportBroadcastTest.xml
81 ms. Memory: 464896K Free: 372456K (80%)
----------------- Invoking toplevel() on ptolemy.moml.MoMLSimpleApplication@aa85401
----------------- Done invoking toplevel() on ptolemy.moml.MoMLSimpleApplication@aa85401
reloadAllAccessors: .MultiportBroadcastTest

===========================================================================================
----------------- testing Fri Oct 11 05:59:56 UTC 2019 /home/travis/build/icyphy/ptII/ptolemy/actor/lib/test/auto/MultiportOutHangDuringGetWidth.xml
----------------- Instantiating /home/travis/build/icyphy/ptII/ptolemy/actor/lib/test/auto/MultiportOutHangDuringGetWidth.xml
4 ms. Memory: 464896K Free: 360168K (77%)
----------------- Invoking toplevel() on ptolemy.moml.MoMLSimpleApplication@2fb6f822
----------------- Done invoking toplevel() on ptolemy.moml.MoMLSimpleApplication@2fb6f822
reloadAllAccessors: .MultiportOutHangDuringGetWidth

===========================================================================================
----------------- testing Fri Oct 11 05:59:56 UTC 2019 /home/travis/build/icyphy/ptII/ptolemy/actor/lib/test/auto/NilToken.xml
----------------- Instantiating /home/travis/build/icyphy/ptII/ptolemy/actor/lib/test/auto/NilToken.xml
2 ms. Memory: 464896K Free: 356072K (77%)
----------------- Invoking toplevel() on ptolemy.moml.MoMLSimpleApplication@95eeb49
----------------- Done invoking toplevel() on ptolemy.moml.MoMLSimpleApplication@95eeb49
reloadAllAccessors: .NilToken

===========================================================================================
----------------- testing Fri Oct 11 05:59:56 UTC 2019 /home/travis/build/icyphy/ptII/ptolemy/actor/lib/test/auto/NilTokenNonStrictTest.xml
----------------- Instantiating /home/travis/build/icyphy/ptII/ptolemy/actor/lib/test/auto/NilTokenNonStrictTest.xml
1 ms. Memory: 464896K Free: 351462K (76%)
----------------- Invoking toplevel() on ptolemy.moml.MoMLSimpleApplication@5aa8702
----------------- Done invoking toplevel() on ptolemy.moml.MoMLSimpleApplication@5aa8702
reloadAllAccessors: .NilTokenNonStrictTest

===========================================================================================
----------------- testing Fri Oct 11 05:59:56 UTC 2019 /home/travis/build/icyphy/ptII/ptolemy/actor/lib/test/auto/NilTokenRecord.xml
----------------- Instantiating /home/travis/build/icyphy/ptII/ptolemy/actor/lib/test/auto/NilTokenRecord.xml
9 ms. Memory: 464896K Free: 344808K (74%)
----------------- Invoking toplevel() on ptolemy.moml.MoMLSimpleApplication@19ad4a08
----------------- Done invoking toplevel() on ptolemy.moml.MoMLSimpleApplication@19ad4a08
reloadAllAccessors: .NilTokenRecord

===========================================================================================
----------------- testing Fri Oct 11 05:59:56 UTC 2019 /home/travis/build/icyphy/ptII/ptolemy/actor/lib/test/auto/NilTokenTypeTest.xml
----------------- Instantiating /home/travis/build/icyphy/ptII/ptolemy/actor/lib/test/auto/NilTokenTypeTest.xml
5 ms. Memory: 464896K Free: 335078K (72%)
----------------- Invoking toplevel() on ptolemy.moml.MoMLSimpleApplication@62232361
----------------- Done invoking toplevel() on ptolemy.moml.MoMLSimpleApplication@62232361
reloadAllAccessors: .NilTokenTypeTest

===========================================================================================
----------------- testing Fri Oct 11 05:59:56 UTC 2019 /home/travis/build/icyphy/ptII/ptolemy/actor/lib/test/auto/ObjectToken1.xml
----------------- Instantiating /home/travis/build/icyphy/ptII/ptolemy/actor/lib/test/auto/ObjectToken1.xml
3 ms. Memory: 464896K Free: 330982K (71%)
----------------- Invoking toplevel() on ptolemy.moml.MoMLSimpleApplication@222d72c8
----------------- Done invoking toplevel() on ptolemy.moml.MoMLSimpleApplication@222d72c8
reloadAllAccessors: .ObjectToken1

===========================================================================================
----------------- testing Fri Oct 11 05:59:56 UTC 2019 /home/travis/build/icyphy/ptII/ptolemy/actor/lib/test/auto/OrderedMerge.xml
----------------- Instantiating /home/travis/build/icyphy/ptII/ptolemy/actor/lib/test/auto/OrderedMerge.xml
10 ms. Memory: 464896K Free: 325352K (70%)
----------------- Invoking toplevel() on ptolemy.moml.MoMLSimpleApplication@3538b667
----------------- Done invoking toplevel() on ptolemy.moml.MoMLSimpleApplication@3538b667
reloadAllAccessors: .OrderedMerge

===========================================================================================
----------------- testing Fri Oct 11 05:59:56 UTC 2019 /home/travis/build/icyphy/ptII/ptolemy/actor/lib/test/auto/OrderedRecordDisassembler.xml
----------------- Instantiating /home/travis/build/icyphy/ptII/ptolemy/actor/lib/test/auto/OrderedRecordDisassembler.xml
2 ms. Memory: 464896K Free: 320232K (69%)
----------------- Invoking toplevel() on ptolemy.moml.MoMLSimpleApplication@46ffdde5
----------------- Done invoking toplevel() on ptolemy.moml.MoMLSimpleApplication@46ffdde5
reloadAllAccessors: .OrderedRecordDisassembler

===========================================================================================
----------------- testing Fri Oct 11 05:59:56 UTC 2019 /home/travis/build/icyphy/ptII/ptolemy/actor/lib/test/auto/OrderedRecordDisassembler2.xml
----------------- Instantiating /home/travis/build/icyphy/ptII/ptolemy/actor/lib/test/auto/OrderedRecordDisassembler2.xml
4 ms. Memory: 464896K Free: 312544K (67%)
----------------- Invoking toplevel() on ptolemy.moml.MoMLSimpleApplication@61f4459c
----------------- Done invoking toplevel() on ptolemy.moml.MoMLSimpleApplication@61f4459c
reloadAllAccessors: .OrderedRecordDisassembler2

===========================================================================================
----------------- testing Fri Oct 11 05:59:56 UTC 2019 /home/travis/build/icyphy/ptII/ptolemy/actor/lib/test/auto/OrderedRecordUpdater.xml
----------------- Instantiating /home/travis/build/icyphy/ptII/ptolemy/actor/lib/test/auto/OrderedRecordUpdater.xml
9 ms. Memory: 464896K Free: 307430K (66%)
----------------- Invoking toplevel() on ptolemy.moml.MoMLSimpleApplication@654e3a3d
----------------- Done invoking toplevel() on ptolemy.moml.MoMLSimpleApplication@654e3a3d
reloadAllAccessors: .RecordUpdater

===========================================================================================
----------------- testing Fri Oct 11 05:59:56 UTC 2019 /home/travis/build/icyphy/ptII/ptolemy/actor/lib/test/auto/OrderedRecordUpdater2.xml
----------------- Instantiating /home/travis/build/icyphy/ptII/ptolemy/actor/lib/test/auto/OrderedRecordUpdater2.xml
3 ms. Memory: 464896K Free: 302310K (65%)
----------------- Invoking toplevel() on ptolemy.moml.MoMLSimpleApplication@e887eb2
----------------- Done invoking toplevel() on ptolemy.moml.MoMLSimpleApplication@e887eb2
reloadAllAccessors: .RecordUpdater2

===========================================================================================
----------------- testing Fri Oct 11 05:59:56 UTC 2019 /home/travis/build/icyphy/ptII/ptolemy/actor/lib/test/auto/PhaseUnwrap.xml
----------------- Instantiating /home/travis/build/icyphy/ptII/ptolemy/actor/lib/test/auto/PhaseUnwrap.xml
1 ms. Memory: 464896K Free: 297704K (64%)
----------------- Invoking toplevel() on ptolemy.moml.MoMLSimpleApplication@68630cbb
----------------- Done invoking toplevel() on ptolemy.moml.MoMLSimpleApplication@68630cbb
reloadAllAccessors: .PhaseUnwrap

===========================================================================================
----------------- testing Fri Oct 11 05:59:56 UTC 2019 /home/travis/build/icyphy/ptII/ptolemy/actor/lib/test/auto/PoissonClock.xml
----------------- Instantiating /home/travis/build/icyphy/ptII/ptolemy/actor/lib/test/auto/PoissonClock.xml
2 ms. Memory: 464896K Free: 293608K (63%)
----------------- Invoking toplevel() on ptolemy.moml.MoMLSimpleApplication@68b8e7c1
----------------- Done invoking toplevel() on ptolemy.moml.MoMLSimpleApplication@68b8e7c1
reloadAllAccessors: .PoissonClock

===========================================================================================
----------------- testing Fri Oct 11 05:59:56 UTC 2019 /home/travis/build/icyphy/ptII/ptolemy/actor/lib/test/auto/PoissonClock2.xml
----------------- Instantiating /home/travis/build/icyphy/ptII/ptolemy/actor/lib/test/auto/PoissonClock2.xml
1 ms. Memory: 464896K Free: 288998K (62%)
----------------- Invoking toplevel() on ptolemy.moml.MoMLSimpleApplication@3ca5d179
----------------- Done invoking toplevel() on ptolemy.moml.MoMLSimpleApplication@3ca5d179
reloadAllAccessors: .PoissonClock2

===========================================================================================
----------------- testing Fri Oct 11 05:59:56 UTC 2019 /home/travis/build/icyphy/ptII/ptolemy/actor/lib/test/auto/PoissonClock3.xml
----------------- Instantiating /home/travis/build/icyphy/ptII/ptolemy/actor/lib/test/auto/PoissonClock3.xml
1 ms. Memory: 464896K Free: 284392K (61%)
----------------- Invoking toplevel() on ptolemy.moml.MoMLSimpleApplication@4093baab
----------------- Done invoking toplevel() on ptolemy.moml.MoMLSimpleApplication@4093baab
reloadAllAccessors: .PoissonClock3

===========================================================================================
----------------- testing Fri Oct 11 05:59:56 UTC 2019 /home/travis/build/icyphy/ptII/ptolemy/actor/lib/test/auto/PubSubWithInitialTokens.xml
----------------- Instantiating /home/travis/build/icyphy/ptII/ptolemy/actor/lib/test/auto/PubSubWithInitialTokens.xml
3 ms. Memory: 464896K Free: 278752K (60%)
----------------- Invoking toplevel() on ptolemy.moml.MoMLSimpleApplication@36514e14
----------------- Done invoking toplevel() on ptolemy.moml.MoMLSimpleApplication@36514e14
reloadAllAccessors: .PubSubWithInitialTokens

===========================================================================================
----------------- testing Fri Oct 11 05:59:56 UTC 2019 /home/travis/build/icyphy/ptII/ptolemy/actor/lib/test/auto/PubSubWithInitialTokens2.xml
----------------- Instantiating /home/travis/build/icyphy/ptII/ptolemy/actor/lib/test/auto/PubSubWithInitialTokens2.xml
3 ms. Memory: 464896K Free: 272600K (59%)
----------------- Invoking toplevel() on ptolemy.moml.MoMLSimpleApplication@31d4459a
----------------- Done invoking toplevel() on ptolemy.moml.MoMLSimpleApplication@31d4459a
reloadAllAccessors: .PubSubWithInitialTokens2

===========================================================================================
----------------- testing Fri Oct 11 05:59:56 UTC 2019 /home/travis/build/icyphy/ptII/ptolemy/actor/lib/test/auto/PublisherClassNoParameter.xml
----------------- Instantiating /home/travis/build/icyphy/ptII/ptolemy/actor/lib/test/auto/PublisherClassNoParameter.xml
2 ms. Memory: 464896K Free: 262374K (56%)
----------------- Invoking toplevel() on ptolemy.moml.MoMLSimpleApplication@4f11fc0d
----------------- Done invoking toplevel() on ptolemy.moml.MoMLSimpleApplication@4f11fc0d
reloadAllAccessors: .PublisherClassNoParameter

===========================================================================================
----------------- testing Fri Oct 11 05:59:56 UTC 2019 /home/travis/build/icyphy/ptII/ptolemy/actor/lib/test/auto/PublisherClassParameter.xml
----------------- Instantiating /home/travis/build/icyphy/ptII/ptolemy/actor/lib/test/auto/PublisherClassParameter.xml
2 ms. Memory: 464896K Free: 251624K (54%)
----------------- Invoking toplevel() on ptolemy.moml.MoMLSimpleApplication@4e0b4b85
----------------- Done invoking toplevel() on ptolemy.moml.MoMLSimpleApplication@4e0b4b85
reloadAllAccessors: .PublisherClassParameter

===========================================================================================
----------------- testing Fri Oct 11 05:59:56 UTC 2019 /home/travis/build/icyphy/ptII/ptolemy/actor/lib/test/auto/PublisherNonStrictTest.xml
----------------- Instantiating /home/travis/build/icyphy/ptII/ptolemy/actor/lib/test/auto/PublisherNonStrictTest.xml
3 ms. Memory: 464896K Free: 243936K (52%)
----------------- Invoking toplevel() on ptolemy.moml.MoMLSimpleApplication@78039ed3
----------------- Done invoking toplevel() on ptolemy.moml.MoMLSimpleApplication@78039ed3
reloadAllAccessors: .PublisherNonStrictTest

===========================================================================================
----------------- testing Fri Oct 11 05:59:56 UTC 2019 /home/travis/build/icyphy/ptII/ptolemy/actor/lib/test/auto/PublisherPort1.xml
----------------- Instantiating /home/travis/build/icyphy/ptII/ptolemy/actor/lib/test/auto/PublisherPort1.xml
9 ms. Memory: 464896K Free: 238312K (51%)
----------------- Invoking toplevel() on ptolemy.moml.MoMLSimpleApplication@765ddede
----------------- Done invoking toplevel() on ptolemy.moml.MoMLSimpleApplication@765ddede
reloadAllAccessors: .PublisherPort1

===========================================================================================
----------------- testing Fri Oct 11 05:59:56 UTC 2019 /home/travis/build/icyphy/ptII/ptolemy/actor/lib/test/auto/PublisherPort2.xml
----------------- Instantiating /home/travis/build/icyphy/ptII/ptolemy/actor/lib/test/auto/PublisherPort2.xml
2 ms. Memory: 464896K Free: 233192K (50%)
----------------- Invoking toplevel() on ptolemy.moml.MoMLSimpleApplication@306c424c
----------------- Done invoking toplevel() on ptolemy.moml.MoMLSimpleApplication@306c424c
reloadAllAccessors: .PublisherPort2

===========================================================================================
----------------- testing Fri Oct 11 05:59:56 UTC 2019 /home/travis/build/icyphy/ptII/ptolemy/actor/lib/test/auto/PublisherPort3.xml
----------------- Instantiating /home/travis/build/icyphy/ptII/ptolemy/actor/lib/test/auto/PublisherPort3.xml
3 ms. Memory: 464896K Free: 226504K (49%)
----------------- Invoking toplevel() on ptolemy.moml.MoMLSimpleApplication@28e77db2
----------------- Done invoking toplevel() on ptolemy.moml.MoMLSimpleApplication@28e77db2
reloadAllAccessors: .PublisherPort3

===========================================================================================
----------------- testing Fri Oct 11 05:59:56 UTC 2019 /home/travis/build/icyphy/ptII/ptolemy/actor/lib/test/auto/PublisherPort4.xml
----------------- Instantiating /home/travis/build/icyphy/ptII/ptolemy/actor/lib/test/auto/PublisherPort4.xml
2 ms. Memory: 464896K Free: 220904K (48%)
----------------- Invoking toplevel() on ptolemy.moml.MoMLSimpleApplication@651ce6c9
----------------- Done invoking toplevel() on ptolemy.moml.MoMLSimpleApplication@651ce6c9
reloadAllAccessors: .PublisherPort4

===========================================================================================
----------------- testing Fri Oct 11 05:59:56 UTC 2019 /home/travis/build/icyphy/ptII/ptolemy/actor/lib/test/auto/PublisherPort5.xml
----------------- Instantiating /home/travis/build/icyphy/ptII/ptolemy/actor/lib/test/auto/PublisherPort5.xml
3 ms. Memory: 464896K Free: 213222K (46%)
----------------- Invoking toplevel() on ptolemy.moml.MoMLSimpleApplication@750c930
----------------- Done invoking toplevel() on ptolemy.moml.MoMLSimpleApplication@750c930
reloadAllAccessors: .PublisherPort5

===========================================================================================
----------------- testing Fri Oct 11 05:59:56 UTC 2019 /home/travis/build/icyphy/ptII/ptolemy/actor/lib/test/auto/PublisherPort5LookAlike.xml
----------------- Instantiating /home/travis/build/icyphy/ptII/ptolemy/actor/lib/test/auto/PublisherPort5LookAlike.xml
8 ms. Memory: 464896K Free: 205544K (44%)
----------------- Invoking toplevel() on ptolemy.moml.MoMLSimpleApplication@7adb08b
----------------- Done invoking toplevel() on ptolemy.moml.MoMLSimpleApplication@7adb08b
reloadAllAccessors: .PublisherPort5LookAlike

===========================================================================================
----------------- testing Fri Oct 11 05:59:56 UTC 2019 /home/travis/build/icyphy/ptII/ptolemy/actor/lib/test/auto/PublisherPort6.xml
----------------- Instantiating /home/travis/build/icyphy/ptII/ptolemy/actor/lib/test/auto/PublisherPort6.xml
2 ms. Memory: 464896K Free: 198886K (43%)
----------------- Invoking toplevel() on ptolemy.moml.MoMLSimpleApplication@19561591
----------------- Done invoking toplevel() on ptolemy.moml.MoMLSimpleApplication@19561591
reloadAllAccessors: .PublisherPort6

===========================================================================================
----------------- testing Fri Oct 11 05:59:56 UTC 2019 /home/travis/build/icyphy/ptII/ptolemy/actor/lib/test/auto/PublisherPort7.xml
----------------- Instantiating /home/travis/build/icyphy/ptII/ptolemy/actor/lib/test/auto/PublisherPort7.xml
3 ms. Memory: 464896K Free: 191208K (41%)
----------------- Invoking toplevel() on ptolemy.moml.MoMLSimpleApplication@5c25ae7b
----------------- Done invoking toplevel() on ptolemy.moml.MoMLSimpleApplication@5c25ae7b
reloadAllAccessors: .PublisherPort7

===========================================================================================
----------------- testing Fri Oct 11 05:59:56 UTC 2019 /home/travis/build/icyphy/ptII/ptolemy/actor/lib/test/auto/PublisherPort8.xml
----------------- Instantiating /home/travis/build/icyphy/ptII/ptolemy/actor/lib/test/auto/PublisherPort8.xml
4 ms. Memory: 464896K Free: 182502K (39%)
----------------- Invoking toplevel() on ptolemy.moml.MoMLSimpleApplication@35726d58
----------------- Done invoking toplevel() on ptolemy.moml.MoMLSimpleApplication@35726d58
reloadAllAccessors: .PublisherPort8

===========================================================================================
----------------- testing Fri Oct 11 05:59:56 UTC 2019 /home/travis/build/icyphy/ptII/ptolemy/actor/lib/test/auto/PublisherPortSubscriberChannelVariablesAOC2.xml
----------------- Instantiating /home/travis/build/icyphy/ptII/ptolemy/actor/lib/test/auto/PublisherPortSubscriberChannelVariablesAOC2.xml
3 ms. Memory: 464896K Free: 165094K (36%)
----------------- Invoking toplevel() on ptolemy.moml.MoMLSimpleApplication@61b0893e
----------------- Done invoking toplevel() on ptolemy.moml.MoMLSimpleApplication@61b0893e
reloadAllAccessors: .PublisherPortSubscriberChannelVariablesAOC2

===========================================================================================
----------------- testing Fri Oct 11 05:59:56 UTC 2019 /home/travis/build/icyphy/ptII/ptolemy/actor/lib/test/auto/PublisherPortSubscriberOpaqueWidthInference.xml
----------------- Instantiating /home/travis/build/icyphy/ptII/ptolemy/actor/lib/test/auto/PublisherPortSubscriberOpaqueWidthInference.xml
4 ms. Memory: 464896K Free: 157416K (34%)
----------------- Invoking toplevel() on ptolemy.moml.MoMLSimpleApplication@155a37dc
----------------- Done invoking toplevel() on ptolemy.moml.MoMLSimpleApplication@155a37dc
reloadAllAccessors: .PublisherPortSubscriberOpaqueWidthInference

===========================================================================================
----------------- testing Fri Oct 11 05:59:56 UTC 2019 /home/travis/build/icyphy/ptII/ptolemy/actor/lib/test/auto/PublisherPortSubscriberPortAdjacent.xml
----------------- Instantiating /home/travis/build/icyphy/ptII/ptolemy/actor/lib/test/auto/PublisherPortSubscriberPortAdjacent.xml
1 ms. Memory: 464896K Free: 149224K (32%)
----------------- Invoking toplevel() on ptolemy.moml.MoMLSimpleApplication@571dca41
----------------- Done invoking toplevel() on ptolemy.moml.MoMLSimpleApplication@571dca41
reloadAllAccessors: .PublisherPortSubscriberPortAdjacent

===========================================================================================
----------------- testing Fri Oct 11 05:59:56 UTC 2019 /home/travis/build/icyphy/ptII/ptolemy/actor/lib/test/auto/PublisherPortSubscriberPortExpression.xml
----------------- Instantiating /home/travis/build/icyphy/ptII/ptolemy/actor/lib/test/auto/PublisherPortSubscriberPortExpression.xml
23 ms. Memory: 464896K Free: 415898K (89%)
----------------- Invoking toplevel() on ptolemy.moml.MoMLSimpleApplication@7ee87967
----------------- Done invoking toplevel() on ptolemy.moml.MoMLSimpleApplication@7ee87967
reloadAllAccessors: .PublisherPortSubscriberPortExpression

===========================================================================================
----------------- testing Fri Oct 11 05:59:56 UTC 2019 /home/travis/build/icyphy/ptII/ptolemy/actor/lib/test/auto/PublisherPortSubscriberPortOpaqueD3Reverse.xml
----------------- Instantiating /home/travis/build/icyphy/ptII/ptolemy/actor/lib/test/auto/PublisherPortSubscriberPortOpaqueD3Reverse.xml
6 ms. Memory: 464896K Free: 404925K (87%)
----------------- Invoking toplevel() on ptolemy.moml.MoMLSimpleApplication@37c30aef
----------------- Done invoking toplevel() on ptolemy.moml.MoMLSimpleApplication@37c30aef
reloadAllAccessors: .PublisherPortSubscriberPortOpaqueD3Reverse

===========================================================================================
----------------- testing Fri Oct 11 05:59:56 UTC 2019 /home/travis/build/icyphy/ptII/ptolemy/actor/lib/test/auto/PublisherPortSubscriberPortOpaqueWidthInference.xml
----------------- Instantiating /home/travis/build/icyphy/ptII/ptolemy/actor/lib/test/auto/PublisherPortSubscriberPortOpaqueWidthInference.xml
4 ms. Memory: 464896K Free: 397229K (85%)
----------------- Invoking toplevel() on ptolemy.moml.MoMLSimpleApplication@5fdb4f73
----------------- Done invoking toplevel() on ptolemy.moml.MoMLSimpleApplication@5fdb4f73
reloadAllAccessors: .PublisherPortSubscriberPortOpaqueWidthInference

===========================================================================================
----------------- testing Fri Oct 11 05:59:56 UTC 2019 /home/travis/build/icyphy/ptII/ptolemy/actor/lib/test/auto/PublisherPortToplevelSubscriberPortAOC.xml
----------------- Instantiating /home/travis/build/icyphy/ptII/ptolemy/actor/lib/test/auto/PublisherPortToplevelSubscriberPortAOC.xml
.PublisherPortToplevelSubscriberPortAOC.TestExceptionAttribute: initialize() was not invoked, but wrapup() was.  This is unusual, but not always a problem.  For example, exporting JNLP will do this.
1 ms. Memory: 464896K Free: 391613K (84%)
----------------- Invoking toplevel() on ptolemy.moml.MoMLSimpleApplication@789fefa6
----------------- Done invoking toplevel() on ptolemy.moml.MoMLSimpleApplication@789fefa6
reloadAllAccessors: .PublisherPortToplevelSubscriberPortAOC

===========================================================================================
----------------- testing Fri Oct 11 05:59:56 UTC 2019 /home/travis/build/icyphy/ptII/ptolemy/actor/lib/test/auto/PublisherSubscriber.xml
----------------- Instantiating /home/travis/build/icyphy/ptII/ptolemy/actor/lib/test/auto/PublisherSubscriber.xml
3 ms. Memory: 464896K Free: 383901K (83%)
----------------- Invoking toplevel() on ptolemy.moml.MoMLSimpleApplication@2e54d1e6
----------------- Done invoking toplevel() on ptolemy.moml.MoMLSimpleApplication@2e54d1e6
reloadAllAccessors: .PublisherSubscriber

===========================================================================================
----------------- testing Fri Oct 11 05:59:56 UTC 2019 /home/travis/build/icyphy/ptII/ptolemy/actor/lib/test/auto/PublisherSubscriber10.xml
----------------- Instantiating /home/travis/build/icyphy/ptII/ptolemy/actor/lib/test/auto/PublisherSubscriber10.xml
8 ms. Memory: 464896K Free: 374205K (80%)
----------------- Invoking toplevel() on ptolemy.moml.MoMLSimpleApplication@6a3c98dd
----------------- Done invoking toplevel() on ptolemy.moml.MoMLSimpleApplication@6a3c98dd
reloadAllAccessors: .PublisherSubscriber10

===========================================================================================
----------------- testing Fri Oct 11 05:59:56 UTC 2019 /home/travis/build/icyphy/ptII/ptolemy/actor/lib/test/auto/PublisherSubscriber10InitialOutputs.xml
----------------- Instantiating /home/travis/build/icyphy/ptII/ptolemy/actor/lib/test/auto/PublisherSubscriber10InitialOutputs.xml
18 ms. Memory: 464896K Free: 364989K (79%)
----------------- Invoking toplevel() on ptolemy.moml.MoMLSimpleApplication@7b227d93
----------------- Done invoking toplevel() on ptolemy.moml.MoMLSimpleApplication@7b227d93
reloadAllAccessors: .PublisherSubscriber10InitialOutputs

===========================================================================================
----------------- testing Fri Oct 11 05:59:56 UTC 2019 /home/travis/build/icyphy/ptII/ptolemy/actor/lib/test/auto/PublisherSubscriber11.xml
----------------- Instantiating /home/travis/build/icyphy/ptII/ptolemy/actor/lib/test/auto/PublisherSubscriber11.xml
4 ms. Memory: 464896K Free: 357821K (77%)
----------------- Invoking toplevel() on ptolemy.moml.MoMLSimpleApplication@15221c53
----------------- Done invoking toplevel() on ptolemy.moml.MoMLSimpleApplication@15221c53
reloadAllAccessors: .PublisherSubscriber11

===========================================================================================
----------------- testing Fri Oct 11 05:59:57 UTC 2019 /home/travis/build/icyphy/ptII/ptolemy/actor/lib/test/auto/PublisherSubscriber12.xml
----------------- Instantiating /home/travis/build/icyphy/ptII/ptolemy/actor/lib/test/auto/PublisherSubscriber12.xml
5 ms. Memory: 464896K Free: 350653K (75%)
----------------- Invoking toplevel() on ptolemy.moml.MoMLSimpleApplication@762a249c
----------------- Done invoking toplevel() on ptolemy.moml.MoMLSimpleApplication@762a249c
reloadAllAccessors: .PublisherSubscriber12

===========================================================================================
----------------- testing Fri Oct 11 05:59:57 UTC 2019 /home/travis/build/icyphy/ptII/ptolemy/actor/lib/test/auto/PublisherSubscriber13.xml
----------------- Instantiating /home/travis/build/icyphy/ptII/ptolemy/actor/lib/test/auto/PublisherSubscriber13.xml
2 ms. Memory: 464896K Free: 345005K (74%)
----------------- Invoking toplevel() on ptolemy.moml.MoMLSimpleApplication@5b9dafaf
----------------- Done invoking toplevel() on ptolemy.moml.MoMLSimpleApplication@5b9dafaf
reloadAllAccessors: .PublisherSubscriber13

===========================================================================================
----------------- testing Fri Oct 11 05:59:57 UTC 2019 /home/travis/build/icyphy/ptII/ptolemy/actor/lib/test/auto/PublisherSubscriber14.xml
----------------- Instantiating /home/travis/build/icyphy/ptII/ptolemy/actor/lib/test/auto/PublisherSubscriber14.xml
2 ms. Memory: 464896K Free: 336317K (72%)
----------------- Invoking toplevel() on ptolemy.moml.MoMLSimpleApplication@244bffc7
----------------- Done invoking toplevel() on ptolemy.moml.MoMLSimpleApplication@244bffc7
reloadAllAccessors: .PublisherSubscriber14

===========================================================================================
----------------- testing Fri Oct 11 05:59:57 UTC 2019 /home/travis/build/icyphy/ptII/ptolemy/actor/lib/test/auto/PublisherSubscriber2.xml
----------------- Instantiating /home/travis/build/icyphy/ptII/ptolemy/actor/lib/test/auto/PublisherSubscriber2.xml
4 ms. Memory: 464896K Free: 330653K (71%)
----------------- Invoking toplevel() on ptolemy.moml.MoMLSimpleApplication@67825ee0
----------------- Done invoking toplevel() on ptolemy.moml.MoMLSimpleApplication@67825ee0
reloadAllAccessors: .PublisherSubscriber2

===========================================================================================
----------------- testing Fri Oct 11 05:59:57 UTC 2019 /home/travis/build/icyphy/ptII/ptolemy/actor/lib/test/auto/PublisherSubscriber3.xml
----------------- Instantiating /home/travis/build/icyphy/ptII/ptolemy/actor/lib/test/auto/PublisherSubscriber3.xml
2 ms. Memory: 464896K Free: 325053K (70%)
----------------- Invoking toplevel() on ptolemy.moml.MoMLSimpleApplication@34860c1f
----------------- Done invoking toplevel() on ptolemy.moml.MoMLSimpleApplication@34860c1f
reloadAllAccessors: .PublisherSubscriber3

===========================================================================================
----------------- testing Fri Oct 11 05:59:57 UTC 2019 /home/travis/build/icyphy/ptII/ptolemy/actor/lib/test/auto/PublisherSubscriber4.xml
----------------- Instantiating /home/travis/build/icyphy/ptII/ptolemy/actor/lib/test/auto/PublisherSubscriber4.xml
1 ms. Memory: 464896K Free: 319933K (69%)
----------------- Invoking toplevel() on ptolemy.moml.MoMLSimpleApplication@1548fcf6
----------------- Done invoking toplevel() on ptolemy.moml.MoMLSimpleApplication@1548fcf6
reloadAllAccessors: .PublisherSubscriber4

===========================================================================================
----------------- testing Fri Oct 11 05:59:57 UTC 2019 /home/travis/build/icyphy/ptII/ptolemy/actor/lib/test/auto/PublisherSubscriber5.xml
----------------- Instantiating /home/travis/build/icyphy/ptII/ptolemy/actor/lib/test/auto/PublisherSubscriber5.xml
2 ms. Memory: 464896K Free: 312765K (67%)
----------------- Invoking toplevel() on ptolemy.moml.MoMLSimpleApplication@4af89acb
----------------- Done invoking toplevel() on ptolemy.moml.MoMLSimpleApplication@4af89acb
reloadAllAccessors: .PublisherSubscriber5

===========================================================================================
----------------- testing Fri Oct 11 05:59:57 UTC 2019 /home/travis/build/icyphy/ptII/ptolemy/actor/lib/test/auto/PublisherSubscriber6.xml
----------------- Instantiating /home/travis/build/icyphy/ptII/ptolemy/actor/lib/test/auto/PublisherSubscriber6.xml
5 ms. Memory: 464896K Free: 306093K (66%)
----------------- Invoking toplevel() on ptolemy.moml.MoMLSimpleApplication@34af0afa
----------------- Done invoking toplevel() on ptolemy.moml.MoMLSimpleApplication@34af0afa
reloadAllAccessors: .PublisherSubscriber6

===========================================================================================
----------------- testing Fri Oct 11 05:59:57 UTC 2019 /home/travis/build/icyphy/ptII/ptolemy/actor/lib/test/auto/PublisherSubscriber7.xml
----------------- Instantiating /home/travis/build/icyphy/ptII/ptolemy/actor/lib/test/auto/PublisherSubscriber7.xml
4 ms. Memory: 464896K Free: 298925K (64%)
----------------- Invoking toplevel() on ptolemy.moml.MoMLSimpleApplication@1cafc7da
----------------- Done invoking toplevel() on ptolemy.moml.MoMLSimpleApplication@1cafc7da
reloadAllAccessors: .PublisherSubscriber7

===========================================================================================
----------------- testing Fri Oct 11 05:59:57 UTC 2019 /home/travis/build/icyphy/ptII/ptolemy/actor/lib/test/auto/PublisherSubscriber8.xml
----------------- Instantiating /home/travis/build/icyphy/ptII/ptolemy/actor/lib/test/auto/PublisherSubscriber8.xml
16 ms. Memory: 464896K Free: 287165K (62%)
----------------- Invoking toplevel() on ptolemy.moml.MoMLSimpleApplication@6c85e370
----------------- Done invoking toplevel() on ptolemy.moml.MoMLSimpleApplication@6c85e370
reloadAllAccessors: .PublisherSubscriber8

===========================================================================================
----------------- testing Fri Oct 11 05:59:57 UTC 2019 /home/travis/build/icyphy/ptII/ptolemy/actor/lib/test/auto/PublisherSubscriber9.xml
----------------- Instantiating /home/travis/build/icyphy/ptII/ptolemy/actor/lib/test/auto/PublisherSubscriber9.xml
2 ms. Memory: 464896K Free: 279997K (60%)
----------------- Invoking toplevel() on ptolemy.moml.MoMLSimpleApplication@7970fa09
----------------- Done invoking toplevel() on ptolemy.moml.MoMLSimpleApplication@7970fa09
reloadAllAccessors: .PublisherSubscriber9

===========================================================================================
----------------- testing Fri Oct 11 05:59:57 UTC 2019 /home/travis/build/icyphy/ptII/ptolemy/actor/lib/test/auto/PublisherSubscriberAdjacent.xml
----------------- Instantiating /home/travis/build/icyphy/ptII/ptolemy/actor/lib/test/auto/PublisherSubscriberAdjacent.xml
1 ms. Memory: 464896K Free: 271805K (58%)
----------------- Invoking toplevel() on ptolemy.moml.MoMLSimpleApplication@268d5236
----------------- Done invoking toplevel() on ptolemy.moml.MoMLSimpleApplication@268d5236
reloadAllAccessors: .PublisherSubscriberAdjacent

===========================================================================================
----------------- testing Fri Oct 11 05:59:57 UTC 2019 /home/travis/build/icyphy/ptII/ptolemy/actor/lib/test/auto/PublisherSubscriberChannelVariablesAOC2.xml
----------------- Instantiating /home/travis/build/icyphy/ptII/ptolemy/actor/lib/test/auto/PublisherSubscriberChannelVariablesAOC2.xml
2 ms. Memory: 464896K Free: 256941K (55%)
----------------- Invoking toplevel() on ptolemy.moml.MoMLSimpleApplication@1921eaa
----------------- Done invoking toplevel() on ptolemy.moml.MoMLSimpleApplication@1921eaa
reloadAllAccessors: .PublisherSubscriberChannelVariablesAOC2

===========================================================================================
----------------- testing Fri Oct 11 05:59:57 UTC 2019 /home/travis/build/icyphy/ptII/ptolemy/actor/lib/test/auto/PublisherSubscriberD3.xml
----------------- Instantiating /home/travis/build/icyphy/ptII/ptolemy/actor/lib/test/auto/PublisherSubscriberD3.xml
2 ms. Memory: 464896K Free: 249787K (54%)
----------------- Invoking toplevel() on ptolemy.moml.MoMLSimpleApplication@651bd69
----------------- Done invoking toplevel() on ptolemy.moml.MoMLSimpleApplication@651bd69
reloadAllAccessors: .PublisherSubscriberD3

===========================================================================================
----------------- testing Fri Oct 11 05:59:57 UTC 2019 /home/travis/build/icyphy/ptII/ptolemy/actor/lib/test/auto/PublisherSubscriberD3Reverse.xml
----------------- Instantiating /home/travis/build/icyphy/ptII/ptolemy/actor/lib/test/auto/PublisherSubscriberD3Reverse.xml
2 ms. Memory: 464896K Free: 243643K (52%)
----------------- Invoking toplevel() on ptolemy.moml.MoMLSimpleApplication@3cadaa26
----------------- Done invoking toplevel() on ptolemy.moml.MoMLSimpleApplication@3cadaa26
reloadAllAccessors: .PublisherSubscriberD3Reverse

===========================================================================================
----------------- testing Fri Oct 11 05:59:57 UTC 2019 /home/travis/build/icyphy/ptII/ptolemy/actor/lib/test/auto/PublisherSubscriberExpression.xml
----------------- Instantiating /home/travis/build/icyphy/ptII/ptolemy/actor/lib/test/auto/PublisherSubscriberExpression.xml
5 ms. Memory: 464896K Free: 234941K (51%)
----------------- Invoking toplevel() on ptolemy.moml.MoMLSimpleApplication@6d7e92a
----------------- Done invoking toplevel() on ptolemy.moml.MoMLSimpleApplication@6d7e92a
reloadAllAccessors: .PublisherSubscriberExpression

===========================================================================================
----------------- testing Fri Oct 11 05:59:57 UTC 2019 /home/travis/build/icyphy/ptII/ptolemy/actor/lib/test/auto/PublisherSubscriberOpaque.xml
----------------- Instantiating /home/travis/build/icyphy/ptII/ptolemy/actor/lib/test/auto/PublisherSubscriberOpaque.xml
4 ms. Memory: 464896K Free: 226749K (49%)
----------------- Invoking toplevel() on ptolemy.moml.MoMLSimpleApplication@550788bd
----------------- Done invoking toplevel() on ptolemy.moml.MoMLSimpleApplication@550788bd
reloadAllAccessors: .PublisherSubscriberOpaque

===========================================================================================
----------------- testing Fri Oct 11 05:59:57 UTC 2019 /home/travis/build/icyphy/ptII/ptolemy/actor/lib/test/auto/PublisherSubscriberOpaqueD3.xml
----------------- Instantiating /home/travis/build/icyphy/ptII/ptolemy/actor/lib/test/auto/PublisherSubscriberOpaqueD3.xml
5 ms. Memory: 464896K Free: 214971K (46%)
----------------- Invoking toplevel() on ptolemy.moml.MoMLSimpleApplication@7e70c966
----------------- Done invoking toplevel() on ptolemy.moml.MoMLSimpleApplication@7e70c966
reloadAllAccessors: .PublisherSubscriberOpaqueD3

===========================================================================================
----------------- testing Fri Oct 11 05:59:57 UTC 2019 /home/travis/build/icyphy/ptII/ptolemy/actor/lib/test/auto/PublisherSubscriberOpaqueD3Reverse.xml
----------------- Instantiating /home/travis/build/icyphy/ptII/ptolemy/actor/lib/test/auto/PublisherSubscriberOpaqueD3Reverse.xml
8 ms. Memory: 464896K Free: 204221K (44%)
----------------- Invoking toplevel() on ptolemy.moml.MoMLSimpleApplication@6ea21260
----------------- Done invoking toplevel() on ptolemy.moml.MoMLSimpleApplication@6ea21260
reloadAllAccessors: .PublisherSubscriberOpaqueD3Reverse

===========================================================================================
----------------- testing Fri Oct 11 05:59:57 UTC 2019 /home/travis/build/icyphy/ptII/ptolemy/actor/lib/test/auto/PublisherSubscriberOpaqueWidthInference.xml
----------------- Instantiating /home/travis/build/icyphy/ptII/ptolemy/actor/lib/test/auto/PublisherSubscriberOpaqueWidthInference.xml
4 ms. Memory: 464896K Free: 196029K (42%)
----------------- Invoking toplevel() on ptolemy.moml.MoMLSimpleApplication@232771d7
----------------- Done invoking toplevel() on ptolemy.moml.MoMLSimpleApplication@232771d7
reloadAllAccessors: .PublisherSubscriberOpaqueWidthInference

===========================================================================================
----------------- testing Fri Oct 11 05:59:57 UTC 2019 /home/travis/build/icyphy/ptII/ptolemy/actor/lib/test/auto/PublisherTestSubscriber.xml
----------------- Instantiating /home/travis/build/icyphy/ptII/ptolemy/actor/lib/test/auto/PublisherTestSubscriber.xml
2 ms. Memory: 464896K Free: 188341K (41%)
----------------- Invoking toplevel() on ptolemy.moml.MoMLSimpleApplication@42b6a90c
----------------- Done invoking toplevel() on ptolemy.moml.MoMLSimpleApplication@42b6a90c
reloadAllAccessors: .PublisherTestSubscriber

===========================================================================================
----------------- testing Fri Oct 11 05:59:57 UTC 2019 /home/travis/build/icyphy/ptII/ptolemy/actor/lib/test/auto/PublisherToplevelSubscriberPortAOC.xml
----------------- Instantiating /home/travis/build/icyphy/ptII/ptolemy/actor/lib/test/auto/PublisherToplevelSubscriberPortAOC.xml
5 ms. Memory: 464896K Free: 181693K (39%)
----------------- Invoking toplevel() on ptolemy.moml.MoMLSimpleApplication@65dd81ce
----------------- Done invoking toplevel() on ptolemy.moml.MoMLSimpleApplication@65dd81ce
reloadAllAccessors: .PublisherToplevelSubscriberPortAOC

===========================================================================================
----------------- testing Fri Oct 11 05:59:57 UTC 2019 /home/travis/build/icyphy/ptII/ptolemy/actor/lib/test/auto/PulseFiringLimitDE.xml
----------------- Instantiating /home/travis/build/icyphy/ptII/ptolemy/actor/lib/test/auto/PulseFiringLimitDE.xml
2 ms. Memory: 464896K Free: 175035K (38%)
----------------- Invoking toplevel() on ptolemy.moml.MoMLSimpleApplication@67e04181
----------------- Done invoking toplevel() on ptolemy.moml.MoMLSimpleApplication@67e04181
reloadAllAccessors: .PulseFiringLimitDE

===========================================================================================
----------------- testing Fri Oct 11 05:59:57 UTC 2019 /home/travis/build/icyphy/ptII/ptolemy/actor/lib/test/auto/Ramp1.xml
----------------- Instantiating /home/travis/build/icyphy/ptII/ptolemy/actor/lib/test/auto/Ramp1.xml
1 ms. Memory: 464896K Free: 170939K (37%)
----------------- Invoking toplevel() on ptolemy.moml.MoMLSimpleApplication@39c3e6ea
----------------- Done invoking toplevel() on ptolemy.moml.MoMLSimpleApplication@39c3e6ea
reloadAllAccessors: .Ramp1

===========================================================================================
----------------- testing Fri Oct 11 05:59:57 UTC 2019 /home/travis/build/icyphy/ptII/ptolemy/actor/lib/test/auto/RampFiringLimitDE.xml
----------------- Instantiating /home/travis/build/icyphy/ptII/ptolemy/actor/lib/test/auto/RampFiringLimitDE.xml
2 ms. Memory: 464896K Free: 164781K (35%)
----------------- Invoking toplevel() on ptolemy.moml.MoMLSimpleApplication@c3c6d9d
----------------- Done invoking toplevel() on ptolemy.moml.MoMLSimpleApplication@c3c6d9d
reloadAllAccessors: .RampFiringLimitDE

===========================================================================================
----------------- testing Fri Oct 11 05:59:57 UTC 2019 /home/travis/build/icyphy/ptII/ptolemy/actor/lib/test/auto/RampFiringLimitSDF.xml
----------------- Instantiating /home/travis/build/icyphy/ptII/ptolemy/actor/lib/test/auto/RampFiringLimitSDF.xml
2 ms. Memory: 464896K Free: 159661K (34%)
----------------- Invoking toplevel() on ptolemy.moml.MoMLSimpleApplication@6e5c38e6
----------------- Done invoking toplevel() on ptolemy.moml.MoMLSimpleApplication@6e5c38e6
reloadAllAccessors: .RampFiringLimitSDF

===========================================================================================
----------------- testing Fri Oct 11 05:59:57 UTC 2019 /home/travis/build/icyphy/ptII/ptolemy/actor/lib/test/auto/RandomInteger.xml
----------------- Instantiating /home/travis/build/icyphy/ptII/ptolemy/actor/lib/test/auto/RandomInteger.xml
2 ms. Memory: 464896K Free: 155579K (33%)
----------------- Invoking toplevel() on ptolemy.moml.MoMLSimpleApplication@f556890
----------------- Done invoking toplevel() on ptolemy.moml.MoMLSimpleApplication@f556890
reloadAllAccessors: .RandomInteger

===========================================================================================
----------------- testing Fri Oct 11 05:59:57 UTC 2019 /home/travis/build/icyphy/ptII/ptolemy/actor/lib/test/auto/ReadFile1.xml
----------------- Instantiating /home/travis/build/icyphy/ptII/ptolemy/actor/lib/test/auto/ReadFile1.xml
2 ms. Memory: 464896K Free: 150459K (32%)
----------------- Invoking toplevel() on ptolemy.moml.MoMLSimpleApplication@2b042716
----------------- Done invoking toplevel() on ptolemy.moml.MoMLSimpleApplication@2b042716
reloadAllAccessors: .ReadFile1

===========================================================================================
----------------- testing Fri Oct 11 05:59:57 UTC 2019 /home/travis/build/icyphy/ptII/ptolemy/actor/lib/test/auto/ReadFile2.xml
----------------- Instantiating /home/travis/build/icyphy/ptII/ptolemy/actor/lib/test/auto/ReadFile2.xml
1 ms. Memory: 464896K Free: 146363K (31%)
----------------- Invoking toplevel() on ptolemy.moml.MoMLSimpleApplication@3168af66
----------------- Done invoking toplevel() on ptolemy.moml.MoMLSimpleApplication@3168af66
reloadAllAccessors: .ReadFile2

===========================================================================================
----------------- testing Fri Oct 11 05:59:57 UTC 2019 /home/travis/build/icyphy/ptII/ptolemy/actor/lib/test/auto/Reader.xml
----------------- Instantiating /home/travis/build/icyphy/ptII/ptolemy/actor/lib/test/auto/Reader.xml
actor.lib.Reader is obsolete, use actor.lib.io.ExpressionReader instead
4 ms. Memory: 464896K Free: 142267K (31%)
----------------- Invoking toplevel() on ptolemy.moml.MoMLSimpleApplication@60dd8f2
----------------- Done invoking toplevel() on ptolemy.moml.MoMLSimpleApplication@60dd8f2
reloadAllAccessors: .Reader

===========================================================================================
----------------- testing Fri Oct 11 05:59:57 UTC 2019 /home/travis/build/icyphy/ptII/ptolemy/actor/lib/test/auto/RecordAssemblerDisplayNameTest.xml
----------------- Instantiating /home/travis/build/icyphy/ptII/ptolemy/actor/lib/test/auto/RecordAssemblerDisplayNameTest.xml
3676 ms. Memory: 464896K Free: 284177K (61%)
----------------- Invoking toplevel() on ptolemy.moml.MoMLSimpleApplication@3ac291a7
----------------- Done invoking toplevel() on ptolemy.moml.MoMLSimpleApplication@3ac291a7
reloadAllAccessors: .RecordAssemblerDisplayNameTest

===========================================================================================
----------------- testing Fri Oct 11 06:00:01 UTC 2019 /home/travis/build/icyphy/ptII/ptolemy/actor/lib/test/auto/RecordAssemblerTypeError.xml
----------------- Instantiating /home/travis/build/icyphy/ptII/ptolemy/actor/lib/test/auto/RecordAssemblerTypeError.xml
4 ms. Memory: 464896K Free: 274451K (59%)
----------------- Invoking toplevel() on ptolemy.moml.MoMLSimpleApplication@8847906
----------------- Done invoking toplevel() on ptolemy.moml.MoMLSimpleApplication@8847906
reloadAllAccessors: .RecordAssemblerTypeError

===========================================================================================
----------------- testing Fri Oct 11 06:00:01 UTC 2019 /home/travis/build/icyphy/ptII/ptolemy/actor/lib/test/auto/RecordDisassember.xml
----------------- Instantiating /home/travis/build/icyphy/ptII/ptolemy/actor/lib/test/auto/RecordDisassember.xml
2 ms. Memory: 464896K Free: 269811K (58%)
----------------- Invoking toplevel() on ptolemy.moml.MoMLSimpleApplication@2c9c1f61
----------------- Done invoking toplevel() on ptolemy.moml.MoMLSimpleApplication@2c9c1f61
reloadAllAccessors: .RecordDisassember

===========================================================================================
----------------- testing Fri Oct 11 06:00:01 UTC 2019 /home/travis/build/icyphy/ptII/ptolemy/actor/lib/test/auto/RecordDisassemberDisplayNameTest.xml
----------------- Instantiating /home/travis/build/icyphy/ptII/ptolemy/actor/lib/test/auto/RecordDisassemberDisplayNameTest.xml
5 ms. Memory: 464896K Free: 261649K (56%)
----------------- Invoking toplevel() on ptolemy.moml.MoMLSimpleApplication@5e64593b
----------------- Done invoking toplevel() on ptolemy.moml.MoMLSimpleApplication@5e64593b
reloadAllAccessors: .RecordDisassemberDisplayNameTest

===========================================================================================
----------------- testing Fri Oct 11 06:00:01 UTC 2019 /home/travis/build/icyphy/ptII/ptolemy/actor/lib/test/auto/RecordDisassembler.xml
----------------- Instantiating /home/travis/build/icyphy/ptII/ptolemy/actor/lib/test/auto/RecordDisassembler.xml
3 ms. Memory: 464896K Free: 256499K (55%)
----------------- Invoking toplevel() on ptolemy.moml.MoMLSimpleApplication@1b7b79de
----------------- Done invoking toplevel() on ptolemy.moml.MoMLSimpleApplication@1b7b79de
reloadAllAccessors: .RecordDisassembler

===========================================================================================
----------------- testing Fri Oct 11 06:00:01 UTC 2019 /home/travis/build/icyphy/ptII/ptolemy/actor/lib/test/auto/RecordDisassembler2.xml
----------------- Instantiating /home/travis/build/icyphy/ptII/ptolemy/actor/lib/test/auto/RecordDisassembler2.xml
2 ms. Memory: 464896K Free: 251395K (54%)
----------------- Invoking toplevel() on ptolemy.moml.MoMLSimpleApplication@313cdd48
----------------- Done invoking toplevel() on ptolemy.moml.MoMLSimpleApplication@313cdd48
reloadAllAccessors: .RecordDisassembler2

===========================================================================================
----------------- testing Fri Oct 11 06:00:01 UTC 2019 /home/travis/build/icyphy/ptII/ptolemy/actor/lib/test/auto/RecordUpdater.xml
----------------- Instantiating /home/travis/build/icyphy/ptII/ptolemy/actor/lib/test/auto/RecordUpdater.xml
1 ms. Memory: 464896K Free: 246289K (53%)
----------------- Invoking toplevel() on ptolemy.moml.MoMLSimpleApplication@fc998b7
----------------- Done invoking toplevel() on ptolemy.moml.MoMLSimpleApplication@fc998b7
reloadAllAccessors: .RecordUpdater

===========================================================================================
----------------- testing Fri Oct 11 06:00:01 UTC 2019 /home/travis/build/icyphy/ptII/ptolemy/actor/lib/test/auto/RecordUpdater2.xml
----------------- Instantiating /home/travis/build/icyphy/ptII/ptolemy/actor/lib/test/auto/RecordUpdater2.xml
1 ms. Memory: 464896K Free: 241169K (52%)
----------------- Invoking toplevel() on ptolemy.moml.MoMLSimpleApplication@621b379f
----------------- Done invoking toplevel() on ptolemy.moml.MoMLSimpleApplication@621b379f
reloadAllAccessors: .RecordUpdater2

===========================================================================================
----------------- testing Fri Oct 11 06:00:01 UTC 2019 /home/travis/build/icyphy/ptII/ptolemy/actor/lib/test/auto/RecursiveLattice.xml
----------------- Instantiating /home/travis/build/icyphy/ptII/ptolemy/actor/lib/test/auto/RecursiveLattice.xml
2 ms. Memory: 464896K Free: 237043K (51%)
----------------- Invoking toplevel() on ptolemy.moml.MoMLSimpleApplication@31caed8b
----------------- Done invoking toplevel() on ptolemy.moml.MoMLSimpleApplication@31caed8b
reloadAllAccessors: .RecursiveLattice

===========================================================================================
----------------- testing Fri Oct 11 06:00:01 UTC 2019 /home/travis/build/icyphy/ptII/ptolemy/actor/lib/test/auto/Router.xml
----------------- Instantiating /home/travis/build/icyphy/ptII/ptolemy/actor/lib/test/auto/Router.xml
3005 ms. Memory: 464896K Free: 226323K (49%)
----------------- Invoking toplevel() on ptolemy.moml.MoMLSimpleApplication@411cd113
----------------- Done invoking toplevel() on ptolemy.moml.MoMLSimpleApplication@411cd113
reloadAllAccessors: .Router

===========================================================================================
----------------- testing Fri Oct 11 06:00:04 UTC 2019 /home/travis/build/icyphy/ptII/ptolemy/actor/lib/test/auto/Router2.xml
----------------- Instantiating /home/travis/build/icyphy/ptII/ptolemy/actor/lib/test/auto/Router2.xml
3003 ms. Memory: 464896K Free: 214545K (46%)
----------------- Invoking toplevel() on ptolemy.moml.MoMLSimpleApplication@15f290f5
----------------- Done invoking toplevel() on ptolemy.moml.MoMLSimpleApplication@15f290f5
reloadAllAccessors: .Router2

===========================================================================================
----------------- testing Fri Oct 11 06:00:07 UTC 2019 /home/travis/build/icyphy/ptII/ptolemy/actor/lib/test/auto/RunningMaximum.xml
----------------- Instantiating /home/travis/build/icyphy/ptII/ptolemy/actor/lib/test/auto/RunningMaximum.xml
3 ms. Memory: 464896K Free: 209939K (45%)
----------------- Invoking toplevel() on ptolemy.moml.MoMLSimpleApplication@6a61a8cf
----------------- Done invoking toplevel() on ptolemy.moml.MoMLSimpleApplication@6a61a8cf
reloadAllAccessors: .RunningMaximum

===========================================================================================
----------------- testing Fri Oct 11 06:00:07 UTC 2019 /home/travis/build/icyphy/ptII/ptolemy/actor/lib/test/auto/RunningMinimum.xml
----------------- Instantiating /home/travis/build/icyphy/ptII/ptolemy/actor/lib/test/auto/RunningMinimum.xml
2 ms. Memory: 464896K Free: 205329K (44%)
----------------- Invoking toplevel() on ptolemy.moml.MoMLSimpleApplication@3e5752e5
----------------- Done invoking toplevel() on ptolemy.moml.MoMLSimpleApplication@3e5752e5
reloadAllAccessors: .RunningMinimum

===========================================================================================
----------------- testing Fri Oct 11 06:00:07 UTC 2019 /home/travis/build/icyphy/ptII/ptolemy/actor/lib/test/auto/Scale.xml
----------------- Instantiating /home/travis/build/icyphy/ptII/ptolemy/actor/lib/test/auto/Scale.xml
1 ms. Memory: 464896K Free: 200723K (43%)
----------------- Invoking toplevel() on ptolemy.moml.MoMLSimpleApplication@23050f51
----------------- Done invoking toplevel() on ptolemy.moml.MoMLSimpleApplication@23050f51
reloadAllAccessors: .Scale

===========================================================================================
----------------- testing Fri Oct 11 06:00:07 UTC 2019 /home/travis/build/icyphy/ptII/ptolemy/actor/lib/test/auto/Scale2.xml
----------------- Instantiating /home/travis/build/icyphy/ptII/ptolemy/actor/lib/test/auto/Scale2.xml
3 ms. Memory: 464896K Free: 195603K (42%)
----------------- Invoking toplevel() on ptolemy.moml.MoMLSimpleApplication@c6c2d16
----------------- Done invoking toplevel() on ptolemy.moml.MoMLSimpleApplication@c6c2d16
reloadAllAccessors: .Scale2

===========================================================================================
----------------- testing Fri Oct 11 06:00:07 UTC 2019 /home/travis/build/icyphy/ptII/ptolemy/actor/lib/test/auto/Scale3.xml
----------------- Instantiating /home/travis/build/icyphy/ptII/ptolemy/actor/lib/test/auto/Scale3.xml
7 ms. Memory: 464896K Free: 188945K (41%)
----------------- Invoking toplevel() on ptolemy.moml.MoMLSimpleApplication@1717ea6d
----------------- Done invoking toplevel() on ptolemy.moml.MoMLSimpleApplication@1717ea6d
reloadAllAccessors: .Scale3

===========================================================================================
----------------- testing Fri Oct 11 06:00:07 UTC 2019 /home/travis/build/icyphy/ptII/ptolemy/actor/lib/test/auto/ScaleArray.xml
----------------- Instantiating /home/travis/build/icyphy/ptII/ptolemy/actor/lib/test/auto/ScaleArray.xml
2 ms. Memory: 464896K Free: 184339K (40%)
----------------- Invoking toplevel() on ptolemy.moml.MoMLSimpleApplication@49408664
----------------- Done invoking toplevel() on ptolemy.moml.MoMLSimpleApplication@49408664
reloadAllAccessors: .ScaleArray

===========================================================================================
----------------- testing Fri Oct 11 06:00:07 UTC 2019 /home/travis/build/icyphy/ptII/ptolemy/actor/lib/test/auto/ScaleArray2.xml
----------------- Instantiating /home/travis/build/icyphy/ptII/ptolemy/actor/lib/test/auto/ScaleArray2.xml
2 ms. Memory: 464896K Free: 179729K (39%)
----------------- Invoking toplevel() on ptolemy.moml.MoMLSimpleApplication@584d03c2
----------------- Done invoking toplevel() on ptolemy.moml.MoMLSimpleApplication@584d03c2
reloadAllAccessors: .ScaleArray2

===========================================================================================
----------------- testing Fri Oct 11 06:00:07 UTC 2019 /home/travis/build/icyphy/ptII/ptolemy/actor/lib/test/auto/ScaleMatrix.xml
----------------- Instantiating /home/travis/build/icyphy/ptII/ptolemy/actor/lib/test/auto/ScaleMatrix.xml
124 ms. Memory: 464896K Free: 164369K (35%)
----------------- Invoking toplevel() on ptolemy.moml.MoMLSimpleApplication@5e256c82
----------------- Done invoking toplevel() on ptolemy.moml.MoMLSimpleApplication@5e256c82
reloadAllAccessors: .ScaleMatrix

===========================================================================================
----------------- testing Fri Oct 11 06:00:07 UTC 2019 /home/travis/build/icyphy/ptII/ptolemy/actor/lib/test/auto/Select.xml
----------------- Instantiating /home/travis/build/icyphy/ptII/ptolemy/actor/lib/test/auto/Select.xml
2 ms. Memory: 464896K Free: 158195K (34%)
----------------- Invoking toplevel() on ptolemy.moml.MoMLSimpleApplication@39694fa7
----------------- Done invoking toplevel() on ptolemy.moml.MoMLSimpleApplication@39694fa7
reloadAllAccessors: .Select

===========================================================================================
----------------- testing Fri Oct 11 06:00:07 UTC 2019 /home/travis/build/icyphy/ptII/ptolemy/actor/lib/test/auto/Select2.xml
----------------- Instantiating /home/travis/build/icyphy/ptII/ptolemy/actor/lib/test/auto/Select2.xml
1 ms. Memory: 464896K Free: 153619K (33%)
----------------- Invoking toplevel() on ptolemy.moml.MoMLSimpleApplication@7b072afa
----------------- Done invoking toplevel() on ptolemy.moml.MoMLSimpleApplication@7b072afa
reloadAllAccessors: .Select2

===========================================================================================
----------------- testing Fri Oct 11 06:00:07 UTC 2019 /home/travis/build/icyphy/ptII/ptolemy/actor/lib/test/auto/SequenceToArray2.xml
----------------- Instantiating /home/travis/build/icyphy/ptII/ptolemy/actor/lib/test/auto/SequenceToArray2.xml
76 ms. Memory: 464896K Free: 403594K (87%)
----------------- Invoking toplevel() on ptolemy.moml.MoMLSimpleApplication@35e66391
----------------- Done invoking toplevel() on ptolemy.moml.MoMLSimpleApplication@35e66391
reloadAllAccessors: .SequenceToArray2

===========================================================================================
----------------- testing Fri Oct 11 06:00:07 UTC 2019 /home/travis/build/icyphy/ptII/ptolemy/actor/lib/test/auto/SequentialClock.xml
----------------- Instantiating /home/travis/build/icyphy/ptII/ptolemy/actor/lib/test/auto/SequentialClock.xml
1 ms. Memory: 464896K Free: 399002K (86%)
----------------- Invoking toplevel() on ptolemy.moml.MoMLSimpleApplication@63f93660
----------------- Done invoking toplevel() on ptolemy.moml.MoMLSimpleApplication@63f93660
reloadAllAccessors: .SequentialClock

===========================================================================================
----------------- testing Fri Oct 11 06:00:07 UTC 2019 /home/travis/build/icyphy/ptII/ptolemy/actor/lib/test/auto/SetVariable.xml
----------------- Instantiating /home/travis/build/icyphy/ptII/ptolemy/actor/lib/test/auto/SetVariable.xml
2 ms. Memory: 464896K Free: 394392K (85%)
----------------- Invoking toplevel() on ptolemy.moml.MoMLSimpleApplication@21b4e4d1
----------------- Done invoking toplevel() on ptolemy.moml.MoMLSimpleApplication@21b4e4d1
reloadAllAccessors: .SetVariable

===========================================================================================
----------------- testing Fri Oct 11 06:00:07 UTC 2019 /home/travis/build/icyphy/ptII/ptolemy/actor/lib/test/auto/SetVariable2.xml
----------------- Instantiating /home/travis/build/icyphy/ptII/ptolemy/actor/lib/test/auto/SetVariable2.xml
4 ms. Memory: 464896K Free: 389272K (84%)
----------------- Invoking toplevel() on ptolemy.moml.MoMLSimpleApplication@2815e413
----------------- Done invoking toplevel() on ptolemy.moml.MoMLSimpleApplication@2815e413
reloadAllAccessors: .SetVariable2

===========================================================================================
----------------- testing Fri Oct 11 06:00:07 UTC 2019 /home/travis/build/icyphy/ptII/ptolemy/actor/lib/test/auto/SetVariable3.xml
----------------- Instantiating /home/travis/build/icyphy/ptII/ptolemy/actor/lib/test/auto/SetVariable3.xml
7 ms. Memory: 464896K Free: 383642K (83%)
----------------- Invoking toplevel() on ptolemy.moml.MoMLSimpleApplication@1dd2bf7f
----------------- Done invoking toplevel() on ptolemy.moml.MoMLSimpleApplication@1dd2bf7f
reloadAllAccessors: .SetVariable3

===========================================================================================
----------------- testing Fri Oct 11 06:00:07 UTC 2019 /home/travis/build/icyphy/ptII/ptolemy/actor/lib/test/auto/SetVariable4.xml
----------------- Instantiating /home/travis/build/icyphy/ptII/ptolemy/actor/lib/test/auto/SetVariable4.xml
11 ms. Memory: 464896K Free: 374424K (81%)
----------------- Invoking toplevel() on ptolemy.moml.MoMLSimpleApplication@d2a62fe
----------------- Done invoking toplevel() on ptolemy.moml.MoMLSimpleApplication@d2a62fe
reloadAllAccessors: .SetVariable4

===========================================================================================
----------------- testing Fri Oct 11 06:00:07 UTC 2019 /home/travis/build/icyphy/ptII/ptolemy/actor/lib/test/auto/SetVariable5.xml
----------------- Instantiating /home/travis/build/icyphy/ptII/ptolemy/actor/lib/test/auto/SetVariable5.xml
18 ms. Memory: 464896K Free: 365210K (79%)
----------------- Invoking toplevel() on ptolemy.moml.MoMLSimpleApplication@6989650c
----------------- Done invoking toplevel() on ptolemy.moml.MoMLSimpleApplication@6989650c
reloadAllAccessors: .SetVariable5

===========================================================================================
----------------- testing Fri Oct 11 06:00:08 UTC 2019 /home/travis/build/icyphy/ptII/ptolemy/actor/lib/test/auto/Sinewave.xml
----------------- Instantiating /home/travis/build/icyphy/ptII/ptolemy/actor/lib/test/auto/Sinewave.xml
4 ms. Memory: 464896K Free: 354456K (76%)
----------------- Invoking toplevel() on ptolemy.moml.MoMLSimpleApplication@450bfe04
----------------- Done invoking toplevel() on ptolemy.moml.MoMLSimpleApplication@450bfe04
reloadAllAccessors: .Sinewave

===========================================================================================
----------------- testing Fri Oct 11 06:00:08 UTC 2019 /home/travis/build/icyphy/ptII/ptolemy/actor/lib/test/auto/Sinewave2.xml
----------------- Instantiating /home/travis/build/icyphy/ptII/ptolemy/actor/lib/test/auto/Sinewave2.xml
8 ms. Memory: 464896K Free: 346778K (75%)
----------------- Invoking toplevel() on ptolemy.moml.MoMLSimpleApplication@7ed39634
----------------- Done invoking toplevel() on ptolemy.moml.MoMLSimpleApplication@7ed39634
reloadAllAccessors: .Sinewave2

===========================================================================================
----------------- testing Fri Oct 11 06:00:08 UTC 2019 /home/travis/build/icyphy/ptII/ptolemy/actor/lib/test/auto/Sinewave3.xml
----------------- Instantiating /home/travis/build/icyphy/ptII/ptolemy/actor/lib/test/auto/Sinewave3.xml
7 ms. Memory: 464896K Free: 338586K (73%)
----------------- Invoking toplevel() on ptolemy.moml.MoMLSimpleApplication@7dcff9c6
----------------- Done invoking toplevel() on ptolemy.moml.MoMLSimpleApplication@7dcff9c6
reloadAllAccessors: .Sinewave3

===========================================================================================
----------------- testing Fri Oct 11 06:00:08 UTC 2019 /home/travis/build/icyphy/ptII/ptolemy/actor/lib/test/auto/SingleEvent.xml
----------------- Instantiating /home/travis/build/icyphy/ptII/ptolemy/actor/lib/test/auto/SingleEvent.xml
1 ms. Memory: 464896K Free: 334490K (72%)
----------------- Invoking toplevel() on ptolemy.moml.MoMLSimpleApplication@70173965
----------------- Done invoking toplevel() on ptolemy.moml.MoMLSimpleApplication@70173965
reloadAllAccessors: .SingleEvent

===========================================================================================
----------------- testing Fri Oct 11 06:00:08 UTC 2019 /home/travis/build/icyphy/ptII/ptolemy/actor/lib/test/auto/Sleep.xml
----------------- Instantiating /home/travis/build/icyphy/ptII/ptolemy/actor/lib/test/auto/Sleep.xml
6003 ms. Memory: 464896K Free: 328826K (71%)
----------------- Invoking toplevel() on ptolemy.moml.MoMLSimpleApplication@1b0e027f
----------------- Done invoking toplevel() on ptolemy.moml.MoMLSimpleApplication@1b0e027f
reloadAllAccessors: .Sleep

===========================================================================================
----------------- testing Fri Oct 11 06:00:14 UTC 2019 /home/travis/build/icyphy/ptII/ptolemy/actor/lib/test/auto/SleepMultipleFire.xml
----------------- Instantiating /home/travis/build/icyphy/ptII/ptolemy/actor/lib/test/auto/SleepMultipleFire.xml
1005 ms. Memory: 464896K Free: 323226K (70%)
----------------- Invoking toplevel() on ptolemy.moml.MoMLSimpleApplication@71167d08
----------------- Done invoking toplevel() on ptolemy.moml.MoMLSimpleApplication@71167d08
reloadAllAccessors: .SleepMultipleFire

===========================================================================================
----------------- testing Fri Oct 11 06:00:15 UTC 2019 /home/travis/build/icyphy/ptII/ptolemy/actor/lib/test/auto/StopDE.xml
----------------- Instantiating /home/travis/build/icyphy/ptII/ptolemy/actor/lib/test/auto/StopDE.xml
4 ms. Memory: 464896K Free: 317592K (68%)
----------------- Invoking toplevel() on ptolemy.moml.MoMLSimpleApplication@1a8af75
----------------- Done invoking toplevel() on ptolemy.moml.MoMLSimpleApplication@1a8af75
reloadAllAccessors: .StopDE

===========================================================================================
----------------- testing Fri Oct 11 06:00:15 UTC 2019 /home/travis/build/icyphy/ptII/ptolemy/actor/lib/test/auto/StopSDF.xml
----------------- Instantiating /home/travis/build/icyphy/ptII/ptolemy/actor/lib/test/auto/StopSDF.xml
3 ms. Memory: 464896K Free: 311962K (67%)
----------------- Invoking toplevel() on ptolemy.moml.MoMLSimpleApplication@48fff1b4
----------------- Done invoking toplevel() on ptolemy.moml.MoMLSimpleApplication@48fff1b4
reloadAllAccessors: .StopSDF

===========================================================================================
----------------- testing Fri Oct 11 06:00:15 UTC 2019 /home/travis/build/icyphy/ptII/ptolemy/actor/lib/test/auto/StringConstant.xml
----------------- Instantiating /home/travis/build/icyphy/ptII/ptolemy/actor/lib/test/auto/StringConstant.xml
10 ms. Memory: 464896K Free: 307866K (66%)
----------------- Invoking toplevel() on ptolemy.moml.MoMLSimpleApplication@5b635533
----------------- Done invoking toplevel() on ptolemy.moml.MoMLSimpleApplication@5b635533
reloadAllAccessors: .StringConstant

===========================================================================================
----------------- testing Fri Oct 11 06:00:15 UTC 2019 /home/travis/build/icyphy/ptII/ptolemy/actor/lib/test/auto/SubscriberPortInitialValues1.xml
----------------- Instantiating /home/travis/build/icyphy/ptII/ptolemy/actor/lib/test/auto/SubscriberPortInitialValues1.xml
7 ms. Memory: 464896K Free: 299160K (64%)
----------------- Invoking toplevel() on ptolemy.moml.MoMLSimpleApplication@6cd385b9
----------------- Done invoking toplevel() on ptolemy.moml.MoMLSimpleApplication@6cd385b9
reloadAllAccessors: .SubscriberPortInitialValues1

===========================================================================================
----------------- testing Fri Oct 11 06:00:15 UTC 2019 /home/travis/build/icyphy/ptII/ptolemy/actor/lib/test/auto/SubscriberPortInitialValues13.xml
----------------- Instantiating /home/travis/build/icyphy/ptII/ptolemy/actor/lib/test/auto/SubscriberPortInitialValues13.xml
5 ms. Memory: 464896K Free: 285848K (61%)
----------------- Invoking toplevel() on ptolemy.moml.MoMLSimpleApplication@2935a7cb
----------------- Done invoking toplevel() on ptolemy.moml.MoMLSimpleApplication@2935a7cb
reloadAllAccessors: .SubscriberPortInitialValues13

===========================================================================================
----------------- testing Fri Oct 11 06:00:15 UTC 2019 /home/travis/build/icyphy/ptII/ptolemy/actor/lib/test/auto/SubscriberPortInitialValues14.xml
----------------- Instantiating /home/travis/build/icyphy/ptII/ptolemy/actor/lib/test/auto/SubscriberPortInitialValues14.xml
4 ms. Memory: 464896K Free: 277656K (60%)
----------------- Invoking toplevel() on ptolemy.moml.MoMLSimpleApplication@7dabc513
----------------- Done invoking toplevel() on ptolemy.moml.MoMLSimpleApplication@7dabc513
reloadAllAccessors: .SubscriberPortInitialValues14

===========================================================================================
----------------- testing Fri Oct 11 06:00:15 UTC 2019 /home/travis/build/icyphy/ptII/ptolemy/actor/lib/test/auto/SubscriberPortInitialValues2.xml
----------------- Instantiating /home/travis/build/icyphy/ptII/ptolemy/actor/lib/test/auto/SubscriberPortInitialValues2.xml
5 ms. Memory: 464896K Free: 269978K (58%)
----------------- Invoking toplevel() on ptolemy.moml.MoMLSimpleApplication@7c422040
----------------- Done invoking toplevel() on ptolemy.moml.MoMLSimpleApplication@7c422040
reloadAllAccessors: .SubscriberPortInitialValues2

===========================================================================================
----------------- testing Fri Oct 11 06:00:15 UTC 2019 /home/travis/build/icyphy/ptII/ptolemy/actor/lib/test/auto/SubscriberPortInitialValues3.xml
----------------- Instantiating /home/travis/build/icyphy/ptII/ptolemy/actor/lib/test/auto/SubscriberPortInitialValues3.xml
4 ms. Memory: 464896K Free: 259224K (56%)
----------------- Invoking toplevel() on ptolemy.moml.MoMLSimpleApplication@7424415b
----------------- Done invoking toplevel() on ptolemy.moml.MoMLSimpleApplication@7424415b
reloadAllAccessors: .SubscriberPortInitialValues3

===========================================================================================
----------------- testing Fri Oct 11 06:00:15 UTC 2019 /home/travis/build/icyphy/ptII/ptolemy/actor/lib/test/auto/SubscriptionAggregator.xml
----------------- Instantiating /home/travis/build/icyphy/ptII/ptolemy/actor/lib/test/auto/SubscriptionAggregator.xml
3 ms. Memory: 464896K Free: 252570K (54%)
----------------- Invoking toplevel() on ptolemy.moml.MoMLSimpleApplication@6a660fec
----------------- Done invoking toplevel() on ptolemy.moml.MoMLSimpleApplication@6a660fec
reloadAllAccessors: .SubscriptionAggregator

===========================================================================================
----------------- testing Fri Oct 11 06:00:15 UTC 2019 /home/travis/build/icyphy/ptII/ptolemy/actor/lib/test/auto/SubscriptionAggregator2.xml
----------------- Instantiating /home/travis/build/icyphy/ptII/ptolemy/actor/lib/test/auto/SubscriptionAggregator2.xml
3 ms. Memory: 464896K Free: 245402K (53%)
----------------- Invoking toplevel() on ptolemy.moml.MoMLSimpleApplication@43e87c8c
----------------- Done invoking toplevel() on ptolemy.moml.MoMLSimpleApplication@43e87c8c
reloadAllAccessors: .SubscriptionAggregator2

===========================================================================================
----------------- testing Fri Oct 11 06:00:15 UTC 2019 /home/travis/build/icyphy/ptII/ptolemy/actor/lib/test/auto/SubscriptionAggregator3.xml
----------------- Instantiating /home/travis/build/icyphy/ptII/ptolemy/actor/lib/test/auto/SubscriptionAggregator3.xml
3 ms. Memory: 464896K Free: 236682K (51%)
----------------- Invoking toplevel() on ptolemy.moml.MoMLSimpleApplication@465ea38e
----------------- Done invoking toplevel() on ptolemy.moml.MoMLSimpleApplication@465ea38e
reloadAllAccessors: .SubscriptionAggregator3

===========================================================================================
----------------- testing Fri Oct 11 06:00:15 UTC 2019 /home/travis/build/icyphy/ptII/ptolemy/actor/lib/test/auto/SubscriptionAggregatorMultiply.xml
----------------- Instantiating /home/travis/build/icyphy/ptII/ptolemy/actor/lib/test/auto/SubscriptionAggregatorMultiply.xml
3 ms. Memory: 464896K Free: 227994K (49%)
----------------- Invoking toplevel() on ptolemy.moml.MoMLSimpleApplication@78736215
----------------- Done invoking toplevel() on ptolemy.moml.MoMLSimpleApplication@78736215
reloadAllAccessors: .SubscriptionAggregatorMultiply

===========================================================================================
----------------- testing Fri Oct 11 06:00:15 UTC 2019 /home/travis/build/icyphy/ptII/ptolemy/actor/lib/test/auto/SubscriptionAggregatorPortMultiply1.xml
----------------- Instantiating /home/travis/build/icyphy/ptII/ptolemy/actor/lib/test/auto/SubscriptionAggregatorPortMultiply1.xml
3 ms. Memory: 464896K Free: 220312K (47%)
----------------- Invoking toplevel() on ptolemy.moml.MoMLSimpleApplication@44659c5f
----------------- Done invoking toplevel() on ptolemy.moml.MoMLSimpleApplication@44659c5f
reloadAllAccessors: .SubscriptionAggregatorPortMultiply1

===========================================================================================
----------------- testing Fri Oct 11 06:00:15 UTC 2019 /home/travis/build/icyphy/ptII/ptolemy/actor/lib/test/auto/Switch.xml
----------------- Instantiating /home/travis/build/icyphy/ptII/ptolemy/actor/lib/test/auto/Switch.xml
7 ms. Memory: 464896K Free: 211610K (46%)
----------------- Invoking toplevel() on ptolemy.moml.MoMLSimpleApplication@5c4800db
----------------- Done invoking toplevel() on ptolemy.moml.MoMLSimpleApplication@5c4800db
reloadAllAccessors: .Switch

===========================================================================================
----------------- testing Fri Oct 11 06:00:15 UTC 2019 /home/travis/build/icyphy/ptII/ptolemy/actor/lib/test/auto/Switch2.xml
----------------- Instantiating /home/travis/build/icyphy/ptII/ptolemy/actor/lib/test/auto/Switch2.xml
1 ms. Memory: 464896K Free: 207000K (45%)
----------------- Invoking toplevel() on ptolemy.moml.MoMLSimpleApplication@2ea116ad
----------------- Done invoking toplevel() on ptolemy.moml.MoMLSimpleApplication@2ea116ad
reloadAllAccessors: .Switch2

===========================================================================================
----------------- testing Fri Oct 11 06:00:15 UTC 2019 /home/travis/build/icyphy/ptII/ptolemy/actor/lib/test/auto/SwitchDE.xml
----------------- Instantiating /home/travis/build/icyphy/ptII/ptolemy/actor/lib/test/auto/SwitchDE.xml
4 ms. Memory: 464896K Free: 200826K (43%)
----------------- Invoking toplevel() on ptolemy.moml.MoMLSimpleApplication@178e2dd
----------------- Done invoking toplevel() on ptolemy.moml.MoMLSimpleApplication@178e2dd
reloadAllAccessors: .SwitchDE

===========================================================================================
----------------- testing Fri Oct 11 06:00:15 UTC 2019 /home/travis/build/icyphy/ptII/ptolemy/actor/lib/test/auto/SynchronizerDE.xml
----------------- Instantiating /home/travis/build/icyphy/ptII/ptolemy/actor/lib/test/auto/SynchronizerDE.xml
7 ms. Memory: 464896K Free: 192650K (41%)
----------------- Invoking toplevel() on ptolemy.moml.MoMLSimpleApplication@324e88dc
----------------- Done invoking toplevel() on ptolemy.moml.MoMLSimpleApplication@324e88dc
reloadAllAccessors: .SynchronizerDE

===========================================================================================
----------------- testing Fri Oct 11 06:00:15 UTC 2019 /home/travis/build/icyphy/ptII/ptolemy/actor/lib/test/auto/Test.xml
----------------- Instantiating /home/travis/build/icyphy/ptII/ptolemy/actor/lib/test/auto/Test.xml
13 ms. Memory: 464896K Free: 187034K (40%)
----------------- Invoking toplevel() on ptolemy.moml.MoMLSimpleApplication@15a57a45
----------------- Done invoking toplevel() on ptolemy.moml.MoMLSimpleApplication@15a57a45
reloadAllAccessors: .Test

===========================================================================================
----------------- testing Fri Oct 11 06:00:15 UTC 2019 /home/travis/build/icyphy/ptII/ptolemy/actor/lib/test/auto/TestExceptionAttribute1.xml
----------------- Instantiating /home/travis/build/icyphy/ptII/ptolemy/actor/lib/test/auto/TestExceptionAttribute1.xml
1 ms. Memory: 464896K Free: 183448K (39%)
----------------- Invoking toplevel() on ptolemy.moml.MoMLSimpleApplication@5148a39f
----------------- Done invoking toplevel() on ptolemy.moml.MoMLSimpleApplication@5148a39f
reloadAllAccessors: .TestExceptionAttribute1

===========================================================================================
----------------- testing Fri Oct 11 06:00:15 UTC 2019 /home/travis/build/icyphy/ptII/ptolemy/actor/lib/test/auto/TestExceptionAttribute2.xml
----------------- Instantiating /home/travis/build/icyphy/ptII/ptolemy/actor/lib/test/auto/TestExceptionAttribute2.xml
1 ms. Memory: 464896K Free: 179866K (39%)
----------------- Invoking toplevel() on ptolemy.moml.MoMLSimpleApplication@63599534
----------------- Done invoking toplevel() on ptolemy.moml.MoMLSimpleApplication@63599534
reloadAllAccessors: .TestExceptionAttribute2

===========================================================================================
----------------- testing Fri Oct 11 06:00:15 UTC 2019 /home/travis/build/icyphy/ptII/ptolemy/actor/lib/test/auto/TestExceptionAttribute3.xml
----------------- Instantiating /home/travis/build/icyphy/ptII/ptolemy/actor/lib/test/auto/TestExceptionAttribute3.xml
.TestExceptionAttribute3.TestExceptionAttribute: initialize() was not invoked, but wrapup() was.  This is unusual, but not always a problem.  For example, exporting JNLP will do this.
1 ms. Memory: 464896K Free: 175770K (38%)
----------------- Invoking toplevel() on ptolemy.moml.MoMLSimpleApplication@5b4c867c
----------------- Done invoking toplevel() on ptolemy.moml.MoMLSimpleApplication@5b4c867c
reloadAllAccessors: .TestExceptionAttribute3

===========================================================================================
----------------- testing Fri Oct 11 06:00:15 UTC 2019 /home/travis/build/icyphy/ptII/ptolemy/actor/lib/test/auto/TestExceptionAttribute4.xml
----------------- Instantiating /home/travis/build/icyphy/ptII/ptolemy/actor/lib/test/auto/TestExceptionAttribute4.xml
.TestExceptionAttribute4.TestExceptionAttribute: initialize() was not invoked, but wrapup() was.  This is unusual, but not always a problem.  For example, exporting JNLP will do this.
.TestExceptionAttribute4.TestExceptionAttribute2: initialize() was not invoked, but wrapup() was.  This is unusual, but not always a problem.  For example, exporting JNLP will do this.
1 ms. Memory: 464896K Free: 171674K (37%)
----------------- Invoking toplevel() on ptolemy.moml.MoMLSimpleApplication@2cfc7e9f
----------------- Done invoking toplevel() on ptolemy.moml.MoMLSimpleApplication@2cfc7e9f
reloadAllAccessors: .TestExceptionAttribute4

===========================================================================================
----------------- testing Fri Oct 11 06:00:15 UTC 2019 /home/travis/build/icyphy/ptII/ptolemy/actor/lib/test/auto/TestExceptionHandler1.xml
----------------- Instantiating /home/travis/build/icyphy/ptII/ptolemy/actor/lib/test/auto/TestExceptionHandler1.xml
1 ms. Memory: 464896K Free: 168088K (36%)
----------------- Invoking toplevel() on ptolemy.moml.MoMLSimpleApplication@434db862
----------------- Done invoking toplevel() on ptolemy.moml.MoMLSimpleApplication@434db862
reloadAllAccessors: .TestExceptionHandler1

===========================================================================================
----------------- testing Fri Oct 11 06:00:15 UTC 2019 /home/travis/build/icyphy/ptII/ptolemy/actor/lib/test/auto/TestExceptionHandler2.xml
----------------- Instantiating /home/travis/build/icyphy/ptII/ptolemy/actor/lib/test/auto/TestExceptionHandler2.xml
1 ms. Memory: 464896K Free: 163992K (35%)
----------------- Invoking toplevel() on ptolemy.moml.MoMLSimpleApplication@aa55aae
----------------- Done invoking toplevel() on ptolemy.moml.MoMLSimpleApplication@aa55aae
reloadAllAccessors: .TestExceptionHandler2

===========================================================================================
----------------- testing Fri Oct 11 06:00:15 UTC 2019 /home/travis/build/icyphy/ptII/ptolemy/actor/lib/test/auto/TestExceptionHandler3.xml
----------------- Instantiating /home/travis/build/icyphy/ptII/ptolemy/actor/lib/test/auto/TestExceptionHandler3.xml
1 ms. Memory: 464896K Free: 160410K (35%)
----------------- Invoking toplevel() on ptolemy.moml.MoMLSimpleApplication@53ee9a8
----------------- Done invoking toplevel() on ptolemy.moml.MoMLSimpleApplication@53ee9a8
reloadAllAccessors: .TestExceptionHandler3

===========================================================================================
----------------- testing Fri Oct 11 06:00:15 UTC 2019 /home/travis/build/icyphy/ptII/ptolemy/actor/lib/test/auto/TestExceptionHandler4.xml
----------------- Instantiating /home/travis/build/icyphy/ptII/ptolemy/actor/lib/test/auto/TestExceptionHandler4.xml
0 ms. Memory: 464896K Free: 156314K (34%)
----------------- Invoking toplevel() on ptolemy.moml.MoMLSimpleApplication@61b057d3
----------------- Done invoking toplevel() on ptolemy.moml.MoMLSimpleApplication@61b057d3
reloadAllAccessors: .TestExceptionHandler4

===========================================================================================
----------------- testing Fri Oct 11 06:00:15 UTC 2019 /home/travis/build/icyphy/ptII/ptolemy/actor/lib/test/auto/TestRequireCorrectOrder.xml
----------------- Instantiating /home/travis/build/icyphy/ptII/ptolemy/actor/lib/test/auto/TestRequireCorrectOrder.xml
2 ms. Memory: 464896K Free: 151194K (33%)
----------------- Invoking toplevel() on ptolemy.moml.MoMLSimpleApplication@2bd0d332
----------------- Done invoking toplevel() on ptolemy.moml.MoMLSimpleApplication@2bd0d332
reloadAllAccessors: .TestRequireCorrectOrder

===========================================================================================
----------------- testing Fri Oct 11 06:00:15 UTC 2019 /home/travis/build/icyphy/ptII/ptolemy/actor/lib/test/auto/TestSimple.xml
----------------- Instantiating /home/travis/build/icyphy/ptII/ptolemy/actor/lib/test/auto/TestSimple.xml
1 ms. Memory: 464896K Free: 146584K (32%)
----------------- Invoking toplevel() on ptolemy.moml.MoMLSimpleApplication@67c946c4
----------------- Done invoking toplevel() on ptolemy.moml.MoMLSimpleApplication@67c946c4
reloadAllAccessors: .TestSimple

===========================================================================================
----------------- testing Fri Oct 11 06:00:15 UTC 2019 /home/travis/build/icyphy/ptII/ptolemy/actor/lib/test/auto/ThrowModelError.xml
----------------- Instantiating /home/travis/build/icyphy/ptII/ptolemy/actor/lib/test/auto/ThrowModelError.xml
2 ms. Memory: 464896K Free: 141978K (31%)
----------------- Invoking toplevel() on ptolemy.moml.MoMLSimpleApplication@6c263e77
----------------- Done invoking toplevel() on ptolemy.moml.MoMLSimpleApplication@6c263e77
reloadAllAccessors: .ThrowModelError

===========================================================================================
----------------- testing Fri Oct 11 06:00:15 UTC 2019 /home/travis/build/icyphy/ptII/ptolemy/actor/lib/test/auto/TimeDelayMicrosteps.xml
----------------- Instantiating /home/travis/build/icyphy/ptII/ptolemy/actor/lib/test/auto/TimeDelayMicrosteps.xml
3 ms. Memory: 464896K Free: 409168K (88%)
----------------- Invoking toplevel() on ptolemy.moml.MoMLSimpleApplication@4acda4d
----------------- Done invoking toplevel() on ptolemy.moml.MoMLSimpleApplication@4acda4d
reloadAllAccessors: .TimeDelayMicrosteps

===========================================================================================
----------------- testing Fri Oct 11 06:00:15 UTC 2019 /home/travis/build/icyphy/ptII/ptolemy/actor/lib/test/auto/TimeDelayMicrosteps2.xml
----------------- Instantiating /home/travis/build/icyphy/ptII/ptolemy/actor/lib/test/auto/TimeDelayMicrosteps2.xml
3 ms. Memory: 464896K Free: 401455K (86%)
----------------- Invoking toplevel() on ptolemy.moml.MoMLSimpleApplication@ba2ffc4
----------------- Done invoking toplevel() on ptolemy.moml.MoMLSimpleApplication@ba2ffc4
reloadAllAccessors: .TimeDelayMicrosteps2

===========================================================================================
----------------- testing Fri Oct 11 06:00:15 UTC 2019 /home/travis/build/icyphy/ptII/ptolemy/actor/lib/test/auto/TimeDelayMicrosteps3.xml
----------------- Instantiating /home/travis/build/icyphy/ptII/ptolemy/actor/lib/test/auto/TimeDelayMicrosteps3.xml
3 ms. Memory: 464896K Free: 394832K (85%)
----------------- Invoking toplevel() on ptolemy.moml.MoMLSimpleApplication@72af329b
----------------- Done invoking toplevel() on ptolemy.moml.MoMLSimpleApplication@72af329b
reloadAllAccessors: .TimeDelayMicrosteps3

===========================================================================================
----------------- testing Fri Oct 11 06:00:15 UTC 2019 /home/travis/build/icyphy/ptII/ptolemy/actor/lib/test/auto/TimeDelayVariableMicrosteps.xml
----------------- Instantiating /home/travis/build/icyphy/ptII/ptolemy/actor/lib/test/auto/TimeDelayVariableMicrosteps.xml
3 ms. Memory: 464896K Free: 388174K (83%)
----------------- Invoking toplevel() on ptolemy.moml.MoMLSimpleApplication@9a98b73
----------------- Done invoking toplevel() on ptolemy.moml.MoMLSimpleApplication@9a98b73
reloadAllAccessors: .TimeDelayVariableMicrosteps

===========================================================================================
----------------- testing Fri Oct 11 06:00:15 UTC 2019 /home/travis/build/icyphy/ptII/ptolemy/actor/lib/test/auto/TimeGap.xml
----------------- Instantiating /home/travis/build/icyphy/ptII/ptolemy/actor/lib/test/auto/TimeGap.xml
12 ms. Memory: 464896K Free: 382544K (82%)
----------------- Invoking toplevel() on ptolemy.moml.MoMLSimpleApplication@1a31b589
----------------- Done invoking toplevel() on ptolemy.moml.MoMLSimpleApplication@1a31b589
reloadAllAccessors: .TimeGap

===========================================================================================
----------------- testing Fri Oct 11 06:00:15 UTC 2019 /home/travis/build/icyphy/ptII/ptolemy/actor/lib/test/auto/TimeGap2.xml
----------------- Instantiating /home/travis/build/icyphy/ptII/ptolemy/actor/lib/test/auto/TimeGap2.xml
2 ms. Memory: 464896K Free: 375855K (81%)
----------------- Invoking toplevel() on ptolemy.moml.MoMLSimpleApplication@324bcf79
----------------- Done invoking toplevel() on ptolemy.moml.MoMLSimpleApplication@324bcf79
reloadAllAccessors: .TimeGap2

===========================================================================================
----------------- testing Fri Oct 11 06:00:15 UTC 2019 /home/travis/build/icyphy/ptII/ptolemy/actor/lib/test/auto/TimedSinewave.xml
----------------- Instantiating /home/travis/build/icyphy/ptII/ptolemy/actor/lib/test/auto/TimedSinewave.xml
26 ms. Memory: 464896K Free: 361550K (78%)
----------------- Invoking toplevel() on ptolemy.moml.MoMLSimpleApplication@2651a595
----------------- Done invoking toplevel() on ptolemy.moml.MoMLSimpleApplication@2651a595
reloadAllAccessors: .TimedSinewave

===========================================================================================
----------------- testing Fri Oct 11 06:00:15 UTC 2019 /home/travis/build/icyphy/ptII/ptolemy/actor/lib/test/auto/TimedSinewavePhase.xml
----------------- Instantiating /home/travis/build/icyphy/ptII/ptolemy/actor/lib/test/auto/TimedSinewavePhase.xml
9 ms. Memory: 464896K Free: 351310K (76%)
----------------- Invoking toplevel() on ptolemy.moml.MoMLSimpleApplication@246dec23
----------------- Done invoking toplevel() on ptolemy.moml.MoMLSimpleApplication@246dec23
reloadAllAccessors: .TimedSinewavePhase

===========================================================================================
----------------- testing Fri Oct 11 06:00:15 UTC 2019 /home/travis/build/icyphy/ptII/ptolemy/actor/lib/test/auto/Timer.xml
----------------- Instantiating /home/travis/build/icyphy/ptII/ptolemy/actor/lib/test/auto/Timer.xml
2 ms. Memory: 464896K Free: 345680K (74%)
----------------- Invoking toplevel() on ptolemy.moml.MoMLSimpleApplication@735b4c4a
----------------- Done invoking toplevel() on ptolemy.moml.MoMLSimpleApplication@735b4c4a
reloadAllAccessors: .Timer

===========================================================================================
----------------- testing Fri Oct 11 06:00:15 UTC 2019 /home/travis/build/icyphy/ptII/ptolemy/actor/lib/test/auto/TriangularDistTestModel.xml
----------------- Instantiating /home/travis/build/icyphy/ptII/ptolemy/actor/lib/test/auto/TriangularDistTestModel.xml
2 ms. Memory: 464896K Free: 340031K (73%)
----------------- Invoking toplevel() on ptolemy.moml.MoMLSimpleApplication@7e7e92fc
----------------- Done invoking toplevel() on ptolemy.moml.MoMLSimpleApplication@7e7e92fc
reloadAllAccessors: .TriangularDistTestModel

===========================================================================================
----------------- testing Fri Oct 11 06:00:15 UTC 2019 /home/travis/build/icyphy/ptII/ptolemy/actor/lib/test/auto/TrigFunction.xml
----------------- Instantiating /home/travis/build/icyphy/ptII/ptolemy/actor/lib/test/auto/TrigFunction.xml
2 ms. Memory: 464896K Free: 334926K (72%)
----------------- Invoking toplevel() on ptolemy.moml.MoMLSimpleApplication@6cebaad3
----------------- Done invoking toplevel() on ptolemy.moml.MoMLSimpleApplication@6cebaad3
reloadAllAccessors: .TrigFunction

===========================================================================================
----------------- testing Fri Oct 11 06:00:15 UTC 2019 /home/travis/build/icyphy/ptII/ptolemy/actor/lib/test/auto/TrigFunctionDE.xml
----------------- Instantiating /home/travis/build/icyphy/ptII/ptolemy/actor/lib/test/auto/TrigFunctionDE.xml
2 ms. Memory: 464896K Free: 329296K (71%)
----------------- Invoking toplevel() on ptolemy.moml.MoMLSimpleApplication@5fecbec2
----------------- Done invoking toplevel() on ptolemy.moml.MoMLSimpleApplication@5fecbec2
reloadAllAccessors: .TrigFunctionDE

===========================================================================================
----------------- testing Fri Oct 11 06:00:15 UTC 2019 /home/travis/build/icyphy/ptII/ptolemy/actor/lib/test/auto/TrigFunctionInverse.xml
----------------- Instantiating /home/travis/build/icyphy/ptII/ptolemy/actor/lib/test/auto/TrigFunctionInverse.xml
3 ms. Memory: 464896K Free: 324176K (70%)
----------------- Invoking toplevel() on ptolemy.moml.MoMLSimpleApplication@211af6c2
----------------- Done invoking toplevel() on ptolemy.moml.MoMLSimpleApplication@211af6c2
reloadAllAccessors: .TrigFunctionInverse

===========================================================================================
----------------- testing Fri Oct 11 06:00:15 UTC 2019 /home/travis/build/icyphy/ptII/ptolemy/actor/lib/test/auto/TrigFunctionTan.xml
----------------- Instantiating /home/travis/build/icyphy/ptII/ptolemy/actor/lib/test/auto/TrigFunctionTan.xml
2 ms. Memory: 464896K Free: 319566K (69%)
----------------- Invoking toplevel() on ptolemy.moml.MoMLSimpleApplication@486c0273
----------------- Done invoking toplevel() on ptolemy.moml.MoMLSimpleApplication@486c0273
reloadAllAccessors: .TrigFunctionTan

===========================================================================================
----------------- testing Fri Oct 11 06:00:15 UTC 2019 /home/travis/build/icyphy/ptII/ptolemy/actor/lib/test/auto/TriggeredClock.xml
----------------- Instantiating /home/travis/build/icyphy/ptII/ptolemy/actor/lib/test/auto/TriggeredClock.xml
2 ms. Memory: 464896K Free: 314439K (68%)
----------------- Invoking toplevel() on ptolemy.moml.MoMLSimpleApplication@2f07a3fb
----------------- Done invoking toplevel() on ptolemy.moml.MoMLSimpleApplication@2f07a3fb
reloadAllAccessors: .TriggeredClock

===========================================================================================
----------------- testing Fri Oct 11 06:00:15 UTC 2019 /home/travis/build/icyphy/ptII/ptolemy/actor/lib/test/auto/URLDirectoryReader.xml
----------------- Instantiating /home/travis/build/icyphy/ptII/ptolemy/actor/lib/test/auto/URLDirectoryReader.xml
38 ms. Memory: 464896K Free: 305230K (66%)
----------------- Invoking toplevel() on ptolemy.moml.MoMLSimpleApplication@3e1edbc8
----------------- Done invoking toplevel() on ptolemy.moml.MoMLSimpleApplication@3e1edbc8
reloadAllAccessors: .URLDirectoryReader

===========================================================================================
----------------- testing Fri Oct 11 06:00:16 UTC 2019 /home/travis/build/icyphy/ptII/ptolemy/actor/lib/test/auto/URLDirectoryReader3.xml
----------------- Instantiating /home/travis/build/icyphy/ptII/ptolemy/actor/lib/test/auto/URLDirectoryReader3.xml

===========================================================================================
----------------- testing Fri Oct 11 06:00:16 UTC 2019 /home/travis/build/icyphy/ptII/ptolemy/actor/lib/test/auto/UnaryMathFunction.xml
----------------- Instantiating /home/travis/build/icyphy/ptII/ptolemy/actor/lib/test/auto/UnaryMathFunction.xml
2 ms. Memory: 464896K Free: 294480K (63%)
----------------- Invoking toplevel() on ptolemy.moml.MoMLSimpleApplication@773a86d5
----------------- Done invoking toplevel() on ptolemy.moml.MoMLSimpleApplication@773a86d5
reloadAllAccessors: .UnaryMathFunction

===========================================================================================
----------------- testing Fri Oct 11 06:00:16 UTC 2019 /home/travis/build/icyphy/ptII/ptolemy/actor/lib/test/auto/Uniform.xml
----------------- Instantiating /home/travis/build/icyphy/ptII/ptolemy/actor/lib/test/auto/Uniform.xml
1 ms. Memory: 464896K Free: 289360K (62%)
----------------- Invoking toplevel() on ptolemy.moml.MoMLSimpleApplication@3c322de2
----------------- Done invoking toplevel() on ptolemy.moml.MoMLSimpleApplication@3c322de2
reloadAllAccessors: .Uniform

===========================================================================================
----------------- testing Fri Oct 11 06:00:16 UTC 2019 /home/travis/build/icyphy/ptII/ptolemy/actor/lib/test/auto/UnionDisassemblerTest.xml
----------------- Instantiating /home/travis/build/icyphy/ptII/ptolemy/actor/lib/test/auto/UnionDisassemblerTest.xml
15 ms. Memory: 464896K Free: 285743K (61%)
----------------- Invoking toplevel() on ptolemy.moml.MoMLSimpleApplication@1570e68e
----------------- Done invoking toplevel() on ptolemy.moml.MoMLSimpleApplication@1570e68e
reloadAllAccessors: .UnionDisassemblerTest

===========================================================================================
----------------- testing Fri Oct 11 06:00:16 UTC 2019 /home/travis/build/icyphy/ptII/ptolemy/actor/lib/test/auto/UtilityFunctions.xml
----------------- Instantiating /home/travis/build/icyphy/ptII/ptolemy/actor/lib/test/auto/UtilityFunctions.xml
4 ms. Memory: 464896K Free: 281663K (61%)
----------------- Invoking toplevel() on ptolemy.moml.MoMLSimpleApplication@27fc9d39
----------------- Done invoking toplevel() on ptolemy.moml.MoMLSimpleApplication@27fc9d39
reloadAllAccessors: .UtilityFunctions

===========================================================================================
----------------- testing Fri Oct 11 06:00:16 UTC 2019 /home/travis/build/icyphy/ptII/ptolemy/actor/lib/test/auto/VariableSleep.xml
----------------- Instantiating /home/travis/build/icyphy/ptII/ptolemy/actor/lib/test/auto/VariableSleep.xml
503 ms. Memory: 464896K Free: 276558K (59%)
----------------- Invoking toplevel() on ptolemy.moml.MoMLSimpleApplication@4ee99b17
----------------- Done invoking toplevel() on ptolemy.moml.MoMLSimpleApplication@4ee99b17
reloadAllAccessors: .VariableSleep

===========================================================================================
----------------- testing Fri Oct 11 06:00:16 UTC 2019 /home/travis/build/icyphy/ptII/ptolemy/actor/lib/test/auto/VectorAssemblerDisassemblerCT.xml
----------------- Instantiating /home/travis/build/icyphy/ptII/ptolemy/actor/lib/test/auto/VectorAssemblerDisassemblerCT.xml
51 ms. Memory: 464896K Free: 256078K (55%)
----------------- Invoking toplevel() on ptolemy.moml.MoMLSimpleApplication@5d52bc5c
----------------- Done invoking toplevel() on ptolemy.moml.MoMLSimpleApplication@5d52bc5c
reloadAllAccessors: .VectorAssemblerDisassemblerCT

===========================================================================================
----------------- testing Fri Oct 11 06:00:16 UTC 2019 /home/travis/build/icyphy/ptII/ptolemy/actor/lib/test/auto/VectorAssemblerDisassemblerDE.xml
----------------- Instantiating /home/travis/build/icyphy/ptII/ptolemy/actor/lib/test/auto/VectorAssemblerDisassemblerDE.xml
11 ms. Memory: 464896K Free: 248400K (53%)
----------------- Invoking toplevel() on ptolemy.moml.MoMLSimpleApplication@4b87b9b5
----------------- Done invoking toplevel() on ptolemy.moml.MoMLSimpleApplication@4b87b9b5
reloadAllAccessors: .VectorAssemblerDisassemblerDE

===========================================================================================
----------------- testing Fri Oct 11 06:00:16 UTC 2019 /home/travis/build/icyphy/ptII/ptolemy/actor/lib/test/auto/VectorAssemblerDisassemblerSDF.xml
----------------- Instantiating /home/travis/build/icyphy/ptII/ptolemy/actor/lib/test/auto/VectorAssemblerDisassemblerSDF.xml
3 ms. Memory: 464896K Free: 242256K (52%)
----------------- Invoking toplevel() on ptolemy.moml.MoMLSimpleApplication@7f699336
----------------- Done invoking toplevel() on ptolemy.moml.MoMLSimpleApplication@7f699336
reloadAllAccessors: .VectorAssemblerDisassemblerSDF

===========================================================================================
----------------- testing Fri Oct 11 06:00:16 UTC 2019 /home/travis/build/icyphy/ptII/ptolemy/actor/lib/test/auto/WallClockTime.xml
----------------- Instantiating /home/travis/build/icyphy/ptII/ptolemy/actor/lib/test/auto/WallClockTime.xml
1004 ms. Memory: 464896K Free: 237136K (51%)
----------------- Invoking toplevel() on ptolemy.moml.MoMLSimpleApplication@17f76225
----------------- Done invoking toplevel() on ptolemy.moml.MoMLSimpleApplication@17f76225
reloadAllAccessors: .WallClockTime

===========================================================================================
----------------- testing Fri Oct 11 06:00:18 UTC 2019 /home/travis/build/icyphy/ptII/ptolemy/actor/lib/test/auto/WidthTestWithSubscriberPublisher.xml
----------------- Instantiating /home/travis/build/icyphy/ptII/ptolemy/actor/lib/test/auto/WidthTestWithSubscriberPublisher.xml
7 ms. Memory: 464896K Free: 218704K (47%)
----------------- Invoking toplevel() on ptolemy.moml.MoMLSimpleApplication@9f9acd9
----------------- Done invoking toplevel() on ptolemy.moml.MoMLSimpleApplication@9f9acd9
reloadAllAccessors: .WidthTestWithSubscriberPublisher

===========================================================================================
----------------- testing Fri Oct 11 06:00:18 UTC 2019 /home/travis/build/icyphy/ptII/ptolemy/actor/lib/test/auto/WidthTestWithSubscriberPublisher2.xml
----------------- Instantiating /home/travis/build/icyphy/ptII/ptolemy/actor/lib/test/auto/WidthTestWithSubscriberPublisher2.xml
3 ms. Memory: 464896K Free: 212046K (46%)
----------------- Invoking toplevel() on ptolemy.moml.MoMLSimpleApplication@46d4ddbb
----------------- Done invoking toplevel() on ptolemy.moml.MoMLSimpleApplication@46d4ddbb
reloadAllAccessors: .WidthTestWithSubscriberPublisher2

===========================================================================================
----------------- testing Fri Oct 11 06:00:18 UTC 2019 /home/travis/build/icyphy/ptII/ptolemy/actor/lib/test/auto/WidthTestWithSubscriberPublisher3.xml
----------------- Instantiating /home/travis/build/icyphy/ptII/ptolemy/actor/lib/test/auto/WidthTestWithSubscriberPublisher3.xml
2 ms. Memory: 464896K Free: 206416K (44%)
----------------- Invoking toplevel() on ptolemy.moml.MoMLSimpleApplication@532f42a6
----------------- Done invoking toplevel() on ptolemy.moml.MoMLSimpleApplication@532f42a6
reloadAllAccessors: .WidthTestWithSubscriberPublisher3

===========================================================================================
----------------- testing Fri Oct 11 06:00:18 UTC 2019 /home/travis/build/icyphy/ptII/ptolemy/actor/lib/test/auto/Writer.xml
----------------- Instantiating /home/travis/build/icyphy/ptII/ptolemy/actor/lib/test/auto/Writer.xml
0
1
2
3
4
1 ms. Memory: 464896K Free: 201791K (43%)
----------------- Invoking toplevel() on ptolemy.moml.MoMLSimpleApplication@351fbf6c
----------------- Done invoking toplevel() on ptolemy.moml.MoMLSimpleApplication@351fbf6c
reloadAllAccessors: .Writer

===========================================================================================
----------------- testing Fri Oct 11 06:00:18 UTC 2019 /home/travis/build/icyphy/ptII/ptolemy/actor/lib/test/auto/array.xml
----------------- Instantiating /home/travis/build/icyphy/ptII/ptolemy/actor/lib/test/auto/array.xml
3 ms. Memory: 464896K Free: 197200K (42%)
----------------- Invoking toplevel() on ptolemy.moml.MoMLSimpleApplication@30f4bc0f
----------------- Done invoking toplevel() on ptolemy.moml.MoMLSimpleApplication@30f4bc0f
reloadAllAccessors: .array

===========================================================================================
----------------- testing Fri Oct 11 06:00:18 UTC 2019 /home/travis/build/icyphy/ptII/ptolemy/actor/lib/test/auto/array2.xml
----------------- Instantiating /home/travis/build/icyphy/ptII/ptolemy/actor/lib/test/auto/array2.xml
15 ms. Memory: 464896K Free: 192080K (41%)
----------------- Invoking toplevel() on ptolemy.moml.MoMLSimpleApplication@3c61a54a
----------------- Done invoking toplevel() on ptolemy.moml.MoMLSimpleApplication@3c61a54a
reloadAllAccessors: .array2

===========================================================================================
----------------- testing Fri Oct 11 06:00:18 UTC 2019 /home/travis/build/icyphy/ptII/ptolemy/actor/lib/test/auto/arrayType.xml
----------------- Instantiating /home/travis/build/icyphy/ptII/ptolemy/actor/lib/test/auto/arrayType.xml
2 ms. Memory: 464896K Free: 186446K (40%)
----------------- Invoking toplevel() on ptolemy.moml.MoMLSimpleApplication@4a68c793
----------------- Done invoking toplevel() on ptolemy.moml.MoMLSimpleApplication@4a68c793
reloadAllAccessors: .arrayType

===========================================================================================
----------------- testing Fri Oct 11 06:00:18 UTC 2019 /home/travis/build/icyphy/ptII/ptolemy/actor/lib/test/auto/arrayType10.xml
----------------- Instantiating /home/travis/build/icyphy/ptII/ptolemy/actor/lib/test/auto/arrayType10.xml
1 ms. Memory: 464896K Free: 181840K (39%)
----------------- Invoking toplevel() on ptolemy.moml.MoMLSimpleApplication@11c91a9d
----------------- Done invoking toplevel() on ptolemy.moml.MoMLSimpleApplication@11c91a9d
reloadAllAccessors: .arrayType10

===========================================================================================
----------------- testing Fri Oct 11 06:00:18 UTC 2019 /home/travis/build/icyphy/ptII/ptolemy/actor/lib/test/auto/arrayType11.xml
----------------- Instantiating /home/travis/build/icyphy/ptII/ptolemy/actor/lib/test/auto/arrayType11.xml
1 ms. Memory: 464896K Free: 177230K (38%)
----------------- Invoking toplevel() on ptolemy.moml.MoMLSimpleApplication@2875e7b9
----------------- Done invoking toplevel() on ptolemy.moml.MoMLSimpleApplication@2875e7b9
reloadAllAccessors: .arrayType11

===========================================================================================
----------------- testing Fri Oct 11 06:00:18 UTC 2019 /home/travis/build/icyphy/ptII/ptolemy/actor/lib/test/auto/arrayType12.xml
----------------- Instantiating /home/travis/build/icyphy/ptII/ptolemy/actor/lib/test/auto/arrayType12.xml
1 ms. Memory: 464896K Free: 172110K (37%)
----------------- Invoking toplevel() on ptolemy.moml.MoMLSimpleApplication@4333b6e
----------------- Done invoking toplevel() on ptolemy.moml.MoMLSimpleApplication@4333b6e
reloadAllAccessors: .arrayType12

===========================================================================================
----------------- testing Fri Oct 11 06:00:18 UTC 2019 /home/travis/build/icyphy/ptII/ptolemy/actor/lib/test/auto/arrayType13.xml
----------------- Instantiating /home/travis/build/icyphy/ptII/ptolemy/actor/lib/test/auto/arrayType13.xml
2 ms. Memory: 464896K Free: 166990K (36%)
----------------- Invoking toplevel() on ptolemy.moml.MoMLSimpleApplication@21baeae1
----------------- Done invoking toplevel() on ptolemy.moml.MoMLSimpleApplication@21baeae1
reloadAllAccessors: .arrayType13

===========================================================================================
----------------- testing Fri Oct 11 06:00:18 UTC 2019 /home/travis/build/icyphy/ptII/ptolemy/actor/lib/test/auto/arrayType14.xml
----------------- Instantiating /home/travis/build/icyphy/ptII/ptolemy/actor/lib/test/auto/arrayType14.xml
1 ms. Memory: 464896K Free: 161870K (35%)
----------------- Invoking toplevel() on ptolemy.moml.MoMLSimpleApplication@33cb7f7
----------------- Done invoking toplevel() on ptolemy.moml.MoMLSimpleApplication@33cb7f7
reloadAllAccessors: .arrayType14

===========================================================================================
----------------- testing Fri Oct 11 06:00:18 UTC 2019 /home/travis/build/icyphy/ptII/ptolemy/actor/lib/test/auto/arrayType15.xml
----------------- Instantiating /home/travis/build/icyphy/ptII/ptolemy/actor/lib/test/auto/arrayType15.xml
3 ms. Memory: 464896K Free: 156240K (34%)
----------------- Invoking toplevel() on ptolemy.moml.MoMLSimpleApplication@7d191cf1
----------------- Done invoking toplevel() on ptolemy.moml.MoMLSimpleApplication@7d191cf1
reloadAllAccessors: .arrayType15

===========================================================================================
----------------- testing Fri Oct 11 06:00:18 UTC 2019 /home/travis/build/icyphy/ptII/ptolemy/actor/lib/test/auto/arrayType16.xml
----------------- Instantiating /home/travis/build/icyphy/ptII/ptolemy/actor/lib/test/auto/arrayType16.xml
2 ms. Memory: 464896K Free: 151120K (33%)
----------------- Invoking toplevel() on ptolemy.moml.MoMLSimpleApplication@7b846a02
----------------- Done invoking toplevel() on ptolemy.moml.MoMLSimpleApplication@7b846a02
reloadAllAccessors: .arrayType16

===========================================================================================
----------------- testing Fri Oct 11 06:00:18 UTC 2019 /home/travis/build/icyphy/ptII/ptolemy/actor/lib/test/auto/arrayType17.xml
----------------- Instantiating /home/travis/build/icyphy/ptII/ptolemy/actor/lib/test/auto/arrayType17.xml
1 ms. Memory: 464896K Free: 146000K (31%)
----------------- Invoking toplevel() on ptolemy.moml.MoMLSimpleApplication@e5ffda2
----------------- Done invoking toplevel() on ptolemy.moml.MoMLSimpleApplication@e5ffda2
reloadAllAccessors: .arrayType17

===========================================================================================
----------------- testing Fri Oct 11 06:00:18 UTC 2019 /home/travis/build/icyphy/ptII/ptolemy/actor/lib/test/auto/arrayType18.xml
----------------- Instantiating /home/travis/build/icyphy/ptII/ptolemy/actor/lib/test/auto/arrayType18.xml
2 ms. Memory: 464896K Free: 140880K (30%)
----------------- Invoking toplevel() on ptolemy.moml.MoMLSimpleApplication@a4c6937
----------------- Done invoking toplevel() on ptolemy.moml.MoMLSimpleApplication@a4c6937
reloadAllAccessors: .arrayType18

===========================================================================================
----------------- testing Fri Oct 11 06:00:18 UTC 2019 /home/travis/build/icyphy/ptII/ptolemy/actor/lib/test/auto/arrayType19.xml
----------------- Instantiating /home/travis/build/icyphy/ptII/ptolemy/actor/lib/test/auto/arrayType19.xml
2 ms. Memory: 464896K Free: 411490K (89%)
----------------- Invoking toplevel() on ptolemy.moml.MoMLSimpleApplication@2aa6cd49
----------------- Done invoking toplevel() on ptolemy.moml.MoMLSimpleApplication@2aa6cd49
reloadAllAccessors: .arrayType19

===========================================================================================
----------------- testing Fri Oct 11 06:00:18 UTC 2019 /home/travis/build/icyphy/ptII/ptolemy/actor/lib/test/auto/arrayType2.xml
----------------- Instantiating /home/travis/build/icyphy/ptII/ptolemy/actor/lib/test/auto/arrayType2.xml
1 ms. Memory: 464896K Free: 406143K (87%)
----------------- Invoking toplevel() on ptolemy.moml.MoMLSimpleApplication@1a6c9e9e
----------------- Done invoking toplevel() on ptolemy.moml.MoMLSimpleApplication@1a6c9e9e
reloadAllAccessors: .arrayType2

===========================================================================================
----------------- testing Fri Oct 11 06:00:18 UTC 2019 /home/travis/build/icyphy/ptII/ptolemy/actor/lib/test/auto/arrayType20.xml
----------------- Instantiating /home/travis/build/icyphy/ptII/ptolemy/actor/lib/test/auto/arrayType20.xml
1 ms. Memory: 464896K Free: 401023K (86%)
----------------- Invoking toplevel() on ptolemy.moml.MoMLSimpleApplication@1b10a05c
----------------- Done invoking toplevel() on ptolemy.moml.MoMLSimpleApplication@1b10a05c
reloadAllAccessors: .arrayType20

===========================================================================================
----------------- testing Fri Oct 11 06:00:18 UTC 2019 /home/travis/build/icyphy/ptII/ptolemy/actor/lib/test/auto/arrayType21.xml
----------------- Instantiating /home/travis/build/icyphy/ptII/ptolemy/actor/lib/test/auto/arrayType21.xml
1 ms. Memory: 464896K Free: 396413K (85%)
----------------- Invoking toplevel() on ptolemy.moml.MoMLSimpleApplication@2abd8a19
----------------- Done invoking toplevel() on ptolemy.moml.MoMLSimpleApplication@2abd8a19
reloadAllAccessors: .arrayType21

===========================================================================================
----------------- testing Fri Oct 11 06:00:18 UTC 2019 /home/travis/build/icyphy/ptII/ptolemy/actor/lib/test/auto/arrayType22.xml
----------------- Instantiating /home/travis/build/icyphy/ptII/ptolemy/actor/lib/test/auto/arrayType22.xml
2 ms. Memory: 464896K Free: 391293K (84%)
----------------- Invoking toplevel() on ptolemy.moml.MoMLSimpleApplication@7b4e95ad
----------------- Done invoking toplevel() on ptolemy.moml.MoMLSimpleApplication@7b4e95ad
reloadAllAccessors: .arrayType22

===========================================================================================
----------------- testing Fri Oct 11 06:00:18 UTC 2019 /home/travis/build/icyphy/ptII/ptolemy/actor/lib/test/auto/arrayType23.xml
----------------- Instantiating /home/travis/build/icyphy/ptII/ptolemy/actor/lib/test/auto/arrayType23.xml
2 ms. Memory: 464896K Free: 386687K (83%)
----------------- Invoking toplevel() on ptolemy.moml.MoMLSimpleApplication@6de61a8e
----------------- Done invoking toplevel() on ptolemy.moml.MoMLSimpleApplication@6de61a8e
reloadAllAccessors: .arrayType23

===========================================================================================
----------------- testing Fri Oct 11 06:00:18 UTC 2019 /home/travis/build/icyphy/ptII/ptolemy/actor/lib/test/auto/arrayType24.xml
----------------- Instantiating /home/travis/build/icyphy/ptII/ptolemy/actor/lib/test/auto/arrayType24.xml
2 ms. Memory: 464896K Free: 382077K (82%)
----------------- Invoking toplevel() on ptolemy.moml.MoMLSimpleApplication@470a3e92
----------------- Done invoking toplevel() on ptolemy.moml.MoMLSimpleApplication@470a3e92
reloadAllAccessors: .arrayType24

===========================================================================================
----------------- testing Fri Oct 11 06:00:18 UTC 2019 /home/travis/build/icyphy/ptII/ptolemy/actor/lib/test/auto/arrayType25.xml
----------------- Instantiating /home/travis/build/icyphy/ptII/ptolemy/actor/lib/test/auto/arrayType25.xml
2 ms. Memory: 464896K Free: 376447K (81%)
----------------- Invoking toplevel() on ptolemy.moml.MoMLSimpleApplication@ded8dfe
----------------- Done invoking toplevel() on ptolemy.moml.MoMLSimpleApplication@ded8dfe
reloadAllAccessors: .arrayType25

===========================================================================================
----------------- testing Fri Oct 11 06:00:18 UTC 2019 /home/travis/build/icyphy/ptII/ptolemy/actor/lib/test/auto/arrayType26.xml
----------------- Instantiating /home/travis/build/icyphy/ptII/ptolemy/actor/lib/test/auto/arrayType26.xml
1 ms. Memory: 464896K Free: 371327K (80%)
----------------- Invoking toplevel() on ptolemy.moml.MoMLSimpleApplication@8bb32c5
----------------- Done invoking toplevel() on ptolemy.moml.MoMLSimpleApplication@8bb32c5
reloadAllAccessors: .arrayType26

===========================================================================================
----------------- testing Fri Oct 11 06:00:18 UTC 2019 /home/travis/build/icyphy/ptII/ptolemy/actor/lib/test/auto/arrayType27.xml
----------------- Instantiating /home/travis/build/icyphy/ptII/ptolemy/actor/lib/test/auto/arrayType27.xml
2 ms. Memory: 464896K Free: 366207K (79%)
----------------- Invoking toplevel() on ptolemy.moml.MoMLSimpleApplication@4a71e543
----------------- Done invoking toplevel() on ptolemy.moml.MoMLSimpleApplication@4a71e543
reloadAllAccessors: .arrayType27

===========================================================================================
----------------- testing Fri Oct 11 06:00:18 UTC 2019 /home/travis/build/icyphy/ptII/ptolemy/actor/lib/test/auto/arrayType28.xml
----------------- Instantiating /home/travis/build/icyphy/ptII/ptolemy/actor/lib/test/auto/arrayType28.xml
7 ms. Memory: 464896K Free: 360573K (78%)
----------------- Invoking toplevel() on ptolemy.moml.MoMLSimpleApplication@68e4cbe2
----------------- Done invoking toplevel() on ptolemy.moml.MoMLSimpleApplication@68e4cbe2
reloadAllAccessors: .arrayType28

===========================================================================================
----------------- testing Fri Oct 11 06:00:18 UTC 2019 /home/travis/build/icyphy/ptII/ptolemy/actor/lib/test/auto/arrayType3.xml
----------------- Instantiating /home/travis/build/icyphy/ptII/ptolemy/actor/lib/test/auto/arrayType3.xml
2 ms. Memory: 464896K Free: 355453K (76%)
----------------- Invoking toplevel() on ptolemy.moml.MoMLSimpleApplication@51738919
----------------- Done invoking toplevel() on ptolemy.moml.MoMLSimpleApplication@51738919
reloadAllAccessors: .arrayType3

===========================================================================================
----------------- testing Fri Oct 11 06:00:18 UTC 2019 /home/travis/build/icyphy/ptII/ptolemy/actor/lib/test/auto/arrayType4.xml
----------------- Instantiating /home/travis/build/icyphy/ptII/ptolemy/actor/lib/test/auto/arrayType4.xml
2 ms. Memory: 464896K Free: 349823K (75%)
----------------- Invoking toplevel() on ptolemy.moml.MoMLSimpleApplication@4d2a322c
----------------- Done invoking toplevel() on ptolemy.moml.MoMLSimpleApplication@4d2a322c
reloadAllAccessors: .arrayType4

===========================================================================================
----------------- testing Fri Oct 11 06:00:18 UTC 2019 /home/travis/build/icyphy/ptII/ptolemy/actor/lib/test/auto/arrayType5.xml
----------------- Instantiating /home/travis/build/icyphy/ptII/ptolemy/actor/lib/test/auto/arrayType5.xml
2 ms. Memory: 464896K Free: 344703K (74%)
----------------- Invoking toplevel() on ptolemy.moml.MoMLSimpleApplication@1a9ffb66
----------------- Done invoking toplevel() on ptolemy.moml.MoMLSimpleApplication@1a9ffb66
reloadAllAccessors: .arrayType5

===========================================================================================
----------------- testing Fri Oct 11 06:00:18 UTC 2019 /home/travis/build/icyphy/ptII/ptolemy/actor/lib/test/auto/arrayType6.xml
----------------- Instantiating /home/travis/build/icyphy/ptII/ptolemy/actor/lib/test/auto/arrayType6.xml
2 ms. Memory: 464896K Free: 340093K (73%)
----------------- Invoking toplevel() on ptolemy.moml.MoMLSimpleApplication@48e016d0
----------------- Done invoking toplevel() on ptolemy.moml.MoMLSimpleApplication@48e016d0
reloadAllAccessors: .arrayType6

===========================================================================================
----------------- testing Fri Oct 11 06:00:18 UTC 2019 /home/travis/build/icyphy/ptII/ptolemy/actor/lib/test/auto/arrayType7.xml
----------------- Instantiating /home/travis/build/icyphy/ptII/ptolemy/actor/lib/test/auto/arrayType7.xml
1 ms. Memory: 464896K Free: 334973K (72%)
----------------- Invoking toplevel() on ptolemy.moml.MoMLSimpleApplication@40bfe6e9
----------------- Done invoking toplevel() on ptolemy.moml.MoMLSimpleApplication@40bfe6e9
reloadAllAccessors: .arrayType7

===========================================================================================
----------------- testing Fri Oct 11 06:00:18 UTC 2019 /home/travis/build/icyphy/ptII/ptolemy/actor/lib/test/auto/arrayType8.xml
----------------- Instantiating /home/travis/build/icyphy/ptII/ptolemy/actor/lib/test/auto/arrayType8.xml
8 ms. Memory: 464896K Free: 330365K (71%)
----------------- Invoking toplevel() on ptolemy.moml.MoMLSimpleApplication@65b52857
----------------- Done invoking toplevel() on ptolemy.moml.MoMLSimpleApplication@65b52857
reloadAllAccessors: .arrayType8

===========================================================================================
----------------- testing Fri Oct 11 06:00:18 UTC 2019 /home/travis/build/icyphy/ptII/ptolemy/actor/lib/test/auto/arrayType9.xml
----------------- Instantiating /home/travis/build/icyphy/ptII/ptolemy/actor/lib/test/auto/arrayType9.xml
1 ms. Memory: 464896K Free: 325247K (70%)
----------------- Invoking toplevel() on ptolemy.moml.MoMLSimpleApplication@2510c364
----------------- Done invoking toplevel() on ptolemy.moml.MoMLSimpleApplication@2510c364
reloadAllAccessors: .arrayType9

===========================================================================================
----------------- testing Fri Oct 11 06:00:18 UTC 2019 /home/travis/build/icyphy/ptII/ptolemy/actor/lib/test/auto/cast.xml
----------------- Instantiating /home/travis/build/icyphy/ptII/ptolemy/actor/lib/test/auto/cast.xml
2 ms. Memory: 464896K Free: 320637K (69%)
----------------- Invoking toplevel() on ptolemy.moml.MoMLSimpleApplication@5235d8fe
----------------- Done invoking toplevel() on ptolemy.moml.MoMLSimpleApplication@5235d8fe
reloadAllAccessors: .cast

===========================================================================================
----------------- testing Fri Oct 11 06:00:18 UTC 2019 /home/travis/build/icyphy/ptII/ptolemy/actor/lib/test/auto/compositeMultiPort.xml
----------------- Instantiating /home/travis/build/icyphy/ptII/ptolemy/actor/lib/test/auto/compositeMultiPort.xml
3 ms. Memory: 464896K Free: 311935K (67%)
----------------- Invoking toplevel() on ptolemy.moml.MoMLSimpleApplication@3c56ca87
----------------- Done invoking toplevel() on ptolemy.moml.MoMLSimpleApplication@3c56ca87
reloadAllAccessors: .compositeMultiPort

===========================================================================================
----------------- testing Fri Oct 11 06:00:18 UTC 2019 /home/travis/build/icyphy/ptII/ptolemy/actor/lib/test/auto/expressionCastInference.xml
----------------- Instantiating /home/travis/build/icyphy/ptII/ptolemy/actor/lib/test/auto/expressionCastInference.xml
2 ms. Memory: 464896K Free: 306815K (66%)
----------------- Invoking toplevel() on ptolemy.moml.MoMLSimpleApplication@45b08d7e
----------------- Done invoking toplevel() on ptolemy.moml.MoMLSimpleApplication@45b08d7e
reloadAllAccessors: .expressionCastInference

===========================================================================================
----------------- testing Fri Oct 11 06:00:18 UTC 2019 /home/travis/build/icyphy/ptII/ptolemy/actor/lib/test/auto/expressionCastInference2.xml
----------------- Instantiating /home/travis/build/icyphy/ptII/ptolemy/actor/lib/test/auto/expressionCastInference2.xml
2 ms. Memory: 464896K Free: 302205K (65%)
----------------- Invoking toplevel() on ptolemy.moml.MoMLSimpleApplication@48ec55fa
----------------- Done invoking toplevel() on ptolemy.moml.MoMLSimpleApplication@48ec55fa
reloadAllAccessors: .expressionCastInference2

===========================================================================================
----------------- testing Fri Oct 11 06:00:18 UTC 2019 /home/travis/build/icyphy/ptII/ptolemy/actor/lib/test/auto/expressionInference.xml
----------------- Instantiating /home/travis/build/icyphy/ptII/ptolemy/actor/lib/test/auto/expressionInference.xml
1 ms. Memory: 464896K Free: 297599K (64%)
----------------- Invoking toplevel() on ptolemy.moml.MoMLSimpleApplication@446b4a41
----------------- Done invoking toplevel() on ptolemy.moml.MoMLSimpleApplication@446b4a41
reloadAllAccessors: .expressionInference

===========================================================================================
----------------- testing Fri Oct 11 06:00:18 UTC 2019 /home/travis/build/icyphy/ptII/ptolemy/actor/lib/test/auto/expression_bug.xml
----------------- Instantiating /home/travis/build/icyphy/ptII/ptolemy/actor/lib/test/auto/expression_bug.xml
1 ms. Memory: 464896K Free: 292989K (63%)
----------------- Invoking toplevel() on ptolemy.moml.MoMLSimpleApplication@71c17a22
----------------- Done invoking toplevel() on ptolemy.moml.MoMLSimpleApplication@71c17a22
reloadAllAccessors: .expression_bug

===========================================================================================
----------------- testing Fri Oct 11 06:00:18 UTC 2019 /home/travis/build/icyphy/ptII/ptolemy/actor/lib/test/auto/factorial.xml
----------------- Instantiating /home/travis/build/icyphy/ptII/ptolemy/actor/lib/test/auto/factorial.xml
40 ms. Memory: 464896K Free: 284287K (61%)
----------------- Invoking toplevel() on ptolemy.moml.MoMLSimpleApplication@1a4f9894
----------------- Done invoking toplevel() on ptolemy.moml.MoMLSimpleApplication@1a4f9894
reloadAllAccessors: .factorial

===========================================================================================
----------------- testing Fri Oct 11 06:00:18 UTC 2019 /home/travis/build/icyphy/ptII/ptolemy/actor/lib/test/auto/filterTest1.xml
----------------- Instantiating /home/travis/build/icyphy/ptII/ptolemy/actor/lib/test/auto/filterTest1.xml
2 ms. Memory: 464896K Free: 278143K (60%)
----------------- Invoking toplevel() on ptolemy.moml.MoMLSimpleApplication@48bd053a
----------------- Done invoking toplevel() on ptolemy.moml.MoMLSimpleApplication@48bd053a
reloadAllAccessors: .filterTest1

===========================================================================================
----------------- testing Fri Oct 11 06:00:18 UTC 2019 /home/travis/build/icyphy/ptII/ptolemy/actor/lib/test/auto/funcApplyInConst.xml
----------------- Instantiating /home/travis/build/icyphy/ptII/ptolemy/actor/lib/test/auto/funcApplyInConst.xml
1 ms. Memory: 464896K Free: 274557K (59%)
----------------- Invoking toplevel() on ptolemy.moml.MoMLSimpleApplication@213e1072
----------------- Done invoking toplevel() on ptolemy.moml.MoMLSimpleApplication@213e1072
reloadAllAccessors: .funcApplyInConst

===========================================================================================
----------------- testing Fri Oct 11 06:00:18 UTC 2019 /home/travis/build/icyphy/ptII/ptolemy/actor/lib/test/auto/funcApplyInExpr.xml
----------------- Instantiating /home/travis/build/icyphy/ptII/ptolemy/actor/lib/test/auto/funcApplyInExpr.xml
2 ms. Memory: 464896K Free: 270461K (58%)
----------------- Invoking toplevel() on ptolemy.moml.MoMLSimpleApplication@1c9d2364
----------------- Done invoking toplevel() on ptolemy.moml.MoMLSimpleApplication@1c9d2364
reloadAllAccessors: .funcApplyInExpr

===========================================================================================
----------------- testing Fri Oct 11 06:00:18 UTC 2019 /home/travis/build/icyphy/ptII/ptolemy/actor/lib/test/auto/function.xml
----------------- Instantiating /home/travis/build/icyphy/ptII/ptolemy/actor/lib/test/auto/function.xml
6 ms. Memory: 464896K Free: 265855K (57%)
----------------- Invoking toplevel() on ptolemy.moml.MoMLSimpleApplication@72537f7f
----------------- Done invoking toplevel() on ptolemy.moml.MoMLSimpleApplication@72537f7f
reloadAllAccessors: .function

===========================================================================================
----------------- testing Fri Oct 11 06:00:18 UTC 2019 /home/travis/build/icyphy/ptII/ptolemy/actor/lib/test/auto/function2.xml
----------------- Instantiating /home/travis/build/icyphy/ptII/ptolemy/actor/lib/test/auto/function2.xml
2 ms. Memory: 464896K Free: 260735K (56%)
----------------- Invoking toplevel() on ptolemy.moml.MoMLSimpleApplication@d392bc
----------------- Done invoking toplevel() on ptolemy.moml.MoMLSimpleApplication@d392bc
reloadAllAccessors: .function2

===========================================================================================
----------------- testing Fri Oct 11 06:00:18 UTC 2019 /home/travis/build/icyphy/ptII/ptolemy/actor/lib/test/auto/function3.xml
----------------- Instantiating /home/travis/build/icyphy/ptII/ptolemy/actor/lib/test/auto/function3.xml
1 ms. Memory: 464896K Free: 257149K (55%)
----------------- Invoking toplevel() on ptolemy.moml.MoMLSimpleApplication@6f2e46a1
----------------- Done invoking toplevel() on ptolemy.moml.MoMLSimpleApplication@6f2e46a1
reloadAllAccessors: .function3

===========================================================================================
----------------- testing Fri Oct 11 06:00:18 UTC 2019 /home/travis/build/icyphy/ptII/ptolemy/actor/lib/test/auto/functionClosureTest1.xml
----------------- Instantiating /home/travis/build/icyphy/ptII/ptolemy/actor/lib/test/auto/functionClosureTest1.xml
2 ms. Memory: 464896K Free: 251519K (54%)
----------------- Invoking toplevel() on ptolemy.moml.MoMLSimpleApplication@2763cf26
----------------- Done invoking toplevel() on ptolemy.moml.MoMLSimpleApplication@2763cf26
reloadAllAccessors: .functionClosureTest1

===========================================================================================
----------------- testing Fri Oct 11 06:00:18 UTC 2019 /home/travis/build/icyphy/ptII/ptolemy/actor/lib/test/auto/functionClosureTest2.xml
----------------- Instantiating /home/travis/build/icyphy/ptII/ptolemy/actor/lib/test/auto/functionClosureTest2.xml
2 ms. Memory: 464896K Free: 247423K (53%)
----------------- Invoking toplevel() on ptolemy.moml.MoMLSimpleApplication@d4000bb
----------------- Done invoking toplevel() on ptolemy.moml.MoMLSimpleApplication@d4000bb
reloadAllAccessors: .functionClosureTest2

===========================================================================================
----------------- testing Fri Oct 11 06:00:18 UTC 2019 /home/travis/build/icyphy/ptII/ptolemy/actor/lib/test/auto/functionClosureTest3.xml
----------------- Instantiating /home/travis/build/icyphy/ptII/ptolemy/actor/lib/test/auto/functionClosureTest3.xml
2 ms. Memory: 464896K Free: 242303K (52%)
----------------- Invoking toplevel() on ptolemy.moml.MoMLSimpleApplication@5a4f4ae0
----------------- Done invoking toplevel() on ptolemy.moml.MoMLSimpleApplication@5a4f4ae0
reloadAllAccessors: .functionClosureTest3

===========================================================================================
----------------- testing Fri Oct 11 06:00:18 UTC 2019 /home/travis/build/icyphy/ptII/ptolemy/actor/lib/test/auto/functionClosureTest4.xml
----------------- Instantiating /home/travis/build/icyphy/ptII/ptolemy/actor/lib/test/auto/functionClosureTest4.xml
4 ms. Memory: 464896K Free: 235645K (51%)
----------------- Invoking toplevel() on ptolemy.moml.MoMLSimpleApplication@2ce577a4
----------------- Done invoking toplevel() on ptolemy.moml.MoMLSimpleApplication@2ce577a4
reloadAllAccessors: .functionClosureTest4

===========================================================================================
----------------- testing Fri Oct 11 06:00:18 UTC 2019 /home/travis/build/icyphy/ptII/ptolemy/actor/lib/test/auto/functionClosureTest5.xml
----------------- Instantiating /home/travis/build/icyphy/ptII/ptolemy/actor/lib/test/auto/functionClosureTest5.xml
3 ms. Memory: 464896K Free: 230511K (50%)
----------------- Invoking toplevel() on ptolemy.moml.MoMLSimpleApplication@5f2b9180
----------------- Done invoking toplevel() on ptolemy.moml.MoMLSimpleApplication@5f2b9180
reloadAllAccessors: .functionClosureTest5

===========================================================================================
----------------- testing Fri Oct 11 06:00:18 UTC 2019 /home/travis/build/icyphy/ptII/ptolemy/actor/lib/test/auto/functionClosureTest6.xml
----------------- Instantiating /home/travis/build/icyphy/ptII/ptolemy/actor/lib/test/auto/functionClosureTest6.xml
2 ms. Memory: 464896K Free: 225399K (48%)
----------------- Invoking toplevel() on ptolemy.moml.MoMLSimpleApplication@7a13f219
----------------- Done invoking toplevel() on ptolemy.moml.MoMLSimpleApplication@7a13f219
reloadAllAccessors: .functionClosureTest6

===========================================================================================
----------------- testing Fri Oct 11 06:00:18 UTC 2019 /home/travis/build/icyphy/ptII/ptolemy/actor/lib/test/auto/functionsOnArcs.xml
----------------- Instantiating /home/travis/build/icyphy/ptII/ptolemy/actor/lib/test/auto/functionsOnArcs.xml
4 ms. Memory: 464896K Free: 220285K (47%)
----------------- Invoking toplevel() on ptolemy.moml.MoMLSimpleApplication@1312c7c7
----------------- Done invoking toplevel() on ptolemy.moml.MoMLSimpleApplication@1312c7c7
reloadAllAccessors: .functionsOnArcs

===========================================================================================
----------------- testing Fri Oct 11 06:00:18 UTC 2019 /home/travis/build/icyphy/ptII/ptolemy/actor/lib/test/auto/functionsOnArcsHOF.xml
----------------- Instantiating /home/travis/build/icyphy/ptII/ptolemy/actor/lib/test/auto/functionsOnArcsHOF.xml
4 ms. Memory: 464896K Free: 214141K (46%)
----------------- Invoking toplevel() on ptolemy.moml.MoMLSimpleApplication@1de4d7c1
----------------- Done invoking toplevel() on ptolemy.moml.MoMLSimpleApplication@1de4d7c1
reloadAllAccessors: .functionsOnArcsHOF

===========================================================================================
----------------- testing Fri Oct 11 06:00:18 UTC 2019 /home/travis/build/icyphy/ptII/ptolemy/actor/lib/test/auto/logic.xml
----------------- Instantiating /home/travis/build/icyphy/ptII/ptolemy/actor/lib/test/auto/logic.xml
2 ms. Memory: 464896K Free: 206973K (45%)
----------------- Invoking toplevel() on ptolemy.moml.MoMLSimpleApplication@8821e20
----------------- Done invoking toplevel() on ptolemy.moml.MoMLSimpleApplication@8821e20
reloadAllAccessors: .logic

===========================================================================================
----------------- testing Fri Oct 11 06:00:18 UTC 2019 /home/travis/build/icyphy/ptII/ptolemy/actor/lib/test/auto/matrixType.xml
----------------- Instantiating /home/travis/build/icyphy/ptII/ptolemy/actor/lib/test/auto/matrixType.xml
2 ms. Memory: 464896K Free: 201853K (43%)
----------------- Invoking toplevel() on ptolemy.moml.MoMLSimpleApplication@53f1a476
----------------- Done invoking toplevel() on ptolemy.moml.MoMLSimpleApplication@53f1a476
reloadAllAccessors: .matrixType

===========================================================================================
----------------- testing Fri Oct 11 06:00:18 UTC 2019 /home/travis/build/icyphy/ptII/ptolemy/actor/lib/test/auto/matrixType10.xml
----------------- Instantiating /home/travis/build/icyphy/ptII/ptolemy/actor/lib/test/auto/matrixType10.xml
2 ms. Memory: 464896K Free: 197247K (42%)
----------------- Invoking toplevel() on ptolemy.moml.MoMLSimpleApplication@7b9a527d
----------------- Done invoking toplevel() on ptolemy.moml.MoMLSimpleApplication@7b9a527d
reloadAllAccessors: .matrixType10

===========================================================================================
----------------- testing Fri Oct 11 06:00:18 UTC 2019 /home/travis/build/icyphy/ptII/ptolemy/actor/lib/test/auto/matrixType11.xml
----------------- Instantiating /home/travis/build/icyphy/ptII/ptolemy/actor/lib/test/auto/matrixType11.xml
2 ms. Memory: 464896K Free: 192127K (41%)
----------------- Invoking toplevel() on ptolemy.moml.MoMLSimpleApplication@5c195d9a
----------------- Done invoking toplevel() on ptolemy.moml.MoMLSimpleApplication@5c195d9a
reloadAllAccessors: .matrixType11

===========================================================================================
----------------- testing Fri Oct 11 06:00:18 UTC 2019 /home/travis/build/icyphy/ptII/ptolemy/actor/lib/test/auto/matrixType12.xml
----------------- Instantiating /home/travis/build/icyphy/ptII/ptolemy/actor/lib/test/auto/matrixType12.xml
2 ms. Memory: 464896K Free: 187517K (40%)
----------------- Invoking toplevel() on ptolemy.moml.MoMLSimpleApplication@46090643
----------------- Done invoking toplevel() on ptolemy.moml.MoMLSimpleApplication@46090643
reloadAllAccessors: .matrixType12

===========================================================================================
----------------- testing Fri Oct 11 06:00:18 UTC 2019 /home/travis/build/icyphy/ptII/ptolemy/actor/lib/test/auto/matrixType13.xml
----------------- Instantiating /home/travis/build/icyphy/ptII/ptolemy/actor/lib/test/auto/matrixType13.xml
2 ms. Memory: 464896K Free: 182911K (39%)
----------------- Invoking toplevel() on ptolemy.moml.MoMLSimpleApplication@50c91eb6
----------------- Done invoking toplevel() on ptolemy.moml.MoMLSimpleApplication@50c91eb6
reloadAllAccessors: .matrixType13

===========================================================================================
----------------- testing Fri Oct 11 06:00:18 UTC 2019 /home/travis/build/icyphy/ptII/ptolemy/actor/lib/test/auto/matrixType14.xml
----------------- Instantiating /home/travis/build/icyphy/ptII/ptolemy/actor/lib/test/auto/matrixType14.xml
1 ms. Memory: 464896K Free: 177277K (38%)
----------------- Invoking toplevel() on ptolemy.moml.MoMLSimpleApplication@35ec4700
----------------- Done invoking toplevel() on ptolemy.moml.MoMLSimpleApplication@35ec4700
reloadAllAccessors: .matrixType14

===========================================================================================
----------------- testing Fri Oct 11 06:00:18 UTC 2019 /home/travis/build/icyphy/ptII/ptolemy/actor/lib/test/auto/matrixType2.xml
----------------- Instantiating /home/travis/build/icyphy/ptII/ptolemy/actor/lib/test/auto/matrixType2.xml
1 ms. Memory: 464896K Free: 172157K (37%)
----------------- Invoking toplevel() on ptolemy.moml.MoMLSimpleApplication@5ecb873d
----------------- Done invoking toplevel() on ptolemy.moml.MoMLSimpleApplication@5ecb873d
reloadAllAccessors: .matrixType2

===========================================================================================
----------------- testing Fri Oct 11 06:00:18 UTC 2019 /home/travis/build/icyphy/ptII/ptolemy/actor/lib/test/auto/matrixType3.xml
----------------- Instantiating /home/travis/build/icyphy/ptII/ptolemy/actor/lib/test/auto/matrixType3.xml
1 ms. Memory: 464896K Free: 167037K (36%)
----------------- Invoking toplevel() on ptolemy.moml.MoMLSimpleApplication@ad64abb
----------------- Done invoking toplevel() on ptolemy.moml.MoMLSimpleApplication@ad64abb
reloadAllAccessors: .matrixType3

===========================================================================================
----------------- testing Fri Oct 11 06:00:18 UTC 2019 /home/travis/build/icyphy/ptII/ptolemy/actor/lib/test/auto/matrixType4.xml
----------------- Instantiating /home/travis/build/icyphy/ptII/ptolemy/actor/lib/test/auto/matrixType4.xml
4 ms. Memory: 464896K Free: 162431K (35%)
----------------- Invoking toplevel() on ptolemy.moml.MoMLSimpleApplication@62b4c1b3
----------------- Done invoking toplevel() on ptolemy.moml.MoMLSimpleApplication@62b4c1b3
reloadAllAccessors: .matrixType4

===========================================================================================
----------------- testing Fri Oct 11 06:00:18 UTC 2019 /home/travis/build/icyphy/ptII/ptolemy/actor/lib/test/auto/matrixType5.xml
----------------- Instantiating /home/travis/build/icyphy/ptII/ptolemy/actor/lib/test/auto/matrixType5.xml
1 ms. Memory: 464896K Free: 157311K (34%)
----------------- Invoking toplevel() on ptolemy.moml.MoMLSimpleApplication@82782d5
----------------- Done invoking toplevel() on ptolemy.moml.MoMLSimpleApplication@82782d5
reloadAllAccessors: .matrixType5

===========================================================================================
----------------- testing Fri Oct 11 06:00:19 UTC 2019 /home/travis/build/icyphy/ptII/ptolemy/actor/lib/test/auto/matrixType6.xml
----------------- Instantiating /home/travis/build/icyphy/ptII/ptolemy/actor/lib/test/auto/matrixType6.xml
2 ms. Memory: 464896K Free: 152701K (33%)
----------------- Invoking toplevel() on ptolemy.moml.MoMLSimpleApplication@4af1a9e7
----------------- Done invoking toplevel() on ptolemy.moml.MoMLSimpleApplication@4af1a9e7
reloadAllAccessors: .matrixType6

===========================================================================================
----------------- testing Fri Oct 11 06:00:19 UTC 2019 /home/travis/build/icyphy/ptII/ptolemy/actor/lib/test/auto/matrixType7.xml
----------------- Instantiating /home/travis/build/icyphy/ptII/ptolemy/actor/lib/test/auto/matrixType7.xml
2 ms. Memory: 464896K Free: 147581K (32%)
----------------- Invoking toplevel() on ptolemy.moml.MoMLSimpleApplication@cfcb35
----------------- Done invoking toplevel() on ptolemy.moml.MoMLSimpleApplication@cfcb35
reloadAllAccessors: .matrixType7

===========================================================================================
----------------- testing Fri Oct 11 06:00:19 UTC 2019 /home/travis/build/icyphy/ptII/ptolemy/actor/lib/test/auto/matrixType8.xml
----------------- Instantiating /home/travis/build/icyphy/ptII/ptolemy/actor/lib/test/auto/matrixType8.xml
2 ms. Memory: 464896K Free: 142975K (31%)
----------------- Invoking toplevel() on ptolemy.moml.MoMLSimpleApplication@2aff9c28
----------------- Done invoking toplevel() on ptolemy.moml.MoMLSimpleApplication@2aff9c28
reloadAllAccessors: .matrixType8

===========================================================================================
----------------- testing Fri Oct 11 06:00:19 UTC 2019 /home/travis/build/icyphy/ptII/ptolemy/actor/lib/test/auto/matrixType9.xml
----------------- Instantiating /home/travis/build/icyphy/ptII/ptolemy/actor/lib/test/auto/matrixType9.xml
2 ms. Memory: 464896K Free: 413359K (89%)
----------------- Invoking toplevel() on ptolemy.moml.MoMLSimpleApplication@1e7bf821
----------------- Done invoking toplevel() on ptolemy.moml.MoMLSimpleApplication@1e7bf821
reloadAllAccessors: .matrixType9

===========================================================================================
----------------- testing Fri Oct 11 06:00:19 UTC 2019 /home/travis/build/icyphy/ptII/ptolemy/actor/lib/test/auto/paraFunctest.xml
----------------- Instantiating /home/travis/build/icyphy/ptII/ptolemy/actor/lib/test/auto/paraFunctest.xml
1 ms. Memory: 464896K Free: 408545K (88%)
----------------- Invoking toplevel() on ptolemy.moml.MoMLSimpleApplication@370061ae
----------------- Done invoking toplevel() on ptolemy.moml.MoMLSimpleApplication@370061ae
reloadAllAccessors: .paraFunctest

===========================================================================================
----------------- testing Fri Oct 11 06:00:19 UTC 2019 /home/travis/build/icyphy/ptII/ptolemy/actor/lib/test/auto/paraFunctest2.xml
----------------- Instantiating /home/travis/build/icyphy/ptII/ptolemy/actor/lib/test/auto/paraFunctest2.xml
2 ms. Memory: 464896K Free: 404963K (87%)
----------------- Invoking toplevel() on ptolemy.moml.MoMLSimpleApplication@22351880
----------------- Done invoking toplevel() on ptolemy.moml.MoMLSimpleApplication@22351880
reloadAllAccessors: .paraFunctest2

===========================================================================================
----------------- testing Fri Oct 11 06:00:19 UTC 2019 /home/travis/build/icyphy/ptII/ptolemy/actor/lib/test/auto/parameterPassing.xml
----------------- Instantiating /home/travis/build/icyphy/ptII/ptolemy/actor/lib/test/auto/parameterPassing.xml
1 ms. Memory: 464896K Free: 400353K (86%)
----------------- Invoking toplevel() on ptolemy.moml.MoMLSimpleApplication@7d2b7cd3
----------------- Done invoking toplevel() on ptolemy.moml.MoMLSimpleApplication@7d2b7cd3
reloadAllAccessors: .parameterPassing

===========================================================================================
----------------- testing Fri Oct 11 06:00:19 UTC 2019 /home/travis/build/icyphy/ptII/ptolemy/actor/lib/test/auto/record.xml
----------------- Instantiating /home/travis/build/icyphy/ptII/ptolemy/actor/lib/test/auto/record.xml
3 ms. Memory: 464896K Free: 395747K (85%)
----------------- Invoking toplevel() on ptolemy.moml.MoMLSimpleApplication@612e6033
----------------- Done invoking toplevel() on ptolemy.moml.MoMLSimpleApplication@612e6033
reloadAllAccessors: .record

===========================================================================================
----------------- testing Fri Oct 11 06:00:19 UTC 2019 /home/travis/build/icyphy/ptII/ptolemy/actor/lib/test/auto/sizedarray1.xml
----------------- Instantiating /home/travis/build/icyphy/ptII/ptolemy/actor/lib/test/auto/sizedarray1.xml
2 ms. Memory: 464896K Free: 390113K (84%)
----------------- Invoking toplevel() on ptolemy.moml.MoMLSimpleApplication@140382ed
----------------- Done invoking toplevel() on ptolemy.moml.MoMLSimpleApplication@140382ed
reloadAllAccessors: .sizedarray1

===========================================================================================
----------------- testing Fri Oct 11 06:00:19 UTC 2019 /home/travis/build/icyphy/ptII/ptolemy/actor/lib/test/auto/sizedarray2.xml
----------------- Instantiating /home/travis/build/icyphy/ptII/ptolemy/actor/lib/test/auto/sizedarray2.xml
2 ms. Memory: 464896K Free: 384993K (83%)
----------------- Invoking toplevel() on ptolemy.moml.MoMLSimpleApplication@60acc888
----------------- Done invoking toplevel() on ptolemy.moml.MoMLSimpleApplication@60acc888
reloadAllAccessors: .sizedarray2

===========================================================================================
----------------- testing Fri Oct 11 06:00:19 UTC 2019 /home/travis/build/icyphy/ptII/ptolemy/actor/lib/test/auto/twoPublishers.xml
----------------- Instantiating /home/travis/build/icyphy/ptII/ptolemy/actor/lib/test/auto/twoPublishers.xml
3 ms. Memory: 464896K Free: 373715K (80%)
----------------- Invoking toplevel() on ptolemy.moml.MoMLSimpleApplication@29829205
----------------- Done invoking toplevel() on ptolemy.moml.MoMLSimpleApplication@29829205
reloadAllAccessors: .twoPublishers
AutoTests.java: About to close Vertx.
AutoTests.java: Vertx closed.
]]></system-out>
  <system-err><![CDATA[java.lang.RuntimeException: Execution failed
	at ptolemy.moml.MoMLSimpleApplication$UnloadThread.run(MoMLSimpleApplication.java:402)
Caused by: java.lang.RuntimeException: StringUtilities.exit() was called. Normally, we would exit here because Manager.exitAfterWrapup() was called.  However, because the ptolemy.ptII.exitAfterWrapup property is set, we throw this exception instead.
	at ptolemy.util.StringUtilities.exit(StringUtilities.java:365)
	at ptolemy.actor.Manager.wrapup(Manager.java:1549)
	at ptolemy.actor.Manager.execute(Manager.java:407)
	at ptolemy.actor.Manager.run(Manager.java:1263)
	at ptolemy.actor.Manager$PtolemyRunThread.run(Manager.java:1933)
Warning: '.top.test' is in training mode, set the trainingMode parameter to false before checking in
Warning: '.top.test' is in training mode, set the trainingMode parameter to false before checking in
Warning: '.top.test' is in training mode, set the trainingMode parameter to false before checking in
Warning: '.BooleanSwitch_RegressionTest_WrongTrainingValues.Test' is in training mode, set the trainingMode parameter to false before checking in
Warning: '.BooleanSwitch_RegressionTest_WrongTrainingValues.Test2' is in training mode, set the trainingMode parameter to false before checking in
Warning: '.BooleanSwitch_RegressionTest_WrongTrainingValues.Test2' The test produced 0 tokens.
Warning: '.top.testExceptionHandler' is in training mode, set the trainingMode parameter to false before checking in
java.lang.RuntimeException: Execution failed
	at ptolemy.moml.MoMLSimpleApplication$UnloadThread.run(MoMLSimpleApplication.java:402)
Caused by: ptolemy.kernel.util.IllegalActionException: PublisherPorts cannot be used at the top level, use a Publisher actor instead.
  in .PublisherPortToplevelSubscriber.PublisherPort
	at ptolemy.actor.PublisherPort.preinitialize(PublisherPort.java:403)
	at ptolemy.actor.CompositeActor.preinitialize(CompositeActor.java:1769)
	at ptolemy.actor.Manager.preinitializeAndResolveTypes(Manager.java:1040)
	at ptolemy.actor.Manager.initialize(Manager.java:710)
	at ptolemy.actor.Manager.execute(Manager.java:356)
	at ptolemy.actor.Manager.run(Manager.java:1263)
	at ptolemy.actor.Manager$PtolemyRunThread.run(Manager.java:1933)
java.lang.reflect.InvocationTargetException
	at java.base/jdk.internal.reflect.NativeConstructorAccessorImpl.newInstance0(Native Method)
	at java.base/jdk.internal.reflect.NativeConstructorAccessorImpl.newInstance(NativeConstructorAccessorImpl.java:62)
	at java.base/jdk.internal.reflect.DelegatingConstructorAccessorImpl.newInstance(DelegatingConstructorAccessorImpl.java:45)
	at java.base/java.lang.reflect.Constructor.newInstance(Constructor.java:490)
	at ptolemy.util.test.junit.AutoKnownFailedTests.RunModel(AutoKnownFailedTests.java:105)
	at java.base/jdk.internal.reflect.NativeMethodAccessorImpl.invoke0(Native Method)
	at java.base/jdk.internal.reflect.NativeMethodAccessorImpl.invoke(NativeMethodAccessorImpl.java:62)
	at java.base/jdk.internal.reflect.DelegatingMethodAccessorImpl.invoke(DelegatingMethodAccessorImpl.java:43)
	at java.base/java.lang.reflect.Method.invoke(Method.java:566)
	at org.junit.runners.model.FrameworkMethod$1.runReflectiveCall(FrameworkMethod.java:44)
	at org.junit.internal.runners.model.ReflectiveCallable.run(ReflectiveCallable.java:15)
	at org.junit.runners.model.FrameworkMethod.invokeExplosively(FrameworkMethod.java:41)
	at junitparams.internal.InvokeParameterisedMethod.evaluate(InvokeParameterisedMethod.java:102)
	at org.junit.internal.runners.statements.FailOnTimeout$1.run(FailOnTimeout.java:28)
Caused by: ptolemy.kernel.util.IllegalActionException: PublisherPorts cannot be used at the top level, use a Publisher actor instead.
  in .PublisherPortToplevelSubscriber.PublisherPort
	at ptolemy.actor.PublisherPort.preinitialize(PublisherPort.java:403)
	at ptolemy.actor.CompositeActor.preinitialize(CompositeActor.java:1769)
	at ptolemy.actor.Manager.preinitializeAndResolveTypes(Manager.java:1040)
	at ptolemy.actor.Manager.initialize(Manager.java:710)
	at ptolemy.actor.Manager.execute(Manager.java:356)
	at ptolemy.actor.Manager.run(Manager.java:1263)
	at ptolemy.actor.Manager$PtolemyRunThread.run(Manager.java:1933)
java.lang.RuntimeException: Execution failed
	at ptolemy.moml.MoMLSimpleApplication$UnloadThread.run(MoMLSimpleApplication.java:402)
Caused by: ptolemy.kernel.util.IllegalActionException: SubscriberPorts cannot be used at the top level, use a Subscriber actor instead.
  in .PublisherSubscriberPortToplevel.SubscriberPort
	at ptolemy.actor.SubscriberPort.preinitialize(SubscriberPort.java:328)
	at ptolemy.actor.CompositeActor.preinitialize(CompositeActor.java:1769)
	at ptolemy.actor.Manager.preinitializeAndResolveTypes(Manager.java:1040)
	at ptolemy.actor.Manager.initialize(Manager.java:710)
	at ptolemy.actor.Manager.execute(Manager.java:356)
	at ptolemy.actor.Manager.run(Manager.java:1263)
	at ptolemy.actor.Manager$PtolemyRunThread.run(Manager.java:1933)
java.lang.reflect.InvocationTargetException
	at java.base/jdk.internal.reflect.NativeConstructorAccessorImpl.newInstance0(Native Method)
	at java.base/jdk.internal.reflect.NativeConstructorAccessorImpl.newInstance(NativeConstructorAccessorImpl.java:62)
	at java.base/jdk.internal.reflect.DelegatingConstructorAccessorImpl.newInstance(DelegatingConstructorAccessorImpl.java:45)
	at java.base/java.lang.reflect.Constructor.newInstance(Constructor.java:490)
	at ptolemy.util.test.junit.AutoKnownFailedTests.RunModel(AutoKnownFailedTests.java:105)
	at java.base/jdk.internal.reflect.NativeMethodAccessorImpl.invoke0(Native Method)
	at java.base/jdk.internal.reflect.NativeMethodAccessorImpl.invoke(NativeMethodAccessorImpl.java:62)
	at java.base/jdk.internal.reflect.DelegatingMethodAccessorImpl.invoke(DelegatingMethodAccessorImpl.java:43)
	at java.base/java.lang.reflect.Method.invoke(Method.java:566)
	at org.junit.runners.model.FrameworkMethod$1.runReflectiveCall(FrameworkMethod.java:44)
	at org.junit.internal.runners.model.ReflectiveCallable.run(ReflectiveCallable.java:15)
	at org.junit.runners.model.FrameworkMethod.invokeExplosively(FrameworkMethod.java:41)
	at junitparams.internal.InvokeParameterisedMethod.evaluate(InvokeParameterisedMethod.java:102)
	at org.junit.internal.runners.statements.FailOnTimeout$1.run(FailOnTimeout.java:28)
Caused by: ptolemy.kernel.util.IllegalActionException: SubscriberPorts cannot be used at the top level, use a Subscriber actor instead.
  in .PublisherSubscriberPortToplevel.SubscriberPort
	at ptolemy.actor.SubscriberPort.preinitialize(SubscriberPort.java:328)
	at ptolemy.actor.CompositeActor.preinitialize(CompositeActor.java:1769)
	at ptolemy.actor.Manager.preinitializeAndResolveTypes(Manager.java:1040)
	at ptolemy.actor.Manager.initialize(Manager.java:710)
	at ptolemy.actor.Manager.execute(Manager.java:356)
	at ptolemy.actor.Manager.run(Manager.java:1263)
	at ptolemy.actor.Manager$PtolemyRunThread.run(Manager.java:1933)
java.lang.RuntimeException: Execution failed
	at ptolemy.moml.MoMLSimpleApplication$UnloadThread.run(MoMLSimpleApplication.java:402)
Caused by: ptolemy.kernel.util.IllegalActionException: SubscriptionAggregatorPorts cannot be used at the top level, use a SubscriptionAggregator actor instead.
  in .PublisherSubscriptionAggregatorPort.SubscriptionAggregatorPort
	at ptolemy.actor.SubscriptionAggregatorPort.preinitialize(SubscriptionAggregatorPort.java:353)
	at ptolemy.actor.CompositeActor.preinitialize(CompositeActor.java:1769)
	at ptolemy.actor.Manager.preinitializeAndResolveTypes(Manager.java:1040)
	at ptolemy.actor.Manager.initialize(Manager.java:710)
	at ptolemy.actor.Manager.execute(Manager.java:356)
	at ptolemy.actor.Manager.run(Manager.java:1263)
	at ptolemy.actor.Manager$PtolemyRunThread.run(Manager.java:1933)
java.lang.reflect.InvocationTargetException
	at java.base/jdk.internal.reflect.NativeConstructorAccessorImpl.newInstance0(Native Method)
	at java.base/jdk.internal.reflect.NativeConstructorAccessorImpl.newInstance(NativeConstructorAccessorImpl.java:62)
	at java.base/jdk.internal.reflect.DelegatingConstructorAccessorImpl.newInstance(DelegatingConstructorAccessorImpl.java:45)
	at java.base/java.lang.reflect.Constructor.newInstance(Constructor.java:490)
	at ptolemy.util.test.junit.AutoKnownFailedTests.RunModel(AutoKnownFailedTests.java:105)
	at java.base/jdk.internal.reflect.NativeMethodAccessorImpl.invoke0(Native Method)
	at java.base/jdk.internal.reflect.NativeMethodAccessorImpl.invoke(NativeMethodAccessorImpl.java:62)
	at java.base/jdk.internal.reflect.DelegatingMethodAccessorImpl.invoke(DelegatingMethodAccessorImpl.java:43)
	at java.base/java.lang.reflect.Method.invoke(Method.java:566)
	at org.junit.runners.model.FrameworkMethod$1.runReflectiveCall(FrameworkMethod.java:44)
	at org.junit.internal.runners.model.ReflectiveCallable.run(ReflectiveCallable.java:15)
	at org.junit.runners.model.FrameworkMethod.invokeExplosively(FrameworkMethod.java:41)
	at junitparams.internal.InvokeParameterisedMethod.evaluate(InvokeParameterisedMethod.java:102)
	at org.junit.internal.runners.statements.FailOnTimeout$1.run(FailOnTimeout.java:28)
Caused by: ptolemy.kernel.util.IllegalActionException: SubscriptionAggregatorPorts cannot be used at the top level, use a SubscriptionAggregator actor instead.
  in .PublisherSubscriptionAggregatorPort.SubscriptionAggregatorPort
	at ptolemy.actor.SubscriptionAggregatorPort.preinitialize(SubscriptionAggregatorPort.java:353)
	at ptolemy.actor.CompositeActor.preinitialize(CompositeActor.java:1769)
	at ptolemy.actor.Manager.preinitializeAndResolveTypes(Manager.java:1040)
	at ptolemy.actor.Manager.initialize(Manager.java:710)
	at ptolemy.actor.Manager.execute(Manager.java:356)
	at ptolemy.actor.Manager.run(Manager.java:1263)
	at ptolemy.actor.Manager$PtolemyRunThread.run(Manager.java:1933)
java.lang.RuntimeException: Execution failed
	at ptolemy.moml.MoMLSimpleApplication$UnloadThread.run(MoMLSimpleApplication.java:402)
Caused by: ptolemy.kernel.util.IllegalActionException: TypeTest actor has no training data.
  in .sizedarray3.TypeTest
	at ptolemy.actor.lib.TypeTest.initialize(TypeTest.java:250)
	at ptolemy.actor.Director.initialize(Director.java:938)
	at ptolemy.actor.Director.initialize(Director.java:907)
	at ptolemy.actor.sched.StaticSchedulingDirector.initialize(StaticSchedulingDirector.java:159)
	at ptolemy.domains.sdf.kernel.SDFDirector.initialize(SDFDirector.java:544)
	at ptolemy.actor.CompositeActor.initialize(CompositeActor.java:935)
	at ptolemy.actor.Manager.initialize(Manager.java:724)
	at ptolemy.actor.Manager.execute(Manager.java:356)
	at ptolemy.actor.Manager.run(Manager.java:1263)
	at ptolemy.actor.Manager$PtolemyRunThread.run(Manager.java:1933)
java.lang.reflect.InvocationTargetException
	at java.base/jdk.internal.reflect.NativeConstructorAccessorImpl.newInstance0(Native Method)
	at java.base/jdk.internal.reflect.NativeConstructorAccessorImpl.newInstance(NativeConstructorAccessorImpl.java:62)
	at java.base/jdk.internal.reflect.DelegatingConstructorAccessorImpl.newInstance(DelegatingConstructorAccessorImpl.java:45)
	at java.base/java.lang.reflect.Constructor.newInstance(Constructor.java:490)
	at ptolemy.util.test.junit.AutoKnownFailedTests.RunModel(AutoKnownFailedTests.java:105)
	at java.base/jdk.internal.reflect.NativeMethodAccessorImpl.invoke0(Native Method)
	at java.base/jdk.internal.reflect.NativeMethodAccessorImpl.invoke(NativeMethodAccessorImpl.java:62)
	at java.base/jdk.internal.reflect.DelegatingMethodAccessorImpl.invoke(DelegatingMethodAccessorImpl.java:43)
	at java.base/java.lang.reflect.Method.invoke(Method.java:566)
	at org.junit.runners.model.FrameworkMethod$1.runReflectiveCall(FrameworkMethod.java:44)
	at org.junit.internal.runners.model.ReflectiveCallable.run(ReflectiveCallable.java:15)
	at org.junit.runners.model.FrameworkMethod.invokeExplosively(FrameworkMethod.java:41)
	at junitparams.internal.InvokeParameterisedMethod.evaluate(InvokeParameterisedMethod.java:102)
	at org.junit.internal.runners.statements.FailOnTimeout$1.run(FailOnTimeout.java:28)
Caused by: ptolemy.kernel.util.IllegalActionException: TypeTest actor has no training data.
  in .sizedarray3.TypeTest
	at ptolemy.actor.lib.TypeTest.initialize(TypeTest.java:250)
	at ptolemy.actor.Director.initialize(Director.java:938)
	at ptolemy.actor.Director.initialize(Director.java:907)
	at ptolemy.actor.sched.StaticSchedulingDirector.initialize(StaticSchedulingDirector.java:159)
	at ptolemy.domains.sdf.kernel.SDFDirector.initialize(SDFDirector.java:544)
	at ptolemy.actor.CompositeActor.initialize(CompositeActor.java:935)
	at ptolemy.actor.Manager.initialize(Manager.java:724)
	at ptolemy.actor.Manager.execute(Manager.java:356)
	at ptolemy.actor.Manager.run(Manager.java:1263)
	at ptolemy.actor.Manager$PtolemyRunThread.run(Manager.java:1933)
]]></system-err>
</testsuite>
