<?xml version="1.0" encoding="UTF-8" ?>
<testsuite errors="0" failures="0" hostname="travis-job-9abd0a2d-e93d-4511-a18c-ee4eaa481320" name="ptolemy.cg.lib.test.junit.JUnitTclTest" skipped="0" tests="37" time="126.525" timestamp="2020-03-05T13:49:34">
  <properties>
    <property name="npm.executable" value="npm" />
    <property name="env.TRAVIS_ROOT" value="/" />
    <property name="ptII.mk.exists" value="true" />
    <property name="env.TRAVIS_APP_HOST" value="build.travis-ci.org" />
    <property name="env.rvm_bin_path" value="/home/travis/.rvm/bin" />
    <property name="java.home" value="/usr/local/lib/jvm/openjdk11" />
    <property name="env.TRAVIS_JOB_NUMBER" value="1552.10" />
    <property name="env.TRAVIS_HOME" value="/home/travis" />
    <property name="env.DISPLAY" value=":99.0" />
    <property name="env.TRAVIS_INIT" value="systemd" />
    <property name="env.SSH_TTY" value="/dev/pts/0" />
    <property name="java.net.preferIPv4Stack" value="true" />
    <property name="env.RUN_TESTS" value="true" />
    <property name="timeout.short" value="1000000" />
    <property name="junit.formatter" value="xml" />
    <property name="env.TRAVIS_SUDO" value="true" />
    <property name="env.TRAVIS_JOB_NAME" value="" />
    <property name="env.TRAVIS_STACK_NODE_ATTRIBUTES" value="/.node-attributes.yml" />
    <property name="env.LOGNAME" value="travis" />
    <property name="jsdoc.home" value="node_modules/@terraswarm/jsdoc" />
    <property name="debuglevel" value="source,lines,vars" />
    <property name="checkstyle.formatter" value="xml" />
    <property name="env._system_version" value="16.04" />
    <property name="bin.vergil.makeable" value="true" />
    <property name="sun.os.patch.level" value="unknown" />
    <property name="java.vendor.url" value="http://java.oracle.com/" />
    <property name="env.TRAVIS_BUILD_WEB_URL" value="https://travis-ci.org/icyphy/ptII/builds/658677979" />
    <property name="java.version" value="11.0.2" />
    <property name="env.TZ" value="UTC" />
    <property name="env.TRAVIS_PULL_REQUEST_SHA" value="" />
    <property name="env.PT_NO_NET" value="true" />
    <property name="env.TRAVIS_SECURE_ENV_VARS" value="true" />
    <property name="env._system_type" value="Linux" />
    <property name="java.vendor.url.bug" value="http://bugreport.java.com/bugreport/" />
    <property name="npmjs-org-is-up" value="true" />
    <property name="env.LANGUAGE" value="en_US.UTF-8" />
    <property name="env.SSH_CLIENT" value="10.44.2.59 41246 22" />
    <property name="env.GEM_HOME" value="/home/travis/.rvm/gems/ruby-2.5.3" />
    <property name="env.HAS_ANTARES_THREE_LITTLE_FRONZIES_BADGE" value="true" />
    <property name="java.version.date" value="2019-01-15" />
    <property name="env.PS4" value="+" />
    <property name="ant.project.invoked-targets" value="build,test.core3.xml" />
    <property name="env.TRAVIS_PULL_REQUEST_BRANCH" value="" />
    <property name="env.TRAVIS_REPO_SLUG" value="icyphy/ptII" />
    <property name="env.XDG_DATA_DIRS" value="/usr/local/share:/usr/share:/var/lib/snapd/desktop" />
    <property name="jdk.debug" value="release" />
    <property name="env.TRAVIS_APT_PROXY" value="http://build-cache.travisci.net" />
    <property name="env.TRAVIS_CPU_ARCH" value="amd64" />
    <property name="node.in.path" value="true" />
    <property name="user.name" value="travis" />
    <property name="java.maxmemory" value="1400m" />
    <property name="env.RUBY_VERSION" value="ruby-2.5.3" />
    <property name="env.LANG" value="en_US.UTF-8" />
    <property name="sun.io.unicode.encoding" value="UnicodeLittle" />
    <property name="sun.jnu.encoding" value="UTF-8" />
    <property name="java.runtime.name" value="OpenJDK Runtime Environment" />
    <property name="usefile" value="false" />
    <property name="return.code" value="0" />
    <property name="junit.single.formatter" value="plain" />
    <property name="env.DYLD_LIBRARY_PATH" value="/home/travis/pthla/certi-tools/lib:" />
    <property name="env.DEBIAN_FRONTEND" value="noninteractive" />
    <property name="env.SSH_CONNECTION" value="10.44.2.59 41246 10.20.0.88 22" />
    <property name="env.MYSQL_UNIX_PORT" value="/var/run/mysqld/mysqld.sock" />
    <property name="env.LC_ALL" value="en_US.UTF-8" />
    <property name="env.TRAVIS_ALLOW_FAILURE" value="false" />
    <property name="env.TRAVIS_JOB_WEB_URL" value="https://travis-ci.org/icyphy/ptII/jobs/658677989" />
    <property name="java.specification.name" value="Java Platform API Specification" />
    <property name="node.works" value="true" />
    <property name="user.timezone" value="" />
    <property name="path.separator" value=":" />
    <property name="env.TRAVIS_ENABLE_INFRA_DETECTION" value="true" />
    <property name="env.PYTHON_CFLAGS" value="-g -fstack-protector --param=ssp-buffer-size=4 -Wformat -Werror=format-security" />
    <property name="timeout.long" value="4000000" />
    <property name="env.CERTI_HOME" value="/home/travis/pthla/certi-tools" />
    <property name="ant.file.ptII" value="/home/travis/build/icyphy/ptII/build.xml" />
    <property name="javadoc.packagenames" value="com.*,diva.*,lbnl.*,org.hlacerti.*,org.json.*,org.ptolemy.*,org.terraswarm.*,ptolemy.*,ptserver.*" />
    <property name="file.encoding" value="UTF-8" />
    <property name="env.TRAVIS_PULL_REQUEST_SLUG" value="" />
    <property name="ant.project.default-target" value="build" />
    <property name="env.GIT_ASKPASS" value="echo" />
    <property name="env.HOME" value="/home/travis" />
    <property name="sun.java.command" value="org.apache.tools.ant.taskdefs.optional.junit.JUnitTestRunner ptolemy.cg.lib.test.junit.JUnitTclTest skipNonTests=false filtertrace=true haltOnError=false haltOnFailure=false formatter=org.apache.tools.ant.taskdefs.optional.junit.OutErrSummaryJUnitResultFormatter showoutput=true outputtoformatters=true logfailedtests=true threadid=0 logtestlistenerevents=false formatter=org.apache.tools.ant.taskdefs.optional.junit.XMLJUnitResultFormatter,/home/travis/build/icyphy/ptII/reports/junit/TEST-ptolemy.cg.lib.test.junit.JUnitTclTest.xml crashfile=/home/travis/build/icyphy/ptII/junitvmwatcher4903169646878461923.properties propsfile=/home/travis/build/icyphy/ptII/junit792183253506104826.properties" />
    <property name="env.COMPOSER_NO_INTERACTION" value="1" />
    <property name="env.MANPATH" value="/home/travis/.nvm/versions/node/v7.10.1/share/man:/home/travis/.rvm/rubies/ruby-2.5.3/share/man:/usr/local/cmake-3.12.4/man:/usr/local/clang-7.0.0/share/man:/usr/local/man:/usr/local/share/man:/usr/share/man:/home/travis/.rvm/man" />
    <property name="env.TRAVIS_TIMER_ID" value="066b2814" />
    <property name="ant.file" value="/home/travis/build/icyphy/ptII/build.xml" />
    <property name="env.TRAVIS_COMMIT_RANGE" value="d16645e835e5...a44974e65b6b" />
    <property name="env._system_name" value="Ubuntu" />
    <property name="ptII.classpath.optional.property" value="/home/travis/build/icyphy/ptII/lib/bsh-2.0b4.jar:/home/travis/build/icyphy/ptII/lib/ptCal.jar:/home/travis/build/icyphy/ptII/lib/java_cup.jar:/home/travis/build/icyphy/ptII/lib/saxon8.jar:/home/travis/build/icyphy/ptII/lib/saxon8-dom.jar:/home/travis/build/icyphy/ptII/lib/chic.jar:/home/travis/build/icyphy/ptII/lib/ptcolt.jar:/home/travis/build/icyphy/ptII/vendors/misc/itext/iText.jar:/home/travis/build/icyphy/ptII/lib/g4ltl.jar:/home/travis/build/icyphy/ptII/lib/StructuralCoder.jar:/home/travis/build/icyphy/ptII/lib/jcerti.jar:/home/travis/build/icyphy/ptII/lib/javax.mail.jar:/home/travis/build/icyphy/ptII/vendors/JMF-2.1.1e/lib/jmf.jar:/home/travis/build/icyphy/ptII/lib/jna-4.0.0-variadic.jar:/home/travis/build/icyphy/ptII/vendors/misc/joystick/Joystick.jar:/home/travis/build/icyphy/ptII/lib/ptjacl.jar:/home/travis/build/icyphy/ptII/lib/jsoup-1.8.2.jar:/home/travis/build/icyphy/ptII/lib/junit-4.8.2.jar:/home/travis/build/icyphy/ptII/lib/JUnitParams-0.4.0.jar:/home/travis/build/icyphy/ptII/ptolemy/actor/lib/excel/jxl.jar:/home/travis/build/icyphy/ptII/lib/jython.jar:/home/travis/build/icyphy/ptII/lib/kieler.jar:/home/travis/build/icyphy/ptII/vendors/opencv/share/OpenCV/java/opencv-341.jar:/home/travis/build/icyphy/ptII/lib/oscP5.jar:/home/travis/build/icyphy/ptII/lib/nrjavaserial-3.11.0.devel.jar:/home/travis/build/icyphy/ptII/vendors/j3d/lib/Linux/j3dcore.jar:/home/travis/build/icyphy/ptII/vendors/j3d/lib/Linux/j3dutils.jar:/home/travis/build/icyphy/ptII/vendors/j3d/lib/Linux/vecmath.jar:/home/travis/build/icyphy/ptII/vendors/jogl/lib/Linux/gluegen-rt-natives-linux-amd64.jar:/home/travis/build/icyphy/ptII/vendors/jogl/lib/Linux/gluegen-rt.jar:/home/travis/build/icyphy/ptII/vendors/jogl/lib/Linux/jogl-all-natives-linux-amd64.jar:/home/travis/build/icyphy/ptII/vendors/jogl/lib/Linux/jogl-all.jar:/home/travis/build/icyphy/ptII/ptolemy/distributed/jini/jar/jini-core.jar:/home/travis/build/icyphy/ptII/ptolemy/distributed/jini/jar/jini-ext.jar:/home/travis/build/icyphy/ptII/ptolemy/distributed/jini/jar/sun-util.jar:/home/travis/build/icyphy/ptII/lib/protobuf-java-2.4.1.jar:/home/travis/build/icyphy/ptII/lib/org.eclipse.paho.client.mqttv3.jar:/home/travis/build/icyphy/ptII/lib/mapss.jar:/home/travis/build/icyphy/ptII/ptolemy/actor/ptalon/antlr/antlr.jar:/home/travis/build/icyphy/ptII/lib/JRI.jar:/home/travis/build/icyphy/ptII/lib/commons-lang-2.6.jar:/home/travis/build/icyphy/ptII/lib/commons-logging-1.1.1.jar:/home/travis/build/icyphy/ptII/lib/sootclasses.jar:/home/travis/build/icyphy/ptII/ptolemy/actor/lib/database/mysql-connector-java-5.1.6-bin.jar:/home/travis/build/icyphy/ptII/vendors/misc/sphinx4/sphinx4-data-5prealpha.jar:/home/travis/build/icyphy/ptII/vendors/misc/sphinx4/sphinx4-core-5prealpha.jar:/home/travis/build/icyphy/ptII/lib/PDFRenderer.jar:/home/travis/build/icyphy/ptII/lib/svgSalamander.jar:/home/travis/build/icyphy/ptII/lib/rsyntaxtextarea-2.6.0-SNAPSHOT.jar:/home/travis/build/icyphy/ptII/lib/hazelcast-3.8.2.jar:/home/travis/build/icyphy/ptII/lib/jackson-annotations-2.9.0.jar:/home/travis/build/icyphy/ptII/lib/jackson-core-2.9.3.jar:/home/travis/build/icyphy/ptII/lib/jackson-databind-2.9.3.jar:/home/travis/build/icyphy/ptII/lib/netty-buffer-4.1.19.Final.jar:/home/travis/build/icyphy/ptII/lib/netty-codec-4.1.19.Final.jar:/home/travis/build/icyphy/ptII/lib/netty-codec-dns-4.1.19.Final.jar:/home/travis/build/icyphy/ptII/lib/netty-codec-http-4.1.19.Final.jar:/home/travis/build/icyphy/ptII/lib/netty-codec-http2-4.1.19.Final.jar:/home/travis/build/icyphy/ptII/lib/netty-common-4.1.19.Final.jar:/home/travis/build/icyphy/ptII/lib/netty-handler-4.1.19.Final.jar:/home/travis/build/icyphy/ptII/lib/netty-resolver-4.1.19.Final.jar:/home/travis/build/icyphy/ptII/lib/netty-resolver-dns-4.1.19.Final.jar:/home/travis/build/icyphy/ptII/lib/netty-transport-4.1.19.Final.jar:/home/travis/build/icyphy/ptII/lib/vertx-codegen-3.5.1.jar:/home/travis/build/icyphy/ptII/lib/vertx-core-3.5.2-SNAPSHOT.jar:/home/travis/build/icyphy/ptII/lib/vertx-hazelcast-3.5.1.jar:/home/travis/build/icyphy/ptII/lib/vertx-lang-js-3.5.1.jar:/home/travis/build/icyphy/ptII/lib/vertx-service-proxy-3.5.1.jar:/home/travis/build/icyphy/ptII/lib/vertx-web-3.5.1.jar:/home/travis/build/icyphy/ptII/lib/slf4j-api-1.7.13.jar:/home/travis/build/icyphy/ptII/lib/slf4j-simple-1.7.13.jar:/home/travis/build/icyphy/ptII/lib/webcam-capture-0.3.12.jar:/home/travis/build/icyphy/ptII/lib/bridj-0.7.0.jar:/home/travis/build/icyphy/ptII/lib/xbjlib-1.1.0.nrjavaserial.jar" />
    <property name="timeout" value="2400000" />
    <property name="test.batch" value="**/junit/*.java" />
    <property name="env._" value="/usr/bin/timeout" />
    <property name="java.io.tmpdir" value="/tmp" />
    <property name="user.language" value="en" />
    <property name="env.TRAVIS_INTERNAL_RUBY_REGEX" value="^ruby-(2\.[0-4]\.[0-9]|1\.9\.3)" />
    <property name="env.HISTCONTROL" value="ignoredups:ignorespace" />
    <property name="env.GOROOT" value="/home/travis/.gimme/versions/go1.11.1.linux.amd64" />
    <property name="line.separator" value="&#xa;" />
    <property name="target" value="11" />
    <property name="env.TRAVIS_BUILD_DIR" value="/home/travis/build/icyphy/ptII" />
    <property name="env.ANT_OPTS" value="-Xmx2048m" />
    <property name="ant.file.type" value="file" />
    <property name="ptolemy.ptII.batchMode" value="true" />
    <property name="env.HISTSIZE" value="1000" />
    <property name="env.MERB_ENV" value="test" />
    <property name="java.vm.info" value="mixed mode" />
    <property name="source" value="11" />
    <property name="java.vm.specification.name" value="Java Virtual Machine Specification" />
    <property name="env.TRAVIS_TEST_RESULT" value="0" />
    <property name="jsdoc.command" value="node_modules/@terraswarm/jsdoc/jsdoc.js" />
    <property name="npm.works" value="true" />
    <property name="cobertura.dir" value="/home/travis/build/icyphy/ptII/vendors/cobertura-2.0.3" />
    <property name="jsdoc.command.exists" value="true" />
    <property name="env.rvm_path" value="/home/travis/.rvm" />
    <property name="env.GEM_PATH" value="/home/travis/.rvm/gems/ruby-2.5.3:/home/travis/.rvm/gems/ruby-2.5.3@global" />
    <property name="env.LC_CTYPE" value="en_US.UTF-8" />
    <property name="env.TRAVIS_CMD" value="$PTII/bin/ptIITravisBuild.sh $SECONDS" />
    <property name="java.awt.printerjob" value="sun.print.PSPrinterJob" />
    <property name="env.TRAVIS_STACK_NAME" value="sardonyx" />
    <property name="env.TRAVIS_TIMER_START_TIME" value="1583415477881875450" />
    <property name="ant.version" value="Apache Ant(TM) version 1.10.1 compiled on February 2 2017" />
    <property name="ptII.reports" value="/home/travis/build/icyphy/ptII/reports" />
    <property name="env.TRAVIS_STACK_TIMESTAMP" value="2019-03-25 16:16:56 UTC" />
    <property name="ant.file.type.ptII" value="file" />
    <property name="env.PT_TRAVIS_TEST_CORE3_XML" value="true" />
    <property name="env.RBENV_SHELL" value="bash" />
    <property name="os.name" value="Linux" />
    <property name="java.specification.vendor" value="Oracle Corporation" />
    <property name="env.rvm_version" value="1.29.7 (latest)" />
    <property name="env.TRAVIS_INFRA" value="unknown" />
    <property name="env.TERM" value="xterm" />
    <property name="java.vm.name" value="OpenJDK 64-Bit Server VM" />
    <property name="env.TRAVIS_BUILD_NUMBER" value="1552" />
    <property name="env.CI" value="true" />
    <property name="java.library.path" value="/home/travis/pthla/certi-tools/lib:/usr/lib/jni:/usr/local/share/OpenCV/java/:/usr/share/OpenCV/java::/usr/java/packages/lib:/usr/lib64:/lib64:/lib:/usr/lib" />
    <property name="jdk.module.path" value="/home/travis/build/icyphy/ptII/vendors/javafx/javafx-sdk-11.0.2/lib:" />
    <property name="env.rvm_prefix" value="/home/travis" />
    <property name="env.PATH" value="/home/travis/pthla/certi-tools/share/scripts:/home/travis/.rvm/gems/ruby-2.5.3/bin:/home/travis/.rvm/gems/ruby-2.5.3@global/bin:/home/travis/.rvm/rubies/ruby-2.5.3/bin:/home/travis/.rvm/bin:/home/travis/.nvm/versions/node/v7.10.1/bin:./node_modules/.bin:/home/travis/build/icyphy/ptII/bin:/home/travis/pthla/certi-tools/bin:/home/travis/bin:/home/travis/.local/bin:/usr/local/lib/jvm/openjdk11/bin:/opt/pyenv/shims:/home/travis/.phpenv/shims:/home/travis/perl5/perlbrew/bin:/home/travis/gopath/bin:/home/travis/.gimme/versions/go1.11.1.linux.amd64/bin:/usr/local/maven-3.6.0/bin:/usr/local/cmake-3.12.4/bin:/usr/local/clang-7.0.0/bin:/usr/local/sbin:/usr/local/bin:/usr/sbin:/usr/bin:/sbin:/bin:/snap/bin:/home/travis/.phpenv/bin:/opt/pyenv/bin:/home/travis/.yarn/bin" />
    <property name="env.TRAVIS_OS_NAME" value="linux" />
    <property name="ant.java.version" value="9" />
    <property name="basedir" value="/home/travis/build/icyphy/ptII" />
    <property name="java.class.version" value="55.0" />
    <property name="env.SHLVL" value="3" />
    <property name="env.LD_LIBRARY_PATH" value="/home/travis/pthla/certi-tools/lib:/usr/lib/jni:/usr/local/share/OpenCV/java/:/usr/share/OpenCV/java:" />
    <property name="env.RACK_ENV" value="test" />
    <property name="ant.home" value="/home/travis/build/icyphy/ptII/ant" />
    <property name="env.NVM_DIR" value="/home/travis/.nvm" />
    <property name="env.CERTI_FOM_PATH" value="/home/travis/pthla/certi-tools/share/federations" />
    <property name="env.TRAVIS_BUILD_ID" value="658677979" />
    <property name="env.PYENV_ROOT" value="/opt/pyenv" />
    <property name="env.TRAVIS_UID" value="2000" />
    <property name="prism.verbose" value="true" />
    <property name="env.NVM_BIN" value="/home/travis/.nvm/versions/node/v7.10.1/bin" />
    <property name="env.TRAVIS_COMMIT" value="a44974e65b6b3f5025a690ee2dbb23a039e39d88" />
    <property name="env._system_arch" value="x86_64" />
    <property name="node.executable" value="node" />
    <property name="sun.boot.library.path" value="/usr/local/lib/jvm/openjdk11/lib" />
    <property name="sun.management.compiler" value="HotSpot 64-Bit Tiered Compilers" />
    <property name="java.awt.graphicsenv" value="sun.awt.X11GraphicsEnvironment" />
    <property name="env.GOPATH" value="/home/travis/gopath" />
    <property name="ptolemy.ptII.dir" value="/home/travis/build/icyphy/ptII" />
    <property name="env.USER" value="travis" />
    <property name="env.HISTFILESIZE" value="2000" />
    <property name="timeout.longest" value="19000000" />
    <property name="env.PERLBREW_SHELLRC_VERSION" value="0.86" />
    <property name="env.TRAVIS_STACK_FEATURES" value="basic couchdb disabled-ipv6 docker docker-compose elasticsearch firefox go-toolchain google-chrome jdk memcached mongodb mysql nodejs_interpreter perl_interpreter perlbrew phantomjs postgresql python_interpreter redis ruby_interpreter sqlite xserver" />
    <property name="env.TRAVIS_PULL_REQUEST" value="false" />
    <property name="env.PYENV_SHELL" value="bash" />
    <property name="ant.project.name" value="ptII" />
    <property name="env.ANSI_RESET" value="\033[0m" />
    <property name="java.vm.specification.version" value="11" />
    <property name="env.TRAVIS_DIST" value="xenial" />
    <property name="env.CERTI_VERSION" value="4.0.0" />
    <property name="env.CERTI_HOST" value="localhost" />
    <property name="awt.toolkit" value="sun.awt.X11.XToolkit" />
    <property name="env.MY_RUBY_HOME" value="/home/travis/.rvm/rubies/ruby-2.5.3" />
    <property name="sun.cpu.isalist" value="" />
    <property name="env.TRAVIS_TMPDIR" value="/tmp/tmp.jrsz4H1GrB" />
    <property name="java.vm.compressedOopsMode" value="Zero based" />
    <property name="os.version" value="4.15.0-1028-gcp" />
    <property name="user.home" value="/home/travis" />
    <property name="java.vm.vendor" value="Oracle Corporation" />
    <property name="env.TRAVIS_TAG" value="nightly" />
    <property name="env.ANSI_YELLOW" value="\033[33;1m" />
    <property name="env.TRAVIS_FILTERED" value="redirect_io" />
    <property name="env.ANSI_GREEN" value="\033[32;1m" />
    <property name="env.JAVA_HOME" value="/usr/local/lib/jvm/openjdk11" />
    <property name="javadoc.excludepackagenames" value="adm.cvs2svn.*,build.*,config.*,doc.coding.templates.*,jni.test.jni.meaningOfLife.*,jni.test.jni.testDeux.*,jni.test.jni.testTrois.*,org.terraswarm.accessor.accessors.web.node_modules.*,org.terraswarm.accessor.accessors.web.hosts.cordova.demo.*,org.terraswarm.accessor.accessors.web.hosts.cordova.plugins.*,org.terraswarm.accessor.accessors-svn.*,pt-modules.*,ptolemy.apps.agilent.*,ptolemy.apps.anytimecontrol.*,ptolemy.apps.apes.*,ptolemy.apps.charon.*,ptolemy.apps.crazyboard.*,ptolemy.apps.eclipse.*,ptolemy.apps.etherealSting.*,ptolemy.apps.fullscreen.*,ptolemy.apps.giotto.*,ptolemy.apps.ia.*,ptolemy.apps.interfaces.*,ptolemy.apps.jmf.*,ptolemy.apps.kurt.*,ptolemy.apps.kvm.*,ptolemy.apps.lego.*,ptolemy.apps.lejos.*,ptolemy.apps.midp.*,ptolemy.apps.mobileCoding.*,ptolemy.apps.pendulum.*,ptolemy.apps.rijndael.*,ptolemy.apps.robot.*,ptolemy.apps.security.*,ptolemy.apps.sobel.*,ptolemy.apps.soot.*,ptolemy.apps.throttle.*,ptolemy.apps.tini.*,ptolemy.apps.transmission.*,ptolemy.apps.vergil.*,ptolemy.apps.waba.*,ptolemy.apps.websensor.*,ptolemy.apps.webstart.*,ptolemy.apps.xsl.*,ptolemy.apps.zaurus.*,ptolemy.codegen.c.actor.lib.oldJavaFiles.*,ptolemy.codegen.dsp.lib.*,ptolemy.codegen.kernel.newInterfaces.*,ptolemy.codegen.lib.*,ptolemy.copernicus.kernel.fragment.*,ptolemy.copernicus.shallow.cg.*,ptolemy.domains.giotto.demo.Hierarchy.Hierarchy.*,ptolemy.domains.giotto.demo.Multimode.Multimode.*,ptolemy.domains.giotto.demo.Simple.Simple.*,ptolemy.domains.gr.lib.experimental.*,ptolemy.domains.gro.*,ptolemy.domains.pdf.*,ptolemy.domains.ptinyos.demo.Surge.output.*,ptolemy.moml.test.NoPackageActor.java*,ptolemy.plot.adm.*,ptolemy.plot.servlet.*,reports.*,signed.*,src.*,target.*,vendors.*,ptolemy.copernicus.applet.*,ptolemy.media.viewer.*,ptolemy.actor.corba.*,doc.doclets.*,ptolemy.apps.eclipse.awt.*,ptolemy.backtrack.*,ptolemy.backtrack.ast.*,ptolemy.cg.adapter.generic.program.procedural.c.mbed*,ptolemy.homer.*,ptolemy.actor.lib.jai.*,org.ptolemy.scala.*,diva.util.java2d.svg.*,ptolemy.domains.ptinyos.*,ptolemy.actor.lib.fmi.fmipp.*,,org.terraswarm.accessor.accessors.web.node_modules.*,org.terraswarm.accessor.accessors-svn,ptolemy.apps.*,ptolemy.actor.ptalon.demo.ptinyos.SendAndReceiveCnt.output,ptolemy.actor.ptalon.demo.ptinyos.SenseToLeds.output,ptolemy.domains.ptinyos.demo.CntToLedsAndRfm.output,ptolemy.domains.ptinyos.demo.RfmToLeds.output,ptolemy.domains.ptinyos.demo.SendAndReceiveCnt.output,ptolemy.domains.ptinyos.demo.SenseToLeds.output,ptolemy.actor.lib.jjs.modules.udpSocket.*" />
    <property name="env.PTII" value="/home/travis/build/icyphy/ptII" />
    <property name="env.XDG_SESSION_ID" value="2" />
    <property name="keystore" value="ptKeystore" />
    <property name="env.TRAVIS_COMMIT_MESSAGE" value="Updating federates in MultiDataTypes_1516.xml since HLA 1516 does not need certiMessageBuffer." />
    <property name="junit.output.dir" value="/home/travis/build/icyphy/ptII/reports/junit" />
    <property name="npm.return.code" value="0" />
    <property name="user.dir" value="/home/travis/build/icyphy/ptII/ptolemy/cg/lib/test" />
    <property name="env.TRAVIS_NODE_VERSION" value="7" />
    <property name="env.TRAVIS_EVENT_TYPE" value="push" />
    <property name="env.MAIL" value="/var/mail/travis" />
    <property name="env.PERLBREW_ROOT" value="/home/travis/perl5/perlbrew" />
    <property name="env.PWD" value="/home/travis/build/icyphy/ptII" />
    <property name="timeout.npm" value="45000" />
    <property name="env.TRAVIS_ARCH" value="amd64" />
    <property name="sun.cpu.endian" value="little" />
    <property name="env.PAGER" value="cat" />
    <property name="env.TRAVIS_BUILD_STAGE_NAME" value="Test" />
    <property name="env.PERLBREW_HOME" value="/home/travis/.perlbrew" />
    <property name="java.vm.version" value="11.0.2+9" />
    <property name="env.RAILS_ENV" value="test" />
    <property name="java.class.path" value="/home/travis/build/icyphy/ptII:/home/travis/build/icyphy/ptII/lib/bsh-2.0b4.jar:/home/travis/build/icyphy/ptII/lib/ptCal.jar:/home/travis/build/icyphy/ptII/lib/java_cup.jar:/home/travis/build/icyphy/ptII/lib/saxon8.jar:/home/travis/build/icyphy/ptII/lib/saxon8-dom.jar:/home/travis/build/icyphy/ptII/lib/chic.jar:/home/travis/build/icyphy/ptII/lib/ptcolt.jar:/home/travis/build/icyphy/ptII/vendors/misc/itext/iText.jar:/home/travis/build/icyphy/ptII/lib/g4ltl.jar:/home/travis/build/icyphy/ptII/lib/StructuralCoder.jar:/home/travis/build/icyphy/ptII/lib/jcerti.jar:/home/travis/build/icyphy/ptII/lib/javax.mail.jar:/home/travis/build/icyphy/ptII/vendors/JMF-2.1.1e/lib/jmf.jar:/home/travis/build/icyphy/ptII/lib/jna-4.0.0-variadic.jar:/home/travis/build/icyphy/ptII/vendors/misc/joystick/Joystick.jar:/home/travis/build/icyphy/ptII/lib/ptjacl.jar:/home/travis/build/icyphy/ptII/lib/jsoup-1.8.2.jar:/home/travis/build/icyphy/ptII/lib/junit-4.8.2.jar:/home/travis/build/icyphy/ptII/lib/JUnitParams-0.4.0.jar:/home/travis/build/icyphy/ptII/ptolemy/actor/lib/excel/jxl.jar:/home/travis/build/icyphy/ptII/lib/jython.jar:/home/travis/build/icyphy/ptII/lib/kieler.jar:/home/travis/build/icyphy/ptII/vendors/opencv/share/OpenCV/java/opencv-341.jar:/home/travis/build/icyphy/ptII/lib/oscP5.jar:/home/travis/build/icyphy/ptII/lib/nrjavaserial-3.11.0.devel.jar:/home/travis/build/icyphy/ptII/vendors/j3d/lib/Linux/j3dcore.jar:/home/travis/build/icyphy/ptII/vendors/j3d/lib/Linux/j3dutils.jar:/home/travis/build/icyphy/ptII/vendors/j3d/lib/Linux/vecmath.jar:/home/travis/build/icyphy/ptII/vendors/jogl/lib/Linux/gluegen-rt-natives-linux-amd64.jar:/home/travis/build/icyphy/ptII/vendors/jogl/lib/Linux/gluegen-rt.jar:/home/travis/build/icyphy/ptII/vendors/jogl/lib/Linux/jogl-all-natives-linux-amd64.jar:/home/travis/build/icyphy/ptII/vendors/jogl/lib/Linux/jogl-all.jar:/home/travis/build/icyphy/ptII/ptolemy/distributed/jini/jar/jini-core.jar:/home/travis/build/icyphy/ptII/ptolemy/distributed/jini/jar/jini-ext.jar:/home/travis/build/icyphy/ptII/ptolemy/distributed/jini/jar/sun-util.jar:/home/travis/build/icyphy/ptII/lib/protobuf-java-2.4.1.jar:/home/travis/build/icyphy/ptII/lib/org.eclipse.paho.client.mqttv3.jar:/home/travis/build/icyphy/ptII/lib/mapss.jar:/home/travis/build/icyphy/ptII/ptolemy/actor/ptalon/antlr/antlr.jar:/home/travis/build/icyphy/ptII/lib/JRI.jar:/home/travis/build/icyphy/ptII/lib/commons-lang-2.6.jar:/home/travis/build/icyphy/ptII/lib/commons-logging-1.1.1.jar:/home/travis/build/icyphy/ptII/lib/sootclasses.jar:/home/travis/build/icyphy/ptII/ptolemy/actor/lib/database/mysql-connector-java-5.1.6-bin.jar:/home/travis/build/icyphy/ptII/vendors/misc/sphinx4/sphinx4-data-5prealpha.jar:/home/travis/build/icyphy/ptII/vendors/misc/sphinx4/sphinx4-core-5prealpha.jar:/home/travis/build/icyphy/ptII/lib/PDFRenderer.jar:/home/travis/build/icyphy/ptII/lib/svgSalamander.jar:/home/travis/build/icyphy/ptII/lib/rsyntaxtextarea-2.6.0-SNAPSHOT.jar:/home/travis/build/icyphy/ptII/lib/hazelcast-3.8.2.jar:/home/travis/build/icyphy/ptII/lib/jackson-annotations-2.9.0.jar:/home/travis/build/icyphy/ptII/lib/jackson-core-2.9.3.jar:/home/travis/build/icyphy/ptII/lib/jackson-databind-2.9.3.jar:/home/travis/build/icyphy/ptII/lib/netty-buffer-4.1.19.Final.jar:/home/travis/build/icyphy/ptII/lib/netty-codec-4.1.19.Final.jar:/home/travis/build/icyphy/ptII/lib/netty-codec-dns-4.1.19.Final.jar:/home/travis/build/icyphy/ptII/lib/netty-codec-http-4.1.19.Final.jar:/home/travis/build/icyphy/ptII/lib/netty-codec-http2-4.1.19.Final.jar:/home/travis/build/icyphy/ptII/lib/netty-common-4.1.19.Final.jar:/home/travis/build/icyphy/ptII/lib/netty-handler-4.1.19.Final.jar:/home/travis/build/icyphy/ptII/lib/netty-resolver-4.1.19.Final.jar:/home/travis/build/icyphy/ptII/lib/netty-resolver-dns-4.1.19.Final.jar:/home/travis/build/icyphy/ptII/lib/netty-transport-4.1.19.Final.jar:/home/travis/build/icyphy/ptII/lib/vertx-codegen-3.5.1.jar:/home/travis/build/icyphy/ptII/lib/vertx-core-3.5.2-SNAPSHOT.jar:/home/travis/build/icyphy/ptII/lib/vertx-hazelcast-3.5.1.jar:/home/travis/build/icyphy/ptII/lib/vertx-lang-js-3.5.1.jar:/home/travis/build/icyphy/ptII/lib/vertx-service-proxy-3.5.1.jar:/home/travis/build/icyphy/ptII/lib/vertx-web-3.5.1.jar:/home/travis/build/icyphy/ptII/lib/slf4j-api-1.7.13.jar:/home/travis/build/icyphy/ptII/lib/slf4j-simple-1.7.13.jar:/home/travis/build/icyphy/ptII/lib/webcam-capture-0.3.12.jar:/home/travis/build/icyphy/ptII/lib/bridj-0.7.0.jar:/home/travis/build/icyphy/ptII/lib/xbjlib-1.1.0.nrjavaserial.jar:/home/travis/build/icyphy/ptII/ptolemy/moml/test:/home/travis/build/icyphy/ptII/ant/lib/ant-launcher.jar:/home/travis/build/icyphy/ptII/ant/lib/ant.jar:/home/travis/build/icyphy/ptII/ant/lib/ant-junit.jar:/home/travis/build/icyphy/ptII/ant/lib/ant-junit4.jar" />
    <property name="ant.library.dir" value="/home/travis/build/icyphy/ptII/ant/lib" />
    <property name="os.arch" value="amd64" />
    <property name="env.CONTINUOUS_INTEGRATION" value="true" />
    <property name="env.TRAVIS_LANGUAGE" value="node_js" />
    <property name="env.TRAVIS_STACK_LANGUAGES" value="__sardonyx__ c c++ clojure cplusplus cpp default generic go groovy java node_js php pure_java python ruby scala" />
    <property name="test.name" value="ptolemy.actor.lib.test.junit.JUnitTclTest" />
    <property name="env.APT_KEY_DONT_WARN_ON_DANGEROUS_USAGE" value="1" />
    <property name="sun.java.launcher" value="SUN_STANDARD" />
    <property name="env.PYTHON_CONFIGURE_OPTS" value="--enable-unicode=ucs4 --with-wide-unicode --enable-shared --enable-ipv6 --enable-loadable-sqlite-extensions --with-computed-gotos" />
    <property name="ant.core.lib" value="/home/travis/build/icyphy/ptII/ant/lib/ant.jar" />
    <property name="java.vm.specification.vendor" value="Oracle Corporation" />
    <property name="env.BCVTB_HOME" value="/home/travis/build/icyphy/ptII/lbnl" />
    <property name="file.separator" value="/" />
    <property name="spotbugs.home" value="/home/travis/build/icyphy/ptII/vendors/spotbugs-3.1.1" />
    <property name="java.runtime.version" value="11.0.2+9" />
    <property name="env.ANSI_CLEAR" value="\033[0K" />
    <property name="javafx.verbose" value="true" />
    <property name="env.HAS_JOSH_K_SEAL_OF_APPROVAL" value="true" />
    <property name="env.XDG_RUNTIME_DIR" value="/run/user/2000" />
    <property name="env.TRAVIS_OSX_IMAGE" value="" />
    <property name="env.TRAVIS_JOB_ID" value="658677989" />
    <property name="env.TRAVIS_BRANCH" value="master" />
    <property name="user.country" value="US" />
    <property name="env.CERTI_HOME_TRAVIS" value="/home/travis/pthla/certi-tools" />
    <property name="env.SHELL" value="/bin/bash" />
    <property name="java.maxmemory.large" value="3200m" />
    <property name="model" value="" />
    <property name="env.CASHER_DIR" value="/home/travis/.casher" />
    <property name="env.NVM_CD_FLAGS" value="" />
    <property name="java.vendor.version" value="18.9" />
    <property name="jshint.executable" value="/home/travis/node_modules/jshint/bin/jshint" />
    <property name="env.JRUBY_OPTS" value=" --client -J-XX:+TieredCompilation -J-XX:TieredStopAtLevel=1 -J-Xss2m -Xcompile.invokedynamic=false" />
    <property name="java.vendor" value="Oracle Corporation" />
    <property name="env.TRAVIS_PRE_CHEF_BOOTSTRAP_TIME" value="2019-03-25T16:16:42" />
    <property name="env.TRAVIS_STACK_JOB_BOARD_REGISTER" value="/.job-board-register.yml" />
    <property name="env.ANSI_RED" value="\033[31;1m" />
    <property name="java.specification.version" value="11" />
    <property name="env.IRBRC" value="/home/travis/.rvm/rubies/ruby-2.5.3/.irbrc" />
    <property name="env.TRAVIS" value="true" />
    <property name="sun.arch.data.model" value="64" />
  </properties>
  <testcase classname="ptolemy.util.test.junit.TclTests" name="[0] /home/travis/build/icyphy/ptII/ptolemy/cg/lib/test/ModularCodeGenTypedCompositeActor.tcl (RunTclFile)" time="12.726" />
  <testcase classname="ptolemy.util.test.junit.AutoKnownFailedTests" name="[0] ThereAreNoKnowFailedTests (RunModel)" time="0.003" />
  <testcase classname="ptolemy.util.test.junit.AutoNameArchTests" name="[0] ThereAreNoAutoArchTests (RunModel)" time="0.001" />
  <testcase classname="ptolemy.util.test.junit.AutoTests" name="[0] /home/travis/build/icyphy/ptII/ptolemy/cg/lib/test/auto/CompiledCompositeActor.xml (RunModel)" time="1.499" />
  <testcase classname="ptolemy.util.test.junit.AutoTests" name="[1] /home/travis/build/icyphy/ptII/ptolemy/cg/lib/test/auto/DECGClockRamp.xml (RunModel)" time="0.087" />
  <testcase classname="ptolemy.util.test.junit.AutoTests" name="[2] /home/travis/build/icyphy/ptII/ptolemy/cg/lib/test/auto/DECGDelay.xml (RunModel)" time="0.108" />
  <testcase classname="ptolemy.util.test.junit.AutoTests" name="[3] /home/travis/build/icyphy/ptII/ptolemy/cg/lib/test/auto/DECGHelloWorld.xml (RunModel)" time="0.062" />
  <testcase classname="ptolemy.util.test.junit.AutoTests" name="[4] /home/travis/build/icyphy/ptII/ptolemy/cg/lib/test/auto/DECGHeterogeneous.xml (RunModel)" time="0.127" />
  <testcase classname="ptolemy.util.test.junit.AutoTests" name="[5] /home/travis/build/icyphy/ptII/ptolemy/cg/lib/test/auto/DECGHeterogeneousMk2.xml (RunModel)" time="0.145" />
  <testcase classname="ptolemy.util.test.junit.AutoTests" name="[6] /home/travis/build/icyphy/ptII/ptolemy/cg/lib/test/auto/DECGMath.xml (RunModel)" time="0.071" />
  <testcase classname="ptolemy.util.test.junit.AutoTests" name="[7] /home/travis/build/icyphy/ptII/ptolemy/cg/lib/test/auto/DECGPi.xml (RunModel)" time="0.128" />
  <testcase classname="ptolemy.util.test.junit.AutoTests" name="[8] /home/travis/build/icyphy/ptII/ptolemy/cg/lib/test/auto/DECGPiSquare.xml (RunModel)" time="0.17" />
  <testcase classname="ptolemy.util.test.junit.AutoTests" name="[9] /home/travis/build/icyphy/ptII/ptolemy/cg/lib/test/auto/DECGPoisson.xml (RunModel)" time="0.029" />
  <testcase classname="ptolemy.util.test.junit.AutoTests" name="[10] /home/travis/build/icyphy/ptII/ptolemy/cg/lib/test/auto/JavaCompiledCompositeActor5.xml (RunModel)" time="1.101" />
  <testcase classname="ptolemy.util.test.junit.AutoTests" name="[11] /home/travis/build/icyphy/ptII/ptolemy/cg/lib/test/auto/JavaCompiledCompositeTest1.xml (RunModel)" time="1.1" />
  <testcase classname="ptolemy.util.test.junit.AutoTests" name="[12] /home/travis/build/icyphy/ptII/ptolemy/cg/lib/test/auto/JavaCompiledCompositeTest2.xml (RunModel)" time="1.021" />
  <testcase classname="ptolemy.util.test.junit.AutoTests" name="[13] /home/travis/build/icyphy/ptII/ptolemy/cg/lib/test/auto/JavaCompiledCompositeTest3.xml (RunModel)" time="1.063" />
  <testcase classname="ptolemy.util.test.junit.AutoTests" name="[14] /home/travis/build/icyphy/ptII/ptolemy/cg/lib/test/auto/JavaCompiledCompositeTest4.xml (RunModel)" time="1.022" />
  <testcase classname="ptolemy.util.test.junit.AutoTests" name="[15] /home/travis/build/icyphy/ptII/ptolemy/cg/lib/test/auto/ModularCG.xml (RunModel)" time="16.939" />
  <testcase classname="ptolemy.util.test.junit.AutoTests" name="[16] /home/travis/build/icyphy/ptII/ptolemy/cg/lib/test/auto/ModularCGPubSub.xml (RunModel)" time="5.194" />
  <testcase classname="ptolemy.util.test.junit.AutoTests" name="[17] /home/travis/build/icyphy/ptII/ptolemy/cg/lib/test/auto/ModularCodeGen.xml (RunModel)" time="2.769" />
  <testcase classname="ptolemy.util.test.junit.AutoTests" name="[18] /home/travis/build/icyphy/ptII/ptolemy/cg/lib/test/auto/ModularCodeGen2.xml (RunModel)" time="6.071" />
  <testcase classname="ptolemy.util.test.junit.AutoTests" name="[19] /home/travis/build/icyphy/ptII/ptolemy/cg/lib/test/auto/ModularCodeGen3.xml (RunModel)" time="16.159" />
  <testcase classname="ptolemy.util.test.junit.AutoTests" name="[20] /home/travis/build/icyphy/ptII/ptolemy/cg/lib/test/auto/ModularCodeGen4.xml (RunModel)" time="16.153" />
  <testcase classname="ptolemy.util.test.junit.AutoTests" name="[21] /home/travis/build/icyphy/ptII/ptolemy/cg/lib/test/auto/ModularCodeGen5.xml (RunModel)" time="5.739" />
  <testcase classname="ptolemy.util.test.junit.AutoTests" name="[22] /home/travis/build/icyphy/ptII/ptolemy/cg/lib/test/auto/ModularCodeGen6.xml (RunModel)" time="8.081" />
  <testcase classname="ptolemy.util.test.junit.AutoTests" name="[23] /home/travis/build/icyphy/ptII/ptolemy/cg/lib/test/auto/ModularCodeGenLazyPubSub.xml (RunModel)" time="2.571" />
  <testcase classname="ptolemy.util.test.junit.AutoTests" name="[24] /home/travis/build/icyphy/ptII/ptolemy/cg/lib/test/auto/ModularCodeGenLazyPubSubGlobal.xml (RunModel)" time="2.737" />
  <testcase classname="ptolemy.util.test.junit.AutoTests" name="[25] /home/travis/build/icyphy/ptII/ptolemy/cg/lib/test/auto/ModularCodeGenPubSub1.xml (RunModel)" time="2.732" />
  <testcase classname="ptolemy.util.test.junit.AutoTests" name="[26] /home/travis/build/icyphy/ptII/ptolemy/cg/lib/test/auto/ModularCodeGenPubSub2.xml (RunModel)" time="5.456" />
  <testcase classname="ptolemy.util.test.junit.AutoTests" name="[27] /home/travis/build/icyphy/ptII/ptolemy/cg/lib/test/auto/ModularCodeGenPubSub3.xml (RunModel)" time="5.555" />
  <testcase classname="ptolemy.util.test.junit.AutoTests" name="[28] /home/travis/build/icyphy/ptII/ptolemy/cg/lib/test/auto/ModularCodeGenPubSub4.xml (RunModel)" time="5.432" />
  <testcase classname="ptolemy.util.test.junit.AutoTests" name="[29] /home/travis/build/icyphy/ptII/ptolemy/cg/lib/test/auto/PubSubAggLazy.xml (RunModel)" time="0.033" />
  <testcase classname="ptolemy.util.test.junit.AutoTests" name="[30] /home/travis/build/icyphy/ptII/ptolemy/cg/lib/test/auto/PubSubAggModularCodeGen.xml (RunModel)" time="2.804" />
  <testcase classname="ptolemy.util.test.junit.AutoTests" name="[31] /home/travis/build/icyphy/ptII/ptolemy/cg/lib/test/auto/PubSubAggTypedComposite.xml (RunModel)" time="0.02" />
  <testcase classname="ptolemy.util.test.junit.AutoTests" name="[32] /home/travis/build/icyphy/ptII/ptolemy/cg/lib/test/auto/PubSubAggTypedCompositeWidth2.xml (RunModel)" time="0.027" />
  <testcase classname="ptolemy.util.test.junit.AutoTests" name="[33] /home/travis/build/icyphy/ptII/ptolemy/cg/lib/test/auto/ScaleJava.xml (RunModel)" time="1.066" />
  <system-out><![CDATA[/home/travis/build/icyphy/ptII/ptolemy/cg/lib/test/ModularCodeGenTypedCompositeActor.tcl
testDefs.tcl: setting time out to 9000 seconds at Thu Mar 05 13:49:34 UTC 2020
Warning: failed to delete /home/travis/cg: error deleting "/home/travis/cg/node_modules/escodegen/node_modules/.bin":  best guess at reason: permission denied
In "/home/travis/cg", about to execute:
    pwd
In "/home/travis/cg", about to execute:
    ls -l
/home/travis/cg
total 1192
drwxrwxr-x   3 travis travis  12288 Mar  5 13:44 AbsoluteValue
drwxrwxr-x   3 travis travis 102400 Mar  5 13:43 AllColt
drwxrwxr-x   3 travis travis  12288 Mar  5 13:44 Case1
drwxrwxr-x   5 travis travis   4096 Mar  5 13:43 fmi
drwxrwxr-x   3 travis travis  16384 Mar  5 13:44 Gaussian2
drwxrwxr-x   3 travis travis  12288 Mar  5 13:45 LookupTable
drwxrwxr-x   3 travis travis  20480 Mar  5 13:45 MaxIndex
-rw-rw-r--   1 travis travis   1228 Mar  5 13:49 ModularCodeGenTest_A1_A2_profile.java
drwxrwxr-x   3 travis travis  32768 Mar  5 13:49 modulation2
drwxrwxr-x 166 travis travis  12288 Mar  5 13:49 node_modules
drwxrwxr-x   3 travis travis  20480 Mar  5 13:45 PhaseUnwrap
drwxrwxr-x   3 travis travis  12288 Mar  5 13:45 ReadFile1
-rw-rw-r--   1 travis travis     11 Mar  5 13:45 ReadFile1Output.txt
-rw-rw-r--   1 travis travis  13773 Mar  5 13:49 Repeat.class
-rw-rw-r--   1 travis travis    685 Mar  5 13:49 Repeat$_fireFunction_Repeat_Repeat$__f_sL_11.class
-rw-rw-r--   1 travis travis    541 Mar  5 13:49 Repeat$_fireFunction_Repeat_Repeat$__f_sL_12.class
-rw-rw-r--   1 travis travis    541 Mar  5 13:49 Repeat$_fireFunction_Repeat_Repeat$__f_sL_13.class
-rw-rw-r--   1 travis travis    541 Mar  5 13:49 Repeat$_fireFunction_Repeat_Repeat$__f_sL_14.class
-rw-rw-r--   1 travis travis    684 Mar  5 13:49 Repeat$_fireFunction_Repeat_Repeat$__f_sL_1.class
-rw-rw-r--   1 travis travis    683 Mar  5 13:49 Repeat$_fireFunction_Repeat_Repeat$__f_sL_4.class
-rw-rw-r--   1 travis travis    539 Mar  5 13:49 Repeat$_fireFunction_Repeat_Repeat$__f_sL_9.class
-rw-rw-r--   1 travis travis    494 Mar  5 13:49 Repeat$_initialize_Repeat$__i_sL_2.class
-rw-rw-r--   1 travis travis   1281 Mar  5 13:49 Repeat.mk
-rw-rw-r--   1 travis travis    539 Mar  5 13:49 Repeat$_preinitializeMethod_Repeat$__p_sL_0.class
-rw-rw-r--   1 travis travis   1102 Mar  5 13:49 Repeat$_Repeat$_fireFunction_Repeat_AddSubtract_Repeat.class
-rw-rw-r--   1 travis travis    810 Mar  5 13:49 Repeat$_Repeat$_fireFunction_Repeat_AddSubtract_Repeat$__f_sL_0.class
-rw-rw-r--   1 travis travis    928 Mar  5 13:49 Repeat$_Repeat$_fireFunction_Repeat_AddSubtract_Repeat$__f_sL_1.class
-rw-rw-r--   1 travis travis    934 Mar  5 13:49 Repeat$_Repeat$_fireFunction_Repeat_AddSubtract_Repeat$__f_sL_2.class
-rw-rw-r--   1 travis travis    862 Mar  5 13:49 Repeat$_Repeat$_fireFunction_Repeat_AddSubtract_Repeat$__f_sL_3.class
-rw-rw-r--   1 travis travis    757 Mar  5 13:49 Repeat$_Repeat$_fireFunction_Repeat_Ramp2_Repeat$__f_sL_0.class
-rw-rw-r--   1 travis travis    888 Mar  5 13:49 Repeat$_Repeat$_fireFunction_Repeat_Test_Repeat$__f_sL_0.class
-rw-rw-r--   1 travis travis    634 Mar  5 13:49 Repeat$_Repeat$_fireFunction_Repeat_Test_Repeat$__f_sL_1.class
-rw-rw-r--   1 travis travis    704 Mar  5 13:49 Repeat$_Repeat_SDF_Director_run_Repeat$__R_sL_0.class
-rw-rw-r--   1 travis travis    705 Mar  5 13:49 Repeat$_Repeat_SDF_Director_run_Repeat$__R_sL_11.class
-rw-rw-r--   1 travis travis    561 Mar  5 13:49 Repeat$_Repeat_SDF_Director_run_Repeat$__R_sL_13.class
-rw-rw-r--   1 travis travis    559 Mar  5 13:49 Repeat$_Repeat_SDF_Director_run_Repeat$__R_sL_2.class
-rw-rw-r--   1 travis travis    703 Mar  5 13:49 Repeat$_Repeat_SDF_Director_run_Repeat$__R_sL_3.class
-rw-rw-r--   1 travis travis    559 Mar  5 13:49 Repeat$_Repeat_SDF_Director_run_Repeat$__R_sL_5.class
-rw-rw-r--   1 travis travis    559 Mar  5 13:49 Repeat$_Repeat_SDF_Director_run_Repeat$__R_sL_8.class
drwxrwxr-x   2 travis travis   4096 Mar  5 13:49 RepeatVariables
-rw-rw-r--   1 travis travis    882 Mar  5 13:49 Repeat$_varinit_Repeat.class
-rw-rw-r--   1 travis travis    550 Mar  5 13:49 Repeat$_varinit_Repeat$__v_sL_2.class
-rw-rw-r--   1 travis travis    924 Mar  5 13:49 Repeat$_varinit_Repeat$__v_sL_4.class
-rw-rw-r--   1 travis travis    978 Mar  5 13:49 Repeat$_wrapup_Repeat$__w_sL_1.class
drwxrwxr-x   3 travis travis  20480 Mar  5 13:46 Sinewave
drwxrwxr-x   3 travis travis  32768 Mar  5 13:47 StringFunction
drwxrwxr-x   3 travis travis  12288 Mar  5 13:47 StringLength
drwxrwxr-x   3 travis travis  61440 Mar  5 13:47 StringMatches2
drwxrwxr-x   3 travis travis  61440 Mar  5 13:48 StringSimpleReplace
drwxrwxr-x   3 travis travis  65536 Mar  5 13:48 StringSubstring
drwxrwxr-x   3 travis travis  24576 Mar  5 13:48 StringSubstring2
drwxrwxr-x   3 travis travis  16384 Mar  5 13:49 time1
drwxrwxr-x   3 travis travis  12288 Mar  5 13:49 time5
-rwxrwxr-x   1 travis travis 466992 Mar  5 13:43 top
-rw-rw-r--   1 travis travis  20502 Mar  5 13:43 top.c
-rw-rw-r--   1 travis travis   3799 Mar  5 13:49 top.class
-rw-rw-r--   1 travis travis   1257 Mar  5 13:49 top.mk
In "/home/travis/cg", about to execute:
    javac -classpath
.:/home/travis/build/icyphy/ptII:/home/travis/build/icyphy/ptII/lib/bsh-2.0b4.j
ar:/home/travis/build/icyphy/ptII/lib/ptCal.jar:/home/travis/build/icyphy/ptII/
lib/java_cup.jar:/home/travis/build/icyphy/ptII/lib/saxon8.jar:/home/travis/bui
ld/icyphy/ptII/lib/saxon8-dom.jar:/home/travis/build/icyphy/ptII/lib/chic.jar:/
home/travis/build/icyphy/ptII/lib/ptcolt.jar:/home/travis/build/icyphy/ptII/ven
dors/misc/itext/iText.jar:/home/travis/build/icyphy/ptII/lib/g4ltl.jar:/home/tr
avis/build/icyphy/ptII/lib/StructuralCoder.jar:/home/travis/build/icyphy/ptII/l
ib/jcerti.jar:/home/travis/build/icyphy/ptII/lib/javax.mail.jar:/home/travis/bu
ild/icyphy/ptII/vendors/JMF-2.1.1e/lib/jmf.jar:/home/travis/build/icyphy/ptII/l
ib/jna-4.0.0-variadic.jar:/home/travis/build/icyphy/ptII/vendors/misc/joystick/
Joystick.jar:/home/travis/build/icyphy/ptII/lib/ptjacl.jar:/home/travis/build/i
cyphy/ptII/lib/jsoup-1.8.2.jar:/home/travis/build/icyphy/ptII/lib/junit-4.8.2.j
ar:/home/travis/build/icyphy/ptII/lib/JUnitParams-0.4.0.jar:/home/travis/build/
icyphy/ptII/ptolemy/actor/lib/excel/jxl.jar:/home/travis/build/icyphy/ptII/lib/
jython.jar:/home/travis/build/icyphy/ptII/lib/kieler.jar:/home/travis/build/icy
phy/ptII/vendors/opencv/share/OpenCV/java/opencv-341.jar:/home/travis/build/icy
phy/ptII/lib/oscP5.jar:/home/travis/build/icyphy/ptII/lib/nrjavaserial-3.11.0.d
evel.jar:/home/travis/build/icyphy/ptII/vendors/j3d/lib/Linux/j3dcore.jar:/home
/travis/build/icyphy/ptII/vendors/j3d/lib/Linux/j3dutils.jar:/home/travis/build
/icyphy/ptII/vendors/j3d/lib/Linux/vecmath.jar:/home/travis/build/icyphy/ptII/v
endors/jogl/lib/Linux/gluegen-rt-natives-linux-amd64.jar:/home/travis/build/icy
phy/ptII/vendors/jogl/lib/Linux/gluegen-rt.jar:/home/travis/build/icyphy/ptII/v
endors/jogl/lib/Linux/jogl-all-natives-linux-amd64.jar:/home/travis/build/icyph
y/ptII/vendors/jogl/lib/Linux/jogl-all.jar:/home/travis/build/icyphy/ptII/ptole
my/distributed/jini/jar/jini-core.jar:/home/travis/build/icyphy/ptII/ptolemy/di
stributed/jini/jar/jini-ext.jar:/home/travis/build/icyphy/ptII/ptolemy/distribu
ted/jini/jar/sun-util.jar:/home/travis/build/icyphy/ptII/lib/protobuf-java-2.4.
1.jar:/home/travis/build/icyphy/ptII/lib/org.eclipse.paho.client.mqttv3.jar:/ho
me/travis/build/icyphy/ptII/lib/mapss.jar:/home/travis/build/icyphy/ptII/ptolem
y/actor/ptalon/antlr/antlr.jar:/home/travis/build/icyphy/ptII/lib/JRI.jar:/home
/travis/build/icyphy/ptII/lib/commons-lang-2.6.jar:/home/travis/build/icyphy/pt
II/lib/commons-logging-1.1.1.jar:/home/travis/build/icyphy/ptII/lib/sootclasses
.jar:/home/travis/build/icyphy/ptII/ptolemy/actor/lib/database/mysql-connector-
java-5.1.6-bin.jar:/home/travis/build/icyphy/ptII/vendors/misc/sphinx4/sphinx4-
data-5prealpha.jar:/home/travis/build/icyphy/ptII/vendors/misc/sphinx4/sphinx4-
core-5prealpha.jar:/home/travis/build/icyphy/ptII/lib/PDFRenderer.jar:/home/tra
vis/build/icyphy/ptII/lib/svgSalamander.jar:/home/travis/build/icyphy/ptII/lib/
rsyntaxtextarea-2.6.0-SNAPSHOT.jar:/home/travis/build/icyphy/ptII/lib/hazelcast
-3.8.2.jar:/home/travis/build/icyphy/ptII/lib/jackson-annotations-2.9.0.jar:/ho
me/travis/build/icyphy/ptII/lib/jackson-core-2.9.3.jar:/home/travis/build/icyph
y/ptII/lib/jackson-databind-2.9.3.jar:/home/travis/build/icyphy/ptII/lib/netty-
buffer-4.1.19.Final.jar:/home/travis/build/icyphy/ptII/lib/netty-codec-4.1.19.F
inal.jar:/home/travis/build/icyphy/ptII/lib/netty-codec-dns-4.1.19.Final.jar:/h
ome/travis/build/icyphy/ptII/lib/netty-codec-http-4.1.19.Final.jar:/home/travis
/build/icyphy/ptII/lib/netty-codec-http2-4.1.19.Final.jar:/home/travis/build/ic
yphy/ptII/lib/netty-common-4.1.19.Final.jar:/home/travis/build/icyphy/ptII/lib/
netty-handler-4.1.19.Final.jar:/home/travis/build/icyphy/ptII/lib/netty-resolve
r-4.1.19.Final.jar:/home/travis/build/icyphy/ptII/lib/netty-resolver-dns-4.1.19
.Final.jar:/home/travis/build/icyphy/ptII/lib/netty-transport-4.1.19.Final.jar:
/home/travis/build/icyphy/ptII/lib/vertx-codegen-3.5.1.jar:/home/travis/build/i
cyphy/ptII/lib/vertx-core-3.5.2-SNAPSHOT.jar:/home/travis/build/icyphy/ptII/lib
/vertx-hazelcast-3.5.1.jar:/home/travis/build/icyphy/ptII/lib/vertx-lang-js-3.5
.1.jar:/home/travis/build/icyphy/ptII/lib/vertx-service-proxy-3.5.1.jar:/home/t
ravis/build/icyphy/ptII/lib/vertx-web-3.5.1.jar:/home/travis/build/icyphy/ptII/
lib/slf4j-api-1.7.13.jar:/home/travis/build/icyphy/ptII/lib/slf4j-simple-1.7.13
.jar:/home/travis/build/icyphy/ptII/lib/webcam-capture-0.3.12.jar:/home/travis/
build/icyphy/ptII/lib/bridj-0.7.0.jar:/home/travis/build/icyphy/ptII/lib/xbjlib
-1.1.0.nrjavaserial.jar:/home/travis/build/icyphy/ptII/ptolemy/moml/test:/home/
travis/build/icyphy/ptII/ant/lib/ant-launcher.jar:/home/travis/build/icyphy/ptI
I/ant/lib/ant.jar:/home/travis/build/icyphy/ptII/ant/lib/ant-junit.jar:/home/tr
avis/build/icyphy/ptII/ant/lib/ant-junit4.jar:/home/travis/build/icyphy/ptII
ModularCodeGenTest_A1_A2_profile.java
All Done
Writing ModularCodeGenTest_A1_A2.java in file:/home/travis/cg/ (9163 characters)
Reading "ptolemy/cg/kernel/generic/program/procedural/java/modular/makefile.in",
    writing "/home/travis/cg/ModularCodeGenTest_A1_A2.mk"
Using ptolemy/cg/kernel/generic/program/procedural/java/modular/makefile.in
In "/home/travis/cg", about to execute:
    make -f ModularCodeGenTest_A1_A2.mk
javac -classpath ".:.."    ModularCodeGenTest_A1_A2.java
All Done
In "/home/travis/cg", about to execute:
    pwd
In "/home/travis/cg", about to execute:
    ls -l
total 1228
drwxrwxr-x   3 travis travis  12288 Mar  5 13:44 AbsoluteValue
drwxrwxr-x   3 travis travis 102400 Mar  5 13:43 AllColt
drwxrwxr-x   3 travis travis  12288 Mar  5 13:44 Case1
drwxrwxr-x   5 travis travis   4096 Mar  5 13:43 fmi
In "/home/travis/cg", about to execute:
drwxrwxr-x   3 travis travis  16384 Mar  5 13:44 Gaussian2
drwxrwxr-x   3 travis travis  12288 Mar  5 13:45 LookupTable
drwxrwxr-x   3 travis travis  20480 Mar  5 13:45 MaxIndex
-rw-rw-r--   1 travis travis   3723 Mar  5 13:49 ModularCodeGenTest_A1_A2.class
-rw-rw-r--   1 travis travis   9163 Mar  5 13:49 ModularCodeGenTest_A1_A2.java
-rw-rw-r--   1 travis travis    904 Mar  5 13:49 ModularCodeGenTest_A1_A2.mk
-rw-rw-r--   1 travis travis   1306 Mar  5 13:49 ModularCodeGenTest_A1_A2_profile.class
-rw-rw-r--   1 travis travis   1228 Mar  5 13:49 ModularCodeGenTest_A1_A2_profile.java
-rw-rw-r--   1 travis travis   1394 Mar  5 13:49 ModularCodeGenTest_A1_profile.java
drwxrwxr-x   3 travis travis  32768 Mar  5 13:49 modulation2
drwxrwxr-x 166 travis travis  12288 Mar  5 13:49 node_modules
drwxrwxr-x   3 travis travis  20480 Mar  5 13:45 PhaseUnwrap
drwxrwxr-x   3 travis travis  12288 Mar  5 13:45 ReadFile1
-rw-rw-r--   1 travis travis     11 Mar  5 13:45 ReadFile1Output.txt
-rw-rw-r--   1 travis travis  13773 Mar  5 13:49 Repeat.class
-rw-rw-r--   1 travis travis    685 Mar  5 13:49 Repeat$_fireFunction_Repeat_Repeat$__f_sL_11.class
-rw-rw-r--   1 travis travis    541 Mar  5 13:49 Repeat$_fireFunction_Repeat_Repeat$__f_sL_12.class
-rw-rw-r--   1 travis travis    541 Mar  5 13:49 Repeat$_fireFunction_Repeat_Repeat$__f_sL_13.class
-rw-rw-r--   1 travis travis    541 Mar  5 13:49 Repeat$_fireFunction_Repeat_Repeat$__f_sL_14.class
-rw-rw-r--   1 travis travis    684 Mar  5 13:49 Repeat$_fireFunction_Repeat_Repeat$__f_sL_1.class
-rw-rw-r--   1 travis travis    683 Mar  5 13:49 Repeat$_fireFunction_Repeat_Repeat$__f_sL_4.class
-rw-rw-r--   1 travis travis    539 Mar  5 13:49 Repeat$_fireFunction_Repeat_Repeat$__f_sL_9.class
-rw-rw-r--   1 travis travis    494 Mar  5 13:49 Repeat$_initialize_Repeat$__i_sL_2.class
-rw-rw-r--   1 travis travis   1281 Mar  5 13:49 Repeat.mk
-rw-rw-r--   1 travis travis    539 Mar  5 13:49 Repeat$_preinitializeMethod_Repeat$__p_sL_0.class
-rw-rw-r--   1 travis travis   1102 Mar  5 13:49 Repeat$_Repeat$_fireFunction_Repeat_AddSubtract_Repeat.class
-rw-rw-r--   1 travis travis    810 Mar  5 13:49 Repeat$_Repeat$_fireFunction_Repeat_AddSubtract_Repeat$__f_sL_0.class
-rw-rw-r--   1 travis travis    928 Mar  5 13:49 Repeat$_Repeat$_fireFunction_Repeat_AddSubtract_Repeat$__f_sL_1.class
-rw-rw-r--   1 travis travis    934 Mar  5 13:49 Repeat$_Repeat$_fireFunction_Repeat_AddSubtract_Repeat$__f_sL_2.class
-rw-rw-r--   1 travis travis    862 Mar  5 13:49 Repeat$_Repeat$_fireFunction_Repeat_AddSubtract_Repeat$__f_sL_3.class
-rw-rw-r--   1 travis travis    757 Mar  5 13:49 Repeat$_Repeat$_fireFunction_Repeat_Ramp2_Repeat$__f_sL_0.class
-rw-rw-r--   1 travis travis    888 Mar  5 13:49 Repeat$_Repeat$_fireFunction_Repeat_Test_Repeat$__f_sL_0.class
-rw-rw-r--   1 travis travis    634 Mar  5 13:49 Repeat$_Repeat$_fireFunction_Repeat_Test_Repeat$__f_sL_1.class
-rw-rw-r--   1 travis travis    704 Mar  5 13:49 Repeat$_Repeat_SDF_Director_run_Repeat$__R_sL_0.class
-rw-rw-r--   1 travis travis    705 Mar  5 13:49 Repeat$_Repeat_SDF_Director_run_Repeat$__R_sL_11.class
-rw-rw-r--   1 travis travis    561 Mar  5 13:49 Repeat$_Repeat_SDF_Director_run_Repeat$__R_sL_13.class
-rw-rw-r--   1 travis travis    559 Mar  5 13:49 Repeat$_Repeat_SDF_Director_run_Repeat$__R_sL_2.class
-rw-rw-r--   1 travis travis    703 Mar  5 13:49 Repeat$_Repeat_SDF_Director_run_Repeat$__R_sL_3.class
-rw-rw-r--   1 travis travis    559 Mar  5 13:49 Repeat$_Repeat_SDF_Director_run_Repeat$__R_sL_5.class
-rw-rw-r--   1 travis travis    559 Mar  5 13:49 Repeat$_Repeat_SDF_Director_run_Repeat$__R_sL_8.class
drwxrwxr-x   2 travis travis   4096 Mar  5 13:49 RepeatVariables
-rw-rw-r--   1 travis travis    882 Mar  5 13:49 Repeat$_varinit_Repeat.class
-rw-rw-r--   1 travis travis    550 Mar  5 13:49 Repeat$_varinit_Repeat$__v_sL_2.class
-rw-rw-r--   1 travis travis    924 Mar  5 13:49 Repeat$_varinit_Repeat$__v_sL_4.class
-rw-rw-r--   1 travis travis    978 Mar  5 13:49 Repeat$_wrapup_Repeat$__w_sL_1.class
drwxrwxr-x   3 travis travis  20480 Mar  5 13:46 Sinewave
drwxrwxr-x   3 travis travis  32768 Mar  5 13:47 StringFunction
drwxrwxr-x   3 travis travis  12288 Mar  5 13:47 StringLength
drwxrwxr-x   3 travis travis  61440 Mar  5 13:47 StringMatches2
drwxrwxr-x   3 travis travis  61440 Mar  5 13:48 StringSimpleReplace
drwxrwxr-x   3 travis travis  65536 Mar  5 13:48 StringSubstring
drwxrwxr-x   3 travis travis  24576 Mar  5 13:48 StringSubstring2
drwxrwxr-x   3 travis travis  16384 Mar  5 13:49 time1
drwxrwxr-x   3 travis travis  12288 Mar  5 13:49 time5
-rw-rw-r--   1 travis travis    432 Mar  5 13:49 Token.class
-rw-rw-r--   1 travis travis    251 Mar  5 13:49 Token.java
-rwxrwxr-x   1 travis travis 466992 Mar  5 13:43 top
-rw-rw-r--   1 travis travis  20502 Mar  5 13:43 top.c
-rw-rw-r--   1 travis travis   3799 Mar  5 13:49 top.class
-rw-rw-r--   1 travis travis   1257 Mar  5 13:49 top.mk
    javac -classpath
.:/home/travis/build/icyphy/ptII:/home/travis/build/icyphy/ptII/lib/bsh-2.0b4.j
ar:/home/travis/build/icyphy/ptII/lib/ptCal.jar:/home/travis/build/icyphy/ptII/
lib/java_cup.jar:/home/travis/build/icyphy/ptII/lib/saxon8.jar:/home/travis/bui
ld/icyphy/ptII/lib/saxon8-dom.jar:/home/travis/build/icyphy/ptII/lib/chic.jar:/
home/travis/build/icyphy/ptII/lib/ptcolt.jar:/home/travis/build/icyphy/ptII/ven
dors/misc/itext/iText.jar:/home/travis/build/icyphy/ptII/lib/g4ltl.jar:/home/tr
avis/build/icyphy/ptII/lib/StructuralCoder.jar:/home/travis/build/icyphy/ptII/l
ib/jcerti.jar:/home/travis/build/icyphy/ptII/lib/javax.mail.jar:/home/travis/bu
ild/icyphy/ptII/vendors/JMF-2.1.1e/lib/jmf.jar:/home/travis/build/icyphy/ptII/l
ib/jna-4.0.0-variadic.jar:/home/travis/build/icyphy/ptII/vendors/misc/joystick/
Joystick.jar:/home/travis/build/icyphy/ptII/lib/ptjacl.jar:/home/travis/build/i
cyphy/ptII/lib/jsoup-1.8.2.jar:/home/travis/build/icyphy/ptII/lib/junit-4.8.2.j
ar:/home/travis/build/icyphy/ptII/lib/JUnitParams-0.4.0.jar:/home/travis/build/
icyphy/ptII/ptolemy/actor/lib/excel/jxl.jar:/home/travis/build/icyphy/ptII/lib/
jython.jar:/home/travis/build/icyphy/ptII/lib/kieler.jar:/home/travis/build/icy
phy/ptII/vendors/opencv/share/OpenCV/java/opencv-341.jar:/home/travis/build/icy
phy/ptII/lib/oscP5.jar:/home/travis/build/icyphy/ptII/lib/nrjavaserial-3.11.0.d
evel.jar:/home/travis/build/icyphy/ptII/vendors/j3d/lib/Linux/j3dcore.jar:/home
/travis/build/icyphy/ptII/vendors/j3d/lib/Linux/j3dutils.jar:/home/travis/build
/icyphy/ptII/vendors/j3d/lib/Linux/vecmath.jar:/home/travis/build/icyphy/ptII/v
endors/jogl/lib/Linux/gluegen-rt-natives-linux-amd64.jar:/home/travis/build/icy
phy/ptII/vendors/jogl/lib/Linux/gluegen-rt.jar:/home/travis/build/icyphy/ptII/v
endors/jogl/lib/Linux/jogl-all-natives-linux-amd64.jar:/home/travis/build/icyph
y/ptII/vendors/jogl/lib/Linux/jogl-all.jar:/home/travis/build/icyphy/ptII/ptole
my/distributed/jini/jar/jini-core.jar:/home/travis/build/icyphy/ptII/ptolemy/di
stributed/jini/jar/jini-ext.jar:/home/travis/build/icyphy/ptII/ptolemy/distribu
ted/jini/jar/sun-util.jar:/home/travis/build/icyphy/ptII/lib/protobuf-java-2.4.
1.jar:/home/travis/build/icyphy/ptII/lib/org.eclipse.paho.client.mqttv3.jar:/ho
me/travis/build/icyphy/ptII/lib/mapss.jar:/home/travis/build/icyphy/ptII/ptolem
y/actor/ptalon/antlr/antlr.jar:/home/travis/build/icyphy/ptII/lib/JRI.jar:/home
/travis/build/icyphy/ptII/lib/commons-lang-2.6.jar:/home/travis/build/icyphy/pt
II/lib/commons-logging-1.1.1.jar:/home/travis/build/icyphy/ptII/lib/sootclasses
.jar:/home/travis/build/icyphy/ptII/ptolemy/actor/lib/database/mysql-connector-
java-5.1.6-bin.jar:/home/travis/build/icyphy/ptII/vendors/misc/sphinx4/sphinx4-
data-5prealpha.jar:/home/travis/build/icyphy/ptII/vendors/misc/sphinx4/sphinx4-
core-5prealpha.jar:/home/travis/build/icyphy/ptII/lib/PDFRenderer.jar:/home/tra
vis/build/icyphy/ptII/lib/svgSalamander.jar:/home/travis/build/icyphy/ptII/lib/
rsyntaxtextarea-2.6.0-SNAPSHOT.jar:/home/travis/build/icyphy/ptII/lib/hazelcast
-3.8.2.jar:/home/travis/build/icyphy/ptII/lib/jackson-annotations-2.9.0.jar:/ho
me/travis/build/icyphy/ptII/lib/jackson-core-2.9.3.jar:/home/travis/build/icyph
y/ptII/lib/jackson-databind-2.9.3.jar:/home/travis/build/icyphy/ptII/lib/netty-
buffer-4.1.19.Final.jar:/home/travis/build/icyphy/ptII/lib/netty-codec-4.1.19.F
inal.jar:/home/travis/build/icyphy/ptII/lib/netty-codec-dns-4.1.19.Final.jar:/h
ome/travis/build/icyphy/ptII/lib/netty-codec-http-4.1.19.Final.jar:/home/travis
/build/icyphy/ptII/lib/netty-codec-http2-4.1.19.Final.jar:/home/travis/build/ic
yphy/ptII/lib/netty-common-4.1.19.Final.jar:/home/travis/build/icyphy/ptII/lib/
netty-handler-4.1.19.Final.jar:/home/travis/build/icyphy/ptII/lib/netty-resolve
r-4.1.19.Final.jar:/home/travis/build/icyphy/ptII/lib/netty-resolver-dns-4.1.19
.Final.jar:/home/travis/build/icyphy/ptII/lib/netty-transport-4.1.19.Final.jar:
/home/travis/build/icyphy/ptII/lib/vertx-codegen-3.5.1.jar:/home/travis/build/i
cyphy/ptII/lib/vertx-core-3.5.2-SNAPSHOT.jar:/home/travis/build/icyphy/ptII/lib
/vertx-hazelcast-3.5.1.jar:/home/travis/build/icyphy/ptII/lib/vertx-lang-js-3.5
.1.jar:/home/travis/build/icyphy/ptII/lib/vertx-service-proxy-3.5.1.jar:/home/t
ravis/build/icyphy/ptII/lib/vertx-web-3.5.1.jar:/home/travis/build/icyphy/ptII/
lib/slf4j-api-1.7.13.jar:/home/travis/build/icyphy/ptII/lib/slf4j-simple-1.7.13
.jar:/home/travis/build/icyphy/ptII/lib/webcam-capture-0.3.12.jar:/home/travis/
build/icyphy/ptII/lib/bridj-0.7.0.jar:/home/travis/build/icyphy/ptII/lib/xbjlib
-1.1.0.nrjavaserial.jar:/home/travis/build/icyphy/ptII/ptolemy/moml/test:/home/
travis/build/icyphy/ptII/ant/lib/ant-launcher.jar:/home/travis/build/icyphy/ptI
I/ant/lib/ant.jar:/home/travis/build/icyphy/ptII/ant/lib/ant-junit.jar:/home/tr
avis/build/icyphy/ptII/ant/lib/ant-junit4.jar:/home/travis/build/icyphy/ptII
ModularCodeGenTest_A1_profile.java
/home/travis/cg
All Done
Writing ModularCodeGenTest_A1.java in file:/home/travis/cg/ (9968 characters)
Reading "ptolemy/cg/kernel/generic/program/procedural/java/modular/makefile.in",
    writing "/home/travis/cg/ModularCodeGenTest_A1.mk"
Using ptolemy/cg/kernel/generic/program/procedural/java/modular/makefile.in
In "/home/travis/cg", about to execute:
    make -f ModularCodeGenTest_A1.mk
javac -classpath ".:.."    ModularCodeGenTest_A1.java
All Done
6401 ms. Memory: 129024K Free: 111936K (87%)
27 ms. Memory: 129024K Free: 108864K (84%)
In "/home/travis/cg", about to execute:
    pwd
In "/home/travis/cg", about to execute:
    ls -l
In "/home/travis/cg", about to execute:
    javac -classpath
.:/home/travis/build/icyphy/ptII:/home/travis/build/icyphy/ptII/lib/bsh-2.0b4.j
ar:/home/travis/build/icyphy/ptII/lib/ptCal.jar:/home/travis/build/icyphy/ptII/
lib/java_cup.jar:/home/travis/build/icyphy/ptII/lib/saxon8.jar:/home/travis/bui
ld/icyphy/ptII/lib/saxon8-dom.jar:/home/travis/build/icyphy/ptII/lib/chic.jar:/
home/travis/build/icyphy/ptII/lib/ptcolt.jar:/home/travis/build/icyphy/ptII/ven
dors/misc/itext/iText.jar:/home/travis/build/icyphy/ptII/lib/g4ltl.jar:/home/tr
avis/build/icyphy/ptII/lib/StructuralCoder.jar:/home/travis/build/icyphy/ptII/l
ib/jcerti.jar:/home/travis/build/icyphy/ptII/lib/javax.mail.jar:/home/travis/bu
ild/icyphy/ptII/vendors/JMF-2.1.1e/lib/jmf.jar:/home/travis/build/icyphy/ptII/l
ib/jna-4.0.0-variadic.jar:/home/travis/build/icyphy/ptII/vendors/misc/joystick/
Joystick.jar:/home/travis/build/icyphy/ptII/lib/ptjacl.jar:/home/travis/build/i
cyphy/ptII/lib/jsoup-1.8.2.jar:/home/travis/build/icyphy/ptII/lib/junit-4.8.2.j
ar:/home/travis/build/icyphy/ptII/lib/JUnitParams-0.4.0.jar:/home/travis/build/
icyphy/ptII/ptolemy/actor/lib/excel/jxl.jar:/home/travis/build/icyphy/ptII/lib/
jython.jar:/home/travis/build/icyphy/ptII/lib/kieler.jar:/home/travis/build/icy
phy/ptII/vendors/opencv/share/OpenCV/java/opencv-341.jar:/home/travis/build/icy
phy/ptII/lib/oscP5.jar:/home/travis/build/icyphy/ptII/lib/nrjavaserial-3.11.0.d
evel.jar:/home/travis/build/icyphy/ptII/vendors/j3d/lib/Linux/j3dcore.jar:/home
/travis/build/icyphy/ptII/vendors/j3d/lib/Linux/j3dutils.jar:/home/travis/build
/icyphy/ptII/vendors/j3d/lib/Linux/vecmath.jar:/home/travis/build/icyphy/ptII/v
endors/jogl/lib/Linux/gluegen-rt-natives-linux-amd64.jar:/home/travis/build/icy
phy/ptII/vendors/jogl/lib/Linux/gluegen-rt.jar:/home/travis/build/icyphy/ptII/v
endors/jogl/lib/Linux/jogl-all-natives-linux-amd64.jar:/home/travis/build/icyph
y/ptII/vendors/jogl/lib/Linux/jogl-all.jar:/home/travis/build/icyphy/ptII/ptole
my/distributed/jini/jar/jini-core.jar:/home/travis/build/icyphy/ptII/ptolemy/di
stributed/jini/jar/jini-ext.jar:/home/travis/build/icyphy/ptII/ptolemy/distribu
ted/jini/jar/sun-util.jar:/home/travis/build/icyphy/ptII/lib/protobuf-java-2.4.
1.jar:/home/travis/build/icyphy/ptII/lib/org.eclipse.paho.client.mqttv3.jar:/ho
me/travis/build/icyphy/ptII/lib/mapss.jar:/home/travis/build/icyphy/ptII/ptolem
y/actor/ptalon/antlr/antlr.jar:/home/travis/build/icyphy/ptII/lib/JRI.jar:/home
/travis/build/icyphy/ptII/lib/commons-lang-2.6.jar:/home/travis/build/icyphy/pt
II/lib/commons-logging-1.1.1.jar:/home/travis/build/icyphy/ptII/lib/sootclasses
.jar:/home/travis/build/icyphy/ptII/ptolemy/actor/lib/database/mysql-connector-
java-5.1.6-bin.jar:/home/travis/build/icyphy/ptII/vendors/misc/sphinx4/sphinx4-
data-5prealpha.jar:/home/travis/build/icyphy/ptII/vendors/misc/sphinx4/sphinx4-
core-5prealpha.jar:/home/travis/build/icyphy/ptII/lib/PDFRenderer.jar:/home/tra
vis/build/icyphy/ptII/lib/svgSalamander.jar:/home/travis/build/icyphy/ptII/lib/
rsyntaxtextarea-2.6.0-SNAPSHOT.jar:/home/travis/build/icyphy/ptII/lib/hazelcast
-3.8.2.jar:/home/travis/build/icyphy/ptII/lib/jackson-annotations-2.9.0.jar:/ho
me/travis/build/icyphy/ptII/lib/jackson-core-2.9.3.jar:/home/travis/build/icyph
y/ptII/lib/jackson-databind-2.9.3.jar:/home/travis/build/icyphy/ptII/lib/netty-
buffer-4.1.19.Final.jar:/home/travis/build/icyphy/ptII/lib/netty-codec-4.1.19.F
inal.jar:/home/travis/build/icyphy/ptII/lib/netty-codec-dns-4.1.19.Final.jar:/h
ome/travis/build/icyphy/ptII/lib/netty-codec-http-4.1.19.Final.jar:/home/travis
/build/icyphy/ptII/lib/netty-codec-http2-4.1.19.Final.jar:/home/travis/build/ic
yphy/ptII/lib/netty-common-4.1.19.Final.jar:/home/travis/build/icyphy/ptII/lib/
netty-handler-4.1.19.Final.jar:/home/travis/build/icyphy/ptII/lib/netty-resolve
r-4.1.19.Final.jar:/home/travis/build/icyphy/ptII/lib/netty-resolver-dns-4.1.19
.Final.jar:/home/travis/build/icyphy/ptII/lib/netty-transport-4.1.19.Final.jar:
/home/travis/build/icyphy/ptII/lib/vertx-codegen-3.5.1.jar:/home/travis/build/i
cyphy/ptII/lib/vertx-core-3.5.2-SNAPSHOT.jar:/home/travis/build/icyphy/ptII/lib
/vertx-hazelcast-3.5.1.jar:/home/travis/build/icyphy/ptII/lib/vertx-lang-js-3.5
.1.jar:/home/travis/build/icyphy/ptII/lib/vertx-service-proxy-3.5.1.jar:/home/t
ravis/build/icyphy/ptII/lib/vertx-web-3.5.1.jar:/home/travis/build/icyphy/ptII/
lib/slf4j-api-1.7.13.jar:/home/travis/build/icyphy/ptII/lib/slf4j-simple-1.7.13
.jar:/home/travis/build/icyphy/ptII/lib/webcam-capture-0.3.12.jar:/home/travis/
build/icyphy/ptII/lib/bridj-0.7.0.jar:/home/travis/build/icyphy/ptII/lib/xbjlib
-1.1.0.nrjavaserial.jar:/home/travis/build/icyphy/ptII/ptolemy/moml/test:/home/
travis/build/icyphy/ptII/ant/lib/ant-launcher.jar:/home/travis/build/icyphy/ptI
I/ant/lib/ant.jar:/home/travis/build/icyphy/ptII/ant/lib/ant-junit.jar:/home/tr
avis/build/icyphy/ptII/ant/lib/ant-junit4.jar:/home/travis/build/icyphy/ptII
ModularCodeGenTest_A1_A2_profile.java
/home/travis/cg
total 1252
drwxrwxr-x   3 travis travis  12288 Mar  5 13:44 AbsoluteValue
drwxrwxr-x   3 travis travis 102400 Mar  5 13:43 AllColt
drwxrwxr-x   3 travis travis  12288 Mar  5 13:44 Case1
drwxrwxr-x   5 travis travis   4096 Mar  5 13:43 fmi
drwxrwxr-x   3 travis travis  16384 Mar  5 13:44 Gaussian2
drwxrwxr-x   3 travis travis  12288 Mar  5 13:45 LookupTable
drwxrwxr-x   3 travis travis  20480 Mar  5 13:45 MaxIndex
-rw-rw-r--   1 travis travis   3723 Mar  5 13:49 ModularCodeGenTest_A1_A2.class
-rw-rw-r--   1 travis travis   9163 Mar  5 13:49 ModularCodeGenTest_A1_A2.java
-rw-rw-r--   1 travis travis    904 Mar  5 13:49 ModularCodeGenTest_A1_A2.mk
-rw-rw-r--   1 travis travis   1306 Mar  5 13:49 ModularCodeGenTest_A1_A2_profile.class
-rw-rw-r--   1 travis travis   1228 Mar  5 13:49 ModularCodeGenTest_A1_A2_profile.java
-rw-rw-r--   1 travis travis   4055 Mar  5 13:49 ModularCodeGenTest_A1.class
-rw-rw-r--   1 travis travis   9968 Mar  5 13:49 ModularCodeGenTest_A1.java
-rw-rw-r--   1 travis travis    880 Mar  5 13:49 ModularCodeGenTest_A1.mk
-rw-rw-r--   1 travis travis   1352 Mar  5 13:49 ModularCodeGenTest_A1_profile.class
-rw-rw-r--   1 travis travis   1394 Mar  5 13:49 ModularCodeGenTest_A1_profile.java
drwxrwxr-x   3 travis travis  32768 Mar  5 13:49 modulation2
drwxrwxr-x 166 travis travis  12288 Mar  5 13:49 node_modules
drwxrwxr-x   3 travis travis  20480 Mar  5 13:45 PhaseUnwrap
drwxrwxr-x   3 travis travis  12288 Mar  5 13:45 ReadFile1
-rw-rw-r--   1 travis travis     11 Mar  5 13:45 ReadFile1Output.txt
-rw-rw-r--   1 travis travis  13773 Mar  5 13:49 Repeat.class
-rw-rw-r--   1 travis travis    685 Mar  5 13:49 Repeat$_fireFunction_Repeat_Repeat$__f_sL_11.class
-rw-rw-r--   1 travis travis    541 Mar  5 13:49 Repeat$_fireFunction_Repeat_Repeat$__f_sL_12.class
-rw-rw-r--   1 travis travis    541 Mar  5 13:49 Repeat$_fireFunction_Repeat_Repeat$__f_sL_13.class
-rw-rw-r--   1 travis travis    541 Mar  5 13:49 Repeat$_fireFunction_Repeat_Repeat$__f_sL_14.class
-rw-rw-r--   1 travis travis    684 Mar  5 13:49 Repeat$_fireFunction_Repeat_Repeat$__f_sL_1.class
-rw-rw-r--   1 travis travis    683 Mar  5 13:49 Repeat$_fireFunction_Repeat_Repeat$__f_sL_4.class
-rw-rw-r--   1 travis travis    539 Mar  5 13:49 Repeat$_fireFunction_Repeat_Repeat$__f_sL_9.class
-rw-rw-r--   1 travis travis    494 Mar  5 13:49 Repeat$_initialize_Repeat$__i_sL_2.class
-rw-rw-r--   1 travis travis   1281 Mar  5 13:49 Repeat.mk
-rw-rw-r--   1 travis travis    539 Mar  5 13:49 Repeat$_preinitializeMethod_Repeat$__p_sL_0.class
-rw-rw-r--   1 travis travis   1102 Mar  5 13:49 Repeat$_Repeat$_fireFunction_Repeat_AddSubtract_Repeat.class
-rw-rw-r--   1 travis travis    810 Mar  5 13:49 Repeat$_Repeat$_fireFunction_Repeat_AddSubtract_Repeat$__f_sL_0.class
-rw-rw-r--   1 travis travis    928 Mar  5 13:49 Repeat$_Repeat$_fireFunction_Repeat_AddSubtract_Repeat$__f_sL_1.class
-rw-rw-r--   1 travis travis    934 Mar  5 13:49 Repeat$_Repeat$_fireFunction_Repeat_AddSubtract_Repeat$__f_sL_2.class
-rw-rw-r--   1 travis travis    862 Mar  5 13:49 Repeat$_Repeat$_fireFunction_Repeat_AddSubtract_Repeat$__f_sL_3.class
-rw-rw-r--   1 travis travis    757 Mar  5 13:49 Repeat$_Repeat$_fireFunction_Repeat_Ramp2_Repeat$__f_sL_0.class
-rw-rw-r--   1 travis travis    888 Mar  5 13:49 Repeat$_Repeat$_fireFunction_Repeat_Test_Repeat$__f_sL_0.class
-rw-rw-r--   1 travis travis    634 Mar  5 13:49 Repeat$_Repeat$_fireFunction_Repeat_Test_Repeat$__f_sL_1.class
-rw-rw-r--   1 travis travis    704 Mar  5 13:49 Repeat$_Repeat_SDF_Director_run_Repeat$__R_sL_0.class
-rw-rw-r--   1 travis travis    705 Mar  5 13:49 Repeat$_Repeat_SDF_Director_run_Repeat$__R_sL_11.class
-rw-rw-r--   1 travis travis    561 Mar  5 13:49 Repeat$_Repeat_SDF_Director_run_Repeat$__R_sL_13.class
-rw-rw-r--   1 travis travis    559 Mar  5 13:49 Repeat$_Repeat_SDF_Director_run_Repeat$__R_sL_2.class
-rw-rw-r--   1 travis travis    703 Mar  5 13:49 Repeat$_Repeat_SDF_Director_run_Repeat$__R_sL_3.class
-rw-rw-r--   1 travis travis    559 Mar  5 13:49 Repeat$_Repeat_SDF_Director_run_Repeat$__R_sL_5.class
-rw-rw-r--   1 travis travis    559 Mar  5 13:49 Repeat$_Repeat_SDF_Director_run_Repeat$__R_sL_8.class
drwxrwxr-x   2 travis travis   4096 Mar  5 13:49 RepeatVariables
-rw-rw-r--   1 travis travis    882 Mar  5 13:49 Repeat$_varinit_Repeat.class
-rw-rw-r--   1 travis travis    550 Mar  5 13:49 Repeat$_varinit_Repeat$__v_sL_2.class
-rw-rw-r--   1 travis travis    924 Mar  5 13:49 Repeat$_varinit_Repeat$__v_sL_4.class
-rw-rw-r--   1 travis travis    978 Mar  5 13:49 Repeat$_wrapup_Repeat$__w_sL_1.class
drwxrwxr-x   3 travis travis  20480 Mar  5 13:46 Sinewave
drwxrwxr-x   3 travis travis  32768 Mar  5 13:47 StringFunction
drwxrwxr-x   3 travis travis  12288 Mar  5 13:47 StringLength
drwxrwxr-x   3 travis travis  61440 Mar  5 13:47 StringMatches2
drwxrwxr-x   3 travis travis  61440 Mar  5 13:48 StringSimpleReplace
drwxrwxr-x   3 travis travis  65536 Mar  5 13:48 StringSubstring
drwxrwxr-x   3 travis travis  24576 Mar  5 13:48 StringSubstring2
drwxrwxr-x   3 travis travis  16384 Mar  5 13:49 time1
drwxrwxr-x   3 travis travis  12288 Mar  5 13:49 time5
-rw-rw-r--   1 travis travis    432 Mar  5 13:49 Token.class
-rw-rw-r--   1 travis travis    251 Mar  5 13:49 Token.java
-rwxrwxr-x   1 travis travis 466992 Mar  5 13:43 top
-rw-rw-r--   1 travis travis  20502 Mar  5 13:43 top.c
-rw-rw-r--   1 travis travis   3799 Mar  5 13:49 top.class
-rw-rw-r--   1 travis travis   1257 Mar  5 13:49 top.mk
All Done
Writing ModularCodeGenTest_A1_A2.java in file:/home/travis/cg/ (9164 characters)
Reading "ptolemy/cg/kernel/generic/program/procedural/java/modular/makefile.in",
    writing "/home/travis/cg/ModularCodeGenTest_A1_A2.mk"
Using ptolemy/cg/kernel/generic/program/procedural/java/modular/makefile.in
In "/home/travis/cg", about to execute:
    make -f ModularCodeGenTest_A1_A2.mk
javac -classpath ".:.."    ModularCodeGenTest_A1_A2.java
All Done
2667 ms. Memory: 129024K Free: 68599K (53%)
Warning: failed to delete /home/travis/cg: error deleting "/home/travis/cg/node_modules/escodegen/node_modules/.bin":  best guess at reason: permission denied
In "/home/travis/cg", about to execute:
    pwd
In "/home/travis/cg", about to execute:
    ls -l
/home/travis/cg
In "/home/travis/cg", about to execute:
    javac -classpath
.:/home/travis/build/icyphy/ptII:/home/travis/build/icyphy/ptII/lib/bsh-2.0b4.j
ar:/home/travis/build/icyphy/ptII/lib/ptCal.jar:/home/travis/build/icyphy/ptII/
lib/java_cup.jar:/home/travis/build/icyphy/ptII/lib/saxon8.jar:/home/travis/bui
ld/icyphy/ptII/lib/saxon8-dom.jar:/home/travis/build/icyphy/ptII/lib/chic.jar:/
home/travis/build/icyphy/ptII/lib/ptcolt.jar:/home/travis/build/icyphy/ptII/ven
dors/misc/itext/iText.jar:/home/travis/build/icyphy/ptII/lib/g4ltl.jar:/home/tr
avis/build/icyphy/ptII/lib/StructuralCoder.jar:/home/travis/build/icyphy/ptII/l
ib/jcerti.jar:/home/travis/build/icyphy/ptII/lib/javax.mail.jar:/home/travis/bu
ild/icyphy/ptII/vendors/JMF-2.1.1e/lib/jmf.jar:/home/travis/build/icyphy/ptII/l
ib/jna-4.0.0-variadic.jar:/home/travis/build/icyphy/ptII/vendors/misc/joystick/
Joystick.jar:/home/travis/build/icyphy/ptII/lib/ptjacl.jar:/home/travis/build/i
cyphy/ptII/lib/jsoup-1.8.2.jar:/home/travis/build/icyphy/ptII/lib/junit-4.8.2.j
ar:/home/travis/build/icyphy/ptII/lib/JUnitParams-0.4.0.jar:/home/travis/build/
icyphy/ptII/ptolemy/actor/lib/excel/jxl.jar:/home/travis/build/icyphy/ptII/lib/
jython.jar:/home/travis/build/icyphy/ptII/lib/kieler.jar:/home/travis/build/icy
phy/ptII/vendors/opencv/share/OpenCV/java/opencv-341.jar:/home/travis/build/icy
phy/ptII/lib/oscP5.jar:/home/travis/build/icyphy/ptII/lib/nrjavaserial-3.11.0.d
evel.jar:/home/travis/build/icyphy/ptII/vendors/j3d/lib/Linux/j3dcore.jar:/home
/travis/build/icyphy/ptII/vendors/j3d/lib/Linux/j3dutils.jar:/home/travis/build
/icyphy/ptII/vendors/j3d/lib/Linux/vecmath.jar:/home/travis/build/icyphy/ptII/v
endors/jogl/lib/Linux/gluegen-rt-natives-linux-amd64.jar:/home/travis/build/icy
phy/ptII/vendors/jogl/lib/Linux/gluegen-rt.jar:/home/travis/build/icyphy/ptII/v
endors/jogl/lib/Linux/jogl-all-natives-linux-amd64.jar:/home/travis/build/icyph
y/ptII/vendors/jogl/lib/Linux/jogl-all.jar:/home/travis/build/icyphy/ptII/ptole
my/distributed/jini/jar/jini-core.jar:/home/travis/build/icyphy/ptII/ptolemy/di
stributed/jini/jar/jini-ext.jar:/home/travis/build/icyphy/ptII/ptolemy/distribu
ted/jini/jar/sun-util.jar:/home/travis/build/icyphy/ptII/lib/protobuf-java-2.4.
1.jar:/home/travis/build/icyphy/ptII/lib/org.eclipse.paho.client.mqttv3.jar:/ho
me/travis/build/icyphy/ptII/lib/mapss.jar:/home/travis/build/icyphy/ptII/ptolem
y/actor/ptalon/antlr/antlr.jar:/home/travis/build/icyphy/ptII/lib/JRI.jar:/home
/travis/build/icyphy/ptII/lib/commons-lang-2.6.jar:/home/travis/build/icyphy/pt
II/lib/commons-logging-1.1.1.jar:/home/travis/build/icyphy/ptII/lib/sootclasses
.jar:/home/travis/build/icyphy/ptII/ptolemy/actor/lib/database/mysql-connector-
java-5.1.6-bin.jar:/home/travis/build/icyphy/ptII/vendors/misc/sphinx4/sphinx4-
data-5prealpha.jar:/home/travis/build/icyphy/ptII/vendors/misc/sphinx4/sphinx4-
core-5prealpha.jar:/home/travis/build/icyphy/ptII/lib/PDFRenderer.jar:/home/tra
vis/build/icyphy/ptII/lib/svgSalamander.jar:/home/travis/build/icyphy/ptII/lib/
rsyntaxtextarea-2.6.0-SNAPSHOT.jar:/home/travis/build/icyphy/ptII/lib/hazelcast
-3.8.2.jar:/home/travis/build/icyphy/ptII/lib/jackson-annotations-2.9.0.jar:/ho
me/travis/build/icyphy/ptII/lib/jackson-core-2.9.3.jar:/home/travis/build/icyph
y/ptII/lib/jackson-databind-2.9.3.jar:/home/travis/build/icyphy/ptII/lib/netty-
buffer-4.1.19.Final.jar:/home/travis/build/icyphy/ptII/lib/netty-codec-4.1.19.F
inal.jar:/home/travis/build/icyphy/ptII/lib/netty-codec-dns-4.1.19.Final.jar:/h
ome/travis/build/icyphy/ptII/lib/netty-codec-http-4.1.19.Final.jar:/home/travis
/build/icyphy/ptII/lib/netty-codec-http2-4.1.19.Final.jar:/home/travis/build/ic
yphy/ptII/lib/netty-common-4.1.19.Final.jar:/home/travis/build/icyphy/ptII/lib/
netty-handler-4.1.19.Final.jar:/home/travis/build/icyphy/ptII/lib/netty-resolve
r-4.1.19.Final.jar:/home/travis/build/icyphy/ptII/lib/netty-resolver-dns-4.1.19
.Final.jar:/home/travis/build/icyphy/ptII/lib/netty-transport-4.1.19.Final.jar:
/home/travis/build/icyphy/ptII/lib/vertx-codegen-3.5.1.jar:/home/travis/build/i
cyphy/ptII/lib/vertx-core-3.5.2-SNAPSHOT.jar:/home/travis/build/icyphy/ptII/lib
/vertx-hazelcast-3.5.1.jar:/home/travis/build/icyphy/ptII/lib/vertx-lang-js-3.5
.1.jar:/home/travis/build/icyphy/ptII/lib/vertx-service-proxy-3.5.1.jar:/home/t
ravis/build/icyphy/ptII/lib/vertx-web-3.5.1.jar:/home/travis/build/icyphy/ptII/
lib/slf4j-api-1.7.13.jar:/home/travis/build/icyphy/ptII/lib/slf4j-simple-1.7.13
.jar:/home/travis/build/icyphy/ptII/lib/webcam-capture-0.3.12.jar:/home/travis/
build/icyphy/ptII/lib/bridj-0.7.0.jar:/home/travis/build/icyphy/ptII/lib/xbjlib
-1.1.0.nrjavaserial.jar:/home/travis/build/icyphy/ptII/ptolemy/moml/test:/home/
travis/build/icyphy/ptII/ant/lib/ant-launcher.jar:/home/travis/build/icyphy/ptI
I/ant/lib/ant.jar:/home/travis/build/icyphy/ptII/ant/lib/ant-junit.jar:/home/tr
avis/build/icyphy/ptII/ant/lib/ant-junit4.jar:/home/travis/build/icyphy/ptII
ModularCodeGenTest_A1_profile.java
total 1224
drwxrwxr-x   3 travis travis  12288 Mar  5 13:44 AbsoluteValue
drwxrwxr-x   3 travis travis 102400 Mar  5 13:43 AllColt
drwxrwxr-x   3 travis travis  12288 Mar  5 13:44 Case1
drwxrwxr-x   5 travis travis   4096 Mar  5 13:43 fmi
drwxrwxr-x   3 travis travis  16384 Mar  5 13:44 Gaussian2
drwxrwxr-x   3 travis travis  12288 Mar  5 13:45 LookupTable
drwxrwxr-x   3 travis travis  20480 Mar  5 13:45 MaxIndex
-rw-rw-r--   1 travis travis   3724 Mar  5 13:49 ModularCodeGenTest_A1_A2.class
-rw-rw-r--   1 travis travis   9164 Mar  5 13:49 ModularCodeGenTest_A1_A2.java
-rw-rw-r--   1 travis travis   1306 Mar  5 13:49 ModularCodeGenTest_A1_A2_profile.class
-rw-rw-r--   1 travis travis   9968 Mar  5 13:49 ModularCodeGenTest_A1.java
-rw-rw-r--   1 travis travis   1394 Mar  5 13:49 ModularCodeGenTest_A1_profile.java
drwxrwxr-x   3 travis travis  32768 Mar  5 13:49 modulation2
drwxrwxr-x 166 travis travis  12288 Mar  5 13:49 node_modules
drwxrwxr-x   3 travis travis  20480 Mar  5 13:45 PhaseUnwrap
drwxrwxr-x   3 travis travis  12288 Mar  5 13:45 ReadFile1
-rw-rw-r--   1 travis travis     11 Mar  5 13:45 ReadFile1Output.txt
-rw-rw-r--   1 travis travis  13773 Mar  5 13:49 Repeat.class
-rw-rw-r--   1 travis travis    685 Mar  5 13:49 Repeat$_fireFunction_Repeat_Repeat$__f_sL_11.class
-rw-rw-r--   1 travis travis    541 Mar  5 13:49 Repeat$_fireFunction_Repeat_Repeat$__f_sL_12.class
-rw-rw-r--   1 travis travis    541 Mar  5 13:49 Repeat$_fireFunction_Repeat_Repeat$__f_sL_13.class
-rw-rw-r--   1 travis travis    541 Mar  5 13:49 Repeat$_fireFunction_Repeat_Repeat$__f_sL_14.class
-rw-rw-r--   1 travis travis    684 Mar  5 13:49 Repeat$_fireFunction_Repeat_Repeat$__f_sL_1.class
-rw-rw-r--   1 travis travis    683 Mar  5 13:49 Repeat$_fireFunction_Repeat_Repeat$__f_sL_4.class
-rw-rw-r--   1 travis travis    539 Mar  5 13:49 Repeat$_fireFunction_Repeat_Repeat$__f_sL_9.class
-rw-rw-r--   1 travis travis    494 Mar  5 13:49 Repeat$_initialize_Repeat$__i_sL_2.class
-rw-rw-r--   1 travis travis   1281 Mar  5 13:49 Repeat.mk
-rw-rw-r--   1 travis travis    539 Mar  5 13:49 Repeat$_preinitializeMethod_Repeat$__p_sL_0.class
-rw-rw-r--   1 travis travis   1102 Mar  5 13:49 Repeat$_Repeat$_fireFunction_Repeat_AddSubtract_Repeat.class
-rw-rw-r--   1 travis travis    810 Mar  5 13:49 Repeat$_Repeat$_fireFunction_Repeat_AddSubtract_Repeat$__f_sL_0.class
-rw-rw-r--   1 travis travis    928 Mar  5 13:49 Repeat$_Repeat$_fireFunction_Repeat_AddSubtract_Repeat$__f_sL_1.class
-rw-rw-r--   1 travis travis    934 Mar  5 13:49 Repeat$_Repeat$_fireFunction_Repeat_AddSubtract_Repeat$__f_sL_2.class
-rw-rw-r--   1 travis travis    862 Mar  5 13:49 Repeat$_Repeat$_fireFunction_Repeat_AddSubtract_Repeat$__f_sL_3.class
-rw-rw-r--   1 travis travis    757 Mar  5 13:49 Repeat$_Repeat$_fireFunction_Repeat_Ramp2_Repeat$__f_sL_0.class
-rw-rw-r--   1 travis travis    888 Mar  5 13:49 Repeat$_Repeat$_fireFunction_Repeat_Test_Repeat$__f_sL_0.class
-rw-rw-r--   1 travis travis    634 Mar  5 13:49 Repeat$_Repeat$_fireFunction_Repeat_Test_Repeat$__f_sL_1.class
-rw-rw-r--   1 travis travis    704 Mar  5 13:49 Repeat$_Repeat_SDF_Director_run_Repeat$__R_sL_0.class
-rw-rw-r--   1 travis travis    705 Mar  5 13:49 Repeat$_Repeat_SDF_Director_run_Repeat$__R_sL_11.class
-rw-rw-r--   1 travis travis    561 Mar  5 13:49 Repeat$_Repeat_SDF_Director_run_Repeat$__R_sL_13.class
-rw-rw-r--   1 travis travis    559 Mar  5 13:49 Repeat$_Repeat_SDF_Director_run_Repeat$__R_sL_2.class
-rw-rw-r--   1 travis travis    703 Mar  5 13:49 Repeat$_Repeat_SDF_Director_run_Repeat$__R_sL_3.class
-rw-rw-r--   1 travis travis    559 Mar  5 13:49 Repeat$_Repeat_SDF_Director_run_Repeat$__R_sL_5.class
-rw-rw-r--   1 travis travis    559 Mar  5 13:49 Repeat$_Repeat_SDF_Director_run_Repeat$__R_sL_8.class
drwxrwxr-x   2 travis travis   4096 Mar  5 13:49 RepeatVariables
-rw-rw-r--   1 travis travis    882 Mar  5 13:49 Repeat$_varinit_Repeat.class
-rw-rw-r--   1 travis travis    550 Mar  5 13:49 Repeat$_varinit_Repeat$__v_sL_2.class
-rw-rw-r--   1 travis travis    924 Mar  5 13:49 Repeat$_varinit_Repeat$__v_sL_4.class
-rw-rw-r--   1 travis travis    978 Mar  5 13:49 Repeat$_wrapup_Repeat$__w_sL_1.class
drwxrwxr-x   3 travis travis  20480 Mar  5 13:46 Sinewave
drwxrwxr-x   3 travis travis  32768 Mar  5 13:47 StringFunction
drwxrwxr-x   3 travis travis  12288 Mar  5 13:47 StringLength
drwxrwxr-x   3 travis travis  61440 Mar  5 13:47 StringMatches2
drwxrwxr-x   3 travis travis  61440 Mar  5 13:48 StringSimpleReplace
drwxrwxr-x   3 travis travis  65536 Mar  5 13:48 StringSubstring
drwxrwxr-x   3 travis travis  24576 Mar  5 13:48 StringSubstring2
drwxrwxr-x   3 travis travis  16384 Mar  5 13:49 time1
drwxrwxr-x   3 travis travis  12288 Mar  5 13:49 time5
-rwxrwxr-x   1 travis travis 466992 Mar  5 13:43 top
-rw-rw-r--   1 travis travis  20502 Mar  5 13:43 top.c
-rw-rw-r--   1 travis travis   3799 Mar  5 13:49 top.class
-rw-rw-r--   1 travis travis   1257 Mar  5 13:49 top.mk
All Done
Writing ModularCodeGenTest_A1.java in file:/home/travis/cg/ (9968 characters)
Reading "ptolemy/cg/kernel/generic/program/procedural/java/modular/makefile.in",
    writing "/home/travis/cg/ModularCodeGenTest_A1.mk"
Using ptolemy/cg/kernel/generic/program/procedural/java/modular/makefile.in
In "/home/travis/cg", about to execute:
    make -f ModularCodeGenTest_A1.mk
javac -classpath ".:.."    ModularCodeGenTest_A1.java
All Done
2737 ms. Memory: 129024K Free: 99307K (77%)
03/05/20 01:49:47
Failed: 0  Total Tests: 3  ((Passed: 3, Newly Passed: 0)  Known Failed: 0) /home/travis/build/icyphy/ptII/ptolemy/cg/lib/test
No auto/knownFailedTests/*.xml tests in /home/travis/build/icyphy/ptII/ptolemy/cg/lib/test
No auto/linux-amd64/*.xml tests in /home/travis/build/icyphy/ptII/ptolemy/cg/lib/test
AutoTests.java: About to close Vertx.
AutoTests.java: Vertx closed.

===========================================================================================
----------------- testing Thu Mar 05 13:49:47 UTC 2020 /home/travis/build/icyphy/ptII/ptolemy/cg/lib/test/auto/CompiledCompositeActor.xml
----------------- Instantiating /home/travis/build/icyphy/ptII/ptolemy/cg/lib/test/auto/CompiledCompositeActor.xml
CompiledCompositeActor: Building shared object: The sharedObjectFile has a modification time that is earlier than the modelFile modification time.
Writing CompiledCompositeActor_CompiledCompositeActor.java in file:/home/travis/cg/ (13466 characters)
Reading "ptolemy/cg/kernel/generic/program/procedural/java/makefile.in",
    writing "/home/travis/cg/CompiledCompositeActor_CompiledCompositeActor.mk"
Using ptolemy/cg/kernel/generic/program/procedural/java/makefile.in
In "/home/travis/cg", about to execute:
    make -f CompiledCompositeActor_CompiledCompositeActor.mk
javac -classpath ".:."    CompiledCompositeActor_CompiledCompositeActor.java
All Done
1320 ms. Memory: 129024K Free: 59038K (46%)
----------------- Invoking toplevel() on ptolemy.moml.MoMLSimpleApplication@7080885d
----------------- Done invoking toplevel() on ptolemy.moml.MoMLSimpleApplication@7080885d
reloadAllAccessors: .CompiledCompositeActor

===========================================================================================
----------------- testing Thu Mar 05 13:49:49 UTC 2020 /home/travis/build/icyphy/ptII/ptolemy/cg/lib/test/auto/DECGClockRamp.xml
----------------- Instantiating /home/travis/build/icyphy/ptII/ptolemy/cg/lib/test/auto/DECGClockRamp.xml
16 ms. Memory: 129024K Free: 53918K (42%)
----------------- Invoking toplevel() on ptolemy.moml.MoMLSimpleApplication@40a8c224
----------------- Done invoking toplevel() on ptolemy.moml.MoMLSimpleApplication@40a8c224
reloadAllAccessors: .DECGClockRamp

===========================================================================================
----------------- testing Thu Mar 05 13:49:49 UTC 2020 /home/travis/build/icyphy/ptII/ptolemy/cg/lib/test/auto/DECGDelay.xml
----------------- Instantiating /home/travis/build/icyphy/ptII/ptolemy/cg/lib/test/auto/DECGDelay.xml
12 ms. Memory: 129024K Free: 47774K (37%)
----------------- Invoking toplevel() on ptolemy.moml.MoMLSimpleApplication@129c5a7c
----------------- Done invoking toplevel() on ptolemy.moml.MoMLSimpleApplication@129c5a7c
reloadAllAccessors: .DECGDelay

===========================================================================================
----------------- testing Thu Mar 05 13:49:49 UTC 2020 /home/travis/build/icyphy/ptII/ptolemy/cg/lib/test/auto/DECGHelloWorld.xml
----------------- Instantiating /home/travis/build/icyphy/ptII/ptolemy/cg/lib/test/auto/DECGHelloWorld.xml
4 ms. Memory: 129024K Free: 108828K (84%)
----------------- Invoking toplevel() on ptolemy.moml.MoMLSimpleApplication@4ab8a6cf
----------------- Done invoking toplevel() on ptolemy.moml.MoMLSimpleApplication@4ab8a6cf
reloadAllAccessors: .DECGHelloWorld

===========================================================================================
----------------- testing Thu Mar 05 13:49:49 UTC 2020 /home/travis/build/icyphy/ptII/ptolemy/cg/lib/test/auto/DECGHeterogeneous.xml
----------------- Instantiating /home/travis/build/icyphy/ptII/ptolemy/cg/lib/test/auto/DECGHeterogeneous.xml
30 ms. Memory: 129024K Free: 95516K (74%)
----------------- Invoking toplevel() on ptolemy.moml.MoMLSimpleApplication@1556a697
----------------- Done invoking toplevel() on ptolemy.moml.MoMLSimpleApplication@1556a697
reloadAllAccessors: .DECGHeterogeneous

===========================================================================================
----------------- testing Thu Mar 05 13:49:49 UTC 2020 /home/travis/build/icyphy/ptII/ptolemy/cg/lib/test/auto/DECGHeterogeneousMk2.xml
----------------- Instantiating /home/travis/build/icyphy/ptII/ptolemy/cg/lib/test/auto/DECGHeterogeneousMk2.xml
61 ms. Memory: 129024K Free: 80810K (63%)
----------------- Invoking toplevel() on ptolemy.moml.MoMLSimpleApplication@6196a2f1
----------------- Done invoking toplevel() on ptolemy.moml.MoMLSimpleApplication@6196a2f1
reloadAllAccessors: .DECGHeterogeneousMk2

===========================================================================================
----------------- testing Thu Mar 05 13:49:49 UTC 2020 /home/travis/build/icyphy/ptII/ptolemy/cg/lib/test/auto/DECGMath.xml
----------------- Instantiating /home/travis/build/icyphy/ptII/ptolemy/cg/lib/test/auto/DECGMath.xml
7 ms. Memory: 129024K Free: 74272K (58%)
----------------- Invoking toplevel() on ptolemy.moml.MoMLSimpleApplication@7faecb07
----------------- Done invoking toplevel() on ptolemy.moml.MoMLSimpleApplication@7faecb07
reloadAllAccessors: .DECGMath

===========================================================================================
----------------- testing Thu Mar 05 13:49:49 UTC 2020 /home/travis/build/icyphy/ptII/ptolemy/cg/lib/test/auto/DECGPi.xml
----------------- Instantiating /home/travis/build/icyphy/ptII/ptolemy/cg/lib/test/auto/DECGPi.xml
66 ms. Memory: 129024K Free: 63094K (49%)
----------------- Invoking toplevel() on ptolemy.moml.MoMLSimpleApplication@56a08c73
----------------- Done invoking toplevel() on ptolemy.moml.MoMLSimpleApplication@56a08c73
reloadAllAccessors: .DECGPi

===========================================================================================
----------------- testing Thu Mar 05 13:49:49 UTC 2020 /home/travis/build/icyphy/ptII/ptolemy/cg/lib/test/auto/DECGPiSquare.xml
----------------- Instantiating /home/travis/build/icyphy/ptII/ptolemy/cg/lib/test/auto/DECGPiSquare.xml
136 ms. Memory: 129024K Free: 49782K (39%)
----------------- Invoking toplevel() on ptolemy.moml.MoMLSimpleApplication@28908ae2
----------------- Done invoking toplevel() on ptolemy.moml.MoMLSimpleApplication@28908ae2
reloadAllAccessors: .DECGPiSquare

===========================================================================================
----------------- testing Thu Mar 05 13:49:49 UTC 2020 /home/travis/build/icyphy/ptII/ptolemy/cg/lib/test/auto/DECGPoisson.xml
----------------- Instantiating /home/travis/build/icyphy/ptII/ptolemy/cg/lib/test/auto/DECGPoisson.xml
3 ms. Memory: 129024K Free: 45678K (35%)
----------------- Invoking toplevel() on ptolemy.moml.MoMLSimpleApplication@2cd0b7cc
----------------- Done invoking toplevel() on ptolemy.moml.MoMLSimpleApplication@2cd0b7cc
reloadAllAccessors: .DECGPoisson

===========================================================================================
----------------- testing Thu Mar 05 13:49:49 UTC 2020 /home/travis/build/icyphy/ptII/ptolemy/cg/lib/test/auto/JavaCompiledCompositeActor5.xml
----------------- Instantiating /home/travis/build/icyphy/ptII/ptolemy/cg/lib/test/auto/JavaCompiledCompositeActor5.xml
CompiledCompositeActor: Building shared object: No effigy.  This can happen when CodeGenerator.generateCode() is called from within the test suite.  The code will be recompiled.
Writing CompiledCompositeActor_CompiledCompositeActor.java in file:/home/travis/cg/ (13466 characters)
Reading "ptolemy/cg/kernel/generic/program/procedural/java/makefile.in",
    writing "/home/travis/cg/CompiledCompositeActor_CompiledCompositeActor.mk"
Using ptolemy/cg/kernel/generic/program/procedural/java/makefile.in
In "/home/travis/cg", about to execute:
    make -f CompiledCompositeActor_CompiledCompositeActor.mk
javac -classpath ".:."    CompiledCompositeActor_CompiledCompositeActor.java
All Done
1041 ms. Memory: 129024K Free: 91275K (71%)
----------------- Invoking toplevel() on ptolemy.moml.MoMLSimpleApplication@68e0b2c
----------------- Done invoking toplevel() on ptolemy.moml.MoMLSimpleApplication@68e0b2c
reloadAllAccessors: .CompiledCompositeActor

===========================================================================================
----------------- testing Thu Mar 05 13:49:51 UTC 2020 /home/travis/build/icyphy/ptII/ptolemy/cg/lib/test/auto/JavaCompiledCompositeTest1.xml
----------------- Instantiating /home/travis/build/icyphy/ptII/ptolemy/cg/lib/test/auto/JavaCompiledCompositeTest1.xml
CompiledCompositeActor: Building shared object: The sharedObjectFile has a modification time that is earlier than the modelFile modification time.
Writing JavaCompiledCompositeTest1_CompiledCompositeActor.java in file:/home/travis/cg/ (11637 characters)
Reading "ptolemy/cg/kernel/generic/program/procedural/java/makefile.in",
    writing "/home/travis/cg/JavaCompiledCompositeTest1_CompiledCompositeActor.mk"
Using ptolemy/cg/kernel/generic/program/procedural/java/makefile.in
In "/home/travis/cg", about to execute:
    make -f JavaCompiledCompositeTest1_CompiledCompositeActor.mk
javac -classpath ".:."    JavaCompiledCompositeTest1_CompiledCompositeActor.java
All Done
1079 ms. Memory: 129024K Free: 73709K (57%)
----------------- Invoking toplevel() on ptolemy.moml.MoMLSimpleApplication@9f1246b
----------------- Done invoking toplevel() on ptolemy.moml.MoMLSimpleApplication@9f1246b
reloadAllAccessors: .JavaCompiledCompositeTest1

===========================================================================================
----------------- testing Thu Mar 05 13:49:52 UTC 2020 /home/travis/build/icyphy/ptII/ptolemy/cg/lib/test/auto/JavaCompiledCompositeTest2.xml
----------------- Instantiating /home/travis/build/icyphy/ptII/ptolemy/cg/lib/test/auto/JavaCompiledCompositeTest2.xml
CompiledCompositeActor: Building shared object: The sharedObjectFile has a modification time that is earlier than the modelFile modification time.
Writing JavaCompiledCompositeTest2_CompiledCompositeActor.java in file:/home/travis/cg/ (14919 characters)
Reading "ptolemy/cg/kernel/generic/program/procedural/java/makefile.in",
    writing "/home/travis/cg/JavaCompiledCompositeTest2_CompiledCompositeActor.mk"
Using ptolemy/cg/kernel/generic/program/procedural/java/makefile.in
In "/home/travis/cg", about to execute:
    make -f JavaCompiledCompositeTest2_CompiledCompositeActor.mk
javac -classpath ".:."    JavaCompiledCompositeTest2_CompiledCompositeActor.java
All Done
991 ms. Memory: 129024K Free: 49133K (38%)
----------------- Invoking toplevel() on ptolemy.moml.MoMLSimpleApplication@2fe7a740
----------------- Done invoking toplevel() on ptolemy.moml.MoMLSimpleApplication@2fe7a740
reloadAllAccessors: .JavaCompiledCompositeTest2

===========================================================================================
----------------- testing Thu Mar 05 13:49:53 UTC 2020 /home/travis/build/icyphy/ptII/ptolemy/cg/lib/test/auto/JavaCompiledCompositeTest3.xml
----------------- Instantiating /home/travis/build/icyphy/ptII/ptolemy/cg/lib/test/auto/JavaCompiledCompositeTest3.xml
CompiledCompositeActor: Building shared object: The sharedObjectFile has a modification time that is earlier than the modelFile modification time.
Writing JavaCompiledCompositeTest3_CompiledCompositeActor.java in file:/home/travis/cg/ (13080 characters)
Reading "ptolemy/cg/kernel/generic/program/procedural/java/makefile.in",
    writing "/home/travis/cg/JavaCompiledCompositeTest3_CompiledCompositeActor.mk"
Using ptolemy/cg/kernel/generic/program/procedural/java/makefile.in
In "/home/travis/cg", about to execute:
    make -f JavaCompiledCompositeTest3_CompiledCompositeActor.mk
javac -classpath ".:."    JavaCompiledCompositeTest3_CompiledCompositeActor.java
All Done
1029 ms. Memory: 129024K Free: 98652K (76%)
----------------- Invoking toplevel() on ptolemy.moml.MoMLSimpleApplication@4cb50bd7
----------------- Done invoking toplevel() on ptolemy.moml.MoMLSimpleApplication@4cb50bd7
reloadAllAccessors: .JavaCompiledCompositeTest3

===========================================================================================
----------------- testing Thu Mar 05 13:49:54 UTC 2020 /home/travis/build/icyphy/ptII/ptolemy/cg/lib/test/auto/JavaCompiledCompositeTest4.xml
----------------- Instantiating /home/travis/build/icyphy/ptII/ptolemy/cg/lib/test/auto/JavaCompiledCompositeTest4.xml
CompiledCompositeActor: Building shared object: The sharedObjectFile has a modification time that is earlier than the modelFile modification time.
Writing JavaCompiledCompositeTest4_CompiledCompositeActor.java in file:/home/travis/cg/ (9687 characters)
Reading "ptolemy/cg/kernel/generic/program/procedural/java/makefile.in",
    writing "/home/travis/cg/JavaCompiledCompositeTest4_CompiledCompositeActor.mk"
Using ptolemy/cg/kernel/generic/program/procedural/java/makefile.in
In "/home/travis/cg", about to execute:
    make -f JavaCompiledCompositeTest4_CompiledCompositeActor.mk
javac -classpath ".:."    JavaCompiledCompositeTest4_CompiledCompositeActor.java
All Done
997 ms. Memory: 129024K Free: 83147K (64%)
----------------- Invoking toplevel() on ptolemy.moml.MoMLSimpleApplication@798f54b6
----------------- Done invoking toplevel() on ptolemy.moml.MoMLSimpleApplication@798f54b6
reloadAllAccessors: .JavaCompiledCompositeTest4

===========================================================================================
----------------- testing Thu Mar 05 13:49:55 UTC 2020 /home/travis/build/icyphy/ptII/ptolemy/cg/lib/test/auto/ModularCG.xml
----------------- Instantiating /home/travis/build/icyphy/ptII/ptolemy/cg/lib/test/auto/ModularCG.xml
In "/home/travis/cg", about to execute:
    pwd
In "/home/travis/cg", about to execute:
    ls -l
/home/travis/cg
In "/home/travis/cg", about to execute:
    javac -classpath
.:/home/travis/build/icyphy/ptII:/home/travis/build/icyphy/ptII/lib/bsh-2.0b4.j
ar:/home/travis/build/icyphy/ptII/lib/ptCal.jar:/home/travis/build/icyphy/ptII/
lib/java_cup.jar:/home/travis/build/icyphy/ptII/lib/saxon8.jar:/home/travis/bui
ld/icyphy/ptII/lib/saxon8-dom.jar:/home/travis/build/icyphy/ptII/lib/chic.jar:/
home/travis/build/icyphy/ptII/lib/ptcolt.jar:/home/travis/build/icyphy/ptII/ven
dors/misc/itext/iText.jar:/home/travis/build/icyphy/ptII/lib/g4ltl.jar:/home/tr
avis/build/icyphy/ptII/lib/StructuralCoder.jar:/home/travis/build/icyphy/ptII/l
ib/jcerti.jar:/home/travis/build/icyphy/ptII/lib/javax.mail.jar:/home/travis/bu
ild/icyphy/ptII/vendors/JMF-2.1.1e/lib/jmf.jar:/home/travis/build/icyphy/ptII/l
ib/jna-4.0.0-variadic.jar:/home/travis/build/icyphy/ptII/vendors/misc/joystick/
Joystick.jar:/home/travis/build/icyphy/ptII/lib/ptjacl.jar:/home/travis/build/i
cyphy/ptII/lib/jsoup-1.8.2.jar:/home/travis/build/icyphy/ptII/lib/junit-4.8.2.j
ar:/home/travis/build/icyphy/ptII/lib/JUnitParams-0.4.0.jar:/home/travis/build/
icyphy/ptII/ptolemy/actor/lib/excel/jxl.jar:/home/travis/build/icyphy/ptII/lib/
jython.jar:/home/travis/build/icyphy/ptII/lib/kieler.jar:/home/travis/build/icy
phy/ptII/vendors/opencv/share/OpenCV/java/opencv-341.jar:/home/travis/build/icy
phy/ptII/lib/oscP5.jar:/home/travis/build/icyphy/ptII/lib/nrjavaserial-3.11.0.d
evel.jar:/home/travis/build/icyphy/ptII/vendors/j3d/lib/Linux/j3dcore.jar:/home
/travis/build/icyphy/ptII/vendors/j3d/lib/Linux/j3dutils.jar:/home/travis/build
/icyphy/ptII/vendors/j3d/lib/Linux/vecmath.jar:/home/travis/build/icyphy/ptII/v
endors/jogl/lib/Linux/gluegen-rt-natives-linux-amd64.jar:/home/travis/build/icy
phy/ptII/vendors/jogl/lib/Linux/gluegen-rt.jar:/home/travis/build/icyphy/ptII/v
endors/jogl/lib/Linux/jogl-all-natives-linux-amd64.jar:/home/travis/build/icyph
y/ptII/vendors/jogl/lib/Linux/jogl-all.jar:/home/travis/build/icyphy/ptII/ptole
my/distributed/jini/jar/jini-core.jar:/home/travis/build/icyphy/ptII/ptolemy/di
stributed/jini/jar/jini-ext.jar:/home/travis/build/icyphy/ptII/ptolemy/distribu
ted/jini/jar/sun-util.jar:/home/travis/build/icyphy/ptII/lib/protobuf-java-2.4.
1.jar:/home/travis/build/icyphy/ptII/lib/org.eclipse.paho.client.mqttv3.jar:/ho
me/travis/build/icyphy/ptII/lib/mapss.jar:/home/travis/build/icyphy/ptII/ptolem
y/actor/ptalon/antlr/antlr.jar:/home/travis/build/icyphy/ptII/lib/JRI.jar:/home
/travis/build/icyphy/ptII/lib/commons-lang-2.6.jar:/home/travis/build/icyphy/pt
II/lib/commons-logging-1.1.1.jar:/home/travis/build/icyphy/ptII/lib/sootclasses
.jar:/home/travis/build/icyphy/ptII/ptolemy/actor/lib/database/mysql-connector-
java-5.1.6-bin.jar:/home/travis/build/icyphy/ptII/vendors/misc/sphinx4/sphinx4-
data-5prealpha.jar:/home/travis/build/icyphy/ptII/vendors/misc/sphinx4/sphinx4-
core-5prealpha.jar:/home/travis/build/icyphy/ptII/lib/PDFRenderer.jar:/home/tra
vis/build/icyphy/ptII/lib/svgSalamander.jar:/home/travis/build/icyphy/ptII/lib/
rsyntaxtextarea-2.6.0-SNAPSHOT.jar:/home/travis/build/icyphy/ptII/lib/hazelcast
-3.8.2.jar:/home/travis/build/icyphy/ptII/lib/jackson-annotations-2.9.0.jar:/ho
me/travis/build/icyphy/ptII/lib/jackson-core-2.9.3.jar:/home/travis/build/icyph
y/ptII/lib/jackson-databind-2.9.3.jar:/home/travis/build/icyphy/ptII/lib/netty-
buffer-4.1.19.Final.jar:/home/travis/build/icyphy/ptII/lib/netty-codec-4.1.19.F
inal.jar:/home/travis/build/icyphy/ptII/lib/netty-codec-dns-4.1.19.Final.jar:/h
ome/travis/build/icyphy/ptII/lib/netty-codec-http-4.1.19.Final.jar:/home/travis
/build/icyphy/ptII/lib/netty-codec-http2-4.1.19.Final.jar:/home/travis/build/ic
yphy/ptII/lib/netty-common-4.1.19.Final.jar:/home/travis/build/icyphy/ptII/lib/
netty-handler-4.1.19.Final.jar:/home/travis/build/icyphy/ptII/lib/netty-resolve
r-4.1.19.Final.jar:/home/travis/build/icyphy/ptII/lib/netty-resolver-dns-4.1.19
.Final.jar:/home/travis/build/icyphy/ptII/lib/netty-transport-4.1.19.Final.jar:
/home/travis/build/icyphy/ptII/lib/vertx-codegen-3.5.1.jar:/home/travis/build/i
cyphy/ptII/lib/vertx-core-3.5.2-SNAPSHOT.jar:/home/travis/build/icyphy/ptII/lib
/vertx-hazelcast-3.5.1.jar:/home/travis/build/icyphy/ptII/lib/vertx-lang-js-3.5
.1.jar:/home/travis/build/icyphy/ptII/lib/vertx-service-proxy-3.5.1.jar:/home/t
ravis/build/icyphy/ptII/lib/vertx-web-3.5.1.jar:/home/travis/build/icyphy/ptII/
lib/slf4j-api-1.7.13.jar:/home/travis/build/icyphy/ptII/lib/slf4j-simple-1.7.13
.jar:/home/travis/build/icyphy/ptII/lib/webcam-capture-0.3.12.jar:/home/travis/
build/icyphy/ptII/lib/bridj-0.7.0.jar:/home/travis/build/icyphy/ptII/lib/xbjlib
-1.1.0.nrjavaserial.jar:/home/travis/build/icyphy/ptII/ptolemy/moml/test:/home/
travis/build/icyphy/ptII/ant/lib/ant-launcher.jar:/home/travis/build/icyphy/ptI
I/ant/lib/ant.jar:/home/travis/build/icyphy/ptII/ant/lib/ant-junit.jar:/home/tr
avis/build/icyphy/ptII/ant/lib/ant-junit4.jar:/home/travis/build/icyphy/ptII
ModularCG_A1_B1_profile.java
total 1400
drwxrwxr-x   3 travis travis  12288 Mar  5 13:44 AbsoluteValue
drwxrwxr-x   3 travis travis 102400 Mar  5 13:43 AllColt
drwxrwxr-x   3 travis travis  12288 Mar  5 13:44 Case1
-rw-rw-r--   1 travis travis   5128 Mar  5 13:49 CompiledCompositeActor_CompiledCompositeActor.class
-rw-rw-r--   1 travis travis   1611 Mar  5 13:49 CompiledCompositeActor_CompiledCompositeActor$_CompiledCompositeActor_CompiledCompositeActor.class
-rw-rw-r--   1 travis travis  13466 Mar  5 13:49 CompiledCompositeActor_CompiledCompositeActor.java
-rw-rw-r--   1 travis travis   1593 Mar  5 13:49 CompiledCompositeActor_CompiledCompositeActor.mk
drwxrwxr-x   5 travis travis   4096 Mar  5 13:43 fmi
drwxrwxr-x   3 travis travis  16384 Mar  5 13:44 Gaussian2
-rw-rw-r--   1 travis travis   4684 Mar  5 13:49 JavaCompiledCompositeTest1_CompiledCompositeActor.class
-rw-rw-r--   1 travis travis  11637 Mar  5 13:49 JavaCompiledCompositeTest1_CompiledCompositeActor.java
-rw-rw-r--   1 travis travis   1217 Mar  5 13:49 JavaCompiledCompositeTest1_CompiledCompositeActor$_JavaCompiledCompositeTest1_CompiledCompositeActor.class
-rw-rw-r--   1 travis travis   1625 Mar  5 13:49 JavaCompiledCompositeTest1_CompiledCompositeActor.mk
-rw-rw-r--   1 travis travis   5115 Mar  5 13:49 JavaCompiledCompositeTest2_CompiledCompositeActor.class
-rw-rw-r--   1 travis travis  14919 Mar  5 13:49 JavaCompiledCompositeTest2_CompiledCompositeActor.java
-rw-rw-r--   1 travis travis   1812 Mar  5 13:49 JavaCompiledCompositeTest2_CompiledCompositeActor$_JavaCompiledCompositeTest2_CompiledCompositeActor.class
-rw-rw-r--   1 travis travis   1625 Mar  5 13:49 JavaCompiledCompositeTest2_CompiledCompositeActor.mk
-rw-rw-r--   1 travis travis   4732 Mar  5 13:49 JavaCompiledCompositeTest3_CompiledCompositeActor.class
-rw-rw-r--   1 travis travis  13080 Mar  5 13:49 JavaCompiledCompositeTest3_CompiledCompositeActor.java
-rw-rw-r--   1 travis travis   1397 Mar  5 13:49 JavaCompiledCompositeTest3_CompiledCompositeActor$_JavaCompiledCompositeTest3_CompiledCompositeActor.class
-rw-rw-r--   1 travis travis   1625 Mar  5 13:49 JavaCompiledCompositeTest3_CompiledCompositeActor.mk
-rw-rw-r--   1 travis travis   4183 Mar  5 13:49 JavaCompiledCompositeTest4_CompiledCompositeActor.class
-rw-rw-r--   1 travis travis   9687 Mar  5 13:49 JavaCompiledCompositeTest4_CompiledCompositeActor.java
-rw-rw-r--   1 travis travis    876 Mar  5 13:49 JavaCompiledCompositeTest4_CompiledCompositeActor$_JavaCompiledCompositeTest4_CompiledCompositeActor.class
-rw-rw-r--   1 travis travis   1625 Mar  5 13:49 JavaCompiledCompositeTest4_CompiledCompositeActor.mk
drwxrwxr-x   3 travis travis  12288 Mar  5 13:45 LookupTable
drwxrwxr-x   3 travis travis  20480 Mar  5 13:45 MaxIndex
-rw-rw-r--   1 travis travis   1262 Mar  5 13:49 ModularCG_A1_B1_profile.java
-rw-rw-r--   1 travis travis   3724 Mar  5 13:49 ModularCodeGenTest_A1_A2.class
-rw-rw-r--   1 travis travis   9164 Mar  5 13:49 ModularCodeGenTest_A1_A2.java
-rw-rw-r--   1 travis travis   1306 Mar  5 13:49 ModularCodeGenTest_A1_A2_profile.class
-rw-rw-r--   1 travis travis   4055 Mar  5 13:49 ModularCodeGenTest_A1.class
-rw-rw-r--   1 travis travis   9968 Mar  5 13:49 ModularCodeGenTest_A1.java
-rw-rw-r--   1 travis travis    880 Mar  5 13:49 ModularCodeGenTest_A1.mk
-rw-rw-r--   1 travis travis   1352 Mar  5 13:49 ModularCodeGenTest_A1_profile.class
-rw-rw-r--   1 travis travis   1394 Mar  5 13:49 ModularCodeGenTest_A1_profile.java
drwxrwxr-x   3 travis travis  32768 Mar  5 13:49 modulation2
drwxrwxr-x 166 travis travis  12288 Mar  5 13:49 node_modules
drwxrwxr-x   3 travis travis  20480 Mar  5 13:45 PhaseUnwrap
drwxrwxr-x   3 travis travis  12288 Mar  5 13:45 ReadFile1
-rw-rw-r--   1 travis travis     11 Mar  5 13:45 ReadFile1Output.txt
-rw-rw-r--   1 travis travis  13773 Mar  5 13:49 Repeat.class
-rw-rw-r--   1 travis travis    685 Mar  5 13:49 Repeat$_fireFunction_Repeat_Repeat$__f_sL_11.class
-rw-rw-r--   1 travis travis    541 Mar  5 13:49 Repeat$_fireFunction_Repeat_Repeat$__f_sL_12.class
-rw-rw-r--   1 travis travis    541 Mar  5 13:49 Repeat$_fireFunction_Repeat_Repeat$__f_sL_13.class
-rw-rw-r--   1 travis travis    541 Mar  5 13:49 Repeat$_fireFunction_Repeat_Repeat$__f_sL_14.class
-rw-rw-r--   1 travis travis    684 Mar  5 13:49 Repeat$_fireFunction_Repeat_Repeat$__f_sL_1.class
-rw-rw-r--   1 travis travis    683 Mar  5 13:49 Repeat$_fireFunction_Repeat_Repeat$__f_sL_4.class
-rw-rw-r--   1 travis travis    539 Mar  5 13:49 Repeat$_fireFunction_Repeat_Repeat$__f_sL_9.class
-rw-rw-r--   1 travis travis    494 Mar  5 13:49 Repeat$_initialize_Repeat$__i_sL_2.class
-rw-rw-r--   1 travis travis   1281 Mar  5 13:49 Repeat.mk
-rw-rw-r--   1 travis travis    539 Mar  5 13:49 Repeat$_preinitializeMethod_Repeat$__p_sL_0.class
-rw-rw-r--   1 travis travis   1102 Mar  5 13:49 Repeat$_Repeat$_fireFunction_Repeat_AddSubtract_Repeat.class
-rw-rw-r--   1 travis travis    810 Mar  5 13:49 Repeat$_Repeat$_fireFunction_Repeat_AddSubtract_Repeat$__f_sL_0.class
-rw-rw-r--   1 travis travis    928 Mar  5 13:49 Repeat$_Repeat$_fireFunction_Repeat_AddSubtract_Repeat$__f_sL_1.class
-rw-rw-r--   1 travis travis    934 Mar  5 13:49 Repeat$_Repeat$_fireFunction_Repeat_AddSubtract_Repeat$__f_sL_2.class
-rw-rw-r--   1 travis travis    862 Mar  5 13:49 Repeat$_Repeat$_fireFunction_Repeat_AddSubtract_Repeat$__f_sL_3.class
-rw-rw-r--   1 travis travis    757 Mar  5 13:49 Repeat$_Repeat$_fireFunction_Repeat_Ramp2_Repeat$__f_sL_0.class
-rw-rw-r--   1 travis travis    888 Mar  5 13:49 Repeat$_Repeat$_fireFunction_Repeat_Test_Repeat$__f_sL_0.class
-rw-rw-r--   1 travis travis    634 Mar  5 13:49 Repeat$_Repeat$_fireFunction_Repeat_Test_Repeat$__f_sL_1.class
-rw-rw-r--   1 travis travis    704 Mar  5 13:49 Repeat$_Repeat_SDF_Director_run_Repeat$__R_sL_0.class
-rw-rw-r--   1 travis travis    705 Mar  5 13:49 Repeat$_Repeat_SDF_Director_run_Repeat$__R_sL_11.class
-rw-rw-r--   1 travis travis    561 Mar  5 13:49 Repeat$_Repeat_SDF_Director_run_Repeat$__R_sL_13.class
-rw-rw-r--   1 travis travis    559 Mar  5 13:49 Repeat$_Repeat_SDF_Director_run_Repeat$__R_sL_2.class
-rw-rw-r--   1 travis travis    703 Mar  5 13:49 Repeat$_Repeat_SDF_Director_run_Repeat$__R_sL_3.class
-rw-rw-r--   1 travis travis    559 Mar  5 13:49 Repeat$_Repeat_SDF_Director_run_Repeat$__R_sL_5.class
-rw-rw-r--   1 travis travis    559 Mar  5 13:49 Repeat$_Repeat_SDF_Director_run_Repeat$__R_sL_8.class
drwxrwxr-x   2 travis travis   4096 Mar  5 13:49 RepeatVariables
-rw-rw-r--   1 travis travis    882 Mar  5 13:49 Repeat$_varinit_Repeat.class
-rw-rw-r--   1 travis travis    550 Mar  5 13:49 Repeat$_varinit_Repeat$__v_sL_2.class
-rw-rw-r--   1 travis travis    924 Mar  5 13:49 Repeat$_varinit_Repeat$__v_sL_4.class
-rw-rw-r--   1 travis travis    978 Mar  5 13:49 Repeat$_wrapup_Repeat$__w_sL_1.class
drwxrwxr-x   3 travis travis  20480 Mar  5 13:46 Sinewave
drwxrwxr-x   3 travis travis  32768 Mar  5 13:47 StringFunction
drwxrwxr-x   3 travis travis  12288 Mar  5 13:47 StringLength
drwxrwxr-x   3 travis travis  61440 Mar  5 13:47 StringMatches2
drwxrwxr-x   3 travis travis  61440 Mar  5 13:48 StringSimpleReplace
drwxrwxr-x   3 travis travis  65536 Mar  5 13:48 StringSubstring
drwxrwxr-x   3 travis travis  24576 Mar  5 13:48 StringSubstring2
drwxrwxr-x   3 travis travis  16384 Mar  5 13:49 time1
drwxrwxr-x   3 travis travis  12288 Mar  5 13:49 time5
-rw-rw-r--   1 travis travis    432 Mar  5 13:49 Token.class
-rw-rw-r--   1 travis travis    251 Mar  5 13:49 Token.java
-rwxrwxr-x   1 travis travis 466992 Mar  5 13:43 top
-rw-rw-r--   1 travis travis  20502 Mar  5 13:43 top.c
-rw-rw-r--   1 travis travis   3799 Mar  5 13:49 top.class
-rw-rw-r--   1 travis travis   1257 Mar  5 13:49 top.mk
All Done
Writing ModularCG_A1_B1.java in file:/home/travis/cg/ (9730 characters)
Reading "ptolemy/cg/kernel/generic/program/procedural/java/modular/makefile.in",
    writing "/home/travis/cg/ModularCG_A1_B1.mk"
Using ptolemy/cg/kernel/generic/program/procedural/java/modular/makefile.in
In "/home/travis/cg", about to execute:
    make -f ModularCG_A1_B1.mk
javac -classpath ".:.."    ModularCG_A1_B1.java
All Done
In "/home/travis/cg", about to execute:
    pwd
In "/home/travis/cg", about to execute:
    ls -l
/home/travis/cg
total 1428
drwxrwxr-x   3 travis travis  12288 Mar  5 13:44 AbsoluteValue
drwxrwxr-x   3 travis travis 102400 Mar  5 13:43 AllColt
drwxrwxr-x   3 travis travis  12288 Mar  5 13:44 Case1
-rw-rw-r--   1 travis travis   5128 Mar  5 13:49 CompiledCompositeActor_CompiledCompositeActor.class
-rw-rw-r--   1 travis travis   1611 Mar  5 13:49 CompiledCompositeActor_CompiledCompositeActor$_CompiledCompositeActor_CompiledCompositeActor.class
-rw-rw-r--   1 travis travis  13466 Mar  5 13:49 CompiledCompositeActor_CompiledCompositeActor.java
-rw-rw-r--   1 travis travis   1593 Mar  5 13:49 CompiledCompositeActor_CompiledCompositeActor.mk
drwxrwxr-x   5 travis travis   4096 Mar  5 13:43 fmi
drwxrwxr-x   3 travis travis  16384 Mar  5 13:44 Gaussian2
-rw-rw-r--   1 travis travis   4684 Mar  5 13:49 JavaCompiledCompositeTest1_CompiledCompositeActor.class
-rw-rw-r--   1 travis travis  11637 Mar  5 13:49 JavaCompiledCompositeTest1_CompiledCompositeActor.java
-rw-rw-r--   1 travis travis   1217 Mar  5 13:49 JavaCompiledCompositeTest1_CompiledCompositeActor$_JavaCompiledCompositeTest1_CompiledCompositeActor.class
-rw-rw-r--   1 travis travis   1625 Mar  5 13:49 JavaCompiledCompositeTest1_CompiledCompositeActor.mk
-rw-rw-r--   1 travis travis   5115 Mar  5 13:49 JavaCompiledCompositeTest2_CompiledCompositeActor.class
-rw-rw-r--   1 travis travis  14919 Mar  5 13:49 JavaCompiledCompositeTest2_CompiledCompositeActor.java
-rw-rw-r--   1 travis travis   1812 Mar  5 13:49 JavaCompiledCompositeTest2_CompiledCompositeActor$_JavaCompiledCompositeTest2_CompiledCompositeActor.class
-rw-rw-r--   1 travis travis   1625 Mar  5 13:49 JavaCompiledCompositeTest2_CompiledCompositeActor.mk
-rw-rw-r--   1 travis travis   4732 Mar  5 13:49 JavaCompiledCompositeTest3_CompiledCompositeActor.class
-rw-rw-r--   1 travis travis  13080 Mar  5 13:49 JavaCompiledCompositeTest3_CompiledCompositeActor.java
-rw-rw-r--   1 travis travis   1397 Mar  5 13:49 JavaCompiledCompositeTest3_CompiledCompositeActor$_JavaCompiledCompositeTest3_CompiledCompositeActor.class
-rw-rw-r--   1 travis travis   1625 Mar  5 13:49 JavaCompiledCompositeTest3_CompiledCompositeActor.mk
-rw-rw-r--   1 travis travis   4183 Mar  5 13:49 JavaCompiledCompositeTest4_CompiledCompositeActor.class
-rw-rw-r--   1 travis travis   9687 Mar  5 13:49 JavaCompiledCompositeTest4_CompiledCompositeActor.java
-rw-rw-r--   1 travis travis    876 Mar  5 13:49 JavaCompiledCompositeTest4_CompiledCompositeActor$_JavaCompiledCompositeTest4_CompiledCompositeActor.class
-rw-rw-r--   1 travis travis   1625 Mar  5 13:49 JavaCompiledCompositeTest4_CompiledCompositeActor.mk
drwxrwxr-x   3 travis travis  12288 Mar  5 13:45 LookupTable
drwxrwxr-x   3 travis travis  20480 Mar  5 13:45 MaxIndex
-rw-rw-r--   1 travis travis   3925 Mar  5 13:49 ModularCG_A1_B1.class
-rw-rw-r--   1 travis travis   9730 Mar  5 13:49 ModularCG_A1_B1.java
-rw-rw-r--   1 travis travis    832 Mar  5 13:49 ModularCG_A1_B1.mk
-rw-rw-r--   1 travis travis   1318 Mar  5 13:49 ModularCG_A1_B1_profile.class
-rw-rw-r--   1 travis travis   1262 Mar  5 13:49 ModularCG_A1_B1_profile.java
-rw-rw-r--   1 travis travis   1262 Mar  5 13:49 ModularCG_A1_B2_profile.java
-rw-rw-r--   1 travis travis   3724 Mar  5 13:49 ModularCodeGenTest_A1_A2.class
-rw-rw-r--   1 travis travis   9164 Mar  5 13:49 ModularCodeGenTest_A1_A2.java
-rw-rw-r--   1 travis travis   1306 Mar  5 13:49 ModularCodeGenTest_A1_A2_profile.class
-rw-rw-r--   1 travis travis   4055 Mar  5 13:49 ModularCodeGenTest_A1.class
-rw-rw-r--   1 travis travis   9968 Mar  5 13:49 ModularCodeGenTest_A1.java
-rw-rw-r--   1 travis travis    880 Mar  5 13:49 ModularCodeGenTest_A1.mk
-rw-rw-r--   1 travis travis   1352 Mar  5 13:49 ModularCodeGenTest_A1_profile.class
-rw-rw-r--   1 travis travis   1394 Mar  5 13:49 ModularCodeGenTest_A1_profile.java
drwxrwxr-x   3 travis travis  32768 Mar  5 13:49 modulation2
drwxrwxr-x 166 travis travis  12288 Mar  5 13:49 node_modules
drwxrwxr-x   3 travis travis  20480 Mar  5 13:45 PhaseUnwrap
drwxrwxr-x   3 travis travis  12288 Mar  5 13:45 ReadFile1
-rw-rw-r--   1 travis travis     11 Mar  5 13:45 ReadFile1Output.txt
-rw-rw-r--   1 travis travis  13773 Mar  5 13:49 Repeat.class
-rw-rw-r--   1 travis travis    685 Mar  5 13:49 Repeat$_fireFunction_Repeat_Repeat$__f_sL_11.class
-rw-rw-r--   1 travis travis    541 Mar  5 13:49 Repeat$_fireFunction_Repeat_Repeat$__f_sL_12.class
-rw-rw-r--   1 travis travis    541 Mar  5 13:49 Repeat$_fireFunction_Repeat_Repeat$__f_sL_13.class
-rw-rw-r--   1 travis travis    541 Mar  5 13:49 Repeat$_fireFunction_Repeat_Repeat$__f_sL_14.class
-rw-rw-r--   1 travis travis    684 Mar  5 13:49 Repeat$_fireFunction_Repeat_Repeat$__f_sL_1.class
-rw-rw-r--   1 travis travis    683 Mar  5 13:49 Repeat$_fireFunction_Repeat_Repeat$__f_sL_4.class
-rw-rw-r--   1 travis travis    539 Mar  5 13:49 Repeat$_fireFunction_Repeat_Repeat$__f_sL_9.class
-rw-rw-r--   1 travis travis    494 Mar  5 13:49 Repeat$_initialize_Repeat$__i_sL_2.class
-rw-rw-r--   1 travis travis   1281 Mar  5 13:49 Repeat.mk
-rw-rw-r--   1 travis travis    539 Mar  5 13:49 Repeat$_preinitializeMethod_Repeat$__p_sL_0.class
-rw-rw-r--   1 travis travis   1102 Mar  5 13:49 Repeat$_Repeat$_fireFunction_Repeat_AddSubtract_Repeat.class
-rw-rw-r--   1 travis travis    810 Mar  5 13:49 Repeat$_Repeat$_fireFunction_Repeat_AddSubtract_Repeat$__f_sL_0.class
-rw-rw-r--   1 travis travis    928 Mar  5 13:49 Repeat$_Repeat$_fireFunction_Repeat_AddSubtract_Repeat$__f_sL_1.class
-rw-rw-r--   1 travis travis    934 Mar  5 13:49 Repeat$_Repeat$_fireFunction_Repeat_AddSubtract_Repeat$__f_sL_2.class
-rw-rw-r--   1 travis travis    862 Mar  5 13:49 Repeat$_Repeat$_fireFunction_Repeat_AddSubtract_Repeat$__f_sL_3.class
-rw-rw-r--   1 travis travis    757 Mar  5 13:49 Repeat$_Repeat$_fireFunction_Repeat_Ramp2_Repeat$__f_sL_0.class
-rw-rw-r--   1 travis travis    888 Mar  5 13:49 Repeat$_Repeat$_fireFunction_Repeat_Test_Repeat$__f_sL_0.class
-rw-rw-r--   1 travis travis    634 Mar  5 13:49 Repeat$_Repeat$_fireFunction_Repeat_Test_Repeat$__f_sL_1.class
-rw-rw-r--   1 travis travis    704 Mar  5 13:49 Repeat$_Repeat_SDF_Director_run_Repeat$__R_sL_0.class
-rw-rw-r--   1 travis travis    705 Mar  5 13:49 Repeat$_Repeat_SDF_Director_run_Repeat$__R_sL_11.class
-rw-rw-r--   1 travis travis    561 Mar  5 13:49 Repeat$_Repeat_SDF_Director_run_Repeat$__R_sL_13.class
-rw-rw-r--   1 travis travis    559 Mar  5 13:49 Repeat$_Repeat_SDF_Director_run_Repeat$__R_sL_2.class
-rw-rw-r--   1 travis travis    703 Mar  5 13:49 Repeat$_Repeat_SDF_Director_run_Repeat$__R_sL_3.class
-rw-rw-r--   1 travis travis    559 Mar  5 13:49 Repeat$_Repeat_SDF_Director_run_Repeat$__R_sL_5.class
-rw-rw-r--   1 travis travis    559 Mar  5 13:49 Repeat$_Repeat_SDF_Director_run_Repeat$__R_sL_8.class
drwxrwxr-x   2 travis travis   4096 Mar  5 13:49 RepeatVariables
-rw-rw-r--   1 travis travis    882 Mar  5 13:49 Repeat$_varinit_Repeat.class
-rw-rw-r--   1 travis travis    550 Mar  5 13:49 Repeat$_varinit_Repeat$__v_sL_2.class
-rw-rw-r--   1 travis travis    924 Mar  5 13:49 Repeat$_varinit_Repeat$__v_sL_4.class
-rw-rw-r--   1 travis travis    978 Mar  5 13:49 Repeat$_wrapup_Repeat$__w_sL_1.class
drwxrwxr-x   3 travis travis  20480 Mar  5 13:46 Sinewave
drwxrwxr-x   3 travis travis  32768 Mar  5 13:47 StringFunction
drwxrwxr-x   3 travis travis  12288 Mar  5 13:47 StringLength
drwxrwxr-x   3 travis travis  61440 Mar  5 13:47 StringMatches2
drwxrwxr-x   3 travis travis  61440 Mar  5 13:48 StringSimpleReplace
drwxrwxr-x   3 travis travis  65536 Mar  5 13:48 StringSubstring
drwxrwxr-x   3 travis travis  24576 Mar  5 13:48 StringSubstring2
drwxrwxr-x   3 travis travis  16384 Mar  5 13:49 time1
drwxrwxr-x   3 travis travis  12288 Mar  5 13:49 time5
-rw-rw-r--   1 travis travis    432 Mar  5 13:49 Token.class
-rw-rw-r--   1 travis travis    251 Mar  5 13:49 Token.java
-rwxrwxr-x   1 travis travis 466992 Mar  5 13:43 top
-rw-rw-r--   1 travis travis  20502 Mar  5 13:43 top.c
-rw-rw-r--   1 travis travis   3799 Mar  5 13:49 top.class
-rw-rw-r--   1 travis travis   1257 Mar  5 13:49 top.mk
In "/home/travis/cg", about to execute:
    javac -classpath
.:/home/travis/build/icyphy/ptII:/home/travis/build/icyphy/ptII/lib/bsh-2.0b4.j
ar:/home/travis/build/icyphy/ptII/lib/ptCal.jar:/home/travis/build/icyphy/ptII/
lib/java_cup.jar:/home/travis/build/icyphy/ptII/lib/saxon8.jar:/home/travis/bui
ld/icyphy/ptII/lib/saxon8-dom.jar:/home/travis/build/icyphy/ptII/lib/chic.jar:/
home/travis/build/icyphy/ptII/lib/ptcolt.jar:/home/travis/build/icyphy/ptII/ven
dors/misc/itext/iText.jar:/home/travis/build/icyphy/ptII/lib/g4ltl.jar:/home/tr
avis/build/icyphy/ptII/lib/StructuralCoder.jar:/home/travis/build/icyphy/ptII/l
ib/jcerti.jar:/home/travis/build/icyphy/ptII/lib/javax.mail.jar:/home/travis/bu
ild/icyphy/ptII/vendors/JMF-2.1.1e/lib/jmf.jar:/home/travis/build/icyphy/ptII/l
ib/jna-4.0.0-variadic.jar:/home/travis/build/icyphy/ptII/vendors/misc/joystick/
Joystick.jar:/home/travis/build/icyphy/ptII/lib/ptjacl.jar:/home/travis/build/i
cyphy/ptII/lib/jsoup-1.8.2.jar:/home/travis/build/icyphy/ptII/lib/junit-4.8.2.j
ar:/home/travis/build/icyphy/ptII/lib/JUnitParams-0.4.0.jar:/home/travis/build/
icyphy/ptII/ptolemy/actor/lib/excel/jxl.jar:/home/travis/build/icyphy/ptII/lib/
jython.jar:/home/travis/build/icyphy/ptII/lib/kieler.jar:/home/travis/build/icy
phy/ptII/vendors/opencv/share/OpenCV/java/opencv-341.jar:/home/travis/build/icy
phy/ptII/lib/oscP5.jar:/home/travis/build/icyphy/ptII/lib/nrjavaserial-3.11.0.d
evel.jar:/home/travis/build/icyphy/ptII/vendors/j3d/lib/Linux/j3dcore.jar:/home
/travis/build/icyphy/ptII/vendors/j3d/lib/Linux/j3dutils.jar:/home/travis/build
/icyphy/ptII/vendors/j3d/lib/Linux/vecmath.jar:/home/travis/build/icyphy/ptII/v
endors/jogl/lib/Linux/gluegen-rt-natives-linux-amd64.jar:/home/travis/build/icy
phy/ptII/vendors/jogl/lib/Linux/gluegen-rt.jar:/home/travis/build/icyphy/ptII/v
endors/jogl/lib/Linux/jogl-all-natives-linux-amd64.jar:/home/travis/build/icyph
y/ptII/vendors/jogl/lib/Linux/jogl-all.jar:/home/travis/build/icyphy/ptII/ptole
my/distributed/jini/jar/jini-core.jar:/home/travis/build/icyphy/ptII/ptolemy/di
stributed/jini/jar/jini-ext.jar:/home/travis/build/icyphy/ptII/ptolemy/distribu
ted/jini/jar/sun-util.jar:/home/travis/build/icyphy/ptII/lib/protobuf-java-2.4.
1.jar:/home/travis/build/icyphy/ptII/lib/org.eclipse.paho.client.mqttv3.jar:/ho
me/travis/build/icyphy/ptII/lib/mapss.jar:/home/travis/build/icyphy/ptII/ptolem
y/actor/ptalon/antlr/antlr.jar:/home/travis/build/icyphy/ptII/lib/JRI.jar:/home
/travis/build/icyphy/ptII/lib/commons-lang-2.6.jar:/home/travis/build/icyphy/pt
II/lib/commons-logging-1.1.1.jar:/home/travis/build/icyphy/ptII/lib/sootclasses
.jar:/home/travis/build/icyphy/ptII/ptolemy/actor/lib/database/mysql-connector-
java-5.1.6-bin.jar:/home/travis/build/icyphy/ptII/vendors/misc/sphinx4/sphinx4-
data-5prealpha.jar:/home/travis/build/icyphy/ptII/vendors/misc/sphinx4/sphinx4-
core-5prealpha.jar:/home/travis/build/icyphy/ptII/lib/PDFRenderer.jar:/home/tra
vis/build/icyphy/ptII/lib/svgSalamander.jar:/home/travis/build/icyphy/ptII/lib/
rsyntaxtextarea-2.6.0-SNAPSHOT.jar:/home/travis/build/icyphy/ptII/lib/hazelcast
-3.8.2.jar:/home/travis/build/icyphy/ptII/lib/jackson-annotations-2.9.0.jar:/ho
me/travis/build/icyphy/ptII/lib/jackson-core-2.9.3.jar:/home/travis/build/icyph
y/ptII/lib/jackson-databind-2.9.3.jar:/home/travis/build/icyphy/ptII/lib/netty-
buffer-4.1.19.Final.jar:/home/travis/build/icyphy/ptII/lib/netty-codec-4.1.19.F
inal.jar:/home/travis/build/icyphy/ptII/lib/netty-codec-dns-4.1.19.Final.jar:/h
ome/travis/build/icyphy/ptII/lib/netty-codec-http-4.1.19.Final.jar:/home/travis
/build/icyphy/ptII/lib/netty-codec-http2-4.1.19.Final.jar:/home/travis/build/ic
yphy/ptII/lib/netty-common-4.1.19.Final.jar:/home/travis/build/icyphy/ptII/lib/
netty-handler-4.1.19.Final.jar:/home/travis/build/icyphy/ptII/lib/netty-resolve
r-4.1.19.Final.jar:/home/travis/build/icyphy/ptII/lib/netty-resolver-dns-4.1.19
.Final.jar:/home/travis/build/icyphy/ptII/lib/netty-transport-4.1.19.Final.jar:
/home/travis/build/icyphy/ptII/lib/vertx-codegen-3.5.1.jar:/home/travis/build/i
cyphy/ptII/lib/vertx-core-3.5.2-SNAPSHOT.jar:/home/travis/build/icyphy/ptII/lib
/vertx-hazelcast-3.5.1.jar:/home/travis/build/icyphy/ptII/lib/vertx-lang-js-3.5
.1.jar:/home/travis/build/icyphy/ptII/lib/vertx-service-proxy-3.5.1.jar:/home/t
ravis/build/icyphy/ptII/lib/vertx-web-3.5.1.jar:/home/travis/build/icyphy/ptII/
lib/slf4j-api-1.7.13.jar:/home/travis/build/icyphy/ptII/lib/slf4j-simple-1.7.13
.jar:/home/travis/build/icyphy/ptII/lib/webcam-capture-0.3.12.jar:/home/travis/
build/icyphy/ptII/lib/bridj-0.7.0.jar:/home/travis/build/icyphy/ptII/lib/xbjlib
-1.1.0.nrjavaserial.jar:/home/travis/build/icyphy/ptII/ptolemy/moml/test:/home/
travis/build/icyphy/ptII/ant/lib/ant-launcher.jar:/home/travis/build/icyphy/ptI
I/ant/lib/ant.jar:/home/travis/build/icyphy/ptII/ant/lib/ant-junit.jar:/home/tr
avis/build/icyphy/ptII/ant/lib/ant-junit4.jar:/home/travis/build/icyphy/ptII
ModularCG_A1_B2_profile.java
All Done
Writing ModularCG_A1_B2.java in file:/home/travis/cg/ (9730 characters)
Reading "ptolemy/cg/kernel/generic/program/procedural/java/modular/makefile.in",
    writing "/home/travis/cg/ModularCG_A1_B2.mk"
Using ptolemy/cg/kernel/generic/program/procedural/java/modular/makefile.in
In "/home/travis/cg", about to execute:
    make -f ModularCG_A1_B2.mk
javac -classpath ".:.."    ModularCG_A1_B2.java
All Done
In "/home/travis/cg", about to execute:
    pwd
In "/home/travis/cg", about to execute:
    ls -l
/home/travis/cg
total 1456
drwxrwxr-x   3 travis travis  12288 Mar  5 13:44 AbsoluteValue
drwxrwxr-x   3 travis travis 102400 Mar  5 13:43 AllColt
drwxrwxr-x   3 travis travis  12288 Mar  5 13:44 Case1
-rw-rw-r--   1 travis travis   5128 Mar  5 13:49 CompiledCompositeActor_CompiledCompositeActor.class
-rw-rw-r--   1 travis travis   1611 Mar  5 13:49 CompiledCompositeActor_CompiledCompositeActor$_CompiledCompositeActor_CompiledCompositeActor.class
-rw-rw-r--   1 travis travis  13466 Mar  5 13:49 CompiledCompositeActor_CompiledCompositeActor.java
-rw-rw-r--   1 travis travis   1593 Mar  5 13:49 CompiledCompositeActor_CompiledCompositeActor.mk
drwxrwxr-x   5 travis travis   4096 Mar  5 13:43 fmi
drwxrwxr-x   3 travis travis  16384 Mar  5 13:44 Gaussian2
-rw-rw-r--   1 travis travis   4684 Mar  5 13:49 JavaCompiledCompositeTest1_CompiledCompositeActor.class
-rw-rw-r--   1 travis travis  11637 Mar  5 13:49 JavaCompiledCompositeTest1_CompiledCompositeActor.java
-rw-rw-r--   1 travis travis   1217 Mar  5 13:49 JavaCompiledCompositeTest1_CompiledCompositeActor$_JavaCompiledCompositeTest1_CompiledCompositeActor.class
-rw-rw-r--   1 travis travis   1625 Mar  5 13:49 JavaCompiledCompositeTest1_CompiledCompositeActor.mk
-rw-rw-r--   1 travis travis   5115 Mar  5 13:49 JavaCompiledCompositeTest2_CompiledCompositeActor.class
-rw-rw-r--   1 travis travis  14919 Mar  5 13:49 JavaCompiledCompositeTest2_CompiledCompositeActor.java
-rw-rw-r--   1 travis travis   1812 Mar  5 13:49 JavaCompiledCompositeTest2_CompiledCompositeActor$_JavaCompiledCompositeTest2_CompiledCompositeActor.class
-rw-rw-r--   1 travis travis   1625 Mar  5 13:49 JavaCompiledCompositeTest2_CompiledCompositeActor.mk
-rw-rw-r--   1 travis travis   4732 Mar  5 13:49 JavaCompiledCompositeTest3_CompiledCompositeActor.class
-rw-rw-r--   1 travis travis  13080 Mar  5 13:49 JavaCompiledCompositeTest3_CompiledCompositeActor.java
-rw-rw-r--   1 travis travis   1397 Mar  5 13:49 JavaCompiledCompositeTest3_CompiledCompositeActor$_JavaCompiledCompositeTest3_CompiledCompositeActor.class
-rw-rw-r--   1 travis travis   1625 Mar  5 13:49 JavaCompiledCompositeTest3_CompiledCompositeActor.mk
-rw-rw-r--   1 travis travis   4183 Mar  5 13:49 JavaCompiledCompositeTest4_CompiledCompositeActor.class
-rw-rw-r--   1 travis travis   9687 Mar  5 13:49 JavaCompiledCompositeTest4_CompiledCompositeActor.java
-rw-rw-r--   1 travis travis    876 Mar  5 13:49 JavaCompiledCompositeTest4_CompiledCompositeActor$_JavaCompiledCompositeTest4_CompiledCompositeActor.class
-rw-rw-r--   1 travis travis   1625 Mar  5 13:49 JavaCompiledCompositeTest4_CompiledCompositeActor.mk
drwxrwxr-x   3 travis travis  12288 Mar  5 13:45 LookupTable
drwxrwxr-x   3 travis travis  20480 Mar  5 13:45 MaxIndex
-rw-rw-r--   1 travis travis   3925 Mar  5 13:49 ModularCG_A1_B1.class
-rw-rw-r--   1 travis travis   9730 Mar  5 13:49 ModularCG_A1_B1.java
-rw-rw-r--   1 travis travis    832 Mar  5 13:49 ModularCG_A1_B1.mk
-rw-rw-r--   1 travis travis   1318 Mar  5 13:49 ModularCG_A1_B1_profile.class
-rw-rw-r--   1 travis travis   1262 Mar  5 13:49 ModularCG_A1_B1_profile.java
-rw-rw-r--   1 travis travis   3925 Mar  5 13:50 ModularCG_A1_B2.class
-rw-rw-r--   1 travis travis   9730 Mar  5 13:50 ModularCG_A1_B2.java
-rw-rw-r--   1 travis travis    832 Mar  5 13:50 ModularCG_A1_B2.mk
-rw-rw-r--   1 travis travis   1318 Mar  5 13:50 ModularCG_A1_B2_profile.class
-rw-rw-r--   1 travis travis   1262 Mar  5 13:49 ModularCG_A1_B2_profile.java
-rw-rw-r--   1 travis travis   1704 Mar  5 13:50 ModularCG_A1_profile.java
-rw-rw-r--   1 travis travis   3724 Mar  5 13:49 ModularCodeGenTest_A1_A2.class
-rw-rw-r--   1 travis travis   9164 Mar  5 13:49 ModularCodeGenTest_A1_A2.java
-rw-rw-r--   1 travis travis   1306 Mar  5 13:49 ModularCodeGenTest_A1_A2_profile.class
-rw-rw-r--   1 travis travis   4055 Mar  5 13:49 ModularCodeGenTest_A1.class
-rw-rw-r--   1 travis travis   9968 Mar  5 13:49 ModularCodeGenTest_A1.java
-rw-rw-r--   1 travis travis    880 Mar  5 13:49 ModularCodeGenTest_A1.mk
-rw-rw-r--   1 travis travis   1352 Mar  5 13:49 ModularCodeGenTest_A1_profile.class
-rw-rw-r--   1 travis travis   1394 Mar  5 13:49 ModularCodeGenTest_A1_profile.java
drwxrwxr-x   3 travis travis  32768 Mar  5 13:49 modulation2
drwxrwxr-x 166 travis travis  12288 Mar  5 13:49 node_modules
drwxrwxr-x   3 travis travis  20480 Mar  5 13:45 PhaseUnwrap
drwxrwxr-x   3 travis travis  12288 Mar  5 13:45 ReadFile1
-rw-rw-r--   1 travis travis     11 Mar  5 13:45 ReadFile1Output.txt
-rw-rw-r--   1 travis travis  13773 Mar  5 13:49 Repeat.class
-rw-rw-r--   1 travis travis    685 Mar  5 13:49 Repeat$_fireFunction_Repeat_Repeat$__f_sL_11.class
-rw-rw-r--   1 travis travis    541 Mar  5 13:49 Repeat$_fireFunction_Repeat_Repeat$__f_sL_12.class
-rw-rw-r--   1 travis travis    541 Mar  5 13:49 Repeat$_fireFunction_Repeat_Repeat$__f_sL_13.class
-rw-rw-r--   1 travis travis    541 Mar  5 13:49 Repeat$_fireFunction_Repeat_Repeat$__f_sL_14.class
-rw-rw-r--   1 travis travis    684 Mar  5 13:49 Repeat$_fireFunction_Repeat_Repeat$__f_sL_1.class
In "/home/travis/cg", about to execute:
    javac -classpath
.:/home/travis/build/icyphy/ptII:/home/travis/build/icyphy/ptII/lib/bsh-2.0b4.j
ar:/home/travis/build/icyphy/ptII/lib/ptCal.jar:/home/travis/build/icyphy/ptII/
lib/java_cup.jar:/home/travis/build/icyphy/ptII/lib/saxon8.jar:/home/travis/bui
ld/icyphy/ptII/lib/saxon8-dom.jar:/home/travis/build/icyphy/ptII/lib/chic.jar:/
home/travis/build/icyphy/ptII/lib/ptcolt.jar:/home/travis/build/icyphy/ptII/ven
dors/misc/itext/iText.jar:/home/travis/build/icyphy/ptII/lib/g4ltl.jar:/home/tr
avis/build/icyphy/ptII/lib/StructuralCoder.jar:/home/travis/build/icyphy/ptII/l
ib/jcerti.jar:/home/travis/build/icyphy/ptII/lib/javax.mail.jar:/home/travis/bu
ild/icyphy/ptII/vendors/JMF-2.1.1e/lib/jmf.jar:/home/travis/build/icyphy/ptII/l
ib/jna-4.0.0-variadic.jar:/home/travis/build/icyphy/ptII/vendors/misc/joystick/
Joystick.jar:/home/travis/build/icyphy/ptII/lib/ptjacl.jar:/home/travis/build/i
cyphy/ptII/lib/jsoup-1.8.2.jar:/home/travis/build/icyphy/ptII/lib/junit-4.8.2.j
ar:/home/travis/build/icyphy/ptII/lib/JUnitParams-0.4.0.jar:/home/travis/build/
icyphy/ptII/ptolemy/actor/lib/excel/jxl.jar:/home/travis/build/icyphy/ptII/lib/
jython.jar:/home/travis/build/icyphy/ptII/lib/kieler.jar:/home/travis/build/icy
phy/ptII/vendors/opencv/share/OpenCV/java/opencv-341.jar:/home/travis/build/icy
phy/ptII/lib/oscP5.jar:/home/travis/build/icyphy/ptII/lib/nrjavaserial-3.11.0.d
evel.jar:/home/travis/build/icyphy/ptII/vendors/j3d/lib/Linux/j3dcore.jar:/home
/travis/build/icyphy/ptII/vendors/j3d/lib/Linux/j3dutils.jar:/home/travis/build
/icyphy/ptII/vendors/j3d/lib/Linux/vecmath.jar:/home/travis/build/icyphy/ptII/v
endors/jogl/lib/Linux/gluegen-rt-natives-linux-amd64.jar:/home/travis/build/icy
phy/ptII/vendors/jogl/lib/Linux/gluegen-rt.jar:/home/travis/build/icyphy/ptII/v
endors/jogl/lib/Linux/jogl-all-natives-linux-amd64.jar:/home/travis/build/icyph
y/ptII/vendors/jogl/lib/Linux/jogl-all.jar:/home/travis/build/icyphy/ptII/ptole
my/distributed/jini/jar/jini-core.jar:/home/travis/build/icyphy/ptII/ptolemy/di
stributed/jini/jar/jini-ext.jar:/home/travis/build/icyphy/ptII/ptolemy/distribu
ted/jini/jar/sun-util.jar:/home/travis/build/icyphy/ptII/lib/protobuf-java-2.4.
1.jar:/home/travis/build/icyphy/ptII/lib/org.eclipse.paho.client.mqttv3.jar:/ho
me/travis/build/icyphy/ptII/lib/mapss.jar:/home/travis/build/icyphy/ptII/ptolem
y/actor/ptalon/antlr/antlr.jar:/home/travis/build/icyphy/ptII/lib/JRI.jar:/home
/travis/build/icyphy/ptII/lib/commons-lang-2.6.jar:/home/travis/build/icyphy/pt
II/lib/commons-logging-1.1.1.jar:/home/travis/build/icyphy/ptII/lib/sootclasses
.jar:/home/travis/build/icyphy/ptII/ptolemy/actor/lib/database/mysql-connector-
java-5.1.6-bin.jar:/home/travis/build/icyphy/ptII/vendors/misc/sphinx4/sphinx4-
data-5prealpha.jar:/home/travis/build/icyphy/ptII/vendors/misc/sphinx4/sphinx4-
core-5prealpha.jar:/home/travis/build/icyphy/ptII/lib/PDFRenderer.jar:/home/tra
vis/build/icyphy/ptII/lib/svgSalamander.jar:/home/travis/build/icyphy/ptII/lib/
rsyntaxtextarea-2.6.0-SNAPSHOT.jar:/home/travis/build/icyphy/ptII/lib/hazelcast
-3.8.2.jar:/home/travis/build/icyphy/ptII/lib/jackson-annotations-2.9.0.jar:/ho
me/travis/build/icyphy/ptII/lib/jackson-core-2.9.3.jar:/home/travis/build/icyph
y/ptII/lib/jackson-databind-2.9.3.jar:/home/travis/build/icyphy/ptII/lib/netty-
buffer-4.1.19.Final.jar:/home/travis/build/icyphy/ptII/lib/netty-codec-4.1.19.F
inal.jar:/home/travis/build/icyphy/ptII/lib/netty-codec-dns-4.1.19.Final.jar:/h
ome/travis/build/icyphy/ptII/lib/netty-codec-http-4.1.19.Final.jar:/home/travis
/build/icyphy/ptII/lib/netty-codec-http2-4.1.19.Final.jar:/home/travis/build/ic
yphy/ptII/lib/netty-common-4.1.19.Final.jar:/home/travis/build/icyphy/ptII/lib/
netty-handler-4.1.19.Final.jar:/home/travis/build/icyphy/ptII/lib/netty-resolve
r-4.1.19.Final.jar:/home/travis/build/icyphy/ptII/lib/netty-resolver-dns-4.1.19
.Final.jar:/home/travis/build/icyphy/ptII/lib/netty-transport-4.1.19.Final.jar:
/home/travis/build/icyphy/ptII/lib/vertx-codegen-3.5.1.jar:/home/travis/build/i
cyphy/ptII/lib/vertx-core-3.5.2-SNAPSHOT.jar:/home/travis/build/icyphy/ptII/lib
/vertx-hazelcast-3.5.1.jar:/home/travis/build/icyphy/ptII/lib/vertx-lang-js-3.5
.1.jar:/home/travis/build/icyphy/ptII/lib/vertx-service-proxy-3.5.1.jar:/home/t
ravis/build/icyphy/ptII/lib/vertx-web-3.5.1.jar:/home/travis/build/icyphy/ptII/
lib/slf4j-api-1.7.13.jar:/home/travis/build/icyphy/ptII/lib/slf4j-simple-1.7.13
.jar:/home/travis/build/icyphy/ptII/lib/webcam-capture-0.3.12.jar:/home/travis/
build/icyphy/ptII/lib/bridj-0.7.0.jar:/home/travis/build/icyphy/ptII/lib/xbjlib
-1.1.0.nrjavaserial.jar:/home/travis/build/icyphy/ptII/ptolemy/moml/test:/home/
travis/build/icyphy/ptII/ant/lib/ant-launcher.jar:/home/travis/build/icyphy/ptI
I/ant/lib/ant.jar:/home/travis/build/icyphy/ptII/ant/lib/ant-junit.jar:/home/tr
avis/build/icyphy/ptII/ant/lib/ant-junit4.jar:/home/travis/build/icyphy/ptII
ModularCG_A1_profile.java
-rw-rw-r--   1 travis travis    683 Mar  5 13:49 Repeat$_fireFunction_Repeat_Repeat$__f_sL_4.class
-rw-rw-r--   1 travis travis    539 Mar  5 13:49 Repeat$_fireFunction_Repeat_Repeat$__f_sL_9.class
-rw-rw-r--   1 travis travis    494 Mar  5 13:49 Repeat$_initialize_Repeat$__i_sL_2.class
-rw-rw-r--   1 travis travis   1281 Mar  5 13:49 Repeat.mk
-rw-rw-r--   1 travis travis    539 Mar  5 13:49 Repeat$_preinitializeMethod_Repeat$__p_sL_0.class
-rw-rw-r--   1 travis travis   1102 Mar  5 13:49 Repeat$_Repeat$_fireFunction_Repeat_AddSubtract_Repeat.class
-rw-rw-r--   1 travis travis    810 Mar  5 13:49 Repeat$_Repeat$_fireFunction_Repeat_AddSubtract_Repeat$__f_sL_0.class
-rw-rw-r--   1 travis travis    928 Mar  5 13:49 Repeat$_Repeat$_fireFunction_Repeat_AddSubtract_Repeat$__f_sL_1.class
-rw-rw-r--   1 travis travis    934 Mar  5 13:49 Repeat$_Repeat$_fireFunction_Repeat_AddSubtract_Repeat$__f_sL_2.class
-rw-rw-r--   1 travis travis    862 Mar  5 13:49 Repeat$_Repeat$_fireFunction_Repeat_AddSubtract_Repeat$__f_sL_3.class
-rw-rw-r--   1 travis travis    757 Mar  5 13:49 Repeat$_Repeat$_fireFunction_Repeat_Ramp2_Repeat$__f_sL_0.class
-rw-rw-r--   1 travis travis    888 Mar  5 13:49 Repeat$_Repeat$_fireFunction_Repeat_Test_Repeat$__f_sL_0.class
-rw-rw-r--   1 travis travis    634 Mar  5 13:49 Repeat$_Repeat$_fireFunction_Repeat_Test_Repeat$__f_sL_1.class
-rw-rw-r--   1 travis travis    704 Mar  5 13:49 Repeat$_Repeat_SDF_Director_run_Repeat$__R_sL_0.class
-rw-rw-r--   1 travis travis    705 Mar  5 13:49 Repeat$_Repeat_SDF_Director_run_Repeat$__R_sL_11.class
-rw-rw-r--   1 travis travis    561 Mar  5 13:49 Repeat$_Repeat_SDF_Director_run_Repeat$__R_sL_13.class
-rw-rw-r--   1 travis travis    559 Mar  5 13:49 Repeat$_Repeat_SDF_Director_run_Repeat$__R_sL_2.class
-rw-rw-r--   1 travis travis    703 Mar  5 13:49 Repeat$_Repeat_SDF_Director_run_Repeat$__R_sL_3.class
-rw-rw-r--   1 travis travis    559 Mar  5 13:49 Repeat$_Repeat_SDF_Director_run_Repeat$__R_sL_5.class
-rw-rw-r--   1 travis travis    559 Mar  5 13:49 Repeat$_Repeat_SDF_Director_run_Repeat$__R_sL_8.class
drwxrwxr-x   2 travis travis   4096 Mar  5 13:49 RepeatVariables
-rw-rw-r--   1 travis travis    882 Mar  5 13:49 Repeat$_varinit_Repeat.class
-rw-rw-r--   1 travis travis    550 Mar  5 13:49 Repeat$_varinit_Repeat$__v_sL_2.class
-rw-rw-r--   1 travis travis    924 Mar  5 13:49 Repeat$_varinit_Repeat$__v_sL_4.class
-rw-rw-r--   1 travis travis    978 Mar  5 13:49 Repeat$_wrapup_Repeat$__w_sL_1.class
drwxrwxr-x   3 travis travis  20480 Mar  5 13:46 Sinewave
drwxrwxr-x   3 travis travis  32768 Mar  5 13:47 StringFunction
drwxrwxr-x   3 travis travis  12288 Mar  5 13:47 StringLength
drwxrwxr-x   3 travis travis  61440 Mar  5 13:47 StringMatches2
drwxrwxr-x   3 travis travis  61440 Mar  5 13:48 StringSimpleReplace
drwxrwxr-x   3 travis travis  65536 Mar  5 13:48 StringSubstring
drwxrwxr-x   3 travis travis  24576 Mar  5 13:48 StringSubstring2
drwxrwxr-x   3 travis travis  16384 Mar  5 13:49 time1
drwxrwxr-x   3 travis travis  12288 Mar  5 13:49 time5
-rw-rw-r--   1 travis travis    432 Mar  5 13:50 Token.class
-rw-rw-r--   1 travis travis    251 Mar  5 13:50 Token.java
-rwxrwxr-x   1 travis travis 466992 Mar  5 13:43 top
-rw-rw-r--   1 travis travis  20502 Mar  5 13:43 top.c
-rw-rw-r--   1 travis travis   3799 Mar  5 13:49 top.class
-rw-rw-r--   1 travis travis   1257 Mar  5 13:49 top.mk
All Done
Writing ModularCG_A1.java in file:/home/travis/cg/ (14742 characters)
Reading "ptolemy/cg/kernel/generic/program/procedural/java/modular/makefile.in",
    writing "/home/travis/cg/ModularCG_A1.mk"
Using ptolemy/cg/kernel/generic/program/procedural/java/modular/makefile.in
In "/home/travis/cg", about to execute:
    make -f ModularCG_A1.mk
javac -classpath ".:.."    ModularCG_A1.java
All Done
In "/home/travis/cg", about to execute:
    pwd
In "/home/travis/cg", about to execute:
    ls -l
/home/travis/cg
total 1492
drwxrwxr-x   3 travis travis  12288 Mar  5 13:44 AbsoluteValue
drwxrwxr-x   3 travis travis 102400 Mar  5 13:43 AllColt
drwxrwxr-x   3 travis travis  12288 Mar  5 13:44 Case1
-rw-rw-r--   1 travis travis   5128 Mar  5 13:49 CompiledCompositeActor_CompiledCompositeActor.class
-rw-rw-r--   1 travis travis   1611 Mar  5 13:49 CompiledCompositeActor_CompiledCompositeActor$_CompiledCompositeActor_CompiledCompositeActor.class
-rw-rw-r--   1 travis travis  13466 Mar  5 13:49 CompiledCompositeActor_CompiledCompositeActor.java
-rw-rw-r--   1 travis travis   1593 Mar  5 13:49 CompiledCompositeActor_CompiledCompositeActor.mk
drwxrwxr-x   5 travis travis   4096 Mar  5 13:43 fmi
drwxrwxr-x   3 travis travis  16384 Mar  5 13:44 Gaussian2
-rw-rw-r--   1 travis travis   4684 Mar  5 13:49 JavaCompiledCompositeTest1_CompiledCompositeActor.class
-rw-rw-r--   1 travis travis  11637 Mar  5 13:49 JavaCompiledCompositeTest1_CompiledCompositeActor.java
-rw-rw-r--   1 travis travis   1217 Mar  5 13:49 JavaCompiledCompositeTest1_CompiledCompositeActor$_JavaCompiledCompositeTest1_CompiledCompositeActor.class
-rw-rw-r--   1 travis travis   1625 Mar  5 13:49 JavaCompiledCompositeTest1_CompiledCompositeActor.mk
-rw-rw-r--   1 travis travis   5115 Mar  5 13:49 JavaCompiledCompositeTest2_CompiledCompositeActor.class
-rw-rw-r--   1 travis travis  14919 Mar  5 13:49 JavaCompiledCompositeTest2_CompiledCompositeActor.java
-rw-rw-r--   1 travis travis   1812 Mar  5 13:49 JavaCompiledCompositeTest2_CompiledCompositeActor$_JavaCompiledCompositeTest2_CompiledCompositeActor.class
-rw-rw-r--   1 travis travis   1625 Mar  5 13:49 JavaCompiledCompositeTest2_CompiledCompositeActor.mk
-rw-rw-r--   1 travis travis   4732 Mar  5 13:49 JavaCompiledCompositeTest3_CompiledCompositeActor.class
-rw-rw-r--   1 travis travis  13080 Mar  5 13:49 JavaCompiledCompositeTest3_CompiledCompositeActor.java
-rw-rw-r--   1 travis travis   1397 Mar  5 13:49 JavaCompiledCompositeTest3_CompiledCompositeActor$_JavaCompiledCompositeTest3_CompiledCompositeActor.class
-rw-rw-r--   1 travis travis   1625 Mar  5 13:49 JavaCompiledCompositeTest3_CompiledCompositeActor.mk
-rw-rw-r--   1 travis travis   4183 Mar  5 13:49 JavaCompiledCompositeTest4_CompiledCompositeActor.class
-rw-rw-r--   1 travis travis   9687 Mar  5 13:49 JavaCompiledCompositeTest4_CompiledCompositeActor.java
-rw-rw-r--   1 travis travis    876 Mar  5 13:49 JavaCompiledCompositeTest4_CompiledCompositeActor$_JavaCompiledCompositeTest4_CompiledCompositeActor.class
-rw-rw-r--   1 travis travis   1625 Mar  5 13:49 JavaCompiledCompositeTest4_CompiledCompositeActor.mk
drwxrwxr-x   3 travis travis  12288 Mar  5 13:45 LookupTable
drwxrwxr-x   3 travis travis  20480 Mar  5 13:45 MaxIndex
-rw-rw-r--   1 travis travis   3925 Mar  5 13:49 ModularCG_A1_B1.class
-rw-rw-r--   1 travis travis   9730 Mar  5 13:49 ModularCG_A1_B1.java
-rw-rw-r--   1 travis travis    832 Mar  5 13:49 ModularCG_A1_B1.mk
-rw-rw-r--   1 travis travis   1318 Mar  5 13:49 ModularCG_A1_B1_profile.class
-rw-rw-r--   1 travis travis   1262 Mar  5 13:49 ModularCG_A1_B1_profile.java
-rw-rw-r--   1 travis travis   3925 Mar  5 13:50 ModularCG_A1_B2.class
-rw-rw-r--   1 travis travis   9730 Mar  5 13:50 ModularCG_A1_B2.java
-rw-rw-r--   1 travis travis    832 Mar  5 13:50 ModularCG_A1_B2.mk
-rw-rw-r--   1 travis travis   1318 Mar  5 13:50 ModularCG_A1_B2_profile.class
-rw-rw-r--   1 travis travis   1262 Mar  5 13:49 ModularCG_A1_B2_profile.java
-rw-rw-r--   1 travis travis   5031 Mar  5 13:50 ModularCG_A1.class
-rw-rw-r--   1 travis travis  14742 Mar  5 13:50 ModularCG_A1.java
-rw-rw-r--   1 travis travis    808 Mar  5 13:50 ModularCG_A1.mk
-rw-rw-r--   1 travis travis   1433 Mar  5 13:50 ModularCG_A1_profile.class
-rw-rw-r--   1 travis travis   1704 Mar  5 13:50 ModularCG_A1_profile.java
-rw-rw-r--   1 travis travis   1446 Mar  5 13:50 ModularCG_A2_B1_profile.java
-rw-rw-r--   1 travis travis   3724 Mar  5 13:49 ModularCodeGenTest_A1_A2.class
-rw-rw-r--   1 travis travis   9164 Mar  5 13:49 ModularCodeGenTest_A1_A2.java
-rw-rw-r--   1 travis travis   1306 Mar  5 13:49 ModularCodeGenTest_A1_A2_profile.class
-rw-rw-r--   1 travis travis   4055 Mar  5 13:49 ModularCodeGenTest_A1.class
-rw-rw-r--   1 travis travis   9968 Mar  5 13:49 ModularCodeGenTest_A1.java
-rw-rw-r--   1 travis travis    880 Mar  5 13:49 ModularCodeGenTest_A1.mk
-rw-rw-r--   1 travis travis   1352 Mar  5 13:49 ModularCodeGenTest_A1_profile.class
-rw-rw-r--   1 travis travis   1394 Mar  5 13:49 ModularCodeGenTest_A1_profile.java
drwxrwxr-x   3 travis travis  32768 Mar  5 13:49 modulation2
drwxrwxr-x 166 travis travis  12288 Mar  5 13:49 node_modules
drwxrwxr-x   3 travis travis  20480 Mar  5 13:45 PhaseUnwrap
drwxrwxr-x   3 travis travis  12288 Mar  5 13:45 ReadFile1
-rw-rw-r--   1 travis travis     11 Mar  5 13:45 ReadFile1Output.txt
-rw-rw-r--   1 travis travis  13773 Mar  5 13:49 Repeat.class
-rw-rw-r--   1 travis travis    685 Mar  5 13:49 Repeat$_fireFunction_Repeat_Repeat$__f_sL_11.class
-rw-rw-r--   1 travis travis    541 Mar  5 13:49 Repeat$_fireFunction_Repeat_Repeat$__f_sL_12.class
-rw-rw-r--   1 travis travis    541 Mar  5 13:49 Repeat$_fireFunction_Repeat_Repeat$__f_sL_13.class
-rw-rw-r--   1 travis travis    541 Mar  5 13:49 Repeat$_fireFunction_Repeat_Repeat$__f_sL_14.class
-rw-rw-r--   1 travis travis    684 Mar  5 13:49 Repeat$_fireFunction_Repeat_Repeat$__f_sL_1.class
-rw-rw-r--   1 travis travis    683 Mar  5 13:49 Repeat$_fireFunction_Repeat_Repeat$__f_sL_4.class
-rw-rw-r--   1 travis travis    539 Mar  5 13:49 Repeat$_fireFunction_Repeat_Repeat$__f_sL_9.class
-rw-rw-r--   1 travis travis    494 Mar  5 13:49 Repeat$_initialize_Repeat$__i_sL_2.class
-rw-rw-r--   1 travis travis   1281 Mar  5 13:49 Repeat.mk
-rw-rw-r--   1 travis travis    539 Mar  5 13:49 Repeat$_preinitializeMethod_Repeat$__p_sL_0.class
-rw-rw-r--   1 travis travis   1102 Mar  5 13:49 Repeat$_Repeat$_fireFunction_Repeat_AddSubtract_Repeat.class
-rw-rw-r--   1 travis travis    810 Mar  5 13:49 Repeat$_Repeat$_fireFunction_Repeat_AddSubtract_Repeat$__f_sL_0.class
-rw-rw-r--   1 travis travis    928 Mar  5 13:49 Repeat$_Repeat$_fireFunction_Repeat_AddSubtract_Repeat$__f_sL_1.class
-rw-rw-r--   1 travis travis    934 Mar  5 13:49 Repeat$_Repeat$_fireFunction_Repeat_AddSubtract_Repeat$__f_sL_2.class
-rw-rw-r--   1 travis travis    862 Mar  5 13:49 Repeat$_Repeat$_fireFunction_Repeat_AddSubtract_Repeat$__f_sL_3.class
-rw-rw-r--   1 travis travis    757 Mar  5 13:49 Repeat$_Repeat$_fireFunction_Repeat_Ramp2_Repeat$__f_sL_0.class
-rw-rw-r--   1 travis travis    888 Mar  5 13:49 Repeat$_Repeat$_fireFunction_Repeat_Test_Repeat$__f_sL_0.class
-rw-rw-r--   1 travis travis    634 Mar  5 13:49 Repeat$_Repeat$_fireFunction_Repeat_Test_Repeat$__f_sL_1.class
-rw-rw-r--   1 travis travis    704 Mar  5 13:49 Repeat$_Repeat_SDF_Director_run_Repeat$__R_sL_0.class
-rw-rw-r--   1 travis travis    705 Mar  5 13:49 Repeat$_Repeat_SDF_Director_run_Repeat$__R_sL_11.class
-rw-rw-r--   1 travis travis    561 Mar  5 13:49 Repeat$_Repeat_SDF_Director_run_Repeat$__R_sL_13.class
-rw-rw-r--   1 travis travis    559 Mar  5 13:49 Repeat$_Repeat_SDF_Director_run_Repeat$__R_sL_2.class
-rw-rw-r--   1 travis travis    703 Mar  5 13:49 Repeat$_Repeat_SDF_Director_run_Repeat$__R_sL_3.class
-rw-rw-r--   1 travis travis    559 Mar  5 13:49 Repeat$_Repeat_SDF_Director_run_Repeat$__R_sL_5.class
-rw-rw-r--   1 travis travis    559 Mar  5 13:49 Repeat$_Repeat_SDF_Director_run_Repeat$__R_sL_8.class
drwxrwxr-x   2 travis travis   4096 Mar  5 13:49 RepeatVariables
-rw-rw-r--   1 travis travis    882 Mar  5 13:49 Repeat$_varinit_Repeat.class
-rw-rw-r--   1 travis travis    550 Mar  5 13:49 Repeat$_varinit_Repeat$__v_sL_2.class
-rw-rw-r--   1 travis travis    924 Mar  5 13:49 Repeat$_varinit_Repeat$__v_sL_4.class
-rw-rw-r--   1 travis travis    978 Mar  5 13:49 Repeat$_wrapup_Repeat$__w_sL_1.class
drwxrwxr-x   3 travis travis  20480 Mar  5 13:46 Sinewave
drwxrwxr-x   3 travis travis  32768 Mar  5 13:47 StringFunction
drwxrwxr-x   3 travis travis  12288 Mar  5 13:47 StringLength
drwxrwxr-x   3 travis travis  61440 Mar  5 13:47 StringMatches2
drwxrwxr-x   3 travis travis  61440 Mar  5 13:48 StringSimpleReplace
drwxrwxr-x   3 travis travis  65536 Mar  5 13:48 StringSubstring
drwxrwxr-x   3 travis travis  24576 Mar  5 13:48 StringSubstring2
drwxrwxr-x   3 travis travis  16384 Mar  5 13:49 time1
drwxrwxr-x   3 travis travis  12288 Mar  5 13:49 time5
-rw-rw-r--   1 travis travis    432 Mar  5 13:50 Token.class
-rw-rw-r--   1 travis travis    251 Mar  5 13:50 Token.java
-rwxrwxr-x   1 travis travis 466992 Mar  5 13:43 top
-rw-rw-r--   1 travis travis  20502 Mar  5 13:43 top.c
-rw-rw-r--   1 travis travis   3799 Mar  5 13:49 top.class
-rw-rw-r--   1 travis travis   1257 Mar  5 13:49 top.mk
In "/home/travis/cg", about to execute:
    javac -classpath
.:/home/travis/build/icyphy/ptII:/home/travis/build/icyphy/ptII/lib/bsh-2.0b4.j
ar:/home/travis/build/icyphy/ptII/lib/ptCal.jar:/home/travis/build/icyphy/ptII/
lib/java_cup.jar:/home/travis/build/icyphy/ptII/lib/saxon8.jar:/home/travis/bui
ld/icyphy/ptII/lib/saxon8-dom.jar:/home/travis/build/icyphy/ptII/lib/chic.jar:/
home/travis/build/icyphy/ptII/lib/ptcolt.jar:/home/travis/build/icyphy/ptII/ven
dors/misc/itext/iText.jar:/home/travis/build/icyphy/ptII/lib/g4ltl.jar:/home/tr
avis/build/icyphy/ptII/lib/StructuralCoder.jar:/home/travis/build/icyphy/ptII/l
ib/jcerti.jar:/home/travis/build/icyphy/ptII/lib/javax.mail.jar:/home/travis/bu
ild/icyphy/ptII/vendors/JMF-2.1.1e/lib/jmf.jar:/home/travis/build/icyphy/ptII/l
ib/jna-4.0.0-variadic.jar:/home/travis/build/icyphy/ptII/vendors/misc/joystick/
Joystick.jar:/home/travis/build/icyphy/ptII/lib/ptjacl.jar:/home/travis/build/i
cyphy/ptII/lib/jsoup-1.8.2.jar:/home/travis/build/icyphy/ptII/lib/junit-4.8.2.j
ar:/home/travis/build/icyphy/ptII/lib/JUnitParams-0.4.0.jar:/home/travis/build/
icyphy/ptII/ptolemy/actor/lib/excel/jxl.jar:/home/travis/build/icyphy/ptII/lib/
jython.jar:/home/travis/build/icyphy/ptII/lib/kieler.jar:/home/travis/build/icy
phy/ptII/vendors/opencv/share/OpenCV/java/opencv-341.jar:/home/travis/build/icy
phy/ptII/lib/oscP5.jar:/home/travis/build/icyphy/ptII/lib/nrjavaserial-3.11.0.d
evel.jar:/home/travis/build/icyphy/ptII/vendors/j3d/lib/Linux/j3dcore.jar:/home
/travis/build/icyphy/ptII/vendors/j3d/lib/Linux/j3dutils.jar:/home/travis/build
/icyphy/ptII/vendors/j3d/lib/Linux/vecmath.jar:/home/travis/build/icyphy/ptII/v
endors/jogl/lib/Linux/gluegen-rt-natives-linux-amd64.jar:/home/travis/build/icy
phy/ptII/vendors/jogl/lib/Linux/gluegen-rt.jar:/home/travis/build/icyphy/ptII/v
endors/jogl/lib/Linux/jogl-all-natives-linux-amd64.jar:/home/travis/build/icyph
y/ptII/vendors/jogl/lib/Linux/jogl-all.jar:/home/travis/build/icyphy/ptII/ptole
my/distributed/jini/jar/jini-core.jar:/home/travis/build/icyphy/ptII/ptolemy/di
stributed/jini/jar/jini-ext.jar:/home/travis/build/icyphy/ptII/ptolemy/distribu
ted/jini/jar/sun-util.jar:/home/travis/build/icyphy/ptII/lib/protobuf-java-2.4.
1.jar:/home/travis/build/icyphy/ptII/lib/org.eclipse.paho.client.mqttv3.jar:/ho
me/travis/build/icyphy/ptII/lib/mapss.jar:/home/travis/build/icyphy/ptII/ptolem
y/actor/ptalon/antlr/antlr.jar:/home/travis/build/icyphy/ptII/lib/JRI.jar:/home
/travis/build/icyphy/ptII/lib/commons-lang-2.6.jar:/home/travis/build/icyphy/pt
II/lib/commons-logging-1.1.1.jar:/home/travis/build/icyphy/ptII/lib/sootclasses
.jar:/home/travis/build/icyphy/ptII/ptolemy/actor/lib/database/mysql-connector-
java-5.1.6-bin.jar:/home/travis/build/icyphy/ptII/vendors/misc/sphinx4/sphinx4-
data-5prealpha.jar:/home/travis/build/icyphy/ptII/vendors/misc/sphinx4/sphinx4-
core-5prealpha.jar:/home/travis/build/icyphy/ptII/lib/PDFRenderer.jar:/home/tra
vis/build/icyphy/ptII/lib/svgSalamander.jar:/home/travis/build/icyphy/ptII/lib/
rsyntaxtextarea-2.6.0-SNAPSHOT.jar:/home/travis/build/icyphy/ptII/lib/hazelcast
-3.8.2.jar:/home/travis/build/icyphy/ptII/lib/jackson-annotations-2.9.0.jar:/ho
me/travis/build/icyphy/ptII/lib/jackson-core-2.9.3.jar:/home/travis/build/icyph
y/ptII/lib/jackson-databind-2.9.3.jar:/home/travis/build/icyphy/ptII/lib/netty-
buffer-4.1.19.Final.jar:/home/travis/build/icyphy/ptII/lib/netty-codec-4.1.19.F
inal.jar:/home/travis/build/icyphy/ptII/lib/netty-codec-dns-4.1.19.Final.jar:/h
ome/travis/build/icyphy/ptII/lib/netty-codec-http-4.1.19.Final.jar:/home/travis
/build/icyphy/ptII/lib/netty-codec-http2-4.1.19.Final.jar:/home/travis/build/ic
yphy/ptII/lib/netty-common-4.1.19.Final.jar:/home/travis/build/icyphy/ptII/lib/
netty-handler-4.1.19.Final.jar:/home/travis/build/icyphy/ptII/lib/netty-resolve
r-4.1.19.Final.jar:/home/travis/build/icyphy/ptII/lib/netty-resolver-dns-4.1.19
.Final.jar:/home/travis/build/icyphy/ptII/lib/netty-transport-4.1.19.Final.jar:
/home/travis/build/icyphy/ptII/lib/vertx-codegen-3.5.1.jar:/home/travis/build/i
cyphy/ptII/lib/vertx-core-3.5.2-SNAPSHOT.jar:/home/travis/build/icyphy/ptII/lib
/vertx-hazelcast-3.5.1.jar:/home/travis/build/icyphy/ptII/lib/vertx-lang-js-3.5
.1.jar:/home/travis/build/icyphy/ptII/lib/vertx-service-proxy-3.5.1.jar:/home/t
ravis/build/icyphy/ptII/lib/vertx-web-3.5.1.jar:/home/travis/build/icyphy/ptII/
lib/slf4j-api-1.7.13.jar:/home/travis/build/icyphy/ptII/lib/slf4j-simple-1.7.13
.jar:/home/travis/build/icyphy/ptII/lib/webcam-capture-0.3.12.jar:/home/travis/
build/icyphy/ptII/lib/bridj-0.7.0.jar:/home/travis/build/icyphy/ptII/lib/xbjlib
-1.1.0.nrjavaserial.jar:/home/travis/build/icyphy/ptII/ptolemy/moml/test:/home/
travis/build/icyphy/ptII/ant/lib/ant-launcher.jar:/home/travis/build/icyphy/ptI
I/ant/lib/ant.jar:/home/travis/build/icyphy/ptII/ant/lib/ant-junit.jar:/home/tr
avis/build/icyphy/ptII/ant/lib/ant-junit4.jar:/home/travis/build/icyphy/ptII
ModularCG_A2_B1_profile.java
All Done
Writing ModularCG_A2_B1.java in file:/home/travis/cg/ (10667 characters)
Reading "ptolemy/cg/kernel/generic/program/procedural/java/modular/makefile.in",
    writing "/home/travis/cg/ModularCG_A2_B1.mk"
Using ptolemy/cg/kernel/generic/program/procedural/java/modular/makefile.in
In "/home/travis/cg", about to execute:
    make -f ModularCG_A2_B1.mk
javac -classpath ".:.."    ModularCG_A2_B1.java
All Done
In "/home/travis/cg", about to execute:
    pwd
In "/home/travis/cg", about to execute:
    ls -l
/home/travis/cg
In "/home/travis/cg", about to execute:
    javac -classpath
.:/home/travis/build/icyphy/ptII:/home/travis/build/icyphy/ptII/lib/bsh-2.0b4.j
ar:/home/travis/build/icyphy/ptII/lib/ptCal.jar:/home/travis/build/icyphy/ptII/
lib/java_cup.jar:/home/travis/build/icyphy/ptII/lib/saxon8.jar:/home/travis/bui
ld/icyphy/ptII/lib/saxon8-dom.jar:/home/travis/build/icyphy/ptII/lib/chic.jar:/
home/travis/build/icyphy/ptII/lib/ptcolt.jar:/home/travis/build/icyphy/ptII/ven
dors/misc/itext/iText.jar:/home/travis/build/icyphy/ptII/lib/g4ltl.jar:/home/tr
avis/build/icyphy/ptII/lib/StructuralCoder.jar:/home/travis/build/icyphy/ptII/l
ib/jcerti.jar:/home/travis/build/icyphy/ptII/lib/javax.mail.jar:/home/travis/bu
ild/icyphy/ptII/vendors/JMF-2.1.1e/lib/jmf.jar:/home/travis/build/icyphy/ptII/l
ib/jna-4.0.0-variadic.jar:/home/travis/build/icyphy/ptII/vendors/misc/joystick/
Joystick.jar:/home/travis/build/icyphy/ptII/lib/ptjacl.jar:/home/travis/build/i
cyphy/ptII/lib/jsoup-1.8.2.jar:/home/travis/build/icyphy/ptII/lib/junit-4.8.2.j
ar:/home/travis/build/icyphy/ptII/lib/JUnitParams-0.4.0.jar:/home/travis/build/
icyphy/ptII/ptolemy/actor/lib/excel/jxl.jar:/home/travis/build/icyphy/ptII/lib/
jython.jar:/home/travis/build/icyphy/ptII/lib/kieler.jar:/home/travis/build/icy
phy/ptII/vendors/opencv/share/OpenCV/java/opencv-341.jar:/home/travis/build/icy
phy/ptII/lib/oscP5.jar:/home/travis/build/icyphy/ptII/lib/nrjavaserial-3.11.0.d
evel.jar:/home/travis/build/icyphy/ptII/vendors/j3d/lib/Linux/j3dcore.jar:/home
/travis/build/icyphy/ptII/vendors/j3d/lib/Linux/j3dutils.jar:/home/travis/build
/icyphy/ptII/vendors/j3d/lib/Linux/vecmath.jar:/home/travis/build/icyphy/ptII/v
endors/jogl/lib/Linux/gluegen-rt-natives-linux-amd64.jar:/home/travis/build/icy
phy/ptII/vendors/jogl/lib/Linux/gluegen-rt.jar:/home/travis/build/icyphy/ptII/v
endors/jogl/lib/Linux/jogl-all-natives-linux-amd64.jar:/home/travis/build/icyph
y/ptII/vendors/jogl/lib/Linux/jogl-all.jar:/home/travis/build/icyphy/ptII/ptole
my/distributed/jini/jar/jini-core.jar:/home/travis/build/icyphy/ptII/ptolemy/di
stributed/jini/jar/jini-ext.jar:/home/travis/build/icyphy/ptII/ptolemy/distribu
ted/jini/jar/sun-util.jar:/home/travis/build/icyphy/ptII/lib/protobuf-java-2.4.
1.jar:/home/travis/build/icyphy/ptII/lib/org.eclipse.paho.client.mqttv3.jar:/ho
me/travis/build/icyphy/ptII/lib/mapss.jar:/home/travis/build/icyphy/ptII/ptolem
y/actor/ptalon/antlr/antlr.jar:/home/travis/build/icyphy/ptII/lib/JRI.jar:/home
/travis/build/icyphy/ptII/lib/commons-lang-2.6.jar:/home/travis/build/icyphy/pt
II/lib/commons-logging-1.1.1.jar:/home/travis/build/icyphy/ptII/lib/sootclasses
.jar:/home/travis/build/icyphy/ptII/ptolemy/actor/lib/database/mysql-connector-
java-5.1.6-bin.jar:/home/travis/build/icyphy/ptII/vendors/misc/sphinx4/sphinx4-
data-5prealpha.jar:/home/travis/build/icyphy/ptII/vendors/misc/sphinx4/sphinx4-
core-5prealpha.jar:/home/travis/build/icyphy/ptII/lib/PDFRenderer.jar:/home/tra
vis/build/icyphy/ptII/lib/svgSalamander.jar:/home/travis/build/icyphy/ptII/lib/
rsyntaxtextarea-2.6.0-SNAPSHOT.jar:/home/travis/build/icyphy/ptII/lib/hazelcast
-3.8.2.jar:/home/travis/build/icyphy/ptII/lib/jackson-annotations-2.9.0.jar:/ho
me/travis/build/icyphy/ptII/lib/jackson-core-2.9.3.jar:/home/travis/build/icyph
y/ptII/lib/jackson-databind-2.9.3.jar:/home/travis/build/icyphy/ptII/lib/netty-
buffer-4.1.19.Final.jar:/home/travis/build/icyphy/ptII/lib/netty-codec-4.1.19.F
inal.jar:/home/travis/build/icyphy/ptII/lib/netty-codec-dns-4.1.19.Final.jar:/h
ome/travis/build/icyphy/ptII/lib/netty-codec-http-4.1.19.Final.jar:/home/travis
/build/icyphy/ptII/lib/netty-codec-http2-4.1.19.Final.jar:/home/travis/build/ic
yphy/ptII/lib/netty-common-4.1.19.Final.jar:/home/travis/build/icyphy/ptII/lib/
netty-handler-4.1.19.Final.jar:/home/travis/build/icyphy/ptII/lib/netty-resolve
r-4.1.19.Final.jar:/home/travis/build/icyphy/ptII/lib/netty-resolver-dns-4.1.19
.Final.jar:/home/travis/build/icyphy/ptII/lib/netty-transport-4.1.19.Final.jar:
/home/travis/build/icyphy/ptII/lib/vertx-codegen-3.5.1.jar:/home/travis/build/i
cyphy/ptII/lib/vertx-core-3.5.2-SNAPSHOT.jar:/home/travis/build/icyphy/ptII/lib
/vertx-hazelcast-3.5.1.jar:/home/travis/build/icyphy/ptII/lib/vertx-lang-js-3.5
.1.jar:/home/travis/build/icyphy/ptII/lib/vertx-service-proxy-3.5.1.jar:/home/t
ravis/build/icyphy/ptII/lib/vertx-web-3.5.1.jar:/home/travis/build/icyphy/ptII/
lib/slf4j-api-1.7.13.jar:/home/travis/build/icyphy/ptII/lib/slf4j-simple-1.7.13
.jar:/home/travis/build/icyphy/ptII/lib/webcam-capture-0.3.12.jar:/home/travis/
build/icyphy/ptII/lib/bridj-0.7.0.jar:/home/travis/build/icyphy/ptII/lib/xbjlib
-1.1.0.nrjavaserial.jar:/home/travis/build/icyphy/ptII/ptolemy/moml/test:/home/
travis/build/icyphy/ptII/ant/lib/ant-launcher.jar:/home/travis/build/icyphy/ptI
I/ant/lib/ant.jar:/home/travis/build/icyphy/ptII/ant/lib/ant-junit.jar:/home/tr
avis/build/icyphy/ptII/ant/lib/ant-junit4.jar:/home/travis/build/icyphy/ptII
ModularCG_A2_B2_profile.java
total 1520
drwxrwxr-x   3 travis travis  12288 Mar  5 13:44 AbsoluteValue
drwxrwxr-x   3 travis travis 102400 Mar  5 13:43 AllColt
drwxrwxr-x   3 travis travis  12288 Mar  5 13:44 Case1
-rw-rw-r--   1 travis travis   5128 Mar  5 13:49 CompiledCompositeActor_CompiledCompositeActor.class
-rw-rw-r--   1 travis travis   1611 Mar  5 13:49 CompiledCompositeActor_CompiledCompositeActor$_CompiledCompositeActor_CompiledCompositeActor.class
-rw-rw-r--   1 travis travis  13466 Mar  5 13:49 CompiledCompositeActor_CompiledCompositeActor.java
-rw-rw-r--   1 travis travis   1593 Mar  5 13:49 CompiledCompositeActor_CompiledCompositeActor.mk
drwxrwxr-x   5 travis travis   4096 Mar  5 13:43 fmi
drwxrwxr-x   3 travis travis  16384 Mar  5 13:44 Gaussian2
-rw-rw-r--   1 travis travis   4684 Mar  5 13:49 JavaCompiledCompositeTest1_CompiledCompositeActor.class
-rw-rw-r--   1 travis travis  11637 Mar  5 13:49 JavaCompiledCompositeTest1_CompiledCompositeActor.java
-rw-rw-r--   1 travis travis   1217 Mar  5 13:49 JavaCompiledCompositeTest1_CompiledCompositeActor$_JavaCompiledCompositeTest1_CompiledCompositeActor.class
-rw-rw-r--   1 travis travis   1625 Mar  5 13:49 JavaCompiledCompositeTest1_CompiledCompositeActor.mk
-rw-rw-r--   1 travis travis   5115 Mar  5 13:49 JavaCompiledCompositeTest2_CompiledCompositeActor.class
-rw-rw-r--   1 travis travis  14919 Mar  5 13:49 JavaCompiledCompositeTest2_CompiledCompositeActor.java
-rw-rw-r--   1 travis travis   1812 Mar  5 13:49 JavaCompiledCompositeTest2_CompiledCompositeActor$_JavaCompiledCompositeTest2_CompiledCompositeActor.class
-rw-rw-r--   1 travis travis   1625 Mar  5 13:49 JavaCompiledCompositeTest2_CompiledCompositeActor.mk
-rw-rw-r--   1 travis travis   4732 Mar  5 13:49 JavaCompiledCompositeTest3_CompiledCompositeActor.class
-rw-rw-r--   1 travis travis  13080 Mar  5 13:49 JavaCompiledCompositeTest3_CompiledCompositeActor.java
-rw-rw-r--   1 travis travis   1397 Mar  5 13:49 JavaCompiledCompositeTest3_CompiledCompositeActor$_JavaCompiledCompositeTest3_CompiledCompositeActor.class
-rw-rw-r--   1 travis travis   1625 Mar  5 13:49 JavaCompiledCompositeTest3_CompiledCompositeActor.mk
-rw-rw-r--   1 travis travis   4183 Mar  5 13:49 JavaCompiledCompositeTest4_CompiledCompositeActor.class
-rw-rw-r--   1 travis travis   9687 Mar  5 13:49 JavaCompiledCompositeTest4_CompiledCompositeActor.java
-rw-rw-r--   1 travis travis    876 Mar  5 13:49 JavaCompiledCompositeTest4_CompiledCompositeActor$_JavaCompiledCompositeTest4_CompiledCompositeActor.class
-rw-rw-r--   1 travis travis   1625 Mar  5 13:49 JavaCompiledCompositeTest4_CompiledCompositeActor.mk
drwxrwxr-x   3 travis travis  12288 Mar  5 13:45 LookupTable
drwxrwxr-x   3 travis travis  20480 Mar  5 13:45 MaxIndex
-rw-rw-r--   1 travis travis   3925 Mar  5 13:49 ModularCG_A1_B1.class
-rw-rw-r--   1 travis travis   9730 Mar  5 13:49 ModularCG_A1_B1.java
-rw-rw-r--   1 travis travis    832 Mar  5 13:49 ModularCG_A1_B1.mk
-rw-rw-r--   1 travis travis   1318 Mar  5 13:49 ModularCG_A1_B1_profile.class
-rw-rw-r--   1 travis travis   1262 Mar  5 13:49 ModularCG_A1_B1_profile.java
-rw-rw-r--   1 travis travis   3925 Mar  5 13:50 ModularCG_A1_B2.class
-rw-rw-r--   1 travis travis   9730 Mar  5 13:50 ModularCG_A1_B2.java
-rw-rw-r--   1 travis travis    832 Mar  5 13:50 ModularCG_A1_B2.mk
-rw-rw-r--   1 travis travis   1318 Mar  5 13:50 ModularCG_A1_B2_profile.class
-rw-rw-r--   1 travis travis   1262 Mar  5 13:49 ModularCG_A1_B2_profile.java
-rw-rw-r--   1 travis travis   5031 Mar  5 13:50 ModularCG_A1.class
-rw-rw-r--   1 travis travis  14742 Mar  5 13:50 ModularCG_A1.java
-rw-rw-r--   1 travis travis    808 Mar  5 13:50 ModularCG_A1.mk
-rw-rw-r--   1 travis travis   1433 Mar  5 13:50 ModularCG_A1_profile.class
-rw-rw-r--   1 travis travis   1704 Mar  5 13:50 ModularCG_A1_profile.java
-rw-rw-r--   1 travis travis   4059 Mar  5 13:50 ModularCG_A2_B1.class
-rw-rw-r--   1 travis travis  10667 Mar  5 13:50 ModularCG_A2_B1.java
-rw-rw-r--   1 travis travis    832 Mar  5 13:50 ModularCG_A2_B1.mk
-rw-rw-r--   1 travis travis   1381 Mar  5 13:50 ModularCG_A2_B1_profile.class
-rw-rw-r--   1 travis travis   1446 Mar  5 13:50 ModularCG_A2_B1_profile.java
-rw-rw-r--   1 travis travis   1262 Mar  5 13:50 ModularCG_A2_B2_profile.java
-rw-rw-r--   1 travis travis   3724 Mar  5 13:49 ModularCodeGenTest_A1_A2.class
-rw-rw-r--   1 travis travis   9164 Mar  5 13:49 ModularCodeGenTest_A1_A2.java
-rw-rw-r--   1 travis travis   1306 Mar  5 13:49 ModularCodeGenTest_A1_A2_profile.class
-rw-rw-r--   1 travis travis   4055 Mar  5 13:49 ModularCodeGenTest_A1.class
-rw-rw-r--   1 travis travis   9968 Mar  5 13:49 ModularCodeGenTest_A1.java
-rw-rw-r--   1 travis travis    880 Mar  5 13:49 ModularCodeGenTest_A1.mk
-rw-rw-r--   1 travis travis   1352 Mar  5 13:49 ModularCodeGenTest_A1_profile.class
-rw-rw-r--   1 travis travis   1394 Mar  5 13:49 ModularCodeGenTest_A1_profile.java
drwxrwxr-x   3 travis travis  32768 Mar  5 13:49 modulation2
drwxrwxr-x 166 travis travis  12288 Mar  5 13:49 node_modules
drwxrwxr-x   3 travis travis  20480 Mar  5 13:45 PhaseUnwrap
drwxrwxr-x   3 travis travis  12288 Mar  5 13:45 ReadFile1
-rw-rw-r--   1 travis travis     11 Mar  5 13:45 ReadFile1Output.txt
-rw-rw-r--   1 travis travis  13773 Mar  5 13:49 Repeat.class
-rw-rw-r--   1 travis travis    685 Mar  5 13:49 Repeat$_fireFunction_Repeat_Repeat$__f_sL_11.class
-rw-rw-r--   1 travis travis    541 Mar  5 13:49 Repeat$_fireFunction_Repeat_Repeat$__f_sL_12.class
-rw-rw-r--   1 travis travis    541 Mar  5 13:49 Repeat$_fireFunction_Repeat_Repeat$__f_sL_13.class
-rw-rw-r--   1 travis travis    541 Mar  5 13:49 Repeat$_fireFunction_Repeat_Repeat$__f_sL_14.class
-rw-rw-r--   1 travis travis    684 Mar  5 13:49 Repeat$_fireFunction_Repeat_Repeat$__f_sL_1.class
-rw-rw-r--   1 travis travis    683 Mar  5 13:49 Repeat$_fireFunction_Repeat_Repeat$__f_sL_4.class
-rw-rw-r--   1 travis travis    539 Mar  5 13:49 Repeat$_fireFunction_Repeat_Repeat$__f_sL_9.class
-rw-rw-r--   1 travis travis    494 Mar  5 13:49 Repeat$_initialize_Repeat$__i_sL_2.class
-rw-rw-r--   1 travis travis   1281 Mar  5 13:49 Repeat.mk
-rw-rw-r--   1 travis travis    539 Mar  5 13:49 Repeat$_preinitializeMethod_Repeat$__p_sL_0.class
-rw-rw-r--   1 travis travis   1102 Mar  5 13:49 Repeat$_Repeat$_fireFunction_Repeat_AddSubtract_Repeat.class
-rw-rw-r--   1 travis travis    810 Mar  5 13:49 Repeat$_Repeat$_fireFunction_Repeat_AddSubtract_Repeat$__f_sL_0.class
-rw-rw-r--   1 travis travis    928 Mar  5 13:49 Repeat$_Repeat$_fireFunction_Repeat_AddSubtract_Repeat$__f_sL_1.class
-rw-rw-r--   1 travis travis    934 Mar  5 13:49 Repeat$_Repeat$_fireFunction_Repeat_AddSubtract_Repeat$__f_sL_2.class
-rw-rw-r--   1 travis travis    862 Mar  5 13:49 Repeat$_Repeat$_fireFunction_Repeat_AddSubtract_Repeat$__f_sL_3.class
-rw-rw-r--   1 travis travis    757 Mar  5 13:49 Repeat$_Repeat$_fireFunction_Repeat_Ramp2_Repeat$__f_sL_0.class
-rw-rw-r--   1 travis travis    888 Mar  5 13:49 Repeat$_Repeat$_fireFunction_Repeat_Test_Repeat$__f_sL_0.class
-rw-rw-r--   1 travis travis    634 Mar  5 13:49 Repeat$_Repeat$_fireFunction_Repeat_Test_Repeat$__f_sL_1.class
-rw-rw-r--   1 travis travis    704 Mar  5 13:49 Repeat$_Repeat_SDF_Director_run_Repeat$__R_sL_0.class
-rw-rw-r--   1 travis travis    705 Mar  5 13:49 Repeat$_Repeat_SDF_Director_run_Repeat$__R_sL_11.class
-rw-rw-r--   1 travis travis    561 Mar  5 13:49 Repeat$_Repeat_SDF_Director_run_Repeat$__R_sL_13.class
-rw-rw-r--   1 travis travis    559 Mar  5 13:49 Repeat$_Repeat_SDF_Director_run_Repeat$__R_sL_2.class
-rw-rw-r--   1 travis travis    703 Mar  5 13:49 Repeat$_Repeat_SDF_Director_run_Repeat$__R_sL_3.class
-rw-rw-r--   1 travis travis    559 Mar  5 13:49 Repeat$_Repeat_SDF_Director_run_Repeat$__R_sL_5.class
-rw-rw-r--   1 travis travis    559 Mar  5 13:49 Repeat$_Repeat_SDF_Director_run_Repeat$__R_sL_8.class
drwxrwxr-x   2 travis travis   4096 Mar  5 13:49 RepeatVariables
-rw-rw-r--   1 travis travis    882 Mar  5 13:49 Repeat$_varinit_Repeat.class
-rw-rw-r--   1 travis travis    550 Mar  5 13:49 Repeat$_varinit_Repeat$__v_sL_2.class
-rw-rw-r--   1 travis travis    924 Mar  5 13:49 Repeat$_varinit_Repeat$__v_sL_4.class
-rw-rw-r--   1 travis travis    978 Mar  5 13:49 Repeat$_wrapup_Repeat$__w_sL_1.class
drwxrwxr-x   3 travis travis  20480 Mar  5 13:46 Sinewave
drwxrwxr-x   3 travis travis  32768 Mar  5 13:47 StringFunction
drwxrwxr-x   3 travis travis  12288 Mar  5 13:47 StringLength
drwxrwxr-x   3 travis travis  61440 Mar  5 13:47 StringMatches2
drwxrwxr-x   3 travis travis  61440 Mar  5 13:48 StringSimpleReplace
drwxrwxr-x   3 travis travis  65536 Mar  5 13:48 StringSubstring
drwxrwxr-x   3 travis travis  24576 Mar  5 13:48 StringSubstring2
drwxrwxr-x   3 travis travis  16384 Mar  5 13:49 time1
drwxrwxr-x   3 travis travis  12288 Mar  5 13:49 time5
-rw-rw-r--   1 travis travis    432 Mar  5 13:50 Token.class
-rw-rw-r--   1 travis travis    251 Mar  5 13:50 Token.java
-rwxrwxr-x   1 travis travis 466992 Mar  5 13:43 top
-rw-rw-r--   1 travis travis  20502 Mar  5 13:43 top.c
-rw-rw-r--   1 travis travis   3799 Mar  5 13:49 top.class
-rw-rw-r--   1 travis travis   1257 Mar  5 13:49 top.mk
All Done
Writing ModularCG_A2_B2.java in file:/home/travis/cg/ (9730 characters)
Reading "ptolemy/cg/kernel/generic/program/procedural/java/modular/makefile.in",
    writing "/home/travis/cg/ModularCG_A2_B2.mk"
Using ptolemy/cg/kernel/generic/program/procedural/java/modular/makefile.in
In "/home/travis/cg", about to execute:
    make -f ModularCG_A2_B2.mk
javac -classpath ".:.."    ModularCG_A2_B2.java
All Done
In "/home/travis/cg", about to execute:
    pwd
/home/travis/cg
In "/home/travis/cg", about to execute:
    ls -l
total 1548
drwxrwxr-x   3 travis travis  12288 Mar  5 13:44 AbsoluteValue
drwxrwxr-x   3 travis travis 102400 Mar  5 13:43 AllColt
drwxrwxr-x   3 travis travis  12288 Mar  5 13:44 Case1
-rw-rw-r--   1 travis travis   5128 Mar  5 13:49 CompiledCompositeActor_CompiledCompositeActor.class
-rw-rw-r--   1 travis travis   1611 Mar  5 13:49 CompiledCompositeActor_CompiledCompositeActor$_CompiledCompositeActor_CompiledCompositeActor.class
-rw-rw-r--   1 travis travis  13466 Mar  5 13:49 CompiledCompositeActor_CompiledCompositeActor.java
-rw-rw-r--   1 travis travis   1593 Mar  5 13:49 CompiledCompositeActor_CompiledCompositeActor.mk
drwxrwxr-x   5 travis travis   4096 Mar  5 13:43 fmi
drwxrwxr-x   3 travis travis  16384 Mar  5 13:44 Gaussian2
-rw-rw-r--   1 travis travis   4684 Mar  5 13:49 JavaCompiledCompositeTest1_CompiledCompositeActor.class
-rw-rw-r--   1 travis travis  11637 Mar  5 13:49 JavaCompiledCompositeTest1_CompiledCompositeActor.java
-rw-rw-r--   1 travis travis   1217 Mar  5 13:49 JavaCompiledCompositeTest1_CompiledCompositeActor$_JavaCompiledCompositeTest1_CompiledCompositeActor.class
-rw-rw-r--   1 travis travis   1625 Mar  5 13:49 JavaCompiledCompositeTest1_CompiledCompositeActor.mk
-rw-rw-r--   1 travis travis   5115 Mar  5 13:49 JavaCompiledCompositeTest2_CompiledCompositeActor.class
-rw-rw-r--   1 travis travis  14919 Mar  5 13:49 JavaCompiledCompositeTest2_CompiledCompositeActor.java
-rw-rw-r--   1 travis travis   1812 Mar  5 13:49 JavaCompiledCompositeTest2_CompiledCompositeActor$_JavaCompiledCompositeTest2_CompiledCompositeActor.class
-rw-rw-r--   1 travis travis   1625 Mar  5 13:49 JavaCompiledCompositeTest2_CompiledCompositeActor.mk
-rw-rw-r--   1 travis travis   4732 Mar  5 13:49 JavaCompiledCompositeTest3_CompiledCompositeActor.class
-rw-rw-r--   1 travis travis  13080 Mar  5 13:49 JavaCompiledCompositeTest3_CompiledCompositeActor.java
-rw-rw-r--   1 travis travis   1397 Mar  5 13:49 JavaCompiledCompositeTest3_CompiledCompositeActor$_JavaCompiledCompositeTest3_CompiledCompositeActor.class
-rw-rw-r--   1 travis travis   1625 Mar  5 13:49 JavaCompiledCompositeTest3_CompiledCompositeActor.mk
-rw-rw-r--   1 travis travis   4183 Mar  5 13:49 JavaCompiledCompositeTest4_CompiledCompositeActor.class
-rw-rw-r--   1 travis travis   9687 Mar  5 13:49 JavaCompiledCompositeTest4_CompiledCompositeActor.java
-rw-rw-r--   1 travis travis    876 Mar  5 13:49 JavaCompiledCompositeTest4_CompiledCompositeActor$_JavaCompiledCompositeTest4_CompiledCompositeActor.class
-rw-rw-r--   1 travis travis   1625 Mar  5 13:49 JavaCompiledCompositeTest4_CompiledCompositeActor.mk
drwxrwxr-x   3 travis travis  12288 Mar  5 13:45 LookupTable
drwxrwxr-x   3 travis travis  20480 Mar  5 13:45 MaxIndex
-rw-rw-r--   1 travis travis   3925 Mar  5 13:49 ModularCG_A1_B1.class
-rw-rw-r--   1 travis travis   9730 Mar  5 13:49 ModularCG_A1_B1.java
-rw-rw-r--   1 travis travis    832 Mar  5 13:49 ModularCG_A1_B1.mk
-rw-rw-r--   1 travis travis   1318 Mar  5 13:49 ModularCG_A1_B1_profile.class
-rw-rw-r--   1 travis travis   1262 Mar  5 13:49 ModularCG_A1_B1_profile.java
-rw-rw-r--   1 travis travis   3925 Mar  5 13:50 ModularCG_A1_B2.class
-rw-rw-r--   1 travis travis   9730 Mar  5 13:50 ModularCG_A1_B2.java
-rw-rw-r--   1 travis travis    832 Mar  5 13:50 ModularCG_A1_B2.mk
-rw-rw-r--   1 travis travis   1318 Mar  5 13:50 ModularCG_A1_B2_profile.class
-rw-rw-r--   1 travis travis   1262 Mar  5 13:49 ModularCG_A1_B2_profile.java
-rw-rw-r--   1 travis travis   5031 Mar  5 13:50 ModularCG_A1.class
-rw-rw-r--   1 travis travis  14742 Mar  5 13:50 ModularCG_A1.java
-rw-rw-r--   1 travis travis    808 Mar  5 13:50 ModularCG_A1.mk
-rw-rw-r--   1 travis travis   1433 Mar  5 13:50 ModularCG_A1_profile.class
-rw-rw-r--   1 travis travis   1704 Mar  5 13:50 ModularCG_A1_profile.java
-rw-rw-r--   1 travis travis   4059 Mar  5 13:50 ModularCG_A2_B1.class
-rw-rw-r--   1 travis travis  10667 Mar  5 13:50 ModularCG_A2_B1.java
-rw-rw-r--   1 travis travis    832 Mar  5 13:50 ModularCG_A2_B1.mk
-rw-rw-r--   1 travis travis   1381 Mar  5 13:50 ModularCG_A2_B1_profile.class
-rw-rw-r--   1 travis travis   1446 Mar  5 13:50 ModularCG_A2_B1_profile.java
-rw-rw-r--   1 travis travis   3925 Mar  5 13:50 ModularCG_A2_B2.class
-rw-rw-r--   1 travis travis   9730 Mar  5 13:50 ModularCG_A2_B2.java
-rw-rw-r--   1 travis travis    832 Mar  5 13:50 ModularCG_A2_B2.mk
-rw-rw-r--   1 travis travis   1318 Mar  5 13:50 ModularCG_A2_B2_profile.class
-rw-rw-r--   1 travis travis   1262 Mar  5 13:50 ModularCG_A2_B2_profile.java
-rw-rw-r--   1 travis travis   1704 Mar  5 13:50 ModularCG_A2_profile.java
-rw-rw-r--   1 travis travis   3724 Mar  5 13:49 ModularCodeGenTest_A1_A2.class
-rw-rw-r--   1 travis travis   9164 Mar  5 13:49 ModularCodeGenTest_A1_A2.java
-rw-rw-r--   1 travis travis   1306 Mar  5 13:49 ModularCodeGenTest_A1_A2_profile.class
-rw-rw-r--   1 travis travis   4055 Mar  5 13:49 ModularCodeGenTest_A1.class
-rw-rw-r--   1 travis travis   9968 Mar  5 13:49 ModularCodeGenTest_A1.java
-rw-rw-r--   1 travis travis    880 Mar  5 13:49 ModularCodeGenTest_A1.mk
-rw-rw-r--   1 travis travis   1352 Mar  5 13:49 ModularCodeGenTest_A1_profile.class
-rw-rw-r--   1 travis travis   1394 Mar  5 13:49 ModularCodeGenTest_A1_profile.java
drwxrwxr-x   3 travis travis  32768 Mar  5 13:49 modulation2
drwxrwxr-x 166 travis travis  12288 Mar  5 13:49 node_modules
drwxrwxr-x   3 travis travis  20480 Mar  5 13:45 PhaseUnwrap
drwxrwxr-x   3 travis travis  12288 Mar  5 13:45 ReadFile1
-rw-rw-r--   1 travis travis     11 Mar  5 13:45 ReadFile1Output.txt
-rw-rw-r--   1 travis travis  13773 Mar  5 13:49 Repeat.class
-rw-rw-r--   1 travis travis    685 Mar  5 13:49 Repeat$_fireFunction_Repeat_Repeat$__f_sL_11.class
-rw-rw-r--   1 travis travis    541 Mar  5 13:49 Repeat$_fireFunction_Repeat_Repeat$__f_sL_12.class
-rw-rw-r--   1 travis travis    541 Mar  5 13:49 Repeat$_fireFunction_Repeat_Repeat$__f_sL_13.class
-rw-rw-r--   1 travis travis    541 Mar  5 13:49 Repeat$_fireFunction_Repeat_Repeat$__f_sL_14.class
-rw-rw-r--   1 travis travis    684 Mar  5 13:49 Repeat$_fireFunction_Repeat_Repeat$__f_sL_1.class
-rw-rw-r--   1 travis travis    683 Mar  5 13:49 Repeat$_fireFunction_Repeat_Repeat$__f_sL_4.class
-rw-rw-r--   1 travis travis    539 Mar  5 13:49 Repeat$_fireFunction_Repeat_Repeat$__f_sL_9.class
-rw-rw-r--   1 travis travis    494 Mar  5 13:49 Repeat$_initialize_Repeat$__i_sL_2.class
-rw-rw-r--   1 travis travis   1281 Mar  5 13:49 Repeat.mk
-rw-rw-r--   1 travis travis    539 Mar  5 13:49 Repeat$_preinitializeMethod_Repeat$__p_sL_0.class
-rw-rw-r--   1 travis travis   1102 Mar  5 13:49 Repeat$_Repeat$_fireFunction_Repeat_AddSubtract_Repeat.class
-rw-rw-r--   1 travis travis    810 Mar  5 13:49 Repeat$_Repeat$_fireFunction_Repeat_AddSubtract_Repeat$__f_sL_0.class
-rw-rw-r--   1 travis travis    928 Mar  5 13:49 Repeat$_Repeat$_fireFunction_Repeat_AddSubtract_Repeat$__f_sL_1.class
-rw-rw-r--   1 travis travis    934 Mar  5 13:49 Repeat$_Repeat$_fireFunction_Repeat_AddSubtract_Repeat$__f_sL_2.class
-rw-rw-r--   1 travis travis    862 Mar  5 13:49 Repeat$_Repeat$_fireFunction_Repeat_AddSubtract_Repeat$__f_sL_3.class
-rw-rw-r--   1 travis travis    757 Mar  5 13:49 Repeat$_Repeat$_fireFunction_Repeat_Ramp2_Repeat$__f_sL_0.class
-rw-rw-r--   1 travis travis    888 Mar  5 13:49 Repeat$_Repeat$_fireFunction_Repeat_Test_Repeat$__f_sL_0.class
-rw-rw-r--   1 travis travis    634 Mar  5 13:49 Repeat$_Repeat$_fireFunction_Repeat_Test_Repeat$__f_sL_1.class
-rw-rw-r--   1 travis travis    704 Mar  5 13:49 Repeat$_Repeat_SDF_Director_run_Repeat$__R_sL_0.class
-rw-rw-r--   1 travis travis    705 Mar  5 13:49 Repeat$_Repeat_SDF_Director_run_Repeat$__R_sL_11.class
-rw-rw-r--   1 travis travis    561 Mar  5 13:49 Repeat$_Repeat_SDF_Director_run_Repeat$__R_sL_13.class
-rw-rw-r--   1 travis travis    559 Mar  5 13:49 Repeat$_Repeat_SDF_Director_run_Repeat$__R_sL_2.class
-rw-rw-r--   1 travis travis    703 Mar  5 13:49 Repeat$_Repeat_SDF_Director_run_Repeat$__R_sL_3.class
-rw-rw-r--   1 travis travis    559 Mar  5 13:49 Repeat$_Repeat_SDF_Director_run_Repeat$__R_sL_5.class
-rw-rw-r--   1 travis travis    559 Mar  5 13:49 Repeat$_Repeat_SDF_Director_run_Repeat$__R_sL_8.class
drwxrwxr-x   2 travis travis   4096 Mar  5 13:49 RepeatVariables
-rw-rw-r--   1 travis travis    882 Mar  5 13:49 Repeat$_varinit_Repeat.class
-rw-rw-r--   1 travis travis    550 Mar  5 13:49 Repeat$_varinit_Repeat$__v_sL_2.class
-rw-rw-r--   1 travis travis    924 Mar  5 13:49 Repeat$_varinit_Repeat$__v_sL_4.class
-rw-rw-r--   1 travis travis    978 Mar  5 13:49 Repeat$_wrapup_Repeat$__w_sL_1.class
drwxrwxr-x   3 travis travis  20480 Mar  5 13:46 Sinewave
drwxrwxr-x   3 travis travis  32768 Mar  5 13:47 StringFunction
drwxrwxr-x   3 travis travis  12288 Mar  5 13:47 StringLength
drwxrwxr-x   3 travis travis  61440 Mar  5 13:47 StringMatches2
drwxrwxr-x   3 travis travis  61440 Mar  5 13:48 StringSimpleReplace
drwxrwxr-x   3 travis travis  65536 Mar  5 13:48 StringSubstring
drwxrwxr-x   3 travis travis  24576 Mar  5 13:48 StringSubstring2
drwxrwxr-x   3 travis travis  16384 Mar  5 13:49 time1
drwxrwxr-x   3 travis travis  12288 Mar  5 13:49 time5
-rw-rw-r--   1 travis travis    432 Mar  5 13:50 Token.class
-rw-rw-r--   1 travis travis    251 Mar  5 13:50 Token.java
-rwxrwxr-x   1 travis travis 466992 Mar  5 13:43 top
-rw-rw-r--   1 travis travis  20502 Mar  5 13:43 top.c
-rw-rw-r--   1 travis travis   3799 Mar  5 13:49 top.class
-rw-rw-r--   1 travis travis   1257 Mar  5 13:49 top.mk
In "/home/travis/cg", about to execute:
    javac -classpath
.:/home/travis/build/icyphy/ptII:/home/travis/build/icyphy/ptII/lib/bsh-2.0b4.j
ar:/home/travis/build/icyphy/ptII/lib/ptCal.jar:/home/travis/build/icyphy/ptII/
lib/java_cup.jar:/home/travis/build/icyphy/ptII/lib/saxon8.jar:/home/travis/bui
ld/icyphy/ptII/lib/saxon8-dom.jar:/home/travis/build/icyphy/ptII/lib/chic.jar:/
home/travis/build/icyphy/ptII/lib/ptcolt.jar:/home/travis/build/icyphy/ptII/ven
dors/misc/itext/iText.jar:/home/travis/build/icyphy/ptII/lib/g4ltl.jar:/home/tr
avis/build/icyphy/ptII/lib/StructuralCoder.jar:/home/travis/build/icyphy/ptII/l
ib/jcerti.jar:/home/travis/build/icyphy/ptII/lib/javax.mail.jar:/home/travis/bu
ild/icyphy/ptII/vendors/JMF-2.1.1e/lib/jmf.jar:/home/travis/build/icyphy/ptII/l
ib/jna-4.0.0-variadic.jar:/home/travis/build/icyphy/ptII/vendors/misc/joystick/
Joystick.jar:/home/travis/build/icyphy/ptII/lib/ptjacl.jar:/home/travis/build/i
cyphy/ptII/lib/jsoup-1.8.2.jar:/home/travis/build/icyphy/ptII/lib/junit-4.8.2.j
ar:/home/travis/build/icyphy/ptII/lib/JUnitParams-0.4.0.jar:/home/travis/build/
icyphy/ptII/ptolemy/actor/lib/excel/jxl.jar:/home/travis/build/icyphy/ptII/lib/
jython.jar:/home/travis/build/icyphy/ptII/lib/kieler.jar:/home/travis/build/icy
phy/ptII/vendors/opencv/share/OpenCV/java/opencv-341.jar:/home/travis/build/icy
phy/ptII/lib/oscP5.jar:/home/travis/build/icyphy/ptII/lib/nrjavaserial-3.11.0.d
evel.jar:/home/travis/build/icyphy/ptII/vendors/j3d/lib/Linux/j3dcore.jar:/home
/travis/build/icyphy/ptII/vendors/j3d/lib/Linux/j3dutils.jar:/home/travis/build
/icyphy/ptII/vendors/j3d/lib/Linux/vecmath.jar:/home/travis/build/icyphy/ptII/v
endors/jogl/lib/Linux/gluegen-rt-natives-linux-amd64.jar:/home/travis/build/icy
phy/ptII/vendors/jogl/lib/Linux/gluegen-rt.jar:/home/travis/build/icyphy/ptII/v
endors/jogl/lib/Linux/jogl-all-natives-linux-amd64.jar:/home/travis/build/icyph
y/ptII/vendors/jogl/lib/Linux/jogl-all.jar:/home/travis/build/icyphy/ptII/ptole
my/distributed/jini/jar/jini-core.jar:/home/travis/build/icyphy/ptII/ptolemy/di
stributed/jini/jar/jini-ext.jar:/home/travis/build/icyphy/ptII/ptolemy/distribu
ted/jini/jar/sun-util.jar:/home/travis/build/icyphy/ptII/lib/protobuf-java-2.4.
1.jar:/home/travis/build/icyphy/ptII/lib/org.eclipse.paho.client.mqttv3.jar:/ho
me/travis/build/icyphy/ptII/lib/mapss.jar:/home/travis/build/icyphy/ptII/ptolem
y/actor/ptalon/antlr/antlr.jar:/home/travis/build/icyphy/ptII/lib/JRI.jar:/home
/travis/build/icyphy/ptII/lib/commons-lang-2.6.jar:/home/travis/build/icyphy/pt
II/lib/commons-logging-1.1.1.jar:/home/travis/build/icyphy/ptII/lib/sootclasses
.jar:/home/travis/build/icyphy/ptII/ptolemy/actor/lib/database/mysql-connector-
java-5.1.6-bin.jar:/home/travis/build/icyphy/ptII/vendors/misc/sphinx4/sphinx4-
data-5prealpha.jar:/home/travis/build/icyphy/ptII/vendors/misc/sphinx4/sphinx4-
core-5prealpha.jar:/home/travis/build/icyphy/ptII/lib/PDFRenderer.jar:/home/tra
vis/build/icyphy/ptII/lib/svgSalamander.jar:/home/travis/build/icyphy/ptII/lib/
rsyntaxtextarea-2.6.0-SNAPSHOT.jar:/home/travis/build/icyphy/ptII/lib/hazelcast
-3.8.2.jar:/home/travis/build/icyphy/ptII/lib/jackson-annotations-2.9.0.jar:/ho
me/travis/build/icyphy/ptII/lib/jackson-core-2.9.3.jar:/home/travis/build/icyph
y/ptII/lib/jackson-databind-2.9.3.jar:/home/travis/build/icyphy/ptII/lib/netty-
buffer-4.1.19.Final.jar:/home/travis/build/icyphy/ptII/lib/netty-codec-4.1.19.F
inal.jar:/home/travis/build/icyphy/ptII/lib/netty-codec-dns-4.1.19.Final.jar:/h
ome/travis/build/icyphy/ptII/lib/netty-codec-http-4.1.19.Final.jar:/home/travis
/build/icyphy/ptII/lib/netty-codec-http2-4.1.19.Final.jar:/home/travis/build/ic
yphy/ptII/lib/netty-common-4.1.19.Final.jar:/home/travis/build/icyphy/ptII/lib/
netty-handler-4.1.19.Final.jar:/home/travis/build/icyphy/ptII/lib/netty-resolve
r-4.1.19.Final.jar:/home/travis/build/icyphy/ptII/lib/netty-resolver-dns-4.1.19
.Final.jar:/home/travis/build/icyphy/ptII/lib/netty-transport-4.1.19.Final.jar:
/home/travis/build/icyphy/ptII/lib/vertx-codegen-3.5.1.jar:/home/travis/build/i
cyphy/ptII/lib/vertx-core-3.5.2-SNAPSHOT.jar:/home/travis/build/icyphy/ptII/lib
/vertx-hazelcast-3.5.1.jar:/home/travis/build/icyphy/ptII/lib/vertx-lang-js-3.5
.1.jar:/home/travis/build/icyphy/ptII/lib/vertx-service-proxy-3.5.1.jar:/home/t
ravis/build/icyphy/ptII/lib/vertx-web-3.5.1.jar:/home/travis/build/icyphy/ptII/
lib/slf4j-api-1.7.13.jar:/home/travis/build/icyphy/ptII/lib/slf4j-simple-1.7.13
.jar:/home/travis/build/icyphy/ptII/lib/webcam-capture-0.3.12.jar:/home/travis/
build/icyphy/ptII/lib/bridj-0.7.0.jar:/home/travis/build/icyphy/ptII/lib/xbjlib
-1.1.0.nrjavaserial.jar:/home/travis/build/icyphy/ptII/ptolemy/moml/test:/home/
travis/build/icyphy/ptII/ant/lib/ant-launcher.jar:/home/travis/build/icyphy/ptI
I/ant/lib/ant.jar:/home/travis/build/icyphy/ptII/ant/lib/ant-junit.jar:/home/tr
avis/build/icyphy/ptII/ant/lib/ant-junit4.jar:/home/travis/build/icyphy/ptII
ModularCG_A2_profile.java
All Done
Writing ModularCG_A2.java in file:/home/travis/cg/ (15129 characters)
Reading "ptolemy/cg/kernel/generic/program/procedural/java/modular/makefile.in",
    writing "/home/travis/cg/ModularCG_A2.mk"
Using ptolemy/cg/kernel/generic/program/procedural/java/modular/makefile.in
In "/home/travis/cg", about to execute:
    make -f ModularCG_A2.mk
javac -classpath ".:.."    ModularCG_A2.java
All Done
Manager.initialize() finished: 16882 ms. Memory: 129024K Free: 102381K (79%)
16885 ms. Memory: 129024K Free: 102111K (79%)
----------------- Invoking toplevel() on ptolemy.moml.MoMLSimpleApplication@317f05ab
----------------- Done invoking toplevel() on ptolemy.moml.MoMLSimpleApplication@317f05ab
reloadAllAccessors: .ModularCG

===========================================================================================
----------------- testing Thu Mar 05 13:50:12 UTC 2020 /home/travis/build/icyphy/ptII/ptolemy/cg/lib/test/auto/ModularCGPubSub.xml
----------------- Instantiating /home/travis/build/icyphy/ptII/ptolemy/cg/lib/test/auto/ModularCGPubSub.xml
In "/home/travis/cg", about to execute:
    pwd
In "/home/travis/cg", about to execute:
    ls -l
/home/travis/cg
In "/home/travis/cg", about to execute:
    javac -classpath
.:/home/travis/build/icyphy/ptII:/home/travis/build/icyphy/ptII/lib/bsh-2.0b4.j
ar:/home/travis/build/icyphy/ptII/lib/ptCal.jar:/home/travis/build/icyphy/ptII/
lib/java_cup.jar:/home/travis/build/icyphy/ptII/lib/saxon8.jar:/home/travis/bui
ld/icyphy/ptII/lib/saxon8-dom.jar:/home/travis/build/icyphy/ptII/lib/chic.jar:/
home/travis/build/icyphy/ptII/lib/ptcolt.jar:/home/travis/build/icyphy/ptII/ven
dors/misc/itext/iText.jar:/home/travis/build/icyphy/ptII/lib/g4ltl.jar:/home/tr
avis/build/icyphy/ptII/lib/StructuralCoder.jar:/home/travis/build/icyphy/ptII/l
ib/jcerti.jar:/home/travis/build/icyphy/ptII/lib/javax.mail.jar:/home/travis/bu
ild/icyphy/ptII/vendors/JMF-2.1.1e/lib/jmf.jar:/home/travis/build/icyphy/ptII/l
ib/jna-4.0.0-variadic.jar:/home/travis/build/icyphy/ptII/vendors/misc/joystick/
Joystick.jar:/home/travis/build/icyphy/ptII/lib/ptjacl.jar:/home/travis/build/i
cyphy/ptII/lib/jsoup-1.8.2.jar:/home/travis/build/icyphy/ptII/lib/junit-4.8.2.j
ar:/home/travis/build/icyphy/ptII/lib/JUnitParams-0.4.0.jar:/home/travis/build/
icyphy/ptII/ptolemy/actor/lib/excel/jxl.jar:/home/travis/build/icyphy/ptII/lib/
jython.jar:/home/travis/build/icyphy/ptII/lib/kieler.jar:/home/travis/build/icy
phy/ptII/vendors/opencv/share/OpenCV/java/opencv-341.jar:/home/travis/build/icy
phy/ptII/lib/oscP5.jar:/home/travis/build/icyphy/ptII/lib/nrjavaserial-3.11.0.d
evel.jar:/home/travis/build/icyphy/ptII/vendors/j3d/lib/Linux/j3dcore.jar:/home
/travis/build/icyphy/ptII/vendors/j3d/lib/Linux/j3dutils.jar:/home/travis/build
/icyphy/ptII/vendors/j3d/lib/Linux/vecmath.jar:/home/travis/build/icyphy/ptII/v
endors/jogl/lib/Linux/gluegen-rt-natives-linux-amd64.jar:/home/travis/build/icy
phy/ptII/vendors/jogl/lib/Linux/gluegen-rt.jar:/home/travis/build/icyphy/ptII/v
endors/jogl/lib/Linux/jogl-all-natives-linux-amd64.jar:/home/travis/build/icyph
y/ptII/vendors/jogl/lib/Linux/jogl-all.jar:/home/travis/build/icyphy/ptII/ptole
my/distributed/jini/jar/jini-core.jar:/home/travis/build/icyphy/ptII/ptolemy/di
stributed/jini/jar/jini-ext.jar:/home/travis/build/icyphy/ptII/ptolemy/distribu
ted/jini/jar/sun-util.jar:/home/travis/build/icyphy/ptII/lib/protobuf-java-2.4.
1.jar:/home/travis/build/icyphy/ptII/lib/org.eclipse.paho.client.mqttv3.jar:/ho
me/travis/build/icyphy/ptII/lib/mapss.jar:/home/travis/build/icyphy/ptII/ptolem
y/actor/ptalon/antlr/antlr.jar:/home/travis/build/icyphy/ptII/lib/JRI.jar:/home
/travis/build/icyphy/ptII/lib/commons-lang-2.6.jar:/home/travis/build/icyphy/pt
II/lib/commons-logging-1.1.1.jar:/home/travis/build/icyphy/ptII/lib/sootclasses
.jar:/home/travis/build/icyphy/ptII/ptolemy/actor/lib/database/mysql-connector-
java-5.1.6-bin.jar:/home/travis/build/icyphy/ptII/vendors/misc/sphinx4/sphinx4-
data-5prealpha.jar:/home/travis/build/icyphy/ptII/vendors/misc/sphinx4/sphinx4-
core-5prealpha.jar:/home/travis/build/icyphy/ptII/lib/PDFRenderer.jar:/home/tra
vis/build/icyphy/ptII/lib/svgSalamander.jar:/home/travis/build/icyphy/ptII/lib/
rsyntaxtextarea-2.6.0-SNAPSHOT.jar:/home/travis/build/icyphy/ptII/lib/hazelcast
-3.8.2.jar:/home/travis/build/icyphy/ptII/lib/jackson-annotations-2.9.0.jar:/ho
me/travis/build/icyphy/ptII/lib/jackson-core-2.9.3.jar:/home/travis/build/icyph
y/ptII/lib/jackson-databind-2.9.3.jar:/home/travis/build/icyphy/ptII/lib/netty-
buffer-4.1.19.Final.jar:/home/travis/build/icyphy/ptII/lib/netty-codec-4.1.19.F
inal.jar:/home/travis/build/icyphy/ptII/lib/netty-codec-dns-4.1.19.Final.jar:/h
ome/travis/build/icyphy/ptII/lib/netty-codec-http-4.1.19.Final.jar:/home/travis
/build/icyphy/ptII/lib/netty-codec-http2-4.1.19.Final.jar:/home/travis/build/ic
yphy/ptII/lib/netty-common-4.1.19.Final.jar:/home/travis/build/icyphy/ptII/lib/
netty-handler-4.1.19.Final.jar:/home/travis/build/icyphy/ptII/lib/netty-resolve
r-4.1.19.Final.jar:/home/travis/build/icyphy/ptII/lib/netty-resolver-dns-4.1.19
.Final.jar:/home/travis/build/icyphy/ptII/lib/netty-transport-4.1.19.Final.jar:
/home/travis/build/icyphy/ptII/lib/vertx-codegen-3.5.1.jar:/home/travis/build/i
cyphy/ptII/lib/vertx-core-3.5.2-SNAPSHOT.jar:/home/travis/build/icyphy/ptII/lib
/vertx-hazelcast-3.5.1.jar:/home/travis/build/icyphy/ptII/lib/vertx-lang-js-3.5
.1.jar:/home/travis/build/icyphy/ptII/lib/vertx-service-proxy-3.5.1.jar:/home/t
ravis/build/icyphy/ptII/lib/vertx-web-3.5.1.jar:/home/travis/build/icyphy/ptII/
lib/slf4j-api-1.7.13.jar:/home/travis/build/icyphy/ptII/lib/slf4j-simple-1.7.13
.jar:/home/travis/build/icyphy/ptII/lib/webcam-capture-0.3.12.jar:/home/travis/
build/icyphy/ptII/lib/bridj-0.7.0.jar:/home/travis/build/icyphy/ptII/lib/xbjlib
-1.1.0.nrjavaserial.jar:/home/travis/build/icyphy/ptII/ptolemy/moml/test:/home/
travis/build/icyphy/ptII/ant/lib/ant-launcher.jar:/home/travis/build/icyphy/ptI
I/ant/lib/ant.jar:/home/travis/build/icyphy/ptII/ant/lib/ant-junit.jar:/home/tr
avis/build/icyphy/ptII/ant/lib/ant-junit4.jar:/home/travis/build/icyphy/ptII
ModularCGPubSub_A1_A2_profile.java
total 1584
drwxrwxr-x   3 travis travis  12288 Mar  5 13:44 AbsoluteValue
drwxrwxr-x   3 travis travis 102400 Mar  5 13:43 AllColt
drwxrwxr-x   3 travis travis  12288 Mar  5 13:44 Case1
-rw-rw-r--   1 travis travis   5128 Mar  5 13:49 CompiledCompositeActor_CompiledCompositeActor.class
-rw-rw-r--   1 travis travis   1611 Mar  5 13:49 CompiledCompositeActor_CompiledCompositeActor$_CompiledCompositeActor_CompiledCompositeActor.class
-rw-rw-r--   1 travis travis  13466 Mar  5 13:49 CompiledCompositeActor_CompiledCompositeActor.java
-rw-rw-r--   1 travis travis   1593 Mar  5 13:49 CompiledCompositeActor_CompiledCompositeActor.mk
drwxrwxr-x   5 travis travis   4096 Mar  5 13:43 fmi
drwxrwxr-x   3 travis travis  16384 Mar  5 13:44 Gaussian2
-rw-rw-r--   1 travis travis   4684 Mar  5 13:49 JavaCompiledCompositeTest1_CompiledCompositeActor.class
-rw-rw-r--   1 travis travis  11637 Mar  5 13:49 JavaCompiledCompositeTest1_CompiledCompositeActor.java
-rw-rw-r--   1 travis travis   1217 Mar  5 13:49 JavaCompiledCompositeTest1_CompiledCompositeActor$_JavaCompiledCompositeTest1_CompiledCompositeActor.class
-rw-rw-r--   1 travis travis   1625 Mar  5 13:49 JavaCompiledCompositeTest1_CompiledCompositeActor.mk
-rw-rw-r--   1 travis travis   5115 Mar  5 13:49 JavaCompiledCompositeTest2_CompiledCompositeActor.class
-rw-rw-r--   1 travis travis  14919 Mar  5 13:49 JavaCompiledCompositeTest2_CompiledCompositeActor.java
-rw-rw-r--   1 travis travis   1812 Mar  5 13:49 JavaCompiledCompositeTest2_CompiledCompositeActor$_JavaCompiledCompositeTest2_CompiledCompositeActor.class
-rw-rw-r--   1 travis travis   1625 Mar  5 13:49 JavaCompiledCompositeTest2_CompiledCompositeActor.mk
-rw-rw-r--   1 travis travis   4732 Mar  5 13:49 JavaCompiledCompositeTest3_CompiledCompositeActor.class
-rw-rw-r--   1 travis travis  13080 Mar  5 13:49 JavaCompiledCompositeTest3_CompiledCompositeActor.java
-rw-rw-r--   1 travis travis   1397 Mar  5 13:49 JavaCompiledCompositeTest3_CompiledCompositeActor$_JavaCompiledCompositeTest3_CompiledCompositeActor.class
-rw-rw-r--   1 travis travis   1625 Mar  5 13:49 JavaCompiledCompositeTest3_CompiledCompositeActor.mk
-rw-rw-r--   1 travis travis   4183 Mar  5 13:49 JavaCompiledCompositeTest4_CompiledCompositeActor.class
-rw-rw-r--   1 travis travis   9687 Mar  5 13:49 JavaCompiledCompositeTest4_CompiledCompositeActor.java
-rw-rw-r--   1 travis travis    876 Mar  5 13:49 JavaCompiledCompositeTest4_CompiledCompositeActor$_JavaCompiledCompositeTest4_CompiledCompositeActor.class
-rw-rw-r--   1 travis travis   1625 Mar  5 13:49 JavaCompiledCompositeTest4_CompiledCompositeActor.mk
drwxrwxr-x   3 travis travis  12288 Mar  5 13:45 LookupTable
drwxrwxr-x   3 travis travis  20480 Mar  5 13:45 MaxIndex
-rw-rw-r--   1 travis travis   3925 Mar  5 13:49 ModularCG_A1_B1.class
-rw-rw-r--   1 travis travis   9730 Mar  5 13:49 ModularCG_A1_B1.java
-rw-rw-r--   1 travis travis    832 Mar  5 13:49 ModularCG_A1_B1.mk
-rw-rw-r--   1 travis travis   1318 Mar  5 13:49 ModularCG_A1_B1_profile.class
-rw-rw-r--   1 travis travis   1262 Mar  5 13:49 ModularCG_A1_B1_profile.java
-rw-rw-r--   1 travis travis   3925 Mar  5 13:50 ModularCG_A1_B2.class
-rw-rw-r--   1 travis travis   9730 Mar  5 13:50 ModularCG_A1_B2.java
-rw-rw-r--   1 travis travis    832 Mar  5 13:50 ModularCG_A1_B2.mk
-rw-rw-r--   1 travis travis   1318 Mar  5 13:50 ModularCG_A1_B2_profile.class
-rw-rw-r--   1 travis travis   1262 Mar  5 13:49 ModularCG_A1_B2_profile.java
-rw-rw-r--   1 travis travis   5031 Mar  5 13:50 ModularCG_A1.class
-rw-rw-r--   1 travis travis  14742 Mar  5 13:50 ModularCG_A1.java
-rw-rw-r--   1 travis travis    808 Mar  5 13:50 ModularCG_A1.mk
-rw-rw-r--   1 travis travis   1433 Mar  5 13:50 ModularCG_A1_profile.class
-rw-rw-r--   1 travis travis   1704 Mar  5 13:50 ModularCG_A1_profile.java
-rw-rw-r--   1 travis travis   4059 Mar  5 13:50 ModularCG_A2_B1.class
-rw-rw-r--   1 travis travis  10667 Mar  5 13:50 ModularCG_A2_B1.java
-rw-rw-r--   1 travis travis    832 Mar  5 13:50 ModularCG_A2_B1.mk
-rw-rw-r--   1 travis travis   1381 Mar  5 13:50 ModularCG_A2_B1_profile.class
-rw-rw-r--   1 travis travis   1446 Mar  5 13:50 ModularCG_A2_B1_profile.java
-rw-rw-r--   1 travis travis   3925 Mar  5 13:50 ModularCG_A2_B2.class
-rw-rw-r--   1 travis travis   9730 Mar  5 13:50 ModularCG_A2_B2.java
-rw-rw-r--   1 travis travis    832 Mar  5 13:50 ModularCG_A2_B2.mk
-rw-rw-r--   1 travis travis   1318 Mar  5 13:50 ModularCG_A2_B2_profile.class
-rw-rw-r--   1 travis travis   1262 Mar  5 13:50 ModularCG_A2_B2_profile.java
-rw-rw-r--   1 travis travis   5102 Mar  5 13:50 ModularCG_A2.class
-rw-rw-r--   1 travis travis  15129 Mar  5 13:50 ModularCG_A2.java
-rw-rw-r--   1 travis travis    808 Mar  5 13:50 ModularCG_A2.mk
-rw-rw-r--   1 travis travis   1433 Mar  5 13:50 ModularCG_A2_profile.class
-rw-rw-r--   1 travis travis   1704 Mar  5 13:50 ModularCG_A2_profile.java
-rw-rw-r--   1 travis travis   1222 Mar  5 13:50 ModularCGPubSub_A1_A2_profile.java
-rw-rw-r--   1 travis travis   3724 Mar  5 13:49 ModularCodeGenTest_A1_A2.class
-rw-rw-r--   1 travis travis   9164 Mar  5 13:49 ModularCodeGenTest_A1_A2.java
-rw-rw-r--   1 travis travis   1306 Mar  5 13:49 ModularCodeGenTest_A1_A2_profile.class
-rw-rw-r--   1 travis travis   4055 Mar  5 13:49 ModularCodeGenTest_A1.class
-rw-rw-r--   1 travis travis   9968 Mar  5 13:49 ModularCodeGenTest_A1.java
-rw-rw-r--   1 travis travis    880 Mar  5 13:49 ModularCodeGenTest_A1.mk
-rw-rw-r--   1 travis travis   1352 Mar  5 13:49 ModularCodeGenTest_A1_profile.class
-rw-rw-r--   1 travis travis   1394 Mar  5 13:49 ModularCodeGenTest_A1_profile.java
drwxrwxr-x   3 travis travis  32768 Mar  5 13:49 modulation2
drwxrwxr-x 166 travis travis  12288 Mar  5 13:49 node_modules
drwxrwxr-x   3 travis travis  20480 Mar  5 13:45 PhaseUnwrap
drwxrwxr-x   3 travis travis  12288 Mar  5 13:45 ReadFile1
-rw-rw-r--   1 travis travis     11 Mar  5 13:45 ReadFile1Output.txt
-rw-rw-r--   1 travis travis  13773 Mar  5 13:49 Repeat.class
-rw-rw-r--   1 travis travis    685 Mar  5 13:49 Repeat$_fireFunction_Repeat_Repeat$__f_sL_11.class
-rw-rw-r--   1 travis travis    541 Mar  5 13:49 Repeat$_fireFunction_Repeat_Repeat$__f_sL_12.class
-rw-rw-r--   1 travis travis    541 Mar  5 13:49 Repeat$_fireFunction_Repeat_Repeat$__f_sL_13.class
-rw-rw-r--   1 travis travis    541 Mar  5 13:49 Repeat$_fireFunction_Repeat_Repeat$__f_sL_14.class
-rw-rw-r--   1 travis travis    684 Mar  5 13:49 Repeat$_fireFunction_Repeat_Repeat$__f_sL_1.class
-rw-rw-r--   1 travis travis    683 Mar  5 13:49 Repeat$_fireFunction_Repeat_Repeat$__f_sL_4.class
-rw-rw-r--   1 travis travis    539 Mar  5 13:49 Repeat$_fireFunction_Repeat_Repeat$__f_sL_9.class
-rw-rw-r--   1 travis travis    494 Mar  5 13:49 Repeat$_initialize_Repeat$__i_sL_2.class
-rw-rw-r--   1 travis travis   1281 Mar  5 13:49 Repeat.mk
-rw-rw-r--   1 travis travis    539 Mar  5 13:49 Repeat$_preinitializeMethod_Repeat$__p_sL_0.class
-rw-rw-r--   1 travis travis   1102 Mar  5 13:49 Repeat$_Repeat$_fireFunction_Repeat_AddSubtract_Repeat.class
-rw-rw-r--   1 travis travis    810 Mar  5 13:49 Repeat$_Repeat$_fireFunction_Repeat_AddSubtract_Repeat$__f_sL_0.class
-rw-rw-r--   1 travis travis    928 Mar  5 13:49 Repeat$_Repeat$_fireFunction_Repeat_AddSubtract_Repeat$__f_sL_1.class
-rw-rw-r--   1 travis travis    934 Mar  5 13:49 Repeat$_Repeat$_fireFunction_Repeat_AddSubtract_Repeat$__f_sL_2.class
-rw-rw-r--   1 travis travis    862 Mar  5 13:49 Repeat$_Repeat$_fireFunction_Repeat_AddSubtract_Repeat$__f_sL_3.class
-rw-rw-r--   1 travis travis    757 Mar  5 13:49 Repeat$_Repeat$_fireFunction_Repeat_Ramp2_Repeat$__f_sL_0.class
-rw-rw-r--   1 travis travis    888 Mar  5 13:49 Repeat$_Repeat$_fireFunction_Repeat_Test_Repeat$__f_sL_0.class
-rw-rw-r--   1 travis travis    634 Mar  5 13:49 Repeat$_Repeat$_fireFunction_Repeat_Test_Repeat$__f_sL_1.class
-rw-rw-r--   1 travis travis    704 Mar  5 13:49 Repeat$_Repeat_SDF_Director_run_Repeat$__R_sL_0.class
-rw-rw-r--   1 travis travis    705 Mar  5 13:49 Repeat$_Repeat_SDF_Director_run_Repeat$__R_sL_11.class
-rw-rw-r--   1 travis travis    561 Mar  5 13:49 Repeat$_Repeat_SDF_Director_run_Repeat$__R_sL_13.class
-rw-rw-r--   1 travis travis    559 Mar  5 13:49 Repeat$_Repeat_SDF_Director_run_Repeat$__R_sL_2.class
-rw-rw-r--   1 travis travis    703 Mar  5 13:49 Repeat$_Repeat_SDF_Director_run_Repeat$__R_sL_3.class
-rw-rw-r--   1 travis travis    559 Mar  5 13:49 Repeat$_Repeat_SDF_Director_run_Repeat$__R_sL_5.class
-rw-rw-r--   1 travis travis    559 Mar  5 13:49 Repeat$_Repeat_SDF_Director_run_Repeat$__R_sL_8.class
drwxrwxr-x   2 travis travis   4096 Mar  5 13:49 RepeatVariables
-rw-rw-r--   1 travis travis    882 Mar  5 13:49 Repeat$_varinit_Repeat.class
-rw-rw-r--   1 travis travis    550 Mar  5 13:49 Repeat$_varinit_Repeat$__v_sL_2.class
-rw-rw-r--   1 travis travis    924 Mar  5 13:49 Repeat$_varinit_Repeat$__v_sL_4.class
-rw-rw-r--   1 travis travis    978 Mar  5 13:49 Repeat$_wrapup_Repeat$__w_sL_1.class
drwxrwxr-x   3 travis travis  20480 Mar  5 13:46 Sinewave
drwxrwxr-x   3 travis travis  32768 Mar  5 13:47 StringFunction
drwxrwxr-x   3 travis travis  12288 Mar  5 13:47 StringLength
drwxrwxr-x   3 travis travis  61440 Mar  5 13:47 StringMatches2
drwxrwxr-x   3 travis travis  61440 Mar  5 13:48 StringSimpleReplace
drwxrwxr-x   3 travis travis  65536 Mar  5 13:48 StringSubstring
drwxrwxr-x   3 travis travis  24576 Mar  5 13:48 StringSubstring2
drwxrwxr-x   3 travis travis  16384 Mar  5 13:49 time1
drwxrwxr-x   3 travis travis  12288 Mar  5 13:49 time5
-rw-rw-r--   1 travis travis    432 Mar  5 13:50 Token.class
-rw-rw-r--   1 travis travis    251 Mar  5 13:50 Token.java
-rwxrwxr-x   1 travis travis 466992 Mar  5 13:43 top
-rw-rw-r--   1 travis travis  20502 Mar  5 13:43 top.c
-rw-rw-r--   1 travis travis   3799 Mar  5 13:49 top.class
-rw-rw-r--   1 travis travis   1257 Mar  5 13:49 top.mk
All Done
Writing ModularCGPubSub_A1_A2.java in file:/home/travis/cg/ (9076 characters)
Reading "ptolemy/cg/kernel/generic/program/procedural/java/modular/makefile.in",
    writing "/home/travis/cg/ModularCGPubSub_A1_A2.mk"
Using ptolemy/cg/kernel/generic/program/procedural/java/modular/makefile.in
In "/home/travis/cg", about to execute:
    make -f ModularCGPubSub_A1_A2.mk
javac -classpath ".:.."    ModularCGPubSub_A1_A2.java
All Done
In "/home/travis/cg", about to execute:
    pwd
/home/travis/cg
In "/home/travis/cg", about to execute:
    ls -l
total 1612
drwxrwxr-x   3 travis travis  12288 Mar  5 13:44 AbsoluteValue
drwxrwxr-x   3 travis travis 102400 Mar  5 13:43 AllColt
drwxrwxr-x   3 travis travis  12288 Mar  5 13:44 Case1
-rw-rw-r--   1 travis travis   5128 Mar  5 13:49 CompiledCompositeActor_CompiledCompositeActor.class
-rw-rw-r--   1 travis travis   1611 Mar  5 13:49 CompiledCompositeActor_CompiledCompositeActor$_CompiledCompositeActor_CompiledCompositeActor.class
-rw-rw-r--   1 travis travis  13466 Mar  5 13:49 CompiledCompositeActor_CompiledCompositeActor.java
-rw-rw-r--   1 travis travis   1593 Mar  5 13:49 CompiledCompositeActor_CompiledCompositeActor.mk
drwxrwxr-x   5 travis travis   4096 Mar  5 13:43 fmi
drwxrwxr-x   3 travis travis  16384 Mar  5 13:44 Gaussian2
-rw-rw-r--   1 travis travis   4684 Mar  5 13:49 JavaCompiledCompositeTest1_CompiledCompositeActor.class
-rw-rw-r--   1 travis travis  11637 Mar  5 13:49 JavaCompiledCompositeTest1_CompiledCompositeActor.java
-rw-rw-r--   1 travis travis   1217 Mar  5 13:49 JavaCompiledCompositeTest1_CompiledCompositeActor$_JavaCompiledCompositeTest1_CompiledCompositeActor.class
-rw-rw-r--   1 travis travis   1625 Mar  5 13:49 JavaCompiledCompositeTest1_CompiledCompositeActor.mk
-rw-rw-r--   1 travis travis   5115 Mar  5 13:49 JavaCompiledCompositeTest2_CompiledCompositeActor.class
-rw-rw-r--   1 travis travis  14919 Mar  5 13:49 JavaCompiledCompositeTest2_CompiledCompositeActor.java
-rw-rw-r--   1 travis travis   1812 Mar  5 13:49 JavaCompiledCompositeTest2_CompiledCompositeActor$_JavaCompiledCompositeTest2_CompiledCompositeActor.class
-rw-rw-r--   1 travis travis   1625 Mar  5 13:49 JavaCompiledCompositeTest2_CompiledCompositeActor.mk
-rw-rw-r--   1 travis travis   4732 Mar  5 13:49 JavaCompiledCompositeTest3_CompiledCompositeActor.class
-rw-rw-r--   1 travis travis  13080 Mar  5 13:49 JavaCompiledCompositeTest3_CompiledCompositeActor.java
-rw-rw-r--   1 travis travis   1397 Mar  5 13:49 JavaCompiledCompositeTest3_CompiledCompositeActor$_JavaCompiledCompositeTest3_CompiledCompositeActor.class
-rw-rw-r--   1 travis travis   1625 Mar  5 13:49 JavaCompiledCompositeTest3_CompiledCompositeActor.mk
-rw-rw-r--   1 travis travis   4183 Mar  5 13:49 JavaCompiledCompositeTest4_CompiledCompositeActor.class
-rw-rw-r--   1 travis travis   9687 Mar  5 13:49 JavaCompiledCompositeTest4_CompiledCompositeActor.java
-rw-rw-r--   1 travis travis    876 Mar  5 13:49 JavaCompiledCompositeTest4_CompiledCompositeActor$_JavaCompiledCompositeTest4_CompiledCompositeActor.class
-rw-rw-r--   1 travis travis   1625 Mar  5 13:49 JavaCompiledCompositeTest4_CompiledCompositeActor.mk
drwxrwxr-x   3 travis travis  12288 Mar  5 13:45 LookupTable
drwxrwxr-x   3 travis travis  20480 Mar  5 13:45 MaxIndex
-rw-rw-r--   1 travis travis   3925 Mar  5 13:49 ModularCG_A1_B1.class
-rw-rw-r--   1 travis travis   9730 Mar  5 13:49 ModularCG_A1_B1.java
-rw-rw-r--   1 travis travis    832 Mar  5 13:49 ModularCG_A1_B1.mk
-rw-rw-r--   1 travis travis   1318 Mar  5 13:49 ModularCG_A1_B1_profile.class
-rw-rw-r--   1 travis travis   1262 Mar  5 13:49 ModularCG_A1_B1_profile.java
-rw-rw-r--   1 travis travis   3925 Mar  5 13:50 ModularCG_A1_B2.class
-rw-rw-r--   1 travis travis   9730 Mar  5 13:50 ModularCG_A1_B2.java
-rw-rw-r--   1 travis travis    832 Mar  5 13:50 ModularCG_A1_B2.mk
-rw-rw-r--   1 travis travis   1318 Mar  5 13:50 ModularCG_A1_B2_profile.class
-rw-rw-r--   1 travis travis   1262 Mar  5 13:49 ModularCG_A1_B2_profile.java
-rw-rw-r--   1 travis travis   5031 Mar  5 13:50 ModularCG_A1.class
-rw-rw-r--   1 travis travis  14742 Mar  5 13:50 ModularCG_A1.java
-rw-rw-r--   1 travis travis    808 Mar  5 13:50 ModularCG_A1.mk
-rw-rw-r--   1 travis travis   1433 Mar  5 13:50 ModularCG_A1_profile.class
-rw-rw-r--   1 travis travis   1704 Mar  5 13:50 ModularCG_A1_profile.java
-rw-rw-r--   1 travis travis   4059 Mar  5 13:50 ModularCG_A2_B1.class
-rw-rw-r--   1 travis travis  10667 Mar  5 13:50 ModularCG_A2_B1.java
-rw-rw-r--   1 travis travis    832 Mar  5 13:50 ModularCG_A2_B1.mk
-rw-rw-r--   1 travis travis   1381 Mar  5 13:50 ModularCG_A2_B1_profile.class
-rw-rw-r--   1 travis travis   1446 Mar  5 13:50 ModularCG_A2_B1_profile.java
-rw-rw-r--   1 travis travis   3925 Mar  5 13:50 ModularCG_A2_B2.class
-rw-rw-r--   1 travis travis   9730 Mar  5 13:50 ModularCG_A2_B2.java
-rw-rw-r--   1 travis travis    832 Mar  5 13:50 ModularCG_A2_B2.mk
-rw-rw-r--   1 travis travis   1318 Mar  5 13:50 ModularCG_A2_B2_profile.class
-rw-rw-r--   1 travis travis   1262 Mar  5 13:50 ModularCG_A2_B2_profile.java
-rw-rw-r--   1 travis travis   5102 Mar  5 13:50 ModularCG_A2.class
-rw-rw-r--   1 travis travis  15129 Mar  5 13:50 ModularCG_A2.java
-rw-rw-r--   1 travis travis    808 Mar  5 13:50 ModularCG_A2.mk
-rw-rw-r--   1 travis travis   1433 Mar  5 13:50 ModularCG_A2_profile.class
-rw-rw-r--   1 travis travis   1704 Mar  5 13:50 ModularCG_A2_profile.java
-rw-rw-r--   1 travis travis   3705 Mar  5 13:50 ModularCGPubSub_A1_A2.class
-rw-rw-r--   1 travis travis   9076 Mar  5 13:50 ModularCGPubSub_A1_A2.java
-rw-rw-r--   1 travis travis    880 Mar  5 13:50 ModularCGPubSub_A1_A2.mk
-rw-rw-r--   1 travis travis   1300 Mar  5 13:50 ModularCGPubSub_A1_A2_profile.class
-rw-rw-r--   1 travis travis   1222 Mar  5 13:50 ModularCGPubSub_A1_A2_profile.java
-rw-rw-r--   1 travis travis   1388 Mar  5 13:50 ModularCGPubSub_A1_profile.java
-rw-rw-r--   1 travis travis   3724 Mar  5 13:49 ModularCodeGenTest_A1_A2.class
-rw-rw-r--   1 travis travis   9164 Mar  5 13:49 ModularCodeGenTest_A1_A2.java
-rw-rw-r--   1 travis travis   1306 Mar  5 13:49 ModularCodeGenTest_A1_A2_profile.class
-rw-rw-r--   1 travis travis   4055 Mar  5 13:49 ModularCodeGenTest_A1.class
-rw-rw-r--   1 travis travis   9968 Mar  5 13:49 ModularCodeGenTest_A1.java
-rw-rw-r--   1 travis travis    880 Mar  5 13:49 ModularCodeGenTest_A1.mk
-rw-rw-r--   1 travis travis   1352 Mar  5 13:49 ModularCodeGenTest_A1_profile.class
-rw-rw-r--   1 travis travis   1394 Mar  5 13:49 ModularCodeGenTest_A1_profile.java
drwxrwxr-x   3 travis travis  32768 Mar  5 13:49 modulation2
drwxrwxr-x 166 travis travis  12288 Mar  5 13:49 node_modules
drwxrwxr-x   3 travis travis  20480 Mar  5 13:45 PhaseUnwrap
drwxrwxr-x   3 travis travis  12288 Mar  5 13:45 ReadFile1
-rw-rw-r--   1 travis travis     11 Mar  5 13:45 ReadFile1Output.txt
-rw-rw-r--   1 travis travis  13773 Mar  5 13:49 Repeat.class
-rw-rw-r--   1 travis travis    685 Mar  5 13:49 Repeat$_fireFunction_Repeat_Repeat$__f_sL_11.class
-rw-rw-r--   1 travis travis    541 Mar  5 13:49 Repeat$_fireFunction_Repeat_Repeat$__f_sL_12.class
-rw-rw-r--   1 travis travis    541 Mar  5 13:49 Repeat$_fireFunction_Repeat_Repeat$__f_sL_13.class
-rw-rw-r--   1 travis travis    541 Mar  5 13:49 Repeat$_fireFunction_Repeat_Repeat$__f_sL_14.class
-rw-rw-r--   1 travis travis    684 Mar  5 13:49 Repeat$_fireFunction_Repeat_Repeat$__f_sL_1.class
-rw-rw-r--   1 travis travis    683 Mar  5 13:49 Repeat$_fireFunction_Repeat_Repeat$__f_sL_4.class
-rw-rw-r--   1 travis travis    539 Mar  5 13:49 Repeat$_fireFunction_Repeat_Repeat$__f_sL_9.class
-rw-rw-r--   1 travis travis    494 Mar  5 13:49 Repeat$_initialize_Repeat$__i_sL_2.class
-rw-rw-r--   1 travis travis   1281 Mar  5 13:49 Repeat.mk
-rw-rw-r--   1 travis travis    539 Mar  5 13:49 Repeat$_preinitializeMethod_Repeat$__p_sL_0.class
-rw-rw-r--   1 travis travis   1102 Mar  5 13:49 Repeat$_Repeat$_fireFunction_Repeat_AddSubtract_Repeat.class
-rw-rw-r--   1 travis travis    810 Mar  5 13:49 Repeat$_Repeat$_fireFunction_Repeat_AddSubtract_Repeat$__f_sL_0.class
-rw-rw-r--   1 travis travis    928 Mar  5 13:49 Repeat$_Repeat$_fireFunction_Repeat_AddSubtract_Repeat$__f_sL_1.class
-rw-rw-r--   1 travis travis    934 Mar  5 13:49 Repeat$_Repeat$_fireFunction_Repeat_AddSubtract_Repeat$__f_sL_2.class
-rw-rw-r--   1 travis travis    862 Mar  5 13:49 Repeat$_Repeat$_fireFunction_Repeat_AddSubtract_Repeat$__f_sL_3.class
-rw-rw-r--   1 travis travis    757 Mar  5 13:49 Repeat$_Repeat$_fireFunction_Repeat_Ramp2_Repeat$__f_sL_0.class
-rw-rw-r--   1 travis travis    888 Mar  5 13:49 Repeat$_Repeat$_fireFunction_Repeat_Test_Repeat$__f_sL_0.class
-rw-rw-r--   1 travis travis    634 Mar  5 13:49 Repeat$_Repeat$_fireFunction_Repeat_Test_Repeat$__f_sL_1.class
-rw-rw-r--   1 travis travis    704 Mar  5 13:49 Repeat$_Repeat_SDF_Director_run_Repeat$__R_sL_0.class
-rw-rw-r--   1 travis travis    705 Mar  5 13:49 Repeat$_Repeat_SDF_Director_run_Repeat$__R_sL_11.class
-rw-rw-r--   1 travis travis    561 Mar  5 13:49 Repeat$_Repeat_SDF_Director_run_Repeat$__R_sL_13.class
-rw-rw-r--   1 travis travis    559 Mar  5 13:49 Repeat$_Repeat_SDF_Director_run_Repeat$__R_sL_2.class
-rw-rw-r--   1 travis travis    703 Mar  5 13:49 Repeat$_Repeat_SDF_Director_run_Repeat$__R_sL_3.class
-rw-rw-r--   1 travis travis    559 Mar  5 13:49 Repeat$_Repeat_SDF_Director_run_Repeat$__R_sL_5.class
-rw-rw-r--   1 travis travis    559 Mar  5 13:49 Repeat$_Repeat_SDF_Director_run_Repeat$__R_sL_8.class
drwxrwxr-x   2 travis travis   4096 Mar  5 13:49 RepeatVariables
In "/home/travis/cg", about to execute:
-rw-rw-r--   1 travis travis    882 Mar  5 13:49 Repeat$_varinit_Repeat.class
-rw-rw-r--   1 travis travis    550 Mar  5 13:49 Repeat$_varinit_Repeat$__v_sL_2.class
-rw-rw-r--   1 travis travis    924 Mar  5 13:49 Repeat$_varinit_Repeat$__v_sL_4.class
-rw-rw-r--   1 travis travis    978 Mar  5 13:49 Repeat$_wrapup_Repeat$__w_sL_1.class
drwxrwxr-x   3 travis travis  20480 Mar  5 13:46 Sinewave
drwxrwxr-x   3 travis travis  32768 Mar  5 13:47 StringFunction
drwxrwxr-x   3 travis travis  12288 Mar  5 13:47 StringLength
drwxrwxr-x   3 travis travis  61440 Mar  5 13:47 StringMatches2
drwxrwxr-x   3 travis travis  61440 Mar  5 13:48 StringSimpleReplace
drwxrwxr-x   3 travis travis  65536 Mar  5 13:48 StringSubstring
drwxrwxr-x   3 travis travis  24576 Mar  5 13:48 StringSubstring2
drwxrwxr-x   3 travis travis  16384 Mar  5 13:49 time1
drwxrwxr-x   3 travis travis  12288 Mar  5 13:49 time5
-rw-rw-r--   1 travis travis    432 Mar  5 13:50 Token.class
-rw-rw-r--   1 travis travis    251 Mar  5 13:50 Token.java
-rwxrwxr-x   1 travis travis 466992 Mar  5 13:43 top
-rw-rw-r--   1 travis travis  20502 Mar  5 13:43 top.c
-rw-rw-r--   1 travis travis   3799 Mar  5 13:49 top.class
-rw-rw-r--   1 travis travis   1257 Mar  5 13:49 top.mk
    javac -classpath
.:/home/travis/build/icyphy/ptII:/home/travis/build/icyphy/ptII/lib/bsh-2.0b4.j
ar:/home/travis/build/icyphy/ptII/lib/ptCal.jar:/home/travis/build/icyphy/ptII/
lib/java_cup.jar:/home/travis/build/icyphy/ptII/lib/saxon8.jar:/home/travis/bui
ld/icyphy/ptII/lib/saxon8-dom.jar:/home/travis/build/icyphy/ptII/lib/chic.jar:/
home/travis/build/icyphy/ptII/lib/ptcolt.jar:/home/travis/build/icyphy/ptII/ven
dors/misc/itext/iText.jar:/home/travis/build/icyphy/ptII/lib/g4ltl.jar:/home/tr
avis/build/icyphy/ptII/lib/StructuralCoder.jar:/home/travis/build/icyphy/ptII/l
ib/jcerti.jar:/home/travis/build/icyphy/ptII/lib/javax.mail.jar:/home/travis/bu
ild/icyphy/ptII/vendors/JMF-2.1.1e/lib/jmf.jar:/home/travis/build/icyphy/ptII/l
ib/jna-4.0.0-variadic.jar:/home/travis/build/icyphy/ptII/vendors/misc/joystick/
Joystick.jar:/home/travis/build/icyphy/ptII/lib/ptjacl.jar:/home/travis/build/i
cyphy/ptII/lib/jsoup-1.8.2.jar:/home/travis/build/icyphy/ptII/lib/junit-4.8.2.j
ar:/home/travis/build/icyphy/ptII/lib/JUnitParams-0.4.0.jar:/home/travis/build/
icyphy/ptII/ptolemy/actor/lib/excel/jxl.jar:/home/travis/build/icyphy/ptII/lib/
jython.jar:/home/travis/build/icyphy/ptII/lib/kieler.jar:/home/travis/build/icy
phy/ptII/vendors/opencv/share/OpenCV/java/opencv-341.jar:/home/travis/build/icy
phy/ptII/lib/oscP5.jar:/home/travis/build/icyphy/ptII/lib/nrjavaserial-3.11.0.d
evel.jar:/home/travis/build/icyphy/ptII/vendors/j3d/lib/Linux/j3dcore.jar:/home
/travis/build/icyphy/ptII/vendors/j3d/lib/Linux/j3dutils.jar:/home/travis/build
/icyphy/ptII/vendors/j3d/lib/Linux/vecmath.jar:/home/travis/build/icyphy/ptII/v
endors/jogl/lib/Linux/gluegen-rt-natives-linux-amd64.jar:/home/travis/build/icy
phy/ptII/vendors/jogl/lib/Linux/gluegen-rt.jar:/home/travis/build/icyphy/ptII/v
endors/jogl/lib/Linux/jogl-all-natives-linux-amd64.jar:/home/travis/build/icyph
y/ptII/vendors/jogl/lib/Linux/jogl-all.jar:/home/travis/build/icyphy/ptII/ptole
my/distributed/jini/jar/jini-core.jar:/home/travis/build/icyphy/ptII/ptolemy/di
stributed/jini/jar/jini-ext.jar:/home/travis/build/icyphy/ptII/ptolemy/distribu
ted/jini/jar/sun-util.jar:/home/travis/build/icyphy/ptII/lib/protobuf-java-2.4.
1.jar:/home/travis/build/icyphy/ptII/lib/org.eclipse.paho.client.mqttv3.jar:/ho
me/travis/build/icyphy/ptII/lib/mapss.jar:/home/travis/build/icyphy/ptII/ptolem
y/actor/ptalon/antlr/antlr.jar:/home/travis/build/icyphy/ptII/lib/JRI.jar:/home
/travis/build/icyphy/ptII/lib/commons-lang-2.6.jar:/home/travis/build/icyphy/pt
II/lib/commons-logging-1.1.1.jar:/home/travis/build/icyphy/ptII/lib/sootclasses
.jar:/home/travis/build/icyphy/ptII/ptolemy/actor/lib/database/mysql-connector-
java-5.1.6-bin.jar:/home/travis/build/icyphy/ptII/vendors/misc/sphinx4/sphinx4-
data-5prealpha.jar:/home/travis/build/icyphy/ptII/vendors/misc/sphinx4/sphinx4-
core-5prealpha.jar:/home/travis/build/icyphy/ptII/lib/PDFRenderer.jar:/home/tra
vis/build/icyphy/ptII/lib/svgSalamander.jar:/home/travis/build/icyphy/ptII/lib/
rsyntaxtextarea-2.6.0-SNAPSHOT.jar:/home/travis/build/icyphy/ptII/lib/hazelcast
-3.8.2.jar:/home/travis/build/icyphy/ptII/lib/jackson-annotations-2.9.0.jar:/ho
me/travis/build/icyphy/ptII/lib/jackson-core-2.9.3.jar:/home/travis/build/icyph
y/ptII/lib/jackson-databind-2.9.3.jar:/home/travis/build/icyphy/ptII/lib/netty-
buffer-4.1.19.Final.jar:/home/travis/build/icyphy/ptII/lib/netty-codec-4.1.19.F
inal.jar:/home/travis/build/icyphy/ptII/lib/netty-codec-dns-4.1.19.Final.jar:/h
ome/travis/build/icyphy/ptII/lib/netty-codec-http-4.1.19.Final.jar:/home/travis
/build/icyphy/ptII/lib/netty-codec-http2-4.1.19.Final.jar:/home/travis/build/ic
yphy/ptII/lib/netty-common-4.1.19.Final.jar:/home/travis/build/icyphy/ptII/lib/
netty-handler-4.1.19.Final.jar:/home/travis/build/icyphy/ptII/lib/netty-resolve
r-4.1.19.Final.jar:/home/travis/build/icyphy/ptII/lib/netty-resolver-dns-4.1.19
.Final.jar:/home/travis/build/icyphy/ptII/lib/netty-transport-4.1.19.Final.jar:
/home/travis/build/icyphy/ptII/lib/vertx-codegen-3.5.1.jar:/home/travis/build/i
cyphy/ptII/lib/vertx-core-3.5.2-SNAPSHOT.jar:/home/travis/build/icyphy/ptII/lib
/vertx-hazelcast-3.5.1.jar:/home/travis/build/icyphy/ptII/lib/vertx-lang-js-3.5
.1.jar:/home/travis/build/icyphy/ptII/lib/vertx-service-proxy-3.5.1.jar:/home/t
ravis/build/icyphy/ptII/lib/vertx-web-3.5.1.jar:/home/travis/build/icyphy/ptII/
lib/slf4j-api-1.7.13.jar:/home/travis/build/icyphy/ptII/lib/slf4j-simple-1.7.13
.jar:/home/travis/build/icyphy/ptII/lib/webcam-capture-0.3.12.jar:/home/travis/
build/icyphy/ptII/lib/bridj-0.7.0.jar:/home/travis/build/icyphy/ptII/lib/xbjlib
-1.1.0.nrjavaserial.jar:/home/travis/build/icyphy/ptII/ptolemy/moml/test:/home/
travis/build/icyphy/ptII/ant/lib/ant-launcher.jar:/home/travis/build/icyphy/ptI
I/ant/lib/ant.jar:/home/travis/build/icyphy/ptII/ant/lib/ant-junit.jar:/home/tr
avis/build/icyphy/ptII/ant/lib/ant-junit4.jar:/home/travis/build/icyphy/ptII
ModularCGPubSub_A1_profile.java
All Done
Writing ModularCGPubSub_A1.java in file:/home/travis/cg/ (9836 characters)
Reading "ptolemy/cg/kernel/generic/program/procedural/java/modular/makefile.in",
    writing "/home/travis/cg/ModularCGPubSub_A1.mk"
Using ptolemy/cg/kernel/generic/program/procedural/java/modular/makefile.in
In "/home/travis/cg", about to execute:
    make -f ModularCGPubSub_A1.mk
javac -classpath ".:.."    ModularCGPubSub_A1.java
All Done
5173 ms. Memory: 129024K Free: 43743K (34%)
----------------- Invoking toplevel() on ptolemy.moml.MoMLSimpleApplication@2dae8272
----------------- Done invoking toplevel() on ptolemy.moml.MoMLSimpleApplication@2dae8272
reloadAllAccessors: .ModularCGPubSub

===========================================================================================
----------------- testing Thu Mar 05 13:50:17 UTC 2020 /home/travis/build/icyphy/ptII/ptolemy/cg/lib/test/auto/ModularCodeGen.xml
----------------- Instantiating /home/travis/build/icyphy/ptII/ptolemy/cg/lib/test/auto/ModularCodeGen.xml
In "/home/travis/cg", about to execute:
    pwd
In "/home/travis/cg", about to execute:
    ls -l
/home/travis/cg
In "/home/travis/cg", about to execute:
    javac -classpath
.:/home/travis/build/icyphy/ptII:/home/travis/build/icyphy/ptII/lib/bsh-2.0b4.j
ar:/home/travis/build/icyphy/ptII/lib/ptCal.jar:/home/travis/build/icyphy/ptII/
lib/java_cup.jar:/home/travis/build/icyphy/ptII/lib/saxon8.jar:/home/travis/bui
ld/icyphy/ptII/lib/saxon8-dom.jar:/home/travis/build/icyphy/ptII/lib/chic.jar:/
home/travis/build/icyphy/ptII/lib/ptcolt.jar:/home/travis/build/icyphy/ptII/ven
dors/misc/itext/iText.jar:/home/travis/build/icyphy/ptII/lib/g4ltl.jar:/home/tr
avis/build/icyphy/ptII/lib/StructuralCoder.jar:/home/travis/build/icyphy/ptII/l
ib/jcerti.jar:/home/travis/build/icyphy/ptII/lib/javax.mail.jar:/home/travis/bu
ild/icyphy/ptII/vendors/JMF-2.1.1e/lib/jmf.jar:/home/travis/build/icyphy/ptII/l
ib/jna-4.0.0-variadic.jar:/home/travis/build/icyphy/ptII/vendors/misc/joystick/
Joystick.jar:/home/travis/build/icyphy/ptII/lib/ptjacl.jar:/home/travis/build/i
cyphy/ptII/lib/jsoup-1.8.2.jar:/home/travis/build/icyphy/ptII/lib/junit-4.8.2.j
ar:/home/travis/build/icyphy/ptII/lib/JUnitParams-0.4.0.jar:/home/travis/build/
icyphy/ptII/ptolemy/actor/lib/excel/jxl.jar:/home/travis/build/icyphy/ptII/lib/
jython.jar:/home/travis/build/icyphy/ptII/lib/kieler.jar:/home/travis/build/icy
phy/ptII/vendors/opencv/share/OpenCV/java/opencv-341.jar:/home/travis/build/icy
phy/ptII/lib/oscP5.jar:/home/travis/build/icyphy/ptII/lib/nrjavaserial-3.11.0.d
evel.jar:/home/travis/build/icyphy/ptII/vendors/j3d/lib/Linux/j3dcore.jar:/home
/travis/build/icyphy/ptII/vendors/j3d/lib/Linux/j3dutils.jar:/home/travis/build
/icyphy/ptII/vendors/j3d/lib/Linux/vecmath.jar:/home/travis/build/icyphy/ptII/v
endors/jogl/lib/Linux/gluegen-rt-natives-linux-amd64.jar:/home/travis/build/icy
phy/ptII/vendors/jogl/lib/Linux/gluegen-rt.jar:/home/travis/build/icyphy/ptII/v
endors/jogl/lib/Linux/jogl-all-natives-linux-amd64.jar:/home/travis/build/icyph
y/ptII/vendors/jogl/lib/Linux/jogl-all.jar:/home/travis/build/icyphy/ptII/ptole
my/distributed/jini/jar/jini-core.jar:/home/travis/build/icyphy/ptII/ptolemy/di
stributed/jini/jar/jini-ext.jar:/home/travis/build/icyphy/ptII/ptolemy/distribu
ted/jini/jar/sun-util.jar:/home/travis/build/icyphy/ptII/lib/protobuf-java-2.4.
1.jar:/home/travis/build/icyphy/ptII/lib/org.eclipse.paho.client.mqttv3.jar:/ho
me/travis/build/icyphy/ptII/lib/mapss.jar:/home/travis/build/icyphy/ptII/ptolem
y/actor/ptalon/antlr/antlr.jar:/home/travis/build/icyphy/ptII/lib/JRI.jar:/home
/travis/build/icyphy/ptII/lib/commons-lang-2.6.jar:/home/travis/build/icyphy/pt
II/lib/commons-logging-1.1.1.jar:/home/travis/build/icyphy/ptII/lib/sootclasses
.jar:/home/travis/build/icyphy/ptII/ptolemy/actor/lib/database/mysql-connector-
java-5.1.6-bin.jar:/home/travis/build/icyphy/ptII/vendors/misc/sphinx4/sphinx4-
data-5prealpha.jar:/home/travis/build/icyphy/ptII/vendors/misc/sphinx4/sphinx4-
core-5prealpha.jar:/home/travis/build/icyphy/ptII/lib/PDFRenderer.jar:/home/tra
vis/build/icyphy/ptII/lib/svgSalamander.jar:/home/travis/build/icyphy/ptII/lib/
rsyntaxtextarea-2.6.0-SNAPSHOT.jar:/home/travis/build/icyphy/ptII/lib/hazelcast
-3.8.2.jar:/home/travis/build/icyphy/ptII/lib/jackson-annotations-2.9.0.jar:/ho
me/travis/build/icyphy/ptII/lib/jackson-core-2.9.3.jar:/home/travis/build/icyph
y/ptII/lib/jackson-databind-2.9.3.jar:/home/travis/build/icyphy/ptII/lib/netty-
buffer-4.1.19.Final.jar:/home/travis/build/icyphy/ptII/lib/netty-codec-4.1.19.F
inal.jar:/home/travis/build/icyphy/ptII/lib/netty-codec-dns-4.1.19.Final.jar:/h
ome/travis/build/icyphy/ptII/lib/netty-codec-http-4.1.19.Final.jar:/home/travis
/build/icyphy/ptII/lib/netty-codec-http2-4.1.19.Final.jar:/home/travis/build/ic
yphy/ptII/lib/netty-common-4.1.19.Final.jar:/home/travis/build/icyphy/ptII/lib/
netty-handler-4.1.19.Final.jar:/home/travis/build/icyphy/ptII/lib/netty-resolve
r-4.1.19.Final.jar:/home/travis/build/icyphy/ptII/lib/netty-resolver-dns-4.1.19
.Final.jar:/home/travis/build/icyphy/ptII/lib/netty-transport-4.1.19.Final.jar:
/home/travis/build/icyphy/ptII/lib/vertx-codegen-3.5.1.jar:/home/travis/build/i
cyphy/ptII/lib/vertx-core-3.5.2-SNAPSHOT.jar:/home/travis/build/icyphy/ptII/lib
/vertx-hazelcast-3.5.1.jar:/home/travis/build/icyphy/ptII/lib/vertx-lang-js-3.5
.1.jar:/home/travis/build/icyphy/ptII/lib/vertx-service-proxy-3.5.1.jar:/home/t
ravis/build/icyphy/ptII/lib/vertx-web-3.5.1.jar:/home/travis/build/icyphy/ptII/
lib/slf4j-api-1.7.13.jar:/home/travis/build/icyphy/ptII/lib/slf4j-simple-1.7.13
.jar:/home/travis/build/icyphy/ptII/lib/webcam-capture-0.3.12.jar:/home/travis/
build/icyphy/ptII/lib/bridj-0.7.0.jar:/home/travis/build/icyphy/ptII/lib/xbjlib
-1.1.0.nrjavaserial.jar:/home/travis/build/icyphy/ptII/ptolemy/moml/test:/home/
travis/build/icyphy/ptII/ant/lib/ant-launcher.jar:/home/travis/build/icyphy/ptI
I/ant/lib/ant.jar:/home/travis/build/icyphy/ptII/ant/lib/ant-junit.jar:/home/tr
avis/build/icyphy/ptII/ant/lib/ant-junit4.jar:/home/travis/build/icyphy/ptII
ModularCodeGen_ModularCodeGenTypedCompositeActor_profile.java
total 1640
drwxrwxr-x   3 travis travis  12288 Mar  5 13:44 AbsoluteValue
drwxrwxr-x   3 travis travis 102400 Mar  5 13:43 AllColt
drwxrwxr-x   3 travis travis  12288 Mar  5 13:44 Case1
-rw-rw-r--   1 travis travis   5128 Mar  5 13:49 CompiledCompositeActor_CompiledCompositeActor.class
-rw-rw-r--   1 travis travis   1611 Mar  5 13:49 CompiledCompositeActor_CompiledCompositeActor$_CompiledCompositeActor_CompiledCompositeActor.class
-rw-rw-r--   1 travis travis  13466 Mar  5 13:49 CompiledCompositeActor_CompiledCompositeActor.java
-rw-rw-r--   1 travis travis   1593 Mar  5 13:49 CompiledCompositeActor_CompiledCompositeActor.mk
drwxrwxr-x   5 travis travis   4096 Mar  5 13:43 fmi
drwxrwxr-x   3 travis travis  16384 Mar  5 13:44 Gaussian2
-rw-rw-r--   1 travis travis   4684 Mar  5 13:49 JavaCompiledCompositeTest1_CompiledCompositeActor.class
-rw-rw-r--   1 travis travis  11637 Mar  5 13:49 JavaCompiledCompositeTest1_CompiledCompositeActor.java
-rw-rw-r--   1 travis travis   1217 Mar  5 13:49 JavaCompiledCompositeTest1_CompiledCompositeActor$_JavaCompiledCompositeTest1_CompiledCompositeActor.class
-rw-rw-r--   1 travis travis   1625 Mar  5 13:49 JavaCompiledCompositeTest1_CompiledCompositeActor.mk
-rw-rw-r--   1 travis travis   5115 Mar  5 13:49 JavaCompiledCompositeTest2_CompiledCompositeActor.class
-rw-rw-r--   1 travis travis  14919 Mar  5 13:49 JavaCompiledCompositeTest2_CompiledCompositeActor.java
-rw-rw-r--   1 travis travis   1812 Mar  5 13:49 JavaCompiledCompositeTest2_CompiledCompositeActor$_JavaCompiledCompositeTest2_CompiledCompositeActor.class
-rw-rw-r--   1 travis travis   1625 Mar  5 13:49 JavaCompiledCompositeTest2_CompiledCompositeActor.mk
-rw-rw-r--   1 travis travis   4732 Mar  5 13:49 JavaCompiledCompositeTest3_CompiledCompositeActor.class
-rw-rw-r--   1 travis travis  13080 Mar  5 13:49 JavaCompiledCompositeTest3_CompiledCompositeActor.java
-rw-rw-r--   1 travis travis   1397 Mar  5 13:49 JavaCompiledCompositeTest3_CompiledCompositeActor$_JavaCompiledCompositeTest3_CompiledCompositeActor.class
-rw-rw-r--   1 travis travis   1625 Mar  5 13:49 JavaCompiledCompositeTest3_CompiledCompositeActor.mk
-rw-rw-r--   1 travis travis   4183 Mar  5 13:49 JavaCompiledCompositeTest4_CompiledCompositeActor.class
-rw-rw-r--   1 travis travis   9687 Mar  5 13:49 JavaCompiledCompositeTest4_CompiledCompositeActor.java
-rw-rw-r--   1 travis travis    876 Mar  5 13:49 JavaCompiledCompositeTest4_CompiledCompositeActor$_JavaCompiledCompositeTest4_CompiledCompositeActor.class
-rw-rw-r--   1 travis travis   1625 Mar  5 13:49 JavaCompiledCompositeTest4_CompiledCompositeActor.mk
drwxrwxr-x   3 travis travis  12288 Mar  5 13:45 LookupTable
drwxrwxr-x   3 travis travis  20480 Mar  5 13:45 MaxIndex
-rw-rw-r--   1 travis travis   3925 Mar  5 13:49 ModularCG_A1_B1.class
-rw-rw-r--   1 travis travis   9730 Mar  5 13:49 ModularCG_A1_B1.java
-rw-rw-r--   1 travis travis    832 Mar  5 13:49 ModularCG_A1_B1.mk
-rw-rw-r--   1 travis travis   1318 Mar  5 13:49 ModularCG_A1_B1_profile.class
-rw-rw-r--   1 travis travis   1262 Mar  5 13:49 ModularCG_A1_B1_profile.java
-rw-rw-r--   1 travis travis   3925 Mar  5 13:50 ModularCG_A1_B2.class
-rw-rw-r--   1 travis travis   9730 Mar  5 13:50 ModularCG_A1_B2.java
-rw-rw-r--   1 travis travis    832 Mar  5 13:50 ModularCG_A1_B2.mk
-rw-rw-r--   1 travis travis   1318 Mar  5 13:50 ModularCG_A1_B2_profile.class
-rw-rw-r--   1 travis travis   1262 Mar  5 13:49 ModularCG_A1_B2_profile.java
-rw-rw-r--   1 travis travis   5031 Mar  5 13:50 ModularCG_A1.class
-rw-rw-r--   1 travis travis  14742 Mar  5 13:50 ModularCG_A1.java
-rw-rw-r--   1 travis travis    808 Mar  5 13:50 ModularCG_A1.mk
-rw-rw-r--   1 travis travis   1433 Mar  5 13:50 ModularCG_A1_profile.class
-rw-rw-r--   1 travis travis   1704 Mar  5 13:50 ModularCG_A1_profile.java
-rw-rw-r--   1 travis travis   4059 Mar  5 13:50 ModularCG_A2_B1.class
-rw-rw-r--   1 travis travis  10667 Mar  5 13:50 ModularCG_A2_B1.java
-rw-rw-r--   1 travis travis    832 Mar  5 13:50 ModularCG_A2_B1.mk
-rw-rw-r--   1 travis travis   1381 Mar  5 13:50 ModularCG_A2_B1_profile.class
-rw-rw-r--   1 travis travis   1446 Mar  5 13:50 ModularCG_A2_B1_profile.java
-rw-rw-r--   1 travis travis   3925 Mar  5 13:50 ModularCG_A2_B2.class
-rw-rw-r--   1 travis travis   9730 Mar  5 13:50 ModularCG_A2_B2.java
-rw-rw-r--   1 travis travis    832 Mar  5 13:50 ModularCG_A2_B2.mk
-rw-rw-r--   1 travis travis   1318 Mar  5 13:50 ModularCG_A2_B2_profile.class
-rw-rw-r--   1 travis travis   1262 Mar  5 13:50 ModularCG_A2_B2_profile.java
-rw-rw-r--   1 travis travis   5102 Mar  5 13:50 ModularCG_A2.class
-rw-rw-r--   1 travis travis  15129 Mar  5 13:50 ModularCG_A2.java
-rw-rw-r--   1 travis travis    808 Mar  5 13:50 ModularCG_A2.mk
-rw-rw-r--   1 travis travis   1433 Mar  5 13:50 ModularCG_A2_profile.class
-rw-rw-r--   1 travis travis   1704 Mar  5 13:50 ModularCG_A2_profile.java
-rw-rw-r--   1 travis travis   3705 Mar  5 13:50 ModularCGPubSub_A1_A2.class
-rw-rw-r--   1 travis travis   9076 Mar  5 13:50 ModularCGPubSub_A1_A2.java
-rw-rw-r--   1 travis travis    880 Mar  5 13:50 ModularCGPubSub_A1_A2.mk
-rw-rw-r--   1 travis travis   1300 Mar  5 13:50 ModularCGPubSub_A1_A2_profile.class
-rw-rw-r--   1 travis travis   1222 Mar  5 13:50 ModularCGPubSub_A1_A2_profile.java
-rw-rw-r--   1 travis travis   4022 Mar  5 13:50 ModularCGPubSub_A1.class
-rw-rw-r--   1 travis travis   9836 Mar  5 13:50 ModularCGPubSub_A1.java
-rw-rw-r--   1 travis travis    856 Mar  5 13:50 ModularCGPubSub_A1.mk
-rw-rw-r--   1 travis travis   1346 Mar  5 13:50 ModularCGPubSub_A1_profile.class
-rw-rw-r--   1 travis travis   1388 Mar  5 13:50 ModularCGPubSub_A1_profile.java
-rw-rw-r--   1 travis travis   1328 Mar  5 13:50 ModularCodeGen_ModularCodeGenTypedCompositeActor_profile.java
-rw-rw-r--   1 travis travis   3724 Mar  5 13:49 ModularCodeGenTest_A1_A2.class
-rw-rw-r--   1 travis travis   9164 Mar  5 13:49 ModularCodeGenTest_A1_A2.java
-rw-rw-r--   1 travis travis   1306 Mar  5 13:49 ModularCodeGenTest_A1_A2_profile.class
-rw-rw-r--   1 travis travis   4055 Mar  5 13:49 ModularCodeGenTest_A1.class
-rw-rw-r--   1 travis travis   9968 Mar  5 13:49 ModularCodeGenTest_A1.java
-rw-rw-r--   1 travis travis    880 Mar  5 13:49 ModularCodeGenTest_A1.mk
-rw-rw-r--   1 travis travis   1352 Mar  5 13:49 ModularCodeGenTest_A1_profile.class
-rw-rw-r--   1 travis travis   1394 Mar  5 13:49 ModularCodeGenTest_A1_profile.java
drwxrwxr-x   3 travis travis  32768 Mar  5 13:49 modulation2
drwxrwxr-x 166 travis travis  12288 Mar  5 13:49 node_modules
drwxrwxr-x   3 travis travis  20480 Mar  5 13:45 PhaseUnwrap
drwxrwxr-x   3 travis travis  12288 Mar  5 13:45 ReadFile1
-rw-rw-r--   1 travis travis     11 Mar  5 13:45 ReadFile1Output.txt
-rw-rw-r--   1 travis travis  13773 Mar  5 13:49 Repeat.class
-rw-rw-r--   1 travis travis    685 Mar  5 13:49 Repeat$_fireFunction_Repeat_Repeat$__f_sL_11.class
-rw-rw-r--   1 travis travis    541 Mar  5 13:49 Repeat$_fireFunction_Repeat_Repeat$__f_sL_12.class
-rw-rw-r--   1 travis travis    541 Mar  5 13:49 Repeat$_fireFunction_Repeat_Repeat$__f_sL_13.class
-rw-rw-r--   1 travis travis    541 Mar  5 13:49 Repeat$_fireFunction_Repeat_Repeat$__f_sL_14.class
-rw-rw-r--   1 travis travis    684 Mar  5 13:49 Repeat$_fireFunction_Repeat_Repeat$__f_sL_1.class
-rw-rw-r--   1 travis travis    683 Mar  5 13:49 Repeat$_fireFunction_Repeat_Repeat$__f_sL_4.class
-rw-rw-r--   1 travis travis    539 Mar  5 13:49 Repeat$_fireFunction_Repeat_Repeat$__f_sL_9.class
-rw-rw-r--   1 travis travis    494 Mar  5 13:49 Repeat$_initialize_Repeat$__i_sL_2.class
-rw-rw-r--   1 travis travis   1281 Mar  5 13:49 Repeat.mk
-rw-rw-r--   1 travis travis    539 Mar  5 13:49 Repeat$_preinitializeMethod_Repeat$__p_sL_0.class
-rw-rw-r--   1 travis travis   1102 Mar  5 13:49 Repeat$_Repeat$_fireFunction_Repeat_AddSubtract_Repeat.class
-rw-rw-r--   1 travis travis    810 Mar  5 13:49 Repeat$_Repeat$_fireFunction_Repeat_AddSubtract_Repeat$__f_sL_0.class
-rw-rw-r--   1 travis travis    928 Mar  5 13:49 Repeat$_Repeat$_fireFunction_Repeat_AddSubtract_Repeat$__f_sL_1.class
-rw-rw-r--   1 travis travis    934 Mar  5 13:49 Repeat$_Repeat$_fireFunction_Repeat_AddSubtract_Repeat$__f_sL_2.class
-rw-rw-r--   1 travis travis    862 Mar  5 13:49 Repeat$_Repeat$_fireFunction_Repeat_AddSubtract_Repeat$__f_sL_3.class
-rw-rw-r--   1 travis travis    757 Mar  5 13:49 Repeat$_Repeat$_fireFunction_Repeat_Ramp2_Repeat$__f_sL_0.class
-rw-rw-r--   1 travis travis    888 Mar  5 13:49 Repeat$_Repeat$_fireFunction_Repeat_Test_Repeat$__f_sL_0.class
-rw-rw-r--   1 travis travis    634 Mar  5 13:49 Repeat$_Repeat$_fireFunction_Repeat_Test_Repeat$__f_sL_1.class
-rw-rw-r--   1 travis travis    704 Mar  5 13:49 Repeat$_Repeat_SDF_Director_run_Repeat$__R_sL_0.class
-rw-rw-r--   1 travis travis    705 Mar  5 13:49 Repeat$_Repeat_SDF_Director_run_Repeat$__R_sL_11.class
-rw-rw-r--   1 travis travis    561 Mar  5 13:49 Repeat$_Repeat_SDF_Director_run_Repeat$__R_sL_13.class
-rw-rw-r--   1 travis travis    559 Mar  5 13:49 Repeat$_Repeat_SDF_Director_run_Repeat$__R_sL_2.class
-rw-rw-r--   1 travis travis    703 Mar  5 13:49 Repeat$_Repeat_SDF_Director_run_Repeat$__R_sL_3.class
-rw-rw-r--   1 travis travis    559 Mar  5 13:49 Repeat$_Repeat_SDF_Director_run_Repeat$__R_sL_5.class
-rw-rw-r--   1 travis travis    559 Mar  5 13:49 Repeat$_Repeat_SDF_Director_run_Repeat$__R_sL_8.class
drwxrwxr-x   2 travis travis   4096 Mar  5 13:49 RepeatVariables
-rw-rw-r--   1 travis travis    882 Mar  5 13:49 Repeat$_varinit_Repeat.class
-rw-rw-r--   1 travis travis    550 Mar  5 13:49 Repeat$_varinit_Repeat$__v_sL_2.class
-rw-rw-r--   1 travis travis    924 Mar  5 13:49 Repeat$_varinit_Repeat$__v_sL_4.class
-rw-rw-r--   1 travis travis    978 Mar  5 13:49 Repeat$_wrapup_Repeat$__w_sL_1.class
drwxrwxr-x   3 travis travis  20480 Mar  5 13:46 Sinewave
drwxrwxr-x   3 travis travis  32768 Mar  5 13:47 StringFunction
drwxrwxr-x   3 travis travis  12288 Mar  5 13:47 StringLength
drwxrwxr-x   3 travis travis  61440 Mar  5 13:47 StringMatches2
drwxrwxr-x   3 travis travis  61440 Mar  5 13:48 StringSimpleReplace
drwxrwxr-x   3 travis travis  65536 Mar  5 13:48 StringSubstring
drwxrwxr-x   3 travis travis  24576 Mar  5 13:48 StringSubstring2
drwxrwxr-x   3 travis travis  16384 Mar  5 13:49 time1
drwxrwxr-x   3 travis travis  12288 Mar  5 13:49 time5
-rw-rw-r--   1 travis travis    432 Mar  5 13:50 Token.class
-rw-rw-r--   1 travis travis    251 Mar  5 13:50 Token.java
-rwxrwxr-x   1 travis travis 466992 Mar  5 13:43 top
-rw-rw-r--   1 travis travis  20502 Mar  5 13:43 top.c
-rw-rw-r--   1 travis travis   3799 Mar  5 13:49 top.class
-rw-rw-r--   1 travis travis   1257 Mar  5 13:49 top.mk
All Done
Writing ModularCodeGen_ModularCodeGenTypedCompositeActor.java in file:/home/travis/cg/ (10970 characters)
Reading "ptolemy/cg/kernel/generic/program/procedural/java/modular/makefile.in",
    writing "/home/travis/cg/ModularCodeGen_ModularCodeGenTypedCompositeActor.mk"
Using ptolemy/cg/kernel/generic/program/procedural/java/modular/makefile.in
In "/home/travis/cg", about to execute:
    make -f ModularCodeGen_ModularCodeGenTypedCompositeActor.mk
javac -classpath ".:.."    ModularCodeGen_ModularCodeGenTypedCompositeActor.java
All Done
2746 ms. Memory: 129024K Free: 90282K (70%)
----------------- Invoking toplevel() on ptolemy.moml.MoMLSimpleApplication@24c0a607
----------------- Done invoking toplevel() on ptolemy.moml.MoMLSimpleApplication@24c0a607
reloadAllAccessors: .ModularCodeGen

===========================================================================================
----------------- testing Thu Mar 05 13:50:20 UTC 2020 /home/travis/build/icyphy/ptII/ptolemy/cg/lib/test/auto/ModularCodeGen2.xml
----------------- Instantiating /home/travis/build/icyphy/ptII/ptolemy/cg/lib/test/auto/ModularCodeGen2.xml
In "/home/travis/cg", about to execute:
    pwd
In "/home/travis/cg", about to execute:
    ls -l
/home/travis/cg
In "/home/travis/cg", about to execute:
    javac -classpath
.:/home/travis/build/icyphy/ptII:/home/travis/build/icyphy/ptII/lib/bsh-2.0b4.j
ar:/home/travis/build/icyphy/ptII/lib/ptCal.jar:/home/travis/build/icyphy/ptII/
lib/java_cup.jar:/home/travis/build/icyphy/ptII/lib/saxon8.jar:/home/travis/bui
ld/icyphy/ptII/lib/saxon8-dom.jar:/home/travis/build/icyphy/ptII/lib/chic.jar:/
home/travis/build/icyphy/ptII/lib/ptcolt.jar:/home/travis/build/icyphy/ptII/ven
dors/misc/itext/iText.jar:/home/travis/build/icyphy/ptII/lib/g4ltl.jar:/home/tr
avis/build/icyphy/ptII/lib/StructuralCoder.jar:/home/travis/build/icyphy/ptII/l
ib/jcerti.jar:/home/travis/build/icyphy/ptII/lib/javax.mail.jar:/home/travis/bu
ild/icyphy/ptII/vendors/JMF-2.1.1e/lib/jmf.jar:/home/travis/build/icyphy/ptII/l
ib/jna-4.0.0-variadic.jar:/home/travis/build/icyphy/ptII/vendors/misc/joystick/
Joystick.jar:/home/travis/build/icyphy/ptII/lib/ptjacl.jar:/home/travis/build/i
cyphy/ptII/lib/jsoup-1.8.2.jar:/home/travis/build/icyphy/ptII/lib/junit-4.8.2.j
ar:/home/travis/build/icyphy/ptII/lib/JUnitParams-0.4.0.jar:/home/travis/build/
icyphy/ptII/ptolemy/actor/lib/excel/jxl.jar:/home/travis/build/icyphy/ptII/lib/
jython.jar:/home/travis/build/icyphy/ptII/lib/kieler.jar:/home/travis/build/icy
phy/ptII/vendors/opencv/share/OpenCV/java/opencv-341.jar:/home/travis/build/icy
phy/ptII/lib/oscP5.jar:/home/travis/build/icyphy/ptII/lib/nrjavaserial-3.11.0.d
evel.jar:/home/travis/build/icyphy/ptII/vendors/j3d/lib/Linux/j3dcore.jar:/home
/travis/build/icyphy/ptII/vendors/j3d/lib/Linux/j3dutils.jar:/home/travis/build
/icyphy/ptII/vendors/j3d/lib/Linux/vecmath.jar:/home/travis/build/icyphy/ptII/v
endors/jogl/lib/Linux/gluegen-rt-natives-linux-amd64.jar:/home/travis/build/icy
phy/ptII/vendors/jogl/lib/Linux/gluegen-rt.jar:/home/travis/build/icyphy/ptII/v
endors/jogl/lib/Linux/jogl-all-natives-linux-amd64.jar:/home/travis/build/icyph
y/ptII/vendors/jogl/lib/Linux/jogl-all.jar:/home/travis/build/icyphy/ptII/ptole
my/distributed/jini/jar/jini-core.jar:/home/travis/build/icyphy/ptII/ptolemy/di
stributed/jini/jar/jini-ext.jar:/home/travis/build/icyphy/ptII/ptolemy/distribu
ted/jini/jar/sun-util.jar:/home/travis/build/icyphy/ptII/lib/protobuf-java-2.4.
1.jar:/home/travis/build/icyphy/ptII/lib/org.eclipse.paho.client.mqttv3.jar:/ho
me/travis/build/icyphy/ptII/lib/mapss.jar:/home/travis/build/icyphy/ptII/ptolem
y/actor/ptalon/antlr/antlr.jar:/home/travis/build/icyphy/ptII/lib/JRI.jar:/home
/travis/build/icyphy/ptII/lib/commons-lang-2.6.jar:/home/travis/build/icyphy/pt
II/lib/commons-logging-1.1.1.jar:/home/travis/build/icyphy/ptII/lib/sootclasses
.jar:/home/travis/build/icyphy/ptII/ptolemy/actor/lib/database/mysql-connector-
java-5.1.6-bin.jar:/home/travis/build/icyphy/ptII/vendors/misc/sphinx4/sphinx4-
data-5prealpha.jar:/home/travis/build/icyphy/ptII/vendors/misc/sphinx4/sphinx4-
core-5prealpha.jar:/home/travis/build/icyphy/ptII/lib/PDFRenderer.jar:/home/tra
vis/build/icyphy/ptII/lib/svgSalamander.jar:/home/travis/build/icyphy/ptII/lib/
rsyntaxtextarea-2.6.0-SNAPSHOT.jar:/home/travis/build/icyphy/ptII/lib/hazelcast
-3.8.2.jar:/home/travis/build/icyphy/ptII/lib/jackson-annotations-2.9.0.jar:/ho
me/travis/build/icyphy/ptII/lib/jackson-core-2.9.3.jar:/home/travis/build/icyph
y/ptII/lib/jackson-databind-2.9.3.jar:/home/travis/build/icyphy/ptII/lib/netty-
buffer-4.1.19.Final.jar:/home/travis/build/icyphy/ptII/lib/netty-codec-4.1.19.F
inal.jar:/home/travis/build/icyphy/ptII/lib/netty-codec-dns-4.1.19.Final.jar:/h
ome/travis/build/icyphy/ptII/lib/netty-codec-http-4.1.19.Final.jar:/home/travis
/build/icyphy/ptII/lib/netty-codec-http2-4.1.19.Final.jar:/home/travis/build/ic
yphy/ptII/lib/netty-common-4.1.19.Final.jar:/home/travis/build/icyphy/ptII/lib/
netty-handler-4.1.19.Final.jar:/home/travis/build/icyphy/ptII/lib/netty-resolve
r-4.1.19.Final.jar:/home/travis/build/icyphy/ptII/lib/netty-resolver-dns-4.1.19
.Final.jar:/home/travis/build/icyphy/ptII/lib/netty-transport-4.1.19.Final.jar:
/home/travis/build/icyphy/ptII/lib/vertx-codegen-3.5.1.jar:/home/travis/build/i
cyphy/ptII/lib/vertx-core-3.5.2-SNAPSHOT.jar:/home/travis/build/icyphy/ptII/lib
/vertx-hazelcast-3.5.1.jar:/home/travis/build/icyphy/ptII/lib/vertx-lang-js-3.5
.1.jar:/home/travis/build/icyphy/ptII/lib/vertx-service-proxy-3.5.1.jar:/home/t
ravis/build/icyphy/ptII/lib/vertx-web-3.5.1.jar:/home/travis/build/icyphy/ptII/
lib/slf4j-api-1.7.13.jar:/home/travis/build/icyphy/ptII/lib/slf4j-simple-1.7.13
.jar:/home/travis/build/icyphy/ptII/lib/webcam-capture-0.3.12.jar:/home/travis/
build/icyphy/ptII/lib/bridj-0.7.0.jar:/home/travis/build/icyphy/ptII/lib/xbjlib
-1.1.0.nrjavaserial.jar:/home/travis/build/icyphy/ptII/ptolemy/moml/test:/home/
travis/build/icyphy/ptII/ant/lib/ant-launcher.jar:/home/travis/build/icyphy/ptI
I/ant/lib/ant.jar:/home/travis/build/icyphy/ptII/ant/lib/ant-junit.jar:/home/tr
avis/build/icyphy/ptII/ant/lib/ant-junit4.jar:/home/travis/build/icyphy/ptII
ModularCodeGen2_ModularCodeGenTypedCompositeActor_ModularCodeGenTypedCompositeA
ctor_profile.java
total 1672
drwxrwxr-x   3 travis travis  12288 Mar  5 13:44 AbsoluteValue
drwxrwxr-x   3 travis travis 102400 Mar  5 13:43 AllColt
drwxrwxr-x   3 travis travis  12288 Mar  5 13:44 Case1
-rw-rw-r--   1 travis travis   5128 Mar  5 13:49 CompiledCompositeActor_CompiledCompositeActor.class
-rw-rw-r--   1 travis travis   1611 Mar  5 13:49 CompiledCompositeActor_CompiledCompositeActor$_CompiledCompositeActor_CompiledCompositeActor.class
-rw-rw-r--   1 travis travis  13466 Mar  5 13:49 CompiledCompositeActor_CompiledCompositeActor.java
-rw-rw-r--   1 travis travis   1593 Mar  5 13:49 CompiledCompositeActor_CompiledCompositeActor.mk
drwxrwxr-x   5 travis travis   4096 Mar  5 13:43 fmi
drwxrwxr-x   3 travis travis  16384 Mar  5 13:44 Gaussian2
-rw-rw-r--   1 travis travis   4684 Mar  5 13:49 JavaCompiledCompositeTest1_CompiledCompositeActor.class
-rw-rw-r--   1 travis travis  11637 Mar  5 13:49 JavaCompiledCompositeTest1_CompiledCompositeActor.java
-rw-rw-r--   1 travis travis   1217 Mar  5 13:49 JavaCompiledCompositeTest1_CompiledCompositeActor$_JavaCompiledCompositeTest1_CompiledCompositeActor.class
-rw-rw-r--   1 travis travis   1625 Mar  5 13:49 JavaCompiledCompositeTest1_CompiledCompositeActor.mk
-rw-rw-r--   1 travis travis   5115 Mar  5 13:49 JavaCompiledCompositeTest2_CompiledCompositeActor.class
-rw-rw-r--   1 travis travis  14919 Mar  5 13:49 JavaCompiledCompositeTest2_CompiledCompositeActor.java
-rw-rw-r--   1 travis travis   1812 Mar  5 13:49 JavaCompiledCompositeTest2_CompiledCompositeActor$_JavaCompiledCompositeTest2_CompiledCompositeActor.class
-rw-rw-r--   1 travis travis   1625 Mar  5 13:49 JavaCompiledCompositeTest2_CompiledCompositeActor.mk
-rw-rw-r--   1 travis travis   4732 Mar  5 13:49 JavaCompiledCompositeTest3_CompiledCompositeActor.class
-rw-rw-r--   1 travis travis  13080 Mar  5 13:49 JavaCompiledCompositeTest3_CompiledCompositeActor.java
-rw-rw-r--   1 travis travis   1397 Mar  5 13:49 JavaCompiledCompositeTest3_CompiledCompositeActor$_JavaCompiledCompositeTest3_CompiledCompositeActor.class
-rw-rw-r--   1 travis travis   1625 Mar  5 13:49 JavaCompiledCompositeTest3_CompiledCompositeActor.mk
-rw-rw-r--   1 travis travis   4183 Mar  5 13:49 JavaCompiledCompositeTest4_CompiledCompositeActor.class
-rw-rw-r--   1 travis travis   9687 Mar  5 13:49 JavaCompiledCompositeTest4_CompiledCompositeActor.java
-rw-rw-r--   1 travis travis    876 Mar  5 13:49 JavaCompiledCompositeTest4_CompiledCompositeActor$_JavaCompiledCompositeTest4_CompiledCompositeActor.class
-rw-rw-r--   1 travis travis   1625 Mar  5 13:49 JavaCompiledCompositeTest4_CompiledCompositeActor.mk
drwxrwxr-x   3 travis travis  12288 Mar  5 13:45 LookupTable
drwxrwxr-x   3 travis travis  20480 Mar  5 13:45 MaxIndex
-rw-rw-r--   1 travis travis   3925 Mar  5 13:49 ModularCG_A1_B1.class
-rw-rw-r--   1 travis travis   9730 Mar  5 13:49 ModularCG_A1_B1.java
-rw-rw-r--   1 travis travis    832 Mar  5 13:49 ModularCG_A1_B1.mk
-rw-rw-r--   1 travis travis   1318 Mar  5 13:49 ModularCG_A1_B1_profile.class
-rw-rw-r--   1 travis travis   1262 Mar  5 13:49 ModularCG_A1_B1_profile.java
-rw-rw-r--   1 travis travis   3925 Mar  5 13:50 ModularCG_A1_B2.class
-rw-rw-r--   1 travis travis   9730 Mar  5 13:50 ModularCG_A1_B2.java
-rw-rw-r--   1 travis travis    832 Mar  5 13:50 ModularCG_A1_B2.mk
-rw-rw-r--   1 travis travis   1318 Mar  5 13:50 ModularCG_A1_B2_profile.class
-rw-rw-r--   1 travis travis   1262 Mar  5 13:49 ModularCG_A1_B2_profile.java
-rw-rw-r--   1 travis travis   5031 Mar  5 13:50 ModularCG_A1.class
-rw-rw-r--   1 travis travis  14742 Mar  5 13:50 ModularCG_A1.java
-rw-rw-r--   1 travis travis    808 Mar  5 13:50 ModularCG_A1.mk
-rw-rw-r--   1 travis travis   1433 Mar  5 13:50 ModularCG_A1_profile.class
-rw-rw-r--   1 travis travis   1704 Mar  5 13:50 ModularCG_A1_profile.java
-rw-rw-r--   1 travis travis   4059 Mar  5 13:50 ModularCG_A2_B1.class
-rw-rw-r--   1 travis travis  10667 Mar  5 13:50 ModularCG_A2_B1.java
-rw-rw-r--   1 travis travis    832 Mar  5 13:50 ModularCG_A2_B1.mk
-rw-rw-r--   1 travis travis   1381 Mar  5 13:50 ModularCG_A2_B1_profile.class
-rw-rw-r--   1 travis travis   1446 Mar  5 13:50 ModularCG_A2_B1_profile.java
-rw-rw-r--   1 travis travis   3925 Mar  5 13:50 ModularCG_A2_B2.class
-rw-rw-r--   1 travis travis   9730 Mar  5 13:50 ModularCG_A2_B2.java
-rw-rw-r--   1 travis travis    832 Mar  5 13:50 ModularCG_A2_B2.mk
-rw-rw-r--   1 travis travis   1318 Mar  5 13:50 ModularCG_A2_B2_profile.class
-rw-rw-r--   1 travis travis   1262 Mar  5 13:50 ModularCG_A2_B2_profile.java
-rw-rw-r--   1 travis travis   5102 Mar  5 13:50 ModularCG_A2.class
-rw-rw-r--   1 travis travis  15129 Mar  5 13:50 ModularCG_A2.java
-rw-rw-r--   1 travis travis    808 Mar  5 13:50 ModularCG_A2.mk
-rw-rw-r--   1 travis travis   1433 Mar  5 13:50 ModularCG_A2_profile.class
-rw-rw-r--   1 travis travis   1704 Mar  5 13:50 ModularCG_A2_profile.java
-rw-rw-r--   1 travis travis   3705 Mar  5 13:50 ModularCGPubSub_A1_A2.class
-rw-rw-r--   1 travis travis   9076 Mar  5 13:50 ModularCGPubSub_A1_A2.java
-rw-rw-r--   1 travis travis    880 Mar  5 13:50 ModularCGPubSub_A1_A2.mk
-rw-rw-r--   1 travis travis   1300 Mar  5 13:50 ModularCGPubSub_A1_A2_profile.class
-rw-rw-r--   1 travis travis   1222 Mar  5 13:50 ModularCGPubSub_A1_A2_profile.java
-rw-rw-r--   1 travis travis   4022 Mar  5 13:50 ModularCGPubSub_A1.class
-rw-rw-r--   1 travis travis   9836 Mar  5 13:50 ModularCGPubSub_A1.java
-rw-rw-r--   1 travis travis    856 Mar  5 13:50 ModularCGPubSub_A1.mk
-rw-rw-r--   1 travis travis   1346 Mar  5 13:50 ModularCGPubSub_A1_profile.class
-rw-rw-r--   1 travis travis   1388 Mar  5 13:50 ModularCGPubSub_A1_profile.java
-rw-rw-r--   1 travis travis   1294 Mar  5 13:50 ModularCodeGen2_ModularCodeGenTypedCompositeActor_ModularCodeGenTypedCompositeActor_profile.java
-rw-rw-r--   1 travis travis   4186 Mar  5 13:50 ModularCodeGen_ModularCodeGenTypedCompositeActor.class
-rw-rw-r--   1 travis travis  10970 Mar  5 13:50 ModularCodeGen_ModularCodeGenTypedCompositeActor.java
-rw-rw-r--   1 travis travis   1096 Mar  5 13:50 ModularCodeGen_ModularCodeGenTypedCompositeActor.mk
-rw-rw-r--   1 travis travis   1384 Mar  5 13:50 ModularCodeGen_ModularCodeGenTypedCompositeActor_profile.class
-rw-rw-r--   1 travis travis   1328 Mar  5 13:50 ModularCodeGen_ModularCodeGenTypedCompositeActor_profile.java
-rw-rw-r--   1 travis travis   3724 Mar  5 13:49 ModularCodeGenTest_A1_A2.class
-rw-rw-r--   1 travis travis   9164 Mar  5 13:49 ModularCodeGenTest_A1_A2.java
-rw-rw-r--   1 travis travis   1306 Mar  5 13:49 ModularCodeGenTest_A1_A2_profile.class
-rw-rw-r--   1 travis travis   4055 Mar  5 13:49 ModularCodeGenTest_A1.class
-rw-rw-r--   1 travis travis   9968 Mar  5 13:49 ModularCodeGenTest_A1.java
-rw-rw-r--   1 travis travis    880 Mar  5 13:49 ModularCodeGenTest_A1.mk
-rw-rw-r--   1 travis travis   1352 Mar  5 13:49 ModularCodeGenTest_A1_profile.class
-rw-rw-r--   1 travis travis   1394 Mar  5 13:49 ModularCodeGenTest_A1_profile.java
drwxrwxr-x   3 travis travis  32768 Mar  5 13:49 modulation2
drwxrwxr-x 166 travis travis  12288 Mar  5 13:49 node_modules
drwxrwxr-x   3 travis travis  20480 Mar  5 13:45 PhaseUnwrap
drwxrwxr-x   3 travis travis  12288 Mar  5 13:45 ReadFile1
-rw-rw-r--   1 travis travis     11 Mar  5 13:45 ReadFile1Output.txt
-rw-rw-r--   1 travis travis  13773 Mar  5 13:49 Repeat.class
-rw-rw-r--   1 travis travis    685 Mar  5 13:49 Repeat$_fireFunction_Repeat_Repeat$__f_sL_11.class
-rw-rw-r--   1 travis travis    541 Mar  5 13:49 Repeat$_fireFunction_Repeat_Repeat$__f_sL_12.class
-rw-rw-r--   1 travis travis    541 Mar  5 13:49 Repeat$_fireFunction_Repeat_Repeat$__f_sL_13.class
-rw-rw-r--   1 travis travis    541 Mar  5 13:49 Repeat$_fireFunction_Repeat_Repeat$__f_sL_14.class
-rw-rw-r--   1 travis travis    684 Mar  5 13:49 Repeat$_fireFunction_Repeat_Repeat$__f_sL_1.class
-rw-rw-r--   1 travis travis    683 Mar  5 13:49 Repeat$_fireFunction_Repeat_Repeat$__f_sL_4.class
-rw-rw-r--   1 travis travis    539 Mar  5 13:49 Repeat$_fireFunction_Repeat_Repeat$__f_sL_9.class
-rw-rw-r--   1 travis travis    494 Mar  5 13:49 Repeat$_initialize_Repeat$__i_sL_2.class
-rw-rw-r--   1 travis travis   1281 Mar  5 13:49 Repeat.mk
-rw-rw-r--   1 travis travis    539 Mar  5 13:49 Repeat$_preinitializeMethod_Repeat$__p_sL_0.class
-rw-rw-r--   1 travis travis   1102 Mar  5 13:49 Repeat$_Repeat$_fireFunction_Repeat_AddSubtract_Repeat.class
-rw-rw-r--   1 travis travis    810 Mar  5 13:49 Repeat$_Repeat$_fireFunction_Repeat_AddSubtract_Repeat$__f_sL_0.class
-rw-rw-r--   1 travis travis    928 Mar  5 13:49 Repeat$_Repeat$_fireFunction_Repeat_AddSubtract_Repeat$__f_sL_1.class
-rw-rw-r--   1 travis travis    934 Mar  5 13:49 Repeat$_Repeat$_fireFunction_Repeat_AddSubtract_Repeat$__f_sL_2.class
-rw-rw-r--   1 travis travis    862 Mar  5 13:49 Repeat$_Repeat$_fireFunction_Repeat_AddSubtract_Repeat$__f_sL_3.class
-rw-rw-r--   1 travis travis    757 Mar  5 13:49 Repeat$_Repeat$_fireFunction_Repeat_Ramp2_Repeat$__f_sL_0.class
-rw-rw-r--   1 travis travis    888 Mar  5 13:49 Repeat$_Repeat$_fireFunction_Repeat_Test_Repeat$__f_sL_0.class
-rw-rw-r--   1 travis travis    634 Mar  5 13:49 Repeat$_Repeat$_fireFunction_Repeat_Test_Repeat$__f_sL_1.class
-rw-rw-r--   1 travis travis    704 Mar  5 13:49 Repeat$_Repeat_SDF_Director_run_Repeat$__R_sL_0.class
-rw-rw-r--   1 travis travis    705 Mar  5 13:49 Repeat$_Repeat_SDF_Director_run_Repeat$__R_sL_11.class
-rw-rw-r--   1 travis travis    561 Mar  5 13:49 Repeat$_Repeat_SDF_Director_run_Repeat$__R_sL_13.class
-rw-rw-r--   1 travis travis    559 Mar  5 13:49 Repeat$_Repeat_SDF_Director_run_Repeat$__R_sL_2.class
-rw-rw-r--   1 travis travis    703 Mar  5 13:49 Repeat$_Repeat_SDF_Director_run_Repeat$__R_sL_3.class
-rw-rw-r--   1 travis travis    559 Mar  5 13:49 Repeat$_Repeat_SDF_Director_run_Repeat$__R_sL_5.class
-rw-rw-r--   1 travis travis    559 Mar  5 13:49 Repeat$_Repeat_SDF_Director_run_Repeat$__R_sL_8.class
drwxrwxr-x   2 travis travis   4096 Mar  5 13:49 RepeatVariables
-rw-rw-r--   1 travis travis    882 Mar  5 13:49 Repeat$_varinit_Repeat.class
-rw-rw-r--   1 travis travis    550 Mar  5 13:49 Repeat$_varinit_Repeat$__v_sL_2.class
-rw-rw-r--   1 travis travis    924 Mar  5 13:49 Repeat$_varinit_Repeat$__v_sL_4.class
-rw-rw-r--   1 travis travis    978 Mar  5 13:49 Repeat$_wrapup_Repeat$__w_sL_1.class
drwxrwxr-x   3 travis travis  20480 Mar  5 13:46 Sinewave
drwxrwxr-x   3 travis travis  32768 Mar  5 13:47 StringFunction
drwxrwxr-x   3 travis travis  12288 Mar  5 13:47 StringLength
drwxrwxr-x   3 travis travis  61440 Mar  5 13:47 StringMatches2
drwxrwxr-x   3 travis travis  61440 Mar  5 13:48 StringSimpleReplace
drwxrwxr-x   3 travis travis  65536 Mar  5 13:48 StringSubstring
drwxrwxr-x   3 travis travis  24576 Mar  5 13:48 StringSubstring2
drwxrwxr-x   3 travis travis  16384 Mar  5 13:49 time1
drwxrwxr-x   3 travis travis  12288 Mar  5 13:49 time5
-rw-rw-r--   1 travis travis    432 Mar  5 13:50 Token.class
-rw-rw-r--   1 travis travis    251 Mar  5 13:50 Token.java
-rwxrwxr-x   1 travis travis 466992 Mar  5 13:43 top
-rw-rw-r--   1 travis travis  20502 Mar  5 13:43 top.c
-rw-rw-r--   1 travis travis   3799 Mar  5 13:49 top.class
-rw-rw-r--   1 travis travis   1257 Mar  5 13:49 top.mk
All Done
Writing ModularCodeGen2_ModularCodeGenTypedCompositeActor_ModularCodeGenTypedCompositeActor.java in file:/home/travis/cg/ (11790 characters)
Reading "ptolemy/cg/kernel/generic/program/procedural/java/modular/makefile.in",
    writing "/home/travis/cg/ModularCodeGen2_ModularCodeGenTypedCompositeActor_ModularCodeGenTypedCompositeActor.mk"
Using ptolemy/cg/kernel/generic/program/procedural/java/modular/makefile.in
In "/home/travis/cg", about to execute:
    make -f
ModularCodeGen2_ModularCodeGenTypedCompositeActor_ModularCodeGenTypedCompositeA
ctor.mk
javac -classpath ".:.."    ModularCodeGen2_ModularCodeGenTypedCompositeActor_ModularCodeGenTypedCompositeActor.java
All Done
In "/home/travis/cg", about to execute:
    pwd
In "/home/travis/cg", about to execute:
    ls -l
/home/travis/cg
total 1704
drwxrwxr-x   3 travis travis  12288 Mar  5 13:44 AbsoluteValue
drwxrwxr-x   3 travis travis 102400 Mar  5 13:43 AllColt
drwxrwxr-x   3 travis travis  12288 Mar  5 13:44 Case1
-rw-rw-r--   1 travis travis   5128 Mar  5 13:49 CompiledCompositeActor_CompiledCompositeActor.class
-rw-rw-r--   1 travis travis   1611 Mar  5 13:49 CompiledCompositeActor_CompiledCompositeActor$_CompiledCompositeActor_CompiledCompositeActor.class
-rw-rw-r--   1 travis travis  13466 Mar  5 13:49 CompiledCompositeActor_CompiledCompositeActor.java
-rw-rw-r--   1 travis travis   1593 Mar  5 13:49 CompiledCompositeActor_CompiledCompositeActor.mk
drwxrwxr-x   5 travis travis   4096 Mar  5 13:43 fmi
drwxrwxr-x   3 travis travis  16384 Mar  5 13:44 Gaussian2
-rw-rw-r--   1 travis travis   4684 Mar  5 13:49 JavaCompiledCompositeTest1_CompiledCompositeActor.class
-rw-rw-r--   1 travis travis  11637 Mar  5 13:49 JavaCompiledCompositeTest1_CompiledCompositeActor.java
-rw-rw-r--   1 travis travis   1217 Mar  5 13:49 JavaCompiledCompositeTest1_CompiledCompositeActor$_JavaCompiledCompositeTest1_CompiledCompositeActor.class
-rw-rw-r--   1 travis travis   1625 Mar  5 13:49 JavaCompiledCompositeTest1_CompiledCompositeActor.mk
-rw-rw-r--   1 travis travis   5115 Mar  5 13:49 JavaCompiledCompositeTest2_CompiledCompositeActor.class
-rw-rw-r--   1 travis travis  14919 Mar  5 13:49 JavaCompiledCompositeTest2_CompiledCompositeActor.java
-rw-rw-r--   1 travis travis   1812 Mar  5 13:49 JavaCompiledCompositeTest2_CompiledCompositeActor$_JavaCompiledCompositeTest2_CompiledCompositeActor.class
-rw-rw-r--   1 travis travis   1625 Mar  5 13:49 JavaCompiledCompositeTest2_CompiledCompositeActor.mk
-rw-rw-r--   1 travis travis   4732 Mar  5 13:49 JavaCompiledCompositeTest3_CompiledCompositeActor.class
-rw-rw-r--   1 travis travis  13080 Mar  5 13:49 JavaCompiledCompositeTest3_CompiledCompositeActor.java
-rw-rw-r--   1 travis travis   1397 Mar  5 13:49 JavaCompiledCompositeTest3_CompiledCompositeActor$_JavaCompiledCompositeTest3_CompiledCompositeActor.class
-rw-rw-r--   1 travis travis   1625 Mar  5 13:49 JavaCompiledCompositeTest3_CompiledCompositeActor.mk
-rw-rw-r--   1 travis travis   4183 Mar  5 13:49 JavaCompiledCompositeTest4_CompiledCompositeActor.class
-rw-rw-r--   1 travis travis   9687 Mar  5 13:49 JavaCompiledCompositeTest4_CompiledCompositeActor.java
-rw-rw-r--   1 travis travis    876 Mar  5 13:49 JavaCompiledCompositeTest4_CompiledCompositeActor$_JavaCompiledCompositeTest4_CompiledCompositeActor.class
-rw-rw-r--   1 travis travis   1625 Mar  5 13:49 JavaCompiledCompositeTest4_CompiledCompositeActor.mk
drwxrwxr-x   3 travis travis  12288 Mar  5 13:45 LookupTable
drwxrwxr-x   3 travis travis  20480 Mar  5 13:45 MaxIndex
-rw-rw-r--   1 travis travis   3925 Mar  5 13:49 ModularCG_A1_B1.class
-rw-rw-r--   1 travis travis   9730 Mar  5 13:49 ModularCG_A1_B1.java
-rw-rw-r--   1 travis travis    832 Mar  5 13:49 ModularCG_A1_B1.mk
-rw-rw-r--   1 travis travis   1318 Mar  5 13:49 ModularCG_A1_B1_profile.class
-rw-rw-r--   1 travis travis   1262 Mar  5 13:49 ModularCG_A1_B1_profile.java
-rw-rw-r--   1 travis travis   3925 Mar  5 13:50 ModularCG_A1_B2.class
-rw-rw-r--   1 travis travis   9730 Mar  5 13:50 ModularCG_A1_B2.java
-rw-rw-r--   1 travis travis    832 Mar  5 13:50 ModularCG_A1_B2.mk
-rw-rw-r--   1 travis travis   1318 Mar  5 13:50 ModularCG_A1_B2_profile.class
-rw-rw-r--   1 travis travis   1262 Mar  5 13:49 ModularCG_A1_B2_profile.java
-rw-rw-r--   1 travis travis   5031 Mar  5 13:50 ModularCG_A1.class
-rw-rw-r--   1 travis travis  14742 Mar  5 13:50 ModularCG_A1.java
-rw-rw-r--   1 travis travis    808 Mar  5 13:50 ModularCG_A1.mk
-rw-rw-r--   1 travis travis   1433 Mar  5 13:50 ModularCG_A1_profile.class
-rw-rw-r--   1 travis travis   1704 Mar  5 13:50 ModularCG_A1_profile.java
-rw-rw-r--   1 travis travis   4059 Mar  5 13:50 ModularCG_A2_B1.class
-rw-rw-r--   1 travis travis  10667 Mar  5 13:50 ModularCG_A2_B1.java
-rw-rw-r--   1 travis travis    832 Mar  5 13:50 ModularCG_A2_B1.mk
-rw-rw-r--   1 travis travis   1381 Mar  5 13:50 ModularCG_A2_B1_profile.class
-rw-rw-r--   1 travis travis   1446 Mar  5 13:50 ModularCG_A2_B1_profile.java
-rw-rw-r--   1 travis travis   3925 Mar  5 13:50 ModularCG_A2_B2.class
-rw-rw-r--   1 travis travis   9730 Mar  5 13:50 ModularCG_A2_B2.java
-rw-rw-r--   1 travis travis    832 Mar  5 13:50 ModularCG_A2_B2.mk
-rw-rw-r--   1 travis travis   1318 Mar  5 13:50 ModularCG_A2_B2_profile.class
-rw-rw-r--   1 travis travis   1262 Mar  5 13:50 ModularCG_A2_B2_profile.java
-rw-rw-r--   1 travis travis   5102 Mar  5 13:50 ModularCG_A2.class
-rw-rw-r--   1 travis travis  15129 Mar  5 13:50 ModularCG_A2.java
-rw-rw-r--   1 travis travis    808 Mar  5 13:50 ModularCG_A2.mk
-rw-rw-r--   1 travis travis   1433 Mar  5 13:50 ModularCG_A2_profile.class
-rw-rw-r--   1 travis travis   1704 Mar  5 13:50 ModularCG_A2_profile.java
-rw-rw-r--   1 travis travis   3705 Mar  5 13:50 ModularCGPubSub_A1_A2.class
-rw-rw-r--   1 travis travis   9076 Mar  5 13:50 ModularCGPubSub_A1_A2.java
-rw-rw-r--   1 travis travis    880 Mar  5 13:50 ModularCGPubSub_A1_A2.mk
-rw-rw-r--   1 travis travis   1300 Mar  5 13:50 ModularCGPubSub_A1_A2_profile.class
-rw-rw-r--   1 travis travis   1222 Mar  5 13:50 ModularCGPubSub_A1_A2_profile.java
-rw-rw-r--   1 travis travis   4022 Mar  5 13:50 ModularCGPubSub_A1.class
-rw-rw-r--   1 travis travis   9836 Mar  5 13:50 ModularCGPubSub_A1.java
-rw-rw-r--   1 travis travis    856 Mar  5 13:50 ModularCGPubSub_A1.mk
-rw-rw-r--   1 travis travis   1346 Mar  5 13:50 ModularCGPubSub_A1_profile.class
-rw-rw-r--   1 travis travis   1388 Mar  5 13:50 ModularCGPubSub_A1_profile.java
-rw-rw-r--   1 travis travis   4504 Mar  5 13:50 ModularCodeGen2_ModularCodeGenTypedCompositeActor_ModularCodeGenTypedCompositeActor.class
-rw-rw-r--   1 travis travis  11790 Mar  5 13:50 ModularCodeGen2_ModularCodeGenTypedCompositeActor_ModularCodeGenTypedCompositeActor.java
-rw-rw-r--   1 travis travis   1376 Mar  5 13:50 ModularCodeGen2_ModularCodeGenTypedCompositeActor_ModularCodeGenTypedCompositeActor.mk
In "/home/travis/cg", about to execute:
-rw-rw-r--   1 travis travis   1421 Mar  5 13:50 ModularCodeGen2_ModularCodeGenTypedCompositeActor_ModularCodeGenTypedCompositeActor_profile.class
-rw-rw-r--   1 travis travis   1294 Mar  5 13:50 ModularCodeGen2_ModularCodeGenTypedCompositeActor_ModularCodeGenTypedCompositeActor_profile.java
-rw-rw-r--   1 travis travis    693 Mar  5 13:50 ModularCodeGen2_ModularCodeGenTypedCompositeActor_profile.java
-rw-rw-r--   1 travis travis   4186 Mar  5 13:50 ModularCodeGen_ModularCodeGenTypedCompositeActor.class
-rw-rw-r--   1 travis travis  10970 Mar  5 13:50 ModularCodeGen_ModularCodeGenTypedCompositeActor.java
-rw-rw-r--   1 travis travis   1096 Mar  5 13:50 ModularCodeGen_ModularCodeGenTypedCompositeActor.mk
-rw-rw-r--   1 travis travis   1384 Mar  5 13:50 ModularCodeGen_ModularCodeGenTypedCompositeActor_profile.class
-rw-rw-r--   1 travis travis   1328 Mar  5 13:50 ModularCodeGen_ModularCodeGenTypedCompositeActor_profile.java
-rw-rw-r--   1 travis travis   3724 Mar  5 13:49 ModularCodeGenTest_A1_A2.class
-rw-rw-r--   1 travis travis   9164 Mar  5 13:49 ModularCodeGenTest_A1_A2.java
-rw-rw-r--   1 travis travis   1306 Mar  5 13:49 ModularCodeGenTest_A1_A2_profile.class
-rw-rw-r--   1 travis travis   4055 Mar  5 13:49 ModularCodeGenTest_A1.class
-rw-rw-r--   1 travis travis   9968 Mar  5 13:49 ModularCodeGenTest_A1.java
-rw-rw-r--   1 travis travis    880 Mar  5 13:49 ModularCodeGenTest_A1.mk
-rw-rw-r--   1 travis travis   1352 Mar  5 13:49 ModularCodeGenTest_A1_profile.class
-rw-rw-r--   1 travis travis   1394 Mar  5 13:49 ModularCodeGenTest_A1_profile.java
drwxrwxr-x   3 travis travis  32768 Mar  5 13:49 modulation2
drwxrwxr-x 166 travis travis  12288 Mar  5 13:49 node_modules
drwxrwxr-x   3 travis travis  20480 Mar  5 13:45 PhaseUnwrap
drwxrwxr-x   3 travis travis  12288 Mar  5 13:45 ReadFile1
-rw-rw-r--   1 travis travis     11 Mar  5 13:45 ReadFile1Output.txt
-rw-rw-r--   1 travis travis  13773 Mar  5 13:49 Repeat.class
-rw-rw-r--   1 travis travis    685 Mar  5 13:49 Repeat$_fireFunction_Repeat_Repeat$__f_sL_11.class
-rw-rw-r--   1 travis travis    541 Mar  5 13:49 Repeat$_fireFunction_Repeat_Repeat$__f_sL_12.class
-rw-rw-r--   1 travis travis    541 Mar  5 13:49 Repeat$_fireFunction_Repeat_Repeat$__f_sL_13.class
-rw-rw-r--   1 travis travis    541 Mar  5 13:49 Repeat$_fireFunction_Repeat_Repeat$__f_sL_14.class
-rw-rw-r--   1 travis travis    684 Mar  5 13:49 Repeat$_fireFunction_Repeat_Repeat$__f_sL_1.class
-rw-rw-r--   1 travis travis    683 Mar  5 13:49 Repeat$_fireFunction_Repeat_Repeat$__f_sL_4.class
-rw-rw-r--   1 travis travis    539 Mar  5 13:49 Repeat$_fireFunction_Repeat_Repeat$__f_sL_9.class
-rw-rw-r--   1 travis travis    494 Mar  5 13:49 Repeat$_initialize_Repeat$__i_sL_2.class
-rw-rw-r--   1 travis travis   1281 Mar  5 13:49 Repeat.mk
-rw-rw-r--   1 travis travis    539 Mar  5 13:49 Repeat$_preinitializeMethod_Repeat$__p_sL_0.class
-rw-rw-r--   1 travis travis   1102 Mar  5 13:49 Repeat$_Repeat$_fireFunction_Repeat_AddSubtract_Repeat.class
-rw-rw-r--   1 travis travis    810 Mar  5 13:49 Repeat$_Repeat$_fireFunction_Repeat_AddSubtract_Repeat$__f_sL_0.class
-rw-rw-r--   1 travis travis    928 Mar  5 13:49 Repeat$_Repeat$_fireFunction_Repeat_AddSubtract_Repeat$__f_sL_1.class
-rw-rw-r--   1 travis travis    934 Mar  5 13:49 Repeat$_Repeat$_fireFunction_Repeat_AddSubtract_Repeat$__f_sL_2.class
-rw-rw-r--   1 travis travis    862 Mar  5 13:49 Repeat$_Repeat$_fireFunction_Repeat_AddSubtract_Repeat$__f_sL_3.class
-rw-rw-r--   1 travis travis    757 Mar  5 13:49 Repeat$_Repeat$_fireFunction_Repeat_Ramp2_Repeat$__f_sL_0.class
-rw-rw-r--   1 travis travis    888 Mar  5 13:49 Repeat$_Repeat$_fireFunction_Repeat_Test_Repeat$__f_sL_0.class
-rw-rw-r--   1 travis travis    634 Mar  5 13:49 Repeat$_Repeat$_fireFunction_Repeat_Test_Repeat$__f_sL_1.class
-rw-rw-r--   1 travis travis    704 Mar  5 13:49 Repeat$_Repeat_SDF_Director_run_Repeat$__R_sL_0.class
-rw-rw-r--   1 travis travis    705 Mar  5 13:49 Repeat$_Repeat_SDF_Director_run_Repeat$__R_sL_11.class
-rw-rw-r--   1 travis travis    561 Mar  5 13:49 Repeat$_Repeat_SDF_Director_run_Repeat$__R_sL_13.class
-rw-rw-r--   1 travis travis    559 Mar  5 13:49 Repeat$_Repeat_SDF_Director_run_Repeat$__R_sL_2.class
-rw-rw-r--   1 travis travis    703 Mar  5 13:49 Repeat$_Repeat_SDF_Director_run_Repeat$__R_sL_3.class
-rw-rw-r--   1 travis travis    559 Mar  5 13:49 Repeat$_Repeat_SDF_Director_run_Repeat$__R_sL_5.class
-rw-rw-r--   1 travis travis    559 Mar  5 13:49 Repeat$_Repeat_SDF_Director_run_Repeat$__R_sL_8.class
drwxrwxr-x   2 travis travis   4096 Mar  5 13:49 RepeatVariables
-rw-rw-r--   1 travis travis    882 Mar  5 13:49 Repeat$_varinit_Repeat.class
-rw-rw-r--   1 travis travis    550 Mar  5 13:49 Repeat$_varinit_Repeat$__v_sL_2.class
-rw-rw-r--   1 travis travis    924 Mar  5 13:49 Repeat$_varinit_Repeat$__v_sL_4.class
-rw-rw-r--   1 travis travis    978 Mar  5 13:49 Repeat$_wrapup_Repeat$__w_sL_1.class
drwxrwxr-x   3 travis travis  20480 Mar  5 13:46 Sinewave
drwxrwxr-x   3 travis travis  32768 Mar  5 13:47 StringFunction
drwxrwxr-x   3 travis travis  12288 Mar  5 13:47 StringLength
drwxrwxr-x   3 travis travis  61440 Mar  5 13:47 StringMatches2
drwxrwxr-x   3 travis travis  61440 Mar  5 13:48 StringSimpleReplace
drwxrwxr-x   3 travis travis  65536 Mar  5 13:48 StringSubstring
drwxrwxr-x   3 travis travis  24576 Mar  5 13:48 StringSubstring2
drwxrwxr-x   3 travis travis  16384 Mar  5 13:49 time1
drwxrwxr-x   3 travis travis  12288 Mar  5 13:49 time5
-rw-rw-r--   1 travis travis    432 Mar  5 13:50 Token.class
-rw-rw-r--   1 travis travis    251 Mar  5 13:50 Token.java
-rwxrwxr-x   1 travis travis 466992 Mar  5 13:43 top
-rw-rw-r--   1 travis travis  20502 Mar  5 13:43 top.c
-rw-rw-r--   1 travis travis   3799 Mar  5 13:49 top.class
-rw-rw-r--   1 travis travis   1257 Mar  5 13:49 top.mk
    javac -classpath
.:/home/travis/build/icyphy/ptII:/home/travis/build/icyphy/ptII/lib/bsh-2.0b4.j
ar:/home/travis/build/icyphy/ptII/lib/ptCal.jar:/home/travis/build/icyphy/ptII/
lib/java_cup.jar:/home/travis/build/icyphy/ptII/lib/saxon8.jar:/home/travis/bui
ld/icyphy/ptII/lib/saxon8-dom.jar:/home/travis/build/icyphy/ptII/lib/chic.jar:/
home/travis/build/icyphy/ptII/lib/ptcolt.jar:/home/travis/build/icyphy/ptII/ven
dors/misc/itext/iText.jar:/home/travis/build/icyphy/ptII/lib/g4ltl.jar:/home/tr
avis/build/icyphy/ptII/lib/StructuralCoder.jar:/home/travis/build/icyphy/ptII/l
ib/jcerti.jar:/home/travis/build/icyphy/ptII/lib/javax.mail.jar:/home/travis/bu
ild/icyphy/ptII/vendors/JMF-2.1.1e/lib/jmf.jar:/home/travis/build/icyphy/ptII/l
ib/jna-4.0.0-variadic.jar:/home/travis/build/icyphy/ptII/vendors/misc/joystick/
Joystick.jar:/home/travis/build/icyphy/ptII/lib/ptjacl.jar:/home/travis/build/i
cyphy/ptII/lib/jsoup-1.8.2.jar:/home/travis/build/icyphy/ptII/lib/junit-4.8.2.j
ar:/home/travis/build/icyphy/ptII/lib/JUnitParams-0.4.0.jar:/home/travis/build/
icyphy/ptII/ptolemy/actor/lib/excel/jxl.jar:/home/travis/build/icyphy/ptII/lib/
jython.jar:/home/travis/build/icyphy/ptII/lib/kieler.jar:/home/travis/build/icy
phy/ptII/vendors/opencv/share/OpenCV/java/opencv-341.jar:/home/travis/build/icy
phy/ptII/lib/oscP5.jar:/home/travis/build/icyphy/ptII/lib/nrjavaserial-3.11.0.d
evel.jar:/home/travis/build/icyphy/ptII/vendors/j3d/lib/Linux/j3dcore.jar:/home
/travis/build/icyphy/ptII/vendors/j3d/lib/Linux/j3dutils.jar:/home/travis/build
/icyphy/ptII/vendors/j3d/lib/Linux/vecmath.jar:/home/travis/build/icyphy/ptII/v
endors/jogl/lib/Linux/gluegen-rt-natives-linux-amd64.jar:/home/travis/build/icy
phy/ptII/vendors/jogl/lib/Linux/gluegen-rt.jar:/home/travis/build/icyphy/ptII/v
endors/jogl/lib/Linux/jogl-all-natives-linux-amd64.jar:/home/travis/build/icyph
y/ptII/vendors/jogl/lib/Linux/jogl-all.jar:/home/travis/build/icyphy/ptII/ptole
my/distributed/jini/jar/jini-core.jar:/home/travis/build/icyphy/ptII/ptolemy/di
stributed/jini/jar/jini-ext.jar:/home/travis/build/icyphy/ptII/ptolemy/distribu
ted/jini/jar/sun-util.jar:/home/travis/build/icyphy/ptII/lib/protobuf-java-2.4.
1.jar:/home/travis/build/icyphy/ptII/lib/org.eclipse.paho.client.mqttv3.jar:/ho
me/travis/build/icyphy/ptII/lib/mapss.jar:/home/travis/build/icyphy/ptII/ptolem
y/actor/ptalon/antlr/antlr.jar:/home/travis/build/icyphy/ptII/lib/JRI.jar:/home
/travis/build/icyphy/ptII/lib/commons-lang-2.6.jar:/home/travis/build/icyphy/pt
II/lib/commons-logging-1.1.1.jar:/home/travis/build/icyphy/ptII/lib/sootclasses
.jar:/home/travis/build/icyphy/ptII/ptolemy/actor/lib/database/mysql-connector-
java-5.1.6-bin.jar:/home/travis/build/icyphy/ptII/vendors/misc/sphinx4/sphinx4-
data-5prealpha.jar:/home/travis/build/icyphy/ptII/vendors/misc/sphinx4/sphinx4-
core-5prealpha.jar:/home/travis/build/icyphy/ptII/lib/PDFRenderer.jar:/home/tra
vis/build/icyphy/ptII/lib/svgSalamander.jar:/home/travis/build/icyphy/ptII/lib/
rsyntaxtextarea-2.6.0-SNAPSHOT.jar:/home/travis/build/icyphy/ptII/lib/hazelcast
-3.8.2.jar:/home/travis/build/icyphy/ptII/lib/jackson-annotations-2.9.0.jar:/ho
me/travis/build/icyphy/ptII/lib/jackson-core-2.9.3.jar:/home/travis/build/icyph
y/ptII/lib/jackson-databind-2.9.3.jar:/home/travis/build/icyphy/ptII/lib/netty-
buffer-4.1.19.Final.jar:/home/travis/build/icyphy/ptII/lib/netty-codec-4.1.19.F
inal.jar:/home/travis/build/icyphy/ptII/lib/netty-codec-dns-4.1.19.Final.jar:/h
ome/travis/build/icyphy/ptII/lib/netty-codec-http-4.1.19.Final.jar:/home/travis
/build/icyphy/ptII/lib/netty-codec-http2-4.1.19.Final.jar:/home/travis/build/ic
yphy/ptII/lib/netty-common-4.1.19.Final.jar:/home/travis/build/icyphy/ptII/lib/
netty-handler-4.1.19.Final.jar:/home/travis/build/icyphy/ptII/lib/netty-resolve
r-4.1.19.Final.jar:/home/travis/build/icyphy/ptII/lib/netty-resolver-dns-4.1.19
.Final.jar:/home/travis/build/icyphy/ptII/lib/netty-transport-4.1.19.Final.jar:
/home/travis/build/icyphy/ptII/lib/vertx-codegen-3.5.1.jar:/home/travis/build/i
cyphy/ptII/lib/vertx-core-3.5.2-SNAPSHOT.jar:/home/travis/build/icyphy/ptII/lib
/vertx-hazelcast-3.5.1.jar:/home/travis/build/icyphy/ptII/lib/vertx-lang-js-3.5
.1.jar:/home/travis/build/icyphy/ptII/lib/vertx-service-proxy-3.5.1.jar:/home/t
ravis/build/icyphy/ptII/lib/vertx-web-3.5.1.jar:/home/travis/build/icyphy/ptII/
lib/slf4j-api-1.7.13.jar:/home/travis/build/icyphy/ptII/lib/slf4j-simple-1.7.13
.jar:/home/travis/build/icyphy/ptII/lib/webcam-capture-0.3.12.jar:/home/travis/
build/icyphy/ptII/lib/bridj-0.7.0.jar:/home/travis/build/icyphy/ptII/lib/xbjlib
-1.1.0.nrjavaserial.jar:/home/travis/build/icyphy/ptII/ptolemy/moml/test:/home/
travis/build/icyphy/ptII/ant/lib/ant-launcher.jar:/home/travis/build/icyphy/ptI
I/ant/lib/ant.jar:/home/travis/build/icyphy/ptII/ant/lib/ant-junit.jar:/home/tr
avis/build/icyphy/ptII/ant/lib/ant-junit4.jar:/home/travis/build/icyphy/ptII
ModularCodeGen2_ModularCodeGenTypedCompositeActor_profile.java
All Done
Writing ModularCodeGen2_ModularCodeGenTypedCompositeActor.java in file:/home/travis/cg/ (11690 characters)
Reading "ptolemy/cg/kernel/generic/program/procedural/java/modular/makefile.in",
    writing "/home/travis/cg/ModularCodeGen2_ModularCodeGenTypedCompositeActor.mk"
Using ptolemy/cg/kernel/generic/program/procedural/java/modular/makefile.in
In "/home/travis/cg", about to execute:
    make -f ModularCodeGen2_ModularCodeGenTypedCompositeActor.mk
javac -classpath ".:.."    ModularCodeGen2_ModularCodeGenTypedCompositeActor.java
All Done
6039 ms. Memory: 129024K Free: 46467K (36%)
----------------- Invoking toplevel() on ptolemy.moml.MoMLSimpleApplication@35dab628
----------------- Done invoking toplevel() on ptolemy.moml.MoMLSimpleApplication@35dab628
reloadAllAccessors: .ModularCodeGen2

===========================================================================================
----------------- testing Thu Mar 05 13:50:26 UTC 2020 /home/travis/build/icyphy/ptII/ptolemy/cg/lib/test/auto/ModularCodeGen3.xml
----------------- Instantiating /home/travis/build/icyphy/ptII/ptolemy/cg/lib/test/auto/ModularCodeGen3.xml
In "/home/travis/cg", about to execute:
    pwd
In "/home/travis/cg", about to execute:
    ls -l
/home/travis/cg
In "/home/travis/cg", about to execute:
    javac -classpath
.:/home/travis/build/icyphy/ptII:/home/travis/build/icyphy/ptII/lib/bsh-2.0b4.j
ar:/home/travis/build/icyphy/ptII/lib/ptCal.jar:/home/travis/build/icyphy/ptII/
lib/java_cup.jar:/home/travis/build/icyphy/ptII/lib/saxon8.jar:/home/travis/bui
ld/icyphy/ptII/lib/saxon8-dom.jar:/home/travis/build/icyphy/ptII/lib/chic.jar:/
home/travis/build/icyphy/ptII/lib/ptcolt.jar:/home/travis/build/icyphy/ptII/ven
dors/misc/itext/iText.jar:/home/travis/build/icyphy/ptII/lib/g4ltl.jar:/home/tr
avis/build/icyphy/ptII/lib/StructuralCoder.jar:/home/travis/build/icyphy/ptII/l
ib/jcerti.jar:/home/travis/build/icyphy/ptII/lib/javax.mail.jar:/home/travis/bu
ild/icyphy/ptII/vendors/JMF-2.1.1e/lib/jmf.jar:/home/travis/build/icyphy/ptII/l
ib/jna-4.0.0-variadic.jar:/home/travis/build/icyphy/ptII/vendors/misc/joystick/
Joystick.jar:/home/travis/build/icyphy/ptII/lib/ptjacl.jar:/home/travis/build/i
cyphy/ptII/lib/jsoup-1.8.2.jar:/home/travis/build/icyphy/ptII/lib/junit-4.8.2.j
ar:/home/travis/build/icyphy/ptII/lib/JUnitParams-0.4.0.jar:/home/travis/build/
icyphy/ptII/ptolemy/actor/lib/excel/jxl.jar:/home/travis/build/icyphy/ptII/lib/
jython.jar:/home/travis/build/icyphy/ptII/lib/kieler.jar:/home/travis/build/icy
phy/ptII/vendors/opencv/share/OpenCV/java/opencv-341.jar:/home/travis/build/icy
phy/ptII/lib/oscP5.jar:/home/travis/build/icyphy/ptII/lib/nrjavaserial-3.11.0.d
evel.jar:/home/travis/build/icyphy/ptII/vendors/j3d/lib/Linux/j3dcore.jar:/home
/travis/build/icyphy/ptII/vendors/j3d/lib/Linux/j3dutils.jar:/home/travis/build
/icyphy/ptII/vendors/j3d/lib/Linux/vecmath.jar:/home/travis/build/icyphy/ptII/v
endors/jogl/lib/Linux/gluegen-rt-natives-linux-amd64.jar:/home/travis/build/icy
phy/ptII/vendors/jogl/lib/Linux/gluegen-rt.jar:/home/travis/build/icyphy/ptII/v
endors/jogl/lib/Linux/jogl-all-natives-linux-amd64.jar:/home/travis/build/icyph
y/ptII/vendors/jogl/lib/Linux/jogl-all.jar:/home/travis/build/icyphy/ptII/ptole
my/distributed/jini/jar/jini-core.jar:/home/travis/build/icyphy/ptII/ptolemy/di
stributed/jini/jar/jini-ext.jar:/home/travis/build/icyphy/ptII/ptolemy/distribu
ted/jini/jar/sun-util.jar:/home/travis/build/icyphy/ptII/lib/protobuf-java-2.4.
1.jar:/home/travis/build/icyphy/ptII/lib/org.eclipse.paho.client.mqttv3.jar:/ho
me/travis/build/icyphy/ptII/lib/mapss.jar:/home/travis/build/icyphy/ptII/ptolem
y/actor/ptalon/antlr/antlr.jar:/home/travis/build/icyphy/ptII/lib/JRI.jar:/home
/travis/build/icyphy/ptII/lib/commons-lang-2.6.jar:/home/travis/build/icyphy/pt
II/lib/commons-logging-1.1.1.jar:/home/travis/build/icyphy/ptII/lib/sootclasses
.jar:/home/travis/build/icyphy/ptII/ptolemy/actor/lib/database/mysql-connector-
java-5.1.6-bin.jar:/home/travis/build/icyphy/ptII/vendors/misc/sphinx4/sphinx4-
data-5prealpha.jar:/home/travis/build/icyphy/ptII/vendors/misc/sphinx4/sphinx4-
core-5prealpha.jar:/home/travis/build/icyphy/ptII/lib/PDFRenderer.jar:/home/tra
vis/build/icyphy/ptII/lib/svgSalamander.jar:/home/travis/build/icyphy/ptII/lib/
rsyntaxtextarea-2.6.0-SNAPSHOT.jar:/home/travis/build/icyphy/ptII/lib/hazelcast
-3.8.2.jar:/home/travis/build/icyphy/ptII/lib/jackson-annotations-2.9.0.jar:/ho
me/travis/build/icyphy/ptII/lib/jackson-core-2.9.3.jar:/home/travis/build/icyph
y/ptII/lib/jackson-databind-2.9.3.jar:/home/travis/build/icyphy/ptII/lib/netty-
buffer-4.1.19.Final.jar:/home/travis/build/icyphy/ptII/lib/netty-codec-4.1.19.F
inal.jar:/home/travis/build/icyphy/ptII/lib/netty-codec-dns-4.1.19.Final.jar:/h
ome/travis/build/icyphy/ptII/lib/netty-codec-http-4.1.19.Final.jar:/home/travis
/build/icyphy/ptII/lib/netty-codec-http2-4.1.19.Final.jar:/home/travis/build/ic
yphy/ptII/lib/netty-common-4.1.19.Final.jar:/home/travis/build/icyphy/ptII/lib/
netty-handler-4.1.19.Final.jar:/home/travis/build/icyphy/ptII/lib/netty-resolve
r-4.1.19.Final.jar:/home/travis/build/icyphy/ptII/lib/netty-resolver-dns-4.1.19
.Final.jar:/home/travis/build/icyphy/ptII/lib/netty-transport-4.1.19.Final.jar:
/home/travis/build/icyphy/ptII/lib/vertx-codegen-3.5.1.jar:/home/travis/build/i
cyphy/ptII/lib/vertx-core-3.5.2-SNAPSHOT.jar:/home/travis/build/icyphy/ptII/lib
/vertx-hazelcast-3.5.1.jar:/home/travis/build/icyphy/ptII/lib/vertx-lang-js-3.5
.1.jar:/home/travis/build/icyphy/ptII/lib/vertx-service-proxy-3.5.1.jar:/home/t
ravis/build/icyphy/ptII/lib/vertx-web-3.5.1.jar:/home/travis/build/icyphy/ptII/
lib/slf4j-api-1.7.13.jar:/home/travis/build/icyphy/ptII/lib/slf4j-simple-1.7.13
.jar:/home/travis/build/icyphy/ptII/lib/webcam-capture-0.3.12.jar:/home/travis/
build/icyphy/ptII/lib/bridj-0.7.0.jar:/home/travis/build/icyphy/ptII/lib/xbjlib
-1.1.0.nrjavaserial.jar:/home/travis/build/icyphy/ptII/ptolemy/moml/test:/home/
travis/build/icyphy/ptII/ant/lib/ant-launcher.jar:/home/travis/build/icyphy/ptI
I/ant/lib/ant.jar:/home/travis/build/icyphy/ptII/ant/lib/ant-junit.jar:/home/tr
avis/build/icyphy/ptII/ant/lib/ant-junit4.jar:/home/travis/build/icyphy/ptII
ModularCodeGen3_A1_B1_profile.java
total 1736
drwxrwxr-x   3 travis travis  12288 Mar  5 13:44 AbsoluteValue
drwxrwxr-x   3 travis travis 102400 Mar  5 13:43 AllColt
drwxrwxr-x   3 travis travis  12288 Mar  5 13:44 Case1
-rw-rw-r--   1 travis travis   5128 Mar  5 13:49 CompiledCompositeActor_CompiledCompositeActor.class
-rw-rw-r--   1 travis travis   1611 Mar  5 13:49 CompiledCompositeActor_CompiledCompositeActor$_CompiledCompositeActor_CompiledCompositeActor.class
-rw-rw-r--   1 travis travis  13466 Mar  5 13:49 CompiledCompositeActor_CompiledCompositeActor.java
-rw-rw-r--   1 travis travis   1593 Mar  5 13:49 CompiledCompositeActor_CompiledCompositeActor.mk
drwxrwxr-x   5 travis travis   4096 Mar  5 13:43 fmi
drwxrwxr-x   3 travis travis  16384 Mar  5 13:44 Gaussian2
-rw-rw-r--   1 travis travis   4684 Mar  5 13:49 JavaCompiledCompositeTest1_CompiledCompositeActor.class
-rw-rw-r--   1 travis travis  11637 Mar  5 13:49 JavaCompiledCompositeTest1_CompiledCompositeActor.java
-rw-rw-r--   1 travis travis   1217 Mar  5 13:49 JavaCompiledCompositeTest1_CompiledCompositeActor$_JavaCompiledCompositeTest1_CompiledCompositeActor.class
-rw-rw-r--   1 travis travis   1625 Mar  5 13:49 JavaCompiledCompositeTest1_CompiledCompositeActor.mk
-rw-rw-r--   1 travis travis   5115 Mar  5 13:49 JavaCompiledCompositeTest2_CompiledCompositeActor.class
-rw-rw-r--   1 travis travis  14919 Mar  5 13:49 JavaCompiledCompositeTest2_CompiledCompositeActor.java
-rw-rw-r--   1 travis travis   1812 Mar  5 13:49 JavaCompiledCompositeTest2_CompiledCompositeActor$_JavaCompiledCompositeTest2_CompiledCompositeActor.class
-rw-rw-r--   1 travis travis   1625 Mar  5 13:49 JavaCompiledCompositeTest2_CompiledCompositeActor.mk
-rw-rw-r--   1 travis travis   4732 Mar  5 13:49 JavaCompiledCompositeTest3_CompiledCompositeActor.class
-rw-rw-r--   1 travis travis  13080 Mar  5 13:49 JavaCompiledCompositeTest3_CompiledCompositeActor.java
-rw-rw-r--   1 travis travis   1397 Mar  5 13:49 JavaCompiledCompositeTest3_CompiledCompositeActor$_JavaCompiledCompositeTest3_CompiledCompositeActor.class
-rw-rw-r--   1 travis travis   1625 Mar  5 13:49 JavaCompiledCompositeTest3_CompiledCompositeActor.mk
-rw-rw-r--   1 travis travis   4183 Mar  5 13:49 JavaCompiledCompositeTest4_CompiledCompositeActor.class
-rw-rw-r--   1 travis travis   9687 Mar  5 13:49 JavaCompiledCompositeTest4_CompiledCompositeActor.java
-rw-rw-r--   1 travis travis    876 Mar  5 13:49 JavaCompiledCompositeTest4_CompiledCompositeActor$_JavaCompiledCompositeTest4_CompiledCompositeActor.class
-rw-rw-r--   1 travis travis   1625 Mar  5 13:49 JavaCompiledCompositeTest4_CompiledCompositeActor.mk
drwxrwxr-x   3 travis travis  12288 Mar  5 13:45 LookupTable
drwxrwxr-x   3 travis travis  20480 Mar  5 13:45 MaxIndex
-rw-rw-r--   1 travis travis   3925 Mar  5 13:49 ModularCG_A1_B1.class
-rw-rw-r--   1 travis travis   9730 Mar  5 13:49 ModularCG_A1_B1.java
-rw-rw-r--   1 travis travis    832 Mar  5 13:49 ModularCG_A1_B1.mk
-rw-rw-r--   1 travis travis   1318 Mar  5 13:49 ModularCG_A1_B1_profile.class
-rw-rw-r--   1 travis travis   1262 Mar  5 13:49 ModularCG_A1_B1_profile.java
-rw-rw-r--   1 travis travis   3925 Mar  5 13:50 ModularCG_A1_B2.class
-rw-rw-r--   1 travis travis   9730 Mar  5 13:50 ModularCG_A1_B2.java
-rw-rw-r--   1 travis travis    832 Mar  5 13:50 ModularCG_A1_B2.mk
-rw-rw-r--   1 travis travis   1318 Mar  5 13:50 ModularCG_A1_B2_profile.class
-rw-rw-r--   1 travis travis   1262 Mar  5 13:49 ModularCG_A1_B2_profile.java
-rw-rw-r--   1 travis travis   5031 Mar  5 13:50 ModularCG_A1.class
-rw-rw-r--   1 travis travis  14742 Mar  5 13:50 ModularCG_A1.java
-rw-rw-r--   1 travis travis    808 Mar  5 13:50 ModularCG_A1.mk
-rw-rw-r--   1 travis travis   1433 Mar  5 13:50 ModularCG_A1_profile.class
-rw-rw-r--   1 travis travis   1704 Mar  5 13:50 ModularCG_A1_profile.java
-rw-rw-r--   1 travis travis   4059 Mar  5 13:50 ModularCG_A2_B1.class
-rw-rw-r--   1 travis travis  10667 Mar  5 13:50 ModularCG_A2_B1.java
-rw-rw-r--   1 travis travis    832 Mar  5 13:50 ModularCG_A2_B1.mk
-rw-rw-r--   1 travis travis   1381 Mar  5 13:50 ModularCG_A2_B1_profile.class
-rw-rw-r--   1 travis travis   1446 Mar  5 13:50 ModularCG_A2_B1_profile.java
-rw-rw-r--   1 travis travis   3925 Mar  5 13:50 ModularCG_A2_B2.class
-rw-rw-r--   1 travis travis   9730 Mar  5 13:50 ModularCG_A2_B2.java
-rw-rw-r--   1 travis travis    832 Mar  5 13:50 ModularCG_A2_B2.mk
-rw-rw-r--   1 travis travis   1318 Mar  5 13:50 ModularCG_A2_B2_profile.class
-rw-rw-r--   1 travis travis   1262 Mar  5 13:50 ModularCG_A2_B2_profile.java
-rw-rw-r--   1 travis travis   5102 Mar  5 13:50 ModularCG_A2.class
-rw-rw-r--   1 travis travis  15129 Mar  5 13:50 ModularCG_A2.java
-rw-rw-r--   1 travis travis    808 Mar  5 13:50 ModularCG_A2.mk
-rw-rw-r--   1 travis travis   1433 Mar  5 13:50 ModularCG_A2_profile.class
-rw-rw-r--   1 travis travis   1704 Mar  5 13:50 ModularCG_A2_profile.java
-rw-rw-r--   1 travis travis   3705 Mar  5 13:50 ModularCGPubSub_A1_A2.class
-rw-rw-r--   1 travis travis   9076 Mar  5 13:50 ModularCGPubSub_A1_A2.java
-rw-rw-r--   1 travis travis    880 Mar  5 13:50 ModularCGPubSub_A1_A2.mk
-rw-rw-r--   1 travis travis   1300 Mar  5 13:50 ModularCGPubSub_A1_A2_profile.class
-rw-rw-r--   1 travis travis   1222 Mar  5 13:50 ModularCGPubSub_A1_A2_profile.java
-rw-rw-r--   1 travis travis   4022 Mar  5 13:50 ModularCGPubSub_A1.class
-rw-rw-r--   1 travis travis   9836 Mar  5 13:50 ModularCGPubSub_A1.java
-rw-rw-r--   1 travis travis    856 Mar  5 13:50 ModularCGPubSub_A1.mk
-rw-rw-r--   1 travis travis   1346 Mar  5 13:50 ModularCGPubSub_A1_profile.class
-rw-rw-r--   1 travis travis   1388 Mar  5 13:50 ModularCGPubSub_A1_profile.java
-rw-rw-r--   1 travis travis   4220 Mar  5 13:50 ModularCodeGen2_ModularCodeGenTypedCompositeActor.class
-rw-rw-r--   1 travis travis  11690 Mar  5 13:50 ModularCodeGen2_ModularCodeGenTypedCompositeActor.java
-rw-rw-r--   1 travis travis   1104 Mar  5 13:50 ModularCodeGen2_ModularCodeGenTypedCompositeActor.mk
-rw-rw-r--   1 travis travis   4504 Mar  5 13:50 ModularCodeGen2_ModularCodeGenTypedCompositeActor_ModularCodeGenTypedCompositeActor.class
-rw-rw-r--   1 travis travis  11790 Mar  5 13:50 ModularCodeGen2_ModularCodeGenTypedCompositeActor_ModularCodeGenTypedCompositeActor.java
-rw-rw-r--   1 travis travis   1376 Mar  5 13:50 ModularCodeGen2_ModularCodeGenTypedCompositeActor_ModularCodeGenTypedCompositeActor.mk
-rw-rw-r--   1 travis travis   1421 Mar  5 13:50 ModularCodeGen2_ModularCodeGenTypedCompositeActor_ModularCodeGenTypedCompositeActor_profile.class
-rw-rw-r--   1 travis travis   1294 Mar  5 13:50 ModularCodeGen2_ModularCodeGenTypedCompositeActor_ModularCodeGenTypedCompositeActor_profile.java
-rw-rw-r--   1 travis travis    820 Mar  5 13:50 ModularCodeGen2_ModularCodeGenTypedCompositeActor_profile.class
-rw-rw-r--   1 travis travis    693 Mar  5 13:50 ModularCodeGen2_ModularCodeGenTypedCompositeActor_profile.java
-rw-rw-r--   1 travis travis   1274 Mar  5 13:50 ModularCodeGen3_A1_B1_profile.java
-rw-rw-r--   1 travis travis   4186 Mar  5 13:50 ModularCodeGen_ModularCodeGenTypedCompositeActor.class
-rw-rw-r--   1 travis travis  10970 Mar  5 13:50 ModularCodeGen_ModularCodeGenTypedCompositeActor.java
-rw-rw-r--   1 travis travis   1096 Mar  5 13:50 ModularCodeGen_ModularCodeGenTypedCompositeActor.mk
-rw-rw-r--   1 travis travis   1384 Mar  5 13:50 ModularCodeGen_ModularCodeGenTypedCompositeActor_profile.class
-rw-rw-r--   1 travis travis   1328 Mar  5 13:50 ModularCodeGen_ModularCodeGenTypedCompositeActor_profile.java
-rw-rw-r--   1 travis travis   3724 Mar  5 13:49 ModularCodeGenTest_A1_A2.class
-rw-rw-r--   1 travis travis   9164 Mar  5 13:49 ModularCodeGenTest_A1_A2.java
-rw-rw-r--   1 travis travis   1306 Mar  5 13:49 ModularCodeGenTest_A1_A2_profile.class
-rw-rw-r--   1 travis travis   4055 Mar  5 13:49 ModularCodeGenTest_A1.class
-rw-rw-r--   1 travis travis   9968 Mar  5 13:49 ModularCodeGenTest_A1.java
-rw-rw-r--   1 travis travis    880 Mar  5 13:49 ModularCodeGenTest_A1.mk
-rw-rw-r--   1 travis travis   1352 Mar  5 13:49 ModularCodeGenTest_A1_profile.class
-rw-rw-r--   1 travis travis   1394 Mar  5 13:49 ModularCodeGenTest_A1_profile.java
drwxrwxr-x   3 travis travis  32768 Mar  5 13:49 modulation2
drwxrwxr-x 166 travis travis  12288 Mar  5 13:49 node_modules
drwxrwxr-x   3 travis travis  20480 Mar  5 13:45 PhaseUnwrap
drwxrwxr-x   3 travis travis  12288 Mar  5 13:45 ReadFile1
-rw-rw-r--   1 travis travis     11 Mar  5 13:45 ReadFile1Output.txt
-rw-rw-r--   1 travis travis  13773 Mar  5 13:49 Repeat.class
-rw-rw-r--   1 travis travis    685 Mar  5 13:49 Repeat$_fireFunction_Repeat_Repeat$__f_sL_11.class
-rw-rw-r--   1 travis travis    541 Mar  5 13:49 Repeat$_fireFunction_Repeat_Repeat$__f_sL_12.class
-rw-rw-r--   1 travis travis    541 Mar  5 13:49 Repeat$_fireFunction_Repeat_Repeat$__f_sL_13.class
-rw-rw-r--   1 travis travis    541 Mar  5 13:49 Repeat$_fireFunction_Repeat_Repeat$__f_sL_14.class
-rw-rw-r--   1 travis travis    684 Mar  5 13:49 Repeat$_fireFunction_Repeat_Repeat$__f_sL_1.class
-rw-rw-r--   1 travis travis    683 Mar  5 13:49 Repeat$_fireFunction_Repeat_Repeat$__f_sL_4.class
-rw-rw-r--   1 travis travis    539 Mar  5 13:49 Repeat$_fireFunction_Repeat_Repeat$__f_sL_9.class
-rw-rw-r--   1 travis travis    494 Mar  5 13:49 Repeat$_initialize_Repeat$__i_sL_2.class
-rw-rw-r--   1 travis travis   1281 Mar  5 13:49 Repeat.mk
-rw-rw-r--   1 travis travis    539 Mar  5 13:49 Repeat$_preinitializeMethod_Repeat$__p_sL_0.class
-rw-rw-r--   1 travis travis   1102 Mar  5 13:49 Repeat$_Repeat$_fireFunction_Repeat_AddSubtract_Repeat.class
-rw-rw-r--   1 travis travis    810 Mar  5 13:49 Repeat$_Repeat$_fireFunction_Repeat_AddSubtract_Repeat$__f_sL_0.class
-rw-rw-r--   1 travis travis    928 Mar  5 13:49 Repeat$_Repeat$_fireFunction_Repeat_AddSubtract_Repeat$__f_sL_1.class
-rw-rw-r--   1 travis travis    934 Mar  5 13:49 Repeat$_Repeat$_fireFunction_Repeat_AddSubtract_Repeat$__f_sL_2.class
-rw-rw-r--   1 travis travis    862 Mar  5 13:49 Repeat$_Repeat$_fireFunction_Repeat_AddSubtract_Repeat$__f_sL_3.class
-rw-rw-r--   1 travis travis    757 Mar  5 13:49 Repeat$_Repeat$_fireFunction_Repeat_Ramp2_Repeat$__f_sL_0.class
-rw-rw-r--   1 travis travis    888 Mar  5 13:49 Repeat$_Repeat$_fireFunction_Repeat_Test_Repeat$__f_sL_0.class
-rw-rw-r--   1 travis travis    634 Mar  5 13:49 Repeat$_Repeat$_fireFunction_Repeat_Test_Repeat$__f_sL_1.class
-rw-rw-r--   1 travis travis    704 Mar  5 13:49 Repeat$_Repeat_SDF_Director_run_Repeat$__R_sL_0.class
-rw-rw-r--   1 travis travis    705 Mar  5 13:49 Repeat$_Repeat_SDF_Director_run_Repeat$__R_sL_11.class
-rw-rw-r--   1 travis travis    561 Mar  5 13:49 Repeat$_Repeat_SDF_Director_run_Repeat$__R_sL_13.class
-rw-rw-r--   1 travis travis    559 Mar  5 13:49 Repeat$_Repeat_SDF_Director_run_Repeat$__R_sL_2.class
-rw-rw-r--   1 travis travis    703 Mar  5 13:49 Repeat$_Repeat_SDF_Director_run_Repeat$__R_sL_3.class
-rw-rw-r--   1 travis travis    559 Mar  5 13:49 Repeat$_Repeat_SDF_Director_run_Repeat$__R_sL_5.class
-rw-rw-r--   1 travis travis    559 Mar  5 13:49 Repeat$_Repeat_SDF_Director_run_Repeat$__R_sL_8.class
drwxrwxr-x   2 travis travis   4096 Mar  5 13:49 RepeatVariables
-rw-rw-r--   1 travis travis    882 Mar  5 13:49 Repeat$_varinit_Repeat.class
-rw-rw-r--   1 travis travis    550 Mar  5 13:49 Repeat$_varinit_Repeat$__v_sL_2.class
-rw-rw-r--   1 travis travis    924 Mar  5 13:49 Repeat$_varinit_Repeat$__v_sL_4.class
-rw-rw-r--   1 travis travis    978 Mar  5 13:49 Repeat$_wrapup_Repeat$__w_sL_1.class
drwxrwxr-x   3 travis travis  20480 Mar  5 13:46 Sinewave
drwxrwxr-x   3 travis travis  32768 Mar  5 13:47 StringFunction
drwxrwxr-x   3 travis travis  12288 Mar  5 13:47 StringLength
drwxrwxr-x   3 travis travis  61440 Mar  5 13:47 StringMatches2
drwxrwxr-x   3 travis travis  61440 Mar  5 13:48 StringSimpleReplace
drwxrwxr-x   3 travis travis  65536 Mar  5 13:48 StringSubstring
drwxrwxr-x   3 travis travis  24576 Mar  5 13:48 StringSubstring2
drwxrwxr-x   3 travis travis  16384 Mar  5 13:49 time1
drwxrwxr-x   3 travis travis  12288 Mar  5 13:49 time5
-rw-rw-r--   1 travis travis    432 Mar  5 13:50 Token.class
-rw-rw-r--   1 travis travis    251 Mar  5 13:50 Token.java
-rwxrwxr-x   1 travis travis 466992 Mar  5 13:43 top
-rw-rw-r--   1 travis travis  20502 Mar  5 13:43 top.c
-rw-rw-r--   1 travis travis   3799 Mar  5 13:49 top.class
-rw-rw-r--   1 travis travis   1257 Mar  5 13:49 top.mk
All Done
Writing ModularCodeGen3_A1_B1.java in file:/home/travis/cg/ (9958 characters)
Reading "ptolemy/cg/kernel/generic/program/procedural/java/modular/makefile.in",
    writing "/home/travis/cg/ModularCodeGen3_A1_B1.mk"
Using ptolemy/cg/kernel/generic/program/procedural/java/modular/makefile.in
In "/home/travis/cg", about to execute:
    make -f ModularCodeGen3_A1_B1.mk
javac -classpath ".:.."    ModularCodeGen3_A1_B1.java
All Done
In "/home/travis/cg", about to execute:
    pwd
In "/home/travis/cg", about to execute:
    ls -l
/home/travis/cg
total 1764
drwxrwxr-x   3 travis travis  12288 Mar  5 13:44 AbsoluteValue
drwxrwxr-x   3 travis travis 102400 Mar  5 13:43 AllColt
drwxrwxr-x   3 travis travis  12288 Mar  5 13:44 Case1
-rw-rw-r--   1 travis travis   5128 Mar  5 13:49 CompiledCompositeActor_CompiledCompositeActor.class
-rw-rw-r--   1 travis travis   1611 Mar  5 13:49 CompiledCompositeActor_CompiledCompositeActor$_CompiledCompositeActor_CompiledCompositeActor.class
-rw-rw-r--   1 travis travis  13466 Mar  5 13:49 CompiledCompositeActor_CompiledCompositeActor.java
-rw-rw-r--   1 travis travis   1593 Mar  5 13:49 CompiledCompositeActor_CompiledCompositeActor.mk
drwxrwxr-x   5 travis travis   4096 Mar  5 13:43 fmi
drwxrwxr-x   3 travis travis  16384 Mar  5 13:44 Gaussian2
-rw-rw-r--   1 travis travis   4684 Mar  5 13:49 JavaCompiledCompositeTest1_CompiledCompositeActor.class
-rw-rw-r--   1 travis travis  11637 Mar  5 13:49 JavaCompiledCompositeTest1_CompiledCompositeActor.java
-rw-rw-r--   1 travis travis   1217 Mar  5 13:49 JavaCompiledCompositeTest1_CompiledCompositeActor$_JavaCompiledCompositeTest1_CompiledCompositeActor.class
-rw-rw-r--   1 travis travis   1625 Mar  5 13:49 JavaCompiledCompositeTest1_CompiledCompositeActor.mk
-rw-rw-r--   1 travis travis   5115 Mar  5 13:49 JavaCompiledCompositeTest2_CompiledCompositeActor.class
-rw-rw-r--   1 travis travis  14919 Mar  5 13:49 JavaCompiledCompositeTest2_CompiledCompositeActor.java
-rw-rw-r--   1 travis travis   1812 Mar  5 13:49 JavaCompiledCompositeTest2_CompiledCompositeActor$_JavaCompiledCompositeTest2_CompiledCompositeActor.class
-rw-rw-r--   1 travis travis   1625 Mar  5 13:49 JavaCompiledCompositeTest2_CompiledCompositeActor.mk
-rw-rw-r--   1 travis travis   4732 Mar  5 13:49 JavaCompiledCompositeTest3_CompiledCompositeActor.class
-rw-rw-r--   1 travis travis  13080 Mar  5 13:49 JavaCompiledCompositeTest3_CompiledCompositeActor.java
-rw-rw-r--   1 travis travis   1397 Mar  5 13:49 JavaCompiledCompositeTest3_CompiledCompositeActor$_JavaCompiledCompositeTest3_CompiledCompositeActor.class
-rw-rw-r--   1 travis travis   1625 Mar  5 13:49 JavaCompiledCompositeTest3_CompiledCompositeActor.mk
-rw-rw-r--   1 travis travis   4183 Mar  5 13:49 JavaCompiledCompositeTest4_CompiledCompositeActor.class
-rw-rw-r--   1 travis travis   9687 Mar  5 13:49 JavaCompiledCompositeTest4_CompiledCompositeActor.java
-rw-rw-r--   1 travis travis    876 Mar  5 13:49 JavaCompiledCompositeTest4_CompiledCompositeActor$_JavaCompiledCompositeTest4_CompiledCompositeActor.class
-rw-rw-r--   1 travis travis   1625 Mar  5 13:49 JavaCompiledCompositeTest4_CompiledCompositeActor.mk
drwxrwxr-x   3 travis travis  12288 Mar  5 13:45 LookupTable
drwxrwxr-x   3 travis travis  20480 Mar  5 13:45 MaxIndex
-rw-rw-r--   1 travis travis   3925 Mar  5 13:49 ModularCG_A1_B1.class
-rw-rw-r--   1 travis travis   9730 Mar  5 13:49 ModularCG_A1_B1.java
-rw-rw-r--   1 travis travis    832 Mar  5 13:49 ModularCG_A1_B1.mk
-rw-rw-r--   1 travis travis   1318 Mar  5 13:49 ModularCG_A1_B1_profile.class
-rw-rw-r--   1 travis travis   1262 Mar  5 13:49 ModularCG_A1_B1_profile.java
-rw-rw-r--   1 travis travis   3925 Mar  5 13:50 ModularCG_A1_B2.class
-rw-rw-r--   1 travis travis   9730 Mar  5 13:50 ModularCG_A1_B2.java
-rw-rw-r--   1 travis travis    832 Mar  5 13:50 ModularCG_A1_B2.mk
-rw-rw-r--   1 travis travis   1318 Mar  5 13:50 ModularCG_A1_B2_profile.class
-rw-rw-r--   1 travis travis   1262 Mar  5 13:49 ModularCG_A1_B2_profile.java
-rw-rw-r--   1 travis travis   5031 Mar  5 13:50 ModularCG_A1.class
-rw-rw-r--   1 travis travis  14742 Mar  5 13:50 ModularCG_A1.java
-rw-rw-r--   1 travis travis    808 Mar  5 13:50 ModularCG_A1.mk
-rw-rw-r--   1 travis travis   1433 Mar  5 13:50 ModularCG_A1_profile.class
-rw-rw-r--   1 travis travis   1704 Mar  5 13:50 ModularCG_A1_profile.java
-rw-rw-r--   1 travis travis   4059 Mar  5 13:50 ModularCG_A2_B1.class
-rw-rw-r--   1 travis travis  10667 Mar  5 13:50 ModularCG_A2_B1.java
-rw-rw-r--   1 travis travis    832 Mar  5 13:50 ModularCG_A2_B1.mk
-rw-rw-r--   1 travis travis   1381 Mar  5 13:50 ModularCG_A2_B1_profile.class
-rw-rw-r--   1 travis travis   1446 Mar  5 13:50 ModularCG_A2_B1_profile.java
-rw-rw-r--   1 travis travis   3925 Mar  5 13:50 ModularCG_A2_B2.class
-rw-rw-r--   1 travis travis   9730 Mar  5 13:50 ModularCG_A2_B2.java
-rw-rw-r--   1 travis travis    832 Mar  5 13:50 ModularCG_A2_B2.mk
-rw-rw-r--   1 travis travis   1318 Mar  5 13:50 ModularCG_A2_B2_profile.class
-rw-rw-r--   1 travis travis   1262 Mar  5 13:50 ModularCG_A2_B2_profile.java
-rw-rw-r--   1 travis travis   5102 Mar  5 13:50 ModularCG_A2.class
-rw-rw-r--   1 travis travis  15129 Mar  5 13:50 ModularCG_A2.java
-rw-rw-r--   1 travis travis    808 Mar  5 13:50 ModularCG_A2.mk
-rw-rw-r--   1 travis travis   1433 Mar  5 13:50 ModularCG_A2_profile.class
-rw-rw-r--   1 travis travis   1704 Mar  5 13:50 ModularCG_A2_profile.java
-rw-rw-r--   1 travis travis   3705 Mar  5 13:50 ModularCGPubSub_A1_A2.class
-rw-rw-r--   1 travis travis   9076 Mar  5 13:50 ModularCGPubSub_A1_A2.java
-rw-rw-r--   1 travis travis    880 Mar  5 13:50 ModularCGPubSub_A1_A2.mk
-rw-rw-r--   1 travis travis   1300 Mar  5 13:50 ModularCGPubSub_A1_A2_profile.class
-rw-rw-r--   1 travis travis   1222 Mar  5 13:50 ModularCGPubSub_A1_A2_profile.java
-rw-rw-r--   1 travis travis   4022 Mar  5 13:50 ModularCGPubSub_A1.class
-rw-rw-r--   1 travis travis   9836 Mar  5 13:50 ModularCGPubSub_A1.java
-rw-rw-r--   1 travis travis    856 Mar  5 13:50 ModularCGPubSub_A1.mk
-rw-rw-r--   1 travis travis   1346 Mar  5 13:50 ModularCGPubSub_A1_profile.class
-rw-rw-r--   1 travis travis   1388 Mar  5 13:50 ModularCGPubSub_A1_profile.java
-rw-rw-r--   1 travis travis   4220 Mar  5 13:50 ModularCodeGen2_ModularCodeGenTypedCompositeActor.class
-rw-rw-r--   1 travis travis  11690 Mar  5 13:50 ModularCodeGen2_ModularCodeGenTypedCompositeActor.java
-rw-rw-r--   1 travis travis   1104 Mar  5 13:50 ModularCodeGen2_ModularCodeGenTypedCompositeActor.mk
-rw-rw-r--   1 travis travis   4504 Mar  5 13:50 ModularCodeGen2_ModularCodeGenTypedCompositeActor_ModularCodeGenTypedCompositeActor.class
-rw-rw-r--   1 travis travis  11790 Mar  5 13:50 ModularCodeGen2_ModularCodeGenTypedCompositeActor_ModularCodeGenTypedCompositeActor.java
-rw-rw-r--   1 travis travis   1376 Mar  5 13:50 ModularCodeGen2_ModularCodeGenTypedCompositeActor_ModularCodeGenTypedCompositeActor.mk
-rw-rw-r--   1 travis travis   1421 Mar  5 13:50 ModularCodeGen2_ModularCodeGenTypedCompositeActor_ModularCodeGenTypedCompositeActor_profile.class
-rw-rw-r--   1 travis travis   1294 Mar  5 13:50 ModularCodeGen2_ModularCodeGenTypedCompositeActor_ModularCodeGenTypedCompositeActor_profile.java
-rw-rw-r--   1 travis travis    820 Mar  5 13:50 ModularCodeGen2_ModularCodeGenTypedCompositeActor_profile.class
-rw-rw-r--   1 travis travis    693 Mar  5 13:50 ModularCodeGen2_ModularCodeGenTypedCompositeActor_profile.java
-rw-rw-r--   1 travis travis   3973 Mar  5 13:50 ModularCodeGen3_A1_B1.class
-rw-rw-r--   1 travis travis   9958 Mar  5 13:50 ModularCodeGen3_A1_B1.java
-rw-rw-r--   1 travis travis    880 Mar  5 13:50 ModularCodeGen3_A1_B1.mk
-rw-rw-r--   1 travis travis   1330 Mar  5 13:50 ModularCodeGen3_A1_B1_profile.class
-rw-rw-r--   1 travis travis   1274 Mar  5 13:50 ModularCodeGen3_A1_B1_profile.java
-rw-rw-r--   1 travis travis   1274 Mar  5 13:50 ModularCodeGen3_A1_B2_profile.java
-rw-rw-r--   1 travis travis   4186 Mar  5 13:50 ModularCodeGen_ModularCodeGenTypedCompositeActor.class
-rw-rw-r--   1 travis travis  10970 Mar  5 13:50 ModularCodeGen_ModularCodeGenTypedCompositeActor.java
-rw-rw-r--   1 travis travis   1096 Mar  5 13:50 ModularCodeGen_ModularCodeGenTypedCompositeActor.mk
-rw-rw-r--   1 travis travis   1384 Mar  5 13:50 ModularCodeGen_ModularCodeGenTypedCompositeActor_profile.class
-rw-rw-r--   1 travis travis   1328 Mar  5 13:50 ModularCodeGen_ModularCodeGenTypedCompositeActor_profile.java
-rw-rw-r--   1 travis travis   3724 Mar  5 13:49 ModularCodeGenTest_A1_A2.class
-rw-rw-r--   1 travis travis   9164 Mar  5 13:49 ModularCodeGenTest_A1_A2.java
-rw-rw-r--   1 travis travis   1306 Mar  5 13:49 ModularCodeGenTest_A1_A2_profile.class
-rw-rw-r--   1 travis travis   4055 Mar  5 13:49 ModularCodeGenTest_A1.class
-rw-rw-r--   1 travis travis   9968 Mar  5 13:49 ModularCodeGenTest_A1.java
-rw-rw-r--   1 travis travis    880 Mar  5 13:49 ModularCodeGenTest_A1.mk
-rw-rw-r--   1 travis travis   1352 Mar  5 13:49 ModularCodeGenTest_A1_profile.class
-rw-rw-r--   1 travis travis   1394 Mar  5 13:49 ModularCodeGenTest_A1_profile.java
drwxrwxr-x   3 travis travis  32768 Mar  5 13:49 modulation2
drwxrwxr-x 166 travis travis  12288 Mar  5 13:49 node_modules
drwxrwxr-x   3 travis travis  20480 Mar  5 13:45 PhaseUnwrap
drwxrwxr-x   3 travis travis  12288 Mar  5 13:45 ReadFile1
-rw-rw-r--   1 travis travis     11 Mar  5 13:45 ReadFile1Output.txt
-rw-rw-r--   1 travis travis  13773 Mar  5 13:49 Repeat.class
-rw-rw-r--   1 travis travis    685 Mar  5 13:49 Repeat$_fireFunction_Repeat_Repeat$__f_sL_11.class
-rw-rw-r--   1 travis travis    541 Mar  5 13:49 Repeat$_fireFunction_Repeat_Repeat$__f_sL_12.class
-rw-rw-r--   1 travis travis    541 Mar  5 13:49 Repeat$_fireFunction_Repeat_Repeat$__f_sL_13.class
-rw-rw-r--   1 travis travis    541 Mar  5 13:49 Repeat$_fireFunction_Repeat_Repeat$__f_sL_14.class
-rw-rw-r--   1 travis travis    684 Mar  5 13:49 Repeat$_fireFunction_Repeat_Repeat$__f_sL_1.class
-rw-rw-r--   1 travis travis    683 Mar  5 13:49 Repeat$_fireFunction_Repeat_Repeat$__f_sL_4.class
-rw-rw-r--   1 travis travis    539 Mar  5 13:49 Repeat$_fireFunction_Repeat_Repeat$__f_sL_9.class
-rw-rw-r--   1 travis travis    494 Mar  5 13:49 Repeat$_initialize_Repeat$__i_sL_2.class
-rw-rw-r--   1 travis travis   1281 Mar  5 13:49 Repeat.mk
-rw-rw-r--   1 travis travis    539 Mar  5 13:49 Repeat$_preinitializeMethod_Repeat$__p_sL_0.class
-rw-rw-r--   1 travis travis   1102 Mar  5 13:49 Repeat$_Repeat$_fireFunction_Repeat_AddSubtract_Repeat.class
-rw-rw-r--   1 travis travis    810 Mar  5 13:49 Repeat$_Repeat$_fireFunction_Repeat_AddSubtract_Repeat$__f_sL_0.class
-rw-rw-r--   1 travis travis    928 Mar  5 13:49 Repeat$_Repeat$_fireFunction_Repeat_AddSubtract_Repeat$__f_sL_1.class
-rw-rw-r--   1 travis travis    934 Mar  5 13:49 Repeat$_Repeat$_fireFunction_Repeat_AddSubtract_Repeat$__f_sL_2.class
-rw-rw-r--   1 travis travis    862 Mar  5 13:49 Repeat$_Repeat$_fireFunction_Repeat_AddSubtract_Repeat$__f_sL_3.class
-rw-rw-r--   1 travis travis    757 Mar  5 13:49 Repeat$_Repeat$_fireFunction_Repeat_Ramp2_Repeat$__f_sL_0.class
-rw-rw-r--   1 travis travis    888 Mar  5 13:49 Repeat$_Repeat$_fireFunction_Repeat_Test_Repeat$__f_sL_0.class
-rw-rw-r--   1 travis travis    634 Mar  5 13:49 Repeat$_Repeat$_fireFunction_Repeat_Test_Repeat$__f_sL_1.class
-rw-rw-r--   1 travis travis    704 Mar  5 13:49 Repeat$_Repeat_SDF_Director_run_Repeat$__R_sL_0.class
-rw-rw-r--   1 travis travis    705 Mar  5 13:49 Repeat$_Repeat_SDF_Director_run_Repeat$__R_sL_11.class
-rw-rw-r--   1 travis travis    561 Mar  5 13:49 Repeat$_Repeat_SDF_Director_run_Repeat$__R_sL_13.class
-rw-rw-r--   1 travis travis    559 Mar  5 13:49 Repeat$_Repeat_SDF_Director_run_Repeat$__R_sL_2.class
-rw-rw-r--   1 travis travis    703 Mar  5 13:49 Repeat$_Repeat_SDF_Director_run_Repeat$__R_sL_3.class
-rw-rw-r--   1 travis travis    559 Mar  5 13:49 Repeat$_Repeat_SDF_Director_run_Repeat$__R_sL_5.class
-rw-rw-r--   1 travis travis    559 Mar  5 13:49 Repeat$_Repeat_SDF_Director_run_Repeat$__R_sL_8.class
drwxrwxr-x   2 travis travis   4096 Mar  5 13:49 RepeatVariables
-rw-rw-r--   1 travis travis    882 Mar  5 13:49 Repeat$_varinit_Repeat.class
-rw-rw-r--   1 travis travis    550 Mar  5 13:49 Repeat$_varinit_Repeat$__v_sL_2.class
-rw-rw-r--   1 travis travis    924 Mar  5 13:49 Repeat$_varinit_Repeat$__v_sL_4.class
-rw-rw-r--   1 travis travis    978 Mar  5 13:49 Repeat$_wrapup_Repeat$__w_sL_1.class
drwxrwxr-x   3 travis travis  20480 Mar  5 13:46 Sinewave
drwxrwxr-x   3 travis travis  32768 Mar  5 13:47 StringFunction
drwxrwxr-x   3 travis travis  12288 Mar  5 13:47 StringLength
drwxrwxr-x   3 travis travis  61440 Mar  5 13:47 StringMatches2
drwxrwxr-x   3 travis travis  61440 Mar  5 13:48 StringSimpleReplace
drwxrwxr-x   3 travis travis  65536 Mar  5 13:48 StringSubstring
drwxrwxr-x   3 travis travis  24576 Mar  5 13:48 StringSubstring2
drwxrwxr-x   3 travis travis  16384 Mar  5 13:49 time1
drwxrwxr-x   3 travis travis  12288 Mar  5 13:49 time5
-rw-rw-r--   1 travis travis    432 Mar  5 13:50 Token.class
-rw-rw-r--   1 travis travis    251 Mar  5 13:50 Token.java
-rwxrwxr-x   1 travis travis 466992 Mar  5 13:43 top
-rw-rw-r--   1 travis travis  20502 Mar  5 13:43 top.c
-rw-rw-r--   1 travis travis   3799 Mar  5 13:49 top.class
-rw-rw-r--   1 travis travis   1257 Mar  5 13:49 top.mk
In "/home/travis/cg", about to execute:
    javac -classpath
.:/home/travis/build/icyphy/ptII:/home/travis/build/icyphy/ptII/lib/bsh-2.0b4.j
ar:/home/travis/build/icyphy/ptII/lib/ptCal.jar:/home/travis/build/icyphy/ptII/
lib/java_cup.jar:/home/travis/build/icyphy/ptII/lib/saxon8.jar:/home/travis/bui
ld/icyphy/ptII/lib/saxon8-dom.jar:/home/travis/build/icyphy/ptII/lib/chic.jar:/
home/travis/build/icyphy/ptII/lib/ptcolt.jar:/home/travis/build/icyphy/ptII/ven
dors/misc/itext/iText.jar:/home/travis/build/icyphy/ptII/lib/g4ltl.jar:/home/tr
avis/build/icyphy/ptII/lib/StructuralCoder.jar:/home/travis/build/icyphy/ptII/l
ib/jcerti.jar:/home/travis/build/icyphy/ptII/lib/javax.mail.jar:/home/travis/bu
ild/icyphy/ptII/vendors/JMF-2.1.1e/lib/jmf.jar:/home/travis/build/icyphy/ptII/l
ib/jna-4.0.0-variadic.jar:/home/travis/build/icyphy/ptII/vendors/misc/joystick/
Joystick.jar:/home/travis/build/icyphy/ptII/lib/ptjacl.jar:/home/travis/build/i
cyphy/ptII/lib/jsoup-1.8.2.jar:/home/travis/build/icyphy/ptII/lib/junit-4.8.2.j
ar:/home/travis/build/icyphy/ptII/lib/JUnitParams-0.4.0.jar:/home/travis/build/
icyphy/ptII/ptolemy/actor/lib/excel/jxl.jar:/home/travis/build/icyphy/ptII/lib/
jython.jar:/home/travis/build/icyphy/ptII/lib/kieler.jar:/home/travis/build/icy
phy/ptII/vendors/opencv/share/OpenCV/java/opencv-341.jar:/home/travis/build/icy
phy/ptII/lib/oscP5.jar:/home/travis/build/icyphy/ptII/lib/nrjavaserial-3.11.0.d
evel.jar:/home/travis/build/icyphy/ptII/vendors/j3d/lib/Linux/j3dcore.jar:/home
/travis/build/icyphy/ptII/vendors/j3d/lib/Linux/j3dutils.jar:/home/travis/build
/icyphy/ptII/vendors/j3d/lib/Linux/vecmath.jar:/home/travis/build/icyphy/ptII/v
endors/jogl/lib/Linux/gluegen-rt-natives-linux-amd64.jar:/home/travis/build/icy
phy/ptII/vendors/jogl/lib/Linux/gluegen-rt.jar:/home/travis/build/icyphy/ptII/v
endors/jogl/lib/Linux/jogl-all-natives-linux-amd64.jar:/home/travis/build/icyph
y/ptII/vendors/jogl/lib/Linux/jogl-all.jar:/home/travis/build/icyphy/ptII/ptole
my/distributed/jini/jar/jini-core.jar:/home/travis/build/icyphy/ptII/ptolemy/di
stributed/jini/jar/jini-ext.jar:/home/travis/build/icyphy/ptII/ptolemy/distribu
ted/jini/jar/sun-util.jar:/home/travis/build/icyphy/ptII/lib/protobuf-java-2.4.
1.jar:/home/travis/build/icyphy/ptII/lib/org.eclipse.paho.client.mqttv3.jar:/ho
me/travis/build/icyphy/ptII/lib/mapss.jar:/home/travis/build/icyphy/ptII/ptolem
y/actor/ptalon/antlr/antlr.jar:/home/travis/build/icyphy/ptII/lib/JRI.jar:/home
/travis/build/icyphy/ptII/lib/commons-lang-2.6.jar:/home/travis/build/icyphy/pt
II/lib/commons-logging-1.1.1.jar:/home/travis/build/icyphy/ptII/lib/sootclasses
.jar:/home/travis/build/icyphy/ptII/ptolemy/actor/lib/database/mysql-connector-
java-5.1.6-bin.jar:/home/travis/build/icyphy/ptII/vendors/misc/sphinx4/sphinx4-
data-5prealpha.jar:/home/travis/build/icyphy/ptII/vendors/misc/sphinx4/sphinx4-
core-5prealpha.jar:/home/travis/build/icyphy/ptII/lib/PDFRenderer.jar:/home/tra
vis/build/icyphy/ptII/lib/svgSalamander.jar:/home/travis/build/icyphy/ptII/lib/
rsyntaxtextarea-2.6.0-SNAPSHOT.jar:/home/travis/build/icyphy/ptII/lib/hazelcast
-3.8.2.jar:/home/travis/build/icyphy/ptII/lib/jackson-annotations-2.9.0.jar:/ho
me/travis/build/icyphy/ptII/lib/jackson-core-2.9.3.jar:/home/travis/build/icyph
y/ptII/lib/jackson-databind-2.9.3.jar:/home/travis/build/icyphy/ptII/lib/netty-
buffer-4.1.19.Final.jar:/home/travis/build/icyphy/ptII/lib/netty-codec-4.1.19.F
inal.jar:/home/travis/build/icyphy/ptII/lib/netty-codec-dns-4.1.19.Final.jar:/h
ome/travis/build/icyphy/ptII/lib/netty-codec-http-4.1.19.Final.jar:/home/travis
/build/icyphy/ptII/lib/netty-codec-http2-4.1.19.Final.jar:/home/travis/build/ic
yphy/ptII/lib/netty-common-4.1.19.Final.jar:/home/travis/build/icyphy/ptII/lib/
netty-handler-4.1.19.Final.jar:/home/travis/build/icyphy/ptII/lib/netty-resolve
r-4.1.19.Final.jar:/home/travis/build/icyphy/ptII/lib/netty-resolver-dns-4.1.19
.Final.jar:/home/travis/build/icyphy/ptII/lib/netty-transport-4.1.19.Final.jar:
/home/travis/build/icyphy/ptII/lib/vertx-codegen-3.5.1.jar:/home/travis/build/i
cyphy/ptII/lib/vertx-core-3.5.2-SNAPSHOT.jar:/home/travis/build/icyphy/ptII/lib
/vertx-hazelcast-3.5.1.jar:/home/travis/build/icyphy/ptII/lib/vertx-lang-js-3.5
.1.jar:/home/travis/build/icyphy/ptII/lib/vertx-service-proxy-3.5.1.jar:/home/t
ravis/build/icyphy/ptII/lib/vertx-web-3.5.1.jar:/home/travis/build/icyphy/ptII/
lib/slf4j-api-1.7.13.jar:/home/travis/build/icyphy/ptII/lib/slf4j-simple-1.7.13
.jar:/home/travis/build/icyphy/ptII/lib/webcam-capture-0.3.12.jar:/home/travis/
build/icyphy/ptII/lib/bridj-0.7.0.jar:/home/travis/build/icyphy/ptII/lib/xbjlib
-1.1.0.nrjavaserial.jar:/home/travis/build/icyphy/ptII/ptolemy/moml/test:/home/
travis/build/icyphy/ptII/ant/lib/ant-launcher.jar:/home/travis/build/icyphy/ptI
I/ant/lib/ant.jar:/home/travis/build/icyphy/ptII/ant/lib/ant-junit.jar:/home/tr
avis/build/icyphy/ptII/ant/lib/ant-junit4.jar:/home/travis/build/icyphy/ptII
ModularCodeGen3_A1_B2_profile.java
All Done
Writing ModularCodeGen3_A1_B2.java in file:/home/travis/cg/ (9958 characters)
Reading "ptolemy/cg/kernel/generic/program/procedural/java/modular/makefile.in",
    writing "/home/travis/cg/ModularCodeGen3_A1_B2.mk"
Using ptolemy/cg/kernel/generic/program/procedural/java/modular/makefile.in
In "/home/travis/cg", about to execute:
    make -f ModularCodeGen3_A1_B2.mk
javac -classpath ".:.."    ModularCodeGen3_A1_B2.java
All Done
In "/home/travis/cg", about to execute:
    pwd
In "/home/travis/cg", about to execute:
    ls -l
/home/travis/cg
total 1792
drwxrwxr-x   3 travis travis  12288 Mar  5 13:44 AbsoluteValue
drwxrwxr-x   3 travis travis 102400 Mar  5 13:43 AllColt
drwxrwxr-x   3 travis travis  12288 Mar  5 13:44 Case1
-rw-rw-r--   1 travis travis   5128 Mar  5 13:49 CompiledCompositeActor_CompiledCompositeActor.class
-rw-rw-r--   1 travis travis   1611 Mar  5 13:49 CompiledCompositeActor_CompiledCompositeActor$_CompiledCompositeActor_CompiledCompositeActor.class
-rw-rw-r--   1 travis travis  13466 Mar  5 13:49 CompiledCompositeActor_CompiledCompositeActor.java
-rw-rw-r--   1 travis travis   1593 Mar  5 13:49 CompiledCompositeActor_CompiledCompositeActor.mk
drwxrwxr-x   5 travis travis   4096 Mar  5 13:43 fmi
drwxrwxr-x   3 travis travis  16384 Mar  5 13:44 Gaussian2
-rw-rw-r--   1 travis travis   4684 Mar  5 13:49 JavaCompiledCompositeTest1_CompiledCompositeActor.class
-rw-rw-r--   1 travis travis  11637 Mar  5 13:49 JavaCompiledCompositeTest1_CompiledCompositeActor.java
-rw-rw-r--   1 travis travis   1217 Mar  5 13:49 JavaCompiledCompositeTest1_CompiledCompositeActor$_JavaCompiledCompositeTest1_CompiledCompositeActor.class
-rw-rw-r--   1 travis travis   1625 Mar  5 13:49 JavaCompiledCompositeTest1_CompiledCompositeActor.mk
-rw-rw-r--   1 travis travis   5115 Mar  5 13:49 JavaCompiledCompositeTest2_CompiledCompositeActor.class
-rw-rw-r--   1 travis travis  14919 Mar  5 13:49 JavaCompiledCompositeTest2_CompiledCompositeActor.java
-rw-rw-r--   1 travis travis   1812 Mar  5 13:49 JavaCompiledCompositeTest2_CompiledCompositeActor$_JavaCompiledCompositeTest2_CompiledCompositeActor.class
-rw-rw-r--   1 travis travis   1625 Mar  5 13:49 JavaCompiledCompositeTest2_CompiledCompositeActor.mk
In "/home/travis/cg", about to execute:
    javac -classpath
.:/home/travis/build/icyphy/ptII:/home/travis/build/icyphy/ptII/lib/bsh-2.0b4.j
ar:/home/travis/build/icyphy/ptII/lib/ptCal.jar:/home/travis/build/icyphy/ptII/
lib/java_cup.jar:/home/travis/build/icyphy/ptII/lib/saxon8.jar:/home/travis/bui
ld/icyphy/ptII/lib/saxon8-dom.jar:/home/travis/build/icyphy/ptII/lib/chic.jar:/
home/travis/build/icyphy/ptII/lib/ptcolt.jar:/home/travis/build/icyphy/ptII/ven
dors/misc/itext/iText.jar:/home/travis/build/icyphy/ptII/lib/g4ltl.jar:/home/tr
avis/build/icyphy/ptII/lib/StructuralCoder.jar:/home/travis/build/icyphy/ptII/l
ib/jcerti.jar:/home/travis/build/icyphy/ptII/lib/javax.mail.jar:/home/travis/bu
ild/icyphy/ptII/vendors/JMF-2.1.1e/lib/jmf.jar:/home/travis/build/icyphy/ptII/l
ib/jna-4.0.0-variadic.jar:/home/travis/build/icyphy/ptII/vendors/misc/joystick/
Joystick.jar:/home/travis/build/icyphy/ptII/lib/ptjacl.jar:/home/travis/build/i
cyphy/ptII/lib/jsoup-1.8.2.jar:/home/travis/build/icyphy/ptII/lib/junit-4.8.2.j
ar:/home/travis/build/icyphy/ptII/lib/JUnitParams-0.4.0.jar:/home/travis/build/
icyphy/ptII/ptolemy/actor/lib/excel/jxl.jar:/home/travis/build/icyphy/ptII/lib/
jython.jar:/home/travis/build/icyphy/ptII/lib/kieler.jar:/home/travis/build/icy
phy/ptII/vendors/opencv/share/OpenCV/java/opencv-341.jar:/home/travis/build/icy
phy/ptII/lib/oscP5.jar:/home/travis/build/icyphy/ptII/lib/nrjavaserial-3.11.0.d
evel.jar:/home/travis/build/icyphy/ptII/vendors/j3d/lib/Linux/j3dcore.jar:/home
/travis/build/icyphy/ptII/vendors/j3d/lib/Linux/j3dutils.jar:/home/travis/build
/icyphy/ptII/vendors/j3d/lib/Linux/vecmath.jar:/home/travis/build/icyphy/ptII/v
endors/jogl/lib/Linux/gluegen-rt-natives-linux-amd64.jar:/home/travis/build/icy
phy/ptII/vendors/jogl/lib/Linux/gluegen-rt.jar:/home/travis/build/icyphy/ptII/v
endors/jogl/lib/Linux/jogl-all-natives-linux-amd64.jar:/home/travis/build/icyph
y/ptII/vendors/jogl/lib/Linux/jogl-all.jar:/home/travis/build/icyphy/ptII/ptole
my/distributed/jini/jar/jini-core.jar:/home/travis/build/icyphy/ptII/ptolemy/di
stributed/jini/jar/jini-ext.jar:/home/travis/build/icyphy/ptII/ptolemy/distribu
ted/jini/jar/sun-util.jar:/home/travis/build/icyphy/ptII/lib/protobuf-java-2.4.
1.jar:/home/travis/build/icyphy/ptII/lib/org.eclipse.paho.client.mqttv3.jar:/ho
me/travis/build/icyphy/ptII/lib/mapss.jar:/home/travis/build/icyphy/ptII/ptolem
y/actor/ptalon/antlr/antlr.jar:/home/travis/build/icyphy/ptII/lib/JRI.jar:/home
/travis/build/icyphy/ptII/lib/commons-lang-2.6.jar:/home/travis/build/icyphy/pt
II/lib/commons-logging-1.1.1.jar:/home/travis/build/icyphy/ptII/lib/sootclasses
.jar:/home/travis/build/icyphy/ptII/ptolemy/actor/lib/database/mysql-connector-
java-5.1.6-bin.jar:/home/travis/build/icyphy/ptII/vendors/misc/sphinx4/sphinx4-
data-5prealpha.jar:/home/travis/build/icyphy/ptII/vendors/misc/sphinx4/sphinx4-
core-5prealpha.jar:/home/travis/build/icyphy/ptII/lib/PDFRenderer.jar:/home/tra
vis/build/icyphy/ptII/lib/svgSalamander.jar:/home/travis/build/icyphy/ptII/lib/
rsyntaxtextarea-2.6.0-SNAPSHOT.jar:/home/travis/build/icyphy/ptII/lib/hazelcast
-3.8.2.jar:/home/travis/build/icyphy/ptII/lib/jackson-annotations-2.9.0.jar:/ho
me/travis/build/icyphy/ptII/lib/jackson-core-2.9.3.jar:/home/travis/build/icyph
y/ptII/lib/jackson-databind-2.9.3.jar:/home/travis/build/icyphy/ptII/lib/netty-
buffer-4.1.19.Final.jar:/home/travis/build/icyphy/ptII/lib/netty-codec-4.1.19.F
inal.jar:/home/travis/build/icyphy/ptII/lib/netty-codec-dns-4.1.19.Final.jar:/h
ome/travis/build/icyphy/ptII/lib/netty-codec-http-4.1.19.Final.jar:/home/travis
/build/icyphy/ptII/lib/netty-codec-http2-4.1.19.Final.jar:/home/travis/build/ic
yphy/ptII/lib/netty-common-4.1.19.Final.jar:/home/travis/build/icyphy/ptII/lib/
netty-handler-4.1.19.Final.jar:/home/travis/build/icyphy/ptII/lib/netty-resolve
r-4.1.19.Final.jar:/home/travis/build/icyphy/ptII/lib/netty-resolver-dns-4.1.19
.Final.jar:/home/travis/build/icyphy/ptII/lib/netty-transport-4.1.19.Final.jar:
/home/travis/build/icyphy/ptII/lib/vertx-codegen-3.5.1.jar:/home/travis/build/i
cyphy/ptII/lib/vertx-core-3.5.2-SNAPSHOT.jar:/home/travis/build/icyphy/ptII/lib
/vertx-hazelcast-3.5.1.jar:/home/travis/build/icyphy/ptII/lib/vertx-lang-js-3.5
.1.jar:/home/travis/build/icyphy/ptII/lib/vertx-service-proxy-3.5.1.jar:/home/t
ravis/build/icyphy/ptII/lib/vertx-web-3.5.1.jar:/home/travis/build/icyphy/ptII/
lib/slf4j-api-1.7.13.jar:/home/travis/build/icyphy/ptII/lib/slf4j-simple-1.7.13
.jar:/home/travis/build/icyphy/ptII/lib/webcam-capture-0.3.12.jar:/home/travis/
build/icyphy/ptII/lib/bridj-0.7.0.jar:/home/travis/build/icyphy/ptII/lib/xbjlib
-1.1.0.nrjavaserial.jar:/home/travis/build/icyphy/ptII/ptolemy/moml/test:/home/
travis/build/icyphy/ptII/ant/lib/ant-launcher.jar:/home/travis/build/icyphy/ptI
I/ant/lib/ant.jar:/home/travis/build/icyphy/ptII/ant/lib/ant-junit.jar:/home/tr
avis/build/icyphy/ptII/ant/lib/ant-junit4.jar:/home/travis/build/icyphy/ptII
ModularCodeGen3_A1_profile.java
-rw-rw-r--   1 travis travis   4732 Mar  5 13:49 JavaCompiledCompositeTest3_CompiledCompositeActor.class
-rw-rw-r--   1 travis travis  13080 Mar  5 13:49 JavaCompiledCompositeTest3_CompiledCompositeActor.java
-rw-rw-r--   1 travis travis   1397 Mar  5 13:49 JavaCompiledCompositeTest3_CompiledCompositeActor$_JavaCompiledCompositeTest3_CompiledCompositeActor.class
-rw-rw-r--   1 travis travis   1625 Mar  5 13:49 JavaCompiledCompositeTest3_CompiledCompositeActor.mk
-rw-rw-r--   1 travis travis   4183 Mar  5 13:49 JavaCompiledCompositeTest4_CompiledCompositeActor.class
-rw-rw-r--   1 travis travis   9687 Mar  5 13:49 JavaCompiledCompositeTest4_CompiledCompositeActor.java
-rw-rw-r--   1 travis travis    876 Mar  5 13:49 JavaCompiledCompositeTest4_CompiledCompositeActor$_JavaCompiledCompositeTest4_CompiledCompositeActor.class
-rw-rw-r--   1 travis travis   1625 Mar  5 13:49 JavaCompiledCompositeTest4_CompiledCompositeActor.mk
drwxrwxr-x   3 travis travis  12288 Mar  5 13:45 LookupTable
drwxrwxr-x   3 travis travis  20480 Mar  5 13:45 MaxIndex
-rw-rw-r--   1 travis travis   3925 Mar  5 13:49 ModularCG_A1_B1.class
-rw-rw-r--   1 travis travis   9730 Mar  5 13:49 ModularCG_A1_B1.java
-rw-rw-r--   1 travis travis    832 Mar  5 13:49 ModularCG_A1_B1.mk
-rw-rw-r--   1 travis travis   1318 Mar  5 13:49 ModularCG_A1_B1_profile.class
-rw-rw-r--   1 travis travis   1262 Mar  5 13:49 ModularCG_A1_B1_profile.java
-rw-rw-r--   1 travis travis   3925 Mar  5 13:50 ModularCG_A1_B2.class
-rw-rw-r--   1 travis travis   9730 Mar  5 13:50 ModularCG_A1_B2.java
-rw-rw-r--   1 travis travis    832 Mar  5 13:50 ModularCG_A1_B2.mk
-rw-rw-r--   1 travis travis   1318 Mar  5 13:50 ModularCG_A1_B2_profile.class
-rw-rw-r--   1 travis travis   1262 Mar  5 13:49 ModularCG_A1_B2_profile.java
-rw-rw-r--   1 travis travis   5031 Mar  5 13:50 ModularCG_A1.class
-rw-rw-r--   1 travis travis  14742 Mar  5 13:50 ModularCG_A1.java
-rw-rw-r--   1 travis travis    808 Mar  5 13:50 ModularCG_A1.mk
-rw-rw-r--   1 travis travis   1433 Mar  5 13:50 ModularCG_A1_profile.class
-rw-rw-r--   1 travis travis   1704 Mar  5 13:50 ModularCG_A1_profile.java
-rw-rw-r--   1 travis travis   4059 Mar  5 13:50 ModularCG_A2_B1.class
-rw-rw-r--   1 travis travis  10667 Mar  5 13:50 ModularCG_A2_B1.java
-rw-rw-r--   1 travis travis    832 Mar  5 13:50 ModularCG_A2_B1.mk
-rw-rw-r--   1 travis travis   1381 Mar  5 13:50 ModularCG_A2_B1_profile.class
-rw-rw-r--   1 travis travis   1446 Mar  5 13:50 ModularCG_A2_B1_profile.java
-rw-rw-r--   1 travis travis   3925 Mar  5 13:50 ModularCG_A2_B2.class
-rw-rw-r--   1 travis travis   9730 Mar  5 13:50 ModularCG_A2_B2.java
-rw-rw-r--   1 travis travis    832 Mar  5 13:50 ModularCG_A2_B2.mk
-rw-rw-r--   1 travis travis   1318 Mar  5 13:50 ModularCG_A2_B2_profile.class
-rw-rw-r--   1 travis travis   1262 Mar  5 13:50 ModularCG_A2_B2_profile.java
-rw-rw-r--   1 travis travis   5102 Mar  5 13:50 ModularCG_A2.class
-rw-rw-r--   1 travis travis  15129 Mar  5 13:50 ModularCG_A2.java
-rw-rw-r--   1 travis travis    808 Mar  5 13:50 ModularCG_A2.mk
-rw-rw-r--   1 travis travis   1433 Mar  5 13:50 ModularCG_A2_profile.class
-rw-rw-r--   1 travis travis   1704 Mar  5 13:50 ModularCG_A2_profile.java
-rw-rw-r--   1 travis travis   3705 Mar  5 13:50 ModularCGPubSub_A1_A2.class
-rw-rw-r--   1 travis travis   9076 Mar  5 13:50 ModularCGPubSub_A1_A2.java
-rw-rw-r--   1 travis travis    880 Mar  5 13:50 ModularCGPubSub_A1_A2.mk
-rw-rw-r--   1 travis travis   1300 Mar  5 13:50 ModularCGPubSub_A1_A2_profile.class
-rw-rw-r--   1 travis travis   1222 Mar  5 13:50 ModularCGPubSub_A1_A2_profile.java
-rw-rw-r--   1 travis travis   4022 Mar  5 13:50 ModularCGPubSub_A1.class
-rw-rw-r--   1 travis travis   9836 Mar  5 13:50 ModularCGPubSub_A1.java
-rw-rw-r--   1 travis travis    856 Mar  5 13:50 ModularCGPubSub_A1.mk
-rw-rw-r--   1 travis travis   1346 Mar  5 13:50 ModularCGPubSub_A1_profile.class
-rw-rw-r--   1 travis travis   1388 Mar  5 13:50 ModularCGPubSub_A1_profile.java
-rw-rw-r--   1 travis travis   4220 Mar  5 13:50 ModularCodeGen2_ModularCodeGenTypedCompositeActor.class
-rw-rw-r--   1 travis travis  11690 Mar  5 13:50 ModularCodeGen2_ModularCodeGenTypedCompositeActor.java
-rw-rw-r--   1 travis travis   1104 Mar  5 13:50 ModularCodeGen2_ModularCodeGenTypedCompositeActor.mk
-rw-rw-r--   1 travis travis   4504 Mar  5 13:50 ModularCodeGen2_ModularCodeGenTypedCompositeActor_ModularCodeGenTypedCompositeActor.class
-rw-rw-r--   1 travis travis  11790 Mar  5 13:50 ModularCodeGen2_ModularCodeGenTypedCompositeActor_ModularCodeGenTypedCompositeActor.java
-rw-rw-r--   1 travis travis   1376 Mar  5 13:50 ModularCodeGen2_ModularCodeGenTypedCompositeActor_ModularCodeGenTypedCompositeActor.mk
-rw-rw-r--   1 travis travis   1421 Mar  5 13:50 ModularCodeGen2_ModularCodeGenTypedCompositeActor_ModularCodeGenTypedCompositeActor_profile.class
-rw-rw-r--   1 travis travis   1294 Mar  5 13:50 ModularCodeGen2_ModularCodeGenTypedCompositeActor_ModularCodeGenTypedCompositeActor_profile.java
-rw-rw-r--   1 travis travis    820 Mar  5 13:50 ModularCodeGen2_ModularCodeGenTypedCompositeActor_profile.class
-rw-rw-r--   1 travis travis    693 Mar  5 13:50 ModularCodeGen2_ModularCodeGenTypedCompositeActor_profile.java
-rw-rw-r--   1 travis travis   3973 Mar  5 13:50 ModularCodeGen3_A1_B1.class
-rw-rw-r--   1 travis travis   9958 Mar  5 13:50 ModularCodeGen3_A1_B1.java
-rw-rw-r--   1 travis travis    880 Mar  5 13:50 ModularCodeGen3_A1_B1.mk
-rw-rw-r--   1 travis travis   1330 Mar  5 13:50 ModularCodeGen3_A1_B1_profile.class
-rw-rw-r--   1 travis travis   1274 Mar  5 13:50 ModularCodeGen3_A1_B1_profile.java
-rw-rw-r--   1 travis travis   3973 Mar  5 13:50 ModularCodeGen3_A1_B2.class
-rw-rw-r--   1 travis travis   9958 Mar  5 13:50 ModularCodeGen3_A1_B2.java
-rw-rw-r--   1 travis travis    880 Mar  5 13:50 ModularCodeGen3_A1_B2.mk
-rw-rw-r--   1 travis travis   1330 Mar  5 13:50 ModularCodeGen3_A1_B2_profile.class
-rw-rw-r--   1 travis travis   1274 Mar  5 13:50 ModularCodeGen3_A1_B2_profile.java
-rw-rw-r--   1 travis travis   1716 Mar  5 13:50 ModularCodeGen3_A1_profile.java
-rw-rw-r--   1 travis travis   4186 Mar  5 13:50 ModularCodeGen_ModularCodeGenTypedCompositeActor.class
-rw-rw-r--   1 travis travis  10970 Mar  5 13:50 ModularCodeGen_ModularCodeGenTypedCompositeActor.java
-rw-rw-r--   1 travis travis   1096 Mar  5 13:50 ModularCodeGen_ModularCodeGenTypedCompositeActor.mk
-rw-rw-r--   1 travis travis   1384 Mar  5 13:50 ModularCodeGen_ModularCodeGenTypedCompositeActor_profile.class
-rw-rw-r--   1 travis travis   1328 Mar  5 13:50 ModularCodeGen_ModularCodeGenTypedCompositeActor_profile.java
-rw-rw-r--   1 travis travis   3724 Mar  5 13:49 ModularCodeGenTest_A1_A2.class
-rw-rw-r--   1 travis travis   9164 Mar  5 13:49 ModularCodeGenTest_A1_A2.java
-rw-rw-r--   1 travis travis   1306 Mar  5 13:49 ModularCodeGenTest_A1_A2_profile.class
-rw-rw-r--   1 travis travis   4055 Mar  5 13:49 ModularCodeGenTest_A1.class
-rw-rw-r--   1 travis travis   9968 Mar  5 13:49 ModularCodeGenTest_A1.java
-rw-rw-r--   1 travis travis    880 Mar  5 13:49 ModularCodeGenTest_A1.mk
-rw-rw-r--   1 travis travis   1352 Mar  5 13:49 ModularCodeGenTest_A1_profile.class
-rw-rw-r--   1 travis travis   1394 Mar  5 13:49 ModularCodeGenTest_A1_profile.java
drwxrwxr-x   3 travis travis  32768 Mar  5 13:49 modulation2
drwxrwxr-x 166 travis travis  12288 Mar  5 13:49 node_modules
drwxrwxr-x   3 travis travis  20480 Mar  5 13:45 PhaseUnwrap
drwxrwxr-x   3 travis travis  12288 Mar  5 13:45 ReadFile1
-rw-rw-r--   1 travis travis     11 Mar  5 13:45 ReadFile1Output.txt
-rw-rw-r--   1 travis travis  13773 Mar  5 13:49 Repeat.class
-rw-rw-r--   1 travis travis    685 Mar  5 13:49 Repeat$_fireFunction_Repeat_Repeat$__f_sL_11.class
-rw-rw-r--   1 travis travis    541 Mar  5 13:49 Repeat$_fireFunction_Repeat_Repeat$__f_sL_12.class
-rw-rw-r--   1 travis travis    541 Mar  5 13:49 Repeat$_fireFunction_Repeat_Repeat$__f_sL_13.class
-rw-rw-r--   1 travis travis    541 Mar  5 13:49 Repeat$_fireFunction_Repeat_Repeat$__f_sL_14.class
-rw-rw-r--   1 travis travis    684 Mar  5 13:49 Repeat$_fireFunction_Repeat_Repeat$__f_sL_1.class
-rw-rw-r--   1 travis travis    683 Mar  5 13:49 Repeat$_fireFunction_Repeat_Repeat$__f_sL_4.class
-rw-rw-r--   1 travis travis    539 Mar  5 13:49 Repeat$_fireFunction_Repeat_Repeat$__f_sL_9.class
-rw-rw-r--   1 travis travis    494 Mar  5 13:49 Repeat$_initialize_Repeat$__i_sL_2.class
-rw-rw-r--   1 travis travis   1281 Mar  5 13:49 Repeat.mk
-rw-rw-r--   1 travis travis    539 Mar  5 13:49 Repeat$_preinitializeMethod_Repeat$__p_sL_0.class
-rw-rw-r--   1 travis travis   1102 Mar  5 13:49 Repeat$_Repeat$_fireFunction_Repeat_AddSubtract_Repeat.class
-rw-rw-r--   1 travis travis    810 Mar  5 13:49 Repeat$_Repeat$_fireFunction_Repeat_AddSubtract_Repeat$__f_sL_0.class
-rw-rw-r--   1 travis travis    928 Mar  5 13:49 Repeat$_Repeat$_fireFunction_Repeat_AddSubtract_Repeat$__f_sL_1.class
-rw-rw-r--   1 travis travis    934 Mar  5 13:49 Repeat$_Repeat$_fireFunction_Repeat_AddSubtract_Repeat$__f_sL_2.class
-rw-rw-r--   1 travis travis    862 Mar  5 13:49 Repeat$_Repeat$_fireFunction_Repeat_AddSubtract_Repeat$__f_sL_3.class
-rw-rw-r--   1 travis travis    757 Mar  5 13:49 Repeat$_Repeat$_fireFunction_Repeat_Ramp2_Repeat$__f_sL_0.class
-rw-rw-r--   1 travis travis    888 Mar  5 13:49 Repeat$_Repeat$_fireFunction_Repeat_Test_Repeat$__f_sL_0.class
-rw-rw-r--   1 travis travis    634 Mar  5 13:49 Repeat$_Repeat$_fireFunction_Repeat_Test_Repeat$__f_sL_1.class
-rw-rw-r--   1 travis travis    704 Mar  5 13:49 Repeat$_Repeat_SDF_Director_run_Repeat$__R_sL_0.class
-rw-rw-r--   1 travis travis    705 Mar  5 13:49 Repeat$_Repeat_SDF_Director_run_Repeat$__R_sL_11.class
-rw-rw-r--   1 travis travis    561 Mar  5 13:49 Repeat$_Repeat_SDF_Director_run_Repeat$__R_sL_13.class
-rw-rw-r--   1 travis travis    559 Mar  5 13:49 Repeat$_Repeat_SDF_Director_run_Repeat$__R_sL_2.class
-rw-rw-r--   1 travis travis    703 Mar  5 13:49 Repeat$_Repeat_SDF_Director_run_Repeat$__R_sL_3.class
-rw-rw-r--   1 travis travis    559 Mar  5 13:49 Repeat$_Repeat_SDF_Director_run_Repeat$__R_sL_5.class
-rw-rw-r--   1 travis travis    559 Mar  5 13:49 Repeat$_Repeat_SDF_Director_run_Repeat$__R_sL_8.class
drwxrwxr-x   2 travis travis   4096 Mar  5 13:49 RepeatVariables
-rw-rw-r--   1 travis travis    882 Mar  5 13:49 Repeat$_varinit_Repeat.class
-rw-rw-r--   1 travis travis    550 Mar  5 13:49 Repeat$_varinit_Repeat$__v_sL_2.class
-rw-rw-r--   1 travis travis    924 Mar  5 13:49 Repeat$_varinit_Repeat$__v_sL_4.class
-rw-rw-r--   1 travis travis    978 Mar  5 13:49 Repeat$_wrapup_Repeat$__w_sL_1.class
drwxrwxr-x   3 travis travis  20480 Mar  5 13:46 Sinewave
drwxrwxr-x   3 travis travis  32768 Mar  5 13:47 StringFunction
drwxrwxr-x   3 travis travis  12288 Mar  5 13:47 StringLength
drwxrwxr-x   3 travis travis  61440 Mar  5 13:47 StringMatches2
drwxrwxr-x   3 travis travis  61440 Mar  5 13:48 StringSimpleReplace
drwxrwxr-x   3 travis travis  65536 Mar  5 13:48 StringSubstring
drwxrwxr-x   3 travis travis  24576 Mar  5 13:48 StringSubstring2
drwxrwxr-x   3 travis travis  16384 Mar  5 13:49 time1
drwxrwxr-x   3 travis travis  12288 Mar  5 13:49 time5
-rw-rw-r--   1 travis travis    432 Mar  5 13:50 Token.class
-rw-rw-r--   1 travis travis    251 Mar  5 13:50 Token.java
-rwxrwxr-x   1 travis travis 466992 Mar  5 13:43 top
-rw-rw-r--   1 travis travis  20502 Mar  5 13:43 top.c
-rw-rw-r--   1 travis travis   3799 Mar  5 13:49 top.class
-rw-rw-r--   1 travis travis   1257 Mar  5 13:49 top.mk
All Done
Writing ModularCodeGen3_A1.java in file:/home/travis/cg/ (15564 characters)
Reading "ptolemy/cg/kernel/generic/program/procedural/java/modular/makefile.in",
    writing "/home/travis/cg/ModularCodeGen3_A1.mk"
Using ptolemy/cg/kernel/generic/program/procedural/java/modular/makefile.in
In "/home/travis/cg", about to execute:
    make -f ModularCodeGen3_A1.mk
javac -classpath ".:.."    ModularCodeGen3_A1.java
All Done
In "/home/travis/cg", about to execute:
    pwd
/home/travis/cg
In "/home/travis/cg", about to execute:
    ls -l
total 1828
drwxrwxr-x   3 travis travis  12288 Mar  5 13:44 AbsoluteValue
drwxrwxr-x   3 travis travis 102400 Mar  5 13:43 AllColt
drwxrwxr-x   3 travis travis  12288 Mar  5 13:44 Case1
-rw-rw-r--   1 travis travis   5128 Mar  5 13:49 CompiledCompositeActor_CompiledCompositeActor.class
-rw-rw-r--   1 travis travis   1611 Mar  5 13:49 CompiledCompositeActor_CompiledCompositeActor$_CompiledCompositeActor_CompiledCompositeActor.class
-rw-rw-r--   1 travis travis  13466 Mar  5 13:49 CompiledCompositeActor_CompiledCompositeActor.java
-rw-rw-r--   1 travis travis   1593 Mar  5 13:49 CompiledCompositeActor_CompiledCompositeActor.mk
drwxrwxr-x   5 travis travis   4096 Mar  5 13:43 fmi
drwxrwxr-x   3 travis travis  16384 Mar  5 13:44 Gaussian2
-rw-rw-r--   1 travis travis   4684 Mar  5 13:49 JavaCompiledCompositeTest1_CompiledCompositeActor.class
-rw-rw-r--   1 travis travis  11637 Mar  5 13:49 JavaCompiledCompositeTest1_CompiledCompositeActor.java
-rw-rw-r--   1 travis travis   1217 Mar  5 13:49 JavaCompiledCompositeTest1_CompiledCompositeActor$_JavaCompiledCompositeTest1_CompiledCompositeActor.class
-rw-rw-r--   1 travis travis   1625 Mar  5 13:49 JavaCompiledCompositeTest1_CompiledCompositeActor.mk
-rw-rw-r--   1 travis travis   5115 Mar  5 13:49 JavaCompiledCompositeTest2_CompiledCompositeActor.class
-rw-rw-r--   1 travis travis  14919 Mar  5 13:49 JavaCompiledCompositeTest2_CompiledCompositeActor.java
-rw-rw-r--   1 travis travis   1812 Mar  5 13:49 JavaCompiledCompositeTest2_CompiledCompositeActor$_JavaCompiledCompositeTest2_CompiledCompositeActor.class
-rw-rw-r--   1 travis travis   1625 Mar  5 13:49 JavaCompiledCompositeTest2_CompiledCompositeActor.mk
-rw-rw-r--   1 travis travis   4732 Mar  5 13:49 JavaCompiledCompositeTest3_CompiledCompositeActor.class
-rw-rw-r--   1 travis travis  13080 Mar  5 13:49 JavaCompiledCompositeTest3_CompiledCompositeActor.java
-rw-rw-r--   1 travis travis   1397 Mar  5 13:49 JavaCompiledCompositeTest3_CompiledCompositeActor$_JavaCompiledCompositeTest3_CompiledCompositeActor.class
-rw-rw-r--   1 travis travis   1625 Mar  5 13:49 JavaCompiledCompositeTest3_CompiledCompositeActor.mk
-rw-rw-r--   1 travis travis   4183 Mar  5 13:49 JavaCompiledCompositeTest4_CompiledCompositeActor.class
-rw-rw-r--   1 travis travis   9687 Mar  5 13:49 JavaCompiledCompositeTest4_CompiledCompositeActor.java
-rw-rw-r--   1 travis travis    876 Mar  5 13:49 JavaCompiledCompositeTest4_CompiledCompositeActor$_JavaCompiledCompositeTest4_CompiledCompositeActor.class
-rw-rw-r--   1 travis travis   1625 Mar  5 13:49 JavaCompiledCompositeTest4_CompiledCompositeActor.mk
drwxrwxr-x   3 travis travis  12288 Mar  5 13:45 LookupTable
drwxrwxr-x   3 travis travis  20480 Mar  5 13:45 MaxIndex
-rw-rw-r--   1 travis travis   3925 Mar  5 13:49 ModularCG_A1_B1.class
-rw-rw-r--   1 travis travis   9730 Mar  5 13:49 ModularCG_A1_B1.java
-rw-rw-r--   1 travis travis    832 Mar  5 13:49 ModularCG_A1_B1.mk
-rw-rw-r--   1 travis travis   1318 Mar  5 13:49 ModularCG_A1_B1_profile.class
-rw-rw-r--   1 travis travis   1262 Mar  5 13:49 ModularCG_A1_B1_profile.java
-rw-rw-r--   1 travis travis   3925 Mar  5 13:50 ModularCG_A1_B2.class
-rw-rw-r--   1 travis travis   9730 Mar  5 13:50 ModularCG_A1_B2.java
-rw-rw-r--   1 travis travis    832 Mar  5 13:50 ModularCG_A1_B2.mk
-rw-rw-r--   1 travis travis   1318 Mar  5 13:50 ModularCG_A1_B2_profile.class
-rw-rw-r--   1 travis travis   1262 Mar  5 13:49 ModularCG_A1_B2_profile.java
-rw-rw-r--   1 travis travis   5031 Mar  5 13:50 ModularCG_A1.class
-rw-rw-r--   1 travis travis  14742 Mar  5 13:50 ModularCG_A1.java
-rw-rw-r--   1 travis travis    808 Mar  5 13:50 ModularCG_A1.mk
-rw-rw-r--   1 travis travis   1433 Mar  5 13:50 ModularCG_A1_profile.class
-rw-rw-r--   1 travis travis   1704 Mar  5 13:50 ModularCG_A1_profile.java
-rw-rw-r--   1 travis travis   4059 Mar  5 13:50 ModularCG_A2_B1.class
-rw-rw-r--   1 travis travis  10667 Mar  5 13:50 ModularCG_A2_B1.java
-rw-rw-r--   1 travis travis    832 Mar  5 13:50 ModularCG_A2_B1.mk
-rw-rw-r--   1 travis travis   1381 Mar  5 13:50 ModularCG_A2_B1_profile.class
-rw-rw-r--   1 travis travis   1446 Mar  5 13:50 ModularCG_A2_B1_profile.java
-rw-rw-r--   1 travis travis   3925 Mar  5 13:50 ModularCG_A2_B2.class
-rw-rw-r--   1 travis travis   9730 Mar  5 13:50 ModularCG_A2_B2.java
-rw-rw-r--   1 travis travis    832 Mar  5 13:50 ModularCG_A2_B2.mk
-rw-rw-r--   1 travis travis   1318 Mar  5 13:50 ModularCG_A2_B2_profile.class
-rw-rw-r--   1 travis travis   1262 Mar  5 13:50 ModularCG_A2_B2_profile.java
-rw-rw-r--   1 travis travis   5102 Mar  5 13:50 ModularCG_A2.class
-rw-rw-r--   1 travis travis  15129 Mar  5 13:50 ModularCG_A2.java
-rw-rw-r--   1 travis travis    808 Mar  5 13:50 ModularCG_A2.mk
-rw-rw-r--   1 travis travis   1433 Mar  5 13:50 ModularCG_A2_profile.class
-rw-rw-r--   1 travis travis   1704 Mar  5 13:50 ModularCG_A2_profile.java
-rw-rw-r--   1 travis travis   3705 Mar  5 13:50 ModularCGPubSub_A1_A2.class
-rw-rw-r--   1 travis travis   9076 Mar  5 13:50 ModularCGPubSub_A1_A2.java
-rw-rw-r--   1 travis travis    880 Mar  5 13:50 ModularCGPubSub_A1_A2.mk
-rw-rw-r--   1 travis travis   1300 Mar  5 13:50 ModularCGPubSub_A1_A2_profile.class
-rw-rw-r--   1 travis travis   1222 Mar  5 13:50 ModularCGPubSub_A1_A2_profile.java
-rw-rw-r--   1 travis travis   4022 Mar  5 13:50 ModularCGPubSub_A1.class
-rw-rw-r--   1 travis travis   9836 Mar  5 13:50 ModularCGPubSub_A1.java
-rw-rw-r--   1 travis travis    856 Mar  5 13:50 ModularCGPubSub_A1.mk
-rw-rw-r--   1 travis travis   1346 Mar  5 13:50 ModularCGPubSub_A1_profile.class
-rw-rw-r--   1 travis travis   1388 Mar  5 13:50 ModularCGPubSub_A1_profile.java
-rw-rw-r--   1 travis travis   4220 Mar  5 13:50 ModularCodeGen2_ModularCodeGenTypedCompositeActor.class
-rw-rw-r--   1 travis travis  11690 Mar  5 13:50 ModularCodeGen2_ModularCodeGenTypedCompositeActor.java
-rw-rw-r--   1 travis travis   1104 Mar  5 13:50 ModularCodeGen2_ModularCodeGenTypedCompositeActor.mk
-rw-rw-r--   1 travis travis   4504 Mar  5 13:50 ModularCodeGen2_ModularCodeGenTypedCompositeActor_ModularCodeGenTypedCompositeActor.class
-rw-rw-r--   1 travis travis  11790 Mar  5 13:50 ModularCodeGen2_ModularCodeGenTypedCompositeActor_ModularCodeGenTypedCompositeActor.java
-rw-rw-r--   1 travis travis   1376 Mar  5 13:50 ModularCodeGen2_ModularCodeGenTypedCompositeActor_ModularCodeGenTypedCompositeActor.mk
-rw-rw-r--   1 travis travis   1421 Mar  5 13:50 ModularCodeGen2_ModularCodeGenTypedCompositeActor_ModularCodeGenTypedCompositeActor_profile.class
-rw-rw-r--   1 travis travis   1294 Mar  5 13:50 ModularCodeGen2_ModularCodeGenTypedCompositeActor_ModularCodeGenTypedCompositeActor_profile.java
-rw-rw-r--   1 travis travis    820 Mar  5 13:50 ModularCodeGen2_ModularCodeGenTypedCompositeActor_profile.class
-rw-rw-r--   1 travis travis    693 Mar  5 13:50 ModularCodeGen2_ModularCodeGenTypedCompositeActor_profile.java
-rw-rw-r--   1 travis travis   3973 Mar  5 13:50 ModularCodeGen3_A1_B1.class
-rw-rw-r--   1 travis travis   9958 Mar  5 13:50 ModularCodeGen3_A1_B1.java
-rw-rw-r--   1 travis travis    880 Mar  5 13:50 ModularCodeGen3_A1_B1.mk
-rw-rw-r--   1 travis travis   1330 Mar  5 13:50 ModularCodeGen3_A1_B1_profile.class
-rw-rw-r--   1 travis travis   1274 Mar  5 13:50 ModularCodeGen3_A1_B1_profile.java
-rw-rw-r--   1 travis travis   3973 Mar  5 13:50 ModularCodeGen3_A1_B2.class
-rw-rw-r--   1 travis travis   9958 Mar  5 13:50 ModularCodeGen3_A1_B2.java
-rw-rw-r--   1 travis travis    880 Mar  5 13:50 ModularCodeGen3_A1_B2.mk
-rw-rw-r--   1 travis travis   1330 Mar  5 13:50 ModularCodeGen3_A1_B2_profile.class
-rw-rw-r--   1 travis travis   1274 Mar  5 13:50 ModularCodeGen3_A1_B2_profile.java
-rw-rw-r--   1 travis travis   5193 Mar  5 13:50 ModularCodeGen3_A1.class
-rw-rw-r--   1 travis travis  15564 Mar  5 13:50 ModularCodeGen3_A1.java
-rw-rw-r--   1 travis travis    856 Mar  5 13:50 ModularCodeGen3_A1.mk
-rw-rw-r--   1 travis travis   1445 Mar  5 13:50 ModularCodeGen3_A1_profile.class
-rw-rw-r--   1 travis travis   1716 Mar  5 13:50 ModularCodeGen3_A1_profile.java
-rw-rw-r--   1 travis travis   1458 Mar  5 13:50 ModularCodeGen3_A2_B1_profile.java
-rw-rw-r--   1 travis travis   4186 Mar  5 13:50 ModularCodeGen_ModularCodeGenTypedCompositeActor.class
-rw-rw-r--   1 travis travis  10970 Mar  5 13:50 ModularCodeGen_ModularCodeGenTypedCompositeActor.java
-rw-rw-r--   1 travis travis   1096 Mar  5 13:50 ModularCodeGen_ModularCodeGenTypedCompositeActor.mk
-rw-rw-r--   1 travis travis   1384 Mar  5 13:50 ModularCodeGen_ModularCodeGenTypedCompositeActor_profile.class
-rw-rw-r--   1 travis travis   1328 Mar  5 13:50 ModularCodeGen_ModularCodeGenTypedCompositeActor_profile.java
-rw-rw-r--   1 travis travis   3724 Mar  5 13:49 ModularCodeGenTest_A1_A2.class
-rw-rw-r--   1 travis travis   9164 Mar  5 13:49 ModularCodeGenTest_A1_A2.java
-rw-rw-r--   1 travis travis   1306 Mar  5 13:49 ModularCodeGenTest_A1_A2_profile.class
-rw-rw-r--   1 travis travis   4055 Mar  5 13:49 ModularCodeGenTest_A1.class
-rw-rw-r--   1 travis travis   9968 Mar  5 13:49 ModularCodeGenTest_A1.java
-rw-rw-r--   1 travis travis    880 Mar  5 13:49 ModularCodeGenTest_A1.mk
-rw-rw-r--   1 travis travis   1352 Mar  5 13:49 ModularCodeGenTest_A1_profile.class
-rw-rw-r--   1 travis travis   1394 Mar  5 13:49 ModularCodeGenTest_A1_profile.java
drwxrwxr-x   3 travis travis  32768 Mar  5 13:49 modulation2
drwxrwxr-x 166 travis travis  12288 Mar  5 13:49 node_modules
drwxrwxr-x   3 travis travis  20480 Mar  5 13:45 PhaseUnwrap
drwxrwxr-x   3 travis travis  12288 Mar  5 13:45 ReadFile1
-rw-rw-r--   1 travis travis     11 Mar  5 13:45 ReadFile1Output.txt
-rw-rw-r--   1 travis travis  13773 Mar  5 13:49 Repeat.class
-rw-rw-r--   1 travis travis    685 Mar  5 13:49 Repeat$_fireFunction_Repeat_Repeat$__f_sL_11.class
-rw-rw-r--   1 travis travis    541 Mar  5 13:49 Repeat$_fireFunction_Repeat_Repeat$__f_sL_12.class
-rw-rw-r--   1 travis travis    541 Mar  5 13:49 Repeat$_fireFunction_Repeat_Repeat$__f_sL_13.class
-rw-rw-r--   1 travis travis    541 Mar  5 13:49 Repeat$_fireFunction_Repeat_Repeat$__f_sL_14.class
-rw-rw-r--   1 travis travis    684 Mar  5 13:49 Repeat$_fireFunction_Repeat_Repeat$__f_sL_1.class
-rw-rw-r--   1 travis travis    683 Mar  5 13:49 Repeat$_fireFunction_Repeat_Repeat$__f_sL_4.class
-rw-rw-r--   1 travis travis    539 Mar  5 13:49 Repeat$_fireFunction_Repeat_Repeat$__f_sL_9.class
-rw-rw-r--   1 travis travis    494 Mar  5 13:49 Repeat$_initialize_Repeat$__i_sL_2.class
-rw-rw-r--   1 travis travis   1281 Mar  5 13:49 Repeat.mk
-rw-rw-r--   1 travis travis    539 Mar  5 13:49 Repeat$_preinitializeMethod_Repeat$__p_sL_0.class
-rw-rw-r--   1 travis travis   1102 Mar  5 13:49 Repeat$_Repeat$_fireFunction_Repeat_AddSubtract_Repeat.class
-rw-rw-r--   1 travis travis    810 Mar  5 13:49 Repeat$_Repeat$_fireFunction_Repeat_AddSubtract_Repeat$__f_sL_0.class
-rw-rw-r--   1 travis travis    928 Mar  5 13:49 Repeat$_Repeat$_fireFunction_Repeat_AddSubtract_Repeat$__f_sL_1.class
-rw-rw-r--   1 travis travis    934 Mar  5 13:49 Repeat$_Repeat$_fireFunction_Repeat_AddSubtract_Repeat$__f_sL_2.class
-rw-rw-r--   1 travis travis    862 Mar  5 13:49 Repeat$_Repeat$_fireFunction_Repeat_AddSubtract_Repeat$__f_sL_3.class
-rw-rw-r--   1 travis travis    757 Mar  5 13:49 Repeat$_Repeat$_fireFunction_Repeat_Ramp2_Repeat$__f_sL_0.class
-rw-rw-r--   1 travis travis    888 Mar  5 13:49 Repeat$_Repeat$_fireFunction_Repeat_Test_Repeat$__f_sL_0.class
-rw-rw-r--   1 travis travis    634 Mar  5 13:49 Repeat$_Repeat$_fireFunction_Repeat_Test_Repeat$__f_sL_1.class
-rw-rw-r--   1 travis travis    704 Mar  5 13:49 Repeat$_Repeat_SDF_Director_run_Repeat$__R_sL_0.class
-rw-rw-r--   1 travis travis    705 Mar  5 13:49 Repeat$_Repeat_SDF_Director_run_Repeat$__R_sL_11.class
-rw-rw-r--   1 travis travis    561 Mar  5 13:49 Repeat$_Repeat_SDF_Director_run_Repeat$__R_sL_13.class
-rw-rw-r--   1 travis travis    559 Mar  5 13:49 Repeat$_Repeat_SDF_Director_run_Repeat$__R_sL_2.class
-rw-rw-r--   1 travis travis    703 Mar  5 13:49 Repeat$_Repeat_SDF_Director_run_Repeat$__R_sL_3.class
-rw-rw-r--   1 travis travis    559 Mar  5 13:49 Repeat$_Repeat_SDF_Director_run_Repeat$__R_sL_5.class
-rw-rw-r--   1 travis travis    559 Mar  5 13:49 Repeat$_Repeat_SDF_Director_run_Repeat$__R_sL_8.class
drwxrwxr-x   2 travis travis   4096 Mar  5 13:49 RepeatVariables
-rw-rw-r--   1 travis travis    882 Mar  5 13:49 Repeat$_varinit_Repeat.class
-rw-rw-r--   1 travis travis    550 Mar  5 13:49 Repeat$_varinit_Repeat$__v_sL_2.class
-rw-rw-r--   1 travis travis    924 Mar  5 13:49 Repeat$_varinit_Repeat$__v_sL_4.class
-rw-rw-r--   1 travis travis    978 Mar  5 13:49 Repeat$_wrapup_Repeat$__w_sL_1.class
drwxrwxr-x   3 travis travis  20480 Mar  5 13:46 Sinewave
drwxrwxr-x   3 travis travis  32768 Mar  5 13:47 StringFunction
drwxrwxr-x   3 travis travis  12288 Mar  5 13:47 StringLength
drwxrwxr-x   3 travis travis  61440 Mar  5 13:47 StringMatches2
drwxrwxr-x   3 travis travis  61440 Mar  5 13:48 StringSimpleReplace
drwxrwxr-x   3 travis travis  65536 Mar  5 13:48 StringSubstring
drwxrwxr-x   3 travis travis  24576 Mar  5 13:48 StringSubstring2
drwxrwxr-x   3 travis travis  16384 Mar  5 13:49 time1
drwxrwxr-x   3 travis travis  12288 Mar  5 13:49 time5
-rw-rw-r--   1 travis travis    432 Mar  5 13:50 Token.class
-rw-rw-r--   1 travis travis    251 Mar  5 13:50 Token.java
-rwxrwxr-x   1 travis travis 466992 Mar  5 13:43 top
-rw-rw-r--   1 travis travis  20502 Mar  5 13:43 top.c
-rw-rw-r--   1 travis travis   3799 Mar  5 13:49 top.class
-rw-rw-r--   1 travis travis   1257 Mar  5 13:49 top.mk
In "/home/travis/cg", about to execute:
    javac -classpath
.:/home/travis/build/icyphy/ptII:/home/travis/build/icyphy/ptII/lib/bsh-2.0b4.j
ar:/home/travis/build/icyphy/ptII/lib/ptCal.jar:/home/travis/build/icyphy/ptII/
lib/java_cup.jar:/home/travis/build/icyphy/ptII/lib/saxon8.jar:/home/travis/bui
ld/icyphy/ptII/lib/saxon8-dom.jar:/home/travis/build/icyphy/ptII/lib/chic.jar:/
home/travis/build/icyphy/ptII/lib/ptcolt.jar:/home/travis/build/icyphy/ptII/ven
dors/misc/itext/iText.jar:/home/travis/build/icyphy/ptII/lib/g4ltl.jar:/home/tr
avis/build/icyphy/ptII/lib/StructuralCoder.jar:/home/travis/build/icyphy/ptII/l
ib/jcerti.jar:/home/travis/build/icyphy/ptII/lib/javax.mail.jar:/home/travis/bu
ild/icyphy/ptII/vendors/JMF-2.1.1e/lib/jmf.jar:/home/travis/build/icyphy/ptII/l
ib/jna-4.0.0-variadic.jar:/home/travis/build/icyphy/ptII/vendors/misc/joystick/
Joystick.jar:/home/travis/build/icyphy/ptII/lib/ptjacl.jar:/home/travis/build/i
cyphy/ptII/lib/jsoup-1.8.2.jar:/home/travis/build/icyphy/ptII/lib/junit-4.8.2.j
ar:/home/travis/build/icyphy/ptII/lib/JUnitParams-0.4.0.jar:/home/travis/build/
icyphy/ptII/ptolemy/actor/lib/excel/jxl.jar:/home/travis/build/icyphy/ptII/lib/
jython.jar:/home/travis/build/icyphy/ptII/lib/kieler.jar:/home/travis/build/icy
phy/ptII/vendors/opencv/share/OpenCV/java/opencv-341.jar:/home/travis/build/icy
phy/ptII/lib/oscP5.jar:/home/travis/build/icyphy/ptII/lib/nrjavaserial-3.11.0.d
evel.jar:/home/travis/build/icyphy/ptII/vendors/j3d/lib/Linux/j3dcore.jar:/home
/travis/build/icyphy/ptII/vendors/j3d/lib/Linux/j3dutils.jar:/home/travis/build
/icyphy/ptII/vendors/j3d/lib/Linux/vecmath.jar:/home/travis/build/icyphy/ptII/v
endors/jogl/lib/Linux/gluegen-rt-natives-linux-amd64.jar:/home/travis/build/icy
phy/ptII/vendors/jogl/lib/Linux/gluegen-rt.jar:/home/travis/build/icyphy/ptII/v
endors/jogl/lib/Linux/jogl-all-natives-linux-amd64.jar:/home/travis/build/icyph
y/ptII/vendors/jogl/lib/Linux/jogl-all.jar:/home/travis/build/icyphy/ptII/ptole
my/distributed/jini/jar/jini-core.jar:/home/travis/build/icyphy/ptII/ptolemy/di
stributed/jini/jar/jini-ext.jar:/home/travis/build/icyphy/ptII/ptolemy/distribu
ted/jini/jar/sun-util.jar:/home/travis/build/icyphy/ptII/lib/protobuf-java-2.4.
1.jar:/home/travis/build/icyphy/ptII/lib/org.eclipse.paho.client.mqttv3.jar:/ho
me/travis/build/icyphy/ptII/lib/mapss.jar:/home/travis/build/icyphy/ptII/ptolem
y/actor/ptalon/antlr/antlr.jar:/home/travis/build/icyphy/ptII/lib/JRI.jar:/home
/travis/build/icyphy/ptII/lib/commons-lang-2.6.jar:/home/travis/build/icyphy/pt
II/lib/commons-logging-1.1.1.jar:/home/travis/build/icyphy/ptII/lib/sootclasses
.jar:/home/travis/build/icyphy/ptII/ptolemy/actor/lib/database/mysql-connector-
java-5.1.6-bin.jar:/home/travis/build/icyphy/ptII/vendors/misc/sphinx4/sphinx4-
data-5prealpha.jar:/home/travis/build/icyphy/ptII/vendors/misc/sphinx4/sphinx4-
core-5prealpha.jar:/home/travis/build/icyphy/ptII/lib/PDFRenderer.jar:/home/tra
vis/build/icyphy/ptII/lib/svgSalamander.jar:/home/travis/build/icyphy/ptII/lib/
rsyntaxtextarea-2.6.0-SNAPSHOT.jar:/home/travis/build/icyphy/ptII/lib/hazelcast
-3.8.2.jar:/home/travis/build/icyphy/ptII/lib/jackson-annotations-2.9.0.jar:/ho
me/travis/build/icyphy/ptII/lib/jackson-core-2.9.3.jar:/home/travis/build/icyph
y/ptII/lib/jackson-databind-2.9.3.jar:/home/travis/build/icyphy/ptII/lib/netty-
buffer-4.1.19.Final.jar:/home/travis/build/icyphy/ptII/lib/netty-codec-4.1.19.F
inal.jar:/home/travis/build/icyphy/ptII/lib/netty-codec-dns-4.1.19.Final.jar:/h
ome/travis/build/icyphy/ptII/lib/netty-codec-http-4.1.19.Final.jar:/home/travis
/build/icyphy/ptII/lib/netty-codec-http2-4.1.19.Final.jar:/home/travis/build/ic
yphy/ptII/lib/netty-common-4.1.19.Final.jar:/home/travis/build/icyphy/ptII/lib/
netty-handler-4.1.19.Final.jar:/home/travis/build/icyphy/ptII/lib/netty-resolve
r-4.1.19.Final.jar:/home/travis/build/icyphy/ptII/lib/netty-resolver-dns-4.1.19
.Final.jar:/home/travis/build/icyphy/ptII/lib/netty-transport-4.1.19.Final.jar:
/home/travis/build/icyphy/ptII/lib/vertx-codegen-3.5.1.jar:/home/travis/build/i
cyphy/ptII/lib/vertx-core-3.5.2-SNAPSHOT.jar:/home/travis/build/icyphy/ptII/lib
/vertx-hazelcast-3.5.1.jar:/home/travis/build/icyphy/ptII/lib/vertx-lang-js-3.5
.1.jar:/home/travis/build/icyphy/ptII/lib/vertx-service-proxy-3.5.1.jar:/home/t
ravis/build/icyphy/ptII/lib/vertx-web-3.5.1.jar:/home/travis/build/icyphy/ptII/
lib/slf4j-api-1.7.13.jar:/home/travis/build/icyphy/ptII/lib/slf4j-simple-1.7.13
.jar:/home/travis/build/icyphy/ptII/lib/webcam-capture-0.3.12.jar:/home/travis/
build/icyphy/ptII/lib/bridj-0.7.0.jar:/home/travis/build/icyphy/ptII/lib/xbjlib
-1.1.0.nrjavaserial.jar:/home/travis/build/icyphy/ptII/ptolemy/moml/test:/home/
travis/build/icyphy/ptII/ant/lib/ant-launcher.jar:/home/travis/build/icyphy/ptI
I/ant/lib/ant.jar:/home/travis/build/icyphy/ptII/ant/lib/ant-junit.jar:/home/tr
avis/build/icyphy/ptII/ant/lib/ant-junit4.jar:/home/travis/build/icyphy/ptII
ModularCodeGen3_A2_B1_profile.java
All Done
Writing ModularCodeGen3_A2_B1.java in file:/home/travis/cg/ (10955 characters)
Reading "ptolemy/cg/kernel/generic/program/procedural/java/modular/makefile.in",
    writing "/home/travis/cg/ModularCodeGen3_A2_B1.mk"
Using ptolemy/cg/kernel/generic/program/procedural/java/modular/makefile.in
In "/home/travis/cg", about to execute:
    make -f ModularCodeGen3_A2_B1.mk
javac -classpath ".:.."    ModularCodeGen3_A2_B1.java
All Done
In "/home/travis/cg", about to execute:
    pwd
/home/travis/cg
In "/home/travis/cg", about to execute:
    ls -l
total 1860
drwxrwxr-x   3 travis travis  12288 Mar  5 13:44 AbsoluteValue
drwxrwxr-x   3 travis travis 102400 Mar  5 13:43 AllColt
drwxrwxr-x   3 travis travis  12288 Mar  5 13:44 Case1
-rw-rw-r--   1 travis travis   5128 Mar  5 13:49 CompiledCompositeActor_CompiledCompositeActor.class
-rw-rw-r--   1 travis travis   1611 Mar  5 13:49 CompiledCompositeActor_CompiledCompositeActor$_CompiledCompositeActor_CompiledCompositeActor.class
-rw-rw-r--   1 travis travis  13466 Mar  5 13:49 CompiledCompositeActor_CompiledCompositeActor.java
-rw-rw-r--   1 travis travis   1593 Mar  5 13:49 CompiledCompositeActor_CompiledCompositeActor.mk
drwxrwxr-x   5 travis travis   4096 Mar  5 13:43 fmi
drwxrwxr-x   3 travis travis  16384 Mar  5 13:44 Gaussian2
-rw-rw-r--   1 travis travis   4684 Mar  5 13:49 JavaCompiledCompositeTest1_CompiledCompositeActor.class
-rw-rw-r--   1 travis travis  11637 Mar  5 13:49 JavaCompiledCompositeTest1_CompiledCompositeActor.java
-rw-rw-r--   1 travis travis   1217 Mar  5 13:49 JavaCompiledCompositeTest1_CompiledCompositeActor$_JavaCompiledCompositeTest1_CompiledCompositeActor.class
-rw-rw-r--   1 travis travis   1625 Mar  5 13:49 JavaCompiledCompositeTest1_CompiledCompositeActor.mk
-rw-rw-r--   1 travis travis   5115 Mar  5 13:49 JavaCompiledCompositeTest2_CompiledCompositeActor.class
-rw-rw-r--   1 travis travis  14919 Mar  5 13:49 JavaCompiledCompositeTest2_CompiledCompositeActor.java
-rw-rw-r--   1 travis travis   1812 Mar  5 13:49 JavaCompiledCompositeTest2_CompiledCompositeActor$_JavaCompiledCompositeTest2_CompiledCompositeActor.class
-rw-rw-r--   1 travis travis   1625 Mar  5 13:49 JavaCompiledCompositeTest2_CompiledCompositeActor.mk
-rw-rw-r--   1 travis travis   4732 Mar  5 13:49 JavaCompiledCompositeTest3_CompiledCompositeActor.class
-rw-rw-r--   1 travis travis  13080 Mar  5 13:49 JavaCompiledCompositeTest3_CompiledCompositeActor.java
-rw-rw-r--   1 travis travis   1397 Mar  5 13:49 JavaCompiledCompositeTest3_CompiledCompositeActor$_JavaCompiledCompositeTest3_CompiledCompositeActor.class
-rw-rw-r--   1 travis travis   1625 Mar  5 13:49 JavaCompiledCompositeTest3_CompiledCompositeActor.mk
-rw-rw-r--   1 travis travis   4183 Mar  5 13:49 JavaCompiledCompositeTest4_CompiledCompositeActor.class
-rw-rw-r--   1 travis travis   9687 Mar  5 13:49 JavaCompiledCompositeTest4_CompiledCompositeActor.java
-rw-rw-r--   1 travis travis    876 Mar  5 13:49 JavaCompiledCompositeTest4_CompiledCompositeActor$_JavaCompiledCompositeTest4_CompiledCompositeActor.class
-rw-rw-r--   1 travis travis   1625 Mar  5 13:49 JavaCompiledCompositeTest4_CompiledCompositeActor.mk
drwxrwxr-x   3 travis travis  12288 Mar  5 13:45 LookupTable
drwxrwxr-x   3 travis travis  20480 Mar  5 13:45 MaxIndex
-rw-rw-r--   1 travis travis   3925 Mar  5 13:49 ModularCG_A1_B1.class
-rw-rw-r--   1 travis travis   9730 Mar  5 13:49 ModularCG_A1_B1.java
-rw-rw-r--   1 travis travis    832 Mar  5 13:49 ModularCG_A1_B1.mk
-rw-rw-r--   1 travis travis   1318 Mar  5 13:49 ModularCG_A1_B1_profile.class
-rw-rw-r--   1 travis travis   1262 Mar  5 13:49 ModularCG_A1_B1_profile.java
-rw-rw-r--   1 travis travis   3925 Mar  5 13:50 ModularCG_A1_B2.class
-rw-rw-r--   1 travis travis   9730 Mar  5 13:50 ModularCG_A1_B2.java
-rw-rw-r--   1 travis travis    832 Mar  5 13:50 ModularCG_A1_B2.mk
-rw-rw-r--   1 travis travis   1318 Mar  5 13:50 ModularCG_A1_B2_profile.class
-rw-rw-r--   1 travis travis   1262 Mar  5 13:49 ModularCG_A1_B2_profile.java
-rw-rw-r--   1 travis travis   5031 Mar  5 13:50 ModularCG_A1.class
-rw-rw-r--   1 travis travis  14742 Mar  5 13:50 ModularCG_A1.java
-rw-rw-r--   1 travis travis    808 Mar  5 13:50 ModularCG_A1.mk
-rw-rw-r--   1 travis travis   1433 Mar  5 13:50 ModularCG_A1_profile.class
-rw-rw-r--   1 travis travis   1704 Mar  5 13:50 ModularCG_A1_profile.java
-rw-rw-r--   1 travis travis   4059 Mar  5 13:50 ModularCG_A2_B1.class
-rw-rw-r--   1 travis travis  10667 Mar  5 13:50 ModularCG_A2_B1.java
-rw-rw-r--   1 travis travis    832 Mar  5 13:50 ModularCG_A2_B1.mk
-rw-rw-r--   1 travis travis   1381 Mar  5 13:50 ModularCG_A2_B1_profile.class
-rw-rw-r--   1 travis travis   1446 Mar  5 13:50 ModularCG_A2_B1_profile.java
-rw-rw-r--   1 travis travis   3925 Mar  5 13:50 ModularCG_A2_B2.class
-rw-rw-r--   1 travis travis   9730 Mar  5 13:50 ModularCG_A2_B2.java
-rw-rw-r--   1 travis travis    832 Mar  5 13:50 ModularCG_A2_B2.mk
-rw-rw-r--   1 travis travis   1318 Mar  5 13:50 ModularCG_A2_B2_profile.class
-rw-rw-r--   1 travis travis   1262 Mar  5 13:50 ModularCG_A2_B2_profile.java
-rw-rw-r--   1 travis travis   5102 Mar  5 13:50 ModularCG_A2.class
-rw-rw-r--   1 travis travis  15129 Mar  5 13:50 ModularCG_A2.java
-rw-rw-r--   1 travis travis    808 Mar  5 13:50 ModularCG_A2.mk
-rw-rw-r--   1 travis travis   1433 Mar  5 13:50 ModularCG_A2_profile.class
-rw-rw-r--   1 travis travis   1704 Mar  5 13:50 ModularCG_A2_profile.java
-rw-rw-r--   1 travis travis   3705 Mar  5 13:50 ModularCGPubSub_A1_A2.class
-rw-rw-r--   1 travis travis   9076 Mar  5 13:50 ModularCGPubSub_A1_A2.java
-rw-rw-r--   1 travis travis    880 Mar  5 13:50 ModularCGPubSub_A1_A2.mk
-rw-rw-r--   1 travis travis   1300 Mar  5 13:50 ModularCGPubSub_A1_A2_profile.class
-rw-rw-r--   1 travis travis   1222 Mar  5 13:50 ModularCGPubSub_A1_A2_profile.java
-rw-rw-r--   1 travis travis   4022 Mar  5 13:50 ModularCGPubSub_A1.class
-rw-rw-r--   1 travis travis   9836 Mar  5 13:50 ModularCGPubSub_A1.java
-rw-rw-r--   1 travis travis    856 Mar  5 13:50 ModularCGPubSub_A1.mk
-rw-rw-r--   1 travis travis   1346 Mar  5 13:50 ModularCGPubSub_A1_profile.class
-rw-rw-r--   1 travis travis   1388 Mar  5 13:50 ModularCGPubSub_A1_profile.java
-rw-rw-r--   1 travis travis   4220 Mar  5 13:50 ModularCodeGen2_ModularCodeGenTypedCompositeActor.class
-rw-rw-r--   1 travis travis  11690 Mar  5 13:50 ModularCodeGen2_ModularCodeGenTypedCompositeActor.java
-rw-rw-r--   1 travis travis   1104 Mar  5 13:50 ModularCodeGen2_ModularCodeGenTypedCompositeActor.mk
-rw-rw-r--   1 travis travis   4504 Mar  5 13:50 ModularCodeGen2_ModularCodeGenTypedCompositeActor_ModularCodeGenTypedCompositeActor.class
-rw-rw-r--   1 travis travis  11790 Mar  5 13:50 ModularCodeGen2_ModularCodeGenTypedCompositeActor_ModularCodeGenTypedCompositeActor.java
-rw-rw-r--   1 travis travis   1376 Mar  5 13:50 ModularCodeGen2_ModularCodeGenTypedCompositeActor_ModularCodeGenTypedCompositeActor.mk
-rw-rw-r--   1 travis travis   1421 Mar  5 13:50 ModularCodeGen2_ModularCodeGenTypedCompositeActor_ModularCodeGenTypedCompositeActor_profile.class
-rw-rw-r--   1 travis travis   1294 Mar  5 13:50 ModularCodeGen2_ModularCodeGenTypedCompositeActor_ModularCodeGenTypedCompositeActor_profile.java
-rw-rw-r--   1 travis travis    820 Mar  5 13:50 ModularCodeGen2_ModularCodeGenTypedCompositeActor_profile.class
-rw-rw-r--   1 travis travis    693 Mar  5 13:50 ModularCodeGen2_ModularCodeGenTypedCompositeActor_profile.java
-rw-rw-r--   1 travis travis   3973 Mar  5 13:50 ModularCodeGen3_A1_B1.class
-rw-rw-r--   1 travis travis   9958 Mar  5 13:50 ModularCodeGen3_A1_B1.java
-rw-rw-r--   1 travis travis    880 Mar  5 13:50 ModularCodeGen3_A1_B1.mk
-rw-rw-r--   1 travis travis   1330 Mar  5 13:50 ModularCodeGen3_A1_B1_profile.class
-rw-rw-r--   1 travis travis   1274 Mar  5 13:50 ModularCodeGen3_A1_B1_profile.java
-rw-rw-r--   1 travis travis   3973 Mar  5 13:50 ModularCodeGen3_A1_B2.class
-rw-rw-r--   1 travis travis   9958 Mar  5 13:50 ModularCodeGen3_A1_B2.java
-rw-rw-r--   1 travis travis    880 Mar  5 13:50 ModularCodeGen3_A1_B2.mk
-rw-rw-r--   1 travis travis   1330 Mar  5 13:50 ModularCodeGen3_A1_B2_profile.class
-rw-rw-r--   1 travis travis   1274 Mar  5 13:50 ModularCodeGen3_A1_B2_profile.java
-rw-rw-r--   1 travis travis   5193 Mar  5 13:50 ModularCodeGen3_A1.class
-rw-rw-r--   1 travis travis  15564 Mar  5 13:50 ModularCodeGen3_A1.java
-rw-rw-r--   1 travis travis    856 Mar  5 13:50 ModularCodeGen3_A1.mk
-rw-rw-r--   1 travis travis   1445 Mar  5 13:50 ModularCodeGen3_A1_profile.class
-rw-rw-r--   1 travis travis   1716 Mar  5 13:50 ModularCodeGen3_A1_profile.java
-rw-rw-r--   1 travis travis   4119 Mar  5 13:50 ModularCodeGen3_A2_B1.class
-rw-rw-r--   1 travis travis  10955 Mar  5 13:50 ModularCodeGen3_A2_B1.java
-rw-rw-r--   1 travis travis    880 Mar  5 13:50 ModularCodeGen3_A2_B1.mk
-rw-rw-r--   1 travis travis   1393 Mar  5 13:50 ModularCodeGen3_A2_B1_profile.class
-rw-rw-r--   1 travis travis   1458 Mar  5 13:50 ModularCodeGen3_A2_B1_profile.java
-rw-rw-r--   1 travis travis   1274 Mar  5 13:50 ModularCodeGen3_A2_B2_profile.java
-rw-rw-r--   1 travis travis   4186 Mar  5 13:50 ModularCodeGen_ModularCodeGenTypedCompositeActor.class
-rw-rw-r--   1 travis travis  10970 Mar  5 13:50 ModularCodeGen_ModularCodeGenTypedCompositeActor.java
-rw-rw-r--   1 travis travis   1096 Mar  5 13:50 ModularCodeGen_ModularCodeGenTypedCompositeActor.mk
-rw-rw-r--   1 travis travis   1384 Mar  5 13:50 ModularCodeGen_ModularCodeGenTypedCompositeActor_profile.class
-rw-rw-r--   1 travis travis   1328 Mar  5 13:50 ModularCodeGen_ModularCodeGenTypedCompositeActor_profile.java
-rw-rw-r--   1 travis travis   3724 Mar  5 13:49 ModularCodeGenTest_A1_A2.class
-rw-rw-r--   1 travis travis   9164 Mar  5 13:49 ModularCodeGenTest_A1_A2.java
-rw-rw-r--   1 travis travis   1306 Mar  5 13:49 ModularCodeGenTest_A1_A2_profile.class
-rw-rw-r--   1 travis travis   4055 Mar  5 13:49 ModularCodeGenTest_A1.class
-rw-rw-r--   1 travis travis   9968 Mar  5 13:49 ModularCodeGenTest_A1.java
-rw-rw-r--   1 travis travis    880 Mar  5 13:49 ModularCodeGenTest_A1.mk
-rw-rw-r--   1 travis travis   1352 Mar  5 13:49 ModularCodeGenTest_A1_profile.class
-rw-rw-r--   1 travis travis   1394 Mar  5 13:49 ModularCodeGenTest_A1_profile.java
drwxrwxr-x   3 travis travis  32768 Mar  5 13:49 modulation2
drwxrwxr-x 166 travis travis  12288 Mar  5 13:49 node_modules
drwxrwxr-x   3 travis travis  20480 Mar  5 13:45 PhaseUnwrap
drwxrwxr-x   3 travis travis  12288 Mar  5 13:45 ReadFile1
-rw-rw-r--   1 travis travis     11 Mar  5 13:45 ReadFile1Output.txt
-rw-rw-r--   1 travis travis  13773 Mar  5 13:49 Repeat.class
-rw-rw-r--   1 travis travis    685 Mar  5 13:49 Repeat$_fireFunction_Repeat_Repeat$__f_sL_11.class
-rw-rw-r--   1 travis travis    541 Mar  5 13:49 Repeat$_fireFunction_Repeat_Repeat$__f_sL_12.class
-rw-rw-r--   1 travis travis    541 Mar  5 13:49 Repeat$_fireFunction_Repeat_Repeat$__f_sL_13.class
-rw-rw-r--   1 travis travis    541 Mar  5 13:49 Repeat$_fireFunction_Repeat_Repeat$__f_sL_14.class
-rw-rw-r--   1 travis travis    684 Mar  5 13:49 Repeat$_fireFunction_Repeat_Repeat$__f_sL_1.class
-rw-rw-r--   1 travis travis    683 Mar  5 13:49 Repeat$_fireFunction_Repeat_Repeat$__f_sL_4.class
-rw-rw-r--   1 travis travis    539 Mar  5 13:49 Repeat$_fireFunction_Repeat_Repeat$__f_sL_9.class
-rw-rw-r--   1 travis travis    494 Mar  5 13:49 Repeat$_initialize_Repeat$__i_sL_2.class
-rw-rw-r--   1 travis travis   1281 Mar  5 13:49 Repeat.mk
-rw-rw-r--   1 travis travis    539 Mar  5 13:49 Repeat$_preinitializeMethod_Repeat$__p_sL_0.class
-rw-rw-r--   1 travis travis   1102 Mar  5 13:49 Repeat$_Repeat$_fireFunction_Repeat_AddSubtract_Repeat.class
-rw-rw-r--   1 travis travis    810 Mar  5 13:49 Repeat$_Repeat$_fireFunction_Repeat_AddSubtract_Repeat$__f_sL_0.class
-rw-rw-r--   1 travis travis    928 Mar  5 13:49 Repeat$_Repeat$_fireFunction_Repeat_AddSubtract_Repeat$__f_sL_1.class
-rw-rw-r--   1 travis travis    934 Mar  5 13:49 Repeat$_Repeat$_fireFunction_Repeat_AddSubtract_Repeat$__f_sL_2.class
-rw-rw-r--   1 travis travis    862 Mar  5 13:49 Repeat$_Repeat$_fireFunction_Repeat_AddSubtract_Repeat$__f_sL_3.class
-rw-rw-r--   1 travis travis    757 Mar  5 13:49 Repeat$_Repeat$_fireFunction_Repeat_Ramp2_Repeat$__f_sL_0.class
-rw-rw-r--   1 travis travis    888 Mar  5 13:49 Repeat$_Repeat$_fireFunction_Repeat_Test_Repeat$__f_sL_0.class
-rw-rw-r--   1 travis travis    634 Mar  5 13:49 Repeat$_Repeat$_fireFunction_Repeat_Test_Repeat$__f_sL_1.class
-rw-rw-r--   1 travis travis    704 Mar  5 13:49 Repeat$_Repeat_SDF_Director_run_Repeat$__R_sL_0.class
-rw-rw-r--   1 travis travis    705 Mar  5 13:49 Repeat$_Repeat_SDF_Director_run_Repeat$__R_sL_11.class
-rw-rw-r--   1 travis travis    561 Mar  5 13:49 Repeat$_Repeat_SDF_Director_run_Repeat$__R_sL_13.class
-rw-rw-r--   1 travis travis    559 Mar  5 13:49 Repeat$_Repeat_SDF_Director_run_Repeat$__R_sL_2.class
-rw-rw-r--   1 travis travis    703 Mar  5 13:49 Repeat$_Repeat_SDF_Director_run_Repeat$__R_sL_3.class
-rw-rw-r--   1 travis travis    559 Mar  5 13:49 Repeat$_Repeat_SDF_Director_run_Repeat$__R_sL_5.class
-rw-rw-r--   1 travis travis    559 Mar  5 13:49 Repeat$_Repeat_SDF_Director_run_Repeat$__R_sL_8.class
drwxrwxr-x   2 travis travis   4096 Mar  5 13:49 RepeatVariables
-rw-rw-r--   1 travis travis    882 Mar  5 13:49 Repeat$_varinit_Repeat.class
-rw-rw-r--   1 travis travis    550 Mar  5 13:49 Repeat$_varinit_Repeat$__v_sL_2.class
-rw-rw-r--   1 travis travis    924 Mar  5 13:49 Repeat$_varinit_Repeat$__v_sL_4.class
-rw-rw-r--   1 travis travis    978 Mar  5 13:49 Repeat$_wrapup_Repeat$__w_sL_1.class
drwxrwxr-x   3 travis travis  20480 Mar  5 13:46 Sinewave
drwxrwxr-x   3 travis travis  32768 Mar  5 13:47 StringFunction
drwxrwxr-x   3 travis travis  12288 Mar  5 13:47 StringLength
drwxrwxr-x   3 travis travis  61440 Mar  5 13:47 StringMatches2
drwxrwxr-x   3 travis travis  61440 Mar  5 13:48 StringSimpleReplace
drwxrwxr-x   3 travis travis  65536 Mar  5 13:48 StringSubstring
drwxrwxr-x   3 travis travis  24576 Mar  5 13:48 StringSubstring2
drwxrwxr-x   3 travis travis  16384 Mar  5 13:49 time1
drwxrwxr-x   3 travis travis  12288 Mar  5 13:49 time5
-rw-rw-r--   1 travis travis    432 Mar  5 13:50 Token.class
-rw-rw-r--   1 travis travis    251 Mar  5 13:50 Token.java
-rwxrwxr-x   1 travis travis 466992 Mar  5 13:43 top
-rw-rw-r--   1 travis travis  20502 Mar  5 13:43 top.c
-rw-rw-r--   1 travis travis   3799 Mar  5 13:49 top.class
-rw-rw-r--   1 travis travis   1257 Mar  5 13:49 top.mk
In "/home/travis/cg", about to execute:
    javac -classpath
.:/home/travis/build/icyphy/ptII:/home/travis/build/icyphy/ptII/lib/bsh-2.0b4.j
ar:/home/travis/build/icyphy/ptII/lib/ptCal.jar:/home/travis/build/icyphy/ptII/
lib/java_cup.jar:/home/travis/build/icyphy/ptII/lib/saxon8.jar:/home/travis/bui
ld/icyphy/ptII/lib/saxon8-dom.jar:/home/travis/build/icyphy/ptII/lib/chic.jar:/
home/travis/build/icyphy/ptII/lib/ptcolt.jar:/home/travis/build/icyphy/ptII/ven
dors/misc/itext/iText.jar:/home/travis/build/icyphy/ptII/lib/g4ltl.jar:/home/tr
avis/build/icyphy/ptII/lib/StructuralCoder.jar:/home/travis/build/icyphy/ptII/l
ib/jcerti.jar:/home/travis/build/icyphy/ptII/lib/javax.mail.jar:/home/travis/bu
ild/icyphy/ptII/vendors/JMF-2.1.1e/lib/jmf.jar:/home/travis/build/icyphy/ptII/l
ib/jna-4.0.0-variadic.jar:/home/travis/build/icyphy/ptII/vendors/misc/joystick/
Joystick.jar:/home/travis/build/icyphy/ptII/lib/ptjacl.jar:/home/travis/build/i
cyphy/ptII/lib/jsoup-1.8.2.jar:/home/travis/build/icyphy/ptII/lib/junit-4.8.2.j
ar:/home/travis/build/icyphy/ptII/lib/JUnitParams-0.4.0.jar:/home/travis/build/
icyphy/ptII/ptolemy/actor/lib/excel/jxl.jar:/home/travis/build/icyphy/ptII/lib/
jython.jar:/home/travis/build/icyphy/ptII/lib/kieler.jar:/home/travis/build/icy
phy/ptII/vendors/opencv/share/OpenCV/java/opencv-341.jar:/home/travis/build/icy
phy/ptII/lib/oscP5.jar:/home/travis/build/icyphy/ptII/lib/nrjavaserial-3.11.0.d
evel.jar:/home/travis/build/icyphy/ptII/vendors/j3d/lib/Linux/j3dcore.jar:/home
/travis/build/icyphy/ptII/vendors/j3d/lib/Linux/j3dutils.jar:/home/travis/build
/icyphy/ptII/vendors/j3d/lib/Linux/vecmath.jar:/home/travis/build/icyphy/ptII/v
endors/jogl/lib/Linux/gluegen-rt-natives-linux-amd64.jar:/home/travis/build/icy
phy/ptII/vendors/jogl/lib/Linux/gluegen-rt.jar:/home/travis/build/icyphy/ptII/v
endors/jogl/lib/Linux/jogl-all-natives-linux-amd64.jar:/home/travis/build/icyph
y/ptII/vendors/jogl/lib/Linux/jogl-all.jar:/home/travis/build/icyphy/ptII/ptole
my/distributed/jini/jar/jini-core.jar:/home/travis/build/icyphy/ptII/ptolemy/di
stributed/jini/jar/jini-ext.jar:/home/travis/build/icyphy/ptII/ptolemy/distribu
ted/jini/jar/sun-util.jar:/home/travis/build/icyphy/ptII/lib/protobuf-java-2.4.
1.jar:/home/travis/build/icyphy/ptII/lib/org.eclipse.paho.client.mqttv3.jar:/ho
me/travis/build/icyphy/ptII/lib/mapss.jar:/home/travis/build/icyphy/ptII/ptolem
y/actor/ptalon/antlr/antlr.jar:/home/travis/build/icyphy/ptII/lib/JRI.jar:/home
/travis/build/icyphy/ptII/lib/commons-lang-2.6.jar:/home/travis/build/icyphy/pt
II/lib/commons-logging-1.1.1.jar:/home/travis/build/icyphy/ptII/lib/sootclasses
.jar:/home/travis/build/icyphy/ptII/ptolemy/actor/lib/database/mysql-connector-
java-5.1.6-bin.jar:/home/travis/build/icyphy/ptII/vendors/misc/sphinx4/sphinx4-
data-5prealpha.jar:/home/travis/build/icyphy/ptII/vendors/misc/sphinx4/sphinx4-
core-5prealpha.jar:/home/travis/build/icyphy/ptII/lib/PDFRenderer.jar:/home/tra
vis/build/icyphy/ptII/lib/svgSalamander.jar:/home/travis/build/icyphy/ptII/lib/
rsyntaxtextarea-2.6.0-SNAPSHOT.jar:/home/travis/build/icyphy/ptII/lib/hazelcast
-3.8.2.jar:/home/travis/build/icyphy/ptII/lib/jackson-annotations-2.9.0.jar:/ho
me/travis/build/icyphy/ptII/lib/jackson-core-2.9.3.jar:/home/travis/build/icyph
y/ptII/lib/jackson-databind-2.9.3.jar:/home/travis/build/icyphy/ptII/lib/netty-
buffer-4.1.19.Final.jar:/home/travis/build/icyphy/ptII/lib/netty-codec-4.1.19.F
inal.jar:/home/travis/build/icyphy/ptII/lib/netty-codec-dns-4.1.19.Final.jar:/h
ome/travis/build/icyphy/ptII/lib/netty-codec-http-4.1.19.Final.jar:/home/travis
/build/icyphy/ptII/lib/netty-codec-http2-4.1.19.Final.jar:/home/travis/build/ic
yphy/ptII/lib/netty-common-4.1.19.Final.jar:/home/travis/build/icyphy/ptII/lib/
netty-handler-4.1.19.Final.jar:/home/travis/build/icyphy/ptII/lib/netty-resolve
r-4.1.19.Final.jar:/home/travis/build/icyphy/ptII/lib/netty-resolver-dns-4.1.19
.Final.jar:/home/travis/build/icyphy/ptII/lib/netty-transport-4.1.19.Final.jar:
/home/travis/build/icyphy/ptII/lib/vertx-codegen-3.5.1.jar:/home/travis/build/i
cyphy/ptII/lib/vertx-core-3.5.2-SNAPSHOT.jar:/home/travis/build/icyphy/ptII/lib
/vertx-hazelcast-3.5.1.jar:/home/travis/build/icyphy/ptII/lib/vertx-lang-js-3.5
.1.jar:/home/travis/build/icyphy/ptII/lib/vertx-service-proxy-3.5.1.jar:/home/t
ravis/build/icyphy/ptII/lib/vertx-web-3.5.1.jar:/home/travis/build/icyphy/ptII/
lib/slf4j-api-1.7.13.jar:/home/travis/build/icyphy/ptII/lib/slf4j-simple-1.7.13
.jar:/home/travis/build/icyphy/ptII/lib/webcam-capture-0.3.12.jar:/home/travis/
build/icyphy/ptII/lib/bridj-0.7.0.jar:/home/travis/build/icyphy/ptII/lib/xbjlib
-1.1.0.nrjavaserial.jar:/home/travis/build/icyphy/ptII/ptolemy/moml/test:/home/
travis/build/icyphy/ptII/ant/lib/ant-launcher.jar:/home/travis/build/icyphy/ptI
I/ant/lib/ant.jar:/home/travis/build/icyphy/ptII/ant/lib/ant-junit.jar:/home/tr
avis/build/icyphy/ptII/ant/lib/ant-junit4.jar:/home/travis/build/icyphy/ptII
ModularCodeGen3_A2_B2_profile.java
All Done
Writing ModularCodeGen3_A2_B2.java in file:/home/travis/cg/ (9958 characters)
Reading "ptolemy/cg/kernel/generic/program/procedural/java/modular/makefile.in",
    writing "/home/travis/cg/ModularCodeGen3_A2_B2.mk"
Using ptolemy/cg/kernel/generic/program/procedural/java/modular/makefile.in
In "/home/travis/cg", about to execute:
    make -f ModularCodeGen3_A2_B2.mk
javac -classpath ".:.."    ModularCodeGen3_A2_B2.java
All Done
In "/home/travis/cg", about to execute:
    pwd
In "/home/travis/cg", about to execute:
    ls -l
/home/travis/cg
total 1888
drwxrwxr-x   3 travis travis  12288 Mar  5 13:44 AbsoluteValue
drwxrwxr-x   3 travis travis 102400 Mar  5 13:43 AllColt
drwxrwxr-x   3 travis travis  12288 Mar  5 13:44 Case1
-rw-rw-r--   1 travis travis   5128 Mar  5 13:49 CompiledCompositeActor_CompiledCompositeActor.class
-rw-rw-r--   1 travis travis   1611 Mar  5 13:49 CompiledCompositeActor_CompiledCompositeActor$_CompiledCompositeActor_CompiledCompositeActor.class
-rw-rw-r--   1 travis travis  13466 Mar  5 13:49 CompiledCompositeActor_CompiledCompositeActor.java
-rw-rw-r--   1 travis travis   1593 Mar  5 13:49 CompiledCompositeActor_CompiledCompositeActor.mk
drwxrwxr-x   5 travis travis   4096 Mar  5 13:43 fmi
drwxrwxr-x   3 travis travis  16384 Mar  5 13:44 Gaussian2
-rw-rw-r--   1 travis travis   4684 Mar  5 13:49 JavaCompiledCompositeTest1_CompiledCompositeActor.class
-rw-rw-r--   1 travis travis  11637 Mar  5 13:49 JavaCompiledCompositeTest1_CompiledCompositeActor.java
-rw-rw-r--   1 travis travis   1217 Mar  5 13:49 JavaCompiledCompositeTest1_CompiledCompositeActor$_JavaCompiledCompositeTest1_CompiledCompositeActor.class
-rw-rw-r--   1 travis travis   1625 Mar  5 13:49 JavaCompiledCompositeTest1_CompiledCompositeActor.mk
-rw-rw-r--   1 travis travis   5115 Mar  5 13:49 JavaCompiledCompositeTest2_CompiledCompositeActor.class
-rw-rw-r--   1 travis travis  14919 Mar  5 13:49 JavaCompiledCompositeTest2_CompiledCompositeActor.java
-rw-rw-r--   1 travis travis   1812 Mar  5 13:49 JavaCompiledCompositeTest2_CompiledCompositeActor$_JavaCompiledCompositeTest2_CompiledCompositeActor.class
-rw-rw-r--   1 travis travis   1625 Mar  5 13:49 JavaCompiledCompositeTest2_CompiledCompositeActor.mk
-rw-rw-r--   1 travis travis   4732 Mar  5 13:49 JavaCompiledCompositeTest3_CompiledCompositeActor.class
-rw-rw-r--   1 travis travis  13080 Mar  5 13:49 JavaCompiledCompositeTest3_CompiledCompositeActor.java
-rw-rw-r--   1 travis travis   1397 Mar  5 13:49 JavaCompiledCompositeTest3_CompiledCompositeActor$_JavaCompiledCompositeTest3_CompiledCompositeActor.class
-rw-rw-r--   1 travis travis   1625 Mar  5 13:49 JavaCompiledCompositeTest3_CompiledCompositeActor.mk
-rw-rw-r--   1 travis travis   4183 Mar  5 13:49 JavaCompiledCompositeTest4_CompiledCompositeActor.class
-rw-rw-r--   1 travis travis   9687 Mar  5 13:49 JavaCompiledCompositeTest4_CompiledCompositeActor.java
-rw-rw-r--   1 travis travis    876 Mar  5 13:49 JavaCompiledCompositeTest4_CompiledCompositeActor$_JavaCompiledCompositeTest4_CompiledCompositeActor.class
-rw-rw-r--   1 travis travis   1625 Mar  5 13:49 JavaCompiledCompositeTest4_CompiledCompositeActor.mk
drwxrwxr-x   3 travis travis  12288 Mar  5 13:45 LookupTable
drwxrwxr-x   3 travis travis  20480 Mar  5 13:45 MaxIndex
-rw-rw-r--   1 travis travis   3925 Mar  5 13:49 ModularCG_A1_B1.class
-rw-rw-r--   1 travis travis   9730 Mar  5 13:49 ModularCG_A1_B1.java
-rw-rw-r--   1 travis travis    832 Mar  5 13:49 ModularCG_A1_B1.mk
-rw-rw-r--   1 travis travis   1318 Mar  5 13:49 ModularCG_A1_B1_profile.class
-rw-rw-r--   1 travis travis   1262 Mar  5 13:49 ModularCG_A1_B1_profile.java
-rw-rw-r--   1 travis travis   3925 Mar  5 13:50 ModularCG_A1_B2.class
-rw-rw-r--   1 travis travis   9730 Mar  5 13:50 ModularCG_A1_B2.java
-rw-rw-r--   1 travis travis    832 Mar  5 13:50 ModularCG_A1_B2.mk
-rw-rw-r--   1 travis travis   1318 Mar  5 13:50 ModularCG_A1_B2_profile.class
-rw-rw-r--   1 travis travis   1262 Mar  5 13:49 ModularCG_A1_B2_profile.java
-rw-rw-r--   1 travis travis   5031 Mar  5 13:50 ModularCG_A1.class
-rw-rw-r--   1 travis travis  14742 Mar  5 13:50 ModularCG_A1.java
-rw-rw-r--   1 travis travis    808 Mar  5 13:50 ModularCG_A1.mk
-rw-rw-r--   1 travis travis   1433 Mar  5 13:50 ModularCG_A1_profile.class
-rw-rw-r--   1 travis travis   1704 Mar  5 13:50 ModularCG_A1_profile.java
-rw-rw-r--   1 travis travis   4059 Mar  5 13:50 ModularCG_A2_B1.class
-rw-rw-r--   1 travis travis  10667 Mar  5 13:50 ModularCG_A2_B1.java
-rw-rw-r--   1 travis travis    832 Mar  5 13:50 ModularCG_A2_B1.mk
-rw-rw-r--   1 travis travis   1381 Mar  5 13:50 ModularCG_A2_B1_profile.class
-rw-rw-r--   1 travis travis   1446 Mar  5 13:50 ModularCG_A2_B1_profile.java
-rw-rw-r--   1 travis travis   3925 Mar  5 13:50 ModularCG_A2_B2.class
-rw-rw-r--   1 travis travis   9730 Mar  5 13:50 ModularCG_A2_B2.java
-rw-rw-r--   1 travis travis    832 Mar  5 13:50 ModularCG_A2_B2.mk
-rw-rw-r--   1 travis travis   1318 Mar  5 13:50 ModularCG_A2_B2_profile.class
-rw-rw-r--   1 travis travis   1262 Mar  5 13:50 ModularCG_A2_B2_profile.java
-rw-rw-r--   1 travis travis   5102 Mar  5 13:50 ModularCG_A2.class
-rw-rw-r--   1 travis travis  15129 Mar  5 13:50 ModularCG_A2.java
-rw-rw-r--   1 travis travis    808 Mar  5 13:50 ModularCG_A2.mk
-rw-rw-r--   1 travis travis   1433 Mar  5 13:50 ModularCG_A2_profile.class
-rw-rw-r--   1 travis travis   1704 Mar  5 13:50 ModularCG_A2_profile.java
-rw-rw-r--   1 travis travis   3705 Mar  5 13:50 ModularCGPubSub_A1_A2.class
-rw-rw-r--   1 travis travis   9076 Mar  5 13:50 ModularCGPubSub_A1_A2.java
-rw-rw-r--   1 travis travis    880 Mar  5 13:50 ModularCGPubSub_A1_A2.mk
-rw-rw-r--   1 travis travis   1300 Mar  5 13:50 ModularCGPubSub_A1_A2_profile.class
-rw-rw-r--   1 travis travis   1222 Mar  5 13:50 ModularCGPubSub_A1_A2_profile.java
-rw-rw-r--   1 travis travis   4022 Mar  5 13:50 ModularCGPubSub_A1.class
-rw-rw-r--   1 travis travis   9836 Mar  5 13:50 ModularCGPubSub_A1.java
-rw-rw-r--   1 travis travis    856 Mar  5 13:50 ModularCGPubSub_A1.mk
-rw-rw-r--   1 travis travis   1346 Mar  5 13:50 ModularCGPubSub_A1_profile.class
-rw-rw-r--   1 travis travis   1388 Mar  5 13:50 ModularCGPubSub_A1_profile.java
-rw-rw-r--   1 travis travis   4220 Mar  5 13:50 ModularCodeGen2_ModularCodeGenTypedCompositeActor.class
-rw-rw-r--   1 travis travis  11690 Mar  5 13:50 ModularCodeGen2_ModularCodeGenTypedCompositeActor.java
-rw-rw-r--   1 travis travis   1104 Mar  5 13:50 ModularCodeGen2_ModularCodeGenTypedCompositeActor.mk
-rw-rw-r--   1 travis travis   4504 Mar  5 13:50 ModularCodeGen2_ModularCodeGenTypedCompositeActor_ModularCodeGenTypedCompositeActor.class
-rw-rw-r--   1 travis travis  11790 Mar  5 13:50 ModularCodeGen2_ModularCodeGenTypedCompositeActor_ModularCodeGenTypedCompositeActor.java
-rw-rw-r--   1 travis travis   1376 Mar  5 13:50 ModularCodeGen2_ModularCodeGenTypedCompositeActor_ModularCodeGenTypedCompositeActor.mk
-rw-rw-r--   1 travis travis   1421 Mar  5 13:50 ModularCodeGen2_ModularCodeGenTypedCompositeActor_ModularCodeGenTypedCompositeActor_profile.class
-rw-rw-r--   1 travis travis   1294 Mar  5 13:50 ModularCodeGen2_ModularCodeGenTypedCompositeActor_ModularCodeGenTypedCompositeActor_profile.java
-rw-rw-r--   1 travis travis    820 Mar  5 13:50 ModularCodeGen2_ModularCodeGenTypedCompositeActor_profile.class
-rw-rw-r--   1 travis travis    693 Mar  5 13:50 ModularCodeGen2_ModularCodeGenTypedCompositeActor_profile.java
-rw-rw-r--   1 travis travis   3973 Mar  5 13:50 ModularCodeGen3_A1_B1.class
-rw-rw-r--   1 travis travis   9958 Mar  5 13:50 ModularCodeGen3_A1_B1.java
-rw-rw-r--   1 travis travis    880 Mar  5 13:50 ModularCodeGen3_A1_B1.mk
-rw-rw-r--   1 travis travis   1330 Mar  5 13:50 ModularCodeGen3_A1_B1_profile.class
-rw-rw-r--   1 travis travis   1274 Mar  5 13:50 ModularCodeGen3_A1_B1_profile.java
-rw-rw-r--   1 travis travis   3973 Mar  5 13:50 ModularCodeGen3_A1_B2.class
-rw-rw-r--   1 travis travis   9958 Mar  5 13:50 ModularCodeGen3_A1_B2.java
-rw-rw-r--   1 travis travis    880 Mar  5 13:50 ModularCodeGen3_A1_B2.mk
-rw-rw-r--   1 travis travis   1330 Mar  5 13:50 ModularCodeGen3_A1_B2_profile.class
-rw-rw-r--   1 travis travis   1274 Mar  5 13:50 ModularCodeGen3_A1_B2_profile.java
-rw-rw-r--   1 travis travis   5193 Mar  5 13:50 ModularCodeGen3_A1.class
-rw-rw-r--   1 travis travis  15564 Mar  5 13:50 ModularCodeGen3_A1.java
-rw-rw-r--   1 travis travis    856 Mar  5 13:50 ModularCodeGen3_A1.mk
-rw-rw-r--   1 travis travis   1445 Mar  5 13:50 ModularCodeGen3_A1_profile.class
-rw-rw-r--   1 travis travis   1716 Mar  5 13:50 ModularCodeGen3_A1_profile.java
-rw-rw-r--   1 travis travis   4119 Mar  5 13:50 ModularCodeGen3_A2_B1.class
-rw-rw-r--   1 travis travis  10955 Mar  5 13:50 ModularCodeGen3_A2_B1.java
-rw-rw-r--   1 travis travis    880 Mar  5 13:50 ModularCodeGen3_A2_B1.mk
-rw-rw-r--   1 travis travis   1393 Mar  5 13:50 ModularCodeGen3_A2_B1_profile.class
-rw-rw-r--   1 travis travis   1458 Mar  5 13:50 ModularCodeGen3_A2_B1_profile.java
-rw-rw-r--   1 travis travis   3973 Mar  5 13:50 ModularCodeGen3_A2_B2.class
-rw-rw-r--   1 travis travis   9958 Mar  5 13:50 ModularCodeGen3_A2_B2.java
-rw-rw-r--   1 travis travis    880 Mar  5 13:50 ModularCodeGen3_A2_B2.mk
-rw-rw-r--   1 travis travis   1330 Mar  5 13:50 ModularCodeGen3_A2_B2_profile.class
-rw-rw-r--   1 travis travis   1274 Mar  5 13:50 ModularCodeGen3_A2_B2_profile.java
-rw-rw-r--   1 travis travis   1716 Mar  5 13:50 ModularCodeGen3_A2_profile.java
-rw-rw-r--   1 travis travis   4186 Mar  5 13:50 ModularCodeGen_ModularCodeGenTypedCompositeActor.class
-rw-rw-r--   1 travis travis  10970 Mar  5 13:50 ModularCodeGen_ModularCodeGenTypedCompositeActor.java
-rw-rw-r--   1 travis travis   1096 Mar  5 13:50 ModularCodeGen_ModularCodeGenTypedCompositeActor.mk
-rw-rw-r--   1 travis travis   1384 Mar  5 13:50 ModularCodeGen_ModularCodeGenTypedCompositeActor_profile.class
-rw-rw-r--   1 travis travis   1328 Mar  5 13:50 ModularCodeGen_ModularCodeGenTypedCompositeActor_profile.java
-rw-rw-r--   1 travis travis   3724 Mar  5 13:49 ModularCodeGenTest_A1_A2.class
-rw-rw-r--   1 travis travis   9164 Mar  5 13:49 ModularCodeGenTest_A1_A2.java
-rw-rw-r--   1 travis travis   1306 Mar  5 13:49 ModularCodeGenTest_A1_A2_profile.class
-rw-rw-r--   1 travis travis   4055 Mar  5 13:49 ModularCodeGenTest_A1.class
-rw-rw-r--   1 travis travis   9968 Mar  5 13:49 ModularCodeGenTest_A1.java
-rw-rw-r--   1 travis travis    880 Mar  5 13:49 ModularCodeGenTest_A1.mk
-rw-rw-r--   1 travis travis   1352 Mar  5 13:49 ModularCodeGenTest_A1_profile.class
-rw-rw-r--   1 travis travis   1394 Mar  5 13:49 ModularCodeGenTest_A1_profile.java
drwxrwxr-x   3 travis travis  32768 Mar  5 13:49 modulation2
drwxrwxr-x 166 travis travis  12288 Mar  5 13:49 node_modules
drwxrwxr-x   3 travis travis  20480 Mar  5 13:45 PhaseUnwrap
drwxrwxr-x   3 travis travis  12288 Mar  5 13:45 ReadFile1
-rw-rw-r--   1 travis travis     11 Mar  5 13:45 ReadFile1Output.txt
-rw-rw-r--   1 travis travis  13773 Mar  5 13:49 Repeat.class
-rw-rw-r--   1 travis travis    685 Mar  5 13:49 Repeat$_fireFunction_Repeat_Repeat$__f_sL_11.class
-rw-rw-r--   1 travis travis    541 Mar  5 13:49 Repeat$_fireFunction_Repeat_Repeat$__f_sL_12.class
-rw-rw-r--   1 travis travis    541 Mar  5 13:49 Repeat$_fireFunction_Repeat_Repeat$__f_sL_13.class
-rw-rw-r--   1 travis travis    541 Mar  5 13:49 Repeat$_fireFunction_Repeat_Repeat$__f_sL_14.class
-rw-rw-r--   1 travis travis    684 Mar  5 13:49 Repeat$_fireFunction_Repeat_Repeat$__f_sL_1.class
-rw-rw-r--   1 travis travis    683 Mar  5 13:49 Repeat$_fireFunction_Repeat_Repeat$__f_sL_4.class
-rw-rw-r--   1 travis travis    539 Mar  5 13:49 Repeat$_fireFunction_Repeat_Repeat$__f_sL_9.class
-rw-rw-r--   1 travis travis    494 Mar  5 13:49 Repeat$_initialize_Repeat$__i_sL_2.class
-rw-rw-r--   1 travis travis   1281 Mar  5 13:49 Repeat.mk
-rw-rw-r--   1 travis travis    539 Mar  5 13:49 Repeat$_preinitializeMethod_Repeat$__p_sL_0.class
-rw-rw-r--   1 travis travis   1102 Mar  5 13:49 Repeat$_Repeat$_fireFunction_Repeat_AddSubtract_Repeat.class
-rw-rw-r--   1 travis travis    810 Mar  5 13:49 Repeat$_Repeat$_fireFunction_Repeat_AddSubtract_Repeat$__f_sL_0.class
-rw-rw-r--   1 travis travis    928 Mar  5 13:49 Repeat$_Repeat$_fireFunction_Repeat_AddSubtract_Repeat$__f_sL_1.class
-rw-rw-r--   1 travis travis    934 Mar  5 13:49 Repeat$_Repeat$_fireFunction_Repeat_AddSubtract_Repeat$__f_sL_2.class
-rw-rw-r--   1 travis travis    862 Mar  5 13:49 Repeat$_Repeat$_fireFunction_Repeat_AddSubtract_Repeat$__f_sL_3.class
-rw-rw-r--   1 travis travis    757 Mar  5 13:49 Repeat$_Repeat$_fireFunction_Repeat_Ramp2_Repeat$__f_sL_0.class
-rw-rw-r--   1 travis travis    888 Mar  5 13:49 Repeat$_Repeat$_fireFunction_Repeat_Test_Repeat$__f_sL_0.class
-rw-rw-r--   1 travis travis    634 Mar  5 13:49 Repeat$_Repeat$_fireFunction_Repeat_Test_Repeat$__f_sL_1.class
-rw-rw-r--   1 travis travis    704 Mar  5 13:49 Repeat$_Repeat_SDF_Director_run_Repeat$__R_sL_0.class
-rw-rw-r--   1 travis travis    705 Mar  5 13:49 Repeat$_Repeat_SDF_Director_run_Repeat$__R_sL_11.class
-rw-rw-r--   1 travis travis    561 Mar  5 13:49 Repeat$_Repeat_SDF_Director_run_Repeat$__R_sL_13.class
-rw-rw-r--   1 travis travis    559 Mar  5 13:49 Repeat$_Repeat_SDF_Director_run_Repeat$__R_sL_2.class
-rw-rw-r--   1 travis travis    703 Mar  5 13:49 Repeat$_Repeat_SDF_Director_run_Repeat$__R_sL_3.class
-rw-rw-r--   1 travis travis    559 Mar  5 13:49 Repeat$_Repeat_SDF_Director_run_Repeat$__R_sL_5.class
-rw-rw-r--   1 travis travis    559 Mar  5 13:49 Repeat$_Repeat_SDF_Director_run_Repeat$__R_sL_8.class
drwxrwxr-x   2 travis travis   4096 Mar  5 13:49 RepeatVariables
-rw-rw-r--   1 travis travis    882 Mar  5 13:49 Repeat$_varinit_Repeat.class
-rw-rw-r--   1 travis travis    550 Mar  5 13:49 Repeat$_varinit_Repeat$__v_sL_2.class
-rw-rw-r--   1 travis travis    924 Mar  5 13:49 Repeat$_varinit_Repeat$__v_sL_4.class
-rw-rw-r--   1 travis travis    978 Mar  5 13:49 Repeat$_wrapup_Repeat$__w_sL_1.class
drwxrwxr-x   3 travis travis  20480 Mar  5 13:46 Sinewave
drwxrwxr-x   3 travis travis  32768 Mar  5 13:47 StringFunction
drwxrwxr-x   3 travis travis  12288 Mar  5 13:47 StringLength
drwxrwxr-x   3 travis travis  61440 Mar  5 13:47 StringMatches2
drwxrwxr-x   3 travis travis  61440 Mar  5 13:48 StringSimpleReplace
drwxrwxr-x   3 travis travis  65536 Mar  5 13:48 StringSubstring
drwxrwxr-x   3 travis travis  24576 Mar  5 13:48 StringSubstring2
drwxrwxr-x   3 travis travis  16384 Mar  5 13:49 time1
drwxrwxr-x   3 travis travis  12288 Mar  5 13:49 time5
-rw-rw-r--   1 travis travis    432 Mar  5 13:50 Token.class
-rw-rw-r--   1 travis travis    251 Mar  5 13:50 Token.java
-rwxrwxr-x   1 travis travis 466992 Mar  5 13:43 top
-rw-rw-r--   1 travis travis  20502 Mar  5 13:43 top.c
-rw-rw-r--   1 travis travis   3799 Mar  5 13:49 top.class
-rw-rw-r--   1 travis travis   1257 Mar  5 13:49 top.mk
In "/home/travis/cg", about to execute:
    javac -classpath
.:/home/travis/build/icyphy/ptII:/home/travis/build/icyphy/ptII/lib/bsh-2.0b4.j
ar:/home/travis/build/icyphy/ptII/lib/ptCal.jar:/home/travis/build/icyphy/ptII/
lib/java_cup.jar:/home/travis/build/icyphy/ptII/lib/saxon8.jar:/home/travis/bui
ld/icyphy/ptII/lib/saxon8-dom.jar:/home/travis/build/icyphy/ptII/lib/chic.jar:/
home/travis/build/icyphy/ptII/lib/ptcolt.jar:/home/travis/build/icyphy/ptII/ven
dors/misc/itext/iText.jar:/home/travis/build/icyphy/ptII/lib/g4ltl.jar:/home/tr
avis/build/icyphy/ptII/lib/StructuralCoder.jar:/home/travis/build/icyphy/ptII/l
ib/jcerti.jar:/home/travis/build/icyphy/ptII/lib/javax.mail.jar:/home/travis/bu
ild/icyphy/ptII/vendors/JMF-2.1.1e/lib/jmf.jar:/home/travis/build/icyphy/ptII/l
ib/jna-4.0.0-variadic.jar:/home/travis/build/icyphy/ptII/vendors/misc/joystick/
Joystick.jar:/home/travis/build/icyphy/ptII/lib/ptjacl.jar:/home/travis/build/i
cyphy/ptII/lib/jsoup-1.8.2.jar:/home/travis/build/icyphy/ptII/lib/junit-4.8.2.j
ar:/home/travis/build/icyphy/ptII/lib/JUnitParams-0.4.0.jar:/home/travis/build/
icyphy/ptII/ptolemy/actor/lib/excel/jxl.jar:/home/travis/build/icyphy/ptII/lib/
jython.jar:/home/travis/build/icyphy/ptII/lib/kieler.jar:/home/travis/build/icy
phy/ptII/vendors/opencv/share/OpenCV/java/opencv-341.jar:/home/travis/build/icy
phy/ptII/lib/oscP5.jar:/home/travis/build/icyphy/ptII/lib/nrjavaserial-3.11.0.d
evel.jar:/home/travis/build/icyphy/ptII/vendors/j3d/lib/Linux/j3dcore.jar:/home
/travis/build/icyphy/ptII/vendors/j3d/lib/Linux/j3dutils.jar:/home/travis/build
/icyphy/ptII/vendors/j3d/lib/Linux/vecmath.jar:/home/travis/build/icyphy/ptII/v
endors/jogl/lib/Linux/gluegen-rt-natives-linux-amd64.jar:/home/travis/build/icy
phy/ptII/vendors/jogl/lib/Linux/gluegen-rt.jar:/home/travis/build/icyphy/ptII/v
endors/jogl/lib/Linux/jogl-all-natives-linux-amd64.jar:/home/travis/build/icyph
y/ptII/vendors/jogl/lib/Linux/jogl-all.jar:/home/travis/build/icyphy/ptII/ptole
my/distributed/jini/jar/jini-core.jar:/home/travis/build/icyphy/ptII/ptolemy/di
stributed/jini/jar/jini-ext.jar:/home/travis/build/icyphy/ptII/ptolemy/distribu
ted/jini/jar/sun-util.jar:/home/travis/build/icyphy/ptII/lib/protobuf-java-2.4.
1.jar:/home/travis/build/icyphy/ptII/lib/org.eclipse.paho.client.mqttv3.jar:/ho
me/travis/build/icyphy/ptII/lib/mapss.jar:/home/travis/build/icyphy/ptII/ptolem
y/actor/ptalon/antlr/antlr.jar:/home/travis/build/icyphy/ptII/lib/JRI.jar:/home
/travis/build/icyphy/ptII/lib/commons-lang-2.6.jar:/home/travis/build/icyphy/pt
II/lib/commons-logging-1.1.1.jar:/home/travis/build/icyphy/ptII/lib/sootclasses
.jar:/home/travis/build/icyphy/ptII/ptolemy/actor/lib/database/mysql-connector-
java-5.1.6-bin.jar:/home/travis/build/icyphy/ptII/vendors/misc/sphinx4/sphinx4-
data-5prealpha.jar:/home/travis/build/icyphy/ptII/vendors/misc/sphinx4/sphinx4-
core-5prealpha.jar:/home/travis/build/icyphy/ptII/lib/PDFRenderer.jar:/home/tra
vis/build/icyphy/ptII/lib/svgSalamander.jar:/home/travis/build/icyphy/ptII/lib/
rsyntaxtextarea-2.6.0-SNAPSHOT.jar:/home/travis/build/icyphy/ptII/lib/hazelcast
-3.8.2.jar:/home/travis/build/icyphy/ptII/lib/jackson-annotations-2.9.0.jar:/ho
me/travis/build/icyphy/ptII/lib/jackson-core-2.9.3.jar:/home/travis/build/icyph
y/ptII/lib/jackson-databind-2.9.3.jar:/home/travis/build/icyphy/ptII/lib/netty-
buffer-4.1.19.Final.jar:/home/travis/build/icyphy/ptII/lib/netty-codec-4.1.19.F
inal.jar:/home/travis/build/icyphy/ptII/lib/netty-codec-dns-4.1.19.Final.jar:/h
ome/travis/build/icyphy/ptII/lib/netty-codec-http-4.1.19.Final.jar:/home/travis
/build/icyphy/ptII/lib/netty-codec-http2-4.1.19.Final.jar:/home/travis/build/ic
yphy/ptII/lib/netty-common-4.1.19.Final.jar:/home/travis/build/icyphy/ptII/lib/
netty-handler-4.1.19.Final.jar:/home/travis/build/icyphy/ptII/lib/netty-resolve
r-4.1.19.Final.jar:/home/travis/build/icyphy/ptII/lib/netty-resolver-dns-4.1.19
.Final.jar:/home/travis/build/icyphy/ptII/lib/netty-transport-4.1.19.Final.jar:
/home/travis/build/icyphy/ptII/lib/vertx-codegen-3.5.1.jar:/home/travis/build/i
cyphy/ptII/lib/vertx-core-3.5.2-SNAPSHOT.jar:/home/travis/build/icyphy/ptII/lib
/vertx-hazelcast-3.5.1.jar:/home/travis/build/icyphy/ptII/lib/vertx-lang-js-3.5
.1.jar:/home/travis/build/icyphy/ptII/lib/vertx-service-proxy-3.5.1.jar:/home/t
ravis/build/icyphy/ptII/lib/vertx-web-3.5.1.jar:/home/travis/build/icyphy/ptII/
lib/slf4j-api-1.7.13.jar:/home/travis/build/icyphy/ptII/lib/slf4j-simple-1.7.13
.jar:/home/travis/build/icyphy/ptII/lib/webcam-capture-0.3.12.jar:/home/travis/
build/icyphy/ptII/lib/bridj-0.7.0.jar:/home/travis/build/icyphy/ptII/lib/xbjlib
-1.1.0.nrjavaserial.jar:/home/travis/build/icyphy/ptII/ptolemy/moml/test:/home/
travis/build/icyphy/ptII/ant/lib/ant-launcher.jar:/home/travis/build/icyphy/ptI
I/ant/lib/ant.jar:/home/travis/build/icyphy/ptII/ant/lib/ant-junit.jar:/home/tr
avis/build/icyphy/ptII/ant/lib/ant-junit4.jar:/home/travis/build/icyphy/ptII
ModularCodeGen3_A2_profile.java
All Done
Writing ModularCodeGen3_A2.java in file:/home/travis/cg/ (15957 characters)
Reading "ptolemy/cg/kernel/generic/program/procedural/java/modular/makefile.in",
    writing "/home/travis/cg/ModularCodeGen3_A2.mk"
Using ptolemy/cg/kernel/generic/program/procedural/java/modular/makefile.in
In "/home/travis/cg", about to execute:
    make -f ModularCodeGen3_A2.mk
javac -classpath ".:.."    ModularCodeGen3_A2.java
All Done
Manager.initialize() finished: 16133 ms. Memory: 129024K Free: 66725K (52%)
16136 ms. Memory: 129024K Free: 66213K (51%)
----------------- Invoking toplevel() on ptolemy.moml.MoMLSimpleApplication@3d533a90
----------------- Done invoking toplevel() on ptolemy.moml.MoMLSimpleApplication@3d533a90
reloadAllAccessors: .ModularCodeGen3

===========================================================================================
----------------- testing Thu Mar 05 13:50:42 UTC 2020 /home/travis/build/icyphy/ptII/ptolemy/cg/lib/test/auto/ModularCodeGen4.xml
----------------- Instantiating /home/travis/build/icyphy/ptII/ptolemy/cg/lib/test/auto/ModularCodeGen4.xml
In "/home/travis/cg", about to execute:
    pwd
In "/home/travis/cg", about to execute:
    ls -l
/home/travis/cg
In "/home/travis/cg", about to execute:
    javac -classpath
.:/home/travis/build/icyphy/ptII:/home/travis/build/icyphy/ptII/lib/bsh-2.0b4.j
ar:/home/travis/build/icyphy/ptII/lib/ptCal.jar:/home/travis/build/icyphy/ptII/
lib/java_cup.jar:/home/travis/build/icyphy/ptII/lib/saxon8.jar:/home/travis/bui
ld/icyphy/ptII/lib/saxon8-dom.jar:/home/travis/build/icyphy/ptII/lib/chic.jar:/
home/travis/build/icyphy/ptII/lib/ptcolt.jar:/home/travis/build/icyphy/ptII/ven
dors/misc/itext/iText.jar:/home/travis/build/icyphy/ptII/lib/g4ltl.jar:/home/tr
avis/build/icyphy/ptII/lib/StructuralCoder.jar:/home/travis/build/icyphy/ptII/l
ib/jcerti.jar:/home/travis/build/icyphy/ptII/lib/javax.mail.jar:/home/travis/bu
ild/icyphy/ptII/vendors/JMF-2.1.1e/lib/jmf.jar:/home/travis/build/icyphy/ptII/l
ib/jna-4.0.0-variadic.jar:/home/travis/build/icyphy/ptII/vendors/misc/joystick/
Joystick.jar:/home/travis/build/icyphy/ptII/lib/ptjacl.jar:/home/travis/build/i
cyphy/ptII/lib/jsoup-1.8.2.jar:/home/travis/build/icyphy/ptII/lib/junit-4.8.2.j
ar:/home/travis/build/icyphy/ptII/lib/JUnitParams-0.4.0.jar:/home/travis/build/
icyphy/ptII/ptolemy/actor/lib/excel/jxl.jar:/home/travis/build/icyphy/ptII/lib/
jython.jar:/home/travis/build/icyphy/ptII/lib/kieler.jar:/home/travis/build/icy
phy/ptII/vendors/opencv/share/OpenCV/java/opencv-341.jar:/home/travis/build/icy
phy/ptII/lib/oscP5.jar:/home/travis/build/icyphy/ptII/lib/nrjavaserial-3.11.0.d
evel.jar:/home/travis/build/icyphy/ptII/vendors/j3d/lib/Linux/j3dcore.jar:/home
/travis/build/icyphy/ptII/vendors/j3d/lib/Linux/j3dutils.jar:/home/travis/build
/icyphy/ptII/vendors/j3d/lib/Linux/vecmath.jar:/home/travis/build/icyphy/ptII/v
endors/jogl/lib/Linux/gluegen-rt-natives-linux-amd64.jar:/home/travis/build/icy
phy/ptII/vendors/jogl/lib/Linux/gluegen-rt.jar:/home/travis/build/icyphy/ptII/v
endors/jogl/lib/Linux/jogl-all-natives-linux-amd64.jar:/home/travis/build/icyph
y/ptII/vendors/jogl/lib/Linux/jogl-all.jar:/home/travis/build/icyphy/ptII/ptole
my/distributed/jini/jar/jini-core.jar:/home/travis/build/icyphy/ptII/ptolemy/di
stributed/jini/jar/jini-ext.jar:/home/travis/build/icyphy/ptII/ptolemy/distribu
ted/jini/jar/sun-util.jar:/home/travis/build/icyphy/ptII/lib/protobuf-java-2.4.
1.jar:/home/travis/build/icyphy/ptII/lib/org.eclipse.paho.client.mqttv3.jar:/ho
me/travis/build/icyphy/ptII/lib/mapss.jar:/home/travis/build/icyphy/ptII/ptolem
y/actor/ptalon/antlr/antlr.jar:/home/travis/build/icyphy/ptII/lib/JRI.jar:/home
/travis/build/icyphy/ptII/lib/commons-lang-2.6.jar:/home/travis/build/icyphy/pt
II/lib/commons-logging-1.1.1.jar:/home/travis/build/icyphy/ptII/lib/sootclasses
.jar:/home/travis/build/icyphy/ptII/ptolemy/actor/lib/database/mysql-connector-
java-5.1.6-bin.jar:/home/travis/build/icyphy/ptII/vendors/misc/sphinx4/sphinx4-
data-5prealpha.jar:/home/travis/build/icyphy/ptII/vendors/misc/sphinx4/sphinx4-
core-5prealpha.jar:/home/travis/build/icyphy/ptII/lib/PDFRenderer.jar:/home/tra
vis/build/icyphy/ptII/lib/svgSalamander.jar:/home/travis/build/icyphy/ptII/lib/
rsyntaxtextarea-2.6.0-SNAPSHOT.jar:/home/travis/build/icyphy/ptII/lib/hazelcast
-3.8.2.jar:/home/travis/build/icyphy/ptII/lib/jackson-annotations-2.9.0.jar:/ho
me/travis/build/icyphy/ptII/lib/jackson-core-2.9.3.jar:/home/travis/build/icyph
y/ptII/lib/jackson-databind-2.9.3.jar:/home/travis/build/icyphy/ptII/lib/netty-
buffer-4.1.19.Final.jar:/home/travis/build/icyphy/ptII/lib/netty-codec-4.1.19.F
inal.jar:/home/travis/build/icyphy/ptII/lib/netty-codec-dns-4.1.19.Final.jar:/h
ome/travis/build/icyphy/ptII/lib/netty-codec-http-4.1.19.Final.jar:/home/travis
/build/icyphy/ptII/lib/netty-codec-http2-4.1.19.Final.jar:/home/travis/build/ic
yphy/ptII/lib/netty-common-4.1.19.Final.jar:/home/travis/build/icyphy/ptII/lib/
netty-handler-4.1.19.Final.jar:/home/travis/build/icyphy/ptII/lib/netty-resolve
r-4.1.19.Final.jar:/home/travis/build/icyphy/ptII/lib/netty-resolver-dns-4.1.19
.Final.jar:/home/travis/build/icyphy/ptII/lib/netty-transport-4.1.19.Final.jar:
/home/travis/build/icyphy/ptII/lib/vertx-codegen-3.5.1.jar:/home/travis/build/i
cyphy/ptII/lib/vertx-core-3.5.2-SNAPSHOT.jar:/home/travis/build/icyphy/ptII/lib
/vertx-hazelcast-3.5.1.jar:/home/travis/build/icyphy/ptII/lib/vertx-lang-js-3.5
.1.jar:/home/travis/build/icyphy/ptII/lib/vertx-service-proxy-3.5.1.jar:/home/t
ravis/build/icyphy/ptII/lib/vertx-web-3.5.1.jar:/home/travis/build/icyphy/ptII/
lib/slf4j-api-1.7.13.jar:/home/travis/build/icyphy/ptII/lib/slf4j-simple-1.7.13
.jar:/home/travis/build/icyphy/ptII/lib/webcam-capture-0.3.12.jar:/home/travis/
build/icyphy/ptII/lib/bridj-0.7.0.jar:/home/travis/build/icyphy/ptII/lib/xbjlib
-1.1.0.nrjavaserial.jar:/home/travis/build/icyphy/ptII/ptolemy/moml/test:/home/
travis/build/icyphy/ptII/ant/lib/ant-launcher.jar:/home/travis/build/icyphy/ptI
I/ant/lib/ant.jar:/home/travis/build/icyphy/ptII/ant/lib/ant-junit.jar:/home/tr
avis/build/icyphy/ptII/ant/lib/ant-junit4.jar:/home/travis/build/icyphy/ptII
ModularCodeGen4_A1_B1_profile.java
total 1924
drwxrwxr-x   3 travis travis  12288 Mar  5 13:44 AbsoluteValue
drwxrwxr-x   3 travis travis 102400 Mar  5 13:43 AllColt
drwxrwxr-x   3 travis travis  12288 Mar  5 13:44 Case1
-rw-rw-r--   1 travis travis   5128 Mar  5 13:49 CompiledCompositeActor_CompiledCompositeActor.class
-rw-rw-r--   1 travis travis   1611 Mar  5 13:49 CompiledCompositeActor_CompiledCompositeActor$_CompiledCompositeActor_CompiledCompositeActor.class
-rw-rw-r--   1 travis travis  13466 Mar  5 13:49 CompiledCompositeActor_CompiledCompositeActor.java
-rw-rw-r--   1 travis travis   1593 Mar  5 13:49 CompiledCompositeActor_CompiledCompositeActor.mk
drwxrwxr-x   5 travis travis   4096 Mar  5 13:43 fmi
drwxrwxr-x   3 travis travis  16384 Mar  5 13:44 Gaussian2
-rw-rw-r--   1 travis travis   4684 Mar  5 13:49 JavaCompiledCompositeTest1_CompiledCompositeActor.class
-rw-rw-r--   1 travis travis  11637 Mar  5 13:49 JavaCompiledCompositeTest1_CompiledCompositeActor.java
-rw-rw-r--   1 travis travis   1217 Mar  5 13:49 JavaCompiledCompositeTest1_CompiledCompositeActor$_JavaCompiledCompositeTest1_CompiledCompositeActor.class
-rw-rw-r--   1 travis travis   1625 Mar  5 13:49 JavaCompiledCompositeTest1_CompiledCompositeActor.mk
-rw-rw-r--   1 travis travis   5115 Mar  5 13:49 JavaCompiledCompositeTest2_CompiledCompositeActor.class
-rw-rw-r--   1 travis travis  14919 Mar  5 13:49 JavaCompiledCompositeTest2_CompiledCompositeActor.java
-rw-rw-r--   1 travis travis   1812 Mar  5 13:49 JavaCompiledCompositeTest2_CompiledCompositeActor$_JavaCompiledCompositeTest2_CompiledCompositeActor.class
-rw-rw-r--   1 travis travis   1625 Mar  5 13:49 JavaCompiledCompositeTest2_CompiledCompositeActor.mk
-rw-rw-r--   1 travis travis   4732 Mar  5 13:49 JavaCompiledCompositeTest3_CompiledCompositeActor.class
-rw-rw-r--   1 travis travis  13080 Mar  5 13:49 JavaCompiledCompositeTest3_CompiledCompositeActor.java
-rw-rw-r--   1 travis travis   1397 Mar  5 13:49 JavaCompiledCompositeTest3_CompiledCompositeActor$_JavaCompiledCompositeTest3_CompiledCompositeActor.class
-rw-rw-r--   1 travis travis   1625 Mar  5 13:49 JavaCompiledCompositeTest3_CompiledCompositeActor.mk
-rw-rw-r--   1 travis travis   4183 Mar  5 13:49 JavaCompiledCompositeTest4_CompiledCompositeActor.class
-rw-rw-r--   1 travis travis   9687 Mar  5 13:49 JavaCompiledCompositeTest4_CompiledCompositeActor.java
-rw-rw-r--   1 travis travis    876 Mar  5 13:49 JavaCompiledCompositeTest4_CompiledCompositeActor$_JavaCompiledCompositeTest4_CompiledCompositeActor.class
-rw-rw-r--   1 travis travis   1625 Mar  5 13:49 JavaCompiledCompositeTest4_CompiledCompositeActor.mk
drwxrwxr-x   3 travis travis  12288 Mar  5 13:45 LookupTable
drwxrwxr-x   3 travis travis  20480 Mar  5 13:45 MaxIndex
-rw-rw-r--   1 travis travis   3925 Mar  5 13:49 ModularCG_A1_B1.class
-rw-rw-r--   1 travis travis   9730 Mar  5 13:49 ModularCG_A1_B1.java
-rw-rw-r--   1 travis travis    832 Mar  5 13:49 ModularCG_A1_B1.mk
-rw-rw-r--   1 travis travis   1318 Mar  5 13:49 ModularCG_A1_B1_profile.class
-rw-rw-r--   1 travis travis   1262 Mar  5 13:49 ModularCG_A1_B1_profile.java
-rw-rw-r--   1 travis travis   3925 Mar  5 13:50 ModularCG_A1_B2.class
-rw-rw-r--   1 travis travis   9730 Mar  5 13:50 ModularCG_A1_B2.java
-rw-rw-r--   1 travis travis    832 Mar  5 13:50 ModularCG_A1_B2.mk
-rw-rw-r--   1 travis travis   1318 Mar  5 13:50 ModularCG_A1_B2_profile.class
-rw-rw-r--   1 travis travis   1262 Mar  5 13:49 ModularCG_A1_B2_profile.java
-rw-rw-r--   1 travis travis   5031 Mar  5 13:50 ModularCG_A1.class
-rw-rw-r--   1 travis travis  14742 Mar  5 13:50 ModularCG_A1.java
-rw-rw-r--   1 travis travis    808 Mar  5 13:50 ModularCG_A1.mk
-rw-rw-r--   1 travis travis   1433 Mar  5 13:50 ModularCG_A1_profile.class
-rw-rw-r--   1 travis travis   1704 Mar  5 13:50 ModularCG_A1_profile.java
-rw-rw-r--   1 travis travis   4059 Mar  5 13:50 ModularCG_A2_B1.class
-rw-rw-r--   1 travis travis  10667 Mar  5 13:50 ModularCG_A2_B1.java
-rw-rw-r--   1 travis travis    832 Mar  5 13:50 ModularCG_A2_B1.mk
-rw-rw-r--   1 travis travis   1381 Mar  5 13:50 ModularCG_A2_B1_profile.class
-rw-rw-r--   1 travis travis   1446 Mar  5 13:50 ModularCG_A2_B1_profile.java
-rw-rw-r--   1 travis travis   3925 Mar  5 13:50 ModularCG_A2_B2.class
-rw-rw-r--   1 travis travis   9730 Mar  5 13:50 ModularCG_A2_B2.java
-rw-rw-r--   1 travis travis    832 Mar  5 13:50 ModularCG_A2_B2.mk
-rw-rw-r--   1 travis travis   1318 Mar  5 13:50 ModularCG_A2_B2_profile.class
-rw-rw-r--   1 travis travis   1262 Mar  5 13:50 ModularCG_A2_B2_profile.java
-rw-rw-r--   1 travis travis   5102 Mar  5 13:50 ModularCG_A2.class
-rw-rw-r--   1 travis travis  15129 Mar  5 13:50 ModularCG_A2.java
-rw-rw-r--   1 travis travis    808 Mar  5 13:50 ModularCG_A2.mk
-rw-rw-r--   1 travis travis   1433 Mar  5 13:50 ModularCG_A2_profile.class
-rw-rw-r--   1 travis travis   1704 Mar  5 13:50 ModularCG_A2_profile.java
-rw-rw-r--   1 travis travis   3705 Mar  5 13:50 ModularCGPubSub_A1_A2.class
-rw-rw-r--   1 travis travis   9076 Mar  5 13:50 ModularCGPubSub_A1_A2.java
-rw-rw-r--   1 travis travis    880 Mar  5 13:50 ModularCGPubSub_A1_A2.mk
-rw-rw-r--   1 travis travis   1300 Mar  5 13:50 ModularCGPubSub_A1_A2_profile.class
-rw-rw-r--   1 travis travis   1222 Mar  5 13:50 ModularCGPubSub_A1_A2_profile.java
-rw-rw-r--   1 travis travis   4022 Mar  5 13:50 ModularCGPubSub_A1.class
-rw-rw-r--   1 travis travis   9836 Mar  5 13:50 ModularCGPubSub_A1.java
-rw-rw-r--   1 travis travis    856 Mar  5 13:50 ModularCGPubSub_A1.mk
-rw-rw-r--   1 travis travis   1346 Mar  5 13:50 ModularCGPubSub_A1_profile.class
-rw-rw-r--   1 travis travis   1388 Mar  5 13:50 ModularCGPubSub_A1_profile.java
-rw-rw-r--   1 travis travis   4220 Mar  5 13:50 ModularCodeGen2_ModularCodeGenTypedCompositeActor.class
-rw-rw-r--   1 travis travis  11690 Mar  5 13:50 ModularCodeGen2_ModularCodeGenTypedCompositeActor.java
-rw-rw-r--   1 travis travis   1104 Mar  5 13:50 ModularCodeGen2_ModularCodeGenTypedCompositeActor.mk
-rw-rw-r--   1 travis travis   4504 Mar  5 13:50 ModularCodeGen2_ModularCodeGenTypedCompositeActor_ModularCodeGenTypedCompositeActor.class
-rw-rw-r--   1 travis travis  11790 Mar  5 13:50 ModularCodeGen2_ModularCodeGenTypedCompositeActor_ModularCodeGenTypedCompositeActor.java
-rw-rw-r--   1 travis travis   1376 Mar  5 13:50 ModularCodeGen2_ModularCodeGenTypedCompositeActor_ModularCodeGenTypedCompositeActor.mk
-rw-rw-r--   1 travis travis   1421 Mar  5 13:50 ModularCodeGen2_ModularCodeGenTypedCompositeActor_ModularCodeGenTypedCompositeActor_profile.class
-rw-rw-r--   1 travis travis   1294 Mar  5 13:50 ModularCodeGen2_ModularCodeGenTypedCompositeActor_ModularCodeGenTypedCompositeActor_profile.java
-rw-rw-r--   1 travis travis    820 Mar  5 13:50 ModularCodeGen2_ModularCodeGenTypedCompositeActor_profile.class
-rw-rw-r--   1 travis travis    693 Mar  5 13:50 ModularCodeGen2_ModularCodeGenTypedCompositeActor_profile.java
-rw-rw-r--   1 travis travis   3973 Mar  5 13:50 ModularCodeGen3_A1_B1.class
-rw-rw-r--   1 travis travis   9958 Mar  5 13:50 ModularCodeGen3_A1_B1.java
-rw-rw-r--   1 travis travis    880 Mar  5 13:50 ModularCodeGen3_A1_B1.mk
-rw-rw-r--   1 travis travis   1330 Mar  5 13:50 ModularCodeGen3_A1_B1_profile.class
-rw-rw-r--   1 travis travis   1274 Mar  5 13:50 ModularCodeGen3_A1_B1_profile.java
-rw-rw-r--   1 travis travis   3973 Mar  5 13:50 ModularCodeGen3_A1_B2.class
-rw-rw-r--   1 travis travis   9958 Mar  5 13:50 ModularCodeGen3_A1_B2.java
-rw-rw-r--   1 travis travis    880 Mar  5 13:50 ModularCodeGen3_A1_B2.mk
-rw-rw-r--   1 travis travis   1330 Mar  5 13:50 ModularCodeGen3_A1_B2_profile.class
-rw-rw-r--   1 travis travis   1274 Mar  5 13:50 ModularCodeGen3_A1_B2_profile.java
-rw-rw-r--   1 travis travis   5193 Mar  5 13:50 ModularCodeGen3_A1.class
-rw-rw-r--   1 travis travis  15564 Mar  5 13:50 ModularCodeGen3_A1.java
-rw-rw-r--   1 travis travis    856 Mar  5 13:50 ModularCodeGen3_A1.mk
-rw-rw-r--   1 travis travis   1445 Mar  5 13:50 ModularCodeGen3_A1_profile.class
-rw-rw-r--   1 travis travis   1716 Mar  5 13:50 ModularCodeGen3_A1_profile.java
-rw-rw-r--   1 travis travis   4119 Mar  5 13:50 ModularCodeGen3_A2_B1.class
-rw-rw-r--   1 travis travis  10955 Mar  5 13:50 ModularCodeGen3_A2_B1.java
-rw-rw-r--   1 travis travis    880 Mar  5 13:50 ModularCodeGen3_A2_B1.mk
-rw-rw-r--   1 travis travis   1393 Mar  5 13:50 ModularCodeGen3_A2_B1_profile.class
-rw-rw-r--   1 travis travis   1458 Mar  5 13:50 ModularCodeGen3_A2_B1_profile.java
-rw-rw-r--   1 travis travis   3973 Mar  5 13:50 ModularCodeGen3_A2_B2.class
-rw-rw-r--   1 travis travis   9958 Mar  5 13:50 ModularCodeGen3_A2_B2.java
-rw-rw-r--   1 travis travis    880 Mar  5 13:50 ModularCodeGen3_A2_B2.mk
-rw-rw-r--   1 travis travis   1330 Mar  5 13:50 ModularCodeGen3_A2_B2_profile.class
-rw-rw-r--   1 travis travis   1274 Mar  5 13:50 ModularCodeGen3_A2_B2_profile.java
-rw-rw-r--   1 travis travis   5270 Mar  5 13:50 ModularCodeGen3_A2.class
-rw-rw-r--   1 travis travis  15957 Mar  5 13:50 ModularCodeGen3_A2.java
-rw-rw-r--   1 travis travis    856 Mar  5 13:50 ModularCodeGen3_A2.mk
-rw-rw-r--   1 travis travis   1445 Mar  5 13:50 ModularCodeGen3_A2_profile.class
-rw-rw-r--   1 travis travis   1716 Mar  5 13:50 ModularCodeGen3_A2_profile.java
-rw-rw-r--   1 travis travis   1273 Mar  5 13:50 ModularCodeGen4_A1_B1_profile.java
-rw-rw-r--   1 travis travis   4186 Mar  5 13:50 ModularCodeGen_ModularCodeGenTypedCompositeActor.class
-rw-rw-r--   1 travis travis  10970 Mar  5 13:50 ModularCodeGen_ModularCodeGenTypedCompositeActor.java
-rw-rw-r--   1 travis travis   1096 Mar  5 13:50 ModularCodeGen_ModularCodeGenTypedCompositeActor.mk
-rw-rw-r--   1 travis travis   1384 Mar  5 13:50 ModularCodeGen_ModularCodeGenTypedCompositeActor_profile.class
-rw-rw-r--   1 travis travis   1328 Mar  5 13:50 ModularCodeGen_ModularCodeGenTypedCompositeActor_profile.java
-rw-rw-r--   1 travis travis   3724 Mar  5 13:49 ModularCodeGenTest_A1_A2.class
-rw-rw-r--   1 travis travis   9164 Mar  5 13:49 ModularCodeGenTest_A1_A2.java
-rw-rw-r--   1 travis travis   1306 Mar  5 13:49 ModularCodeGenTest_A1_A2_profile.class
-rw-rw-r--   1 travis travis   4055 Mar  5 13:49 ModularCodeGenTest_A1.class
-rw-rw-r--   1 travis travis   9968 Mar  5 13:49 ModularCodeGenTest_A1.java
-rw-rw-r--   1 travis travis    880 Mar  5 13:49 ModularCodeGenTest_A1.mk
-rw-rw-r--   1 travis travis   1352 Mar  5 13:49 ModularCodeGenTest_A1_profile.class
-rw-rw-r--   1 travis travis   1394 Mar  5 13:49 ModularCodeGenTest_A1_profile.java
drwxrwxr-x   3 travis travis  32768 Mar  5 13:49 modulation2
drwxrwxr-x 166 travis travis  12288 Mar  5 13:49 node_modules
drwxrwxr-x   3 travis travis  20480 Mar  5 13:45 PhaseUnwrap
drwxrwxr-x   3 travis travis  12288 Mar  5 13:45 ReadFile1
-rw-rw-r--   1 travis travis     11 Mar  5 13:45 ReadFile1Output.txt
-rw-rw-r--   1 travis travis  13773 Mar  5 13:49 Repeat.class
-rw-rw-r--   1 travis travis    685 Mar  5 13:49 Repeat$_fireFunction_Repeat_Repeat$__f_sL_11.class
-rw-rw-r--   1 travis travis    541 Mar  5 13:49 Repeat$_fireFunction_Repeat_Repeat$__f_sL_12.class
-rw-rw-r--   1 travis travis    541 Mar  5 13:49 Repeat$_fireFunction_Repeat_Repeat$__f_sL_13.class
-rw-rw-r--   1 travis travis    541 Mar  5 13:49 Repeat$_fireFunction_Repeat_Repeat$__f_sL_14.class
-rw-rw-r--   1 travis travis    684 Mar  5 13:49 Repeat$_fireFunction_Repeat_Repeat$__f_sL_1.class
-rw-rw-r--   1 travis travis    683 Mar  5 13:49 Repeat$_fireFunction_Repeat_Repeat$__f_sL_4.class
-rw-rw-r--   1 travis travis    539 Mar  5 13:49 Repeat$_fireFunction_Repeat_Repeat$__f_sL_9.class
-rw-rw-r--   1 travis travis    494 Mar  5 13:49 Repeat$_initialize_Repeat$__i_sL_2.class
-rw-rw-r--   1 travis travis   1281 Mar  5 13:49 Repeat.mk
-rw-rw-r--   1 travis travis    539 Mar  5 13:49 Repeat$_preinitializeMethod_Repeat$__p_sL_0.class
-rw-rw-r--   1 travis travis   1102 Mar  5 13:49 Repeat$_Repeat$_fireFunction_Repeat_AddSubtract_Repeat.class
-rw-rw-r--   1 travis travis    810 Mar  5 13:49 Repeat$_Repeat$_fireFunction_Repeat_AddSubtract_Repeat$__f_sL_0.class
-rw-rw-r--   1 travis travis    928 Mar  5 13:49 Repeat$_Repeat$_fireFunction_Repeat_AddSubtract_Repeat$__f_sL_1.class
-rw-rw-r--   1 travis travis    934 Mar  5 13:49 Repeat$_Repeat$_fireFunction_Repeat_AddSubtract_Repeat$__f_sL_2.class
-rw-rw-r--   1 travis travis    862 Mar  5 13:49 Repeat$_Repeat$_fireFunction_Repeat_AddSubtract_Repeat$__f_sL_3.class
-rw-rw-r--   1 travis travis    757 Mar  5 13:49 Repeat$_Repeat$_fireFunction_Repeat_Ramp2_Repeat$__f_sL_0.class
-rw-rw-r--   1 travis travis    888 Mar  5 13:49 Repeat$_Repeat$_fireFunction_Repeat_Test_Repeat$__f_sL_0.class
-rw-rw-r--   1 travis travis    634 Mar  5 13:49 Repeat$_Repeat$_fireFunction_Repeat_Test_Repeat$__f_sL_1.class
-rw-rw-r--   1 travis travis    704 Mar  5 13:49 Repeat$_Repeat_SDF_Director_run_Repeat$__R_sL_0.class
-rw-rw-r--   1 travis travis    705 Mar  5 13:49 Repeat$_Repeat_SDF_Director_run_Repeat$__R_sL_11.class
-rw-rw-r--   1 travis travis    561 Mar  5 13:49 Repeat$_Repeat_SDF_Director_run_Repeat$__R_sL_13.class
-rw-rw-r--   1 travis travis    559 Mar  5 13:49 Repeat$_Repeat_SDF_Director_run_Repeat$__R_sL_2.class
-rw-rw-r--   1 travis travis    703 Mar  5 13:49 Repeat$_Repeat_SDF_Director_run_Repeat$__R_sL_3.class
-rw-rw-r--   1 travis travis    559 Mar  5 13:49 Repeat$_Repeat_SDF_Director_run_Repeat$__R_sL_5.class
-rw-rw-r--   1 travis travis    559 Mar  5 13:49 Repeat$_Repeat_SDF_Director_run_Repeat$__R_sL_8.class
drwxrwxr-x   2 travis travis   4096 Mar  5 13:49 RepeatVariables
-rw-rw-r--   1 travis travis    882 Mar  5 13:49 Repeat$_varinit_Repeat.class
-rw-rw-r--   1 travis travis    550 Mar  5 13:49 Repeat$_varinit_Repeat$__v_sL_2.class
-rw-rw-r--   1 travis travis    924 Mar  5 13:49 Repeat$_varinit_Repeat$__v_sL_4.class
-rw-rw-r--   1 travis travis    978 Mar  5 13:49 Repeat$_wrapup_Repeat$__w_sL_1.class
drwxrwxr-x   3 travis travis  20480 Mar  5 13:46 Sinewave
drwxrwxr-x   3 travis travis  32768 Mar  5 13:47 StringFunction
drwxrwxr-x   3 travis travis  12288 Mar  5 13:47 StringLength
drwxrwxr-x   3 travis travis  61440 Mar  5 13:47 StringMatches2
drwxrwxr-x   3 travis travis  61440 Mar  5 13:48 StringSimpleReplace
drwxrwxr-x   3 travis travis  65536 Mar  5 13:48 StringSubstring
drwxrwxr-x   3 travis travis  24576 Mar  5 13:48 StringSubstring2
drwxrwxr-x   3 travis travis  16384 Mar  5 13:49 time1
drwxrwxr-x   3 travis travis  12288 Mar  5 13:49 time5
-rw-rw-r--   1 travis travis    432 Mar  5 13:50 Token.class
-rw-rw-r--   1 travis travis    251 Mar  5 13:50 Token.java
-rwxrwxr-x   1 travis travis 466992 Mar  5 13:43 top
-rw-rw-r--   1 travis travis  20502 Mar  5 13:43 top.c
-rw-rw-r--   1 travis travis   3799 Mar  5 13:49 top.class
-rw-rw-r--   1 travis travis   1257 Mar  5 13:49 top.mk
All Done
Writing ModularCodeGen4_A1_B1.java in file:/home/travis/cg/ (10312 characters)
Reading "ptolemy/cg/kernel/generic/program/procedural/java/modular/makefile.in",
    writing "/home/travis/cg/ModularCodeGen4_A1_B1.mk"
Using ptolemy/cg/kernel/generic/program/procedural/java/modular/makefile.in
In "/home/travis/cg", about to execute:
    make -f ModularCodeGen4_A1_B1.mk
javac -classpath ".:.."    ModularCodeGen4_A1_B1.java
All Done
In "/home/travis/cg", about to execute:
    pwd
/home/travis/cg
In "/home/travis/cg", about to execute:
    ls -l
total 1952
drwxrwxr-x   3 travis travis  12288 Mar  5 13:44 AbsoluteValue
drwxrwxr-x   3 travis travis 102400 Mar  5 13:43 AllColt
drwxrwxr-x   3 travis travis  12288 Mar  5 13:44 Case1
-rw-rw-r--   1 travis travis   5128 Mar  5 13:49 CompiledCompositeActor_CompiledCompositeActor.class
-rw-rw-r--   1 travis travis   1611 Mar  5 13:49 CompiledCompositeActor_CompiledCompositeActor$_CompiledCompositeActor_CompiledCompositeActor.class
-rw-rw-r--   1 travis travis  13466 Mar  5 13:49 CompiledCompositeActor_CompiledCompositeActor.java
-rw-rw-r--   1 travis travis   1593 Mar  5 13:49 CompiledCompositeActor_CompiledCompositeActor.mk
drwxrwxr-x   5 travis travis   4096 Mar  5 13:43 fmi
drwxrwxr-x   3 travis travis  16384 Mar  5 13:44 Gaussian2
-rw-rw-r--   1 travis travis   4684 Mar  5 13:49 JavaCompiledCompositeTest1_CompiledCompositeActor.class
-rw-rw-r--   1 travis travis  11637 Mar  5 13:49 JavaCompiledCompositeTest1_CompiledCompositeActor.java
-rw-rw-r--   1 travis travis   1217 Mar  5 13:49 JavaCompiledCompositeTest1_CompiledCompositeActor$_JavaCompiledCompositeTest1_CompiledCompositeActor.class
-rw-rw-r--   1 travis travis   1625 Mar  5 13:49 JavaCompiledCompositeTest1_CompiledCompositeActor.mk
-rw-rw-r--   1 travis travis   5115 Mar  5 13:49 JavaCompiledCompositeTest2_CompiledCompositeActor.class
-rw-rw-r--   1 travis travis  14919 Mar  5 13:49 JavaCompiledCompositeTest2_CompiledCompositeActor.java
-rw-rw-r--   1 travis travis   1812 Mar  5 13:49 JavaCompiledCompositeTest2_CompiledCompositeActor$_JavaCompiledCompositeTest2_CompiledCompositeActor.class
-rw-rw-r--   1 travis travis   1625 Mar  5 13:49 JavaCompiledCompositeTest2_CompiledCompositeActor.mk
-rw-rw-r--   1 travis travis   4732 Mar  5 13:49 JavaCompiledCompositeTest3_CompiledCompositeActor.class
-rw-rw-r--   1 travis travis  13080 Mar  5 13:49 JavaCompiledCompositeTest3_CompiledCompositeActor.java
-rw-rw-r--   1 travis travis   1397 Mar  5 13:49 JavaCompiledCompositeTest3_CompiledCompositeActor$_JavaCompiledCompositeTest3_CompiledCompositeActor.class
-rw-rw-r--   1 travis travis   1625 Mar  5 13:49 JavaCompiledCompositeTest3_CompiledCompositeActor.mk
-rw-rw-r--   1 travis travis   4183 Mar  5 13:49 JavaCompiledCompositeTest4_CompiledCompositeActor.class
-rw-rw-r--   1 travis travis   9687 Mar  5 13:49 JavaCompiledCompositeTest4_CompiledCompositeActor.java
-rw-rw-r--   1 travis travis    876 Mar  5 13:49 JavaCompiledCompositeTest4_CompiledCompositeActor$_JavaCompiledCompositeTest4_CompiledCompositeActor.class
-rw-rw-r--   1 travis travis   1625 Mar  5 13:49 JavaCompiledCompositeTest4_CompiledCompositeActor.mk
drwxrwxr-x   3 travis travis  12288 Mar  5 13:45 LookupTable
drwxrwxr-x   3 travis travis  20480 Mar  5 13:45 MaxIndex
-rw-rw-r--   1 travis travis   3925 Mar  5 13:49 ModularCG_A1_B1.class
-rw-rw-r--   1 travis travis   9730 Mar  5 13:49 ModularCG_A1_B1.java
-rw-rw-r--   1 travis travis    832 Mar  5 13:49 ModularCG_A1_B1.mk
-rw-rw-r--   1 travis travis   1318 Mar  5 13:49 ModularCG_A1_B1_profile.class
-rw-rw-r--   1 travis travis   1262 Mar  5 13:49 ModularCG_A1_B1_profile.java
-rw-rw-r--   1 travis travis   3925 Mar  5 13:50 ModularCG_A1_B2.class
-rw-rw-r--   1 travis travis   9730 Mar  5 13:50 ModularCG_A1_B2.java
-rw-rw-r--   1 travis travis    832 Mar  5 13:50 ModularCG_A1_B2.mk
-rw-rw-r--   1 travis travis   1318 Mar  5 13:50 ModularCG_A1_B2_profile.class
-rw-rw-r--   1 travis travis   1262 Mar  5 13:49 ModularCG_A1_B2_profile.java
-rw-rw-r--   1 travis travis   5031 Mar  5 13:50 ModularCG_A1.class
-rw-rw-r--   1 travis travis  14742 Mar  5 13:50 ModularCG_A1.java
-rw-rw-r--   1 travis travis    808 Mar  5 13:50 ModularCG_A1.mk
-rw-rw-r--   1 travis travis   1433 Mar  5 13:50 ModularCG_A1_profile.class
-rw-rw-r--   1 travis travis   1704 Mar  5 13:50 ModularCG_A1_profile.java
-rw-rw-r--   1 travis travis   4059 Mar  5 13:50 ModularCG_A2_B1.class
-rw-rw-r--   1 travis travis  10667 Mar  5 13:50 ModularCG_A2_B1.java
-rw-rw-r--   1 travis travis    832 Mar  5 13:50 ModularCG_A2_B1.mk
-rw-rw-r--   1 travis travis   1381 Mar  5 13:50 ModularCG_A2_B1_profile.class
-rw-rw-r--   1 travis travis   1446 Mar  5 13:50 ModularCG_A2_B1_profile.java
-rw-rw-r--   1 travis travis   3925 Mar  5 13:50 ModularCG_A2_B2.class
-rw-rw-r--   1 travis travis   9730 Mar  5 13:50 ModularCG_A2_B2.java
-rw-rw-r--   1 travis travis    832 Mar  5 13:50 ModularCG_A2_B2.mk
-rw-rw-r--   1 travis travis   1318 Mar  5 13:50 ModularCG_A2_B2_profile.class
-rw-rw-r--   1 travis travis   1262 Mar  5 13:50 ModularCG_A2_B2_profile.java
-rw-rw-r--   1 travis travis   5102 Mar  5 13:50 ModularCG_A2.class
-rw-rw-r--   1 travis travis  15129 Mar  5 13:50 ModularCG_A2.java
-rw-rw-r--   1 travis travis    808 Mar  5 13:50 ModularCG_A2.mk
-rw-rw-r--   1 travis travis   1433 Mar  5 13:50 ModularCG_A2_profile.class
-rw-rw-r--   1 travis travis   1704 Mar  5 13:50 ModularCG_A2_profile.java
-rw-rw-r--   1 travis travis   3705 Mar  5 13:50 ModularCGPubSub_A1_A2.class
-rw-rw-r--   1 travis travis   9076 Mar  5 13:50 ModularCGPubSub_A1_A2.java
-rw-rw-r--   1 travis travis    880 Mar  5 13:50 ModularCGPubSub_A1_A2.mk
-rw-rw-r--   1 travis travis   1300 Mar  5 13:50 ModularCGPubSub_A1_A2_profile.class
-rw-rw-r--   1 travis travis   1222 Mar  5 13:50 ModularCGPubSub_A1_A2_profile.java
-rw-rw-r--   1 travis travis   4022 Mar  5 13:50 ModularCGPubSub_A1.class
-rw-rw-r--   1 travis travis   9836 Mar  5 13:50 ModularCGPubSub_A1.java
-rw-rw-r--   1 travis travis    856 Mar  5 13:50 ModularCGPubSub_A1.mk
-rw-rw-r--   1 travis travis   1346 Mar  5 13:50 ModularCGPubSub_A1_profile.class
-rw-rw-r--   1 travis travis   1388 Mar  5 13:50 ModularCGPubSub_A1_profile.java
-rw-rw-r--   1 travis travis   4220 Mar  5 13:50 ModularCodeGen2_ModularCodeGenTypedCompositeActor.class
-rw-rw-r--   1 travis travis  11690 Mar  5 13:50 ModularCodeGen2_ModularCodeGenTypedCompositeActor.java
-rw-rw-r--   1 travis travis   1104 Mar  5 13:50 ModularCodeGen2_ModularCodeGenTypedCompositeActor.mk
-rw-rw-r--   1 travis travis   4504 Mar  5 13:50 ModularCodeGen2_ModularCodeGenTypedCompositeActor_ModularCodeGenTypedCompositeActor.class
-rw-rw-r--   1 travis travis  11790 Mar  5 13:50 ModularCodeGen2_ModularCodeGenTypedCompositeActor_ModularCodeGenTypedCompositeActor.java
-rw-rw-r--   1 travis travis   1376 Mar  5 13:50 ModularCodeGen2_ModularCodeGenTypedCompositeActor_ModularCodeGenTypedCompositeActor.mk
-rw-rw-r--   1 travis travis   1421 Mar  5 13:50 ModularCodeGen2_ModularCodeGenTypedCompositeActor_ModularCodeGenTypedCompositeActor_profile.class
-rw-rw-r--   1 travis travis   1294 Mar  5 13:50 ModularCodeGen2_ModularCodeGenTypedCompositeActor_ModularCodeGenTypedCompositeActor_profile.java
-rw-rw-r--   1 travis travis    820 Mar  5 13:50 ModularCodeGen2_ModularCodeGenTypedCompositeActor_profile.class
-rw-rw-r--   1 travis travis    693 Mar  5 13:50 ModularCodeGen2_ModularCodeGenTypedCompositeActor_profile.java
-rw-rw-r--   1 travis travis   3973 Mar  5 13:50 ModularCodeGen3_A1_B1.class
-rw-rw-r--   1 travis travis   9958 Mar  5 13:50 ModularCodeGen3_A1_B1.java
-rw-rw-r--   1 travis travis    880 Mar  5 13:50 ModularCodeGen3_A1_B1.mk
-rw-rw-r--   1 travis travis   1330 Mar  5 13:50 ModularCodeGen3_A1_B1_profile.class
-rw-rw-r--   1 travis travis   1274 Mar  5 13:50 ModularCodeGen3_A1_B1_profile.java
-rw-rw-r--   1 travis travis   3973 Mar  5 13:50 ModularCodeGen3_A1_B2.class
-rw-rw-r--   1 travis travis   9958 Mar  5 13:50 ModularCodeGen3_A1_B2.java
-rw-rw-r--   1 travis travis    880 Mar  5 13:50 ModularCodeGen3_A1_B2.mk
-rw-rw-r--   1 travis travis   1330 Mar  5 13:50 ModularCodeGen3_A1_B2_profile.class
-rw-rw-r--   1 travis travis   1274 Mar  5 13:50 ModularCodeGen3_A1_B2_profile.java
-rw-rw-r--   1 travis travis   5193 Mar  5 13:50 ModularCodeGen3_A1.class
-rw-rw-r--   1 travis travis  15564 Mar  5 13:50 ModularCodeGen3_A1.java
-rw-rw-r--   1 travis travis    856 Mar  5 13:50 ModularCodeGen3_A1.mk
-rw-rw-r--   1 travis travis   1445 Mar  5 13:50 ModularCodeGen3_A1_profile.class
-rw-rw-r--   1 travis travis   1716 Mar  5 13:50 ModularCodeGen3_A1_profile.java
-rw-rw-r--   1 travis travis   4119 Mar  5 13:50 ModularCodeGen3_A2_B1.class
-rw-rw-r--   1 travis travis  10955 Mar  5 13:50 ModularCodeGen3_A2_B1.java
-rw-rw-r--   1 travis travis    880 Mar  5 13:50 ModularCodeGen3_A2_B1.mk
-rw-rw-r--   1 travis travis   1393 Mar  5 13:50 ModularCodeGen3_A2_B1_profile.class
-rw-rw-r--   1 travis travis   1458 Mar  5 13:50 ModularCodeGen3_A2_B1_profile.java
-rw-rw-r--   1 travis travis   3973 Mar  5 13:50 ModularCodeGen3_A2_B2.class
-rw-rw-r--   1 travis travis   9958 Mar  5 13:50 ModularCodeGen3_A2_B2.java
-rw-rw-r--   1 travis travis    880 Mar  5 13:50 ModularCodeGen3_A2_B2.mk
-rw-rw-r--   1 travis travis   1330 Mar  5 13:50 ModularCodeGen3_A2_B2_profile.class
-rw-rw-r--   1 travis travis   1274 Mar  5 13:50 ModularCodeGen3_A2_B2_profile.java
-rw-rw-r--   1 travis travis   5270 Mar  5 13:50 ModularCodeGen3_A2.class
-rw-rw-r--   1 travis travis  15957 Mar  5 13:50 ModularCodeGen3_A2.java
-rw-rw-r--   1 travis travis    856 Mar  5 13:50 ModularCodeGen3_A2.mk
-rw-rw-r--   1 travis travis   1445 Mar  5 13:50 ModularCodeGen3_A2_profile.class
-rw-rw-r--   1 travis travis   1716 Mar  5 13:50 ModularCodeGen3_A2_profile.java
-rw-rw-r--   1 travis travis   4026 Mar  5 13:50 ModularCodeGen4_A1_B1.class
-rw-rw-r--   1 travis travis  10312 Mar  5 13:50 ModularCodeGen4_A1_B1.java
-rw-rw-r--   1 travis travis    880 Mar  5 13:50 ModularCodeGen4_A1_B1.mk
-rw-rw-r--   1 travis travis   1330 Mar  5 13:50 ModularCodeGen4_A1_B1_profile.class
-rw-rw-r--   1 travis travis   1273 Mar  5 13:50 ModularCodeGen4_A1_B1_profile.java
-rw-rw-r--   1 travis travis   1273 Mar  5 13:50 ModularCodeGen4_A1_B2_profile.java
-rw-rw-r--   1 travis travis   4186 Mar  5 13:50 ModularCodeGen_ModularCodeGenTypedCompositeActor.class
-rw-rw-r--   1 travis travis  10970 Mar  5 13:50 ModularCodeGen_ModularCodeGenTypedCompositeActor.java
-rw-rw-r--   1 travis travis   1096 Mar  5 13:50 ModularCodeGen_ModularCodeGenTypedCompositeActor.mk
-rw-rw-r--   1 travis travis   1384 Mar  5 13:50 ModularCodeGen_ModularCodeGenTypedCompositeActor_profile.class
-rw-rw-r--   1 travis travis   1328 Mar  5 13:50 ModularCodeGen_ModularCodeGenTypedCompositeActor_profile.java
-rw-rw-r--   1 travis travis   3724 Mar  5 13:49 ModularCodeGenTest_A1_A2.class
-rw-rw-r--   1 travis travis   9164 Mar  5 13:49 ModularCodeGenTest_A1_A2.java
-rw-rw-r--   1 travis travis   1306 Mar  5 13:49 ModularCodeGenTest_A1_A2_profile.class
-rw-rw-r--   1 travis travis   4055 Mar  5 13:49 ModularCodeGenTest_A1.class
-rw-rw-r--   1 travis travis   9968 Mar  5 13:49 ModularCodeGenTest_A1.java
-rw-rw-r--   1 travis travis    880 Mar  5 13:49 ModularCodeGenTest_A1.mk
-rw-rw-r--   1 travis travis   1352 Mar  5 13:49 ModularCodeGenTest_A1_profile.class
-rw-rw-r--   1 travis travis   1394 Mar  5 13:49 ModularCodeGenTest_A1_profile.java
drwxrwxr-x   3 travis travis  32768 Mar  5 13:49 modulation2
drwxrwxr-x 166 travis travis  12288 Mar  5 13:49 node_modules
drwxrwxr-x   3 travis travis  20480 Mar  5 13:45 PhaseUnwrap
drwxrwxr-x   3 travis travis  12288 Mar  5 13:45 ReadFile1
-rw-rw-r--   1 travis travis     11 Mar  5 13:45 ReadFile1Output.txt
-rw-rw-r--   1 travis travis  13773 Mar  5 13:49 Repeat.class
-rw-rw-r--   1 travis travis    685 Mar  5 13:49 Repeat$_fireFunction_Repeat_Repeat$__f_sL_11.class
-rw-rw-r--   1 travis travis    541 Mar  5 13:49 Repeat$_fireFunction_Repeat_Repeat$__f_sL_12.class
-rw-rw-r--   1 travis travis    541 Mar  5 13:49 Repeat$_fireFunction_Repeat_Repeat$__f_sL_13.class
-rw-rw-r--   1 travis travis    541 Mar  5 13:49 Repeat$_fireFunction_Repeat_Repeat$__f_sL_14.class
-rw-rw-r--   1 travis travis    684 Mar  5 13:49 Repeat$_fireFunction_Repeat_Repeat$__f_sL_1.class
-rw-rw-r--   1 travis travis    683 Mar  5 13:49 Repeat$_fireFunction_Repeat_Repeat$__f_sL_4.class
-rw-rw-r--   1 travis travis    539 Mar  5 13:49 Repeat$_fireFunction_Repeat_Repeat$__f_sL_9.class
-rw-rw-r--   1 travis travis    494 Mar  5 13:49 Repeat$_initialize_Repeat$__i_sL_2.class
-rw-rw-r--   1 travis travis   1281 Mar  5 13:49 Repeat.mk
-rw-rw-r--   1 travis travis    539 Mar  5 13:49 Repeat$_preinitializeMethod_Repeat$__p_sL_0.class
-rw-rw-r--   1 travis travis   1102 Mar  5 13:49 Repeat$_Repeat$_fireFunction_Repeat_AddSubtract_Repeat.class
-rw-rw-r--   1 travis travis    810 Mar  5 13:49 Repeat$_Repeat$_fireFunction_Repeat_AddSubtract_Repeat$__f_sL_0.class
-rw-rw-r--   1 travis travis    928 Mar  5 13:49 Repeat$_Repeat$_fireFunction_Repeat_AddSubtract_Repeat$__f_sL_1.class
-rw-rw-r--   1 travis travis    934 Mar  5 13:49 Repeat$_Repeat$_fireFunction_Repeat_AddSubtract_Repeat$__f_sL_2.class
-rw-rw-r--   1 travis travis    862 Mar  5 13:49 Repeat$_Repeat$_fireFunction_Repeat_AddSubtract_Repeat$__f_sL_3.class
-rw-rw-r--   1 travis travis    757 Mar  5 13:49 Repeat$_Repeat$_fireFunction_Repeat_Ramp2_Repeat$__f_sL_0.class
-rw-rw-r--   1 travis travis    888 Mar  5 13:49 Repeat$_Repeat$_fireFunction_Repeat_Test_Repeat$__f_sL_0.class
-rw-rw-r--   1 travis travis    634 Mar  5 13:49 Repeat$_Repeat$_fireFunction_Repeat_Test_Repeat$__f_sL_1.class
-rw-rw-r--   1 travis travis    704 Mar  5 13:49 Repeat$_Repeat_SDF_Director_run_Repeat$__R_sL_0.class
-rw-rw-r--   1 travis travis    705 Mar  5 13:49 Repeat$_Repeat_SDF_Director_run_Repeat$__R_sL_11.class
-rw-rw-r--   1 travis travis    561 Mar  5 13:49 Repeat$_Repeat_SDF_Director_run_Repeat$__R_sL_13.class
-rw-rw-r--   1 travis travis    559 Mar  5 13:49 Repeat$_Repeat_SDF_Director_run_Repeat$__R_sL_2.class
-rw-rw-r--   1 travis travis    703 Mar  5 13:49 Repeat$_Repeat_SDF_Director_run_Repeat$__R_sL_3.class
-rw-rw-r--   1 travis travis    559 Mar  5 13:49 Repeat$_Repeat_SDF_Director_run_Repeat$__R_sL_5.class
-rw-rw-r--   1 travis travis    559 Mar  5 13:49 Repeat$_Repeat_SDF_Director_run_Repeat$__R_sL_8.class
drwxrwxr-x   2 travis travis   4096 Mar  5 13:49 RepeatVariables
-rw-rw-r--   1 travis travis    882 Mar  5 13:49 Repeat$_varinit_Repeat.class
-rw-rw-r--   1 travis travis    550 Mar  5 13:49 Repeat$_varinit_Repeat$__v_sL_2.class
-rw-rw-r--   1 travis travis    924 Mar  5 13:49 Repeat$_varinit_Repeat$__v_sL_4.class
-rw-rw-r--   1 travis travis    978 Mar  5 13:49 Repeat$_wrapup_Repeat$__w_sL_1.class
drwxrwxr-x   3 travis travis  20480 Mar  5 13:46 Sinewave
drwxrwxr-x   3 travis travis  32768 Mar  5 13:47 StringFunction
drwxrwxr-x   3 travis travis  12288 Mar  5 13:47 StringLength
drwxrwxr-x   3 travis travis  61440 Mar  5 13:47 StringMatches2
drwxrwxr-x   3 travis travis  61440 Mar  5 13:48 StringSimpleReplace
drwxrwxr-x   3 travis travis  65536 Mar  5 13:48 StringSubstring
drwxrwxr-x   3 travis travis  24576 Mar  5 13:48 StringSubstring2
drwxrwxr-x   3 travis travis  16384 Mar  5 13:49 time1
drwxrwxr-x   3 travis travis  12288 Mar  5 13:49 time5
-rw-rw-r--   1 travis travis    432 Mar  5 13:50 Token.class
-rw-rw-r--   1 travis travis    251 Mar  5 13:50 Token.java
-rwxrwxr-x   1 travis travis 466992 Mar  5 13:43 top
-rw-rw-r--   1 travis travis  20502 Mar  5 13:43 top.c
-rw-rw-r--   1 travis travis   3799 Mar  5 13:49 top.class
-rw-rw-r--   1 travis travis   1257 Mar  5 13:49 top.mk
In "/home/travis/cg", about to execute:
    javac -classpath
.:/home/travis/build/icyphy/ptII:/home/travis/build/icyphy/ptII/lib/bsh-2.0b4.j
ar:/home/travis/build/icyphy/ptII/lib/ptCal.jar:/home/travis/build/icyphy/ptII/
lib/java_cup.jar:/home/travis/build/icyphy/ptII/lib/saxon8.jar:/home/travis/bui
ld/icyphy/ptII/lib/saxon8-dom.jar:/home/travis/build/icyphy/ptII/lib/chic.jar:/
home/travis/build/icyphy/ptII/lib/ptcolt.jar:/home/travis/build/icyphy/ptII/ven
dors/misc/itext/iText.jar:/home/travis/build/icyphy/ptII/lib/g4ltl.jar:/home/tr
avis/build/icyphy/ptII/lib/StructuralCoder.jar:/home/travis/build/icyphy/ptII/l
ib/jcerti.jar:/home/travis/build/icyphy/ptII/lib/javax.mail.jar:/home/travis/bu
ild/icyphy/ptII/vendors/JMF-2.1.1e/lib/jmf.jar:/home/travis/build/icyphy/ptII/l
ib/jna-4.0.0-variadic.jar:/home/travis/build/icyphy/ptII/vendors/misc/joystick/
Joystick.jar:/home/travis/build/icyphy/ptII/lib/ptjacl.jar:/home/travis/build/i
cyphy/ptII/lib/jsoup-1.8.2.jar:/home/travis/build/icyphy/ptII/lib/junit-4.8.2.j
ar:/home/travis/build/icyphy/ptII/lib/JUnitParams-0.4.0.jar:/home/travis/build/
icyphy/ptII/ptolemy/actor/lib/excel/jxl.jar:/home/travis/build/icyphy/ptII/lib/
jython.jar:/home/travis/build/icyphy/ptII/lib/kieler.jar:/home/travis/build/icy
phy/ptII/vendors/opencv/share/OpenCV/java/opencv-341.jar:/home/travis/build/icy
phy/ptII/lib/oscP5.jar:/home/travis/build/icyphy/ptII/lib/nrjavaserial-3.11.0.d
evel.jar:/home/travis/build/icyphy/ptII/vendors/j3d/lib/Linux/j3dcore.jar:/home
/travis/build/icyphy/ptII/vendors/j3d/lib/Linux/j3dutils.jar:/home/travis/build
/icyphy/ptII/vendors/j3d/lib/Linux/vecmath.jar:/home/travis/build/icyphy/ptII/v
endors/jogl/lib/Linux/gluegen-rt-natives-linux-amd64.jar:/home/travis/build/icy
phy/ptII/vendors/jogl/lib/Linux/gluegen-rt.jar:/home/travis/build/icyphy/ptII/v
endors/jogl/lib/Linux/jogl-all-natives-linux-amd64.jar:/home/travis/build/icyph
y/ptII/vendors/jogl/lib/Linux/jogl-all.jar:/home/travis/build/icyphy/ptII/ptole
my/distributed/jini/jar/jini-core.jar:/home/travis/build/icyphy/ptII/ptolemy/di
stributed/jini/jar/jini-ext.jar:/home/travis/build/icyphy/ptII/ptolemy/distribu
ted/jini/jar/sun-util.jar:/home/travis/build/icyphy/ptII/lib/protobuf-java-2.4.
1.jar:/home/travis/build/icyphy/ptII/lib/org.eclipse.paho.client.mqttv3.jar:/ho
me/travis/build/icyphy/ptII/lib/mapss.jar:/home/travis/build/icyphy/ptII/ptolem
y/actor/ptalon/antlr/antlr.jar:/home/travis/build/icyphy/ptII/lib/JRI.jar:/home
/travis/build/icyphy/ptII/lib/commons-lang-2.6.jar:/home/travis/build/icyphy/pt
II/lib/commons-logging-1.1.1.jar:/home/travis/build/icyphy/ptII/lib/sootclasses
.jar:/home/travis/build/icyphy/ptII/ptolemy/actor/lib/database/mysql-connector-
java-5.1.6-bin.jar:/home/travis/build/icyphy/ptII/vendors/misc/sphinx4/sphinx4-
data-5prealpha.jar:/home/travis/build/icyphy/ptII/vendors/misc/sphinx4/sphinx4-
core-5prealpha.jar:/home/travis/build/icyphy/ptII/lib/PDFRenderer.jar:/home/tra
vis/build/icyphy/ptII/lib/svgSalamander.jar:/home/travis/build/icyphy/ptII/lib/
rsyntaxtextarea-2.6.0-SNAPSHOT.jar:/home/travis/build/icyphy/ptII/lib/hazelcast
-3.8.2.jar:/home/travis/build/icyphy/ptII/lib/jackson-annotations-2.9.0.jar:/ho
me/travis/build/icyphy/ptII/lib/jackson-core-2.9.3.jar:/home/travis/build/icyph
y/ptII/lib/jackson-databind-2.9.3.jar:/home/travis/build/icyphy/ptII/lib/netty-
buffer-4.1.19.Final.jar:/home/travis/build/icyphy/ptII/lib/netty-codec-4.1.19.F
inal.jar:/home/travis/build/icyphy/ptII/lib/netty-codec-dns-4.1.19.Final.jar:/h
ome/travis/build/icyphy/ptII/lib/netty-codec-http-4.1.19.Final.jar:/home/travis
/build/icyphy/ptII/lib/netty-codec-http2-4.1.19.Final.jar:/home/travis/build/ic
yphy/ptII/lib/netty-common-4.1.19.Final.jar:/home/travis/build/icyphy/ptII/lib/
netty-handler-4.1.19.Final.jar:/home/travis/build/icyphy/ptII/lib/netty-resolve
r-4.1.19.Final.jar:/home/travis/build/icyphy/ptII/lib/netty-resolver-dns-4.1.19
.Final.jar:/home/travis/build/icyphy/ptII/lib/netty-transport-4.1.19.Final.jar:
/home/travis/build/icyphy/ptII/lib/vertx-codegen-3.5.1.jar:/home/travis/build/i
cyphy/ptII/lib/vertx-core-3.5.2-SNAPSHOT.jar:/home/travis/build/icyphy/ptII/lib
/vertx-hazelcast-3.5.1.jar:/home/travis/build/icyphy/ptII/lib/vertx-lang-js-3.5
.1.jar:/home/travis/build/icyphy/ptII/lib/vertx-service-proxy-3.5.1.jar:/home/t
ravis/build/icyphy/ptII/lib/vertx-web-3.5.1.jar:/home/travis/build/icyphy/ptII/
lib/slf4j-api-1.7.13.jar:/home/travis/build/icyphy/ptII/lib/slf4j-simple-1.7.13
.jar:/home/travis/build/icyphy/ptII/lib/webcam-capture-0.3.12.jar:/home/travis/
build/icyphy/ptII/lib/bridj-0.7.0.jar:/home/travis/build/icyphy/ptII/lib/xbjlib
-1.1.0.nrjavaserial.jar:/home/travis/build/icyphy/ptII/ptolemy/moml/test:/home/
travis/build/icyphy/ptII/ant/lib/ant-launcher.jar:/home/travis/build/icyphy/ptI
I/ant/lib/ant.jar:/home/travis/build/icyphy/ptII/ant/lib/ant-junit.jar:/home/tr
avis/build/icyphy/ptII/ant/lib/ant-junit4.jar:/home/travis/build/icyphy/ptII
ModularCodeGen4_A1_B2_profile.java
All Done
Writing ModularCodeGen4_A1_B2.java in file:/home/travis/cg/ (10312 characters)
Reading "ptolemy/cg/kernel/generic/program/procedural/java/modular/makefile.in",
    writing "/home/travis/cg/ModularCodeGen4_A1_B2.mk"
Using ptolemy/cg/kernel/generic/program/procedural/java/modular/makefile.in
In "/home/travis/cg", about to execute:
    make -f ModularCodeGen4_A1_B2.mk
javac -classpath ".:.."    ModularCodeGen4_A1_B2.java
All Done
In "/home/travis/cg", about to execute:
    pwd
In "/home/travis/cg", about to execute:
    ls -l
/home/travis/cg
In "/home/travis/cg", about to execute:
    javac -classpath
.:/home/travis/build/icyphy/ptII:/home/travis/build/icyphy/ptII/lib/bsh-2.0b4.j
ar:/home/travis/build/icyphy/ptII/lib/ptCal.jar:/home/travis/build/icyphy/ptII/
lib/java_cup.jar:/home/travis/build/icyphy/ptII/lib/saxon8.jar:/home/travis/bui
ld/icyphy/ptII/lib/saxon8-dom.jar:/home/travis/build/icyphy/ptII/lib/chic.jar:/
home/travis/build/icyphy/ptII/lib/ptcolt.jar:/home/travis/build/icyphy/ptII/ven
dors/misc/itext/iText.jar:/home/travis/build/icyphy/ptII/lib/g4ltl.jar:/home/tr
avis/build/icyphy/ptII/lib/StructuralCoder.jar:/home/travis/build/icyphy/ptII/l
ib/jcerti.jar:/home/travis/build/icyphy/ptII/lib/javax.mail.jar:/home/travis/bu
ild/icyphy/ptII/vendors/JMF-2.1.1e/lib/jmf.jar:/home/travis/build/icyphy/ptII/l
ib/jna-4.0.0-variadic.jar:/home/travis/build/icyphy/ptII/vendors/misc/joystick/
Joystick.jar:/home/travis/build/icyphy/ptII/lib/ptjacl.jar:/home/travis/build/i
cyphy/ptII/lib/jsoup-1.8.2.jar:/home/travis/build/icyphy/ptII/lib/junit-4.8.2.j
ar:/home/travis/build/icyphy/ptII/lib/JUnitParams-0.4.0.jar:/home/travis/build/
icyphy/ptII/ptolemy/actor/lib/excel/jxl.jar:/home/travis/build/icyphy/ptII/lib/
jython.jar:/home/travis/build/icyphy/ptII/lib/kieler.jar:/home/travis/build/icy
phy/ptII/vendors/opencv/share/OpenCV/java/opencv-341.jar:/home/travis/build/icy
phy/ptII/lib/oscP5.jar:/home/travis/build/icyphy/ptII/lib/nrjavaserial-3.11.0.d
evel.jar:/home/travis/build/icyphy/ptII/vendors/j3d/lib/Linux/j3dcore.jar:/home
/travis/build/icyphy/ptII/vendors/j3d/lib/Linux/j3dutils.jar:/home/travis/build
/icyphy/ptII/vendors/j3d/lib/Linux/vecmath.jar:/home/travis/build/icyphy/ptII/v
endors/jogl/lib/Linux/gluegen-rt-natives-linux-amd64.jar:/home/travis/build/icy
phy/ptII/vendors/jogl/lib/Linux/gluegen-rt.jar:/home/travis/build/icyphy/ptII/v
endors/jogl/lib/Linux/jogl-all-natives-linux-amd64.jar:/home/travis/build/icyph
y/ptII/vendors/jogl/lib/Linux/jogl-all.jar:/home/travis/build/icyphy/ptII/ptole
my/distributed/jini/jar/jini-core.jar:/home/travis/build/icyphy/ptII/ptolemy/di
stributed/jini/jar/jini-ext.jar:/home/travis/build/icyphy/ptII/ptolemy/distribu
ted/jini/jar/sun-util.jar:/home/travis/build/icyphy/ptII/lib/protobuf-java-2.4.
1.jar:/home/travis/build/icyphy/ptII/lib/org.eclipse.paho.client.mqttv3.jar:/ho
me/travis/build/icyphy/ptII/lib/mapss.jar:/home/travis/build/icyphy/ptII/ptolem
y/actor/ptalon/antlr/antlr.jar:/home/travis/build/icyphy/ptII/lib/JRI.jar:/home
/travis/build/icyphy/ptII/lib/commons-lang-2.6.jar:/home/travis/build/icyphy/pt
II/lib/commons-logging-1.1.1.jar:/home/travis/build/icyphy/ptII/lib/sootclasses
.jar:/home/travis/build/icyphy/ptII/ptolemy/actor/lib/database/mysql-connector-
java-5.1.6-bin.jar:/home/travis/build/icyphy/ptII/vendors/misc/sphinx4/sphinx4-
data-5prealpha.jar:/home/travis/build/icyphy/ptII/vendors/misc/sphinx4/sphinx4-
core-5prealpha.jar:/home/travis/build/icyphy/ptII/lib/PDFRenderer.jar:/home/tra
vis/build/icyphy/ptII/lib/svgSalamander.jar:/home/travis/build/icyphy/ptII/lib/
rsyntaxtextarea-2.6.0-SNAPSHOT.jar:/home/travis/build/icyphy/ptII/lib/hazelcast
-3.8.2.jar:/home/travis/build/icyphy/ptII/lib/jackson-annotations-2.9.0.jar:/ho
me/travis/build/icyphy/ptII/lib/jackson-core-2.9.3.jar:/home/travis/build/icyph
y/ptII/lib/jackson-databind-2.9.3.jar:/home/travis/build/icyphy/ptII/lib/netty-
buffer-4.1.19.Final.jar:/home/travis/build/icyphy/ptII/lib/netty-codec-4.1.19.F
inal.jar:/home/travis/build/icyphy/ptII/lib/netty-codec-dns-4.1.19.Final.jar:/h
ome/travis/build/icyphy/ptII/lib/netty-codec-http-4.1.19.Final.jar:/home/travis
/build/icyphy/ptII/lib/netty-codec-http2-4.1.19.Final.jar:/home/travis/build/ic
yphy/ptII/lib/netty-common-4.1.19.Final.jar:/home/travis/build/icyphy/ptII/lib/
netty-handler-4.1.19.Final.jar:/home/travis/build/icyphy/ptII/lib/netty-resolve
r-4.1.19.Final.jar:/home/travis/build/icyphy/ptII/lib/netty-resolver-dns-4.1.19
.Final.jar:/home/travis/build/icyphy/ptII/lib/netty-transport-4.1.19.Final.jar:
/home/travis/build/icyphy/ptII/lib/vertx-codegen-3.5.1.jar:/home/travis/build/i
cyphy/ptII/lib/vertx-core-3.5.2-SNAPSHOT.jar:/home/travis/build/icyphy/ptII/lib
/vertx-hazelcast-3.5.1.jar:/home/travis/build/icyphy/ptII/lib/vertx-lang-js-3.5
.1.jar:/home/travis/build/icyphy/ptII/lib/vertx-service-proxy-3.5.1.jar:/home/t
ravis/build/icyphy/ptII/lib/vertx-web-3.5.1.jar:/home/travis/build/icyphy/ptII/
lib/slf4j-api-1.7.13.jar:/home/travis/build/icyphy/ptII/lib/slf4j-simple-1.7.13
.jar:/home/travis/build/icyphy/ptII/lib/webcam-capture-0.3.12.jar:/home/travis/
build/icyphy/ptII/lib/bridj-0.7.0.jar:/home/travis/build/icyphy/ptII/lib/xbjlib
-1.1.0.nrjavaserial.jar:/home/travis/build/icyphy/ptII/ptolemy/moml/test:/home/
travis/build/icyphy/ptII/ant/lib/ant-launcher.jar:/home/travis/build/icyphy/ptI
I/ant/lib/ant.jar:/home/travis/build/icyphy/ptII/ant/lib/ant-junit.jar:/home/tr
avis/build/icyphy/ptII/ant/lib/ant-junit4.jar:/home/travis/build/icyphy/ptII
ModularCodeGen4_A1_profile.java
total 1980
drwxrwxr-x   3 travis travis  12288 Mar  5 13:44 AbsoluteValue
drwxrwxr-x   3 travis travis 102400 Mar  5 13:43 AllColt
drwxrwxr-x   3 travis travis  12288 Mar  5 13:44 Case1
-rw-rw-r--   1 travis travis   5128 Mar  5 13:49 CompiledCompositeActor_CompiledCompositeActor.class
-rw-rw-r--   1 travis travis   1611 Mar  5 13:49 CompiledCompositeActor_CompiledCompositeActor$_CompiledCompositeActor_CompiledCompositeActor.class
-rw-rw-r--   1 travis travis  13466 Mar  5 13:49 CompiledCompositeActor_CompiledCompositeActor.java
-rw-rw-r--   1 travis travis   1593 Mar  5 13:49 CompiledCompositeActor_CompiledCompositeActor.mk
drwxrwxr-x   5 travis travis   4096 Mar  5 13:43 fmi
drwxrwxr-x   3 travis travis  16384 Mar  5 13:44 Gaussian2
-rw-rw-r--   1 travis travis   4684 Mar  5 13:49 JavaCompiledCompositeTest1_CompiledCompositeActor.class
-rw-rw-r--   1 travis travis  11637 Mar  5 13:49 JavaCompiledCompositeTest1_CompiledCompositeActor.java
-rw-rw-r--   1 travis travis   1217 Mar  5 13:49 JavaCompiledCompositeTest1_CompiledCompositeActor$_JavaCompiledCompositeTest1_CompiledCompositeActor.class
-rw-rw-r--   1 travis travis   1625 Mar  5 13:49 JavaCompiledCompositeTest1_CompiledCompositeActor.mk
-rw-rw-r--   1 travis travis   5115 Mar  5 13:49 JavaCompiledCompositeTest2_CompiledCompositeActor.class
-rw-rw-r--   1 travis travis  14919 Mar  5 13:49 JavaCompiledCompositeTest2_CompiledCompositeActor.java
-rw-rw-r--   1 travis travis   1812 Mar  5 13:49 JavaCompiledCompositeTest2_CompiledCompositeActor$_JavaCompiledCompositeTest2_CompiledCompositeActor.class
-rw-rw-r--   1 travis travis   1625 Mar  5 13:49 JavaCompiledCompositeTest2_CompiledCompositeActor.mk
-rw-rw-r--   1 travis travis   4732 Mar  5 13:49 JavaCompiledCompositeTest3_CompiledCompositeActor.class
-rw-rw-r--   1 travis travis  13080 Mar  5 13:49 JavaCompiledCompositeTest3_CompiledCompositeActor.java
-rw-rw-r--   1 travis travis   1397 Mar  5 13:49 JavaCompiledCompositeTest3_CompiledCompositeActor$_JavaCompiledCompositeTest3_CompiledCompositeActor.class
-rw-rw-r--   1 travis travis   1625 Mar  5 13:49 JavaCompiledCompositeTest3_CompiledCompositeActor.mk
-rw-rw-r--   1 travis travis   4183 Mar  5 13:49 JavaCompiledCompositeTest4_CompiledCompositeActor.class
-rw-rw-r--   1 travis travis   9687 Mar  5 13:49 JavaCompiledCompositeTest4_CompiledCompositeActor.java
-rw-rw-r--   1 travis travis    876 Mar  5 13:49 JavaCompiledCompositeTest4_CompiledCompositeActor$_JavaCompiledCompositeTest4_CompiledCompositeActor.class
-rw-rw-r--   1 travis travis   1625 Mar  5 13:49 JavaCompiledCompositeTest4_CompiledCompositeActor.mk
drwxrwxr-x   3 travis travis  12288 Mar  5 13:45 LookupTable
drwxrwxr-x   3 travis travis  20480 Mar  5 13:45 MaxIndex
-rw-rw-r--   1 travis travis   3925 Mar  5 13:49 ModularCG_A1_B1.class
-rw-rw-r--   1 travis travis   9730 Mar  5 13:49 ModularCG_A1_B1.java
-rw-rw-r--   1 travis travis    832 Mar  5 13:49 ModularCG_A1_B1.mk
-rw-rw-r--   1 travis travis   1318 Mar  5 13:49 ModularCG_A1_B1_profile.class
-rw-rw-r--   1 travis travis   1262 Mar  5 13:49 ModularCG_A1_B1_profile.java
-rw-rw-r--   1 travis travis   3925 Mar  5 13:50 ModularCG_A1_B2.class
-rw-rw-r--   1 travis travis   9730 Mar  5 13:50 ModularCG_A1_B2.java
-rw-rw-r--   1 travis travis    832 Mar  5 13:50 ModularCG_A1_B2.mk
-rw-rw-r--   1 travis travis   1318 Mar  5 13:50 ModularCG_A1_B2_profile.class
-rw-rw-r--   1 travis travis   1262 Mar  5 13:49 ModularCG_A1_B2_profile.java
-rw-rw-r--   1 travis travis   5031 Mar  5 13:50 ModularCG_A1.class
-rw-rw-r--   1 travis travis  14742 Mar  5 13:50 ModularCG_A1.java
-rw-rw-r--   1 travis travis    808 Mar  5 13:50 ModularCG_A1.mk
-rw-rw-r--   1 travis travis   1433 Mar  5 13:50 ModularCG_A1_profile.class
-rw-rw-r--   1 travis travis   1704 Mar  5 13:50 ModularCG_A1_profile.java
-rw-rw-r--   1 travis travis   4059 Mar  5 13:50 ModularCG_A2_B1.class
-rw-rw-r--   1 travis travis  10667 Mar  5 13:50 ModularCG_A2_B1.java
-rw-rw-r--   1 travis travis    832 Mar  5 13:50 ModularCG_A2_B1.mk
-rw-rw-r--   1 travis travis   1381 Mar  5 13:50 ModularCG_A2_B1_profile.class
-rw-rw-r--   1 travis travis   1446 Mar  5 13:50 ModularCG_A2_B1_profile.java
-rw-rw-r--   1 travis travis   3925 Mar  5 13:50 ModularCG_A2_B2.class
-rw-rw-r--   1 travis travis   9730 Mar  5 13:50 ModularCG_A2_B2.java
-rw-rw-r--   1 travis travis    832 Mar  5 13:50 ModularCG_A2_B2.mk
-rw-rw-r--   1 travis travis   1318 Mar  5 13:50 ModularCG_A2_B2_profile.class
-rw-rw-r--   1 travis travis   1262 Mar  5 13:50 ModularCG_A2_B2_profile.java
-rw-rw-r--   1 travis travis   5102 Mar  5 13:50 ModularCG_A2.class
-rw-rw-r--   1 travis travis  15129 Mar  5 13:50 ModularCG_A2.java
-rw-rw-r--   1 travis travis    808 Mar  5 13:50 ModularCG_A2.mk
-rw-rw-r--   1 travis travis   1433 Mar  5 13:50 ModularCG_A2_profile.class
-rw-rw-r--   1 travis travis   1704 Mar  5 13:50 ModularCG_A2_profile.java
-rw-rw-r--   1 travis travis   3705 Mar  5 13:50 ModularCGPubSub_A1_A2.class
-rw-rw-r--   1 travis travis   9076 Mar  5 13:50 ModularCGPubSub_A1_A2.java
-rw-rw-r--   1 travis travis    880 Mar  5 13:50 ModularCGPubSub_A1_A2.mk
-rw-rw-r--   1 travis travis   1300 Mar  5 13:50 ModularCGPubSub_A1_A2_profile.class
-rw-rw-r--   1 travis travis   1222 Mar  5 13:50 ModularCGPubSub_A1_A2_profile.java
-rw-rw-r--   1 travis travis   4022 Mar  5 13:50 ModularCGPubSub_A1.class
-rw-rw-r--   1 travis travis   9836 Mar  5 13:50 ModularCGPubSub_A1.java
-rw-rw-r--   1 travis travis    856 Mar  5 13:50 ModularCGPubSub_A1.mk
-rw-rw-r--   1 travis travis   1346 Mar  5 13:50 ModularCGPubSub_A1_profile.class
-rw-rw-r--   1 travis travis   1388 Mar  5 13:50 ModularCGPubSub_A1_profile.java
-rw-rw-r--   1 travis travis   4220 Mar  5 13:50 ModularCodeGen2_ModularCodeGenTypedCompositeActor.class
-rw-rw-r--   1 travis travis  11690 Mar  5 13:50 ModularCodeGen2_ModularCodeGenTypedCompositeActor.java
-rw-rw-r--   1 travis travis   1104 Mar  5 13:50 ModularCodeGen2_ModularCodeGenTypedCompositeActor.mk
-rw-rw-r--   1 travis travis   4504 Mar  5 13:50 ModularCodeGen2_ModularCodeGenTypedCompositeActor_ModularCodeGenTypedCompositeActor.class
-rw-rw-r--   1 travis travis  11790 Mar  5 13:50 ModularCodeGen2_ModularCodeGenTypedCompositeActor_ModularCodeGenTypedCompositeActor.java
-rw-rw-r--   1 travis travis   1376 Mar  5 13:50 ModularCodeGen2_ModularCodeGenTypedCompositeActor_ModularCodeGenTypedCompositeActor.mk
-rw-rw-r--   1 travis travis   1421 Mar  5 13:50 ModularCodeGen2_ModularCodeGenTypedCompositeActor_ModularCodeGenTypedCompositeActor_profile.class
-rw-rw-r--   1 travis travis   1294 Mar  5 13:50 ModularCodeGen2_ModularCodeGenTypedCompositeActor_ModularCodeGenTypedCompositeActor_profile.java
-rw-rw-r--   1 travis travis    820 Mar  5 13:50 ModularCodeGen2_ModularCodeGenTypedCompositeActor_profile.class
-rw-rw-r--   1 travis travis    693 Mar  5 13:50 ModularCodeGen2_ModularCodeGenTypedCompositeActor_profile.java
-rw-rw-r--   1 travis travis   3973 Mar  5 13:50 ModularCodeGen3_A1_B1.class
-rw-rw-r--   1 travis travis   9958 Mar  5 13:50 ModularCodeGen3_A1_B1.java
-rw-rw-r--   1 travis travis    880 Mar  5 13:50 ModularCodeGen3_A1_B1.mk
-rw-rw-r--   1 travis travis   1330 Mar  5 13:50 ModularCodeGen3_A1_B1_profile.class
-rw-rw-r--   1 travis travis   1274 Mar  5 13:50 ModularCodeGen3_A1_B1_profile.java
-rw-rw-r--   1 travis travis   3973 Mar  5 13:50 ModularCodeGen3_A1_B2.class
-rw-rw-r--   1 travis travis   9958 Mar  5 13:50 ModularCodeGen3_A1_B2.java
-rw-rw-r--   1 travis travis    880 Mar  5 13:50 ModularCodeGen3_A1_B2.mk
-rw-rw-r--   1 travis travis   1330 Mar  5 13:50 ModularCodeGen3_A1_B2_profile.class
-rw-rw-r--   1 travis travis   1274 Mar  5 13:50 ModularCodeGen3_A1_B2_profile.java
-rw-rw-r--   1 travis travis   5193 Mar  5 13:50 ModularCodeGen3_A1.class
-rw-rw-r--   1 travis travis  15564 Mar  5 13:50 ModularCodeGen3_A1.java
-rw-rw-r--   1 travis travis    856 Mar  5 13:50 ModularCodeGen3_A1.mk
-rw-rw-r--   1 travis travis   1445 Mar  5 13:50 ModularCodeGen3_A1_profile.class
-rw-rw-r--   1 travis travis   1716 Mar  5 13:50 ModularCodeGen3_A1_profile.java
-rw-rw-r--   1 travis travis   4119 Mar  5 13:50 ModularCodeGen3_A2_B1.class
-rw-rw-r--   1 travis travis  10955 Mar  5 13:50 ModularCodeGen3_A2_B1.java
-rw-rw-r--   1 travis travis    880 Mar  5 13:50 ModularCodeGen3_A2_B1.mk
-rw-rw-r--   1 travis travis   1393 Mar  5 13:50 ModularCodeGen3_A2_B1_profile.class
-rw-rw-r--   1 travis travis   1458 Mar  5 13:50 ModularCodeGen3_A2_B1_profile.java
-rw-rw-r--   1 travis travis   3973 Mar  5 13:50 ModularCodeGen3_A2_B2.class
-rw-rw-r--   1 travis travis   9958 Mar  5 13:50 ModularCodeGen3_A2_B2.java
-rw-rw-r--   1 travis travis    880 Mar  5 13:50 ModularCodeGen3_A2_B2.mk
-rw-rw-r--   1 travis travis   1330 Mar  5 13:50 ModularCodeGen3_A2_B2_profile.class
-rw-rw-r--   1 travis travis   1274 Mar  5 13:50 ModularCodeGen3_A2_B2_profile.java
-rw-rw-r--   1 travis travis   5270 Mar  5 13:50 ModularCodeGen3_A2.class
-rw-rw-r--   1 travis travis  15957 Mar  5 13:50 ModularCodeGen3_A2.java
-rw-rw-r--   1 travis travis    856 Mar  5 13:50 ModularCodeGen3_A2.mk
-rw-rw-r--   1 travis travis   1445 Mar  5 13:50 ModularCodeGen3_A2_profile.class
-rw-rw-r--   1 travis travis   1716 Mar  5 13:50 ModularCodeGen3_A2_profile.java
-rw-rw-r--   1 travis travis   4026 Mar  5 13:50 ModularCodeGen4_A1_B1.class
-rw-rw-r--   1 travis travis  10312 Mar  5 13:50 ModularCodeGen4_A1_B1.java
-rw-rw-r--   1 travis travis    880 Mar  5 13:50 ModularCodeGen4_A1_B1.mk
-rw-rw-r--   1 travis travis   1330 Mar  5 13:50 ModularCodeGen4_A1_B1_profile.class
-rw-rw-r--   1 travis travis   1273 Mar  5 13:50 ModularCodeGen4_A1_B1_profile.java
-rw-rw-r--   1 travis travis   4026 Mar  5 13:50 ModularCodeGen4_A1_B2.class
-rw-rw-r--   1 travis travis  10312 Mar  5 13:50 ModularCodeGen4_A1_B2.java
-rw-rw-r--   1 travis travis    880 Mar  5 13:50 ModularCodeGen4_A1_B2.mk
-rw-rw-r--   1 travis travis   1330 Mar  5 13:50 ModularCodeGen4_A1_B2_profile.class
-rw-rw-r--   1 travis travis   1273 Mar  5 13:50 ModularCodeGen4_A1_B2_profile.java
-rw-rw-r--   1 travis travis   1712 Mar  5 13:50 ModularCodeGen4_A1_profile.java
-rw-rw-r--   1 travis travis   4186 Mar  5 13:50 ModularCodeGen_ModularCodeGenTypedCompositeActor.class
-rw-rw-r--   1 travis travis  10970 Mar  5 13:50 ModularCodeGen_ModularCodeGenTypedCompositeActor.java
-rw-rw-r--   1 travis travis   1096 Mar  5 13:50 ModularCodeGen_ModularCodeGenTypedCompositeActor.mk
-rw-rw-r--   1 travis travis   1384 Mar  5 13:50 ModularCodeGen_ModularCodeGenTypedCompositeActor_profile.class
-rw-rw-r--   1 travis travis   1328 Mar  5 13:50 ModularCodeGen_ModularCodeGenTypedCompositeActor_profile.java
-rw-rw-r--   1 travis travis   3724 Mar  5 13:49 ModularCodeGenTest_A1_A2.class
-rw-rw-r--   1 travis travis   9164 Mar  5 13:49 ModularCodeGenTest_A1_A2.java
-rw-rw-r--   1 travis travis   1306 Mar  5 13:49 ModularCodeGenTest_A1_A2_profile.class
-rw-rw-r--   1 travis travis   4055 Mar  5 13:49 ModularCodeGenTest_A1.class
-rw-rw-r--   1 travis travis   9968 Mar  5 13:49 ModularCodeGenTest_A1.java
-rw-rw-r--   1 travis travis    880 Mar  5 13:49 ModularCodeGenTest_A1.mk
-rw-rw-r--   1 travis travis   1352 Mar  5 13:49 ModularCodeGenTest_A1_profile.class
-rw-rw-r--   1 travis travis   1394 Mar  5 13:49 ModularCodeGenTest_A1_profile.java
drwxrwxr-x   3 travis travis  32768 Mar  5 13:49 modulation2
drwxrwxr-x 166 travis travis  12288 Mar  5 13:49 node_modules
drwxrwxr-x   3 travis travis  20480 Mar  5 13:45 PhaseUnwrap
drwxrwxr-x   3 travis travis  12288 Mar  5 13:45 ReadFile1
-rw-rw-r--   1 travis travis     11 Mar  5 13:45 ReadFile1Output.txt
-rw-rw-r--   1 travis travis  13773 Mar  5 13:49 Repeat.class
-rw-rw-r--   1 travis travis    685 Mar  5 13:49 Repeat$_fireFunction_Repeat_Repeat$__f_sL_11.class
-rw-rw-r--   1 travis travis    541 Mar  5 13:49 Repeat$_fireFunction_Repeat_Repeat$__f_sL_12.class
-rw-rw-r--   1 travis travis    541 Mar  5 13:49 Repeat$_fireFunction_Repeat_Repeat$__f_sL_13.class
-rw-rw-r--   1 travis travis    541 Mar  5 13:49 Repeat$_fireFunction_Repeat_Repeat$__f_sL_14.class
-rw-rw-r--   1 travis travis    684 Mar  5 13:49 Repeat$_fireFunction_Repeat_Repeat$__f_sL_1.class
-rw-rw-r--   1 travis travis    683 Mar  5 13:49 Repeat$_fireFunction_Repeat_Repeat$__f_sL_4.class
-rw-rw-r--   1 travis travis    539 Mar  5 13:49 Repeat$_fireFunction_Repeat_Repeat$__f_sL_9.class
-rw-rw-r--   1 travis travis    494 Mar  5 13:49 Repeat$_initialize_Repeat$__i_sL_2.class
-rw-rw-r--   1 travis travis   1281 Mar  5 13:49 Repeat.mk
-rw-rw-r--   1 travis travis    539 Mar  5 13:49 Repeat$_preinitializeMethod_Repeat$__p_sL_0.class
-rw-rw-r--   1 travis travis   1102 Mar  5 13:49 Repeat$_Repeat$_fireFunction_Repeat_AddSubtract_Repeat.class
-rw-rw-r--   1 travis travis    810 Mar  5 13:49 Repeat$_Repeat$_fireFunction_Repeat_AddSubtract_Repeat$__f_sL_0.class
-rw-rw-r--   1 travis travis    928 Mar  5 13:49 Repeat$_Repeat$_fireFunction_Repeat_AddSubtract_Repeat$__f_sL_1.class
-rw-rw-r--   1 travis travis    934 Mar  5 13:49 Repeat$_Repeat$_fireFunction_Repeat_AddSubtract_Repeat$__f_sL_2.class
-rw-rw-r--   1 travis travis    862 Mar  5 13:49 Repeat$_Repeat$_fireFunction_Repeat_AddSubtract_Repeat$__f_sL_3.class
-rw-rw-r--   1 travis travis    757 Mar  5 13:49 Repeat$_Repeat$_fireFunction_Repeat_Ramp2_Repeat$__f_sL_0.class
-rw-rw-r--   1 travis travis    888 Mar  5 13:49 Repeat$_Repeat$_fireFunction_Repeat_Test_Repeat$__f_sL_0.class
-rw-rw-r--   1 travis travis    634 Mar  5 13:49 Repeat$_Repeat$_fireFunction_Repeat_Test_Repeat$__f_sL_1.class
-rw-rw-r--   1 travis travis    704 Mar  5 13:49 Repeat$_Repeat_SDF_Director_run_Repeat$__R_sL_0.class
-rw-rw-r--   1 travis travis    705 Mar  5 13:49 Repeat$_Repeat_SDF_Director_run_Repeat$__R_sL_11.class
-rw-rw-r--   1 travis travis    561 Mar  5 13:49 Repeat$_Repeat_SDF_Director_run_Repeat$__R_sL_13.class
-rw-rw-r--   1 travis travis    559 Mar  5 13:49 Repeat$_Repeat_SDF_Director_run_Repeat$__R_sL_2.class
-rw-rw-r--   1 travis travis    703 Mar  5 13:49 Repeat$_Repeat_SDF_Director_run_Repeat$__R_sL_3.class
-rw-rw-r--   1 travis travis    559 Mar  5 13:49 Repeat$_Repeat_SDF_Director_run_Repeat$__R_sL_5.class
-rw-rw-r--   1 travis travis    559 Mar  5 13:49 Repeat$_Repeat_SDF_Director_run_Repeat$__R_sL_8.class
drwxrwxr-x   2 travis travis   4096 Mar  5 13:49 RepeatVariables
-rw-rw-r--   1 travis travis    882 Mar  5 13:49 Repeat$_varinit_Repeat.class
-rw-rw-r--   1 travis travis    550 Mar  5 13:49 Repeat$_varinit_Repeat$__v_sL_2.class
-rw-rw-r--   1 travis travis    924 Mar  5 13:49 Repeat$_varinit_Repeat$__v_sL_4.class
-rw-rw-r--   1 travis travis    978 Mar  5 13:49 Repeat$_wrapup_Repeat$__w_sL_1.class
drwxrwxr-x   3 travis travis  20480 Mar  5 13:46 Sinewave
drwxrwxr-x   3 travis travis  32768 Mar  5 13:47 StringFunction
drwxrwxr-x   3 travis travis  12288 Mar  5 13:47 StringLength
drwxrwxr-x   3 travis travis  61440 Mar  5 13:47 StringMatches2
drwxrwxr-x   3 travis travis  61440 Mar  5 13:48 StringSimpleReplace
drwxrwxr-x   3 travis travis  65536 Mar  5 13:48 StringSubstring
drwxrwxr-x   3 travis travis  24576 Mar  5 13:48 StringSubstring2
drwxrwxr-x   3 travis travis  16384 Mar  5 13:49 time1
drwxrwxr-x   3 travis travis  12288 Mar  5 13:49 time5
-rw-rw-r--   1 travis travis    432 Mar  5 13:50 Token.class
-rw-rw-r--   1 travis travis    251 Mar  5 13:50 Token.java
-rwxrwxr-x   1 travis travis 466992 Mar  5 13:43 top
-rw-rw-r--   1 travis travis  20502 Mar  5 13:43 top.c
-rw-rw-r--   1 travis travis   3799 Mar  5 13:49 top.class
-rw-rw-r--   1 travis travis   1257 Mar  5 13:49 top.mk
All Done
Writing ModularCodeGen4_A1.java in file:/home/travis/cg/ (16245 characters)
Reading "ptolemy/cg/kernel/generic/program/procedural/java/modular/makefile.in",
    writing "/home/travis/cg/ModularCodeGen4_A1.mk"
Using ptolemy/cg/kernel/generic/program/procedural/java/modular/makefile.in
In "/home/travis/cg", about to execute:
    make -f ModularCodeGen4_A1.mk
javac -classpath ".:.."    ModularCodeGen4_A1.java
All Done
In "/home/travis/cg", about to execute:
    pwd
/home/travis/cg
In "/home/travis/cg", about to execute:
    ls -l
total 2016
drwxrwxr-x   3 travis travis  12288 Mar  5 13:44 AbsoluteValue
drwxrwxr-x   3 travis travis 102400 Mar  5 13:43 AllColt
drwxrwxr-x   3 travis travis  12288 Mar  5 13:44 Case1
-rw-rw-r--   1 travis travis   5128 Mar  5 13:49 CompiledCompositeActor_CompiledCompositeActor.class
-rw-rw-r--   1 travis travis   1611 Mar  5 13:49 CompiledCompositeActor_CompiledCompositeActor$_CompiledCompositeActor_CompiledCompositeActor.class
-rw-rw-r--   1 travis travis  13466 Mar  5 13:49 CompiledCompositeActor_CompiledCompositeActor.java
-rw-rw-r--   1 travis travis   1593 Mar  5 13:49 CompiledCompositeActor_CompiledCompositeActor.mk
drwxrwxr-x   5 travis travis   4096 Mar  5 13:43 fmi
drwxrwxr-x   3 travis travis  16384 Mar  5 13:44 Gaussian2
-rw-rw-r--   1 travis travis   4684 Mar  5 13:49 JavaCompiledCompositeTest1_CompiledCompositeActor.class
-rw-rw-r--   1 travis travis  11637 Mar  5 13:49 JavaCompiledCompositeTest1_CompiledCompositeActor.java
-rw-rw-r--   1 travis travis   1217 Mar  5 13:49 JavaCompiledCompositeTest1_CompiledCompositeActor$_JavaCompiledCompositeTest1_CompiledCompositeActor.class
-rw-rw-r--   1 travis travis   1625 Mar  5 13:49 JavaCompiledCompositeTest1_CompiledCompositeActor.mk
-rw-rw-r--   1 travis travis   5115 Mar  5 13:49 JavaCompiledCompositeTest2_CompiledCompositeActor.class
-rw-rw-r--   1 travis travis  14919 Mar  5 13:49 JavaCompiledCompositeTest2_CompiledCompositeActor.java
-rw-rw-r--   1 travis travis   1812 Mar  5 13:49 JavaCompiledCompositeTest2_CompiledCompositeActor$_JavaCompiledCompositeTest2_CompiledCompositeActor.class
-rw-rw-r--   1 travis travis   1625 Mar  5 13:49 JavaCompiledCompositeTest2_CompiledCompositeActor.mk
-rw-rw-r--   1 travis travis   4732 Mar  5 13:49 JavaCompiledCompositeTest3_CompiledCompositeActor.class
-rw-rw-r--   1 travis travis  13080 Mar  5 13:49 JavaCompiledCompositeTest3_CompiledCompositeActor.java
-rw-rw-r--   1 travis travis   1397 Mar  5 13:49 JavaCompiledCompositeTest3_CompiledCompositeActor$_JavaCompiledCompositeTest3_CompiledCompositeActor.class
-rw-rw-r--   1 travis travis   1625 Mar  5 13:49 JavaCompiledCompositeTest3_CompiledCompositeActor.mk
-rw-rw-r--   1 travis travis   4183 Mar  5 13:49 JavaCompiledCompositeTest4_CompiledCompositeActor.class
-rw-rw-r--   1 travis travis   9687 Mar  5 13:49 JavaCompiledCompositeTest4_CompiledCompositeActor.java
-rw-rw-r--   1 travis travis    876 Mar  5 13:49 JavaCompiledCompositeTest4_CompiledCompositeActor$_JavaCompiledCompositeTest4_CompiledCompositeActor.class
-rw-rw-r--   1 travis travis   1625 Mar  5 13:49 JavaCompiledCompositeTest4_CompiledCompositeActor.mk
drwxrwxr-x   3 travis travis  12288 Mar  5 13:45 LookupTable
drwxrwxr-x   3 travis travis  20480 Mar  5 13:45 MaxIndex
-rw-rw-r--   1 travis travis   3925 Mar  5 13:49 ModularCG_A1_B1.class
-rw-rw-r--   1 travis travis   9730 Mar  5 13:49 ModularCG_A1_B1.java
-rw-rw-r--   1 travis travis    832 Mar  5 13:49 ModularCG_A1_B1.mk
-rw-rw-r--   1 travis travis   1318 Mar  5 13:49 ModularCG_A1_B1_profile.class
-rw-rw-r--   1 travis travis   1262 Mar  5 13:49 ModularCG_A1_B1_profile.java
-rw-rw-r--   1 travis travis   3925 Mar  5 13:50 ModularCG_A1_B2.class
-rw-rw-r--   1 travis travis   9730 Mar  5 13:50 ModularCG_A1_B2.java
-rw-rw-r--   1 travis travis    832 Mar  5 13:50 ModularCG_A1_B2.mk
-rw-rw-r--   1 travis travis   1318 Mar  5 13:50 ModularCG_A1_B2_profile.class
-rw-rw-r--   1 travis travis   1262 Mar  5 13:49 ModularCG_A1_B2_profile.java
-rw-rw-r--   1 travis travis   5031 Mar  5 13:50 ModularCG_A1.class
-rw-rw-r--   1 travis travis  14742 Mar  5 13:50 ModularCG_A1.java
-rw-rw-r--   1 travis travis    808 Mar  5 13:50 ModularCG_A1.mk
-rw-rw-r--   1 travis travis   1433 Mar  5 13:50 ModularCG_A1_profile.class
-rw-rw-r--   1 travis travis   1704 Mar  5 13:50 ModularCG_A1_profile.java
-rw-rw-r--   1 travis travis   4059 Mar  5 13:50 ModularCG_A2_B1.class
-rw-rw-r--   1 travis travis  10667 Mar  5 13:50 ModularCG_A2_B1.java
-rw-rw-r--   1 travis travis    832 Mar  5 13:50 ModularCG_A2_B1.mk
-rw-rw-r--   1 travis travis   1381 Mar  5 13:50 ModularCG_A2_B1_profile.class
-rw-rw-r--   1 travis travis   1446 Mar  5 13:50 ModularCG_A2_B1_profile.java
-rw-rw-r--   1 travis travis   3925 Mar  5 13:50 ModularCG_A2_B2.class
-rw-rw-r--   1 travis travis   9730 Mar  5 13:50 ModularCG_A2_B2.java
-rw-rw-r--   1 travis travis    832 Mar  5 13:50 ModularCG_A2_B2.mk
-rw-rw-r--   1 travis travis   1318 Mar  5 13:50 ModularCG_A2_B2_profile.class
-rw-rw-r--   1 travis travis   1262 Mar  5 13:50 ModularCG_A2_B2_profile.java
-rw-rw-r--   1 travis travis   5102 Mar  5 13:50 ModularCG_A2.class
-rw-rw-r--   1 travis travis  15129 Mar  5 13:50 ModularCG_A2.java
-rw-rw-r--   1 travis travis    808 Mar  5 13:50 ModularCG_A2.mk
-rw-rw-r--   1 travis travis   1433 Mar  5 13:50 ModularCG_A2_profile.class
-rw-rw-r--   1 travis travis   1704 Mar  5 13:50 ModularCG_A2_profile.java
-rw-rw-r--   1 travis travis   3705 Mar  5 13:50 ModularCGPubSub_A1_A2.class
-rw-rw-r--   1 travis travis   9076 Mar  5 13:50 ModularCGPubSub_A1_A2.java
-rw-rw-r--   1 travis travis    880 Mar  5 13:50 ModularCGPubSub_A1_A2.mk
-rw-rw-r--   1 travis travis   1300 Mar  5 13:50 ModularCGPubSub_A1_A2_profile.class
-rw-rw-r--   1 travis travis   1222 Mar  5 13:50 ModularCGPubSub_A1_A2_profile.java
-rw-rw-r--   1 travis travis   4022 Mar  5 13:50 ModularCGPubSub_A1.class
-rw-rw-r--   1 travis travis   9836 Mar  5 13:50 ModularCGPubSub_A1.java
-rw-rw-r--   1 travis travis    856 Mar  5 13:50 ModularCGPubSub_A1.mk
-rw-rw-r--   1 travis travis   1346 Mar  5 13:50 ModularCGPubSub_A1_profile.class
-rw-rw-r--   1 travis travis   1388 Mar  5 13:50 ModularCGPubSub_A1_profile.java
-rw-rw-r--   1 travis travis   4220 Mar  5 13:50 ModularCodeGen2_ModularCodeGenTypedCompositeActor.class
-rw-rw-r--   1 travis travis  11690 Mar  5 13:50 ModularCodeGen2_ModularCodeGenTypedCompositeActor.java
-rw-rw-r--   1 travis travis   1104 Mar  5 13:50 ModularCodeGen2_ModularCodeGenTypedCompositeActor.mk
-rw-rw-r--   1 travis travis   4504 Mar  5 13:50 ModularCodeGen2_ModularCodeGenTypedCompositeActor_ModularCodeGenTypedCompositeActor.class
-rw-rw-r--   1 travis travis  11790 Mar  5 13:50 ModularCodeGen2_ModularCodeGenTypedCompositeActor_ModularCodeGenTypedCompositeActor.java
-rw-rw-r--   1 travis travis   1376 Mar  5 13:50 ModularCodeGen2_ModularCodeGenTypedCompositeActor_ModularCodeGenTypedCompositeActor.mk
-rw-rw-r--   1 travis travis   1421 Mar  5 13:50 ModularCodeGen2_ModularCodeGenTypedCompositeActor_ModularCodeGenTypedCompositeActor_profile.class
-rw-rw-r--   1 travis travis   1294 Mar  5 13:50 ModularCodeGen2_ModularCodeGenTypedCompositeActor_ModularCodeGenTypedCompositeActor_profile.java
-rw-rw-r--   1 travis travis    820 Mar  5 13:50 ModularCodeGen2_ModularCodeGenTypedCompositeActor_profile.class
-rw-rw-r--   1 travis travis    693 Mar  5 13:50 ModularCodeGen2_ModularCodeGenTypedCompositeActor_profile.java
-rw-rw-r--   1 travis travis   3973 Mar  5 13:50 ModularCodeGen3_A1_B1.class
-rw-rw-r--   1 travis travis   9958 Mar  5 13:50 ModularCodeGen3_A1_B1.java
-rw-rw-r--   1 travis travis    880 Mar  5 13:50 ModularCodeGen3_A1_B1.mk
-rw-rw-r--   1 travis travis   1330 Mar  5 13:50 ModularCodeGen3_A1_B1_profile.class
-rw-rw-r--   1 travis travis   1274 Mar  5 13:50 ModularCodeGen3_A1_B1_profile.java
-rw-rw-r--   1 travis travis   3973 Mar  5 13:50 ModularCodeGen3_A1_B2.class
-rw-rw-r--   1 travis travis   9958 Mar  5 13:50 ModularCodeGen3_A1_B2.java
-rw-rw-r--   1 travis travis    880 Mar  5 13:50 ModularCodeGen3_A1_B2.mk
-rw-rw-r--   1 travis travis   1330 Mar  5 13:50 ModularCodeGen3_A1_B2_profile.class
-rw-rw-r--   1 travis travis   1274 Mar  5 13:50 ModularCodeGen3_A1_B2_profile.java
-rw-rw-r--   1 travis travis   5193 Mar  5 13:50 ModularCodeGen3_A1.class
-rw-rw-r--   1 travis travis  15564 Mar  5 13:50 ModularCodeGen3_A1.java
-rw-rw-r--   1 travis travis    856 Mar  5 13:50 ModularCodeGen3_A1.mk
-rw-rw-r--   1 travis travis   1445 Mar  5 13:50 ModularCodeGen3_A1_profile.class
-rw-rw-r--   1 travis travis   1716 Mar  5 13:50 ModularCodeGen3_A1_profile.java
-rw-rw-r--   1 travis travis   4119 Mar  5 13:50 ModularCodeGen3_A2_B1.class
-rw-rw-r--   1 travis travis  10955 Mar  5 13:50 ModularCodeGen3_A2_B1.java
-rw-rw-r--   1 travis travis    880 Mar  5 13:50 ModularCodeGen3_A2_B1.mk
-rw-rw-r--   1 travis travis   1393 Mar  5 13:50 ModularCodeGen3_A2_B1_profile.class
-rw-rw-r--   1 travis travis   1458 Mar  5 13:50 ModularCodeGen3_A2_B1_profile.java
-rw-rw-r--   1 travis travis   3973 Mar  5 13:50 ModularCodeGen3_A2_B2.class
-rw-rw-r--   1 travis travis   9958 Mar  5 13:50 ModularCodeGen3_A2_B2.java
-rw-rw-r--   1 travis travis    880 Mar  5 13:50 ModularCodeGen3_A2_B2.mk
-rw-rw-r--   1 travis travis   1330 Mar  5 13:50 ModularCodeGen3_A2_B2_profile.class
-rw-rw-r--   1 travis travis   1274 Mar  5 13:50 ModularCodeGen3_A2_B2_profile.java
-rw-rw-r--   1 travis travis   5270 Mar  5 13:50 ModularCodeGen3_A2.class
-rw-rw-r--   1 travis travis  15957 Mar  5 13:50 ModularCodeGen3_A2.java
-rw-rw-r--   1 travis travis    856 Mar  5 13:50 ModularCodeGen3_A2.mk
-rw-rw-r--   1 travis travis   1445 Mar  5 13:50 ModularCodeGen3_A2_profile.class
-rw-rw-r--   1 travis travis   1716 Mar  5 13:50 ModularCodeGen3_A2_profile.java
-rw-rw-r--   1 travis travis   4026 Mar  5 13:50 ModularCodeGen4_A1_B1.class
-rw-rw-r--   1 travis travis  10312 Mar  5 13:50 ModularCodeGen4_A1_B1.java
-rw-rw-r--   1 travis travis    880 Mar  5 13:50 ModularCodeGen4_A1_B1.mk
-rw-rw-r--   1 travis travis   1330 Mar  5 13:50 ModularCodeGen4_A1_B1_profile.class
-rw-rw-r--   1 travis travis   1273 Mar  5 13:50 ModularCodeGen4_A1_B1_profile.java
-rw-rw-r--   1 travis travis   4026 Mar  5 13:50 ModularCodeGen4_A1_B2.class
-rw-rw-r--   1 travis travis  10312 Mar  5 13:50 ModularCodeGen4_A1_B2.java
-rw-rw-r--   1 travis travis    880 Mar  5 13:50 ModularCodeGen4_A1_B2.mk
-rw-rw-r--   1 travis travis   1330 Mar  5 13:50 ModularCodeGen4_A1_B2_profile.class
-rw-rw-r--   1 travis travis   1273 Mar  5 13:50 ModularCodeGen4_A1_B2_profile.java
-rw-rw-r--   1 travis travis   5333 Mar  5 13:50 ModularCodeGen4_A1.class
-rw-rw-r--   1 travis travis  16245 Mar  5 13:50 ModularCodeGen4_A1.java
-rw-rw-r--   1 travis travis    856 Mar  5 13:50 ModularCodeGen4_A1.mk
-rw-rw-r--   1 travis travis   1445 Mar  5 13:50 ModularCodeGen4_A1_profile.class
-rw-rw-r--   1 travis travis   1712 Mar  5 13:50 ModularCodeGen4_A1_profile.java
-rw-rw-r--   1 travis travis   1454 Mar  5 13:50 ModularCodeGen4_A2_B1_profile.java
-rw-rw-r--   1 travis travis   4186 Mar  5 13:50 ModularCodeGen_ModularCodeGenTypedCompositeActor.class
-rw-rw-r--   1 travis travis  10970 Mar  5 13:50 ModularCodeGen_ModularCodeGenTypedCompositeActor.java
-rw-rw-r--   1 travis travis   1096 Mar  5 13:50 ModularCodeGen_ModularCodeGenTypedCompositeActor.mk
-rw-rw-r--   1 travis travis   1384 Mar  5 13:50 ModularCodeGen_ModularCodeGenTypedCompositeActor_profile.class
-rw-rw-r--   1 travis travis   1328 Mar  5 13:50 ModularCodeGen_ModularCodeGenTypedCompositeActor_profile.java
-rw-rw-r--   1 travis travis   3724 Mar  5 13:49 ModularCodeGenTest_A1_A2.class
-rw-rw-r--   1 travis travis   9164 Mar  5 13:49 ModularCodeGenTest_A1_A2.java
-rw-rw-r--   1 travis travis   1306 Mar  5 13:49 ModularCodeGenTest_A1_A2_profile.class
-rw-rw-r--   1 travis travis   4055 Mar  5 13:49 ModularCodeGenTest_A1.class
-rw-rw-r--   1 travis travis   9968 Mar  5 13:49 ModularCodeGenTest_A1.java
-rw-rw-r--   1 travis travis    880 Mar  5 13:49 ModularCodeGenTest_A1.mk
-rw-rw-r--   1 travis travis   1352 Mar  5 13:49 ModularCodeGenTest_A1_profile.class
-rw-rw-r--   1 travis travis   1394 Mar  5 13:49 ModularCodeGenTest_A1_profile.java
drwxrwxr-x   3 travis travis  32768 Mar  5 13:49 modulation2
drwxrwxr-x 166 travis travis  12288 Mar  5 13:49 node_modules
drwxrwxr-x   3 travis travis  20480 Mar  5 13:45 PhaseUnwrap
drwxrwxr-x   3 travis travis  12288 Mar  5 13:45 ReadFile1
-rw-rw-r--   1 travis travis     11 Mar  5 13:45 ReadFile1Output.txt
-rw-rw-r--   1 travis travis  13773 Mar  5 13:49 Repeat.class
-rw-rw-r--   1 travis travis    685 Mar  5 13:49 Repeat$_fireFunction_Repeat_Repeat$__f_sL_11.class
-rw-rw-r--   1 travis travis    541 Mar  5 13:49 Repeat$_fireFunction_Repeat_Repeat$__f_sL_12.class
-rw-rw-r--   1 travis travis    541 Mar  5 13:49 Repeat$_fireFunction_Repeat_Repeat$__f_sL_13.class
-rw-rw-r--   1 travis travis    541 Mar  5 13:49 Repeat$_fireFunction_Repeat_Repeat$__f_sL_14.class
-rw-rw-r--   1 travis travis    684 Mar  5 13:49 Repeat$_fireFunction_Repeat_Repeat$__f_sL_1.class
-rw-rw-r--   1 travis travis    683 Mar  5 13:49 Repeat$_fireFunction_Repeat_Repeat$__f_sL_4.class
-rw-rw-r--   1 travis travis    539 Mar  5 13:49 Repeat$_fireFunction_Repeat_Repeat$__f_sL_9.class
-rw-rw-r--   1 travis travis    494 Mar  5 13:49 Repeat$_initialize_Repeat$__i_sL_2.class
-rw-rw-r--   1 travis travis   1281 Mar  5 13:49 Repeat.mk
-rw-rw-r--   1 travis travis    539 Mar  5 13:49 Repeat$_preinitializeMethod_Repeat$__p_sL_0.class
-rw-rw-r--   1 travis travis   1102 Mar  5 13:49 Repeat$_Repeat$_fireFunction_Repeat_AddSubtract_Repeat.class
-rw-rw-r--   1 travis travis    810 Mar  5 13:49 Repeat$_Repeat$_fireFunction_Repeat_AddSubtract_Repeat$__f_sL_0.class
-rw-rw-r--   1 travis travis    928 Mar  5 13:49 Repeat$_Repeat$_fireFunction_Repeat_AddSubtract_Repeat$__f_sL_1.class
-rw-rw-r--   1 travis travis    934 Mar  5 13:49 Repeat$_Repeat$_fireFunction_Repeat_AddSubtract_Repeat$__f_sL_2.class
-rw-rw-r--   1 travis travis    862 Mar  5 13:49 Repeat$_Repeat$_fireFunction_Repeat_AddSubtract_Repeat$__f_sL_3.class
-rw-rw-r--   1 travis travis    757 Mar  5 13:49 Repeat$_Repeat$_fireFunction_Repeat_Ramp2_Repeat$__f_sL_0.class
-rw-rw-r--   1 travis travis    888 Mar  5 13:49 Repeat$_Repeat$_fireFunction_Repeat_Test_Repeat$__f_sL_0.class
-rw-rw-r--   1 travis travis    634 Mar  5 13:49 Repeat$_Repeat$_fireFunction_Repeat_Test_Repeat$__f_sL_1.class
-rw-rw-r--   1 travis travis    704 Mar  5 13:49 Repeat$_Repeat_SDF_Director_run_Repeat$__R_sL_0.class
-rw-rw-r--   1 travis travis    705 Mar  5 13:49 Repeat$_Repeat_SDF_Director_run_Repeat$__R_sL_11.class
-rw-rw-r--   1 travis travis    561 Mar  5 13:49 Repeat$_Repeat_SDF_Director_run_Repeat$__R_sL_13.class
-rw-rw-r--   1 travis travis    559 Mar  5 13:49 Repeat$_Repeat_SDF_Director_run_Repeat$__R_sL_2.class
-rw-rw-r--   1 travis travis    703 Mar  5 13:49 Repeat$_Repeat_SDF_Director_run_Repeat$__R_sL_3.class
-rw-rw-r--   1 travis travis    559 Mar  5 13:49 Repeat$_Repeat_SDF_Director_run_Repeat$__R_sL_5.class
-rw-rw-r--   1 travis travis    559 Mar  5 13:49 Repeat$_Repeat_SDF_Director_run_Repeat$__R_sL_8.class
drwxrwxr-x   2 travis travis   4096 Mar  5 13:49 RepeatVariables
-rw-rw-r--   1 travis travis    882 Mar  5 13:49 Repeat$_varinit_Repeat.class
-rw-rw-r--   1 travis travis    550 Mar  5 13:49 Repeat$_varinit_Repeat$__v_sL_2.class
-rw-rw-r--   1 travis travis    924 Mar  5 13:49 Repeat$_varinit_Repeat$__v_sL_4.class
-rw-rw-r--   1 travis travis    978 Mar  5 13:49 Repeat$_wrapup_Repeat$__w_sL_1.class
drwxrwxr-x   3 travis travis  20480 Mar  5 13:46 Sinewave
drwxrwxr-x   3 travis travis  32768 Mar  5 13:47 StringFunction
drwxrwxr-x   3 travis travis  12288 Mar  5 13:47 StringLength
drwxrwxr-x   3 travis travis  61440 Mar  5 13:47 StringMatches2
drwxrwxr-x   3 travis travis  61440 Mar  5 13:48 StringSimpleReplace
drwxrwxr-x   3 travis travis  65536 Mar  5 13:48 StringSubstring
drwxrwxr-x   3 travis travis  24576 Mar  5 13:48 StringSubstring2
drwxrwxr-x   3 travis travis  16384 Mar  5 13:49 time1
drwxrwxr-x   3 travis travis  12288 Mar  5 13:49 time5
-rw-rw-r--   1 travis travis    432 Mar  5 13:50 Token.class
-rw-rw-r--   1 travis travis    251 Mar  5 13:50 Token.java
-rwxrwxr-x   1 travis travis 466992 Mar  5 13:43 top
-rw-rw-r--   1 travis travis  20502 Mar  5 13:43 top.c
-rw-rw-r--   1 travis travis   3799 Mar  5 13:49 top.class
-rw-rw-r--   1 travis travis   1257 Mar  5 13:49 top.mk
In "/home/travis/cg", about to execute:
    javac -classpath
.:/home/travis/build/icyphy/ptII:/home/travis/build/icyphy/ptII/lib/bsh-2.0b4.j
ar:/home/travis/build/icyphy/ptII/lib/ptCal.jar:/home/travis/build/icyphy/ptII/
lib/java_cup.jar:/home/travis/build/icyphy/ptII/lib/saxon8.jar:/home/travis/bui
ld/icyphy/ptII/lib/saxon8-dom.jar:/home/travis/build/icyphy/ptII/lib/chic.jar:/
home/travis/build/icyphy/ptII/lib/ptcolt.jar:/home/travis/build/icyphy/ptII/ven
dors/misc/itext/iText.jar:/home/travis/build/icyphy/ptII/lib/g4ltl.jar:/home/tr
avis/build/icyphy/ptII/lib/StructuralCoder.jar:/home/travis/build/icyphy/ptII/l
ib/jcerti.jar:/home/travis/build/icyphy/ptII/lib/javax.mail.jar:/home/travis/bu
ild/icyphy/ptII/vendors/JMF-2.1.1e/lib/jmf.jar:/home/travis/build/icyphy/ptII/l
ib/jna-4.0.0-variadic.jar:/home/travis/build/icyphy/ptII/vendors/misc/joystick/
Joystick.jar:/home/travis/build/icyphy/ptII/lib/ptjacl.jar:/home/travis/build/i
cyphy/ptII/lib/jsoup-1.8.2.jar:/home/travis/build/icyphy/ptII/lib/junit-4.8.2.j
ar:/home/travis/build/icyphy/ptII/lib/JUnitParams-0.4.0.jar:/home/travis/build/
icyphy/ptII/ptolemy/actor/lib/excel/jxl.jar:/home/travis/build/icyphy/ptII/lib/
jython.jar:/home/travis/build/icyphy/ptII/lib/kieler.jar:/home/travis/build/icy
phy/ptII/vendors/opencv/share/OpenCV/java/opencv-341.jar:/home/travis/build/icy
phy/ptII/lib/oscP5.jar:/home/travis/build/icyphy/ptII/lib/nrjavaserial-3.11.0.d
evel.jar:/home/travis/build/icyphy/ptII/vendors/j3d/lib/Linux/j3dcore.jar:/home
/travis/build/icyphy/ptII/vendors/j3d/lib/Linux/j3dutils.jar:/home/travis/build
/icyphy/ptII/vendors/j3d/lib/Linux/vecmath.jar:/home/travis/build/icyphy/ptII/v
endors/jogl/lib/Linux/gluegen-rt-natives-linux-amd64.jar:/home/travis/build/icy
phy/ptII/vendors/jogl/lib/Linux/gluegen-rt.jar:/home/travis/build/icyphy/ptII/v
endors/jogl/lib/Linux/jogl-all-natives-linux-amd64.jar:/home/travis/build/icyph
y/ptII/vendors/jogl/lib/Linux/jogl-all.jar:/home/travis/build/icyphy/ptII/ptole
my/distributed/jini/jar/jini-core.jar:/home/travis/build/icyphy/ptII/ptolemy/di
stributed/jini/jar/jini-ext.jar:/home/travis/build/icyphy/ptII/ptolemy/distribu
ted/jini/jar/sun-util.jar:/home/travis/build/icyphy/ptII/lib/protobuf-java-2.4.
1.jar:/home/travis/build/icyphy/ptII/lib/org.eclipse.paho.client.mqttv3.jar:/ho
me/travis/build/icyphy/ptII/lib/mapss.jar:/home/travis/build/icyphy/ptII/ptolem
y/actor/ptalon/antlr/antlr.jar:/home/travis/build/icyphy/ptII/lib/JRI.jar:/home
/travis/build/icyphy/ptII/lib/commons-lang-2.6.jar:/home/travis/build/icyphy/pt
II/lib/commons-logging-1.1.1.jar:/home/travis/build/icyphy/ptII/lib/sootclasses
.jar:/home/travis/build/icyphy/ptII/ptolemy/actor/lib/database/mysql-connector-
java-5.1.6-bin.jar:/home/travis/build/icyphy/ptII/vendors/misc/sphinx4/sphinx4-
data-5prealpha.jar:/home/travis/build/icyphy/ptII/vendors/misc/sphinx4/sphinx4-
core-5prealpha.jar:/home/travis/build/icyphy/ptII/lib/PDFRenderer.jar:/home/tra
vis/build/icyphy/ptII/lib/svgSalamander.jar:/home/travis/build/icyphy/ptII/lib/
rsyntaxtextarea-2.6.0-SNAPSHOT.jar:/home/travis/build/icyphy/ptII/lib/hazelcast
-3.8.2.jar:/home/travis/build/icyphy/ptII/lib/jackson-annotations-2.9.0.jar:/ho
me/travis/build/icyphy/ptII/lib/jackson-core-2.9.3.jar:/home/travis/build/icyph
y/ptII/lib/jackson-databind-2.9.3.jar:/home/travis/build/icyphy/ptII/lib/netty-
buffer-4.1.19.Final.jar:/home/travis/build/icyphy/ptII/lib/netty-codec-4.1.19.F
inal.jar:/home/travis/build/icyphy/ptII/lib/netty-codec-dns-4.1.19.Final.jar:/h
ome/travis/build/icyphy/ptII/lib/netty-codec-http-4.1.19.Final.jar:/home/travis
/build/icyphy/ptII/lib/netty-codec-http2-4.1.19.Final.jar:/home/travis/build/ic
yphy/ptII/lib/netty-common-4.1.19.Final.jar:/home/travis/build/icyphy/ptII/lib/
netty-handler-4.1.19.Final.jar:/home/travis/build/icyphy/ptII/lib/netty-resolve
r-4.1.19.Final.jar:/home/travis/build/icyphy/ptII/lib/netty-resolver-dns-4.1.19
.Final.jar:/home/travis/build/icyphy/ptII/lib/netty-transport-4.1.19.Final.jar:
/home/travis/build/icyphy/ptII/lib/vertx-codegen-3.5.1.jar:/home/travis/build/i
cyphy/ptII/lib/vertx-core-3.5.2-SNAPSHOT.jar:/home/travis/build/icyphy/ptII/lib
/vertx-hazelcast-3.5.1.jar:/home/travis/build/icyphy/ptII/lib/vertx-lang-js-3.5
.1.jar:/home/travis/build/icyphy/ptII/lib/vertx-service-proxy-3.5.1.jar:/home/t
ravis/build/icyphy/ptII/lib/vertx-web-3.5.1.jar:/home/travis/build/icyphy/ptII/
lib/slf4j-api-1.7.13.jar:/home/travis/build/icyphy/ptII/lib/slf4j-simple-1.7.13
.jar:/home/travis/build/icyphy/ptII/lib/webcam-capture-0.3.12.jar:/home/travis/
build/icyphy/ptII/lib/bridj-0.7.0.jar:/home/travis/build/icyphy/ptII/lib/xbjlib
-1.1.0.nrjavaserial.jar:/home/travis/build/icyphy/ptII/ptolemy/moml/test:/home/
travis/build/icyphy/ptII/ant/lib/ant-launcher.jar:/home/travis/build/icyphy/ptI
I/ant/lib/ant.jar:/home/travis/build/icyphy/ptII/ant/lib/ant-junit.jar:/home/tr
avis/build/icyphy/ptII/ant/lib/ant-junit4.jar:/home/travis/build/icyphy/ptII
ModularCodeGen4_A2_B1_profile.java
All Done
Writing ModularCodeGen4_A2_B1.java in file:/home/travis/cg/ (11375 characters)
Reading "ptolemy/cg/kernel/generic/program/procedural/java/modular/makefile.in",
    writing "/home/travis/cg/ModularCodeGen4_A2_B1.mk"
Using ptolemy/cg/kernel/generic/program/procedural/java/modular/makefile.in
In "/home/travis/cg", about to execute:
    make -f ModularCodeGen4_A2_B1.mk
javac -classpath ".:.."    ModularCodeGen4_A2_B1.java
All Done
In "/home/travis/cg", about to execute:
    pwd
/home/travis/cg
In "/home/travis/cg", about to execute:
    ls -l
total 2048
drwxrwxr-x   3 travis travis  12288 Mar  5 13:44 AbsoluteValue
drwxrwxr-x   3 travis travis 102400 Mar  5 13:43 AllColt
drwxrwxr-x   3 travis travis  12288 Mar  5 13:44 Case1
-rw-rw-r--   1 travis travis   5128 Mar  5 13:49 CompiledCompositeActor_CompiledCompositeActor.class
-rw-rw-r--   1 travis travis   1611 Mar  5 13:49 CompiledCompositeActor_CompiledCompositeActor$_CompiledCompositeActor_CompiledCompositeActor.class
-rw-rw-r--   1 travis travis  13466 Mar  5 13:49 CompiledCompositeActor_CompiledCompositeActor.java
-rw-rw-r--   1 travis travis   1593 Mar  5 13:49 CompiledCompositeActor_CompiledCompositeActor.mk
drwxrwxr-x   5 travis travis   4096 Mar  5 13:43 fmi
drwxrwxr-x   3 travis travis  16384 Mar  5 13:44 Gaussian2
-rw-rw-r--   1 travis travis   4684 Mar  5 13:49 JavaCompiledCompositeTest1_CompiledCompositeActor.class
-rw-rw-r--   1 travis travis  11637 Mar  5 13:49 JavaCompiledCompositeTest1_CompiledCompositeActor.java
-rw-rw-r--   1 travis travis   1217 Mar  5 13:49 JavaCompiledCompositeTest1_CompiledCompositeActor$_JavaCompiledCompositeTest1_CompiledCompositeActor.class
-rw-rw-r--   1 travis travis   1625 Mar  5 13:49 JavaCompiledCompositeTest1_CompiledCompositeActor.mk
-rw-rw-r--   1 travis travis   5115 Mar  5 13:49 JavaCompiledCompositeTest2_CompiledCompositeActor.class
-rw-rw-r--   1 travis travis  14919 Mar  5 13:49 JavaCompiledCompositeTest2_CompiledCompositeActor.java
-rw-rw-r--   1 travis travis   1812 Mar  5 13:49 JavaCompiledCompositeTest2_CompiledCompositeActor$_JavaCompiledCompositeTest2_CompiledCompositeActor.class
-rw-rw-r--   1 travis travis   1625 Mar  5 13:49 JavaCompiledCompositeTest2_CompiledCompositeActor.mk
-rw-rw-r--   1 travis travis   4732 Mar  5 13:49 JavaCompiledCompositeTest3_CompiledCompositeActor.class
-rw-rw-r--   1 travis travis  13080 Mar  5 13:49 JavaCompiledCompositeTest3_CompiledCompositeActor.java
-rw-rw-r--   1 travis travis   1397 Mar  5 13:49 JavaCompiledCompositeTest3_CompiledCompositeActor$_JavaCompiledCompositeTest3_CompiledCompositeActor.class
-rw-rw-r--   1 travis travis   1625 Mar  5 13:49 JavaCompiledCompositeTest3_CompiledCompositeActor.mk
-rw-rw-r--   1 travis travis   4183 Mar  5 13:49 JavaCompiledCompositeTest4_CompiledCompositeActor.class
-rw-rw-r--   1 travis travis   9687 Mar  5 13:49 JavaCompiledCompositeTest4_CompiledCompositeActor.java
-rw-rw-r--   1 travis travis    876 Mar  5 13:49 JavaCompiledCompositeTest4_CompiledCompositeActor$_JavaCompiledCompositeTest4_CompiledCompositeActor.class
-rw-rw-r--   1 travis travis   1625 Mar  5 13:49 JavaCompiledCompositeTest4_CompiledCompositeActor.mk
drwxrwxr-x   3 travis travis  12288 Mar  5 13:45 LookupTable
drwxrwxr-x   3 travis travis  20480 Mar  5 13:45 MaxIndex
-rw-rw-r--   1 travis travis   3925 Mar  5 13:49 ModularCG_A1_B1.class
-rw-rw-r--   1 travis travis   9730 Mar  5 13:49 ModularCG_A1_B1.java
-rw-rw-r--   1 travis travis    832 Mar  5 13:49 ModularCG_A1_B1.mk
-rw-rw-r--   1 travis travis   1318 Mar  5 13:49 ModularCG_A1_B1_profile.class
-rw-rw-r--   1 travis travis   1262 Mar  5 13:49 ModularCG_A1_B1_profile.java
-rw-rw-r--   1 travis travis   3925 Mar  5 13:50 ModularCG_A1_B2.class
-rw-rw-r--   1 travis travis   9730 Mar  5 13:50 ModularCG_A1_B2.java
-rw-rw-r--   1 travis travis    832 Mar  5 13:50 ModularCG_A1_B2.mk
-rw-rw-r--   1 travis travis   1318 Mar  5 13:50 ModularCG_A1_B2_profile.class
-rw-rw-r--   1 travis travis   1262 Mar  5 13:49 ModularCG_A1_B2_profile.java
-rw-rw-r--   1 travis travis   5031 Mar  5 13:50 ModularCG_A1.class
-rw-rw-r--   1 travis travis  14742 Mar  5 13:50 ModularCG_A1.java
-rw-rw-r--   1 travis travis    808 Mar  5 13:50 ModularCG_A1.mk
-rw-rw-r--   1 travis travis   1433 Mar  5 13:50 ModularCG_A1_profile.class
-rw-rw-r--   1 travis travis   1704 Mar  5 13:50 ModularCG_A1_profile.java
-rw-rw-r--   1 travis travis   4059 Mar  5 13:50 ModularCG_A2_B1.class
-rw-rw-r--   1 travis travis  10667 Mar  5 13:50 ModularCG_A2_B1.java
-rw-rw-r--   1 travis travis    832 Mar  5 13:50 ModularCG_A2_B1.mk
-rw-rw-r--   1 travis travis   1381 Mar  5 13:50 ModularCG_A2_B1_profile.class
-rw-rw-r--   1 travis travis   1446 Mar  5 13:50 ModularCG_A2_B1_profile.java
-rw-rw-r--   1 travis travis   3925 Mar  5 13:50 ModularCG_A2_B2.class
-rw-rw-r--   1 travis travis   9730 Mar  5 13:50 ModularCG_A2_B2.java
-rw-rw-r--   1 travis travis    832 Mar  5 13:50 ModularCG_A2_B2.mk
-rw-rw-r--   1 travis travis   1318 Mar  5 13:50 ModularCG_A2_B2_profile.class
-rw-rw-r--   1 travis travis   1262 Mar  5 13:50 ModularCG_A2_B2_profile.java
-rw-rw-r--   1 travis travis   5102 Mar  5 13:50 ModularCG_A2.class
-rw-rw-r--   1 travis travis  15129 Mar  5 13:50 ModularCG_A2.java
-rw-rw-r--   1 travis travis    808 Mar  5 13:50 ModularCG_A2.mk
-rw-rw-r--   1 travis travis   1433 Mar  5 13:50 ModularCG_A2_profile.class
-rw-rw-r--   1 travis travis   1704 Mar  5 13:50 ModularCG_A2_profile.java
-rw-rw-r--   1 travis travis   3705 Mar  5 13:50 ModularCGPubSub_A1_A2.class
-rw-rw-r--   1 travis travis   9076 Mar  5 13:50 ModularCGPubSub_A1_A2.java
In "/home/travis/cg", about to execute:
-rw-rw-r--   1 travis travis    880 Mar  5 13:50 ModularCGPubSub_A1_A2.mk
-rw-rw-r--   1 travis travis   1300 Mar  5 13:50 ModularCGPubSub_A1_A2_profile.class
-rw-rw-r--   1 travis travis   1222 Mar  5 13:50 ModularCGPubSub_A1_A2_profile.java
-rw-rw-r--   1 travis travis   4022 Mar  5 13:50 ModularCGPubSub_A1.class
-rw-rw-r--   1 travis travis   9836 Mar  5 13:50 ModularCGPubSub_A1.java
-rw-rw-r--   1 travis travis    856 Mar  5 13:50 ModularCGPubSub_A1.mk
-rw-rw-r--   1 travis travis   1346 Mar  5 13:50 ModularCGPubSub_A1_profile.class
-rw-rw-r--   1 travis travis   1388 Mar  5 13:50 ModularCGPubSub_A1_profile.java
-rw-rw-r--   1 travis travis   4220 Mar  5 13:50 ModularCodeGen2_ModularCodeGenTypedCompositeActor.class
-rw-rw-r--   1 travis travis  11690 Mar  5 13:50 ModularCodeGen2_ModularCodeGenTypedCompositeActor.java
-rw-rw-r--   1 travis travis   1104 Mar  5 13:50 ModularCodeGen2_ModularCodeGenTypedCompositeActor.mk
-rw-rw-r--   1 travis travis   4504 Mar  5 13:50 ModularCodeGen2_ModularCodeGenTypedCompositeActor_ModularCodeGenTypedCompositeActor.class
-rw-rw-r--   1 travis travis  11790 Mar  5 13:50 ModularCodeGen2_ModularCodeGenTypedCompositeActor_ModularCodeGenTypedCompositeActor.java
-rw-rw-r--   1 travis travis   1376 Mar  5 13:50 ModularCodeGen2_ModularCodeGenTypedCompositeActor_ModularCodeGenTypedCompositeActor.mk
-rw-rw-r--   1 travis travis   1421 Mar  5 13:50 ModularCodeGen2_ModularCodeGenTypedCompositeActor_ModularCodeGenTypedCompositeActor_profile.class
-rw-rw-r--   1 travis travis   1294 Mar  5 13:50 ModularCodeGen2_ModularCodeGenTypedCompositeActor_ModularCodeGenTypedCompositeActor_profile.java
-rw-rw-r--   1 travis travis    820 Mar  5 13:50 ModularCodeGen2_ModularCodeGenTypedCompositeActor_profile.class
-rw-rw-r--   1 travis travis    693 Mar  5 13:50 ModularCodeGen2_ModularCodeGenTypedCompositeActor_profile.java
-rw-rw-r--   1 travis travis   3973 Mar  5 13:50 ModularCodeGen3_A1_B1.class
-rw-rw-r--   1 travis travis   9958 Mar  5 13:50 ModularCodeGen3_A1_B1.java
-rw-rw-r--   1 travis travis    880 Mar  5 13:50 ModularCodeGen3_A1_B1.mk
-rw-rw-r--   1 travis travis   1330 Mar  5 13:50 ModularCodeGen3_A1_B1_profile.class
-rw-rw-r--   1 travis travis   1274 Mar  5 13:50 ModularCodeGen3_A1_B1_profile.java
-rw-rw-r--   1 travis travis   3973 Mar  5 13:50 ModularCodeGen3_A1_B2.class
-rw-rw-r--   1 travis travis   9958 Mar  5 13:50 ModularCodeGen3_A1_B2.java
-rw-rw-r--   1 travis travis    880 Mar  5 13:50 ModularCodeGen3_A1_B2.mk
-rw-rw-r--   1 travis travis   1330 Mar  5 13:50 ModularCodeGen3_A1_B2_profile.class
-rw-rw-r--   1 travis travis   1274 Mar  5 13:50 ModularCodeGen3_A1_B2_profile.java
-rw-rw-r--   1 travis travis   5193 Mar  5 13:50 ModularCodeGen3_A1.class
-rw-rw-r--   1 travis travis  15564 Mar  5 13:50 ModularCodeGen3_A1.java
-rw-rw-r--   1 travis travis    856 Mar  5 13:50 ModularCodeGen3_A1.mk
-rw-rw-r--   1 travis travis   1445 Mar  5 13:50 ModularCodeGen3_A1_profile.class
-rw-rw-r--   1 travis travis   1716 Mar  5 13:50 ModularCodeGen3_A1_profile.java
-rw-rw-r--   1 travis travis   4119 Mar  5 13:50 ModularCodeGen3_A2_B1.class
    javac -classpath
.:/home/travis/build/icyphy/ptII:/home/travis/build/icyphy/ptII/lib/bsh-2.0b4.j
ar:/home/travis/build/icyphy/ptII/lib/ptCal.jar:/home/travis/build/icyphy/ptII/
lib/java_cup.jar:/home/travis/build/icyphy/ptII/lib/saxon8.jar:/home/travis/bui
ld/icyphy/ptII/lib/saxon8-dom.jar:/home/travis/build/icyphy/ptII/lib/chic.jar:/
home/travis/build/icyphy/ptII/lib/ptcolt.jar:/home/travis/build/icyphy/ptII/ven
dors/misc/itext/iText.jar:/home/travis/build/icyphy/ptII/lib/g4ltl.jar:/home/tr
avis/build/icyphy/ptII/lib/StructuralCoder.jar:/home/travis/build/icyphy/ptII/l
ib/jcerti.jar:/home/travis/build/icyphy/ptII/lib/javax.mail.jar:/home/travis/bu
ild/icyphy/ptII/vendors/JMF-2.1.1e/lib/jmf.jar:/home/travis/build/icyphy/ptII/l
ib/jna-4.0.0-variadic.jar:/home/travis/build/icyphy/ptII/vendors/misc/joystick/
Joystick.jar:/home/travis/build/icyphy/ptII/lib/ptjacl.jar:/home/travis/build/i
cyphy/ptII/lib/jsoup-1.8.2.jar:/home/travis/build/icyphy/ptII/lib/junit-4.8.2.j
ar:/home/travis/build/icyphy/ptII/lib/JUnitParams-0.4.0.jar:/home/travis/build/
icyphy/ptII/ptolemy/actor/lib/excel/jxl.jar:/home/travis/build/icyphy/ptII/lib/
jython.jar:/home/travis/build/icyphy/ptII/lib/kieler.jar:/home/travis/build/icy
phy/ptII/vendors/opencv/share/OpenCV/java/opencv-341.jar:/home/travis/build/icy
phy/ptII/lib/oscP5.jar:/home/travis/build/icyphy/ptII/lib/nrjavaserial-3.11.0.d
evel.jar:/home/travis/build/icyphy/ptII/vendors/j3d/lib/Linux/j3dcore.jar:/home
/travis/build/icyphy/ptII/vendors/j3d/lib/Linux/j3dutils.jar:/home/travis/build
/icyphy/ptII/vendors/j3d/lib/Linux/vecmath.jar:/home/travis/build/icyphy/ptII/v
endors/jogl/lib/Linux/gluegen-rt-natives-linux-amd64.jar:/home/travis/build/icy
phy/ptII/vendors/jogl/lib/Linux/gluegen-rt.jar:/home/travis/build/icyphy/ptII/v
endors/jogl/lib/Linux/jogl-all-natives-linux-amd64.jar:/home/travis/build/icyph
y/ptII/vendors/jogl/lib/Linux/jogl-all.jar:/home/travis/build/icyphy/ptII/ptole
my/distributed/jini/jar/jini-core.jar:/home/travis/build/icyphy/ptII/ptolemy/di
stributed/jini/jar/jini-ext.jar:/home/travis/build/icyphy/ptII/ptolemy/distribu
ted/jini/jar/sun-util.jar:/home/travis/build/icyphy/ptII/lib/protobuf-java-2.4.
1.jar:/home/travis/build/icyphy/ptII/lib/org.eclipse.paho.client.mqttv3.jar:/ho
me/travis/build/icyphy/ptII/lib/mapss.jar:/home/travis/build/icyphy/ptII/ptolem
y/actor/ptalon/antlr/antlr.jar:/home/travis/build/icyphy/ptII/lib/JRI.jar:/home
/travis/build/icyphy/ptII/lib/commons-lang-2.6.jar:/home/travis/build/icyphy/pt
II/lib/commons-logging-1.1.1.jar:/home/travis/build/icyphy/ptII/lib/sootclasses
.jar:/home/travis/build/icyphy/ptII/ptolemy/actor/lib/database/mysql-connector-
java-5.1.6-bin.jar:/home/travis/build/icyphy/ptII/vendors/misc/sphinx4/sphinx4-
data-5prealpha.jar:/home/travis/build/icyphy/ptII/vendors/misc/sphinx4/sphinx4-
core-5prealpha.jar:/home/travis/build/icyphy/ptII/lib/PDFRenderer.jar:/home/tra
vis/build/icyphy/ptII/lib/svgSalamander.jar:/home/travis/build/icyphy/ptII/lib/
rsyntaxtextarea-2.6.0-SNAPSHOT.jar:/home/travis/build/icyphy/ptII/lib/hazelcast
-3.8.2.jar:/home/travis/build/icyphy/ptII/lib/jackson-annotations-2.9.0.jar:/ho
me/travis/build/icyphy/ptII/lib/jackson-core-2.9.3.jar:/home/travis/build/icyph
y/ptII/lib/jackson-databind-2.9.3.jar:/home/travis/build/icyphy/ptII/lib/netty-
buffer-4.1.19.Final.jar:/home/travis/build/icyphy/ptII/lib/netty-codec-4.1.19.F
inal.jar:/home/travis/build/icyphy/ptII/lib/netty-codec-dns-4.1.19.Final.jar:/h
ome/travis/build/icyphy/ptII/lib/netty-codec-http-4.1.19.Final.jar:/home/travis
/build/icyphy/ptII/lib/netty-codec-http2-4.1.19.Final.jar:/home/travis/build/ic
yphy/ptII/lib/netty-common-4.1.19.Final.jar:/home/travis/build/icyphy/ptII/lib/
netty-handler-4.1.19.Final.jar:/home/travis/build/icyphy/ptII/lib/netty-resolve
r-4.1.19.Final.jar:/home/travis/build/icyphy/ptII/lib/netty-resolver-dns-4.1.19
.Final.jar:/home/travis/build/icyphy/ptII/lib/netty-transport-4.1.19.Final.jar:
/home/travis/build/icyphy/ptII/lib/vertx-codegen-3.5.1.jar:/home/travis/build/i
cyphy/ptII/lib/vertx-core-3.5.2-SNAPSHOT.jar:/home/travis/build/icyphy/ptII/lib
/vertx-hazelcast-3.5.1.jar:/home/travis/build/icyphy/ptII/lib/vertx-lang-js-3.5
.1.jar:/home/travis/build/icyphy/ptII/lib/vertx-service-proxy-3.5.1.jar:/home/t
ravis/build/icyphy/ptII/lib/vertx-web-3.5.1.jar:/home/travis/build/icyphy/ptII/
lib/slf4j-api-1.7.13.jar:/home/travis/build/icyphy/ptII/lib/slf4j-simple-1.7.13
.jar:/home/travis/build/icyphy/ptII/lib/webcam-capture-0.3.12.jar:/home/travis/
build/icyphy/ptII/lib/bridj-0.7.0.jar:/home/travis/build/icyphy/ptII/lib/xbjlib
-1.1.0.nrjavaserial.jar:/home/travis/build/icyphy/ptII/ptolemy/moml/test:/home/
travis/build/icyphy/ptII/ant/lib/ant-launcher.jar:/home/travis/build/icyphy/ptI
I/ant/lib/ant.jar:/home/travis/build/icyphy/ptII/ant/lib/ant-junit.jar:/home/tr
avis/build/icyphy/ptII/ant/lib/ant-junit4.jar:/home/travis/build/icyphy/ptII
ModularCodeGen4_A2_B2_profile.java
-rw-rw-r--   1 travis travis  10955 Mar  5 13:50 ModularCodeGen3_A2_B1.java
-rw-rw-r--   1 travis travis    880 Mar  5 13:50 ModularCodeGen3_A2_B1.mk
-rw-rw-r--   1 travis travis   1393 Mar  5 13:50 ModularCodeGen3_A2_B1_profile.class
-rw-rw-r--   1 travis travis   1458 Mar  5 13:50 ModularCodeGen3_A2_B1_profile.java
-rw-rw-r--   1 travis travis   3973 Mar  5 13:50 ModularCodeGen3_A2_B2.class
-rw-rw-r--   1 travis travis   9958 Mar  5 13:50 ModularCodeGen3_A2_B2.java
-rw-rw-r--   1 travis travis    880 Mar  5 13:50 ModularCodeGen3_A2_B2.mk
-rw-rw-r--   1 travis travis   1330 Mar  5 13:50 ModularCodeGen3_A2_B2_profile.class
-rw-rw-r--   1 travis travis   1274 Mar  5 13:50 ModularCodeGen3_A2_B2_profile.java
-rw-rw-r--   1 travis travis   5270 Mar  5 13:50 ModularCodeGen3_A2.class
-rw-rw-r--   1 travis travis  15957 Mar  5 13:50 ModularCodeGen3_A2.java
-rw-rw-r--   1 travis travis    856 Mar  5 13:50 ModularCodeGen3_A2.mk
-rw-rw-r--   1 travis travis   1445 Mar  5 13:50 ModularCodeGen3_A2_profile.class
-rw-rw-r--   1 travis travis   1716 Mar  5 13:50 ModularCodeGen3_A2_profile.java
-rw-rw-r--   1 travis travis   4026 Mar  5 13:50 ModularCodeGen4_A1_B1.class
-rw-rw-r--   1 travis travis  10312 Mar  5 13:50 ModularCodeGen4_A1_B1.java
-rw-rw-r--   1 travis travis    880 Mar  5 13:50 ModularCodeGen4_A1_B1.mk
-rw-rw-r--   1 travis travis   1330 Mar  5 13:50 ModularCodeGen4_A1_B1_profile.class
-rw-rw-r--   1 travis travis   1273 Mar  5 13:50 ModularCodeGen4_A1_B1_profile.java
-rw-rw-r--   1 travis travis   4026 Mar  5 13:50 ModularCodeGen4_A1_B2.class
-rw-rw-r--   1 travis travis  10312 Mar  5 13:50 ModularCodeGen4_A1_B2.java
-rw-rw-r--   1 travis travis    880 Mar  5 13:50 ModularCodeGen4_A1_B2.mk
-rw-rw-r--   1 travis travis   1330 Mar  5 13:50 ModularCodeGen4_A1_B2_profile.class
-rw-rw-r--   1 travis travis   1273 Mar  5 13:50 ModularCodeGen4_A1_B2_profile.java
-rw-rw-r--   1 travis travis   5333 Mar  5 13:50 ModularCodeGen4_A1.class
-rw-rw-r--   1 travis travis  16245 Mar  5 13:50 ModularCodeGen4_A1.java
-rw-rw-r--   1 travis travis    856 Mar  5 13:50 ModularCodeGen4_A1.mk
-rw-rw-r--   1 travis travis   1445 Mar  5 13:50 ModularCodeGen4_A1_profile.class
-rw-rw-r--   1 travis travis   1712 Mar  5 13:50 ModularCodeGen4_A1_profile.java
-rw-rw-r--   1 travis travis   4220 Mar  5 13:50 ModularCodeGen4_A2_B1.class
-rw-rw-r--   1 travis travis  11375 Mar  5 13:50 ModularCodeGen4_A2_B1.java
-rw-rw-r--   1 travis travis    880 Mar  5 13:50 ModularCodeGen4_A2_B1.mk
-rw-rw-r--   1 travis travis   1393 Mar  5 13:50 ModularCodeGen4_A2_B1_profile.class
-rw-rw-r--   1 travis travis   1454 Mar  5 13:50 ModularCodeGen4_A2_B1_profile.java
-rw-rw-r--   1 travis travis   1270 Mar  5 13:50 ModularCodeGen4_A2_B2_profile.java
-rw-rw-r--   1 travis travis   4186 Mar  5 13:50 ModularCodeGen_ModularCodeGenTypedCompositeActor.class
-rw-rw-r--   1 travis travis  10970 Mar  5 13:50 ModularCodeGen_ModularCodeGenTypedCompositeActor.java
-rw-rw-r--   1 travis travis   1096 Mar  5 13:50 ModularCodeGen_ModularCodeGenTypedCompositeActor.mk
-rw-rw-r--   1 travis travis   1384 Mar  5 13:50 ModularCodeGen_ModularCodeGenTypedCompositeActor_profile.class
-rw-rw-r--   1 travis travis   1328 Mar  5 13:50 ModularCodeGen_ModularCodeGenTypedCompositeActor_profile.java
-rw-rw-r--   1 travis travis   3724 Mar  5 13:49 ModularCodeGenTest_A1_A2.class
-rw-rw-r--   1 travis travis   9164 Mar  5 13:49 ModularCodeGenTest_A1_A2.java
-rw-rw-r--   1 travis travis   1306 Mar  5 13:49 ModularCodeGenTest_A1_A2_profile.class
-rw-rw-r--   1 travis travis   4055 Mar  5 13:49 ModularCodeGenTest_A1.class
-rw-rw-r--   1 travis travis   9968 Mar  5 13:49 ModularCodeGenTest_A1.java
-rw-rw-r--   1 travis travis    880 Mar  5 13:49 ModularCodeGenTest_A1.mk
-rw-rw-r--   1 travis travis   1352 Mar  5 13:49 ModularCodeGenTest_A1_profile.class
-rw-rw-r--   1 travis travis   1394 Mar  5 13:49 ModularCodeGenTest_A1_profile.java
drwxrwxr-x   3 travis travis  32768 Mar  5 13:49 modulation2
drwxrwxr-x 166 travis travis  12288 Mar  5 13:49 node_modules
drwxrwxr-x   3 travis travis  20480 Mar  5 13:45 PhaseUnwrap
drwxrwxr-x   3 travis travis  12288 Mar  5 13:45 ReadFile1
-rw-rw-r--   1 travis travis     11 Mar  5 13:45 ReadFile1Output.txt
-rw-rw-r--   1 travis travis  13773 Mar  5 13:49 Repeat.class
-rw-rw-r--   1 travis travis    685 Mar  5 13:49 Repeat$_fireFunction_Repeat_Repeat$__f_sL_11.class
-rw-rw-r--   1 travis travis    541 Mar  5 13:49 Repeat$_fireFunction_Repeat_Repeat$__f_sL_12.class
-rw-rw-r--   1 travis travis    541 Mar  5 13:49 Repeat$_fireFunction_Repeat_Repeat$__f_sL_13.class
-rw-rw-r--   1 travis travis    541 Mar  5 13:49 Repeat$_fireFunction_Repeat_Repeat$__f_sL_14.class
-rw-rw-r--   1 travis travis    684 Mar  5 13:49 Repeat$_fireFunction_Repeat_Repeat$__f_sL_1.class
-rw-rw-r--   1 travis travis    683 Mar  5 13:49 Repeat$_fireFunction_Repeat_Repeat$__f_sL_4.class
-rw-rw-r--   1 travis travis    539 Mar  5 13:49 Repeat$_fireFunction_Repeat_Repeat$__f_sL_9.class
-rw-rw-r--   1 travis travis    494 Mar  5 13:49 Repeat$_initialize_Repeat$__i_sL_2.class
-rw-rw-r--   1 travis travis   1281 Mar  5 13:49 Repeat.mk
-rw-rw-r--   1 travis travis    539 Mar  5 13:49 Repeat$_preinitializeMethod_Repeat$__p_sL_0.class
-rw-rw-r--   1 travis travis   1102 Mar  5 13:49 Repeat$_Repeat$_fireFunction_Repeat_AddSubtract_Repeat.class
-rw-rw-r--   1 travis travis    810 Mar  5 13:49 Repeat$_Repeat$_fireFunction_Repeat_AddSubtract_Repeat$__f_sL_0.class
-rw-rw-r--   1 travis travis    928 Mar  5 13:49 Repeat$_Repeat$_fireFunction_Repeat_AddSubtract_Repeat$__f_sL_1.class
-rw-rw-r--   1 travis travis    934 Mar  5 13:49 Repeat$_Repeat$_fireFunction_Repeat_AddSubtract_Repeat$__f_sL_2.class
-rw-rw-r--   1 travis travis    862 Mar  5 13:49 Repeat$_Repeat$_fireFunction_Repeat_AddSubtract_Repeat$__f_sL_3.class
-rw-rw-r--   1 travis travis    757 Mar  5 13:49 Repeat$_Repeat$_fireFunction_Repeat_Ramp2_Repeat$__f_sL_0.class
-rw-rw-r--   1 travis travis    888 Mar  5 13:49 Repeat$_Repeat$_fireFunction_Repeat_Test_Repeat$__f_sL_0.class
-rw-rw-r--   1 travis travis    634 Mar  5 13:49 Repeat$_Repeat$_fireFunction_Repeat_Test_Repeat$__f_sL_1.class
-rw-rw-r--   1 travis travis    704 Mar  5 13:49 Repeat$_Repeat_SDF_Director_run_Repeat$__R_sL_0.class
-rw-rw-r--   1 travis travis    705 Mar  5 13:49 Repeat$_Repeat_SDF_Director_run_Repeat$__R_sL_11.class
-rw-rw-r--   1 travis travis    561 Mar  5 13:49 Repeat$_Repeat_SDF_Director_run_Repeat$__R_sL_13.class
-rw-rw-r--   1 travis travis    559 Mar  5 13:49 Repeat$_Repeat_SDF_Director_run_Repeat$__R_sL_2.class
-rw-rw-r--   1 travis travis    703 Mar  5 13:49 Repeat$_Repeat_SDF_Director_run_Repeat$__R_sL_3.class
-rw-rw-r--   1 travis travis    559 Mar  5 13:49 Repeat$_Repeat_SDF_Director_run_Repeat$__R_sL_5.class
-rw-rw-r--   1 travis travis    559 Mar  5 13:49 Repeat$_Repeat_SDF_Director_run_Repeat$__R_sL_8.class
drwxrwxr-x   2 travis travis   4096 Mar  5 13:49 RepeatVariables
-rw-rw-r--   1 travis travis    882 Mar  5 13:49 Repeat$_varinit_Repeat.class
-rw-rw-r--   1 travis travis    550 Mar  5 13:49 Repeat$_varinit_Repeat$__v_sL_2.class
-rw-rw-r--   1 travis travis    924 Mar  5 13:49 Repeat$_varinit_Repeat$__v_sL_4.class
-rw-rw-r--   1 travis travis    978 Mar  5 13:49 Repeat$_wrapup_Repeat$__w_sL_1.class
drwxrwxr-x   3 travis travis  20480 Mar  5 13:46 Sinewave
drwxrwxr-x   3 travis travis  32768 Mar  5 13:47 StringFunction
drwxrwxr-x   3 travis travis  12288 Mar  5 13:47 StringLength
drwxrwxr-x   3 travis travis  61440 Mar  5 13:47 StringMatches2
drwxrwxr-x   3 travis travis  61440 Mar  5 13:48 StringSimpleReplace
drwxrwxr-x   3 travis travis  65536 Mar  5 13:48 StringSubstring
drwxrwxr-x   3 travis travis  24576 Mar  5 13:48 StringSubstring2
drwxrwxr-x   3 travis travis  16384 Mar  5 13:49 time1
drwxrwxr-x   3 travis travis  12288 Mar  5 13:49 time5
-rw-rw-r--   1 travis travis    432 Mar  5 13:50 Token.class
-rw-rw-r--   1 travis travis    251 Mar  5 13:50 Token.java
-rwxrwxr-x   1 travis travis 466992 Mar  5 13:43 top
-rw-rw-r--   1 travis travis  20502 Mar  5 13:43 top.c
-rw-rw-r--   1 travis travis   3799 Mar  5 13:49 top.class
-rw-rw-r--   1 travis travis   1257 Mar  5 13:49 top.mk
All Done
Writing ModularCodeGen4_A2_B2.java in file:/home/travis/cg/ (10378 characters)
Reading "ptolemy/cg/kernel/generic/program/procedural/java/modular/makefile.in",
    writing "/home/travis/cg/ModularCodeGen4_A2_B2.mk"
Using ptolemy/cg/kernel/generic/program/procedural/java/modular/makefile.in
In "/home/travis/cg", about to execute:
    make -f ModularCodeGen4_A2_B2.mk
javac -classpath ".:.."    ModularCodeGen4_A2_B2.java
All Done
In "/home/travis/cg", about to execute:
    pwd
In "/home/travis/cg", about to execute:
    ls -l
/home/travis/cg
In "/home/travis/cg", about to execute:
    javac -classpath
.:/home/travis/build/icyphy/ptII:/home/travis/build/icyphy/ptII/lib/bsh-2.0b4.j
ar:/home/travis/build/icyphy/ptII/lib/ptCal.jar:/home/travis/build/icyphy/ptII/
lib/java_cup.jar:/home/travis/build/icyphy/ptII/lib/saxon8.jar:/home/travis/bui
ld/icyphy/ptII/lib/saxon8-dom.jar:/home/travis/build/icyphy/ptII/lib/chic.jar:/
home/travis/build/icyphy/ptII/lib/ptcolt.jar:/home/travis/build/icyphy/ptII/ven
dors/misc/itext/iText.jar:/home/travis/build/icyphy/ptII/lib/g4ltl.jar:/home/tr
avis/build/icyphy/ptII/lib/StructuralCoder.jar:/home/travis/build/icyphy/ptII/l
ib/jcerti.jar:/home/travis/build/icyphy/ptII/lib/javax.mail.jar:/home/travis/bu
ild/icyphy/ptII/vendors/JMF-2.1.1e/lib/jmf.jar:/home/travis/build/icyphy/ptII/l
ib/jna-4.0.0-variadic.jar:/home/travis/build/icyphy/ptII/vendors/misc/joystick/
Joystick.jar:/home/travis/build/icyphy/ptII/lib/ptjacl.jar:/home/travis/build/i
cyphy/ptII/lib/jsoup-1.8.2.jar:/home/travis/build/icyphy/ptII/lib/junit-4.8.2.j
ar:/home/travis/build/icyphy/ptII/lib/JUnitParams-0.4.0.jar:/home/travis/build/
icyphy/ptII/ptolemy/actor/lib/excel/jxl.jar:/home/travis/build/icyphy/ptII/lib/
jython.jar:/home/travis/build/icyphy/ptII/lib/kieler.jar:/home/travis/build/icy
phy/ptII/vendors/opencv/share/OpenCV/java/opencv-341.jar:/home/travis/build/icy
phy/ptII/lib/oscP5.jar:/home/travis/build/icyphy/ptII/lib/nrjavaserial-3.11.0.d
evel.jar:/home/travis/build/icyphy/ptII/vendors/j3d/lib/Linux/j3dcore.jar:/home
/travis/build/icyphy/ptII/vendors/j3d/lib/Linux/j3dutils.jar:/home/travis/build
/icyphy/ptII/vendors/j3d/lib/Linux/vecmath.jar:/home/travis/build/icyphy/ptII/v
endors/jogl/lib/Linux/gluegen-rt-natives-linux-amd64.jar:/home/travis/build/icy
phy/ptII/vendors/jogl/lib/Linux/gluegen-rt.jar:/home/travis/build/icyphy/ptII/v
endors/jogl/lib/Linux/jogl-all-natives-linux-amd64.jar:/home/travis/build/icyph
y/ptII/vendors/jogl/lib/Linux/jogl-all.jar:/home/travis/build/icyphy/ptII/ptole
my/distributed/jini/jar/jini-core.jar:/home/travis/build/icyphy/ptII/ptolemy/di
stributed/jini/jar/jini-ext.jar:/home/travis/build/icyphy/ptII/ptolemy/distribu
ted/jini/jar/sun-util.jar:/home/travis/build/icyphy/ptII/lib/protobuf-java-2.4.
1.jar:/home/travis/build/icyphy/ptII/lib/org.eclipse.paho.client.mqttv3.jar:/ho
me/travis/build/icyphy/ptII/lib/mapss.jar:/home/travis/build/icyphy/ptII/ptolem
y/actor/ptalon/antlr/antlr.jar:/home/travis/build/icyphy/ptII/lib/JRI.jar:/home
/travis/build/icyphy/ptII/lib/commons-lang-2.6.jar:/home/travis/build/icyphy/pt
II/lib/commons-logging-1.1.1.jar:/home/travis/build/icyphy/ptII/lib/sootclasses
.jar:/home/travis/build/icyphy/ptII/ptolemy/actor/lib/database/mysql-connector-
java-5.1.6-bin.jar:/home/travis/build/icyphy/ptII/vendors/misc/sphinx4/sphinx4-
data-5prealpha.jar:/home/travis/build/icyphy/ptII/vendors/misc/sphinx4/sphinx4-
core-5prealpha.jar:/home/travis/build/icyphy/ptII/lib/PDFRenderer.jar:/home/tra
vis/build/icyphy/ptII/lib/svgSalamander.jar:/home/travis/build/icyphy/ptII/lib/
rsyntaxtextarea-2.6.0-SNAPSHOT.jar:/home/travis/build/icyphy/ptII/lib/hazelcast
-3.8.2.jar:/home/travis/build/icyphy/ptII/lib/jackson-annotations-2.9.0.jar:/ho
me/travis/build/icyphy/ptII/lib/jackson-core-2.9.3.jar:/home/travis/build/icyph
y/ptII/lib/jackson-databind-2.9.3.jar:/home/travis/build/icyphy/ptII/lib/netty-
buffer-4.1.19.Final.jar:/home/travis/build/icyphy/ptII/lib/netty-codec-4.1.19.F
inal.jar:/home/travis/build/icyphy/ptII/lib/netty-codec-dns-4.1.19.Final.jar:/h
ome/travis/build/icyphy/ptII/lib/netty-codec-http-4.1.19.Final.jar:/home/travis
/build/icyphy/ptII/lib/netty-codec-http2-4.1.19.Final.jar:/home/travis/build/ic
yphy/ptII/lib/netty-common-4.1.19.Final.jar:/home/travis/build/icyphy/ptII/lib/
netty-handler-4.1.19.Final.jar:/home/travis/build/icyphy/ptII/lib/netty-resolve
r-4.1.19.Final.jar:/home/travis/build/icyphy/ptII/lib/netty-resolver-dns-4.1.19
.Final.jar:/home/travis/build/icyphy/ptII/lib/netty-transport-4.1.19.Final.jar:
/home/travis/build/icyphy/ptII/lib/vertx-codegen-3.5.1.jar:/home/travis/build/i
cyphy/ptII/lib/vertx-core-3.5.2-SNAPSHOT.jar:/home/travis/build/icyphy/ptII/lib
/vertx-hazelcast-3.5.1.jar:/home/travis/build/icyphy/ptII/lib/vertx-lang-js-3.5
.1.jar:/home/travis/build/icyphy/ptII/lib/vertx-service-proxy-3.5.1.jar:/home/t
ravis/build/icyphy/ptII/lib/vertx-web-3.5.1.jar:/home/travis/build/icyphy/ptII/
lib/slf4j-api-1.7.13.jar:/home/travis/build/icyphy/ptII/lib/slf4j-simple-1.7.13
.jar:/home/travis/build/icyphy/ptII/lib/webcam-capture-0.3.12.jar:/home/travis/
build/icyphy/ptII/lib/bridj-0.7.0.jar:/home/travis/build/icyphy/ptII/lib/xbjlib
-1.1.0.nrjavaserial.jar:/home/travis/build/icyphy/ptII/ptolemy/moml/test:/home/
travis/build/icyphy/ptII/ant/lib/ant-launcher.jar:/home/travis/build/icyphy/ptI
I/ant/lib/ant.jar:/home/travis/build/icyphy/ptII/ant/lib/ant-junit.jar:/home/tr
avis/build/icyphy/ptII/ant/lib/ant-junit4.jar:/home/travis/build/icyphy/ptII
ModularCodeGen4_A2_profile.java
total 2076
drwxrwxr-x   3 travis travis  12288 Mar  5 13:44 AbsoluteValue
drwxrwxr-x   3 travis travis 102400 Mar  5 13:43 AllColt
drwxrwxr-x   3 travis travis  12288 Mar  5 13:44 Case1
-rw-rw-r--   1 travis travis   5128 Mar  5 13:49 CompiledCompositeActor_CompiledCompositeActor.class
-rw-rw-r--   1 travis travis   1611 Mar  5 13:49 CompiledCompositeActor_CompiledCompositeActor$_CompiledCompositeActor_CompiledCompositeActor.class
-rw-rw-r--   1 travis travis  13466 Mar  5 13:49 CompiledCompositeActor_CompiledCompositeActor.java
-rw-rw-r--   1 travis travis   1593 Mar  5 13:49 CompiledCompositeActor_CompiledCompositeActor.mk
drwxrwxr-x   5 travis travis   4096 Mar  5 13:43 fmi
drwxrwxr-x   3 travis travis  16384 Mar  5 13:44 Gaussian2
-rw-rw-r--   1 travis travis   4684 Mar  5 13:49 JavaCompiledCompositeTest1_CompiledCompositeActor.class
-rw-rw-r--   1 travis travis  11637 Mar  5 13:49 JavaCompiledCompositeTest1_CompiledCompositeActor.java
-rw-rw-r--   1 travis travis   1217 Mar  5 13:49 JavaCompiledCompositeTest1_CompiledCompositeActor$_JavaCompiledCompositeTest1_CompiledCompositeActor.class
-rw-rw-r--   1 travis travis   1625 Mar  5 13:49 JavaCompiledCompositeTest1_CompiledCompositeActor.mk
-rw-rw-r--   1 travis travis   5115 Mar  5 13:49 JavaCompiledCompositeTest2_CompiledCompositeActor.class
-rw-rw-r--   1 travis travis  14919 Mar  5 13:49 JavaCompiledCompositeTest2_CompiledCompositeActor.java
-rw-rw-r--   1 travis travis   1812 Mar  5 13:49 JavaCompiledCompositeTest2_CompiledCompositeActor$_JavaCompiledCompositeTest2_CompiledCompositeActor.class
-rw-rw-r--   1 travis travis   1625 Mar  5 13:49 JavaCompiledCompositeTest2_CompiledCompositeActor.mk
-rw-rw-r--   1 travis travis   4732 Mar  5 13:49 JavaCompiledCompositeTest3_CompiledCompositeActor.class
-rw-rw-r--   1 travis travis  13080 Mar  5 13:49 JavaCompiledCompositeTest3_CompiledCompositeActor.java
-rw-rw-r--   1 travis travis   1397 Mar  5 13:49 JavaCompiledCompositeTest3_CompiledCompositeActor$_JavaCompiledCompositeTest3_CompiledCompositeActor.class
-rw-rw-r--   1 travis travis   1625 Mar  5 13:49 JavaCompiledCompositeTest3_CompiledCompositeActor.mk
-rw-rw-r--   1 travis travis   4183 Mar  5 13:49 JavaCompiledCompositeTest4_CompiledCompositeActor.class
-rw-rw-r--   1 travis travis   9687 Mar  5 13:49 JavaCompiledCompositeTest4_CompiledCompositeActor.java
-rw-rw-r--   1 travis travis    876 Mar  5 13:49 JavaCompiledCompositeTest4_CompiledCompositeActor$_JavaCompiledCompositeTest4_CompiledCompositeActor.class
-rw-rw-r--   1 travis travis   1625 Mar  5 13:49 JavaCompiledCompositeTest4_CompiledCompositeActor.mk
drwxrwxr-x   3 travis travis  12288 Mar  5 13:45 LookupTable
drwxrwxr-x   3 travis travis  20480 Mar  5 13:45 MaxIndex
-rw-rw-r--   1 travis travis   3925 Mar  5 13:49 ModularCG_A1_B1.class
-rw-rw-r--   1 travis travis   9730 Mar  5 13:49 ModularCG_A1_B1.java
-rw-rw-r--   1 travis travis    832 Mar  5 13:49 ModularCG_A1_B1.mk
-rw-rw-r--   1 travis travis   1318 Mar  5 13:49 ModularCG_A1_B1_profile.class
-rw-rw-r--   1 travis travis   1262 Mar  5 13:49 ModularCG_A1_B1_profile.java
-rw-rw-r--   1 travis travis   3925 Mar  5 13:50 ModularCG_A1_B2.class
-rw-rw-r--   1 travis travis   9730 Mar  5 13:50 ModularCG_A1_B2.java
-rw-rw-r--   1 travis travis    832 Mar  5 13:50 ModularCG_A1_B2.mk
-rw-rw-r--   1 travis travis   1318 Mar  5 13:50 ModularCG_A1_B2_profile.class
-rw-rw-r--   1 travis travis   1262 Mar  5 13:49 ModularCG_A1_B2_profile.java
-rw-rw-r--   1 travis travis   5031 Mar  5 13:50 ModularCG_A1.class
-rw-rw-r--   1 travis travis  14742 Mar  5 13:50 ModularCG_A1.java
-rw-rw-r--   1 travis travis    808 Mar  5 13:50 ModularCG_A1.mk
-rw-rw-r--   1 travis travis   1433 Mar  5 13:50 ModularCG_A1_profile.class
-rw-rw-r--   1 travis travis   1704 Mar  5 13:50 ModularCG_A1_profile.java
-rw-rw-r--   1 travis travis   4059 Mar  5 13:50 ModularCG_A2_B1.class
-rw-rw-r--   1 travis travis  10667 Mar  5 13:50 ModularCG_A2_B1.java
-rw-rw-r--   1 travis travis    832 Mar  5 13:50 ModularCG_A2_B1.mk
-rw-rw-r--   1 travis travis   1381 Mar  5 13:50 ModularCG_A2_B1_profile.class
-rw-rw-r--   1 travis travis   1446 Mar  5 13:50 ModularCG_A2_B1_profile.java
-rw-rw-r--   1 travis travis   3925 Mar  5 13:50 ModularCG_A2_B2.class
-rw-rw-r--   1 travis travis   9730 Mar  5 13:50 ModularCG_A2_B2.java
-rw-rw-r--   1 travis travis    832 Mar  5 13:50 ModularCG_A2_B2.mk
-rw-rw-r--   1 travis travis   1318 Mar  5 13:50 ModularCG_A2_B2_profile.class
-rw-rw-r--   1 travis travis   1262 Mar  5 13:50 ModularCG_A2_B2_profile.java
-rw-rw-r--   1 travis travis   5102 Mar  5 13:50 ModularCG_A2.class
-rw-rw-r--   1 travis travis  15129 Mar  5 13:50 ModularCG_A2.java
-rw-rw-r--   1 travis travis    808 Mar  5 13:50 ModularCG_A2.mk
-rw-rw-r--   1 travis travis   1433 Mar  5 13:50 ModularCG_A2_profile.class
-rw-rw-r--   1 travis travis   1704 Mar  5 13:50 ModularCG_A2_profile.java
-rw-rw-r--   1 travis travis   3705 Mar  5 13:50 ModularCGPubSub_A1_A2.class
-rw-rw-r--   1 travis travis   9076 Mar  5 13:50 ModularCGPubSub_A1_A2.java
-rw-rw-r--   1 travis travis    880 Mar  5 13:50 ModularCGPubSub_A1_A2.mk
-rw-rw-r--   1 travis travis   1300 Mar  5 13:50 ModularCGPubSub_A1_A2_profile.class
-rw-rw-r--   1 travis travis   1222 Mar  5 13:50 ModularCGPubSub_A1_A2_profile.java
-rw-rw-r--   1 travis travis   4022 Mar  5 13:50 ModularCGPubSub_A1.class
-rw-rw-r--   1 travis travis   9836 Mar  5 13:50 ModularCGPubSub_A1.java
-rw-rw-r--   1 travis travis    856 Mar  5 13:50 ModularCGPubSub_A1.mk
-rw-rw-r--   1 travis travis   1346 Mar  5 13:50 ModularCGPubSub_A1_profile.class
-rw-rw-r--   1 travis travis   1388 Mar  5 13:50 ModularCGPubSub_A1_profile.java
-rw-rw-r--   1 travis travis   4220 Mar  5 13:50 ModularCodeGen2_ModularCodeGenTypedCompositeActor.class
-rw-rw-r--   1 travis travis  11690 Mar  5 13:50 ModularCodeGen2_ModularCodeGenTypedCompositeActor.java
-rw-rw-r--   1 travis travis   1104 Mar  5 13:50 ModularCodeGen2_ModularCodeGenTypedCompositeActor.mk
-rw-rw-r--   1 travis travis   4504 Mar  5 13:50 ModularCodeGen2_ModularCodeGenTypedCompositeActor_ModularCodeGenTypedCompositeActor.class
-rw-rw-r--   1 travis travis  11790 Mar  5 13:50 ModularCodeGen2_ModularCodeGenTypedCompositeActor_ModularCodeGenTypedCompositeActor.java
-rw-rw-r--   1 travis travis   1376 Mar  5 13:50 ModularCodeGen2_ModularCodeGenTypedCompositeActor_ModularCodeGenTypedCompositeActor.mk
-rw-rw-r--   1 travis travis   1421 Mar  5 13:50 ModularCodeGen2_ModularCodeGenTypedCompositeActor_ModularCodeGenTypedCompositeActor_profile.class
-rw-rw-r--   1 travis travis   1294 Mar  5 13:50 ModularCodeGen2_ModularCodeGenTypedCompositeActor_ModularCodeGenTypedCompositeActor_profile.java
-rw-rw-r--   1 travis travis    820 Mar  5 13:50 ModularCodeGen2_ModularCodeGenTypedCompositeActor_profile.class
-rw-rw-r--   1 travis travis    693 Mar  5 13:50 ModularCodeGen2_ModularCodeGenTypedCompositeActor_profile.java
-rw-rw-r--   1 travis travis   3973 Mar  5 13:50 ModularCodeGen3_A1_B1.class
-rw-rw-r--   1 travis travis   9958 Mar  5 13:50 ModularCodeGen3_A1_B1.java
-rw-rw-r--   1 travis travis    880 Mar  5 13:50 ModularCodeGen3_A1_B1.mk
-rw-rw-r--   1 travis travis   1330 Mar  5 13:50 ModularCodeGen3_A1_B1_profile.class
-rw-rw-r--   1 travis travis   1274 Mar  5 13:50 ModularCodeGen3_A1_B1_profile.java
-rw-rw-r--   1 travis travis   3973 Mar  5 13:50 ModularCodeGen3_A1_B2.class
-rw-rw-r--   1 travis travis   9958 Mar  5 13:50 ModularCodeGen3_A1_B2.java
-rw-rw-r--   1 travis travis    880 Mar  5 13:50 ModularCodeGen3_A1_B2.mk
-rw-rw-r--   1 travis travis   1330 Mar  5 13:50 ModularCodeGen3_A1_B2_profile.class
-rw-rw-r--   1 travis travis   1274 Mar  5 13:50 ModularCodeGen3_A1_B2_profile.java
-rw-rw-r--   1 travis travis   5193 Mar  5 13:50 ModularCodeGen3_A1.class
-rw-rw-r--   1 travis travis  15564 Mar  5 13:50 ModularCodeGen3_A1.java
-rw-rw-r--   1 travis travis    856 Mar  5 13:50 ModularCodeGen3_A1.mk
-rw-rw-r--   1 travis travis   1445 Mar  5 13:50 ModularCodeGen3_A1_profile.class
-rw-rw-r--   1 travis travis   1716 Mar  5 13:50 ModularCodeGen3_A1_profile.java
-rw-rw-r--   1 travis travis   4119 Mar  5 13:50 ModularCodeGen3_A2_B1.class
-rw-rw-r--   1 travis travis  10955 Mar  5 13:50 ModularCodeGen3_A2_B1.java
-rw-rw-r--   1 travis travis    880 Mar  5 13:50 ModularCodeGen3_A2_B1.mk
-rw-rw-r--   1 travis travis   1393 Mar  5 13:50 ModularCodeGen3_A2_B1_profile.class
-rw-rw-r--   1 travis travis   1458 Mar  5 13:50 ModularCodeGen3_A2_B1_profile.java
-rw-rw-r--   1 travis travis   3973 Mar  5 13:50 ModularCodeGen3_A2_B2.class
-rw-rw-r--   1 travis travis   9958 Mar  5 13:50 ModularCodeGen3_A2_B2.java
-rw-rw-r--   1 travis travis    880 Mar  5 13:50 ModularCodeGen3_A2_B2.mk
-rw-rw-r--   1 travis travis   1330 Mar  5 13:50 ModularCodeGen3_A2_B2_profile.class
-rw-rw-r--   1 travis travis   1274 Mar  5 13:50 ModularCodeGen3_A2_B2_profile.java
-rw-rw-r--   1 travis travis   5270 Mar  5 13:50 ModularCodeGen3_A2.class
-rw-rw-r--   1 travis travis  15957 Mar  5 13:50 ModularCodeGen3_A2.java
-rw-rw-r--   1 travis travis    856 Mar  5 13:50 ModularCodeGen3_A2.mk
-rw-rw-r--   1 travis travis   1445 Mar  5 13:50 ModularCodeGen3_A2_profile.class
-rw-rw-r--   1 travis travis   1716 Mar  5 13:50 ModularCodeGen3_A2_profile.java
-rw-rw-r--   1 travis travis   4026 Mar  5 13:50 ModularCodeGen4_A1_B1.class
-rw-rw-r--   1 travis travis  10312 Mar  5 13:50 ModularCodeGen4_A1_B1.java
-rw-rw-r--   1 travis travis    880 Mar  5 13:50 ModularCodeGen4_A1_B1.mk
-rw-rw-r--   1 travis travis   1330 Mar  5 13:50 ModularCodeGen4_A1_B1_profile.class
-rw-rw-r--   1 travis travis   1273 Mar  5 13:50 ModularCodeGen4_A1_B1_profile.java
-rw-rw-r--   1 travis travis   4026 Mar  5 13:50 ModularCodeGen4_A1_B2.class
-rw-rw-r--   1 travis travis  10312 Mar  5 13:50 ModularCodeGen4_A1_B2.java
-rw-rw-r--   1 travis travis    880 Mar  5 13:50 ModularCodeGen4_A1_B2.mk
-rw-rw-r--   1 travis travis   1330 Mar  5 13:50 ModularCodeGen4_A1_B2_profile.class
-rw-rw-r--   1 travis travis   1273 Mar  5 13:50 ModularCodeGen4_A1_B2_profile.java
-rw-rw-r--   1 travis travis   5333 Mar  5 13:50 ModularCodeGen4_A1.class
-rw-rw-r--   1 travis travis  16245 Mar  5 13:50 ModularCodeGen4_A1.java
-rw-rw-r--   1 travis travis    856 Mar  5 13:50 ModularCodeGen4_A1.mk
-rw-rw-r--   1 travis travis   1445 Mar  5 13:50 ModularCodeGen4_A1_profile.class
-rw-rw-r--   1 travis travis   1712 Mar  5 13:50 ModularCodeGen4_A1_profile.java
-rw-rw-r--   1 travis travis   4220 Mar  5 13:50 ModularCodeGen4_A2_B1.class
-rw-rw-r--   1 travis travis  11375 Mar  5 13:50 ModularCodeGen4_A2_B1.java
-rw-rw-r--   1 travis travis    880 Mar  5 13:50 ModularCodeGen4_A2_B1.mk
-rw-rw-r--   1 travis travis   1393 Mar  5 13:50 ModularCodeGen4_A2_B1_profile.class
-rw-rw-r--   1 travis travis   1454 Mar  5 13:50 ModularCodeGen4_A2_B1_profile.java
-rw-rw-r--   1 travis travis   4074 Mar  5 13:50 ModularCodeGen4_A2_B2.class
-rw-rw-r--   1 travis travis  10378 Mar  5 13:50 ModularCodeGen4_A2_B2.java
-rw-rw-r--   1 travis travis    880 Mar  5 13:50 ModularCodeGen4_A2_B2.mk
-rw-rw-r--   1 travis travis   1330 Mar  5 13:50 ModularCodeGen4_A2_B2_profile.class
-rw-rw-r--   1 travis travis   1270 Mar  5 13:50 ModularCodeGen4_A2_B2_profile.java
-rw-rw-r--   1 travis travis   1712 Mar  5 13:50 ModularCodeGen4_A2_profile.java
-rw-rw-r--   1 travis travis   4186 Mar  5 13:50 ModularCodeGen_ModularCodeGenTypedCompositeActor.class
-rw-rw-r--   1 travis travis  10970 Mar  5 13:50 ModularCodeGen_ModularCodeGenTypedCompositeActor.java
-rw-rw-r--   1 travis travis   1096 Mar  5 13:50 ModularCodeGen_ModularCodeGenTypedCompositeActor.mk
-rw-rw-r--   1 travis travis   1384 Mar  5 13:50 ModularCodeGen_ModularCodeGenTypedCompositeActor_profile.class
-rw-rw-r--   1 travis travis   1328 Mar  5 13:50 ModularCodeGen_ModularCodeGenTypedCompositeActor_profile.java
-rw-rw-r--   1 travis travis   3724 Mar  5 13:49 ModularCodeGenTest_A1_A2.class
-rw-rw-r--   1 travis travis   9164 Mar  5 13:49 ModularCodeGenTest_A1_A2.java
-rw-rw-r--   1 travis travis   1306 Mar  5 13:49 ModularCodeGenTest_A1_A2_profile.class
-rw-rw-r--   1 travis travis   4055 Mar  5 13:49 ModularCodeGenTest_A1.class
-rw-rw-r--   1 travis travis   9968 Mar  5 13:49 ModularCodeGenTest_A1.java
-rw-rw-r--   1 travis travis    880 Mar  5 13:49 ModularCodeGenTest_A1.mk
-rw-rw-r--   1 travis travis   1352 Mar  5 13:49 ModularCodeGenTest_A1_profile.class
-rw-rw-r--   1 travis travis   1394 Mar  5 13:49 ModularCodeGenTest_A1_profile.java
drwxrwxr-x   3 travis travis  32768 Mar  5 13:49 modulation2
drwxrwxr-x 166 travis travis  12288 Mar  5 13:49 node_modules
drwxrwxr-x   3 travis travis  20480 Mar  5 13:45 PhaseUnwrap
drwxrwxr-x   3 travis travis  12288 Mar  5 13:45 ReadFile1
-rw-rw-r--   1 travis travis     11 Mar  5 13:45 ReadFile1Output.txt
-rw-rw-r--   1 travis travis  13773 Mar  5 13:49 Repeat.class
-rw-rw-r--   1 travis travis    685 Mar  5 13:49 Repeat$_fireFunction_Repeat_Repeat$__f_sL_11.class
-rw-rw-r--   1 travis travis    541 Mar  5 13:49 Repeat$_fireFunction_Repeat_Repeat$__f_sL_12.class
-rw-rw-r--   1 travis travis    541 Mar  5 13:49 Repeat$_fireFunction_Repeat_Repeat$__f_sL_13.class
-rw-rw-r--   1 travis travis    541 Mar  5 13:49 Repeat$_fireFunction_Repeat_Repeat$__f_sL_14.class
-rw-rw-r--   1 travis travis    684 Mar  5 13:49 Repeat$_fireFunction_Repeat_Repeat$__f_sL_1.class
-rw-rw-r--   1 travis travis    683 Mar  5 13:49 Repeat$_fireFunction_Repeat_Repeat$__f_sL_4.class
-rw-rw-r--   1 travis travis    539 Mar  5 13:49 Repeat$_fireFunction_Repeat_Repeat$__f_sL_9.class
-rw-rw-r--   1 travis travis    494 Mar  5 13:49 Repeat$_initialize_Repeat$__i_sL_2.class
-rw-rw-r--   1 travis travis   1281 Mar  5 13:49 Repeat.mk
-rw-rw-r--   1 travis travis    539 Mar  5 13:49 Repeat$_preinitializeMethod_Repeat$__p_sL_0.class
-rw-rw-r--   1 travis travis   1102 Mar  5 13:49 Repeat$_Repeat$_fireFunction_Repeat_AddSubtract_Repeat.class
-rw-rw-r--   1 travis travis    810 Mar  5 13:49 Repeat$_Repeat$_fireFunction_Repeat_AddSubtract_Repeat$__f_sL_0.class
-rw-rw-r--   1 travis travis    928 Mar  5 13:49 Repeat$_Repeat$_fireFunction_Repeat_AddSubtract_Repeat$__f_sL_1.class
-rw-rw-r--   1 travis travis    934 Mar  5 13:49 Repeat$_Repeat$_fireFunction_Repeat_AddSubtract_Repeat$__f_sL_2.class
-rw-rw-r--   1 travis travis    862 Mar  5 13:49 Repeat$_Repeat$_fireFunction_Repeat_AddSubtract_Repeat$__f_sL_3.class
-rw-rw-r--   1 travis travis    757 Mar  5 13:49 Repeat$_Repeat$_fireFunction_Repeat_Ramp2_Repeat$__f_sL_0.class
-rw-rw-r--   1 travis travis    888 Mar  5 13:49 Repeat$_Repeat$_fireFunction_Repeat_Test_Repeat$__f_sL_0.class
-rw-rw-r--   1 travis travis    634 Mar  5 13:49 Repeat$_Repeat$_fireFunction_Repeat_Test_Repeat$__f_sL_1.class
-rw-rw-r--   1 travis travis    704 Mar  5 13:49 Repeat$_Repeat_SDF_Director_run_Repeat$__R_sL_0.class
-rw-rw-r--   1 travis travis    705 Mar  5 13:49 Repeat$_Repeat_SDF_Director_run_Repeat$__R_sL_11.class
-rw-rw-r--   1 travis travis    561 Mar  5 13:49 Repeat$_Repeat_SDF_Director_run_Repeat$__R_sL_13.class
-rw-rw-r--   1 travis travis    559 Mar  5 13:49 Repeat$_Repeat_SDF_Director_run_Repeat$__R_sL_2.class
-rw-rw-r--   1 travis travis    703 Mar  5 13:49 Repeat$_Repeat_SDF_Director_run_Repeat$__R_sL_3.class
-rw-rw-r--   1 travis travis    559 Mar  5 13:49 Repeat$_Repeat_SDF_Director_run_Repeat$__R_sL_5.class
-rw-rw-r--   1 travis travis    559 Mar  5 13:49 Repeat$_Repeat_SDF_Director_run_Repeat$__R_sL_8.class
drwxrwxr-x   2 travis travis   4096 Mar  5 13:49 RepeatVariables
-rw-rw-r--   1 travis travis    882 Mar  5 13:49 Repeat$_varinit_Repeat.class
-rw-rw-r--   1 travis travis    550 Mar  5 13:49 Repeat$_varinit_Repeat$__v_sL_2.class
-rw-rw-r--   1 travis travis    924 Mar  5 13:49 Repeat$_varinit_Repeat$__v_sL_4.class
-rw-rw-r--   1 travis travis    978 Mar  5 13:49 Repeat$_wrapup_Repeat$__w_sL_1.class
drwxrwxr-x   3 travis travis  20480 Mar  5 13:46 Sinewave
drwxrwxr-x   3 travis travis  32768 Mar  5 13:47 StringFunction
drwxrwxr-x   3 travis travis  12288 Mar  5 13:47 StringLength
drwxrwxr-x   3 travis travis  61440 Mar  5 13:47 StringMatches2
drwxrwxr-x   3 travis travis  61440 Mar  5 13:48 StringSimpleReplace
drwxrwxr-x   3 travis travis  65536 Mar  5 13:48 StringSubstring
drwxrwxr-x   3 travis travis  24576 Mar  5 13:48 StringSubstring2
drwxrwxr-x   3 travis travis  16384 Mar  5 13:49 time1
drwxrwxr-x   3 travis travis  12288 Mar  5 13:49 time5
-rw-rw-r--   1 travis travis    432 Mar  5 13:50 Token.class
-rw-rw-r--   1 travis travis    251 Mar  5 13:50 Token.java
-rwxrwxr-x   1 travis travis 466992 Mar  5 13:43 top
-rw-rw-r--   1 travis travis  20502 Mar  5 13:43 top.c
-rw-rw-r--   1 travis travis   3799 Mar  5 13:49 top.class
-rw-rw-r--   1 travis travis   1257 Mar  5 13:49 top.mk
All Done
Writing ModularCodeGen4_A2.java in file:/home/travis/cg/ (16770 characters)
Reading "ptolemy/cg/kernel/generic/program/procedural/java/modular/makefile.in",
    writing "/home/travis/cg/ModularCodeGen4_A2.mk"
Using ptolemy/cg/kernel/generic/program/procedural/java/modular/makefile.in
In "/home/travis/cg", about to execute:
    make -f ModularCodeGen4_A2.mk
javac -classpath ".:.."    ModularCodeGen4_A2.java
All Done
Manager.initialize() finished: 16123 ms. Memory: 129024K Free: 82813K (64%)
16128 ms. Memory: 129024K Free: 82301K (64%)
----------------- Invoking toplevel() on ptolemy.moml.MoMLSimpleApplication@e5cdf34
----------------- Done invoking toplevel() on ptolemy.moml.MoMLSimpleApplication@e5cdf34
reloadAllAccessors: .ModularCodeGen4

===========================================================================================
----------------- testing Thu Mar 05 13:50:58 UTC 2020 /home/travis/build/icyphy/ptII/ptolemy/cg/lib/test/auto/ModularCodeGen5.xml
----------------- Instantiating /home/travis/build/icyphy/ptII/ptolemy/cg/lib/test/auto/ModularCodeGen5.xml
In "/home/travis/cg", about to execute:
    pwd
In "/home/travis/cg", about to execute:
    ls -l
/home/travis/cg
In "/home/travis/cg", about to execute:
    javac -classpath
.:/home/travis/build/icyphy/ptII:/home/travis/build/icyphy/ptII/lib/bsh-2.0b4.j
ar:/home/travis/build/icyphy/ptII/lib/ptCal.jar:/home/travis/build/icyphy/ptII/
lib/java_cup.jar:/home/travis/build/icyphy/ptII/lib/saxon8.jar:/home/travis/bui
ld/icyphy/ptII/lib/saxon8-dom.jar:/home/travis/build/icyphy/ptII/lib/chic.jar:/
home/travis/build/icyphy/ptII/lib/ptcolt.jar:/home/travis/build/icyphy/ptII/ven
dors/misc/itext/iText.jar:/home/travis/build/icyphy/ptII/lib/g4ltl.jar:/home/tr
avis/build/icyphy/ptII/lib/StructuralCoder.jar:/home/travis/build/icyphy/ptII/l
ib/jcerti.jar:/home/travis/build/icyphy/ptII/lib/javax.mail.jar:/home/travis/bu
ild/icyphy/ptII/vendors/JMF-2.1.1e/lib/jmf.jar:/home/travis/build/icyphy/ptII/l
ib/jna-4.0.0-variadic.jar:/home/travis/build/icyphy/ptII/vendors/misc/joystick/
Joystick.jar:/home/travis/build/icyphy/ptII/lib/ptjacl.jar:/home/travis/build/i
cyphy/ptII/lib/jsoup-1.8.2.jar:/home/travis/build/icyphy/ptII/lib/junit-4.8.2.j
ar:/home/travis/build/icyphy/ptII/lib/JUnitParams-0.4.0.jar:/home/travis/build/
icyphy/ptII/ptolemy/actor/lib/excel/jxl.jar:/home/travis/build/icyphy/ptII/lib/
jython.jar:/home/travis/build/icyphy/ptII/lib/kieler.jar:/home/travis/build/icy
phy/ptII/vendors/opencv/share/OpenCV/java/opencv-341.jar:/home/travis/build/icy
phy/ptII/lib/oscP5.jar:/home/travis/build/icyphy/ptII/lib/nrjavaserial-3.11.0.d
evel.jar:/home/travis/build/icyphy/ptII/vendors/j3d/lib/Linux/j3dcore.jar:/home
/travis/build/icyphy/ptII/vendors/j3d/lib/Linux/j3dutils.jar:/home/travis/build
/icyphy/ptII/vendors/j3d/lib/Linux/vecmath.jar:/home/travis/build/icyphy/ptII/v
endors/jogl/lib/Linux/gluegen-rt-natives-linux-amd64.jar:/home/travis/build/icy
phy/ptII/vendors/jogl/lib/Linux/gluegen-rt.jar:/home/travis/build/icyphy/ptII/v
endors/jogl/lib/Linux/jogl-all-natives-linux-amd64.jar:/home/travis/build/icyph
y/ptII/vendors/jogl/lib/Linux/jogl-all.jar:/home/travis/build/icyphy/ptII/ptole
my/distributed/jini/jar/jini-core.jar:/home/travis/build/icyphy/ptII/ptolemy/di
stributed/jini/jar/jini-ext.jar:/home/travis/build/icyphy/ptII/ptolemy/distribu
ted/jini/jar/sun-util.jar:/home/travis/build/icyphy/ptII/lib/protobuf-java-2.4.
1.jar:/home/travis/build/icyphy/ptII/lib/org.eclipse.paho.client.mqttv3.jar:/ho
me/travis/build/icyphy/ptII/lib/mapss.jar:/home/travis/build/icyphy/ptII/ptolem
y/actor/ptalon/antlr/antlr.jar:/home/travis/build/icyphy/ptII/lib/JRI.jar:/home
/travis/build/icyphy/ptII/lib/commons-lang-2.6.jar:/home/travis/build/icyphy/pt
II/lib/commons-logging-1.1.1.jar:/home/travis/build/icyphy/ptII/lib/sootclasses
.jar:/home/travis/build/icyphy/ptII/ptolemy/actor/lib/database/mysql-connector-
java-5.1.6-bin.jar:/home/travis/build/icyphy/ptII/vendors/misc/sphinx4/sphinx4-
data-5prealpha.jar:/home/travis/build/icyphy/ptII/vendors/misc/sphinx4/sphinx4-
core-5prealpha.jar:/home/travis/build/icyphy/ptII/lib/PDFRenderer.jar:/home/tra
vis/build/icyphy/ptII/lib/svgSalamander.jar:/home/travis/build/icyphy/ptII/lib/
rsyntaxtextarea-2.6.0-SNAPSHOT.jar:/home/travis/build/icyphy/ptII/lib/hazelcast
-3.8.2.jar:/home/travis/build/icyphy/ptII/lib/jackson-annotations-2.9.0.jar:/ho
me/travis/build/icyphy/ptII/lib/jackson-core-2.9.3.jar:/home/travis/build/icyph
y/ptII/lib/jackson-databind-2.9.3.jar:/home/travis/build/icyphy/ptII/lib/netty-
buffer-4.1.19.Final.jar:/home/travis/build/icyphy/ptII/lib/netty-codec-4.1.19.F
inal.jar:/home/travis/build/icyphy/ptII/lib/netty-codec-dns-4.1.19.Final.jar:/h
ome/travis/build/icyphy/ptII/lib/netty-codec-http-4.1.19.Final.jar:/home/travis
/build/icyphy/ptII/lib/netty-codec-http2-4.1.19.Final.jar:/home/travis/build/ic
yphy/ptII/lib/netty-common-4.1.19.Final.jar:/home/travis/build/icyphy/ptII/lib/
netty-handler-4.1.19.Final.jar:/home/travis/build/icyphy/ptII/lib/netty-resolve
r-4.1.19.Final.jar:/home/travis/build/icyphy/ptII/lib/netty-resolver-dns-4.1.19
.Final.jar:/home/travis/build/icyphy/ptII/lib/netty-transport-4.1.19.Final.jar:
/home/travis/build/icyphy/ptII/lib/vertx-codegen-3.5.1.jar:/home/travis/build/i
cyphy/ptII/lib/vertx-core-3.5.2-SNAPSHOT.jar:/home/travis/build/icyphy/ptII/lib
/vertx-hazelcast-3.5.1.jar:/home/travis/build/icyphy/ptII/lib/vertx-lang-js-3.5
.1.jar:/home/travis/build/icyphy/ptII/lib/vertx-service-proxy-3.5.1.jar:/home/t
ravis/build/icyphy/ptII/lib/vertx-web-3.5.1.jar:/home/travis/build/icyphy/ptII/
lib/slf4j-api-1.7.13.jar:/home/travis/build/icyphy/ptII/lib/slf4j-simple-1.7.13
.jar:/home/travis/build/icyphy/ptII/lib/webcam-capture-0.3.12.jar:/home/travis/
build/icyphy/ptII/lib/bridj-0.7.0.jar:/home/travis/build/icyphy/ptII/lib/xbjlib
-1.1.0.nrjavaserial.jar:/home/travis/build/icyphy/ptII/ptolemy/moml/test:/home/
travis/build/icyphy/ptII/ant/lib/ant-launcher.jar:/home/travis/build/icyphy/ptI
I/ant/lib/ant.jar:/home/travis/build/icyphy/ptII/ant/lib/ant-junit.jar:/home/tr
avis/build/icyphy/ptII/ant/lib/ant-junit4.jar:/home/travis/build/icyphy/ptII
ModularCodeGen5_A_A_profile.java
total 2116
drwxrwxr-x   3 travis travis  12288 Mar  5 13:44 AbsoluteValue
drwxrwxr-x   3 travis travis 102400 Mar  5 13:43 AllColt
drwxrwxr-x   3 travis travis  12288 Mar  5 13:44 Case1
-rw-rw-r--   1 travis travis   5128 Mar  5 13:49 CompiledCompositeActor_CompiledCompositeActor.class
-rw-rw-r--   1 travis travis   1611 Mar  5 13:49 CompiledCompositeActor_CompiledCompositeActor$_CompiledCompositeActor_CompiledCompositeActor.class
-rw-rw-r--   1 travis travis  13466 Mar  5 13:49 CompiledCompositeActor_CompiledCompositeActor.java
-rw-rw-r--   1 travis travis   1593 Mar  5 13:49 CompiledCompositeActor_CompiledCompositeActor.mk
drwxrwxr-x   5 travis travis   4096 Mar  5 13:43 fmi
drwxrwxr-x   3 travis travis  16384 Mar  5 13:44 Gaussian2
-rw-rw-r--   1 travis travis   4684 Mar  5 13:49 JavaCompiledCompositeTest1_CompiledCompositeActor.class
-rw-rw-r--   1 travis travis  11637 Mar  5 13:49 JavaCompiledCompositeTest1_CompiledCompositeActor.java
-rw-rw-r--   1 travis travis   1217 Mar  5 13:49 JavaCompiledCompositeTest1_CompiledCompositeActor$_JavaCompiledCompositeTest1_CompiledCompositeActor.class
-rw-rw-r--   1 travis travis   1625 Mar  5 13:49 JavaCompiledCompositeTest1_CompiledCompositeActor.mk
-rw-rw-r--   1 travis travis   5115 Mar  5 13:49 JavaCompiledCompositeTest2_CompiledCompositeActor.class
-rw-rw-r--   1 travis travis  14919 Mar  5 13:49 JavaCompiledCompositeTest2_CompiledCompositeActor.java
-rw-rw-r--   1 travis travis   1812 Mar  5 13:49 JavaCompiledCompositeTest2_CompiledCompositeActor$_JavaCompiledCompositeTest2_CompiledCompositeActor.class
-rw-rw-r--   1 travis travis   1625 Mar  5 13:49 JavaCompiledCompositeTest2_CompiledCompositeActor.mk
-rw-rw-r--   1 travis travis   4732 Mar  5 13:49 JavaCompiledCompositeTest3_CompiledCompositeActor.class
-rw-rw-r--   1 travis travis  13080 Mar  5 13:49 JavaCompiledCompositeTest3_CompiledCompositeActor.java
-rw-rw-r--   1 travis travis   1397 Mar  5 13:49 JavaCompiledCompositeTest3_CompiledCompositeActor$_JavaCompiledCompositeTest3_CompiledCompositeActor.class
-rw-rw-r--   1 travis travis   1625 Mar  5 13:49 JavaCompiledCompositeTest3_CompiledCompositeActor.mk
-rw-rw-r--   1 travis travis   4183 Mar  5 13:49 JavaCompiledCompositeTest4_CompiledCompositeActor.class
-rw-rw-r--   1 travis travis   9687 Mar  5 13:49 JavaCompiledCompositeTest4_CompiledCompositeActor.java
-rw-rw-r--   1 travis travis    876 Mar  5 13:49 JavaCompiledCompositeTest4_CompiledCompositeActor$_JavaCompiledCompositeTest4_CompiledCompositeActor.class
-rw-rw-r--   1 travis travis   1625 Mar  5 13:49 JavaCompiledCompositeTest4_CompiledCompositeActor.mk
drwxrwxr-x   3 travis travis  12288 Mar  5 13:45 LookupTable
drwxrwxr-x   3 travis travis  20480 Mar  5 13:45 MaxIndex
-rw-rw-r--   1 travis travis   3925 Mar  5 13:49 ModularCG_A1_B1.class
-rw-rw-r--   1 travis travis   9730 Mar  5 13:49 ModularCG_A1_B1.java
-rw-rw-r--   1 travis travis    832 Mar  5 13:49 ModularCG_A1_B1.mk
-rw-rw-r--   1 travis travis   1318 Mar  5 13:49 ModularCG_A1_B1_profile.class
-rw-rw-r--   1 travis travis   1262 Mar  5 13:49 ModularCG_A1_B1_profile.java
-rw-rw-r--   1 travis travis   3925 Mar  5 13:50 ModularCG_A1_B2.class
-rw-rw-r--   1 travis travis   9730 Mar  5 13:50 ModularCG_A1_B2.java
-rw-rw-r--   1 travis travis    832 Mar  5 13:50 ModularCG_A1_B2.mk
-rw-rw-r--   1 travis travis   1318 Mar  5 13:50 ModularCG_A1_B2_profile.class
-rw-rw-r--   1 travis travis   1262 Mar  5 13:49 ModularCG_A1_B2_profile.java
-rw-rw-r--   1 travis travis   5031 Mar  5 13:50 ModularCG_A1.class
-rw-rw-r--   1 travis travis  14742 Mar  5 13:50 ModularCG_A1.java
-rw-rw-r--   1 travis travis    808 Mar  5 13:50 ModularCG_A1.mk
-rw-rw-r--   1 travis travis   1433 Mar  5 13:50 ModularCG_A1_profile.class
-rw-rw-r--   1 travis travis   1704 Mar  5 13:50 ModularCG_A1_profile.java
-rw-rw-r--   1 travis travis   4059 Mar  5 13:50 ModularCG_A2_B1.class
-rw-rw-r--   1 travis travis  10667 Mar  5 13:50 ModularCG_A2_B1.java
-rw-rw-r--   1 travis travis    832 Mar  5 13:50 ModularCG_A2_B1.mk
-rw-rw-r--   1 travis travis   1381 Mar  5 13:50 ModularCG_A2_B1_profile.class
-rw-rw-r--   1 travis travis   1446 Mar  5 13:50 ModularCG_A2_B1_profile.java
-rw-rw-r--   1 travis travis   3925 Mar  5 13:50 ModularCG_A2_B2.class
-rw-rw-r--   1 travis travis   9730 Mar  5 13:50 ModularCG_A2_B2.java
-rw-rw-r--   1 travis travis    832 Mar  5 13:50 ModularCG_A2_B2.mk
-rw-rw-r--   1 travis travis   1318 Mar  5 13:50 ModularCG_A2_B2_profile.class
-rw-rw-r--   1 travis travis   1262 Mar  5 13:50 ModularCG_A2_B2_profile.java
-rw-rw-r--   1 travis travis   5102 Mar  5 13:50 ModularCG_A2.class
-rw-rw-r--   1 travis travis  15129 Mar  5 13:50 ModularCG_A2.java
-rw-rw-r--   1 travis travis    808 Mar  5 13:50 ModularCG_A2.mk
-rw-rw-r--   1 travis travis   1433 Mar  5 13:50 ModularCG_A2_profile.class
-rw-rw-r--   1 travis travis   1704 Mar  5 13:50 ModularCG_A2_profile.java
-rw-rw-r--   1 travis travis   3705 Mar  5 13:50 ModularCGPubSub_A1_A2.class
-rw-rw-r--   1 travis travis   9076 Mar  5 13:50 ModularCGPubSub_A1_A2.java
-rw-rw-r--   1 travis travis    880 Mar  5 13:50 ModularCGPubSub_A1_A2.mk
-rw-rw-r--   1 travis travis   1300 Mar  5 13:50 ModularCGPubSub_A1_A2_profile.class
-rw-rw-r--   1 travis travis   1222 Mar  5 13:50 ModularCGPubSub_A1_A2_profile.java
-rw-rw-r--   1 travis travis   4022 Mar  5 13:50 ModularCGPubSub_A1.class
-rw-rw-r--   1 travis travis   9836 Mar  5 13:50 ModularCGPubSub_A1.java
-rw-rw-r--   1 travis travis    856 Mar  5 13:50 ModularCGPubSub_A1.mk
-rw-rw-r--   1 travis travis   1346 Mar  5 13:50 ModularCGPubSub_A1_profile.class
-rw-rw-r--   1 travis travis   1388 Mar  5 13:50 ModularCGPubSub_A1_profile.java
-rw-rw-r--   1 travis travis   4220 Mar  5 13:50 ModularCodeGen2_ModularCodeGenTypedCompositeActor.class
-rw-rw-r--   1 travis travis  11690 Mar  5 13:50 ModularCodeGen2_ModularCodeGenTypedCompositeActor.java
-rw-rw-r--   1 travis travis   1104 Mar  5 13:50 ModularCodeGen2_ModularCodeGenTypedCompositeActor.mk
-rw-rw-r--   1 travis travis   4504 Mar  5 13:50 ModularCodeGen2_ModularCodeGenTypedCompositeActor_ModularCodeGenTypedCompositeActor.class
-rw-rw-r--   1 travis travis  11790 Mar  5 13:50 ModularCodeGen2_ModularCodeGenTypedCompositeActor_ModularCodeGenTypedCompositeActor.java
-rw-rw-r--   1 travis travis   1376 Mar  5 13:50 ModularCodeGen2_ModularCodeGenTypedCompositeActor_ModularCodeGenTypedCompositeActor.mk
-rw-rw-r--   1 travis travis   1421 Mar  5 13:50 ModularCodeGen2_ModularCodeGenTypedCompositeActor_ModularCodeGenTypedCompositeActor_profile.class
-rw-rw-r--   1 travis travis   1294 Mar  5 13:50 ModularCodeGen2_ModularCodeGenTypedCompositeActor_ModularCodeGenTypedCompositeActor_profile.java
-rw-rw-r--   1 travis travis    820 Mar  5 13:50 ModularCodeGen2_ModularCodeGenTypedCompositeActor_profile.class
-rw-rw-r--   1 travis travis    693 Mar  5 13:50 ModularCodeGen2_ModularCodeGenTypedCompositeActor_profile.java
-rw-rw-r--   1 travis travis   3973 Mar  5 13:50 ModularCodeGen3_A1_B1.class
-rw-rw-r--   1 travis travis   9958 Mar  5 13:50 ModularCodeGen3_A1_B1.java
-rw-rw-r--   1 travis travis    880 Mar  5 13:50 ModularCodeGen3_A1_B1.mk
-rw-rw-r--   1 travis travis   1330 Mar  5 13:50 ModularCodeGen3_A1_B1_profile.class
-rw-rw-r--   1 travis travis   1274 Mar  5 13:50 ModularCodeGen3_A1_B1_profile.java
-rw-rw-r--   1 travis travis   3973 Mar  5 13:50 ModularCodeGen3_A1_B2.class
-rw-rw-r--   1 travis travis   9958 Mar  5 13:50 ModularCodeGen3_A1_B2.java
-rw-rw-r--   1 travis travis    880 Mar  5 13:50 ModularCodeGen3_A1_B2.mk
-rw-rw-r--   1 travis travis   1330 Mar  5 13:50 ModularCodeGen3_A1_B2_profile.class
-rw-rw-r--   1 travis travis   1274 Mar  5 13:50 ModularCodeGen3_A1_B2_profile.java
-rw-rw-r--   1 travis travis   5193 Mar  5 13:50 ModularCodeGen3_A1.class
-rw-rw-r--   1 travis travis  15564 Mar  5 13:50 ModularCodeGen3_A1.java
-rw-rw-r--   1 travis travis    856 Mar  5 13:50 ModularCodeGen3_A1.mk
-rw-rw-r--   1 travis travis   1445 Mar  5 13:50 ModularCodeGen3_A1_profile.class
-rw-rw-r--   1 travis travis   1716 Mar  5 13:50 ModularCodeGen3_A1_profile.java
-rw-rw-r--   1 travis travis   4119 Mar  5 13:50 ModularCodeGen3_A2_B1.class
-rw-rw-r--   1 travis travis  10955 Mar  5 13:50 ModularCodeGen3_A2_B1.java
-rw-rw-r--   1 travis travis    880 Mar  5 13:50 ModularCodeGen3_A2_B1.mk
-rw-rw-r--   1 travis travis   1393 Mar  5 13:50 ModularCodeGen3_A2_B1_profile.class
-rw-rw-r--   1 travis travis   1458 Mar  5 13:50 ModularCodeGen3_A2_B1_profile.java
-rw-rw-r--   1 travis travis   3973 Mar  5 13:50 ModularCodeGen3_A2_B2.class
-rw-rw-r--   1 travis travis   9958 Mar  5 13:50 ModularCodeGen3_A2_B2.java
-rw-rw-r--   1 travis travis    880 Mar  5 13:50 ModularCodeGen3_A2_B2.mk
-rw-rw-r--   1 travis travis   1330 Mar  5 13:50 ModularCodeGen3_A2_B2_profile.class
-rw-rw-r--   1 travis travis   1274 Mar  5 13:50 ModularCodeGen3_A2_B2_profile.java
-rw-rw-r--   1 travis travis   5270 Mar  5 13:50 ModularCodeGen3_A2.class
-rw-rw-r--   1 travis travis  15957 Mar  5 13:50 ModularCodeGen3_A2.java
-rw-rw-r--   1 travis travis    856 Mar  5 13:50 ModularCodeGen3_A2.mk
-rw-rw-r--   1 travis travis   1445 Mar  5 13:50 ModularCodeGen3_A2_profile.class
-rw-rw-r--   1 travis travis   1716 Mar  5 13:50 ModularCodeGen3_A2_profile.java
-rw-rw-r--   1 travis travis   4026 Mar  5 13:50 ModularCodeGen4_A1_B1.class
-rw-rw-r--   1 travis travis  10312 Mar  5 13:50 ModularCodeGen4_A1_B1.java
-rw-rw-r--   1 travis travis    880 Mar  5 13:50 ModularCodeGen4_A1_B1.mk
-rw-rw-r--   1 travis travis   1330 Mar  5 13:50 ModularCodeGen4_A1_B1_profile.class
-rw-rw-r--   1 travis travis   1273 Mar  5 13:50 ModularCodeGen4_A1_B1_profile.java
-rw-rw-r--   1 travis travis   4026 Mar  5 13:50 ModularCodeGen4_A1_B2.class
-rw-rw-r--   1 travis travis  10312 Mar  5 13:50 ModularCodeGen4_A1_B2.java
-rw-rw-r--   1 travis travis    880 Mar  5 13:50 ModularCodeGen4_A1_B2.mk
-rw-rw-r--   1 travis travis   1330 Mar  5 13:50 ModularCodeGen4_A1_B2_profile.class
-rw-rw-r--   1 travis travis   1273 Mar  5 13:50 ModularCodeGen4_A1_B2_profile.java
-rw-rw-r--   1 travis travis   5333 Mar  5 13:50 ModularCodeGen4_A1.class
-rw-rw-r--   1 travis travis  16245 Mar  5 13:50 ModularCodeGen4_A1.java
-rw-rw-r--   1 travis travis    856 Mar  5 13:50 ModularCodeGen4_A1.mk
-rw-rw-r--   1 travis travis   1445 Mar  5 13:50 ModularCodeGen4_A1_profile.class
-rw-rw-r--   1 travis travis   1712 Mar  5 13:50 ModularCodeGen4_A1_profile.java
-rw-rw-r--   1 travis travis   4220 Mar  5 13:50 ModularCodeGen4_A2_B1.class
-rw-rw-r--   1 travis travis  11375 Mar  5 13:50 ModularCodeGen4_A2_B1.java
-rw-rw-r--   1 travis travis    880 Mar  5 13:50 ModularCodeGen4_A2_B1.mk
-rw-rw-r--   1 travis travis   1393 Mar  5 13:50 ModularCodeGen4_A2_B1_profile.class
-rw-rw-r--   1 travis travis   1454 Mar  5 13:50 ModularCodeGen4_A2_B1_profile.java
-rw-rw-r--   1 travis travis   4074 Mar  5 13:50 ModularCodeGen4_A2_B2.class
-rw-rw-r--   1 travis travis  10378 Mar  5 13:50 ModularCodeGen4_A2_B2.java
-rw-rw-r--   1 travis travis    880 Mar  5 13:50 ModularCodeGen4_A2_B2.mk
-rw-rw-r--   1 travis travis   1330 Mar  5 13:50 ModularCodeGen4_A2_B2_profile.class
-rw-rw-r--   1 travis travis   1270 Mar  5 13:50 ModularCodeGen4_A2_B2_profile.java
-rw-rw-r--   1 travis travis   5506 Mar  5 13:50 ModularCodeGen4_A2.class
-rw-rw-r--   1 travis travis  16770 Mar  5 13:50 ModularCodeGen4_A2.java
-rw-rw-r--   1 travis travis    856 Mar  5 13:50 ModularCodeGen4_A2.mk
-rw-rw-r--   1 travis travis   1445 Mar  5 13:50 ModularCodeGen4_A2_profile.class
-rw-rw-r--   1 travis travis   1712 Mar  5 13:50 ModularCodeGen4_A2_profile.java
-rw-rw-r--   1 travis travis   1815 Mar  5 13:50 ModularCodeGen5_A_A_profile.java
-rw-rw-r--   1 travis travis   4186 Mar  5 13:50 ModularCodeGen_ModularCodeGenTypedCompositeActor.class
-rw-rw-r--   1 travis travis  10970 Mar  5 13:50 ModularCodeGen_ModularCodeGenTypedCompositeActor.java
-rw-rw-r--   1 travis travis   1096 Mar  5 13:50 ModularCodeGen_ModularCodeGenTypedCompositeActor.mk
-rw-rw-r--   1 travis travis   1384 Mar  5 13:50 ModularCodeGen_ModularCodeGenTypedCompositeActor_profile.class
-rw-rw-r--   1 travis travis   1328 Mar  5 13:50 ModularCodeGen_ModularCodeGenTypedCompositeActor_profile.java
-rw-rw-r--   1 travis travis   3724 Mar  5 13:49 ModularCodeGenTest_A1_A2.class
-rw-rw-r--   1 travis travis   9164 Mar  5 13:49 ModularCodeGenTest_A1_A2.java
-rw-rw-r--   1 travis travis   1306 Mar  5 13:49 ModularCodeGenTest_A1_A2_profile.class
-rw-rw-r--   1 travis travis   4055 Mar  5 13:49 ModularCodeGenTest_A1.class
-rw-rw-r--   1 travis travis   9968 Mar  5 13:49 ModularCodeGenTest_A1.java
-rw-rw-r--   1 travis travis    880 Mar  5 13:49 ModularCodeGenTest_A1.mk
-rw-rw-r--   1 travis travis   1352 Mar  5 13:49 ModularCodeGenTest_A1_profile.class
-rw-rw-r--   1 travis travis   1394 Mar  5 13:49 ModularCodeGenTest_A1_profile.java
drwxrwxr-x   3 travis travis  32768 Mar  5 13:49 modulation2
drwxrwxr-x 166 travis travis  12288 Mar  5 13:49 node_modules
drwxrwxr-x   3 travis travis  20480 Mar  5 13:45 PhaseUnwrap
drwxrwxr-x   3 travis travis  12288 Mar  5 13:45 ReadFile1
-rw-rw-r--   1 travis travis     11 Mar  5 13:45 ReadFile1Output.txt
-rw-rw-r--   1 travis travis  13773 Mar  5 13:49 Repeat.class
-rw-rw-r--   1 travis travis    685 Mar  5 13:49 Repeat$_fireFunction_Repeat_Repeat$__f_sL_11.class
-rw-rw-r--   1 travis travis    541 Mar  5 13:49 Repeat$_fireFunction_Repeat_Repeat$__f_sL_12.class
-rw-rw-r--   1 travis travis    541 Mar  5 13:49 Repeat$_fireFunction_Repeat_Repeat$__f_sL_13.class
-rw-rw-r--   1 travis travis    541 Mar  5 13:49 Repeat$_fireFunction_Repeat_Repeat$__f_sL_14.class
-rw-rw-r--   1 travis travis    684 Mar  5 13:49 Repeat$_fireFunction_Repeat_Repeat$__f_sL_1.class
-rw-rw-r--   1 travis travis    683 Mar  5 13:49 Repeat$_fireFunction_Repeat_Repeat$__f_sL_4.class
-rw-rw-r--   1 travis travis    539 Mar  5 13:49 Repeat$_fireFunction_Repeat_Repeat$__f_sL_9.class
-rw-rw-r--   1 travis travis    494 Mar  5 13:49 Repeat$_initialize_Repeat$__i_sL_2.class
-rw-rw-r--   1 travis travis   1281 Mar  5 13:49 Repeat.mk
-rw-rw-r--   1 travis travis    539 Mar  5 13:49 Repeat$_preinitializeMethod_Repeat$__p_sL_0.class
-rw-rw-r--   1 travis travis   1102 Mar  5 13:49 Repeat$_Repeat$_fireFunction_Repeat_AddSubtract_Repeat.class
-rw-rw-r--   1 travis travis    810 Mar  5 13:49 Repeat$_Repeat$_fireFunction_Repeat_AddSubtract_Repeat$__f_sL_0.class
-rw-rw-r--   1 travis travis    928 Mar  5 13:49 Repeat$_Repeat$_fireFunction_Repeat_AddSubtract_Repeat$__f_sL_1.class
-rw-rw-r--   1 travis travis    934 Mar  5 13:49 Repeat$_Repeat$_fireFunction_Repeat_AddSubtract_Repeat$__f_sL_2.class
-rw-rw-r--   1 travis travis    862 Mar  5 13:49 Repeat$_Repeat$_fireFunction_Repeat_AddSubtract_Repeat$__f_sL_3.class
-rw-rw-r--   1 travis travis    757 Mar  5 13:49 Repeat$_Repeat$_fireFunction_Repeat_Ramp2_Repeat$__f_sL_0.class
-rw-rw-r--   1 travis travis    888 Mar  5 13:49 Repeat$_Repeat$_fireFunction_Repeat_Test_Repeat$__f_sL_0.class
-rw-rw-r--   1 travis travis    634 Mar  5 13:49 Repeat$_Repeat$_fireFunction_Repeat_Test_Repeat$__f_sL_1.class
-rw-rw-r--   1 travis travis    704 Mar  5 13:49 Repeat$_Repeat_SDF_Director_run_Repeat$__R_sL_0.class
-rw-rw-r--   1 travis travis    705 Mar  5 13:49 Repeat$_Repeat_SDF_Director_run_Repeat$__R_sL_11.class
-rw-rw-r--   1 travis travis    561 Mar  5 13:49 Repeat$_Repeat_SDF_Director_run_Repeat$__R_sL_13.class
-rw-rw-r--   1 travis travis    559 Mar  5 13:49 Repeat$_Repeat_SDF_Director_run_Repeat$__R_sL_2.class
-rw-rw-r--   1 travis travis    703 Mar  5 13:49 Repeat$_Repeat_SDF_Director_run_Repeat$__R_sL_3.class
-rw-rw-r--   1 travis travis    559 Mar  5 13:49 Repeat$_Repeat_SDF_Director_run_Repeat$__R_sL_5.class
-rw-rw-r--   1 travis travis    559 Mar  5 13:49 Repeat$_Repeat_SDF_Director_run_Repeat$__R_sL_8.class
drwxrwxr-x   2 travis travis   4096 Mar  5 13:49 RepeatVariables
-rw-rw-r--   1 travis travis    882 Mar  5 13:49 Repeat$_varinit_Repeat.class
-rw-rw-r--   1 travis travis    550 Mar  5 13:49 Repeat$_varinit_Repeat$__v_sL_2.class
-rw-rw-r--   1 travis travis    924 Mar  5 13:49 Repeat$_varinit_Repeat$__v_sL_4.class
-rw-rw-r--   1 travis travis    978 Mar  5 13:49 Repeat$_wrapup_Repeat$__w_sL_1.class
drwxrwxr-x   3 travis travis  20480 Mar  5 13:46 Sinewave
drwxrwxr-x   3 travis travis  32768 Mar  5 13:47 StringFunction
drwxrwxr-x   3 travis travis  12288 Mar  5 13:47 StringLength
drwxrwxr-x   3 travis travis  61440 Mar  5 13:47 StringMatches2
drwxrwxr-x   3 travis travis  61440 Mar  5 13:48 StringSimpleReplace
drwxrwxr-x   3 travis travis  65536 Mar  5 13:48 StringSubstring
drwxrwxr-x   3 travis travis  24576 Mar  5 13:48 StringSubstring2
drwxrwxr-x   3 travis travis  16384 Mar  5 13:49 time1
drwxrwxr-x   3 travis travis  12288 Mar  5 13:49 time5
-rw-rw-r--   1 travis travis    432 Mar  5 13:50 Token.class
-rw-rw-r--   1 travis travis    251 Mar  5 13:50 Token.java
-rwxrwxr-x   1 travis travis 466992 Mar  5 13:43 top
-rw-rw-r--   1 travis travis  20502 Mar  5 13:43 top.c
-rw-rw-r--   1 travis travis   3799 Mar  5 13:49 top.class
-rw-rw-r--   1 travis travis   1257 Mar  5 13:49 top.mk
All Done
Writing ModularCodeGen5_A_A.java in file:/home/travis/cg/ (28721 characters)
Reading "ptolemy/cg/kernel/generic/program/procedural/java/modular/makefile.in",
    writing "/home/travis/cg/ModularCodeGen5_A_A.mk"
Using ptolemy/cg/kernel/generic/program/procedural/java/modular/makefile.in
In "/home/travis/cg", about to execute:
    make -f ModularCodeGen5_A_A.mk
javac -classpath ".:.."    ModularCodeGen5_A_A.java
All Done
In "/home/travis/cg", about to execute:
    pwd
/home/travis/cg
In "/home/travis/cg", about to execute:
    ls -l
total 2168
drwxrwxr-x   3 travis travis  12288 Mar  5 13:44 AbsoluteValue
drwxrwxr-x   3 travis travis 102400 Mar  5 13:43 AllColt
drwxrwxr-x   3 travis travis  12288 Mar  5 13:44 Case1
-rw-rw-r--   1 travis travis   5128 Mar  5 13:49 CompiledCompositeActor_CompiledCompositeActor.class
-rw-rw-r--   1 travis travis   1611 Mar  5 13:49 CompiledCompositeActor_CompiledCompositeActor$_CompiledCompositeActor_CompiledCompositeActor.class
-rw-rw-r--   1 travis travis  13466 Mar  5 13:49 CompiledCompositeActor_CompiledCompositeActor.java
-rw-rw-r--   1 travis travis   1593 Mar  5 13:49 CompiledCompositeActor_CompiledCompositeActor.mk
drwxrwxr-x   5 travis travis   4096 Mar  5 13:43 fmi
drwxrwxr-x   3 travis travis  16384 Mar  5 13:44 Gaussian2
-rw-rw-r--   1 travis travis   4684 Mar  5 13:49 JavaCompiledCompositeTest1_CompiledCompositeActor.class
-rw-rw-r--   1 travis travis  11637 Mar  5 13:49 JavaCompiledCompositeTest1_CompiledCompositeActor.java
-rw-rw-r--   1 travis travis   1217 Mar  5 13:49 JavaCompiledCompositeTest1_CompiledCompositeActor$_JavaCompiledCompositeTest1_CompiledCompositeActor.class
-rw-rw-r--   1 travis travis   1625 Mar  5 13:49 JavaCompiledCompositeTest1_CompiledCompositeActor.mk
-rw-rw-r--   1 travis travis   5115 Mar  5 13:49 JavaCompiledCompositeTest2_CompiledCompositeActor.class
-rw-rw-r--   1 travis travis  14919 Mar  5 13:49 JavaCompiledCompositeTest2_CompiledCompositeActor.java
-rw-rw-r--   1 travis travis   1812 Mar  5 13:49 JavaCompiledCompositeTest2_CompiledCompositeActor$_JavaCompiledCompositeTest2_CompiledCompositeActor.class
-rw-rw-r--   1 travis travis   1625 Mar  5 13:49 JavaCompiledCompositeTest2_CompiledCompositeActor.mk
-rw-rw-r--   1 travis travis   4732 Mar  5 13:49 JavaCompiledCompositeTest3_CompiledCompositeActor.class
-rw-rw-r--   1 travis travis  13080 Mar  5 13:49 JavaCompiledCompositeTest3_CompiledCompositeActor.java
-rw-rw-r--   1 travis travis   1397 Mar  5 13:49 JavaCompiledCompositeTest3_CompiledCompositeActor$_JavaCompiledCompositeTest3_CompiledCompositeActor.class
-rw-rw-r--   1 travis travis   1625 Mar  5 13:49 JavaCompiledCompositeTest3_CompiledCompositeActor.mk
-rw-rw-r--   1 travis travis   4183 Mar  5 13:49 JavaCompiledCompositeTest4_CompiledCompositeActor.class
-rw-rw-r--   1 travis travis   9687 Mar  5 13:49 JavaCompiledCompositeTest4_CompiledCompositeActor.java
-rw-rw-r--   1 travis travis    876 Mar  5 13:49 JavaCompiledCompositeTest4_CompiledCompositeActor$_JavaCompiledCompositeTest4_CompiledCompositeActor.class
-rw-rw-r--   1 travis travis   1625 Mar  5 13:49 JavaCompiledCompositeTest4_CompiledCompositeActor.mk
drwxrwxr-x   3 travis travis  12288 Mar  5 13:45 LookupTable
In "/home/travis/cg", about to execute:
drwxrwxr-x   3 travis travis  20480 Mar  5 13:45 MaxIndex
-rw-rw-r--   1 travis travis   3925 Mar  5 13:49 ModularCG_A1_B1.class
-rw-rw-r--   1 travis travis   9730 Mar  5 13:49 ModularCG_A1_B1.java
-rw-rw-r--   1 travis travis    832 Mar  5 13:49 ModularCG_A1_B1.mk
-rw-rw-r--   1 travis travis   1318 Mar  5 13:49 ModularCG_A1_B1_profile.class
-rw-rw-r--   1 travis travis   1262 Mar  5 13:49 ModularCG_A1_B1_profile.java
-rw-rw-r--   1 travis travis   3925 Mar  5 13:50 ModularCG_A1_B2.class
-rw-rw-r--   1 travis travis   9730 Mar  5 13:50 ModularCG_A1_B2.java
-rw-rw-r--   1 travis travis    832 Mar  5 13:50 ModularCG_A1_B2.mk
-rw-rw-r--   1 travis travis   1318 Mar  5 13:50 ModularCG_A1_B2_profile.class
-rw-rw-r--   1 travis travis   1262 Mar  5 13:49 ModularCG_A1_B2_profile.java
-rw-rw-r--   1 travis travis   5031 Mar  5 13:50 ModularCG_A1.class
-rw-rw-r--   1 travis travis  14742 Mar  5 13:50 ModularCG_A1.java
-rw-rw-r--   1 travis travis    808 Mar  5 13:50 ModularCG_A1.mk
-rw-rw-r--   1 travis travis   1433 Mar  5 13:50 ModularCG_A1_profile.class
-rw-rw-r--   1 travis travis   1704 Mar  5 13:50 ModularCG_A1_profile.java
-rw-rw-r--   1 travis travis   4059 Mar  5 13:50 ModularCG_A2_B1.class
-rw-rw-r--   1 travis travis  10667 Mar  5 13:50 ModularCG_A2_B1.java
-rw-rw-r--   1 travis travis    832 Mar  5 13:50 ModularCG_A2_B1.mk
    javac -classpath
.:/home/travis/build/icyphy/ptII:/home/travis/build/icyphy/ptII/lib/bsh-2.0b4.j
ar:/home/travis/build/icyphy/ptII/lib/ptCal.jar:/home/travis/build/icyphy/ptII/
lib/java_cup.jar:/home/travis/build/icyphy/ptII/lib/saxon8.jar:/home/travis/bui
ld/icyphy/ptII/lib/saxon8-dom.jar:/home/travis/build/icyphy/ptII/lib/chic.jar:/
home/travis/build/icyphy/ptII/lib/ptcolt.jar:/home/travis/build/icyphy/ptII/ven
dors/misc/itext/iText.jar:/home/travis/build/icyphy/ptII/lib/g4ltl.jar:/home/tr
avis/build/icyphy/ptII/lib/StructuralCoder.jar:/home/travis/build/icyphy/ptII/l
ib/jcerti.jar:/home/travis/build/icyphy/ptII/lib/javax.mail.jar:/home/travis/bu
ild/icyphy/ptII/vendors/JMF-2.1.1e/lib/jmf.jar:/home/travis/build/icyphy/ptII/l
ib/jna-4.0.0-variadic.jar:/home/travis/build/icyphy/ptII/vendors/misc/joystick/
Joystick.jar:/home/travis/build/icyphy/ptII/lib/ptjacl.jar:/home/travis/build/i
cyphy/ptII/lib/jsoup-1.8.2.jar:/home/travis/build/icyphy/ptII/lib/junit-4.8.2.j
ar:/home/travis/build/icyphy/ptII/lib/JUnitParams-0.4.0.jar:/home/travis/build/
icyphy/ptII/ptolemy/actor/lib/excel/jxl.jar:/home/travis/build/icyphy/ptII/lib/
jython.jar:/home/travis/build/icyphy/ptII/lib/kieler.jar:/home/travis/build/icy
phy/ptII/vendors/opencv/share/OpenCV/java/opencv-341.jar:/home/travis/build/icy
phy/ptII/lib/oscP5.jar:/home/travis/build/icyphy/ptII/lib/nrjavaserial-3.11.0.d
evel.jar:/home/travis/build/icyphy/ptII/vendors/j3d/lib/Linux/j3dcore.jar:/home
/travis/build/icyphy/ptII/vendors/j3d/lib/Linux/j3dutils.jar:/home/travis/build
/icyphy/ptII/vendors/j3d/lib/Linux/vecmath.jar:/home/travis/build/icyphy/ptII/v
endors/jogl/lib/Linux/gluegen-rt-natives-linux-amd64.jar:/home/travis/build/icy
phy/ptII/vendors/jogl/lib/Linux/gluegen-rt.jar:/home/travis/build/icyphy/ptII/v
endors/jogl/lib/Linux/jogl-all-natives-linux-amd64.jar:/home/travis/build/icyph
y/ptII/vendors/jogl/lib/Linux/jogl-all.jar:/home/travis/build/icyphy/ptII/ptole
my/distributed/jini/jar/jini-core.jar:/home/travis/build/icyphy/ptII/ptolemy/di
stributed/jini/jar/jini-ext.jar:/home/travis/build/icyphy/ptII/ptolemy/distribu
ted/jini/jar/sun-util.jar:/home/travis/build/icyphy/ptII/lib/protobuf-java-2.4.
1.jar:/home/travis/build/icyphy/ptII/lib/org.eclipse.paho.client.mqttv3.jar:/ho
me/travis/build/icyphy/ptII/lib/mapss.jar:/home/travis/build/icyphy/ptII/ptolem
y/actor/ptalon/antlr/antlr.jar:/home/travis/build/icyphy/ptII/lib/JRI.jar:/home
/travis/build/icyphy/ptII/lib/commons-lang-2.6.jar:/home/travis/build/icyphy/pt
II/lib/commons-logging-1.1.1.jar:/home/travis/build/icyphy/ptII/lib/sootclasses
.jar:/home/travis/build/icyphy/ptII/ptolemy/actor/lib/database/mysql-connector-
java-5.1.6-bin.jar:/home/travis/build/icyphy/ptII/vendors/misc/sphinx4/sphinx4-
data-5prealpha.jar:/home/travis/build/icyphy/ptII/vendors/misc/sphinx4/sphinx4-
core-5prealpha.jar:/home/travis/build/icyphy/ptII/lib/PDFRenderer.jar:/home/tra
vis/build/icyphy/ptII/lib/svgSalamander.jar:/home/travis/build/icyphy/ptII/lib/
rsyntaxtextarea-2.6.0-SNAPSHOT.jar:/home/travis/build/icyphy/ptII/lib/hazelcast
-3.8.2.jar:/home/travis/build/icyphy/ptII/lib/jackson-annotations-2.9.0.jar:/ho
me/travis/build/icyphy/ptII/lib/jackson-core-2.9.3.jar:/home/travis/build/icyph
y/ptII/lib/jackson-databind-2.9.3.jar:/home/travis/build/icyphy/ptII/lib/netty-
buffer-4.1.19.Final.jar:/home/travis/build/icyphy/ptII/lib/netty-codec-4.1.19.F
inal.jar:/home/travis/build/icyphy/ptII/lib/netty-codec-dns-4.1.19.Final.jar:/h
ome/travis/build/icyphy/ptII/lib/netty-codec-http-4.1.19.Final.jar:/home/travis
/build/icyphy/ptII/lib/netty-codec-http2-4.1.19.Final.jar:/home/travis/build/ic
yphy/ptII/lib/netty-common-4.1.19.Final.jar:/home/travis/build/icyphy/ptII/lib/
netty-handler-4.1.19.Final.jar:/home/travis/build/icyphy/ptII/lib/netty-resolve
r-4.1.19.Final.jar:/home/travis/build/icyphy/ptII/lib/netty-resolver-dns-4.1.19
.Final.jar:/home/travis/build/icyphy/ptII/lib/netty-transport-4.1.19.Final.jar:
/home/travis/build/icyphy/ptII/lib/vertx-codegen-3.5.1.jar:/home/travis/build/i
cyphy/ptII/lib/vertx-core-3.5.2-SNAPSHOT.jar:/home/travis/build/icyphy/ptII/lib
/vertx-hazelcast-3.5.1.jar:/home/travis/build/icyphy/ptII/lib/vertx-lang-js-3.5
.1.jar:/home/travis/build/icyphy/ptII/lib/vertx-service-proxy-3.5.1.jar:/home/t
ravis/build/icyphy/ptII/lib/vertx-web-3.5.1.jar:/home/travis/build/icyphy/ptII/
lib/slf4j-api-1.7.13.jar:/home/travis/build/icyphy/ptII/lib/slf4j-simple-1.7.13
.jar:/home/travis/build/icyphy/ptII/lib/webcam-capture-0.3.12.jar:/home/travis/
build/icyphy/ptII/lib/bridj-0.7.0.jar:/home/travis/build/icyphy/ptII/lib/xbjlib
-1.1.0.nrjavaserial.jar:/home/travis/build/icyphy/ptII/ptolemy/moml/test:/home/
travis/build/icyphy/ptII/ant/lib/ant-launcher.jar:/home/travis/build/icyphy/ptI
I/ant/lib/ant.jar:/home/travis/build/icyphy/ptII/ant/lib/ant-junit.jar:/home/tr
avis/build/icyphy/ptII/ant/lib/ant-junit4.jar:/home/travis/build/icyphy/ptII
ModularCodeGen5_A_profile.java
-rw-rw-r--   1 travis travis   1381 Mar  5 13:50 ModularCG_A2_B1_profile.class
-rw-rw-r--   1 travis travis   1446 Mar  5 13:50 ModularCG_A2_B1_profile.java
-rw-rw-r--   1 travis travis   3925 Mar  5 13:50 ModularCG_A2_B2.class
-rw-rw-r--   1 travis travis   9730 Mar  5 13:50 ModularCG_A2_B2.java
-rw-rw-r--   1 travis travis    832 Mar  5 13:50 ModularCG_A2_B2.mk
-rw-rw-r--   1 travis travis   1318 Mar  5 13:50 ModularCG_A2_B2_profile.class
-rw-rw-r--   1 travis travis   1262 Mar  5 13:50 ModularCG_A2_B2_profile.java
-rw-rw-r--   1 travis travis   5102 Mar  5 13:50 ModularCG_A2.class
-rw-rw-r--   1 travis travis  15129 Mar  5 13:50 ModularCG_A2.java
-rw-rw-r--   1 travis travis    808 Mar  5 13:50 ModularCG_A2.mk
-rw-rw-r--   1 travis travis   1433 Mar  5 13:50 ModularCG_A2_profile.class
-rw-rw-r--   1 travis travis   1704 Mar  5 13:50 ModularCG_A2_profile.java
-rw-rw-r--   1 travis travis   3705 Mar  5 13:50 ModularCGPubSub_A1_A2.class
-rw-rw-r--   1 travis travis   9076 Mar  5 13:50 ModularCGPubSub_A1_A2.java
-rw-rw-r--   1 travis travis    880 Mar  5 13:50 ModularCGPubSub_A1_A2.mk
-rw-rw-r--   1 travis travis   1300 Mar  5 13:50 ModularCGPubSub_A1_A2_profile.class
-rw-rw-r--   1 travis travis   1222 Mar  5 13:50 ModularCGPubSub_A1_A2_profile.java
-rw-rw-r--   1 travis travis   4022 Mar  5 13:50 ModularCGPubSub_A1.class
-rw-rw-r--   1 travis travis   9836 Mar  5 13:50 ModularCGPubSub_A1.java
-rw-rw-r--   1 travis travis    856 Mar  5 13:50 ModularCGPubSub_A1.mk
-rw-rw-r--   1 travis travis   1346 Mar  5 13:50 ModularCGPubSub_A1_profile.class
-rw-rw-r--   1 travis travis   1388 Mar  5 13:50 ModularCGPubSub_A1_profile.java
-rw-rw-r--   1 travis travis   4220 Mar  5 13:50 ModularCodeGen2_ModularCodeGenTypedCompositeActor.class
-rw-rw-r--   1 travis travis  11690 Mar  5 13:50 ModularCodeGen2_ModularCodeGenTypedCompositeActor.java
-rw-rw-r--   1 travis travis   1104 Mar  5 13:50 ModularCodeGen2_ModularCodeGenTypedCompositeActor.mk
-rw-rw-r--   1 travis travis   4504 Mar  5 13:50 ModularCodeGen2_ModularCodeGenTypedCompositeActor_ModularCodeGenTypedCompositeActor.class
-rw-rw-r--   1 travis travis  11790 Mar  5 13:50 ModularCodeGen2_ModularCodeGenTypedCompositeActor_ModularCodeGenTypedCompositeActor.java
-rw-rw-r--   1 travis travis   1376 Mar  5 13:50 ModularCodeGen2_ModularCodeGenTypedCompositeActor_ModularCodeGenTypedCompositeActor.mk
-rw-rw-r--   1 travis travis   1421 Mar  5 13:50 ModularCodeGen2_ModularCodeGenTypedCompositeActor_ModularCodeGenTypedCompositeActor_profile.class
-rw-rw-r--   1 travis travis   1294 Mar  5 13:50 ModularCodeGen2_ModularCodeGenTypedCompositeActor_ModularCodeGenTypedCompositeActor_profile.java
-rw-rw-r--   1 travis travis    820 Mar  5 13:50 ModularCodeGen2_ModularCodeGenTypedCompositeActor_profile.class
-rw-rw-r--   1 travis travis    693 Mar  5 13:50 ModularCodeGen2_ModularCodeGenTypedCompositeActor_profile.java
-rw-rw-r--   1 travis travis   3973 Mar  5 13:50 ModularCodeGen3_A1_B1.class
-rw-rw-r--   1 travis travis   9958 Mar  5 13:50 ModularCodeGen3_A1_B1.java
-rw-rw-r--   1 travis travis    880 Mar  5 13:50 ModularCodeGen3_A1_B1.mk
-rw-rw-r--   1 travis travis   1330 Mar  5 13:50 ModularCodeGen3_A1_B1_profile.class
-rw-rw-r--   1 travis travis   1274 Mar  5 13:50 ModularCodeGen3_A1_B1_profile.java
-rw-rw-r--   1 travis travis   3973 Mar  5 13:50 ModularCodeGen3_A1_B2.class
-rw-rw-r--   1 travis travis   9958 Mar  5 13:50 ModularCodeGen3_A1_B2.java
-rw-rw-r--   1 travis travis    880 Mar  5 13:50 ModularCodeGen3_A1_B2.mk
-rw-rw-r--   1 travis travis   1330 Mar  5 13:50 ModularCodeGen3_A1_B2_profile.class
-rw-rw-r--   1 travis travis   1274 Mar  5 13:50 ModularCodeGen3_A1_B2_profile.java
-rw-rw-r--   1 travis travis   5193 Mar  5 13:50 ModularCodeGen3_A1.class
-rw-rw-r--   1 travis travis  15564 Mar  5 13:50 ModularCodeGen3_A1.java
-rw-rw-r--   1 travis travis    856 Mar  5 13:50 ModularCodeGen3_A1.mk
-rw-rw-r--   1 travis travis   1445 Mar  5 13:50 ModularCodeGen3_A1_profile.class
-rw-rw-r--   1 travis travis   1716 Mar  5 13:50 ModularCodeGen3_A1_profile.java
-rw-rw-r--   1 travis travis   4119 Mar  5 13:50 ModularCodeGen3_A2_B1.class
-rw-rw-r--   1 travis travis  10955 Mar  5 13:50 ModularCodeGen3_A2_B1.java
-rw-rw-r--   1 travis travis    880 Mar  5 13:50 ModularCodeGen3_A2_B1.mk
-rw-rw-r--   1 travis travis   1393 Mar  5 13:50 ModularCodeGen3_A2_B1_profile.class
-rw-rw-r--   1 travis travis   1458 Mar  5 13:50 ModularCodeGen3_A2_B1_profile.java
-rw-rw-r--   1 travis travis   3973 Mar  5 13:50 ModularCodeGen3_A2_B2.class
-rw-rw-r--   1 travis travis   9958 Mar  5 13:50 ModularCodeGen3_A2_B2.java
-rw-rw-r--   1 travis travis    880 Mar  5 13:50 ModularCodeGen3_A2_B2.mk
-rw-rw-r--   1 travis travis   1330 Mar  5 13:50 ModularCodeGen3_A2_B2_profile.class
-rw-rw-r--   1 travis travis   1274 Mar  5 13:50 ModularCodeGen3_A2_B2_profile.java
-rw-rw-r--   1 travis travis   5270 Mar  5 13:50 ModularCodeGen3_A2.class
-rw-rw-r--   1 travis travis  15957 Mar  5 13:50 ModularCodeGen3_A2.java
-rw-rw-r--   1 travis travis    856 Mar  5 13:50 ModularCodeGen3_A2.mk
-rw-rw-r--   1 travis travis   1445 Mar  5 13:50 ModularCodeGen3_A2_profile.class
-rw-rw-r--   1 travis travis   1716 Mar  5 13:50 ModularCodeGen3_A2_profile.java
-rw-rw-r--   1 travis travis   4026 Mar  5 13:50 ModularCodeGen4_A1_B1.class
-rw-rw-r--   1 travis travis  10312 Mar  5 13:50 ModularCodeGen4_A1_B1.java
-rw-rw-r--   1 travis travis    880 Mar  5 13:50 ModularCodeGen4_A1_B1.mk
-rw-rw-r--   1 travis travis   1330 Mar  5 13:50 ModularCodeGen4_A1_B1_profile.class
-rw-rw-r--   1 travis travis   1273 Mar  5 13:50 ModularCodeGen4_A1_B1_profile.java
-rw-rw-r--   1 travis travis   4026 Mar  5 13:50 ModularCodeGen4_A1_B2.class
-rw-rw-r--   1 travis travis  10312 Mar  5 13:50 ModularCodeGen4_A1_B2.java
-rw-rw-r--   1 travis travis    880 Mar  5 13:50 ModularCodeGen4_A1_B2.mk
-rw-rw-r--   1 travis travis   1330 Mar  5 13:50 ModularCodeGen4_A1_B2_profile.class
-rw-rw-r--   1 travis travis   1273 Mar  5 13:50 ModularCodeGen4_A1_B2_profile.java
-rw-rw-r--   1 travis travis   5333 Mar  5 13:50 ModularCodeGen4_A1.class
-rw-rw-r--   1 travis travis  16245 Mar  5 13:50 ModularCodeGen4_A1.java
-rw-rw-r--   1 travis travis    856 Mar  5 13:50 ModularCodeGen4_A1.mk
-rw-rw-r--   1 travis travis   1445 Mar  5 13:50 ModularCodeGen4_A1_profile.class
-rw-rw-r--   1 travis travis   1712 Mar  5 13:50 ModularCodeGen4_A1_profile.java
-rw-rw-r--   1 travis travis   4220 Mar  5 13:50 ModularCodeGen4_A2_B1.class
-rw-rw-r--   1 travis travis  11375 Mar  5 13:50 ModularCodeGen4_A2_B1.java
-rw-rw-r--   1 travis travis    880 Mar  5 13:50 ModularCodeGen4_A2_B1.mk
-rw-rw-r--   1 travis travis   1393 Mar  5 13:50 ModularCodeGen4_A2_B1_profile.class
-rw-rw-r--   1 travis travis   1454 Mar  5 13:50 ModularCodeGen4_A2_B1_profile.java
-rw-rw-r--   1 travis travis   4074 Mar  5 13:50 ModularCodeGen4_A2_B2.class
-rw-rw-r--   1 travis travis  10378 Mar  5 13:50 ModularCodeGen4_A2_B2.java
-rw-rw-r--   1 travis travis    880 Mar  5 13:50 ModularCodeGen4_A2_B2.mk
-rw-rw-r--   1 travis travis   1330 Mar  5 13:50 ModularCodeGen4_A2_B2_profile.class
-rw-rw-r--   1 travis travis   1270 Mar  5 13:50 ModularCodeGen4_A2_B2_profile.java
-rw-rw-r--   1 travis travis   5506 Mar  5 13:50 ModularCodeGen4_A2.class
-rw-rw-r--   1 travis travis  16770 Mar  5 13:50 ModularCodeGen4_A2.java
-rw-rw-r--   1 travis travis    856 Mar  5 13:50 ModularCodeGen4_A2.mk
-rw-rw-r--   1 travis travis   1445 Mar  5 13:50 ModularCodeGen4_A2_profile.class
-rw-rw-r--   1 travis travis   1712 Mar  5 13:50 ModularCodeGen4_A2_profile.java
-rw-rw-r--   1 travis travis   7070 Mar  5 13:51 ModularCodeGen5_A_A.class
-rw-rw-r--   1 travis travis  28721 Mar  5 13:51 ModularCodeGen5_A_A.java
-rw-rw-r--   1 travis travis    864 Mar  5 13:51 ModularCodeGen5_A_A.mk
-rw-rw-r--   1 travis travis   1520 Mar  5 13:51 ModularCodeGen5_A_A_profile.class
-rw-rw-r--   1 travis travis   1815 Mar  5 13:50 ModularCodeGen5_A_A_profile.java
-rw-rw-r--   1 travis travis   1605 Mar  5 13:51 ModularCodeGen5_A_profile.java
-rw-rw-r--   1 travis travis   4186 Mar  5 13:50 ModularCodeGen_ModularCodeGenTypedCompositeActor.class
-rw-rw-r--   1 travis travis  10970 Mar  5 13:50 ModularCodeGen_ModularCodeGenTypedCompositeActor.java
-rw-rw-r--   1 travis travis   1096 Mar  5 13:50 ModularCodeGen_ModularCodeGenTypedCompositeActor.mk
-rw-rw-r--   1 travis travis   1384 Mar  5 13:50 ModularCodeGen_ModularCodeGenTypedCompositeActor_profile.class
-rw-rw-r--   1 travis travis   1328 Mar  5 13:50 ModularCodeGen_ModularCodeGenTypedCompositeActor_profile.java
-rw-rw-r--   1 travis travis   3724 Mar  5 13:49 ModularCodeGenTest_A1_A2.class
-rw-rw-r--   1 travis travis   9164 Mar  5 13:49 ModularCodeGenTest_A1_A2.java
-rw-rw-r--   1 travis travis   1306 Mar  5 13:49 ModularCodeGenTest_A1_A2_profile.class
-rw-rw-r--   1 travis travis   4055 Mar  5 13:49 ModularCodeGenTest_A1.class
-rw-rw-r--   1 travis travis   9968 Mar  5 13:49 ModularCodeGenTest_A1.java
-rw-rw-r--   1 travis travis    880 Mar  5 13:49 ModularCodeGenTest_A1.mk
-rw-rw-r--   1 travis travis   1352 Mar  5 13:49 ModularCodeGenTest_A1_profile.class
-rw-rw-r--   1 travis travis   1394 Mar  5 13:49 ModularCodeGenTest_A1_profile.java
drwxrwxr-x   3 travis travis  32768 Mar  5 13:49 modulation2
drwxrwxr-x 166 travis travis  12288 Mar  5 13:49 node_modules
drwxrwxr-x   3 travis travis  20480 Mar  5 13:45 PhaseUnwrap
drwxrwxr-x   3 travis travis  12288 Mar  5 13:45 ReadFile1
-rw-rw-r--   1 travis travis     11 Mar  5 13:45 ReadFile1Output.txt
-rw-rw-r--   1 travis travis  13773 Mar  5 13:49 Repeat.class
-rw-rw-r--   1 travis travis    685 Mar  5 13:49 Repeat$_fireFunction_Repeat_Repeat$__f_sL_11.class
-rw-rw-r--   1 travis travis    541 Mar  5 13:49 Repeat$_fireFunction_Repeat_Repeat$__f_sL_12.class
-rw-rw-r--   1 travis travis    541 Mar  5 13:49 Repeat$_fireFunction_Repeat_Repeat$__f_sL_13.class
-rw-rw-r--   1 travis travis    541 Mar  5 13:49 Repeat$_fireFunction_Repeat_Repeat$__f_sL_14.class
-rw-rw-r--   1 travis travis    684 Mar  5 13:49 Repeat$_fireFunction_Repeat_Repeat$__f_sL_1.class
-rw-rw-r--   1 travis travis    683 Mar  5 13:49 Repeat$_fireFunction_Repeat_Repeat$__f_sL_4.class
-rw-rw-r--   1 travis travis    539 Mar  5 13:49 Repeat$_fireFunction_Repeat_Repeat$__f_sL_9.class
-rw-rw-r--   1 travis travis    494 Mar  5 13:49 Repeat$_initialize_Repeat$__i_sL_2.class
-rw-rw-r--   1 travis travis   1281 Mar  5 13:49 Repeat.mk
-rw-rw-r--   1 travis travis    539 Mar  5 13:49 Repeat$_preinitializeMethod_Repeat$__p_sL_0.class
-rw-rw-r--   1 travis travis   1102 Mar  5 13:49 Repeat$_Repeat$_fireFunction_Repeat_AddSubtract_Repeat.class
-rw-rw-r--   1 travis travis    810 Mar  5 13:49 Repeat$_Repeat$_fireFunction_Repeat_AddSubtract_Repeat$__f_sL_0.class
-rw-rw-r--   1 travis travis    928 Mar  5 13:49 Repeat$_Repeat$_fireFunction_Repeat_AddSubtract_Repeat$__f_sL_1.class
-rw-rw-r--   1 travis travis    934 Mar  5 13:49 Repeat$_Repeat$_fireFunction_Repeat_AddSubtract_Repeat$__f_sL_2.class
-rw-rw-r--   1 travis travis    862 Mar  5 13:49 Repeat$_Repeat$_fireFunction_Repeat_AddSubtract_Repeat$__f_sL_3.class
-rw-rw-r--   1 travis travis    757 Mar  5 13:49 Repeat$_Repeat$_fireFunction_Repeat_Ramp2_Repeat$__f_sL_0.class
-rw-rw-r--   1 travis travis    888 Mar  5 13:49 Repeat$_Repeat$_fireFunction_Repeat_Test_Repeat$__f_sL_0.class
-rw-rw-r--   1 travis travis    634 Mar  5 13:49 Repeat$_Repeat$_fireFunction_Repeat_Test_Repeat$__f_sL_1.class
-rw-rw-r--   1 travis travis    704 Mar  5 13:49 Repeat$_Repeat_SDF_Director_run_Repeat$__R_sL_0.class
-rw-rw-r--   1 travis travis    705 Mar  5 13:49 Repeat$_Repeat_SDF_Director_run_Repeat$__R_sL_11.class
-rw-rw-r--   1 travis travis    561 Mar  5 13:49 Repeat$_Repeat_SDF_Director_run_Repeat$__R_sL_13.class
-rw-rw-r--   1 travis travis    559 Mar  5 13:49 Repeat$_Repeat_SDF_Director_run_Repeat$__R_sL_2.class
-rw-rw-r--   1 travis travis    703 Mar  5 13:49 Repeat$_Repeat_SDF_Director_run_Repeat$__R_sL_3.class
-rw-rw-r--   1 travis travis    559 Mar  5 13:49 Repeat$_Repeat_SDF_Director_run_Repeat$__R_sL_5.class
-rw-rw-r--   1 travis travis    559 Mar  5 13:49 Repeat$_Repeat_SDF_Director_run_Repeat$__R_sL_8.class
drwxrwxr-x   2 travis travis   4096 Mar  5 13:49 RepeatVariables
-rw-rw-r--   1 travis travis    882 Mar  5 13:49 Repeat$_varinit_Repeat.class
-rw-rw-r--   1 travis travis    550 Mar  5 13:49 Repeat$_varinit_Repeat$__v_sL_2.class
-rw-rw-r--   1 travis travis    924 Mar  5 13:49 Repeat$_varinit_Repeat$__v_sL_4.class
-rw-rw-r--   1 travis travis    978 Mar  5 13:49 Repeat$_wrapup_Repeat$__w_sL_1.class
drwxrwxr-x   3 travis travis  20480 Mar  5 13:46 Sinewave
drwxrwxr-x   3 travis travis  32768 Mar  5 13:47 StringFunction
drwxrwxr-x   3 travis travis  12288 Mar  5 13:47 StringLength
drwxrwxr-x   3 travis travis  61440 Mar  5 13:47 StringMatches2
drwxrwxr-x   3 travis travis  61440 Mar  5 13:48 StringSimpleReplace
drwxrwxr-x   3 travis travis  65536 Mar  5 13:48 StringSubstring
drwxrwxr-x   3 travis travis  24576 Mar  5 13:48 StringSubstring2
drwxrwxr-x   3 travis travis  16384 Mar  5 13:49 time1
drwxrwxr-x   3 travis travis  12288 Mar  5 13:49 time5
-rw-rw-r--   1 travis travis    432 Mar  5 13:51 Token.class
-rw-rw-r--   1 travis travis    251 Mar  5 13:51 Token.java
-rwxrwxr-x   1 travis travis 466992 Mar  5 13:43 top
-rw-rw-r--   1 travis travis  20502 Mar  5 13:43 top.c
-rw-rw-r--   1 travis travis   3799 Mar  5 13:49 top.class
-rw-rw-r--   1 travis travis   1257 Mar  5 13:49 top.mk
All Done
Writing ModularCodeGen5_A.java in file:/home/travis/cg/ (13769 characters)
Reading "ptolemy/cg/kernel/generic/program/procedural/java/modular/makefile.in",
    writing "/home/travis/cg/ModularCodeGen5_A.mk"
Using ptolemy/cg/kernel/generic/program/procedural/java/modular/makefile.in
In "/home/travis/cg", about to execute:
    make -f ModularCodeGen5_A.mk
javac -classpath ".:.."    ModularCodeGen5_A.java
All Done
5710 ms. Memory: 129024K Free: 57791K (45%)
----------------- Invoking toplevel() on ptolemy.moml.MoMLSimpleApplication@34d0de53
----------------- Done invoking toplevel() on ptolemy.moml.MoMLSimpleApplication@34d0de53
reloadAllAccessors: .ModularCodeGen5

===========================================================================================
----------------- testing Thu Mar 05 13:51:04 UTC 2020 /home/travis/build/icyphy/ptII/ptolemy/cg/lib/test/auto/ModularCodeGen6.xml
----------------- Instantiating /home/travis/build/icyphy/ptII/ptolemy/cg/lib/test/auto/ModularCodeGen6.xml
In "/home/travis/cg", about to execute:
    pwd
In "/home/travis/cg", about to execute:
    ls -l
/home/travis/cg
In "/home/travis/cg", about to execute:
    javac -classpath
.:/home/travis/build/icyphy/ptII:/home/travis/build/icyphy/ptII/lib/bsh-2.0b4.j
ar:/home/travis/build/icyphy/ptII/lib/ptCal.jar:/home/travis/build/icyphy/ptII/
lib/java_cup.jar:/home/travis/build/icyphy/ptII/lib/saxon8.jar:/home/travis/bui
ld/icyphy/ptII/lib/saxon8-dom.jar:/home/travis/build/icyphy/ptII/lib/chic.jar:/
home/travis/build/icyphy/ptII/lib/ptcolt.jar:/home/travis/build/icyphy/ptII/ven
dors/misc/itext/iText.jar:/home/travis/build/icyphy/ptII/lib/g4ltl.jar:/home/tr
avis/build/icyphy/ptII/lib/StructuralCoder.jar:/home/travis/build/icyphy/ptII/l
ib/jcerti.jar:/home/travis/build/icyphy/ptII/lib/javax.mail.jar:/home/travis/bu
ild/icyphy/ptII/vendors/JMF-2.1.1e/lib/jmf.jar:/home/travis/build/icyphy/ptII/l
ib/jna-4.0.0-variadic.jar:/home/travis/build/icyphy/ptII/vendors/misc/joystick/
Joystick.jar:/home/travis/build/icyphy/ptII/lib/ptjacl.jar:/home/travis/build/i
cyphy/ptII/lib/jsoup-1.8.2.jar:/home/travis/build/icyphy/ptII/lib/junit-4.8.2.j
ar:/home/travis/build/icyphy/ptII/lib/JUnitParams-0.4.0.jar:/home/travis/build/
icyphy/ptII/ptolemy/actor/lib/excel/jxl.jar:/home/travis/build/icyphy/ptII/lib/
jython.jar:/home/travis/build/icyphy/ptII/lib/kieler.jar:/home/travis/build/icy
phy/ptII/vendors/opencv/share/OpenCV/java/opencv-341.jar:/home/travis/build/icy
phy/ptII/lib/oscP5.jar:/home/travis/build/icyphy/ptII/lib/nrjavaserial-3.11.0.d
evel.jar:/home/travis/build/icyphy/ptII/vendors/j3d/lib/Linux/j3dcore.jar:/home
/travis/build/icyphy/ptII/vendors/j3d/lib/Linux/j3dutils.jar:/home/travis/build
/icyphy/ptII/vendors/j3d/lib/Linux/vecmath.jar:/home/travis/build/icyphy/ptII/v
endors/jogl/lib/Linux/gluegen-rt-natives-linux-amd64.jar:/home/travis/build/icy
phy/ptII/vendors/jogl/lib/Linux/gluegen-rt.jar:/home/travis/build/icyphy/ptII/v
endors/jogl/lib/Linux/jogl-all-natives-linux-amd64.jar:/home/travis/build/icyph
y/ptII/vendors/jogl/lib/Linux/jogl-all.jar:/home/travis/build/icyphy/ptII/ptole
my/distributed/jini/jar/jini-core.jar:/home/travis/build/icyphy/ptII/ptolemy/di
stributed/jini/jar/jini-ext.jar:/home/travis/build/icyphy/ptII/ptolemy/distribu
ted/jini/jar/sun-util.jar:/home/travis/build/icyphy/ptII/lib/protobuf-java-2.4.
1.jar:/home/travis/build/icyphy/ptII/lib/org.eclipse.paho.client.mqttv3.jar:/ho
me/travis/build/icyphy/ptII/lib/mapss.jar:/home/travis/build/icyphy/ptII/ptolem
y/actor/ptalon/antlr/antlr.jar:/home/travis/build/icyphy/ptII/lib/JRI.jar:/home
/travis/build/icyphy/ptII/lib/commons-lang-2.6.jar:/home/travis/build/icyphy/pt
II/lib/commons-logging-1.1.1.jar:/home/travis/build/icyphy/ptII/lib/sootclasses
.jar:/home/travis/build/icyphy/ptII/ptolemy/actor/lib/database/mysql-connector-
java-5.1.6-bin.jar:/home/travis/build/icyphy/ptII/vendors/misc/sphinx4/sphinx4-
data-5prealpha.jar:/home/travis/build/icyphy/ptII/vendors/misc/sphinx4/sphinx4-
core-5prealpha.jar:/home/travis/build/icyphy/ptII/lib/PDFRenderer.jar:/home/tra
vis/build/icyphy/ptII/lib/svgSalamander.jar:/home/travis/build/icyphy/ptII/lib/
rsyntaxtextarea-2.6.0-SNAPSHOT.jar:/home/travis/build/icyphy/ptII/lib/hazelcast
-3.8.2.jar:/home/travis/build/icyphy/ptII/lib/jackson-annotations-2.9.0.jar:/ho
me/travis/build/icyphy/ptII/lib/jackson-core-2.9.3.jar:/home/travis/build/icyph
y/ptII/lib/jackson-databind-2.9.3.jar:/home/travis/build/icyphy/ptII/lib/netty-
buffer-4.1.19.Final.jar:/home/travis/build/icyphy/ptII/lib/netty-codec-4.1.19.F
inal.jar:/home/travis/build/icyphy/ptII/lib/netty-codec-dns-4.1.19.Final.jar:/h
ome/travis/build/icyphy/ptII/lib/netty-codec-http-4.1.19.Final.jar:/home/travis
/build/icyphy/ptII/lib/netty-codec-http2-4.1.19.Final.jar:/home/travis/build/ic
yphy/ptII/lib/netty-common-4.1.19.Final.jar:/home/travis/build/icyphy/ptII/lib/
netty-handler-4.1.19.Final.jar:/home/travis/build/icyphy/ptII/lib/netty-resolve
r-4.1.19.Final.jar:/home/travis/build/icyphy/ptII/lib/netty-resolver-dns-4.1.19
.Final.jar:/home/travis/build/icyphy/ptII/lib/netty-transport-4.1.19.Final.jar:
/home/travis/build/icyphy/ptII/lib/vertx-codegen-3.5.1.jar:/home/travis/build/i
cyphy/ptII/lib/vertx-core-3.5.2-SNAPSHOT.jar:/home/travis/build/icyphy/ptII/lib
/vertx-hazelcast-3.5.1.jar:/home/travis/build/icyphy/ptII/lib/vertx-lang-js-3.5
.1.jar:/home/travis/build/icyphy/ptII/lib/vertx-service-proxy-3.5.1.jar:/home/t
ravis/build/icyphy/ptII/lib/vertx-web-3.5.1.jar:/home/travis/build/icyphy/ptII/
lib/slf4j-api-1.7.13.jar:/home/travis/build/icyphy/ptII/lib/slf4j-simple-1.7.13
.jar:/home/travis/build/icyphy/ptII/lib/webcam-capture-0.3.12.jar:/home/travis/
build/icyphy/ptII/lib/bridj-0.7.0.jar:/home/travis/build/icyphy/ptII/lib/xbjlib
-1.1.0.nrjavaserial.jar:/home/travis/build/icyphy/ptII/ptolemy/moml/test:/home/
travis/build/icyphy/ptII/ant/lib/ant-launcher.jar:/home/travis/build/icyphy/ptI
I/ant/lib/ant.jar:/home/travis/build/icyphy/ptII/ant/lib/ant-junit.jar:/home/tr
avis/build/icyphy/ptII/ant/lib/ant-junit4.jar:/home/travis/build/icyphy/ptII
ModularCodeGen6_A_A_profile.java
total 2204
drwxrwxr-x   3 travis travis  12288 Mar  5 13:44 AbsoluteValue
drwxrwxr-x   3 travis travis 102400 Mar  5 13:43 AllColt
drwxrwxr-x   3 travis travis  12288 Mar  5 13:44 Case1
-rw-rw-r--   1 travis travis   5128 Mar  5 13:49 CompiledCompositeActor_CompiledCompositeActor.class
-rw-rw-r--   1 travis travis   1611 Mar  5 13:49 CompiledCompositeActor_CompiledCompositeActor$_CompiledCompositeActor_CompiledCompositeActor.class
-rw-rw-r--   1 travis travis  13466 Mar  5 13:49 CompiledCompositeActor_CompiledCompositeActor.java
-rw-rw-r--   1 travis travis   1593 Mar  5 13:49 CompiledCompositeActor_CompiledCompositeActor.mk
drwxrwxr-x   5 travis travis   4096 Mar  5 13:43 fmi
drwxrwxr-x   3 travis travis  16384 Mar  5 13:44 Gaussian2
-rw-rw-r--   1 travis travis   4684 Mar  5 13:49 JavaCompiledCompositeTest1_CompiledCompositeActor.class
-rw-rw-r--   1 travis travis  11637 Mar  5 13:49 JavaCompiledCompositeTest1_CompiledCompositeActor.java
-rw-rw-r--   1 travis travis   1217 Mar  5 13:49 JavaCompiledCompositeTest1_CompiledCompositeActor$_JavaCompiledCompositeTest1_CompiledCompositeActor.class
-rw-rw-r--   1 travis travis   1625 Mar  5 13:49 JavaCompiledCompositeTest1_CompiledCompositeActor.mk
-rw-rw-r--   1 travis travis   5115 Mar  5 13:49 JavaCompiledCompositeTest2_CompiledCompositeActor.class
-rw-rw-r--   1 travis travis  14919 Mar  5 13:49 JavaCompiledCompositeTest2_CompiledCompositeActor.java
-rw-rw-r--   1 travis travis   1812 Mar  5 13:49 JavaCompiledCompositeTest2_CompiledCompositeActor$_JavaCompiledCompositeTest2_CompiledCompositeActor.class
-rw-rw-r--   1 travis travis   1625 Mar  5 13:49 JavaCompiledCompositeTest2_CompiledCompositeActor.mk
-rw-rw-r--   1 travis travis   4732 Mar  5 13:49 JavaCompiledCompositeTest3_CompiledCompositeActor.class
-rw-rw-r--   1 travis travis  13080 Mar  5 13:49 JavaCompiledCompositeTest3_CompiledCompositeActor.java
-rw-rw-r--   1 travis travis   1397 Mar  5 13:49 JavaCompiledCompositeTest3_CompiledCompositeActor$_JavaCompiledCompositeTest3_CompiledCompositeActor.class
-rw-rw-r--   1 travis travis   1625 Mar  5 13:49 JavaCompiledCompositeTest3_CompiledCompositeActor.mk
-rw-rw-r--   1 travis travis   4183 Mar  5 13:49 JavaCompiledCompositeTest4_CompiledCompositeActor.class
-rw-rw-r--   1 travis travis   9687 Mar  5 13:49 JavaCompiledCompositeTest4_CompiledCompositeActor.java
-rw-rw-r--   1 travis travis    876 Mar  5 13:49 JavaCompiledCompositeTest4_CompiledCompositeActor$_JavaCompiledCompositeTest4_CompiledCompositeActor.class
-rw-rw-r--   1 travis travis   1625 Mar  5 13:49 JavaCompiledCompositeTest4_CompiledCompositeActor.mk
drwxrwxr-x   3 travis travis  12288 Mar  5 13:45 LookupTable
drwxrwxr-x   3 travis travis  20480 Mar  5 13:45 MaxIndex
-rw-rw-r--   1 travis travis   3925 Mar  5 13:49 ModularCG_A1_B1.class
-rw-rw-r--   1 travis travis   9730 Mar  5 13:49 ModularCG_A1_B1.java
-rw-rw-r--   1 travis travis    832 Mar  5 13:49 ModularCG_A1_B1.mk
-rw-rw-r--   1 travis travis   1318 Mar  5 13:49 ModularCG_A1_B1_profile.class
-rw-rw-r--   1 travis travis   1262 Mar  5 13:49 ModularCG_A1_B1_profile.java
-rw-rw-r--   1 travis travis   3925 Mar  5 13:50 ModularCG_A1_B2.class
-rw-rw-r--   1 travis travis   9730 Mar  5 13:50 ModularCG_A1_B2.java
-rw-rw-r--   1 travis travis    832 Mar  5 13:50 ModularCG_A1_B2.mk
-rw-rw-r--   1 travis travis   1318 Mar  5 13:50 ModularCG_A1_B2_profile.class
-rw-rw-r--   1 travis travis   1262 Mar  5 13:49 ModularCG_A1_B2_profile.java
-rw-rw-r--   1 travis travis   5031 Mar  5 13:50 ModularCG_A1.class
-rw-rw-r--   1 travis travis  14742 Mar  5 13:50 ModularCG_A1.java
-rw-rw-r--   1 travis travis    808 Mar  5 13:50 ModularCG_A1.mk
-rw-rw-r--   1 travis travis   1433 Mar  5 13:50 ModularCG_A1_profile.class
-rw-rw-r--   1 travis travis   1704 Mar  5 13:50 ModularCG_A1_profile.java
-rw-rw-r--   1 travis travis   4059 Mar  5 13:50 ModularCG_A2_B1.class
-rw-rw-r--   1 travis travis  10667 Mar  5 13:50 ModularCG_A2_B1.java
-rw-rw-r--   1 travis travis    832 Mar  5 13:50 ModularCG_A2_B1.mk
-rw-rw-r--   1 travis travis   1381 Mar  5 13:50 ModularCG_A2_B1_profile.class
-rw-rw-r--   1 travis travis   1446 Mar  5 13:50 ModularCG_A2_B1_profile.java
-rw-rw-r--   1 travis travis   3925 Mar  5 13:50 ModularCG_A2_B2.class
-rw-rw-r--   1 travis travis   9730 Mar  5 13:50 ModularCG_A2_B2.java
-rw-rw-r--   1 travis travis    832 Mar  5 13:50 ModularCG_A2_B2.mk
-rw-rw-r--   1 travis travis   1318 Mar  5 13:50 ModularCG_A2_B2_profile.class
-rw-rw-r--   1 travis travis   1262 Mar  5 13:50 ModularCG_A2_B2_profile.java
-rw-rw-r--   1 travis travis   5102 Mar  5 13:50 ModularCG_A2.class
-rw-rw-r--   1 travis travis  15129 Mar  5 13:50 ModularCG_A2.java
-rw-rw-r--   1 travis travis    808 Mar  5 13:50 ModularCG_A2.mk
-rw-rw-r--   1 travis travis   1433 Mar  5 13:50 ModularCG_A2_profile.class
-rw-rw-r--   1 travis travis   1704 Mar  5 13:50 ModularCG_A2_profile.java
-rw-rw-r--   1 travis travis   3705 Mar  5 13:50 ModularCGPubSub_A1_A2.class
-rw-rw-r--   1 travis travis   9076 Mar  5 13:50 ModularCGPubSub_A1_A2.java
-rw-rw-r--   1 travis travis    880 Mar  5 13:50 ModularCGPubSub_A1_A2.mk
-rw-rw-r--   1 travis travis   1300 Mar  5 13:50 ModularCGPubSub_A1_A2_profile.class
-rw-rw-r--   1 travis travis   1222 Mar  5 13:50 ModularCGPubSub_A1_A2_profile.java
-rw-rw-r--   1 travis travis   4022 Mar  5 13:50 ModularCGPubSub_A1.class
-rw-rw-r--   1 travis travis   9836 Mar  5 13:50 ModularCGPubSub_A1.java
-rw-rw-r--   1 travis travis    856 Mar  5 13:50 ModularCGPubSub_A1.mk
-rw-rw-r--   1 travis travis   1346 Mar  5 13:50 ModularCGPubSub_A1_profile.class
-rw-rw-r--   1 travis travis   1388 Mar  5 13:50 ModularCGPubSub_A1_profile.java
-rw-rw-r--   1 travis travis   4220 Mar  5 13:50 ModularCodeGen2_ModularCodeGenTypedCompositeActor.class
-rw-rw-r--   1 travis travis  11690 Mar  5 13:50 ModularCodeGen2_ModularCodeGenTypedCompositeActor.java
-rw-rw-r--   1 travis travis   1104 Mar  5 13:50 ModularCodeGen2_ModularCodeGenTypedCompositeActor.mk
-rw-rw-r--   1 travis travis   4504 Mar  5 13:50 ModularCodeGen2_ModularCodeGenTypedCompositeActor_ModularCodeGenTypedCompositeActor.class
-rw-rw-r--   1 travis travis  11790 Mar  5 13:50 ModularCodeGen2_ModularCodeGenTypedCompositeActor_ModularCodeGenTypedCompositeActor.java
-rw-rw-r--   1 travis travis   1376 Mar  5 13:50 ModularCodeGen2_ModularCodeGenTypedCompositeActor_ModularCodeGenTypedCompositeActor.mk
-rw-rw-r--   1 travis travis   1421 Mar  5 13:50 ModularCodeGen2_ModularCodeGenTypedCompositeActor_ModularCodeGenTypedCompositeActor_profile.class
-rw-rw-r--   1 travis travis   1294 Mar  5 13:50 ModularCodeGen2_ModularCodeGenTypedCompositeActor_ModularCodeGenTypedCompositeActor_profile.java
-rw-rw-r--   1 travis travis    820 Mar  5 13:50 ModularCodeGen2_ModularCodeGenTypedCompositeActor_profile.class
-rw-rw-r--   1 travis travis    693 Mar  5 13:50 ModularCodeGen2_ModularCodeGenTypedCompositeActor_profile.java
-rw-rw-r--   1 travis travis   3973 Mar  5 13:50 ModularCodeGen3_A1_B1.class
-rw-rw-r--   1 travis travis   9958 Mar  5 13:50 ModularCodeGen3_A1_B1.java
-rw-rw-r--   1 travis travis    880 Mar  5 13:50 ModularCodeGen3_A1_B1.mk
-rw-rw-r--   1 travis travis   1330 Mar  5 13:50 ModularCodeGen3_A1_B1_profile.class
-rw-rw-r--   1 travis travis   1274 Mar  5 13:50 ModularCodeGen3_A1_B1_profile.java
-rw-rw-r--   1 travis travis   3973 Mar  5 13:50 ModularCodeGen3_A1_B2.class
-rw-rw-r--   1 travis travis   9958 Mar  5 13:50 ModularCodeGen3_A1_B2.java
-rw-rw-r--   1 travis travis    880 Mar  5 13:50 ModularCodeGen3_A1_B2.mk
-rw-rw-r--   1 travis travis   1330 Mar  5 13:50 ModularCodeGen3_A1_B2_profile.class
-rw-rw-r--   1 travis travis   1274 Mar  5 13:50 ModularCodeGen3_A1_B2_profile.java
-rw-rw-r--   1 travis travis   5193 Mar  5 13:50 ModularCodeGen3_A1.class
-rw-rw-r--   1 travis travis  15564 Mar  5 13:50 ModularCodeGen3_A1.java
-rw-rw-r--   1 travis travis    856 Mar  5 13:50 ModularCodeGen3_A1.mk
-rw-rw-r--   1 travis travis   1445 Mar  5 13:50 ModularCodeGen3_A1_profile.class
-rw-rw-r--   1 travis travis   1716 Mar  5 13:50 ModularCodeGen3_A1_profile.java
-rw-rw-r--   1 travis travis   4119 Mar  5 13:50 ModularCodeGen3_A2_B1.class
-rw-rw-r--   1 travis travis  10955 Mar  5 13:50 ModularCodeGen3_A2_B1.java
-rw-rw-r--   1 travis travis    880 Mar  5 13:50 ModularCodeGen3_A2_B1.mk
-rw-rw-r--   1 travis travis   1393 Mar  5 13:50 ModularCodeGen3_A2_B1_profile.class
-rw-rw-r--   1 travis travis   1458 Mar  5 13:50 ModularCodeGen3_A2_B1_profile.java
-rw-rw-r--   1 travis travis   3973 Mar  5 13:50 ModularCodeGen3_A2_B2.class
-rw-rw-r--   1 travis travis   9958 Mar  5 13:50 ModularCodeGen3_A2_B2.java
-rw-rw-r--   1 travis travis    880 Mar  5 13:50 ModularCodeGen3_A2_B2.mk
-rw-rw-r--   1 travis travis   1330 Mar  5 13:50 ModularCodeGen3_A2_B2_profile.class
-rw-rw-r--   1 travis travis   1274 Mar  5 13:50 ModularCodeGen3_A2_B2_profile.java
-rw-rw-r--   1 travis travis   5270 Mar  5 13:50 ModularCodeGen3_A2.class
-rw-rw-r--   1 travis travis  15957 Mar  5 13:50 ModularCodeGen3_A2.java
-rw-rw-r--   1 travis travis    856 Mar  5 13:50 ModularCodeGen3_A2.mk
-rw-rw-r--   1 travis travis   1445 Mar  5 13:50 ModularCodeGen3_A2_profile.class
-rw-rw-r--   1 travis travis   1716 Mar  5 13:50 ModularCodeGen3_A2_profile.java
-rw-rw-r--   1 travis travis   4026 Mar  5 13:50 ModularCodeGen4_A1_B1.class
-rw-rw-r--   1 travis travis  10312 Mar  5 13:50 ModularCodeGen4_A1_B1.java
-rw-rw-r--   1 travis travis    880 Mar  5 13:50 ModularCodeGen4_A1_B1.mk
-rw-rw-r--   1 travis travis   1330 Mar  5 13:50 ModularCodeGen4_A1_B1_profile.class
-rw-rw-r--   1 travis travis   1273 Mar  5 13:50 ModularCodeGen4_A1_B1_profile.java
-rw-rw-r--   1 travis travis   4026 Mar  5 13:50 ModularCodeGen4_A1_B2.class
-rw-rw-r--   1 travis travis  10312 Mar  5 13:50 ModularCodeGen4_A1_B2.java
-rw-rw-r--   1 travis travis    880 Mar  5 13:50 ModularCodeGen4_A1_B2.mk
-rw-rw-r--   1 travis travis   1330 Mar  5 13:50 ModularCodeGen4_A1_B2_profile.class
-rw-rw-r--   1 travis travis   1273 Mar  5 13:50 ModularCodeGen4_A1_B2_profile.java
-rw-rw-r--   1 travis travis   5333 Mar  5 13:50 ModularCodeGen4_A1.class
-rw-rw-r--   1 travis travis  16245 Mar  5 13:50 ModularCodeGen4_A1.java
-rw-rw-r--   1 travis travis    856 Mar  5 13:50 ModularCodeGen4_A1.mk
-rw-rw-r--   1 travis travis   1445 Mar  5 13:50 ModularCodeGen4_A1_profile.class
-rw-rw-r--   1 travis travis   1712 Mar  5 13:50 ModularCodeGen4_A1_profile.java
-rw-rw-r--   1 travis travis   4220 Mar  5 13:50 ModularCodeGen4_A2_B1.class
-rw-rw-r--   1 travis travis  11375 Mar  5 13:50 ModularCodeGen4_A2_B1.java
-rw-rw-r--   1 travis travis    880 Mar  5 13:50 ModularCodeGen4_A2_B1.mk
-rw-rw-r--   1 travis travis   1393 Mar  5 13:50 ModularCodeGen4_A2_B1_profile.class
-rw-rw-r--   1 travis travis   1454 Mar  5 13:50 ModularCodeGen4_A2_B1_profile.java
-rw-rw-r--   1 travis travis   4074 Mar  5 13:50 ModularCodeGen4_A2_B2.class
-rw-rw-r--   1 travis travis  10378 Mar  5 13:50 ModularCodeGen4_A2_B2.java
-rw-rw-r--   1 travis travis    880 Mar  5 13:50 ModularCodeGen4_A2_B2.mk
-rw-rw-r--   1 travis travis   1330 Mar  5 13:50 ModularCodeGen4_A2_B2_profile.class
-rw-rw-r--   1 travis travis   1270 Mar  5 13:50 ModularCodeGen4_A2_B2_profile.java
-rw-rw-r--   1 travis travis   5506 Mar  5 13:50 ModularCodeGen4_A2.class
-rw-rw-r--   1 travis travis  16770 Mar  5 13:50 ModularCodeGen4_A2.java
-rw-rw-r--   1 travis travis    856 Mar  5 13:50 ModularCodeGen4_A2.mk
-rw-rw-r--   1 travis travis   1445 Mar  5 13:50 ModularCodeGen4_A2_profile.class
-rw-rw-r--   1 travis travis   1712 Mar  5 13:50 ModularCodeGen4_A2_profile.java
-rw-rw-r--   1 travis travis   7070 Mar  5 13:51 ModularCodeGen5_A_A.class
-rw-rw-r--   1 travis travis  28721 Mar  5 13:51 ModularCodeGen5_A_A.java
-rw-rw-r--   1 travis travis    864 Mar  5 13:51 ModularCodeGen5_A_A.mk
-rw-rw-r--   1 travis travis   1520 Mar  5 13:51 ModularCodeGen5_A_A_profile.class
-rw-rw-r--   1 travis travis   1815 Mar  5 13:50 ModularCodeGen5_A_A_profile.java
-rw-rw-r--   1 travis travis   5347 Mar  5 13:51 ModularCodeGen5_A.class
-rw-rw-r--   1 travis travis  13769 Mar  5 13:51 ModularCodeGen5_A.java
-rw-rw-r--   1 travis travis    848 Mar  5 13:51 ModularCodeGen5_A.mk
-rw-rw-r--   1 travis travis   1422 Mar  5 13:51 ModularCodeGen5_A_profile.class
-rw-rw-r--   1 travis travis   1605 Mar  5 13:51 ModularCodeGen5_A_profile.java
-rw-rw-r--   1 travis travis   1361 Mar  5 13:51 ModularCodeGen6_A_A_profile.java
-rw-rw-r--   1 travis travis   4186 Mar  5 13:50 ModularCodeGen_ModularCodeGenTypedCompositeActor.class
-rw-rw-r--   1 travis travis  10970 Mar  5 13:50 ModularCodeGen_ModularCodeGenTypedCompositeActor.java
-rw-rw-r--   1 travis travis   1096 Mar  5 13:50 ModularCodeGen_ModularCodeGenTypedCompositeActor.mk
-rw-rw-r--   1 travis travis   1384 Mar  5 13:50 ModularCodeGen_ModularCodeGenTypedCompositeActor_profile.class
-rw-rw-r--   1 travis travis   1328 Mar  5 13:50 ModularCodeGen_ModularCodeGenTypedCompositeActor_profile.java
-rw-rw-r--   1 travis travis   3724 Mar  5 13:49 ModularCodeGenTest_A1_A2.class
-rw-rw-r--   1 travis travis   9164 Mar  5 13:49 ModularCodeGenTest_A1_A2.java
-rw-rw-r--   1 travis travis   1306 Mar  5 13:49 ModularCodeGenTest_A1_A2_profile.class
-rw-rw-r--   1 travis travis   4055 Mar  5 13:49 ModularCodeGenTest_A1.class
-rw-rw-r--   1 travis travis   9968 Mar  5 13:49 ModularCodeGenTest_A1.java
-rw-rw-r--   1 travis travis    880 Mar  5 13:49 ModularCodeGenTest_A1.mk
-rw-rw-r--   1 travis travis   1352 Mar  5 13:49 ModularCodeGenTest_A1_profile.class
-rw-rw-r--   1 travis travis   1394 Mar  5 13:49 ModularCodeGenTest_A1_profile.java
drwxrwxr-x   3 travis travis  32768 Mar  5 13:49 modulation2
drwxrwxr-x 166 travis travis  12288 Mar  5 13:49 node_modules
drwxrwxr-x   3 travis travis  20480 Mar  5 13:45 PhaseUnwrap
drwxrwxr-x   3 travis travis  12288 Mar  5 13:45 ReadFile1
-rw-rw-r--   1 travis travis     11 Mar  5 13:45 ReadFile1Output.txt
-rw-rw-r--   1 travis travis  13773 Mar  5 13:49 Repeat.class
-rw-rw-r--   1 travis travis    685 Mar  5 13:49 Repeat$_fireFunction_Repeat_Repeat$__f_sL_11.class
-rw-rw-r--   1 travis travis    541 Mar  5 13:49 Repeat$_fireFunction_Repeat_Repeat$__f_sL_12.class
-rw-rw-r--   1 travis travis    541 Mar  5 13:49 Repeat$_fireFunction_Repeat_Repeat$__f_sL_13.class
-rw-rw-r--   1 travis travis    541 Mar  5 13:49 Repeat$_fireFunction_Repeat_Repeat$__f_sL_14.class
-rw-rw-r--   1 travis travis    684 Mar  5 13:49 Repeat$_fireFunction_Repeat_Repeat$__f_sL_1.class
-rw-rw-r--   1 travis travis    683 Mar  5 13:49 Repeat$_fireFunction_Repeat_Repeat$__f_sL_4.class
-rw-rw-r--   1 travis travis    539 Mar  5 13:49 Repeat$_fireFunction_Repeat_Repeat$__f_sL_9.class
-rw-rw-r--   1 travis travis    494 Mar  5 13:49 Repeat$_initialize_Repeat$__i_sL_2.class
-rw-rw-r--   1 travis travis   1281 Mar  5 13:49 Repeat.mk
-rw-rw-r--   1 travis travis    539 Mar  5 13:49 Repeat$_preinitializeMethod_Repeat$__p_sL_0.class
-rw-rw-r--   1 travis travis   1102 Mar  5 13:49 Repeat$_Repeat$_fireFunction_Repeat_AddSubtract_Repeat.class
-rw-rw-r--   1 travis travis    810 Mar  5 13:49 Repeat$_Repeat$_fireFunction_Repeat_AddSubtract_Repeat$__f_sL_0.class
-rw-rw-r--   1 travis travis    928 Mar  5 13:49 Repeat$_Repeat$_fireFunction_Repeat_AddSubtract_Repeat$__f_sL_1.class
-rw-rw-r--   1 travis travis    934 Mar  5 13:49 Repeat$_Repeat$_fireFunction_Repeat_AddSubtract_Repeat$__f_sL_2.class
-rw-rw-r--   1 travis travis    862 Mar  5 13:49 Repeat$_Repeat$_fireFunction_Repeat_AddSubtract_Repeat$__f_sL_3.class
-rw-rw-r--   1 travis travis    757 Mar  5 13:49 Repeat$_Repeat$_fireFunction_Repeat_Ramp2_Repeat$__f_sL_0.class
-rw-rw-r--   1 travis travis    888 Mar  5 13:49 Repeat$_Repeat$_fireFunction_Repeat_Test_Repeat$__f_sL_0.class
-rw-rw-r--   1 travis travis    634 Mar  5 13:49 Repeat$_Repeat$_fireFunction_Repeat_Test_Repeat$__f_sL_1.class
-rw-rw-r--   1 travis travis    704 Mar  5 13:49 Repeat$_Repeat_SDF_Director_run_Repeat$__R_sL_0.class
-rw-rw-r--   1 travis travis    705 Mar  5 13:49 Repeat$_Repeat_SDF_Director_run_Repeat$__R_sL_11.class
-rw-rw-r--   1 travis travis    561 Mar  5 13:49 Repeat$_Repeat_SDF_Director_run_Repeat$__R_sL_13.class
-rw-rw-r--   1 travis travis    559 Mar  5 13:49 Repeat$_Repeat_SDF_Director_run_Repeat$__R_sL_2.class
-rw-rw-r--   1 travis travis    703 Mar  5 13:49 Repeat$_Repeat_SDF_Director_run_Repeat$__R_sL_3.class
-rw-rw-r--   1 travis travis    559 Mar  5 13:49 Repeat$_Repeat_SDF_Director_run_Repeat$__R_sL_5.class
-rw-rw-r--   1 travis travis    559 Mar  5 13:49 Repeat$_Repeat_SDF_Director_run_Repeat$__R_sL_8.class
drwxrwxr-x   2 travis travis   4096 Mar  5 13:49 RepeatVariables
-rw-rw-r--   1 travis travis    882 Mar  5 13:49 Repeat$_varinit_Repeat.class
-rw-rw-r--   1 travis travis    550 Mar  5 13:49 Repeat$_varinit_Repeat$__v_sL_2.class
-rw-rw-r--   1 travis travis    924 Mar  5 13:49 Repeat$_varinit_Repeat$__v_sL_4.class
-rw-rw-r--   1 travis travis    978 Mar  5 13:49 Repeat$_wrapup_Repeat$__w_sL_1.class
drwxrwxr-x   3 travis travis  20480 Mar  5 13:46 Sinewave
drwxrwxr-x   3 travis travis  32768 Mar  5 13:47 StringFunction
drwxrwxr-x   3 travis travis  12288 Mar  5 13:47 StringLength
drwxrwxr-x   3 travis travis  61440 Mar  5 13:47 StringMatches2
drwxrwxr-x   3 travis travis  61440 Mar  5 13:48 StringSimpleReplace
drwxrwxr-x   3 travis travis  65536 Mar  5 13:48 StringSubstring
drwxrwxr-x   3 travis travis  24576 Mar  5 13:48 StringSubstring2
drwxrwxr-x   3 travis travis  16384 Mar  5 13:49 time1
drwxrwxr-x   3 travis travis  12288 Mar  5 13:49 time5
-rw-rw-r--   1 travis travis    432 Mar  5 13:51 Token.class
-rw-rw-r--   1 travis travis    251 Mar  5 13:51 Token.java
-rwxrwxr-x   1 travis travis 466992 Mar  5 13:43 top
-rw-rw-r--   1 travis travis  20502 Mar  5 13:43 top.c
-rw-rw-r--   1 travis travis   3799 Mar  5 13:49 top.class
-rw-rw-r--   1 travis travis   1257 Mar  5 13:49 top.mk
All Done
Writing ModularCodeGen6_A_A.java in file:/home/travis/cg/ (11221 characters)
Reading "ptolemy/cg/kernel/generic/program/procedural/java/modular/makefile.in",
    writing "/home/travis/cg/ModularCodeGen6_A_A.mk"
Using ptolemy/cg/kernel/generic/program/procedural/java/modular/makefile.in
In "/home/travis/cg", about to execute:
    make -f ModularCodeGen6_A_A.mk
javac -classpath ".:.."    ModularCodeGen6_A_A.java
All Done
In "/home/travis/cg", about to execute:
    pwd
/home/travis/cg
In "/home/travis/cg", about to execute:
    ls -l
total 2236
drwxrwxr-x   3 travis travis  12288 Mar  5 13:44 AbsoluteValue
drwxrwxr-x   3 travis travis 102400 Mar  5 13:43 AllColt
drwxrwxr-x   3 travis travis  12288 Mar  5 13:44 Case1
-rw-rw-r--   1 travis travis   5128 Mar  5 13:49 CompiledCompositeActor_CompiledCompositeActor.class
-rw-rw-r--   1 travis travis   1611 Mar  5 13:49 CompiledCompositeActor_CompiledCompositeActor$_CompiledCompositeActor_CompiledCompositeActor.class
-rw-rw-r--   1 travis travis  13466 Mar  5 13:49 CompiledCompositeActor_CompiledCompositeActor.java
-rw-rw-r--   1 travis travis   1593 Mar  5 13:49 CompiledCompositeActor_CompiledCompositeActor.mk
drwxrwxr-x   5 travis travis   4096 Mar  5 13:43 fmi
drwxrwxr-x   3 travis travis  16384 Mar  5 13:44 Gaussian2
-rw-rw-r--   1 travis travis   4684 Mar  5 13:49 JavaCompiledCompositeTest1_CompiledCompositeActor.class
-rw-rw-r--   1 travis travis  11637 Mar  5 13:49 JavaCompiledCompositeTest1_CompiledCompositeActor.java
-rw-rw-r--   1 travis travis   1217 Mar  5 13:49 JavaCompiledCompositeTest1_CompiledCompositeActor$_JavaCompiledCompositeTest1_CompiledCompositeActor.class
-rw-rw-r--   1 travis travis   1625 Mar  5 13:49 JavaCompiledCompositeTest1_CompiledCompositeActor.mk
-rw-rw-r--   1 travis travis   5115 Mar  5 13:49 JavaCompiledCompositeTest2_CompiledCompositeActor.class
-rw-rw-r--   1 travis travis  14919 Mar  5 13:49 JavaCompiledCompositeTest2_CompiledCompositeActor.java
-rw-rw-r--   1 travis travis   1812 Mar  5 13:49 JavaCompiledCompositeTest2_CompiledCompositeActor$_JavaCompiledCompositeTest2_CompiledCompositeActor.class
-rw-rw-r--   1 travis travis   1625 Mar  5 13:49 JavaCompiledCompositeTest2_CompiledCompositeActor.mk
-rw-rw-r--   1 travis travis   4732 Mar  5 13:49 JavaCompiledCompositeTest3_CompiledCompositeActor.class
-rw-rw-r--   1 travis travis  13080 Mar  5 13:49 JavaCompiledCompositeTest3_CompiledCompositeActor.java
-rw-rw-r--   1 travis travis   1397 Mar  5 13:49 JavaCompiledCompositeTest3_CompiledCompositeActor$_JavaCompiledCompositeTest3_CompiledCompositeActor.class
-rw-rw-r--   1 travis travis   1625 Mar  5 13:49 JavaCompiledCompositeTest3_CompiledCompositeActor.mk
-rw-rw-r--   1 travis travis   4183 Mar  5 13:49 JavaCompiledCompositeTest4_CompiledCompositeActor.class
-rw-rw-r--   1 travis travis   9687 Mar  5 13:49 JavaCompiledCompositeTest4_CompiledCompositeActor.java
-rw-rw-r--   1 travis travis    876 Mar  5 13:49 JavaCompiledCompositeTest4_CompiledCompositeActor$_JavaCompiledCompositeTest4_CompiledCompositeActor.class
-rw-rw-r--   1 travis travis   1625 Mar  5 13:49 JavaCompiledCompositeTest4_CompiledCompositeActor.mk
drwxrwxr-x   3 travis travis  12288 Mar  5 13:45 LookupTable
drwxrwxr-x   3 travis travis  20480 Mar  5 13:45 MaxIndex
-rw-rw-r--   1 travis travis   3925 Mar  5 13:49 ModularCG_A1_B1.class
-rw-rw-r--   1 travis travis   9730 Mar  5 13:49 ModularCG_A1_B1.java
-rw-rw-r--   1 travis travis    832 Mar  5 13:49 ModularCG_A1_B1.mk
-rw-rw-r--   1 travis travis   1318 Mar  5 13:49 ModularCG_A1_B1_profile.class
-rw-rw-r--   1 travis travis   1262 Mar  5 13:49 ModularCG_A1_B1_profile.java
-rw-rw-r--   1 travis travis   3925 Mar  5 13:50 ModularCG_A1_B2.class
-rw-rw-r--   1 travis travis   9730 Mar  5 13:50 ModularCG_A1_B2.java
-rw-rw-r--   1 travis travis    832 Mar  5 13:50 ModularCG_A1_B2.mk
-rw-rw-r--   1 travis travis   1318 Mar  5 13:50 ModularCG_A1_B2_profile.class
-rw-rw-r--   1 travis travis   1262 Mar  5 13:49 ModularCG_A1_B2_profile.java
-rw-rw-r--   1 travis travis   5031 Mar  5 13:50 ModularCG_A1.class
-rw-rw-r--   1 travis travis  14742 Mar  5 13:50 ModularCG_A1.java
-rw-rw-r--   1 travis travis    808 Mar  5 13:50 ModularCG_A1.mk
-rw-rw-r--   1 travis travis   1433 Mar  5 13:50 ModularCG_A1_profile.class
-rw-rw-r--   1 travis travis   1704 Mar  5 13:50 ModularCG_A1_profile.java
-rw-rw-r--   1 travis travis   4059 Mar  5 13:50 ModularCG_A2_B1.class
-rw-rw-r--   1 travis travis  10667 Mar  5 13:50 ModularCG_A2_B1.java
-rw-rw-r--   1 travis travis    832 Mar  5 13:50 ModularCG_A2_B1.mk
-rw-rw-r--   1 travis travis   1381 Mar  5 13:50 ModularCG_A2_B1_profile.class
-rw-rw-r--   1 travis travis   1446 Mar  5 13:50 ModularCG_A2_B1_profile.java
-rw-rw-r--   1 travis travis   3925 Mar  5 13:50 ModularCG_A2_B2.class
-rw-rw-r--   1 travis travis   9730 Mar  5 13:50 ModularCG_A2_B2.java
-rw-rw-r--   1 travis travis    832 Mar  5 13:50 ModularCG_A2_B2.mk
-rw-rw-r--   1 travis travis   1318 Mar  5 13:50 ModularCG_A2_B2_profile.class
-rw-rw-r--   1 travis travis   1262 Mar  5 13:50 ModularCG_A2_B2_profile.java
-rw-rw-r--   1 travis travis   5102 Mar  5 13:50 ModularCG_A2.class
-rw-rw-r--   1 travis travis  15129 Mar  5 13:50 ModularCG_A2.java
-rw-rw-r--   1 travis travis    808 Mar  5 13:50 ModularCG_A2.mk
-rw-rw-r--   1 travis travis   1433 Mar  5 13:50 ModularCG_A2_profile.class
-rw-rw-r--   1 travis travis   1704 Mar  5 13:50 ModularCG_A2_profile.java
-rw-rw-r--   1 travis travis   3705 Mar  5 13:50 ModularCGPubSub_A1_A2.class
-rw-rw-r--   1 travis travis   9076 Mar  5 13:50 ModularCGPubSub_A1_A2.java
-rw-rw-r--   1 travis travis    880 Mar  5 13:50 ModularCGPubSub_A1_A2.mk
-rw-rw-r--   1 travis travis   1300 Mar  5 13:50 ModularCGPubSub_A1_A2_profile.class
-rw-rw-r--   1 travis travis   1222 Mar  5 13:50 ModularCGPubSub_A1_A2_profile.java
-rw-rw-r--   1 travis travis   4022 Mar  5 13:50 ModularCGPubSub_A1.class
-rw-rw-r--   1 travis travis   9836 Mar  5 13:50 ModularCGPubSub_A1.java
-rw-rw-r--   1 travis travis    856 Mar  5 13:50 ModularCGPubSub_A1.mk
-rw-rw-r--   1 travis travis   1346 Mar  5 13:50 ModularCGPubSub_A1_profile.class
-rw-rw-r--   1 travis travis   1388 Mar  5 13:50 ModularCGPubSub_A1_profile.java
-rw-rw-r--   1 travis travis   4220 Mar  5 13:50 ModularCodeGen2_ModularCodeGenTypedCompositeActor.class
-rw-rw-r--   1 travis travis  11690 Mar  5 13:50 ModularCodeGen2_ModularCodeGenTypedCompositeActor.java
-rw-rw-r--   1 travis travis   1104 Mar  5 13:50 ModularCodeGen2_ModularCodeGenTypedCompositeActor.mk
-rw-rw-r--   1 travis travis   4504 Mar  5 13:50 ModularCodeGen2_ModularCodeGenTypedCompositeActor_ModularCodeGenTypedCompositeActor.class
-rw-rw-r--   1 travis travis  11790 Mar  5 13:50 ModularCodeGen2_ModularCodeGenTypedCompositeActor_ModularCodeGenTypedCompositeActor.java
-rw-rw-r--   1 travis travis   1376 Mar  5 13:50 ModularCodeGen2_ModularCodeGenTypedCompositeActor_ModularCodeGenTypedCompositeActor.mk
-rw-rw-r--   1 travis travis   1421 Mar  5 13:50 ModularCodeGen2_ModularCodeGenTypedCompositeActor_ModularCodeGenTypedCompositeActor_profile.class
-rw-rw-r--   1 travis travis   1294 Mar  5 13:50 ModularCodeGen2_ModularCodeGenTypedCompositeActor_ModularCodeGenTypedCompositeActor_profile.java
-rw-rw-r--   1 travis travis    820 Mar  5 13:50 ModularCodeGen2_ModularCodeGenTypedCompositeActor_profile.class
-rw-rw-r--   1 travis travis    693 Mar  5 13:50 ModularCodeGen2_ModularCodeGenTypedCompositeActor_profile.java
-rw-rw-r--   1 travis travis   3973 Mar  5 13:50 ModularCodeGen3_A1_B1.class
-rw-rw-r--   1 travis travis   9958 Mar  5 13:50 ModularCodeGen3_A1_B1.java
-rw-rw-r--   1 travis travis    880 Mar  5 13:50 ModularCodeGen3_A1_B1.mk
-rw-rw-r--   1 travis travis   1330 Mar  5 13:50 ModularCodeGen3_A1_B1_profile.class
-rw-rw-r--   1 travis travis   1274 Mar  5 13:50 ModularCodeGen3_A1_B1_profile.java
-rw-rw-r--   1 travis travis   3973 Mar  5 13:50 ModularCodeGen3_A1_B2.class
-rw-rw-r--   1 travis travis   9958 Mar  5 13:50 ModularCodeGen3_A1_B2.java
-rw-rw-r--   1 travis travis    880 Mar  5 13:50 ModularCodeGen3_A1_B2.mk
-rw-rw-r--   1 travis travis   1330 Mar  5 13:50 ModularCodeGen3_A1_B2_profile.class
-rw-rw-r--   1 travis travis   1274 Mar  5 13:50 ModularCodeGen3_A1_B2_profile.java
-rw-rw-r--   1 travis travis   5193 Mar  5 13:50 ModularCodeGen3_A1.class
-rw-rw-r--   1 travis travis  15564 Mar  5 13:50 ModularCodeGen3_A1.java
-rw-rw-r--   1 travis travis    856 Mar  5 13:50 ModularCodeGen3_A1.mk
-rw-rw-r--   1 travis travis   1445 Mar  5 13:50 ModularCodeGen3_A1_profile.class
-rw-rw-r--   1 travis travis   1716 Mar  5 13:50 ModularCodeGen3_A1_profile.java
-rw-rw-r--   1 travis travis   4119 Mar  5 13:50 ModularCodeGen3_A2_B1.class
-rw-rw-r--   1 travis travis  10955 Mar  5 13:50 ModularCodeGen3_A2_B1.java
-rw-rw-r--   1 travis travis    880 Mar  5 13:50 ModularCodeGen3_A2_B1.mk
-rw-rw-r--   1 travis travis   1393 Mar  5 13:50 ModularCodeGen3_A2_B1_profile.class
-rw-rw-r--   1 travis travis   1458 Mar  5 13:50 ModularCodeGen3_A2_B1_profile.java
-rw-rw-r--   1 travis travis   3973 Mar  5 13:50 ModularCodeGen3_A2_B2.class
-rw-rw-r--   1 travis travis   9958 Mar  5 13:50 ModularCodeGen3_A2_B2.java
-rw-rw-r--   1 travis travis    880 Mar  5 13:50 ModularCodeGen3_A2_B2.mk
-rw-rw-r--   1 travis travis   1330 Mar  5 13:50 ModularCodeGen3_A2_B2_profile.class
-rw-rw-r--   1 travis travis   1274 Mar  5 13:50 ModularCodeGen3_A2_B2_profile.java
-rw-rw-r--   1 travis travis   5270 Mar  5 13:50 ModularCodeGen3_A2.class
-rw-rw-r--   1 travis travis  15957 Mar  5 13:50 ModularCodeGen3_A2.java
-rw-rw-r--   1 travis travis    856 Mar  5 13:50 ModularCodeGen3_A2.mk
-rw-rw-r--   1 travis travis   1445 Mar  5 13:50 ModularCodeGen3_A2_profile.class
-rw-rw-r--   1 travis travis   1716 Mar  5 13:50 ModularCodeGen3_A2_profile.java
-rw-rw-r--   1 travis travis   4026 Mar  5 13:50 ModularCodeGen4_A1_B1.class
-rw-rw-r--   1 travis travis  10312 Mar  5 13:50 ModularCodeGen4_A1_B1.java
-rw-rw-r--   1 travis travis    880 Mar  5 13:50 ModularCodeGen4_A1_B1.mk
-rw-rw-r--   1 travis travis   1330 Mar  5 13:50 ModularCodeGen4_A1_B1_profile.class
-rw-rw-r--   1 travis travis   1273 Mar  5 13:50 ModularCodeGen4_A1_B1_profile.java
-rw-rw-r--   1 travis travis   4026 Mar  5 13:50 ModularCodeGen4_A1_B2.class
-rw-rw-r--   1 travis travis  10312 Mar  5 13:50 ModularCodeGen4_A1_B2.java
-rw-rw-r--   1 travis travis    880 Mar  5 13:50 ModularCodeGen4_A1_B2.mk
-rw-rw-r--   1 travis travis   1330 Mar  5 13:50 ModularCodeGen4_A1_B2_profile.class
-rw-rw-r--   1 travis travis   1273 Mar  5 13:50 ModularCodeGen4_A1_B2_profile.java
-rw-rw-r--   1 travis travis   5333 Mar  5 13:50 ModularCodeGen4_A1.class
-rw-rw-r--   1 travis travis  16245 Mar  5 13:50 ModularCodeGen4_A1.java
-rw-rw-r--   1 travis travis    856 Mar  5 13:50 ModularCodeGen4_A1.mk
-rw-rw-r--   1 travis travis   1445 Mar  5 13:50 ModularCodeGen4_A1_profile.class
-rw-rw-r--   1 travis travis   1712 Mar  5 13:50 ModularCodeGen4_A1_profile.java
-rw-rw-r--   1 travis travis   4220 Mar  5 13:50 ModularCodeGen4_A2_B1.class
-rw-rw-r--   1 travis travis  11375 Mar  5 13:50 ModularCodeGen4_A2_B1.java
-rw-rw-r--   1 travis travis    880 Mar  5 13:50 ModularCodeGen4_A2_B1.mk
-rw-rw-r--   1 travis travis   1393 Mar  5 13:50 ModularCodeGen4_A2_B1_profile.class
-rw-rw-r--   1 travis travis   1454 Mar  5 13:50 ModularCodeGen4_A2_B1_profile.java
-rw-rw-r--   1 travis travis   4074 Mar  5 13:50 ModularCodeGen4_A2_B2.class
-rw-rw-r--   1 travis travis  10378 Mar  5 13:50 ModularCodeGen4_A2_B2.java
-rw-rw-r--   1 travis travis    880 Mar  5 13:50 ModularCodeGen4_A2_B2.mk
-rw-rw-r--   1 travis travis   1330 Mar  5 13:50 ModularCodeGen4_A2_B2_profile.class
-rw-rw-r--   1 travis travis   1270 Mar  5 13:50 ModularCodeGen4_A2_B2_profile.java
-rw-rw-r--   1 travis travis   5506 Mar  5 13:50 ModularCodeGen4_A2.class
-rw-rw-r--   1 travis travis  16770 Mar  5 13:50 ModularCodeGen4_A2.java
-rw-rw-r--   1 travis travis    856 Mar  5 13:50 ModularCodeGen4_A2.mk
-rw-rw-r--   1 travis travis   1445 Mar  5 13:50 ModularCodeGen4_A2_profile.class
-rw-rw-r--   1 travis travis   1712 Mar  5 13:50 ModularCodeGen4_A2_profile.java
-rw-rw-r--   1 travis travis   7070 Mar  5 13:51 ModularCodeGen5_A_A.class
-rw-rw-r--   1 travis travis  28721 Mar  5 13:51 ModularCodeGen5_A_A.java
-rw-rw-r--   1 travis travis    864 Mar  5 13:51 ModularCodeGen5_A_A.mk
-rw-rw-r--   1 travis travis   1520 Mar  5 13:51 ModularCodeGen5_A_A_profile.class
-rw-rw-r--   1 travis travis   1815 Mar  5 13:50 ModularCodeGen5_A_A_profile.java
-rw-rw-r--   1 travis travis   5347 Mar  5 13:51 ModularCodeGen5_A.class
-rw-rw-r--   1 travis travis  13769 Mar  5 13:51 ModularCodeGen5_A.java
-rw-rw-r--   1 travis travis    848 Mar  5 13:51 ModularCodeGen5_A.mk
-rw-rw-r--   1 travis travis   1422 Mar  5 13:51 ModularCodeGen5_A_profile.class
-rw-rw-r--   1 travis travis   1605 Mar  5 13:51 ModularCodeGen5_A_profile.java
-rw-rw-r--   1 travis travis   1364 Mar  5 13:51 ModularCodeGen6_A_A2_profile.java
-rw-rw-r--   1 travis travis   4340 Mar  5 13:51 ModularCodeGen6_A_A.class
-rw-rw-r--   1 travis travis  11221 Mar  5 13:51 ModularCodeGen6_A_A.java
-rw-rw-r--   1 travis travis    864 Mar  5 13:51 ModularCodeGen6_A_A.mk
-rw-rw-r--   1 travis travis   1348 Mar  5 13:51 ModularCodeGen6_A_A_profile.class
-rw-rw-r--   1 travis travis   1361 Mar  5 13:51 ModularCodeGen6_A_A_profile.java
-rw-rw-r--   1 travis travis   4186 Mar  5 13:50 ModularCodeGen_ModularCodeGenTypedCompositeActor.class
-rw-rw-r--   1 travis travis  10970 Mar  5 13:50 ModularCodeGen_ModularCodeGenTypedCompositeActor.java
-rw-rw-r--   1 travis travis   1096 Mar  5 13:50 ModularCodeGen_ModularCodeGenTypedCompositeActor.mk
-rw-rw-r--   1 travis travis   1384 Mar  5 13:50 ModularCodeGen_ModularCodeGenTypedCompositeActor_profile.class
-rw-rw-r--   1 travis travis   1328 Mar  5 13:50 ModularCodeGen_ModularCodeGenTypedCompositeActor_profile.java
-rw-rw-r--   1 travis travis   3724 Mar  5 13:49 ModularCodeGenTest_A1_A2.class
-rw-rw-r--   1 travis travis   9164 Mar  5 13:49 ModularCodeGenTest_A1_A2.java
-rw-rw-r--   1 travis travis   1306 Mar  5 13:49 ModularCodeGenTest_A1_A2_profile.class
-rw-rw-r--   1 travis travis   4055 Mar  5 13:49 ModularCodeGenTest_A1.class
-rw-rw-r--   1 travis travis   9968 Mar  5 13:49 ModularCodeGenTest_A1.java
-rw-rw-r--   1 travis travis    880 Mar  5 13:49 ModularCodeGenTest_A1.mk
-rw-rw-r--   1 travis travis   1352 Mar  5 13:49 ModularCodeGenTest_A1_profile.class
-rw-rw-r--   1 travis travis   1394 Mar  5 13:49 ModularCodeGenTest_A1_profile.java
drwxrwxr-x   3 travis travis  32768 Mar  5 13:49 modulation2
drwxrwxr-x 166 travis travis  12288 Mar  5 13:49 node_modules
drwxrwxr-x   3 travis travis  20480 Mar  5 13:45 PhaseUnwrap
drwxrwxr-x   3 travis travis  12288 Mar  5 13:45 ReadFile1
-rw-rw-r--   1 travis travis     11 Mar  5 13:45 ReadFile1Output.txt
-rw-rw-r--   1 travis travis  13773 Mar  5 13:49 Repeat.class
-rw-rw-r--   1 travis travis    685 Mar  5 13:49 Repeat$_fireFunction_Repeat_Repeat$__f_sL_11.class
-rw-rw-r--   1 travis travis    541 Mar  5 13:49 Repeat$_fireFunction_Repeat_Repeat$__f_sL_12.class
-rw-rw-r--   1 travis travis    541 Mar  5 13:49 Repeat$_fireFunction_Repeat_Repeat$__f_sL_13.class
-rw-rw-r--   1 travis travis    541 Mar  5 13:49 Repeat$_fireFunction_Repeat_Repeat$__f_sL_14.class
-rw-rw-r--   1 travis travis    684 Mar  5 13:49 Repeat$_fireFunction_Repeat_Repeat$__f_sL_1.class
-rw-rw-r--   1 travis travis    683 Mar  5 13:49 Repeat$_fireFunction_Repeat_Repeat$__f_sL_4.class
-rw-rw-r--   1 travis travis    539 Mar  5 13:49 Repeat$_fireFunction_Repeat_Repeat$__f_sL_9.class
-rw-rw-r--   1 travis travis    494 Mar  5 13:49 Repeat$_initialize_Repeat$__i_sL_2.class
-rw-rw-r--   1 travis travis   1281 Mar  5 13:49 Repeat.mk
-rw-rw-r--   1 travis travis    539 Mar  5 13:49 Repeat$_preinitializeMethod_Repeat$__p_sL_0.class
-rw-rw-r--   1 travis travis   1102 Mar  5 13:49 Repeat$_Repeat$_fireFunction_Repeat_AddSubtract_Repeat.class
-rw-rw-r--   1 travis travis    810 Mar  5 13:49 Repeat$_Repeat$_fireFunction_Repeat_AddSubtract_Repeat$__f_sL_0.class
-rw-rw-r--   1 travis travis    928 Mar  5 13:49 Repeat$_Repeat$_fireFunction_Repeat_AddSubtract_Repeat$__f_sL_1.class
-rw-rw-r--   1 travis travis    934 Mar  5 13:49 Repeat$_Repeat$_fireFunction_Repeat_AddSubtract_Repeat$__f_sL_2.class
-rw-rw-r--   1 travis travis    862 Mar  5 13:49 Repeat$_Repeat$_fireFunction_Repeat_AddSubtract_Repeat$__f_sL_3.class
-rw-rw-r--   1 travis travis    757 Mar  5 13:49 Repeat$_Repeat$_fireFunction_Repeat_Ramp2_Repeat$__f_sL_0.class
-rw-rw-r--   1 travis travis    888 Mar  5 13:49 Repeat$_Repeat$_fireFunction_Repeat_Test_Repeat$__f_sL_0.class
-rw-rw-r--   1 travis travis    634 Mar  5 13:49 Repeat$_Repeat$_fireFunction_Repeat_Test_Repeat$__f_sL_1.class
-rw-rw-r--   1 travis travis    704 Mar  5 13:49 Repeat$_Repeat_SDF_Director_run_Repeat$__R_sL_0.class
-rw-rw-r--   1 travis travis    705 Mar  5 13:49 Repeat$_Repeat_SDF_Director_run_Repeat$__R_sL_11.class
-rw-rw-r--   1 travis travis    561 Mar  5 13:49 Repeat$_Repeat_SDF_Director_run_Repeat$__R_sL_13.class
-rw-rw-r--   1 travis travis    559 Mar  5 13:49 Repeat$_Repeat_SDF_Director_run_Repeat$__R_sL_2.class
-rw-rw-r--   1 travis travis    703 Mar  5 13:49 Repeat$_Repeat_SDF_Director_run_Repeat$__R_sL_3.class
-rw-rw-r--   1 travis travis    559 Mar  5 13:49 Repeat$_Repeat_SDF_Director_run_Repeat$__R_sL_5.class
-rw-rw-r--   1 travis travis    559 Mar  5 13:49 Repeat$_Repeat_SDF_Director_run_Repeat$__R_sL_8.class
drwxrwxr-x   2 travis travis   4096 Mar  5 13:49 RepeatVariables
-rw-rw-r--   1 travis travis    882 Mar  5 13:49 Repeat$_varinit_Repeat.class
-rw-rw-r--   1 travis travis    550 Mar  5 13:49 Repeat$_varinit_Repeat$__v_sL_2.class
-rw-rw-r--   1 travis travis    924 Mar  5 13:49 Repeat$_varinit_Repeat$__v_sL_4.class
-rw-rw-r--   1 travis travis    978 Mar  5 13:49 Repeat$_wrapup_Repeat$__w_sL_1.class
drwxrwxr-x   3 travis travis  20480 Mar  5 13:46 Sinewave
drwxrwxr-x   3 travis travis  32768 Mar  5 13:47 StringFunction
drwxrwxr-x   3 travis travis  12288 Mar  5 13:47 StringLength
drwxrwxr-x   3 travis travis  61440 Mar  5 13:47 StringMatches2
drwxrwxr-x   3 travis travis  61440 Mar  5 13:48 StringSimpleReplace
drwxrwxr-x   3 travis travis  65536 Mar  5 13:48 StringSubstring
drwxrwxr-x   3 travis travis  24576 Mar  5 13:48 StringSubstring2
drwxrwxr-x   3 travis travis  16384 Mar  5 13:49 time1
drwxrwxr-x   3 travis travis  12288 Mar  5 13:49 time5
-rw-rw-r--   1 travis travis    432 Mar  5 13:51 Token.class
-rw-rw-r--   1 travis travis    251 Mar  5 13:51 Token.java
-rwxrwxr-x   1 travis travis 466992 Mar  5 13:43 top
-rw-rw-r--   1 travis travis  20502 Mar  5 13:43 top.c
-rw-rw-r--   1 travis travis   3799 Mar  5 13:49 top.class
-rw-rw-r--   1 travis travis   1257 Mar  5 13:49 top.mk
In "/home/travis/cg", about to execute:
    javac -classpath
.:/home/travis/build/icyphy/ptII:/home/travis/build/icyphy/ptII/lib/bsh-2.0b4.j
ar:/home/travis/build/icyphy/ptII/lib/ptCal.jar:/home/travis/build/icyphy/ptII/
lib/java_cup.jar:/home/travis/build/icyphy/ptII/lib/saxon8.jar:/home/travis/bui
ld/icyphy/ptII/lib/saxon8-dom.jar:/home/travis/build/icyphy/ptII/lib/chic.jar:/
home/travis/build/icyphy/ptII/lib/ptcolt.jar:/home/travis/build/icyphy/ptII/ven
dors/misc/itext/iText.jar:/home/travis/build/icyphy/ptII/lib/g4ltl.jar:/home/tr
avis/build/icyphy/ptII/lib/StructuralCoder.jar:/home/travis/build/icyphy/ptII/l
ib/jcerti.jar:/home/travis/build/icyphy/ptII/lib/javax.mail.jar:/home/travis/bu
ild/icyphy/ptII/vendors/JMF-2.1.1e/lib/jmf.jar:/home/travis/build/icyphy/ptII/l
ib/jna-4.0.0-variadic.jar:/home/travis/build/icyphy/ptII/vendors/misc/joystick/
Joystick.jar:/home/travis/build/icyphy/ptII/lib/ptjacl.jar:/home/travis/build/i
cyphy/ptII/lib/jsoup-1.8.2.jar:/home/travis/build/icyphy/ptII/lib/junit-4.8.2.j
ar:/home/travis/build/icyphy/ptII/lib/JUnitParams-0.4.0.jar:/home/travis/build/
icyphy/ptII/ptolemy/actor/lib/excel/jxl.jar:/home/travis/build/icyphy/ptII/lib/
jython.jar:/home/travis/build/icyphy/ptII/lib/kieler.jar:/home/travis/build/icy
phy/ptII/vendors/opencv/share/OpenCV/java/opencv-341.jar:/home/travis/build/icy
phy/ptII/lib/oscP5.jar:/home/travis/build/icyphy/ptII/lib/nrjavaserial-3.11.0.d
evel.jar:/home/travis/build/icyphy/ptII/vendors/j3d/lib/Linux/j3dcore.jar:/home
/travis/build/icyphy/ptII/vendors/j3d/lib/Linux/j3dutils.jar:/home/travis/build
/icyphy/ptII/vendors/j3d/lib/Linux/vecmath.jar:/home/travis/build/icyphy/ptII/v
endors/jogl/lib/Linux/gluegen-rt-natives-linux-amd64.jar:/home/travis/build/icy
phy/ptII/vendors/jogl/lib/Linux/gluegen-rt.jar:/home/travis/build/icyphy/ptII/v
endors/jogl/lib/Linux/jogl-all-natives-linux-amd64.jar:/home/travis/build/icyph
y/ptII/vendors/jogl/lib/Linux/jogl-all.jar:/home/travis/build/icyphy/ptII/ptole
my/distributed/jini/jar/jini-core.jar:/home/travis/build/icyphy/ptII/ptolemy/di
stributed/jini/jar/jini-ext.jar:/home/travis/build/icyphy/ptII/ptolemy/distribu
ted/jini/jar/sun-util.jar:/home/travis/build/icyphy/ptII/lib/protobuf-java-2.4.
1.jar:/home/travis/build/icyphy/ptII/lib/org.eclipse.paho.client.mqttv3.jar:/ho
me/travis/build/icyphy/ptII/lib/mapss.jar:/home/travis/build/icyphy/ptII/ptolem
y/actor/ptalon/antlr/antlr.jar:/home/travis/build/icyphy/ptII/lib/JRI.jar:/home
/travis/build/icyphy/ptII/lib/commons-lang-2.6.jar:/home/travis/build/icyphy/pt
II/lib/commons-logging-1.1.1.jar:/home/travis/build/icyphy/ptII/lib/sootclasses
.jar:/home/travis/build/icyphy/ptII/ptolemy/actor/lib/database/mysql-connector-
java-5.1.6-bin.jar:/home/travis/build/icyphy/ptII/vendors/misc/sphinx4/sphinx4-
data-5prealpha.jar:/home/travis/build/icyphy/ptII/vendors/misc/sphinx4/sphinx4-
core-5prealpha.jar:/home/travis/build/icyphy/ptII/lib/PDFRenderer.jar:/home/tra
vis/build/icyphy/ptII/lib/svgSalamander.jar:/home/travis/build/icyphy/ptII/lib/
rsyntaxtextarea-2.6.0-SNAPSHOT.jar:/home/travis/build/icyphy/ptII/lib/hazelcast
-3.8.2.jar:/home/travis/build/icyphy/ptII/lib/jackson-annotations-2.9.0.jar:/ho
me/travis/build/icyphy/ptII/lib/jackson-core-2.9.3.jar:/home/travis/build/icyph
y/ptII/lib/jackson-databind-2.9.3.jar:/home/travis/build/icyphy/ptII/lib/netty-
buffer-4.1.19.Final.jar:/home/travis/build/icyphy/ptII/lib/netty-codec-4.1.19.F
inal.jar:/home/travis/build/icyphy/ptII/lib/netty-codec-dns-4.1.19.Final.jar:/h
ome/travis/build/icyphy/ptII/lib/netty-codec-http-4.1.19.Final.jar:/home/travis
/build/icyphy/ptII/lib/netty-codec-http2-4.1.19.Final.jar:/home/travis/build/ic
yphy/ptII/lib/netty-common-4.1.19.Final.jar:/home/travis/build/icyphy/ptII/lib/
netty-handler-4.1.19.Final.jar:/home/travis/build/icyphy/ptII/lib/netty-resolve
r-4.1.19.Final.jar:/home/travis/build/icyphy/ptII/lib/netty-resolver-dns-4.1.19
.Final.jar:/home/travis/build/icyphy/ptII/lib/netty-transport-4.1.19.Final.jar:
/home/travis/build/icyphy/ptII/lib/vertx-codegen-3.5.1.jar:/home/travis/build/i
cyphy/ptII/lib/vertx-core-3.5.2-SNAPSHOT.jar:/home/travis/build/icyphy/ptII/lib
/vertx-hazelcast-3.5.1.jar:/home/travis/build/icyphy/ptII/lib/vertx-lang-js-3.5
.1.jar:/home/travis/build/icyphy/ptII/lib/vertx-service-proxy-3.5.1.jar:/home/t
ravis/build/icyphy/ptII/lib/vertx-web-3.5.1.jar:/home/travis/build/icyphy/ptII/
lib/slf4j-api-1.7.13.jar:/home/travis/build/icyphy/ptII/lib/slf4j-simple-1.7.13
.jar:/home/travis/build/icyphy/ptII/lib/webcam-capture-0.3.12.jar:/home/travis/
build/icyphy/ptII/lib/bridj-0.7.0.jar:/home/travis/build/icyphy/ptII/lib/xbjlib
-1.1.0.nrjavaserial.jar:/home/travis/build/icyphy/ptII/ptolemy/moml/test:/home/
travis/build/icyphy/ptII/ant/lib/ant-launcher.jar:/home/travis/build/icyphy/ptI
I/ant/lib/ant.jar:/home/travis/build/icyphy/ptII/ant/lib/ant-junit.jar:/home/tr
avis/build/icyphy/ptII/ant/lib/ant-junit4.jar:/home/travis/build/icyphy/ptII
ModularCodeGen6_A_A2_profile.java
All Done
Writing ModularCodeGen6_A_A2.java in file:/home/travis/cg/ (11329 characters)
Reading "ptolemy/cg/kernel/generic/program/procedural/java/modular/makefile.in",
    writing "/home/travis/cg/ModularCodeGen6_A_A2.mk"
Using ptolemy/cg/kernel/generic/program/procedural/java/modular/makefile.in
In "/home/travis/cg", about to execute:
    make -f ModularCodeGen6_A_A2.mk
javac -classpath ".:.."    ModularCodeGen6_A_A2.java
All Done
In "/home/travis/cg", about to execute:
    pwd
/home/travis/cg
In "/home/travis/cg", about to execute:
    ls -l
total 2268
drwxrwxr-x   3 travis travis  12288 Mar  5 13:44 AbsoluteValue
drwxrwxr-x   3 travis travis 102400 Mar  5 13:43 AllColt
drwxrwxr-x   3 travis travis  12288 Mar  5 13:44 Case1
-rw-rw-r--   1 travis travis   5128 Mar  5 13:49 CompiledCompositeActor_CompiledCompositeActor.class
-rw-rw-r--   1 travis travis   1611 Mar  5 13:49 CompiledCompositeActor_CompiledCompositeActor$_CompiledCompositeActor_CompiledCompositeActor.class
-rw-rw-r--   1 travis travis  13466 Mar  5 13:49 CompiledCompositeActor_CompiledCompositeActor.java
-rw-rw-r--   1 travis travis   1593 Mar  5 13:49 CompiledCompositeActor_CompiledCompositeActor.mk
drwxrwxr-x   5 travis travis   4096 Mar  5 13:43 fmi
drwxrwxr-x   3 travis travis  16384 Mar  5 13:44 Gaussian2
-rw-rw-r--   1 travis travis   4684 Mar  5 13:49 JavaCompiledCompositeTest1_CompiledCompositeActor.class
-rw-rw-r--   1 travis travis  11637 Mar  5 13:49 JavaCompiledCompositeTest1_CompiledCompositeActor.java
-rw-rw-r--   1 travis travis   1217 Mar  5 13:49 JavaCompiledCompositeTest1_CompiledCompositeActor$_JavaCompiledCompositeTest1_CompiledCompositeActor.class
-rw-rw-r--   1 travis travis   1625 Mar  5 13:49 JavaCompiledCompositeTest1_CompiledCompositeActor.mk
-rw-rw-r--   1 travis travis   5115 Mar  5 13:49 JavaCompiledCompositeTest2_CompiledCompositeActor.class
-rw-rw-r--   1 travis travis  14919 Mar  5 13:49 JavaCompiledCompositeTest2_CompiledCompositeActor.java
-rw-rw-r--   1 travis travis   1812 Mar  5 13:49 JavaCompiledCompositeTest2_CompiledCompositeActor$_JavaCompiledCompositeTest2_CompiledCompositeActor.class
-rw-rw-r--   1 travis travis   1625 Mar  5 13:49 JavaCompiledCompositeTest2_CompiledCompositeActor.mk
-rw-rw-r--   1 travis travis   4732 Mar  5 13:49 JavaCompiledCompositeTest3_CompiledCompositeActor.class
-rw-rw-r--   1 travis travis  13080 Mar  5 13:49 JavaCompiledCompositeTest3_CompiledCompositeActor.java
-rw-rw-r--   1 travis travis   1397 Mar  5 13:49 JavaCompiledCompositeTest3_CompiledCompositeActor$_JavaCompiledCompositeTest3_CompiledCompositeActor.class
-rw-rw-r--   1 travis travis   1625 Mar  5 13:49 JavaCompiledCompositeTest3_CompiledCompositeActor.mk
-rw-rw-r--   1 travis travis   4183 Mar  5 13:49 JavaCompiledCompositeTest4_CompiledCompositeActor.class
-rw-rw-r--   1 travis travis   9687 Mar  5 13:49 JavaCompiledCompositeTest4_CompiledCompositeActor.java
-rw-rw-r--   1 travis travis    876 Mar  5 13:49 JavaCompiledCompositeTest4_CompiledCompositeActor$_JavaCompiledCompositeTest4_CompiledCompositeActor.class
-rw-rw-r--   1 travis travis   1625 Mar  5 13:49 JavaCompiledCompositeTest4_CompiledCompositeActor.mk
drwxrwxr-x   3 travis travis  12288 Mar  5 13:45 LookupTable
drwxrwxr-x   3 travis travis  20480 Mar  5 13:45 MaxIndex
-rw-rw-r--   1 travis travis   3925 Mar  5 13:49 ModularCG_A1_B1.class
-rw-rw-r--   1 travis travis   9730 Mar  5 13:49 ModularCG_A1_B1.java
-rw-rw-r--   1 travis travis    832 Mar  5 13:49 ModularCG_A1_B1.mk
-rw-rw-r--   1 travis travis   1318 Mar  5 13:49 ModularCG_A1_B1_profile.class
-rw-rw-r--   1 travis travis   1262 Mar  5 13:49 ModularCG_A1_B1_profile.java
-rw-rw-r--   1 travis travis   3925 Mar  5 13:50 ModularCG_A1_B2.class
-rw-rw-r--   1 travis travis   9730 Mar  5 13:50 ModularCG_A1_B2.java
-rw-rw-r--   1 travis travis    832 Mar  5 13:50 ModularCG_A1_B2.mk
-rw-rw-r--   1 travis travis   1318 Mar  5 13:50 ModularCG_A1_B2_profile.class
-rw-rw-r--   1 travis travis   1262 Mar  5 13:49 ModularCG_A1_B2_profile.java
-rw-rw-r--   1 travis travis   5031 Mar  5 13:50 ModularCG_A1.class
-rw-rw-r--   1 travis travis  14742 Mar  5 13:50 ModularCG_A1.java
-rw-rw-r--   1 travis travis    808 Mar  5 13:50 ModularCG_A1.mk
-rw-rw-r--   1 travis travis   1433 Mar  5 13:50 ModularCG_A1_profile.class
-rw-rw-r--   1 travis travis   1704 Mar  5 13:50 ModularCG_A1_profile.java
-rw-rw-r--   1 travis travis   4059 Mar  5 13:50 ModularCG_A2_B1.class
-rw-rw-r--   1 travis travis  10667 Mar  5 13:50 ModularCG_A2_B1.java
-rw-rw-r--   1 travis travis    832 Mar  5 13:50 ModularCG_A2_B1.mk
-rw-rw-r--   1 travis travis   1381 Mar  5 13:50 ModularCG_A2_B1_profile.class
-rw-rw-r--   1 travis travis   1446 Mar  5 13:50 ModularCG_A2_B1_profile.java
-rw-rw-r--   1 travis travis   3925 Mar  5 13:50 ModularCG_A2_B2.class
-rw-rw-r--   1 travis travis   9730 Mar  5 13:50 ModularCG_A2_B2.java
-rw-rw-r--   1 travis travis    832 Mar  5 13:50 ModularCG_A2_B2.mk
-rw-rw-r--   1 travis travis   1318 Mar  5 13:50 ModularCG_A2_B2_profile.class
-rw-rw-r--   1 travis travis   1262 Mar  5 13:50 ModularCG_A2_B2_profile.java
-rw-rw-r--   1 travis travis   5102 Mar  5 13:50 ModularCG_A2.class
-rw-rw-r--   1 travis travis  15129 Mar  5 13:50 ModularCG_A2.java
-rw-rw-r--   1 travis travis    808 Mar  5 13:50 ModularCG_A2.mk
-rw-rw-r--   1 travis travis   1433 Mar  5 13:50 ModularCG_A2_profile.class
-rw-rw-r--   1 travis travis   1704 Mar  5 13:50 ModularCG_A2_profile.java
-rw-rw-r--   1 travis travis   3705 Mar  5 13:50 ModularCGPubSub_A1_A2.class
-rw-rw-r--   1 travis travis   9076 Mar  5 13:50 ModularCGPubSub_A1_A2.java
-rw-rw-r--   1 travis travis    880 Mar  5 13:50 ModularCGPubSub_A1_A2.mk
-rw-rw-r--   1 travis travis   1300 Mar  5 13:50 ModularCGPubSub_A1_A2_profile.class
-rw-rw-r--   1 travis travis   1222 Mar  5 13:50 ModularCGPubSub_A1_A2_profile.java
-rw-rw-r--   1 travis travis   4022 Mar  5 13:50 ModularCGPubSub_A1.class
-rw-rw-r--   1 travis travis   9836 Mar  5 13:50 ModularCGPubSub_A1.java
-rw-rw-r--   1 travis travis    856 Mar  5 13:50 ModularCGPubSub_A1.mk
-rw-rw-r--   1 travis travis   1346 Mar  5 13:50 ModularCGPubSub_A1_profile.class
-rw-rw-r--   1 travis travis   1388 Mar  5 13:50 ModularCGPubSub_A1_profile.java
-rw-rw-r--   1 travis travis   4220 Mar  5 13:50 ModularCodeGen2_ModularCodeGenTypedCompositeActor.class
-rw-rw-r--   1 travis travis  11690 Mar  5 13:50 ModularCodeGen2_ModularCodeGenTypedCompositeActor.java
-rw-rw-r--   1 travis travis   1104 Mar  5 13:50 ModularCodeGen2_ModularCodeGenTypedCompositeActor.mk
-rw-rw-r--   1 travis travis   4504 Mar  5 13:50 ModularCodeGen2_ModularCodeGenTypedCompositeActor_ModularCodeGenTypedCompositeActor.class
-rw-rw-r--   1 travis travis  11790 Mar  5 13:50 ModularCodeGen2_ModularCodeGenTypedCompositeActor_ModularCodeGenTypedCompositeActor.java
-rw-rw-r--   1 travis travis   1376 Mar  5 13:50 ModularCodeGen2_ModularCodeGenTypedCompositeActor_ModularCodeGenTypedCompositeActor.mk
-rw-rw-r--   1 travis travis   1421 Mar  5 13:50 ModularCodeGen2_ModularCodeGenTypedCompositeActor_ModularCodeGenTypedCompositeActor_profile.class
-rw-rw-r--   1 travis travis   1294 Mar  5 13:50 ModularCodeGen2_ModularCodeGenTypedCompositeActor_ModularCodeGenTypedCompositeActor_profile.java
-rw-rw-r--   1 travis travis    820 Mar  5 13:50 ModularCodeGen2_ModularCodeGenTypedCompositeActor_profile.class
-rw-rw-r--   1 travis travis    693 Mar  5 13:50 ModularCodeGen2_ModularCodeGenTypedCompositeActor_profile.java
-rw-rw-r--   1 travis travis   3973 Mar  5 13:50 ModularCodeGen3_A1_B1.class
-rw-rw-r--   1 travis travis   9958 Mar  5 13:50 ModularCodeGen3_A1_B1.java
-rw-rw-r--   1 travis travis    880 Mar  5 13:50 ModularCodeGen3_A1_B1.mk
-rw-rw-r--   1 travis travis   1330 Mar  5 13:50 ModularCodeGen3_A1_B1_profile.class
-rw-rw-r--   1 travis travis   1274 Mar  5 13:50 ModularCodeGen3_A1_B1_profile.java
-rw-rw-r--   1 travis travis   3973 Mar  5 13:50 ModularCodeGen3_A1_B2.class
-rw-rw-r--   1 travis travis   9958 Mar  5 13:50 ModularCodeGen3_A1_B2.java
-rw-rw-r--   1 travis travis    880 Mar  5 13:50 ModularCodeGen3_A1_B2.mk
-rw-rw-r--   1 travis travis   1330 Mar  5 13:50 ModularCodeGen3_A1_B2_profile.class
-rw-rw-r--   1 travis travis   1274 Mar  5 13:50 ModularCodeGen3_A1_B2_profile.java
-rw-rw-r--   1 travis travis   5193 Mar  5 13:50 ModularCodeGen3_A1.class
-rw-rw-r--   1 travis travis  15564 Mar  5 13:50 ModularCodeGen3_A1.java
In "/home/travis/cg", about to execute:
-rw-rw-r--   1 travis travis    856 Mar  5 13:50 ModularCodeGen3_A1.mk
-rw-rw-r--   1 travis travis   1445 Mar  5 13:50 ModularCodeGen3_A1_profile.class
-rw-rw-r--   1 travis travis   1716 Mar  5 13:50 ModularCodeGen3_A1_profile.java
-rw-rw-r--   1 travis travis   4119 Mar  5 13:50 ModularCodeGen3_A2_B1.class
-rw-rw-r--   1 travis travis  10955 Mar  5 13:50 ModularCodeGen3_A2_B1.java
-rw-rw-r--   1 travis travis    880 Mar  5 13:50 ModularCodeGen3_A2_B1.mk
-rw-rw-r--   1 travis travis   1393 Mar  5 13:50 ModularCodeGen3_A2_B1_profile.class
-rw-rw-r--   1 travis travis   1458 Mar  5 13:50 ModularCodeGen3_A2_B1_profile.java
-rw-rw-r--   1 travis travis   3973 Mar  5 13:50 ModularCodeGen3_A2_B2.class
-rw-rw-r--   1 travis travis   9958 Mar  5 13:50 ModularCodeGen3_A2_B2.java
    javac -classpath
.:/home/travis/build/icyphy/ptII:/home/travis/build/icyphy/ptII/lib/bsh-2.0b4.j
ar:/home/travis/build/icyphy/ptII/lib/ptCal.jar:/home/travis/build/icyphy/ptII/
lib/java_cup.jar:/home/travis/build/icyphy/ptII/lib/saxon8.jar:/home/travis/bui
ld/icyphy/ptII/lib/saxon8-dom.jar:/home/travis/build/icyphy/ptII/lib/chic.jar:/
home/travis/build/icyphy/ptII/lib/ptcolt.jar:/home/travis/build/icyphy/ptII/ven
dors/misc/itext/iText.jar:/home/travis/build/icyphy/ptII/lib/g4ltl.jar:/home/tr
avis/build/icyphy/ptII/lib/StructuralCoder.jar:/home/travis/build/icyphy/ptII/l
ib/jcerti.jar:/home/travis/build/icyphy/ptII/lib/javax.mail.jar:/home/travis/bu
ild/icyphy/ptII/vendors/JMF-2.1.1e/lib/jmf.jar:/home/travis/build/icyphy/ptII/l
ib/jna-4.0.0-variadic.jar:/home/travis/build/icyphy/ptII/vendors/misc/joystick/
Joystick.jar:/home/travis/build/icyphy/ptII/lib/ptjacl.jar:/home/travis/build/i
cyphy/ptII/lib/jsoup-1.8.2.jar:/home/travis/build/icyphy/ptII/lib/junit-4.8.2.j
ar:/home/travis/build/icyphy/ptII/lib/JUnitParams-0.4.0.jar:/home/travis/build/
icyphy/ptII/ptolemy/actor/lib/excel/jxl.jar:/home/travis/build/icyphy/ptII/lib/
jython.jar:/home/travis/build/icyphy/ptII/lib/kieler.jar:/home/travis/build/icy
phy/ptII/vendors/opencv/share/OpenCV/java/opencv-341.jar:/home/travis/build/icy
phy/ptII/lib/oscP5.jar:/home/travis/build/icyphy/ptII/lib/nrjavaserial-3.11.0.d
evel.jar:/home/travis/build/icyphy/ptII/vendors/j3d/lib/Linux/j3dcore.jar:/home
/travis/build/icyphy/ptII/vendors/j3d/lib/Linux/j3dutils.jar:/home/travis/build
/icyphy/ptII/vendors/j3d/lib/Linux/vecmath.jar:/home/travis/build/icyphy/ptII/v
endors/jogl/lib/Linux/gluegen-rt-natives-linux-amd64.jar:/home/travis/build/icy
phy/ptII/vendors/jogl/lib/Linux/gluegen-rt.jar:/home/travis/build/icyphy/ptII/v
endors/jogl/lib/Linux/jogl-all-natives-linux-amd64.jar:/home/travis/build/icyph
y/ptII/vendors/jogl/lib/Linux/jogl-all.jar:/home/travis/build/icyphy/ptII/ptole
my/distributed/jini/jar/jini-core.jar:/home/travis/build/icyphy/ptII/ptolemy/di
stributed/jini/jar/jini-ext.jar:/home/travis/build/icyphy/ptII/ptolemy/distribu
ted/jini/jar/sun-util.jar:/home/travis/build/icyphy/ptII/lib/protobuf-java-2.4.
1.jar:/home/travis/build/icyphy/ptII/lib/org.eclipse.paho.client.mqttv3.jar:/ho
me/travis/build/icyphy/ptII/lib/mapss.jar:/home/travis/build/icyphy/ptII/ptolem
y/actor/ptalon/antlr/antlr.jar:/home/travis/build/icyphy/ptII/lib/JRI.jar:/home
/travis/build/icyphy/ptII/lib/commons-lang-2.6.jar:/home/travis/build/icyphy/pt
II/lib/commons-logging-1.1.1.jar:/home/travis/build/icyphy/ptII/lib/sootclasses
.jar:/home/travis/build/icyphy/ptII/ptolemy/actor/lib/database/mysql-connector-
java-5.1.6-bin.jar:/home/travis/build/icyphy/ptII/vendors/misc/sphinx4/sphinx4-
data-5prealpha.jar:/home/travis/build/icyphy/ptII/vendors/misc/sphinx4/sphinx4-
core-5prealpha.jar:/home/travis/build/icyphy/ptII/lib/PDFRenderer.jar:/home/tra
vis/build/icyphy/ptII/lib/svgSalamander.jar:/home/travis/build/icyphy/ptII/lib/
rsyntaxtextarea-2.6.0-SNAPSHOT.jar:/home/travis/build/icyphy/ptII/lib/hazelcast
-3.8.2.jar:/home/travis/build/icyphy/ptII/lib/jackson-annotations-2.9.0.jar:/ho
me/travis/build/icyphy/ptII/lib/jackson-core-2.9.3.jar:/home/travis/build/icyph
y/ptII/lib/jackson-databind-2.9.3.jar:/home/travis/build/icyphy/ptII/lib/netty-
buffer-4.1.19.Final.jar:/home/travis/build/icyphy/ptII/lib/netty-codec-4.1.19.F
inal.jar:/home/travis/build/icyphy/ptII/lib/netty-codec-dns-4.1.19.Final.jar:/h
ome/travis/build/icyphy/ptII/lib/netty-codec-http-4.1.19.Final.jar:/home/travis
/build/icyphy/ptII/lib/netty-codec-http2-4.1.19.Final.jar:/home/travis/build/ic
yphy/ptII/lib/netty-common-4.1.19.Final.jar:/home/travis/build/icyphy/ptII/lib/
netty-handler-4.1.19.Final.jar:/home/travis/build/icyphy/ptII/lib/netty-resolve
r-4.1.19.Final.jar:/home/travis/build/icyphy/ptII/lib/netty-resolver-dns-4.1.19
.Final.jar:/home/travis/build/icyphy/ptII/lib/netty-transport-4.1.19.Final.jar:
/home/travis/build/icyphy/ptII/lib/vertx-codegen-3.5.1.jar:/home/travis/build/i
cyphy/ptII/lib/vertx-core-3.5.2-SNAPSHOT.jar:/home/travis/build/icyphy/ptII/lib
/vertx-hazelcast-3.5.1.jar:/home/travis/build/icyphy/ptII/lib/vertx-lang-js-3.5
.1.jar:/home/travis/build/icyphy/ptII/lib/vertx-service-proxy-3.5.1.jar:/home/t
ravis/build/icyphy/ptII/lib/vertx-web-3.5.1.jar:/home/travis/build/icyphy/ptII/
lib/slf4j-api-1.7.13.jar:/home/travis/build/icyphy/ptII/lib/slf4j-simple-1.7.13
.jar:/home/travis/build/icyphy/ptII/lib/webcam-capture-0.3.12.jar:/home/travis/
build/icyphy/ptII/lib/bridj-0.7.0.jar:/home/travis/build/icyphy/ptII/lib/xbjlib
-1.1.0.nrjavaserial.jar:/home/travis/build/icyphy/ptII/ptolemy/moml/test:/home/
travis/build/icyphy/ptII/ant/lib/ant-launcher.jar:/home/travis/build/icyphy/ptI
I/ant/lib/ant.jar:/home/travis/build/icyphy/ptII/ant/lib/ant-junit.jar:/home/tr
avis/build/icyphy/ptII/ant/lib/ant-junit4.jar:/home/travis/build/icyphy/ptII
ModularCodeGen6_A_profile.java
-rw-rw-r--   1 travis travis    880 Mar  5 13:50 ModularCodeGen3_A2_B2.mk
-rw-rw-r--   1 travis travis   1330 Mar  5 13:50 ModularCodeGen3_A2_B2_profile.class
-rw-rw-r--   1 travis travis   1274 Mar  5 13:50 ModularCodeGen3_A2_B2_profile.java
-rw-rw-r--   1 travis travis   5270 Mar  5 13:50 ModularCodeGen3_A2.class
-rw-rw-r--   1 travis travis  15957 Mar  5 13:50 ModularCodeGen3_A2.java
-rw-rw-r--   1 travis travis    856 Mar  5 13:50 ModularCodeGen3_A2.mk
-rw-rw-r--   1 travis travis   1445 Mar  5 13:50 ModularCodeGen3_A2_profile.class
-rw-rw-r--   1 travis travis   1716 Mar  5 13:50 ModularCodeGen3_A2_profile.java
-rw-rw-r--   1 travis travis   4026 Mar  5 13:50 ModularCodeGen4_A1_B1.class
-rw-rw-r--   1 travis travis  10312 Mar  5 13:50 ModularCodeGen4_A1_B1.java
-rw-rw-r--   1 travis travis    880 Mar  5 13:50 ModularCodeGen4_A1_B1.mk
-rw-rw-r--   1 travis travis   1330 Mar  5 13:50 ModularCodeGen4_A1_B1_profile.class
-rw-rw-r--   1 travis travis   1273 Mar  5 13:50 ModularCodeGen4_A1_B1_profile.java
-rw-rw-r--   1 travis travis   4026 Mar  5 13:50 ModularCodeGen4_A1_B2.class
-rw-rw-r--   1 travis travis  10312 Mar  5 13:50 ModularCodeGen4_A1_B2.java
-rw-rw-r--   1 travis travis    880 Mar  5 13:50 ModularCodeGen4_A1_B2.mk
-rw-rw-r--   1 travis travis   1330 Mar  5 13:50 ModularCodeGen4_A1_B2_profile.class
-rw-rw-r--   1 travis travis   1273 Mar  5 13:50 ModularCodeGen4_A1_B2_profile.java
-rw-rw-r--   1 travis travis   5333 Mar  5 13:50 ModularCodeGen4_A1.class
-rw-rw-r--   1 travis travis  16245 Mar  5 13:50 ModularCodeGen4_A1.java
-rw-rw-r--   1 travis travis    856 Mar  5 13:50 ModularCodeGen4_A1.mk
-rw-rw-r--   1 travis travis   1445 Mar  5 13:50 ModularCodeGen4_A1_profile.class
-rw-rw-r--   1 travis travis   1712 Mar  5 13:50 ModularCodeGen4_A1_profile.java
-rw-rw-r--   1 travis travis   4220 Mar  5 13:50 ModularCodeGen4_A2_B1.class
-rw-rw-r--   1 travis travis  11375 Mar  5 13:50 ModularCodeGen4_A2_B1.java
-rw-rw-r--   1 travis travis    880 Mar  5 13:50 ModularCodeGen4_A2_B1.mk
-rw-rw-r--   1 travis travis   1393 Mar  5 13:50 ModularCodeGen4_A2_B1_profile.class
-rw-rw-r--   1 travis travis   1454 Mar  5 13:50 ModularCodeGen4_A2_B1_profile.java
-rw-rw-r--   1 travis travis   4074 Mar  5 13:50 ModularCodeGen4_A2_B2.class
-rw-rw-r--   1 travis travis  10378 Mar  5 13:50 ModularCodeGen4_A2_B2.java
-rw-rw-r--   1 travis travis    880 Mar  5 13:50 ModularCodeGen4_A2_B2.mk
-rw-rw-r--   1 travis travis   1330 Mar  5 13:50 ModularCodeGen4_A2_B2_profile.class
-rw-rw-r--   1 travis travis   1270 Mar  5 13:50 ModularCodeGen4_A2_B2_profile.java
-rw-rw-r--   1 travis travis   5506 Mar  5 13:50 ModularCodeGen4_A2.class
-rw-rw-r--   1 travis travis  16770 Mar  5 13:50 ModularCodeGen4_A2.java
-rw-rw-r--   1 travis travis    856 Mar  5 13:50 ModularCodeGen4_A2.mk
-rw-rw-r--   1 travis travis   1445 Mar  5 13:50 ModularCodeGen4_A2_profile.class
-rw-rw-r--   1 travis travis   1712 Mar  5 13:50 ModularCodeGen4_A2_profile.java
-rw-rw-r--   1 travis travis   7070 Mar  5 13:51 ModularCodeGen5_A_A.class
-rw-rw-r--   1 travis travis  28721 Mar  5 13:51 ModularCodeGen5_A_A.java
-rw-rw-r--   1 travis travis    864 Mar  5 13:51 ModularCodeGen5_A_A.mk
-rw-rw-r--   1 travis travis   1520 Mar  5 13:51 ModularCodeGen5_A_A_profile.class
-rw-rw-r--   1 travis travis   1815 Mar  5 13:50 ModularCodeGen5_A_A_profile.java
-rw-rw-r--   1 travis travis   5347 Mar  5 13:51 ModularCodeGen5_A.class
-rw-rw-r--   1 travis travis  13769 Mar  5 13:51 ModularCodeGen5_A.java
-rw-rw-r--   1 travis travis    848 Mar  5 13:51 ModularCodeGen5_A.mk
-rw-rw-r--   1 travis travis   1422 Mar  5 13:51 ModularCodeGen5_A_profile.class
-rw-rw-r--   1 travis travis   1605 Mar  5 13:51 ModularCodeGen5_A_profile.java
-rw-rw-r--   1 travis travis   4357 Mar  5 13:51 ModularCodeGen6_A_A2.class
-rw-rw-r--   1 travis travis  11329 Mar  5 13:51 ModularCodeGen6_A_A2.java
-rw-rw-r--   1 travis travis    872 Mar  5 13:51 ModularCodeGen6_A_A2.mk
-rw-rw-r--   1 travis travis   1351 Mar  5 13:51 ModularCodeGen6_A_A2_profile.class
-rw-rw-r--   1 travis travis   1364 Mar  5 13:51 ModularCodeGen6_A_A2_profile.java
-rw-rw-r--   1 travis travis   4340 Mar  5 13:51 ModularCodeGen6_A_A.class
-rw-rw-r--   1 travis travis  11221 Mar  5 13:51 ModularCodeGen6_A_A.java
-rw-rw-r--   1 travis travis    864 Mar  5 13:51 ModularCodeGen6_A_A.mk
-rw-rw-r--   1 travis travis   1348 Mar  5 13:51 ModularCodeGen6_A_A_profile.class
-rw-rw-r--   1 travis travis   1361 Mar  5 13:51 ModularCodeGen6_A_A_profile.java
-rw-rw-r--   1 travis travis   1810 Mar  5 13:51 ModularCodeGen6_A_profile.java
-rw-rw-r--   1 travis travis   4186 Mar  5 13:50 ModularCodeGen_ModularCodeGenTypedCompositeActor.class
-rw-rw-r--   1 travis travis  10970 Mar  5 13:50 ModularCodeGen_ModularCodeGenTypedCompositeActor.java
-rw-rw-r--   1 travis travis   1096 Mar  5 13:50 ModularCodeGen_ModularCodeGenTypedCompositeActor.mk
-rw-rw-r--   1 travis travis   1384 Mar  5 13:50 ModularCodeGen_ModularCodeGenTypedCompositeActor_profile.class
-rw-rw-r--   1 travis travis   1328 Mar  5 13:50 ModularCodeGen_ModularCodeGenTypedCompositeActor_profile.java
-rw-rw-r--   1 travis travis   3724 Mar  5 13:49 ModularCodeGenTest_A1_A2.class
-rw-rw-r--   1 travis travis   9164 Mar  5 13:49 ModularCodeGenTest_A1_A2.java
-rw-rw-r--   1 travis travis   1306 Mar  5 13:49 ModularCodeGenTest_A1_A2_profile.class
-rw-rw-r--   1 travis travis   4055 Mar  5 13:49 ModularCodeGenTest_A1.class
-rw-rw-r--   1 travis travis   9968 Mar  5 13:49 ModularCodeGenTest_A1.java
-rw-rw-r--   1 travis travis    880 Mar  5 13:49 ModularCodeGenTest_A1.mk
-rw-rw-r--   1 travis travis   1352 Mar  5 13:49 ModularCodeGenTest_A1_profile.class
-rw-rw-r--   1 travis travis   1394 Mar  5 13:49 ModularCodeGenTest_A1_profile.java
drwxrwxr-x   3 travis travis  32768 Mar  5 13:49 modulation2
drwxrwxr-x 166 travis travis  12288 Mar  5 13:49 node_modules
drwxrwxr-x   3 travis travis  20480 Mar  5 13:45 PhaseUnwrap
drwxrwxr-x   3 travis travis  12288 Mar  5 13:45 ReadFile1
-rw-rw-r--   1 travis travis     11 Mar  5 13:45 ReadFile1Output.txt
-rw-rw-r--   1 travis travis  13773 Mar  5 13:49 Repeat.class
-rw-rw-r--   1 travis travis    685 Mar  5 13:49 Repeat$_fireFunction_Repeat_Repeat$__f_sL_11.class
-rw-rw-r--   1 travis travis    541 Mar  5 13:49 Repeat$_fireFunction_Repeat_Repeat$__f_sL_12.class
-rw-rw-r--   1 travis travis    541 Mar  5 13:49 Repeat$_fireFunction_Repeat_Repeat$__f_sL_13.class
-rw-rw-r--   1 travis travis    541 Mar  5 13:49 Repeat$_fireFunction_Repeat_Repeat$__f_sL_14.class
-rw-rw-r--   1 travis travis    684 Mar  5 13:49 Repeat$_fireFunction_Repeat_Repeat$__f_sL_1.class
-rw-rw-r--   1 travis travis    683 Mar  5 13:49 Repeat$_fireFunction_Repeat_Repeat$__f_sL_4.class
-rw-rw-r--   1 travis travis    539 Mar  5 13:49 Repeat$_fireFunction_Repeat_Repeat$__f_sL_9.class
-rw-rw-r--   1 travis travis    494 Mar  5 13:49 Repeat$_initialize_Repeat$__i_sL_2.class
-rw-rw-r--   1 travis travis   1281 Mar  5 13:49 Repeat.mk
-rw-rw-r--   1 travis travis    539 Mar  5 13:49 Repeat$_preinitializeMethod_Repeat$__p_sL_0.class
-rw-rw-r--   1 travis travis   1102 Mar  5 13:49 Repeat$_Repeat$_fireFunction_Repeat_AddSubtract_Repeat.class
-rw-rw-r--   1 travis travis    810 Mar  5 13:49 Repeat$_Repeat$_fireFunction_Repeat_AddSubtract_Repeat$__f_sL_0.class
-rw-rw-r--   1 travis travis    928 Mar  5 13:49 Repeat$_Repeat$_fireFunction_Repeat_AddSubtract_Repeat$__f_sL_1.class
-rw-rw-r--   1 travis travis    934 Mar  5 13:49 Repeat$_Repeat$_fireFunction_Repeat_AddSubtract_Repeat$__f_sL_2.class
-rw-rw-r--   1 travis travis    862 Mar  5 13:49 Repeat$_Repeat$_fireFunction_Repeat_AddSubtract_Repeat$__f_sL_3.class
-rw-rw-r--   1 travis travis    757 Mar  5 13:49 Repeat$_Repeat$_fireFunction_Repeat_Ramp2_Repeat$__f_sL_0.class
-rw-rw-r--   1 travis travis    888 Mar  5 13:49 Repeat$_Repeat$_fireFunction_Repeat_Test_Repeat$__f_sL_0.class
-rw-rw-r--   1 travis travis    634 Mar  5 13:49 Repeat$_Repeat$_fireFunction_Repeat_Test_Repeat$__f_sL_1.class
-rw-rw-r--   1 travis travis    704 Mar  5 13:49 Repeat$_Repeat_SDF_Director_run_Repeat$__R_sL_0.class
-rw-rw-r--   1 travis travis    705 Mar  5 13:49 Repeat$_Repeat_SDF_Director_run_Repeat$__R_sL_11.class
-rw-rw-r--   1 travis travis    561 Mar  5 13:49 Repeat$_Repeat_SDF_Director_run_Repeat$__R_sL_13.class
-rw-rw-r--   1 travis travis    559 Mar  5 13:49 Repeat$_Repeat_SDF_Director_run_Repeat$__R_sL_2.class
-rw-rw-r--   1 travis travis    703 Mar  5 13:49 Repeat$_Repeat_SDF_Director_run_Repeat$__R_sL_3.class
-rw-rw-r--   1 travis travis    559 Mar  5 13:49 Repeat$_Repeat_SDF_Director_run_Repeat$__R_sL_5.class
-rw-rw-r--   1 travis travis    559 Mar  5 13:49 Repeat$_Repeat_SDF_Director_run_Repeat$__R_sL_8.class
drwxrwxr-x   2 travis travis   4096 Mar  5 13:49 RepeatVariables
-rw-rw-r--   1 travis travis    882 Mar  5 13:49 Repeat$_varinit_Repeat.class
-rw-rw-r--   1 travis travis    550 Mar  5 13:49 Repeat$_varinit_Repeat$__v_sL_2.class
-rw-rw-r--   1 travis travis    924 Mar  5 13:49 Repeat$_varinit_Repeat$__v_sL_4.class
-rw-rw-r--   1 travis travis    978 Mar  5 13:49 Repeat$_wrapup_Repeat$__w_sL_1.class
drwxrwxr-x   3 travis travis  20480 Mar  5 13:46 Sinewave
drwxrwxr-x   3 travis travis  32768 Mar  5 13:47 StringFunction
drwxrwxr-x   3 travis travis  12288 Mar  5 13:47 StringLength
drwxrwxr-x   3 travis travis  61440 Mar  5 13:47 StringMatches2
drwxrwxr-x   3 travis travis  61440 Mar  5 13:48 StringSimpleReplace
drwxrwxr-x   3 travis travis  65536 Mar  5 13:48 StringSubstring
drwxrwxr-x   3 travis travis  24576 Mar  5 13:48 StringSubstring2
drwxrwxr-x   3 travis travis  16384 Mar  5 13:49 time1
drwxrwxr-x   3 travis travis  12288 Mar  5 13:49 time5
-rw-rw-r--   1 travis travis    432 Mar  5 13:51 Token.class
-rw-rw-r--   1 travis travis    251 Mar  5 13:51 Token.java
-rwxrwxr-x   1 travis travis 466992 Mar  5 13:43 top
-rw-rw-r--   1 travis travis  20502 Mar  5 13:43 top.c
-rw-rw-r--   1 travis travis   3799 Mar  5 13:49 top.class
-rw-rw-r--   1 travis travis   1257 Mar  5 13:49 top.mk
All Done
Writing ModularCodeGen6_A.java in file:/home/travis/cg/ (26535 characters)
Reading "ptolemy/cg/kernel/generic/program/procedural/java/modular/makefile.in",
    writing "/home/travis/cg/ModularCodeGen6_A.mk"
Using ptolemy/cg/kernel/generic/program/procedural/java/modular/makefile.in
In "/home/travis/cg", about to execute:
    make -f ModularCodeGen6_A.mk
javac -classpath ".:.."    ModularCodeGen6_A.java
All Done
8061 ms. Memory: 129024K Free: 27171K (21%)
----------------- Invoking toplevel() on ptolemy.moml.MoMLSimpleApplication@806c59b
----------------- Done invoking toplevel() on ptolemy.moml.MoMLSimpleApplication@806c59b
reloadAllAccessors: .ModularCodeGen6

===========================================================================================
----------------- testing Thu Mar 05 13:51:12 UTC 2020 /home/travis/build/icyphy/ptII/ptolemy/cg/lib/test/auto/ModularCodeGenLazyPubSub.xml
----------------- Instantiating /home/travis/build/icyphy/ptII/ptolemy/cg/lib/test/auto/ModularCodeGenLazyPubSub.xml
In "/home/travis/cg", about to execute:
    pwd
In "/home/travis/cg", about to execute:
    ls -l
/home/travis/cg
total 2316
drwxrwxr-x   3 travis travis  12288 Mar  5 13:44 AbsoluteValue
drwxrwxr-x   3 travis travis 102400 Mar  5 13:43 AllColt
drwxrwxr-x   3 travis travis  12288 Mar  5 13:44 Case1
-rw-rw-r--   1 travis travis   5128 Mar  5 13:49 CompiledCompositeActor_CompiledCompositeActor.class
-rw-rw-r--   1 travis travis   1611 Mar  5 13:49 CompiledCompositeActor_CompiledCompositeActor$_CompiledCompositeActor_CompiledCompositeActor.class
-rw-rw-r--   1 travis travis  13466 Mar  5 13:49 CompiledCompositeActor_CompiledCompositeActor.java
-rw-rw-r--   1 travis travis   1593 Mar  5 13:49 CompiledCompositeActor_CompiledCompositeActor.mk
drwxrwxr-x   5 travis travis   4096 Mar  5 13:43 fmi
drwxrwxr-x   3 travis travis  16384 Mar  5 13:44 Gaussian2
-rw-rw-r--   1 travis travis   4684 Mar  5 13:49 JavaCompiledCompositeTest1_CompiledCompositeActor.class
-rw-rw-r--   1 travis travis  11637 Mar  5 13:49 JavaCompiledCompositeTest1_CompiledCompositeActor.java
-rw-rw-r--   1 travis travis   1217 Mar  5 13:49 JavaCompiledCompositeTest1_CompiledCompositeActor$_JavaCompiledCompositeTest1_CompiledCompositeActor.class
-rw-rw-r--   1 travis travis   1625 Mar  5 13:49 JavaCompiledCompositeTest1_CompiledCompositeActor.mk
-rw-rw-r--   1 travis travis   5115 Mar  5 13:49 JavaCompiledCompositeTest2_CompiledCompositeActor.class
-rw-rw-r--   1 travis travis  14919 Mar  5 13:49 JavaCompiledCompositeTest2_CompiledCompositeActor.java
-rw-rw-r--   1 travis travis   1812 Mar  5 13:49 JavaCompiledCompositeTest2_CompiledCompositeActor$_JavaCompiledCompositeTest2_CompiledCompositeActor.class
-rw-rw-r--   1 travis travis   1625 Mar  5 13:49 JavaCompiledCompositeTest2_CompiledCompositeActor.mk
-rw-rw-r--   1 travis travis   4732 Mar  5 13:49 JavaCompiledCompositeTest3_CompiledCompositeActor.class
-rw-rw-r--   1 travis travis  13080 Mar  5 13:49 JavaCompiledCompositeTest3_CompiledCompositeActor.java
-rw-rw-r--   1 travis travis   1397 Mar  5 13:49 JavaCompiledCompositeTest3_CompiledCompositeActor$_JavaCompiledCompositeTest3_CompiledCompositeActor.class
-rw-rw-r--   1 travis travis   1625 Mar  5 13:49 JavaCompiledCompositeTest3_CompiledCompositeActor.mk
-rw-rw-r--   1 travis travis   4183 Mar  5 13:49 JavaCompiledCompositeTest4_CompiledCompositeActor.class
-rw-rw-r--   1 travis travis   9687 Mar  5 13:49 JavaCompiledCompositeTest4_CompiledCompositeActor.java
-rw-rw-r--   1 travis travis    876 Mar  5 13:49 JavaCompiledCompositeTest4_CompiledCompositeActor$_JavaCompiledCompositeTest4_CompiledCompositeActor.class
-rw-rw-r--   1 travis travis   1625 Mar  5 13:49 JavaCompiledCompositeTest4_CompiledCompositeActor.mk
drwxrwxr-x   3 travis travis  12288 Mar  5 13:45 LookupTable
drwxrwxr-x   3 travis travis  20480 Mar  5 13:45 MaxIndex
-rw-rw-r--   1 travis travis   3925 Mar  5 13:49 ModularCG_A1_B1.class
-rw-rw-r--   1 travis travis   9730 Mar  5 13:49 ModularCG_A1_B1.java
-rw-rw-r--   1 travis travis    832 Mar  5 13:49 ModularCG_A1_B1.mk
-rw-rw-r--   1 travis travis   1318 Mar  5 13:49 ModularCG_A1_B1_profile.class
-rw-rw-r--   1 travis travis   1262 Mar  5 13:49 ModularCG_A1_B1_profile.java
-rw-rw-r--   1 travis travis   3925 Mar  5 13:50 ModularCG_A1_B2.class
-rw-rw-r--   1 travis travis   9730 Mar  5 13:50 ModularCG_A1_B2.java
-rw-rw-r--   1 travis travis    832 Mar  5 13:50 ModularCG_A1_B2.mk
-rw-rw-r--   1 travis travis   1318 Mar  5 13:50 ModularCG_A1_B2_profile.class
-rw-rw-r--   1 travis travis   1262 Mar  5 13:49 ModularCG_A1_B2_profile.java
-rw-rw-r--   1 travis travis   5031 Mar  5 13:50 ModularCG_A1.class
-rw-rw-r--   1 travis travis  14742 Mar  5 13:50 ModularCG_A1.java
-rw-rw-r--   1 travis travis    808 Mar  5 13:50 ModularCG_A1.mk
-rw-rw-r--   1 travis travis   1433 Mar  5 13:50 ModularCG_A1_profile.class
-rw-rw-r--   1 travis travis   1704 Mar  5 13:50 ModularCG_A1_profile.java
-rw-rw-r--   1 travis travis   4059 Mar  5 13:50 ModularCG_A2_B1.class
-rw-rw-r--   1 travis travis  10667 Mar  5 13:50 ModularCG_A2_B1.java
-rw-rw-r--   1 travis travis    832 Mar  5 13:50 ModularCG_A2_B1.mk
-rw-rw-r--   1 travis travis   1381 Mar  5 13:50 ModularCG_A2_B1_profile.class
-rw-rw-r--   1 travis travis   1446 Mar  5 13:50 ModularCG_A2_B1_profile.java
-rw-rw-r--   1 travis travis   3925 Mar  5 13:50 ModularCG_A2_B2.class
-rw-rw-r--   1 travis travis   9730 Mar  5 13:50 ModularCG_A2_B2.java
-rw-rw-r--   1 travis travis    832 Mar  5 13:50 ModularCG_A2_B2.mk
-rw-rw-r--   1 travis travis   1318 Mar  5 13:50 ModularCG_A2_B2_profile.class
-rw-rw-r--   1 travis travis   1262 Mar  5 13:50 ModularCG_A2_B2_profile.java
-rw-rw-r--   1 travis travis   5102 Mar  5 13:50 ModularCG_A2.class
-rw-rw-r--   1 travis travis  15129 Mar  5 13:50 ModularCG_A2.java
-rw-rw-r--   1 travis travis    808 Mar  5 13:50 ModularCG_A2.mk
-rw-rw-r--   1 travis travis   1433 Mar  5 13:50 ModularCG_A2_profile.class
-rw-rw-r--   1 travis travis   1704 Mar  5 13:50 ModularCG_A2_profile.java
-rw-rw-r--   1 travis travis   3705 Mar  5 13:50 ModularCGPubSub_A1_A2.class
-rw-rw-r--   1 travis travis   9076 Mar  5 13:50 ModularCGPubSub_A1_A2.java
-rw-rw-r--   1 travis travis    880 Mar  5 13:50 ModularCGPubSub_A1_A2.mk
-rw-rw-r--   1 travis travis   1300 Mar  5 13:50 ModularCGPubSub_A1_A2_profile.class
-rw-rw-r--   1 travis travis   1222 Mar  5 13:50 ModularCGPubSub_A1_A2_profile.java
-rw-rw-r--   1 travis travis   4022 Mar  5 13:50 ModularCGPubSub_A1.class
-rw-rw-r--   1 travis travis   9836 Mar  5 13:50 ModularCGPubSub_A1.java
-rw-rw-r--   1 travis travis    856 Mar  5 13:50 ModularCGPubSub_A1.mk
-rw-rw-r--   1 travis travis   1346 Mar  5 13:50 ModularCGPubSub_A1_profile.class
-rw-rw-r--   1 travis travis   1388 Mar  5 13:50 ModularCGPubSub_A1_profile.java
-rw-rw-r--   1 travis travis   4220 Mar  5 13:50 ModularCodeGen2_ModularCodeGenTypedCompositeActor.class
-rw-rw-r--   1 travis travis  11690 Mar  5 13:50 ModularCodeGen2_ModularCodeGenTypedCompositeActor.java
-rw-rw-r--   1 travis travis   1104 Mar  5 13:50 ModularCodeGen2_ModularCodeGenTypedCompositeActor.mk
-rw-rw-r--   1 travis travis   4504 Mar  5 13:50 ModularCodeGen2_ModularCodeGenTypedCompositeActor_ModularCodeGenTypedCompositeActor.class
-rw-rw-r--   1 travis travis  11790 Mar  5 13:50 ModularCodeGen2_ModularCodeGenTypedCompositeActor_ModularCodeGenTypedCompositeActor.java
-rw-rw-r--   1 travis travis   1376 Mar  5 13:50 ModularCodeGen2_ModularCodeGenTypedCompositeActor_ModularCodeGenTypedCompositeActor.mk
-rw-rw-r--   1 travis travis   1421 Mar  5 13:50 ModularCodeGen2_ModularCodeGenTypedCompositeActor_ModularCodeGenTypedCompositeActor_profile.class
-rw-rw-r--   1 travis travis   1294 Mar  5 13:50 ModularCodeGen2_ModularCodeGenTypedCompositeActor_ModularCodeGenTypedCompositeActor_profile.java
-rw-rw-r--   1 travis travis    820 Mar  5 13:50 ModularCodeGen2_ModularCodeGenTypedCompositeActor_profile.class
-rw-rw-r--   1 travis travis    693 Mar  5 13:50 ModularCodeGen2_ModularCodeGenTypedCompositeActor_profile.java
-rw-rw-r--   1 travis travis   3973 Mar  5 13:50 ModularCodeGen3_A1_B1.class
-rw-rw-r--   1 travis travis   9958 Mar  5 13:50 ModularCodeGen3_A1_B1.java
-rw-rw-r--   1 travis travis    880 Mar  5 13:50 ModularCodeGen3_A1_B1.mk
-rw-rw-r--   1 travis travis   1330 Mar  5 13:50 ModularCodeGen3_A1_B1_profile.class
-rw-rw-r--   1 travis travis   1274 Mar  5 13:50 ModularCodeGen3_A1_B1_profile.java
-rw-rw-r--   1 travis travis   3973 Mar  5 13:50 ModularCodeGen3_A1_B2.class
-rw-rw-r--   1 travis travis   9958 Mar  5 13:50 ModularCodeGen3_A1_B2.java
-rw-rw-r--   1 travis travis    880 Mar  5 13:50 ModularCodeGen3_A1_B2.mk
-rw-rw-r--   1 travis travis   1330 Mar  5 13:50 ModularCodeGen3_A1_B2_profile.class
-rw-rw-r--   1 travis travis   1274 Mar  5 13:50 ModularCodeGen3_A1_B2_profile.java
-rw-rw-r--   1 travis travis   5193 Mar  5 13:50 ModularCodeGen3_A1.class
-rw-rw-r--   1 travis travis  15564 Mar  5 13:50 ModularCodeGen3_A1.java
-rw-rw-r--   1 travis travis    856 Mar  5 13:50 ModularCodeGen3_A1.mk
-rw-rw-r--   1 travis travis   1445 Mar  5 13:50 ModularCodeGen3_A1_profile.class
-rw-rw-r--   1 travis travis   1716 Mar  5 13:50 ModularCodeGen3_A1_profile.java
-rw-rw-r--   1 travis travis   4119 Mar  5 13:50 ModularCodeGen3_A2_B1.class
-rw-rw-r--   1 travis travis  10955 Mar  5 13:50 ModularCodeGen3_A2_B1.java
-rw-rw-r--   1 travis travis    880 Mar  5 13:50 ModularCodeGen3_A2_B1.mk
-rw-rw-r--   1 travis travis   1393 Mar  5 13:50 ModularCodeGen3_A2_B1_profile.class
-rw-rw-r--   1 travis travis   1458 Mar  5 13:50 ModularCodeGen3_A2_B1_profile.java
-rw-rw-r--   1 travis travis   3973 Mar  5 13:50 ModularCodeGen3_A2_B2.class
-rw-rw-r--   1 travis travis   9958 Mar  5 13:50 ModularCodeGen3_A2_B2.java
-rw-rw-r--   1 travis travis    880 Mar  5 13:50 ModularCodeGen3_A2_B2.mk
-rw-rw-r--   1 travis travis   1330 Mar  5 13:50 ModularCodeGen3_A2_B2_profile.class
-rw-rw-r--   1 travis travis   1274 Mar  5 13:50 ModularCodeGen3_A2_B2_profile.java
-rw-rw-r--   1 travis travis   5270 Mar  5 13:50 ModularCodeGen3_A2.class
-rw-rw-r--   1 travis travis  15957 Mar  5 13:50 ModularCodeGen3_A2.java
-rw-rw-r--   1 travis travis    856 Mar  5 13:50 ModularCodeGen3_A2.mk
-rw-rw-r--   1 travis travis   1445 Mar  5 13:50 ModularCodeGen3_A2_profile.class
-rw-rw-r--   1 travis travis   1716 Mar  5 13:50 ModularCodeGen3_A2_profile.java
-rw-rw-r--   1 travis travis   4026 Mar  5 13:50 ModularCodeGen4_A1_B1.class
-rw-rw-r--   1 travis travis  10312 Mar  5 13:50 ModularCodeGen4_A1_B1.java
-rw-rw-r--   1 travis travis    880 Mar  5 13:50 ModularCodeGen4_A1_B1.mk
-rw-rw-r--   1 travis travis   1330 Mar  5 13:50 ModularCodeGen4_A1_B1_profile.class
-rw-rw-r--   1 travis travis   1273 Mar  5 13:50 ModularCodeGen4_A1_B1_profile.java
-rw-rw-r--   1 travis travis   4026 Mar  5 13:50 ModularCodeGen4_A1_B2.class
-rw-rw-r--   1 travis travis  10312 Mar  5 13:50 ModularCodeGen4_A1_B2.java
-rw-rw-r--   1 travis travis    880 Mar  5 13:50 ModularCodeGen4_A1_B2.mk
-rw-rw-r--   1 travis travis   1330 Mar  5 13:50 ModularCodeGen4_A1_B2_profile.class
-rw-rw-r--   1 travis travis   1273 Mar  5 13:50 ModularCodeGen4_A1_B2_profile.java
-rw-rw-r--   1 travis travis   5333 Mar  5 13:50 ModularCodeGen4_A1.class
-rw-rw-r--   1 travis travis  16245 Mar  5 13:50 ModularCodeGen4_A1.java
-rw-rw-r--   1 travis travis    856 Mar  5 13:50 ModularCodeGen4_A1.mk
-rw-rw-r--   1 travis travis   1445 Mar  5 13:50 ModularCodeGen4_A1_profile.class
-rw-rw-r--   1 travis travis   1712 Mar  5 13:50 ModularCodeGen4_A1_profile.java
-rw-rw-r--   1 travis travis   4220 Mar  5 13:50 ModularCodeGen4_A2_B1.class
-rw-rw-r--   1 travis travis  11375 Mar  5 13:50 ModularCodeGen4_A2_B1.java
-rw-rw-r--   1 travis travis    880 Mar  5 13:50 ModularCodeGen4_A2_B1.mk
-rw-rw-r--   1 travis travis   1393 Mar  5 13:50 ModularCodeGen4_A2_B1_profile.class
-rw-rw-r--   1 travis travis   1454 Mar  5 13:50 ModularCodeGen4_A2_B1_profile.java
-rw-rw-r--   1 travis travis   4074 Mar  5 13:50 ModularCodeGen4_A2_B2.class
-rw-rw-r--   1 travis travis  10378 Mar  5 13:50 ModularCodeGen4_A2_B2.java
-rw-rw-r--   1 travis travis    880 Mar  5 13:50 ModularCodeGen4_A2_B2.mk
-rw-rw-r--   1 travis travis   1330 Mar  5 13:50 ModularCodeGen4_A2_B2_profile.class
-rw-rw-r--   1 travis travis   1270 Mar  5 13:50 ModularCodeGen4_A2_B2_profile.java
-rw-rw-r--   1 travis travis   5506 Mar  5 13:50 ModularCodeGen4_A2.class
-rw-rw-r--   1 travis travis  16770 Mar  5 13:50 ModularCodeGen4_A2.java
-rw-rw-r--   1 travis travis    856 Mar  5 13:50 ModularCodeGen4_A2.mk
-rw-rw-r--   1 travis travis   1445 Mar  5 13:50 ModularCodeGen4_A2_profile.class
-rw-rw-r--   1 travis travis   1712 Mar  5 13:50 ModularCodeGen4_A2_profile.java
-rw-rw-r--   1 travis travis   7070 Mar  5 13:51 ModularCodeGen5_A_A.class
-rw-rw-r--   1 travis travis  28721 Mar  5 13:51 ModularCodeGen5_A_A.java
-rw-rw-r--   1 travis travis    864 Mar  5 13:51 ModularCodeGen5_A_A.mk
-rw-rw-r--   1 travis travis   1520 Mar  5 13:51 ModularCodeGen5_A_A_profile.class
-rw-rw-r--   1 travis travis   1815 Mar  5 13:50 ModularCodeGen5_A_A_profile.java
-rw-rw-r--   1 travis travis   5347 Mar  5 13:51 ModularCodeGen5_A.class
-rw-rw-r--   1 travis travis  13769 Mar  5 13:51 ModularCodeGen5_A.java
-rw-rw-r--   1 travis travis    848 Mar  5 13:51 ModularCodeGen5_A.mk
-rw-rw-r--   1 travis travis   1422 Mar  5 13:51 ModularCodeGen5_A_profile.class
-rw-rw-r--   1 travis travis   1605 Mar  5 13:51 ModularCodeGen5_A_profile.java
-rw-rw-r--   1 travis travis   4357 Mar  5 13:51 ModularCodeGen6_A_A2.class
-rw-rw-r--   1 travis travis  11329 Mar  5 13:51 ModularCodeGen6_A_A2.java
-rw-rw-r--   1 travis travis    872 Mar  5 13:51 ModularCodeGen6_A_A2.mk
-rw-rw-r--   1 travis travis   1351 Mar  5 13:51 ModularCodeGen6_A_A2_profile.class
-rw-rw-r--   1 travis travis   1364 Mar  5 13:51 ModularCodeGen6_A_A2_profile.java
-rw-rw-r--   1 travis travis   4340 Mar  5 13:51 ModularCodeGen6_A_A.class
-rw-rw-r--   1 travis travis  11221 Mar  5 13:51 ModularCodeGen6_A_A.java
-rw-rw-r--   1 travis travis    864 Mar  5 13:51 ModularCodeGen6_A_A.mk
-rw-rw-r--   1 travis travis   1348 Mar  5 13:51 ModularCodeGen6_A_A_profile.class
-rw-rw-r--   1 travis travis   1361 Mar  5 13:51 ModularCodeGen6_A_A_profile.java
-rw-rw-r--   1 travis travis   7469 Mar  5 13:51 ModularCodeGen6_A.class
-rw-rw-r--   1 travis travis  26535 Mar  5 13:51 ModularCodeGen6_A.java
-rw-rw-r--   1 travis travis    848 Mar  5 13:51 ModularCodeGen6_A.mk
-rw-rw-r--   1 travis travis   1483 Mar  5 13:51 ModularCodeGen6_A_profile.class
-rw-rw-r--   1 travis travis   1810 Mar  5 13:51 ModularCodeGen6_A_profile.java
-rw-rw-r--   1 travis travis   1091 Mar  5 13:51 ModularCodeGenLazyPubSub_LazyCompositeActor_profile.java
-rw-rw-r--   1 travis travis   4186 Mar  5 13:50 ModularCodeGen_ModularCodeGenTypedCompositeActor.class
-rw-rw-r--   1 travis travis  10970 Mar  5 13:50 ModularCodeGen_ModularCodeGenTypedCompositeActor.java
-rw-rw-r--   1 travis travis   1096 Mar  5 13:50 ModularCodeGen_ModularCodeGenTypedCompositeActor.mk
-rw-rw-r--   1 travis travis   1384 Mar  5 13:50 ModularCodeGen_ModularCodeGenTypedCompositeActor_profile.class
-rw-rw-r--   1 travis travis   1328 Mar  5 13:50 ModularCodeGen_ModularCodeGenTypedCompositeActor_profile.java
-rw-rw-r--   1 travis travis   3724 Mar  5 13:49 ModularCodeGenTest_A1_A2.class
-rw-rw-r--   1 travis travis   9164 Mar  5 13:49 ModularCodeGenTest_A1_A2.java
-rw-rw-r--   1 travis travis   1306 Mar  5 13:49 ModularCodeGenTest_A1_A2_profile.class
-rw-rw-r--   1 travis travis   4055 Mar  5 13:49 ModularCodeGenTest_A1.class
-rw-rw-r--   1 travis travis   9968 Mar  5 13:49 ModularCodeGenTest_A1.java
-rw-rw-r--   1 travis travis    880 Mar  5 13:49 ModularCodeGenTest_A1.mk
-rw-rw-r--   1 travis travis   1352 Mar  5 13:49 ModularCodeGenTest_A1_profile.class
-rw-rw-r--   1 travis travis   1394 Mar  5 13:49 ModularCodeGenTest_A1_profile.java
drwxrwxr-x   3 travis travis  32768 Mar  5 13:49 modulation2
drwxrwxr-x 166 travis travis  12288 Mar  5 13:49 node_modules
drwxrwxr-x   3 travis travis  20480 Mar  5 13:45 PhaseUnwrap
drwxrwxr-x   3 travis travis  12288 Mar  5 13:45 ReadFile1
-rw-rw-r--   1 travis travis     11 Mar  5 13:45 ReadFile1Output.txt
-rw-rw-r--   1 travis travis  13773 Mar  5 13:49 Repeat.class
-rw-rw-r--   1 travis travis    685 Mar  5 13:49 Repeat$_fireFunction_Repeat_Repeat$__f_sL_11.class
-rw-rw-r--   1 travis travis    541 Mar  5 13:49 Repeat$_fireFunction_Repeat_Repeat$__f_sL_12.class
-rw-rw-r--   1 travis travis    541 Mar  5 13:49 Repeat$_fireFunction_Repeat_Repeat$__f_sL_13.class
-rw-rw-r--   1 travis travis    541 Mar  5 13:49 Repeat$_fireFunction_Repeat_Repeat$__f_sL_14.class
-rw-rw-r--   1 travis travis    684 Mar  5 13:49 Repeat$_fireFunction_Repeat_Repeat$__f_sL_1.class
-rw-rw-r--   1 travis travis    683 Mar  5 13:49 Repeat$_fireFunction_Repeat_Repeat$__f_sL_4.class
-rw-rw-r--   1 travis travis    539 Mar  5 13:49 Repeat$_fireFunction_Repeat_Repeat$__f_sL_9.class
-rw-rw-r--   1 travis travis    494 Mar  5 13:49 Repeat$_initialize_Repeat$__i_sL_2.class
-rw-rw-r--   1 travis travis   1281 Mar  5 13:49 Repeat.mk
-rw-rw-r--   1 travis travis    539 Mar  5 13:49 Repeat$_preinitializeMethod_Repeat$__p_sL_0.class
-rw-rw-r--   1 travis travis   1102 Mar  5 13:49 Repeat$_Repeat$_fireFunction_Repeat_AddSubtract_Repeat.class
-rw-rw-r--   1 travis travis    810 Mar  5 13:49 Repeat$_Repeat$_fireFunction_Repeat_AddSubtract_Repeat$__f_sL_0.class
-rw-rw-r--   1 travis travis    928 Mar  5 13:49 Repeat$_Repeat$_fireFunction_Repeat_AddSubtract_Repeat$__f_sL_1.class
-rw-rw-r--   1 travis travis    934 Mar  5 13:49 Repeat$_Repeat$_fireFunction_Repeat_AddSubtract_Repeat$__f_sL_2.class
-rw-rw-r--   1 travis travis    862 Mar  5 13:49 Repeat$_Repeat$_fireFunction_Repeat_AddSubtract_Repeat$__f_sL_3.class
-rw-rw-r--   1 travis travis    757 Mar  5 13:49 Repeat$_Repeat$_fireFunction_Repeat_Ramp2_Repeat$__f_sL_0.class
-rw-rw-r--   1 travis travis    888 Mar  5 13:49 Repeat$_Repeat$_fireFunction_Repeat_Test_Repeat$__f_sL_0.class
-rw-rw-r--   1 travis travis    634 Mar  5 13:49 Repeat$_Repeat$_fireFunction_Repeat_Test_Repeat$__f_sL_1.class
-rw-rw-r--   1 travis travis    704 Mar  5 13:49 Repeat$_Repeat_SDF_Director_run_Repeat$__R_sL_0.class
-rw-rw-r--   1 travis travis    705 Mar  5 13:49 Repeat$_Repeat_SDF_Director_run_Repeat$__R_sL_11.class
-rw-rw-r--   1 travis travis    561 Mar  5 13:49 Repeat$_Repeat_SDF_Director_run_Repeat$__R_sL_13.class
-rw-rw-r--   1 travis travis    559 Mar  5 13:49 Repeat$_Repeat_SDF_Director_run_Repeat$__R_sL_2.class
-rw-rw-r--   1 travis travis    703 Mar  5 13:49 Repeat$_Repeat_SDF_Director_run_Repeat$__R_sL_3.class
-rw-rw-r--   1 travis travis    559 Mar  5 13:49 Repeat$_Repeat_SDF_Director_run_Repeat$__R_sL_5.class
-rw-rw-r--   1 travis travis    559 Mar  5 13:49 Repeat$_Repeat_SDF_Director_run_Repeat$__R_sL_8.class
drwxrwxr-x   2 travis travis   4096 Mar  5 13:49 RepeatVariables
-rw-rw-r--   1 travis travis    882 Mar  5 13:49 Repeat$_varinit_Repeat.class
-rw-rw-r--   1 travis travis    550 Mar  5 13:49 Repeat$_varinit_Repeat$__v_sL_2.class
-rw-rw-r--   1 travis travis    924 Mar  5 13:49 Repeat$_varinit_Repeat$__v_sL_4.class
-rw-rw-r--   1 travis travis    978 Mar  5 13:49 Repeat$_wrapup_Repeat$__w_sL_1.class
drwxrwxr-x   3 travis travis  20480 Mar  5 13:46 Sinewave
drwxrwxr-x   3 travis travis  32768 Mar  5 13:47 StringFunction
drwxrwxr-x   3 travis travis  12288 Mar  5 13:47 StringLength
drwxrwxr-x   3 travis travis  61440 Mar  5 13:47 StringMatches2
drwxrwxr-x   3 travis travis  61440 Mar  5 13:48 StringSimpleReplace
drwxrwxr-x   3 travis travis  65536 Mar  5 13:48 StringSubstring
drwxrwxr-x   3 travis travis  24576 Mar  5 13:48 StringSubstring2
drwxrwxr-x   3 travis travis  16384 Mar  5 13:49 time1
drwxrwxr-x   3 travis travis  12288 Mar  5 13:49 time5
-rw-rw-r--   1 travis travis    432 Mar  5 13:51 Token.class
-rw-rw-r--   1 travis travis    251 Mar  5 13:51 Token.java
-rwxrwxr-x   1 travis travis 466992 Mar  5 13:43 top
-rw-rw-r--   1 travis travis  20502 Mar  5 13:43 top.c
-rw-rw-r--   1 travis travis   3799 Mar  5 13:49 top.class
-rw-rw-r--   1 travis travis   1257 Mar  5 13:49 top.mk
In "/home/travis/cg", about to execute:
    javac -classpath
.:/home/travis/build/icyphy/ptII:/home/travis/build/icyphy/ptII/lib/bsh-2.0b4.j
ar:/home/travis/build/icyphy/ptII/lib/ptCal.jar:/home/travis/build/icyphy/ptII/
lib/java_cup.jar:/home/travis/build/icyphy/ptII/lib/saxon8.jar:/home/travis/bui
ld/icyphy/ptII/lib/saxon8-dom.jar:/home/travis/build/icyphy/ptII/lib/chic.jar:/
home/travis/build/icyphy/ptII/lib/ptcolt.jar:/home/travis/build/icyphy/ptII/ven
dors/misc/itext/iText.jar:/home/travis/build/icyphy/ptII/lib/g4ltl.jar:/home/tr
avis/build/icyphy/ptII/lib/StructuralCoder.jar:/home/travis/build/icyphy/ptII/l
ib/jcerti.jar:/home/travis/build/icyphy/ptII/lib/javax.mail.jar:/home/travis/bu
ild/icyphy/ptII/vendors/JMF-2.1.1e/lib/jmf.jar:/home/travis/build/icyphy/ptII/l
ib/jna-4.0.0-variadic.jar:/home/travis/build/icyphy/ptII/vendors/misc/joystick/
Joystick.jar:/home/travis/build/icyphy/ptII/lib/ptjacl.jar:/home/travis/build/i
cyphy/ptII/lib/jsoup-1.8.2.jar:/home/travis/build/icyphy/ptII/lib/junit-4.8.2.j
ar:/home/travis/build/icyphy/ptII/lib/JUnitParams-0.4.0.jar:/home/travis/build/
icyphy/ptII/ptolemy/actor/lib/excel/jxl.jar:/home/travis/build/icyphy/ptII/lib/
jython.jar:/home/travis/build/icyphy/ptII/lib/kieler.jar:/home/travis/build/icy
phy/ptII/vendors/opencv/share/OpenCV/java/opencv-341.jar:/home/travis/build/icy
phy/ptII/lib/oscP5.jar:/home/travis/build/icyphy/ptII/lib/nrjavaserial-3.11.0.d
evel.jar:/home/travis/build/icyphy/ptII/vendors/j3d/lib/Linux/j3dcore.jar:/home
/travis/build/icyphy/ptII/vendors/j3d/lib/Linux/j3dutils.jar:/home/travis/build
/icyphy/ptII/vendors/j3d/lib/Linux/vecmath.jar:/home/travis/build/icyphy/ptII/v
endors/jogl/lib/Linux/gluegen-rt-natives-linux-amd64.jar:/home/travis/build/icy
phy/ptII/vendors/jogl/lib/Linux/gluegen-rt.jar:/home/travis/build/icyphy/ptII/v
endors/jogl/lib/Linux/jogl-all-natives-linux-amd64.jar:/home/travis/build/icyph
y/ptII/vendors/jogl/lib/Linux/jogl-all.jar:/home/travis/build/icyphy/ptII/ptole
my/distributed/jini/jar/jini-core.jar:/home/travis/build/icyphy/ptII/ptolemy/di
stributed/jini/jar/jini-ext.jar:/home/travis/build/icyphy/ptII/ptolemy/distribu
ted/jini/jar/sun-util.jar:/home/travis/build/icyphy/ptII/lib/protobuf-java-2.4.
1.jar:/home/travis/build/icyphy/ptII/lib/org.eclipse.paho.client.mqttv3.jar:/ho
me/travis/build/icyphy/ptII/lib/mapss.jar:/home/travis/build/icyphy/ptII/ptolem
y/actor/ptalon/antlr/antlr.jar:/home/travis/build/icyphy/ptII/lib/JRI.jar:/home
/travis/build/icyphy/ptII/lib/commons-lang-2.6.jar:/home/travis/build/icyphy/pt
II/lib/commons-logging-1.1.1.jar:/home/travis/build/icyphy/ptII/lib/sootclasses
.jar:/home/travis/build/icyphy/ptII/ptolemy/actor/lib/database/mysql-connector-
java-5.1.6-bin.jar:/home/travis/build/icyphy/ptII/vendors/misc/sphinx4/sphinx4-
data-5prealpha.jar:/home/travis/build/icyphy/ptII/vendors/misc/sphinx4/sphinx4-
core-5prealpha.jar:/home/travis/build/icyphy/ptII/lib/PDFRenderer.jar:/home/tra
vis/build/icyphy/ptII/lib/svgSalamander.jar:/home/travis/build/icyphy/ptII/lib/
rsyntaxtextarea-2.6.0-SNAPSHOT.jar:/home/travis/build/icyphy/ptII/lib/hazelcast
-3.8.2.jar:/home/travis/build/icyphy/ptII/lib/jackson-annotations-2.9.0.jar:/ho
me/travis/build/icyphy/ptII/lib/jackson-core-2.9.3.jar:/home/travis/build/icyph
y/ptII/lib/jackson-databind-2.9.3.jar:/home/travis/build/icyphy/ptII/lib/netty-
buffer-4.1.19.Final.jar:/home/travis/build/icyphy/ptII/lib/netty-codec-4.1.19.F
inal.jar:/home/travis/build/icyphy/ptII/lib/netty-codec-dns-4.1.19.Final.jar:/h
ome/travis/build/icyphy/ptII/lib/netty-codec-http-4.1.19.Final.jar:/home/travis
/build/icyphy/ptII/lib/netty-codec-http2-4.1.19.Final.jar:/home/travis/build/ic
yphy/ptII/lib/netty-common-4.1.19.Final.jar:/home/travis/build/icyphy/ptII/lib/
netty-handler-4.1.19.Final.jar:/home/travis/build/icyphy/ptII/lib/netty-resolve
r-4.1.19.Final.jar:/home/travis/build/icyphy/ptII/lib/netty-resolver-dns-4.1.19
.Final.jar:/home/travis/build/icyphy/ptII/lib/netty-transport-4.1.19.Final.jar:
/home/travis/build/icyphy/ptII/lib/vertx-codegen-3.5.1.jar:/home/travis/build/i
cyphy/ptII/lib/vertx-core-3.5.2-SNAPSHOT.jar:/home/travis/build/icyphy/ptII/lib
/vertx-hazelcast-3.5.1.jar:/home/travis/build/icyphy/ptII/lib/vertx-lang-js-3.5
.1.jar:/home/travis/build/icyphy/ptII/lib/vertx-service-proxy-3.5.1.jar:/home/t
ravis/build/icyphy/ptII/lib/vertx-web-3.5.1.jar:/home/travis/build/icyphy/ptII/
lib/slf4j-api-1.7.13.jar:/home/travis/build/icyphy/ptII/lib/slf4j-simple-1.7.13
.jar:/home/travis/build/icyphy/ptII/lib/webcam-capture-0.3.12.jar:/home/travis/
build/icyphy/ptII/lib/bridj-0.7.0.jar:/home/travis/build/icyphy/ptII/lib/xbjlib
-1.1.0.nrjavaserial.jar:/home/travis/build/icyphy/ptII/ptolemy/moml/test:/home/
travis/build/icyphy/ptII/ant/lib/ant-launcher.jar:/home/travis/build/icyphy/ptI
I/ant/lib/ant.jar:/home/travis/build/icyphy/ptII/ant/lib/ant-junit.jar:/home/tr
avis/build/icyphy/ptII/ant/lib/ant-junit4.jar:/home/travis/build/icyphy/ptII
ModularCodeGenLazyPubSub_LazyCompositeActor_profile.java
All Done
Writing ModularCodeGenLazyPubSub_LazyCompositeActor.java in file:/home/travis/cg/ (11122 characters)
Reading "ptolemy/cg/kernel/generic/program/procedural/java/modular/makefile.in",
    writing "/home/travis/cg/ModularCodeGenLazyPubSub_LazyCompositeActor.mk"
Using ptolemy/cg/kernel/generic/program/procedural/java/modular/makefile.in
In "/home/travis/cg", about to execute:
    make -f ModularCodeGenLazyPubSub_LazyCompositeActor.mk
javac -classpath ".:.."    ModularCodeGenLazyPubSub_LazyCompositeActor.java
All Done
2537 ms. Memory: 129024K Free: 63794K (49%)
----------------- Invoking toplevel() on ptolemy.moml.MoMLSimpleApplication@6550f203
----------------- Done invoking toplevel() on ptolemy.moml.MoMLSimpleApplication@6550f203
reloadAllAccessors: .ModularCodeGenLazyPubSub

===========================================================================================
----------------- testing Thu Mar 05 13:51:14 UTC 2020 /home/travis/build/icyphy/ptII/ptolemy/cg/lib/test/auto/ModularCodeGenLazyPubSubGlobal.xml
----------------- Instantiating /home/travis/build/icyphy/ptII/ptolemy/cg/lib/test/auto/ModularCodeGenLazyPubSubGlobal.xml
In "/home/travis/cg", about to execute:
    pwd
In "/home/travis/cg", about to execute:
    ls -l
/home/travis/cg
In "/home/travis/cg", about to execute:
    javac -classpath
.:/home/travis/build/icyphy/ptII:/home/travis/build/icyphy/ptII/lib/bsh-2.0b4.j
ar:/home/travis/build/icyphy/ptII/lib/ptCal.jar:/home/travis/build/icyphy/ptII/
lib/java_cup.jar:/home/travis/build/icyphy/ptII/lib/saxon8.jar:/home/travis/bui
ld/icyphy/ptII/lib/saxon8-dom.jar:/home/travis/build/icyphy/ptII/lib/chic.jar:/
home/travis/build/icyphy/ptII/lib/ptcolt.jar:/home/travis/build/icyphy/ptII/ven
dors/misc/itext/iText.jar:/home/travis/build/icyphy/ptII/lib/g4ltl.jar:/home/tr
avis/build/icyphy/ptII/lib/StructuralCoder.jar:/home/travis/build/icyphy/ptII/l
ib/jcerti.jar:/home/travis/build/icyphy/ptII/lib/javax.mail.jar:/home/travis/bu
ild/icyphy/ptII/vendors/JMF-2.1.1e/lib/jmf.jar:/home/travis/build/icyphy/ptII/l
ib/jna-4.0.0-variadic.jar:/home/travis/build/icyphy/ptII/vendors/misc/joystick/
Joystick.jar:/home/travis/build/icyphy/ptII/lib/ptjacl.jar:/home/travis/build/i
cyphy/ptII/lib/jsoup-1.8.2.jar:/home/travis/build/icyphy/ptII/lib/junit-4.8.2.j
ar:/home/travis/build/icyphy/ptII/lib/JUnitParams-0.4.0.jar:/home/travis/build/
icyphy/ptII/ptolemy/actor/lib/excel/jxl.jar:/home/travis/build/icyphy/ptII/lib/
jython.jar:/home/travis/build/icyphy/ptII/lib/kieler.jar:/home/travis/build/icy
phy/ptII/vendors/opencv/share/OpenCV/java/opencv-341.jar:/home/travis/build/icy
phy/ptII/lib/oscP5.jar:/home/travis/build/icyphy/ptII/lib/nrjavaserial-3.11.0.d
evel.jar:/home/travis/build/icyphy/ptII/vendors/j3d/lib/Linux/j3dcore.jar:/home
/travis/build/icyphy/ptII/vendors/j3d/lib/Linux/j3dutils.jar:/home/travis/build
/icyphy/ptII/vendors/j3d/lib/Linux/vecmath.jar:/home/travis/build/icyphy/ptII/v
endors/jogl/lib/Linux/gluegen-rt-natives-linux-amd64.jar:/home/travis/build/icy
phy/ptII/vendors/jogl/lib/Linux/gluegen-rt.jar:/home/travis/build/icyphy/ptII/v
endors/jogl/lib/Linux/jogl-all-natives-linux-amd64.jar:/home/travis/build/icyph
y/ptII/vendors/jogl/lib/Linux/jogl-all.jar:/home/travis/build/icyphy/ptII/ptole
my/distributed/jini/jar/jini-core.jar:/home/travis/build/icyphy/ptII/ptolemy/di
stributed/jini/jar/jini-ext.jar:/home/travis/build/icyphy/ptII/ptolemy/distribu
ted/jini/jar/sun-util.jar:/home/travis/build/icyphy/ptII/lib/protobuf-java-2.4.
1.jar:/home/travis/build/icyphy/ptII/lib/org.eclipse.paho.client.mqttv3.jar:/ho
me/travis/build/icyphy/ptII/lib/mapss.jar:/home/travis/build/icyphy/ptII/ptolem
y/actor/ptalon/antlr/antlr.jar:/home/travis/build/icyphy/ptII/lib/JRI.jar:/home
/travis/build/icyphy/ptII/lib/commons-lang-2.6.jar:/home/travis/build/icyphy/pt
II/lib/commons-logging-1.1.1.jar:/home/travis/build/icyphy/ptII/lib/sootclasses
.jar:/home/travis/build/icyphy/ptII/ptolemy/actor/lib/database/mysql-connector-
java-5.1.6-bin.jar:/home/travis/build/icyphy/ptII/vendors/misc/sphinx4/sphinx4-
data-5prealpha.jar:/home/travis/build/icyphy/ptII/vendors/misc/sphinx4/sphinx4-
core-5prealpha.jar:/home/travis/build/icyphy/ptII/lib/PDFRenderer.jar:/home/tra
vis/build/icyphy/ptII/lib/svgSalamander.jar:/home/travis/build/icyphy/ptII/lib/
rsyntaxtextarea-2.6.0-SNAPSHOT.jar:/home/travis/build/icyphy/ptII/lib/hazelcast
-3.8.2.jar:/home/travis/build/icyphy/ptII/lib/jackson-annotations-2.9.0.jar:/ho
me/travis/build/icyphy/ptII/lib/jackson-core-2.9.3.jar:/home/travis/build/icyph
y/ptII/lib/jackson-databind-2.9.3.jar:/home/travis/build/icyphy/ptII/lib/netty-
buffer-4.1.19.Final.jar:/home/travis/build/icyphy/ptII/lib/netty-codec-4.1.19.F
inal.jar:/home/travis/build/icyphy/ptII/lib/netty-codec-dns-4.1.19.Final.jar:/h
ome/travis/build/icyphy/ptII/lib/netty-codec-http-4.1.19.Final.jar:/home/travis
/build/icyphy/ptII/lib/netty-codec-http2-4.1.19.Final.jar:/home/travis/build/ic
yphy/ptII/lib/netty-common-4.1.19.Final.jar:/home/travis/build/icyphy/ptII/lib/
netty-handler-4.1.19.Final.jar:/home/travis/build/icyphy/ptII/lib/netty-resolve
r-4.1.19.Final.jar:/home/travis/build/icyphy/ptII/lib/netty-resolver-dns-4.1.19
.Final.jar:/home/travis/build/icyphy/ptII/lib/netty-transport-4.1.19.Final.jar:
/home/travis/build/icyphy/ptII/lib/vertx-codegen-3.5.1.jar:/home/travis/build/i
cyphy/ptII/lib/vertx-core-3.5.2-SNAPSHOT.jar:/home/travis/build/icyphy/ptII/lib
/vertx-hazelcast-3.5.1.jar:/home/travis/build/icyphy/ptII/lib/vertx-lang-js-3.5
.1.jar:/home/travis/build/icyphy/ptII/lib/vertx-service-proxy-3.5.1.jar:/home/t
ravis/build/icyphy/ptII/lib/vertx-web-3.5.1.jar:/home/travis/build/icyphy/ptII/
lib/slf4j-api-1.7.13.jar:/home/travis/build/icyphy/ptII/lib/slf4j-simple-1.7.13
.jar:/home/travis/build/icyphy/ptII/lib/webcam-capture-0.3.12.jar:/home/travis/
build/icyphy/ptII/lib/bridj-0.7.0.jar:/home/travis/build/icyphy/ptII/lib/xbjlib
-1.1.0.nrjavaserial.jar:/home/travis/build/icyphy/ptII/ptolemy/moml/test:/home/
travis/build/icyphy/ptII/ant/lib/ant-launcher.jar:/home/travis/build/icyphy/ptI
I/ant/lib/ant.jar:/home/travis/build/icyphy/ptII/ant/lib/ant-junit.jar:/home/tr
avis/build/icyphy/ptII/ant/lib/ant-junit4.jar:/home/travis/build/icyphy/ptII
ModularCodeGenLazyPubSubGlobal_CompositeActor_ModularCodeGenTypedComposite_prof
ile.java
total 2348
drwxrwxr-x   3 travis travis  12288 Mar  5 13:44 AbsoluteValue
drwxrwxr-x   3 travis travis 102400 Mar  5 13:43 AllColt
drwxrwxr-x   3 travis travis  12288 Mar  5 13:44 Case1
-rw-rw-r--   1 travis travis   5128 Mar  5 13:49 CompiledCompositeActor_CompiledCompositeActor.class
-rw-rw-r--   1 travis travis   1611 Mar  5 13:49 CompiledCompositeActor_CompiledCompositeActor$_CompiledCompositeActor_CompiledCompositeActor.class
-rw-rw-r--   1 travis travis  13466 Mar  5 13:49 CompiledCompositeActor_CompiledCompositeActor.java
-rw-rw-r--   1 travis travis   1593 Mar  5 13:49 CompiledCompositeActor_CompiledCompositeActor.mk
drwxrwxr-x   5 travis travis   4096 Mar  5 13:43 fmi
drwxrwxr-x   3 travis travis  16384 Mar  5 13:44 Gaussian2
-rw-rw-r--   1 travis travis   4684 Mar  5 13:49 JavaCompiledCompositeTest1_CompiledCompositeActor.class
-rw-rw-r--   1 travis travis  11637 Mar  5 13:49 JavaCompiledCompositeTest1_CompiledCompositeActor.java
-rw-rw-r--   1 travis travis   1217 Mar  5 13:49 JavaCompiledCompositeTest1_CompiledCompositeActor$_JavaCompiledCompositeTest1_CompiledCompositeActor.class
-rw-rw-r--   1 travis travis   1625 Mar  5 13:49 JavaCompiledCompositeTest1_CompiledCompositeActor.mk
-rw-rw-r--   1 travis travis   5115 Mar  5 13:49 JavaCompiledCompositeTest2_CompiledCompositeActor.class
-rw-rw-r--   1 travis travis  14919 Mar  5 13:49 JavaCompiledCompositeTest2_CompiledCompositeActor.java
-rw-rw-r--   1 travis travis   1812 Mar  5 13:49 JavaCompiledCompositeTest2_CompiledCompositeActor$_JavaCompiledCompositeTest2_CompiledCompositeActor.class
-rw-rw-r--   1 travis travis   1625 Mar  5 13:49 JavaCompiledCompositeTest2_CompiledCompositeActor.mk
-rw-rw-r--   1 travis travis   4732 Mar  5 13:49 JavaCompiledCompositeTest3_CompiledCompositeActor.class
-rw-rw-r--   1 travis travis  13080 Mar  5 13:49 JavaCompiledCompositeTest3_CompiledCompositeActor.java
-rw-rw-r--   1 travis travis   1397 Mar  5 13:49 JavaCompiledCompositeTest3_CompiledCompositeActor$_JavaCompiledCompositeTest3_CompiledCompositeActor.class
-rw-rw-r--   1 travis travis   1625 Mar  5 13:49 JavaCompiledCompositeTest3_CompiledCompositeActor.mk
-rw-rw-r--   1 travis travis   4183 Mar  5 13:49 JavaCompiledCompositeTest4_CompiledCompositeActor.class
-rw-rw-r--   1 travis travis   9687 Mar  5 13:49 JavaCompiledCompositeTest4_CompiledCompositeActor.java
-rw-rw-r--   1 travis travis    876 Mar  5 13:49 JavaCompiledCompositeTest4_CompiledCompositeActor$_JavaCompiledCompositeTest4_CompiledCompositeActor.class
-rw-rw-r--   1 travis travis   1625 Mar  5 13:49 JavaCompiledCompositeTest4_CompiledCompositeActor.mk
drwxrwxr-x   3 travis travis  12288 Mar  5 13:45 LookupTable
drwxrwxr-x   3 travis travis  20480 Mar  5 13:45 MaxIndex
-rw-rw-r--   1 travis travis   3925 Mar  5 13:49 ModularCG_A1_B1.class
-rw-rw-r--   1 travis travis   9730 Mar  5 13:49 ModularCG_A1_B1.java
-rw-rw-r--   1 travis travis    832 Mar  5 13:49 ModularCG_A1_B1.mk
-rw-rw-r--   1 travis travis   1318 Mar  5 13:49 ModularCG_A1_B1_profile.class
-rw-rw-r--   1 travis travis   1262 Mar  5 13:49 ModularCG_A1_B1_profile.java
-rw-rw-r--   1 travis travis   3925 Mar  5 13:50 ModularCG_A1_B2.class
-rw-rw-r--   1 travis travis   9730 Mar  5 13:50 ModularCG_A1_B2.java
-rw-rw-r--   1 travis travis    832 Mar  5 13:50 ModularCG_A1_B2.mk
-rw-rw-r--   1 travis travis   1318 Mar  5 13:50 ModularCG_A1_B2_profile.class
-rw-rw-r--   1 travis travis   1262 Mar  5 13:49 ModularCG_A1_B2_profile.java
-rw-rw-r--   1 travis travis   5031 Mar  5 13:50 ModularCG_A1.class
-rw-rw-r--   1 travis travis  14742 Mar  5 13:50 ModularCG_A1.java
-rw-rw-r--   1 travis travis    808 Mar  5 13:50 ModularCG_A1.mk
-rw-rw-r--   1 travis travis   1433 Mar  5 13:50 ModularCG_A1_profile.class
-rw-rw-r--   1 travis travis   1704 Mar  5 13:50 ModularCG_A1_profile.java
-rw-rw-r--   1 travis travis   4059 Mar  5 13:50 ModularCG_A2_B1.class
-rw-rw-r--   1 travis travis  10667 Mar  5 13:50 ModularCG_A2_B1.java
-rw-rw-r--   1 travis travis    832 Mar  5 13:50 ModularCG_A2_B1.mk
-rw-rw-r--   1 travis travis   1381 Mar  5 13:50 ModularCG_A2_B1_profile.class
-rw-rw-r--   1 travis travis   1446 Mar  5 13:50 ModularCG_A2_B1_profile.java
-rw-rw-r--   1 travis travis   3925 Mar  5 13:50 ModularCG_A2_B2.class
-rw-rw-r--   1 travis travis   9730 Mar  5 13:50 ModularCG_A2_B2.java
-rw-rw-r--   1 travis travis    832 Mar  5 13:50 ModularCG_A2_B2.mk
-rw-rw-r--   1 travis travis   1318 Mar  5 13:50 ModularCG_A2_B2_profile.class
-rw-rw-r--   1 travis travis   1262 Mar  5 13:50 ModularCG_A2_B2_profile.java
-rw-rw-r--   1 travis travis   5102 Mar  5 13:50 ModularCG_A2.class
-rw-rw-r--   1 travis travis  15129 Mar  5 13:50 ModularCG_A2.java
-rw-rw-r--   1 travis travis    808 Mar  5 13:50 ModularCG_A2.mk
-rw-rw-r--   1 travis travis   1433 Mar  5 13:50 ModularCG_A2_profile.class
-rw-rw-r--   1 travis travis   1704 Mar  5 13:50 ModularCG_A2_profile.java
-rw-rw-r--   1 travis travis   3705 Mar  5 13:50 ModularCGPubSub_A1_A2.class
-rw-rw-r--   1 travis travis   9076 Mar  5 13:50 ModularCGPubSub_A1_A2.java
-rw-rw-r--   1 travis travis    880 Mar  5 13:50 ModularCGPubSub_A1_A2.mk
-rw-rw-r--   1 travis travis   1300 Mar  5 13:50 ModularCGPubSub_A1_A2_profile.class
-rw-rw-r--   1 travis travis   1222 Mar  5 13:50 ModularCGPubSub_A1_A2_profile.java
-rw-rw-r--   1 travis travis   4022 Mar  5 13:50 ModularCGPubSub_A1.class
-rw-rw-r--   1 travis travis   9836 Mar  5 13:50 ModularCGPubSub_A1.java
-rw-rw-r--   1 travis travis    856 Mar  5 13:50 ModularCGPubSub_A1.mk
-rw-rw-r--   1 travis travis   1346 Mar  5 13:50 ModularCGPubSub_A1_profile.class
-rw-rw-r--   1 travis travis   1388 Mar  5 13:50 ModularCGPubSub_A1_profile.java
-rw-rw-r--   1 travis travis   4220 Mar  5 13:50 ModularCodeGen2_ModularCodeGenTypedCompositeActor.class
-rw-rw-r--   1 travis travis  11690 Mar  5 13:50 ModularCodeGen2_ModularCodeGenTypedCompositeActor.java
-rw-rw-r--   1 travis travis   1104 Mar  5 13:50 ModularCodeGen2_ModularCodeGenTypedCompositeActor.mk
-rw-rw-r--   1 travis travis   4504 Mar  5 13:50 ModularCodeGen2_ModularCodeGenTypedCompositeActor_ModularCodeGenTypedCompositeActor.class
-rw-rw-r--   1 travis travis  11790 Mar  5 13:50 ModularCodeGen2_ModularCodeGenTypedCompositeActor_ModularCodeGenTypedCompositeActor.java
-rw-rw-r--   1 travis travis   1376 Mar  5 13:50 ModularCodeGen2_ModularCodeGenTypedCompositeActor_ModularCodeGenTypedCompositeActor.mk
-rw-rw-r--   1 travis travis   1421 Mar  5 13:50 ModularCodeGen2_ModularCodeGenTypedCompositeActor_ModularCodeGenTypedCompositeActor_profile.class
-rw-rw-r--   1 travis travis   1294 Mar  5 13:50 ModularCodeGen2_ModularCodeGenTypedCompositeActor_ModularCodeGenTypedCompositeActor_profile.java
-rw-rw-r--   1 travis travis    820 Mar  5 13:50 ModularCodeGen2_ModularCodeGenTypedCompositeActor_profile.class
-rw-rw-r--   1 travis travis    693 Mar  5 13:50 ModularCodeGen2_ModularCodeGenTypedCompositeActor_profile.java
-rw-rw-r--   1 travis travis   3973 Mar  5 13:50 ModularCodeGen3_A1_B1.class
-rw-rw-r--   1 travis travis   9958 Mar  5 13:50 ModularCodeGen3_A1_B1.java
-rw-rw-r--   1 travis travis    880 Mar  5 13:50 ModularCodeGen3_A1_B1.mk
-rw-rw-r--   1 travis travis   1330 Mar  5 13:50 ModularCodeGen3_A1_B1_profile.class
-rw-rw-r--   1 travis travis   1274 Mar  5 13:50 ModularCodeGen3_A1_B1_profile.java
-rw-rw-r--   1 travis travis   3973 Mar  5 13:50 ModularCodeGen3_A1_B2.class
-rw-rw-r--   1 travis travis   9958 Mar  5 13:50 ModularCodeGen3_A1_B2.java
-rw-rw-r--   1 travis travis    880 Mar  5 13:50 ModularCodeGen3_A1_B2.mk
-rw-rw-r--   1 travis travis   1330 Mar  5 13:50 ModularCodeGen3_A1_B2_profile.class
-rw-rw-r--   1 travis travis   1274 Mar  5 13:50 ModularCodeGen3_A1_B2_profile.java
-rw-rw-r--   1 travis travis   5193 Mar  5 13:50 ModularCodeGen3_A1.class
-rw-rw-r--   1 travis travis  15564 Mar  5 13:50 ModularCodeGen3_A1.java
-rw-rw-r--   1 travis travis    856 Mar  5 13:50 ModularCodeGen3_A1.mk
-rw-rw-r--   1 travis travis   1445 Mar  5 13:50 ModularCodeGen3_A1_profile.class
-rw-rw-r--   1 travis travis   1716 Mar  5 13:50 ModularCodeGen3_A1_profile.java
-rw-rw-r--   1 travis travis   4119 Mar  5 13:50 ModularCodeGen3_A2_B1.class
-rw-rw-r--   1 travis travis  10955 Mar  5 13:50 ModularCodeGen3_A2_B1.java
-rw-rw-r--   1 travis travis    880 Mar  5 13:50 ModularCodeGen3_A2_B1.mk
-rw-rw-r--   1 travis travis   1393 Mar  5 13:50 ModularCodeGen3_A2_B1_profile.class
-rw-rw-r--   1 travis travis   1458 Mar  5 13:50 ModularCodeGen3_A2_B1_profile.java
-rw-rw-r--   1 travis travis   3973 Mar  5 13:50 ModularCodeGen3_A2_B2.class
-rw-rw-r--   1 travis travis   9958 Mar  5 13:50 ModularCodeGen3_A2_B2.java
-rw-rw-r--   1 travis travis    880 Mar  5 13:50 ModularCodeGen3_A2_B2.mk
-rw-rw-r--   1 travis travis   1330 Mar  5 13:50 ModularCodeGen3_A2_B2_profile.class
-rw-rw-r--   1 travis travis   1274 Mar  5 13:50 ModularCodeGen3_A2_B2_profile.java
-rw-rw-r--   1 travis travis   5270 Mar  5 13:50 ModularCodeGen3_A2.class
-rw-rw-r--   1 travis travis  15957 Mar  5 13:50 ModularCodeGen3_A2.java
-rw-rw-r--   1 travis travis    856 Mar  5 13:50 ModularCodeGen3_A2.mk
-rw-rw-r--   1 travis travis   1445 Mar  5 13:50 ModularCodeGen3_A2_profile.class
-rw-rw-r--   1 travis travis   1716 Mar  5 13:50 ModularCodeGen3_A2_profile.java
-rw-rw-r--   1 travis travis   4026 Mar  5 13:50 ModularCodeGen4_A1_B1.class
-rw-rw-r--   1 travis travis  10312 Mar  5 13:50 ModularCodeGen4_A1_B1.java
-rw-rw-r--   1 travis travis    880 Mar  5 13:50 ModularCodeGen4_A1_B1.mk
-rw-rw-r--   1 travis travis   1330 Mar  5 13:50 ModularCodeGen4_A1_B1_profile.class
-rw-rw-r--   1 travis travis   1273 Mar  5 13:50 ModularCodeGen4_A1_B1_profile.java
-rw-rw-r--   1 travis travis   4026 Mar  5 13:50 ModularCodeGen4_A1_B2.class
-rw-rw-r--   1 travis travis  10312 Mar  5 13:50 ModularCodeGen4_A1_B2.java
-rw-rw-r--   1 travis travis    880 Mar  5 13:50 ModularCodeGen4_A1_B2.mk
-rw-rw-r--   1 travis travis   1330 Mar  5 13:50 ModularCodeGen4_A1_B2_profile.class
-rw-rw-r--   1 travis travis   1273 Mar  5 13:50 ModularCodeGen4_A1_B2_profile.java
-rw-rw-r--   1 travis travis   5333 Mar  5 13:50 ModularCodeGen4_A1.class
-rw-rw-r--   1 travis travis  16245 Mar  5 13:50 ModularCodeGen4_A1.java
-rw-rw-r--   1 travis travis    856 Mar  5 13:50 ModularCodeGen4_A1.mk
-rw-rw-r--   1 travis travis   1445 Mar  5 13:50 ModularCodeGen4_A1_profile.class
-rw-rw-r--   1 travis travis   1712 Mar  5 13:50 ModularCodeGen4_A1_profile.java
-rw-rw-r--   1 travis travis   4220 Mar  5 13:50 ModularCodeGen4_A2_B1.class
-rw-rw-r--   1 travis travis  11375 Mar  5 13:50 ModularCodeGen4_A2_B1.java
-rw-rw-r--   1 travis travis    880 Mar  5 13:50 ModularCodeGen4_A2_B1.mk
-rw-rw-r--   1 travis travis   1393 Mar  5 13:50 ModularCodeGen4_A2_B1_profile.class
-rw-rw-r--   1 travis travis   1454 Mar  5 13:50 ModularCodeGen4_A2_B1_profile.java
-rw-rw-r--   1 travis travis   4074 Mar  5 13:50 ModularCodeGen4_A2_B2.class
-rw-rw-r--   1 travis travis  10378 Mar  5 13:50 ModularCodeGen4_A2_B2.java
-rw-rw-r--   1 travis travis    880 Mar  5 13:50 ModularCodeGen4_A2_B2.mk
-rw-rw-r--   1 travis travis   1330 Mar  5 13:50 ModularCodeGen4_A2_B2_profile.class
-rw-rw-r--   1 travis travis   1270 Mar  5 13:50 ModularCodeGen4_A2_B2_profile.java
-rw-rw-r--   1 travis travis   5506 Mar  5 13:50 ModularCodeGen4_A2.class
-rw-rw-r--   1 travis travis  16770 Mar  5 13:50 ModularCodeGen4_A2.java
-rw-rw-r--   1 travis travis    856 Mar  5 13:50 ModularCodeGen4_A2.mk
-rw-rw-r--   1 travis travis   1445 Mar  5 13:50 ModularCodeGen4_A2_profile.class
-rw-rw-r--   1 travis travis   1712 Mar  5 13:50 ModularCodeGen4_A2_profile.java
-rw-rw-r--   1 travis travis   7070 Mar  5 13:51 ModularCodeGen5_A_A.class
-rw-rw-r--   1 travis travis  28721 Mar  5 13:51 ModularCodeGen5_A_A.java
-rw-rw-r--   1 travis travis    864 Mar  5 13:51 ModularCodeGen5_A_A.mk
-rw-rw-r--   1 travis travis   1520 Mar  5 13:51 ModularCodeGen5_A_A_profile.class
-rw-rw-r--   1 travis travis   1815 Mar  5 13:50 ModularCodeGen5_A_A_profile.java
-rw-rw-r--   1 travis travis   5347 Mar  5 13:51 ModularCodeGen5_A.class
-rw-rw-r--   1 travis travis  13769 Mar  5 13:51 ModularCodeGen5_A.java
-rw-rw-r--   1 travis travis    848 Mar  5 13:51 ModularCodeGen5_A.mk
-rw-rw-r--   1 travis travis   1422 Mar  5 13:51 ModularCodeGen5_A_profile.class
-rw-rw-r--   1 travis travis   1605 Mar  5 13:51 ModularCodeGen5_A_profile.java
-rw-rw-r--   1 travis travis   4357 Mar  5 13:51 ModularCodeGen6_A_A2.class
-rw-rw-r--   1 travis travis  11329 Mar  5 13:51 ModularCodeGen6_A_A2.java
-rw-rw-r--   1 travis travis    872 Mar  5 13:51 ModularCodeGen6_A_A2.mk
-rw-rw-r--   1 travis travis   1351 Mar  5 13:51 ModularCodeGen6_A_A2_profile.class
-rw-rw-r--   1 travis travis   1364 Mar  5 13:51 ModularCodeGen6_A_A2_profile.java
-rw-rw-r--   1 travis travis   4340 Mar  5 13:51 ModularCodeGen6_A_A.class
-rw-rw-r--   1 travis travis  11221 Mar  5 13:51 ModularCodeGen6_A_A.java
-rw-rw-r--   1 travis travis    864 Mar  5 13:51 ModularCodeGen6_A_A.mk
-rw-rw-r--   1 travis travis   1348 Mar  5 13:51 ModularCodeGen6_A_A_profile.class
-rw-rw-r--   1 travis travis   1361 Mar  5 13:51 ModularCodeGen6_A_A_profile.java
-rw-rw-r--   1 travis travis   7469 Mar  5 13:51 ModularCodeGen6_A.class
-rw-rw-r--   1 travis travis  26535 Mar  5 13:51 ModularCodeGen6_A.java
-rw-rw-r--   1 travis travis    848 Mar  5 13:51 ModularCodeGen6_A.mk
-rw-rw-r--   1 travis travis   1483 Mar  5 13:51 ModularCodeGen6_A_profile.class
-rw-rw-r--   1 travis travis   1810 Mar  5 13:51 ModularCodeGen6_A_profile.java
-rw-rw-r--   1 travis travis   1384 Mar  5 13:51 ModularCodeGenLazyPubSubGlobal_CompositeActor_ModularCodeGenTypedComposite_profile.java
-rw-rw-r--   1 travis travis   4184 Mar  5 13:51 ModularCodeGenLazyPubSub_LazyCompositeActor.class
-rw-rw-r--   1 travis travis  11122 Mar  5 13:51 ModularCodeGenLazyPubSub_LazyCompositeActor.java
-rw-rw-r--   1 travis travis   1056 Mar  5 13:51 ModularCodeGenLazyPubSub_LazyCompositeActor.mk
-rw-rw-r--   1 travis travis   1286 Mar  5 13:51 ModularCodeGenLazyPubSub_LazyCompositeActor_profile.class
-rw-rw-r--   1 travis travis   1091 Mar  5 13:51 ModularCodeGenLazyPubSub_LazyCompositeActor_profile.java
-rw-rw-r--   1 travis travis   4186 Mar  5 13:50 ModularCodeGen_ModularCodeGenTypedCompositeActor.class
-rw-rw-r--   1 travis travis  10970 Mar  5 13:50 ModularCodeGen_ModularCodeGenTypedCompositeActor.java
-rw-rw-r--   1 travis travis   1096 Mar  5 13:50 ModularCodeGen_ModularCodeGenTypedCompositeActor.mk
-rw-rw-r--   1 travis travis   1384 Mar  5 13:50 ModularCodeGen_ModularCodeGenTypedCompositeActor_profile.class
-rw-rw-r--   1 travis travis   1328 Mar  5 13:50 ModularCodeGen_ModularCodeGenTypedCompositeActor_profile.java
-rw-rw-r--   1 travis travis   3724 Mar  5 13:49 ModularCodeGenTest_A1_A2.class
-rw-rw-r--   1 travis travis   9164 Mar  5 13:49 ModularCodeGenTest_A1_A2.java
-rw-rw-r--   1 travis travis   1306 Mar  5 13:49 ModularCodeGenTest_A1_A2_profile.class
-rw-rw-r--   1 travis travis   4055 Mar  5 13:49 ModularCodeGenTest_A1.class
-rw-rw-r--   1 travis travis   9968 Mar  5 13:49 ModularCodeGenTest_A1.java
-rw-rw-r--   1 travis travis    880 Mar  5 13:49 ModularCodeGenTest_A1.mk
-rw-rw-r--   1 travis travis   1352 Mar  5 13:49 ModularCodeGenTest_A1_profile.class
-rw-rw-r--   1 travis travis   1394 Mar  5 13:49 ModularCodeGenTest_A1_profile.java
drwxrwxr-x   3 travis travis  32768 Mar  5 13:49 modulation2
drwxrwxr-x 166 travis travis  12288 Mar  5 13:49 node_modules
drwxrwxr-x   3 travis travis  20480 Mar  5 13:45 PhaseUnwrap
drwxrwxr-x   3 travis travis  12288 Mar  5 13:45 ReadFile1
-rw-rw-r--   1 travis travis     11 Mar  5 13:45 ReadFile1Output.txt
-rw-rw-r--   1 travis travis  13773 Mar  5 13:49 Repeat.class
-rw-rw-r--   1 travis travis    685 Mar  5 13:49 Repeat$_fireFunction_Repeat_Repeat$__f_sL_11.class
-rw-rw-r--   1 travis travis    541 Mar  5 13:49 Repeat$_fireFunction_Repeat_Repeat$__f_sL_12.class
-rw-rw-r--   1 travis travis    541 Mar  5 13:49 Repeat$_fireFunction_Repeat_Repeat$__f_sL_13.class
-rw-rw-r--   1 travis travis    541 Mar  5 13:49 Repeat$_fireFunction_Repeat_Repeat$__f_sL_14.class
-rw-rw-r--   1 travis travis    684 Mar  5 13:49 Repeat$_fireFunction_Repeat_Repeat$__f_sL_1.class
-rw-rw-r--   1 travis travis    683 Mar  5 13:49 Repeat$_fireFunction_Repeat_Repeat$__f_sL_4.class
-rw-rw-r--   1 travis travis    539 Mar  5 13:49 Repeat$_fireFunction_Repeat_Repeat$__f_sL_9.class
-rw-rw-r--   1 travis travis    494 Mar  5 13:49 Repeat$_initialize_Repeat$__i_sL_2.class
-rw-rw-r--   1 travis travis   1281 Mar  5 13:49 Repeat.mk
-rw-rw-r--   1 travis travis    539 Mar  5 13:49 Repeat$_preinitializeMethod_Repeat$__p_sL_0.class
-rw-rw-r--   1 travis travis   1102 Mar  5 13:49 Repeat$_Repeat$_fireFunction_Repeat_AddSubtract_Repeat.class
-rw-rw-r--   1 travis travis    810 Mar  5 13:49 Repeat$_Repeat$_fireFunction_Repeat_AddSubtract_Repeat$__f_sL_0.class
-rw-rw-r--   1 travis travis    928 Mar  5 13:49 Repeat$_Repeat$_fireFunction_Repeat_AddSubtract_Repeat$__f_sL_1.class
-rw-rw-r--   1 travis travis    934 Mar  5 13:49 Repeat$_Repeat$_fireFunction_Repeat_AddSubtract_Repeat$__f_sL_2.class
-rw-rw-r--   1 travis travis    862 Mar  5 13:49 Repeat$_Repeat$_fireFunction_Repeat_AddSubtract_Repeat$__f_sL_3.class
-rw-rw-r--   1 travis travis    757 Mar  5 13:49 Repeat$_Repeat$_fireFunction_Repeat_Ramp2_Repeat$__f_sL_0.class
-rw-rw-r--   1 travis travis    888 Mar  5 13:49 Repeat$_Repeat$_fireFunction_Repeat_Test_Repeat$__f_sL_0.class
-rw-rw-r--   1 travis travis    634 Mar  5 13:49 Repeat$_Repeat$_fireFunction_Repeat_Test_Repeat$__f_sL_1.class
-rw-rw-r--   1 travis travis    704 Mar  5 13:49 Repeat$_Repeat_SDF_Director_run_Repeat$__R_sL_0.class
-rw-rw-r--   1 travis travis    705 Mar  5 13:49 Repeat$_Repeat_SDF_Director_run_Repeat$__R_sL_11.class
-rw-rw-r--   1 travis travis    561 Mar  5 13:49 Repeat$_Repeat_SDF_Director_run_Repeat$__R_sL_13.class
-rw-rw-r--   1 travis travis    559 Mar  5 13:49 Repeat$_Repeat_SDF_Director_run_Repeat$__R_sL_2.class
-rw-rw-r--   1 travis travis    703 Mar  5 13:49 Repeat$_Repeat_SDF_Director_run_Repeat$__R_sL_3.class
-rw-rw-r--   1 travis travis    559 Mar  5 13:49 Repeat$_Repeat_SDF_Director_run_Repeat$__R_sL_5.class
-rw-rw-r--   1 travis travis    559 Mar  5 13:49 Repeat$_Repeat_SDF_Director_run_Repeat$__R_sL_8.class
drwxrwxr-x   2 travis travis   4096 Mar  5 13:49 RepeatVariables
-rw-rw-r--   1 travis travis    882 Mar  5 13:49 Repeat$_varinit_Repeat.class
-rw-rw-r--   1 travis travis    550 Mar  5 13:49 Repeat$_varinit_Repeat$__v_sL_2.class
-rw-rw-r--   1 travis travis    924 Mar  5 13:49 Repeat$_varinit_Repeat$__v_sL_4.class
-rw-rw-r--   1 travis travis    978 Mar  5 13:49 Repeat$_wrapup_Repeat$__w_sL_1.class
drwxrwxr-x   3 travis travis  20480 Mar  5 13:46 Sinewave
drwxrwxr-x   3 travis travis  32768 Mar  5 13:47 StringFunction
drwxrwxr-x   3 travis travis  12288 Mar  5 13:47 StringLength
drwxrwxr-x   3 travis travis  61440 Mar  5 13:47 StringMatches2
drwxrwxr-x   3 travis travis  61440 Mar  5 13:48 StringSimpleReplace
drwxrwxr-x   3 travis travis  65536 Mar  5 13:48 StringSubstring
drwxrwxr-x   3 travis travis  24576 Mar  5 13:48 StringSubstring2
drwxrwxr-x   3 travis travis  16384 Mar  5 13:49 time1
drwxrwxr-x   3 travis travis  12288 Mar  5 13:49 time5
-rw-rw-r--   1 travis travis    432 Mar  5 13:51 Token.class
-rw-rw-r--   1 travis travis    251 Mar  5 13:51 Token.java
-rwxrwxr-x   1 travis travis 466992 Mar  5 13:43 top
-rw-rw-r--   1 travis travis  20502 Mar  5 13:43 top.c
-rw-rw-r--   1 travis travis   3799 Mar  5 13:49 top.class
-rw-rw-r--   1 travis travis   1257 Mar  5 13:49 top.mk
All Done
Writing ModularCodeGenLazyPubSubGlobal_CompositeActor_ModularCodeGenTypedComposite.java in file:/home/travis/cg/ (30161 characters)
Reading "ptolemy/cg/kernel/generic/program/procedural/java/modular/makefile.in",
    writing "/home/travis/cg/ModularCodeGenLazyPubSubGlobal_CompositeActor_ModularCodeGenTypedComposite.mk"
Using ptolemy/cg/kernel/generic/program/procedural/java/modular/makefile.in
In "/home/travis/cg", about to execute:
    make -f
ModularCodeGenLazyPubSubGlobal_CompositeActor_ModularCodeGenTypedComposite.mk
javac -classpath ".:.."    ModularCodeGenLazyPubSubGlobal_CompositeActor_ModularCodeGenTypedComposite.java
All Done
2723 ms. Memory: 129024K Free: 83022K (64%)
----------------- Invoking toplevel() on ptolemy.moml.MoMLSimpleApplication@1236e5ed
----------------- Done invoking toplevel() on ptolemy.moml.MoMLSimpleApplication@1236e5ed
reloadAllAccessors: .ModularCodeGenLazyPubSubGlobal

===========================================================================================
----------------- testing Thu Mar 05 13:51:17 UTC 2020 /home/travis/build/icyphy/ptII/ptolemy/cg/lib/test/auto/ModularCodeGenPubSub1.xml
----------------- Instantiating /home/travis/build/icyphy/ptII/ptolemy/cg/lib/test/auto/ModularCodeGenPubSub1.xml
In "/home/travis/cg", about to execute:
    pwd
In "/home/travis/cg", about to execute:
    ls -l
/home/travis/cg
In "/home/travis/cg", about to execute:
    javac -classpath
.:/home/travis/build/icyphy/ptII:/home/travis/build/icyphy/ptII/lib/bsh-2.0b4.j
ar:/home/travis/build/icyphy/ptII/lib/ptCal.jar:/home/travis/build/icyphy/ptII/
lib/java_cup.jar:/home/travis/build/icyphy/ptII/lib/saxon8.jar:/home/travis/bui
ld/icyphy/ptII/lib/saxon8-dom.jar:/home/travis/build/icyphy/ptII/lib/chic.jar:/
home/travis/build/icyphy/ptII/lib/ptcolt.jar:/home/travis/build/icyphy/ptII/ven
dors/misc/itext/iText.jar:/home/travis/build/icyphy/ptII/lib/g4ltl.jar:/home/tr
avis/build/icyphy/ptII/lib/StructuralCoder.jar:/home/travis/build/icyphy/ptII/l
ib/jcerti.jar:/home/travis/build/icyphy/ptII/lib/javax.mail.jar:/home/travis/bu
ild/icyphy/ptII/vendors/JMF-2.1.1e/lib/jmf.jar:/home/travis/build/icyphy/ptII/l
ib/jna-4.0.0-variadic.jar:/home/travis/build/icyphy/ptII/vendors/misc/joystick/
Joystick.jar:/home/travis/build/icyphy/ptII/lib/ptjacl.jar:/home/travis/build/i
cyphy/ptII/lib/jsoup-1.8.2.jar:/home/travis/build/icyphy/ptII/lib/junit-4.8.2.j
ar:/home/travis/build/icyphy/ptII/lib/JUnitParams-0.4.0.jar:/home/travis/build/
icyphy/ptII/ptolemy/actor/lib/excel/jxl.jar:/home/travis/build/icyphy/ptII/lib/
jython.jar:/home/travis/build/icyphy/ptII/lib/kieler.jar:/home/travis/build/icy
phy/ptII/vendors/opencv/share/OpenCV/java/opencv-341.jar:/home/travis/build/icy
phy/ptII/lib/oscP5.jar:/home/travis/build/icyphy/ptII/lib/nrjavaserial-3.11.0.d
evel.jar:/home/travis/build/icyphy/ptII/vendors/j3d/lib/Linux/j3dcore.jar:/home
/travis/build/icyphy/ptII/vendors/j3d/lib/Linux/j3dutils.jar:/home/travis/build
/icyphy/ptII/vendors/j3d/lib/Linux/vecmath.jar:/home/travis/build/icyphy/ptII/v
endors/jogl/lib/Linux/gluegen-rt-natives-linux-amd64.jar:/home/travis/build/icy
phy/ptII/vendors/jogl/lib/Linux/gluegen-rt.jar:/home/travis/build/icyphy/ptII/v
endors/jogl/lib/Linux/jogl-all-natives-linux-amd64.jar:/home/travis/build/icyph
y/ptII/vendors/jogl/lib/Linux/jogl-all.jar:/home/travis/build/icyphy/ptII/ptole
my/distributed/jini/jar/jini-core.jar:/home/travis/build/icyphy/ptII/ptolemy/di
stributed/jini/jar/jini-ext.jar:/home/travis/build/icyphy/ptII/ptolemy/distribu
ted/jini/jar/sun-util.jar:/home/travis/build/icyphy/ptII/lib/protobuf-java-2.4.
1.jar:/home/travis/build/icyphy/ptII/lib/org.eclipse.paho.client.mqttv3.jar:/ho
me/travis/build/icyphy/ptII/lib/mapss.jar:/home/travis/build/icyphy/ptII/ptolem
y/actor/ptalon/antlr/antlr.jar:/home/travis/build/icyphy/ptII/lib/JRI.jar:/home
/travis/build/icyphy/ptII/lib/commons-lang-2.6.jar:/home/travis/build/icyphy/pt
II/lib/commons-logging-1.1.1.jar:/home/travis/build/icyphy/ptII/lib/sootclasses
.jar:/home/travis/build/icyphy/ptII/ptolemy/actor/lib/database/mysql-connector-
java-5.1.6-bin.jar:/home/travis/build/icyphy/ptII/vendors/misc/sphinx4/sphinx4-
data-5prealpha.jar:/home/travis/build/icyphy/ptII/vendors/misc/sphinx4/sphinx4-
core-5prealpha.jar:/home/travis/build/icyphy/ptII/lib/PDFRenderer.jar:/home/tra
vis/build/icyphy/ptII/lib/svgSalamander.jar:/home/travis/build/icyphy/ptII/lib/
rsyntaxtextarea-2.6.0-SNAPSHOT.jar:/home/travis/build/icyphy/ptII/lib/hazelcast
-3.8.2.jar:/home/travis/build/icyphy/ptII/lib/jackson-annotations-2.9.0.jar:/ho
me/travis/build/icyphy/ptII/lib/jackson-core-2.9.3.jar:/home/travis/build/icyph
y/ptII/lib/jackson-databind-2.9.3.jar:/home/travis/build/icyphy/ptII/lib/netty-
buffer-4.1.19.Final.jar:/home/travis/build/icyphy/ptII/lib/netty-codec-4.1.19.F
inal.jar:/home/travis/build/icyphy/ptII/lib/netty-codec-dns-4.1.19.Final.jar:/h
ome/travis/build/icyphy/ptII/lib/netty-codec-http-4.1.19.Final.jar:/home/travis
/build/icyphy/ptII/lib/netty-codec-http2-4.1.19.Final.jar:/home/travis/build/ic
yphy/ptII/lib/netty-common-4.1.19.Final.jar:/home/travis/build/icyphy/ptII/lib/
netty-handler-4.1.19.Final.jar:/home/travis/build/icyphy/ptII/lib/netty-resolve
r-4.1.19.Final.jar:/home/travis/build/icyphy/ptII/lib/netty-resolver-dns-4.1.19
.Final.jar:/home/travis/build/icyphy/ptII/lib/netty-transport-4.1.19.Final.jar:
/home/travis/build/icyphy/ptII/lib/vertx-codegen-3.5.1.jar:/home/travis/build/i
cyphy/ptII/lib/vertx-core-3.5.2-SNAPSHOT.jar:/home/travis/build/icyphy/ptII/lib
/vertx-hazelcast-3.5.1.jar:/home/travis/build/icyphy/ptII/lib/vertx-lang-js-3.5
.1.jar:/home/travis/build/icyphy/ptII/lib/vertx-service-proxy-3.5.1.jar:/home/t
ravis/build/icyphy/ptII/lib/vertx-web-3.5.1.jar:/home/travis/build/icyphy/ptII/
lib/slf4j-api-1.7.13.jar:/home/travis/build/icyphy/ptII/lib/slf4j-simple-1.7.13
.jar:/home/travis/build/icyphy/ptII/lib/webcam-capture-0.3.12.jar:/home/travis/
build/icyphy/ptII/lib/bridj-0.7.0.jar:/home/travis/build/icyphy/ptII/lib/xbjlib
-1.1.0.nrjavaserial.jar:/home/travis/build/icyphy/ptII/ptolemy/moml/test:/home/
travis/build/icyphy/ptII/ant/lib/ant-launcher.jar:/home/travis/build/icyphy/ptI
I/ant/lib/ant.jar:/home/travis/build/icyphy/ptII/ant/lib/ant-junit.jar:/home/tr
avis/build/icyphy/ptII/ant/lib/ant-junit4.jar:/home/travis/build/icyphy/ptII
ModularCodeGenPubSub_A1_profile.java
total 2412
drwxrwxr-x   3 travis travis  12288 Mar  5 13:44 AbsoluteValue
drwxrwxr-x   3 travis travis 102400 Mar  5 13:43 AllColt
-rw-rw-r--   1 travis travis    233 Mar  5 13:51 Array.class
-rw-rw-r--   1 travis travis    459 Mar  5 13:51 Array.java
drwxrwxr-x   3 travis travis  12288 Mar  5 13:44 Case1
-rw-rw-r--   1 travis travis   5128 Mar  5 13:49 CompiledCompositeActor_CompiledCompositeActor.class
-rw-rw-r--   1 travis travis   1611 Mar  5 13:49 CompiledCompositeActor_CompiledCompositeActor$_CompiledCompositeActor_CompiledCompositeActor.class
-rw-rw-r--   1 travis travis  13466 Mar  5 13:49 CompiledCompositeActor_CompiledCompositeActor.java
-rw-rw-r--   1 travis travis   1593 Mar  5 13:49 CompiledCompositeActor_CompiledCompositeActor.mk
drwxrwxr-x   5 travis travis   4096 Mar  5 13:43 fmi
drwxrwxr-x   3 travis travis  16384 Mar  5 13:44 Gaussian2
-rw-rw-r--   1 travis travis   4684 Mar  5 13:49 JavaCompiledCompositeTest1_CompiledCompositeActor.class
-rw-rw-r--   1 travis travis  11637 Mar  5 13:49 JavaCompiledCompositeTest1_CompiledCompositeActor.java
-rw-rw-r--   1 travis travis   1217 Mar  5 13:49 JavaCompiledCompositeTest1_CompiledCompositeActor$_JavaCompiledCompositeTest1_CompiledCompositeActor.class
-rw-rw-r--   1 travis travis   1625 Mar  5 13:49 JavaCompiledCompositeTest1_CompiledCompositeActor.mk
-rw-rw-r--   1 travis travis   5115 Mar  5 13:49 JavaCompiledCompositeTest2_CompiledCompositeActor.class
-rw-rw-r--   1 travis travis  14919 Mar  5 13:49 JavaCompiledCompositeTest2_CompiledCompositeActor.java
-rw-rw-r--   1 travis travis   1812 Mar  5 13:49 JavaCompiledCompositeTest2_CompiledCompositeActor$_JavaCompiledCompositeTest2_CompiledCompositeActor.class
-rw-rw-r--   1 travis travis   1625 Mar  5 13:49 JavaCompiledCompositeTest2_CompiledCompositeActor.mk
-rw-rw-r--   1 travis travis   4732 Mar  5 13:49 JavaCompiledCompositeTest3_CompiledCompositeActor.class
-rw-rw-r--   1 travis travis  13080 Mar  5 13:49 JavaCompiledCompositeTest3_CompiledCompositeActor.java
-rw-rw-r--   1 travis travis   1397 Mar  5 13:49 JavaCompiledCompositeTest3_CompiledCompositeActor$_JavaCompiledCompositeTest3_CompiledCompositeActor.class
-rw-rw-r--   1 travis travis   1625 Mar  5 13:49 JavaCompiledCompositeTest3_CompiledCompositeActor.mk
-rw-rw-r--   1 travis travis   4183 Mar  5 13:49 JavaCompiledCompositeTest4_CompiledCompositeActor.class
-rw-rw-r--   1 travis travis   9687 Mar  5 13:49 JavaCompiledCompositeTest4_CompiledCompositeActor.java
-rw-rw-r--   1 travis travis    876 Mar  5 13:49 JavaCompiledCompositeTest4_CompiledCompositeActor$_JavaCompiledCompositeTest4_CompiledCompositeActor.class
-rw-rw-r--   1 travis travis   1625 Mar  5 13:49 JavaCompiledCompositeTest4_CompiledCompositeActor.mk
drwxrwxr-x   3 travis travis  12288 Mar  5 13:45 LookupTable
drwxrwxr-x   3 travis travis  20480 Mar  5 13:45 MaxIndex
-rw-rw-r--   1 travis travis   3925 Mar  5 13:49 ModularCG_A1_B1.class
-rw-rw-r--   1 travis travis   9730 Mar  5 13:49 ModularCG_A1_B1.java
-rw-rw-r--   1 travis travis    832 Mar  5 13:49 ModularCG_A1_B1.mk
-rw-rw-r--   1 travis travis   1318 Mar  5 13:49 ModularCG_A1_B1_profile.class
-rw-rw-r--   1 travis travis   1262 Mar  5 13:49 ModularCG_A1_B1_profile.java
-rw-rw-r--   1 travis travis   3925 Mar  5 13:50 ModularCG_A1_B2.class
-rw-rw-r--   1 travis travis   9730 Mar  5 13:50 ModularCG_A1_B2.java
-rw-rw-r--   1 travis travis    832 Mar  5 13:50 ModularCG_A1_B2.mk
-rw-rw-r--   1 travis travis   1318 Mar  5 13:50 ModularCG_A1_B2_profile.class
-rw-rw-r--   1 travis travis   1262 Mar  5 13:49 ModularCG_A1_B2_profile.java
-rw-rw-r--   1 travis travis   5031 Mar  5 13:50 ModularCG_A1.class
-rw-rw-r--   1 travis travis  14742 Mar  5 13:50 ModularCG_A1.java
-rw-rw-r--   1 travis travis    808 Mar  5 13:50 ModularCG_A1.mk
-rw-rw-r--   1 travis travis   1433 Mar  5 13:50 ModularCG_A1_profile.class
-rw-rw-r--   1 travis travis   1704 Mar  5 13:50 ModularCG_A1_profile.java
-rw-rw-r--   1 travis travis   4059 Mar  5 13:50 ModularCG_A2_B1.class
-rw-rw-r--   1 travis travis  10667 Mar  5 13:50 ModularCG_A2_B1.java
-rw-rw-r--   1 travis travis    832 Mar  5 13:50 ModularCG_A2_B1.mk
-rw-rw-r--   1 travis travis   1381 Mar  5 13:50 ModularCG_A2_B1_profile.class
-rw-rw-r--   1 travis travis   1446 Mar  5 13:50 ModularCG_A2_B1_profile.java
-rw-rw-r--   1 travis travis   3925 Mar  5 13:50 ModularCG_A2_B2.class
-rw-rw-r--   1 travis travis   9730 Mar  5 13:50 ModularCG_A2_B2.java
-rw-rw-r--   1 travis travis    832 Mar  5 13:50 ModularCG_A2_B2.mk
-rw-rw-r--   1 travis travis   1318 Mar  5 13:50 ModularCG_A2_B2_profile.class
-rw-rw-r--   1 travis travis   1262 Mar  5 13:50 ModularCG_A2_B2_profile.java
-rw-rw-r--   1 travis travis   5102 Mar  5 13:50 ModularCG_A2.class
-rw-rw-r--   1 travis travis  15129 Mar  5 13:50 ModularCG_A2.java
-rw-rw-r--   1 travis travis    808 Mar  5 13:50 ModularCG_A2.mk
-rw-rw-r--   1 travis travis   1433 Mar  5 13:50 ModularCG_A2_profile.class
-rw-rw-r--   1 travis travis   1704 Mar  5 13:50 ModularCG_A2_profile.java
-rw-rw-r--   1 travis travis   3705 Mar  5 13:50 ModularCGPubSub_A1_A2.class
-rw-rw-r--   1 travis travis   9076 Mar  5 13:50 ModularCGPubSub_A1_A2.java
-rw-rw-r--   1 travis travis    880 Mar  5 13:50 ModularCGPubSub_A1_A2.mk
-rw-rw-r--   1 travis travis   1300 Mar  5 13:50 ModularCGPubSub_A1_A2_profile.class
-rw-rw-r--   1 travis travis   1222 Mar  5 13:50 ModularCGPubSub_A1_A2_profile.java
-rw-rw-r--   1 travis travis   4022 Mar  5 13:50 ModularCGPubSub_A1.class
-rw-rw-r--   1 travis travis   9836 Mar  5 13:50 ModularCGPubSub_A1.java
-rw-rw-r--   1 travis travis    856 Mar  5 13:50 ModularCGPubSub_A1.mk
-rw-rw-r--   1 travis travis   1346 Mar  5 13:50 ModularCGPubSub_A1_profile.class
-rw-rw-r--   1 travis travis   1388 Mar  5 13:50 ModularCGPubSub_A1_profile.java
-rw-rw-r--   1 travis travis   4220 Mar  5 13:50 ModularCodeGen2_ModularCodeGenTypedCompositeActor.class
-rw-rw-r--   1 travis travis  11690 Mar  5 13:50 ModularCodeGen2_ModularCodeGenTypedCompositeActor.java
-rw-rw-r--   1 travis travis   1104 Mar  5 13:50 ModularCodeGen2_ModularCodeGenTypedCompositeActor.mk
-rw-rw-r--   1 travis travis   4504 Mar  5 13:50 ModularCodeGen2_ModularCodeGenTypedCompositeActor_ModularCodeGenTypedCompositeActor.class
-rw-rw-r--   1 travis travis  11790 Mar  5 13:50 ModularCodeGen2_ModularCodeGenTypedCompositeActor_ModularCodeGenTypedCompositeActor.java
-rw-rw-r--   1 travis travis   1376 Mar  5 13:50 ModularCodeGen2_ModularCodeGenTypedCompositeActor_ModularCodeGenTypedCompositeActor.mk
-rw-rw-r--   1 travis travis   1421 Mar  5 13:50 ModularCodeGen2_ModularCodeGenTypedCompositeActor_ModularCodeGenTypedCompositeActor_profile.class
-rw-rw-r--   1 travis travis   1294 Mar  5 13:50 ModularCodeGen2_ModularCodeGenTypedCompositeActor_ModularCodeGenTypedCompositeActor_profile.java
-rw-rw-r--   1 travis travis    820 Mar  5 13:50 ModularCodeGen2_ModularCodeGenTypedCompositeActor_profile.class
-rw-rw-r--   1 travis travis    693 Mar  5 13:50 ModularCodeGen2_ModularCodeGenTypedCompositeActor_profile.java
-rw-rw-r--   1 travis travis   3973 Mar  5 13:50 ModularCodeGen3_A1_B1.class
-rw-rw-r--   1 travis travis   9958 Mar  5 13:50 ModularCodeGen3_A1_B1.java
-rw-rw-r--   1 travis travis    880 Mar  5 13:50 ModularCodeGen3_A1_B1.mk
-rw-rw-r--   1 travis travis   1330 Mar  5 13:50 ModularCodeGen3_A1_B1_profile.class
-rw-rw-r--   1 travis travis   1274 Mar  5 13:50 ModularCodeGen3_A1_B1_profile.java
-rw-rw-r--   1 travis travis   3973 Mar  5 13:50 ModularCodeGen3_A1_B2.class
-rw-rw-r--   1 travis travis   9958 Mar  5 13:50 ModularCodeGen3_A1_B2.java
-rw-rw-r--   1 travis travis    880 Mar  5 13:50 ModularCodeGen3_A1_B2.mk
-rw-rw-r--   1 travis travis   1330 Mar  5 13:50 ModularCodeGen3_A1_B2_profile.class
-rw-rw-r--   1 travis travis   1274 Mar  5 13:50 ModularCodeGen3_A1_B2_profile.java
-rw-rw-r--   1 travis travis   5193 Mar  5 13:50 ModularCodeGen3_A1.class
-rw-rw-r--   1 travis travis  15564 Mar  5 13:50 ModularCodeGen3_A1.java
-rw-rw-r--   1 travis travis    856 Mar  5 13:50 ModularCodeGen3_A1.mk
-rw-rw-r--   1 travis travis   1445 Mar  5 13:50 ModularCodeGen3_A1_profile.class
-rw-rw-r--   1 travis travis   1716 Mar  5 13:50 ModularCodeGen3_A1_profile.java
-rw-rw-r--   1 travis travis   4119 Mar  5 13:50 ModularCodeGen3_A2_B1.class
-rw-rw-r--   1 travis travis  10955 Mar  5 13:50 ModularCodeGen3_A2_B1.java
-rw-rw-r--   1 travis travis    880 Mar  5 13:50 ModularCodeGen3_A2_B1.mk
-rw-rw-r--   1 travis travis   1393 Mar  5 13:50 ModularCodeGen3_A2_B1_profile.class
-rw-rw-r--   1 travis travis   1458 Mar  5 13:50 ModularCodeGen3_A2_B1_profile.java
-rw-rw-r--   1 travis travis   3973 Mar  5 13:50 ModularCodeGen3_A2_B2.class
-rw-rw-r--   1 travis travis   9958 Mar  5 13:50 ModularCodeGen3_A2_B2.java
-rw-rw-r--   1 travis travis    880 Mar  5 13:50 ModularCodeGen3_A2_B2.mk
-rw-rw-r--   1 travis travis   1330 Mar  5 13:50 ModularCodeGen3_A2_B2_profile.class
-rw-rw-r--   1 travis travis   1274 Mar  5 13:50 ModularCodeGen3_A2_B2_profile.java
-rw-rw-r--   1 travis travis   5270 Mar  5 13:50 ModularCodeGen3_A2.class
-rw-rw-r--   1 travis travis  15957 Mar  5 13:50 ModularCodeGen3_A2.java
-rw-rw-r--   1 travis travis    856 Mar  5 13:50 ModularCodeGen3_A2.mk
-rw-rw-r--   1 travis travis   1445 Mar  5 13:50 ModularCodeGen3_A2_profile.class
-rw-rw-r--   1 travis travis   1716 Mar  5 13:50 ModularCodeGen3_A2_profile.java
-rw-rw-r--   1 travis travis   4026 Mar  5 13:50 ModularCodeGen4_A1_B1.class
-rw-rw-r--   1 travis travis  10312 Mar  5 13:50 ModularCodeGen4_A1_B1.java
-rw-rw-r--   1 travis travis    880 Mar  5 13:50 ModularCodeGen4_A1_B1.mk
-rw-rw-r--   1 travis travis   1330 Mar  5 13:50 ModularCodeGen4_A1_B1_profile.class
-rw-rw-r--   1 travis travis   1273 Mar  5 13:50 ModularCodeGen4_A1_B1_profile.java
-rw-rw-r--   1 travis travis   4026 Mar  5 13:50 ModularCodeGen4_A1_B2.class
-rw-rw-r--   1 travis travis  10312 Mar  5 13:50 ModularCodeGen4_A1_B2.java
-rw-rw-r--   1 travis travis    880 Mar  5 13:50 ModularCodeGen4_A1_B2.mk
-rw-rw-r--   1 travis travis   1330 Mar  5 13:50 ModularCodeGen4_A1_B2_profile.class
-rw-rw-r--   1 travis travis   1273 Mar  5 13:50 ModularCodeGen4_A1_B2_profile.java
-rw-rw-r--   1 travis travis   5333 Mar  5 13:50 ModularCodeGen4_A1.class
-rw-rw-r--   1 travis travis  16245 Mar  5 13:50 ModularCodeGen4_A1.java
-rw-rw-r--   1 travis travis    856 Mar  5 13:50 ModularCodeGen4_A1.mk
-rw-rw-r--   1 travis travis   1445 Mar  5 13:50 ModularCodeGen4_A1_profile.class
-rw-rw-r--   1 travis travis   1712 Mar  5 13:50 ModularCodeGen4_A1_profile.java
-rw-rw-r--   1 travis travis   4220 Mar  5 13:50 ModularCodeGen4_A2_B1.class
-rw-rw-r--   1 travis travis  11375 Mar  5 13:50 ModularCodeGen4_A2_B1.java
-rw-rw-r--   1 travis travis    880 Mar  5 13:50 ModularCodeGen4_A2_B1.mk
-rw-rw-r--   1 travis travis   1393 Mar  5 13:50 ModularCodeGen4_A2_B1_profile.class
-rw-rw-r--   1 travis travis   1454 Mar  5 13:50 ModularCodeGen4_A2_B1_profile.java
-rw-rw-r--   1 travis travis   4074 Mar  5 13:50 ModularCodeGen4_A2_B2.class
-rw-rw-r--   1 travis travis  10378 Mar  5 13:50 ModularCodeGen4_A2_B2.java
-rw-rw-r--   1 travis travis    880 Mar  5 13:50 ModularCodeGen4_A2_B2.mk
-rw-rw-r--   1 travis travis   1330 Mar  5 13:50 ModularCodeGen4_A2_B2_profile.class
-rw-rw-r--   1 travis travis   1270 Mar  5 13:50 ModularCodeGen4_A2_B2_profile.java
-rw-rw-r--   1 travis travis   5506 Mar  5 13:50 ModularCodeGen4_A2.class
-rw-rw-r--   1 travis travis  16770 Mar  5 13:50 ModularCodeGen4_A2.java
-rw-rw-r--   1 travis travis    856 Mar  5 13:50 ModularCodeGen4_A2.mk
-rw-rw-r--   1 travis travis   1445 Mar  5 13:50 ModularCodeGen4_A2_profile.class
-rw-rw-r--   1 travis travis   1712 Mar  5 13:50 ModularCodeGen4_A2_profile.java
-rw-rw-r--   1 travis travis   7070 Mar  5 13:51 ModularCodeGen5_A_A.class
-rw-rw-r--   1 travis travis  28721 Mar  5 13:51 ModularCodeGen5_A_A.java
-rw-rw-r--   1 travis travis    864 Mar  5 13:51 ModularCodeGen5_A_A.mk
-rw-rw-r--   1 travis travis   1520 Mar  5 13:51 ModularCodeGen5_A_A_profile.class
-rw-rw-r--   1 travis travis   1815 Mar  5 13:50 ModularCodeGen5_A_A_profile.java
-rw-rw-r--   1 travis travis   5347 Mar  5 13:51 ModularCodeGen5_A.class
-rw-rw-r--   1 travis travis  13769 Mar  5 13:51 ModularCodeGen5_A.java
-rw-rw-r--   1 travis travis    848 Mar  5 13:51 ModularCodeGen5_A.mk
-rw-rw-r--   1 travis travis   1422 Mar  5 13:51 ModularCodeGen5_A_profile.class
-rw-rw-r--   1 travis travis   1605 Mar  5 13:51 ModularCodeGen5_A_profile.java
-rw-rw-r--   1 travis travis   4357 Mar  5 13:51 ModularCodeGen6_A_A2.class
-rw-rw-r--   1 travis travis  11329 Mar  5 13:51 ModularCodeGen6_A_A2.java
-rw-rw-r--   1 travis travis    872 Mar  5 13:51 ModularCodeGen6_A_A2.mk
-rw-rw-r--   1 travis travis   1351 Mar  5 13:51 ModularCodeGen6_A_A2_profile.class
-rw-rw-r--   1 travis travis   1364 Mar  5 13:51 ModularCodeGen6_A_A2_profile.java
-rw-rw-r--   1 travis travis   4340 Mar  5 13:51 ModularCodeGen6_A_A.class
-rw-rw-r--   1 travis travis  11221 Mar  5 13:51 ModularCodeGen6_A_A.java
-rw-rw-r--   1 travis travis    864 Mar  5 13:51 ModularCodeGen6_A_A.mk
-rw-rw-r--   1 travis travis   1348 Mar  5 13:51 ModularCodeGen6_A_A_profile.class
-rw-rw-r--   1 travis travis   1361 Mar  5 13:51 ModularCodeGen6_A_A_profile.java
-rw-rw-r--   1 travis travis   7469 Mar  5 13:51 ModularCodeGen6_A.class
-rw-rw-r--   1 travis travis  26535 Mar  5 13:51 ModularCodeGen6_A.java
-rw-rw-r--   1 travis travis    848 Mar  5 13:51 ModularCodeGen6_A.mk
-rw-rw-r--   1 travis travis   1483 Mar  5 13:51 ModularCodeGen6_A_profile.class
-rw-rw-r--   1 travis travis   1810 Mar  5 13:51 ModularCodeGen6_A_profile.java
-rw-rw-r--   1 travis travis   9633 Mar  5 13:51 ModularCodeGenLazyPubSubGlobal_CompositeActor_ModularCodeGenTypedComposite.class
-rw-rw-r--   1 travis travis  30161 Mar  5 13:51 ModularCodeGenLazyPubSubGlobal_CompositeActor_ModularCodeGenTypedComposite.java
-rw-rw-r--   1 travis travis   1304 Mar  5 13:51 ModularCodeGenLazyPubSubGlobal_CompositeActor_ModularCodeGenTypedComposite.mk
-rw-rw-r--   1 travis travis   1438 Mar  5 13:51 ModularCodeGenLazyPubSubGlobal_CompositeActor_ModularCodeGenTypedComposite_profile.class
-rw-rw-r--   1 travis travis   1384 Mar  5 13:51 ModularCodeGenLazyPubSubGlobal_CompositeActor_ModularCodeGenTypedComposite_profile.java
-rw-rw-r--   1 travis travis   4184 Mar  5 13:51 ModularCodeGenLazyPubSub_LazyCompositeActor.class
-rw-rw-r--   1 travis travis  11122 Mar  5 13:51 ModularCodeGenLazyPubSub_LazyCompositeActor.java
-rw-rw-r--   1 travis travis   1056 Mar  5 13:51 ModularCodeGenLazyPubSub_LazyCompositeActor.mk
-rw-rw-r--   1 travis travis   1286 Mar  5 13:51 ModularCodeGenLazyPubSub_LazyCompositeActor_profile.class
-rw-rw-r--   1 travis travis   1091 Mar  5 13:51 ModularCodeGenLazyPubSub_LazyCompositeActor_profile.java
-rw-rw-r--   1 travis travis   4186 Mar  5 13:50 ModularCodeGen_ModularCodeGenTypedCompositeActor.class
-rw-rw-r--   1 travis travis  10970 Mar  5 13:50 ModularCodeGen_ModularCodeGenTypedCompositeActor.java
-rw-rw-r--   1 travis travis   1096 Mar  5 13:50 ModularCodeGen_ModularCodeGenTypedCompositeActor.mk
-rw-rw-r--   1 travis travis   1384 Mar  5 13:50 ModularCodeGen_ModularCodeGenTypedCompositeActor_profile.class
-rw-rw-r--   1 travis travis   1328 Mar  5 13:50 ModularCodeGen_ModularCodeGenTypedCompositeActor_profile.java
-rw-rw-r--   1 travis travis   1195 Mar  5 13:51 ModularCodeGenPubSub_A1_profile.java
-rw-rw-r--   1 travis travis   3724 Mar  5 13:49 ModularCodeGenTest_A1_A2.class
-rw-rw-r--   1 travis travis   9164 Mar  5 13:49 ModularCodeGenTest_A1_A2.java
-rw-rw-r--   1 travis travis   1306 Mar  5 13:49 ModularCodeGenTest_A1_A2_profile.class
-rw-rw-r--   1 travis travis   4055 Mar  5 13:49 ModularCodeGenTest_A1.class
-rw-rw-r--   1 travis travis   9968 Mar  5 13:49 ModularCodeGenTest_A1.java
-rw-rw-r--   1 travis travis    880 Mar  5 13:49 ModularCodeGenTest_A1.mk
-rw-rw-r--   1 travis travis   1352 Mar  5 13:49 ModularCodeGenTest_A1_profile.class
-rw-rw-r--   1 travis travis   1394 Mar  5 13:49 ModularCodeGenTest_A1_profile.java
drwxrwxr-x   3 travis travis  32768 Mar  5 13:49 modulation2
drwxrwxr-x 166 travis travis  12288 Mar  5 13:49 node_modules
drwxrwxr-x   3 travis travis  20480 Mar  5 13:45 PhaseUnwrap
drwxrwxr-x   3 travis travis  12288 Mar  5 13:45 ReadFile1
-rw-rw-r--   1 travis travis     11 Mar  5 13:45 ReadFile1Output.txt
-rw-rw-r--   1 travis travis  13773 Mar  5 13:49 Repeat.class
-rw-rw-r--   1 travis travis    685 Mar  5 13:49 Repeat$_fireFunction_Repeat_Repeat$__f_sL_11.class
-rw-rw-r--   1 travis travis    541 Mar  5 13:49 Repeat$_fireFunction_Repeat_Repeat$__f_sL_12.class
-rw-rw-r--   1 travis travis    541 Mar  5 13:49 Repeat$_fireFunction_Repeat_Repeat$__f_sL_13.class
-rw-rw-r--   1 travis travis    541 Mar  5 13:49 Repeat$_fireFunction_Repeat_Repeat$__f_sL_14.class
-rw-rw-r--   1 travis travis    684 Mar  5 13:49 Repeat$_fireFunction_Repeat_Repeat$__f_sL_1.class
-rw-rw-r--   1 travis travis    683 Mar  5 13:49 Repeat$_fireFunction_Repeat_Repeat$__f_sL_4.class
-rw-rw-r--   1 travis travis    539 Mar  5 13:49 Repeat$_fireFunction_Repeat_Repeat$__f_sL_9.class
-rw-rw-r--   1 travis travis    494 Mar  5 13:49 Repeat$_initialize_Repeat$__i_sL_2.class
-rw-rw-r--   1 travis travis   1281 Mar  5 13:49 Repeat.mk
-rw-rw-r--   1 travis travis    539 Mar  5 13:49 Repeat$_preinitializeMethod_Repeat$__p_sL_0.class
-rw-rw-r--   1 travis travis   1102 Mar  5 13:49 Repeat$_Repeat$_fireFunction_Repeat_AddSubtract_Repeat.class
-rw-rw-r--   1 travis travis    810 Mar  5 13:49 Repeat$_Repeat$_fireFunction_Repeat_AddSubtract_Repeat$__f_sL_0.class
-rw-rw-r--   1 travis travis    928 Mar  5 13:49 Repeat$_Repeat$_fireFunction_Repeat_AddSubtract_Repeat$__f_sL_1.class
-rw-rw-r--   1 travis travis    934 Mar  5 13:49 Repeat$_Repeat$_fireFunction_Repeat_AddSubtract_Repeat$__f_sL_2.class
-rw-rw-r--   1 travis travis    862 Mar  5 13:49 Repeat$_Repeat$_fireFunction_Repeat_AddSubtract_Repeat$__f_sL_3.class
-rw-rw-r--   1 travis travis    757 Mar  5 13:49 Repeat$_Repeat$_fireFunction_Repeat_Ramp2_Repeat$__f_sL_0.class
-rw-rw-r--   1 travis travis    888 Mar  5 13:49 Repeat$_Repeat$_fireFunction_Repeat_Test_Repeat$__f_sL_0.class
-rw-rw-r--   1 travis travis    634 Mar  5 13:49 Repeat$_Repeat$_fireFunction_Repeat_Test_Repeat$__f_sL_1.class
-rw-rw-r--   1 travis travis    704 Mar  5 13:49 Repeat$_Repeat_SDF_Director_run_Repeat$__R_sL_0.class
-rw-rw-r--   1 travis travis    705 Mar  5 13:49 Repeat$_Repeat_SDF_Director_run_Repeat$__R_sL_11.class
-rw-rw-r--   1 travis travis    561 Mar  5 13:49 Repeat$_Repeat_SDF_Director_run_Repeat$__R_sL_13.class
-rw-rw-r--   1 travis travis    559 Mar  5 13:49 Repeat$_Repeat_SDF_Director_run_Repeat$__R_sL_2.class
-rw-rw-r--   1 travis travis    703 Mar  5 13:49 Repeat$_Repeat_SDF_Director_run_Repeat$__R_sL_3.class
-rw-rw-r--   1 travis travis    559 Mar  5 13:49 Repeat$_Repeat_SDF_Director_run_Repeat$__R_sL_5.class
-rw-rw-r--   1 travis travis    559 Mar  5 13:49 Repeat$_Repeat_SDF_Director_run_Repeat$__R_sL_8.class
drwxrwxr-x   2 travis travis   4096 Mar  5 13:49 RepeatVariables
-rw-rw-r--   1 travis travis    882 Mar  5 13:49 Repeat$_varinit_Repeat.class
-rw-rw-r--   1 travis travis    550 Mar  5 13:49 Repeat$_varinit_Repeat$__v_sL_2.class
-rw-rw-r--   1 travis travis    924 Mar  5 13:49 Repeat$_varinit_Repeat$__v_sL_4.class
-rw-rw-r--   1 travis travis    978 Mar  5 13:49 Repeat$_wrapup_Repeat$__w_sL_1.class
drwxrwxr-x   3 travis travis  20480 Mar  5 13:46 Sinewave
drwxrwxr-x   3 travis travis  32768 Mar  5 13:47 StringFunction
drwxrwxr-x   3 travis travis  12288 Mar  5 13:47 StringLength
drwxrwxr-x   3 travis travis  61440 Mar  5 13:47 StringMatches2
drwxrwxr-x   3 travis travis  61440 Mar  5 13:48 StringSimpleReplace
drwxrwxr-x   3 travis travis  65536 Mar  5 13:48 StringSubstring
drwxrwxr-x   3 travis travis  24576 Mar  5 13:48 StringSubstring2
drwxrwxr-x   3 travis travis  16384 Mar  5 13:49 time1
drwxrwxr-x   3 travis travis  12288 Mar  5 13:49 time5
-rw-rw-r--   1 travis travis    432 Mar  5 13:51 Token.class
-rw-rw-r--   1 travis travis    251 Mar  5 13:51 Token.java
-rwxrwxr-x   1 travis travis 466992 Mar  5 13:43 top
-rw-rw-r--   1 travis travis  20502 Mar  5 13:43 top.c
-rw-rw-r--   1 travis travis   3799 Mar  5 13:49 top.class
-rw-rw-r--   1 travis travis   1257 Mar  5 13:49 top.mk
All Done
Writing ModularCodeGenPubSub_A1.java in file:/home/travis/cg/ (9060 characters)
Reading "ptolemy/cg/kernel/generic/program/procedural/java/modular/makefile.in",
    writing "/home/travis/cg/ModularCodeGenPubSub_A1.mk"
Using ptolemy/cg/kernel/generic/program/procedural/java/modular/makefile.in
In "/home/travis/cg", about to execute:
    make -f ModularCodeGenPubSub_A1.mk
javac -classpath ".:.."    ModularCodeGenPubSub_A1.java
All Done
2713 ms. Memory: 129024K Free: 50974K (40%)
----------------- Invoking toplevel() on ptolemy.moml.MoMLSimpleApplication@6c37ea83
----------------- Done invoking toplevel() on ptolemy.moml.MoMLSimpleApplication@6c37ea83
reloadAllAccessors: .ModularCodeGenPubSub

===========================================================================================
----------------- testing Thu Mar 05 13:51:20 UTC 2020 /home/travis/build/icyphy/ptII/ptolemy/cg/lib/test/auto/ModularCodeGenPubSub2.xml
----------------- Instantiating /home/travis/build/icyphy/ptII/ptolemy/cg/lib/test/auto/ModularCodeGenPubSub2.xml
In "/home/travis/cg", about to execute:
    pwd
In "/home/travis/cg", about to execute:
    ls -l
/home/travis/cg
In "/home/travis/cg", about to execute:
    javac -classpath
.:/home/travis/build/icyphy/ptII:/home/travis/build/icyphy/ptII/lib/bsh-2.0b4.j
ar:/home/travis/build/icyphy/ptII/lib/ptCal.jar:/home/travis/build/icyphy/ptII/
lib/java_cup.jar:/home/travis/build/icyphy/ptII/lib/saxon8.jar:/home/travis/bui
ld/icyphy/ptII/lib/saxon8-dom.jar:/home/travis/build/icyphy/ptII/lib/chic.jar:/
home/travis/build/icyphy/ptII/lib/ptcolt.jar:/home/travis/build/icyphy/ptII/ven
dors/misc/itext/iText.jar:/home/travis/build/icyphy/ptII/lib/g4ltl.jar:/home/tr
avis/build/icyphy/ptII/lib/StructuralCoder.jar:/home/travis/build/icyphy/ptII/l
ib/jcerti.jar:/home/travis/build/icyphy/ptII/lib/javax.mail.jar:/home/travis/bu
ild/icyphy/ptII/vendors/JMF-2.1.1e/lib/jmf.jar:/home/travis/build/icyphy/ptII/l
ib/jna-4.0.0-variadic.jar:/home/travis/build/icyphy/ptII/vendors/misc/joystick/
Joystick.jar:/home/travis/build/icyphy/ptII/lib/ptjacl.jar:/home/travis/build/i
cyphy/ptII/lib/jsoup-1.8.2.jar:/home/travis/build/icyphy/ptII/lib/junit-4.8.2.j
ar:/home/travis/build/icyphy/ptII/lib/JUnitParams-0.4.0.jar:/home/travis/build/
icyphy/ptII/ptolemy/actor/lib/excel/jxl.jar:/home/travis/build/icyphy/ptII/lib/
jython.jar:/home/travis/build/icyphy/ptII/lib/kieler.jar:/home/travis/build/icy
phy/ptII/vendors/opencv/share/OpenCV/java/opencv-341.jar:/home/travis/build/icy
phy/ptII/lib/oscP5.jar:/home/travis/build/icyphy/ptII/lib/nrjavaserial-3.11.0.d
evel.jar:/home/travis/build/icyphy/ptII/vendors/j3d/lib/Linux/j3dcore.jar:/home
/travis/build/icyphy/ptII/vendors/j3d/lib/Linux/j3dutils.jar:/home/travis/build
/icyphy/ptII/vendors/j3d/lib/Linux/vecmath.jar:/home/travis/build/icyphy/ptII/v
endors/jogl/lib/Linux/gluegen-rt-natives-linux-amd64.jar:/home/travis/build/icy
phy/ptII/vendors/jogl/lib/Linux/gluegen-rt.jar:/home/travis/build/icyphy/ptII/v
endors/jogl/lib/Linux/jogl-all-natives-linux-amd64.jar:/home/travis/build/icyph
y/ptII/vendors/jogl/lib/Linux/jogl-all.jar:/home/travis/build/icyphy/ptII/ptole
my/distributed/jini/jar/jini-core.jar:/home/travis/build/icyphy/ptII/ptolemy/di
stributed/jini/jar/jini-ext.jar:/home/travis/build/icyphy/ptII/ptolemy/distribu
ted/jini/jar/sun-util.jar:/home/travis/build/icyphy/ptII/lib/protobuf-java-2.4.
1.jar:/home/travis/build/icyphy/ptII/lib/org.eclipse.paho.client.mqttv3.jar:/ho
me/travis/build/icyphy/ptII/lib/mapss.jar:/home/travis/build/icyphy/ptII/ptolem
y/actor/ptalon/antlr/antlr.jar:/home/travis/build/icyphy/ptII/lib/JRI.jar:/home
/travis/build/icyphy/ptII/lib/commons-lang-2.6.jar:/home/travis/build/icyphy/pt
II/lib/commons-logging-1.1.1.jar:/home/travis/build/icyphy/ptII/lib/sootclasses
.jar:/home/travis/build/icyphy/ptII/ptolemy/actor/lib/database/mysql-connector-
java-5.1.6-bin.jar:/home/travis/build/icyphy/ptII/vendors/misc/sphinx4/sphinx4-
data-5prealpha.jar:/home/travis/build/icyphy/ptII/vendors/misc/sphinx4/sphinx4-
core-5prealpha.jar:/home/travis/build/icyphy/ptII/lib/PDFRenderer.jar:/home/tra
vis/build/icyphy/ptII/lib/svgSalamander.jar:/home/travis/build/icyphy/ptII/lib/
rsyntaxtextarea-2.6.0-SNAPSHOT.jar:/home/travis/build/icyphy/ptII/lib/hazelcast
-3.8.2.jar:/home/travis/build/icyphy/ptII/lib/jackson-annotations-2.9.0.jar:/ho
me/travis/build/icyphy/ptII/lib/jackson-core-2.9.3.jar:/home/travis/build/icyph
y/ptII/lib/jackson-databind-2.9.3.jar:/home/travis/build/icyphy/ptII/lib/netty-
buffer-4.1.19.Final.jar:/home/travis/build/icyphy/ptII/lib/netty-codec-4.1.19.F
inal.jar:/home/travis/build/icyphy/ptII/lib/netty-codec-dns-4.1.19.Final.jar:/h
ome/travis/build/icyphy/ptII/lib/netty-codec-http-4.1.19.Final.jar:/home/travis
/build/icyphy/ptII/lib/netty-codec-http2-4.1.19.Final.jar:/home/travis/build/ic
yphy/ptII/lib/netty-common-4.1.19.Final.jar:/home/travis/build/icyphy/ptII/lib/
netty-handler-4.1.19.Final.jar:/home/travis/build/icyphy/ptII/lib/netty-resolve
r-4.1.19.Final.jar:/home/travis/build/icyphy/ptII/lib/netty-resolver-dns-4.1.19
.Final.jar:/home/travis/build/icyphy/ptII/lib/netty-transport-4.1.19.Final.jar:
/home/travis/build/icyphy/ptII/lib/vertx-codegen-3.5.1.jar:/home/travis/build/i
cyphy/ptII/lib/vertx-core-3.5.2-SNAPSHOT.jar:/home/travis/build/icyphy/ptII/lib
/vertx-hazelcast-3.5.1.jar:/home/travis/build/icyphy/ptII/lib/vertx-lang-js-3.5
.1.jar:/home/travis/build/icyphy/ptII/lib/vertx-service-proxy-3.5.1.jar:/home/t
ravis/build/icyphy/ptII/lib/vertx-web-3.5.1.jar:/home/travis/build/icyphy/ptII/
lib/slf4j-api-1.7.13.jar:/home/travis/build/icyphy/ptII/lib/slf4j-simple-1.7.13
.jar:/home/travis/build/icyphy/ptII/lib/webcam-capture-0.3.12.jar:/home/travis/
build/icyphy/ptII/lib/bridj-0.7.0.jar:/home/travis/build/icyphy/ptII/lib/xbjlib
-1.1.0.nrjavaserial.jar:/home/travis/build/icyphy/ptII/ptolemy/moml/test:/home/
travis/build/icyphy/ptII/ant/lib/ant-launcher.jar:/home/travis/build/icyphy/ptI
I/ant/lib/ant.jar:/home/travis/build/icyphy/ptII/ant/lib/ant-junit.jar:/home/tr
avis/build/icyphy/ptII/ant/lib/ant-junit4.jar:/home/travis/build/icyphy/ptII
ModularCodeGenPubSub2_A1_A_profile.java
total 2440
drwxrwxr-x   3 travis travis  12288 Mar  5 13:44 AbsoluteValue
drwxrwxr-x   3 travis travis 102400 Mar  5 13:43 AllColt
-rw-rw-r--   1 travis travis    233 Mar  5 13:51 Array.class
-rw-rw-r--   1 travis travis    459 Mar  5 13:51 Array.java
drwxrwxr-x   3 travis travis  12288 Mar  5 13:44 Case1
-rw-rw-r--   1 travis travis   5128 Mar  5 13:49 CompiledCompositeActor_CompiledCompositeActor.class
-rw-rw-r--   1 travis travis   1611 Mar  5 13:49 CompiledCompositeActor_CompiledCompositeActor$_CompiledCompositeActor_CompiledCompositeActor.class
-rw-rw-r--   1 travis travis  13466 Mar  5 13:49 CompiledCompositeActor_CompiledCompositeActor.java
-rw-rw-r--   1 travis travis   1593 Mar  5 13:49 CompiledCompositeActor_CompiledCompositeActor.mk
drwxrwxr-x   5 travis travis   4096 Mar  5 13:43 fmi
drwxrwxr-x   3 travis travis  16384 Mar  5 13:44 Gaussian2
-rw-rw-r--   1 travis travis   4684 Mar  5 13:49 JavaCompiledCompositeTest1_CompiledCompositeActor.class
-rw-rw-r--   1 travis travis  11637 Mar  5 13:49 JavaCompiledCompositeTest1_CompiledCompositeActor.java
-rw-rw-r--   1 travis travis   1217 Mar  5 13:49 JavaCompiledCompositeTest1_CompiledCompositeActor$_JavaCompiledCompositeTest1_CompiledCompositeActor.class
-rw-rw-r--   1 travis travis   1625 Mar  5 13:49 JavaCompiledCompositeTest1_CompiledCompositeActor.mk
-rw-rw-r--   1 travis travis   5115 Mar  5 13:49 JavaCompiledCompositeTest2_CompiledCompositeActor.class
-rw-rw-r--   1 travis travis  14919 Mar  5 13:49 JavaCompiledCompositeTest2_CompiledCompositeActor.java
-rw-rw-r--   1 travis travis   1812 Mar  5 13:49 JavaCompiledCompositeTest2_CompiledCompositeActor$_JavaCompiledCompositeTest2_CompiledCompositeActor.class
-rw-rw-r--   1 travis travis   1625 Mar  5 13:49 JavaCompiledCompositeTest2_CompiledCompositeActor.mk
-rw-rw-r--   1 travis travis   4732 Mar  5 13:49 JavaCompiledCompositeTest3_CompiledCompositeActor.class
-rw-rw-r--   1 travis travis  13080 Mar  5 13:49 JavaCompiledCompositeTest3_CompiledCompositeActor.java
-rw-rw-r--   1 travis travis   1397 Mar  5 13:49 JavaCompiledCompositeTest3_CompiledCompositeActor$_JavaCompiledCompositeTest3_CompiledCompositeActor.class
-rw-rw-r--   1 travis travis   1625 Mar  5 13:49 JavaCompiledCompositeTest3_CompiledCompositeActor.mk
-rw-rw-r--   1 travis travis   4183 Mar  5 13:49 JavaCompiledCompositeTest4_CompiledCompositeActor.class
-rw-rw-r--   1 travis travis   9687 Mar  5 13:49 JavaCompiledCompositeTest4_CompiledCompositeActor.java
-rw-rw-r--   1 travis travis    876 Mar  5 13:49 JavaCompiledCompositeTest4_CompiledCompositeActor$_JavaCompiledCompositeTest4_CompiledCompositeActor.class
-rw-rw-r--   1 travis travis   1625 Mar  5 13:49 JavaCompiledCompositeTest4_CompiledCompositeActor.mk
drwxrwxr-x   3 travis travis  12288 Mar  5 13:45 LookupTable
drwxrwxr-x   3 travis travis  20480 Mar  5 13:45 MaxIndex
-rw-rw-r--   1 travis travis   3925 Mar  5 13:49 ModularCG_A1_B1.class
-rw-rw-r--   1 travis travis   9730 Mar  5 13:49 ModularCG_A1_B1.java
-rw-rw-r--   1 travis travis    832 Mar  5 13:49 ModularCG_A1_B1.mk
-rw-rw-r--   1 travis travis   1318 Mar  5 13:49 ModularCG_A1_B1_profile.class
-rw-rw-r--   1 travis travis   1262 Mar  5 13:49 ModularCG_A1_B1_profile.java
-rw-rw-r--   1 travis travis   3925 Mar  5 13:50 ModularCG_A1_B2.class
-rw-rw-r--   1 travis travis   9730 Mar  5 13:50 ModularCG_A1_B2.java
-rw-rw-r--   1 travis travis    832 Mar  5 13:50 ModularCG_A1_B2.mk
-rw-rw-r--   1 travis travis   1318 Mar  5 13:50 ModularCG_A1_B2_profile.class
-rw-rw-r--   1 travis travis   1262 Mar  5 13:49 ModularCG_A1_B2_profile.java
-rw-rw-r--   1 travis travis   5031 Mar  5 13:50 ModularCG_A1.class
-rw-rw-r--   1 travis travis  14742 Mar  5 13:50 ModularCG_A1.java
-rw-rw-r--   1 travis travis    808 Mar  5 13:50 ModularCG_A1.mk
-rw-rw-r--   1 travis travis   1433 Mar  5 13:50 ModularCG_A1_profile.class
-rw-rw-r--   1 travis travis   1704 Mar  5 13:50 ModularCG_A1_profile.java
-rw-rw-r--   1 travis travis   4059 Mar  5 13:50 ModularCG_A2_B1.class
-rw-rw-r--   1 travis travis  10667 Mar  5 13:50 ModularCG_A2_B1.java
-rw-rw-r--   1 travis travis    832 Mar  5 13:50 ModularCG_A2_B1.mk
-rw-rw-r--   1 travis travis   1381 Mar  5 13:50 ModularCG_A2_B1_profile.class
-rw-rw-r--   1 travis travis   1446 Mar  5 13:50 ModularCG_A2_B1_profile.java
-rw-rw-r--   1 travis travis   3925 Mar  5 13:50 ModularCG_A2_B2.class
-rw-rw-r--   1 travis travis   9730 Mar  5 13:50 ModularCG_A2_B2.java
-rw-rw-r--   1 travis travis    832 Mar  5 13:50 ModularCG_A2_B2.mk
-rw-rw-r--   1 travis travis   1318 Mar  5 13:50 ModularCG_A2_B2_profile.class
-rw-rw-r--   1 travis travis   1262 Mar  5 13:50 ModularCG_A2_B2_profile.java
-rw-rw-r--   1 travis travis   5102 Mar  5 13:50 ModularCG_A2.class
-rw-rw-r--   1 travis travis  15129 Mar  5 13:50 ModularCG_A2.java
-rw-rw-r--   1 travis travis    808 Mar  5 13:50 ModularCG_A2.mk
-rw-rw-r--   1 travis travis   1433 Mar  5 13:50 ModularCG_A2_profile.class
-rw-rw-r--   1 travis travis   1704 Mar  5 13:50 ModularCG_A2_profile.java
-rw-rw-r--   1 travis travis   3705 Mar  5 13:50 ModularCGPubSub_A1_A2.class
-rw-rw-r--   1 travis travis   9076 Mar  5 13:50 ModularCGPubSub_A1_A2.java
-rw-rw-r--   1 travis travis    880 Mar  5 13:50 ModularCGPubSub_A1_A2.mk
-rw-rw-r--   1 travis travis   1300 Mar  5 13:50 ModularCGPubSub_A1_A2_profile.class
-rw-rw-r--   1 travis travis   1222 Mar  5 13:50 ModularCGPubSub_A1_A2_profile.java
-rw-rw-r--   1 travis travis   4022 Mar  5 13:50 ModularCGPubSub_A1.class
-rw-rw-r--   1 travis travis   9836 Mar  5 13:50 ModularCGPubSub_A1.java
-rw-rw-r--   1 travis travis    856 Mar  5 13:50 ModularCGPubSub_A1.mk
-rw-rw-r--   1 travis travis   1346 Mar  5 13:50 ModularCGPubSub_A1_profile.class
-rw-rw-r--   1 travis travis   1388 Mar  5 13:50 ModularCGPubSub_A1_profile.java
-rw-rw-r--   1 travis travis   4220 Mar  5 13:50 ModularCodeGen2_ModularCodeGenTypedCompositeActor.class
-rw-rw-r--   1 travis travis  11690 Mar  5 13:50 ModularCodeGen2_ModularCodeGenTypedCompositeActor.java
-rw-rw-r--   1 travis travis   1104 Mar  5 13:50 ModularCodeGen2_ModularCodeGenTypedCompositeActor.mk
-rw-rw-r--   1 travis travis   4504 Mar  5 13:50 ModularCodeGen2_ModularCodeGenTypedCompositeActor_ModularCodeGenTypedCompositeActor.class
-rw-rw-r--   1 travis travis  11790 Mar  5 13:50 ModularCodeGen2_ModularCodeGenTypedCompositeActor_ModularCodeGenTypedCompositeActor.java
-rw-rw-r--   1 travis travis   1376 Mar  5 13:50 ModularCodeGen2_ModularCodeGenTypedCompositeActor_ModularCodeGenTypedCompositeActor.mk
-rw-rw-r--   1 travis travis   1421 Mar  5 13:50 ModularCodeGen2_ModularCodeGenTypedCompositeActor_ModularCodeGenTypedCompositeActor_profile.class
-rw-rw-r--   1 travis travis   1294 Mar  5 13:50 ModularCodeGen2_ModularCodeGenTypedCompositeActor_ModularCodeGenTypedCompositeActor_profile.java
-rw-rw-r--   1 travis travis    820 Mar  5 13:50 ModularCodeGen2_ModularCodeGenTypedCompositeActor_profile.class
-rw-rw-r--   1 travis travis    693 Mar  5 13:50 ModularCodeGen2_ModularCodeGenTypedCompositeActor_profile.java
-rw-rw-r--   1 travis travis   3973 Mar  5 13:50 ModularCodeGen3_A1_B1.class
-rw-rw-r--   1 travis travis   9958 Mar  5 13:50 ModularCodeGen3_A1_B1.java
-rw-rw-r--   1 travis travis    880 Mar  5 13:50 ModularCodeGen3_A1_B1.mk
-rw-rw-r--   1 travis travis   1330 Mar  5 13:50 ModularCodeGen3_A1_B1_profile.class
-rw-rw-r--   1 travis travis   1274 Mar  5 13:50 ModularCodeGen3_A1_B1_profile.java
-rw-rw-r--   1 travis travis   3973 Mar  5 13:50 ModularCodeGen3_A1_B2.class
-rw-rw-r--   1 travis travis   9958 Mar  5 13:50 ModularCodeGen3_A1_B2.java
-rw-rw-r--   1 travis travis    880 Mar  5 13:50 ModularCodeGen3_A1_B2.mk
-rw-rw-r--   1 travis travis   1330 Mar  5 13:50 ModularCodeGen3_A1_B2_profile.class
-rw-rw-r--   1 travis travis   1274 Mar  5 13:50 ModularCodeGen3_A1_B2_profile.java
-rw-rw-r--   1 travis travis   5193 Mar  5 13:50 ModularCodeGen3_A1.class
-rw-rw-r--   1 travis travis  15564 Mar  5 13:50 ModularCodeGen3_A1.java
-rw-rw-r--   1 travis travis    856 Mar  5 13:50 ModularCodeGen3_A1.mk
-rw-rw-r--   1 travis travis   1445 Mar  5 13:50 ModularCodeGen3_A1_profile.class
-rw-rw-r--   1 travis travis   1716 Mar  5 13:50 ModularCodeGen3_A1_profile.java
-rw-rw-r--   1 travis travis   4119 Mar  5 13:50 ModularCodeGen3_A2_B1.class
-rw-rw-r--   1 travis travis  10955 Mar  5 13:50 ModularCodeGen3_A2_B1.java
-rw-rw-r--   1 travis travis    880 Mar  5 13:50 ModularCodeGen3_A2_B1.mk
-rw-rw-r--   1 travis travis   1393 Mar  5 13:50 ModularCodeGen3_A2_B1_profile.class
-rw-rw-r--   1 travis travis   1458 Mar  5 13:50 ModularCodeGen3_A2_B1_profile.java
-rw-rw-r--   1 travis travis   3973 Mar  5 13:50 ModularCodeGen3_A2_B2.class
-rw-rw-r--   1 travis travis   9958 Mar  5 13:50 ModularCodeGen3_A2_B2.java
-rw-rw-r--   1 travis travis    880 Mar  5 13:50 ModularCodeGen3_A2_B2.mk
-rw-rw-r--   1 travis travis   1330 Mar  5 13:50 ModularCodeGen3_A2_B2_profile.class
-rw-rw-r--   1 travis travis   1274 Mar  5 13:50 ModularCodeGen3_A2_B2_profile.java
-rw-rw-r--   1 travis travis   5270 Mar  5 13:50 ModularCodeGen3_A2.class
-rw-rw-r--   1 travis travis  15957 Mar  5 13:50 ModularCodeGen3_A2.java
-rw-rw-r--   1 travis travis    856 Mar  5 13:50 ModularCodeGen3_A2.mk
-rw-rw-r--   1 travis travis   1445 Mar  5 13:50 ModularCodeGen3_A2_profile.class
-rw-rw-r--   1 travis travis   1716 Mar  5 13:50 ModularCodeGen3_A2_profile.java
-rw-rw-r--   1 travis travis   4026 Mar  5 13:50 ModularCodeGen4_A1_B1.class
-rw-rw-r--   1 travis travis  10312 Mar  5 13:50 ModularCodeGen4_A1_B1.java
-rw-rw-r--   1 travis travis    880 Mar  5 13:50 ModularCodeGen4_A1_B1.mk
-rw-rw-r--   1 travis travis   1330 Mar  5 13:50 ModularCodeGen4_A1_B1_profile.class
-rw-rw-r--   1 travis travis   1273 Mar  5 13:50 ModularCodeGen4_A1_B1_profile.java
-rw-rw-r--   1 travis travis   4026 Mar  5 13:50 ModularCodeGen4_A1_B2.class
-rw-rw-r--   1 travis travis  10312 Mar  5 13:50 ModularCodeGen4_A1_B2.java
-rw-rw-r--   1 travis travis    880 Mar  5 13:50 ModularCodeGen4_A1_B2.mk
-rw-rw-r--   1 travis travis   1330 Mar  5 13:50 ModularCodeGen4_A1_B2_profile.class
-rw-rw-r--   1 travis travis   1273 Mar  5 13:50 ModularCodeGen4_A1_B2_profile.java
-rw-rw-r--   1 travis travis   5333 Mar  5 13:50 ModularCodeGen4_A1.class
-rw-rw-r--   1 travis travis  16245 Mar  5 13:50 ModularCodeGen4_A1.java
-rw-rw-r--   1 travis travis    856 Mar  5 13:50 ModularCodeGen4_A1.mk
-rw-rw-r--   1 travis travis   1445 Mar  5 13:50 ModularCodeGen4_A1_profile.class
-rw-rw-r--   1 travis travis   1712 Mar  5 13:50 ModularCodeGen4_A1_profile.java
-rw-rw-r--   1 travis travis   4220 Mar  5 13:50 ModularCodeGen4_A2_B1.class
-rw-rw-r--   1 travis travis  11375 Mar  5 13:50 ModularCodeGen4_A2_B1.java
-rw-rw-r--   1 travis travis    880 Mar  5 13:50 ModularCodeGen4_A2_B1.mk
-rw-rw-r--   1 travis travis   1393 Mar  5 13:50 ModularCodeGen4_A2_B1_profile.class
-rw-rw-r--   1 travis travis   1454 Mar  5 13:50 ModularCodeGen4_A2_B1_profile.java
-rw-rw-r--   1 travis travis   4074 Mar  5 13:50 ModularCodeGen4_A2_B2.class
-rw-rw-r--   1 travis travis  10378 Mar  5 13:50 ModularCodeGen4_A2_B2.java
-rw-rw-r--   1 travis travis    880 Mar  5 13:50 ModularCodeGen4_A2_B2.mk
-rw-rw-r--   1 travis travis   1330 Mar  5 13:50 ModularCodeGen4_A2_B2_profile.class
-rw-rw-r--   1 travis travis   1270 Mar  5 13:50 ModularCodeGen4_A2_B2_profile.java
-rw-rw-r--   1 travis travis   5506 Mar  5 13:50 ModularCodeGen4_A2.class
-rw-rw-r--   1 travis travis  16770 Mar  5 13:50 ModularCodeGen4_A2.java
-rw-rw-r--   1 travis travis    856 Mar  5 13:50 ModularCodeGen4_A2.mk
-rw-rw-r--   1 travis travis   1445 Mar  5 13:50 ModularCodeGen4_A2_profile.class
-rw-rw-r--   1 travis travis   1712 Mar  5 13:50 ModularCodeGen4_A2_profile.java
-rw-rw-r--   1 travis travis   7070 Mar  5 13:51 ModularCodeGen5_A_A.class
-rw-rw-r--   1 travis travis  28721 Mar  5 13:51 ModularCodeGen5_A_A.java
-rw-rw-r--   1 travis travis    864 Mar  5 13:51 ModularCodeGen5_A_A.mk
-rw-rw-r--   1 travis travis   1520 Mar  5 13:51 ModularCodeGen5_A_A_profile.class
-rw-rw-r--   1 travis travis   1815 Mar  5 13:50 ModularCodeGen5_A_A_profile.java
-rw-rw-r--   1 travis travis   5347 Mar  5 13:51 ModularCodeGen5_A.class
-rw-rw-r--   1 travis travis  13769 Mar  5 13:51 ModularCodeGen5_A.java
-rw-rw-r--   1 travis travis    848 Mar  5 13:51 ModularCodeGen5_A.mk
-rw-rw-r--   1 travis travis   1422 Mar  5 13:51 ModularCodeGen5_A_profile.class
-rw-rw-r--   1 travis travis   1605 Mar  5 13:51 ModularCodeGen5_A_profile.java
-rw-rw-r--   1 travis travis   4357 Mar  5 13:51 ModularCodeGen6_A_A2.class
-rw-rw-r--   1 travis travis  11329 Mar  5 13:51 ModularCodeGen6_A_A2.java
-rw-rw-r--   1 travis travis    872 Mar  5 13:51 ModularCodeGen6_A_A2.mk
-rw-rw-r--   1 travis travis   1351 Mar  5 13:51 ModularCodeGen6_A_A2_profile.class
-rw-rw-r--   1 travis travis   1364 Mar  5 13:51 ModularCodeGen6_A_A2_profile.java
-rw-rw-r--   1 travis travis   4340 Mar  5 13:51 ModularCodeGen6_A_A.class
-rw-rw-r--   1 travis travis  11221 Mar  5 13:51 ModularCodeGen6_A_A.java
-rw-rw-r--   1 travis travis    864 Mar  5 13:51 ModularCodeGen6_A_A.mk
-rw-rw-r--   1 travis travis   1348 Mar  5 13:51 ModularCodeGen6_A_A_profile.class
-rw-rw-r--   1 travis travis   1361 Mar  5 13:51 ModularCodeGen6_A_A_profile.java
-rw-rw-r--   1 travis travis   7469 Mar  5 13:51 ModularCodeGen6_A.class
-rw-rw-r--   1 travis travis  26535 Mar  5 13:51 ModularCodeGen6_A.java
-rw-rw-r--   1 travis travis    848 Mar  5 13:51 ModularCodeGen6_A.mk
-rw-rw-r--   1 travis travis   1483 Mar  5 13:51 ModularCodeGen6_A_profile.class
-rw-rw-r--   1 travis travis   1810 Mar  5 13:51 ModularCodeGen6_A_profile.java
-rw-rw-r--   1 travis travis   9633 Mar  5 13:51 ModularCodeGenLazyPubSubGlobal_CompositeActor_ModularCodeGenTypedComposite.class
-rw-rw-r--   1 travis travis  30161 Mar  5 13:51 ModularCodeGenLazyPubSubGlobal_CompositeActor_ModularCodeGenTypedComposite.java
-rw-rw-r--   1 travis travis   1304 Mar  5 13:51 ModularCodeGenLazyPubSubGlobal_CompositeActor_ModularCodeGenTypedComposite.mk
-rw-rw-r--   1 travis travis   1438 Mar  5 13:51 ModularCodeGenLazyPubSubGlobal_CompositeActor_ModularCodeGenTypedComposite_profile.class
-rw-rw-r--   1 travis travis   1384 Mar  5 13:51 ModularCodeGenLazyPubSubGlobal_CompositeActor_ModularCodeGenTypedComposite_profile.java
-rw-rw-r--   1 travis travis   4184 Mar  5 13:51 ModularCodeGenLazyPubSub_LazyCompositeActor.class
-rw-rw-r--   1 travis travis  11122 Mar  5 13:51 ModularCodeGenLazyPubSub_LazyCompositeActor.java
-rw-rw-r--   1 travis travis   1056 Mar  5 13:51 ModularCodeGenLazyPubSub_LazyCompositeActor.mk
-rw-rw-r--   1 travis travis   1286 Mar  5 13:51 ModularCodeGenLazyPubSub_LazyCompositeActor_profile.class
-rw-rw-r--   1 travis travis   1091 Mar  5 13:51 ModularCodeGenLazyPubSub_LazyCompositeActor_profile.java
-rw-rw-r--   1 travis travis   4186 Mar  5 13:50 ModularCodeGen_ModularCodeGenTypedCompositeActor.class
-rw-rw-r--   1 travis travis  10970 Mar  5 13:50 ModularCodeGen_ModularCodeGenTypedCompositeActor.java
-rw-rw-r--   1 travis travis   1096 Mar  5 13:50 ModularCodeGen_ModularCodeGenTypedCompositeActor.mk
-rw-rw-r--   1 travis travis   1384 Mar  5 13:50 ModularCodeGen_ModularCodeGenTypedCompositeActor_profile.class
-rw-rw-r--   1 travis travis   1328 Mar  5 13:50 ModularCodeGen_ModularCodeGenTypedCompositeActor_profile.java
-rw-rw-r--   1 travis travis   1128 Mar  5 13:51 ModularCodeGenPubSub2_A1_A_profile.java
-rw-rw-r--   1 travis travis   3707 Mar  5 13:51 ModularCodeGenPubSub_A1.class
-rw-rw-r--   1 travis travis   9060 Mar  5 13:51 ModularCodeGenPubSub_A1.java
-rw-rw-r--   1 travis travis    896 Mar  5 13:51 ModularCodeGenPubSub_A1.mk
-rw-rw-r--   1 travis travis   1278 Mar  5 13:51 ModularCodeGenPubSub_A1_profile.class
-rw-rw-r--   1 travis travis   1195 Mar  5 13:51 ModularCodeGenPubSub_A1_profile.java
-rw-rw-r--   1 travis travis   3724 Mar  5 13:49 ModularCodeGenTest_A1_A2.class
-rw-rw-r--   1 travis travis   9164 Mar  5 13:49 ModularCodeGenTest_A1_A2.java
-rw-rw-r--   1 travis travis   1306 Mar  5 13:49 ModularCodeGenTest_A1_A2_profile.class
-rw-rw-r--   1 travis travis   4055 Mar  5 13:49 ModularCodeGenTest_A1.class
-rw-rw-r--   1 travis travis   9968 Mar  5 13:49 ModularCodeGenTest_A1.java
-rw-rw-r--   1 travis travis    880 Mar  5 13:49 ModularCodeGenTest_A1.mk
-rw-rw-r--   1 travis travis   1352 Mar  5 13:49 ModularCodeGenTest_A1_profile.class
-rw-rw-r--   1 travis travis   1394 Mar  5 13:49 ModularCodeGenTest_A1_profile.java
drwxrwxr-x   3 travis travis  32768 Mar  5 13:49 modulation2
drwxrwxr-x 166 travis travis  12288 Mar  5 13:49 node_modules
drwxrwxr-x   3 travis travis  20480 Mar  5 13:45 PhaseUnwrap
drwxrwxr-x   3 travis travis  12288 Mar  5 13:45 ReadFile1
-rw-rw-r--   1 travis travis     11 Mar  5 13:45 ReadFile1Output.txt
-rw-rw-r--   1 travis travis  13773 Mar  5 13:49 Repeat.class
-rw-rw-r--   1 travis travis    685 Mar  5 13:49 Repeat$_fireFunction_Repeat_Repeat$__f_sL_11.class
-rw-rw-r--   1 travis travis    541 Mar  5 13:49 Repeat$_fireFunction_Repeat_Repeat$__f_sL_12.class
-rw-rw-r--   1 travis travis    541 Mar  5 13:49 Repeat$_fireFunction_Repeat_Repeat$__f_sL_13.class
-rw-rw-r--   1 travis travis    541 Mar  5 13:49 Repeat$_fireFunction_Repeat_Repeat$__f_sL_14.class
-rw-rw-r--   1 travis travis    684 Mar  5 13:49 Repeat$_fireFunction_Repeat_Repeat$__f_sL_1.class
-rw-rw-r--   1 travis travis    683 Mar  5 13:49 Repeat$_fireFunction_Repeat_Repeat$__f_sL_4.class
-rw-rw-r--   1 travis travis    539 Mar  5 13:49 Repeat$_fireFunction_Repeat_Repeat$__f_sL_9.class
-rw-rw-r--   1 travis travis    494 Mar  5 13:49 Repeat$_initialize_Repeat$__i_sL_2.class
-rw-rw-r--   1 travis travis   1281 Mar  5 13:49 Repeat.mk
-rw-rw-r--   1 travis travis    539 Mar  5 13:49 Repeat$_preinitializeMethod_Repeat$__p_sL_0.class
-rw-rw-r--   1 travis travis   1102 Mar  5 13:49 Repeat$_Repeat$_fireFunction_Repeat_AddSubtract_Repeat.class
-rw-rw-r--   1 travis travis    810 Mar  5 13:49 Repeat$_Repeat$_fireFunction_Repeat_AddSubtract_Repeat$__f_sL_0.class
-rw-rw-r--   1 travis travis    928 Mar  5 13:49 Repeat$_Repeat$_fireFunction_Repeat_AddSubtract_Repeat$__f_sL_1.class
-rw-rw-r--   1 travis travis    934 Mar  5 13:49 Repeat$_Repeat$_fireFunction_Repeat_AddSubtract_Repeat$__f_sL_2.class
-rw-rw-r--   1 travis travis    862 Mar  5 13:49 Repeat$_Repeat$_fireFunction_Repeat_AddSubtract_Repeat$__f_sL_3.class
-rw-rw-r--   1 travis travis    757 Mar  5 13:49 Repeat$_Repeat$_fireFunction_Repeat_Ramp2_Repeat$__f_sL_0.class
-rw-rw-r--   1 travis travis    888 Mar  5 13:49 Repeat$_Repeat$_fireFunction_Repeat_Test_Repeat$__f_sL_0.class
-rw-rw-r--   1 travis travis    634 Mar  5 13:49 Repeat$_Repeat$_fireFunction_Repeat_Test_Repeat$__f_sL_1.class
-rw-rw-r--   1 travis travis    704 Mar  5 13:49 Repeat$_Repeat_SDF_Director_run_Repeat$__R_sL_0.class
-rw-rw-r--   1 travis travis    705 Mar  5 13:49 Repeat$_Repeat_SDF_Director_run_Repeat$__R_sL_11.class
-rw-rw-r--   1 travis travis    561 Mar  5 13:49 Repeat$_Repeat_SDF_Director_run_Repeat$__R_sL_13.class
-rw-rw-r--   1 travis travis    559 Mar  5 13:49 Repeat$_Repeat_SDF_Director_run_Repeat$__R_sL_2.class
-rw-rw-r--   1 travis travis    703 Mar  5 13:49 Repeat$_Repeat_SDF_Director_run_Repeat$__R_sL_3.class
-rw-rw-r--   1 travis travis    559 Mar  5 13:49 Repeat$_Repeat_SDF_Director_run_Repeat$__R_sL_5.class
-rw-rw-r--   1 travis travis    559 Mar  5 13:49 Repeat$_Repeat_SDF_Director_run_Repeat$__R_sL_8.class
drwxrwxr-x   2 travis travis   4096 Mar  5 13:49 RepeatVariables
-rw-rw-r--   1 travis travis    882 Mar  5 13:49 Repeat$_varinit_Repeat.class
-rw-rw-r--   1 travis travis    550 Mar  5 13:49 Repeat$_varinit_Repeat$__v_sL_2.class
-rw-rw-r--   1 travis travis    924 Mar  5 13:49 Repeat$_varinit_Repeat$__v_sL_4.class
-rw-rw-r--   1 travis travis    978 Mar  5 13:49 Repeat$_wrapup_Repeat$__w_sL_1.class
drwxrwxr-x   3 travis travis  20480 Mar  5 13:46 Sinewave
drwxrwxr-x   3 travis travis  32768 Mar  5 13:47 StringFunction
drwxrwxr-x   3 travis travis  12288 Mar  5 13:47 StringLength
drwxrwxr-x   3 travis travis  61440 Mar  5 13:47 StringMatches2
drwxrwxr-x   3 travis travis  61440 Mar  5 13:48 StringSimpleReplace
drwxrwxr-x   3 travis travis  65536 Mar  5 13:48 StringSubstring
drwxrwxr-x   3 travis travis  24576 Mar  5 13:48 StringSubstring2
drwxrwxr-x   3 travis travis  16384 Mar  5 13:49 time1
drwxrwxr-x   3 travis travis  12288 Mar  5 13:49 time5
-rw-rw-r--   1 travis travis    432 Mar  5 13:51 Token.class
-rw-rw-r--   1 travis travis    251 Mar  5 13:51 Token.java
-rwxrwxr-x   1 travis travis 466992 Mar  5 13:43 top
-rw-rw-r--   1 travis travis  20502 Mar  5 13:43 top.c
-rw-rw-r--   1 travis travis   3799 Mar  5 13:49 top.class
-rw-rw-r--   1 travis travis   1257 Mar  5 13:49 top.mk
All Done
Writing ModularCodeGenPubSub2_A1_A.java in file:/home/travis/cg/ (8578 characters)
Reading "ptolemy/cg/kernel/generic/program/procedural/java/modular/makefile.in",
    writing "/home/travis/cg/ModularCodeGenPubSub2_A1_A.mk"
Using ptolemy/cg/kernel/generic/program/procedural/java/modular/makefile.in
In "/home/travis/cg", about to execute:
    make -f ModularCodeGenPubSub2_A1_A.mk
javac -classpath ".:.."    ModularCodeGenPubSub2_A1_A.java
All Done
In "/home/travis/cg", about to execute:
    pwd
In "/home/travis/cg", about to execute:
    ls -l
/home/travis/cg
In "/home/travis/cg", about to execute:
    javac -classpath
.:/home/travis/build/icyphy/ptII:/home/travis/build/icyphy/ptII/lib/bsh-2.0b4.j
ar:/home/travis/build/icyphy/ptII/lib/ptCal.jar:/home/travis/build/icyphy/ptII/
lib/java_cup.jar:/home/travis/build/icyphy/ptII/lib/saxon8.jar:/home/travis/bui
ld/icyphy/ptII/lib/saxon8-dom.jar:/home/travis/build/icyphy/ptII/lib/chic.jar:/
home/travis/build/icyphy/ptII/lib/ptcolt.jar:/home/travis/build/icyphy/ptII/ven
dors/misc/itext/iText.jar:/home/travis/build/icyphy/ptII/lib/g4ltl.jar:/home/tr
avis/build/icyphy/ptII/lib/StructuralCoder.jar:/home/travis/build/icyphy/ptII/l
ib/jcerti.jar:/home/travis/build/icyphy/ptII/lib/javax.mail.jar:/home/travis/bu
ild/icyphy/ptII/vendors/JMF-2.1.1e/lib/jmf.jar:/home/travis/build/icyphy/ptII/l
ib/jna-4.0.0-variadic.jar:/home/travis/build/icyphy/ptII/vendors/misc/joystick/
Joystick.jar:/home/travis/build/icyphy/ptII/lib/ptjacl.jar:/home/travis/build/i
cyphy/ptII/lib/jsoup-1.8.2.jar:/home/travis/build/icyphy/ptII/lib/junit-4.8.2.j
ar:/home/travis/build/icyphy/ptII/lib/JUnitParams-0.4.0.jar:/home/travis/build/
icyphy/ptII/ptolemy/actor/lib/excel/jxl.jar:/home/travis/build/icyphy/ptII/lib/
jython.jar:/home/travis/build/icyphy/ptII/lib/kieler.jar:/home/travis/build/icy
phy/ptII/vendors/opencv/share/OpenCV/java/opencv-341.jar:/home/travis/build/icy
phy/ptII/lib/oscP5.jar:/home/travis/build/icyphy/ptII/lib/nrjavaserial-3.11.0.d
evel.jar:/home/travis/build/icyphy/ptII/vendors/j3d/lib/Linux/j3dcore.jar:/home
/travis/build/icyphy/ptII/vendors/j3d/lib/Linux/j3dutils.jar:/home/travis/build
/icyphy/ptII/vendors/j3d/lib/Linux/vecmath.jar:/home/travis/build/icyphy/ptII/v
endors/jogl/lib/Linux/gluegen-rt-natives-linux-amd64.jar:/home/travis/build/icy
phy/ptII/vendors/jogl/lib/Linux/gluegen-rt.jar:/home/travis/build/icyphy/ptII/v
endors/jogl/lib/Linux/jogl-all-natives-linux-amd64.jar:/home/travis/build/icyph
y/ptII/vendors/jogl/lib/Linux/jogl-all.jar:/home/travis/build/icyphy/ptII/ptole
my/distributed/jini/jar/jini-core.jar:/home/travis/build/icyphy/ptII/ptolemy/di
stributed/jini/jar/jini-ext.jar:/home/travis/build/icyphy/ptII/ptolemy/distribu
ted/jini/jar/sun-util.jar:/home/travis/build/icyphy/ptII/lib/protobuf-java-2.4.
1.jar:/home/travis/build/icyphy/ptII/lib/org.eclipse.paho.client.mqttv3.jar:/ho
me/travis/build/icyphy/ptII/lib/mapss.jar:/home/travis/build/icyphy/ptII/ptolem
y/actor/ptalon/antlr/antlr.jar:/home/travis/build/icyphy/ptII/lib/JRI.jar:/home
/travis/build/icyphy/ptII/lib/commons-lang-2.6.jar:/home/travis/build/icyphy/pt
II/lib/commons-logging-1.1.1.jar:/home/travis/build/icyphy/ptII/lib/sootclasses
.jar:/home/travis/build/icyphy/ptII/ptolemy/actor/lib/database/mysql-connector-
java-5.1.6-bin.jar:/home/travis/build/icyphy/ptII/vendors/misc/sphinx4/sphinx4-
data-5prealpha.jar:/home/travis/build/icyphy/ptII/vendors/misc/sphinx4/sphinx4-
core-5prealpha.jar:/home/travis/build/icyphy/ptII/lib/PDFRenderer.jar:/home/tra
vis/build/icyphy/ptII/lib/svgSalamander.jar:/home/travis/build/icyphy/ptII/lib/
rsyntaxtextarea-2.6.0-SNAPSHOT.jar:/home/travis/build/icyphy/ptII/lib/hazelcast
-3.8.2.jar:/home/travis/build/icyphy/ptII/lib/jackson-annotations-2.9.0.jar:/ho
me/travis/build/icyphy/ptII/lib/jackson-core-2.9.3.jar:/home/travis/build/icyph
y/ptII/lib/jackson-databind-2.9.3.jar:/home/travis/build/icyphy/ptII/lib/netty-
buffer-4.1.19.Final.jar:/home/travis/build/icyphy/ptII/lib/netty-codec-4.1.19.F
inal.jar:/home/travis/build/icyphy/ptII/lib/netty-codec-dns-4.1.19.Final.jar:/h
ome/travis/build/icyphy/ptII/lib/netty-codec-http-4.1.19.Final.jar:/home/travis
/build/icyphy/ptII/lib/netty-codec-http2-4.1.19.Final.jar:/home/travis/build/ic
yphy/ptII/lib/netty-common-4.1.19.Final.jar:/home/travis/build/icyphy/ptII/lib/
netty-handler-4.1.19.Final.jar:/home/travis/build/icyphy/ptII/lib/netty-resolve
r-4.1.19.Final.jar:/home/travis/build/icyphy/ptII/lib/netty-resolver-dns-4.1.19
.Final.jar:/home/travis/build/icyphy/ptII/lib/netty-transport-4.1.19.Final.jar:
/home/travis/build/icyphy/ptII/lib/vertx-codegen-3.5.1.jar:/home/travis/build/i
cyphy/ptII/lib/vertx-core-3.5.2-SNAPSHOT.jar:/home/travis/build/icyphy/ptII/lib
/vertx-hazelcast-3.5.1.jar:/home/travis/build/icyphy/ptII/lib/vertx-lang-js-3.5
.1.jar:/home/travis/build/icyphy/ptII/lib/vertx-service-proxy-3.5.1.jar:/home/t
ravis/build/icyphy/ptII/lib/vertx-web-3.5.1.jar:/home/travis/build/icyphy/ptII/
lib/slf4j-api-1.7.13.jar:/home/travis/build/icyphy/ptII/lib/slf4j-simple-1.7.13
.jar:/home/travis/build/icyphy/ptII/lib/webcam-capture-0.3.12.jar:/home/travis/
build/icyphy/ptII/lib/bridj-0.7.0.jar:/home/travis/build/icyphy/ptII/lib/xbjlib
-1.1.0.nrjavaserial.jar:/home/travis/build/icyphy/ptII/ptolemy/moml/test:/home/
travis/build/icyphy/ptII/ant/lib/ant-launcher.jar:/home/travis/build/icyphy/ptI
I/ant/lib/ant.jar:/home/travis/build/icyphy/ptII/ant/lib/ant-junit.jar:/home/tr
avis/build/icyphy/ptII/ant/lib/ant-junit4.jar:/home/travis/build/icyphy/ptII
ModularCodeGenPubSub2_A1_profile.java
total 2468
drwxrwxr-x   3 travis travis  12288 Mar  5 13:44 AbsoluteValue
drwxrwxr-x   3 travis travis 102400 Mar  5 13:43 AllColt
-rw-rw-r--   1 travis travis    233 Mar  5 13:51 Array.class
-rw-rw-r--   1 travis travis    459 Mar  5 13:51 Array.java
drwxrwxr-x   3 travis travis  12288 Mar  5 13:44 Case1
-rw-rw-r--   1 travis travis   5128 Mar  5 13:49 CompiledCompositeActor_CompiledCompositeActor.class
-rw-rw-r--   1 travis travis   1611 Mar  5 13:49 CompiledCompositeActor_CompiledCompositeActor$_CompiledCompositeActor_CompiledCompositeActor.class
-rw-rw-r--   1 travis travis  13466 Mar  5 13:49 CompiledCompositeActor_CompiledCompositeActor.java
-rw-rw-r--   1 travis travis   1593 Mar  5 13:49 CompiledCompositeActor_CompiledCompositeActor.mk
drwxrwxr-x   5 travis travis   4096 Mar  5 13:43 fmi
drwxrwxr-x   3 travis travis  16384 Mar  5 13:44 Gaussian2
-rw-rw-r--   1 travis travis   4684 Mar  5 13:49 JavaCompiledCompositeTest1_CompiledCompositeActor.class
-rw-rw-r--   1 travis travis  11637 Mar  5 13:49 JavaCompiledCompositeTest1_CompiledCompositeActor.java
-rw-rw-r--   1 travis travis   1217 Mar  5 13:49 JavaCompiledCompositeTest1_CompiledCompositeActor$_JavaCompiledCompositeTest1_CompiledCompositeActor.class
-rw-rw-r--   1 travis travis   1625 Mar  5 13:49 JavaCompiledCompositeTest1_CompiledCompositeActor.mk
-rw-rw-r--   1 travis travis   5115 Mar  5 13:49 JavaCompiledCompositeTest2_CompiledCompositeActor.class
-rw-rw-r--   1 travis travis  14919 Mar  5 13:49 JavaCompiledCompositeTest2_CompiledCompositeActor.java
-rw-rw-r--   1 travis travis   1812 Mar  5 13:49 JavaCompiledCompositeTest2_CompiledCompositeActor$_JavaCompiledCompositeTest2_CompiledCompositeActor.class
-rw-rw-r--   1 travis travis   1625 Mar  5 13:49 JavaCompiledCompositeTest2_CompiledCompositeActor.mk
-rw-rw-r--   1 travis travis   4732 Mar  5 13:49 JavaCompiledCompositeTest3_CompiledCompositeActor.class
-rw-rw-r--   1 travis travis  13080 Mar  5 13:49 JavaCompiledCompositeTest3_CompiledCompositeActor.java
-rw-rw-r--   1 travis travis   1397 Mar  5 13:49 JavaCompiledCompositeTest3_CompiledCompositeActor$_JavaCompiledCompositeTest3_CompiledCompositeActor.class
-rw-rw-r--   1 travis travis   1625 Mar  5 13:49 JavaCompiledCompositeTest3_CompiledCompositeActor.mk
-rw-rw-r--   1 travis travis   4183 Mar  5 13:49 JavaCompiledCompositeTest4_CompiledCompositeActor.class
-rw-rw-r--   1 travis travis   9687 Mar  5 13:49 JavaCompiledCompositeTest4_CompiledCompositeActor.java
-rw-rw-r--   1 travis travis    876 Mar  5 13:49 JavaCompiledCompositeTest4_CompiledCompositeActor$_JavaCompiledCompositeTest4_CompiledCompositeActor.class
-rw-rw-r--   1 travis travis   1625 Mar  5 13:49 JavaCompiledCompositeTest4_CompiledCompositeActor.mk
drwxrwxr-x   3 travis travis  12288 Mar  5 13:45 LookupTable
drwxrwxr-x   3 travis travis  20480 Mar  5 13:45 MaxIndex
-rw-rw-r--   1 travis travis   3925 Mar  5 13:49 ModularCG_A1_B1.class
-rw-rw-r--   1 travis travis   9730 Mar  5 13:49 ModularCG_A1_B1.java
-rw-rw-r--   1 travis travis    832 Mar  5 13:49 ModularCG_A1_B1.mk
-rw-rw-r--   1 travis travis   1318 Mar  5 13:49 ModularCG_A1_B1_profile.class
-rw-rw-r--   1 travis travis   1262 Mar  5 13:49 ModularCG_A1_B1_profile.java
-rw-rw-r--   1 travis travis   3925 Mar  5 13:50 ModularCG_A1_B2.class
-rw-rw-r--   1 travis travis   9730 Mar  5 13:50 ModularCG_A1_B2.java
-rw-rw-r--   1 travis travis    832 Mar  5 13:50 ModularCG_A1_B2.mk
-rw-rw-r--   1 travis travis   1318 Mar  5 13:50 ModularCG_A1_B2_profile.class
-rw-rw-r--   1 travis travis   1262 Mar  5 13:49 ModularCG_A1_B2_profile.java
-rw-rw-r--   1 travis travis   5031 Mar  5 13:50 ModularCG_A1.class
-rw-rw-r--   1 travis travis  14742 Mar  5 13:50 ModularCG_A1.java
-rw-rw-r--   1 travis travis    808 Mar  5 13:50 ModularCG_A1.mk
-rw-rw-r--   1 travis travis   1433 Mar  5 13:50 ModularCG_A1_profile.class
-rw-rw-r--   1 travis travis   1704 Mar  5 13:50 ModularCG_A1_profile.java
-rw-rw-r--   1 travis travis   4059 Mar  5 13:50 ModularCG_A2_B1.class
-rw-rw-r--   1 travis travis  10667 Mar  5 13:50 ModularCG_A2_B1.java
-rw-rw-r--   1 travis travis    832 Mar  5 13:50 ModularCG_A2_B1.mk
-rw-rw-r--   1 travis travis   1381 Mar  5 13:50 ModularCG_A2_B1_profile.class
-rw-rw-r--   1 travis travis   1446 Mar  5 13:50 ModularCG_A2_B1_profile.java
-rw-rw-r--   1 travis travis   3925 Mar  5 13:50 ModularCG_A2_B2.class
-rw-rw-r--   1 travis travis   9730 Mar  5 13:50 ModularCG_A2_B2.java
-rw-rw-r--   1 travis travis    832 Mar  5 13:50 ModularCG_A2_B2.mk
-rw-rw-r--   1 travis travis   1318 Mar  5 13:50 ModularCG_A2_B2_profile.class
-rw-rw-r--   1 travis travis   1262 Mar  5 13:50 ModularCG_A2_B2_profile.java
-rw-rw-r--   1 travis travis   5102 Mar  5 13:50 ModularCG_A2.class
-rw-rw-r--   1 travis travis  15129 Mar  5 13:50 ModularCG_A2.java
-rw-rw-r--   1 travis travis    808 Mar  5 13:50 ModularCG_A2.mk
-rw-rw-r--   1 travis travis   1433 Mar  5 13:50 ModularCG_A2_profile.class
-rw-rw-r--   1 travis travis   1704 Mar  5 13:50 ModularCG_A2_profile.java
-rw-rw-r--   1 travis travis   3705 Mar  5 13:50 ModularCGPubSub_A1_A2.class
-rw-rw-r--   1 travis travis   9076 Mar  5 13:50 ModularCGPubSub_A1_A2.java
-rw-rw-r--   1 travis travis    880 Mar  5 13:50 ModularCGPubSub_A1_A2.mk
-rw-rw-r--   1 travis travis   1300 Mar  5 13:50 ModularCGPubSub_A1_A2_profile.class
-rw-rw-r--   1 travis travis   1222 Mar  5 13:50 ModularCGPubSub_A1_A2_profile.java
-rw-rw-r--   1 travis travis   4022 Mar  5 13:50 ModularCGPubSub_A1.class
-rw-rw-r--   1 travis travis   9836 Mar  5 13:50 ModularCGPubSub_A1.java
-rw-rw-r--   1 travis travis    856 Mar  5 13:50 ModularCGPubSub_A1.mk
-rw-rw-r--   1 travis travis   1346 Mar  5 13:50 ModularCGPubSub_A1_profile.class
-rw-rw-r--   1 travis travis   1388 Mar  5 13:50 ModularCGPubSub_A1_profile.java
-rw-rw-r--   1 travis travis   4220 Mar  5 13:50 ModularCodeGen2_ModularCodeGenTypedCompositeActor.class
-rw-rw-r--   1 travis travis  11690 Mar  5 13:50 ModularCodeGen2_ModularCodeGenTypedCompositeActor.java
-rw-rw-r--   1 travis travis   1104 Mar  5 13:50 ModularCodeGen2_ModularCodeGenTypedCompositeActor.mk
-rw-rw-r--   1 travis travis   4504 Mar  5 13:50 ModularCodeGen2_ModularCodeGenTypedCompositeActor_ModularCodeGenTypedCompositeActor.class
-rw-rw-r--   1 travis travis  11790 Mar  5 13:50 ModularCodeGen2_ModularCodeGenTypedCompositeActor_ModularCodeGenTypedCompositeActor.java
-rw-rw-r--   1 travis travis   1376 Mar  5 13:50 ModularCodeGen2_ModularCodeGenTypedCompositeActor_ModularCodeGenTypedCompositeActor.mk
-rw-rw-r--   1 travis travis   1421 Mar  5 13:50 ModularCodeGen2_ModularCodeGenTypedCompositeActor_ModularCodeGenTypedCompositeActor_profile.class
-rw-rw-r--   1 travis travis   1294 Mar  5 13:50 ModularCodeGen2_ModularCodeGenTypedCompositeActor_ModularCodeGenTypedCompositeActor_profile.java
-rw-rw-r--   1 travis travis    820 Mar  5 13:50 ModularCodeGen2_ModularCodeGenTypedCompositeActor_profile.class
-rw-rw-r--   1 travis travis    693 Mar  5 13:50 ModularCodeGen2_ModularCodeGenTypedCompositeActor_profile.java
-rw-rw-r--   1 travis travis   3973 Mar  5 13:50 ModularCodeGen3_A1_B1.class
-rw-rw-r--   1 travis travis   9958 Mar  5 13:50 ModularCodeGen3_A1_B1.java
-rw-rw-r--   1 travis travis    880 Mar  5 13:50 ModularCodeGen3_A1_B1.mk
-rw-rw-r--   1 travis travis   1330 Mar  5 13:50 ModularCodeGen3_A1_B1_profile.class
-rw-rw-r--   1 travis travis   1274 Mar  5 13:50 ModularCodeGen3_A1_B1_profile.java
-rw-rw-r--   1 travis travis   3973 Mar  5 13:50 ModularCodeGen3_A1_B2.class
-rw-rw-r--   1 travis travis   9958 Mar  5 13:50 ModularCodeGen3_A1_B2.java
-rw-rw-r--   1 travis travis    880 Mar  5 13:50 ModularCodeGen3_A1_B2.mk
-rw-rw-r--   1 travis travis   1330 Mar  5 13:50 ModularCodeGen3_A1_B2_profile.class
-rw-rw-r--   1 travis travis   1274 Mar  5 13:50 ModularCodeGen3_A1_B2_profile.java
-rw-rw-r--   1 travis travis   5193 Mar  5 13:50 ModularCodeGen3_A1.class
-rw-rw-r--   1 travis travis  15564 Mar  5 13:50 ModularCodeGen3_A1.java
-rw-rw-r--   1 travis travis    856 Mar  5 13:50 ModularCodeGen3_A1.mk
-rw-rw-r--   1 travis travis   1445 Mar  5 13:50 ModularCodeGen3_A1_profile.class
-rw-rw-r--   1 travis travis   1716 Mar  5 13:50 ModularCodeGen3_A1_profile.java
-rw-rw-r--   1 travis travis   4119 Mar  5 13:50 ModularCodeGen3_A2_B1.class
-rw-rw-r--   1 travis travis  10955 Mar  5 13:50 ModularCodeGen3_A2_B1.java
-rw-rw-r--   1 travis travis    880 Mar  5 13:50 ModularCodeGen3_A2_B1.mk
-rw-rw-r--   1 travis travis   1393 Mar  5 13:50 ModularCodeGen3_A2_B1_profile.class
-rw-rw-r--   1 travis travis   1458 Mar  5 13:50 ModularCodeGen3_A2_B1_profile.java
-rw-rw-r--   1 travis travis   3973 Mar  5 13:50 ModularCodeGen3_A2_B2.class
-rw-rw-r--   1 travis travis   9958 Mar  5 13:50 ModularCodeGen3_A2_B2.java
-rw-rw-r--   1 travis travis    880 Mar  5 13:50 ModularCodeGen3_A2_B2.mk
-rw-rw-r--   1 travis travis   1330 Mar  5 13:50 ModularCodeGen3_A2_B2_profile.class
-rw-rw-r--   1 travis travis   1274 Mar  5 13:50 ModularCodeGen3_A2_B2_profile.java
-rw-rw-r--   1 travis travis   5270 Mar  5 13:50 ModularCodeGen3_A2.class
-rw-rw-r--   1 travis travis  15957 Mar  5 13:50 ModularCodeGen3_A2.java
-rw-rw-r--   1 travis travis    856 Mar  5 13:50 ModularCodeGen3_A2.mk
-rw-rw-r--   1 travis travis   1445 Mar  5 13:50 ModularCodeGen3_A2_profile.class
-rw-rw-r--   1 travis travis   1716 Mar  5 13:50 ModularCodeGen3_A2_profile.java
-rw-rw-r--   1 travis travis   4026 Mar  5 13:50 ModularCodeGen4_A1_B1.class
-rw-rw-r--   1 travis travis  10312 Mar  5 13:50 ModularCodeGen4_A1_B1.java
-rw-rw-r--   1 travis travis    880 Mar  5 13:50 ModularCodeGen4_A1_B1.mk
-rw-rw-r--   1 travis travis   1330 Mar  5 13:50 ModularCodeGen4_A1_B1_profile.class
-rw-rw-r--   1 travis travis   1273 Mar  5 13:50 ModularCodeGen4_A1_B1_profile.java
-rw-rw-r--   1 travis travis   4026 Mar  5 13:50 ModularCodeGen4_A1_B2.class
-rw-rw-r--   1 travis travis  10312 Mar  5 13:50 ModularCodeGen4_A1_B2.java
-rw-rw-r--   1 travis travis    880 Mar  5 13:50 ModularCodeGen4_A1_B2.mk
-rw-rw-r--   1 travis travis   1330 Mar  5 13:50 ModularCodeGen4_A1_B2_profile.class
-rw-rw-r--   1 travis travis   1273 Mar  5 13:50 ModularCodeGen4_A1_B2_profile.java
-rw-rw-r--   1 travis travis   5333 Mar  5 13:50 ModularCodeGen4_A1.class
-rw-rw-r--   1 travis travis  16245 Mar  5 13:50 ModularCodeGen4_A1.java
-rw-rw-r--   1 travis travis    856 Mar  5 13:50 ModularCodeGen4_A1.mk
-rw-rw-r--   1 travis travis   1445 Mar  5 13:50 ModularCodeGen4_A1_profile.class
-rw-rw-r--   1 travis travis   1712 Mar  5 13:50 ModularCodeGen4_A1_profile.java
-rw-rw-r--   1 travis travis   4220 Mar  5 13:50 ModularCodeGen4_A2_B1.class
-rw-rw-r--   1 travis travis  11375 Mar  5 13:50 ModularCodeGen4_A2_B1.java
-rw-rw-r--   1 travis travis    880 Mar  5 13:50 ModularCodeGen4_A2_B1.mk
-rw-rw-r--   1 travis travis   1393 Mar  5 13:50 ModularCodeGen4_A2_B1_profile.class
-rw-rw-r--   1 travis travis   1454 Mar  5 13:50 ModularCodeGen4_A2_B1_profile.java
-rw-rw-r--   1 travis travis   4074 Mar  5 13:50 ModularCodeGen4_A2_B2.class
-rw-rw-r--   1 travis travis  10378 Mar  5 13:50 ModularCodeGen4_A2_B2.java
-rw-rw-r--   1 travis travis    880 Mar  5 13:50 ModularCodeGen4_A2_B2.mk
-rw-rw-r--   1 travis travis   1330 Mar  5 13:50 ModularCodeGen4_A2_B2_profile.class
-rw-rw-r--   1 travis travis   1270 Mar  5 13:50 ModularCodeGen4_A2_B2_profile.java
-rw-rw-r--   1 travis travis   5506 Mar  5 13:50 ModularCodeGen4_A2.class
-rw-rw-r--   1 travis travis  16770 Mar  5 13:50 ModularCodeGen4_A2.java
-rw-rw-r--   1 travis travis    856 Mar  5 13:50 ModularCodeGen4_A2.mk
-rw-rw-r--   1 travis travis   1445 Mar  5 13:50 ModularCodeGen4_A2_profile.class
-rw-rw-r--   1 travis travis   1712 Mar  5 13:50 ModularCodeGen4_A2_profile.java
-rw-rw-r--   1 travis travis   7070 Mar  5 13:51 ModularCodeGen5_A_A.class
-rw-rw-r--   1 travis travis  28721 Mar  5 13:51 ModularCodeGen5_A_A.java
-rw-rw-r--   1 travis travis    864 Mar  5 13:51 ModularCodeGen5_A_A.mk
-rw-rw-r--   1 travis travis   1520 Mar  5 13:51 ModularCodeGen5_A_A_profile.class
-rw-rw-r--   1 travis travis   1815 Mar  5 13:50 ModularCodeGen5_A_A_profile.java
-rw-rw-r--   1 travis travis   5347 Mar  5 13:51 ModularCodeGen5_A.class
-rw-rw-r--   1 travis travis  13769 Mar  5 13:51 ModularCodeGen5_A.java
-rw-rw-r--   1 travis travis    848 Mar  5 13:51 ModularCodeGen5_A.mk
-rw-rw-r--   1 travis travis   1422 Mar  5 13:51 ModularCodeGen5_A_profile.class
-rw-rw-r--   1 travis travis   1605 Mar  5 13:51 ModularCodeGen5_A_profile.java
-rw-rw-r--   1 travis travis   4357 Mar  5 13:51 ModularCodeGen6_A_A2.class
-rw-rw-r--   1 travis travis  11329 Mar  5 13:51 ModularCodeGen6_A_A2.java
-rw-rw-r--   1 travis travis    872 Mar  5 13:51 ModularCodeGen6_A_A2.mk
-rw-rw-r--   1 travis travis   1351 Mar  5 13:51 ModularCodeGen6_A_A2_profile.class
-rw-rw-r--   1 travis travis   1364 Mar  5 13:51 ModularCodeGen6_A_A2_profile.java
-rw-rw-r--   1 travis travis   4340 Mar  5 13:51 ModularCodeGen6_A_A.class
-rw-rw-r--   1 travis travis  11221 Mar  5 13:51 ModularCodeGen6_A_A.java
-rw-rw-r--   1 travis travis    864 Mar  5 13:51 ModularCodeGen6_A_A.mk
-rw-rw-r--   1 travis travis   1348 Mar  5 13:51 ModularCodeGen6_A_A_profile.class
-rw-rw-r--   1 travis travis   1361 Mar  5 13:51 ModularCodeGen6_A_A_profile.java
-rw-rw-r--   1 travis travis   7469 Mar  5 13:51 ModularCodeGen6_A.class
-rw-rw-r--   1 travis travis  26535 Mar  5 13:51 ModularCodeGen6_A.java
-rw-rw-r--   1 travis travis    848 Mar  5 13:51 ModularCodeGen6_A.mk
-rw-rw-r--   1 travis travis   1483 Mar  5 13:51 ModularCodeGen6_A_profile.class
-rw-rw-r--   1 travis travis   1810 Mar  5 13:51 ModularCodeGen6_A_profile.java
-rw-rw-r--   1 travis travis   9633 Mar  5 13:51 ModularCodeGenLazyPubSubGlobal_CompositeActor_ModularCodeGenTypedComposite.class
-rw-rw-r--   1 travis travis  30161 Mar  5 13:51 ModularCodeGenLazyPubSubGlobal_CompositeActor_ModularCodeGenTypedComposite.java
-rw-rw-r--   1 travis travis   1304 Mar  5 13:51 ModularCodeGenLazyPubSubGlobal_CompositeActor_ModularCodeGenTypedComposite.mk
-rw-rw-r--   1 travis travis   1438 Mar  5 13:51 ModularCodeGenLazyPubSubGlobal_CompositeActor_ModularCodeGenTypedComposite_profile.class
-rw-rw-r--   1 travis travis   1384 Mar  5 13:51 ModularCodeGenLazyPubSubGlobal_CompositeActor_ModularCodeGenTypedComposite_profile.java
-rw-rw-r--   1 travis travis   4184 Mar  5 13:51 ModularCodeGenLazyPubSub_LazyCompositeActor.class
-rw-rw-r--   1 travis travis  11122 Mar  5 13:51 ModularCodeGenLazyPubSub_LazyCompositeActor.java
-rw-rw-r--   1 travis travis   1056 Mar  5 13:51 ModularCodeGenLazyPubSub_LazyCompositeActor.mk
-rw-rw-r--   1 travis travis   1286 Mar  5 13:51 ModularCodeGenLazyPubSub_LazyCompositeActor_profile.class
-rw-rw-r--   1 travis travis   1091 Mar  5 13:51 ModularCodeGenLazyPubSub_LazyCompositeActor_profile.java
-rw-rw-r--   1 travis travis   4186 Mar  5 13:50 ModularCodeGen_ModularCodeGenTypedCompositeActor.class
-rw-rw-r--   1 travis travis  10970 Mar  5 13:50 ModularCodeGen_ModularCodeGenTypedCompositeActor.java
-rw-rw-r--   1 travis travis   1096 Mar  5 13:50 ModularCodeGen_ModularCodeGenTypedCompositeActor.mk
-rw-rw-r--   1 travis travis   1384 Mar  5 13:50 ModularCodeGen_ModularCodeGenTypedCompositeActor_profile.class
-rw-rw-r--   1 travis travis   1328 Mar  5 13:50 ModularCodeGen_ModularCodeGenTypedCompositeActor_profile.java
-rw-rw-r--   1 travis travis   3673 Mar  5 13:51 ModularCodeGenPubSub2_A1_A.class
-rw-rw-r--   1 travis travis   8578 Mar  5 13:51 ModularCodeGenPubSub2_A1_A.java
-rw-rw-r--   1 travis travis    920 Mar  5 13:51 ModularCodeGenPubSub2_A1_A.mk
-rw-rw-r--   1 travis travis   1274 Mar  5 13:51 ModularCodeGenPubSub2_A1_A_profile.class
-rw-rw-r--   1 travis travis   1128 Mar  5 13:51 ModularCodeGenPubSub2_A1_A_profile.java
-rw-rw-r--   1 travis travis   1196 Mar  5 13:51 ModularCodeGenPubSub2_A1_profile.java
-rw-rw-r--   1 travis travis   3707 Mar  5 13:51 ModularCodeGenPubSub_A1.class
-rw-rw-r--   1 travis travis   9060 Mar  5 13:51 ModularCodeGenPubSub_A1.java
-rw-rw-r--   1 travis travis    896 Mar  5 13:51 ModularCodeGenPubSub_A1.mk
-rw-rw-r--   1 travis travis   1278 Mar  5 13:51 ModularCodeGenPubSub_A1_profile.class
-rw-rw-r--   1 travis travis   1195 Mar  5 13:51 ModularCodeGenPubSub_A1_profile.java
-rw-rw-r--   1 travis travis   3724 Mar  5 13:49 ModularCodeGenTest_A1_A2.class
-rw-rw-r--   1 travis travis   9164 Mar  5 13:49 ModularCodeGenTest_A1_A2.java
-rw-rw-r--   1 travis travis   1306 Mar  5 13:49 ModularCodeGenTest_A1_A2_profile.class
-rw-rw-r--   1 travis travis   4055 Mar  5 13:49 ModularCodeGenTest_A1.class
-rw-rw-r--   1 travis travis   9968 Mar  5 13:49 ModularCodeGenTest_A1.java
-rw-rw-r--   1 travis travis    880 Mar  5 13:49 ModularCodeGenTest_A1.mk
-rw-rw-r--   1 travis travis   1352 Mar  5 13:49 ModularCodeGenTest_A1_profile.class
-rw-rw-r--   1 travis travis   1394 Mar  5 13:49 ModularCodeGenTest_A1_profile.java
drwxrwxr-x   3 travis travis  32768 Mar  5 13:49 modulation2
drwxrwxr-x 166 travis travis  12288 Mar  5 13:49 node_modules
drwxrwxr-x   3 travis travis  20480 Mar  5 13:45 PhaseUnwrap
drwxrwxr-x   3 travis travis  12288 Mar  5 13:45 ReadFile1
-rw-rw-r--   1 travis travis     11 Mar  5 13:45 ReadFile1Output.txt
-rw-rw-r--   1 travis travis  13773 Mar  5 13:49 Repeat.class
-rw-rw-r--   1 travis travis    685 Mar  5 13:49 Repeat$_fireFunction_Repeat_Repeat$__f_sL_11.class
-rw-rw-r--   1 travis travis    541 Mar  5 13:49 Repeat$_fireFunction_Repeat_Repeat$__f_sL_12.class
-rw-rw-r--   1 travis travis    541 Mar  5 13:49 Repeat$_fireFunction_Repeat_Repeat$__f_sL_13.class
-rw-rw-r--   1 travis travis    541 Mar  5 13:49 Repeat$_fireFunction_Repeat_Repeat$__f_sL_14.class
-rw-rw-r--   1 travis travis    684 Mar  5 13:49 Repeat$_fireFunction_Repeat_Repeat$__f_sL_1.class
-rw-rw-r--   1 travis travis    683 Mar  5 13:49 Repeat$_fireFunction_Repeat_Repeat$__f_sL_4.class
-rw-rw-r--   1 travis travis    539 Mar  5 13:49 Repeat$_fireFunction_Repeat_Repeat$__f_sL_9.class
-rw-rw-r--   1 travis travis    494 Mar  5 13:49 Repeat$_initialize_Repeat$__i_sL_2.class
-rw-rw-r--   1 travis travis   1281 Mar  5 13:49 Repeat.mk
-rw-rw-r--   1 travis travis    539 Mar  5 13:49 Repeat$_preinitializeMethod_Repeat$__p_sL_0.class
-rw-rw-r--   1 travis travis   1102 Mar  5 13:49 Repeat$_Repeat$_fireFunction_Repeat_AddSubtract_Repeat.class
-rw-rw-r--   1 travis travis    810 Mar  5 13:49 Repeat$_Repeat$_fireFunction_Repeat_AddSubtract_Repeat$__f_sL_0.class
-rw-rw-r--   1 travis travis    928 Mar  5 13:49 Repeat$_Repeat$_fireFunction_Repeat_AddSubtract_Repeat$__f_sL_1.class
-rw-rw-r--   1 travis travis    934 Mar  5 13:49 Repeat$_Repeat$_fireFunction_Repeat_AddSubtract_Repeat$__f_sL_2.class
-rw-rw-r--   1 travis travis    862 Mar  5 13:49 Repeat$_Repeat$_fireFunction_Repeat_AddSubtract_Repeat$__f_sL_3.class
-rw-rw-r--   1 travis travis    757 Mar  5 13:49 Repeat$_Repeat$_fireFunction_Repeat_Ramp2_Repeat$__f_sL_0.class
-rw-rw-r--   1 travis travis    888 Mar  5 13:49 Repeat$_Repeat$_fireFunction_Repeat_Test_Repeat$__f_sL_0.class
-rw-rw-r--   1 travis travis    634 Mar  5 13:49 Repeat$_Repeat$_fireFunction_Repeat_Test_Repeat$__f_sL_1.class
-rw-rw-r--   1 travis travis    704 Mar  5 13:49 Repeat$_Repeat_SDF_Director_run_Repeat$__R_sL_0.class
-rw-rw-r--   1 travis travis    705 Mar  5 13:49 Repeat$_Repeat_SDF_Director_run_Repeat$__R_sL_11.class
-rw-rw-r--   1 travis travis    561 Mar  5 13:49 Repeat$_Repeat_SDF_Director_run_Repeat$__R_sL_13.class
-rw-rw-r--   1 travis travis    559 Mar  5 13:49 Repeat$_Repeat_SDF_Director_run_Repeat$__R_sL_2.class
-rw-rw-r--   1 travis travis    703 Mar  5 13:49 Repeat$_Repeat_SDF_Director_run_Repeat$__R_sL_3.class
-rw-rw-r--   1 travis travis    559 Mar  5 13:49 Repeat$_Repeat_SDF_Director_run_Repeat$__R_sL_5.class
-rw-rw-r--   1 travis travis    559 Mar  5 13:49 Repeat$_Repeat_SDF_Director_run_Repeat$__R_sL_8.class
drwxrwxr-x   2 travis travis   4096 Mar  5 13:49 RepeatVariables
-rw-rw-r--   1 travis travis    882 Mar  5 13:49 Repeat$_varinit_Repeat.class
-rw-rw-r--   1 travis travis    550 Mar  5 13:49 Repeat$_varinit_Repeat$__v_sL_2.class
-rw-rw-r--   1 travis travis    924 Mar  5 13:49 Repeat$_varinit_Repeat$__v_sL_4.class
-rw-rw-r--   1 travis travis    978 Mar  5 13:49 Repeat$_wrapup_Repeat$__w_sL_1.class
drwxrwxr-x   3 travis travis  20480 Mar  5 13:46 Sinewave
drwxrwxr-x   3 travis travis  32768 Mar  5 13:47 StringFunction
drwxrwxr-x   3 travis travis  12288 Mar  5 13:47 StringLength
drwxrwxr-x   3 travis travis  61440 Mar  5 13:47 StringMatches2
drwxrwxr-x   3 travis travis  61440 Mar  5 13:48 StringSimpleReplace
drwxrwxr-x   3 travis travis  65536 Mar  5 13:48 StringSubstring
drwxrwxr-x   3 travis travis  24576 Mar  5 13:48 StringSubstring2
drwxrwxr-x   3 travis travis  16384 Mar  5 13:49 time1
drwxrwxr-x   3 travis travis  12288 Mar  5 13:49 time5
-rw-rw-r--   1 travis travis    432 Mar  5 13:51 Token.class
-rw-rw-r--   1 travis travis    251 Mar  5 13:51 Token.java
-rwxrwxr-x   1 travis travis 466992 Mar  5 13:43 top
-rw-rw-r--   1 travis travis  20502 Mar  5 13:43 top.c
-rw-rw-r--   1 travis travis   3799 Mar  5 13:49 top.class
-rw-rw-r--   1 travis travis   1257 Mar  5 13:49 top.mk
All Done
Writing ModularCodeGenPubSub2_A1.java in file:/home/travis/cg/ (9781 characters)
Reading "ptolemy/cg/kernel/generic/program/procedural/java/modular/makefile.in",
    writing "/home/travis/cg/ModularCodeGenPubSub2_A1.mk"
Using ptolemy/cg/kernel/generic/program/procedural/java/modular/makefile.in
In "/home/travis/cg", about to execute:
    make -f ModularCodeGenPubSub2_A1.mk
javac -classpath ".:.."    ModularCodeGenPubSub2_A1.java
All Done
5444 ms. Memory: 129024K Free: 73685K (57%)
----------------- Invoking toplevel() on ptolemy.moml.MoMLSimpleApplication@61efaf58
----------------- Done invoking toplevel() on ptolemy.moml.MoMLSimpleApplication@61efaf58
reloadAllAccessors: .ModularCodeGenPubSub2

===========================================================================================
----------------- testing Thu Mar 05 13:51:25 UTC 2020 /home/travis/build/icyphy/ptII/ptolemy/cg/lib/test/auto/ModularCodeGenPubSub3.xml
----------------- Instantiating /home/travis/build/icyphy/ptII/ptolemy/cg/lib/test/auto/ModularCodeGenPubSub3.xml
In "/home/travis/cg", about to execute:
    pwd
In "/home/travis/cg", about to execute:
    ls -l
/home/travis/cg
In "/home/travis/cg", about to execute:
    javac -classpath
.:/home/travis/build/icyphy/ptII:/home/travis/build/icyphy/ptII/lib/bsh-2.0b4.j
ar:/home/travis/build/icyphy/ptII/lib/ptCal.jar:/home/travis/build/icyphy/ptII/
lib/java_cup.jar:/home/travis/build/icyphy/ptII/lib/saxon8.jar:/home/travis/bui
ld/icyphy/ptII/lib/saxon8-dom.jar:/home/travis/build/icyphy/ptII/lib/chic.jar:/
home/travis/build/icyphy/ptII/lib/ptcolt.jar:/home/travis/build/icyphy/ptII/ven
dors/misc/itext/iText.jar:/home/travis/build/icyphy/ptII/lib/g4ltl.jar:/home/tr
avis/build/icyphy/ptII/lib/StructuralCoder.jar:/home/travis/build/icyphy/ptII/l
ib/jcerti.jar:/home/travis/build/icyphy/ptII/lib/javax.mail.jar:/home/travis/bu
ild/icyphy/ptII/vendors/JMF-2.1.1e/lib/jmf.jar:/home/travis/build/icyphy/ptII/l
ib/jna-4.0.0-variadic.jar:/home/travis/build/icyphy/ptII/vendors/misc/joystick/
Joystick.jar:/home/travis/build/icyphy/ptII/lib/ptjacl.jar:/home/travis/build/i
cyphy/ptII/lib/jsoup-1.8.2.jar:/home/travis/build/icyphy/ptII/lib/junit-4.8.2.j
ar:/home/travis/build/icyphy/ptII/lib/JUnitParams-0.4.0.jar:/home/travis/build/
icyphy/ptII/ptolemy/actor/lib/excel/jxl.jar:/home/travis/build/icyphy/ptII/lib/
jython.jar:/home/travis/build/icyphy/ptII/lib/kieler.jar:/home/travis/build/icy
phy/ptII/vendors/opencv/share/OpenCV/java/opencv-341.jar:/home/travis/build/icy
phy/ptII/lib/oscP5.jar:/home/travis/build/icyphy/ptII/lib/nrjavaserial-3.11.0.d
evel.jar:/home/travis/build/icyphy/ptII/vendors/j3d/lib/Linux/j3dcore.jar:/home
/travis/build/icyphy/ptII/vendors/j3d/lib/Linux/j3dutils.jar:/home/travis/build
/icyphy/ptII/vendors/j3d/lib/Linux/vecmath.jar:/home/travis/build/icyphy/ptII/v
endors/jogl/lib/Linux/gluegen-rt-natives-linux-amd64.jar:/home/travis/build/icy
phy/ptII/vendors/jogl/lib/Linux/gluegen-rt.jar:/home/travis/build/icyphy/ptII/v
endors/jogl/lib/Linux/jogl-all-natives-linux-amd64.jar:/home/travis/build/icyph
y/ptII/vendors/jogl/lib/Linux/jogl-all.jar:/home/travis/build/icyphy/ptII/ptole
my/distributed/jini/jar/jini-core.jar:/home/travis/build/icyphy/ptII/ptolemy/di
stributed/jini/jar/jini-ext.jar:/home/travis/build/icyphy/ptII/ptolemy/distribu
ted/jini/jar/sun-util.jar:/home/travis/build/icyphy/ptII/lib/protobuf-java-2.4.
1.jar:/home/travis/build/icyphy/ptII/lib/org.eclipse.paho.client.mqttv3.jar:/ho
me/travis/build/icyphy/ptII/lib/mapss.jar:/home/travis/build/icyphy/ptII/ptolem
y/actor/ptalon/antlr/antlr.jar:/home/travis/build/icyphy/ptII/lib/JRI.jar:/home
/travis/build/icyphy/ptII/lib/commons-lang-2.6.jar:/home/travis/build/icyphy/pt
II/lib/commons-logging-1.1.1.jar:/home/travis/build/icyphy/ptII/lib/sootclasses
.jar:/home/travis/build/icyphy/ptII/ptolemy/actor/lib/database/mysql-connector-
java-5.1.6-bin.jar:/home/travis/build/icyphy/ptII/vendors/misc/sphinx4/sphinx4-
data-5prealpha.jar:/home/travis/build/icyphy/ptII/vendors/misc/sphinx4/sphinx4-
core-5prealpha.jar:/home/travis/build/icyphy/ptII/lib/PDFRenderer.jar:/home/tra
vis/build/icyphy/ptII/lib/svgSalamander.jar:/home/travis/build/icyphy/ptII/lib/
rsyntaxtextarea-2.6.0-SNAPSHOT.jar:/home/travis/build/icyphy/ptII/lib/hazelcast
-3.8.2.jar:/home/travis/build/icyphy/ptII/lib/jackson-annotations-2.9.0.jar:/ho
me/travis/build/icyphy/ptII/lib/jackson-core-2.9.3.jar:/home/travis/build/icyph
y/ptII/lib/jackson-databind-2.9.3.jar:/home/travis/build/icyphy/ptII/lib/netty-
buffer-4.1.19.Final.jar:/home/travis/build/icyphy/ptII/lib/netty-codec-4.1.19.F
inal.jar:/home/travis/build/icyphy/ptII/lib/netty-codec-dns-4.1.19.Final.jar:/h
ome/travis/build/icyphy/ptII/lib/netty-codec-http-4.1.19.Final.jar:/home/travis
/build/icyphy/ptII/lib/netty-codec-http2-4.1.19.Final.jar:/home/travis/build/ic
yphy/ptII/lib/netty-common-4.1.19.Final.jar:/home/travis/build/icyphy/ptII/lib/
netty-handler-4.1.19.Final.jar:/home/travis/build/icyphy/ptII/lib/netty-resolve
r-4.1.19.Final.jar:/home/travis/build/icyphy/ptII/lib/netty-resolver-dns-4.1.19
.Final.jar:/home/travis/build/icyphy/ptII/lib/netty-transport-4.1.19.Final.jar:
/home/travis/build/icyphy/ptII/lib/vertx-codegen-3.5.1.jar:/home/travis/build/i
cyphy/ptII/lib/vertx-core-3.5.2-SNAPSHOT.jar:/home/travis/build/icyphy/ptII/lib
/vertx-hazelcast-3.5.1.jar:/home/travis/build/icyphy/ptII/lib/vertx-lang-js-3.5
.1.jar:/home/travis/build/icyphy/ptII/lib/vertx-service-proxy-3.5.1.jar:/home/t
ravis/build/icyphy/ptII/lib/vertx-web-3.5.1.jar:/home/travis/build/icyphy/ptII/
lib/slf4j-api-1.7.13.jar:/home/travis/build/icyphy/ptII/lib/slf4j-simple-1.7.13
.jar:/home/travis/build/icyphy/ptII/lib/webcam-capture-0.3.12.jar:/home/travis/
build/icyphy/ptII/lib/bridj-0.7.0.jar:/home/travis/build/icyphy/ptII/lib/xbjlib
-1.1.0.nrjavaserial.jar:/home/travis/build/icyphy/ptII/ptolemy/moml/test:/home/
travis/build/icyphy/ptII/ant/lib/ant-launcher.jar:/home/travis/build/icyphy/ptI
I/ant/lib/ant.jar:/home/travis/build/icyphy/ptII/ant/lib/ant-junit.jar:/home/tr
avis/build/icyphy/ptII/ant/lib/ant-junit4.jar:/home/travis/build/icyphy/ptII
ModularCodeGenPubSub3_A1_A2_profile.java
total 2496
drwxrwxr-x   3 travis travis  12288 Mar  5 13:44 AbsoluteValue
drwxrwxr-x   3 travis travis 102400 Mar  5 13:43 AllColt
-rw-rw-r--   1 travis travis    233 Mar  5 13:51 Array.class
-rw-rw-r--   1 travis travis    459 Mar  5 13:51 Array.java
drwxrwxr-x   3 travis travis  12288 Mar  5 13:44 Case1
-rw-rw-r--   1 travis travis   5128 Mar  5 13:49 CompiledCompositeActor_CompiledCompositeActor.class
-rw-rw-r--   1 travis travis   1611 Mar  5 13:49 CompiledCompositeActor_CompiledCompositeActor$_CompiledCompositeActor_CompiledCompositeActor.class
-rw-rw-r--   1 travis travis  13466 Mar  5 13:49 CompiledCompositeActor_CompiledCompositeActor.java
-rw-rw-r--   1 travis travis   1593 Mar  5 13:49 CompiledCompositeActor_CompiledCompositeActor.mk
drwxrwxr-x   5 travis travis   4096 Mar  5 13:43 fmi
drwxrwxr-x   3 travis travis  16384 Mar  5 13:44 Gaussian2
-rw-rw-r--   1 travis travis   4684 Mar  5 13:49 JavaCompiledCompositeTest1_CompiledCompositeActor.class
-rw-rw-r--   1 travis travis  11637 Mar  5 13:49 JavaCompiledCompositeTest1_CompiledCompositeActor.java
-rw-rw-r--   1 travis travis   1217 Mar  5 13:49 JavaCompiledCompositeTest1_CompiledCompositeActor$_JavaCompiledCompositeTest1_CompiledCompositeActor.class
-rw-rw-r--   1 travis travis   1625 Mar  5 13:49 JavaCompiledCompositeTest1_CompiledCompositeActor.mk
-rw-rw-r--   1 travis travis   5115 Mar  5 13:49 JavaCompiledCompositeTest2_CompiledCompositeActor.class
-rw-rw-r--   1 travis travis  14919 Mar  5 13:49 JavaCompiledCompositeTest2_CompiledCompositeActor.java
-rw-rw-r--   1 travis travis   1812 Mar  5 13:49 JavaCompiledCompositeTest2_CompiledCompositeActor$_JavaCompiledCompositeTest2_CompiledCompositeActor.class
-rw-rw-r--   1 travis travis   1625 Mar  5 13:49 JavaCompiledCompositeTest2_CompiledCompositeActor.mk
-rw-rw-r--   1 travis travis   4732 Mar  5 13:49 JavaCompiledCompositeTest3_CompiledCompositeActor.class
-rw-rw-r--   1 travis travis  13080 Mar  5 13:49 JavaCompiledCompositeTest3_CompiledCompositeActor.java
-rw-rw-r--   1 travis travis   1397 Mar  5 13:49 JavaCompiledCompositeTest3_CompiledCompositeActor$_JavaCompiledCompositeTest3_CompiledCompositeActor.class
-rw-rw-r--   1 travis travis   1625 Mar  5 13:49 JavaCompiledCompositeTest3_CompiledCompositeActor.mk
-rw-rw-r--   1 travis travis   4183 Mar  5 13:49 JavaCompiledCompositeTest4_CompiledCompositeActor.class
-rw-rw-r--   1 travis travis   9687 Mar  5 13:49 JavaCompiledCompositeTest4_CompiledCompositeActor.java
-rw-rw-r--   1 travis travis    876 Mar  5 13:49 JavaCompiledCompositeTest4_CompiledCompositeActor$_JavaCompiledCompositeTest4_CompiledCompositeActor.class
-rw-rw-r--   1 travis travis   1625 Mar  5 13:49 JavaCompiledCompositeTest4_CompiledCompositeActor.mk
drwxrwxr-x   3 travis travis  12288 Mar  5 13:45 LookupTable
drwxrwxr-x   3 travis travis  20480 Mar  5 13:45 MaxIndex
-rw-rw-r--   1 travis travis   3925 Mar  5 13:49 ModularCG_A1_B1.class
-rw-rw-r--   1 travis travis   9730 Mar  5 13:49 ModularCG_A1_B1.java
-rw-rw-r--   1 travis travis    832 Mar  5 13:49 ModularCG_A1_B1.mk
-rw-rw-r--   1 travis travis   1318 Mar  5 13:49 ModularCG_A1_B1_profile.class
-rw-rw-r--   1 travis travis   1262 Mar  5 13:49 ModularCG_A1_B1_profile.java
-rw-rw-r--   1 travis travis   3925 Mar  5 13:50 ModularCG_A1_B2.class
-rw-rw-r--   1 travis travis   9730 Mar  5 13:50 ModularCG_A1_B2.java
-rw-rw-r--   1 travis travis    832 Mar  5 13:50 ModularCG_A1_B2.mk
-rw-rw-r--   1 travis travis   1318 Mar  5 13:50 ModularCG_A1_B2_profile.class
-rw-rw-r--   1 travis travis   1262 Mar  5 13:49 ModularCG_A1_B2_profile.java
-rw-rw-r--   1 travis travis   5031 Mar  5 13:50 ModularCG_A1.class
-rw-rw-r--   1 travis travis  14742 Mar  5 13:50 ModularCG_A1.java
-rw-rw-r--   1 travis travis    808 Mar  5 13:50 ModularCG_A1.mk
-rw-rw-r--   1 travis travis   1433 Mar  5 13:50 ModularCG_A1_profile.class
-rw-rw-r--   1 travis travis   1704 Mar  5 13:50 ModularCG_A1_profile.java
-rw-rw-r--   1 travis travis   4059 Mar  5 13:50 ModularCG_A2_B1.class
-rw-rw-r--   1 travis travis  10667 Mar  5 13:50 ModularCG_A2_B1.java
-rw-rw-r--   1 travis travis    832 Mar  5 13:50 ModularCG_A2_B1.mk
-rw-rw-r--   1 travis travis   1381 Mar  5 13:50 ModularCG_A2_B1_profile.class
-rw-rw-r--   1 travis travis   1446 Mar  5 13:50 ModularCG_A2_B1_profile.java
-rw-rw-r--   1 travis travis   3925 Mar  5 13:50 ModularCG_A2_B2.class
-rw-rw-r--   1 travis travis   9730 Mar  5 13:50 ModularCG_A2_B2.java
-rw-rw-r--   1 travis travis    832 Mar  5 13:50 ModularCG_A2_B2.mk
-rw-rw-r--   1 travis travis   1318 Mar  5 13:50 ModularCG_A2_B2_profile.class
-rw-rw-r--   1 travis travis   1262 Mar  5 13:50 ModularCG_A2_B2_profile.java
-rw-rw-r--   1 travis travis   5102 Mar  5 13:50 ModularCG_A2.class
-rw-rw-r--   1 travis travis  15129 Mar  5 13:50 ModularCG_A2.java
-rw-rw-r--   1 travis travis    808 Mar  5 13:50 ModularCG_A2.mk
-rw-rw-r--   1 travis travis   1433 Mar  5 13:50 ModularCG_A2_profile.class
-rw-rw-r--   1 travis travis   1704 Mar  5 13:50 ModularCG_A2_profile.java
-rw-rw-r--   1 travis travis   3705 Mar  5 13:50 ModularCGPubSub_A1_A2.class
-rw-rw-r--   1 travis travis   9076 Mar  5 13:50 ModularCGPubSub_A1_A2.java
-rw-rw-r--   1 travis travis    880 Mar  5 13:50 ModularCGPubSub_A1_A2.mk
-rw-rw-r--   1 travis travis   1300 Mar  5 13:50 ModularCGPubSub_A1_A2_profile.class
-rw-rw-r--   1 travis travis   1222 Mar  5 13:50 ModularCGPubSub_A1_A2_profile.java
-rw-rw-r--   1 travis travis   4022 Mar  5 13:50 ModularCGPubSub_A1.class
-rw-rw-r--   1 travis travis   9836 Mar  5 13:50 ModularCGPubSub_A1.java
-rw-rw-r--   1 travis travis    856 Mar  5 13:50 ModularCGPubSub_A1.mk
-rw-rw-r--   1 travis travis   1346 Mar  5 13:50 ModularCGPubSub_A1_profile.class
-rw-rw-r--   1 travis travis   1388 Mar  5 13:50 ModularCGPubSub_A1_profile.java
-rw-rw-r--   1 travis travis   4220 Mar  5 13:50 ModularCodeGen2_ModularCodeGenTypedCompositeActor.class
-rw-rw-r--   1 travis travis  11690 Mar  5 13:50 ModularCodeGen2_ModularCodeGenTypedCompositeActor.java
-rw-rw-r--   1 travis travis   1104 Mar  5 13:50 ModularCodeGen2_ModularCodeGenTypedCompositeActor.mk
-rw-rw-r--   1 travis travis   4504 Mar  5 13:50 ModularCodeGen2_ModularCodeGenTypedCompositeActor_ModularCodeGenTypedCompositeActor.class
-rw-rw-r--   1 travis travis  11790 Mar  5 13:50 ModularCodeGen2_ModularCodeGenTypedCompositeActor_ModularCodeGenTypedCompositeActor.java
-rw-rw-r--   1 travis travis   1376 Mar  5 13:50 ModularCodeGen2_ModularCodeGenTypedCompositeActor_ModularCodeGenTypedCompositeActor.mk
-rw-rw-r--   1 travis travis   1421 Mar  5 13:50 ModularCodeGen2_ModularCodeGenTypedCompositeActor_ModularCodeGenTypedCompositeActor_profile.class
-rw-rw-r--   1 travis travis   1294 Mar  5 13:50 ModularCodeGen2_ModularCodeGenTypedCompositeActor_ModularCodeGenTypedCompositeActor_profile.java
-rw-rw-r--   1 travis travis    820 Mar  5 13:50 ModularCodeGen2_ModularCodeGenTypedCompositeActor_profile.class
-rw-rw-r--   1 travis travis    693 Mar  5 13:50 ModularCodeGen2_ModularCodeGenTypedCompositeActor_profile.java
-rw-rw-r--   1 travis travis   3973 Mar  5 13:50 ModularCodeGen3_A1_B1.class
-rw-rw-r--   1 travis travis   9958 Mar  5 13:50 ModularCodeGen3_A1_B1.java
-rw-rw-r--   1 travis travis    880 Mar  5 13:50 ModularCodeGen3_A1_B1.mk
-rw-rw-r--   1 travis travis   1330 Mar  5 13:50 ModularCodeGen3_A1_B1_profile.class
-rw-rw-r--   1 travis travis   1274 Mar  5 13:50 ModularCodeGen3_A1_B1_profile.java
-rw-rw-r--   1 travis travis   3973 Mar  5 13:50 ModularCodeGen3_A1_B2.class
-rw-rw-r--   1 travis travis   9958 Mar  5 13:50 ModularCodeGen3_A1_B2.java
-rw-rw-r--   1 travis travis    880 Mar  5 13:50 ModularCodeGen3_A1_B2.mk
-rw-rw-r--   1 travis travis   1330 Mar  5 13:50 ModularCodeGen3_A1_B2_profile.class
-rw-rw-r--   1 travis travis   1274 Mar  5 13:50 ModularCodeGen3_A1_B2_profile.java
-rw-rw-r--   1 travis travis   5193 Mar  5 13:50 ModularCodeGen3_A1.class
-rw-rw-r--   1 travis travis  15564 Mar  5 13:50 ModularCodeGen3_A1.java
-rw-rw-r--   1 travis travis    856 Mar  5 13:50 ModularCodeGen3_A1.mk
-rw-rw-r--   1 travis travis   1445 Mar  5 13:50 ModularCodeGen3_A1_profile.class
-rw-rw-r--   1 travis travis   1716 Mar  5 13:50 ModularCodeGen3_A1_profile.java
-rw-rw-r--   1 travis travis   4119 Mar  5 13:50 ModularCodeGen3_A2_B1.class
-rw-rw-r--   1 travis travis  10955 Mar  5 13:50 ModularCodeGen3_A2_B1.java
-rw-rw-r--   1 travis travis    880 Mar  5 13:50 ModularCodeGen3_A2_B1.mk
-rw-rw-r--   1 travis travis   1393 Mar  5 13:50 ModularCodeGen3_A2_B1_profile.class
-rw-rw-r--   1 travis travis   1458 Mar  5 13:50 ModularCodeGen3_A2_B1_profile.java
-rw-rw-r--   1 travis travis   3973 Mar  5 13:50 ModularCodeGen3_A2_B2.class
-rw-rw-r--   1 travis travis   9958 Mar  5 13:50 ModularCodeGen3_A2_B2.java
-rw-rw-r--   1 travis travis    880 Mar  5 13:50 ModularCodeGen3_A2_B2.mk
-rw-rw-r--   1 travis travis   1330 Mar  5 13:50 ModularCodeGen3_A2_B2_profile.class
-rw-rw-r--   1 travis travis   1274 Mar  5 13:50 ModularCodeGen3_A2_B2_profile.java
-rw-rw-r--   1 travis travis   5270 Mar  5 13:50 ModularCodeGen3_A2.class
-rw-rw-r--   1 travis travis  15957 Mar  5 13:50 ModularCodeGen3_A2.java
-rw-rw-r--   1 travis travis    856 Mar  5 13:50 ModularCodeGen3_A2.mk
-rw-rw-r--   1 travis travis   1445 Mar  5 13:50 ModularCodeGen3_A2_profile.class
-rw-rw-r--   1 travis travis   1716 Mar  5 13:50 ModularCodeGen3_A2_profile.java
-rw-rw-r--   1 travis travis   4026 Mar  5 13:50 ModularCodeGen4_A1_B1.class
-rw-rw-r--   1 travis travis  10312 Mar  5 13:50 ModularCodeGen4_A1_B1.java
-rw-rw-r--   1 travis travis    880 Mar  5 13:50 ModularCodeGen4_A1_B1.mk
-rw-rw-r--   1 travis travis   1330 Mar  5 13:50 ModularCodeGen4_A1_B1_profile.class
-rw-rw-r--   1 travis travis   1273 Mar  5 13:50 ModularCodeGen4_A1_B1_profile.java
-rw-rw-r--   1 travis travis   4026 Mar  5 13:50 ModularCodeGen4_A1_B2.class
-rw-rw-r--   1 travis travis  10312 Mar  5 13:50 ModularCodeGen4_A1_B2.java
-rw-rw-r--   1 travis travis    880 Mar  5 13:50 ModularCodeGen4_A1_B2.mk
-rw-rw-r--   1 travis travis   1330 Mar  5 13:50 ModularCodeGen4_A1_B2_profile.class
-rw-rw-r--   1 travis travis   1273 Mar  5 13:50 ModularCodeGen4_A1_B2_profile.java
-rw-rw-r--   1 travis travis   5333 Mar  5 13:50 ModularCodeGen4_A1.class
-rw-rw-r--   1 travis travis  16245 Mar  5 13:50 ModularCodeGen4_A1.java
-rw-rw-r--   1 travis travis    856 Mar  5 13:50 ModularCodeGen4_A1.mk
-rw-rw-r--   1 travis travis   1445 Mar  5 13:50 ModularCodeGen4_A1_profile.class
-rw-rw-r--   1 travis travis   1712 Mar  5 13:50 ModularCodeGen4_A1_profile.java
-rw-rw-r--   1 travis travis   4220 Mar  5 13:50 ModularCodeGen4_A2_B1.class
-rw-rw-r--   1 travis travis  11375 Mar  5 13:50 ModularCodeGen4_A2_B1.java
-rw-rw-r--   1 travis travis    880 Mar  5 13:50 ModularCodeGen4_A2_B1.mk
-rw-rw-r--   1 travis travis   1393 Mar  5 13:50 ModularCodeGen4_A2_B1_profile.class
-rw-rw-r--   1 travis travis   1454 Mar  5 13:50 ModularCodeGen4_A2_B1_profile.java
-rw-rw-r--   1 travis travis   4074 Mar  5 13:50 ModularCodeGen4_A2_B2.class
-rw-rw-r--   1 travis travis  10378 Mar  5 13:50 ModularCodeGen4_A2_B2.java
-rw-rw-r--   1 travis travis    880 Mar  5 13:50 ModularCodeGen4_A2_B2.mk
-rw-rw-r--   1 travis travis   1330 Mar  5 13:50 ModularCodeGen4_A2_B2_profile.class
-rw-rw-r--   1 travis travis   1270 Mar  5 13:50 ModularCodeGen4_A2_B2_profile.java
-rw-rw-r--   1 travis travis   5506 Mar  5 13:50 ModularCodeGen4_A2.class
-rw-rw-r--   1 travis travis  16770 Mar  5 13:50 ModularCodeGen4_A2.java
-rw-rw-r--   1 travis travis    856 Mar  5 13:50 ModularCodeGen4_A2.mk
-rw-rw-r--   1 travis travis   1445 Mar  5 13:50 ModularCodeGen4_A2_profile.class
-rw-rw-r--   1 travis travis   1712 Mar  5 13:50 ModularCodeGen4_A2_profile.java
-rw-rw-r--   1 travis travis   7070 Mar  5 13:51 ModularCodeGen5_A_A.class
-rw-rw-r--   1 travis travis  28721 Mar  5 13:51 ModularCodeGen5_A_A.java
-rw-rw-r--   1 travis travis    864 Mar  5 13:51 ModularCodeGen5_A_A.mk
-rw-rw-r--   1 travis travis   1520 Mar  5 13:51 ModularCodeGen5_A_A_profile.class
-rw-rw-r--   1 travis travis   1815 Mar  5 13:50 ModularCodeGen5_A_A_profile.java
-rw-rw-r--   1 travis travis   5347 Mar  5 13:51 ModularCodeGen5_A.class
-rw-rw-r--   1 travis travis  13769 Mar  5 13:51 ModularCodeGen5_A.java
-rw-rw-r--   1 travis travis    848 Mar  5 13:51 ModularCodeGen5_A.mk
-rw-rw-r--   1 travis travis   1422 Mar  5 13:51 ModularCodeGen5_A_profile.class
-rw-rw-r--   1 travis travis   1605 Mar  5 13:51 ModularCodeGen5_A_profile.java
-rw-rw-r--   1 travis travis   4357 Mar  5 13:51 ModularCodeGen6_A_A2.class
-rw-rw-r--   1 travis travis  11329 Mar  5 13:51 ModularCodeGen6_A_A2.java
-rw-rw-r--   1 travis travis    872 Mar  5 13:51 ModularCodeGen6_A_A2.mk
-rw-rw-r--   1 travis travis   1351 Mar  5 13:51 ModularCodeGen6_A_A2_profile.class
-rw-rw-r--   1 travis travis   1364 Mar  5 13:51 ModularCodeGen6_A_A2_profile.java
-rw-rw-r--   1 travis travis   4340 Mar  5 13:51 ModularCodeGen6_A_A.class
-rw-rw-r--   1 travis travis  11221 Mar  5 13:51 ModularCodeGen6_A_A.java
-rw-rw-r--   1 travis travis    864 Mar  5 13:51 ModularCodeGen6_A_A.mk
-rw-rw-r--   1 travis travis   1348 Mar  5 13:51 ModularCodeGen6_A_A_profile.class
-rw-rw-r--   1 travis travis   1361 Mar  5 13:51 ModularCodeGen6_A_A_profile.java
-rw-rw-r--   1 travis travis   7469 Mar  5 13:51 ModularCodeGen6_A.class
-rw-rw-r--   1 travis travis  26535 Mar  5 13:51 ModularCodeGen6_A.java
-rw-rw-r--   1 travis travis    848 Mar  5 13:51 ModularCodeGen6_A.mk
-rw-rw-r--   1 travis travis   1483 Mar  5 13:51 ModularCodeGen6_A_profile.class
-rw-rw-r--   1 travis travis   1810 Mar  5 13:51 ModularCodeGen6_A_profile.java
-rw-rw-r--   1 travis travis   9633 Mar  5 13:51 ModularCodeGenLazyPubSubGlobal_CompositeActor_ModularCodeGenTypedComposite.class
-rw-rw-r--   1 travis travis  30161 Mar  5 13:51 ModularCodeGenLazyPubSubGlobal_CompositeActor_ModularCodeGenTypedComposite.java
-rw-rw-r--   1 travis travis   1304 Mar  5 13:51 ModularCodeGenLazyPubSubGlobal_CompositeActor_ModularCodeGenTypedComposite.mk
-rw-rw-r--   1 travis travis   1438 Mar  5 13:51 ModularCodeGenLazyPubSubGlobal_CompositeActor_ModularCodeGenTypedComposite_profile.class
-rw-rw-r--   1 travis travis   1384 Mar  5 13:51 ModularCodeGenLazyPubSubGlobal_CompositeActor_ModularCodeGenTypedComposite_profile.java
-rw-rw-r--   1 travis travis   4184 Mar  5 13:51 ModularCodeGenLazyPubSub_LazyCompositeActor.class
-rw-rw-r--   1 travis travis  11122 Mar  5 13:51 ModularCodeGenLazyPubSub_LazyCompositeActor.java
-rw-rw-r--   1 travis travis   1056 Mar  5 13:51 ModularCodeGenLazyPubSub_LazyCompositeActor.mk
-rw-rw-r--   1 travis travis   1286 Mar  5 13:51 ModularCodeGenLazyPubSub_LazyCompositeActor_profile.class
-rw-rw-r--   1 travis travis   1091 Mar  5 13:51 ModularCodeGenLazyPubSub_LazyCompositeActor_profile.java
-rw-rw-r--   1 travis travis   4186 Mar  5 13:50 ModularCodeGen_ModularCodeGenTypedCompositeActor.class
-rw-rw-r--   1 travis travis  10970 Mar  5 13:50 ModularCodeGen_ModularCodeGenTypedCompositeActor.java
-rw-rw-r--   1 travis travis   1096 Mar  5 13:50 ModularCodeGen_ModularCodeGenTypedCompositeActor.mk
-rw-rw-r--   1 travis travis   1384 Mar  5 13:50 ModularCodeGen_ModularCodeGenTypedCompositeActor_profile.class
-rw-rw-r--   1 travis travis   1328 Mar  5 13:50 ModularCodeGen_ModularCodeGenTypedCompositeActor_profile.java
-rw-rw-r--   1 travis travis   3673 Mar  5 13:51 ModularCodeGenPubSub2_A1_A.class
-rw-rw-r--   1 travis travis   8578 Mar  5 13:51 ModularCodeGenPubSub2_A1_A.java
-rw-rw-r--   1 travis travis    920 Mar  5 13:51 ModularCodeGenPubSub2_A1_A.mk
-rw-rw-r--   1 travis travis   1274 Mar  5 13:51 ModularCodeGenPubSub2_A1_A_profile.class
-rw-rw-r--   1 travis travis   1128 Mar  5 13:51 ModularCodeGenPubSub2_A1_A_profile.java
-rw-rw-r--   1 travis travis   3965 Mar  5 13:51 ModularCodeGenPubSub2_A1.class
-rw-rw-r--   1 travis travis   9781 Mar  5 13:51 ModularCodeGenPubSub2_A1.java
-rw-rw-r--   1 travis travis    904 Mar  5 13:51 ModularCodeGenPubSub2_A1.mk
-rw-rw-r--   1 travis travis   1268 Mar  5 13:51 ModularCodeGenPubSub2_A1_profile.class
-rw-rw-r--   1 travis travis   1196 Mar  5 13:51 ModularCodeGenPubSub2_A1_profile.java
-rw-rw-r--   1 travis travis   1132 Mar  5 13:51 ModularCodeGenPubSub3_A1_A2_profile.java
-rw-rw-r--   1 travis travis   3707 Mar  5 13:51 ModularCodeGenPubSub_A1.class
-rw-rw-r--   1 travis travis   9060 Mar  5 13:51 ModularCodeGenPubSub_A1.java
-rw-rw-r--   1 travis travis    896 Mar  5 13:51 ModularCodeGenPubSub_A1.mk
-rw-rw-r--   1 travis travis   1278 Mar  5 13:51 ModularCodeGenPubSub_A1_profile.class
-rw-rw-r--   1 travis travis   1195 Mar  5 13:51 ModularCodeGenPubSub_A1_profile.java
-rw-rw-r--   1 travis travis   3724 Mar  5 13:49 ModularCodeGenTest_A1_A2.class
-rw-rw-r--   1 travis travis   9164 Mar  5 13:49 ModularCodeGenTest_A1_A2.java
-rw-rw-r--   1 travis travis   1306 Mar  5 13:49 ModularCodeGenTest_A1_A2_profile.class
-rw-rw-r--   1 travis travis   4055 Mar  5 13:49 ModularCodeGenTest_A1.class
-rw-rw-r--   1 travis travis   9968 Mar  5 13:49 ModularCodeGenTest_A1.java
-rw-rw-r--   1 travis travis    880 Mar  5 13:49 ModularCodeGenTest_A1.mk
-rw-rw-r--   1 travis travis   1352 Mar  5 13:49 ModularCodeGenTest_A1_profile.class
-rw-rw-r--   1 travis travis   1394 Mar  5 13:49 ModularCodeGenTest_A1_profile.java
drwxrwxr-x   3 travis travis  32768 Mar  5 13:49 modulation2
drwxrwxr-x 166 travis travis  12288 Mar  5 13:49 node_modules
drwxrwxr-x   3 travis travis  20480 Mar  5 13:45 PhaseUnwrap
drwxrwxr-x   3 travis travis  12288 Mar  5 13:45 ReadFile1
-rw-rw-r--   1 travis travis     11 Mar  5 13:45 ReadFile1Output.txt
-rw-rw-r--   1 travis travis  13773 Mar  5 13:49 Repeat.class
-rw-rw-r--   1 travis travis    685 Mar  5 13:49 Repeat$_fireFunction_Repeat_Repeat$__f_sL_11.class
-rw-rw-r--   1 travis travis    541 Mar  5 13:49 Repeat$_fireFunction_Repeat_Repeat$__f_sL_12.class
-rw-rw-r--   1 travis travis    541 Mar  5 13:49 Repeat$_fireFunction_Repeat_Repeat$__f_sL_13.class
-rw-rw-r--   1 travis travis    541 Mar  5 13:49 Repeat$_fireFunction_Repeat_Repeat$__f_sL_14.class
-rw-rw-r--   1 travis travis    684 Mar  5 13:49 Repeat$_fireFunction_Repeat_Repeat$__f_sL_1.class
-rw-rw-r--   1 travis travis    683 Mar  5 13:49 Repeat$_fireFunction_Repeat_Repeat$__f_sL_4.class
-rw-rw-r--   1 travis travis    539 Mar  5 13:49 Repeat$_fireFunction_Repeat_Repeat$__f_sL_9.class
-rw-rw-r--   1 travis travis    494 Mar  5 13:49 Repeat$_initialize_Repeat$__i_sL_2.class
-rw-rw-r--   1 travis travis   1281 Mar  5 13:49 Repeat.mk
-rw-rw-r--   1 travis travis    539 Mar  5 13:49 Repeat$_preinitializeMethod_Repeat$__p_sL_0.class
-rw-rw-r--   1 travis travis   1102 Mar  5 13:49 Repeat$_Repeat$_fireFunction_Repeat_AddSubtract_Repeat.class
-rw-rw-r--   1 travis travis    810 Mar  5 13:49 Repeat$_Repeat$_fireFunction_Repeat_AddSubtract_Repeat$__f_sL_0.class
-rw-rw-r--   1 travis travis    928 Mar  5 13:49 Repeat$_Repeat$_fireFunction_Repeat_AddSubtract_Repeat$__f_sL_1.class
-rw-rw-r--   1 travis travis    934 Mar  5 13:49 Repeat$_Repeat$_fireFunction_Repeat_AddSubtract_Repeat$__f_sL_2.class
-rw-rw-r--   1 travis travis    862 Mar  5 13:49 Repeat$_Repeat$_fireFunction_Repeat_AddSubtract_Repeat$__f_sL_3.class
-rw-rw-r--   1 travis travis    757 Mar  5 13:49 Repeat$_Repeat$_fireFunction_Repeat_Ramp2_Repeat$__f_sL_0.class
-rw-rw-r--   1 travis travis    888 Mar  5 13:49 Repeat$_Repeat$_fireFunction_Repeat_Test_Repeat$__f_sL_0.class
-rw-rw-r--   1 travis travis    634 Mar  5 13:49 Repeat$_Repeat$_fireFunction_Repeat_Test_Repeat$__f_sL_1.class
-rw-rw-r--   1 travis travis    704 Mar  5 13:49 Repeat$_Repeat_SDF_Director_run_Repeat$__R_sL_0.class
-rw-rw-r--   1 travis travis    705 Mar  5 13:49 Repeat$_Repeat_SDF_Director_run_Repeat$__R_sL_11.class
-rw-rw-r--   1 travis travis    561 Mar  5 13:49 Repeat$_Repeat_SDF_Director_run_Repeat$__R_sL_13.class
-rw-rw-r--   1 travis travis    559 Mar  5 13:49 Repeat$_Repeat_SDF_Director_run_Repeat$__R_sL_2.class
-rw-rw-r--   1 travis travis    703 Mar  5 13:49 Repeat$_Repeat_SDF_Director_run_Repeat$__R_sL_3.class
-rw-rw-r--   1 travis travis    559 Mar  5 13:49 Repeat$_Repeat_SDF_Director_run_Repeat$__R_sL_5.class
-rw-rw-r--   1 travis travis    559 Mar  5 13:49 Repeat$_Repeat_SDF_Director_run_Repeat$__R_sL_8.class
drwxrwxr-x   2 travis travis   4096 Mar  5 13:49 RepeatVariables
-rw-rw-r--   1 travis travis    882 Mar  5 13:49 Repeat$_varinit_Repeat.class
-rw-rw-r--   1 travis travis    550 Mar  5 13:49 Repeat$_varinit_Repeat$__v_sL_2.class
-rw-rw-r--   1 travis travis    924 Mar  5 13:49 Repeat$_varinit_Repeat$__v_sL_4.class
-rw-rw-r--   1 travis travis    978 Mar  5 13:49 Repeat$_wrapup_Repeat$__w_sL_1.class
drwxrwxr-x   3 travis travis  20480 Mar  5 13:46 Sinewave
drwxrwxr-x   3 travis travis  32768 Mar  5 13:47 StringFunction
drwxrwxr-x   3 travis travis  12288 Mar  5 13:47 StringLength
drwxrwxr-x   3 travis travis  61440 Mar  5 13:47 StringMatches2
drwxrwxr-x   3 travis travis  61440 Mar  5 13:48 StringSimpleReplace
drwxrwxr-x   3 travis travis  65536 Mar  5 13:48 StringSubstring
drwxrwxr-x   3 travis travis  24576 Mar  5 13:48 StringSubstring2
drwxrwxr-x   3 travis travis  16384 Mar  5 13:49 time1
drwxrwxr-x   3 travis travis  12288 Mar  5 13:49 time5
-rw-rw-r--   1 travis travis    432 Mar  5 13:51 Token.class
-rw-rw-r--   1 travis travis    251 Mar  5 13:51 Token.java
-rwxrwxr-x   1 travis travis 466992 Mar  5 13:43 top
-rw-rw-r--   1 travis travis  20502 Mar  5 13:43 top.c
-rw-rw-r--   1 travis travis   3799 Mar  5 13:49 top.class
-rw-rw-r--   1 travis travis   1257 Mar  5 13:49 top.mk
All Done
Writing ModularCodeGenPubSub3_A1_A2.java in file:/home/travis/cg/ (8599 characters)
Reading "ptolemy/cg/kernel/generic/program/procedural/java/modular/makefile.in",
    writing "/home/travis/cg/ModularCodeGenPubSub3_A1_A2.mk"
Using ptolemy/cg/kernel/generic/program/procedural/java/modular/makefile.in
In "/home/travis/cg", about to execute:
    make -f ModularCodeGenPubSub3_A1_A2.mk
javac -classpath ".:.."    ModularCodeGenPubSub3_A1_A2.java
All Done
In "/home/travis/cg", about to execute:
    pwd
In "/home/travis/cg", about to execute:
    ls -l
/home/travis/cg
total 2524
drwxrwxr-x   3 travis travis  12288 Mar  5 13:44 AbsoluteValue
drwxrwxr-x   3 travis travis 102400 Mar  5 13:43 AllColt
-rw-rw-r--   1 travis travis    233 Mar  5 13:51 Array.class
-rw-rw-r--   1 travis travis    459 Mar  5 13:51 Array.java
drwxrwxr-x   3 travis travis  12288 Mar  5 13:44 Case1
-rw-rw-r--   1 travis travis   5128 Mar  5 13:49 CompiledCompositeActor_CompiledCompositeActor.class
-rw-rw-r--   1 travis travis   1611 Mar  5 13:49 CompiledCompositeActor_CompiledCompositeActor$_CompiledCompositeActor_CompiledCompositeActor.class
-rw-rw-r--   1 travis travis  13466 Mar  5 13:49 CompiledCompositeActor_CompiledCompositeActor.java
-rw-rw-r--   1 travis travis   1593 Mar  5 13:49 CompiledCompositeActor_CompiledCompositeActor.mk
drwxrwxr-x   5 travis travis   4096 Mar  5 13:43 fmi
drwxrwxr-x   3 travis travis  16384 Mar  5 13:44 Gaussian2
-rw-rw-r--   1 travis travis   4684 Mar  5 13:49 JavaCompiledCompositeTest1_CompiledCompositeActor.class
-rw-rw-r--   1 travis travis  11637 Mar  5 13:49 JavaCompiledCompositeTest1_CompiledCompositeActor.java
-rw-rw-r--   1 travis travis   1217 Mar  5 13:49 JavaCompiledCompositeTest1_CompiledCompositeActor$_JavaCompiledCompositeTest1_CompiledCompositeActor.class
-rw-rw-r--   1 travis travis   1625 Mar  5 13:49 JavaCompiledCompositeTest1_CompiledCompositeActor.mk
-rw-rw-r--   1 travis travis   5115 Mar  5 13:49 JavaCompiledCompositeTest2_CompiledCompositeActor.class
-rw-rw-r--   1 travis travis  14919 Mar  5 13:49 JavaCompiledCompositeTest2_CompiledCompositeActor.java
-rw-rw-r--   1 travis travis   1812 Mar  5 13:49 JavaCompiledCompositeTest2_CompiledCompositeActor$_JavaCompiledCompositeTest2_CompiledCompositeActor.class
-rw-rw-r--   1 travis travis   1625 Mar  5 13:49 JavaCompiledCompositeTest2_CompiledCompositeActor.mk
-rw-rw-r--   1 travis travis   4732 Mar  5 13:49 JavaCompiledCompositeTest3_CompiledCompositeActor.class
-rw-rw-r--   1 travis travis  13080 Mar  5 13:49 JavaCompiledCompositeTest3_CompiledCompositeActor.java
-rw-rw-r--   1 travis travis   1397 Mar  5 13:49 JavaCompiledCompositeTest3_CompiledCompositeActor$_JavaCompiledCompositeTest3_CompiledCompositeActor.class
-rw-rw-r--   1 travis travis   1625 Mar  5 13:49 JavaCompiledCompositeTest3_CompiledCompositeActor.mk
-rw-rw-r--   1 travis travis   4183 Mar  5 13:49 JavaCompiledCompositeTest4_CompiledCompositeActor.class
-rw-rw-r--   1 travis travis   9687 Mar  5 13:49 JavaCompiledCompositeTest4_CompiledCompositeActor.java
-rw-rw-r--   1 travis travis    876 Mar  5 13:49 JavaCompiledCompositeTest4_CompiledCompositeActor$_JavaCompiledCompositeTest4_CompiledCompositeActor.class
-rw-rw-r--   1 travis travis   1625 Mar  5 13:49 JavaCompiledCompositeTest4_CompiledCompositeActor.mk
drwxrwxr-x   3 travis travis  12288 Mar  5 13:45 LookupTable
drwxrwxr-x   3 travis travis  20480 Mar  5 13:45 MaxIndex
-rw-rw-r--   1 travis travis   3925 Mar  5 13:49 ModularCG_A1_B1.class
-rw-rw-r--   1 travis travis   9730 Mar  5 13:49 ModularCG_A1_B1.java
-rw-rw-r--   1 travis travis    832 Mar  5 13:49 ModularCG_A1_B1.mk
-rw-rw-r--   1 travis travis   1318 Mar  5 13:49 ModularCG_A1_B1_profile.class
-rw-rw-r--   1 travis travis   1262 Mar  5 13:49 ModularCG_A1_B1_profile.java
-rw-rw-r--   1 travis travis   3925 Mar  5 13:50 ModularCG_A1_B2.class
-rw-rw-r--   1 travis travis   9730 Mar  5 13:50 ModularCG_A1_B2.java
-rw-rw-r--   1 travis travis    832 Mar  5 13:50 ModularCG_A1_B2.mk
-rw-rw-r--   1 travis travis   1318 Mar  5 13:50 ModularCG_A1_B2_profile.class
-rw-rw-r--   1 travis travis   1262 Mar  5 13:49 ModularCG_A1_B2_profile.java
-rw-rw-r--   1 travis travis   5031 Mar  5 13:50 ModularCG_A1.class
-rw-rw-r--   1 travis travis  14742 Mar  5 13:50 ModularCG_A1.java
-rw-rw-r--   1 travis travis    808 Mar  5 13:50 ModularCG_A1.mk
-rw-rw-r--   1 travis travis   1433 Mar  5 13:50 ModularCG_A1_profile.class
-rw-rw-r--   1 travis travis   1704 Mar  5 13:50 ModularCG_A1_profile.java
-rw-rw-r--   1 travis travis   4059 Mar  5 13:50 ModularCG_A2_B1.class
-rw-rw-r--   1 travis travis  10667 Mar  5 13:50 ModularCG_A2_B1.java
-rw-rw-r--   1 travis travis    832 Mar  5 13:50 ModularCG_A2_B1.mk
-rw-rw-r--   1 travis travis   1381 Mar  5 13:50 ModularCG_A2_B1_profile.class
-rw-rw-r--   1 travis travis   1446 Mar  5 13:50 ModularCG_A2_B1_profile.java
-rw-rw-r--   1 travis travis   3925 Mar  5 13:50 ModularCG_A2_B2.class
-rw-rw-r--   1 travis travis   9730 Mar  5 13:50 ModularCG_A2_B2.java
-rw-rw-r--   1 travis travis    832 Mar  5 13:50 ModularCG_A2_B2.mk
-rw-rw-r--   1 travis travis   1318 Mar  5 13:50 ModularCG_A2_B2_profile.class
-rw-rw-r--   1 travis travis   1262 Mar  5 13:50 ModularCG_A2_B2_profile.java
-rw-rw-r--   1 travis travis   5102 Mar  5 13:50 ModularCG_A2.class
-rw-rw-r--   1 travis travis  15129 Mar  5 13:50 ModularCG_A2.java
-rw-rw-r--   1 travis travis    808 Mar  5 13:50 ModularCG_A2.mk
-rw-rw-r--   1 travis travis   1433 Mar  5 13:50 ModularCG_A2_profile.class
-rw-rw-r--   1 travis travis   1704 Mar  5 13:50 ModularCG_A2_profile.java
-rw-rw-r--   1 travis travis   3705 Mar  5 13:50 ModularCGPubSub_A1_A2.class
-rw-rw-r--   1 travis travis   9076 Mar  5 13:50 ModularCGPubSub_A1_A2.java
-rw-rw-r--   1 travis travis    880 Mar  5 13:50 ModularCGPubSub_A1_A2.mk
-rw-rw-r--   1 travis travis   1300 Mar  5 13:50 ModularCGPubSub_A1_A2_profile.class
-rw-rw-r--   1 travis travis   1222 Mar  5 13:50 ModularCGPubSub_A1_A2_profile.java
-rw-rw-r--   1 travis travis   4022 Mar  5 13:50 ModularCGPubSub_A1.class
-rw-rw-r--   1 travis travis   9836 Mar  5 13:50 ModularCGPubSub_A1.java
-rw-rw-r--   1 travis travis    856 Mar  5 13:50 ModularCGPubSub_A1.mk
-rw-rw-r--   1 travis travis   1346 Mar  5 13:50 ModularCGPubSub_A1_profile.class
-rw-rw-r--   1 travis travis   1388 Mar  5 13:50 ModularCGPubSub_A1_profile.java
-rw-rw-r--   1 travis travis   4220 Mar  5 13:50 ModularCodeGen2_ModularCodeGenTypedCompositeActor.class
-rw-rw-r--   1 travis travis  11690 Mar  5 13:50 ModularCodeGen2_ModularCodeGenTypedCompositeActor.java
-rw-rw-r--   1 travis travis   1104 Mar  5 13:50 ModularCodeGen2_ModularCodeGenTypedCompositeActor.mk
-rw-rw-r--   1 travis travis   4504 Mar  5 13:50 ModularCodeGen2_ModularCodeGenTypedCompositeActor_ModularCodeGenTypedCompositeActor.class
-rw-rw-r--   1 travis travis  11790 Mar  5 13:50 ModularCodeGen2_ModularCodeGenTypedCompositeActor_ModularCodeGenTypedCompositeActor.java
-rw-rw-r--   1 travis travis   1376 Mar  5 13:50 ModularCodeGen2_ModularCodeGenTypedCompositeActor_ModularCodeGenTypedCompositeActor.mk
-rw-rw-r--   1 travis travis   1421 Mar  5 13:50 ModularCodeGen2_ModularCodeGenTypedCompositeActor_ModularCodeGenTypedCompositeActor_profile.class
-rw-rw-r--   1 travis travis   1294 Mar  5 13:50 ModularCodeGen2_ModularCodeGenTypedCompositeActor_ModularCodeGenTypedCompositeActor_profile.java
-rw-rw-r--   1 travis travis    820 Mar  5 13:50 ModularCodeGen2_ModularCodeGenTypedCompositeActor_profile.class
-rw-rw-r--   1 travis travis    693 Mar  5 13:50 ModularCodeGen2_ModularCodeGenTypedCompositeActor_profile.java
-rw-rw-r--   1 travis travis   3973 Mar  5 13:50 ModularCodeGen3_A1_B1.class
-rw-rw-r--   1 travis travis   9958 Mar  5 13:50 ModularCodeGen3_A1_B1.java
-rw-rw-r--   1 travis travis    880 Mar  5 13:50 ModularCodeGen3_A1_B1.mk
-rw-rw-r--   1 travis travis   1330 Mar  5 13:50 ModularCodeGen3_A1_B1_profile.class
-rw-rw-r--   1 travis travis   1274 Mar  5 13:50 ModularCodeGen3_A1_B1_profile.java
-rw-rw-r--   1 travis travis   3973 Mar  5 13:50 ModularCodeGen3_A1_B2.class
-rw-rw-r--   1 travis travis   9958 Mar  5 13:50 ModularCodeGen3_A1_B2.java
-rw-rw-r--   1 travis travis    880 Mar  5 13:50 ModularCodeGen3_A1_B2.mk
-rw-rw-r--   1 travis travis   1330 Mar  5 13:50 ModularCodeGen3_A1_B2_profile.class
-rw-rw-r--   1 travis travis   1274 Mar  5 13:50 ModularCodeGen3_A1_B2_profile.java
-rw-rw-r--   1 travis travis   5193 Mar  5 13:50 ModularCodeGen3_A1.class
-rw-rw-r--   1 travis travis  15564 Mar  5 13:50 ModularCodeGen3_A1.java
-rw-rw-r--   1 travis travis    856 Mar  5 13:50 ModularCodeGen3_A1.mk
-rw-rw-r--   1 travis travis   1445 Mar  5 13:50 ModularCodeGen3_A1_profile.class
In "/home/travis/cg", about to execute:
-rw-rw-r--   1 travis travis   1716 Mar  5 13:50 ModularCodeGen3_A1_profile.java
-rw-rw-r--   1 travis travis   4119 Mar  5 13:50 ModularCodeGen3_A2_B1.class
-rw-rw-r--   1 travis travis  10955 Mar  5 13:50 ModularCodeGen3_A2_B1.java
-rw-rw-r--   1 travis travis    880 Mar  5 13:50 ModularCodeGen3_A2_B1.mk
-rw-rw-r--   1 travis travis   1393 Mar  5 13:50 ModularCodeGen3_A2_B1_profile.class
-rw-rw-r--   1 travis travis   1458 Mar  5 13:50 ModularCodeGen3_A2_B1_profile.java
-rw-rw-r--   1 travis travis   3973 Mar  5 13:50 ModularCodeGen3_A2_B2.class
-rw-rw-r--   1 travis travis   9958 Mar  5 13:50 ModularCodeGen3_A2_B2.java
-rw-rw-r--   1 travis travis    880 Mar  5 13:50 ModularCodeGen3_A2_B2.mk
-rw-rw-r--   1 travis travis   1330 Mar  5 13:50 ModularCodeGen3_A2_B2_profile.class
-rw-rw-r--   1 travis travis   1274 Mar  5 13:50 ModularCodeGen3_A2_B2_profile.java
-rw-rw-r--   1 travis travis   5270 Mar  5 13:50 ModularCodeGen3_A2.class
-rw-rw-r--   1 travis travis  15957 Mar  5 13:50 ModularCodeGen3_A2.java
-rw-rw-r--   1 travis travis    856 Mar  5 13:50 ModularCodeGen3_A2.mk
-rw-rw-r--   1 travis travis   1445 Mar  5 13:50 ModularCodeGen3_A2_profile.class
-rw-rw-r--   1 travis travis   1716 Mar  5 13:50 ModularCodeGen3_A2_profile.java
-rw-rw-r--   1 travis travis   4026 Mar  5 13:50 ModularCodeGen4_A1_B1.class
-rw-rw-r--   1 travis travis  10312 Mar  5 13:50 ModularCodeGen4_A1_B1.java
-rw-rw-r--   1 travis travis    880 Mar  5 13:50 ModularCodeGen4_A1_B1.mk
-rw-rw-r--   1 travis travis   1330 Mar  5 13:50 ModularCodeGen4_A1_B1_profile.class
    javac -classpath
.:/home/travis/build/icyphy/ptII:/home/travis/build/icyphy/ptII/lib/bsh-2.0b4.j
ar:/home/travis/build/icyphy/ptII/lib/ptCal.jar:/home/travis/build/icyphy/ptII/
lib/java_cup.jar:/home/travis/build/icyphy/ptII/lib/saxon8.jar:/home/travis/bui
ld/icyphy/ptII/lib/saxon8-dom.jar:/home/travis/build/icyphy/ptII/lib/chic.jar:/
home/travis/build/icyphy/ptII/lib/ptcolt.jar:/home/travis/build/icyphy/ptII/ven
dors/misc/itext/iText.jar:/home/travis/build/icyphy/ptII/lib/g4ltl.jar:/home/tr
avis/build/icyphy/ptII/lib/StructuralCoder.jar:/home/travis/build/icyphy/ptII/l
ib/jcerti.jar:/home/travis/build/icyphy/ptII/lib/javax.mail.jar:/home/travis/bu
ild/icyphy/ptII/vendors/JMF-2.1.1e/lib/jmf.jar:/home/travis/build/icyphy/ptII/l
ib/jna-4.0.0-variadic.jar:/home/travis/build/icyphy/ptII/vendors/misc/joystick/
Joystick.jar:/home/travis/build/icyphy/ptII/lib/ptjacl.jar:/home/travis/build/i
cyphy/ptII/lib/jsoup-1.8.2.jar:/home/travis/build/icyphy/ptII/lib/junit-4.8.2.j
ar:/home/travis/build/icyphy/ptII/lib/JUnitParams-0.4.0.jar:/home/travis/build/
icyphy/ptII/ptolemy/actor/lib/excel/jxl.jar:/home/travis/build/icyphy/ptII/lib/
jython.jar:/home/travis/build/icyphy/ptII/lib/kieler.jar:/home/travis/build/icy
phy/ptII/vendors/opencv/share/OpenCV/java/opencv-341.jar:/home/travis/build/icy
phy/ptII/lib/oscP5.jar:/home/travis/build/icyphy/ptII/lib/nrjavaserial-3.11.0.d
evel.jar:/home/travis/build/icyphy/ptII/vendors/j3d/lib/Linux/j3dcore.jar:/home
/travis/build/icyphy/ptII/vendors/j3d/lib/Linux/j3dutils.jar:/home/travis/build
/icyphy/ptII/vendors/j3d/lib/Linux/vecmath.jar:/home/travis/build/icyphy/ptII/v
endors/jogl/lib/Linux/gluegen-rt-natives-linux-amd64.jar:/home/travis/build/icy
phy/ptII/vendors/jogl/lib/Linux/gluegen-rt.jar:/home/travis/build/icyphy/ptII/v
endors/jogl/lib/Linux/jogl-all-natives-linux-amd64.jar:/home/travis/build/icyph
y/ptII/vendors/jogl/lib/Linux/jogl-all.jar:/home/travis/build/icyphy/ptII/ptole
my/distributed/jini/jar/jini-core.jar:/home/travis/build/icyphy/ptII/ptolemy/di
stributed/jini/jar/jini-ext.jar:/home/travis/build/icyphy/ptII/ptolemy/distribu
ted/jini/jar/sun-util.jar:/home/travis/build/icyphy/ptII/lib/protobuf-java-2.4.
1.jar:/home/travis/build/icyphy/ptII/lib/org.eclipse.paho.client.mqttv3.jar:/ho
me/travis/build/icyphy/ptII/lib/mapss.jar:/home/travis/build/icyphy/ptII/ptolem
y/actor/ptalon/antlr/antlr.jar:/home/travis/build/icyphy/ptII/lib/JRI.jar:/home
/travis/build/icyphy/ptII/lib/commons-lang-2.6.jar:/home/travis/build/icyphy/pt
II/lib/commons-logging-1.1.1.jar:/home/travis/build/icyphy/ptII/lib/sootclasses
.jar:/home/travis/build/icyphy/ptII/ptolemy/actor/lib/database/mysql-connector-
java-5.1.6-bin.jar:/home/travis/build/icyphy/ptII/vendors/misc/sphinx4/sphinx4-
data-5prealpha.jar:/home/travis/build/icyphy/ptII/vendors/misc/sphinx4/sphinx4-
core-5prealpha.jar:/home/travis/build/icyphy/ptII/lib/PDFRenderer.jar:/home/tra
vis/build/icyphy/ptII/lib/svgSalamander.jar:/home/travis/build/icyphy/ptII/lib/
rsyntaxtextarea-2.6.0-SNAPSHOT.jar:/home/travis/build/icyphy/ptII/lib/hazelcast
-3.8.2.jar:/home/travis/build/icyphy/ptII/lib/jackson-annotations-2.9.0.jar:/ho
me/travis/build/icyphy/ptII/lib/jackson-core-2.9.3.jar:/home/travis/build/icyph
y/ptII/lib/jackson-databind-2.9.3.jar:/home/travis/build/icyphy/ptII/lib/netty-
buffer-4.1.19.Final.jar:/home/travis/build/icyphy/ptII/lib/netty-codec-4.1.19.F
inal.jar:/home/travis/build/icyphy/ptII/lib/netty-codec-dns-4.1.19.Final.jar:/h
ome/travis/build/icyphy/ptII/lib/netty-codec-http-4.1.19.Final.jar:/home/travis
/build/icyphy/ptII/lib/netty-codec-http2-4.1.19.Final.jar:/home/travis/build/ic
yphy/ptII/lib/netty-common-4.1.19.Final.jar:/home/travis/build/icyphy/ptII/lib/
netty-handler-4.1.19.Final.jar:/home/travis/build/icyphy/ptII/lib/netty-resolve
r-4.1.19.Final.jar:/home/travis/build/icyphy/ptII/lib/netty-resolver-dns-4.1.19
.Final.jar:/home/travis/build/icyphy/ptII/lib/netty-transport-4.1.19.Final.jar:
/home/travis/build/icyphy/ptII/lib/vertx-codegen-3.5.1.jar:/home/travis/build/i
cyphy/ptII/lib/vertx-core-3.5.2-SNAPSHOT.jar:/home/travis/build/icyphy/ptII/lib
/vertx-hazelcast-3.5.1.jar:/home/travis/build/icyphy/ptII/lib/vertx-lang-js-3.5
.1.jar:/home/travis/build/icyphy/ptII/lib/vertx-service-proxy-3.5.1.jar:/home/t
ravis/build/icyphy/ptII/lib/vertx-web-3.5.1.jar:/home/travis/build/icyphy/ptII/
lib/slf4j-api-1.7.13.jar:/home/travis/build/icyphy/ptII/lib/slf4j-simple-1.7.13
.jar:/home/travis/build/icyphy/ptII/lib/webcam-capture-0.3.12.jar:/home/travis/
build/icyphy/ptII/lib/bridj-0.7.0.jar:/home/travis/build/icyphy/ptII/lib/xbjlib
-1.1.0.nrjavaserial.jar:/home/travis/build/icyphy/ptII/ptolemy/moml/test:/home/
travis/build/icyphy/ptII/ant/lib/ant-launcher.jar:/home/travis/build/icyphy/ptI
I/ant/lib/ant.jar:/home/travis/build/icyphy/ptII/ant/lib/ant-junit.jar:/home/tr
avis/build/icyphy/ptII/ant/lib/ant-junit4.jar:/home/travis/build/icyphy/ptII
ModularCodeGenPubSub3_A1_profile.java
-rw-rw-r--   1 travis travis   1273 Mar  5 13:50 ModularCodeGen4_A1_B1_profile.java
-rw-rw-r--   1 travis travis   4026 Mar  5 13:50 ModularCodeGen4_A1_B2.class
-rw-rw-r--   1 travis travis  10312 Mar  5 13:50 ModularCodeGen4_A1_B2.java
-rw-rw-r--   1 travis travis    880 Mar  5 13:50 ModularCodeGen4_A1_B2.mk
-rw-rw-r--   1 travis travis   1330 Mar  5 13:50 ModularCodeGen4_A1_B2_profile.class
-rw-rw-r--   1 travis travis   1273 Mar  5 13:50 ModularCodeGen4_A1_B2_profile.java
-rw-rw-r--   1 travis travis   5333 Mar  5 13:50 ModularCodeGen4_A1.class
-rw-rw-r--   1 travis travis  16245 Mar  5 13:50 ModularCodeGen4_A1.java
-rw-rw-r--   1 travis travis    856 Mar  5 13:50 ModularCodeGen4_A1.mk
-rw-rw-r--   1 travis travis   1445 Mar  5 13:50 ModularCodeGen4_A1_profile.class
-rw-rw-r--   1 travis travis   1712 Mar  5 13:50 ModularCodeGen4_A1_profile.java
-rw-rw-r--   1 travis travis   4220 Mar  5 13:50 ModularCodeGen4_A2_B1.class
-rw-rw-r--   1 travis travis  11375 Mar  5 13:50 ModularCodeGen4_A2_B1.java
-rw-rw-r--   1 travis travis    880 Mar  5 13:50 ModularCodeGen4_A2_B1.mk
-rw-rw-r--   1 travis travis   1393 Mar  5 13:50 ModularCodeGen4_A2_B1_profile.class
-rw-rw-r--   1 travis travis   1454 Mar  5 13:50 ModularCodeGen4_A2_B1_profile.java
-rw-rw-r--   1 travis travis   4074 Mar  5 13:50 ModularCodeGen4_A2_B2.class
-rw-rw-r--   1 travis travis  10378 Mar  5 13:50 ModularCodeGen4_A2_B2.java
-rw-rw-r--   1 travis travis    880 Mar  5 13:50 ModularCodeGen4_A2_B2.mk
-rw-rw-r--   1 travis travis   1330 Mar  5 13:50 ModularCodeGen4_A2_B2_profile.class
-rw-rw-r--   1 travis travis   1270 Mar  5 13:50 ModularCodeGen4_A2_B2_profile.java
-rw-rw-r--   1 travis travis   5506 Mar  5 13:50 ModularCodeGen4_A2.class
-rw-rw-r--   1 travis travis  16770 Mar  5 13:50 ModularCodeGen4_A2.java
-rw-rw-r--   1 travis travis    856 Mar  5 13:50 ModularCodeGen4_A2.mk
-rw-rw-r--   1 travis travis   1445 Mar  5 13:50 ModularCodeGen4_A2_profile.class
-rw-rw-r--   1 travis travis   1712 Mar  5 13:50 ModularCodeGen4_A2_profile.java
-rw-rw-r--   1 travis travis   7070 Mar  5 13:51 ModularCodeGen5_A_A.class
-rw-rw-r--   1 travis travis  28721 Mar  5 13:51 ModularCodeGen5_A_A.java
-rw-rw-r--   1 travis travis    864 Mar  5 13:51 ModularCodeGen5_A_A.mk
-rw-rw-r--   1 travis travis   1520 Mar  5 13:51 ModularCodeGen5_A_A_profile.class
-rw-rw-r--   1 travis travis   1815 Mar  5 13:50 ModularCodeGen5_A_A_profile.java
-rw-rw-r--   1 travis travis   5347 Mar  5 13:51 ModularCodeGen5_A.class
-rw-rw-r--   1 travis travis  13769 Mar  5 13:51 ModularCodeGen5_A.java
-rw-rw-r--   1 travis travis    848 Mar  5 13:51 ModularCodeGen5_A.mk
-rw-rw-r--   1 travis travis   1422 Mar  5 13:51 ModularCodeGen5_A_profile.class
-rw-rw-r--   1 travis travis   1605 Mar  5 13:51 ModularCodeGen5_A_profile.java
-rw-rw-r--   1 travis travis   4357 Mar  5 13:51 ModularCodeGen6_A_A2.class
-rw-rw-r--   1 travis travis  11329 Mar  5 13:51 ModularCodeGen6_A_A2.java
-rw-rw-r--   1 travis travis    872 Mar  5 13:51 ModularCodeGen6_A_A2.mk
-rw-rw-r--   1 travis travis   1351 Mar  5 13:51 ModularCodeGen6_A_A2_profile.class
-rw-rw-r--   1 travis travis   1364 Mar  5 13:51 ModularCodeGen6_A_A2_profile.java
-rw-rw-r--   1 travis travis   4340 Mar  5 13:51 ModularCodeGen6_A_A.class
-rw-rw-r--   1 travis travis  11221 Mar  5 13:51 ModularCodeGen6_A_A.java
-rw-rw-r--   1 travis travis    864 Mar  5 13:51 ModularCodeGen6_A_A.mk
-rw-rw-r--   1 travis travis   1348 Mar  5 13:51 ModularCodeGen6_A_A_profile.class
-rw-rw-r--   1 travis travis   1361 Mar  5 13:51 ModularCodeGen6_A_A_profile.java
-rw-rw-r--   1 travis travis   7469 Mar  5 13:51 ModularCodeGen6_A.class
-rw-rw-r--   1 travis travis  26535 Mar  5 13:51 ModularCodeGen6_A.java
-rw-rw-r--   1 travis travis    848 Mar  5 13:51 ModularCodeGen6_A.mk
-rw-rw-r--   1 travis travis   1483 Mar  5 13:51 ModularCodeGen6_A_profile.class
-rw-rw-r--   1 travis travis   1810 Mar  5 13:51 ModularCodeGen6_A_profile.java
-rw-rw-r--   1 travis travis   9633 Mar  5 13:51 ModularCodeGenLazyPubSubGlobal_CompositeActor_ModularCodeGenTypedComposite.class
-rw-rw-r--   1 travis travis  30161 Mar  5 13:51 ModularCodeGenLazyPubSubGlobal_CompositeActor_ModularCodeGenTypedComposite.java
-rw-rw-r--   1 travis travis   1304 Mar  5 13:51 ModularCodeGenLazyPubSubGlobal_CompositeActor_ModularCodeGenTypedComposite.mk
-rw-rw-r--   1 travis travis   1438 Mar  5 13:51 ModularCodeGenLazyPubSubGlobal_CompositeActor_ModularCodeGenTypedComposite_profile.class
-rw-rw-r--   1 travis travis   1384 Mar  5 13:51 ModularCodeGenLazyPubSubGlobal_CompositeActor_ModularCodeGenTypedComposite_profile.java
-rw-rw-r--   1 travis travis   4184 Mar  5 13:51 ModularCodeGenLazyPubSub_LazyCompositeActor.class
-rw-rw-r--   1 travis travis  11122 Mar  5 13:51 ModularCodeGenLazyPubSub_LazyCompositeActor.java
-rw-rw-r--   1 travis travis   1056 Mar  5 13:51 ModularCodeGenLazyPubSub_LazyCompositeActor.mk
-rw-rw-r--   1 travis travis   1286 Mar  5 13:51 ModularCodeGenLazyPubSub_LazyCompositeActor_profile.class
-rw-rw-r--   1 travis travis   1091 Mar  5 13:51 ModularCodeGenLazyPubSub_LazyCompositeActor_profile.java
-rw-rw-r--   1 travis travis   4186 Mar  5 13:50 ModularCodeGen_ModularCodeGenTypedCompositeActor.class
-rw-rw-r--   1 travis travis  10970 Mar  5 13:50 ModularCodeGen_ModularCodeGenTypedCompositeActor.java
-rw-rw-r--   1 travis travis   1096 Mar  5 13:50 ModularCodeGen_ModularCodeGenTypedCompositeActor.mk
-rw-rw-r--   1 travis travis   1384 Mar  5 13:50 ModularCodeGen_ModularCodeGenTypedCompositeActor_profile.class
-rw-rw-r--   1 travis travis   1328 Mar  5 13:50 ModularCodeGen_ModularCodeGenTypedCompositeActor_profile.java
-rw-rw-r--   1 travis travis   3673 Mar  5 13:51 ModularCodeGenPubSub2_A1_A.class
-rw-rw-r--   1 travis travis   8578 Mar  5 13:51 ModularCodeGenPubSub2_A1_A.java
-rw-rw-r--   1 travis travis    920 Mar  5 13:51 ModularCodeGenPubSub2_A1_A.mk
-rw-rw-r--   1 travis travis   1274 Mar  5 13:51 ModularCodeGenPubSub2_A1_A_profile.class
-rw-rw-r--   1 travis travis   1128 Mar  5 13:51 ModularCodeGenPubSub2_A1_A_profile.java
-rw-rw-r--   1 travis travis   3965 Mar  5 13:51 ModularCodeGenPubSub2_A1.class
-rw-rw-r--   1 travis travis   9781 Mar  5 13:51 ModularCodeGenPubSub2_A1.java
-rw-rw-r--   1 travis travis    904 Mar  5 13:51 ModularCodeGenPubSub2_A1.mk
-rw-rw-r--   1 travis travis   1268 Mar  5 13:51 ModularCodeGenPubSub2_A1_profile.class
-rw-rw-r--   1 travis travis   1196 Mar  5 13:51 ModularCodeGenPubSub2_A1_profile.java
-rw-rw-r--   1 travis travis   3669 Mar  5 13:51 ModularCodeGenPubSub3_A1_A2.class
-rw-rw-r--   1 travis travis   8599 Mar  5 13:51 ModularCodeGenPubSub3_A1_A2.java
-rw-rw-r--   1 travis travis    928 Mar  5 13:51 ModularCodeGenPubSub3_A1_A2.mk
-rw-rw-r--   1 travis travis   1287 Mar  5 13:51 ModularCodeGenPubSub3_A1_A2_profile.class
-rw-rw-r--   1 travis travis   1132 Mar  5 13:51 ModularCodeGenPubSub3_A1_A2_profile.java
-rw-rw-r--   1 travis travis   1400 Mar  5 13:51 ModularCodeGenPubSub3_A1_profile.java
-rw-rw-r--   1 travis travis   3707 Mar  5 13:51 ModularCodeGenPubSub_A1.class
-rw-rw-r--   1 travis travis   9060 Mar  5 13:51 ModularCodeGenPubSub_A1.java
-rw-rw-r--   1 travis travis    896 Mar  5 13:51 ModularCodeGenPubSub_A1.mk
-rw-rw-r--   1 travis travis   1278 Mar  5 13:51 ModularCodeGenPubSub_A1_profile.class
-rw-rw-r--   1 travis travis   1195 Mar  5 13:51 ModularCodeGenPubSub_A1_profile.java
-rw-rw-r--   1 travis travis   3724 Mar  5 13:49 ModularCodeGenTest_A1_A2.class
-rw-rw-r--   1 travis travis   9164 Mar  5 13:49 ModularCodeGenTest_A1_A2.java
-rw-rw-r--   1 travis travis   1306 Mar  5 13:49 ModularCodeGenTest_A1_A2_profile.class
-rw-rw-r--   1 travis travis   4055 Mar  5 13:49 ModularCodeGenTest_A1.class
-rw-rw-r--   1 travis travis   9968 Mar  5 13:49 ModularCodeGenTest_A1.java
-rw-rw-r--   1 travis travis    880 Mar  5 13:49 ModularCodeGenTest_A1.mk
-rw-rw-r--   1 travis travis   1352 Mar  5 13:49 ModularCodeGenTest_A1_profile.class
-rw-rw-r--   1 travis travis   1394 Mar  5 13:49 ModularCodeGenTest_A1_profile.java
drwxrwxr-x   3 travis travis  32768 Mar  5 13:49 modulation2
drwxrwxr-x 166 travis travis  12288 Mar  5 13:49 node_modules
drwxrwxr-x   3 travis travis  20480 Mar  5 13:45 PhaseUnwrap
drwxrwxr-x   3 travis travis  12288 Mar  5 13:45 ReadFile1
-rw-rw-r--   1 travis travis     11 Mar  5 13:45 ReadFile1Output.txt
-rw-rw-r--   1 travis travis  13773 Mar  5 13:49 Repeat.class
-rw-rw-r--   1 travis travis    685 Mar  5 13:49 Repeat$_fireFunction_Repeat_Repeat$__f_sL_11.class
-rw-rw-r--   1 travis travis    541 Mar  5 13:49 Repeat$_fireFunction_Repeat_Repeat$__f_sL_12.class
-rw-rw-r--   1 travis travis    541 Mar  5 13:49 Repeat$_fireFunction_Repeat_Repeat$__f_sL_13.class
-rw-rw-r--   1 travis travis    541 Mar  5 13:49 Repeat$_fireFunction_Repeat_Repeat$__f_sL_14.class
-rw-rw-r--   1 travis travis    684 Mar  5 13:49 Repeat$_fireFunction_Repeat_Repeat$__f_sL_1.class
-rw-rw-r--   1 travis travis    683 Mar  5 13:49 Repeat$_fireFunction_Repeat_Repeat$__f_sL_4.class
-rw-rw-r--   1 travis travis    539 Mar  5 13:49 Repeat$_fireFunction_Repeat_Repeat$__f_sL_9.class
-rw-rw-r--   1 travis travis    494 Mar  5 13:49 Repeat$_initialize_Repeat$__i_sL_2.class
-rw-rw-r--   1 travis travis   1281 Mar  5 13:49 Repeat.mk
-rw-rw-r--   1 travis travis    539 Mar  5 13:49 Repeat$_preinitializeMethod_Repeat$__p_sL_0.class
-rw-rw-r--   1 travis travis   1102 Mar  5 13:49 Repeat$_Repeat$_fireFunction_Repeat_AddSubtract_Repeat.class
-rw-rw-r--   1 travis travis    810 Mar  5 13:49 Repeat$_Repeat$_fireFunction_Repeat_AddSubtract_Repeat$__f_sL_0.class
-rw-rw-r--   1 travis travis    928 Mar  5 13:49 Repeat$_Repeat$_fireFunction_Repeat_AddSubtract_Repeat$__f_sL_1.class
-rw-rw-r--   1 travis travis    934 Mar  5 13:49 Repeat$_Repeat$_fireFunction_Repeat_AddSubtract_Repeat$__f_sL_2.class
-rw-rw-r--   1 travis travis    862 Mar  5 13:49 Repeat$_Repeat$_fireFunction_Repeat_AddSubtract_Repeat$__f_sL_3.class
-rw-rw-r--   1 travis travis    757 Mar  5 13:49 Repeat$_Repeat$_fireFunction_Repeat_Ramp2_Repeat$__f_sL_0.class
-rw-rw-r--   1 travis travis    888 Mar  5 13:49 Repeat$_Repeat$_fireFunction_Repeat_Test_Repeat$__f_sL_0.class
-rw-rw-r--   1 travis travis    634 Mar  5 13:49 Repeat$_Repeat$_fireFunction_Repeat_Test_Repeat$__f_sL_1.class
-rw-rw-r--   1 travis travis    704 Mar  5 13:49 Repeat$_Repeat_SDF_Director_run_Repeat$__R_sL_0.class
-rw-rw-r--   1 travis travis    705 Mar  5 13:49 Repeat$_Repeat_SDF_Director_run_Repeat$__R_sL_11.class
-rw-rw-r--   1 travis travis    561 Mar  5 13:49 Repeat$_Repeat_SDF_Director_run_Repeat$__R_sL_13.class
-rw-rw-r--   1 travis travis    559 Mar  5 13:49 Repeat$_Repeat_SDF_Director_run_Repeat$__R_sL_2.class
-rw-rw-r--   1 travis travis    703 Mar  5 13:49 Repeat$_Repeat_SDF_Director_run_Repeat$__R_sL_3.class
-rw-rw-r--   1 travis travis    559 Mar  5 13:49 Repeat$_Repeat_SDF_Director_run_Repeat$__R_sL_5.class
-rw-rw-r--   1 travis travis    559 Mar  5 13:49 Repeat$_Repeat_SDF_Director_run_Repeat$__R_sL_8.class
drwxrwxr-x   2 travis travis   4096 Mar  5 13:49 RepeatVariables
-rw-rw-r--   1 travis travis    882 Mar  5 13:49 Repeat$_varinit_Repeat.class
-rw-rw-r--   1 travis travis    550 Mar  5 13:49 Repeat$_varinit_Repeat$__v_sL_2.class
-rw-rw-r--   1 travis travis    924 Mar  5 13:49 Repeat$_varinit_Repeat$__v_sL_4.class
-rw-rw-r--   1 travis travis    978 Mar  5 13:49 Repeat$_wrapup_Repeat$__w_sL_1.class
drwxrwxr-x   3 travis travis  20480 Mar  5 13:46 Sinewave
drwxrwxr-x   3 travis travis  32768 Mar  5 13:47 StringFunction
drwxrwxr-x   3 travis travis  12288 Mar  5 13:47 StringLength
drwxrwxr-x   3 travis travis  61440 Mar  5 13:47 StringMatches2
drwxrwxr-x   3 travis travis  61440 Mar  5 13:48 StringSimpleReplace
drwxrwxr-x   3 travis travis  65536 Mar  5 13:48 StringSubstring
drwxrwxr-x   3 travis travis  24576 Mar  5 13:48 StringSubstring2
drwxrwxr-x   3 travis travis  16384 Mar  5 13:49 time1
drwxrwxr-x   3 travis travis  12288 Mar  5 13:49 time5
-rw-rw-r--   1 travis travis    432 Mar  5 13:51 Token.class
-rw-rw-r--   1 travis travis    251 Mar  5 13:51 Token.java
-rwxrwxr-x   1 travis travis 466992 Mar  5 13:43 top
-rw-rw-r--   1 travis travis  20502 Mar  5 13:43 top.c
-rw-rw-r--   1 travis travis   3799 Mar  5 13:49 top.class
-rw-rw-r--   1 travis travis   1257 Mar  5 13:49 top.mk
All Done
Writing ModularCodeGenPubSub3_A1.java in file:/home/travis/cg/ (10100 characters)
Reading "ptolemy/cg/kernel/generic/program/procedural/java/modular/makefile.in",
    writing "/home/travis/cg/ModularCodeGenPubSub3_A1.mk"
Using ptolemy/cg/kernel/generic/program/procedural/java/modular/makefile.in
In "/home/travis/cg", about to execute:
    make -f ModularCodeGenPubSub3_A1.mk
javac -classpath ".:.."    ModularCodeGenPubSub3_A1.java
All Done
5543 ms. Memory: 129024K Free: 24266K (19%)
----------------- Invoking toplevel() on ptolemy.moml.MoMLSimpleApplication@2b879555
----------------- Done invoking toplevel() on ptolemy.moml.MoMLSimpleApplication@2b879555
reloadAllAccessors: .ModularCodeGenPubSub3

===========================================================================================
----------------- testing Thu Mar 05 13:51:31 UTC 2020 /home/travis/build/icyphy/ptII/ptolemy/cg/lib/test/auto/ModularCodeGenPubSub4.xml
----------------- Instantiating /home/travis/build/icyphy/ptII/ptolemy/cg/lib/test/auto/ModularCodeGenPubSub4.xml
In "/home/travis/cg", about to execute:
    pwd
In "/home/travis/cg", about to execute:
    ls -l
/home/travis/cg
In "/home/travis/cg", about to execute:
    javac -classpath
.:/home/travis/build/icyphy/ptII:/home/travis/build/icyphy/ptII/lib/bsh-2.0b4.j
ar:/home/travis/build/icyphy/ptII/lib/ptCal.jar:/home/travis/build/icyphy/ptII/
lib/java_cup.jar:/home/travis/build/icyphy/ptII/lib/saxon8.jar:/home/travis/bui
ld/icyphy/ptII/lib/saxon8-dom.jar:/home/travis/build/icyphy/ptII/lib/chic.jar:/
home/travis/build/icyphy/ptII/lib/ptcolt.jar:/home/travis/build/icyphy/ptII/ven
dors/misc/itext/iText.jar:/home/travis/build/icyphy/ptII/lib/g4ltl.jar:/home/tr
avis/build/icyphy/ptII/lib/StructuralCoder.jar:/home/travis/build/icyphy/ptII/l
ib/jcerti.jar:/home/travis/build/icyphy/ptII/lib/javax.mail.jar:/home/travis/bu
ild/icyphy/ptII/vendors/JMF-2.1.1e/lib/jmf.jar:/home/travis/build/icyphy/ptII/l
ib/jna-4.0.0-variadic.jar:/home/travis/build/icyphy/ptII/vendors/misc/joystick/
Joystick.jar:/home/travis/build/icyphy/ptII/lib/ptjacl.jar:/home/travis/build/i
cyphy/ptII/lib/jsoup-1.8.2.jar:/home/travis/build/icyphy/ptII/lib/junit-4.8.2.j
ar:/home/travis/build/icyphy/ptII/lib/JUnitParams-0.4.0.jar:/home/travis/build/
icyphy/ptII/ptolemy/actor/lib/excel/jxl.jar:/home/travis/build/icyphy/ptII/lib/
jython.jar:/home/travis/build/icyphy/ptII/lib/kieler.jar:/home/travis/build/icy
phy/ptII/vendors/opencv/share/OpenCV/java/opencv-341.jar:/home/travis/build/icy
phy/ptII/lib/oscP5.jar:/home/travis/build/icyphy/ptII/lib/nrjavaserial-3.11.0.d
evel.jar:/home/travis/build/icyphy/ptII/vendors/j3d/lib/Linux/j3dcore.jar:/home
/travis/build/icyphy/ptII/vendors/j3d/lib/Linux/j3dutils.jar:/home/travis/build
/icyphy/ptII/vendors/j3d/lib/Linux/vecmath.jar:/home/travis/build/icyphy/ptII/v
endors/jogl/lib/Linux/gluegen-rt-natives-linux-amd64.jar:/home/travis/build/icy
phy/ptII/vendors/jogl/lib/Linux/gluegen-rt.jar:/home/travis/build/icyphy/ptII/v
endors/jogl/lib/Linux/jogl-all-natives-linux-amd64.jar:/home/travis/build/icyph
y/ptII/vendors/jogl/lib/Linux/jogl-all.jar:/home/travis/build/icyphy/ptII/ptole
my/distributed/jini/jar/jini-core.jar:/home/travis/build/icyphy/ptII/ptolemy/di
stributed/jini/jar/jini-ext.jar:/home/travis/build/icyphy/ptII/ptolemy/distribu
ted/jini/jar/sun-util.jar:/home/travis/build/icyphy/ptII/lib/protobuf-java-2.4.
1.jar:/home/travis/build/icyphy/ptII/lib/org.eclipse.paho.client.mqttv3.jar:/ho
me/travis/build/icyphy/ptII/lib/mapss.jar:/home/travis/build/icyphy/ptII/ptolem
y/actor/ptalon/antlr/antlr.jar:/home/travis/build/icyphy/ptII/lib/JRI.jar:/home
/travis/build/icyphy/ptII/lib/commons-lang-2.6.jar:/home/travis/build/icyphy/pt
II/lib/commons-logging-1.1.1.jar:/home/travis/build/icyphy/ptII/lib/sootclasses
.jar:/home/travis/build/icyphy/ptII/ptolemy/actor/lib/database/mysql-connector-
java-5.1.6-bin.jar:/home/travis/build/icyphy/ptII/vendors/misc/sphinx4/sphinx4-
data-5prealpha.jar:/home/travis/build/icyphy/ptII/vendors/misc/sphinx4/sphinx4-
core-5prealpha.jar:/home/travis/build/icyphy/ptII/lib/PDFRenderer.jar:/home/tra
vis/build/icyphy/ptII/lib/svgSalamander.jar:/home/travis/build/icyphy/ptII/lib/
rsyntaxtextarea-2.6.0-SNAPSHOT.jar:/home/travis/build/icyphy/ptII/lib/hazelcast
-3.8.2.jar:/home/travis/build/icyphy/ptII/lib/jackson-annotations-2.9.0.jar:/ho
me/travis/build/icyphy/ptII/lib/jackson-core-2.9.3.jar:/home/travis/build/icyph
y/ptII/lib/jackson-databind-2.9.3.jar:/home/travis/build/icyphy/ptII/lib/netty-
buffer-4.1.19.Final.jar:/home/travis/build/icyphy/ptII/lib/netty-codec-4.1.19.F
inal.jar:/home/travis/build/icyphy/ptII/lib/netty-codec-dns-4.1.19.Final.jar:/h
ome/travis/build/icyphy/ptII/lib/netty-codec-http-4.1.19.Final.jar:/home/travis
/build/icyphy/ptII/lib/netty-codec-http2-4.1.19.Final.jar:/home/travis/build/ic
yphy/ptII/lib/netty-common-4.1.19.Final.jar:/home/travis/build/icyphy/ptII/lib/
netty-handler-4.1.19.Final.jar:/home/travis/build/icyphy/ptII/lib/netty-resolve
r-4.1.19.Final.jar:/home/travis/build/icyphy/ptII/lib/netty-resolver-dns-4.1.19
.Final.jar:/home/travis/build/icyphy/ptII/lib/netty-transport-4.1.19.Final.jar:
/home/travis/build/icyphy/ptII/lib/vertx-codegen-3.5.1.jar:/home/travis/build/i
cyphy/ptII/lib/vertx-core-3.5.2-SNAPSHOT.jar:/home/travis/build/icyphy/ptII/lib
/vertx-hazelcast-3.5.1.jar:/home/travis/build/icyphy/ptII/lib/vertx-lang-js-3.5
.1.jar:/home/travis/build/icyphy/ptII/lib/vertx-service-proxy-3.5.1.jar:/home/t
ravis/build/icyphy/ptII/lib/vertx-web-3.5.1.jar:/home/travis/build/icyphy/ptII/
lib/slf4j-api-1.7.13.jar:/home/travis/build/icyphy/ptII/lib/slf4j-simple-1.7.13
.jar:/home/travis/build/icyphy/ptII/lib/webcam-capture-0.3.12.jar:/home/travis/
build/icyphy/ptII/lib/bridj-0.7.0.jar:/home/travis/build/icyphy/ptII/lib/xbjlib
-1.1.0.nrjavaserial.jar:/home/travis/build/icyphy/ptII/ptolemy/moml/test:/home/
travis/build/icyphy/ptII/ant/lib/ant-launcher.jar:/home/travis/build/icyphy/ptI
I/ant/lib/ant.jar:/home/travis/build/icyphy/ptII/ant/lib/ant-junit.jar:/home/tr
avis/build/icyphy/ptII/ant/lib/ant-junit4.jar:/home/travis/build/icyphy/ptII
ModularCodeGenPubSub4_A1_A_profile.java
total 2552
drwxrwxr-x   3 travis travis  12288 Mar  5 13:44 AbsoluteValue
drwxrwxr-x   3 travis travis 102400 Mar  5 13:43 AllColt
-rw-rw-r--   1 travis travis    233 Mar  5 13:51 Array.class
-rw-rw-r--   1 travis travis    459 Mar  5 13:51 Array.java
drwxrwxr-x   3 travis travis  12288 Mar  5 13:44 Case1
-rw-rw-r--   1 travis travis   5128 Mar  5 13:49 CompiledCompositeActor_CompiledCompositeActor.class
-rw-rw-r--   1 travis travis   1611 Mar  5 13:49 CompiledCompositeActor_CompiledCompositeActor$_CompiledCompositeActor_CompiledCompositeActor.class
-rw-rw-r--   1 travis travis  13466 Mar  5 13:49 CompiledCompositeActor_CompiledCompositeActor.java
-rw-rw-r--   1 travis travis   1593 Mar  5 13:49 CompiledCompositeActor_CompiledCompositeActor.mk
drwxrwxr-x   5 travis travis   4096 Mar  5 13:43 fmi
drwxrwxr-x   3 travis travis  16384 Mar  5 13:44 Gaussian2
-rw-rw-r--   1 travis travis   4684 Mar  5 13:49 JavaCompiledCompositeTest1_CompiledCompositeActor.class
-rw-rw-r--   1 travis travis  11637 Mar  5 13:49 JavaCompiledCompositeTest1_CompiledCompositeActor.java
-rw-rw-r--   1 travis travis   1217 Mar  5 13:49 JavaCompiledCompositeTest1_CompiledCompositeActor$_JavaCompiledCompositeTest1_CompiledCompositeActor.class
-rw-rw-r--   1 travis travis   1625 Mar  5 13:49 JavaCompiledCompositeTest1_CompiledCompositeActor.mk
-rw-rw-r--   1 travis travis   5115 Mar  5 13:49 JavaCompiledCompositeTest2_CompiledCompositeActor.class
-rw-rw-r--   1 travis travis  14919 Mar  5 13:49 JavaCompiledCompositeTest2_CompiledCompositeActor.java
-rw-rw-r--   1 travis travis   1812 Mar  5 13:49 JavaCompiledCompositeTest2_CompiledCompositeActor$_JavaCompiledCompositeTest2_CompiledCompositeActor.class
-rw-rw-r--   1 travis travis   1625 Mar  5 13:49 JavaCompiledCompositeTest2_CompiledCompositeActor.mk
-rw-rw-r--   1 travis travis   4732 Mar  5 13:49 JavaCompiledCompositeTest3_CompiledCompositeActor.class
-rw-rw-r--   1 travis travis  13080 Mar  5 13:49 JavaCompiledCompositeTest3_CompiledCompositeActor.java
-rw-rw-r--   1 travis travis   1397 Mar  5 13:49 JavaCompiledCompositeTest3_CompiledCompositeActor$_JavaCompiledCompositeTest3_CompiledCompositeActor.class
-rw-rw-r--   1 travis travis   1625 Mar  5 13:49 JavaCompiledCompositeTest3_CompiledCompositeActor.mk
-rw-rw-r--   1 travis travis   4183 Mar  5 13:49 JavaCompiledCompositeTest4_CompiledCompositeActor.class
-rw-rw-r--   1 travis travis   9687 Mar  5 13:49 JavaCompiledCompositeTest4_CompiledCompositeActor.java
-rw-rw-r--   1 travis travis    876 Mar  5 13:49 JavaCompiledCompositeTest4_CompiledCompositeActor$_JavaCompiledCompositeTest4_CompiledCompositeActor.class
-rw-rw-r--   1 travis travis   1625 Mar  5 13:49 JavaCompiledCompositeTest4_CompiledCompositeActor.mk
drwxrwxr-x   3 travis travis  12288 Mar  5 13:45 LookupTable
drwxrwxr-x   3 travis travis  20480 Mar  5 13:45 MaxIndex
-rw-rw-r--   1 travis travis   3925 Mar  5 13:49 ModularCG_A1_B1.class
-rw-rw-r--   1 travis travis   9730 Mar  5 13:49 ModularCG_A1_B1.java
-rw-rw-r--   1 travis travis    832 Mar  5 13:49 ModularCG_A1_B1.mk
-rw-rw-r--   1 travis travis   1318 Mar  5 13:49 ModularCG_A1_B1_profile.class
-rw-rw-r--   1 travis travis   1262 Mar  5 13:49 ModularCG_A1_B1_profile.java
-rw-rw-r--   1 travis travis   3925 Mar  5 13:50 ModularCG_A1_B2.class
-rw-rw-r--   1 travis travis   9730 Mar  5 13:50 ModularCG_A1_B2.java
-rw-rw-r--   1 travis travis    832 Mar  5 13:50 ModularCG_A1_B2.mk
-rw-rw-r--   1 travis travis   1318 Mar  5 13:50 ModularCG_A1_B2_profile.class
-rw-rw-r--   1 travis travis   1262 Mar  5 13:49 ModularCG_A1_B2_profile.java
-rw-rw-r--   1 travis travis   5031 Mar  5 13:50 ModularCG_A1.class
-rw-rw-r--   1 travis travis  14742 Mar  5 13:50 ModularCG_A1.java
-rw-rw-r--   1 travis travis    808 Mar  5 13:50 ModularCG_A1.mk
-rw-rw-r--   1 travis travis   1433 Mar  5 13:50 ModularCG_A1_profile.class
-rw-rw-r--   1 travis travis   1704 Mar  5 13:50 ModularCG_A1_profile.java
-rw-rw-r--   1 travis travis   4059 Mar  5 13:50 ModularCG_A2_B1.class
-rw-rw-r--   1 travis travis  10667 Mar  5 13:50 ModularCG_A2_B1.java
-rw-rw-r--   1 travis travis    832 Mar  5 13:50 ModularCG_A2_B1.mk
-rw-rw-r--   1 travis travis   1381 Mar  5 13:50 ModularCG_A2_B1_profile.class
-rw-rw-r--   1 travis travis   1446 Mar  5 13:50 ModularCG_A2_B1_profile.java
-rw-rw-r--   1 travis travis   3925 Mar  5 13:50 ModularCG_A2_B2.class
-rw-rw-r--   1 travis travis   9730 Mar  5 13:50 ModularCG_A2_B2.java
-rw-rw-r--   1 travis travis    832 Mar  5 13:50 ModularCG_A2_B2.mk
-rw-rw-r--   1 travis travis   1318 Mar  5 13:50 ModularCG_A2_B2_profile.class
-rw-rw-r--   1 travis travis   1262 Mar  5 13:50 ModularCG_A2_B2_profile.java
-rw-rw-r--   1 travis travis   5102 Mar  5 13:50 ModularCG_A2.class
-rw-rw-r--   1 travis travis  15129 Mar  5 13:50 ModularCG_A2.java
-rw-rw-r--   1 travis travis    808 Mar  5 13:50 ModularCG_A2.mk
-rw-rw-r--   1 travis travis   1433 Mar  5 13:50 ModularCG_A2_profile.class
-rw-rw-r--   1 travis travis   1704 Mar  5 13:50 ModularCG_A2_profile.java
-rw-rw-r--   1 travis travis   3705 Mar  5 13:50 ModularCGPubSub_A1_A2.class
-rw-rw-r--   1 travis travis   9076 Mar  5 13:50 ModularCGPubSub_A1_A2.java
-rw-rw-r--   1 travis travis    880 Mar  5 13:50 ModularCGPubSub_A1_A2.mk
-rw-rw-r--   1 travis travis   1300 Mar  5 13:50 ModularCGPubSub_A1_A2_profile.class
-rw-rw-r--   1 travis travis   1222 Mar  5 13:50 ModularCGPubSub_A1_A2_profile.java
-rw-rw-r--   1 travis travis   4022 Mar  5 13:50 ModularCGPubSub_A1.class
-rw-rw-r--   1 travis travis   9836 Mar  5 13:50 ModularCGPubSub_A1.java
-rw-rw-r--   1 travis travis    856 Mar  5 13:50 ModularCGPubSub_A1.mk
-rw-rw-r--   1 travis travis   1346 Mar  5 13:50 ModularCGPubSub_A1_profile.class
-rw-rw-r--   1 travis travis   1388 Mar  5 13:50 ModularCGPubSub_A1_profile.java
-rw-rw-r--   1 travis travis   4220 Mar  5 13:50 ModularCodeGen2_ModularCodeGenTypedCompositeActor.class
-rw-rw-r--   1 travis travis  11690 Mar  5 13:50 ModularCodeGen2_ModularCodeGenTypedCompositeActor.java
-rw-rw-r--   1 travis travis   1104 Mar  5 13:50 ModularCodeGen2_ModularCodeGenTypedCompositeActor.mk
-rw-rw-r--   1 travis travis   4504 Mar  5 13:50 ModularCodeGen2_ModularCodeGenTypedCompositeActor_ModularCodeGenTypedCompositeActor.class
-rw-rw-r--   1 travis travis  11790 Mar  5 13:50 ModularCodeGen2_ModularCodeGenTypedCompositeActor_ModularCodeGenTypedCompositeActor.java
-rw-rw-r--   1 travis travis   1376 Mar  5 13:50 ModularCodeGen2_ModularCodeGenTypedCompositeActor_ModularCodeGenTypedCompositeActor.mk
-rw-rw-r--   1 travis travis   1421 Mar  5 13:50 ModularCodeGen2_ModularCodeGenTypedCompositeActor_ModularCodeGenTypedCompositeActor_profile.class
-rw-rw-r--   1 travis travis   1294 Mar  5 13:50 ModularCodeGen2_ModularCodeGenTypedCompositeActor_ModularCodeGenTypedCompositeActor_profile.java
-rw-rw-r--   1 travis travis    820 Mar  5 13:50 ModularCodeGen2_ModularCodeGenTypedCompositeActor_profile.class
-rw-rw-r--   1 travis travis    693 Mar  5 13:50 ModularCodeGen2_ModularCodeGenTypedCompositeActor_profile.java
-rw-rw-r--   1 travis travis   3973 Mar  5 13:50 ModularCodeGen3_A1_B1.class
-rw-rw-r--   1 travis travis   9958 Mar  5 13:50 ModularCodeGen3_A1_B1.java
-rw-rw-r--   1 travis travis    880 Mar  5 13:50 ModularCodeGen3_A1_B1.mk
-rw-rw-r--   1 travis travis   1330 Mar  5 13:50 ModularCodeGen3_A1_B1_profile.class
-rw-rw-r--   1 travis travis   1274 Mar  5 13:50 ModularCodeGen3_A1_B1_profile.java
-rw-rw-r--   1 travis travis   3973 Mar  5 13:50 ModularCodeGen3_A1_B2.class
-rw-rw-r--   1 travis travis   9958 Mar  5 13:50 ModularCodeGen3_A1_B2.java
-rw-rw-r--   1 travis travis    880 Mar  5 13:50 ModularCodeGen3_A1_B2.mk
-rw-rw-r--   1 travis travis   1330 Mar  5 13:50 ModularCodeGen3_A1_B2_profile.class
-rw-rw-r--   1 travis travis   1274 Mar  5 13:50 ModularCodeGen3_A1_B2_profile.java
-rw-rw-r--   1 travis travis   5193 Mar  5 13:50 ModularCodeGen3_A1.class
-rw-rw-r--   1 travis travis  15564 Mar  5 13:50 ModularCodeGen3_A1.java
-rw-rw-r--   1 travis travis    856 Mar  5 13:50 ModularCodeGen3_A1.mk
-rw-rw-r--   1 travis travis   1445 Mar  5 13:50 ModularCodeGen3_A1_profile.class
-rw-rw-r--   1 travis travis   1716 Mar  5 13:50 ModularCodeGen3_A1_profile.java
-rw-rw-r--   1 travis travis   4119 Mar  5 13:50 ModularCodeGen3_A2_B1.class
-rw-rw-r--   1 travis travis  10955 Mar  5 13:50 ModularCodeGen3_A2_B1.java
-rw-rw-r--   1 travis travis    880 Mar  5 13:50 ModularCodeGen3_A2_B1.mk
-rw-rw-r--   1 travis travis   1393 Mar  5 13:50 ModularCodeGen3_A2_B1_profile.class
-rw-rw-r--   1 travis travis   1458 Mar  5 13:50 ModularCodeGen3_A2_B1_profile.java
-rw-rw-r--   1 travis travis   3973 Mar  5 13:50 ModularCodeGen3_A2_B2.class
-rw-rw-r--   1 travis travis   9958 Mar  5 13:50 ModularCodeGen3_A2_B2.java
-rw-rw-r--   1 travis travis    880 Mar  5 13:50 ModularCodeGen3_A2_B2.mk
-rw-rw-r--   1 travis travis   1330 Mar  5 13:50 ModularCodeGen3_A2_B2_profile.class
-rw-rw-r--   1 travis travis   1274 Mar  5 13:50 ModularCodeGen3_A2_B2_profile.java
-rw-rw-r--   1 travis travis   5270 Mar  5 13:50 ModularCodeGen3_A2.class
-rw-rw-r--   1 travis travis  15957 Mar  5 13:50 ModularCodeGen3_A2.java
-rw-rw-r--   1 travis travis    856 Mar  5 13:50 ModularCodeGen3_A2.mk
-rw-rw-r--   1 travis travis   1445 Mar  5 13:50 ModularCodeGen3_A2_profile.class
-rw-rw-r--   1 travis travis   1716 Mar  5 13:50 ModularCodeGen3_A2_profile.java
-rw-rw-r--   1 travis travis   4026 Mar  5 13:50 ModularCodeGen4_A1_B1.class
-rw-rw-r--   1 travis travis  10312 Mar  5 13:50 ModularCodeGen4_A1_B1.java
-rw-rw-r--   1 travis travis    880 Mar  5 13:50 ModularCodeGen4_A1_B1.mk
-rw-rw-r--   1 travis travis   1330 Mar  5 13:50 ModularCodeGen4_A1_B1_profile.class
-rw-rw-r--   1 travis travis   1273 Mar  5 13:50 ModularCodeGen4_A1_B1_profile.java
-rw-rw-r--   1 travis travis   4026 Mar  5 13:50 ModularCodeGen4_A1_B2.class
-rw-rw-r--   1 travis travis  10312 Mar  5 13:50 ModularCodeGen4_A1_B2.java
-rw-rw-r--   1 travis travis    880 Mar  5 13:50 ModularCodeGen4_A1_B2.mk
-rw-rw-r--   1 travis travis   1330 Mar  5 13:50 ModularCodeGen4_A1_B2_profile.class
-rw-rw-r--   1 travis travis   1273 Mar  5 13:50 ModularCodeGen4_A1_B2_profile.java
-rw-rw-r--   1 travis travis   5333 Mar  5 13:50 ModularCodeGen4_A1.class
-rw-rw-r--   1 travis travis  16245 Mar  5 13:50 ModularCodeGen4_A1.java
-rw-rw-r--   1 travis travis    856 Mar  5 13:50 ModularCodeGen4_A1.mk
-rw-rw-r--   1 travis travis   1445 Mar  5 13:50 ModularCodeGen4_A1_profile.class
-rw-rw-r--   1 travis travis   1712 Mar  5 13:50 ModularCodeGen4_A1_profile.java
-rw-rw-r--   1 travis travis   4220 Mar  5 13:50 ModularCodeGen4_A2_B1.class
-rw-rw-r--   1 travis travis  11375 Mar  5 13:50 ModularCodeGen4_A2_B1.java
-rw-rw-r--   1 travis travis    880 Mar  5 13:50 ModularCodeGen4_A2_B1.mk
-rw-rw-r--   1 travis travis   1393 Mar  5 13:50 ModularCodeGen4_A2_B1_profile.class
-rw-rw-r--   1 travis travis   1454 Mar  5 13:50 ModularCodeGen4_A2_B1_profile.java
-rw-rw-r--   1 travis travis   4074 Mar  5 13:50 ModularCodeGen4_A2_B2.class
-rw-rw-r--   1 travis travis  10378 Mar  5 13:50 ModularCodeGen4_A2_B2.java
-rw-rw-r--   1 travis travis    880 Mar  5 13:50 ModularCodeGen4_A2_B2.mk
-rw-rw-r--   1 travis travis   1330 Mar  5 13:50 ModularCodeGen4_A2_B2_profile.class
-rw-rw-r--   1 travis travis   1270 Mar  5 13:50 ModularCodeGen4_A2_B2_profile.java
-rw-rw-r--   1 travis travis   5506 Mar  5 13:50 ModularCodeGen4_A2.class
-rw-rw-r--   1 travis travis  16770 Mar  5 13:50 ModularCodeGen4_A2.java
-rw-rw-r--   1 travis travis    856 Mar  5 13:50 ModularCodeGen4_A2.mk
-rw-rw-r--   1 travis travis   1445 Mar  5 13:50 ModularCodeGen4_A2_profile.class
-rw-rw-r--   1 travis travis   1712 Mar  5 13:50 ModularCodeGen4_A2_profile.java
-rw-rw-r--   1 travis travis   7070 Mar  5 13:51 ModularCodeGen5_A_A.class
-rw-rw-r--   1 travis travis  28721 Mar  5 13:51 ModularCodeGen5_A_A.java
-rw-rw-r--   1 travis travis    864 Mar  5 13:51 ModularCodeGen5_A_A.mk
-rw-rw-r--   1 travis travis   1520 Mar  5 13:51 ModularCodeGen5_A_A_profile.class
-rw-rw-r--   1 travis travis   1815 Mar  5 13:50 ModularCodeGen5_A_A_profile.java
-rw-rw-r--   1 travis travis   5347 Mar  5 13:51 ModularCodeGen5_A.class
-rw-rw-r--   1 travis travis  13769 Mar  5 13:51 ModularCodeGen5_A.java
-rw-rw-r--   1 travis travis    848 Mar  5 13:51 ModularCodeGen5_A.mk
-rw-rw-r--   1 travis travis   1422 Mar  5 13:51 ModularCodeGen5_A_profile.class
-rw-rw-r--   1 travis travis   1605 Mar  5 13:51 ModularCodeGen5_A_profile.java
-rw-rw-r--   1 travis travis   4357 Mar  5 13:51 ModularCodeGen6_A_A2.class
-rw-rw-r--   1 travis travis  11329 Mar  5 13:51 ModularCodeGen6_A_A2.java
-rw-rw-r--   1 travis travis    872 Mar  5 13:51 ModularCodeGen6_A_A2.mk
-rw-rw-r--   1 travis travis   1351 Mar  5 13:51 ModularCodeGen6_A_A2_profile.class
-rw-rw-r--   1 travis travis   1364 Mar  5 13:51 ModularCodeGen6_A_A2_profile.java
-rw-rw-r--   1 travis travis   4340 Mar  5 13:51 ModularCodeGen6_A_A.class
-rw-rw-r--   1 travis travis  11221 Mar  5 13:51 ModularCodeGen6_A_A.java
-rw-rw-r--   1 travis travis    864 Mar  5 13:51 ModularCodeGen6_A_A.mk
-rw-rw-r--   1 travis travis   1348 Mar  5 13:51 ModularCodeGen6_A_A_profile.class
-rw-rw-r--   1 travis travis   1361 Mar  5 13:51 ModularCodeGen6_A_A_profile.java
-rw-rw-r--   1 travis travis   7469 Mar  5 13:51 ModularCodeGen6_A.class
-rw-rw-r--   1 travis travis  26535 Mar  5 13:51 ModularCodeGen6_A.java
-rw-rw-r--   1 travis travis    848 Mar  5 13:51 ModularCodeGen6_A.mk
-rw-rw-r--   1 travis travis   1483 Mar  5 13:51 ModularCodeGen6_A_profile.class
-rw-rw-r--   1 travis travis   1810 Mar  5 13:51 ModularCodeGen6_A_profile.java
-rw-rw-r--   1 travis travis   9633 Mar  5 13:51 ModularCodeGenLazyPubSubGlobal_CompositeActor_ModularCodeGenTypedComposite.class
-rw-rw-r--   1 travis travis  30161 Mar  5 13:51 ModularCodeGenLazyPubSubGlobal_CompositeActor_ModularCodeGenTypedComposite.java
-rw-rw-r--   1 travis travis   1304 Mar  5 13:51 ModularCodeGenLazyPubSubGlobal_CompositeActor_ModularCodeGenTypedComposite.mk
-rw-rw-r--   1 travis travis   1438 Mar  5 13:51 ModularCodeGenLazyPubSubGlobal_CompositeActor_ModularCodeGenTypedComposite_profile.class
-rw-rw-r--   1 travis travis   1384 Mar  5 13:51 ModularCodeGenLazyPubSubGlobal_CompositeActor_ModularCodeGenTypedComposite_profile.java
-rw-rw-r--   1 travis travis   4184 Mar  5 13:51 ModularCodeGenLazyPubSub_LazyCompositeActor.class
-rw-rw-r--   1 travis travis  11122 Mar  5 13:51 ModularCodeGenLazyPubSub_LazyCompositeActor.java
-rw-rw-r--   1 travis travis   1056 Mar  5 13:51 ModularCodeGenLazyPubSub_LazyCompositeActor.mk
-rw-rw-r--   1 travis travis   1286 Mar  5 13:51 ModularCodeGenLazyPubSub_LazyCompositeActor_profile.class
-rw-rw-r--   1 travis travis   1091 Mar  5 13:51 ModularCodeGenLazyPubSub_LazyCompositeActor_profile.java
-rw-rw-r--   1 travis travis   4186 Mar  5 13:50 ModularCodeGen_ModularCodeGenTypedCompositeActor.class
-rw-rw-r--   1 travis travis  10970 Mar  5 13:50 ModularCodeGen_ModularCodeGenTypedCompositeActor.java
-rw-rw-r--   1 travis travis   1096 Mar  5 13:50 ModularCodeGen_ModularCodeGenTypedCompositeActor.mk
-rw-rw-r--   1 travis travis   1384 Mar  5 13:50 ModularCodeGen_ModularCodeGenTypedCompositeActor_profile.class
-rw-rw-r--   1 travis travis   1328 Mar  5 13:50 ModularCodeGen_ModularCodeGenTypedCompositeActor_profile.java
-rw-rw-r--   1 travis travis   3673 Mar  5 13:51 ModularCodeGenPubSub2_A1_A.class
-rw-rw-r--   1 travis travis   8578 Mar  5 13:51 ModularCodeGenPubSub2_A1_A.java
-rw-rw-r--   1 travis travis    920 Mar  5 13:51 ModularCodeGenPubSub2_A1_A.mk
-rw-rw-r--   1 travis travis   1274 Mar  5 13:51 ModularCodeGenPubSub2_A1_A_profile.class
-rw-rw-r--   1 travis travis   1128 Mar  5 13:51 ModularCodeGenPubSub2_A1_A_profile.java
-rw-rw-r--   1 travis travis   3965 Mar  5 13:51 ModularCodeGenPubSub2_A1.class
-rw-rw-r--   1 travis travis   9781 Mar  5 13:51 ModularCodeGenPubSub2_A1.java
-rw-rw-r--   1 travis travis    904 Mar  5 13:51 ModularCodeGenPubSub2_A1.mk
-rw-rw-r--   1 travis travis   1268 Mar  5 13:51 ModularCodeGenPubSub2_A1_profile.class
-rw-rw-r--   1 travis travis   1196 Mar  5 13:51 ModularCodeGenPubSub2_A1_profile.java
-rw-rw-r--   1 travis travis   3669 Mar  5 13:51 ModularCodeGenPubSub3_A1_A2.class
-rw-rw-r--   1 travis travis   8599 Mar  5 13:51 ModularCodeGenPubSub3_A1_A2.java
-rw-rw-r--   1 travis travis    928 Mar  5 13:51 ModularCodeGenPubSub3_A1_A2.mk
-rw-rw-r--   1 travis travis   1287 Mar  5 13:51 ModularCodeGenPubSub3_A1_A2_profile.class
-rw-rw-r--   1 travis travis   1132 Mar  5 13:51 ModularCodeGenPubSub3_A1_A2_profile.java
-rw-rw-r--   1 travis travis   4088 Mar  5 13:51 ModularCodeGenPubSub3_A1.class
-rw-rw-r--   1 travis travis  10100 Mar  5 13:51 ModularCodeGenPubSub3_A1.java
-rw-rw-r--   1 travis travis    904 Mar  5 13:51 ModularCodeGenPubSub3_A1.mk
-rw-rw-r--   1 travis travis   1358 Mar  5 13:51 ModularCodeGenPubSub3_A1_profile.class
-rw-rw-r--   1 travis travis   1400 Mar  5 13:51 ModularCodeGenPubSub3_A1_profile.java
-rw-rw-r--   1 travis travis   1128 Mar  5 13:51 ModularCodeGenPubSub4_A1_A_profile.java
-rw-rw-r--   1 travis travis   3707 Mar  5 13:51 ModularCodeGenPubSub_A1.class
-rw-rw-r--   1 travis travis   9060 Mar  5 13:51 ModularCodeGenPubSub_A1.java
-rw-rw-r--   1 travis travis    896 Mar  5 13:51 ModularCodeGenPubSub_A1.mk
-rw-rw-r--   1 travis travis   1278 Mar  5 13:51 ModularCodeGenPubSub_A1_profile.class
-rw-rw-r--   1 travis travis   1195 Mar  5 13:51 ModularCodeGenPubSub_A1_profile.java
-rw-rw-r--   1 travis travis   3724 Mar  5 13:49 ModularCodeGenTest_A1_A2.class
-rw-rw-r--   1 travis travis   9164 Mar  5 13:49 ModularCodeGenTest_A1_A2.java
-rw-rw-r--   1 travis travis   1306 Mar  5 13:49 ModularCodeGenTest_A1_A2_profile.class
-rw-rw-r--   1 travis travis   4055 Mar  5 13:49 ModularCodeGenTest_A1.class
-rw-rw-r--   1 travis travis   9968 Mar  5 13:49 ModularCodeGenTest_A1.java
-rw-rw-r--   1 travis travis    880 Mar  5 13:49 ModularCodeGenTest_A1.mk
-rw-rw-r--   1 travis travis   1352 Mar  5 13:49 ModularCodeGenTest_A1_profile.class
-rw-rw-r--   1 travis travis   1394 Mar  5 13:49 ModularCodeGenTest_A1_profile.java
drwxrwxr-x   3 travis travis  32768 Mar  5 13:49 modulation2
drwxrwxr-x 166 travis travis  12288 Mar  5 13:49 node_modules
drwxrwxr-x   3 travis travis  20480 Mar  5 13:45 PhaseUnwrap
drwxrwxr-x   3 travis travis  12288 Mar  5 13:45 ReadFile1
-rw-rw-r--   1 travis travis     11 Mar  5 13:45 ReadFile1Output.txt
-rw-rw-r--   1 travis travis  13773 Mar  5 13:49 Repeat.class
-rw-rw-r--   1 travis travis    685 Mar  5 13:49 Repeat$_fireFunction_Repeat_Repeat$__f_sL_11.class
-rw-rw-r--   1 travis travis    541 Mar  5 13:49 Repeat$_fireFunction_Repeat_Repeat$__f_sL_12.class
-rw-rw-r--   1 travis travis    541 Mar  5 13:49 Repeat$_fireFunction_Repeat_Repeat$__f_sL_13.class
-rw-rw-r--   1 travis travis    541 Mar  5 13:49 Repeat$_fireFunction_Repeat_Repeat$__f_sL_14.class
-rw-rw-r--   1 travis travis    684 Mar  5 13:49 Repeat$_fireFunction_Repeat_Repeat$__f_sL_1.class
-rw-rw-r--   1 travis travis    683 Mar  5 13:49 Repeat$_fireFunction_Repeat_Repeat$__f_sL_4.class
-rw-rw-r--   1 travis travis    539 Mar  5 13:49 Repeat$_fireFunction_Repeat_Repeat$__f_sL_9.class
-rw-rw-r--   1 travis travis    494 Mar  5 13:49 Repeat$_initialize_Repeat$__i_sL_2.class
-rw-rw-r--   1 travis travis   1281 Mar  5 13:49 Repeat.mk
-rw-rw-r--   1 travis travis    539 Mar  5 13:49 Repeat$_preinitializeMethod_Repeat$__p_sL_0.class
-rw-rw-r--   1 travis travis   1102 Mar  5 13:49 Repeat$_Repeat$_fireFunction_Repeat_AddSubtract_Repeat.class
-rw-rw-r--   1 travis travis    810 Mar  5 13:49 Repeat$_Repeat$_fireFunction_Repeat_AddSubtract_Repeat$__f_sL_0.class
-rw-rw-r--   1 travis travis    928 Mar  5 13:49 Repeat$_Repeat$_fireFunction_Repeat_AddSubtract_Repeat$__f_sL_1.class
-rw-rw-r--   1 travis travis    934 Mar  5 13:49 Repeat$_Repeat$_fireFunction_Repeat_AddSubtract_Repeat$__f_sL_2.class
-rw-rw-r--   1 travis travis    862 Mar  5 13:49 Repeat$_Repeat$_fireFunction_Repeat_AddSubtract_Repeat$__f_sL_3.class
-rw-rw-r--   1 travis travis    757 Mar  5 13:49 Repeat$_Repeat$_fireFunction_Repeat_Ramp2_Repeat$__f_sL_0.class
-rw-rw-r--   1 travis travis    888 Mar  5 13:49 Repeat$_Repeat$_fireFunction_Repeat_Test_Repeat$__f_sL_0.class
-rw-rw-r--   1 travis travis    634 Mar  5 13:49 Repeat$_Repeat$_fireFunction_Repeat_Test_Repeat$__f_sL_1.class
-rw-rw-r--   1 travis travis    704 Mar  5 13:49 Repeat$_Repeat_SDF_Director_run_Repeat$__R_sL_0.class
-rw-rw-r--   1 travis travis    705 Mar  5 13:49 Repeat$_Repeat_SDF_Director_run_Repeat$__R_sL_11.class
-rw-rw-r--   1 travis travis    561 Mar  5 13:49 Repeat$_Repeat_SDF_Director_run_Repeat$__R_sL_13.class
-rw-rw-r--   1 travis travis    559 Mar  5 13:49 Repeat$_Repeat_SDF_Director_run_Repeat$__R_sL_2.class
-rw-rw-r--   1 travis travis    703 Mar  5 13:49 Repeat$_Repeat_SDF_Director_run_Repeat$__R_sL_3.class
-rw-rw-r--   1 travis travis    559 Mar  5 13:49 Repeat$_Repeat_SDF_Director_run_Repeat$__R_sL_5.class
-rw-rw-r--   1 travis travis    559 Mar  5 13:49 Repeat$_Repeat_SDF_Director_run_Repeat$__R_sL_8.class
drwxrwxr-x   2 travis travis   4096 Mar  5 13:49 RepeatVariables
-rw-rw-r--   1 travis travis    882 Mar  5 13:49 Repeat$_varinit_Repeat.class
-rw-rw-r--   1 travis travis    550 Mar  5 13:49 Repeat$_varinit_Repeat$__v_sL_2.class
-rw-rw-r--   1 travis travis    924 Mar  5 13:49 Repeat$_varinit_Repeat$__v_sL_4.class
-rw-rw-r--   1 travis travis    978 Mar  5 13:49 Repeat$_wrapup_Repeat$__w_sL_1.class
drwxrwxr-x   3 travis travis  20480 Mar  5 13:46 Sinewave
drwxrwxr-x   3 travis travis  32768 Mar  5 13:47 StringFunction
drwxrwxr-x   3 travis travis  12288 Mar  5 13:47 StringLength
drwxrwxr-x   3 travis travis  61440 Mar  5 13:47 StringMatches2
drwxrwxr-x   3 travis travis  61440 Mar  5 13:48 StringSimpleReplace
drwxrwxr-x   3 travis travis  65536 Mar  5 13:48 StringSubstring
drwxrwxr-x   3 travis travis  24576 Mar  5 13:48 StringSubstring2
drwxrwxr-x   3 travis travis  16384 Mar  5 13:49 time1
drwxrwxr-x   3 travis travis  12288 Mar  5 13:49 time5
-rw-rw-r--   1 travis travis    432 Mar  5 13:51 Token.class
-rw-rw-r--   1 travis travis    251 Mar  5 13:51 Token.java
-rwxrwxr-x   1 travis travis 466992 Mar  5 13:43 top
-rw-rw-r--   1 travis travis  20502 Mar  5 13:43 top.c
-rw-rw-r--   1 travis travis   3799 Mar  5 13:49 top.class
-rw-rw-r--   1 travis travis   1257 Mar  5 13:49 top.mk
All Done
Writing ModularCodeGenPubSub4_A1_A.java in file:/home/travis/cg/ (8578 characters)
Reading "ptolemy/cg/kernel/generic/program/procedural/java/modular/makefile.in",
    writing "/home/travis/cg/ModularCodeGenPubSub4_A1_A.mk"
Using ptolemy/cg/kernel/generic/program/procedural/java/modular/makefile.in
In "/home/travis/cg", about to execute:
    make -f ModularCodeGenPubSub4_A1_A.mk
javac -classpath ".:.."    ModularCodeGenPubSub4_A1_A.java
All Done
In "/home/travis/cg", about to execute:
    pwd
In "/home/travis/cg", about to execute:
    ls -l
/home/travis/cg
In "/home/travis/cg", about to execute:
    javac -classpath
.:/home/travis/build/icyphy/ptII:/home/travis/build/icyphy/ptII/lib/bsh-2.0b4.j
ar:/home/travis/build/icyphy/ptII/lib/ptCal.jar:/home/travis/build/icyphy/ptII/
lib/java_cup.jar:/home/travis/build/icyphy/ptII/lib/saxon8.jar:/home/travis/bui
ld/icyphy/ptII/lib/saxon8-dom.jar:/home/travis/build/icyphy/ptII/lib/chic.jar:/
home/travis/build/icyphy/ptII/lib/ptcolt.jar:/home/travis/build/icyphy/ptII/ven
dors/misc/itext/iText.jar:/home/travis/build/icyphy/ptII/lib/g4ltl.jar:/home/tr
avis/build/icyphy/ptII/lib/StructuralCoder.jar:/home/travis/build/icyphy/ptII/l
ib/jcerti.jar:/home/travis/build/icyphy/ptII/lib/javax.mail.jar:/home/travis/bu
ild/icyphy/ptII/vendors/JMF-2.1.1e/lib/jmf.jar:/home/travis/build/icyphy/ptII/l
ib/jna-4.0.0-variadic.jar:/home/travis/build/icyphy/ptII/vendors/misc/joystick/
Joystick.jar:/home/travis/build/icyphy/ptII/lib/ptjacl.jar:/home/travis/build/i
cyphy/ptII/lib/jsoup-1.8.2.jar:/home/travis/build/icyphy/ptII/lib/junit-4.8.2.j
ar:/home/travis/build/icyphy/ptII/lib/JUnitParams-0.4.0.jar:/home/travis/build/
icyphy/ptII/ptolemy/actor/lib/excel/jxl.jar:/home/travis/build/icyphy/ptII/lib/
jython.jar:/home/travis/build/icyphy/ptII/lib/kieler.jar:/home/travis/build/icy
phy/ptII/vendors/opencv/share/OpenCV/java/opencv-341.jar:/home/travis/build/icy
phy/ptII/lib/oscP5.jar:/home/travis/build/icyphy/ptII/lib/nrjavaserial-3.11.0.d
evel.jar:/home/travis/build/icyphy/ptII/vendors/j3d/lib/Linux/j3dcore.jar:/home
/travis/build/icyphy/ptII/vendors/j3d/lib/Linux/j3dutils.jar:/home/travis/build
/icyphy/ptII/vendors/j3d/lib/Linux/vecmath.jar:/home/travis/build/icyphy/ptII/v
endors/jogl/lib/Linux/gluegen-rt-natives-linux-amd64.jar:/home/travis/build/icy
phy/ptII/vendors/jogl/lib/Linux/gluegen-rt.jar:/home/travis/build/icyphy/ptII/v
endors/jogl/lib/Linux/jogl-all-natives-linux-amd64.jar:/home/travis/build/icyph
y/ptII/vendors/jogl/lib/Linux/jogl-all.jar:/home/travis/build/icyphy/ptII/ptole
my/distributed/jini/jar/jini-core.jar:/home/travis/build/icyphy/ptII/ptolemy/di
stributed/jini/jar/jini-ext.jar:/home/travis/build/icyphy/ptII/ptolemy/distribu
ted/jini/jar/sun-util.jar:/home/travis/build/icyphy/ptII/lib/protobuf-java-2.4.
1.jar:/home/travis/build/icyphy/ptII/lib/org.eclipse.paho.client.mqttv3.jar:/ho
me/travis/build/icyphy/ptII/lib/mapss.jar:/home/travis/build/icyphy/ptII/ptolem
y/actor/ptalon/antlr/antlr.jar:/home/travis/build/icyphy/ptII/lib/JRI.jar:/home
/travis/build/icyphy/ptII/lib/commons-lang-2.6.jar:/home/travis/build/icyphy/pt
II/lib/commons-logging-1.1.1.jar:/home/travis/build/icyphy/ptII/lib/sootclasses
.jar:/home/travis/build/icyphy/ptII/ptolemy/actor/lib/database/mysql-connector-
java-5.1.6-bin.jar:/home/travis/build/icyphy/ptII/vendors/misc/sphinx4/sphinx4-
data-5prealpha.jar:/home/travis/build/icyphy/ptII/vendors/misc/sphinx4/sphinx4-
core-5prealpha.jar:/home/travis/build/icyphy/ptII/lib/PDFRenderer.jar:/home/tra
vis/build/icyphy/ptII/lib/svgSalamander.jar:/home/travis/build/icyphy/ptII/lib/
rsyntaxtextarea-2.6.0-SNAPSHOT.jar:/home/travis/build/icyphy/ptII/lib/hazelcast
-3.8.2.jar:/home/travis/build/icyphy/ptII/lib/jackson-annotations-2.9.0.jar:/ho
me/travis/build/icyphy/ptII/lib/jackson-core-2.9.3.jar:/home/travis/build/icyph
y/ptII/lib/jackson-databind-2.9.3.jar:/home/travis/build/icyphy/ptII/lib/netty-
buffer-4.1.19.Final.jar:/home/travis/build/icyphy/ptII/lib/netty-codec-4.1.19.F
inal.jar:/home/travis/build/icyphy/ptII/lib/netty-codec-dns-4.1.19.Final.jar:/h
ome/travis/build/icyphy/ptII/lib/netty-codec-http-4.1.19.Final.jar:/home/travis
/build/icyphy/ptII/lib/netty-codec-http2-4.1.19.Final.jar:/home/travis/build/ic
yphy/ptII/lib/netty-common-4.1.19.Final.jar:/home/travis/build/icyphy/ptII/lib/
netty-handler-4.1.19.Final.jar:/home/travis/build/icyphy/ptII/lib/netty-resolve
r-4.1.19.Final.jar:/home/travis/build/icyphy/ptII/lib/netty-resolver-dns-4.1.19
.Final.jar:/home/travis/build/icyphy/ptII/lib/netty-transport-4.1.19.Final.jar:
/home/travis/build/icyphy/ptII/lib/vertx-codegen-3.5.1.jar:/home/travis/build/i
cyphy/ptII/lib/vertx-core-3.5.2-SNAPSHOT.jar:/home/travis/build/icyphy/ptII/lib
/vertx-hazelcast-3.5.1.jar:/home/travis/build/icyphy/ptII/lib/vertx-lang-js-3.5
.1.jar:/home/travis/build/icyphy/ptII/lib/vertx-service-proxy-3.5.1.jar:/home/t
ravis/build/icyphy/ptII/lib/vertx-web-3.5.1.jar:/home/travis/build/icyphy/ptII/
lib/slf4j-api-1.7.13.jar:/home/travis/build/icyphy/ptII/lib/slf4j-simple-1.7.13
.jar:/home/travis/build/icyphy/ptII/lib/webcam-capture-0.3.12.jar:/home/travis/
build/icyphy/ptII/lib/bridj-0.7.0.jar:/home/travis/build/icyphy/ptII/lib/xbjlib
-1.1.0.nrjavaserial.jar:/home/travis/build/icyphy/ptII/ptolemy/moml/test:/home/
travis/build/icyphy/ptII/ant/lib/ant-launcher.jar:/home/travis/build/icyphy/ptI
I/ant/lib/ant.jar:/home/travis/build/icyphy/ptII/ant/lib/ant-junit.jar:/home/tr
avis/build/icyphy/ptII/ant/lib/ant-junit4.jar:/home/travis/build/icyphy/ptII
ModularCodeGenPubSub4_A1_profile.java
total 2580
drwxrwxr-x   3 travis travis  12288 Mar  5 13:44 AbsoluteValue
drwxrwxr-x   3 travis travis 102400 Mar  5 13:43 AllColt
-rw-rw-r--   1 travis travis    233 Mar  5 13:51 Array.class
-rw-rw-r--   1 travis travis    459 Mar  5 13:51 Array.java
drwxrwxr-x   3 travis travis  12288 Mar  5 13:44 Case1
-rw-rw-r--   1 travis travis   5128 Mar  5 13:49 CompiledCompositeActor_CompiledCompositeActor.class
-rw-rw-r--   1 travis travis   1611 Mar  5 13:49 CompiledCompositeActor_CompiledCompositeActor$_CompiledCompositeActor_CompiledCompositeActor.class
-rw-rw-r--   1 travis travis  13466 Mar  5 13:49 CompiledCompositeActor_CompiledCompositeActor.java
-rw-rw-r--   1 travis travis   1593 Mar  5 13:49 CompiledCompositeActor_CompiledCompositeActor.mk
drwxrwxr-x   5 travis travis   4096 Mar  5 13:43 fmi
drwxrwxr-x   3 travis travis  16384 Mar  5 13:44 Gaussian2
-rw-rw-r--   1 travis travis   4684 Mar  5 13:49 JavaCompiledCompositeTest1_CompiledCompositeActor.class
-rw-rw-r--   1 travis travis  11637 Mar  5 13:49 JavaCompiledCompositeTest1_CompiledCompositeActor.java
-rw-rw-r--   1 travis travis   1217 Mar  5 13:49 JavaCompiledCompositeTest1_CompiledCompositeActor$_JavaCompiledCompositeTest1_CompiledCompositeActor.class
-rw-rw-r--   1 travis travis   1625 Mar  5 13:49 JavaCompiledCompositeTest1_CompiledCompositeActor.mk
-rw-rw-r--   1 travis travis   5115 Mar  5 13:49 JavaCompiledCompositeTest2_CompiledCompositeActor.class
-rw-rw-r--   1 travis travis  14919 Mar  5 13:49 JavaCompiledCompositeTest2_CompiledCompositeActor.java
-rw-rw-r--   1 travis travis   1812 Mar  5 13:49 JavaCompiledCompositeTest2_CompiledCompositeActor$_JavaCompiledCompositeTest2_CompiledCompositeActor.class
-rw-rw-r--   1 travis travis   1625 Mar  5 13:49 JavaCompiledCompositeTest2_CompiledCompositeActor.mk
-rw-rw-r--   1 travis travis   4732 Mar  5 13:49 JavaCompiledCompositeTest3_CompiledCompositeActor.class
-rw-rw-r--   1 travis travis  13080 Mar  5 13:49 JavaCompiledCompositeTest3_CompiledCompositeActor.java
-rw-rw-r--   1 travis travis   1397 Mar  5 13:49 JavaCompiledCompositeTest3_CompiledCompositeActor$_JavaCompiledCompositeTest3_CompiledCompositeActor.class
-rw-rw-r--   1 travis travis   1625 Mar  5 13:49 JavaCompiledCompositeTest3_CompiledCompositeActor.mk
-rw-rw-r--   1 travis travis   4183 Mar  5 13:49 JavaCompiledCompositeTest4_CompiledCompositeActor.class
-rw-rw-r--   1 travis travis   9687 Mar  5 13:49 JavaCompiledCompositeTest4_CompiledCompositeActor.java
-rw-rw-r--   1 travis travis    876 Mar  5 13:49 JavaCompiledCompositeTest4_CompiledCompositeActor$_JavaCompiledCompositeTest4_CompiledCompositeActor.class
-rw-rw-r--   1 travis travis   1625 Mar  5 13:49 JavaCompiledCompositeTest4_CompiledCompositeActor.mk
drwxrwxr-x   3 travis travis  12288 Mar  5 13:45 LookupTable
drwxrwxr-x   3 travis travis  20480 Mar  5 13:45 MaxIndex
-rw-rw-r--   1 travis travis   3925 Mar  5 13:49 ModularCG_A1_B1.class
-rw-rw-r--   1 travis travis   9730 Mar  5 13:49 ModularCG_A1_B1.java
-rw-rw-r--   1 travis travis    832 Mar  5 13:49 ModularCG_A1_B1.mk
-rw-rw-r--   1 travis travis   1318 Mar  5 13:49 ModularCG_A1_B1_profile.class
-rw-rw-r--   1 travis travis   1262 Mar  5 13:49 ModularCG_A1_B1_profile.java
-rw-rw-r--   1 travis travis   3925 Mar  5 13:50 ModularCG_A1_B2.class
-rw-rw-r--   1 travis travis   9730 Mar  5 13:50 ModularCG_A1_B2.java
-rw-rw-r--   1 travis travis    832 Mar  5 13:50 ModularCG_A1_B2.mk
-rw-rw-r--   1 travis travis   1318 Mar  5 13:50 ModularCG_A1_B2_profile.class
-rw-rw-r--   1 travis travis   1262 Mar  5 13:49 ModularCG_A1_B2_profile.java
-rw-rw-r--   1 travis travis   5031 Mar  5 13:50 ModularCG_A1.class
-rw-rw-r--   1 travis travis  14742 Mar  5 13:50 ModularCG_A1.java
-rw-rw-r--   1 travis travis    808 Mar  5 13:50 ModularCG_A1.mk
-rw-rw-r--   1 travis travis   1433 Mar  5 13:50 ModularCG_A1_profile.class
-rw-rw-r--   1 travis travis   1704 Mar  5 13:50 ModularCG_A1_profile.java
-rw-rw-r--   1 travis travis   4059 Mar  5 13:50 ModularCG_A2_B1.class
-rw-rw-r--   1 travis travis  10667 Mar  5 13:50 ModularCG_A2_B1.java
-rw-rw-r--   1 travis travis    832 Mar  5 13:50 ModularCG_A2_B1.mk
-rw-rw-r--   1 travis travis   1381 Mar  5 13:50 ModularCG_A2_B1_profile.class
-rw-rw-r--   1 travis travis   1446 Mar  5 13:50 ModularCG_A2_B1_profile.java
-rw-rw-r--   1 travis travis   3925 Mar  5 13:50 ModularCG_A2_B2.class
-rw-rw-r--   1 travis travis   9730 Mar  5 13:50 ModularCG_A2_B2.java
-rw-rw-r--   1 travis travis    832 Mar  5 13:50 ModularCG_A2_B2.mk
-rw-rw-r--   1 travis travis   1318 Mar  5 13:50 ModularCG_A2_B2_profile.class
-rw-rw-r--   1 travis travis   1262 Mar  5 13:50 ModularCG_A2_B2_profile.java
-rw-rw-r--   1 travis travis   5102 Mar  5 13:50 ModularCG_A2.class
-rw-rw-r--   1 travis travis  15129 Mar  5 13:50 ModularCG_A2.java
-rw-rw-r--   1 travis travis    808 Mar  5 13:50 ModularCG_A2.mk
-rw-rw-r--   1 travis travis   1433 Mar  5 13:50 ModularCG_A2_profile.class
-rw-rw-r--   1 travis travis   1704 Mar  5 13:50 ModularCG_A2_profile.java
-rw-rw-r--   1 travis travis   3705 Mar  5 13:50 ModularCGPubSub_A1_A2.class
-rw-rw-r--   1 travis travis   9076 Mar  5 13:50 ModularCGPubSub_A1_A2.java
-rw-rw-r--   1 travis travis    880 Mar  5 13:50 ModularCGPubSub_A1_A2.mk
-rw-rw-r--   1 travis travis   1300 Mar  5 13:50 ModularCGPubSub_A1_A2_profile.class
-rw-rw-r--   1 travis travis   1222 Mar  5 13:50 ModularCGPubSub_A1_A2_profile.java
-rw-rw-r--   1 travis travis   4022 Mar  5 13:50 ModularCGPubSub_A1.class
-rw-rw-r--   1 travis travis   9836 Mar  5 13:50 ModularCGPubSub_A1.java
-rw-rw-r--   1 travis travis    856 Mar  5 13:50 ModularCGPubSub_A1.mk
-rw-rw-r--   1 travis travis   1346 Mar  5 13:50 ModularCGPubSub_A1_profile.class
-rw-rw-r--   1 travis travis   1388 Mar  5 13:50 ModularCGPubSub_A1_profile.java
-rw-rw-r--   1 travis travis   4220 Mar  5 13:50 ModularCodeGen2_ModularCodeGenTypedCompositeActor.class
-rw-rw-r--   1 travis travis  11690 Mar  5 13:50 ModularCodeGen2_ModularCodeGenTypedCompositeActor.java
-rw-rw-r--   1 travis travis   1104 Mar  5 13:50 ModularCodeGen2_ModularCodeGenTypedCompositeActor.mk
-rw-rw-r--   1 travis travis   4504 Mar  5 13:50 ModularCodeGen2_ModularCodeGenTypedCompositeActor_ModularCodeGenTypedCompositeActor.class
-rw-rw-r--   1 travis travis  11790 Mar  5 13:50 ModularCodeGen2_ModularCodeGenTypedCompositeActor_ModularCodeGenTypedCompositeActor.java
-rw-rw-r--   1 travis travis   1376 Mar  5 13:50 ModularCodeGen2_ModularCodeGenTypedCompositeActor_ModularCodeGenTypedCompositeActor.mk
-rw-rw-r--   1 travis travis   1421 Mar  5 13:50 ModularCodeGen2_ModularCodeGenTypedCompositeActor_ModularCodeGenTypedCompositeActor_profile.class
-rw-rw-r--   1 travis travis   1294 Mar  5 13:50 ModularCodeGen2_ModularCodeGenTypedCompositeActor_ModularCodeGenTypedCompositeActor_profile.java
-rw-rw-r--   1 travis travis    820 Mar  5 13:50 ModularCodeGen2_ModularCodeGenTypedCompositeActor_profile.class
-rw-rw-r--   1 travis travis    693 Mar  5 13:50 ModularCodeGen2_ModularCodeGenTypedCompositeActor_profile.java
-rw-rw-r--   1 travis travis   3973 Mar  5 13:50 ModularCodeGen3_A1_B1.class
-rw-rw-r--   1 travis travis   9958 Mar  5 13:50 ModularCodeGen3_A1_B1.java
-rw-rw-r--   1 travis travis    880 Mar  5 13:50 ModularCodeGen3_A1_B1.mk
-rw-rw-r--   1 travis travis   1330 Mar  5 13:50 ModularCodeGen3_A1_B1_profile.class
-rw-rw-r--   1 travis travis   1274 Mar  5 13:50 ModularCodeGen3_A1_B1_profile.java
-rw-rw-r--   1 travis travis   3973 Mar  5 13:50 ModularCodeGen3_A1_B2.class
-rw-rw-r--   1 travis travis   9958 Mar  5 13:50 ModularCodeGen3_A1_B2.java
-rw-rw-r--   1 travis travis    880 Mar  5 13:50 ModularCodeGen3_A1_B2.mk
-rw-rw-r--   1 travis travis   1330 Mar  5 13:50 ModularCodeGen3_A1_B2_profile.class
-rw-rw-r--   1 travis travis   1274 Mar  5 13:50 ModularCodeGen3_A1_B2_profile.java
-rw-rw-r--   1 travis travis   5193 Mar  5 13:50 ModularCodeGen3_A1.class
-rw-rw-r--   1 travis travis  15564 Mar  5 13:50 ModularCodeGen3_A1.java
-rw-rw-r--   1 travis travis    856 Mar  5 13:50 ModularCodeGen3_A1.mk
-rw-rw-r--   1 travis travis   1445 Mar  5 13:50 ModularCodeGen3_A1_profile.class
-rw-rw-r--   1 travis travis   1716 Mar  5 13:50 ModularCodeGen3_A1_profile.java
-rw-rw-r--   1 travis travis   4119 Mar  5 13:50 ModularCodeGen3_A2_B1.class
-rw-rw-r--   1 travis travis  10955 Mar  5 13:50 ModularCodeGen3_A2_B1.java
-rw-rw-r--   1 travis travis    880 Mar  5 13:50 ModularCodeGen3_A2_B1.mk
-rw-rw-r--   1 travis travis   1393 Mar  5 13:50 ModularCodeGen3_A2_B1_profile.class
-rw-rw-r--   1 travis travis   1458 Mar  5 13:50 ModularCodeGen3_A2_B1_profile.java
-rw-rw-r--   1 travis travis   3973 Mar  5 13:50 ModularCodeGen3_A2_B2.class
-rw-rw-r--   1 travis travis   9958 Mar  5 13:50 ModularCodeGen3_A2_B2.java
-rw-rw-r--   1 travis travis    880 Mar  5 13:50 ModularCodeGen3_A2_B2.mk
-rw-rw-r--   1 travis travis   1330 Mar  5 13:50 ModularCodeGen3_A2_B2_profile.class
-rw-rw-r--   1 travis travis   1274 Mar  5 13:50 ModularCodeGen3_A2_B2_profile.java
-rw-rw-r--   1 travis travis   5270 Mar  5 13:50 ModularCodeGen3_A2.class
-rw-rw-r--   1 travis travis  15957 Mar  5 13:50 ModularCodeGen3_A2.java
-rw-rw-r--   1 travis travis    856 Mar  5 13:50 ModularCodeGen3_A2.mk
-rw-rw-r--   1 travis travis   1445 Mar  5 13:50 ModularCodeGen3_A2_profile.class
-rw-rw-r--   1 travis travis   1716 Mar  5 13:50 ModularCodeGen3_A2_profile.java
-rw-rw-r--   1 travis travis   4026 Mar  5 13:50 ModularCodeGen4_A1_B1.class
-rw-rw-r--   1 travis travis  10312 Mar  5 13:50 ModularCodeGen4_A1_B1.java
-rw-rw-r--   1 travis travis    880 Mar  5 13:50 ModularCodeGen4_A1_B1.mk
-rw-rw-r--   1 travis travis   1330 Mar  5 13:50 ModularCodeGen4_A1_B1_profile.class
-rw-rw-r--   1 travis travis   1273 Mar  5 13:50 ModularCodeGen4_A1_B1_profile.java
-rw-rw-r--   1 travis travis   4026 Mar  5 13:50 ModularCodeGen4_A1_B2.class
-rw-rw-r--   1 travis travis  10312 Mar  5 13:50 ModularCodeGen4_A1_B2.java
-rw-rw-r--   1 travis travis    880 Mar  5 13:50 ModularCodeGen4_A1_B2.mk
-rw-rw-r--   1 travis travis   1330 Mar  5 13:50 ModularCodeGen4_A1_B2_profile.class
-rw-rw-r--   1 travis travis   1273 Mar  5 13:50 ModularCodeGen4_A1_B2_profile.java
-rw-rw-r--   1 travis travis   5333 Mar  5 13:50 ModularCodeGen4_A1.class
-rw-rw-r--   1 travis travis  16245 Mar  5 13:50 ModularCodeGen4_A1.java
-rw-rw-r--   1 travis travis    856 Mar  5 13:50 ModularCodeGen4_A1.mk
-rw-rw-r--   1 travis travis   1445 Mar  5 13:50 ModularCodeGen4_A1_profile.class
-rw-rw-r--   1 travis travis   1712 Mar  5 13:50 ModularCodeGen4_A1_profile.java
-rw-rw-r--   1 travis travis   4220 Mar  5 13:50 ModularCodeGen4_A2_B1.class
-rw-rw-r--   1 travis travis  11375 Mar  5 13:50 ModularCodeGen4_A2_B1.java
-rw-rw-r--   1 travis travis    880 Mar  5 13:50 ModularCodeGen4_A2_B1.mk
-rw-rw-r--   1 travis travis   1393 Mar  5 13:50 ModularCodeGen4_A2_B1_profile.class
-rw-rw-r--   1 travis travis   1454 Mar  5 13:50 ModularCodeGen4_A2_B1_profile.java
-rw-rw-r--   1 travis travis   4074 Mar  5 13:50 ModularCodeGen4_A2_B2.class
-rw-rw-r--   1 travis travis  10378 Mar  5 13:50 ModularCodeGen4_A2_B2.java
-rw-rw-r--   1 travis travis    880 Mar  5 13:50 ModularCodeGen4_A2_B2.mk
-rw-rw-r--   1 travis travis   1330 Mar  5 13:50 ModularCodeGen4_A2_B2_profile.class
-rw-rw-r--   1 travis travis   1270 Mar  5 13:50 ModularCodeGen4_A2_B2_profile.java
-rw-rw-r--   1 travis travis   5506 Mar  5 13:50 ModularCodeGen4_A2.class
-rw-rw-r--   1 travis travis  16770 Mar  5 13:50 ModularCodeGen4_A2.java
-rw-rw-r--   1 travis travis    856 Mar  5 13:50 ModularCodeGen4_A2.mk
-rw-rw-r--   1 travis travis   1445 Mar  5 13:50 ModularCodeGen4_A2_profile.class
-rw-rw-r--   1 travis travis   1712 Mar  5 13:50 ModularCodeGen4_A2_profile.java
-rw-rw-r--   1 travis travis   7070 Mar  5 13:51 ModularCodeGen5_A_A.class
-rw-rw-r--   1 travis travis  28721 Mar  5 13:51 ModularCodeGen5_A_A.java
-rw-rw-r--   1 travis travis    864 Mar  5 13:51 ModularCodeGen5_A_A.mk
-rw-rw-r--   1 travis travis   1520 Mar  5 13:51 ModularCodeGen5_A_A_profile.class
-rw-rw-r--   1 travis travis   1815 Mar  5 13:50 ModularCodeGen5_A_A_profile.java
-rw-rw-r--   1 travis travis   5347 Mar  5 13:51 ModularCodeGen5_A.class
-rw-rw-r--   1 travis travis  13769 Mar  5 13:51 ModularCodeGen5_A.java
-rw-rw-r--   1 travis travis    848 Mar  5 13:51 ModularCodeGen5_A.mk
-rw-rw-r--   1 travis travis   1422 Mar  5 13:51 ModularCodeGen5_A_profile.class
-rw-rw-r--   1 travis travis   1605 Mar  5 13:51 ModularCodeGen5_A_profile.java
-rw-rw-r--   1 travis travis   4357 Mar  5 13:51 ModularCodeGen6_A_A2.class
-rw-rw-r--   1 travis travis  11329 Mar  5 13:51 ModularCodeGen6_A_A2.java
-rw-rw-r--   1 travis travis    872 Mar  5 13:51 ModularCodeGen6_A_A2.mk
-rw-rw-r--   1 travis travis   1351 Mar  5 13:51 ModularCodeGen6_A_A2_profile.class
-rw-rw-r--   1 travis travis   1364 Mar  5 13:51 ModularCodeGen6_A_A2_profile.java
-rw-rw-r--   1 travis travis   4340 Mar  5 13:51 ModularCodeGen6_A_A.class
-rw-rw-r--   1 travis travis  11221 Mar  5 13:51 ModularCodeGen6_A_A.java
-rw-rw-r--   1 travis travis    864 Mar  5 13:51 ModularCodeGen6_A_A.mk
-rw-rw-r--   1 travis travis   1348 Mar  5 13:51 ModularCodeGen6_A_A_profile.class
-rw-rw-r--   1 travis travis   1361 Mar  5 13:51 ModularCodeGen6_A_A_profile.java
-rw-rw-r--   1 travis travis   7469 Mar  5 13:51 ModularCodeGen6_A.class
-rw-rw-r--   1 travis travis  26535 Mar  5 13:51 ModularCodeGen6_A.java
-rw-rw-r--   1 travis travis    848 Mar  5 13:51 ModularCodeGen6_A.mk
-rw-rw-r--   1 travis travis   1483 Mar  5 13:51 ModularCodeGen6_A_profile.class
-rw-rw-r--   1 travis travis   1810 Mar  5 13:51 ModularCodeGen6_A_profile.java
-rw-rw-r--   1 travis travis   9633 Mar  5 13:51 ModularCodeGenLazyPubSubGlobal_CompositeActor_ModularCodeGenTypedComposite.class
-rw-rw-r--   1 travis travis  30161 Mar  5 13:51 ModularCodeGenLazyPubSubGlobal_CompositeActor_ModularCodeGenTypedComposite.java
-rw-rw-r--   1 travis travis   1304 Mar  5 13:51 ModularCodeGenLazyPubSubGlobal_CompositeActor_ModularCodeGenTypedComposite.mk
-rw-rw-r--   1 travis travis   1438 Mar  5 13:51 ModularCodeGenLazyPubSubGlobal_CompositeActor_ModularCodeGenTypedComposite_profile.class
-rw-rw-r--   1 travis travis   1384 Mar  5 13:51 ModularCodeGenLazyPubSubGlobal_CompositeActor_ModularCodeGenTypedComposite_profile.java
-rw-rw-r--   1 travis travis   4184 Mar  5 13:51 ModularCodeGenLazyPubSub_LazyCompositeActor.class
-rw-rw-r--   1 travis travis  11122 Mar  5 13:51 ModularCodeGenLazyPubSub_LazyCompositeActor.java
-rw-rw-r--   1 travis travis   1056 Mar  5 13:51 ModularCodeGenLazyPubSub_LazyCompositeActor.mk
-rw-rw-r--   1 travis travis   1286 Mar  5 13:51 ModularCodeGenLazyPubSub_LazyCompositeActor_profile.class
-rw-rw-r--   1 travis travis   1091 Mar  5 13:51 ModularCodeGenLazyPubSub_LazyCompositeActor_profile.java
-rw-rw-r--   1 travis travis   4186 Mar  5 13:50 ModularCodeGen_ModularCodeGenTypedCompositeActor.class
-rw-rw-r--   1 travis travis  10970 Mar  5 13:50 ModularCodeGen_ModularCodeGenTypedCompositeActor.java
-rw-rw-r--   1 travis travis   1096 Mar  5 13:50 ModularCodeGen_ModularCodeGenTypedCompositeActor.mk
-rw-rw-r--   1 travis travis   1384 Mar  5 13:50 ModularCodeGen_ModularCodeGenTypedCompositeActor_profile.class
-rw-rw-r--   1 travis travis   1328 Mar  5 13:50 ModularCodeGen_ModularCodeGenTypedCompositeActor_profile.java
-rw-rw-r--   1 travis travis   3673 Mar  5 13:51 ModularCodeGenPubSub2_A1_A.class
-rw-rw-r--   1 travis travis   8578 Mar  5 13:51 ModularCodeGenPubSub2_A1_A.java
-rw-rw-r--   1 travis travis    920 Mar  5 13:51 ModularCodeGenPubSub2_A1_A.mk
-rw-rw-r--   1 travis travis   1274 Mar  5 13:51 ModularCodeGenPubSub2_A1_A_profile.class
-rw-rw-r--   1 travis travis   1128 Mar  5 13:51 ModularCodeGenPubSub2_A1_A_profile.java
-rw-rw-r--   1 travis travis   3965 Mar  5 13:51 ModularCodeGenPubSub2_A1.class
-rw-rw-r--   1 travis travis   9781 Mar  5 13:51 ModularCodeGenPubSub2_A1.java
-rw-rw-r--   1 travis travis    904 Mar  5 13:51 ModularCodeGenPubSub2_A1.mk
-rw-rw-r--   1 travis travis   1268 Mar  5 13:51 ModularCodeGenPubSub2_A1_profile.class
-rw-rw-r--   1 travis travis   1196 Mar  5 13:51 ModularCodeGenPubSub2_A1_profile.java
-rw-rw-r--   1 travis travis   3669 Mar  5 13:51 ModularCodeGenPubSub3_A1_A2.class
-rw-rw-r--   1 travis travis   8599 Mar  5 13:51 ModularCodeGenPubSub3_A1_A2.java
-rw-rw-r--   1 travis travis    928 Mar  5 13:51 ModularCodeGenPubSub3_A1_A2.mk
-rw-rw-r--   1 travis travis   1287 Mar  5 13:51 ModularCodeGenPubSub3_A1_A2_profile.class
-rw-rw-r--   1 travis travis   1132 Mar  5 13:51 ModularCodeGenPubSub3_A1_A2_profile.java
-rw-rw-r--   1 travis travis   4088 Mar  5 13:51 ModularCodeGenPubSub3_A1.class
-rw-rw-r--   1 travis travis  10100 Mar  5 13:51 ModularCodeGenPubSub3_A1.java
-rw-rw-r--   1 travis travis    904 Mar  5 13:51 ModularCodeGenPubSub3_A1.mk
-rw-rw-r--   1 travis travis   1358 Mar  5 13:51 ModularCodeGenPubSub3_A1_profile.class
-rw-rw-r--   1 travis travis   1400 Mar  5 13:51 ModularCodeGenPubSub3_A1_profile.java
-rw-rw-r--   1 travis travis   3673 Mar  5 13:51 ModularCodeGenPubSub4_A1_A.class
-rw-rw-r--   1 travis travis   8578 Mar  5 13:51 ModularCodeGenPubSub4_A1_A.java
-rw-rw-r--   1 travis travis    920 Mar  5 13:51 ModularCodeGenPubSub4_A1_A.mk
-rw-rw-r--   1 travis travis   1274 Mar  5 13:51 ModularCodeGenPubSub4_A1_A_profile.class
-rw-rw-r--   1 travis travis   1128 Mar  5 13:51 ModularCodeGenPubSub4_A1_A_profile.java
-rw-rw-r--   1 travis travis   1137 Mar  5 13:51 ModularCodeGenPubSub4_A1_profile.java
-rw-rw-r--   1 travis travis   3707 Mar  5 13:51 ModularCodeGenPubSub_A1.class
-rw-rw-r--   1 travis travis   9060 Mar  5 13:51 ModularCodeGenPubSub_A1.java
-rw-rw-r--   1 travis travis    896 Mar  5 13:51 ModularCodeGenPubSub_A1.mk
-rw-rw-r--   1 travis travis   1278 Mar  5 13:51 ModularCodeGenPubSub_A1_profile.class
-rw-rw-r--   1 travis travis   1195 Mar  5 13:51 ModularCodeGenPubSub_A1_profile.java
-rw-rw-r--   1 travis travis   3724 Mar  5 13:49 ModularCodeGenTest_A1_A2.class
-rw-rw-r--   1 travis travis   9164 Mar  5 13:49 ModularCodeGenTest_A1_A2.java
-rw-rw-r--   1 travis travis   1306 Mar  5 13:49 ModularCodeGenTest_A1_A2_profile.class
-rw-rw-r--   1 travis travis   4055 Mar  5 13:49 ModularCodeGenTest_A1.class
-rw-rw-r--   1 travis travis   9968 Mar  5 13:49 ModularCodeGenTest_A1.java
-rw-rw-r--   1 travis travis    880 Mar  5 13:49 ModularCodeGenTest_A1.mk
-rw-rw-r--   1 travis travis   1352 Mar  5 13:49 ModularCodeGenTest_A1_profile.class
-rw-rw-r--   1 travis travis   1394 Mar  5 13:49 ModularCodeGenTest_A1_profile.java
drwxrwxr-x   3 travis travis  32768 Mar  5 13:49 modulation2
drwxrwxr-x 166 travis travis  12288 Mar  5 13:49 node_modules
drwxrwxr-x   3 travis travis  20480 Mar  5 13:45 PhaseUnwrap
drwxrwxr-x   3 travis travis  12288 Mar  5 13:45 ReadFile1
-rw-rw-r--   1 travis travis     11 Mar  5 13:45 ReadFile1Output.txt
-rw-rw-r--   1 travis travis  13773 Mar  5 13:49 Repeat.class
-rw-rw-r--   1 travis travis    685 Mar  5 13:49 Repeat$_fireFunction_Repeat_Repeat$__f_sL_11.class
-rw-rw-r--   1 travis travis    541 Mar  5 13:49 Repeat$_fireFunction_Repeat_Repeat$__f_sL_12.class
-rw-rw-r--   1 travis travis    541 Mar  5 13:49 Repeat$_fireFunction_Repeat_Repeat$__f_sL_13.class
-rw-rw-r--   1 travis travis    541 Mar  5 13:49 Repeat$_fireFunction_Repeat_Repeat$__f_sL_14.class
-rw-rw-r--   1 travis travis    684 Mar  5 13:49 Repeat$_fireFunction_Repeat_Repeat$__f_sL_1.class
-rw-rw-r--   1 travis travis    683 Mar  5 13:49 Repeat$_fireFunction_Repeat_Repeat$__f_sL_4.class
-rw-rw-r--   1 travis travis    539 Mar  5 13:49 Repeat$_fireFunction_Repeat_Repeat$__f_sL_9.class
-rw-rw-r--   1 travis travis    494 Mar  5 13:49 Repeat$_initialize_Repeat$__i_sL_2.class
-rw-rw-r--   1 travis travis   1281 Mar  5 13:49 Repeat.mk
-rw-rw-r--   1 travis travis    539 Mar  5 13:49 Repeat$_preinitializeMethod_Repeat$__p_sL_0.class
-rw-rw-r--   1 travis travis   1102 Mar  5 13:49 Repeat$_Repeat$_fireFunction_Repeat_AddSubtract_Repeat.class
-rw-rw-r--   1 travis travis    810 Mar  5 13:49 Repeat$_Repeat$_fireFunction_Repeat_AddSubtract_Repeat$__f_sL_0.class
-rw-rw-r--   1 travis travis    928 Mar  5 13:49 Repeat$_Repeat$_fireFunction_Repeat_AddSubtract_Repeat$__f_sL_1.class
-rw-rw-r--   1 travis travis    934 Mar  5 13:49 Repeat$_Repeat$_fireFunction_Repeat_AddSubtract_Repeat$__f_sL_2.class
-rw-rw-r--   1 travis travis    862 Mar  5 13:49 Repeat$_Repeat$_fireFunction_Repeat_AddSubtract_Repeat$__f_sL_3.class
-rw-rw-r--   1 travis travis    757 Mar  5 13:49 Repeat$_Repeat$_fireFunction_Repeat_Ramp2_Repeat$__f_sL_0.class
-rw-rw-r--   1 travis travis    888 Mar  5 13:49 Repeat$_Repeat$_fireFunction_Repeat_Test_Repeat$__f_sL_0.class
-rw-rw-r--   1 travis travis    634 Mar  5 13:49 Repeat$_Repeat$_fireFunction_Repeat_Test_Repeat$__f_sL_1.class
-rw-rw-r--   1 travis travis    704 Mar  5 13:49 Repeat$_Repeat_SDF_Director_run_Repeat$__R_sL_0.class
-rw-rw-r--   1 travis travis    705 Mar  5 13:49 Repeat$_Repeat_SDF_Director_run_Repeat$__R_sL_11.class
-rw-rw-r--   1 travis travis    561 Mar  5 13:49 Repeat$_Repeat_SDF_Director_run_Repeat$__R_sL_13.class
-rw-rw-r--   1 travis travis    559 Mar  5 13:49 Repeat$_Repeat_SDF_Director_run_Repeat$__R_sL_2.class
-rw-rw-r--   1 travis travis    703 Mar  5 13:49 Repeat$_Repeat_SDF_Director_run_Repeat$__R_sL_3.class
-rw-rw-r--   1 travis travis    559 Mar  5 13:49 Repeat$_Repeat_SDF_Director_run_Repeat$__R_sL_5.class
-rw-rw-r--   1 travis travis    559 Mar  5 13:49 Repeat$_Repeat_SDF_Director_run_Repeat$__R_sL_8.class
drwxrwxr-x   2 travis travis   4096 Mar  5 13:49 RepeatVariables
-rw-rw-r--   1 travis travis    882 Mar  5 13:49 Repeat$_varinit_Repeat.class
-rw-rw-r--   1 travis travis    550 Mar  5 13:49 Repeat$_varinit_Repeat$__v_sL_2.class
-rw-rw-r--   1 travis travis    924 Mar  5 13:49 Repeat$_varinit_Repeat$__v_sL_4.class
-rw-rw-r--   1 travis travis    978 Mar  5 13:49 Repeat$_wrapup_Repeat$__w_sL_1.class
drwxrwxr-x   3 travis travis  20480 Mar  5 13:46 Sinewave
drwxrwxr-x   3 travis travis  32768 Mar  5 13:47 StringFunction
drwxrwxr-x   3 travis travis  12288 Mar  5 13:47 StringLength
drwxrwxr-x   3 travis travis  61440 Mar  5 13:47 StringMatches2
drwxrwxr-x   3 travis travis  61440 Mar  5 13:48 StringSimpleReplace
drwxrwxr-x   3 travis travis  65536 Mar  5 13:48 StringSubstring
drwxrwxr-x   3 travis travis  24576 Mar  5 13:48 StringSubstring2
drwxrwxr-x   3 travis travis  16384 Mar  5 13:49 time1
drwxrwxr-x   3 travis travis  12288 Mar  5 13:49 time5
-rw-rw-r--   1 travis travis    432 Mar  5 13:51 Token.class
-rw-rw-r--   1 travis travis    251 Mar  5 13:51 Token.java
-rwxrwxr-x   1 travis travis 466992 Mar  5 13:43 top
-rw-rw-r--   1 travis travis  20502 Mar  5 13:43 top.c
-rw-rw-r--   1 travis travis   3799 Mar  5 13:49 top.class
-rw-rw-r--   1 travis travis   1257 Mar  5 13:49 top.mk
All Done
Writing ModularCodeGenPubSub4_A1.java in file:/home/travis/cg/ (9231 characters)
Reading "ptolemy/cg/kernel/generic/program/procedural/java/modular/makefile.in",
    writing "/home/travis/cg/ModularCodeGenPubSub4_A1.mk"
Using ptolemy/cg/kernel/generic/program/procedural/java/modular/makefile.in
In "/home/travis/cg", about to execute:
    make -f ModularCodeGenPubSub4_A1.mk
javac -classpath ".:.."    ModularCodeGenPubSub4_A1.java
All Done
5407 ms. Memory: 129024K Free: 56796K (44%)
----------------- Invoking toplevel() on ptolemy.moml.MoMLSimpleApplication@5788fb99
----------------- Done invoking toplevel() on ptolemy.moml.MoMLSimpleApplication@5788fb99
reloadAllAccessors: .ModularCodeGenPubSub4

===========================================================================================
----------------- testing Thu Mar 05 13:51:36 UTC 2020 /home/travis/build/icyphy/ptII/ptolemy/cg/lib/test/auto/PubSubAggLazy.xml
----------------- Instantiating /home/travis/build/icyphy/ptII/ptolemy/cg/lib/test/auto/PubSubAggLazy.xml
16 ms. Memory: 129024K Free: 51008K (40%)
----------------- Invoking toplevel() on ptolemy.moml.MoMLSimpleApplication@6a9b625b
----------------- Done invoking toplevel() on ptolemy.moml.MoMLSimpleApplication@6a9b625b
reloadAllAccessors: .PubSubAggLazy

===========================================================================================
----------------- testing Thu Mar 05 13:51:36 UTC 2020 /home/travis/build/icyphy/ptII/ptolemy/cg/lib/test/auto/PubSubAggModularCodeGen.xml
----------------- Instantiating /home/travis/build/icyphy/ptII/ptolemy/cg/lib/test/auto/PubSubAggModularCodeGen.xml
In "/home/travis/cg", about to execute:
    pwd
In "/home/travis/cg", about to execute:
    ls -l
/home/travis/cg
In "/home/travis/cg", about to execute:
    javac -classpath
.:/home/travis/build/icyphy/ptII:/home/travis/build/icyphy/ptII/lib/bsh-2.0b4.j
ar:/home/travis/build/icyphy/ptII/lib/ptCal.jar:/home/travis/build/icyphy/ptII/
lib/java_cup.jar:/home/travis/build/icyphy/ptII/lib/saxon8.jar:/home/travis/bui
ld/icyphy/ptII/lib/saxon8-dom.jar:/home/travis/build/icyphy/ptII/lib/chic.jar:/
home/travis/build/icyphy/ptII/lib/ptcolt.jar:/home/travis/build/icyphy/ptII/ven
dors/misc/itext/iText.jar:/home/travis/build/icyphy/ptII/lib/g4ltl.jar:/home/tr
avis/build/icyphy/ptII/lib/StructuralCoder.jar:/home/travis/build/icyphy/ptII/l
ib/jcerti.jar:/home/travis/build/icyphy/ptII/lib/javax.mail.jar:/home/travis/bu
ild/icyphy/ptII/vendors/JMF-2.1.1e/lib/jmf.jar:/home/travis/build/icyphy/ptII/l
ib/jna-4.0.0-variadic.jar:/home/travis/build/icyphy/ptII/vendors/misc/joystick/
Joystick.jar:/home/travis/build/icyphy/ptII/lib/ptjacl.jar:/home/travis/build/i
cyphy/ptII/lib/jsoup-1.8.2.jar:/home/travis/build/icyphy/ptII/lib/junit-4.8.2.j
ar:/home/travis/build/icyphy/ptII/lib/JUnitParams-0.4.0.jar:/home/travis/build/
icyphy/ptII/ptolemy/actor/lib/excel/jxl.jar:/home/travis/build/icyphy/ptII/lib/
jython.jar:/home/travis/build/icyphy/ptII/lib/kieler.jar:/home/travis/build/icy
phy/ptII/vendors/opencv/share/OpenCV/java/opencv-341.jar:/home/travis/build/icy
phy/ptII/lib/oscP5.jar:/home/travis/build/icyphy/ptII/lib/nrjavaserial-3.11.0.d
evel.jar:/home/travis/build/icyphy/ptII/vendors/j3d/lib/Linux/j3dcore.jar:/home
/travis/build/icyphy/ptII/vendors/j3d/lib/Linux/j3dutils.jar:/home/travis/build
/icyphy/ptII/vendors/j3d/lib/Linux/vecmath.jar:/home/travis/build/icyphy/ptII/v
endors/jogl/lib/Linux/gluegen-rt-natives-linux-amd64.jar:/home/travis/build/icy
phy/ptII/vendors/jogl/lib/Linux/gluegen-rt.jar:/home/travis/build/icyphy/ptII/v
endors/jogl/lib/Linux/jogl-all-natives-linux-amd64.jar:/home/travis/build/icyph
y/ptII/vendors/jogl/lib/Linux/jogl-all.jar:/home/travis/build/icyphy/ptII/ptole
my/distributed/jini/jar/jini-core.jar:/home/travis/build/icyphy/ptII/ptolemy/di
stributed/jini/jar/jini-ext.jar:/home/travis/build/icyphy/ptII/ptolemy/distribu
ted/jini/jar/sun-util.jar:/home/travis/build/icyphy/ptII/lib/protobuf-java-2.4.
1.jar:/home/travis/build/icyphy/ptII/lib/org.eclipse.paho.client.mqttv3.jar:/ho
me/travis/build/icyphy/ptII/lib/mapss.jar:/home/travis/build/icyphy/ptII/ptolem
y/actor/ptalon/antlr/antlr.jar:/home/travis/build/icyphy/ptII/lib/JRI.jar:/home
/travis/build/icyphy/ptII/lib/commons-lang-2.6.jar:/home/travis/build/icyphy/pt
II/lib/commons-logging-1.1.1.jar:/home/travis/build/icyphy/ptII/lib/sootclasses
.jar:/home/travis/build/icyphy/ptII/ptolemy/actor/lib/database/mysql-connector-
java-5.1.6-bin.jar:/home/travis/build/icyphy/ptII/vendors/misc/sphinx4/sphinx4-
data-5prealpha.jar:/home/travis/build/icyphy/ptII/vendors/misc/sphinx4/sphinx4-
core-5prealpha.jar:/home/travis/build/icyphy/ptII/lib/PDFRenderer.jar:/home/tra
vis/build/icyphy/ptII/lib/svgSalamander.jar:/home/travis/build/icyphy/ptII/lib/
rsyntaxtextarea-2.6.0-SNAPSHOT.jar:/home/travis/build/icyphy/ptII/lib/hazelcast
-3.8.2.jar:/home/travis/build/icyphy/ptII/lib/jackson-annotations-2.9.0.jar:/ho
me/travis/build/icyphy/ptII/lib/jackson-core-2.9.3.jar:/home/travis/build/icyph
y/ptII/lib/jackson-databind-2.9.3.jar:/home/travis/build/icyphy/ptII/lib/netty-
buffer-4.1.19.Final.jar:/home/travis/build/icyphy/ptII/lib/netty-codec-4.1.19.F
inal.jar:/home/travis/build/icyphy/ptII/lib/netty-codec-dns-4.1.19.Final.jar:/h
ome/travis/build/icyphy/ptII/lib/netty-codec-http-4.1.19.Final.jar:/home/travis
/build/icyphy/ptII/lib/netty-codec-http2-4.1.19.Final.jar:/home/travis/build/ic
yphy/ptII/lib/netty-common-4.1.19.Final.jar:/home/travis/build/icyphy/ptII/lib/
netty-handler-4.1.19.Final.jar:/home/travis/build/icyphy/ptII/lib/netty-resolve
r-4.1.19.Final.jar:/home/travis/build/icyphy/ptII/lib/netty-resolver-dns-4.1.19
.Final.jar:/home/travis/build/icyphy/ptII/lib/netty-transport-4.1.19.Final.jar:
/home/travis/build/icyphy/ptII/lib/vertx-codegen-3.5.1.jar:/home/travis/build/i
cyphy/ptII/lib/vertx-core-3.5.2-SNAPSHOT.jar:/home/travis/build/icyphy/ptII/lib
/vertx-hazelcast-3.5.1.jar:/home/travis/build/icyphy/ptII/lib/vertx-lang-js-3.5
.1.jar:/home/travis/build/icyphy/ptII/lib/vertx-service-proxy-3.5.1.jar:/home/t
ravis/build/icyphy/ptII/lib/vertx-web-3.5.1.jar:/home/travis/build/icyphy/ptII/
lib/slf4j-api-1.7.13.jar:/home/travis/build/icyphy/ptII/lib/slf4j-simple-1.7.13
.jar:/home/travis/build/icyphy/ptII/lib/webcam-capture-0.3.12.jar:/home/travis/
build/icyphy/ptII/lib/bridj-0.7.0.jar:/home/travis/build/icyphy/ptII/lib/xbjlib
-1.1.0.nrjavaserial.jar:/home/travis/build/icyphy/ptII/ptolemy/moml/test:/home/
travis/build/icyphy/ptII/ant/lib/ant-launcher.jar:/home/travis/build/icyphy/ptI
I/ant/lib/ant.jar:/home/travis/build/icyphy/ptII/ant/lib/ant-junit.jar:/home/tr
avis/build/icyphy/ptII/ant/lib/ant-junit4.jar:/home/travis/build/icyphy/ptII
PubSubAggModularCodeGen_ModularCodeGenTypedComposite_profile.java
total 2608
drwxrwxr-x   3 travis travis  12288 Mar  5 13:44 AbsoluteValue
drwxrwxr-x   3 travis travis 102400 Mar  5 13:43 AllColt
-rw-rw-r--   1 travis travis    233 Mar  5 13:51 Array.class
-rw-rw-r--   1 travis travis    459 Mar  5 13:51 Array.java
drwxrwxr-x   3 travis travis  12288 Mar  5 13:44 Case1
-rw-rw-r--   1 travis travis   5128 Mar  5 13:49 CompiledCompositeActor_CompiledCompositeActor.class
-rw-rw-r--   1 travis travis   1611 Mar  5 13:49 CompiledCompositeActor_CompiledCompositeActor$_CompiledCompositeActor_CompiledCompositeActor.class
-rw-rw-r--   1 travis travis  13466 Mar  5 13:49 CompiledCompositeActor_CompiledCompositeActor.java
-rw-rw-r--   1 travis travis   1593 Mar  5 13:49 CompiledCompositeActor_CompiledCompositeActor.mk
drwxrwxr-x   5 travis travis   4096 Mar  5 13:43 fmi
drwxrwxr-x   3 travis travis  16384 Mar  5 13:44 Gaussian2
-rw-rw-r--   1 travis travis   4684 Mar  5 13:49 JavaCompiledCompositeTest1_CompiledCompositeActor.class
-rw-rw-r--   1 travis travis  11637 Mar  5 13:49 JavaCompiledCompositeTest1_CompiledCompositeActor.java
-rw-rw-r--   1 travis travis   1217 Mar  5 13:49 JavaCompiledCompositeTest1_CompiledCompositeActor$_JavaCompiledCompositeTest1_CompiledCompositeActor.class
-rw-rw-r--   1 travis travis   1625 Mar  5 13:49 JavaCompiledCompositeTest1_CompiledCompositeActor.mk
-rw-rw-r--   1 travis travis   5115 Mar  5 13:49 JavaCompiledCompositeTest2_CompiledCompositeActor.class
-rw-rw-r--   1 travis travis  14919 Mar  5 13:49 JavaCompiledCompositeTest2_CompiledCompositeActor.java
-rw-rw-r--   1 travis travis   1812 Mar  5 13:49 JavaCompiledCompositeTest2_CompiledCompositeActor$_JavaCompiledCompositeTest2_CompiledCompositeActor.class
-rw-rw-r--   1 travis travis   1625 Mar  5 13:49 JavaCompiledCompositeTest2_CompiledCompositeActor.mk
-rw-rw-r--   1 travis travis   4732 Mar  5 13:49 JavaCompiledCompositeTest3_CompiledCompositeActor.class
-rw-rw-r--   1 travis travis  13080 Mar  5 13:49 JavaCompiledCompositeTest3_CompiledCompositeActor.java
-rw-rw-r--   1 travis travis   1397 Mar  5 13:49 JavaCompiledCompositeTest3_CompiledCompositeActor$_JavaCompiledCompositeTest3_CompiledCompositeActor.class
-rw-rw-r--   1 travis travis   1625 Mar  5 13:49 JavaCompiledCompositeTest3_CompiledCompositeActor.mk
-rw-rw-r--   1 travis travis   4183 Mar  5 13:49 JavaCompiledCompositeTest4_CompiledCompositeActor.class
-rw-rw-r--   1 travis travis   9687 Mar  5 13:49 JavaCompiledCompositeTest4_CompiledCompositeActor.java
-rw-rw-r--   1 travis travis    876 Mar  5 13:49 JavaCompiledCompositeTest4_CompiledCompositeActor$_JavaCompiledCompositeTest4_CompiledCompositeActor.class
-rw-rw-r--   1 travis travis   1625 Mar  5 13:49 JavaCompiledCompositeTest4_CompiledCompositeActor.mk
drwxrwxr-x   3 travis travis  12288 Mar  5 13:45 LookupTable
drwxrwxr-x   3 travis travis  20480 Mar  5 13:45 MaxIndex
-rw-rw-r--   1 travis travis   3925 Mar  5 13:49 ModularCG_A1_B1.class
-rw-rw-r--   1 travis travis   9730 Mar  5 13:49 ModularCG_A1_B1.java
-rw-rw-r--   1 travis travis    832 Mar  5 13:49 ModularCG_A1_B1.mk
-rw-rw-r--   1 travis travis   1318 Mar  5 13:49 ModularCG_A1_B1_profile.class
-rw-rw-r--   1 travis travis   1262 Mar  5 13:49 ModularCG_A1_B1_profile.java
-rw-rw-r--   1 travis travis   3925 Mar  5 13:50 ModularCG_A1_B2.class
-rw-rw-r--   1 travis travis   9730 Mar  5 13:50 ModularCG_A1_B2.java
-rw-rw-r--   1 travis travis    832 Mar  5 13:50 ModularCG_A1_B2.mk
-rw-rw-r--   1 travis travis   1318 Mar  5 13:50 ModularCG_A1_B2_profile.class
-rw-rw-r--   1 travis travis   1262 Mar  5 13:49 ModularCG_A1_B2_profile.java
-rw-rw-r--   1 travis travis   5031 Mar  5 13:50 ModularCG_A1.class
-rw-rw-r--   1 travis travis  14742 Mar  5 13:50 ModularCG_A1.java
-rw-rw-r--   1 travis travis    808 Mar  5 13:50 ModularCG_A1.mk
-rw-rw-r--   1 travis travis   1433 Mar  5 13:50 ModularCG_A1_profile.class
-rw-rw-r--   1 travis travis   1704 Mar  5 13:50 ModularCG_A1_profile.java
-rw-rw-r--   1 travis travis   4059 Mar  5 13:50 ModularCG_A2_B1.class
-rw-rw-r--   1 travis travis  10667 Mar  5 13:50 ModularCG_A2_B1.java
-rw-rw-r--   1 travis travis    832 Mar  5 13:50 ModularCG_A2_B1.mk
-rw-rw-r--   1 travis travis   1381 Mar  5 13:50 ModularCG_A2_B1_profile.class
-rw-rw-r--   1 travis travis   1446 Mar  5 13:50 ModularCG_A2_B1_profile.java
-rw-rw-r--   1 travis travis   3925 Mar  5 13:50 ModularCG_A2_B2.class
-rw-rw-r--   1 travis travis   9730 Mar  5 13:50 ModularCG_A2_B2.java
-rw-rw-r--   1 travis travis    832 Mar  5 13:50 ModularCG_A2_B2.mk
-rw-rw-r--   1 travis travis   1318 Mar  5 13:50 ModularCG_A2_B2_profile.class
-rw-rw-r--   1 travis travis   1262 Mar  5 13:50 ModularCG_A2_B2_profile.java
-rw-rw-r--   1 travis travis   5102 Mar  5 13:50 ModularCG_A2.class
-rw-rw-r--   1 travis travis  15129 Mar  5 13:50 ModularCG_A2.java
-rw-rw-r--   1 travis travis    808 Mar  5 13:50 ModularCG_A2.mk
-rw-rw-r--   1 travis travis   1433 Mar  5 13:50 ModularCG_A2_profile.class
-rw-rw-r--   1 travis travis   1704 Mar  5 13:50 ModularCG_A2_profile.java
-rw-rw-r--   1 travis travis   3705 Mar  5 13:50 ModularCGPubSub_A1_A2.class
-rw-rw-r--   1 travis travis   9076 Mar  5 13:50 ModularCGPubSub_A1_A2.java
-rw-rw-r--   1 travis travis    880 Mar  5 13:50 ModularCGPubSub_A1_A2.mk
-rw-rw-r--   1 travis travis   1300 Mar  5 13:50 ModularCGPubSub_A1_A2_profile.class
-rw-rw-r--   1 travis travis   1222 Mar  5 13:50 ModularCGPubSub_A1_A2_profile.java
-rw-rw-r--   1 travis travis   4022 Mar  5 13:50 ModularCGPubSub_A1.class
-rw-rw-r--   1 travis travis   9836 Mar  5 13:50 ModularCGPubSub_A1.java
-rw-rw-r--   1 travis travis    856 Mar  5 13:50 ModularCGPubSub_A1.mk
-rw-rw-r--   1 travis travis   1346 Mar  5 13:50 ModularCGPubSub_A1_profile.class
-rw-rw-r--   1 travis travis   1388 Mar  5 13:50 ModularCGPubSub_A1_profile.java
-rw-rw-r--   1 travis travis   4220 Mar  5 13:50 ModularCodeGen2_ModularCodeGenTypedCompositeActor.class
-rw-rw-r--   1 travis travis  11690 Mar  5 13:50 ModularCodeGen2_ModularCodeGenTypedCompositeActor.java
-rw-rw-r--   1 travis travis   1104 Mar  5 13:50 ModularCodeGen2_ModularCodeGenTypedCompositeActor.mk
-rw-rw-r--   1 travis travis   4504 Mar  5 13:50 ModularCodeGen2_ModularCodeGenTypedCompositeActor_ModularCodeGenTypedCompositeActor.class
-rw-rw-r--   1 travis travis  11790 Mar  5 13:50 ModularCodeGen2_ModularCodeGenTypedCompositeActor_ModularCodeGenTypedCompositeActor.java
-rw-rw-r--   1 travis travis   1376 Mar  5 13:50 ModularCodeGen2_ModularCodeGenTypedCompositeActor_ModularCodeGenTypedCompositeActor.mk
-rw-rw-r--   1 travis travis   1421 Mar  5 13:50 ModularCodeGen2_ModularCodeGenTypedCompositeActor_ModularCodeGenTypedCompositeActor_profile.class
-rw-rw-r--   1 travis travis   1294 Mar  5 13:50 ModularCodeGen2_ModularCodeGenTypedCompositeActor_ModularCodeGenTypedCompositeActor_profile.java
-rw-rw-r--   1 travis travis    820 Mar  5 13:50 ModularCodeGen2_ModularCodeGenTypedCompositeActor_profile.class
-rw-rw-r--   1 travis travis    693 Mar  5 13:50 ModularCodeGen2_ModularCodeGenTypedCompositeActor_profile.java
-rw-rw-r--   1 travis travis   3973 Mar  5 13:50 ModularCodeGen3_A1_B1.class
-rw-rw-r--   1 travis travis   9958 Mar  5 13:50 ModularCodeGen3_A1_B1.java
-rw-rw-r--   1 travis travis    880 Mar  5 13:50 ModularCodeGen3_A1_B1.mk
-rw-rw-r--   1 travis travis   1330 Mar  5 13:50 ModularCodeGen3_A1_B1_profile.class
-rw-rw-r--   1 travis travis   1274 Mar  5 13:50 ModularCodeGen3_A1_B1_profile.java
-rw-rw-r--   1 travis travis   3973 Mar  5 13:50 ModularCodeGen3_A1_B2.class
-rw-rw-r--   1 travis travis   9958 Mar  5 13:50 ModularCodeGen3_A1_B2.java
-rw-rw-r--   1 travis travis    880 Mar  5 13:50 ModularCodeGen3_A1_B2.mk
-rw-rw-r--   1 travis travis   1330 Mar  5 13:50 ModularCodeGen3_A1_B2_profile.class
-rw-rw-r--   1 travis travis   1274 Mar  5 13:50 ModularCodeGen3_A1_B2_profile.java
-rw-rw-r--   1 travis travis   5193 Mar  5 13:50 ModularCodeGen3_A1.class
-rw-rw-r--   1 travis travis  15564 Mar  5 13:50 ModularCodeGen3_A1.java
-rw-rw-r--   1 travis travis    856 Mar  5 13:50 ModularCodeGen3_A1.mk
-rw-rw-r--   1 travis travis   1445 Mar  5 13:50 ModularCodeGen3_A1_profile.class
-rw-rw-r--   1 travis travis   1716 Mar  5 13:50 ModularCodeGen3_A1_profile.java
-rw-rw-r--   1 travis travis   4119 Mar  5 13:50 ModularCodeGen3_A2_B1.class
-rw-rw-r--   1 travis travis  10955 Mar  5 13:50 ModularCodeGen3_A2_B1.java
-rw-rw-r--   1 travis travis    880 Mar  5 13:50 ModularCodeGen3_A2_B1.mk
-rw-rw-r--   1 travis travis   1393 Mar  5 13:50 ModularCodeGen3_A2_B1_profile.class
-rw-rw-r--   1 travis travis   1458 Mar  5 13:50 ModularCodeGen3_A2_B1_profile.java
-rw-rw-r--   1 travis travis   3973 Mar  5 13:50 ModularCodeGen3_A2_B2.class
-rw-rw-r--   1 travis travis   9958 Mar  5 13:50 ModularCodeGen3_A2_B2.java
-rw-rw-r--   1 travis travis    880 Mar  5 13:50 ModularCodeGen3_A2_B2.mk
-rw-rw-r--   1 travis travis   1330 Mar  5 13:50 ModularCodeGen3_A2_B2_profile.class
-rw-rw-r--   1 travis travis   1274 Mar  5 13:50 ModularCodeGen3_A2_B2_profile.java
-rw-rw-r--   1 travis travis   5270 Mar  5 13:50 ModularCodeGen3_A2.class
-rw-rw-r--   1 travis travis  15957 Mar  5 13:50 ModularCodeGen3_A2.java
-rw-rw-r--   1 travis travis    856 Mar  5 13:50 ModularCodeGen3_A2.mk
-rw-rw-r--   1 travis travis   1445 Mar  5 13:50 ModularCodeGen3_A2_profile.class
-rw-rw-r--   1 travis travis   1716 Mar  5 13:50 ModularCodeGen3_A2_profile.java
-rw-rw-r--   1 travis travis   4026 Mar  5 13:50 ModularCodeGen4_A1_B1.class
-rw-rw-r--   1 travis travis  10312 Mar  5 13:50 ModularCodeGen4_A1_B1.java
-rw-rw-r--   1 travis travis    880 Mar  5 13:50 ModularCodeGen4_A1_B1.mk
-rw-rw-r--   1 travis travis   1330 Mar  5 13:50 ModularCodeGen4_A1_B1_profile.class
-rw-rw-r--   1 travis travis   1273 Mar  5 13:50 ModularCodeGen4_A1_B1_profile.java
-rw-rw-r--   1 travis travis   4026 Mar  5 13:50 ModularCodeGen4_A1_B2.class
-rw-rw-r--   1 travis travis  10312 Mar  5 13:50 ModularCodeGen4_A1_B2.java
-rw-rw-r--   1 travis travis    880 Mar  5 13:50 ModularCodeGen4_A1_B2.mk
-rw-rw-r--   1 travis travis   1330 Mar  5 13:50 ModularCodeGen4_A1_B2_profile.class
-rw-rw-r--   1 travis travis   1273 Mar  5 13:50 ModularCodeGen4_A1_B2_profile.java
-rw-rw-r--   1 travis travis   5333 Mar  5 13:50 ModularCodeGen4_A1.class
-rw-rw-r--   1 travis travis  16245 Mar  5 13:50 ModularCodeGen4_A1.java
-rw-rw-r--   1 travis travis    856 Mar  5 13:50 ModularCodeGen4_A1.mk
-rw-rw-r--   1 travis travis   1445 Mar  5 13:50 ModularCodeGen4_A1_profile.class
-rw-rw-r--   1 travis travis   1712 Mar  5 13:50 ModularCodeGen4_A1_profile.java
-rw-rw-r--   1 travis travis   4220 Mar  5 13:50 ModularCodeGen4_A2_B1.class
-rw-rw-r--   1 travis travis  11375 Mar  5 13:50 ModularCodeGen4_A2_B1.java
-rw-rw-r--   1 travis travis    880 Mar  5 13:50 ModularCodeGen4_A2_B1.mk
-rw-rw-r--   1 travis travis   1393 Mar  5 13:50 ModularCodeGen4_A2_B1_profile.class
-rw-rw-r--   1 travis travis   1454 Mar  5 13:50 ModularCodeGen4_A2_B1_profile.java
-rw-rw-r--   1 travis travis   4074 Mar  5 13:50 ModularCodeGen4_A2_B2.class
-rw-rw-r--   1 travis travis  10378 Mar  5 13:50 ModularCodeGen4_A2_B2.java
-rw-rw-r--   1 travis travis    880 Mar  5 13:50 ModularCodeGen4_A2_B2.mk
-rw-rw-r--   1 travis travis   1330 Mar  5 13:50 ModularCodeGen4_A2_B2_profile.class
-rw-rw-r--   1 travis travis   1270 Mar  5 13:50 ModularCodeGen4_A2_B2_profile.java
-rw-rw-r--   1 travis travis   5506 Mar  5 13:50 ModularCodeGen4_A2.class
-rw-rw-r--   1 travis travis  16770 Mar  5 13:50 ModularCodeGen4_A2.java
-rw-rw-r--   1 travis travis    856 Mar  5 13:50 ModularCodeGen4_A2.mk
-rw-rw-r--   1 travis travis   1445 Mar  5 13:50 ModularCodeGen4_A2_profile.class
-rw-rw-r--   1 travis travis   1712 Mar  5 13:50 ModularCodeGen4_A2_profile.java
-rw-rw-r--   1 travis travis   7070 Mar  5 13:51 ModularCodeGen5_A_A.class
-rw-rw-r--   1 travis travis  28721 Mar  5 13:51 ModularCodeGen5_A_A.java
-rw-rw-r--   1 travis travis    864 Mar  5 13:51 ModularCodeGen5_A_A.mk
-rw-rw-r--   1 travis travis   1520 Mar  5 13:51 ModularCodeGen5_A_A_profile.class
-rw-rw-r--   1 travis travis   1815 Mar  5 13:50 ModularCodeGen5_A_A_profile.java
-rw-rw-r--   1 travis travis   5347 Mar  5 13:51 ModularCodeGen5_A.class
-rw-rw-r--   1 travis travis  13769 Mar  5 13:51 ModularCodeGen5_A.java
-rw-rw-r--   1 travis travis    848 Mar  5 13:51 ModularCodeGen5_A.mk
-rw-rw-r--   1 travis travis   1422 Mar  5 13:51 ModularCodeGen5_A_profile.class
-rw-rw-r--   1 travis travis   1605 Mar  5 13:51 ModularCodeGen5_A_profile.java
-rw-rw-r--   1 travis travis   4357 Mar  5 13:51 ModularCodeGen6_A_A2.class
-rw-rw-r--   1 travis travis  11329 Mar  5 13:51 ModularCodeGen6_A_A2.java
-rw-rw-r--   1 travis travis    872 Mar  5 13:51 ModularCodeGen6_A_A2.mk
-rw-rw-r--   1 travis travis   1351 Mar  5 13:51 ModularCodeGen6_A_A2_profile.class
-rw-rw-r--   1 travis travis   1364 Mar  5 13:51 ModularCodeGen6_A_A2_profile.java
-rw-rw-r--   1 travis travis   4340 Mar  5 13:51 ModularCodeGen6_A_A.class
-rw-rw-r--   1 travis travis  11221 Mar  5 13:51 ModularCodeGen6_A_A.java
-rw-rw-r--   1 travis travis    864 Mar  5 13:51 ModularCodeGen6_A_A.mk
-rw-rw-r--   1 travis travis   1348 Mar  5 13:51 ModularCodeGen6_A_A_profile.class
-rw-rw-r--   1 travis travis   1361 Mar  5 13:51 ModularCodeGen6_A_A_profile.java
-rw-rw-r--   1 travis travis   7469 Mar  5 13:51 ModularCodeGen6_A.class
-rw-rw-r--   1 travis travis  26535 Mar  5 13:51 ModularCodeGen6_A.java
-rw-rw-r--   1 travis travis    848 Mar  5 13:51 ModularCodeGen6_A.mk
-rw-rw-r--   1 travis travis   1483 Mar  5 13:51 ModularCodeGen6_A_profile.class
-rw-rw-r--   1 travis travis   1810 Mar  5 13:51 ModularCodeGen6_A_profile.java
-rw-rw-r--   1 travis travis   9633 Mar  5 13:51 ModularCodeGenLazyPubSubGlobal_CompositeActor_ModularCodeGenTypedComposite.class
-rw-rw-r--   1 travis travis  30161 Mar  5 13:51 ModularCodeGenLazyPubSubGlobal_CompositeActor_ModularCodeGenTypedComposite.java
-rw-rw-r--   1 travis travis   1304 Mar  5 13:51 ModularCodeGenLazyPubSubGlobal_CompositeActor_ModularCodeGenTypedComposite.mk
-rw-rw-r--   1 travis travis   1438 Mar  5 13:51 ModularCodeGenLazyPubSubGlobal_CompositeActor_ModularCodeGenTypedComposite_profile.class
-rw-rw-r--   1 travis travis   1384 Mar  5 13:51 ModularCodeGenLazyPubSubGlobal_CompositeActor_ModularCodeGenTypedComposite_profile.java
-rw-rw-r--   1 travis travis   4184 Mar  5 13:51 ModularCodeGenLazyPubSub_LazyCompositeActor.class
-rw-rw-r--   1 travis travis  11122 Mar  5 13:51 ModularCodeGenLazyPubSub_LazyCompositeActor.java
-rw-rw-r--   1 travis travis   1056 Mar  5 13:51 ModularCodeGenLazyPubSub_LazyCompositeActor.mk
-rw-rw-r--   1 travis travis   1286 Mar  5 13:51 ModularCodeGenLazyPubSub_LazyCompositeActor_profile.class
-rw-rw-r--   1 travis travis   1091 Mar  5 13:51 ModularCodeGenLazyPubSub_LazyCompositeActor_profile.java
-rw-rw-r--   1 travis travis   4186 Mar  5 13:50 ModularCodeGen_ModularCodeGenTypedCompositeActor.class
-rw-rw-r--   1 travis travis  10970 Mar  5 13:50 ModularCodeGen_ModularCodeGenTypedCompositeActor.java
-rw-rw-r--   1 travis travis   1096 Mar  5 13:50 ModularCodeGen_ModularCodeGenTypedCompositeActor.mk
-rw-rw-r--   1 travis travis   1384 Mar  5 13:50 ModularCodeGen_ModularCodeGenTypedCompositeActor_profile.class
-rw-rw-r--   1 travis travis   1328 Mar  5 13:50 ModularCodeGen_ModularCodeGenTypedCompositeActor_profile.java
-rw-rw-r--   1 travis travis   3673 Mar  5 13:51 ModularCodeGenPubSub2_A1_A.class
-rw-rw-r--   1 travis travis   8578 Mar  5 13:51 ModularCodeGenPubSub2_A1_A.java
-rw-rw-r--   1 travis travis    920 Mar  5 13:51 ModularCodeGenPubSub2_A1_A.mk
-rw-rw-r--   1 travis travis   1274 Mar  5 13:51 ModularCodeGenPubSub2_A1_A_profile.class
-rw-rw-r--   1 travis travis   1128 Mar  5 13:51 ModularCodeGenPubSub2_A1_A_profile.java
-rw-rw-r--   1 travis travis   3965 Mar  5 13:51 ModularCodeGenPubSub2_A1.class
-rw-rw-r--   1 travis travis   9781 Mar  5 13:51 ModularCodeGenPubSub2_A1.java
-rw-rw-r--   1 travis travis    904 Mar  5 13:51 ModularCodeGenPubSub2_A1.mk
-rw-rw-r--   1 travis travis   1268 Mar  5 13:51 ModularCodeGenPubSub2_A1_profile.class
-rw-rw-r--   1 travis travis   1196 Mar  5 13:51 ModularCodeGenPubSub2_A1_profile.java
-rw-rw-r--   1 travis travis   3669 Mar  5 13:51 ModularCodeGenPubSub3_A1_A2.class
-rw-rw-r--   1 travis travis   8599 Mar  5 13:51 ModularCodeGenPubSub3_A1_A2.java
-rw-rw-r--   1 travis travis    928 Mar  5 13:51 ModularCodeGenPubSub3_A1_A2.mk
-rw-rw-r--   1 travis travis   1287 Mar  5 13:51 ModularCodeGenPubSub3_A1_A2_profile.class
-rw-rw-r--   1 travis travis   1132 Mar  5 13:51 ModularCodeGenPubSub3_A1_A2_profile.java
-rw-rw-r--   1 travis travis   4088 Mar  5 13:51 ModularCodeGenPubSub3_A1.class
-rw-rw-r--   1 travis travis  10100 Mar  5 13:51 ModularCodeGenPubSub3_A1.java
-rw-rw-r--   1 travis travis    904 Mar  5 13:51 ModularCodeGenPubSub3_A1.mk
-rw-rw-r--   1 travis travis   1358 Mar  5 13:51 ModularCodeGenPubSub3_A1_profile.class
-rw-rw-r--   1 travis travis   1400 Mar  5 13:51 ModularCodeGenPubSub3_A1_profile.java
-rw-rw-r--   1 travis travis   3673 Mar  5 13:51 ModularCodeGenPubSub4_A1_A.class
-rw-rw-r--   1 travis travis   8578 Mar  5 13:51 ModularCodeGenPubSub4_A1_A.java
-rw-rw-r--   1 travis travis    920 Mar  5 13:51 ModularCodeGenPubSub4_A1_A.mk
-rw-rw-r--   1 travis travis   1274 Mar  5 13:51 ModularCodeGenPubSub4_A1_A_profile.class
-rw-rw-r--   1 travis travis   1128 Mar  5 13:51 ModularCodeGenPubSub4_A1_A_profile.java
-rw-rw-r--   1 travis travis   3915 Mar  5 13:51 ModularCodeGenPubSub4_A1.class
-rw-rw-r--   1 travis travis   9231 Mar  5 13:51 ModularCodeGenPubSub4_A1.java
-rw-rw-r--   1 travis travis    904 Mar  5 13:51 ModularCodeGenPubSub4_A1.mk
-rw-rw-r--   1 travis travis   1247 Mar  5 13:51 ModularCodeGenPubSub4_A1_profile.class
-rw-rw-r--   1 travis travis   1137 Mar  5 13:51 ModularCodeGenPubSub4_A1_profile.java
-rw-rw-r--   1 travis travis   3707 Mar  5 13:51 ModularCodeGenPubSub_A1.class
-rw-rw-r--   1 travis travis   9060 Mar  5 13:51 ModularCodeGenPubSub_A1.java
-rw-rw-r--   1 travis travis    896 Mar  5 13:51 ModularCodeGenPubSub_A1.mk
-rw-rw-r--   1 travis travis   1278 Mar  5 13:51 ModularCodeGenPubSub_A1_profile.class
-rw-rw-r--   1 travis travis   1195 Mar  5 13:51 ModularCodeGenPubSub_A1_profile.java
-rw-rw-r--   1 travis travis   3724 Mar  5 13:49 ModularCodeGenTest_A1_A2.class
-rw-rw-r--   1 travis travis   9164 Mar  5 13:49 ModularCodeGenTest_A1_A2.java
-rw-rw-r--   1 travis travis   1306 Mar  5 13:49 ModularCodeGenTest_A1_A2_profile.class
-rw-rw-r--   1 travis travis   4055 Mar  5 13:49 ModularCodeGenTest_A1.class
-rw-rw-r--   1 travis travis   9968 Mar  5 13:49 ModularCodeGenTest_A1.java
-rw-rw-r--   1 travis travis    880 Mar  5 13:49 ModularCodeGenTest_A1.mk
-rw-rw-r--   1 travis travis   1352 Mar  5 13:49 ModularCodeGenTest_A1_profile.class
-rw-rw-r--   1 travis travis   1394 Mar  5 13:49 ModularCodeGenTest_A1_profile.java
drwxrwxr-x   3 travis travis  32768 Mar  5 13:49 modulation2
drwxrwxr-x 166 travis travis  12288 Mar  5 13:49 node_modules
drwxrwxr-x   3 travis travis  20480 Mar  5 13:45 PhaseUnwrap
-rw-rw-r--   1 travis travis   1007 Mar  5 13:51 PubSubAggModularCodeGen_ModularCodeGenTypedComposite_profile.java
drwxrwxr-x   3 travis travis  12288 Mar  5 13:45 ReadFile1
-rw-rw-r--   1 travis travis     11 Mar  5 13:45 ReadFile1Output.txt
-rw-rw-r--   1 travis travis  13773 Mar  5 13:49 Repeat.class
-rw-rw-r--   1 travis travis    685 Mar  5 13:49 Repeat$_fireFunction_Repeat_Repeat$__f_sL_11.class
-rw-rw-r--   1 travis travis    541 Mar  5 13:49 Repeat$_fireFunction_Repeat_Repeat$__f_sL_12.class
-rw-rw-r--   1 travis travis    541 Mar  5 13:49 Repeat$_fireFunction_Repeat_Repeat$__f_sL_13.class
-rw-rw-r--   1 travis travis    541 Mar  5 13:49 Repeat$_fireFunction_Repeat_Repeat$__f_sL_14.class
-rw-rw-r--   1 travis travis    684 Mar  5 13:49 Repeat$_fireFunction_Repeat_Repeat$__f_sL_1.class
-rw-rw-r--   1 travis travis    683 Mar  5 13:49 Repeat$_fireFunction_Repeat_Repeat$__f_sL_4.class
-rw-rw-r--   1 travis travis    539 Mar  5 13:49 Repeat$_fireFunction_Repeat_Repeat$__f_sL_9.class
-rw-rw-r--   1 travis travis    494 Mar  5 13:49 Repeat$_initialize_Repeat$__i_sL_2.class
-rw-rw-r--   1 travis travis   1281 Mar  5 13:49 Repeat.mk
-rw-rw-r--   1 travis travis    539 Mar  5 13:49 Repeat$_preinitializeMethod_Repeat$__p_sL_0.class
-rw-rw-r--   1 travis travis   1102 Mar  5 13:49 Repeat$_Repeat$_fireFunction_Repeat_AddSubtract_Repeat.class
-rw-rw-r--   1 travis travis    810 Mar  5 13:49 Repeat$_Repeat$_fireFunction_Repeat_AddSubtract_Repeat$__f_sL_0.class
-rw-rw-r--   1 travis travis    928 Mar  5 13:49 Repeat$_Repeat$_fireFunction_Repeat_AddSubtract_Repeat$__f_sL_1.class
-rw-rw-r--   1 travis travis    934 Mar  5 13:49 Repeat$_Repeat$_fireFunction_Repeat_AddSubtract_Repeat$__f_sL_2.class
-rw-rw-r--   1 travis travis    862 Mar  5 13:49 Repeat$_Repeat$_fireFunction_Repeat_AddSubtract_Repeat$__f_sL_3.class
-rw-rw-r--   1 travis travis    757 Mar  5 13:49 Repeat$_Repeat$_fireFunction_Repeat_Ramp2_Repeat$__f_sL_0.class
-rw-rw-r--   1 travis travis    888 Mar  5 13:49 Repeat$_Repeat$_fireFunction_Repeat_Test_Repeat$__f_sL_0.class
-rw-rw-r--   1 travis travis    634 Mar  5 13:49 Repeat$_Repeat$_fireFunction_Repeat_Test_Repeat$__f_sL_1.class
-rw-rw-r--   1 travis travis    704 Mar  5 13:49 Repeat$_Repeat_SDF_Director_run_Repeat$__R_sL_0.class
-rw-rw-r--   1 travis travis    705 Mar  5 13:49 Repeat$_Repeat_SDF_Director_run_Repeat$__R_sL_11.class
-rw-rw-r--   1 travis travis    561 Mar  5 13:49 Repeat$_Repeat_SDF_Director_run_Repeat$__R_sL_13.class
-rw-rw-r--   1 travis travis    559 Mar  5 13:49 Repeat$_Repeat_SDF_Director_run_Repeat$__R_sL_2.class
-rw-rw-r--   1 travis travis    703 Mar  5 13:49 Repeat$_Repeat_SDF_Director_run_Repeat$__R_sL_3.class
-rw-rw-r--   1 travis travis    559 Mar  5 13:49 Repeat$_Repeat_SDF_Director_run_Repeat$__R_sL_5.class
-rw-rw-r--   1 travis travis    559 Mar  5 13:49 Repeat$_Repeat_SDF_Director_run_Repeat$__R_sL_8.class
drwxrwxr-x   2 travis travis   4096 Mar  5 13:49 RepeatVariables
-rw-rw-r--   1 travis travis    882 Mar  5 13:49 Repeat$_varinit_Repeat.class
-rw-rw-r--   1 travis travis    550 Mar  5 13:49 Repeat$_varinit_Repeat$__v_sL_2.class
-rw-rw-r--   1 travis travis    924 Mar  5 13:49 Repeat$_varinit_Repeat$__v_sL_4.class
-rw-rw-r--   1 travis travis    978 Mar  5 13:49 Repeat$_wrapup_Repeat$__w_sL_1.class
drwxrwxr-x   3 travis travis  20480 Mar  5 13:46 Sinewave
drwxrwxr-x   3 travis travis  32768 Mar  5 13:47 StringFunction
drwxrwxr-x   3 travis travis  12288 Mar  5 13:47 StringLength
drwxrwxr-x   3 travis travis  61440 Mar  5 13:47 StringMatches2
drwxrwxr-x   3 travis travis  61440 Mar  5 13:48 StringSimpleReplace
drwxrwxr-x   3 travis travis  65536 Mar  5 13:48 StringSubstring
drwxrwxr-x   3 travis travis  24576 Mar  5 13:48 StringSubstring2
drwxrwxr-x   3 travis travis  16384 Mar  5 13:49 time1
drwxrwxr-x   3 travis travis  12288 Mar  5 13:49 time5
-rw-rw-r--   1 travis travis    432 Mar  5 13:51 Token.class
-rw-rw-r--   1 travis travis    251 Mar  5 13:51 Token.java
-rwxrwxr-x   1 travis travis 466992 Mar  5 13:43 top
-rw-rw-r--   1 travis travis  20502 Mar  5 13:43 top.c
-rw-rw-r--   1 travis travis   3799 Mar  5 13:49 top.class
-rw-rw-r--   1 travis travis   1257 Mar  5 13:49 top.mk
All Done
Writing PubSubAggModularCodeGen_ModularCodeGenTypedComposite.java in file:/home/travis/cg/ (27850 characters)
Reading "ptolemy/cg/kernel/generic/program/procedural/java/modular/makefile.in",
    writing "/home/travis/cg/PubSubAggModularCodeGen_ModularCodeGenTypedComposite.mk"
Using ptolemy/cg/kernel/generic/program/procedural/java/modular/makefile.in
In "/home/travis/cg", about to execute:
    make -f PubSubAggModularCodeGen_ModularCodeGenTypedComposite.mk
javac -classpath ".:.."    PubSubAggModularCodeGen_ModularCodeGenTypedComposite.java
All Done
2788 ms. Memory: 129024K Free: 78867K (61%)
----------------- Invoking toplevel() on ptolemy.moml.MoMLSimpleApplication@626c2c45
----------------- Done invoking toplevel() on ptolemy.moml.MoMLSimpleApplication@626c2c45
reloadAllAccessors: .PubSubAggModularCodeGen

===========================================================================================
----------------- testing Thu Mar 05 13:51:39 UTC 2020 /home/travis/build/icyphy/ptII/ptolemy/cg/lib/test/auto/PubSubAggTypedComposite.xml
----------------- Instantiating /home/travis/build/icyphy/ptII/ptolemy/cg/lib/test/auto/PubSubAggTypedComposite.xml
5 ms. Memory: 129024K Free: 72106K (56%)
----------------- Invoking toplevel() on ptolemy.moml.MoMLSimpleApplication@7c7d9f25
----------------- Done invoking toplevel() on ptolemy.moml.MoMLSimpleApplication@7c7d9f25
reloadAllAccessors: .PubSubAggTypedComposite

===========================================================================================
----------------- testing Thu Mar 05 13:51:39 UTC 2020 /home/travis/build/icyphy/ptII/ptolemy/cg/lib/test/auto/PubSubAggTypedCompositeWidth2.xml
----------------- Instantiating /home/travis/build/icyphy/ptII/ptolemy/cg/lib/test/auto/PubSubAggTypedCompositeWidth2.xml
5 ms. Memory: 129024K Free: 63574K (49%)
----------------- Invoking toplevel() on ptolemy.moml.MoMLSimpleApplication@461e218a
----------------- Done invoking toplevel() on ptolemy.moml.MoMLSimpleApplication@461e218a
reloadAllAccessors: .PubSubAggTypedCompositeWidth2

===========================================================================================
----------------- testing Thu Mar 05 13:51:39 UTC 2020 /home/travis/build/icyphy/ptII/ptolemy/cg/lib/test/auto/ScaleJava.xml
----------------- Instantiating /home/travis/build/icyphy/ptII/ptolemy/cg/lib/test/auto/ScaleJava.xml
CompiledCompositeActor: Building shared object: The sharedObjectFile has a modification time that is earlier than the modelFile modification time.
Writing ScaleJava_EmbeddedActor.java in file:/home/travis/cg/ (9202 characters)
Reading "ptolemy/cg/kernel/generic/program/procedural/java/makefile.in",
    writing "/home/travis/cg/ScaleJava_EmbeddedActor.mk"
Using ptolemy/cg/kernel/generic/program/procedural/java/makefile.in
In "/home/travis/cg", about to execute:
    make -f ScaleJava_EmbeddedActor.mk
javac -classpath ".:."    ScaleJava_EmbeddedActor.java
All Done
1047 ms. Memory: 129024K Free: 49553K (38%)
----------------- Invoking toplevel() on ptolemy.moml.MoMLSimpleApplication@5a1698f6
----------------- Done invoking toplevel() on ptolemy.moml.MoMLSimpleApplication@5a1698f6
reloadAllAccessors: .ScaleJava
AutoTests.java: About to close Vertx.
AutoTests.java: Vertx closed.
]]></system-out>
  <system-err><![CDATA[]]></system-err>
</testsuite>
