<?xml version="1.0" encoding="UTF-8" ?>
<testsuite errors="0" failures="0" hostname="travis-job-07b810dd-ae7f-47ba-b4f7-29b939816aba" name="ptolemy.cg.lib.test.junit.JUnitTclTest" skipped="0" tests="37" time="120.467" timestamp="2020-01-03T00:55:25">
  <properties>
    <property name="npm.executable" value="npm" />
    <property name="env.TRAVIS_ROOT" value="/" />
    <property name="ptII.mk.exists" value="true" />
    <property name="env.TRAVIS_APP_HOST" value="build.travis-ci.org" />
    <property name="env.rvm_bin_path" value="/home/travis/.rvm/bin" />
    <property name="java.home" value="/usr/local/lib/jvm/openjdk11" />
    <property name="env.TRAVIS_JOB_NUMBER" value="1451.10" />
    <property name="env.TRAVIS_HOME" value="/home/travis" />
    <property name="env.DISPLAY" value=":99.0" />
    <property name="env.TRAVIS_INIT" value="systemd" />
    <property name="env.SSH_TTY" value="/dev/pts/0" />
    <property name="java.net.preferIPv4Stack" value="true" />
    <property name="env.RUN_TESTS" value="true" />
    <property name="timeout.short" value="1000000" />
    <property name="junit.formatter" value="xml" />
    <property name="env.TRAVIS_SUDO" value="true" />
    <property name="env.TRAVIS_JOB_NAME" value="" />
    <property name="env.TRAVIS_STACK_NODE_ATTRIBUTES" value="/.node-attributes.yml" />
    <property name="env.LOGNAME" value="travis" />
    <property name="jsdoc.home" value="node_modules/@terraswarm/jsdoc" />
    <property name="debuglevel" value="source,lines,vars" />
    <property name="checkstyle.formatter" value="xml" />
    <property name="env._system_version" value="16.04" />
    <property name="bin.vergil.makeable" value="true" />
    <property name="sun.os.patch.level" value="unknown" />
    <property name="java.vendor.url" value="http://java.oracle.com/" />
    <property name="env.TRAVIS_BUILD_WEB_URL" value="https://travis-ci.org/icyphy/ptII/builds/632093882" />
    <property name="java.version" value="11.0.2" />
    <property name="env.TZ" value="UTC" />
    <property name="env.TRAVIS_PULL_REQUEST_SHA" value="" />
    <property name="env.PT_NO_NET" value="true" />
    <property name="env.TRAVIS_SECURE_ENV_VARS" value="true" />
    <property name="env._system_type" value="Linux" />
    <property name="java.vendor.url.bug" value="http://bugreport.java.com/bugreport/" />
    <property name="npmjs-org-is-up" value="true" />
    <property name="env.LANGUAGE" value="en_US.UTF-8" />
    <property name="env.SSH_CLIENT" value="10.16.4.47 38022 22" />
    <property name="env.GEM_HOME" value="/home/travis/.rvm/gems/ruby-2.5.3" />
    <property name="env.HAS_ANTARES_THREE_LITTLE_FRONZIES_BADGE" value="true" />
    <property name="java.version.date" value="2019-01-15" />
    <property name="env.PS4" value="+" />
    <property name="ant.project.invoked-targets" value="build,test.core3.xml" />
    <property name="env.TRAVIS_PULL_REQUEST_BRANCH" value="" />
    <property name="env.TRAVIS_REPO_SLUG" value="icyphy/ptII" />
    <property name="env.XDG_DATA_DIRS" value="/usr/local/share:/usr/share:/var/lib/snapd/desktop" />
    <property name="jdk.debug" value="release" />
    <property name="env.TRAVIS_APT_PROXY" value="http://build-cache.travisci.net" />
    <property name="env.TRAVIS_CPU_ARCH" value="amd64" />
    <property name="node.in.path" value="true" />
    <property name="user.name" value="travis" />
    <property name="java.maxmemory" value="1400m" />
    <property name="env.RUBY_VERSION" value="ruby-2.5.3" />
    <property name="env.LANG" value="en_US.UTF-8" />
    <property name="sun.io.unicode.encoding" value="UnicodeLittle" />
    <property name="sun.jnu.encoding" value="UTF-8" />
    <property name="java.runtime.name" value="OpenJDK Runtime Environment" />
    <property name="usefile" value="false" />
    <property name="return.code" value="0" />
    <property name="junit.single.formatter" value="plain" />
    <property name="env.DYLD_LIBRARY_PATH" value="/home/travis/pthla/certi-tools/lib:" />
    <property name="env.DEBIAN_FRONTEND" value="noninteractive" />
    <property name="env.SSH_CONNECTION" value="10.16.4.47 38022 10.20.1.3 22" />
    <property name="env.MYSQL_UNIX_PORT" value="/var/run/mysqld/mysqld.sock" />
    <property name="env.LC_ALL" value="en_US.UTF-8" />
    <property name="env.TRAVIS_ALLOW_FAILURE" value="false" />
    <property name="env.TRAVIS_JOB_WEB_URL" value="https://travis-ci.org/icyphy/ptII/jobs/632093892" />
    <property name="java.specification.name" value="Java Platform API Specification" />
    <property name="node.works" value="true" />
    <property name="user.timezone" value="" />
    <property name="path.separator" value=":" />
    <property name="env.TRAVIS_ENABLE_INFRA_DETECTION" value="true" />
    <property name="env.PYTHON_CFLAGS" value="-g -fstack-protector --param=ssp-buffer-size=4 -Wformat -Werror=format-security" />
    <property name="timeout.long" value="4000000" />
    <property name="env.CERTI_HOME" value="/home/travis/pthla/certi-tools" />
    <property name="ant.file.ptII" value="/home/travis/build/icyphy/ptII/build.xml" />
    <property name="javadoc.packagenames" value="com.*,diva.*,lbnl.*,org.hlacerti.*,org.json.*,org.ptolemy.*,org.terraswarm.*,ptolemy.*,ptserver.*" />
    <property name="file.encoding" value="UTF-8" />
    <property name="env.TRAVIS_PULL_REQUEST_SLUG" value="" />
    <property name="ant.project.default-target" value="build" />
    <property name="env.GIT_ASKPASS" value="echo" />
    <property name="env.HOME" value="/home/travis" />
    <property name="sun.java.command" value="org.apache.tools.ant.taskdefs.optional.junit.JUnitTestRunner ptolemy.cg.lib.test.junit.JUnitTclTest skipNonTests=false filtertrace=true haltOnError=false haltOnFailure=false formatter=org.apache.tools.ant.taskdefs.optional.junit.OutErrSummaryJUnitResultFormatter showoutput=true outputtoformatters=true logfailedtests=true threadid=0 logtestlistenerevents=false formatter=org.apache.tools.ant.taskdefs.optional.junit.XMLJUnitResultFormatter,/home/travis/build/icyphy/ptII/reports/junit/TEST-ptolemy.cg.lib.test.junit.JUnitTclTest.xml crashfile=/home/travis/build/icyphy/ptII/junitvmwatcher14850634175841820052.properties propsfile=/home/travis/build/icyphy/ptII/junit5958366872237555873.properties" />
    <property name="env.COMPOSER_NO_INTERACTION" value="1" />
    <property name="env.MANPATH" value="/home/travis/.nvm/versions/node/v7.10.1/share/man:/home/travis/.rvm/rubies/ruby-2.5.3/share/man:/usr/local/cmake-3.12.4/man:/usr/local/clang-7.0.0/share/man:/usr/local/man:/usr/local/share/man:/usr/share/man:/home/travis/.rvm/man" />
    <property name="env.TRAVIS_TIMER_ID" value="2249780c" />
    <property name="ant.file" value="/home/travis/build/icyphy/ptII/build.xml" />
    <property name="env.TRAVIS_COMMIT_RANGE" value="1f87987f0e3e...0619398bc940" />
    <property name="env._system_name" value="Ubuntu" />
    <property name="ptII.classpath.optional.property" value="/home/travis/build/icyphy/ptII/lib/bsh-2.0b4.jar:/home/travis/build/icyphy/ptII/lib/ptCal.jar:/home/travis/build/icyphy/ptII/lib/java_cup.jar:/home/travis/build/icyphy/ptII/lib/saxon8.jar:/home/travis/build/icyphy/ptII/lib/saxon8-dom.jar:/home/travis/build/icyphy/ptII/lib/chic.jar:/home/travis/build/icyphy/ptII/lib/ptcolt.jar:/home/travis/build/icyphy/ptII/vendors/misc/itext/iText.jar:/home/travis/build/icyphy/ptII/lib/g4ltl.jar:/home/travis/build/icyphy/ptII/lib/StructuralCoder.jar:/home/travis/build/icyphy/ptII/lib/jcerti.jar:/home/travis/build/icyphy/ptII/lib/javax.mail.jar:/home/travis/build/icyphy/ptII/vendors/JMF-2.1.1e/lib/jmf.jar:/home/travis/build/icyphy/ptII/lib/jna-4.0.0-variadic.jar:/home/travis/build/icyphy/ptII/vendors/misc/joystick/Joystick.jar:/home/travis/build/icyphy/ptII/lib/ptjacl.jar:/home/travis/build/icyphy/ptII/lib/jsoup-1.8.2.jar:/home/travis/build/icyphy/ptII/lib/junit-4.8.2.jar:/home/travis/build/icyphy/ptII/lib/JUnitParams-0.4.0.jar:/home/travis/build/icyphy/ptII/ptolemy/actor/lib/excel/jxl.jar:/home/travis/build/icyphy/ptII/lib/jython.jar:/home/travis/build/icyphy/ptII/lib/kieler.jar:/home/travis/build/icyphy/ptII/vendors/opencv/share/OpenCV/java/opencv-341.jar:/home/travis/build/icyphy/ptII/lib/oscP5.jar:/home/travis/build/icyphy/ptII/lib/nrjavaserial-3.11.0.devel.jar:/home/travis/build/icyphy/ptII/vendors/j3d/lib/Linux/j3dcore.jar:/home/travis/build/icyphy/ptII/vendors/j3d/lib/Linux/j3dutils.jar:/home/travis/build/icyphy/ptII/vendors/j3d/lib/Linux/vecmath.jar:/home/travis/build/icyphy/ptII/vendors/jogl/lib/Linux/gluegen-rt-natives-linux-amd64.jar:/home/travis/build/icyphy/ptII/vendors/jogl/lib/Linux/gluegen-rt.jar:/home/travis/build/icyphy/ptII/vendors/jogl/lib/Linux/jogl-all-natives-linux-amd64.jar:/home/travis/build/icyphy/ptII/vendors/jogl/lib/Linux/jogl-all.jar:/home/travis/build/icyphy/ptII/ptolemy/distributed/jini/jar/jini-core.jar:/home/travis/build/icyphy/ptII/ptolemy/distributed/jini/jar/jini-ext.jar:/home/travis/build/icyphy/ptII/ptolemy/distributed/jini/jar/sun-util.jar:/home/travis/build/icyphy/ptII/lib/protobuf-java-2.4.1.jar:/home/travis/build/icyphy/ptII/lib/org.eclipse.paho.client.mqttv3.jar:/home/travis/build/icyphy/ptII/lib/mapss.jar:/home/travis/build/icyphy/ptII/ptolemy/actor/ptalon/antlr/antlr.jar:/home/travis/build/icyphy/ptII/lib/JRI.jar:/home/travis/build/icyphy/ptII/lib/commons-lang-2.6.jar:/home/travis/build/icyphy/ptII/lib/commons-logging-1.1.1.jar:/home/travis/build/icyphy/ptII/lib/sootclasses.jar:/home/travis/build/icyphy/ptII/ptolemy/actor/lib/database/mysql-connector-java-5.1.6-bin.jar:/home/travis/build/icyphy/ptII/vendors/misc/sphinx4/sphinx4-data-5prealpha.jar:/home/travis/build/icyphy/ptII/vendors/misc/sphinx4/sphinx4-core-5prealpha.jar:/home/travis/build/icyphy/ptII/lib/PDFRenderer.jar:/home/travis/build/icyphy/ptII/lib/svgSalamander.jar:/home/travis/build/icyphy/ptII/lib/rsyntaxtextarea-2.6.0-SNAPSHOT.jar:/home/travis/build/icyphy/ptII/lib/hazelcast-3.8.2.jar:/home/travis/build/icyphy/ptII/lib/jackson-annotations-2.9.0.jar:/home/travis/build/icyphy/ptII/lib/jackson-core-2.9.3.jar:/home/travis/build/icyphy/ptII/lib/jackson-databind-2.9.3.jar:/home/travis/build/icyphy/ptII/lib/netty-buffer-4.1.19.Final.jar:/home/travis/build/icyphy/ptII/lib/netty-codec-4.1.19.Final.jar:/home/travis/build/icyphy/ptII/lib/netty-codec-dns-4.1.19.Final.jar:/home/travis/build/icyphy/ptII/lib/netty-codec-http-4.1.19.Final.jar:/home/travis/build/icyphy/ptII/lib/netty-codec-http2-4.1.19.Final.jar:/home/travis/build/icyphy/ptII/lib/netty-common-4.1.19.Final.jar:/home/travis/build/icyphy/ptII/lib/netty-handler-4.1.19.Final.jar:/home/travis/build/icyphy/ptII/lib/netty-resolver-4.1.19.Final.jar:/home/travis/build/icyphy/ptII/lib/netty-resolver-dns-4.1.19.Final.jar:/home/travis/build/icyphy/ptII/lib/netty-transport-4.1.19.Final.jar:/home/travis/build/icyphy/ptII/lib/vertx-codegen-3.5.1.jar:/home/travis/build/icyphy/ptII/lib/vertx-core-3.5.2-SNAPSHOT.jar:/home/travis/build/icyphy/ptII/lib/vertx-hazelcast-3.5.1.jar:/home/travis/build/icyphy/ptII/lib/vertx-lang-js-3.5.1.jar:/home/travis/build/icyphy/ptII/lib/vertx-service-proxy-3.5.1.jar:/home/travis/build/icyphy/ptII/lib/vertx-web-3.5.1.jar:/home/travis/build/icyphy/ptII/lib/slf4j-api-1.7.13.jar:/home/travis/build/icyphy/ptII/lib/slf4j-simple-1.7.13.jar:/home/travis/build/icyphy/ptII/lib/webcam-capture-0.3.12.jar:/home/travis/build/icyphy/ptII/lib/bridj-0.7.0.jar:/home/travis/build/icyphy/ptII/lib/xbjlib-1.1.0.nrjavaserial.jar" />
    <property name="timeout" value="2400000" />
    <property name="test.batch" value="**/junit/*.java" />
    <property name="env._" value="/usr/bin/timeout" />
    <property name="java.io.tmpdir" value="/tmp" />
    <property name="user.language" value="en" />
    <property name="env.TRAVIS_INTERNAL_RUBY_REGEX" value="^ruby-(2\.[0-4]\.[0-9]|1\.9\.3)" />
    <property name="env.HISTCONTROL" value="ignoredups:ignorespace" />
    <property name="env.GOROOT" value="/home/travis/.gimme/versions/go1.11.1.linux.amd64" />
    <property name="line.separator" value="&#xa;" />
    <property name="target" value="11" />
    <property name="env.TRAVIS_BUILD_DIR" value="/home/travis/build/icyphy/ptII" />
    <property name="env.ANT_OPTS" value="-Xmx2048m" />
    <property name="ant.file.type" value="file" />
    <property name="ptolemy.ptII.batchMode" value="true" />
    <property name="env.HISTSIZE" value="1000" />
    <property name="env.MERB_ENV" value="test" />
    <property name="java.vm.info" value="mixed mode" />
    <property name="source" value="11" />
    <property name="java.vm.specification.name" value="Java Virtual Machine Specification" />
    <property name="env.TRAVIS_TEST_RESULT" value="0" />
    <property name="jsdoc.command" value="node_modules/@terraswarm/jsdoc/jsdoc.js" />
    <property name="npm.works" value="true" />
    <property name="cobertura.dir" value="/home/travis/build/icyphy/ptII/vendors/cobertura-2.0.3" />
    <property name="jsdoc.command.exists" value="true" />
    <property name="env.rvm_path" value="/home/travis/.rvm" />
    <property name="env.GEM_PATH" value="/home/travis/.rvm/gems/ruby-2.5.3:/home/travis/.rvm/gems/ruby-2.5.3@global" />
    <property name="env.LC_CTYPE" value="en_US.UTF-8" />
    <property name="env.TRAVIS_CMD" value="$PTII/bin/ptIITravisBuild.sh $SECONDS" />
    <property name="java.awt.printerjob" value="sun.print.PSPrinterJob" />
    <property name="env.TRAVIS_STACK_NAME" value="sardonyx" />
    <property name="env.TRAVIS_TIMER_START_TIME" value="1578012242423858409" />
    <property name="ant.version" value="Apache Ant(TM) version 1.10.1 compiled on February 2 2017" />
    <property name="ptII.reports" value="/home/travis/build/icyphy/ptII/reports" />
    <property name="env.TRAVIS_STACK_TIMESTAMP" value="2019-03-25 16:16:56 UTC" />
    <property name="ant.file.type.ptII" value="file" />
    <property name="env.PT_TRAVIS_TEST_CORE3_XML" value="true" />
    <property name="env.RBENV_SHELL" value="bash" />
    <property name="os.name" value="Linux" />
    <property name="java.specification.vendor" value="Oracle Corporation" />
    <property name="env.rvm_version" value="1.29.7 (latest)" />
    <property name="env.TRAVIS_INFRA" value="gce" />
    <property name="env.TERM" value="xterm" />
    <property name="java.vm.name" value="OpenJDK 64-Bit Server VM" />
    <property name="env.TRAVIS_BUILD_NUMBER" value="1451" />
    <property name="env.CI" value="true" />
    <property name="java.library.path" value="/home/travis/pthla/certi-tools/lib:/usr/lib/jni:/usr/local/share/OpenCV/java/:/usr/share/OpenCV/java::/usr/java/packages/lib:/usr/lib64:/lib64:/lib:/usr/lib" />
    <property name="jdk.module.path" value="/home/travis/build/icyphy/ptII/vendors/javafx/javafx-sdk-11.0.2/lib:" />
    <property name="env.rvm_prefix" value="/home/travis" />
    <property name="env.PATH" value="/home/travis/pthla/certi-tools/share/scripts:/home/travis/.rvm/gems/ruby-2.5.3/bin:/home/travis/.rvm/gems/ruby-2.5.3@global/bin:/home/travis/.rvm/rubies/ruby-2.5.3/bin:/home/travis/.rvm/bin:/home/travis/.nvm/versions/node/v7.10.1/bin:./node_modules/.bin:/home/travis/build/icyphy/ptII/bin:/home/travis/pthla/certi-tools/bin:/home/travis/bin:/home/travis/.local/bin:/usr/local/lib/jvm/openjdk11/bin:/opt/pyenv/shims:/home/travis/.phpenv/shims:/home/travis/perl5/perlbrew/bin:/home/travis/gopath/bin:/home/travis/.gimme/versions/go1.11.1.linux.amd64/bin:/usr/local/maven-3.6.0/bin:/usr/local/cmake-3.12.4/bin:/usr/local/clang-7.0.0/bin:/usr/local/sbin:/usr/local/bin:/usr/sbin:/usr/bin:/sbin:/bin:/snap/bin:/home/travis/.phpenv/bin:/opt/pyenv/bin:/home/travis/.yarn/bin" />
    <property name="env.TRAVIS_OS_NAME" value="linux" />
    <property name="ant.java.version" value="9" />
    <property name="basedir" value="/home/travis/build/icyphy/ptII" />
    <property name="java.class.version" value="55.0" />
    <property name="env.SHLVL" value="3" />
    <property name="env.LD_LIBRARY_PATH" value="/home/travis/pthla/certi-tools/lib:/usr/lib/jni:/usr/local/share/OpenCV/java/:/usr/share/OpenCV/java:" />
    <property name="env.RACK_ENV" value="test" />
    <property name="ant.home" value="/home/travis/build/icyphy/ptII/ant" />
    <property name="env.NVM_DIR" value="/home/travis/.nvm" />
    <property name="env.CERTI_FOM_PATH" value="/home/travis/pthla/certi-tools/share/federations" />
    <property name="env.TRAVIS_BUILD_ID" value="632093882" />
    <property name="env.PYENV_ROOT" value="/opt/pyenv" />
    <property name="env.TRAVIS_UID" value="2000" />
    <property name="prism.verbose" value="true" />
    <property name="env.NVM_BIN" value="/home/travis/.nvm/versions/node/v7.10.1/bin" />
    <property name="env.TRAVIS_COMMIT" value="0619398bc9405e520a52f9d30e925162cd662256" />
    <property name="env._system_arch" value="x86_64" />
    <property name="node.executable" value="node" />
    <property name="sun.boot.library.path" value="/usr/local/lib/jvm/openjdk11/lib" />
    <property name="sun.management.compiler" value="HotSpot 64-Bit Tiered Compilers" />
    <property name="java.awt.graphicsenv" value="sun.awt.X11GraphicsEnvironment" />
    <property name="env.GOPATH" value="/home/travis/gopath" />
    <property name="ptolemy.ptII.dir" value="/home/travis/build/icyphy/ptII" />
    <property name="env.USER" value="travis" />
    <property name="env.HISTFILESIZE" value="2000" />
    <property name="timeout.longest" value="19000000" />
    <property name="env.PERLBREW_SHELLRC_VERSION" value="0.86" />
    <property name="env.TRAVIS_STACK_FEATURES" value="basic couchdb disabled-ipv6 docker docker-compose elasticsearch firefox go-toolchain google-chrome jdk memcached mongodb mysql nodejs_interpreter perl_interpreter perlbrew phantomjs postgresql python_interpreter redis ruby_interpreter sqlite xserver" />
    <property name="env.TRAVIS_PULL_REQUEST" value="false" />
    <property name="env.PYENV_SHELL" value="bash" />
    <property name="ant.project.name" value="ptII" />
    <property name="env.ANSI_RESET" value="\033[0m" />
    <property name="java.vm.specification.version" value="11" />
    <property name="env.TRAVIS_DIST" value="xenial" />
    <property name="env.CERTI_VERSION" value="4.0.0" />
    <property name="env.CERTI_HOST" value="localhost" />
    <property name="awt.toolkit" value="sun.awt.X11.XToolkit" />
    <property name="env.MY_RUBY_HOME" value="/home/travis/.rvm/rubies/ruby-2.5.3" />
    <property name="sun.cpu.isalist" value="" />
    <property name="env.TRAVIS_TMPDIR" value="/tmp/tmp.jAFXeVxKmz" />
    <property name="java.vm.compressedOopsMode" value="Zero based" />
    <property name="os.version" value="4.15.0-1028-gcp" />
    <property name="user.home" value="/home/travis" />
    <property name="java.vm.vendor" value="Oracle Corporation" />
    <property name="env.TRAVIS_TAG" value="nightly" />
    <property name="env.ANSI_YELLOW" value="\033[33;1m" />
    <property name="env.TRAVIS_FILTERED" value="redirect_io" />
    <property name="env.ANSI_GREEN" value="\033[32;1m" />
    <property name="env.JAVA_HOME" value="/usr/local/lib/jvm/openjdk11" />
    <property name="javadoc.excludepackagenames" value="adm.cvs2svn.*,build.*,config.*,doc.coding.templates.*,jni.test.jni.meaningOfLife.*,jni.test.jni.testDeux.*,jni.test.jni.testTrois.*,org.terraswarm.accessor.accessors.web.node_modules.*,org.terraswarm.accessor.accessors.web.hosts.cordova.demo.*,org.terraswarm.accessor.accessors.web.hosts.cordova.plugins.*,org.terraswarm.accessor.accessors-svn.*,pt-modules.*,ptolemy.apps.agilent.*,ptolemy.apps.anytimecontrol.*,ptolemy.apps.apes.*,ptolemy.apps.charon.*,ptolemy.apps.crazyboard.*,ptolemy.apps.eclipse.*,ptolemy.apps.etherealSting.*,ptolemy.apps.fullscreen.*,ptolemy.apps.giotto.*,ptolemy.apps.ia.*,ptolemy.apps.interfaces.*,ptolemy.apps.jmf.*,ptolemy.apps.kurt.*,ptolemy.apps.kvm.*,ptolemy.apps.lego.*,ptolemy.apps.lejos.*,ptolemy.apps.midp.*,ptolemy.apps.mobileCoding.*,ptolemy.apps.pendulum.*,ptolemy.apps.rijndael.*,ptolemy.apps.robot.*,ptolemy.apps.security.*,ptolemy.apps.sobel.*,ptolemy.apps.soot.*,ptolemy.apps.throttle.*,ptolemy.apps.tini.*,ptolemy.apps.transmission.*,ptolemy.apps.vergil.*,ptolemy.apps.waba.*,ptolemy.apps.websensor.*,ptolemy.apps.webstart.*,ptolemy.apps.xsl.*,ptolemy.apps.zaurus.*,ptolemy.codegen.c.actor.lib.oldJavaFiles.*,ptolemy.codegen.dsp.lib.*,ptolemy.codegen.kernel.newInterfaces.*,ptolemy.codegen.lib.*,ptolemy.copernicus.kernel.fragment.*,ptolemy.copernicus.shallow.cg.*,ptolemy.domains.giotto.demo.Hierarchy.Hierarchy.*,ptolemy.domains.giotto.demo.Multimode.Multimode.*,ptolemy.domains.giotto.demo.Simple.Simple.*,ptolemy.domains.gr.lib.experimental.*,ptolemy.domains.gro.*,ptolemy.domains.pdf.*,ptolemy.domains.ptinyos.demo.Surge.output.*,ptolemy.moml.test.NoPackageActor.java*,ptolemy.plot.adm.*,ptolemy.plot.servlet.*,reports.*,signed.*,src.*,target.*,vendors.*,ptolemy.copernicus.applet.*,ptolemy.media.viewer.*,ptolemy.actor.corba.*,doc.doclets.*,ptolemy.apps.eclipse.awt.*,ptolemy.backtrack.*,ptolemy.backtrack.ast.*,ptolemy.cg.adapter.generic.program.procedural.c.mbed*,ptolemy.homer.*,ptolemy.actor.lib.jai.*,org.ptolemy.scala.*,diva.util.java2d.svg.*,ptolemy.domains.ptinyos.*,ptolemy.actor.lib.fmi.fmipp.*,,org.terraswarm.accessor.accessors.web.node_modules.*,org.terraswarm.accessor.accessors-svn,ptolemy.apps.*,ptolemy.actor.ptalon.demo.ptinyos.SendAndReceiveCnt.output,ptolemy.actor.ptalon.demo.ptinyos.SenseToLeds.output,ptolemy.domains.ptinyos.demo.CntToLedsAndRfm.output,ptolemy.domains.ptinyos.demo.RfmToLeds.output,ptolemy.domains.ptinyos.demo.SendAndReceiveCnt.output,ptolemy.domains.ptinyos.demo.SenseToLeds.output,ptolemy.actor.lib.jjs.modules.udpSocket.*" />
    <property name="env.PTII" value="/home/travis/build/icyphy/ptII" />
    <property name="env.XDG_SESSION_ID" value="2" />
    <property name="keystore" value="ptKeystore" />
    <property name="env.TRAVIS_COMMIT_MESSAGE" value="Name of public MQTT server changed" />
    <property name="junit.output.dir" value="/home/travis/build/icyphy/ptII/reports/junit" />
    <property name="npm.return.code" value="0" />
    <property name="user.dir" value="/home/travis/build/icyphy/ptII/ptolemy/cg/lib/test" />
    <property name="env.TRAVIS_NODE_VERSION" value="7" />
    <property name="env.TRAVIS_EVENT_TYPE" value="push" />
    <property name="env.MAIL" value="/var/mail/travis" />
    <property name="env.PERLBREW_ROOT" value="/home/travis/perl5/perlbrew" />
    <property name="env.PWD" value="/home/travis/build/icyphy/ptII" />
    <property name="timeout.npm" value="45000" />
    <property name="env.TRAVIS_ARCH" value="amd64" />
    <property name="sun.cpu.endian" value="little" />
    <property name="env.PAGER" value="cat" />
    <property name="env.TRAVIS_BUILD_STAGE_NAME" value="Test" />
    <property name="env.PERLBREW_HOME" value="/home/travis/.perlbrew" />
    <property name="java.vm.version" value="11.0.2+9" />
    <property name="env.RAILS_ENV" value="test" />
    <property name="java.class.path" value="/home/travis/build/icyphy/ptII:/home/travis/build/icyphy/ptII/lib/bsh-2.0b4.jar:/home/travis/build/icyphy/ptII/lib/ptCal.jar:/home/travis/build/icyphy/ptII/lib/java_cup.jar:/home/travis/build/icyphy/ptII/lib/saxon8.jar:/home/travis/build/icyphy/ptII/lib/saxon8-dom.jar:/home/travis/build/icyphy/ptII/lib/chic.jar:/home/travis/build/icyphy/ptII/lib/ptcolt.jar:/home/travis/build/icyphy/ptII/vendors/misc/itext/iText.jar:/home/travis/build/icyphy/ptII/lib/g4ltl.jar:/home/travis/build/icyphy/ptII/lib/StructuralCoder.jar:/home/travis/build/icyphy/ptII/lib/jcerti.jar:/home/travis/build/icyphy/ptII/lib/javax.mail.jar:/home/travis/build/icyphy/ptII/vendors/JMF-2.1.1e/lib/jmf.jar:/home/travis/build/icyphy/ptII/lib/jna-4.0.0-variadic.jar:/home/travis/build/icyphy/ptII/vendors/misc/joystick/Joystick.jar:/home/travis/build/icyphy/ptII/lib/ptjacl.jar:/home/travis/build/icyphy/ptII/lib/jsoup-1.8.2.jar:/home/travis/build/icyphy/ptII/lib/junit-4.8.2.jar:/home/travis/build/icyphy/ptII/lib/JUnitParams-0.4.0.jar:/home/travis/build/icyphy/ptII/ptolemy/actor/lib/excel/jxl.jar:/home/travis/build/icyphy/ptII/lib/jython.jar:/home/travis/build/icyphy/ptII/lib/kieler.jar:/home/travis/build/icyphy/ptII/vendors/opencv/share/OpenCV/java/opencv-341.jar:/home/travis/build/icyphy/ptII/lib/oscP5.jar:/home/travis/build/icyphy/ptII/lib/nrjavaserial-3.11.0.devel.jar:/home/travis/build/icyphy/ptII/vendors/j3d/lib/Linux/j3dcore.jar:/home/travis/build/icyphy/ptII/vendors/j3d/lib/Linux/j3dutils.jar:/home/travis/build/icyphy/ptII/vendors/j3d/lib/Linux/vecmath.jar:/home/travis/build/icyphy/ptII/vendors/jogl/lib/Linux/gluegen-rt-natives-linux-amd64.jar:/home/travis/build/icyphy/ptII/vendors/jogl/lib/Linux/gluegen-rt.jar:/home/travis/build/icyphy/ptII/vendors/jogl/lib/Linux/jogl-all-natives-linux-amd64.jar:/home/travis/build/icyphy/ptII/vendors/jogl/lib/Linux/jogl-all.jar:/home/travis/build/icyphy/ptII/ptolemy/distributed/jini/jar/jini-core.jar:/home/travis/build/icyphy/ptII/ptolemy/distributed/jini/jar/jini-ext.jar:/home/travis/build/icyphy/ptII/ptolemy/distributed/jini/jar/sun-util.jar:/home/travis/build/icyphy/ptII/lib/protobuf-java-2.4.1.jar:/home/travis/build/icyphy/ptII/lib/org.eclipse.paho.client.mqttv3.jar:/home/travis/build/icyphy/ptII/lib/mapss.jar:/home/travis/build/icyphy/ptII/ptolemy/actor/ptalon/antlr/antlr.jar:/home/travis/build/icyphy/ptII/lib/JRI.jar:/home/travis/build/icyphy/ptII/lib/commons-lang-2.6.jar:/home/travis/build/icyphy/ptII/lib/commons-logging-1.1.1.jar:/home/travis/build/icyphy/ptII/lib/sootclasses.jar:/home/travis/build/icyphy/ptII/ptolemy/actor/lib/database/mysql-connector-java-5.1.6-bin.jar:/home/travis/build/icyphy/ptII/vendors/misc/sphinx4/sphinx4-data-5prealpha.jar:/home/travis/build/icyphy/ptII/vendors/misc/sphinx4/sphinx4-core-5prealpha.jar:/home/travis/build/icyphy/ptII/lib/PDFRenderer.jar:/home/travis/build/icyphy/ptII/lib/svgSalamander.jar:/home/travis/build/icyphy/ptII/lib/rsyntaxtextarea-2.6.0-SNAPSHOT.jar:/home/travis/build/icyphy/ptII/lib/hazelcast-3.8.2.jar:/home/travis/build/icyphy/ptII/lib/jackson-annotations-2.9.0.jar:/home/travis/build/icyphy/ptII/lib/jackson-core-2.9.3.jar:/home/travis/build/icyphy/ptII/lib/jackson-databind-2.9.3.jar:/home/travis/build/icyphy/ptII/lib/netty-buffer-4.1.19.Final.jar:/home/travis/build/icyphy/ptII/lib/netty-codec-4.1.19.Final.jar:/home/travis/build/icyphy/ptII/lib/netty-codec-dns-4.1.19.Final.jar:/home/travis/build/icyphy/ptII/lib/netty-codec-http-4.1.19.Final.jar:/home/travis/build/icyphy/ptII/lib/netty-codec-http2-4.1.19.Final.jar:/home/travis/build/icyphy/ptII/lib/netty-common-4.1.19.Final.jar:/home/travis/build/icyphy/ptII/lib/netty-handler-4.1.19.Final.jar:/home/travis/build/icyphy/ptII/lib/netty-resolver-4.1.19.Final.jar:/home/travis/build/icyphy/ptII/lib/netty-resolver-dns-4.1.19.Final.jar:/home/travis/build/icyphy/ptII/lib/netty-transport-4.1.19.Final.jar:/home/travis/build/icyphy/ptII/lib/vertx-codegen-3.5.1.jar:/home/travis/build/icyphy/ptII/lib/vertx-core-3.5.2-SNAPSHOT.jar:/home/travis/build/icyphy/ptII/lib/vertx-hazelcast-3.5.1.jar:/home/travis/build/icyphy/ptII/lib/vertx-lang-js-3.5.1.jar:/home/travis/build/icyphy/ptII/lib/vertx-service-proxy-3.5.1.jar:/home/travis/build/icyphy/ptII/lib/vertx-web-3.5.1.jar:/home/travis/build/icyphy/ptII/lib/slf4j-api-1.7.13.jar:/home/travis/build/icyphy/ptII/lib/slf4j-simple-1.7.13.jar:/home/travis/build/icyphy/ptII/lib/webcam-capture-0.3.12.jar:/home/travis/build/icyphy/ptII/lib/bridj-0.7.0.jar:/home/travis/build/icyphy/ptII/lib/xbjlib-1.1.0.nrjavaserial.jar:/home/travis/build/icyphy/ptII/ptolemy/moml/test:/home/travis/build/icyphy/ptII/ant/lib/ant-launcher.jar:/home/travis/build/icyphy/ptII/ant/lib/ant.jar:/home/travis/build/icyphy/ptII/ant/lib/ant-junit.jar:/home/travis/build/icyphy/ptII/ant/lib/ant-junit4.jar" />
    <property name="ant.library.dir" value="/home/travis/build/icyphy/ptII/ant/lib" />
    <property name="os.arch" value="amd64" />
    <property name="env.CONTINUOUS_INTEGRATION" value="true" />
    <property name="env.TRAVIS_LANGUAGE" value="node_js" />
    <property name="env.TRAVIS_STACK_LANGUAGES" value="__sardonyx__ c c++ clojure cplusplus cpp default generic go groovy java node_js php pure_java python ruby scala" />
    <property name="test.name" value="ptolemy.actor.lib.test.junit.JUnitTclTest" />
    <property name="env.APT_KEY_DONT_WARN_ON_DANGEROUS_USAGE" value="1" />
    <property name="sun.java.launcher" value="SUN_STANDARD" />
    <property name="env.PYTHON_CONFIGURE_OPTS" value="--enable-unicode=ucs4 --with-wide-unicode --enable-shared --enable-ipv6 --enable-loadable-sqlite-extensions --with-computed-gotos" />
    <property name="ant.core.lib" value="/home/travis/build/icyphy/ptII/ant/lib/ant.jar" />
    <property name="java.vm.specification.vendor" value="Oracle Corporation" />
    <property name="env.BCVTB_HOME" value="/home/travis/build/icyphy/ptII/lbnl" />
    <property name="file.separator" value="/" />
    <property name="spotbugs.home" value="/home/travis/build/icyphy/ptII/vendors/spotbugs-3.1.1" />
    <property name="java.runtime.version" value="11.0.2+9" />
    <property name="env.ANSI_CLEAR" value="\033[0K" />
    <property name="javafx.verbose" value="true" />
    <property name="env.HAS_JOSH_K_SEAL_OF_APPROVAL" value="true" />
    <property name="env.XDG_RUNTIME_DIR" value="/run/user/2000" />
    <property name="env.TRAVIS_OSX_IMAGE" value="" />
    <property name="env.TRAVIS_JOB_ID" value="632093892" />
    <property name="env.TRAVIS_BRANCH" value="master" />
    <property name="user.country" value="US" />
    <property name="env.CERTI_HOME_TRAVIS" value="/home/travis/pthla/certi-tools" />
    <property name="env.SHELL" value="/bin/bash" />
    <property name="java.maxmemory.large" value="3200m" />
    <property name="model" value="" />
    <property name="env.CASHER_DIR" value="/home/travis/.casher" />
    <property name="env.NVM_CD_FLAGS" value="" />
    <property name="java.vendor.version" value="18.9" />
    <property name="jshint.executable" value="/home/travis/node_modules/jshint/bin/jshint" />
    <property name="env.JRUBY_OPTS" value=" --client -J-XX:+TieredCompilation -J-XX:TieredStopAtLevel=1 -J-Xss2m -Xcompile.invokedynamic=false" />
    <property name="java.vendor" value="Oracle Corporation" />
    <property name="env.TRAVIS_PRE_CHEF_BOOTSTRAP_TIME" value="2019-03-25T16:16:42" />
    <property name="env.TRAVIS_STACK_JOB_BOARD_REGISTER" value="/.job-board-register.yml" />
    <property name="env.ANSI_RED" value="\033[31;1m" />
    <property name="java.specification.version" value="11" />
    <property name="env.IRBRC" value="/home/travis/.rvm/rubies/ruby-2.5.3/.irbrc" />
    <property name="env.TRAVIS" value="true" />
    <property name="sun.arch.data.model" value="64" />
  </properties>
  <testcase classname="ptolemy.util.test.junit.TclTests" name="[0] /home/travis/build/icyphy/ptII/ptolemy/cg/lib/test/ModularCodeGenTypedCompositeActor.tcl (RunTclFile)" time="12.367" />
  <testcase classname="ptolemy.util.test.junit.AutoKnownFailedTests" name="[0] ThereAreNoKnowFailedTests (RunModel)" time="0.013" />
  <testcase classname="ptolemy.util.test.junit.AutoNameArchTests" name="[0] ThereAreNoAutoArchTests (RunModel)" time="0.002" />
  <testcase classname="ptolemy.util.test.junit.AutoTests" name="[0] /home/travis/build/icyphy/ptII/ptolemy/cg/lib/test/auto/CompiledCompositeActor.xml (RunModel)" time="1.293" />
  <testcase classname="ptolemy.util.test.junit.AutoTests" name="[1] /home/travis/build/icyphy/ptII/ptolemy/cg/lib/test/auto/DECGClockRamp.xml (RunModel)" time="0.051" />
  <testcase classname="ptolemy.util.test.junit.AutoTests" name="[2] /home/travis/build/icyphy/ptII/ptolemy/cg/lib/test/auto/DECGDelay.xml (RunModel)" time="0.063" />
  <testcase classname="ptolemy.util.test.junit.AutoTests" name="[3] /home/travis/build/icyphy/ptII/ptolemy/cg/lib/test/auto/DECGHelloWorld.xml (RunModel)" time="0.053" />
  <testcase classname="ptolemy.util.test.junit.AutoTests" name="[4] /home/travis/build/icyphy/ptII/ptolemy/cg/lib/test/auto/DECGHeterogeneous.xml (RunModel)" time="0.117" />
  <testcase classname="ptolemy.util.test.junit.AutoTests" name="[5] /home/travis/build/icyphy/ptII/ptolemy/cg/lib/test/auto/DECGHeterogeneousMk2.xml (RunModel)" time="0.14" />
  <testcase classname="ptolemy.util.test.junit.AutoTests" name="[6] /home/travis/build/icyphy/ptII/ptolemy/cg/lib/test/auto/DECGMath.xml (RunModel)" time="0.052" />
  <testcase classname="ptolemy.util.test.junit.AutoTests" name="[7] /home/travis/build/icyphy/ptII/ptolemy/cg/lib/test/auto/DECGPi.xml (RunModel)" time="0.204" />
  <testcase classname="ptolemy.util.test.junit.AutoTests" name="[8] /home/travis/build/icyphy/ptII/ptolemy/cg/lib/test/auto/DECGPiSquare.xml (RunModel)" time="0.187" />
  <testcase classname="ptolemy.util.test.junit.AutoTests" name="[9] /home/travis/build/icyphy/ptII/ptolemy/cg/lib/test/auto/DECGPoisson.xml (RunModel)" time="0.024" />
  <testcase classname="ptolemy.util.test.junit.AutoTests" name="[10] /home/travis/build/icyphy/ptII/ptolemy/cg/lib/test/auto/JavaCompiledCompositeActor5.xml (RunModel)" time="1.05" />
  <testcase classname="ptolemy.util.test.junit.AutoTests" name="[11] /home/travis/build/icyphy/ptII/ptolemy/cg/lib/test/auto/JavaCompiledCompositeTest1.xml (RunModel)" time="1.006" />
  <testcase classname="ptolemy.util.test.junit.AutoTests" name="[12] /home/travis/build/icyphy/ptII/ptolemy/cg/lib/test/auto/JavaCompiledCompositeTest2.xml (RunModel)" time="1.035" />
  <testcase classname="ptolemy.util.test.junit.AutoTests" name="[13] /home/travis/build/icyphy/ptII/ptolemy/cg/lib/test/auto/JavaCompiledCompositeTest3.xml (RunModel)" time="1.312" />
  <testcase classname="ptolemy.util.test.junit.AutoTests" name="[14] /home/travis/build/icyphy/ptII/ptolemy/cg/lib/test/auto/JavaCompiledCompositeTest4.xml (RunModel)" time="1.037" />
  <testcase classname="ptolemy.util.test.junit.AutoTests" name="[15] /home/travis/build/icyphy/ptII/ptolemy/cg/lib/test/auto/ModularCG.xml (RunModel)" time="16.164" />
  <testcase classname="ptolemy.util.test.junit.AutoTests" name="[16] /home/travis/build/icyphy/ptII/ptolemy/cg/lib/test/auto/ModularCGPubSub.xml (RunModel)" time="5.141" />
  <testcase classname="ptolemy.util.test.junit.AutoTests" name="[17] /home/travis/build/icyphy/ptII/ptolemy/cg/lib/test/auto/ModularCodeGen.xml (RunModel)" time="2.502" />
  <testcase classname="ptolemy.util.test.junit.AutoTests" name="[18] /home/travis/build/icyphy/ptII/ptolemy/cg/lib/test/auto/ModularCodeGen2.xml (RunModel)" time="5.075" />
  <testcase classname="ptolemy.util.test.junit.AutoTests" name="[19] /home/travis/build/icyphy/ptII/ptolemy/cg/lib/test/auto/ModularCodeGen3.xml (RunModel)" time="15.17" />
  <testcase classname="ptolemy.util.test.junit.AutoTests" name="[20] /home/travis/build/icyphy/ptII/ptolemy/cg/lib/test/auto/ModularCodeGen4.xml (RunModel)" time="15.599" />
  <testcase classname="ptolemy.util.test.junit.AutoTests" name="[21] /home/travis/build/icyphy/ptII/ptolemy/cg/lib/test/auto/ModularCodeGen5.xml (RunModel)" time="5.427" />
  <testcase classname="ptolemy.util.test.junit.AutoTests" name="[22] /home/travis/build/icyphy/ptII/ptolemy/cg/lib/test/auto/ModularCodeGen6.xml (RunModel)" time="7.764" />
  <testcase classname="ptolemy.util.test.junit.AutoTests" name="[23] /home/travis/build/icyphy/ptII/ptolemy/cg/lib/test/auto/ModularCodeGenLazyPubSub.xml (RunModel)" time="2.552" />
  <testcase classname="ptolemy.util.test.junit.AutoTests" name="[24] /home/travis/build/icyphy/ptII/ptolemy/cg/lib/test/auto/ModularCodeGenLazyPubSubGlobal.xml (RunModel)" time="2.755" />
  <testcase classname="ptolemy.util.test.junit.AutoTests" name="[25] /home/travis/build/icyphy/ptII/ptolemy/cg/lib/test/auto/ModularCodeGenPubSub1.xml (RunModel)" time="2.73" />
  <testcase classname="ptolemy.util.test.junit.AutoTests" name="[26] /home/travis/build/icyphy/ptII/ptolemy/cg/lib/test/auto/ModularCodeGenPubSub2.xml (RunModel)" time="4.862" />
  <testcase classname="ptolemy.util.test.junit.AutoTests" name="[27] /home/travis/build/icyphy/ptII/ptolemy/cg/lib/test/auto/ModularCodeGenPubSub3.xml (RunModel)" time="4.936" />
  <testcase classname="ptolemy.util.test.junit.AutoTests" name="[28] /home/travis/build/icyphy/ptII/ptolemy/cg/lib/test/auto/ModularCodeGenPubSub4.xml (RunModel)" time="5.423" />
  <testcase classname="ptolemy.util.test.junit.AutoTests" name="[29] /home/travis/build/icyphy/ptII/ptolemy/cg/lib/test/auto/PubSubAggLazy.xml (RunModel)" time="0.034" />
  <testcase classname="ptolemy.util.test.junit.AutoTests" name="[30] /home/travis/build/icyphy/ptII/ptolemy/cg/lib/test/auto/PubSubAggModularCodeGen.xml (RunModel)" time="2.85" />
  <testcase classname="ptolemy.util.test.junit.AutoTests" name="[31] /home/travis/build/icyphy/ptII/ptolemy/cg/lib/test/auto/PubSubAggTypedComposite.xml (RunModel)" time="0.019" />
  <testcase classname="ptolemy.util.test.junit.AutoTests" name="[32] /home/travis/build/icyphy/ptII/ptolemy/cg/lib/test/auto/PubSubAggTypedCompositeWidth2.xml (RunModel)" time="0.026" />
  <testcase classname="ptolemy.util.test.junit.AutoTests" name="[33] /home/travis/build/icyphy/ptII/ptolemy/cg/lib/test/auto/ScaleJava.xml (RunModel)" time="0.969" />
  <system-out><![CDATA[/home/travis/build/icyphy/ptII/ptolemy/cg/lib/test/ModularCodeGenTypedCompositeActor.tcl
testDefs.tcl: setting time out to 9000 seconds at Fri Jan 03 00:55:25 UTC 2020
Warning: failed to delete /home/travis/cg: error deleting "/home/travis/cg/node_modules/@pm2/io/node_modules/.bin":  best guess at reason: permission denied
In "/home/travis/cg", about to execute:
    pwd
In "/home/travis/cg", about to execute:
    ls -l
In "/home/travis/cg", about to execute:
    javac -classpath
.:/home/travis/build/icyphy/ptII:/home/travis/build/icyphy/ptII/lib/bsh-2.0b4.j
ar:/home/travis/build/icyphy/ptII/lib/ptCal.jar:/home/travis/build/icyphy/ptII/
lib/java_cup.jar:/home/travis/build/icyphy/ptII/lib/saxon8.jar:/home/travis/bui
ld/icyphy/ptII/lib/saxon8-dom.jar:/home/travis/build/icyphy/ptII/lib/chic.jar:/
home/travis/build/icyphy/ptII/lib/ptcolt.jar:/home/travis/build/icyphy/ptII/ven
dors/misc/itext/iText.jar:/home/travis/build/icyphy/ptII/lib/g4ltl.jar:/home/tr
avis/build/icyphy/ptII/lib/StructuralCoder.jar:/home/travis/build/icyphy/ptII/l
ib/jcerti.jar:/home/travis/build/icyphy/ptII/lib/javax.mail.jar:/home/travis/bu
ild/icyphy/ptII/vendors/JMF-2.1.1e/lib/jmf.jar:/home/travis/build/icyphy/ptII/l
ib/jna-4.0.0-variadic.jar:/home/travis/build/icyphy/ptII/vendors/misc/joystick/
Joystick.jar:/home/travis/build/icyphy/ptII/lib/ptjacl.jar:/home/travis/build/i
cyphy/ptII/lib/jsoup-1.8.2.jar:/home/travis/build/icyphy/ptII/lib/junit-4.8.2.j
ar:/home/travis/build/icyphy/ptII/lib/JUnitParams-0.4.0.jar:/home/travis/build/
icyphy/ptII/ptolemy/actor/lib/excel/jxl.jar:/home/travis/build/icyphy/ptII/lib/
jython.jar:/home/travis/build/icyphy/ptII/lib/kieler.jar:/home/travis/build/icy
phy/ptII/vendors/opencv/share/OpenCV/java/opencv-341.jar:/home/travis/build/icy
phy/ptII/lib/oscP5.jar:/home/travis/build/icyphy/ptII/lib/nrjavaserial-3.11.0.d
evel.jar:/home/travis/build/icyphy/ptII/vendors/j3d/lib/Linux/j3dcore.jar:/home
/travis/build/icyphy/ptII/vendors/j3d/lib/Linux/j3dutils.jar:/home/travis/build
/icyphy/ptII/vendors/j3d/lib/Linux/vecmath.jar:/home/travis/build/icyphy/ptII/v
endors/jogl/lib/Linux/gluegen-rt-natives-linux-amd64.jar:/home/travis/build/icy
phy/ptII/vendors/jogl/lib/Linux/gluegen-rt.jar:/home/travis/build/icyphy/ptII/v
endors/jogl/lib/Linux/jogl-all-natives-linux-amd64.jar:/home/travis/build/icyph
y/ptII/vendors/jogl/lib/Linux/jogl-all.jar:/home/travis/build/icyphy/ptII/ptole
my/distributed/jini/jar/jini-core.jar:/home/travis/build/icyphy/ptII/ptolemy/di
stributed/jini/jar/jini-ext.jar:/home/travis/build/icyphy/ptII/ptolemy/distribu
ted/jini/jar/sun-util.jar:/home/travis/build/icyphy/ptII/lib/protobuf-java-2.4.
1.jar:/home/travis/build/icyphy/ptII/lib/org.eclipse.paho.client.mqttv3.jar:/ho
me/travis/build/icyphy/ptII/lib/mapss.jar:/home/travis/build/icyphy/ptII/ptolem
y/actor/ptalon/antlr/antlr.jar:/home/travis/build/icyphy/ptII/lib/JRI.jar:/home
/travis/build/icyphy/ptII/lib/commons-lang-2.6.jar:/home/travis/build/icyphy/pt
II/lib/commons-logging-1.1.1.jar:/home/travis/build/icyphy/ptII/lib/sootclasses
.jar:/home/travis/build/icyphy/ptII/ptolemy/actor/lib/database/mysql-connector-
java-5.1.6-bin.jar:/home/travis/build/icyphy/ptII/vendors/misc/sphinx4/sphinx4-
data-5prealpha.jar:/home/travis/build/icyphy/ptII/vendors/misc/sphinx4/sphinx4-
core-5prealpha.jar:/home/travis/build/icyphy/ptII/lib/PDFRenderer.jar:/home/tra
vis/build/icyphy/ptII/lib/svgSalamander.jar:/home/travis/build/icyphy/ptII/lib/
rsyntaxtextarea-2.6.0-SNAPSHOT.jar:/home/travis/build/icyphy/ptII/lib/hazelcast
-3.8.2.jar:/home/travis/build/icyphy/ptII/lib/jackson-annotations-2.9.0.jar:/ho
me/travis/build/icyphy/ptII/lib/jackson-core-2.9.3.jar:/home/travis/build/icyph
y/ptII/lib/jackson-databind-2.9.3.jar:/home/travis/build/icyphy/ptII/lib/netty-
buffer-4.1.19.Final.jar:/home/travis/build/icyphy/ptII/lib/netty-codec-4.1.19.F
inal.jar:/home/travis/build/icyphy/ptII/lib/netty-codec-dns-4.1.19.Final.jar:/h
ome/travis/build/icyphy/ptII/lib/netty-codec-http-4.1.19.Final.jar:/home/travis
/build/icyphy/ptII/lib/netty-codec-http2-4.1.19.Final.jar:/home/travis/build/ic
yphy/ptII/lib/netty-common-4.1.19.Final.jar:/home/travis/build/icyphy/ptII/lib/
netty-handler-4.1.19.Final.jar:/home/travis/build/icyphy/ptII/lib/netty-resolve
r-4.1.19.Final.jar:/home/travis/build/icyphy/ptII/lib/netty-resolver-dns-4.1.19
.Final.jar:/home/travis/build/icyphy/ptII/lib/netty-transport-4.1.19.Final.jar:
/home/travis/build/icyphy/ptII/lib/vertx-codegen-3.5.1.jar:/home/travis/build/i
cyphy/ptII/lib/vertx-core-3.5.2-SNAPSHOT.jar:/home/travis/build/icyphy/ptII/lib
/vertx-hazelcast-3.5.1.jar:/home/travis/build/icyphy/ptII/lib/vertx-lang-js-3.5
.1.jar:/home/travis/build/icyphy/ptII/lib/vertx-service-proxy-3.5.1.jar:/home/t
ravis/build/icyphy/ptII/lib/vertx-web-3.5.1.jar:/home/travis/build/icyphy/ptII/
lib/slf4j-api-1.7.13.jar:/home/travis/build/icyphy/ptII/lib/slf4j-simple-1.7.13
.jar:/home/travis/build/icyphy/ptII/lib/webcam-capture-0.3.12.jar:/home/travis/
build/icyphy/ptII/lib/bridj-0.7.0.jar:/home/travis/build/icyphy/ptII/lib/xbjlib
-1.1.0.nrjavaserial.jar:/home/travis/build/icyphy/ptII/ptolemy/moml/test:/home/
travis/build/icyphy/ptII/ant/lib/ant-launcher.jar:/home/travis/build/icyphy/ptI
I/ant/lib/ant.jar:/home/travis/build/icyphy/ptII/ant/lib/ant-junit.jar:/home/tr
avis/build/icyphy/ptII/ant/lib/ant-junit4.jar:/home/travis/build/icyphy/ptII
ModularCodeGenTest_A1_A2_profile.java
total 1188
/home/travis/cg
drwxrwxr-x   3 travis travis  12288 Jan  3 00:50 AbsoluteValue
drwxrwxr-x   3 travis travis 102400 Jan  3 00:49 AllColt
drwxrwxr-x   3 travis travis  12288 Jan  3 00:50 Case1
drwxrwxr-x   5 travis travis   4096 Jan  3 00:49 fmi
drwxrwxr-x   3 travis travis  16384 Jan  3 00:50 Gaussian2
drwxrwxr-x   3 travis travis  12288 Jan  3 00:51 LookupTable
drwxrwxr-x   3 travis travis  20480 Jan  3 00:51 MaxIndex
-rw-rw-r--   1 travis travis   1228 Jan  3 00:55 ModularCodeGenTest_A1_A2_profile.java
drwxrwxr-x   3 travis travis  32768 Jan  3 00:55 modulation2
drwxrwxr-x 116 travis travis  12288 Jan  3 00:55 node_modules
drwxrwxr-x   3 travis travis  20480 Jan  3 00:51 PhaseUnwrap
drwxrwxr-x   3 travis travis  12288 Jan  3 00:51 ReadFile1
-rw-rw-r--   1 travis travis     11 Jan  3 00:51 ReadFile1Output.txt
-rw-rw-r--   1 travis travis  13773 Jan  3 00:55 Repeat.class
-rw-rw-r--   1 travis travis    685 Jan  3 00:55 Repeat$_fireFunction_Repeat_Repeat$__f_sL_11.class
-rw-rw-r--   1 travis travis    541 Jan  3 00:55 Repeat$_fireFunction_Repeat_Repeat$__f_sL_12.class
-rw-rw-r--   1 travis travis    541 Jan  3 00:55 Repeat$_fireFunction_Repeat_Repeat$__f_sL_13.class
-rw-rw-r--   1 travis travis    541 Jan  3 00:55 Repeat$_fireFunction_Repeat_Repeat$__f_sL_14.class
-rw-rw-r--   1 travis travis    684 Jan  3 00:55 Repeat$_fireFunction_Repeat_Repeat$__f_sL_1.class
-rw-rw-r--   1 travis travis    683 Jan  3 00:55 Repeat$_fireFunction_Repeat_Repeat$__f_sL_4.class
-rw-rw-r--   1 travis travis    539 Jan  3 00:55 Repeat$_fireFunction_Repeat_Repeat$__f_sL_9.class
-rw-rw-r--   1 travis travis    494 Jan  3 00:55 Repeat$_initialize_Repeat$__i_sL_2.class
-rw-rw-r--   1 travis travis   1281 Jan  3 00:55 Repeat.mk
-rw-rw-r--   1 travis travis    539 Jan  3 00:55 Repeat$_preinitializeMethod_Repeat$__p_sL_0.class
-rw-rw-r--   1 travis travis   1102 Jan  3 00:55 Repeat$_Repeat$_fireFunction_Repeat_AddSubtract_Repeat.class
-rw-rw-r--   1 travis travis    810 Jan  3 00:55 Repeat$_Repeat$_fireFunction_Repeat_AddSubtract_Repeat$__f_sL_0.class
-rw-rw-r--   1 travis travis    928 Jan  3 00:55 Repeat$_Repeat$_fireFunction_Repeat_AddSubtract_Repeat$__f_sL_1.class
-rw-rw-r--   1 travis travis    934 Jan  3 00:55 Repeat$_Repeat$_fireFunction_Repeat_AddSubtract_Repeat$__f_sL_2.class
-rw-rw-r--   1 travis travis    862 Jan  3 00:55 Repeat$_Repeat$_fireFunction_Repeat_AddSubtract_Repeat$__f_sL_3.class
-rw-rw-r--   1 travis travis    757 Jan  3 00:55 Repeat$_Repeat$_fireFunction_Repeat_Ramp2_Repeat$__f_sL_0.class
-rw-rw-r--   1 travis travis    888 Jan  3 00:55 Repeat$_Repeat$_fireFunction_Repeat_Test_Repeat$__f_sL_0.class
-rw-rw-r--   1 travis travis    634 Jan  3 00:55 Repeat$_Repeat$_fireFunction_Repeat_Test_Repeat$__f_sL_1.class
-rw-rw-r--   1 travis travis    704 Jan  3 00:55 Repeat$_Repeat_SDF_Director_run_Repeat$__R_sL_0.class
-rw-rw-r--   1 travis travis    705 Jan  3 00:55 Repeat$_Repeat_SDF_Director_run_Repeat$__R_sL_11.class
-rw-rw-r--   1 travis travis    561 Jan  3 00:55 Repeat$_Repeat_SDF_Director_run_Repeat$__R_sL_13.class
-rw-rw-r--   1 travis travis    559 Jan  3 00:55 Repeat$_Repeat_SDF_Director_run_Repeat$__R_sL_2.class
-rw-rw-r--   1 travis travis    703 Jan  3 00:55 Repeat$_Repeat_SDF_Director_run_Repeat$__R_sL_3.class
-rw-rw-r--   1 travis travis    559 Jan  3 00:55 Repeat$_Repeat_SDF_Director_run_Repeat$__R_sL_5.class
-rw-rw-r--   1 travis travis    559 Jan  3 00:55 Repeat$_Repeat_SDF_Director_run_Repeat$__R_sL_8.class
drwxrwxr-x   2 travis travis   4096 Jan  3 00:55 RepeatVariables
-rw-rw-r--   1 travis travis    882 Jan  3 00:55 Repeat$_varinit_Repeat.class
-rw-rw-r--   1 travis travis    550 Jan  3 00:55 Repeat$_varinit_Repeat$__v_sL_2.class
-rw-rw-r--   1 travis travis    924 Jan  3 00:55 Repeat$_varinit_Repeat$__v_sL_4.class
-rw-rw-r--   1 travis travis    978 Jan  3 00:55 Repeat$_wrapup_Repeat$__w_sL_1.class
drwxrwxr-x   3 travis travis  20480 Jan  3 00:52 Sinewave
drwxrwxr-x   3 travis travis  32768 Jan  3 00:53 StringFunction
drwxrwxr-x   3 travis travis  12288 Jan  3 00:53 StringLength
drwxrwxr-x   3 travis travis  61440 Jan  3 00:53 StringMatches2
drwxrwxr-x   3 travis travis  61440 Jan  3 00:54 StringSimpleReplace
drwxrwxr-x   3 travis travis  65536 Jan  3 00:54 StringSubstring
drwxrwxr-x   3 travis travis  24576 Jan  3 00:54 StringSubstring2
drwxrwxr-x   3 travis travis  16384 Jan  3 00:54 time1
drwxrwxr-x   3 travis travis  12288 Jan  3 00:55 time5
-rwxrwxr-x   1 travis travis 466992 Jan  3 00:49 top
-rw-rw-r--   1 travis travis  20502 Jan  3 00:49 top.c
-rw-rw-r--   1 travis travis   3799 Jan  3 00:55 top.class
-rw-rw-r--   1 travis travis   1257 Jan  3 00:55 top.mk
All Done
Writing ModularCodeGenTest_A1_A2.java in file:/home/travis/cg/ (9163 characters)
Reading "ptolemy/cg/kernel/generic/program/procedural/java/modular/makefile.in",
    writing "/home/travis/cg/ModularCodeGenTest_A1_A2.mk"
Using ptolemy/cg/kernel/generic/program/procedural/java/modular/makefile.in
In "/home/travis/cg", about to execute:
    make -f ModularCodeGenTest_A1_A2.mk
javac -classpath ".:.."    ModularCodeGenTest_A1_A2.java
All Done
In "/home/travis/cg", about to execute:
    pwd
In "/home/travis/cg", about to execute:
    ls -l
In "/home/travis/cg", about to execute:
    javac -classpath
.:/home/travis/build/icyphy/ptII:/home/travis/build/icyphy/ptII/lib/bsh-2.0b4.j
ar:/home/travis/build/icyphy/ptII/lib/ptCal.jar:/home/travis/build/icyphy/ptII/
lib/java_cup.jar:/home/travis/build/icyphy/ptII/lib/saxon8.jar:/home/travis/bui
ld/icyphy/ptII/lib/saxon8-dom.jar:/home/travis/build/icyphy/ptII/lib/chic.jar:/
home/travis/build/icyphy/ptII/lib/ptcolt.jar:/home/travis/build/icyphy/ptII/ven
dors/misc/itext/iText.jar:/home/travis/build/icyphy/ptII/lib/g4ltl.jar:/home/tr
avis/build/icyphy/ptII/lib/StructuralCoder.jar:/home/travis/build/icyphy/ptII/l
ib/jcerti.jar:/home/travis/build/icyphy/ptII/lib/javax.mail.jar:/home/travis/bu
ild/icyphy/ptII/vendors/JMF-2.1.1e/lib/jmf.jar:/home/travis/build/icyphy/ptII/l
ib/jna-4.0.0-variadic.jar:/home/travis/build/icyphy/ptII/vendors/misc/joystick/
Joystick.jar:/home/travis/build/icyphy/ptII/lib/ptjacl.jar:/home/travis/build/i
cyphy/ptII/lib/jsoup-1.8.2.jar:/home/travis/build/icyphy/ptII/lib/junit-4.8.2.j
ar:/home/travis/build/icyphy/ptII/lib/JUnitParams-0.4.0.jar:/home/travis/build/
icyphy/ptII/ptolemy/actor/lib/excel/jxl.jar:/home/travis/build/icyphy/ptII/lib/
jython.jar:/home/travis/build/icyphy/ptII/lib/kieler.jar:/home/travis/build/icy
phy/ptII/vendors/opencv/share/OpenCV/java/opencv-341.jar:/home/travis/build/icy
phy/ptII/lib/oscP5.jar:/home/travis/build/icyphy/ptII/lib/nrjavaserial-3.11.0.d
evel.jar:/home/travis/build/icyphy/ptII/vendors/j3d/lib/Linux/j3dcore.jar:/home
/travis/build/icyphy/ptII/vendors/j3d/lib/Linux/j3dutils.jar:/home/travis/build
/icyphy/ptII/vendors/j3d/lib/Linux/vecmath.jar:/home/travis/build/icyphy/ptII/v
endors/jogl/lib/Linux/gluegen-rt-natives-linux-amd64.jar:/home/travis/build/icy
phy/ptII/vendors/jogl/lib/Linux/gluegen-rt.jar:/home/travis/build/icyphy/ptII/v
endors/jogl/lib/Linux/jogl-all-natives-linux-amd64.jar:/home/travis/build/icyph
y/ptII/vendors/jogl/lib/Linux/jogl-all.jar:/home/travis/build/icyphy/ptII/ptole
my/distributed/jini/jar/jini-core.jar:/home/travis/build/icyphy/ptII/ptolemy/di
stributed/jini/jar/jini-ext.jar:/home/travis/build/icyphy/ptII/ptolemy/distribu
ted/jini/jar/sun-util.jar:/home/travis/build/icyphy/ptII/lib/protobuf-java-2.4.
1.jar:/home/travis/build/icyphy/ptII/lib/org.eclipse.paho.client.mqttv3.jar:/ho
me/travis/build/icyphy/ptII/lib/mapss.jar:/home/travis/build/icyphy/ptII/ptolem
y/actor/ptalon/antlr/antlr.jar:/home/travis/build/icyphy/ptII/lib/JRI.jar:/home
/travis/build/icyphy/ptII/lib/commons-lang-2.6.jar:/home/travis/build/icyphy/pt
II/lib/commons-logging-1.1.1.jar:/home/travis/build/icyphy/ptII/lib/sootclasses
.jar:/home/travis/build/icyphy/ptII/ptolemy/actor/lib/database/mysql-connector-
java-5.1.6-bin.jar:/home/travis/build/icyphy/ptII/vendors/misc/sphinx4/sphinx4-
data-5prealpha.jar:/home/travis/build/icyphy/ptII/vendors/misc/sphinx4/sphinx4-
core-5prealpha.jar:/home/travis/build/icyphy/ptII/lib/PDFRenderer.jar:/home/tra
vis/build/icyphy/ptII/lib/svgSalamander.jar:/home/travis/build/icyphy/ptII/lib/
rsyntaxtextarea-2.6.0-SNAPSHOT.jar:/home/travis/build/icyphy/ptII/lib/hazelcast
-3.8.2.jar:/home/travis/build/icyphy/ptII/lib/jackson-annotations-2.9.0.jar:/ho
me/travis/build/icyphy/ptII/lib/jackson-core-2.9.3.jar:/home/travis/build/icyph
y/ptII/lib/jackson-databind-2.9.3.jar:/home/travis/build/icyphy/ptII/lib/netty-
buffer-4.1.19.Final.jar:/home/travis/build/icyphy/ptII/lib/netty-codec-4.1.19.F
inal.jar:/home/travis/build/icyphy/ptII/lib/netty-codec-dns-4.1.19.Final.jar:/h
ome/travis/build/icyphy/ptII/lib/netty-codec-http-4.1.19.Final.jar:/home/travis
/build/icyphy/ptII/lib/netty-codec-http2-4.1.19.Final.jar:/home/travis/build/ic
yphy/ptII/lib/netty-common-4.1.19.Final.jar:/home/travis/build/icyphy/ptII/lib/
netty-handler-4.1.19.Final.jar:/home/travis/build/icyphy/ptII/lib/netty-resolve
r-4.1.19.Final.jar:/home/travis/build/icyphy/ptII/lib/netty-resolver-dns-4.1.19
.Final.jar:/home/travis/build/icyphy/ptII/lib/netty-transport-4.1.19.Final.jar:
/home/travis/build/icyphy/ptII/lib/vertx-codegen-3.5.1.jar:/home/travis/build/i
cyphy/ptII/lib/vertx-core-3.5.2-SNAPSHOT.jar:/home/travis/build/icyphy/ptII/lib
/vertx-hazelcast-3.5.1.jar:/home/travis/build/icyphy/ptII/lib/vertx-lang-js-3.5
.1.jar:/home/travis/build/icyphy/ptII/lib/vertx-service-proxy-3.5.1.jar:/home/t
ravis/build/icyphy/ptII/lib/vertx-web-3.5.1.jar:/home/travis/build/icyphy/ptII/
lib/slf4j-api-1.7.13.jar:/home/travis/build/icyphy/ptII/lib/slf4j-simple-1.7.13
.jar:/home/travis/build/icyphy/ptII/lib/webcam-capture-0.3.12.jar:/home/travis/
build/icyphy/ptII/lib/bridj-0.7.0.jar:/home/travis/build/icyphy/ptII/lib/xbjlib
-1.1.0.nrjavaserial.jar:/home/travis/build/icyphy/ptII/ptolemy/moml/test:/home/
travis/build/icyphy/ptII/ant/lib/ant-launcher.jar:/home/travis/build/icyphy/ptI
I/ant/lib/ant.jar:/home/travis/build/icyphy/ptII/ant/lib/ant-junit.jar:/home/tr
avis/build/icyphy/ptII/ant/lib/ant-junit4.jar:/home/travis/build/icyphy/ptII
ModularCodeGenTest_A1_profile.java
/home/travis/cg
total 1224
drwxrwxr-x   3 travis travis  12288 Jan  3 00:50 AbsoluteValue
drwxrwxr-x   3 travis travis 102400 Jan  3 00:49 AllColt
drwxrwxr-x   3 travis travis  12288 Jan  3 00:50 Case1
drwxrwxr-x   5 travis travis   4096 Jan  3 00:49 fmi
drwxrwxr-x   3 travis travis  16384 Jan  3 00:50 Gaussian2
drwxrwxr-x   3 travis travis  12288 Jan  3 00:51 LookupTable
drwxrwxr-x   3 travis travis  20480 Jan  3 00:51 MaxIndex
-rw-rw-r--   1 travis travis   3723 Jan  3 00:55 ModularCodeGenTest_A1_A2.class
-rw-rw-r--   1 travis travis   9163 Jan  3 00:55 ModularCodeGenTest_A1_A2.java
-rw-rw-r--   1 travis travis    904 Jan  3 00:55 ModularCodeGenTest_A1_A2.mk
-rw-rw-r--   1 travis travis   1306 Jan  3 00:55 ModularCodeGenTest_A1_A2_profile.class
-rw-rw-r--   1 travis travis   1228 Jan  3 00:55 ModularCodeGenTest_A1_A2_profile.java
-rw-rw-r--   1 travis travis   1394 Jan  3 00:55 ModularCodeGenTest_A1_profile.java
drwxrwxr-x   3 travis travis  32768 Jan  3 00:55 modulation2
drwxrwxr-x 116 travis travis  12288 Jan  3 00:55 node_modules
drwxrwxr-x   3 travis travis  20480 Jan  3 00:51 PhaseUnwrap
drwxrwxr-x   3 travis travis  12288 Jan  3 00:51 ReadFile1
-rw-rw-r--   1 travis travis     11 Jan  3 00:51 ReadFile1Output.txt
-rw-rw-r--   1 travis travis  13773 Jan  3 00:55 Repeat.class
-rw-rw-r--   1 travis travis    685 Jan  3 00:55 Repeat$_fireFunction_Repeat_Repeat$__f_sL_11.class
-rw-rw-r--   1 travis travis    541 Jan  3 00:55 Repeat$_fireFunction_Repeat_Repeat$__f_sL_12.class
-rw-rw-r--   1 travis travis    541 Jan  3 00:55 Repeat$_fireFunction_Repeat_Repeat$__f_sL_13.class
-rw-rw-r--   1 travis travis    541 Jan  3 00:55 Repeat$_fireFunction_Repeat_Repeat$__f_sL_14.class
-rw-rw-r--   1 travis travis    684 Jan  3 00:55 Repeat$_fireFunction_Repeat_Repeat$__f_sL_1.class
-rw-rw-r--   1 travis travis    683 Jan  3 00:55 Repeat$_fireFunction_Repeat_Repeat$__f_sL_4.class
-rw-rw-r--   1 travis travis    539 Jan  3 00:55 Repeat$_fireFunction_Repeat_Repeat$__f_sL_9.class
-rw-rw-r--   1 travis travis    494 Jan  3 00:55 Repeat$_initialize_Repeat$__i_sL_2.class
-rw-rw-r--   1 travis travis   1281 Jan  3 00:55 Repeat.mk
-rw-rw-r--   1 travis travis    539 Jan  3 00:55 Repeat$_preinitializeMethod_Repeat$__p_sL_0.class
-rw-rw-r--   1 travis travis   1102 Jan  3 00:55 Repeat$_Repeat$_fireFunction_Repeat_AddSubtract_Repeat.class
-rw-rw-r--   1 travis travis    810 Jan  3 00:55 Repeat$_Repeat$_fireFunction_Repeat_AddSubtract_Repeat$__f_sL_0.class
-rw-rw-r--   1 travis travis    928 Jan  3 00:55 Repeat$_Repeat$_fireFunction_Repeat_AddSubtract_Repeat$__f_sL_1.class
-rw-rw-r--   1 travis travis    934 Jan  3 00:55 Repeat$_Repeat$_fireFunction_Repeat_AddSubtract_Repeat$__f_sL_2.class
-rw-rw-r--   1 travis travis    862 Jan  3 00:55 Repeat$_Repeat$_fireFunction_Repeat_AddSubtract_Repeat$__f_sL_3.class
-rw-rw-r--   1 travis travis    757 Jan  3 00:55 Repeat$_Repeat$_fireFunction_Repeat_Ramp2_Repeat$__f_sL_0.class
-rw-rw-r--   1 travis travis    888 Jan  3 00:55 Repeat$_Repeat$_fireFunction_Repeat_Test_Repeat$__f_sL_0.class
-rw-rw-r--   1 travis travis    634 Jan  3 00:55 Repeat$_Repeat$_fireFunction_Repeat_Test_Repeat$__f_sL_1.class
-rw-rw-r--   1 travis travis    704 Jan  3 00:55 Repeat$_Repeat_SDF_Director_run_Repeat$__R_sL_0.class
-rw-rw-r--   1 travis travis    705 Jan  3 00:55 Repeat$_Repeat_SDF_Director_run_Repeat$__R_sL_11.class
-rw-rw-r--   1 travis travis    561 Jan  3 00:55 Repeat$_Repeat_SDF_Director_run_Repeat$__R_sL_13.class
-rw-rw-r--   1 travis travis    559 Jan  3 00:55 Repeat$_Repeat_SDF_Director_run_Repeat$__R_sL_2.class
-rw-rw-r--   1 travis travis    703 Jan  3 00:55 Repeat$_Repeat_SDF_Director_run_Repeat$__R_sL_3.class
-rw-rw-r--   1 travis travis    559 Jan  3 00:55 Repeat$_Repeat_SDF_Director_run_Repeat$__R_sL_5.class
-rw-rw-r--   1 travis travis    559 Jan  3 00:55 Repeat$_Repeat_SDF_Director_run_Repeat$__R_sL_8.class
drwxrwxr-x   2 travis travis   4096 Jan  3 00:55 RepeatVariables
-rw-rw-r--   1 travis travis    882 Jan  3 00:55 Repeat$_varinit_Repeat.class
-rw-rw-r--   1 travis travis    550 Jan  3 00:55 Repeat$_varinit_Repeat$__v_sL_2.class
-rw-rw-r--   1 travis travis    924 Jan  3 00:55 Repeat$_varinit_Repeat$__v_sL_4.class
-rw-rw-r--   1 travis travis    978 Jan  3 00:55 Repeat$_wrapup_Repeat$__w_sL_1.class
drwxrwxr-x   3 travis travis  20480 Jan  3 00:52 Sinewave
drwxrwxr-x   3 travis travis  32768 Jan  3 00:53 StringFunction
drwxrwxr-x   3 travis travis  12288 Jan  3 00:53 StringLength
drwxrwxr-x   3 travis travis  61440 Jan  3 00:53 StringMatches2
drwxrwxr-x   3 travis travis  61440 Jan  3 00:54 StringSimpleReplace
drwxrwxr-x   3 travis travis  65536 Jan  3 00:54 StringSubstring
drwxrwxr-x   3 travis travis  24576 Jan  3 00:54 StringSubstring2
drwxrwxr-x   3 travis travis  16384 Jan  3 00:54 time1
drwxrwxr-x   3 travis travis  12288 Jan  3 00:55 time5
-rw-rw-r--   1 travis travis    432 Jan  3 00:55 Token.class
-rw-rw-r--   1 travis travis    251 Jan  3 00:55 Token.java
-rwxrwxr-x   1 travis travis 466992 Jan  3 00:49 top
-rw-rw-r--   1 travis travis  20502 Jan  3 00:49 top.c
-rw-rw-r--   1 travis travis   3799 Jan  3 00:55 top.class
-rw-rw-r--   1 travis travis   1257 Jan  3 00:55 top.mk
All Done
Writing ModularCodeGenTest_A1.java in file:/home/travis/cg/ (9968 characters)
Reading "ptolemy/cg/kernel/generic/program/procedural/java/modular/makefile.in",
    writing "/home/travis/cg/ModularCodeGenTest_A1.mk"
Using ptolemy/cg/kernel/generic/program/procedural/java/modular/makefile.in
In "/home/travis/cg", about to execute:
    make -f ModularCodeGenTest_A1.mk
javac -classpath ".:.."    ModularCodeGenTest_A1.java
All Done
6135 ms. Memory: 129024K Free: 63800K (49%)
13 ms. Memory: 129024K Free: 60697K (47%)
In "/home/travis/cg", about to execute:
    pwd
In "/home/travis/cg", about to execute:
    ls -l
In "/home/travis/cg", about to execute:
    javac -classpath
.:/home/travis/build/icyphy/ptII:/home/travis/build/icyphy/ptII/lib/bsh-2.0b4.j
ar:/home/travis/build/icyphy/ptII/lib/ptCal.jar:/home/travis/build/icyphy/ptII/
lib/java_cup.jar:/home/travis/build/icyphy/ptII/lib/saxon8.jar:/home/travis/bui
ld/icyphy/ptII/lib/saxon8-dom.jar:/home/travis/build/icyphy/ptII/lib/chic.jar:/
home/travis/build/icyphy/ptII/lib/ptcolt.jar:/home/travis/build/icyphy/ptII/ven
dors/misc/itext/iText.jar:/home/travis/build/icyphy/ptII/lib/g4ltl.jar:/home/tr
avis/build/icyphy/ptII/lib/StructuralCoder.jar:/home/travis/build/icyphy/ptII/l
ib/jcerti.jar:/home/travis/build/icyphy/ptII/lib/javax.mail.jar:/home/travis/bu
ild/icyphy/ptII/vendors/JMF-2.1.1e/lib/jmf.jar:/home/travis/build/icyphy/ptII/l
ib/jna-4.0.0-variadic.jar:/home/travis/build/icyphy/ptII/vendors/misc/joystick/
Joystick.jar:/home/travis/build/icyphy/ptII/lib/ptjacl.jar:/home/travis/build/i
cyphy/ptII/lib/jsoup-1.8.2.jar:/home/travis/build/icyphy/ptII/lib/junit-4.8.2.j
ar:/home/travis/build/icyphy/ptII/lib/JUnitParams-0.4.0.jar:/home/travis/build/
icyphy/ptII/ptolemy/actor/lib/excel/jxl.jar:/home/travis/build/icyphy/ptII/lib/
jython.jar:/home/travis/build/icyphy/ptII/lib/kieler.jar:/home/travis/build/icy
phy/ptII/vendors/opencv/share/OpenCV/java/opencv-341.jar:/home/travis/build/icy
phy/ptII/lib/oscP5.jar:/home/travis/build/icyphy/ptII/lib/nrjavaserial-3.11.0.d
evel.jar:/home/travis/build/icyphy/ptII/vendors/j3d/lib/Linux/j3dcore.jar:/home
/travis/build/icyphy/ptII/vendors/j3d/lib/Linux/j3dutils.jar:/home/travis/build
/icyphy/ptII/vendors/j3d/lib/Linux/vecmath.jar:/home/travis/build/icyphy/ptII/v
endors/jogl/lib/Linux/gluegen-rt-natives-linux-amd64.jar:/home/travis/build/icy
phy/ptII/vendors/jogl/lib/Linux/gluegen-rt.jar:/home/travis/build/icyphy/ptII/v
endors/jogl/lib/Linux/jogl-all-natives-linux-amd64.jar:/home/travis/build/icyph
y/ptII/vendors/jogl/lib/Linux/jogl-all.jar:/home/travis/build/icyphy/ptII/ptole
my/distributed/jini/jar/jini-core.jar:/home/travis/build/icyphy/ptII/ptolemy/di
stributed/jini/jar/jini-ext.jar:/home/travis/build/icyphy/ptII/ptolemy/distribu
ted/jini/jar/sun-util.jar:/home/travis/build/icyphy/ptII/lib/protobuf-java-2.4.
1.jar:/home/travis/build/icyphy/ptII/lib/org.eclipse.paho.client.mqttv3.jar:/ho
me/travis/build/icyphy/ptII/lib/mapss.jar:/home/travis/build/icyphy/ptII/ptolem
y/actor/ptalon/antlr/antlr.jar:/home/travis/build/icyphy/ptII/lib/JRI.jar:/home
/travis/build/icyphy/ptII/lib/commons-lang-2.6.jar:/home/travis/build/icyphy/pt
II/lib/commons-logging-1.1.1.jar:/home/travis/build/icyphy/ptII/lib/sootclasses
.jar:/home/travis/build/icyphy/ptII/ptolemy/actor/lib/database/mysql-connector-
java-5.1.6-bin.jar:/home/travis/build/icyphy/ptII/vendors/misc/sphinx4/sphinx4-
data-5prealpha.jar:/home/travis/build/icyphy/ptII/vendors/misc/sphinx4/sphinx4-
core-5prealpha.jar:/home/travis/build/icyphy/ptII/lib/PDFRenderer.jar:/home/tra
vis/build/icyphy/ptII/lib/svgSalamander.jar:/home/travis/build/icyphy/ptII/lib/
rsyntaxtextarea-2.6.0-SNAPSHOT.jar:/home/travis/build/icyphy/ptII/lib/hazelcast
-3.8.2.jar:/home/travis/build/icyphy/ptII/lib/jackson-annotations-2.9.0.jar:/ho
me/travis/build/icyphy/ptII/lib/jackson-core-2.9.3.jar:/home/travis/build/icyph
y/ptII/lib/jackson-databind-2.9.3.jar:/home/travis/build/icyphy/ptII/lib/netty-
buffer-4.1.19.Final.jar:/home/travis/build/icyphy/ptII/lib/netty-codec-4.1.19.F
inal.jar:/home/travis/build/icyphy/ptII/lib/netty-codec-dns-4.1.19.Final.jar:/h
ome/travis/build/icyphy/ptII/lib/netty-codec-http-4.1.19.Final.jar:/home/travis
/build/icyphy/ptII/lib/netty-codec-http2-4.1.19.Final.jar:/home/travis/build/ic
yphy/ptII/lib/netty-common-4.1.19.Final.jar:/home/travis/build/icyphy/ptII/lib/
netty-handler-4.1.19.Final.jar:/home/travis/build/icyphy/ptII/lib/netty-resolve
r-4.1.19.Final.jar:/home/travis/build/icyphy/ptII/lib/netty-resolver-dns-4.1.19
.Final.jar:/home/travis/build/icyphy/ptII/lib/netty-transport-4.1.19.Final.jar:
/home/travis/build/icyphy/ptII/lib/vertx-codegen-3.5.1.jar:/home/travis/build/i
cyphy/ptII/lib/vertx-core-3.5.2-SNAPSHOT.jar:/home/travis/build/icyphy/ptII/lib
/vertx-hazelcast-3.5.1.jar:/home/travis/build/icyphy/ptII/lib/vertx-lang-js-3.5
.1.jar:/home/travis/build/icyphy/ptII/lib/vertx-service-proxy-3.5.1.jar:/home/t
ravis/build/icyphy/ptII/lib/vertx-web-3.5.1.jar:/home/travis/build/icyphy/ptII/
lib/slf4j-api-1.7.13.jar:/home/travis/build/icyphy/ptII/lib/slf4j-simple-1.7.13
.jar:/home/travis/build/icyphy/ptII/lib/webcam-capture-0.3.12.jar:/home/travis/
build/icyphy/ptII/lib/bridj-0.7.0.jar:/home/travis/build/icyphy/ptII/lib/xbjlib
-1.1.0.nrjavaserial.jar:/home/travis/build/icyphy/ptII/ptolemy/moml/test:/home/
travis/build/icyphy/ptII/ant/lib/ant-launcher.jar:/home/travis/build/icyphy/ptI
I/ant/lib/ant.jar:/home/travis/build/icyphy/ptII/ant/lib/ant-junit.jar:/home/tr
avis/build/icyphy/ptII/ant/lib/ant-junit4.jar:/home/travis/build/icyphy/ptII
ModularCodeGenTest_A1_A2_profile.java
/home/travis/cg
total 1248
drwxrwxr-x   3 travis travis  12288 Jan  3 00:50 AbsoluteValue
drwxrwxr-x   3 travis travis 102400 Jan  3 00:49 AllColt
drwxrwxr-x   3 travis travis  12288 Jan  3 00:50 Case1
drwxrwxr-x   5 travis travis   4096 Jan  3 00:49 fmi
drwxrwxr-x   3 travis travis  16384 Jan  3 00:50 Gaussian2
drwxrwxr-x   3 travis travis  12288 Jan  3 00:51 LookupTable
drwxrwxr-x   3 travis travis  20480 Jan  3 00:51 MaxIndex
-rw-rw-r--   1 travis travis   3723 Jan  3 00:55 ModularCodeGenTest_A1_A2.class
-rw-rw-r--   1 travis travis   9163 Jan  3 00:55 ModularCodeGenTest_A1_A2.java
-rw-rw-r--   1 travis travis    904 Jan  3 00:55 ModularCodeGenTest_A1_A2.mk
-rw-rw-r--   1 travis travis   1306 Jan  3 00:55 ModularCodeGenTest_A1_A2_profile.class
-rw-rw-r--   1 travis travis   1228 Jan  3 00:55 ModularCodeGenTest_A1_A2_profile.java
-rw-rw-r--   1 travis travis   4055 Jan  3 00:55 ModularCodeGenTest_A1.class
-rw-rw-r--   1 travis travis   9968 Jan  3 00:55 ModularCodeGenTest_A1.java
-rw-rw-r--   1 travis travis    880 Jan  3 00:55 ModularCodeGenTest_A1.mk
-rw-rw-r--   1 travis travis   1352 Jan  3 00:55 ModularCodeGenTest_A1_profile.class
-rw-rw-r--   1 travis travis   1394 Jan  3 00:55 ModularCodeGenTest_A1_profile.java
drwxrwxr-x   3 travis travis  32768 Jan  3 00:55 modulation2
drwxrwxr-x 116 travis travis  12288 Jan  3 00:55 node_modules
drwxrwxr-x   3 travis travis  20480 Jan  3 00:51 PhaseUnwrap
drwxrwxr-x   3 travis travis  12288 Jan  3 00:51 ReadFile1
-rw-rw-r--   1 travis travis     11 Jan  3 00:51 ReadFile1Output.txt
-rw-rw-r--   1 travis travis  13773 Jan  3 00:55 Repeat.class
-rw-rw-r--   1 travis travis    685 Jan  3 00:55 Repeat$_fireFunction_Repeat_Repeat$__f_sL_11.class
-rw-rw-r--   1 travis travis    541 Jan  3 00:55 Repeat$_fireFunction_Repeat_Repeat$__f_sL_12.class
-rw-rw-r--   1 travis travis    541 Jan  3 00:55 Repeat$_fireFunction_Repeat_Repeat$__f_sL_13.class
-rw-rw-r--   1 travis travis    541 Jan  3 00:55 Repeat$_fireFunction_Repeat_Repeat$__f_sL_14.class
-rw-rw-r--   1 travis travis    684 Jan  3 00:55 Repeat$_fireFunction_Repeat_Repeat$__f_sL_1.class
-rw-rw-r--   1 travis travis    683 Jan  3 00:55 Repeat$_fireFunction_Repeat_Repeat$__f_sL_4.class
-rw-rw-r--   1 travis travis    539 Jan  3 00:55 Repeat$_fireFunction_Repeat_Repeat$__f_sL_9.class
-rw-rw-r--   1 travis travis    494 Jan  3 00:55 Repeat$_initialize_Repeat$__i_sL_2.class
-rw-rw-r--   1 travis travis   1281 Jan  3 00:55 Repeat.mk
-rw-rw-r--   1 travis travis    539 Jan  3 00:55 Repeat$_preinitializeMethod_Repeat$__p_sL_0.class
-rw-rw-r--   1 travis travis   1102 Jan  3 00:55 Repeat$_Repeat$_fireFunction_Repeat_AddSubtract_Repeat.class
-rw-rw-r--   1 travis travis    810 Jan  3 00:55 Repeat$_Repeat$_fireFunction_Repeat_AddSubtract_Repeat$__f_sL_0.class
-rw-rw-r--   1 travis travis    928 Jan  3 00:55 Repeat$_Repeat$_fireFunction_Repeat_AddSubtract_Repeat$__f_sL_1.class
-rw-rw-r--   1 travis travis    934 Jan  3 00:55 Repeat$_Repeat$_fireFunction_Repeat_AddSubtract_Repeat$__f_sL_2.class
-rw-rw-r--   1 travis travis    862 Jan  3 00:55 Repeat$_Repeat$_fireFunction_Repeat_AddSubtract_Repeat$__f_sL_3.class
-rw-rw-r--   1 travis travis    757 Jan  3 00:55 Repeat$_Repeat$_fireFunction_Repeat_Ramp2_Repeat$__f_sL_0.class
-rw-rw-r--   1 travis travis    888 Jan  3 00:55 Repeat$_Repeat$_fireFunction_Repeat_Test_Repeat$__f_sL_0.class
-rw-rw-r--   1 travis travis    634 Jan  3 00:55 Repeat$_Repeat$_fireFunction_Repeat_Test_Repeat$__f_sL_1.class
-rw-rw-r--   1 travis travis    704 Jan  3 00:55 Repeat$_Repeat_SDF_Director_run_Repeat$__R_sL_0.class
-rw-rw-r--   1 travis travis    705 Jan  3 00:55 Repeat$_Repeat_SDF_Director_run_Repeat$__R_sL_11.class
-rw-rw-r--   1 travis travis    561 Jan  3 00:55 Repeat$_Repeat_SDF_Director_run_Repeat$__R_sL_13.class
-rw-rw-r--   1 travis travis    559 Jan  3 00:55 Repeat$_Repeat_SDF_Director_run_Repeat$__R_sL_2.class
-rw-rw-r--   1 travis travis    703 Jan  3 00:55 Repeat$_Repeat_SDF_Director_run_Repeat$__R_sL_3.class
-rw-rw-r--   1 travis travis    559 Jan  3 00:55 Repeat$_Repeat_SDF_Director_run_Repeat$__R_sL_5.class
-rw-rw-r--   1 travis travis    559 Jan  3 00:55 Repeat$_Repeat_SDF_Director_run_Repeat$__R_sL_8.class
drwxrwxr-x   2 travis travis   4096 Jan  3 00:55 RepeatVariables
-rw-rw-r--   1 travis travis    882 Jan  3 00:55 Repeat$_varinit_Repeat.class
-rw-rw-r--   1 travis travis    550 Jan  3 00:55 Repeat$_varinit_Repeat$__v_sL_2.class
-rw-rw-r--   1 travis travis    924 Jan  3 00:55 Repeat$_varinit_Repeat$__v_sL_4.class
-rw-rw-r--   1 travis travis    978 Jan  3 00:55 Repeat$_wrapup_Repeat$__w_sL_1.class
drwxrwxr-x   3 travis travis  20480 Jan  3 00:52 Sinewave
drwxrwxr-x   3 travis travis  32768 Jan  3 00:53 StringFunction
drwxrwxr-x   3 travis travis  12288 Jan  3 00:53 StringLength
drwxrwxr-x   3 travis travis  61440 Jan  3 00:53 StringMatches2
drwxrwxr-x   3 travis travis  61440 Jan  3 00:54 StringSimpleReplace
drwxrwxr-x   3 travis travis  65536 Jan  3 00:54 StringSubstring
drwxrwxr-x   3 travis travis  24576 Jan  3 00:54 StringSubstring2
drwxrwxr-x   3 travis travis  16384 Jan  3 00:54 time1
drwxrwxr-x   3 travis travis  12288 Jan  3 00:55 time5
-rw-rw-r--   1 travis travis    432 Jan  3 00:55 Token.class
-rw-rw-r--   1 travis travis    251 Jan  3 00:55 Token.java
-rwxrwxr-x   1 travis travis 466992 Jan  3 00:49 top
-rw-rw-r--   1 travis travis  20502 Jan  3 00:49 top.c
-rw-rw-r--   1 travis travis   3799 Jan  3 00:55 top.class
-rw-rw-r--   1 travis travis   1257 Jan  3 00:55 top.mk
All Done
Writing ModularCodeGenTest_A1_A2.java in file:/home/travis/cg/ (9164 characters)
Reading "ptolemy/cg/kernel/generic/program/procedural/java/modular/makefile.in",
    writing "/home/travis/cg/ModularCodeGenTest_A1_A2.mk"
Using ptolemy/cg/kernel/generic/program/procedural/java/modular/makefile.in
In "/home/travis/cg", about to execute:
    make -f ModularCodeGenTest_A1_A2.mk
javac -classpath ".:.."    ModularCodeGenTest_A1_A2.java
All Done
2720 ms. Memory: 129024K Free: 93703K (73%)
Warning: failed to delete /home/travis/cg: error deleting "/home/travis/cg/node_modules/@pm2/io/node_modules/.bin":  best guess at reason: permission denied
In "/home/travis/cg", about to execute:
    pwd
In "/home/travis/cg", about to execute:
    ls -l
In "/home/travis/cg", about to execute:
    javac -classpath
.:/home/travis/build/icyphy/ptII:/home/travis/build/icyphy/ptII/lib/bsh-2.0b4.j
ar:/home/travis/build/icyphy/ptII/lib/ptCal.jar:/home/travis/build/icyphy/ptII/
lib/java_cup.jar:/home/travis/build/icyphy/ptII/lib/saxon8.jar:/home/travis/bui
ld/icyphy/ptII/lib/saxon8-dom.jar:/home/travis/build/icyphy/ptII/lib/chic.jar:/
home/travis/build/icyphy/ptII/lib/ptcolt.jar:/home/travis/build/icyphy/ptII/ven
dors/misc/itext/iText.jar:/home/travis/build/icyphy/ptII/lib/g4ltl.jar:/home/tr
avis/build/icyphy/ptII/lib/StructuralCoder.jar:/home/travis/build/icyphy/ptII/l
ib/jcerti.jar:/home/travis/build/icyphy/ptII/lib/javax.mail.jar:/home/travis/bu
ild/icyphy/ptII/vendors/JMF-2.1.1e/lib/jmf.jar:/home/travis/build/icyphy/ptII/l
ib/jna-4.0.0-variadic.jar:/home/travis/build/icyphy/ptII/vendors/misc/joystick/
Joystick.jar:/home/travis/build/icyphy/ptII/lib/ptjacl.jar:/home/travis/build/i
cyphy/ptII/lib/jsoup-1.8.2.jar:/home/travis/build/icyphy/ptII/lib/junit-4.8.2.j
ar:/home/travis/build/icyphy/ptII/lib/JUnitParams-0.4.0.jar:/home/travis/build/
icyphy/ptII/ptolemy/actor/lib/excel/jxl.jar:/home/travis/build/icyphy/ptII/lib/
jython.jar:/home/travis/build/icyphy/ptII/lib/kieler.jar:/home/travis/build/icy
phy/ptII/vendors/opencv/share/OpenCV/java/opencv-341.jar:/home/travis/build/icy
phy/ptII/lib/oscP5.jar:/home/travis/build/icyphy/ptII/lib/nrjavaserial-3.11.0.d
evel.jar:/home/travis/build/icyphy/ptII/vendors/j3d/lib/Linux/j3dcore.jar:/home
/travis/build/icyphy/ptII/vendors/j3d/lib/Linux/j3dutils.jar:/home/travis/build
/icyphy/ptII/vendors/j3d/lib/Linux/vecmath.jar:/home/travis/build/icyphy/ptII/v
endors/jogl/lib/Linux/gluegen-rt-natives-linux-amd64.jar:/home/travis/build/icy
phy/ptII/vendors/jogl/lib/Linux/gluegen-rt.jar:/home/travis/build/icyphy/ptII/v
endors/jogl/lib/Linux/jogl-all-natives-linux-amd64.jar:/home/travis/build/icyph
y/ptII/vendors/jogl/lib/Linux/jogl-all.jar:/home/travis/build/icyphy/ptII/ptole
my/distributed/jini/jar/jini-core.jar:/home/travis/build/icyphy/ptII/ptolemy/di
stributed/jini/jar/jini-ext.jar:/home/travis/build/icyphy/ptII/ptolemy/distribu
ted/jini/jar/sun-util.jar:/home/travis/build/icyphy/ptII/lib/protobuf-java-2.4.
1.jar:/home/travis/build/icyphy/ptII/lib/org.eclipse.paho.client.mqttv3.jar:/ho
me/travis/build/icyphy/ptII/lib/mapss.jar:/home/travis/build/icyphy/ptII/ptolem
y/actor/ptalon/antlr/antlr.jar:/home/travis/build/icyphy/ptII/lib/JRI.jar:/home
/travis/build/icyphy/ptII/lib/commons-lang-2.6.jar:/home/travis/build/icyphy/pt
II/lib/commons-logging-1.1.1.jar:/home/travis/build/icyphy/ptII/lib/sootclasses
.jar:/home/travis/build/icyphy/ptII/ptolemy/actor/lib/database/mysql-connector-
java-5.1.6-bin.jar:/home/travis/build/icyphy/ptII/vendors/misc/sphinx4/sphinx4-
data-5prealpha.jar:/home/travis/build/icyphy/ptII/vendors/misc/sphinx4/sphinx4-
core-5prealpha.jar:/home/travis/build/icyphy/ptII/lib/PDFRenderer.jar:/home/tra
vis/build/icyphy/ptII/lib/svgSalamander.jar:/home/travis/build/icyphy/ptII/lib/
rsyntaxtextarea-2.6.0-SNAPSHOT.jar:/home/travis/build/icyphy/ptII/lib/hazelcast
-3.8.2.jar:/home/travis/build/icyphy/ptII/lib/jackson-annotations-2.9.0.jar:/ho
me/travis/build/icyphy/ptII/lib/jackson-core-2.9.3.jar:/home/travis/build/icyph
y/ptII/lib/jackson-databind-2.9.3.jar:/home/travis/build/icyphy/ptII/lib/netty-
buffer-4.1.19.Final.jar:/home/travis/build/icyphy/ptII/lib/netty-codec-4.1.19.F
inal.jar:/home/travis/build/icyphy/ptII/lib/netty-codec-dns-4.1.19.Final.jar:/h
ome/travis/build/icyphy/ptII/lib/netty-codec-http-4.1.19.Final.jar:/home/travis
/build/icyphy/ptII/lib/netty-codec-http2-4.1.19.Final.jar:/home/travis/build/ic
yphy/ptII/lib/netty-common-4.1.19.Final.jar:/home/travis/build/icyphy/ptII/lib/
netty-handler-4.1.19.Final.jar:/home/travis/build/icyphy/ptII/lib/netty-resolve
r-4.1.19.Final.jar:/home/travis/build/icyphy/ptII/lib/netty-resolver-dns-4.1.19
.Final.jar:/home/travis/build/icyphy/ptII/lib/netty-transport-4.1.19.Final.jar:
/home/travis/build/icyphy/ptII/lib/vertx-codegen-3.5.1.jar:/home/travis/build/i
cyphy/ptII/lib/vertx-core-3.5.2-SNAPSHOT.jar:/home/travis/build/icyphy/ptII/lib
/vertx-hazelcast-3.5.1.jar:/home/travis/build/icyphy/ptII/lib/vertx-lang-js-3.5
.1.jar:/home/travis/build/icyphy/ptII/lib/vertx-service-proxy-3.5.1.jar:/home/t
ravis/build/icyphy/ptII/lib/vertx-web-3.5.1.jar:/home/travis/build/icyphy/ptII/
lib/slf4j-api-1.7.13.jar:/home/travis/build/icyphy/ptII/lib/slf4j-simple-1.7.13
.jar:/home/travis/build/icyphy/ptII/lib/webcam-capture-0.3.12.jar:/home/travis/
build/icyphy/ptII/lib/bridj-0.7.0.jar:/home/travis/build/icyphy/ptII/lib/xbjlib
-1.1.0.nrjavaserial.jar:/home/travis/build/icyphy/ptII/ptolemy/moml/test:/home/
travis/build/icyphy/ptII/ant/lib/ant-launcher.jar:/home/travis/build/icyphy/ptI
I/ant/lib/ant.jar:/home/travis/build/icyphy/ptII/ant/lib/ant-junit.jar:/home/tr
avis/build/icyphy/ptII/ant/lib/ant-junit4.jar:/home/travis/build/icyphy/ptII
ModularCodeGenTest_A1_profile.java
/home/travis/cg
total 1220
drwxrwxr-x   3 travis travis  12288 Jan  3 00:50 AbsoluteValue
drwxrwxr-x   3 travis travis 102400 Jan  3 00:49 AllColt
drwxrwxr-x   3 travis travis  12288 Jan  3 00:50 Case1
drwxrwxr-x   5 travis travis   4096 Jan  3 00:49 fmi
drwxrwxr-x   3 travis travis  16384 Jan  3 00:50 Gaussian2
drwxrwxr-x   3 travis travis  12288 Jan  3 00:51 LookupTable
drwxrwxr-x   3 travis travis  20480 Jan  3 00:51 MaxIndex
-rw-rw-r--   1 travis travis   3724 Jan  3 00:55 ModularCodeGenTest_A1_A2.class
-rw-rw-r--   1 travis travis   9164 Jan  3 00:55 ModularCodeGenTest_A1_A2.java
-rw-rw-r--   1 travis travis   1306 Jan  3 00:55 ModularCodeGenTest_A1_A2_profile.class
-rw-rw-r--   1 travis travis   9968 Jan  3 00:55 ModularCodeGenTest_A1.java
-rw-rw-r--   1 travis travis   1394 Jan  3 00:55 ModularCodeGenTest_A1_profile.java
drwxrwxr-x   3 travis travis  32768 Jan  3 00:55 modulation2
drwxrwxr-x 116 travis travis  12288 Jan  3 00:55 node_modules
drwxrwxr-x   3 travis travis  20480 Jan  3 00:51 PhaseUnwrap
drwxrwxr-x   3 travis travis  12288 Jan  3 00:51 ReadFile1
-rw-rw-r--   1 travis travis     11 Jan  3 00:51 ReadFile1Output.txt
-rw-rw-r--   1 travis travis  13773 Jan  3 00:55 Repeat.class
-rw-rw-r--   1 travis travis    685 Jan  3 00:55 Repeat$_fireFunction_Repeat_Repeat$__f_sL_11.class
-rw-rw-r--   1 travis travis    541 Jan  3 00:55 Repeat$_fireFunction_Repeat_Repeat$__f_sL_12.class
-rw-rw-r--   1 travis travis    541 Jan  3 00:55 Repeat$_fireFunction_Repeat_Repeat$__f_sL_13.class
-rw-rw-r--   1 travis travis    541 Jan  3 00:55 Repeat$_fireFunction_Repeat_Repeat$__f_sL_14.class
-rw-rw-r--   1 travis travis    684 Jan  3 00:55 Repeat$_fireFunction_Repeat_Repeat$__f_sL_1.class
-rw-rw-r--   1 travis travis    683 Jan  3 00:55 Repeat$_fireFunction_Repeat_Repeat$__f_sL_4.class
-rw-rw-r--   1 travis travis    539 Jan  3 00:55 Repeat$_fireFunction_Repeat_Repeat$__f_sL_9.class
-rw-rw-r--   1 travis travis    494 Jan  3 00:55 Repeat$_initialize_Repeat$__i_sL_2.class
-rw-rw-r--   1 travis travis   1281 Jan  3 00:55 Repeat.mk
-rw-rw-r--   1 travis travis    539 Jan  3 00:55 Repeat$_preinitializeMethod_Repeat$__p_sL_0.class
-rw-rw-r--   1 travis travis   1102 Jan  3 00:55 Repeat$_Repeat$_fireFunction_Repeat_AddSubtract_Repeat.class
-rw-rw-r--   1 travis travis    810 Jan  3 00:55 Repeat$_Repeat$_fireFunction_Repeat_AddSubtract_Repeat$__f_sL_0.class
-rw-rw-r--   1 travis travis    928 Jan  3 00:55 Repeat$_Repeat$_fireFunction_Repeat_AddSubtract_Repeat$__f_sL_1.class
-rw-rw-r--   1 travis travis    934 Jan  3 00:55 Repeat$_Repeat$_fireFunction_Repeat_AddSubtract_Repeat$__f_sL_2.class
-rw-rw-r--   1 travis travis    862 Jan  3 00:55 Repeat$_Repeat$_fireFunction_Repeat_AddSubtract_Repeat$__f_sL_3.class
-rw-rw-r--   1 travis travis    757 Jan  3 00:55 Repeat$_Repeat$_fireFunction_Repeat_Ramp2_Repeat$__f_sL_0.class
-rw-rw-r--   1 travis travis    888 Jan  3 00:55 Repeat$_Repeat$_fireFunction_Repeat_Test_Repeat$__f_sL_0.class
-rw-rw-r--   1 travis travis    634 Jan  3 00:55 Repeat$_Repeat$_fireFunction_Repeat_Test_Repeat$__f_sL_1.class
-rw-rw-r--   1 travis travis    704 Jan  3 00:55 Repeat$_Repeat_SDF_Director_run_Repeat$__R_sL_0.class
-rw-rw-r--   1 travis travis    705 Jan  3 00:55 Repeat$_Repeat_SDF_Director_run_Repeat$__R_sL_11.class
-rw-rw-r--   1 travis travis    561 Jan  3 00:55 Repeat$_Repeat_SDF_Director_run_Repeat$__R_sL_13.class
-rw-rw-r--   1 travis travis    559 Jan  3 00:55 Repeat$_Repeat_SDF_Director_run_Repeat$__R_sL_2.class
-rw-rw-r--   1 travis travis    703 Jan  3 00:55 Repeat$_Repeat_SDF_Director_run_Repeat$__R_sL_3.class
-rw-rw-r--   1 travis travis    559 Jan  3 00:55 Repeat$_Repeat_SDF_Director_run_Repeat$__R_sL_5.class
-rw-rw-r--   1 travis travis    559 Jan  3 00:55 Repeat$_Repeat_SDF_Director_run_Repeat$__R_sL_8.class
drwxrwxr-x   2 travis travis   4096 Jan  3 00:55 RepeatVariables
-rw-rw-r--   1 travis travis    882 Jan  3 00:55 Repeat$_varinit_Repeat.class
-rw-rw-r--   1 travis travis    550 Jan  3 00:55 Repeat$_varinit_Repeat$__v_sL_2.class
-rw-rw-r--   1 travis travis    924 Jan  3 00:55 Repeat$_varinit_Repeat$__v_sL_4.class
-rw-rw-r--   1 travis travis    978 Jan  3 00:55 Repeat$_wrapup_Repeat$__w_sL_1.class
drwxrwxr-x   3 travis travis  20480 Jan  3 00:52 Sinewave
drwxrwxr-x   3 travis travis  32768 Jan  3 00:53 StringFunction
drwxrwxr-x   3 travis travis  12288 Jan  3 00:53 StringLength
drwxrwxr-x   3 travis travis  61440 Jan  3 00:53 StringMatches2
drwxrwxr-x   3 travis travis  61440 Jan  3 00:54 StringSimpleReplace
drwxrwxr-x   3 travis travis  65536 Jan  3 00:54 StringSubstring
drwxrwxr-x   3 travis travis  24576 Jan  3 00:54 StringSubstring2
drwxrwxr-x   3 travis travis  16384 Jan  3 00:54 time1
drwxrwxr-x   3 travis travis  12288 Jan  3 00:55 time5
-rwxrwxr-x   1 travis travis 466992 Jan  3 00:49 top
-rw-rw-r--   1 travis travis  20502 Jan  3 00:49 top.c
-rw-rw-r--   1 travis travis   3799 Jan  3 00:55 top.class
-rw-rw-r--   1 travis travis   1257 Jan  3 00:55 top.mk
All Done
Writing ModularCodeGenTest_A1.java in file:/home/travis/cg/ (9968 characters)
Reading "ptolemy/cg/kernel/generic/program/procedural/java/modular/makefile.in",
    writing "/home/travis/cg/ModularCodeGenTest_A1.mk"
Using ptolemy/cg/kernel/generic/program/procedural/java/modular/makefile.in
In "/home/travis/cg", about to execute:
    make -f ModularCodeGenTest_A1.mk
javac -classpath ".:.."    ModularCodeGenTest_A1.java
All Done
2589 ms. Memory: 129024K Free: 61929K (48%)
01/03/20 12:55:38
Failed: 0  Total Tests: 3  ((Passed: 3, Newly Passed: 0)  Known Failed: 0) /home/travis/build/icyphy/ptII/ptolemy/cg/lib/test
No auto/knownFailedTests/*.xml tests in /home/travis/build/icyphy/ptII/ptolemy/cg/lib/test
No auto/linux-amd64/*.xml tests in /home/travis/build/icyphy/ptII/ptolemy/cg/lib/test
AutoTests.java: About to close Vertx.
AutoTests.java: Vertx closed.

===========================================================================================
----------------- testing Fri Jan 03 00:55:38 UTC 2020 /home/travis/build/icyphy/ptII/ptolemy/cg/lib/test/auto/CompiledCompositeActor.xml
----------------- Instantiating /home/travis/build/icyphy/ptII/ptolemy/cg/lib/test/auto/CompiledCompositeActor.xml
CompiledCompositeActor: Building shared object: The sharedObjectFile has a modification time that is earlier than the modelFile modification time.
Writing CompiledCompositeActor_CompiledCompositeActor.java in file:/home/travis/cg/ (13466 characters)
Reading "ptolemy/cg/kernel/generic/program/procedural/java/makefile.in",
    writing "/home/travis/cg/CompiledCompositeActor_CompiledCompositeActor.mk"
Using ptolemy/cg/kernel/generic/program/procedural/java/makefile.in
In "/home/travis/cg", about to execute:
    make -f CompiledCompositeActor_CompiledCompositeActor.mk
javac -classpath ".:."    CompiledCompositeActor_CompiledCompositeActor.java
All Done
1145 ms. Memory: 129024K Free: 94884K (74%)
----------------- Invoking toplevel() on ptolemy.moml.MoMLSimpleApplication@3cca4683
----------------- Done invoking toplevel() on ptolemy.moml.MoMLSimpleApplication@3cca4683
reloadAllAccessors: .CompiledCompositeActor

===========================================================================================
----------------- testing Fri Jan 03 00:55:39 UTC 2020 /home/travis/build/icyphy/ptII/ptolemy/cg/lib/test/auto/DECGClockRamp.xml
----------------- Instantiating /home/travis/build/icyphy/ptII/ptolemy/cg/lib/test/auto/DECGClockRamp.xml
12 ms. Memory: 129024K Free: 89252K (69%)
----------------- Invoking toplevel() on ptolemy.moml.MoMLSimpleApplication@15b36308
----------------- Done invoking toplevel() on ptolemy.moml.MoMLSimpleApplication@15b36308
reloadAllAccessors: .DECGClockRamp

===========================================================================================
----------------- testing Fri Jan 03 00:55:39 UTC 2020 /home/travis/build/icyphy/ptII/ptolemy/cg/lib/test/auto/DECGDelay.xml
----------------- Instantiating /home/travis/build/icyphy/ptII/ptolemy/cg/lib/test/auto/DECGDelay.xml
12 ms. Memory: 129024K Free: 83007K (64%)
----------------- Invoking toplevel() on ptolemy.moml.MoMLSimpleApplication@921e1c6
----------------- Done invoking toplevel() on ptolemy.moml.MoMLSimpleApplication@921e1c6
reloadAllAccessors: .DECGDelay

===========================================================================================
----------------- testing Fri Jan 03 00:55:39 UTC 2020 /home/travis/build/icyphy/ptII/ptolemy/cg/lib/test/auto/DECGHelloWorld.xml
----------------- Instantiating /home/travis/build/icyphy/ptII/ptolemy/cg/lib/test/auto/DECGHelloWorld.xml
3 ms. Memory: 129024K Free: 79313K (61%)
----------------- Invoking toplevel() on ptolemy.moml.MoMLSimpleApplication@5b84aa7c
----------------- Done invoking toplevel() on ptolemy.moml.MoMLSimpleApplication@5b84aa7c
reloadAllAccessors: .DECGHelloWorld

===========================================================================================
----------------- testing Fri Jan 03 00:55:39 UTC 2020 /home/travis/build/icyphy/ptII/ptolemy/cg/lib/test/auto/DECGHeterogeneous.xml
----------------- Instantiating /home/travis/build/icyphy/ptII/ptolemy/cg/lib/test/auto/DECGHeterogeneous.xml
17 ms. Memory: 129024K Free: 66039K (51%)
----------------- Invoking toplevel() on ptolemy.moml.MoMLSimpleApplication@3804e79b
----------------- Done invoking toplevel() on ptolemy.moml.MoMLSimpleApplication@3804e79b
reloadAllAccessors: .DECGHeterogeneous

===========================================================================================
----------------- testing Fri Jan 03 00:55:40 UTC 2020 /home/travis/build/icyphy/ptII/ptolemy/cg/lib/test/auto/DECGHeterogeneousMk2.xml
----------------- Instantiating /home/travis/build/icyphy/ptII/ptolemy/cg/lib/test/auto/DECGHeterogeneousMk2.xml
70 ms. Memory: 129024K Free: 51263K (40%)
----------------- Invoking toplevel() on ptolemy.moml.MoMLSimpleApplication@2962740
----------------- Done invoking toplevel() on ptolemy.moml.MoMLSimpleApplication@2962740
reloadAllAccessors: .DECGHeterogeneousMk2

===========================================================================================
----------------- testing Fri Jan 03 00:55:40 UTC 2020 /home/travis/build/icyphy/ptII/ptolemy/cg/lib/test/auto/DECGMath.xml
----------------- Instantiating /home/travis/build/icyphy/ptII/ptolemy/cg/lib/test/auto/DECGMath.xml
10 ms. Memory: 129024K Free: 45260K (35%)
----------------- Invoking toplevel() on ptolemy.moml.MoMLSimpleApplication@4c9cc444
----------------- Done invoking toplevel() on ptolemy.moml.MoMLSimpleApplication@4c9cc444
reloadAllAccessors: .DECGMath

===========================================================================================
----------------- testing Fri Jan 03 00:55:40 UTC 2020 /home/travis/build/icyphy/ptII/ptolemy/cg/lib/test/auto/DECGPi.xml
----------------- Instantiating /home/travis/build/icyphy/ptII/ptolemy/cg/lib/test/auto/DECGPi.xml
69 ms. Memory: 129024K Free: 105697K (82%)
----------------- Invoking toplevel() on ptolemy.moml.MoMLSimpleApplication@1b965f47
----------------- Done invoking toplevel() on ptolemy.moml.MoMLSimpleApplication@1b965f47
reloadAllAccessors: .DECGPi

===========================================================================================
----------------- testing Fri Jan 03 00:55:40 UTC 2020 /home/travis/build/icyphy/ptII/ptolemy/cg/lib/test/auto/DECGPiSquare.xml
----------------- Instantiating /home/travis/build/icyphy/ptII/ptolemy/cg/lib/test/auto/DECGPiSquare.xml
125 ms. Memory: 129024K Free: 92385K (72%)
----------------- Invoking toplevel() on ptolemy.moml.MoMLSimpleApplication@51137538
----------------- Done invoking toplevel() on ptolemy.moml.MoMLSimpleApplication@51137538
reloadAllAccessors: .DECGPiSquare

===========================================================================================
----------------- testing Fri Jan 03 00:55:40 UTC 2020 /home/travis/build/icyphy/ptII/ptolemy/cg/lib/test/auto/DECGPoisson.xml
----------------- Instantiating /home/travis/build/icyphy/ptII/ptolemy/cg/lib/test/auto/DECGPoisson.xml
2 ms. Memory: 129024K Free: 88275K (68%)
----------------- Invoking toplevel() on ptolemy.moml.MoMLSimpleApplication@7fe2425b
----------------- Done invoking toplevel() on ptolemy.moml.MoMLSimpleApplication@7fe2425b
reloadAllAccessors: .DECGPoisson

===========================================================================================
----------------- testing Fri Jan 03 00:55:40 UTC 2020 /home/travis/build/icyphy/ptII/ptolemy/cg/lib/test/auto/JavaCompiledCompositeActor5.xml
----------------- Instantiating /home/travis/build/icyphy/ptII/ptolemy/cg/lib/test/auto/JavaCompiledCompositeActor5.xml
CompiledCompositeActor: Building shared object: No effigy.  This can happen when CodeGenerator.generateCode() is called from within the test suite.  The code will be recompiled.
Writing CompiledCompositeActor_CompiledCompositeActor.java in file:/home/travis/cg/ (13466 characters)
Reading "ptolemy/cg/kernel/generic/program/procedural/java/makefile.in",
    writing "/home/travis/cg/CompiledCompositeActor_CompiledCompositeActor.mk"
Using ptolemy/cg/kernel/generic/program/procedural/java/makefile.in
In "/home/travis/cg", about to execute:
    make -f CompiledCompositeActor_CompiledCompositeActor.mk
javac -classpath ".:."    CompiledCompositeActor_CompiledCompositeActor.java
All Done
1008 ms. Memory: 129024K Free: 66334K (51%)
----------------- Invoking toplevel() on ptolemy.moml.MoMLSimpleApplication@35d6cb75
----------------- Done invoking toplevel() on ptolemy.moml.MoMLSimpleApplication@35d6cb75
reloadAllAccessors: .CompiledCompositeActor

===========================================================================================
----------------- testing Fri Jan 03 00:55:41 UTC 2020 /home/travis/build/icyphy/ptII/ptolemy/cg/lib/test/auto/JavaCompiledCompositeTest1.xml
----------------- Instantiating /home/travis/build/icyphy/ptII/ptolemy/cg/lib/test/auto/JavaCompiledCompositeTest1.xml
CompiledCompositeActor: Building shared object: The sharedObjectFile has a modification time that is earlier than the modelFile modification time.
Writing JavaCompiledCompositeTest1_CompiledCompositeActor.java in file:/home/travis/cg/ (11637 characters)
Reading "ptolemy/cg/kernel/generic/program/procedural/java/makefile.in",
    writing "/home/travis/cg/JavaCompiledCompositeTest1_CompiledCompositeActor.mk"
Using ptolemy/cg/kernel/generic/program/procedural/java/makefile.in
In "/home/travis/cg", about to execute:
    make -f JavaCompiledCompositeTest1_CompiledCompositeActor.mk
javac -classpath ".:."    JavaCompiledCompositeTest1_CompiledCompositeActor.java
All Done
976 ms. Memory: 129024K Free: 48918K (38%)
----------------- Invoking toplevel() on ptolemy.moml.MoMLSimpleApplication@55fa031c
----------------- Done invoking toplevel() on ptolemy.moml.MoMLSimpleApplication@55fa031c
reloadAllAccessors: .JavaCompiledCompositeTest1

===========================================================================================
----------------- testing Fri Jan 03 00:55:42 UTC 2020 /home/travis/build/icyphy/ptII/ptolemy/cg/lib/test/auto/JavaCompiledCompositeTest2.xml
----------------- Instantiating /home/travis/build/icyphy/ptII/ptolemy/cg/lib/test/auto/JavaCompiledCompositeTest2.xml
CompiledCompositeActor: Building shared object: The sharedObjectFile has a modification time that is earlier than the modelFile modification time.
Writing JavaCompiledCompositeTest2_CompiledCompositeActor.java in file:/home/travis/cg/ (14919 characters)
Reading "ptolemy/cg/kernel/generic/program/procedural/java/makefile.in",
    writing "/home/travis/cg/JavaCompiledCompositeTest2_CompiledCompositeActor.mk"
Using ptolemy/cg/kernel/generic/program/procedural/java/makefile.in
In "/home/travis/cg", about to execute:
    make -f JavaCompiledCompositeTest2_CompiledCompositeActor.mk
javac -classpath ".:."    JavaCompiledCompositeTest2_CompiledCompositeActor.java
All Done
997 ms. Memory: 129024K Free: 96011K (74%)
----------------- Invoking toplevel() on ptolemy.moml.MoMLSimpleApplication@2e375939
----------------- Done invoking toplevel() on ptolemy.moml.MoMLSimpleApplication@2e375939
reloadAllAccessors: .JavaCompiledCompositeTest2

===========================================================================================
----------------- testing Fri Jan 03 00:55:43 UTC 2020 /home/travis/build/icyphy/ptII/ptolemy/cg/lib/test/auto/JavaCompiledCompositeTest3.xml
----------------- Instantiating /home/travis/build/icyphy/ptII/ptolemy/cg/lib/test/auto/JavaCompiledCompositeTest3.xml
CompiledCompositeActor: Building shared object: The sharedObjectFile has a modification time that is earlier than the modelFile modification time.
Writing JavaCompiledCompositeTest3_CompiledCompositeActor.java in file:/home/travis/cg/ (13080 characters)
Reading "ptolemy/cg/kernel/generic/program/procedural/java/makefile.in",
    writing "/home/travis/cg/JavaCompiledCompositeTest3_CompiledCompositeActor.mk"
Using ptolemy/cg/kernel/generic/program/procedural/java/makefile.in
In "/home/travis/cg", about to execute:
    make -f JavaCompiledCompositeTest3_CompiledCompositeActor.mk
javac -classpath ".:."    JavaCompiledCompositeTest3_CompiledCompositeActor.java
All Done
1280 ms. Memory: 129024K Free: 76149K (59%)
----------------- Invoking toplevel() on ptolemy.moml.MoMLSimpleApplication@2d69824c
----------------- Done invoking toplevel() on ptolemy.moml.MoMLSimpleApplication@2d69824c
reloadAllAccessors: .JavaCompiledCompositeTest3

===========================================================================================
----------------- testing Fri Jan 03 00:55:45 UTC 2020 /home/travis/build/icyphy/ptII/ptolemy/cg/lib/test/auto/JavaCompiledCompositeTest4.xml
----------------- Instantiating /home/travis/build/icyphy/ptII/ptolemy/cg/lib/test/auto/JavaCompiledCompositeTest4.xml
CompiledCompositeActor: Building shared object: The sharedObjectFile has a modification time that is earlier than the modelFile modification time.
Writing JavaCompiledCompositeTest4_CompiledCompositeActor.java in file:/home/travis/cg/ (9687 characters)
Reading "ptolemy/cg/kernel/generic/program/procedural/java/makefile.in",
    writing "/home/travis/cg/JavaCompiledCompositeTest4_CompiledCompositeActor.mk"
Using ptolemy/cg/kernel/generic/program/procedural/java/makefile.in
In "/home/travis/cg", about to execute:
    make -f JavaCompiledCompositeTest4_CompiledCompositeActor.mk
javac -classpath ".:."    JavaCompiledCompositeTest4_CompiledCompositeActor.java
All Done
1017 ms. Memory: 129024K Free: 61370K (48%)
----------------- Invoking toplevel() on ptolemy.moml.MoMLSimpleApplication@59dcc581
----------------- Done invoking toplevel() on ptolemy.moml.MoMLSimpleApplication@59dcc581
reloadAllAccessors: .JavaCompiledCompositeTest4

===========================================================================================
----------------- testing Fri Jan 03 00:55:46 UTC 2020 /home/travis/build/icyphy/ptII/ptolemy/cg/lib/test/auto/ModularCG.xml
----------------- Instantiating /home/travis/build/icyphy/ptII/ptolemy/cg/lib/test/auto/ModularCG.xml
In "/home/travis/cg", about to execute:
    pwd
In "/home/travis/cg", about to execute:
    ls -l
/home/travis/cg
In "/home/travis/cg", about to execute:
    javac -classpath
.:/home/travis/build/icyphy/ptII:/home/travis/build/icyphy/ptII/lib/bsh-2.0b4.j
ar:/home/travis/build/icyphy/ptII/lib/ptCal.jar:/home/travis/build/icyphy/ptII/
lib/java_cup.jar:/home/travis/build/icyphy/ptII/lib/saxon8.jar:/home/travis/bui
ld/icyphy/ptII/lib/saxon8-dom.jar:/home/travis/build/icyphy/ptII/lib/chic.jar:/
home/travis/build/icyphy/ptII/lib/ptcolt.jar:/home/travis/build/icyphy/ptII/ven
dors/misc/itext/iText.jar:/home/travis/build/icyphy/ptII/lib/g4ltl.jar:/home/tr
avis/build/icyphy/ptII/lib/StructuralCoder.jar:/home/travis/build/icyphy/ptII/l
ib/jcerti.jar:/home/travis/build/icyphy/ptII/lib/javax.mail.jar:/home/travis/bu
ild/icyphy/ptII/vendors/JMF-2.1.1e/lib/jmf.jar:/home/travis/build/icyphy/ptII/l
ib/jna-4.0.0-variadic.jar:/home/travis/build/icyphy/ptII/vendors/misc/joystick/
Joystick.jar:/home/travis/build/icyphy/ptII/lib/ptjacl.jar:/home/travis/build/i
cyphy/ptII/lib/jsoup-1.8.2.jar:/home/travis/build/icyphy/ptII/lib/junit-4.8.2.j
ar:/home/travis/build/icyphy/ptII/lib/JUnitParams-0.4.0.jar:/home/travis/build/
icyphy/ptII/ptolemy/actor/lib/excel/jxl.jar:/home/travis/build/icyphy/ptII/lib/
jython.jar:/home/travis/build/icyphy/ptII/lib/kieler.jar:/home/travis/build/icy
phy/ptII/vendors/opencv/share/OpenCV/java/opencv-341.jar:/home/travis/build/icy
phy/ptII/lib/oscP5.jar:/home/travis/build/icyphy/ptII/lib/nrjavaserial-3.11.0.d
evel.jar:/home/travis/build/icyphy/ptII/vendors/j3d/lib/Linux/j3dcore.jar:/home
/travis/build/icyphy/ptII/vendors/j3d/lib/Linux/j3dutils.jar:/home/travis/build
/icyphy/ptII/vendors/j3d/lib/Linux/vecmath.jar:/home/travis/build/icyphy/ptII/v
endors/jogl/lib/Linux/gluegen-rt-natives-linux-amd64.jar:/home/travis/build/icy
phy/ptII/vendors/jogl/lib/Linux/gluegen-rt.jar:/home/travis/build/icyphy/ptII/v
endors/jogl/lib/Linux/jogl-all-natives-linux-amd64.jar:/home/travis/build/icyph
y/ptII/vendors/jogl/lib/Linux/jogl-all.jar:/home/travis/build/icyphy/ptII/ptole
my/distributed/jini/jar/jini-core.jar:/home/travis/build/icyphy/ptII/ptolemy/di
stributed/jini/jar/jini-ext.jar:/home/travis/build/icyphy/ptII/ptolemy/distribu
ted/jini/jar/sun-util.jar:/home/travis/build/icyphy/ptII/lib/protobuf-java-2.4.
1.jar:/home/travis/build/icyphy/ptII/lib/org.eclipse.paho.client.mqttv3.jar:/ho
me/travis/build/icyphy/ptII/lib/mapss.jar:/home/travis/build/icyphy/ptII/ptolem
y/actor/ptalon/antlr/antlr.jar:/home/travis/build/icyphy/ptII/lib/JRI.jar:/home
/travis/build/icyphy/ptII/lib/commons-lang-2.6.jar:/home/travis/build/icyphy/pt
II/lib/commons-logging-1.1.1.jar:/home/travis/build/icyphy/ptII/lib/sootclasses
.jar:/home/travis/build/icyphy/ptII/ptolemy/actor/lib/database/mysql-connector-
java-5.1.6-bin.jar:/home/travis/build/icyphy/ptII/vendors/misc/sphinx4/sphinx4-
data-5prealpha.jar:/home/travis/build/icyphy/ptII/vendors/misc/sphinx4/sphinx4-
core-5prealpha.jar:/home/travis/build/icyphy/ptII/lib/PDFRenderer.jar:/home/tra
vis/build/icyphy/ptII/lib/svgSalamander.jar:/home/travis/build/icyphy/ptII/lib/
rsyntaxtextarea-2.6.0-SNAPSHOT.jar:/home/travis/build/icyphy/ptII/lib/hazelcast
-3.8.2.jar:/home/travis/build/icyphy/ptII/lib/jackson-annotations-2.9.0.jar:/ho
me/travis/build/icyphy/ptII/lib/jackson-core-2.9.3.jar:/home/travis/build/icyph
y/ptII/lib/jackson-databind-2.9.3.jar:/home/travis/build/icyphy/ptII/lib/netty-
buffer-4.1.19.Final.jar:/home/travis/build/icyphy/ptII/lib/netty-codec-4.1.19.F
inal.jar:/home/travis/build/icyphy/ptII/lib/netty-codec-dns-4.1.19.Final.jar:/h
ome/travis/build/icyphy/ptII/lib/netty-codec-http-4.1.19.Final.jar:/home/travis
/build/icyphy/ptII/lib/netty-codec-http2-4.1.19.Final.jar:/home/travis/build/ic
yphy/ptII/lib/netty-common-4.1.19.Final.jar:/home/travis/build/icyphy/ptII/lib/
netty-handler-4.1.19.Final.jar:/home/travis/build/icyphy/ptII/lib/netty-resolve
r-4.1.19.Final.jar:/home/travis/build/icyphy/ptII/lib/netty-resolver-dns-4.1.19
.Final.jar:/home/travis/build/icyphy/ptII/lib/netty-transport-4.1.19.Final.jar:
/home/travis/build/icyphy/ptII/lib/vertx-codegen-3.5.1.jar:/home/travis/build/i
cyphy/ptII/lib/vertx-core-3.5.2-SNAPSHOT.jar:/home/travis/build/icyphy/ptII/lib
/vertx-hazelcast-3.5.1.jar:/home/travis/build/icyphy/ptII/lib/vertx-lang-js-3.5
.1.jar:/home/travis/build/icyphy/ptII/lib/vertx-service-proxy-3.5.1.jar:/home/t
ravis/build/icyphy/ptII/lib/vertx-web-3.5.1.jar:/home/travis/build/icyphy/ptII/
lib/slf4j-api-1.7.13.jar:/home/travis/build/icyphy/ptII/lib/slf4j-simple-1.7.13
.jar:/home/travis/build/icyphy/ptII/lib/webcam-capture-0.3.12.jar:/home/travis/
build/icyphy/ptII/lib/bridj-0.7.0.jar:/home/travis/build/icyphy/ptII/lib/xbjlib
-1.1.0.nrjavaserial.jar:/home/travis/build/icyphy/ptII/ptolemy/moml/test:/home/
travis/build/icyphy/ptII/ant/lib/ant-launcher.jar:/home/travis/build/icyphy/ptI
I/ant/lib/ant.jar:/home/travis/build/icyphy/ptII/ant/lib/ant-junit.jar:/home/tr
avis/build/icyphy/ptII/ant/lib/ant-junit4.jar:/home/travis/build/icyphy/ptII
ModularCG_A1_B1_profile.java
total 1396
drwxrwxr-x   3 travis travis  12288 Jan  3 00:50 AbsoluteValue
drwxrwxr-x   3 travis travis 102400 Jan  3 00:49 AllColt
drwxrwxr-x   3 travis travis  12288 Jan  3 00:50 Case1
-rw-rw-r--   1 travis travis   5128 Jan  3 00:55 CompiledCompositeActor_CompiledCompositeActor.class
-rw-rw-r--   1 travis travis   1611 Jan  3 00:55 CompiledCompositeActor_CompiledCompositeActor$_CompiledCompositeActor_CompiledCompositeActor.class
-rw-rw-r--   1 travis travis  13466 Jan  3 00:55 CompiledCompositeActor_CompiledCompositeActor.java
-rw-rw-r--   1 travis travis   1593 Jan  3 00:55 CompiledCompositeActor_CompiledCompositeActor.mk
drwxrwxr-x   5 travis travis   4096 Jan  3 00:49 fmi
drwxrwxr-x   3 travis travis  16384 Jan  3 00:50 Gaussian2
-rw-rw-r--   1 travis travis   4684 Jan  3 00:55 JavaCompiledCompositeTest1_CompiledCompositeActor.class
-rw-rw-r--   1 travis travis  11637 Jan  3 00:55 JavaCompiledCompositeTest1_CompiledCompositeActor.java
-rw-rw-r--   1 travis travis   1217 Jan  3 00:55 JavaCompiledCompositeTest1_CompiledCompositeActor$_JavaCompiledCompositeTest1_CompiledCompositeActor.class
-rw-rw-r--   1 travis travis   1625 Jan  3 00:55 JavaCompiledCompositeTest1_CompiledCompositeActor.mk
-rw-rw-r--   1 travis travis   5115 Jan  3 00:55 JavaCompiledCompositeTest2_CompiledCompositeActor.class
-rw-rw-r--   1 travis travis  14919 Jan  3 00:55 JavaCompiledCompositeTest2_CompiledCompositeActor.java
-rw-rw-r--   1 travis travis   1812 Jan  3 00:55 JavaCompiledCompositeTest2_CompiledCompositeActor$_JavaCompiledCompositeTest2_CompiledCompositeActor.class
-rw-rw-r--   1 travis travis   1625 Jan  3 00:55 JavaCompiledCompositeTest2_CompiledCompositeActor.mk
-rw-rw-r--   1 travis travis   4732 Jan  3 00:55 JavaCompiledCompositeTest3_CompiledCompositeActor.class
-rw-rw-r--   1 travis travis  13080 Jan  3 00:55 JavaCompiledCompositeTest3_CompiledCompositeActor.java
-rw-rw-r--   1 travis travis   1397 Jan  3 00:55 JavaCompiledCompositeTest3_CompiledCompositeActor$_JavaCompiledCompositeTest3_CompiledCompositeActor.class
-rw-rw-r--   1 travis travis   1625 Jan  3 00:55 JavaCompiledCompositeTest3_CompiledCompositeActor.mk
-rw-rw-r--   1 travis travis   4183 Jan  3 00:55 JavaCompiledCompositeTest4_CompiledCompositeActor.class
-rw-rw-r--   1 travis travis   9687 Jan  3 00:55 JavaCompiledCompositeTest4_CompiledCompositeActor.java
-rw-rw-r--   1 travis travis    876 Jan  3 00:55 JavaCompiledCompositeTest4_CompiledCompositeActor$_JavaCompiledCompositeTest4_CompiledCompositeActor.class
-rw-rw-r--   1 travis travis   1625 Jan  3 00:55 JavaCompiledCompositeTest4_CompiledCompositeActor.mk
drwxrwxr-x   3 travis travis  12288 Jan  3 00:51 LookupTable
drwxrwxr-x   3 travis travis  20480 Jan  3 00:51 MaxIndex
-rw-rw-r--   1 travis travis   1262 Jan  3 00:55 ModularCG_A1_B1_profile.java
-rw-rw-r--   1 travis travis   3724 Jan  3 00:55 ModularCodeGenTest_A1_A2.class
-rw-rw-r--   1 travis travis   9164 Jan  3 00:55 ModularCodeGenTest_A1_A2.java
-rw-rw-r--   1 travis travis   1306 Jan  3 00:55 ModularCodeGenTest_A1_A2_profile.class
-rw-rw-r--   1 travis travis   4055 Jan  3 00:55 ModularCodeGenTest_A1.class
-rw-rw-r--   1 travis travis   9968 Jan  3 00:55 ModularCodeGenTest_A1.java
-rw-rw-r--   1 travis travis    880 Jan  3 00:55 ModularCodeGenTest_A1.mk
-rw-rw-r--   1 travis travis   1352 Jan  3 00:55 ModularCodeGenTest_A1_profile.class
-rw-rw-r--   1 travis travis   1394 Jan  3 00:55 ModularCodeGenTest_A1_profile.java
drwxrwxr-x   3 travis travis  32768 Jan  3 00:55 modulation2
drwxrwxr-x 116 travis travis  12288 Jan  3 00:55 node_modules
drwxrwxr-x   3 travis travis  20480 Jan  3 00:51 PhaseUnwrap
drwxrwxr-x   3 travis travis  12288 Jan  3 00:51 ReadFile1
-rw-rw-r--   1 travis travis     11 Jan  3 00:51 ReadFile1Output.txt
-rw-rw-r--   1 travis travis  13773 Jan  3 00:55 Repeat.class
-rw-rw-r--   1 travis travis    685 Jan  3 00:55 Repeat$_fireFunction_Repeat_Repeat$__f_sL_11.class
-rw-rw-r--   1 travis travis    541 Jan  3 00:55 Repeat$_fireFunction_Repeat_Repeat$__f_sL_12.class
-rw-rw-r--   1 travis travis    541 Jan  3 00:55 Repeat$_fireFunction_Repeat_Repeat$__f_sL_13.class
-rw-rw-r--   1 travis travis    541 Jan  3 00:55 Repeat$_fireFunction_Repeat_Repeat$__f_sL_14.class
-rw-rw-r--   1 travis travis    684 Jan  3 00:55 Repeat$_fireFunction_Repeat_Repeat$__f_sL_1.class
-rw-rw-r--   1 travis travis    683 Jan  3 00:55 Repeat$_fireFunction_Repeat_Repeat$__f_sL_4.class
-rw-rw-r--   1 travis travis    539 Jan  3 00:55 Repeat$_fireFunction_Repeat_Repeat$__f_sL_9.class
-rw-rw-r--   1 travis travis    494 Jan  3 00:55 Repeat$_initialize_Repeat$__i_sL_2.class
-rw-rw-r--   1 travis travis   1281 Jan  3 00:55 Repeat.mk
-rw-rw-r--   1 travis travis    539 Jan  3 00:55 Repeat$_preinitializeMethod_Repeat$__p_sL_0.class
-rw-rw-r--   1 travis travis   1102 Jan  3 00:55 Repeat$_Repeat$_fireFunction_Repeat_AddSubtract_Repeat.class
-rw-rw-r--   1 travis travis    810 Jan  3 00:55 Repeat$_Repeat$_fireFunction_Repeat_AddSubtract_Repeat$__f_sL_0.class
-rw-rw-r--   1 travis travis    928 Jan  3 00:55 Repeat$_Repeat$_fireFunction_Repeat_AddSubtract_Repeat$__f_sL_1.class
-rw-rw-r--   1 travis travis    934 Jan  3 00:55 Repeat$_Repeat$_fireFunction_Repeat_AddSubtract_Repeat$__f_sL_2.class
-rw-rw-r--   1 travis travis    862 Jan  3 00:55 Repeat$_Repeat$_fireFunction_Repeat_AddSubtract_Repeat$__f_sL_3.class
-rw-rw-r--   1 travis travis    757 Jan  3 00:55 Repeat$_Repeat$_fireFunction_Repeat_Ramp2_Repeat$__f_sL_0.class
-rw-rw-r--   1 travis travis    888 Jan  3 00:55 Repeat$_Repeat$_fireFunction_Repeat_Test_Repeat$__f_sL_0.class
-rw-rw-r--   1 travis travis    634 Jan  3 00:55 Repeat$_Repeat$_fireFunction_Repeat_Test_Repeat$__f_sL_1.class
-rw-rw-r--   1 travis travis    704 Jan  3 00:55 Repeat$_Repeat_SDF_Director_run_Repeat$__R_sL_0.class
-rw-rw-r--   1 travis travis    705 Jan  3 00:55 Repeat$_Repeat_SDF_Director_run_Repeat$__R_sL_11.class
-rw-rw-r--   1 travis travis    561 Jan  3 00:55 Repeat$_Repeat_SDF_Director_run_Repeat$__R_sL_13.class
-rw-rw-r--   1 travis travis    559 Jan  3 00:55 Repeat$_Repeat_SDF_Director_run_Repeat$__R_sL_2.class
-rw-rw-r--   1 travis travis    703 Jan  3 00:55 Repeat$_Repeat_SDF_Director_run_Repeat$__R_sL_3.class
-rw-rw-r--   1 travis travis    559 Jan  3 00:55 Repeat$_Repeat_SDF_Director_run_Repeat$__R_sL_5.class
-rw-rw-r--   1 travis travis    559 Jan  3 00:55 Repeat$_Repeat_SDF_Director_run_Repeat$__R_sL_8.class
drwxrwxr-x   2 travis travis   4096 Jan  3 00:55 RepeatVariables
-rw-rw-r--   1 travis travis    882 Jan  3 00:55 Repeat$_varinit_Repeat.class
-rw-rw-r--   1 travis travis    550 Jan  3 00:55 Repeat$_varinit_Repeat$__v_sL_2.class
-rw-rw-r--   1 travis travis    924 Jan  3 00:55 Repeat$_varinit_Repeat$__v_sL_4.class
-rw-rw-r--   1 travis travis    978 Jan  3 00:55 Repeat$_wrapup_Repeat$__w_sL_1.class
drwxrwxr-x   3 travis travis  20480 Jan  3 00:52 Sinewave
drwxrwxr-x   3 travis travis  32768 Jan  3 00:53 StringFunction
drwxrwxr-x   3 travis travis  12288 Jan  3 00:53 StringLength
drwxrwxr-x   3 travis travis  61440 Jan  3 00:53 StringMatches2
drwxrwxr-x   3 travis travis  61440 Jan  3 00:54 StringSimpleReplace
drwxrwxr-x   3 travis travis  65536 Jan  3 00:54 StringSubstring
drwxrwxr-x   3 travis travis  24576 Jan  3 00:54 StringSubstring2
drwxrwxr-x   3 travis travis  16384 Jan  3 00:54 time1
drwxrwxr-x   3 travis travis  12288 Jan  3 00:55 time5
-rw-rw-r--   1 travis travis    432 Jan  3 00:55 Token.class
-rw-rw-r--   1 travis travis    251 Jan  3 00:55 Token.java
-rwxrwxr-x   1 travis travis 466992 Jan  3 00:49 top
-rw-rw-r--   1 travis travis  20502 Jan  3 00:49 top.c
-rw-rw-r--   1 travis travis   3799 Jan  3 00:55 top.class
-rw-rw-r--   1 travis travis   1257 Jan  3 00:55 top.mk
All Done
Writing ModularCG_A1_B1.java in file:/home/travis/cg/ (9730 characters)
Reading "ptolemy/cg/kernel/generic/program/procedural/java/modular/makefile.in",
    writing "/home/travis/cg/ModularCG_A1_B1.mk"
Using ptolemy/cg/kernel/generic/program/procedural/java/modular/makefile.in
In "/home/travis/cg", about to execute:
    make -f ModularCG_A1_B1.mk
javac -classpath ".:.."    ModularCG_A1_B1.java
All Done
In "/home/travis/cg", about to execute:
    pwd
/home/travis/cg
In "/home/travis/cg", about to execute:
    ls -l
total 1424
drwxrwxr-x   3 travis travis  12288 Jan  3 00:50 AbsoluteValue
drwxrwxr-x   3 travis travis 102400 Jan  3 00:49 AllColt
drwxrwxr-x   3 travis travis  12288 Jan  3 00:50 Case1
-rw-rw-r--   1 travis travis   5128 Jan  3 00:55 CompiledCompositeActor_CompiledCompositeActor.class
-rw-rw-r--   1 travis travis   1611 Jan  3 00:55 CompiledCompositeActor_CompiledCompositeActor$_CompiledCompositeActor_CompiledCompositeActor.class
-rw-rw-r--   1 travis travis  13466 Jan  3 00:55 CompiledCompositeActor_CompiledCompositeActor.java
-rw-rw-r--   1 travis travis   1593 Jan  3 00:55 CompiledCompositeActor_CompiledCompositeActor.mk
drwxrwxr-x   5 travis travis   4096 Jan  3 00:49 fmi
drwxrwxr-x   3 travis travis  16384 Jan  3 00:50 Gaussian2
-rw-rw-r--   1 travis travis   4684 Jan  3 00:55 JavaCompiledCompositeTest1_CompiledCompositeActor.class
-rw-rw-r--   1 travis travis  11637 Jan  3 00:55 JavaCompiledCompositeTest1_CompiledCompositeActor.java
-rw-rw-r--   1 travis travis   1217 Jan  3 00:55 JavaCompiledCompositeTest1_CompiledCompositeActor$_JavaCompiledCompositeTest1_CompiledCompositeActor.class
-rw-rw-r--   1 travis travis   1625 Jan  3 00:55 JavaCompiledCompositeTest1_CompiledCompositeActor.mk
-rw-rw-r--   1 travis travis   5115 Jan  3 00:55 JavaCompiledCompositeTest2_CompiledCompositeActor.class
-rw-rw-r--   1 travis travis  14919 Jan  3 00:55 JavaCompiledCompositeTest2_CompiledCompositeActor.java
-rw-rw-r--   1 travis travis   1812 Jan  3 00:55 JavaCompiledCompositeTest2_CompiledCompositeActor$_JavaCompiledCompositeTest2_CompiledCompositeActor.class
-rw-rw-r--   1 travis travis   1625 Jan  3 00:55 JavaCompiledCompositeTest2_CompiledCompositeActor.mk
-rw-rw-r--   1 travis travis   4732 Jan  3 00:55 JavaCompiledCompositeTest3_CompiledCompositeActor.class
-rw-rw-r--   1 travis travis  13080 Jan  3 00:55 JavaCompiledCompositeTest3_CompiledCompositeActor.java
-rw-rw-r--   1 travis travis   1397 Jan  3 00:55 JavaCompiledCompositeTest3_CompiledCompositeActor$_JavaCompiledCompositeTest3_CompiledCompositeActor.class
-rw-rw-r--   1 travis travis   1625 Jan  3 00:55 JavaCompiledCompositeTest3_CompiledCompositeActor.mk
-rw-rw-r--   1 travis travis   4183 Jan  3 00:55 JavaCompiledCompositeTest4_CompiledCompositeActor.class
-rw-rw-r--   1 travis travis   9687 Jan  3 00:55 JavaCompiledCompositeTest4_CompiledCompositeActor.java
-rw-rw-r--   1 travis travis    876 Jan  3 00:55 JavaCompiledCompositeTest4_CompiledCompositeActor$_JavaCompiledCompositeTest4_CompiledCompositeActor.class
-rw-rw-r--   1 travis travis   1625 Jan  3 00:55 JavaCompiledCompositeTest4_CompiledCompositeActor.mk
drwxrwxr-x   3 travis travis  12288 Jan  3 00:51 LookupTable
drwxrwxr-x   3 travis travis  20480 Jan  3 00:51 MaxIndex
-rw-rw-r--   1 travis travis   3925 Jan  3 00:55 ModularCG_A1_B1.class
-rw-rw-r--   1 travis travis   9730 Jan  3 00:55 ModularCG_A1_B1.java
-rw-rw-r--   1 travis travis    832 Jan  3 00:55 ModularCG_A1_B1.mk
-rw-rw-r--   1 travis travis   1318 Jan  3 00:55 ModularCG_A1_B1_profile.class
-rw-rw-r--   1 travis travis   1262 Jan  3 00:55 ModularCG_A1_B1_profile.java
-rw-rw-r--   1 travis travis   1262 Jan  3 00:55 ModularCG_A1_B2_profile.java
-rw-rw-r--   1 travis travis   3724 Jan  3 00:55 ModularCodeGenTest_A1_A2.class
-rw-rw-r--   1 travis travis   9164 Jan  3 00:55 ModularCodeGenTest_A1_A2.java
-rw-rw-r--   1 travis travis   1306 Jan  3 00:55 ModularCodeGenTest_A1_A2_profile.class
-rw-rw-r--   1 travis travis   4055 Jan  3 00:55 ModularCodeGenTest_A1.class
-rw-rw-r--   1 travis travis   9968 Jan  3 00:55 ModularCodeGenTest_A1.java
-rw-rw-r--   1 travis travis    880 Jan  3 00:55 ModularCodeGenTest_A1.mk
-rw-rw-r--   1 travis travis   1352 Jan  3 00:55 ModularCodeGenTest_A1_profile.class
-rw-rw-r--   1 travis travis   1394 Jan  3 00:55 ModularCodeGenTest_A1_profile.java
drwxrwxr-x   3 travis travis  32768 Jan  3 00:55 modulation2
drwxrwxr-x 116 travis travis  12288 Jan  3 00:55 node_modules
drwxrwxr-x   3 travis travis  20480 Jan  3 00:51 PhaseUnwrap
drwxrwxr-x   3 travis travis  12288 Jan  3 00:51 ReadFile1
-rw-rw-r--   1 travis travis     11 Jan  3 00:51 ReadFile1Output.txt
-rw-rw-r--   1 travis travis  13773 Jan  3 00:55 Repeat.class
-rw-rw-r--   1 travis travis    685 Jan  3 00:55 Repeat$_fireFunction_Repeat_Repeat$__f_sL_11.class
-rw-rw-r--   1 travis travis    541 Jan  3 00:55 Repeat$_fireFunction_Repeat_Repeat$__f_sL_12.class
-rw-rw-r--   1 travis travis    541 Jan  3 00:55 Repeat$_fireFunction_Repeat_Repeat$__f_sL_13.class
-rw-rw-r--   1 travis travis    541 Jan  3 00:55 Repeat$_fireFunction_Repeat_Repeat$__f_sL_14.class
-rw-rw-r--   1 travis travis    684 Jan  3 00:55 Repeat$_fireFunction_Repeat_Repeat$__f_sL_1.class
-rw-rw-r--   1 travis travis    683 Jan  3 00:55 Repeat$_fireFunction_Repeat_Repeat$__f_sL_4.class
-rw-rw-r--   1 travis travis    539 Jan  3 00:55 Repeat$_fireFunction_Repeat_Repeat$__f_sL_9.class
-rw-rw-r--   1 travis travis    494 Jan  3 00:55 Repeat$_initialize_Repeat$__i_sL_2.class
-rw-rw-r--   1 travis travis   1281 Jan  3 00:55 Repeat.mk
-rw-rw-r--   1 travis travis    539 Jan  3 00:55 Repeat$_preinitializeMethod_Repeat$__p_sL_0.class
-rw-rw-r--   1 travis travis   1102 Jan  3 00:55 Repeat$_Repeat$_fireFunction_Repeat_AddSubtract_Repeat.class
-rw-rw-r--   1 travis travis    810 Jan  3 00:55 Repeat$_Repeat$_fireFunction_Repeat_AddSubtract_Repeat$__f_sL_0.class
-rw-rw-r--   1 travis travis    928 Jan  3 00:55 Repeat$_Repeat$_fireFunction_Repeat_AddSubtract_Repeat$__f_sL_1.class
-rw-rw-r--   1 travis travis    934 Jan  3 00:55 Repeat$_Repeat$_fireFunction_Repeat_AddSubtract_Repeat$__f_sL_2.class
-rw-rw-r--   1 travis travis    862 Jan  3 00:55 Repeat$_Repeat$_fireFunction_Repeat_AddSubtract_Repeat$__f_sL_3.class
-rw-rw-r--   1 travis travis    757 Jan  3 00:55 Repeat$_Repeat$_fireFunction_Repeat_Ramp2_Repeat$__f_sL_0.class
-rw-rw-r--   1 travis travis    888 Jan  3 00:55 Repeat$_Repeat$_fireFunction_Repeat_Test_Repeat$__f_sL_0.class
-rw-rw-r--   1 travis travis    634 Jan  3 00:55 Repeat$_Repeat$_fireFunction_Repeat_Test_Repeat$__f_sL_1.class
-rw-rw-r--   1 travis travis    704 Jan  3 00:55 Repeat$_Repeat_SDF_Director_run_Repeat$__R_sL_0.class
-rw-rw-r--   1 travis travis    705 Jan  3 00:55 Repeat$_Repeat_SDF_Director_run_Repeat$__R_sL_11.class
In "/home/travis/cg", about to execute:
    javac -classpath
.:/home/travis/build/icyphy/ptII:/home/travis/build/icyphy/ptII/lib/bsh-2.0b4.j
ar:/home/travis/build/icyphy/ptII/lib/ptCal.jar:/home/travis/build/icyphy/ptII/
lib/java_cup.jar:/home/travis/build/icyphy/ptII/lib/saxon8.jar:/home/travis/bui
ld/icyphy/ptII/lib/saxon8-dom.jar:/home/travis/build/icyphy/ptII/lib/chic.jar:/
home/travis/build/icyphy/ptII/lib/ptcolt.jar:/home/travis/build/icyphy/ptII/ven
dors/misc/itext/iText.jar:/home/travis/build/icyphy/ptII/lib/g4ltl.jar:/home/tr
avis/build/icyphy/ptII/lib/StructuralCoder.jar:/home/travis/build/icyphy/ptII/l
ib/jcerti.jar:/home/travis/build/icyphy/ptII/lib/javax.mail.jar:/home/travis/bu
ild/icyphy/ptII/vendors/JMF-2.1.1e/lib/jmf.jar:/home/travis/build/icyphy/ptII/l
ib/jna-4.0.0-variadic.jar:/home/travis/build/icyphy/ptII/vendors/misc/joystick/
Joystick.jar:/home/travis/build/icyphy/ptII/lib/ptjacl.jar:/home/travis/build/i
cyphy/ptII/lib/jsoup-1.8.2.jar:/home/travis/build/icyphy/ptII/lib/junit-4.8.2.j
ar:/home/travis/build/icyphy/ptII/lib/JUnitParams-0.4.0.jar:/home/travis/build/
icyphy/ptII/ptolemy/actor/lib/excel/jxl.jar:/home/travis/build/icyphy/ptII/lib/
jython.jar:/home/travis/build/icyphy/ptII/lib/kieler.jar:/home/travis/build/icy
phy/ptII/vendors/opencv/share/OpenCV/java/opencv-341.jar:/home/travis/build/icy
phy/ptII/lib/oscP5.jar:/home/travis/build/icyphy/ptII/lib/nrjavaserial-3.11.0.d
evel.jar:/home/travis/build/icyphy/ptII/vendors/j3d/lib/Linux/j3dcore.jar:/home
/travis/build/icyphy/ptII/vendors/j3d/lib/Linux/j3dutils.jar:/home/travis/build
/icyphy/ptII/vendors/j3d/lib/Linux/vecmath.jar:/home/travis/build/icyphy/ptII/v
endors/jogl/lib/Linux/gluegen-rt-natives-linux-amd64.jar:/home/travis/build/icy
phy/ptII/vendors/jogl/lib/Linux/gluegen-rt.jar:/home/travis/build/icyphy/ptII/v
endors/jogl/lib/Linux/jogl-all-natives-linux-amd64.jar:/home/travis/build/icyph
y/ptII/vendors/jogl/lib/Linux/jogl-all.jar:/home/travis/build/icyphy/ptII/ptole
my/distributed/jini/jar/jini-core.jar:/home/travis/build/icyphy/ptII/ptolemy/di
stributed/jini/jar/jini-ext.jar:/home/travis/build/icyphy/ptII/ptolemy/distribu
ted/jini/jar/sun-util.jar:/home/travis/build/icyphy/ptII/lib/protobuf-java-2.4.
1.jar:/home/travis/build/icyphy/ptII/lib/org.eclipse.paho.client.mqttv3.jar:/ho
me/travis/build/icyphy/ptII/lib/mapss.jar:/home/travis/build/icyphy/ptII/ptolem
y/actor/ptalon/antlr/antlr.jar:/home/travis/build/icyphy/ptII/lib/JRI.jar:/home
/travis/build/icyphy/ptII/lib/commons-lang-2.6.jar:/home/travis/build/icyphy/pt
II/lib/commons-logging-1.1.1.jar:/home/travis/build/icyphy/ptII/lib/sootclasses
.jar:/home/travis/build/icyphy/ptII/ptolemy/actor/lib/database/mysql-connector-
java-5.1.6-bin.jar:/home/travis/build/icyphy/ptII/vendors/misc/sphinx4/sphinx4-
data-5prealpha.jar:/home/travis/build/icyphy/ptII/vendors/misc/sphinx4/sphinx4-
core-5prealpha.jar:/home/travis/build/icyphy/ptII/lib/PDFRenderer.jar:/home/tra
vis/build/icyphy/ptII/lib/svgSalamander.jar:/home/travis/build/icyphy/ptII/lib/
rsyntaxtextarea-2.6.0-SNAPSHOT.jar:/home/travis/build/icyphy/ptII/lib/hazelcast
-3.8.2.jar:/home/travis/build/icyphy/ptII/lib/jackson-annotations-2.9.0.jar:/ho
me/travis/build/icyphy/ptII/lib/jackson-core-2.9.3.jar:/home/travis/build/icyph
y/ptII/lib/jackson-databind-2.9.3.jar:/home/travis/build/icyphy/ptII/lib/netty-
buffer-4.1.19.Final.jar:/home/travis/build/icyphy/ptII/lib/netty-codec-4.1.19.F
inal.jar:/home/travis/build/icyphy/ptII/lib/netty-codec-dns-4.1.19.Final.jar:/h
ome/travis/build/icyphy/ptII/lib/netty-codec-http-4.1.19.Final.jar:/home/travis
/build/icyphy/ptII/lib/netty-codec-http2-4.1.19.Final.jar:/home/travis/build/ic
yphy/ptII/lib/netty-common-4.1.19.Final.jar:/home/travis/build/icyphy/ptII/lib/
netty-handler-4.1.19.Final.jar:/home/travis/build/icyphy/ptII/lib/netty-resolve
r-4.1.19.Final.jar:/home/travis/build/icyphy/ptII/lib/netty-resolver-dns-4.1.19
.Final.jar:/home/travis/build/icyphy/ptII/lib/netty-transport-4.1.19.Final.jar:
/home/travis/build/icyphy/ptII/lib/vertx-codegen-3.5.1.jar:/home/travis/build/i
cyphy/ptII/lib/vertx-core-3.5.2-SNAPSHOT.jar:/home/travis/build/icyphy/ptII/lib
/vertx-hazelcast-3.5.1.jar:/home/travis/build/icyphy/ptII/lib/vertx-lang-js-3.5
.1.jar:/home/travis/build/icyphy/ptII/lib/vertx-service-proxy-3.5.1.jar:/home/t
ravis/build/icyphy/ptII/lib/vertx-web-3.5.1.jar:/home/travis/build/icyphy/ptII/
lib/slf4j-api-1.7.13.jar:/home/travis/build/icyphy/ptII/lib/slf4j-simple-1.7.13
.jar:/home/travis/build/icyphy/ptII/lib/webcam-capture-0.3.12.jar:/home/travis/
build/icyphy/ptII/lib/bridj-0.7.0.jar:/home/travis/build/icyphy/ptII/lib/xbjlib
-1.1.0.nrjavaserial.jar:/home/travis/build/icyphy/ptII/ptolemy/moml/test:/home/
travis/build/icyphy/ptII/ant/lib/ant-launcher.jar:/home/travis/build/icyphy/ptI
I/ant/lib/ant.jar:/home/travis/build/icyphy/ptII/ant/lib/ant-junit.jar:/home/tr
avis/build/icyphy/ptII/ant/lib/ant-junit4.jar:/home/travis/build/icyphy/ptII
ModularCG_A1_B2_profile.java
-rw-rw-r--   1 travis travis    561 Jan  3 00:55 Repeat$_Repeat_SDF_Director_run_Repeat$__R_sL_13.class
-rw-rw-r--   1 travis travis    559 Jan  3 00:55 Repeat$_Repeat_SDF_Director_run_Repeat$__R_sL_2.class
-rw-rw-r--   1 travis travis    703 Jan  3 00:55 Repeat$_Repeat_SDF_Director_run_Repeat$__R_sL_3.class
-rw-rw-r--   1 travis travis    559 Jan  3 00:55 Repeat$_Repeat_SDF_Director_run_Repeat$__R_sL_5.class
-rw-rw-r--   1 travis travis    559 Jan  3 00:55 Repeat$_Repeat_SDF_Director_run_Repeat$__R_sL_8.class
drwxrwxr-x   2 travis travis   4096 Jan  3 00:55 RepeatVariables
-rw-rw-r--   1 travis travis    882 Jan  3 00:55 Repeat$_varinit_Repeat.class
-rw-rw-r--   1 travis travis    550 Jan  3 00:55 Repeat$_varinit_Repeat$__v_sL_2.class
-rw-rw-r--   1 travis travis    924 Jan  3 00:55 Repeat$_varinit_Repeat$__v_sL_4.class
-rw-rw-r--   1 travis travis    978 Jan  3 00:55 Repeat$_wrapup_Repeat$__w_sL_1.class
drwxrwxr-x   3 travis travis  20480 Jan  3 00:52 Sinewave
drwxrwxr-x   3 travis travis  32768 Jan  3 00:53 StringFunction
drwxrwxr-x   3 travis travis  12288 Jan  3 00:53 StringLength
drwxrwxr-x   3 travis travis  61440 Jan  3 00:53 StringMatches2
drwxrwxr-x   3 travis travis  61440 Jan  3 00:54 StringSimpleReplace
drwxrwxr-x   3 travis travis  65536 Jan  3 00:54 StringSubstring
drwxrwxr-x   3 travis travis  24576 Jan  3 00:54 StringSubstring2
drwxrwxr-x   3 travis travis  16384 Jan  3 00:54 time1
drwxrwxr-x   3 travis travis  12288 Jan  3 00:55 time5
-rw-rw-r--   1 travis travis    432 Jan  3 00:55 Token.class
-rw-rw-r--   1 travis travis    251 Jan  3 00:55 Token.java
-rwxrwxr-x   1 travis travis 466992 Jan  3 00:49 top
-rw-rw-r--   1 travis travis  20502 Jan  3 00:49 top.c
-rw-rw-r--   1 travis travis   3799 Jan  3 00:55 top.class
-rw-rw-r--   1 travis travis   1257 Jan  3 00:55 top.mk
All Done
Writing ModularCG_A1_B2.java in file:/home/travis/cg/ (9730 characters)
Reading "ptolemy/cg/kernel/generic/program/procedural/java/modular/makefile.in",
    writing "/home/travis/cg/ModularCG_A1_B2.mk"
Using ptolemy/cg/kernel/generic/program/procedural/java/modular/makefile.in
In "/home/travis/cg", about to execute:
    make -f ModularCG_A1_B2.mk
javac -classpath ".:.."    ModularCG_A1_B2.java
All Done
In "/home/travis/cg", about to execute:
    pwd
In "/home/travis/cg", about to execute:
    ls -l
/home/travis/cg
total 1452
drwxrwxr-x   3 travis travis  12288 Jan  3 00:50 AbsoluteValue
drwxrwxr-x   3 travis travis 102400 Jan  3 00:49 AllColt
drwxrwxr-x   3 travis travis  12288 Jan  3 00:50 Case1
-rw-rw-r--   1 travis travis   5128 Jan  3 00:55 CompiledCompositeActor_CompiledCompositeActor.class
-rw-rw-r--   1 travis travis   1611 Jan  3 00:55 CompiledCompositeActor_CompiledCompositeActor$_CompiledCompositeActor_CompiledCompositeActor.class
-rw-rw-r--   1 travis travis  13466 Jan  3 00:55 CompiledCompositeActor_CompiledCompositeActor.java
-rw-rw-r--   1 travis travis   1593 Jan  3 00:55 CompiledCompositeActor_CompiledCompositeActor.mk
drwxrwxr-x   5 travis travis   4096 Jan  3 00:49 fmi
drwxrwxr-x   3 travis travis  16384 Jan  3 00:50 Gaussian2
-rw-rw-r--   1 travis travis   4684 Jan  3 00:55 JavaCompiledCompositeTest1_CompiledCompositeActor.class
-rw-rw-r--   1 travis travis  11637 Jan  3 00:55 JavaCompiledCompositeTest1_CompiledCompositeActor.java
-rw-rw-r--   1 travis travis   1217 Jan  3 00:55 JavaCompiledCompositeTest1_CompiledCompositeActor$_JavaCompiledCompositeTest1_CompiledCompositeActor.class
-rw-rw-r--   1 travis travis   1625 Jan  3 00:55 JavaCompiledCompositeTest1_CompiledCompositeActor.mk
-rw-rw-r--   1 travis travis   5115 Jan  3 00:55 JavaCompiledCompositeTest2_CompiledCompositeActor.class
-rw-rw-r--   1 travis travis  14919 Jan  3 00:55 JavaCompiledCompositeTest2_CompiledCompositeActor.java
-rw-rw-r--   1 travis travis   1812 Jan  3 00:55 JavaCompiledCompositeTest2_CompiledCompositeActor$_JavaCompiledCompositeTest2_CompiledCompositeActor.class
-rw-rw-r--   1 travis travis   1625 Jan  3 00:55 JavaCompiledCompositeTest2_CompiledCompositeActor.mk
-rw-rw-r--   1 travis travis   4732 Jan  3 00:55 JavaCompiledCompositeTest3_CompiledCompositeActor.class
-rw-rw-r--   1 travis travis  13080 Jan  3 00:55 JavaCompiledCompositeTest3_CompiledCompositeActor.java
-rw-rw-r--   1 travis travis   1397 Jan  3 00:55 JavaCompiledCompositeTest3_CompiledCompositeActor$_JavaCompiledCompositeTest3_CompiledCompositeActor.class
-rw-rw-r--   1 travis travis   1625 Jan  3 00:55 JavaCompiledCompositeTest3_CompiledCompositeActor.mk
-rw-rw-r--   1 travis travis   4183 Jan  3 00:55 JavaCompiledCompositeTest4_CompiledCompositeActor.class
-rw-rw-r--   1 travis travis   9687 Jan  3 00:55 JavaCompiledCompositeTest4_CompiledCompositeActor.java
-rw-rw-r--   1 travis travis    876 Jan  3 00:55 JavaCompiledCompositeTest4_CompiledCompositeActor$_JavaCompiledCompositeTest4_CompiledCompositeActor.class
-rw-rw-r--   1 travis travis   1625 Jan  3 00:55 JavaCompiledCompositeTest4_CompiledCompositeActor.mk
drwxrwxr-x   3 travis travis  12288 Jan  3 00:51 LookupTable
drwxrwxr-x   3 travis travis  20480 Jan  3 00:51 MaxIndex
-rw-rw-r--   1 travis travis   3925 Jan  3 00:55 ModularCG_A1_B1.class
-rw-rw-r--   1 travis travis   9730 Jan  3 00:55 ModularCG_A1_B1.java
-rw-rw-r--   1 travis travis    832 Jan  3 00:55 ModularCG_A1_B1.mk
-rw-rw-r--   1 travis travis   1318 Jan  3 00:55 ModularCG_A1_B1_profile.class
-rw-rw-r--   1 travis travis   1262 Jan  3 00:55 ModularCG_A1_B1_profile.java
-rw-rw-r--   1 travis travis   3925 Jan  3 00:55 ModularCG_A1_B2.class
-rw-rw-r--   1 travis travis   9730 Jan  3 00:55 ModularCG_A1_B2.java
-rw-rw-r--   1 travis travis    832 Jan  3 00:55 ModularCG_A1_B2.mk
-rw-rw-r--   1 travis travis   1318 Jan  3 00:55 ModularCG_A1_B2_profile.class
-rw-rw-r--   1 travis travis   1262 Jan  3 00:55 ModularCG_A1_B2_profile.java
-rw-rw-r--   1 travis travis   1704 Jan  3 00:55 ModularCG_A1_profile.java
-rw-rw-r--   1 travis travis   3724 Jan  3 00:55 ModularCodeGenTest_A1_A2.class
-rw-rw-r--   1 travis travis   9164 Jan  3 00:55 ModularCodeGenTest_A1_A2.java
-rw-rw-r--   1 travis travis   1306 Jan  3 00:55 ModularCodeGenTest_A1_A2_profile.class
-rw-rw-r--   1 travis travis   4055 Jan  3 00:55 ModularCodeGenTest_A1.class
-rw-rw-r--   1 travis travis   9968 Jan  3 00:55 ModularCodeGenTest_A1.java
-rw-rw-r--   1 travis travis    880 Jan  3 00:55 ModularCodeGenTest_A1.mk
-rw-rw-r--   1 travis travis   1352 Jan  3 00:55 ModularCodeGenTest_A1_profile.class
-rw-rw-r--   1 travis travis   1394 Jan  3 00:55 ModularCodeGenTest_A1_profile.java
drwxrwxr-x   3 travis travis  32768 Jan  3 00:55 modulation2
drwxrwxr-x 116 travis travis  12288 Jan  3 00:55 node_modules
drwxrwxr-x   3 travis travis  20480 Jan  3 00:51 PhaseUnwrap
drwxrwxr-x   3 travis travis  12288 Jan  3 00:51 ReadFile1
-rw-rw-r--   1 travis travis     11 Jan  3 00:51 ReadFile1Output.txt
-rw-rw-r--   1 travis travis  13773 Jan  3 00:55 Repeat.class
-rw-rw-r--   1 travis travis    685 Jan  3 00:55 Repeat$_fireFunction_Repeat_Repeat$__f_sL_11.class
-rw-rw-r--   1 travis travis    541 Jan  3 00:55 Repeat$_fireFunction_Repeat_Repeat$__f_sL_12.class
-rw-rw-r--   1 travis travis    541 Jan  3 00:55 Repeat$_fireFunction_Repeat_Repeat$__f_sL_13.class
-rw-rw-r--   1 travis travis    541 Jan  3 00:55 Repeat$_fireFunction_Repeat_Repeat$__f_sL_14.class
-rw-rw-r--   1 travis travis    684 Jan  3 00:55 Repeat$_fireFunction_Repeat_Repeat$__f_sL_1.class
-rw-rw-r--   1 travis travis    683 Jan  3 00:55 Repeat$_fireFunction_Repeat_Repeat$__f_sL_4.class
-rw-rw-r--   1 travis travis    539 Jan  3 00:55 Repeat$_fireFunction_Repeat_Repeat$__f_sL_9.class
-rw-rw-r--   1 travis travis    494 Jan  3 00:55 Repeat$_initialize_Repeat$__i_sL_2.class
-rw-rw-r--   1 travis travis   1281 Jan  3 00:55 Repeat.mk
-rw-rw-r--   1 travis travis    539 Jan  3 00:55 Repeat$_preinitializeMethod_Repeat$__p_sL_0.class
-rw-rw-r--   1 travis travis   1102 Jan  3 00:55 Repeat$_Repeat$_fireFunction_Repeat_AddSubtract_Repeat.class
-rw-rw-r--   1 travis travis    810 Jan  3 00:55 Repeat$_Repeat$_fireFunction_Repeat_AddSubtract_Repeat$__f_sL_0.class
-rw-rw-r--   1 travis travis    928 Jan  3 00:55 Repeat$_Repeat$_fireFunction_Repeat_AddSubtract_Repeat$__f_sL_1.class
-rw-rw-r--   1 travis travis    934 Jan  3 00:55 Repeat$_Repeat$_fireFunction_Repeat_AddSubtract_Repeat$__f_sL_2.class
-rw-rw-r--   1 travis travis    862 Jan  3 00:55 Repeat$_Repeat$_fireFunction_Repeat_AddSubtract_Repeat$__f_sL_3.class
-rw-rw-r--   1 travis travis    757 Jan  3 00:55 Repeat$_Repeat$_fireFunction_Repeat_Ramp2_Repeat$__f_sL_0.class
-rw-rw-r--   1 travis travis    888 Jan  3 00:55 Repeat$_Repeat$_fireFunction_Repeat_Test_Repeat$__f_sL_0.class
-rw-rw-r--   1 travis travis    634 Jan  3 00:55 Repeat$_Repeat$_fireFunction_Repeat_Test_Repeat$__f_sL_1.class
-rw-rw-r--   1 travis travis    704 Jan  3 00:55 Repeat$_Repeat_SDF_Director_run_Repeat$__R_sL_0.class
-rw-rw-r--   1 travis travis    705 Jan  3 00:55 Repeat$_Repeat_SDF_Director_run_Repeat$__R_sL_11.class
-rw-rw-r--   1 travis travis    561 Jan  3 00:55 Repeat$_Repeat_SDF_Director_run_Repeat$__R_sL_13.class
-rw-rw-r--   1 travis travis    559 Jan  3 00:55 Repeat$_Repeat_SDF_Director_run_Repeat$__R_sL_2.class
-rw-rw-r--   1 travis travis    703 Jan  3 00:55 Repeat$_Repeat_SDF_Director_run_Repeat$__R_sL_3.class
-rw-rw-r--   1 travis travis    559 Jan  3 00:55 Repeat$_Repeat_SDF_Director_run_Repeat$__R_sL_5.class
-rw-rw-r--   1 travis travis    559 Jan  3 00:55 Repeat$_Repeat_SDF_Director_run_Repeat$__R_sL_8.class
drwxrwxr-x   2 travis travis   4096 Jan  3 00:55 RepeatVariables
-rw-rw-r--   1 travis travis    882 Jan  3 00:55 Repeat$_varinit_Repeat.class
-rw-rw-r--   1 travis travis    550 Jan  3 00:55 Repeat$_varinit_Repeat$__v_sL_2.class
-rw-rw-r--   1 travis travis    924 Jan  3 00:55 Repeat$_varinit_Repeat$__v_sL_4.class
-rw-rw-r--   1 travis travis    978 Jan  3 00:55 Repeat$_wrapup_Repeat$__w_sL_1.class
drwxrwxr-x   3 travis travis  20480 Jan  3 00:52 Sinewave
drwxrwxr-x   3 travis travis  32768 Jan  3 00:53 StringFunction
In "/home/travis/cg", about to execute:
drwxrwxr-x   3 travis travis  12288 Jan  3 00:53 StringLength
drwxrwxr-x   3 travis travis  61440 Jan  3 00:53 StringMatches2
drwxrwxr-x   3 travis travis  61440 Jan  3 00:54 StringSimpleReplace
drwxrwxr-x   3 travis travis  65536 Jan  3 00:54 StringSubstring
drwxrwxr-x   3 travis travis  24576 Jan  3 00:54 StringSubstring2
drwxrwxr-x   3 travis travis  16384 Jan  3 00:54 time1
drwxrwxr-x   3 travis travis  12288 Jan  3 00:55 time5
-rw-rw-r--   1 travis travis    432 Jan  3 00:55 Token.class
-rw-rw-r--   1 travis travis    251 Jan  3 00:55 Token.java
-rwxrwxr-x   1 travis travis 466992 Jan  3 00:49 top
-rw-rw-r--   1 travis travis  20502 Jan  3 00:49 top.c
-rw-rw-r--   1 travis travis   3799 Jan  3 00:55 top.class
    javac -classpath
.:/home/travis/build/icyphy/ptII:/home/travis/build/icyphy/ptII/lib/bsh-2.0b4.j
ar:/home/travis/build/icyphy/ptII/lib/ptCal.jar:/home/travis/build/icyphy/ptII/
lib/java_cup.jar:/home/travis/build/icyphy/ptII/lib/saxon8.jar:/home/travis/bui
ld/icyphy/ptII/lib/saxon8-dom.jar:/home/travis/build/icyphy/ptII/lib/chic.jar:/
home/travis/build/icyphy/ptII/lib/ptcolt.jar:/home/travis/build/icyphy/ptII/ven
dors/misc/itext/iText.jar:/home/travis/build/icyphy/ptII/lib/g4ltl.jar:/home/tr
avis/build/icyphy/ptII/lib/StructuralCoder.jar:/home/travis/build/icyphy/ptII/l
ib/jcerti.jar:/home/travis/build/icyphy/ptII/lib/javax.mail.jar:/home/travis/bu
ild/icyphy/ptII/vendors/JMF-2.1.1e/lib/jmf.jar:/home/travis/build/icyphy/ptII/l
ib/jna-4.0.0-variadic.jar:/home/travis/build/icyphy/ptII/vendors/misc/joystick/
Joystick.jar:/home/travis/build/icyphy/ptII/lib/ptjacl.jar:/home/travis/build/i
cyphy/ptII/lib/jsoup-1.8.2.jar:/home/travis/build/icyphy/ptII/lib/junit-4.8.2.j
ar:/home/travis/build/icyphy/ptII/lib/JUnitParams-0.4.0.jar:/home/travis/build/
icyphy/ptII/ptolemy/actor/lib/excel/jxl.jar:/home/travis/build/icyphy/ptII/lib/
jython.jar:/home/travis/build/icyphy/ptII/lib/kieler.jar:/home/travis/build/icy
phy/ptII/vendors/opencv/share/OpenCV/java/opencv-341.jar:/home/travis/build/icy
phy/ptII/lib/oscP5.jar:/home/travis/build/icyphy/ptII/lib/nrjavaserial-3.11.0.d
evel.jar:/home/travis/build/icyphy/ptII/vendors/j3d/lib/Linux/j3dcore.jar:/home
/travis/build/icyphy/ptII/vendors/j3d/lib/Linux/j3dutils.jar:/home/travis/build
/icyphy/ptII/vendors/j3d/lib/Linux/vecmath.jar:/home/travis/build/icyphy/ptII/v
endors/jogl/lib/Linux/gluegen-rt-natives-linux-amd64.jar:/home/travis/build/icy
phy/ptII/vendors/jogl/lib/Linux/gluegen-rt.jar:/home/travis/build/icyphy/ptII/v
endors/jogl/lib/Linux/jogl-all-natives-linux-amd64.jar:/home/travis/build/icyph
y/ptII/vendors/jogl/lib/Linux/jogl-all.jar:/home/travis/build/icyphy/ptII/ptole
my/distributed/jini/jar/jini-core.jar:/home/travis/build/icyphy/ptII/ptolemy/di
stributed/jini/jar/jini-ext.jar:/home/travis/build/icyphy/ptII/ptolemy/distribu
ted/jini/jar/sun-util.jar:/home/travis/build/icyphy/ptII/lib/protobuf-java-2.4.
1.jar:/home/travis/build/icyphy/ptII/lib/org.eclipse.paho.client.mqttv3.jar:/ho
me/travis/build/icyphy/ptII/lib/mapss.jar:/home/travis/build/icyphy/ptII/ptolem
y/actor/ptalon/antlr/antlr.jar:/home/travis/build/icyphy/ptII/lib/JRI.jar:/home
/travis/build/icyphy/ptII/lib/commons-lang-2.6.jar:/home/travis/build/icyphy/pt
II/lib/commons-logging-1.1.1.jar:/home/travis/build/icyphy/ptII/lib/sootclasses
.jar:/home/travis/build/icyphy/ptII/ptolemy/actor/lib/database/mysql-connector-
java-5.1.6-bin.jar:/home/travis/build/icyphy/ptII/vendors/misc/sphinx4/sphinx4-
data-5prealpha.jar:/home/travis/build/icyphy/ptII/vendors/misc/sphinx4/sphinx4-
core-5prealpha.jar:/home/travis/build/icyphy/ptII/lib/PDFRenderer.jar:/home/tra
vis/build/icyphy/ptII/lib/svgSalamander.jar:/home/travis/build/icyphy/ptII/lib/
rsyntaxtextarea-2.6.0-SNAPSHOT.jar:/home/travis/build/icyphy/ptII/lib/hazelcast
-3.8.2.jar:/home/travis/build/icyphy/ptII/lib/jackson-annotations-2.9.0.jar:/ho
me/travis/build/icyphy/ptII/lib/jackson-core-2.9.3.jar:/home/travis/build/icyph
y/ptII/lib/jackson-databind-2.9.3.jar:/home/travis/build/icyphy/ptII/lib/netty-
buffer-4.1.19.Final.jar:/home/travis/build/icyphy/ptII/lib/netty-codec-4.1.19.F
inal.jar:/home/travis/build/icyphy/ptII/lib/netty-codec-dns-4.1.19.Final.jar:/h
ome/travis/build/icyphy/ptII/lib/netty-codec-http-4.1.19.Final.jar:/home/travis
/build/icyphy/ptII/lib/netty-codec-http2-4.1.19.Final.jar:/home/travis/build/ic
yphy/ptII/lib/netty-common-4.1.19.Final.jar:/home/travis/build/icyphy/ptII/lib/
netty-handler-4.1.19.Final.jar:/home/travis/build/icyphy/ptII/lib/netty-resolve
r-4.1.19.Final.jar:/home/travis/build/icyphy/ptII/lib/netty-resolver-dns-4.1.19
.Final.jar:/home/travis/build/icyphy/ptII/lib/netty-transport-4.1.19.Final.jar:
/home/travis/build/icyphy/ptII/lib/vertx-codegen-3.5.1.jar:/home/travis/build/i
cyphy/ptII/lib/vertx-core-3.5.2-SNAPSHOT.jar:/home/travis/build/icyphy/ptII/lib
/vertx-hazelcast-3.5.1.jar:/home/travis/build/icyphy/ptII/lib/vertx-lang-js-3.5
.1.jar:/home/travis/build/icyphy/ptII/lib/vertx-service-proxy-3.5.1.jar:/home/t
ravis/build/icyphy/ptII/lib/vertx-web-3.5.1.jar:/home/travis/build/icyphy/ptII/
lib/slf4j-api-1.7.13.jar:/home/travis/build/icyphy/ptII/lib/slf4j-simple-1.7.13
.jar:/home/travis/build/icyphy/ptII/lib/webcam-capture-0.3.12.jar:/home/travis/
build/icyphy/ptII/lib/bridj-0.7.0.jar:/home/travis/build/icyphy/ptII/lib/xbjlib
-1.1.0.nrjavaserial.jar:/home/travis/build/icyphy/ptII/ptolemy/moml/test:/home/
travis/build/icyphy/ptII/ant/lib/ant-launcher.jar:/home/travis/build/icyphy/ptI
I/ant/lib/ant.jar:/home/travis/build/icyphy/ptII/ant/lib/ant-junit.jar:/home/tr
avis/build/icyphy/ptII/ant/lib/ant-junit4.jar:/home/travis/build/icyphy/ptII
ModularCG_A1_profile.java
-rw-rw-r--   1 travis travis   1257 Jan  3 00:55 top.mk
All Done
Writing ModularCG_A1.java in file:/home/travis/cg/ (14742 characters)
Reading "ptolemy/cg/kernel/generic/program/procedural/java/modular/makefile.in",
    writing "/home/travis/cg/ModularCG_A1.mk"
Using ptolemy/cg/kernel/generic/program/procedural/java/modular/makefile.in
In "/home/travis/cg", about to execute:
    make -f ModularCG_A1.mk
javac -classpath ".:.."    ModularCG_A1.java
All Done
In "/home/travis/cg", about to execute:
    pwd
In "/home/travis/cg", about to execute:
    ls -l
/home/travis/cg
In "/home/travis/cg", about to execute:
    javac -classpath
.:/home/travis/build/icyphy/ptII:/home/travis/build/icyphy/ptII/lib/bsh-2.0b4.j
ar:/home/travis/build/icyphy/ptII/lib/ptCal.jar:/home/travis/build/icyphy/ptII/
lib/java_cup.jar:/home/travis/build/icyphy/ptII/lib/saxon8.jar:/home/travis/bui
ld/icyphy/ptII/lib/saxon8-dom.jar:/home/travis/build/icyphy/ptII/lib/chic.jar:/
home/travis/build/icyphy/ptII/lib/ptcolt.jar:/home/travis/build/icyphy/ptII/ven
dors/misc/itext/iText.jar:/home/travis/build/icyphy/ptII/lib/g4ltl.jar:/home/tr
avis/build/icyphy/ptII/lib/StructuralCoder.jar:/home/travis/build/icyphy/ptII/l
ib/jcerti.jar:/home/travis/build/icyphy/ptII/lib/javax.mail.jar:/home/travis/bu
ild/icyphy/ptII/vendors/JMF-2.1.1e/lib/jmf.jar:/home/travis/build/icyphy/ptII/l
ib/jna-4.0.0-variadic.jar:/home/travis/build/icyphy/ptII/vendors/misc/joystick/
Joystick.jar:/home/travis/build/icyphy/ptII/lib/ptjacl.jar:/home/travis/build/i
cyphy/ptII/lib/jsoup-1.8.2.jar:/home/travis/build/icyphy/ptII/lib/junit-4.8.2.j
ar:/home/travis/build/icyphy/ptII/lib/JUnitParams-0.4.0.jar:/home/travis/build/
icyphy/ptII/ptolemy/actor/lib/excel/jxl.jar:/home/travis/build/icyphy/ptII/lib/
jython.jar:/home/travis/build/icyphy/ptII/lib/kieler.jar:/home/travis/build/icy
phy/ptII/vendors/opencv/share/OpenCV/java/opencv-341.jar:/home/travis/build/icy
phy/ptII/lib/oscP5.jar:/home/travis/build/icyphy/ptII/lib/nrjavaserial-3.11.0.d
evel.jar:/home/travis/build/icyphy/ptII/vendors/j3d/lib/Linux/j3dcore.jar:/home
/travis/build/icyphy/ptII/vendors/j3d/lib/Linux/j3dutils.jar:/home/travis/build
/icyphy/ptII/vendors/j3d/lib/Linux/vecmath.jar:/home/travis/build/icyphy/ptII/v
endors/jogl/lib/Linux/gluegen-rt-natives-linux-amd64.jar:/home/travis/build/icy
phy/ptII/vendors/jogl/lib/Linux/gluegen-rt.jar:/home/travis/build/icyphy/ptII/v
endors/jogl/lib/Linux/jogl-all-natives-linux-amd64.jar:/home/travis/build/icyph
y/ptII/vendors/jogl/lib/Linux/jogl-all.jar:/home/travis/build/icyphy/ptII/ptole
my/distributed/jini/jar/jini-core.jar:/home/travis/build/icyphy/ptII/ptolemy/di
stributed/jini/jar/jini-ext.jar:/home/travis/build/icyphy/ptII/ptolemy/distribu
ted/jini/jar/sun-util.jar:/home/travis/build/icyphy/ptII/lib/protobuf-java-2.4.
1.jar:/home/travis/build/icyphy/ptII/lib/org.eclipse.paho.client.mqttv3.jar:/ho
me/travis/build/icyphy/ptII/lib/mapss.jar:/home/travis/build/icyphy/ptII/ptolem
y/actor/ptalon/antlr/antlr.jar:/home/travis/build/icyphy/ptII/lib/JRI.jar:/home
/travis/build/icyphy/ptII/lib/commons-lang-2.6.jar:/home/travis/build/icyphy/pt
II/lib/commons-logging-1.1.1.jar:/home/travis/build/icyphy/ptII/lib/sootclasses
.jar:/home/travis/build/icyphy/ptII/ptolemy/actor/lib/database/mysql-connector-
java-5.1.6-bin.jar:/home/travis/build/icyphy/ptII/vendors/misc/sphinx4/sphinx4-
data-5prealpha.jar:/home/travis/build/icyphy/ptII/vendors/misc/sphinx4/sphinx4-
core-5prealpha.jar:/home/travis/build/icyphy/ptII/lib/PDFRenderer.jar:/home/tra
vis/build/icyphy/ptII/lib/svgSalamander.jar:/home/travis/build/icyphy/ptII/lib/
rsyntaxtextarea-2.6.0-SNAPSHOT.jar:/home/travis/build/icyphy/ptII/lib/hazelcast
-3.8.2.jar:/home/travis/build/icyphy/ptII/lib/jackson-annotations-2.9.0.jar:/ho
me/travis/build/icyphy/ptII/lib/jackson-core-2.9.3.jar:/home/travis/build/icyph
y/ptII/lib/jackson-databind-2.9.3.jar:/home/travis/build/icyphy/ptII/lib/netty-
buffer-4.1.19.Final.jar:/home/travis/build/icyphy/ptII/lib/netty-codec-4.1.19.F
inal.jar:/home/travis/build/icyphy/ptII/lib/netty-codec-dns-4.1.19.Final.jar:/h
ome/travis/build/icyphy/ptII/lib/netty-codec-http-4.1.19.Final.jar:/home/travis
/build/icyphy/ptII/lib/netty-codec-http2-4.1.19.Final.jar:/home/travis/build/ic
yphy/ptII/lib/netty-common-4.1.19.Final.jar:/home/travis/build/icyphy/ptII/lib/
netty-handler-4.1.19.Final.jar:/home/travis/build/icyphy/ptII/lib/netty-resolve
r-4.1.19.Final.jar:/home/travis/build/icyphy/ptII/lib/netty-resolver-dns-4.1.19
.Final.jar:/home/travis/build/icyphy/ptII/lib/netty-transport-4.1.19.Final.jar:
/home/travis/build/icyphy/ptII/lib/vertx-codegen-3.5.1.jar:/home/travis/build/i
cyphy/ptII/lib/vertx-core-3.5.2-SNAPSHOT.jar:/home/travis/build/icyphy/ptII/lib
/vertx-hazelcast-3.5.1.jar:/home/travis/build/icyphy/ptII/lib/vertx-lang-js-3.5
.1.jar:/home/travis/build/icyphy/ptII/lib/vertx-service-proxy-3.5.1.jar:/home/t
ravis/build/icyphy/ptII/lib/vertx-web-3.5.1.jar:/home/travis/build/icyphy/ptII/
lib/slf4j-api-1.7.13.jar:/home/travis/build/icyphy/ptII/lib/slf4j-simple-1.7.13
.jar:/home/travis/build/icyphy/ptII/lib/webcam-capture-0.3.12.jar:/home/travis/
build/icyphy/ptII/lib/bridj-0.7.0.jar:/home/travis/build/icyphy/ptII/lib/xbjlib
-1.1.0.nrjavaserial.jar:/home/travis/build/icyphy/ptII/ptolemy/moml/test:/home/
travis/build/icyphy/ptII/ant/lib/ant-launcher.jar:/home/travis/build/icyphy/ptI
I/ant/lib/ant.jar:/home/travis/build/icyphy/ptII/ant/lib/ant-junit.jar:/home/tr
avis/build/icyphy/ptII/ant/lib/ant-junit4.jar:/home/travis/build/icyphy/ptII
ModularCG_A2_B1_profile.java
total 1488
drwxrwxr-x   3 travis travis  12288 Jan  3 00:50 AbsoluteValue
drwxrwxr-x   3 travis travis 102400 Jan  3 00:49 AllColt
drwxrwxr-x   3 travis travis  12288 Jan  3 00:50 Case1
-rw-rw-r--   1 travis travis   5128 Jan  3 00:55 CompiledCompositeActor_CompiledCompositeActor.class
-rw-rw-r--   1 travis travis   1611 Jan  3 00:55 CompiledCompositeActor_CompiledCompositeActor$_CompiledCompositeActor_CompiledCompositeActor.class
-rw-rw-r--   1 travis travis  13466 Jan  3 00:55 CompiledCompositeActor_CompiledCompositeActor.java
-rw-rw-r--   1 travis travis   1593 Jan  3 00:55 CompiledCompositeActor_CompiledCompositeActor.mk
drwxrwxr-x   5 travis travis   4096 Jan  3 00:49 fmi
drwxrwxr-x   3 travis travis  16384 Jan  3 00:50 Gaussian2
-rw-rw-r--   1 travis travis   4684 Jan  3 00:55 JavaCompiledCompositeTest1_CompiledCompositeActor.class
-rw-rw-r--   1 travis travis  11637 Jan  3 00:55 JavaCompiledCompositeTest1_CompiledCompositeActor.java
-rw-rw-r--   1 travis travis   1217 Jan  3 00:55 JavaCompiledCompositeTest1_CompiledCompositeActor$_JavaCompiledCompositeTest1_CompiledCompositeActor.class
-rw-rw-r--   1 travis travis   1625 Jan  3 00:55 JavaCompiledCompositeTest1_CompiledCompositeActor.mk
-rw-rw-r--   1 travis travis   5115 Jan  3 00:55 JavaCompiledCompositeTest2_CompiledCompositeActor.class
-rw-rw-r--   1 travis travis  14919 Jan  3 00:55 JavaCompiledCompositeTest2_CompiledCompositeActor.java
-rw-rw-r--   1 travis travis   1812 Jan  3 00:55 JavaCompiledCompositeTest2_CompiledCompositeActor$_JavaCompiledCompositeTest2_CompiledCompositeActor.class
-rw-rw-r--   1 travis travis   1625 Jan  3 00:55 JavaCompiledCompositeTest2_CompiledCompositeActor.mk
-rw-rw-r--   1 travis travis   4732 Jan  3 00:55 JavaCompiledCompositeTest3_CompiledCompositeActor.class
-rw-rw-r--   1 travis travis  13080 Jan  3 00:55 JavaCompiledCompositeTest3_CompiledCompositeActor.java
-rw-rw-r--   1 travis travis   1397 Jan  3 00:55 JavaCompiledCompositeTest3_CompiledCompositeActor$_JavaCompiledCompositeTest3_CompiledCompositeActor.class
-rw-rw-r--   1 travis travis   1625 Jan  3 00:55 JavaCompiledCompositeTest3_CompiledCompositeActor.mk
-rw-rw-r--   1 travis travis   4183 Jan  3 00:55 JavaCompiledCompositeTest4_CompiledCompositeActor.class
-rw-rw-r--   1 travis travis   9687 Jan  3 00:55 JavaCompiledCompositeTest4_CompiledCompositeActor.java
-rw-rw-r--   1 travis travis    876 Jan  3 00:55 JavaCompiledCompositeTest4_CompiledCompositeActor$_JavaCompiledCompositeTest4_CompiledCompositeActor.class
-rw-rw-r--   1 travis travis   1625 Jan  3 00:55 JavaCompiledCompositeTest4_CompiledCompositeActor.mk
drwxrwxr-x   3 travis travis  12288 Jan  3 00:51 LookupTable
drwxrwxr-x   3 travis travis  20480 Jan  3 00:51 MaxIndex
-rw-rw-r--   1 travis travis   3925 Jan  3 00:55 ModularCG_A1_B1.class
-rw-rw-r--   1 travis travis   9730 Jan  3 00:55 ModularCG_A1_B1.java
-rw-rw-r--   1 travis travis    832 Jan  3 00:55 ModularCG_A1_B1.mk
-rw-rw-r--   1 travis travis   1318 Jan  3 00:55 ModularCG_A1_B1_profile.class
-rw-rw-r--   1 travis travis   1262 Jan  3 00:55 ModularCG_A1_B1_profile.java
-rw-rw-r--   1 travis travis   3925 Jan  3 00:55 ModularCG_A1_B2.class
-rw-rw-r--   1 travis travis   9730 Jan  3 00:55 ModularCG_A1_B2.java
-rw-rw-r--   1 travis travis    832 Jan  3 00:55 ModularCG_A1_B2.mk
-rw-rw-r--   1 travis travis   1318 Jan  3 00:55 ModularCG_A1_B2_profile.class
-rw-rw-r--   1 travis travis   1262 Jan  3 00:55 ModularCG_A1_B2_profile.java
-rw-rw-r--   1 travis travis   5031 Jan  3 00:55 ModularCG_A1.class
-rw-rw-r--   1 travis travis  14742 Jan  3 00:55 ModularCG_A1.java
-rw-rw-r--   1 travis travis    808 Jan  3 00:55 ModularCG_A1.mk
-rw-rw-r--   1 travis travis   1433 Jan  3 00:55 ModularCG_A1_profile.class
-rw-rw-r--   1 travis travis   1704 Jan  3 00:55 ModularCG_A1_profile.java
-rw-rw-r--   1 travis travis   1446 Jan  3 00:55 ModularCG_A2_B1_profile.java
-rw-rw-r--   1 travis travis   3724 Jan  3 00:55 ModularCodeGenTest_A1_A2.class
-rw-rw-r--   1 travis travis   9164 Jan  3 00:55 ModularCodeGenTest_A1_A2.java
-rw-rw-r--   1 travis travis   1306 Jan  3 00:55 ModularCodeGenTest_A1_A2_profile.class
-rw-rw-r--   1 travis travis   4055 Jan  3 00:55 ModularCodeGenTest_A1.class
-rw-rw-r--   1 travis travis   9968 Jan  3 00:55 ModularCodeGenTest_A1.java
-rw-rw-r--   1 travis travis    880 Jan  3 00:55 ModularCodeGenTest_A1.mk
-rw-rw-r--   1 travis travis   1352 Jan  3 00:55 ModularCodeGenTest_A1_profile.class
-rw-rw-r--   1 travis travis   1394 Jan  3 00:55 ModularCodeGenTest_A1_profile.java
drwxrwxr-x   3 travis travis  32768 Jan  3 00:55 modulation2
drwxrwxr-x 116 travis travis  12288 Jan  3 00:55 node_modules
drwxrwxr-x   3 travis travis  20480 Jan  3 00:51 PhaseUnwrap
drwxrwxr-x   3 travis travis  12288 Jan  3 00:51 ReadFile1
-rw-rw-r--   1 travis travis     11 Jan  3 00:51 ReadFile1Output.txt
-rw-rw-r--   1 travis travis  13773 Jan  3 00:55 Repeat.class
-rw-rw-r--   1 travis travis    685 Jan  3 00:55 Repeat$_fireFunction_Repeat_Repeat$__f_sL_11.class
-rw-rw-r--   1 travis travis    541 Jan  3 00:55 Repeat$_fireFunction_Repeat_Repeat$__f_sL_12.class
-rw-rw-r--   1 travis travis    541 Jan  3 00:55 Repeat$_fireFunction_Repeat_Repeat$__f_sL_13.class
-rw-rw-r--   1 travis travis    541 Jan  3 00:55 Repeat$_fireFunction_Repeat_Repeat$__f_sL_14.class
-rw-rw-r--   1 travis travis    684 Jan  3 00:55 Repeat$_fireFunction_Repeat_Repeat$__f_sL_1.class
-rw-rw-r--   1 travis travis    683 Jan  3 00:55 Repeat$_fireFunction_Repeat_Repeat$__f_sL_4.class
-rw-rw-r--   1 travis travis    539 Jan  3 00:55 Repeat$_fireFunction_Repeat_Repeat$__f_sL_9.class
-rw-rw-r--   1 travis travis    494 Jan  3 00:55 Repeat$_initialize_Repeat$__i_sL_2.class
-rw-rw-r--   1 travis travis   1281 Jan  3 00:55 Repeat.mk
-rw-rw-r--   1 travis travis    539 Jan  3 00:55 Repeat$_preinitializeMethod_Repeat$__p_sL_0.class
-rw-rw-r--   1 travis travis   1102 Jan  3 00:55 Repeat$_Repeat$_fireFunction_Repeat_AddSubtract_Repeat.class
-rw-rw-r--   1 travis travis    810 Jan  3 00:55 Repeat$_Repeat$_fireFunction_Repeat_AddSubtract_Repeat$__f_sL_0.class
-rw-rw-r--   1 travis travis    928 Jan  3 00:55 Repeat$_Repeat$_fireFunction_Repeat_AddSubtract_Repeat$__f_sL_1.class
-rw-rw-r--   1 travis travis    934 Jan  3 00:55 Repeat$_Repeat$_fireFunction_Repeat_AddSubtract_Repeat$__f_sL_2.class
-rw-rw-r--   1 travis travis    862 Jan  3 00:55 Repeat$_Repeat$_fireFunction_Repeat_AddSubtract_Repeat$__f_sL_3.class
-rw-rw-r--   1 travis travis    757 Jan  3 00:55 Repeat$_Repeat$_fireFunction_Repeat_Ramp2_Repeat$__f_sL_0.class
-rw-rw-r--   1 travis travis    888 Jan  3 00:55 Repeat$_Repeat$_fireFunction_Repeat_Test_Repeat$__f_sL_0.class
-rw-rw-r--   1 travis travis    634 Jan  3 00:55 Repeat$_Repeat$_fireFunction_Repeat_Test_Repeat$__f_sL_1.class
-rw-rw-r--   1 travis travis    704 Jan  3 00:55 Repeat$_Repeat_SDF_Director_run_Repeat$__R_sL_0.class
-rw-rw-r--   1 travis travis    705 Jan  3 00:55 Repeat$_Repeat_SDF_Director_run_Repeat$__R_sL_11.class
-rw-rw-r--   1 travis travis    561 Jan  3 00:55 Repeat$_Repeat_SDF_Director_run_Repeat$__R_sL_13.class
-rw-rw-r--   1 travis travis    559 Jan  3 00:55 Repeat$_Repeat_SDF_Director_run_Repeat$__R_sL_2.class
-rw-rw-r--   1 travis travis    703 Jan  3 00:55 Repeat$_Repeat_SDF_Director_run_Repeat$__R_sL_3.class
-rw-rw-r--   1 travis travis    559 Jan  3 00:55 Repeat$_Repeat_SDF_Director_run_Repeat$__R_sL_5.class
-rw-rw-r--   1 travis travis    559 Jan  3 00:55 Repeat$_Repeat_SDF_Director_run_Repeat$__R_sL_8.class
drwxrwxr-x   2 travis travis   4096 Jan  3 00:55 RepeatVariables
-rw-rw-r--   1 travis travis    882 Jan  3 00:55 Repeat$_varinit_Repeat.class
-rw-rw-r--   1 travis travis    550 Jan  3 00:55 Repeat$_varinit_Repeat$__v_sL_2.class
-rw-rw-r--   1 travis travis    924 Jan  3 00:55 Repeat$_varinit_Repeat$__v_sL_4.class
-rw-rw-r--   1 travis travis    978 Jan  3 00:55 Repeat$_wrapup_Repeat$__w_sL_1.class
drwxrwxr-x   3 travis travis  20480 Jan  3 00:52 Sinewave
drwxrwxr-x   3 travis travis  32768 Jan  3 00:53 StringFunction
drwxrwxr-x   3 travis travis  12288 Jan  3 00:53 StringLength
drwxrwxr-x   3 travis travis  61440 Jan  3 00:53 StringMatches2
drwxrwxr-x   3 travis travis  61440 Jan  3 00:54 StringSimpleReplace
drwxrwxr-x   3 travis travis  65536 Jan  3 00:54 StringSubstring
drwxrwxr-x   3 travis travis  24576 Jan  3 00:54 StringSubstring2
drwxrwxr-x   3 travis travis  16384 Jan  3 00:54 time1
drwxrwxr-x   3 travis travis  12288 Jan  3 00:55 time5
-rw-rw-r--   1 travis travis    432 Jan  3 00:55 Token.class
-rw-rw-r--   1 travis travis    251 Jan  3 00:55 Token.java
-rwxrwxr-x   1 travis travis 466992 Jan  3 00:49 top
-rw-rw-r--   1 travis travis  20502 Jan  3 00:49 top.c
-rw-rw-r--   1 travis travis   3799 Jan  3 00:55 top.class
-rw-rw-r--   1 travis travis   1257 Jan  3 00:55 top.mk
All Done
Writing ModularCG_A2_B1.java in file:/home/travis/cg/ (10667 characters)
Reading "ptolemy/cg/kernel/generic/program/procedural/java/modular/makefile.in",
    writing "/home/travis/cg/ModularCG_A2_B1.mk"
Using ptolemy/cg/kernel/generic/program/procedural/java/modular/makefile.in
In "/home/travis/cg", about to execute:
    make -f ModularCG_A2_B1.mk
javac -classpath ".:.."    ModularCG_A2_B1.java
All Done
In "/home/travis/cg", about to execute:
    pwd
In "/home/travis/cg", about to execute:
    ls -l
/home/travis/cg
total 1516
drwxrwxr-x   3 travis travis  12288 Jan  3 00:50 AbsoluteValue
drwxrwxr-x   3 travis travis 102400 Jan  3 00:49 AllColt
drwxrwxr-x   3 travis travis  12288 Jan  3 00:50 Case1
-rw-rw-r--   1 travis travis   5128 Jan  3 00:55 CompiledCompositeActor_CompiledCompositeActor.class
-rw-rw-r--   1 travis travis   1611 Jan  3 00:55 CompiledCompositeActor_CompiledCompositeActor$_CompiledCompositeActor_CompiledCompositeActor.class
-rw-rw-r--   1 travis travis  13466 Jan  3 00:55 CompiledCompositeActor_CompiledCompositeActor.java
-rw-rw-r--   1 travis travis   1593 Jan  3 00:55 CompiledCompositeActor_CompiledCompositeActor.mk
drwxrwxr-x   5 travis travis   4096 Jan  3 00:49 fmi
drwxrwxr-x   3 travis travis  16384 Jan  3 00:50 Gaussian2
-rw-rw-r--   1 travis travis   4684 Jan  3 00:55 JavaCompiledCompositeTest1_CompiledCompositeActor.class
-rw-rw-r--   1 travis travis  11637 Jan  3 00:55 JavaCompiledCompositeTest1_CompiledCompositeActor.java
-rw-rw-r--   1 travis travis   1217 Jan  3 00:55 JavaCompiledCompositeTest1_CompiledCompositeActor$_JavaCompiledCompositeTest1_CompiledCompositeActor.class
-rw-rw-r--   1 travis travis   1625 Jan  3 00:55 JavaCompiledCompositeTest1_CompiledCompositeActor.mk
-rw-rw-r--   1 travis travis   5115 Jan  3 00:55 JavaCompiledCompositeTest2_CompiledCompositeActor.class
-rw-rw-r--   1 travis travis  14919 Jan  3 00:55 JavaCompiledCompositeTest2_CompiledCompositeActor.java
-rw-rw-r--   1 travis travis   1812 Jan  3 00:55 JavaCompiledCompositeTest2_CompiledCompositeActor$_JavaCompiledCompositeTest2_CompiledCompositeActor.class
-rw-rw-r--   1 travis travis   1625 Jan  3 00:55 JavaCompiledCompositeTest2_CompiledCompositeActor.mk
-rw-rw-r--   1 travis travis   4732 Jan  3 00:55 JavaCompiledCompositeTest3_CompiledCompositeActor.class
-rw-rw-r--   1 travis travis  13080 Jan  3 00:55 JavaCompiledCompositeTest3_CompiledCompositeActor.java
-rw-rw-r--   1 travis travis   1397 Jan  3 00:55 JavaCompiledCompositeTest3_CompiledCompositeActor$_JavaCompiledCompositeTest3_CompiledCompositeActor.class
-rw-rw-r--   1 travis travis   1625 Jan  3 00:55 JavaCompiledCompositeTest3_CompiledCompositeActor.mk
-rw-rw-r--   1 travis travis   4183 Jan  3 00:55 JavaCompiledCompositeTest4_CompiledCompositeActor.class
-rw-rw-r--   1 travis travis   9687 Jan  3 00:55 JavaCompiledCompositeTest4_CompiledCompositeActor.java
-rw-rw-r--   1 travis travis    876 Jan  3 00:55 JavaCompiledCompositeTest4_CompiledCompositeActor$_JavaCompiledCompositeTest4_CompiledCompositeActor.class
-rw-rw-r--   1 travis travis   1625 Jan  3 00:55 JavaCompiledCompositeTest4_CompiledCompositeActor.mk
drwxrwxr-x   3 travis travis  12288 Jan  3 00:51 LookupTable
drwxrwxr-x   3 travis travis  20480 Jan  3 00:51 MaxIndex
-rw-rw-r--   1 travis travis   3925 Jan  3 00:55 ModularCG_A1_B1.class
-rw-rw-r--   1 travis travis   9730 Jan  3 00:55 ModularCG_A1_B1.java
-rw-rw-r--   1 travis travis    832 Jan  3 00:55 ModularCG_A1_B1.mk
-rw-rw-r--   1 travis travis   1318 Jan  3 00:55 ModularCG_A1_B1_profile.class
-rw-rw-r--   1 travis travis   1262 Jan  3 00:55 ModularCG_A1_B1_profile.java
-rw-rw-r--   1 travis travis   3925 Jan  3 00:55 ModularCG_A1_B2.class
-rw-rw-r--   1 travis travis   9730 Jan  3 00:55 ModularCG_A1_B2.java
-rw-rw-r--   1 travis travis    832 Jan  3 00:55 ModularCG_A1_B2.mk
-rw-rw-r--   1 travis travis   1318 Jan  3 00:55 ModularCG_A1_B2_profile.class
-rw-rw-r--   1 travis travis   1262 Jan  3 00:55 ModularCG_A1_B2_profile.java
-rw-rw-r--   1 travis travis   5031 Jan  3 00:55 ModularCG_A1.class
-rw-rw-r--   1 travis travis  14742 Jan  3 00:55 ModularCG_A1.java
-rw-rw-r--   1 travis travis    808 Jan  3 00:55 ModularCG_A1.mk
-rw-rw-r--   1 travis travis   1433 Jan  3 00:55 ModularCG_A1_profile.class
-rw-rw-r--   1 travis travis   1704 Jan  3 00:55 ModularCG_A1_profile.java
-rw-rw-r--   1 travis travis   4059 Jan  3 00:55 ModularCG_A2_B1.class
-rw-rw-r--   1 travis travis  10667 Jan  3 00:55 ModularCG_A2_B1.java
-rw-rw-r--   1 travis travis    832 Jan  3 00:55 ModularCG_A2_B1.mk
-rw-rw-r--   1 travis travis   1381 Jan  3 00:55 ModularCG_A2_B1_profile.class
-rw-rw-r--   1 travis travis   1446 Jan  3 00:55 ModularCG_A2_B1_profile.java
-rw-rw-r--   1 travis travis   1262 Jan  3 00:55 ModularCG_A2_B2_profile.java
-rw-rw-r--   1 travis travis   3724 Jan  3 00:55 ModularCodeGenTest_A1_A2.class
-rw-rw-r--   1 travis travis   9164 Jan  3 00:55 ModularCodeGenTest_A1_A2.java
-rw-rw-r--   1 travis travis   1306 Jan  3 00:55 ModularCodeGenTest_A1_A2_profile.class
-rw-rw-r--   1 travis travis   4055 Jan  3 00:55 ModularCodeGenTest_A1.class
-rw-rw-r--   1 travis travis   9968 Jan  3 00:55 ModularCodeGenTest_A1.java
-rw-rw-r--   1 travis travis    880 Jan  3 00:55 ModularCodeGenTest_A1.mk
-rw-rw-r--   1 travis travis   1352 Jan  3 00:55 ModularCodeGenTest_A1_profile.class
-rw-rw-r--   1 travis travis   1394 Jan  3 00:55 ModularCodeGenTest_A1_profile.java
drwxrwxr-x   3 travis travis  32768 Jan  3 00:55 modulation2
drwxrwxr-x 116 travis travis  12288 Jan  3 00:55 node_modules
drwxrwxr-x   3 travis travis  20480 Jan  3 00:51 PhaseUnwrap
drwxrwxr-x   3 travis travis  12288 Jan  3 00:51 ReadFile1
-rw-rw-r--   1 travis travis     11 Jan  3 00:51 ReadFile1Output.txt
-rw-rw-r--   1 travis travis  13773 Jan  3 00:55 Repeat.class
-rw-rw-r--   1 travis travis    685 Jan  3 00:55 Repeat$_fireFunction_Repeat_Repeat$__f_sL_11.class
-rw-rw-r--   1 travis travis    541 Jan  3 00:55 Repeat$_fireFunction_Repeat_Repeat$__f_sL_12.class
-rw-rw-r--   1 travis travis    541 Jan  3 00:55 Repeat$_fireFunction_Repeat_Repeat$__f_sL_13.class
-rw-rw-r--   1 travis travis    541 Jan  3 00:55 Repeat$_fireFunction_Repeat_Repeat$__f_sL_14.class
-rw-rw-r--   1 travis travis    684 Jan  3 00:55 Repeat$_fireFunction_Repeat_Repeat$__f_sL_1.class
-rw-rw-r--   1 travis travis    683 Jan  3 00:55 Repeat$_fireFunction_Repeat_Repeat$__f_sL_4.class
-rw-rw-r--   1 travis travis    539 Jan  3 00:55 Repeat$_fireFunction_Repeat_Repeat$__f_sL_9.class
-rw-rw-r--   1 travis travis    494 Jan  3 00:55 Repeat$_initialize_Repeat$__i_sL_2.class
-rw-rw-r--   1 travis travis   1281 Jan  3 00:55 Repeat.mk
-rw-rw-r--   1 travis travis    539 Jan  3 00:55 Repeat$_preinitializeMethod_Repeat$__p_sL_0.class
-rw-rw-r--   1 travis travis   1102 Jan  3 00:55 Repeat$_Repeat$_fireFunction_Repeat_AddSubtract_Repeat.class
-rw-rw-r--   1 travis travis    810 Jan  3 00:55 Repeat$_Repeat$_fireFunction_Repeat_AddSubtract_Repeat$__f_sL_0.class
-rw-rw-r--   1 travis travis    928 Jan  3 00:55 Repeat$_Repeat$_fireFunction_Repeat_AddSubtract_Repeat$__f_sL_1.class
-rw-rw-r--   1 travis travis    934 Jan  3 00:55 Repeat$_Repeat$_fireFunction_Repeat_AddSubtract_Repeat$__f_sL_2.class
-rw-rw-r--   1 travis travis    862 Jan  3 00:55 Repeat$_Repeat$_fireFunction_Repeat_AddSubtract_Repeat$__f_sL_3.class
-rw-rw-r--   1 travis travis    757 Jan  3 00:55 Repeat$_Repeat$_fireFunction_Repeat_Ramp2_Repeat$__f_sL_0.class
-rw-rw-r--   1 travis travis    888 Jan  3 00:55 Repeat$_Repeat$_fireFunction_Repeat_Test_Repeat$__f_sL_0.class
-rw-rw-r--   1 travis travis    634 Jan  3 00:55 Repeat$_Repeat$_fireFunction_Repeat_Test_Repeat$__f_sL_1.class
-rw-rw-r--   1 travis travis    704 Jan  3 00:55 Repeat$_Repeat_SDF_Director_run_Repeat$__R_sL_0.class
-rw-rw-r--   1 travis travis    705 Jan  3 00:55 Repeat$_Repeat_SDF_Director_run_Repeat$__R_sL_11.class
-rw-rw-r--   1 travis travis    561 Jan  3 00:55 Repeat$_Repeat_SDF_Director_run_Repeat$__R_sL_13.class
-rw-rw-r--   1 travis travis    559 Jan  3 00:55 Repeat$_Repeat_SDF_Director_run_Repeat$__R_sL_2.class
-rw-rw-r--   1 travis travis    703 Jan  3 00:55 Repeat$_Repeat_SDF_Director_run_Repeat$__R_sL_3.class
-rw-rw-r--   1 travis travis    559 Jan  3 00:55 Repeat$_Repeat_SDF_Director_run_Repeat$__R_sL_5.class
-rw-rw-r--   1 travis travis    559 Jan  3 00:55 Repeat$_Repeat_SDF_Director_run_Repeat$__R_sL_8.class
In "/home/travis/cg", about to execute:
    javac -classpath
.:/home/travis/build/icyphy/ptII:/home/travis/build/icyphy/ptII/lib/bsh-2.0b4.j
ar:/home/travis/build/icyphy/ptII/lib/ptCal.jar:/home/travis/build/icyphy/ptII/
lib/java_cup.jar:/home/travis/build/icyphy/ptII/lib/saxon8.jar:/home/travis/bui
ld/icyphy/ptII/lib/saxon8-dom.jar:/home/travis/build/icyphy/ptII/lib/chic.jar:/
home/travis/build/icyphy/ptII/lib/ptcolt.jar:/home/travis/build/icyphy/ptII/ven
dors/misc/itext/iText.jar:/home/travis/build/icyphy/ptII/lib/g4ltl.jar:/home/tr
avis/build/icyphy/ptII/lib/StructuralCoder.jar:/home/travis/build/icyphy/ptII/l
ib/jcerti.jar:/home/travis/build/icyphy/ptII/lib/javax.mail.jar:/home/travis/bu
ild/icyphy/ptII/vendors/JMF-2.1.1e/lib/jmf.jar:/home/travis/build/icyphy/ptII/l
ib/jna-4.0.0-variadic.jar:/home/travis/build/icyphy/ptII/vendors/misc/joystick/
Joystick.jar:/home/travis/build/icyphy/ptII/lib/ptjacl.jar:/home/travis/build/i
cyphy/ptII/lib/jsoup-1.8.2.jar:/home/travis/build/icyphy/ptII/lib/junit-4.8.2.j
ar:/home/travis/build/icyphy/ptII/lib/JUnitParams-0.4.0.jar:/home/travis/build/
icyphy/ptII/ptolemy/actor/lib/excel/jxl.jar:/home/travis/build/icyphy/ptII/lib/
jython.jar:/home/travis/build/icyphy/ptII/lib/kieler.jar:/home/travis/build/icy
phy/ptII/vendors/opencv/share/OpenCV/java/opencv-341.jar:/home/travis/build/icy
phy/ptII/lib/oscP5.jar:/home/travis/build/icyphy/ptII/lib/nrjavaserial-3.11.0.d
evel.jar:/home/travis/build/icyphy/ptII/vendors/j3d/lib/Linux/j3dcore.jar:/home
/travis/build/icyphy/ptII/vendors/j3d/lib/Linux/j3dutils.jar:/home/travis/build
/icyphy/ptII/vendors/j3d/lib/Linux/vecmath.jar:/home/travis/build/icyphy/ptII/v
endors/jogl/lib/Linux/gluegen-rt-natives-linux-amd64.jar:/home/travis/build/icy
phy/ptII/vendors/jogl/lib/Linux/gluegen-rt.jar:/home/travis/build/icyphy/ptII/v
endors/jogl/lib/Linux/jogl-all-natives-linux-amd64.jar:/home/travis/build/icyph
y/ptII/vendors/jogl/lib/Linux/jogl-all.jar:/home/travis/build/icyphy/ptII/ptole
my/distributed/jini/jar/jini-core.jar:/home/travis/build/icyphy/ptII/ptolemy/di
stributed/jini/jar/jini-ext.jar:/home/travis/build/icyphy/ptII/ptolemy/distribu
ted/jini/jar/sun-util.jar:/home/travis/build/icyphy/ptII/lib/protobuf-java-2.4.
1.jar:/home/travis/build/icyphy/ptII/lib/org.eclipse.paho.client.mqttv3.jar:/ho
me/travis/build/icyphy/ptII/lib/mapss.jar:/home/travis/build/icyphy/ptII/ptolem
y/actor/ptalon/antlr/antlr.jar:/home/travis/build/icyphy/ptII/lib/JRI.jar:/home
/travis/build/icyphy/ptII/lib/commons-lang-2.6.jar:/home/travis/build/icyphy/pt
II/lib/commons-logging-1.1.1.jar:/home/travis/build/icyphy/ptII/lib/sootclasses
.jar:/home/travis/build/icyphy/ptII/ptolemy/actor/lib/database/mysql-connector-
java-5.1.6-bin.jar:/home/travis/build/icyphy/ptII/vendors/misc/sphinx4/sphinx4-
data-5prealpha.jar:/home/travis/build/icyphy/ptII/vendors/misc/sphinx4/sphinx4-
core-5prealpha.jar:/home/travis/build/icyphy/ptII/lib/PDFRenderer.jar:/home/tra
vis/build/icyphy/ptII/lib/svgSalamander.jar:/home/travis/build/icyphy/ptII/lib/
rsyntaxtextarea-2.6.0-SNAPSHOT.jar:/home/travis/build/icyphy/ptII/lib/hazelcast
-3.8.2.jar:/home/travis/build/icyphy/ptII/lib/jackson-annotations-2.9.0.jar:/ho
me/travis/build/icyphy/ptII/lib/jackson-core-2.9.3.jar:/home/travis/build/icyph
y/ptII/lib/jackson-databind-2.9.3.jar:/home/travis/build/icyphy/ptII/lib/netty-
buffer-4.1.19.Final.jar:/home/travis/build/icyphy/ptII/lib/netty-codec-4.1.19.F
inal.jar:/home/travis/build/icyphy/ptII/lib/netty-codec-dns-4.1.19.Final.jar:/h
ome/travis/build/icyphy/ptII/lib/netty-codec-http-4.1.19.Final.jar:/home/travis
/build/icyphy/ptII/lib/netty-codec-http2-4.1.19.Final.jar:/home/travis/build/ic
yphy/ptII/lib/netty-common-4.1.19.Final.jar:/home/travis/build/icyphy/ptII/lib/
netty-handler-4.1.19.Final.jar:/home/travis/build/icyphy/ptII/lib/netty-resolve
r-4.1.19.Final.jar:/home/travis/build/icyphy/ptII/lib/netty-resolver-dns-4.1.19
.Final.jar:/home/travis/build/icyphy/ptII/lib/netty-transport-4.1.19.Final.jar:
/home/travis/build/icyphy/ptII/lib/vertx-codegen-3.5.1.jar:/home/travis/build/i
cyphy/ptII/lib/vertx-core-3.5.2-SNAPSHOT.jar:/home/travis/build/icyphy/ptII/lib
/vertx-hazelcast-3.5.1.jar:/home/travis/build/icyphy/ptII/lib/vertx-lang-js-3.5
.1.jar:/home/travis/build/icyphy/ptII/lib/vertx-service-proxy-3.5.1.jar:/home/t
ravis/build/icyphy/ptII/lib/vertx-web-3.5.1.jar:/home/travis/build/icyphy/ptII/
lib/slf4j-api-1.7.13.jar:/home/travis/build/icyphy/ptII/lib/slf4j-simple-1.7.13
.jar:/home/travis/build/icyphy/ptII/lib/webcam-capture-0.3.12.jar:/home/travis/
build/icyphy/ptII/lib/bridj-0.7.0.jar:/home/travis/build/icyphy/ptII/lib/xbjlib
-1.1.0.nrjavaserial.jar:/home/travis/build/icyphy/ptII/ptolemy/moml/test:/home/
travis/build/icyphy/ptII/ant/lib/ant-launcher.jar:/home/travis/build/icyphy/ptI
I/ant/lib/ant.jar:/home/travis/build/icyphy/ptII/ant/lib/ant-junit.jar:/home/tr
avis/build/icyphy/ptII/ant/lib/ant-junit4.jar:/home/travis/build/icyphy/ptII
ModularCG_A2_B2_profile.java
drwxrwxr-x   2 travis travis   4096 Jan  3 00:55 RepeatVariables
-rw-rw-r--   1 travis travis    882 Jan  3 00:55 Repeat$_varinit_Repeat.class
-rw-rw-r--   1 travis travis    550 Jan  3 00:55 Repeat$_varinit_Repeat$__v_sL_2.class
-rw-rw-r--   1 travis travis    924 Jan  3 00:55 Repeat$_varinit_Repeat$__v_sL_4.class
-rw-rw-r--   1 travis travis    978 Jan  3 00:55 Repeat$_wrapup_Repeat$__w_sL_1.class
drwxrwxr-x   3 travis travis  20480 Jan  3 00:52 Sinewave
drwxrwxr-x   3 travis travis  32768 Jan  3 00:53 StringFunction
drwxrwxr-x   3 travis travis  12288 Jan  3 00:53 StringLength
drwxrwxr-x   3 travis travis  61440 Jan  3 00:53 StringMatches2
drwxrwxr-x   3 travis travis  61440 Jan  3 00:54 StringSimpleReplace
drwxrwxr-x   3 travis travis  65536 Jan  3 00:54 StringSubstring
drwxrwxr-x   3 travis travis  24576 Jan  3 00:54 StringSubstring2
drwxrwxr-x   3 travis travis  16384 Jan  3 00:54 time1
drwxrwxr-x   3 travis travis  12288 Jan  3 00:55 time5
-rw-rw-r--   1 travis travis    432 Jan  3 00:55 Token.class
-rw-rw-r--   1 travis travis    251 Jan  3 00:55 Token.java
-rwxrwxr-x   1 travis travis 466992 Jan  3 00:49 top
-rw-rw-r--   1 travis travis  20502 Jan  3 00:49 top.c
-rw-rw-r--   1 travis travis   3799 Jan  3 00:55 top.class
-rw-rw-r--   1 travis travis   1257 Jan  3 00:55 top.mk
All Done
Writing ModularCG_A2_B2.java in file:/home/travis/cg/ (9730 characters)
Reading "ptolemy/cg/kernel/generic/program/procedural/java/modular/makefile.in",
    writing "/home/travis/cg/ModularCG_A2_B2.mk"
Using ptolemy/cg/kernel/generic/program/procedural/java/modular/makefile.in
In "/home/travis/cg", about to execute:
    make -f ModularCG_A2_B2.mk
javac -classpath ".:.."    ModularCG_A2_B2.java
All Done
In "/home/travis/cg", about to execute:
    pwd
/home/travis/cg
In "/home/travis/cg", about to execute:
    ls -l
total 1544
drwxrwxr-x   3 travis travis  12288 Jan  3 00:50 AbsoluteValue
drwxrwxr-x   3 travis travis 102400 Jan  3 00:49 AllColt
drwxrwxr-x   3 travis travis  12288 Jan  3 00:50 Case1
-rw-rw-r--   1 travis travis   5128 Jan  3 00:55 CompiledCompositeActor_CompiledCompositeActor.class
-rw-rw-r--   1 travis travis   1611 Jan  3 00:55 CompiledCompositeActor_CompiledCompositeActor$_CompiledCompositeActor_CompiledCompositeActor.class
-rw-rw-r--   1 travis travis  13466 Jan  3 00:55 CompiledCompositeActor_CompiledCompositeActor.java
-rw-rw-r--   1 travis travis   1593 Jan  3 00:55 CompiledCompositeActor_CompiledCompositeActor.mk
drwxrwxr-x   5 travis travis   4096 Jan  3 00:49 fmi
drwxrwxr-x   3 travis travis  16384 Jan  3 00:50 Gaussian2
-rw-rw-r--   1 travis travis   4684 Jan  3 00:55 JavaCompiledCompositeTest1_CompiledCompositeActor.class
-rw-rw-r--   1 travis travis  11637 Jan  3 00:55 JavaCompiledCompositeTest1_CompiledCompositeActor.java
-rw-rw-r--   1 travis travis   1217 Jan  3 00:55 JavaCompiledCompositeTest1_CompiledCompositeActor$_JavaCompiledCompositeTest1_CompiledCompositeActor.class
-rw-rw-r--   1 travis travis   1625 Jan  3 00:55 JavaCompiledCompositeTest1_CompiledCompositeActor.mk
-rw-rw-r--   1 travis travis   5115 Jan  3 00:55 JavaCompiledCompositeTest2_CompiledCompositeActor.class
-rw-rw-r--   1 travis travis  14919 Jan  3 00:55 JavaCompiledCompositeTest2_CompiledCompositeActor.java
-rw-rw-r--   1 travis travis   1812 Jan  3 00:55 JavaCompiledCompositeTest2_CompiledCompositeActor$_JavaCompiledCompositeTest2_CompiledCompositeActor.class
-rw-rw-r--   1 travis travis   1625 Jan  3 00:55 JavaCompiledCompositeTest2_CompiledCompositeActor.mk
-rw-rw-r--   1 travis travis   4732 Jan  3 00:55 JavaCompiledCompositeTest3_CompiledCompositeActor.class
-rw-rw-r--   1 travis travis  13080 Jan  3 00:55 JavaCompiledCompositeTest3_CompiledCompositeActor.java
-rw-rw-r--   1 travis travis   1397 Jan  3 00:55 JavaCompiledCompositeTest3_CompiledCompositeActor$_JavaCompiledCompositeTest3_CompiledCompositeActor.class
-rw-rw-r--   1 travis travis   1625 Jan  3 00:55 JavaCompiledCompositeTest3_CompiledCompositeActor.mk
-rw-rw-r--   1 travis travis   4183 Jan  3 00:55 JavaCompiledCompositeTest4_CompiledCompositeActor.class
-rw-rw-r--   1 travis travis   9687 Jan  3 00:55 JavaCompiledCompositeTest4_CompiledCompositeActor.java
-rw-rw-r--   1 travis travis    876 Jan  3 00:55 JavaCompiledCompositeTest4_CompiledCompositeActor$_JavaCompiledCompositeTest4_CompiledCompositeActor.class
-rw-rw-r--   1 travis travis   1625 Jan  3 00:55 JavaCompiledCompositeTest4_CompiledCompositeActor.mk
drwxrwxr-x   3 travis travis  12288 Jan  3 00:51 LookupTable
drwxrwxr-x   3 travis travis  20480 Jan  3 00:51 MaxIndex
-rw-rw-r--   1 travis travis   3925 Jan  3 00:55 ModularCG_A1_B1.class
-rw-rw-r--   1 travis travis   9730 Jan  3 00:55 ModularCG_A1_B1.java
-rw-rw-r--   1 travis travis    832 Jan  3 00:55 ModularCG_A1_B1.mk
-rw-rw-r--   1 travis travis   1318 Jan  3 00:55 ModularCG_A1_B1_profile.class
-rw-rw-r--   1 travis travis   1262 Jan  3 00:55 ModularCG_A1_B1_profile.java
-rw-rw-r--   1 travis travis   3925 Jan  3 00:55 ModularCG_A1_B2.class
-rw-rw-r--   1 travis travis   9730 Jan  3 00:55 ModularCG_A1_B2.java
-rw-rw-r--   1 travis travis    832 Jan  3 00:55 ModularCG_A1_B2.mk
-rw-rw-r--   1 travis travis   1318 Jan  3 00:55 ModularCG_A1_B2_profile.class
-rw-rw-r--   1 travis travis   1262 Jan  3 00:55 ModularCG_A1_B2_profile.java
-rw-rw-r--   1 travis travis   5031 Jan  3 00:55 ModularCG_A1.class
-rw-rw-r--   1 travis travis  14742 Jan  3 00:55 ModularCG_A1.java
-rw-rw-r--   1 travis travis    808 Jan  3 00:55 ModularCG_A1.mk
-rw-rw-r--   1 travis travis   1433 Jan  3 00:55 ModularCG_A1_profile.class
-rw-rw-r--   1 travis travis   1704 Jan  3 00:55 ModularCG_A1_profile.java
-rw-rw-r--   1 travis travis   4059 Jan  3 00:55 ModularCG_A2_B1.class
-rw-rw-r--   1 travis travis  10667 Jan  3 00:55 ModularCG_A2_B1.java
-rw-rw-r--   1 travis travis    832 Jan  3 00:55 ModularCG_A2_B1.mk
-rw-rw-r--   1 travis travis   1381 Jan  3 00:55 ModularCG_A2_B1_profile.class
-rw-rw-r--   1 travis travis   1446 Jan  3 00:55 ModularCG_A2_B1_profile.java
-rw-rw-r--   1 travis travis   3925 Jan  3 00:55 ModularCG_A2_B2.class
-rw-rw-r--   1 travis travis   9730 Jan  3 00:55 ModularCG_A2_B2.java
-rw-rw-r--   1 travis travis    832 Jan  3 00:55 ModularCG_A2_B2.mk
-rw-rw-r--   1 travis travis   1318 Jan  3 00:55 ModularCG_A2_B2_profile.class
-rw-rw-r--   1 travis travis   1262 Jan  3 00:55 ModularCG_A2_B2_profile.java
-rw-rw-r--   1 travis travis   1704 Jan  3 00:55 ModularCG_A2_profile.java
-rw-rw-r--   1 travis travis   3724 Jan  3 00:55 ModularCodeGenTest_A1_A2.class
-rw-rw-r--   1 travis travis   9164 Jan  3 00:55 ModularCodeGenTest_A1_A2.java
-rw-rw-r--   1 travis travis   1306 Jan  3 00:55 ModularCodeGenTest_A1_A2_profile.class
-rw-rw-r--   1 travis travis   4055 Jan  3 00:55 ModularCodeGenTest_A1.class
-rw-rw-r--   1 travis travis   9968 Jan  3 00:55 ModularCodeGenTest_A1.java
-rw-rw-r--   1 travis travis    880 Jan  3 00:55 ModularCodeGenTest_A1.mk
-rw-rw-r--   1 travis travis   1352 Jan  3 00:55 ModularCodeGenTest_A1_profile.class
-rw-rw-r--   1 travis travis   1394 Jan  3 00:55 ModularCodeGenTest_A1_profile.java
drwxrwxr-x   3 travis travis  32768 Jan  3 00:55 modulation2
drwxrwxr-x 116 travis travis  12288 Jan  3 00:55 node_modules
drwxrwxr-x   3 travis travis  20480 Jan  3 00:51 PhaseUnwrap
drwxrwxr-x   3 travis travis  12288 Jan  3 00:51 ReadFile1
-rw-rw-r--   1 travis travis     11 Jan  3 00:51 ReadFile1Output.txt
-rw-rw-r--   1 travis travis  13773 Jan  3 00:55 Repeat.class
-rw-rw-r--   1 travis travis    685 Jan  3 00:55 Repeat$_fireFunction_Repeat_Repeat$__f_sL_11.class
-rw-rw-r--   1 travis travis    541 Jan  3 00:55 Repeat$_fireFunction_Repeat_Repeat$__f_sL_12.class
-rw-rw-r--   1 travis travis    541 Jan  3 00:55 Repeat$_fireFunction_Repeat_Repeat$__f_sL_13.class
-rw-rw-r--   1 travis travis    541 Jan  3 00:55 Repeat$_fireFunction_Repeat_Repeat$__f_sL_14.class
-rw-rw-r--   1 travis travis    684 Jan  3 00:55 Repeat$_fireFunction_Repeat_Repeat$__f_sL_1.class
-rw-rw-r--   1 travis travis    683 Jan  3 00:55 Repeat$_fireFunction_Repeat_Repeat$__f_sL_4.class
-rw-rw-r--   1 travis travis    539 Jan  3 00:55 Repeat$_fireFunction_Repeat_Repeat$__f_sL_9.class
-rw-rw-r--   1 travis travis    494 Jan  3 00:55 Repeat$_initialize_Repeat$__i_sL_2.class
-rw-rw-r--   1 travis travis   1281 Jan  3 00:55 Repeat.mk
-rw-rw-r--   1 travis travis    539 Jan  3 00:55 Repeat$_preinitializeMethod_Repeat$__p_sL_0.class
-rw-rw-r--   1 travis travis   1102 Jan  3 00:55 Repeat$_Repeat$_fireFunction_Repeat_AddSubtract_Repeat.class
-rw-rw-r--   1 travis travis    810 Jan  3 00:55 Repeat$_Repeat$_fireFunction_Repeat_AddSubtract_Repeat$__f_sL_0.class
-rw-rw-r--   1 travis travis    928 Jan  3 00:55 Repeat$_Repeat$_fireFunction_Repeat_AddSubtract_Repeat$__f_sL_1.class
-rw-rw-r--   1 travis travis    934 Jan  3 00:55 Repeat$_Repeat$_fireFunction_Repeat_AddSubtract_Repeat$__f_sL_2.class
-rw-rw-r--   1 travis travis    862 Jan  3 00:55 Repeat$_Repeat$_fireFunction_Repeat_AddSubtract_Repeat$__f_sL_3.class
-rw-rw-r--   1 travis travis    757 Jan  3 00:55 Repeat$_Repeat$_fireFunction_Repeat_Ramp2_Repeat$__f_sL_0.class
-rw-rw-r--   1 travis travis    888 Jan  3 00:55 Repeat$_Repeat$_fireFunction_Repeat_Test_Repeat$__f_sL_0.class
-rw-rw-r--   1 travis travis    634 Jan  3 00:55 Repeat$_Repeat$_fireFunction_Repeat_Test_Repeat$__f_sL_1.class
-rw-rw-r--   1 travis travis    704 Jan  3 00:55 Repeat$_Repeat_SDF_Director_run_Repeat$__R_sL_0.class
-rw-rw-r--   1 travis travis    705 Jan  3 00:55 Repeat$_Repeat_SDF_Director_run_Repeat$__R_sL_11.class
-rw-rw-r--   1 travis travis    561 Jan  3 00:55 Repeat$_Repeat_SDF_Director_run_Repeat$__R_sL_13.class
-rw-rw-r--   1 travis travis    559 Jan  3 00:55 Repeat$_Repeat_SDF_Director_run_Repeat$__R_sL_2.class
-rw-rw-r--   1 travis travis    703 Jan  3 00:55 Repeat$_Repeat_SDF_Director_run_Repeat$__R_sL_3.class
-rw-rw-r--   1 travis travis    559 Jan  3 00:55 Repeat$_Repeat_SDF_Director_run_Repeat$__R_sL_5.class
-rw-rw-r--   1 travis travis    559 Jan  3 00:55 Repeat$_Repeat_SDF_Director_run_Repeat$__R_sL_8.class
drwxrwxr-x   2 travis travis   4096 Jan  3 00:55 RepeatVariables
-rw-rw-r--   1 travis travis    882 Jan  3 00:55 Repeat$_varinit_Repeat.class
-rw-rw-r--   1 travis travis    550 Jan  3 00:55 Repeat$_varinit_Repeat$__v_sL_2.class
-rw-rw-r--   1 travis travis    924 Jan  3 00:55 Repeat$_varinit_Repeat$__v_sL_4.class
-rw-rw-r--   1 travis travis    978 Jan  3 00:55 Repeat$_wrapup_Repeat$__w_sL_1.class
drwxrwxr-x   3 travis travis  20480 Jan  3 00:52 Sinewave
drwxrwxr-x   3 travis travis  32768 Jan  3 00:53 StringFunction
drwxrwxr-x   3 travis travis  12288 Jan  3 00:53 StringLength
drwxrwxr-x   3 travis travis  61440 Jan  3 00:53 StringMatches2
drwxrwxr-x   3 travis travis  61440 Jan  3 00:54 StringSimpleReplace
drwxrwxr-x   3 travis travis  65536 Jan  3 00:54 StringSubstring
drwxrwxr-x   3 travis travis  24576 Jan  3 00:54 StringSubstring2
drwxrwxr-x   3 travis travis  16384 Jan  3 00:54 time1
drwxrwxr-x   3 travis travis  12288 Jan  3 00:55 time5
-rw-rw-r--   1 travis travis    432 Jan  3 00:55 Token.class
-rw-rw-r--   1 travis travis    251 Jan  3 00:55 Token.java
-rwxrwxr-x   1 travis travis 466992 Jan  3 00:49 top
-rw-rw-r--   1 travis travis  20502 Jan  3 00:49 top.c
-rw-rw-r--   1 travis travis   3799 Jan  3 00:55 top.class
-rw-rw-r--   1 travis travis   1257 Jan  3 00:55 top.mk
In "/home/travis/cg", about to execute:
    javac -classpath
.:/home/travis/build/icyphy/ptII:/home/travis/build/icyphy/ptII/lib/bsh-2.0b4.j
ar:/home/travis/build/icyphy/ptII/lib/ptCal.jar:/home/travis/build/icyphy/ptII/
lib/java_cup.jar:/home/travis/build/icyphy/ptII/lib/saxon8.jar:/home/travis/bui
ld/icyphy/ptII/lib/saxon8-dom.jar:/home/travis/build/icyphy/ptII/lib/chic.jar:/
home/travis/build/icyphy/ptII/lib/ptcolt.jar:/home/travis/build/icyphy/ptII/ven
dors/misc/itext/iText.jar:/home/travis/build/icyphy/ptII/lib/g4ltl.jar:/home/tr
avis/build/icyphy/ptII/lib/StructuralCoder.jar:/home/travis/build/icyphy/ptII/l
ib/jcerti.jar:/home/travis/build/icyphy/ptII/lib/javax.mail.jar:/home/travis/bu
ild/icyphy/ptII/vendors/JMF-2.1.1e/lib/jmf.jar:/home/travis/build/icyphy/ptII/l
ib/jna-4.0.0-variadic.jar:/home/travis/build/icyphy/ptII/vendors/misc/joystick/
Joystick.jar:/home/travis/build/icyphy/ptII/lib/ptjacl.jar:/home/travis/build/i
cyphy/ptII/lib/jsoup-1.8.2.jar:/home/travis/build/icyphy/ptII/lib/junit-4.8.2.j
ar:/home/travis/build/icyphy/ptII/lib/JUnitParams-0.4.0.jar:/home/travis/build/
icyphy/ptII/ptolemy/actor/lib/excel/jxl.jar:/home/travis/build/icyphy/ptII/lib/
jython.jar:/home/travis/build/icyphy/ptII/lib/kieler.jar:/home/travis/build/icy
phy/ptII/vendors/opencv/share/OpenCV/java/opencv-341.jar:/home/travis/build/icy
phy/ptII/lib/oscP5.jar:/home/travis/build/icyphy/ptII/lib/nrjavaserial-3.11.0.d
evel.jar:/home/travis/build/icyphy/ptII/vendors/j3d/lib/Linux/j3dcore.jar:/home
/travis/build/icyphy/ptII/vendors/j3d/lib/Linux/j3dutils.jar:/home/travis/build
/icyphy/ptII/vendors/j3d/lib/Linux/vecmath.jar:/home/travis/build/icyphy/ptII/v
endors/jogl/lib/Linux/gluegen-rt-natives-linux-amd64.jar:/home/travis/build/icy
phy/ptII/vendors/jogl/lib/Linux/gluegen-rt.jar:/home/travis/build/icyphy/ptII/v
endors/jogl/lib/Linux/jogl-all-natives-linux-amd64.jar:/home/travis/build/icyph
y/ptII/vendors/jogl/lib/Linux/jogl-all.jar:/home/travis/build/icyphy/ptII/ptole
my/distributed/jini/jar/jini-core.jar:/home/travis/build/icyphy/ptII/ptolemy/di
stributed/jini/jar/jini-ext.jar:/home/travis/build/icyphy/ptII/ptolemy/distribu
ted/jini/jar/sun-util.jar:/home/travis/build/icyphy/ptII/lib/protobuf-java-2.4.
1.jar:/home/travis/build/icyphy/ptII/lib/org.eclipse.paho.client.mqttv3.jar:/ho
me/travis/build/icyphy/ptII/lib/mapss.jar:/home/travis/build/icyphy/ptII/ptolem
y/actor/ptalon/antlr/antlr.jar:/home/travis/build/icyphy/ptII/lib/JRI.jar:/home
/travis/build/icyphy/ptII/lib/commons-lang-2.6.jar:/home/travis/build/icyphy/pt
II/lib/commons-logging-1.1.1.jar:/home/travis/build/icyphy/ptII/lib/sootclasses
.jar:/home/travis/build/icyphy/ptII/ptolemy/actor/lib/database/mysql-connector-
java-5.1.6-bin.jar:/home/travis/build/icyphy/ptII/vendors/misc/sphinx4/sphinx4-
data-5prealpha.jar:/home/travis/build/icyphy/ptII/vendors/misc/sphinx4/sphinx4-
core-5prealpha.jar:/home/travis/build/icyphy/ptII/lib/PDFRenderer.jar:/home/tra
vis/build/icyphy/ptII/lib/svgSalamander.jar:/home/travis/build/icyphy/ptII/lib/
rsyntaxtextarea-2.6.0-SNAPSHOT.jar:/home/travis/build/icyphy/ptII/lib/hazelcast
-3.8.2.jar:/home/travis/build/icyphy/ptII/lib/jackson-annotations-2.9.0.jar:/ho
me/travis/build/icyphy/ptII/lib/jackson-core-2.9.3.jar:/home/travis/build/icyph
y/ptII/lib/jackson-databind-2.9.3.jar:/home/travis/build/icyphy/ptII/lib/netty-
buffer-4.1.19.Final.jar:/home/travis/build/icyphy/ptII/lib/netty-codec-4.1.19.F
inal.jar:/home/travis/build/icyphy/ptII/lib/netty-codec-dns-4.1.19.Final.jar:/h
ome/travis/build/icyphy/ptII/lib/netty-codec-http-4.1.19.Final.jar:/home/travis
/build/icyphy/ptII/lib/netty-codec-http2-4.1.19.Final.jar:/home/travis/build/ic
yphy/ptII/lib/netty-common-4.1.19.Final.jar:/home/travis/build/icyphy/ptII/lib/
netty-handler-4.1.19.Final.jar:/home/travis/build/icyphy/ptII/lib/netty-resolve
r-4.1.19.Final.jar:/home/travis/build/icyphy/ptII/lib/netty-resolver-dns-4.1.19
.Final.jar:/home/travis/build/icyphy/ptII/lib/netty-transport-4.1.19.Final.jar:
/home/travis/build/icyphy/ptII/lib/vertx-codegen-3.5.1.jar:/home/travis/build/i
cyphy/ptII/lib/vertx-core-3.5.2-SNAPSHOT.jar:/home/travis/build/icyphy/ptII/lib
/vertx-hazelcast-3.5.1.jar:/home/travis/build/icyphy/ptII/lib/vertx-lang-js-3.5
.1.jar:/home/travis/build/icyphy/ptII/lib/vertx-service-proxy-3.5.1.jar:/home/t
ravis/build/icyphy/ptII/lib/vertx-web-3.5.1.jar:/home/travis/build/icyphy/ptII/
lib/slf4j-api-1.7.13.jar:/home/travis/build/icyphy/ptII/lib/slf4j-simple-1.7.13
.jar:/home/travis/build/icyphy/ptII/lib/webcam-capture-0.3.12.jar:/home/travis/
build/icyphy/ptII/lib/bridj-0.7.0.jar:/home/travis/build/icyphy/ptII/lib/xbjlib
-1.1.0.nrjavaserial.jar:/home/travis/build/icyphy/ptII/ptolemy/moml/test:/home/
travis/build/icyphy/ptII/ant/lib/ant-launcher.jar:/home/travis/build/icyphy/ptI
I/ant/lib/ant.jar:/home/travis/build/icyphy/ptII/ant/lib/ant-junit.jar:/home/tr
avis/build/icyphy/ptII/ant/lib/ant-junit4.jar:/home/travis/build/icyphy/ptII
ModularCG_A2_profile.java
All Done
Writing ModularCG_A2.java in file:/home/travis/cg/ (15129 characters)
Reading "ptolemy/cg/kernel/generic/program/procedural/java/modular/makefile.in",
    writing "/home/travis/cg/ModularCG_A2.mk"
Using ptolemy/cg/kernel/generic/program/procedural/java/modular/makefile.in
In "/home/travis/cg", about to execute:
    make -f ModularCG_A2.mk
javac -classpath ".:.."    ModularCG_A2.java
All Done
Manager.initialize() finished: 16117 ms. Memory: 129024K Free: 81321K (63%)
16120 ms. Memory: 129024K Free: 80809K (63%)
----------------- Invoking toplevel() on ptolemy.moml.MoMLSimpleApplication@753abf7a
----------------- Done invoking toplevel() on ptolemy.moml.MoMLSimpleApplication@753abf7a
reloadAllAccessors: .ModularCG

===========================================================================================
----------------- testing Fri Jan 03 00:56:02 UTC 2020 /home/travis/build/icyphy/ptII/ptolemy/cg/lib/test/auto/ModularCGPubSub.xml
----------------- Instantiating /home/travis/build/icyphy/ptII/ptolemy/cg/lib/test/auto/ModularCGPubSub.xml
In "/home/travis/cg", about to execute:
    pwd
In "/home/travis/cg", about to execute:
    ls -l
/home/travis/cg
In "/home/travis/cg", about to execute:
    javac -classpath
.:/home/travis/build/icyphy/ptII:/home/travis/build/icyphy/ptII/lib/bsh-2.0b4.j
ar:/home/travis/build/icyphy/ptII/lib/ptCal.jar:/home/travis/build/icyphy/ptII/
lib/java_cup.jar:/home/travis/build/icyphy/ptII/lib/saxon8.jar:/home/travis/bui
ld/icyphy/ptII/lib/saxon8-dom.jar:/home/travis/build/icyphy/ptII/lib/chic.jar:/
home/travis/build/icyphy/ptII/lib/ptcolt.jar:/home/travis/build/icyphy/ptII/ven
dors/misc/itext/iText.jar:/home/travis/build/icyphy/ptII/lib/g4ltl.jar:/home/tr
avis/build/icyphy/ptII/lib/StructuralCoder.jar:/home/travis/build/icyphy/ptII/l
ib/jcerti.jar:/home/travis/build/icyphy/ptII/lib/javax.mail.jar:/home/travis/bu
ild/icyphy/ptII/vendors/JMF-2.1.1e/lib/jmf.jar:/home/travis/build/icyphy/ptII/l
ib/jna-4.0.0-variadic.jar:/home/travis/build/icyphy/ptII/vendors/misc/joystick/
Joystick.jar:/home/travis/build/icyphy/ptII/lib/ptjacl.jar:/home/travis/build/i
cyphy/ptII/lib/jsoup-1.8.2.jar:/home/travis/build/icyphy/ptII/lib/junit-4.8.2.j
ar:/home/travis/build/icyphy/ptII/lib/JUnitParams-0.4.0.jar:/home/travis/build/
icyphy/ptII/ptolemy/actor/lib/excel/jxl.jar:/home/travis/build/icyphy/ptII/lib/
jython.jar:/home/travis/build/icyphy/ptII/lib/kieler.jar:/home/travis/build/icy
phy/ptII/vendors/opencv/share/OpenCV/java/opencv-341.jar:/home/travis/build/icy
phy/ptII/lib/oscP5.jar:/home/travis/build/icyphy/ptII/lib/nrjavaserial-3.11.0.d
evel.jar:/home/travis/build/icyphy/ptII/vendors/j3d/lib/Linux/j3dcore.jar:/home
/travis/build/icyphy/ptII/vendors/j3d/lib/Linux/j3dutils.jar:/home/travis/build
/icyphy/ptII/vendors/j3d/lib/Linux/vecmath.jar:/home/travis/build/icyphy/ptII/v
endors/jogl/lib/Linux/gluegen-rt-natives-linux-amd64.jar:/home/travis/build/icy
phy/ptII/vendors/jogl/lib/Linux/gluegen-rt.jar:/home/travis/build/icyphy/ptII/v
endors/jogl/lib/Linux/jogl-all-natives-linux-amd64.jar:/home/travis/build/icyph
y/ptII/vendors/jogl/lib/Linux/jogl-all.jar:/home/travis/build/icyphy/ptII/ptole
my/distributed/jini/jar/jini-core.jar:/home/travis/build/icyphy/ptII/ptolemy/di
stributed/jini/jar/jini-ext.jar:/home/travis/build/icyphy/ptII/ptolemy/distribu
ted/jini/jar/sun-util.jar:/home/travis/build/icyphy/ptII/lib/protobuf-java-2.4.
1.jar:/home/travis/build/icyphy/ptII/lib/org.eclipse.paho.client.mqttv3.jar:/ho
me/travis/build/icyphy/ptII/lib/mapss.jar:/home/travis/build/icyphy/ptII/ptolem
y/actor/ptalon/antlr/antlr.jar:/home/travis/build/icyphy/ptII/lib/JRI.jar:/home
/travis/build/icyphy/ptII/lib/commons-lang-2.6.jar:/home/travis/build/icyphy/pt
II/lib/commons-logging-1.1.1.jar:/home/travis/build/icyphy/ptII/lib/sootclasses
.jar:/home/travis/build/icyphy/ptII/ptolemy/actor/lib/database/mysql-connector-
java-5.1.6-bin.jar:/home/travis/build/icyphy/ptII/vendors/misc/sphinx4/sphinx4-
data-5prealpha.jar:/home/travis/build/icyphy/ptII/vendors/misc/sphinx4/sphinx4-
core-5prealpha.jar:/home/travis/build/icyphy/ptII/lib/PDFRenderer.jar:/home/tra
vis/build/icyphy/ptII/lib/svgSalamander.jar:/home/travis/build/icyphy/ptII/lib/
rsyntaxtextarea-2.6.0-SNAPSHOT.jar:/home/travis/build/icyphy/ptII/lib/hazelcast
-3.8.2.jar:/home/travis/build/icyphy/ptII/lib/jackson-annotations-2.9.0.jar:/ho
me/travis/build/icyphy/ptII/lib/jackson-core-2.9.3.jar:/home/travis/build/icyph
y/ptII/lib/jackson-databind-2.9.3.jar:/home/travis/build/icyphy/ptII/lib/netty-
buffer-4.1.19.Final.jar:/home/travis/build/icyphy/ptII/lib/netty-codec-4.1.19.F
inal.jar:/home/travis/build/icyphy/ptII/lib/netty-codec-dns-4.1.19.Final.jar:/h
ome/travis/build/icyphy/ptII/lib/netty-codec-http-4.1.19.Final.jar:/home/travis
/build/icyphy/ptII/lib/netty-codec-http2-4.1.19.Final.jar:/home/travis/build/ic
yphy/ptII/lib/netty-common-4.1.19.Final.jar:/home/travis/build/icyphy/ptII/lib/
netty-handler-4.1.19.Final.jar:/home/travis/build/icyphy/ptII/lib/netty-resolve
r-4.1.19.Final.jar:/home/travis/build/icyphy/ptII/lib/netty-resolver-dns-4.1.19
.Final.jar:/home/travis/build/icyphy/ptII/lib/netty-transport-4.1.19.Final.jar:
/home/travis/build/icyphy/ptII/lib/vertx-codegen-3.5.1.jar:/home/travis/build/i
cyphy/ptII/lib/vertx-core-3.5.2-SNAPSHOT.jar:/home/travis/build/icyphy/ptII/lib
/vertx-hazelcast-3.5.1.jar:/home/travis/build/icyphy/ptII/lib/vertx-lang-js-3.5
.1.jar:/home/travis/build/icyphy/ptII/lib/vertx-service-proxy-3.5.1.jar:/home/t
ravis/build/icyphy/ptII/lib/vertx-web-3.5.1.jar:/home/travis/build/icyphy/ptII/
lib/slf4j-api-1.7.13.jar:/home/travis/build/icyphy/ptII/lib/slf4j-simple-1.7.13
.jar:/home/travis/build/icyphy/ptII/lib/webcam-capture-0.3.12.jar:/home/travis/
build/icyphy/ptII/lib/bridj-0.7.0.jar:/home/travis/build/icyphy/ptII/lib/xbjlib
-1.1.0.nrjavaserial.jar:/home/travis/build/icyphy/ptII/ptolemy/moml/test:/home/
travis/build/icyphy/ptII/ant/lib/ant-launcher.jar:/home/travis/build/icyphy/ptI
I/ant/lib/ant.jar:/home/travis/build/icyphy/ptII/ant/lib/ant-junit.jar:/home/tr
avis/build/icyphy/ptII/ant/lib/ant-junit4.jar:/home/travis/build/icyphy/ptII
ModularCGPubSub_A1_A2_profile.java
total 1580
drwxrwxr-x   3 travis travis  12288 Jan  3 00:50 AbsoluteValue
drwxrwxr-x   3 travis travis 102400 Jan  3 00:49 AllColt
drwxrwxr-x   3 travis travis  12288 Jan  3 00:50 Case1
-rw-rw-r--   1 travis travis   5128 Jan  3 00:55 CompiledCompositeActor_CompiledCompositeActor.class
-rw-rw-r--   1 travis travis   1611 Jan  3 00:55 CompiledCompositeActor_CompiledCompositeActor$_CompiledCompositeActor_CompiledCompositeActor.class
-rw-rw-r--   1 travis travis  13466 Jan  3 00:55 CompiledCompositeActor_CompiledCompositeActor.java
-rw-rw-r--   1 travis travis   1593 Jan  3 00:55 CompiledCompositeActor_CompiledCompositeActor.mk
drwxrwxr-x   5 travis travis   4096 Jan  3 00:49 fmi
drwxrwxr-x   3 travis travis  16384 Jan  3 00:50 Gaussian2
-rw-rw-r--   1 travis travis   4684 Jan  3 00:55 JavaCompiledCompositeTest1_CompiledCompositeActor.class
-rw-rw-r--   1 travis travis  11637 Jan  3 00:55 JavaCompiledCompositeTest1_CompiledCompositeActor.java
-rw-rw-r--   1 travis travis   1217 Jan  3 00:55 JavaCompiledCompositeTest1_CompiledCompositeActor$_JavaCompiledCompositeTest1_CompiledCompositeActor.class
-rw-rw-r--   1 travis travis   1625 Jan  3 00:55 JavaCompiledCompositeTest1_CompiledCompositeActor.mk
-rw-rw-r--   1 travis travis   5115 Jan  3 00:55 JavaCompiledCompositeTest2_CompiledCompositeActor.class
-rw-rw-r--   1 travis travis  14919 Jan  3 00:55 JavaCompiledCompositeTest2_CompiledCompositeActor.java
-rw-rw-r--   1 travis travis   1812 Jan  3 00:55 JavaCompiledCompositeTest2_CompiledCompositeActor$_JavaCompiledCompositeTest2_CompiledCompositeActor.class
-rw-rw-r--   1 travis travis   1625 Jan  3 00:55 JavaCompiledCompositeTest2_CompiledCompositeActor.mk
-rw-rw-r--   1 travis travis   4732 Jan  3 00:55 JavaCompiledCompositeTest3_CompiledCompositeActor.class
-rw-rw-r--   1 travis travis  13080 Jan  3 00:55 JavaCompiledCompositeTest3_CompiledCompositeActor.java
-rw-rw-r--   1 travis travis   1397 Jan  3 00:55 JavaCompiledCompositeTest3_CompiledCompositeActor$_JavaCompiledCompositeTest3_CompiledCompositeActor.class
-rw-rw-r--   1 travis travis   1625 Jan  3 00:55 JavaCompiledCompositeTest3_CompiledCompositeActor.mk
-rw-rw-r--   1 travis travis   4183 Jan  3 00:55 JavaCompiledCompositeTest4_CompiledCompositeActor.class
-rw-rw-r--   1 travis travis   9687 Jan  3 00:55 JavaCompiledCompositeTest4_CompiledCompositeActor.java
-rw-rw-r--   1 travis travis    876 Jan  3 00:55 JavaCompiledCompositeTest4_CompiledCompositeActor$_JavaCompiledCompositeTest4_CompiledCompositeActor.class
-rw-rw-r--   1 travis travis   1625 Jan  3 00:55 JavaCompiledCompositeTest4_CompiledCompositeActor.mk
drwxrwxr-x   3 travis travis  12288 Jan  3 00:51 LookupTable
drwxrwxr-x   3 travis travis  20480 Jan  3 00:51 MaxIndex
-rw-rw-r--   1 travis travis   3925 Jan  3 00:55 ModularCG_A1_B1.class
-rw-rw-r--   1 travis travis   9730 Jan  3 00:55 ModularCG_A1_B1.java
-rw-rw-r--   1 travis travis    832 Jan  3 00:55 ModularCG_A1_B1.mk
-rw-rw-r--   1 travis travis   1318 Jan  3 00:55 ModularCG_A1_B1_profile.class
-rw-rw-r--   1 travis travis   1262 Jan  3 00:55 ModularCG_A1_B1_profile.java
-rw-rw-r--   1 travis travis   3925 Jan  3 00:55 ModularCG_A1_B2.class
-rw-rw-r--   1 travis travis   9730 Jan  3 00:55 ModularCG_A1_B2.java
-rw-rw-r--   1 travis travis    832 Jan  3 00:55 ModularCG_A1_B2.mk
-rw-rw-r--   1 travis travis   1318 Jan  3 00:55 ModularCG_A1_B2_profile.class
-rw-rw-r--   1 travis travis   1262 Jan  3 00:55 ModularCG_A1_B2_profile.java
-rw-rw-r--   1 travis travis   5031 Jan  3 00:55 ModularCG_A1.class
-rw-rw-r--   1 travis travis  14742 Jan  3 00:55 ModularCG_A1.java
-rw-rw-r--   1 travis travis    808 Jan  3 00:55 ModularCG_A1.mk
-rw-rw-r--   1 travis travis   1433 Jan  3 00:55 ModularCG_A1_profile.class
-rw-rw-r--   1 travis travis   1704 Jan  3 00:55 ModularCG_A1_profile.java
-rw-rw-r--   1 travis travis   4059 Jan  3 00:55 ModularCG_A2_B1.class
-rw-rw-r--   1 travis travis  10667 Jan  3 00:55 ModularCG_A2_B1.java
-rw-rw-r--   1 travis travis    832 Jan  3 00:55 ModularCG_A2_B1.mk
-rw-rw-r--   1 travis travis   1381 Jan  3 00:55 ModularCG_A2_B1_profile.class
-rw-rw-r--   1 travis travis   1446 Jan  3 00:55 ModularCG_A2_B1_profile.java
-rw-rw-r--   1 travis travis   3925 Jan  3 00:55 ModularCG_A2_B2.class
-rw-rw-r--   1 travis travis   9730 Jan  3 00:55 ModularCG_A2_B2.java
-rw-rw-r--   1 travis travis    832 Jan  3 00:55 ModularCG_A2_B2.mk
-rw-rw-r--   1 travis travis   1318 Jan  3 00:55 ModularCG_A2_B2_profile.class
-rw-rw-r--   1 travis travis   1262 Jan  3 00:55 ModularCG_A2_B2_profile.java
-rw-rw-r--   1 travis travis   5102 Jan  3 00:56 ModularCG_A2.class
-rw-rw-r--   1 travis travis  15129 Jan  3 00:56 ModularCG_A2.java
-rw-rw-r--   1 travis travis    808 Jan  3 00:56 ModularCG_A2.mk
-rw-rw-r--   1 travis travis   1433 Jan  3 00:56 ModularCG_A2_profile.class
-rw-rw-r--   1 travis travis   1704 Jan  3 00:55 ModularCG_A2_profile.java
-rw-rw-r--   1 travis travis   1222 Jan  3 00:56 ModularCGPubSub_A1_A2_profile.java
-rw-rw-r--   1 travis travis   3724 Jan  3 00:55 ModularCodeGenTest_A1_A2.class
-rw-rw-r--   1 travis travis   9164 Jan  3 00:55 ModularCodeGenTest_A1_A2.java
-rw-rw-r--   1 travis travis   1306 Jan  3 00:55 ModularCodeGenTest_A1_A2_profile.class
-rw-rw-r--   1 travis travis   4055 Jan  3 00:55 ModularCodeGenTest_A1.class
-rw-rw-r--   1 travis travis   9968 Jan  3 00:55 ModularCodeGenTest_A1.java
-rw-rw-r--   1 travis travis    880 Jan  3 00:55 ModularCodeGenTest_A1.mk
-rw-rw-r--   1 travis travis   1352 Jan  3 00:55 ModularCodeGenTest_A1_profile.class
-rw-rw-r--   1 travis travis   1394 Jan  3 00:55 ModularCodeGenTest_A1_profile.java
drwxrwxr-x   3 travis travis  32768 Jan  3 00:55 modulation2
drwxrwxr-x 116 travis travis  12288 Jan  3 00:55 node_modules
drwxrwxr-x   3 travis travis  20480 Jan  3 00:51 PhaseUnwrap
drwxrwxr-x   3 travis travis  12288 Jan  3 00:51 ReadFile1
-rw-rw-r--   1 travis travis     11 Jan  3 00:51 ReadFile1Output.txt
-rw-rw-r--   1 travis travis  13773 Jan  3 00:55 Repeat.class
-rw-rw-r--   1 travis travis    685 Jan  3 00:55 Repeat$_fireFunction_Repeat_Repeat$__f_sL_11.class
-rw-rw-r--   1 travis travis    541 Jan  3 00:55 Repeat$_fireFunction_Repeat_Repeat$__f_sL_12.class
-rw-rw-r--   1 travis travis    541 Jan  3 00:55 Repeat$_fireFunction_Repeat_Repeat$__f_sL_13.class
-rw-rw-r--   1 travis travis    541 Jan  3 00:55 Repeat$_fireFunction_Repeat_Repeat$__f_sL_14.class
-rw-rw-r--   1 travis travis    684 Jan  3 00:55 Repeat$_fireFunction_Repeat_Repeat$__f_sL_1.class
-rw-rw-r--   1 travis travis    683 Jan  3 00:55 Repeat$_fireFunction_Repeat_Repeat$__f_sL_4.class
-rw-rw-r--   1 travis travis    539 Jan  3 00:55 Repeat$_fireFunction_Repeat_Repeat$__f_sL_9.class
-rw-rw-r--   1 travis travis    494 Jan  3 00:55 Repeat$_initialize_Repeat$__i_sL_2.class
-rw-rw-r--   1 travis travis   1281 Jan  3 00:55 Repeat.mk
-rw-rw-r--   1 travis travis    539 Jan  3 00:55 Repeat$_preinitializeMethod_Repeat$__p_sL_0.class
-rw-rw-r--   1 travis travis   1102 Jan  3 00:55 Repeat$_Repeat$_fireFunction_Repeat_AddSubtract_Repeat.class
-rw-rw-r--   1 travis travis    810 Jan  3 00:55 Repeat$_Repeat$_fireFunction_Repeat_AddSubtract_Repeat$__f_sL_0.class
-rw-rw-r--   1 travis travis    928 Jan  3 00:55 Repeat$_Repeat$_fireFunction_Repeat_AddSubtract_Repeat$__f_sL_1.class
-rw-rw-r--   1 travis travis    934 Jan  3 00:55 Repeat$_Repeat$_fireFunction_Repeat_AddSubtract_Repeat$__f_sL_2.class
-rw-rw-r--   1 travis travis    862 Jan  3 00:55 Repeat$_Repeat$_fireFunction_Repeat_AddSubtract_Repeat$__f_sL_3.class
-rw-rw-r--   1 travis travis    757 Jan  3 00:55 Repeat$_Repeat$_fireFunction_Repeat_Ramp2_Repeat$__f_sL_0.class
-rw-rw-r--   1 travis travis    888 Jan  3 00:55 Repeat$_Repeat$_fireFunction_Repeat_Test_Repeat$__f_sL_0.class
-rw-rw-r--   1 travis travis    634 Jan  3 00:55 Repeat$_Repeat$_fireFunction_Repeat_Test_Repeat$__f_sL_1.class
-rw-rw-r--   1 travis travis    704 Jan  3 00:55 Repeat$_Repeat_SDF_Director_run_Repeat$__R_sL_0.class
-rw-rw-r--   1 travis travis    705 Jan  3 00:55 Repeat$_Repeat_SDF_Director_run_Repeat$__R_sL_11.class
-rw-rw-r--   1 travis travis    561 Jan  3 00:55 Repeat$_Repeat_SDF_Director_run_Repeat$__R_sL_13.class
-rw-rw-r--   1 travis travis    559 Jan  3 00:55 Repeat$_Repeat_SDF_Director_run_Repeat$__R_sL_2.class
-rw-rw-r--   1 travis travis    703 Jan  3 00:55 Repeat$_Repeat_SDF_Director_run_Repeat$__R_sL_3.class
-rw-rw-r--   1 travis travis    559 Jan  3 00:55 Repeat$_Repeat_SDF_Director_run_Repeat$__R_sL_5.class
-rw-rw-r--   1 travis travis    559 Jan  3 00:55 Repeat$_Repeat_SDF_Director_run_Repeat$__R_sL_8.class
drwxrwxr-x   2 travis travis   4096 Jan  3 00:55 RepeatVariables
-rw-rw-r--   1 travis travis    882 Jan  3 00:55 Repeat$_varinit_Repeat.class
-rw-rw-r--   1 travis travis    550 Jan  3 00:55 Repeat$_varinit_Repeat$__v_sL_2.class
-rw-rw-r--   1 travis travis    924 Jan  3 00:55 Repeat$_varinit_Repeat$__v_sL_4.class
-rw-rw-r--   1 travis travis    978 Jan  3 00:55 Repeat$_wrapup_Repeat$__w_sL_1.class
drwxrwxr-x   3 travis travis  20480 Jan  3 00:52 Sinewave
drwxrwxr-x   3 travis travis  32768 Jan  3 00:53 StringFunction
drwxrwxr-x   3 travis travis  12288 Jan  3 00:53 StringLength
drwxrwxr-x   3 travis travis  61440 Jan  3 00:53 StringMatches2
drwxrwxr-x   3 travis travis  61440 Jan  3 00:54 StringSimpleReplace
drwxrwxr-x   3 travis travis  65536 Jan  3 00:54 StringSubstring
drwxrwxr-x   3 travis travis  24576 Jan  3 00:54 StringSubstring2
drwxrwxr-x   3 travis travis  16384 Jan  3 00:54 time1
drwxrwxr-x   3 travis travis  12288 Jan  3 00:55 time5
-rw-rw-r--   1 travis travis    432 Jan  3 00:56 Token.class
-rw-rw-r--   1 travis travis    251 Jan  3 00:56 Token.java
-rwxrwxr-x   1 travis travis 466992 Jan  3 00:49 top
-rw-rw-r--   1 travis travis  20502 Jan  3 00:49 top.c
-rw-rw-r--   1 travis travis   3799 Jan  3 00:55 top.class
-rw-rw-r--   1 travis travis   1257 Jan  3 00:55 top.mk
All Done
Writing ModularCGPubSub_A1_A2.java in file:/home/travis/cg/ (9076 characters)
Reading "ptolemy/cg/kernel/generic/program/procedural/java/modular/makefile.in",
    writing "/home/travis/cg/ModularCGPubSub_A1_A2.mk"
Using ptolemy/cg/kernel/generic/program/procedural/java/modular/makefile.in
In "/home/travis/cg", about to execute:
    make -f ModularCGPubSub_A1_A2.mk
javac -classpath ".:.."    ModularCGPubSub_A1_A2.java
All Done
In "/home/travis/cg", about to execute:
    pwd
/home/travis/cg
In "/home/travis/cg", about to execute:
    ls -l
total 1608
drwxrwxr-x   3 travis travis  12288 Jan  3 00:50 AbsoluteValue
drwxrwxr-x   3 travis travis 102400 Jan  3 00:49 AllColt
drwxrwxr-x   3 travis travis  12288 Jan  3 00:50 Case1
-rw-rw-r--   1 travis travis   5128 Jan  3 00:55 CompiledCompositeActor_CompiledCompositeActor.class
-rw-rw-r--   1 travis travis   1611 Jan  3 00:55 CompiledCompositeActor_CompiledCompositeActor$_CompiledCompositeActor_CompiledCompositeActor.class
-rw-rw-r--   1 travis travis  13466 Jan  3 00:55 CompiledCompositeActor_CompiledCompositeActor.java
-rw-rw-r--   1 travis travis   1593 Jan  3 00:55 CompiledCompositeActor_CompiledCompositeActor.mk
drwxrwxr-x   5 travis travis   4096 Jan  3 00:49 fmi
drwxrwxr-x   3 travis travis  16384 Jan  3 00:50 Gaussian2
-rw-rw-r--   1 travis travis   4684 Jan  3 00:55 JavaCompiledCompositeTest1_CompiledCompositeActor.class
-rw-rw-r--   1 travis travis  11637 Jan  3 00:55 JavaCompiledCompositeTest1_CompiledCompositeActor.java
-rw-rw-r--   1 travis travis   1217 Jan  3 00:55 JavaCompiledCompositeTest1_CompiledCompositeActor$_JavaCompiledCompositeTest1_CompiledCompositeActor.class
-rw-rw-r--   1 travis travis   1625 Jan  3 00:55 JavaCompiledCompositeTest1_CompiledCompositeActor.mk
-rw-rw-r--   1 travis travis   5115 Jan  3 00:55 JavaCompiledCompositeTest2_CompiledCompositeActor.class
-rw-rw-r--   1 travis travis  14919 Jan  3 00:55 JavaCompiledCompositeTest2_CompiledCompositeActor.java
-rw-rw-r--   1 travis travis   1812 Jan  3 00:55 JavaCompiledCompositeTest2_CompiledCompositeActor$_JavaCompiledCompositeTest2_CompiledCompositeActor.class
-rw-rw-r--   1 travis travis   1625 Jan  3 00:55 JavaCompiledCompositeTest2_CompiledCompositeActor.mk
-rw-rw-r--   1 travis travis   4732 Jan  3 00:55 JavaCompiledCompositeTest3_CompiledCompositeActor.class
-rw-rw-r--   1 travis travis  13080 Jan  3 00:55 JavaCompiledCompositeTest3_CompiledCompositeActor.java
-rw-rw-r--   1 travis travis   1397 Jan  3 00:55 JavaCompiledCompositeTest3_CompiledCompositeActor$_JavaCompiledCompositeTest3_CompiledCompositeActor.class
-rw-rw-r--   1 travis travis   1625 Jan  3 00:55 JavaCompiledCompositeTest3_CompiledCompositeActor.mk
-rw-rw-r--   1 travis travis   4183 Jan  3 00:55 JavaCompiledCompositeTest4_CompiledCompositeActor.class
-rw-rw-r--   1 travis travis   9687 Jan  3 00:55 JavaCompiledCompositeTest4_CompiledCompositeActor.java
-rw-rw-r--   1 travis travis    876 Jan  3 00:55 JavaCompiledCompositeTest4_CompiledCompositeActor$_JavaCompiledCompositeTest4_CompiledCompositeActor.class
-rw-rw-r--   1 travis travis   1625 Jan  3 00:55 JavaCompiledCompositeTest4_CompiledCompositeActor.mk
drwxrwxr-x   3 travis travis  12288 Jan  3 00:51 LookupTable
drwxrwxr-x   3 travis travis  20480 Jan  3 00:51 MaxIndex
-rw-rw-r--   1 travis travis   3925 Jan  3 00:55 ModularCG_A1_B1.class
-rw-rw-r--   1 travis travis   9730 Jan  3 00:55 ModularCG_A1_B1.java
-rw-rw-r--   1 travis travis    832 Jan  3 00:55 ModularCG_A1_B1.mk
-rw-rw-r--   1 travis travis   1318 Jan  3 00:55 ModularCG_A1_B1_profile.class
-rw-rw-r--   1 travis travis   1262 Jan  3 00:55 ModularCG_A1_B1_profile.java
-rw-rw-r--   1 travis travis   3925 Jan  3 00:55 ModularCG_A1_B2.class
-rw-rw-r--   1 travis travis   9730 Jan  3 00:55 ModularCG_A1_B2.java
-rw-rw-r--   1 travis travis    832 Jan  3 00:55 ModularCG_A1_B2.mk
-rw-rw-r--   1 travis travis   1318 Jan  3 00:55 ModularCG_A1_B2_profile.class
-rw-rw-r--   1 travis travis   1262 Jan  3 00:55 ModularCG_A1_B2_profile.java
-rw-rw-r--   1 travis travis   5031 Jan  3 00:55 ModularCG_A1.class
-rw-rw-r--   1 travis travis  14742 Jan  3 00:55 ModularCG_A1.java
-rw-rw-r--   1 travis travis    808 Jan  3 00:55 ModularCG_A1.mk
-rw-rw-r--   1 travis travis   1433 Jan  3 00:55 ModularCG_A1_profile.class
-rw-rw-r--   1 travis travis   1704 Jan  3 00:55 ModularCG_A1_profile.java
-rw-rw-r--   1 travis travis   4059 Jan  3 00:55 ModularCG_A2_B1.class
-rw-rw-r--   1 travis travis  10667 Jan  3 00:55 ModularCG_A2_B1.java
-rw-rw-r--   1 travis travis    832 Jan  3 00:55 ModularCG_A2_B1.mk
-rw-rw-r--   1 travis travis   1381 Jan  3 00:55 ModularCG_A2_B1_profile.class
-rw-rw-r--   1 travis travis   1446 Jan  3 00:55 ModularCG_A2_B1_profile.java
-rw-rw-r--   1 travis travis   3925 Jan  3 00:55 ModularCG_A2_B2.class
-rw-rw-r--   1 travis travis   9730 Jan  3 00:55 ModularCG_A2_B2.java
-rw-rw-r--   1 travis travis    832 Jan  3 00:55 ModularCG_A2_B2.mk
-rw-rw-r--   1 travis travis   1318 Jan  3 00:55 ModularCG_A2_B2_profile.class
-rw-rw-r--   1 travis travis   1262 Jan  3 00:55 ModularCG_A2_B2_profile.java
-rw-rw-r--   1 travis travis   5102 Jan  3 00:56 ModularCG_A2.class
-rw-rw-r--   1 travis travis  15129 Jan  3 00:56 ModularCG_A2.java
-rw-rw-r--   1 travis travis    808 Jan  3 00:56 ModularCG_A2.mk
-rw-rw-r--   1 travis travis   1433 Jan  3 00:56 ModularCG_A2_profile.class
-rw-rw-r--   1 travis travis   1704 Jan  3 00:55 ModularCG_A2_profile.java
-rw-rw-r--   1 travis travis   3705 Jan  3 00:56 ModularCGPubSub_A1_A2.class
-rw-rw-r--   1 travis travis   9076 Jan  3 00:56 ModularCGPubSub_A1_A2.java
-rw-rw-r--   1 travis travis    880 Jan  3 00:56 ModularCGPubSub_A1_A2.mk
-rw-rw-r--   1 travis travis   1300 Jan  3 00:56 ModularCGPubSub_A1_A2_profile.class
-rw-rw-r--   1 travis travis   1222 Jan  3 00:56 ModularCGPubSub_A1_A2_profile.java
-rw-rw-r--   1 travis travis   1388 Jan  3 00:56 ModularCGPubSub_A1_profile.java
-rw-rw-r--   1 travis travis   3724 Jan  3 00:55 ModularCodeGenTest_A1_A2.class
-rw-rw-r--   1 travis travis   9164 Jan  3 00:55 ModularCodeGenTest_A1_A2.java
-rw-rw-r--   1 travis travis   1306 Jan  3 00:55 ModularCodeGenTest_A1_A2_profile.class
-rw-rw-r--   1 travis travis   4055 Jan  3 00:55 ModularCodeGenTest_A1.class
-rw-rw-r--   1 travis travis   9968 Jan  3 00:55 ModularCodeGenTest_A1.java
-rw-rw-r--   1 travis travis    880 Jan  3 00:55 ModularCodeGenTest_A1.mk
-rw-rw-r--   1 travis travis   1352 Jan  3 00:55 ModularCodeGenTest_A1_profile.class
-rw-rw-r--   1 travis travis   1394 Jan  3 00:55 ModularCodeGenTest_A1_profile.java
drwxrwxr-x   3 travis travis  32768 Jan  3 00:55 modulation2
drwxrwxr-x 116 travis travis  12288 Jan  3 00:55 node_modules
drwxrwxr-x   3 travis travis  20480 Jan  3 00:51 PhaseUnwrap
drwxrwxr-x   3 travis travis  12288 Jan  3 00:51 ReadFile1
-rw-rw-r--   1 travis travis     11 Jan  3 00:51 ReadFile1Output.txt
-rw-rw-r--   1 travis travis  13773 Jan  3 00:55 Repeat.class
-rw-rw-r--   1 travis travis    685 Jan  3 00:55 Repeat$_fireFunction_Repeat_Repeat$__f_sL_11.class
-rw-rw-r--   1 travis travis    541 Jan  3 00:55 Repeat$_fireFunction_Repeat_Repeat$__f_sL_12.class
-rw-rw-r--   1 travis travis    541 Jan  3 00:55 Repeat$_fireFunction_Repeat_Repeat$__f_sL_13.class
-rw-rw-r--   1 travis travis    541 Jan  3 00:55 Repeat$_fireFunction_Repeat_Repeat$__f_sL_14.class
-rw-rw-r--   1 travis travis    684 Jan  3 00:55 Repeat$_fireFunction_Repeat_Repeat$__f_sL_1.class
-rw-rw-r--   1 travis travis    683 Jan  3 00:55 Repeat$_fireFunction_Repeat_Repeat$__f_sL_4.class
-rw-rw-r--   1 travis travis    539 Jan  3 00:55 Repeat$_fireFunction_Repeat_Repeat$__f_sL_9.class
-rw-rw-r--   1 travis travis    494 Jan  3 00:55 Repeat$_initialize_Repeat$__i_sL_2.class
-rw-rw-r--   1 travis travis   1281 Jan  3 00:55 Repeat.mk
-rw-rw-r--   1 travis travis    539 Jan  3 00:55 Repeat$_preinitializeMethod_Repeat$__p_sL_0.class
-rw-rw-r--   1 travis travis   1102 Jan  3 00:55 Repeat$_Repeat$_fireFunction_Repeat_AddSubtract_Repeat.class
-rw-rw-r--   1 travis travis    810 Jan  3 00:55 Repeat$_Repeat$_fireFunction_Repeat_AddSubtract_Repeat$__f_sL_0.class
-rw-rw-r--   1 travis travis    928 Jan  3 00:55 Repeat$_Repeat$_fireFunction_Repeat_AddSubtract_Repeat$__f_sL_1.class
-rw-rw-r--   1 travis travis    934 Jan  3 00:55 Repeat$_Repeat$_fireFunction_Repeat_AddSubtract_Repeat$__f_sL_2.class
-rw-rw-r--   1 travis travis    862 Jan  3 00:55 Repeat$_Repeat$_fireFunction_Repeat_AddSubtract_Repeat$__f_sL_3.class
-rw-rw-r--   1 travis travis    757 Jan  3 00:55 Repeat$_Repeat$_fireFunction_Repeat_Ramp2_Repeat$__f_sL_0.class
-rw-rw-r--   1 travis travis    888 Jan  3 00:55 Repeat$_Repeat$_fireFunction_Repeat_Test_Repeat$__f_sL_0.class
-rw-rw-r--   1 travis travis    634 Jan  3 00:55 Repeat$_Repeat$_fireFunction_Repeat_Test_Repeat$__f_sL_1.class
-rw-rw-r--   1 travis travis    704 Jan  3 00:55 Repeat$_Repeat_SDF_Director_run_Repeat$__R_sL_0.class
-rw-rw-r--   1 travis travis    705 Jan  3 00:55 Repeat$_Repeat_SDF_Director_run_Repeat$__R_sL_11.class
-rw-rw-r--   1 travis travis    561 Jan  3 00:55 Repeat$_Repeat_SDF_Director_run_Repeat$__R_sL_13.class
-rw-rw-r--   1 travis travis    559 Jan  3 00:55 Repeat$_Repeat_SDF_Director_run_Repeat$__R_sL_2.class
-rw-rw-r--   1 travis travis    703 Jan  3 00:55 Repeat$_Repeat_SDF_Director_run_Repeat$__R_sL_3.class
-rw-rw-r--   1 travis travis    559 Jan  3 00:55 Repeat$_Repeat_SDF_Director_run_Repeat$__R_sL_5.class
-rw-rw-r--   1 travis travis    559 Jan  3 00:55 Repeat$_Repeat_SDF_Director_run_Repeat$__R_sL_8.class
drwxrwxr-x   2 travis travis   4096 Jan  3 00:55 RepeatVariables
-rw-rw-r--   1 travis travis    882 Jan  3 00:55 Repeat$_varinit_Repeat.class
-rw-rw-r--   1 travis travis    550 Jan  3 00:55 Repeat$_varinit_Repeat$__v_sL_2.class
-rw-rw-r--   1 travis travis    924 Jan  3 00:55 Repeat$_varinit_Repeat$__v_sL_4.class
-rw-rw-r--   1 travis travis    978 Jan  3 00:55 Repeat$_wrapup_Repeat$__w_sL_1.class
In "/home/travis/cg", about to execute:
drwxrwxr-x   3 travis travis  20480 Jan  3 00:52 Sinewave
drwxrwxr-x   3 travis travis  32768 Jan  3 00:53 StringFunction
drwxrwxr-x   3 travis travis  12288 Jan  3 00:53 StringLength
drwxrwxr-x   3 travis travis  61440 Jan  3 00:53 StringMatches2
drwxrwxr-x   3 travis travis  61440 Jan  3 00:54 StringSimpleReplace
drwxrwxr-x   3 travis travis  65536 Jan  3 00:54 StringSubstring
drwxrwxr-x   3 travis travis  24576 Jan  3 00:54 StringSubstring2
drwxrwxr-x   3 travis travis  16384 Jan  3 00:54 time1
drwxrwxr-x   3 travis travis  12288 Jan  3 00:55 time5
-rw-rw-r--   1 travis travis    432 Jan  3 00:56 Token.class
-rw-rw-r--   1 travis travis    251 Jan  3 00:56 Token.java
-rwxrwxr-x   1 travis travis 466992 Jan  3 00:49 top
-rw-rw-r--   1 travis travis  20502 Jan  3 00:49 top.c
-rw-rw-r--   1 travis travis   3799 Jan  3 00:55 top.class
-rw-rw-r--   1 travis travis   1257 Jan  3 00:55 top.mk
    javac -classpath
.:/home/travis/build/icyphy/ptII:/home/travis/build/icyphy/ptII/lib/bsh-2.0b4.j
ar:/home/travis/build/icyphy/ptII/lib/ptCal.jar:/home/travis/build/icyphy/ptII/
lib/java_cup.jar:/home/travis/build/icyphy/ptII/lib/saxon8.jar:/home/travis/bui
ld/icyphy/ptII/lib/saxon8-dom.jar:/home/travis/build/icyphy/ptII/lib/chic.jar:/
home/travis/build/icyphy/ptII/lib/ptcolt.jar:/home/travis/build/icyphy/ptII/ven
dors/misc/itext/iText.jar:/home/travis/build/icyphy/ptII/lib/g4ltl.jar:/home/tr
avis/build/icyphy/ptII/lib/StructuralCoder.jar:/home/travis/build/icyphy/ptII/l
ib/jcerti.jar:/home/travis/build/icyphy/ptII/lib/javax.mail.jar:/home/travis/bu
ild/icyphy/ptII/vendors/JMF-2.1.1e/lib/jmf.jar:/home/travis/build/icyphy/ptII/l
ib/jna-4.0.0-variadic.jar:/home/travis/build/icyphy/ptII/vendors/misc/joystick/
Joystick.jar:/home/travis/build/icyphy/ptII/lib/ptjacl.jar:/home/travis/build/i
cyphy/ptII/lib/jsoup-1.8.2.jar:/home/travis/build/icyphy/ptII/lib/junit-4.8.2.j
ar:/home/travis/build/icyphy/ptII/lib/JUnitParams-0.4.0.jar:/home/travis/build/
icyphy/ptII/ptolemy/actor/lib/excel/jxl.jar:/home/travis/build/icyphy/ptII/lib/
jython.jar:/home/travis/build/icyphy/ptII/lib/kieler.jar:/home/travis/build/icy
phy/ptII/vendors/opencv/share/OpenCV/java/opencv-341.jar:/home/travis/build/icy
phy/ptII/lib/oscP5.jar:/home/travis/build/icyphy/ptII/lib/nrjavaserial-3.11.0.d
evel.jar:/home/travis/build/icyphy/ptII/vendors/j3d/lib/Linux/j3dcore.jar:/home
/travis/build/icyphy/ptII/vendors/j3d/lib/Linux/j3dutils.jar:/home/travis/build
/icyphy/ptII/vendors/j3d/lib/Linux/vecmath.jar:/home/travis/build/icyphy/ptII/v
endors/jogl/lib/Linux/gluegen-rt-natives-linux-amd64.jar:/home/travis/build/icy
phy/ptII/vendors/jogl/lib/Linux/gluegen-rt.jar:/home/travis/build/icyphy/ptII/v
endors/jogl/lib/Linux/jogl-all-natives-linux-amd64.jar:/home/travis/build/icyph
y/ptII/vendors/jogl/lib/Linux/jogl-all.jar:/home/travis/build/icyphy/ptII/ptole
my/distributed/jini/jar/jini-core.jar:/home/travis/build/icyphy/ptII/ptolemy/di
stributed/jini/jar/jini-ext.jar:/home/travis/build/icyphy/ptII/ptolemy/distribu
ted/jini/jar/sun-util.jar:/home/travis/build/icyphy/ptII/lib/protobuf-java-2.4.
1.jar:/home/travis/build/icyphy/ptII/lib/org.eclipse.paho.client.mqttv3.jar:/ho
me/travis/build/icyphy/ptII/lib/mapss.jar:/home/travis/build/icyphy/ptII/ptolem
y/actor/ptalon/antlr/antlr.jar:/home/travis/build/icyphy/ptII/lib/JRI.jar:/home
/travis/build/icyphy/ptII/lib/commons-lang-2.6.jar:/home/travis/build/icyphy/pt
II/lib/commons-logging-1.1.1.jar:/home/travis/build/icyphy/ptII/lib/sootclasses
.jar:/home/travis/build/icyphy/ptII/ptolemy/actor/lib/database/mysql-connector-
java-5.1.6-bin.jar:/home/travis/build/icyphy/ptII/vendors/misc/sphinx4/sphinx4-
data-5prealpha.jar:/home/travis/build/icyphy/ptII/vendors/misc/sphinx4/sphinx4-
core-5prealpha.jar:/home/travis/build/icyphy/ptII/lib/PDFRenderer.jar:/home/tra
vis/build/icyphy/ptII/lib/svgSalamander.jar:/home/travis/build/icyphy/ptII/lib/
rsyntaxtextarea-2.6.0-SNAPSHOT.jar:/home/travis/build/icyphy/ptII/lib/hazelcast
-3.8.2.jar:/home/travis/build/icyphy/ptII/lib/jackson-annotations-2.9.0.jar:/ho
me/travis/build/icyphy/ptII/lib/jackson-core-2.9.3.jar:/home/travis/build/icyph
y/ptII/lib/jackson-databind-2.9.3.jar:/home/travis/build/icyphy/ptII/lib/netty-
buffer-4.1.19.Final.jar:/home/travis/build/icyphy/ptII/lib/netty-codec-4.1.19.F
inal.jar:/home/travis/build/icyphy/ptII/lib/netty-codec-dns-4.1.19.Final.jar:/h
ome/travis/build/icyphy/ptII/lib/netty-codec-http-4.1.19.Final.jar:/home/travis
/build/icyphy/ptII/lib/netty-codec-http2-4.1.19.Final.jar:/home/travis/build/ic
yphy/ptII/lib/netty-common-4.1.19.Final.jar:/home/travis/build/icyphy/ptII/lib/
netty-handler-4.1.19.Final.jar:/home/travis/build/icyphy/ptII/lib/netty-resolve
r-4.1.19.Final.jar:/home/travis/build/icyphy/ptII/lib/netty-resolver-dns-4.1.19
.Final.jar:/home/travis/build/icyphy/ptII/lib/netty-transport-4.1.19.Final.jar:
/home/travis/build/icyphy/ptII/lib/vertx-codegen-3.5.1.jar:/home/travis/build/i
cyphy/ptII/lib/vertx-core-3.5.2-SNAPSHOT.jar:/home/travis/build/icyphy/ptII/lib
/vertx-hazelcast-3.5.1.jar:/home/travis/build/icyphy/ptII/lib/vertx-lang-js-3.5
.1.jar:/home/travis/build/icyphy/ptII/lib/vertx-service-proxy-3.5.1.jar:/home/t
ravis/build/icyphy/ptII/lib/vertx-web-3.5.1.jar:/home/travis/build/icyphy/ptII/
lib/slf4j-api-1.7.13.jar:/home/travis/build/icyphy/ptII/lib/slf4j-simple-1.7.13
.jar:/home/travis/build/icyphy/ptII/lib/webcam-capture-0.3.12.jar:/home/travis/
build/icyphy/ptII/lib/bridj-0.7.0.jar:/home/travis/build/icyphy/ptII/lib/xbjlib
-1.1.0.nrjavaserial.jar:/home/travis/build/icyphy/ptII/ptolemy/moml/test:/home/
travis/build/icyphy/ptII/ant/lib/ant-launcher.jar:/home/travis/build/icyphy/ptI
I/ant/lib/ant.jar:/home/travis/build/icyphy/ptII/ant/lib/ant-junit.jar:/home/tr
avis/build/icyphy/ptII/ant/lib/ant-junit4.jar:/home/travis/build/icyphy/ptII
ModularCGPubSub_A1_profile.java
All Done
Writing ModularCGPubSub_A1.java in file:/home/travis/cg/ (9836 characters)
Reading "ptolemy/cg/kernel/generic/program/procedural/java/modular/makefile.in",
    writing "/home/travis/cg/ModularCGPubSub_A1.mk"
Using ptolemy/cg/kernel/generic/program/procedural/java/modular/makefile.in
In "/home/travis/cg", about to execute:
    make -f ModularCGPubSub_A1.mk
javac -classpath ".:.."    ModularCGPubSub_A1.java
All Done
5120 ms. Memory: 129024K Free: 92219K (71%)
----------------- Invoking toplevel() on ptolemy.moml.MoMLSimpleApplication@3c3d831
----------------- Done invoking toplevel() on ptolemy.moml.MoMLSimpleApplication@3c3d831
reloadAllAccessors: .ModularCGPubSub

===========================================================================================
----------------- testing Fri Jan 03 00:56:07 UTC 2020 /home/travis/build/icyphy/ptII/ptolemy/cg/lib/test/auto/ModularCodeGen.xml
----------------- Instantiating /home/travis/build/icyphy/ptII/ptolemy/cg/lib/test/auto/ModularCodeGen.xml
In "/home/travis/cg", about to execute:
    pwd
In "/home/travis/cg", about to execute:
    ls -l
/home/travis/cg
In "/home/travis/cg", about to execute:
    javac -classpath
.:/home/travis/build/icyphy/ptII:/home/travis/build/icyphy/ptII/lib/bsh-2.0b4.j
ar:/home/travis/build/icyphy/ptII/lib/ptCal.jar:/home/travis/build/icyphy/ptII/
lib/java_cup.jar:/home/travis/build/icyphy/ptII/lib/saxon8.jar:/home/travis/bui
ld/icyphy/ptII/lib/saxon8-dom.jar:/home/travis/build/icyphy/ptII/lib/chic.jar:/
home/travis/build/icyphy/ptII/lib/ptcolt.jar:/home/travis/build/icyphy/ptII/ven
dors/misc/itext/iText.jar:/home/travis/build/icyphy/ptII/lib/g4ltl.jar:/home/tr
avis/build/icyphy/ptII/lib/StructuralCoder.jar:/home/travis/build/icyphy/ptII/l
ib/jcerti.jar:/home/travis/build/icyphy/ptII/lib/javax.mail.jar:/home/travis/bu
ild/icyphy/ptII/vendors/JMF-2.1.1e/lib/jmf.jar:/home/travis/build/icyphy/ptII/l
ib/jna-4.0.0-variadic.jar:/home/travis/build/icyphy/ptII/vendors/misc/joystick/
Joystick.jar:/home/travis/build/icyphy/ptII/lib/ptjacl.jar:/home/travis/build/i
cyphy/ptII/lib/jsoup-1.8.2.jar:/home/travis/build/icyphy/ptII/lib/junit-4.8.2.j
ar:/home/travis/build/icyphy/ptII/lib/JUnitParams-0.4.0.jar:/home/travis/build/
icyphy/ptII/ptolemy/actor/lib/excel/jxl.jar:/home/travis/build/icyphy/ptII/lib/
jython.jar:/home/travis/build/icyphy/ptII/lib/kieler.jar:/home/travis/build/icy
phy/ptII/vendors/opencv/share/OpenCV/java/opencv-341.jar:/home/travis/build/icy
phy/ptII/lib/oscP5.jar:/home/travis/build/icyphy/ptII/lib/nrjavaserial-3.11.0.d
evel.jar:/home/travis/build/icyphy/ptII/vendors/j3d/lib/Linux/j3dcore.jar:/home
/travis/build/icyphy/ptII/vendors/j3d/lib/Linux/j3dutils.jar:/home/travis/build
/icyphy/ptII/vendors/j3d/lib/Linux/vecmath.jar:/home/travis/build/icyphy/ptII/v
endors/jogl/lib/Linux/gluegen-rt-natives-linux-amd64.jar:/home/travis/build/icy
phy/ptII/vendors/jogl/lib/Linux/gluegen-rt.jar:/home/travis/build/icyphy/ptII/v
endors/jogl/lib/Linux/jogl-all-natives-linux-amd64.jar:/home/travis/build/icyph
y/ptII/vendors/jogl/lib/Linux/jogl-all.jar:/home/travis/build/icyphy/ptII/ptole
my/distributed/jini/jar/jini-core.jar:/home/travis/build/icyphy/ptII/ptolemy/di
stributed/jini/jar/jini-ext.jar:/home/travis/build/icyphy/ptII/ptolemy/distribu
ted/jini/jar/sun-util.jar:/home/travis/build/icyphy/ptII/lib/protobuf-java-2.4.
1.jar:/home/travis/build/icyphy/ptII/lib/org.eclipse.paho.client.mqttv3.jar:/ho
me/travis/build/icyphy/ptII/lib/mapss.jar:/home/travis/build/icyphy/ptII/ptolem
y/actor/ptalon/antlr/antlr.jar:/home/travis/build/icyphy/ptII/lib/JRI.jar:/home
/travis/build/icyphy/ptII/lib/commons-lang-2.6.jar:/home/travis/build/icyphy/pt
II/lib/commons-logging-1.1.1.jar:/home/travis/build/icyphy/ptII/lib/sootclasses
.jar:/home/travis/build/icyphy/ptII/ptolemy/actor/lib/database/mysql-connector-
java-5.1.6-bin.jar:/home/travis/build/icyphy/ptII/vendors/misc/sphinx4/sphinx4-
data-5prealpha.jar:/home/travis/build/icyphy/ptII/vendors/misc/sphinx4/sphinx4-
core-5prealpha.jar:/home/travis/build/icyphy/ptII/lib/PDFRenderer.jar:/home/tra
vis/build/icyphy/ptII/lib/svgSalamander.jar:/home/travis/build/icyphy/ptII/lib/
rsyntaxtextarea-2.6.0-SNAPSHOT.jar:/home/travis/build/icyphy/ptII/lib/hazelcast
-3.8.2.jar:/home/travis/build/icyphy/ptII/lib/jackson-annotations-2.9.0.jar:/ho
me/travis/build/icyphy/ptII/lib/jackson-core-2.9.3.jar:/home/travis/build/icyph
y/ptII/lib/jackson-databind-2.9.3.jar:/home/travis/build/icyphy/ptII/lib/netty-
buffer-4.1.19.Final.jar:/home/travis/build/icyphy/ptII/lib/netty-codec-4.1.19.F
inal.jar:/home/travis/build/icyphy/ptII/lib/netty-codec-dns-4.1.19.Final.jar:/h
ome/travis/build/icyphy/ptII/lib/netty-codec-http-4.1.19.Final.jar:/home/travis
/build/icyphy/ptII/lib/netty-codec-http2-4.1.19.Final.jar:/home/travis/build/ic
yphy/ptII/lib/netty-common-4.1.19.Final.jar:/home/travis/build/icyphy/ptII/lib/
netty-handler-4.1.19.Final.jar:/home/travis/build/icyphy/ptII/lib/netty-resolve
r-4.1.19.Final.jar:/home/travis/build/icyphy/ptII/lib/netty-resolver-dns-4.1.19
.Final.jar:/home/travis/build/icyphy/ptII/lib/netty-transport-4.1.19.Final.jar:
/home/travis/build/icyphy/ptII/lib/vertx-codegen-3.5.1.jar:/home/travis/build/i
cyphy/ptII/lib/vertx-core-3.5.2-SNAPSHOT.jar:/home/travis/build/icyphy/ptII/lib
/vertx-hazelcast-3.5.1.jar:/home/travis/build/icyphy/ptII/lib/vertx-lang-js-3.5
.1.jar:/home/travis/build/icyphy/ptII/lib/vertx-service-proxy-3.5.1.jar:/home/t
ravis/build/icyphy/ptII/lib/vertx-web-3.5.1.jar:/home/travis/build/icyphy/ptII/
lib/slf4j-api-1.7.13.jar:/home/travis/build/icyphy/ptII/lib/slf4j-simple-1.7.13
.jar:/home/travis/build/icyphy/ptII/lib/webcam-capture-0.3.12.jar:/home/travis/
build/icyphy/ptII/lib/bridj-0.7.0.jar:/home/travis/build/icyphy/ptII/lib/xbjlib
-1.1.0.nrjavaserial.jar:/home/travis/build/icyphy/ptII/ptolemy/moml/test:/home/
travis/build/icyphy/ptII/ant/lib/ant-launcher.jar:/home/travis/build/icyphy/ptI
I/ant/lib/ant.jar:/home/travis/build/icyphy/ptII/ant/lib/ant-junit.jar:/home/tr
avis/build/icyphy/ptII/ant/lib/ant-junit4.jar:/home/travis/build/icyphy/ptII
ModularCodeGen_ModularCodeGenTypedCompositeActor_profile.java
total 1636
drwxrwxr-x   3 travis travis  12288 Jan  3 00:50 AbsoluteValue
drwxrwxr-x   3 travis travis 102400 Jan  3 00:49 AllColt
drwxrwxr-x   3 travis travis  12288 Jan  3 00:50 Case1
-rw-rw-r--   1 travis travis   5128 Jan  3 00:55 CompiledCompositeActor_CompiledCompositeActor.class
-rw-rw-r--   1 travis travis   1611 Jan  3 00:55 CompiledCompositeActor_CompiledCompositeActor$_CompiledCompositeActor_CompiledCompositeActor.class
-rw-rw-r--   1 travis travis  13466 Jan  3 00:55 CompiledCompositeActor_CompiledCompositeActor.java
-rw-rw-r--   1 travis travis   1593 Jan  3 00:55 CompiledCompositeActor_CompiledCompositeActor.mk
drwxrwxr-x   5 travis travis   4096 Jan  3 00:49 fmi
drwxrwxr-x   3 travis travis  16384 Jan  3 00:50 Gaussian2
-rw-rw-r--   1 travis travis   4684 Jan  3 00:55 JavaCompiledCompositeTest1_CompiledCompositeActor.class
-rw-rw-r--   1 travis travis  11637 Jan  3 00:55 JavaCompiledCompositeTest1_CompiledCompositeActor.java
-rw-rw-r--   1 travis travis   1217 Jan  3 00:55 JavaCompiledCompositeTest1_CompiledCompositeActor$_JavaCompiledCompositeTest1_CompiledCompositeActor.class
-rw-rw-r--   1 travis travis   1625 Jan  3 00:55 JavaCompiledCompositeTest1_CompiledCompositeActor.mk
-rw-rw-r--   1 travis travis   5115 Jan  3 00:55 JavaCompiledCompositeTest2_CompiledCompositeActor.class
-rw-rw-r--   1 travis travis  14919 Jan  3 00:55 JavaCompiledCompositeTest2_CompiledCompositeActor.java
-rw-rw-r--   1 travis travis   1812 Jan  3 00:55 JavaCompiledCompositeTest2_CompiledCompositeActor$_JavaCompiledCompositeTest2_CompiledCompositeActor.class
-rw-rw-r--   1 travis travis   1625 Jan  3 00:55 JavaCompiledCompositeTest2_CompiledCompositeActor.mk
-rw-rw-r--   1 travis travis   4732 Jan  3 00:55 JavaCompiledCompositeTest3_CompiledCompositeActor.class
-rw-rw-r--   1 travis travis  13080 Jan  3 00:55 JavaCompiledCompositeTest3_CompiledCompositeActor.java
-rw-rw-r--   1 travis travis   1397 Jan  3 00:55 JavaCompiledCompositeTest3_CompiledCompositeActor$_JavaCompiledCompositeTest3_CompiledCompositeActor.class
-rw-rw-r--   1 travis travis   1625 Jan  3 00:55 JavaCompiledCompositeTest3_CompiledCompositeActor.mk
-rw-rw-r--   1 travis travis   4183 Jan  3 00:55 JavaCompiledCompositeTest4_CompiledCompositeActor.class
-rw-rw-r--   1 travis travis   9687 Jan  3 00:55 JavaCompiledCompositeTest4_CompiledCompositeActor.java
-rw-rw-r--   1 travis travis    876 Jan  3 00:55 JavaCompiledCompositeTest4_CompiledCompositeActor$_JavaCompiledCompositeTest4_CompiledCompositeActor.class
-rw-rw-r--   1 travis travis   1625 Jan  3 00:55 JavaCompiledCompositeTest4_CompiledCompositeActor.mk
drwxrwxr-x   3 travis travis  12288 Jan  3 00:51 LookupTable
drwxrwxr-x   3 travis travis  20480 Jan  3 00:51 MaxIndex
-rw-rw-r--   1 travis travis   3925 Jan  3 00:55 ModularCG_A1_B1.class
-rw-rw-r--   1 travis travis   9730 Jan  3 00:55 ModularCG_A1_B1.java
-rw-rw-r--   1 travis travis    832 Jan  3 00:55 ModularCG_A1_B1.mk
-rw-rw-r--   1 travis travis   1318 Jan  3 00:55 ModularCG_A1_B1_profile.class
-rw-rw-r--   1 travis travis   1262 Jan  3 00:55 ModularCG_A1_B1_profile.java
-rw-rw-r--   1 travis travis   3925 Jan  3 00:55 ModularCG_A1_B2.class
-rw-rw-r--   1 travis travis   9730 Jan  3 00:55 ModularCG_A1_B2.java
-rw-rw-r--   1 travis travis    832 Jan  3 00:55 ModularCG_A1_B2.mk
-rw-rw-r--   1 travis travis   1318 Jan  3 00:55 ModularCG_A1_B2_profile.class
-rw-rw-r--   1 travis travis   1262 Jan  3 00:55 ModularCG_A1_B2_profile.java
-rw-rw-r--   1 travis travis   5031 Jan  3 00:55 ModularCG_A1.class
-rw-rw-r--   1 travis travis  14742 Jan  3 00:55 ModularCG_A1.java
-rw-rw-r--   1 travis travis    808 Jan  3 00:55 ModularCG_A1.mk
-rw-rw-r--   1 travis travis   1433 Jan  3 00:55 ModularCG_A1_profile.class
-rw-rw-r--   1 travis travis   1704 Jan  3 00:55 ModularCG_A1_profile.java
-rw-rw-r--   1 travis travis   4059 Jan  3 00:55 ModularCG_A2_B1.class
-rw-rw-r--   1 travis travis  10667 Jan  3 00:55 ModularCG_A2_B1.java
-rw-rw-r--   1 travis travis    832 Jan  3 00:55 ModularCG_A2_B1.mk
-rw-rw-r--   1 travis travis   1381 Jan  3 00:55 ModularCG_A2_B1_profile.class
-rw-rw-r--   1 travis travis   1446 Jan  3 00:55 ModularCG_A2_B1_profile.java
-rw-rw-r--   1 travis travis   3925 Jan  3 00:55 ModularCG_A2_B2.class
-rw-rw-r--   1 travis travis   9730 Jan  3 00:55 ModularCG_A2_B2.java
-rw-rw-r--   1 travis travis    832 Jan  3 00:55 ModularCG_A2_B2.mk
-rw-rw-r--   1 travis travis   1318 Jan  3 00:55 ModularCG_A2_B2_profile.class
-rw-rw-r--   1 travis travis   1262 Jan  3 00:55 ModularCG_A2_B2_profile.java
-rw-rw-r--   1 travis travis   5102 Jan  3 00:56 ModularCG_A2.class
-rw-rw-r--   1 travis travis  15129 Jan  3 00:56 ModularCG_A2.java
-rw-rw-r--   1 travis travis    808 Jan  3 00:56 ModularCG_A2.mk
-rw-rw-r--   1 travis travis   1433 Jan  3 00:56 ModularCG_A2_profile.class
-rw-rw-r--   1 travis travis   1704 Jan  3 00:55 ModularCG_A2_profile.java
-rw-rw-r--   1 travis travis   3705 Jan  3 00:56 ModularCGPubSub_A1_A2.class
-rw-rw-r--   1 travis travis   9076 Jan  3 00:56 ModularCGPubSub_A1_A2.java
-rw-rw-r--   1 travis travis    880 Jan  3 00:56 ModularCGPubSub_A1_A2.mk
-rw-rw-r--   1 travis travis   1300 Jan  3 00:56 ModularCGPubSub_A1_A2_profile.class
-rw-rw-r--   1 travis travis   1222 Jan  3 00:56 ModularCGPubSub_A1_A2_profile.java
-rw-rw-r--   1 travis travis   4022 Jan  3 00:56 ModularCGPubSub_A1.class
-rw-rw-r--   1 travis travis   9836 Jan  3 00:56 ModularCGPubSub_A1.java
-rw-rw-r--   1 travis travis    856 Jan  3 00:56 ModularCGPubSub_A1.mk
-rw-rw-r--   1 travis travis   1346 Jan  3 00:56 ModularCGPubSub_A1_profile.class
-rw-rw-r--   1 travis travis   1388 Jan  3 00:56 ModularCGPubSub_A1_profile.java
-rw-rw-r--   1 travis travis   1328 Jan  3 00:56 ModularCodeGen_ModularCodeGenTypedCompositeActor_profile.java
-rw-rw-r--   1 travis travis   3724 Jan  3 00:55 ModularCodeGenTest_A1_A2.class
-rw-rw-r--   1 travis travis   9164 Jan  3 00:55 ModularCodeGenTest_A1_A2.java
-rw-rw-r--   1 travis travis   1306 Jan  3 00:55 ModularCodeGenTest_A1_A2_profile.class
-rw-rw-r--   1 travis travis   4055 Jan  3 00:55 ModularCodeGenTest_A1.class
-rw-rw-r--   1 travis travis   9968 Jan  3 00:55 ModularCodeGenTest_A1.java
-rw-rw-r--   1 travis travis    880 Jan  3 00:55 ModularCodeGenTest_A1.mk
-rw-rw-r--   1 travis travis   1352 Jan  3 00:55 ModularCodeGenTest_A1_profile.class
-rw-rw-r--   1 travis travis   1394 Jan  3 00:55 ModularCodeGenTest_A1_profile.java
drwxrwxr-x   3 travis travis  32768 Jan  3 00:55 modulation2
drwxrwxr-x 116 travis travis  12288 Jan  3 00:55 node_modules
drwxrwxr-x   3 travis travis  20480 Jan  3 00:51 PhaseUnwrap
drwxrwxr-x   3 travis travis  12288 Jan  3 00:51 ReadFile1
-rw-rw-r--   1 travis travis     11 Jan  3 00:51 ReadFile1Output.txt
-rw-rw-r--   1 travis travis  13773 Jan  3 00:55 Repeat.class
-rw-rw-r--   1 travis travis    685 Jan  3 00:55 Repeat$_fireFunction_Repeat_Repeat$__f_sL_11.class
-rw-rw-r--   1 travis travis    541 Jan  3 00:55 Repeat$_fireFunction_Repeat_Repeat$__f_sL_12.class
-rw-rw-r--   1 travis travis    541 Jan  3 00:55 Repeat$_fireFunction_Repeat_Repeat$__f_sL_13.class
-rw-rw-r--   1 travis travis    541 Jan  3 00:55 Repeat$_fireFunction_Repeat_Repeat$__f_sL_14.class
-rw-rw-r--   1 travis travis    684 Jan  3 00:55 Repeat$_fireFunction_Repeat_Repeat$__f_sL_1.class
-rw-rw-r--   1 travis travis    683 Jan  3 00:55 Repeat$_fireFunction_Repeat_Repeat$__f_sL_4.class
-rw-rw-r--   1 travis travis    539 Jan  3 00:55 Repeat$_fireFunction_Repeat_Repeat$__f_sL_9.class
-rw-rw-r--   1 travis travis    494 Jan  3 00:55 Repeat$_initialize_Repeat$__i_sL_2.class
-rw-rw-r--   1 travis travis   1281 Jan  3 00:55 Repeat.mk
-rw-rw-r--   1 travis travis    539 Jan  3 00:55 Repeat$_preinitializeMethod_Repeat$__p_sL_0.class
-rw-rw-r--   1 travis travis   1102 Jan  3 00:55 Repeat$_Repeat$_fireFunction_Repeat_AddSubtract_Repeat.class
-rw-rw-r--   1 travis travis    810 Jan  3 00:55 Repeat$_Repeat$_fireFunction_Repeat_AddSubtract_Repeat$__f_sL_0.class
-rw-rw-r--   1 travis travis    928 Jan  3 00:55 Repeat$_Repeat$_fireFunction_Repeat_AddSubtract_Repeat$__f_sL_1.class
-rw-rw-r--   1 travis travis    934 Jan  3 00:55 Repeat$_Repeat$_fireFunction_Repeat_AddSubtract_Repeat$__f_sL_2.class
-rw-rw-r--   1 travis travis    862 Jan  3 00:55 Repeat$_Repeat$_fireFunction_Repeat_AddSubtract_Repeat$__f_sL_3.class
-rw-rw-r--   1 travis travis    757 Jan  3 00:55 Repeat$_Repeat$_fireFunction_Repeat_Ramp2_Repeat$__f_sL_0.class
-rw-rw-r--   1 travis travis    888 Jan  3 00:55 Repeat$_Repeat$_fireFunction_Repeat_Test_Repeat$__f_sL_0.class
-rw-rw-r--   1 travis travis    634 Jan  3 00:55 Repeat$_Repeat$_fireFunction_Repeat_Test_Repeat$__f_sL_1.class
-rw-rw-r--   1 travis travis    704 Jan  3 00:55 Repeat$_Repeat_SDF_Director_run_Repeat$__R_sL_0.class
-rw-rw-r--   1 travis travis    705 Jan  3 00:55 Repeat$_Repeat_SDF_Director_run_Repeat$__R_sL_11.class
-rw-rw-r--   1 travis travis    561 Jan  3 00:55 Repeat$_Repeat_SDF_Director_run_Repeat$__R_sL_13.class
-rw-rw-r--   1 travis travis    559 Jan  3 00:55 Repeat$_Repeat_SDF_Director_run_Repeat$__R_sL_2.class
-rw-rw-r--   1 travis travis    703 Jan  3 00:55 Repeat$_Repeat_SDF_Director_run_Repeat$__R_sL_3.class
-rw-rw-r--   1 travis travis    559 Jan  3 00:55 Repeat$_Repeat_SDF_Director_run_Repeat$__R_sL_5.class
-rw-rw-r--   1 travis travis    559 Jan  3 00:55 Repeat$_Repeat_SDF_Director_run_Repeat$__R_sL_8.class
drwxrwxr-x   2 travis travis   4096 Jan  3 00:55 RepeatVariables
-rw-rw-r--   1 travis travis    882 Jan  3 00:55 Repeat$_varinit_Repeat.class
-rw-rw-r--   1 travis travis    550 Jan  3 00:55 Repeat$_varinit_Repeat$__v_sL_2.class
-rw-rw-r--   1 travis travis    924 Jan  3 00:55 Repeat$_varinit_Repeat$__v_sL_4.class
-rw-rw-r--   1 travis travis    978 Jan  3 00:55 Repeat$_wrapup_Repeat$__w_sL_1.class
drwxrwxr-x   3 travis travis  20480 Jan  3 00:52 Sinewave
drwxrwxr-x   3 travis travis  32768 Jan  3 00:53 StringFunction
drwxrwxr-x   3 travis travis  12288 Jan  3 00:53 StringLength
drwxrwxr-x   3 travis travis  61440 Jan  3 00:53 StringMatches2
drwxrwxr-x   3 travis travis  61440 Jan  3 00:54 StringSimpleReplace
drwxrwxr-x   3 travis travis  65536 Jan  3 00:54 StringSubstring
drwxrwxr-x   3 travis travis  24576 Jan  3 00:54 StringSubstring2
drwxrwxr-x   3 travis travis  16384 Jan  3 00:54 time1
drwxrwxr-x   3 travis travis  12288 Jan  3 00:55 time5
-rw-rw-r--   1 travis travis    432 Jan  3 00:56 Token.class
-rw-rw-r--   1 travis travis    251 Jan  3 00:56 Token.java
-rwxrwxr-x   1 travis travis 466992 Jan  3 00:49 top
-rw-rw-r--   1 travis travis  20502 Jan  3 00:49 top.c
-rw-rw-r--   1 travis travis   3799 Jan  3 00:55 top.class
-rw-rw-r--   1 travis travis   1257 Jan  3 00:55 top.mk
All Done
Writing ModularCodeGen_ModularCodeGenTypedCompositeActor.java in file:/home/travis/cg/ (10970 characters)
Reading "ptolemy/cg/kernel/generic/program/procedural/java/modular/makefile.in",
    writing "/home/travis/cg/ModularCodeGen_ModularCodeGenTypedCompositeActor.mk"
Using ptolemy/cg/kernel/generic/program/procedural/java/modular/makefile.in
In "/home/travis/cg", about to execute:
    make -f ModularCodeGen_ModularCodeGenTypedCompositeActor.mk
javac -classpath ".:.."    ModularCodeGen_ModularCodeGenTypedCompositeActor.java
All Done
2477 ms. Memory: 129024K Free: 67655K (52%)
----------------- Invoking toplevel() on ptolemy.moml.MoMLSimpleApplication@61b99076
----------------- Done invoking toplevel() on ptolemy.moml.MoMLSimpleApplication@61b99076
reloadAllAccessors: .ModularCodeGen

===========================================================================================
----------------- testing Fri Jan 03 00:56:09 UTC 2020 /home/travis/build/icyphy/ptII/ptolemy/cg/lib/test/auto/ModularCodeGen2.xml
----------------- Instantiating /home/travis/build/icyphy/ptII/ptolemy/cg/lib/test/auto/ModularCodeGen2.xml
In "/home/travis/cg", about to execute:
    pwd
In "/home/travis/cg", about to execute:
    ls -l
/home/travis/cg
In "/home/travis/cg", about to execute:
    javac -classpath
.:/home/travis/build/icyphy/ptII:/home/travis/build/icyphy/ptII/lib/bsh-2.0b4.j
ar:/home/travis/build/icyphy/ptII/lib/ptCal.jar:/home/travis/build/icyphy/ptII/
lib/java_cup.jar:/home/travis/build/icyphy/ptII/lib/saxon8.jar:/home/travis/bui
ld/icyphy/ptII/lib/saxon8-dom.jar:/home/travis/build/icyphy/ptII/lib/chic.jar:/
home/travis/build/icyphy/ptII/lib/ptcolt.jar:/home/travis/build/icyphy/ptII/ven
dors/misc/itext/iText.jar:/home/travis/build/icyphy/ptII/lib/g4ltl.jar:/home/tr
avis/build/icyphy/ptII/lib/StructuralCoder.jar:/home/travis/build/icyphy/ptII/l
ib/jcerti.jar:/home/travis/build/icyphy/ptII/lib/javax.mail.jar:/home/travis/bu
ild/icyphy/ptII/vendors/JMF-2.1.1e/lib/jmf.jar:/home/travis/build/icyphy/ptII/l
ib/jna-4.0.0-variadic.jar:/home/travis/build/icyphy/ptII/vendors/misc/joystick/
Joystick.jar:/home/travis/build/icyphy/ptII/lib/ptjacl.jar:/home/travis/build/i
cyphy/ptII/lib/jsoup-1.8.2.jar:/home/travis/build/icyphy/ptII/lib/junit-4.8.2.j
ar:/home/travis/build/icyphy/ptII/lib/JUnitParams-0.4.0.jar:/home/travis/build/
icyphy/ptII/ptolemy/actor/lib/excel/jxl.jar:/home/travis/build/icyphy/ptII/lib/
jython.jar:/home/travis/build/icyphy/ptII/lib/kieler.jar:/home/travis/build/icy
phy/ptII/vendors/opencv/share/OpenCV/java/opencv-341.jar:/home/travis/build/icy
phy/ptII/lib/oscP5.jar:/home/travis/build/icyphy/ptII/lib/nrjavaserial-3.11.0.d
evel.jar:/home/travis/build/icyphy/ptII/vendors/j3d/lib/Linux/j3dcore.jar:/home
/travis/build/icyphy/ptII/vendors/j3d/lib/Linux/j3dutils.jar:/home/travis/build
/icyphy/ptII/vendors/j3d/lib/Linux/vecmath.jar:/home/travis/build/icyphy/ptII/v
endors/jogl/lib/Linux/gluegen-rt-natives-linux-amd64.jar:/home/travis/build/icy
phy/ptII/vendors/jogl/lib/Linux/gluegen-rt.jar:/home/travis/build/icyphy/ptII/v
endors/jogl/lib/Linux/jogl-all-natives-linux-amd64.jar:/home/travis/build/icyph
y/ptII/vendors/jogl/lib/Linux/jogl-all.jar:/home/travis/build/icyphy/ptII/ptole
my/distributed/jini/jar/jini-core.jar:/home/travis/build/icyphy/ptII/ptolemy/di
stributed/jini/jar/jini-ext.jar:/home/travis/build/icyphy/ptII/ptolemy/distribu
ted/jini/jar/sun-util.jar:/home/travis/build/icyphy/ptII/lib/protobuf-java-2.4.
1.jar:/home/travis/build/icyphy/ptII/lib/org.eclipse.paho.client.mqttv3.jar:/ho
me/travis/build/icyphy/ptII/lib/mapss.jar:/home/travis/build/icyphy/ptII/ptolem
y/actor/ptalon/antlr/antlr.jar:/home/travis/build/icyphy/ptII/lib/JRI.jar:/home
/travis/build/icyphy/ptII/lib/commons-lang-2.6.jar:/home/travis/build/icyphy/pt
II/lib/commons-logging-1.1.1.jar:/home/travis/build/icyphy/ptII/lib/sootclasses
.jar:/home/travis/build/icyphy/ptII/ptolemy/actor/lib/database/mysql-connector-
java-5.1.6-bin.jar:/home/travis/build/icyphy/ptII/vendors/misc/sphinx4/sphinx4-
data-5prealpha.jar:/home/travis/build/icyphy/ptII/vendors/misc/sphinx4/sphinx4-
core-5prealpha.jar:/home/travis/build/icyphy/ptII/lib/PDFRenderer.jar:/home/tra
vis/build/icyphy/ptII/lib/svgSalamander.jar:/home/travis/build/icyphy/ptII/lib/
rsyntaxtextarea-2.6.0-SNAPSHOT.jar:/home/travis/build/icyphy/ptII/lib/hazelcast
-3.8.2.jar:/home/travis/build/icyphy/ptII/lib/jackson-annotations-2.9.0.jar:/ho
me/travis/build/icyphy/ptII/lib/jackson-core-2.9.3.jar:/home/travis/build/icyph
y/ptII/lib/jackson-databind-2.9.3.jar:/home/travis/build/icyphy/ptII/lib/netty-
buffer-4.1.19.Final.jar:/home/travis/build/icyphy/ptII/lib/netty-codec-4.1.19.F
inal.jar:/home/travis/build/icyphy/ptII/lib/netty-codec-dns-4.1.19.Final.jar:/h
ome/travis/build/icyphy/ptII/lib/netty-codec-http-4.1.19.Final.jar:/home/travis
/build/icyphy/ptII/lib/netty-codec-http2-4.1.19.Final.jar:/home/travis/build/ic
yphy/ptII/lib/netty-common-4.1.19.Final.jar:/home/travis/build/icyphy/ptII/lib/
netty-handler-4.1.19.Final.jar:/home/travis/build/icyphy/ptII/lib/netty-resolve
r-4.1.19.Final.jar:/home/travis/build/icyphy/ptII/lib/netty-resolver-dns-4.1.19
.Final.jar:/home/travis/build/icyphy/ptII/lib/netty-transport-4.1.19.Final.jar:
/home/travis/build/icyphy/ptII/lib/vertx-codegen-3.5.1.jar:/home/travis/build/i
cyphy/ptII/lib/vertx-core-3.5.2-SNAPSHOT.jar:/home/travis/build/icyphy/ptII/lib
/vertx-hazelcast-3.5.1.jar:/home/travis/build/icyphy/ptII/lib/vertx-lang-js-3.5
.1.jar:/home/travis/build/icyphy/ptII/lib/vertx-service-proxy-3.5.1.jar:/home/t
ravis/build/icyphy/ptII/lib/vertx-web-3.5.1.jar:/home/travis/build/icyphy/ptII/
lib/slf4j-api-1.7.13.jar:/home/travis/build/icyphy/ptII/lib/slf4j-simple-1.7.13
.jar:/home/travis/build/icyphy/ptII/lib/webcam-capture-0.3.12.jar:/home/travis/
build/icyphy/ptII/lib/bridj-0.7.0.jar:/home/travis/build/icyphy/ptII/lib/xbjlib
-1.1.0.nrjavaserial.jar:/home/travis/build/icyphy/ptII/ptolemy/moml/test:/home/
travis/build/icyphy/ptII/ant/lib/ant-launcher.jar:/home/travis/build/icyphy/ptI
I/ant/lib/ant.jar:/home/travis/build/icyphy/ptII/ant/lib/ant-junit.jar:/home/tr
avis/build/icyphy/ptII/ant/lib/ant-junit4.jar:/home/travis/build/icyphy/ptII
ModularCodeGen2_ModularCodeGenTypedCompositeActor_ModularCodeGenTypedCompositeA
ctor_profile.java
total 1668
drwxrwxr-x   3 travis travis  12288 Jan  3 00:50 AbsoluteValue
drwxrwxr-x   3 travis travis 102400 Jan  3 00:49 AllColt
drwxrwxr-x   3 travis travis  12288 Jan  3 00:50 Case1
-rw-rw-r--   1 travis travis   5128 Jan  3 00:55 CompiledCompositeActor_CompiledCompositeActor.class
-rw-rw-r--   1 travis travis   1611 Jan  3 00:55 CompiledCompositeActor_CompiledCompositeActor$_CompiledCompositeActor_CompiledCompositeActor.class
-rw-rw-r--   1 travis travis  13466 Jan  3 00:55 CompiledCompositeActor_CompiledCompositeActor.java
-rw-rw-r--   1 travis travis   1593 Jan  3 00:55 CompiledCompositeActor_CompiledCompositeActor.mk
drwxrwxr-x   5 travis travis   4096 Jan  3 00:49 fmi
drwxrwxr-x   3 travis travis  16384 Jan  3 00:50 Gaussian2
-rw-rw-r--   1 travis travis   4684 Jan  3 00:55 JavaCompiledCompositeTest1_CompiledCompositeActor.class
-rw-rw-r--   1 travis travis  11637 Jan  3 00:55 JavaCompiledCompositeTest1_CompiledCompositeActor.java
-rw-rw-r--   1 travis travis   1217 Jan  3 00:55 JavaCompiledCompositeTest1_CompiledCompositeActor$_JavaCompiledCompositeTest1_CompiledCompositeActor.class
-rw-rw-r--   1 travis travis   1625 Jan  3 00:55 JavaCompiledCompositeTest1_CompiledCompositeActor.mk
-rw-rw-r--   1 travis travis   5115 Jan  3 00:55 JavaCompiledCompositeTest2_CompiledCompositeActor.class
-rw-rw-r--   1 travis travis  14919 Jan  3 00:55 JavaCompiledCompositeTest2_CompiledCompositeActor.java
-rw-rw-r--   1 travis travis   1812 Jan  3 00:55 JavaCompiledCompositeTest2_CompiledCompositeActor$_JavaCompiledCompositeTest2_CompiledCompositeActor.class
-rw-rw-r--   1 travis travis   1625 Jan  3 00:55 JavaCompiledCompositeTest2_CompiledCompositeActor.mk
-rw-rw-r--   1 travis travis   4732 Jan  3 00:55 JavaCompiledCompositeTest3_CompiledCompositeActor.class
-rw-rw-r--   1 travis travis  13080 Jan  3 00:55 JavaCompiledCompositeTest3_CompiledCompositeActor.java
-rw-rw-r--   1 travis travis   1397 Jan  3 00:55 JavaCompiledCompositeTest3_CompiledCompositeActor$_JavaCompiledCompositeTest3_CompiledCompositeActor.class
-rw-rw-r--   1 travis travis   1625 Jan  3 00:55 JavaCompiledCompositeTest3_CompiledCompositeActor.mk
-rw-rw-r--   1 travis travis   4183 Jan  3 00:55 JavaCompiledCompositeTest4_CompiledCompositeActor.class
-rw-rw-r--   1 travis travis   9687 Jan  3 00:55 JavaCompiledCompositeTest4_CompiledCompositeActor.java
-rw-rw-r--   1 travis travis    876 Jan  3 00:55 JavaCompiledCompositeTest4_CompiledCompositeActor$_JavaCompiledCompositeTest4_CompiledCompositeActor.class
-rw-rw-r--   1 travis travis   1625 Jan  3 00:55 JavaCompiledCompositeTest4_CompiledCompositeActor.mk
drwxrwxr-x   3 travis travis  12288 Jan  3 00:51 LookupTable
drwxrwxr-x   3 travis travis  20480 Jan  3 00:51 MaxIndex
-rw-rw-r--   1 travis travis   3925 Jan  3 00:55 ModularCG_A1_B1.class
-rw-rw-r--   1 travis travis   9730 Jan  3 00:55 ModularCG_A1_B1.java
-rw-rw-r--   1 travis travis    832 Jan  3 00:55 ModularCG_A1_B1.mk
-rw-rw-r--   1 travis travis   1318 Jan  3 00:55 ModularCG_A1_B1_profile.class
-rw-rw-r--   1 travis travis   1262 Jan  3 00:55 ModularCG_A1_B1_profile.java
-rw-rw-r--   1 travis travis   3925 Jan  3 00:55 ModularCG_A1_B2.class
-rw-rw-r--   1 travis travis   9730 Jan  3 00:55 ModularCG_A1_B2.java
-rw-rw-r--   1 travis travis    832 Jan  3 00:55 ModularCG_A1_B2.mk
-rw-rw-r--   1 travis travis   1318 Jan  3 00:55 ModularCG_A1_B2_profile.class
-rw-rw-r--   1 travis travis   1262 Jan  3 00:55 ModularCG_A1_B2_profile.java
-rw-rw-r--   1 travis travis   5031 Jan  3 00:55 ModularCG_A1.class
-rw-rw-r--   1 travis travis  14742 Jan  3 00:55 ModularCG_A1.java
-rw-rw-r--   1 travis travis    808 Jan  3 00:55 ModularCG_A1.mk
-rw-rw-r--   1 travis travis   1433 Jan  3 00:55 ModularCG_A1_profile.class
-rw-rw-r--   1 travis travis   1704 Jan  3 00:55 ModularCG_A1_profile.java
-rw-rw-r--   1 travis travis   4059 Jan  3 00:55 ModularCG_A2_B1.class
-rw-rw-r--   1 travis travis  10667 Jan  3 00:55 ModularCG_A2_B1.java
-rw-rw-r--   1 travis travis    832 Jan  3 00:55 ModularCG_A2_B1.mk
-rw-rw-r--   1 travis travis   1381 Jan  3 00:55 ModularCG_A2_B1_profile.class
-rw-rw-r--   1 travis travis   1446 Jan  3 00:55 ModularCG_A2_B1_profile.java
-rw-rw-r--   1 travis travis   3925 Jan  3 00:55 ModularCG_A2_B2.class
-rw-rw-r--   1 travis travis   9730 Jan  3 00:55 ModularCG_A2_B2.java
-rw-rw-r--   1 travis travis    832 Jan  3 00:55 ModularCG_A2_B2.mk
-rw-rw-r--   1 travis travis   1318 Jan  3 00:55 ModularCG_A2_B2_profile.class
-rw-rw-r--   1 travis travis   1262 Jan  3 00:55 ModularCG_A2_B2_profile.java
-rw-rw-r--   1 travis travis   5102 Jan  3 00:56 ModularCG_A2.class
-rw-rw-r--   1 travis travis  15129 Jan  3 00:56 ModularCG_A2.java
-rw-rw-r--   1 travis travis    808 Jan  3 00:56 ModularCG_A2.mk
-rw-rw-r--   1 travis travis   1433 Jan  3 00:56 ModularCG_A2_profile.class
-rw-rw-r--   1 travis travis   1704 Jan  3 00:55 ModularCG_A2_profile.java
-rw-rw-r--   1 travis travis   3705 Jan  3 00:56 ModularCGPubSub_A1_A2.class
-rw-rw-r--   1 travis travis   9076 Jan  3 00:56 ModularCGPubSub_A1_A2.java
-rw-rw-r--   1 travis travis    880 Jan  3 00:56 ModularCGPubSub_A1_A2.mk
-rw-rw-r--   1 travis travis   1300 Jan  3 00:56 ModularCGPubSub_A1_A2_profile.class
-rw-rw-r--   1 travis travis   1222 Jan  3 00:56 ModularCGPubSub_A1_A2_profile.java
-rw-rw-r--   1 travis travis   4022 Jan  3 00:56 ModularCGPubSub_A1.class
-rw-rw-r--   1 travis travis   9836 Jan  3 00:56 ModularCGPubSub_A1.java
-rw-rw-r--   1 travis travis    856 Jan  3 00:56 ModularCGPubSub_A1.mk
-rw-rw-r--   1 travis travis   1346 Jan  3 00:56 ModularCGPubSub_A1_profile.class
-rw-rw-r--   1 travis travis   1388 Jan  3 00:56 ModularCGPubSub_A1_profile.java
-rw-rw-r--   1 travis travis   1294 Jan  3 00:56 ModularCodeGen2_ModularCodeGenTypedCompositeActor_ModularCodeGenTypedCompositeActor_profile.java
-rw-rw-r--   1 travis travis   4186 Jan  3 00:56 ModularCodeGen_ModularCodeGenTypedCompositeActor.class
-rw-rw-r--   1 travis travis  10970 Jan  3 00:56 ModularCodeGen_ModularCodeGenTypedCompositeActor.java
-rw-rw-r--   1 travis travis   1096 Jan  3 00:56 ModularCodeGen_ModularCodeGenTypedCompositeActor.mk
-rw-rw-r--   1 travis travis   1384 Jan  3 00:56 ModularCodeGen_ModularCodeGenTypedCompositeActor_profile.class
-rw-rw-r--   1 travis travis   1328 Jan  3 00:56 ModularCodeGen_ModularCodeGenTypedCompositeActor_profile.java
-rw-rw-r--   1 travis travis   3724 Jan  3 00:55 ModularCodeGenTest_A1_A2.class
-rw-rw-r--   1 travis travis   9164 Jan  3 00:55 ModularCodeGenTest_A1_A2.java
-rw-rw-r--   1 travis travis   1306 Jan  3 00:55 ModularCodeGenTest_A1_A2_profile.class
-rw-rw-r--   1 travis travis   4055 Jan  3 00:55 ModularCodeGenTest_A1.class
-rw-rw-r--   1 travis travis   9968 Jan  3 00:55 ModularCodeGenTest_A1.java
-rw-rw-r--   1 travis travis    880 Jan  3 00:55 ModularCodeGenTest_A1.mk
-rw-rw-r--   1 travis travis   1352 Jan  3 00:55 ModularCodeGenTest_A1_profile.class
-rw-rw-r--   1 travis travis   1394 Jan  3 00:55 ModularCodeGenTest_A1_profile.java
drwxrwxr-x   3 travis travis  32768 Jan  3 00:55 modulation2
drwxrwxr-x 116 travis travis  12288 Jan  3 00:55 node_modules
drwxrwxr-x   3 travis travis  20480 Jan  3 00:51 PhaseUnwrap
drwxrwxr-x   3 travis travis  12288 Jan  3 00:51 ReadFile1
-rw-rw-r--   1 travis travis     11 Jan  3 00:51 ReadFile1Output.txt
-rw-rw-r--   1 travis travis  13773 Jan  3 00:55 Repeat.class
-rw-rw-r--   1 travis travis    685 Jan  3 00:55 Repeat$_fireFunction_Repeat_Repeat$__f_sL_11.class
-rw-rw-r--   1 travis travis    541 Jan  3 00:55 Repeat$_fireFunction_Repeat_Repeat$__f_sL_12.class
-rw-rw-r--   1 travis travis    541 Jan  3 00:55 Repeat$_fireFunction_Repeat_Repeat$__f_sL_13.class
-rw-rw-r--   1 travis travis    541 Jan  3 00:55 Repeat$_fireFunction_Repeat_Repeat$__f_sL_14.class
-rw-rw-r--   1 travis travis    684 Jan  3 00:55 Repeat$_fireFunction_Repeat_Repeat$__f_sL_1.class
-rw-rw-r--   1 travis travis    683 Jan  3 00:55 Repeat$_fireFunction_Repeat_Repeat$__f_sL_4.class
-rw-rw-r--   1 travis travis    539 Jan  3 00:55 Repeat$_fireFunction_Repeat_Repeat$__f_sL_9.class
-rw-rw-r--   1 travis travis    494 Jan  3 00:55 Repeat$_initialize_Repeat$__i_sL_2.class
-rw-rw-r--   1 travis travis   1281 Jan  3 00:55 Repeat.mk
-rw-rw-r--   1 travis travis    539 Jan  3 00:55 Repeat$_preinitializeMethod_Repeat$__p_sL_0.class
-rw-rw-r--   1 travis travis   1102 Jan  3 00:55 Repeat$_Repeat$_fireFunction_Repeat_AddSubtract_Repeat.class
-rw-rw-r--   1 travis travis    810 Jan  3 00:55 Repeat$_Repeat$_fireFunction_Repeat_AddSubtract_Repeat$__f_sL_0.class
-rw-rw-r--   1 travis travis    928 Jan  3 00:55 Repeat$_Repeat$_fireFunction_Repeat_AddSubtract_Repeat$__f_sL_1.class
-rw-rw-r--   1 travis travis    934 Jan  3 00:55 Repeat$_Repeat$_fireFunction_Repeat_AddSubtract_Repeat$__f_sL_2.class
-rw-rw-r--   1 travis travis    862 Jan  3 00:55 Repeat$_Repeat$_fireFunction_Repeat_AddSubtract_Repeat$__f_sL_3.class
-rw-rw-r--   1 travis travis    757 Jan  3 00:55 Repeat$_Repeat$_fireFunction_Repeat_Ramp2_Repeat$__f_sL_0.class
-rw-rw-r--   1 travis travis    888 Jan  3 00:55 Repeat$_Repeat$_fireFunction_Repeat_Test_Repeat$__f_sL_0.class
-rw-rw-r--   1 travis travis    634 Jan  3 00:55 Repeat$_Repeat$_fireFunction_Repeat_Test_Repeat$__f_sL_1.class
-rw-rw-r--   1 travis travis    704 Jan  3 00:55 Repeat$_Repeat_SDF_Director_run_Repeat$__R_sL_0.class
-rw-rw-r--   1 travis travis    705 Jan  3 00:55 Repeat$_Repeat_SDF_Director_run_Repeat$__R_sL_11.class
-rw-rw-r--   1 travis travis    561 Jan  3 00:55 Repeat$_Repeat_SDF_Director_run_Repeat$__R_sL_13.class
-rw-rw-r--   1 travis travis    559 Jan  3 00:55 Repeat$_Repeat_SDF_Director_run_Repeat$__R_sL_2.class
-rw-rw-r--   1 travis travis    703 Jan  3 00:55 Repeat$_Repeat_SDF_Director_run_Repeat$__R_sL_3.class
-rw-rw-r--   1 travis travis    559 Jan  3 00:55 Repeat$_Repeat_SDF_Director_run_Repeat$__R_sL_5.class
-rw-rw-r--   1 travis travis    559 Jan  3 00:55 Repeat$_Repeat_SDF_Director_run_Repeat$__R_sL_8.class
drwxrwxr-x   2 travis travis   4096 Jan  3 00:55 RepeatVariables
-rw-rw-r--   1 travis travis    882 Jan  3 00:55 Repeat$_varinit_Repeat.class
-rw-rw-r--   1 travis travis    550 Jan  3 00:55 Repeat$_varinit_Repeat$__v_sL_2.class
-rw-rw-r--   1 travis travis    924 Jan  3 00:55 Repeat$_varinit_Repeat$__v_sL_4.class
-rw-rw-r--   1 travis travis    978 Jan  3 00:55 Repeat$_wrapup_Repeat$__w_sL_1.class
drwxrwxr-x   3 travis travis  20480 Jan  3 00:52 Sinewave
drwxrwxr-x   3 travis travis  32768 Jan  3 00:53 StringFunction
drwxrwxr-x   3 travis travis  12288 Jan  3 00:53 StringLength
drwxrwxr-x   3 travis travis  61440 Jan  3 00:53 StringMatches2
drwxrwxr-x   3 travis travis  61440 Jan  3 00:54 StringSimpleReplace
drwxrwxr-x   3 travis travis  65536 Jan  3 00:54 StringSubstring
drwxrwxr-x   3 travis travis  24576 Jan  3 00:54 StringSubstring2
drwxrwxr-x   3 travis travis  16384 Jan  3 00:54 time1
drwxrwxr-x   3 travis travis  12288 Jan  3 00:55 time5
-rw-rw-r--   1 travis travis    432 Jan  3 00:56 Token.class
-rw-rw-r--   1 travis travis    251 Jan  3 00:56 Token.java
-rwxrwxr-x   1 travis travis 466992 Jan  3 00:49 top
-rw-rw-r--   1 travis travis  20502 Jan  3 00:49 top.c
-rw-rw-r--   1 travis travis   3799 Jan  3 00:55 top.class
-rw-rw-r--   1 travis travis   1257 Jan  3 00:55 top.mk
All Done
Writing ModularCodeGen2_ModularCodeGenTypedCompositeActor_ModularCodeGenTypedCompositeActor.java in file:/home/travis/cg/ (11790 characters)
Reading "ptolemy/cg/kernel/generic/program/procedural/java/modular/makefile.in",
    writing "/home/travis/cg/ModularCodeGen2_ModularCodeGenTypedCompositeActor_ModularCodeGenTypedCompositeActor.mk"
Using ptolemy/cg/kernel/generic/program/procedural/java/modular/makefile.in
In "/home/travis/cg", about to execute:
    make -f
ModularCodeGen2_ModularCodeGenTypedCompositeActor_ModularCodeGenTypedCompositeA
ctor.mk
javac -classpath ".:.."    ModularCodeGen2_ModularCodeGenTypedCompositeActor_ModularCodeGenTypedCompositeActor.java
All Done
In "/home/travis/cg", about to execute:
    pwd
In "/home/travis/cg", about to execute:
    ls -l
/home/travis/cg
total 1700
drwxrwxr-x   3 travis travis  12288 Jan  3 00:50 AbsoluteValue
drwxrwxr-x   3 travis travis 102400 Jan  3 00:49 AllColt
drwxrwxr-x   3 travis travis  12288 Jan  3 00:50 Case1
-rw-rw-r--   1 travis travis   5128 Jan  3 00:55 CompiledCompositeActor_CompiledCompositeActor.class
-rw-rw-r--   1 travis travis   1611 Jan  3 00:55 CompiledCompositeActor_CompiledCompositeActor$_CompiledCompositeActor_CompiledCompositeActor.class
-rw-rw-r--   1 travis travis  13466 Jan  3 00:55 CompiledCompositeActor_CompiledCompositeActor.java
-rw-rw-r--   1 travis travis   1593 Jan  3 00:55 CompiledCompositeActor_CompiledCompositeActor.mk
drwxrwxr-x   5 travis travis   4096 Jan  3 00:49 fmi
drwxrwxr-x   3 travis travis  16384 Jan  3 00:50 Gaussian2
-rw-rw-r--   1 travis travis   4684 Jan  3 00:55 JavaCompiledCompositeTest1_CompiledCompositeActor.class
-rw-rw-r--   1 travis travis  11637 Jan  3 00:55 JavaCompiledCompositeTest1_CompiledCompositeActor.java
-rw-rw-r--   1 travis travis   1217 Jan  3 00:55 JavaCompiledCompositeTest1_CompiledCompositeActor$_JavaCompiledCompositeTest1_CompiledCompositeActor.class
-rw-rw-r--   1 travis travis   1625 Jan  3 00:55 JavaCompiledCompositeTest1_CompiledCompositeActor.mk
-rw-rw-r--   1 travis travis   5115 Jan  3 00:55 JavaCompiledCompositeTest2_CompiledCompositeActor.class
-rw-rw-r--   1 travis travis  14919 Jan  3 00:55 JavaCompiledCompositeTest2_CompiledCompositeActor.java
-rw-rw-r--   1 travis travis   1812 Jan  3 00:55 JavaCompiledCompositeTest2_CompiledCompositeActor$_JavaCompiledCompositeTest2_CompiledCompositeActor.class
-rw-rw-r--   1 travis travis   1625 Jan  3 00:55 JavaCompiledCompositeTest2_CompiledCompositeActor.mk
-rw-rw-r--   1 travis travis   4732 Jan  3 00:55 JavaCompiledCompositeTest3_CompiledCompositeActor.class
-rw-rw-r--   1 travis travis  13080 Jan  3 00:55 JavaCompiledCompositeTest3_CompiledCompositeActor.java
-rw-rw-r--   1 travis travis   1397 Jan  3 00:55 JavaCompiledCompositeTest3_CompiledCompositeActor$_JavaCompiledCompositeTest3_CompiledCompositeActor.class
-rw-rw-r--   1 travis travis   1625 Jan  3 00:55 JavaCompiledCompositeTest3_CompiledCompositeActor.mk
-rw-rw-r--   1 travis travis   4183 Jan  3 00:55 JavaCompiledCompositeTest4_CompiledCompositeActor.class
-rw-rw-r--   1 travis travis   9687 Jan  3 00:55 JavaCompiledCompositeTest4_CompiledCompositeActor.java
-rw-rw-r--   1 travis travis    876 Jan  3 00:55 JavaCompiledCompositeTest4_CompiledCompositeActor$_JavaCompiledCompositeTest4_CompiledCompositeActor.class
-rw-rw-r--   1 travis travis   1625 Jan  3 00:55 JavaCompiledCompositeTest4_CompiledCompositeActor.mk
drwxrwxr-x   3 travis travis  12288 Jan  3 00:51 LookupTable
drwxrwxr-x   3 travis travis  20480 Jan  3 00:51 MaxIndex
-rw-rw-r--   1 travis travis   3925 Jan  3 00:55 ModularCG_A1_B1.class
-rw-rw-r--   1 travis travis   9730 Jan  3 00:55 ModularCG_A1_B1.java
-rw-rw-r--   1 travis travis    832 Jan  3 00:55 ModularCG_A1_B1.mk
-rw-rw-r--   1 travis travis   1318 Jan  3 00:55 ModularCG_A1_B1_profile.class
-rw-rw-r--   1 travis travis   1262 Jan  3 00:55 ModularCG_A1_B1_profile.java
-rw-rw-r--   1 travis travis   3925 Jan  3 00:55 ModularCG_A1_B2.class
-rw-rw-r--   1 travis travis   9730 Jan  3 00:55 ModularCG_A1_B2.java
-rw-rw-r--   1 travis travis    832 Jan  3 00:55 ModularCG_A1_B2.mk
-rw-rw-r--   1 travis travis   1318 Jan  3 00:55 ModularCG_A1_B2_profile.class
-rw-rw-r--   1 travis travis   1262 Jan  3 00:55 ModularCG_A1_B2_profile.java
-rw-rw-r--   1 travis travis   5031 Jan  3 00:55 ModularCG_A1.class
-rw-rw-r--   1 travis travis  14742 Jan  3 00:55 ModularCG_A1.java
-rw-rw-r--   1 travis travis    808 Jan  3 00:55 ModularCG_A1.mk
-rw-rw-r--   1 travis travis   1433 Jan  3 00:55 ModularCG_A1_profile.class
-rw-rw-r--   1 travis travis   1704 Jan  3 00:55 ModularCG_A1_profile.java
-rw-rw-r--   1 travis travis   4059 Jan  3 00:55 ModularCG_A2_B1.class
-rw-rw-r--   1 travis travis  10667 Jan  3 00:55 ModularCG_A2_B1.java
-rw-rw-r--   1 travis travis    832 Jan  3 00:55 ModularCG_A2_B1.mk
-rw-rw-r--   1 travis travis   1381 Jan  3 00:55 ModularCG_A2_B1_profile.class
-rw-rw-r--   1 travis travis   1446 Jan  3 00:55 ModularCG_A2_B1_profile.java
-rw-rw-r--   1 travis travis   3925 Jan  3 00:55 ModularCG_A2_B2.class
-rw-rw-r--   1 travis travis   9730 Jan  3 00:55 ModularCG_A2_B2.java
-rw-rw-r--   1 travis travis    832 Jan  3 00:55 ModularCG_A2_B2.mk
-rw-rw-r--   1 travis travis   1318 Jan  3 00:55 ModularCG_A2_B2_profile.class
-rw-rw-r--   1 travis travis   1262 Jan  3 00:55 ModularCG_A2_B2_profile.java
-rw-rw-r--   1 travis travis   5102 Jan  3 00:56 ModularCG_A2.class
-rw-rw-r--   1 travis travis  15129 Jan  3 00:56 ModularCG_A2.java
-rw-rw-r--   1 travis travis    808 Jan  3 00:56 ModularCG_A2.mk
-rw-rw-r--   1 travis travis   1433 Jan  3 00:56 ModularCG_A2_profile.class
-rw-rw-r--   1 travis travis   1704 Jan  3 00:55 ModularCG_A2_profile.java
-rw-rw-r--   1 travis travis   3705 Jan  3 00:56 ModularCGPubSub_A1_A2.class
-rw-rw-r--   1 travis travis   9076 Jan  3 00:56 ModularCGPubSub_A1_A2.java
-rw-rw-r--   1 travis travis    880 Jan  3 00:56 ModularCGPubSub_A1_A2.mk
-rw-rw-r--   1 travis travis   1300 Jan  3 00:56 ModularCGPubSub_A1_A2_profile.class
-rw-rw-r--   1 travis travis   1222 Jan  3 00:56 ModularCGPubSub_A1_A2_profile.java
-rw-rw-r--   1 travis travis   4022 Jan  3 00:56 ModularCGPubSub_A1.class
-rw-rw-r--   1 travis travis   9836 Jan  3 00:56 ModularCGPubSub_A1.java
-rw-rw-r--   1 travis travis    856 Jan  3 00:56 ModularCGPubSub_A1.mk
In "/home/travis/cg", about to execute:
    javac -classpath
.:/home/travis/build/icyphy/ptII:/home/travis/build/icyphy/ptII/lib/bsh-2.0b4.j
ar:/home/travis/build/icyphy/ptII/lib/ptCal.jar:/home/travis/build/icyphy/ptII/
lib/java_cup.jar:/home/travis/build/icyphy/ptII/lib/saxon8.jar:/home/travis/bui
ld/icyphy/ptII/lib/saxon8-dom.jar:/home/travis/build/icyphy/ptII/lib/chic.jar:/
home/travis/build/icyphy/ptII/lib/ptcolt.jar:/home/travis/build/icyphy/ptII/ven
dors/misc/itext/iText.jar:/home/travis/build/icyphy/ptII/lib/g4ltl.jar:/home/tr
avis/build/icyphy/ptII/lib/StructuralCoder.jar:/home/travis/build/icyphy/ptII/l
ib/jcerti.jar:/home/travis/build/icyphy/ptII/lib/javax.mail.jar:/home/travis/bu
ild/icyphy/ptII/vendors/JMF-2.1.1e/lib/jmf.jar:/home/travis/build/icyphy/ptII/l
ib/jna-4.0.0-variadic.jar:/home/travis/build/icyphy/ptII/vendors/misc/joystick/
Joystick.jar:/home/travis/build/icyphy/ptII/lib/ptjacl.jar:/home/travis/build/i
cyphy/ptII/lib/jsoup-1.8.2.jar:/home/travis/build/icyphy/ptII/lib/junit-4.8.2.j
ar:/home/travis/build/icyphy/ptII/lib/JUnitParams-0.4.0.jar:/home/travis/build/
icyphy/ptII/ptolemy/actor/lib/excel/jxl.jar:/home/travis/build/icyphy/ptII/lib/
jython.jar:/home/travis/build/icyphy/ptII/lib/kieler.jar:/home/travis/build/icy
phy/ptII/vendors/opencv/share/OpenCV/java/opencv-341.jar:/home/travis/build/icy
phy/ptII/lib/oscP5.jar:/home/travis/build/icyphy/ptII/lib/nrjavaserial-3.11.0.d
evel.jar:/home/travis/build/icyphy/ptII/vendors/j3d/lib/Linux/j3dcore.jar:/home
/travis/build/icyphy/ptII/vendors/j3d/lib/Linux/j3dutils.jar:/home/travis/build
/icyphy/ptII/vendors/j3d/lib/Linux/vecmath.jar:/home/travis/build/icyphy/ptII/v
endors/jogl/lib/Linux/gluegen-rt-natives-linux-amd64.jar:/home/travis/build/icy
phy/ptII/vendors/jogl/lib/Linux/gluegen-rt.jar:/home/travis/build/icyphy/ptII/v
endors/jogl/lib/Linux/jogl-all-natives-linux-amd64.jar:/home/travis/build/icyph
y/ptII/vendors/jogl/lib/Linux/jogl-all.jar:/home/travis/build/icyphy/ptII/ptole
my/distributed/jini/jar/jini-core.jar:/home/travis/build/icyphy/ptII/ptolemy/di
stributed/jini/jar/jini-ext.jar:/home/travis/build/icyphy/ptII/ptolemy/distribu
ted/jini/jar/sun-util.jar:/home/travis/build/icyphy/ptII/lib/protobuf-java-2.4.
1.jar:/home/travis/build/icyphy/ptII/lib/org.eclipse.paho.client.mqttv3.jar:/ho
me/travis/build/icyphy/ptII/lib/mapss.jar:/home/travis/build/icyphy/ptII/ptolem
y/actor/ptalon/antlr/antlr.jar:/home/travis/build/icyphy/ptII/lib/JRI.jar:/home
/travis/build/icyphy/ptII/lib/commons-lang-2.6.jar:/home/travis/build/icyphy/pt
II/lib/commons-logging-1.1.1.jar:/home/travis/build/icyphy/ptII/lib/sootclasses
.jar:/home/travis/build/icyphy/ptII/ptolemy/actor/lib/database/mysql-connector-
java-5.1.6-bin.jar:/home/travis/build/icyphy/ptII/vendors/misc/sphinx4/sphinx4-
data-5prealpha.jar:/home/travis/build/icyphy/ptII/vendors/misc/sphinx4/sphinx4-
core-5prealpha.jar:/home/travis/build/icyphy/ptII/lib/PDFRenderer.jar:/home/tra
vis/build/icyphy/ptII/lib/svgSalamander.jar:/home/travis/build/icyphy/ptII/lib/
rsyntaxtextarea-2.6.0-SNAPSHOT.jar:/home/travis/build/icyphy/ptII/lib/hazelcast
-3.8.2.jar:/home/travis/build/icyphy/ptII/lib/jackson-annotations-2.9.0.jar:/ho
me/travis/build/icyphy/ptII/lib/jackson-core-2.9.3.jar:/home/travis/build/icyph
y/ptII/lib/jackson-databind-2.9.3.jar:/home/travis/build/icyphy/ptII/lib/netty-
buffer-4.1.19.Final.jar:/home/travis/build/icyphy/ptII/lib/netty-codec-4.1.19.F
inal.jar:/home/travis/build/icyphy/ptII/lib/netty-codec-dns-4.1.19.Final.jar:/h
ome/travis/build/icyphy/ptII/lib/netty-codec-http-4.1.19.Final.jar:/home/travis
/build/icyphy/ptII/lib/netty-codec-http2-4.1.19.Final.jar:/home/travis/build/ic
yphy/ptII/lib/netty-common-4.1.19.Final.jar:/home/travis/build/icyphy/ptII/lib/
netty-handler-4.1.19.Final.jar:/home/travis/build/icyphy/ptII/lib/netty-resolve
r-4.1.19.Final.jar:/home/travis/build/icyphy/ptII/lib/netty-resolver-dns-4.1.19
.Final.jar:/home/travis/build/icyphy/ptII/lib/netty-transport-4.1.19.Final.jar:
/home/travis/build/icyphy/ptII/lib/vertx-codegen-3.5.1.jar:/home/travis/build/i
cyphy/ptII/lib/vertx-core-3.5.2-SNAPSHOT.jar:/home/travis/build/icyphy/ptII/lib
/vertx-hazelcast-3.5.1.jar:/home/travis/build/icyphy/ptII/lib/vertx-lang-js-3.5
.1.jar:/home/travis/build/icyphy/ptII/lib/vertx-service-proxy-3.5.1.jar:/home/t
ravis/build/icyphy/ptII/lib/vertx-web-3.5.1.jar:/home/travis/build/icyphy/ptII/
lib/slf4j-api-1.7.13.jar:/home/travis/build/icyphy/ptII/lib/slf4j-simple-1.7.13
.jar:/home/travis/build/icyphy/ptII/lib/webcam-capture-0.3.12.jar:/home/travis/
build/icyphy/ptII/lib/bridj-0.7.0.jar:/home/travis/build/icyphy/ptII/lib/xbjlib
-1.1.0.nrjavaserial.jar:/home/travis/build/icyphy/ptII/ptolemy/moml/test:/home/
travis/build/icyphy/ptII/ant/lib/ant-launcher.jar:/home/travis/build/icyphy/ptI
I/ant/lib/ant.jar:/home/travis/build/icyphy/ptII/ant/lib/ant-junit.jar:/home/tr
avis/build/icyphy/ptII/ant/lib/ant-junit4.jar:/home/travis/build/icyphy/ptII
ModularCodeGen2_ModularCodeGenTypedCompositeActor_profile.java
-rw-rw-r--   1 travis travis   1346 Jan  3 00:56 ModularCGPubSub_A1_profile.class
-rw-rw-r--   1 travis travis   1388 Jan  3 00:56 ModularCGPubSub_A1_profile.java
-rw-rw-r--   1 travis travis   4504 Jan  3 00:56 ModularCodeGen2_ModularCodeGenTypedCompositeActor_ModularCodeGenTypedCompositeActor.class
-rw-rw-r--   1 travis travis  11790 Jan  3 00:56 ModularCodeGen2_ModularCodeGenTypedCompositeActor_ModularCodeGenTypedCompositeActor.java
-rw-rw-r--   1 travis travis   1376 Jan  3 00:56 ModularCodeGen2_ModularCodeGenTypedCompositeActor_ModularCodeGenTypedCompositeActor.mk
-rw-rw-r--   1 travis travis   1421 Jan  3 00:56 ModularCodeGen2_ModularCodeGenTypedCompositeActor_ModularCodeGenTypedCompositeActor_profile.class
-rw-rw-r--   1 travis travis   1294 Jan  3 00:56 ModularCodeGen2_ModularCodeGenTypedCompositeActor_ModularCodeGenTypedCompositeActor_profile.java
-rw-rw-r--   1 travis travis    693 Jan  3 00:56 ModularCodeGen2_ModularCodeGenTypedCompositeActor_profile.java
-rw-rw-r--   1 travis travis   4186 Jan  3 00:56 ModularCodeGen_ModularCodeGenTypedCompositeActor.class
-rw-rw-r--   1 travis travis  10970 Jan  3 00:56 ModularCodeGen_ModularCodeGenTypedCompositeActor.java
-rw-rw-r--   1 travis travis   1096 Jan  3 00:56 ModularCodeGen_ModularCodeGenTypedCompositeActor.mk
-rw-rw-r--   1 travis travis   1384 Jan  3 00:56 ModularCodeGen_ModularCodeGenTypedCompositeActor_profile.class
-rw-rw-r--   1 travis travis   1328 Jan  3 00:56 ModularCodeGen_ModularCodeGenTypedCompositeActor_profile.java
-rw-rw-r--   1 travis travis   3724 Jan  3 00:55 ModularCodeGenTest_A1_A2.class
-rw-rw-r--   1 travis travis   9164 Jan  3 00:55 ModularCodeGenTest_A1_A2.java
-rw-rw-r--   1 travis travis   1306 Jan  3 00:55 ModularCodeGenTest_A1_A2_profile.class
-rw-rw-r--   1 travis travis   4055 Jan  3 00:55 ModularCodeGenTest_A1.class
-rw-rw-r--   1 travis travis   9968 Jan  3 00:55 ModularCodeGenTest_A1.java
-rw-rw-r--   1 travis travis    880 Jan  3 00:55 ModularCodeGenTest_A1.mk
-rw-rw-r--   1 travis travis   1352 Jan  3 00:55 ModularCodeGenTest_A1_profile.class
-rw-rw-r--   1 travis travis   1394 Jan  3 00:55 ModularCodeGenTest_A1_profile.java
drwxrwxr-x   3 travis travis  32768 Jan  3 00:55 modulation2
drwxrwxr-x 116 travis travis  12288 Jan  3 00:55 node_modules
drwxrwxr-x   3 travis travis  20480 Jan  3 00:51 PhaseUnwrap
drwxrwxr-x   3 travis travis  12288 Jan  3 00:51 ReadFile1
-rw-rw-r--   1 travis travis     11 Jan  3 00:51 ReadFile1Output.txt
-rw-rw-r--   1 travis travis  13773 Jan  3 00:55 Repeat.class
-rw-rw-r--   1 travis travis    685 Jan  3 00:55 Repeat$_fireFunction_Repeat_Repeat$__f_sL_11.class
-rw-rw-r--   1 travis travis    541 Jan  3 00:55 Repeat$_fireFunction_Repeat_Repeat$__f_sL_12.class
-rw-rw-r--   1 travis travis    541 Jan  3 00:55 Repeat$_fireFunction_Repeat_Repeat$__f_sL_13.class
-rw-rw-r--   1 travis travis    541 Jan  3 00:55 Repeat$_fireFunction_Repeat_Repeat$__f_sL_14.class
-rw-rw-r--   1 travis travis    684 Jan  3 00:55 Repeat$_fireFunction_Repeat_Repeat$__f_sL_1.class
-rw-rw-r--   1 travis travis    683 Jan  3 00:55 Repeat$_fireFunction_Repeat_Repeat$__f_sL_4.class
-rw-rw-r--   1 travis travis    539 Jan  3 00:55 Repeat$_fireFunction_Repeat_Repeat$__f_sL_9.class
-rw-rw-r--   1 travis travis    494 Jan  3 00:55 Repeat$_initialize_Repeat$__i_sL_2.class
-rw-rw-r--   1 travis travis   1281 Jan  3 00:55 Repeat.mk
-rw-rw-r--   1 travis travis    539 Jan  3 00:55 Repeat$_preinitializeMethod_Repeat$__p_sL_0.class
-rw-rw-r--   1 travis travis   1102 Jan  3 00:55 Repeat$_Repeat$_fireFunction_Repeat_AddSubtract_Repeat.class
-rw-rw-r--   1 travis travis    810 Jan  3 00:55 Repeat$_Repeat$_fireFunction_Repeat_AddSubtract_Repeat$__f_sL_0.class
-rw-rw-r--   1 travis travis    928 Jan  3 00:55 Repeat$_Repeat$_fireFunction_Repeat_AddSubtract_Repeat$__f_sL_1.class
-rw-rw-r--   1 travis travis    934 Jan  3 00:55 Repeat$_Repeat$_fireFunction_Repeat_AddSubtract_Repeat$__f_sL_2.class
-rw-rw-r--   1 travis travis    862 Jan  3 00:55 Repeat$_Repeat$_fireFunction_Repeat_AddSubtract_Repeat$__f_sL_3.class
-rw-rw-r--   1 travis travis    757 Jan  3 00:55 Repeat$_Repeat$_fireFunction_Repeat_Ramp2_Repeat$__f_sL_0.class
-rw-rw-r--   1 travis travis    888 Jan  3 00:55 Repeat$_Repeat$_fireFunction_Repeat_Test_Repeat$__f_sL_0.class
-rw-rw-r--   1 travis travis    634 Jan  3 00:55 Repeat$_Repeat$_fireFunction_Repeat_Test_Repeat$__f_sL_1.class
-rw-rw-r--   1 travis travis    704 Jan  3 00:55 Repeat$_Repeat_SDF_Director_run_Repeat$__R_sL_0.class
-rw-rw-r--   1 travis travis    705 Jan  3 00:55 Repeat$_Repeat_SDF_Director_run_Repeat$__R_sL_11.class
-rw-rw-r--   1 travis travis    561 Jan  3 00:55 Repeat$_Repeat_SDF_Director_run_Repeat$__R_sL_13.class
-rw-rw-r--   1 travis travis    559 Jan  3 00:55 Repeat$_Repeat_SDF_Director_run_Repeat$__R_sL_2.class
-rw-rw-r--   1 travis travis    703 Jan  3 00:55 Repeat$_Repeat_SDF_Director_run_Repeat$__R_sL_3.class
-rw-rw-r--   1 travis travis    559 Jan  3 00:55 Repeat$_Repeat_SDF_Director_run_Repeat$__R_sL_5.class
-rw-rw-r--   1 travis travis    559 Jan  3 00:55 Repeat$_Repeat_SDF_Director_run_Repeat$__R_sL_8.class
drwxrwxr-x   2 travis travis   4096 Jan  3 00:55 RepeatVariables
-rw-rw-r--   1 travis travis    882 Jan  3 00:55 Repeat$_varinit_Repeat.class
-rw-rw-r--   1 travis travis    550 Jan  3 00:55 Repeat$_varinit_Repeat$__v_sL_2.class
-rw-rw-r--   1 travis travis    924 Jan  3 00:55 Repeat$_varinit_Repeat$__v_sL_4.class
-rw-rw-r--   1 travis travis    978 Jan  3 00:55 Repeat$_wrapup_Repeat$__w_sL_1.class
drwxrwxr-x   3 travis travis  20480 Jan  3 00:52 Sinewave
drwxrwxr-x   3 travis travis  32768 Jan  3 00:53 StringFunction
drwxrwxr-x   3 travis travis  12288 Jan  3 00:53 StringLength
drwxrwxr-x   3 travis travis  61440 Jan  3 00:53 StringMatches2
drwxrwxr-x   3 travis travis  61440 Jan  3 00:54 StringSimpleReplace
drwxrwxr-x   3 travis travis  65536 Jan  3 00:54 StringSubstring
drwxrwxr-x   3 travis travis  24576 Jan  3 00:54 StringSubstring2
drwxrwxr-x   3 travis travis  16384 Jan  3 00:54 time1
drwxrwxr-x   3 travis travis  12288 Jan  3 00:55 time5
-rw-rw-r--   1 travis travis    432 Jan  3 00:56 Token.class
-rw-rw-r--   1 travis travis    251 Jan  3 00:56 Token.java
-rwxrwxr-x   1 travis travis 466992 Jan  3 00:49 top
-rw-rw-r--   1 travis travis  20502 Jan  3 00:49 top.c
-rw-rw-r--   1 travis travis   3799 Jan  3 00:55 top.class
-rw-rw-r--   1 travis travis   1257 Jan  3 00:55 top.mk
All Done
Writing ModularCodeGen2_ModularCodeGenTypedCompositeActor.java in file:/home/travis/cg/ (11690 characters)
Reading "ptolemy/cg/kernel/generic/program/procedural/java/modular/makefile.in",
    writing "/home/travis/cg/ModularCodeGen2_ModularCodeGenTypedCompositeActor.mk"
Using ptolemy/cg/kernel/generic/program/procedural/java/modular/makefile.in
In "/home/travis/cg", about to execute:
    make -f ModularCodeGen2_ModularCodeGenTypedCompositeActor.mk
javac -classpath ".:.."    ModularCodeGen2_ModularCodeGenTypedCompositeActor.java
All Done
5042 ms. Memory: 129024K Free: 93446K (72%)
----------------- Invoking toplevel() on ptolemy.moml.MoMLSimpleApplication@59251d21
----------------- Done invoking toplevel() on ptolemy.moml.MoMLSimpleApplication@59251d21
reloadAllAccessors: .ModularCodeGen2

===========================================================================================
----------------- testing Fri Jan 03 00:56:14 UTC 2020 /home/travis/build/icyphy/ptII/ptolemy/cg/lib/test/auto/ModularCodeGen3.xml
----------------- Instantiating /home/travis/build/icyphy/ptII/ptolemy/cg/lib/test/auto/ModularCodeGen3.xml
In "/home/travis/cg", about to execute:
    pwd
In "/home/travis/cg", about to execute:
    ls -l
/home/travis/cg
In "/home/travis/cg", about to execute:
    javac -classpath
.:/home/travis/build/icyphy/ptII:/home/travis/build/icyphy/ptII/lib/bsh-2.0b4.j
ar:/home/travis/build/icyphy/ptII/lib/ptCal.jar:/home/travis/build/icyphy/ptII/
lib/java_cup.jar:/home/travis/build/icyphy/ptII/lib/saxon8.jar:/home/travis/bui
ld/icyphy/ptII/lib/saxon8-dom.jar:/home/travis/build/icyphy/ptII/lib/chic.jar:/
home/travis/build/icyphy/ptII/lib/ptcolt.jar:/home/travis/build/icyphy/ptII/ven
dors/misc/itext/iText.jar:/home/travis/build/icyphy/ptII/lib/g4ltl.jar:/home/tr
avis/build/icyphy/ptII/lib/StructuralCoder.jar:/home/travis/build/icyphy/ptII/l
ib/jcerti.jar:/home/travis/build/icyphy/ptII/lib/javax.mail.jar:/home/travis/bu
ild/icyphy/ptII/vendors/JMF-2.1.1e/lib/jmf.jar:/home/travis/build/icyphy/ptII/l
ib/jna-4.0.0-variadic.jar:/home/travis/build/icyphy/ptII/vendors/misc/joystick/
Joystick.jar:/home/travis/build/icyphy/ptII/lib/ptjacl.jar:/home/travis/build/i
cyphy/ptII/lib/jsoup-1.8.2.jar:/home/travis/build/icyphy/ptII/lib/junit-4.8.2.j
ar:/home/travis/build/icyphy/ptII/lib/JUnitParams-0.4.0.jar:/home/travis/build/
icyphy/ptII/ptolemy/actor/lib/excel/jxl.jar:/home/travis/build/icyphy/ptII/lib/
jython.jar:/home/travis/build/icyphy/ptII/lib/kieler.jar:/home/travis/build/icy
phy/ptII/vendors/opencv/share/OpenCV/java/opencv-341.jar:/home/travis/build/icy
phy/ptII/lib/oscP5.jar:/home/travis/build/icyphy/ptII/lib/nrjavaserial-3.11.0.d
evel.jar:/home/travis/build/icyphy/ptII/vendors/j3d/lib/Linux/j3dcore.jar:/home
/travis/build/icyphy/ptII/vendors/j3d/lib/Linux/j3dutils.jar:/home/travis/build
/icyphy/ptII/vendors/j3d/lib/Linux/vecmath.jar:/home/travis/build/icyphy/ptII/v
endors/jogl/lib/Linux/gluegen-rt-natives-linux-amd64.jar:/home/travis/build/icy
phy/ptII/vendors/jogl/lib/Linux/gluegen-rt.jar:/home/travis/build/icyphy/ptII/v
endors/jogl/lib/Linux/jogl-all-natives-linux-amd64.jar:/home/travis/build/icyph
y/ptII/vendors/jogl/lib/Linux/jogl-all.jar:/home/travis/build/icyphy/ptII/ptole
my/distributed/jini/jar/jini-core.jar:/home/travis/build/icyphy/ptII/ptolemy/di
stributed/jini/jar/jini-ext.jar:/home/travis/build/icyphy/ptII/ptolemy/distribu
ted/jini/jar/sun-util.jar:/home/travis/build/icyphy/ptII/lib/protobuf-java-2.4.
1.jar:/home/travis/build/icyphy/ptII/lib/org.eclipse.paho.client.mqttv3.jar:/ho
me/travis/build/icyphy/ptII/lib/mapss.jar:/home/travis/build/icyphy/ptII/ptolem
y/actor/ptalon/antlr/antlr.jar:/home/travis/build/icyphy/ptII/lib/JRI.jar:/home
/travis/build/icyphy/ptII/lib/commons-lang-2.6.jar:/home/travis/build/icyphy/pt
II/lib/commons-logging-1.1.1.jar:/home/travis/build/icyphy/ptII/lib/sootclasses
.jar:/home/travis/build/icyphy/ptII/ptolemy/actor/lib/database/mysql-connector-
java-5.1.6-bin.jar:/home/travis/build/icyphy/ptII/vendors/misc/sphinx4/sphinx4-
data-5prealpha.jar:/home/travis/build/icyphy/ptII/vendors/misc/sphinx4/sphinx4-
core-5prealpha.jar:/home/travis/build/icyphy/ptII/lib/PDFRenderer.jar:/home/tra
vis/build/icyphy/ptII/lib/svgSalamander.jar:/home/travis/build/icyphy/ptII/lib/
rsyntaxtextarea-2.6.0-SNAPSHOT.jar:/home/travis/build/icyphy/ptII/lib/hazelcast
-3.8.2.jar:/home/travis/build/icyphy/ptII/lib/jackson-annotations-2.9.0.jar:/ho
me/travis/build/icyphy/ptII/lib/jackson-core-2.9.3.jar:/home/travis/build/icyph
y/ptII/lib/jackson-databind-2.9.3.jar:/home/travis/build/icyphy/ptII/lib/netty-
buffer-4.1.19.Final.jar:/home/travis/build/icyphy/ptII/lib/netty-codec-4.1.19.F
inal.jar:/home/travis/build/icyphy/ptII/lib/netty-codec-dns-4.1.19.Final.jar:/h
ome/travis/build/icyphy/ptII/lib/netty-codec-http-4.1.19.Final.jar:/home/travis
/build/icyphy/ptII/lib/netty-codec-http2-4.1.19.Final.jar:/home/travis/build/ic
yphy/ptII/lib/netty-common-4.1.19.Final.jar:/home/travis/build/icyphy/ptII/lib/
netty-handler-4.1.19.Final.jar:/home/travis/build/icyphy/ptII/lib/netty-resolve
r-4.1.19.Final.jar:/home/travis/build/icyphy/ptII/lib/netty-resolver-dns-4.1.19
.Final.jar:/home/travis/build/icyphy/ptII/lib/netty-transport-4.1.19.Final.jar:
/home/travis/build/icyphy/ptII/lib/vertx-codegen-3.5.1.jar:/home/travis/build/i
cyphy/ptII/lib/vertx-core-3.5.2-SNAPSHOT.jar:/home/travis/build/icyphy/ptII/lib
/vertx-hazelcast-3.5.1.jar:/home/travis/build/icyphy/ptII/lib/vertx-lang-js-3.5
.1.jar:/home/travis/build/icyphy/ptII/lib/vertx-service-proxy-3.5.1.jar:/home/t
ravis/build/icyphy/ptII/lib/vertx-web-3.5.1.jar:/home/travis/build/icyphy/ptII/
lib/slf4j-api-1.7.13.jar:/home/travis/build/icyphy/ptII/lib/slf4j-simple-1.7.13
.jar:/home/travis/build/icyphy/ptII/lib/webcam-capture-0.3.12.jar:/home/travis/
build/icyphy/ptII/lib/bridj-0.7.0.jar:/home/travis/build/icyphy/ptII/lib/xbjlib
-1.1.0.nrjavaserial.jar:/home/travis/build/icyphy/ptII/ptolemy/moml/test:/home/
travis/build/icyphy/ptII/ant/lib/ant-launcher.jar:/home/travis/build/icyphy/ptI
I/ant/lib/ant.jar:/home/travis/build/icyphy/ptII/ant/lib/ant-junit.jar:/home/tr
avis/build/icyphy/ptII/ant/lib/ant-junit4.jar:/home/travis/build/icyphy/ptII
ModularCodeGen3_A1_B1_profile.java
total 1732
drwxrwxr-x   3 travis travis  12288 Jan  3 00:50 AbsoluteValue
drwxrwxr-x   3 travis travis 102400 Jan  3 00:49 AllColt
drwxrwxr-x   3 travis travis  12288 Jan  3 00:50 Case1
-rw-rw-r--   1 travis travis   5128 Jan  3 00:55 CompiledCompositeActor_CompiledCompositeActor.class
-rw-rw-r--   1 travis travis   1611 Jan  3 00:55 CompiledCompositeActor_CompiledCompositeActor$_CompiledCompositeActor_CompiledCompositeActor.class
-rw-rw-r--   1 travis travis  13466 Jan  3 00:55 CompiledCompositeActor_CompiledCompositeActor.java
-rw-rw-r--   1 travis travis   1593 Jan  3 00:55 CompiledCompositeActor_CompiledCompositeActor.mk
drwxrwxr-x   5 travis travis   4096 Jan  3 00:49 fmi
drwxrwxr-x   3 travis travis  16384 Jan  3 00:50 Gaussian2
-rw-rw-r--   1 travis travis   4684 Jan  3 00:55 JavaCompiledCompositeTest1_CompiledCompositeActor.class
-rw-rw-r--   1 travis travis  11637 Jan  3 00:55 JavaCompiledCompositeTest1_CompiledCompositeActor.java
-rw-rw-r--   1 travis travis   1217 Jan  3 00:55 JavaCompiledCompositeTest1_CompiledCompositeActor$_JavaCompiledCompositeTest1_CompiledCompositeActor.class
-rw-rw-r--   1 travis travis   1625 Jan  3 00:55 JavaCompiledCompositeTest1_CompiledCompositeActor.mk
-rw-rw-r--   1 travis travis   5115 Jan  3 00:55 JavaCompiledCompositeTest2_CompiledCompositeActor.class
-rw-rw-r--   1 travis travis  14919 Jan  3 00:55 JavaCompiledCompositeTest2_CompiledCompositeActor.java
-rw-rw-r--   1 travis travis   1812 Jan  3 00:55 JavaCompiledCompositeTest2_CompiledCompositeActor$_JavaCompiledCompositeTest2_CompiledCompositeActor.class
-rw-rw-r--   1 travis travis   1625 Jan  3 00:55 JavaCompiledCompositeTest2_CompiledCompositeActor.mk
-rw-rw-r--   1 travis travis   4732 Jan  3 00:55 JavaCompiledCompositeTest3_CompiledCompositeActor.class
-rw-rw-r--   1 travis travis  13080 Jan  3 00:55 JavaCompiledCompositeTest3_CompiledCompositeActor.java
-rw-rw-r--   1 travis travis   1397 Jan  3 00:55 JavaCompiledCompositeTest3_CompiledCompositeActor$_JavaCompiledCompositeTest3_CompiledCompositeActor.class
-rw-rw-r--   1 travis travis   1625 Jan  3 00:55 JavaCompiledCompositeTest3_CompiledCompositeActor.mk
-rw-rw-r--   1 travis travis   4183 Jan  3 00:55 JavaCompiledCompositeTest4_CompiledCompositeActor.class
-rw-rw-r--   1 travis travis   9687 Jan  3 00:55 JavaCompiledCompositeTest4_CompiledCompositeActor.java
-rw-rw-r--   1 travis travis    876 Jan  3 00:55 JavaCompiledCompositeTest4_CompiledCompositeActor$_JavaCompiledCompositeTest4_CompiledCompositeActor.class
-rw-rw-r--   1 travis travis   1625 Jan  3 00:55 JavaCompiledCompositeTest4_CompiledCompositeActor.mk
drwxrwxr-x   3 travis travis  12288 Jan  3 00:51 LookupTable
drwxrwxr-x   3 travis travis  20480 Jan  3 00:51 MaxIndex
-rw-rw-r--   1 travis travis   3925 Jan  3 00:55 ModularCG_A1_B1.class
-rw-rw-r--   1 travis travis   9730 Jan  3 00:55 ModularCG_A1_B1.java
-rw-rw-r--   1 travis travis    832 Jan  3 00:55 ModularCG_A1_B1.mk
-rw-rw-r--   1 travis travis   1318 Jan  3 00:55 ModularCG_A1_B1_profile.class
-rw-rw-r--   1 travis travis   1262 Jan  3 00:55 ModularCG_A1_B1_profile.java
-rw-rw-r--   1 travis travis   3925 Jan  3 00:55 ModularCG_A1_B2.class
-rw-rw-r--   1 travis travis   9730 Jan  3 00:55 ModularCG_A1_B2.java
-rw-rw-r--   1 travis travis    832 Jan  3 00:55 ModularCG_A1_B2.mk
-rw-rw-r--   1 travis travis   1318 Jan  3 00:55 ModularCG_A1_B2_profile.class
-rw-rw-r--   1 travis travis   1262 Jan  3 00:55 ModularCG_A1_B2_profile.java
-rw-rw-r--   1 travis travis   5031 Jan  3 00:55 ModularCG_A1.class
-rw-rw-r--   1 travis travis  14742 Jan  3 00:55 ModularCG_A1.java
-rw-rw-r--   1 travis travis    808 Jan  3 00:55 ModularCG_A1.mk
-rw-rw-r--   1 travis travis   1433 Jan  3 00:55 ModularCG_A1_profile.class
-rw-rw-r--   1 travis travis   1704 Jan  3 00:55 ModularCG_A1_profile.java
-rw-rw-r--   1 travis travis   4059 Jan  3 00:55 ModularCG_A2_B1.class
-rw-rw-r--   1 travis travis  10667 Jan  3 00:55 ModularCG_A2_B1.java
-rw-rw-r--   1 travis travis    832 Jan  3 00:55 ModularCG_A2_B1.mk
-rw-rw-r--   1 travis travis   1381 Jan  3 00:55 ModularCG_A2_B1_profile.class
-rw-rw-r--   1 travis travis   1446 Jan  3 00:55 ModularCG_A2_B1_profile.java
-rw-rw-r--   1 travis travis   3925 Jan  3 00:55 ModularCG_A2_B2.class
-rw-rw-r--   1 travis travis   9730 Jan  3 00:55 ModularCG_A2_B2.java
-rw-rw-r--   1 travis travis    832 Jan  3 00:55 ModularCG_A2_B2.mk
-rw-rw-r--   1 travis travis   1318 Jan  3 00:55 ModularCG_A2_B2_profile.class
-rw-rw-r--   1 travis travis   1262 Jan  3 00:55 ModularCG_A2_B2_profile.java
-rw-rw-r--   1 travis travis   5102 Jan  3 00:56 ModularCG_A2.class
-rw-rw-r--   1 travis travis  15129 Jan  3 00:56 ModularCG_A2.java
-rw-rw-r--   1 travis travis    808 Jan  3 00:56 ModularCG_A2.mk
-rw-rw-r--   1 travis travis   1433 Jan  3 00:56 ModularCG_A2_profile.class
-rw-rw-r--   1 travis travis   1704 Jan  3 00:55 ModularCG_A2_profile.java
-rw-rw-r--   1 travis travis   3705 Jan  3 00:56 ModularCGPubSub_A1_A2.class
-rw-rw-r--   1 travis travis   9076 Jan  3 00:56 ModularCGPubSub_A1_A2.java
-rw-rw-r--   1 travis travis    880 Jan  3 00:56 ModularCGPubSub_A1_A2.mk
-rw-rw-r--   1 travis travis   1300 Jan  3 00:56 ModularCGPubSub_A1_A2_profile.class
-rw-rw-r--   1 travis travis   1222 Jan  3 00:56 ModularCGPubSub_A1_A2_profile.java
-rw-rw-r--   1 travis travis   4022 Jan  3 00:56 ModularCGPubSub_A1.class
-rw-rw-r--   1 travis travis   9836 Jan  3 00:56 ModularCGPubSub_A1.java
-rw-rw-r--   1 travis travis    856 Jan  3 00:56 ModularCGPubSub_A1.mk
-rw-rw-r--   1 travis travis   1346 Jan  3 00:56 ModularCGPubSub_A1_profile.class
-rw-rw-r--   1 travis travis   1388 Jan  3 00:56 ModularCGPubSub_A1_profile.java
-rw-rw-r--   1 travis travis   4220 Jan  3 00:56 ModularCodeGen2_ModularCodeGenTypedCompositeActor.class
-rw-rw-r--   1 travis travis  11690 Jan  3 00:56 ModularCodeGen2_ModularCodeGenTypedCompositeActor.java
-rw-rw-r--   1 travis travis   1104 Jan  3 00:56 ModularCodeGen2_ModularCodeGenTypedCompositeActor.mk
-rw-rw-r--   1 travis travis   4504 Jan  3 00:56 ModularCodeGen2_ModularCodeGenTypedCompositeActor_ModularCodeGenTypedCompositeActor.class
-rw-rw-r--   1 travis travis  11790 Jan  3 00:56 ModularCodeGen2_ModularCodeGenTypedCompositeActor_ModularCodeGenTypedCompositeActor.java
-rw-rw-r--   1 travis travis   1376 Jan  3 00:56 ModularCodeGen2_ModularCodeGenTypedCompositeActor_ModularCodeGenTypedCompositeActor.mk
-rw-rw-r--   1 travis travis   1421 Jan  3 00:56 ModularCodeGen2_ModularCodeGenTypedCompositeActor_ModularCodeGenTypedCompositeActor_profile.class
-rw-rw-r--   1 travis travis   1294 Jan  3 00:56 ModularCodeGen2_ModularCodeGenTypedCompositeActor_ModularCodeGenTypedCompositeActor_profile.java
-rw-rw-r--   1 travis travis    820 Jan  3 00:56 ModularCodeGen2_ModularCodeGenTypedCompositeActor_profile.class
-rw-rw-r--   1 travis travis    693 Jan  3 00:56 ModularCodeGen2_ModularCodeGenTypedCompositeActor_profile.java
-rw-rw-r--   1 travis travis   1274 Jan  3 00:56 ModularCodeGen3_A1_B1_profile.java
-rw-rw-r--   1 travis travis   4186 Jan  3 00:56 ModularCodeGen_ModularCodeGenTypedCompositeActor.class
-rw-rw-r--   1 travis travis  10970 Jan  3 00:56 ModularCodeGen_ModularCodeGenTypedCompositeActor.java
-rw-rw-r--   1 travis travis   1096 Jan  3 00:56 ModularCodeGen_ModularCodeGenTypedCompositeActor.mk
-rw-rw-r--   1 travis travis   1384 Jan  3 00:56 ModularCodeGen_ModularCodeGenTypedCompositeActor_profile.class
-rw-rw-r--   1 travis travis   1328 Jan  3 00:56 ModularCodeGen_ModularCodeGenTypedCompositeActor_profile.java
-rw-rw-r--   1 travis travis   3724 Jan  3 00:55 ModularCodeGenTest_A1_A2.class
-rw-rw-r--   1 travis travis   9164 Jan  3 00:55 ModularCodeGenTest_A1_A2.java
-rw-rw-r--   1 travis travis   1306 Jan  3 00:55 ModularCodeGenTest_A1_A2_profile.class
-rw-rw-r--   1 travis travis   4055 Jan  3 00:55 ModularCodeGenTest_A1.class
-rw-rw-r--   1 travis travis   9968 Jan  3 00:55 ModularCodeGenTest_A1.java
-rw-rw-r--   1 travis travis    880 Jan  3 00:55 ModularCodeGenTest_A1.mk
-rw-rw-r--   1 travis travis   1352 Jan  3 00:55 ModularCodeGenTest_A1_profile.class
-rw-rw-r--   1 travis travis   1394 Jan  3 00:55 ModularCodeGenTest_A1_profile.java
drwxrwxr-x   3 travis travis  32768 Jan  3 00:55 modulation2
drwxrwxr-x 116 travis travis  12288 Jan  3 00:55 node_modules
drwxrwxr-x   3 travis travis  20480 Jan  3 00:51 PhaseUnwrap
drwxrwxr-x   3 travis travis  12288 Jan  3 00:51 ReadFile1
-rw-rw-r--   1 travis travis     11 Jan  3 00:51 ReadFile1Output.txt
-rw-rw-r--   1 travis travis  13773 Jan  3 00:55 Repeat.class
-rw-rw-r--   1 travis travis    685 Jan  3 00:55 Repeat$_fireFunction_Repeat_Repeat$__f_sL_11.class
-rw-rw-r--   1 travis travis    541 Jan  3 00:55 Repeat$_fireFunction_Repeat_Repeat$__f_sL_12.class
-rw-rw-r--   1 travis travis    541 Jan  3 00:55 Repeat$_fireFunction_Repeat_Repeat$__f_sL_13.class
-rw-rw-r--   1 travis travis    541 Jan  3 00:55 Repeat$_fireFunction_Repeat_Repeat$__f_sL_14.class
-rw-rw-r--   1 travis travis    684 Jan  3 00:55 Repeat$_fireFunction_Repeat_Repeat$__f_sL_1.class
-rw-rw-r--   1 travis travis    683 Jan  3 00:55 Repeat$_fireFunction_Repeat_Repeat$__f_sL_4.class
-rw-rw-r--   1 travis travis    539 Jan  3 00:55 Repeat$_fireFunction_Repeat_Repeat$__f_sL_9.class
-rw-rw-r--   1 travis travis    494 Jan  3 00:55 Repeat$_initialize_Repeat$__i_sL_2.class
-rw-rw-r--   1 travis travis   1281 Jan  3 00:55 Repeat.mk
-rw-rw-r--   1 travis travis    539 Jan  3 00:55 Repeat$_preinitializeMethod_Repeat$__p_sL_0.class
-rw-rw-r--   1 travis travis   1102 Jan  3 00:55 Repeat$_Repeat$_fireFunction_Repeat_AddSubtract_Repeat.class
-rw-rw-r--   1 travis travis    810 Jan  3 00:55 Repeat$_Repeat$_fireFunction_Repeat_AddSubtract_Repeat$__f_sL_0.class
-rw-rw-r--   1 travis travis    928 Jan  3 00:55 Repeat$_Repeat$_fireFunction_Repeat_AddSubtract_Repeat$__f_sL_1.class
-rw-rw-r--   1 travis travis    934 Jan  3 00:55 Repeat$_Repeat$_fireFunction_Repeat_AddSubtract_Repeat$__f_sL_2.class
-rw-rw-r--   1 travis travis    862 Jan  3 00:55 Repeat$_Repeat$_fireFunction_Repeat_AddSubtract_Repeat$__f_sL_3.class
-rw-rw-r--   1 travis travis    757 Jan  3 00:55 Repeat$_Repeat$_fireFunction_Repeat_Ramp2_Repeat$__f_sL_0.class
-rw-rw-r--   1 travis travis    888 Jan  3 00:55 Repeat$_Repeat$_fireFunction_Repeat_Test_Repeat$__f_sL_0.class
-rw-rw-r--   1 travis travis    634 Jan  3 00:55 Repeat$_Repeat$_fireFunction_Repeat_Test_Repeat$__f_sL_1.class
-rw-rw-r--   1 travis travis    704 Jan  3 00:55 Repeat$_Repeat_SDF_Director_run_Repeat$__R_sL_0.class
-rw-rw-r--   1 travis travis    705 Jan  3 00:55 Repeat$_Repeat_SDF_Director_run_Repeat$__R_sL_11.class
-rw-rw-r--   1 travis travis    561 Jan  3 00:55 Repeat$_Repeat_SDF_Director_run_Repeat$__R_sL_13.class
-rw-rw-r--   1 travis travis    559 Jan  3 00:55 Repeat$_Repeat_SDF_Director_run_Repeat$__R_sL_2.class
-rw-rw-r--   1 travis travis    703 Jan  3 00:55 Repeat$_Repeat_SDF_Director_run_Repeat$__R_sL_3.class
-rw-rw-r--   1 travis travis    559 Jan  3 00:55 Repeat$_Repeat_SDF_Director_run_Repeat$__R_sL_5.class
-rw-rw-r--   1 travis travis    559 Jan  3 00:55 Repeat$_Repeat_SDF_Director_run_Repeat$__R_sL_8.class
drwxrwxr-x   2 travis travis   4096 Jan  3 00:55 RepeatVariables
-rw-rw-r--   1 travis travis    882 Jan  3 00:55 Repeat$_varinit_Repeat.class
-rw-rw-r--   1 travis travis    550 Jan  3 00:55 Repeat$_varinit_Repeat$__v_sL_2.class
-rw-rw-r--   1 travis travis    924 Jan  3 00:55 Repeat$_varinit_Repeat$__v_sL_4.class
-rw-rw-r--   1 travis travis    978 Jan  3 00:55 Repeat$_wrapup_Repeat$__w_sL_1.class
drwxrwxr-x   3 travis travis  20480 Jan  3 00:52 Sinewave
drwxrwxr-x   3 travis travis  32768 Jan  3 00:53 StringFunction
drwxrwxr-x   3 travis travis  12288 Jan  3 00:53 StringLength
drwxrwxr-x   3 travis travis  61440 Jan  3 00:53 StringMatches2
drwxrwxr-x   3 travis travis  61440 Jan  3 00:54 StringSimpleReplace
drwxrwxr-x   3 travis travis  65536 Jan  3 00:54 StringSubstring
drwxrwxr-x   3 travis travis  24576 Jan  3 00:54 StringSubstring2
drwxrwxr-x   3 travis travis  16384 Jan  3 00:54 time1
drwxrwxr-x   3 travis travis  12288 Jan  3 00:55 time5
-rw-rw-r--   1 travis travis    432 Jan  3 00:56 Token.class
-rw-rw-r--   1 travis travis    251 Jan  3 00:56 Token.java
-rwxrwxr-x   1 travis travis 466992 Jan  3 00:49 top
-rw-rw-r--   1 travis travis  20502 Jan  3 00:49 top.c
-rw-rw-r--   1 travis travis   3799 Jan  3 00:55 top.class
-rw-rw-r--   1 travis travis   1257 Jan  3 00:55 top.mk
All Done
Writing ModularCodeGen3_A1_B1.java in file:/home/travis/cg/ (9958 characters)
Reading "ptolemy/cg/kernel/generic/program/procedural/java/modular/makefile.in",
    writing "/home/travis/cg/ModularCodeGen3_A1_B1.mk"
Using ptolemy/cg/kernel/generic/program/procedural/java/modular/makefile.in
In "/home/travis/cg", about to execute:
    make -f ModularCodeGen3_A1_B1.mk
javac -classpath ".:.."    ModularCodeGen3_A1_B1.java
All Done
In "/home/travis/cg", about to execute:
    pwd
In "/home/travis/cg", about to execute:
    ls -l
/home/travis/cg
total 1760
drwxrwxr-x   3 travis travis  12288 Jan  3 00:50 AbsoluteValue
drwxrwxr-x   3 travis travis 102400 Jan  3 00:49 AllColt
drwxrwxr-x   3 travis travis  12288 Jan  3 00:50 Case1
-rw-rw-r--   1 travis travis   5128 Jan  3 00:55 CompiledCompositeActor_CompiledCompositeActor.class
-rw-rw-r--   1 travis travis   1611 Jan  3 00:55 CompiledCompositeActor_CompiledCompositeActor$_CompiledCompositeActor_CompiledCompositeActor.class
-rw-rw-r--   1 travis travis  13466 Jan  3 00:55 CompiledCompositeActor_CompiledCompositeActor.java
-rw-rw-r--   1 travis travis   1593 Jan  3 00:55 CompiledCompositeActor_CompiledCompositeActor.mk
drwxrwxr-x   5 travis travis   4096 Jan  3 00:49 fmi
drwxrwxr-x   3 travis travis  16384 Jan  3 00:50 Gaussian2
-rw-rw-r--   1 travis travis   4684 Jan  3 00:55 JavaCompiledCompositeTest1_CompiledCompositeActor.class
-rw-rw-r--   1 travis travis  11637 Jan  3 00:55 JavaCompiledCompositeTest1_CompiledCompositeActor.java
-rw-rw-r--   1 travis travis   1217 Jan  3 00:55 JavaCompiledCompositeTest1_CompiledCompositeActor$_JavaCompiledCompositeTest1_CompiledCompositeActor.class
-rw-rw-r--   1 travis travis   1625 Jan  3 00:55 JavaCompiledCompositeTest1_CompiledCompositeActor.mk
-rw-rw-r--   1 travis travis   5115 Jan  3 00:55 JavaCompiledCompositeTest2_CompiledCompositeActor.class
-rw-rw-r--   1 travis travis  14919 Jan  3 00:55 JavaCompiledCompositeTest2_CompiledCompositeActor.java
-rw-rw-r--   1 travis travis   1812 Jan  3 00:55 JavaCompiledCompositeTest2_CompiledCompositeActor$_JavaCompiledCompositeTest2_CompiledCompositeActor.class
-rw-rw-r--   1 travis travis   1625 Jan  3 00:55 JavaCompiledCompositeTest2_CompiledCompositeActor.mk
-rw-rw-r--   1 travis travis   4732 Jan  3 00:55 JavaCompiledCompositeTest3_CompiledCompositeActor.class
-rw-rw-r--   1 travis travis  13080 Jan  3 00:55 JavaCompiledCompositeTest3_CompiledCompositeActor.java
-rw-rw-r--   1 travis travis   1397 Jan  3 00:55 JavaCompiledCompositeTest3_CompiledCompositeActor$_JavaCompiledCompositeTest3_CompiledCompositeActor.class
-rw-rw-r--   1 travis travis   1625 Jan  3 00:55 JavaCompiledCompositeTest3_CompiledCompositeActor.mk
-rw-rw-r--   1 travis travis   4183 Jan  3 00:55 JavaCompiledCompositeTest4_CompiledCompositeActor.class
-rw-rw-r--   1 travis travis   9687 Jan  3 00:55 JavaCompiledCompositeTest4_CompiledCompositeActor.java
-rw-rw-r--   1 travis travis    876 Jan  3 00:55 JavaCompiledCompositeTest4_CompiledCompositeActor$_JavaCompiledCompositeTest4_CompiledCompositeActor.class
-rw-rw-r--   1 travis travis   1625 Jan  3 00:55 JavaCompiledCompositeTest4_CompiledCompositeActor.mk
drwxrwxr-x   3 travis travis  12288 Jan  3 00:51 LookupTable
drwxrwxr-x   3 travis travis  20480 Jan  3 00:51 MaxIndex
-rw-rw-r--   1 travis travis   3925 Jan  3 00:55 ModularCG_A1_B1.class
-rw-rw-r--   1 travis travis   9730 Jan  3 00:55 ModularCG_A1_B1.java
-rw-rw-r--   1 travis travis    832 Jan  3 00:55 ModularCG_A1_B1.mk
-rw-rw-r--   1 travis travis   1318 Jan  3 00:55 ModularCG_A1_B1_profile.class
-rw-rw-r--   1 travis travis   1262 Jan  3 00:55 ModularCG_A1_B1_profile.java
-rw-rw-r--   1 travis travis   3925 Jan  3 00:55 ModularCG_A1_B2.class
-rw-rw-r--   1 travis travis   9730 Jan  3 00:55 ModularCG_A1_B2.java
-rw-rw-r--   1 travis travis    832 Jan  3 00:55 ModularCG_A1_B2.mk
-rw-rw-r--   1 travis travis   1318 Jan  3 00:55 ModularCG_A1_B2_profile.class
-rw-rw-r--   1 travis travis   1262 Jan  3 00:55 ModularCG_A1_B2_profile.java
-rw-rw-r--   1 travis travis   5031 Jan  3 00:55 ModularCG_A1.class
-rw-rw-r--   1 travis travis  14742 Jan  3 00:55 ModularCG_A1.java
-rw-rw-r--   1 travis travis    808 Jan  3 00:55 ModularCG_A1.mk
-rw-rw-r--   1 travis travis   1433 Jan  3 00:55 ModularCG_A1_profile.class
-rw-rw-r--   1 travis travis   1704 Jan  3 00:55 ModularCG_A1_profile.java
-rw-rw-r--   1 travis travis   4059 Jan  3 00:55 ModularCG_A2_B1.class
-rw-rw-r--   1 travis travis  10667 Jan  3 00:55 ModularCG_A2_B1.java
-rw-rw-r--   1 travis travis    832 Jan  3 00:55 ModularCG_A2_B1.mk
-rw-rw-r--   1 travis travis   1381 Jan  3 00:55 ModularCG_A2_B1_profile.class
-rw-rw-r--   1 travis travis   1446 Jan  3 00:55 ModularCG_A2_B1_profile.java
-rw-rw-r--   1 travis travis   3925 Jan  3 00:55 ModularCG_A2_B2.class
-rw-rw-r--   1 travis travis   9730 Jan  3 00:55 ModularCG_A2_B2.java
-rw-rw-r--   1 travis travis    832 Jan  3 00:55 ModularCG_A2_B2.mk
-rw-rw-r--   1 travis travis   1318 Jan  3 00:55 ModularCG_A2_B2_profile.class
-rw-rw-r--   1 travis travis   1262 Jan  3 00:55 ModularCG_A2_B2_profile.java
-rw-rw-r--   1 travis travis   5102 Jan  3 00:56 ModularCG_A2.class
-rw-rw-r--   1 travis travis  15129 Jan  3 00:56 ModularCG_A2.java
-rw-rw-r--   1 travis travis    808 Jan  3 00:56 ModularCG_A2.mk
-rw-rw-r--   1 travis travis   1433 Jan  3 00:56 ModularCG_A2_profile.class
-rw-rw-r--   1 travis travis   1704 Jan  3 00:55 ModularCG_A2_profile.java
-rw-rw-r--   1 travis travis   3705 Jan  3 00:56 ModularCGPubSub_A1_A2.class
-rw-rw-r--   1 travis travis   9076 Jan  3 00:56 ModularCGPubSub_A1_A2.java
-rw-rw-r--   1 travis travis    880 Jan  3 00:56 ModularCGPubSub_A1_A2.mk
-rw-rw-r--   1 travis travis   1300 Jan  3 00:56 ModularCGPubSub_A1_A2_profile.class
-rw-rw-r--   1 travis travis   1222 Jan  3 00:56 ModularCGPubSub_A1_A2_profile.java
-rw-rw-r--   1 travis travis   4022 Jan  3 00:56 ModularCGPubSub_A1.class
-rw-rw-r--   1 travis travis   9836 Jan  3 00:56 ModularCGPubSub_A1.java
-rw-rw-r--   1 travis travis    856 Jan  3 00:56 ModularCGPubSub_A1.mk
-rw-rw-r--   1 travis travis   1346 Jan  3 00:56 ModularCGPubSub_A1_profile.class
-rw-rw-r--   1 travis travis   1388 Jan  3 00:56 ModularCGPubSub_A1_profile.java
-rw-rw-r--   1 travis travis   4220 Jan  3 00:56 ModularCodeGen2_ModularCodeGenTypedCompositeActor.class
-rw-rw-r--   1 travis travis  11690 Jan  3 00:56 ModularCodeGen2_ModularCodeGenTypedCompositeActor.java
-rw-rw-r--   1 travis travis   1104 Jan  3 00:56 ModularCodeGen2_ModularCodeGenTypedCompositeActor.mk
-rw-rw-r--   1 travis travis   4504 Jan  3 00:56 ModularCodeGen2_ModularCodeGenTypedCompositeActor_ModularCodeGenTypedCompositeActor.class
-rw-rw-r--   1 travis travis  11790 Jan  3 00:56 ModularCodeGen2_ModularCodeGenTypedCompositeActor_ModularCodeGenTypedCompositeActor.java
-rw-rw-r--   1 travis travis   1376 Jan  3 00:56 ModularCodeGen2_ModularCodeGenTypedCompositeActor_ModularCodeGenTypedCompositeActor.mk
-rw-rw-r--   1 travis travis   1421 Jan  3 00:56 ModularCodeGen2_ModularCodeGenTypedCompositeActor_ModularCodeGenTypedCompositeActor_profile.class
-rw-rw-r--   1 travis travis   1294 Jan  3 00:56 ModularCodeGen2_ModularCodeGenTypedCompositeActor_ModularCodeGenTypedCompositeActor_profile.java
-rw-rw-r--   1 travis travis    820 Jan  3 00:56 ModularCodeGen2_ModularCodeGenTypedCompositeActor_profile.class
-rw-rw-r--   1 travis travis    693 Jan  3 00:56 ModularCodeGen2_ModularCodeGenTypedCompositeActor_profile.java
-rw-rw-r--   1 travis travis   3973 Jan  3 00:56 ModularCodeGen3_A1_B1.class
-rw-rw-r--   1 travis travis   9958 Jan  3 00:56 ModularCodeGen3_A1_B1.java
-rw-rw-r--   1 travis travis    880 Jan  3 00:56 ModularCodeGen3_A1_B1.mk
-rw-rw-r--   1 travis travis   1330 Jan  3 00:56 ModularCodeGen3_A1_B1_profile.class
-rw-rw-r--   1 travis travis   1274 Jan  3 00:56 ModularCodeGen3_A1_B1_profile.java
-rw-rw-r--   1 travis travis   1274 Jan  3 00:56 ModularCodeGen3_A1_B2_profile.java
-rw-rw-r--   1 travis travis   4186 Jan  3 00:56 ModularCodeGen_ModularCodeGenTypedCompositeActor.class
-rw-rw-r--   1 travis travis  10970 Jan  3 00:56 ModularCodeGen_ModularCodeGenTypedCompositeActor.java
-rw-rw-r--   1 travis travis   1096 Jan  3 00:56 ModularCodeGen_ModularCodeGenTypedCompositeActor.mk
-rw-rw-r--   1 travis travis   1384 Jan  3 00:56 ModularCodeGen_ModularCodeGenTypedCompositeActor_profile.class
-rw-rw-r--   1 travis travis   1328 Jan  3 00:56 ModularCodeGen_ModularCodeGenTypedCompositeActor_profile.java
-rw-rw-r--   1 travis travis   3724 Jan  3 00:55 ModularCodeGenTest_A1_A2.class
-rw-rw-r--   1 travis travis   9164 Jan  3 00:55 ModularCodeGenTest_A1_A2.java
-rw-rw-r--   1 travis travis   1306 Jan  3 00:55 ModularCodeGenTest_A1_A2_profile.class
-rw-rw-r--   1 travis travis   4055 Jan  3 00:55 ModularCodeGenTest_A1.class
-rw-rw-r--   1 travis travis   9968 Jan  3 00:55 ModularCodeGenTest_A1.java
-rw-rw-r--   1 travis travis    880 Jan  3 00:55 ModularCodeGenTest_A1.mk
-rw-rw-r--   1 travis travis   1352 Jan  3 00:55 ModularCodeGenTest_A1_profile.class
-rw-rw-r--   1 travis travis   1394 Jan  3 00:55 ModularCodeGenTest_A1_profile.java
drwxrwxr-x   3 travis travis  32768 Jan  3 00:55 modulation2
drwxrwxr-x 116 travis travis  12288 Jan  3 00:55 node_modules
drwxrwxr-x   3 travis travis  20480 Jan  3 00:51 PhaseUnwrap
drwxrwxr-x   3 travis travis  12288 Jan  3 00:51 ReadFile1
-rw-rw-r--   1 travis travis     11 Jan  3 00:51 ReadFile1Output.txt
-rw-rw-r--   1 travis travis  13773 Jan  3 00:55 Repeat.class
-rw-rw-r--   1 travis travis    685 Jan  3 00:55 Repeat$_fireFunction_Repeat_Repeat$__f_sL_11.class
-rw-rw-r--   1 travis travis    541 Jan  3 00:55 Repeat$_fireFunction_Repeat_Repeat$__f_sL_12.class
-rw-rw-r--   1 travis travis    541 Jan  3 00:55 Repeat$_fireFunction_Repeat_Repeat$__f_sL_13.class
-rw-rw-r--   1 travis travis    541 Jan  3 00:55 Repeat$_fireFunction_Repeat_Repeat$__f_sL_14.class
-rw-rw-r--   1 travis travis    684 Jan  3 00:55 Repeat$_fireFunction_Repeat_Repeat$__f_sL_1.class
-rw-rw-r--   1 travis travis    683 Jan  3 00:55 Repeat$_fireFunction_Repeat_Repeat$__f_sL_4.class
-rw-rw-r--   1 travis travis    539 Jan  3 00:55 Repeat$_fireFunction_Repeat_Repeat$__f_sL_9.class
-rw-rw-r--   1 travis travis    494 Jan  3 00:55 Repeat$_initialize_Repeat$__i_sL_2.class
-rw-rw-r--   1 travis travis   1281 Jan  3 00:55 Repeat.mk
-rw-rw-r--   1 travis travis    539 Jan  3 00:55 Repeat$_preinitializeMethod_Repeat$__p_sL_0.class
-rw-rw-r--   1 travis travis   1102 Jan  3 00:55 Repeat$_Repeat$_fireFunction_Repeat_AddSubtract_Repeat.class
-rw-rw-r--   1 travis travis    810 Jan  3 00:55 Repeat$_Repeat$_fireFunction_Repeat_AddSubtract_Repeat$__f_sL_0.class
-rw-rw-r--   1 travis travis    928 Jan  3 00:55 Repeat$_Repeat$_fireFunction_Repeat_AddSubtract_Repeat$__f_sL_1.class
-rw-rw-r--   1 travis travis    934 Jan  3 00:55 Repeat$_Repeat$_fireFunction_Repeat_AddSubtract_Repeat$__f_sL_2.class
-rw-rw-r--   1 travis travis    862 Jan  3 00:55 Repeat$_Repeat$_fireFunction_Repeat_AddSubtract_Repeat$__f_sL_3.class
In "/home/travis/cg", about to execute:
-rw-rw-r--   1 travis travis    757 Jan  3 00:55 Repeat$_Repeat$_fireFunction_Repeat_Ramp2_Repeat$__f_sL_0.class
-rw-rw-r--   1 travis travis    888 Jan  3 00:55 Repeat$_Repeat$_fireFunction_Repeat_Test_Repeat$__f_sL_0.class
-rw-rw-r--   1 travis travis    634 Jan  3 00:55 Repeat$_Repeat$_fireFunction_Repeat_Test_Repeat$__f_sL_1.class
-rw-rw-r--   1 travis travis    704 Jan  3 00:55 Repeat$_Repeat_SDF_Director_run_Repeat$__R_sL_0.class
-rw-rw-r--   1 travis travis    705 Jan  3 00:55 Repeat$_Repeat_SDF_Director_run_Repeat$__R_sL_11.class
-rw-rw-r--   1 travis travis    561 Jan  3 00:55 Repeat$_Repeat_SDF_Director_run_Repeat$__R_sL_13.class
-rw-rw-r--   1 travis travis    559 Jan  3 00:55 Repeat$_Repeat_SDF_Director_run_Repeat$__R_sL_2.class
-rw-rw-r--   1 travis travis    703 Jan  3 00:55 Repeat$_Repeat_SDF_Director_run_Repeat$__R_sL_3.class
-rw-rw-r--   1 travis travis    559 Jan  3 00:55 Repeat$_Repeat_SDF_Director_run_Repeat$__R_sL_5.class
-rw-rw-r--   1 travis travis    559 Jan  3 00:55 Repeat$_Repeat_SDF_Director_run_Repeat$__R_sL_8.class
drwxrwxr-x   2 travis travis   4096 Jan  3 00:55 RepeatVariables
    javac -classpath
.:/home/travis/build/icyphy/ptII:/home/travis/build/icyphy/ptII/lib/bsh-2.0b4.j
ar:/home/travis/build/icyphy/ptII/lib/ptCal.jar:/home/travis/build/icyphy/ptII/
lib/java_cup.jar:/home/travis/build/icyphy/ptII/lib/saxon8.jar:/home/travis/bui
ld/icyphy/ptII/lib/saxon8-dom.jar:/home/travis/build/icyphy/ptII/lib/chic.jar:/
home/travis/build/icyphy/ptII/lib/ptcolt.jar:/home/travis/build/icyphy/ptII/ven
dors/misc/itext/iText.jar:/home/travis/build/icyphy/ptII/lib/g4ltl.jar:/home/tr
avis/build/icyphy/ptII/lib/StructuralCoder.jar:/home/travis/build/icyphy/ptII/l
ib/jcerti.jar:/home/travis/build/icyphy/ptII/lib/javax.mail.jar:/home/travis/bu
ild/icyphy/ptII/vendors/JMF-2.1.1e/lib/jmf.jar:/home/travis/build/icyphy/ptII/l
ib/jna-4.0.0-variadic.jar:/home/travis/build/icyphy/ptII/vendors/misc/joystick/
Joystick.jar:/home/travis/build/icyphy/ptII/lib/ptjacl.jar:/home/travis/build/i
cyphy/ptII/lib/jsoup-1.8.2.jar:/home/travis/build/icyphy/ptII/lib/junit-4.8.2.j
ar:/home/travis/build/icyphy/ptII/lib/JUnitParams-0.4.0.jar:/home/travis/build/
icyphy/ptII/ptolemy/actor/lib/excel/jxl.jar:/home/travis/build/icyphy/ptII/lib/
jython.jar:/home/travis/build/icyphy/ptII/lib/kieler.jar:/home/travis/build/icy
phy/ptII/vendors/opencv/share/OpenCV/java/opencv-341.jar:/home/travis/build/icy
phy/ptII/lib/oscP5.jar:/home/travis/build/icyphy/ptII/lib/nrjavaserial-3.11.0.d
evel.jar:/home/travis/build/icyphy/ptII/vendors/j3d/lib/Linux/j3dcore.jar:/home
/travis/build/icyphy/ptII/vendors/j3d/lib/Linux/j3dutils.jar:/home/travis/build
/icyphy/ptII/vendors/j3d/lib/Linux/vecmath.jar:/home/travis/build/icyphy/ptII/v
endors/jogl/lib/Linux/gluegen-rt-natives-linux-amd64.jar:/home/travis/build/icy
phy/ptII/vendors/jogl/lib/Linux/gluegen-rt.jar:/home/travis/build/icyphy/ptII/v
endors/jogl/lib/Linux/jogl-all-natives-linux-amd64.jar:/home/travis/build/icyph
y/ptII/vendors/jogl/lib/Linux/jogl-all.jar:/home/travis/build/icyphy/ptII/ptole
my/distributed/jini/jar/jini-core.jar:/home/travis/build/icyphy/ptII/ptolemy/di
stributed/jini/jar/jini-ext.jar:/home/travis/build/icyphy/ptII/ptolemy/distribu
ted/jini/jar/sun-util.jar:/home/travis/build/icyphy/ptII/lib/protobuf-java-2.4.
1.jar:/home/travis/build/icyphy/ptII/lib/org.eclipse.paho.client.mqttv3.jar:/ho
me/travis/build/icyphy/ptII/lib/mapss.jar:/home/travis/build/icyphy/ptII/ptolem
y/actor/ptalon/antlr/antlr.jar:/home/travis/build/icyphy/ptII/lib/JRI.jar:/home
/travis/build/icyphy/ptII/lib/commons-lang-2.6.jar:/home/travis/build/icyphy/pt
II/lib/commons-logging-1.1.1.jar:/home/travis/build/icyphy/ptII/lib/sootclasses
.jar:/home/travis/build/icyphy/ptII/ptolemy/actor/lib/database/mysql-connector-
java-5.1.6-bin.jar:/home/travis/build/icyphy/ptII/vendors/misc/sphinx4/sphinx4-
data-5prealpha.jar:/home/travis/build/icyphy/ptII/vendors/misc/sphinx4/sphinx4-
core-5prealpha.jar:/home/travis/build/icyphy/ptII/lib/PDFRenderer.jar:/home/tra
vis/build/icyphy/ptII/lib/svgSalamander.jar:/home/travis/build/icyphy/ptII/lib/
rsyntaxtextarea-2.6.0-SNAPSHOT.jar:/home/travis/build/icyphy/ptII/lib/hazelcast
-3.8.2.jar:/home/travis/build/icyphy/ptII/lib/jackson-annotations-2.9.0.jar:/ho
me/travis/build/icyphy/ptII/lib/jackson-core-2.9.3.jar:/home/travis/build/icyph
y/ptII/lib/jackson-databind-2.9.3.jar:/home/travis/build/icyphy/ptII/lib/netty-
buffer-4.1.19.Final.jar:/home/travis/build/icyphy/ptII/lib/netty-codec-4.1.19.F
inal.jar:/home/travis/build/icyphy/ptII/lib/netty-codec-dns-4.1.19.Final.jar:/h
ome/travis/build/icyphy/ptII/lib/netty-codec-http-4.1.19.Final.jar:/home/travis
/build/icyphy/ptII/lib/netty-codec-http2-4.1.19.Final.jar:/home/travis/build/ic
yphy/ptII/lib/netty-common-4.1.19.Final.jar:/home/travis/build/icyphy/ptII/lib/
netty-handler-4.1.19.Final.jar:/home/travis/build/icyphy/ptII/lib/netty-resolve
r-4.1.19.Final.jar:/home/travis/build/icyphy/ptII/lib/netty-resolver-dns-4.1.19
.Final.jar:/home/travis/build/icyphy/ptII/lib/netty-transport-4.1.19.Final.jar:
/home/travis/build/icyphy/ptII/lib/vertx-codegen-3.5.1.jar:/home/travis/build/i
cyphy/ptII/lib/vertx-core-3.5.2-SNAPSHOT.jar:/home/travis/build/icyphy/ptII/lib
/vertx-hazelcast-3.5.1.jar:/home/travis/build/icyphy/ptII/lib/vertx-lang-js-3.5
.1.jar:/home/travis/build/icyphy/ptII/lib/vertx-service-proxy-3.5.1.jar:/home/t
ravis/build/icyphy/ptII/lib/vertx-web-3.5.1.jar:/home/travis/build/icyphy/ptII/
lib/slf4j-api-1.7.13.jar:/home/travis/build/icyphy/ptII/lib/slf4j-simple-1.7.13
.jar:/home/travis/build/icyphy/ptII/lib/webcam-capture-0.3.12.jar:/home/travis/
build/icyphy/ptII/lib/bridj-0.7.0.jar:/home/travis/build/icyphy/ptII/lib/xbjlib
-1.1.0.nrjavaserial.jar:/home/travis/build/icyphy/ptII/ptolemy/moml/test:/home/
travis/build/icyphy/ptII/ant/lib/ant-launcher.jar:/home/travis/build/icyphy/ptI
I/ant/lib/ant.jar:/home/travis/build/icyphy/ptII/ant/lib/ant-junit.jar:/home/tr
avis/build/icyphy/ptII/ant/lib/ant-junit4.jar:/home/travis/build/icyphy/ptII
ModularCodeGen3_A1_B2_profile.java
-rw-rw-r--   1 travis travis    882 Jan  3 00:55 Repeat$_varinit_Repeat.class
-rw-rw-r--   1 travis travis    550 Jan  3 00:55 Repeat$_varinit_Repeat$__v_sL_2.class
-rw-rw-r--   1 travis travis    924 Jan  3 00:55 Repeat$_varinit_Repeat$__v_sL_4.class
-rw-rw-r--   1 travis travis    978 Jan  3 00:55 Repeat$_wrapup_Repeat$__w_sL_1.class
drwxrwxr-x   3 travis travis  20480 Jan  3 00:52 Sinewave
drwxrwxr-x   3 travis travis  32768 Jan  3 00:53 StringFunction
drwxrwxr-x   3 travis travis  12288 Jan  3 00:53 StringLength
drwxrwxr-x   3 travis travis  61440 Jan  3 00:53 StringMatches2
drwxrwxr-x   3 travis travis  61440 Jan  3 00:54 StringSimpleReplace
drwxrwxr-x   3 travis travis  65536 Jan  3 00:54 StringSubstring
drwxrwxr-x   3 travis travis  24576 Jan  3 00:54 StringSubstring2
drwxrwxr-x   3 travis travis  16384 Jan  3 00:54 time1
drwxrwxr-x   3 travis travis  12288 Jan  3 00:55 time5
-rw-rw-r--   1 travis travis    432 Jan  3 00:56 Token.class
-rw-rw-r--   1 travis travis    251 Jan  3 00:56 Token.java
-rwxrwxr-x   1 travis travis 466992 Jan  3 00:49 top
-rw-rw-r--   1 travis travis  20502 Jan  3 00:49 top.c
-rw-rw-r--   1 travis travis   3799 Jan  3 00:55 top.class
-rw-rw-r--   1 travis travis   1257 Jan  3 00:55 top.mk
All Done
Writing ModularCodeGen3_A1_B2.java in file:/home/travis/cg/ (9958 characters)
Reading "ptolemy/cg/kernel/generic/program/procedural/java/modular/makefile.in",
    writing "/home/travis/cg/ModularCodeGen3_A1_B2.mk"
Using ptolemy/cg/kernel/generic/program/procedural/java/modular/makefile.in
In "/home/travis/cg", about to execute:
    make -f ModularCodeGen3_A1_B2.mk
javac -classpath ".:.."    ModularCodeGen3_A1_B2.java
All Done
In "/home/travis/cg", about to execute:
    pwd
In "/home/travis/cg", about to execute:
    ls -l
/home/travis/cg
total 1788
drwxrwxr-x   3 travis travis  12288 Jan  3 00:50 AbsoluteValue
drwxrwxr-x   3 travis travis 102400 Jan  3 00:49 AllColt
drwxrwxr-x   3 travis travis  12288 Jan  3 00:50 Case1
-rw-rw-r--   1 travis travis   5128 Jan  3 00:55 CompiledCompositeActor_CompiledCompositeActor.class
-rw-rw-r--   1 travis travis   1611 Jan  3 00:55 CompiledCompositeActor_CompiledCompositeActor$_CompiledCompositeActor_CompiledCompositeActor.class
-rw-rw-r--   1 travis travis  13466 Jan  3 00:55 CompiledCompositeActor_CompiledCompositeActor.java
-rw-rw-r--   1 travis travis   1593 Jan  3 00:55 CompiledCompositeActor_CompiledCompositeActor.mk
drwxrwxr-x   5 travis travis   4096 Jan  3 00:49 fmi
drwxrwxr-x   3 travis travis  16384 Jan  3 00:50 Gaussian2
-rw-rw-r--   1 travis travis   4684 Jan  3 00:55 JavaCompiledCompositeTest1_CompiledCompositeActor.class
-rw-rw-r--   1 travis travis  11637 Jan  3 00:55 JavaCompiledCompositeTest1_CompiledCompositeActor.java
-rw-rw-r--   1 travis travis   1217 Jan  3 00:55 JavaCompiledCompositeTest1_CompiledCompositeActor$_JavaCompiledCompositeTest1_CompiledCompositeActor.class
-rw-rw-r--   1 travis travis   1625 Jan  3 00:55 JavaCompiledCompositeTest1_CompiledCompositeActor.mk
-rw-rw-r--   1 travis travis   5115 Jan  3 00:55 JavaCompiledCompositeTest2_CompiledCompositeActor.class
-rw-rw-r--   1 travis travis  14919 Jan  3 00:55 JavaCompiledCompositeTest2_CompiledCompositeActor.java
-rw-rw-r--   1 travis travis   1812 Jan  3 00:55 JavaCompiledCompositeTest2_CompiledCompositeActor$_JavaCompiledCompositeTest2_CompiledCompositeActor.class
-rw-rw-r--   1 travis travis   1625 Jan  3 00:55 JavaCompiledCompositeTest2_CompiledCompositeActor.mk
-rw-rw-r--   1 travis travis   4732 Jan  3 00:55 JavaCompiledCompositeTest3_CompiledCompositeActor.class
-rw-rw-r--   1 travis travis  13080 Jan  3 00:55 JavaCompiledCompositeTest3_CompiledCompositeActor.java
-rw-rw-r--   1 travis travis   1397 Jan  3 00:55 JavaCompiledCompositeTest3_CompiledCompositeActor$_JavaCompiledCompositeTest3_CompiledCompositeActor.class
-rw-rw-r--   1 travis travis   1625 Jan  3 00:55 JavaCompiledCompositeTest3_CompiledCompositeActor.mk
-rw-rw-r--   1 travis travis   4183 Jan  3 00:55 JavaCompiledCompositeTest4_CompiledCompositeActor.class
-rw-rw-r--   1 travis travis   9687 Jan  3 00:55 JavaCompiledCompositeTest4_CompiledCompositeActor.java
-rw-rw-r--   1 travis travis    876 Jan  3 00:55 JavaCompiledCompositeTest4_CompiledCompositeActor$_JavaCompiledCompositeTest4_CompiledCompositeActor.class
-rw-rw-r--   1 travis travis   1625 Jan  3 00:55 JavaCompiledCompositeTest4_CompiledCompositeActor.mk
drwxrwxr-x   3 travis travis  12288 Jan  3 00:51 LookupTable
drwxrwxr-x   3 travis travis  20480 Jan  3 00:51 MaxIndex
-rw-rw-r--   1 travis travis   3925 Jan  3 00:55 ModularCG_A1_B1.class
-rw-rw-r--   1 travis travis   9730 Jan  3 00:55 ModularCG_A1_B1.java
-rw-rw-r--   1 travis travis    832 Jan  3 00:55 ModularCG_A1_B1.mk
-rw-rw-r--   1 travis travis   1318 Jan  3 00:55 ModularCG_A1_B1_profile.class
-rw-rw-r--   1 travis travis   1262 Jan  3 00:55 ModularCG_A1_B1_profile.java
-rw-rw-r--   1 travis travis   3925 Jan  3 00:55 ModularCG_A1_B2.class
-rw-rw-r--   1 travis travis   9730 Jan  3 00:55 ModularCG_A1_B2.java
-rw-rw-r--   1 travis travis    832 Jan  3 00:55 ModularCG_A1_B2.mk
-rw-rw-r--   1 travis travis   1318 Jan  3 00:55 ModularCG_A1_B2_profile.class
-rw-rw-r--   1 travis travis   1262 Jan  3 00:55 ModularCG_A1_B2_profile.java
-rw-rw-r--   1 travis travis   5031 Jan  3 00:55 ModularCG_A1.class
-rw-rw-r--   1 travis travis  14742 Jan  3 00:55 ModularCG_A1.java
-rw-rw-r--   1 travis travis    808 Jan  3 00:55 ModularCG_A1.mk
-rw-rw-r--   1 travis travis   1433 Jan  3 00:55 ModularCG_A1_profile.class
-rw-rw-r--   1 travis travis   1704 Jan  3 00:55 ModularCG_A1_profile.java
-rw-rw-r--   1 travis travis   4059 Jan  3 00:55 ModularCG_A2_B1.class
-rw-rw-r--   1 travis travis  10667 Jan  3 00:55 ModularCG_A2_B1.java
-rw-rw-r--   1 travis travis    832 Jan  3 00:55 ModularCG_A2_B1.mk
-rw-rw-r--   1 travis travis   1381 Jan  3 00:55 ModularCG_A2_B1_profile.class
-rw-rw-r--   1 travis travis   1446 Jan  3 00:55 ModularCG_A2_B1_profile.java
-rw-rw-r--   1 travis travis   3925 Jan  3 00:55 ModularCG_A2_B2.class
-rw-rw-r--   1 travis travis   9730 Jan  3 00:55 ModularCG_A2_B2.java
-rw-rw-r--   1 travis travis    832 Jan  3 00:55 ModularCG_A2_B2.mk
-rw-rw-r--   1 travis travis   1318 Jan  3 00:55 ModularCG_A2_B2_profile.class
-rw-rw-r--   1 travis travis   1262 Jan  3 00:55 ModularCG_A2_B2_profile.java
-rw-rw-r--   1 travis travis   5102 Jan  3 00:56 ModularCG_A2.class
-rw-rw-r--   1 travis travis  15129 Jan  3 00:56 ModularCG_A2.java
-rw-rw-r--   1 travis travis    808 Jan  3 00:56 ModularCG_A2.mk
-rw-rw-r--   1 travis travis   1433 Jan  3 00:56 ModularCG_A2_profile.class
-rw-rw-r--   1 travis travis   1704 Jan  3 00:55 ModularCG_A2_profile.java
-rw-rw-r--   1 travis travis   3705 Jan  3 00:56 ModularCGPubSub_A1_A2.class
-rw-rw-r--   1 travis travis   9076 Jan  3 00:56 ModularCGPubSub_A1_A2.java
-rw-rw-r--   1 travis travis    880 Jan  3 00:56 ModularCGPubSub_A1_A2.mk
-rw-rw-r--   1 travis travis   1300 Jan  3 00:56 ModularCGPubSub_A1_A2_profile.class
-rw-rw-r--   1 travis travis   1222 Jan  3 00:56 ModularCGPubSub_A1_A2_profile.java
-rw-rw-r--   1 travis travis   4022 Jan  3 00:56 ModularCGPubSub_A1.class
-rw-rw-r--   1 travis travis   9836 Jan  3 00:56 ModularCGPubSub_A1.java
-rw-rw-r--   1 travis travis    856 Jan  3 00:56 ModularCGPubSub_A1.mk
-rw-rw-r--   1 travis travis   1346 Jan  3 00:56 ModularCGPubSub_A1_profile.class
-rw-rw-r--   1 travis travis   1388 Jan  3 00:56 ModularCGPubSub_A1_profile.java
-rw-rw-r--   1 travis travis   4220 Jan  3 00:56 ModularCodeGen2_ModularCodeGenTypedCompositeActor.class
-rw-rw-r--   1 travis travis  11690 Jan  3 00:56 ModularCodeGen2_ModularCodeGenTypedCompositeActor.java
-rw-rw-r--   1 travis travis   1104 Jan  3 00:56 ModularCodeGen2_ModularCodeGenTypedCompositeActor.mk
-rw-rw-r--   1 travis travis   4504 Jan  3 00:56 ModularCodeGen2_ModularCodeGenTypedCompositeActor_ModularCodeGenTypedCompositeActor.class
-rw-rw-r--   1 travis travis  11790 Jan  3 00:56 ModularCodeGen2_ModularCodeGenTypedCompositeActor_ModularCodeGenTypedCompositeActor.java
-rw-rw-r--   1 travis travis   1376 Jan  3 00:56 ModularCodeGen2_ModularCodeGenTypedCompositeActor_ModularCodeGenTypedCompositeActor.mk
-rw-rw-r--   1 travis travis   1421 Jan  3 00:56 ModularCodeGen2_ModularCodeGenTypedCompositeActor_ModularCodeGenTypedCompositeActor_profile.class
-rw-rw-r--   1 travis travis   1294 Jan  3 00:56 ModularCodeGen2_ModularCodeGenTypedCompositeActor_ModularCodeGenTypedCompositeActor_profile.java
-rw-rw-r--   1 travis travis    820 Jan  3 00:56 ModularCodeGen2_ModularCodeGenTypedCompositeActor_profile.class
-rw-rw-r--   1 travis travis    693 Jan  3 00:56 ModularCodeGen2_ModularCodeGenTypedCompositeActor_profile.java
-rw-rw-r--   1 travis travis   3973 Jan  3 00:56 ModularCodeGen3_A1_B1.class
-rw-rw-r--   1 travis travis   9958 Jan  3 00:56 ModularCodeGen3_A1_B1.java
-rw-rw-r--   1 travis travis    880 Jan  3 00:56 ModularCodeGen3_A1_B1.mk
-rw-rw-r--   1 travis travis   1330 Jan  3 00:56 ModularCodeGen3_A1_B1_profile.class
-rw-rw-r--   1 travis travis   1274 Jan  3 00:56 ModularCodeGen3_A1_B1_profile.java
-rw-rw-r--   1 travis travis   3973 Jan  3 00:56 ModularCodeGen3_A1_B2.class
-rw-rw-r--   1 travis travis   9958 Jan  3 00:56 ModularCodeGen3_A1_B2.java
-rw-rw-r--   1 travis travis    880 Jan  3 00:56 ModularCodeGen3_A1_B2.mk
-rw-rw-r--   1 travis travis   1330 Jan  3 00:56 ModularCodeGen3_A1_B2_profile.class
-rw-rw-r--   1 travis travis   1274 Jan  3 00:56 ModularCodeGen3_A1_B2_profile.java
-rw-rw-r--   1 travis travis   1716 Jan  3 00:56 ModularCodeGen3_A1_profile.java
-rw-rw-r--   1 travis travis   4186 Jan  3 00:56 ModularCodeGen_ModularCodeGenTypedCompositeActor.class
-rw-rw-r--   1 travis travis  10970 Jan  3 00:56 ModularCodeGen_ModularCodeGenTypedCompositeActor.java
-rw-rw-r--   1 travis travis   1096 Jan  3 00:56 ModularCodeGen_ModularCodeGenTypedCompositeActor.mk
-rw-rw-r--   1 travis travis   1384 Jan  3 00:56 ModularCodeGen_ModularCodeGenTypedCompositeActor_profile.class
-rw-rw-r--   1 travis travis   1328 Jan  3 00:56 ModularCodeGen_ModularCodeGenTypedCompositeActor_profile.java
-rw-rw-r--   1 travis travis   3724 Jan  3 00:55 ModularCodeGenTest_A1_A2.class
-rw-rw-r--   1 travis travis   9164 Jan  3 00:55 ModularCodeGenTest_A1_A2.java
-rw-rw-r--   1 travis travis   1306 Jan  3 00:55 ModularCodeGenTest_A1_A2_profile.class
-rw-rw-r--   1 travis travis   4055 Jan  3 00:55 ModularCodeGenTest_A1.class
-rw-rw-r--   1 travis travis   9968 Jan  3 00:55 ModularCodeGenTest_A1.java
-rw-rw-r--   1 travis travis    880 Jan  3 00:55 ModularCodeGenTest_A1.mk
-rw-rw-r--   1 travis travis   1352 Jan  3 00:55 ModularCodeGenTest_A1_profile.class
-rw-rw-r--   1 travis travis   1394 Jan  3 00:55 ModularCodeGenTest_A1_profile.java
drwxrwxr-x   3 travis travis  32768 Jan  3 00:55 modulation2
drwxrwxr-x 116 travis travis  12288 Jan  3 00:55 node_modules
drwxrwxr-x   3 travis travis  20480 Jan  3 00:51 PhaseUnwrap
drwxrwxr-x   3 travis travis  12288 Jan  3 00:51 ReadFile1
-rw-rw-r--   1 travis travis     11 Jan  3 00:51 ReadFile1Output.txt
-rw-rw-r--   1 travis travis  13773 Jan  3 00:55 Repeat.class
-rw-rw-r--   1 travis travis    685 Jan  3 00:55 Repeat$_fireFunction_Repeat_Repeat$__f_sL_11.class
-rw-rw-r--   1 travis travis    541 Jan  3 00:55 Repeat$_fireFunction_Repeat_Repeat$__f_sL_12.class
-rw-rw-r--   1 travis travis    541 Jan  3 00:55 Repeat$_fireFunction_Repeat_Repeat$__f_sL_13.class
-rw-rw-r--   1 travis travis    541 Jan  3 00:55 Repeat$_fireFunction_Repeat_Repeat$__f_sL_14.class
-rw-rw-r--   1 travis travis    684 Jan  3 00:55 Repeat$_fireFunction_Repeat_Repeat$__f_sL_1.class
-rw-rw-r--   1 travis travis    683 Jan  3 00:55 Repeat$_fireFunction_Repeat_Repeat$__f_sL_4.class
-rw-rw-r--   1 travis travis    539 Jan  3 00:55 Repeat$_fireFunction_Repeat_Repeat$__f_sL_9.class
-rw-rw-r--   1 travis travis    494 Jan  3 00:55 Repeat$_initialize_Repeat$__i_sL_2.class
-rw-rw-r--   1 travis travis   1281 Jan  3 00:55 Repeat.mk
-rw-rw-r--   1 travis travis    539 Jan  3 00:55 Repeat$_preinitializeMethod_Repeat$__p_sL_0.class
-rw-rw-r--   1 travis travis   1102 Jan  3 00:55 Repeat$_Repeat$_fireFunction_Repeat_AddSubtract_Repeat.class
-rw-rw-r--   1 travis travis    810 Jan  3 00:55 Repeat$_Repeat$_fireFunction_Repeat_AddSubtract_Repeat$__f_sL_0.class
-rw-rw-r--   1 travis travis    928 Jan  3 00:55 Repeat$_Repeat$_fireFunction_Repeat_AddSubtract_Repeat$__f_sL_1.class
-rw-rw-r--   1 travis travis    934 Jan  3 00:55 Repeat$_Repeat$_fireFunction_Repeat_AddSubtract_Repeat$__f_sL_2.class
-rw-rw-r--   1 travis travis    862 Jan  3 00:55 Repeat$_Repeat$_fireFunction_Repeat_AddSubtract_Repeat$__f_sL_3.class
-rw-rw-r--   1 travis travis    757 Jan  3 00:55 Repeat$_Repeat$_fireFunction_Repeat_Ramp2_Repeat$__f_sL_0.class
-rw-rw-r--   1 travis travis    888 Jan  3 00:55 Repeat$_Repeat$_fireFunction_Repeat_Test_Repeat$__f_sL_0.class
-rw-rw-r--   1 travis travis    634 Jan  3 00:55 Repeat$_Repeat$_fireFunction_Repeat_Test_Repeat$__f_sL_1.class
-rw-rw-r--   1 travis travis    704 Jan  3 00:55 Repeat$_Repeat_SDF_Director_run_Repeat$__R_sL_0.class
-rw-rw-r--   1 travis travis    705 Jan  3 00:55 Repeat$_Repeat_SDF_Director_run_Repeat$__R_sL_11.class
-rw-rw-r--   1 travis travis    561 Jan  3 00:55 Repeat$_Repeat_SDF_Director_run_Repeat$__R_sL_13.class
-rw-rw-r--   1 travis travis    559 Jan  3 00:55 Repeat$_Repeat_SDF_Director_run_Repeat$__R_sL_2.class
-rw-rw-r--   1 travis travis    703 Jan  3 00:55 Repeat$_Repeat_SDF_Director_run_Repeat$__R_sL_3.class
-rw-rw-r--   1 travis travis    559 Jan  3 00:55 Repeat$_Repeat_SDF_Director_run_Repeat$__R_sL_5.class
-rw-rw-r--   1 travis travis    559 Jan  3 00:55 Repeat$_Repeat_SDF_Director_run_Repeat$__R_sL_8.class
drwxrwxr-x   2 travis travis   4096 Jan  3 00:55 RepeatVariables
-rw-rw-r--   1 travis travis    882 Jan  3 00:55 Repeat$_varinit_Repeat.class
-rw-rw-r--   1 travis travis    550 Jan  3 00:55 Repeat$_varinit_Repeat$__v_sL_2.class
-rw-rw-r--   1 travis travis    924 Jan  3 00:55 Repeat$_varinit_Repeat$__v_sL_4.class
-rw-rw-r--   1 travis travis    978 Jan  3 00:55 Repeat$_wrapup_Repeat$__w_sL_1.class
drwxrwxr-x   3 travis travis  20480 Jan  3 00:52 Sinewave
drwxrwxr-x   3 travis travis  32768 Jan  3 00:53 StringFunction
drwxrwxr-x   3 travis travis  12288 Jan  3 00:53 StringLength
drwxrwxr-x   3 travis travis  61440 Jan  3 00:53 StringMatches2
drwxrwxr-x   3 travis travis  61440 Jan  3 00:54 StringSimpleReplace
drwxrwxr-x   3 travis travis  65536 Jan  3 00:54 StringSubstring
drwxrwxr-x   3 travis travis  24576 Jan  3 00:54 StringSubstring2
drwxrwxr-x   3 travis travis  16384 Jan  3 00:54 time1
drwxrwxr-x   3 travis travis  12288 Jan  3 00:55 time5
-rw-rw-r--   1 travis travis    432 Jan  3 00:56 Token.class
-rw-rw-r--   1 travis travis    251 Jan  3 00:56 Token.java
-rwxrwxr-x   1 travis travis 466992 Jan  3 00:49 top
-rw-rw-r--   1 travis travis  20502 Jan  3 00:49 top.c
-rw-rw-r--   1 travis travis   3799 Jan  3 00:55 top.class
-rw-rw-r--   1 travis travis   1257 Jan  3 00:55 top.mk
In "/home/travis/cg", about to execute:
    javac -classpath
.:/home/travis/build/icyphy/ptII:/home/travis/build/icyphy/ptII/lib/bsh-2.0b4.j
ar:/home/travis/build/icyphy/ptII/lib/ptCal.jar:/home/travis/build/icyphy/ptII/
lib/java_cup.jar:/home/travis/build/icyphy/ptII/lib/saxon8.jar:/home/travis/bui
ld/icyphy/ptII/lib/saxon8-dom.jar:/home/travis/build/icyphy/ptII/lib/chic.jar:/
home/travis/build/icyphy/ptII/lib/ptcolt.jar:/home/travis/build/icyphy/ptII/ven
dors/misc/itext/iText.jar:/home/travis/build/icyphy/ptII/lib/g4ltl.jar:/home/tr
avis/build/icyphy/ptII/lib/StructuralCoder.jar:/home/travis/build/icyphy/ptII/l
ib/jcerti.jar:/home/travis/build/icyphy/ptII/lib/javax.mail.jar:/home/travis/bu
ild/icyphy/ptII/vendors/JMF-2.1.1e/lib/jmf.jar:/home/travis/build/icyphy/ptII/l
ib/jna-4.0.0-variadic.jar:/home/travis/build/icyphy/ptII/vendors/misc/joystick/
Joystick.jar:/home/travis/build/icyphy/ptII/lib/ptjacl.jar:/home/travis/build/i
cyphy/ptII/lib/jsoup-1.8.2.jar:/home/travis/build/icyphy/ptII/lib/junit-4.8.2.j
ar:/home/travis/build/icyphy/ptII/lib/JUnitParams-0.4.0.jar:/home/travis/build/
icyphy/ptII/ptolemy/actor/lib/excel/jxl.jar:/home/travis/build/icyphy/ptII/lib/
jython.jar:/home/travis/build/icyphy/ptII/lib/kieler.jar:/home/travis/build/icy
phy/ptII/vendors/opencv/share/OpenCV/java/opencv-341.jar:/home/travis/build/icy
phy/ptII/lib/oscP5.jar:/home/travis/build/icyphy/ptII/lib/nrjavaserial-3.11.0.d
evel.jar:/home/travis/build/icyphy/ptII/vendors/j3d/lib/Linux/j3dcore.jar:/home
/travis/build/icyphy/ptII/vendors/j3d/lib/Linux/j3dutils.jar:/home/travis/build
/icyphy/ptII/vendors/j3d/lib/Linux/vecmath.jar:/home/travis/build/icyphy/ptII/v
endors/jogl/lib/Linux/gluegen-rt-natives-linux-amd64.jar:/home/travis/build/icy
phy/ptII/vendors/jogl/lib/Linux/gluegen-rt.jar:/home/travis/build/icyphy/ptII/v
endors/jogl/lib/Linux/jogl-all-natives-linux-amd64.jar:/home/travis/build/icyph
y/ptII/vendors/jogl/lib/Linux/jogl-all.jar:/home/travis/build/icyphy/ptII/ptole
my/distributed/jini/jar/jini-core.jar:/home/travis/build/icyphy/ptII/ptolemy/di
stributed/jini/jar/jini-ext.jar:/home/travis/build/icyphy/ptII/ptolemy/distribu
ted/jini/jar/sun-util.jar:/home/travis/build/icyphy/ptII/lib/protobuf-java-2.4.
1.jar:/home/travis/build/icyphy/ptII/lib/org.eclipse.paho.client.mqttv3.jar:/ho
me/travis/build/icyphy/ptII/lib/mapss.jar:/home/travis/build/icyphy/ptII/ptolem
y/actor/ptalon/antlr/antlr.jar:/home/travis/build/icyphy/ptII/lib/JRI.jar:/home
/travis/build/icyphy/ptII/lib/commons-lang-2.6.jar:/home/travis/build/icyphy/pt
II/lib/commons-logging-1.1.1.jar:/home/travis/build/icyphy/ptII/lib/sootclasses
.jar:/home/travis/build/icyphy/ptII/ptolemy/actor/lib/database/mysql-connector-
java-5.1.6-bin.jar:/home/travis/build/icyphy/ptII/vendors/misc/sphinx4/sphinx4-
data-5prealpha.jar:/home/travis/build/icyphy/ptII/vendors/misc/sphinx4/sphinx4-
core-5prealpha.jar:/home/travis/build/icyphy/ptII/lib/PDFRenderer.jar:/home/tra
vis/build/icyphy/ptII/lib/svgSalamander.jar:/home/travis/build/icyphy/ptII/lib/
rsyntaxtextarea-2.6.0-SNAPSHOT.jar:/home/travis/build/icyphy/ptII/lib/hazelcast
-3.8.2.jar:/home/travis/build/icyphy/ptII/lib/jackson-annotations-2.9.0.jar:/ho
me/travis/build/icyphy/ptII/lib/jackson-core-2.9.3.jar:/home/travis/build/icyph
y/ptII/lib/jackson-databind-2.9.3.jar:/home/travis/build/icyphy/ptII/lib/netty-
buffer-4.1.19.Final.jar:/home/travis/build/icyphy/ptII/lib/netty-codec-4.1.19.F
inal.jar:/home/travis/build/icyphy/ptII/lib/netty-codec-dns-4.1.19.Final.jar:/h
ome/travis/build/icyphy/ptII/lib/netty-codec-http-4.1.19.Final.jar:/home/travis
/build/icyphy/ptII/lib/netty-codec-http2-4.1.19.Final.jar:/home/travis/build/ic
yphy/ptII/lib/netty-common-4.1.19.Final.jar:/home/travis/build/icyphy/ptII/lib/
netty-handler-4.1.19.Final.jar:/home/travis/build/icyphy/ptII/lib/netty-resolve
r-4.1.19.Final.jar:/home/travis/build/icyphy/ptII/lib/netty-resolver-dns-4.1.19
.Final.jar:/home/travis/build/icyphy/ptII/lib/netty-transport-4.1.19.Final.jar:
/home/travis/build/icyphy/ptII/lib/vertx-codegen-3.5.1.jar:/home/travis/build/i
cyphy/ptII/lib/vertx-core-3.5.2-SNAPSHOT.jar:/home/travis/build/icyphy/ptII/lib
/vertx-hazelcast-3.5.1.jar:/home/travis/build/icyphy/ptII/lib/vertx-lang-js-3.5
.1.jar:/home/travis/build/icyphy/ptII/lib/vertx-service-proxy-3.5.1.jar:/home/t
ravis/build/icyphy/ptII/lib/vertx-web-3.5.1.jar:/home/travis/build/icyphy/ptII/
lib/slf4j-api-1.7.13.jar:/home/travis/build/icyphy/ptII/lib/slf4j-simple-1.7.13
.jar:/home/travis/build/icyphy/ptII/lib/webcam-capture-0.3.12.jar:/home/travis/
build/icyphy/ptII/lib/bridj-0.7.0.jar:/home/travis/build/icyphy/ptII/lib/xbjlib
-1.1.0.nrjavaserial.jar:/home/travis/build/icyphy/ptII/ptolemy/moml/test:/home/
travis/build/icyphy/ptII/ant/lib/ant-launcher.jar:/home/travis/build/icyphy/ptI
I/ant/lib/ant.jar:/home/travis/build/icyphy/ptII/ant/lib/ant-junit.jar:/home/tr
avis/build/icyphy/ptII/ant/lib/ant-junit4.jar:/home/travis/build/icyphy/ptII
ModularCodeGen3_A1_profile.java
All Done
Writing ModularCodeGen3_A1.java in file:/home/travis/cg/ (15564 characters)
Reading "ptolemy/cg/kernel/generic/program/procedural/java/modular/makefile.in",
    writing "/home/travis/cg/ModularCodeGen3_A1.mk"
Using ptolemy/cg/kernel/generic/program/procedural/java/modular/makefile.in
In "/home/travis/cg", about to execute:
    make -f ModularCodeGen3_A1.mk
javac -classpath ".:.."    ModularCodeGen3_A1.java
All Done
In "/home/travis/cg", about to execute:
    pwd
In "/home/travis/cg", about to execute:
    ls -l
/home/travis/cg
In "/home/travis/cg", about to execute:
total 1824
drwxrwxr-x   3 travis travis  12288 Jan  3 00:50 AbsoluteValue
drwxrwxr-x   3 travis travis 102400 Jan  3 00:49 AllColt
drwxrwxr-x   3 travis travis  12288 Jan  3 00:50 Case1
-rw-rw-r--   1 travis travis   5128 Jan  3 00:55 CompiledCompositeActor_CompiledCompositeActor.class
-rw-rw-r--   1 travis travis   1611 Jan  3 00:55 CompiledCompositeActor_CompiledCompositeActor$_CompiledCompositeActor_CompiledCompositeActor.class
-rw-rw-r--   1 travis travis  13466 Jan  3 00:55 CompiledCompositeActor_CompiledCompositeActor.java
-rw-rw-r--   1 travis travis   1593 Jan  3 00:55 CompiledCompositeActor_CompiledCompositeActor.mk
drwxrwxr-x   5 travis travis   4096 Jan  3 00:49 fmi
drwxrwxr-x   3 travis travis  16384 Jan  3 00:50 Gaussian2
-rw-rw-r--   1 travis travis   4684 Jan  3 00:55 JavaCompiledCompositeTest1_CompiledCompositeActor.class
-rw-rw-r--   1 travis travis  11637 Jan  3 00:55 JavaCompiledCompositeTest1_CompiledCompositeActor.java
-rw-rw-r--   1 travis travis   1217 Jan  3 00:55 JavaCompiledCompositeTest1_CompiledCompositeActor$_JavaCompiledCompositeTest1_CompiledCompositeActor.class
-rw-rw-r--   1 travis travis   1625 Jan  3 00:55 JavaCompiledCompositeTest1_CompiledCompositeActor.mk
-rw-rw-r--   1 travis travis   5115 Jan  3 00:55 JavaCompiledCompositeTest2_CompiledCompositeActor.class
-rw-rw-r--   1 travis travis  14919 Jan  3 00:55 JavaCompiledCompositeTest2_CompiledCompositeActor.java
-rw-rw-r--   1 travis travis   1812 Jan  3 00:55 JavaCompiledCompositeTest2_CompiledCompositeActor$_JavaCompiledCompositeTest2_CompiledCompositeActor.class
-rw-rw-r--   1 travis travis   1625 Jan  3 00:55 JavaCompiledCompositeTest2_CompiledCompositeActor.mk
-rw-rw-r--   1 travis travis   4732 Jan  3 00:55 JavaCompiledCompositeTest3_CompiledCompositeActor.class
-rw-rw-r--   1 travis travis  13080 Jan  3 00:55 JavaCompiledCompositeTest3_CompiledCompositeActor.java
-rw-rw-r--   1 travis travis   1397 Jan  3 00:55 JavaCompiledCompositeTest3_CompiledCompositeActor$_JavaCompiledCompositeTest3_CompiledCompositeActor.class
-rw-rw-r--   1 travis travis   1625 Jan  3 00:55 JavaCompiledCompositeTest3_CompiledCompositeActor.mk
-rw-rw-r--   1 travis travis   4183 Jan  3 00:55 JavaCompiledCompositeTest4_CompiledCompositeActor.class
-rw-rw-r--   1 travis travis   9687 Jan  3 00:55 JavaCompiledCompositeTest4_CompiledCompositeActor.java
-rw-rw-r--   1 travis travis    876 Jan  3 00:55 JavaCompiledCompositeTest4_CompiledCompositeActor$_JavaCompiledCompositeTest4_CompiledCompositeActor.class
-rw-rw-r--   1 travis travis   1625 Jan  3 00:55 JavaCompiledCompositeTest4_CompiledCompositeActor.mk
drwxrwxr-x   3 travis travis  12288 Jan  3 00:51 LookupTable
drwxrwxr-x   3 travis travis  20480 Jan  3 00:51 MaxIndex
-rw-rw-r--   1 travis travis   3925 Jan  3 00:55 ModularCG_A1_B1.class
-rw-rw-r--   1 travis travis   9730 Jan  3 00:55 ModularCG_A1_B1.java
-rw-rw-r--   1 travis travis    832 Jan  3 00:55 ModularCG_A1_B1.mk
-rw-rw-r--   1 travis travis   1318 Jan  3 00:55 ModularCG_A1_B1_profile.class
-rw-rw-r--   1 travis travis   1262 Jan  3 00:55 ModularCG_A1_B1_profile.java
-rw-rw-r--   1 travis travis   3925 Jan  3 00:55 ModularCG_A1_B2.class
-rw-rw-r--   1 travis travis   9730 Jan  3 00:55 ModularCG_A1_B2.java
-rw-rw-r--   1 travis travis    832 Jan  3 00:55 ModularCG_A1_B2.mk
-rw-rw-r--   1 travis travis   1318 Jan  3 00:55 ModularCG_A1_B2_profile.class
-rw-rw-r--   1 travis travis   1262 Jan  3 00:55 ModularCG_A1_B2_profile.java
-rw-rw-r--   1 travis travis   5031 Jan  3 00:55 ModularCG_A1.class
-rw-rw-r--   1 travis travis  14742 Jan  3 00:55 ModularCG_A1.java
-rw-rw-r--   1 travis travis    808 Jan  3 00:55 ModularCG_A1.mk
-rw-rw-r--   1 travis travis   1433 Jan  3 00:55 ModularCG_A1_profile.class
-rw-rw-r--   1 travis travis   1704 Jan  3 00:55 ModularCG_A1_profile.java
-rw-rw-r--   1 travis travis   4059 Jan  3 00:55 ModularCG_A2_B1.class
-rw-rw-r--   1 travis travis  10667 Jan  3 00:55 ModularCG_A2_B1.java
-rw-rw-r--   1 travis travis    832 Jan  3 00:55 ModularCG_A2_B1.mk
-rw-rw-r--   1 travis travis   1381 Jan  3 00:55 ModularCG_A2_B1_profile.class
-rw-rw-r--   1 travis travis   1446 Jan  3 00:55 ModularCG_A2_B1_profile.java
-rw-rw-r--   1 travis travis   3925 Jan  3 00:55 ModularCG_A2_B2.class
-rw-rw-r--   1 travis travis   9730 Jan  3 00:55 ModularCG_A2_B2.java
-rw-rw-r--   1 travis travis    832 Jan  3 00:55 ModularCG_A2_B2.mk
-rw-rw-r--   1 travis travis   1318 Jan  3 00:55 ModularCG_A2_B2_profile.class
-rw-rw-r--   1 travis travis   1262 Jan  3 00:55 ModularCG_A2_B2_profile.java
-rw-rw-r--   1 travis travis   5102 Jan  3 00:56 ModularCG_A2.class
-rw-rw-r--   1 travis travis  15129 Jan  3 00:56 ModularCG_A2.java
-rw-rw-r--   1 travis travis    808 Jan  3 00:56 ModularCG_A2.mk
-rw-rw-r--   1 travis travis   1433 Jan  3 00:56 ModularCG_A2_profile.class
-rw-rw-r--   1 travis travis   1704 Jan  3 00:55 ModularCG_A2_profile.java
-rw-rw-r--   1 travis travis   3705 Jan  3 00:56 ModularCGPubSub_A1_A2.class
-rw-rw-r--   1 travis travis   9076 Jan  3 00:56 ModularCGPubSub_A1_A2.java
-rw-rw-r--   1 travis travis    880 Jan  3 00:56 ModularCGPubSub_A1_A2.mk
-rw-rw-r--   1 travis travis   1300 Jan  3 00:56 ModularCGPubSub_A1_A2_profile.class
-rw-rw-r--   1 travis travis   1222 Jan  3 00:56 ModularCGPubSub_A1_A2_profile.java
-rw-rw-r--   1 travis travis   4022 Jan  3 00:56 ModularCGPubSub_A1.class
-rw-rw-r--   1 travis travis   9836 Jan  3 00:56 ModularCGPubSub_A1.java
-rw-rw-r--   1 travis travis    856 Jan  3 00:56 ModularCGPubSub_A1.mk
-rw-rw-r--   1 travis travis   1346 Jan  3 00:56 ModularCGPubSub_A1_profile.class
-rw-rw-r--   1 travis travis   1388 Jan  3 00:56 ModularCGPubSub_A1_profile.java
-rw-rw-r--   1 travis travis   4220 Jan  3 00:56 ModularCodeGen2_ModularCodeGenTypedCompositeActor.class
-rw-rw-r--   1 travis travis  11690 Jan  3 00:56 ModularCodeGen2_ModularCodeGenTypedCompositeActor.java
-rw-rw-r--   1 travis travis   1104 Jan  3 00:56 ModularCodeGen2_ModularCodeGenTypedCompositeActor.mk
-rw-rw-r--   1 travis travis   4504 Jan  3 00:56 ModularCodeGen2_ModularCodeGenTypedCompositeActor_ModularCodeGenTypedCompositeActor.class
-rw-rw-r--   1 travis travis  11790 Jan  3 00:56 ModularCodeGen2_ModularCodeGenTypedCompositeActor_ModularCodeGenTypedCompositeActor.java
-rw-rw-r--   1 travis travis   1376 Jan  3 00:56 ModularCodeGen2_ModularCodeGenTypedCompositeActor_ModularCodeGenTypedCompositeActor.mk
-rw-rw-r--   1 travis travis   1421 Jan  3 00:56 ModularCodeGen2_ModularCodeGenTypedCompositeActor_ModularCodeGenTypedCompositeActor_profile.class
-rw-rw-r--   1 travis travis   1294 Jan  3 00:56 ModularCodeGen2_ModularCodeGenTypedCompositeActor_ModularCodeGenTypedCompositeActor_profile.java
-rw-rw-r--   1 travis travis    820 Jan  3 00:56 ModularCodeGen2_ModularCodeGenTypedCompositeActor_profile.class
-rw-rw-r--   1 travis travis    693 Jan  3 00:56 ModularCodeGen2_ModularCodeGenTypedCompositeActor_profile.java
-rw-rw-r--   1 travis travis   3973 Jan  3 00:56 ModularCodeGen3_A1_B1.class
-rw-rw-r--   1 travis travis   9958 Jan  3 00:56 ModularCodeGen3_A1_B1.java
-rw-rw-r--   1 travis travis    880 Jan  3 00:56 ModularCodeGen3_A1_B1.mk
-rw-rw-r--   1 travis travis   1330 Jan  3 00:56 ModularCodeGen3_A1_B1_profile.class
-rw-rw-r--   1 travis travis   1274 Jan  3 00:56 ModularCodeGen3_A1_B1_profile.java
-rw-rw-r--   1 travis travis   3973 Jan  3 00:56 ModularCodeGen3_A1_B2.class
-rw-rw-r--   1 travis travis   9958 Jan  3 00:56 ModularCodeGen3_A1_B2.java
-rw-rw-r--   1 travis travis    880 Jan  3 00:56 ModularCodeGen3_A1_B2.mk
-rw-rw-r--   1 travis travis   1330 Jan  3 00:56 ModularCodeGen3_A1_B2_profile.class
-rw-rw-r--   1 travis travis   1274 Jan  3 00:56 ModularCodeGen3_A1_B2_profile.java
-rw-rw-r--   1 travis travis   5193 Jan  3 00:56 ModularCodeGen3_A1.class
-rw-rw-r--   1 travis travis  15564 Jan  3 00:56 ModularCodeGen3_A1.java
-rw-rw-r--   1 travis travis    856 Jan  3 00:56 ModularCodeGen3_A1.mk
-rw-rw-r--   1 travis travis   1445 Jan  3 00:56 ModularCodeGen3_A1_profile.class
-rw-rw-r--   1 travis travis   1716 Jan  3 00:56 ModularCodeGen3_A1_profile.java
-rw-rw-r--   1 travis travis   1458 Jan  3 00:56 ModularCodeGen3_A2_B1_profile.java
-rw-rw-r--   1 travis travis   4186 Jan  3 00:56 ModularCodeGen_ModularCodeGenTypedCompositeActor.class
-rw-rw-r--   1 travis travis  10970 Jan  3 00:56 ModularCodeGen_ModularCodeGenTypedCompositeActor.java
-rw-rw-r--   1 travis travis   1096 Jan  3 00:56 ModularCodeGen_ModularCodeGenTypedCompositeActor.mk
-rw-rw-r--   1 travis travis   1384 Jan  3 00:56 ModularCodeGen_ModularCodeGenTypedCompositeActor_profile.class
-rw-rw-r--   1 travis travis   1328 Jan  3 00:56 ModularCodeGen_ModularCodeGenTypedCompositeActor_profile.java
-rw-rw-r--   1 travis travis   3724 Jan  3 00:55 ModularCodeGenTest_A1_A2.class
-rw-rw-r--   1 travis travis   9164 Jan  3 00:55 ModularCodeGenTest_A1_A2.java
-rw-rw-r--   1 travis travis   1306 Jan  3 00:55 ModularCodeGenTest_A1_A2_profile.class
-rw-rw-r--   1 travis travis   4055 Jan  3 00:55 ModularCodeGenTest_A1.class
-rw-rw-r--   1 travis travis   9968 Jan  3 00:55 ModularCodeGenTest_A1.java
-rw-rw-r--   1 travis travis    880 Jan  3 00:55 ModularCodeGenTest_A1.mk
-rw-rw-r--   1 travis travis   1352 Jan  3 00:55 ModularCodeGenTest_A1_profile.class
-rw-rw-r--   1 travis travis   1394 Jan  3 00:55 ModularCodeGenTest_A1_profile.java
drwxrwxr-x   3 travis travis  32768 Jan  3 00:55 modulation2
drwxrwxr-x 116 travis travis  12288 Jan  3 00:55 node_modules
drwxrwxr-x   3 travis travis  20480 Jan  3 00:51 PhaseUnwrap
drwxrwxr-x   3 travis travis  12288 Jan  3 00:51 ReadFile1
-rw-rw-r--   1 travis travis     11 Jan  3 00:51 ReadFile1Output.txt
-rw-rw-r--   1 travis travis  13773 Jan  3 00:55 Repeat.class
-rw-rw-r--   1 travis travis    685 Jan  3 00:55 Repeat$_fireFunction_Repeat_Repeat$__f_sL_11.class
-rw-rw-r--   1 travis travis    541 Jan  3 00:55 Repeat$_fireFunction_Repeat_Repeat$__f_sL_12.class
-rw-rw-r--   1 travis travis    541 Jan  3 00:55 Repeat$_fireFunction_Repeat_Repeat$__f_sL_13.class
-rw-rw-r--   1 travis travis    541 Jan  3 00:55 Repeat$_fireFunction_Repeat_Repeat$__f_sL_14.class
-rw-rw-r--   1 travis travis    684 Jan  3 00:55 Repeat$_fireFunction_Repeat_Repeat$__f_sL_1.class
-rw-rw-r--   1 travis travis    683 Jan  3 00:55 Repeat$_fireFunction_Repeat_Repeat$__f_sL_4.class
-rw-rw-r--   1 travis travis    539 Jan  3 00:55 Repeat$_fireFunction_Repeat_Repeat$__f_sL_9.class
-rw-rw-r--   1 travis travis    494 Jan  3 00:55 Repeat$_initialize_Repeat$__i_sL_2.class
-rw-rw-r--   1 travis travis   1281 Jan  3 00:55 Repeat.mk
-rw-rw-r--   1 travis travis    539 Jan  3 00:55 Repeat$_preinitializeMethod_Repeat$__p_sL_0.class
-rw-rw-r--   1 travis travis   1102 Jan  3 00:55 Repeat$_Repeat$_fireFunction_Repeat_AddSubtract_Repeat.class
-rw-rw-r--   1 travis travis    810 Jan  3 00:55 Repeat$_Repeat$_fireFunction_Repeat_AddSubtract_Repeat$__f_sL_0.class
-rw-rw-r--   1 travis travis    928 Jan  3 00:55 Repeat$_Repeat$_fireFunction_Repeat_AddSubtract_Repeat$__f_sL_1.class
-rw-rw-r--   1 travis travis    934 Jan  3 00:55 Repeat$_Repeat$_fireFunction_Repeat_AddSubtract_Repeat$__f_sL_2.class
-rw-rw-r--   1 travis travis    862 Jan  3 00:55 Repeat$_Repeat$_fireFunction_Repeat_AddSubtract_Repeat$__f_sL_3.class
-rw-rw-r--   1 travis travis    757 Jan  3 00:55 Repeat$_Repeat$_fireFunction_Repeat_Ramp2_Repeat$__f_sL_0.class
-rw-rw-r--   1 travis travis    888 Jan  3 00:55 Repeat$_Repeat$_fireFunction_Repeat_Test_Repeat$__f_sL_0.class
-rw-rw-r--   1 travis travis    634 Jan  3 00:55 Repeat$_Repeat$_fireFunction_Repeat_Test_Repeat$__f_sL_1.class
-rw-rw-r--   1 travis travis    704 Jan  3 00:55 Repeat$_Repeat_SDF_Director_run_Repeat$__R_sL_0.class
-rw-rw-r--   1 travis travis    705 Jan  3 00:55 Repeat$_Repeat_SDF_Director_run_Repeat$__R_sL_11.class
-rw-rw-r--   1 travis travis    561 Jan  3 00:55 Repeat$_Repeat_SDF_Director_run_Repeat$__R_sL_13.class
-rw-rw-r--   1 travis travis    559 Jan  3 00:55 Repeat$_Repeat_SDF_Director_run_Repeat$__R_sL_2.class
-rw-rw-r--   1 travis travis    703 Jan  3 00:55 Repeat$_Repeat_SDF_Director_run_Repeat$__R_sL_3.class
-rw-rw-r--   1 travis travis    559 Jan  3 00:55 Repeat$_Repeat_SDF_Director_run_Repeat$__R_sL_5.class
-rw-rw-r--   1 travis travis    559 Jan  3 00:55 Repeat$_Repeat_SDF_Director_run_Repeat$__R_sL_8.class
drwxrwxr-x   2 travis travis   4096 Jan  3 00:55 RepeatVariables
-rw-rw-r--   1 travis travis    882 Jan  3 00:55 Repeat$_varinit_Repeat.class
-rw-rw-r--   1 travis travis    550 Jan  3 00:55 Repeat$_varinit_Repeat$__v_sL_2.class
-rw-rw-r--   1 travis travis    924 Jan  3 00:55 Repeat$_varinit_Repeat$__v_sL_4.class
-rw-rw-r--   1 travis travis    978 Jan  3 00:55 Repeat$_wrapup_Repeat$__w_sL_1.class
drwxrwxr-x   3 travis travis  20480 Jan  3 00:52 Sinewave
drwxrwxr-x   3 travis travis  32768 Jan  3 00:53 StringFunction
drwxrwxr-x   3 travis travis  12288 Jan  3 00:53 StringLength
drwxrwxr-x   3 travis travis  61440 Jan  3 00:53 StringMatches2
drwxrwxr-x   3 travis travis  61440 Jan  3 00:54 StringSimpleReplace
drwxrwxr-x   3 travis travis  65536 Jan  3 00:54 StringSubstring
drwxrwxr-x   3 travis travis  24576 Jan  3 00:54 StringSubstring2
drwxrwxr-x   3 travis travis  16384 Jan  3 00:54 time1
drwxrwxr-x   3 travis travis  12288 Jan  3 00:55 time5
-rw-rw-r--   1 travis travis    432 Jan  3 00:56 Token.class
-rw-rw-r--   1 travis travis    251 Jan  3 00:56 Token.java
-rwxrwxr-x   1 travis travis 466992 Jan  3 00:49 top
-rw-rw-r--   1 travis travis  20502 Jan  3 00:49 top.c
-rw-rw-r--   1 travis travis   3799 Jan  3 00:55 top.class
-rw-rw-r--   1 travis travis   1257 Jan  3 00:55 top.mk
    javac -classpath
.:/home/travis/build/icyphy/ptII:/home/travis/build/icyphy/ptII/lib/bsh-2.0b4.j
ar:/home/travis/build/icyphy/ptII/lib/ptCal.jar:/home/travis/build/icyphy/ptII/
lib/java_cup.jar:/home/travis/build/icyphy/ptII/lib/saxon8.jar:/home/travis/bui
ld/icyphy/ptII/lib/saxon8-dom.jar:/home/travis/build/icyphy/ptII/lib/chic.jar:/
home/travis/build/icyphy/ptII/lib/ptcolt.jar:/home/travis/build/icyphy/ptII/ven
dors/misc/itext/iText.jar:/home/travis/build/icyphy/ptII/lib/g4ltl.jar:/home/tr
avis/build/icyphy/ptII/lib/StructuralCoder.jar:/home/travis/build/icyphy/ptII/l
ib/jcerti.jar:/home/travis/build/icyphy/ptII/lib/javax.mail.jar:/home/travis/bu
ild/icyphy/ptII/vendors/JMF-2.1.1e/lib/jmf.jar:/home/travis/build/icyphy/ptII/l
ib/jna-4.0.0-variadic.jar:/home/travis/build/icyphy/ptII/vendors/misc/joystick/
Joystick.jar:/home/travis/build/icyphy/ptII/lib/ptjacl.jar:/home/travis/build/i
cyphy/ptII/lib/jsoup-1.8.2.jar:/home/travis/build/icyphy/ptII/lib/junit-4.8.2.j
ar:/home/travis/build/icyphy/ptII/lib/JUnitParams-0.4.0.jar:/home/travis/build/
icyphy/ptII/ptolemy/actor/lib/excel/jxl.jar:/home/travis/build/icyphy/ptII/lib/
jython.jar:/home/travis/build/icyphy/ptII/lib/kieler.jar:/home/travis/build/icy
phy/ptII/vendors/opencv/share/OpenCV/java/opencv-341.jar:/home/travis/build/icy
phy/ptII/lib/oscP5.jar:/home/travis/build/icyphy/ptII/lib/nrjavaserial-3.11.0.d
evel.jar:/home/travis/build/icyphy/ptII/vendors/j3d/lib/Linux/j3dcore.jar:/home
/travis/build/icyphy/ptII/vendors/j3d/lib/Linux/j3dutils.jar:/home/travis/build
/icyphy/ptII/vendors/j3d/lib/Linux/vecmath.jar:/home/travis/build/icyphy/ptII/v
endors/jogl/lib/Linux/gluegen-rt-natives-linux-amd64.jar:/home/travis/build/icy
phy/ptII/vendors/jogl/lib/Linux/gluegen-rt.jar:/home/travis/build/icyphy/ptII/v
endors/jogl/lib/Linux/jogl-all-natives-linux-amd64.jar:/home/travis/build/icyph
y/ptII/vendors/jogl/lib/Linux/jogl-all.jar:/home/travis/build/icyphy/ptII/ptole
my/distributed/jini/jar/jini-core.jar:/home/travis/build/icyphy/ptII/ptolemy/di
stributed/jini/jar/jini-ext.jar:/home/travis/build/icyphy/ptII/ptolemy/distribu
ted/jini/jar/sun-util.jar:/home/travis/build/icyphy/ptII/lib/protobuf-java-2.4.
1.jar:/home/travis/build/icyphy/ptII/lib/org.eclipse.paho.client.mqttv3.jar:/ho
me/travis/build/icyphy/ptII/lib/mapss.jar:/home/travis/build/icyphy/ptII/ptolem
y/actor/ptalon/antlr/antlr.jar:/home/travis/build/icyphy/ptII/lib/JRI.jar:/home
/travis/build/icyphy/ptII/lib/commons-lang-2.6.jar:/home/travis/build/icyphy/pt
II/lib/commons-logging-1.1.1.jar:/home/travis/build/icyphy/ptII/lib/sootclasses
.jar:/home/travis/build/icyphy/ptII/ptolemy/actor/lib/database/mysql-connector-
java-5.1.6-bin.jar:/home/travis/build/icyphy/ptII/vendors/misc/sphinx4/sphinx4-
data-5prealpha.jar:/home/travis/build/icyphy/ptII/vendors/misc/sphinx4/sphinx4-
core-5prealpha.jar:/home/travis/build/icyphy/ptII/lib/PDFRenderer.jar:/home/tra
vis/build/icyphy/ptII/lib/svgSalamander.jar:/home/travis/build/icyphy/ptII/lib/
rsyntaxtextarea-2.6.0-SNAPSHOT.jar:/home/travis/build/icyphy/ptII/lib/hazelcast
-3.8.2.jar:/home/travis/build/icyphy/ptII/lib/jackson-annotations-2.9.0.jar:/ho
me/travis/build/icyphy/ptII/lib/jackson-core-2.9.3.jar:/home/travis/build/icyph
y/ptII/lib/jackson-databind-2.9.3.jar:/home/travis/build/icyphy/ptII/lib/netty-
buffer-4.1.19.Final.jar:/home/travis/build/icyphy/ptII/lib/netty-codec-4.1.19.F
inal.jar:/home/travis/build/icyphy/ptII/lib/netty-codec-dns-4.1.19.Final.jar:/h
ome/travis/build/icyphy/ptII/lib/netty-codec-http-4.1.19.Final.jar:/home/travis
/build/icyphy/ptII/lib/netty-codec-http2-4.1.19.Final.jar:/home/travis/build/ic
yphy/ptII/lib/netty-common-4.1.19.Final.jar:/home/travis/build/icyphy/ptII/lib/
netty-handler-4.1.19.Final.jar:/home/travis/build/icyphy/ptII/lib/netty-resolve
r-4.1.19.Final.jar:/home/travis/build/icyphy/ptII/lib/netty-resolver-dns-4.1.19
.Final.jar:/home/travis/build/icyphy/ptII/lib/netty-transport-4.1.19.Final.jar:
/home/travis/build/icyphy/ptII/lib/vertx-codegen-3.5.1.jar:/home/travis/build/i
cyphy/ptII/lib/vertx-core-3.5.2-SNAPSHOT.jar:/home/travis/build/icyphy/ptII/lib
/vertx-hazelcast-3.5.1.jar:/home/travis/build/icyphy/ptII/lib/vertx-lang-js-3.5
.1.jar:/home/travis/build/icyphy/ptII/lib/vertx-service-proxy-3.5.1.jar:/home/t
ravis/build/icyphy/ptII/lib/vertx-web-3.5.1.jar:/home/travis/build/icyphy/ptII/
lib/slf4j-api-1.7.13.jar:/home/travis/build/icyphy/ptII/lib/slf4j-simple-1.7.13
.jar:/home/travis/build/icyphy/ptII/lib/webcam-capture-0.3.12.jar:/home/travis/
build/icyphy/ptII/lib/bridj-0.7.0.jar:/home/travis/build/icyphy/ptII/lib/xbjlib
-1.1.0.nrjavaserial.jar:/home/travis/build/icyphy/ptII/ptolemy/moml/test:/home/
travis/build/icyphy/ptII/ant/lib/ant-launcher.jar:/home/travis/build/icyphy/ptI
I/ant/lib/ant.jar:/home/travis/build/icyphy/ptII/ant/lib/ant-junit.jar:/home/tr
avis/build/icyphy/ptII/ant/lib/ant-junit4.jar:/home/travis/build/icyphy/ptII
ModularCodeGen3_A2_B1_profile.java
All Done
Writing ModularCodeGen3_A2_B1.java in file:/home/travis/cg/ (10955 characters)
Reading "ptolemy/cg/kernel/generic/program/procedural/java/modular/makefile.in",
    writing "/home/travis/cg/ModularCodeGen3_A2_B1.mk"
Using ptolemy/cg/kernel/generic/program/procedural/java/modular/makefile.in
In "/home/travis/cg", about to execute:
    make -f ModularCodeGen3_A2_B1.mk
javac -classpath ".:.."    ModularCodeGen3_A2_B1.java
All Done
In "/home/travis/cg", about to execute:
    pwd
/home/travis/cg
In "/home/travis/cg", about to execute:
    ls -l
total 1856
drwxrwxr-x   3 travis travis  12288 Jan  3 00:50 AbsoluteValue
drwxrwxr-x   3 travis travis 102400 Jan  3 00:49 AllColt
drwxrwxr-x   3 travis travis  12288 Jan  3 00:50 Case1
-rw-rw-r--   1 travis travis   5128 Jan  3 00:55 CompiledCompositeActor_CompiledCompositeActor.class
-rw-rw-r--   1 travis travis   1611 Jan  3 00:55 CompiledCompositeActor_CompiledCompositeActor$_CompiledCompositeActor_CompiledCompositeActor.class
-rw-rw-r--   1 travis travis  13466 Jan  3 00:55 CompiledCompositeActor_CompiledCompositeActor.java
-rw-rw-r--   1 travis travis   1593 Jan  3 00:55 CompiledCompositeActor_CompiledCompositeActor.mk
drwxrwxr-x   5 travis travis   4096 Jan  3 00:49 fmi
drwxrwxr-x   3 travis travis  16384 Jan  3 00:50 Gaussian2
-rw-rw-r--   1 travis travis   4684 Jan  3 00:55 JavaCompiledCompositeTest1_CompiledCompositeActor.class
-rw-rw-r--   1 travis travis  11637 Jan  3 00:55 JavaCompiledCompositeTest1_CompiledCompositeActor.java
-rw-rw-r--   1 travis travis   1217 Jan  3 00:55 JavaCompiledCompositeTest1_CompiledCompositeActor$_JavaCompiledCompositeTest1_CompiledCompositeActor.class
-rw-rw-r--   1 travis travis   1625 Jan  3 00:55 JavaCompiledCompositeTest1_CompiledCompositeActor.mk
-rw-rw-r--   1 travis travis   5115 Jan  3 00:55 JavaCompiledCompositeTest2_CompiledCompositeActor.class
-rw-rw-r--   1 travis travis  14919 Jan  3 00:55 JavaCompiledCompositeTest2_CompiledCompositeActor.java
-rw-rw-r--   1 travis travis   1812 Jan  3 00:55 JavaCompiledCompositeTest2_CompiledCompositeActor$_JavaCompiledCompositeTest2_CompiledCompositeActor.class
-rw-rw-r--   1 travis travis   1625 Jan  3 00:55 JavaCompiledCompositeTest2_CompiledCompositeActor.mk
-rw-rw-r--   1 travis travis   4732 Jan  3 00:55 JavaCompiledCompositeTest3_CompiledCompositeActor.class
-rw-rw-r--   1 travis travis  13080 Jan  3 00:55 JavaCompiledCompositeTest3_CompiledCompositeActor.java
-rw-rw-r--   1 travis travis   1397 Jan  3 00:55 JavaCompiledCompositeTest3_CompiledCompositeActor$_JavaCompiledCompositeTest3_CompiledCompositeActor.class
-rw-rw-r--   1 travis travis   1625 Jan  3 00:55 JavaCompiledCompositeTest3_CompiledCompositeActor.mk
-rw-rw-r--   1 travis travis   4183 Jan  3 00:55 JavaCompiledCompositeTest4_CompiledCompositeActor.class
-rw-rw-r--   1 travis travis   9687 Jan  3 00:55 JavaCompiledCompositeTest4_CompiledCompositeActor.java
-rw-rw-r--   1 travis travis    876 Jan  3 00:55 JavaCompiledCompositeTest4_CompiledCompositeActor$_JavaCompiledCompositeTest4_CompiledCompositeActor.class
-rw-rw-r--   1 travis travis   1625 Jan  3 00:55 JavaCompiledCompositeTest4_CompiledCompositeActor.mk
drwxrwxr-x   3 travis travis  12288 Jan  3 00:51 LookupTable
drwxrwxr-x   3 travis travis  20480 Jan  3 00:51 MaxIndex
-rw-rw-r--   1 travis travis   3925 Jan  3 00:55 ModularCG_A1_B1.class
-rw-rw-r--   1 travis travis   9730 Jan  3 00:55 ModularCG_A1_B1.java
-rw-rw-r--   1 travis travis    832 Jan  3 00:55 ModularCG_A1_B1.mk
-rw-rw-r--   1 travis travis   1318 Jan  3 00:55 ModularCG_A1_B1_profile.class
-rw-rw-r--   1 travis travis   1262 Jan  3 00:55 ModularCG_A1_B1_profile.java
-rw-rw-r--   1 travis travis   3925 Jan  3 00:55 ModularCG_A1_B2.class
-rw-rw-r--   1 travis travis   9730 Jan  3 00:55 ModularCG_A1_B2.java
-rw-rw-r--   1 travis travis    832 Jan  3 00:55 ModularCG_A1_B2.mk
-rw-rw-r--   1 travis travis   1318 Jan  3 00:55 ModularCG_A1_B2_profile.class
-rw-rw-r--   1 travis travis   1262 Jan  3 00:55 ModularCG_A1_B2_profile.java
-rw-rw-r--   1 travis travis   5031 Jan  3 00:55 ModularCG_A1.class
-rw-rw-r--   1 travis travis  14742 Jan  3 00:55 ModularCG_A1.java
-rw-rw-r--   1 travis travis    808 Jan  3 00:55 ModularCG_A1.mk
-rw-rw-r--   1 travis travis   1433 Jan  3 00:55 ModularCG_A1_profile.class
-rw-rw-r--   1 travis travis   1704 Jan  3 00:55 ModularCG_A1_profile.java
-rw-rw-r--   1 travis travis   4059 Jan  3 00:55 ModularCG_A2_B1.class
-rw-rw-r--   1 travis travis  10667 Jan  3 00:55 ModularCG_A2_B1.java
-rw-rw-r--   1 travis travis    832 Jan  3 00:55 ModularCG_A2_B1.mk
-rw-rw-r--   1 travis travis   1381 Jan  3 00:55 ModularCG_A2_B1_profile.class
-rw-rw-r--   1 travis travis   1446 Jan  3 00:55 ModularCG_A2_B1_profile.java
-rw-rw-r--   1 travis travis   3925 Jan  3 00:55 ModularCG_A2_B2.class
-rw-rw-r--   1 travis travis   9730 Jan  3 00:55 ModularCG_A2_B2.java
-rw-rw-r--   1 travis travis    832 Jan  3 00:55 ModularCG_A2_B2.mk
-rw-rw-r--   1 travis travis   1318 Jan  3 00:55 ModularCG_A2_B2_profile.class
-rw-rw-r--   1 travis travis   1262 Jan  3 00:55 ModularCG_A2_B2_profile.java
-rw-rw-r--   1 travis travis   5102 Jan  3 00:56 ModularCG_A2.class
-rw-rw-r--   1 travis travis  15129 Jan  3 00:56 ModularCG_A2.java
-rw-rw-r--   1 travis travis    808 Jan  3 00:56 ModularCG_A2.mk
-rw-rw-r--   1 travis travis   1433 Jan  3 00:56 ModularCG_A2_profile.class
-rw-rw-r--   1 travis travis   1704 Jan  3 00:55 ModularCG_A2_profile.java
-rw-rw-r--   1 travis travis   3705 Jan  3 00:56 ModularCGPubSub_A1_A2.class
-rw-rw-r--   1 travis travis   9076 Jan  3 00:56 ModularCGPubSub_A1_A2.java
-rw-rw-r--   1 travis travis    880 Jan  3 00:56 ModularCGPubSub_A1_A2.mk
-rw-rw-r--   1 travis travis   1300 Jan  3 00:56 ModularCGPubSub_A1_A2_profile.class
-rw-rw-r--   1 travis travis   1222 Jan  3 00:56 ModularCGPubSub_A1_A2_profile.java
-rw-rw-r--   1 travis travis   4022 Jan  3 00:56 ModularCGPubSub_A1.class
-rw-rw-r--   1 travis travis   9836 Jan  3 00:56 ModularCGPubSub_A1.java
-rw-rw-r--   1 travis travis    856 Jan  3 00:56 ModularCGPubSub_A1.mk
-rw-rw-r--   1 travis travis   1346 Jan  3 00:56 ModularCGPubSub_A1_profile.class
-rw-rw-r--   1 travis travis   1388 Jan  3 00:56 ModularCGPubSub_A1_profile.java
-rw-rw-r--   1 travis travis   4220 Jan  3 00:56 ModularCodeGen2_ModularCodeGenTypedCompositeActor.class
-rw-rw-r--   1 travis travis  11690 Jan  3 00:56 ModularCodeGen2_ModularCodeGenTypedCompositeActor.java
-rw-rw-r--   1 travis travis   1104 Jan  3 00:56 ModularCodeGen2_ModularCodeGenTypedCompositeActor.mk
-rw-rw-r--   1 travis travis   4504 Jan  3 00:56 ModularCodeGen2_ModularCodeGenTypedCompositeActor_ModularCodeGenTypedCompositeActor.class
-rw-rw-r--   1 travis travis  11790 Jan  3 00:56 ModularCodeGen2_ModularCodeGenTypedCompositeActor_ModularCodeGenTypedCompositeActor.java
-rw-rw-r--   1 travis travis   1376 Jan  3 00:56 ModularCodeGen2_ModularCodeGenTypedCompositeActor_ModularCodeGenTypedCompositeActor.mk
-rw-rw-r--   1 travis travis   1421 Jan  3 00:56 ModularCodeGen2_ModularCodeGenTypedCompositeActor_ModularCodeGenTypedCompositeActor_profile.class
-rw-rw-r--   1 travis travis   1294 Jan  3 00:56 ModularCodeGen2_ModularCodeGenTypedCompositeActor_ModularCodeGenTypedCompositeActor_profile.java
-rw-rw-r--   1 travis travis    820 Jan  3 00:56 ModularCodeGen2_ModularCodeGenTypedCompositeActor_profile.class
-rw-rw-r--   1 travis travis    693 Jan  3 00:56 ModularCodeGen2_ModularCodeGenTypedCompositeActor_profile.java
-rw-rw-r--   1 travis travis   3973 Jan  3 00:56 ModularCodeGen3_A1_B1.class
-rw-rw-r--   1 travis travis   9958 Jan  3 00:56 ModularCodeGen3_A1_B1.java
-rw-rw-r--   1 travis travis    880 Jan  3 00:56 ModularCodeGen3_A1_B1.mk
-rw-rw-r--   1 travis travis   1330 Jan  3 00:56 ModularCodeGen3_A1_B1_profile.class
-rw-rw-r--   1 travis travis   1274 Jan  3 00:56 ModularCodeGen3_A1_B1_profile.java
-rw-rw-r--   1 travis travis   3973 Jan  3 00:56 ModularCodeGen3_A1_B2.class
-rw-rw-r--   1 travis travis   9958 Jan  3 00:56 ModularCodeGen3_A1_B2.java
-rw-rw-r--   1 travis travis    880 Jan  3 00:56 ModularCodeGen3_A1_B2.mk
-rw-rw-r--   1 travis travis   1330 Jan  3 00:56 ModularCodeGen3_A1_B2_profile.class
-rw-rw-r--   1 travis travis   1274 Jan  3 00:56 ModularCodeGen3_A1_B2_profile.java
-rw-rw-r--   1 travis travis   5193 Jan  3 00:56 ModularCodeGen3_A1.class
-rw-rw-r--   1 travis travis  15564 Jan  3 00:56 ModularCodeGen3_A1.java
-rw-rw-r--   1 travis travis    856 Jan  3 00:56 ModularCodeGen3_A1.mk
-rw-rw-r--   1 travis travis   1445 Jan  3 00:56 ModularCodeGen3_A1_profile.class
-rw-rw-r--   1 travis travis   1716 Jan  3 00:56 ModularCodeGen3_A1_profile.java
-rw-rw-r--   1 travis travis   4119 Jan  3 00:56 ModularCodeGen3_A2_B1.class
-rw-rw-r--   1 travis travis  10955 Jan  3 00:56 ModularCodeGen3_A2_B1.java
-rw-rw-r--   1 travis travis    880 Jan  3 00:56 ModularCodeGen3_A2_B1.mk
-rw-rw-r--   1 travis travis   1393 Jan  3 00:56 ModularCodeGen3_A2_B1_profile.class
-rw-rw-r--   1 travis travis   1458 Jan  3 00:56 ModularCodeGen3_A2_B1_profile.java
-rw-rw-r--   1 travis travis   1274 Jan  3 00:56 ModularCodeGen3_A2_B2_profile.java
-rw-rw-r--   1 travis travis   4186 Jan  3 00:56 ModularCodeGen_ModularCodeGenTypedCompositeActor.class
-rw-rw-r--   1 travis travis  10970 Jan  3 00:56 ModularCodeGen_ModularCodeGenTypedCompositeActor.java
-rw-rw-r--   1 travis travis   1096 Jan  3 00:56 ModularCodeGen_ModularCodeGenTypedCompositeActor.mk
-rw-rw-r--   1 travis travis   1384 Jan  3 00:56 ModularCodeGen_ModularCodeGenTypedCompositeActor_profile.class
-rw-rw-r--   1 travis travis   1328 Jan  3 00:56 ModularCodeGen_ModularCodeGenTypedCompositeActor_profile.java
-rw-rw-r--   1 travis travis   3724 Jan  3 00:55 ModularCodeGenTest_A1_A2.class
-rw-rw-r--   1 travis travis   9164 Jan  3 00:55 ModularCodeGenTest_A1_A2.java
-rw-rw-r--   1 travis travis   1306 Jan  3 00:55 ModularCodeGenTest_A1_A2_profile.class
-rw-rw-r--   1 travis travis   4055 Jan  3 00:55 ModularCodeGenTest_A1.class
-rw-rw-r--   1 travis travis   9968 Jan  3 00:55 ModularCodeGenTest_A1.java
-rw-rw-r--   1 travis travis    880 Jan  3 00:55 ModularCodeGenTest_A1.mk
-rw-rw-r--   1 travis travis   1352 Jan  3 00:55 ModularCodeGenTest_A1_profile.class
-rw-rw-r--   1 travis travis   1394 Jan  3 00:55 ModularCodeGenTest_A1_profile.java
drwxrwxr-x   3 travis travis  32768 Jan  3 00:55 modulation2
drwxrwxr-x 116 travis travis  12288 Jan  3 00:55 node_modules
drwxrwxr-x   3 travis travis  20480 Jan  3 00:51 PhaseUnwrap
drwxrwxr-x   3 travis travis  12288 Jan  3 00:51 ReadFile1
-rw-rw-r--   1 travis travis     11 Jan  3 00:51 ReadFile1Output.txt
-rw-rw-r--   1 travis travis  13773 Jan  3 00:55 Repeat.class
-rw-rw-r--   1 travis travis    685 Jan  3 00:55 Repeat$_fireFunction_Repeat_Repeat$__f_sL_11.class
-rw-rw-r--   1 travis travis    541 Jan  3 00:55 Repeat$_fireFunction_Repeat_Repeat$__f_sL_12.class
-rw-rw-r--   1 travis travis    541 Jan  3 00:55 Repeat$_fireFunction_Repeat_Repeat$__f_sL_13.class
-rw-rw-r--   1 travis travis    541 Jan  3 00:55 Repeat$_fireFunction_Repeat_Repeat$__f_sL_14.class
-rw-rw-r--   1 travis travis    684 Jan  3 00:55 Repeat$_fireFunction_Repeat_Repeat$__f_sL_1.class
-rw-rw-r--   1 travis travis    683 Jan  3 00:55 Repeat$_fireFunction_Repeat_Repeat$__f_sL_4.class
-rw-rw-r--   1 travis travis    539 Jan  3 00:55 Repeat$_fireFunction_Repeat_Repeat$__f_sL_9.class
-rw-rw-r--   1 travis travis    494 Jan  3 00:55 Repeat$_initialize_Repeat$__i_sL_2.class
-rw-rw-r--   1 travis travis   1281 Jan  3 00:55 Repeat.mk
-rw-rw-r--   1 travis travis    539 Jan  3 00:55 Repeat$_preinitializeMethod_Repeat$__p_sL_0.class
-rw-rw-r--   1 travis travis   1102 Jan  3 00:55 Repeat$_Repeat$_fireFunction_Repeat_AddSubtract_Repeat.class
-rw-rw-r--   1 travis travis    810 Jan  3 00:55 Repeat$_Repeat$_fireFunction_Repeat_AddSubtract_Repeat$__f_sL_0.class
-rw-rw-r--   1 travis travis    928 Jan  3 00:55 Repeat$_Repeat$_fireFunction_Repeat_AddSubtract_Repeat$__f_sL_1.class
-rw-rw-r--   1 travis travis    934 Jan  3 00:55 Repeat$_Repeat$_fireFunction_Repeat_AddSubtract_Repeat$__f_sL_2.class
-rw-rw-r--   1 travis travis    862 Jan  3 00:55 Repeat$_Repeat$_fireFunction_Repeat_AddSubtract_Repeat$__f_sL_3.class
-rw-rw-r--   1 travis travis    757 Jan  3 00:55 Repeat$_Repeat$_fireFunction_Repeat_Ramp2_Repeat$__f_sL_0.class
-rw-rw-r--   1 travis travis    888 Jan  3 00:55 Repeat$_Repeat$_fireFunction_Repeat_Test_Repeat$__f_sL_0.class
-rw-rw-r--   1 travis travis    634 Jan  3 00:55 Repeat$_Repeat$_fireFunction_Repeat_Test_Repeat$__f_sL_1.class
-rw-rw-r--   1 travis travis    704 Jan  3 00:55 Repeat$_Repeat_SDF_Director_run_Repeat$__R_sL_0.class
-rw-rw-r--   1 travis travis    705 Jan  3 00:55 Repeat$_Repeat_SDF_Director_run_Repeat$__R_sL_11.class
-rw-rw-r--   1 travis travis    561 Jan  3 00:55 Repeat$_Repeat_SDF_Director_run_Repeat$__R_sL_13.class
-rw-rw-r--   1 travis travis    559 Jan  3 00:55 Repeat$_Repeat_SDF_Director_run_Repeat$__R_sL_2.class
-rw-rw-r--   1 travis travis    703 Jan  3 00:55 Repeat$_Repeat_SDF_Director_run_Repeat$__R_sL_3.class
-rw-rw-r--   1 travis travis    559 Jan  3 00:55 Repeat$_Repeat_SDF_Director_run_Repeat$__R_sL_5.class
-rw-rw-r--   1 travis travis    559 Jan  3 00:55 Repeat$_Repeat_SDF_Director_run_Repeat$__R_sL_8.class
drwxrwxr-x   2 travis travis   4096 Jan  3 00:55 RepeatVariables
-rw-rw-r--   1 travis travis    882 Jan  3 00:55 Repeat$_varinit_Repeat.class
-rw-rw-r--   1 travis travis    550 Jan  3 00:55 Repeat$_varinit_Repeat$__v_sL_2.class
-rw-rw-r--   1 travis travis    924 Jan  3 00:55 Repeat$_varinit_Repeat$__v_sL_4.class
-rw-rw-r--   1 travis travis    978 Jan  3 00:55 Repeat$_wrapup_Repeat$__w_sL_1.class
drwxrwxr-x   3 travis travis  20480 Jan  3 00:52 Sinewave
drwxrwxr-x   3 travis travis  32768 Jan  3 00:53 StringFunction
drwxrwxr-x   3 travis travis  12288 Jan  3 00:53 StringLength
drwxrwxr-x   3 travis travis  61440 Jan  3 00:53 StringMatches2
drwxrwxr-x   3 travis travis  61440 Jan  3 00:54 StringSimpleReplace
drwxrwxr-x   3 travis travis  65536 Jan  3 00:54 StringSubstring
drwxrwxr-x   3 travis travis  24576 Jan  3 00:54 StringSubstring2
drwxrwxr-x   3 travis travis  16384 Jan  3 00:54 time1
drwxrwxr-x   3 travis travis  12288 Jan  3 00:55 time5
-rw-rw-r--   1 travis travis    432 Jan  3 00:56 Token.class
-rw-rw-r--   1 travis travis    251 Jan  3 00:56 Token.java
-rwxrwxr-x   1 travis travis 466992 Jan  3 00:49 top
-rw-rw-r--   1 travis travis  20502 Jan  3 00:49 top.c
-rw-rw-r--   1 travis travis   3799 Jan  3 00:55 top.class
-rw-rw-r--   1 travis travis   1257 Jan  3 00:55 top.mk
In "/home/travis/cg", about to execute:
    javac -classpath
.:/home/travis/build/icyphy/ptII:/home/travis/build/icyphy/ptII/lib/bsh-2.0b4.j
ar:/home/travis/build/icyphy/ptII/lib/ptCal.jar:/home/travis/build/icyphy/ptII/
lib/java_cup.jar:/home/travis/build/icyphy/ptII/lib/saxon8.jar:/home/travis/bui
ld/icyphy/ptII/lib/saxon8-dom.jar:/home/travis/build/icyphy/ptII/lib/chic.jar:/
home/travis/build/icyphy/ptII/lib/ptcolt.jar:/home/travis/build/icyphy/ptII/ven
dors/misc/itext/iText.jar:/home/travis/build/icyphy/ptII/lib/g4ltl.jar:/home/tr
avis/build/icyphy/ptII/lib/StructuralCoder.jar:/home/travis/build/icyphy/ptII/l
ib/jcerti.jar:/home/travis/build/icyphy/ptII/lib/javax.mail.jar:/home/travis/bu
ild/icyphy/ptII/vendors/JMF-2.1.1e/lib/jmf.jar:/home/travis/build/icyphy/ptII/l
ib/jna-4.0.0-variadic.jar:/home/travis/build/icyphy/ptII/vendors/misc/joystick/
Joystick.jar:/home/travis/build/icyphy/ptII/lib/ptjacl.jar:/home/travis/build/i
cyphy/ptII/lib/jsoup-1.8.2.jar:/home/travis/build/icyphy/ptII/lib/junit-4.8.2.j
ar:/home/travis/build/icyphy/ptII/lib/JUnitParams-0.4.0.jar:/home/travis/build/
icyphy/ptII/ptolemy/actor/lib/excel/jxl.jar:/home/travis/build/icyphy/ptII/lib/
jython.jar:/home/travis/build/icyphy/ptII/lib/kieler.jar:/home/travis/build/icy
phy/ptII/vendors/opencv/share/OpenCV/java/opencv-341.jar:/home/travis/build/icy
phy/ptII/lib/oscP5.jar:/home/travis/build/icyphy/ptII/lib/nrjavaserial-3.11.0.d
evel.jar:/home/travis/build/icyphy/ptII/vendors/j3d/lib/Linux/j3dcore.jar:/home
/travis/build/icyphy/ptII/vendors/j3d/lib/Linux/j3dutils.jar:/home/travis/build
/icyphy/ptII/vendors/j3d/lib/Linux/vecmath.jar:/home/travis/build/icyphy/ptII/v
endors/jogl/lib/Linux/gluegen-rt-natives-linux-amd64.jar:/home/travis/build/icy
phy/ptII/vendors/jogl/lib/Linux/gluegen-rt.jar:/home/travis/build/icyphy/ptII/v
endors/jogl/lib/Linux/jogl-all-natives-linux-amd64.jar:/home/travis/build/icyph
y/ptII/vendors/jogl/lib/Linux/jogl-all.jar:/home/travis/build/icyphy/ptII/ptole
my/distributed/jini/jar/jini-core.jar:/home/travis/build/icyphy/ptII/ptolemy/di
stributed/jini/jar/jini-ext.jar:/home/travis/build/icyphy/ptII/ptolemy/distribu
ted/jini/jar/sun-util.jar:/home/travis/build/icyphy/ptII/lib/protobuf-java-2.4.
1.jar:/home/travis/build/icyphy/ptII/lib/org.eclipse.paho.client.mqttv3.jar:/ho
me/travis/build/icyphy/ptII/lib/mapss.jar:/home/travis/build/icyphy/ptII/ptolem
y/actor/ptalon/antlr/antlr.jar:/home/travis/build/icyphy/ptII/lib/JRI.jar:/home
/travis/build/icyphy/ptII/lib/commons-lang-2.6.jar:/home/travis/build/icyphy/pt
II/lib/commons-logging-1.1.1.jar:/home/travis/build/icyphy/ptII/lib/sootclasses
.jar:/home/travis/build/icyphy/ptII/ptolemy/actor/lib/database/mysql-connector-
java-5.1.6-bin.jar:/home/travis/build/icyphy/ptII/vendors/misc/sphinx4/sphinx4-
data-5prealpha.jar:/home/travis/build/icyphy/ptII/vendors/misc/sphinx4/sphinx4-
core-5prealpha.jar:/home/travis/build/icyphy/ptII/lib/PDFRenderer.jar:/home/tra
vis/build/icyphy/ptII/lib/svgSalamander.jar:/home/travis/build/icyphy/ptII/lib/
rsyntaxtextarea-2.6.0-SNAPSHOT.jar:/home/travis/build/icyphy/ptII/lib/hazelcast
-3.8.2.jar:/home/travis/build/icyphy/ptII/lib/jackson-annotations-2.9.0.jar:/ho
me/travis/build/icyphy/ptII/lib/jackson-core-2.9.3.jar:/home/travis/build/icyph
y/ptII/lib/jackson-databind-2.9.3.jar:/home/travis/build/icyphy/ptII/lib/netty-
buffer-4.1.19.Final.jar:/home/travis/build/icyphy/ptII/lib/netty-codec-4.1.19.F
inal.jar:/home/travis/build/icyphy/ptII/lib/netty-codec-dns-4.1.19.Final.jar:/h
ome/travis/build/icyphy/ptII/lib/netty-codec-http-4.1.19.Final.jar:/home/travis
/build/icyphy/ptII/lib/netty-codec-http2-4.1.19.Final.jar:/home/travis/build/ic
yphy/ptII/lib/netty-common-4.1.19.Final.jar:/home/travis/build/icyphy/ptII/lib/
netty-handler-4.1.19.Final.jar:/home/travis/build/icyphy/ptII/lib/netty-resolve
r-4.1.19.Final.jar:/home/travis/build/icyphy/ptII/lib/netty-resolver-dns-4.1.19
.Final.jar:/home/travis/build/icyphy/ptII/lib/netty-transport-4.1.19.Final.jar:
/home/travis/build/icyphy/ptII/lib/vertx-codegen-3.5.1.jar:/home/travis/build/i
cyphy/ptII/lib/vertx-core-3.5.2-SNAPSHOT.jar:/home/travis/build/icyphy/ptII/lib
/vertx-hazelcast-3.5.1.jar:/home/travis/build/icyphy/ptII/lib/vertx-lang-js-3.5
.1.jar:/home/travis/build/icyphy/ptII/lib/vertx-service-proxy-3.5.1.jar:/home/t
ravis/build/icyphy/ptII/lib/vertx-web-3.5.1.jar:/home/travis/build/icyphy/ptII/
lib/slf4j-api-1.7.13.jar:/home/travis/build/icyphy/ptII/lib/slf4j-simple-1.7.13
.jar:/home/travis/build/icyphy/ptII/lib/webcam-capture-0.3.12.jar:/home/travis/
build/icyphy/ptII/lib/bridj-0.7.0.jar:/home/travis/build/icyphy/ptII/lib/xbjlib
-1.1.0.nrjavaserial.jar:/home/travis/build/icyphy/ptII/ptolemy/moml/test:/home/
travis/build/icyphy/ptII/ant/lib/ant-launcher.jar:/home/travis/build/icyphy/ptI
I/ant/lib/ant.jar:/home/travis/build/icyphy/ptII/ant/lib/ant-junit.jar:/home/tr
avis/build/icyphy/ptII/ant/lib/ant-junit4.jar:/home/travis/build/icyphy/ptII
ModularCodeGen3_A2_B2_profile.java
All Done
Writing ModularCodeGen3_A2_B2.java in file:/home/travis/cg/ (9958 characters)
Reading "ptolemy/cg/kernel/generic/program/procedural/java/modular/makefile.in",
    writing "/home/travis/cg/ModularCodeGen3_A2_B2.mk"
Using ptolemy/cg/kernel/generic/program/procedural/java/modular/makefile.in
In "/home/travis/cg", about to execute:
    make -f ModularCodeGen3_A2_B2.mk
javac -classpath ".:.."    ModularCodeGen3_A2_B2.java
All Done
In "/home/travis/cg", about to execute:
    pwd
In "/home/travis/cg", about to execute:
    ls -l
/home/travis/cg
total 1884
drwxrwxr-x   3 travis travis  12288 Jan  3 00:50 AbsoluteValue
drwxrwxr-x   3 travis travis 102400 Jan  3 00:49 AllColt
drwxrwxr-x   3 travis travis  12288 Jan  3 00:50 Case1
-rw-rw-r--   1 travis travis   5128 Jan  3 00:55 CompiledCompositeActor_CompiledCompositeActor.class
-rw-rw-r--   1 travis travis   1611 Jan  3 00:55 CompiledCompositeActor_CompiledCompositeActor$_CompiledCompositeActor_CompiledCompositeActor.class
-rw-rw-r--   1 travis travis  13466 Jan  3 00:55 CompiledCompositeActor_CompiledCompositeActor.java
-rw-rw-r--   1 travis travis   1593 Jan  3 00:55 CompiledCompositeActor_CompiledCompositeActor.mk
drwxrwxr-x   5 travis travis   4096 Jan  3 00:49 fmi
drwxrwxr-x   3 travis travis  16384 Jan  3 00:50 Gaussian2
-rw-rw-r--   1 travis travis   4684 Jan  3 00:55 JavaCompiledCompositeTest1_CompiledCompositeActor.class
-rw-rw-r--   1 travis travis  11637 Jan  3 00:55 JavaCompiledCompositeTest1_CompiledCompositeActor.java
-rw-rw-r--   1 travis travis   1217 Jan  3 00:55 JavaCompiledCompositeTest1_CompiledCompositeActor$_JavaCompiledCompositeTest1_CompiledCompositeActor.class
-rw-rw-r--   1 travis travis   1625 Jan  3 00:55 JavaCompiledCompositeTest1_CompiledCompositeActor.mk
-rw-rw-r--   1 travis travis   5115 Jan  3 00:55 JavaCompiledCompositeTest2_CompiledCompositeActor.class
-rw-rw-r--   1 travis travis  14919 Jan  3 00:55 JavaCompiledCompositeTest2_CompiledCompositeActor.java
-rw-rw-r--   1 travis travis   1812 Jan  3 00:55 JavaCompiledCompositeTest2_CompiledCompositeActor$_JavaCompiledCompositeTest2_CompiledCompositeActor.class
-rw-rw-r--   1 travis travis   1625 Jan  3 00:55 JavaCompiledCompositeTest2_CompiledCompositeActor.mk
-rw-rw-r--   1 travis travis   4732 Jan  3 00:55 JavaCompiledCompositeTest3_CompiledCompositeActor.class
-rw-rw-r--   1 travis travis  13080 Jan  3 00:55 JavaCompiledCompositeTest3_CompiledCompositeActor.java
-rw-rw-r--   1 travis travis   1397 Jan  3 00:55 JavaCompiledCompositeTest3_CompiledCompositeActor$_JavaCompiledCompositeTest3_CompiledCompositeActor.class
-rw-rw-r--   1 travis travis   1625 Jan  3 00:55 JavaCompiledCompositeTest3_CompiledCompositeActor.mk
-rw-rw-r--   1 travis travis   4183 Jan  3 00:55 JavaCompiledCompositeTest4_CompiledCompositeActor.class
-rw-rw-r--   1 travis travis   9687 Jan  3 00:55 JavaCompiledCompositeTest4_CompiledCompositeActor.java
-rw-rw-r--   1 travis travis    876 Jan  3 00:55 JavaCompiledCompositeTest4_CompiledCompositeActor$_JavaCompiledCompositeTest4_CompiledCompositeActor.class
-rw-rw-r--   1 travis travis   1625 Jan  3 00:55 JavaCompiledCompositeTest4_CompiledCompositeActor.mk
drwxrwxr-x   3 travis travis  12288 Jan  3 00:51 LookupTable
drwxrwxr-x   3 travis travis  20480 Jan  3 00:51 MaxIndex
-rw-rw-r--   1 travis travis   3925 Jan  3 00:55 ModularCG_A1_B1.class
-rw-rw-r--   1 travis travis   9730 Jan  3 00:55 ModularCG_A1_B1.java
-rw-rw-r--   1 travis travis    832 Jan  3 00:55 ModularCG_A1_B1.mk
-rw-rw-r--   1 travis travis   1318 Jan  3 00:55 ModularCG_A1_B1_profile.class
-rw-rw-r--   1 travis travis   1262 Jan  3 00:55 ModularCG_A1_B1_profile.java
-rw-rw-r--   1 travis travis   3925 Jan  3 00:55 ModularCG_A1_B2.class
-rw-rw-r--   1 travis travis   9730 Jan  3 00:55 ModularCG_A1_B2.java
-rw-rw-r--   1 travis travis    832 Jan  3 00:55 ModularCG_A1_B2.mk
-rw-rw-r--   1 travis travis   1318 Jan  3 00:55 ModularCG_A1_B2_profile.class
-rw-rw-r--   1 travis travis   1262 Jan  3 00:55 ModularCG_A1_B2_profile.java
-rw-rw-r--   1 travis travis   5031 Jan  3 00:55 ModularCG_A1.class
-rw-rw-r--   1 travis travis  14742 Jan  3 00:55 ModularCG_A1.java
-rw-rw-r--   1 travis travis    808 Jan  3 00:55 ModularCG_A1.mk
-rw-rw-r--   1 travis travis   1433 Jan  3 00:55 ModularCG_A1_profile.class
-rw-rw-r--   1 travis travis   1704 Jan  3 00:55 ModularCG_A1_profile.java
-rw-rw-r--   1 travis travis   4059 Jan  3 00:55 ModularCG_A2_B1.class
-rw-rw-r--   1 travis travis  10667 Jan  3 00:55 ModularCG_A2_B1.java
-rw-rw-r--   1 travis travis    832 Jan  3 00:55 ModularCG_A2_B1.mk
-rw-rw-r--   1 travis travis   1381 Jan  3 00:55 ModularCG_A2_B1_profile.class
-rw-rw-r--   1 travis travis   1446 Jan  3 00:55 ModularCG_A2_B1_profile.java
-rw-rw-r--   1 travis travis   3925 Jan  3 00:55 ModularCG_A2_B2.class
-rw-rw-r--   1 travis travis   9730 Jan  3 00:55 ModularCG_A2_B2.java
-rw-rw-r--   1 travis travis    832 Jan  3 00:55 ModularCG_A2_B2.mk
-rw-rw-r--   1 travis travis   1318 Jan  3 00:55 ModularCG_A2_B2_profile.class
-rw-rw-r--   1 travis travis   1262 Jan  3 00:55 ModularCG_A2_B2_profile.java
-rw-rw-r--   1 travis travis   5102 Jan  3 00:56 ModularCG_A2.class
-rw-rw-r--   1 travis travis  15129 Jan  3 00:56 ModularCG_A2.java
-rw-rw-r--   1 travis travis    808 Jan  3 00:56 ModularCG_A2.mk
-rw-rw-r--   1 travis travis   1433 Jan  3 00:56 ModularCG_A2_profile.class
-rw-rw-r--   1 travis travis   1704 Jan  3 00:55 ModularCG_A2_profile.java
-rw-rw-r--   1 travis travis   3705 Jan  3 00:56 ModularCGPubSub_A1_A2.class
-rw-rw-r--   1 travis travis   9076 Jan  3 00:56 ModularCGPubSub_A1_A2.java
-rw-rw-r--   1 travis travis    880 Jan  3 00:56 ModularCGPubSub_A1_A2.mk
-rw-rw-r--   1 travis travis   1300 Jan  3 00:56 ModularCGPubSub_A1_A2_profile.class
-rw-rw-r--   1 travis travis   1222 Jan  3 00:56 ModularCGPubSub_A1_A2_profile.java
-rw-rw-r--   1 travis travis   4022 Jan  3 00:56 ModularCGPubSub_A1.class
-rw-rw-r--   1 travis travis   9836 Jan  3 00:56 ModularCGPubSub_A1.java
-rw-rw-r--   1 travis travis    856 Jan  3 00:56 ModularCGPubSub_A1.mk
-rw-rw-r--   1 travis travis   1346 Jan  3 00:56 ModularCGPubSub_A1_profile.class
-rw-rw-r--   1 travis travis   1388 Jan  3 00:56 ModularCGPubSub_A1_profile.java
-rw-rw-r--   1 travis travis   4220 Jan  3 00:56 ModularCodeGen2_ModularCodeGenTypedCompositeActor.class
-rw-rw-r--   1 travis travis  11690 Jan  3 00:56 ModularCodeGen2_ModularCodeGenTypedCompositeActor.java
-rw-rw-r--   1 travis travis   1104 Jan  3 00:56 ModularCodeGen2_ModularCodeGenTypedCompositeActor.mk
-rw-rw-r--   1 travis travis   4504 Jan  3 00:56 ModularCodeGen2_ModularCodeGenTypedCompositeActor_ModularCodeGenTypedCompositeActor.class
-rw-rw-r--   1 travis travis  11790 Jan  3 00:56 ModularCodeGen2_ModularCodeGenTypedCompositeActor_ModularCodeGenTypedCompositeActor.java
-rw-rw-r--   1 travis travis   1376 Jan  3 00:56 ModularCodeGen2_ModularCodeGenTypedCompositeActor_ModularCodeGenTypedCompositeActor.mk
-rw-rw-r--   1 travis travis   1421 Jan  3 00:56 ModularCodeGen2_ModularCodeGenTypedCompositeActor_ModularCodeGenTypedCompositeActor_profile.class
-rw-rw-r--   1 travis travis   1294 Jan  3 00:56 ModularCodeGen2_ModularCodeGenTypedCompositeActor_ModularCodeGenTypedCompositeActor_profile.java
-rw-rw-r--   1 travis travis    820 Jan  3 00:56 ModularCodeGen2_ModularCodeGenTypedCompositeActor_profile.class
-rw-rw-r--   1 travis travis    693 Jan  3 00:56 ModularCodeGen2_ModularCodeGenTypedCompositeActor_profile.java
-rw-rw-r--   1 travis travis   3973 Jan  3 00:56 ModularCodeGen3_A1_B1.class
-rw-rw-r--   1 travis travis   9958 Jan  3 00:56 ModularCodeGen3_A1_B1.java
-rw-rw-r--   1 travis travis    880 Jan  3 00:56 ModularCodeGen3_A1_B1.mk
-rw-rw-r--   1 travis travis   1330 Jan  3 00:56 ModularCodeGen3_A1_B1_profile.class
-rw-rw-r--   1 travis travis   1274 Jan  3 00:56 ModularCodeGen3_A1_B1_profile.java
-rw-rw-r--   1 travis travis   3973 Jan  3 00:56 ModularCodeGen3_A1_B2.class
-rw-rw-r--   1 travis travis   9958 Jan  3 00:56 ModularCodeGen3_A1_B2.java
-rw-rw-r--   1 travis travis    880 Jan  3 00:56 ModularCodeGen3_A1_B2.mk
-rw-rw-r--   1 travis travis   1330 Jan  3 00:56 ModularCodeGen3_A1_B2_profile.class
-rw-rw-r--   1 travis travis   1274 Jan  3 00:56 ModularCodeGen3_A1_B2_profile.java
-rw-rw-r--   1 travis travis   5193 Jan  3 00:56 ModularCodeGen3_A1.class
-rw-rw-r--   1 travis travis  15564 Jan  3 00:56 ModularCodeGen3_A1.java
-rw-rw-r--   1 travis travis    856 Jan  3 00:56 ModularCodeGen3_A1.mk
-rw-rw-r--   1 travis travis   1445 Jan  3 00:56 ModularCodeGen3_A1_profile.class
-rw-rw-r--   1 travis travis   1716 Jan  3 00:56 ModularCodeGen3_A1_profile.java
-rw-rw-r--   1 travis travis   4119 Jan  3 00:56 ModularCodeGen3_A2_B1.class
-rw-rw-r--   1 travis travis  10955 Jan  3 00:56 ModularCodeGen3_A2_B1.java
-rw-rw-r--   1 travis travis    880 Jan  3 00:56 ModularCodeGen3_A2_B1.mk
-rw-rw-r--   1 travis travis   1393 Jan  3 00:56 ModularCodeGen3_A2_B1_profile.class
-rw-rw-r--   1 travis travis   1458 Jan  3 00:56 ModularCodeGen3_A2_B1_profile.java
-rw-rw-r--   1 travis travis   3973 Jan  3 00:56 ModularCodeGen3_A2_B2.class
-rw-rw-r--   1 travis travis   9958 Jan  3 00:56 ModularCodeGen3_A2_B2.java
-rw-rw-r--   1 travis travis    880 Jan  3 00:56 ModularCodeGen3_A2_B2.mk
-rw-rw-r--   1 travis travis   1330 Jan  3 00:56 ModularCodeGen3_A2_B2_profile.class
-rw-rw-r--   1 travis travis   1274 Jan  3 00:56 ModularCodeGen3_A2_B2_profile.java
-rw-rw-r--   1 travis travis   1716 Jan  3 00:56 ModularCodeGen3_A2_profile.java
-rw-rw-r--   1 travis travis   4186 Jan  3 00:56 ModularCodeGen_ModularCodeGenTypedCompositeActor.class
-rw-rw-r--   1 travis travis  10970 Jan  3 00:56 ModularCodeGen_ModularCodeGenTypedCompositeActor.java
-rw-rw-r--   1 travis travis   1096 Jan  3 00:56 ModularCodeGen_ModularCodeGenTypedCompositeActor.mk
-rw-rw-r--   1 travis travis   1384 Jan  3 00:56 ModularCodeGen_ModularCodeGenTypedCompositeActor_profile.class
-rw-rw-r--   1 travis travis   1328 Jan  3 00:56 ModularCodeGen_ModularCodeGenTypedCompositeActor_profile.java
-rw-rw-r--   1 travis travis   3724 Jan  3 00:55 ModularCodeGenTest_A1_A2.class
-rw-rw-r--   1 travis travis   9164 Jan  3 00:55 ModularCodeGenTest_A1_A2.java
-rw-rw-r--   1 travis travis   1306 Jan  3 00:55 ModularCodeGenTest_A1_A2_profile.class
-rw-rw-r--   1 travis travis   4055 Jan  3 00:55 ModularCodeGenTest_A1.class
-rw-rw-r--   1 travis travis   9968 Jan  3 00:55 ModularCodeGenTest_A1.java
-rw-rw-r--   1 travis travis    880 Jan  3 00:55 ModularCodeGenTest_A1.mk
-rw-rw-r--   1 travis travis   1352 Jan  3 00:55 ModularCodeGenTest_A1_profile.class
-rw-rw-r--   1 travis travis   1394 Jan  3 00:55 ModularCodeGenTest_A1_profile.java
drwxrwxr-x   3 travis travis  32768 Jan  3 00:55 modulation2
drwxrwxr-x 116 travis travis  12288 Jan  3 00:55 node_modules
drwxrwxr-x   3 travis travis  20480 Jan  3 00:51 PhaseUnwrap
drwxrwxr-x   3 travis travis  12288 Jan  3 00:51 ReadFile1
-rw-rw-r--   1 travis travis     11 Jan  3 00:51 ReadFile1Output.txt
-rw-rw-r--   1 travis travis  13773 Jan  3 00:55 Repeat.class
-rw-rw-r--   1 travis travis    685 Jan  3 00:55 Repeat$_fireFunction_Repeat_Repeat$__f_sL_11.class
-rw-rw-r--   1 travis travis    541 Jan  3 00:55 Repeat$_fireFunction_Repeat_Repeat$__f_sL_12.class
-rw-rw-r--   1 travis travis    541 Jan  3 00:55 Repeat$_fireFunction_Repeat_Repeat$__f_sL_13.class
-rw-rw-r--   1 travis travis    541 Jan  3 00:55 Repeat$_fireFunction_Repeat_Repeat$__f_sL_14.class
-rw-rw-r--   1 travis travis    684 Jan  3 00:55 Repeat$_fireFunction_Repeat_Repeat$__f_sL_1.class
-rw-rw-r--   1 travis travis    683 Jan  3 00:55 Repeat$_fireFunction_Repeat_Repeat$__f_sL_4.class
-rw-rw-r--   1 travis travis    539 Jan  3 00:55 Repeat$_fireFunction_Repeat_Repeat$__f_sL_9.class
-rw-rw-r--   1 travis travis    494 Jan  3 00:55 Repeat$_initialize_Repeat$__i_sL_2.class
-rw-rw-r--   1 travis travis   1281 Jan  3 00:55 Repeat.mk
-rw-rw-r--   1 travis travis    539 Jan  3 00:55 Repeat$_preinitializeMethod_Repeat$__p_sL_0.class
-rw-rw-r--   1 travis travis   1102 Jan  3 00:55 Repeat$_Repeat$_fireFunction_Repeat_AddSubtract_Repeat.class
-rw-rw-r--   1 travis travis    810 Jan  3 00:55 Repeat$_Repeat$_fireFunction_Repeat_AddSubtract_Repeat$__f_sL_0.class
-rw-rw-r--   1 travis travis    928 Jan  3 00:55 Repeat$_Repeat$_fireFunction_Repeat_AddSubtract_Repeat$__f_sL_1.class
-rw-rw-r--   1 travis travis    934 Jan  3 00:55 Repeat$_Repeat$_fireFunction_Repeat_AddSubtract_Repeat$__f_sL_2.class
-rw-rw-r--   1 travis travis    862 Jan  3 00:55 Repeat$_Repeat$_fireFunction_Repeat_AddSubtract_Repeat$__f_sL_3.class
-rw-rw-r--   1 travis travis    757 Jan  3 00:55 Repeat$_Repeat$_fireFunction_Repeat_Ramp2_Repeat$__f_sL_0.class
-rw-rw-r--   1 travis travis    888 Jan  3 00:55 Repeat$_Repeat$_fireFunction_Repeat_Test_Repeat$__f_sL_0.class
-rw-rw-r--   1 travis travis    634 Jan  3 00:55 Repeat$_Repeat$_fireFunction_Repeat_Test_Repeat$__f_sL_1.class
-rw-rw-r--   1 travis travis    704 Jan  3 00:55 Repeat$_Repeat_SDF_Director_run_Repeat$__R_sL_0.class
-rw-rw-r--   1 travis travis    705 Jan  3 00:55 Repeat$_Repeat_SDF_Director_run_Repeat$__R_sL_11.class
-rw-rw-r--   1 travis travis    561 Jan  3 00:55 Repeat$_Repeat_SDF_Director_run_Repeat$__R_sL_13.class
-rw-rw-r--   1 travis travis    559 Jan  3 00:55 Repeat$_Repeat_SDF_Director_run_Repeat$__R_sL_2.class
-rw-rw-r--   1 travis travis    703 Jan  3 00:55 Repeat$_Repeat_SDF_Director_run_Repeat$__R_sL_3.class
-rw-rw-r--   1 travis travis    559 Jan  3 00:55 Repeat$_Repeat_SDF_Director_run_Repeat$__R_sL_5.class
-rw-rw-r--   1 travis travis    559 Jan  3 00:55 Repeat$_Repeat_SDF_Director_run_Repeat$__R_sL_8.class
drwxrwxr-x   2 travis travis   4096 Jan  3 00:55 RepeatVariables
-rw-rw-r--   1 travis travis    882 Jan  3 00:55 Repeat$_varinit_Repeat.class
-rw-rw-r--   1 travis travis    550 Jan  3 00:55 Repeat$_varinit_Repeat$__v_sL_2.class
-rw-rw-r--   1 travis travis    924 Jan  3 00:55 Repeat$_varinit_Repeat$__v_sL_4.class
-rw-rw-r--   1 travis travis    978 Jan  3 00:55 Repeat$_wrapup_Repeat$__w_sL_1.class
drwxrwxr-x   3 travis travis  20480 Jan  3 00:52 Sinewave
drwxrwxr-x   3 travis travis  32768 Jan  3 00:53 StringFunction
drwxrwxr-x   3 travis travis  12288 Jan  3 00:53 StringLength
drwxrwxr-x   3 travis travis  61440 Jan  3 00:53 StringMatches2
drwxrwxr-x   3 travis travis  61440 Jan  3 00:54 StringSimpleReplace
drwxrwxr-x   3 travis travis  65536 Jan  3 00:54 StringSubstring
drwxrwxr-x   3 travis travis  24576 Jan  3 00:54 StringSubstring2
drwxrwxr-x   3 travis travis  16384 Jan  3 00:54 time1
drwxrwxr-x   3 travis travis  12288 Jan  3 00:55 time5
-rw-rw-r--   1 travis travis    432 Jan  3 00:56 Token.class
-rw-rw-r--   1 travis travis    251 Jan  3 00:56 Token.java
-rwxrwxr-x   1 travis travis 466992 Jan  3 00:49 top
-rw-rw-r--   1 travis travis  20502 Jan  3 00:49 top.c
-rw-rw-r--   1 travis travis   3799 Jan  3 00:55 top.class
-rw-rw-r--   1 travis travis   1257 Jan  3 00:55 top.mk
In "/home/travis/cg", about to execute:
    javac -classpath
.:/home/travis/build/icyphy/ptII:/home/travis/build/icyphy/ptII/lib/bsh-2.0b4.j
ar:/home/travis/build/icyphy/ptII/lib/ptCal.jar:/home/travis/build/icyphy/ptII/
lib/java_cup.jar:/home/travis/build/icyphy/ptII/lib/saxon8.jar:/home/travis/bui
ld/icyphy/ptII/lib/saxon8-dom.jar:/home/travis/build/icyphy/ptII/lib/chic.jar:/
home/travis/build/icyphy/ptII/lib/ptcolt.jar:/home/travis/build/icyphy/ptII/ven
dors/misc/itext/iText.jar:/home/travis/build/icyphy/ptII/lib/g4ltl.jar:/home/tr
avis/build/icyphy/ptII/lib/StructuralCoder.jar:/home/travis/build/icyphy/ptII/l
ib/jcerti.jar:/home/travis/build/icyphy/ptII/lib/javax.mail.jar:/home/travis/bu
ild/icyphy/ptII/vendors/JMF-2.1.1e/lib/jmf.jar:/home/travis/build/icyphy/ptII/l
ib/jna-4.0.0-variadic.jar:/home/travis/build/icyphy/ptII/vendors/misc/joystick/
Joystick.jar:/home/travis/build/icyphy/ptII/lib/ptjacl.jar:/home/travis/build/i
cyphy/ptII/lib/jsoup-1.8.2.jar:/home/travis/build/icyphy/ptII/lib/junit-4.8.2.j
ar:/home/travis/build/icyphy/ptII/lib/JUnitParams-0.4.0.jar:/home/travis/build/
icyphy/ptII/ptolemy/actor/lib/excel/jxl.jar:/home/travis/build/icyphy/ptII/lib/
jython.jar:/home/travis/build/icyphy/ptII/lib/kieler.jar:/home/travis/build/icy
phy/ptII/vendors/opencv/share/OpenCV/java/opencv-341.jar:/home/travis/build/icy
phy/ptII/lib/oscP5.jar:/home/travis/build/icyphy/ptII/lib/nrjavaserial-3.11.0.d
evel.jar:/home/travis/build/icyphy/ptII/vendors/j3d/lib/Linux/j3dcore.jar:/home
/travis/build/icyphy/ptII/vendors/j3d/lib/Linux/j3dutils.jar:/home/travis/build
/icyphy/ptII/vendors/j3d/lib/Linux/vecmath.jar:/home/travis/build/icyphy/ptII/v
endors/jogl/lib/Linux/gluegen-rt-natives-linux-amd64.jar:/home/travis/build/icy
phy/ptII/vendors/jogl/lib/Linux/gluegen-rt.jar:/home/travis/build/icyphy/ptII/v
endors/jogl/lib/Linux/jogl-all-natives-linux-amd64.jar:/home/travis/build/icyph
y/ptII/vendors/jogl/lib/Linux/jogl-all.jar:/home/travis/build/icyphy/ptII/ptole
my/distributed/jini/jar/jini-core.jar:/home/travis/build/icyphy/ptII/ptolemy/di
stributed/jini/jar/jini-ext.jar:/home/travis/build/icyphy/ptII/ptolemy/distribu
ted/jini/jar/sun-util.jar:/home/travis/build/icyphy/ptII/lib/protobuf-java-2.4.
1.jar:/home/travis/build/icyphy/ptII/lib/org.eclipse.paho.client.mqttv3.jar:/ho
me/travis/build/icyphy/ptII/lib/mapss.jar:/home/travis/build/icyphy/ptII/ptolem
y/actor/ptalon/antlr/antlr.jar:/home/travis/build/icyphy/ptII/lib/JRI.jar:/home
/travis/build/icyphy/ptII/lib/commons-lang-2.6.jar:/home/travis/build/icyphy/pt
II/lib/commons-logging-1.1.1.jar:/home/travis/build/icyphy/ptII/lib/sootclasses
.jar:/home/travis/build/icyphy/ptII/ptolemy/actor/lib/database/mysql-connector-
java-5.1.6-bin.jar:/home/travis/build/icyphy/ptII/vendors/misc/sphinx4/sphinx4-
data-5prealpha.jar:/home/travis/build/icyphy/ptII/vendors/misc/sphinx4/sphinx4-
core-5prealpha.jar:/home/travis/build/icyphy/ptII/lib/PDFRenderer.jar:/home/tra
vis/build/icyphy/ptII/lib/svgSalamander.jar:/home/travis/build/icyphy/ptII/lib/
rsyntaxtextarea-2.6.0-SNAPSHOT.jar:/home/travis/build/icyphy/ptII/lib/hazelcast
-3.8.2.jar:/home/travis/build/icyphy/ptII/lib/jackson-annotations-2.9.0.jar:/ho
me/travis/build/icyphy/ptII/lib/jackson-core-2.9.3.jar:/home/travis/build/icyph
y/ptII/lib/jackson-databind-2.9.3.jar:/home/travis/build/icyphy/ptII/lib/netty-
buffer-4.1.19.Final.jar:/home/travis/build/icyphy/ptII/lib/netty-codec-4.1.19.F
inal.jar:/home/travis/build/icyphy/ptII/lib/netty-codec-dns-4.1.19.Final.jar:/h
ome/travis/build/icyphy/ptII/lib/netty-codec-http-4.1.19.Final.jar:/home/travis
/build/icyphy/ptII/lib/netty-codec-http2-4.1.19.Final.jar:/home/travis/build/ic
yphy/ptII/lib/netty-common-4.1.19.Final.jar:/home/travis/build/icyphy/ptII/lib/
netty-handler-4.1.19.Final.jar:/home/travis/build/icyphy/ptII/lib/netty-resolve
r-4.1.19.Final.jar:/home/travis/build/icyphy/ptII/lib/netty-resolver-dns-4.1.19
.Final.jar:/home/travis/build/icyphy/ptII/lib/netty-transport-4.1.19.Final.jar:
/home/travis/build/icyphy/ptII/lib/vertx-codegen-3.5.1.jar:/home/travis/build/i
cyphy/ptII/lib/vertx-core-3.5.2-SNAPSHOT.jar:/home/travis/build/icyphy/ptII/lib
/vertx-hazelcast-3.5.1.jar:/home/travis/build/icyphy/ptII/lib/vertx-lang-js-3.5
.1.jar:/home/travis/build/icyphy/ptII/lib/vertx-service-proxy-3.5.1.jar:/home/t
ravis/build/icyphy/ptII/lib/vertx-web-3.5.1.jar:/home/travis/build/icyphy/ptII/
lib/slf4j-api-1.7.13.jar:/home/travis/build/icyphy/ptII/lib/slf4j-simple-1.7.13
.jar:/home/travis/build/icyphy/ptII/lib/webcam-capture-0.3.12.jar:/home/travis/
build/icyphy/ptII/lib/bridj-0.7.0.jar:/home/travis/build/icyphy/ptII/lib/xbjlib
-1.1.0.nrjavaserial.jar:/home/travis/build/icyphy/ptII/ptolemy/moml/test:/home/
travis/build/icyphy/ptII/ant/lib/ant-launcher.jar:/home/travis/build/icyphy/ptI
I/ant/lib/ant.jar:/home/travis/build/icyphy/ptII/ant/lib/ant-junit.jar:/home/tr
avis/build/icyphy/ptII/ant/lib/ant-junit4.jar:/home/travis/build/icyphy/ptII
ModularCodeGen3_A2_profile.java
All Done
Writing ModularCodeGen3_A2.java in file:/home/travis/cg/ (15957 characters)
Reading "ptolemy/cg/kernel/generic/program/procedural/java/modular/makefile.in",
    writing "/home/travis/cg/ModularCodeGen3_A2.mk"
Using ptolemy/cg/kernel/generic/program/procedural/java/modular/makefile.in
In "/home/travis/cg", about to execute:
    make -f ModularCodeGen3_A2.mk
javac -classpath ".:.."    ModularCodeGen3_A2.java
All Done
Manager.initialize() finished: 15133 ms. Memory: 129024K Free: 45117K (35%)
15136 ms. Memory: 129024K Free: 44603K (35%)
----------------- Invoking toplevel() on ptolemy.moml.MoMLSimpleApplication@4e8d967f
----------------- Done invoking toplevel() on ptolemy.moml.MoMLSimpleApplication@4e8d967f
reloadAllAccessors: .ModularCodeGen3

===========================================================================================
----------------- testing Fri Jan 03 00:56:30 UTC 2020 /home/travis/build/icyphy/ptII/ptolemy/cg/lib/test/auto/ModularCodeGen4.xml
----------------- Instantiating /home/travis/build/icyphy/ptII/ptolemy/cg/lib/test/auto/ModularCodeGen4.xml
In "/home/travis/cg", about to execute:
    pwd
In "/home/travis/cg", about to execute:
    ls -l
/home/travis/cg
In "/home/travis/cg", about to execute:
    javac -classpath
.:/home/travis/build/icyphy/ptII:/home/travis/build/icyphy/ptII/lib/bsh-2.0b4.j
ar:/home/travis/build/icyphy/ptII/lib/ptCal.jar:/home/travis/build/icyphy/ptII/
lib/java_cup.jar:/home/travis/build/icyphy/ptII/lib/saxon8.jar:/home/travis/bui
ld/icyphy/ptII/lib/saxon8-dom.jar:/home/travis/build/icyphy/ptII/lib/chic.jar:/
home/travis/build/icyphy/ptII/lib/ptcolt.jar:/home/travis/build/icyphy/ptII/ven
dors/misc/itext/iText.jar:/home/travis/build/icyphy/ptII/lib/g4ltl.jar:/home/tr
avis/build/icyphy/ptII/lib/StructuralCoder.jar:/home/travis/build/icyphy/ptII/l
ib/jcerti.jar:/home/travis/build/icyphy/ptII/lib/javax.mail.jar:/home/travis/bu
ild/icyphy/ptII/vendors/JMF-2.1.1e/lib/jmf.jar:/home/travis/build/icyphy/ptII/l
ib/jna-4.0.0-variadic.jar:/home/travis/build/icyphy/ptII/vendors/misc/joystick/
Joystick.jar:/home/travis/build/icyphy/ptII/lib/ptjacl.jar:/home/travis/build/i
cyphy/ptII/lib/jsoup-1.8.2.jar:/home/travis/build/icyphy/ptII/lib/junit-4.8.2.j
ar:/home/travis/build/icyphy/ptII/lib/JUnitParams-0.4.0.jar:/home/travis/build/
icyphy/ptII/ptolemy/actor/lib/excel/jxl.jar:/home/travis/build/icyphy/ptII/lib/
jython.jar:/home/travis/build/icyphy/ptII/lib/kieler.jar:/home/travis/build/icy
phy/ptII/vendors/opencv/share/OpenCV/java/opencv-341.jar:/home/travis/build/icy
phy/ptII/lib/oscP5.jar:/home/travis/build/icyphy/ptII/lib/nrjavaserial-3.11.0.d
evel.jar:/home/travis/build/icyphy/ptII/vendors/j3d/lib/Linux/j3dcore.jar:/home
/travis/build/icyphy/ptII/vendors/j3d/lib/Linux/j3dutils.jar:/home/travis/build
/icyphy/ptII/vendors/j3d/lib/Linux/vecmath.jar:/home/travis/build/icyphy/ptII/v
endors/jogl/lib/Linux/gluegen-rt-natives-linux-amd64.jar:/home/travis/build/icy
phy/ptII/vendors/jogl/lib/Linux/gluegen-rt.jar:/home/travis/build/icyphy/ptII/v
endors/jogl/lib/Linux/jogl-all-natives-linux-amd64.jar:/home/travis/build/icyph
y/ptII/vendors/jogl/lib/Linux/jogl-all.jar:/home/travis/build/icyphy/ptII/ptole
my/distributed/jini/jar/jini-core.jar:/home/travis/build/icyphy/ptII/ptolemy/di
stributed/jini/jar/jini-ext.jar:/home/travis/build/icyphy/ptII/ptolemy/distribu
ted/jini/jar/sun-util.jar:/home/travis/build/icyphy/ptII/lib/protobuf-java-2.4.
1.jar:/home/travis/build/icyphy/ptII/lib/org.eclipse.paho.client.mqttv3.jar:/ho
me/travis/build/icyphy/ptII/lib/mapss.jar:/home/travis/build/icyphy/ptII/ptolem
y/actor/ptalon/antlr/antlr.jar:/home/travis/build/icyphy/ptII/lib/JRI.jar:/home
/travis/build/icyphy/ptII/lib/commons-lang-2.6.jar:/home/travis/build/icyphy/pt
II/lib/commons-logging-1.1.1.jar:/home/travis/build/icyphy/ptII/lib/sootclasses
.jar:/home/travis/build/icyphy/ptII/ptolemy/actor/lib/database/mysql-connector-
java-5.1.6-bin.jar:/home/travis/build/icyphy/ptII/vendors/misc/sphinx4/sphinx4-
data-5prealpha.jar:/home/travis/build/icyphy/ptII/vendors/misc/sphinx4/sphinx4-
core-5prealpha.jar:/home/travis/build/icyphy/ptII/lib/PDFRenderer.jar:/home/tra
vis/build/icyphy/ptII/lib/svgSalamander.jar:/home/travis/build/icyphy/ptII/lib/
rsyntaxtextarea-2.6.0-SNAPSHOT.jar:/home/travis/build/icyphy/ptII/lib/hazelcast
-3.8.2.jar:/home/travis/build/icyphy/ptII/lib/jackson-annotations-2.9.0.jar:/ho
me/travis/build/icyphy/ptII/lib/jackson-core-2.9.3.jar:/home/travis/build/icyph
y/ptII/lib/jackson-databind-2.9.3.jar:/home/travis/build/icyphy/ptII/lib/netty-
buffer-4.1.19.Final.jar:/home/travis/build/icyphy/ptII/lib/netty-codec-4.1.19.F
inal.jar:/home/travis/build/icyphy/ptII/lib/netty-codec-dns-4.1.19.Final.jar:/h
ome/travis/build/icyphy/ptII/lib/netty-codec-http-4.1.19.Final.jar:/home/travis
/build/icyphy/ptII/lib/netty-codec-http2-4.1.19.Final.jar:/home/travis/build/ic
yphy/ptII/lib/netty-common-4.1.19.Final.jar:/home/travis/build/icyphy/ptII/lib/
netty-handler-4.1.19.Final.jar:/home/travis/build/icyphy/ptII/lib/netty-resolve
r-4.1.19.Final.jar:/home/travis/build/icyphy/ptII/lib/netty-resolver-dns-4.1.19
.Final.jar:/home/travis/build/icyphy/ptII/lib/netty-transport-4.1.19.Final.jar:
/home/travis/build/icyphy/ptII/lib/vertx-codegen-3.5.1.jar:/home/travis/build/i
cyphy/ptII/lib/vertx-core-3.5.2-SNAPSHOT.jar:/home/travis/build/icyphy/ptII/lib
/vertx-hazelcast-3.5.1.jar:/home/travis/build/icyphy/ptII/lib/vertx-lang-js-3.5
.1.jar:/home/travis/build/icyphy/ptII/lib/vertx-service-proxy-3.5.1.jar:/home/t
ravis/build/icyphy/ptII/lib/vertx-web-3.5.1.jar:/home/travis/build/icyphy/ptII/
lib/slf4j-api-1.7.13.jar:/home/travis/build/icyphy/ptII/lib/slf4j-simple-1.7.13
.jar:/home/travis/build/icyphy/ptII/lib/webcam-capture-0.3.12.jar:/home/travis/
build/icyphy/ptII/lib/bridj-0.7.0.jar:/home/travis/build/icyphy/ptII/lib/xbjlib
-1.1.0.nrjavaserial.jar:/home/travis/build/icyphy/ptII/ptolemy/moml/test:/home/
travis/build/icyphy/ptII/ant/lib/ant-launcher.jar:/home/travis/build/icyphy/ptI
I/ant/lib/ant.jar:/home/travis/build/icyphy/ptII/ant/lib/ant-junit.jar:/home/tr
avis/build/icyphy/ptII/ant/lib/ant-junit4.jar:/home/travis/build/icyphy/ptII
ModularCodeGen4_A1_B1_profile.java
total 1920
drwxrwxr-x   3 travis travis  12288 Jan  3 00:50 AbsoluteValue
drwxrwxr-x   3 travis travis 102400 Jan  3 00:49 AllColt
drwxrwxr-x   3 travis travis  12288 Jan  3 00:50 Case1
-rw-rw-r--   1 travis travis   5128 Jan  3 00:55 CompiledCompositeActor_CompiledCompositeActor.class
-rw-rw-r--   1 travis travis   1611 Jan  3 00:55 CompiledCompositeActor_CompiledCompositeActor$_CompiledCompositeActor_CompiledCompositeActor.class
-rw-rw-r--   1 travis travis  13466 Jan  3 00:55 CompiledCompositeActor_CompiledCompositeActor.java
-rw-rw-r--   1 travis travis   1593 Jan  3 00:55 CompiledCompositeActor_CompiledCompositeActor.mk
drwxrwxr-x   5 travis travis   4096 Jan  3 00:49 fmi
drwxrwxr-x   3 travis travis  16384 Jan  3 00:50 Gaussian2
-rw-rw-r--   1 travis travis   4684 Jan  3 00:55 JavaCompiledCompositeTest1_CompiledCompositeActor.class
-rw-rw-r--   1 travis travis  11637 Jan  3 00:55 JavaCompiledCompositeTest1_CompiledCompositeActor.java
-rw-rw-r--   1 travis travis   1217 Jan  3 00:55 JavaCompiledCompositeTest1_CompiledCompositeActor$_JavaCompiledCompositeTest1_CompiledCompositeActor.class
-rw-rw-r--   1 travis travis   1625 Jan  3 00:55 JavaCompiledCompositeTest1_CompiledCompositeActor.mk
-rw-rw-r--   1 travis travis   5115 Jan  3 00:55 JavaCompiledCompositeTest2_CompiledCompositeActor.class
-rw-rw-r--   1 travis travis  14919 Jan  3 00:55 JavaCompiledCompositeTest2_CompiledCompositeActor.java
-rw-rw-r--   1 travis travis   1812 Jan  3 00:55 JavaCompiledCompositeTest2_CompiledCompositeActor$_JavaCompiledCompositeTest2_CompiledCompositeActor.class
-rw-rw-r--   1 travis travis   1625 Jan  3 00:55 JavaCompiledCompositeTest2_CompiledCompositeActor.mk
-rw-rw-r--   1 travis travis   4732 Jan  3 00:55 JavaCompiledCompositeTest3_CompiledCompositeActor.class
-rw-rw-r--   1 travis travis  13080 Jan  3 00:55 JavaCompiledCompositeTest3_CompiledCompositeActor.java
-rw-rw-r--   1 travis travis   1397 Jan  3 00:55 JavaCompiledCompositeTest3_CompiledCompositeActor$_JavaCompiledCompositeTest3_CompiledCompositeActor.class
-rw-rw-r--   1 travis travis   1625 Jan  3 00:55 JavaCompiledCompositeTest3_CompiledCompositeActor.mk
-rw-rw-r--   1 travis travis   4183 Jan  3 00:55 JavaCompiledCompositeTest4_CompiledCompositeActor.class
-rw-rw-r--   1 travis travis   9687 Jan  3 00:55 JavaCompiledCompositeTest4_CompiledCompositeActor.java
-rw-rw-r--   1 travis travis    876 Jan  3 00:55 JavaCompiledCompositeTest4_CompiledCompositeActor$_JavaCompiledCompositeTest4_CompiledCompositeActor.class
-rw-rw-r--   1 travis travis   1625 Jan  3 00:55 JavaCompiledCompositeTest4_CompiledCompositeActor.mk
drwxrwxr-x   3 travis travis  12288 Jan  3 00:51 LookupTable
drwxrwxr-x   3 travis travis  20480 Jan  3 00:51 MaxIndex
-rw-rw-r--   1 travis travis   3925 Jan  3 00:55 ModularCG_A1_B1.class
-rw-rw-r--   1 travis travis   9730 Jan  3 00:55 ModularCG_A1_B1.java
-rw-rw-r--   1 travis travis    832 Jan  3 00:55 ModularCG_A1_B1.mk
-rw-rw-r--   1 travis travis   1318 Jan  3 00:55 ModularCG_A1_B1_profile.class
-rw-rw-r--   1 travis travis   1262 Jan  3 00:55 ModularCG_A1_B1_profile.java
-rw-rw-r--   1 travis travis   3925 Jan  3 00:55 ModularCG_A1_B2.class
-rw-rw-r--   1 travis travis   9730 Jan  3 00:55 ModularCG_A1_B2.java
-rw-rw-r--   1 travis travis    832 Jan  3 00:55 ModularCG_A1_B2.mk
-rw-rw-r--   1 travis travis   1318 Jan  3 00:55 ModularCG_A1_B2_profile.class
-rw-rw-r--   1 travis travis   1262 Jan  3 00:55 ModularCG_A1_B2_profile.java
-rw-rw-r--   1 travis travis   5031 Jan  3 00:55 ModularCG_A1.class
-rw-rw-r--   1 travis travis  14742 Jan  3 00:55 ModularCG_A1.java
-rw-rw-r--   1 travis travis    808 Jan  3 00:55 ModularCG_A1.mk
-rw-rw-r--   1 travis travis   1433 Jan  3 00:55 ModularCG_A1_profile.class
-rw-rw-r--   1 travis travis   1704 Jan  3 00:55 ModularCG_A1_profile.java
-rw-rw-r--   1 travis travis   4059 Jan  3 00:55 ModularCG_A2_B1.class
-rw-rw-r--   1 travis travis  10667 Jan  3 00:55 ModularCG_A2_B1.java
-rw-rw-r--   1 travis travis    832 Jan  3 00:55 ModularCG_A2_B1.mk
-rw-rw-r--   1 travis travis   1381 Jan  3 00:55 ModularCG_A2_B1_profile.class
-rw-rw-r--   1 travis travis   1446 Jan  3 00:55 ModularCG_A2_B1_profile.java
-rw-rw-r--   1 travis travis   3925 Jan  3 00:55 ModularCG_A2_B2.class
-rw-rw-r--   1 travis travis   9730 Jan  3 00:55 ModularCG_A2_B2.java
-rw-rw-r--   1 travis travis    832 Jan  3 00:55 ModularCG_A2_B2.mk
-rw-rw-r--   1 travis travis   1318 Jan  3 00:55 ModularCG_A2_B2_profile.class
-rw-rw-r--   1 travis travis   1262 Jan  3 00:55 ModularCG_A2_B2_profile.java
-rw-rw-r--   1 travis travis   5102 Jan  3 00:56 ModularCG_A2.class
-rw-rw-r--   1 travis travis  15129 Jan  3 00:56 ModularCG_A2.java
-rw-rw-r--   1 travis travis    808 Jan  3 00:56 ModularCG_A2.mk
-rw-rw-r--   1 travis travis   1433 Jan  3 00:56 ModularCG_A2_profile.class
-rw-rw-r--   1 travis travis   1704 Jan  3 00:55 ModularCG_A2_profile.java
-rw-rw-r--   1 travis travis   3705 Jan  3 00:56 ModularCGPubSub_A1_A2.class
-rw-rw-r--   1 travis travis   9076 Jan  3 00:56 ModularCGPubSub_A1_A2.java
-rw-rw-r--   1 travis travis    880 Jan  3 00:56 ModularCGPubSub_A1_A2.mk
-rw-rw-r--   1 travis travis   1300 Jan  3 00:56 ModularCGPubSub_A1_A2_profile.class
-rw-rw-r--   1 travis travis   1222 Jan  3 00:56 ModularCGPubSub_A1_A2_profile.java
-rw-rw-r--   1 travis travis   4022 Jan  3 00:56 ModularCGPubSub_A1.class
-rw-rw-r--   1 travis travis   9836 Jan  3 00:56 ModularCGPubSub_A1.java
-rw-rw-r--   1 travis travis    856 Jan  3 00:56 ModularCGPubSub_A1.mk
-rw-rw-r--   1 travis travis   1346 Jan  3 00:56 ModularCGPubSub_A1_profile.class
-rw-rw-r--   1 travis travis   1388 Jan  3 00:56 ModularCGPubSub_A1_profile.java
-rw-rw-r--   1 travis travis   4220 Jan  3 00:56 ModularCodeGen2_ModularCodeGenTypedCompositeActor.class
-rw-rw-r--   1 travis travis  11690 Jan  3 00:56 ModularCodeGen2_ModularCodeGenTypedCompositeActor.java
-rw-rw-r--   1 travis travis   1104 Jan  3 00:56 ModularCodeGen2_ModularCodeGenTypedCompositeActor.mk
-rw-rw-r--   1 travis travis   4504 Jan  3 00:56 ModularCodeGen2_ModularCodeGenTypedCompositeActor_ModularCodeGenTypedCompositeActor.class
-rw-rw-r--   1 travis travis  11790 Jan  3 00:56 ModularCodeGen2_ModularCodeGenTypedCompositeActor_ModularCodeGenTypedCompositeActor.java
-rw-rw-r--   1 travis travis   1376 Jan  3 00:56 ModularCodeGen2_ModularCodeGenTypedCompositeActor_ModularCodeGenTypedCompositeActor.mk
-rw-rw-r--   1 travis travis   1421 Jan  3 00:56 ModularCodeGen2_ModularCodeGenTypedCompositeActor_ModularCodeGenTypedCompositeActor_profile.class
-rw-rw-r--   1 travis travis   1294 Jan  3 00:56 ModularCodeGen2_ModularCodeGenTypedCompositeActor_ModularCodeGenTypedCompositeActor_profile.java
-rw-rw-r--   1 travis travis    820 Jan  3 00:56 ModularCodeGen2_ModularCodeGenTypedCompositeActor_profile.class
-rw-rw-r--   1 travis travis    693 Jan  3 00:56 ModularCodeGen2_ModularCodeGenTypedCompositeActor_profile.java
-rw-rw-r--   1 travis travis   3973 Jan  3 00:56 ModularCodeGen3_A1_B1.class
-rw-rw-r--   1 travis travis   9958 Jan  3 00:56 ModularCodeGen3_A1_B1.java
-rw-rw-r--   1 travis travis    880 Jan  3 00:56 ModularCodeGen3_A1_B1.mk
-rw-rw-r--   1 travis travis   1330 Jan  3 00:56 ModularCodeGen3_A1_B1_profile.class
-rw-rw-r--   1 travis travis   1274 Jan  3 00:56 ModularCodeGen3_A1_B1_profile.java
-rw-rw-r--   1 travis travis   3973 Jan  3 00:56 ModularCodeGen3_A1_B2.class
-rw-rw-r--   1 travis travis   9958 Jan  3 00:56 ModularCodeGen3_A1_B2.java
-rw-rw-r--   1 travis travis    880 Jan  3 00:56 ModularCodeGen3_A1_B2.mk
-rw-rw-r--   1 travis travis   1330 Jan  3 00:56 ModularCodeGen3_A1_B2_profile.class
-rw-rw-r--   1 travis travis   1274 Jan  3 00:56 ModularCodeGen3_A1_B2_profile.java
-rw-rw-r--   1 travis travis   5193 Jan  3 00:56 ModularCodeGen3_A1.class
-rw-rw-r--   1 travis travis  15564 Jan  3 00:56 ModularCodeGen3_A1.java
-rw-rw-r--   1 travis travis    856 Jan  3 00:56 ModularCodeGen3_A1.mk
-rw-rw-r--   1 travis travis   1445 Jan  3 00:56 ModularCodeGen3_A1_profile.class
-rw-rw-r--   1 travis travis   1716 Jan  3 00:56 ModularCodeGen3_A1_profile.java
-rw-rw-r--   1 travis travis   4119 Jan  3 00:56 ModularCodeGen3_A2_B1.class
-rw-rw-r--   1 travis travis  10955 Jan  3 00:56 ModularCodeGen3_A2_B1.java
-rw-rw-r--   1 travis travis    880 Jan  3 00:56 ModularCodeGen3_A2_B1.mk
-rw-rw-r--   1 travis travis   1393 Jan  3 00:56 ModularCodeGen3_A2_B1_profile.class
-rw-rw-r--   1 travis travis   1458 Jan  3 00:56 ModularCodeGen3_A2_B1_profile.java
-rw-rw-r--   1 travis travis   3973 Jan  3 00:56 ModularCodeGen3_A2_B2.class
-rw-rw-r--   1 travis travis   9958 Jan  3 00:56 ModularCodeGen3_A2_B2.java
-rw-rw-r--   1 travis travis    880 Jan  3 00:56 ModularCodeGen3_A2_B2.mk
-rw-rw-r--   1 travis travis   1330 Jan  3 00:56 ModularCodeGen3_A2_B2_profile.class
-rw-rw-r--   1 travis travis   1274 Jan  3 00:56 ModularCodeGen3_A2_B2_profile.java
-rw-rw-r--   1 travis travis   5270 Jan  3 00:56 ModularCodeGen3_A2.class
-rw-rw-r--   1 travis travis  15957 Jan  3 00:56 ModularCodeGen3_A2.java
-rw-rw-r--   1 travis travis    856 Jan  3 00:56 ModularCodeGen3_A2.mk
-rw-rw-r--   1 travis travis   1445 Jan  3 00:56 ModularCodeGen3_A2_profile.class
-rw-rw-r--   1 travis travis   1716 Jan  3 00:56 ModularCodeGen3_A2_profile.java
-rw-rw-r--   1 travis travis   1273 Jan  3 00:56 ModularCodeGen4_A1_B1_profile.java
-rw-rw-r--   1 travis travis   4186 Jan  3 00:56 ModularCodeGen_ModularCodeGenTypedCompositeActor.class
-rw-rw-r--   1 travis travis  10970 Jan  3 00:56 ModularCodeGen_ModularCodeGenTypedCompositeActor.java
-rw-rw-r--   1 travis travis   1096 Jan  3 00:56 ModularCodeGen_ModularCodeGenTypedCompositeActor.mk
-rw-rw-r--   1 travis travis   1384 Jan  3 00:56 ModularCodeGen_ModularCodeGenTypedCompositeActor_profile.class
-rw-rw-r--   1 travis travis   1328 Jan  3 00:56 ModularCodeGen_ModularCodeGenTypedCompositeActor_profile.java
-rw-rw-r--   1 travis travis   3724 Jan  3 00:55 ModularCodeGenTest_A1_A2.class
-rw-rw-r--   1 travis travis   9164 Jan  3 00:55 ModularCodeGenTest_A1_A2.java
-rw-rw-r--   1 travis travis   1306 Jan  3 00:55 ModularCodeGenTest_A1_A2_profile.class
-rw-rw-r--   1 travis travis   4055 Jan  3 00:55 ModularCodeGenTest_A1.class
-rw-rw-r--   1 travis travis   9968 Jan  3 00:55 ModularCodeGenTest_A1.java
-rw-rw-r--   1 travis travis    880 Jan  3 00:55 ModularCodeGenTest_A1.mk
-rw-rw-r--   1 travis travis   1352 Jan  3 00:55 ModularCodeGenTest_A1_profile.class
-rw-rw-r--   1 travis travis   1394 Jan  3 00:55 ModularCodeGenTest_A1_profile.java
drwxrwxr-x   3 travis travis  32768 Jan  3 00:55 modulation2
drwxrwxr-x 116 travis travis  12288 Jan  3 00:55 node_modules
drwxrwxr-x   3 travis travis  20480 Jan  3 00:51 PhaseUnwrap
drwxrwxr-x   3 travis travis  12288 Jan  3 00:51 ReadFile1
-rw-rw-r--   1 travis travis     11 Jan  3 00:51 ReadFile1Output.txt
-rw-rw-r--   1 travis travis  13773 Jan  3 00:55 Repeat.class
-rw-rw-r--   1 travis travis    685 Jan  3 00:55 Repeat$_fireFunction_Repeat_Repeat$__f_sL_11.class
-rw-rw-r--   1 travis travis    541 Jan  3 00:55 Repeat$_fireFunction_Repeat_Repeat$__f_sL_12.class
-rw-rw-r--   1 travis travis    541 Jan  3 00:55 Repeat$_fireFunction_Repeat_Repeat$__f_sL_13.class
-rw-rw-r--   1 travis travis    541 Jan  3 00:55 Repeat$_fireFunction_Repeat_Repeat$__f_sL_14.class
-rw-rw-r--   1 travis travis    684 Jan  3 00:55 Repeat$_fireFunction_Repeat_Repeat$__f_sL_1.class
-rw-rw-r--   1 travis travis    683 Jan  3 00:55 Repeat$_fireFunction_Repeat_Repeat$__f_sL_4.class
-rw-rw-r--   1 travis travis    539 Jan  3 00:55 Repeat$_fireFunction_Repeat_Repeat$__f_sL_9.class
-rw-rw-r--   1 travis travis    494 Jan  3 00:55 Repeat$_initialize_Repeat$__i_sL_2.class
-rw-rw-r--   1 travis travis   1281 Jan  3 00:55 Repeat.mk
-rw-rw-r--   1 travis travis    539 Jan  3 00:55 Repeat$_preinitializeMethod_Repeat$__p_sL_0.class
-rw-rw-r--   1 travis travis   1102 Jan  3 00:55 Repeat$_Repeat$_fireFunction_Repeat_AddSubtract_Repeat.class
-rw-rw-r--   1 travis travis    810 Jan  3 00:55 Repeat$_Repeat$_fireFunction_Repeat_AddSubtract_Repeat$__f_sL_0.class
-rw-rw-r--   1 travis travis    928 Jan  3 00:55 Repeat$_Repeat$_fireFunction_Repeat_AddSubtract_Repeat$__f_sL_1.class
-rw-rw-r--   1 travis travis    934 Jan  3 00:55 Repeat$_Repeat$_fireFunction_Repeat_AddSubtract_Repeat$__f_sL_2.class
-rw-rw-r--   1 travis travis    862 Jan  3 00:55 Repeat$_Repeat$_fireFunction_Repeat_AddSubtract_Repeat$__f_sL_3.class
-rw-rw-r--   1 travis travis    757 Jan  3 00:55 Repeat$_Repeat$_fireFunction_Repeat_Ramp2_Repeat$__f_sL_0.class
-rw-rw-r--   1 travis travis    888 Jan  3 00:55 Repeat$_Repeat$_fireFunction_Repeat_Test_Repeat$__f_sL_0.class
-rw-rw-r--   1 travis travis    634 Jan  3 00:55 Repeat$_Repeat$_fireFunction_Repeat_Test_Repeat$__f_sL_1.class
-rw-rw-r--   1 travis travis    704 Jan  3 00:55 Repeat$_Repeat_SDF_Director_run_Repeat$__R_sL_0.class
-rw-rw-r--   1 travis travis    705 Jan  3 00:55 Repeat$_Repeat_SDF_Director_run_Repeat$__R_sL_11.class
-rw-rw-r--   1 travis travis    561 Jan  3 00:55 Repeat$_Repeat_SDF_Director_run_Repeat$__R_sL_13.class
-rw-rw-r--   1 travis travis    559 Jan  3 00:55 Repeat$_Repeat_SDF_Director_run_Repeat$__R_sL_2.class
-rw-rw-r--   1 travis travis    703 Jan  3 00:55 Repeat$_Repeat_SDF_Director_run_Repeat$__R_sL_3.class
-rw-rw-r--   1 travis travis    559 Jan  3 00:55 Repeat$_Repeat_SDF_Director_run_Repeat$__R_sL_5.class
-rw-rw-r--   1 travis travis    559 Jan  3 00:55 Repeat$_Repeat_SDF_Director_run_Repeat$__R_sL_8.class
drwxrwxr-x   2 travis travis   4096 Jan  3 00:55 RepeatVariables
-rw-rw-r--   1 travis travis    882 Jan  3 00:55 Repeat$_varinit_Repeat.class
-rw-rw-r--   1 travis travis    550 Jan  3 00:55 Repeat$_varinit_Repeat$__v_sL_2.class
-rw-rw-r--   1 travis travis    924 Jan  3 00:55 Repeat$_varinit_Repeat$__v_sL_4.class
-rw-rw-r--   1 travis travis    978 Jan  3 00:55 Repeat$_wrapup_Repeat$__w_sL_1.class
drwxrwxr-x   3 travis travis  20480 Jan  3 00:52 Sinewave
drwxrwxr-x   3 travis travis  32768 Jan  3 00:53 StringFunction
drwxrwxr-x   3 travis travis  12288 Jan  3 00:53 StringLength
drwxrwxr-x   3 travis travis  61440 Jan  3 00:53 StringMatches2
drwxrwxr-x   3 travis travis  61440 Jan  3 00:54 StringSimpleReplace
drwxrwxr-x   3 travis travis  65536 Jan  3 00:54 StringSubstring
drwxrwxr-x   3 travis travis  24576 Jan  3 00:54 StringSubstring2
drwxrwxr-x   3 travis travis  16384 Jan  3 00:54 time1
drwxrwxr-x   3 travis travis  12288 Jan  3 00:55 time5
-rw-rw-r--   1 travis travis    432 Jan  3 00:56 Token.class
-rw-rw-r--   1 travis travis    251 Jan  3 00:56 Token.java
-rwxrwxr-x   1 travis travis 466992 Jan  3 00:49 top
-rw-rw-r--   1 travis travis  20502 Jan  3 00:49 top.c
-rw-rw-r--   1 travis travis   3799 Jan  3 00:55 top.class
-rw-rw-r--   1 travis travis   1257 Jan  3 00:55 top.mk
All Done
Writing ModularCodeGen4_A1_B1.java in file:/home/travis/cg/ (10312 characters)
Reading "ptolemy/cg/kernel/generic/program/procedural/java/modular/makefile.in",
    writing "/home/travis/cg/ModularCodeGen4_A1_B1.mk"
Using ptolemy/cg/kernel/generic/program/procedural/java/modular/makefile.in
In "/home/travis/cg", about to execute:
    make -f ModularCodeGen4_A1_B1.mk
javac -classpath ".:.."    ModularCodeGen4_A1_B1.java
All Done
In "/home/travis/cg", about to execute:
    pwd
In "/home/travis/cg", about to execute:
    ls -l
/home/travis/cg
In "/home/travis/cg", about to execute:
total 1948
drwxrwxr-x   3 travis travis  12288 Jan  3 00:50 AbsoluteValue
drwxrwxr-x   3 travis travis 102400 Jan  3 00:49 AllColt
drwxrwxr-x   3 travis travis  12288 Jan  3 00:50 Case1
-rw-rw-r--   1 travis travis   5128 Jan  3 00:55 CompiledCompositeActor_CompiledCompositeActor.class
-rw-rw-r--   1 travis travis   1611 Jan  3 00:55 CompiledCompositeActor_CompiledCompositeActor$_CompiledCompositeActor_CompiledCompositeActor.class
    javac -classpath
.:/home/travis/build/icyphy/ptII:/home/travis/build/icyphy/ptII/lib/bsh-2.0b4.j
ar:/home/travis/build/icyphy/ptII/lib/ptCal.jar:/home/travis/build/icyphy/ptII/
lib/java_cup.jar:/home/travis/build/icyphy/ptII/lib/saxon8.jar:/home/travis/bui
ld/icyphy/ptII/lib/saxon8-dom.jar:/home/travis/build/icyphy/ptII/lib/chic.jar:/
home/travis/build/icyphy/ptII/lib/ptcolt.jar:/home/travis/build/icyphy/ptII/ven
dors/misc/itext/iText.jar:/home/travis/build/icyphy/ptII/lib/g4ltl.jar:/home/tr
avis/build/icyphy/ptII/lib/StructuralCoder.jar:/home/travis/build/icyphy/ptII/l
ib/jcerti.jar:/home/travis/build/icyphy/ptII/lib/javax.mail.jar:/home/travis/bu
ild/icyphy/ptII/vendors/JMF-2.1.1e/lib/jmf.jar:/home/travis/build/icyphy/ptII/l
ib/jna-4.0.0-variadic.jar:/home/travis/build/icyphy/ptII/vendors/misc/joystick/
Joystick.jar:/home/travis/build/icyphy/ptII/lib/ptjacl.jar:/home/travis/build/i
cyphy/ptII/lib/jsoup-1.8.2.jar:/home/travis/build/icyphy/ptII/lib/junit-4.8.2.j
ar:/home/travis/build/icyphy/ptII/lib/JUnitParams-0.4.0.jar:/home/travis/build/
icyphy/ptII/ptolemy/actor/lib/excel/jxl.jar:/home/travis/build/icyphy/ptII/lib/
jython.jar:/home/travis/build/icyphy/ptII/lib/kieler.jar:/home/travis/build/icy
phy/ptII/vendors/opencv/share/OpenCV/java/opencv-341.jar:/home/travis/build/icy
phy/ptII/lib/oscP5.jar:/home/travis/build/icyphy/ptII/lib/nrjavaserial-3.11.0.d
evel.jar:/home/travis/build/icyphy/ptII/vendors/j3d/lib/Linux/j3dcore.jar:/home
/travis/build/icyphy/ptII/vendors/j3d/lib/Linux/j3dutils.jar:/home/travis/build
/icyphy/ptII/vendors/j3d/lib/Linux/vecmath.jar:/home/travis/build/icyphy/ptII/v
endors/jogl/lib/Linux/gluegen-rt-natives-linux-amd64.jar:/home/travis/build/icy
phy/ptII/vendors/jogl/lib/Linux/gluegen-rt.jar:/home/travis/build/icyphy/ptII/v
endors/jogl/lib/Linux/jogl-all-natives-linux-amd64.jar:/home/travis/build/icyph
y/ptII/vendors/jogl/lib/Linux/jogl-all.jar:/home/travis/build/icyphy/ptII/ptole
my/distributed/jini/jar/jini-core.jar:/home/travis/build/icyphy/ptII/ptolemy/di
stributed/jini/jar/jini-ext.jar:/home/travis/build/icyphy/ptII/ptolemy/distribu
ted/jini/jar/sun-util.jar:/home/travis/build/icyphy/ptII/lib/protobuf-java-2.4.
1.jar:/home/travis/build/icyphy/ptII/lib/org.eclipse.paho.client.mqttv3.jar:/ho
me/travis/build/icyphy/ptII/lib/mapss.jar:/home/travis/build/icyphy/ptII/ptolem
y/actor/ptalon/antlr/antlr.jar:/home/travis/build/icyphy/ptII/lib/JRI.jar:/home
/travis/build/icyphy/ptII/lib/commons-lang-2.6.jar:/home/travis/build/icyphy/pt
II/lib/commons-logging-1.1.1.jar:/home/travis/build/icyphy/ptII/lib/sootclasses
.jar:/home/travis/build/icyphy/ptII/ptolemy/actor/lib/database/mysql-connector-
java-5.1.6-bin.jar:/home/travis/build/icyphy/ptII/vendors/misc/sphinx4/sphinx4-
data-5prealpha.jar:/home/travis/build/icyphy/ptII/vendors/misc/sphinx4/sphinx4-
core-5prealpha.jar:/home/travis/build/icyphy/ptII/lib/PDFRenderer.jar:/home/tra
vis/build/icyphy/ptII/lib/svgSalamander.jar:/home/travis/build/icyphy/ptII/lib/
rsyntaxtextarea-2.6.0-SNAPSHOT.jar:/home/travis/build/icyphy/ptII/lib/hazelcast
-3.8.2.jar:/home/travis/build/icyphy/ptII/lib/jackson-annotations-2.9.0.jar:/ho
me/travis/build/icyphy/ptII/lib/jackson-core-2.9.3.jar:/home/travis/build/icyph
y/ptII/lib/jackson-databind-2.9.3.jar:/home/travis/build/icyphy/ptII/lib/netty-
buffer-4.1.19.Final.jar:/home/travis/build/icyphy/ptII/lib/netty-codec-4.1.19.F
inal.jar:/home/travis/build/icyphy/ptII/lib/netty-codec-dns-4.1.19.Final.jar:/h
ome/travis/build/icyphy/ptII/lib/netty-codec-http-4.1.19.Final.jar:/home/travis
/build/icyphy/ptII/lib/netty-codec-http2-4.1.19.Final.jar:/home/travis/build/ic
yphy/ptII/lib/netty-common-4.1.19.Final.jar:/home/travis/build/icyphy/ptII/lib/
netty-handler-4.1.19.Final.jar:/home/travis/build/icyphy/ptII/lib/netty-resolve
r-4.1.19.Final.jar:/home/travis/build/icyphy/ptII/lib/netty-resolver-dns-4.1.19
.Final.jar:/home/travis/build/icyphy/ptII/lib/netty-transport-4.1.19.Final.jar:
/home/travis/build/icyphy/ptII/lib/vertx-codegen-3.5.1.jar:/home/travis/build/i
cyphy/ptII/lib/vertx-core-3.5.2-SNAPSHOT.jar:/home/travis/build/icyphy/ptII/lib
/vertx-hazelcast-3.5.1.jar:/home/travis/build/icyphy/ptII/lib/vertx-lang-js-3.5
.1.jar:/home/travis/build/icyphy/ptII/lib/vertx-service-proxy-3.5.1.jar:/home/t
ravis/build/icyphy/ptII/lib/vertx-web-3.5.1.jar:/home/travis/build/icyphy/ptII/
lib/slf4j-api-1.7.13.jar:/home/travis/build/icyphy/ptII/lib/slf4j-simple-1.7.13
.jar:/home/travis/build/icyphy/ptII/lib/webcam-capture-0.3.12.jar:/home/travis/
build/icyphy/ptII/lib/bridj-0.7.0.jar:/home/travis/build/icyphy/ptII/lib/xbjlib
-1.1.0.nrjavaserial.jar:/home/travis/build/icyphy/ptII/ptolemy/moml/test:/home/
travis/build/icyphy/ptII/ant/lib/ant-launcher.jar:/home/travis/build/icyphy/ptI
I/ant/lib/ant.jar:/home/travis/build/icyphy/ptII/ant/lib/ant-junit.jar:/home/tr
avis/build/icyphy/ptII/ant/lib/ant-junit4.jar:/home/travis/build/icyphy/ptII
ModularCodeGen4_A1_B2_profile.java
-rw-rw-r--   1 travis travis  13466 Jan  3 00:55 CompiledCompositeActor_CompiledCompositeActor.java
-rw-rw-r--   1 travis travis   1593 Jan  3 00:55 CompiledCompositeActor_CompiledCompositeActor.mk
drwxrwxr-x   5 travis travis   4096 Jan  3 00:49 fmi
drwxrwxr-x   3 travis travis  16384 Jan  3 00:50 Gaussian2
-rw-rw-r--   1 travis travis   4684 Jan  3 00:55 JavaCompiledCompositeTest1_CompiledCompositeActor.class
-rw-rw-r--   1 travis travis  11637 Jan  3 00:55 JavaCompiledCompositeTest1_CompiledCompositeActor.java
-rw-rw-r--   1 travis travis   1217 Jan  3 00:55 JavaCompiledCompositeTest1_CompiledCompositeActor$_JavaCompiledCompositeTest1_CompiledCompositeActor.class
-rw-rw-r--   1 travis travis   1625 Jan  3 00:55 JavaCompiledCompositeTest1_CompiledCompositeActor.mk
-rw-rw-r--   1 travis travis   5115 Jan  3 00:55 JavaCompiledCompositeTest2_CompiledCompositeActor.class
-rw-rw-r--   1 travis travis  14919 Jan  3 00:55 JavaCompiledCompositeTest2_CompiledCompositeActor.java
-rw-rw-r--   1 travis travis   1812 Jan  3 00:55 JavaCompiledCompositeTest2_CompiledCompositeActor$_JavaCompiledCompositeTest2_CompiledCompositeActor.class
-rw-rw-r--   1 travis travis   1625 Jan  3 00:55 JavaCompiledCompositeTest2_CompiledCompositeActor.mk
-rw-rw-r--   1 travis travis   4732 Jan  3 00:55 JavaCompiledCompositeTest3_CompiledCompositeActor.class
-rw-rw-r--   1 travis travis  13080 Jan  3 00:55 JavaCompiledCompositeTest3_CompiledCompositeActor.java
-rw-rw-r--   1 travis travis   1397 Jan  3 00:55 JavaCompiledCompositeTest3_CompiledCompositeActor$_JavaCompiledCompositeTest3_CompiledCompositeActor.class
-rw-rw-r--   1 travis travis   1625 Jan  3 00:55 JavaCompiledCompositeTest3_CompiledCompositeActor.mk
-rw-rw-r--   1 travis travis   4183 Jan  3 00:55 JavaCompiledCompositeTest4_CompiledCompositeActor.class
-rw-rw-r--   1 travis travis   9687 Jan  3 00:55 JavaCompiledCompositeTest4_CompiledCompositeActor.java
-rw-rw-r--   1 travis travis    876 Jan  3 00:55 JavaCompiledCompositeTest4_CompiledCompositeActor$_JavaCompiledCompositeTest4_CompiledCompositeActor.class
-rw-rw-r--   1 travis travis   1625 Jan  3 00:55 JavaCompiledCompositeTest4_CompiledCompositeActor.mk
drwxrwxr-x   3 travis travis  12288 Jan  3 00:51 LookupTable
drwxrwxr-x   3 travis travis  20480 Jan  3 00:51 MaxIndex
-rw-rw-r--   1 travis travis   3925 Jan  3 00:55 ModularCG_A1_B1.class
-rw-rw-r--   1 travis travis   9730 Jan  3 00:55 ModularCG_A1_B1.java
-rw-rw-r--   1 travis travis    832 Jan  3 00:55 ModularCG_A1_B1.mk
-rw-rw-r--   1 travis travis   1318 Jan  3 00:55 ModularCG_A1_B1_profile.class
-rw-rw-r--   1 travis travis   1262 Jan  3 00:55 ModularCG_A1_B1_profile.java
-rw-rw-r--   1 travis travis   3925 Jan  3 00:55 ModularCG_A1_B2.class
-rw-rw-r--   1 travis travis   9730 Jan  3 00:55 ModularCG_A1_B2.java
-rw-rw-r--   1 travis travis    832 Jan  3 00:55 ModularCG_A1_B2.mk
-rw-rw-r--   1 travis travis   1318 Jan  3 00:55 ModularCG_A1_B2_profile.class
-rw-rw-r--   1 travis travis   1262 Jan  3 00:55 ModularCG_A1_B2_profile.java
-rw-rw-r--   1 travis travis   5031 Jan  3 00:55 ModularCG_A1.class
-rw-rw-r--   1 travis travis  14742 Jan  3 00:55 ModularCG_A1.java
-rw-rw-r--   1 travis travis    808 Jan  3 00:55 ModularCG_A1.mk
-rw-rw-r--   1 travis travis   1433 Jan  3 00:55 ModularCG_A1_profile.class
-rw-rw-r--   1 travis travis   1704 Jan  3 00:55 ModularCG_A1_profile.java
-rw-rw-r--   1 travis travis   4059 Jan  3 00:55 ModularCG_A2_B1.class
-rw-rw-r--   1 travis travis  10667 Jan  3 00:55 ModularCG_A2_B1.java
-rw-rw-r--   1 travis travis    832 Jan  3 00:55 ModularCG_A2_B1.mk
-rw-rw-r--   1 travis travis   1381 Jan  3 00:55 ModularCG_A2_B1_profile.class
-rw-rw-r--   1 travis travis   1446 Jan  3 00:55 ModularCG_A2_B1_profile.java
-rw-rw-r--   1 travis travis   3925 Jan  3 00:55 ModularCG_A2_B2.class
-rw-rw-r--   1 travis travis   9730 Jan  3 00:55 ModularCG_A2_B2.java
-rw-rw-r--   1 travis travis    832 Jan  3 00:55 ModularCG_A2_B2.mk
-rw-rw-r--   1 travis travis   1318 Jan  3 00:55 ModularCG_A2_B2_profile.class
-rw-rw-r--   1 travis travis   1262 Jan  3 00:55 ModularCG_A2_B2_profile.java
-rw-rw-r--   1 travis travis   5102 Jan  3 00:56 ModularCG_A2.class
-rw-rw-r--   1 travis travis  15129 Jan  3 00:56 ModularCG_A2.java
-rw-rw-r--   1 travis travis    808 Jan  3 00:56 ModularCG_A2.mk
-rw-rw-r--   1 travis travis   1433 Jan  3 00:56 ModularCG_A2_profile.class
-rw-rw-r--   1 travis travis   1704 Jan  3 00:55 ModularCG_A2_profile.java
-rw-rw-r--   1 travis travis   3705 Jan  3 00:56 ModularCGPubSub_A1_A2.class
-rw-rw-r--   1 travis travis   9076 Jan  3 00:56 ModularCGPubSub_A1_A2.java
-rw-rw-r--   1 travis travis    880 Jan  3 00:56 ModularCGPubSub_A1_A2.mk
-rw-rw-r--   1 travis travis   1300 Jan  3 00:56 ModularCGPubSub_A1_A2_profile.class
-rw-rw-r--   1 travis travis   1222 Jan  3 00:56 ModularCGPubSub_A1_A2_profile.java
-rw-rw-r--   1 travis travis   4022 Jan  3 00:56 ModularCGPubSub_A1.class
-rw-rw-r--   1 travis travis   9836 Jan  3 00:56 ModularCGPubSub_A1.java
-rw-rw-r--   1 travis travis    856 Jan  3 00:56 ModularCGPubSub_A1.mk
-rw-rw-r--   1 travis travis   1346 Jan  3 00:56 ModularCGPubSub_A1_profile.class
-rw-rw-r--   1 travis travis   1388 Jan  3 00:56 ModularCGPubSub_A1_profile.java
-rw-rw-r--   1 travis travis   4220 Jan  3 00:56 ModularCodeGen2_ModularCodeGenTypedCompositeActor.class
-rw-rw-r--   1 travis travis  11690 Jan  3 00:56 ModularCodeGen2_ModularCodeGenTypedCompositeActor.java
-rw-rw-r--   1 travis travis   1104 Jan  3 00:56 ModularCodeGen2_ModularCodeGenTypedCompositeActor.mk
-rw-rw-r--   1 travis travis   4504 Jan  3 00:56 ModularCodeGen2_ModularCodeGenTypedCompositeActor_ModularCodeGenTypedCompositeActor.class
-rw-rw-r--   1 travis travis  11790 Jan  3 00:56 ModularCodeGen2_ModularCodeGenTypedCompositeActor_ModularCodeGenTypedCompositeActor.java
-rw-rw-r--   1 travis travis   1376 Jan  3 00:56 ModularCodeGen2_ModularCodeGenTypedCompositeActor_ModularCodeGenTypedCompositeActor.mk
-rw-rw-r--   1 travis travis   1421 Jan  3 00:56 ModularCodeGen2_ModularCodeGenTypedCompositeActor_ModularCodeGenTypedCompositeActor_profile.class
-rw-rw-r--   1 travis travis   1294 Jan  3 00:56 ModularCodeGen2_ModularCodeGenTypedCompositeActor_ModularCodeGenTypedCompositeActor_profile.java
-rw-rw-r--   1 travis travis    820 Jan  3 00:56 ModularCodeGen2_ModularCodeGenTypedCompositeActor_profile.class
-rw-rw-r--   1 travis travis    693 Jan  3 00:56 ModularCodeGen2_ModularCodeGenTypedCompositeActor_profile.java
-rw-rw-r--   1 travis travis   3973 Jan  3 00:56 ModularCodeGen3_A1_B1.class
-rw-rw-r--   1 travis travis   9958 Jan  3 00:56 ModularCodeGen3_A1_B1.java
-rw-rw-r--   1 travis travis    880 Jan  3 00:56 ModularCodeGen3_A1_B1.mk
-rw-rw-r--   1 travis travis   1330 Jan  3 00:56 ModularCodeGen3_A1_B1_profile.class
-rw-rw-r--   1 travis travis   1274 Jan  3 00:56 ModularCodeGen3_A1_B1_profile.java
-rw-rw-r--   1 travis travis   3973 Jan  3 00:56 ModularCodeGen3_A1_B2.class
-rw-rw-r--   1 travis travis   9958 Jan  3 00:56 ModularCodeGen3_A1_B2.java
-rw-rw-r--   1 travis travis    880 Jan  3 00:56 ModularCodeGen3_A1_B2.mk
-rw-rw-r--   1 travis travis   1330 Jan  3 00:56 ModularCodeGen3_A1_B2_profile.class
-rw-rw-r--   1 travis travis   1274 Jan  3 00:56 ModularCodeGen3_A1_B2_profile.java
-rw-rw-r--   1 travis travis   5193 Jan  3 00:56 ModularCodeGen3_A1.class
-rw-rw-r--   1 travis travis  15564 Jan  3 00:56 ModularCodeGen3_A1.java
-rw-rw-r--   1 travis travis    856 Jan  3 00:56 ModularCodeGen3_A1.mk
-rw-rw-r--   1 travis travis   1445 Jan  3 00:56 ModularCodeGen3_A1_profile.class
-rw-rw-r--   1 travis travis   1716 Jan  3 00:56 ModularCodeGen3_A1_profile.java
-rw-rw-r--   1 travis travis   4119 Jan  3 00:56 ModularCodeGen3_A2_B1.class
-rw-rw-r--   1 travis travis  10955 Jan  3 00:56 ModularCodeGen3_A2_B1.java
-rw-rw-r--   1 travis travis    880 Jan  3 00:56 ModularCodeGen3_A2_B1.mk
-rw-rw-r--   1 travis travis   1393 Jan  3 00:56 ModularCodeGen3_A2_B1_profile.class
-rw-rw-r--   1 travis travis   1458 Jan  3 00:56 ModularCodeGen3_A2_B1_profile.java
-rw-rw-r--   1 travis travis   3973 Jan  3 00:56 ModularCodeGen3_A2_B2.class
-rw-rw-r--   1 travis travis   9958 Jan  3 00:56 ModularCodeGen3_A2_B2.java
-rw-rw-r--   1 travis travis    880 Jan  3 00:56 ModularCodeGen3_A2_B2.mk
-rw-rw-r--   1 travis travis   1330 Jan  3 00:56 ModularCodeGen3_A2_B2_profile.class
-rw-rw-r--   1 travis travis   1274 Jan  3 00:56 ModularCodeGen3_A2_B2_profile.java
-rw-rw-r--   1 travis travis   5270 Jan  3 00:56 ModularCodeGen3_A2.class
-rw-rw-r--   1 travis travis  15957 Jan  3 00:56 ModularCodeGen3_A2.java
-rw-rw-r--   1 travis travis    856 Jan  3 00:56 ModularCodeGen3_A2.mk
-rw-rw-r--   1 travis travis   1445 Jan  3 00:56 ModularCodeGen3_A2_profile.class
-rw-rw-r--   1 travis travis   1716 Jan  3 00:56 ModularCodeGen3_A2_profile.java
-rw-rw-r--   1 travis travis   4026 Jan  3 00:56 ModularCodeGen4_A1_B1.class
-rw-rw-r--   1 travis travis  10312 Jan  3 00:56 ModularCodeGen4_A1_B1.java
-rw-rw-r--   1 travis travis    880 Jan  3 00:56 ModularCodeGen4_A1_B1.mk
-rw-rw-r--   1 travis travis   1330 Jan  3 00:56 ModularCodeGen4_A1_B1_profile.class
-rw-rw-r--   1 travis travis   1273 Jan  3 00:56 ModularCodeGen4_A1_B1_profile.java
-rw-rw-r--   1 travis travis   1273 Jan  3 00:56 ModularCodeGen4_A1_B2_profile.java
-rw-rw-r--   1 travis travis   4186 Jan  3 00:56 ModularCodeGen_ModularCodeGenTypedCompositeActor.class
-rw-rw-r--   1 travis travis  10970 Jan  3 00:56 ModularCodeGen_ModularCodeGenTypedCompositeActor.java
-rw-rw-r--   1 travis travis   1096 Jan  3 00:56 ModularCodeGen_ModularCodeGenTypedCompositeActor.mk
-rw-rw-r--   1 travis travis   1384 Jan  3 00:56 ModularCodeGen_ModularCodeGenTypedCompositeActor_profile.class
-rw-rw-r--   1 travis travis   1328 Jan  3 00:56 ModularCodeGen_ModularCodeGenTypedCompositeActor_profile.java
-rw-rw-r--   1 travis travis   3724 Jan  3 00:55 ModularCodeGenTest_A1_A2.class
-rw-rw-r--   1 travis travis   9164 Jan  3 00:55 ModularCodeGenTest_A1_A2.java
-rw-rw-r--   1 travis travis   1306 Jan  3 00:55 ModularCodeGenTest_A1_A2_profile.class
-rw-rw-r--   1 travis travis   4055 Jan  3 00:55 ModularCodeGenTest_A1.class
-rw-rw-r--   1 travis travis   9968 Jan  3 00:55 ModularCodeGenTest_A1.java
-rw-rw-r--   1 travis travis    880 Jan  3 00:55 ModularCodeGenTest_A1.mk
-rw-rw-r--   1 travis travis   1352 Jan  3 00:55 ModularCodeGenTest_A1_profile.class
-rw-rw-r--   1 travis travis   1394 Jan  3 00:55 ModularCodeGenTest_A1_profile.java
drwxrwxr-x   3 travis travis  32768 Jan  3 00:55 modulation2
drwxrwxr-x 116 travis travis  12288 Jan  3 00:55 node_modules
drwxrwxr-x   3 travis travis  20480 Jan  3 00:51 PhaseUnwrap
drwxrwxr-x   3 travis travis  12288 Jan  3 00:51 ReadFile1
-rw-rw-r--   1 travis travis     11 Jan  3 00:51 ReadFile1Output.txt
-rw-rw-r--   1 travis travis  13773 Jan  3 00:55 Repeat.class
-rw-rw-r--   1 travis travis    685 Jan  3 00:55 Repeat$_fireFunction_Repeat_Repeat$__f_sL_11.class
-rw-rw-r--   1 travis travis    541 Jan  3 00:55 Repeat$_fireFunction_Repeat_Repeat$__f_sL_12.class
-rw-rw-r--   1 travis travis    541 Jan  3 00:55 Repeat$_fireFunction_Repeat_Repeat$__f_sL_13.class
-rw-rw-r--   1 travis travis    541 Jan  3 00:55 Repeat$_fireFunction_Repeat_Repeat$__f_sL_14.class
-rw-rw-r--   1 travis travis    684 Jan  3 00:55 Repeat$_fireFunction_Repeat_Repeat$__f_sL_1.class
-rw-rw-r--   1 travis travis    683 Jan  3 00:55 Repeat$_fireFunction_Repeat_Repeat$__f_sL_4.class
-rw-rw-r--   1 travis travis    539 Jan  3 00:55 Repeat$_fireFunction_Repeat_Repeat$__f_sL_9.class
-rw-rw-r--   1 travis travis    494 Jan  3 00:55 Repeat$_initialize_Repeat$__i_sL_2.class
-rw-rw-r--   1 travis travis   1281 Jan  3 00:55 Repeat.mk
-rw-rw-r--   1 travis travis    539 Jan  3 00:55 Repeat$_preinitializeMethod_Repeat$__p_sL_0.class
-rw-rw-r--   1 travis travis   1102 Jan  3 00:55 Repeat$_Repeat$_fireFunction_Repeat_AddSubtract_Repeat.class
-rw-rw-r--   1 travis travis    810 Jan  3 00:55 Repeat$_Repeat$_fireFunction_Repeat_AddSubtract_Repeat$__f_sL_0.class
-rw-rw-r--   1 travis travis    928 Jan  3 00:55 Repeat$_Repeat$_fireFunction_Repeat_AddSubtract_Repeat$__f_sL_1.class
-rw-rw-r--   1 travis travis    934 Jan  3 00:55 Repeat$_Repeat$_fireFunction_Repeat_AddSubtract_Repeat$__f_sL_2.class
-rw-rw-r--   1 travis travis    862 Jan  3 00:55 Repeat$_Repeat$_fireFunction_Repeat_AddSubtract_Repeat$__f_sL_3.class
-rw-rw-r--   1 travis travis    757 Jan  3 00:55 Repeat$_Repeat$_fireFunction_Repeat_Ramp2_Repeat$__f_sL_0.class
-rw-rw-r--   1 travis travis    888 Jan  3 00:55 Repeat$_Repeat$_fireFunction_Repeat_Test_Repeat$__f_sL_0.class
-rw-rw-r--   1 travis travis    634 Jan  3 00:55 Repeat$_Repeat$_fireFunction_Repeat_Test_Repeat$__f_sL_1.class
-rw-rw-r--   1 travis travis    704 Jan  3 00:55 Repeat$_Repeat_SDF_Director_run_Repeat$__R_sL_0.class
-rw-rw-r--   1 travis travis    705 Jan  3 00:55 Repeat$_Repeat_SDF_Director_run_Repeat$__R_sL_11.class
-rw-rw-r--   1 travis travis    561 Jan  3 00:55 Repeat$_Repeat_SDF_Director_run_Repeat$__R_sL_13.class
-rw-rw-r--   1 travis travis    559 Jan  3 00:55 Repeat$_Repeat_SDF_Director_run_Repeat$__R_sL_2.class
-rw-rw-r--   1 travis travis    703 Jan  3 00:55 Repeat$_Repeat_SDF_Director_run_Repeat$__R_sL_3.class
-rw-rw-r--   1 travis travis    559 Jan  3 00:55 Repeat$_Repeat_SDF_Director_run_Repeat$__R_sL_5.class
-rw-rw-r--   1 travis travis    559 Jan  3 00:55 Repeat$_Repeat_SDF_Director_run_Repeat$__R_sL_8.class
drwxrwxr-x   2 travis travis   4096 Jan  3 00:55 RepeatVariables
-rw-rw-r--   1 travis travis    882 Jan  3 00:55 Repeat$_varinit_Repeat.class
-rw-rw-r--   1 travis travis    550 Jan  3 00:55 Repeat$_varinit_Repeat$__v_sL_2.class
-rw-rw-r--   1 travis travis    924 Jan  3 00:55 Repeat$_varinit_Repeat$__v_sL_4.class
-rw-rw-r--   1 travis travis    978 Jan  3 00:55 Repeat$_wrapup_Repeat$__w_sL_1.class
drwxrwxr-x   3 travis travis  20480 Jan  3 00:52 Sinewave
drwxrwxr-x   3 travis travis  32768 Jan  3 00:53 StringFunction
drwxrwxr-x   3 travis travis  12288 Jan  3 00:53 StringLength
drwxrwxr-x   3 travis travis  61440 Jan  3 00:53 StringMatches2
drwxrwxr-x   3 travis travis  61440 Jan  3 00:54 StringSimpleReplace
drwxrwxr-x   3 travis travis  65536 Jan  3 00:54 StringSubstring
drwxrwxr-x   3 travis travis  24576 Jan  3 00:54 StringSubstring2
drwxrwxr-x   3 travis travis  16384 Jan  3 00:54 time1
drwxrwxr-x   3 travis travis  12288 Jan  3 00:55 time5
-rw-rw-r--   1 travis travis    432 Jan  3 00:56 Token.class
-rw-rw-r--   1 travis travis    251 Jan  3 00:56 Token.java
-rwxrwxr-x   1 travis travis 466992 Jan  3 00:49 top
-rw-rw-r--   1 travis travis  20502 Jan  3 00:49 top.c
-rw-rw-r--   1 travis travis   3799 Jan  3 00:55 top.class
-rw-rw-r--   1 travis travis   1257 Jan  3 00:55 top.mk
All Done
Writing ModularCodeGen4_A1_B2.java in file:/home/travis/cg/ (10312 characters)
Reading "ptolemy/cg/kernel/generic/program/procedural/java/modular/makefile.in",
    writing "/home/travis/cg/ModularCodeGen4_A1_B2.mk"
Using ptolemy/cg/kernel/generic/program/procedural/java/modular/makefile.in
In "/home/travis/cg", about to execute:
    make -f ModularCodeGen4_A1_B2.mk
javac -classpath ".:.."    ModularCodeGen4_A1_B2.java
All Done
In "/home/travis/cg", about to execute:
    pwd
In "/home/travis/cg", about to execute:
    ls -l
/home/travis/cg
total 1976
drwxrwxr-x   3 travis travis  12288 Jan  3 00:50 AbsoluteValue
drwxrwxr-x   3 travis travis 102400 Jan  3 00:49 AllColt
drwxrwxr-x   3 travis travis  12288 Jan  3 00:50 Case1
-rw-rw-r--   1 travis travis   5128 Jan  3 00:55 CompiledCompositeActor_CompiledCompositeActor.class
-rw-rw-r--   1 travis travis   1611 Jan  3 00:55 CompiledCompositeActor_CompiledCompositeActor$_CompiledCompositeActor_CompiledCompositeActor.class
-rw-rw-r--   1 travis travis  13466 Jan  3 00:55 CompiledCompositeActor_CompiledCompositeActor.java
-rw-rw-r--   1 travis travis   1593 Jan  3 00:55 CompiledCompositeActor_CompiledCompositeActor.mk
drwxrwxr-x   5 travis travis   4096 Jan  3 00:49 fmi
drwxrwxr-x   3 travis travis  16384 Jan  3 00:50 Gaussian2
-rw-rw-r--   1 travis travis   4684 Jan  3 00:55 JavaCompiledCompositeTest1_CompiledCompositeActor.class
-rw-rw-r--   1 travis travis  11637 Jan  3 00:55 JavaCompiledCompositeTest1_CompiledCompositeActor.java
-rw-rw-r--   1 travis travis   1217 Jan  3 00:55 JavaCompiledCompositeTest1_CompiledCompositeActor$_JavaCompiledCompositeTest1_CompiledCompositeActor.class
-rw-rw-r--   1 travis travis   1625 Jan  3 00:55 JavaCompiledCompositeTest1_CompiledCompositeActor.mk
-rw-rw-r--   1 travis travis   5115 Jan  3 00:55 JavaCompiledCompositeTest2_CompiledCompositeActor.class
-rw-rw-r--   1 travis travis  14919 Jan  3 00:55 JavaCompiledCompositeTest2_CompiledCompositeActor.java
-rw-rw-r--   1 travis travis   1812 Jan  3 00:55 JavaCompiledCompositeTest2_CompiledCompositeActor$_JavaCompiledCompositeTest2_CompiledCompositeActor.class
-rw-rw-r--   1 travis travis   1625 Jan  3 00:55 JavaCompiledCompositeTest2_CompiledCompositeActor.mk
-rw-rw-r--   1 travis travis   4732 Jan  3 00:55 JavaCompiledCompositeTest3_CompiledCompositeActor.class
-rw-rw-r--   1 travis travis  13080 Jan  3 00:55 JavaCompiledCompositeTest3_CompiledCompositeActor.java
-rw-rw-r--   1 travis travis   1397 Jan  3 00:55 JavaCompiledCompositeTest3_CompiledCompositeActor$_JavaCompiledCompositeTest3_CompiledCompositeActor.class
-rw-rw-r--   1 travis travis   1625 Jan  3 00:55 JavaCompiledCompositeTest3_CompiledCompositeActor.mk
-rw-rw-r--   1 travis travis   4183 Jan  3 00:55 JavaCompiledCompositeTest4_CompiledCompositeActor.class
-rw-rw-r--   1 travis travis   9687 Jan  3 00:55 JavaCompiledCompositeTest4_CompiledCompositeActor.java
-rw-rw-r--   1 travis travis    876 Jan  3 00:55 JavaCompiledCompositeTest4_CompiledCompositeActor$_JavaCompiledCompositeTest4_CompiledCompositeActor.class
-rw-rw-r--   1 travis travis   1625 Jan  3 00:55 JavaCompiledCompositeTest4_CompiledCompositeActor.mk
drwxrwxr-x   3 travis travis  12288 Jan  3 00:51 LookupTable
drwxrwxr-x   3 travis travis  20480 Jan  3 00:51 MaxIndex
-rw-rw-r--   1 travis travis   3925 Jan  3 00:55 ModularCG_A1_B1.class
-rw-rw-r--   1 travis travis   9730 Jan  3 00:55 ModularCG_A1_B1.java
-rw-rw-r--   1 travis travis    832 Jan  3 00:55 ModularCG_A1_B1.mk
-rw-rw-r--   1 travis travis   1318 Jan  3 00:55 ModularCG_A1_B1_profile.class
-rw-rw-r--   1 travis travis   1262 Jan  3 00:55 ModularCG_A1_B1_profile.java
-rw-rw-r--   1 travis travis   3925 Jan  3 00:55 ModularCG_A1_B2.class
-rw-rw-r--   1 travis travis   9730 Jan  3 00:55 ModularCG_A1_B2.java
-rw-rw-r--   1 travis travis    832 Jan  3 00:55 ModularCG_A1_B2.mk
-rw-rw-r--   1 travis travis   1318 Jan  3 00:55 ModularCG_A1_B2_profile.class
-rw-rw-r--   1 travis travis   1262 Jan  3 00:55 ModularCG_A1_B2_profile.java
-rw-rw-r--   1 travis travis   5031 Jan  3 00:55 ModularCG_A1.class
-rw-rw-r--   1 travis travis  14742 Jan  3 00:55 ModularCG_A1.java
-rw-rw-r--   1 travis travis    808 Jan  3 00:55 ModularCG_A1.mk
-rw-rw-r--   1 travis travis   1433 Jan  3 00:55 ModularCG_A1_profile.class
-rw-rw-r--   1 travis travis   1704 Jan  3 00:55 ModularCG_A1_profile.java
-rw-rw-r--   1 travis travis   4059 Jan  3 00:55 ModularCG_A2_B1.class
-rw-rw-r--   1 travis travis  10667 Jan  3 00:55 ModularCG_A2_B1.java
-rw-rw-r--   1 travis travis    832 Jan  3 00:55 ModularCG_A2_B1.mk
In "/home/travis/cg", about to execute:
    javac -classpath
.:/home/travis/build/icyphy/ptII:/home/travis/build/icyphy/ptII/lib/bsh-2.0b4.j
ar:/home/travis/build/icyphy/ptII/lib/ptCal.jar:/home/travis/build/icyphy/ptII/
lib/java_cup.jar:/home/travis/build/icyphy/ptII/lib/saxon8.jar:/home/travis/bui
ld/icyphy/ptII/lib/saxon8-dom.jar:/home/travis/build/icyphy/ptII/lib/chic.jar:/
home/travis/build/icyphy/ptII/lib/ptcolt.jar:/home/travis/build/icyphy/ptII/ven
dors/misc/itext/iText.jar:/home/travis/build/icyphy/ptII/lib/g4ltl.jar:/home/tr
avis/build/icyphy/ptII/lib/StructuralCoder.jar:/home/travis/build/icyphy/ptII/l
ib/jcerti.jar:/home/travis/build/icyphy/ptII/lib/javax.mail.jar:/home/travis/bu
ild/icyphy/ptII/vendors/JMF-2.1.1e/lib/jmf.jar:/home/travis/build/icyphy/ptII/l
ib/jna-4.0.0-variadic.jar:/home/travis/build/icyphy/ptII/vendors/misc/joystick/
Joystick.jar:/home/travis/build/icyphy/ptII/lib/ptjacl.jar:/home/travis/build/i
cyphy/ptII/lib/jsoup-1.8.2.jar:/home/travis/build/icyphy/ptII/lib/junit-4.8.2.j
ar:/home/travis/build/icyphy/ptII/lib/JUnitParams-0.4.0.jar:/home/travis/build/
icyphy/ptII/ptolemy/actor/lib/excel/jxl.jar:/home/travis/build/icyphy/ptII/lib/
jython.jar:/home/travis/build/icyphy/ptII/lib/kieler.jar:/home/travis/build/icy
phy/ptII/vendors/opencv/share/OpenCV/java/opencv-341.jar:/home/travis/build/icy
phy/ptII/lib/oscP5.jar:/home/travis/build/icyphy/ptII/lib/nrjavaserial-3.11.0.d
evel.jar:/home/travis/build/icyphy/ptII/vendors/j3d/lib/Linux/j3dcore.jar:/home
/travis/build/icyphy/ptII/vendors/j3d/lib/Linux/j3dutils.jar:/home/travis/build
/icyphy/ptII/vendors/j3d/lib/Linux/vecmath.jar:/home/travis/build/icyphy/ptII/v
endors/jogl/lib/Linux/gluegen-rt-natives-linux-amd64.jar:/home/travis/build/icy
phy/ptII/vendors/jogl/lib/Linux/gluegen-rt.jar:/home/travis/build/icyphy/ptII/v
endors/jogl/lib/Linux/jogl-all-natives-linux-amd64.jar:/home/travis/build/icyph
y/ptII/vendors/jogl/lib/Linux/jogl-all.jar:/home/travis/build/icyphy/ptII/ptole
my/distributed/jini/jar/jini-core.jar:/home/travis/build/icyphy/ptII/ptolemy/di
stributed/jini/jar/jini-ext.jar:/home/travis/build/icyphy/ptII/ptolemy/distribu
ted/jini/jar/sun-util.jar:/home/travis/build/icyphy/ptII/lib/protobuf-java-2.4.
1.jar:/home/travis/build/icyphy/ptII/lib/org.eclipse.paho.client.mqttv3.jar:/ho
me/travis/build/icyphy/ptII/lib/mapss.jar:/home/travis/build/icyphy/ptII/ptolem
y/actor/ptalon/antlr/antlr.jar:/home/travis/build/icyphy/ptII/lib/JRI.jar:/home
/travis/build/icyphy/ptII/lib/commons-lang-2.6.jar:/home/travis/build/icyphy/pt
II/lib/commons-logging-1.1.1.jar:/home/travis/build/icyphy/ptII/lib/sootclasses
.jar:/home/travis/build/icyphy/ptII/ptolemy/actor/lib/database/mysql-connector-
java-5.1.6-bin.jar:/home/travis/build/icyphy/ptII/vendors/misc/sphinx4/sphinx4-
data-5prealpha.jar:/home/travis/build/icyphy/ptII/vendors/misc/sphinx4/sphinx4-
core-5prealpha.jar:/home/travis/build/icyphy/ptII/lib/PDFRenderer.jar:/home/tra
vis/build/icyphy/ptII/lib/svgSalamander.jar:/home/travis/build/icyphy/ptII/lib/
rsyntaxtextarea-2.6.0-SNAPSHOT.jar:/home/travis/build/icyphy/ptII/lib/hazelcast
-3.8.2.jar:/home/travis/build/icyphy/ptII/lib/jackson-annotations-2.9.0.jar:/ho
me/travis/build/icyphy/ptII/lib/jackson-core-2.9.3.jar:/home/travis/build/icyph
y/ptII/lib/jackson-databind-2.9.3.jar:/home/travis/build/icyphy/ptII/lib/netty-
buffer-4.1.19.Final.jar:/home/travis/build/icyphy/ptII/lib/netty-codec-4.1.19.F
inal.jar:/home/travis/build/icyphy/ptII/lib/netty-codec-dns-4.1.19.Final.jar:/h
ome/travis/build/icyphy/ptII/lib/netty-codec-http-4.1.19.Final.jar:/home/travis
/build/icyphy/ptII/lib/netty-codec-http2-4.1.19.Final.jar:/home/travis/build/ic
yphy/ptII/lib/netty-common-4.1.19.Final.jar:/home/travis/build/icyphy/ptII/lib/
netty-handler-4.1.19.Final.jar:/home/travis/build/icyphy/ptII/lib/netty-resolve
r-4.1.19.Final.jar:/home/travis/build/icyphy/ptII/lib/netty-resolver-dns-4.1.19
.Final.jar:/home/travis/build/icyphy/ptII/lib/netty-transport-4.1.19.Final.jar:
/home/travis/build/icyphy/ptII/lib/vertx-codegen-3.5.1.jar:/home/travis/build/i
cyphy/ptII/lib/vertx-core-3.5.2-SNAPSHOT.jar:/home/travis/build/icyphy/ptII/lib
/vertx-hazelcast-3.5.1.jar:/home/travis/build/icyphy/ptII/lib/vertx-lang-js-3.5
.1.jar:/home/travis/build/icyphy/ptII/lib/vertx-service-proxy-3.5.1.jar:/home/t
ravis/build/icyphy/ptII/lib/vertx-web-3.5.1.jar:/home/travis/build/icyphy/ptII/
lib/slf4j-api-1.7.13.jar:/home/travis/build/icyphy/ptII/lib/slf4j-simple-1.7.13
.jar:/home/travis/build/icyphy/ptII/lib/webcam-capture-0.3.12.jar:/home/travis/
build/icyphy/ptII/lib/bridj-0.7.0.jar:/home/travis/build/icyphy/ptII/lib/xbjlib
-1.1.0.nrjavaserial.jar:/home/travis/build/icyphy/ptII/ptolemy/moml/test:/home/
travis/build/icyphy/ptII/ant/lib/ant-launcher.jar:/home/travis/build/icyphy/ptI
I/ant/lib/ant.jar:/home/travis/build/icyphy/ptII/ant/lib/ant-junit.jar:/home/tr
avis/build/icyphy/ptII/ant/lib/ant-junit4.jar:/home/travis/build/icyphy/ptII
ModularCodeGen4_A1_profile.java
-rw-rw-r--   1 travis travis   1381 Jan  3 00:55 ModularCG_A2_B1_profile.class
-rw-rw-r--   1 travis travis   1446 Jan  3 00:55 ModularCG_A2_B1_profile.java
-rw-rw-r--   1 travis travis   3925 Jan  3 00:55 ModularCG_A2_B2.class
-rw-rw-r--   1 travis travis   9730 Jan  3 00:55 ModularCG_A2_B2.java
-rw-rw-r--   1 travis travis    832 Jan  3 00:55 ModularCG_A2_B2.mk
-rw-rw-r--   1 travis travis   1318 Jan  3 00:55 ModularCG_A2_B2_profile.class
-rw-rw-r--   1 travis travis   1262 Jan  3 00:55 ModularCG_A2_B2_profile.java
-rw-rw-r--   1 travis travis   5102 Jan  3 00:56 ModularCG_A2.class
-rw-rw-r--   1 travis travis  15129 Jan  3 00:56 ModularCG_A2.java
-rw-rw-r--   1 travis travis    808 Jan  3 00:56 ModularCG_A2.mk
-rw-rw-r--   1 travis travis   1433 Jan  3 00:56 ModularCG_A2_profile.class
-rw-rw-r--   1 travis travis   1704 Jan  3 00:55 ModularCG_A2_profile.java
-rw-rw-r--   1 travis travis   3705 Jan  3 00:56 ModularCGPubSub_A1_A2.class
-rw-rw-r--   1 travis travis   9076 Jan  3 00:56 ModularCGPubSub_A1_A2.java
-rw-rw-r--   1 travis travis    880 Jan  3 00:56 ModularCGPubSub_A1_A2.mk
-rw-rw-r--   1 travis travis   1300 Jan  3 00:56 ModularCGPubSub_A1_A2_profile.class
-rw-rw-r--   1 travis travis   1222 Jan  3 00:56 ModularCGPubSub_A1_A2_profile.java
-rw-rw-r--   1 travis travis   4022 Jan  3 00:56 ModularCGPubSub_A1.class
-rw-rw-r--   1 travis travis   9836 Jan  3 00:56 ModularCGPubSub_A1.java
-rw-rw-r--   1 travis travis    856 Jan  3 00:56 ModularCGPubSub_A1.mk
-rw-rw-r--   1 travis travis   1346 Jan  3 00:56 ModularCGPubSub_A1_profile.class
-rw-rw-r--   1 travis travis   1388 Jan  3 00:56 ModularCGPubSub_A1_profile.java
-rw-rw-r--   1 travis travis   4220 Jan  3 00:56 ModularCodeGen2_ModularCodeGenTypedCompositeActor.class
-rw-rw-r--   1 travis travis  11690 Jan  3 00:56 ModularCodeGen2_ModularCodeGenTypedCompositeActor.java
-rw-rw-r--   1 travis travis   1104 Jan  3 00:56 ModularCodeGen2_ModularCodeGenTypedCompositeActor.mk
-rw-rw-r--   1 travis travis   4504 Jan  3 00:56 ModularCodeGen2_ModularCodeGenTypedCompositeActor_ModularCodeGenTypedCompositeActor.class
-rw-rw-r--   1 travis travis  11790 Jan  3 00:56 ModularCodeGen2_ModularCodeGenTypedCompositeActor_ModularCodeGenTypedCompositeActor.java
-rw-rw-r--   1 travis travis   1376 Jan  3 00:56 ModularCodeGen2_ModularCodeGenTypedCompositeActor_ModularCodeGenTypedCompositeActor.mk
-rw-rw-r--   1 travis travis   1421 Jan  3 00:56 ModularCodeGen2_ModularCodeGenTypedCompositeActor_ModularCodeGenTypedCompositeActor_profile.class
-rw-rw-r--   1 travis travis   1294 Jan  3 00:56 ModularCodeGen2_ModularCodeGenTypedCompositeActor_ModularCodeGenTypedCompositeActor_profile.java
-rw-rw-r--   1 travis travis    820 Jan  3 00:56 ModularCodeGen2_ModularCodeGenTypedCompositeActor_profile.class
-rw-rw-r--   1 travis travis    693 Jan  3 00:56 ModularCodeGen2_ModularCodeGenTypedCompositeActor_profile.java
-rw-rw-r--   1 travis travis   3973 Jan  3 00:56 ModularCodeGen3_A1_B1.class
-rw-rw-r--   1 travis travis   9958 Jan  3 00:56 ModularCodeGen3_A1_B1.java
-rw-rw-r--   1 travis travis    880 Jan  3 00:56 ModularCodeGen3_A1_B1.mk
-rw-rw-r--   1 travis travis   1330 Jan  3 00:56 ModularCodeGen3_A1_B1_profile.class
-rw-rw-r--   1 travis travis   1274 Jan  3 00:56 ModularCodeGen3_A1_B1_profile.java
-rw-rw-r--   1 travis travis   3973 Jan  3 00:56 ModularCodeGen3_A1_B2.class
-rw-rw-r--   1 travis travis   9958 Jan  3 00:56 ModularCodeGen3_A1_B2.java
-rw-rw-r--   1 travis travis    880 Jan  3 00:56 ModularCodeGen3_A1_B2.mk
-rw-rw-r--   1 travis travis   1330 Jan  3 00:56 ModularCodeGen3_A1_B2_profile.class
-rw-rw-r--   1 travis travis   1274 Jan  3 00:56 ModularCodeGen3_A1_B2_profile.java
-rw-rw-r--   1 travis travis   5193 Jan  3 00:56 ModularCodeGen3_A1.class
-rw-rw-r--   1 travis travis  15564 Jan  3 00:56 ModularCodeGen3_A1.java
-rw-rw-r--   1 travis travis    856 Jan  3 00:56 ModularCodeGen3_A1.mk
-rw-rw-r--   1 travis travis   1445 Jan  3 00:56 ModularCodeGen3_A1_profile.class
-rw-rw-r--   1 travis travis   1716 Jan  3 00:56 ModularCodeGen3_A1_profile.java
-rw-rw-r--   1 travis travis   4119 Jan  3 00:56 ModularCodeGen3_A2_B1.class
-rw-rw-r--   1 travis travis  10955 Jan  3 00:56 ModularCodeGen3_A2_B1.java
-rw-rw-r--   1 travis travis    880 Jan  3 00:56 ModularCodeGen3_A2_B1.mk
-rw-rw-r--   1 travis travis   1393 Jan  3 00:56 ModularCodeGen3_A2_B1_profile.class
-rw-rw-r--   1 travis travis   1458 Jan  3 00:56 ModularCodeGen3_A2_B1_profile.java
-rw-rw-r--   1 travis travis   3973 Jan  3 00:56 ModularCodeGen3_A2_B2.class
-rw-rw-r--   1 travis travis   9958 Jan  3 00:56 ModularCodeGen3_A2_B2.java
-rw-rw-r--   1 travis travis    880 Jan  3 00:56 ModularCodeGen3_A2_B2.mk
-rw-rw-r--   1 travis travis   1330 Jan  3 00:56 ModularCodeGen3_A2_B2_profile.class
-rw-rw-r--   1 travis travis   1274 Jan  3 00:56 ModularCodeGen3_A2_B2_profile.java
-rw-rw-r--   1 travis travis   5270 Jan  3 00:56 ModularCodeGen3_A2.class
-rw-rw-r--   1 travis travis  15957 Jan  3 00:56 ModularCodeGen3_A2.java
-rw-rw-r--   1 travis travis    856 Jan  3 00:56 ModularCodeGen3_A2.mk
-rw-rw-r--   1 travis travis   1445 Jan  3 00:56 ModularCodeGen3_A2_profile.class
-rw-rw-r--   1 travis travis   1716 Jan  3 00:56 ModularCodeGen3_A2_profile.java
-rw-rw-r--   1 travis travis   4026 Jan  3 00:56 ModularCodeGen4_A1_B1.class
-rw-rw-r--   1 travis travis  10312 Jan  3 00:56 ModularCodeGen4_A1_B1.java
-rw-rw-r--   1 travis travis    880 Jan  3 00:56 ModularCodeGen4_A1_B1.mk
-rw-rw-r--   1 travis travis   1330 Jan  3 00:56 ModularCodeGen4_A1_B1_profile.class
-rw-rw-r--   1 travis travis   1273 Jan  3 00:56 ModularCodeGen4_A1_B1_profile.java
-rw-rw-r--   1 travis travis   4026 Jan  3 00:56 ModularCodeGen4_A1_B2.class
-rw-rw-r--   1 travis travis  10312 Jan  3 00:56 ModularCodeGen4_A1_B2.java
-rw-rw-r--   1 travis travis    880 Jan  3 00:56 ModularCodeGen4_A1_B2.mk
-rw-rw-r--   1 travis travis   1330 Jan  3 00:56 ModularCodeGen4_A1_B2_profile.class
-rw-rw-r--   1 travis travis   1273 Jan  3 00:56 ModularCodeGen4_A1_B2_profile.java
-rw-rw-r--   1 travis travis   1712 Jan  3 00:56 ModularCodeGen4_A1_profile.java
-rw-rw-r--   1 travis travis   4186 Jan  3 00:56 ModularCodeGen_ModularCodeGenTypedCompositeActor.class
-rw-rw-r--   1 travis travis  10970 Jan  3 00:56 ModularCodeGen_ModularCodeGenTypedCompositeActor.java
-rw-rw-r--   1 travis travis   1096 Jan  3 00:56 ModularCodeGen_ModularCodeGenTypedCompositeActor.mk
-rw-rw-r--   1 travis travis   1384 Jan  3 00:56 ModularCodeGen_ModularCodeGenTypedCompositeActor_profile.class
-rw-rw-r--   1 travis travis   1328 Jan  3 00:56 ModularCodeGen_ModularCodeGenTypedCompositeActor_profile.java
-rw-rw-r--   1 travis travis   3724 Jan  3 00:55 ModularCodeGenTest_A1_A2.class
-rw-rw-r--   1 travis travis   9164 Jan  3 00:55 ModularCodeGenTest_A1_A2.java
-rw-rw-r--   1 travis travis   1306 Jan  3 00:55 ModularCodeGenTest_A1_A2_profile.class
-rw-rw-r--   1 travis travis   4055 Jan  3 00:55 ModularCodeGenTest_A1.class
-rw-rw-r--   1 travis travis   9968 Jan  3 00:55 ModularCodeGenTest_A1.java
-rw-rw-r--   1 travis travis    880 Jan  3 00:55 ModularCodeGenTest_A1.mk
-rw-rw-r--   1 travis travis   1352 Jan  3 00:55 ModularCodeGenTest_A1_profile.class
-rw-rw-r--   1 travis travis   1394 Jan  3 00:55 ModularCodeGenTest_A1_profile.java
drwxrwxr-x   3 travis travis  32768 Jan  3 00:55 modulation2
drwxrwxr-x 116 travis travis  12288 Jan  3 00:55 node_modules
drwxrwxr-x   3 travis travis  20480 Jan  3 00:51 PhaseUnwrap
drwxrwxr-x   3 travis travis  12288 Jan  3 00:51 ReadFile1
-rw-rw-r--   1 travis travis     11 Jan  3 00:51 ReadFile1Output.txt
-rw-rw-r--   1 travis travis  13773 Jan  3 00:55 Repeat.class
-rw-rw-r--   1 travis travis    685 Jan  3 00:55 Repeat$_fireFunction_Repeat_Repeat$__f_sL_11.class
-rw-rw-r--   1 travis travis    541 Jan  3 00:55 Repeat$_fireFunction_Repeat_Repeat$__f_sL_12.class
-rw-rw-r--   1 travis travis    541 Jan  3 00:55 Repeat$_fireFunction_Repeat_Repeat$__f_sL_13.class
-rw-rw-r--   1 travis travis    541 Jan  3 00:55 Repeat$_fireFunction_Repeat_Repeat$__f_sL_14.class
-rw-rw-r--   1 travis travis    684 Jan  3 00:55 Repeat$_fireFunction_Repeat_Repeat$__f_sL_1.class
-rw-rw-r--   1 travis travis    683 Jan  3 00:55 Repeat$_fireFunction_Repeat_Repeat$__f_sL_4.class
-rw-rw-r--   1 travis travis    539 Jan  3 00:55 Repeat$_fireFunction_Repeat_Repeat$__f_sL_9.class
-rw-rw-r--   1 travis travis    494 Jan  3 00:55 Repeat$_initialize_Repeat$__i_sL_2.class
-rw-rw-r--   1 travis travis   1281 Jan  3 00:55 Repeat.mk
-rw-rw-r--   1 travis travis    539 Jan  3 00:55 Repeat$_preinitializeMethod_Repeat$__p_sL_0.class
-rw-rw-r--   1 travis travis   1102 Jan  3 00:55 Repeat$_Repeat$_fireFunction_Repeat_AddSubtract_Repeat.class
-rw-rw-r--   1 travis travis    810 Jan  3 00:55 Repeat$_Repeat$_fireFunction_Repeat_AddSubtract_Repeat$__f_sL_0.class
-rw-rw-r--   1 travis travis    928 Jan  3 00:55 Repeat$_Repeat$_fireFunction_Repeat_AddSubtract_Repeat$__f_sL_1.class
-rw-rw-r--   1 travis travis    934 Jan  3 00:55 Repeat$_Repeat$_fireFunction_Repeat_AddSubtract_Repeat$__f_sL_2.class
-rw-rw-r--   1 travis travis    862 Jan  3 00:55 Repeat$_Repeat$_fireFunction_Repeat_AddSubtract_Repeat$__f_sL_3.class
-rw-rw-r--   1 travis travis    757 Jan  3 00:55 Repeat$_Repeat$_fireFunction_Repeat_Ramp2_Repeat$__f_sL_0.class
-rw-rw-r--   1 travis travis    888 Jan  3 00:55 Repeat$_Repeat$_fireFunction_Repeat_Test_Repeat$__f_sL_0.class
-rw-rw-r--   1 travis travis    634 Jan  3 00:55 Repeat$_Repeat$_fireFunction_Repeat_Test_Repeat$__f_sL_1.class
-rw-rw-r--   1 travis travis    704 Jan  3 00:55 Repeat$_Repeat_SDF_Director_run_Repeat$__R_sL_0.class
-rw-rw-r--   1 travis travis    705 Jan  3 00:55 Repeat$_Repeat_SDF_Director_run_Repeat$__R_sL_11.class
-rw-rw-r--   1 travis travis    561 Jan  3 00:55 Repeat$_Repeat_SDF_Director_run_Repeat$__R_sL_13.class
-rw-rw-r--   1 travis travis    559 Jan  3 00:55 Repeat$_Repeat_SDF_Director_run_Repeat$__R_sL_2.class
-rw-rw-r--   1 travis travis    703 Jan  3 00:55 Repeat$_Repeat_SDF_Director_run_Repeat$__R_sL_3.class
-rw-rw-r--   1 travis travis    559 Jan  3 00:55 Repeat$_Repeat_SDF_Director_run_Repeat$__R_sL_5.class
-rw-rw-r--   1 travis travis    559 Jan  3 00:55 Repeat$_Repeat_SDF_Director_run_Repeat$__R_sL_8.class
drwxrwxr-x   2 travis travis   4096 Jan  3 00:55 RepeatVariables
-rw-rw-r--   1 travis travis    882 Jan  3 00:55 Repeat$_varinit_Repeat.class
-rw-rw-r--   1 travis travis    550 Jan  3 00:55 Repeat$_varinit_Repeat$__v_sL_2.class
-rw-rw-r--   1 travis travis    924 Jan  3 00:55 Repeat$_varinit_Repeat$__v_sL_4.class
-rw-rw-r--   1 travis travis    978 Jan  3 00:55 Repeat$_wrapup_Repeat$__w_sL_1.class
drwxrwxr-x   3 travis travis  20480 Jan  3 00:52 Sinewave
drwxrwxr-x   3 travis travis  32768 Jan  3 00:53 StringFunction
drwxrwxr-x   3 travis travis  12288 Jan  3 00:53 StringLength
drwxrwxr-x   3 travis travis  61440 Jan  3 00:53 StringMatches2
drwxrwxr-x   3 travis travis  61440 Jan  3 00:54 StringSimpleReplace
drwxrwxr-x   3 travis travis  65536 Jan  3 00:54 StringSubstring
drwxrwxr-x   3 travis travis  24576 Jan  3 00:54 StringSubstring2
drwxrwxr-x   3 travis travis  16384 Jan  3 00:54 time1
drwxrwxr-x   3 travis travis  12288 Jan  3 00:55 time5
-rw-rw-r--   1 travis travis    432 Jan  3 00:56 Token.class
-rw-rw-r--   1 travis travis    251 Jan  3 00:56 Token.java
-rwxrwxr-x   1 travis travis 466992 Jan  3 00:49 top
-rw-rw-r--   1 travis travis  20502 Jan  3 00:49 top.c
-rw-rw-r--   1 travis travis   3799 Jan  3 00:55 top.class
-rw-rw-r--   1 travis travis   1257 Jan  3 00:55 top.mk
All Done
Writing ModularCodeGen4_A1.java in file:/home/travis/cg/ (16245 characters)
Reading "ptolemy/cg/kernel/generic/program/procedural/java/modular/makefile.in",
    writing "/home/travis/cg/ModularCodeGen4_A1.mk"
Using ptolemy/cg/kernel/generic/program/procedural/java/modular/makefile.in
In "/home/travis/cg", about to execute:
    make -f ModularCodeGen4_A1.mk
javac -classpath ".:.."    ModularCodeGen4_A1.java
All Done
In "/home/travis/cg", about to execute:
    pwd
In "/home/travis/cg", about to execute:
    ls -l
/home/travis/cg
total 2012
drwxrwxr-x   3 travis travis  12288 Jan  3 00:50 AbsoluteValue
drwxrwxr-x   3 travis travis 102400 Jan  3 00:49 AllColt
drwxrwxr-x   3 travis travis  12288 Jan  3 00:50 Case1
-rw-rw-r--   1 travis travis   5128 Jan  3 00:55 CompiledCompositeActor_CompiledCompositeActor.class
-rw-rw-r--   1 travis travis   1611 Jan  3 00:55 CompiledCompositeActor_CompiledCompositeActor$_CompiledCompositeActor_CompiledCompositeActor.class
-rw-rw-r--   1 travis travis  13466 Jan  3 00:55 CompiledCompositeActor_CompiledCompositeActor.java
-rw-rw-r--   1 travis travis   1593 Jan  3 00:55 CompiledCompositeActor_CompiledCompositeActor.mk
drwxrwxr-x   5 travis travis   4096 Jan  3 00:49 fmi
drwxrwxr-x   3 travis travis  16384 Jan  3 00:50 Gaussian2
-rw-rw-r--   1 travis travis   4684 Jan  3 00:55 JavaCompiledCompositeTest1_CompiledCompositeActor.class
-rw-rw-r--   1 travis travis  11637 Jan  3 00:55 JavaCompiledCompositeTest1_CompiledCompositeActor.java
-rw-rw-r--   1 travis travis   1217 Jan  3 00:55 JavaCompiledCompositeTest1_CompiledCompositeActor$_JavaCompiledCompositeTest1_CompiledCompositeActor.class
-rw-rw-r--   1 travis travis   1625 Jan  3 00:55 JavaCompiledCompositeTest1_CompiledCompositeActor.mk
-rw-rw-r--   1 travis travis   5115 Jan  3 00:55 JavaCompiledCompositeTest2_CompiledCompositeActor.class
-rw-rw-r--   1 travis travis  14919 Jan  3 00:55 JavaCompiledCompositeTest2_CompiledCompositeActor.java
-rw-rw-r--   1 travis travis   1812 Jan  3 00:55 JavaCompiledCompositeTest2_CompiledCompositeActor$_JavaCompiledCompositeTest2_CompiledCompositeActor.class
-rw-rw-r--   1 travis travis   1625 Jan  3 00:55 JavaCompiledCompositeTest2_CompiledCompositeActor.mk
-rw-rw-r--   1 travis travis   4732 Jan  3 00:55 JavaCompiledCompositeTest3_CompiledCompositeActor.class
-rw-rw-r--   1 travis travis  13080 Jan  3 00:55 JavaCompiledCompositeTest3_CompiledCompositeActor.java
-rw-rw-r--   1 travis travis   1397 Jan  3 00:55 JavaCompiledCompositeTest3_CompiledCompositeActor$_JavaCompiledCompositeTest3_CompiledCompositeActor.class
-rw-rw-r--   1 travis travis   1625 Jan  3 00:55 JavaCompiledCompositeTest3_CompiledCompositeActor.mk
-rw-rw-r--   1 travis travis   4183 Jan  3 00:55 JavaCompiledCompositeTest4_CompiledCompositeActor.class
-rw-rw-r--   1 travis travis   9687 Jan  3 00:55 JavaCompiledCompositeTest4_CompiledCompositeActor.java
-rw-rw-r--   1 travis travis    876 Jan  3 00:55 JavaCompiledCompositeTest4_CompiledCompositeActor$_JavaCompiledCompositeTest4_CompiledCompositeActor.class
-rw-rw-r--   1 travis travis   1625 Jan  3 00:55 JavaCompiledCompositeTest4_CompiledCompositeActor.mk
drwxrwxr-x   3 travis travis  12288 Jan  3 00:51 LookupTable
drwxrwxr-x   3 travis travis  20480 Jan  3 00:51 MaxIndex
-rw-rw-r--   1 travis travis   3925 Jan  3 00:55 ModularCG_A1_B1.class
-rw-rw-r--   1 travis travis   9730 Jan  3 00:55 ModularCG_A1_B1.java
-rw-rw-r--   1 travis travis    832 Jan  3 00:55 ModularCG_A1_B1.mk
-rw-rw-r--   1 travis travis   1318 Jan  3 00:55 ModularCG_A1_B1_profile.class
-rw-rw-r--   1 travis travis   1262 Jan  3 00:55 ModularCG_A1_B1_profile.java
-rw-rw-r--   1 travis travis   3925 Jan  3 00:55 ModularCG_A1_B2.class
-rw-rw-r--   1 travis travis   9730 Jan  3 00:55 ModularCG_A1_B2.java
-rw-rw-r--   1 travis travis    832 Jan  3 00:55 ModularCG_A1_B2.mk
-rw-rw-r--   1 travis travis   1318 Jan  3 00:55 ModularCG_A1_B2_profile.class
-rw-rw-r--   1 travis travis   1262 Jan  3 00:55 ModularCG_A1_B2_profile.java
-rw-rw-r--   1 travis travis   5031 Jan  3 00:55 ModularCG_A1.class
-rw-rw-r--   1 travis travis  14742 Jan  3 00:55 ModularCG_A1.java
-rw-rw-r--   1 travis travis    808 Jan  3 00:55 ModularCG_A1.mk
-rw-rw-r--   1 travis travis   1433 Jan  3 00:55 ModularCG_A1_profile.class
-rw-rw-r--   1 travis travis   1704 Jan  3 00:55 ModularCG_A1_profile.java
-rw-rw-r--   1 travis travis   4059 Jan  3 00:55 ModularCG_A2_B1.class
-rw-rw-r--   1 travis travis  10667 Jan  3 00:55 ModularCG_A2_B1.java
-rw-rw-r--   1 travis travis    832 Jan  3 00:55 ModularCG_A2_B1.mk
-rw-rw-r--   1 travis travis   1381 Jan  3 00:55 ModularCG_A2_B1_profile.class
-rw-rw-r--   1 travis travis   1446 Jan  3 00:55 ModularCG_A2_B1_profile.java
-rw-rw-r--   1 travis travis   3925 Jan  3 00:55 ModularCG_A2_B2.class
-rw-rw-r--   1 travis travis   9730 Jan  3 00:55 ModularCG_A2_B2.java
-rw-rw-r--   1 travis travis    832 Jan  3 00:55 ModularCG_A2_B2.mk
-rw-rw-r--   1 travis travis   1318 Jan  3 00:55 ModularCG_A2_B2_profile.class
-rw-rw-r--   1 travis travis   1262 Jan  3 00:55 ModularCG_A2_B2_profile.java
-rw-rw-r--   1 travis travis   5102 Jan  3 00:56 ModularCG_A2.class
-rw-rw-r--   1 travis travis  15129 Jan  3 00:56 ModularCG_A2.java
-rw-rw-r--   1 travis travis    808 Jan  3 00:56 ModularCG_A2.mk
-rw-rw-r--   1 travis travis   1433 Jan  3 00:56 ModularCG_A2_profile.class
-rw-rw-r--   1 travis travis   1704 Jan  3 00:55 ModularCG_A2_profile.java
-rw-rw-r--   1 travis travis   3705 Jan  3 00:56 ModularCGPubSub_A1_A2.class
-rw-rw-r--   1 travis travis   9076 Jan  3 00:56 ModularCGPubSub_A1_A2.java
-rw-rw-r--   1 travis travis    880 Jan  3 00:56 ModularCGPubSub_A1_A2.mk
-rw-rw-r--   1 travis travis   1300 Jan  3 00:56 ModularCGPubSub_A1_A2_profile.class
In "/home/travis/cg", about to execute:
-rw-rw-r--   1 travis travis   1222 Jan  3 00:56 ModularCGPubSub_A1_A2_profile.java
-rw-rw-r--   1 travis travis   4022 Jan  3 00:56 ModularCGPubSub_A1.class
-rw-rw-r--   1 travis travis   9836 Jan  3 00:56 ModularCGPubSub_A1.java
-rw-rw-r--   1 travis travis    856 Jan  3 00:56 ModularCGPubSub_A1.mk
-rw-rw-r--   1 travis travis   1346 Jan  3 00:56 ModularCGPubSub_A1_profile.class
-rw-rw-r--   1 travis travis   1388 Jan  3 00:56 ModularCGPubSub_A1_profile.java
-rw-rw-r--   1 travis travis   4220 Jan  3 00:56 ModularCodeGen2_ModularCodeGenTypedCompositeActor.class
-rw-rw-r--   1 travis travis  11690 Jan  3 00:56 ModularCodeGen2_ModularCodeGenTypedCompositeActor.java
-rw-rw-r--   1 travis travis   1104 Jan  3 00:56 ModularCodeGen2_ModularCodeGenTypedCompositeActor.mk
-rw-rw-r--   1 travis travis   4504 Jan  3 00:56 ModularCodeGen2_ModularCodeGenTypedCompositeActor_ModularCodeGenTypedCompositeActor.class
-rw-rw-r--   1 travis travis  11790 Jan  3 00:56 ModularCodeGen2_ModularCodeGenTypedCompositeActor_ModularCodeGenTypedCompositeActor.java
-rw-rw-r--   1 travis travis   1376 Jan  3 00:56 ModularCodeGen2_ModularCodeGenTypedCompositeActor_ModularCodeGenTypedCompositeActor.mk
-rw-rw-r--   1 travis travis   1421 Jan  3 00:56 ModularCodeGen2_ModularCodeGenTypedCompositeActor_ModularCodeGenTypedCompositeActor_profile.class
    javac -classpath
.:/home/travis/build/icyphy/ptII:/home/travis/build/icyphy/ptII/lib/bsh-2.0b4.j
ar:/home/travis/build/icyphy/ptII/lib/ptCal.jar:/home/travis/build/icyphy/ptII/
lib/java_cup.jar:/home/travis/build/icyphy/ptII/lib/saxon8.jar:/home/travis/bui
ld/icyphy/ptII/lib/saxon8-dom.jar:/home/travis/build/icyphy/ptII/lib/chic.jar:/
home/travis/build/icyphy/ptII/lib/ptcolt.jar:/home/travis/build/icyphy/ptII/ven
dors/misc/itext/iText.jar:/home/travis/build/icyphy/ptII/lib/g4ltl.jar:/home/tr
avis/build/icyphy/ptII/lib/StructuralCoder.jar:/home/travis/build/icyphy/ptII/l
ib/jcerti.jar:/home/travis/build/icyphy/ptII/lib/javax.mail.jar:/home/travis/bu
ild/icyphy/ptII/vendors/JMF-2.1.1e/lib/jmf.jar:/home/travis/build/icyphy/ptII/l
ib/jna-4.0.0-variadic.jar:/home/travis/build/icyphy/ptII/vendors/misc/joystick/
Joystick.jar:/home/travis/build/icyphy/ptII/lib/ptjacl.jar:/home/travis/build/i
cyphy/ptII/lib/jsoup-1.8.2.jar:/home/travis/build/icyphy/ptII/lib/junit-4.8.2.j
ar:/home/travis/build/icyphy/ptII/lib/JUnitParams-0.4.0.jar:/home/travis/build/
icyphy/ptII/ptolemy/actor/lib/excel/jxl.jar:/home/travis/build/icyphy/ptII/lib/
jython.jar:/home/travis/build/icyphy/ptII/lib/kieler.jar:/home/travis/build/icy
phy/ptII/vendors/opencv/share/OpenCV/java/opencv-341.jar:/home/travis/build/icy
phy/ptII/lib/oscP5.jar:/home/travis/build/icyphy/ptII/lib/nrjavaserial-3.11.0.d
evel.jar:/home/travis/build/icyphy/ptII/vendors/j3d/lib/Linux/j3dcore.jar:/home
/travis/build/icyphy/ptII/vendors/j3d/lib/Linux/j3dutils.jar:/home/travis/build
/icyphy/ptII/vendors/j3d/lib/Linux/vecmath.jar:/home/travis/build/icyphy/ptII/v
endors/jogl/lib/Linux/gluegen-rt-natives-linux-amd64.jar:/home/travis/build/icy
phy/ptII/vendors/jogl/lib/Linux/gluegen-rt.jar:/home/travis/build/icyphy/ptII/v
endors/jogl/lib/Linux/jogl-all-natives-linux-amd64.jar:/home/travis/build/icyph
y/ptII/vendors/jogl/lib/Linux/jogl-all.jar:/home/travis/build/icyphy/ptII/ptole
my/distributed/jini/jar/jini-core.jar:/home/travis/build/icyphy/ptII/ptolemy/di
stributed/jini/jar/jini-ext.jar:/home/travis/build/icyphy/ptII/ptolemy/distribu
ted/jini/jar/sun-util.jar:/home/travis/build/icyphy/ptII/lib/protobuf-java-2.4.
1.jar:/home/travis/build/icyphy/ptII/lib/org.eclipse.paho.client.mqttv3.jar:/ho
me/travis/build/icyphy/ptII/lib/mapss.jar:/home/travis/build/icyphy/ptII/ptolem
y/actor/ptalon/antlr/antlr.jar:/home/travis/build/icyphy/ptII/lib/JRI.jar:/home
/travis/build/icyphy/ptII/lib/commons-lang-2.6.jar:/home/travis/build/icyphy/pt
II/lib/commons-logging-1.1.1.jar:/home/travis/build/icyphy/ptII/lib/sootclasses
.jar:/home/travis/build/icyphy/ptII/ptolemy/actor/lib/database/mysql-connector-
java-5.1.6-bin.jar:/home/travis/build/icyphy/ptII/vendors/misc/sphinx4/sphinx4-
data-5prealpha.jar:/home/travis/build/icyphy/ptII/vendors/misc/sphinx4/sphinx4-
core-5prealpha.jar:/home/travis/build/icyphy/ptII/lib/PDFRenderer.jar:/home/tra
vis/build/icyphy/ptII/lib/svgSalamander.jar:/home/travis/build/icyphy/ptII/lib/
rsyntaxtextarea-2.6.0-SNAPSHOT.jar:/home/travis/build/icyphy/ptII/lib/hazelcast
-3.8.2.jar:/home/travis/build/icyphy/ptII/lib/jackson-annotations-2.9.0.jar:/ho
me/travis/build/icyphy/ptII/lib/jackson-core-2.9.3.jar:/home/travis/build/icyph
y/ptII/lib/jackson-databind-2.9.3.jar:/home/travis/build/icyphy/ptII/lib/netty-
buffer-4.1.19.Final.jar:/home/travis/build/icyphy/ptII/lib/netty-codec-4.1.19.F
inal.jar:/home/travis/build/icyphy/ptII/lib/netty-codec-dns-4.1.19.Final.jar:/h
ome/travis/build/icyphy/ptII/lib/netty-codec-http-4.1.19.Final.jar:/home/travis
/build/icyphy/ptII/lib/netty-codec-http2-4.1.19.Final.jar:/home/travis/build/ic
yphy/ptII/lib/netty-common-4.1.19.Final.jar:/home/travis/build/icyphy/ptII/lib/
netty-handler-4.1.19.Final.jar:/home/travis/build/icyphy/ptII/lib/netty-resolve
r-4.1.19.Final.jar:/home/travis/build/icyphy/ptII/lib/netty-resolver-dns-4.1.19
.Final.jar:/home/travis/build/icyphy/ptII/lib/netty-transport-4.1.19.Final.jar:
/home/travis/build/icyphy/ptII/lib/vertx-codegen-3.5.1.jar:/home/travis/build/i
cyphy/ptII/lib/vertx-core-3.5.2-SNAPSHOT.jar:/home/travis/build/icyphy/ptII/lib
/vertx-hazelcast-3.5.1.jar:/home/travis/build/icyphy/ptII/lib/vertx-lang-js-3.5
.1.jar:/home/travis/build/icyphy/ptII/lib/vertx-service-proxy-3.5.1.jar:/home/t
ravis/build/icyphy/ptII/lib/vertx-web-3.5.1.jar:/home/travis/build/icyphy/ptII/
lib/slf4j-api-1.7.13.jar:/home/travis/build/icyphy/ptII/lib/slf4j-simple-1.7.13
.jar:/home/travis/build/icyphy/ptII/lib/webcam-capture-0.3.12.jar:/home/travis/
build/icyphy/ptII/lib/bridj-0.7.0.jar:/home/travis/build/icyphy/ptII/lib/xbjlib
-1.1.0.nrjavaserial.jar:/home/travis/build/icyphy/ptII/ptolemy/moml/test:/home/
travis/build/icyphy/ptII/ant/lib/ant-launcher.jar:/home/travis/build/icyphy/ptI
I/ant/lib/ant.jar:/home/travis/build/icyphy/ptII/ant/lib/ant-junit.jar:/home/tr
avis/build/icyphy/ptII/ant/lib/ant-junit4.jar:/home/travis/build/icyphy/ptII
ModularCodeGen4_A2_B1_profile.java
-rw-rw-r--   1 travis travis   1294 Jan  3 00:56 ModularCodeGen2_ModularCodeGenTypedCompositeActor_ModularCodeGenTypedCompositeActor_profile.java
-rw-rw-r--   1 travis travis    820 Jan  3 00:56 ModularCodeGen2_ModularCodeGenTypedCompositeActor_profile.class
-rw-rw-r--   1 travis travis    693 Jan  3 00:56 ModularCodeGen2_ModularCodeGenTypedCompositeActor_profile.java
-rw-rw-r--   1 travis travis   3973 Jan  3 00:56 ModularCodeGen3_A1_B1.class
-rw-rw-r--   1 travis travis   9958 Jan  3 00:56 ModularCodeGen3_A1_B1.java
-rw-rw-r--   1 travis travis    880 Jan  3 00:56 ModularCodeGen3_A1_B1.mk
-rw-rw-r--   1 travis travis   1330 Jan  3 00:56 ModularCodeGen3_A1_B1_profile.class
-rw-rw-r--   1 travis travis   1274 Jan  3 00:56 ModularCodeGen3_A1_B1_profile.java
-rw-rw-r--   1 travis travis   3973 Jan  3 00:56 ModularCodeGen3_A1_B2.class
-rw-rw-r--   1 travis travis   9958 Jan  3 00:56 ModularCodeGen3_A1_B2.java
-rw-rw-r--   1 travis travis    880 Jan  3 00:56 ModularCodeGen3_A1_B2.mk
-rw-rw-r--   1 travis travis   1330 Jan  3 00:56 ModularCodeGen3_A1_B2_profile.class
-rw-rw-r--   1 travis travis   1274 Jan  3 00:56 ModularCodeGen3_A1_B2_profile.java
-rw-rw-r--   1 travis travis   5193 Jan  3 00:56 ModularCodeGen3_A1.class
-rw-rw-r--   1 travis travis  15564 Jan  3 00:56 ModularCodeGen3_A1.java
-rw-rw-r--   1 travis travis    856 Jan  3 00:56 ModularCodeGen3_A1.mk
-rw-rw-r--   1 travis travis   1445 Jan  3 00:56 ModularCodeGen3_A1_profile.class
-rw-rw-r--   1 travis travis   1716 Jan  3 00:56 ModularCodeGen3_A1_profile.java
-rw-rw-r--   1 travis travis   4119 Jan  3 00:56 ModularCodeGen3_A2_B1.class
-rw-rw-r--   1 travis travis  10955 Jan  3 00:56 ModularCodeGen3_A2_B1.java
-rw-rw-r--   1 travis travis    880 Jan  3 00:56 ModularCodeGen3_A2_B1.mk
-rw-rw-r--   1 travis travis   1393 Jan  3 00:56 ModularCodeGen3_A2_B1_profile.class
-rw-rw-r--   1 travis travis   1458 Jan  3 00:56 ModularCodeGen3_A2_B1_profile.java
-rw-rw-r--   1 travis travis   3973 Jan  3 00:56 ModularCodeGen3_A2_B2.class
-rw-rw-r--   1 travis travis   9958 Jan  3 00:56 ModularCodeGen3_A2_B2.java
-rw-rw-r--   1 travis travis    880 Jan  3 00:56 ModularCodeGen3_A2_B2.mk
-rw-rw-r--   1 travis travis   1330 Jan  3 00:56 ModularCodeGen3_A2_B2_profile.class
-rw-rw-r--   1 travis travis   1274 Jan  3 00:56 ModularCodeGen3_A2_B2_profile.java
-rw-rw-r--   1 travis travis   5270 Jan  3 00:56 ModularCodeGen3_A2.class
-rw-rw-r--   1 travis travis  15957 Jan  3 00:56 ModularCodeGen3_A2.java
-rw-rw-r--   1 travis travis    856 Jan  3 00:56 ModularCodeGen3_A2.mk
-rw-rw-r--   1 travis travis   1445 Jan  3 00:56 ModularCodeGen3_A2_profile.class
-rw-rw-r--   1 travis travis   1716 Jan  3 00:56 ModularCodeGen3_A2_profile.java
-rw-rw-r--   1 travis travis   4026 Jan  3 00:56 ModularCodeGen4_A1_B1.class
-rw-rw-r--   1 travis travis  10312 Jan  3 00:56 ModularCodeGen4_A1_B1.java
-rw-rw-r--   1 travis travis    880 Jan  3 00:56 ModularCodeGen4_A1_B1.mk
-rw-rw-r--   1 travis travis   1330 Jan  3 00:56 ModularCodeGen4_A1_B1_profile.class
-rw-rw-r--   1 travis travis   1273 Jan  3 00:56 ModularCodeGen4_A1_B1_profile.java
-rw-rw-r--   1 travis travis   4026 Jan  3 00:56 ModularCodeGen4_A1_B2.class
-rw-rw-r--   1 travis travis  10312 Jan  3 00:56 ModularCodeGen4_A1_B2.java
-rw-rw-r--   1 travis travis    880 Jan  3 00:56 ModularCodeGen4_A1_B2.mk
-rw-rw-r--   1 travis travis   1330 Jan  3 00:56 ModularCodeGen4_A1_B2_profile.class
-rw-rw-r--   1 travis travis   1273 Jan  3 00:56 ModularCodeGen4_A1_B2_profile.java
-rw-rw-r--   1 travis travis   5333 Jan  3 00:56 ModularCodeGen4_A1.class
-rw-rw-r--   1 travis travis  16245 Jan  3 00:56 ModularCodeGen4_A1.java
-rw-rw-r--   1 travis travis    856 Jan  3 00:56 ModularCodeGen4_A1.mk
-rw-rw-r--   1 travis travis   1445 Jan  3 00:56 ModularCodeGen4_A1_profile.class
-rw-rw-r--   1 travis travis   1712 Jan  3 00:56 ModularCodeGen4_A1_profile.java
-rw-rw-r--   1 travis travis   1454 Jan  3 00:56 ModularCodeGen4_A2_B1_profile.java
-rw-rw-r--   1 travis travis   4186 Jan  3 00:56 ModularCodeGen_ModularCodeGenTypedCompositeActor.class
-rw-rw-r--   1 travis travis  10970 Jan  3 00:56 ModularCodeGen_ModularCodeGenTypedCompositeActor.java
-rw-rw-r--   1 travis travis   1096 Jan  3 00:56 ModularCodeGen_ModularCodeGenTypedCompositeActor.mk
-rw-rw-r--   1 travis travis   1384 Jan  3 00:56 ModularCodeGen_ModularCodeGenTypedCompositeActor_profile.class
-rw-rw-r--   1 travis travis   1328 Jan  3 00:56 ModularCodeGen_ModularCodeGenTypedCompositeActor_profile.java
-rw-rw-r--   1 travis travis   3724 Jan  3 00:55 ModularCodeGenTest_A1_A2.class
-rw-rw-r--   1 travis travis   9164 Jan  3 00:55 ModularCodeGenTest_A1_A2.java
-rw-rw-r--   1 travis travis   1306 Jan  3 00:55 ModularCodeGenTest_A1_A2_profile.class
-rw-rw-r--   1 travis travis   4055 Jan  3 00:55 ModularCodeGenTest_A1.class
-rw-rw-r--   1 travis travis   9968 Jan  3 00:55 ModularCodeGenTest_A1.java
-rw-rw-r--   1 travis travis    880 Jan  3 00:55 ModularCodeGenTest_A1.mk
-rw-rw-r--   1 travis travis   1352 Jan  3 00:55 ModularCodeGenTest_A1_profile.class
-rw-rw-r--   1 travis travis   1394 Jan  3 00:55 ModularCodeGenTest_A1_profile.java
drwxrwxr-x   3 travis travis  32768 Jan  3 00:55 modulation2
drwxrwxr-x 116 travis travis  12288 Jan  3 00:55 node_modules
drwxrwxr-x   3 travis travis  20480 Jan  3 00:51 PhaseUnwrap
drwxrwxr-x   3 travis travis  12288 Jan  3 00:51 ReadFile1
-rw-rw-r--   1 travis travis     11 Jan  3 00:51 ReadFile1Output.txt
-rw-rw-r--   1 travis travis  13773 Jan  3 00:55 Repeat.class
-rw-rw-r--   1 travis travis    685 Jan  3 00:55 Repeat$_fireFunction_Repeat_Repeat$__f_sL_11.class
-rw-rw-r--   1 travis travis    541 Jan  3 00:55 Repeat$_fireFunction_Repeat_Repeat$__f_sL_12.class
-rw-rw-r--   1 travis travis    541 Jan  3 00:55 Repeat$_fireFunction_Repeat_Repeat$__f_sL_13.class
-rw-rw-r--   1 travis travis    541 Jan  3 00:55 Repeat$_fireFunction_Repeat_Repeat$__f_sL_14.class
-rw-rw-r--   1 travis travis    684 Jan  3 00:55 Repeat$_fireFunction_Repeat_Repeat$__f_sL_1.class
-rw-rw-r--   1 travis travis    683 Jan  3 00:55 Repeat$_fireFunction_Repeat_Repeat$__f_sL_4.class
-rw-rw-r--   1 travis travis    539 Jan  3 00:55 Repeat$_fireFunction_Repeat_Repeat$__f_sL_9.class
-rw-rw-r--   1 travis travis    494 Jan  3 00:55 Repeat$_initialize_Repeat$__i_sL_2.class
-rw-rw-r--   1 travis travis   1281 Jan  3 00:55 Repeat.mk
-rw-rw-r--   1 travis travis    539 Jan  3 00:55 Repeat$_preinitializeMethod_Repeat$__p_sL_0.class
-rw-rw-r--   1 travis travis   1102 Jan  3 00:55 Repeat$_Repeat$_fireFunction_Repeat_AddSubtract_Repeat.class
-rw-rw-r--   1 travis travis    810 Jan  3 00:55 Repeat$_Repeat$_fireFunction_Repeat_AddSubtract_Repeat$__f_sL_0.class
-rw-rw-r--   1 travis travis    928 Jan  3 00:55 Repeat$_Repeat$_fireFunction_Repeat_AddSubtract_Repeat$__f_sL_1.class
-rw-rw-r--   1 travis travis    934 Jan  3 00:55 Repeat$_Repeat$_fireFunction_Repeat_AddSubtract_Repeat$__f_sL_2.class
-rw-rw-r--   1 travis travis    862 Jan  3 00:55 Repeat$_Repeat$_fireFunction_Repeat_AddSubtract_Repeat$__f_sL_3.class
-rw-rw-r--   1 travis travis    757 Jan  3 00:55 Repeat$_Repeat$_fireFunction_Repeat_Ramp2_Repeat$__f_sL_0.class
-rw-rw-r--   1 travis travis    888 Jan  3 00:55 Repeat$_Repeat$_fireFunction_Repeat_Test_Repeat$__f_sL_0.class
-rw-rw-r--   1 travis travis    634 Jan  3 00:55 Repeat$_Repeat$_fireFunction_Repeat_Test_Repeat$__f_sL_1.class
-rw-rw-r--   1 travis travis    704 Jan  3 00:55 Repeat$_Repeat_SDF_Director_run_Repeat$__R_sL_0.class
-rw-rw-r--   1 travis travis    705 Jan  3 00:55 Repeat$_Repeat_SDF_Director_run_Repeat$__R_sL_11.class
-rw-rw-r--   1 travis travis    561 Jan  3 00:55 Repeat$_Repeat_SDF_Director_run_Repeat$__R_sL_13.class
-rw-rw-r--   1 travis travis    559 Jan  3 00:55 Repeat$_Repeat_SDF_Director_run_Repeat$__R_sL_2.class
-rw-rw-r--   1 travis travis    703 Jan  3 00:55 Repeat$_Repeat_SDF_Director_run_Repeat$__R_sL_3.class
-rw-rw-r--   1 travis travis    559 Jan  3 00:55 Repeat$_Repeat_SDF_Director_run_Repeat$__R_sL_5.class
-rw-rw-r--   1 travis travis    559 Jan  3 00:55 Repeat$_Repeat_SDF_Director_run_Repeat$__R_sL_8.class
drwxrwxr-x   2 travis travis   4096 Jan  3 00:55 RepeatVariables
-rw-rw-r--   1 travis travis    882 Jan  3 00:55 Repeat$_varinit_Repeat.class
-rw-rw-r--   1 travis travis    550 Jan  3 00:55 Repeat$_varinit_Repeat$__v_sL_2.class
-rw-rw-r--   1 travis travis    924 Jan  3 00:55 Repeat$_varinit_Repeat$__v_sL_4.class
-rw-rw-r--   1 travis travis    978 Jan  3 00:55 Repeat$_wrapup_Repeat$__w_sL_1.class
drwxrwxr-x   3 travis travis  20480 Jan  3 00:52 Sinewave
drwxrwxr-x   3 travis travis  32768 Jan  3 00:53 StringFunction
drwxrwxr-x   3 travis travis  12288 Jan  3 00:53 StringLength
drwxrwxr-x   3 travis travis  61440 Jan  3 00:53 StringMatches2
drwxrwxr-x   3 travis travis  61440 Jan  3 00:54 StringSimpleReplace
drwxrwxr-x   3 travis travis  65536 Jan  3 00:54 StringSubstring
drwxrwxr-x   3 travis travis  24576 Jan  3 00:54 StringSubstring2
drwxrwxr-x   3 travis travis  16384 Jan  3 00:54 time1
drwxrwxr-x   3 travis travis  12288 Jan  3 00:55 time5
-rw-rw-r--   1 travis travis    432 Jan  3 00:56 Token.class
-rw-rw-r--   1 travis travis    251 Jan  3 00:56 Token.java
-rwxrwxr-x   1 travis travis 466992 Jan  3 00:49 top
-rw-rw-r--   1 travis travis  20502 Jan  3 00:49 top.c
-rw-rw-r--   1 travis travis   3799 Jan  3 00:55 top.class
-rw-rw-r--   1 travis travis   1257 Jan  3 00:55 top.mk
All Done
Writing ModularCodeGen4_A2_B1.java in file:/home/travis/cg/ (11375 characters)
Reading "ptolemy/cg/kernel/generic/program/procedural/java/modular/makefile.in",
    writing "/home/travis/cg/ModularCodeGen4_A2_B1.mk"
Using ptolemy/cg/kernel/generic/program/procedural/java/modular/makefile.in
In "/home/travis/cg", about to execute:
    make -f ModularCodeGen4_A2_B1.mk
javac -classpath ".:.."    ModularCodeGen4_A2_B1.java
All Done
In "/home/travis/cg", about to execute:
    pwd
In "/home/travis/cg", about to execute:
    ls -l
/home/travis/cg
total 2044
drwxrwxr-x   3 travis travis  12288 Jan  3 00:50 AbsoluteValue
drwxrwxr-x   3 travis travis 102400 Jan  3 00:49 AllColt
drwxrwxr-x   3 travis travis  12288 Jan  3 00:50 Case1
-rw-rw-r--   1 travis travis   5128 Jan  3 00:55 CompiledCompositeActor_CompiledCompositeActor.class
-rw-rw-r--   1 travis travis   1611 Jan  3 00:55 CompiledCompositeActor_CompiledCompositeActor$_CompiledCompositeActor_CompiledCompositeActor.class
-rw-rw-r--   1 travis travis  13466 Jan  3 00:55 CompiledCompositeActor_CompiledCompositeActor.java
-rw-rw-r--   1 travis travis   1593 Jan  3 00:55 CompiledCompositeActor_CompiledCompositeActor.mk
drwxrwxr-x   5 travis travis   4096 Jan  3 00:49 fmi
drwxrwxr-x   3 travis travis  16384 Jan  3 00:50 Gaussian2
-rw-rw-r--   1 travis travis   4684 Jan  3 00:55 JavaCompiledCompositeTest1_CompiledCompositeActor.class
-rw-rw-r--   1 travis travis  11637 Jan  3 00:55 JavaCompiledCompositeTest1_CompiledCompositeActor.java
-rw-rw-r--   1 travis travis   1217 Jan  3 00:55 JavaCompiledCompositeTest1_CompiledCompositeActor$_JavaCompiledCompositeTest1_CompiledCompositeActor.class
-rw-rw-r--   1 travis travis   1625 Jan  3 00:55 JavaCompiledCompositeTest1_CompiledCompositeActor.mk
-rw-rw-r--   1 travis travis   5115 Jan  3 00:55 JavaCompiledCompositeTest2_CompiledCompositeActor.class
-rw-rw-r--   1 travis travis  14919 Jan  3 00:55 JavaCompiledCompositeTest2_CompiledCompositeActor.java
-rw-rw-r--   1 travis travis   1812 Jan  3 00:55 JavaCompiledCompositeTest2_CompiledCompositeActor$_JavaCompiledCompositeTest2_CompiledCompositeActor.class
-rw-rw-r--   1 travis travis   1625 Jan  3 00:55 JavaCompiledCompositeTest2_CompiledCompositeActor.mk
-rw-rw-r--   1 travis travis   4732 Jan  3 00:55 JavaCompiledCompositeTest3_CompiledCompositeActor.class
-rw-rw-r--   1 travis travis  13080 Jan  3 00:55 JavaCompiledCompositeTest3_CompiledCompositeActor.java
-rw-rw-r--   1 travis travis   1397 Jan  3 00:55 JavaCompiledCompositeTest3_CompiledCompositeActor$_JavaCompiledCompositeTest3_CompiledCompositeActor.class
-rw-rw-r--   1 travis travis   1625 Jan  3 00:55 JavaCompiledCompositeTest3_CompiledCompositeActor.mk
-rw-rw-r--   1 travis travis   4183 Jan  3 00:55 JavaCompiledCompositeTest4_CompiledCompositeActor.class
-rw-rw-r--   1 travis travis   9687 Jan  3 00:55 JavaCompiledCompositeTest4_CompiledCompositeActor.java
-rw-rw-r--   1 travis travis    876 Jan  3 00:55 JavaCompiledCompositeTest4_CompiledCompositeActor$_JavaCompiledCompositeTest4_CompiledCompositeActor.class
-rw-rw-r--   1 travis travis   1625 Jan  3 00:55 JavaCompiledCompositeTest4_CompiledCompositeActor.mk
drwxrwxr-x   3 travis travis  12288 Jan  3 00:51 LookupTable
drwxrwxr-x   3 travis travis  20480 Jan  3 00:51 MaxIndex
-rw-rw-r--   1 travis travis   3925 Jan  3 00:55 ModularCG_A1_B1.class
-rw-rw-r--   1 travis travis   9730 Jan  3 00:55 ModularCG_A1_B1.java
-rw-rw-r--   1 travis travis    832 Jan  3 00:55 ModularCG_A1_B1.mk
-rw-rw-r--   1 travis travis   1318 Jan  3 00:55 ModularCG_A1_B1_profile.class
-rw-rw-r--   1 travis travis   1262 Jan  3 00:55 ModularCG_A1_B1_profile.java
-rw-rw-r--   1 travis travis   3925 Jan  3 00:55 ModularCG_A1_B2.class
-rw-rw-r--   1 travis travis   9730 Jan  3 00:55 ModularCG_A1_B2.java
-rw-rw-r--   1 travis travis    832 Jan  3 00:55 ModularCG_A1_B2.mk
-rw-rw-r--   1 travis travis   1318 Jan  3 00:55 ModularCG_A1_B2_profile.class
-rw-rw-r--   1 travis travis   1262 Jan  3 00:55 ModularCG_A1_B2_profile.java
-rw-rw-r--   1 travis travis   5031 Jan  3 00:55 ModularCG_A1.class
-rw-rw-r--   1 travis travis  14742 Jan  3 00:55 ModularCG_A1.java
-rw-rw-r--   1 travis travis    808 Jan  3 00:55 ModularCG_A1.mk
-rw-rw-r--   1 travis travis   1433 Jan  3 00:55 ModularCG_A1_profile.class
-rw-rw-r--   1 travis travis   1704 Jan  3 00:55 ModularCG_A1_profile.java
-rw-rw-r--   1 travis travis   4059 Jan  3 00:55 ModularCG_A2_B1.class
-rw-rw-r--   1 travis travis  10667 Jan  3 00:55 ModularCG_A2_B1.java
-rw-rw-r--   1 travis travis    832 Jan  3 00:55 ModularCG_A2_B1.mk
-rw-rw-r--   1 travis travis   1381 Jan  3 00:55 ModularCG_A2_B1_profile.class
-rw-rw-r--   1 travis travis   1446 Jan  3 00:55 ModularCG_A2_B1_profile.java
-rw-rw-r--   1 travis travis   3925 Jan  3 00:55 ModularCG_A2_B2.class
-rw-rw-r--   1 travis travis   9730 Jan  3 00:55 ModularCG_A2_B2.java
-rw-rw-r--   1 travis travis    832 Jan  3 00:55 ModularCG_A2_B2.mk
-rw-rw-r--   1 travis travis   1318 Jan  3 00:55 ModularCG_A2_B2_profile.class
-rw-rw-r--   1 travis travis   1262 Jan  3 00:55 ModularCG_A2_B2_profile.java
-rw-rw-r--   1 travis travis   5102 Jan  3 00:56 ModularCG_A2.class
-rw-rw-r--   1 travis travis  15129 Jan  3 00:56 ModularCG_A2.java
-rw-rw-r--   1 travis travis    808 Jan  3 00:56 ModularCG_A2.mk
-rw-rw-r--   1 travis travis   1433 Jan  3 00:56 ModularCG_A2_profile.class
-rw-rw-r--   1 travis travis   1704 Jan  3 00:55 ModularCG_A2_profile.java
-rw-rw-r--   1 travis travis   3705 Jan  3 00:56 ModularCGPubSub_A1_A2.class
-rw-rw-r--   1 travis travis   9076 Jan  3 00:56 ModularCGPubSub_A1_A2.java
-rw-rw-r--   1 travis travis    880 Jan  3 00:56 ModularCGPubSub_A1_A2.mk
-rw-rw-r--   1 travis travis   1300 Jan  3 00:56 ModularCGPubSub_A1_A2_profile.class
-rw-rw-r--   1 travis travis   1222 Jan  3 00:56 ModularCGPubSub_A1_A2_profile.java
-rw-rw-r--   1 travis travis   4022 Jan  3 00:56 ModularCGPubSub_A1.class
-rw-rw-r--   1 travis travis   9836 Jan  3 00:56 ModularCGPubSub_A1.java
-rw-rw-r--   1 travis travis    856 Jan  3 00:56 ModularCGPubSub_A1.mk
-rw-rw-r--   1 travis travis   1346 Jan  3 00:56 ModularCGPubSub_A1_profile.class
-rw-rw-r--   1 travis travis   1388 Jan  3 00:56 ModularCGPubSub_A1_profile.java
-rw-rw-r--   1 travis travis   4220 Jan  3 00:56 ModularCodeGen2_ModularCodeGenTypedCompositeActor.class
-rw-rw-r--   1 travis travis  11690 Jan  3 00:56 ModularCodeGen2_ModularCodeGenTypedCompositeActor.java
-rw-rw-r--   1 travis travis   1104 Jan  3 00:56 ModularCodeGen2_ModularCodeGenTypedCompositeActor.mk
-rw-rw-r--   1 travis travis   4504 Jan  3 00:56 ModularCodeGen2_ModularCodeGenTypedCompositeActor_ModularCodeGenTypedCompositeActor.class
In "/home/travis/cg", about to execute:
-rw-rw-r--   1 travis travis  11790 Jan  3 00:56 ModularCodeGen2_ModularCodeGenTypedCompositeActor_ModularCodeGenTypedCompositeActor.java
-rw-rw-r--   1 travis travis   1376 Jan  3 00:56 ModularCodeGen2_ModularCodeGenTypedCompositeActor_ModularCodeGenTypedCompositeActor.mk
-rw-rw-r--   1 travis travis   1421 Jan  3 00:56 ModularCodeGen2_ModularCodeGenTypedCompositeActor_ModularCodeGenTypedCompositeActor_profile.class
-rw-rw-r--   1 travis travis   1294 Jan  3 00:56 ModularCodeGen2_ModularCodeGenTypedCompositeActor_ModularCodeGenTypedCompositeActor_profile.java
-rw-rw-r--   1 travis travis    820 Jan  3 00:56 ModularCodeGen2_ModularCodeGenTypedCompositeActor_profile.class
-rw-rw-r--   1 travis travis    693 Jan  3 00:56 ModularCodeGen2_ModularCodeGenTypedCompositeActor_profile.java
-rw-rw-r--   1 travis travis   3973 Jan  3 00:56 ModularCodeGen3_A1_B1.class
-rw-rw-r--   1 travis travis   9958 Jan  3 00:56 ModularCodeGen3_A1_B1.java
-rw-rw-r--   1 travis travis    880 Jan  3 00:56 ModularCodeGen3_A1_B1.mk
-rw-rw-r--   1 travis travis   1330 Jan  3 00:56 ModularCodeGen3_A1_B1_profile.class
-rw-rw-r--   1 travis travis   1274 Jan  3 00:56 ModularCodeGen3_A1_B1_profile.java
-rw-rw-r--   1 travis travis   3973 Jan  3 00:56 ModularCodeGen3_A1_B2.class
-rw-rw-r--   1 travis travis   9958 Jan  3 00:56 ModularCodeGen3_A1_B2.java
-rw-rw-r--   1 travis travis    880 Jan  3 00:56 ModularCodeGen3_A1_B2.mk
-rw-rw-r--   1 travis travis   1330 Jan  3 00:56 ModularCodeGen3_A1_B2_profile.class
-rw-rw-r--   1 travis travis   1274 Jan  3 00:56 ModularCodeGen3_A1_B2_profile.java
-rw-rw-r--   1 travis travis   5193 Jan  3 00:56 ModularCodeGen3_A1.class
-rw-rw-r--   1 travis travis  15564 Jan  3 00:56 ModularCodeGen3_A1.java
-rw-rw-r--   1 travis travis    856 Jan  3 00:56 ModularCodeGen3_A1.mk
-rw-rw-r--   1 travis travis   1445 Jan  3 00:56 ModularCodeGen3_A1_profile.class
-rw-rw-r--   1 travis travis   1716 Jan  3 00:56 ModularCodeGen3_A1_profile.java
-rw-rw-r--   1 travis travis   4119 Jan  3 00:56 ModularCodeGen3_A2_B1.class
    javac -classpath
.:/home/travis/build/icyphy/ptII:/home/travis/build/icyphy/ptII/lib/bsh-2.0b4.j
ar:/home/travis/build/icyphy/ptII/lib/ptCal.jar:/home/travis/build/icyphy/ptII/
lib/java_cup.jar:/home/travis/build/icyphy/ptII/lib/saxon8.jar:/home/travis/bui
ld/icyphy/ptII/lib/saxon8-dom.jar:/home/travis/build/icyphy/ptII/lib/chic.jar:/
home/travis/build/icyphy/ptII/lib/ptcolt.jar:/home/travis/build/icyphy/ptII/ven
dors/misc/itext/iText.jar:/home/travis/build/icyphy/ptII/lib/g4ltl.jar:/home/tr
avis/build/icyphy/ptII/lib/StructuralCoder.jar:/home/travis/build/icyphy/ptII/l
ib/jcerti.jar:/home/travis/build/icyphy/ptII/lib/javax.mail.jar:/home/travis/bu
ild/icyphy/ptII/vendors/JMF-2.1.1e/lib/jmf.jar:/home/travis/build/icyphy/ptII/l
ib/jna-4.0.0-variadic.jar:/home/travis/build/icyphy/ptII/vendors/misc/joystick/
Joystick.jar:/home/travis/build/icyphy/ptII/lib/ptjacl.jar:/home/travis/build/i
cyphy/ptII/lib/jsoup-1.8.2.jar:/home/travis/build/icyphy/ptII/lib/junit-4.8.2.j
ar:/home/travis/build/icyphy/ptII/lib/JUnitParams-0.4.0.jar:/home/travis/build/
icyphy/ptII/ptolemy/actor/lib/excel/jxl.jar:/home/travis/build/icyphy/ptII/lib/
jython.jar:/home/travis/build/icyphy/ptII/lib/kieler.jar:/home/travis/build/icy
phy/ptII/vendors/opencv/share/OpenCV/java/opencv-341.jar:/home/travis/build/icy
phy/ptII/lib/oscP5.jar:/home/travis/build/icyphy/ptII/lib/nrjavaserial-3.11.0.d
evel.jar:/home/travis/build/icyphy/ptII/vendors/j3d/lib/Linux/j3dcore.jar:/home
/travis/build/icyphy/ptII/vendors/j3d/lib/Linux/j3dutils.jar:/home/travis/build
/icyphy/ptII/vendors/j3d/lib/Linux/vecmath.jar:/home/travis/build/icyphy/ptII/v
endors/jogl/lib/Linux/gluegen-rt-natives-linux-amd64.jar:/home/travis/build/icy
phy/ptII/vendors/jogl/lib/Linux/gluegen-rt.jar:/home/travis/build/icyphy/ptII/v
endors/jogl/lib/Linux/jogl-all-natives-linux-amd64.jar:/home/travis/build/icyph
y/ptII/vendors/jogl/lib/Linux/jogl-all.jar:/home/travis/build/icyphy/ptII/ptole
my/distributed/jini/jar/jini-core.jar:/home/travis/build/icyphy/ptII/ptolemy/di
stributed/jini/jar/jini-ext.jar:/home/travis/build/icyphy/ptII/ptolemy/distribu
ted/jini/jar/sun-util.jar:/home/travis/build/icyphy/ptII/lib/protobuf-java-2.4.
1.jar:/home/travis/build/icyphy/ptII/lib/org.eclipse.paho.client.mqttv3.jar:/ho
me/travis/build/icyphy/ptII/lib/mapss.jar:/home/travis/build/icyphy/ptII/ptolem
y/actor/ptalon/antlr/antlr.jar:/home/travis/build/icyphy/ptII/lib/JRI.jar:/home
/travis/build/icyphy/ptII/lib/commons-lang-2.6.jar:/home/travis/build/icyphy/pt
II/lib/commons-logging-1.1.1.jar:/home/travis/build/icyphy/ptII/lib/sootclasses
.jar:/home/travis/build/icyphy/ptII/ptolemy/actor/lib/database/mysql-connector-
java-5.1.6-bin.jar:/home/travis/build/icyphy/ptII/vendors/misc/sphinx4/sphinx4-
data-5prealpha.jar:/home/travis/build/icyphy/ptII/vendors/misc/sphinx4/sphinx4-
core-5prealpha.jar:/home/travis/build/icyphy/ptII/lib/PDFRenderer.jar:/home/tra
vis/build/icyphy/ptII/lib/svgSalamander.jar:/home/travis/build/icyphy/ptII/lib/
rsyntaxtextarea-2.6.0-SNAPSHOT.jar:/home/travis/build/icyphy/ptII/lib/hazelcast
-3.8.2.jar:/home/travis/build/icyphy/ptII/lib/jackson-annotations-2.9.0.jar:/ho
me/travis/build/icyphy/ptII/lib/jackson-core-2.9.3.jar:/home/travis/build/icyph
y/ptII/lib/jackson-databind-2.9.3.jar:/home/travis/build/icyphy/ptII/lib/netty-
buffer-4.1.19.Final.jar:/home/travis/build/icyphy/ptII/lib/netty-codec-4.1.19.F
inal.jar:/home/travis/build/icyphy/ptII/lib/netty-codec-dns-4.1.19.Final.jar:/h
ome/travis/build/icyphy/ptII/lib/netty-codec-http-4.1.19.Final.jar:/home/travis
/build/icyphy/ptII/lib/netty-codec-http2-4.1.19.Final.jar:/home/travis/build/ic
yphy/ptII/lib/netty-common-4.1.19.Final.jar:/home/travis/build/icyphy/ptII/lib/
netty-handler-4.1.19.Final.jar:/home/travis/build/icyphy/ptII/lib/netty-resolve
r-4.1.19.Final.jar:/home/travis/build/icyphy/ptII/lib/netty-resolver-dns-4.1.19
.Final.jar:/home/travis/build/icyphy/ptII/lib/netty-transport-4.1.19.Final.jar:
/home/travis/build/icyphy/ptII/lib/vertx-codegen-3.5.1.jar:/home/travis/build/i
cyphy/ptII/lib/vertx-core-3.5.2-SNAPSHOT.jar:/home/travis/build/icyphy/ptII/lib
/vertx-hazelcast-3.5.1.jar:/home/travis/build/icyphy/ptII/lib/vertx-lang-js-3.5
.1.jar:/home/travis/build/icyphy/ptII/lib/vertx-service-proxy-3.5.1.jar:/home/t
ravis/build/icyphy/ptII/lib/vertx-web-3.5.1.jar:/home/travis/build/icyphy/ptII/
lib/slf4j-api-1.7.13.jar:/home/travis/build/icyphy/ptII/lib/slf4j-simple-1.7.13
.jar:/home/travis/build/icyphy/ptII/lib/webcam-capture-0.3.12.jar:/home/travis/
build/icyphy/ptII/lib/bridj-0.7.0.jar:/home/travis/build/icyphy/ptII/lib/xbjlib
-1.1.0.nrjavaserial.jar:/home/travis/build/icyphy/ptII/ptolemy/moml/test:/home/
travis/build/icyphy/ptII/ant/lib/ant-launcher.jar:/home/travis/build/icyphy/ptI
I/ant/lib/ant.jar:/home/travis/build/icyphy/ptII/ant/lib/ant-junit.jar:/home/tr
avis/build/icyphy/ptII/ant/lib/ant-junit4.jar:/home/travis/build/icyphy/ptII
ModularCodeGen4_A2_B2_profile.java
-rw-rw-r--   1 travis travis  10955 Jan  3 00:56 ModularCodeGen3_A2_B1.java
-rw-rw-r--   1 travis travis    880 Jan  3 00:56 ModularCodeGen3_A2_B1.mk
-rw-rw-r--   1 travis travis   1393 Jan  3 00:56 ModularCodeGen3_A2_B1_profile.class
-rw-rw-r--   1 travis travis   1458 Jan  3 00:56 ModularCodeGen3_A2_B1_profile.java
-rw-rw-r--   1 travis travis   3973 Jan  3 00:56 ModularCodeGen3_A2_B2.class
-rw-rw-r--   1 travis travis   9958 Jan  3 00:56 ModularCodeGen3_A2_B2.java
-rw-rw-r--   1 travis travis    880 Jan  3 00:56 ModularCodeGen3_A2_B2.mk
-rw-rw-r--   1 travis travis   1330 Jan  3 00:56 ModularCodeGen3_A2_B2_profile.class
-rw-rw-r--   1 travis travis   1274 Jan  3 00:56 ModularCodeGen3_A2_B2_profile.java
-rw-rw-r--   1 travis travis   5270 Jan  3 00:56 ModularCodeGen3_A2.class
-rw-rw-r--   1 travis travis  15957 Jan  3 00:56 ModularCodeGen3_A2.java
-rw-rw-r--   1 travis travis    856 Jan  3 00:56 ModularCodeGen3_A2.mk
-rw-rw-r--   1 travis travis   1445 Jan  3 00:56 ModularCodeGen3_A2_profile.class
-rw-rw-r--   1 travis travis   1716 Jan  3 00:56 ModularCodeGen3_A2_profile.java
-rw-rw-r--   1 travis travis   4026 Jan  3 00:56 ModularCodeGen4_A1_B1.class
-rw-rw-r--   1 travis travis  10312 Jan  3 00:56 ModularCodeGen4_A1_B1.java
-rw-rw-r--   1 travis travis    880 Jan  3 00:56 ModularCodeGen4_A1_B1.mk
-rw-rw-r--   1 travis travis   1330 Jan  3 00:56 ModularCodeGen4_A1_B1_profile.class
-rw-rw-r--   1 travis travis   1273 Jan  3 00:56 ModularCodeGen4_A1_B1_profile.java
-rw-rw-r--   1 travis travis   4026 Jan  3 00:56 ModularCodeGen4_A1_B2.class
-rw-rw-r--   1 travis travis  10312 Jan  3 00:56 ModularCodeGen4_A1_B2.java
-rw-rw-r--   1 travis travis    880 Jan  3 00:56 ModularCodeGen4_A1_B2.mk
-rw-rw-r--   1 travis travis   1330 Jan  3 00:56 ModularCodeGen4_A1_B2_profile.class
-rw-rw-r--   1 travis travis   1273 Jan  3 00:56 ModularCodeGen4_A1_B2_profile.java
-rw-rw-r--   1 travis travis   5333 Jan  3 00:56 ModularCodeGen4_A1.class
-rw-rw-r--   1 travis travis  16245 Jan  3 00:56 ModularCodeGen4_A1.java
-rw-rw-r--   1 travis travis    856 Jan  3 00:56 ModularCodeGen4_A1.mk
-rw-rw-r--   1 travis travis   1445 Jan  3 00:56 ModularCodeGen4_A1_profile.class
-rw-rw-r--   1 travis travis   1712 Jan  3 00:56 ModularCodeGen4_A1_profile.java
-rw-rw-r--   1 travis travis   4220 Jan  3 00:56 ModularCodeGen4_A2_B1.class
-rw-rw-r--   1 travis travis  11375 Jan  3 00:56 ModularCodeGen4_A2_B1.java
-rw-rw-r--   1 travis travis    880 Jan  3 00:56 ModularCodeGen4_A2_B1.mk
-rw-rw-r--   1 travis travis   1393 Jan  3 00:56 ModularCodeGen4_A2_B1_profile.class
-rw-rw-r--   1 travis travis   1454 Jan  3 00:56 ModularCodeGen4_A2_B1_profile.java
-rw-rw-r--   1 travis travis   1270 Jan  3 00:56 ModularCodeGen4_A2_B2_profile.java
-rw-rw-r--   1 travis travis   4186 Jan  3 00:56 ModularCodeGen_ModularCodeGenTypedCompositeActor.class
-rw-rw-r--   1 travis travis  10970 Jan  3 00:56 ModularCodeGen_ModularCodeGenTypedCompositeActor.java
-rw-rw-r--   1 travis travis   1096 Jan  3 00:56 ModularCodeGen_ModularCodeGenTypedCompositeActor.mk
-rw-rw-r--   1 travis travis   1384 Jan  3 00:56 ModularCodeGen_ModularCodeGenTypedCompositeActor_profile.class
-rw-rw-r--   1 travis travis   1328 Jan  3 00:56 ModularCodeGen_ModularCodeGenTypedCompositeActor_profile.java
-rw-rw-r--   1 travis travis   3724 Jan  3 00:55 ModularCodeGenTest_A1_A2.class
-rw-rw-r--   1 travis travis   9164 Jan  3 00:55 ModularCodeGenTest_A1_A2.java
-rw-rw-r--   1 travis travis   1306 Jan  3 00:55 ModularCodeGenTest_A1_A2_profile.class
-rw-rw-r--   1 travis travis   4055 Jan  3 00:55 ModularCodeGenTest_A1.class
-rw-rw-r--   1 travis travis   9968 Jan  3 00:55 ModularCodeGenTest_A1.java
-rw-rw-r--   1 travis travis    880 Jan  3 00:55 ModularCodeGenTest_A1.mk
-rw-rw-r--   1 travis travis   1352 Jan  3 00:55 ModularCodeGenTest_A1_profile.class
-rw-rw-r--   1 travis travis   1394 Jan  3 00:55 ModularCodeGenTest_A1_profile.java
drwxrwxr-x   3 travis travis  32768 Jan  3 00:55 modulation2
drwxrwxr-x 116 travis travis  12288 Jan  3 00:55 node_modules
drwxrwxr-x   3 travis travis  20480 Jan  3 00:51 PhaseUnwrap
drwxrwxr-x   3 travis travis  12288 Jan  3 00:51 ReadFile1
-rw-rw-r--   1 travis travis     11 Jan  3 00:51 ReadFile1Output.txt
-rw-rw-r--   1 travis travis  13773 Jan  3 00:55 Repeat.class
-rw-rw-r--   1 travis travis    685 Jan  3 00:55 Repeat$_fireFunction_Repeat_Repeat$__f_sL_11.class
-rw-rw-r--   1 travis travis    541 Jan  3 00:55 Repeat$_fireFunction_Repeat_Repeat$__f_sL_12.class
-rw-rw-r--   1 travis travis    541 Jan  3 00:55 Repeat$_fireFunction_Repeat_Repeat$__f_sL_13.class
-rw-rw-r--   1 travis travis    541 Jan  3 00:55 Repeat$_fireFunction_Repeat_Repeat$__f_sL_14.class
-rw-rw-r--   1 travis travis    684 Jan  3 00:55 Repeat$_fireFunction_Repeat_Repeat$__f_sL_1.class
-rw-rw-r--   1 travis travis    683 Jan  3 00:55 Repeat$_fireFunction_Repeat_Repeat$__f_sL_4.class
-rw-rw-r--   1 travis travis    539 Jan  3 00:55 Repeat$_fireFunction_Repeat_Repeat$__f_sL_9.class
-rw-rw-r--   1 travis travis    494 Jan  3 00:55 Repeat$_initialize_Repeat$__i_sL_2.class
-rw-rw-r--   1 travis travis   1281 Jan  3 00:55 Repeat.mk
-rw-rw-r--   1 travis travis    539 Jan  3 00:55 Repeat$_preinitializeMethod_Repeat$__p_sL_0.class
-rw-rw-r--   1 travis travis   1102 Jan  3 00:55 Repeat$_Repeat$_fireFunction_Repeat_AddSubtract_Repeat.class
-rw-rw-r--   1 travis travis    810 Jan  3 00:55 Repeat$_Repeat$_fireFunction_Repeat_AddSubtract_Repeat$__f_sL_0.class
-rw-rw-r--   1 travis travis    928 Jan  3 00:55 Repeat$_Repeat$_fireFunction_Repeat_AddSubtract_Repeat$__f_sL_1.class
-rw-rw-r--   1 travis travis    934 Jan  3 00:55 Repeat$_Repeat$_fireFunction_Repeat_AddSubtract_Repeat$__f_sL_2.class
-rw-rw-r--   1 travis travis    862 Jan  3 00:55 Repeat$_Repeat$_fireFunction_Repeat_AddSubtract_Repeat$__f_sL_3.class
-rw-rw-r--   1 travis travis    757 Jan  3 00:55 Repeat$_Repeat$_fireFunction_Repeat_Ramp2_Repeat$__f_sL_0.class
-rw-rw-r--   1 travis travis    888 Jan  3 00:55 Repeat$_Repeat$_fireFunction_Repeat_Test_Repeat$__f_sL_0.class
-rw-rw-r--   1 travis travis    634 Jan  3 00:55 Repeat$_Repeat$_fireFunction_Repeat_Test_Repeat$__f_sL_1.class
-rw-rw-r--   1 travis travis    704 Jan  3 00:55 Repeat$_Repeat_SDF_Director_run_Repeat$__R_sL_0.class
-rw-rw-r--   1 travis travis    705 Jan  3 00:55 Repeat$_Repeat_SDF_Director_run_Repeat$__R_sL_11.class
-rw-rw-r--   1 travis travis    561 Jan  3 00:55 Repeat$_Repeat_SDF_Director_run_Repeat$__R_sL_13.class
-rw-rw-r--   1 travis travis    559 Jan  3 00:55 Repeat$_Repeat_SDF_Director_run_Repeat$__R_sL_2.class
-rw-rw-r--   1 travis travis    703 Jan  3 00:55 Repeat$_Repeat_SDF_Director_run_Repeat$__R_sL_3.class
-rw-rw-r--   1 travis travis    559 Jan  3 00:55 Repeat$_Repeat_SDF_Director_run_Repeat$__R_sL_5.class
-rw-rw-r--   1 travis travis    559 Jan  3 00:55 Repeat$_Repeat_SDF_Director_run_Repeat$__R_sL_8.class
drwxrwxr-x   2 travis travis   4096 Jan  3 00:55 RepeatVariables
-rw-rw-r--   1 travis travis    882 Jan  3 00:55 Repeat$_varinit_Repeat.class
-rw-rw-r--   1 travis travis    550 Jan  3 00:55 Repeat$_varinit_Repeat$__v_sL_2.class
-rw-rw-r--   1 travis travis    924 Jan  3 00:55 Repeat$_varinit_Repeat$__v_sL_4.class
-rw-rw-r--   1 travis travis    978 Jan  3 00:55 Repeat$_wrapup_Repeat$__w_sL_1.class
drwxrwxr-x   3 travis travis  20480 Jan  3 00:52 Sinewave
drwxrwxr-x   3 travis travis  32768 Jan  3 00:53 StringFunction
drwxrwxr-x   3 travis travis  12288 Jan  3 00:53 StringLength
drwxrwxr-x   3 travis travis  61440 Jan  3 00:53 StringMatches2
drwxrwxr-x   3 travis travis  61440 Jan  3 00:54 StringSimpleReplace
drwxrwxr-x   3 travis travis  65536 Jan  3 00:54 StringSubstring
drwxrwxr-x   3 travis travis  24576 Jan  3 00:54 StringSubstring2
drwxrwxr-x   3 travis travis  16384 Jan  3 00:54 time1
drwxrwxr-x   3 travis travis  12288 Jan  3 00:55 time5
-rw-rw-r--   1 travis travis    432 Jan  3 00:56 Token.class
-rw-rw-r--   1 travis travis    251 Jan  3 00:56 Token.java
-rwxrwxr-x   1 travis travis 466992 Jan  3 00:49 top
-rw-rw-r--   1 travis travis  20502 Jan  3 00:49 top.c
-rw-rw-r--   1 travis travis   3799 Jan  3 00:55 top.class
-rw-rw-r--   1 travis travis   1257 Jan  3 00:55 top.mk
All Done
Writing ModularCodeGen4_A2_B2.java in file:/home/travis/cg/ (10378 characters)
Reading "ptolemy/cg/kernel/generic/program/procedural/java/modular/makefile.in",
    writing "/home/travis/cg/ModularCodeGen4_A2_B2.mk"
Using ptolemy/cg/kernel/generic/program/procedural/java/modular/makefile.in
In "/home/travis/cg", about to execute:
    make -f ModularCodeGen4_A2_B2.mk
javac -classpath ".:.."    ModularCodeGen4_A2_B2.java
All Done
In "/home/travis/cg", about to execute:
    pwd
In "/home/travis/cg", about to execute:
    ls -l
/home/travis/cg
In "/home/travis/cg", about to execute:
    javac -classpath
.:/home/travis/build/icyphy/ptII:/home/travis/build/icyphy/ptII/lib/bsh-2.0b4.j
ar:/home/travis/build/icyphy/ptII/lib/ptCal.jar:/home/travis/build/icyphy/ptII/
lib/java_cup.jar:/home/travis/build/icyphy/ptII/lib/saxon8.jar:/home/travis/bui
ld/icyphy/ptII/lib/saxon8-dom.jar:/home/travis/build/icyphy/ptII/lib/chic.jar:/
home/travis/build/icyphy/ptII/lib/ptcolt.jar:/home/travis/build/icyphy/ptII/ven
dors/misc/itext/iText.jar:/home/travis/build/icyphy/ptII/lib/g4ltl.jar:/home/tr
avis/build/icyphy/ptII/lib/StructuralCoder.jar:/home/travis/build/icyphy/ptII/l
ib/jcerti.jar:/home/travis/build/icyphy/ptII/lib/javax.mail.jar:/home/travis/bu
ild/icyphy/ptII/vendors/JMF-2.1.1e/lib/jmf.jar:/home/travis/build/icyphy/ptII/l
ib/jna-4.0.0-variadic.jar:/home/travis/build/icyphy/ptII/vendors/misc/joystick/
Joystick.jar:/home/travis/build/icyphy/ptII/lib/ptjacl.jar:/home/travis/build/i
cyphy/ptII/lib/jsoup-1.8.2.jar:/home/travis/build/icyphy/ptII/lib/junit-4.8.2.j
ar:/home/travis/build/icyphy/ptII/lib/JUnitParams-0.4.0.jar:/home/travis/build/
icyphy/ptII/ptolemy/actor/lib/excel/jxl.jar:/home/travis/build/icyphy/ptII/lib/
jython.jar:/home/travis/build/icyphy/ptII/lib/kieler.jar:/home/travis/build/icy
phy/ptII/vendors/opencv/share/OpenCV/java/opencv-341.jar:/home/travis/build/icy
phy/ptII/lib/oscP5.jar:/home/travis/build/icyphy/ptII/lib/nrjavaserial-3.11.0.d
evel.jar:/home/travis/build/icyphy/ptII/vendors/j3d/lib/Linux/j3dcore.jar:/home
/travis/build/icyphy/ptII/vendors/j3d/lib/Linux/j3dutils.jar:/home/travis/build
/icyphy/ptII/vendors/j3d/lib/Linux/vecmath.jar:/home/travis/build/icyphy/ptII/v
endors/jogl/lib/Linux/gluegen-rt-natives-linux-amd64.jar:/home/travis/build/icy
phy/ptII/vendors/jogl/lib/Linux/gluegen-rt.jar:/home/travis/build/icyphy/ptII/v
endors/jogl/lib/Linux/jogl-all-natives-linux-amd64.jar:/home/travis/build/icyph
y/ptII/vendors/jogl/lib/Linux/jogl-all.jar:/home/travis/build/icyphy/ptII/ptole
my/distributed/jini/jar/jini-core.jar:/home/travis/build/icyphy/ptII/ptolemy/di
stributed/jini/jar/jini-ext.jar:/home/travis/build/icyphy/ptII/ptolemy/distribu
ted/jini/jar/sun-util.jar:/home/travis/build/icyphy/ptII/lib/protobuf-java-2.4.
1.jar:/home/travis/build/icyphy/ptII/lib/org.eclipse.paho.client.mqttv3.jar:/ho
me/travis/build/icyphy/ptII/lib/mapss.jar:/home/travis/build/icyphy/ptII/ptolem
y/actor/ptalon/antlr/antlr.jar:/home/travis/build/icyphy/ptII/lib/JRI.jar:/home
/travis/build/icyphy/ptII/lib/commons-lang-2.6.jar:/home/travis/build/icyphy/pt
II/lib/commons-logging-1.1.1.jar:/home/travis/build/icyphy/ptII/lib/sootclasses
.jar:/home/travis/build/icyphy/ptII/ptolemy/actor/lib/database/mysql-connector-
java-5.1.6-bin.jar:/home/travis/build/icyphy/ptII/vendors/misc/sphinx4/sphinx4-
data-5prealpha.jar:/home/travis/build/icyphy/ptII/vendors/misc/sphinx4/sphinx4-
core-5prealpha.jar:/home/travis/build/icyphy/ptII/lib/PDFRenderer.jar:/home/tra
vis/build/icyphy/ptII/lib/svgSalamander.jar:/home/travis/build/icyphy/ptII/lib/
rsyntaxtextarea-2.6.0-SNAPSHOT.jar:/home/travis/build/icyphy/ptII/lib/hazelcast
-3.8.2.jar:/home/travis/build/icyphy/ptII/lib/jackson-annotations-2.9.0.jar:/ho
me/travis/build/icyphy/ptII/lib/jackson-core-2.9.3.jar:/home/travis/build/icyph
y/ptII/lib/jackson-databind-2.9.3.jar:/home/travis/build/icyphy/ptII/lib/netty-
buffer-4.1.19.Final.jar:/home/travis/build/icyphy/ptII/lib/netty-codec-4.1.19.F
inal.jar:/home/travis/build/icyphy/ptII/lib/netty-codec-dns-4.1.19.Final.jar:/h
ome/travis/build/icyphy/ptII/lib/netty-codec-http-4.1.19.Final.jar:/home/travis
/build/icyphy/ptII/lib/netty-codec-http2-4.1.19.Final.jar:/home/travis/build/ic
yphy/ptII/lib/netty-common-4.1.19.Final.jar:/home/travis/build/icyphy/ptII/lib/
netty-handler-4.1.19.Final.jar:/home/travis/build/icyphy/ptII/lib/netty-resolve
r-4.1.19.Final.jar:/home/travis/build/icyphy/ptII/lib/netty-resolver-dns-4.1.19
.Final.jar:/home/travis/build/icyphy/ptII/lib/netty-transport-4.1.19.Final.jar:
/home/travis/build/icyphy/ptII/lib/vertx-codegen-3.5.1.jar:/home/travis/build/i
cyphy/ptII/lib/vertx-core-3.5.2-SNAPSHOT.jar:/home/travis/build/icyphy/ptII/lib
/vertx-hazelcast-3.5.1.jar:/home/travis/build/icyphy/ptII/lib/vertx-lang-js-3.5
.1.jar:/home/travis/build/icyphy/ptII/lib/vertx-service-proxy-3.5.1.jar:/home/t
ravis/build/icyphy/ptII/lib/vertx-web-3.5.1.jar:/home/travis/build/icyphy/ptII/
lib/slf4j-api-1.7.13.jar:/home/travis/build/icyphy/ptII/lib/slf4j-simple-1.7.13
.jar:/home/travis/build/icyphy/ptII/lib/webcam-capture-0.3.12.jar:/home/travis/
build/icyphy/ptII/lib/bridj-0.7.0.jar:/home/travis/build/icyphy/ptII/lib/xbjlib
-1.1.0.nrjavaserial.jar:/home/travis/build/icyphy/ptII/ptolemy/moml/test:/home/
travis/build/icyphy/ptII/ant/lib/ant-launcher.jar:/home/travis/build/icyphy/ptI
I/ant/lib/ant.jar:/home/travis/build/icyphy/ptII/ant/lib/ant-junit.jar:/home/tr
avis/build/icyphy/ptII/ant/lib/ant-junit4.jar:/home/travis/build/icyphy/ptII
ModularCodeGen4_A2_profile.java
total 2072
drwxrwxr-x   3 travis travis  12288 Jan  3 00:50 AbsoluteValue
drwxrwxr-x   3 travis travis 102400 Jan  3 00:49 AllColt
drwxrwxr-x   3 travis travis  12288 Jan  3 00:50 Case1
-rw-rw-r--   1 travis travis   5128 Jan  3 00:55 CompiledCompositeActor_CompiledCompositeActor.class
-rw-rw-r--   1 travis travis   1611 Jan  3 00:55 CompiledCompositeActor_CompiledCompositeActor$_CompiledCompositeActor_CompiledCompositeActor.class
-rw-rw-r--   1 travis travis  13466 Jan  3 00:55 CompiledCompositeActor_CompiledCompositeActor.java
-rw-rw-r--   1 travis travis   1593 Jan  3 00:55 CompiledCompositeActor_CompiledCompositeActor.mk
drwxrwxr-x   5 travis travis   4096 Jan  3 00:49 fmi
drwxrwxr-x   3 travis travis  16384 Jan  3 00:50 Gaussian2
-rw-rw-r--   1 travis travis   4684 Jan  3 00:55 JavaCompiledCompositeTest1_CompiledCompositeActor.class
-rw-rw-r--   1 travis travis  11637 Jan  3 00:55 JavaCompiledCompositeTest1_CompiledCompositeActor.java
-rw-rw-r--   1 travis travis   1217 Jan  3 00:55 JavaCompiledCompositeTest1_CompiledCompositeActor$_JavaCompiledCompositeTest1_CompiledCompositeActor.class
-rw-rw-r--   1 travis travis   1625 Jan  3 00:55 JavaCompiledCompositeTest1_CompiledCompositeActor.mk
-rw-rw-r--   1 travis travis   5115 Jan  3 00:55 JavaCompiledCompositeTest2_CompiledCompositeActor.class
-rw-rw-r--   1 travis travis  14919 Jan  3 00:55 JavaCompiledCompositeTest2_CompiledCompositeActor.java
-rw-rw-r--   1 travis travis   1812 Jan  3 00:55 JavaCompiledCompositeTest2_CompiledCompositeActor$_JavaCompiledCompositeTest2_CompiledCompositeActor.class
-rw-rw-r--   1 travis travis   1625 Jan  3 00:55 JavaCompiledCompositeTest2_CompiledCompositeActor.mk
-rw-rw-r--   1 travis travis   4732 Jan  3 00:55 JavaCompiledCompositeTest3_CompiledCompositeActor.class
-rw-rw-r--   1 travis travis  13080 Jan  3 00:55 JavaCompiledCompositeTest3_CompiledCompositeActor.java
-rw-rw-r--   1 travis travis   1397 Jan  3 00:55 JavaCompiledCompositeTest3_CompiledCompositeActor$_JavaCompiledCompositeTest3_CompiledCompositeActor.class
-rw-rw-r--   1 travis travis   1625 Jan  3 00:55 JavaCompiledCompositeTest3_CompiledCompositeActor.mk
-rw-rw-r--   1 travis travis   4183 Jan  3 00:55 JavaCompiledCompositeTest4_CompiledCompositeActor.class
-rw-rw-r--   1 travis travis   9687 Jan  3 00:55 JavaCompiledCompositeTest4_CompiledCompositeActor.java
-rw-rw-r--   1 travis travis    876 Jan  3 00:55 JavaCompiledCompositeTest4_CompiledCompositeActor$_JavaCompiledCompositeTest4_CompiledCompositeActor.class
-rw-rw-r--   1 travis travis   1625 Jan  3 00:55 JavaCompiledCompositeTest4_CompiledCompositeActor.mk
drwxrwxr-x   3 travis travis  12288 Jan  3 00:51 LookupTable
drwxrwxr-x   3 travis travis  20480 Jan  3 00:51 MaxIndex
-rw-rw-r--   1 travis travis   3925 Jan  3 00:55 ModularCG_A1_B1.class
-rw-rw-r--   1 travis travis   9730 Jan  3 00:55 ModularCG_A1_B1.java
-rw-rw-r--   1 travis travis    832 Jan  3 00:55 ModularCG_A1_B1.mk
-rw-rw-r--   1 travis travis   1318 Jan  3 00:55 ModularCG_A1_B1_profile.class
-rw-rw-r--   1 travis travis   1262 Jan  3 00:55 ModularCG_A1_B1_profile.java
-rw-rw-r--   1 travis travis   3925 Jan  3 00:55 ModularCG_A1_B2.class
-rw-rw-r--   1 travis travis   9730 Jan  3 00:55 ModularCG_A1_B2.java
-rw-rw-r--   1 travis travis    832 Jan  3 00:55 ModularCG_A1_B2.mk
-rw-rw-r--   1 travis travis   1318 Jan  3 00:55 ModularCG_A1_B2_profile.class
-rw-rw-r--   1 travis travis   1262 Jan  3 00:55 ModularCG_A1_B2_profile.java
-rw-rw-r--   1 travis travis   5031 Jan  3 00:55 ModularCG_A1.class
-rw-rw-r--   1 travis travis  14742 Jan  3 00:55 ModularCG_A1.java
-rw-rw-r--   1 travis travis    808 Jan  3 00:55 ModularCG_A1.mk
-rw-rw-r--   1 travis travis   1433 Jan  3 00:55 ModularCG_A1_profile.class
-rw-rw-r--   1 travis travis   1704 Jan  3 00:55 ModularCG_A1_profile.java
-rw-rw-r--   1 travis travis   4059 Jan  3 00:55 ModularCG_A2_B1.class
-rw-rw-r--   1 travis travis  10667 Jan  3 00:55 ModularCG_A2_B1.java
-rw-rw-r--   1 travis travis    832 Jan  3 00:55 ModularCG_A2_B1.mk
-rw-rw-r--   1 travis travis   1381 Jan  3 00:55 ModularCG_A2_B1_profile.class
-rw-rw-r--   1 travis travis   1446 Jan  3 00:55 ModularCG_A2_B1_profile.java
-rw-rw-r--   1 travis travis   3925 Jan  3 00:55 ModularCG_A2_B2.class
-rw-rw-r--   1 travis travis   9730 Jan  3 00:55 ModularCG_A2_B2.java
-rw-rw-r--   1 travis travis    832 Jan  3 00:55 ModularCG_A2_B2.mk
-rw-rw-r--   1 travis travis   1318 Jan  3 00:55 ModularCG_A2_B2_profile.class
-rw-rw-r--   1 travis travis   1262 Jan  3 00:55 ModularCG_A2_B2_profile.java
-rw-rw-r--   1 travis travis   5102 Jan  3 00:56 ModularCG_A2.class
-rw-rw-r--   1 travis travis  15129 Jan  3 00:56 ModularCG_A2.java
-rw-rw-r--   1 travis travis    808 Jan  3 00:56 ModularCG_A2.mk
-rw-rw-r--   1 travis travis   1433 Jan  3 00:56 ModularCG_A2_profile.class
-rw-rw-r--   1 travis travis   1704 Jan  3 00:55 ModularCG_A2_profile.java
-rw-rw-r--   1 travis travis   3705 Jan  3 00:56 ModularCGPubSub_A1_A2.class
-rw-rw-r--   1 travis travis   9076 Jan  3 00:56 ModularCGPubSub_A1_A2.java
-rw-rw-r--   1 travis travis    880 Jan  3 00:56 ModularCGPubSub_A1_A2.mk
-rw-rw-r--   1 travis travis   1300 Jan  3 00:56 ModularCGPubSub_A1_A2_profile.class
-rw-rw-r--   1 travis travis   1222 Jan  3 00:56 ModularCGPubSub_A1_A2_profile.java
-rw-rw-r--   1 travis travis   4022 Jan  3 00:56 ModularCGPubSub_A1.class
-rw-rw-r--   1 travis travis   9836 Jan  3 00:56 ModularCGPubSub_A1.java
-rw-rw-r--   1 travis travis    856 Jan  3 00:56 ModularCGPubSub_A1.mk
-rw-rw-r--   1 travis travis   1346 Jan  3 00:56 ModularCGPubSub_A1_profile.class
-rw-rw-r--   1 travis travis   1388 Jan  3 00:56 ModularCGPubSub_A1_profile.java
-rw-rw-r--   1 travis travis   4220 Jan  3 00:56 ModularCodeGen2_ModularCodeGenTypedCompositeActor.class
-rw-rw-r--   1 travis travis  11690 Jan  3 00:56 ModularCodeGen2_ModularCodeGenTypedCompositeActor.java
-rw-rw-r--   1 travis travis   1104 Jan  3 00:56 ModularCodeGen2_ModularCodeGenTypedCompositeActor.mk
-rw-rw-r--   1 travis travis   4504 Jan  3 00:56 ModularCodeGen2_ModularCodeGenTypedCompositeActor_ModularCodeGenTypedCompositeActor.class
-rw-rw-r--   1 travis travis  11790 Jan  3 00:56 ModularCodeGen2_ModularCodeGenTypedCompositeActor_ModularCodeGenTypedCompositeActor.java
-rw-rw-r--   1 travis travis   1376 Jan  3 00:56 ModularCodeGen2_ModularCodeGenTypedCompositeActor_ModularCodeGenTypedCompositeActor.mk
-rw-rw-r--   1 travis travis   1421 Jan  3 00:56 ModularCodeGen2_ModularCodeGenTypedCompositeActor_ModularCodeGenTypedCompositeActor_profile.class
-rw-rw-r--   1 travis travis   1294 Jan  3 00:56 ModularCodeGen2_ModularCodeGenTypedCompositeActor_ModularCodeGenTypedCompositeActor_profile.java
-rw-rw-r--   1 travis travis    820 Jan  3 00:56 ModularCodeGen2_ModularCodeGenTypedCompositeActor_profile.class
-rw-rw-r--   1 travis travis    693 Jan  3 00:56 ModularCodeGen2_ModularCodeGenTypedCompositeActor_profile.java
-rw-rw-r--   1 travis travis   3973 Jan  3 00:56 ModularCodeGen3_A1_B1.class
-rw-rw-r--   1 travis travis   9958 Jan  3 00:56 ModularCodeGen3_A1_B1.java
-rw-rw-r--   1 travis travis    880 Jan  3 00:56 ModularCodeGen3_A1_B1.mk
-rw-rw-r--   1 travis travis   1330 Jan  3 00:56 ModularCodeGen3_A1_B1_profile.class
-rw-rw-r--   1 travis travis   1274 Jan  3 00:56 ModularCodeGen3_A1_B1_profile.java
-rw-rw-r--   1 travis travis   3973 Jan  3 00:56 ModularCodeGen3_A1_B2.class
-rw-rw-r--   1 travis travis   9958 Jan  3 00:56 ModularCodeGen3_A1_B2.java
-rw-rw-r--   1 travis travis    880 Jan  3 00:56 ModularCodeGen3_A1_B2.mk
-rw-rw-r--   1 travis travis   1330 Jan  3 00:56 ModularCodeGen3_A1_B2_profile.class
-rw-rw-r--   1 travis travis   1274 Jan  3 00:56 ModularCodeGen3_A1_B2_profile.java
-rw-rw-r--   1 travis travis   5193 Jan  3 00:56 ModularCodeGen3_A1.class
-rw-rw-r--   1 travis travis  15564 Jan  3 00:56 ModularCodeGen3_A1.java
-rw-rw-r--   1 travis travis    856 Jan  3 00:56 ModularCodeGen3_A1.mk
-rw-rw-r--   1 travis travis   1445 Jan  3 00:56 ModularCodeGen3_A1_profile.class
-rw-rw-r--   1 travis travis   1716 Jan  3 00:56 ModularCodeGen3_A1_profile.java
-rw-rw-r--   1 travis travis   4119 Jan  3 00:56 ModularCodeGen3_A2_B1.class
-rw-rw-r--   1 travis travis  10955 Jan  3 00:56 ModularCodeGen3_A2_B1.java
-rw-rw-r--   1 travis travis    880 Jan  3 00:56 ModularCodeGen3_A2_B1.mk
-rw-rw-r--   1 travis travis   1393 Jan  3 00:56 ModularCodeGen3_A2_B1_profile.class
-rw-rw-r--   1 travis travis   1458 Jan  3 00:56 ModularCodeGen3_A2_B1_profile.java
-rw-rw-r--   1 travis travis   3973 Jan  3 00:56 ModularCodeGen3_A2_B2.class
-rw-rw-r--   1 travis travis   9958 Jan  3 00:56 ModularCodeGen3_A2_B2.java
-rw-rw-r--   1 travis travis    880 Jan  3 00:56 ModularCodeGen3_A2_B2.mk
-rw-rw-r--   1 travis travis   1330 Jan  3 00:56 ModularCodeGen3_A2_B2_profile.class
-rw-rw-r--   1 travis travis   1274 Jan  3 00:56 ModularCodeGen3_A2_B2_profile.java
-rw-rw-r--   1 travis travis   5270 Jan  3 00:56 ModularCodeGen3_A2.class
-rw-rw-r--   1 travis travis  15957 Jan  3 00:56 ModularCodeGen3_A2.java
-rw-rw-r--   1 travis travis    856 Jan  3 00:56 ModularCodeGen3_A2.mk
-rw-rw-r--   1 travis travis   1445 Jan  3 00:56 ModularCodeGen3_A2_profile.class
-rw-rw-r--   1 travis travis   1716 Jan  3 00:56 ModularCodeGen3_A2_profile.java
-rw-rw-r--   1 travis travis   4026 Jan  3 00:56 ModularCodeGen4_A1_B1.class
-rw-rw-r--   1 travis travis  10312 Jan  3 00:56 ModularCodeGen4_A1_B1.java
-rw-rw-r--   1 travis travis    880 Jan  3 00:56 ModularCodeGen4_A1_B1.mk
-rw-rw-r--   1 travis travis   1330 Jan  3 00:56 ModularCodeGen4_A1_B1_profile.class
-rw-rw-r--   1 travis travis   1273 Jan  3 00:56 ModularCodeGen4_A1_B1_profile.java
-rw-rw-r--   1 travis travis   4026 Jan  3 00:56 ModularCodeGen4_A1_B2.class
-rw-rw-r--   1 travis travis  10312 Jan  3 00:56 ModularCodeGen4_A1_B2.java
-rw-rw-r--   1 travis travis    880 Jan  3 00:56 ModularCodeGen4_A1_B2.mk
-rw-rw-r--   1 travis travis   1330 Jan  3 00:56 ModularCodeGen4_A1_B2_profile.class
-rw-rw-r--   1 travis travis   1273 Jan  3 00:56 ModularCodeGen4_A1_B2_profile.java
-rw-rw-r--   1 travis travis   5333 Jan  3 00:56 ModularCodeGen4_A1.class
-rw-rw-r--   1 travis travis  16245 Jan  3 00:56 ModularCodeGen4_A1.java
-rw-rw-r--   1 travis travis    856 Jan  3 00:56 ModularCodeGen4_A1.mk
-rw-rw-r--   1 travis travis   1445 Jan  3 00:56 ModularCodeGen4_A1_profile.class
-rw-rw-r--   1 travis travis   1712 Jan  3 00:56 ModularCodeGen4_A1_profile.java
-rw-rw-r--   1 travis travis   4220 Jan  3 00:56 ModularCodeGen4_A2_B1.class
-rw-rw-r--   1 travis travis  11375 Jan  3 00:56 ModularCodeGen4_A2_B1.java
-rw-rw-r--   1 travis travis    880 Jan  3 00:56 ModularCodeGen4_A2_B1.mk
-rw-rw-r--   1 travis travis   1393 Jan  3 00:56 ModularCodeGen4_A2_B1_profile.class
-rw-rw-r--   1 travis travis   1454 Jan  3 00:56 ModularCodeGen4_A2_B1_profile.java
-rw-rw-r--   1 travis travis   4074 Jan  3 00:56 ModularCodeGen4_A2_B2.class
-rw-rw-r--   1 travis travis  10378 Jan  3 00:56 ModularCodeGen4_A2_B2.java
-rw-rw-r--   1 travis travis    880 Jan  3 00:56 ModularCodeGen4_A2_B2.mk
-rw-rw-r--   1 travis travis   1330 Jan  3 00:56 ModularCodeGen4_A2_B2_profile.class
-rw-rw-r--   1 travis travis   1270 Jan  3 00:56 ModularCodeGen4_A2_B2_profile.java
-rw-rw-r--   1 travis travis   1712 Jan  3 00:56 ModularCodeGen4_A2_profile.java
-rw-rw-r--   1 travis travis   4186 Jan  3 00:56 ModularCodeGen_ModularCodeGenTypedCompositeActor.class
-rw-rw-r--   1 travis travis  10970 Jan  3 00:56 ModularCodeGen_ModularCodeGenTypedCompositeActor.java
-rw-rw-r--   1 travis travis   1096 Jan  3 00:56 ModularCodeGen_ModularCodeGenTypedCompositeActor.mk
-rw-rw-r--   1 travis travis   1384 Jan  3 00:56 ModularCodeGen_ModularCodeGenTypedCompositeActor_profile.class
-rw-rw-r--   1 travis travis   1328 Jan  3 00:56 ModularCodeGen_ModularCodeGenTypedCompositeActor_profile.java
-rw-rw-r--   1 travis travis   3724 Jan  3 00:55 ModularCodeGenTest_A1_A2.class
-rw-rw-r--   1 travis travis   9164 Jan  3 00:55 ModularCodeGenTest_A1_A2.java
-rw-rw-r--   1 travis travis   1306 Jan  3 00:55 ModularCodeGenTest_A1_A2_profile.class
-rw-rw-r--   1 travis travis   4055 Jan  3 00:55 ModularCodeGenTest_A1.class
-rw-rw-r--   1 travis travis   9968 Jan  3 00:55 ModularCodeGenTest_A1.java
-rw-rw-r--   1 travis travis    880 Jan  3 00:55 ModularCodeGenTest_A1.mk
-rw-rw-r--   1 travis travis   1352 Jan  3 00:55 ModularCodeGenTest_A1_profile.class
-rw-rw-r--   1 travis travis   1394 Jan  3 00:55 ModularCodeGenTest_A1_profile.java
drwxrwxr-x   3 travis travis  32768 Jan  3 00:55 modulation2
drwxrwxr-x 116 travis travis  12288 Jan  3 00:55 node_modules
drwxrwxr-x   3 travis travis  20480 Jan  3 00:51 PhaseUnwrap
drwxrwxr-x   3 travis travis  12288 Jan  3 00:51 ReadFile1
-rw-rw-r--   1 travis travis     11 Jan  3 00:51 ReadFile1Output.txt
-rw-rw-r--   1 travis travis  13773 Jan  3 00:55 Repeat.class
-rw-rw-r--   1 travis travis    685 Jan  3 00:55 Repeat$_fireFunction_Repeat_Repeat$__f_sL_11.class
-rw-rw-r--   1 travis travis    541 Jan  3 00:55 Repeat$_fireFunction_Repeat_Repeat$__f_sL_12.class
-rw-rw-r--   1 travis travis    541 Jan  3 00:55 Repeat$_fireFunction_Repeat_Repeat$__f_sL_13.class
-rw-rw-r--   1 travis travis    541 Jan  3 00:55 Repeat$_fireFunction_Repeat_Repeat$__f_sL_14.class
-rw-rw-r--   1 travis travis    684 Jan  3 00:55 Repeat$_fireFunction_Repeat_Repeat$__f_sL_1.class
-rw-rw-r--   1 travis travis    683 Jan  3 00:55 Repeat$_fireFunction_Repeat_Repeat$__f_sL_4.class
-rw-rw-r--   1 travis travis    539 Jan  3 00:55 Repeat$_fireFunction_Repeat_Repeat$__f_sL_9.class
-rw-rw-r--   1 travis travis    494 Jan  3 00:55 Repeat$_initialize_Repeat$__i_sL_2.class
-rw-rw-r--   1 travis travis   1281 Jan  3 00:55 Repeat.mk
-rw-rw-r--   1 travis travis    539 Jan  3 00:55 Repeat$_preinitializeMethod_Repeat$__p_sL_0.class
-rw-rw-r--   1 travis travis   1102 Jan  3 00:55 Repeat$_Repeat$_fireFunction_Repeat_AddSubtract_Repeat.class
-rw-rw-r--   1 travis travis    810 Jan  3 00:55 Repeat$_Repeat$_fireFunction_Repeat_AddSubtract_Repeat$__f_sL_0.class
-rw-rw-r--   1 travis travis    928 Jan  3 00:55 Repeat$_Repeat$_fireFunction_Repeat_AddSubtract_Repeat$__f_sL_1.class
-rw-rw-r--   1 travis travis    934 Jan  3 00:55 Repeat$_Repeat$_fireFunction_Repeat_AddSubtract_Repeat$__f_sL_2.class
-rw-rw-r--   1 travis travis    862 Jan  3 00:55 Repeat$_Repeat$_fireFunction_Repeat_AddSubtract_Repeat$__f_sL_3.class
-rw-rw-r--   1 travis travis    757 Jan  3 00:55 Repeat$_Repeat$_fireFunction_Repeat_Ramp2_Repeat$__f_sL_0.class
-rw-rw-r--   1 travis travis    888 Jan  3 00:55 Repeat$_Repeat$_fireFunction_Repeat_Test_Repeat$__f_sL_0.class
-rw-rw-r--   1 travis travis    634 Jan  3 00:55 Repeat$_Repeat$_fireFunction_Repeat_Test_Repeat$__f_sL_1.class
-rw-rw-r--   1 travis travis    704 Jan  3 00:55 Repeat$_Repeat_SDF_Director_run_Repeat$__R_sL_0.class
-rw-rw-r--   1 travis travis    705 Jan  3 00:55 Repeat$_Repeat_SDF_Director_run_Repeat$__R_sL_11.class
-rw-rw-r--   1 travis travis    561 Jan  3 00:55 Repeat$_Repeat_SDF_Director_run_Repeat$__R_sL_13.class
-rw-rw-r--   1 travis travis    559 Jan  3 00:55 Repeat$_Repeat_SDF_Director_run_Repeat$__R_sL_2.class
-rw-rw-r--   1 travis travis    703 Jan  3 00:55 Repeat$_Repeat_SDF_Director_run_Repeat$__R_sL_3.class
-rw-rw-r--   1 travis travis    559 Jan  3 00:55 Repeat$_Repeat_SDF_Director_run_Repeat$__R_sL_5.class
-rw-rw-r--   1 travis travis    559 Jan  3 00:55 Repeat$_Repeat_SDF_Director_run_Repeat$__R_sL_8.class
drwxrwxr-x   2 travis travis   4096 Jan  3 00:55 RepeatVariables
-rw-rw-r--   1 travis travis    882 Jan  3 00:55 Repeat$_varinit_Repeat.class
-rw-rw-r--   1 travis travis    550 Jan  3 00:55 Repeat$_varinit_Repeat$__v_sL_2.class
-rw-rw-r--   1 travis travis    924 Jan  3 00:55 Repeat$_varinit_Repeat$__v_sL_4.class
-rw-rw-r--   1 travis travis    978 Jan  3 00:55 Repeat$_wrapup_Repeat$__w_sL_1.class
drwxrwxr-x   3 travis travis  20480 Jan  3 00:52 Sinewave
drwxrwxr-x   3 travis travis  32768 Jan  3 00:53 StringFunction
drwxrwxr-x   3 travis travis  12288 Jan  3 00:53 StringLength
drwxrwxr-x   3 travis travis  61440 Jan  3 00:53 StringMatches2
drwxrwxr-x   3 travis travis  61440 Jan  3 00:54 StringSimpleReplace
drwxrwxr-x   3 travis travis  65536 Jan  3 00:54 StringSubstring
drwxrwxr-x   3 travis travis  24576 Jan  3 00:54 StringSubstring2
drwxrwxr-x   3 travis travis  16384 Jan  3 00:54 time1
drwxrwxr-x   3 travis travis  12288 Jan  3 00:55 time5
-rw-rw-r--   1 travis travis    432 Jan  3 00:56 Token.class
-rw-rw-r--   1 travis travis    251 Jan  3 00:56 Token.java
-rwxrwxr-x   1 travis travis 466992 Jan  3 00:49 top
-rw-rw-r--   1 travis travis  20502 Jan  3 00:49 top.c
-rw-rw-r--   1 travis travis   3799 Jan  3 00:55 top.class
-rw-rw-r--   1 travis travis   1257 Jan  3 00:55 top.mk
All Done
Writing ModularCodeGen4_A2.java in file:/home/travis/cg/ (16770 characters)
Reading "ptolemy/cg/kernel/generic/program/procedural/java/modular/makefile.in",
    writing "/home/travis/cg/ModularCodeGen4_A2.mk"
Using ptolemy/cg/kernel/generic/program/procedural/java/modular/makefile.in
In "/home/travis/cg", about to execute:
    make -f ModularCodeGen4_A2.mk
javac -classpath ".:.."    ModularCodeGen4_A2.java
All Done
Manager.initialize() finished: 15568 ms. Memory: 129024K Free: 60978K (47%)
15571 ms. Memory: 129024K Free: 60978K (47%)
----------------- Invoking toplevel() on ptolemy.moml.MoMLSimpleApplication@5a45d78a
----------------- Done invoking toplevel() on ptolemy.moml.MoMLSimpleApplication@5a45d78a
reloadAllAccessors: .ModularCodeGen4

===========================================================================================
----------------- testing Fri Jan 03 00:56:45 UTC 2020 /home/travis/build/icyphy/ptII/ptolemy/cg/lib/test/auto/ModularCodeGen5.xml
----------------- Instantiating /home/travis/build/icyphy/ptII/ptolemy/cg/lib/test/auto/ModularCodeGen5.xml
In "/home/travis/cg", about to execute:
    pwd
In "/home/travis/cg", about to execute:
    ls -l
/home/travis/cg
In "/home/travis/cg", about to execute:
    javac -classpath
.:/home/travis/build/icyphy/ptII:/home/travis/build/icyphy/ptII/lib/bsh-2.0b4.j
ar:/home/travis/build/icyphy/ptII/lib/ptCal.jar:/home/travis/build/icyphy/ptII/
lib/java_cup.jar:/home/travis/build/icyphy/ptII/lib/saxon8.jar:/home/travis/bui
ld/icyphy/ptII/lib/saxon8-dom.jar:/home/travis/build/icyphy/ptII/lib/chic.jar:/
home/travis/build/icyphy/ptII/lib/ptcolt.jar:/home/travis/build/icyphy/ptII/ven
dors/misc/itext/iText.jar:/home/travis/build/icyphy/ptII/lib/g4ltl.jar:/home/tr
avis/build/icyphy/ptII/lib/StructuralCoder.jar:/home/travis/build/icyphy/ptII/l
ib/jcerti.jar:/home/travis/build/icyphy/ptII/lib/javax.mail.jar:/home/travis/bu
ild/icyphy/ptII/vendors/JMF-2.1.1e/lib/jmf.jar:/home/travis/build/icyphy/ptII/l
ib/jna-4.0.0-variadic.jar:/home/travis/build/icyphy/ptII/vendors/misc/joystick/
Joystick.jar:/home/travis/build/icyphy/ptII/lib/ptjacl.jar:/home/travis/build/i
cyphy/ptII/lib/jsoup-1.8.2.jar:/home/travis/build/icyphy/ptII/lib/junit-4.8.2.j
ar:/home/travis/build/icyphy/ptII/lib/JUnitParams-0.4.0.jar:/home/travis/build/
icyphy/ptII/ptolemy/actor/lib/excel/jxl.jar:/home/travis/build/icyphy/ptII/lib/
jython.jar:/home/travis/build/icyphy/ptII/lib/kieler.jar:/home/travis/build/icy
phy/ptII/vendors/opencv/share/OpenCV/java/opencv-341.jar:/home/travis/build/icy
phy/ptII/lib/oscP5.jar:/home/travis/build/icyphy/ptII/lib/nrjavaserial-3.11.0.d
evel.jar:/home/travis/build/icyphy/ptII/vendors/j3d/lib/Linux/j3dcore.jar:/home
/travis/build/icyphy/ptII/vendors/j3d/lib/Linux/j3dutils.jar:/home/travis/build
/icyphy/ptII/vendors/j3d/lib/Linux/vecmath.jar:/home/travis/build/icyphy/ptII/v
endors/jogl/lib/Linux/gluegen-rt-natives-linux-amd64.jar:/home/travis/build/icy
phy/ptII/vendors/jogl/lib/Linux/gluegen-rt.jar:/home/travis/build/icyphy/ptII/v
endors/jogl/lib/Linux/jogl-all-natives-linux-amd64.jar:/home/travis/build/icyph
y/ptII/vendors/jogl/lib/Linux/jogl-all.jar:/home/travis/build/icyphy/ptII/ptole
my/distributed/jini/jar/jini-core.jar:/home/travis/build/icyphy/ptII/ptolemy/di
stributed/jini/jar/jini-ext.jar:/home/travis/build/icyphy/ptII/ptolemy/distribu
ted/jini/jar/sun-util.jar:/home/travis/build/icyphy/ptII/lib/protobuf-java-2.4.
1.jar:/home/travis/build/icyphy/ptII/lib/org.eclipse.paho.client.mqttv3.jar:/ho
me/travis/build/icyphy/ptII/lib/mapss.jar:/home/travis/build/icyphy/ptII/ptolem
y/actor/ptalon/antlr/antlr.jar:/home/travis/build/icyphy/ptII/lib/JRI.jar:/home
/travis/build/icyphy/ptII/lib/commons-lang-2.6.jar:/home/travis/build/icyphy/pt
II/lib/commons-logging-1.1.1.jar:/home/travis/build/icyphy/ptII/lib/sootclasses
.jar:/home/travis/build/icyphy/ptII/ptolemy/actor/lib/database/mysql-connector-
java-5.1.6-bin.jar:/home/travis/build/icyphy/ptII/vendors/misc/sphinx4/sphinx4-
data-5prealpha.jar:/home/travis/build/icyphy/ptII/vendors/misc/sphinx4/sphinx4-
core-5prealpha.jar:/home/travis/build/icyphy/ptII/lib/PDFRenderer.jar:/home/tra
vis/build/icyphy/ptII/lib/svgSalamander.jar:/home/travis/build/icyphy/ptII/lib/
rsyntaxtextarea-2.6.0-SNAPSHOT.jar:/home/travis/build/icyphy/ptII/lib/hazelcast
-3.8.2.jar:/home/travis/build/icyphy/ptII/lib/jackson-annotations-2.9.0.jar:/ho
me/travis/build/icyphy/ptII/lib/jackson-core-2.9.3.jar:/home/travis/build/icyph
y/ptII/lib/jackson-databind-2.9.3.jar:/home/travis/build/icyphy/ptII/lib/netty-
buffer-4.1.19.Final.jar:/home/travis/build/icyphy/ptII/lib/netty-codec-4.1.19.F
inal.jar:/home/travis/build/icyphy/ptII/lib/netty-codec-dns-4.1.19.Final.jar:/h
ome/travis/build/icyphy/ptII/lib/netty-codec-http-4.1.19.Final.jar:/home/travis
/build/icyphy/ptII/lib/netty-codec-http2-4.1.19.Final.jar:/home/travis/build/ic
yphy/ptII/lib/netty-common-4.1.19.Final.jar:/home/travis/build/icyphy/ptII/lib/
netty-handler-4.1.19.Final.jar:/home/travis/build/icyphy/ptII/lib/netty-resolve
r-4.1.19.Final.jar:/home/travis/build/icyphy/ptII/lib/netty-resolver-dns-4.1.19
.Final.jar:/home/travis/build/icyphy/ptII/lib/netty-transport-4.1.19.Final.jar:
/home/travis/build/icyphy/ptII/lib/vertx-codegen-3.5.1.jar:/home/travis/build/i
cyphy/ptII/lib/vertx-core-3.5.2-SNAPSHOT.jar:/home/travis/build/icyphy/ptII/lib
/vertx-hazelcast-3.5.1.jar:/home/travis/build/icyphy/ptII/lib/vertx-lang-js-3.5
.1.jar:/home/travis/build/icyphy/ptII/lib/vertx-service-proxy-3.5.1.jar:/home/t
ravis/build/icyphy/ptII/lib/vertx-web-3.5.1.jar:/home/travis/build/icyphy/ptII/
lib/slf4j-api-1.7.13.jar:/home/travis/build/icyphy/ptII/lib/slf4j-simple-1.7.13
.jar:/home/travis/build/icyphy/ptII/lib/webcam-capture-0.3.12.jar:/home/travis/
build/icyphy/ptII/lib/bridj-0.7.0.jar:/home/travis/build/icyphy/ptII/lib/xbjlib
-1.1.0.nrjavaserial.jar:/home/travis/build/icyphy/ptII/ptolemy/moml/test:/home/
travis/build/icyphy/ptII/ant/lib/ant-launcher.jar:/home/travis/build/icyphy/ptI
I/ant/lib/ant.jar:/home/travis/build/icyphy/ptII/ant/lib/ant-junit.jar:/home/tr
avis/build/icyphy/ptII/ant/lib/ant-junit4.jar:/home/travis/build/icyphy/ptII
ModularCodeGen5_A_A_profile.java
total 2112
drwxrwxr-x   3 travis travis  12288 Jan  3 00:50 AbsoluteValue
drwxrwxr-x   3 travis travis 102400 Jan  3 00:49 AllColt
drwxrwxr-x   3 travis travis  12288 Jan  3 00:50 Case1
-rw-rw-r--   1 travis travis   5128 Jan  3 00:55 CompiledCompositeActor_CompiledCompositeActor.class
-rw-rw-r--   1 travis travis   1611 Jan  3 00:55 CompiledCompositeActor_CompiledCompositeActor$_CompiledCompositeActor_CompiledCompositeActor.class
-rw-rw-r--   1 travis travis  13466 Jan  3 00:55 CompiledCompositeActor_CompiledCompositeActor.java
-rw-rw-r--   1 travis travis   1593 Jan  3 00:55 CompiledCompositeActor_CompiledCompositeActor.mk
drwxrwxr-x   5 travis travis   4096 Jan  3 00:49 fmi
drwxrwxr-x   3 travis travis  16384 Jan  3 00:50 Gaussian2
-rw-rw-r--   1 travis travis   4684 Jan  3 00:55 JavaCompiledCompositeTest1_CompiledCompositeActor.class
-rw-rw-r--   1 travis travis  11637 Jan  3 00:55 JavaCompiledCompositeTest1_CompiledCompositeActor.java
-rw-rw-r--   1 travis travis   1217 Jan  3 00:55 JavaCompiledCompositeTest1_CompiledCompositeActor$_JavaCompiledCompositeTest1_CompiledCompositeActor.class
-rw-rw-r--   1 travis travis   1625 Jan  3 00:55 JavaCompiledCompositeTest1_CompiledCompositeActor.mk
-rw-rw-r--   1 travis travis   5115 Jan  3 00:55 JavaCompiledCompositeTest2_CompiledCompositeActor.class
-rw-rw-r--   1 travis travis  14919 Jan  3 00:55 JavaCompiledCompositeTest2_CompiledCompositeActor.java
-rw-rw-r--   1 travis travis   1812 Jan  3 00:55 JavaCompiledCompositeTest2_CompiledCompositeActor$_JavaCompiledCompositeTest2_CompiledCompositeActor.class
-rw-rw-r--   1 travis travis   1625 Jan  3 00:55 JavaCompiledCompositeTest2_CompiledCompositeActor.mk
-rw-rw-r--   1 travis travis   4732 Jan  3 00:55 JavaCompiledCompositeTest3_CompiledCompositeActor.class
-rw-rw-r--   1 travis travis  13080 Jan  3 00:55 JavaCompiledCompositeTest3_CompiledCompositeActor.java
-rw-rw-r--   1 travis travis   1397 Jan  3 00:55 JavaCompiledCompositeTest3_CompiledCompositeActor$_JavaCompiledCompositeTest3_CompiledCompositeActor.class
-rw-rw-r--   1 travis travis   1625 Jan  3 00:55 JavaCompiledCompositeTest3_CompiledCompositeActor.mk
-rw-rw-r--   1 travis travis   4183 Jan  3 00:55 JavaCompiledCompositeTest4_CompiledCompositeActor.class
-rw-rw-r--   1 travis travis   9687 Jan  3 00:55 JavaCompiledCompositeTest4_CompiledCompositeActor.java
-rw-rw-r--   1 travis travis    876 Jan  3 00:55 JavaCompiledCompositeTest4_CompiledCompositeActor$_JavaCompiledCompositeTest4_CompiledCompositeActor.class
-rw-rw-r--   1 travis travis   1625 Jan  3 00:55 JavaCompiledCompositeTest4_CompiledCompositeActor.mk
drwxrwxr-x   3 travis travis  12288 Jan  3 00:51 LookupTable
drwxrwxr-x   3 travis travis  20480 Jan  3 00:51 MaxIndex
-rw-rw-r--   1 travis travis   3925 Jan  3 00:55 ModularCG_A1_B1.class
-rw-rw-r--   1 travis travis   9730 Jan  3 00:55 ModularCG_A1_B1.java
-rw-rw-r--   1 travis travis    832 Jan  3 00:55 ModularCG_A1_B1.mk
-rw-rw-r--   1 travis travis   1318 Jan  3 00:55 ModularCG_A1_B1_profile.class
-rw-rw-r--   1 travis travis   1262 Jan  3 00:55 ModularCG_A1_B1_profile.java
-rw-rw-r--   1 travis travis   3925 Jan  3 00:55 ModularCG_A1_B2.class
-rw-rw-r--   1 travis travis   9730 Jan  3 00:55 ModularCG_A1_B2.java
-rw-rw-r--   1 travis travis    832 Jan  3 00:55 ModularCG_A1_B2.mk
-rw-rw-r--   1 travis travis   1318 Jan  3 00:55 ModularCG_A1_B2_profile.class
-rw-rw-r--   1 travis travis   1262 Jan  3 00:55 ModularCG_A1_B2_profile.java
-rw-rw-r--   1 travis travis   5031 Jan  3 00:55 ModularCG_A1.class
-rw-rw-r--   1 travis travis  14742 Jan  3 00:55 ModularCG_A1.java
-rw-rw-r--   1 travis travis    808 Jan  3 00:55 ModularCG_A1.mk
-rw-rw-r--   1 travis travis   1433 Jan  3 00:55 ModularCG_A1_profile.class
-rw-rw-r--   1 travis travis   1704 Jan  3 00:55 ModularCG_A1_profile.java
-rw-rw-r--   1 travis travis   4059 Jan  3 00:55 ModularCG_A2_B1.class
-rw-rw-r--   1 travis travis  10667 Jan  3 00:55 ModularCG_A2_B1.java
-rw-rw-r--   1 travis travis    832 Jan  3 00:55 ModularCG_A2_B1.mk
-rw-rw-r--   1 travis travis   1381 Jan  3 00:55 ModularCG_A2_B1_profile.class
-rw-rw-r--   1 travis travis   1446 Jan  3 00:55 ModularCG_A2_B1_profile.java
-rw-rw-r--   1 travis travis   3925 Jan  3 00:55 ModularCG_A2_B2.class
-rw-rw-r--   1 travis travis   9730 Jan  3 00:55 ModularCG_A2_B2.java
-rw-rw-r--   1 travis travis    832 Jan  3 00:55 ModularCG_A2_B2.mk
-rw-rw-r--   1 travis travis   1318 Jan  3 00:55 ModularCG_A2_B2_profile.class
-rw-rw-r--   1 travis travis   1262 Jan  3 00:55 ModularCG_A2_B2_profile.java
-rw-rw-r--   1 travis travis   5102 Jan  3 00:56 ModularCG_A2.class
-rw-rw-r--   1 travis travis  15129 Jan  3 00:56 ModularCG_A2.java
-rw-rw-r--   1 travis travis    808 Jan  3 00:56 ModularCG_A2.mk
-rw-rw-r--   1 travis travis   1433 Jan  3 00:56 ModularCG_A2_profile.class
-rw-rw-r--   1 travis travis   1704 Jan  3 00:55 ModularCG_A2_profile.java
-rw-rw-r--   1 travis travis   3705 Jan  3 00:56 ModularCGPubSub_A1_A2.class
-rw-rw-r--   1 travis travis   9076 Jan  3 00:56 ModularCGPubSub_A1_A2.java
-rw-rw-r--   1 travis travis    880 Jan  3 00:56 ModularCGPubSub_A1_A2.mk
-rw-rw-r--   1 travis travis   1300 Jan  3 00:56 ModularCGPubSub_A1_A2_profile.class
-rw-rw-r--   1 travis travis   1222 Jan  3 00:56 ModularCGPubSub_A1_A2_profile.java
-rw-rw-r--   1 travis travis   4022 Jan  3 00:56 ModularCGPubSub_A1.class
-rw-rw-r--   1 travis travis   9836 Jan  3 00:56 ModularCGPubSub_A1.java
-rw-rw-r--   1 travis travis    856 Jan  3 00:56 ModularCGPubSub_A1.mk
-rw-rw-r--   1 travis travis   1346 Jan  3 00:56 ModularCGPubSub_A1_profile.class
-rw-rw-r--   1 travis travis   1388 Jan  3 00:56 ModularCGPubSub_A1_profile.java
-rw-rw-r--   1 travis travis   4220 Jan  3 00:56 ModularCodeGen2_ModularCodeGenTypedCompositeActor.class
-rw-rw-r--   1 travis travis  11690 Jan  3 00:56 ModularCodeGen2_ModularCodeGenTypedCompositeActor.java
-rw-rw-r--   1 travis travis   1104 Jan  3 00:56 ModularCodeGen2_ModularCodeGenTypedCompositeActor.mk
-rw-rw-r--   1 travis travis   4504 Jan  3 00:56 ModularCodeGen2_ModularCodeGenTypedCompositeActor_ModularCodeGenTypedCompositeActor.class
-rw-rw-r--   1 travis travis  11790 Jan  3 00:56 ModularCodeGen2_ModularCodeGenTypedCompositeActor_ModularCodeGenTypedCompositeActor.java
-rw-rw-r--   1 travis travis   1376 Jan  3 00:56 ModularCodeGen2_ModularCodeGenTypedCompositeActor_ModularCodeGenTypedCompositeActor.mk
-rw-rw-r--   1 travis travis   1421 Jan  3 00:56 ModularCodeGen2_ModularCodeGenTypedCompositeActor_ModularCodeGenTypedCompositeActor_profile.class
-rw-rw-r--   1 travis travis   1294 Jan  3 00:56 ModularCodeGen2_ModularCodeGenTypedCompositeActor_ModularCodeGenTypedCompositeActor_profile.java
-rw-rw-r--   1 travis travis    820 Jan  3 00:56 ModularCodeGen2_ModularCodeGenTypedCompositeActor_profile.class
-rw-rw-r--   1 travis travis    693 Jan  3 00:56 ModularCodeGen2_ModularCodeGenTypedCompositeActor_profile.java
-rw-rw-r--   1 travis travis   3973 Jan  3 00:56 ModularCodeGen3_A1_B1.class
-rw-rw-r--   1 travis travis   9958 Jan  3 00:56 ModularCodeGen3_A1_B1.java
-rw-rw-r--   1 travis travis    880 Jan  3 00:56 ModularCodeGen3_A1_B1.mk
-rw-rw-r--   1 travis travis   1330 Jan  3 00:56 ModularCodeGen3_A1_B1_profile.class
-rw-rw-r--   1 travis travis   1274 Jan  3 00:56 ModularCodeGen3_A1_B1_profile.java
-rw-rw-r--   1 travis travis   3973 Jan  3 00:56 ModularCodeGen3_A1_B2.class
-rw-rw-r--   1 travis travis   9958 Jan  3 00:56 ModularCodeGen3_A1_B2.java
-rw-rw-r--   1 travis travis    880 Jan  3 00:56 ModularCodeGen3_A1_B2.mk
-rw-rw-r--   1 travis travis   1330 Jan  3 00:56 ModularCodeGen3_A1_B2_profile.class
-rw-rw-r--   1 travis travis   1274 Jan  3 00:56 ModularCodeGen3_A1_B2_profile.java
-rw-rw-r--   1 travis travis   5193 Jan  3 00:56 ModularCodeGen3_A1.class
-rw-rw-r--   1 travis travis  15564 Jan  3 00:56 ModularCodeGen3_A1.java
-rw-rw-r--   1 travis travis    856 Jan  3 00:56 ModularCodeGen3_A1.mk
-rw-rw-r--   1 travis travis   1445 Jan  3 00:56 ModularCodeGen3_A1_profile.class
-rw-rw-r--   1 travis travis   1716 Jan  3 00:56 ModularCodeGen3_A1_profile.java
-rw-rw-r--   1 travis travis   4119 Jan  3 00:56 ModularCodeGen3_A2_B1.class
-rw-rw-r--   1 travis travis  10955 Jan  3 00:56 ModularCodeGen3_A2_B1.java
-rw-rw-r--   1 travis travis    880 Jan  3 00:56 ModularCodeGen3_A2_B1.mk
-rw-rw-r--   1 travis travis   1393 Jan  3 00:56 ModularCodeGen3_A2_B1_profile.class
-rw-rw-r--   1 travis travis   1458 Jan  3 00:56 ModularCodeGen3_A2_B1_profile.java
-rw-rw-r--   1 travis travis   3973 Jan  3 00:56 ModularCodeGen3_A2_B2.class
-rw-rw-r--   1 travis travis   9958 Jan  3 00:56 ModularCodeGen3_A2_B2.java
-rw-rw-r--   1 travis travis    880 Jan  3 00:56 ModularCodeGen3_A2_B2.mk
-rw-rw-r--   1 travis travis   1330 Jan  3 00:56 ModularCodeGen3_A2_B2_profile.class
-rw-rw-r--   1 travis travis   1274 Jan  3 00:56 ModularCodeGen3_A2_B2_profile.java
-rw-rw-r--   1 travis travis   5270 Jan  3 00:56 ModularCodeGen3_A2.class
-rw-rw-r--   1 travis travis  15957 Jan  3 00:56 ModularCodeGen3_A2.java
-rw-rw-r--   1 travis travis    856 Jan  3 00:56 ModularCodeGen3_A2.mk
-rw-rw-r--   1 travis travis   1445 Jan  3 00:56 ModularCodeGen3_A2_profile.class
-rw-rw-r--   1 travis travis   1716 Jan  3 00:56 ModularCodeGen3_A2_profile.java
-rw-rw-r--   1 travis travis   4026 Jan  3 00:56 ModularCodeGen4_A1_B1.class
-rw-rw-r--   1 travis travis  10312 Jan  3 00:56 ModularCodeGen4_A1_B1.java
-rw-rw-r--   1 travis travis    880 Jan  3 00:56 ModularCodeGen4_A1_B1.mk
-rw-rw-r--   1 travis travis   1330 Jan  3 00:56 ModularCodeGen4_A1_B1_profile.class
-rw-rw-r--   1 travis travis   1273 Jan  3 00:56 ModularCodeGen4_A1_B1_profile.java
-rw-rw-r--   1 travis travis   4026 Jan  3 00:56 ModularCodeGen4_A1_B2.class
-rw-rw-r--   1 travis travis  10312 Jan  3 00:56 ModularCodeGen4_A1_B2.java
-rw-rw-r--   1 travis travis    880 Jan  3 00:56 ModularCodeGen4_A1_B2.mk
-rw-rw-r--   1 travis travis   1330 Jan  3 00:56 ModularCodeGen4_A1_B2_profile.class
-rw-rw-r--   1 travis travis   1273 Jan  3 00:56 ModularCodeGen4_A1_B2_profile.java
-rw-rw-r--   1 travis travis   5333 Jan  3 00:56 ModularCodeGen4_A1.class
-rw-rw-r--   1 travis travis  16245 Jan  3 00:56 ModularCodeGen4_A1.java
-rw-rw-r--   1 travis travis    856 Jan  3 00:56 ModularCodeGen4_A1.mk
-rw-rw-r--   1 travis travis   1445 Jan  3 00:56 ModularCodeGen4_A1_profile.class
-rw-rw-r--   1 travis travis   1712 Jan  3 00:56 ModularCodeGen4_A1_profile.java
-rw-rw-r--   1 travis travis   4220 Jan  3 00:56 ModularCodeGen4_A2_B1.class
-rw-rw-r--   1 travis travis  11375 Jan  3 00:56 ModularCodeGen4_A2_B1.java
-rw-rw-r--   1 travis travis    880 Jan  3 00:56 ModularCodeGen4_A2_B1.mk
-rw-rw-r--   1 travis travis   1393 Jan  3 00:56 ModularCodeGen4_A2_B1_profile.class
-rw-rw-r--   1 travis travis   1454 Jan  3 00:56 ModularCodeGen4_A2_B1_profile.java
-rw-rw-r--   1 travis travis   4074 Jan  3 00:56 ModularCodeGen4_A2_B2.class
-rw-rw-r--   1 travis travis  10378 Jan  3 00:56 ModularCodeGen4_A2_B2.java
-rw-rw-r--   1 travis travis    880 Jan  3 00:56 ModularCodeGen4_A2_B2.mk
-rw-rw-r--   1 travis travis   1330 Jan  3 00:56 ModularCodeGen4_A2_B2_profile.class
-rw-rw-r--   1 travis travis   1270 Jan  3 00:56 ModularCodeGen4_A2_B2_profile.java
-rw-rw-r--   1 travis travis   5506 Jan  3 00:56 ModularCodeGen4_A2.class
-rw-rw-r--   1 travis travis  16770 Jan  3 00:56 ModularCodeGen4_A2.java
-rw-rw-r--   1 travis travis    856 Jan  3 00:56 ModularCodeGen4_A2.mk
-rw-rw-r--   1 travis travis   1445 Jan  3 00:56 ModularCodeGen4_A2_profile.class
-rw-rw-r--   1 travis travis   1712 Jan  3 00:56 ModularCodeGen4_A2_profile.java
-rw-rw-r--   1 travis travis   1815 Jan  3 00:56 ModularCodeGen5_A_A_profile.java
-rw-rw-r--   1 travis travis   4186 Jan  3 00:56 ModularCodeGen_ModularCodeGenTypedCompositeActor.class
-rw-rw-r--   1 travis travis  10970 Jan  3 00:56 ModularCodeGen_ModularCodeGenTypedCompositeActor.java
-rw-rw-r--   1 travis travis   1096 Jan  3 00:56 ModularCodeGen_ModularCodeGenTypedCompositeActor.mk
-rw-rw-r--   1 travis travis   1384 Jan  3 00:56 ModularCodeGen_ModularCodeGenTypedCompositeActor_profile.class
-rw-rw-r--   1 travis travis   1328 Jan  3 00:56 ModularCodeGen_ModularCodeGenTypedCompositeActor_profile.java
-rw-rw-r--   1 travis travis   3724 Jan  3 00:55 ModularCodeGenTest_A1_A2.class
-rw-rw-r--   1 travis travis   9164 Jan  3 00:55 ModularCodeGenTest_A1_A2.java
-rw-rw-r--   1 travis travis   1306 Jan  3 00:55 ModularCodeGenTest_A1_A2_profile.class
-rw-rw-r--   1 travis travis   4055 Jan  3 00:55 ModularCodeGenTest_A1.class
-rw-rw-r--   1 travis travis   9968 Jan  3 00:55 ModularCodeGenTest_A1.java
-rw-rw-r--   1 travis travis    880 Jan  3 00:55 ModularCodeGenTest_A1.mk
-rw-rw-r--   1 travis travis   1352 Jan  3 00:55 ModularCodeGenTest_A1_profile.class
-rw-rw-r--   1 travis travis   1394 Jan  3 00:55 ModularCodeGenTest_A1_profile.java
drwxrwxr-x   3 travis travis  32768 Jan  3 00:55 modulation2
drwxrwxr-x 116 travis travis  12288 Jan  3 00:55 node_modules
drwxrwxr-x   3 travis travis  20480 Jan  3 00:51 PhaseUnwrap
drwxrwxr-x   3 travis travis  12288 Jan  3 00:51 ReadFile1
-rw-rw-r--   1 travis travis     11 Jan  3 00:51 ReadFile1Output.txt
-rw-rw-r--   1 travis travis  13773 Jan  3 00:55 Repeat.class
-rw-rw-r--   1 travis travis    685 Jan  3 00:55 Repeat$_fireFunction_Repeat_Repeat$__f_sL_11.class
-rw-rw-r--   1 travis travis    541 Jan  3 00:55 Repeat$_fireFunction_Repeat_Repeat$__f_sL_12.class
-rw-rw-r--   1 travis travis    541 Jan  3 00:55 Repeat$_fireFunction_Repeat_Repeat$__f_sL_13.class
-rw-rw-r--   1 travis travis    541 Jan  3 00:55 Repeat$_fireFunction_Repeat_Repeat$__f_sL_14.class
-rw-rw-r--   1 travis travis    684 Jan  3 00:55 Repeat$_fireFunction_Repeat_Repeat$__f_sL_1.class
-rw-rw-r--   1 travis travis    683 Jan  3 00:55 Repeat$_fireFunction_Repeat_Repeat$__f_sL_4.class
-rw-rw-r--   1 travis travis    539 Jan  3 00:55 Repeat$_fireFunction_Repeat_Repeat$__f_sL_9.class
-rw-rw-r--   1 travis travis    494 Jan  3 00:55 Repeat$_initialize_Repeat$__i_sL_2.class
-rw-rw-r--   1 travis travis   1281 Jan  3 00:55 Repeat.mk
-rw-rw-r--   1 travis travis    539 Jan  3 00:55 Repeat$_preinitializeMethod_Repeat$__p_sL_0.class
-rw-rw-r--   1 travis travis   1102 Jan  3 00:55 Repeat$_Repeat$_fireFunction_Repeat_AddSubtract_Repeat.class
-rw-rw-r--   1 travis travis    810 Jan  3 00:55 Repeat$_Repeat$_fireFunction_Repeat_AddSubtract_Repeat$__f_sL_0.class
-rw-rw-r--   1 travis travis    928 Jan  3 00:55 Repeat$_Repeat$_fireFunction_Repeat_AddSubtract_Repeat$__f_sL_1.class
-rw-rw-r--   1 travis travis    934 Jan  3 00:55 Repeat$_Repeat$_fireFunction_Repeat_AddSubtract_Repeat$__f_sL_2.class
-rw-rw-r--   1 travis travis    862 Jan  3 00:55 Repeat$_Repeat$_fireFunction_Repeat_AddSubtract_Repeat$__f_sL_3.class
-rw-rw-r--   1 travis travis    757 Jan  3 00:55 Repeat$_Repeat$_fireFunction_Repeat_Ramp2_Repeat$__f_sL_0.class
-rw-rw-r--   1 travis travis    888 Jan  3 00:55 Repeat$_Repeat$_fireFunction_Repeat_Test_Repeat$__f_sL_0.class
-rw-rw-r--   1 travis travis    634 Jan  3 00:55 Repeat$_Repeat$_fireFunction_Repeat_Test_Repeat$__f_sL_1.class
-rw-rw-r--   1 travis travis    704 Jan  3 00:55 Repeat$_Repeat_SDF_Director_run_Repeat$__R_sL_0.class
-rw-rw-r--   1 travis travis    705 Jan  3 00:55 Repeat$_Repeat_SDF_Director_run_Repeat$__R_sL_11.class
-rw-rw-r--   1 travis travis    561 Jan  3 00:55 Repeat$_Repeat_SDF_Director_run_Repeat$__R_sL_13.class
-rw-rw-r--   1 travis travis    559 Jan  3 00:55 Repeat$_Repeat_SDF_Director_run_Repeat$__R_sL_2.class
-rw-rw-r--   1 travis travis    703 Jan  3 00:55 Repeat$_Repeat_SDF_Director_run_Repeat$__R_sL_3.class
-rw-rw-r--   1 travis travis    559 Jan  3 00:55 Repeat$_Repeat_SDF_Director_run_Repeat$__R_sL_5.class
-rw-rw-r--   1 travis travis    559 Jan  3 00:55 Repeat$_Repeat_SDF_Director_run_Repeat$__R_sL_8.class
drwxrwxr-x   2 travis travis   4096 Jan  3 00:55 RepeatVariables
-rw-rw-r--   1 travis travis    882 Jan  3 00:55 Repeat$_varinit_Repeat.class
-rw-rw-r--   1 travis travis    550 Jan  3 00:55 Repeat$_varinit_Repeat$__v_sL_2.class
-rw-rw-r--   1 travis travis    924 Jan  3 00:55 Repeat$_varinit_Repeat$__v_sL_4.class
-rw-rw-r--   1 travis travis    978 Jan  3 00:55 Repeat$_wrapup_Repeat$__w_sL_1.class
drwxrwxr-x   3 travis travis  20480 Jan  3 00:52 Sinewave
drwxrwxr-x   3 travis travis  32768 Jan  3 00:53 StringFunction
drwxrwxr-x   3 travis travis  12288 Jan  3 00:53 StringLength
drwxrwxr-x   3 travis travis  61440 Jan  3 00:53 StringMatches2
drwxrwxr-x   3 travis travis  61440 Jan  3 00:54 StringSimpleReplace
drwxrwxr-x   3 travis travis  65536 Jan  3 00:54 StringSubstring
drwxrwxr-x   3 travis travis  24576 Jan  3 00:54 StringSubstring2
drwxrwxr-x   3 travis travis  16384 Jan  3 00:54 time1
drwxrwxr-x   3 travis travis  12288 Jan  3 00:55 time5
-rw-rw-r--   1 travis travis    432 Jan  3 00:56 Token.class
-rw-rw-r--   1 travis travis    251 Jan  3 00:56 Token.java
-rwxrwxr-x   1 travis travis 466992 Jan  3 00:49 top
-rw-rw-r--   1 travis travis  20502 Jan  3 00:49 top.c
-rw-rw-r--   1 travis travis   3799 Jan  3 00:55 top.class
-rw-rw-r--   1 travis travis   1257 Jan  3 00:55 top.mk
All Done
Writing ModularCodeGen5_A_A.java in file:/home/travis/cg/ (28721 characters)
Reading "ptolemy/cg/kernel/generic/program/procedural/java/modular/makefile.in",
    writing "/home/travis/cg/ModularCodeGen5_A_A.mk"
Using ptolemy/cg/kernel/generic/program/procedural/java/modular/makefile.in
In "/home/travis/cg", about to execute:
    make -f ModularCodeGen5_A_A.mk
javac -classpath ".:.."    ModularCodeGen5_A_A.java
All Done
In "/home/travis/cg", about to execute:
    pwd
/home/travis/cg
In "/home/travis/cg", about to execute:
    ls -l
total 2164
drwxrwxr-x   3 travis travis  12288 Jan  3 00:50 AbsoluteValue
drwxrwxr-x   3 travis travis 102400 Jan  3 00:49 AllColt
drwxrwxr-x   3 travis travis  12288 Jan  3 00:50 Case1
-rw-rw-r--   1 travis travis   5128 Jan  3 00:55 CompiledCompositeActor_CompiledCompositeActor.class
-rw-rw-r--   1 travis travis   1611 Jan  3 00:55 CompiledCompositeActor_CompiledCompositeActor$_CompiledCompositeActor_CompiledCompositeActor.class
-rw-rw-r--   1 travis travis  13466 Jan  3 00:55 CompiledCompositeActor_CompiledCompositeActor.java
-rw-rw-r--   1 travis travis   1593 Jan  3 00:55 CompiledCompositeActor_CompiledCompositeActor.mk
drwxrwxr-x   5 travis travis   4096 Jan  3 00:49 fmi
drwxrwxr-x   3 travis travis  16384 Jan  3 00:50 Gaussian2
-rw-rw-r--   1 travis travis   4684 Jan  3 00:55 JavaCompiledCompositeTest1_CompiledCompositeActor.class
-rw-rw-r--   1 travis travis  11637 Jan  3 00:55 JavaCompiledCompositeTest1_CompiledCompositeActor.java
-rw-rw-r--   1 travis travis   1217 Jan  3 00:55 JavaCompiledCompositeTest1_CompiledCompositeActor$_JavaCompiledCompositeTest1_CompiledCompositeActor.class
-rw-rw-r--   1 travis travis   1625 Jan  3 00:55 JavaCompiledCompositeTest1_CompiledCompositeActor.mk
-rw-rw-r--   1 travis travis   5115 Jan  3 00:55 JavaCompiledCompositeTest2_CompiledCompositeActor.class
-rw-rw-r--   1 travis travis  14919 Jan  3 00:55 JavaCompiledCompositeTest2_CompiledCompositeActor.java
-rw-rw-r--   1 travis travis   1812 Jan  3 00:55 JavaCompiledCompositeTest2_CompiledCompositeActor$_JavaCompiledCompositeTest2_CompiledCompositeActor.class
-rw-rw-r--   1 travis travis   1625 Jan  3 00:55 JavaCompiledCompositeTest2_CompiledCompositeActor.mk
-rw-rw-r--   1 travis travis   4732 Jan  3 00:55 JavaCompiledCompositeTest3_CompiledCompositeActor.class
-rw-rw-r--   1 travis travis  13080 Jan  3 00:55 JavaCompiledCompositeTest3_CompiledCompositeActor.java
-rw-rw-r--   1 travis travis   1397 Jan  3 00:55 JavaCompiledCompositeTest3_CompiledCompositeActor$_JavaCompiledCompositeTest3_CompiledCompositeActor.class
-rw-rw-r--   1 travis travis   1625 Jan  3 00:55 JavaCompiledCompositeTest3_CompiledCompositeActor.mk
-rw-rw-r--   1 travis travis   4183 Jan  3 00:55 JavaCompiledCompositeTest4_CompiledCompositeActor.class
-rw-rw-r--   1 travis travis   9687 Jan  3 00:55 JavaCompiledCompositeTest4_CompiledCompositeActor.java
-rw-rw-r--   1 travis travis    876 Jan  3 00:55 JavaCompiledCompositeTest4_CompiledCompositeActor$_JavaCompiledCompositeTest4_CompiledCompositeActor.class
-rw-rw-r--   1 travis travis   1625 Jan  3 00:55 JavaCompiledCompositeTest4_CompiledCompositeActor.mk
drwxrwxr-x   3 travis travis  12288 Jan  3 00:51 LookupTable
drwxrwxr-x   3 travis travis  20480 Jan  3 00:51 MaxIndex
-rw-rw-r--   1 travis travis   3925 Jan  3 00:55 ModularCG_A1_B1.class
-rw-rw-r--   1 travis travis   9730 Jan  3 00:55 ModularCG_A1_B1.java
-rw-rw-r--   1 travis travis    832 Jan  3 00:55 ModularCG_A1_B1.mk
-rw-rw-r--   1 travis travis   1318 Jan  3 00:55 ModularCG_A1_B1_profile.class
-rw-rw-r--   1 travis travis   1262 Jan  3 00:55 ModularCG_A1_B1_profile.java
-rw-rw-r--   1 travis travis   3925 Jan  3 00:55 ModularCG_A1_B2.class
-rw-rw-r--   1 travis travis   9730 Jan  3 00:55 ModularCG_A1_B2.java
-rw-rw-r--   1 travis travis    832 Jan  3 00:55 ModularCG_A1_B2.mk
-rw-rw-r--   1 travis travis   1318 Jan  3 00:55 ModularCG_A1_B2_profile.class
-rw-rw-r--   1 travis travis   1262 Jan  3 00:55 ModularCG_A1_B2_profile.java
-rw-rw-r--   1 travis travis   5031 Jan  3 00:55 ModularCG_A1.class
-rw-rw-r--   1 travis travis  14742 Jan  3 00:55 ModularCG_A1.java
-rw-rw-r--   1 travis travis    808 Jan  3 00:55 ModularCG_A1.mk
-rw-rw-r--   1 travis travis   1433 Jan  3 00:55 ModularCG_A1_profile.class
-rw-rw-r--   1 travis travis   1704 Jan  3 00:55 ModularCG_A1_profile.java
-rw-rw-r--   1 travis travis   4059 Jan  3 00:55 ModularCG_A2_B1.class
-rw-rw-r--   1 travis travis  10667 Jan  3 00:55 ModularCG_A2_B1.java
-rw-rw-r--   1 travis travis    832 Jan  3 00:55 ModularCG_A2_B1.mk
-rw-rw-r--   1 travis travis   1381 Jan  3 00:55 ModularCG_A2_B1_profile.class
-rw-rw-r--   1 travis travis   1446 Jan  3 00:55 ModularCG_A2_B1_profile.java
-rw-rw-r--   1 travis travis   3925 Jan  3 00:55 ModularCG_A2_B2.class
-rw-rw-r--   1 travis travis   9730 Jan  3 00:55 ModularCG_A2_B2.java
-rw-rw-r--   1 travis travis    832 Jan  3 00:55 ModularCG_A2_B2.mk
-rw-rw-r--   1 travis travis   1318 Jan  3 00:55 ModularCG_A2_B2_profile.class
-rw-rw-r--   1 travis travis   1262 Jan  3 00:55 ModularCG_A2_B2_profile.java
-rw-rw-r--   1 travis travis   5102 Jan  3 00:56 ModularCG_A2.class
-rw-rw-r--   1 travis travis  15129 Jan  3 00:56 ModularCG_A2.java
-rw-rw-r--   1 travis travis    808 Jan  3 00:56 ModularCG_A2.mk
-rw-rw-r--   1 travis travis   1433 Jan  3 00:56 ModularCG_A2_profile.class
-rw-rw-r--   1 travis travis   1704 Jan  3 00:55 ModularCG_A2_profile.java
-rw-rw-r--   1 travis travis   3705 Jan  3 00:56 ModularCGPubSub_A1_A2.class
-rw-rw-r--   1 travis travis   9076 Jan  3 00:56 ModularCGPubSub_A1_A2.java
-rw-rw-r--   1 travis travis    880 Jan  3 00:56 ModularCGPubSub_A1_A2.mk
-rw-rw-r--   1 travis travis   1300 Jan  3 00:56 ModularCGPubSub_A1_A2_profile.class
-rw-rw-r--   1 travis travis   1222 Jan  3 00:56 ModularCGPubSub_A1_A2_profile.java
-rw-rw-r--   1 travis travis   4022 Jan  3 00:56 ModularCGPubSub_A1.class
-rw-rw-r--   1 travis travis   9836 Jan  3 00:56 ModularCGPubSub_A1.java
-rw-rw-r--   1 travis travis    856 Jan  3 00:56 ModularCGPubSub_A1.mk
-rw-rw-r--   1 travis travis   1346 Jan  3 00:56 ModularCGPubSub_A1_profile.class
-rw-rw-r--   1 travis travis   1388 Jan  3 00:56 ModularCGPubSub_A1_profile.java
-rw-rw-r--   1 travis travis   4220 Jan  3 00:56 ModularCodeGen2_ModularCodeGenTypedCompositeActor.class
-rw-rw-r--   1 travis travis  11690 Jan  3 00:56 ModularCodeGen2_ModularCodeGenTypedCompositeActor.java
-rw-rw-r--   1 travis travis   1104 Jan  3 00:56 ModularCodeGen2_ModularCodeGenTypedCompositeActor.mk
-rw-rw-r--   1 travis travis   4504 Jan  3 00:56 ModularCodeGen2_ModularCodeGenTypedCompositeActor_ModularCodeGenTypedCompositeActor.class
-rw-rw-r--   1 travis travis  11790 Jan  3 00:56 ModularCodeGen2_ModularCodeGenTypedCompositeActor_ModularCodeGenTypedCompositeActor.java
-rw-rw-r--   1 travis travis   1376 Jan  3 00:56 ModularCodeGen2_ModularCodeGenTypedCompositeActor_ModularCodeGenTypedCompositeActor.mk
-rw-rw-r--   1 travis travis   1421 Jan  3 00:56 ModularCodeGen2_ModularCodeGenTypedCompositeActor_ModularCodeGenTypedCompositeActor_profile.class
-rw-rw-r--   1 travis travis   1294 Jan  3 00:56 ModularCodeGen2_ModularCodeGenTypedCompositeActor_ModularCodeGenTypedCompositeActor_profile.java
-rw-rw-r--   1 travis travis    820 Jan  3 00:56 ModularCodeGen2_ModularCodeGenTypedCompositeActor_profile.class
-rw-rw-r--   1 travis travis    693 Jan  3 00:56 ModularCodeGen2_ModularCodeGenTypedCompositeActor_profile.java
-rw-rw-r--   1 travis travis   3973 Jan  3 00:56 ModularCodeGen3_A1_B1.class
-rw-rw-r--   1 travis travis   9958 Jan  3 00:56 ModularCodeGen3_A1_B1.java
-rw-rw-r--   1 travis travis    880 Jan  3 00:56 ModularCodeGen3_A1_B1.mk
-rw-rw-r--   1 travis travis   1330 Jan  3 00:56 ModularCodeGen3_A1_B1_profile.class
-rw-rw-r--   1 travis travis   1274 Jan  3 00:56 ModularCodeGen3_A1_B1_profile.java
-rw-rw-r--   1 travis travis   3973 Jan  3 00:56 ModularCodeGen3_A1_B2.class
-rw-rw-r--   1 travis travis   9958 Jan  3 00:56 ModularCodeGen3_A1_B2.java
-rw-rw-r--   1 travis travis    880 Jan  3 00:56 ModularCodeGen3_A1_B2.mk
-rw-rw-r--   1 travis travis   1330 Jan  3 00:56 ModularCodeGen3_A1_B2_profile.class
-rw-rw-r--   1 travis travis   1274 Jan  3 00:56 ModularCodeGen3_A1_B2_profile.java
-rw-rw-r--   1 travis travis   5193 Jan  3 00:56 ModularCodeGen3_A1.class
In "/home/travis/cg", about to execute:
-rw-rw-r--   1 travis travis  15564 Jan  3 00:56 ModularCodeGen3_A1.java
-rw-rw-r--   1 travis travis    856 Jan  3 00:56 ModularCodeGen3_A1.mk
-rw-rw-r--   1 travis travis   1445 Jan  3 00:56 ModularCodeGen3_A1_profile.class
-rw-rw-r--   1 travis travis   1716 Jan  3 00:56 ModularCodeGen3_A1_profile.java
-rw-rw-r--   1 travis travis   4119 Jan  3 00:56 ModularCodeGen3_A2_B1.class
-rw-rw-r--   1 travis travis  10955 Jan  3 00:56 ModularCodeGen3_A2_B1.java
-rw-rw-r--   1 travis travis    880 Jan  3 00:56 ModularCodeGen3_A2_B1.mk
-rw-rw-r--   1 travis travis   1393 Jan  3 00:56 ModularCodeGen3_A2_B1_profile.class
-rw-rw-r--   1 travis travis   1458 Jan  3 00:56 ModularCodeGen3_A2_B1_profile.java
-rw-rw-r--   1 travis travis   3973 Jan  3 00:56 ModularCodeGen3_A2_B2.class
-rw-rw-r--   1 travis travis   9958 Jan  3 00:56 ModularCodeGen3_A2_B2.java
-rw-rw-r--   1 travis travis    880 Jan  3 00:56 ModularCodeGen3_A2_B2.mk
-rw-rw-r--   1 travis travis   1330 Jan  3 00:56 ModularCodeGen3_A2_B2_profile.class
-rw-rw-r--   1 travis travis   1274 Jan  3 00:56 ModularCodeGen3_A2_B2_profile.java
-rw-rw-r--   1 travis travis   5270 Jan  3 00:56 ModularCodeGen3_A2.class
-rw-rw-r--   1 travis travis  15957 Jan  3 00:56 ModularCodeGen3_A2.java
-rw-rw-r--   1 travis travis    856 Jan  3 00:56 ModularCodeGen3_A2.mk
-rw-rw-r--   1 travis travis   1445 Jan  3 00:56 ModularCodeGen3_A2_profile.class
-rw-rw-r--   1 travis travis   1716 Jan  3 00:56 ModularCodeGen3_A2_profile.java
-rw-rw-r--   1 travis travis   4026 Jan  3 00:56 ModularCodeGen4_A1_B1.class
-rw-rw-r--   1 travis travis  10312 Jan  3 00:56 ModularCodeGen4_A1_B1.java
-rw-rw-r--   1 travis travis    880 Jan  3 00:56 ModularCodeGen4_A1_B1.mk
-rw-rw-r--   1 travis travis   1330 Jan  3 00:56 ModularCodeGen4_A1_B1_profile.class
-rw-rw-r--   1 travis travis   1273 Jan  3 00:56 ModularCodeGen4_A1_B1_profile.java
-rw-rw-r--   1 travis travis   4026 Jan  3 00:56 ModularCodeGen4_A1_B2.class
-rw-rw-r--   1 travis travis  10312 Jan  3 00:56 ModularCodeGen4_A1_B2.java
-rw-rw-r--   1 travis travis    880 Jan  3 00:56 ModularCodeGen4_A1_B2.mk
-rw-rw-r--   1 travis travis   1330 Jan  3 00:56 ModularCodeGen4_A1_B2_profile.class
-rw-rw-r--   1 travis travis   1273 Jan  3 00:56 ModularCodeGen4_A1_B2_profile.java
-rw-rw-r--   1 travis travis   5333 Jan  3 00:56 ModularCodeGen4_A1.class
-rw-rw-r--   1 travis travis  16245 Jan  3 00:56 ModularCodeGen4_A1.java
-rw-rw-r--   1 travis travis    856 Jan  3 00:56 ModularCodeGen4_A1.mk
-rw-rw-r--   1 travis travis   1445 Jan  3 00:56 ModularCodeGen4_A1_profile.class
    javac -classpath
.:/home/travis/build/icyphy/ptII:/home/travis/build/icyphy/ptII/lib/bsh-2.0b4.j
ar:/home/travis/build/icyphy/ptII/lib/ptCal.jar:/home/travis/build/icyphy/ptII/
lib/java_cup.jar:/home/travis/build/icyphy/ptII/lib/saxon8.jar:/home/travis/bui
ld/icyphy/ptII/lib/saxon8-dom.jar:/home/travis/build/icyphy/ptII/lib/chic.jar:/
home/travis/build/icyphy/ptII/lib/ptcolt.jar:/home/travis/build/icyphy/ptII/ven
dors/misc/itext/iText.jar:/home/travis/build/icyphy/ptII/lib/g4ltl.jar:/home/tr
avis/build/icyphy/ptII/lib/StructuralCoder.jar:/home/travis/build/icyphy/ptII/l
ib/jcerti.jar:/home/travis/build/icyphy/ptII/lib/javax.mail.jar:/home/travis/bu
ild/icyphy/ptII/vendors/JMF-2.1.1e/lib/jmf.jar:/home/travis/build/icyphy/ptII/l
ib/jna-4.0.0-variadic.jar:/home/travis/build/icyphy/ptII/vendors/misc/joystick/
Joystick.jar:/home/travis/build/icyphy/ptII/lib/ptjacl.jar:/home/travis/build/i
cyphy/ptII/lib/jsoup-1.8.2.jar:/home/travis/build/icyphy/ptII/lib/junit-4.8.2.j
ar:/home/travis/build/icyphy/ptII/lib/JUnitParams-0.4.0.jar:/home/travis/build/
icyphy/ptII/ptolemy/actor/lib/excel/jxl.jar:/home/travis/build/icyphy/ptII/lib/
jython.jar:/home/travis/build/icyphy/ptII/lib/kieler.jar:/home/travis/build/icy
phy/ptII/vendors/opencv/share/OpenCV/java/opencv-341.jar:/home/travis/build/icy
phy/ptII/lib/oscP5.jar:/home/travis/build/icyphy/ptII/lib/nrjavaserial-3.11.0.d
evel.jar:/home/travis/build/icyphy/ptII/vendors/j3d/lib/Linux/j3dcore.jar:/home
/travis/build/icyphy/ptII/vendors/j3d/lib/Linux/j3dutils.jar:/home/travis/build
/icyphy/ptII/vendors/j3d/lib/Linux/vecmath.jar:/home/travis/build/icyphy/ptII/v
endors/jogl/lib/Linux/gluegen-rt-natives-linux-amd64.jar:/home/travis/build/icy
phy/ptII/vendors/jogl/lib/Linux/gluegen-rt.jar:/home/travis/build/icyphy/ptII/v
endors/jogl/lib/Linux/jogl-all-natives-linux-amd64.jar:/home/travis/build/icyph
y/ptII/vendors/jogl/lib/Linux/jogl-all.jar:/home/travis/build/icyphy/ptII/ptole
my/distributed/jini/jar/jini-core.jar:/home/travis/build/icyphy/ptII/ptolemy/di
stributed/jini/jar/jini-ext.jar:/home/travis/build/icyphy/ptII/ptolemy/distribu
ted/jini/jar/sun-util.jar:/home/travis/build/icyphy/ptII/lib/protobuf-java-2.4.
1.jar:/home/travis/build/icyphy/ptII/lib/org.eclipse.paho.client.mqttv3.jar:/ho
me/travis/build/icyphy/ptII/lib/mapss.jar:/home/travis/build/icyphy/ptII/ptolem
y/actor/ptalon/antlr/antlr.jar:/home/travis/build/icyphy/ptII/lib/JRI.jar:/home
/travis/build/icyphy/ptII/lib/commons-lang-2.6.jar:/home/travis/build/icyphy/pt
II/lib/commons-logging-1.1.1.jar:/home/travis/build/icyphy/ptII/lib/sootclasses
.jar:/home/travis/build/icyphy/ptII/ptolemy/actor/lib/database/mysql-connector-
java-5.1.6-bin.jar:/home/travis/build/icyphy/ptII/vendors/misc/sphinx4/sphinx4-
data-5prealpha.jar:/home/travis/build/icyphy/ptII/vendors/misc/sphinx4/sphinx4-
core-5prealpha.jar:/home/travis/build/icyphy/ptII/lib/PDFRenderer.jar:/home/tra
vis/build/icyphy/ptII/lib/svgSalamander.jar:/home/travis/build/icyphy/ptII/lib/
rsyntaxtextarea-2.6.0-SNAPSHOT.jar:/home/travis/build/icyphy/ptII/lib/hazelcast
-3.8.2.jar:/home/travis/build/icyphy/ptII/lib/jackson-annotations-2.9.0.jar:/ho
me/travis/build/icyphy/ptII/lib/jackson-core-2.9.3.jar:/home/travis/build/icyph
y/ptII/lib/jackson-databind-2.9.3.jar:/home/travis/build/icyphy/ptII/lib/netty-
buffer-4.1.19.Final.jar:/home/travis/build/icyphy/ptII/lib/netty-codec-4.1.19.F
inal.jar:/home/travis/build/icyphy/ptII/lib/netty-codec-dns-4.1.19.Final.jar:/h
ome/travis/build/icyphy/ptII/lib/netty-codec-http-4.1.19.Final.jar:/home/travis
/build/icyphy/ptII/lib/netty-codec-http2-4.1.19.Final.jar:/home/travis/build/ic
yphy/ptII/lib/netty-common-4.1.19.Final.jar:/home/travis/build/icyphy/ptII/lib/
netty-handler-4.1.19.Final.jar:/home/travis/build/icyphy/ptII/lib/netty-resolve
r-4.1.19.Final.jar:/home/travis/build/icyphy/ptII/lib/netty-resolver-dns-4.1.19
.Final.jar:/home/travis/build/icyphy/ptII/lib/netty-transport-4.1.19.Final.jar:
/home/travis/build/icyphy/ptII/lib/vertx-codegen-3.5.1.jar:/home/travis/build/i
cyphy/ptII/lib/vertx-core-3.5.2-SNAPSHOT.jar:/home/travis/build/icyphy/ptII/lib
/vertx-hazelcast-3.5.1.jar:/home/travis/build/icyphy/ptII/lib/vertx-lang-js-3.5
.1.jar:/home/travis/build/icyphy/ptII/lib/vertx-service-proxy-3.5.1.jar:/home/t
ravis/build/icyphy/ptII/lib/vertx-web-3.5.1.jar:/home/travis/build/icyphy/ptII/
lib/slf4j-api-1.7.13.jar:/home/travis/build/icyphy/ptII/lib/slf4j-simple-1.7.13
.jar:/home/travis/build/icyphy/ptII/lib/webcam-capture-0.3.12.jar:/home/travis/
build/icyphy/ptII/lib/bridj-0.7.0.jar:/home/travis/build/icyphy/ptII/lib/xbjlib
-1.1.0.nrjavaserial.jar:/home/travis/build/icyphy/ptII/ptolemy/moml/test:/home/
travis/build/icyphy/ptII/ant/lib/ant-launcher.jar:/home/travis/build/icyphy/ptI
I/ant/lib/ant.jar:/home/travis/build/icyphy/ptII/ant/lib/ant-junit.jar:/home/tr
avis/build/icyphy/ptII/ant/lib/ant-junit4.jar:/home/travis/build/icyphy/ptII
ModularCodeGen5_A_profile.java
-rw-rw-r--   1 travis travis   1712 Jan  3 00:56 ModularCodeGen4_A1_profile.java
-rw-rw-r--   1 travis travis   4220 Jan  3 00:56 ModularCodeGen4_A2_B1.class
-rw-rw-r--   1 travis travis  11375 Jan  3 00:56 ModularCodeGen4_A2_B1.java
-rw-rw-r--   1 travis travis    880 Jan  3 00:56 ModularCodeGen4_A2_B1.mk
-rw-rw-r--   1 travis travis   1393 Jan  3 00:56 ModularCodeGen4_A2_B1_profile.class
-rw-rw-r--   1 travis travis   1454 Jan  3 00:56 ModularCodeGen4_A2_B1_profile.java
-rw-rw-r--   1 travis travis   4074 Jan  3 00:56 ModularCodeGen4_A2_B2.class
-rw-rw-r--   1 travis travis  10378 Jan  3 00:56 ModularCodeGen4_A2_B2.java
-rw-rw-r--   1 travis travis    880 Jan  3 00:56 ModularCodeGen4_A2_B2.mk
-rw-rw-r--   1 travis travis   1330 Jan  3 00:56 ModularCodeGen4_A2_B2_profile.class
-rw-rw-r--   1 travis travis   1270 Jan  3 00:56 ModularCodeGen4_A2_B2_profile.java
-rw-rw-r--   1 travis travis   5506 Jan  3 00:56 ModularCodeGen4_A2.class
-rw-rw-r--   1 travis travis  16770 Jan  3 00:56 ModularCodeGen4_A2.java
-rw-rw-r--   1 travis travis    856 Jan  3 00:56 ModularCodeGen4_A2.mk
-rw-rw-r--   1 travis travis   1445 Jan  3 00:56 ModularCodeGen4_A2_profile.class
-rw-rw-r--   1 travis travis   1712 Jan  3 00:56 ModularCodeGen4_A2_profile.java
-rw-rw-r--   1 travis travis   7070 Jan  3 00:56 ModularCodeGen5_A_A.class
-rw-rw-r--   1 travis travis  28721 Jan  3 00:56 ModularCodeGen5_A_A.java
-rw-rw-r--   1 travis travis    864 Jan  3 00:56 ModularCodeGen5_A_A.mk
-rw-rw-r--   1 travis travis   1520 Jan  3 00:56 ModularCodeGen5_A_A_profile.class
-rw-rw-r--   1 travis travis   1815 Jan  3 00:56 ModularCodeGen5_A_A_profile.java
-rw-rw-r--   1 travis travis   1605 Jan  3 00:56 ModularCodeGen5_A_profile.java
-rw-rw-r--   1 travis travis   4186 Jan  3 00:56 ModularCodeGen_ModularCodeGenTypedCompositeActor.class
-rw-rw-r--   1 travis travis  10970 Jan  3 00:56 ModularCodeGen_ModularCodeGenTypedCompositeActor.java
-rw-rw-r--   1 travis travis   1096 Jan  3 00:56 ModularCodeGen_ModularCodeGenTypedCompositeActor.mk
-rw-rw-r--   1 travis travis   1384 Jan  3 00:56 ModularCodeGen_ModularCodeGenTypedCompositeActor_profile.class
-rw-rw-r--   1 travis travis   1328 Jan  3 00:56 ModularCodeGen_ModularCodeGenTypedCompositeActor_profile.java
-rw-rw-r--   1 travis travis   3724 Jan  3 00:55 ModularCodeGenTest_A1_A2.class
-rw-rw-r--   1 travis travis   9164 Jan  3 00:55 ModularCodeGenTest_A1_A2.java
-rw-rw-r--   1 travis travis   1306 Jan  3 00:55 ModularCodeGenTest_A1_A2_profile.class
-rw-rw-r--   1 travis travis   4055 Jan  3 00:55 ModularCodeGenTest_A1.class
-rw-rw-r--   1 travis travis   9968 Jan  3 00:55 ModularCodeGenTest_A1.java
-rw-rw-r--   1 travis travis    880 Jan  3 00:55 ModularCodeGenTest_A1.mk
-rw-rw-r--   1 travis travis   1352 Jan  3 00:55 ModularCodeGenTest_A1_profile.class
-rw-rw-r--   1 travis travis   1394 Jan  3 00:55 ModularCodeGenTest_A1_profile.java
drwxrwxr-x   3 travis travis  32768 Jan  3 00:55 modulation2
drwxrwxr-x 116 travis travis  12288 Jan  3 00:55 node_modules
drwxrwxr-x   3 travis travis  20480 Jan  3 00:51 PhaseUnwrap
drwxrwxr-x   3 travis travis  12288 Jan  3 00:51 ReadFile1
-rw-rw-r--   1 travis travis     11 Jan  3 00:51 ReadFile1Output.txt
-rw-rw-r--   1 travis travis  13773 Jan  3 00:55 Repeat.class
-rw-rw-r--   1 travis travis    685 Jan  3 00:55 Repeat$_fireFunction_Repeat_Repeat$__f_sL_11.class
-rw-rw-r--   1 travis travis    541 Jan  3 00:55 Repeat$_fireFunction_Repeat_Repeat$__f_sL_12.class
-rw-rw-r--   1 travis travis    541 Jan  3 00:55 Repeat$_fireFunction_Repeat_Repeat$__f_sL_13.class
-rw-rw-r--   1 travis travis    541 Jan  3 00:55 Repeat$_fireFunction_Repeat_Repeat$__f_sL_14.class
-rw-rw-r--   1 travis travis    684 Jan  3 00:55 Repeat$_fireFunction_Repeat_Repeat$__f_sL_1.class
-rw-rw-r--   1 travis travis    683 Jan  3 00:55 Repeat$_fireFunction_Repeat_Repeat$__f_sL_4.class
-rw-rw-r--   1 travis travis    539 Jan  3 00:55 Repeat$_fireFunction_Repeat_Repeat$__f_sL_9.class
-rw-rw-r--   1 travis travis    494 Jan  3 00:55 Repeat$_initialize_Repeat$__i_sL_2.class
-rw-rw-r--   1 travis travis   1281 Jan  3 00:55 Repeat.mk
-rw-rw-r--   1 travis travis    539 Jan  3 00:55 Repeat$_preinitializeMethod_Repeat$__p_sL_0.class
-rw-rw-r--   1 travis travis   1102 Jan  3 00:55 Repeat$_Repeat$_fireFunction_Repeat_AddSubtract_Repeat.class
-rw-rw-r--   1 travis travis    810 Jan  3 00:55 Repeat$_Repeat$_fireFunction_Repeat_AddSubtract_Repeat$__f_sL_0.class
-rw-rw-r--   1 travis travis    928 Jan  3 00:55 Repeat$_Repeat$_fireFunction_Repeat_AddSubtract_Repeat$__f_sL_1.class
-rw-rw-r--   1 travis travis    934 Jan  3 00:55 Repeat$_Repeat$_fireFunction_Repeat_AddSubtract_Repeat$__f_sL_2.class
-rw-rw-r--   1 travis travis    862 Jan  3 00:55 Repeat$_Repeat$_fireFunction_Repeat_AddSubtract_Repeat$__f_sL_3.class
-rw-rw-r--   1 travis travis    757 Jan  3 00:55 Repeat$_Repeat$_fireFunction_Repeat_Ramp2_Repeat$__f_sL_0.class
-rw-rw-r--   1 travis travis    888 Jan  3 00:55 Repeat$_Repeat$_fireFunction_Repeat_Test_Repeat$__f_sL_0.class
-rw-rw-r--   1 travis travis    634 Jan  3 00:55 Repeat$_Repeat$_fireFunction_Repeat_Test_Repeat$__f_sL_1.class
-rw-rw-r--   1 travis travis    704 Jan  3 00:55 Repeat$_Repeat_SDF_Director_run_Repeat$__R_sL_0.class
-rw-rw-r--   1 travis travis    705 Jan  3 00:55 Repeat$_Repeat_SDF_Director_run_Repeat$__R_sL_11.class
-rw-rw-r--   1 travis travis    561 Jan  3 00:55 Repeat$_Repeat_SDF_Director_run_Repeat$__R_sL_13.class
-rw-rw-r--   1 travis travis    559 Jan  3 00:55 Repeat$_Repeat_SDF_Director_run_Repeat$__R_sL_2.class
-rw-rw-r--   1 travis travis    703 Jan  3 00:55 Repeat$_Repeat_SDF_Director_run_Repeat$__R_sL_3.class
-rw-rw-r--   1 travis travis    559 Jan  3 00:55 Repeat$_Repeat_SDF_Director_run_Repeat$__R_sL_5.class
-rw-rw-r--   1 travis travis    559 Jan  3 00:55 Repeat$_Repeat_SDF_Director_run_Repeat$__R_sL_8.class
drwxrwxr-x   2 travis travis   4096 Jan  3 00:55 RepeatVariables
-rw-rw-r--   1 travis travis    882 Jan  3 00:55 Repeat$_varinit_Repeat.class
-rw-rw-r--   1 travis travis    550 Jan  3 00:55 Repeat$_varinit_Repeat$__v_sL_2.class
-rw-rw-r--   1 travis travis    924 Jan  3 00:55 Repeat$_varinit_Repeat$__v_sL_4.class
-rw-rw-r--   1 travis travis    978 Jan  3 00:55 Repeat$_wrapup_Repeat$__w_sL_1.class
drwxrwxr-x   3 travis travis  20480 Jan  3 00:52 Sinewave
drwxrwxr-x   3 travis travis  32768 Jan  3 00:53 StringFunction
drwxrwxr-x   3 travis travis  12288 Jan  3 00:53 StringLength
drwxrwxr-x   3 travis travis  61440 Jan  3 00:53 StringMatches2
drwxrwxr-x   3 travis travis  61440 Jan  3 00:54 StringSimpleReplace
drwxrwxr-x   3 travis travis  65536 Jan  3 00:54 StringSubstring
drwxrwxr-x   3 travis travis  24576 Jan  3 00:54 StringSubstring2
drwxrwxr-x   3 travis travis  16384 Jan  3 00:54 time1
drwxrwxr-x   3 travis travis  12288 Jan  3 00:55 time5
-rw-rw-r--   1 travis travis    432 Jan  3 00:56 Token.class
-rw-rw-r--   1 travis travis    251 Jan  3 00:56 Token.java
-rwxrwxr-x   1 travis travis 466992 Jan  3 00:49 top
-rw-rw-r--   1 travis travis  20502 Jan  3 00:49 top.c
-rw-rw-r--   1 travis travis   3799 Jan  3 00:55 top.class
-rw-rw-r--   1 travis travis   1257 Jan  3 00:55 top.mk
All Done
Writing ModularCodeGen5_A.java in file:/home/travis/cg/ (13769 characters)
Reading "ptolemy/cg/kernel/generic/program/procedural/java/modular/makefile.in",
    writing "/home/travis/cg/ModularCodeGen5_A.mk"
Using ptolemy/cg/kernel/generic/program/procedural/java/modular/makefile.in
In "/home/travis/cg", about to execute:
    make -f ModularCodeGen5_A.mk
javac -classpath ".:.."    ModularCodeGen5_A.java
All Done
5410 ms. Memory: 129024K Free: 36622K (28%)
----------------- Invoking toplevel() on ptolemy.moml.MoMLSimpleApplication@5d40756
----------------- Done invoking toplevel() on ptolemy.moml.MoMLSimpleApplication@5d40756
reloadAllAccessors: .ModularCodeGen5

===========================================================================================
----------------- testing Fri Jan 03 00:56:51 UTC 2020 /home/travis/build/icyphy/ptII/ptolemy/cg/lib/test/auto/ModularCodeGen6.xml
----------------- Instantiating /home/travis/build/icyphy/ptII/ptolemy/cg/lib/test/auto/ModularCodeGen6.xml
In "/home/travis/cg", about to execute:
    pwd
In "/home/travis/cg", about to execute:
    ls -l
/home/travis/cg
In "/home/travis/cg", about to execute:
    javac -classpath
.:/home/travis/build/icyphy/ptII:/home/travis/build/icyphy/ptII/lib/bsh-2.0b4.j
ar:/home/travis/build/icyphy/ptII/lib/ptCal.jar:/home/travis/build/icyphy/ptII/
lib/java_cup.jar:/home/travis/build/icyphy/ptII/lib/saxon8.jar:/home/travis/bui
ld/icyphy/ptII/lib/saxon8-dom.jar:/home/travis/build/icyphy/ptII/lib/chic.jar:/
home/travis/build/icyphy/ptII/lib/ptcolt.jar:/home/travis/build/icyphy/ptII/ven
dors/misc/itext/iText.jar:/home/travis/build/icyphy/ptII/lib/g4ltl.jar:/home/tr
avis/build/icyphy/ptII/lib/StructuralCoder.jar:/home/travis/build/icyphy/ptII/l
ib/jcerti.jar:/home/travis/build/icyphy/ptII/lib/javax.mail.jar:/home/travis/bu
ild/icyphy/ptII/vendors/JMF-2.1.1e/lib/jmf.jar:/home/travis/build/icyphy/ptII/l
ib/jna-4.0.0-variadic.jar:/home/travis/build/icyphy/ptII/vendors/misc/joystick/
Joystick.jar:/home/travis/build/icyphy/ptII/lib/ptjacl.jar:/home/travis/build/i
cyphy/ptII/lib/jsoup-1.8.2.jar:/home/travis/build/icyphy/ptII/lib/junit-4.8.2.j
ar:/home/travis/build/icyphy/ptII/lib/JUnitParams-0.4.0.jar:/home/travis/build/
icyphy/ptII/ptolemy/actor/lib/excel/jxl.jar:/home/travis/build/icyphy/ptII/lib/
jython.jar:/home/travis/build/icyphy/ptII/lib/kieler.jar:/home/travis/build/icy
phy/ptII/vendors/opencv/share/OpenCV/java/opencv-341.jar:/home/travis/build/icy
phy/ptII/lib/oscP5.jar:/home/travis/build/icyphy/ptII/lib/nrjavaserial-3.11.0.d
evel.jar:/home/travis/build/icyphy/ptII/vendors/j3d/lib/Linux/j3dcore.jar:/home
/travis/build/icyphy/ptII/vendors/j3d/lib/Linux/j3dutils.jar:/home/travis/build
/icyphy/ptII/vendors/j3d/lib/Linux/vecmath.jar:/home/travis/build/icyphy/ptII/v
endors/jogl/lib/Linux/gluegen-rt-natives-linux-amd64.jar:/home/travis/build/icy
phy/ptII/vendors/jogl/lib/Linux/gluegen-rt.jar:/home/travis/build/icyphy/ptII/v
endors/jogl/lib/Linux/jogl-all-natives-linux-amd64.jar:/home/travis/build/icyph
y/ptII/vendors/jogl/lib/Linux/jogl-all.jar:/home/travis/build/icyphy/ptII/ptole
my/distributed/jini/jar/jini-core.jar:/home/travis/build/icyphy/ptII/ptolemy/di
stributed/jini/jar/jini-ext.jar:/home/travis/build/icyphy/ptII/ptolemy/distribu
ted/jini/jar/sun-util.jar:/home/travis/build/icyphy/ptII/lib/protobuf-java-2.4.
1.jar:/home/travis/build/icyphy/ptII/lib/org.eclipse.paho.client.mqttv3.jar:/ho
me/travis/build/icyphy/ptII/lib/mapss.jar:/home/travis/build/icyphy/ptII/ptolem
y/actor/ptalon/antlr/antlr.jar:/home/travis/build/icyphy/ptII/lib/JRI.jar:/home
/travis/build/icyphy/ptII/lib/commons-lang-2.6.jar:/home/travis/build/icyphy/pt
II/lib/commons-logging-1.1.1.jar:/home/travis/build/icyphy/ptII/lib/sootclasses
.jar:/home/travis/build/icyphy/ptII/ptolemy/actor/lib/database/mysql-connector-
java-5.1.6-bin.jar:/home/travis/build/icyphy/ptII/vendors/misc/sphinx4/sphinx4-
data-5prealpha.jar:/home/travis/build/icyphy/ptII/vendors/misc/sphinx4/sphinx4-
core-5prealpha.jar:/home/travis/build/icyphy/ptII/lib/PDFRenderer.jar:/home/tra
vis/build/icyphy/ptII/lib/svgSalamander.jar:/home/travis/build/icyphy/ptII/lib/
rsyntaxtextarea-2.6.0-SNAPSHOT.jar:/home/travis/build/icyphy/ptII/lib/hazelcast
-3.8.2.jar:/home/travis/build/icyphy/ptII/lib/jackson-annotations-2.9.0.jar:/ho
me/travis/build/icyphy/ptII/lib/jackson-core-2.9.3.jar:/home/travis/build/icyph
y/ptII/lib/jackson-databind-2.9.3.jar:/home/travis/build/icyphy/ptII/lib/netty-
buffer-4.1.19.Final.jar:/home/travis/build/icyphy/ptII/lib/netty-codec-4.1.19.F
inal.jar:/home/travis/build/icyphy/ptII/lib/netty-codec-dns-4.1.19.Final.jar:/h
ome/travis/build/icyphy/ptII/lib/netty-codec-http-4.1.19.Final.jar:/home/travis
/build/icyphy/ptII/lib/netty-codec-http2-4.1.19.Final.jar:/home/travis/build/ic
yphy/ptII/lib/netty-common-4.1.19.Final.jar:/home/travis/build/icyphy/ptII/lib/
netty-handler-4.1.19.Final.jar:/home/travis/build/icyphy/ptII/lib/netty-resolve
r-4.1.19.Final.jar:/home/travis/build/icyphy/ptII/lib/netty-resolver-dns-4.1.19
.Final.jar:/home/travis/build/icyphy/ptII/lib/netty-transport-4.1.19.Final.jar:
/home/travis/build/icyphy/ptII/lib/vertx-codegen-3.5.1.jar:/home/travis/build/i
cyphy/ptII/lib/vertx-core-3.5.2-SNAPSHOT.jar:/home/travis/build/icyphy/ptII/lib
/vertx-hazelcast-3.5.1.jar:/home/travis/build/icyphy/ptII/lib/vertx-lang-js-3.5
.1.jar:/home/travis/build/icyphy/ptII/lib/vertx-service-proxy-3.5.1.jar:/home/t
ravis/build/icyphy/ptII/lib/vertx-web-3.5.1.jar:/home/travis/build/icyphy/ptII/
lib/slf4j-api-1.7.13.jar:/home/travis/build/icyphy/ptII/lib/slf4j-simple-1.7.13
.jar:/home/travis/build/icyphy/ptII/lib/webcam-capture-0.3.12.jar:/home/travis/
build/icyphy/ptII/lib/bridj-0.7.0.jar:/home/travis/build/icyphy/ptII/lib/xbjlib
-1.1.0.nrjavaserial.jar:/home/travis/build/icyphy/ptII/ptolemy/moml/test:/home/
travis/build/icyphy/ptII/ant/lib/ant-launcher.jar:/home/travis/build/icyphy/ptI
I/ant/lib/ant.jar:/home/travis/build/icyphy/ptII/ant/lib/ant-junit.jar:/home/tr
avis/build/icyphy/ptII/ant/lib/ant-junit4.jar:/home/travis/build/icyphy/ptII
ModularCodeGen6_A_A_profile.java
total 2200
drwxrwxr-x   3 travis travis  12288 Jan  3 00:50 AbsoluteValue
drwxrwxr-x   3 travis travis 102400 Jan  3 00:49 AllColt
drwxrwxr-x   3 travis travis  12288 Jan  3 00:50 Case1
-rw-rw-r--   1 travis travis   5128 Jan  3 00:55 CompiledCompositeActor_CompiledCompositeActor.class
-rw-rw-r--   1 travis travis   1611 Jan  3 00:55 CompiledCompositeActor_CompiledCompositeActor$_CompiledCompositeActor_CompiledCompositeActor.class
-rw-rw-r--   1 travis travis  13466 Jan  3 00:55 CompiledCompositeActor_CompiledCompositeActor.java
-rw-rw-r--   1 travis travis   1593 Jan  3 00:55 CompiledCompositeActor_CompiledCompositeActor.mk
drwxrwxr-x   5 travis travis   4096 Jan  3 00:49 fmi
drwxrwxr-x   3 travis travis  16384 Jan  3 00:50 Gaussian2
-rw-rw-r--   1 travis travis   4684 Jan  3 00:55 JavaCompiledCompositeTest1_CompiledCompositeActor.class
-rw-rw-r--   1 travis travis  11637 Jan  3 00:55 JavaCompiledCompositeTest1_CompiledCompositeActor.java
-rw-rw-r--   1 travis travis   1217 Jan  3 00:55 JavaCompiledCompositeTest1_CompiledCompositeActor$_JavaCompiledCompositeTest1_CompiledCompositeActor.class
-rw-rw-r--   1 travis travis   1625 Jan  3 00:55 JavaCompiledCompositeTest1_CompiledCompositeActor.mk
-rw-rw-r--   1 travis travis   5115 Jan  3 00:55 JavaCompiledCompositeTest2_CompiledCompositeActor.class
-rw-rw-r--   1 travis travis  14919 Jan  3 00:55 JavaCompiledCompositeTest2_CompiledCompositeActor.java
-rw-rw-r--   1 travis travis   1812 Jan  3 00:55 JavaCompiledCompositeTest2_CompiledCompositeActor$_JavaCompiledCompositeTest2_CompiledCompositeActor.class
-rw-rw-r--   1 travis travis   1625 Jan  3 00:55 JavaCompiledCompositeTest2_CompiledCompositeActor.mk
-rw-rw-r--   1 travis travis   4732 Jan  3 00:55 JavaCompiledCompositeTest3_CompiledCompositeActor.class
-rw-rw-r--   1 travis travis  13080 Jan  3 00:55 JavaCompiledCompositeTest3_CompiledCompositeActor.java
-rw-rw-r--   1 travis travis   1397 Jan  3 00:55 JavaCompiledCompositeTest3_CompiledCompositeActor$_JavaCompiledCompositeTest3_CompiledCompositeActor.class
-rw-rw-r--   1 travis travis   1625 Jan  3 00:55 JavaCompiledCompositeTest3_CompiledCompositeActor.mk
-rw-rw-r--   1 travis travis   4183 Jan  3 00:55 JavaCompiledCompositeTest4_CompiledCompositeActor.class
-rw-rw-r--   1 travis travis   9687 Jan  3 00:55 JavaCompiledCompositeTest4_CompiledCompositeActor.java
-rw-rw-r--   1 travis travis    876 Jan  3 00:55 JavaCompiledCompositeTest4_CompiledCompositeActor$_JavaCompiledCompositeTest4_CompiledCompositeActor.class
-rw-rw-r--   1 travis travis   1625 Jan  3 00:55 JavaCompiledCompositeTest4_CompiledCompositeActor.mk
drwxrwxr-x   3 travis travis  12288 Jan  3 00:51 LookupTable
drwxrwxr-x   3 travis travis  20480 Jan  3 00:51 MaxIndex
-rw-rw-r--   1 travis travis   3925 Jan  3 00:55 ModularCG_A1_B1.class
-rw-rw-r--   1 travis travis   9730 Jan  3 00:55 ModularCG_A1_B1.java
-rw-rw-r--   1 travis travis    832 Jan  3 00:55 ModularCG_A1_B1.mk
-rw-rw-r--   1 travis travis   1318 Jan  3 00:55 ModularCG_A1_B1_profile.class
-rw-rw-r--   1 travis travis   1262 Jan  3 00:55 ModularCG_A1_B1_profile.java
-rw-rw-r--   1 travis travis   3925 Jan  3 00:55 ModularCG_A1_B2.class
-rw-rw-r--   1 travis travis   9730 Jan  3 00:55 ModularCG_A1_B2.java
-rw-rw-r--   1 travis travis    832 Jan  3 00:55 ModularCG_A1_B2.mk
-rw-rw-r--   1 travis travis   1318 Jan  3 00:55 ModularCG_A1_B2_profile.class
-rw-rw-r--   1 travis travis   1262 Jan  3 00:55 ModularCG_A1_B2_profile.java
-rw-rw-r--   1 travis travis   5031 Jan  3 00:55 ModularCG_A1.class
-rw-rw-r--   1 travis travis  14742 Jan  3 00:55 ModularCG_A1.java
-rw-rw-r--   1 travis travis    808 Jan  3 00:55 ModularCG_A1.mk
-rw-rw-r--   1 travis travis   1433 Jan  3 00:55 ModularCG_A1_profile.class
-rw-rw-r--   1 travis travis   1704 Jan  3 00:55 ModularCG_A1_profile.java
-rw-rw-r--   1 travis travis   4059 Jan  3 00:55 ModularCG_A2_B1.class
-rw-rw-r--   1 travis travis  10667 Jan  3 00:55 ModularCG_A2_B1.java
-rw-rw-r--   1 travis travis    832 Jan  3 00:55 ModularCG_A2_B1.mk
-rw-rw-r--   1 travis travis   1381 Jan  3 00:55 ModularCG_A2_B1_profile.class
-rw-rw-r--   1 travis travis   1446 Jan  3 00:55 ModularCG_A2_B1_profile.java
-rw-rw-r--   1 travis travis   3925 Jan  3 00:55 ModularCG_A2_B2.class
-rw-rw-r--   1 travis travis   9730 Jan  3 00:55 ModularCG_A2_B2.java
-rw-rw-r--   1 travis travis    832 Jan  3 00:55 ModularCG_A2_B2.mk
-rw-rw-r--   1 travis travis   1318 Jan  3 00:55 ModularCG_A2_B2_profile.class
-rw-rw-r--   1 travis travis   1262 Jan  3 00:55 ModularCG_A2_B2_profile.java
-rw-rw-r--   1 travis travis   5102 Jan  3 00:56 ModularCG_A2.class
-rw-rw-r--   1 travis travis  15129 Jan  3 00:56 ModularCG_A2.java
-rw-rw-r--   1 travis travis    808 Jan  3 00:56 ModularCG_A2.mk
-rw-rw-r--   1 travis travis   1433 Jan  3 00:56 ModularCG_A2_profile.class
-rw-rw-r--   1 travis travis   1704 Jan  3 00:55 ModularCG_A2_profile.java
-rw-rw-r--   1 travis travis   3705 Jan  3 00:56 ModularCGPubSub_A1_A2.class
-rw-rw-r--   1 travis travis   9076 Jan  3 00:56 ModularCGPubSub_A1_A2.java
-rw-rw-r--   1 travis travis    880 Jan  3 00:56 ModularCGPubSub_A1_A2.mk
-rw-rw-r--   1 travis travis   1300 Jan  3 00:56 ModularCGPubSub_A1_A2_profile.class
-rw-rw-r--   1 travis travis   1222 Jan  3 00:56 ModularCGPubSub_A1_A2_profile.java
-rw-rw-r--   1 travis travis   4022 Jan  3 00:56 ModularCGPubSub_A1.class
-rw-rw-r--   1 travis travis   9836 Jan  3 00:56 ModularCGPubSub_A1.java
-rw-rw-r--   1 travis travis    856 Jan  3 00:56 ModularCGPubSub_A1.mk
-rw-rw-r--   1 travis travis   1346 Jan  3 00:56 ModularCGPubSub_A1_profile.class
-rw-rw-r--   1 travis travis   1388 Jan  3 00:56 ModularCGPubSub_A1_profile.java
-rw-rw-r--   1 travis travis   4220 Jan  3 00:56 ModularCodeGen2_ModularCodeGenTypedCompositeActor.class
-rw-rw-r--   1 travis travis  11690 Jan  3 00:56 ModularCodeGen2_ModularCodeGenTypedCompositeActor.java
-rw-rw-r--   1 travis travis   1104 Jan  3 00:56 ModularCodeGen2_ModularCodeGenTypedCompositeActor.mk
-rw-rw-r--   1 travis travis   4504 Jan  3 00:56 ModularCodeGen2_ModularCodeGenTypedCompositeActor_ModularCodeGenTypedCompositeActor.class
-rw-rw-r--   1 travis travis  11790 Jan  3 00:56 ModularCodeGen2_ModularCodeGenTypedCompositeActor_ModularCodeGenTypedCompositeActor.java
-rw-rw-r--   1 travis travis   1376 Jan  3 00:56 ModularCodeGen2_ModularCodeGenTypedCompositeActor_ModularCodeGenTypedCompositeActor.mk
-rw-rw-r--   1 travis travis   1421 Jan  3 00:56 ModularCodeGen2_ModularCodeGenTypedCompositeActor_ModularCodeGenTypedCompositeActor_profile.class
-rw-rw-r--   1 travis travis   1294 Jan  3 00:56 ModularCodeGen2_ModularCodeGenTypedCompositeActor_ModularCodeGenTypedCompositeActor_profile.java
-rw-rw-r--   1 travis travis    820 Jan  3 00:56 ModularCodeGen2_ModularCodeGenTypedCompositeActor_profile.class
-rw-rw-r--   1 travis travis    693 Jan  3 00:56 ModularCodeGen2_ModularCodeGenTypedCompositeActor_profile.java
-rw-rw-r--   1 travis travis   3973 Jan  3 00:56 ModularCodeGen3_A1_B1.class
-rw-rw-r--   1 travis travis   9958 Jan  3 00:56 ModularCodeGen3_A1_B1.java
-rw-rw-r--   1 travis travis    880 Jan  3 00:56 ModularCodeGen3_A1_B1.mk
-rw-rw-r--   1 travis travis   1330 Jan  3 00:56 ModularCodeGen3_A1_B1_profile.class
-rw-rw-r--   1 travis travis   1274 Jan  3 00:56 ModularCodeGen3_A1_B1_profile.java
-rw-rw-r--   1 travis travis   3973 Jan  3 00:56 ModularCodeGen3_A1_B2.class
-rw-rw-r--   1 travis travis   9958 Jan  3 00:56 ModularCodeGen3_A1_B2.java
-rw-rw-r--   1 travis travis    880 Jan  3 00:56 ModularCodeGen3_A1_B2.mk
-rw-rw-r--   1 travis travis   1330 Jan  3 00:56 ModularCodeGen3_A1_B2_profile.class
-rw-rw-r--   1 travis travis   1274 Jan  3 00:56 ModularCodeGen3_A1_B2_profile.java
-rw-rw-r--   1 travis travis   5193 Jan  3 00:56 ModularCodeGen3_A1.class
-rw-rw-r--   1 travis travis  15564 Jan  3 00:56 ModularCodeGen3_A1.java
-rw-rw-r--   1 travis travis    856 Jan  3 00:56 ModularCodeGen3_A1.mk
-rw-rw-r--   1 travis travis   1445 Jan  3 00:56 ModularCodeGen3_A1_profile.class
-rw-rw-r--   1 travis travis   1716 Jan  3 00:56 ModularCodeGen3_A1_profile.java
-rw-rw-r--   1 travis travis   4119 Jan  3 00:56 ModularCodeGen3_A2_B1.class
-rw-rw-r--   1 travis travis  10955 Jan  3 00:56 ModularCodeGen3_A2_B1.java
-rw-rw-r--   1 travis travis    880 Jan  3 00:56 ModularCodeGen3_A2_B1.mk
-rw-rw-r--   1 travis travis   1393 Jan  3 00:56 ModularCodeGen3_A2_B1_profile.class
-rw-rw-r--   1 travis travis   1458 Jan  3 00:56 ModularCodeGen3_A2_B1_profile.java
-rw-rw-r--   1 travis travis   3973 Jan  3 00:56 ModularCodeGen3_A2_B2.class
-rw-rw-r--   1 travis travis   9958 Jan  3 00:56 ModularCodeGen3_A2_B2.java
-rw-rw-r--   1 travis travis    880 Jan  3 00:56 ModularCodeGen3_A2_B2.mk
-rw-rw-r--   1 travis travis   1330 Jan  3 00:56 ModularCodeGen3_A2_B2_profile.class
-rw-rw-r--   1 travis travis   1274 Jan  3 00:56 ModularCodeGen3_A2_B2_profile.java
-rw-rw-r--   1 travis travis   5270 Jan  3 00:56 ModularCodeGen3_A2.class
-rw-rw-r--   1 travis travis  15957 Jan  3 00:56 ModularCodeGen3_A2.java
-rw-rw-r--   1 travis travis    856 Jan  3 00:56 ModularCodeGen3_A2.mk
-rw-rw-r--   1 travis travis   1445 Jan  3 00:56 ModularCodeGen3_A2_profile.class
-rw-rw-r--   1 travis travis   1716 Jan  3 00:56 ModularCodeGen3_A2_profile.java
-rw-rw-r--   1 travis travis   4026 Jan  3 00:56 ModularCodeGen4_A1_B1.class
-rw-rw-r--   1 travis travis  10312 Jan  3 00:56 ModularCodeGen4_A1_B1.java
-rw-rw-r--   1 travis travis    880 Jan  3 00:56 ModularCodeGen4_A1_B1.mk
-rw-rw-r--   1 travis travis   1330 Jan  3 00:56 ModularCodeGen4_A1_B1_profile.class
-rw-rw-r--   1 travis travis   1273 Jan  3 00:56 ModularCodeGen4_A1_B1_profile.java
-rw-rw-r--   1 travis travis   4026 Jan  3 00:56 ModularCodeGen4_A1_B2.class
-rw-rw-r--   1 travis travis  10312 Jan  3 00:56 ModularCodeGen4_A1_B2.java
-rw-rw-r--   1 travis travis    880 Jan  3 00:56 ModularCodeGen4_A1_B2.mk
-rw-rw-r--   1 travis travis   1330 Jan  3 00:56 ModularCodeGen4_A1_B2_profile.class
-rw-rw-r--   1 travis travis   1273 Jan  3 00:56 ModularCodeGen4_A1_B2_profile.java
-rw-rw-r--   1 travis travis   5333 Jan  3 00:56 ModularCodeGen4_A1.class
-rw-rw-r--   1 travis travis  16245 Jan  3 00:56 ModularCodeGen4_A1.java
-rw-rw-r--   1 travis travis    856 Jan  3 00:56 ModularCodeGen4_A1.mk
-rw-rw-r--   1 travis travis   1445 Jan  3 00:56 ModularCodeGen4_A1_profile.class
-rw-rw-r--   1 travis travis   1712 Jan  3 00:56 ModularCodeGen4_A1_profile.java
-rw-rw-r--   1 travis travis   4220 Jan  3 00:56 ModularCodeGen4_A2_B1.class
-rw-rw-r--   1 travis travis  11375 Jan  3 00:56 ModularCodeGen4_A2_B1.java
-rw-rw-r--   1 travis travis    880 Jan  3 00:56 ModularCodeGen4_A2_B1.mk
-rw-rw-r--   1 travis travis   1393 Jan  3 00:56 ModularCodeGen4_A2_B1_profile.class
-rw-rw-r--   1 travis travis   1454 Jan  3 00:56 ModularCodeGen4_A2_B1_profile.java
-rw-rw-r--   1 travis travis   4074 Jan  3 00:56 ModularCodeGen4_A2_B2.class
-rw-rw-r--   1 travis travis  10378 Jan  3 00:56 ModularCodeGen4_A2_B2.java
-rw-rw-r--   1 travis travis    880 Jan  3 00:56 ModularCodeGen4_A2_B2.mk
-rw-rw-r--   1 travis travis   1330 Jan  3 00:56 ModularCodeGen4_A2_B2_profile.class
-rw-rw-r--   1 travis travis   1270 Jan  3 00:56 ModularCodeGen4_A2_B2_profile.java
-rw-rw-r--   1 travis travis   5506 Jan  3 00:56 ModularCodeGen4_A2.class
-rw-rw-r--   1 travis travis  16770 Jan  3 00:56 ModularCodeGen4_A2.java
-rw-rw-r--   1 travis travis    856 Jan  3 00:56 ModularCodeGen4_A2.mk
-rw-rw-r--   1 travis travis   1445 Jan  3 00:56 ModularCodeGen4_A2_profile.class
-rw-rw-r--   1 travis travis   1712 Jan  3 00:56 ModularCodeGen4_A2_profile.java
-rw-rw-r--   1 travis travis   7070 Jan  3 00:56 ModularCodeGen5_A_A.class
-rw-rw-r--   1 travis travis  28721 Jan  3 00:56 ModularCodeGen5_A_A.java
-rw-rw-r--   1 travis travis    864 Jan  3 00:56 ModularCodeGen5_A_A.mk
-rw-rw-r--   1 travis travis   1520 Jan  3 00:56 ModularCodeGen5_A_A_profile.class
-rw-rw-r--   1 travis travis   1815 Jan  3 00:56 ModularCodeGen5_A_A_profile.java
-rw-rw-r--   1 travis travis   5347 Jan  3 00:56 ModularCodeGen5_A.class
-rw-rw-r--   1 travis travis  13769 Jan  3 00:56 ModularCodeGen5_A.java
-rw-rw-r--   1 travis travis    848 Jan  3 00:56 ModularCodeGen5_A.mk
-rw-rw-r--   1 travis travis   1422 Jan  3 00:56 ModularCodeGen5_A_profile.class
-rw-rw-r--   1 travis travis   1605 Jan  3 00:56 ModularCodeGen5_A_profile.java
-rw-rw-r--   1 travis travis   1361 Jan  3 00:56 ModularCodeGen6_A_A_profile.java
-rw-rw-r--   1 travis travis   4186 Jan  3 00:56 ModularCodeGen_ModularCodeGenTypedCompositeActor.class
-rw-rw-r--   1 travis travis  10970 Jan  3 00:56 ModularCodeGen_ModularCodeGenTypedCompositeActor.java
-rw-rw-r--   1 travis travis   1096 Jan  3 00:56 ModularCodeGen_ModularCodeGenTypedCompositeActor.mk
-rw-rw-r--   1 travis travis   1384 Jan  3 00:56 ModularCodeGen_ModularCodeGenTypedCompositeActor_profile.class
-rw-rw-r--   1 travis travis   1328 Jan  3 00:56 ModularCodeGen_ModularCodeGenTypedCompositeActor_profile.java
-rw-rw-r--   1 travis travis   3724 Jan  3 00:55 ModularCodeGenTest_A1_A2.class
-rw-rw-r--   1 travis travis   9164 Jan  3 00:55 ModularCodeGenTest_A1_A2.java
-rw-rw-r--   1 travis travis   1306 Jan  3 00:55 ModularCodeGenTest_A1_A2_profile.class
-rw-rw-r--   1 travis travis   4055 Jan  3 00:55 ModularCodeGenTest_A1.class
-rw-rw-r--   1 travis travis   9968 Jan  3 00:55 ModularCodeGenTest_A1.java
-rw-rw-r--   1 travis travis    880 Jan  3 00:55 ModularCodeGenTest_A1.mk
-rw-rw-r--   1 travis travis   1352 Jan  3 00:55 ModularCodeGenTest_A1_profile.class
-rw-rw-r--   1 travis travis   1394 Jan  3 00:55 ModularCodeGenTest_A1_profile.java
drwxrwxr-x   3 travis travis  32768 Jan  3 00:55 modulation2
drwxrwxr-x 116 travis travis  12288 Jan  3 00:55 node_modules
drwxrwxr-x   3 travis travis  20480 Jan  3 00:51 PhaseUnwrap
drwxrwxr-x   3 travis travis  12288 Jan  3 00:51 ReadFile1
-rw-rw-r--   1 travis travis     11 Jan  3 00:51 ReadFile1Output.txt
-rw-rw-r--   1 travis travis  13773 Jan  3 00:55 Repeat.class
-rw-rw-r--   1 travis travis    685 Jan  3 00:55 Repeat$_fireFunction_Repeat_Repeat$__f_sL_11.class
-rw-rw-r--   1 travis travis    541 Jan  3 00:55 Repeat$_fireFunction_Repeat_Repeat$__f_sL_12.class
-rw-rw-r--   1 travis travis    541 Jan  3 00:55 Repeat$_fireFunction_Repeat_Repeat$__f_sL_13.class
-rw-rw-r--   1 travis travis    541 Jan  3 00:55 Repeat$_fireFunction_Repeat_Repeat$__f_sL_14.class
-rw-rw-r--   1 travis travis    684 Jan  3 00:55 Repeat$_fireFunction_Repeat_Repeat$__f_sL_1.class
-rw-rw-r--   1 travis travis    683 Jan  3 00:55 Repeat$_fireFunction_Repeat_Repeat$__f_sL_4.class
-rw-rw-r--   1 travis travis    539 Jan  3 00:55 Repeat$_fireFunction_Repeat_Repeat$__f_sL_9.class
-rw-rw-r--   1 travis travis    494 Jan  3 00:55 Repeat$_initialize_Repeat$__i_sL_2.class
-rw-rw-r--   1 travis travis   1281 Jan  3 00:55 Repeat.mk
-rw-rw-r--   1 travis travis    539 Jan  3 00:55 Repeat$_preinitializeMethod_Repeat$__p_sL_0.class
-rw-rw-r--   1 travis travis   1102 Jan  3 00:55 Repeat$_Repeat$_fireFunction_Repeat_AddSubtract_Repeat.class
-rw-rw-r--   1 travis travis    810 Jan  3 00:55 Repeat$_Repeat$_fireFunction_Repeat_AddSubtract_Repeat$__f_sL_0.class
-rw-rw-r--   1 travis travis    928 Jan  3 00:55 Repeat$_Repeat$_fireFunction_Repeat_AddSubtract_Repeat$__f_sL_1.class
-rw-rw-r--   1 travis travis    934 Jan  3 00:55 Repeat$_Repeat$_fireFunction_Repeat_AddSubtract_Repeat$__f_sL_2.class
-rw-rw-r--   1 travis travis    862 Jan  3 00:55 Repeat$_Repeat$_fireFunction_Repeat_AddSubtract_Repeat$__f_sL_3.class
-rw-rw-r--   1 travis travis    757 Jan  3 00:55 Repeat$_Repeat$_fireFunction_Repeat_Ramp2_Repeat$__f_sL_0.class
-rw-rw-r--   1 travis travis    888 Jan  3 00:55 Repeat$_Repeat$_fireFunction_Repeat_Test_Repeat$__f_sL_0.class
-rw-rw-r--   1 travis travis    634 Jan  3 00:55 Repeat$_Repeat$_fireFunction_Repeat_Test_Repeat$__f_sL_1.class
-rw-rw-r--   1 travis travis    704 Jan  3 00:55 Repeat$_Repeat_SDF_Director_run_Repeat$__R_sL_0.class
-rw-rw-r--   1 travis travis    705 Jan  3 00:55 Repeat$_Repeat_SDF_Director_run_Repeat$__R_sL_11.class
-rw-rw-r--   1 travis travis    561 Jan  3 00:55 Repeat$_Repeat_SDF_Director_run_Repeat$__R_sL_13.class
-rw-rw-r--   1 travis travis    559 Jan  3 00:55 Repeat$_Repeat_SDF_Director_run_Repeat$__R_sL_2.class
-rw-rw-r--   1 travis travis    703 Jan  3 00:55 Repeat$_Repeat_SDF_Director_run_Repeat$__R_sL_3.class
-rw-rw-r--   1 travis travis    559 Jan  3 00:55 Repeat$_Repeat_SDF_Director_run_Repeat$__R_sL_5.class
-rw-rw-r--   1 travis travis    559 Jan  3 00:55 Repeat$_Repeat_SDF_Director_run_Repeat$__R_sL_8.class
drwxrwxr-x   2 travis travis   4096 Jan  3 00:55 RepeatVariables
-rw-rw-r--   1 travis travis    882 Jan  3 00:55 Repeat$_varinit_Repeat.class
-rw-rw-r--   1 travis travis    550 Jan  3 00:55 Repeat$_varinit_Repeat$__v_sL_2.class
-rw-rw-r--   1 travis travis    924 Jan  3 00:55 Repeat$_varinit_Repeat$__v_sL_4.class
-rw-rw-r--   1 travis travis    978 Jan  3 00:55 Repeat$_wrapup_Repeat$__w_sL_1.class
drwxrwxr-x   3 travis travis  20480 Jan  3 00:52 Sinewave
drwxrwxr-x   3 travis travis  32768 Jan  3 00:53 StringFunction
drwxrwxr-x   3 travis travis  12288 Jan  3 00:53 StringLength
drwxrwxr-x   3 travis travis  61440 Jan  3 00:53 StringMatches2
drwxrwxr-x   3 travis travis  61440 Jan  3 00:54 StringSimpleReplace
drwxrwxr-x   3 travis travis  65536 Jan  3 00:54 StringSubstring
drwxrwxr-x   3 travis travis  24576 Jan  3 00:54 StringSubstring2
drwxrwxr-x   3 travis travis  16384 Jan  3 00:54 time1
drwxrwxr-x   3 travis travis  12288 Jan  3 00:55 time5
-rw-rw-r--   1 travis travis    432 Jan  3 00:56 Token.class
-rw-rw-r--   1 travis travis    251 Jan  3 00:56 Token.java
-rwxrwxr-x   1 travis travis 466992 Jan  3 00:49 top
-rw-rw-r--   1 travis travis  20502 Jan  3 00:49 top.c
-rw-rw-r--   1 travis travis   3799 Jan  3 00:55 top.class
-rw-rw-r--   1 travis travis   1257 Jan  3 00:55 top.mk
All Done
Writing ModularCodeGen6_A_A.java in file:/home/travis/cg/ (11221 characters)
Reading "ptolemy/cg/kernel/generic/program/procedural/java/modular/makefile.in",
    writing "/home/travis/cg/ModularCodeGen6_A_A.mk"
Using ptolemy/cg/kernel/generic/program/procedural/java/modular/makefile.in
In "/home/travis/cg", about to execute:
    make -f ModularCodeGen6_A_A.mk
javac -classpath ".:.."    ModularCodeGen6_A_A.java
All Done
In "/home/travis/cg", about to execute:
    pwd
In "/home/travis/cg", about to execute:
    ls -l
/home/travis/cg
total 2232
drwxrwxr-x   3 travis travis  12288 Jan  3 00:50 AbsoluteValue
drwxrwxr-x   3 travis travis 102400 Jan  3 00:49 AllColt
drwxrwxr-x   3 travis travis  12288 Jan  3 00:50 Case1
-rw-rw-r--   1 travis travis   5128 Jan  3 00:55 CompiledCompositeActor_CompiledCompositeActor.class
-rw-rw-r--   1 travis travis   1611 Jan  3 00:55 CompiledCompositeActor_CompiledCompositeActor$_CompiledCompositeActor_CompiledCompositeActor.class
-rw-rw-r--   1 travis travis  13466 Jan  3 00:55 CompiledCompositeActor_CompiledCompositeActor.java
-rw-rw-r--   1 travis travis   1593 Jan  3 00:55 CompiledCompositeActor_CompiledCompositeActor.mk
drwxrwxr-x   5 travis travis   4096 Jan  3 00:49 fmi
drwxrwxr-x   3 travis travis  16384 Jan  3 00:50 Gaussian2
-rw-rw-r--   1 travis travis   4684 Jan  3 00:55 JavaCompiledCompositeTest1_CompiledCompositeActor.class
-rw-rw-r--   1 travis travis  11637 Jan  3 00:55 JavaCompiledCompositeTest1_CompiledCompositeActor.java
-rw-rw-r--   1 travis travis   1217 Jan  3 00:55 JavaCompiledCompositeTest1_CompiledCompositeActor$_JavaCompiledCompositeTest1_CompiledCompositeActor.class
-rw-rw-r--   1 travis travis   1625 Jan  3 00:55 JavaCompiledCompositeTest1_CompiledCompositeActor.mk
-rw-rw-r--   1 travis travis   5115 Jan  3 00:55 JavaCompiledCompositeTest2_CompiledCompositeActor.class
-rw-rw-r--   1 travis travis  14919 Jan  3 00:55 JavaCompiledCompositeTest2_CompiledCompositeActor.java
-rw-rw-r--   1 travis travis   1812 Jan  3 00:55 JavaCompiledCompositeTest2_CompiledCompositeActor$_JavaCompiledCompositeTest2_CompiledCompositeActor.class
-rw-rw-r--   1 travis travis   1625 Jan  3 00:55 JavaCompiledCompositeTest2_CompiledCompositeActor.mk
-rw-rw-r--   1 travis travis   4732 Jan  3 00:55 JavaCompiledCompositeTest3_CompiledCompositeActor.class
-rw-rw-r--   1 travis travis  13080 Jan  3 00:55 JavaCompiledCompositeTest3_CompiledCompositeActor.java
-rw-rw-r--   1 travis travis   1397 Jan  3 00:55 JavaCompiledCompositeTest3_CompiledCompositeActor$_JavaCompiledCompositeTest3_CompiledCompositeActor.class
-rw-rw-r--   1 travis travis   1625 Jan  3 00:55 JavaCompiledCompositeTest3_CompiledCompositeActor.mk
-rw-rw-r--   1 travis travis   4183 Jan  3 00:55 JavaCompiledCompositeTest4_CompiledCompositeActor.class
-rw-rw-r--   1 travis travis   9687 Jan  3 00:55 JavaCompiledCompositeTest4_CompiledCompositeActor.java
-rw-rw-r--   1 travis travis    876 Jan  3 00:55 JavaCompiledCompositeTest4_CompiledCompositeActor$_JavaCompiledCompositeTest4_CompiledCompositeActor.class
-rw-rw-r--   1 travis travis   1625 Jan  3 00:55 JavaCompiledCompositeTest4_CompiledCompositeActor.mk
drwxrwxr-x   3 travis travis  12288 Jan  3 00:51 LookupTable
drwxrwxr-x   3 travis travis  20480 Jan  3 00:51 MaxIndex
-rw-rw-r--   1 travis travis   3925 Jan  3 00:55 ModularCG_A1_B1.class
-rw-rw-r--   1 travis travis   9730 Jan  3 00:55 ModularCG_A1_B1.java
-rw-rw-r--   1 travis travis    832 Jan  3 00:55 ModularCG_A1_B1.mk
-rw-rw-r--   1 travis travis   1318 Jan  3 00:55 ModularCG_A1_B1_profile.class
-rw-rw-r--   1 travis travis   1262 Jan  3 00:55 ModularCG_A1_B1_profile.java
-rw-rw-r--   1 travis travis   3925 Jan  3 00:55 ModularCG_A1_B2.class
-rw-rw-r--   1 travis travis   9730 Jan  3 00:55 ModularCG_A1_B2.java
-rw-rw-r--   1 travis travis    832 Jan  3 00:55 ModularCG_A1_B2.mk
-rw-rw-r--   1 travis travis   1318 Jan  3 00:55 ModularCG_A1_B2_profile.class
-rw-rw-r--   1 travis travis   1262 Jan  3 00:55 ModularCG_A1_B2_profile.java
-rw-rw-r--   1 travis travis   5031 Jan  3 00:55 ModularCG_A1.class
-rw-rw-r--   1 travis travis  14742 Jan  3 00:55 ModularCG_A1.java
-rw-rw-r--   1 travis travis    808 Jan  3 00:55 ModularCG_A1.mk
-rw-rw-r--   1 travis travis   1433 Jan  3 00:55 ModularCG_A1_profile.class
-rw-rw-r--   1 travis travis   1704 Jan  3 00:55 ModularCG_A1_profile.java
-rw-rw-r--   1 travis travis   4059 Jan  3 00:55 ModularCG_A2_B1.class
-rw-rw-r--   1 travis travis  10667 Jan  3 00:55 ModularCG_A2_B1.java
-rw-rw-r--   1 travis travis    832 Jan  3 00:55 ModularCG_A2_B1.mk
-rw-rw-r--   1 travis travis   1381 Jan  3 00:55 ModularCG_A2_B1_profile.class
-rw-rw-r--   1 travis travis   1446 Jan  3 00:55 ModularCG_A2_B1_profile.java
-rw-rw-r--   1 travis travis   3925 Jan  3 00:55 ModularCG_A2_B2.class
-rw-rw-r--   1 travis travis   9730 Jan  3 00:55 ModularCG_A2_B2.java
-rw-rw-r--   1 travis travis    832 Jan  3 00:55 ModularCG_A2_B2.mk
-rw-rw-r--   1 travis travis   1318 Jan  3 00:55 ModularCG_A2_B2_profile.class
-rw-rw-r--   1 travis travis   1262 Jan  3 00:55 ModularCG_A2_B2_profile.java
-rw-rw-r--   1 travis travis   5102 Jan  3 00:56 ModularCG_A2.class
-rw-rw-r--   1 travis travis  15129 Jan  3 00:56 ModularCG_A2.java
-rw-rw-r--   1 travis travis    808 Jan  3 00:56 ModularCG_A2.mk
-rw-rw-r--   1 travis travis   1433 Jan  3 00:56 ModularCG_A2_profile.class
-rw-rw-r--   1 travis travis   1704 Jan  3 00:55 ModularCG_A2_profile.java
-rw-rw-r--   1 travis travis   3705 Jan  3 00:56 ModularCGPubSub_A1_A2.class
-rw-rw-r--   1 travis travis   9076 Jan  3 00:56 ModularCGPubSub_A1_A2.java
-rw-rw-r--   1 travis travis    880 Jan  3 00:56 ModularCGPubSub_A1_A2.mk
-rw-rw-r--   1 travis travis   1300 Jan  3 00:56 ModularCGPubSub_A1_A2_profile.class
-rw-rw-r--   1 travis travis   1222 Jan  3 00:56 ModularCGPubSub_A1_A2_profile.java
-rw-rw-r--   1 travis travis   4022 Jan  3 00:56 ModularCGPubSub_A1.class
-rw-rw-r--   1 travis travis   9836 Jan  3 00:56 ModularCGPubSub_A1.java
-rw-rw-r--   1 travis travis    856 Jan  3 00:56 ModularCGPubSub_A1.mk
-rw-rw-r--   1 travis travis   1346 Jan  3 00:56 ModularCGPubSub_A1_profile.class
-rw-rw-r--   1 travis travis   1388 Jan  3 00:56 ModularCGPubSub_A1_profile.java
-rw-rw-r--   1 travis travis   4220 Jan  3 00:56 ModularCodeGen2_ModularCodeGenTypedCompositeActor.class
-rw-rw-r--   1 travis travis  11690 Jan  3 00:56 ModularCodeGen2_ModularCodeGenTypedCompositeActor.java
-rw-rw-r--   1 travis travis   1104 Jan  3 00:56 ModularCodeGen2_ModularCodeGenTypedCompositeActor.mk
-rw-rw-r--   1 travis travis   4504 Jan  3 00:56 ModularCodeGen2_ModularCodeGenTypedCompositeActor_ModularCodeGenTypedCompositeActor.class
-rw-rw-r--   1 travis travis  11790 Jan  3 00:56 ModularCodeGen2_ModularCodeGenTypedCompositeActor_ModularCodeGenTypedCompositeActor.java
-rw-rw-r--   1 travis travis   1376 Jan  3 00:56 ModularCodeGen2_ModularCodeGenTypedCompositeActor_ModularCodeGenTypedCompositeActor.mk
-rw-rw-r--   1 travis travis   1421 Jan  3 00:56 ModularCodeGen2_ModularCodeGenTypedCompositeActor_ModularCodeGenTypedCompositeActor_profile.class
-rw-rw-r--   1 travis travis   1294 Jan  3 00:56 ModularCodeGen2_ModularCodeGenTypedCompositeActor_ModularCodeGenTypedCompositeActor_profile.java
-rw-rw-r--   1 travis travis    820 Jan  3 00:56 ModularCodeGen2_ModularCodeGenTypedCompositeActor_profile.class
-rw-rw-r--   1 travis travis    693 Jan  3 00:56 ModularCodeGen2_ModularCodeGenTypedCompositeActor_profile.java
-rw-rw-r--   1 travis travis   3973 Jan  3 00:56 ModularCodeGen3_A1_B1.class
-rw-rw-r--   1 travis travis   9958 Jan  3 00:56 ModularCodeGen3_A1_B1.java
-rw-rw-r--   1 travis travis    880 Jan  3 00:56 ModularCodeGen3_A1_B1.mk
-rw-rw-r--   1 travis travis   1330 Jan  3 00:56 ModularCodeGen3_A1_B1_profile.class
-rw-rw-r--   1 travis travis   1274 Jan  3 00:56 ModularCodeGen3_A1_B1_profile.java
-rw-rw-r--   1 travis travis   3973 Jan  3 00:56 ModularCodeGen3_A1_B2.class
-rw-rw-r--   1 travis travis   9958 Jan  3 00:56 ModularCodeGen3_A1_B2.java
-rw-rw-r--   1 travis travis    880 Jan  3 00:56 ModularCodeGen3_A1_B2.mk
-rw-rw-r--   1 travis travis   1330 Jan  3 00:56 ModularCodeGen3_A1_B2_profile.class
-rw-rw-r--   1 travis travis   1274 Jan  3 00:56 ModularCodeGen3_A1_B2_profile.java
-rw-rw-r--   1 travis travis   5193 Jan  3 00:56 ModularCodeGen3_A1.class
-rw-rw-r--   1 travis travis  15564 Jan  3 00:56 ModularCodeGen3_A1.java
-rw-rw-r--   1 travis travis    856 Jan  3 00:56 ModularCodeGen3_A1.mk
-rw-rw-r--   1 travis travis   1445 Jan  3 00:56 ModularCodeGen3_A1_profile.class
-rw-rw-r--   1 travis travis   1716 Jan  3 00:56 ModularCodeGen3_A1_profile.java
-rw-rw-r--   1 travis travis   4119 Jan  3 00:56 ModularCodeGen3_A2_B1.class
-rw-rw-r--   1 travis travis  10955 Jan  3 00:56 ModularCodeGen3_A2_B1.java
-rw-rw-r--   1 travis travis    880 Jan  3 00:56 ModularCodeGen3_A2_B1.mk
-rw-rw-r--   1 travis travis   1393 Jan  3 00:56 ModularCodeGen3_A2_B1_profile.class
-rw-rw-r--   1 travis travis   1458 Jan  3 00:56 ModularCodeGen3_A2_B1_profile.java
-rw-rw-r--   1 travis travis   3973 Jan  3 00:56 ModularCodeGen3_A2_B2.class
-rw-rw-r--   1 travis travis   9958 Jan  3 00:56 ModularCodeGen3_A2_B2.java
-rw-rw-r--   1 travis travis    880 Jan  3 00:56 ModularCodeGen3_A2_B2.mk
-rw-rw-r--   1 travis travis   1330 Jan  3 00:56 ModularCodeGen3_A2_B2_profile.class
-rw-rw-r--   1 travis travis   1274 Jan  3 00:56 ModularCodeGen3_A2_B2_profile.java
-rw-rw-r--   1 travis travis   5270 Jan  3 00:56 ModularCodeGen3_A2.class
-rw-rw-r--   1 travis travis  15957 Jan  3 00:56 ModularCodeGen3_A2.java
-rw-rw-r--   1 travis travis    856 Jan  3 00:56 ModularCodeGen3_A2.mk
-rw-rw-r--   1 travis travis   1445 Jan  3 00:56 ModularCodeGen3_A2_profile.class
-rw-rw-r--   1 travis travis   1716 Jan  3 00:56 ModularCodeGen3_A2_profile.java
-rw-rw-r--   1 travis travis   4026 Jan  3 00:56 ModularCodeGen4_A1_B1.class
-rw-rw-r--   1 travis travis  10312 Jan  3 00:56 ModularCodeGen4_A1_B1.java
-rw-rw-r--   1 travis travis    880 Jan  3 00:56 ModularCodeGen4_A1_B1.mk
-rw-rw-r--   1 travis travis   1330 Jan  3 00:56 ModularCodeGen4_A1_B1_profile.class
-rw-rw-r--   1 travis travis   1273 Jan  3 00:56 ModularCodeGen4_A1_B1_profile.java
-rw-rw-r--   1 travis travis   4026 Jan  3 00:56 ModularCodeGen4_A1_B2.class
-rw-rw-r--   1 travis travis  10312 Jan  3 00:56 ModularCodeGen4_A1_B2.java
-rw-rw-r--   1 travis travis    880 Jan  3 00:56 ModularCodeGen4_A1_B2.mk
-rw-rw-r--   1 travis travis   1330 Jan  3 00:56 ModularCodeGen4_A1_B2_profile.class
-rw-rw-r--   1 travis travis   1273 Jan  3 00:56 ModularCodeGen4_A1_B2_profile.java
-rw-rw-r--   1 travis travis   5333 Jan  3 00:56 ModularCodeGen4_A1.class
-rw-rw-r--   1 travis travis  16245 Jan  3 00:56 ModularCodeGen4_A1.java
-rw-rw-r--   1 travis travis    856 Jan  3 00:56 ModularCodeGen4_A1.mk
-rw-rw-r--   1 travis travis   1445 Jan  3 00:56 ModularCodeGen4_A1_profile.class
-rw-rw-r--   1 travis travis   1712 Jan  3 00:56 ModularCodeGen4_A1_profile.java
-rw-rw-r--   1 travis travis   4220 Jan  3 00:56 ModularCodeGen4_A2_B1.class
-rw-rw-r--   1 travis travis  11375 Jan  3 00:56 ModularCodeGen4_A2_B1.java
-rw-rw-r--   1 travis travis    880 Jan  3 00:56 ModularCodeGen4_A2_B1.mk
-rw-rw-r--   1 travis travis   1393 Jan  3 00:56 ModularCodeGen4_A2_B1_profile.class
-rw-rw-r--   1 travis travis   1454 Jan  3 00:56 ModularCodeGen4_A2_B1_profile.java
-rw-rw-r--   1 travis travis   4074 Jan  3 00:56 ModularCodeGen4_A2_B2.class
-rw-rw-r--   1 travis travis  10378 Jan  3 00:56 ModularCodeGen4_A2_B2.java
-rw-rw-r--   1 travis travis    880 Jan  3 00:56 ModularCodeGen4_A2_B2.mk
-rw-rw-r--   1 travis travis   1330 Jan  3 00:56 ModularCodeGen4_A2_B2_profile.class
-rw-rw-r--   1 travis travis   1270 Jan  3 00:56 ModularCodeGen4_A2_B2_profile.java
-rw-rw-r--   1 travis travis   5506 Jan  3 00:56 ModularCodeGen4_A2.class
-rw-rw-r--   1 travis travis  16770 Jan  3 00:56 ModularCodeGen4_A2.java
-rw-rw-r--   1 travis travis    856 Jan  3 00:56 ModularCodeGen4_A2.mk
-rw-rw-r--   1 travis travis   1445 Jan  3 00:56 ModularCodeGen4_A2_profile.class
-rw-rw-r--   1 travis travis   1712 Jan  3 00:56 ModularCodeGen4_A2_profile.java
-rw-rw-r--   1 travis travis   7070 Jan  3 00:56 ModularCodeGen5_A_A.class
-rw-rw-r--   1 travis travis  28721 Jan  3 00:56 ModularCodeGen5_A_A.java
-rw-rw-r--   1 travis travis    864 Jan  3 00:56 ModularCodeGen5_A_A.mk
-rw-rw-r--   1 travis travis   1520 Jan  3 00:56 ModularCodeGen5_A_A_profile.class
-rw-rw-r--   1 travis travis   1815 Jan  3 00:56 ModularCodeGen5_A_A_profile.java
-rw-rw-r--   1 travis travis   5347 Jan  3 00:56 ModularCodeGen5_A.class
-rw-rw-r--   1 travis travis  13769 Jan  3 00:56 ModularCodeGen5_A.java
-rw-rw-r--   1 travis travis    848 Jan  3 00:56 ModularCodeGen5_A.mk
-rw-rw-r--   1 travis travis   1422 Jan  3 00:56 ModularCodeGen5_A_profile.class
-rw-rw-r--   1 travis travis   1605 Jan  3 00:56 ModularCodeGen5_A_profile.java
-rw-rw-r--   1 travis travis   1364 Jan  3 00:56 ModularCodeGen6_A_A2_profile.java
-rw-rw-r--   1 travis travis   4340 Jan  3 00:56 ModularCodeGen6_A_A.class
-rw-rw-r--   1 travis travis  11221 Jan  3 00:56 ModularCodeGen6_A_A.java
-rw-rw-r--   1 travis travis    864 Jan  3 00:56 ModularCodeGen6_A_A.mk
-rw-rw-r--   1 travis travis   1348 Jan  3 00:56 ModularCodeGen6_A_A_profile.class
-rw-rw-r--   1 travis travis   1361 Jan  3 00:56 ModularCodeGen6_A_A_profile.java
-rw-rw-r--   1 travis travis   4186 Jan  3 00:56 ModularCodeGen_ModularCodeGenTypedCompositeActor.class
-rw-rw-r--   1 travis travis  10970 Jan  3 00:56 ModularCodeGen_ModularCodeGenTypedCompositeActor.java
-rw-rw-r--   1 travis travis   1096 Jan  3 00:56 ModularCodeGen_ModularCodeGenTypedCompositeActor.mk
-rw-rw-r--   1 travis travis   1384 Jan  3 00:56 ModularCodeGen_ModularCodeGenTypedCompositeActor_profile.class
-rw-rw-r--   1 travis travis   1328 Jan  3 00:56 ModularCodeGen_ModularCodeGenTypedCompositeActor_profile.java
-rw-rw-r--   1 travis travis   3724 Jan  3 00:55 ModularCodeGenTest_A1_A2.class
-rw-rw-r--   1 travis travis   9164 Jan  3 00:55 ModularCodeGenTest_A1_A2.java
-rw-rw-r--   1 travis travis   1306 Jan  3 00:55 ModularCodeGenTest_A1_A2_profile.class
-rw-rw-r--   1 travis travis   4055 Jan  3 00:55 ModularCodeGenTest_A1.class
-rw-rw-r--   1 travis travis   9968 Jan  3 00:55 ModularCodeGenTest_A1.java
-rw-rw-r--   1 travis travis    880 Jan  3 00:55 ModularCodeGenTest_A1.mk
-rw-rw-r--   1 travis travis   1352 Jan  3 00:55 ModularCodeGenTest_A1_profile.class
-rw-rw-r--   1 travis travis   1394 Jan  3 00:55 ModularCodeGenTest_A1_profile.java
drwxrwxr-x   3 travis travis  32768 Jan  3 00:55 modulation2
drwxrwxr-x 116 travis travis  12288 Jan  3 00:55 node_modules
drwxrwxr-x   3 travis travis  20480 Jan  3 00:51 PhaseUnwrap
drwxrwxr-x   3 travis travis  12288 Jan  3 00:51 ReadFile1
-rw-rw-r--   1 travis travis     11 Jan  3 00:51 ReadFile1Output.txt
-rw-rw-r--   1 travis travis  13773 Jan  3 00:55 Repeat.class
-rw-rw-r--   1 travis travis    685 Jan  3 00:55 Repeat$_fireFunction_Repeat_Repeat$__f_sL_11.class
-rw-rw-r--   1 travis travis    541 Jan  3 00:55 Repeat$_fireFunction_Repeat_Repeat$__f_sL_12.class
-rw-rw-r--   1 travis travis    541 Jan  3 00:55 Repeat$_fireFunction_Repeat_Repeat$__f_sL_13.class
-rw-rw-r--   1 travis travis    541 Jan  3 00:55 Repeat$_fireFunction_Repeat_Repeat$__f_sL_14.class
-rw-rw-r--   1 travis travis    684 Jan  3 00:55 Repeat$_fireFunction_Repeat_Repeat$__f_sL_1.class
-rw-rw-r--   1 travis travis    683 Jan  3 00:55 Repeat$_fireFunction_Repeat_Repeat$__f_sL_4.class
-rw-rw-r--   1 travis travis    539 Jan  3 00:55 Repeat$_fireFunction_Repeat_Repeat$__f_sL_9.class
-rw-rw-r--   1 travis travis    494 Jan  3 00:55 Repeat$_initialize_Repeat$__i_sL_2.class
-rw-rw-r--   1 travis travis   1281 Jan  3 00:55 Repeat.mk
-rw-rw-r--   1 travis travis    539 Jan  3 00:55 Repeat$_preinitializeMethod_Repeat$__p_sL_0.class
-rw-rw-r--   1 travis travis   1102 Jan  3 00:55 Repeat$_Repeat$_fireFunction_Repeat_AddSubtract_Repeat.class
-rw-rw-r--   1 travis travis    810 Jan  3 00:55 Repeat$_Repeat$_fireFunction_Repeat_AddSubtract_Repeat$__f_sL_0.class
-rw-rw-r--   1 travis travis    928 Jan  3 00:55 Repeat$_Repeat$_fireFunction_Repeat_AddSubtract_Repeat$__f_sL_1.class
-rw-rw-r--   1 travis travis    934 Jan  3 00:55 Repeat$_Repeat$_fireFunction_Repeat_AddSubtract_Repeat$__f_sL_2.class
-rw-rw-r--   1 travis travis    862 Jan  3 00:55 Repeat$_Repeat$_fireFunction_Repeat_AddSubtract_Repeat$__f_sL_3.class
-rw-rw-r--   1 travis travis    757 Jan  3 00:55 Repeat$_Repeat$_fireFunction_Repeat_Ramp2_Repeat$__f_sL_0.class
-rw-rw-r--   1 travis travis    888 Jan  3 00:55 Repeat$_Repeat$_fireFunction_Repeat_Test_Repeat$__f_sL_0.class
-rw-rw-r--   1 travis travis    634 Jan  3 00:55 Repeat$_Repeat$_fireFunction_Repeat_Test_Repeat$__f_sL_1.class
-rw-rw-r--   1 travis travis    704 Jan  3 00:55 Repeat$_Repeat_SDF_Director_run_Repeat$__R_sL_0.class
-rw-rw-r--   1 travis travis    705 Jan  3 00:55 Repeat$_Repeat_SDF_Director_run_Repeat$__R_sL_11.class
-rw-rw-r--   1 travis travis    561 Jan  3 00:55 Repeat$_Repeat_SDF_Director_run_Repeat$__R_sL_13.class
-rw-rw-r--   1 travis travis    559 Jan  3 00:55 Repeat$_Repeat_SDF_Director_run_Repeat$__R_sL_2.class
-rw-rw-r--   1 travis travis    703 Jan  3 00:55 Repeat$_Repeat_SDF_Director_run_Repeat$__R_sL_3.class
-rw-rw-r--   1 travis travis    559 Jan  3 00:55 Repeat$_Repeat_SDF_Director_run_Repeat$__R_sL_5.class
-rw-rw-r--   1 travis travis    559 Jan  3 00:55 Repeat$_Repeat_SDF_Director_run_Repeat$__R_sL_8.class
drwxrwxr-x   2 travis travis   4096 Jan  3 00:55 RepeatVariables
-rw-rw-r--   1 travis travis    882 Jan  3 00:55 Repeat$_varinit_Repeat.class
-rw-rw-r--   1 travis travis    550 Jan  3 00:55 Repeat$_varinit_Repeat$__v_sL_2.class
-rw-rw-r--   1 travis travis    924 Jan  3 00:55 Repeat$_varinit_Repeat$__v_sL_4.class
-rw-rw-r--   1 travis travis    978 Jan  3 00:55 Repeat$_wrapup_Repeat$__w_sL_1.class
drwxrwxr-x   3 travis travis  20480 Jan  3 00:52 Sinewave
drwxrwxr-x   3 travis travis  32768 Jan  3 00:53 StringFunction
drwxrwxr-x   3 travis travis  12288 Jan  3 00:53 StringLength
drwxrwxr-x   3 travis travis  61440 Jan  3 00:53 StringMatches2
drwxrwxr-x   3 travis travis  61440 Jan  3 00:54 StringSimpleReplace
drwxrwxr-x   3 travis travis  65536 Jan  3 00:54 StringSubstring
drwxrwxr-x   3 travis travis  24576 Jan  3 00:54 StringSubstring2
In "/home/travis/cg", about to execute:
drwxrwxr-x   3 travis travis  16384 Jan  3 00:54 time1
drwxrwxr-x   3 travis travis  12288 Jan  3 00:55 time5
-rw-rw-r--   1 travis travis    432 Jan  3 00:56 Token.class
-rw-rw-r--   1 travis travis    251 Jan  3 00:56 Token.java
-rwxrwxr-x   1 travis travis 466992 Jan  3 00:49 top
-rw-rw-r--   1 travis travis  20502 Jan  3 00:49 top.c
-rw-rw-r--   1 travis travis   3799 Jan  3 00:55 top.class
-rw-rw-r--   1 travis travis   1257 Jan  3 00:55 top.mk
    javac -classpath
.:/home/travis/build/icyphy/ptII:/home/travis/build/icyphy/ptII/lib/bsh-2.0b4.j
ar:/home/travis/build/icyphy/ptII/lib/ptCal.jar:/home/travis/build/icyphy/ptII/
lib/java_cup.jar:/home/travis/build/icyphy/ptII/lib/saxon8.jar:/home/travis/bui
ld/icyphy/ptII/lib/saxon8-dom.jar:/home/travis/build/icyphy/ptII/lib/chic.jar:/
home/travis/build/icyphy/ptII/lib/ptcolt.jar:/home/travis/build/icyphy/ptII/ven
dors/misc/itext/iText.jar:/home/travis/build/icyphy/ptII/lib/g4ltl.jar:/home/tr
avis/build/icyphy/ptII/lib/StructuralCoder.jar:/home/travis/build/icyphy/ptII/l
ib/jcerti.jar:/home/travis/build/icyphy/ptII/lib/javax.mail.jar:/home/travis/bu
ild/icyphy/ptII/vendors/JMF-2.1.1e/lib/jmf.jar:/home/travis/build/icyphy/ptII/l
ib/jna-4.0.0-variadic.jar:/home/travis/build/icyphy/ptII/vendors/misc/joystick/
Joystick.jar:/home/travis/build/icyphy/ptII/lib/ptjacl.jar:/home/travis/build/i
cyphy/ptII/lib/jsoup-1.8.2.jar:/home/travis/build/icyphy/ptII/lib/junit-4.8.2.j
ar:/home/travis/build/icyphy/ptII/lib/JUnitParams-0.4.0.jar:/home/travis/build/
icyphy/ptII/ptolemy/actor/lib/excel/jxl.jar:/home/travis/build/icyphy/ptII/lib/
jython.jar:/home/travis/build/icyphy/ptII/lib/kieler.jar:/home/travis/build/icy
phy/ptII/vendors/opencv/share/OpenCV/java/opencv-341.jar:/home/travis/build/icy
phy/ptII/lib/oscP5.jar:/home/travis/build/icyphy/ptII/lib/nrjavaserial-3.11.0.d
evel.jar:/home/travis/build/icyphy/ptII/vendors/j3d/lib/Linux/j3dcore.jar:/home
/travis/build/icyphy/ptII/vendors/j3d/lib/Linux/j3dutils.jar:/home/travis/build
/icyphy/ptII/vendors/j3d/lib/Linux/vecmath.jar:/home/travis/build/icyphy/ptII/v
endors/jogl/lib/Linux/gluegen-rt-natives-linux-amd64.jar:/home/travis/build/icy
phy/ptII/vendors/jogl/lib/Linux/gluegen-rt.jar:/home/travis/build/icyphy/ptII/v
endors/jogl/lib/Linux/jogl-all-natives-linux-amd64.jar:/home/travis/build/icyph
y/ptII/vendors/jogl/lib/Linux/jogl-all.jar:/home/travis/build/icyphy/ptII/ptole
my/distributed/jini/jar/jini-core.jar:/home/travis/build/icyphy/ptII/ptolemy/di
stributed/jini/jar/jini-ext.jar:/home/travis/build/icyphy/ptII/ptolemy/distribu
ted/jini/jar/sun-util.jar:/home/travis/build/icyphy/ptII/lib/protobuf-java-2.4.
1.jar:/home/travis/build/icyphy/ptII/lib/org.eclipse.paho.client.mqttv3.jar:/ho
me/travis/build/icyphy/ptII/lib/mapss.jar:/home/travis/build/icyphy/ptII/ptolem
y/actor/ptalon/antlr/antlr.jar:/home/travis/build/icyphy/ptII/lib/JRI.jar:/home
/travis/build/icyphy/ptII/lib/commons-lang-2.6.jar:/home/travis/build/icyphy/pt
II/lib/commons-logging-1.1.1.jar:/home/travis/build/icyphy/ptII/lib/sootclasses
.jar:/home/travis/build/icyphy/ptII/ptolemy/actor/lib/database/mysql-connector-
java-5.1.6-bin.jar:/home/travis/build/icyphy/ptII/vendors/misc/sphinx4/sphinx4-
data-5prealpha.jar:/home/travis/build/icyphy/ptII/vendors/misc/sphinx4/sphinx4-
core-5prealpha.jar:/home/travis/build/icyphy/ptII/lib/PDFRenderer.jar:/home/tra
vis/build/icyphy/ptII/lib/svgSalamander.jar:/home/travis/build/icyphy/ptII/lib/
rsyntaxtextarea-2.6.0-SNAPSHOT.jar:/home/travis/build/icyphy/ptII/lib/hazelcast
-3.8.2.jar:/home/travis/build/icyphy/ptII/lib/jackson-annotations-2.9.0.jar:/ho
me/travis/build/icyphy/ptII/lib/jackson-core-2.9.3.jar:/home/travis/build/icyph
y/ptII/lib/jackson-databind-2.9.3.jar:/home/travis/build/icyphy/ptII/lib/netty-
buffer-4.1.19.Final.jar:/home/travis/build/icyphy/ptII/lib/netty-codec-4.1.19.F
inal.jar:/home/travis/build/icyphy/ptII/lib/netty-codec-dns-4.1.19.Final.jar:/h
ome/travis/build/icyphy/ptII/lib/netty-codec-http-4.1.19.Final.jar:/home/travis
/build/icyphy/ptII/lib/netty-codec-http2-4.1.19.Final.jar:/home/travis/build/ic
yphy/ptII/lib/netty-common-4.1.19.Final.jar:/home/travis/build/icyphy/ptII/lib/
netty-handler-4.1.19.Final.jar:/home/travis/build/icyphy/ptII/lib/netty-resolve
r-4.1.19.Final.jar:/home/travis/build/icyphy/ptII/lib/netty-resolver-dns-4.1.19
.Final.jar:/home/travis/build/icyphy/ptII/lib/netty-transport-4.1.19.Final.jar:
/home/travis/build/icyphy/ptII/lib/vertx-codegen-3.5.1.jar:/home/travis/build/i
cyphy/ptII/lib/vertx-core-3.5.2-SNAPSHOT.jar:/home/travis/build/icyphy/ptII/lib
/vertx-hazelcast-3.5.1.jar:/home/travis/build/icyphy/ptII/lib/vertx-lang-js-3.5
.1.jar:/home/travis/build/icyphy/ptII/lib/vertx-service-proxy-3.5.1.jar:/home/t
ravis/build/icyphy/ptII/lib/vertx-web-3.5.1.jar:/home/travis/build/icyphy/ptII/
lib/slf4j-api-1.7.13.jar:/home/travis/build/icyphy/ptII/lib/slf4j-simple-1.7.13
.jar:/home/travis/build/icyphy/ptII/lib/webcam-capture-0.3.12.jar:/home/travis/
build/icyphy/ptII/lib/bridj-0.7.0.jar:/home/travis/build/icyphy/ptII/lib/xbjlib
-1.1.0.nrjavaserial.jar:/home/travis/build/icyphy/ptII/ptolemy/moml/test:/home/
travis/build/icyphy/ptII/ant/lib/ant-launcher.jar:/home/travis/build/icyphy/ptI
I/ant/lib/ant.jar:/home/travis/build/icyphy/ptII/ant/lib/ant-junit.jar:/home/tr
avis/build/icyphy/ptII/ant/lib/ant-junit4.jar:/home/travis/build/icyphy/ptII
ModularCodeGen6_A_A2_profile.java
All Done
Writing ModularCodeGen6_A_A2.java in file:/home/travis/cg/ (11329 characters)
Reading "ptolemy/cg/kernel/generic/program/procedural/java/modular/makefile.in",
    writing "/home/travis/cg/ModularCodeGen6_A_A2.mk"
Using ptolemy/cg/kernel/generic/program/procedural/java/modular/makefile.in
In "/home/travis/cg", about to execute:
    make -f ModularCodeGen6_A_A2.mk
javac -classpath ".:.."    ModularCodeGen6_A_A2.java
All Done
In "/home/travis/cg", about to execute:
    pwd
/home/travis/cg
In "/home/travis/cg", about to execute:
    ls -l
total 2264
drwxrwxr-x   3 travis travis  12288 Jan  3 00:50 AbsoluteValue
drwxrwxr-x   3 travis travis 102400 Jan  3 00:49 AllColt
drwxrwxr-x   3 travis travis  12288 Jan  3 00:50 Case1
-rw-rw-r--   1 travis travis   5128 Jan  3 00:55 CompiledCompositeActor_CompiledCompositeActor.class
-rw-rw-r--   1 travis travis   1611 Jan  3 00:55 CompiledCompositeActor_CompiledCompositeActor$_CompiledCompositeActor_CompiledCompositeActor.class
-rw-rw-r--   1 travis travis  13466 Jan  3 00:55 CompiledCompositeActor_CompiledCompositeActor.java
-rw-rw-r--   1 travis travis   1593 Jan  3 00:55 CompiledCompositeActor_CompiledCompositeActor.mk
drwxrwxr-x   5 travis travis   4096 Jan  3 00:49 fmi
drwxrwxr-x   3 travis travis  16384 Jan  3 00:50 Gaussian2
-rw-rw-r--   1 travis travis   4684 Jan  3 00:55 JavaCompiledCompositeTest1_CompiledCompositeActor.class
-rw-rw-r--   1 travis travis  11637 Jan  3 00:55 JavaCompiledCompositeTest1_CompiledCompositeActor.java
-rw-rw-r--   1 travis travis   1217 Jan  3 00:55 JavaCompiledCompositeTest1_CompiledCompositeActor$_JavaCompiledCompositeTest1_CompiledCompositeActor.class
-rw-rw-r--   1 travis travis   1625 Jan  3 00:55 JavaCompiledCompositeTest1_CompiledCompositeActor.mk
-rw-rw-r--   1 travis travis   5115 Jan  3 00:55 JavaCompiledCompositeTest2_CompiledCompositeActor.class
-rw-rw-r--   1 travis travis  14919 Jan  3 00:55 JavaCompiledCompositeTest2_CompiledCompositeActor.java
-rw-rw-r--   1 travis travis   1812 Jan  3 00:55 JavaCompiledCompositeTest2_CompiledCompositeActor$_JavaCompiledCompositeTest2_CompiledCompositeActor.class
-rw-rw-r--   1 travis travis   1625 Jan  3 00:55 JavaCompiledCompositeTest2_CompiledCompositeActor.mk
-rw-rw-r--   1 travis travis   4732 Jan  3 00:55 JavaCompiledCompositeTest3_CompiledCompositeActor.class
-rw-rw-r--   1 travis travis  13080 Jan  3 00:55 JavaCompiledCompositeTest3_CompiledCompositeActor.java
-rw-rw-r--   1 travis travis   1397 Jan  3 00:55 JavaCompiledCompositeTest3_CompiledCompositeActor$_JavaCompiledCompositeTest3_CompiledCompositeActor.class
-rw-rw-r--   1 travis travis   1625 Jan  3 00:55 JavaCompiledCompositeTest3_CompiledCompositeActor.mk
-rw-rw-r--   1 travis travis   4183 Jan  3 00:55 JavaCompiledCompositeTest4_CompiledCompositeActor.class
-rw-rw-r--   1 travis travis   9687 Jan  3 00:55 JavaCompiledCompositeTest4_CompiledCompositeActor.java
-rw-rw-r--   1 travis travis    876 Jan  3 00:55 JavaCompiledCompositeTest4_CompiledCompositeActor$_JavaCompiledCompositeTest4_CompiledCompositeActor.class
-rw-rw-r--   1 travis travis   1625 Jan  3 00:55 JavaCompiledCompositeTest4_CompiledCompositeActor.mk
drwxrwxr-x   3 travis travis  12288 Jan  3 00:51 LookupTable
drwxrwxr-x   3 travis travis  20480 Jan  3 00:51 MaxIndex
-rw-rw-r--   1 travis travis   3925 Jan  3 00:55 ModularCG_A1_B1.class
-rw-rw-r--   1 travis travis   9730 Jan  3 00:55 ModularCG_A1_B1.java
-rw-rw-r--   1 travis travis    832 Jan  3 00:55 ModularCG_A1_B1.mk
-rw-rw-r--   1 travis travis   1318 Jan  3 00:55 ModularCG_A1_B1_profile.class
-rw-rw-r--   1 travis travis   1262 Jan  3 00:55 ModularCG_A1_B1_profile.java
-rw-rw-r--   1 travis travis   3925 Jan  3 00:55 ModularCG_A1_B2.class
-rw-rw-r--   1 travis travis   9730 Jan  3 00:55 ModularCG_A1_B2.java
-rw-rw-r--   1 travis travis    832 Jan  3 00:55 ModularCG_A1_B2.mk
-rw-rw-r--   1 travis travis   1318 Jan  3 00:55 ModularCG_A1_B2_profile.class
-rw-rw-r--   1 travis travis   1262 Jan  3 00:55 ModularCG_A1_B2_profile.java
-rw-rw-r--   1 travis travis   5031 Jan  3 00:55 ModularCG_A1.class
-rw-rw-r--   1 travis travis  14742 Jan  3 00:55 ModularCG_A1.java
-rw-rw-r--   1 travis travis    808 Jan  3 00:55 ModularCG_A1.mk
-rw-rw-r--   1 travis travis   1433 Jan  3 00:55 ModularCG_A1_profile.class
-rw-rw-r--   1 travis travis   1704 Jan  3 00:55 ModularCG_A1_profile.java
-rw-rw-r--   1 travis travis   4059 Jan  3 00:55 ModularCG_A2_B1.class
-rw-rw-r--   1 travis travis  10667 Jan  3 00:55 ModularCG_A2_B1.java
-rw-rw-r--   1 travis travis    832 Jan  3 00:55 ModularCG_A2_B1.mk
-rw-rw-r--   1 travis travis   1381 Jan  3 00:55 ModularCG_A2_B1_profile.class
-rw-rw-r--   1 travis travis   1446 Jan  3 00:55 ModularCG_A2_B1_profile.java
-rw-rw-r--   1 travis travis   3925 Jan  3 00:55 ModularCG_A2_B2.class
-rw-rw-r--   1 travis travis   9730 Jan  3 00:55 ModularCG_A2_B2.java
-rw-rw-r--   1 travis travis    832 Jan  3 00:55 ModularCG_A2_B2.mk
-rw-rw-r--   1 travis travis   1318 Jan  3 00:55 ModularCG_A2_B2_profile.class
-rw-rw-r--   1 travis travis   1262 Jan  3 00:55 ModularCG_A2_B2_profile.java
-rw-rw-r--   1 travis travis   5102 Jan  3 00:56 ModularCG_A2.class
-rw-rw-r--   1 travis travis  15129 Jan  3 00:56 ModularCG_A2.java
-rw-rw-r--   1 travis travis    808 Jan  3 00:56 ModularCG_A2.mk
-rw-rw-r--   1 travis travis   1433 Jan  3 00:56 ModularCG_A2_profile.class
-rw-rw-r--   1 travis travis   1704 Jan  3 00:55 ModularCG_A2_profile.java
-rw-rw-r--   1 travis travis   3705 Jan  3 00:56 ModularCGPubSub_A1_A2.class
-rw-rw-r--   1 travis travis   9076 Jan  3 00:56 ModularCGPubSub_A1_A2.java
-rw-rw-r--   1 travis travis    880 Jan  3 00:56 ModularCGPubSub_A1_A2.mk
-rw-rw-r--   1 travis travis   1300 Jan  3 00:56 ModularCGPubSub_A1_A2_profile.class
-rw-rw-r--   1 travis travis   1222 Jan  3 00:56 ModularCGPubSub_A1_A2_profile.java
-rw-rw-r--   1 travis travis   4022 Jan  3 00:56 ModularCGPubSub_A1.class
-rw-rw-r--   1 travis travis   9836 Jan  3 00:56 ModularCGPubSub_A1.java
-rw-rw-r--   1 travis travis    856 Jan  3 00:56 ModularCGPubSub_A1.mk
-rw-rw-r--   1 travis travis   1346 Jan  3 00:56 ModularCGPubSub_A1_profile.class
-rw-rw-r--   1 travis travis   1388 Jan  3 00:56 ModularCGPubSub_A1_profile.java
-rw-rw-r--   1 travis travis   4220 Jan  3 00:56 ModularCodeGen2_ModularCodeGenTypedCompositeActor.class
-rw-rw-r--   1 travis travis  11690 Jan  3 00:56 ModularCodeGen2_ModularCodeGenTypedCompositeActor.java
-rw-rw-r--   1 travis travis   1104 Jan  3 00:56 ModularCodeGen2_ModularCodeGenTypedCompositeActor.mk
-rw-rw-r--   1 travis travis   4504 Jan  3 00:56 ModularCodeGen2_ModularCodeGenTypedCompositeActor_ModularCodeGenTypedCompositeActor.class
-rw-rw-r--   1 travis travis  11790 Jan  3 00:56 ModularCodeGen2_ModularCodeGenTypedCompositeActor_ModularCodeGenTypedCompositeActor.java
-rw-rw-r--   1 travis travis   1376 Jan  3 00:56 ModularCodeGen2_ModularCodeGenTypedCompositeActor_ModularCodeGenTypedCompositeActor.mk
-rw-rw-r--   1 travis travis   1421 Jan  3 00:56 ModularCodeGen2_ModularCodeGenTypedCompositeActor_ModularCodeGenTypedCompositeActor_profile.class
-rw-rw-r--   1 travis travis   1294 Jan  3 00:56 ModularCodeGen2_ModularCodeGenTypedCompositeActor_ModularCodeGenTypedCompositeActor_profile.java
-rw-rw-r--   1 travis travis    820 Jan  3 00:56 ModularCodeGen2_ModularCodeGenTypedCompositeActor_profile.class
-rw-rw-r--   1 travis travis    693 Jan  3 00:56 ModularCodeGen2_ModularCodeGenTypedCompositeActor_profile.java
-rw-rw-r--   1 travis travis   3973 Jan  3 00:56 ModularCodeGen3_A1_B1.class
-rw-rw-r--   1 travis travis   9958 Jan  3 00:56 ModularCodeGen3_A1_B1.java
-rw-rw-r--   1 travis travis    880 Jan  3 00:56 ModularCodeGen3_A1_B1.mk
-rw-rw-r--   1 travis travis   1330 Jan  3 00:56 ModularCodeGen3_A1_B1_profile.class
-rw-rw-r--   1 travis travis   1274 Jan  3 00:56 ModularCodeGen3_A1_B1_profile.java
-rw-rw-r--   1 travis travis   3973 Jan  3 00:56 ModularCodeGen3_A1_B2.class
-rw-rw-r--   1 travis travis   9958 Jan  3 00:56 ModularCodeGen3_A1_B2.java
-rw-rw-r--   1 travis travis    880 Jan  3 00:56 ModularCodeGen3_A1_B2.mk
-rw-rw-r--   1 travis travis   1330 Jan  3 00:56 ModularCodeGen3_A1_B2_profile.class
-rw-rw-r--   1 travis travis   1274 Jan  3 00:56 ModularCodeGen3_A1_B2_profile.java
-rw-rw-r--   1 travis travis   5193 Jan  3 00:56 ModularCodeGen3_A1.class
-rw-rw-r--   1 travis travis  15564 Jan  3 00:56 ModularCodeGen3_A1.java
-rw-rw-r--   1 travis travis    856 Jan  3 00:56 ModularCodeGen3_A1.mk
-rw-rw-r--   1 travis travis   1445 Jan  3 00:56 ModularCodeGen3_A1_profile.class
-rw-rw-r--   1 travis travis   1716 Jan  3 00:56 ModularCodeGen3_A1_profile.java
-rw-rw-r--   1 travis travis   4119 Jan  3 00:56 ModularCodeGen3_A2_B1.class
-rw-rw-r--   1 travis travis  10955 Jan  3 00:56 ModularCodeGen3_A2_B1.java
-rw-rw-r--   1 travis travis    880 Jan  3 00:56 ModularCodeGen3_A2_B1.mk
-rw-rw-r--   1 travis travis   1393 Jan  3 00:56 ModularCodeGen3_A2_B1_profile.class
-rw-rw-r--   1 travis travis   1458 Jan  3 00:56 ModularCodeGen3_A2_B1_profile.java
-rw-rw-r--   1 travis travis   3973 Jan  3 00:56 ModularCodeGen3_A2_B2.class
-rw-rw-r--   1 travis travis   9958 Jan  3 00:56 ModularCodeGen3_A2_B2.java
-rw-rw-r--   1 travis travis    880 Jan  3 00:56 ModularCodeGen3_A2_B2.mk
-rw-rw-r--   1 travis travis   1330 Jan  3 00:56 ModularCodeGen3_A2_B2_profile.class
-rw-rw-r--   1 travis travis   1274 Jan  3 00:56 ModularCodeGen3_A2_B2_profile.java
-rw-rw-r--   1 travis travis   5270 Jan  3 00:56 ModularCodeGen3_A2.class
-rw-rw-r--   1 travis travis  15957 Jan  3 00:56 ModularCodeGen3_A2.java
-rw-rw-r--   1 travis travis    856 Jan  3 00:56 ModularCodeGen3_A2.mk
-rw-rw-r--   1 travis travis   1445 Jan  3 00:56 ModularCodeGen3_A2_profile.class
-rw-rw-r--   1 travis travis   1716 Jan  3 00:56 ModularCodeGen3_A2_profile.java
-rw-rw-r--   1 travis travis   4026 Jan  3 00:56 ModularCodeGen4_A1_B1.class
-rw-rw-r--   1 travis travis  10312 Jan  3 00:56 ModularCodeGen4_A1_B1.java
-rw-rw-r--   1 travis travis    880 Jan  3 00:56 ModularCodeGen4_A1_B1.mk
-rw-rw-r--   1 travis travis   1330 Jan  3 00:56 ModularCodeGen4_A1_B1_profile.class
-rw-rw-r--   1 travis travis   1273 Jan  3 00:56 ModularCodeGen4_A1_B1_profile.java
-rw-rw-r--   1 travis travis   4026 Jan  3 00:56 ModularCodeGen4_A1_B2.class
-rw-rw-r--   1 travis travis  10312 Jan  3 00:56 ModularCodeGen4_A1_B2.java
-rw-rw-r--   1 travis travis    880 Jan  3 00:56 ModularCodeGen4_A1_B2.mk
-rw-rw-r--   1 travis travis   1330 Jan  3 00:56 ModularCodeGen4_A1_B2_profile.class
-rw-rw-r--   1 travis travis   1273 Jan  3 00:56 ModularCodeGen4_A1_B2_profile.java
-rw-rw-r--   1 travis travis   5333 Jan  3 00:56 ModularCodeGen4_A1.class
-rw-rw-r--   1 travis travis  16245 Jan  3 00:56 ModularCodeGen4_A1.java
-rw-rw-r--   1 travis travis    856 Jan  3 00:56 ModularCodeGen4_A1.mk
-rw-rw-r--   1 travis travis   1445 Jan  3 00:56 ModularCodeGen4_A1_profile.class
-rw-rw-r--   1 travis travis   1712 Jan  3 00:56 ModularCodeGen4_A1_profile.java
-rw-rw-r--   1 travis travis   4220 Jan  3 00:56 ModularCodeGen4_A2_B1.class
-rw-rw-r--   1 travis travis  11375 Jan  3 00:56 ModularCodeGen4_A2_B1.java
-rw-rw-r--   1 travis travis    880 Jan  3 00:56 ModularCodeGen4_A2_B1.mk
-rw-rw-r--   1 travis travis   1393 Jan  3 00:56 ModularCodeGen4_A2_B1_profile.class
-rw-rw-r--   1 travis travis   1454 Jan  3 00:56 ModularCodeGen4_A2_B1_profile.java
-rw-rw-r--   1 travis travis   4074 Jan  3 00:56 ModularCodeGen4_A2_B2.class
-rw-rw-r--   1 travis travis  10378 Jan  3 00:56 ModularCodeGen4_A2_B2.java
-rw-rw-r--   1 travis travis    880 Jan  3 00:56 ModularCodeGen4_A2_B2.mk
-rw-rw-r--   1 travis travis   1330 Jan  3 00:56 ModularCodeGen4_A2_B2_profile.class
-rw-rw-r--   1 travis travis   1270 Jan  3 00:56 ModularCodeGen4_A2_B2_profile.java
-rw-rw-r--   1 travis travis   5506 Jan  3 00:56 ModularCodeGen4_A2.class
-rw-rw-r--   1 travis travis  16770 Jan  3 00:56 ModularCodeGen4_A2.java
-rw-rw-r--   1 travis travis    856 Jan  3 00:56 ModularCodeGen4_A2.mk
-rw-rw-r--   1 travis travis   1445 Jan  3 00:56 ModularCodeGen4_A2_profile.class
-rw-rw-r--   1 travis travis   1712 Jan  3 00:56 ModularCodeGen4_A2_profile.java
-rw-rw-r--   1 travis travis   7070 Jan  3 00:56 ModularCodeGen5_A_A.class
-rw-rw-r--   1 travis travis  28721 Jan  3 00:56 ModularCodeGen5_A_A.java
-rw-rw-r--   1 travis travis    864 Jan  3 00:56 ModularCodeGen5_A_A.mk
-rw-rw-r--   1 travis travis   1520 Jan  3 00:56 ModularCodeGen5_A_A_profile.class
-rw-rw-r--   1 travis travis   1815 Jan  3 00:56 ModularCodeGen5_A_A_profile.java
-rw-rw-r--   1 travis travis   5347 Jan  3 00:56 ModularCodeGen5_A.class
-rw-rw-r--   1 travis travis  13769 Jan  3 00:56 ModularCodeGen5_A.java
-rw-rw-r--   1 travis travis    848 Jan  3 00:56 ModularCodeGen5_A.mk
-rw-rw-r--   1 travis travis   1422 Jan  3 00:56 ModularCodeGen5_A_profile.class
-rw-rw-r--   1 travis travis   1605 Jan  3 00:56 ModularCodeGen5_A_profile.java
-rw-rw-r--   1 travis travis   4357 Jan  3 00:56 ModularCodeGen6_A_A2.class
-rw-rw-r--   1 travis travis  11329 Jan  3 00:56 ModularCodeGen6_A_A2.java
-rw-rw-r--   1 travis travis    872 Jan  3 00:56 ModularCodeGen6_A_A2.mk
-rw-rw-r--   1 travis travis   1351 Jan  3 00:56 ModularCodeGen6_A_A2_profile.class
-rw-rw-r--   1 travis travis   1364 Jan  3 00:56 ModularCodeGen6_A_A2_profile.java
-rw-rw-r--   1 travis travis   4340 Jan  3 00:56 ModularCodeGen6_A_A.class
-rw-rw-r--   1 travis travis  11221 Jan  3 00:56 ModularCodeGen6_A_A.java
-rw-rw-r--   1 travis travis    864 Jan  3 00:56 ModularCodeGen6_A_A.mk
-rw-rw-r--   1 travis travis   1348 Jan  3 00:56 ModularCodeGen6_A_A_profile.class
-rw-rw-r--   1 travis travis   1361 Jan  3 00:56 ModularCodeGen6_A_A_profile.java
-rw-rw-r--   1 travis travis   1810 Jan  3 00:56 ModularCodeGen6_A_profile.java
-rw-rw-r--   1 travis travis   4186 Jan  3 00:56 ModularCodeGen_ModularCodeGenTypedCompositeActor.class
-rw-rw-r--   1 travis travis  10970 Jan  3 00:56 ModularCodeGen_ModularCodeGenTypedCompositeActor.java
-rw-rw-r--   1 travis travis   1096 Jan  3 00:56 ModularCodeGen_ModularCodeGenTypedCompositeActor.mk
-rw-rw-r--   1 travis travis   1384 Jan  3 00:56 ModularCodeGen_ModularCodeGenTypedCompositeActor_profile.class
-rw-rw-r--   1 travis travis   1328 Jan  3 00:56 ModularCodeGen_ModularCodeGenTypedCompositeActor_profile.java
-rw-rw-r--   1 travis travis   3724 Jan  3 00:55 ModularCodeGenTest_A1_A2.class
-rw-rw-r--   1 travis travis   9164 Jan  3 00:55 ModularCodeGenTest_A1_A2.java
-rw-rw-r--   1 travis travis   1306 Jan  3 00:55 ModularCodeGenTest_A1_A2_profile.class
-rw-rw-r--   1 travis travis   4055 Jan  3 00:55 ModularCodeGenTest_A1.class
-rw-rw-r--   1 travis travis   9968 Jan  3 00:55 ModularCodeGenTest_A1.java
-rw-rw-r--   1 travis travis    880 Jan  3 00:55 ModularCodeGenTest_A1.mk
-rw-rw-r--   1 travis travis   1352 Jan  3 00:55 ModularCodeGenTest_A1_profile.class
-rw-rw-r--   1 travis travis   1394 Jan  3 00:55 ModularCodeGenTest_A1_profile.java
drwxrwxr-x   3 travis travis  32768 Jan  3 00:55 modulation2
drwxrwxr-x 116 travis travis  12288 Jan  3 00:55 node_modules
drwxrwxr-x   3 travis travis  20480 Jan  3 00:51 PhaseUnwrap
drwxrwxr-x   3 travis travis  12288 Jan  3 00:51 ReadFile1
-rw-rw-r--   1 travis travis     11 Jan  3 00:51 ReadFile1Output.txt
-rw-rw-r--   1 travis travis  13773 Jan  3 00:55 Repeat.class
-rw-rw-r--   1 travis travis    685 Jan  3 00:55 Repeat$_fireFunction_Repeat_Repeat$__f_sL_11.class
-rw-rw-r--   1 travis travis    541 Jan  3 00:55 Repeat$_fireFunction_Repeat_Repeat$__f_sL_12.class
-rw-rw-r--   1 travis travis    541 Jan  3 00:55 Repeat$_fireFunction_Repeat_Repeat$__f_sL_13.class
-rw-rw-r--   1 travis travis    541 Jan  3 00:55 Repeat$_fireFunction_Repeat_Repeat$__f_sL_14.class
-rw-rw-r--   1 travis travis    684 Jan  3 00:55 Repeat$_fireFunction_Repeat_Repeat$__f_sL_1.class
-rw-rw-r--   1 travis travis    683 Jan  3 00:55 Repeat$_fireFunction_Repeat_Repeat$__f_sL_4.class
-rw-rw-r--   1 travis travis    539 Jan  3 00:55 Repeat$_fireFunction_Repeat_Repeat$__f_sL_9.class
-rw-rw-r--   1 travis travis    494 Jan  3 00:55 Repeat$_initialize_Repeat$__i_sL_2.class
-rw-rw-r--   1 travis travis   1281 Jan  3 00:55 Repeat.mk
-rw-rw-r--   1 travis travis    539 Jan  3 00:55 Repeat$_preinitializeMethod_Repeat$__p_sL_0.class
-rw-rw-r--   1 travis travis   1102 Jan  3 00:55 Repeat$_Repeat$_fireFunction_Repeat_AddSubtract_Repeat.class
-rw-rw-r--   1 travis travis    810 Jan  3 00:55 Repeat$_Repeat$_fireFunction_Repeat_AddSubtract_Repeat$__f_sL_0.class
-rw-rw-r--   1 travis travis    928 Jan  3 00:55 Repeat$_Repeat$_fireFunction_Repeat_AddSubtract_Repeat$__f_sL_1.class
-rw-rw-r--   1 travis travis    934 Jan  3 00:55 Repeat$_Repeat$_fireFunction_Repeat_AddSubtract_Repeat$__f_sL_2.class
-rw-rw-r--   1 travis travis    862 Jan  3 00:55 Repeat$_Repeat$_fireFunction_Repeat_AddSubtract_Repeat$__f_sL_3.class
-rw-rw-r--   1 travis travis    757 Jan  3 00:55 Repeat$_Repeat$_fireFunction_Repeat_Ramp2_Repeat$__f_sL_0.class
-rw-rw-r--   1 travis travis    888 Jan  3 00:55 Repeat$_Repeat$_fireFunction_Repeat_Test_Repeat$__f_sL_0.class
-rw-rw-r--   1 travis travis    634 Jan  3 00:55 Repeat$_Repeat$_fireFunction_Repeat_Test_Repeat$__f_sL_1.class
-rw-rw-r--   1 travis travis    704 Jan  3 00:55 Repeat$_Repeat_SDF_Director_run_Repeat$__R_sL_0.class
-rw-rw-r--   1 travis travis    705 Jan  3 00:55 Repeat$_Repeat_SDF_Director_run_Repeat$__R_sL_11.class
-rw-rw-r--   1 travis travis    561 Jan  3 00:55 Repeat$_Repeat_SDF_Director_run_Repeat$__R_sL_13.class
-rw-rw-r--   1 travis travis    559 Jan  3 00:55 Repeat$_Repeat_SDF_Director_run_Repeat$__R_sL_2.class
-rw-rw-r--   1 travis travis    703 Jan  3 00:55 Repeat$_Repeat_SDF_Director_run_Repeat$__R_sL_3.class
-rw-rw-r--   1 travis travis    559 Jan  3 00:55 Repeat$_Repeat_SDF_Director_run_Repeat$__R_sL_5.class
-rw-rw-r--   1 travis travis    559 Jan  3 00:55 Repeat$_Repeat_SDF_Director_run_Repeat$__R_sL_8.class
drwxrwxr-x   2 travis travis   4096 Jan  3 00:55 RepeatVariables
-rw-rw-r--   1 travis travis    882 Jan  3 00:55 Repeat$_varinit_Repeat.class
-rw-rw-r--   1 travis travis    550 Jan  3 00:55 Repeat$_varinit_Repeat$__v_sL_2.class
-rw-rw-r--   1 travis travis    924 Jan  3 00:55 Repeat$_varinit_Repeat$__v_sL_4.class
-rw-rw-r--   1 travis travis    978 Jan  3 00:55 Repeat$_wrapup_Repeat$__w_sL_1.class
drwxrwxr-x   3 travis travis  20480 Jan  3 00:52 Sinewave
drwxrwxr-x   3 travis travis  32768 Jan  3 00:53 StringFunction
drwxrwxr-x   3 travis travis  12288 Jan  3 00:53 StringLength
drwxrwxr-x   3 travis travis  61440 Jan  3 00:53 StringMatches2
drwxrwxr-x   3 travis travis  61440 Jan  3 00:54 StringSimpleReplace
drwxrwxr-x   3 travis travis  65536 Jan  3 00:54 StringSubstring
drwxrwxr-x   3 travis travis  24576 Jan  3 00:54 StringSubstring2
drwxrwxr-x   3 travis travis  16384 Jan  3 00:54 time1
drwxrwxr-x   3 travis travis  12288 Jan  3 00:55 time5
-rw-rw-r--   1 travis travis    432 Jan  3 00:56 Token.class
-rw-rw-r--   1 travis travis    251 Jan  3 00:56 Token.java
-rwxrwxr-x   1 travis travis 466992 Jan  3 00:49 top
-rw-rw-r--   1 travis travis  20502 Jan  3 00:49 top.c
-rw-rw-r--   1 travis travis   3799 Jan  3 00:55 top.class
-rw-rw-r--   1 travis travis   1257 Jan  3 00:55 top.mk
In "/home/travis/cg", about to execute:
    javac -classpath
.:/home/travis/build/icyphy/ptII:/home/travis/build/icyphy/ptII/lib/bsh-2.0b4.j
ar:/home/travis/build/icyphy/ptII/lib/ptCal.jar:/home/travis/build/icyphy/ptII/
lib/java_cup.jar:/home/travis/build/icyphy/ptII/lib/saxon8.jar:/home/travis/bui
ld/icyphy/ptII/lib/saxon8-dom.jar:/home/travis/build/icyphy/ptII/lib/chic.jar:/
home/travis/build/icyphy/ptII/lib/ptcolt.jar:/home/travis/build/icyphy/ptII/ven
dors/misc/itext/iText.jar:/home/travis/build/icyphy/ptII/lib/g4ltl.jar:/home/tr
avis/build/icyphy/ptII/lib/StructuralCoder.jar:/home/travis/build/icyphy/ptII/l
ib/jcerti.jar:/home/travis/build/icyphy/ptII/lib/javax.mail.jar:/home/travis/bu
ild/icyphy/ptII/vendors/JMF-2.1.1e/lib/jmf.jar:/home/travis/build/icyphy/ptII/l
ib/jna-4.0.0-variadic.jar:/home/travis/build/icyphy/ptII/vendors/misc/joystick/
Joystick.jar:/home/travis/build/icyphy/ptII/lib/ptjacl.jar:/home/travis/build/i
cyphy/ptII/lib/jsoup-1.8.2.jar:/home/travis/build/icyphy/ptII/lib/junit-4.8.2.j
ar:/home/travis/build/icyphy/ptII/lib/JUnitParams-0.4.0.jar:/home/travis/build/
icyphy/ptII/ptolemy/actor/lib/excel/jxl.jar:/home/travis/build/icyphy/ptII/lib/
jython.jar:/home/travis/build/icyphy/ptII/lib/kieler.jar:/home/travis/build/icy
phy/ptII/vendors/opencv/share/OpenCV/java/opencv-341.jar:/home/travis/build/icy
phy/ptII/lib/oscP5.jar:/home/travis/build/icyphy/ptII/lib/nrjavaserial-3.11.0.d
evel.jar:/home/travis/build/icyphy/ptII/vendors/j3d/lib/Linux/j3dcore.jar:/home
/travis/build/icyphy/ptII/vendors/j3d/lib/Linux/j3dutils.jar:/home/travis/build
/icyphy/ptII/vendors/j3d/lib/Linux/vecmath.jar:/home/travis/build/icyphy/ptII/v
endors/jogl/lib/Linux/gluegen-rt-natives-linux-amd64.jar:/home/travis/build/icy
phy/ptII/vendors/jogl/lib/Linux/gluegen-rt.jar:/home/travis/build/icyphy/ptII/v
endors/jogl/lib/Linux/jogl-all-natives-linux-amd64.jar:/home/travis/build/icyph
y/ptII/vendors/jogl/lib/Linux/jogl-all.jar:/home/travis/build/icyphy/ptII/ptole
my/distributed/jini/jar/jini-core.jar:/home/travis/build/icyphy/ptII/ptolemy/di
stributed/jini/jar/jini-ext.jar:/home/travis/build/icyphy/ptII/ptolemy/distribu
ted/jini/jar/sun-util.jar:/home/travis/build/icyphy/ptII/lib/protobuf-java-2.4.
1.jar:/home/travis/build/icyphy/ptII/lib/org.eclipse.paho.client.mqttv3.jar:/ho
me/travis/build/icyphy/ptII/lib/mapss.jar:/home/travis/build/icyphy/ptII/ptolem
y/actor/ptalon/antlr/antlr.jar:/home/travis/build/icyphy/ptII/lib/JRI.jar:/home
/travis/build/icyphy/ptII/lib/commons-lang-2.6.jar:/home/travis/build/icyphy/pt
II/lib/commons-logging-1.1.1.jar:/home/travis/build/icyphy/ptII/lib/sootclasses
.jar:/home/travis/build/icyphy/ptII/ptolemy/actor/lib/database/mysql-connector-
java-5.1.6-bin.jar:/home/travis/build/icyphy/ptII/vendors/misc/sphinx4/sphinx4-
data-5prealpha.jar:/home/travis/build/icyphy/ptII/vendors/misc/sphinx4/sphinx4-
core-5prealpha.jar:/home/travis/build/icyphy/ptII/lib/PDFRenderer.jar:/home/tra
vis/build/icyphy/ptII/lib/svgSalamander.jar:/home/travis/build/icyphy/ptII/lib/
rsyntaxtextarea-2.6.0-SNAPSHOT.jar:/home/travis/build/icyphy/ptII/lib/hazelcast
-3.8.2.jar:/home/travis/build/icyphy/ptII/lib/jackson-annotations-2.9.0.jar:/ho
me/travis/build/icyphy/ptII/lib/jackson-core-2.9.3.jar:/home/travis/build/icyph
y/ptII/lib/jackson-databind-2.9.3.jar:/home/travis/build/icyphy/ptII/lib/netty-
buffer-4.1.19.Final.jar:/home/travis/build/icyphy/ptII/lib/netty-codec-4.1.19.F
inal.jar:/home/travis/build/icyphy/ptII/lib/netty-codec-dns-4.1.19.Final.jar:/h
ome/travis/build/icyphy/ptII/lib/netty-codec-http-4.1.19.Final.jar:/home/travis
/build/icyphy/ptII/lib/netty-codec-http2-4.1.19.Final.jar:/home/travis/build/ic
yphy/ptII/lib/netty-common-4.1.19.Final.jar:/home/travis/build/icyphy/ptII/lib/
netty-handler-4.1.19.Final.jar:/home/travis/build/icyphy/ptII/lib/netty-resolve
r-4.1.19.Final.jar:/home/travis/build/icyphy/ptII/lib/netty-resolver-dns-4.1.19
.Final.jar:/home/travis/build/icyphy/ptII/lib/netty-transport-4.1.19.Final.jar:
/home/travis/build/icyphy/ptII/lib/vertx-codegen-3.5.1.jar:/home/travis/build/i
cyphy/ptII/lib/vertx-core-3.5.2-SNAPSHOT.jar:/home/travis/build/icyphy/ptII/lib
/vertx-hazelcast-3.5.1.jar:/home/travis/build/icyphy/ptII/lib/vertx-lang-js-3.5
.1.jar:/home/travis/build/icyphy/ptII/lib/vertx-service-proxy-3.5.1.jar:/home/t
ravis/build/icyphy/ptII/lib/vertx-web-3.5.1.jar:/home/travis/build/icyphy/ptII/
lib/slf4j-api-1.7.13.jar:/home/travis/build/icyphy/ptII/lib/slf4j-simple-1.7.13
.jar:/home/travis/build/icyphy/ptII/lib/webcam-capture-0.3.12.jar:/home/travis/
build/icyphy/ptII/lib/bridj-0.7.0.jar:/home/travis/build/icyphy/ptII/lib/xbjlib
-1.1.0.nrjavaserial.jar:/home/travis/build/icyphy/ptII/ptolemy/moml/test:/home/
travis/build/icyphy/ptII/ant/lib/ant-launcher.jar:/home/travis/build/icyphy/ptI
I/ant/lib/ant.jar:/home/travis/build/icyphy/ptII/ant/lib/ant-junit.jar:/home/tr
avis/build/icyphy/ptII/ant/lib/ant-junit4.jar:/home/travis/build/icyphy/ptII
ModularCodeGen6_A_profile.java
All Done
Writing ModularCodeGen6_A.java in file:/home/travis/cg/ (26535 characters)
Reading "ptolemy/cg/kernel/generic/program/procedural/java/modular/makefile.in",
    writing "/home/travis/cg/ModularCodeGen6_A.mk"
Using ptolemy/cg/kernel/generic/program/procedural/java/modular/makefile.in
In "/home/travis/cg", about to execute:
    make -f ModularCodeGen6_A.mk
javac -classpath ".:.."    ModularCodeGen6_A.java
All Done
7732 ms. Memory: 129024K Free: 75992K (59%)
----------------- Invoking toplevel() on ptolemy.moml.MoMLSimpleApplication@46609384
----------------- Done invoking toplevel() on ptolemy.moml.MoMLSimpleApplication@46609384
reloadAllAccessors: .ModularCodeGen6

===========================================================================================
----------------- testing Fri Jan 03 00:56:58 UTC 2020 /home/travis/build/icyphy/ptII/ptolemy/cg/lib/test/auto/ModularCodeGenLazyPubSub.xml
----------------- Instantiating /home/travis/build/icyphy/ptII/ptolemy/cg/lib/test/auto/ModularCodeGenLazyPubSub.xml
In "/home/travis/cg", about to execute:
    pwd
In "/home/travis/cg", about to execute:
    ls -l
/home/travis/cg
total 2312
drwxrwxr-x   3 travis travis  12288 Jan  3 00:50 AbsoluteValue
drwxrwxr-x   3 travis travis 102400 Jan  3 00:49 AllColt
drwxrwxr-x   3 travis travis  12288 Jan  3 00:50 Case1
-rw-rw-r--   1 travis travis   5128 Jan  3 00:55 CompiledCompositeActor_CompiledCompositeActor.class
-rw-rw-r--   1 travis travis   1611 Jan  3 00:55 CompiledCompositeActor_CompiledCompositeActor$_CompiledCompositeActor_CompiledCompositeActor.class
-rw-rw-r--   1 travis travis  13466 Jan  3 00:55 CompiledCompositeActor_CompiledCompositeActor.java
-rw-rw-r--   1 travis travis   1593 Jan  3 00:55 CompiledCompositeActor_CompiledCompositeActor.mk
drwxrwxr-x   5 travis travis   4096 Jan  3 00:49 fmi
drwxrwxr-x   3 travis travis  16384 Jan  3 00:50 Gaussian2
-rw-rw-r--   1 travis travis   4684 Jan  3 00:55 JavaCompiledCompositeTest1_CompiledCompositeActor.class
-rw-rw-r--   1 travis travis  11637 Jan  3 00:55 JavaCompiledCompositeTest1_CompiledCompositeActor.java
-rw-rw-r--   1 travis travis   1217 Jan  3 00:55 JavaCompiledCompositeTest1_CompiledCompositeActor$_JavaCompiledCompositeTest1_CompiledCompositeActor.class
-rw-rw-r--   1 travis travis   1625 Jan  3 00:55 JavaCompiledCompositeTest1_CompiledCompositeActor.mk
-rw-rw-r--   1 travis travis   5115 Jan  3 00:55 JavaCompiledCompositeTest2_CompiledCompositeActor.class
-rw-rw-r--   1 travis travis  14919 Jan  3 00:55 JavaCompiledCompositeTest2_CompiledCompositeActor.java
-rw-rw-r--   1 travis travis   1812 Jan  3 00:55 JavaCompiledCompositeTest2_CompiledCompositeActor$_JavaCompiledCompositeTest2_CompiledCompositeActor.class
-rw-rw-r--   1 travis travis   1625 Jan  3 00:55 JavaCompiledCompositeTest2_CompiledCompositeActor.mk
-rw-rw-r--   1 travis travis   4732 Jan  3 00:55 JavaCompiledCompositeTest3_CompiledCompositeActor.class
-rw-rw-r--   1 travis travis  13080 Jan  3 00:55 JavaCompiledCompositeTest3_CompiledCompositeActor.java
-rw-rw-r--   1 travis travis   1397 Jan  3 00:55 JavaCompiledCompositeTest3_CompiledCompositeActor$_JavaCompiledCompositeTest3_CompiledCompositeActor.class
-rw-rw-r--   1 travis travis   1625 Jan  3 00:55 JavaCompiledCompositeTest3_CompiledCompositeActor.mk
-rw-rw-r--   1 travis travis   4183 Jan  3 00:55 JavaCompiledCompositeTest4_CompiledCompositeActor.class
-rw-rw-r--   1 travis travis   9687 Jan  3 00:55 JavaCompiledCompositeTest4_CompiledCompositeActor.java
-rw-rw-r--   1 travis travis    876 Jan  3 00:55 JavaCompiledCompositeTest4_CompiledCompositeActor$_JavaCompiledCompositeTest4_CompiledCompositeActor.class
-rw-rw-r--   1 travis travis   1625 Jan  3 00:55 JavaCompiledCompositeTest4_CompiledCompositeActor.mk
drwxrwxr-x   3 travis travis  12288 Jan  3 00:51 LookupTable
drwxrwxr-x   3 travis travis  20480 Jan  3 00:51 MaxIndex
-rw-rw-r--   1 travis travis   3925 Jan  3 00:55 ModularCG_A1_B1.class
-rw-rw-r--   1 travis travis   9730 Jan  3 00:55 ModularCG_A1_B1.java
-rw-rw-r--   1 travis travis    832 Jan  3 00:55 ModularCG_A1_B1.mk
-rw-rw-r--   1 travis travis   1318 Jan  3 00:55 ModularCG_A1_B1_profile.class
-rw-rw-r--   1 travis travis   1262 Jan  3 00:55 ModularCG_A1_B1_profile.java
-rw-rw-r--   1 travis travis   3925 Jan  3 00:55 ModularCG_A1_B2.class
-rw-rw-r--   1 travis travis   9730 Jan  3 00:55 ModularCG_A1_B2.java
-rw-rw-r--   1 travis travis    832 Jan  3 00:55 ModularCG_A1_B2.mk
-rw-rw-r--   1 travis travis   1318 Jan  3 00:55 ModularCG_A1_B2_profile.class
-rw-rw-r--   1 travis travis   1262 Jan  3 00:55 ModularCG_A1_B2_profile.java
-rw-rw-r--   1 travis travis   5031 Jan  3 00:55 ModularCG_A1.class
-rw-rw-r--   1 travis travis  14742 Jan  3 00:55 ModularCG_A1.java
-rw-rw-r--   1 travis travis    808 Jan  3 00:55 ModularCG_A1.mk
-rw-rw-r--   1 travis travis   1433 Jan  3 00:55 ModularCG_A1_profile.class
-rw-rw-r--   1 travis travis   1704 Jan  3 00:55 ModularCG_A1_profile.java
-rw-rw-r--   1 travis travis   4059 Jan  3 00:55 ModularCG_A2_B1.class
-rw-rw-r--   1 travis travis  10667 Jan  3 00:55 ModularCG_A2_B1.java
-rw-rw-r--   1 travis travis    832 Jan  3 00:55 ModularCG_A2_B1.mk
-rw-rw-r--   1 travis travis   1381 Jan  3 00:55 ModularCG_A2_B1_profile.class
-rw-rw-r--   1 travis travis   1446 Jan  3 00:55 ModularCG_A2_B1_profile.java
-rw-rw-r--   1 travis travis   3925 Jan  3 00:55 ModularCG_A2_B2.class
-rw-rw-r--   1 travis travis   9730 Jan  3 00:55 ModularCG_A2_B2.java
-rw-rw-r--   1 travis travis    832 Jan  3 00:55 ModularCG_A2_B2.mk
-rw-rw-r--   1 travis travis   1318 Jan  3 00:55 ModularCG_A2_B2_profile.class
-rw-rw-r--   1 travis travis   1262 Jan  3 00:55 ModularCG_A2_B2_profile.java
-rw-rw-r--   1 travis travis   5102 Jan  3 00:56 ModularCG_A2.class
-rw-rw-r--   1 travis travis  15129 Jan  3 00:56 ModularCG_A2.java
-rw-rw-r--   1 travis travis    808 Jan  3 00:56 ModularCG_A2.mk
-rw-rw-r--   1 travis travis   1433 Jan  3 00:56 ModularCG_A2_profile.class
-rw-rw-r--   1 travis travis   1704 Jan  3 00:55 ModularCG_A2_profile.java
-rw-rw-r--   1 travis travis   3705 Jan  3 00:56 ModularCGPubSub_A1_A2.class
-rw-rw-r--   1 travis travis   9076 Jan  3 00:56 ModularCGPubSub_A1_A2.java
-rw-rw-r--   1 travis travis    880 Jan  3 00:56 ModularCGPubSub_A1_A2.mk
-rw-rw-r--   1 travis travis   1300 Jan  3 00:56 ModularCGPubSub_A1_A2_profile.class
-rw-rw-r--   1 travis travis   1222 Jan  3 00:56 ModularCGPubSub_A1_A2_profile.java
-rw-rw-r--   1 travis travis   4022 Jan  3 00:56 ModularCGPubSub_A1.class
-rw-rw-r--   1 travis travis   9836 Jan  3 00:56 ModularCGPubSub_A1.java
-rw-rw-r--   1 travis travis    856 Jan  3 00:56 ModularCGPubSub_A1.mk
-rw-rw-r--   1 travis travis   1346 Jan  3 00:56 ModularCGPubSub_A1_profile.class
-rw-rw-r--   1 travis travis   1388 Jan  3 00:56 ModularCGPubSub_A1_profile.java
-rw-rw-r--   1 travis travis   4220 Jan  3 00:56 ModularCodeGen2_ModularCodeGenTypedCompositeActor.class
-rw-rw-r--   1 travis travis  11690 Jan  3 00:56 ModularCodeGen2_ModularCodeGenTypedCompositeActor.java
-rw-rw-r--   1 travis travis   1104 Jan  3 00:56 ModularCodeGen2_ModularCodeGenTypedCompositeActor.mk
-rw-rw-r--   1 travis travis   4504 Jan  3 00:56 ModularCodeGen2_ModularCodeGenTypedCompositeActor_ModularCodeGenTypedCompositeActor.class
-rw-rw-r--   1 travis travis  11790 Jan  3 00:56 ModularCodeGen2_ModularCodeGenTypedCompositeActor_ModularCodeGenTypedCompositeActor.java
-rw-rw-r--   1 travis travis   1376 Jan  3 00:56 ModularCodeGen2_ModularCodeGenTypedCompositeActor_ModularCodeGenTypedCompositeActor.mk
-rw-rw-r--   1 travis travis   1421 Jan  3 00:56 ModularCodeGen2_ModularCodeGenTypedCompositeActor_ModularCodeGenTypedCompositeActor_profile.class
-rw-rw-r--   1 travis travis   1294 Jan  3 00:56 ModularCodeGen2_ModularCodeGenTypedCompositeActor_ModularCodeGenTypedCompositeActor_profile.java
-rw-rw-r--   1 travis travis    820 Jan  3 00:56 ModularCodeGen2_ModularCodeGenTypedCompositeActor_profile.class
-rw-rw-r--   1 travis travis    693 Jan  3 00:56 ModularCodeGen2_ModularCodeGenTypedCompositeActor_profile.java
-rw-rw-r--   1 travis travis   3973 Jan  3 00:56 ModularCodeGen3_A1_B1.class
-rw-rw-r--   1 travis travis   9958 Jan  3 00:56 ModularCodeGen3_A1_B1.java
-rw-rw-r--   1 travis travis    880 Jan  3 00:56 ModularCodeGen3_A1_B1.mk
-rw-rw-r--   1 travis travis   1330 Jan  3 00:56 ModularCodeGen3_A1_B1_profile.class
-rw-rw-r--   1 travis travis   1274 Jan  3 00:56 ModularCodeGen3_A1_B1_profile.java
-rw-rw-r--   1 travis travis   3973 Jan  3 00:56 ModularCodeGen3_A1_B2.class
-rw-rw-r--   1 travis travis   9958 Jan  3 00:56 ModularCodeGen3_A1_B2.java
-rw-rw-r--   1 travis travis    880 Jan  3 00:56 ModularCodeGen3_A1_B2.mk
-rw-rw-r--   1 travis travis   1330 Jan  3 00:56 ModularCodeGen3_A1_B2_profile.class
-rw-rw-r--   1 travis travis   1274 Jan  3 00:56 ModularCodeGen3_A1_B2_profile.java
-rw-rw-r--   1 travis travis   5193 Jan  3 00:56 ModularCodeGen3_A1.class
-rw-rw-r--   1 travis travis  15564 Jan  3 00:56 ModularCodeGen3_A1.java
-rw-rw-r--   1 travis travis    856 Jan  3 00:56 ModularCodeGen3_A1.mk
-rw-rw-r--   1 travis travis   1445 Jan  3 00:56 ModularCodeGen3_A1_profile.class
-rw-rw-r--   1 travis travis   1716 Jan  3 00:56 ModularCodeGen3_A1_profile.java
-rw-rw-r--   1 travis travis   4119 Jan  3 00:56 ModularCodeGen3_A2_B1.class
-rw-rw-r--   1 travis travis  10955 Jan  3 00:56 ModularCodeGen3_A2_B1.java
-rw-rw-r--   1 travis travis    880 Jan  3 00:56 ModularCodeGen3_A2_B1.mk
-rw-rw-r--   1 travis travis   1393 Jan  3 00:56 ModularCodeGen3_A2_B1_profile.class
-rw-rw-r--   1 travis travis   1458 Jan  3 00:56 ModularCodeGen3_A2_B1_profile.java
-rw-rw-r--   1 travis travis   3973 Jan  3 00:56 ModularCodeGen3_A2_B2.class
-rw-rw-r--   1 travis travis   9958 Jan  3 00:56 ModularCodeGen3_A2_B2.java
-rw-rw-r--   1 travis travis    880 Jan  3 00:56 ModularCodeGen3_A2_B2.mk
-rw-rw-r--   1 travis travis   1330 Jan  3 00:56 ModularCodeGen3_A2_B2_profile.class
-rw-rw-r--   1 travis travis   1274 Jan  3 00:56 ModularCodeGen3_A2_B2_profile.java
-rw-rw-r--   1 travis travis   5270 Jan  3 00:56 ModularCodeGen3_A2.class
-rw-rw-r--   1 travis travis  15957 Jan  3 00:56 ModularCodeGen3_A2.java
-rw-rw-r--   1 travis travis    856 Jan  3 00:56 ModularCodeGen3_A2.mk
-rw-rw-r--   1 travis travis   1445 Jan  3 00:56 ModularCodeGen3_A2_profile.class
-rw-rw-r--   1 travis travis   1716 Jan  3 00:56 ModularCodeGen3_A2_profile.java
-rw-rw-r--   1 travis travis   4026 Jan  3 00:56 ModularCodeGen4_A1_B1.class
-rw-rw-r--   1 travis travis  10312 Jan  3 00:56 ModularCodeGen4_A1_B1.java
-rw-rw-r--   1 travis travis    880 Jan  3 00:56 ModularCodeGen4_A1_B1.mk
-rw-rw-r--   1 travis travis   1330 Jan  3 00:56 ModularCodeGen4_A1_B1_profile.class
-rw-rw-r--   1 travis travis   1273 Jan  3 00:56 ModularCodeGen4_A1_B1_profile.java
-rw-rw-r--   1 travis travis   4026 Jan  3 00:56 ModularCodeGen4_A1_B2.class
-rw-rw-r--   1 travis travis  10312 Jan  3 00:56 ModularCodeGen4_A1_B2.java
-rw-rw-r--   1 travis travis    880 Jan  3 00:56 ModularCodeGen4_A1_B2.mk
-rw-rw-r--   1 travis travis   1330 Jan  3 00:56 ModularCodeGen4_A1_B2_profile.class
-rw-rw-r--   1 travis travis   1273 Jan  3 00:56 ModularCodeGen4_A1_B2_profile.java
-rw-rw-r--   1 travis travis   5333 Jan  3 00:56 ModularCodeGen4_A1.class
-rw-rw-r--   1 travis travis  16245 Jan  3 00:56 ModularCodeGen4_A1.java
-rw-rw-r--   1 travis travis    856 Jan  3 00:56 ModularCodeGen4_A1.mk
-rw-rw-r--   1 travis travis   1445 Jan  3 00:56 ModularCodeGen4_A1_profile.class
-rw-rw-r--   1 travis travis   1712 Jan  3 00:56 ModularCodeGen4_A1_profile.java
-rw-rw-r--   1 travis travis   4220 Jan  3 00:56 ModularCodeGen4_A2_B1.class
-rw-rw-r--   1 travis travis  11375 Jan  3 00:56 ModularCodeGen4_A2_B1.java
-rw-rw-r--   1 travis travis    880 Jan  3 00:56 ModularCodeGen4_A2_B1.mk
-rw-rw-r--   1 travis travis   1393 Jan  3 00:56 ModularCodeGen4_A2_B1_profile.class
-rw-rw-r--   1 travis travis   1454 Jan  3 00:56 ModularCodeGen4_A2_B1_profile.java
-rw-rw-r--   1 travis travis   4074 Jan  3 00:56 ModularCodeGen4_A2_B2.class
-rw-rw-r--   1 travis travis  10378 Jan  3 00:56 ModularCodeGen4_A2_B2.java
-rw-rw-r--   1 travis travis    880 Jan  3 00:56 ModularCodeGen4_A2_B2.mk
-rw-rw-r--   1 travis travis   1330 Jan  3 00:56 ModularCodeGen4_A2_B2_profile.class
-rw-rw-r--   1 travis travis   1270 Jan  3 00:56 ModularCodeGen4_A2_B2_profile.java
-rw-rw-r--   1 travis travis   5506 Jan  3 00:56 ModularCodeGen4_A2.class
-rw-rw-r--   1 travis travis  16770 Jan  3 00:56 ModularCodeGen4_A2.java
-rw-rw-r--   1 travis travis    856 Jan  3 00:56 ModularCodeGen4_A2.mk
-rw-rw-r--   1 travis travis   1445 Jan  3 00:56 ModularCodeGen4_A2_profile.class
-rw-rw-r--   1 travis travis   1712 Jan  3 00:56 ModularCodeGen4_A2_profile.java
-rw-rw-r--   1 travis travis   7070 Jan  3 00:56 ModularCodeGen5_A_A.class
-rw-rw-r--   1 travis travis  28721 Jan  3 00:56 ModularCodeGen5_A_A.java
-rw-rw-r--   1 travis travis    864 Jan  3 00:56 ModularCodeGen5_A_A.mk
-rw-rw-r--   1 travis travis   1520 Jan  3 00:56 ModularCodeGen5_A_A_profile.class
-rw-rw-r--   1 travis travis   1815 Jan  3 00:56 ModularCodeGen5_A_A_profile.java
-rw-rw-r--   1 travis travis   5347 Jan  3 00:56 ModularCodeGen5_A.class
-rw-rw-r--   1 travis travis  13769 Jan  3 00:56 ModularCodeGen5_A.java
-rw-rw-r--   1 travis travis    848 Jan  3 00:56 ModularCodeGen5_A.mk
-rw-rw-r--   1 travis travis   1422 Jan  3 00:56 ModularCodeGen5_A_profile.class
-rw-rw-r--   1 travis travis   1605 Jan  3 00:56 ModularCodeGen5_A_profile.java
-rw-rw-r--   1 travis travis   4357 Jan  3 00:56 ModularCodeGen6_A_A2.class
-rw-rw-r--   1 travis travis  11329 Jan  3 00:56 ModularCodeGen6_A_A2.java
-rw-rw-r--   1 travis travis    872 Jan  3 00:56 ModularCodeGen6_A_A2.mk
-rw-rw-r--   1 travis travis   1351 Jan  3 00:56 ModularCodeGen6_A_A2_profile.class
-rw-rw-r--   1 travis travis   1364 Jan  3 00:56 ModularCodeGen6_A_A2_profile.java
-rw-rw-r--   1 travis travis   4340 Jan  3 00:56 ModularCodeGen6_A_A.class
-rw-rw-r--   1 travis travis  11221 Jan  3 00:56 ModularCodeGen6_A_A.java
-rw-rw-r--   1 travis travis    864 Jan  3 00:56 ModularCodeGen6_A_A.mk
-rw-rw-r--   1 travis travis   1348 Jan  3 00:56 ModularCodeGen6_A_A_profile.class
-rw-rw-r--   1 travis travis   1361 Jan  3 00:56 ModularCodeGen6_A_A_profile.java
-rw-rw-r--   1 travis travis   7469 Jan  3 00:56 ModularCodeGen6_A.class
-rw-rw-r--   1 travis travis  26535 Jan  3 00:56 ModularCodeGen6_A.java
-rw-rw-r--   1 travis travis    848 Jan  3 00:56 ModularCodeGen6_A.mk
-rw-rw-r--   1 travis travis   1483 Jan  3 00:56 ModularCodeGen6_A_profile.class
-rw-rw-r--   1 travis travis   1810 Jan  3 00:56 ModularCodeGen6_A_profile.java
-rw-rw-r--   1 travis travis   1091 Jan  3 00:56 ModularCodeGenLazyPubSub_LazyCompositeActor_profile.java
-rw-rw-r--   1 travis travis   4186 Jan  3 00:56 ModularCodeGen_ModularCodeGenTypedCompositeActor.class
-rw-rw-r--   1 travis travis  10970 Jan  3 00:56 ModularCodeGen_ModularCodeGenTypedCompositeActor.java
-rw-rw-r--   1 travis travis   1096 Jan  3 00:56 ModularCodeGen_ModularCodeGenTypedCompositeActor.mk
-rw-rw-r--   1 travis travis   1384 Jan  3 00:56 ModularCodeGen_ModularCodeGenTypedCompositeActor_profile.class
-rw-rw-r--   1 travis travis   1328 Jan  3 00:56 ModularCodeGen_ModularCodeGenTypedCompositeActor_profile.java
-rw-rw-r--   1 travis travis   3724 Jan  3 00:55 ModularCodeGenTest_A1_A2.class
-rw-rw-r--   1 travis travis   9164 Jan  3 00:55 ModularCodeGenTest_A1_A2.java
-rw-rw-r--   1 travis travis   1306 Jan  3 00:55 ModularCodeGenTest_A1_A2_profile.class
-rw-rw-r--   1 travis travis   4055 Jan  3 00:55 ModularCodeGenTest_A1.class
-rw-rw-r--   1 travis travis   9968 Jan  3 00:55 ModularCodeGenTest_A1.java
-rw-rw-r--   1 travis travis    880 Jan  3 00:55 ModularCodeGenTest_A1.mk
-rw-rw-r--   1 travis travis   1352 Jan  3 00:55 ModularCodeGenTest_A1_profile.class
-rw-rw-r--   1 travis travis   1394 Jan  3 00:55 ModularCodeGenTest_A1_profile.java
drwxrwxr-x   3 travis travis  32768 Jan  3 00:55 modulation2
drwxrwxr-x 116 travis travis  12288 Jan  3 00:55 node_modules
drwxrwxr-x   3 travis travis  20480 Jan  3 00:51 PhaseUnwrap
drwxrwxr-x   3 travis travis  12288 Jan  3 00:51 ReadFile1
-rw-rw-r--   1 travis travis     11 Jan  3 00:51 ReadFile1Output.txt
-rw-rw-r--   1 travis travis  13773 Jan  3 00:55 Repeat.class
-rw-rw-r--   1 travis travis    685 Jan  3 00:55 Repeat$_fireFunction_Repeat_Repeat$__f_sL_11.class
-rw-rw-r--   1 travis travis    541 Jan  3 00:55 Repeat$_fireFunction_Repeat_Repeat$__f_sL_12.class
-rw-rw-r--   1 travis travis    541 Jan  3 00:55 Repeat$_fireFunction_Repeat_Repeat$__f_sL_13.class
-rw-rw-r--   1 travis travis    541 Jan  3 00:55 Repeat$_fireFunction_Repeat_Repeat$__f_sL_14.class
-rw-rw-r--   1 travis travis    684 Jan  3 00:55 Repeat$_fireFunction_Repeat_Repeat$__f_sL_1.class
-rw-rw-r--   1 travis travis    683 Jan  3 00:55 Repeat$_fireFunction_Repeat_Repeat$__f_sL_4.class
-rw-rw-r--   1 travis travis    539 Jan  3 00:55 Repeat$_fireFunction_Repeat_Repeat$__f_sL_9.class
-rw-rw-r--   1 travis travis    494 Jan  3 00:55 Repeat$_initialize_Repeat$__i_sL_2.class
-rw-rw-r--   1 travis travis   1281 Jan  3 00:55 Repeat.mk
-rw-rw-r--   1 travis travis    539 Jan  3 00:55 Repeat$_preinitializeMethod_Repeat$__p_sL_0.class
-rw-rw-r--   1 travis travis   1102 Jan  3 00:55 Repeat$_Repeat$_fireFunction_Repeat_AddSubtract_Repeat.class
-rw-rw-r--   1 travis travis    810 Jan  3 00:55 Repeat$_Repeat$_fireFunction_Repeat_AddSubtract_Repeat$__f_sL_0.class
-rw-rw-r--   1 travis travis    928 Jan  3 00:55 Repeat$_Repeat$_fireFunction_Repeat_AddSubtract_Repeat$__f_sL_1.class
-rw-rw-r--   1 travis travis    934 Jan  3 00:55 Repeat$_Repeat$_fireFunction_Repeat_AddSubtract_Repeat$__f_sL_2.class
-rw-rw-r--   1 travis travis    862 Jan  3 00:55 Repeat$_Repeat$_fireFunction_Repeat_AddSubtract_Repeat$__f_sL_3.class
-rw-rw-r--   1 travis travis    757 Jan  3 00:55 Repeat$_Repeat$_fireFunction_Repeat_Ramp2_Repeat$__f_sL_0.class
-rw-rw-r--   1 travis travis    888 Jan  3 00:55 Repeat$_Repeat$_fireFunction_Repeat_Test_Repeat$__f_sL_0.class
-rw-rw-r--   1 travis travis    634 Jan  3 00:55 Repeat$_Repeat$_fireFunction_Repeat_Test_Repeat$__f_sL_1.class
-rw-rw-r--   1 travis travis    704 Jan  3 00:55 Repeat$_Repeat_SDF_Director_run_Repeat$__R_sL_0.class
-rw-rw-r--   1 travis travis    705 Jan  3 00:55 Repeat$_Repeat_SDF_Director_run_Repeat$__R_sL_11.class
-rw-rw-r--   1 travis travis    561 Jan  3 00:55 Repeat$_Repeat_SDF_Director_run_Repeat$__R_sL_13.class
-rw-rw-r--   1 travis travis    559 Jan  3 00:55 Repeat$_Repeat_SDF_Director_run_Repeat$__R_sL_2.class
-rw-rw-r--   1 travis travis    703 Jan  3 00:55 Repeat$_Repeat_SDF_Director_run_Repeat$__R_sL_3.class
-rw-rw-r--   1 travis travis    559 Jan  3 00:55 Repeat$_Repeat_SDF_Director_run_Repeat$__R_sL_5.class
-rw-rw-r--   1 travis travis    559 Jan  3 00:55 Repeat$_Repeat_SDF_Director_run_Repeat$__R_sL_8.class
drwxrwxr-x   2 travis travis   4096 Jan  3 00:55 RepeatVariables
-rw-rw-r--   1 travis travis    882 Jan  3 00:55 Repeat$_varinit_Repeat.class
-rw-rw-r--   1 travis travis    550 Jan  3 00:55 Repeat$_varinit_Repeat$__v_sL_2.class
-rw-rw-r--   1 travis travis    924 Jan  3 00:55 Repeat$_varinit_Repeat$__v_sL_4.class
-rw-rw-r--   1 travis travis    978 Jan  3 00:55 Repeat$_wrapup_Repeat$__w_sL_1.class
drwxrwxr-x   3 travis travis  20480 Jan  3 00:52 Sinewave
drwxrwxr-x   3 travis travis  32768 Jan  3 00:53 StringFunction
drwxrwxr-x   3 travis travis  12288 Jan  3 00:53 StringLength
drwxrwxr-x   3 travis travis  61440 Jan  3 00:53 StringMatches2
drwxrwxr-x   3 travis travis  61440 Jan  3 00:54 StringSimpleReplace
drwxrwxr-x   3 travis travis  65536 Jan  3 00:54 StringSubstring
drwxrwxr-x   3 travis travis  24576 Jan  3 00:54 StringSubstring2
drwxrwxr-x   3 travis travis  16384 Jan  3 00:54 time1
drwxrwxr-x   3 travis travis  12288 Jan  3 00:55 time5
-rw-rw-r--   1 travis travis    432 Jan  3 00:56 Token.class
-rw-rw-r--   1 travis travis    251 Jan  3 00:56 Token.java
-rwxrwxr-x   1 travis travis 466992 Jan  3 00:49 top
-rw-rw-r--   1 travis travis  20502 Jan  3 00:49 top.c
-rw-rw-r--   1 travis travis   3799 Jan  3 00:55 top.class
-rw-rw-r--   1 travis travis   1257 Jan  3 00:55 top.mk
In "/home/travis/cg", about to execute:
    javac -classpath
.:/home/travis/build/icyphy/ptII:/home/travis/build/icyphy/ptII/lib/bsh-2.0b4.j
ar:/home/travis/build/icyphy/ptII/lib/ptCal.jar:/home/travis/build/icyphy/ptII/
lib/java_cup.jar:/home/travis/build/icyphy/ptII/lib/saxon8.jar:/home/travis/bui
ld/icyphy/ptII/lib/saxon8-dom.jar:/home/travis/build/icyphy/ptII/lib/chic.jar:/
home/travis/build/icyphy/ptII/lib/ptcolt.jar:/home/travis/build/icyphy/ptII/ven
dors/misc/itext/iText.jar:/home/travis/build/icyphy/ptII/lib/g4ltl.jar:/home/tr
avis/build/icyphy/ptII/lib/StructuralCoder.jar:/home/travis/build/icyphy/ptII/l
ib/jcerti.jar:/home/travis/build/icyphy/ptII/lib/javax.mail.jar:/home/travis/bu
ild/icyphy/ptII/vendors/JMF-2.1.1e/lib/jmf.jar:/home/travis/build/icyphy/ptII/l
ib/jna-4.0.0-variadic.jar:/home/travis/build/icyphy/ptII/vendors/misc/joystick/
Joystick.jar:/home/travis/build/icyphy/ptII/lib/ptjacl.jar:/home/travis/build/i
cyphy/ptII/lib/jsoup-1.8.2.jar:/home/travis/build/icyphy/ptII/lib/junit-4.8.2.j
ar:/home/travis/build/icyphy/ptII/lib/JUnitParams-0.4.0.jar:/home/travis/build/
icyphy/ptII/ptolemy/actor/lib/excel/jxl.jar:/home/travis/build/icyphy/ptII/lib/
jython.jar:/home/travis/build/icyphy/ptII/lib/kieler.jar:/home/travis/build/icy
phy/ptII/vendors/opencv/share/OpenCV/java/opencv-341.jar:/home/travis/build/icy
phy/ptII/lib/oscP5.jar:/home/travis/build/icyphy/ptII/lib/nrjavaserial-3.11.0.d
evel.jar:/home/travis/build/icyphy/ptII/vendors/j3d/lib/Linux/j3dcore.jar:/home
/travis/build/icyphy/ptII/vendors/j3d/lib/Linux/j3dutils.jar:/home/travis/build
/icyphy/ptII/vendors/j3d/lib/Linux/vecmath.jar:/home/travis/build/icyphy/ptII/v
endors/jogl/lib/Linux/gluegen-rt-natives-linux-amd64.jar:/home/travis/build/icy
phy/ptII/vendors/jogl/lib/Linux/gluegen-rt.jar:/home/travis/build/icyphy/ptII/v
endors/jogl/lib/Linux/jogl-all-natives-linux-amd64.jar:/home/travis/build/icyph
y/ptII/vendors/jogl/lib/Linux/jogl-all.jar:/home/travis/build/icyphy/ptII/ptole
my/distributed/jini/jar/jini-core.jar:/home/travis/build/icyphy/ptII/ptolemy/di
stributed/jini/jar/jini-ext.jar:/home/travis/build/icyphy/ptII/ptolemy/distribu
ted/jini/jar/sun-util.jar:/home/travis/build/icyphy/ptII/lib/protobuf-java-2.4.
1.jar:/home/travis/build/icyphy/ptII/lib/org.eclipse.paho.client.mqttv3.jar:/ho
me/travis/build/icyphy/ptII/lib/mapss.jar:/home/travis/build/icyphy/ptII/ptolem
y/actor/ptalon/antlr/antlr.jar:/home/travis/build/icyphy/ptII/lib/JRI.jar:/home
/travis/build/icyphy/ptII/lib/commons-lang-2.6.jar:/home/travis/build/icyphy/pt
II/lib/commons-logging-1.1.1.jar:/home/travis/build/icyphy/ptII/lib/sootclasses
.jar:/home/travis/build/icyphy/ptII/ptolemy/actor/lib/database/mysql-connector-
java-5.1.6-bin.jar:/home/travis/build/icyphy/ptII/vendors/misc/sphinx4/sphinx4-
data-5prealpha.jar:/home/travis/build/icyphy/ptII/vendors/misc/sphinx4/sphinx4-
core-5prealpha.jar:/home/travis/build/icyphy/ptII/lib/PDFRenderer.jar:/home/tra
vis/build/icyphy/ptII/lib/svgSalamander.jar:/home/travis/build/icyphy/ptII/lib/
rsyntaxtextarea-2.6.0-SNAPSHOT.jar:/home/travis/build/icyphy/ptII/lib/hazelcast
-3.8.2.jar:/home/travis/build/icyphy/ptII/lib/jackson-annotations-2.9.0.jar:/ho
me/travis/build/icyphy/ptII/lib/jackson-core-2.9.3.jar:/home/travis/build/icyph
y/ptII/lib/jackson-databind-2.9.3.jar:/home/travis/build/icyphy/ptII/lib/netty-
buffer-4.1.19.Final.jar:/home/travis/build/icyphy/ptII/lib/netty-codec-4.1.19.F
inal.jar:/home/travis/build/icyphy/ptII/lib/netty-codec-dns-4.1.19.Final.jar:/h
ome/travis/build/icyphy/ptII/lib/netty-codec-http-4.1.19.Final.jar:/home/travis
/build/icyphy/ptII/lib/netty-codec-http2-4.1.19.Final.jar:/home/travis/build/ic
yphy/ptII/lib/netty-common-4.1.19.Final.jar:/home/travis/build/icyphy/ptII/lib/
netty-handler-4.1.19.Final.jar:/home/travis/build/icyphy/ptII/lib/netty-resolve
r-4.1.19.Final.jar:/home/travis/build/icyphy/ptII/lib/netty-resolver-dns-4.1.19
.Final.jar:/home/travis/build/icyphy/ptII/lib/netty-transport-4.1.19.Final.jar:
/home/travis/build/icyphy/ptII/lib/vertx-codegen-3.5.1.jar:/home/travis/build/i
cyphy/ptII/lib/vertx-core-3.5.2-SNAPSHOT.jar:/home/travis/build/icyphy/ptII/lib
/vertx-hazelcast-3.5.1.jar:/home/travis/build/icyphy/ptII/lib/vertx-lang-js-3.5
.1.jar:/home/travis/build/icyphy/ptII/lib/vertx-service-proxy-3.5.1.jar:/home/t
ravis/build/icyphy/ptII/lib/vertx-web-3.5.1.jar:/home/travis/build/icyphy/ptII/
lib/slf4j-api-1.7.13.jar:/home/travis/build/icyphy/ptII/lib/slf4j-simple-1.7.13
.jar:/home/travis/build/icyphy/ptII/lib/webcam-capture-0.3.12.jar:/home/travis/
build/icyphy/ptII/lib/bridj-0.7.0.jar:/home/travis/build/icyphy/ptII/lib/xbjlib
-1.1.0.nrjavaserial.jar:/home/travis/build/icyphy/ptII/ptolemy/moml/test:/home/
travis/build/icyphy/ptII/ant/lib/ant-launcher.jar:/home/travis/build/icyphy/ptI
I/ant/lib/ant.jar:/home/travis/build/icyphy/ptII/ant/lib/ant-junit.jar:/home/tr
avis/build/icyphy/ptII/ant/lib/ant-junit4.jar:/home/travis/build/icyphy/ptII
ModularCodeGenLazyPubSub_LazyCompositeActor_profile.java
All Done
Writing ModularCodeGenLazyPubSub_LazyCompositeActor.java in file:/home/travis/cg/ (11122 characters)
Reading "ptolemy/cg/kernel/generic/program/procedural/java/modular/makefile.in",
    writing "/home/travis/cg/ModularCodeGenLazyPubSub_LazyCompositeActor.mk"
Using ptolemy/cg/kernel/generic/program/procedural/java/modular/makefile.in
In "/home/travis/cg", about to execute:
    make -f ModularCodeGenLazyPubSub_LazyCompositeActor.mk
javac -classpath ".:.."    ModularCodeGenLazyPubSub_LazyCompositeActor.java
All Done
2527 ms. Memory: 129024K Free: 43374K (34%)
----------------- Invoking toplevel() on ptolemy.moml.MoMLSimpleApplication@1dd3cbaf
----------------- Done invoking toplevel() on ptolemy.moml.MoMLSimpleApplication@1dd3cbaf
reloadAllAccessors: .ModularCodeGenLazyPubSub

===========================================================================================
----------------- testing Fri Jan 03 00:57:01 UTC 2020 /home/travis/build/icyphy/ptII/ptolemy/cg/lib/test/auto/ModularCodeGenLazyPubSubGlobal.xml
----------------- Instantiating /home/travis/build/icyphy/ptII/ptolemy/cg/lib/test/auto/ModularCodeGenLazyPubSubGlobal.xml
In "/home/travis/cg", about to execute:
    pwd
In "/home/travis/cg", about to execute:
    ls -l
/home/travis/cg
In "/home/travis/cg", about to execute:
    javac -classpath
.:/home/travis/build/icyphy/ptII:/home/travis/build/icyphy/ptII/lib/bsh-2.0b4.j
ar:/home/travis/build/icyphy/ptII/lib/ptCal.jar:/home/travis/build/icyphy/ptII/
lib/java_cup.jar:/home/travis/build/icyphy/ptII/lib/saxon8.jar:/home/travis/bui
ld/icyphy/ptII/lib/saxon8-dom.jar:/home/travis/build/icyphy/ptII/lib/chic.jar:/
home/travis/build/icyphy/ptII/lib/ptcolt.jar:/home/travis/build/icyphy/ptII/ven
dors/misc/itext/iText.jar:/home/travis/build/icyphy/ptII/lib/g4ltl.jar:/home/tr
avis/build/icyphy/ptII/lib/StructuralCoder.jar:/home/travis/build/icyphy/ptII/l
ib/jcerti.jar:/home/travis/build/icyphy/ptII/lib/javax.mail.jar:/home/travis/bu
ild/icyphy/ptII/vendors/JMF-2.1.1e/lib/jmf.jar:/home/travis/build/icyphy/ptII/l
ib/jna-4.0.0-variadic.jar:/home/travis/build/icyphy/ptII/vendors/misc/joystick/
Joystick.jar:/home/travis/build/icyphy/ptII/lib/ptjacl.jar:/home/travis/build/i
cyphy/ptII/lib/jsoup-1.8.2.jar:/home/travis/build/icyphy/ptII/lib/junit-4.8.2.j
ar:/home/travis/build/icyphy/ptII/lib/JUnitParams-0.4.0.jar:/home/travis/build/
icyphy/ptII/ptolemy/actor/lib/excel/jxl.jar:/home/travis/build/icyphy/ptII/lib/
jython.jar:/home/travis/build/icyphy/ptII/lib/kieler.jar:/home/travis/build/icy
phy/ptII/vendors/opencv/share/OpenCV/java/opencv-341.jar:/home/travis/build/icy
phy/ptII/lib/oscP5.jar:/home/travis/build/icyphy/ptII/lib/nrjavaserial-3.11.0.d
evel.jar:/home/travis/build/icyphy/ptII/vendors/j3d/lib/Linux/j3dcore.jar:/home
/travis/build/icyphy/ptII/vendors/j3d/lib/Linux/j3dutils.jar:/home/travis/build
/icyphy/ptII/vendors/j3d/lib/Linux/vecmath.jar:/home/travis/build/icyphy/ptII/v
endors/jogl/lib/Linux/gluegen-rt-natives-linux-amd64.jar:/home/travis/build/icy
phy/ptII/vendors/jogl/lib/Linux/gluegen-rt.jar:/home/travis/build/icyphy/ptII/v
endors/jogl/lib/Linux/jogl-all-natives-linux-amd64.jar:/home/travis/build/icyph
y/ptII/vendors/jogl/lib/Linux/jogl-all.jar:/home/travis/build/icyphy/ptII/ptole
my/distributed/jini/jar/jini-core.jar:/home/travis/build/icyphy/ptII/ptolemy/di
stributed/jini/jar/jini-ext.jar:/home/travis/build/icyphy/ptII/ptolemy/distribu
ted/jini/jar/sun-util.jar:/home/travis/build/icyphy/ptII/lib/protobuf-java-2.4.
1.jar:/home/travis/build/icyphy/ptII/lib/org.eclipse.paho.client.mqttv3.jar:/ho
me/travis/build/icyphy/ptII/lib/mapss.jar:/home/travis/build/icyphy/ptII/ptolem
y/actor/ptalon/antlr/antlr.jar:/home/travis/build/icyphy/ptII/lib/JRI.jar:/home
/travis/build/icyphy/ptII/lib/commons-lang-2.6.jar:/home/travis/build/icyphy/pt
II/lib/commons-logging-1.1.1.jar:/home/travis/build/icyphy/ptII/lib/sootclasses
.jar:/home/travis/build/icyphy/ptII/ptolemy/actor/lib/database/mysql-connector-
java-5.1.6-bin.jar:/home/travis/build/icyphy/ptII/vendors/misc/sphinx4/sphinx4-
data-5prealpha.jar:/home/travis/build/icyphy/ptII/vendors/misc/sphinx4/sphinx4-
core-5prealpha.jar:/home/travis/build/icyphy/ptII/lib/PDFRenderer.jar:/home/tra
vis/build/icyphy/ptII/lib/svgSalamander.jar:/home/travis/build/icyphy/ptII/lib/
rsyntaxtextarea-2.6.0-SNAPSHOT.jar:/home/travis/build/icyphy/ptII/lib/hazelcast
-3.8.2.jar:/home/travis/build/icyphy/ptII/lib/jackson-annotations-2.9.0.jar:/ho
me/travis/build/icyphy/ptII/lib/jackson-core-2.9.3.jar:/home/travis/build/icyph
y/ptII/lib/jackson-databind-2.9.3.jar:/home/travis/build/icyphy/ptII/lib/netty-
buffer-4.1.19.Final.jar:/home/travis/build/icyphy/ptII/lib/netty-codec-4.1.19.F
inal.jar:/home/travis/build/icyphy/ptII/lib/netty-codec-dns-4.1.19.Final.jar:/h
ome/travis/build/icyphy/ptII/lib/netty-codec-http-4.1.19.Final.jar:/home/travis
/build/icyphy/ptII/lib/netty-codec-http2-4.1.19.Final.jar:/home/travis/build/ic
yphy/ptII/lib/netty-common-4.1.19.Final.jar:/home/travis/build/icyphy/ptII/lib/
netty-handler-4.1.19.Final.jar:/home/travis/build/icyphy/ptII/lib/netty-resolve
r-4.1.19.Final.jar:/home/travis/build/icyphy/ptII/lib/netty-resolver-dns-4.1.19
.Final.jar:/home/travis/build/icyphy/ptII/lib/netty-transport-4.1.19.Final.jar:
/home/travis/build/icyphy/ptII/lib/vertx-codegen-3.5.1.jar:/home/travis/build/i
cyphy/ptII/lib/vertx-core-3.5.2-SNAPSHOT.jar:/home/travis/build/icyphy/ptII/lib
/vertx-hazelcast-3.5.1.jar:/home/travis/build/icyphy/ptII/lib/vertx-lang-js-3.5
.1.jar:/home/travis/build/icyphy/ptII/lib/vertx-service-proxy-3.5.1.jar:/home/t
ravis/build/icyphy/ptII/lib/vertx-web-3.5.1.jar:/home/travis/build/icyphy/ptII/
lib/slf4j-api-1.7.13.jar:/home/travis/build/icyphy/ptII/lib/slf4j-simple-1.7.13
.jar:/home/travis/build/icyphy/ptII/lib/webcam-capture-0.3.12.jar:/home/travis/
build/icyphy/ptII/lib/bridj-0.7.0.jar:/home/travis/build/icyphy/ptII/lib/xbjlib
-1.1.0.nrjavaserial.jar:/home/travis/build/icyphy/ptII/ptolemy/moml/test:/home/
travis/build/icyphy/ptII/ant/lib/ant-launcher.jar:/home/travis/build/icyphy/ptI
I/ant/lib/ant.jar:/home/travis/build/icyphy/ptII/ant/lib/ant-junit.jar:/home/tr
avis/build/icyphy/ptII/ant/lib/ant-junit4.jar:/home/travis/build/icyphy/ptII
ModularCodeGenLazyPubSubGlobal_CompositeActor_ModularCodeGenTypedComposite_prof
ile.java
total 2344
drwxrwxr-x   3 travis travis  12288 Jan  3 00:50 AbsoluteValue
drwxrwxr-x   3 travis travis 102400 Jan  3 00:49 AllColt
drwxrwxr-x   3 travis travis  12288 Jan  3 00:50 Case1
-rw-rw-r--   1 travis travis   5128 Jan  3 00:55 CompiledCompositeActor_CompiledCompositeActor.class
-rw-rw-r--   1 travis travis   1611 Jan  3 00:55 CompiledCompositeActor_CompiledCompositeActor$_CompiledCompositeActor_CompiledCompositeActor.class
-rw-rw-r--   1 travis travis  13466 Jan  3 00:55 CompiledCompositeActor_CompiledCompositeActor.java
-rw-rw-r--   1 travis travis   1593 Jan  3 00:55 CompiledCompositeActor_CompiledCompositeActor.mk
drwxrwxr-x   5 travis travis   4096 Jan  3 00:49 fmi
drwxrwxr-x   3 travis travis  16384 Jan  3 00:50 Gaussian2
-rw-rw-r--   1 travis travis   4684 Jan  3 00:55 JavaCompiledCompositeTest1_CompiledCompositeActor.class
-rw-rw-r--   1 travis travis  11637 Jan  3 00:55 JavaCompiledCompositeTest1_CompiledCompositeActor.java
-rw-rw-r--   1 travis travis   1217 Jan  3 00:55 JavaCompiledCompositeTest1_CompiledCompositeActor$_JavaCompiledCompositeTest1_CompiledCompositeActor.class
-rw-rw-r--   1 travis travis   1625 Jan  3 00:55 JavaCompiledCompositeTest1_CompiledCompositeActor.mk
-rw-rw-r--   1 travis travis   5115 Jan  3 00:55 JavaCompiledCompositeTest2_CompiledCompositeActor.class
-rw-rw-r--   1 travis travis  14919 Jan  3 00:55 JavaCompiledCompositeTest2_CompiledCompositeActor.java
-rw-rw-r--   1 travis travis   1812 Jan  3 00:55 JavaCompiledCompositeTest2_CompiledCompositeActor$_JavaCompiledCompositeTest2_CompiledCompositeActor.class
-rw-rw-r--   1 travis travis   1625 Jan  3 00:55 JavaCompiledCompositeTest2_CompiledCompositeActor.mk
-rw-rw-r--   1 travis travis   4732 Jan  3 00:55 JavaCompiledCompositeTest3_CompiledCompositeActor.class
-rw-rw-r--   1 travis travis  13080 Jan  3 00:55 JavaCompiledCompositeTest3_CompiledCompositeActor.java
-rw-rw-r--   1 travis travis   1397 Jan  3 00:55 JavaCompiledCompositeTest3_CompiledCompositeActor$_JavaCompiledCompositeTest3_CompiledCompositeActor.class
-rw-rw-r--   1 travis travis   1625 Jan  3 00:55 JavaCompiledCompositeTest3_CompiledCompositeActor.mk
-rw-rw-r--   1 travis travis   4183 Jan  3 00:55 JavaCompiledCompositeTest4_CompiledCompositeActor.class
-rw-rw-r--   1 travis travis   9687 Jan  3 00:55 JavaCompiledCompositeTest4_CompiledCompositeActor.java
-rw-rw-r--   1 travis travis    876 Jan  3 00:55 JavaCompiledCompositeTest4_CompiledCompositeActor$_JavaCompiledCompositeTest4_CompiledCompositeActor.class
-rw-rw-r--   1 travis travis   1625 Jan  3 00:55 JavaCompiledCompositeTest4_CompiledCompositeActor.mk
drwxrwxr-x   3 travis travis  12288 Jan  3 00:51 LookupTable
drwxrwxr-x   3 travis travis  20480 Jan  3 00:51 MaxIndex
-rw-rw-r--   1 travis travis   3925 Jan  3 00:55 ModularCG_A1_B1.class
-rw-rw-r--   1 travis travis   9730 Jan  3 00:55 ModularCG_A1_B1.java
-rw-rw-r--   1 travis travis    832 Jan  3 00:55 ModularCG_A1_B1.mk
-rw-rw-r--   1 travis travis   1318 Jan  3 00:55 ModularCG_A1_B1_profile.class
-rw-rw-r--   1 travis travis   1262 Jan  3 00:55 ModularCG_A1_B1_profile.java
-rw-rw-r--   1 travis travis   3925 Jan  3 00:55 ModularCG_A1_B2.class
-rw-rw-r--   1 travis travis   9730 Jan  3 00:55 ModularCG_A1_B2.java
-rw-rw-r--   1 travis travis    832 Jan  3 00:55 ModularCG_A1_B2.mk
-rw-rw-r--   1 travis travis   1318 Jan  3 00:55 ModularCG_A1_B2_profile.class
-rw-rw-r--   1 travis travis   1262 Jan  3 00:55 ModularCG_A1_B2_profile.java
-rw-rw-r--   1 travis travis   5031 Jan  3 00:55 ModularCG_A1.class
-rw-rw-r--   1 travis travis  14742 Jan  3 00:55 ModularCG_A1.java
-rw-rw-r--   1 travis travis    808 Jan  3 00:55 ModularCG_A1.mk
-rw-rw-r--   1 travis travis   1433 Jan  3 00:55 ModularCG_A1_profile.class
-rw-rw-r--   1 travis travis   1704 Jan  3 00:55 ModularCG_A1_profile.java
-rw-rw-r--   1 travis travis   4059 Jan  3 00:55 ModularCG_A2_B1.class
-rw-rw-r--   1 travis travis  10667 Jan  3 00:55 ModularCG_A2_B1.java
-rw-rw-r--   1 travis travis    832 Jan  3 00:55 ModularCG_A2_B1.mk
-rw-rw-r--   1 travis travis   1381 Jan  3 00:55 ModularCG_A2_B1_profile.class
-rw-rw-r--   1 travis travis   1446 Jan  3 00:55 ModularCG_A2_B1_profile.java
-rw-rw-r--   1 travis travis   3925 Jan  3 00:55 ModularCG_A2_B2.class
-rw-rw-r--   1 travis travis   9730 Jan  3 00:55 ModularCG_A2_B2.java
-rw-rw-r--   1 travis travis    832 Jan  3 00:55 ModularCG_A2_B2.mk
-rw-rw-r--   1 travis travis   1318 Jan  3 00:55 ModularCG_A2_B2_profile.class
-rw-rw-r--   1 travis travis   1262 Jan  3 00:55 ModularCG_A2_B2_profile.java
-rw-rw-r--   1 travis travis   5102 Jan  3 00:56 ModularCG_A2.class
-rw-rw-r--   1 travis travis  15129 Jan  3 00:56 ModularCG_A2.java
-rw-rw-r--   1 travis travis    808 Jan  3 00:56 ModularCG_A2.mk
-rw-rw-r--   1 travis travis   1433 Jan  3 00:56 ModularCG_A2_profile.class
-rw-rw-r--   1 travis travis   1704 Jan  3 00:55 ModularCG_A2_profile.java
-rw-rw-r--   1 travis travis   3705 Jan  3 00:56 ModularCGPubSub_A1_A2.class
-rw-rw-r--   1 travis travis   9076 Jan  3 00:56 ModularCGPubSub_A1_A2.java
-rw-rw-r--   1 travis travis    880 Jan  3 00:56 ModularCGPubSub_A1_A2.mk
-rw-rw-r--   1 travis travis   1300 Jan  3 00:56 ModularCGPubSub_A1_A2_profile.class
-rw-rw-r--   1 travis travis   1222 Jan  3 00:56 ModularCGPubSub_A1_A2_profile.java
-rw-rw-r--   1 travis travis   4022 Jan  3 00:56 ModularCGPubSub_A1.class
-rw-rw-r--   1 travis travis   9836 Jan  3 00:56 ModularCGPubSub_A1.java
-rw-rw-r--   1 travis travis    856 Jan  3 00:56 ModularCGPubSub_A1.mk
-rw-rw-r--   1 travis travis   1346 Jan  3 00:56 ModularCGPubSub_A1_profile.class
-rw-rw-r--   1 travis travis   1388 Jan  3 00:56 ModularCGPubSub_A1_profile.java
-rw-rw-r--   1 travis travis   4220 Jan  3 00:56 ModularCodeGen2_ModularCodeGenTypedCompositeActor.class
-rw-rw-r--   1 travis travis  11690 Jan  3 00:56 ModularCodeGen2_ModularCodeGenTypedCompositeActor.java
-rw-rw-r--   1 travis travis   1104 Jan  3 00:56 ModularCodeGen2_ModularCodeGenTypedCompositeActor.mk
-rw-rw-r--   1 travis travis   4504 Jan  3 00:56 ModularCodeGen2_ModularCodeGenTypedCompositeActor_ModularCodeGenTypedCompositeActor.class
-rw-rw-r--   1 travis travis  11790 Jan  3 00:56 ModularCodeGen2_ModularCodeGenTypedCompositeActor_ModularCodeGenTypedCompositeActor.java
-rw-rw-r--   1 travis travis   1376 Jan  3 00:56 ModularCodeGen2_ModularCodeGenTypedCompositeActor_ModularCodeGenTypedCompositeActor.mk
-rw-rw-r--   1 travis travis   1421 Jan  3 00:56 ModularCodeGen2_ModularCodeGenTypedCompositeActor_ModularCodeGenTypedCompositeActor_profile.class
-rw-rw-r--   1 travis travis   1294 Jan  3 00:56 ModularCodeGen2_ModularCodeGenTypedCompositeActor_ModularCodeGenTypedCompositeActor_profile.java
-rw-rw-r--   1 travis travis    820 Jan  3 00:56 ModularCodeGen2_ModularCodeGenTypedCompositeActor_profile.class
-rw-rw-r--   1 travis travis    693 Jan  3 00:56 ModularCodeGen2_ModularCodeGenTypedCompositeActor_profile.java
-rw-rw-r--   1 travis travis   3973 Jan  3 00:56 ModularCodeGen3_A1_B1.class
-rw-rw-r--   1 travis travis   9958 Jan  3 00:56 ModularCodeGen3_A1_B1.java
-rw-rw-r--   1 travis travis    880 Jan  3 00:56 ModularCodeGen3_A1_B1.mk
-rw-rw-r--   1 travis travis   1330 Jan  3 00:56 ModularCodeGen3_A1_B1_profile.class
-rw-rw-r--   1 travis travis   1274 Jan  3 00:56 ModularCodeGen3_A1_B1_profile.java
-rw-rw-r--   1 travis travis   3973 Jan  3 00:56 ModularCodeGen3_A1_B2.class
-rw-rw-r--   1 travis travis   9958 Jan  3 00:56 ModularCodeGen3_A1_B2.java
-rw-rw-r--   1 travis travis    880 Jan  3 00:56 ModularCodeGen3_A1_B2.mk
-rw-rw-r--   1 travis travis   1330 Jan  3 00:56 ModularCodeGen3_A1_B2_profile.class
-rw-rw-r--   1 travis travis   1274 Jan  3 00:56 ModularCodeGen3_A1_B2_profile.java
-rw-rw-r--   1 travis travis   5193 Jan  3 00:56 ModularCodeGen3_A1.class
-rw-rw-r--   1 travis travis  15564 Jan  3 00:56 ModularCodeGen3_A1.java
-rw-rw-r--   1 travis travis    856 Jan  3 00:56 ModularCodeGen3_A1.mk
-rw-rw-r--   1 travis travis   1445 Jan  3 00:56 ModularCodeGen3_A1_profile.class
-rw-rw-r--   1 travis travis   1716 Jan  3 00:56 ModularCodeGen3_A1_profile.java
-rw-rw-r--   1 travis travis   4119 Jan  3 00:56 ModularCodeGen3_A2_B1.class
-rw-rw-r--   1 travis travis  10955 Jan  3 00:56 ModularCodeGen3_A2_B1.java
-rw-rw-r--   1 travis travis    880 Jan  3 00:56 ModularCodeGen3_A2_B1.mk
-rw-rw-r--   1 travis travis   1393 Jan  3 00:56 ModularCodeGen3_A2_B1_profile.class
-rw-rw-r--   1 travis travis   1458 Jan  3 00:56 ModularCodeGen3_A2_B1_profile.java
-rw-rw-r--   1 travis travis   3973 Jan  3 00:56 ModularCodeGen3_A2_B2.class
-rw-rw-r--   1 travis travis   9958 Jan  3 00:56 ModularCodeGen3_A2_B2.java
-rw-rw-r--   1 travis travis    880 Jan  3 00:56 ModularCodeGen3_A2_B2.mk
-rw-rw-r--   1 travis travis   1330 Jan  3 00:56 ModularCodeGen3_A2_B2_profile.class
-rw-rw-r--   1 travis travis   1274 Jan  3 00:56 ModularCodeGen3_A2_B2_profile.java
-rw-rw-r--   1 travis travis   5270 Jan  3 00:56 ModularCodeGen3_A2.class
-rw-rw-r--   1 travis travis  15957 Jan  3 00:56 ModularCodeGen3_A2.java
-rw-rw-r--   1 travis travis    856 Jan  3 00:56 ModularCodeGen3_A2.mk
-rw-rw-r--   1 travis travis   1445 Jan  3 00:56 ModularCodeGen3_A2_profile.class
-rw-rw-r--   1 travis travis   1716 Jan  3 00:56 ModularCodeGen3_A2_profile.java
-rw-rw-r--   1 travis travis   4026 Jan  3 00:56 ModularCodeGen4_A1_B1.class
-rw-rw-r--   1 travis travis  10312 Jan  3 00:56 ModularCodeGen4_A1_B1.java
-rw-rw-r--   1 travis travis    880 Jan  3 00:56 ModularCodeGen4_A1_B1.mk
-rw-rw-r--   1 travis travis   1330 Jan  3 00:56 ModularCodeGen4_A1_B1_profile.class
-rw-rw-r--   1 travis travis   1273 Jan  3 00:56 ModularCodeGen4_A1_B1_profile.java
-rw-rw-r--   1 travis travis   4026 Jan  3 00:56 ModularCodeGen4_A1_B2.class
-rw-rw-r--   1 travis travis  10312 Jan  3 00:56 ModularCodeGen4_A1_B2.java
-rw-rw-r--   1 travis travis    880 Jan  3 00:56 ModularCodeGen4_A1_B2.mk
-rw-rw-r--   1 travis travis   1330 Jan  3 00:56 ModularCodeGen4_A1_B2_profile.class
-rw-rw-r--   1 travis travis   1273 Jan  3 00:56 ModularCodeGen4_A1_B2_profile.java
-rw-rw-r--   1 travis travis   5333 Jan  3 00:56 ModularCodeGen4_A1.class
-rw-rw-r--   1 travis travis  16245 Jan  3 00:56 ModularCodeGen4_A1.java
-rw-rw-r--   1 travis travis    856 Jan  3 00:56 ModularCodeGen4_A1.mk
-rw-rw-r--   1 travis travis   1445 Jan  3 00:56 ModularCodeGen4_A1_profile.class
-rw-rw-r--   1 travis travis   1712 Jan  3 00:56 ModularCodeGen4_A1_profile.java
-rw-rw-r--   1 travis travis   4220 Jan  3 00:56 ModularCodeGen4_A2_B1.class
-rw-rw-r--   1 travis travis  11375 Jan  3 00:56 ModularCodeGen4_A2_B1.java
-rw-rw-r--   1 travis travis    880 Jan  3 00:56 ModularCodeGen4_A2_B1.mk
-rw-rw-r--   1 travis travis   1393 Jan  3 00:56 ModularCodeGen4_A2_B1_profile.class
-rw-rw-r--   1 travis travis   1454 Jan  3 00:56 ModularCodeGen4_A2_B1_profile.java
-rw-rw-r--   1 travis travis   4074 Jan  3 00:56 ModularCodeGen4_A2_B2.class
-rw-rw-r--   1 travis travis  10378 Jan  3 00:56 ModularCodeGen4_A2_B2.java
-rw-rw-r--   1 travis travis    880 Jan  3 00:56 ModularCodeGen4_A2_B2.mk
-rw-rw-r--   1 travis travis   1330 Jan  3 00:56 ModularCodeGen4_A2_B2_profile.class
-rw-rw-r--   1 travis travis   1270 Jan  3 00:56 ModularCodeGen4_A2_B2_profile.java
-rw-rw-r--   1 travis travis   5506 Jan  3 00:56 ModularCodeGen4_A2.class
-rw-rw-r--   1 travis travis  16770 Jan  3 00:56 ModularCodeGen4_A2.java
-rw-rw-r--   1 travis travis    856 Jan  3 00:56 ModularCodeGen4_A2.mk
-rw-rw-r--   1 travis travis   1445 Jan  3 00:56 ModularCodeGen4_A2_profile.class
-rw-rw-r--   1 travis travis   1712 Jan  3 00:56 ModularCodeGen4_A2_profile.java
-rw-rw-r--   1 travis travis   7070 Jan  3 00:56 ModularCodeGen5_A_A.class
-rw-rw-r--   1 travis travis  28721 Jan  3 00:56 ModularCodeGen5_A_A.java
-rw-rw-r--   1 travis travis    864 Jan  3 00:56 ModularCodeGen5_A_A.mk
-rw-rw-r--   1 travis travis   1520 Jan  3 00:56 ModularCodeGen5_A_A_profile.class
-rw-rw-r--   1 travis travis   1815 Jan  3 00:56 ModularCodeGen5_A_A_profile.java
-rw-rw-r--   1 travis travis   5347 Jan  3 00:56 ModularCodeGen5_A.class
-rw-rw-r--   1 travis travis  13769 Jan  3 00:56 ModularCodeGen5_A.java
-rw-rw-r--   1 travis travis    848 Jan  3 00:56 ModularCodeGen5_A.mk
-rw-rw-r--   1 travis travis   1422 Jan  3 00:56 ModularCodeGen5_A_profile.class
-rw-rw-r--   1 travis travis   1605 Jan  3 00:56 ModularCodeGen5_A_profile.java
-rw-rw-r--   1 travis travis   4357 Jan  3 00:56 ModularCodeGen6_A_A2.class
-rw-rw-r--   1 travis travis  11329 Jan  3 00:56 ModularCodeGen6_A_A2.java
-rw-rw-r--   1 travis travis    872 Jan  3 00:56 ModularCodeGen6_A_A2.mk
-rw-rw-r--   1 travis travis   1351 Jan  3 00:56 ModularCodeGen6_A_A2_profile.class
-rw-rw-r--   1 travis travis   1364 Jan  3 00:56 ModularCodeGen6_A_A2_profile.java
-rw-rw-r--   1 travis travis   4340 Jan  3 00:56 ModularCodeGen6_A_A.class
-rw-rw-r--   1 travis travis  11221 Jan  3 00:56 ModularCodeGen6_A_A.java
-rw-rw-r--   1 travis travis    864 Jan  3 00:56 ModularCodeGen6_A_A.mk
-rw-rw-r--   1 travis travis   1348 Jan  3 00:56 ModularCodeGen6_A_A_profile.class
-rw-rw-r--   1 travis travis   1361 Jan  3 00:56 ModularCodeGen6_A_A_profile.java
-rw-rw-r--   1 travis travis   7469 Jan  3 00:56 ModularCodeGen6_A.class
-rw-rw-r--   1 travis travis  26535 Jan  3 00:56 ModularCodeGen6_A.java
-rw-rw-r--   1 travis travis    848 Jan  3 00:56 ModularCodeGen6_A.mk
-rw-rw-r--   1 travis travis   1483 Jan  3 00:56 ModularCodeGen6_A_profile.class
-rw-rw-r--   1 travis travis   1810 Jan  3 00:56 ModularCodeGen6_A_profile.java
-rw-rw-r--   1 travis travis   1384 Jan  3 00:57 ModularCodeGenLazyPubSubGlobal_CompositeActor_ModularCodeGenTypedComposite_profile.java
-rw-rw-r--   1 travis travis   4184 Jan  3 00:57 ModularCodeGenLazyPubSub_LazyCompositeActor.class
-rw-rw-r--   1 travis travis  11122 Jan  3 00:57 ModularCodeGenLazyPubSub_LazyCompositeActor.java
-rw-rw-r--   1 travis travis   1056 Jan  3 00:57 ModularCodeGenLazyPubSub_LazyCompositeActor.mk
-rw-rw-r--   1 travis travis   1286 Jan  3 00:57 ModularCodeGenLazyPubSub_LazyCompositeActor_profile.class
-rw-rw-r--   1 travis travis   1091 Jan  3 00:56 ModularCodeGenLazyPubSub_LazyCompositeActor_profile.java
-rw-rw-r--   1 travis travis   4186 Jan  3 00:56 ModularCodeGen_ModularCodeGenTypedCompositeActor.class
-rw-rw-r--   1 travis travis  10970 Jan  3 00:56 ModularCodeGen_ModularCodeGenTypedCompositeActor.java
-rw-rw-r--   1 travis travis   1096 Jan  3 00:56 ModularCodeGen_ModularCodeGenTypedCompositeActor.mk
-rw-rw-r--   1 travis travis   1384 Jan  3 00:56 ModularCodeGen_ModularCodeGenTypedCompositeActor_profile.class
-rw-rw-r--   1 travis travis   1328 Jan  3 00:56 ModularCodeGen_ModularCodeGenTypedCompositeActor_profile.java
-rw-rw-r--   1 travis travis   3724 Jan  3 00:55 ModularCodeGenTest_A1_A2.class
-rw-rw-r--   1 travis travis   9164 Jan  3 00:55 ModularCodeGenTest_A1_A2.java
-rw-rw-r--   1 travis travis   1306 Jan  3 00:55 ModularCodeGenTest_A1_A2_profile.class
-rw-rw-r--   1 travis travis   4055 Jan  3 00:55 ModularCodeGenTest_A1.class
-rw-rw-r--   1 travis travis   9968 Jan  3 00:55 ModularCodeGenTest_A1.java
-rw-rw-r--   1 travis travis    880 Jan  3 00:55 ModularCodeGenTest_A1.mk
-rw-rw-r--   1 travis travis   1352 Jan  3 00:55 ModularCodeGenTest_A1_profile.class
-rw-rw-r--   1 travis travis   1394 Jan  3 00:55 ModularCodeGenTest_A1_profile.java
drwxrwxr-x   3 travis travis  32768 Jan  3 00:55 modulation2
drwxrwxr-x 116 travis travis  12288 Jan  3 00:55 node_modules
drwxrwxr-x   3 travis travis  20480 Jan  3 00:51 PhaseUnwrap
drwxrwxr-x   3 travis travis  12288 Jan  3 00:51 ReadFile1
-rw-rw-r--   1 travis travis     11 Jan  3 00:51 ReadFile1Output.txt
-rw-rw-r--   1 travis travis  13773 Jan  3 00:55 Repeat.class
-rw-rw-r--   1 travis travis    685 Jan  3 00:55 Repeat$_fireFunction_Repeat_Repeat$__f_sL_11.class
-rw-rw-r--   1 travis travis    541 Jan  3 00:55 Repeat$_fireFunction_Repeat_Repeat$__f_sL_12.class
-rw-rw-r--   1 travis travis    541 Jan  3 00:55 Repeat$_fireFunction_Repeat_Repeat$__f_sL_13.class
-rw-rw-r--   1 travis travis    541 Jan  3 00:55 Repeat$_fireFunction_Repeat_Repeat$__f_sL_14.class
-rw-rw-r--   1 travis travis    684 Jan  3 00:55 Repeat$_fireFunction_Repeat_Repeat$__f_sL_1.class
-rw-rw-r--   1 travis travis    683 Jan  3 00:55 Repeat$_fireFunction_Repeat_Repeat$__f_sL_4.class
-rw-rw-r--   1 travis travis    539 Jan  3 00:55 Repeat$_fireFunction_Repeat_Repeat$__f_sL_9.class
-rw-rw-r--   1 travis travis    494 Jan  3 00:55 Repeat$_initialize_Repeat$__i_sL_2.class
-rw-rw-r--   1 travis travis   1281 Jan  3 00:55 Repeat.mk
-rw-rw-r--   1 travis travis    539 Jan  3 00:55 Repeat$_preinitializeMethod_Repeat$__p_sL_0.class
-rw-rw-r--   1 travis travis   1102 Jan  3 00:55 Repeat$_Repeat$_fireFunction_Repeat_AddSubtract_Repeat.class
-rw-rw-r--   1 travis travis    810 Jan  3 00:55 Repeat$_Repeat$_fireFunction_Repeat_AddSubtract_Repeat$__f_sL_0.class
-rw-rw-r--   1 travis travis    928 Jan  3 00:55 Repeat$_Repeat$_fireFunction_Repeat_AddSubtract_Repeat$__f_sL_1.class
-rw-rw-r--   1 travis travis    934 Jan  3 00:55 Repeat$_Repeat$_fireFunction_Repeat_AddSubtract_Repeat$__f_sL_2.class
-rw-rw-r--   1 travis travis    862 Jan  3 00:55 Repeat$_Repeat$_fireFunction_Repeat_AddSubtract_Repeat$__f_sL_3.class
-rw-rw-r--   1 travis travis    757 Jan  3 00:55 Repeat$_Repeat$_fireFunction_Repeat_Ramp2_Repeat$__f_sL_0.class
-rw-rw-r--   1 travis travis    888 Jan  3 00:55 Repeat$_Repeat$_fireFunction_Repeat_Test_Repeat$__f_sL_0.class
-rw-rw-r--   1 travis travis    634 Jan  3 00:55 Repeat$_Repeat$_fireFunction_Repeat_Test_Repeat$__f_sL_1.class
-rw-rw-r--   1 travis travis    704 Jan  3 00:55 Repeat$_Repeat_SDF_Director_run_Repeat$__R_sL_0.class
-rw-rw-r--   1 travis travis    705 Jan  3 00:55 Repeat$_Repeat_SDF_Director_run_Repeat$__R_sL_11.class
-rw-rw-r--   1 travis travis    561 Jan  3 00:55 Repeat$_Repeat_SDF_Director_run_Repeat$__R_sL_13.class
-rw-rw-r--   1 travis travis    559 Jan  3 00:55 Repeat$_Repeat_SDF_Director_run_Repeat$__R_sL_2.class
-rw-rw-r--   1 travis travis    703 Jan  3 00:55 Repeat$_Repeat_SDF_Director_run_Repeat$__R_sL_3.class
-rw-rw-r--   1 travis travis    559 Jan  3 00:55 Repeat$_Repeat_SDF_Director_run_Repeat$__R_sL_5.class
-rw-rw-r--   1 travis travis    559 Jan  3 00:55 Repeat$_Repeat_SDF_Director_run_Repeat$__R_sL_8.class
drwxrwxr-x   2 travis travis   4096 Jan  3 00:55 RepeatVariables
-rw-rw-r--   1 travis travis    882 Jan  3 00:55 Repeat$_varinit_Repeat.class
-rw-rw-r--   1 travis travis    550 Jan  3 00:55 Repeat$_varinit_Repeat$__v_sL_2.class
-rw-rw-r--   1 travis travis    924 Jan  3 00:55 Repeat$_varinit_Repeat$__v_sL_4.class
-rw-rw-r--   1 travis travis    978 Jan  3 00:55 Repeat$_wrapup_Repeat$__w_sL_1.class
drwxrwxr-x   3 travis travis  20480 Jan  3 00:52 Sinewave
drwxrwxr-x   3 travis travis  32768 Jan  3 00:53 StringFunction
drwxrwxr-x   3 travis travis  12288 Jan  3 00:53 StringLength
drwxrwxr-x   3 travis travis  61440 Jan  3 00:53 StringMatches2
drwxrwxr-x   3 travis travis  61440 Jan  3 00:54 StringSimpleReplace
drwxrwxr-x   3 travis travis  65536 Jan  3 00:54 StringSubstring
drwxrwxr-x   3 travis travis  24576 Jan  3 00:54 StringSubstring2
drwxrwxr-x   3 travis travis  16384 Jan  3 00:54 time1
drwxrwxr-x   3 travis travis  12288 Jan  3 00:55 time5
-rw-rw-r--   1 travis travis    432 Jan  3 00:57 Token.class
-rw-rw-r--   1 travis travis    251 Jan  3 00:57 Token.java
-rwxrwxr-x   1 travis travis 466992 Jan  3 00:49 top
-rw-rw-r--   1 travis travis  20502 Jan  3 00:49 top.c
-rw-rw-r--   1 travis travis   3799 Jan  3 00:55 top.class
-rw-rw-r--   1 travis travis   1257 Jan  3 00:55 top.mk
All Done
Writing ModularCodeGenLazyPubSubGlobal_CompositeActor_ModularCodeGenTypedComposite.java in file:/home/travis/cg/ (30161 characters)
Reading "ptolemy/cg/kernel/generic/program/procedural/java/modular/makefile.in",
    writing "/home/travis/cg/ModularCodeGenLazyPubSubGlobal_CompositeActor_ModularCodeGenTypedComposite.mk"
Using ptolemy/cg/kernel/generic/program/procedural/java/modular/makefile.in
In "/home/travis/cg", about to execute:
    make -f
ModularCodeGenLazyPubSubGlobal_CompositeActor_ModularCodeGenTypedComposite.mk
javac -classpath ".:.."    ModularCodeGenLazyPubSubGlobal_CompositeActor_ModularCodeGenTypedComposite.java
All Done
2737 ms. Memory: 129024K Free: 62290K (48%)
----------------- Invoking toplevel() on ptolemy.moml.MoMLSimpleApplication@4d09ccef
----------------- Done invoking toplevel() on ptolemy.moml.MoMLSimpleApplication@4d09ccef
reloadAllAccessors: .ModularCodeGenLazyPubSubGlobal

===========================================================================================
----------------- testing Fri Jan 03 00:57:04 UTC 2020 /home/travis/build/icyphy/ptII/ptolemy/cg/lib/test/auto/ModularCodeGenPubSub1.xml
----------------- Instantiating /home/travis/build/icyphy/ptII/ptolemy/cg/lib/test/auto/ModularCodeGenPubSub1.xml
In "/home/travis/cg", about to execute:
    pwd
In "/home/travis/cg", about to execute:
    ls -l
/home/travis/cg
In "/home/travis/cg", about to execute:
    javac -classpath
.:/home/travis/build/icyphy/ptII:/home/travis/build/icyphy/ptII/lib/bsh-2.0b4.j
ar:/home/travis/build/icyphy/ptII/lib/ptCal.jar:/home/travis/build/icyphy/ptII/
lib/java_cup.jar:/home/travis/build/icyphy/ptII/lib/saxon8.jar:/home/travis/bui
ld/icyphy/ptII/lib/saxon8-dom.jar:/home/travis/build/icyphy/ptII/lib/chic.jar:/
home/travis/build/icyphy/ptII/lib/ptcolt.jar:/home/travis/build/icyphy/ptII/ven
dors/misc/itext/iText.jar:/home/travis/build/icyphy/ptII/lib/g4ltl.jar:/home/tr
avis/build/icyphy/ptII/lib/StructuralCoder.jar:/home/travis/build/icyphy/ptII/l
ib/jcerti.jar:/home/travis/build/icyphy/ptII/lib/javax.mail.jar:/home/travis/bu
ild/icyphy/ptII/vendors/JMF-2.1.1e/lib/jmf.jar:/home/travis/build/icyphy/ptII/l
ib/jna-4.0.0-variadic.jar:/home/travis/build/icyphy/ptII/vendors/misc/joystick/
Joystick.jar:/home/travis/build/icyphy/ptII/lib/ptjacl.jar:/home/travis/build/i
cyphy/ptII/lib/jsoup-1.8.2.jar:/home/travis/build/icyphy/ptII/lib/junit-4.8.2.j
ar:/home/travis/build/icyphy/ptII/lib/JUnitParams-0.4.0.jar:/home/travis/build/
icyphy/ptII/ptolemy/actor/lib/excel/jxl.jar:/home/travis/build/icyphy/ptII/lib/
jython.jar:/home/travis/build/icyphy/ptII/lib/kieler.jar:/home/travis/build/icy
phy/ptII/vendors/opencv/share/OpenCV/java/opencv-341.jar:/home/travis/build/icy
phy/ptII/lib/oscP5.jar:/home/travis/build/icyphy/ptII/lib/nrjavaserial-3.11.0.d
evel.jar:/home/travis/build/icyphy/ptII/vendors/j3d/lib/Linux/j3dcore.jar:/home
/travis/build/icyphy/ptII/vendors/j3d/lib/Linux/j3dutils.jar:/home/travis/build
/icyphy/ptII/vendors/j3d/lib/Linux/vecmath.jar:/home/travis/build/icyphy/ptII/v
endors/jogl/lib/Linux/gluegen-rt-natives-linux-amd64.jar:/home/travis/build/icy
phy/ptII/vendors/jogl/lib/Linux/gluegen-rt.jar:/home/travis/build/icyphy/ptII/v
endors/jogl/lib/Linux/jogl-all-natives-linux-amd64.jar:/home/travis/build/icyph
y/ptII/vendors/jogl/lib/Linux/jogl-all.jar:/home/travis/build/icyphy/ptII/ptole
my/distributed/jini/jar/jini-core.jar:/home/travis/build/icyphy/ptII/ptolemy/di
stributed/jini/jar/jini-ext.jar:/home/travis/build/icyphy/ptII/ptolemy/distribu
ted/jini/jar/sun-util.jar:/home/travis/build/icyphy/ptII/lib/protobuf-java-2.4.
1.jar:/home/travis/build/icyphy/ptII/lib/org.eclipse.paho.client.mqttv3.jar:/ho
me/travis/build/icyphy/ptII/lib/mapss.jar:/home/travis/build/icyphy/ptII/ptolem
y/actor/ptalon/antlr/antlr.jar:/home/travis/build/icyphy/ptII/lib/JRI.jar:/home
/travis/build/icyphy/ptII/lib/commons-lang-2.6.jar:/home/travis/build/icyphy/pt
II/lib/commons-logging-1.1.1.jar:/home/travis/build/icyphy/ptII/lib/sootclasses
.jar:/home/travis/build/icyphy/ptII/ptolemy/actor/lib/database/mysql-connector-
java-5.1.6-bin.jar:/home/travis/build/icyphy/ptII/vendors/misc/sphinx4/sphinx4-
data-5prealpha.jar:/home/travis/build/icyphy/ptII/vendors/misc/sphinx4/sphinx4-
core-5prealpha.jar:/home/travis/build/icyphy/ptII/lib/PDFRenderer.jar:/home/tra
vis/build/icyphy/ptII/lib/svgSalamander.jar:/home/travis/build/icyphy/ptII/lib/
rsyntaxtextarea-2.6.0-SNAPSHOT.jar:/home/travis/build/icyphy/ptII/lib/hazelcast
-3.8.2.jar:/home/travis/build/icyphy/ptII/lib/jackson-annotations-2.9.0.jar:/ho
me/travis/build/icyphy/ptII/lib/jackson-core-2.9.3.jar:/home/travis/build/icyph
y/ptII/lib/jackson-databind-2.9.3.jar:/home/travis/build/icyphy/ptII/lib/netty-
buffer-4.1.19.Final.jar:/home/travis/build/icyphy/ptII/lib/netty-codec-4.1.19.F
inal.jar:/home/travis/build/icyphy/ptII/lib/netty-codec-dns-4.1.19.Final.jar:/h
ome/travis/build/icyphy/ptII/lib/netty-codec-http-4.1.19.Final.jar:/home/travis
/build/icyphy/ptII/lib/netty-codec-http2-4.1.19.Final.jar:/home/travis/build/ic
yphy/ptII/lib/netty-common-4.1.19.Final.jar:/home/travis/build/icyphy/ptII/lib/
netty-handler-4.1.19.Final.jar:/home/travis/build/icyphy/ptII/lib/netty-resolve
r-4.1.19.Final.jar:/home/travis/build/icyphy/ptII/lib/netty-resolver-dns-4.1.19
.Final.jar:/home/travis/build/icyphy/ptII/lib/netty-transport-4.1.19.Final.jar:
/home/travis/build/icyphy/ptII/lib/vertx-codegen-3.5.1.jar:/home/travis/build/i
cyphy/ptII/lib/vertx-core-3.5.2-SNAPSHOT.jar:/home/travis/build/icyphy/ptII/lib
/vertx-hazelcast-3.5.1.jar:/home/travis/build/icyphy/ptII/lib/vertx-lang-js-3.5
.1.jar:/home/travis/build/icyphy/ptII/lib/vertx-service-proxy-3.5.1.jar:/home/t
ravis/build/icyphy/ptII/lib/vertx-web-3.5.1.jar:/home/travis/build/icyphy/ptII/
lib/slf4j-api-1.7.13.jar:/home/travis/build/icyphy/ptII/lib/slf4j-simple-1.7.13
.jar:/home/travis/build/icyphy/ptII/lib/webcam-capture-0.3.12.jar:/home/travis/
build/icyphy/ptII/lib/bridj-0.7.0.jar:/home/travis/build/icyphy/ptII/lib/xbjlib
-1.1.0.nrjavaserial.jar:/home/travis/build/icyphy/ptII/ptolemy/moml/test:/home/
travis/build/icyphy/ptII/ant/lib/ant-launcher.jar:/home/travis/build/icyphy/ptI
I/ant/lib/ant.jar:/home/travis/build/icyphy/ptII/ant/lib/ant-junit.jar:/home/tr
avis/build/icyphy/ptII/ant/lib/ant-junit4.jar:/home/travis/build/icyphy/ptII
ModularCodeGenPubSub_A1_profile.java
total 2408
drwxrwxr-x   3 travis travis  12288 Jan  3 00:50 AbsoluteValue
drwxrwxr-x   3 travis travis 102400 Jan  3 00:49 AllColt
-rw-rw-r--   1 travis travis    233 Jan  3 00:57 Array.class
-rw-rw-r--   1 travis travis    459 Jan  3 00:57 Array.java
drwxrwxr-x   3 travis travis  12288 Jan  3 00:50 Case1
-rw-rw-r--   1 travis travis   5128 Jan  3 00:55 CompiledCompositeActor_CompiledCompositeActor.class
-rw-rw-r--   1 travis travis   1611 Jan  3 00:55 CompiledCompositeActor_CompiledCompositeActor$_CompiledCompositeActor_CompiledCompositeActor.class
-rw-rw-r--   1 travis travis  13466 Jan  3 00:55 CompiledCompositeActor_CompiledCompositeActor.java
-rw-rw-r--   1 travis travis   1593 Jan  3 00:55 CompiledCompositeActor_CompiledCompositeActor.mk
drwxrwxr-x   5 travis travis   4096 Jan  3 00:49 fmi
drwxrwxr-x   3 travis travis  16384 Jan  3 00:50 Gaussian2
-rw-rw-r--   1 travis travis   4684 Jan  3 00:55 JavaCompiledCompositeTest1_CompiledCompositeActor.class
-rw-rw-r--   1 travis travis  11637 Jan  3 00:55 JavaCompiledCompositeTest1_CompiledCompositeActor.java
-rw-rw-r--   1 travis travis   1217 Jan  3 00:55 JavaCompiledCompositeTest1_CompiledCompositeActor$_JavaCompiledCompositeTest1_CompiledCompositeActor.class
-rw-rw-r--   1 travis travis   1625 Jan  3 00:55 JavaCompiledCompositeTest1_CompiledCompositeActor.mk
-rw-rw-r--   1 travis travis   5115 Jan  3 00:55 JavaCompiledCompositeTest2_CompiledCompositeActor.class
-rw-rw-r--   1 travis travis  14919 Jan  3 00:55 JavaCompiledCompositeTest2_CompiledCompositeActor.java
-rw-rw-r--   1 travis travis   1812 Jan  3 00:55 JavaCompiledCompositeTest2_CompiledCompositeActor$_JavaCompiledCompositeTest2_CompiledCompositeActor.class
-rw-rw-r--   1 travis travis   1625 Jan  3 00:55 JavaCompiledCompositeTest2_CompiledCompositeActor.mk
-rw-rw-r--   1 travis travis   4732 Jan  3 00:55 JavaCompiledCompositeTest3_CompiledCompositeActor.class
-rw-rw-r--   1 travis travis  13080 Jan  3 00:55 JavaCompiledCompositeTest3_CompiledCompositeActor.java
-rw-rw-r--   1 travis travis   1397 Jan  3 00:55 JavaCompiledCompositeTest3_CompiledCompositeActor$_JavaCompiledCompositeTest3_CompiledCompositeActor.class
-rw-rw-r--   1 travis travis   1625 Jan  3 00:55 JavaCompiledCompositeTest3_CompiledCompositeActor.mk
-rw-rw-r--   1 travis travis   4183 Jan  3 00:55 JavaCompiledCompositeTest4_CompiledCompositeActor.class
-rw-rw-r--   1 travis travis   9687 Jan  3 00:55 JavaCompiledCompositeTest4_CompiledCompositeActor.java
-rw-rw-r--   1 travis travis    876 Jan  3 00:55 JavaCompiledCompositeTest4_CompiledCompositeActor$_JavaCompiledCompositeTest4_CompiledCompositeActor.class
-rw-rw-r--   1 travis travis   1625 Jan  3 00:55 JavaCompiledCompositeTest4_CompiledCompositeActor.mk
drwxrwxr-x   3 travis travis  12288 Jan  3 00:51 LookupTable
drwxrwxr-x   3 travis travis  20480 Jan  3 00:51 MaxIndex
-rw-rw-r--   1 travis travis   3925 Jan  3 00:55 ModularCG_A1_B1.class
-rw-rw-r--   1 travis travis   9730 Jan  3 00:55 ModularCG_A1_B1.java
-rw-rw-r--   1 travis travis    832 Jan  3 00:55 ModularCG_A1_B1.mk
-rw-rw-r--   1 travis travis   1318 Jan  3 00:55 ModularCG_A1_B1_profile.class
-rw-rw-r--   1 travis travis   1262 Jan  3 00:55 ModularCG_A1_B1_profile.java
-rw-rw-r--   1 travis travis   3925 Jan  3 00:55 ModularCG_A1_B2.class
-rw-rw-r--   1 travis travis   9730 Jan  3 00:55 ModularCG_A1_B2.java
-rw-rw-r--   1 travis travis    832 Jan  3 00:55 ModularCG_A1_B2.mk
-rw-rw-r--   1 travis travis   1318 Jan  3 00:55 ModularCG_A1_B2_profile.class
-rw-rw-r--   1 travis travis   1262 Jan  3 00:55 ModularCG_A1_B2_profile.java
-rw-rw-r--   1 travis travis   5031 Jan  3 00:55 ModularCG_A1.class
-rw-rw-r--   1 travis travis  14742 Jan  3 00:55 ModularCG_A1.java
-rw-rw-r--   1 travis travis    808 Jan  3 00:55 ModularCG_A1.mk
-rw-rw-r--   1 travis travis   1433 Jan  3 00:55 ModularCG_A1_profile.class
-rw-rw-r--   1 travis travis   1704 Jan  3 00:55 ModularCG_A1_profile.java
-rw-rw-r--   1 travis travis   4059 Jan  3 00:55 ModularCG_A2_B1.class
-rw-rw-r--   1 travis travis  10667 Jan  3 00:55 ModularCG_A2_B1.java
-rw-rw-r--   1 travis travis    832 Jan  3 00:55 ModularCG_A2_B1.mk
-rw-rw-r--   1 travis travis   1381 Jan  3 00:55 ModularCG_A2_B1_profile.class
-rw-rw-r--   1 travis travis   1446 Jan  3 00:55 ModularCG_A2_B1_profile.java
-rw-rw-r--   1 travis travis   3925 Jan  3 00:55 ModularCG_A2_B2.class
-rw-rw-r--   1 travis travis   9730 Jan  3 00:55 ModularCG_A2_B2.java
-rw-rw-r--   1 travis travis    832 Jan  3 00:55 ModularCG_A2_B2.mk
-rw-rw-r--   1 travis travis   1318 Jan  3 00:55 ModularCG_A2_B2_profile.class
-rw-rw-r--   1 travis travis   1262 Jan  3 00:55 ModularCG_A2_B2_profile.java
-rw-rw-r--   1 travis travis   5102 Jan  3 00:56 ModularCG_A2.class
-rw-rw-r--   1 travis travis  15129 Jan  3 00:56 ModularCG_A2.java
-rw-rw-r--   1 travis travis    808 Jan  3 00:56 ModularCG_A2.mk
-rw-rw-r--   1 travis travis   1433 Jan  3 00:56 ModularCG_A2_profile.class
-rw-rw-r--   1 travis travis   1704 Jan  3 00:55 ModularCG_A2_profile.java
-rw-rw-r--   1 travis travis   3705 Jan  3 00:56 ModularCGPubSub_A1_A2.class
-rw-rw-r--   1 travis travis   9076 Jan  3 00:56 ModularCGPubSub_A1_A2.java
-rw-rw-r--   1 travis travis    880 Jan  3 00:56 ModularCGPubSub_A1_A2.mk
-rw-rw-r--   1 travis travis   1300 Jan  3 00:56 ModularCGPubSub_A1_A2_profile.class
-rw-rw-r--   1 travis travis   1222 Jan  3 00:56 ModularCGPubSub_A1_A2_profile.java
-rw-rw-r--   1 travis travis   4022 Jan  3 00:56 ModularCGPubSub_A1.class
-rw-rw-r--   1 travis travis   9836 Jan  3 00:56 ModularCGPubSub_A1.java
-rw-rw-r--   1 travis travis    856 Jan  3 00:56 ModularCGPubSub_A1.mk
-rw-rw-r--   1 travis travis   1346 Jan  3 00:56 ModularCGPubSub_A1_profile.class
-rw-rw-r--   1 travis travis   1388 Jan  3 00:56 ModularCGPubSub_A1_profile.java
-rw-rw-r--   1 travis travis   4220 Jan  3 00:56 ModularCodeGen2_ModularCodeGenTypedCompositeActor.class
-rw-rw-r--   1 travis travis  11690 Jan  3 00:56 ModularCodeGen2_ModularCodeGenTypedCompositeActor.java
-rw-rw-r--   1 travis travis   1104 Jan  3 00:56 ModularCodeGen2_ModularCodeGenTypedCompositeActor.mk
-rw-rw-r--   1 travis travis   4504 Jan  3 00:56 ModularCodeGen2_ModularCodeGenTypedCompositeActor_ModularCodeGenTypedCompositeActor.class
-rw-rw-r--   1 travis travis  11790 Jan  3 00:56 ModularCodeGen2_ModularCodeGenTypedCompositeActor_ModularCodeGenTypedCompositeActor.java
-rw-rw-r--   1 travis travis   1376 Jan  3 00:56 ModularCodeGen2_ModularCodeGenTypedCompositeActor_ModularCodeGenTypedCompositeActor.mk
-rw-rw-r--   1 travis travis   1421 Jan  3 00:56 ModularCodeGen2_ModularCodeGenTypedCompositeActor_ModularCodeGenTypedCompositeActor_profile.class
-rw-rw-r--   1 travis travis   1294 Jan  3 00:56 ModularCodeGen2_ModularCodeGenTypedCompositeActor_ModularCodeGenTypedCompositeActor_profile.java
-rw-rw-r--   1 travis travis    820 Jan  3 00:56 ModularCodeGen2_ModularCodeGenTypedCompositeActor_profile.class
-rw-rw-r--   1 travis travis    693 Jan  3 00:56 ModularCodeGen2_ModularCodeGenTypedCompositeActor_profile.java
-rw-rw-r--   1 travis travis   3973 Jan  3 00:56 ModularCodeGen3_A1_B1.class
-rw-rw-r--   1 travis travis   9958 Jan  3 00:56 ModularCodeGen3_A1_B1.java
-rw-rw-r--   1 travis travis    880 Jan  3 00:56 ModularCodeGen3_A1_B1.mk
-rw-rw-r--   1 travis travis   1330 Jan  3 00:56 ModularCodeGen3_A1_B1_profile.class
-rw-rw-r--   1 travis travis   1274 Jan  3 00:56 ModularCodeGen3_A1_B1_profile.java
-rw-rw-r--   1 travis travis   3973 Jan  3 00:56 ModularCodeGen3_A1_B2.class
-rw-rw-r--   1 travis travis   9958 Jan  3 00:56 ModularCodeGen3_A1_B2.java
-rw-rw-r--   1 travis travis    880 Jan  3 00:56 ModularCodeGen3_A1_B2.mk
-rw-rw-r--   1 travis travis   1330 Jan  3 00:56 ModularCodeGen3_A1_B2_profile.class
-rw-rw-r--   1 travis travis   1274 Jan  3 00:56 ModularCodeGen3_A1_B2_profile.java
-rw-rw-r--   1 travis travis   5193 Jan  3 00:56 ModularCodeGen3_A1.class
-rw-rw-r--   1 travis travis  15564 Jan  3 00:56 ModularCodeGen3_A1.java
-rw-rw-r--   1 travis travis    856 Jan  3 00:56 ModularCodeGen3_A1.mk
-rw-rw-r--   1 travis travis   1445 Jan  3 00:56 ModularCodeGen3_A1_profile.class
-rw-rw-r--   1 travis travis   1716 Jan  3 00:56 ModularCodeGen3_A1_profile.java
-rw-rw-r--   1 travis travis   4119 Jan  3 00:56 ModularCodeGen3_A2_B1.class
-rw-rw-r--   1 travis travis  10955 Jan  3 00:56 ModularCodeGen3_A2_B1.java
-rw-rw-r--   1 travis travis    880 Jan  3 00:56 ModularCodeGen3_A2_B1.mk
-rw-rw-r--   1 travis travis   1393 Jan  3 00:56 ModularCodeGen3_A2_B1_profile.class
-rw-rw-r--   1 travis travis   1458 Jan  3 00:56 ModularCodeGen3_A2_B1_profile.java
-rw-rw-r--   1 travis travis   3973 Jan  3 00:56 ModularCodeGen3_A2_B2.class
-rw-rw-r--   1 travis travis   9958 Jan  3 00:56 ModularCodeGen3_A2_B2.java
-rw-rw-r--   1 travis travis    880 Jan  3 00:56 ModularCodeGen3_A2_B2.mk
-rw-rw-r--   1 travis travis   1330 Jan  3 00:56 ModularCodeGen3_A2_B2_profile.class
-rw-rw-r--   1 travis travis   1274 Jan  3 00:56 ModularCodeGen3_A2_B2_profile.java
-rw-rw-r--   1 travis travis   5270 Jan  3 00:56 ModularCodeGen3_A2.class
-rw-rw-r--   1 travis travis  15957 Jan  3 00:56 ModularCodeGen3_A2.java
-rw-rw-r--   1 travis travis    856 Jan  3 00:56 ModularCodeGen3_A2.mk
-rw-rw-r--   1 travis travis   1445 Jan  3 00:56 ModularCodeGen3_A2_profile.class
-rw-rw-r--   1 travis travis   1716 Jan  3 00:56 ModularCodeGen3_A2_profile.java
-rw-rw-r--   1 travis travis   4026 Jan  3 00:56 ModularCodeGen4_A1_B1.class
-rw-rw-r--   1 travis travis  10312 Jan  3 00:56 ModularCodeGen4_A1_B1.java
-rw-rw-r--   1 travis travis    880 Jan  3 00:56 ModularCodeGen4_A1_B1.mk
-rw-rw-r--   1 travis travis   1330 Jan  3 00:56 ModularCodeGen4_A1_B1_profile.class
-rw-rw-r--   1 travis travis   1273 Jan  3 00:56 ModularCodeGen4_A1_B1_profile.java
-rw-rw-r--   1 travis travis   4026 Jan  3 00:56 ModularCodeGen4_A1_B2.class
-rw-rw-r--   1 travis travis  10312 Jan  3 00:56 ModularCodeGen4_A1_B2.java
-rw-rw-r--   1 travis travis    880 Jan  3 00:56 ModularCodeGen4_A1_B2.mk
-rw-rw-r--   1 travis travis   1330 Jan  3 00:56 ModularCodeGen4_A1_B2_profile.class
-rw-rw-r--   1 travis travis   1273 Jan  3 00:56 ModularCodeGen4_A1_B2_profile.java
-rw-rw-r--   1 travis travis   5333 Jan  3 00:56 ModularCodeGen4_A1.class
-rw-rw-r--   1 travis travis  16245 Jan  3 00:56 ModularCodeGen4_A1.java
-rw-rw-r--   1 travis travis    856 Jan  3 00:56 ModularCodeGen4_A1.mk
-rw-rw-r--   1 travis travis   1445 Jan  3 00:56 ModularCodeGen4_A1_profile.class
-rw-rw-r--   1 travis travis   1712 Jan  3 00:56 ModularCodeGen4_A1_profile.java
-rw-rw-r--   1 travis travis   4220 Jan  3 00:56 ModularCodeGen4_A2_B1.class
-rw-rw-r--   1 travis travis  11375 Jan  3 00:56 ModularCodeGen4_A2_B1.java
-rw-rw-r--   1 travis travis    880 Jan  3 00:56 ModularCodeGen4_A2_B1.mk
-rw-rw-r--   1 travis travis   1393 Jan  3 00:56 ModularCodeGen4_A2_B1_profile.class
-rw-rw-r--   1 travis travis   1454 Jan  3 00:56 ModularCodeGen4_A2_B1_profile.java
-rw-rw-r--   1 travis travis   4074 Jan  3 00:56 ModularCodeGen4_A2_B2.class
-rw-rw-r--   1 travis travis  10378 Jan  3 00:56 ModularCodeGen4_A2_B2.java
-rw-rw-r--   1 travis travis    880 Jan  3 00:56 ModularCodeGen4_A2_B2.mk
-rw-rw-r--   1 travis travis   1330 Jan  3 00:56 ModularCodeGen4_A2_B2_profile.class
-rw-rw-r--   1 travis travis   1270 Jan  3 00:56 ModularCodeGen4_A2_B2_profile.java
-rw-rw-r--   1 travis travis   5506 Jan  3 00:56 ModularCodeGen4_A2.class
-rw-rw-r--   1 travis travis  16770 Jan  3 00:56 ModularCodeGen4_A2.java
-rw-rw-r--   1 travis travis    856 Jan  3 00:56 ModularCodeGen4_A2.mk
-rw-rw-r--   1 travis travis   1445 Jan  3 00:56 ModularCodeGen4_A2_profile.class
-rw-rw-r--   1 travis travis   1712 Jan  3 00:56 ModularCodeGen4_A2_profile.java
-rw-rw-r--   1 travis travis   7070 Jan  3 00:56 ModularCodeGen5_A_A.class
-rw-rw-r--   1 travis travis  28721 Jan  3 00:56 ModularCodeGen5_A_A.java
-rw-rw-r--   1 travis travis    864 Jan  3 00:56 ModularCodeGen5_A_A.mk
-rw-rw-r--   1 travis travis   1520 Jan  3 00:56 ModularCodeGen5_A_A_profile.class
-rw-rw-r--   1 travis travis   1815 Jan  3 00:56 ModularCodeGen5_A_A_profile.java
-rw-rw-r--   1 travis travis   5347 Jan  3 00:56 ModularCodeGen5_A.class
-rw-rw-r--   1 travis travis  13769 Jan  3 00:56 ModularCodeGen5_A.java
-rw-rw-r--   1 travis travis    848 Jan  3 00:56 ModularCodeGen5_A.mk
-rw-rw-r--   1 travis travis   1422 Jan  3 00:56 ModularCodeGen5_A_profile.class
-rw-rw-r--   1 travis travis   1605 Jan  3 00:56 ModularCodeGen5_A_profile.java
-rw-rw-r--   1 travis travis   4357 Jan  3 00:56 ModularCodeGen6_A_A2.class
-rw-rw-r--   1 travis travis  11329 Jan  3 00:56 ModularCodeGen6_A_A2.java
-rw-rw-r--   1 travis travis    872 Jan  3 00:56 ModularCodeGen6_A_A2.mk
-rw-rw-r--   1 travis travis   1351 Jan  3 00:56 ModularCodeGen6_A_A2_profile.class
-rw-rw-r--   1 travis travis   1364 Jan  3 00:56 ModularCodeGen6_A_A2_profile.java
-rw-rw-r--   1 travis travis   4340 Jan  3 00:56 ModularCodeGen6_A_A.class
-rw-rw-r--   1 travis travis  11221 Jan  3 00:56 ModularCodeGen6_A_A.java
-rw-rw-r--   1 travis travis    864 Jan  3 00:56 ModularCodeGen6_A_A.mk
-rw-rw-r--   1 travis travis   1348 Jan  3 00:56 ModularCodeGen6_A_A_profile.class
-rw-rw-r--   1 travis travis   1361 Jan  3 00:56 ModularCodeGen6_A_A_profile.java
-rw-rw-r--   1 travis travis   7469 Jan  3 00:56 ModularCodeGen6_A.class
-rw-rw-r--   1 travis travis  26535 Jan  3 00:56 ModularCodeGen6_A.java
-rw-rw-r--   1 travis travis    848 Jan  3 00:56 ModularCodeGen6_A.mk
-rw-rw-r--   1 travis travis   1483 Jan  3 00:56 ModularCodeGen6_A_profile.class
-rw-rw-r--   1 travis travis   1810 Jan  3 00:56 ModularCodeGen6_A_profile.java
-rw-rw-r--   1 travis travis   9633 Jan  3 00:57 ModularCodeGenLazyPubSubGlobal_CompositeActor_ModularCodeGenTypedComposite.class
-rw-rw-r--   1 travis travis  30161 Jan  3 00:57 ModularCodeGenLazyPubSubGlobal_CompositeActor_ModularCodeGenTypedComposite.java
-rw-rw-r--   1 travis travis   1304 Jan  3 00:57 ModularCodeGenLazyPubSubGlobal_CompositeActor_ModularCodeGenTypedComposite.mk
-rw-rw-r--   1 travis travis   1438 Jan  3 00:57 ModularCodeGenLazyPubSubGlobal_CompositeActor_ModularCodeGenTypedComposite_profile.class
-rw-rw-r--   1 travis travis   1384 Jan  3 00:57 ModularCodeGenLazyPubSubGlobal_CompositeActor_ModularCodeGenTypedComposite_profile.java
-rw-rw-r--   1 travis travis   4184 Jan  3 00:57 ModularCodeGenLazyPubSub_LazyCompositeActor.class
-rw-rw-r--   1 travis travis  11122 Jan  3 00:57 ModularCodeGenLazyPubSub_LazyCompositeActor.java
-rw-rw-r--   1 travis travis   1056 Jan  3 00:57 ModularCodeGenLazyPubSub_LazyCompositeActor.mk
-rw-rw-r--   1 travis travis   1286 Jan  3 00:57 ModularCodeGenLazyPubSub_LazyCompositeActor_profile.class
-rw-rw-r--   1 travis travis   1091 Jan  3 00:56 ModularCodeGenLazyPubSub_LazyCompositeActor_profile.java
-rw-rw-r--   1 travis travis   4186 Jan  3 00:56 ModularCodeGen_ModularCodeGenTypedCompositeActor.class
-rw-rw-r--   1 travis travis  10970 Jan  3 00:56 ModularCodeGen_ModularCodeGenTypedCompositeActor.java
-rw-rw-r--   1 travis travis   1096 Jan  3 00:56 ModularCodeGen_ModularCodeGenTypedCompositeActor.mk
-rw-rw-r--   1 travis travis   1384 Jan  3 00:56 ModularCodeGen_ModularCodeGenTypedCompositeActor_profile.class
-rw-rw-r--   1 travis travis   1328 Jan  3 00:56 ModularCodeGen_ModularCodeGenTypedCompositeActor_profile.java
-rw-rw-r--   1 travis travis   1195 Jan  3 00:57 ModularCodeGenPubSub_A1_profile.java
-rw-rw-r--   1 travis travis   3724 Jan  3 00:55 ModularCodeGenTest_A1_A2.class
-rw-rw-r--   1 travis travis   9164 Jan  3 00:55 ModularCodeGenTest_A1_A2.java
-rw-rw-r--   1 travis travis   1306 Jan  3 00:55 ModularCodeGenTest_A1_A2_profile.class
-rw-rw-r--   1 travis travis   4055 Jan  3 00:55 ModularCodeGenTest_A1.class
-rw-rw-r--   1 travis travis   9968 Jan  3 00:55 ModularCodeGenTest_A1.java
-rw-rw-r--   1 travis travis    880 Jan  3 00:55 ModularCodeGenTest_A1.mk
-rw-rw-r--   1 travis travis   1352 Jan  3 00:55 ModularCodeGenTest_A1_profile.class
-rw-rw-r--   1 travis travis   1394 Jan  3 00:55 ModularCodeGenTest_A1_profile.java
drwxrwxr-x   3 travis travis  32768 Jan  3 00:55 modulation2
drwxrwxr-x 116 travis travis  12288 Jan  3 00:55 node_modules
drwxrwxr-x   3 travis travis  20480 Jan  3 00:51 PhaseUnwrap
drwxrwxr-x   3 travis travis  12288 Jan  3 00:51 ReadFile1
-rw-rw-r--   1 travis travis     11 Jan  3 00:51 ReadFile1Output.txt
-rw-rw-r--   1 travis travis  13773 Jan  3 00:55 Repeat.class
-rw-rw-r--   1 travis travis    685 Jan  3 00:55 Repeat$_fireFunction_Repeat_Repeat$__f_sL_11.class
-rw-rw-r--   1 travis travis    541 Jan  3 00:55 Repeat$_fireFunction_Repeat_Repeat$__f_sL_12.class
-rw-rw-r--   1 travis travis    541 Jan  3 00:55 Repeat$_fireFunction_Repeat_Repeat$__f_sL_13.class
-rw-rw-r--   1 travis travis    541 Jan  3 00:55 Repeat$_fireFunction_Repeat_Repeat$__f_sL_14.class
-rw-rw-r--   1 travis travis    684 Jan  3 00:55 Repeat$_fireFunction_Repeat_Repeat$__f_sL_1.class
-rw-rw-r--   1 travis travis    683 Jan  3 00:55 Repeat$_fireFunction_Repeat_Repeat$__f_sL_4.class
-rw-rw-r--   1 travis travis    539 Jan  3 00:55 Repeat$_fireFunction_Repeat_Repeat$__f_sL_9.class
-rw-rw-r--   1 travis travis    494 Jan  3 00:55 Repeat$_initialize_Repeat$__i_sL_2.class
-rw-rw-r--   1 travis travis   1281 Jan  3 00:55 Repeat.mk
-rw-rw-r--   1 travis travis    539 Jan  3 00:55 Repeat$_preinitializeMethod_Repeat$__p_sL_0.class
-rw-rw-r--   1 travis travis   1102 Jan  3 00:55 Repeat$_Repeat$_fireFunction_Repeat_AddSubtract_Repeat.class
-rw-rw-r--   1 travis travis    810 Jan  3 00:55 Repeat$_Repeat$_fireFunction_Repeat_AddSubtract_Repeat$__f_sL_0.class
-rw-rw-r--   1 travis travis    928 Jan  3 00:55 Repeat$_Repeat$_fireFunction_Repeat_AddSubtract_Repeat$__f_sL_1.class
-rw-rw-r--   1 travis travis    934 Jan  3 00:55 Repeat$_Repeat$_fireFunction_Repeat_AddSubtract_Repeat$__f_sL_2.class
-rw-rw-r--   1 travis travis    862 Jan  3 00:55 Repeat$_Repeat$_fireFunction_Repeat_AddSubtract_Repeat$__f_sL_3.class
-rw-rw-r--   1 travis travis    757 Jan  3 00:55 Repeat$_Repeat$_fireFunction_Repeat_Ramp2_Repeat$__f_sL_0.class
-rw-rw-r--   1 travis travis    888 Jan  3 00:55 Repeat$_Repeat$_fireFunction_Repeat_Test_Repeat$__f_sL_0.class
-rw-rw-r--   1 travis travis    634 Jan  3 00:55 Repeat$_Repeat$_fireFunction_Repeat_Test_Repeat$__f_sL_1.class
-rw-rw-r--   1 travis travis    704 Jan  3 00:55 Repeat$_Repeat_SDF_Director_run_Repeat$__R_sL_0.class
-rw-rw-r--   1 travis travis    705 Jan  3 00:55 Repeat$_Repeat_SDF_Director_run_Repeat$__R_sL_11.class
-rw-rw-r--   1 travis travis    561 Jan  3 00:55 Repeat$_Repeat_SDF_Director_run_Repeat$__R_sL_13.class
-rw-rw-r--   1 travis travis    559 Jan  3 00:55 Repeat$_Repeat_SDF_Director_run_Repeat$__R_sL_2.class
-rw-rw-r--   1 travis travis    703 Jan  3 00:55 Repeat$_Repeat_SDF_Director_run_Repeat$__R_sL_3.class
-rw-rw-r--   1 travis travis    559 Jan  3 00:55 Repeat$_Repeat_SDF_Director_run_Repeat$__R_sL_5.class
-rw-rw-r--   1 travis travis    559 Jan  3 00:55 Repeat$_Repeat_SDF_Director_run_Repeat$__R_sL_8.class
drwxrwxr-x   2 travis travis   4096 Jan  3 00:55 RepeatVariables
-rw-rw-r--   1 travis travis    882 Jan  3 00:55 Repeat$_varinit_Repeat.class
-rw-rw-r--   1 travis travis    550 Jan  3 00:55 Repeat$_varinit_Repeat$__v_sL_2.class
-rw-rw-r--   1 travis travis    924 Jan  3 00:55 Repeat$_varinit_Repeat$__v_sL_4.class
-rw-rw-r--   1 travis travis    978 Jan  3 00:55 Repeat$_wrapup_Repeat$__w_sL_1.class
drwxrwxr-x   3 travis travis  20480 Jan  3 00:52 Sinewave
drwxrwxr-x   3 travis travis  32768 Jan  3 00:53 StringFunction
drwxrwxr-x   3 travis travis  12288 Jan  3 00:53 StringLength
drwxrwxr-x   3 travis travis  61440 Jan  3 00:53 StringMatches2
drwxrwxr-x   3 travis travis  61440 Jan  3 00:54 StringSimpleReplace
drwxrwxr-x   3 travis travis  65536 Jan  3 00:54 StringSubstring
drwxrwxr-x   3 travis travis  24576 Jan  3 00:54 StringSubstring2
drwxrwxr-x   3 travis travis  16384 Jan  3 00:54 time1
drwxrwxr-x   3 travis travis  12288 Jan  3 00:55 time5
-rw-rw-r--   1 travis travis    432 Jan  3 00:57 Token.class
-rw-rw-r--   1 travis travis    251 Jan  3 00:57 Token.java
-rwxrwxr-x   1 travis travis 466992 Jan  3 00:49 top
-rw-rw-r--   1 travis travis  20502 Jan  3 00:49 top.c
-rw-rw-r--   1 travis travis   3799 Jan  3 00:55 top.class
-rw-rw-r--   1 travis travis   1257 Jan  3 00:55 top.mk
All Done
Writing ModularCodeGenPubSub_A1.java in file:/home/travis/cg/ (9060 characters)
Reading "ptolemy/cg/kernel/generic/program/procedural/java/modular/makefile.in",
    writing "/home/travis/cg/ModularCodeGenPubSub_A1.mk"
Using ptolemy/cg/kernel/generic/program/procedural/java/modular/makefile.in
In "/home/travis/cg", about to execute:
    make -f ModularCodeGenPubSub_A1.mk
javac -classpath ".:.."    ModularCodeGenPubSub_A1.java
All Done
2716 ms. Memory: 129024K Free: 30182K (23%)
----------------- Invoking toplevel() on ptolemy.moml.MoMLSimpleApplication@62362942
----------------- Done invoking toplevel() on ptolemy.moml.MoMLSimpleApplication@62362942
reloadAllAccessors: .ModularCodeGenPubSub

===========================================================================================
----------------- testing Fri Jan 03 00:57:06 UTC 2020 /home/travis/build/icyphy/ptII/ptolemy/cg/lib/test/auto/ModularCodeGenPubSub2.xml
----------------- Instantiating /home/travis/build/icyphy/ptII/ptolemy/cg/lib/test/auto/ModularCodeGenPubSub2.xml
In "/home/travis/cg", about to execute:
    pwd
In "/home/travis/cg", about to execute:
    ls -l
/home/travis/cg
In "/home/travis/cg", about to execute:
    javac -classpath
.:/home/travis/build/icyphy/ptII:/home/travis/build/icyphy/ptII/lib/bsh-2.0b4.j
ar:/home/travis/build/icyphy/ptII/lib/ptCal.jar:/home/travis/build/icyphy/ptII/
lib/java_cup.jar:/home/travis/build/icyphy/ptII/lib/saxon8.jar:/home/travis/bui
ld/icyphy/ptII/lib/saxon8-dom.jar:/home/travis/build/icyphy/ptII/lib/chic.jar:/
home/travis/build/icyphy/ptII/lib/ptcolt.jar:/home/travis/build/icyphy/ptII/ven
dors/misc/itext/iText.jar:/home/travis/build/icyphy/ptII/lib/g4ltl.jar:/home/tr
avis/build/icyphy/ptII/lib/StructuralCoder.jar:/home/travis/build/icyphy/ptII/l
ib/jcerti.jar:/home/travis/build/icyphy/ptII/lib/javax.mail.jar:/home/travis/bu
ild/icyphy/ptII/vendors/JMF-2.1.1e/lib/jmf.jar:/home/travis/build/icyphy/ptII/l
ib/jna-4.0.0-variadic.jar:/home/travis/build/icyphy/ptII/vendors/misc/joystick/
Joystick.jar:/home/travis/build/icyphy/ptII/lib/ptjacl.jar:/home/travis/build/i
cyphy/ptII/lib/jsoup-1.8.2.jar:/home/travis/build/icyphy/ptII/lib/junit-4.8.2.j
ar:/home/travis/build/icyphy/ptII/lib/JUnitParams-0.4.0.jar:/home/travis/build/
icyphy/ptII/ptolemy/actor/lib/excel/jxl.jar:/home/travis/build/icyphy/ptII/lib/
jython.jar:/home/travis/build/icyphy/ptII/lib/kieler.jar:/home/travis/build/icy
phy/ptII/vendors/opencv/share/OpenCV/java/opencv-341.jar:/home/travis/build/icy
phy/ptII/lib/oscP5.jar:/home/travis/build/icyphy/ptII/lib/nrjavaserial-3.11.0.d
evel.jar:/home/travis/build/icyphy/ptII/vendors/j3d/lib/Linux/j3dcore.jar:/home
/travis/build/icyphy/ptII/vendors/j3d/lib/Linux/j3dutils.jar:/home/travis/build
/icyphy/ptII/vendors/j3d/lib/Linux/vecmath.jar:/home/travis/build/icyphy/ptII/v
endors/jogl/lib/Linux/gluegen-rt-natives-linux-amd64.jar:/home/travis/build/icy
phy/ptII/vendors/jogl/lib/Linux/gluegen-rt.jar:/home/travis/build/icyphy/ptII/v
endors/jogl/lib/Linux/jogl-all-natives-linux-amd64.jar:/home/travis/build/icyph
y/ptII/vendors/jogl/lib/Linux/jogl-all.jar:/home/travis/build/icyphy/ptII/ptole
my/distributed/jini/jar/jini-core.jar:/home/travis/build/icyphy/ptII/ptolemy/di
stributed/jini/jar/jini-ext.jar:/home/travis/build/icyphy/ptII/ptolemy/distribu
ted/jini/jar/sun-util.jar:/home/travis/build/icyphy/ptII/lib/protobuf-java-2.4.
1.jar:/home/travis/build/icyphy/ptII/lib/org.eclipse.paho.client.mqttv3.jar:/ho
me/travis/build/icyphy/ptII/lib/mapss.jar:/home/travis/build/icyphy/ptII/ptolem
y/actor/ptalon/antlr/antlr.jar:/home/travis/build/icyphy/ptII/lib/JRI.jar:/home
/travis/build/icyphy/ptII/lib/commons-lang-2.6.jar:/home/travis/build/icyphy/pt
II/lib/commons-logging-1.1.1.jar:/home/travis/build/icyphy/ptII/lib/sootclasses
.jar:/home/travis/build/icyphy/ptII/ptolemy/actor/lib/database/mysql-connector-
java-5.1.6-bin.jar:/home/travis/build/icyphy/ptII/vendors/misc/sphinx4/sphinx4-
data-5prealpha.jar:/home/travis/build/icyphy/ptII/vendors/misc/sphinx4/sphinx4-
core-5prealpha.jar:/home/travis/build/icyphy/ptII/lib/PDFRenderer.jar:/home/tra
vis/build/icyphy/ptII/lib/svgSalamander.jar:/home/travis/build/icyphy/ptII/lib/
rsyntaxtextarea-2.6.0-SNAPSHOT.jar:/home/travis/build/icyphy/ptII/lib/hazelcast
-3.8.2.jar:/home/travis/build/icyphy/ptII/lib/jackson-annotations-2.9.0.jar:/ho
me/travis/build/icyphy/ptII/lib/jackson-core-2.9.3.jar:/home/travis/build/icyph
y/ptII/lib/jackson-databind-2.9.3.jar:/home/travis/build/icyphy/ptII/lib/netty-
buffer-4.1.19.Final.jar:/home/travis/build/icyphy/ptII/lib/netty-codec-4.1.19.F
inal.jar:/home/travis/build/icyphy/ptII/lib/netty-codec-dns-4.1.19.Final.jar:/h
ome/travis/build/icyphy/ptII/lib/netty-codec-http-4.1.19.Final.jar:/home/travis
/build/icyphy/ptII/lib/netty-codec-http2-4.1.19.Final.jar:/home/travis/build/ic
yphy/ptII/lib/netty-common-4.1.19.Final.jar:/home/travis/build/icyphy/ptII/lib/
netty-handler-4.1.19.Final.jar:/home/travis/build/icyphy/ptII/lib/netty-resolve
r-4.1.19.Final.jar:/home/travis/build/icyphy/ptII/lib/netty-resolver-dns-4.1.19
.Final.jar:/home/travis/build/icyphy/ptII/lib/netty-transport-4.1.19.Final.jar:
/home/travis/build/icyphy/ptII/lib/vertx-codegen-3.5.1.jar:/home/travis/build/i
cyphy/ptII/lib/vertx-core-3.5.2-SNAPSHOT.jar:/home/travis/build/icyphy/ptII/lib
/vertx-hazelcast-3.5.1.jar:/home/travis/build/icyphy/ptII/lib/vertx-lang-js-3.5
.1.jar:/home/travis/build/icyphy/ptII/lib/vertx-service-proxy-3.5.1.jar:/home/t
ravis/build/icyphy/ptII/lib/vertx-web-3.5.1.jar:/home/travis/build/icyphy/ptII/
lib/slf4j-api-1.7.13.jar:/home/travis/build/icyphy/ptII/lib/slf4j-simple-1.7.13
.jar:/home/travis/build/icyphy/ptII/lib/webcam-capture-0.3.12.jar:/home/travis/
build/icyphy/ptII/lib/bridj-0.7.0.jar:/home/travis/build/icyphy/ptII/lib/xbjlib
-1.1.0.nrjavaserial.jar:/home/travis/build/icyphy/ptII/ptolemy/moml/test:/home/
travis/build/icyphy/ptII/ant/lib/ant-launcher.jar:/home/travis/build/icyphy/ptI
I/ant/lib/ant.jar:/home/travis/build/icyphy/ptII/ant/lib/ant-junit.jar:/home/tr
avis/build/icyphy/ptII/ant/lib/ant-junit4.jar:/home/travis/build/icyphy/ptII
ModularCodeGenPubSub2_A1_A_profile.java
total 2436
drwxrwxr-x   3 travis travis  12288 Jan  3 00:50 AbsoluteValue
drwxrwxr-x   3 travis travis 102400 Jan  3 00:49 AllColt
-rw-rw-r--   1 travis travis    233 Jan  3 00:57 Array.class
-rw-rw-r--   1 travis travis    459 Jan  3 00:57 Array.java
drwxrwxr-x   3 travis travis  12288 Jan  3 00:50 Case1
-rw-rw-r--   1 travis travis   5128 Jan  3 00:55 CompiledCompositeActor_CompiledCompositeActor.class
-rw-rw-r--   1 travis travis   1611 Jan  3 00:55 CompiledCompositeActor_CompiledCompositeActor$_CompiledCompositeActor_CompiledCompositeActor.class
-rw-rw-r--   1 travis travis  13466 Jan  3 00:55 CompiledCompositeActor_CompiledCompositeActor.java
-rw-rw-r--   1 travis travis   1593 Jan  3 00:55 CompiledCompositeActor_CompiledCompositeActor.mk
drwxrwxr-x   5 travis travis   4096 Jan  3 00:49 fmi
drwxrwxr-x   3 travis travis  16384 Jan  3 00:50 Gaussian2
-rw-rw-r--   1 travis travis   4684 Jan  3 00:55 JavaCompiledCompositeTest1_CompiledCompositeActor.class
-rw-rw-r--   1 travis travis  11637 Jan  3 00:55 JavaCompiledCompositeTest1_CompiledCompositeActor.java
-rw-rw-r--   1 travis travis   1217 Jan  3 00:55 JavaCompiledCompositeTest1_CompiledCompositeActor$_JavaCompiledCompositeTest1_CompiledCompositeActor.class
-rw-rw-r--   1 travis travis   1625 Jan  3 00:55 JavaCompiledCompositeTest1_CompiledCompositeActor.mk
-rw-rw-r--   1 travis travis   5115 Jan  3 00:55 JavaCompiledCompositeTest2_CompiledCompositeActor.class
-rw-rw-r--   1 travis travis  14919 Jan  3 00:55 JavaCompiledCompositeTest2_CompiledCompositeActor.java
-rw-rw-r--   1 travis travis   1812 Jan  3 00:55 JavaCompiledCompositeTest2_CompiledCompositeActor$_JavaCompiledCompositeTest2_CompiledCompositeActor.class
-rw-rw-r--   1 travis travis   1625 Jan  3 00:55 JavaCompiledCompositeTest2_CompiledCompositeActor.mk
-rw-rw-r--   1 travis travis   4732 Jan  3 00:55 JavaCompiledCompositeTest3_CompiledCompositeActor.class
-rw-rw-r--   1 travis travis  13080 Jan  3 00:55 JavaCompiledCompositeTest3_CompiledCompositeActor.java
-rw-rw-r--   1 travis travis   1397 Jan  3 00:55 JavaCompiledCompositeTest3_CompiledCompositeActor$_JavaCompiledCompositeTest3_CompiledCompositeActor.class
-rw-rw-r--   1 travis travis   1625 Jan  3 00:55 JavaCompiledCompositeTest3_CompiledCompositeActor.mk
-rw-rw-r--   1 travis travis   4183 Jan  3 00:55 JavaCompiledCompositeTest4_CompiledCompositeActor.class
-rw-rw-r--   1 travis travis   9687 Jan  3 00:55 JavaCompiledCompositeTest4_CompiledCompositeActor.java
-rw-rw-r--   1 travis travis    876 Jan  3 00:55 JavaCompiledCompositeTest4_CompiledCompositeActor$_JavaCompiledCompositeTest4_CompiledCompositeActor.class
-rw-rw-r--   1 travis travis   1625 Jan  3 00:55 JavaCompiledCompositeTest4_CompiledCompositeActor.mk
drwxrwxr-x   3 travis travis  12288 Jan  3 00:51 LookupTable
drwxrwxr-x   3 travis travis  20480 Jan  3 00:51 MaxIndex
-rw-rw-r--   1 travis travis   3925 Jan  3 00:55 ModularCG_A1_B1.class
-rw-rw-r--   1 travis travis   9730 Jan  3 00:55 ModularCG_A1_B1.java
-rw-rw-r--   1 travis travis    832 Jan  3 00:55 ModularCG_A1_B1.mk
-rw-rw-r--   1 travis travis   1318 Jan  3 00:55 ModularCG_A1_B1_profile.class
-rw-rw-r--   1 travis travis   1262 Jan  3 00:55 ModularCG_A1_B1_profile.java
-rw-rw-r--   1 travis travis   3925 Jan  3 00:55 ModularCG_A1_B2.class
-rw-rw-r--   1 travis travis   9730 Jan  3 00:55 ModularCG_A1_B2.java
-rw-rw-r--   1 travis travis    832 Jan  3 00:55 ModularCG_A1_B2.mk
-rw-rw-r--   1 travis travis   1318 Jan  3 00:55 ModularCG_A1_B2_profile.class
-rw-rw-r--   1 travis travis   1262 Jan  3 00:55 ModularCG_A1_B2_profile.java
-rw-rw-r--   1 travis travis   5031 Jan  3 00:55 ModularCG_A1.class
-rw-rw-r--   1 travis travis  14742 Jan  3 00:55 ModularCG_A1.java
-rw-rw-r--   1 travis travis    808 Jan  3 00:55 ModularCG_A1.mk
-rw-rw-r--   1 travis travis   1433 Jan  3 00:55 ModularCG_A1_profile.class
-rw-rw-r--   1 travis travis   1704 Jan  3 00:55 ModularCG_A1_profile.java
-rw-rw-r--   1 travis travis   4059 Jan  3 00:55 ModularCG_A2_B1.class
-rw-rw-r--   1 travis travis  10667 Jan  3 00:55 ModularCG_A2_B1.java
-rw-rw-r--   1 travis travis    832 Jan  3 00:55 ModularCG_A2_B1.mk
-rw-rw-r--   1 travis travis   1381 Jan  3 00:55 ModularCG_A2_B1_profile.class
-rw-rw-r--   1 travis travis   1446 Jan  3 00:55 ModularCG_A2_B1_profile.java
-rw-rw-r--   1 travis travis   3925 Jan  3 00:55 ModularCG_A2_B2.class
-rw-rw-r--   1 travis travis   9730 Jan  3 00:55 ModularCG_A2_B2.java
-rw-rw-r--   1 travis travis    832 Jan  3 00:55 ModularCG_A2_B2.mk
-rw-rw-r--   1 travis travis   1318 Jan  3 00:55 ModularCG_A2_B2_profile.class
-rw-rw-r--   1 travis travis   1262 Jan  3 00:55 ModularCG_A2_B2_profile.java
-rw-rw-r--   1 travis travis   5102 Jan  3 00:56 ModularCG_A2.class
-rw-rw-r--   1 travis travis  15129 Jan  3 00:56 ModularCG_A2.java
-rw-rw-r--   1 travis travis    808 Jan  3 00:56 ModularCG_A2.mk
-rw-rw-r--   1 travis travis   1433 Jan  3 00:56 ModularCG_A2_profile.class
-rw-rw-r--   1 travis travis   1704 Jan  3 00:55 ModularCG_A2_profile.java
-rw-rw-r--   1 travis travis   3705 Jan  3 00:56 ModularCGPubSub_A1_A2.class
-rw-rw-r--   1 travis travis   9076 Jan  3 00:56 ModularCGPubSub_A1_A2.java
-rw-rw-r--   1 travis travis    880 Jan  3 00:56 ModularCGPubSub_A1_A2.mk
-rw-rw-r--   1 travis travis   1300 Jan  3 00:56 ModularCGPubSub_A1_A2_profile.class
-rw-rw-r--   1 travis travis   1222 Jan  3 00:56 ModularCGPubSub_A1_A2_profile.java
-rw-rw-r--   1 travis travis   4022 Jan  3 00:56 ModularCGPubSub_A1.class
-rw-rw-r--   1 travis travis   9836 Jan  3 00:56 ModularCGPubSub_A1.java
-rw-rw-r--   1 travis travis    856 Jan  3 00:56 ModularCGPubSub_A1.mk
-rw-rw-r--   1 travis travis   1346 Jan  3 00:56 ModularCGPubSub_A1_profile.class
-rw-rw-r--   1 travis travis   1388 Jan  3 00:56 ModularCGPubSub_A1_profile.java
-rw-rw-r--   1 travis travis   4220 Jan  3 00:56 ModularCodeGen2_ModularCodeGenTypedCompositeActor.class
-rw-rw-r--   1 travis travis  11690 Jan  3 00:56 ModularCodeGen2_ModularCodeGenTypedCompositeActor.java
-rw-rw-r--   1 travis travis   1104 Jan  3 00:56 ModularCodeGen2_ModularCodeGenTypedCompositeActor.mk
-rw-rw-r--   1 travis travis   4504 Jan  3 00:56 ModularCodeGen2_ModularCodeGenTypedCompositeActor_ModularCodeGenTypedCompositeActor.class
-rw-rw-r--   1 travis travis  11790 Jan  3 00:56 ModularCodeGen2_ModularCodeGenTypedCompositeActor_ModularCodeGenTypedCompositeActor.java
-rw-rw-r--   1 travis travis   1376 Jan  3 00:56 ModularCodeGen2_ModularCodeGenTypedCompositeActor_ModularCodeGenTypedCompositeActor.mk
-rw-rw-r--   1 travis travis   1421 Jan  3 00:56 ModularCodeGen2_ModularCodeGenTypedCompositeActor_ModularCodeGenTypedCompositeActor_profile.class
-rw-rw-r--   1 travis travis   1294 Jan  3 00:56 ModularCodeGen2_ModularCodeGenTypedCompositeActor_ModularCodeGenTypedCompositeActor_profile.java
-rw-rw-r--   1 travis travis    820 Jan  3 00:56 ModularCodeGen2_ModularCodeGenTypedCompositeActor_profile.class
-rw-rw-r--   1 travis travis    693 Jan  3 00:56 ModularCodeGen2_ModularCodeGenTypedCompositeActor_profile.java
-rw-rw-r--   1 travis travis   3973 Jan  3 00:56 ModularCodeGen3_A1_B1.class
-rw-rw-r--   1 travis travis   9958 Jan  3 00:56 ModularCodeGen3_A1_B1.java
-rw-rw-r--   1 travis travis    880 Jan  3 00:56 ModularCodeGen3_A1_B1.mk
-rw-rw-r--   1 travis travis   1330 Jan  3 00:56 ModularCodeGen3_A1_B1_profile.class
-rw-rw-r--   1 travis travis   1274 Jan  3 00:56 ModularCodeGen3_A1_B1_profile.java
-rw-rw-r--   1 travis travis   3973 Jan  3 00:56 ModularCodeGen3_A1_B2.class
-rw-rw-r--   1 travis travis   9958 Jan  3 00:56 ModularCodeGen3_A1_B2.java
-rw-rw-r--   1 travis travis    880 Jan  3 00:56 ModularCodeGen3_A1_B2.mk
-rw-rw-r--   1 travis travis   1330 Jan  3 00:56 ModularCodeGen3_A1_B2_profile.class
-rw-rw-r--   1 travis travis   1274 Jan  3 00:56 ModularCodeGen3_A1_B2_profile.java
-rw-rw-r--   1 travis travis   5193 Jan  3 00:56 ModularCodeGen3_A1.class
-rw-rw-r--   1 travis travis  15564 Jan  3 00:56 ModularCodeGen3_A1.java
-rw-rw-r--   1 travis travis    856 Jan  3 00:56 ModularCodeGen3_A1.mk
-rw-rw-r--   1 travis travis   1445 Jan  3 00:56 ModularCodeGen3_A1_profile.class
-rw-rw-r--   1 travis travis   1716 Jan  3 00:56 ModularCodeGen3_A1_profile.java
-rw-rw-r--   1 travis travis   4119 Jan  3 00:56 ModularCodeGen3_A2_B1.class
-rw-rw-r--   1 travis travis  10955 Jan  3 00:56 ModularCodeGen3_A2_B1.java
-rw-rw-r--   1 travis travis    880 Jan  3 00:56 ModularCodeGen3_A2_B1.mk
-rw-rw-r--   1 travis travis   1393 Jan  3 00:56 ModularCodeGen3_A2_B1_profile.class
-rw-rw-r--   1 travis travis   1458 Jan  3 00:56 ModularCodeGen3_A2_B1_profile.java
-rw-rw-r--   1 travis travis   3973 Jan  3 00:56 ModularCodeGen3_A2_B2.class
-rw-rw-r--   1 travis travis   9958 Jan  3 00:56 ModularCodeGen3_A2_B2.java
-rw-rw-r--   1 travis travis    880 Jan  3 00:56 ModularCodeGen3_A2_B2.mk
-rw-rw-r--   1 travis travis   1330 Jan  3 00:56 ModularCodeGen3_A2_B2_profile.class
-rw-rw-r--   1 travis travis   1274 Jan  3 00:56 ModularCodeGen3_A2_B2_profile.java
-rw-rw-r--   1 travis travis   5270 Jan  3 00:56 ModularCodeGen3_A2.class
-rw-rw-r--   1 travis travis  15957 Jan  3 00:56 ModularCodeGen3_A2.java
-rw-rw-r--   1 travis travis    856 Jan  3 00:56 ModularCodeGen3_A2.mk
-rw-rw-r--   1 travis travis   1445 Jan  3 00:56 ModularCodeGen3_A2_profile.class
-rw-rw-r--   1 travis travis   1716 Jan  3 00:56 ModularCodeGen3_A2_profile.java
-rw-rw-r--   1 travis travis   4026 Jan  3 00:56 ModularCodeGen4_A1_B1.class
-rw-rw-r--   1 travis travis  10312 Jan  3 00:56 ModularCodeGen4_A1_B1.java
-rw-rw-r--   1 travis travis    880 Jan  3 00:56 ModularCodeGen4_A1_B1.mk
-rw-rw-r--   1 travis travis   1330 Jan  3 00:56 ModularCodeGen4_A1_B1_profile.class
-rw-rw-r--   1 travis travis   1273 Jan  3 00:56 ModularCodeGen4_A1_B1_profile.java
-rw-rw-r--   1 travis travis   4026 Jan  3 00:56 ModularCodeGen4_A1_B2.class
-rw-rw-r--   1 travis travis  10312 Jan  3 00:56 ModularCodeGen4_A1_B2.java
-rw-rw-r--   1 travis travis    880 Jan  3 00:56 ModularCodeGen4_A1_B2.mk
-rw-rw-r--   1 travis travis   1330 Jan  3 00:56 ModularCodeGen4_A1_B2_profile.class
-rw-rw-r--   1 travis travis   1273 Jan  3 00:56 ModularCodeGen4_A1_B2_profile.java
-rw-rw-r--   1 travis travis   5333 Jan  3 00:56 ModularCodeGen4_A1.class
-rw-rw-r--   1 travis travis  16245 Jan  3 00:56 ModularCodeGen4_A1.java
-rw-rw-r--   1 travis travis    856 Jan  3 00:56 ModularCodeGen4_A1.mk
-rw-rw-r--   1 travis travis   1445 Jan  3 00:56 ModularCodeGen4_A1_profile.class
-rw-rw-r--   1 travis travis   1712 Jan  3 00:56 ModularCodeGen4_A1_profile.java
-rw-rw-r--   1 travis travis   4220 Jan  3 00:56 ModularCodeGen4_A2_B1.class
-rw-rw-r--   1 travis travis  11375 Jan  3 00:56 ModularCodeGen4_A2_B1.java
-rw-rw-r--   1 travis travis    880 Jan  3 00:56 ModularCodeGen4_A2_B1.mk
-rw-rw-r--   1 travis travis   1393 Jan  3 00:56 ModularCodeGen4_A2_B1_profile.class
-rw-rw-r--   1 travis travis   1454 Jan  3 00:56 ModularCodeGen4_A2_B1_profile.java
-rw-rw-r--   1 travis travis   4074 Jan  3 00:56 ModularCodeGen4_A2_B2.class
-rw-rw-r--   1 travis travis  10378 Jan  3 00:56 ModularCodeGen4_A2_B2.java
-rw-rw-r--   1 travis travis    880 Jan  3 00:56 ModularCodeGen4_A2_B2.mk
-rw-rw-r--   1 travis travis   1330 Jan  3 00:56 ModularCodeGen4_A2_B2_profile.class
-rw-rw-r--   1 travis travis   1270 Jan  3 00:56 ModularCodeGen4_A2_B2_profile.java
-rw-rw-r--   1 travis travis   5506 Jan  3 00:56 ModularCodeGen4_A2.class
-rw-rw-r--   1 travis travis  16770 Jan  3 00:56 ModularCodeGen4_A2.java
-rw-rw-r--   1 travis travis    856 Jan  3 00:56 ModularCodeGen4_A2.mk
-rw-rw-r--   1 travis travis   1445 Jan  3 00:56 ModularCodeGen4_A2_profile.class
-rw-rw-r--   1 travis travis   1712 Jan  3 00:56 ModularCodeGen4_A2_profile.java
-rw-rw-r--   1 travis travis   7070 Jan  3 00:56 ModularCodeGen5_A_A.class
-rw-rw-r--   1 travis travis  28721 Jan  3 00:56 ModularCodeGen5_A_A.java
-rw-rw-r--   1 travis travis    864 Jan  3 00:56 ModularCodeGen5_A_A.mk
-rw-rw-r--   1 travis travis   1520 Jan  3 00:56 ModularCodeGen5_A_A_profile.class
-rw-rw-r--   1 travis travis   1815 Jan  3 00:56 ModularCodeGen5_A_A_profile.java
-rw-rw-r--   1 travis travis   5347 Jan  3 00:56 ModularCodeGen5_A.class
-rw-rw-r--   1 travis travis  13769 Jan  3 00:56 ModularCodeGen5_A.java
-rw-rw-r--   1 travis travis    848 Jan  3 00:56 ModularCodeGen5_A.mk
-rw-rw-r--   1 travis travis   1422 Jan  3 00:56 ModularCodeGen5_A_profile.class
-rw-rw-r--   1 travis travis   1605 Jan  3 00:56 ModularCodeGen5_A_profile.java
-rw-rw-r--   1 travis travis   4357 Jan  3 00:56 ModularCodeGen6_A_A2.class
-rw-rw-r--   1 travis travis  11329 Jan  3 00:56 ModularCodeGen6_A_A2.java
-rw-rw-r--   1 travis travis    872 Jan  3 00:56 ModularCodeGen6_A_A2.mk
-rw-rw-r--   1 travis travis   1351 Jan  3 00:56 ModularCodeGen6_A_A2_profile.class
-rw-rw-r--   1 travis travis   1364 Jan  3 00:56 ModularCodeGen6_A_A2_profile.java
-rw-rw-r--   1 travis travis   4340 Jan  3 00:56 ModularCodeGen6_A_A.class
-rw-rw-r--   1 travis travis  11221 Jan  3 00:56 ModularCodeGen6_A_A.java
-rw-rw-r--   1 travis travis    864 Jan  3 00:56 ModularCodeGen6_A_A.mk
-rw-rw-r--   1 travis travis   1348 Jan  3 00:56 ModularCodeGen6_A_A_profile.class
-rw-rw-r--   1 travis travis   1361 Jan  3 00:56 ModularCodeGen6_A_A_profile.java
-rw-rw-r--   1 travis travis   7469 Jan  3 00:56 ModularCodeGen6_A.class
-rw-rw-r--   1 travis travis  26535 Jan  3 00:56 ModularCodeGen6_A.java
-rw-rw-r--   1 travis travis    848 Jan  3 00:56 ModularCodeGen6_A.mk
-rw-rw-r--   1 travis travis   1483 Jan  3 00:56 ModularCodeGen6_A_profile.class
-rw-rw-r--   1 travis travis   1810 Jan  3 00:56 ModularCodeGen6_A_profile.java
-rw-rw-r--   1 travis travis   9633 Jan  3 00:57 ModularCodeGenLazyPubSubGlobal_CompositeActor_ModularCodeGenTypedComposite.class
-rw-rw-r--   1 travis travis  30161 Jan  3 00:57 ModularCodeGenLazyPubSubGlobal_CompositeActor_ModularCodeGenTypedComposite.java
-rw-rw-r--   1 travis travis   1304 Jan  3 00:57 ModularCodeGenLazyPubSubGlobal_CompositeActor_ModularCodeGenTypedComposite.mk
-rw-rw-r--   1 travis travis   1438 Jan  3 00:57 ModularCodeGenLazyPubSubGlobal_CompositeActor_ModularCodeGenTypedComposite_profile.class
-rw-rw-r--   1 travis travis   1384 Jan  3 00:57 ModularCodeGenLazyPubSubGlobal_CompositeActor_ModularCodeGenTypedComposite_profile.java
-rw-rw-r--   1 travis travis   4184 Jan  3 00:57 ModularCodeGenLazyPubSub_LazyCompositeActor.class
-rw-rw-r--   1 travis travis  11122 Jan  3 00:57 ModularCodeGenLazyPubSub_LazyCompositeActor.java
-rw-rw-r--   1 travis travis   1056 Jan  3 00:57 ModularCodeGenLazyPubSub_LazyCompositeActor.mk
-rw-rw-r--   1 travis travis   1286 Jan  3 00:57 ModularCodeGenLazyPubSub_LazyCompositeActor_profile.class
-rw-rw-r--   1 travis travis   1091 Jan  3 00:56 ModularCodeGenLazyPubSub_LazyCompositeActor_profile.java
-rw-rw-r--   1 travis travis   4186 Jan  3 00:56 ModularCodeGen_ModularCodeGenTypedCompositeActor.class
-rw-rw-r--   1 travis travis  10970 Jan  3 00:56 ModularCodeGen_ModularCodeGenTypedCompositeActor.java
-rw-rw-r--   1 travis travis   1096 Jan  3 00:56 ModularCodeGen_ModularCodeGenTypedCompositeActor.mk
-rw-rw-r--   1 travis travis   1384 Jan  3 00:56 ModularCodeGen_ModularCodeGenTypedCompositeActor_profile.class
-rw-rw-r--   1 travis travis   1328 Jan  3 00:56 ModularCodeGen_ModularCodeGenTypedCompositeActor_profile.java
-rw-rw-r--   1 travis travis   1128 Jan  3 00:57 ModularCodeGenPubSub2_A1_A_profile.java
-rw-rw-r--   1 travis travis   3707 Jan  3 00:57 ModularCodeGenPubSub_A1.class
-rw-rw-r--   1 travis travis   9060 Jan  3 00:57 ModularCodeGenPubSub_A1.java
-rw-rw-r--   1 travis travis    896 Jan  3 00:57 ModularCodeGenPubSub_A1.mk
-rw-rw-r--   1 travis travis   1278 Jan  3 00:57 ModularCodeGenPubSub_A1_profile.class
-rw-rw-r--   1 travis travis   1195 Jan  3 00:57 ModularCodeGenPubSub_A1_profile.java
-rw-rw-r--   1 travis travis   3724 Jan  3 00:55 ModularCodeGenTest_A1_A2.class
-rw-rw-r--   1 travis travis   9164 Jan  3 00:55 ModularCodeGenTest_A1_A2.java
-rw-rw-r--   1 travis travis   1306 Jan  3 00:55 ModularCodeGenTest_A1_A2_profile.class
-rw-rw-r--   1 travis travis   4055 Jan  3 00:55 ModularCodeGenTest_A1.class
-rw-rw-r--   1 travis travis   9968 Jan  3 00:55 ModularCodeGenTest_A1.java
-rw-rw-r--   1 travis travis    880 Jan  3 00:55 ModularCodeGenTest_A1.mk
-rw-rw-r--   1 travis travis   1352 Jan  3 00:55 ModularCodeGenTest_A1_profile.class
-rw-rw-r--   1 travis travis   1394 Jan  3 00:55 ModularCodeGenTest_A1_profile.java
drwxrwxr-x   3 travis travis  32768 Jan  3 00:55 modulation2
drwxrwxr-x 116 travis travis  12288 Jan  3 00:55 node_modules
drwxrwxr-x   3 travis travis  20480 Jan  3 00:51 PhaseUnwrap
drwxrwxr-x   3 travis travis  12288 Jan  3 00:51 ReadFile1
-rw-rw-r--   1 travis travis     11 Jan  3 00:51 ReadFile1Output.txt
-rw-rw-r--   1 travis travis  13773 Jan  3 00:55 Repeat.class
-rw-rw-r--   1 travis travis    685 Jan  3 00:55 Repeat$_fireFunction_Repeat_Repeat$__f_sL_11.class
-rw-rw-r--   1 travis travis    541 Jan  3 00:55 Repeat$_fireFunction_Repeat_Repeat$__f_sL_12.class
-rw-rw-r--   1 travis travis    541 Jan  3 00:55 Repeat$_fireFunction_Repeat_Repeat$__f_sL_13.class
-rw-rw-r--   1 travis travis    541 Jan  3 00:55 Repeat$_fireFunction_Repeat_Repeat$__f_sL_14.class
-rw-rw-r--   1 travis travis    684 Jan  3 00:55 Repeat$_fireFunction_Repeat_Repeat$__f_sL_1.class
-rw-rw-r--   1 travis travis    683 Jan  3 00:55 Repeat$_fireFunction_Repeat_Repeat$__f_sL_4.class
-rw-rw-r--   1 travis travis    539 Jan  3 00:55 Repeat$_fireFunction_Repeat_Repeat$__f_sL_9.class
-rw-rw-r--   1 travis travis    494 Jan  3 00:55 Repeat$_initialize_Repeat$__i_sL_2.class
-rw-rw-r--   1 travis travis   1281 Jan  3 00:55 Repeat.mk
-rw-rw-r--   1 travis travis    539 Jan  3 00:55 Repeat$_preinitializeMethod_Repeat$__p_sL_0.class
-rw-rw-r--   1 travis travis   1102 Jan  3 00:55 Repeat$_Repeat$_fireFunction_Repeat_AddSubtract_Repeat.class
-rw-rw-r--   1 travis travis    810 Jan  3 00:55 Repeat$_Repeat$_fireFunction_Repeat_AddSubtract_Repeat$__f_sL_0.class
-rw-rw-r--   1 travis travis    928 Jan  3 00:55 Repeat$_Repeat$_fireFunction_Repeat_AddSubtract_Repeat$__f_sL_1.class
-rw-rw-r--   1 travis travis    934 Jan  3 00:55 Repeat$_Repeat$_fireFunction_Repeat_AddSubtract_Repeat$__f_sL_2.class
-rw-rw-r--   1 travis travis    862 Jan  3 00:55 Repeat$_Repeat$_fireFunction_Repeat_AddSubtract_Repeat$__f_sL_3.class
-rw-rw-r--   1 travis travis    757 Jan  3 00:55 Repeat$_Repeat$_fireFunction_Repeat_Ramp2_Repeat$__f_sL_0.class
-rw-rw-r--   1 travis travis    888 Jan  3 00:55 Repeat$_Repeat$_fireFunction_Repeat_Test_Repeat$__f_sL_0.class
-rw-rw-r--   1 travis travis    634 Jan  3 00:55 Repeat$_Repeat$_fireFunction_Repeat_Test_Repeat$__f_sL_1.class
-rw-rw-r--   1 travis travis    704 Jan  3 00:55 Repeat$_Repeat_SDF_Director_run_Repeat$__R_sL_0.class
-rw-rw-r--   1 travis travis    705 Jan  3 00:55 Repeat$_Repeat_SDF_Director_run_Repeat$__R_sL_11.class
-rw-rw-r--   1 travis travis    561 Jan  3 00:55 Repeat$_Repeat_SDF_Director_run_Repeat$__R_sL_13.class
-rw-rw-r--   1 travis travis    559 Jan  3 00:55 Repeat$_Repeat_SDF_Director_run_Repeat$__R_sL_2.class
-rw-rw-r--   1 travis travis    703 Jan  3 00:55 Repeat$_Repeat_SDF_Director_run_Repeat$__R_sL_3.class
-rw-rw-r--   1 travis travis    559 Jan  3 00:55 Repeat$_Repeat_SDF_Director_run_Repeat$__R_sL_5.class
-rw-rw-r--   1 travis travis    559 Jan  3 00:55 Repeat$_Repeat_SDF_Director_run_Repeat$__R_sL_8.class
drwxrwxr-x   2 travis travis   4096 Jan  3 00:55 RepeatVariables
-rw-rw-r--   1 travis travis    882 Jan  3 00:55 Repeat$_varinit_Repeat.class
-rw-rw-r--   1 travis travis    550 Jan  3 00:55 Repeat$_varinit_Repeat$__v_sL_2.class
-rw-rw-r--   1 travis travis    924 Jan  3 00:55 Repeat$_varinit_Repeat$__v_sL_4.class
-rw-rw-r--   1 travis travis    978 Jan  3 00:55 Repeat$_wrapup_Repeat$__w_sL_1.class
drwxrwxr-x   3 travis travis  20480 Jan  3 00:52 Sinewave
drwxrwxr-x   3 travis travis  32768 Jan  3 00:53 StringFunction
drwxrwxr-x   3 travis travis  12288 Jan  3 00:53 StringLength
drwxrwxr-x   3 travis travis  61440 Jan  3 00:53 StringMatches2
drwxrwxr-x   3 travis travis  61440 Jan  3 00:54 StringSimpleReplace
drwxrwxr-x   3 travis travis  65536 Jan  3 00:54 StringSubstring
drwxrwxr-x   3 travis travis  24576 Jan  3 00:54 StringSubstring2
drwxrwxr-x   3 travis travis  16384 Jan  3 00:54 time1
drwxrwxr-x   3 travis travis  12288 Jan  3 00:55 time5
-rw-rw-r--   1 travis travis    432 Jan  3 00:57 Token.class
-rw-rw-r--   1 travis travis    251 Jan  3 00:57 Token.java
-rwxrwxr-x   1 travis travis 466992 Jan  3 00:49 top
-rw-rw-r--   1 travis travis  20502 Jan  3 00:49 top.c
-rw-rw-r--   1 travis travis   3799 Jan  3 00:55 top.class
-rw-rw-r--   1 travis travis   1257 Jan  3 00:55 top.mk
All Done
Writing ModularCodeGenPubSub2_A1_A.java in file:/home/travis/cg/ (8578 characters)
Reading "ptolemy/cg/kernel/generic/program/procedural/java/modular/makefile.in",
    writing "/home/travis/cg/ModularCodeGenPubSub2_A1_A.mk"
Using ptolemy/cg/kernel/generic/program/procedural/java/modular/makefile.in
In "/home/travis/cg", about to execute:
    make -f ModularCodeGenPubSub2_A1_A.mk
javac -classpath ".:.."    ModularCodeGenPubSub2_A1_A.java
All Done
In "/home/travis/cg", about to execute:
    pwd
In "/home/travis/cg", about to execute:
    ls -l
/home/travis/cg
In "/home/travis/cg", about to execute:
    javac -classpath
.:/home/travis/build/icyphy/ptII:/home/travis/build/icyphy/ptII/lib/bsh-2.0b4.j
ar:/home/travis/build/icyphy/ptII/lib/ptCal.jar:/home/travis/build/icyphy/ptII/
lib/java_cup.jar:/home/travis/build/icyphy/ptII/lib/saxon8.jar:/home/travis/bui
ld/icyphy/ptII/lib/saxon8-dom.jar:/home/travis/build/icyphy/ptII/lib/chic.jar:/
home/travis/build/icyphy/ptII/lib/ptcolt.jar:/home/travis/build/icyphy/ptII/ven
dors/misc/itext/iText.jar:/home/travis/build/icyphy/ptII/lib/g4ltl.jar:/home/tr
avis/build/icyphy/ptII/lib/StructuralCoder.jar:/home/travis/build/icyphy/ptII/l
ib/jcerti.jar:/home/travis/build/icyphy/ptII/lib/javax.mail.jar:/home/travis/bu
ild/icyphy/ptII/vendors/JMF-2.1.1e/lib/jmf.jar:/home/travis/build/icyphy/ptII/l
ib/jna-4.0.0-variadic.jar:/home/travis/build/icyphy/ptII/vendors/misc/joystick/
Joystick.jar:/home/travis/build/icyphy/ptII/lib/ptjacl.jar:/home/travis/build/i
cyphy/ptII/lib/jsoup-1.8.2.jar:/home/travis/build/icyphy/ptII/lib/junit-4.8.2.j
ar:/home/travis/build/icyphy/ptII/lib/JUnitParams-0.4.0.jar:/home/travis/build/
icyphy/ptII/ptolemy/actor/lib/excel/jxl.jar:/home/travis/build/icyphy/ptII/lib/
jython.jar:/home/travis/build/icyphy/ptII/lib/kieler.jar:/home/travis/build/icy
phy/ptII/vendors/opencv/share/OpenCV/java/opencv-341.jar:/home/travis/build/icy
phy/ptII/lib/oscP5.jar:/home/travis/build/icyphy/ptII/lib/nrjavaserial-3.11.0.d
evel.jar:/home/travis/build/icyphy/ptII/vendors/j3d/lib/Linux/j3dcore.jar:/home
/travis/build/icyphy/ptII/vendors/j3d/lib/Linux/j3dutils.jar:/home/travis/build
/icyphy/ptII/vendors/j3d/lib/Linux/vecmath.jar:/home/travis/build/icyphy/ptII/v
endors/jogl/lib/Linux/gluegen-rt-natives-linux-amd64.jar:/home/travis/build/icy
phy/ptII/vendors/jogl/lib/Linux/gluegen-rt.jar:/home/travis/build/icyphy/ptII/v
endors/jogl/lib/Linux/jogl-all-natives-linux-amd64.jar:/home/travis/build/icyph
y/ptII/vendors/jogl/lib/Linux/jogl-all.jar:/home/travis/build/icyphy/ptII/ptole
my/distributed/jini/jar/jini-core.jar:/home/travis/build/icyphy/ptII/ptolemy/di
stributed/jini/jar/jini-ext.jar:/home/travis/build/icyphy/ptII/ptolemy/distribu
ted/jini/jar/sun-util.jar:/home/travis/build/icyphy/ptII/lib/protobuf-java-2.4.
1.jar:/home/travis/build/icyphy/ptII/lib/org.eclipse.paho.client.mqttv3.jar:/ho
me/travis/build/icyphy/ptII/lib/mapss.jar:/home/travis/build/icyphy/ptII/ptolem
y/actor/ptalon/antlr/antlr.jar:/home/travis/build/icyphy/ptII/lib/JRI.jar:/home
/travis/build/icyphy/ptII/lib/commons-lang-2.6.jar:/home/travis/build/icyphy/pt
II/lib/commons-logging-1.1.1.jar:/home/travis/build/icyphy/ptII/lib/sootclasses
.jar:/home/travis/build/icyphy/ptII/ptolemy/actor/lib/database/mysql-connector-
java-5.1.6-bin.jar:/home/travis/build/icyphy/ptII/vendors/misc/sphinx4/sphinx4-
data-5prealpha.jar:/home/travis/build/icyphy/ptII/vendors/misc/sphinx4/sphinx4-
core-5prealpha.jar:/home/travis/build/icyphy/ptII/lib/PDFRenderer.jar:/home/tra
vis/build/icyphy/ptII/lib/svgSalamander.jar:/home/travis/build/icyphy/ptII/lib/
rsyntaxtextarea-2.6.0-SNAPSHOT.jar:/home/travis/build/icyphy/ptII/lib/hazelcast
-3.8.2.jar:/home/travis/build/icyphy/ptII/lib/jackson-annotations-2.9.0.jar:/ho
me/travis/build/icyphy/ptII/lib/jackson-core-2.9.3.jar:/home/travis/build/icyph
y/ptII/lib/jackson-databind-2.9.3.jar:/home/travis/build/icyphy/ptII/lib/netty-
buffer-4.1.19.Final.jar:/home/travis/build/icyphy/ptII/lib/netty-codec-4.1.19.F
inal.jar:/home/travis/build/icyphy/ptII/lib/netty-codec-dns-4.1.19.Final.jar:/h
ome/travis/build/icyphy/ptII/lib/netty-codec-http-4.1.19.Final.jar:/home/travis
/build/icyphy/ptII/lib/netty-codec-http2-4.1.19.Final.jar:/home/travis/build/ic
yphy/ptII/lib/netty-common-4.1.19.Final.jar:/home/travis/build/icyphy/ptII/lib/
netty-handler-4.1.19.Final.jar:/home/travis/build/icyphy/ptII/lib/netty-resolve
r-4.1.19.Final.jar:/home/travis/build/icyphy/ptII/lib/netty-resolver-dns-4.1.19
.Final.jar:/home/travis/build/icyphy/ptII/lib/netty-transport-4.1.19.Final.jar:
/home/travis/build/icyphy/ptII/lib/vertx-codegen-3.5.1.jar:/home/travis/build/i
cyphy/ptII/lib/vertx-core-3.5.2-SNAPSHOT.jar:/home/travis/build/icyphy/ptII/lib
/vertx-hazelcast-3.5.1.jar:/home/travis/build/icyphy/ptII/lib/vertx-lang-js-3.5
.1.jar:/home/travis/build/icyphy/ptII/lib/vertx-service-proxy-3.5.1.jar:/home/t
ravis/build/icyphy/ptII/lib/vertx-web-3.5.1.jar:/home/travis/build/icyphy/ptII/
lib/slf4j-api-1.7.13.jar:/home/travis/build/icyphy/ptII/lib/slf4j-simple-1.7.13
.jar:/home/travis/build/icyphy/ptII/lib/webcam-capture-0.3.12.jar:/home/travis/
build/icyphy/ptII/lib/bridj-0.7.0.jar:/home/travis/build/icyphy/ptII/lib/xbjlib
-1.1.0.nrjavaserial.jar:/home/travis/build/icyphy/ptII/ptolemy/moml/test:/home/
travis/build/icyphy/ptII/ant/lib/ant-launcher.jar:/home/travis/build/icyphy/ptI
I/ant/lib/ant.jar:/home/travis/build/icyphy/ptII/ant/lib/ant-junit.jar:/home/tr
avis/build/icyphy/ptII/ant/lib/ant-junit4.jar:/home/travis/build/icyphy/ptII
ModularCodeGenPubSub2_A1_profile.java
total 2464
drwxrwxr-x   3 travis travis  12288 Jan  3 00:50 AbsoluteValue
drwxrwxr-x   3 travis travis 102400 Jan  3 00:49 AllColt
-rw-rw-r--   1 travis travis    233 Jan  3 00:57 Array.class
-rw-rw-r--   1 travis travis    459 Jan  3 00:57 Array.java
drwxrwxr-x   3 travis travis  12288 Jan  3 00:50 Case1
-rw-rw-r--   1 travis travis   5128 Jan  3 00:55 CompiledCompositeActor_CompiledCompositeActor.class
-rw-rw-r--   1 travis travis   1611 Jan  3 00:55 CompiledCompositeActor_CompiledCompositeActor$_CompiledCompositeActor_CompiledCompositeActor.class
-rw-rw-r--   1 travis travis  13466 Jan  3 00:55 CompiledCompositeActor_CompiledCompositeActor.java
-rw-rw-r--   1 travis travis   1593 Jan  3 00:55 CompiledCompositeActor_CompiledCompositeActor.mk
drwxrwxr-x   5 travis travis   4096 Jan  3 00:49 fmi
drwxrwxr-x   3 travis travis  16384 Jan  3 00:50 Gaussian2
-rw-rw-r--   1 travis travis   4684 Jan  3 00:55 JavaCompiledCompositeTest1_CompiledCompositeActor.class
-rw-rw-r--   1 travis travis  11637 Jan  3 00:55 JavaCompiledCompositeTest1_CompiledCompositeActor.java
-rw-rw-r--   1 travis travis   1217 Jan  3 00:55 JavaCompiledCompositeTest1_CompiledCompositeActor$_JavaCompiledCompositeTest1_CompiledCompositeActor.class
-rw-rw-r--   1 travis travis   1625 Jan  3 00:55 JavaCompiledCompositeTest1_CompiledCompositeActor.mk
-rw-rw-r--   1 travis travis   5115 Jan  3 00:55 JavaCompiledCompositeTest2_CompiledCompositeActor.class
-rw-rw-r--   1 travis travis  14919 Jan  3 00:55 JavaCompiledCompositeTest2_CompiledCompositeActor.java
-rw-rw-r--   1 travis travis   1812 Jan  3 00:55 JavaCompiledCompositeTest2_CompiledCompositeActor$_JavaCompiledCompositeTest2_CompiledCompositeActor.class
-rw-rw-r--   1 travis travis   1625 Jan  3 00:55 JavaCompiledCompositeTest2_CompiledCompositeActor.mk
-rw-rw-r--   1 travis travis   4732 Jan  3 00:55 JavaCompiledCompositeTest3_CompiledCompositeActor.class
-rw-rw-r--   1 travis travis  13080 Jan  3 00:55 JavaCompiledCompositeTest3_CompiledCompositeActor.java
-rw-rw-r--   1 travis travis   1397 Jan  3 00:55 JavaCompiledCompositeTest3_CompiledCompositeActor$_JavaCompiledCompositeTest3_CompiledCompositeActor.class
-rw-rw-r--   1 travis travis   1625 Jan  3 00:55 JavaCompiledCompositeTest3_CompiledCompositeActor.mk
-rw-rw-r--   1 travis travis   4183 Jan  3 00:55 JavaCompiledCompositeTest4_CompiledCompositeActor.class
-rw-rw-r--   1 travis travis   9687 Jan  3 00:55 JavaCompiledCompositeTest4_CompiledCompositeActor.java
-rw-rw-r--   1 travis travis    876 Jan  3 00:55 JavaCompiledCompositeTest4_CompiledCompositeActor$_JavaCompiledCompositeTest4_CompiledCompositeActor.class
-rw-rw-r--   1 travis travis   1625 Jan  3 00:55 JavaCompiledCompositeTest4_CompiledCompositeActor.mk
drwxrwxr-x   3 travis travis  12288 Jan  3 00:51 LookupTable
drwxrwxr-x   3 travis travis  20480 Jan  3 00:51 MaxIndex
-rw-rw-r--   1 travis travis   3925 Jan  3 00:55 ModularCG_A1_B1.class
-rw-rw-r--   1 travis travis   9730 Jan  3 00:55 ModularCG_A1_B1.java
-rw-rw-r--   1 travis travis    832 Jan  3 00:55 ModularCG_A1_B1.mk
-rw-rw-r--   1 travis travis   1318 Jan  3 00:55 ModularCG_A1_B1_profile.class
-rw-rw-r--   1 travis travis   1262 Jan  3 00:55 ModularCG_A1_B1_profile.java
-rw-rw-r--   1 travis travis   3925 Jan  3 00:55 ModularCG_A1_B2.class
-rw-rw-r--   1 travis travis   9730 Jan  3 00:55 ModularCG_A1_B2.java
-rw-rw-r--   1 travis travis    832 Jan  3 00:55 ModularCG_A1_B2.mk
-rw-rw-r--   1 travis travis   1318 Jan  3 00:55 ModularCG_A1_B2_profile.class
-rw-rw-r--   1 travis travis   1262 Jan  3 00:55 ModularCG_A1_B2_profile.java
-rw-rw-r--   1 travis travis   5031 Jan  3 00:55 ModularCG_A1.class
-rw-rw-r--   1 travis travis  14742 Jan  3 00:55 ModularCG_A1.java
-rw-rw-r--   1 travis travis    808 Jan  3 00:55 ModularCG_A1.mk
-rw-rw-r--   1 travis travis   1433 Jan  3 00:55 ModularCG_A1_profile.class
-rw-rw-r--   1 travis travis   1704 Jan  3 00:55 ModularCG_A1_profile.java
-rw-rw-r--   1 travis travis   4059 Jan  3 00:55 ModularCG_A2_B1.class
-rw-rw-r--   1 travis travis  10667 Jan  3 00:55 ModularCG_A2_B1.java
-rw-rw-r--   1 travis travis    832 Jan  3 00:55 ModularCG_A2_B1.mk
-rw-rw-r--   1 travis travis   1381 Jan  3 00:55 ModularCG_A2_B1_profile.class
-rw-rw-r--   1 travis travis   1446 Jan  3 00:55 ModularCG_A2_B1_profile.java
-rw-rw-r--   1 travis travis   3925 Jan  3 00:55 ModularCG_A2_B2.class
-rw-rw-r--   1 travis travis   9730 Jan  3 00:55 ModularCG_A2_B2.java
-rw-rw-r--   1 travis travis    832 Jan  3 00:55 ModularCG_A2_B2.mk
-rw-rw-r--   1 travis travis   1318 Jan  3 00:55 ModularCG_A2_B2_profile.class
-rw-rw-r--   1 travis travis   1262 Jan  3 00:55 ModularCG_A2_B2_profile.java
-rw-rw-r--   1 travis travis   5102 Jan  3 00:56 ModularCG_A2.class
-rw-rw-r--   1 travis travis  15129 Jan  3 00:56 ModularCG_A2.java
-rw-rw-r--   1 travis travis    808 Jan  3 00:56 ModularCG_A2.mk
-rw-rw-r--   1 travis travis   1433 Jan  3 00:56 ModularCG_A2_profile.class
-rw-rw-r--   1 travis travis   1704 Jan  3 00:55 ModularCG_A2_profile.java
-rw-rw-r--   1 travis travis   3705 Jan  3 00:56 ModularCGPubSub_A1_A2.class
-rw-rw-r--   1 travis travis   9076 Jan  3 00:56 ModularCGPubSub_A1_A2.java
-rw-rw-r--   1 travis travis    880 Jan  3 00:56 ModularCGPubSub_A1_A2.mk
-rw-rw-r--   1 travis travis   1300 Jan  3 00:56 ModularCGPubSub_A1_A2_profile.class
-rw-rw-r--   1 travis travis   1222 Jan  3 00:56 ModularCGPubSub_A1_A2_profile.java
-rw-rw-r--   1 travis travis   4022 Jan  3 00:56 ModularCGPubSub_A1.class
-rw-rw-r--   1 travis travis   9836 Jan  3 00:56 ModularCGPubSub_A1.java
-rw-rw-r--   1 travis travis    856 Jan  3 00:56 ModularCGPubSub_A1.mk
-rw-rw-r--   1 travis travis   1346 Jan  3 00:56 ModularCGPubSub_A1_profile.class
-rw-rw-r--   1 travis travis   1388 Jan  3 00:56 ModularCGPubSub_A1_profile.java
-rw-rw-r--   1 travis travis   4220 Jan  3 00:56 ModularCodeGen2_ModularCodeGenTypedCompositeActor.class
-rw-rw-r--   1 travis travis  11690 Jan  3 00:56 ModularCodeGen2_ModularCodeGenTypedCompositeActor.java
-rw-rw-r--   1 travis travis   1104 Jan  3 00:56 ModularCodeGen2_ModularCodeGenTypedCompositeActor.mk
-rw-rw-r--   1 travis travis   4504 Jan  3 00:56 ModularCodeGen2_ModularCodeGenTypedCompositeActor_ModularCodeGenTypedCompositeActor.class
-rw-rw-r--   1 travis travis  11790 Jan  3 00:56 ModularCodeGen2_ModularCodeGenTypedCompositeActor_ModularCodeGenTypedCompositeActor.java
-rw-rw-r--   1 travis travis   1376 Jan  3 00:56 ModularCodeGen2_ModularCodeGenTypedCompositeActor_ModularCodeGenTypedCompositeActor.mk
-rw-rw-r--   1 travis travis   1421 Jan  3 00:56 ModularCodeGen2_ModularCodeGenTypedCompositeActor_ModularCodeGenTypedCompositeActor_profile.class
-rw-rw-r--   1 travis travis   1294 Jan  3 00:56 ModularCodeGen2_ModularCodeGenTypedCompositeActor_ModularCodeGenTypedCompositeActor_profile.java
-rw-rw-r--   1 travis travis    820 Jan  3 00:56 ModularCodeGen2_ModularCodeGenTypedCompositeActor_profile.class
-rw-rw-r--   1 travis travis    693 Jan  3 00:56 ModularCodeGen2_ModularCodeGenTypedCompositeActor_profile.java
-rw-rw-r--   1 travis travis   3973 Jan  3 00:56 ModularCodeGen3_A1_B1.class
-rw-rw-r--   1 travis travis   9958 Jan  3 00:56 ModularCodeGen3_A1_B1.java
-rw-rw-r--   1 travis travis    880 Jan  3 00:56 ModularCodeGen3_A1_B1.mk
-rw-rw-r--   1 travis travis   1330 Jan  3 00:56 ModularCodeGen3_A1_B1_profile.class
-rw-rw-r--   1 travis travis   1274 Jan  3 00:56 ModularCodeGen3_A1_B1_profile.java
-rw-rw-r--   1 travis travis   3973 Jan  3 00:56 ModularCodeGen3_A1_B2.class
-rw-rw-r--   1 travis travis   9958 Jan  3 00:56 ModularCodeGen3_A1_B2.java
-rw-rw-r--   1 travis travis    880 Jan  3 00:56 ModularCodeGen3_A1_B2.mk
-rw-rw-r--   1 travis travis   1330 Jan  3 00:56 ModularCodeGen3_A1_B2_profile.class
-rw-rw-r--   1 travis travis   1274 Jan  3 00:56 ModularCodeGen3_A1_B2_profile.java
-rw-rw-r--   1 travis travis   5193 Jan  3 00:56 ModularCodeGen3_A1.class
-rw-rw-r--   1 travis travis  15564 Jan  3 00:56 ModularCodeGen3_A1.java
-rw-rw-r--   1 travis travis    856 Jan  3 00:56 ModularCodeGen3_A1.mk
-rw-rw-r--   1 travis travis   1445 Jan  3 00:56 ModularCodeGen3_A1_profile.class
-rw-rw-r--   1 travis travis   1716 Jan  3 00:56 ModularCodeGen3_A1_profile.java
-rw-rw-r--   1 travis travis   4119 Jan  3 00:56 ModularCodeGen3_A2_B1.class
-rw-rw-r--   1 travis travis  10955 Jan  3 00:56 ModularCodeGen3_A2_B1.java
-rw-rw-r--   1 travis travis    880 Jan  3 00:56 ModularCodeGen3_A2_B1.mk
-rw-rw-r--   1 travis travis   1393 Jan  3 00:56 ModularCodeGen3_A2_B1_profile.class
-rw-rw-r--   1 travis travis   1458 Jan  3 00:56 ModularCodeGen3_A2_B1_profile.java
-rw-rw-r--   1 travis travis   3973 Jan  3 00:56 ModularCodeGen3_A2_B2.class
-rw-rw-r--   1 travis travis   9958 Jan  3 00:56 ModularCodeGen3_A2_B2.java
-rw-rw-r--   1 travis travis    880 Jan  3 00:56 ModularCodeGen3_A2_B2.mk
-rw-rw-r--   1 travis travis   1330 Jan  3 00:56 ModularCodeGen3_A2_B2_profile.class
-rw-rw-r--   1 travis travis   1274 Jan  3 00:56 ModularCodeGen3_A2_B2_profile.java
-rw-rw-r--   1 travis travis   5270 Jan  3 00:56 ModularCodeGen3_A2.class
-rw-rw-r--   1 travis travis  15957 Jan  3 00:56 ModularCodeGen3_A2.java
-rw-rw-r--   1 travis travis    856 Jan  3 00:56 ModularCodeGen3_A2.mk
-rw-rw-r--   1 travis travis   1445 Jan  3 00:56 ModularCodeGen3_A2_profile.class
-rw-rw-r--   1 travis travis   1716 Jan  3 00:56 ModularCodeGen3_A2_profile.java
-rw-rw-r--   1 travis travis   4026 Jan  3 00:56 ModularCodeGen4_A1_B1.class
-rw-rw-r--   1 travis travis  10312 Jan  3 00:56 ModularCodeGen4_A1_B1.java
-rw-rw-r--   1 travis travis    880 Jan  3 00:56 ModularCodeGen4_A1_B1.mk
-rw-rw-r--   1 travis travis   1330 Jan  3 00:56 ModularCodeGen4_A1_B1_profile.class
-rw-rw-r--   1 travis travis   1273 Jan  3 00:56 ModularCodeGen4_A1_B1_profile.java
-rw-rw-r--   1 travis travis   4026 Jan  3 00:56 ModularCodeGen4_A1_B2.class
-rw-rw-r--   1 travis travis  10312 Jan  3 00:56 ModularCodeGen4_A1_B2.java
-rw-rw-r--   1 travis travis    880 Jan  3 00:56 ModularCodeGen4_A1_B2.mk
-rw-rw-r--   1 travis travis   1330 Jan  3 00:56 ModularCodeGen4_A1_B2_profile.class
-rw-rw-r--   1 travis travis   1273 Jan  3 00:56 ModularCodeGen4_A1_B2_profile.java
-rw-rw-r--   1 travis travis   5333 Jan  3 00:56 ModularCodeGen4_A1.class
-rw-rw-r--   1 travis travis  16245 Jan  3 00:56 ModularCodeGen4_A1.java
-rw-rw-r--   1 travis travis    856 Jan  3 00:56 ModularCodeGen4_A1.mk
-rw-rw-r--   1 travis travis   1445 Jan  3 00:56 ModularCodeGen4_A1_profile.class
-rw-rw-r--   1 travis travis   1712 Jan  3 00:56 ModularCodeGen4_A1_profile.java
-rw-rw-r--   1 travis travis   4220 Jan  3 00:56 ModularCodeGen4_A2_B1.class
-rw-rw-r--   1 travis travis  11375 Jan  3 00:56 ModularCodeGen4_A2_B1.java
-rw-rw-r--   1 travis travis    880 Jan  3 00:56 ModularCodeGen4_A2_B1.mk
-rw-rw-r--   1 travis travis   1393 Jan  3 00:56 ModularCodeGen4_A2_B1_profile.class
-rw-rw-r--   1 travis travis   1454 Jan  3 00:56 ModularCodeGen4_A2_B1_profile.java
-rw-rw-r--   1 travis travis   4074 Jan  3 00:56 ModularCodeGen4_A2_B2.class
-rw-rw-r--   1 travis travis  10378 Jan  3 00:56 ModularCodeGen4_A2_B2.java
-rw-rw-r--   1 travis travis    880 Jan  3 00:56 ModularCodeGen4_A2_B2.mk
-rw-rw-r--   1 travis travis   1330 Jan  3 00:56 ModularCodeGen4_A2_B2_profile.class
-rw-rw-r--   1 travis travis   1270 Jan  3 00:56 ModularCodeGen4_A2_B2_profile.java
-rw-rw-r--   1 travis travis   5506 Jan  3 00:56 ModularCodeGen4_A2.class
-rw-rw-r--   1 travis travis  16770 Jan  3 00:56 ModularCodeGen4_A2.java
-rw-rw-r--   1 travis travis    856 Jan  3 00:56 ModularCodeGen4_A2.mk
-rw-rw-r--   1 travis travis   1445 Jan  3 00:56 ModularCodeGen4_A2_profile.class
-rw-rw-r--   1 travis travis   1712 Jan  3 00:56 ModularCodeGen4_A2_profile.java
-rw-rw-r--   1 travis travis   7070 Jan  3 00:56 ModularCodeGen5_A_A.class
-rw-rw-r--   1 travis travis  28721 Jan  3 00:56 ModularCodeGen5_A_A.java
-rw-rw-r--   1 travis travis    864 Jan  3 00:56 ModularCodeGen5_A_A.mk
-rw-rw-r--   1 travis travis   1520 Jan  3 00:56 ModularCodeGen5_A_A_profile.class
-rw-rw-r--   1 travis travis   1815 Jan  3 00:56 ModularCodeGen5_A_A_profile.java
-rw-rw-r--   1 travis travis   5347 Jan  3 00:56 ModularCodeGen5_A.class
-rw-rw-r--   1 travis travis  13769 Jan  3 00:56 ModularCodeGen5_A.java
-rw-rw-r--   1 travis travis    848 Jan  3 00:56 ModularCodeGen5_A.mk
-rw-rw-r--   1 travis travis   1422 Jan  3 00:56 ModularCodeGen5_A_profile.class
-rw-rw-r--   1 travis travis   1605 Jan  3 00:56 ModularCodeGen5_A_profile.java
-rw-rw-r--   1 travis travis   4357 Jan  3 00:56 ModularCodeGen6_A_A2.class
-rw-rw-r--   1 travis travis  11329 Jan  3 00:56 ModularCodeGen6_A_A2.java
-rw-rw-r--   1 travis travis    872 Jan  3 00:56 ModularCodeGen6_A_A2.mk
-rw-rw-r--   1 travis travis   1351 Jan  3 00:56 ModularCodeGen6_A_A2_profile.class
-rw-rw-r--   1 travis travis   1364 Jan  3 00:56 ModularCodeGen6_A_A2_profile.java
-rw-rw-r--   1 travis travis   4340 Jan  3 00:56 ModularCodeGen6_A_A.class
-rw-rw-r--   1 travis travis  11221 Jan  3 00:56 ModularCodeGen6_A_A.java
-rw-rw-r--   1 travis travis    864 Jan  3 00:56 ModularCodeGen6_A_A.mk
-rw-rw-r--   1 travis travis   1348 Jan  3 00:56 ModularCodeGen6_A_A_profile.class
-rw-rw-r--   1 travis travis   1361 Jan  3 00:56 ModularCodeGen6_A_A_profile.java
-rw-rw-r--   1 travis travis   7469 Jan  3 00:56 ModularCodeGen6_A.class
-rw-rw-r--   1 travis travis  26535 Jan  3 00:56 ModularCodeGen6_A.java
-rw-rw-r--   1 travis travis    848 Jan  3 00:56 ModularCodeGen6_A.mk
-rw-rw-r--   1 travis travis   1483 Jan  3 00:56 ModularCodeGen6_A_profile.class
-rw-rw-r--   1 travis travis   1810 Jan  3 00:56 ModularCodeGen6_A_profile.java
-rw-rw-r--   1 travis travis   9633 Jan  3 00:57 ModularCodeGenLazyPubSubGlobal_CompositeActor_ModularCodeGenTypedComposite.class
-rw-rw-r--   1 travis travis  30161 Jan  3 00:57 ModularCodeGenLazyPubSubGlobal_CompositeActor_ModularCodeGenTypedComposite.java
-rw-rw-r--   1 travis travis   1304 Jan  3 00:57 ModularCodeGenLazyPubSubGlobal_CompositeActor_ModularCodeGenTypedComposite.mk
-rw-rw-r--   1 travis travis   1438 Jan  3 00:57 ModularCodeGenLazyPubSubGlobal_CompositeActor_ModularCodeGenTypedComposite_profile.class
-rw-rw-r--   1 travis travis   1384 Jan  3 00:57 ModularCodeGenLazyPubSubGlobal_CompositeActor_ModularCodeGenTypedComposite_profile.java
-rw-rw-r--   1 travis travis   4184 Jan  3 00:57 ModularCodeGenLazyPubSub_LazyCompositeActor.class
-rw-rw-r--   1 travis travis  11122 Jan  3 00:57 ModularCodeGenLazyPubSub_LazyCompositeActor.java
-rw-rw-r--   1 travis travis   1056 Jan  3 00:57 ModularCodeGenLazyPubSub_LazyCompositeActor.mk
-rw-rw-r--   1 travis travis   1286 Jan  3 00:57 ModularCodeGenLazyPubSub_LazyCompositeActor_profile.class
-rw-rw-r--   1 travis travis   1091 Jan  3 00:56 ModularCodeGenLazyPubSub_LazyCompositeActor_profile.java
-rw-rw-r--   1 travis travis   4186 Jan  3 00:56 ModularCodeGen_ModularCodeGenTypedCompositeActor.class
-rw-rw-r--   1 travis travis  10970 Jan  3 00:56 ModularCodeGen_ModularCodeGenTypedCompositeActor.java
-rw-rw-r--   1 travis travis   1096 Jan  3 00:56 ModularCodeGen_ModularCodeGenTypedCompositeActor.mk
-rw-rw-r--   1 travis travis   1384 Jan  3 00:56 ModularCodeGen_ModularCodeGenTypedCompositeActor_profile.class
-rw-rw-r--   1 travis travis   1328 Jan  3 00:56 ModularCodeGen_ModularCodeGenTypedCompositeActor_profile.java
-rw-rw-r--   1 travis travis   3673 Jan  3 00:57 ModularCodeGenPubSub2_A1_A.class
-rw-rw-r--   1 travis travis   8578 Jan  3 00:57 ModularCodeGenPubSub2_A1_A.java
-rw-rw-r--   1 travis travis    920 Jan  3 00:57 ModularCodeGenPubSub2_A1_A.mk
-rw-rw-r--   1 travis travis   1274 Jan  3 00:57 ModularCodeGenPubSub2_A1_A_profile.class
-rw-rw-r--   1 travis travis   1128 Jan  3 00:57 ModularCodeGenPubSub2_A1_A_profile.java
-rw-rw-r--   1 travis travis   1196 Jan  3 00:57 ModularCodeGenPubSub2_A1_profile.java
-rw-rw-r--   1 travis travis   3707 Jan  3 00:57 ModularCodeGenPubSub_A1.class
-rw-rw-r--   1 travis travis   9060 Jan  3 00:57 ModularCodeGenPubSub_A1.java
-rw-rw-r--   1 travis travis    896 Jan  3 00:57 ModularCodeGenPubSub_A1.mk
-rw-rw-r--   1 travis travis   1278 Jan  3 00:57 ModularCodeGenPubSub_A1_profile.class
-rw-rw-r--   1 travis travis   1195 Jan  3 00:57 ModularCodeGenPubSub_A1_profile.java
-rw-rw-r--   1 travis travis   3724 Jan  3 00:55 ModularCodeGenTest_A1_A2.class
-rw-rw-r--   1 travis travis   9164 Jan  3 00:55 ModularCodeGenTest_A1_A2.java
-rw-rw-r--   1 travis travis   1306 Jan  3 00:55 ModularCodeGenTest_A1_A2_profile.class
-rw-rw-r--   1 travis travis   4055 Jan  3 00:55 ModularCodeGenTest_A1.class
-rw-rw-r--   1 travis travis   9968 Jan  3 00:55 ModularCodeGenTest_A1.java
-rw-rw-r--   1 travis travis    880 Jan  3 00:55 ModularCodeGenTest_A1.mk
-rw-rw-r--   1 travis travis   1352 Jan  3 00:55 ModularCodeGenTest_A1_profile.class
-rw-rw-r--   1 travis travis   1394 Jan  3 00:55 ModularCodeGenTest_A1_profile.java
drwxrwxr-x   3 travis travis  32768 Jan  3 00:55 modulation2
drwxrwxr-x 116 travis travis  12288 Jan  3 00:55 node_modules
drwxrwxr-x   3 travis travis  20480 Jan  3 00:51 PhaseUnwrap
drwxrwxr-x   3 travis travis  12288 Jan  3 00:51 ReadFile1
-rw-rw-r--   1 travis travis     11 Jan  3 00:51 ReadFile1Output.txt
-rw-rw-r--   1 travis travis  13773 Jan  3 00:55 Repeat.class
-rw-rw-r--   1 travis travis    685 Jan  3 00:55 Repeat$_fireFunction_Repeat_Repeat$__f_sL_11.class
-rw-rw-r--   1 travis travis    541 Jan  3 00:55 Repeat$_fireFunction_Repeat_Repeat$__f_sL_12.class
-rw-rw-r--   1 travis travis    541 Jan  3 00:55 Repeat$_fireFunction_Repeat_Repeat$__f_sL_13.class
-rw-rw-r--   1 travis travis    541 Jan  3 00:55 Repeat$_fireFunction_Repeat_Repeat$__f_sL_14.class
-rw-rw-r--   1 travis travis    684 Jan  3 00:55 Repeat$_fireFunction_Repeat_Repeat$__f_sL_1.class
-rw-rw-r--   1 travis travis    683 Jan  3 00:55 Repeat$_fireFunction_Repeat_Repeat$__f_sL_4.class
-rw-rw-r--   1 travis travis    539 Jan  3 00:55 Repeat$_fireFunction_Repeat_Repeat$__f_sL_9.class
-rw-rw-r--   1 travis travis    494 Jan  3 00:55 Repeat$_initialize_Repeat$__i_sL_2.class
-rw-rw-r--   1 travis travis   1281 Jan  3 00:55 Repeat.mk
-rw-rw-r--   1 travis travis    539 Jan  3 00:55 Repeat$_preinitializeMethod_Repeat$__p_sL_0.class
-rw-rw-r--   1 travis travis   1102 Jan  3 00:55 Repeat$_Repeat$_fireFunction_Repeat_AddSubtract_Repeat.class
-rw-rw-r--   1 travis travis    810 Jan  3 00:55 Repeat$_Repeat$_fireFunction_Repeat_AddSubtract_Repeat$__f_sL_0.class
-rw-rw-r--   1 travis travis    928 Jan  3 00:55 Repeat$_Repeat$_fireFunction_Repeat_AddSubtract_Repeat$__f_sL_1.class
-rw-rw-r--   1 travis travis    934 Jan  3 00:55 Repeat$_Repeat$_fireFunction_Repeat_AddSubtract_Repeat$__f_sL_2.class
-rw-rw-r--   1 travis travis    862 Jan  3 00:55 Repeat$_Repeat$_fireFunction_Repeat_AddSubtract_Repeat$__f_sL_3.class
-rw-rw-r--   1 travis travis    757 Jan  3 00:55 Repeat$_Repeat$_fireFunction_Repeat_Ramp2_Repeat$__f_sL_0.class
-rw-rw-r--   1 travis travis    888 Jan  3 00:55 Repeat$_Repeat$_fireFunction_Repeat_Test_Repeat$__f_sL_0.class
-rw-rw-r--   1 travis travis    634 Jan  3 00:55 Repeat$_Repeat$_fireFunction_Repeat_Test_Repeat$__f_sL_1.class
-rw-rw-r--   1 travis travis    704 Jan  3 00:55 Repeat$_Repeat_SDF_Director_run_Repeat$__R_sL_0.class
-rw-rw-r--   1 travis travis    705 Jan  3 00:55 Repeat$_Repeat_SDF_Director_run_Repeat$__R_sL_11.class
-rw-rw-r--   1 travis travis    561 Jan  3 00:55 Repeat$_Repeat_SDF_Director_run_Repeat$__R_sL_13.class
-rw-rw-r--   1 travis travis    559 Jan  3 00:55 Repeat$_Repeat_SDF_Director_run_Repeat$__R_sL_2.class
-rw-rw-r--   1 travis travis    703 Jan  3 00:55 Repeat$_Repeat_SDF_Director_run_Repeat$__R_sL_3.class
-rw-rw-r--   1 travis travis    559 Jan  3 00:55 Repeat$_Repeat_SDF_Director_run_Repeat$__R_sL_5.class
-rw-rw-r--   1 travis travis    559 Jan  3 00:55 Repeat$_Repeat_SDF_Director_run_Repeat$__R_sL_8.class
drwxrwxr-x   2 travis travis   4096 Jan  3 00:55 RepeatVariables
-rw-rw-r--   1 travis travis    882 Jan  3 00:55 Repeat$_varinit_Repeat.class
-rw-rw-r--   1 travis travis    550 Jan  3 00:55 Repeat$_varinit_Repeat$__v_sL_2.class
-rw-rw-r--   1 travis travis    924 Jan  3 00:55 Repeat$_varinit_Repeat$__v_sL_4.class
-rw-rw-r--   1 travis travis    978 Jan  3 00:55 Repeat$_wrapup_Repeat$__w_sL_1.class
drwxrwxr-x   3 travis travis  20480 Jan  3 00:52 Sinewave
drwxrwxr-x   3 travis travis  32768 Jan  3 00:53 StringFunction
drwxrwxr-x   3 travis travis  12288 Jan  3 00:53 StringLength
drwxrwxr-x   3 travis travis  61440 Jan  3 00:53 StringMatches2
drwxrwxr-x   3 travis travis  61440 Jan  3 00:54 StringSimpleReplace
drwxrwxr-x   3 travis travis  65536 Jan  3 00:54 StringSubstring
drwxrwxr-x   3 travis travis  24576 Jan  3 00:54 StringSubstring2
drwxrwxr-x   3 travis travis  16384 Jan  3 00:54 time1
drwxrwxr-x   3 travis travis  12288 Jan  3 00:55 time5
-rw-rw-r--   1 travis travis    432 Jan  3 00:57 Token.class
-rw-rw-r--   1 travis travis    251 Jan  3 00:57 Token.java
-rwxrwxr-x   1 travis travis 466992 Jan  3 00:49 top
-rw-rw-r--   1 travis travis  20502 Jan  3 00:49 top.c
-rw-rw-r--   1 travis travis   3799 Jan  3 00:55 top.class
-rw-rw-r--   1 travis travis   1257 Jan  3 00:55 top.mk
All Done
Writing ModularCodeGenPubSub2_A1.java in file:/home/travis/cg/ (9781 characters)
Reading "ptolemy/cg/kernel/generic/program/procedural/java/modular/makefile.in",
    writing "/home/travis/cg/ModularCodeGenPubSub2_A1.mk"
Using ptolemy/cg/kernel/generic/program/procedural/java/modular/makefile.in
In "/home/travis/cg", about to execute:
    make -f ModularCodeGenPubSub2_A1.mk
javac -classpath ".:.."    ModularCodeGenPubSub2_A1.java
All Done
4845 ms. Memory: 129024K Free: 50263K (39%)
----------------- Invoking toplevel() on ptolemy.moml.MoMLSimpleApplication@23e741f3
----------------- Done invoking toplevel() on ptolemy.moml.MoMLSimpleApplication@23e741f3
reloadAllAccessors: .ModularCodeGenPubSub2

===========================================================================================
----------------- testing Fri Jan 03 00:57:11 UTC 2020 /home/travis/build/icyphy/ptII/ptolemy/cg/lib/test/auto/ModularCodeGenPubSub3.xml
----------------- Instantiating /home/travis/build/icyphy/ptII/ptolemy/cg/lib/test/auto/ModularCodeGenPubSub3.xml
In "/home/travis/cg", about to execute:
    pwd
In "/home/travis/cg", about to execute:
    ls -l
/home/travis/cg
total 2492
drwxrwxr-x   3 travis travis  12288 Jan  3 00:50 AbsoluteValue
drwxrwxr-x   3 travis travis 102400 Jan  3 00:49 AllColt
-rw-rw-r--   1 travis travis    233 Jan  3 00:57 Array.class
-rw-rw-r--   1 travis travis    459 Jan  3 00:57 Array.java
drwxrwxr-x   3 travis travis  12288 Jan  3 00:50 Case1
-rw-rw-r--   1 travis travis   5128 Jan  3 00:55 CompiledCompositeActor_CompiledCompositeActor.class
-rw-rw-r--   1 travis travis   1611 Jan  3 00:55 CompiledCompositeActor_CompiledCompositeActor$_CompiledCompositeActor_CompiledCompositeActor.class
In "/home/travis/cg", about to execute:
    javac -classpath
.:/home/travis/build/icyphy/ptII:/home/travis/build/icyphy/ptII/lib/bsh-2.0b4.j
ar:/home/travis/build/icyphy/ptII/lib/ptCal.jar:/home/travis/build/icyphy/ptII/
lib/java_cup.jar:/home/travis/build/icyphy/ptII/lib/saxon8.jar:/home/travis/bui
ld/icyphy/ptII/lib/saxon8-dom.jar:/home/travis/build/icyphy/ptII/lib/chic.jar:/
home/travis/build/icyphy/ptII/lib/ptcolt.jar:/home/travis/build/icyphy/ptII/ven
dors/misc/itext/iText.jar:/home/travis/build/icyphy/ptII/lib/g4ltl.jar:/home/tr
avis/build/icyphy/ptII/lib/StructuralCoder.jar:/home/travis/build/icyphy/ptII/l
ib/jcerti.jar:/home/travis/build/icyphy/ptII/lib/javax.mail.jar:/home/travis/bu
ild/icyphy/ptII/vendors/JMF-2.1.1e/lib/jmf.jar:/home/travis/build/icyphy/ptII/l
ib/jna-4.0.0-variadic.jar:/home/travis/build/icyphy/ptII/vendors/misc/joystick/
Joystick.jar:/home/travis/build/icyphy/ptII/lib/ptjacl.jar:/home/travis/build/i
cyphy/ptII/lib/jsoup-1.8.2.jar:/home/travis/build/icyphy/ptII/lib/junit-4.8.2.j
ar:/home/travis/build/icyphy/ptII/lib/JUnitParams-0.4.0.jar:/home/travis/build/
icyphy/ptII/ptolemy/actor/lib/excel/jxl.jar:/home/travis/build/icyphy/ptII/lib/
jython.jar:/home/travis/build/icyphy/ptII/lib/kieler.jar:/home/travis/build/icy
phy/ptII/vendors/opencv/share/OpenCV/java/opencv-341.jar:/home/travis/build/icy
phy/ptII/lib/oscP5.jar:/home/travis/build/icyphy/ptII/lib/nrjavaserial-3.11.0.d
evel.jar:/home/travis/build/icyphy/ptII/vendors/j3d/lib/Linux/j3dcore.jar:/home
/travis/build/icyphy/ptII/vendors/j3d/lib/Linux/j3dutils.jar:/home/travis/build
/icyphy/ptII/vendors/j3d/lib/Linux/vecmath.jar:/home/travis/build/icyphy/ptII/v
endors/jogl/lib/Linux/gluegen-rt-natives-linux-amd64.jar:/home/travis/build/icy
phy/ptII/vendors/jogl/lib/Linux/gluegen-rt.jar:/home/travis/build/icyphy/ptII/v
endors/jogl/lib/Linux/jogl-all-natives-linux-amd64.jar:/home/travis/build/icyph
y/ptII/vendors/jogl/lib/Linux/jogl-all.jar:/home/travis/build/icyphy/ptII/ptole
my/distributed/jini/jar/jini-core.jar:/home/travis/build/icyphy/ptII/ptolemy/di
stributed/jini/jar/jini-ext.jar:/home/travis/build/icyphy/ptII/ptolemy/distribu
ted/jini/jar/sun-util.jar:/home/travis/build/icyphy/ptII/lib/protobuf-java-2.4.
1.jar:/home/travis/build/icyphy/ptII/lib/org.eclipse.paho.client.mqttv3.jar:/ho
me/travis/build/icyphy/ptII/lib/mapss.jar:/home/travis/build/icyphy/ptII/ptolem
y/actor/ptalon/antlr/antlr.jar:/home/travis/build/icyphy/ptII/lib/JRI.jar:/home
/travis/build/icyphy/ptII/lib/commons-lang-2.6.jar:/home/travis/build/icyphy/pt
II/lib/commons-logging-1.1.1.jar:/home/travis/build/icyphy/ptII/lib/sootclasses
.jar:/home/travis/build/icyphy/ptII/ptolemy/actor/lib/database/mysql-connector-
java-5.1.6-bin.jar:/home/travis/build/icyphy/ptII/vendors/misc/sphinx4/sphinx4-
data-5prealpha.jar:/home/travis/build/icyphy/ptII/vendors/misc/sphinx4/sphinx4-
core-5prealpha.jar:/home/travis/build/icyphy/ptII/lib/PDFRenderer.jar:/home/tra
vis/build/icyphy/ptII/lib/svgSalamander.jar:/home/travis/build/icyphy/ptII/lib/
rsyntaxtextarea-2.6.0-SNAPSHOT.jar:/home/travis/build/icyphy/ptII/lib/hazelcast
-3.8.2.jar:/home/travis/build/icyphy/ptII/lib/jackson-annotations-2.9.0.jar:/ho
me/travis/build/icyphy/ptII/lib/jackson-core-2.9.3.jar:/home/travis/build/icyph
y/ptII/lib/jackson-databind-2.9.3.jar:/home/travis/build/icyphy/ptII/lib/netty-
buffer-4.1.19.Final.jar:/home/travis/build/icyphy/ptII/lib/netty-codec-4.1.19.F
inal.jar:/home/travis/build/icyphy/ptII/lib/netty-codec-dns-4.1.19.Final.jar:/h
ome/travis/build/icyphy/ptII/lib/netty-codec-http-4.1.19.Final.jar:/home/travis
/build/icyphy/ptII/lib/netty-codec-http2-4.1.19.Final.jar:/home/travis/build/ic
yphy/ptII/lib/netty-common-4.1.19.Final.jar:/home/travis/build/icyphy/ptII/lib/
netty-handler-4.1.19.Final.jar:/home/travis/build/icyphy/ptII/lib/netty-resolve
r-4.1.19.Final.jar:/home/travis/build/icyphy/ptII/lib/netty-resolver-dns-4.1.19
.Final.jar:/home/travis/build/icyphy/ptII/lib/netty-transport-4.1.19.Final.jar:
/home/travis/build/icyphy/ptII/lib/vertx-codegen-3.5.1.jar:/home/travis/build/i
cyphy/ptII/lib/vertx-core-3.5.2-SNAPSHOT.jar:/home/travis/build/icyphy/ptII/lib
/vertx-hazelcast-3.5.1.jar:/home/travis/build/icyphy/ptII/lib/vertx-lang-js-3.5
.1.jar:/home/travis/build/icyphy/ptII/lib/vertx-service-proxy-3.5.1.jar:/home/t
ravis/build/icyphy/ptII/lib/vertx-web-3.5.1.jar:/home/travis/build/icyphy/ptII/
lib/slf4j-api-1.7.13.jar:/home/travis/build/icyphy/ptII/lib/slf4j-simple-1.7.13
.jar:/home/travis/build/icyphy/ptII/lib/webcam-capture-0.3.12.jar:/home/travis/
build/icyphy/ptII/lib/bridj-0.7.0.jar:/home/travis/build/icyphy/ptII/lib/xbjlib
-1.1.0.nrjavaserial.jar:/home/travis/build/icyphy/ptII/ptolemy/moml/test:/home/
travis/build/icyphy/ptII/ant/lib/ant-launcher.jar:/home/travis/build/icyphy/ptI
I/ant/lib/ant.jar:/home/travis/build/icyphy/ptII/ant/lib/ant-junit.jar:/home/tr
avis/build/icyphy/ptII/ant/lib/ant-junit4.jar:/home/travis/build/icyphy/ptII
ModularCodeGenPubSub3_A1_A2_profile.java
-rw-rw-r--   1 travis travis  13466 Jan  3 00:55 CompiledCompositeActor_CompiledCompositeActor.java
-rw-rw-r--   1 travis travis   1593 Jan  3 00:55 CompiledCompositeActor_CompiledCompositeActor.mk
drwxrwxr-x   5 travis travis   4096 Jan  3 00:49 fmi
drwxrwxr-x   3 travis travis  16384 Jan  3 00:50 Gaussian2
-rw-rw-r--   1 travis travis   4684 Jan  3 00:55 JavaCompiledCompositeTest1_CompiledCompositeActor.class
-rw-rw-r--   1 travis travis  11637 Jan  3 00:55 JavaCompiledCompositeTest1_CompiledCompositeActor.java
-rw-rw-r--   1 travis travis   1217 Jan  3 00:55 JavaCompiledCompositeTest1_CompiledCompositeActor$_JavaCompiledCompositeTest1_CompiledCompositeActor.class
-rw-rw-r--   1 travis travis   1625 Jan  3 00:55 JavaCompiledCompositeTest1_CompiledCompositeActor.mk
-rw-rw-r--   1 travis travis   5115 Jan  3 00:55 JavaCompiledCompositeTest2_CompiledCompositeActor.class
-rw-rw-r--   1 travis travis  14919 Jan  3 00:55 JavaCompiledCompositeTest2_CompiledCompositeActor.java
-rw-rw-r--   1 travis travis   1812 Jan  3 00:55 JavaCompiledCompositeTest2_CompiledCompositeActor$_JavaCompiledCompositeTest2_CompiledCompositeActor.class
-rw-rw-r--   1 travis travis   1625 Jan  3 00:55 JavaCompiledCompositeTest2_CompiledCompositeActor.mk
-rw-rw-r--   1 travis travis   4732 Jan  3 00:55 JavaCompiledCompositeTest3_CompiledCompositeActor.class
-rw-rw-r--   1 travis travis  13080 Jan  3 00:55 JavaCompiledCompositeTest3_CompiledCompositeActor.java
-rw-rw-r--   1 travis travis   1397 Jan  3 00:55 JavaCompiledCompositeTest3_CompiledCompositeActor$_JavaCompiledCompositeTest3_CompiledCompositeActor.class
-rw-rw-r--   1 travis travis   1625 Jan  3 00:55 JavaCompiledCompositeTest3_CompiledCompositeActor.mk
-rw-rw-r--   1 travis travis   4183 Jan  3 00:55 JavaCompiledCompositeTest4_CompiledCompositeActor.class
-rw-rw-r--   1 travis travis   9687 Jan  3 00:55 JavaCompiledCompositeTest4_CompiledCompositeActor.java
-rw-rw-r--   1 travis travis    876 Jan  3 00:55 JavaCompiledCompositeTest4_CompiledCompositeActor$_JavaCompiledCompositeTest4_CompiledCompositeActor.class
-rw-rw-r--   1 travis travis   1625 Jan  3 00:55 JavaCompiledCompositeTest4_CompiledCompositeActor.mk
drwxrwxr-x   3 travis travis  12288 Jan  3 00:51 LookupTable
drwxrwxr-x   3 travis travis  20480 Jan  3 00:51 MaxIndex
-rw-rw-r--   1 travis travis   3925 Jan  3 00:55 ModularCG_A1_B1.class
-rw-rw-r--   1 travis travis   9730 Jan  3 00:55 ModularCG_A1_B1.java
-rw-rw-r--   1 travis travis    832 Jan  3 00:55 ModularCG_A1_B1.mk
-rw-rw-r--   1 travis travis   1318 Jan  3 00:55 ModularCG_A1_B1_profile.class
-rw-rw-r--   1 travis travis   1262 Jan  3 00:55 ModularCG_A1_B1_profile.java
-rw-rw-r--   1 travis travis   3925 Jan  3 00:55 ModularCG_A1_B2.class
-rw-rw-r--   1 travis travis   9730 Jan  3 00:55 ModularCG_A1_B2.java
-rw-rw-r--   1 travis travis    832 Jan  3 00:55 ModularCG_A1_B2.mk
-rw-rw-r--   1 travis travis   1318 Jan  3 00:55 ModularCG_A1_B2_profile.class
-rw-rw-r--   1 travis travis   1262 Jan  3 00:55 ModularCG_A1_B2_profile.java
-rw-rw-r--   1 travis travis   5031 Jan  3 00:55 ModularCG_A1.class
-rw-rw-r--   1 travis travis  14742 Jan  3 00:55 ModularCG_A1.java
-rw-rw-r--   1 travis travis    808 Jan  3 00:55 ModularCG_A1.mk
-rw-rw-r--   1 travis travis   1433 Jan  3 00:55 ModularCG_A1_profile.class
-rw-rw-r--   1 travis travis   1704 Jan  3 00:55 ModularCG_A1_profile.java
-rw-rw-r--   1 travis travis   4059 Jan  3 00:55 ModularCG_A2_B1.class
-rw-rw-r--   1 travis travis  10667 Jan  3 00:55 ModularCG_A2_B1.java
-rw-rw-r--   1 travis travis    832 Jan  3 00:55 ModularCG_A2_B1.mk
-rw-rw-r--   1 travis travis   1381 Jan  3 00:55 ModularCG_A2_B1_profile.class
-rw-rw-r--   1 travis travis   1446 Jan  3 00:55 ModularCG_A2_B1_profile.java
-rw-rw-r--   1 travis travis   3925 Jan  3 00:55 ModularCG_A2_B2.class
-rw-rw-r--   1 travis travis   9730 Jan  3 00:55 ModularCG_A2_B2.java
-rw-rw-r--   1 travis travis    832 Jan  3 00:55 ModularCG_A2_B2.mk
-rw-rw-r--   1 travis travis   1318 Jan  3 00:55 ModularCG_A2_B2_profile.class
-rw-rw-r--   1 travis travis   1262 Jan  3 00:55 ModularCG_A2_B2_profile.java
-rw-rw-r--   1 travis travis   5102 Jan  3 00:56 ModularCG_A2.class
-rw-rw-r--   1 travis travis  15129 Jan  3 00:56 ModularCG_A2.java
-rw-rw-r--   1 travis travis    808 Jan  3 00:56 ModularCG_A2.mk
-rw-rw-r--   1 travis travis   1433 Jan  3 00:56 ModularCG_A2_profile.class
-rw-rw-r--   1 travis travis   1704 Jan  3 00:55 ModularCG_A2_profile.java
-rw-rw-r--   1 travis travis   3705 Jan  3 00:56 ModularCGPubSub_A1_A2.class
-rw-rw-r--   1 travis travis   9076 Jan  3 00:56 ModularCGPubSub_A1_A2.java
-rw-rw-r--   1 travis travis    880 Jan  3 00:56 ModularCGPubSub_A1_A2.mk
-rw-rw-r--   1 travis travis   1300 Jan  3 00:56 ModularCGPubSub_A1_A2_profile.class
-rw-rw-r--   1 travis travis   1222 Jan  3 00:56 ModularCGPubSub_A1_A2_profile.java
-rw-rw-r--   1 travis travis   4022 Jan  3 00:56 ModularCGPubSub_A1.class
-rw-rw-r--   1 travis travis   9836 Jan  3 00:56 ModularCGPubSub_A1.java
-rw-rw-r--   1 travis travis    856 Jan  3 00:56 ModularCGPubSub_A1.mk
-rw-rw-r--   1 travis travis   1346 Jan  3 00:56 ModularCGPubSub_A1_profile.class
-rw-rw-r--   1 travis travis   1388 Jan  3 00:56 ModularCGPubSub_A1_profile.java
-rw-rw-r--   1 travis travis   4220 Jan  3 00:56 ModularCodeGen2_ModularCodeGenTypedCompositeActor.class
-rw-rw-r--   1 travis travis  11690 Jan  3 00:56 ModularCodeGen2_ModularCodeGenTypedCompositeActor.java
-rw-rw-r--   1 travis travis   1104 Jan  3 00:56 ModularCodeGen2_ModularCodeGenTypedCompositeActor.mk
-rw-rw-r--   1 travis travis   4504 Jan  3 00:56 ModularCodeGen2_ModularCodeGenTypedCompositeActor_ModularCodeGenTypedCompositeActor.class
-rw-rw-r--   1 travis travis  11790 Jan  3 00:56 ModularCodeGen2_ModularCodeGenTypedCompositeActor_ModularCodeGenTypedCompositeActor.java
-rw-rw-r--   1 travis travis   1376 Jan  3 00:56 ModularCodeGen2_ModularCodeGenTypedCompositeActor_ModularCodeGenTypedCompositeActor.mk
-rw-rw-r--   1 travis travis   1421 Jan  3 00:56 ModularCodeGen2_ModularCodeGenTypedCompositeActor_ModularCodeGenTypedCompositeActor_profile.class
-rw-rw-r--   1 travis travis   1294 Jan  3 00:56 ModularCodeGen2_ModularCodeGenTypedCompositeActor_ModularCodeGenTypedCompositeActor_profile.java
-rw-rw-r--   1 travis travis    820 Jan  3 00:56 ModularCodeGen2_ModularCodeGenTypedCompositeActor_profile.class
-rw-rw-r--   1 travis travis    693 Jan  3 00:56 ModularCodeGen2_ModularCodeGenTypedCompositeActor_profile.java
-rw-rw-r--   1 travis travis   3973 Jan  3 00:56 ModularCodeGen3_A1_B1.class
-rw-rw-r--   1 travis travis   9958 Jan  3 00:56 ModularCodeGen3_A1_B1.java
-rw-rw-r--   1 travis travis    880 Jan  3 00:56 ModularCodeGen3_A1_B1.mk
-rw-rw-r--   1 travis travis   1330 Jan  3 00:56 ModularCodeGen3_A1_B1_profile.class
-rw-rw-r--   1 travis travis   1274 Jan  3 00:56 ModularCodeGen3_A1_B1_profile.java
-rw-rw-r--   1 travis travis   3973 Jan  3 00:56 ModularCodeGen3_A1_B2.class
-rw-rw-r--   1 travis travis   9958 Jan  3 00:56 ModularCodeGen3_A1_B2.java
-rw-rw-r--   1 travis travis    880 Jan  3 00:56 ModularCodeGen3_A1_B2.mk
-rw-rw-r--   1 travis travis   1330 Jan  3 00:56 ModularCodeGen3_A1_B2_profile.class
-rw-rw-r--   1 travis travis   1274 Jan  3 00:56 ModularCodeGen3_A1_B2_profile.java
-rw-rw-r--   1 travis travis   5193 Jan  3 00:56 ModularCodeGen3_A1.class
-rw-rw-r--   1 travis travis  15564 Jan  3 00:56 ModularCodeGen3_A1.java
-rw-rw-r--   1 travis travis    856 Jan  3 00:56 ModularCodeGen3_A1.mk
-rw-rw-r--   1 travis travis   1445 Jan  3 00:56 ModularCodeGen3_A1_profile.class
-rw-rw-r--   1 travis travis   1716 Jan  3 00:56 ModularCodeGen3_A1_profile.java
-rw-rw-r--   1 travis travis   4119 Jan  3 00:56 ModularCodeGen3_A2_B1.class
-rw-rw-r--   1 travis travis  10955 Jan  3 00:56 ModularCodeGen3_A2_B1.java
-rw-rw-r--   1 travis travis    880 Jan  3 00:56 ModularCodeGen3_A2_B1.mk
-rw-rw-r--   1 travis travis   1393 Jan  3 00:56 ModularCodeGen3_A2_B1_profile.class
-rw-rw-r--   1 travis travis   1458 Jan  3 00:56 ModularCodeGen3_A2_B1_profile.java
-rw-rw-r--   1 travis travis   3973 Jan  3 00:56 ModularCodeGen3_A2_B2.class
-rw-rw-r--   1 travis travis   9958 Jan  3 00:56 ModularCodeGen3_A2_B2.java
-rw-rw-r--   1 travis travis    880 Jan  3 00:56 ModularCodeGen3_A2_B2.mk
-rw-rw-r--   1 travis travis   1330 Jan  3 00:56 ModularCodeGen3_A2_B2_profile.class
-rw-rw-r--   1 travis travis   1274 Jan  3 00:56 ModularCodeGen3_A2_B2_profile.java
-rw-rw-r--   1 travis travis   5270 Jan  3 00:56 ModularCodeGen3_A2.class
-rw-rw-r--   1 travis travis  15957 Jan  3 00:56 ModularCodeGen3_A2.java
-rw-rw-r--   1 travis travis    856 Jan  3 00:56 ModularCodeGen3_A2.mk
-rw-rw-r--   1 travis travis   1445 Jan  3 00:56 ModularCodeGen3_A2_profile.class
-rw-rw-r--   1 travis travis   1716 Jan  3 00:56 ModularCodeGen3_A2_profile.java
-rw-rw-r--   1 travis travis   4026 Jan  3 00:56 ModularCodeGen4_A1_B1.class
-rw-rw-r--   1 travis travis  10312 Jan  3 00:56 ModularCodeGen4_A1_B1.java
-rw-rw-r--   1 travis travis    880 Jan  3 00:56 ModularCodeGen4_A1_B1.mk
-rw-rw-r--   1 travis travis   1330 Jan  3 00:56 ModularCodeGen4_A1_B1_profile.class
-rw-rw-r--   1 travis travis   1273 Jan  3 00:56 ModularCodeGen4_A1_B1_profile.java
-rw-rw-r--   1 travis travis   4026 Jan  3 00:56 ModularCodeGen4_A1_B2.class
-rw-rw-r--   1 travis travis  10312 Jan  3 00:56 ModularCodeGen4_A1_B2.java
-rw-rw-r--   1 travis travis    880 Jan  3 00:56 ModularCodeGen4_A1_B2.mk
-rw-rw-r--   1 travis travis   1330 Jan  3 00:56 ModularCodeGen4_A1_B2_profile.class
-rw-rw-r--   1 travis travis   1273 Jan  3 00:56 ModularCodeGen4_A1_B2_profile.java
-rw-rw-r--   1 travis travis   5333 Jan  3 00:56 ModularCodeGen4_A1.class
-rw-rw-r--   1 travis travis  16245 Jan  3 00:56 ModularCodeGen4_A1.java
-rw-rw-r--   1 travis travis    856 Jan  3 00:56 ModularCodeGen4_A1.mk
-rw-rw-r--   1 travis travis   1445 Jan  3 00:56 ModularCodeGen4_A1_profile.class
-rw-rw-r--   1 travis travis   1712 Jan  3 00:56 ModularCodeGen4_A1_profile.java
-rw-rw-r--   1 travis travis   4220 Jan  3 00:56 ModularCodeGen4_A2_B1.class
-rw-rw-r--   1 travis travis  11375 Jan  3 00:56 ModularCodeGen4_A2_B1.java
-rw-rw-r--   1 travis travis    880 Jan  3 00:56 ModularCodeGen4_A2_B1.mk
-rw-rw-r--   1 travis travis   1393 Jan  3 00:56 ModularCodeGen4_A2_B1_profile.class
-rw-rw-r--   1 travis travis   1454 Jan  3 00:56 ModularCodeGen4_A2_B1_profile.java
-rw-rw-r--   1 travis travis   4074 Jan  3 00:56 ModularCodeGen4_A2_B2.class
-rw-rw-r--   1 travis travis  10378 Jan  3 00:56 ModularCodeGen4_A2_B2.java
-rw-rw-r--   1 travis travis    880 Jan  3 00:56 ModularCodeGen4_A2_B2.mk
-rw-rw-r--   1 travis travis   1330 Jan  3 00:56 ModularCodeGen4_A2_B2_profile.class
-rw-rw-r--   1 travis travis   1270 Jan  3 00:56 ModularCodeGen4_A2_B2_profile.java
-rw-rw-r--   1 travis travis   5506 Jan  3 00:56 ModularCodeGen4_A2.class
-rw-rw-r--   1 travis travis  16770 Jan  3 00:56 ModularCodeGen4_A2.java
-rw-rw-r--   1 travis travis    856 Jan  3 00:56 ModularCodeGen4_A2.mk
-rw-rw-r--   1 travis travis   1445 Jan  3 00:56 ModularCodeGen4_A2_profile.class
-rw-rw-r--   1 travis travis   1712 Jan  3 00:56 ModularCodeGen4_A2_profile.java
-rw-rw-r--   1 travis travis   7070 Jan  3 00:56 ModularCodeGen5_A_A.class
-rw-rw-r--   1 travis travis  28721 Jan  3 00:56 ModularCodeGen5_A_A.java
-rw-rw-r--   1 travis travis    864 Jan  3 00:56 ModularCodeGen5_A_A.mk
-rw-rw-r--   1 travis travis   1520 Jan  3 00:56 ModularCodeGen5_A_A_profile.class
-rw-rw-r--   1 travis travis   1815 Jan  3 00:56 ModularCodeGen5_A_A_profile.java
-rw-rw-r--   1 travis travis   5347 Jan  3 00:56 ModularCodeGen5_A.class
-rw-rw-r--   1 travis travis  13769 Jan  3 00:56 ModularCodeGen5_A.java
-rw-rw-r--   1 travis travis    848 Jan  3 00:56 ModularCodeGen5_A.mk
-rw-rw-r--   1 travis travis   1422 Jan  3 00:56 ModularCodeGen5_A_profile.class
-rw-rw-r--   1 travis travis   1605 Jan  3 00:56 ModularCodeGen5_A_profile.java
-rw-rw-r--   1 travis travis   4357 Jan  3 00:56 ModularCodeGen6_A_A2.class
-rw-rw-r--   1 travis travis  11329 Jan  3 00:56 ModularCodeGen6_A_A2.java
-rw-rw-r--   1 travis travis    872 Jan  3 00:56 ModularCodeGen6_A_A2.mk
-rw-rw-r--   1 travis travis   1351 Jan  3 00:56 ModularCodeGen6_A_A2_profile.class
-rw-rw-r--   1 travis travis   1364 Jan  3 00:56 ModularCodeGen6_A_A2_profile.java
-rw-rw-r--   1 travis travis   4340 Jan  3 00:56 ModularCodeGen6_A_A.class
-rw-rw-r--   1 travis travis  11221 Jan  3 00:56 ModularCodeGen6_A_A.java
-rw-rw-r--   1 travis travis    864 Jan  3 00:56 ModularCodeGen6_A_A.mk
-rw-rw-r--   1 travis travis   1348 Jan  3 00:56 ModularCodeGen6_A_A_profile.class
-rw-rw-r--   1 travis travis   1361 Jan  3 00:56 ModularCodeGen6_A_A_profile.java
-rw-rw-r--   1 travis travis   7469 Jan  3 00:56 ModularCodeGen6_A.class
-rw-rw-r--   1 travis travis  26535 Jan  3 00:56 ModularCodeGen6_A.java
-rw-rw-r--   1 travis travis    848 Jan  3 00:56 ModularCodeGen6_A.mk
-rw-rw-r--   1 travis travis   1483 Jan  3 00:56 ModularCodeGen6_A_profile.class
-rw-rw-r--   1 travis travis   1810 Jan  3 00:56 ModularCodeGen6_A_profile.java
-rw-rw-r--   1 travis travis   9633 Jan  3 00:57 ModularCodeGenLazyPubSubGlobal_CompositeActor_ModularCodeGenTypedComposite.class
-rw-rw-r--   1 travis travis  30161 Jan  3 00:57 ModularCodeGenLazyPubSubGlobal_CompositeActor_ModularCodeGenTypedComposite.java
-rw-rw-r--   1 travis travis   1304 Jan  3 00:57 ModularCodeGenLazyPubSubGlobal_CompositeActor_ModularCodeGenTypedComposite.mk
-rw-rw-r--   1 travis travis   1438 Jan  3 00:57 ModularCodeGenLazyPubSubGlobal_CompositeActor_ModularCodeGenTypedComposite_profile.class
-rw-rw-r--   1 travis travis   1384 Jan  3 00:57 ModularCodeGenLazyPubSubGlobal_CompositeActor_ModularCodeGenTypedComposite_profile.java
-rw-rw-r--   1 travis travis   4184 Jan  3 00:57 ModularCodeGenLazyPubSub_LazyCompositeActor.class
-rw-rw-r--   1 travis travis  11122 Jan  3 00:57 ModularCodeGenLazyPubSub_LazyCompositeActor.java
-rw-rw-r--   1 travis travis   1056 Jan  3 00:57 ModularCodeGenLazyPubSub_LazyCompositeActor.mk
-rw-rw-r--   1 travis travis   1286 Jan  3 00:57 ModularCodeGenLazyPubSub_LazyCompositeActor_profile.class
-rw-rw-r--   1 travis travis   1091 Jan  3 00:56 ModularCodeGenLazyPubSub_LazyCompositeActor_profile.java
-rw-rw-r--   1 travis travis   4186 Jan  3 00:56 ModularCodeGen_ModularCodeGenTypedCompositeActor.class
-rw-rw-r--   1 travis travis  10970 Jan  3 00:56 ModularCodeGen_ModularCodeGenTypedCompositeActor.java
-rw-rw-r--   1 travis travis   1096 Jan  3 00:56 ModularCodeGen_ModularCodeGenTypedCompositeActor.mk
-rw-rw-r--   1 travis travis   1384 Jan  3 00:56 ModularCodeGen_ModularCodeGenTypedCompositeActor_profile.class
-rw-rw-r--   1 travis travis   1328 Jan  3 00:56 ModularCodeGen_ModularCodeGenTypedCompositeActor_profile.java
-rw-rw-r--   1 travis travis   3673 Jan  3 00:57 ModularCodeGenPubSub2_A1_A.class
-rw-rw-r--   1 travis travis   8578 Jan  3 00:57 ModularCodeGenPubSub2_A1_A.java
-rw-rw-r--   1 travis travis    920 Jan  3 00:57 ModularCodeGenPubSub2_A1_A.mk
-rw-rw-r--   1 travis travis   1274 Jan  3 00:57 ModularCodeGenPubSub2_A1_A_profile.class
-rw-rw-r--   1 travis travis   1128 Jan  3 00:57 ModularCodeGenPubSub2_A1_A_profile.java
-rw-rw-r--   1 travis travis   3965 Jan  3 00:57 ModularCodeGenPubSub2_A1.class
-rw-rw-r--   1 travis travis   9781 Jan  3 00:57 ModularCodeGenPubSub2_A1.java
-rw-rw-r--   1 travis travis    904 Jan  3 00:57 ModularCodeGenPubSub2_A1.mk
-rw-rw-r--   1 travis travis   1268 Jan  3 00:57 ModularCodeGenPubSub2_A1_profile.class
-rw-rw-r--   1 travis travis   1196 Jan  3 00:57 ModularCodeGenPubSub2_A1_profile.java
-rw-rw-r--   1 travis travis   1132 Jan  3 00:57 ModularCodeGenPubSub3_A1_A2_profile.java
-rw-rw-r--   1 travis travis   3707 Jan  3 00:57 ModularCodeGenPubSub_A1.class
-rw-rw-r--   1 travis travis   9060 Jan  3 00:57 ModularCodeGenPubSub_A1.java
-rw-rw-r--   1 travis travis    896 Jan  3 00:57 ModularCodeGenPubSub_A1.mk
-rw-rw-r--   1 travis travis   1278 Jan  3 00:57 ModularCodeGenPubSub_A1_profile.class
-rw-rw-r--   1 travis travis   1195 Jan  3 00:57 ModularCodeGenPubSub_A1_profile.java
-rw-rw-r--   1 travis travis   3724 Jan  3 00:55 ModularCodeGenTest_A1_A2.class
-rw-rw-r--   1 travis travis   9164 Jan  3 00:55 ModularCodeGenTest_A1_A2.java
-rw-rw-r--   1 travis travis   1306 Jan  3 00:55 ModularCodeGenTest_A1_A2_profile.class
-rw-rw-r--   1 travis travis   4055 Jan  3 00:55 ModularCodeGenTest_A1.class
-rw-rw-r--   1 travis travis   9968 Jan  3 00:55 ModularCodeGenTest_A1.java
-rw-rw-r--   1 travis travis    880 Jan  3 00:55 ModularCodeGenTest_A1.mk
-rw-rw-r--   1 travis travis   1352 Jan  3 00:55 ModularCodeGenTest_A1_profile.class
-rw-rw-r--   1 travis travis   1394 Jan  3 00:55 ModularCodeGenTest_A1_profile.java
drwxrwxr-x   3 travis travis  32768 Jan  3 00:55 modulation2
drwxrwxr-x 116 travis travis  12288 Jan  3 00:55 node_modules
drwxrwxr-x   3 travis travis  20480 Jan  3 00:51 PhaseUnwrap
drwxrwxr-x   3 travis travis  12288 Jan  3 00:51 ReadFile1
-rw-rw-r--   1 travis travis     11 Jan  3 00:51 ReadFile1Output.txt
-rw-rw-r--   1 travis travis  13773 Jan  3 00:55 Repeat.class
-rw-rw-r--   1 travis travis    685 Jan  3 00:55 Repeat$_fireFunction_Repeat_Repeat$__f_sL_11.class
-rw-rw-r--   1 travis travis    541 Jan  3 00:55 Repeat$_fireFunction_Repeat_Repeat$__f_sL_12.class
-rw-rw-r--   1 travis travis    541 Jan  3 00:55 Repeat$_fireFunction_Repeat_Repeat$__f_sL_13.class
-rw-rw-r--   1 travis travis    541 Jan  3 00:55 Repeat$_fireFunction_Repeat_Repeat$__f_sL_14.class
-rw-rw-r--   1 travis travis    684 Jan  3 00:55 Repeat$_fireFunction_Repeat_Repeat$__f_sL_1.class
-rw-rw-r--   1 travis travis    683 Jan  3 00:55 Repeat$_fireFunction_Repeat_Repeat$__f_sL_4.class
-rw-rw-r--   1 travis travis    539 Jan  3 00:55 Repeat$_fireFunction_Repeat_Repeat$__f_sL_9.class
-rw-rw-r--   1 travis travis    494 Jan  3 00:55 Repeat$_initialize_Repeat$__i_sL_2.class
-rw-rw-r--   1 travis travis   1281 Jan  3 00:55 Repeat.mk
-rw-rw-r--   1 travis travis    539 Jan  3 00:55 Repeat$_preinitializeMethod_Repeat$__p_sL_0.class
-rw-rw-r--   1 travis travis   1102 Jan  3 00:55 Repeat$_Repeat$_fireFunction_Repeat_AddSubtract_Repeat.class
-rw-rw-r--   1 travis travis    810 Jan  3 00:55 Repeat$_Repeat$_fireFunction_Repeat_AddSubtract_Repeat$__f_sL_0.class
-rw-rw-r--   1 travis travis    928 Jan  3 00:55 Repeat$_Repeat$_fireFunction_Repeat_AddSubtract_Repeat$__f_sL_1.class
-rw-rw-r--   1 travis travis    934 Jan  3 00:55 Repeat$_Repeat$_fireFunction_Repeat_AddSubtract_Repeat$__f_sL_2.class
-rw-rw-r--   1 travis travis    862 Jan  3 00:55 Repeat$_Repeat$_fireFunction_Repeat_AddSubtract_Repeat$__f_sL_3.class
-rw-rw-r--   1 travis travis    757 Jan  3 00:55 Repeat$_Repeat$_fireFunction_Repeat_Ramp2_Repeat$__f_sL_0.class
-rw-rw-r--   1 travis travis    888 Jan  3 00:55 Repeat$_Repeat$_fireFunction_Repeat_Test_Repeat$__f_sL_0.class
-rw-rw-r--   1 travis travis    634 Jan  3 00:55 Repeat$_Repeat$_fireFunction_Repeat_Test_Repeat$__f_sL_1.class
-rw-rw-r--   1 travis travis    704 Jan  3 00:55 Repeat$_Repeat_SDF_Director_run_Repeat$__R_sL_0.class
-rw-rw-r--   1 travis travis    705 Jan  3 00:55 Repeat$_Repeat_SDF_Director_run_Repeat$__R_sL_11.class
-rw-rw-r--   1 travis travis    561 Jan  3 00:55 Repeat$_Repeat_SDF_Director_run_Repeat$__R_sL_13.class
-rw-rw-r--   1 travis travis    559 Jan  3 00:55 Repeat$_Repeat_SDF_Director_run_Repeat$__R_sL_2.class
-rw-rw-r--   1 travis travis    703 Jan  3 00:55 Repeat$_Repeat_SDF_Director_run_Repeat$__R_sL_3.class
-rw-rw-r--   1 travis travis    559 Jan  3 00:55 Repeat$_Repeat_SDF_Director_run_Repeat$__R_sL_5.class
-rw-rw-r--   1 travis travis    559 Jan  3 00:55 Repeat$_Repeat_SDF_Director_run_Repeat$__R_sL_8.class
drwxrwxr-x   2 travis travis   4096 Jan  3 00:55 RepeatVariables
-rw-rw-r--   1 travis travis    882 Jan  3 00:55 Repeat$_varinit_Repeat.class
-rw-rw-r--   1 travis travis    550 Jan  3 00:55 Repeat$_varinit_Repeat$__v_sL_2.class
-rw-rw-r--   1 travis travis    924 Jan  3 00:55 Repeat$_varinit_Repeat$__v_sL_4.class
-rw-rw-r--   1 travis travis    978 Jan  3 00:55 Repeat$_wrapup_Repeat$__w_sL_1.class
drwxrwxr-x   3 travis travis  20480 Jan  3 00:52 Sinewave
drwxrwxr-x   3 travis travis  32768 Jan  3 00:53 StringFunction
drwxrwxr-x   3 travis travis  12288 Jan  3 00:53 StringLength
drwxrwxr-x   3 travis travis  61440 Jan  3 00:53 StringMatches2
drwxrwxr-x   3 travis travis  61440 Jan  3 00:54 StringSimpleReplace
drwxrwxr-x   3 travis travis  65536 Jan  3 00:54 StringSubstring
drwxrwxr-x   3 travis travis  24576 Jan  3 00:54 StringSubstring2
drwxrwxr-x   3 travis travis  16384 Jan  3 00:54 time1
drwxrwxr-x   3 travis travis  12288 Jan  3 00:55 time5
-rw-rw-r--   1 travis travis    432 Jan  3 00:57 Token.class
-rw-rw-r--   1 travis travis    251 Jan  3 00:57 Token.java
-rwxrwxr-x   1 travis travis 466992 Jan  3 00:49 top
-rw-rw-r--   1 travis travis  20502 Jan  3 00:49 top.c
-rw-rw-r--   1 travis travis   3799 Jan  3 00:55 top.class
-rw-rw-r--   1 travis travis   1257 Jan  3 00:55 top.mk
All Done
Writing ModularCodeGenPubSub3_A1_A2.java in file:/home/travis/cg/ (8599 characters)
Reading "ptolemy/cg/kernel/generic/program/procedural/java/modular/makefile.in",
    writing "/home/travis/cg/ModularCodeGenPubSub3_A1_A2.mk"
Using ptolemy/cg/kernel/generic/program/procedural/java/modular/makefile.in
In "/home/travis/cg", about to execute:
    make -f ModularCodeGenPubSub3_A1_A2.mk
javac -classpath ".:.."    ModularCodeGenPubSub3_A1_A2.java
All Done
In "/home/travis/cg", about to execute:
    pwd
In "/home/travis/cg", about to execute:
    ls -l
/home/travis/cg
In "/home/travis/cg", about to execute:
    javac -classpath
.:/home/travis/build/icyphy/ptII:/home/travis/build/icyphy/ptII/lib/bsh-2.0b4.j
ar:/home/travis/build/icyphy/ptII/lib/ptCal.jar:/home/travis/build/icyphy/ptII/
lib/java_cup.jar:/home/travis/build/icyphy/ptII/lib/saxon8.jar:/home/travis/bui
ld/icyphy/ptII/lib/saxon8-dom.jar:/home/travis/build/icyphy/ptII/lib/chic.jar:/
home/travis/build/icyphy/ptII/lib/ptcolt.jar:/home/travis/build/icyphy/ptII/ven
dors/misc/itext/iText.jar:/home/travis/build/icyphy/ptII/lib/g4ltl.jar:/home/tr
avis/build/icyphy/ptII/lib/StructuralCoder.jar:/home/travis/build/icyphy/ptII/l
ib/jcerti.jar:/home/travis/build/icyphy/ptII/lib/javax.mail.jar:/home/travis/bu
ild/icyphy/ptII/vendors/JMF-2.1.1e/lib/jmf.jar:/home/travis/build/icyphy/ptII/l
ib/jna-4.0.0-variadic.jar:/home/travis/build/icyphy/ptII/vendors/misc/joystick/
Joystick.jar:/home/travis/build/icyphy/ptII/lib/ptjacl.jar:/home/travis/build/i
cyphy/ptII/lib/jsoup-1.8.2.jar:/home/travis/build/icyphy/ptII/lib/junit-4.8.2.j
ar:/home/travis/build/icyphy/ptII/lib/JUnitParams-0.4.0.jar:/home/travis/build/
icyphy/ptII/ptolemy/actor/lib/excel/jxl.jar:/home/travis/build/icyphy/ptII/lib/
jython.jar:/home/travis/build/icyphy/ptII/lib/kieler.jar:/home/travis/build/icy
phy/ptII/vendors/opencv/share/OpenCV/java/opencv-341.jar:/home/travis/build/icy
phy/ptII/lib/oscP5.jar:/home/travis/build/icyphy/ptII/lib/nrjavaserial-3.11.0.d
evel.jar:/home/travis/build/icyphy/ptII/vendors/j3d/lib/Linux/j3dcore.jar:/home
/travis/build/icyphy/ptII/vendors/j3d/lib/Linux/j3dutils.jar:/home/travis/build
/icyphy/ptII/vendors/j3d/lib/Linux/vecmath.jar:/home/travis/build/icyphy/ptII/v
endors/jogl/lib/Linux/gluegen-rt-natives-linux-amd64.jar:/home/travis/build/icy
phy/ptII/vendors/jogl/lib/Linux/gluegen-rt.jar:/home/travis/build/icyphy/ptII/v
endors/jogl/lib/Linux/jogl-all-natives-linux-amd64.jar:/home/travis/build/icyph
y/ptII/vendors/jogl/lib/Linux/jogl-all.jar:/home/travis/build/icyphy/ptII/ptole
my/distributed/jini/jar/jini-core.jar:/home/travis/build/icyphy/ptII/ptolemy/di
stributed/jini/jar/jini-ext.jar:/home/travis/build/icyphy/ptII/ptolemy/distribu
ted/jini/jar/sun-util.jar:/home/travis/build/icyphy/ptII/lib/protobuf-java-2.4.
1.jar:/home/travis/build/icyphy/ptII/lib/org.eclipse.paho.client.mqttv3.jar:/ho
me/travis/build/icyphy/ptII/lib/mapss.jar:/home/travis/build/icyphy/ptII/ptolem
y/actor/ptalon/antlr/antlr.jar:/home/travis/build/icyphy/ptII/lib/JRI.jar:/home
/travis/build/icyphy/ptII/lib/commons-lang-2.6.jar:/home/travis/build/icyphy/pt
II/lib/commons-logging-1.1.1.jar:/home/travis/build/icyphy/ptII/lib/sootclasses
.jar:/home/travis/build/icyphy/ptII/ptolemy/actor/lib/database/mysql-connector-
java-5.1.6-bin.jar:/home/travis/build/icyphy/ptII/vendors/misc/sphinx4/sphinx4-
data-5prealpha.jar:/home/travis/build/icyphy/ptII/vendors/misc/sphinx4/sphinx4-
core-5prealpha.jar:/home/travis/build/icyphy/ptII/lib/PDFRenderer.jar:/home/tra
vis/build/icyphy/ptII/lib/svgSalamander.jar:/home/travis/build/icyphy/ptII/lib/
rsyntaxtextarea-2.6.0-SNAPSHOT.jar:/home/travis/build/icyphy/ptII/lib/hazelcast
-3.8.2.jar:/home/travis/build/icyphy/ptII/lib/jackson-annotations-2.9.0.jar:/ho
me/travis/build/icyphy/ptII/lib/jackson-core-2.9.3.jar:/home/travis/build/icyph
y/ptII/lib/jackson-databind-2.9.3.jar:/home/travis/build/icyphy/ptII/lib/netty-
buffer-4.1.19.Final.jar:/home/travis/build/icyphy/ptII/lib/netty-codec-4.1.19.F
inal.jar:/home/travis/build/icyphy/ptII/lib/netty-codec-dns-4.1.19.Final.jar:/h
ome/travis/build/icyphy/ptII/lib/netty-codec-http-4.1.19.Final.jar:/home/travis
/build/icyphy/ptII/lib/netty-codec-http2-4.1.19.Final.jar:/home/travis/build/ic
yphy/ptII/lib/netty-common-4.1.19.Final.jar:/home/travis/build/icyphy/ptII/lib/
netty-handler-4.1.19.Final.jar:/home/travis/build/icyphy/ptII/lib/netty-resolve
r-4.1.19.Final.jar:/home/travis/build/icyphy/ptII/lib/netty-resolver-dns-4.1.19
.Final.jar:/home/travis/build/icyphy/ptII/lib/netty-transport-4.1.19.Final.jar:
/home/travis/build/icyphy/ptII/lib/vertx-codegen-3.5.1.jar:/home/travis/build/i
cyphy/ptII/lib/vertx-core-3.5.2-SNAPSHOT.jar:/home/travis/build/icyphy/ptII/lib
/vertx-hazelcast-3.5.1.jar:/home/travis/build/icyphy/ptII/lib/vertx-lang-js-3.5
.1.jar:/home/travis/build/icyphy/ptII/lib/vertx-service-proxy-3.5.1.jar:/home/t
ravis/build/icyphy/ptII/lib/vertx-web-3.5.1.jar:/home/travis/build/icyphy/ptII/
lib/slf4j-api-1.7.13.jar:/home/travis/build/icyphy/ptII/lib/slf4j-simple-1.7.13
.jar:/home/travis/build/icyphy/ptII/lib/webcam-capture-0.3.12.jar:/home/travis/
build/icyphy/ptII/lib/bridj-0.7.0.jar:/home/travis/build/icyphy/ptII/lib/xbjlib
-1.1.0.nrjavaserial.jar:/home/travis/build/icyphy/ptII/ptolemy/moml/test:/home/
travis/build/icyphy/ptII/ant/lib/ant-launcher.jar:/home/travis/build/icyphy/ptI
I/ant/lib/ant.jar:/home/travis/build/icyphy/ptII/ant/lib/ant-junit.jar:/home/tr
avis/build/icyphy/ptII/ant/lib/ant-junit4.jar:/home/travis/build/icyphy/ptII
ModularCodeGenPubSub3_A1_profile.java
total 2520
drwxrwxr-x   3 travis travis  12288 Jan  3 00:50 AbsoluteValue
drwxrwxr-x   3 travis travis 102400 Jan  3 00:49 AllColt
-rw-rw-r--   1 travis travis    233 Jan  3 00:57 Array.class
-rw-rw-r--   1 travis travis    459 Jan  3 00:57 Array.java
drwxrwxr-x   3 travis travis  12288 Jan  3 00:50 Case1
-rw-rw-r--   1 travis travis   5128 Jan  3 00:55 CompiledCompositeActor_CompiledCompositeActor.class
-rw-rw-r--   1 travis travis   1611 Jan  3 00:55 CompiledCompositeActor_CompiledCompositeActor$_CompiledCompositeActor_CompiledCompositeActor.class
-rw-rw-r--   1 travis travis  13466 Jan  3 00:55 CompiledCompositeActor_CompiledCompositeActor.java
-rw-rw-r--   1 travis travis   1593 Jan  3 00:55 CompiledCompositeActor_CompiledCompositeActor.mk
drwxrwxr-x   5 travis travis   4096 Jan  3 00:49 fmi
drwxrwxr-x   3 travis travis  16384 Jan  3 00:50 Gaussian2
-rw-rw-r--   1 travis travis   4684 Jan  3 00:55 JavaCompiledCompositeTest1_CompiledCompositeActor.class
-rw-rw-r--   1 travis travis  11637 Jan  3 00:55 JavaCompiledCompositeTest1_CompiledCompositeActor.java
-rw-rw-r--   1 travis travis   1217 Jan  3 00:55 JavaCompiledCompositeTest1_CompiledCompositeActor$_JavaCompiledCompositeTest1_CompiledCompositeActor.class
-rw-rw-r--   1 travis travis   1625 Jan  3 00:55 JavaCompiledCompositeTest1_CompiledCompositeActor.mk
-rw-rw-r--   1 travis travis   5115 Jan  3 00:55 JavaCompiledCompositeTest2_CompiledCompositeActor.class
-rw-rw-r--   1 travis travis  14919 Jan  3 00:55 JavaCompiledCompositeTest2_CompiledCompositeActor.java
-rw-rw-r--   1 travis travis   1812 Jan  3 00:55 JavaCompiledCompositeTest2_CompiledCompositeActor$_JavaCompiledCompositeTest2_CompiledCompositeActor.class
-rw-rw-r--   1 travis travis   1625 Jan  3 00:55 JavaCompiledCompositeTest2_CompiledCompositeActor.mk
-rw-rw-r--   1 travis travis   4732 Jan  3 00:55 JavaCompiledCompositeTest3_CompiledCompositeActor.class
-rw-rw-r--   1 travis travis  13080 Jan  3 00:55 JavaCompiledCompositeTest3_CompiledCompositeActor.java
-rw-rw-r--   1 travis travis   1397 Jan  3 00:55 JavaCompiledCompositeTest3_CompiledCompositeActor$_JavaCompiledCompositeTest3_CompiledCompositeActor.class
-rw-rw-r--   1 travis travis   1625 Jan  3 00:55 JavaCompiledCompositeTest3_CompiledCompositeActor.mk
-rw-rw-r--   1 travis travis   4183 Jan  3 00:55 JavaCompiledCompositeTest4_CompiledCompositeActor.class
-rw-rw-r--   1 travis travis   9687 Jan  3 00:55 JavaCompiledCompositeTest4_CompiledCompositeActor.java
-rw-rw-r--   1 travis travis    876 Jan  3 00:55 JavaCompiledCompositeTest4_CompiledCompositeActor$_JavaCompiledCompositeTest4_CompiledCompositeActor.class
-rw-rw-r--   1 travis travis   1625 Jan  3 00:55 JavaCompiledCompositeTest4_CompiledCompositeActor.mk
drwxrwxr-x   3 travis travis  12288 Jan  3 00:51 LookupTable
drwxrwxr-x   3 travis travis  20480 Jan  3 00:51 MaxIndex
-rw-rw-r--   1 travis travis   3925 Jan  3 00:55 ModularCG_A1_B1.class
-rw-rw-r--   1 travis travis   9730 Jan  3 00:55 ModularCG_A1_B1.java
-rw-rw-r--   1 travis travis    832 Jan  3 00:55 ModularCG_A1_B1.mk
-rw-rw-r--   1 travis travis   1318 Jan  3 00:55 ModularCG_A1_B1_profile.class
-rw-rw-r--   1 travis travis   1262 Jan  3 00:55 ModularCG_A1_B1_profile.java
-rw-rw-r--   1 travis travis   3925 Jan  3 00:55 ModularCG_A1_B2.class
-rw-rw-r--   1 travis travis   9730 Jan  3 00:55 ModularCG_A1_B2.java
-rw-rw-r--   1 travis travis    832 Jan  3 00:55 ModularCG_A1_B2.mk
-rw-rw-r--   1 travis travis   1318 Jan  3 00:55 ModularCG_A1_B2_profile.class
-rw-rw-r--   1 travis travis   1262 Jan  3 00:55 ModularCG_A1_B2_profile.java
-rw-rw-r--   1 travis travis   5031 Jan  3 00:55 ModularCG_A1.class
-rw-rw-r--   1 travis travis  14742 Jan  3 00:55 ModularCG_A1.java
-rw-rw-r--   1 travis travis    808 Jan  3 00:55 ModularCG_A1.mk
-rw-rw-r--   1 travis travis   1433 Jan  3 00:55 ModularCG_A1_profile.class
-rw-rw-r--   1 travis travis   1704 Jan  3 00:55 ModularCG_A1_profile.java
-rw-rw-r--   1 travis travis   4059 Jan  3 00:55 ModularCG_A2_B1.class
-rw-rw-r--   1 travis travis  10667 Jan  3 00:55 ModularCG_A2_B1.java
-rw-rw-r--   1 travis travis    832 Jan  3 00:55 ModularCG_A2_B1.mk
-rw-rw-r--   1 travis travis   1381 Jan  3 00:55 ModularCG_A2_B1_profile.class
-rw-rw-r--   1 travis travis   1446 Jan  3 00:55 ModularCG_A2_B1_profile.java
-rw-rw-r--   1 travis travis   3925 Jan  3 00:55 ModularCG_A2_B2.class
-rw-rw-r--   1 travis travis   9730 Jan  3 00:55 ModularCG_A2_B2.java
-rw-rw-r--   1 travis travis    832 Jan  3 00:55 ModularCG_A2_B2.mk
-rw-rw-r--   1 travis travis   1318 Jan  3 00:55 ModularCG_A2_B2_profile.class
-rw-rw-r--   1 travis travis   1262 Jan  3 00:55 ModularCG_A2_B2_profile.java
-rw-rw-r--   1 travis travis   5102 Jan  3 00:56 ModularCG_A2.class
-rw-rw-r--   1 travis travis  15129 Jan  3 00:56 ModularCG_A2.java
-rw-rw-r--   1 travis travis    808 Jan  3 00:56 ModularCG_A2.mk
-rw-rw-r--   1 travis travis   1433 Jan  3 00:56 ModularCG_A2_profile.class
-rw-rw-r--   1 travis travis   1704 Jan  3 00:55 ModularCG_A2_profile.java
-rw-rw-r--   1 travis travis   3705 Jan  3 00:56 ModularCGPubSub_A1_A2.class
-rw-rw-r--   1 travis travis   9076 Jan  3 00:56 ModularCGPubSub_A1_A2.java
-rw-rw-r--   1 travis travis    880 Jan  3 00:56 ModularCGPubSub_A1_A2.mk
-rw-rw-r--   1 travis travis   1300 Jan  3 00:56 ModularCGPubSub_A1_A2_profile.class
-rw-rw-r--   1 travis travis   1222 Jan  3 00:56 ModularCGPubSub_A1_A2_profile.java
-rw-rw-r--   1 travis travis   4022 Jan  3 00:56 ModularCGPubSub_A1.class
-rw-rw-r--   1 travis travis   9836 Jan  3 00:56 ModularCGPubSub_A1.java
-rw-rw-r--   1 travis travis    856 Jan  3 00:56 ModularCGPubSub_A1.mk
-rw-rw-r--   1 travis travis   1346 Jan  3 00:56 ModularCGPubSub_A1_profile.class
-rw-rw-r--   1 travis travis   1388 Jan  3 00:56 ModularCGPubSub_A1_profile.java
-rw-rw-r--   1 travis travis   4220 Jan  3 00:56 ModularCodeGen2_ModularCodeGenTypedCompositeActor.class
-rw-rw-r--   1 travis travis  11690 Jan  3 00:56 ModularCodeGen2_ModularCodeGenTypedCompositeActor.java
-rw-rw-r--   1 travis travis   1104 Jan  3 00:56 ModularCodeGen2_ModularCodeGenTypedCompositeActor.mk
-rw-rw-r--   1 travis travis   4504 Jan  3 00:56 ModularCodeGen2_ModularCodeGenTypedCompositeActor_ModularCodeGenTypedCompositeActor.class
-rw-rw-r--   1 travis travis  11790 Jan  3 00:56 ModularCodeGen2_ModularCodeGenTypedCompositeActor_ModularCodeGenTypedCompositeActor.java
-rw-rw-r--   1 travis travis   1376 Jan  3 00:56 ModularCodeGen2_ModularCodeGenTypedCompositeActor_ModularCodeGenTypedCompositeActor.mk
-rw-rw-r--   1 travis travis   1421 Jan  3 00:56 ModularCodeGen2_ModularCodeGenTypedCompositeActor_ModularCodeGenTypedCompositeActor_profile.class
-rw-rw-r--   1 travis travis   1294 Jan  3 00:56 ModularCodeGen2_ModularCodeGenTypedCompositeActor_ModularCodeGenTypedCompositeActor_profile.java
-rw-rw-r--   1 travis travis    820 Jan  3 00:56 ModularCodeGen2_ModularCodeGenTypedCompositeActor_profile.class
-rw-rw-r--   1 travis travis    693 Jan  3 00:56 ModularCodeGen2_ModularCodeGenTypedCompositeActor_profile.java
-rw-rw-r--   1 travis travis   3973 Jan  3 00:56 ModularCodeGen3_A1_B1.class
-rw-rw-r--   1 travis travis   9958 Jan  3 00:56 ModularCodeGen3_A1_B1.java
-rw-rw-r--   1 travis travis    880 Jan  3 00:56 ModularCodeGen3_A1_B1.mk
-rw-rw-r--   1 travis travis   1330 Jan  3 00:56 ModularCodeGen3_A1_B1_profile.class
-rw-rw-r--   1 travis travis   1274 Jan  3 00:56 ModularCodeGen3_A1_B1_profile.java
-rw-rw-r--   1 travis travis   3973 Jan  3 00:56 ModularCodeGen3_A1_B2.class
-rw-rw-r--   1 travis travis   9958 Jan  3 00:56 ModularCodeGen3_A1_B2.java
-rw-rw-r--   1 travis travis    880 Jan  3 00:56 ModularCodeGen3_A1_B2.mk
-rw-rw-r--   1 travis travis   1330 Jan  3 00:56 ModularCodeGen3_A1_B2_profile.class
-rw-rw-r--   1 travis travis   1274 Jan  3 00:56 ModularCodeGen3_A1_B2_profile.java
-rw-rw-r--   1 travis travis   5193 Jan  3 00:56 ModularCodeGen3_A1.class
-rw-rw-r--   1 travis travis  15564 Jan  3 00:56 ModularCodeGen3_A1.java
-rw-rw-r--   1 travis travis    856 Jan  3 00:56 ModularCodeGen3_A1.mk
-rw-rw-r--   1 travis travis   1445 Jan  3 00:56 ModularCodeGen3_A1_profile.class
-rw-rw-r--   1 travis travis   1716 Jan  3 00:56 ModularCodeGen3_A1_profile.java
-rw-rw-r--   1 travis travis   4119 Jan  3 00:56 ModularCodeGen3_A2_B1.class
-rw-rw-r--   1 travis travis  10955 Jan  3 00:56 ModularCodeGen3_A2_B1.java
-rw-rw-r--   1 travis travis    880 Jan  3 00:56 ModularCodeGen3_A2_B1.mk
-rw-rw-r--   1 travis travis   1393 Jan  3 00:56 ModularCodeGen3_A2_B1_profile.class
-rw-rw-r--   1 travis travis   1458 Jan  3 00:56 ModularCodeGen3_A2_B1_profile.java
-rw-rw-r--   1 travis travis   3973 Jan  3 00:56 ModularCodeGen3_A2_B2.class
-rw-rw-r--   1 travis travis   9958 Jan  3 00:56 ModularCodeGen3_A2_B2.java
-rw-rw-r--   1 travis travis    880 Jan  3 00:56 ModularCodeGen3_A2_B2.mk
-rw-rw-r--   1 travis travis   1330 Jan  3 00:56 ModularCodeGen3_A2_B2_profile.class
-rw-rw-r--   1 travis travis   1274 Jan  3 00:56 ModularCodeGen3_A2_B2_profile.java
-rw-rw-r--   1 travis travis   5270 Jan  3 00:56 ModularCodeGen3_A2.class
-rw-rw-r--   1 travis travis  15957 Jan  3 00:56 ModularCodeGen3_A2.java
-rw-rw-r--   1 travis travis    856 Jan  3 00:56 ModularCodeGen3_A2.mk
-rw-rw-r--   1 travis travis   1445 Jan  3 00:56 ModularCodeGen3_A2_profile.class
-rw-rw-r--   1 travis travis   1716 Jan  3 00:56 ModularCodeGen3_A2_profile.java
-rw-rw-r--   1 travis travis   4026 Jan  3 00:56 ModularCodeGen4_A1_B1.class
-rw-rw-r--   1 travis travis  10312 Jan  3 00:56 ModularCodeGen4_A1_B1.java
-rw-rw-r--   1 travis travis    880 Jan  3 00:56 ModularCodeGen4_A1_B1.mk
-rw-rw-r--   1 travis travis   1330 Jan  3 00:56 ModularCodeGen4_A1_B1_profile.class
-rw-rw-r--   1 travis travis   1273 Jan  3 00:56 ModularCodeGen4_A1_B1_profile.java
-rw-rw-r--   1 travis travis   4026 Jan  3 00:56 ModularCodeGen4_A1_B2.class
-rw-rw-r--   1 travis travis  10312 Jan  3 00:56 ModularCodeGen4_A1_B2.java
-rw-rw-r--   1 travis travis    880 Jan  3 00:56 ModularCodeGen4_A1_B2.mk
-rw-rw-r--   1 travis travis   1330 Jan  3 00:56 ModularCodeGen4_A1_B2_profile.class
-rw-rw-r--   1 travis travis   1273 Jan  3 00:56 ModularCodeGen4_A1_B2_profile.java
-rw-rw-r--   1 travis travis   5333 Jan  3 00:56 ModularCodeGen4_A1.class
-rw-rw-r--   1 travis travis  16245 Jan  3 00:56 ModularCodeGen4_A1.java
-rw-rw-r--   1 travis travis    856 Jan  3 00:56 ModularCodeGen4_A1.mk
-rw-rw-r--   1 travis travis   1445 Jan  3 00:56 ModularCodeGen4_A1_profile.class
-rw-rw-r--   1 travis travis   1712 Jan  3 00:56 ModularCodeGen4_A1_profile.java
-rw-rw-r--   1 travis travis   4220 Jan  3 00:56 ModularCodeGen4_A2_B1.class
-rw-rw-r--   1 travis travis  11375 Jan  3 00:56 ModularCodeGen4_A2_B1.java
-rw-rw-r--   1 travis travis    880 Jan  3 00:56 ModularCodeGen4_A2_B1.mk
-rw-rw-r--   1 travis travis   1393 Jan  3 00:56 ModularCodeGen4_A2_B1_profile.class
-rw-rw-r--   1 travis travis   1454 Jan  3 00:56 ModularCodeGen4_A2_B1_profile.java
-rw-rw-r--   1 travis travis   4074 Jan  3 00:56 ModularCodeGen4_A2_B2.class
-rw-rw-r--   1 travis travis  10378 Jan  3 00:56 ModularCodeGen4_A2_B2.java
-rw-rw-r--   1 travis travis    880 Jan  3 00:56 ModularCodeGen4_A2_B2.mk
-rw-rw-r--   1 travis travis   1330 Jan  3 00:56 ModularCodeGen4_A2_B2_profile.class
-rw-rw-r--   1 travis travis   1270 Jan  3 00:56 ModularCodeGen4_A2_B2_profile.java
-rw-rw-r--   1 travis travis   5506 Jan  3 00:56 ModularCodeGen4_A2.class
-rw-rw-r--   1 travis travis  16770 Jan  3 00:56 ModularCodeGen4_A2.java
-rw-rw-r--   1 travis travis    856 Jan  3 00:56 ModularCodeGen4_A2.mk
-rw-rw-r--   1 travis travis   1445 Jan  3 00:56 ModularCodeGen4_A2_profile.class
-rw-rw-r--   1 travis travis   1712 Jan  3 00:56 ModularCodeGen4_A2_profile.java
-rw-rw-r--   1 travis travis   7070 Jan  3 00:56 ModularCodeGen5_A_A.class
-rw-rw-r--   1 travis travis  28721 Jan  3 00:56 ModularCodeGen5_A_A.java
-rw-rw-r--   1 travis travis    864 Jan  3 00:56 ModularCodeGen5_A_A.mk
-rw-rw-r--   1 travis travis   1520 Jan  3 00:56 ModularCodeGen5_A_A_profile.class
-rw-rw-r--   1 travis travis   1815 Jan  3 00:56 ModularCodeGen5_A_A_profile.java
-rw-rw-r--   1 travis travis   5347 Jan  3 00:56 ModularCodeGen5_A.class
-rw-rw-r--   1 travis travis  13769 Jan  3 00:56 ModularCodeGen5_A.java
-rw-rw-r--   1 travis travis    848 Jan  3 00:56 ModularCodeGen5_A.mk
-rw-rw-r--   1 travis travis   1422 Jan  3 00:56 ModularCodeGen5_A_profile.class
-rw-rw-r--   1 travis travis   1605 Jan  3 00:56 ModularCodeGen5_A_profile.java
-rw-rw-r--   1 travis travis   4357 Jan  3 00:56 ModularCodeGen6_A_A2.class
-rw-rw-r--   1 travis travis  11329 Jan  3 00:56 ModularCodeGen6_A_A2.java
-rw-rw-r--   1 travis travis    872 Jan  3 00:56 ModularCodeGen6_A_A2.mk
-rw-rw-r--   1 travis travis   1351 Jan  3 00:56 ModularCodeGen6_A_A2_profile.class
-rw-rw-r--   1 travis travis   1364 Jan  3 00:56 ModularCodeGen6_A_A2_profile.java
-rw-rw-r--   1 travis travis   4340 Jan  3 00:56 ModularCodeGen6_A_A.class
-rw-rw-r--   1 travis travis  11221 Jan  3 00:56 ModularCodeGen6_A_A.java
-rw-rw-r--   1 travis travis    864 Jan  3 00:56 ModularCodeGen6_A_A.mk
-rw-rw-r--   1 travis travis   1348 Jan  3 00:56 ModularCodeGen6_A_A_profile.class
-rw-rw-r--   1 travis travis   1361 Jan  3 00:56 ModularCodeGen6_A_A_profile.java
-rw-rw-r--   1 travis travis   7469 Jan  3 00:56 ModularCodeGen6_A.class
-rw-rw-r--   1 travis travis  26535 Jan  3 00:56 ModularCodeGen6_A.java
-rw-rw-r--   1 travis travis    848 Jan  3 00:56 ModularCodeGen6_A.mk
-rw-rw-r--   1 travis travis   1483 Jan  3 00:56 ModularCodeGen6_A_profile.class
-rw-rw-r--   1 travis travis   1810 Jan  3 00:56 ModularCodeGen6_A_profile.java
-rw-rw-r--   1 travis travis   9633 Jan  3 00:57 ModularCodeGenLazyPubSubGlobal_CompositeActor_ModularCodeGenTypedComposite.class
-rw-rw-r--   1 travis travis  30161 Jan  3 00:57 ModularCodeGenLazyPubSubGlobal_CompositeActor_ModularCodeGenTypedComposite.java
-rw-rw-r--   1 travis travis   1304 Jan  3 00:57 ModularCodeGenLazyPubSubGlobal_CompositeActor_ModularCodeGenTypedComposite.mk
-rw-rw-r--   1 travis travis   1438 Jan  3 00:57 ModularCodeGenLazyPubSubGlobal_CompositeActor_ModularCodeGenTypedComposite_profile.class
-rw-rw-r--   1 travis travis   1384 Jan  3 00:57 ModularCodeGenLazyPubSubGlobal_CompositeActor_ModularCodeGenTypedComposite_profile.java
-rw-rw-r--   1 travis travis   4184 Jan  3 00:57 ModularCodeGenLazyPubSub_LazyCompositeActor.class
-rw-rw-r--   1 travis travis  11122 Jan  3 00:57 ModularCodeGenLazyPubSub_LazyCompositeActor.java
-rw-rw-r--   1 travis travis   1056 Jan  3 00:57 ModularCodeGenLazyPubSub_LazyCompositeActor.mk
-rw-rw-r--   1 travis travis   1286 Jan  3 00:57 ModularCodeGenLazyPubSub_LazyCompositeActor_profile.class
-rw-rw-r--   1 travis travis   1091 Jan  3 00:56 ModularCodeGenLazyPubSub_LazyCompositeActor_profile.java
-rw-rw-r--   1 travis travis   4186 Jan  3 00:56 ModularCodeGen_ModularCodeGenTypedCompositeActor.class
-rw-rw-r--   1 travis travis  10970 Jan  3 00:56 ModularCodeGen_ModularCodeGenTypedCompositeActor.java
-rw-rw-r--   1 travis travis   1096 Jan  3 00:56 ModularCodeGen_ModularCodeGenTypedCompositeActor.mk
-rw-rw-r--   1 travis travis   1384 Jan  3 00:56 ModularCodeGen_ModularCodeGenTypedCompositeActor_profile.class
-rw-rw-r--   1 travis travis   1328 Jan  3 00:56 ModularCodeGen_ModularCodeGenTypedCompositeActor_profile.java
-rw-rw-r--   1 travis travis   3673 Jan  3 00:57 ModularCodeGenPubSub2_A1_A.class
-rw-rw-r--   1 travis travis   8578 Jan  3 00:57 ModularCodeGenPubSub2_A1_A.java
-rw-rw-r--   1 travis travis    920 Jan  3 00:57 ModularCodeGenPubSub2_A1_A.mk
-rw-rw-r--   1 travis travis   1274 Jan  3 00:57 ModularCodeGenPubSub2_A1_A_profile.class
-rw-rw-r--   1 travis travis   1128 Jan  3 00:57 ModularCodeGenPubSub2_A1_A_profile.java
-rw-rw-r--   1 travis travis   3965 Jan  3 00:57 ModularCodeGenPubSub2_A1.class
-rw-rw-r--   1 travis travis   9781 Jan  3 00:57 ModularCodeGenPubSub2_A1.java
-rw-rw-r--   1 travis travis    904 Jan  3 00:57 ModularCodeGenPubSub2_A1.mk
-rw-rw-r--   1 travis travis   1268 Jan  3 00:57 ModularCodeGenPubSub2_A1_profile.class
-rw-rw-r--   1 travis travis   1196 Jan  3 00:57 ModularCodeGenPubSub2_A1_profile.java
-rw-rw-r--   1 travis travis   3669 Jan  3 00:57 ModularCodeGenPubSub3_A1_A2.class
-rw-rw-r--   1 travis travis   8599 Jan  3 00:57 ModularCodeGenPubSub3_A1_A2.java
-rw-rw-r--   1 travis travis    928 Jan  3 00:57 ModularCodeGenPubSub3_A1_A2.mk
-rw-rw-r--   1 travis travis   1287 Jan  3 00:57 ModularCodeGenPubSub3_A1_A2_profile.class
-rw-rw-r--   1 travis travis   1132 Jan  3 00:57 ModularCodeGenPubSub3_A1_A2_profile.java
-rw-rw-r--   1 travis travis   1400 Jan  3 00:57 ModularCodeGenPubSub3_A1_profile.java
-rw-rw-r--   1 travis travis   3707 Jan  3 00:57 ModularCodeGenPubSub_A1.class
-rw-rw-r--   1 travis travis   9060 Jan  3 00:57 ModularCodeGenPubSub_A1.java
-rw-rw-r--   1 travis travis    896 Jan  3 00:57 ModularCodeGenPubSub_A1.mk
-rw-rw-r--   1 travis travis   1278 Jan  3 00:57 ModularCodeGenPubSub_A1_profile.class
-rw-rw-r--   1 travis travis   1195 Jan  3 00:57 ModularCodeGenPubSub_A1_profile.java
-rw-rw-r--   1 travis travis   3724 Jan  3 00:55 ModularCodeGenTest_A1_A2.class
-rw-rw-r--   1 travis travis   9164 Jan  3 00:55 ModularCodeGenTest_A1_A2.java
-rw-rw-r--   1 travis travis   1306 Jan  3 00:55 ModularCodeGenTest_A1_A2_profile.class
-rw-rw-r--   1 travis travis   4055 Jan  3 00:55 ModularCodeGenTest_A1.class
-rw-rw-r--   1 travis travis   9968 Jan  3 00:55 ModularCodeGenTest_A1.java
-rw-rw-r--   1 travis travis    880 Jan  3 00:55 ModularCodeGenTest_A1.mk
-rw-rw-r--   1 travis travis   1352 Jan  3 00:55 ModularCodeGenTest_A1_profile.class
-rw-rw-r--   1 travis travis   1394 Jan  3 00:55 ModularCodeGenTest_A1_profile.java
drwxrwxr-x   3 travis travis  32768 Jan  3 00:55 modulation2
drwxrwxr-x 116 travis travis  12288 Jan  3 00:55 node_modules
drwxrwxr-x   3 travis travis  20480 Jan  3 00:51 PhaseUnwrap
drwxrwxr-x   3 travis travis  12288 Jan  3 00:51 ReadFile1
-rw-rw-r--   1 travis travis     11 Jan  3 00:51 ReadFile1Output.txt
-rw-rw-r--   1 travis travis  13773 Jan  3 00:55 Repeat.class
-rw-rw-r--   1 travis travis    685 Jan  3 00:55 Repeat$_fireFunction_Repeat_Repeat$__f_sL_11.class
-rw-rw-r--   1 travis travis    541 Jan  3 00:55 Repeat$_fireFunction_Repeat_Repeat$__f_sL_12.class
-rw-rw-r--   1 travis travis    541 Jan  3 00:55 Repeat$_fireFunction_Repeat_Repeat$__f_sL_13.class
-rw-rw-r--   1 travis travis    541 Jan  3 00:55 Repeat$_fireFunction_Repeat_Repeat$__f_sL_14.class
-rw-rw-r--   1 travis travis    684 Jan  3 00:55 Repeat$_fireFunction_Repeat_Repeat$__f_sL_1.class
-rw-rw-r--   1 travis travis    683 Jan  3 00:55 Repeat$_fireFunction_Repeat_Repeat$__f_sL_4.class
-rw-rw-r--   1 travis travis    539 Jan  3 00:55 Repeat$_fireFunction_Repeat_Repeat$__f_sL_9.class
-rw-rw-r--   1 travis travis    494 Jan  3 00:55 Repeat$_initialize_Repeat$__i_sL_2.class
-rw-rw-r--   1 travis travis   1281 Jan  3 00:55 Repeat.mk
-rw-rw-r--   1 travis travis    539 Jan  3 00:55 Repeat$_preinitializeMethod_Repeat$__p_sL_0.class
-rw-rw-r--   1 travis travis   1102 Jan  3 00:55 Repeat$_Repeat$_fireFunction_Repeat_AddSubtract_Repeat.class
-rw-rw-r--   1 travis travis    810 Jan  3 00:55 Repeat$_Repeat$_fireFunction_Repeat_AddSubtract_Repeat$__f_sL_0.class
-rw-rw-r--   1 travis travis    928 Jan  3 00:55 Repeat$_Repeat$_fireFunction_Repeat_AddSubtract_Repeat$__f_sL_1.class
-rw-rw-r--   1 travis travis    934 Jan  3 00:55 Repeat$_Repeat$_fireFunction_Repeat_AddSubtract_Repeat$__f_sL_2.class
-rw-rw-r--   1 travis travis    862 Jan  3 00:55 Repeat$_Repeat$_fireFunction_Repeat_AddSubtract_Repeat$__f_sL_3.class
-rw-rw-r--   1 travis travis    757 Jan  3 00:55 Repeat$_Repeat$_fireFunction_Repeat_Ramp2_Repeat$__f_sL_0.class
-rw-rw-r--   1 travis travis    888 Jan  3 00:55 Repeat$_Repeat$_fireFunction_Repeat_Test_Repeat$__f_sL_0.class
-rw-rw-r--   1 travis travis    634 Jan  3 00:55 Repeat$_Repeat$_fireFunction_Repeat_Test_Repeat$__f_sL_1.class
-rw-rw-r--   1 travis travis    704 Jan  3 00:55 Repeat$_Repeat_SDF_Director_run_Repeat$__R_sL_0.class
-rw-rw-r--   1 travis travis    705 Jan  3 00:55 Repeat$_Repeat_SDF_Director_run_Repeat$__R_sL_11.class
-rw-rw-r--   1 travis travis    561 Jan  3 00:55 Repeat$_Repeat_SDF_Director_run_Repeat$__R_sL_13.class
-rw-rw-r--   1 travis travis    559 Jan  3 00:55 Repeat$_Repeat_SDF_Director_run_Repeat$__R_sL_2.class
-rw-rw-r--   1 travis travis    703 Jan  3 00:55 Repeat$_Repeat_SDF_Director_run_Repeat$__R_sL_3.class
-rw-rw-r--   1 travis travis    559 Jan  3 00:55 Repeat$_Repeat_SDF_Director_run_Repeat$__R_sL_5.class
-rw-rw-r--   1 travis travis    559 Jan  3 00:55 Repeat$_Repeat_SDF_Director_run_Repeat$__R_sL_8.class
drwxrwxr-x   2 travis travis   4096 Jan  3 00:55 RepeatVariables
-rw-rw-r--   1 travis travis    882 Jan  3 00:55 Repeat$_varinit_Repeat.class
-rw-rw-r--   1 travis travis    550 Jan  3 00:55 Repeat$_varinit_Repeat$__v_sL_2.class
-rw-rw-r--   1 travis travis    924 Jan  3 00:55 Repeat$_varinit_Repeat$__v_sL_4.class
-rw-rw-r--   1 travis travis    978 Jan  3 00:55 Repeat$_wrapup_Repeat$__w_sL_1.class
drwxrwxr-x   3 travis travis  20480 Jan  3 00:52 Sinewave
drwxrwxr-x   3 travis travis  32768 Jan  3 00:53 StringFunction
drwxrwxr-x   3 travis travis  12288 Jan  3 00:53 StringLength
drwxrwxr-x   3 travis travis  61440 Jan  3 00:53 StringMatches2
drwxrwxr-x   3 travis travis  61440 Jan  3 00:54 StringSimpleReplace
drwxrwxr-x   3 travis travis  65536 Jan  3 00:54 StringSubstring
drwxrwxr-x   3 travis travis  24576 Jan  3 00:54 StringSubstring2
drwxrwxr-x   3 travis travis  16384 Jan  3 00:54 time1
drwxrwxr-x   3 travis travis  12288 Jan  3 00:55 time5
-rw-rw-r--   1 travis travis    432 Jan  3 00:57 Token.class
-rw-rw-r--   1 travis travis    251 Jan  3 00:57 Token.java
-rwxrwxr-x   1 travis travis 466992 Jan  3 00:49 top
-rw-rw-r--   1 travis travis  20502 Jan  3 00:49 top.c
-rw-rw-r--   1 travis travis   3799 Jan  3 00:55 top.class
-rw-rw-r--   1 travis travis   1257 Jan  3 00:55 top.mk
All Done
Writing ModularCodeGenPubSub3_A1.java in file:/home/travis/cg/ (10100 characters)
Reading "ptolemy/cg/kernel/generic/program/procedural/java/modular/makefile.in",
    writing "/home/travis/cg/ModularCodeGenPubSub3_A1.mk"
Using ptolemy/cg/kernel/generic/program/procedural/java/modular/makefile.in
In "/home/travis/cg", about to execute:
    make -f ModularCodeGenPubSub3_A1.mk
javac -classpath ".:.."    ModularCodeGenPubSub3_A1.java
All Done
4922 ms. Memory: 129024K Free: 74225K (58%)
----------------- Invoking toplevel() on ptolemy.moml.MoMLSimpleApplication@19a3efe3
----------------- Done invoking toplevel() on ptolemy.moml.MoMLSimpleApplication@19a3efe3
reloadAllAccessors: .ModularCodeGenPubSub3

===========================================================================================
----------------- testing Fri Jan 03 00:57:16 UTC 2020 /home/travis/build/icyphy/ptII/ptolemy/cg/lib/test/auto/ModularCodeGenPubSub4.xml
----------------- Instantiating /home/travis/build/icyphy/ptII/ptolemy/cg/lib/test/auto/ModularCodeGenPubSub4.xml
In "/home/travis/cg", about to execute:
    pwd
In "/home/travis/cg", about to execute:
    ls -l
/home/travis/cg
In "/home/travis/cg", about to execute:
    javac -classpath
.:/home/travis/build/icyphy/ptII:/home/travis/build/icyphy/ptII/lib/bsh-2.0b4.j
ar:/home/travis/build/icyphy/ptII/lib/ptCal.jar:/home/travis/build/icyphy/ptII/
lib/java_cup.jar:/home/travis/build/icyphy/ptII/lib/saxon8.jar:/home/travis/bui
ld/icyphy/ptII/lib/saxon8-dom.jar:/home/travis/build/icyphy/ptII/lib/chic.jar:/
home/travis/build/icyphy/ptII/lib/ptcolt.jar:/home/travis/build/icyphy/ptII/ven
dors/misc/itext/iText.jar:/home/travis/build/icyphy/ptII/lib/g4ltl.jar:/home/tr
avis/build/icyphy/ptII/lib/StructuralCoder.jar:/home/travis/build/icyphy/ptII/l
ib/jcerti.jar:/home/travis/build/icyphy/ptII/lib/javax.mail.jar:/home/travis/bu
ild/icyphy/ptII/vendors/JMF-2.1.1e/lib/jmf.jar:/home/travis/build/icyphy/ptII/l
ib/jna-4.0.0-variadic.jar:/home/travis/build/icyphy/ptII/vendors/misc/joystick/
Joystick.jar:/home/travis/build/icyphy/ptII/lib/ptjacl.jar:/home/travis/build/i
cyphy/ptII/lib/jsoup-1.8.2.jar:/home/travis/build/icyphy/ptII/lib/junit-4.8.2.j
ar:/home/travis/build/icyphy/ptII/lib/JUnitParams-0.4.0.jar:/home/travis/build/
icyphy/ptII/ptolemy/actor/lib/excel/jxl.jar:/home/travis/build/icyphy/ptII/lib/
jython.jar:/home/travis/build/icyphy/ptII/lib/kieler.jar:/home/travis/build/icy
phy/ptII/vendors/opencv/share/OpenCV/java/opencv-341.jar:/home/travis/build/icy
phy/ptII/lib/oscP5.jar:/home/travis/build/icyphy/ptII/lib/nrjavaserial-3.11.0.d
evel.jar:/home/travis/build/icyphy/ptII/vendors/j3d/lib/Linux/j3dcore.jar:/home
/travis/build/icyphy/ptII/vendors/j3d/lib/Linux/j3dutils.jar:/home/travis/build
/icyphy/ptII/vendors/j3d/lib/Linux/vecmath.jar:/home/travis/build/icyphy/ptII/v
endors/jogl/lib/Linux/gluegen-rt-natives-linux-amd64.jar:/home/travis/build/icy
phy/ptII/vendors/jogl/lib/Linux/gluegen-rt.jar:/home/travis/build/icyphy/ptII/v
endors/jogl/lib/Linux/jogl-all-natives-linux-amd64.jar:/home/travis/build/icyph
y/ptII/vendors/jogl/lib/Linux/jogl-all.jar:/home/travis/build/icyphy/ptII/ptole
my/distributed/jini/jar/jini-core.jar:/home/travis/build/icyphy/ptII/ptolemy/di
stributed/jini/jar/jini-ext.jar:/home/travis/build/icyphy/ptII/ptolemy/distribu
ted/jini/jar/sun-util.jar:/home/travis/build/icyphy/ptII/lib/protobuf-java-2.4.
1.jar:/home/travis/build/icyphy/ptII/lib/org.eclipse.paho.client.mqttv3.jar:/ho
me/travis/build/icyphy/ptII/lib/mapss.jar:/home/travis/build/icyphy/ptII/ptolem
y/actor/ptalon/antlr/antlr.jar:/home/travis/build/icyphy/ptII/lib/JRI.jar:/home
/travis/build/icyphy/ptII/lib/commons-lang-2.6.jar:/home/travis/build/icyphy/pt
II/lib/commons-logging-1.1.1.jar:/home/travis/build/icyphy/ptII/lib/sootclasses
.jar:/home/travis/build/icyphy/ptII/ptolemy/actor/lib/database/mysql-connector-
java-5.1.6-bin.jar:/home/travis/build/icyphy/ptII/vendors/misc/sphinx4/sphinx4-
data-5prealpha.jar:/home/travis/build/icyphy/ptII/vendors/misc/sphinx4/sphinx4-
core-5prealpha.jar:/home/travis/build/icyphy/ptII/lib/PDFRenderer.jar:/home/tra
vis/build/icyphy/ptII/lib/svgSalamander.jar:/home/travis/build/icyphy/ptII/lib/
rsyntaxtextarea-2.6.0-SNAPSHOT.jar:/home/travis/build/icyphy/ptII/lib/hazelcast
-3.8.2.jar:/home/travis/build/icyphy/ptII/lib/jackson-annotations-2.9.0.jar:/ho
me/travis/build/icyphy/ptII/lib/jackson-core-2.9.3.jar:/home/travis/build/icyph
y/ptII/lib/jackson-databind-2.9.3.jar:/home/travis/build/icyphy/ptII/lib/netty-
buffer-4.1.19.Final.jar:/home/travis/build/icyphy/ptII/lib/netty-codec-4.1.19.F
inal.jar:/home/travis/build/icyphy/ptII/lib/netty-codec-dns-4.1.19.Final.jar:/h
ome/travis/build/icyphy/ptII/lib/netty-codec-http-4.1.19.Final.jar:/home/travis
/build/icyphy/ptII/lib/netty-codec-http2-4.1.19.Final.jar:/home/travis/build/ic
yphy/ptII/lib/netty-common-4.1.19.Final.jar:/home/travis/build/icyphy/ptII/lib/
netty-handler-4.1.19.Final.jar:/home/travis/build/icyphy/ptII/lib/netty-resolve
r-4.1.19.Final.jar:/home/travis/build/icyphy/ptII/lib/netty-resolver-dns-4.1.19
.Final.jar:/home/travis/build/icyphy/ptII/lib/netty-transport-4.1.19.Final.jar:
/home/travis/build/icyphy/ptII/lib/vertx-codegen-3.5.1.jar:/home/travis/build/i
cyphy/ptII/lib/vertx-core-3.5.2-SNAPSHOT.jar:/home/travis/build/icyphy/ptII/lib
/vertx-hazelcast-3.5.1.jar:/home/travis/build/icyphy/ptII/lib/vertx-lang-js-3.5
.1.jar:/home/travis/build/icyphy/ptII/lib/vertx-service-proxy-3.5.1.jar:/home/t
ravis/build/icyphy/ptII/lib/vertx-web-3.5.1.jar:/home/travis/build/icyphy/ptII/
lib/slf4j-api-1.7.13.jar:/home/travis/build/icyphy/ptII/lib/slf4j-simple-1.7.13
.jar:/home/travis/build/icyphy/ptII/lib/webcam-capture-0.3.12.jar:/home/travis/
build/icyphy/ptII/lib/bridj-0.7.0.jar:/home/travis/build/icyphy/ptII/lib/xbjlib
-1.1.0.nrjavaserial.jar:/home/travis/build/icyphy/ptII/ptolemy/moml/test:/home/
travis/build/icyphy/ptII/ant/lib/ant-launcher.jar:/home/travis/build/icyphy/ptI
I/ant/lib/ant.jar:/home/travis/build/icyphy/ptII/ant/lib/ant-junit.jar:/home/tr
avis/build/icyphy/ptII/ant/lib/ant-junit4.jar:/home/travis/build/icyphy/ptII
ModularCodeGenPubSub4_A1_A_profile.java
total 2548
drwxrwxr-x   3 travis travis  12288 Jan  3 00:50 AbsoluteValue
drwxrwxr-x   3 travis travis 102400 Jan  3 00:49 AllColt
-rw-rw-r--   1 travis travis    233 Jan  3 00:57 Array.class
-rw-rw-r--   1 travis travis    459 Jan  3 00:57 Array.java
drwxrwxr-x   3 travis travis  12288 Jan  3 00:50 Case1
-rw-rw-r--   1 travis travis   5128 Jan  3 00:55 CompiledCompositeActor_CompiledCompositeActor.class
-rw-rw-r--   1 travis travis   1611 Jan  3 00:55 CompiledCompositeActor_CompiledCompositeActor$_CompiledCompositeActor_CompiledCompositeActor.class
-rw-rw-r--   1 travis travis  13466 Jan  3 00:55 CompiledCompositeActor_CompiledCompositeActor.java
-rw-rw-r--   1 travis travis   1593 Jan  3 00:55 CompiledCompositeActor_CompiledCompositeActor.mk
drwxrwxr-x   5 travis travis   4096 Jan  3 00:49 fmi
drwxrwxr-x   3 travis travis  16384 Jan  3 00:50 Gaussian2
-rw-rw-r--   1 travis travis   4684 Jan  3 00:55 JavaCompiledCompositeTest1_CompiledCompositeActor.class
-rw-rw-r--   1 travis travis  11637 Jan  3 00:55 JavaCompiledCompositeTest1_CompiledCompositeActor.java
-rw-rw-r--   1 travis travis   1217 Jan  3 00:55 JavaCompiledCompositeTest1_CompiledCompositeActor$_JavaCompiledCompositeTest1_CompiledCompositeActor.class
-rw-rw-r--   1 travis travis   1625 Jan  3 00:55 JavaCompiledCompositeTest1_CompiledCompositeActor.mk
-rw-rw-r--   1 travis travis   5115 Jan  3 00:55 JavaCompiledCompositeTest2_CompiledCompositeActor.class
-rw-rw-r--   1 travis travis  14919 Jan  3 00:55 JavaCompiledCompositeTest2_CompiledCompositeActor.java
-rw-rw-r--   1 travis travis   1812 Jan  3 00:55 JavaCompiledCompositeTest2_CompiledCompositeActor$_JavaCompiledCompositeTest2_CompiledCompositeActor.class
-rw-rw-r--   1 travis travis   1625 Jan  3 00:55 JavaCompiledCompositeTest2_CompiledCompositeActor.mk
-rw-rw-r--   1 travis travis   4732 Jan  3 00:55 JavaCompiledCompositeTest3_CompiledCompositeActor.class
-rw-rw-r--   1 travis travis  13080 Jan  3 00:55 JavaCompiledCompositeTest3_CompiledCompositeActor.java
-rw-rw-r--   1 travis travis   1397 Jan  3 00:55 JavaCompiledCompositeTest3_CompiledCompositeActor$_JavaCompiledCompositeTest3_CompiledCompositeActor.class
-rw-rw-r--   1 travis travis   1625 Jan  3 00:55 JavaCompiledCompositeTest3_CompiledCompositeActor.mk
-rw-rw-r--   1 travis travis   4183 Jan  3 00:55 JavaCompiledCompositeTest4_CompiledCompositeActor.class
-rw-rw-r--   1 travis travis   9687 Jan  3 00:55 JavaCompiledCompositeTest4_CompiledCompositeActor.java
-rw-rw-r--   1 travis travis    876 Jan  3 00:55 JavaCompiledCompositeTest4_CompiledCompositeActor$_JavaCompiledCompositeTest4_CompiledCompositeActor.class
-rw-rw-r--   1 travis travis   1625 Jan  3 00:55 JavaCompiledCompositeTest4_CompiledCompositeActor.mk
drwxrwxr-x   3 travis travis  12288 Jan  3 00:51 LookupTable
drwxrwxr-x   3 travis travis  20480 Jan  3 00:51 MaxIndex
-rw-rw-r--   1 travis travis   3925 Jan  3 00:55 ModularCG_A1_B1.class
-rw-rw-r--   1 travis travis   9730 Jan  3 00:55 ModularCG_A1_B1.java
-rw-rw-r--   1 travis travis    832 Jan  3 00:55 ModularCG_A1_B1.mk
-rw-rw-r--   1 travis travis   1318 Jan  3 00:55 ModularCG_A1_B1_profile.class
-rw-rw-r--   1 travis travis   1262 Jan  3 00:55 ModularCG_A1_B1_profile.java
-rw-rw-r--   1 travis travis   3925 Jan  3 00:55 ModularCG_A1_B2.class
-rw-rw-r--   1 travis travis   9730 Jan  3 00:55 ModularCG_A1_B2.java
-rw-rw-r--   1 travis travis    832 Jan  3 00:55 ModularCG_A1_B2.mk
-rw-rw-r--   1 travis travis   1318 Jan  3 00:55 ModularCG_A1_B2_profile.class
-rw-rw-r--   1 travis travis   1262 Jan  3 00:55 ModularCG_A1_B2_profile.java
-rw-rw-r--   1 travis travis   5031 Jan  3 00:55 ModularCG_A1.class
-rw-rw-r--   1 travis travis  14742 Jan  3 00:55 ModularCG_A1.java
-rw-rw-r--   1 travis travis    808 Jan  3 00:55 ModularCG_A1.mk
-rw-rw-r--   1 travis travis   1433 Jan  3 00:55 ModularCG_A1_profile.class
-rw-rw-r--   1 travis travis   1704 Jan  3 00:55 ModularCG_A1_profile.java
-rw-rw-r--   1 travis travis   4059 Jan  3 00:55 ModularCG_A2_B1.class
-rw-rw-r--   1 travis travis  10667 Jan  3 00:55 ModularCG_A2_B1.java
-rw-rw-r--   1 travis travis    832 Jan  3 00:55 ModularCG_A2_B1.mk
-rw-rw-r--   1 travis travis   1381 Jan  3 00:55 ModularCG_A2_B1_profile.class
-rw-rw-r--   1 travis travis   1446 Jan  3 00:55 ModularCG_A2_B1_profile.java
-rw-rw-r--   1 travis travis   3925 Jan  3 00:55 ModularCG_A2_B2.class
-rw-rw-r--   1 travis travis   9730 Jan  3 00:55 ModularCG_A2_B2.java
-rw-rw-r--   1 travis travis    832 Jan  3 00:55 ModularCG_A2_B2.mk
-rw-rw-r--   1 travis travis   1318 Jan  3 00:55 ModularCG_A2_B2_profile.class
-rw-rw-r--   1 travis travis   1262 Jan  3 00:55 ModularCG_A2_B2_profile.java
-rw-rw-r--   1 travis travis   5102 Jan  3 00:56 ModularCG_A2.class
-rw-rw-r--   1 travis travis  15129 Jan  3 00:56 ModularCG_A2.java
-rw-rw-r--   1 travis travis    808 Jan  3 00:56 ModularCG_A2.mk
-rw-rw-r--   1 travis travis   1433 Jan  3 00:56 ModularCG_A2_profile.class
-rw-rw-r--   1 travis travis   1704 Jan  3 00:55 ModularCG_A2_profile.java
-rw-rw-r--   1 travis travis   3705 Jan  3 00:56 ModularCGPubSub_A1_A2.class
-rw-rw-r--   1 travis travis   9076 Jan  3 00:56 ModularCGPubSub_A1_A2.java
-rw-rw-r--   1 travis travis    880 Jan  3 00:56 ModularCGPubSub_A1_A2.mk
-rw-rw-r--   1 travis travis   1300 Jan  3 00:56 ModularCGPubSub_A1_A2_profile.class
-rw-rw-r--   1 travis travis   1222 Jan  3 00:56 ModularCGPubSub_A1_A2_profile.java
-rw-rw-r--   1 travis travis   4022 Jan  3 00:56 ModularCGPubSub_A1.class
-rw-rw-r--   1 travis travis   9836 Jan  3 00:56 ModularCGPubSub_A1.java
-rw-rw-r--   1 travis travis    856 Jan  3 00:56 ModularCGPubSub_A1.mk
-rw-rw-r--   1 travis travis   1346 Jan  3 00:56 ModularCGPubSub_A1_profile.class
-rw-rw-r--   1 travis travis   1388 Jan  3 00:56 ModularCGPubSub_A1_profile.java
-rw-rw-r--   1 travis travis   4220 Jan  3 00:56 ModularCodeGen2_ModularCodeGenTypedCompositeActor.class
-rw-rw-r--   1 travis travis  11690 Jan  3 00:56 ModularCodeGen2_ModularCodeGenTypedCompositeActor.java
-rw-rw-r--   1 travis travis   1104 Jan  3 00:56 ModularCodeGen2_ModularCodeGenTypedCompositeActor.mk
-rw-rw-r--   1 travis travis   4504 Jan  3 00:56 ModularCodeGen2_ModularCodeGenTypedCompositeActor_ModularCodeGenTypedCompositeActor.class
-rw-rw-r--   1 travis travis  11790 Jan  3 00:56 ModularCodeGen2_ModularCodeGenTypedCompositeActor_ModularCodeGenTypedCompositeActor.java
-rw-rw-r--   1 travis travis   1376 Jan  3 00:56 ModularCodeGen2_ModularCodeGenTypedCompositeActor_ModularCodeGenTypedCompositeActor.mk
-rw-rw-r--   1 travis travis   1421 Jan  3 00:56 ModularCodeGen2_ModularCodeGenTypedCompositeActor_ModularCodeGenTypedCompositeActor_profile.class
-rw-rw-r--   1 travis travis   1294 Jan  3 00:56 ModularCodeGen2_ModularCodeGenTypedCompositeActor_ModularCodeGenTypedCompositeActor_profile.java
-rw-rw-r--   1 travis travis    820 Jan  3 00:56 ModularCodeGen2_ModularCodeGenTypedCompositeActor_profile.class
-rw-rw-r--   1 travis travis    693 Jan  3 00:56 ModularCodeGen2_ModularCodeGenTypedCompositeActor_profile.java
-rw-rw-r--   1 travis travis   3973 Jan  3 00:56 ModularCodeGen3_A1_B1.class
-rw-rw-r--   1 travis travis   9958 Jan  3 00:56 ModularCodeGen3_A1_B1.java
-rw-rw-r--   1 travis travis    880 Jan  3 00:56 ModularCodeGen3_A1_B1.mk
-rw-rw-r--   1 travis travis   1330 Jan  3 00:56 ModularCodeGen3_A1_B1_profile.class
-rw-rw-r--   1 travis travis   1274 Jan  3 00:56 ModularCodeGen3_A1_B1_profile.java
-rw-rw-r--   1 travis travis   3973 Jan  3 00:56 ModularCodeGen3_A1_B2.class
-rw-rw-r--   1 travis travis   9958 Jan  3 00:56 ModularCodeGen3_A1_B2.java
-rw-rw-r--   1 travis travis    880 Jan  3 00:56 ModularCodeGen3_A1_B2.mk
-rw-rw-r--   1 travis travis   1330 Jan  3 00:56 ModularCodeGen3_A1_B2_profile.class
-rw-rw-r--   1 travis travis   1274 Jan  3 00:56 ModularCodeGen3_A1_B2_profile.java
-rw-rw-r--   1 travis travis   5193 Jan  3 00:56 ModularCodeGen3_A1.class
-rw-rw-r--   1 travis travis  15564 Jan  3 00:56 ModularCodeGen3_A1.java
-rw-rw-r--   1 travis travis    856 Jan  3 00:56 ModularCodeGen3_A1.mk
-rw-rw-r--   1 travis travis   1445 Jan  3 00:56 ModularCodeGen3_A1_profile.class
-rw-rw-r--   1 travis travis   1716 Jan  3 00:56 ModularCodeGen3_A1_profile.java
-rw-rw-r--   1 travis travis   4119 Jan  3 00:56 ModularCodeGen3_A2_B1.class
-rw-rw-r--   1 travis travis  10955 Jan  3 00:56 ModularCodeGen3_A2_B1.java
-rw-rw-r--   1 travis travis    880 Jan  3 00:56 ModularCodeGen3_A2_B1.mk
-rw-rw-r--   1 travis travis   1393 Jan  3 00:56 ModularCodeGen3_A2_B1_profile.class
-rw-rw-r--   1 travis travis   1458 Jan  3 00:56 ModularCodeGen3_A2_B1_profile.java
-rw-rw-r--   1 travis travis   3973 Jan  3 00:56 ModularCodeGen3_A2_B2.class
-rw-rw-r--   1 travis travis   9958 Jan  3 00:56 ModularCodeGen3_A2_B2.java
-rw-rw-r--   1 travis travis    880 Jan  3 00:56 ModularCodeGen3_A2_B2.mk
-rw-rw-r--   1 travis travis   1330 Jan  3 00:56 ModularCodeGen3_A2_B2_profile.class
-rw-rw-r--   1 travis travis   1274 Jan  3 00:56 ModularCodeGen3_A2_B2_profile.java
-rw-rw-r--   1 travis travis   5270 Jan  3 00:56 ModularCodeGen3_A2.class
-rw-rw-r--   1 travis travis  15957 Jan  3 00:56 ModularCodeGen3_A2.java
-rw-rw-r--   1 travis travis    856 Jan  3 00:56 ModularCodeGen3_A2.mk
-rw-rw-r--   1 travis travis   1445 Jan  3 00:56 ModularCodeGen3_A2_profile.class
-rw-rw-r--   1 travis travis   1716 Jan  3 00:56 ModularCodeGen3_A2_profile.java
-rw-rw-r--   1 travis travis   4026 Jan  3 00:56 ModularCodeGen4_A1_B1.class
-rw-rw-r--   1 travis travis  10312 Jan  3 00:56 ModularCodeGen4_A1_B1.java
-rw-rw-r--   1 travis travis    880 Jan  3 00:56 ModularCodeGen4_A1_B1.mk
-rw-rw-r--   1 travis travis   1330 Jan  3 00:56 ModularCodeGen4_A1_B1_profile.class
-rw-rw-r--   1 travis travis   1273 Jan  3 00:56 ModularCodeGen4_A1_B1_profile.java
-rw-rw-r--   1 travis travis   4026 Jan  3 00:56 ModularCodeGen4_A1_B2.class
-rw-rw-r--   1 travis travis  10312 Jan  3 00:56 ModularCodeGen4_A1_B2.java
-rw-rw-r--   1 travis travis    880 Jan  3 00:56 ModularCodeGen4_A1_B2.mk
-rw-rw-r--   1 travis travis   1330 Jan  3 00:56 ModularCodeGen4_A1_B2_profile.class
-rw-rw-r--   1 travis travis   1273 Jan  3 00:56 ModularCodeGen4_A1_B2_profile.java
-rw-rw-r--   1 travis travis   5333 Jan  3 00:56 ModularCodeGen4_A1.class
-rw-rw-r--   1 travis travis  16245 Jan  3 00:56 ModularCodeGen4_A1.java
-rw-rw-r--   1 travis travis    856 Jan  3 00:56 ModularCodeGen4_A1.mk
-rw-rw-r--   1 travis travis   1445 Jan  3 00:56 ModularCodeGen4_A1_profile.class
-rw-rw-r--   1 travis travis   1712 Jan  3 00:56 ModularCodeGen4_A1_profile.java
-rw-rw-r--   1 travis travis   4220 Jan  3 00:56 ModularCodeGen4_A2_B1.class
-rw-rw-r--   1 travis travis  11375 Jan  3 00:56 ModularCodeGen4_A2_B1.java
-rw-rw-r--   1 travis travis    880 Jan  3 00:56 ModularCodeGen4_A2_B1.mk
-rw-rw-r--   1 travis travis   1393 Jan  3 00:56 ModularCodeGen4_A2_B1_profile.class
-rw-rw-r--   1 travis travis   1454 Jan  3 00:56 ModularCodeGen4_A2_B1_profile.java
-rw-rw-r--   1 travis travis   4074 Jan  3 00:56 ModularCodeGen4_A2_B2.class
-rw-rw-r--   1 travis travis  10378 Jan  3 00:56 ModularCodeGen4_A2_B2.java
-rw-rw-r--   1 travis travis    880 Jan  3 00:56 ModularCodeGen4_A2_B2.mk
-rw-rw-r--   1 travis travis   1330 Jan  3 00:56 ModularCodeGen4_A2_B2_profile.class
-rw-rw-r--   1 travis travis   1270 Jan  3 00:56 ModularCodeGen4_A2_B2_profile.java
-rw-rw-r--   1 travis travis   5506 Jan  3 00:56 ModularCodeGen4_A2.class
-rw-rw-r--   1 travis travis  16770 Jan  3 00:56 ModularCodeGen4_A2.java
-rw-rw-r--   1 travis travis    856 Jan  3 00:56 ModularCodeGen4_A2.mk
-rw-rw-r--   1 travis travis   1445 Jan  3 00:56 ModularCodeGen4_A2_profile.class
-rw-rw-r--   1 travis travis   1712 Jan  3 00:56 ModularCodeGen4_A2_profile.java
-rw-rw-r--   1 travis travis   7070 Jan  3 00:56 ModularCodeGen5_A_A.class
-rw-rw-r--   1 travis travis  28721 Jan  3 00:56 ModularCodeGen5_A_A.java
-rw-rw-r--   1 travis travis    864 Jan  3 00:56 ModularCodeGen5_A_A.mk
-rw-rw-r--   1 travis travis   1520 Jan  3 00:56 ModularCodeGen5_A_A_profile.class
-rw-rw-r--   1 travis travis   1815 Jan  3 00:56 ModularCodeGen5_A_A_profile.java
-rw-rw-r--   1 travis travis   5347 Jan  3 00:56 ModularCodeGen5_A.class
-rw-rw-r--   1 travis travis  13769 Jan  3 00:56 ModularCodeGen5_A.java
-rw-rw-r--   1 travis travis    848 Jan  3 00:56 ModularCodeGen5_A.mk
-rw-rw-r--   1 travis travis   1422 Jan  3 00:56 ModularCodeGen5_A_profile.class
-rw-rw-r--   1 travis travis   1605 Jan  3 00:56 ModularCodeGen5_A_profile.java
-rw-rw-r--   1 travis travis   4357 Jan  3 00:56 ModularCodeGen6_A_A2.class
-rw-rw-r--   1 travis travis  11329 Jan  3 00:56 ModularCodeGen6_A_A2.java
-rw-rw-r--   1 travis travis    872 Jan  3 00:56 ModularCodeGen6_A_A2.mk
-rw-rw-r--   1 travis travis   1351 Jan  3 00:56 ModularCodeGen6_A_A2_profile.class
-rw-rw-r--   1 travis travis   1364 Jan  3 00:56 ModularCodeGen6_A_A2_profile.java
-rw-rw-r--   1 travis travis   4340 Jan  3 00:56 ModularCodeGen6_A_A.class
-rw-rw-r--   1 travis travis  11221 Jan  3 00:56 ModularCodeGen6_A_A.java
-rw-rw-r--   1 travis travis    864 Jan  3 00:56 ModularCodeGen6_A_A.mk
-rw-rw-r--   1 travis travis   1348 Jan  3 00:56 ModularCodeGen6_A_A_profile.class
-rw-rw-r--   1 travis travis   1361 Jan  3 00:56 ModularCodeGen6_A_A_profile.java
-rw-rw-r--   1 travis travis   7469 Jan  3 00:56 ModularCodeGen6_A.class
-rw-rw-r--   1 travis travis  26535 Jan  3 00:56 ModularCodeGen6_A.java
-rw-rw-r--   1 travis travis    848 Jan  3 00:56 ModularCodeGen6_A.mk
-rw-rw-r--   1 travis travis   1483 Jan  3 00:56 ModularCodeGen6_A_profile.class
-rw-rw-r--   1 travis travis   1810 Jan  3 00:56 ModularCodeGen6_A_profile.java
-rw-rw-r--   1 travis travis   9633 Jan  3 00:57 ModularCodeGenLazyPubSubGlobal_CompositeActor_ModularCodeGenTypedComposite.class
-rw-rw-r--   1 travis travis  30161 Jan  3 00:57 ModularCodeGenLazyPubSubGlobal_CompositeActor_ModularCodeGenTypedComposite.java
-rw-rw-r--   1 travis travis   1304 Jan  3 00:57 ModularCodeGenLazyPubSubGlobal_CompositeActor_ModularCodeGenTypedComposite.mk
-rw-rw-r--   1 travis travis   1438 Jan  3 00:57 ModularCodeGenLazyPubSubGlobal_CompositeActor_ModularCodeGenTypedComposite_profile.class
-rw-rw-r--   1 travis travis   1384 Jan  3 00:57 ModularCodeGenLazyPubSubGlobal_CompositeActor_ModularCodeGenTypedComposite_profile.java
-rw-rw-r--   1 travis travis   4184 Jan  3 00:57 ModularCodeGenLazyPubSub_LazyCompositeActor.class
-rw-rw-r--   1 travis travis  11122 Jan  3 00:57 ModularCodeGenLazyPubSub_LazyCompositeActor.java
-rw-rw-r--   1 travis travis   1056 Jan  3 00:57 ModularCodeGenLazyPubSub_LazyCompositeActor.mk
-rw-rw-r--   1 travis travis   1286 Jan  3 00:57 ModularCodeGenLazyPubSub_LazyCompositeActor_profile.class
-rw-rw-r--   1 travis travis   1091 Jan  3 00:56 ModularCodeGenLazyPubSub_LazyCompositeActor_profile.java
-rw-rw-r--   1 travis travis   4186 Jan  3 00:56 ModularCodeGen_ModularCodeGenTypedCompositeActor.class
-rw-rw-r--   1 travis travis  10970 Jan  3 00:56 ModularCodeGen_ModularCodeGenTypedCompositeActor.java
-rw-rw-r--   1 travis travis   1096 Jan  3 00:56 ModularCodeGen_ModularCodeGenTypedCompositeActor.mk
-rw-rw-r--   1 travis travis   1384 Jan  3 00:56 ModularCodeGen_ModularCodeGenTypedCompositeActor_profile.class
-rw-rw-r--   1 travis travis   1328 Jan  3 00:56 ModularCodeGen_ModularCodeGenTypedCompositeActor_profile.java
-rw-rw-r--   1 travis travis   3673 Jan  3 00:57 ModularCodeGenPubSub2_A1_A.class
-rw-rw-r--   1 travis travis   8578 Jan  3 00:57 ModularCodeGenPubSub2_A1_A.java
-rw-rw-r--   1 travis travis    920 Jan  3 00:57 ModularCodeGenPubSub2_A1_A.mk
-rw-rw-r--   1 travis travis   1274 Jan  3 00:57 ModularCodeGenPubSub2_A1_A_profile.class
-rw-rw-r--   1 travis travis   1128 Jan  3 00:57 ModularCodeGenPubSub2_A1_A_profile.java
-rw-rw-r--   1 travis travis   3965 Jan  3 00:57 ModularCodeGenPubSub2_A1.class
-rw-rw-r--   1 travis travis   9781 Jan  3 00:57 ModularCodeGenPubSub2_A1.java
-rw-rw-r--   1 travis travis    904 Jan  3 00:57 ModularCodeGenPubSub2_A1.mk
-rw-rw-r--   1 travis travis   1268 Jan  3 00:57 ModularCodeGenPubSub2_A1_profile.class
-rw-rw-r--   1 travis travis   1196 Jan  3 00:57 ModularCodeGenPubSub2_A1_profile.java
-rw-rw-r--   1 travis travis   3669 Jan  3 00:57 ModularCodeGenPubSub3_A1_A2.class
-rw-rw-r--   1 travis travis   8599 Jan  3 00:57 ModularCodeGenPubSub3_A1_A2.java
-rw-rw-r--   1 travis travis    928 Jan  3 00:57 ModularCodeGenPubSub3_A1_A2.mk
-rw-rw-r--   1 travis travis   1287 Jan  3 00:57 ModularCodeGenPubSub3_A1_A2_profile.class
-rw-rw-r--   1 travis travis   1132 Jan  3 00:57 ModularCodeGenPubSub3_A1_A2_profile.java
-rw-rw-r--   1 travis travis   4088 Jan  3 00:57 ModularCodeGenPubSub3_A1.class
-rw-rw-r--   1 travis travis  10100 Jan  3 00:57 ModularCodeGenPubSub3_A1.java
-rw-rw-r--   1 travis travis    904 Jan  3 00:57 ModularCodeGenPubSub3_A1.mk
-rw-rw-r--   1 travis travis   1358 Jan  3 00:57 ModularCodeGenPubSub3_A1_profile.class
-rw-rw-r--   1 travis travis   1400 Jan  3 00:57 ModularCodeGenPubSub3_A1_profile.java
-rw-rw-r--   1 travis travis   1128 Jan  3 00:57 ModularCodeGenPubSub4_A1_A_profile.java
-rw-rw-r--   1 travis travis   3707 Jan  3 00:57 ModularCodeGenPubSub_A1.class
-rw-rw-r--   1 travis travis   9060 Jan  3 00:57 ModularCodeGenPubSub_A1.java
-rw-rw-r--   1 travis travis    896 Jan  3 00:57 ModularCodeGenPubSub_A1.mk
-rw-rw-r--   1 travis travis   1278 Jan  3 00:57 ModularCodeGenPubSub_A1_profile.class
-rw-rw-r--   1 travis travis   1195 Jan  3 00:57 ModularCodeGenPubSub_A1_profile.java
-rw-rw-r--   1 travis travis   3724 Jan  3 00:55 ModularCodeGenTest_A1_A2.class
-rw-rw-r--   1 travis travis   9164 Jan  3 00:55 ModularCodeGenTest_A1_A2.java
-rw-rw-r--   1 travis travis   1306 Jan  3 00:55 ModularCodeGenTest_A1_A2_profile.class
-rw-rw-r--   1 travis travis   4055 Jan  3 00:55 ModularCodeGenTest_A1.class
-rw-rw-r--   1 travis travis   9968 Jan  3 00:55 ModularCodeGenTest_A1.java
-rw-rw-r--   1 travis travis    880 Jan  3 00:55 ModularCodeGenTest_A1.mk
-rw-rw-r--   1 travis travis   1352 Jan  3 00:55 ModularCodeGenTest_A1_profile.class
-rw-rw-r--   1 travis travis   1394 Jan  3 00:55 ModularCodeGenTest_A1_profile.java
drwxrwxr-x   3 travis travis  32768 Jan  3 00:55 modulation2
drwxrwxr-x 116 travis travis  12288 Jan  3 00:55 node_modules
drwxrwxr-x   3 travis travis  20480 Jan  3 00:51 PhaseUnwrap
drwxrwxr-x   3 travis travis  12288 Jan  3 00:51 ReadFile1
-rw-rw-r--   1 travis travis     11 Jan  3 00:51 ReadFile1Output.txt
-rw-rw-r--   1 travis travis  13773 Jan  3 00:55 Repeat.class
-rw-rw-r--   1 travis travis    685 Jan  3 00:55 Repeat$_fireFunction_Repeat_Repeat$__f_sL_11.class
-rw-rw-r--   1 travis travis    541 Jan  3 00:55 Repeat$_fireFunction_Repeat_Repeat$__f_sL_12.class
-rw-rw-r--   1 travis travis    541 Jan  3 00:55 Repeat$_fireFunction_Repeat_Repeat$__f_sL_13.class
-rw-rw-r--   1 travis travis    541 Jan  3 00:55 Repeat$_fireFunction_Repeat_Repeat$__f_sL_14.class
-rw-rw-r--   1 travis travis    684 Jan  3 00:55 Repeat$_fireFunction_Repeat_Repeat$__f_sL_1.class
-rw-rw-r--   1 travis travis    683 Jan  3 00:55 Repeat$_fireFunction_Repeat_Repeat$__f_sL_4.class
-rw-rw-r--   1 travis travis    539 Jan  3 00:55 Repeat$_fireFunction_Repeat_Repeat$__f_sL_9.class
-rw-rw-r--   1 travis travis    494 Jan  3 00:55 Repeat$_initialize_Repeat$__i_sL_2.class
-rw-rw-r--   1 travis travis   1281 Jan  3 00:55 Repeat.mk
-rw-rw-r--   1 travis travis    539 Jan  3 00:55 Repeat$_preinitializeMethod_Repeat$__p_sL_0.class
-rw-rw-r--   1 travis travis   1102 Jan  3 00:55 Repeat$_Repeat$_fireFunction_Repeat_AddSubtract_Repeat.class
-rw-rw-r--   1 travis travis    810 Jan  3 00:55 Repeat$_Repeat$_fireFunction_Repeat_AddSubtract_Repeat$__f_sL_0.class
-rw-rw-r--   1 travis travis    928 Jan  3 00:55 Repeat$_Repeat$_fireFunction_Repeat_AddSubtract_Repeat$__f_sL_1.class
-rw-rw-r--   1 travis travis    934 Jan  3 00:55 Repeat$_Repeat$_fireFunction_Repeat_AddSubtract_Repeat$__f_sL_2.class
-rw-rw-r--   1 travis travis    862 Jan  3 00:55 Repeat$_Repeat$_fireFunction_Repeat_AddSubtract_Repeat$__f_sL_3.class
-rw-rw-r--   1 travis travis    757 Jan  3 00:55 Repeat$_Repeat$_fireFunction_Repeat_Ramp2_Repeat$__f_sL_0.class
-rw-rw-r--   1 travis travis    888 Jan  3 00:55 Repeat$_Repeat$_fireFunction_Repeat_Test_Repeat$__f_sL_0.class
-rw-rw-r--   1 travis travis    634 Jan  3 00:55 Repeat$_Repeat$_fireFunction_Repeat_Test_Repeat$__f_sL_1.class
-rw-rw-r--   1 travis travis    704 Jan  3 00:55 Repeat$_Repeat_SDF_Director_run_Repeat$__R_sL_0.class
-rw-rw-r--   1 travis travis    705 Jan  3 00:55 Repeat$_Repeat_SDF_Director_run_Repeat$__R_sL_11.class
-rw-rw-r--   1 travis travis    561 Jan  3 00:55 Repeat$_Repeat_SDF_Director_run_Repeat$__R_sL_13.class
-rw-rw-r--   1 travis travis    559 Jan  3 00:55 Repeat$_Repeat_SDF_Director_run_Repeat$__R_sL_2.class
-rw-rw-r--   1 travis travis    703 Jan  3 00:55 Repeat$_Repeat_SDF_Director_run_Repeat$__R_sL_3.class
-rw-rw-r--   1 travis travis    559 Jan  3 00:55 Repeat$_Repeat_SDF_Director_run_Repeat$__R_sL_5.class
-rw-rw-r--   1 travis travis    559 Jan  3 00:55 Repeat$_Repeat_SDF_Director_run_Repeat$__R_sL_8.class
drwxrwxr-x   2 travis travis   4096 Jan  3 00:55 RepeatVariables
-rw-rw-r--   1 travis travis    882 Jan  3 00:55 Repeat$_varinit_Repeat.class
-rw-rw-r--   1 travis travis    550 Jan  3 00:55 Repeat$_varinit_Repeat$__v_sL_2.class
-rw-rw-r--   1 travis travis    924 Jan  3 00:55 Repeat$_varinit_Repeat$__v_sL_4.class
-rw-rw-r--   1 travis travis    978 Jan  3 00:55 Repeat$_wrapup_Repeat$__w_sL_1.class
drwxrwxr-x   3 travis travis  20480 Jan  3 00:52 Sinewave
drwxrwxr-x   3 travis travis  32768 Jan  3 00:53 StringFunction
drwxrwxr-x   3 travis travis  12288 Jan  3 00:53 StringLength
drwxrwxr-x   3 travis travis  61440 Jan  3 00:53 StringMatches2
drwxrwxr-x   3 travis travis  61440 Jan  3 00:54 StringSimpleReplace
drwxrwxr-x   3 travis travis  65536 Jan  3 00:54 StringSubstring
drwxrwxr-x   3 travis travis  24576 Jan  3 00:54 StringSubstring2
drwxrwxr-x   3 travis travis  16384 Jan  3 00:54 time1
drwxrwxr-x   3 travis travis  12288 Jan  3 00:55 time5
-rw-rw-r--   1 travis travis    432 Jan  3 00:57 Token.class
-rw-rw-r--   1 travis travis    251 Jan  3 00:57 Token.java
-rwxrwxr-x   1 travis travis 466992 Jan  3 00:49 top
-rw-rw-r--   1 travis travis  20502 Jan  3 00:49 top.c
-rw-rw-r--   1 travis travis   3799 Jan  3 00:55 top.class
-rw-rw-r--   1 travis travis   1257 Jan  3 00:55 top.mk
All Done
Writing ModularCodeGenPubSub4_A1_A.java in file:/home/travis/cg/ (8578 characters)
Reading "ptolemy/cg/kernel/generic/program/procedural/java/modular/makefile.in",
    writing "/home/travis/cg/ModularCodeGenPubSub4_A1_A.mk"
Using ptolemy/cg/kernel/generic/program/procedural/java/modular/makefile.in
In "/home/travis/cg", about to execute:
    make -f ModularCodeGenPubSub4_A1_A.mk
javac -classpath ".:.."    ModularCodeGenPubSub4_A1_A.java
All Done
In "/home/travis/cg", about to execute:
    pwd
In "/home/travis/cg", about to execute:
    ls -l
/home/travis/cg
total 2576
drwxrwxr-x   3 travis travis  12288 Jan  3 00:50 AbsoluteValue
drwxrwxr-x   3 travis travis 102400 Jan  3 00:49 AllColt
-rw-rw-r--   1 travis travis    233 Jan  3 00:57 Array.class
-rw-rw-r--   1 travis travis    459 Jan  3 00:57 Array.java
drwxrwxr-x   3 travis travis  12288 Jan  3 00:50 Case1
-rw-rw-r--   1 travis travis   5128 Jan  3 00:55 CompiledCompositeActor_CompiledCompositeActor.class
-rw-rw-r--   1 travis travis   1611 Jan  3 00:55 CompiledCompositeActor_CompiledCompositeActor$_CompiledCompositeActor_CompiledCompositeActor.class
-rw-rw-r--   1 travis travis  13466 Jan  3 00:55 CompiledCompositeActor_CompiledCompositeActor.java
-rw-rw-r--   1 travis travis   1593 Jan  3 00:55 CompiledCompositeActor_CompiledCompositeActor.mk
drwxrwxr-x   5 travis travis   4096 Jan  3 00:49 fmi
drwxrwxr-x   3 travis travis  16384 Jan  3 00:50 Gaussian2
-rw-rw-r--   1 travis travis   4684 Jan  3 00:55 JavaCompiledCompositeTest1_CompiledCompositeActor.class
-rw-rw-r--   1 travis travis  11637 Jan  3 00:55 JavaCompiledCompositeTest1_CompiledCompositeActor.java
-rw-rw-r--   1 travis travis   1217 Jan  3 00:55 JavaCompiledCompositeTest1_CompiledCompositeActor$_JavaCompiledCompositeTest1_CompiledCompositeActor.class
-rw-rw-r--   1 travis travis   1625 Jan  3 00:55 JavaCompiledCompositeTest1_CompiledCompositeActor.mk
-rw-rw-r--   1 travis travis   5115 Jan  3 00:55 JavaCompiledCompositeTest2_CompiledCompositeActor.class
-rw-rw-r--   1 travis travis  14919 Jan  3 00:55 JavaCompiledCompositeTest2_CompiledCompositeActor.java
-rw-rw-r--   1 travis travis   1812 Jan  3 00:55 JavaCompiledCompositeTest2_CompiledCompositeActor$_JavaCompiledCompositeTest2_CompiledCompositeActor.class
-rw-rw-r--   1 travis travis   1625 Jan  3 00:55 JavaCompiledCompositeTest2_CompiledCompositeActor.mk
-rw-rw-r--   1 travis travis   4732 Jan  3 00:55 JavaCompiledCompositeTest3_CompiledCompositeActor.class
-rw-rw-r--   1 travis travis  13080 Jan  3 00:55 JavaCompiledCompositeTest3_CompiledCompositeActor.java
-rw-rw-r--   1 travis travis   1397 Jan  3 00:55 JavaCompiledCompositeTest3_CompiledCompositeActor$_JavaCompiledCompositeTest3_CompiledCompositeActor.class
-rw-rw-r--   1 travis travis   1625 Jan  3 00:55 JavaCompiledCompositeTest3_CompiledCompositeActor.mk
-rw-rw-r--   1 travis travis   4183 Jan  3 00:55 JavaCompiledCompositeTest4_CompiledCompositeActor.class
-rw-rw-r--   1 travis travis   9687 Jan  3 00:55 JavaCompiledCompositeTest4_CompiledCompositeActor.java
-rw-rw-r--   1 travis travis    876 Jan  3 00:55 JavaCompiledCompositeTest4_CompiledCompositeActor$_JavaCompiledCompositeTest4_CompiledCompositeActor.class
-rw-rw-r--   1 travis travis   1625 Jan  3 00:55 JavaCompiledCompositeTest4_CompiledCompositeActor.mk
drwxrwxr-x   3 travis travis  12288 Jan  3 00:51 LookupTable
drwxrwxr-x   3 travis travis  20480 Jan  3 00:51 MaxIndex
-rw-rw-r--   1 travis travis   3925 Jan  3 00:55 ModularCG_A1_B1.class
-rw-rw-r--   1 travis travis   9730 Jan  3 00:55 ModularCG_A1_B1.java
-rw-rw-r--   1 travis travis    832 Jan  3 00:55 ModularCG_A1_B1.mk
-rw-rw-r--   1 travis travis   1318 Jan  3 00:55 ModularCG_A1_B1_profile.class
-rw-rw-r--   1 travis travis   1262 Jan  3 00:55 ModularCG_A1_B1_profile.java
-rw-rw-r--   1 travis travis   3925 Jan  3 00:55 ModularCG_A1_B2.class
-rw-rw-r--   1 travis travis   9730 Jan  3 00:55 ModularCG_A1_B2.java
-rw-rw-r--   1 travis travis    832 Jan  3 00:55 ModularCG_A1_B2.mk
-rw-rw-r--   1 travis travis   1318 Jan  3 00:55 ModularCG_A1_B2_profile.class
-rw-rw-r--   1 travis travis   1262 Jan  3 00:55 ModularCG_A1_B2_profile.java
-rw-rw-r--   1 travis travis   5031 Jan  3 00:55 ModularCG_A1.class
-rw-rw-r--   1 travis travis  14742 Jan  3 00:55 ModularCG_A1.java
-rw-rw-r--   1 travis travis    808 Jan  3 00:55 ModularCG_A1.mk
-rw-rw-r--   1 travis travis   1433 Jan  3 00:55 ModularCG_A1_profile.class
-rw-rw-r--   1 travis travis   1704 Jan  3 00:55 ModularCG_A1_profile.java
-rw-rw-r--   1 travis travis   4059 Jan  3 00:55 ModularCG_A2_B1.class
-rw-rw-r--   1 travis travis  10667 Jan  3 00:55 ModularCG_A2_B1.java
-rw-rw-r--   1 travis travis    832 Jan  3 00:55 ModularCG_A2_B1.mk
-rw-rw-r--   1 travis travis   1381 Jan  3 00:55 ModularCG_A2_B1_profile.class
-rw-rw-r--   1 travis travis   1446 Jan  3 00:55 ModularCG_A2_B1_profile.java
-rw-rw-r--   1 travis travis   3925 Jan  3 00:55 ModularCG_A2_B2.class
-rw-rw-r--   1 travis travis   9730 Jan  3 00:55 ModularCG_A2_B2.java
-rw-rw-r--   1 travis travis    832 Jan  3 00:55 ModularCG_A2_B2.mk
-rw-rw-r--   1 travis travis   1318 Jan  3 00:55 ModularCG_A2_B2_profile.class
-rw-rw-r--   1 travis travis   1262 Jan  3 00:55 ModularCG_A2_B2_profile.java
-rw-rw-r--   1 travis travis   5102 Jan  3 00:56 ModularCG_A2.class
-rw-rw-r--   1 travis travis  15129 Jan  3 00:56 ModularCG_A2.java
-rw-rw-r--   1 travis travis    808 Jan  3 00:56 ModularCG_A2.mk
-rw-rw-r--   1 travis travis   1433 Jan  3 00:56 ModularCG_A2_profile.class
-rw-rw-r--   1 travis travis   1704 Jan  3 00:55 ModularCG_A2_profile.java
-rw-rw-r--   1 travis travis   3705 Jan  3 00:56 ModularCGPubSub_A1_A2.class
-rw-rw-r--   1 travis travis   9076 Jan  3 00:56 ModularCGPubSub_A1_A2.java
-rw-rw-r--   1 travis travis    880 Jan  3 00:56 ModularCGPubSub_A1_A2.mk
-rw-rw-r--   1 travis travis   1300 Jan  3 00:56 ModularCGPubSub_A1_A2_profile.class
-rw-rw-r--   1 travis travis   1222 Jan  3 00:56 ModularCGPubSub_A1_A2_profile.java
-rw-rw-r--   1 travis travis   4022 Jan  3 00:56 ModularCGPubSub_A1.class
-rw-rw-r--   1 travis travis   9836 Jan  3 00:56 ModularCGPubSub_A1.java
-rw-rw-r--   1 travis travis    856 Jan  3 00:56 ModularCGPubSub_A1.mk
-rw-rw-r--   1 travis travis   1346 Jan  3 00:56 ModularCGPubSub_A1_profile.class
-rw-rw-r--   1 travis travis   1388 Jan  3 00:56 ModularCGPubSub_A1_profile.java
-rw-rw-r--   1 travis travis   4220 Jan  3 00:56 ModularCodeGen2_ModularCodeGenTypedCompositeActor.class
-rw-rw-r--   1 travis travis  11690 Jan  3 00:56 ModularCodeGen2_ModularCodeGenTypedCompositeActor.java
-rw-rw-r--   1 travis travis   1104 Jan  3 00:56 ModularCodeGen2_ModularCodeGenTypedCompositeActor.mk
-rw-rw-r--   1 travis travis   4504 Jan  3 00:56 ModularCodeGen2_ModularCodeGenTypedCompositeActor_ModularCodeGenTypedCompositeActor.class
-rw-rw-r--   1 travis travis  11790 Jan  3 00:56 ModularCodeGen2_ModularCodeGenTypedCompositeActor_ModularCodeGenTypedCompositeActor.java
-rw-rw-r--   1 travis travis   1376 Jan  3 00:56 ModularCodeGen2_ModularCodeGenTypedCompositeActor_ModularCodeGenTypedCompositeActor.mk
-rw-rw-r--   1 travis travis   1421 Jan  3 00:56 ModularCodeGen2_ModularCodeGenTypedCompositeActor_ModularCodeGenTypedCompositeActor_profile.class
-rw-rw-r--   1 travis travis   1294 Jan  3 00:56 ModularCodeGen2_ModularCodeGenTypedCompositeActor_ModularCodeGenTypedCompositeActor_profile.java
-rw-rw-r--   1 travis travis    820 Jan  3 00:56 ModularCodeGen2_ModularCodeGenTypedCompositeActor_profile.class
-rw-rw-r--   1 travis travis    693 Jan  3 00:56 ModularCodeGen2_ModularCodeGenTypedCompositeActor_profile.java
-rw-rw-r--   1 travis travis   3973 Jan  3 00:56 ModularCodeGen3_A1_B1.class
-rw-rw-r--   1 travis travis   9958 Jan  3 00:56 ModularCodeGen3_A1_B1.java
-rw-rw-r--   1 travis travis    880 Jan  3 00:56 ModularCodeGen3_A1_B1.mk
-rw-rw-r--   1 travis travis   1330 Jan  3 00:56 ModularCodeGen3_A1_B1_profile.class
-rw-rw-r--   1 travis travis   1274 Jan  3 00:56 ModularCodeGen3_A1_B1_profile.java
-rw-rw-r--   1 travis travis   3973 Jan  3 00:56 ModularCodeGen3_A1_B2.class
-rw-rw-r--   1 travis travis   9958 Jan  3 00:56 ModularCodeGen3_A1_B2.java
-rw-rw-r--   1 travis travis    880 Jan  3 00:56 ModularCodeGen3_A1_B2.mk
-rw-rw-r--   1 travis travis   1330 Jan  3 00:56 ModularCodeGen3_A1_B2_profile.class
-rw-rw-r--   1 travis travis   1274 Jan  3 00:56 ModularCodeGen3_A1_B2_profile.java
-rw-rw-r--   1 travis travis   5193 Jan  3 00:56 ModularCodeGen3_A1.class
-rw-rw-r--   1 travis travis  15564 Jan  3 00:56 ModularCodeGen3_A1.java
-rw-rw-r--   1 travis travis    856 Jan  3 00:56 ModularCodeGen3_A1.mk
-rw-rw-r--   1 travis travis   1445 Jan  3 00:56 ModularCodeGen3_A1_profile.class
-rw-rw-r--   1 travis travis   1716 Jan  3 00:56 ModularCodeGen3_A1_profile.java
-rw-rw-r--   1 travis travis   4119 Jan  3 00:56 ModularCodeGen3_A2_B1.class
-rw-rw-r--   1 travis travis  10955 Jan  3 00:56 ModularCodeGen3_A2_B1.java
-rw-rw-r--   1 travis travis    880 Jan  3 00:56 ModularCodeGen3_A2_B1.mk
-rw-rw-r--   1 travis travis   1393 Jan  3 00:56 ModularCodeGen3_A2_B1_profile.class
-rw-rw-r--   1 travis travis   1458 Jan  3 00:56 ModularCodeGen3_A2_B1_profile.java
-rw-rw-r--   1 travis travis   3973 Jan  3 00:56 ModularCodeGen3_A2_B2.class
-rw-rw-r--   1 travis travis   9958 Jan  3 00:56 ModularCodeGen3_A2_B2.java
-rw-rw-r--   1 travis travis    880 Jan  3 00:56 ModularCodeGen3_A2_B2.mk
-rw-rw-r--   1 travis travis   1330 Jan  3 00:56 ModularCodeGen3_A2_B2_profile.class
-rw-rw-r--   1 travis travis   1274 Jan  3 00:56 ModularCodeGen3_A2_B2_profile.java
-rw-rw-r--   1 travis travis   5270 Jan  3 00:56 ModularCodeGen3_A2.class
-rw-rw-r--   1 travis travis  15957 Jan  3 00:56 ModularCodeGen3_A2.java
-rw-rw-r--   1 travis travis    856 Jan  3 00:56 ModularCodeGen3_A2.mk
-rw-rw-r--   1 travis travis   1445 Jan  3 00:56 ModularCodeGen3_A2_profile.class
-rw-rw-r--   1 travis travis   1716 Jan  3 00:56 ModularCodeGen3_A2_profile.java
-rw-rw-r--   1 travis travis   4026 Jan  3 00:56 ModularCodeGen4_A1_B1.class
-rw-rw-r--   1 travis travis  10312 Jan  3 00:56 ModularCodeGen4_A1_B1.java
-rw-rw-r--   1 travis travis    880 Jan  3 00:56 ModularCodeGen4_A1_B1.mk
-rw-rw-r--   1 travis travis   1330 Jan  3 00:56 ModularCodeGen4_A1_B1_profile.class
-rw-rw-r--   1 travis travis   1273 Jan  3 00:56 ModularCodeGen4_A1_B1_profile.java
-rw-rw-r--   1 travis travis   4026 Jan  3 00:56 ModularCodeGen4_A1_B2.class
-rw-rw-r--   1 travis travis  10312 Jan  3 00:56 ModularCodeGen4_A1_B2.java
-rw-rw-r--   1 travis travis    880 Jan  3 00:56 ModularCodeGen4_A1_B2.mk
-rw-rw-r--   1 travis travis   1330 Jan  3 00:56 ModularCodeGen4_A1_B2_profile.class
-rw-rw-r--   1 travis travis   1273 Jan  3 00:56 ModularCodeGen4_A1_B2_profile.java
-rw-rw-r--   1 travis travis   5333 Jan  3 00:56 ModularCodeGen4_A1.class
-rw-rw-r--   1 travis travis  16245 Jan  3 00:56 ModularCodeGen4_A1.java
-rw-rw-r--   1 travis travis    856 Jan  3 00:56 ModularCodeGen4_A1.mk
-rw-rw-r--   1 travis travis   1445 Jan  3 00:56 ModularCodeGen4_A1_profile.class
-rw-rw-r--   1 travis travis   1712 Jan  3 00:56 ModularCodeGen4_A1_profile.java
-rw-rw-r--   1 travis travis   4220 Jan  3 00:56 ModularCodeGen4_A2_B1.class
-rw-rw-r--   1 travis travis  11375 Jan  3 00:56 ModularCodeGen4_A2_B1.java
-rw-rw-r--   1 travis travis    880 Jan  3 00:56 ModularCodeGen4_A2_B1.mk
-rw-rw-r--   1 travis travis   1393 Jan  3 00:56 ModularCodeGen4_A2_B1_profile.class
-rw-rw-r--   1 travis travis   1454 Jan  3 00:56 ModularCodeGen4_A2_B1_profile.java
-rw-rw-r--   1 travis travis   4074 Jan  3 00:56 ModularCodeGen4_A2_B2.class
-rw-rw-r--   1 travis travis  10378 Jan  3 00:56 ModularCodeGen4_A2_B2.java
-rw-rw-r--   1 travis travis    880 Jan  3 00:56 ModularCodeGen4_A2_B2.mk
-rw-rw-r--   1 travis travis   1330 Jan  3 00:56 ModularCodeGen4_A2_B2_profile.class
-rw-rw-r--   1 travis travis   1270 Jan  3 00:56 ModularCodeGen4_A2_B2_profile.java
-rw-rw-r--   1 travis travis   5506 Jan  3 00:56 ModularCodeGen4_A2.class
-rw-rw-r--   1 travis travis  16770 Jan  3 00:56 ModularCodeGen4_A2.java
-rw-rw-r--   1 travis travis    856 Jan  3 00:56 ModularCodeGen4_A2.mk
-rw-rw-r--   1 travis travis   1445 Jan  3 00:56 ModularCodeGen4_A2_profile.class
-rw-rw-r--   1 travis travis   1712 Jan  3 00:56 ModularCodeGen4_A2_profile.java
-rw-rw-r--   1 travis travis   7070 Jan  3 00:56 ModularCodeGen5_A_A.class
-rw-rw-r--   1 travis travis  28721 Jan  3 00:56 ModularCodeGen5_A_A.java
-rw-rw-r--   1 travis travis    864 Jan  3 00:56 ModularCodeGen5_A_A.mk
-rw-rw-r--   1 travis travis   1520 Jan  3 00:56 ModularCodeGen5_A_A_profile.class
-rw-rw-r--   1 travis travis   1815 Jan  3 00:56 ModularCodeGen5_A_A_profile.java
-rw-rw-r--   1 travis travis   5347 Jan  3 00:56 ModularCodeGen5_A.class
-rw-rw-r--   1 travis travis  13769 Jan  3 00:56 ModularCodeGen5_A.java
-rw-rw-r--   1 travis travis    848 Jan  3 00:56 ModularCodeGen5_A.mk
-rw-rw-r--   1 travis travis   1422 Jan  3 00:56 ModularCodeGen5_A_profile.class
-rw-rw-r--   1 travis travis   1605 Jan  3 00:56 ModularCodeGen5_A_profile.java
-rw-rw-r--   1 travis travis   4357 Jan  3 00:56 ModularCodeGen6_A_A2.class
-rw-rw-r--   1 travis travis  11329 Jan  3 00:56 ModularCodeGen6_A_A2.java
-rw-rw-r--   1 travis travis    872 Jan  3 00:56 ModularCodeGen6_A_A2.mk
-rw-rw-r--   1 travis travis   1351 Jan  3 00:56 ModularCodeGen6_A_A2_profile.class
-rw-rw-r--   1 travis travis   1364 Jan  3 00:56 ModularCodeGen6_A_A2_profile.java
-rw-rw-r--   1 travis travis   4340 Jan  3 00:56 ModularCodeGen6_A_A.class
-rw-rw-r--   1 travis travis  11221 Jan  3 00:56 ModularCodeGen6_A_A.java
-rw-rw-r--   1 travis travis    864 Jan  3 00:56 ModularCodeGen6_A_A.mk
-rw-rw-r--   1 travis travis   1348 Jan  3 00:56 ModularCodeGen6_A_A_profile.class
-rw-rw-r--   1 travis travis   1361 Jan  3 00:56 ModularCodeGen6_A_A_profile.java
-rw-rw-r--   1 travis travis   7469 Jan  3 00:56 ModularCodeGen6_A.class
-rw-rw-r--   1 travis travis  26535 Jan  3 00:56 ModularCodeGen6_A.java
-rw-rw-r--   1 travis travis    848 Jan  3 00:56 ModularCodeGen6_A.mk
-rw-rw-r--   1 travis travis   1483 Jan  3 00:56 ModularCodeGen6_A_profile.class
-rw-rw-r--   1 travis travis   1810 Jan  3 00:56 ModularCodeGen6_A_profile.java
-rw-rw-r--   1 travis travis   9633 Jan  3 00:57 ModularCodeGenLazyPubSubGlobal_CompositeActor_ModularCodeGenTypedComposite.class
-rw-rw-r--   1 travis travis  30161 Jan  3 00:57 ModularCodeGenLazyPubSubGlobal_CompositeActor_ModularCodeGenTypedComposite.java
-rw-rw-r--   1 travis travis   1304 Jan  3 00:57 ModularCodeGenLazyPubSubGlobal_CompositeActor_ModularCodeGenTypedComposite.mk
-rw-rw-r--   1 travis travis   1438 Jan  3 00:57 ModularCodeGenLazyPubSubGlobal_CompositeActor_ModularCodeGenTypedComposite_profile.class
-rw-rw-r--   1 travis travis   1384 Jan  3 00:57 ModularCodeGenLazyPubSubGlobal_CompositeActor_ModularCodeGenTypedComposite_profile.java
-rw-rw-r--   1 travis travis   4184 Jan  3 00:57 ModularCodeGenLazyPubSub_LazyCompositeActor.class
-rw-rw-r--   1 travis travis  11122 Jan  3 00:57 ModularCodeGenLazyPubSub_LazyCompositeActor.java
-rw-rw-r--   1 travis travis   1056 Jan  3 00:57 ModularCodeGenLazyPubSub_LazyCompositeActor.mk
-rw-rw-r--   1 travis travis   1286 Jan  3 00:57 ModularCodeGenLazyPubSub_LazyCompositeActor_profile.class
-rw-rw-r--   1 travis travis   1091 Jan  3 00:56 ModularCodeGenLazyPubSub_LazyCompositeActor_profile.java
-rw-rw-r--   1 travis travis   4186 Jan  3 00:56 ModularCodeGen_ModularCodeGenTypedCompositeActor.class
-rw-rw-r--   1 travis travis  10970 Jan  3 00:56 ModularCodeGen_ModularCodeGenTypedCompositeActor.java
-rw-rw-r--   1 travis travis   1096 Jan  3 00:56 ModularCodeGen_ModularCodeGenTypedCompositeActor.mk
-rw-rw-r--   1 travis travis   1384 Jan  3 00:56 ModularCodeGen_ModularCodeGenTypedCompositeActor_profile.class
-rw-rw-r--   1 travis travis   1328 Jan  3 00:56 ModularCodeGen_ModularCodeGenTypedCompositeActor_profile.java
-rw-rw-r--   1 travis travis   3673 Jan  3 00:57 ModularCodeGenPubSub2_A1_A.class
-rw-rw-r--   1 travis travis   8578 Jan  3 00:57 ModularCodeGenPubSub2_A1_A.java
-rw-rw-r--   1 travis travis    920 Jan  3 00:57 ModularCodeGenPubSub2_A1_A.mk
-rw-rw-r--   1 travis travis   1274 Jan  3 00:57 ModularCodeGenPubSub2_A1_A_profile.class
-rw-rw-r--   1 travis travis   1128 Jan  3 00:57 ModularCodeGenPubSub2_A1_A_profile.java
-rw-rw-r--   1 travis travis   3965 Jan  3 00:57 ModularCodeGenPubSub2_A1.class
-rw-rw-r--   1 travis travis   9781 Jan  3 00:57 ModularCodeGenPubSub2_A1.java
-rw-rw-r--   1 travis travis    904 Jan  3 00:57 ModularCodeGenPubSub2_A1.mk
-rw-rw-r--   1 travis travis   1268 Jan  3 00:57 ModularCodeGenPubSub2_A1_profile.class
-rw-rw-r--   1 travis travis   1196 Jan  3 00:57 ModularCodeGenPubSub2_A1_profile.java
-rw-rw-r--   1 travis travis   3669 Jan  3 00:57 ModularCodeGenPubSub3_A1_A2.class
-rw-rw-r--   1 travis travis   8599 Jan  3 00:57 ModularCodeGenPubSub3_A1_A2.java
-rw-rw-r--   1 travis travis    928 Jan  3 00:57 ModularCodeGenPubSub3_A1_A2.mk
-rw-rw-r--   1 travis travis   1287 Jan  3 00:57 ModularCodeGenPubSub3_A1_A2_profile.class
-rw-rw-r--   1 travis travis   1132 Jan  3 00:57 ModularCodeGenPubSub3_A1_A2_profile.java
-rw-rw-r--   1 travis travis   4088 Jan  3 00:57 ModularCodeGenPubSub3_A1.class
-rw-rw-r--   1 travis travis  10100 Jan  3 00:57 ModularCodeGenPubSub3_A1.java
-rw-rw-r--   1 travis travis    904 Jan  3 00:57 ModularCodeGenPubSub3_A1.mk
-rw-rw-r--   1 travis travis   1358 Jan  3 00:57 ModularCodeGenPubSub3_A1_profile.class
-rw-rw-r--   1 travis travis   1400 Jan  3 00:57 ModularCodeGenPubSub3_A1_profile.java
-rw-rw-r--   1 travis travis   3673 Jan  3 00:57 ModularCodeGenPubSub4_A1_A.class
-rw-rw-r--   1 travis travis   8578 Jan  3 00:57 ModularCodeGenPubSub4_A1_A.java
-rw-rw-r--   1 travis travis    920 Jan  3 00:57 ModularCodeGenPubSub4_A1_A.mk
-rw-rw-r--   1 travis travis   1274 Jan  3 00:57 ModularCodeGenPubSub4_A1_A_profile.class
-rw-rw-r--   1 travis travis   1128 Jan  3 00:57 ModularCodeGenPubSub4_A1_A_profile.java
-rw-rw-r--   1 travis travis   1137 Jan  3 00:57 ModularCodeGenPubSub4_A1_profile.java
-rw-rw-r--   1 travis travis   3707 Jan  3 00:57 ModularCodeGenPubSub_A1.class
-rw-rw-r--   1 travis travis   9060 Jan  3 00:57 ModularCodeGenPubSub_A1.java
-rw-rw-r--   1 travis travis    896 Jan  3 00:57 ModularCodeGenPubSub_A1.mk
-rw-rw-r--   1 travis travis   1278 Jan  3 00:57 ModularCodeGenPubSub_A1_profile.class
-rw-rw-r--   1 travis travis   1195 Jan  3 00:57 ModularCodeGenPubSub_A1_profile.java
-rw-rw-r--   1 travis travis   3724 Jan  3 00:55 ModularCodeGenTest_A1_A2.class
-rw-rw-r--   1 travis travis   9164 Jan  3 00:55 ModularCodeGenTest_A1_A2.java
-rw-rw-r--   1 travis travis   1306 Jan  3 00:55 ModularCodeGenTest_A1_A2_profile.class
-rw-rw-r--   1 travis travis   4055 Jan  3 00:55 ModularCodeGenTest_A1.class
-rw-rw-r--   1 travis travis   9968 Jan  3 00:55 ModularCodeGenTest_A1.java
-rw-rw-r--   1 travis travis    880 Jan  3 00:55 ModularCodeGenTest_A1.mk
-rw-rw-r--   1 travis travis   1352 Jan  3 00:55 ModularCodeGenTest_A1_profile.class
-rw-rw-r--   1 travis travis   1394 Jan  3 00:55 ModularCodeGenTest_A1_profile.java
drwxrwxr-x   3 travis travis  32768 Jan  3 00:55 modulation2
drwxrwxr-x 116 travis travis  12288 Jan  3 00:55 node_modules
drwxrwxr-x   3 travis travis  20480 Jan  3 00:51 PhaseUnwrap
drwxrwxr-x   3 travis travis  12288 Jan  3 00:51 ReadFile1
-rw-rw-r--   1 travis travis     11 Jan  3 00:51 ReadFile1Output.txt
-rw-rw-r--   1 travis travis  13773 Jan  3 00:55 Repeat.class
-rw-rw-r--   1 travis travis    685 Jan  3 00:55 Repeat$_fireFunction_Repeat_Repeat$__f_sL_11.class
-rw-rw-r--   1 travis travis    541 Jan  3 00:55 Repeat$_fireFunction_Repeat_Repeat$__f_sL_12.class
-rw-rw-r--   1 travis travis    541 Jan  3 00:55 Repeat$_fireFunction_Repeat_Repeat$__f_sL_13.class
-rw-rw-r--   1 travis travis    541 Jan  3 00:55 Repeat$_fireFunction_Repeat_Repeat$__f_sL_14.class
-rw-rw-r--   1 travis travis    684 Jan  3 00:55 Repeat$_fireFunction_Repeat_Repeat$__f_sL_1.class
-rw-rw-r--   1 travis travis    683 Jan  3 00:55 Repeat$_fireFunction_Repeat_Repeat$__f_sL_4.class
-rw-rw-r--   1 travis travis    539 Jan  3 00:55 Repeat$_fireFunction_Repeat_Repeat$__f_sL_9.class
-rw-rw-r--   1 travis travis    494 Jan  3 00:55 Repeat$_initialize_Repeat$__i_sL_2.class
-rw-rw-r--   1 travis travis   1281 Jan  3 00:55 Repeat.mk
-rw-rw-r--   1 travis travis    539 Jan  3 00:55 Repeat$_preinitializeMethod_Repeat$__p_sL_0.class
-rw-rw-r--   1 travis travis   1102 Jan  3 00:55 Repeat$_Repeat$_fireFunction_Repeat_AddSubtract_Repeat.class
-rw-rw-r--   1 travis travis    810 Jan  3 00:55 Repeat$_Repeat$_fireFunction_Repeat_AddSubtract_Repeat$__f_sL_0.class
-rw-rw-r--   1 travis travis    928 Jan  3 00:55 Repeat$_Repeat$_fireFunction_Repeat_AddSubtract_Repeat$__f_sL_1.class
-rw-rw-r--   1 travis travis    934 Jan  3 00:55 Repeat$_Repeat$_fireFunction_Repeat_AddSubtract_Repeat$__f_sL_2.class
-rw-rw-r--   1 travis travis    862 Jan  3 00:55 Repeat$_Repeat$_fireFunction_Repeat_AddSubtract_Repeat$__f_sL_3.class
-rw-rw-r--   1 travis travis    757 Jan  3 00:55 Repeat$_Repeat$_fireFunction_Repeat_Ramp2_Repeat$__f_sL_0.class
-rw-rw-r--   1 travis travis    888 Jan  3 00:55 Repeat$_Repeat$_fireFunction_Repeat_Test_Repeat$__f_sL_0.class
-rw-rw-r--   1 travis travis    634 Jan  3 00:55 Repeat$_Repeat$_fireFunction_Repeat_Test_Repeat$__f_sL_1.class
-rw-rw-r--   1 travis travis    704 Jan  3 00:55 Repeat$_Repeat_SDF_Director_run_Repeat$__R_sL_0.class
-rw-rw-r--   1 travis travis    705 Jan  3 00:55 Repeat$_Repeat_SDF_Director_run_Repeat$__R_sL_11.class
-rw-rw-r--   1 travis travis    561 Jan  3 00:55 Repeat$_Repeat_SDF_Director_run_Repeat$__R_sL_13.class
-rw-rw-r--   1 travis travis    559 Jan  3 00:55 Repeat$_Repeat_SDF_Director_run_Repeat$__R_sL_2.class
-rw-rw-r--   1 travis travis    703 Jan  3 00:55 Repeat$_Repeat_SDF_Director_run_Repeat$__R_sL_3.class
-rw-rw-r--   1 travis travis    559 Jan  3 00:55 Repeat$_Repeat_SDF_Director_run_Repeat$__R_sL_5.class
-rw-rw-r--   1 travis travis    559 Jan  3 00:55 Repeat$_Repeat_SDF_Director_run_Repeat$__R_sL_8.class
drwxrwxr-x   2 travis travis   4096 Jan  3 00:55 RepeatVariables
-rw-rw-r--   1 travis travis    882 Jan  3 00:55 Repeat$_varinit_Repeat.class
-rw-rw-r--   1 travis travis    550 Jan  3 00:55 Repeat$_varinit_Repeat$__v_sL_2.class
-rw-rw-r--   1 travis travis    924 Jan  3 00:55 Repeat$_varinit_Repeat$__v_sL_4.class
-rw-rw-r--   1 travis travis    978 Jan  3 00:55 Repeat$_wrapup_Repeat$__w_sL_1.class
drwxrwxr-x   3 travis travis  20480 Jan  3 00:52 Sinewave
drwxrwxr-x   3 travis travis  32768 Jan  3 00:53 StringFunction
drwxrwxr-x   3 travis travis  12288 Jan  3 00:53 StringLength
drwxrwxr-x   3 travis travis  61440 Jan  3 00:53 StringMatches2
drwxrwxr-x   3 travis travis  61440 Jan  3 00:54 StringSimpleReplace
drwxrwxr-x   3 travis travis  65536 Jan  3 00:54 StringSubstring
drwxrwxr-x   3 travis travis  24576 Jan  3 00:54 StringSubstring2
drwxrwxr-x   3 travis travis  16384 Jan  3 00:54 time1
drwxrwxr-x   3 travis travis  12288 Jan  3 00:55 time5
-rw-rw-r--   1 travis travis    432 Jan  3 00:57 Token.class
-rw-rw-r--   1 travis travis    251 Jan  3 00:57 Token.java
-rwxrwxr-x   1 travis travis 466992 Jan  3 00:49 top
-rw-rw-r--   1 travis travis  20502 Jan  3 00:49 top.c
-rw-rw-r--   1 travis travis   3799 Jan  3 00:55 top.class
-rw-rw-r--   1 travis travis   1257 Jan  3 00:55 top.mk
In "/home/travis/cg", about to execute:
    javac -classpath
.:/home/travis/build/icyphy/ptII:/home/travis/build/icyphy/ptII/lib/bsh-2.0b4.j
ar:/home/travis/build/icyphy/ptII/lib/ptCal.jar:/home/travis/build/icyphy/ptII/
lib/java_cup.jar:/home/travis/build/icyphy/ptII/lib/saxon8.jar:/home/travis/bui
ld/icyphy/ptII/lib/saxon8-dom.jar:/home/travis/build/icyphy/ptII/lib/chic.jar:/
home/travis/build/icyphy/ptII/lib/ptcolt.jar:/home/travis/build/icyphy/ptII/ven
dors/misc/itext/iText.jar:/home/travis/build/icyphy/ptII/lib/g4ltl.jar:/home/tr
avis/build/icyphy/ptII/lib/StructuralCoder.jar:/home/travis/build/icyphy/ptII/l
ib/jcerti.jar:/home/travis/build/icyphy/ptII/lib/javax.mail.jar:/home/travis/bu
ild/icyphy/ptII/vendors/JMF-2.1.1e/lib/jmf.jar:/home/travis/build/icyphy/ptII/l
ib/jna-4.0.0-variadic.jar:/home/travis/build/icyphy/ptII/vendors/misc/joystick/
Joystick.jar:/home/travis/build/icyphy/ptII/lib/ptjacl.jar:/home/travis/build/i
cyphy/ptII/lib/jsoup-1.8.2.jar:/home/travis/build/icyphy/ptII/lib/junit-4.8.2.j
ar:/home/travis/build/icyphy/ptII/lib/JUnitParams-0.4.0.jar:/home/travis/build/
icyphy/ptII/ptolemy/actor/lib/excel/jxl.jar:/home/travis/build/icyphy/ptII/lib/
jython.jar:/home/travis/build/icyphy/ptII/lib/kieler.jar:/home/travis/build/icy
phy/ptII/vendors/opencv/share/OpenCV/java/opencv-341.jar:/home/travis/build/icy
phy/ptII/lib/oscP5.jar:/home/travis/build/icyphy/ptII/lib/nrjavaserial-3.11.0.d
evel.jar:/home/travis/build/icyphy/ptII/vendors/j3d/lib/Linux/j3dcore.jar:/home
/travis/build/icyphy/ptII/vendors/j3d/lib/Linux/j3dutils.jar:/home/travis/build
/icyphy/ptII/vendors/j3d/lib/Linux/vecmath.jar:/home/travis/build/icyphy/ptII/v
endors/jogl/lib/Linux/gluegen-rt-natives-linux-amd64.jar:/home/travis/build/icy
phy/ptII/vendors/jogl/lib/Linux/gluegen-rt.jar:/home/travis/build/icyphy/ptII/v
endors/jogl/lib/Linux/jogl-all-natives-linux-amd64.jar:/home/travis/build/icyph
y/ptII/vendors/jogl/lib/Linux/jogl-all.jar:/home/travis/build/icyphy/ptII/ptole
my/distributed/jini/jar/jini-core.jar:/home/travis/build/icyphy/ptII/ptolemy/di
stributed/jini/jar/jini-ext.jar:/home/travis/build/icyphy/ptII/ptolemy/distribu
ted/jini/jar/sun-util.jar:/home/travis/build/icyphy/ptII/lib/protobuf-java-2.4.
1.jar:/home/travis/build/icyphy/ptII/lib/org.eclipse.paho.client.mqttv3.jar:/ho
me/travis/build/icyphy/ptII/lib/mapss.jar:/home/travis/build/icyphy/ptII/ptolem
y/actor/ptalon/antlr/antlr.jar:/home/travis/build/icyphy/ptII/lib/JRI.jar:/home
/travis/build/icyphy/ptII/lib/commons-lang-2.6.jar:/home/travis/build/icyphy/pt
II/lib/commons-logging-1.1.1.jar:/home/travis/build/icyphy/ptII/lib/sootclasses
.jar:/home/travis/build/icyphy/ptII/ptolemy/actor/lib/database/mysql-connector-
java-5.1.6-bin.jar:/home/travis/build/icyphy/ptII/vendors/misc/sphinx4/sphinx4-
data-5prealpha.jar:/home/travis/build/icyphy/ptII/vendors/misc/sphinx4/sphinx4-
core-5prealpha.jar:/home/travis/build/icyphy/ptII/lib/PDFRenderer.jar:/home/tra
vis/build/icyphy/ptII/lib/svgSalamander.jar:/home/travis/build/icyphy/ptII/lib/
rsyntaxtextarea-2.6.0-SNAPSHOT.jar:/home/travis/build/icyphy/ptII/lib/hazelcast
-3.8.2.jar:/home/travis/build/icyphy/ptII/lib/jackson-annotations-2.9.0.jar:/ho
me/travis/build/icyphy/ptII/lib/jackson-core-2.9.3.jar:/home/travis/build/icyph
y/ptII/lib/jackson-databind-2.9.3.jar:/home/travis/build/icyphy/ptII/lib/netty-
buffer-4.1.19.Final.jar:/home/travis/build/icyphy/ptII/lib/netty-codec-4.1.19.F
inal.jar:/home/travis/build/icyphy/ptII/lib/netty-codec-dns-4.1.19.Final.jar:/h
ome/travis/build/icyphy/ptII/lib/netty-codec-http-4.1.19.Final.jar:/home/travis
/build/icyphy/ptII/lib/netty-codec-http2-4.1.19.Final.jar:/home/travis/build/ic
yphy/ptII/lib/netty-common-4.1.19.Final.jar:/home/travis/build/icyphy/ptII/lib/
netty-handler-4.1.19.Final.jar:/home/travis/build/icyphy/ptII/lib/netty-resolve
r-4.1.19.Final.jar:/home/travis/build/icyphy/ptII/lib/netty-resolver-dns-4.1.19
.Final.jar:/home/travis/build/icyphy/ptII/lib/netty-transport-4.1.19.Final.jar:
/home/travis/build/icyphy/ptII/lib/vertx-codegen-3.5.1.jar:/home/travis/build/i
cyphy/ptII/lib/vertx-core-3.5.2-SNAPSHOT.jar:/home/travis/build/icyphy/ptII/lib
/vertx-hazelcast-3.5.1.jar:/home/travis/build/icyphy/ptII/lib/vertx-lang-js-3.5
.1.jar:/home/travis/build/icyphy/ptII/lib/vertx-service-proxy-3.5.1.jar:/home/t
ravis/build/icyphy/ptII/lib/vertx-web-3.5.1.jar:/home/travis/build/icyphy/ptII/
lib/slf4j-api-1.7.13.jar:/home/travis/build/icyphy/ptII/lib/slf4j-simple-1.7.13
.jar:/home/travis/build/icyphy/ptII/lib/webcam-capture-0.3.12.jar:/home/travis/
build/icyphy/ptII/lib/bridj-0.7.0.jar:/home/travis/build/icyphy/ptII/lib/xbjlib
-1.1.0.nrjavaserial.jar:/home/travis/build/icyphy/ptII/ptolemy/moml/test:/home/
travis/build/icyphy/ptII/ant/lib/ant-launcher.jar:/home/travis/build/icyphy/ptI
I/ant/lib/ant.jar:/home/travis/build/icyphy/ptII/ant/lib/ant-junit.jar:/home/tr
avis/build/icyphy/ptII/ant/lib/ant-junit4.jar:/home/travis/build/icyphy/ptII
ModularCodeGenPubSub4_A1_profile.java
All Done
Writing ModularCodeGenPubSub4_A1.java in file:/home/travis/cg/ (9231 characters)
Reading "ptolemy/cg/kernel/generic/program/procedural/java/modular/makefile.in",
    writing "/home/travis/cg/ModularCodeGenPubSub4_A1.mk"
Using ptolemy/cg/kernel/generic/program/procedural/java/modular/makefile.in
In "/home/travis/cg", about to execute:
    make -f ModularCodeGenPubSub4_A1.mk
javac -classpath ".:.."    ModularCodeGenPubSub4_A1.java
All Done
5403 ms. Memory: 129024K Free: 38030K (29%)
----------------- Invoking toplevel() on ptolemy.moml.MoMLSimpleApplication@7dd125d
----------------- Done invoking toplevel() on ptolemy.moml.MoMLSimpleApplication@7dd125d
reloadAllAccessors: .ModularCodeGenPubSub4

===========================================================================================
----------------- testing Fri Jan 03 00:57:22 UTC 2020 /home/travis/build/icyphy/ptII/ptolemy/cg/lib/test/auto/PubSubAggLazy.xml
----------------- Instantiating /home/travis/build/icyphy/ptII/ptolemy/cg/lib/test/auto/PubSubAggLazy.xml
10 ms. Memory: 129024K Free: 32259K (25%)
----------------- Invoking toplevel() on ptolemy.moml.MoMLSimpleApplication@537f1e2d
----------------- Done invoking toplevel() on ptolemy.moml.MoMLSimpleApplication@537f1e2d
reloadAllAccessors: .PubSubAggLazy

===========================================================================================
----------------- testing Fri Jan 03 00:57:22 UTC 2020 /home/travis/build/icyphy/ptII/ptolemy/cg/lib/test/auto/PubSubAggModularCodeGen.xml
----------------- Instantiating /home/travis/build/icyphy/ptII/ptolemy/cg/lib/test/auto/PubSubAggModularCodeGen.xml
In "/home/travis/cg", about to execute:
    pwd
In "/home/travis/cg", about to execute:
    ls -l
/home/travis/cg
In "/home/travis/cg", about to execute:
    javac -classpath
.:/home/travis/build/icyphy/ptII:/home/travis/build/icyphy/ptII/lib/bsh-2.0b4.j
ar:/home/travis/build/icyphy/ptII/lib/ptCal.jar:/home/travis/build/icyphy/ptII/
lib/java_cup.jar:/home/travis/build/icyphy/ptII/lib/saxon8.jar:/home/travis/bui
ld/icyphy/ptII/lib/saxon8-dom.jar:/home/travis/build/icyphy/ptII/lib/chic.jar:/
home/travis/build/icyphy/ptII/lib/ptcolt.jar:/home/travis/build/icyphy/ptII/ven
dors/misc/itext/iText.jar:/home/travis/build/icyphy/ptII/lib/g4ltl.jar:/home/tr
avis/build/icyphy/ptII/lib/StructuralCoder.jar:/home/travis/build/icyphy/ptII/l
ib/jcerti.jar:/home/travis/build/icyphy/ptII/lib/javax.mail.jar:/home/travis/bu
ild/icyphy/ptII/vendors/JMF-2.1.1e/lib/jmf.jar:/home/travis/build/icyphy/ptII/l
ib/jna-4.0.0-variadic.jar:/home/travis/build/icyphy/ptII/vendors/misc/joystick/
Joystick.jar:/home/travis/build/icyphy/ptII/lib/ptjacl.jar:/home/travis/build/i
cyphy/ptII/lib/jsoup-1.8.2.jar:/home/travis/build/icyphy/ptII/lib/junit-4.8.2.j
ar:/home/travis/build/icyphy/ptII/lib/JUnitParams-0.4.0.jar:/home/travis/build/
icyphy/ptII/ptolemy/actor/lib/excel/jxl.jar:/home/travis/build/icyphy/ptII/lib/
jython.jar:/home/travis/build/icyphy/ptII/lib/kieler.jar:/home/travis/build/icy
phy/ptII/vendors/opencv/share/OpenCV/java/opencv-341.jar:/home/travis/build/icy
phy/ptII/lib/oscP5.jar:/home/travis/build/icyphy/ptII/lib/nrjavaserial-3.11.0.d
evel.jar:/home/travis/build/icyphy/ptII/vendors/j3d/lib/Linux/j3dcore.jar:/home
/travis/build/icyphy/ptII/vendors/j3d/lib/Linux/j3dutils.jar:/home/travis/build
/icyphy/ptII/vendors/j3d/lib/Linux/vecmath.jar:/home/travis/build/icyphy/ptII/v
endors/jogl/lib/Linux/gluegen-rt-natives-linux-amd64.jar:/home/travis/build/icy
phy/ptII/vendors/jogl/lib/Linux/gluegen-rt.jar:/home/travis/build/icyphy/ptII/v
endors/jogl/lib/Linux/jogl-all-natives-linux-amd64.jar:/home/travis/build/icyph
y/ptII/vendors/jogl/lib/Linux/jogl-all.jar:/home/travis/build/icyphy/ptII/ptole
my/distributed/jini/jar/jini-core.jar:/home/travis/build/icyphy/ptII/ptolemy/di
stributed/jini/jar/jini-ext.jar:/home/travis/build/icyphy/ptII/ptolemy/distribu
ted/jini/jar/sun-util.jar:/home/travis/build/icyphy/ptII/lib/protobuf-java-2.4.
1.jar:/home/travis/build/icyphy/ptII/lib/org.eclipse.paho.client.mqttv3.jar:/ho
me/travis/build/icyphy/ptII/lib/mapss.jar:/home/travis/build/icyphy/ptII/ptolem
y/actor/ptalon/antlr/antlr.jar:/home/travis/build/icyphy/ptII/lib/JRI.jar:/home
/travis/build/icyphy/ptII/lib/commons-lang-2.6.jar:/home/travis/build/icyphy/pt
II/lib/commons-logging-1.1.1.jar:/home/travis/build/icyphy/ptII/lib/sootclasses
.jar:/home/travis/build/icyphy/ptII/ptolemy/actor/lib/database/mysql-connector-
java-5.1.6-bin.jar:/home/travis/build/icyphy/ptII/vendors/misc/sphinx4/sphinx4-
data-5prealpha.jar:/home/travis/build/icyphy/ptII/vendors/misc/sphinx4/sphinx4-
core-5prealpha.jar:/home/travis/build/icyphy/ptII/lib/PDFRenderer.jar:/home/tra
vis/build/icyphy/ptII/lib/svgSalamander.jar:/home/travis/build/icyphy/ptII/lib/
rsyntaxtextarea-2.6.0-SNAPSHOT.jar:/home/travis/build/icyphy/ptII/lib/hazelcast
-3.8.2.jar:/home/travis/build/icyphy/ptII/lib/jackson-annotations-2.9.0.jar:/ho
me/travis/build/icyphy/ptII/lib/jackson-core-2.9.3.jar:/home/travis/build/icyph
y/ptII/lib/jackson-databind-2.9.3.jar:/home/travis/build/icyphy/ptII/lib/netty-
buffer-4.1.19.Final.jar:/home/travis/build/icyphy/ptII/lib/netty-codec-4.1.19.F
inal.jar:/home/travis/build/icyphy/ptII/lib/netty-codec-dns-4.1.19.Final.jar:/h
ome/travis/build/icyphy/ptII/lib/netty-codec-http-4.1.19.Final.jar:/home/travis
/build/icyphy/ptII/lib/netty-codec-http2-4.1.19.Final.jar:/home/travis/build/ic
yphy/ptII/lib/netty-common-4.1.19.Final.jar:/home/travis/build/icyphy/ptII/lib/
netty-handler-4.1.19.Final.jar:/home/travis/build/icyphy/ptII/lib/netty-resolve
r-4.1.19.Final.jar:/home/travis/build/icyphy/ptII/lib/netty-resolver-dns-4.1.19
.Final.jar:/home/travis/build/icyphy/ptII/lib/netty-transport-4.1.19.Final.jar:
/home/travis/build/icyphy/ptII/lib/vertx-codegen-3.5.1.jar:/home/travis/build/i
cyphy/ptII/lib/vertx-core-3.5.2-SNAPSHOT.jar:/home/travis/build/icyphy/ptII/lib
/vertx-hazelcast-3.5.1.jar:/home/travis/build/icyphy/ptII/lib/vertx-lang-js-3.5
.1.jar:/home/travis/build/icyphy/ptII/lib/vertx-service-proxy-3.5.1.jar:/home/t
ravis/build/icyphy/ptII/lib/vertx-web-3.5.1.jar:/home/travis/build/icyphy/ptII/
lib/slf4j-api-1.7.13.jar:/home/travis/build/icyphy/ptII/lib/slf4j-simple-1.7.13
.jar:/home/travis/build/icyphy/ptII/lib/webcam-capture-0.3.12.jar:/home/travis/
build/icyphy/ptII/lib/bridj-0.7.0.jar:/home/travis/build/icyphy/ptII/lib/xbjlib
-1.1.0.nrjavaserial.jar:/home/travis/build/icyphy/ptII/ptolemy/moml/test:/home/
travis/build/icyphy/ptII/ant/lib/ant-launcher.jar:/home/travis/build/icyphy/ptI
I/ant/lib/ant.jar:/home/travis/build/icyphy/ptII/ant/lib/ant-junit.jar:/home/tr
avis/build/icyphy/ptII/ant/lib/ant-junit4.jar:/home/travis/build/icyphy/ptII
PubSubAggModularCodeGen_ModularCodeGenTypedComposite_profile.java
total 2604
drwxrwxr-x   3 travis travis  12288 Jan  3 00:50 AbsoluteValue
drwxrwxr-x   3 travis travis 102400 Jan  3 00:49 AllColt
-rw-rw-r--   1 travis travis    233 Jan  3 00:57 Array.class
-rw-rw-r--   1 travis travis    459 Jan  3 00:57 Array.java
drwxrwxr-x   3 travis travis  12288 Jan  3 00:50 Case1
-rw-rw-r--   1 travis travis   5128 Jan  3 00:55 CompiledCompositeActor_CompiledCompositeActor.class
-rw-rw-r--   1 travis travis   1611 Jan  3 00:55 CompiledCompositeActor_CompiledCompositeActor$_CompiledCompositeActor_CompiledCompositeActor.class
-rw-rw-r--   1 travis travis  13466 Jan  3 00:55 CompiledCompositeActor_CompiledCompositeActor.java
-rw-rw-r--   1 travis travis   1593 Jan  3 00:55 CompiledCompositeActor_CompiledCompositeActor.mk
drwxrwxr-x   5 travis travis   4096 Jan  3 00:49 fmi
drwxrwxr-x   3 travis travis  16384 Jan  3 00:50 Gaussian2
-rw-rw-r--   1 travis travis   4684 Jan  3 00:55 JavaCompiledCompositeTest1_CompiledCompositeActor.class
-rw-rw-r--   1 travis travis  11637 Jan  3 00:55 JavaCompiledCompositeTest1_CompiledCompositeActor.java
-rw-rw-r--   1 travis travis   1217 Jan  3 00:55 JavaCompiledCompositeTest1_CompiledCompositeActor$_JavaCompiledCompositeTest1_CompiledCompositeActor.class
-rw-rw-r--   1 travis travis   1625 Jan  3 00:55 JavaCompiledCompositeTest1_CompiledCompositeActor.mk
-rw-rw-r--   1 travis travis   5115 Jan  3 00:55 JavaCompiledCompositeTest2_CompiledCompositeActor.class
-rw-rw-r--   1 travis travis  14919 Jan  3 00:55 JavaCompiledCompositeTest2_CompiledCompositeActor.java
-rw-rw-r--   1 travis travis   1812 Jan  3 00:55 JavaCompiledCompositeTest2_CompiledCompositeActor$_JavaCompiledCompositeTest2_CompiledCompositeActor.class
-rw-rw-r--   1 travis travis   1625 Jan  3 00:55 JavaCompiledCompositeTest2_CompiledCompositeActor.mk
-rw-rw-r--   1 travis travis   4732 Jan  3 00:55 JavaCompiledCompositeTest3_CompiledCompositeActor.class
-rw-rw-r--   1 travis travis  13080 Jan  3 00:55 JavaCompiledCompositeTest3_CompiledCompositeActor.java
-rw-rw-r--   1 travis travis   1397 Jan  3 00:55 JavaCompiledCompositeTest3_CompiledCompositeActor$_JavaCompiledCompositeTest3_CompiledCompositeActor.class
-rw-rw-r--   1 travis travis   1625 Jan  3 00:55 JavaCompiledCompositeTest3_CompiledCompositeActor.mk
-rw-rw-r--   1 travis travis   4183 Jan  3 00:55 JavaCompiledCompositeTest4_CompiledCompositeActor.class
-rw-rw-r--   1 travis travis   9687 Jan  3 00:55 JavaCompiledCompositeTest4_CompiledCompositeActor.java
-rw-rw-r--   1 travis travis    876 Jan  3 00:55 JavaCompiledCompositeTest4_CompiledCompositeActor$_JavaCompiledCompositeTest4_CompiledCompositeActor.class
-rw-rw-r--   1 travis travis   1625 Jan  3 00:55 JavaCompiledCompositeTest4_CompiledCompositeActor.mk
drwxrwxr-x   3 travis travis  12288 Jan  3 00:51 LookupTable
drwxrwxr-x   3 travis travis  20480 Jan  3 00:51 MaxIndex
-rw-rw-r--   1 travis travis   3925 Jan  3 00:55 ModularCG_A1_B1.class
-rw-rw-r--   1 travis travis   9730 Jan  3 00:55 ModularCG_A1_B1.java
-rw-rw-r--   1 travis travis    832 Jan  3 00:55 ModularCG_A1_B1.mk
-rw-rw-r--   1 travis travis   1318 Jan  3 00:55 ModularCG_A1_B1_profile.class
-rw-rw-r--   1 travis travis   1262 Jan  3 00:55 ModularCG_A1_B1_profile.java
-rw-rw-r--   1 travis travis   3925 Jan  3 00:55 ModularCG_A1_B2.class
-rw-rw-r--   1 travis travis   9730 Jan  3 00:55 ModularCG_A1_B2.java
-rw-rw-r--   1 travis travis    832 Jan  3 00:55 ModularCG_A1_B2.mk
-rw-rw-r--   1 travis travis   1318 Jan  3 00:55 ModularCG_A1_B2_profile.class
-rw-rw-r--   1 travis travis   1262 Jan  3 00:55 ModularCG_A1_B2_profile.java
-rw-rw-r--   1 travis travis   5031 Jan  3 00:55 ModularCG_A1.class
-rw-rw-r--   1 travis travis  14742 Jan  3 00:55 ModularCG_A1.java
-rw-rw-r--   1 travis travis    808 Jan  3 00:55 ModularCG_A1.mk
-rw-rw-r--   1 travis travis   1433 Jan  3 00:55 ModularCG_A1_profile.class
-rw-rw-r--   1 travis travis   1704 Jan  3 00:55 ModularCG_A1_profile.java
-rw-rw-r--   1 travis travis   4059 Jan  3 00:55 ModularCG_A2_B1.class
-rw-rw-r--   1 travis travis  10667 Jan  3 00:55 ModularCG_A2_B1.java
-rw-rw-r--   1 travis travis    832 Jan  3 00:55 ModularCG_A2_B1.mk
-rw-rw-r--   1 travis travis   1381 Jan  3 00:55 ModularCG_A2_B1_profile.class
-rw-rw-r--   1 travis travis   1446 Jan  3 00:55 ModularCG_A2_B1_profile.java
-rw-rw-r--   1 travis travis   3925 Jan  3 00:55 ModularCG_A2_B2.class
-rw-rw-r--   1 travis travis   9730 Jan  3 00:55 ModularCG_A2_B2.java
-rw-rw-r--   1 travis travis    832 Jan  3 00:55 ModularCG_A2_B2.mk
-rw-rw-r--   1 travis travis   1318 Jan  3 00:55 ModularCG_A2_B2_profile.class
-rw-rw-r--   1 travis travis   1262 Jan  3 00:55 ModularCG_A2_B2_profile.java
-rw-rw-r--   1 travis travis   5102 Jan  3 00:56 ModularCG_A2.class
-rw-rw-r--   1 travis travis  15129 Jan  3 00:56 ModularCG_A2.java
-rw-rw-r--   1 travis travis    808 Jan  3 00:56 ModularCG_A2.mk
-rw-rw-r--   1 travis travis   1433 Jan  3 00:56 ModularCG_A2_profile.class
-rw-rw-r--   1 travis travis   1704 Jan  3 00:55 ModularCG_A2_profile.java
-rw-rw-r--   1 travis travis   3705 Jan  3 00:56 ModularCGPubSub_A1_A2.class
-rw-rw-r--   1 travis travis   9076 Jan  3 00:56 ModularCGPubSub_A1_A2.java
-rw-rw-r--   1 travis travis    880 Jan  3 00:56 ModularCGPubSub_A1_A2.mk
-rw-rw-r--   1 travis travis   1300 Jan  3 00:56 ModularCGPubSub_A1_A2_profile.class
-rw-rw-r--   1 travis travis   1222 Jan  3 00:56 ModularCGPubSub_A1_A2_profile.java
-rw-rw-r--   1 travis travis   4022 Jan  3 00:56 ModularCGPubSub_A1.class
-rw-rw-r--   1 travis travis   9836 Jan  3 00:56 ModularCGPubSub_A1.java
-rw-rw-r--   1 travis travis    856 Jan  3 00:56 ModularCGPubSub_A1.mk
-rw-rw-r--   1 travis travis   1346 Jan  3 00:56 ModularCGPubSub_A1_profile.class
-rw-rw-r--   1 travis travis   1388 Jan  3 00:56 ModularCGPubSub_A1_profile.java
-rw-rw-r--   1 travis travis   4220 Jan  3 00:56 ModularCodeGen2_ModularCodeGenTypedCompositeActor.class
-rw-rw-r--   1 travis travis  11690 Jan  3 00:56 ModularCodeGen2_ModularCodeGenTypedCompositeActor.java
-rw-rw-r--   1 travis travis   1104 Jan  3 00:56 ModularCodeGen2_ModularCodeGenTypedCompositeActor.mk
-rw-rw-r--   1 travis travis   4504 Jan  3 00:56 ModularCodeGen2_ModularCodeGenTypedCompositeActor_ModularCodeGenTypedCompositeActor.class
-rw-rw-r--   1 travis travis  11790 Jan  3 00:56 ModularCodeGen2_ModularCodeGenTypedCompositeActor_ModularCodeGenTypedCompositeActor.java
-rw-rw-r--   1 travis travis   1376 Jan  3 00:56 ModularCodeGen2_ModularCodeGenTypedCompositeActor_ModularCodeGenTypedCompositeActor.mk
-rw-rw-r--   1 travis travis   1421 Jan  3 00:56 ModularCodeGen2_ModularCodeGenTypedCompositeActor_ModularCodeGenTypedCompositeActor_profile.class
-rw-rw-r--   1 travis travis   1294 Jan  3 00:56 ModularCodeGen2_ModularCodeGenTypedCompositeActor_ModularCodeGenTypedCompositeActor_profile.java
-rw-rw-r--   1 travis travis    820 Jan  3 00:56 ModularCodeGen2_ModularCodeGenTypedCompositeActor_profile.class
-rw-rw-r--   1 travis travis    693 Jan  3 00:56 ModularCodeGen2_ModularCodeGenTypedCompositeActor_profile.java
-rw-rw-r--   1 travis travis   3973 Jan  3 00:56 ModularCodeGen3_A1_B1.class
-rw-rw-r--   1 travis travis   9958 Jan  3 00:56 ModularCodeGen3_A1_B1.java
-rw-rw-r--   1 travis travis    880 Jan  3 00:56 ModularCodeGen3_A1_B1.mk
-rw-rw-r--   1 travis travis   1330 Jan  3 00:56 ModularCodeGen3_A1_B1_profile.class
-rw-rw-r--   1 travis travis   1274 Jan  3 00:56 ModularCodeGen3_A1_B1_profile.java
-rw-rw-r--   1 travis travis   3973 Jan  3 00:56 ModularCodeGen3_A1_B2.class
-rw-rw-r--   1 travis travis   9958 Jan  3 00:56 ModularCodeGen3_A1_B2.java
-rw-rw-r--   1 travis travis    880 Jan  3 00:56 ModularCodeGen3_A1_B2.mk
-rw-rw-r--   1 travis travis   1330 Jan  3 00:56 ModularCodeGen3_A1_B2_profile.class
-rw-rw-r--   1 travis travis   1274 Jan  3 00:56 ModularCodeGen3_A1_B2_profile.java
-rw-rw-r--   1 travis travis   5193 Jan  3 00:56 ModularCodeGen3_A1.class
-rw-rw-r--   1 travis travis  15564 Jan  3 00:56 ModularCodeGen3_A1.java
-rw-rw-r--   1 travis travis    856 Jan  3 00:56 ModularCodeGen3_A1.mk
-rw-rw-r--   1 travis travis   1445 Jan  3 00:56 ModularCodeGen3_A1_profile.class
-rw-rw-r--   1 travis travis   1716 Jan  3 00:56 ModularCodeGen3_A1_profile.java
-rw-rw-r--   1 travis travis   4119 Jan  3 00:56 ModularCodeGen3_A2_B1.class
-rw-rw-r--   1 travis travis  10955 Jan  3 00:56 ModularCodeGen3_A2_B1.java
-rw-rw-r--   1 travis travis    880 Jan  3 00:56 ModularCodeGen3_A2_B1.mk
-rw-rw-r--   1 travis travis   1393 Jan  3 00:56 ModularCodeGen3_A2_B1_profile.class
-rw-rw-r--   1 travis travis   1458 Jan  3 00:56 ModularCodeGen3_A2_B1_profile.java
-rw-rw-r--   1 travis travis   3973 Jan  3 00:56 ModularCodeGen3_A2_B2.class
-rw-rw-r--   1 travis travis   9958 Jan  3 00:56 ModularCodeGen3_A2_B2.java
-rw-rw-r--   1 travis travis    880 Jan  3 00:56 ModularCodeGen3_A2_B2.mk
-rw-rw-r--   1 travis travis   1330 Jan  3 00:56 ModularCodeGen3_A2_B2_profile.class
-rw-rw-r--   1 travis travis   1274 Jan  3 00:56 ModularCodeGen3_A2_B2_profile.java
-rw-rw-r--   1 travis travis   5270 Jan  3 00:56 ModularCodeGen3_A2.class
-rw-rw-r--   1 travis travis  15957 Jan  3 00:56 ModularCodeGen3_A2.java
-rw-rw-r--   1 travis travis    856 Jan  3 00:56 ModularCodeGen3_A2.mk
-rw-rw-r--   1 travis travis   1445 Jan  3 00:56 ModularCodeGen3_A2_profile.class
-rw-rw-r--   1 travis travis   1716 Jan  3 00:56 ModularCodeGen3_A2_profile.java
-rw-rw-r--   1 travis travis   4026 Jan  3 00:56 ModularCodeGen4_A1_B1.class
-rw-rw-r--   1 travis travis  10312 Jan  3 00:56 ModularCodeGen4_A1_B1.java
-rw-rw-r--   1 travis travis    880 Jan  3 00:56 ModularCodeGen4_A1_B1.mk
-rw-rw-r--   1 travis travis   1330 Jan  3 00:56 ModularCodeGen4_A1_B1_profile.class
-rw-rw-r--   1 travis travis   1273 Jan  3 00:56 ModularCodeGen4_A1_B1_profile.java
-rw-rw-r--   1 travis travis   4026 Jan  3 00:56 ModularCodeGen4_A1_B2.class
-rw-rw-r--   1 travis travis  10312 Jan  3 00:56 ModularCodeGen4_A1_B2.java
-rw-rw-r--   1 travis travis    880 Jan  3 00:56 ModularCodeGen4_A1_B2.mk
-rw-rw-r--   1 travis travis   1330 Jan  3 00:56 ModularCodeGen4_A1_B2_profile.class
-rw-rw-r--   1 travis travis   1273 Jan  3 00:56 ModularCodeGen4_A1_B2_profile.java
-rw-rw-r--   1 travis travis   5333 Jan  3 00:56 ModularCodeGen4_A1.class
-rw-rw-r--   1 travis travis  16245 Jan  3 00:56 ModularCodeGen4_A1.java
-rw-rw-r--   1 travis travis    856 Jan  3 00:56 ModularCodeGen4_A1.mk
-rw-rw-r--   1 travis travis   1445 Jan  3 00:56 ModularCodeGen4_A1_profile.class
-rw-rw-r--   1 travis travis   1712 Jan  3 00:56 ModularCodeGen4_A1_profile.java
-rw-rw-r--   1 travis travis   4220 Jan  3 00:56 ModularCodeGen4_A2_B1.class
-rw-rw-r--   1 travis travis  11375 Jan  3 00:56 ModularCodeGen4_A2_B1.java
-rw-rw-r--   1 travis travis    880 Jan  3 00:56 ModularCodeGen4_A2_B1.mk
-rw-rw-r--   1 travis travis   1393 Jan  3 00:56 ModularCodeGen4_A2_B1_profile.class
-rw-rw-r--   1 travis travis   1454 Jan  3 00:56 ModularCodeGen4_A2_B1_profile.java
-rw-rw-r--   1 travis travis   4074 Jan  3 00:56 ModularCodeGen4_A2_B2.class
-rw-rw-r--   1 travis travis  10378 Jan  3 00:56 ModularCodeGen4_A2_B2.java
-rw-rw-r--   1 travis travis    880 Jan  3 00:56 ModularCodeGen4_A2_B2.mk
-rw-rw-r--   1 travis travis   1330 Jan  3 00:56 ModularCodeGen4_A2_B2_profile.class
-rw-rw-r--   1 travis travis   1270 Jan  3 00:56 ModularCodeGen4_A2_B2_profile.java
-rw-rw-r--   1 travis travis   5506 Jan  3 00:56 ModularCodeGen4_A2.class
-rw-rw-r--   1 travis travis  16770 Jan  3 00:56 ModularCodeGen4_A2.java
-rw-rw-r--   1 travis travis    856 Jan  3 00:56 ModularCodeGen4_A2.mk
-rw-rw-r--   1 travis travis   1445 Jan  3 00:56 ModularCodeGen4_A2_profile.class
-rw-rw-r--   1 travis travis   1712 Jan  3 00:56 ModularCodeGen4_A2_profile.java
-rw-rw-r--   1 travis travis   7070 Jan  3 00:56 ModularCodeGen5_A_A.class
-rw-rw-r--   1 travis travis  28721 Jan  3 00:56 ModularCodeGen5_A_A.java
-rw-rw-r--   1 travis travis    864 Jan  3 00:56 ModularCodeGen5_A_A.mk
-rw-rw-r--   1 travis travis   1520 Jan  3 00:56 ModularCodeGen5_A_A_profile.class
-rw-rw-r--   1 travis travis   1815 Jan  3 00:56 ModularCodeGen5_A_A_profile.java
-rw-rw-r--   1 travis travis   5347 Jan  3 00:56 ModularCodeGen5_A.class
-rw-rw-r--   1 travis travis  13769 Jan  3 00:56 ModularCodeGen5_A.java
-rw-rw-r--   1 travis travis    848 Jan  3 00:56 ModularCodeGen5_A.mk
-rw-rw-r--   1 travis travis   1422 Jan  3 00:56 ModularCodeGen5_A_profile.class
-rw-rw-r--   1 travis travis   1605 Jan  3 00:56 ModularCodeGen5_A_profile.java
-rw-rw-r--   1 travis travis   4357 Jan  3 00:56 ModularCodeGen6_A_A2.class
-rw-rw-r--   1 travis travis  11329 Jan  3 00:56 ModularCodeGen6_A_A2.java
-rw-rw-r--   1 travis travis    872 Jan  3 00:56 ModularCodeGen6_A_A2.mk
-rw-rw-r--   1 travis travis   1351 Jan  3 00:56 ModularCodeGen6_A_A2_profile.class
-rw-rw-r--   1 travis travis   1364 Jan  3 00:56 ModularCodeGen6_A_A2_profile.java
-rw-rw-r--   1 travis travis   4340 Jan  3 00:56 ModularCodeGen6_A_A.class
-rw-rw-r--   1 travis travis  11221 Jan  3 00:56 ModularCodeGen6_A_A.java
-rw-rw-r--   1 travis travis    864 Jan  3 00:56 ModularCodeGen6_A_A.mk
-rw-rw-r--   1 travis travis   1348 Jan  3 00:56 ModularCodeGen6_A_A_profile.class
-rw-rw-r--   1 travis travis   1361 Jan  3 00:56 ModularCodeGen6_A_A_profile.java
-rw-rw-r--   1 travis travis   7469 Jan  3 00:56 ModularCodeGen6_A.class
-rw-rw-r--   1 travis travis  26535 Jan  3 00:56 ModularCodeGen6_A.java
-rw-rw-r--   1 travis travis    848 Jan  3 00:56 ModularCodeGen6_A.mk
-rw-rw-r--   1 travis travis   1483 Jan  3 00:56 ModularCodeGen6_A_profile.class
-rw-rw-r--   1 travis travis   1810 Jan  3 00:56 ModularCodeGen6_A_profile.java
-rw-rw-r--   1 travis travis   9633 Jan  3 00:57 ModularCodeGenLazyPubSubGlobal_CompositeActor_ModularCodeGenTypedComposite.class
-rw-rw-r--   1 travis travis  30161 Jan  3 00:57 ModularCodeGenLazyPubSubGlobal_CompositeActor_ModularCodeGenTypedComposite.java
-rw-rw-r--   1 travis travis   1304 Jan  3 00:57 ModularCodeGenLazyPubSubGlobal_CompositeActor_ModularCodeGenTypedComposite.mk
-rw-rw-r--   1 travis travis   1438 Jan  3 00:57 ModularCodeGenLazyPubSubGlobal_CompositeActor_ModularCodeGenTypedComposite_profile.class
-rw-rw-r--   1 travis travis   1384 Jan  3 00:57 ModularCodeGenLazyPubSubGlobal_CompositeActor_ModularCodeGenTypedComposite_profile.java
-rw-rw-r--   1 travis travis   4184 Jan  3 00:57 ModularCodeGenLazyPubSub_LazyCompositeActor.class
-rw-rw-r--   1 travis travis  11122 Jan  3 00:57 ModularCodeGenLazyPubSub_LazyCompositeActor.java
-rw-rw-r--   1 travis travis   1056 Jan  3 00:57 ModularCodeGenLazyPubSub_LazyCompositeActor.mk
-rw-rw-r--   1 travis travis   1286 Jan  3 00:57 ModularCodeGenLazyPubSub_LazyCompositeActor_profile.class
-rw-rw-r--   1 travis travis   1091 Jan  3 00:56 ModularCodeGenLazyPubSub_LazyCompositeActor_profile.java
-rw-rw-r--   1 travis travis   4186 Jan  3 00:56 ModularCodeGen_ModularCodeGenTypedCompositeActor.class
-rw-rw-r--   1 travis travis  10970 Jan  3 00:56 ModularCodeGen_ModularCodeGenTypedCompositeActor.java
-rw-rw-r--   1 travis travis   1096 Jan  3 00:56 ModularCodeGen_ModularCodeGenTypedCompositeActor.mk
-rw-rw-r--   1 travis travis   1384 Jan  3 00:56 ModularCodeGen_ModularCodeGenTypedCompositeActor_profile.class
-rw-rw-r--   1 travis travis   1328 Jan  3 00:56 ModularCodeGen_ModularCodeGenTypedCompositeActor_profile.java
-rw-rw-r--   1 travis travis   3673 Jan  3 00:57 ModularCodeGenPubSub2_A1_A.class
-rw-rw-r--   1 travis travis   8578 Jan  3 00:57 ModularCodeGenPubSub2_A1_A.java
-rw-rw-r--   1 travis travis    920 Jan  3 00:57 ModularCodeGenPubSub2_A1_A.mk
-rw-rw-r--   1 travis travis   1274 Jan  3 00:57 ModularCodeGenPubSub2_A1_A_profile.class
-rw-rw-r--   1 travis travis   1128 Jan  3 00:57 ModularCodeGenPubSub2_A1_A_profile.java
-rw-rw-r--   1 travis travis   3965 Jan  3 00:57 ModularCodeGenPubSub2_A1.class
-rw-rw-r--   1 travis travis   9781 Jan  3 00:57 ModularCodeGenPubSub2_A1.java
-rw-rw-r--   1 travis travis    904 Jan  3 00:57 ModularCodeGenPubSub2_A1.mk
-rw-rw-r--   1 travis travis   1268 Jan  3 00:57 ModularCodeGenPubSub2_A1_profile.class
-rw-rw-r--   1 travis travis   1196 Jan  3 00:57 ModularCodeGenPubSub2_A1_profile.java
-rw-rw-r--   1 travis travis   3669 Jan  3 00:57 ModularCodeGenPubSub3_A1_A2.class
-rw-rw-r--   1 travis travis   8599 Jan  3 00:57 ModularCodeGenPubSub3_A1_A2.java
-rw-rw-r--   1 travis travis    928 Jan  3 00:57 ModularCodeGenPubSub3_A1_A2.mk
-rw-rw-r--   1 travis travis   1287 Jan  3 00:57 ModularCodeGenPubSub3_A1_A2_profile.class
-rw-rw-r--   1 travis travis   1132 Jan  3 00:57 ModularCodeGenPubSub3_A1_A2_profile.java
-rw-rw-r--   1 travis travis   4088 Jan  3 00:57 ModularCodeGenPubSub3_A1.class
-rw-rw-r--   1 travis travis  10100 Jan  3 00:57 ModularCodeGenPubSub3_A1.java
-rw-rw-r--   1 travis travis    904 Jan  3 00:57 ModularCodeGenPubSub3_A1.mk
-rw-rw-r--   1 travis travis   1358 Jan  3 00:57 ModularCodeGenPubSub3_A1_profile.class
-rw-rw-r--   1 travis travis   1400 Jan  3 00:57 ModularCodeGenPubSub3_A1_profile.java
-rw-rw-r--   1 travis travis   3673 Jan  3 00:57 ModularCodeGenPubSub4_A1_A.class
-rw-rw-r--   1 travis travis   8578 Jan  3 00:57 ModularCodeGenPubSub4_A1_A.java
-rw-rw-r--   1 travis travis    920 Jan  3 00:57 ModularCodeGenPubSub4_A1_A.mk
-rw-rw-r--   1 travis travis   1274 Jan  3 00:57 ModularCodeGenPubSub4_A1_A_profile.class
-rw-rw-r--   1 travis travis   1128 Jan  3 00:57 ModularCodeGenPubSub4_A1_A_profile.java
-rw-rw-r--   1 travis travis   3915 Jan  3 00:57 ModularCodeGenPubSub4_A1.class
-rw-rw-r--   1 travis travis   9231 Jan  3 00:57 ModularCodeGenPubSub4_A1.java
-rw-rw-r--   1 travis travis    904 Jan  3 00:57 ModularCodeGenPubSub4_A1.mk
-rw-rw-r--   1 travis travis   1247 Jan  3 00:57 ModularCodeGenPubSub4_A1_profile.class
-rw-rw-r--   1 travis travis   1137 Jan  3 00:57 ModularCodeGenPubSub4_A1_profile.java
-rw-rw-r--   1 travis travis   3707 Jan  3 00:57 ModularCodeGenPubSub_A1.class
-rw-rw-r--   1 travis travis   9060 Jan  3 00:57 ModularCodeGenPubSub_A1.java
-rw-rw-r--   1 travis travis    896 Jan  3 00:57 ModularCodeGenPubSub_A1.mk
-rw-rw-r--   1 travis travis   1278 Jan  3 00:57 ModularCodeGenPubSub_A1_profile.class
-rw-rw-r--   1 travis travis   1195 Jan  3 00:57 ModularCodeGenPubSub_A1_profile.java
-rw-rw-r--   1 travis travis   3724 Jan  3 00:55 ModularCodeGenTest_A1_A2.class
-rw-rw-r--   1 travis travis   9164 Jan  3 00:55 ModularCodeGenTest_A1_A2.java
-rw-rw-r--   1 travis travis   1306 Jan  3 00:55 ModularCodeGenTest_A1_A2_profile.class
-rw-rw-r--   1 travis travis   4055 Jan  3 00:55 ModularCodeGenTest_A1.class
-rw-rw-r--   1 travis travis   9968 Jan  3 00:55 ModularCodeGenTest_A1.java
-rw-rw-r--   1 travis travis    880 Jan  3 00:55 ModularCodeGenTest_A1.mk
-rw-rw-r--   1 travis travis   1352 Jan  3 00:55 ModularCodeGenTest_A1_profile.class
-rw-rw-r--   1 travis travis   1394 Jan  3 00:55 ModularCodeGenTest_A1_profile.java
drwxrwxr-x   3 travis travis  32768 Jan  3 00:55 modulation2
drwxrwxr-x 116 travis travis  12288 Jan  3 00:55 node_modules
drwxrwxr-x   3 travis travis  20480 Jan  3 00:51 PhaseUnwrap
-rw-rw-r--   1 travis travis   1007 Jan  3 00:57 PubSubAggModularCodeGen_ModularCodeGenTypedComposite_profile.java
drwxrwxr-x   3 travis travis  12288 Jan  3 00:51 ReadFile1
-rw-rw-r--   1 travis travis     11 Jan  3 00:51 ReadFile1Output.txt
-rw-rw-r--   1 travis travis  13773 Jan  3 00:55 Repeat.class
-rw-rw-r--   1 travis travis    685 Jan  3 00:55 Repeat$_fireFunction_Repeat_Repeat$__f_sL_11.class
-rw-rw-r--   1 travis travis    541 Jan  3 00:55 Repeat$_fireFunction_Repeat_Repeat$__f_sL_12.class
-rw-rw-r--   1 travis travis    541 Jan  3 00:55 Repeat$_fireFunction_Repeat_Repeat$__f_sL_13.class
-rw-rw-r--   1 travis travis    541 Jan  3 00:55 Repeat$_fireFunction_Repeat_Repeat$__f_sL_14.class
-rw-rw-r--   1 travis travis    684 Jan  3 00:55 Repeat$_fireFunction_Repeat_Repeat$__f_sL_1.class
-rw-rw-r--   1 travis travis    683 Jan  3 00:55 Repeat$_fireFunction_Repeat_Repeat$__f_sL_4.class
-rw-rw-r--   1 travis travis    539 Jan  3 00:55 Repeat$_fireFunction_Repeat_Repeat$__f_sL_9.class
-rw-rw-r--   1 travis travis    494 Jan  3 00:55 Repeat$_initialize_Repeat$__i_sL_2.class
-rw-rw-r--   1 travis travis   1281 Jan  3 00:55 Repeat.mk
-rw-rw-r--   1 travis travis    539 Jan  3 00:55 Repeat$_preinitializeMethod_Repeat$__p_sL_0.class
-rw-rw-r--   1 travis travis   1102 Jan  3 00:55 Repeat$_Repeat$_fireFunction_Repeat_AddSubtract_Repeat.class
-rw-rw-r--   1 travis travis    810 Jan  3 00:55 Repeat$_Repeat$_fireFunction_Repeat_AddSubtract_Repeat$__f_sL_0.class
-rw-rw-r--   1 travis travis    928 Jan  3 00:55 Repeat$_Repeat$_fireFunction_Repeat_AddSubtract_Repeat$__f_sL_1.class
-rw-rw-r--   1 travis travis    934 Jan  3 00:55 Repeat$_Repeat$_fireFunction_Repeat_AddSubtract_Repeat$__f_sL_2.class
-rw-rw-r--   1 travis travis    862 Jan  3 00:55 Repeat$_Repeat$_fireFunction_Repeat_AddSubtract_Repeat$__f_sL_3.class
-rw-rw-r--   1 travis travis    757 Jan  3 00:55 Repeat$_Repeat$_fireFunction_Repeat_Ramp2_Repeat$__f_sL_0.class
-rw-rw-r--   1 travis travis    888 Jan  3 00:55 Repeat$_Repeat$_fireFunction_Repeat_Test_Repeat$__f_sL_0.class
-rw-rw-r--   1 travis travis    634 Jan  3 00:55 Repeat$_Repeat$_fireFunction_Repeat_Test_Repeat$__f_sL_1.class
-rw-rw-r--   1 travis travis    704 Jan  3 00:55 Repeat$_Repeat_SDF_Director_run_Repeat$__R_sL_0.class
-rw-rw-r--   1 travis travis    705 Jan  3 00:55 Repeat$_Repeat_SDF_Director_run_Repeat$__R_sL_11.class
-rw-rw-r--   1 travis travis    561 Jan  3 00:55 Repeat$_Repeat_SDF_Director_run_Repeat$__R_sL_13.class
-rw-rw-r--   1 travis travis    559 Jan  3 00:55 Repeat$_Repeat_SDF_Director_run_Repeat$__R_sL_2.class
-rw-rw-r--   1 travis travis    703 Jan  3 00:55 Repeat$_Repeat_SDF_Director_run_Repeat$__R_sL_3.class
-rw-rw-r--   1 travis travis    559 Jan  3 00:55 Repeat$_Repeat_SDF_Director_run_Repeat$__R_sL_5.class
-rw-rw-r--   1 travis travis    559 Jan  3 00:55 Repeat$_Repeat_SDF_Director_run_Repeat$__R_sL_8.class
drwxrwxr-x   2 travis travis   4096 Jan  3 00:55 RepeatVariables
-rw-rw-r--   1 travis travis    882 Jan  3 00:55 Repeat$_varinit_Repeat.class
-rw-rw-r--   1 travis travis    550 Jan  3 00:55 Repeat$_varinit_Repeat$__v_sL_2.class
-rw-rw-r--   1 travis travis    924 Jan  3 00:55 Repeat$_varinit_Repeat$__v_sL_4.class
-rw-rw-r--   1 travis travis    978 Jan  3 00:55 Repeat$_wrapup_Repeat$__w_sL_1.class
drwxrwxr-x   3 travis travis  20480 Jan  3 00:52 Sinewave
drwxrwxr-x   3 travis travis  32768 Jan  3 00:53 StringFunction
drwxrwxr-x   3 travis travis  12288 Jan  3 00:53 StringLength
drwxrwxr-x   3 travis travis  61440 Jan  3 00:53 StringMatches2
drwxrwxr-x   3 travis travis  61440 Jan  3 00:54 StringSimpleReplace
drwxrwxr-x   3 travis travis  65536 Jan  3 00:54 StringSubstring
drwxrwxr-x   3 travis travis  24576 Jan  3 00:54 StringSubstring2
drwxrwxr-x   3 travis travis  16384 Jan  3 00:54 time1
drwxrwxr-x   3 travis travis  12288 Jan  3 00:55 time5
-rw-rw-r--   1 travis travis    432 Jan  3 00:57 Token.class
-rw-rw-r--   1 travis travis    251 Jan  3 00:57 Token.java
-rwxrwxr-x   1 travis travis 466992 Jan  3 00:49 top
-rw-rw-r--   1 travis travis  20502 Jan  3 00:49 top.c
-rw-rw-r--   1 travis travis   3799 Jan  3 00:55 top.class
-rw-rw-r--   1 travis travis   1257 Jan  3 00:55 top.mk
All Done
Writing PubSubAggModularCodeGen_ModularCodeGenTypedComposite.java in file:/home/travis/cg/ (27850 characters)
Reading "ptolemy/cg/kernel/generic/program/procedural/java/modular/makefile.in",
    writing "/home/travis/cg/PubSubAggModularCodeGen_ModularCodeGenTypedComposite.mk"
Using ptolemy/cg/kernel/generic/program/procedural/java/modular/makefile.in
In "/home/travis/cg", about to execute:
    make -f PubSubAggModularCodeGen_ModularCodeGenTypedComposite.mk
javac -classpath ".:.."    PubSubAggModularCodeGen_ModularCodeGenTypedComposite.java
All Done
2837 ms. Memory: 129024K Free: 60614K (47%)
----------------- Invoking toplevel() on ptolemy.moml.MoMLSimpleApplication@5cd61ea
----------------- Done invoking toplevel() on ptolemy.moml.MoMLSimpleApplication@5cd61ea
reloadAllAccessors: .PubSubAggModularCodeGen

===========================================================================================
----------------- testing Fri Jan 03 00:57:25 UTC 2020 /home/travis/build/icyphy/ptII/ptolemy/cg/lib/test/auto/PubSubAggTypedComposite.xml
----------------- Instantiating /home/travis/build/icyphy/ptII/ptolemy/cg/lib/test/auto/PubSubAggTypedComposite.xml
4 ms. Memory: 129024K Free: 53657K (42%)
----------------- Invoking toplevel() on ptolemy.moml.MoMLSimpleApplication@5fedd30b
----------------- Done invoking toplevel() on ptolemy.moml.MoMLSimpleApplication@5fedd30b
reloadAllAccessors: .PubSubAggTypedComposite

===========================================================================================
----------------- testing Fri Jan 03 00:57:25 UTC 2020 /home/travis/build/icyphy/ptII/ptolemy/cg/lib/test/auto/PubSubAggTypedCompositeWidth2.xml
----------------- Instantiating /home/travis/build/icyphy/ptII/ptolemy/cg/lib/test/auto/PubSubAggTypedCompositeWidth2.xml
6 ms. Memory: 129024K Free: 45465K (35%)
----------------- Invoking toplevel() on ptolemy.moml.MoMLSimpleApplication@5e03af31
----------------- Done invoking toplevel() on ptolemy.moml.MoMLSimpleApplication@5e03af31
reloadAllAccessors: .PubSubAggTypedCompositeWidth2

===========================================================================================
----------------- testing Fri Jan 03 00:57:25 UTC 2020 /home/travis/build/icyphy/ptII/ptolemy/cg/lib/test/auto/ScaleJava.xml
----------------- Instantiating /home/travis/build/icyphy/ptII/ptolemy/cg/lib/test/auto/ScaleJava.xml
CompiledCompositeActor: Building shared object: The sharedObjectFile has a modification time that is earlier than the modelFile modification time.
Writing ScaleJava_EmbeddedActor.java in file:/home/travis/cg/ (9202 characters)
Reading "ptolemy/cg/kernel/generic/program/procedural/java/makefile.in",
    writing "/home/travis/cg/ScaleJava_EmbeddedActor.mk"
Using ptolemy/cg/kernel/generic/program/procedural/java/makefile.in
In "/home/travis/cg", about to execute:
    make -f ScaleJava_EmbeddedActor.mk
javac -classpath ".:."    ScaleJava_EmbeddedActor.java
All Done
937 ms. Memory: 129024K Free: 30834K (24%)
----------------- Invoking toplevel() on ptolemy.moml.MoMLSimpleApplication@4eb0e6e2
----------------- Done invoking toplevel() on ptolemy.moml.MoMLSimpleApplication@4eb0e6e2
reloadAllAccessors: .ScaleJava
AutoTests.java: About to close Vertx.
AutoTests.java: Vertx closed.
]]></system-out>
  <system-err><![CDATA[]]></system-err>
</testsuite>
