<?xml version="1.0" encoding="UTF-8" ?>
<testsuite errors="0" failures="0" hostname="travis-job-f081e4de-4315-49d7-8ab3-e72f0748af20" name="ptolemy.domains.dt.kernel.test.junit.JUnitTclTest" skipped="0" tests="43" time="2.504" timestamp="2018-06-05T16:50:37">
  <properties>
    <property name="npm.executable" value="npm" />
    <property name="file.encoding.pkg" value="sun.io" />
    <property name="ptII.mk.exists" value="true" />
    <property name="env.rvm_bin_path" value="/home/travis/.rvm/bin" />
    <property name="java.home" value="/usr/lib/jvm/java-8-oracle/jre" />
    <property name="env.TRAVIS_JOB_NUMBER" value="522.8" />
    <property name="env.DISPLAY" value=":99.0" />
    <property name="java.net.preferIPv4Stack" value="true" />
    <property name="env.SSH_TTY" value="/dev/pts/0" />
    <property name="env.RUN_TESTS" value="true" />
    <property name="timeout.short" value="1000000" />
    <property name="env.TRAVIS_STACK_NODE_ATTRIBUTES" value="/.node-attributes.yml" />
    <property name="junit.formatter" value="xml" />
    <property name="java.endorsed.dirs" value="/usr/lib/jvm/java-8-oracle/jre/lib/endorsed" />
    <property name="env.TRAVIS_SUDO" value="true" />
    <property name="env.LOGNAME" value="travis" />
    <property name="jsdoc.home" value="node_modules/@terraswarm/jsdoc" />
    <property name="debuglevel" value="source,lines,vars" />
    <property name="checkstyle.formatter" value="xml" />
    <property name="bin.vergil.makeable" value="true" />
    <property name="env._system_version" value="14.04" />
    <property name="sun.os.patch.level" value="unknown" />
    <property name="java.vendor.url" value="http://java.oracle.com/" />
    <property name="java.version" value="1.8.0_151" />
    <property name="env.TZ" value="UTC" />
    <property name="env.PT_NO_NET" value="true" />
    <property name="env.TRAVIS_PULL_REQUEST_SHA" value="" />
    <property name="env.TRAVIS_SECURE_ENV_VARS" value="true" />
    <property name="env._system_type" value="Linux" />
    <property name="java.vendor.url.bug" value="http://bugreport.sun.com/bugreport/" />
    <property name="env.SSH_CLIENT" value="10.10.16.9 41730 22" />
    <property name="npmjs-org-is-up" value="true" />
    <property name="env.GEM_HOME" value="/home/travis/.rvm/gems/ruby-2.4.1" />
    <property name="env.HAS_ANTARES_THREE_LITTLE_FRONZIES_BADGE" value="true" />
    <property name="env.PS4" value="+" />
    <property name="ant.project.invoked-targets" value="build,test.core2.xml" />
    <property name="env.TRAVIS_PULL_REQUEST_BRANCH" value="" />
    <property name="env.TRAVIS_REPO_SLUG" value="icyphy/ptII" />
    <property name="node.in.path" value="true" />
    <property name="java.maxmemory" value="1400m" />
    <property name="env.RUBY_VERSION" value="ruby-2.4.1" />
    <property name="user.name" value="travis" />
    <property name="env.LANG" value="en_US.UTF-8" />
    <property name="sun.io.unicode.encoding" value="UnicodeLittle" />
    <property name="sun.jnu.encoding" value="UTF-8" />
    <property name="java.runtime.name" value="Java(TM) SE Runtime Environment" />
    <property name="usefile" value="false" />
    <property name="return.code" value="0" />
    <property name="junit.single.formatter" value="plain" />
    <property name="env.DYLD_LIBRARY_PATH" value="/home/travis/pthla/certi-tools/lib:" />
    <property name="env.DEBIAN_FRONTEND" value="noninteractive" />
    <property name="env.SSH_CONNECTION" value="10.10.16.9 41730 10.20.0.29 22" />
    <property name="env.MYSQL_UNIX_PORT" value="/var/run/mysqld/mysqld.sock" />
    <property name="env.TRAVIS_ALLOW_FAILURE" value="false" />
    <property name="env.LC_ALL" value="en_US.UTF-8" />
    <property name="java.specification.name" value="Java Platform API Specification" />
    <property name="node.works" value="true" />
    <property name="user.timezone" value="" />
    <property name="path.separator" value=":" />
    <property name="env.PYTHON_CFLAGS" value="-g -fstack-protector --param=ssp-buffer-size=4 -Wformat -Werror=format-security" />
    <property name="timeout.long" value="4000000" />
    <property name="env.CERTI_HOME" value="/home/travis/pthla/certi-tools" />
    <property name="file.encoding" value="UTF-8" />
    <property name="ant.file.ptII" value="/home/travis/build/icyphy/ptII/build.xml" />
    <property name="javadoc.packagenames" value="com.*,diva.*,lbnl.*,org.hlacerti.*,org.json.*,org.ptolemy.*,org.terraswarm.*,ptolemy.*,ptserver.*" />
    <property name="env.TRAVIS_PULL_REQUEST_SLUG" value="" />
    <property name="ant.project.default-target" value="build" />
    <property name="env.GIT_ASKPASS" value="echo" />
    <property name="env.HOME" value="/home/travis" />
    <property name="sun.java.command" value="org.apache.tools.ant.taskdefs.optional.junit.JUnitTestRunner ptolemy.domains.dt.kernel.test.junit.JUnitTclTest skipNonTests=false filtertrace=true haltOnError=false haltOnFailure=false formatter=org.apache.tools.ant.taskdefs.optional.junit.OutErrSummaryJUnitResultFormatter showoutput=true outputtoformatters=true logfailedtests=true threadid=0 logtestlistenerevents=false formatter=org.apache.tools.ant.taskdefs.optional.junit.XMLJUnitResultFormatter,/home/travis/build/icyphy/ptII/reports/junit/TEST-ptolemy.domains.dt.kernel.test.junit.JUnitTclTest.xml crashfile=/home/travis/build/icyphy/ptII/junitvmwatcher5713625670578361770.properties propsfile=/home/travis/build/icyphy/ptII/junit4137660765687762391.properties" />
    <property name="env.MANPATH" value="/home/travis/.nvm/versions/node/v7.10.1/share/man:/home/travis/.kiex/elixirs/elixir-1.4.5/man:/home/travis/.rvm/rubies/ruby-2.4.1/share/man:/usr/local/man:/usr/local/cmake-3.9.2/man:/usr/local/clang-5.0.0/share/man:/usr/local/share/man:/usr/share/man:/home/travis/.rvm/man" />
    <property name="env.COMPOSER_NO_INTERACTION" value="1" />
    <property name="env.JDK_SWITCHER_DEFAULT" value="oraclejdk8" />
    <property name="ant.file" value="/home/travis/build/icyphy/ptII/build.xml" />
    <property name="env.TRAVIS_COMMIT_RANGE" value="a855ed22d222...dccaa2fd0832" />
    <property name="env._system_name" value="Ubuntu" />
    <property name="timeout" value="2400000" />
    <property name="ptII.classpath.optional.property" value="/home/travis/build/icyphy/ptII/lib/bsh-2.0b4.jar:/home/travis/build/icyphy/ptII/lib/ptCal.jar:/home/travis/build/icyphy/ptII/lib/java_cup.jar:/home/travis/build/icyphy/ptII/lib/saxon8.jar:/home/travis/build/icyphy/ptII/lib/saxon8-dom.jar:/home/travis/build/icyphy/ptII/lib/chic.jar:/home/travis/build/icyphy/ptII/lib/ptcolt.jar:/usr/lib/jvm/java-8-oracle/lib/tools.jar:/usr/lib/eclipse/plugins/org.eclipse.jdt.core_3.8.2.dist.jar:/usr/lib/eclipse/plugins/org.eclipse.core.runtime_3.8.0.dist.jar:/usr/lib/eclipse/plugins/org.eclipse.osgi_3.8.1.dist.jar:/usr/lib/eclipse/plugins/org.eclipse.core.resources_3.8.1.dist.jar:/usr/lib/eclipse/plugins/org.eclipse.equinox.common_3.6.100.dist.jar:/usr/lib/eclipse/plugins/org.eclipse.core.jobs_3.5.200.dist.jar:/usr/lib/eclipse/plugins/org.eclipse.core.contenttype_3.4.200.dist.jar:/usr/lib/eclipse/plugins/org.eclipse.equinox.preferences_3.5.0.dist.jar:/usr/lib/eclipse/plugins/org.eclipse.text_3.5.200.dist.jar:/usr/lib/eclipse/plugins/org.eclipse.ui.workbench_3.8.1.dist.jar:/usr/lib/eclipse/plugins/org.eclipse.jface_3.8.0.dist.jar:/usr/lib/eclipse/plugins/org.eclipse.swt_3.8.2.jar:/usr/lib/eclipse/plugins/org.eclipse.jface.text_3.8.1.dist.jar:/usr/lib/eclipse/plugins/org.eclipse.ui.workbench.texteditor_3.8.0.dist.jar:/usr/lib/eclipse/plugins/org.eclipse.ui.editors_3.8.0.dist.jar:/usr/lib/eclipse/plugins/org.eclipse.core.commands_3.6.1.dist.jar:/usr/lib/eclipse/plugins/org.eclipse.equinox.registry_3.5.200.dist.jar:/usr/lib/eclipse/plugins/org.eclipse.ui.console_3.5.100.dist.jar:/usr/lib/eclipse/plugins/org.eclipse.ui.forms_3.5.200.dist.jar:/usr/lib/eclipse/plugins/org.eclipse.ui.ide_3.8.1.dist.jar:/home/travis/build/icyphy/ptII/vendors/oracle/dbxml.jar:/home/travis/build/icyphy/ptII/vendors/oracle/db.jar:/home/travis/build/icyphy/ptII/vendors/misc/itext/iText.jar:/home/travis/build/icyphy/ptII/lib/g4ltl.jar:/home/travis/build/icyphy/ptII/lib/StructuralCoder.jar:/home/travis/build/icyphy/ptII/lib/org-openide-util.jar:/home/travis/build/icyphy/ptII/lib/org-openide-util-lookup.jar:/home/travis/build/icyphy/ptII/lib/org-netbeans-api-visual.jar:/home/travis/build/icyphy/ptII/vendors/jai-1_1_2_01/lib/jai_core.jar:/home/travis/build/icyphy/ptII/vendors/jai-1_1_2_01/lib/jai_codec.jar:/home/travis/build/icyphy/ptII/lib/jcerti.jar:/home/travis/build/icyphy/ptII/lib/smack.jar:/home/travis/build/icyphy/ptII/lib/smackx.jar:/home/travis/build/icyphy/ptII/lib/jetty-all-8.1.5-v20120716.jar:/home/travis/build/icyphy/ptII/lib/javax.servlet-api-3.0.1.jar:/home/travis/build/icyphy/ptII/lib/javax.mail.jar:/home/travis/build/icyphy/ptII/vendors/JMF-2.1.1e/lib/jmf.jar:/home/travis/build/icyphy/ptII/lib/jna-4.0.0-variadic.jar:/home/travis/build/icyphy/ptII/vendors/misc/joystick/Joystick.jar:/home/travis/build/icyphy/ptII/lib/ptjacl.jar:/home/travis/build/icyphy/ptII/lib/jsoup-1.8.2.jar:/home/travis/build/icyphy/ptII/lib/junit-4.8.2.jar:/home/travis/build/icyphy/ptII/lib/JUnitParams-0.4.0.jar:/home/travis/build/icyphy/ptII/ptolemy/actor/lib/excel/jxl.jar:/home/travis/build/icyphy/ptII/lib/jython.jar:/home/travis/build/icyphy/ptII/lib/kieler.jar:/home/travis/build/icyphy/ptII/vendors/opencv/share/OpenCV/java/opencv-341.jar:/home/travis/build/icyphy/ptII/lib/oscP5.jar:/home/travis/build/icyphy/ptII/lib/nrjavaserial-3.11.0.devel.jar:/usr/share/java/j3dcore.jar:/usr/share/java/j3dutils.jar:/usr/share/java/vecmath.jar:/home/travis/build/icyphy/ptII/ptolemy/distributed/jini/jar/jini-core.jar:/home/travis/build/icyphy/ptII/ptolemy/distributed/jini/jar/jini-ext.jar:/home/travis/build/icyphy/ptII/ptolemy/distributed/jini/jar/sun-util.jar:/home/travis/build/icyphy/ptII/lib/protobuf-java-2.4.1.jar:/home/travis/build/icyphy/ptII/lib/org.eclipse.paho.client.mqttv3.jar:/home/travis/build/icyphy/ptII/ptserver/lib/hessian-4.0.7.jar:/home/travis/build/icyphy/ptII/ptserver/lib/wmqtt.jar:/home/travis/build/icyphy/ptII/lib/mapss.jar:/home/travis/build/icyphy/ptII/ptolemy/actor/ptalon/antlr/antlr.jar:/home/travis/build/icyphy/ptII/lib/JRI.jar:/home/travis/build/icyphy/ptII/lib/commons-lang-2.6.jar:/home/travis/build/icyphy/ptII/lib/commons-logging-1.1.1.jar:/home/travis/build/icyphy/ptII/lib/sootclasses.jar:/home/travis/build/icyphy/ptII/ptolemy/actor/lib/database/mysql-connector-java-5.1.6-bin.jar:/home/travis/build/icyphy/ptII/vendors/misc/sphinx4/sphinx4-data-5prealpha.jar:/home/travis/build/icyphy/ptII/vendors/misc/sphinx4/sphinx4-core-5prealpha.jar:/home/travis/build/icyphy/ptII/lib/PDFRenderer.jar:/home/travis/build/icyphy/ptII/lib/svgSalamander.jar:/home/travis/build/icyphy/ptII/lib/rsyntaxtextarea-2.6.0-SNAPSHOT.jar:/home/travis/build/icyphy/ptII/lib/hazelcast-3.8.2.jar:/home/travis/build/icyphy/ptII/lib/jackson-annotations-2.9.0.jar:/home/travis/build/icyphy/ptII/lib/jackson-core-2.9.3.jar:/home/travis/build/icyphy/ptII/lib/jackson-databind-2.9.3.jar:/home/travis/build/icyphy/ptII/lib/netty-buffer-4.1.19.Final.jar:/home/travis/build/icyphy/ptII/lib/netty-codec-4.1.19.Final.jar:/home/travis/build/icyphy/ptII/lib/netty-codec-dns-4.1.19.Final.jar:/home/travis/build/icyphy/ptII/lib/netty-codec-http-4.1.19.Final.jar:/home/travis/build/icyphy/ptII/lib/netty-codec-http2-4.1.19.Final.jar:/home/travis/build/icyphy/ptII/lib/netty-common-4.1.19.Final.jar:/home/travis/build/icyphy/ptII/lib/netty-handler-4.1.19.Final.jar:/home/travis/build/icyphy/ptII/lib/netty-resolver-4.1.19.Final.jar:/home/travis/build/icyphy/ptII/lib/netty-resolver-dns-4.1.19.Final.jar:/home/travis/build/icyphy/ptII/lib/netty-transport-4.1.19.Final.jar:/home/travis/build/icyphy/ptII/lib/vertx-codegen-3.5.1.jar:/home/travis/build/icyphy/ptII/lib/vertx-core-3.5.2-SNAPSHOT.jar:/home/travis/build/icyphy/ptII/lib/vertx-hazelcast-3.5.1.jar:/home/travis/build/icyphy/ptII/lib/vertx-lang-js-3.5.1.jar:/home/travis/build/icyphy/ptII/lib/vertx-service-proxy-3.5.1.jar:/home/travis/build/icyphy/ptII/lib/vertx-web-3.5.1.jar:/home/travis/build/icyphy/ptII/lib/slf4j-api-1.7.13.jar:/home/travis/build/icyphy/ptII/lib/slf4j-simple-1.7.13.jar:/home/travis/build/icyphy/ptII/lib/webcam-capture-0.3.12.jar:/home/travis/build/icyphy/ptII/lib/bridj-0.7.0.jar:/home/travis/build/icyphy/ptII/lib/xbjlib-1.1.0.nrjavaserial.jar" />
    <property name="test.batch" value="**/junit/*.java" />
    <property name="env._" value="/usr/bin/timeout" />
    <property name="java.io.tmpdir" value="/tmp" />
    <property name="user.language" value="en" />
    <property name="env.HISTCONTROL" value="ignoredups:ignorespace" />
    <property name="env.GOROOT" value="/home/travis/.gimme/versions/go1.7.4.linux.amd64" />
    <property name="line.separator" value="&#xa;" />
    <property name="target" value="1.8" />
    <property name="env.TRAVIS_BUILD_DIR" value="/home/travis/build/icyphy/ptII" />
    <property name="env.ANT_OPTS" value="-Xmx2048m" />
    <property name="ant.file.type" value="file" />
    <property name="ptolemy.ptII.batchMode" value="true" />
    <property name="env.HISTSIZE" value="1000" />
    <property name="env.MERB_ENV" value="test" />
    <property name="java.vm.info" value="mixed mode" />
    <property name="source" value="1.8" />
    <property name="java.vm.specification.name" value="Java Virtual Machine Specification" />
    <property name="env.TRAVIS_TEST_RESULT" value="0" />
    <property name="jsdoc.command" value="node_modules/@terraswarm/jsdoc/jsdoc.js" />
    <property name="npm.works" value="true" />
    <property name="cobertura.dir" value="/home/travis/build/icyphy/ptII/vendors/cobertura-2.0.3" />
    <property name="env.rvm_path" value="/home/travis/.rvm" />
    <property name="env.GEM_PATH" value="/home/travis/.rvm/gems/ruby-2.4.1:/home/travis/.rvm/gems/ruby-2.4.1@global" />
    <property name="env.LC_CTYPE" value="en_US.UTF-8" />
    <property name="java.awt.printerjob" value="sun.print.PSPrinterJob" />
    <property name="env.TRAVIS_STACK_NAME" value="garnet" />
    <property name="ant.version" value="Apache Ant(TM) version 1.10.1 compiled on February 2 2017" />
    <property name="ptII.reports" value="/home/travis/build/icyphy/ptII/reports" />
    <property name="env.TRAVIS_STACK_TIMESTAMP" value="2017-12-05 19:33:09 UTC" />
    <property name="ant.file.type.ptII" value="file" />
    <property name="env.RBENV_SHELL" value="bash" />
    <property name="os.name" value="Linux" />
    <property name="java.specification.vendor" value="Oracle Corporation" />
    <property name="env.rvm_version" value="1.29.3 (latest)" />
    <property name="env.TERM" value="xterm" />
    <property name="java.vm.name" value="Java HotSpot(TM) 64-Bit Server VM" />
    <property name="env.TRAVIS_BUILD_NUMBER" value="522" />
    <property name="env.CI" value="true" />
    <property name="java.library.path" value="/home/travis/pthla/certi-tools/lib:/usr/lib/jni:/usr/local/share/OpenCV/java/:/usr/share/OpenCV/java::/usr/java/packages/lib/amd64:/usr/lib64:/lib64:/lib:/usr/lib" />
    <property name="env.rvm_prefix" value="/home/travis" />
    <property name="env.PATH" value="/home/travis/pthla/certi-tools/share/scripts:/home/travis/.rvm/gems/ruby-2.4.1/bin:/home/travis/.rvm/gems/ruby-2.4.1@global/bin:/home/travis/.rvm/rubies/ruby-2.4.1/bin:/home/travis/.rvm/bin:/home/travis/.nvm/versions/node/v7.10.1/bin:./node_modules/.bin:/home/travis/build/icyphy/ptII/bin:/home/travis/pthla/certi-tools/bin:/home/travis/bin:/home/travis/.local/bin:/opt/pyenv/shims:/home/travis/.phpenv/shims:/home/travis/perl5/perlbrew/bin:/home/travis/.kiex/elixirs/elixir-1.4.5/bin:/home/travis/.kiex/bin:/home/travis/gopath/bin:/home/travis/.gimme/versions/go1.7.4.linux.amd64/bin:/usr/local/phantomjs/bin:/usr/local/phantomjs:/usr/local/neo4j-3.2.7/bin:/usr/local/maven-3.5.2/bin:/usr/local/cmake-3.9.2/bin:/usr/local/clang-5.0.0/bin:/usr/local/sbin:/usr/local/bin:/usr/sbin:/usr/bin:/sbin:/bin:/home/travis/.phpenv/bin:/opt/pyenv/bin:/home/travis/.yarn/bin" />
    <property name="env.TRAVIS_OS_NAME" value="linux" />
    <property name="ant.java.version" value="1.8" />
    <property name="basedir" value="/home/travis/build/icyphy/ptII" />
    <property name="java.class.version" value="52.0" />
    <property name="env.SHLVL" value="3" />
    <property name="env.LD_LIBRARY_PATH" value="/home/travis/pthla/certi-tools/lib:/usr/lib/jni:/usr/local/share/OpenCV/java/:/usr/share/OpenCV/java:" />
    <property name="env.RACK_ENV" value="test" />
    <property name="ant.home" value="/home/travis/build/icyphy/ptII/ant" />
    <property name="env.NVM_DIR" value="/home/travis/.nvm" />
    <property name="env.PERLBREW_BASHRC_VERSION" value="0.80" />
    <property name="env.CERTI_FOM_PATH" value="/home/travis/pthla/certi-tools/share/federations" />
    <property name="env.TRAVIS_BUILD_ID" value="388368681" />
    <property name="env.PYENV_ROOT" value="/opt/pyenv" />
    <property name="env.TRAVIS_UID" value="2000" />
    <property name="env.rvm_pretty_print_flag" value="auto" />
    <property name="env.NVM_BIN" value="/home/travis/.nvm/versions/node/v7.10.1/bin" />
    <property name="env.TRAVIS_COMMIT" value="dccaa2fd0832bdf6cc2894daf935fa8e71516d58" />
    <property name="env._system_arch" value="x86_64" />
    <property name="node.executable" value="node" />
    <property name="sun.boot.library.path" value="/usr/lib/jvm/java-8-oracle/jre/lib/amd64" />
    <property name="sun.management.compiler" value="HotSpot 64-Bit Tiered Compilers" />
    <property name="env.GOPATH" value="/home/travis/gopath" />
    <property name="java.awt.graphicsenv" value="sun.awt.X11GraphicsEnvironment" />
    <property name="ptolemy.ptII.dir" value="/home/travis/build/icyphy/ptII" />
    <property name="env.USER" value="travis" />
    <property name="env.HISTFILESIZE" value="2000" />
    <property name="timeout.longest" value="19000000" />
    <property name="env.TRAVIS_STACK_FEATURES" value="basic cassandra chromium couchdb disabled-ipv6 docker docker-compose elasticsearch firefox go-toolchain google-chrome jdk memcached mongodb mysql neo4j nodejs_interpreter perl_interpreter perlbrew phantomjs postgresql python_interpreter rabbitmq redis riak ruby_interpreter sqlite xserver" />
    <property name="env.TRAVIS_PULL_REQUEST" value="false" />
    <property name="env.PYENV_SHELL" value="bash" />
    <property name="ant.project.name" value="ptII" />
    <property name="java.vm.specification.version" value="1.8" />
    <property name="env.CERTI_VERSION" value="4.0.0" />
    <property name="env.NLSPATH" value="/usr/dt/lib/nls/msg/%L/%N.cat" />
    <property name="awt.toolkit" value="sun.awt.X11.XToolkit" />
    <property name="env.CERTI_HOST" value="localhost" />
    <property name="env.MY_RUBY_HOME" value="/home/travis/.rvm/rubies/ruby-2.4.1" />
    <property name="sun.cpu.isalist" value="" />
    <property name="java.ext.dirs" value="/usr/lib/jvm/java-8-oracle/jre/lib/ext:/usr/java/packages/lib/ext" />
    <property name="os.version" value="4.4.0-101-generic" />
    <property name="user.home" value="/home/travis" />
    <property name="env.MIX_ARCHIVES" value="/home/travis/.kiex/mix/elixir-1.4.5" />
    <property name="java.vm.vendor" value="Oracle Corporation" />
    <property name="env.TRAVIS_TAG" value="nightly" />
    <property name="env.TRAVIS_FILTERED" value="redirect_io" />
    <property name="javadoc.excludepackagenames" value="adm.cvs2svn.*,build.*,config.*,doc.coding.templates.*,jni.test.jni.meaningOfLife.*,jni.test.jni.testDeux.*,jni.test.jni.testTrois.*,org.terraswarm.accessor.accessors.web.node_modules.*,org.terraswarm.accessor.accessors.web.hosts.cordova.demo.*,org.terraswarm.accessor.accessors.web.hosts.cordova.plugins.*,org.terraswarm.accessor.accessors-svn.*,pt-modules.*,ptolemy.apps.agilent.*,ptolemy.apps.anytimecontrol.*,ptolemy.apps.apes.*,ptolemy.apps.charon.*,ptolemy.apps.crazyboard.*,ptolemy.apps.eclipse.*,ptolemy.apps.etherealSting.*,ptolemy.apps.fullscreen.*,ptolemy.apps.giotto.*,ptolemy.apps.ia.*,ptolemy.apps.interfaces.*,ptolemy.apps.jmf.*,ptolemy.apps.kurt.*,ptolemy.apps.kvm.*,ptolemy.apps.lego.*,ptolemy.apps.lejos.*,ptolemy.apps.midp.*,ptolemy.apps.mobileCoding.*,ptolemy.apps.pendulum.*,ptolemy.apps.rijndael.*,ptolemy.apps.robot.*,ptolemy.apps.security.*,ptolemy.apps.sobel.*,ptolemy.apps.soot.*,ptolemy.apps.throttle.*,ptolemy.apps.tini.*,ptolemy.apps.transmission.*,ptolemy.apps.vergil.*,ptolemy.apps.waba.*,ptolemy.apps.websensor.*,ptolemy.apps.webstart.*,ptolemy.apps.xsl.*,ptolemy.apps.zaurus.*,ptolemy.backtrack.eclipse.plugin.*,ptolemy.backtrack.test.*,ptolemy.codegen.c.actor.lib.oldJavaFiles.*,ptolemy.codegen.dsp.lib.*,ptolemy.codegen.kernel.newInterfaces.*,ptolemy.codegen.lib.*,ptolemy.copernicus.kernel.fragment.*,ptolemy.copernicus.shallow.cg.*,ptolemy.domains.giotto.demo.Hierarchy.Hierarchy.*,ptolemy.domains.giotto.demo.Multimode.Multimode.*,ptolemy.domains.giotto.demo.Simple.Simple.*,ptolemy.domains.gr.lib.experimental.*,ptolemy.domains.gro.*,ptolemy.domains.pdf.*,ptolemy.domains.ptinyos.demo.Surge.output.*,ptolemy.moml.test.NoPackageActor.java*,ptolemy.plot.adm.*,ptolemy.plot.servlet.*,reports.*,signed.*,src.*,target.*,vendors.*,ptolemy.cg.adapter.generic.program.procedural.c.mbed*,ptolemy.actor.lib.fmi.fmus.omc*,ptolemy.domains.openmodelica*,ptdb.kernel.bl.save.test.*,ptdb.kernel.bl.load.test.*,ptdb.kernel.bl.search.test.*,ptdb.kernel.bl.migration.test.*,ptdb.kernel.database.test.*,ptdb.test.*,ptdb.gui.test.*,org.ptolemy.scala.*,diva.util.java2d.svg.*,ptolemy.domains.ptinyos.*,ptolemy.actor.lib.fmi.fmipp.*,,org.terraswarm.accessor.accessors.web.node_modules.*,org.terraswarm.accessor.accessors-svn,ptolemy.actor.ptalon.demo.ptinyos.SendAndReceiveCnt.output,ptolemy.actor.ptalon.demo.ptinyos.SenseToLeds.output,ptolemy.domains.ptinyos.demo.CntToLedsAndRfm.output,ptolemy.domains.ptinyos.demo.RfmToLeds.output,ptolemy.domains.ptinyos.demo.SendAndReceiveCnt.output,ptolemy.domains.ptinyos.demo.SenseToLeds.output" />
    <property name="env.JAVA_HOME" value="/usr/lib/jvm/java-8-oracle" />
    <property name="env.PTII" value="/home/travis/build/icyphy/ptII" />
    <property name="env.TRAVIS_COMMIT_MESSAGE" value="Exclude ptolemy.domains.ptinyos from the tests because PtinyOS is not likely to be installed." />
    <property name="keystore" value="ptKeystore" />
    <property name="env.XDG_SESSION_ID" value="2" />
    <property name="junit.output.dir" value="/home/travis/build/icyphy/ptII/reports/junit" />
    <property name="npm.return.code" value="0" />
    <property name="user.dir" value="/home/travis/build/icyphy/ptII/ptolemy/domains/dt/kernel/test" />
    <property name="env.TRAVIS_NODE_VERSION" value="7" />
    <property name="env.XFILESEARCHPATH" value="/usr/dt/app-defaults/%L/Dt" />
    <property name="env.TRAVIS_EVENT_TYPE" value="push" />
    <property name="env.MAIL" value="/var/mail/travis" />
    <property name="env.PWD" value="/home/travis/build/icyphy/ptII" />
    <property name="env.PERLBREW_ROOT" value="/home/travis/perl5/perlbrew" />
    <property name="timeout.npm" value="45000" />
    <property name="env.PT_TRAVIS_TEST_CORE2_XML" value="true" />
    <property name="env.PAGER" value="cat" />
    <property name="sun.cpu.endian" value="little" />
    <property name="env.TRAVIS_BUILD_STAGE_NAME" value="Test" />
    <property name="env.PERLBREW_HOME" value="/home/travis/.perlbrew" />
    <property name="env.RAILS_ENV" value="test" />
    <property name="java.vm.version" value="25.151-b12" />
    <property name="java.class.path" value="/home/travis/build/icyphy/ptII:/home/travis/build/icyphy/ptII/lib/bsh-2.0b4.jar:/home/travis/build/icyphy/ptII/lib/ptCal.jar:/home/travis/build/icyphy/ptII/lib/java_cup.jar:/home/travis/build/icyphy/ptII/lib/saxon8.jar:/home/travis/build/icyphy/ptII/lib/saxon8-dom.jar:/home/travis/build/icyphy/ptII/lib/chic.jar:/home/travis/build/icyphy/ptII/lib/ptcolt.jar:/usr/lib/jvm/java-8-oracle/lib/tools.jar:/usr/lib/eclipse/plugins/org.eclipse.jdt.core_3.8.2.dist.jar:/usr/lib/eclipse/plugins/org.eclipse.core.runtime_3.8.0.dist.jar:/usr/lib/eclipse/plugins/org.eclipse.osgi_3.8.1.dist.jar:/usr/lib/eclipse/plugins/org.eclipse.core.resources_3.8.1.dist.jar:/usr/lib/eclipse/plugins/org.eclipse.equinox.common_3.6.100.dist.jar:/usr/lib/eclipse/plugins/org.eclipse.core.jobs_3.5.200.dist.jar:/usr/lib/eclipse/plugins/org.eclipse.core.contenttype_3.4.200.dist.jar:/usr/lib/eclipse/plugins/org.eclipse.equinox.preferences_3.5.0.dist.jar:/usr/lib/eclipse/plugins/org.eclipse.text_3.5.200.dist.jar:/usr/lib/eclipse/plugins/org.eclipse.ui.workbench_3.8.1.dist.jar:/usr/lib/eclipse/plugins/org.eclipse.jface_3.8.0.dist.jar:/usr/lib/eclipse/plugins/org.eclipse.swt_3.8.2.jar:/usr/lib/eclipse/plugins/org.eclipse.jface.text_3.8.1.dist.jar:/usr/lib/eclipse/plugins/org.eclipse.ui.workbench.texteditor_3.8.0.dist.jar:/usr/lib/eclipse/plugins/org.eclipse.ui.editors_3.8.0.dist.jar:/usr/lib/eclipse/plugins/org.eclipse.core.commands_3.6.1.dist.jar:/usr/lib/eclipse/plugins/org.eclipse.equinox.registry_3.5.200.dist.jar:/usr/lib/eclipse/plugins/org.eclipse.ui.console_3.5.100.dist.jar:/usr/lib/eclipse/plugins/org.eclipse.ui.forms_3.5.200.dist.jar:/usr/lib/eclipse/plugins/org.eclipse.ui.ide_3.8.1.dist.jar:/home/travis/build/icyphy/ptII/vendors/oracle/dbxml.jar:/home/travis/build/icyphy/ptII/vendors/oracle/db.jar:/home/travis/build/icyphy/ptII/vendors/misc/itext/iText.jar:/home/travis/build/icyphy/ptII/lib/g4ltl.jar:/home/travis/build/icyphy/ptII/lib/StructuralCoder.jar:/home/travis/build/icyphy/ptII/lib/org-openide-util.jar:/home/travis/build/icyphy/ptII/lib/org-openide-util-lookup.jar:/home/travis/build/icyphy/ptII/lib/org-netbeans-api-visual.jar:/home/travis/build/icyphy/ptII/vendors/jai-1_1_2_01/lib/jai_core.jar:/home/travis/build/icyphy/ptII/vendors/jai-1_1_2_01/lib/jai_codec.jar:/home/travis/build/icyphy/ptII/lib/jcerti.jar:/home/travis/build/icyphy/ptII/lib/smack.jar:/home/travis/build/icyphy/ptII/lib/smackx.jar:/home/travis/build/icyphy/ptII/lib/jetty-all-8.1.5-v20120716.jar:/home/travis/build/icyphy/ptII/lib/javax.servlet-api-3.0.1.jar:/home/travis/build/icyphy/ptII/lib/javax.mail.jar:/home/travis/build/icyphy/ptII/vendors/JMF-2.1.1e/lib/jmf.jar:/home/travis/build/icyphy/ptII/lib/jna-4.0.0-variadic.jar:/home/travis/build/icyphy/ptII/vendors/misc/joystick/Joystick.jar:/home/travis/build/icyphy/ptII/lib/ptjacl.jar:/home/travis/build/icyphy/ptII/lib/jsoup-1.8.2.jar:/home/travis/build/icyphy/ptII/lib/junit-4.8.2.jar:/home/travis/build/icyphy/ptII/lib/JUnitParams-0.4.0.jar:/home/travis/build/icyphy/ptII/ptolemy/actor/lib/excel/jxl.jar:/home/travis/build/icyphy/ptII/lib/jython.jar:/home/travis/build/icyphy/ptII/lib/kieler.jar:/home/travis/build/icyphy/ptII/vendors/opencv/share/OpenCV/java/opencv-341.jar:/home/travis/build/icyphy/ptII/lib/oscP5.jar:/home/travis/build/icyphy/ptII/lib/nrjavaserial-3.11.0.devel.jar:/usr/share/java/j3dcore.jar:/usr/share/java/j3dutils.jar:/usr/share/java/vecmath.jar:/home/travis/build/icyphy/ptII/ptolemy/distributed/jini/jar/jini-core.jar:/home/travis/build/icyphy/ptII/ptolemy/distributed/jini/jar/jini-ext.jar:/home/travis/build/icyphy/ptII/ptolemy/distributed/jini/jar/sun-util.jar:/home/travis/build/icyphy/ptII/lib/protobuf-java-2.4.1.jar:/home/travis/build/icyphy/ptII/lib/org.eclipse.paho.client.mqttv3.jar:/home/travis/build/icyphy/ptII/ptserver/lib/hessian-4.0.7.jar:/home/travis/build/icyphy/ptII/ptserver/lib/wmqtt.jar:/home/travis/build/icyphy/ptII/lib/mapss.jar:/home/travis/build/icyphy/ptII/ptolemy/actor/ptalon/antlr/antlr.jar:/home/travis/build/icyphy/ptII/lib/JRI.jar:/home/travis/build/icyphy/ptII/lib/commons-lang-2.6.jar:/home/travis/build/icyphy/ptII/lib/commons-logging-1.1.1.jar:/home/travis/build/icyphy/ptII/lib/sootclasses.jar:/home/travis/build/icyphy/ptII/ptolemy/actor/lib/database/mysql-connector-java-5.1.6-bin.jar:/home/travis/build/icyphy/ptII/vendors/misc/sphinx4/sphinx4-data-5prealpha.jar:/home/travis/build/icyphy/ptII/vendors/misc/sphinx4/sphinx4-core-5prealpha.jar:/home/travis/build/icyphy/ptII/lib/PDFRenderer.jar:/home/travis/build/icyphy/ptII/lib/svgSalamander.jar:/home/travis/build/icyphy/ptII/lib/rsyntaxtextarea-2.6.0-SNAPSHOT.jar:/home/travis/build/icyphy/ptII/lib/hazelcast-3.8.2.jar:/home/travis/build/icyphy/ptII/lib/jackson-annotations-2.9.0.jar:/home/travis/build/icyphy/ptII/lib/jackson-core-2.9.3.jar:/home/travis/build/icyphy/ptII/lib/jackson-databind-2.9.3.jar:/home/travis/build/icyphy/ptII/lib/netty-buffer-4.1.19.Final.jar:/home/travis/build/icyphy/ptII/lib/netty-codec-4.1.19.Final.jar:/home/travis/build/icyphy/ptII/lib/netty-codec-dns-4.1.19.Final.jar:/home/travis/build/icyphy/ptII/lib/netty-codec-http-4.1.19.Final.jar:/home/travis/build/icyphy/ptII/lib/netty-codec-http2-4.1.19.Final.jar:/home/travis/build/icyphy/ptII/lib/netty-common-4.1.19.Final.jar:/home/travis/build/icyphy/ptII/lib/netty-handler-4.1.19.Final.jar:/home/travis/build/icyphy/ptII/lib/netty-resolver-4.1.19.Final.jar:/home/travis/build/icyphy/ptII/lib/netty-resolver-dns-4.1.19.Final.jar:/home/travis/build/icyphy/ptII/lib/netty-transport-4.1.19.Final.jar:/home/travis/build/icyphy/ptII/lib/vertx-codegen-3.5.1.jar:/home/travis/build/icyphy/ptII/lib/vertx-core-3.5.2-SNAPSHOT.jar:/home/travis/build/icyphy/ptII/lib/vertx-hazelcast-3.5.1.jar:/home/travis/build/icyphy/ptII/lib/vertx-lang-js-3.5.1.jar:/home/travis/build/icyphy/ptII/lib/vertx-service-proxy-3.5.1.jar:/home/travis/build/icyphy/ptII/lib/vertx-web-3.5.1.jar:/home/travis/build/icyphy/ptII/lib/slf4j-api-1.7.13.jar:/home/travis/build/icyphy/ptII/lib/slf4j-simple-1.7.13.jar:/home/travis/build/icyphy/ptII/lib/webcam-capture-0.3.12.jar:/home/travis/build/icyphy/ptII/lib/bridj-0.7.0.jar:/home/travis/build/icyphy/ptII/lib/xbjlib-1.1.0.nrjavaserial.jar:/home/travis/build/icyphy/ptII/ptolemy/moml/test:/home/travis/build/icyphy/ptII/ant/lib/ant-launcher.jar:/home/travis/build/icyphy/ptII/ant/lib/ant.jar:/home/travis/build/icyphy/ptII/ant/lib/ant-junit.jar:/home/travis/build/icyphy/ptII/ant/lib/ant-junit4.jar" />
    <property name="ant.library.dir" value="/home/travis/build/icyphy/ptII/ant/lib" />
    <property name="os.arch" value="amd64" />
    <property name="env.TRAVIS_LANGUAGE" value="node_js" />
    <property name="env.CONTINUOUS_INTEGRATION" value="true" />
    <property name="env.TRAVIS_STACK_LANGUAGES" value="__garnet__ c c++ clojure cplusplus cpp default go groovy java node_js php pure_java python ruby scala" />
    <property name="test.name" value="ptolemy.actor.lib.test.junit.JUnitTclTest" />
    <property name="sun.java.launcher" value="SUN_STANDARD" />
    <property name="env.PYTHON_CONFIGURE_OPTS" value="--enable-unicode=ucs4 --with-wide-unicode --enable-shared --enable-ipv6 --enable-loadable-sqlite-extensions --with-computed-gotos" />
    <property name="ant.core.lib" value="/home/travis/build/icyphy/ptII/ant/lib/ant.jar" />
    <property name="java.vm.specification.vendor" value="Oracle Corporation" />
    <property name="env.BCVTB_HOME" value="/home/travis/build/icyphy/ptII/lbnl" />
    <property name="file.separator" value="/" />
    <property name="java.runtime.version" value="1.8.0_151-b12" />
    <property name="spotbugs.home" value="/home/travis/build/icyphy/ptII/vendors/spotbugs-3.1.1" />
    <property name="sun.boot.class.path" value="/usr/lib/jvm/java-8-oracle/jre/lib/resources.jar:/usr/lib/jvm/java-8-oracle/jre/lib/rt.jar:/usr/lib/jvm/java-8-oracle/jre/lib/sunrsasign.jar:/usr/lib/jvm/java-8-oracle/jre/lib/jsse.jar:/usr/lib/jvm/java-8-oracle/jre/lib/jce.jar:/usr/lib/jvm/java-8-oracle/jre/lib/charsets.jar:/usr/lib/jvm/java-8-oracle/jre/lib/jfr.jar:/usr/lib/jvm/java-8-oracle/jre/classes" />
    <property name="env.HAS_JOSH_K_SEAL_OF_APPROVAL" value="true" />
    <property name="env.TRAVIS_OSX_IMAGE" value="" />
    <property name="env.XDG_RUNTIME_DIR" value="/run/user/2000" />
    <property name="env.TRAVIS_BRANCH" value="master" />
    <property name="env.TRAVIS_JOB_ID" value="388368689" />
    <property name="env.CERTI_HOME_TRAVIS" value="/home/travis/pthla/certi-tools" />
    <property name="user.country" value="US" />
    <property name="env.SHELL" value="/bin/bash" />
    <property name="java.maxmemory.large" value="5000m" />
    <property name="model" value="" />
    <property name="env.CASHER_DIR" value="/home/travis/.casher" />
    <property name="env.NVM_CD_FLAGS" value="" />
    <property name="jshint.executable" value="/home/travis/node_modules/jshint/bin/jshint" />
    <property name="java.vendor" value="Oracle Corporation" />
    <property name="env.JRUBY_OPTS" value=" --client -J-XX:+TieredCompilation -J-XX:TieredStopAtLevel=1 -J-Xss2m -Xcompile.invokedynamic=false" />
    <property name="env.TRAVIS_PRE_CHEF_BOOTSTRAP_TIME" value="2017-12-05T19:32:55" />
    <property name="env.TRAVIS_STACK_JOB_BOARD_REGISTER" value="/.job-board-register.yml" />
    <property name="env.ELIXIR_VERSION" value="1.4.5" />
    <property name="java.specification.version" value="1.8" />
    <property name="env.IRBRC" value="/home/travis/.rvm/rubies/ruby-2.4.1/.irbrc" />
    <property name="env.TRAVIS" value="true" />
    <property name="sun.arch.data.model" value="64" />
  </properties>
  <testcase classname="ptolemy.util.test.junit.TclTests" name="[0] /home/travis/build/icyphy/ptII/ptolemy/domains/dt/kernel/test/DTDirector.tcl (RunTclFile)" time="0.325" />
  <testcase classname="ptolemy.util.test.junit.TclTests" name="[1] /home/travis/build/icyphy/ptII/ptolemy/domains/dt/kernel/test/DTReceiver.tcl (RunTclFile)" time="0.004" />
  <testcase classname="ptolemy.util.test.junit.AutoKnownFailedTests" name="[0] /home/travis/build/icyphy/ptII/ptolemy/domains/dt/kernel/test/auto/knownFailedTests/DEInsideDT1.xml (RunModel)" time="0.089" />
  <testcase classname="ptolemy.util.test.junit.AutoKnownFailedTests" name="[1] /home/travis/build/icyphy/ptII/ptolemy/domains/dt/kernel/test/auto/knownFailedTests/DTinsideCT1_.xml (RunModel)" time="0.014" />
  <testcase classname="ptolemy.util.test.junit.AutoKnownFailedTests" name="[2] /home/travis/build/icyphy/ptII/ptolemy/domains/dt/kernel/test/auto/knownFailedTests/Dag3.xml (RunModel)" time="0.048" />
  <testcase classname="ptolemy.util.test.junit.AutoKnownFailedTests" name="[3] /home/travis/build/icyphy/ptII/ptolemy/domains/dt/kernel/test/auto/knownFailedTests/sdf_sdf_bug.xml (RunModel)" time="0.033" />
  <testcase classname="ptolemy.util.test.junit.AutoNameArchTests" name="[0] ThereAreNoAutoArchTests (RunModel)" time="0.001" />
  <testcase classname="ptolemy.util.test.junit.AutoTests" name="[0] /home/travis/build/icyphy/ptII/ptolemy/domains/dt/kernel/test/auto/Chain1.xml (RunModel)" time="0.089" />
  <testcase classname="ptolemy.util.test.junit.AutoTests" name="[1] /home/travis/build/icyphy/ptII/ptolemy/domains/dt/kernel/test/auto/Chain2.xml (RunModel)" time="0.066" />
  <testcase classname="ptolemy.util.test.junit.AutoTests" name="[2] /home/travis/build/icyphy/ptII/ptolemy/domains/dt/kernel/test/auto/Chain3.xml (RunModel)" time="0.036" />
  <testcase classname="ptolemy.util.test.junit.AutoTests" name="[3] /home/travis/build/icyphy/ptII/ptolemy/domains/dt/kernel/test/auto/CurrentTimeSource.xml (RunModel)" time="0.011" />
  <testcase classname="ptolemy.util.test.junit.AutoTests" name="[4] /home/travis/build/icyphy/ptII/ptolemy/domains/dt/kernel/test/auto/Dag1.xml (RunModel)" time="0.032" />
  <testcase classname="ptolemy.util.test.junit.AutoTests" name="[5] /home/travis/build/icyphy/ptII/ptolemy/domains/dt/kernel/test/auto/Dag2.xml (RunModel)" time="0.084" />
  <testcase classname="ptolemy.util.test.junit.AutoTests" name="[6] /home/travis/build/icyphy/ptII/ptolemy/domains/dt/kernel/test/auto/DagSingles1.xml (RunModel)" time="0.034" />
  <testcase classname="ptolemy.util.test.junit.AutoTests" name="[7] /home/travis/build/icyphy/ptII/ptolemy/domains/dt/kernel/test/auto/Delay1.xml (RunModel)" time="0.045" />
  <testcase classname="ptolemy.util.test.junit.AutoTests" name="[8] /home/travis/build/icyphy/ptII/ptolemy/domains/dt/kernel/test/auto/Delay2.xml (RunModel)" time="0.037" />
  <testcase classname="ptolemy.util.test.junit.AutoTests" name="[9] /home/travis/build/icyphy/ptII/ptolemy/domains/dt/kernel/test/auto/InvDag1.xml (RunModel)" time="0.049" />
  <testcase classname="ptolemy.util.test.junit.AutoTests" name="[10] /home/travis/build/icyphy/ptII/ptolemy/domains/dt/kernel/test/auto/MultiPort1.xml (RunModel)" time="0.038" />
  <testcase classname="ptolemy.util.test.junit.AutoTests" name="[11] /home/travis/build/icyphy/ptII/ptolemy/domains/dt/kernel/test/auto/MultiPort2.xml (RunModel)" time="0.065" />
  <testcase classname="ptolemy.util.test.junit.AutoTests" name="[12] /home/travis/build/icyphy/ptII/ptolemy/domains/dt/kernel/test/auto/Round.xml (RunModel)" time="0.055" />
  <testcase classname="ptolemy.util.test.junit.AutoTests" name="[13] /home/travis/build/icyphy/ptII/ptolemy/domains/dt/kernel/test/auto/Sink1.xml (RunModel)" time="0.058" />
  <testcase classname="ptolemy.util.test.junit.AutoTests" name="[14] /home/travis/build/icyphy/ptII/ptolemy/domains/dt/kernel/test/auto/SourceSink1.xml (RunModel)" time="0.142" />
  <testcase classname="ptolemy.util.test.junit.AutoTests" name="[15] /home/travis/build/icyphy/ptII/ptolemy/domains/dt/kernel/test/auto/de_dt_1.xml (RunModel)" time="0.079" />
  <testcase classname="ptolemy.util.test.junit.AutoTests" name="[16] /home/travis/build/icyphy/ptII/ptolemy/domains/dt/kernel/test/auto/de_dt_2.xml (RunModel)" time="0.058" />
  <testcase classname="ptolemy.util.test.junit.AutoTests" name="[17] /home/travis/build/icyphy/ptII/ptolemy/domains/dt/kernel/test/auto/dt_dt_opaque1.xml (RunModel)" time="0.032" />
  <testcase classname="ptolemy.util.test.junit.AutoTests" name="[18] /home/travis/build/icyphy/ptII/ptolemy/domains/dt/kernel/test/auto/dt_dt_opaque2.xml (RunModel)" time="0.027" />
  <testcase classname="ptolemy.util.test.junit.AutoTests" name="[19] /home/travis/build/icyphy/ptII/ptolemy/domains/dt/kernel/test/auto/dt_dt_opaque3.xml (RunModel)" time="0.069" />
  <testcase classname="ptolemy.util.test.junit.AutoTests" name="[20] /home/travis/build/icyphy/ptII/ptolemy/domains/dt/kernel/test/auto/dt_dt_opaque4.xml (RunModel)" time="0.03" />
  <testcase classname="ptolemy.util.test.junit.AutoTests" name="[21] /home/travis/build/icyphy/ptII/ptolemy/domains/dt/kernel/test/auto/dt_dt_transparent1.xml (RunModel)" time="0.024" />
  <testcase classname="ptolemy.util.test.junit.AutoTests" name="[22] /home/travis/build/icyphy/ptII/ptolemy/domains/dt/kernel/test/auto/dt_dt_transparent2.xml (RunModel)" time="0.034" />
  <testcase classname="ptolemy.util.test.junit.AutoTests" name="[23] /home/travis/build/icyphy/ptII/ptolemy/domains/dt/kernel/test/auto/dt_dt_transparent3.xml (RunModel)" time="0.031" />
  <testcase classname="ptolemy.util.test.junit.AutoTests" name="[24] /home/travis/build/icyphy/ptII/ptolemy/domains/dt/kernel/test/auto/dt_sdf_1.xml (RunModel)" time="0.023" />
  <testcase classname="ptolemy.util.test.junit.AutoTests" name="[25] /home/travis/build/icyphy/ptII/ptolemy/domains/dt/kernel/test/auto/dt_sdf_2.xml (RunModel)" time="0.021" />
  <testcase classname="ptolemy.util.test.junit.AutoTests" name="[26] /home/travis/build/icyphy/ptII/ptolemy/domains/dt/kernel/test/auto/dt_sdf_3.xml (RunModel)" time="0.041" />
  <testcase classname="ptolemy.util.test.junit.AutoTests" name="[27] /home/travis/build/icyphy/ptII/ptolemy/domains/dt/kernel/test/auto/dt_sdf_dt.xml (RunModel)" time="0.044" />
  <testcase classname="ptolemy.util.test.junit.AutoTests" name="[28] /home/travis/build/icyphy/ptII/ptolemy/domains/dt/kernel/test/auto/fir_downsample.xml (RunModel)" time="0.02" />
  <testcase classname="ptolemy.util.test.junit.AutoTests" name="[29] /home/travis/build/icyphy/ptII/ptolemy/domains/dt/kernel/test/auto/fir_downsample2.xml (RunModel)" time="0.018" />
  <testcase classname="ptolemy.util.test.junit.AutoTests" name="[30] /home/travis/build/icyphy/ptII/ptolemy/domains/dt/kernel/test/auto/inside_period1.xml (RunModel)" time="0.033" />
  <testcase classname="ptolemy.util.test.junit.AutoTests" name="[31] /home/travis/build/icyphy/ptII/ptolemy/domains/dt/kernel/test/auto/inside_period2.xml (RunModel)" time="0.039" />
  <testcase classname="ptolemy.util.test.junit.AutoTests" name="[32] /home/travis/build/icyphy/ptII/ptolemy/domains/dt/kernel/test/auto/pam.xml (RunModel)" time="0.052" />
  <testcase classname="ptolemy.util.test.junit.AutoTests" name="[33] /home/travis/build/icyphy/ptII/ptolemy/domains/dt/kernel/test/auto/postfireFalse.xml (RunModel)" time="0.013" />
  <testcase classname="ptolemy.util.test.junit.AutoTests" name="[34] /home/travis/build/icyphy/ptII/ptolemy/domains/dt/kernel/test/auto/sdf_dt_1.xml (RunModel)" time="0.03" />
  <testcase classname="ptolemy.util.test.junit.AutoTests" name="[35] /home/travis/build/icyphy/ptII/ptolemy/domains/dt/kernel/test/auto/sdf_dt_2.xml (RunModel)" time="0.043" />
  <system-out><![CDATA[/home/travis/build/icyphy/ptII/ptolemy/domains/dt/kernel/test/DTDirector.tcl
testDefs.tcl: setting time out to 9000 seconds at Tue Jun 05 16:50:37 UTC 2018
/home/travis/build/icyphy/ptII/ptolemy/domains/dt/kernel/test/DTReceiver.tcl
06/05/18 04:50:37
Failed: 0  Total Tests: 5  ((Passed: 5, Newly Passed: 0)  Known Failed: 0) /home/travis/build/icyphy/ptII/ptolemy/domains/dt/kernel/test
----------------- testing (KnownFailure) /home/travis/build/icyphy/ptII/ptolemy/domains/dt/kernel/test/auto/knownFailedTests/DEInsideDT1.xml
11 ms. Memory: 116224K Free: 105390K (91%)
Known Failure: java.lang.reflect.InvocationTargetException
----------------- testing (KnownFailure) /home/travis/build/icyphy/ptII/ptolemy/domains/dt/kernel/test/auto/knownFailedTests/DTinsideCT1_.xml
Known Failure: java.lang.reflect.InvocationTargetException
----------------- testing (KnownFailure) /home/travis/build/icyphy/ptII/ptolemy/domains/dt/kernel/test/auto/knownFailedTests/Dag3.xml
11 ms. Memory: 116224K Free: 95100K (82%)
Known Failure: java.lang.reflect.InvocationTargetException
----------------- testing (KnownFailure) /home/travis/build/icyphy/ptII/ptolemy/domains/dt/kernel/test/auto/knownFailedTests/sdf_sdf_bug.xml
8 ms. Memory: 116224K Free: 88261K (76%)
Known Failure: java.lang.reflect.InvocationTargetException
No auto/linux-amd64/*.xml tests in /home/travis/build/icyphy/ptII/ptolemy/domains/dt/kernel/test
AutoTests.java: About to close Vertx.
AutoTests.java: Vertx closed.

===========================================================================================
----------------- testing Tue Jun 05 16:50:38 UTC 2018 /home/travis/build/icyphy/ptII/ptolemy/domains/dt/kernel/test/auto/Chain1.xml
----------------- Instantiating /home/travis/build/icyphy/ptII/ptolemy/domains/dt/kernel/test/auto/Chain1.xml
26 ms. Memory: 116224K Free: 85961K (74%)
----------------- Invoking toplevel() on ptolemy.moml.MoMLSimpleApplication@3eea046c
----------------- Done invoking toplevel() on ptolemy.moml.MoMLSimpleApplication@3eea046c
reloadAllAccessors: .Chain1

===========================================================================================
----------------- testing Tue Jun 05 16:50:38 UTC 2018 /home/travis/build/icyphy/ptII/ptolemy/domains/dt/kernel/test/auto/Chain2.xml
----------------- Instantiating /home/travis/build/icyphy/ptII/ptolemy/domains/dt/kernel/test/auto/Chain2.xml
6 ms. Memory: 116224K Free: 107030K (92%)
----------------- Invoking toplevel() on ptolemy.moml.MoMLSimpleApplication@18107c83
----------------- Done invoking toplevel() on ptolemy.moml.MoMLSimpleApplication@18107c83
reloadAllAccessors: .Chain2

===========================================================================================
----------------- testing Tue Jun 05 16:50:38 UTC 2018 /home/travis/build/icyphy/ptII/ptolemy/domains/dt/kernel/test/auto/Chain3.xml
----------------- Instantiating /home/travis/build/icyphy/ptII/ptolemy/domains/dt/kernel/test/auto/Chain3.xml
8 ms. Memory: 116224K Free: 94835K (82%)
----------------- Invoking toplevel() on ptolemy.moml.MoMLSimpleApplication@6c11cea8
----------------- Done invoking toplevel() on ptolemy.moml.MoMLSimpleApplication@6c11cea8
reloadAllAccessors: .Chain3

===========================================================================================
----------------- testing Tue Jun 05 16:50:38 UTC 2018 /home/travis/build/icyphy/ptII/ptolemy/domains/dt/kernel/test/auto/CurrentTimeSource.xml
----------------- Instantiating /home/travis/build/icyphy/ptII/ptolemy/domains/dt/kernel/test/auto/CurrentTimeSource.xml
2 ms. Memory: 116224K Free: 92666K (80%)
----------------- Invoking toplevel() on ptolemy.moml.MoMLSimpleApplication@49beaeda
----------------- Done invoking toplevel() on ptolemy.moml.MoMLSimpleApplication@49beaeda
reloadAllAccessors: .CurrentTimeSource

===========================================================================================
----------------- testing Tue Jun 05 16:50:38 UTC 2018 /home/travis/build/icyphy/ptII/ptolemy/domains/dt/kernel/test/auto/Dag1.xml
----------------- Instantiating /home/travis/build/icyphy/ptII/ptolemy/domains/dt/kernel/test/auto/Dag1.xml
12 ms. Memory: 116224K Free: 84679K (73%)
----------------- Invoking toplevel() on ptolemy.moml.MoMLSimpleApplication@5b764f58
----------------- Done invoking toplevel() on ptolemy.moml.MoMLSimpleApplication@5b764f58
reloadAllAccessors: .Dag1

===========================================================================================
----------------- testing Tue Jun 05 16:50:38 UTC 2018 /home/travis/build/icyphy/ptII/ptolemy/domains/dt/kernel/test/auto/Dag2.xml
----------------- Instantiating /home/travis/build/icyphy/ptII/ptolemy/domains/dt/kernel/test/auto/Dag2.xml
6 ms. Memory: 146944K Free: 132662K (90%)
----------------- Invoking toplevel() on ptolemy.moml.MoMLSimpleApplication@77d1f807
----------------- Done invoking toplevel() on ptolemy.moml.MoMLSimpleApplication@77d1f807
reloadAllAccessors: .Dag2

===========================================================================================
----------------- testing Tue Jun 05 16:50:38 UTC 2018 /home/travis/build/icyphy/ptII/ptolemy/domains/dt/kernel/test/auto/DagSingles1.xml
----------------- Instantiating /home/travis/build/icyphy/ptII/ptolemy/domains/dt/kernel/test/auto/DagSingles1.xml
7 ms. Memory: 146944K Free: 124397K (85%)
----------------- Invoking toplevel() on ptolemy.moml.MoMLSimpleApplication@1000e6e4
----------------- Done invoking toplevel() on ptolemy.moml.MoMLSimpleApplication@1000e6e4
reloadAllAccessors: .DagSingles1

===========================================================================================
----------------- testing Tue Jun 05 16:50:38 UTC 2018 /home/travis/build/icyphy/ptII/ptolemy/domains/dt/kernel/test/auto/Delay1.xml
----------------- Instantiating /home/travis/build/icyphy/ptII/ptolemy/domains/dt/kernel/test/auto/Delay1.xml
10 ms. Memory: 146944K Free: 120179K (82%)
----------------- Invoking toplevel() on ptolemy.moml.MoMLSimpleApplication@47fc3524
----------------- Done invoking toplevel() on ptolemy.moml.MoMLSimpleApplication@47fc3524
reloadAllAccessors: .Delay1

===========================================================================================
----------------- testing Tue Jun 05 16:50:38 UTC 2018 /home/travis/build/icyphy/ptII/ptolemy/domains/dt/kernel/test/auto/Delay2.xml
----------------- Instantiating /home/travis/build/icyphy/ptII/ptolemy/domains/dt/kernel/test/auto/Delay2.xml
9 ms. Memory: 146944K Free: 116067K (79%)
----------------- Invoking toplevel() on ptolemy.moml.MoMLSimpleApplication@5ceaa11a
----------------- Done invoking toplevel() on ptolemy.moml.MoMLSimpleApplication@5ceaa11a
reloadAllAccessors: .Delay2

===========================================================================================
----------------- testing Tue Jun 05 16:50:38 UTC 2018 /home/travis/build/icyphy/ptII/ptolemy/domains/dt/kernel/test/auto/InvDag1.xml
----------------- Instantiating /home/travis/build/icyphy/ptII/ptolemy/domains/dt/kernel/test/auto/InvDag1.xml
5 ms. Memory: 146944K Free: 109713K (75%)
----------------- Invoking toplevel() on ptolemy.moml.MoMLSimpleApplication@11f19f66
----------------- Done invoking toplevel() on ptolemy.moml.MoMLSimpleApplication@11f19f66
reloadAllAccessors: .InvDag1

===========================================================================================
----------------- testing Tue Jun 05 16:50:38 UTC 2018 /home/travis/build/icyphy/ptII/ptolemy/domains/dt/kernel/test/auto/MultiPort1.xml
----------------- Instantiating /home/travis/build/icyphy/ptII/ptolemy/domains/dt/kernel/test/auto/MultiPort1.xml
7 ms. Memory: 146944K Free: 102302K (70%)
----------------- Invoking toplevel() on ptolemy.moml.MoMLSimpleApplication@5b8f92f6
----------------- Done invoking toplevel() on ptolemy.moml.MoMLSimpleApplication@5b8f92f6
reloadAllAccessors: .MultiPort1

===========================================================================================
----------------- testing Tue Jun 05 16:50:38 UTC 2018 /home/travis/build/icyphy/ptII/ptolemy/domains/dt/kernel/test/auto/MultiPort2.xml
----------------- Instantiating /home/travis/build/icyphy/ptII/ptolemy/domains/dt/kernel/test/auto/MultiPort2.xml
13 ms. Memory: 146944K Free: 91555K (62%)
----------------- Invoking toplevel() on ptolemy.moml.MoMLSimpleApplication@7dad37ce
----------------- Done invoking toplevel() on ptolemy.moml.MoMLSimpleApplication@7dad37ce
reloadAllAccessors: .MultiPort2

===========================================================================================
----------------- testing Tue Jun 05 16:50:38 UTC 2018 /home/travis/build/icyphy/ptII/ptolemy/domains/dt/kernel/test/auto/Round.xml
----------------- Instantiating /home/travis/build/icyphy/ptII/ptolemy/domains/dt/kernel/test/auto/Round.xml
16 ms. Memory: 146944K Free: 87772K (60%)
----------------- Invoking toplevel() on ptolemy.moml.MoMLSimpleApplication@e95bcd7
----------------- Done invoking toplevel() on ptolemy.moml.MoMLSimpleApplication@e95bcd7
reloadAllAccessors: .Round

===========================================================================================
----------------- testing Tue Jun 05 16:50:38 UTC 2018 /home/travis/build/icyphy/ptII/ptolemy/domains/dt/kernel/test/auto/Sink1.xml
----------------- Instantiating /home/travis/build/icyphy/ptII/ptolemy/domains/dt/kernel/test/auto/Sink1.xml
17 ms. Memory: 146944K Free: 141358K (96%)
----------------- Invoking toplevel() on ptolemy.moml.MoMLSimpleApplication@7f26e9da
----------------- Done invoking toplevel() on ptolemy.moml.MoMLSimpleApplication@7f26e9da
reloadAllAccessors: .Sink1

===========================================================================================
----------------- testing Tue Jun 05 16:50:38 UTC 2018 /home/travis/build/icyphy/ptII/ptolemy/domains/dt/kernel/test/auto/SourceSink1.xml
----------------- Instantiating /home/travis/build/icyphy/ptII/ptolemy/domains/dt/kernel/test/auto/SourceSink1.xml
53 ms. Memory: 146944K Free: 116125K (79%)
----------------- Invoking toplevel() on ptolemy.moml.MoMLSimpleApplication@6129f979
----------------- Done invoking toplevel() on ptolemy.moml.MoMLSimpleApplication@6129f979
reloadAllAccessors: .SourceSink1

===========================================================================================
----------------- testing Tue Jun 05 16:50:38 UTC 2018 /home/travis/build/icyphy/ptII/ptolemy/domains/dt/kernel/test/auto/de_dt_1.xml
----------------- Instantiating /home/travis/build/icyphy/ptII/ptolemy/domains/dt/kernel/test/auto/de_dt_1.xml
47 ms. Memory: 146944K Free: 108725K (74%)
----------------- Invoking toplevel() on ptolemy.moml.MoMLSimpleApplication@283406e1
----------------- Done invoking toplevel() on ptolemy.moml.MoMLSimpleApplication@283406e1
reloadAllAccessors: .de_dt_1

===========================================================================================
----------------- testing Tue Jun 05 16:50:38 UTC 2018 /home/travis/build/icyphy/ptII/ptolemy/domains/dt/kernel/test/auto/de_dt_2.xml
----------------- Instantiating /home/travis/build/icyphy/ptII/ptolemy/domains/dt/kernel/test/auto/de_dt_2.xml
34 ms. Memory: 146944K Free: 101693K (69%)
----------------- Invoking toplevel() on ptolemy.moml.MoMLSimpleApplication@25e07e17
----------------- Done invoking toplevel() on ptolemy.moml.MoMLSimpleApplication@25e07e17
reloadAllAccessors: .de_dt_2

===========================================================================================
----------------- testing Tue Jun 05 16:50:39 UTC 2018 /home/travis/build/icyphy/ptII/ptolemy/domains/dt/kernel/test/auto/dt_dt_opaque1.xml
----------------- Instantiating /home/travis/build/icyphy/ptII/ptolemy/domains/dt/kernel/test/auto/dt_dt_opaque1.xml
9 ms. Memory: 146944K Free: 95377K (65%)
----------------- Invoking toplevel() on ptolemy.moml.MoMLSimpleApplication@239b73ae
----------------- Done invoking toplevel() on ptolemy.moml.MoMLSimpleApplication@239b73ae
reloadAllAccessors: .dt_dt_opaque1

===========================================================================================
----------------- testing Tue Jun 05 16:50:39 UTC 2018 /home/travis/build/icyphy/ptII/ptolemy/domains/dt/kernel/test/auto/dt_dt_opaque2.xml
----------------- Instantiating /home/travis/build/icyphy/ptII/ptolemy/domains/dt/kernel/test/auto/dt_dt_opaque2.xml
7 ms. Memory: 146944K Free: 88067K (60%)
----------------- Invoking toplevel() on ptolemy.moml.MoMLSimpleApplication@76c5fe91
----------------- Done invoking toplevel() on ptolemy.moml.MoMLSimpleApplication@76c5fe91
reloadAllAccessors: .dt_dt_opaque2

===========================================================================================
----------------- testing Tue Jun 05 16:50:39 UTC 2018 /home/travis/build/icyphy/ptII/ptolemy/domains/dt/kernel/test/auto/dt_dt_opaque3.xml
----------------- Instantiating /home/travis/build/icyphy/ptII/ptolemy/domains/dt/kernel/test/auto/dt_dt_opaque3.xml
14 ms. Memory: 209408K Free: 202085K (97%)
----------------- Invoking toplevel() on ptolemy.moml.MoMLSimpleApplication@2998b49c
----------------- Done invoking toplevel() on ptolemy.moml.MoMLSimpleApplication@2998b49c
reloadAllAccessors: .dt_dt_opaque3

===========================================================================================
----------------- testing Tue Jun 05 16:50:39 UTC 2018 /home/travis/build/icyphy/ptII/ptolemy/domains/dt/kernel/test/auto/dt_dt_opaque4.xml
----------------- Instantiating /home/travis/build/icyphy/ptII/ptolemy/domains/dt/kernel/test/auto/dt_dt_opaque4.xml
5 ms. Memory: 209408K Free: 191777K (92%)
----------------- Invoking toplevel() on ptolemy.moml.MoMLSimpleApplication@7de03b0d
----------------- Done invoking toplevel() on ptolemy.moml.MoMLSimpleApplication@7de03b0d
reloadAllAccessors: .dt_dt_opaque4

===========================================================================================
----------------- testing Tue Jun 05 16:50:39 UTC 2018 /home/travis/build/icyphy/ptII/ptolemy/domains/dt/kernel/test/auto/dt_dt_transparent1.xml
----------------- Instantiating /home/travis/build/icyphy/ptII/ptolemy/domains/dt/kernel/test/auto/dt_dt_transparent1.xml
4 ms. Memory: 209408K Free: 186861K (89%)
----------------- Invoking toplevel() on ptolemy.moml.MoMLSimpleApplication@23664cba
----------------- Done invoking toplevel() on ptolemy.moml.MoMLSimpleApplication@23664cba
reloadAllAccessors: .dt_dt_transparent1

===========================================================================================
----------------- testing Tue Jun 05 16:50:39 UTC 2018 /home/travis/build/icyphy/ptII/ptolemy/domains/dt/kernel/test/auto/dt_dt_transparent2.xml
----------------- Instantiating /home/travis/build/icyphy/ptII/ptolemy/domains/dt/kernel/test/auto/dt_dt_transparent2.xml
9 ms. Memory: 209408K Free: 179027K (85%)
----------------- Invoking toplevel() on ptolemy.moml.MoMLSimpleApplication@354bcc
----------------- Done invoking toplevel() on ptolemy.moml.MoMLSimpleApplication@354bcc
reloadAllAccessors: .dt_dt_transparent2

===========================================================================================
----------------- testing Tue Jun 05 16:50:39 UTC 2018 /home/travis/build/icyphy/ptII/ptolemy/domains/dt/kernel/test/auto/dt_dt_transparent3.xml
----------------- Instantiating /home/travis/build/icyphy/ptII/ptolemy/domains/dt/kernel/test/auto/dt_dt_transparent3.xml
6 ms. Memory: 209408K Free: 171654K (82%)
----------------- Invoking toplevel() on ptolemy.moml.MoMLSimpleApplication@4cdc0d1
----------------- Done invoking toplevel() on ptolemy.moml.MoMLSimpleApplication@4cdc0d1
reloadAllAccessors: .dt_dt_transparent3

===========================================================================================
----------------- testing Tue Jun 05 16:50:39 UTC 2018 /home/travis/build/icyphy/ptII/ptolemy/domains/dt/kernel/test/auto/dt_sdf_1.xml
----------------- Instantiating /home/travis/build/icyphy/ptII/ptolemy/domains/dt/kernel/test/auto/dt_sdf_1.xml
5 ms. Memory: 209408K Free: 164639K (79%)
----------------- Invoking toplevel() on ptolemy.moml.MoMLSimpleApplication@42e28532
----------------- Done invoking toplevel() on ptolemy.moml.MoMLSimpleApplication@42e28532
reloadAllAccessors: .dt_sdf_1

===========================================================================================
----------------- testing Tue Jun 05 16:50:39 UTC 2018 /home/travis/build/icyphy/ptII/ptolemy/domains/dt/kernel/test/auto/dt_sdf_2.xml
----------------- Instantiating /home/travis/build/icyphy/ptII/ptolemy/domains/dt/kernel/test/auto/dt_sdf_2.xml
4 ms. Memory: 209408K Free: 157234K (75%)
----------------- Invoking toplevel() on ptolemy.moml.MoMLSimpleApplication@55db9c74
----------------- Done invoking toplevel() on ptolemy.moml.MoMLSimpleApplication@55db9c74
reloadAllAccessors: .dt_sdf_2

===========================================================================================
----------------- testing Tue Jun 05 16:50:39 UTC 2018 /home/travis/build/icyphy/ptII/ptolemy/domains/dt/kernel/test/auto/dt_sdf_3.xml
----------------- Instantiating /home/travis/build/icyphy/ptII/ptolemy/domains/dt/kernel/test/auto/dt_sdf_3.xml
16 ms. Memory: 209408K Free: 146926K (70%)
----------------- Invoking toplevel() on ptolemy.moml.MoMLSimpleApplication@698abf50
----------------- Done invoking toplevel() on ptolemy.moml.MoMLSimpleApplication@698abf50
reloadAllAccessors: .dt_sdf_3

===========================================================================================
----------------- testing Tue Jun 05 16:50:39 UTC 2018 /home/travis/build/icyphy/ptII/ptolemy/domains/dt/kernel/test/auto/dt_sdf_dt.xml
----------------- Instantiating /home/travis/build/icyphy/ptII/ptolemy/domains/dt/kernel/test/auto/dt_sdf_dt.xml
15 ms. Memory: 209408K Free: 132163K (63%)
----------------- Invoking toplevel() on ptolemy.moml.MoMLSimpleApplication@6bb3b604
----------------- Done invoking toplevel() on ptolemy.moml.MoMLSimpleApplication@6bb3b604
reloadAllAccessors: .dt_sdf_dt

===========================================================================================
----------------- testing Tue Jun 05 16:50:39 UTC 2018 /home/travis/build/icyphy/ptII/ptolemy/domains/dt/kernel/test/auto/fir_downsample.xml
----------------- Instantiating /home/travis/build/icyphy/ptII/ptolemy/domains/dt/kernel/test/auto/fir_downsample.xml
5 ms. Memory: 209408K Free: 127574K (61%)
----------------- Invoking toplevel() on ptolemy.moml.MoMLSimpleApplication@3b4ce24
----------------- Done invoking toplevel() on ptolemy.moml.MoMLSimpleApplication@3b4ce24
reloadAllAccessors: .fir_downsample

===========================================================================================
----------------- testing Tue Jun 05 16:50:39 UTC 2018 /home/travis/build/icyphy/ptII/ptolemy/domains/dt/kernel/test/auto/fir_downsample2.xml
----------------- Instantiating /home/travis/build/icyphy/ptII/ptolemy/domains/dt/kernel/test/auto/fir_downsample2.xml
4 ms. Memory: 209408K Free: 122658K (59%)
----------------- Invoking toplevel() on ptolemy.moml.MoMLSimpleApplication@4f209e92
----------------- Done invoking toplevel() on ptolemy.moml.MoMLSimpleApplication@4f209e92
reloadAllAccessors: .fir_downsample2

===========================================================================================
----------------- testing Tue Jun 05 16:50:39 UTC 2018 /home/travis/build/icyphy/ptII/ptolemy/domains/dt/kernel/test/auto/inside_period1.xml
----------------- Instantiating /home/travis/build/icyphy/ptII/ptolemy/domains/dt/kernel/test/auto/inside_period1.xml
10 ms. Memory: 209408K Free: 112343K (54%)
----------------- Invoking toplevel() on ptolemy.moml.MoMLSimpleApplication@433a5d09
----------------- Done invoking toplevel() on ptolemy.moml.MoMLSimpleApplication@433a5d09
reloadAllAccessors: .inside_period1

===========================================================================================
----------------- testing Tue Jun 05 16:50:39 UTC 2018 /home/travis/build/icyphy/ptII/ptolemy/domains/dt/kernel/test/auto/inside_period2.xml
----------------- Instantiating /home/travis/build/icyphy/ptII/ptolemy/domains/dt/kernel/test/auto/inside_period2.xml
6 ms. Memory: 209408K Free: 103331K (49%)
----------------- Invoking toplevel() on ptolemy.moml.MoMLSimpleApplication@2da5c4f1
----------------- Done invoking toplevel() on ptolemy.moml.MoMLSimpleApplication@2da5c4f1
reloadAllAccessors: .inside_period2

===========================================================================================
----------------- testing Tue Jun 05 16:50:39 UTC 2018 /home/travis/build/icyphy/ptII/ptolemy/domains/dt/kernel/test/auto/pam.xml
----------------- Instantiating /home/travis/build/icyphy/ptII/ptolemy/domains/dt/kernel/test/auto/pam.xml
19 ms. Memory: 209408K Free: 93794K (45%)
----------------- Invoking toplevel() on ptolemy.moml.MoMLSimpleApplication@48b4524f
----------------- Done invoking toplevel() on ptolemy.moml.MoMLSimpleApplication@48b4524f
reloadAllAccessors: .pam

===========================================================================================
----------------- testing Tue Jun 05 16:50:39 UTC 2018 /home/travis/build/icyphy/ptII/ptolemy/domains/dt/kernel/test/auto/postfireFalse.xml
----------------- Instantiating /home/travis/build/icyphy/ptII/ptolemy/domains/dt/kernel/test/auto/postfireFalse.xml
4 ms. Memory: 209408K Free: 89698K (43%)
----------------- Invoking toplevel() on ptolemy.moml.MoMLSimpleApplication@38c847e7
----------------- Done invoking toplevel() on ptolemy.moml.MoMLSimpleApplication@38c847e7
reloadAllAccessors: .postfireFalse

===========================================================================================
----------------- testing Tue Jun 05 16:50:39 UTC 2018 /home/travis/build/icyphy/ptII/ptolemy/domains/dt/kernel/test/auto/sdf_dt_1.xml
----------------- Instantiating /home/travis/build/icyphy/ptII/ptolemy/domains/dt/kernel/test/auto/sdf_dt_1.xml
10 ms. Memory: 209408K Free: 81848K (39%)
----------------- Invoking toplevel() on ptolemy.moml.MoMLSimpleApplication@393e6408
----------------- Done invoking toplevel() on ptolemy.moml.MoMLSimpleApplication@393e6408
reloadAllAccessors: .sdf_dt_1

===========================================================================================
----------------- testing Tue Jun 05 16:50:39 UTC 2018 /home/travis/build/icyphy/ptII/ptolemy/domains/dt/kernel/test/auto/sdf_dt_2.xml
----------------- Instantiating /home/travis/build/icyphy/ptII/ptolemy/domains/dt/kernel/test/auto/sdf_dt_2.xml
10 ms. Memory: 209408K Free: 196331K (94%)
----------------- Invoking toplevel() on ptolemy.moml.MoMLSimpleApplication@51297067
----------------- Done invoking toplevel() on ptolemy.moml.MoMLSimpleApplication@51297067
reloadAllAccessors: .sdf_dt_2
AutoTests.java: About to close Vertx.
AutoTests.java: Vertx closed.
]]></system-out>
  <system-err><![CDATA[java.lang.RuntimeException: Execution failed
	at ptolemy.moml.MoMLSimpleApplication$UnloadThread.run(MoMLSimpleApplication.java:402)
Caused by: ptolemy.kernel.util.IllegalActionException: Timing incompatibility error: DT0 is unable to fire DE_model at the requested time: 1.0. It responds it will fire it at: 10.0.
  in .deInsideDT.DE_model.DE0
	at ptolemy.actor.Director.fireContainerAt(Director.java:558)
	at ptolemy.domains.de.kernel.DEDirector._requestFiring(DEDirector.java:2707)
	at ptolemy.domains.de.kernel.DEDirector.postfire(DEDirector.java:1077)
	at ptolemy.actor.CompositeActor.postfire(CompositeActor.java:1668)
	at ptolemy.actor.CompositeActor.iterate(CompositeActor.java:1153)
	at ptolemy.actor.sched.StaticSchedulingDirector.fire(StaticSchedulingDirector.java:216)
	at ptolemy.domains.sdf.kernel.SDFDirector.fire(SDFDirector.java:500)
	at ptolemy.domains.dt.kernel.DTDirector.fire(DTDirector.java:347)
	at ptolemy.actor.CompositeActor.fire(CompositeActor.java:455)
	at ptolemy.actor.Manager.iterate(Manager.java:851)
	at ptolemy.actor.Manager.execute(Manager.java:369)
	at ptolemy.actor.Manager.run(Manager.java:1263)
	at ptolemy.actor.Manager$PtolemyRunThread.run(Manager.java:1915)
java.lang.reflect.InvocationTargetException
	at sun.reflect.NativeConstructorAccessorImpl.newInstance0(Native Method)
	at sun.reflect.NativeConstructorAccessorImpl.newInstance(NativeConstructorAccessorImpl.java:62)
	at sun.reflect.DelegatingConstructorAccessorImpl.newInstance(DelegatingConstructorAccessorImpl.java:45)
	at java.lang.reflect.Constructor.newInstance(Constructor.java:423)
	at ptolemy.util.test.junit.AutoKnownFailedTests.RunModel(AutoKnownFailedTests.java:107)
	at sun.reflect.NativeMethodAccessorImpl.invoke0(Native Method)
	at sun.reflect.NativeMethodAccessorImpl.invoke(NativeMethodAccessorImpl.java:62)
	at sun.reflect.DelegatingMethodAccessorImpl.invoke(DelegatingMethodAccessorImpl.java:43)
	at java.lang.reflect.Method.invoke(Method.java:498)
	at org.junit.runners.model.FrameworkMethod$1.runReflectiveCall(FrameworkMethod.java:44)
	at org.junit.internal.runners.model.ReflectiveCallable.run(ReflectiveCallable.java:15)
	at org.junit.runners.model.FrameworkMethod.invokeExplosively(FrameworkMethod.java:41)
	at junitparams.internal.InvokeParameterisedMethod.evaluate(InvokeParameterisedMethod.java:102)
	at org.junit.internal.runners.statements.FailOnTimeout$1.run(FailOnTimeout.java:28)
Caused by: ptolemy.kernel.util.IllegalActionException: Timing incompatibility error: DT0 is unable to fire DE_model at the requested time: 1.0. It responds it will fire it at: 10.0.
  in .deInsideDT.DE_model.DE0
	at ptolemy.actor.Director.fireContainerAt(Director.java:558)
	at ptolemy.domains.de.kernel.DEDirector._requestFiring(DEDirector.java:2707)
	at ptolemy.domains.de.kernel.DEDirector.postfire(DEDirector.java:1077)
	at ptolemy.actor.CompositeActor.postfire(CompositeActor.java:1668)
	at ptolemy.actor.CompositeActor.iterate(CompositeActor.java:1153)
	at ptolemy.actor.sched.StaticSchedulingDirector.fire(StaticSchedulingDirector.java:216)
	at ptolemy.domains.sdf.kernel.SDFDirector.fire(SDFDirector.java:500)
	at ptolemy.domains.dt.kernel.DTDirector.fire(DTDirector.java:347)
	at ptolemy.actor.CompositeActor.fire(CompositeActor.java:455)
	at ptolemy.actor.Manager.iterate(Manager.java:851)
	at ptolemy.actor.Manager.execute(Manager.java:369)
	at ptolemy.actor.Manager.run(Manager.java:1263)
	at ptolemy.actor.Manager$PtolemyRunThread.run(Manager.java:1915)
java.lang.reflect.InvocationTargetException
	at sun.reflect.NativeConstructorAccessorImpl.newInstance0(Native Method)
	at sun.reflect.NativeConstructorAccessorImpl.newInstance(NativeConstructorAccessorImpl.java:62)
	at sun.reflect.DelegatingConstructorAccessorImpl.newInstance(DelegatingConstructorAccessorImpl.java:45)
	at java.lang.reflect.Constructor.newInstance(Constructor.java:423)
	at ptolemy.util.test.junit.AutoKnownFailedTests.RunModel(AutoKnownFailedTests.java:107)
	at sun.reflect.NativeMethodAccessorImpl.invoke0(Native Method)
	at sun.reflect.NativeMethodAccessorImpl.invoke(NativeMethodAccessorImpl.java:62)
	at sun.reflect.DelegatingMethodAccessorImpl.invoke(DelegatingMethodAccessorImpl.java:43)
	at java.lang.reflect.Method.invoke(Method.java:498)
	at org.junit.runners.model.FrameworkMethod$1.runReflectiveCall(FrameworkMethod.java:44)
	at org.junit.internal.runners.model.ReflectiveCallable.run(ReflectiveCallable.java:15)
	at org.junit.runners.model.FrameworkMethod.invokeExplosively(FrameworkMethod.java:41)
	at junitparams.internal.InvokeParameterisedMethod.evaluate(InvokeParameterisedMethod.java:102)
	at org.junit.internal.runners.statements.FailOnTimeout$1.run(FailOnTimeout.java:28)
Caused by: com.microstar.xml.XmlException: Failed to find class 'ptolemy.domains.ct.kernel.CTScheduler' in file:/home/travis/build/icyphy/ptII/ptolemy/domains/dt/kernel/test/auto/knownFailedTests/DTinsideCT1_.xml at line 40 and column 71
Caused by:
 java.lang.ClassNotFoundException: ptolemy.domains.ct.kernel.CTScheduler
	at ptolemy.moml.MoMLParser._handlePropertyElement(MoMLParser.java:5911)
	at ptolemy.moml.MoMLParser.startElement(MoMLParser.java:3309)
	at com.microstar.xml.XmlParser.parseElement(XmlParser.java:921)
	at com.microstar.xml.XmlParser.parseContent(XmlParser.java:1104)
	at com.microstar.xml.XmlParser.parseElement(XmlParser.java:924)
	at com.microstar.xml.XmlParser.parseContent(XmlParser.java:1104)
	at com.microstar.xml.XmlParser.parseElement(XmlParser.java:924)
	at com.microstar.xml.XmlParser.parseDocument(XmlParser.java:481)
	at com.microstar.xml.XmlParser.doParse(XmlParser.java:159)
	at com.microstar.xml.XmlParser.parse(XmlParser.java:132)
	at ptolemy.moml.MoMLParser.parse(MoMLParser.java:1660)
	at ptolemy.moml.MoMLParser.parse(MoMLParser.java:1595)
	at ptolemy.moml.MoMLParser.parse(MoMLParser.java:1537)
	at ptolemy.moml.MoMLSimpleApplication.<init>(MoMLSimpleApplication.java:123)
	... 14 more
Caused by: java.lang.ClassNotFoundException: ptolemy.domains.ct.kernel.CTScheduler
	at java.net.URLClassLoader.findClass(URLClassLoader.java:381)
	at java.lang.ClassLoader.loadClass(ClassLoader.java:424)
	at sun.misc.Launcher$AppClassLoader.loadClass(Launcher.java:335)
	at java.lang.ClassLoader.loadClass(ClassLoader.java:357)
	at ptolemy.moml.MoMLParser._loadClass(MoMLParser.java:6402)
	at ptolemy.moml.MoMLParser._handlePropertyElement(MoMLParser.java:5906)
	... 27 more
java.lang.RuntimeException: Execution failed
	at ptolemy.moml.MoMLSimpleApplication$UnloadThread.run(MoMLSimpleApplication.java:402)
Caused by: ptolemy.kernel.util.IllegalActionException: Test fails in iteration 1.
Value was: 0.5555555556. Should have been: 11.1111111
  in .Dag3.Test18
	at ptolemy.actor.lib.Test.fire(Test.java:268)
	at ptolemy.actor.AtomicActor.iterate(AtomicActor.java:512)
	at ptolemy.actor.sched.StaticSchedulingDirector.fire(StaticSchedulingDirector.java:216)
	at ptolemy.domains.sdf.kernel.SDFDirector.fire(SDFDirector.java:500)
	at ptolemy.domains.dt.kernel.DTDirector.fire(DTDirector.java:347)
	at ptolemy.actor.CompositeActor.fire(CompositeActor.java:455)
	at ptolemy.actor.Manager.iterate(Manager.java:851)
	at ptolemy.actor.Manager.execute(Manager.java:369)
	at ptolemy.actor.Manager.run(Manager.java:1263)
	at ptolemy.actor.Manager$PtolemyRunThread.run(Manager.java:1915)
java.lang.reflect.InvocationTargetException
	at sun.reflect.NativeConstructorAccessorImpl.newInstance0(Native Method)
	at sun.reflect.NativeConstructorAccessorImpl.newInstance(NativeConstructorAccessorImpl.java:62)
	at sun.reflect.DelegatingConstructorAccessorImpl.newInstance(DelegatingConstructorAccessorImpl.java:45)
	at java.lang.reflect.Constructor.newInstance(Constructor.java:423)
	at ptolemy.util.test.junit.AutoKnownFailedTests.RunModel(AutoKnownFailedTests.java:107)
	at sun.reflect.NativeMethodAccessorImpl.invoke0(Native Method)
	at sun.reflect.NativeMethodAccessorImpl.invoke(NativeMethodAccessorImpl.java:62)
	at sun.reflect.DelegatingMethodAccessorImpl.invoke(DelegatingMethodAccessorImpl.java:43)
	at java.lang.reflect.Method.invoke(Method.java:498)
	at org.junit.runners.model.FrameworkMethod$1.runReflectiveCall(FrameworkMethod.java:44)
	at org.junit.internal.runners.model.ReflectiveCallable.run(ReflectiveCallable.java:15)
	at org.junit.runners.model.FrameworkMethod.invokeExplosively(FrameworkMethod.java:41)
	at junitparams.internal.InvokeParameterisedMethod.evaluate(InvokeParameterisedMethod.java:102)
	at org.junit.internal.runners.statements.FailOnTimeout$1.run(FailOnTimeout.java:28)
Caused by: ptolemy.kernel.util.IllegalActionException: Test fails in iteration 1.
Value was: 0.5555555556. Should have been: 11.1111111
  in .Dag3.Test18
	at ptolemy.actor.lib.Test.fire(Test.java:268)
	at ptolemy.actor.AtomicActor.iterate(AtomicActor.java:512)
	at ptolemy.actor.sched.StaticSchedulingDirector.fire(StaticSchedulingDirector.java:216)
	at ptolemy.domains.sdf.kernel.SDFDirector.fire(SDFDirector.java:500)
	at ptolemy.domains.dt.kernel.DTDirector.fire(DTDirector.java:347)
	at ptolemy.actor.CompositeActor.fire(CompositeActor.java:455)
	at ptolemy.actor.Manager.iterate(Manager.java:851)
	at ptolemy.actor.Manager.execute(Manager.java:369)
	at ptolemy.actor.Manager.run(Manager.java:1263)
	at ptolemy.actor.Manager$PtolemyRunThread.run(Manager.java:1915)
java.lang.RuntimeException: Execution failed
	at ptolemy.moml.MoMLSimpleApplication$UnloadThread.run(MoMLSimpleApplication.java:402)
Caused by: ptolemy.kernel.util.IllegalActionException: Test fails in iteration 0.
Value was: 0.0. Should have been: true
  in .sdf_sdf.typed composite actor3.Test1
	at ptolemy.actor.lib.Test.fire(Test.java:268)
	at ptolemy.actor.AtomicActor.iterate(AtomicActor.java:512)
	at ptolemy.actor.sched.StaticSchedulingDirector.fire(StaticSchedulingDirector.java:216)
	at ptolemy.domains.sdf.kernel.SDFDirector.fire(SDFDirector.java:500)
	at ptolemy.actor.CompositeActor.fire(CompositeActor.java:455)
	at ptolemy.actor.CompositeActor.iterate(CompositeActor.java:1146)
	at ptolemy.actor.sched.StaticSchedulingDirector.fire(StaticSchedulingDirector.java:216)
	at ptolemy.domains.sdf.kernel.SDFDirector.fire(SDFDirector.java:500)
	at ptolemy.actor.CompositeActor.fire(CompositeActor.java:455)
	at ptolemy.actor.Manager.iterate(Manager.java:851)
	at ptolemy.actor.Manager.execute(Manager.java:369)
	at ptolemy.actor.Manager.run(Manager.java:1263)
	at ptolemy.actor.Manager$PtolemyRunThread.run(Manager.java:1915)
java.lang.reflect.InvocationTargetException
	at sun.reflect.NativeConstructorAccessorImpl.newInstance0(Native Method)
	at sun.reflect.NativeConstructorAccessorImpl.newInstance(NativeConstructorAccessorImpl.java:62)
	at sun.reflect.DelegatingConstructorAccessorImpl.newInstance(DelegatingConstructorAccessorImpl.java:45)
	at java.lang.reflect.Constructor.newInstance(Constructor.java:423)
	at ptolemy.util.test.junit.AutoKnownFailedTests.RunModel(AutoKnownFailedTests.java:107)
	at sun.reflect.NativeMethodAccessorImpl.invoke0(Native Method)
	at sun.reflect.NativeMethodAccessorImpl.invoke(NativeMethodAccessorImpl.java:62)
	at sun.reflect.DelegatingMethodAccessorImpl.invoke(DelegatingMethodAccessorImpl.java:43)
	at java.lang.reflect.Method.invoke(Method.java:498)
	at org.junit.runners.model.FrameworkMethod$1.runReflectiveCall(FrameworkMethod.java:44)
	at org.junit.internal.runners.model.ReflectiveCallable.run(ReflectiveCallable.java:15)
	at org.junit.runners.model.FrameworkMethod.invokeExplosively(FrameworkMethod.java:41)
	at junitparams.internal.InvokeParameterisedMethod.evaluate(InvokeParameterisedMethod.java:102)
	at org.junit.internal.runners.statements.FailOnTimeout$1.run(FailOnTimeout.java:28)
Caused by: ptolemy.kernel.util.IllegalActionException: Test fails in iteration 0.
Value was: 0.0. Should have been: true
  in .sdf_sdf.typed composite actor3.Test1
	at ptolemy.actor.lib.Test.fire(Test.java:268)
	at ptolemy.actor.AtomicActor.iterate(AtomicActor.java:512)
	at ptolemy.actor.sched.StaticSchedulingDirector.fire(StaticSchedulingDirector.java:216)
	at ptolemy.domains.sdf.kernel.SDFDirector.fire(SDFDirector.java:500)
	at ptolemy.actor.CompositeActor.fire(CompositeActor.java:455)
	at ptolemy.actor.CompositeActor.iterate(CompositeActor.java:1146)
	at ptolemy.actor.sched.StaticSchedulingDirector.fire(StaticSchedulingDirector.java:216)
	at ptolemy.domains.sdf.kernel.SDFDirector.fire(SDFDirector.java:500)
	at ptolemy.actor.CompositeActor.fire(CompositeActor.java:455)
	at ptolemy.actor.Manager.iterate(Manager.java:851)
	at ptolemy.actor.Manager.execute(Manager.java:369)
	at ptolemy.actor.Manager.run(Manager.java:1263)
	at ptolemy.actor.Manager$PtolemyRunThread.run(Manager.java:1915)
]]></system-err>
</testsuite>
